latexml (LaTeXML version 0.8.6) processing 2003/0301147.tex
(Digesting TeX 0301147...
(Loading /usr/share/perl5/LaTeXML/Package/TeX.pool.ltxml...
(Loading /usr/share/perl5/LaTeXML/Package/eTeX.pool.ltxml... 0.00 sec)
(Loading /usr/share/perl5/LaTeXML/Package/pdfTeX.pool.ltxml... 0.01 sec) 0.12 sec)
(Processing content /home/user/latex-in-arxiv/2003/0301147.tex...
(Loading /usr/share/perl5/LaTeXML/Package/LaTeX.pool.ltxml...
(Loading /usr/share/perl5/LaTeXML/Package/textcomp.sty.ltxml...
(Processing definitions /usr/share/texlive/texmf-dist/tex/latex-dev/base/ts1enc.dfu... 0.02 sec) 0.89 sec) 1.07 sec)
(Loading /usr/share/perl5/LaTeXML/Package/article.cls.ltxml... 0.01 sec)
(Loading /usr/share/perl5/LaTeXML/Package/amsmath.sty.ltxml...
(Loading /usr/share/perl5/LaTeXML/Package/amsbsy.sty.ltxml...
(Loading /usr/share/perl5/LaTeXML/Package/amsgen.sty.ltxml... 0.00 sec) 0.01 sec)
(Loading /usr/share/perl5/LaTeXML/Package/amstext.sty.ltxml... 0.00 sec)
(Loading /usr/share/perl5/LaTeXML/Package/amsopn.sty.ltxml... 0.01 sec) 0.04 sec)
(Loading /usr/share/perl5/LaTeXML/Package/amssymb.sty.ltxml...
(Loading /usr/share/perl5/LaTeXML/Package/amsfonts.sty.ltxml... 0.00 sec) 0.02 sec) 6.14 sec) 6.28 sec)
(Building...
(Loading compiled schema /usr/share/perl5/LaTeXML/resources/RelaxNG/LaTeXML.model... 0.01 sec) 5.26 sec)
(Rewriting... 0.16 sec)
(Math Parsing 680 formulae ......
Warning:not_parsed:OPEN.UNKNOWN> MathParser failed to match rule 'Subscript'
	at 0301147.tex; line 214 col 29 - line 214 col 29
	In "$G_{IJKL}=24\partial_{[I}C_{JKL]}$"
	[[[OPEN]] I[[UNKNOWN]]
	        > 
Warning:not_parsed:UNKNOWN.UNKNOWN.UNKNOWN>CLOSE MathParser failed to match rule 'Subscript'
	at 0301147.tex; line 214 col 38 - line 214 col 38
	J[[UNKNOWN]] K[[UNKNOWN]] L[[UNKNOWN]]
	        > ][[CLOSE]]
Warning:not_parsed:ATOM.CLOSE.POSTSUPERSCRIPT>OPEN MathParser failed to match rule 'Anything'
	at 0301147.tex; line 289 col 6 - line 289 col 6
	In "\begin{multline}(dG)_{11RSTU}=4\sqrt{2}\pi\left(\frac{\kappa}{4\pi}\right)^{2/%
	3}\Biggl{[}J^{(0)}\delta(x^{11})+J^{(N+1)}\delta(x^{11}-\pi\rho)\Biggr{.}\\
	\Biggl{.}+\frac{1}{2}\sum_{n=1}^{N}J^{(n)}\left(\delta(x^{11}-x_{n})+\delta(x^%
	{11}+x_{n})\right)\Biggr{]}_{RSTU}\end{multline}(dG)_{11RSTU}=4\sqrt{2}\pi%
	\left(\frac{\kappa}{4\pi}\right)^{2/3}\Biggl{[}J^{(0)}\delta(x^{11})+J^{(N+1)}%
	\delta(x^{11}-\pi\rho)\Biggr{.}\\
	\Biggl{.}+\frac{1}{2}\sum_{n=1}^{N}J^{(n)}\left(\delta(x^{11}-x_{n})+\delta(x^%
	{11}+x_{n})\right)\Biggr{]}_{RSTU}"
	([[OPEN]] d[[UNKNOWN]] G[[UNKNOWN]] )[[CLOSE]] _{11RSTU}[[POSTSUBSCRIPT]] =[[RELOP]] 4[[NUMBER]] \sqrt{2}[[UNKNOWN]] π[[UNKNOWN]] \left([[OPEN]] \frac{\kappa}{4\pi}[[UNKNOWN]] \right)[[CLOSE]] ^{2/3}[[POSTSUPERSCRIPT]]
	        > [[[OPEN]] J[[UNKNOWN]] ^{(0)}[[POSTSUPERSCRIPT]] δ[[UNKNOWN]] ([[OPEN]] x[[UNKNOWN]] ^{11}[[POSTSUPERSCRIPT]] )[[CLOSE]] +[[ADDOP]] J[[UNKNOWN]] ^{(N+1)}[[POSTSUPERSCRIPT]] δ[[UNKNOWN]] ([[OPEN]] x[[UNKNOWN]] ^{11}[[POSTSUPERSCRIPT]] -[[ADDOP]] π[[UNKNOWN]] ρ[[UNKNOWN]] )[[CLOSE]]
Warning:not_parsed:>PERIOD MathParser failed to match rule 'Anything'
	at 0301147.tex; line 293 col 6 - line 293 col 6
	> .[[PERIOD]] +[[ADDOP]] \frac{1}{2}[[UNKNOWN]] ∑[[SUMOP]] _{n=1}[[POSTSUBSCRIPT]] ^{N}[[POSTSUPERSCRIPT]] J[[UNKNOWN]] ^{(n)}[[POSTSUPERSCRIPT]] \left([[OPEN]] δ[[UNKNOWN]] ([[OPEN]] x[[UNKNOWN]] ^{11}[[POSTSUPERSCRIPT]] -[[ADDOP]] x[[UNKNOWN]] _{n}[[POSTSUBSCRIPT]] )[[CLOSE]] +[[ADDOP]] δ[[UNKNOWN]] ([[OPEN]] x[[UNKNOWN]] ^{11}[[POSTSUPERSCRIPT]] +[[ADDOP]] x[[UNKNOWN]] _{n}[[POSTSUBSCRIPT]] )[[CLOSE]] \right)[[CLOSE]] ][[CLOSE]] _{RSTU}[[POSTSUBSCRIPT]]
Warning:not_parsed:>OPEN MathParser failed to match rule 'Anything'
	at 0301147.tex; line 549 col 2 - line 549 col 11
	In "$(dP_{r}$"
	> ([[OPEN]] d[[UNKNOWN]] P[[UNKNOWN]] _{r}[[POSTSUBSCRIPT]]
Warning:not_parsed:ID.PUNCT.NUMBER>CLOSE MathParser failed to match rule 'Anything'
	at 0301147.tex; line 549 col 15 - line 549 col 32
	In "$r=0,1,\ldots,8)$"
	r[[UNKNOWN]] =[[RELOP]] 0[[NUMBER]] ,[[PUNCT]] 1[[NUMBER]] ,[[PUNCT]] \ldots[[ID]] ,[[PUNCT]] 8[[NUMBER]]
	        > )[[CLOSE]]
Warning:not_parsed:>OPEN MathParser failed to match rule 'Anything'
	at 0301147.tex; line 549 col 47 - line 549 col 55
	In "$(F_{r}$"
	> ([[OPEN]] F[[UNKNOWN]] _{r}[[POSTSUBSCRIPT]]
Warning:not_parsed:UNKNOWN.RELOP.NUMBER>CLOSE MathParser failed to match rule 'Anything'
	at 0301147.tex; line 549 col 59 - line 549 col 69
	In "$r\geq 0)$"
	r[[UNKNOWN]] ≥[[RELOP]] 0[[NUMBER]]
	        > )[[CLOSE]]
Warning:not_parsed:UNKNOWN>OPEN MathParser failed to match rule 'Anything'
	at 0301147.tex; line 1093 col 19 - line 1093 col 47
	In "$c(^{\xi_{1}}_{\xi_{2}})$"
	c[[UNKNOWN]]
	        > ([[OPEN]] ^{\xi_{1}}[[POSTSUPERSCRIPT]] _{\xi_{2}}[[POSTSUBSCRIPT]] )[[CLOSE]]
 10.52 sec)
Math parsing succeeded:
   ltx:XMath: 676/681
   ltx:XMWrap: 0/1
   ltx:XMArg: 1097/1101
Symbols assumed as simple identifiers (with # of occurences):
   'A{italic}' (9), 'B{caligraphic}' (3), 'B{italic}' (21), 'C{blackboard}' (9), 'C{caligraphic}' (3), 'C{italic}' (24), 'Delta' (9), 'D{italic}' (7), 'E{caligraphic}' (1), 'E{italic}' (47), 'F{caligraphic}' (4), 'F{italic}' (25), 'Gamma' (7), 'G{italic}' (39), 'H{italic}' (20), 'I{italic}' (35), 'J{italic}' (45), 'K{italic}' (26), 'L{italic}' (9), 'M{italic}' (11), 'N{caligraphic}' (13), 'N{italic}' (49), 'Omega' (2), 'O{italic}' (39), 'P{blackboard}' (9), 'P{italic}' (28), 'Q{italic}' (2), 'R{caligraphic}' (25), 'R{italic}' (3), 'S{caligraphic}' (6), 'S{italic}' (87), 'T{italic}' (31), 'U{italic}' (35), 'V{caligraphic}' (6), 'V{italic}' (38), 'W{italic}' (15), 'X{italic}' (13), 'Y{italic}' (13), 'Z{blackboard}' (45), 'Z{italic}' (42), 'alpha' (3), 'a{italic}' (29), 'beta' (18), 'b{italic}' (30), 'c{italic}' (103), 'delta' (10), 'd{italic}' (54), 'epsilon' (3), 'eta' (41), 'e{italic}' (31), 'f{italic}' (13), 'gamma' (3), 'g{italic}' (48), 'h{italic}' (10), 'i{italic}' (28), 'j{italic}' (12), 'kappa' (30), 'k{italic}' (22), 'lambda' (26), 'l{italic}' (5), 'mu' (1), 'm{italic}' (8), 'nu' (1), 'n{italic}' (113), 'omega' (7), 'o{italic}' (2), 'pi' (31), 'psi' (3), 'p{italic}' (7), 'q{italic}' (5), 'rho' (9), 'r{italic}' (25), 'sigma' (7), 's{italic}' (3), 'tau' (21), 't{italic}' (6), 'u{italic}' (8), 'v{italic}' (2), 'w{italic}' (11), 'xi' (10), 'x{italic}' (56), 'y{italic}' (9), 'z{italic}' (23)
Set MATHPARSER_SPECULATE to speculate on possible notations.
(Finalizing... 1.58 sec)
Conversion complete 9 warnings (See /home/user/latex-in-arxiv/0301147.latexml.log) (reqd. 24.77s)
