latexml (LaTeXML version 0.8.6) processing 2003/0301004.tex
(Digesting TeX 0301004...
(Loading /usr/share/perl5/LaTeXML/Package/TeX.pool.ltxml...
(Loading /usr/share/perl5/LaTeXML/Package/eTeX.pool.ltxml... 0.00 sec)
(Loading /usr/share/perl5/LaTeXML/Package/pdfTeX.pool.ltxml... 0.01 sec) 0.08 sec)
(Processing content /home/user/latex-in-arxiv/2003/0301004.tex...
(Loading /usr/share/perl5/LaTeXML/Package/LaTeX.pool.ltxml...
(Loading /usr/share/perl5/LaTeXML/Package/textcomp.sty.ltxml...
(Processing definitions /usr/share/texlive/texmf-dist/tex/latex-dev/base/ts1enc.dfu... 0.02 sec) 1.14 sec) 1.29 sec)
(Loading /usr/share/perl5/LaTeXML/Package/article.cls.ltxml... 0.01 sec)
(Loading /usr/share/perl5/LaTeXML/Package/cite.sty.ltxml... 0.00 sec)
(Loading /usr/share/perl5/LaTeXML/Package/epsfig.sty.ltxml...
(Loading /usr/share/perl5/LaTeXML/Package/graphicx.sty.ltxml...
(Loading /usr/share/perl5/LaTeXML/Package/graphics.sty.ltxml... 0.01 sec) 0.02 sec) 0.04 sec) 4.03 sec) 4.14 sec)
(Building...
(Loading compiled schema /usr/share/perl5/LaTeXML/resources/RelaxNG/LaTeXML.model... 0.01 sec) 4.84 sec)
(Rewriting... 0.18 sec)
(Math Parsing 253 formulae ......
Warning:not_parsed:UNKNOWN.POSTSUBSCRIPT.PERIOD>PERIOD MathParser failed to match rule 'Subscript'
	at 0301004.tex; line 178 col 29 - line 178 col 29
	In "$g_{k_{1}..k_{N}}=\delta_{\sum_{i}k_{i},0}/(2\pi R)^{(N-1)/2}.$"
	k[[UNKNOWN]] _{1}[[POSTSUBSCRIPT]] .[[PERIOD]]
	        > .[[PERIOD]] k[[UNKNOWN]] _{N}[[POSTSUBSCRIPT]]
Warning:not_parsed:ATOM.CLOSE.POSTSUPERSCRIPT>PUNCT MathParser failed to match rule 'Anything'
	at 0301004.tex; line 226 col 4 - line 226 col 4
	In "$\displaystyle\int d\mu\,\theta(m_{0}\!-\!m_{1\mu}\!-\!m_{2\mu})\lambda^{r}(m_%
	{0}^{2},m_{1\mu}^{2},m_{2\mu}^{2})\!\!=\!\!\int_{0}^{M^{2}}\frac{d\mu^{2}}{%
	\sqrt{\mu^{2}}}\left(2m_{0}\sqrt{M^{2}-\mu^{2}}\right)^{r};=\!\!\frac{\lambda^%
	{r+1}(m_{0}^{2},m_{1}^{2},m_{2}^{2})\,\Gamma(\frac{r}{2}+1)\sqrt{\pi}}{2m_{0}%
	\,\Gamma(\frac{r}{2}+\frac{3}{2})}.\@@ENDINLINEMATH"
	∫[[INTOP]] d[[UNKNOWN]] μ[[UNKNOWN]] θ[[UNKNOWN]] ([[OPEN]] m[[UNKNOWN]] _{0}[[POSTSUBSCRIPT]] -[[ADDOP]] m[[UNKNOWN]] _{1\mu}[[POSTSUBSCRIPT]] -[[ADDOP]] m[[UNKNOWN]] _{2\mu}[[POSTSUBSCRIPT]] )[[CLOSE]] λ[[UNKNOWN]] ^{r}[[POSTSUPERSCRIPT]] ([[OPEN]] m[[UNKNOWN]] _{0}[[POSTSUBSCRIPT]] ^{2}[[POSTSUPERSCRIPT]] ,[[PUNCT]] m[[UNKNOWN]] _{1\mu}[[POSTSUBSCRIPT]] ^{2}[[POSTSUPERSCRIPT]] ,[[PUNCT]] m[[UNKNOWN]] _{2\mu}[[POSTSUBSCRIPT]] ^{2}[[POSTSUPERSCRIPT]] )[[CLOSE]] =[[RELOP]] ∫[[INTOP]] _{0}[[POSTSUBSCRIPT]] ^{M^{2}}[[POSTSUPERSCRIPT]] \frac{d\mu^{2}}{\sqrt{\mu^{2}}}[[UNKNOWN]] \left([[OPEN]] 2[[NUMBER]] m[[UNKNOWN]] _{0}[[POSTSUBSCRIPT]] \sqrt{M^{2}-\mu^{2}}[[UNKNOWN]] \right)[[CLOSE]] ^{r}[[POSTSUPERSCRIPT]]
	        > ;[[PUNCT]] =[[RELOP]] \frac{\lambda^{r+1}(m_{0}^{2},m_{1}^{2},m_{2}^{2})\,\Gamma(\frac{r}{2}+1)\sqrt{\pi}}{2m_{0}\,\Gamma(\frac{r}{2}+\frac{3}{2})}[[UNKNOWN]]
Warning:not_parsed:POSTSUBSCRIPT.UNKNOWN.POSTSUBSCRIPT>MULOP MathParser failed to match rule 'Anything'
	at 0301004.tex; line 345 col 5 - line 345 col 5
	In "$\displaystyle\int d^{D}x\,\Phi_{1}\Phi_{2}\Phi_{3}\Sigma=\frac{1}{\sqrt{4\pi}%
	R^{2}}\sum_{j_{1},k_{1}}\sum_{j_{2},k_{2}}\sum_{j_{3},k_{3}}\int d^{D-2}{\bf x%
	}\,\sigma\Phi_{1j_{1}\,k_{1}}\Phi_{2j_{2}\,k_{2}}\Phi_{3j_{3}\,k_{3}}\cdot%
	\qquad\qquad\int d^{2}\Omega\,Y_{j_{1}k_{1}}Y_{j_{2}k_{2}}Y_{j_{3}k_{3}}.\@@ENDINLINEMATH"
	∫[[INTOP]] d[[UNKNOWN]] ^{D}[[POSTSUPERSCRIPT]] x[[UNKNOWN]] Φ[[UNKNOWN]] _{1}[[POSTSUBSCRIPT]] Φ[[UNKNOWN]] _{2}[[POSTSUBSCRIPT]] Φ[[UNKNOWN]] _{3}[[POSTSUBSCRIPT]] Σ[[UNKNOWN]] =[[RELOP]] \frac{1}{\sqrt{4\pi}R^{2}}[[UNKNOWN]] ∑[[SUMOP]] _{j_{1},k_{1}}[[POSTSUBSCRIPT]] ∑[[SUMOP]] _{j_{2},k_{2}}[[POSTSUBSCRIPT]] ∑[[SUMOP]] _{j_{3},k_{3}}[[POSTSUBSCRIPT]] ∫[[INTOP]] d[[UNKNOWN]] ^{D-2}[[POSTSUPERSCRIPT]] x[[UNKNOWN]] σ[[UNKNOWN]] Φ[[UNKNOWN]] _{1j_{1}\,k_{1}}[[POSTSUBSCRIPT]] Φ[[UNKNOWN]] _{2j_{2}\,k_{2}}[[POSTSUBSCRIPT]] Φ[[UNKNOWN]] _{3j_{3}\,k_{3}}[[POSTSUBSCRIPT]]
	        > ⋅[[MULOP]] $\displaystyle\intd^{D}x\,\Phi_{1}\Phi_{2}\Phi_{3}\Sigma=\frac{1}{\sqrt{4\pi}R^{2}}\sum_{j_{1},k_{1}}\sum_{j_{2},k_{2}}\sum_{j_{3},k_{3}}\intd^{D-2}{\bfx}\,\sigma\Phi_{1j_{1}\,k_{1}}\Phi_{2j_{2}\,k_{2}}\Phi_{3j_{3}\,k_{3}}\cdot\qquad\qquad\intd^{2}\Omega\,Y_{j_{1}k_{1}}Y_{j_{2}k_{2}}Y_{j_{3}k_{3}}.\@@ENDINLINEMATH[[PUNCT]] ∫[[INTOP]] d[[UNKNOWN]] ^{2}[[POSTSUPERSCRIPT]] Ω[[UNKNOWN]] Y[[UNKNOWN]] _{j_{1}k_{1}}[[POSTSUBSCRIPT]] Y[[UNKNOWN]] _{j_{2}k_{2}}[[POSTSUBSCRIPT]] Y[[UNKNOWN]] _{j_{3}k_{3}}[[POSTSUBSCRIPT]]
Warning:not_parsed:POSTSUBSCRIPT.UNKNOWN.POSTSUBSCRIPT>MULOP MathParser failed to match rule 'Anything'
	at 0301004.tex; line 345 col 45 - line 348 col 2
	In "$\displaystyle\frac{1}{\sqrt{4\pi}R^{2}}\sum_{j_{1},k_{1}}\sum_{j_{2},k_{2}}%
	\sum_{j_{3},k_{3}}\int d^{D-2}{\bf x}\,\sigma\Phi_{1j_{1}\,k_{1}}\Phi_{2j_{2}%
	\,k_{2}}\Phi_{3j_{3}\,k_{3}}\cdot$"
	\frac{1}{\sqrt{4\pi}R^{2}}[[UNKNOWN]] ∑[[SUMOP]] _{j_{1},k_{1}}[[POSTSUBSCRIPT]] ∑[[SUMOP]] _{j_{2},k_{2}}[[POSTSUBSCRIPT]] ∑[[SUMOP]] _{j_{3},k_{3}}[[POSTSUBSCRIPT]] ∫[[INTOP]] d[[UNKNOWN]] ^{D-2}[[POSTSUPERSCRIPT]] x[[UNKNOWN]] σ[[UNKNOWN]] Φ[[UNKNOWN]] _{1j_{1}\,k_{1}}[[POSTSUBSCRIPT]] Φ[[UNKNOWN]] _{2j_{2}\,k_{2}}[[POSTSUBSCRIPT]] Φ[[UNKNOWN]] _{3j_{3}\,k_{3}}[[POSTSUBSCRIPT]]
	        > ⋅[[MULOP]]
Warning:not_parsed:NUMBER.CLOSE.POSTSUPERSCRIPT>MULOP MathParser failed to match rule 'Anything'
	at 0301004.tex; line 379 col 2 - line 381 col 39
	In "$$\left(\!\!\begin{array}[]{ccc}j_{1}&\!j_{2}&\!j_{3}\\
	0&\!0&\!0\end{array}\!\!\right)\equiv(-1)^{-(j_{1}+j_{2}+j_{3})/2}\times$$"
	\left([[OPEN]] Alignment[][[ARRAY]] \right)[[CLOSE]] ≡[[RELOP]] ([[OPEN]] -[[ADDOP]] 1[[NUMBER]] )[[CLOSE]] ^{-(j_{1}+j_{2}+j_{3})/2}[[POSTSUPERSCRIPT]]
	        > ×[[MULOP]]
Warning:not_parsed:POSTSUPERSCRIPT.ATOM.OPFUNCTION>OPEN MathParser failed to match rule 'Anything'
	at 0301004.tex; line 492 col 2 - line 493 col 72
	In "$$\int d^{n}\!{\vec{\mu}}\exp(i\vec{k}.\vec{\mu})\,f(\mu)=\int_{0}^{\infty}(2%
	\pi\mu)^{n/2}J_{n/2-1}(k\mu)\,f(\mu)\,d\mu/k^{n/2-1},$$"
	∫[[INTOP]] d[[UNKNOWN]] ^{n}[[POSTSUPERSCRIPT]] \vec{\mu}[[UNKNOWN]] exp[[OPFUNCTION]]
	        > ([[OPEN]] i[[UNKNOWN]] \vec{k}[[UNKNOWN]] .[[PERIOD]] \vec{\mu}[[UNKNOWN]] )[[CLOSE]] f[[UNKNOWN]] ([[OPEN]] μ[[UNKNOWN]] )[[CLOSE]] =[[RELOP]] ∫[[INTOP]] _{0}[[POSTSUBSCRIPT]] ^{\infty}[[POSTSUPERSCRIPT]] ([[OPEN]] 2[[NUMBER]] π[[UNKNOWN]] μ[[UNKNOWN]] )[[CLOSE]] ^{n/2}[[POSTSUPERSCRIPT]] J[[UNKNOWN]] _{n/2-1}[[POSTSUBSCRIPT]] ([[OPEN]] k[[UNKNOWN]] μ[[UNKNOWN]] )[[CLOSE]] f[[UNKNOWN]] ([[OPEN]] μ[[UNKNOWN]] )[[CLOSE]] d[[UNKNOWN]] μ[[UNKNOWN]] /[[MULOP]] k[[UNKNOWN]] ^{n/2-1}[[POSTSUPERSCRIPT]]
Warning:not_parsed:POSTSUPERSCRIPT.ATOM.CLOSE>PUNCT MathParser failed to match rule 'Anything'
	at 0301004.tex; line 497 col 5 - line 497 col 5
	In "$\displaystyle\rho^{D}_{m_{0}\rightarrow m_{1}+\cdots+m_{N}}=\left(\prod_{i=1}%
	^{N}\int_{0}^{\infty}\frac{\mu_{i}^{n/2}d\mu_{i}}{(2\pi)^{n/2}}\right)\int_{0}%
	^{\infty}\frac{2\pi^{n/2}k^{n-1}\,dk}{\Gamma(n/2)}\,\left(\prod_{i=1}^{N}\frac%
	{J_{n/2-1}(k\mu_{i})}{k^{n/2-1}}\right)\qquad\qquad\times\rho^{D-n}_{m_{0}%
	\rightarrow m_{1\mu_{1}}+\cdots+m_{N\mu_{N}}}.\@@ENDINLINEMATH"
	ρ[[UNKNOWN]] ^{D}[[POSTSUPERSCRIPT]] _{m_{0}\rightarrowm_{1}+\cdots+m_{N}}[[POSTSUBSCRIPT]] =[[RELOP]] \left([[OPEN]] ∏[[SUMOP]] _{i=1}[[POSTSUBSCRIPT]] ^{N}[[POSTSUPERSCRIPT]] ∫[[INTOP]] _{0}[[POSTSUBSCRIPT]] ^{\infty}[[POSTSUPERSCRIPT]] \frac{\mu_{i}^{n/2}d\mu_{i}}{(2\pi)^{n/2}}[[UNKNOWN]] \right)[[CLOSE]] ∫[[INTOP]] _{0}[[POSTSUBSCRIPT]] ^{\infty}[[POSTSUPERSCRIPT]] \frac{2\pi^{n/2}k^{n-1}\,dk}{\Gamma(n/2)}[[UNKNOWN]] \left([[OPEN]] ∏[[SUMOP]] _{i=1}[[POSTSUBSCRIPT]] ^{N}[[POSTSUPERSCRIPT]] \frac{J_{n/2-1}(k\mu_{i})}{k^{n/2-1}}[[UNKNOWN]] \right)[[CLOSE]]
	        > $\displaystyle\rho^{D}_{m_{0}\rightarrowm_{1}+\cdots+m_{N}}=\left(\prod_{i=1}^{N}\int_{0}^{\infty}\frac{\mu_{i}^{n/2}d\mu_{i}}{(2\pi)^{n/2}}\right)\int_{0}^{\infty}\frac{2\pi^{n/2}k^{n-1}\,dk}{\Gamma(n/2)}\,\left(\prod_{i=1}^{N}\frac{J_{n/2-1}(k\mu_{i})}{k^{n/2-1}}\right)\qquad\qquad\times\rho^{D-n}_{m_{0}\rightarrowm_{1\mu_{1}}+\cdots+m_{N\mu_{N}}}.\@@ENDINLINEMATH[[PUNCT]] ×[[MULOP]] ρ[[UNKNOWN]] ^{D-n}[[POSTSUPERSCRIPT]] _{m_{0}\rightarrowm_{1\mu_{1}}+\cdots+m_{N\mu_{N}}}[[POSTSUBSCRIPT]]
 9.54 sec)
Math parsing succeeded:
   ltx:XMath: 247/253
   ltx:XMArg: 1259/1260
Symbols assumed as simple identifiers (with # of occurences):
   'Delta' (3), 'D{italic}' (33), 'F{italic}' (4), 'Gamma' (18), 'J{italic}' (17), 'K{bold}' (1), 'L{caligraphic}' (2), 'M{italic}' (9), 'N{italic}' (20), 'Omega' (10), 'Phi' (37), 'R{italic}' (38), 'Sigma' (7), 'S{italic}' (4), 'T{italic}' (2), 'X{italic}' (3), 'Y{italic}' (14), 'a{italic}' (24), 'b{italic}' (20), 'cyclic' (1), 'c{italic}' (17), 'delta' (13), 'd{italic}' (93), 'e' (2), 'ell' (22), 'f{italic}' (4), 'g{italic}' (2), 'h{italic}' (3), 'i{italic}' (24), 'j{italic}' (133), 'k{bold}' (3), 'k{italic}' (98), 'lambda' (27), 'mu' (168), 'm{italic}' (232), 'nu' (3), 'n{italic}' (58), 'other' (2), 'perms' (3), 'phi' (20), 'pi' (56), 'p{bold}' (1), 'p{italic}' (11), 'rho' (49), 'r{italic}' (3), 'sigma' (7), 'so' (1), 'theta' (20), 'u{italic}' (7), 'varphi' (3), 'v{italic}' (8), 'w{italic}' (10), 'x{bold}' (19), 'x{italic}' (23), 'y{italic}' (6)
Set MATHPARSER_SPECULATE to speculate on possible notations.
(Finalizing... 0.60 sec)
Conversion complete 7 warnings (See /home/user/latex-in-arxiv/0301004.latexml.log) (reqd. 19.78s)
