latexml (LaTeXML version 0.8.6) processing 2003/0301187.tex
(Digesting TeX 0301187...
(Loading /usr/share/perl5/LaTeXML/Package/TeX.pool.ltxml...
(Loading /usr/share/perl5/LaTeXML/Package/eTeX.pool.ltxml... 0.00 sec)
(Loading /usr/share/perl5/LaTeXML/Package/pdfTeX.pool.ltxml... 0.01 sec) 0.11 sec)
(Processing content /home/user/latex-in-arxiv/2003/0301187.tex...
(Loading /usr/share/perl5/LaTeXML/Package/LaTeX.pool.ltxml...
(Loading /usr/share/perl5/LaTeXML/Package/textcomp.sty.ltxml...
(Processing definitions /usr/share/texlive/texmf-dist/tex/latex-dev/base/ts1enc.dfu... 0.02 sec) 0.88 sec) 1.04 sec)
Info:unexpected:\documentstyle Entering LaTeX 2.09 Compatibility mode
	at 0301187.tex; line 1 col 0 - line 1 col 43
(Loading /usr/share/perl5/LaTeXML/Package/article.cls.ltxml... 0.01 sec)
(Loading /usr/share/perl5/LaTeXML/Package/epsf.sty.ltxml... 0.00 sec)
(Loading /usr/share/perl5/LaTeXML/Package/citesort.sty.ltxml... 0.00 sec) 10.42 sec) 10.60 sec)
(Building...
(Loading compiled schema /usr/share/perl5/LaTeXML/resources/RelaxNG/LaTeXML.model... 0.01 sec)
Warning:unexpected:eqnarray Unrecognized equation patterns (1) in eqnarray
	at 0301187.tex; line 471 col 1 - line 471 col 1
	In Core::Definition::Constructor[\@@eqna... /usr/share/perl5/LaTeXML/Package/LaTeX.pool.ltxml; line 2290
 11.51 sec)
(Rewriting... 0.45 sec)
(Math Parsing 1114 formulae ......
Warning:not_parsed:FLOATSUBSCRIPT>MULOP MathParser failed to match rule 'Anything'
	at 0301187.tex; line 127 col 55 - line 127 col 67
	In "${}_{5}\times S^{5}$"
	{}_{5}[[FLOATSUBSCRIPT]]
	        > ×[[MULOP]] S[[UNKNOWN]] ^{5}[[POSTSUPERSCRIPT]]
Warning:not_parsed:POSTSUBSCRIPT.CLOSE.POSTSUPERSCRIPT>OPEN MathParser failed to match rule 'Anything'
	at 0301187.tex; line 555 col 0 - line 559 col 3
	In "\begin{equation}ds^{2}=(H_{1}H_{5})^{-1/2}(-dx^{+}dx^{-}+Kdx^{+}{}^{2})+(H_{1}%
	H_{5})^{1/2}d{\vec{x}}^{\,2}_{4}+H_{1}^{1/2}H_{5}^{-1/2}d{\vec{y}}^{\,2}_{4},\end{equation}"
	d[[UNKNOWN]] s[[UNKNOWN]] ^{2}[[POSTSUPERSCRIPT]] =[[RELOP]] ([[OPEN]] H[[UNKNOWN]] _{1}[[POSTSUBSCRIPT]] H[[UNKNOWN]] _{5}[[POSTSUBSCRIPT]] )[[CLOSE]] ^{-1/2}[[POSTSUPERSCRIPT]]
	        > ([[OPEN]] -[[ADDOP]] d[[UNKNOWN]] x[[UNKNOWN]] ^{+}[[POSTSUPERSCRIPT]] d[[UNKNOWN]] x[[UNKNOWN]] ^{-}[[POSTSUPERSCRIPT]] +[[ADDOP]] K[[UNKNOWN]] d[[UNKNOWN]] x[[UNKNOWN]] ^{+}[[POSTSUPERSCRIPT]] {}^{2}[[FLOATSUPERSCRIPT]] )[[CLOSE]] +[[ADDOP]] ([[OPEN]] H[[UNKNOWN]] _{1}[[POSTSUBSCRIPT]] H[[UNKNOWN]] _{5}[[POSTSUBSCRIPT]] )[[CLOSE]] ^{1/2}[[POSTSUPERSCRIPT]] d[[UNKNOWN]] \vec{x}[[UNKNOWN]] ^{\,2}[[POSTSUPERSCRIPT]] _{4}[[POSTSUBSCRIPT]] +[[ADDOP]] H[[UNKNOWN]] _{1}[[POSTSUBSCRIPT]] ^{1/2}[[POSTSUPERSCRIPT]] H[[UNKNOWN]] _{5}[[POSTSUBSCRIPT]] ^{-1/2}[[POSTSUPERSCRIPT]] d[[UNKNOWN]] \vec{y}[[UNKNOWN]] ^{\,2}[[POSTSUPERSCRIPT]] _{4}[[POSTSUBSCRIPT]]
Warning:not_parsed:UNKNOWN.POSTSUPERSCRIPT>FLOATSUBSCRIPT MathParser failed to match rule 'Anything'
	at 0301187.tex; line 703 col 7 - line 703 col 7
	In "$\displaystyle\Gamma^{+}{}_{+i}=\partial_{i}A,\qquad\Gamma^{-}{}_{-i}=\partial%
	_{i}A,\qquad\Gamma^{-}{}_{+i}=-{\textstyle{{\scriptstyle{1}}\over{\scriptstyle%
	{4}}}}\partial_{i}{\cal H},\@@ENDINLINEMATH"
	Γ[[UNKNOWN]] ^{+}[[POSTSUPERSCRIPT]]
	        > {}_{+i}[[FLOATSUBSCRIPT]] =[[RELOP]] ∂[[OPERATOR]] _{i}[[POSTSUBSCRIPT]] A[[UNKNOWN]] ,[[PUNCT]] Γ[[UNKNOWN]] ^{-}[[POSTSUPERSCRIPT]] {}_{-i}[[FLOATSUBSCRIPT]] =[[RELOP]] ∂[[OPERATOR]] _{i}[[POSTSUBSCRIPT]] A[[UNKNOWN]] ,[[PUNCT]] Γ[[UNKNOWN]] ^{-}[[POSTSUPERSCRIPT]] {}_{+i}[[FLOATSUBSCRIPT]] =[[RELOP]] -[[ADDOP]] {\scriptstyle{1}}\over{\scriptstyle{4}}[[UNKNOWN]] ∂[[OPERATOR]] _{i}[[POSTSUBSCRIPT]] H[[UNKNOWN]]
Warning:not_parsed:UNKNOWN.POSTSUPERSCRIPT>FLOATSUBSCRIPT MathParser failed to match rule 'Anything'
	at 0301187.tex; line 703 col 7 - line 704 col 42
	In "$\displaystyle\Gamma^{+}{}_{+i}=\partial_{i}A,\qquad\Gamma^{-}{}_{-i}=\partial%
	_{i}A,\qquad\Gamma^{-}{}_{+i}=-{\textstyle{{\scriptstyle{1}}\over{\scriptstyle%
	{4}}}}\partial_{i}{\cal H},$"
	Γ[[UNKNOWN]] ^{+}[[POSTSUPERSCRIPT]]
	        > {}_{+i}[[FLOATSUBSCRIPT]] =[[RELOP]] ∂[[OPERATOR]] _{i}[[POSTSUBSCRIPT]] A[[UNKNOWN]] ,[[PUNCT]] Γ[[UNKNOWN]] ^{-}[[POSTSUPERSCRIPT]] {}_{-i}[[FLOATSUBSCRIPT]] =[[RELOP]] ∂[[OPERATOR]] _{i}[[POSTSUBSCRIPT]] A[[UNKNOWN]] ,[[PUNCT]] Γ[[UNKNOWN]] ^{-}[[POSTSUPERSCRIPT]] {}_{+i}[[FLOATSUBSCRIPT]] =[[RELOP]] -[[ADDOP]] {\scriptstyle{1}}\over{\scriptstyle{4}}[[UNKNOWN]] ∂[[OPERATOR]] _{i}[[POSTSUBSCRIPT]] H[[UNKNOWN]]
Warning:not_parsed:UNKNOWN.POSTSUPERSCRIPT>FLOATSUBSCRIPT MathParser failed to match rule 'Anything'
	at 0301187.tex; line 705 col 7 - line 705 col 7
	In "$\displaystyle\Gamma^{i}{}_{++}=-g_{++}e^{-2B_{i}}(\partial_{i}A+{\textstyle{{%
	\scriptstyle{1}}\over{\scriptstyle{2}}}}\partial_{i}\log{\cal H}),\qquad\Gamma%
	^{i}{}_{+-}=-g_{+-}e^{-2B_{i}}\partial_{i}A,\@@ENDINLINEMATH"
	Γ[[UNKNOWN]] ^{i}[[POSTSUPERSCRIPT]]
	        > {}_{++}[[FLOATSUBSCRIPT]] =[[RELOP]] -[[ADDOP]] g[[UNKNOWN]] _{++}[[POSTSUBSCRIPT]] e[[UNKNOWN]] ^{-2B_{i}}[[POSTSUPERSCRIPT]] ([[OPEN]] ∂[[OPERATOR]] _{i}[[POSTSUBSCRIPT]] A[[UNKNOWN]] +[[ADDOP]] {\scriptstyle{1}}\over{\scriptstyle{2}}[[UNKNOWN]] ∂[[OPERATOR]] _{i}[[POSTSUBSCRIPT]] log[[OPFUNCTION]] H[[UNKNOWN]] )[[CLOSE]] ,[[PUNCT]] Γ[[UNKNOWN]] ^{i}[[POSTSUPERSCRIPT]] {}_{+-}[[FLOATSUBSCRIPT]] =[[RELOP]] -[[ADDOP]] g[[UNKNOWN]] _{+-}[[POSTSUBSCRIPT]] e[[UNKNOWN]] ^{-2B_{i}}[[POSTSUPERSCRIPT]] ∂[[OPERATOR]] _{i}[[POSTSUBSCRIPT]] A[[UNKNOWN]]
Warning:not_parsed:UNKNOWN.POSTSUPERSCRIPT>FLOATSUBSCRIPT MathParser failed to match rule 'Anything'
	at 0301187.tex; line 705 col 7 - line 707 col 45
	In "$\displaystyle\Gamma^{i}{}_{++}=-g_{++}e^{-2B_{i}}(\partial_{i}A+{\textstyle{{%
	\scriptstyle{1}}\over{\scriptstyle{2}}}}\partial_{i}\log{\cal H}),\qquad\Gamma%
	^{i}{}_{+-}=-g_{+-}e^{-2B_{i}}\partial_{i}A,$"
	Γ[[UNKNOWN]] ^{i}[[POSTSUPERSCRIPT]]
	        > {}_{++}[[FLOATSUBSCRIPT]] =[[RELOP]] -[[ADDOP]] g[[UNKNOWN]] _{++}[[POSTSUBSCRIPT]] e[[UNKNOWN]] ^{-2B_{i}}[[POSTSUPERSCRIPT]] ([[OPEN]] ∂[[OPERATOR]] _{i}[[POSTSUBSCRIPT]] A[[UNKNOWN]] +[[ADDOP]] {\scriptstyle{1}}\over{\scriptstyle{2}}[[UNKNOWN]] ∂[[OPERATOR]] _{i}[[POSTSUBSCRIPT]] log[[OPFUNCTION]] H[[UNKNOWN]] )[[CLOSE]] ,[[PUNCT]] Γ[[UNKNOWN]] ^{i}[[POSTSUPERSCRIPT]] {}_{+-}[[FLOATSUBSCRIPT]] =[[RELOP]] -[[ADDOP]] g[[UNKNOWN]] _{+-}[[POSTSUBSCRIPT]] e[[UNKNOWN]] ^{-2B_{i}}[[POSTSUPERSCRIPT]] ∂[[OPERATOR]] _{i}[[POSTSUBSCRIPT]] A[[UNKNOWN]]
Warning:not_parsed:UNKNOWN.POSTSUPERSCRIPT>FLOATSUBSCRIPT MathParser failed to match rule 'Anything'
	at 0301187.tex; line 708 col 7 - line 708 col 7
	In "$\displaystyle\Gamma^{i}{}_{jk}=\delta_{ij}\partial_{k}B_{i}+\delta_{ik}%
	\partial_{j}B_{i}-e^{2B_{j}-2B_{i}}\delta_{jk}\partial_{i}B_{j}.\@@ENDINLINEMATH"
	Γ[[UNKNOWN]] ^{i}[[POSTSUPERSCRIPT]]
	        > {}_{jk}[[FLOATSUBSCRIPT]] =[[RELOP]] δ[[UNKNOWN]] _{ij}[[POSTSUBSCRIPT]] ∂[[OPERATOR]] _{k}[[POSTSUBSCRIPT]] B[[UNKNOWN]] _{i}[[POSTSUBSCRIPT]] +[[ADDOP]] δ[[UNKNOWN]] _{ik}[[POSTSUBSCRIPT]] ∂[[OPERATOR]] _{j}[[POSTSUBSCRIPT]] B[[UNKNOWN]] _{i}[[POSTSUBSCRIPT]] -[[ADDOP]] e[[UNKNOWN]] ^{2B_{j}-2B_{i}}[[POSTSUPERSCRIPT]] δ[[UNKNOWN]] _{jk}[[POSTSUBSCRIPT]] ∂[[OPERATOR]] _{i}[[POSTSUBSCRIPT]] B[[UNKNOWN]] _{j}[[POSTSUBSCRIPT]]
Warning:not_parsed:UNKNOWN.POSTSUPERSCRIPT>FLOATSUBSCRIPT MathParser failed to match rule 'Anything'
	at 0301187.tex; line 708 col 7 - line 709 col 40
	In "$\displaystyle\Gamma^{i}{}_{jk}=\delta_{ij}\partial_{k}B_{i}+\delta_{ik}%
	\partial_{j}B_{i}-e^{2B_{j}-2B_{i}}\delta_{jk}\partial_{i}B_{j}.$"
	Γ[[UNKNOWN]] ^{i}[[POSTSUPERSCRIPT]]
	        > {}_{jk}[[FLOATSUBSCRIPT]] =[[RELOP]] δ[[UNKNOWN]] _{ij}[[POSTSUBSCRIPT]] ∂[[OPERATOR]] _{k}[[POSTSUBSCRIPT]] B[[UNKNOWN]] _{i}[[POSTSUBSCRIPT]] +[[ADDOP]] δ[[UNKNOWN]] _{ik}[[POSTSUBSCRIPT]] ∂[[OPERATOR]] _{j}[[POSTSUBSCRIPT]] B[[UNKNOWN]] _{i}[[POSTSUBSCRIPT]] -[[ADDOP]] e[[UNKNOWN]] ^{2B_{j}-2B_{i}}[[POSTSUPERSCRIPT]] δ[[UNKNOWN]] _{jk}[[POSTSUBSCRIPT]] ∂[[OPERATOR]] _{i}[[POSTSUBSCRIPT]] B[[UNKNOWN]] _{j}[[POSTSUBSCRIPT]]
Warning:not_parsed:POSTSUPERSCRIPT.RELOP.NUMBER>MULOP MathParser failed to match rule 'Anything'
	at 0301187.tex; line 904 col 1 - line 904 col 1
	In "$\displaystyle F_{5}^{(0)}=2\cdot(1+*)\,dx^{+}\wedge dx^{-}\wedge dx\wedge dy%
	\wedge dH^{-1},\@@ENDINLINEMATH"
	F[[UNKNOWN]] _{5}[[POSTSUBSCRIPT]] ^{(0)}[[POSTSUPERSCRIPT]] =[[RELOP]] 2[[NUMBER]]
	        > ⋅[[MULOP]] ([[OPEN]] 1[[NUMBER]] +[[ADDOP]] *[[MULOP]] )[[CLOSE]] d[[UNKNOWN]] x[[UNKNOWN]] ^{+}[[POSTSUPERSCRIPT]] ∧[[ADDOP]] d[[UNKNOWN]] x[[UNKNOWN]] ^{-}[[POSTSUPERSCRIPT]] ∧[[ADDOP]] d[[UNKNOWN]] x[[UNKNOWN]] ∧[[ADDOP]] d[[UNKNOWN]] y[[UNKNOWN]] ∧[[ADDOP]] d[[UNKNOWN]] H[[UNKNOWN]] ^{-1}[[POSTSUPERSCRIPT]]
Warning:not_parsed:NUMBER>MULOP MathParser failed to match rule 'Anything'
	at 0301187.tex; line 904 col 14 - line 906 col 1
	In "$\displaystyle 2\cdot(1+*)\,dx^{+}\wedge dx^{-}\wedge dx\wedge dy\wedge dH^{-1%
	},$"
	2[[NUMBER]]
	        > ⋅[[MULOP]] ([[OPEN]] 1[[NUMBER]] +[[ADDOP]] *[[MULOP]] )[[CLOSE]] d[[UNKNOWN]] x[[UNKNOWN]] ^{+}[[POSTSUPERSCRIPT]] ∧[[ADDOP]] d[[UNKNOWN]] x[[UNKNOWN]] ^{-}[[POSTSUPERSCRIPT]] ∧[[ADDOP]] d[[UNKNOWN]] x[[UNKNOWN]] ∧[[ADDOP]] d[[UNKNOWN]] y[[UNKNOWN]] ∧[[ADDOP]] d[[UNKNOWN]] H[[UNKNOWN]] ^{-1}[[POSTSUPERSCRIPT]]
Warning:not_parsed:POSTSUPERSCRIPT.RELOP.NUMBER>MULOP MathParser failed to match rule 'Anything'
	at 0301187.tex; line 964 col 1 - line 964 col 1
	In "$\displaystyle F_{5}^{(0)}=2\cdot(1+*)\,dx^{+}\wedge dx^{-}\wedge dx\wedge dy%
	\wedge dH^{-1},\@@ENDINLINEMATH"
	F[[UNKNOWN]] _{5}[[POSTSUBSCRIPT]] ^{(0)}[[POSTSUPERSCRIPT]] =[[RELOP]] 2[[NUMBER]]
	        > ⋅[[MULOP]] ([[OPEN]] 1[[NUMBER]] +[[ADDOP]] *[[MULOP]] )[[CLOSE]] d[[UNKNOWN]] x[[UNKNOWN]] ^{+}[[POSTSUPERSCRIPT]] ∧[[ADDOP]] d[[UNKNOWN]] x[[UNKNOWN]] ^{-}[[POSTSUPERSCRIPT]] ∧[[ADDOP]] d[[UNKNOWN]] x[[UNKNOWN]] ∧[[ADDOP]] d[[UNKNOWN]] y[[UNKNOWN]] ∧[[ADDOP]] d[[UNKNOWN]] H[[UNKNOWN]] ^{-1}[[POSTSUPERSCRIPT]]
Warning:not_parsed:NUMBER>MULOP MathParser failed to match rule 'Anything'
	at 0301187.tex; line 964 col 14 - line 966 col 1
	In "$\displaystyle 2\cdot(1+*)\,dx^{+}\wedge dx^{-}\wedge dx\wedge dy\wedge dH^{-1%
	},$"
	2[[NUMBER]]
	        > ⋅[[MULOP]] ([[OPEN]] 1[[NUMBER]] +[[ADDOP]] *[[MULOP]] )[[CLOSE]] d[[UNKNOWN]] x[[UNKNOWN]] ^{+}[[POSTSUPERSCRIPT]] ∧[[ADDOP]] d[[UNKNOWN]] x[[UNKNOWN]] ^{-}[[POSTSUPERSCRIPT]] ∧[[ADDOP]] d[[UNKNOWN]] x[[UNKNOWN]] ∧[[ADDOP]] d[[UNKNOWN]] y[[UNKNOWN]] ∧[[ADDOP]] d[[UNKNOWN]] H[[UNKNOWN]] ^{-1}[[POSTSUPERSCRIPT]]
Warning:not_parsed:PUNCT.UNKNOWN.POSTSUBSCRIPT>RELOP MathParser failed to match rule 'Anything'
	at 0301187.tex; line 1026 col 1 - line 1026 col 1
	In "$\displaystyle dF_{5}=0,\qquad F_{5}=*F_{5},\qquad F_{5}\wedge F_{3}=0.\@@ENDINLINEMATH"
	d[[UNKNOWN]] F[[UNKNOWN]] _{5}[[POSTSUBSCRIPT]] =[[RELOP]] 0[[NUMBER]] ,[[PUNCT]] F[[UNKNOWN]] _{5}[[POSTSUBSCRIPT]]
	        > =[[RELOP]] *[[MULOP]] F[[UNKNOWN]] _{5}[[POSTSUBSCRIPT]] ,[[PUNCT]] F[[UNKNOWN]] _{5}[[POSTSUBSCRIPT]] ∧[[ADDOP]] F[[UNKNOWN]] _{3}[[POSTSUBSCRIPT]] =[[RELOP]] 0[[NUMBER]]
Warning:not_parsed:PUNCT.UNKNOWN.POSTSUBSCRIPT>RELOP MathParser failed to match rule 'Anything'
	at 0301187.tex; line 1026 col 8 - line 1028 col 14
	In "$\displaystyle 0,\qquad F_{5}=*F_{5},\qquad F_{5}\wedge F_{3}=0.$"
	0[[NUMBER]] ,[[PUNCT]] F[[UNKNOWN]] _{5}[[POSTSUBSCRIPT]]
	        > =[[RELOP]] *[[MULOP]] F[[UNKNOWN]] _{5}[[POSTSUBSCRIPT]] ,[[PUNCT]] F[[UNKNOWN]] _{5}[[POSTSUBSCRIPT]] ∧[[ADDOP]] F[[UNKNOWN]] _{3}[[POSTSUBSCRIPT]] =[[RELOP]] 0[[NUMBER]]
Warning:not_parsed:POSTSUPERSCRIPT.UNKNOWN.POSTSUPERSCRIPT>FLOATSUBSCRIPT MathParser failed to match rule 'Anything'
	at 0301187.tex; line 1135 col 7 - line 1135 col 77
	In "$\nabla_{i}(\partial/\partial x^{-})=2e^{2A}\,\Gamma^{+}{}_{i+}=\partial_{i}\,%
	e^{2A}$"
	∇[[OPERATOR]] _{i}[[POSTSUBSCRIPT]] ([[OPEN]] ∂[[OPERATOR]] /[[MULOP]] ∂[[OPERATOR]] x[[UNKNOWN]] ^{-}[[POSTSUPERSCRIPT]] )[[CLOSE]] =[[RELOP]] 2[[NUMBER]] e[[UNKNOWN]] ^{2A}[[POSTSUPERSCRIPT]] Γ[[UNKNOWN]] ^{+}[[POSTSUPERSCRIPT]]
	        > {}_{i+}[[FLOATSUBSCRIPT]] =[[RELOP]] ∂[[OPERATOR]] _{i}[[POSTSUBSCRIPT]] e[[UNKNOWN]] ^{2A}[[POSTSUPERSCRIPT]]
Warning:not_parsed:ADDOP.UNKNOWN.POSTSUPERSCRIPT>OPEN MathParser failed to match rule 'Anything'
	at 0301187.tex; line 1714 col 0 - line 1717 col 3
	In "\begin{equation}ds^{2}=e^{2A(r)}[-4dx^{+}dx^{-}+{\cal H}dx^{+\,2}]+e^{2B(r)}[%
	dr^{2}+r^{2}d\Omega_{5}{}^{2}]+e^{2C(r)}(dy_{1}^{2}+dy_{2}^{2}),\end{equation}"
	d[[UNKNOWN]] s[[UNKNOWN]] ^{2}[[POSTSUPERSCRIPT]] =[[RELOP]] e[[UNKNOWN]] ^{2A(r)}[[POSTSUPERSCRIPT]] [[[OPEN]] -[[ADDOP]] 4[[NUMBER]] d[[UNKNOWN]] x[[UNKNOWN]] ^{+}[[POSTSUPERSCRIPT]] d[[UNKNOWN]] x[[UNKNOWN]] ^{-}[[POSTSUPERSCRIPT]] +[[ADDOP]] H[[UNKNOWN]] d[[UNKNOWN]] x[[UNKNOWN]] ^{+\,2}[[POSTSUPERSCRIPT]] ][[CLOSE]] +[[ADDOP]] e[[UNKNOWN]] ^{2B(r)}[[POSTSUPERSCRIPT]]
	        > [[[OPEN]] d[[UNKNOWN]] r[[UNKNOWN]] ^{2}[[POSTSUPERSCRIPT]] +[[ADDOP]] r[[UNKNOWN]] ^{2}[[POSTSUPERSCRIPT]] d[[UNKNOWN]] Ω[[UNKNOWN]] _{5}[[POSTSUBSCRIPT]] {}^{2}[[FLOATSUPERSCRIPT]] ][[CLOSE]] +[[ADDOP]] e[[UNKNOWN]] ^{2C(r)}[[POSTSUPERSCRIPT]] ([[OPEN]] d[[UNKNOWN]] y[[UNKNOWN]] _{1}[[POSTSUBSCRIPT]] ^{2}[[POSTSUPERSCRIPT]] +[[ADDOP]] d[[UNKNOWN]] y[[UNKNOWN]] _{2}[[POSTSUBSCRIPT]] ^{2}[[POSTSUPERSCRIPT]] )[[CLOSE]]
Warning:not_parsed:>OPEN MathParser failed to match rule 'Anything'
	at 0301187.tex; line 1737 col 9 - line 1737 col 19
	In "$(+-),(ab)$"
	> ([[OPEN]] +[[ADDOP]] -[[ADDOP]] )[[CLOSE]] ,[[PUNCT]] ([[OPEN]] a[[UNKNOWN]] b[[UNKNOWN]] )[[CLOSE]]
Warning:not_parsed:CLOSE.POSTSUPERSCRIPT.CLOSE>FLOATSUPERSCRIPT MathParser failed to match rule 'Anything'
	at 0301187.tex; line 1792 col 0 - line 1797 col 3
	In "\begin{equation}\biggl{[}\biggl{(}e^{-8\hat{A}/3}\biggr{)}^{\prime}\biggr{]}{}%
	^{2}-\lambda^{2}\biggl{(}e^{-8\hat{A}/3}\biggr{)}^{2}\biggl{(}\frac{f^{\prime}%
	}{f}\biggr{)}^{2}=16\frac{L^{8}}{r^{10}g^{2}},\end{equation}"
	[[[OPEN]] ([[OPEN]] e[[UNKNOWN]] ^{-8\hat{A}/3}[[POSTSUPERSCRIPT]] )[[CLOSE]] ^{\prime}[[POSTSUPERSCRIPT]] ][[CLOSE]]
	        > {}^{2}[[FLOATSUPERSCRIPT]] -[[ADDOP]] λ[[UNKNOWN]] ^{2}[[POSTSUPERSCRIPT]] ([[OPEN]] e[[UNKNOWN]] ^{-8\hat{A}/3}[[POSTSUPERSCRIPT]] )[[CLOSE]] ^{2}[[POSTSUPERSCRIPT]] ([[OPEN]] \frac{f^{\prime}}{f}[[UNKNOWN]] )[[CLOSE]] ^{2}[[POSTSUPERSCRIPT]] =[[RELOP]] 16[[NUMBER]] \frac{L^{8}}{r^{10}g^{2}}[[UNKNOWN]]
Warning:not_parsed:POSTSUPERSCRIPT.RELOP.NUMBER>MULOP MathParser failed to match rule 'Anything'
	at 0301187.tex; line 1925 col 1 - line 1925 col 1
	In "$\displaystyle F_{5}^{(0)}=2\cdot(1+*)\,dx^{+}\wedge dx^{-}\wedge dx\wedge dy%
	\wedge de^{2D},\@@ENDINLINEMATH"
	F[[UNKNOWN]] _{5}[[POSTSUBSCRIPT]] ^{(0)}[[POSTSUPERSCRIPT]] =[[RELOP]] 2[[NUMBER]]
	        > ⋅[[MULOP]] ([[OPEN]] 1[[NUMBER]] +[[ADDOP]] *[[MULOP]] )[[CLOSE]] d[[UNKNOWN]] x[[UNKNOWN]] ^{+}[[POSTSUPERSCRIPT]] ∧[[ADDOP]] d[[UNKNOWN]] x[[UNKNOWN]] ^{-}[[POSTSUPERSCRIPT]] ∧[[ADDOP]] d[[UNKNOWN]] x[[UNKNOWN]] ∧[[ADDOP]] d[[UNKNOWN]] y[[UNKNOWN]] ∧[[ADDOP]] d[[UNKNOWN]] e[[UNKNOWN]] ^{2D}[[POSTSUPERSCRIPT]]
Warning:not_parsed:NUMBER>MULOP MathParser failed to match rule 'Anything'
	at 0301187.tex; line 1925 col 13 - line 1927 col 1
	In "$\displaystyle 2\cdot(1+*)\,dx^{+}\wedge dx^{-}\wedge dx\wedge dy\wedge de^{2D%
	},$"
	2[[NUMBER]]
	        > ⋅[[MULOP]] ([[OPEN]] 1[[NUMBER]] +[[ADDOP]] *[[MULOP]] )[[CLOSE]] d[[UNKNOWN]] x[[UNKNOWN]] ^{+}[[POSTSUPERSCRIPT]] ∧[[ADDOP]] d[[UNKNOWN]] x[[UNKNOWN]] ^{-}[[POSTSUPERSCRIPT]] ∧[[ADDOP]] d[[UNKNOWN]] x[[UNKNOWN]] ∧[[ADDOP]] d[[UNKNOWN]] y[[UNKNOWN]] ∧[[ADDOP]] d[[UNKNOWN]] e[[UNKNOWN]] ^{2D}[[POSTSUPERSCRIPT]]
Warning:not_parsed:UNKNOWN.CLOSE.POSTSUPERSCRIPT>PUNCT MathParser failed to match rule 'Anything'
	at 0301187.tex; line 1937 col 1 - line 1937 col 1
	In "$\displaystyle T_{\mu\nu}^{(0)}=-{\textstyle{{\scriptstyle{1}}\over{%
	\scriptstyle{4}}}}g_{\mu\nu}e^{-4A-2B-4C+4D}(\partial_{i}D)^{2}\quad(\mu,\nu=+%
	,-,x,y),\@@ENDINLINEMATH"
	T[[UNKNOWN]] _{\mu\nu}[[POSTSUBSCRIPT]] ^{(0)}[[POSTSUPERSCRIPT]] =[[RELOP]] -[[ADDOP]] {\scriptstyle{1}}\over{\scriptstyle{4}}[[UNKNOWN]] g[[UNKNOWN]] _{\mu\nu}[[POSTSUBSCRIPT]] e[[UNKNOWN]] ^{-4A-2B-4C+4D}[[POSTSUPERSCRIPT]] ([[OPEN]] ∂[[OPERATOR]] _{i}[[POSTSUBSCRIPT]] D[[UNKNOWN]] )[[CLOSE]] ^{2}[[POSTSUPERSCRIPT]]
	        > $\displaystyleT_{\mu\nu}^{(0)}=-{\textstyle{{\scriptstyle{1}}\over{\scriptstyle{4}}}}g_{\mu\nu}e^{-4A-2B-4C+4D}(\partial_{i}D)^{2}\quad(\mu,\nu=+,-,x,y),\@@ENDINLINEMATH[[PUNCT]] ([[OPEN]] μ[[UNKNOWN]] ,[[PUNCT]] ν[[UNKNOWN]] =[[RELOP]] +[[ADDOP]] ,[[PUNCT]] -[[ADDOP]] ,[[PUNCT]] x[[UNKNOWN]] ,[[PUNCT]] y[[UNKNOWN]] )[[CLOSE]]
Warning:not_parsed:UNKNOWN.CLOSE.POSTSUPERSCRIPT>PUNCT MathParser failed to match rule 'Anything'
	at 0301187.tex; line 1937 col 20 - line 1939 col 1
	In "$\displaystyle-{\textstyle{{\scriptstyle{1}}\over{\scriptstyle{4}}}}g_{\mu\nu}%
	e^{-4A-2B-4C+4D}(\partial_{i}D)^{2}\quad(\mu,\nu=+,-,x,y),$"
	-[[ADDOP]] {\scriptstyle{1}}\over{\scriptstyle{4}}[[UNKNOWN]] g[[UNKNOWN]] _{\mu\nu}[[POSTSUBSCRIPT]] e[[UNKNOWN]] ^{-4A-2B-4C+4D}[[POSTSUPERSCRIPT]] ([[OPEN]] ∂[[OPERATOR]] _{i}[[POSTSUBSCRIPT]] D[[UNKNOWN]] )[[CLOSE]] ^{2}[[POSTSUPERSCRIPT]]
	        > $\displaystyle-{\textstyle{{\scriptstyle{1}}\over{\scriptstyle{4}}}}g_{\mu\nu}e^{-4A-2B-4C+4D}(\partial_{i}D)^{2}\quad(\mu,\nu=+,-,x,y),$[[PUNCT]] ([[OPEN]] μ[[UNKNOWN]] ,[[PUNCT]] ν[[UNKNOWN]] =[[RELOP]] +[[ADDOP]] ,[[PUNCT]] -[[ADDOP]] ,[[PUNCT]] x[[UNKNOWN]] ,[[PUNCT]] y[[UNKNOWN]] )[[CLOSE]]
Warning:not_parsed:ADDOP.UNKNOWN.POSTSUPERSCRIPT>OPEN MathParser failed to match rule 'Anything'
	at 0301187.tex; line 2068 col 1 - line 2068 col 1
	In "$\displaystyle ds^{2}=e^{2A(r)}[-4dx^{+}dx^{-}+{\cal H}(r,x,y,w,z)dx^{+\,2}]+e%
	^{2B(r)}[dr^{2}+r^{2}d\Omega_{3}{}^{2}]+e^{2C(r)}(dx^{2}+dy^{2})+e^{2D(r)}(dw^%
	{2}+dz^{2}),\@@ENDINLINEMATH"
	d[[UNKNOWN]] s[[UNKNOWN]] ^{2}[[POSTSUPERSCRIPT]] =[[RELOP]] e[[UNKNOWN]] ^{2A(r)}[[POSTSUPERSCRIPT]] [[[OPEN]] -[[ADDOP]] 4[[NUMBER]] d[[UNKNOWN]] x[[UNKNOWN]] ^{+}[[POSTSUPERSCRIPT]] d[[UNKNOWN]] x[[UNKNOWN]] ^{-}[[POSTSUPERSCRIPT]] +[[ADDOP]] H[[UNKNOWN]] ([[OPEN]] r[[UNKNOWN]] ,[[PUNCT]] x[[UNKNOWN]] ,[[PUNCT]] y[[UNKNOWN]] ,[[PUNCT]] w[[UNKNOWN]] ,[[PUNCT]] z[[UNKNOWN]] )[[CLOSE]] d[[UNKNOWN]] x[[UNKNOWN]] ^{+\,2}[[POSTSUPERSCRIPT]] ][[CLOSE]] +[[ADDOP]] e[[UNKNOWN]] ^{2B(r)}[[POSTSUPERSCRIPT]]
	        > [[[OPEN]] d[[UNKNOWN]] r[[UNKNOWN]] ^{2}[[POSTSUPERSCRIPT]] +[[ADDOP]] r[[UNKNOWN]] ^{2}[[POSTSUPERSCRIPT]] d[[UNKNOWN]] Ω[[UNKNOWN]] _{3}[[POSTSUBSCRIPT]] {}^{2}[[FLOATSUPERSCRIPT]] ][[CLOSE]] +[[ADDOP]] e[[UNKNOWN]] ^{2C(r)}[[POSTSUPERSCRIPT]] ([[OPEN]] d[[UNKNOWN]] x[[UNKNOWN]] ^{2}[[POSTSUPERSCRIPT]] +[[ADDOP]] d[[UNKNOWN]] y[[UNKNOWN]] ^{2}[[POSTSUPERSCRIPT]] )[[CLOSE]] +[[ADDOP]] e[[UNKNOWN]] ^{2D(r)}[[POSTSUPERSCRIPT]] ([[OPEN]] d[[UNKNOWN]] w[[UNKNOWN]] ^{2}[[POSTSUPERSCRIPT]] +[[ADDOP]] d[[UNKNOWN]] z[[UNKNOWN]] ^{2}[[POSTSUPERSCRIPT]] )[[CLOSE]]
Warning:not_parsed:ADDOP.UNKNOWN.POSTSUPERSCRIPT>OPEN MathParser failed to match rule 'Anything'
	at 0301187.tex; line 2069 col 3 - line 2071 col 1
	In "$\displaystyle+e^{2B(r)}[dr^{2}+r^{2}d\Omega_{3}{}^{2}]+e^{2C(r)}(dx^{2}+dy^{2%
	})+e^{2D(r)}(dw^{2}+dz^{2}),$"
	+[[ADDOP]] e[[UNKNOWN]] ^{2B(r)}[[POSTSUPERSCRIPT]]
	        > [[[OPEN]] d[[UNKNOWN]] r[[UNKNOWN]] ^{2}[[POSTSUPERSCRIPT]] +[[ADDOP]] r[[UNKNOWN]] ^{2}[[POSTSUPERSCRIPT]] d[[UNKNOWN]] Ω[[UNKNOWN]] _{3}[[POSTSUBSCRIPT]] {}^{2}[[FLOATSUPERSCRIPT]] ][[CLOSE]] +[[ADDOP]] e[[UNKNOWN]] ^{2C(r)}[[POSTSUPERSCRIPT]] ([[OPEN]] d[[UNKNOWN]] x[[UNKNOWN]] ^{2}[[POSTSUPERSCRIPT]] +[[ADDOP]] d[[UNKNOWN]] y[[UNKNOWN]] ^{2}[[POSTSUPERSCRIPT]] )[[CLOSE]] +[[ADDOP]] e[[UNKNOWN]] ^{2D(r)}[[POSTSUPERSCRIPT]] ([[OPEN]] d[[UNKNOWN]] w[[UNKNOWN]] ^{2}[[POSTSUPERSCRIPT]] +[[ADDOP]] d[[UNKNOWN]] z[[UNKNOWN]] ^{2}[[POSTSUPERSCRIPT]] )[[CLOSE]]
Warning:not_parsed:POSTSUPERSCRIPT.RELOP.NUMBER>MULOP MathParser failed to match rule 'Anything'
	at 0301187.tex; line 2071 col 1 - line 2071 col 1
	In "$\displaystyle F_{5}^{(0)}=2\cdot(1+*)\,dx^{+}\wedge dx^{-}\wedge dx\wedge dy%
	\wedge de^{2E(r)},\@@ENDINLINEMATH"
	F[[UNKNOWN]] _{5}[[POSTSUBSCRIPT]] ^{(0)}[[POSTSUPERSCRIPT]] =[[RELOP]] 2[[NUMBER]]
	        > ⋅[[MULOP]] ([[OPEN]] 1[[NUMBER]] +[[ADDOP]] *[[MULOP]] )[[CLOSE]] d[[UNKNOWN]] x[[UNKNOWN]] ^{+}[[POSTSUPERSCRIPT]] ∧[[ADDOP]] d[[UNKNOWN]] x[[UNKNOWN]] ^{-}[[POSTSUPERSCRIPT]] ∧[[ADDOP]] d[[UNKNOWN]] x[[UNKNOWN]] ∧[[ADDOP]] d[[UNKNOWN]] y[[UNKNOWN]] ∧[[ADDOP]] d[[UNKNOWN]] e[[UNKNOWN]] ^{2E(r)}[[POSTSUPERSCRIPT]]
Warning:not_parsed:NUMBER>MULOP MathParser failed to match rule 'Anything'
	at 0301187.tex; line 2071 col 15 - line 2073 col 1
	In "$\displaystyle 2\cdot(1+*)\,dx^{+}\wedge dx^{-}\wedge dx\wedge dy\wedge de^{2E%
	(r)},$"
	2[[NUMBER]]
	        > ⋅[[MULOP]] ([[OPEN]] 1[[NUMBER]] +[[ADDOP]] *[[MULOP]] )[[CLOSE]] d[[UNKNOWN]] x[[UNKNOWN]] ^{+}[[POSTSUPERSCRIPT]] ∧[[ADDOP]] d[[UNKNOWN]] x[[UNKNOWN]] ^{-}[[POSTSUPERSCRIPT]] ∧[[ADDOP]] d[[UNKNOWN]] x[[UNKNOWN]] ∧[[ADDOP]] d[[UNKNOWN]] y[[UNKNOWN]] ∧[[ADDOP]] d[[UNKNOWN]] e[[UNKNOWN]] ^{2E(r)}[[POSTSUPERSCRIPT]]
Warning:not_parsed:FLOATSUBSCRIPT>MULOP MathParser failed to match rule 'Anything'
	at 0301187.tex; line 2424 col 41 - line 2424 col 53
	In "${}_{5}\times S^{5}$"
	{}_{5}[[FLOATSUBSCRIPT]]
	        > ×[[MULOP]] S[[UNKNOWN]] ^{5}[[POSTSUPERSCRIPT]]
 25.03 sec)
Math parsing succeeded:
   ltx:XMath: 1087/1114
   ltx:XMArg: 3779/3779
Symbols assumed as simple identifiers (with # of occurences):
   'A{italic}' (197), 'B{italic}' (200), 'C{italic}' (86), 'Delta' (24), 'D{italic}' (30), 'E{italic}' (47), 'F{italic}' (115), 'Gamma' (33), 'G{caligraphic}' (39), 'G{italic}' (17), 'H{caligraphic}' (141), 'H{italic}' (144), 'J{caligraphic}' (4), 'J{italic}' (3), 'K{italic}' (12), 'L{caligraphic}' (8), 'L{italic}' (23), 'M{italic}' (29), 'N{caligraphic}' (2), 'N{italic}' (30), 'Omega' (28), 'O{italic}' (36), 'P{italic}' (4), 'Q{caligraphic}' (6), 'Q{italic}' (31), 'R{italic}' (57), 'S{italic}' (51), 'T{italic}' (26), 'alpha' (86), 'and' (4), 'a{italic}' (56), 'beta' (60), 'b{italic}' (48), 'c{italic}' (32), 'delta' (39), 'd{italic}' (724), 'epsilon' (5), 'e{italic}' (214), 'f{italic}' (169), 'gamma' (48), 'g{italic}' (204), 'h{italic}' (60), 'if' (8), 'i{italic}' (48), 'j{italic}' (34), 'k{italic}' (17), 'lambda' (47), 'l{italic}' (9), 'mu' (77), 'm{italic}' (1), 'nu' (10), 'n{italic}' (40), 'o{italic}' (1), 'phi' (39), 'pi' (1), 'p{italic}' (1), 'rho' (10), 'r{italic}' (512), 'sgn' (9), 'sigma' (2), 's{italic}' (49), 'tau' (6), 'theta' (86), 't{italic}' (31), 'w{italic}' (20), 'xi' (1), 'x{italic}' (358), 'y{italic}' (106), 'z{italic}' (166)
Set MATHPARSER_SPECULATE to speculate on possible notations.
(Finalizing... 4.30 sec)
Conversion complete 28 warnings (See /home/user/latex-in-arxiv/0301187.latexml.log) (reqd. 54.07s)
