latexml (LaTeXML version 0.8.6) processing 2003/0301001.tex
(Digesting TeX 0301001...
(Loading /usr/share/perl5/LaTeXML/Package/TeX.pool.ltxml...
(Loading /usr/share/perl5/LaTeXML/Package/eTeX.pool.ltxml... 0.00 sec)
(Loading /usr/share/perl5/LaTeXML/Package/pdfTeX.pool.ltxml... 0.01 sec) 0.14 sec)
(Processing content /home/user/latex-in-arxiv/2003/0301001.tex...
(Loading /usr/share/perl5/LaTeXML/Package/LaTeX.pool.ltxml...
(Loading /usr/share/perl5/LaTeXML/Package/textcomp.sty.ltxml...
(Processing definitions /usr/share/texlive/texmf-dist/tex/latex-dev/base/ts1enc.dfu... 0.02 sec) 1.08 sec) 1.22 sec)
(Loading /usr/share/perl5/LaTeXML/Package/article.cls.ltxml... 0.01 sec)
(Loading /usr/share/perl5/LaTeXML/Package/amsmath.sty.ltxml...
(Loading /usr/share/perl5/LaTeXML/Package/amsbsy.sty.ltxml...
(Loading /usr/share/perl5/LaTeXML/Package/amsgen.sty.ltxml... 0.00 sec) 0.01 sec)
(Loading /usr/share/perl5/LaTeXML/Package/amstext.sty.ltxml... 0.00 sec)
(Loading /usr/share/perl5/LaTeXML/Package/amsopn.sty.ltxml... 0.01 sec) 0.03 sec)
(Loading /usr/share/perl5/LaTeXML/Package/amsfonts.sty.ltxml... 0.00 sec)
(Loading /usr/share/perl5/LaTeXML/Package/amssymb.sty.ltxml... 0.01 sec)
(Loading /usr/share/perl5/LaTeXML/Package/latexsym.sty.ltxml... 0.00 sec)
(Loading /usr/share/perl5/LaTeXML/Package/cite.sty.ltxml... 0.00 sec)
Info:ignore:\section Ignoring redefinition of \section
	at 0301001.tex; line 85 col 0 - line 85 col 45
Info:ignore:\subsection Ignoring redefinition of \subsection
	at 0301001.tex; line 87 col 0 - line 87 col 41
Info:ignore:\thebibliography Ignoring redefinition of \thebibliography
	at 0301001.tex; line 97 col 0 - line 97 col 24
 4.63 sec) 4.82 sec)
(Building...
(Loading compiled schema /usr/share/perl5/LaTeXML/resources/RelaxNG/LaTeXML.model... 0.01 sec) 3.92 sec)
(Rewriting... 0.15 sec)
(Math Parsing 210 formulae ......
Warning:not_parsed:FLOATSUBSCRIPT.UNKNOWN.POSTSUPERSCRIPT>FLOATSUBSCRIPT MathParser failed to match rule 'Anything'
	at 0301001.tex; line 321 col 0 - line 323 col 1
	In "$C^{e}{}_{ab}C^{d}{}_{ec}+C^{e}{}_{bc}C^{d}{}_{ea}+C^{e}{}_{ca}C^{d}{}_{eb}=0.$"
	C[[UNKNOWN]] ^{e}[[POSTSUPERSCRIPT]] {}_{ab}[[FLOATSUBSCRIPT]] C[[UNKNOWN]] ^{d}[[POSTSUPERSCRIPT]]
	        > {}_{ec}[[FLOATSUBSCRIPT]] +[[ADDOP]] C[[UNKNOWN]] ^{e}[[POSTSUPERSCRIPT]] {}_{bc}[[FLOATSUBSCRIPT]] C[[UNKNOWN]] ^{d}[[POSTSUPERSCRIPT]] {}_{ea}[[FLOATSUBSCRIPT]] +[[ADDOP]] C[[UNKNOWN]] ^{e}[[POSTSUPERSCRIPT]] {}_{ca}[[FLOATSUBSCRIPT]] C[[UNKNOWN]] ^{d}[[POSTSUPERSCRIPT]] {}_{eb}[[FLOATSUBSCRIPT]] =[[RELOP]] 0[[NUMBER]]
Warning:not_parsed:OPEN.UNKNOWN> MathParser failed to match rule 'Subscript'
	at 0301001.tex; line 358 col 11 - line 358 col 11
	In "$\displaystyle\partial_{[\mu}A^{a}_{\nu]}=\,\frac{\partial H}{\partial\pi^{\nu%
	\mu}_{a}}\quad\!=\;\;\frac{1}{2}\pi_{\mu\nu}^{a}-\frac{1}{2}g\,C^{a}_{bc}A^{b}%
	_{\mu}A^{c}_{\nu}.\@@ENDINLINEMATH"
	[[[OPEN]] μ[[UNKNOWN]]
	        > 
Warning:not_parsed:UNKNOWN>CLOSE MathParser failed to match rule 'Subscript'
	at 0301001.tex; line 358 col 22 - line 358 col 22
	ν[[UNKNOWN]]
	        > ][[CLOSE]]
Warning:not_parsed:OPEN.UNKNOWN> MathParser failed to match rule 'Subscript'
	at 0301001.tex; line 358 col 11 - line 358 col 11
	In "$\displaystyle\partial_{[\mu}A^{a}_{\nu]}$"
	[[[OPEN]] μ[[UNKNOWN]]
	        > 
Warning:not_parsed:UNKNOWN>CLOSE MathParser failed to match rule 'Subscript'
	at 0301001.tex; line 358 col 22 - line 358 col 22
	ν[[UNKNOWN]]
	        > ][[CLOSE]]
Warning:not_parsed:OPEN.UNKNOWN> MathParser failed to match rule 'Subscript'
	at 0301001.tex; line 380 col 39 - line 380 col 39
	In "\begin{equation}\Omega:=d\pi_{a}^{\mu\nu}\wedge dA_{[\mu}^{a}\wedge\omega_{\nu%
	]}\end{equation}"
	[[[OPEN]] μ[[UNKNOWN]]
	        > 
Warning:not_parsed:UNKNOWN>CLOSE MathParser failed to match rule 'Subscript'
	at 0301001.tex; line 380 col 0 - line 380 col 60
	ν[[UNKNOWN]]
	        > ][[CLOSE]]
Warning:not_parsed:UNKNOWN.POSTSUPERSCRIPT>RELOP MathParser failed to match rule 'Anything'
	at 0301001.tex; line 471 col 7 - line 471 col 30
	In "$H^{1}=:H_{\mu}\gamma^{\mu}$"
	H[[UNKNOWN]] ^{1}[[POSTSUPERSCRIPT]]
	        > =[[RELOP]] :[[METARELOP]] H[[UNKNOWN]] _{\mu}[[POSTSUBSCRIPT]] γ[[UNKNOWN]] ^{\mu}[[POSTSUPERSCRIPT]]
Warning:not_parsed:OPEN.UNKNOWN> MathParser failed to match rule 'Subscript'
	at 0301001.tex; line 484 col 12 - line 484 col 12
	In "$\displaystyle i\partial_{[\mu}\psi_{\nu]}=H_{[\mu}\psi_{\nu]}.\@@ENDINLINEMATH"
	[[[OPEN]] μ[[UNKNOWN]]
	        > 
Warning:not_parsed:UNKNOWN>CLOSE MathParser failed to match rule 'Subscript'
	at 0301001.tex; line 484 col 25 - line 484 col 25
	ν[[UNKNOWN]]
	        > ][[CLOSE]]
Warning:not_parsed:OPEN.UNKNOWN> MathParser failed to match rule 'Subscript'
	at 0301001.tex; line 484 col 38 - line 484 col 38
	[[[OPEN]] μ[[UNKNOWN]]
	        > 
Warning:not_parsed:UNKNOWN>CLOSE MathParser failed to match rule 'Subscript'
	at 0301001.tex; line 484 col 50 - line 484 col 50
	ν[[UNKNOWN]]
	        > ][[CLOSE]]
Warning:not_parsed:OPEN.UNKNOWN> MathParser failed to match rule 'Subscript'
	at 0301001.tex; line 484 col 12 - line 484 col 12
	In "$\displaystyle i\partial_{[\mu}\psi_{\nu]}$"
	[[[OPEN]] μ[[UNKNOWN]]
	        > 
Warning:not_parsed:UNKNOWN>CLOSE MathParser failed to match rule 'Subscript'
	at 0301001.tex; line 484 col 25 - line 484 col 25
	ν[[UNKNOWN]]
	        > ][[CLOSE]]
Warning:not_parsed:OPEN.UNKNOWN> MathParser failed to match rule 'Subscript'
	at 0301001.tex; line 484 col 38 - line 484 col 38
	In "$\displaystyle H_{[\mu}\psi_{\nu]}.$"
	[[[OPEN]] μ[[UNKNOWN]]
	        > 
Warning:not_parsed:UNKNOWN>CLOSE MathParser failed to match rule 'Subscript'
	at 0301001.tex; line 484 col 50 - line 484 col 50
	ν[[UNKNOWN]]
	        > ][[CLOSE]]
Warning:not_parsed:OPEN.UNKNOWN> MathParser failed to match rule 'Subscript'
	at 0301001.tex; line 494 col 17 - line 494 col 17
	In "$$H^{0}i\partial_{[\mu}\psi_{\nu]}-H_{[\mu}H^{0}\psi_{\nu]}-H_{[\mu}H_{\nu]}%
	\psi=0,$$"
	[[[OPEN]] μ[[UNKNOWN]]
	        > 
Warning:not_parsed:UNKNOWN>CLOSE MathParser failed to match rule 'Subscript'
	at 0301001.tex; line 494 col 30 - line 494 col 30
	ν[[UNKNOWN]]
	        > ][[CLOSE]]
Warning:not_parsed:OPEN.UNKNOWN> MathParser failed to match rule 'Subscript'
	at 0301001.tex; line 494 col 41 - line 494 col 41
	[[[OPEN]] μ[[UNKNOWN]]
	        > 
Warning:not_parsed:UNKNOWN>CLOSE MathParser failed to match rule 'Subscript'
	at 0301001.tex; line 494 col 0 - line 494 col 58
	ν[[UNKNOWN]]
	        > ][[CLOSE]]
Warning:not_parsed:OPEN.UNKNOWN> MathParser failed to match rule 'Subscript'
	at 0301001.tex; line 495 col 10 - line 495 col 10
	[[[OPEN]] μ[[UNKNOWN]]
	        > 
Warning:not_parsed:UNKNOWN>CLOSE MathParser failed to match rule 'Subscript'
	at 0301001.tex; line 495 col 20 - line 495 col 20
	ν[[UNKNOWN]]
	        > ][[CLOSE]]
Warning:not_parsed:OPEN.UNKNOWN> MathParser failed to match rule 'Subscript'
	at 0301001.tex; line 500 col 18 - line 500 col 18
	In "\begin{equation}H^{0}(i\partial_{[\mu}\psi_{\nu]}-H_{[\mu}\psi_{\nu]})+[H^{0},%
	H_{[\mu}]\psi_{\nu]}-\frac{1}{2}[H_{\mu},H_{\nu}]\psi=0.\end{equation}"
	[[[OPEN]] μ[[UNKNOWN]]
	        > 
Warning:not_parsed:UNKNOWN>CLOSE MathParser failed to match rule 'Subscript'
	at 0301001.tex; line 500 col 31 - line 500 col 31
	ν[[UNKNOWN]]
	        > ][[CLOSE]]
Warning:not_parsed:OPEN.UNKNOWN> MathParser failed to match rule 'Subscript'
	at 0301001.tex; line 500 col 42 - line 500 col 42
	[[[OPEN]] μ[[UNKNOWN]]
	        > 
Warning:not_parsed:UNKNOWN>CLOSE MathParser failed to match rule 'Subscript'
	at 0301001.tex; line 500 col 54 - line 500 col 54
	ν[[UNKNOWN]]
	        > ][[CLOSE]]
Warning:not_parsed:OPEN.UNKNOWN> MathParser failed to match rule 'Subscript'
	at 0301001.tex; line 501 col 15 - line 501 col 15
	[[[OPEN]] μ[[UNKNOWN]]
	        > 
Warning:not_parsed:UNKNOWN>CLOSE MathParser failed to match rule 'Subscript'
	at 0301001.tex; line 501 col 29 - line 501 col 29
	ν[[UNKNOWN]]
	        > ][[CLOSE]]
Warning:not_parsed:OPEN.UNKNOWN> MathParser failed to match rule 'Subscript'
	at 0301001.tex; line 512 col 40 - line 512 col 40
	In "\begin{equation}{}[H_{\mu},H_{\nu}]=C^{e}{}_{cf}C^{d}{}_{eb}A^{b}_{l}A^{c}_{[%
	\mu}A^{f}_{\nu]}\frac{\partial}{\partial A^{d}_{l}}\neq 0.\end{equation}"
	[[[OPEN]] μ[[UNKNOWN]]
	        > 
Warning:not_parsed:UNKNOWN>CLOSE MathParser failed to match rule 'Subscript'
	at 0301001.tex; line 512 col 51 - line 512 col 51
	ν[[UNKNOWN]]
	        > ][[CLOSE]]
Warning:not_parsed:ADDOP.ADDOP>ID MathParser failed to match rule 'Anything'
	at 0301001.tex; line 612 col 27 - line 612 col 33
	In "$+-...-$"
	+[[ADDOP]] -[[ADDOP]]
	        > ...[[ID]] -[[ADDOP]]
Warning:not_parsed:INTOP.UNKNOWN.UNKNOWN>OPEN MathParser failed to match rule 'Anything'
	at 0301001.tex; line 614 col 1 - line 614 col 1
	In "$\displaystyle{{\bf H}}[A({\bf x}),p^{i}_{a}({\bf x})]:=\int\!d{\bf x}\,\left(%
	p^{i}_{a}({\bf x})\partial_{{}_{t}}A^{a}_{i}({\bf x})-L\right)=\int\!d{\bf x}%
	\,\left(\frac{1}{2}p^{i}_{a}({\bf x})p^{i}_{a}({\bf x})+\frac{1}{4}F_{a}{}^{ij%
	}({\bf x})F_{a}{}^{ij}({\bf x})\right).\@@ENDINLINEMATH"
	H[[UNKNOWN]] [[[OPEN]] A[[UNKNOWN]] ([[OPEN]] x[[UNKNOWN]] )[[CLOSE]] ,[[PUNCT]] p[[UNKNOWN]] ^{i}[[POSTSUPERSCRIPT]] _{a}[[POSTSUBSCRIPT]] ([[OPEN]] x[[UNKNOWN]] )[[CLOSE]] ][[CLOSE]] :=[[RELOP]] ∫[[INTOP]] d[[UNKNOWN]] x[[UNKNOWN]] \left([[OPEN]] p[[UNKNOWN]] ^{i}[[POSTSUPERSCRIPT]] _{a}[[POSTSUBSCRIPT]] ([[OPEN]] x[[UNKNOWN]] )[[CLOSE]] ∂[[OPERATOR]] _{{}_{t}}[[POSTSUBSCRIPT]] A[[UNKNOWN]] ^{a}[[POSTSUPERSCRIPT]] _{i}[[POSTSUBSCRIPT]] ([[OPEN]] x[[UNKNOWN]] )[[CLOSE]] -[[ADDOP]] L[[UNKNOWN]] \right)[[CLOSE]] =[[RELOP]] ∫[[INTOP]] d[[UNKNOWN]] x[[UNKNOWN]]
	        > \left([[OPEN]] \frac{1}{2}[[UNKNOWN]] p[[UNKNOWN]] ^{i}[[POSTSUPERSCRIPT]] _{a}[[POSTSUBSCRIPT]] ([[OPEN]] x[[UNKNOWN]] )[[CLOSE]] p[[UNKNOWN]] ^{i}[[POSTSUPERSCRIPT]] _{a}[[POSTSUBSCRIPT]] ([[OPEN]] x[[UNKNOWN]] )[[CLOSE]] +[[ADDOP]] \frac{1}{4}[[UNKNOWN]] F[[UNKNOWN]] _{a}[[POSTSUBSCRIPT]] {}^{ij}[[FLOATSUPERSCRIPT]] ([[OPEN]] x[[UNKNOWN]] )[[CLOSE]] F[[UNKNOWN]] _{a}[[POSTSUBSCRIPT]] {}^{ij}[[FLOATSUPERSCRIPT]] ([[OPEN]] x[[UNKNOWN]] )[[CLOSE]] \right)[[CLOSE]]
Warning:not_parsed:INTOP.UNKNOWN.UNKNOWN>OPEN MathParser failed to match rule 'Anything'
	at 0301001.tex; line 618 col 8 - line 622 col 5
	In "$\displaystyle\int\!d{\bf x}\,\left(\frac{1}{2}p^{i}_{a}({\bf x})p^{i}_{a}({%
	\bf x})+\frac{1}{4}F_{a}{}^{ij}({\bf x})F_{a}{}^{ij}({\bf x})\right).$"
	∫[[INTOP]] d[[UNKNOWN]] x[[UNKNOWN]]
	        > \left([[OPEN]] \frac{1}{2}[[UNKNOWN]] p[[UNKNOWN]] ^{i}[[POSTSUPERSCRIPT]] _{a}[[POSTSUBSCRIPT]] ([[OPEN]] x[[UNKNOWN]] )[[CLOSE]] p[[UNKNOWN]] ^{i}[[POSTSUPERSCRIPT]] _{a}[[POSTSUBSCRIPT]] ([[OPEN]] x[[UNKNOWN]] )[[CLOSE]] +[[ADDOP]] \frac{1}{4}[[UNKNOWN]] F[[UNKNOWN]] _{a}[[POSTSUBSCRIPT]] {}^{ij}[[FLOATSUPERSCRIPT]] ([[OPEN]] x[[UNKNOWN]] )[[CLOSE]] F[[UNKNOWN]] _{a}[[POSTSUBSCRIPT]] {}^{ij}[[FLOATSUPERSCRIPT]] ([[OPEN]] x[[UNKNOWN]] )[[CLOSE]] \right)[[CLOSE]]
Warning:not_parsed:UNKNOWN.POSTSUPERSCRIPT>RELOP MathParser failed to match rule 'Anything'
	at 0301001.tex; line 625 col 27 - line 625 col 42
	In "$x^{\mu}=:({\bf x},t)$"
	x[[UNKNOWN]] ^{\mu}[[POSTSUPERSCRIPT]]
	        > =[[RELOP]] :[[METARELOP]] ([[OPEN]] x[[UNKNOWN]] ,[[PUNCT]] t[[UNKNOWN]] )[[CLOSE]]
Warning:not_parsed:INTOP.UNKNOWN.UNKNOWN>OPEN MathParser failed to match rule 'Anything'
	at 0301001.tex; line 638 col 0 - line 644 col 4
	In "\begin{equation}i\partial_{t}{\bf\Psi}=\int\!d{\bf x}\,\left(-\frac{1}{2}\ %
	\frac{\delta}{\delta A^{i}_{a}({\bf x})}\frac{\delta}{\delta A^{i}_{a}({\bf x}%
	)}+\frac{1}{4}F_{a}{}^{ij}({\bf x})F_{a}{}^{ij}({\bf x})\right){\bf\Psi}.\end{equation}"
	i[[UNKNOWN]] ∂[[OPERATOR]] _{t}[[POSTSUBSCRIPT]] Ψ[[UNKNOWN]] =[[RELOP]] ∫[[INTOP]] d[[UNKNOWN]] x[[UNKNOWN]]
	        > \left([[OPEN]] -[[ADDOP]] \frac{1}{2}[[UNKNOWN]] \frac{\delta}{\deltaA^{i}_{a}({\bfx})}[[UNKNOWN]] \frac{\delta}{\deltaA^{i}_{a}({\bfx})}[[UNKNOWN]] +[[ADDOP]] \frac{1}{4}[[UNKNOWN]] F[[UNKNOWN]] _{a}[[POSTSUBSCRIPT]] {}^{ij}[[FLOATSUPERSCRIPT]] ([[OPEN]] x[[UNKNOWN]] )[[CLOSE]] F[[UNKNOWN]] _{a}[[POSTSUBSCRIPT]] {}^{ij}[[FLOATSUPERSCRIPT]] ([[OPEN]] x[[UNKNOWN]] )[[CLOSE]] \right)[[CLOSE]] Ψ[[UNKNOWN]]
Warning:not_parsed:UNKNOWN.POSTSUPERSCRIPT.CLOSE>RELOP MathParser failed to match rule 'Anything'
	at 0301001.tex; line 713 col 0 - line 717 col 4
	In "\begin{equation}{\bf\Psi}([A^{a}_{i}({\bf x})],t)=tr\left\{(1+\beta)e^{%
	\varkappa\int d{\bf x}\ln\Psi_{\Sigma}(A_{i}^{a}({\bf x}),{\bf x},t)}\right\}=%
	:tr\left\{||{\bf\Psi}||\right\},\end{equation}"
	Ψ[[UNKNOWN]] ([[OPEN]] [[[OPEN]] A[[UNKNOWN]] ^{a}[[POSTSUPERSCRIPT]] _{i}[[POSTSUBSCRIPT]] ([[OPEN]] x[[UNKNOWN]] )[[CLOSE]] ][[CLOSE]] ,[[PUNCT]] t[[UNKNOWN]] )[[CLOSE]] =[[RELOP]] t[[UNKNOWN]] r[[UNKNOWN]] \left\{[[OPEN]] ([[OPEN]] 1[[NUMBER]] +[[ADDOP]] β[[UNKNOWN]] )[[CLOSE]] e[[UNKNOWN]] ^{\varkappa\intd{\bfx}\ln\Psi_{\Sigma}(A_{i}^{a}({\bfx}),{\bfx},t)}[[POSTSUPERSCRIPT]] \right\}[[CLOSE]]
	        > =[[RELOP]] :[[METARELOP]] t[[UNKNOWN]] r[[UNKNOWN]] \left\{[[OPEN]] |[[VERTBAR]] |[[VERTBAR]] Ψ[[UNKNOWN]] |[[VERTBAR]] |[[VERTBAR]] \right\}[[CLOSE]]
Warning:not_parsed:UNKNOWN.UNKNOWN>OPEN MathParser failed to match rule 'Anything'
	at 0301001.tex; line 753 col 6 - line 756 col 1
	In "$\displaystyle tr\left\{||{\bf\Psi}||\left(\varkappa^{2}\Psi_{\Sigma}^{-1}%
	\frac{\partial}{\partial A_{a}^{i}}\Psi_{\Sigma}\Psi_{\Sigma}^{-1}\frac{%
	\partial}{\partial A_{a}^{i}}\Psi_{\Sigma}\right.\right.$"
	t[[UNKNOWN]] r[[UNKNOWN]]
	        > \left\{[[OPEN]] |[[VERTBAR]] |[[VERTBAR]] Ψ[[UNKNOWN]] |[[VERTBAR]] |[[VERTBAR]] \left([[OPEN]] ϰ[[UNKNOWN]] ^{2}[[POSTSUPERSCRIPT]] Ψ[[UNKNOWN]] _{\Sigma}[[POSTSUBSCRIPT]] ^{-1}[[POSTSUPERSCRIPT]] \frac{\partial}{\partialA_{a}^{i}}[[UNKNOWN]] Ψ[[UNKNOWN]] _{\Sigma}[[POSTSUBSCRIPT]] Ψ[[UNKNOWN]] _{\Sigma}[[POSTSUBSCRIPT]] ^{-1}[[POSTSUPERSCRIPT]] \frac{\partial}{\partialA_{a}^{i}}[[UNKNOWN]] Ψ[[UNKNOWN]] _{\Sigma}[[POSTSUBSCRIPT]]
Warning:not_parsed:ATOM.UNKNOWN.POSTSUBSCRIPT>CLOSE MathParser failed to match rule 'Anything'
	at 0301001.tex; line 756 col 10 - line 761 col 5
	In "$\displaystyle\left.\left.-\varkappa\delta^{n-1}(0)\Psi_{\Sigma}^{-1}\frac{%
	\partial}{\partial A_{a}^{i}}\Psi_{\Sigma}\Psi_{\Sigma}^{-1}\frac{\partial}{%
	\partial A_{a}^{i}}\Psi_{\Sigma}+\varkappa\delta^{n-1}(0)\Psi_{\Sigma}^{-1}%
	\frac{\partial^{2}}{\partial A_{a}^{i}\partial A_{a}^{i}}\Psi_{\Sigma}\right)%
	\right\}.$"
	-[[ADDOP]] ϰ[[UNKNOWN]] δ[[UNKNOWN]] ^{n-1}[[POSTSUPERSCRIPT]] ([[OPEN]] 0[[NUMBER]] )[[CLOSE]] Ψ[[UNKNOWN]] _{\Sigma}[[POSTSUBSCRIPT]] ^{-1}[[POSTSUPERSCRIPT]] \frac{\partial}{\partialA_{a}^{i}}[[UNKNOWN]] Ψ[[UNKNOWN]] _{\Sigma}[[POSTSUBSCRIPT]] Ψ[[UNKNOWN]] _{\Sigma}[[POSTSUBSCRIPT]] ^{-1}[[POSTSUPERSCRIPT]] \frac{\partial}{\partialA_{a}^{i}}[[UNKNOWN]] Ψ[[UNKNOWN]] _{\Sigma}[[POSTSUBSCRIPT]] +[[ADDOP]] ϰ[[UNKNOWN]] δ[[UNKNOWN]] ^{n-1}[[POSTSUPERSCRIPT]] ([[OPEN]] 0[[NUMBER]] )[[CLOSE]] Ψ[[UNKNOWN]] _{\Sigma}[[POSTSUBSCRIPT]] ^{-1}[[POSTSUPERSCRIPT]] \frac{\partial^{2}}{\partialA_{a}^{i}\partialA_{a}^{i}}[[UNKNOWN]] Ψ[[UNKNOWN]] _{\Sigma}[[POSTSUBSCRIPT]]
	        > \right)[[CLOSE]] \right\}[[CLOSE]]
Warning:not_parsed:OPEN.UNKNOWN> MathParser failed to match rule 'Subscript'
	at 0301001.tex; line 800 col 11 - line 800 col 11
	In "$\displaystyle i\partial_{t}\Psi_{\Sigma}=-i\alpha^{i}\left(\frac{d}{dx^{i}}-%
	\partial_{[i}A{}^{a}_{j]}({\bf x})\frac{\partial}{\partial A^{a}_{j}}\right)%
	\Psi_{\Sigma}+\beta\widehat{H}\Psi_{\Sigma},\@@ENDINLINEMATH"
	[[[OPEN]] i[[UNKNOWN]]
	        > 
Warning:not_parsed:UNKNOWN>CLOSE MathParser failed to match rule 'Subscript'
	at 0301001.tex; line 800 col 22 - line 800 col 22
	j[[UNKNOWN]]
	        > ][[CLOSE]]
Warning:not_parsed:UNKNOWN.UNKNOWN.POSTSUPERSCRIPT>OPEN MathParser failed to match rule 'Anything'
	at 0301001.tex; line 799 col 1 - line 799 col 1
	i[[UNKNOWN]] ∂[[OPERATOR]] _{t}[[POSTSUBSCRIPT]] Ψ[[UNKNOWN]] _{\Sigma}[[POSTSUBSCRIPT]] =[[RELOP]] -[[ADDOP]] i[[UNKNOWN]] α[[UNKNOWN]] ^{i}[[POSTSUPERSCRIPT]]
	        > \left([[OPEN]] \frac{d}{dx^{i}}[[UNKNOWN]] -[[ADDOP]] ∂[[OPERATOR]] _{[i}[[POSTSUBSCRIPT]] A[[UNKNOWN]] {}^{a}[[FLOATSUPERSCRIPT]] _{j]}[[POSTSUBSCRIPT]] ([[OPEN]] x[[UNKNOWN]] )[[CLOSE]] \frac{\partial}{\partialA^{a}_{j}}[[UNKNOWN]] \right)[[CLOSE]] Ψ[[UNKNOWN]] _{\Sigma}[[POSTSUBSCRIPT]] +[[ADDOP]] β[[UNKNOWN]] \widehat{H}[[UNKNOWN]] Ψ[[UNKNOWN]] _{\Sigma}[[POSTSUBSCRIPT]]
Warning:not_parsed:OPEN.UNKNOWN> MathParser failed to match rule 'Subscript'
	at 0301001.tex; line 800 col 11 - line 800 col 11
	In "$\displaystyle i\partial_{t}\Psi_{\Sigma}=-i\alpha^{i}\left(\frac{d}{dx^{i}}-%
	\partial_{[i}A{}^{a}_{j]}({\bf x})\frac{\partial}{\partial A^{a}_{j}}\right)%
	\Psi_{\Sigma}+\beta\widehat{H}\Psi_{\Sigma},$"
	[[[OPEN]] i[[UNKNOWN]]
	        > 
Warning:not_parsed:UNKNOWN>CLOSE MathParser failed to match rule 'Subscript'
	at 0301001.tex; line 800 col 22 - line 800 col 22
	j[[UNKNOWN]]
	        > ][[CLOSE]]
Warning:not_parsed:UNKNOWN.UNKNOWN.POSTSUPERSCRIPT>OPEN MathParser failed to match rule 'Anything'
	at 0301001.tex; line 799 col 1 - line 802 col 5
	i[[UNKNOWN]] ∂[[OPERATOR]] _{t}[[POSTSUBSCRIPT]] Ψ[[UNKNOWN]] _{\Sigma}[[POSTSUBSCRIPT]] =[[RELOP]] -[[ADDOP]] i[[UNKNOWN]] α[[UNKNOWN]] ^{i}[[POSTSUPERSCRIPT]]
	        > \left([[OPEN]] \frac{d}{dx^{i}}[[UNKNOWN]] -[[ADDOP]] ∂[[OPERATOR]] _{[i}[[POSTSUBSCRIPT]] A[[UNKNOWN]] {}^{a}[[FLOATSUPERSCRIPT]] _{j]}[[POSTSUBSCRIPT]] ([[OPEN]] x[[UNKNOWN]] )[[CLOSE]] \frac{\partial}{\partialA^{a}_{j}}[[UNKNOWN]] \right)[[CLOSE]] Ψ[[UNKNOWN]] _{\Sigma}[[POSTSUBSCRIPT]] +[[ADDOP]] β[[UNKNOWN]] \widehat{H}[[UNKNOWN]] Ψ[[UNKNOWN]] _{\Sigma}[[POSTSUBSCRIPT]]
Warning:not_parsed:OPEN.UNKNOWN> MathParser failed to match rule 'Subscript'
	at 0301001.tex; line 817 col 36 - line 817 col 36
	In "$\partial_{[i}A{}^{a}{}_{j]}({\bf x})$"
	[[[OPEN]] i[[UNKNOWN]]
	        > 
Warning:not_parsed:UNKNOWN>CLOSE MathParser failed to match rule 'Subscript'
	at 0301001.tex; line 817 col 49 - line 817 col 49
	j[[UNKNOWN]]
	        > ][[CLOSE]]
Warning:not_parsed:OPERATOR.POSTSUBSCRIPT.UNKNOWN>FLOATSUPERSCRIPT MathParser failed to match rule 'Anything'
	at 0301001.tex; line 817 col 31 - line 817 col 56
	∂[[OPERATOR]] _{[i}[[POSTSUBSCRIPT]] A[[UNKNOWN]]
	        > {}^{a}[[FLOATSUPERSCRIPT]] {}_{j]}[[FLOATSUBSCRIPT]] ([[OPEN]] x[[UNKNOWN]] )[[CLOSE]]
Warning:not_parsed:OPEN.UNKNOWN> MathParser failed to match rule 'Superscript'
	at 0301001.tex; line 826 col 13 - line 826 col 13
	In "$$\gamma^{(i}\frac{\partial}{\partial A^{a}_{j)}}\Psi(1+\beta)=0.$$"
	([[OPEN]] i[[UNKNOWN]]
	        > 
Warning:not_parsed:UNKNOWN>CLOSE MathParser failed to match rule 'Subscript'
	at 0301001.tex; line 826 col 40 - line 826 col 40
	j[[UNKNOWN]]
	        > )[[CLOSE]]
Warning:not_parsed:OPEN.UNKNOWN> MathParser failed to match rule 'Subscript'
	at 0301001.tex; line 849 col 15 - line 849 col 15
	In "$\displaystyle||\widehat{{\bf H}}||=\int d{\bf x}\left(-\frac{1}{2}\frac{%
	\delta^{2}}{\delta A_{i}^{a}({\bf x})\delta A_{i}^{a}({\bf x})}-\frac{ig}{2}C^%
	{a}{}_{bc}A^{b}_{i}({\bf x})A^{c}_{j}({\bf x})\gamma^{j}\frac{\delta}{\delta A%
	^{a}_{i}({\bf x})}\right.\qquad\qquad+i\partial_{{[i}}A^{a}_{j]}({\bf x})%
	\gamma^{i}\frac{\delta}{\delta A^{a}_{j}({\bf x})}\left.\phantom{\frac{1}{1}}%
	\right).\@@ENDINLINEMATH"
	[[[OPEN]] i[[UNKNOWN]]
	        > 
Warning:not_parsed:UNKNOWN>CLOSE MathParser failed to match rule 'Subscript'
	at 0301001.tex; line 849 col 24 - line 849 col 24
	j[[UNKNOWN]]
	        > ][[CLOSE]]
Warning:not_parsed:INTOP.UNKNOWN.UNKNOWN>OPEN MathParser failed to match rule 'Anything'
	at 0301001.tex; line 843 col 23 - line 848 col 1
	In "$\displaystyle\int d{\bf x}\left(-\frac{1}{2}\frac{\delta^{2}}{\delta A_{i}^{a%
	}({\bf x})\delta A_{i}^{a}({\bf x})}-\frac{ig}{2}C^{a}{}_{bc}A^{b}_{i}({\bf x}%
	)A^{c}_{j}({\bf x})\gamma^{j}\frac{\delta}{\delta A^{a}_{i}({\bf x})}\right.$"
	∫[[INTOP]] d[[UNKNOWN]] x[[UNKNOWN]]
	        > \left([[OPEN]] -[[ADDOP]] \frac{1}{2}[[UNKNOWN]] \frac{\delta^{2}}{\deltaA_{i}^{a}({\bfx})\deltaA_{i}^{a}({\bfx})}[[UNKNOWN]] -[[ADDOP]] \frac{ig}{2}[[UNKNOWN]] C[[UNKNOWN]] ^{a}[[POSTSUPERSCRIPT]] {}_{bc}[[FLOATSUBSCRIPT]] A[[UNKNOWN]] ^{b}[[POSTSUPERSCRIPT]] _{i}[[POSTSUBSCRIPT]] ([[OPEN]] x[[UNKNOWN]] )[[CLOSE]] A[[UNKNOWN]] ^{c}[[POSTSUPERSCRIPT]] _{j}[[POSTSUBSCRIPT]] ([[OPEN]] x[[UNKNOWN]] )[[CLOSE]] γ[[UNKNOWN]] ^{j}[[POSTSUPERSCRIPT]] \frac{\delta}{\deltaA^{a}_{i}({\bfx})}[[UNKNOWN]]
Warning:not_parsed:OPEN.UNKNOWN> MathParser failed to match rule 'Subscript'
	at 0301001.tex; line 849 col 15 - line 849 col 15
	In "$\displaystyle\qquad\qquad+i\partial_{{[i}}A^{a}_{j]}({\bf x})\gamma^{i}\frac{%
	\delta}{\delta A^{a}_{j}({\bf x})}\left.\phantom{\frac{1}{1}}\right).$"
	[[[OPEN]] i[[UNKNOWN]]
	        > 
Warning:not_parsed:UNKNOWN>CLOSE MathParser failed to match rule 'Subscript'
	at 0301001.tex; line 849 col 24 - line 849 col 24
	j[[UNKNOWN]]
	        > ][[CLOSE]]
Warning:not_parsed:UNKNOWN.POSTSUPERSCRIPT.ATOM>CLOSE MathParser failed to match rule 'Anything'
	at 0301001.tex; line 848 col 10 - line 851 col 5
	+[[ADDOP]] i[[UNKNOWN]] ∂[[OPERATOR]] _{{[i}}[[POSTSUBSCRIPT]] A[[UNKNOWN]] ^{a}[[POSTSUPERSCRIPT]] _{j]}[[POSTSUBSCRIPT]] ([[OPEN]] x[[UNKNOWN]] )[[CLOSE]] γ[[UNKNOWN]] ^{i}[[POSTSUPERSCRIPT]] \frac{\delta}{\deltaA^{a}_{j}({\bfx})}[[UNKNOWN]]
	        > \right)[[CLOSE]]
Warning:not_parsed:OPEN.UNKNOWN> MathParser failed to match rule 'Subscript'
	at 0301001.tex; line 877 col 13 - line 877 col 13
	In "$\displaystyle e^{-i{\bf N}}||\widehat{{{\bf H}}}||e^{i{\bf N}}=\frac{1}{2}%
	\int\!d{\bf x}\,\left(-\frac{\delta^{2}i{\bf N}}{\delta^{2}A({\bf x})}-\left(%
	\frac{\delta i{\bf N}}{\delta A({\bf x})}\right)^{2}-2\frac{\delta i{\bf N}}{%
	\delta A({\bf x})}\frac{\delta}{\delta A({\bf x})}-\frac{\delta^{2}}{\delta^{2%
	}A({\bf x})}\right.\left.+\;2e^{-i{\bf N}}\left[-\frac{ig}{2}C^{a}{}_{bc}A^{b}%
	_{j}({\bf x})A^{c}_{i}({\bf x})+i\partial_{[i}A^{a}_{j]}({\bf x})\right]\gamma%
	^{i}e^{i{\bf N}}\left(\frac{\delta i{\bf N}}{\delta A^{a}_{j}({\bf x})}+\frac{%
	\delta}{\delta A^{a}_{j}({\bf x})}\right)\right).\@@ENDINLINEMATH"
	[[[OPEN]] i[[UNKNOWN]]
	        > 
Warning:not_parsed:UNKNOWN>CLOSE MathParser failed to match rule 'Subscript'
	at 0301001.tex; line 877 col 22 - line 877 col 22
	j[[UNKNOWN]]
	        > ][[CLOSE]]
Warning:not_parsed:INTOP.UNKNOWN.UNKNOWN>OPEN MathParser failed to match rule 'Anything'
	at 0301001.tex; line 865 col 10 - line 872 col 1
	In "$\displaystyle\frac{1}{2}\int\!d{\bf x}\,\left(-\frac{\delta^{2}i{\bf N}}{%
	\delta^{2}A({\bf x})}-\left(\frac{\delta i{\bf N}}{\delta A({\bf x})}\right)^{%
	2}-2\frac{\delta i{\bf N}}{\delta A({\bf x})}\frac{\delta}{\delta A({\bf x})}-%
	\frac{\delta^{2}}{\delta^{2}A({\bf x})}\right.$"
	\frac{1}{2}[[UNKNOWN]] ∫[[INTOP]] d[[UNKNOWN]] x[[UNKNOWN]]
	        > \left([[OPEN]] -[[ADDOP]] \frac{\delta^{2}i{\bfN}}{\delta^{2}A({\bfx})}[[UNKNOWN]] -[[ADDOP]] \left([[OPEN]] \frac{\deltai{\bfN}}{\deltaA({\bfx})}[[UNKNOWN]] \right)[[CLOSE]] ^{2}[[POSTSUPERSCRIPT]] -[[ADDOP]] 2[[NUMBER]] \frac{\deltai{\bfN}}{\deltaA({\bfx})}[[UNKNOWN]] \frac{\delta}{\deltaA({\bfx})}[[UNKNOWN]] -[[ADDOP]] \frac{\delta^{2}}{\delta^{2}A({\bfx})}[[UNKNOWN]]
Warning:not_parsed:OPEN.UNKNOWN> MathParser failed to match rule 'Subscript'
	at 0301001.tex; line 877 col 13 - line 877 col 13
	In "$\displaystyle\left.+\;2e^{-i{\bf N}}\left[-\frac{ig}{2}C^{a}{}_{bc}A^{b}_{j}(%
	{\bf x})A^{c}_{i}({\bf x})+i\partial_{[i}A^{a}_{j]}({\bf x})\right]\gamma^{i}e%
	^{i{\bf N}}\left(\frac{\delta i{\bf N}}{\delta A^{a}_{j}({\bf x})}+\frac{%
	\delta}{\delta A^{a}_{j}({\bf x})}\right)\right).$"
	[[[OPEN]] i[[UNKNOWN]]
	        > 
Warning:not_parsed:UNKNOWN>CLOSE MathParser failed to match rule 'Subscript'
	at 0301001.tex; line 877 col 22 - line 877 col 22
	j[[UNKNOWN]]
	        > ][[CLOSE]]
Warning:not_parsed:ADDOP.ATOM.CLOSE>CLOSE MathParser failed to match rule 'Anything'
	at 0301001.tex; line 872 col 0 - line 881 col 5
	+[[ADDOP]] 2[[NUMBER]] e[[UNKNOWN]] ^{-i{\bfN}}[[POSTSUPERSCRIPT]] \left[[[OPEN]] -[[ADDOP]] \frac{ig}{2}[[UNKNOWN]] C[[UNKNOWN]] ^{a}[[POSTSUPERSCRIPT]] {}_{bc}[[FLOATSUBSCRIPT]] A[[UNKNOWN]] ^{b}[[POSTSUPERSCRIPT]] _{j}[[POSTSUBSCRIPT]] ([[OPEN]] x[[UNKNOWN]] )[[CLOSE]] A[[UNKNOWN]] ^{c}[[POSTSUPERSCRIPT]] _{i}[[POSTSUBSCRIPT]] ([[OPEN]] x[[UNKNOWN]] )[[CLOSE]] +[[ADDOP]] i[[UNKNOWN]] ∂[[OPERATOR]] _{[i}[[POSTSUBSCRIPT]] A[[UNKNOWN]] ^{a}[[POSTSUPERSCRIPT]] _{j]}[[POSTSUBSCRIPT]] ([[OPEN]] x[[UNKNOWN]] )[[CLOSE]] \right][[CLOSE]] γ[[UNKNOWN]] ^{i}[[POSTSUPERSCRIPT]] e[[UNKNOWN]] ^{i{\bfN}}[[POSTSUPERSCRIPT]] \left([[OPEN]] \frac{\deltai{\bfN}}{\deltaA^{a}_{j}({\bfx})}[[UNKNOWN]] +[[ADDOP]] \frac{\delta}{\deltaA^{a}_{j}({\bfx})}[[UNKNOWN]] \right)[[CLOSE]]
	        > \right)[[CLOSE]]
Warning:not_parsed:OPEN.UNKNOWN> MathParser failed to match rule 'Subscript'
	at 0301001.tex; line 890 col 10 - line 890 col 10
	In "\begin{equation}\frac{\delta{\bf N}}{\delta A_{a}^{j}({\bf x})}=\gamma^{i}(%
	\partial_{[i}A^{a}_{j]}({\bf x})-\frac{g}{2}C^{a}{}_{bc}A^{b}_{j}({\bf x})A^{c%
	}_{i}({\bf x}))=\frac{1}{2}\gamma^{i}F^{a}_{ij}({\bf x})\end{equation}"
	[[[OPEN]] i[[UNKNOWN]]
	        > 
Warning:not_parsed:UNKNOWN>CLOSE MathParser failed to match rule 'Subscript'
	at 0301001.tex; line 890 col 19 - line 890 col 19
	j[[UNKNOWN]]
	        > ][[CLOSE]]
Warning:not_parsed:FLOATSUPERSCRIPT.UNKNOWN.POSTSUPERSCRIPT>FLOATSUPERSCRIPT MathParser failed to match rule 'Anything'
	at 0301001.tex; line 1057 col 8 - line 1057 col 8
	In "$\displaystyle\widehat{H}^{\prime}=\frac{1}{2}\hbar^{2}\varkappa^{2}\frac{%
	\partial^{2}}{\partial A_{a}^{\mu}\partial A^{a}_{\mu}}+\frac{1}{8}g^{2}C^{a}{%
	}_{bc}A^{b}_{\mu}A^{c}_{\nu}C_{ade}A^{d}{}^{\mu}A^{e}{}^{\nu}.\@@ENDINLINEMATH"
	\widehat{H}[[UNKNOWN]] ^{\prime}[[POSTSUPERSCRIPT]] =[[RELOP]] \frac{1}{2}[[UNKNOWN]] ℏ[[ID]] ^{2}[[POSTSUPERSCRIPT]] ϰ[[UNKNOWN]] ^{2}[[POSTSUPERSCRIPT]] \frac{\partial^{2}}{\partialA_{a}^{\mu}\partialA^{a}_{\mu}}[[UNKNOWN]] +[[ADDOP]] \frac{1}{8}[[UNKNOWN]] g[[UNKNOWN]] ^{2}[[POSTSUPERSCRIPT]] C[[UNKNOWN]] ^{a}[[POSTSUPERSCRIPT]] {}_{bc}[[FLOATSUBSCRIPT]] A[[UNKNOWN]] ^{b}[[POSTSUPERSCRIPT]] _{\mu}[[POSTSUBSCRIPT]] A[[UNKNOWN]] ^{c}[[POSTSUPERSCRIPT]] _{\nu}[[POSTSUBSCRIPT]] C[[UNKNOWN]] _{ade}[[POSTSUBSCRIPT]] A[[UNKNOWN]] ^{d}[[POSTSUPERSCRIPT]] {}^{\mu}[[FLOATSUPERSCRIPT]] A[[UNKNOWN]] ^{e}[[POSTSUPERSCRIPT]]
	        > {}^{\nu}[[FLOATSUPERSCRIPT]]
Warning:not_parsed:FLOATSUPERSCRIPT.UNKNOWN.POSTSUPERSCRIPT>FLOATSUPERSCRIPT MathParser failed to match rule 'Anything'
	at 0301001.tex; line 1061 col 10 - line 1064 col 5
	In "$\displaystyle\frac{1}{2}\hbar^{2}\varkappa^{2}\frac{\partial^{2}}{\partial A_%
	{a}^{\mu}\partial A^{a}_{\mu}}+\frac{1}{8}g^{2}C^{a}{}_{bc}A^{b}_{\mu}A^{c}_{%
	\nu}C_{ade}A^{d}{}^{\mu}A^{e}{}^{\nu}.$"
	\frac{1}{2}[[UNKNOWN]] ℏ[[ID]] ^{2}[[POSTSUPERSCRIPT]] ϰ[[UNKNOWN]] ^{2}[[POSTSUPERSCRIPT]] \frac{\partial^{2}}{\partialA_{a}^{\mu}\partialA^{a}_{\mu}}[[UNKNOWN]] +[[ADDOP]] \frac{1}{8}[[UNKNOWN]] g[[UNKNOWN]] ^{2}[[POSTSUPERSCRIPT]] C[[UNKNOWN]] ^{a}[[POSTSUPERSCRIPT]] {}_{bc}[[FLOATSUBSCRIPT]] A[[UNKNOWN]] ^{b}[[POSTSUPERSCRIPT]] _{\mu}[[POSTSUBSCRIPT]] A[[UNKNOWN]] ^{c}[[POSTSUPERSCRIPT]] _{\nu}[[POSTSUBSCRIPT]] C[[UNKNOWN]] _{ade}[[POSTSUBSCRIPT]] A[[UNKNOWN]] ^{d}[[POSTSUPERSCRIPT]] {}^{\mu}[[FLOATSUPERSCRIPT]] A[[UNKNOWN]] ^{e}[[POSTSUPERSCRIPT]]
	        > {}^{\nu}[[FLOATSUPERSCRIPT]]
 13.66 sec)
Math parsing succeeded:
   ltx:XMath: 191/210
   ltx:XMArg: 1099/1145
Symbols assumed as simple identifiers (with # of occurences):
   'A{italic}' (245), 'C{caligraphic}' (3), 'C{italic}' (66), 'F{italic}' (22), 'H{bold}' (3), 'H{italic}' (42), 'K{italic}' (7), 'L{italic}' (7), 'N{bold}' (23), 'N{italic}' (21), 'Omega' (1), 'Psi' (103), 'Q{italic}' (3), 'alpha' (7), 'a{italic}' (16), 'beta' (8), 'b{italic}' (29), 'c{italic}' (30), 'delta' (79), 'd{italic}' (39), 'epsilon' (6), 'e{italic}' (34), 'f{italic}' (1), 'gamma' (29), 'g{italic}' (31), 'i{italic}' (135), 'j{italic}' (38), 'mu' (68), 'not-A' (9), 'nu' (69), 'n{italic}' (10), 'omega' (1), 'o{italic}' (1), 'pi' (16), 'psi' (32), 'p{italic}' (16), 'r{italic}' (16), 's{italic}' (1), 't{italic}' (27), 'varkappa' (46), 'x{bold}' (178), 'x{italic}' (12)
Set MATHPARSER_SPECULATE to speculate on possible notations.
(Finalizing... 0.83 sec)
Conversion complete 65 warnings (See /home/user/latex-in-arxiv/0301001.latexml.log) (reqd. 23.96s)
