latexmlpost (LaTeXML version 0.8.6) paginating /home/user/latex-in-arxiv/2003/0301152_cleaned.xml
(post-processing...
(Scan  processing...
Scan: DBStatus: 2009/0 objects
 0.55 sec)
(MakeBibliography  processing...
Error:missing_file:finalbib-kdv Couldn't find Bibliography 'finalbib-kdv'
	at Post::MakeBibliography[@0x55db3a992570]
	Searchpaths were /home/user/latex-in-arxiv/2003,/home/user/latex-in-arxiv,.
	In Post::MakeBibliography[@0x55db3a992570] ->getBibliographies
Info:expected:finalbib-kdv Couldn't find usable Bibliography for 'finalbib-kdv'
	at Post::MakeBibliography[@0x55db3a992570]
MakeBibliography: using bibliographies finalbib-kdv]
MakeBibliography: 28 bibentries, 0 cited
Warning:expected:bibkeys Missing bibkeys and82, boi84, bru02, bru95, bus02, bus03, cam93, dor93, eil81, fuc79, fuc80, gol91, gut93, hoj81, hoj96, hon99, lax68, mag77, nak92, nut00, nut01, oev89, olv93, rub70, sch96, sud74, vil01, wit86
	In Post::MakeBibliography[@0x55db3a992570] ->getBibEntries
Scan: DBStatus: 2010/0 objects
 2.22 sec)
(CrossRef  processing...
Warning:expected:ids Missing Entry for citation: Gol91,Nak92,Bru95,Vil01,Hon99,Gut93,Bus03,Fuc79,Wit86,Oev89,Olv93,Hoj81,Dor93,Cam93,Bru02,Nut00,Mag77,Rub70,Boi84,Bus02,Nut01,Hoj96,Eil81,Sch96,Sud74,And82,Fuc80,Lax68
	In Post::CrossRef[@0x55db3a8e6b98] ->process
Warning:expected:ids Missing File location for ID: S3.E14,S6,S5,S4.E16,S3.E10,S5.E24,S3,S4.E20,S4,S2.E7,S2.E2,S4.E17,S2.E1,S5.SS1,S5.E25,S4.E22,S3.E13,S2.E3,S2.E6,S2.E9,Thmthm9,S4.E18,S2,Thmthm10,S4.E21,S3.E15,Thmthm7,S2.E4,S4.E19,S3.E11,S3.E12,S2.E5,S4.E23,Thmthm6,S4.SS8,Thmthm11,S2.E8
	In Post::CrossRef[@0x55db3a8e6b98] ->process
 0.36 sec)
(MathML::Presentation  587 to process...
converted 587 Maths
 3.16 sec)
(XSLT[using LaTeXML-html5.xsl]  processing... 0.81 sec)
(Writer  processing... 0.01 sec) 7.13 sec)
Postprocessing complete 3 warnings; 1 error (See /home/user/latex-in-arxiv/0301152_cleaned.latexmlpost.log) (reqd. 7.60s)
