latexml (LaTeXML version 0.8.6) processing 2003/0301172.tex
(Digesting TeX 0301172...
(Loading /usr/share/perl5/LaTeXML/Package/TeX.pool.ltxml...
(Loading /usr/share/perl5/LaTeXML/Package/eTeX.pool.ltxml... 0.01 sec)
(Loading /usr/share/perl5/LaTeXML/Package/pdfTeX.pool.ltxml... 0.01 sec) 0.18 sec)
(Processing content /home/user/latex-in-arxiv/2003/0301172.tex...
(Loading /usr/share/perl5/LaTeXML/Package/LaTeX.pool.ltxml...
(Loading /usr/share/perl5/LaTeXML/Package/textcomp.sty.ltxml...
(Processing definitions /usr/share/texlive/texmf-dist/tex/latex-dev/base/ts1enc.dfu... 0.04 sec) 1.52 sec) 1.80 sec)
(Loading /usr/share/perl5/LaTeXML/Package/revtex4.cls.ltxml...
(Loading /usr/share/perl5/LaTeXML/Package/article.cls.ltxml... 0.02 sec)
(Loading /usr/share/perl5/LaTeXML/Package/revtex4_support.sty.ltxml...
(Loading /usr/share/perl5/LaTeXML/Package/hyperref.sty.ltxml...
(Loading /usr/share/perl5/LaTeXML/Package/keyval.sty.ltxml...
(Processing definitions /usr/share/texlive/texmf-dist/tex/latex-dev/graphics/keyval.sty... 0.02 sec) 0.02 sec)
(Loading /usr/share/perl5/LaTeXML/Package/nameref.sty.ltxml... 0.00 sec)
(Loading /usr/share/perl5/LaTeXML/Package/url.sty.ltxml... 0.00 sec) 0.10 sec)
(Loading /usr/share/perl5/LaTeXML/Package/natbib.sty.ltxml... 0.03 sec)
(Loading /usr/share/perl5/LaTeXML/Package/revsymb.sty.ltxml... 0.01 sec)
(Loading /usr/share/perl5/LaTeXML/Package/longtable.sty.ltxml... 0.00 sec)
(Loading /usr/share/perl5/LaTeXML/Package/dcolumn.sty.ltxml...
(Loading /usr/share/perl5/LaTeXML/Package/array.sty.ltxml... 0.00 sec) 0.01 sec) 0.20 sec) 0.68 sec)
(Loading /usr/share/perl5/LaTeXML/Package/amsmath.sty.ltxml...
(Loading /usr/share/perl5/LaTeXML/Package/amsbsy.sty.ltxml...
(Loading /usr/share/perl5/LaTeXML/Package/amsgen.sty.ltxml... 0.01 sec) 0.01 sec)
(Loading /usr/share/perl5/LaTeXML/Package/amstext.sty.ltxml... 0.01 sec)
(Loading /usr/share/perl5/LaTeXML/Package/amsopn.sty.ltxml... 0.01 sec) 0.08 sec)
(Loading /usr/share/perl5/LaTeXML/Package/graphicx.sty.ltxml...
(Loading /usr/share/perl5/LaTeXML/Package/graphics.sty.ltxml... 0.01 sec) 0.04 sec)
(Loading /usr/share/perl5/LaTeXML/Package/bm.sty.ltxml... 0.00 sec)
(Loading /usr/share/perl5/LaTeXML/Package/amssymb.sty.ltxml...
(Loading /usr/share/perl5/LaTeXML/Package/amsfonts.sty.ltxml... 0.00 sec) 0.03 sec)
(Loading /usr/share/perl5/LaTeXML/Package/latexsym.sty.ltxml... 0.00 sec) 13.73 sec) 13.97 sec)
(Building...
(Loading compiled schema /usr/share/perl5/LaTeXML/resources/RelaxNG/LaTeXML.model... 0.01 sec)
Info:malformed:id Duplicated attribute xml:id
	at 0301172.tex; line 772 col 3 - line 772 col 3
	Using id='S5.E64a' on <ltx:XMRow _box="Alignment[]" _font="Font[math,medium,italic,10,bla..."/>
	id='S5.E64' already set on <ltx:equation _box="LaTeXML::Core::Alignment=HASH(..." _font="Font[serif,medium,upright,10,b..." xml:id="S5.E64" _ID_counter_m_="1">...
 14.77 sec)
(Rewriting... 0.69 sec)
(Math Parsing 736 formulae ......
Warning:not_parsed:ATOM.UNKNOWN.POSTSUBSCRIPT>OPEN MathParser failed to match rule 'Anything'
	at 0301172.tex; line 328 col 5 - line 329 col 41
	In "$\displaystyle\frac{1}{4}g_{\mu\nu}\bigg{(}6\sigma^{\prime\prime}+\frac{6}{r}%
	\sigma^{\prime}+6\sigma^{\prime 2}+3\sigma^{\prime}\gamma^{\prime}$"
	\frac{1}{4}[[UNKNOWN]] g[[UNKNOWN]] _{\mu\nu}[[POSTSUBSCRIPT]]
	        > ([[OPEN]] 6[[NUMBER]] σ[[UNKNOWN]] ^{\prime\prime}[[POSTSUPERSCRIPT]] +[[ADDOP]] \frac{6}{r}[[UNKNOWN]] σ[[UNKNOWN]] ^{\prime}[[POSTSUPERSCRIPT]] +[[ADDOP]] 6[[NUMBER]] σ[[UNKNOWN]] ^{\prime2}[[POSTSUPERSCRIPT]] +[[ADDOP]] 3[[NUMBER]] σ[[UNKNOWN]] ^{\prime}[[POSTSUPERSCRIPT]] γ[[UNKNOWN]] ^{\prime}[[POSTSUPERSCRIPT]]
Warning:not_parsed:ATOM.UNKNOWN.POSTSUPERSCRIPT>CLOSE MathParser failed to match rule 'Anything'
	at 0301172.tex; line 330 col 1 - line 331 col 1
	In "$\displaystyle+2\gamma^{\prime\prime}+\gamma^{\prime 2}+\frac{4}{r}\gamma^{%
	\prime}\bigg{)},$"
	+[[ADDOP]] 2[[NUMBER]] γ[[UNKNOWN]] ^{\prime\prime}[[POSTSUPERSCRIPT]] +[[ADDOP]] γ[[UNKNOWN]] ^{\prime2}[[POSTSUPERSCRIPT]] +[[ADDOP]] \frac{4}{r}[[UNKNOWN]] γ[[UNKNOWN]] ^{\prime}[[POSTSUPERSCRIPT]]
	        > )[[CLOSE]]
Warning:not_parsed:ATOM.ADDOP.UNKNOWN>OPEN MathParser failed to match rule 'Anything'
	at 0301172.tex; line 375 col 25 - line 376 col 52
	In "$\displaystyle-\frac{\Lambda}{|\Lambda|}-\alpha\Bigg{[}\beta\left(f^{2}-1%
	\right)^{2}$"
	-[[ADDOP]] \frac{\Lambda}{|\Lambda|}[[UNKNOWN]] -[[ADDOP]] α[[UNKNOWN]]
	        > [[[OPEN]] β[[UNKNOWN]] \left([[OPEN]] f[[UNKNOWN]] ^{2}[[POSTSUPERSCRIPT]] -[[ADDOP]] 1[[NUMBER]] \right)[[CLOSE]] ^{2}[[POSTSUPERSCRIPT]]
Warning:not_parsed:ADDOP.ATOM.CLOSE>CLOSE MathParser failed to match rule 'Anything'
	at 0301172.tex; line 376 col 59 - line 379 col 14
	In "$\displaystyle\dot{f}^{2}+\frac{\hbox{e}^{-\gamma}}{\rho^{2}}\left(Q^{2}f^{2}-%
	\frac{\dot{Q}^{2}}{\varepsilon}\right)\Bigg{]},$"
	\dot{f}[[UNKNOWN]] ^{2}[[POSTSUPERSCRIPT]] +[[ADDOP]] \frac{\hbox{e}^{-\gamma}}{\rho^{2}}[[UNKNOWN]] \left([[OPEN]] Q[[UNKNOWN]] ^{2}[[POSTSUPERSCRIPT]] f[[UNKNOWN]] ^{2}[[POSTSUPERSCRIPT]] -[[ADDOP]] \frac{\dot{Q}^{2}}{\varepsilon}[[UNKNOWN]] \right)[[CLOSE]]
	        > ][[CLOSE]]
Warning:not_parsed:ATOM.ADDOP.UNKNOWN>OPEN MathParser failed to match rule 'Anything'
	at 0301172.tex; line 382 col 40 - line 383 col 52
	In "$\displaystyle-\frac{\Lambda}{|\Lambda|}-\alpha\Bigg{[}\beta\left(f^{2}-1%
	\right)^{2}$"
	-[[ADDOP]] \frac{\Lambda}{|\Lambda|}[[UNKNOWN]] -[[ADDOP]] α[[UNKNOWN]]
	        > [[[OPEN]] β[[UNKNOWN]] \left([[OPEN]] f[[UNKNOWN]] ^{2}[[POSTSUPERSCRIPT]] -[[ADDOP]] 1[[NUMBER]] \right)[[CLOSE]] ^{2}[[POSTSUPERSCRIPT]]
Warning:not_parsed:ADDOP.ATOM.CLOSE>CLOSE MathParser failed to match rule 'Anything'
	at 0301172.tex; line 383 col 58 - line 386 col 14
	In "$\displaystyle\dot{f}^{2}-\frac{\hbox{e}^{-\gamma}}{\rho^{2}}\left(Q^{2}f^{2}+%
	\frac{\dot{Q}^{2}}{\varepsilon}\right)\Bigg{]},$"
	\dot{f}[[UNKNOWN]] ^{2}[[POSTSUPERSCRIPT]] -[[ADDOP]] \frac{\hbox{e}^{-\gamma}}{\rho^{2}}[[UNKNOWN]] \left([[OPEN]] Q[[UNKNOWN]] ^{2}[[POSTSUPERSCRIPT]] f[[UNKNOWN]] ^{2}[[POSTSUPERSCRIPT]] +[[ADDOP]] \frac{\dot{Q}^{2}}{\varepsilon}[[UNKNOWN]] \right)[[CLOSE]]
	        > ][[CLOSE]]
Warning:not_parsed:RELOP.ATOM.ATOM>PERIOD MathParser failed to match rule 'Anything'
	at 0301172.tex; line 463 col 5 - line 463 col 5
	In "$\displaystyle\mathcal{V}_{{}_{1}}\equiv{2\alpha\over\varepsilon}{w^{2}\over m%
	}.\qquad\mathcal{V}_{{}_{2}}\equiv{2\alpha}{f^{2}Q^{2}\over m}.\@@ENDINLINEMATH"
	V[[UNKNOWN]] _{{}_{1}}[[POSTSUBSCRIPT]] ≡[[RELOP]] 2\alpha\over\varepsilon[[UNKNOWN]] w^{2}\overm[[UNKNOWN]]
	        > .[[PERIOD]] $\displaystyle\mathcal{V}_{{}_{1}}\equiv{2\alpha\over\varepsilon}{w^{2}\overm}.\qquad\mathcal{V}_{{}_{2}}\equiv{2\alpha}{f^{2}Q^{2}\overm}.\@@ENDINLINEMATH[[PUNCT]] V[[UNKNOWN]] _{{}_{2}}[[POSTSUBSCRIPT]] ≡[[RELOP]] 2[[NUMBER]] α[[UNKNOWN]] f^{2}Q^{2}\overm[[UNKNOWN]]
Warning:not_parsed:ATOM.ATOM>PERIOD MathParser failed to match rule 'Anything'
	at 0301172.tex; line 463 col 16 - line 465 col 29
	In "$\displaystyle{2\alpha\over\varepsilon}{w^{2}\over m}.\qquad\mathcal{V}_{{}_{2%
	}}\equiv{2\alpha}{f^{2}Q^{2}\over m}.$"
	2\alpha\over\varepsilon[[UNKNOWN]] w^{2}\overm[[UNKNOWN]]
	        > .[[PERIOD]] $\displaystyle{2\alpha\over\varepsilon}{w^{2}\overm}.\qquad\mathcal{V}_{{}_{2}}\equiv{2\alpha}{f^{2}Q^{2}\overm}.$[[PUNCT]] V[[UNKNOWN]] _{{}_{2}}[[POSTSUBSCRIPT]] ≡[[RELOP]] 2[[NUMBER]] α[[UNKNOWN]] f^{2}Q^{2}\overm[[UNKNOWN]]
Warning:not_parsed:>OPEN MathParser failed to match rule 'Anything'
	at 0301172.tex; line 969 col 0 - line 988 col 14
	In "\begin{equation}\left\{\begin{aligned} \tilde{\psi}&=\psi-\sigma^{\prime}%
	\epsilon_{r},\\
	\tilde{E}&=E+2\mathrm{e}^{-\sigma}\epsilon,\\
	\tilde{\xi}&=\xi-2\epsilon_{r}^{\prime},\\
	\tilde{\zeta}&=\zeta-\frac{1}{2}\left[\epsilon_{\theta}^{\prime}+\partial_{%
	\theta}\epsilon_{r}-\left(\displaystyle{2\over r}+\gamma^{\prime}\right)%
	\epsilon_{\theta}\right],\\
	\tilde{\omega}&=\omega-{2\mathrm{e}^{-\gamma}\over r^{2}}\partial_{\theta}%
	\epsilon_{\theta}-\left({2\over r}+\gamma^{\prime}\right)\epsilon_{r},\\
	\tilde{B}&=B-{1\over 2}\left(\epsilon_{r}+\epsilon^{\prime}-\sigma^{\prime}%
	\epsilon\right),\\
	\tilde{C}&=C-\displaystyle{1\over 2}\left(\epsilon_{\theta}+\partial_{\theta}%
	\epsilon\right).\end{aligned}\right.\end{equation}"
	> \left\{[[OPEN]] Alignment[][[UNKNOWN]]
Warning:not_parsed:>OPEN MathParser failed to match rule 'Anything'
	at 0301172.tex; line 991 col 0 - line 1011 col 14
	In "\begin{equation}\left\{\begin{aligned} \Psi&\equiv\psi-\displaystyle{1\over 2}%
	\sigma^{\prime}\left(4B+\mathrm{e}^{\sigma}E^{\prime}\right),\\
	\Xi&\equiv\xi-\partial_{r}\left(4B+\mathrm{e}^{\sigma}E^{\prime}\right),\\
	\Upsilon&\equiv\zeta-\displaystyle{1\over 4}\partial_{r}\left(4C+\mathrm{e}^{%
	\sigma}\partial_{\theta}E\right)-\displaystyle{1\over 4}\partial_{\theta}\left%
	(4B+\mathrm{e}^{\sigma}E^{\prime}\right)\\
	&+\displaystyle{1\over 4}\left({2\over r}+\gamma^{\prime}\right)\left(4C+%
	\mathrm{e}^{\sigma}\partial_{\theta}E\right),\\
	\Omega&\equiv\omega-\displaystyle{\mathrm{e}^{-\gamma}\over r^{2}}\partial_{%
	\theta}\left(4C+\mathrm{e}^{\sigma}\partial_{\theta}E\right)\\
	&-\displaystyle{1\over 2}\left({2\over r}+\gamma^{\prime}\right)\left(4B+%
	\mathrm{e}^{\sigma}\partial_{r}E\right).\end{aligned}\right.\end{equation}"
	> \left\{[[OPEN]] Alignment[][[UNKNOWN]]
Warning:not_parsed:>OPEN MathParser failed to match rule 'Anything'
	at 0301172.tex; line 1016 col 0 - line 1024 col 14
	In "\begin{equation}\left\{\begin{aligned} \epsilon&=\displaystyle-{1\over 2}%
	\mathrm{e}^{\sigma}E,\\
	\epsilon_{r}&=\displaystyle 2B+{1\over 2}\mathrm{e}^{\sigma}E^{\prime},\\
	\epsilon_{\theta}&=\displaystyle 2C+{1\over 2}\mathrm{e}^{\sigma}\partial_{%
	\theta}E,\end{aligned}\right.\end{equation}"
	> \left\{[[OPEN]] Alignment[][[UNKNOWN]]
Warning:not_parsed:>OPEN MathParser failed to match rule 'Anything'
	at 0301172.tex; line 1049 col 0 - line 1063 col 14
	In "\begin{equation}\left\{\begin{aligned} \tilde{\chi_{p}}&=\displaystyle\chi_{p}%
	-\varepsilon_{r}\Phi^{\prime}-in\frac{\mathrm{e}^{-\gamma}}{r^{2}}\varepsilon_%
	{\theta}\Phi,\\
	\tilde{\vartheta}&=\displaystyle\vartheta-\frac{\mathrm{e}^{-\gamma}}{r^{2}}C_%
	{\theta}\varepsilon_{\theta},\\
	\tilde{\vartheta_{r}}&=\displaystyle\vartheta_{r}-\frac{\mathrm{e}^{-\gamma}}{%
	r^{2}}C_{\theta}\varepsilon_{\theta}^{\prime}+2\frac{\mathrm{e}^{-\gamma}}{r^{%
	2}}C_{\theta}\left(\frac{1}{r}+\frac{\gamma^{\prime}}{2}\right)\varepsilon_{%
	\theta},\\
	\tilde{\vartheta_{\theta}}&=\displaystyle\vartheta_{\theta}-C_{\theta}^{\prime%
	}\varepsilon_{r}-\frac{\mathrm{e}^{-\gamma}}{r^{2}}C_{\theta}\partial_{\theta}%
	\varepsilon_{\theta},\end{aligned}\right.\end{equation}"
	> \left\{[[OPEN]] Alignment[][[UNKNOWN]]
Warning:not_parsed:>OPEN MathParser failed to match rule 'Anything'
	at 0301172.tex; line 1067 col 0 - line 1085 col 14
	In "\begin{equation}\left\{\begin{aligned} {\mathcal{X}}_{p}&\equiv\displaystyle%
	\chi_{p}-\frac{1}{2}\Phi^{\prime}\left(4B+\mathrm{e}^{\sigma}E^{\prime}\right)%
	-\frac{in\mathrm{e}^{-\gamma}}{2r^{2}}\Phi\left(4C+\mathrm{e}^{\sigma}\partial%
	_{\theta}E\right),\\
	\Theta&\equiv\displaystyle\vartheta-\frac{1}{2}\frac{\mathrm{e}^{-\gamma}}{r^{%
	2}}C_{\theta}\left(4C+\mathrm{e}^{\sigma}\partial_{\theta}E\right),\\
	\Theta_{r}&\equiv\displaystyle\vartheta_{r}-\frac{1}{2}\frac{\mathrm{e}^{-%
	\gamma}}{r^{2}}C_{\theta}\left[4C^{\prime}+\left(\mathrm{e}^{\sigma}\partial_{%
	\theta}E\right)^{\prime}\right]\\
	&+\displaystyle\frac{\mathrm{e}^{-\gamma}}{r^{2}}C_{\theta}\left(\frac{1}{r}+%
	\frac{\gamma^{\prime}}{2}\right)\left(4C+\mathrm{e}^{\sigma}\partial_{\theta}E%
	\right),\\
	\Theta_{\theta}&\equiv\displaystyle\vartheta_{\theta}-\frac{1}{2}C_{\theta}^{%
	\prime}\left(4B+\mathrm{e}^{\sigma}E^{\prime}\right)\\
	&-\displaystyle\frac{1}{2}\frac{\mathrm{e}^{-\gamma}}{r^{2}}C_{\theta}\left(4%
	\partial_{\theta}C+\mathrm{e}^{\sigma}\partial^{2}_{\theta}E\right),\end{%
	aligned}\right.\end{equation}"
	> \left\{[[OPEN]] Alignment[][[UNKNOWN]]
Warning:not_parsed:POSTSUPERSCRIPT.UNKNOWN.POSTSUBSCRIPT>OPEN MathParser failed to match rule 'Anything'
	at 0301172.tex; line 1113 col 49 - line 1116 col 62
	In "$\displaystyle\frac{1}{2}\mathrm{e}^{\sigma}\eta_{\mu\nu}\Bigg{\{}3\Psi^{%
	\prime\prime}+3\frac{\mathrm{e}^{-\gamma}}{r^{2}}\partial^{2}_{\theta}\Psi+%
	\Omega^{\prime\prime}-2\frac{\mathrm{e}^{-\gamma}}{r^{2}}\partial_{\theta}%
	\Upsilon^{\prime}+\frac{\mathrm{e}^{-\gamma}}{r^{2}}\partial_{\theta}^{2}\Xi+3%
	\left(2\sigma^{\prime}+\frac{1}{r}+\frac{\gamma^{\prime}}{2}\right)\Psi^{%
	\prime}$"
	\frac{1}{2}[[UNKNOWN]] e[[UNKNOWN]] ^{\sigma}[[POSTSUPERSCRIPT]] η[[UNKNOWN]] _{\mu\nu}[[POSTSUBSCRIPT]]
	        > \{[[OPEN]] 3[[NUMBER]] Ψ[[UNKNOWN]] ^{\prime\prime}[[POSTSUPERSCRIPT]] +[[ADDOP]] 3[[NUMBER]] \frac{\mathrm{e}^{-\gamma}}{r^{2}}[[UNKNOWN]] ∂[[OPERATOR]] ^{2}[[POSTSUPERSCRIPT]] _{\theta}[[POSTSUBSCRIPT]] Ψ[[UNKNOWN]] +[[ADDOP]] Ω[[UNKNOWN]] ^{\prime\prime}[[POSTSUPERSCRIPT]] -[[ADDOP]] 2[[NUMBER]] \frac{\mathrm{e}^{-\gamma}}{r^{2}}[[UNKNOWN]] ∂[[OPERATOR]] _{\theta}[[POSTSUBSCRIPT]] Υ[[UNKNOWN]] ^{\prime}[[POSTSUPERSCRIPT]] +[[ADDOP]] \frac{\mathrm{e}^{-\gamma}}{r^{2}}[[UNKNOWN]] ∂[[OPERATOR]] _{\theta}[[POSTSUBSCRIPT]] ^{2}[[POSTSUPERSCRIPT]] Ξ[[UNKNOWN]] +[[ADDOP]] 3[[NUMBER]] \left([[OPEN]] 2[[NUMBER]] σ[[UNKNOWN]] ^{\prime}[[POSTSUPERSCRIPT]] +[[ADDOP]] \frac{1}{r}[[UNKNOWN]] +[[ADDOP]] \frac{\gamma^{\prime}}{2}[[UNKNOWN]] \right)[[CLOSE]] Ψ[[UNKNOWN]] ^{\prime}[[POSTSUPERSCRIPT]]
Warning:not_parsed:ADDOP.UNKNOWN.CLOSE>CLOSE MathParser failed to match rule 'Anything'
	at 0301172.tex; line 1120 col 6 - line 1122 col 34
	In "$\displaystyle\left[3\sigma^{\prime\prime}+3\sigma^{\prime 2}+3\sigma^{\prime}%
	\left(\frac{1}{r}+\frac{\gamma^{\prime}}{2}\right)+2\left(\frac{1}{r}+\frac{%
	\gamma^{\prime}}{2}\right)^{\prime}+2\left(\frac{1}{r}+\frac{\gamma^{\prime}}{%
	2}\right)^{2}\right]\left(\Psi-\Xi\right)\Bigg{\}}$"
	\left[[[OPEN]] 3[[NUMBER]] σ[[UNKNOWN]] ^{\prime\prime}[[POSTSUPERSCRIPT]] +[[ADDOP]] 3[[NUMBER]] σ[[UNKNOWN]] ^{\prime2}[[POSTSUPERSCRIPT]] +[[ADDOP]] 3[[NUMBER]] σ[[UNKNOWN]] ^{\prime}[[POSTSUPERSCRIPT]] \left([[OPEN]] \frac{1}{r}[[UNKNOWN]] +[[ADDOP]] \frac{\gamma^{\prime}}{2}[[UNKNOWN]] \right)[[CLOSE]] +[[ADDOP]] 2[[NUMBER]] \left([[OPEN]] \frac{1}{r}[[UNKNOWN]] +[[ADDOP]] \frac{\gamma^{\prime}}{2}[[UNKNOWN]] \right)[[CLOSE]] ^{\prime}[[POSTSUPERSCRIPT]] +[[ADDOP]] 2[[NUMBER]] \left([[OPEN]] \frac{1}{r}[[UNKNOWN]] +[[ADDOP]] \frac{\gamma^{\prime}}{2}[[UNKNOWN]] \right)[[CLOSE]] ^{2}[[POSTSUPERSCRIPT]] \right][[CLOSE]] \left([[OPEN]] Ψ[[UNKNOWN]] -[[ADDOP]] Ξ[[UNKNOWN]] \right)[[CLOSE]]
	        > \}[[CLOSE]]
Warning:not_parsed:POSTSUPERSCRIPT.UNKNOWN.POSTSUBSCRIPT>OPEN MathParser failed to match rule 'Anything'
	at 0301172.tex; line 1122 col 48 - line 1126 col 14
	In "$\displaystyle\kappa_{{}_{6}}^{2}\mathrm{e}^{\sigma}\eta_{\mu\nu}\Bigg{\{}-%
	\frac{\mathrm{e}^{-\gamma}}{r^{2}}\frac{Q^{\prime}}{q}\left(\Theta_{\theta}^{%
	\prime}-\partial_{\theta}\Theta_{r}\right)+\left[\varphi^{\prime}{\mathcal{X}}%
	_{p}^{\prime}+\frac{\mathrm{e}^{-\gamma}}{r^{2}}Q(Q-n+p)\varphi{\mathcal{X}}_{%
	p}+{\mathrm{d}V\over\mathrm{d}\varphi}{\mathcal{X}}_{p}\right]$"
	κ[[UNKNOWN]] _{{}_{6}}[[POSTSUBSCRIPT]] ^{2}[[POSTSUPERSCRIPT]] e[[UNKNOWN]] ^{\sigma}[[POSTSUPERSCRIPT]] η[[UNKNOWN]] _{\mu\nu}[[POSTSUBSCRIPT]]
	        > \{[[OPEN]] -[[ADDOP]] \frac{\mathrm{e}^{-\gamma}}{r^{2}}[[UNKNOWN]] \frac{Q^{\prime}}{q}[[UNKNOWN]] \left([[OPEN]] Θ[[UNKNOWN]] _{\theta}[[POSTSUBSCRIPT]] ^{\prime}[[POSTSUPERSCRIPT]] -[[ADDOP]] ∂[[OPERATOR]] _{\theta}[[POSTSUBSCRIPT]] Θ[[UNKNOWN]] _{r}[[POSTSUBSCRIPT]] \right)[[CLOSE]] +[[ADDOP]] \left[[[OPEN]] φ[[UNKNOWN]] ^{\prime}[[POSTSUPERSCRIPT]] X[[UNKNOWN]] _{p}[[POSTSUBSCRIPT]] ^{\prime}[[POSTSUPERSCRIPT]] +[[ADDOP]] \frac{\mathrm{e}^{-\gamma}}{r^{2}}[[UNKNOWN]] Q[[UNKNOWN]] ([[OPEN]] Q[[UNKNOWN]] -[[ADDOP]] n[[UNKNOWN]] +[[ADDOP]] p[[UNKNOWN]] )[[CLOSE]] φ[[UNKNOWN]] X[[UNKNOWN]] _{p}[[POSTSUBSCRIPT]] +[[ADDOP]] \mathrm{d}V\over\mathrm{d}\varphi[[UNKNOWN]] X[[UNKNOWN]] _{p}[[POSTSUBSCRIPT]] \right][[CLOSE]]
Warning:not_parsed:UNKNOWN.UNKNOWN.POSTSUBSCRIPT>CLOSE MathParser failed to match rule 'Anything'
	at 0301172.tex; line 1129 col 32 - line 1132 col 14
	In "$\displaystyle\left[\frac{1}{2}\frac{\mathrm{e}^{-\gamma}}{r^{2}}\left(\frac{Q%
	^{\prime 2}}{q^{2}}+\varphi^{2}Q^{2}\right)+\frac{1}{2}\varphi^{\prime 2}+V(%
	\varphi)\right]\Psi-\frac{\mathrm{e}^{-\gamma}}{r^{2}}q\varphi^{2}Q\Theta_{%
	\theta}\Bigg{\}}=0,$"
	\left[[[OPEN]] \frac{1}{2}[[UNKNOWN]] \frac{\mathrm{e}^{-\gamma}}{r^{2}}[[UNKNOWN]] \left([[OPEN]] \frac{Q^{\prime2}}{q^{2}}[[UNKNOWN]] +[[ADDOP]] φ[[UNKNOWN]] ^{2}[[POSTSUPERSCRIPT]] Q[[UNKNOWN]] ^{2}[[POSTSUPERSCRIPT]] \right)[[CLOSE]] +[[ADDOP]] \frac{1}{2}[[UNKNOWN]] φ[[UNKNOWN]] ^{\prime2}[[POSTSUPERSCRIPT]] +[[ADDOP]] V[[UNKNOWN]] ([[OPEN]] φ[[UNKNOWN]] )[[CLOSE]] \right][[CLOSE]] Ψ[[UNKNOWN]] -[[ADDOP]] \frac{\mathrm{e}^{-\gamma}}{r^{2}}[[UNKNOWN]] q[[UNKNOWN]] φ[[UNKNOWN]] ^{2}[[POSTSUPERSCRIPT]] Q[[UNKNOWN]] Θ[[UNKNOWN]] _{\theta}[[POSTSUBSCRIPT]]
	        > \}[[CLOSE]] =[[RELOP]] 0[[NUMBER]]
Warning:not_parsed:UNKNOWN.POSTSUBSCRIPT.POSTSUPERSCRIPT>OPEN MathParser failed to match rule 'Anything'
	at 0301172.tex; line 1160 col 44 - line 1163 col 69
	In "$\displaystyle\kappa_{{}_{6}}^{2}\Bigg{\{}-\frac{\mathrm{e}^{-\gamma}}{r^{2}}%
	\frac{Q^{\prime}}{q}\left(\Theta_{\theta}^{\prime}-\partial_{\theta}\Theta_{r}%
	\right)+\left[\varphi^{\prime}{\mathcal{X}}_{p}^{\prime}-\frac{\mathrm{e}^{-%
	\gamma}}{r^{2}}\varphi Q(Q-n+p){\mathcal{X}}_{p}-{\mathrm{d}V\over\mathrm{d}%
	\varphi}{\mathcal{X}}_{p}\right]\cos\left[(n-p)\theta\right]$"
	κ[[UNKNOWN]] _{{}_{6}}[[POSTSUBSCRIPT]] ^{2}[[POSTSUPERSCRIPT]]
	        > \{[[OPEN]] -[[ADDOP]] \frac{\mathrm{e}^{-\gamma}}{r^{2}}[[UNKNOWN]] \frac{Q^{\prime}}{q}[[UNKNOWN]] \left([[OPEN]] Θ[[UNKNOWN]] _{\theta}[[POSTSUBSCRIPT]] ^{\prime}[[POSTSUPERSCRIPT]] -[[ADDOP]] ∂[[OPERATOR]] _{\theta}[[POSTSUBSCRIPT]] Θ[[UNKNOWN]] _{r}[[POSTSUBSCRIPT]] \right)[[CLOSE]] +[[ADDOP]] \left[[[OPEN]] φ[[UNKNOWN]] ^{\prime}[[POSTSUPERSCRIPT]] X[[UNKNOWN]] _{p}[[POSTSUBSCRIPT]] ^{\prime}[[POSTSUPERSCRIPT]] -[[ADDOP]] \frac{\mathrm{e}^{-\gamma}}{r^{2}}[[UNKNOWN]] φ[[UNKNOWN]] Q[[UNKNOWN]] ([[OPEN]] Q[[UNKNOWN]] -[[ADDOP]] n[[UNKNOWN]] +[[ADDOP]] p[[UNKNOWN]] )[[CLOSE]] X[[UNKNOWN]] _{p}[[POSTSUBSCRIPT]] -[[ADDOP]] \mathrm{d}V\over\mathrm{d}\varphi[[UNKNOWN]] X[[UNKNOWN]] _{p}[[POSTSUBSCRIPT]] \right][[CLOSE]] cos[[TRIGFUNCTION]] \left[[[OPEN]] ([[OPEN]] n[[UNKNOWN]] -[[ADDOP]] p[[UNKNOWN]] )[[CLOSE]] θ[[UNKNOWN]] \right][[CLOSE]]
Warning:not_parsed:UNKNOWN.UNKNOWN.POSTSUBSCRIPT>CLOSE MathParser failed to match rule 'Anything'
	at 0301172.tex; line 1164 col 10 - line 1167 col 14
	In "$\displaystyle\left[\frac{1}{2}\frac{\mathrm{e}^{-\gamma}}{r^{2}}\varphi^{2}Q^%
	{2}+V(\varphi)\right]\Xi-\frac{1}{2}\frac{\mathrm{e}^{-\gamma}}{r^{2}}\left(%
	\frac{Q^{\prime 2}}{q^{2}}-\varphi^{2}Q^{2}\right)\Omega+\frac{\mathrm{e}^{-%
	\gamma}}{r^{2}}q\varphi^{2}Q\Theta_{\theta}\Bigg{\}}-\Lambda\Xi=0,$"
	\left[[[OPEN]] \frac{1}{2}[[UNKNOWN]] \frac{\mathrm{e}^{-\gamma}}{r^{2}}[[UNKNOWN]] φ[[UNKNOWN]] ^{2}[[POSTSUPERSCRIPT]] Q[[UNKNOWN]] ^{2}[[POSTSUPERSCRIPT]] +[[ADDOP]] V[[UNKNOWN]] ([[OPEN]] φ[[UNKNOWN]] )[[CLOSE]] \right][[CLOSE]] Ξ[[UNKNOWN]] -[[ADDOP]] \frac{1}{2}[[UNKNOWN]] \frac{\mathrm{e}^{-\gamma}}{r^{2}}[[UNKNOWN]] \left([[OPEN]] \frac{Q^{\prime2}}{q^{2}}[[UNKNOWN]] -[[ADDOP]] φ[[UNKNOWN]] ^{2}[[POSTSUPERSCRIPT]] Q[[UNKNOWN]] ^{2}[[POSTSUPERSCRIPT]] \right)[[CLOSE]] Ω[[UNKNOWN]] +[[ADDOP]] \frac{\mathrm{e}^{-\gamma}}{r^{2}}[[UNKNOWN]] q[[UNKNOWN]] φ[[UNKNOWN]] ^{2}[[POSTSUPERSCRIPT]] Q[[UNKNOWN]] Θ[[UNKNOWN]] _{\theta}[[POSTSUBSCRIPT]]
	        > \}[[CLOSE]] -[[ADDOP]] Λ[[UNKNOWN]] Ξ[[UNKNOWN]] =[[RELOP]] 0[[NUMBER]]
Warning:not_parsed:UNKNOWN.POSTSUBSCRIPT.POSTSUPERSCRIPT>OPEN MathParser failed to match rule 'Anything'
	at 0301172.tex; line 1174 col 36 - line 1177 col 53
	In "$\displaystyle\kappa_{{}_{6}}^{2}\Bigg{\{}-\frac{Q^{\prime}}{q}\left(\Theta_{%
	\theta}^{\prime}-\partial_{\theta}\Theta_{r}\right)+\left[-r^{2}\mathrm{e}^{%
	\gamma}\varphi^{\prime}{\mathcal{X}}_{p}^{\prime}+\varphi Q(Q-n+p){\mathcal{X}%
	}_{p}-r^{2}\mathrm{e}^{\gamma}{\mathrm{d}V\over\mathrm{d}\varphi}{\mathcal{X}}%
	_{p}\right]\cos\left[(n-p)\theta\right]$"
	κ[[UNKNOWN]] _{{}_{6}}[[POSTSUBSCRIPT]] ^{2}[[POSTSUPERSCRIPT]]
	        > \{[[OPEN]] -[[ADDOP]] \frac{Q^{\prime}}{q}[[UNKNOWN]] \left([[OPEN]] Θ[[UNKNOWN]] _{\theta}[[POSTSUBSCRIPT]] ^{\prime}[[POSTSUPERSCRIPT]] -[[ADDOP]] ∂[[OPERATOR]] _{\theta}[[POSTSUBSCRIPT]] Θ[[UNKNOWN]] _{r}[[POSTSUBSCRIPT]] \right)[[CLOSE]] +[[ADDOP]] \left[[[OPEN]] -[[ADDOP]] r[[UNKNOWN]] ^{2}[[POSTSUPERSCRIPT]] e[[UNKNOWN]] ^{\gamma}[[POSTSUPERSCRIPT]] φ[[UNKNOWN]] ^{\prime}[[POSTSUPERSCRIPT]] X[[UNKNOWN]] _{p}[[POSTSUBSCRIPT]] ^{\prime}[[POSTSUPERSCRIPT]] +[[ADDOP]] φ[[UNKNOWN]] Q[[UNKNOWN]] ([[OPEN]] Q[[UNKNOWN]] -[[ADDOP]] n[[UNKNOWN]] +[[ADDOP]] p[[UNKNOWN]] )[[CLOSE]] X[[UNKNOWN]] _{p}[[POSTSUBSCRIPT]] -[[ADDOP]] r[[UNKNOWN]] ^{2}[[POSTSUPERSCRIPT]] e[[UNKNOWN]] ^{\gamma}[[POSTSUPERSCRIPT]] \mathrm{d}V\over\mathrm{d}\varphi[[UNKNOWN]] X[[UNKNOWN]] _{p}[[POSTSUBSCRIPT]] \right][[CLOSE]] cos[[TRIGFUNCTION]] \left[[[OPEN]] ([[OPEN]] n[[UNKNOWN]] -[[ADDOP]] ...
Warning:not_parsed:UNKNOWN.UNKNOWN.POSTSUBSCRIPT>CLOSE MathParser failed to match rule 'Anything'
	at 0301172.tex; line 1177 col 63 - line 1181 col 14
	In "$\displaystyle\frac{1}{2}\left(r^{2}\mathrm{e}^{\gamma}\varphi^{\prime 2}-%
	\frac{Q^{\prime 2}}{q^{2}}\right)\Xi-r^{2}\mathrm{e}^{\gamma}\left[\frac{1}{2}%
	\varphi^{\prime 2}+V(\varphi)\right]\Omega-q\varphi^{2}Q\Theta_{\theta}\Bigg{%
	\}}-r^{2}\mathrm{e}^{\gamma}\Lambda\Omega=0,$"
	\frac{1}{2}[[UNKNOWN]] \left([[OPEN]] r[[UNKNOWN]] ^{2}[[POSTSUPERSCRIPT]] e[[UNKNOWN]] ^{\gamma}[[POSTSUPERSCRIPT]] φ[[UNKNOWN]] ^{\prime2}[[POSTSUPERSCRIPT]] -[[ADDOP]] \frac{Q^{\prime2}}{q^{2}}[[UNKNOWN]] \right)[[CLOSE]] Ξ[[UNKNOWN]] -[[ADDOP]] r[[UNKNOWN]] ^{2}[[POSTSUPERSCRIPT]] e[[UNKNOWN]] ^{\gamma}[[POSTSUPERSCRIPT]] \left[[[OPEN]] \frac{1}{2}[[UNKNOWN]] φ[[UNKNOWN]] ^{\prime2}[[POSTSUPERSCRIPT]] +[[ADDOP]] V[[UNKNOWN]] ([[OPEN]] φ[[UNKNOWN]] )[[CLOSE]] \right][[CLOSE]] Ω[[UNKNOWN]] -[[ADDOP]] q[[UNKNOWN]] φ[[UNKNOWN]] ^{2}[[POSTSUPERSCRIPT]] Q[[UNKNOWN]] Θ[[UNKNOWN]] _{\theta}[[POSTSUBSCRIPT]]
	        > \}[[CLOSE]] -[[ADDOP]] r[[UNKNOWN]] ^{2}[[POSTSUPERSCRIPT]] e[[UNKNOWN]] ^{\gamma}[[POSTSUPERSCRIPT]] Λ[[UNKNOWN]] Ω[[UNKNOWN]] =[[RELOP]] 0[[NUMBER]]
Warning:not_parsed:UNKNOWN.POSTSUBSCRIPT.POSTSUPERSCRIPT>OPEN MathParser failed to match rule 'Anything'
	at 0301172.tex; line 1190 col 9 - line 1193 col 43
	In "$\displaystyle\kappa_{{}_{6}}^{2}\Bigg{\{}\left[-\varphi Q{\mathcal{X}}_{p}^{%
	\prime}+\varphi^{\prime}(Q-n+p){\mathcal{X}}_{p}\right]\sin\left[(n-p)\theta%
	\right]+\left[\frac{1}{2}\frac{\mathrm{e}^{-\gamma}}{r^{2}}\left(\frac{Q^{%
	\prime 2}}{q^{2}}-\varphi^{2}Q^{2}\right)-\frac{1}{2}\varphi^{\prime 2}-V(%
	\varphi)\right]\Upsilon$"
	κ[[UNKNOWN]] _{{}_{6}}[[POSTSUBSCRIPT]] ^{2}[[POSTSUPERSCRIPT]]
	        > \{[[OPEN]] \left[[[OPEN]] -[[ADDOP]] φ[[UNKNOWN]] Q[[UNKNOWN]] X[[UNKNOWN]] _{p}[[POSTSUBSCRIPT]] ^{\prime}[[POSTSUPERSCRIPT]] +[[ADDOP]] φ[[UNKNOWN]] ^{\prime}[[POSTSUPERSCRIPT]] ([[OPEN]] Q[[UNKNOWN]] -[[ADDOP]] n[[UNKNOWN]] +[[ADDOP]] p[[UNKNOWN]] )[[CLOSE]] X[[UNKNOWN]] _{p}[[POSTSUBSCRIPT]] \right][[CLOSE]] sin[[TRIGFUNCTION]] \left[[[OPEN]] ([[OPEN]] n[[UNKNOWN]] -[[ADDOP]] p[[UNKNOWN]] )[[CLOSE]] θ[[UNKNOWN]] \right][[CLOSE]] +[[ADDOP]] \left[[[OPEN]] \frac{1}{2}[[UNKNOWN]] \frac{\mathrm{e}^{-\gamma}}{r^{2}}[[UNKNOWN]] \left([[OPEN]] \frac{Q^{\prime2}}{q^{2}}[[UNKNOWN]] -[[ADDOP]] φ[[UNKNOWN]] ^{2}[[POSTSUPERSCRIPT]] Q[[UNKNOWN]] ^{2}[[POSTSUPERSCRIPT]] \right)[[CLOSE]] -[[ADDOP]] \frac{1}{2}[[UNKNOWN]] φ[[UNKNOWN]] ^{\prime2}[[POSTSUPERSCRIPT]] -[[ADDOP]] V[[UNKNOWN]] ([[OPEN]] φ[[UNKNOWN]] )[[CLOSE]] ...
Warning:not_parsed:UNKNOWN.UNKNOWN.POSTSUBSCRIPT>CLOSE MathParser failed to match rule 'Anything'
	at 0301172.tex; line 1193 col 49 - line 1195 col 14
	In "$\displaystyle q\varphi^{2}Q\Theta_{r}\Bigg{\}}-\Lambda\Upsilon=0,$"
	q[[UNKNOWN]] φ[[UNKNOWN]] ^{2}[[POSTSUPERSCRIPT]] Q[[UNKNOWN]] Θ[[UNKNOWN]] _{r}[[POSTSUBSCRIPT]]
	        > \}[[CLOSE]] -[[ADDOP]] Λ[[UNKNOWN]] Υ[[UNKNOWN]] =[[RELOP]] 0[[NUMBER]]
Warning:not_parsed:UNKNOWN.POSTSUPERSCRIPT>OPEN MathParser failed to match rule 'Anything'
	at 0301172.tex; line 1255 col 3 - line 1255 col 59
	In "$\displaystyle\mathrm{e}^{ip\theta}\Bigg{\{}\mathrm{e}^{-\sigma}\Box{\mathcal{%
	X}}_{p}-{\mathcal{X}}_{p}^{\prime\prime}$"
	e[[UNKNOWN]] ^{ip\theta}[[POSTSUPERSCRIPT]]
	        > \{[[OPEN]] e[[UNKNOWN]] ^{-\sigma}[[POSTSUPERSCRIPT]] □[[UNKNOWN]] X[[UNKNOWN]] _{p}[[POSTSUBSCRIPT]] -[[ADDOP]] X[[UNKNOWN]] _{p}[[POSTSUBSCRIPT]] ^{\prime\prime}[[POSTSUPERSCRIPT]]
Warning:not_parsed:CLOSE.UNKNOWN.POSTSUBSCRIPT>CLOSE MathParser failed to match rule 'Anything'
	at 0301172.tex; line 1256 col 6 - line 1259 col 20
	In "$\displaystyle\left(2\sigma^{\prime}+\frac{1}{r}+\frac{\gamma^{\prime}}{2}%
	\right){\mathcal{X}}_{p}^{\prime}+\left[\frac{\mathrm{e}^{-\gamma}}{r^{2}}%
	\left(Q-n+p\right)^{2}+\frac{\lambda}{2}\left(2\varphi^{2}-\eta^{2}\right)%
	\right]{\mathcal{X}}_{p}\Bigg{\}}+\mathrm{e}^{i(2n-p)\theta}\frac{\lambda}{2}%
	\varphi^{2}{\mathcal{X}}_{p}$"
	\left([[OPEN]] 2[[NUMBER]] σ[[UNKNOWN]] ^{\prime}[[POSTSUPERSCRIPT]] +[[ADDOP]] \frac{1}{r}[[UNKNOWN]] +[[ADDOP]] \frac{\gamma^{\prime}}{2}[[UNKNOWN]] \right)[[CLOSE]] X[[UNKNOWN]] _{p}[[POSTSUBSCRIPT]] ^{\prime}[[POSTSUPERSCRIPT]] +[[ADDOP]] \left[[[OPEN]] \frac{\mathrm{e}^{-\gamma}}{r^{2}}[[UNKNOWN]] \left([[OPEN]] Q[[UNKNOWN]] -[[ADDOP]] n[[UNKNOWN]] +[[ADDOP]] p[[UNKNOWN]] \right)[[CLOSE]] ^{2}[[POSTSUPERSCRIPT]] +[[ADDOP]] \frac{\lambda}{2}[[UNKNOWN]] \left([[OPEN]] 2[[NUMBER]] φ[[UNKNOWN]] ^{2}[[POSTSUPERSCRIPT]] -[[ADDOP]] η[[UNKNOWN]] ^{2}[[POSTSUPERSCRIPT]] \right)[[CLOSE]] \right][[CLOSE]] X[[UNKNOWN]] _{p}[[POSTSUBSCRIPT]]
	        > \}[[CLOSE]] +[[ADDOP]] e[[UNKNOWN]] ^{i(2n-p)\theta}[[POSTSUPERSCRIPT]] \frac{\lambda}{2}[[UNKNOWN]] φ[[UNKNOWN]] ^{2}[[POSTSUPERSCRIPT]] X[[UNKNOWN]] _{p}[[POSTSUBSCRIPT]]
Warning:not_parsed:UNKNOWN.POSTSUPERSCRIPT>OPEN MathParser failed to match rule 'Anything'
	at 0301172.tex; line 1259 col 28 - line 1262 col 63
	In "$\displaystyle\mathrm{e}^{in\theta}\Bigg{\{}\varphi^{\prime}\left(2\Psi^{%
	\prime}+\frac{\Omega^{\prime}-\Xi^{\prime}}{2}-\frac{\mathrm{e}^{-\gamma}}{r^{%
	2}}\partial_{\theta}\Upsilon\right)+i\varphi\frac{\mathrm{e}^{-\gamma}}{r^{2}}%
	Q\left[\partial_{\theta}\left(2\Psi+\frac{\Xi-\Omega}{2}\right)-\Upsilon^{%
	\prime}\right]$"
	e[[UNKNOWN]] ^{in\theta}[[POSTSUPERSCRIPT]]
	        > \{[[OPEN]] φ[[UNKNOWN]] ^{\prime}[[POSTSUPERSCRIPT]] \left([[OPEN]] 2[[NUMBER]] Ψ[[UNKNOWN]] ^{\prime}[[POSTSUPERSCRIPT]] +[[ADDOP]] \frac{\Omega^{\prime}-\Xi^{\prime}}{2}[[UNKNOWN]] -[[ADDOP]] \frac{\mathrm{e}^{-\gamma}}{r^{2}}[[UNKNOWN]] ∂[[OPERATOR]] _{\theta}[[POSTSUBSCRIPT]] Υ[[UNKNOWN]] \right)[[CLOSE]] +[[ADDOP]] i[[UNKNOWN]] φ[[UNKNOWN]] \frac{\mathrm{e}^{-\gamma}}{r^{2}}[[UNKNOWN]] Q[[UNKNOWN]] \left[[[OPEN]] ∂[[OPERATOR]] _{\theta}[[POSTSUBSCRIPT]] \left([[OPEN]] 2[[NUMBER]] Ψ[[UNKNOWN]] +[[ADDOP]] \frac{\Xi-\Omega}{2}[[UNKNOWN]] \right)[[CLOSE]] -[[ADDOP]] Υ[[UNKNOWN]] ^{\prime}[[POSTSUPERSCRIPT]] \right][[CLOSE]]
Warning:not_parsed:CLOSE.UNKNOWN.POSTSUBSCRIPT>CLOSE MathParser failed to match rule 'Anything'
	at 0301172.tex; line 1269 col 5 - line 1271 col 14
	In "$\displaystyle iq\left[2\varphi^{\prime}+\left(2\sigma^{\prime}+\frac{1}{r}+%
	\frac{\gamma^{\prime}}{2}\right)\varphi\right]\Theta_{r}\Bigg{\}}=0.$"
	i[[UNKNOWN]] q[[UNKNOWN]] \left[[[OPEN]] 2[[NUMBER]] φ[[UNKNOWN]] ^{\prime}[[POSTSUPERSCRIPT]] +[[ADDOP]] \left([[OPEN]] 2[[NUMBER]] σ[[UNKNOWN]] ^{\prime}[[POSTSUPERSCRIPT]] +[[ADDOP]] \frac{1}{r}[[UNKNOWN]] +[[ADDOP]] \frac{\gamma^{\prime}}{2}[[UNKNOWN]] \right)[[CLOSE]] φ[[UNKNOWN]] \right][[CLOSE]] Θ[[UNKNOWN]] _{r}[[POSTSUBSCRIPT]]
	        > \}[[CLOSE]] =[[RELOP]] 0[[NUMBER]]
Warning:not_parsed:POSTSUBSCRIPT.POSTSUPERSCRIPT.ADDOP>OPEN MathParser failed to match rule 'Anything'
	at 0301172.tex; line 1304 col 20 - line 1306 col 1
	In "$\displaystyle\left(2\sigma^{\prime}+\frac{1}{r}+\frac{\gamma^{\prime}}{2}%
	\right){\mathcal{X}}_{p}^{\prime}-\left[\frac{\mathrm{e}^{-\gamma}}{r^{2}}%
	\left(Q-n+p\right)^{2}\right.$"
	\left([[OPEN]] 2[[NUMBER]] σ[[UNKNOWN]] ^{\prime}[[POSTSUPERSCRIPT]] +[[ADDOP]] \frac{1}{r}[[UNKNOWN]] +[[ADDOP]] \frac{\gamma^{\prime}}{2}[[UNKNOWN]] \right)[[CLOSE]] X[[UNKNOWN]] _{p}[[POSTSUBSCRIPT]] ^{\prime}[[POSTSUPERSCRIPT]] -[[ADDOP]]
	        > \left[[[OPEN]] \frac{\mathrm{e}^{-\gamma}}{r^{2}}[[UNKNOWN]] \left([[OPEN]] Q[[UNKNOWN]] -[[ADDOP]] n[[UNKNOWN]] +[[ADDOP]] p[[UNKNOWN]] \right)[[CLOSE]] ^{2}[[POSTSUPERSCRIPT]]
Warning:not_parsed:UNKNOWN.POSTSUPERSCRIPT.CLOSE>CLOSE MathParser failed to match rule 'Anything'
	at 0301172.tex; line 1306 col 12 - line 1308 col 14
	In "$\displaystyle\left.\frac{\lambda}{2}\left(2\varphi^{2}-\eta^{2}\right)\right]%
	{\mathcal{X}}_{p}-\mathrm{e}^{-\sigma}\Box{\mathcal{X}}_{p}=0.$"
	\frac{\lambda}{2}[[UNKNOWN]] \left([[OPEN]] 2[[NUMBER]] φ[[UNKNOWN]] ^{2}[[POSTSUPERSCRIPT]] -[[ADDOP]] η[[UNKNOWN]] ^{2}[[POSTSUPERSCRIPT]] \right)[[CLOSE]]
	        > \right][[CLOSE]] X[[UNKNOWN]] _{p}[[POSTSUBSCRIPT]] -[[ADDOP]] e[[UNKNOWN]] ^{-\sigma}[[POSTSUPERSCRIPT]] □[[UNKNOWN]] X[[UNKNOWN]] _{p}[[POSTSUBSCRIPT]] =[[RELOP]] 0[[NUMBER]]
Warning:not_parsed:POSTSUPERSCRIPT.UNKNOWN.POSTSUBSCRIPT>OPEN MathParser failed to match rule 'Anything'
	In "$\@@ENDINLINEMATH"
	δ[[UNKNOWN]] G[[UNKNOWN]] _{\mu\nu}[[POSTSUBSCRIPT]] =[[RELOP]] \left([[OPEN]] ∂[[OPERATOR]] _{\mu}[[POSTSUBSCRIPT]] ∂[[OPERATOR]] _{\nu}[[POSTSUBSCRIPT]] -[[ADDOP]] η[[UNKNOWN]] _{\mu\nu}[[POSTSUBSCRIPT]] □[[UNKNOWN]] \right)[[CLOSE]] \left([[OPEN]] \frac{\Xi+\Omega}{2}[[UNKNOWN]] +[[ADDOP]] Ψ[[UNKNOWN]] \right)[[CLOSE]] +[[ADDOP]] \frac{1}{2}[[UNKNOWN]] e[[UNKNOWN]] ^{\sigma}[[POSTSUPERSCRIPT]] η[[UNKNOWN]] _{\mu\nu}[[POSTSUBSCRIPT]]
	        > \{[[OPEN]] 3[[NUMBER]] Ψ[[UNKNOWN]] ^{\prime\prime}[[POSTSUPERSCRIPT]] +[[ADDOP]] 3[[NUMBER]] \frac{\mathrm{e}^{-\gamma}}{r^{2}}[[UNKNOWN]] ∂[[OPERATOR]] ^{2}[[POSTSUPERSCRIPT]] _{\theta}[[POSTSUBSCRIPT]] Ψ[[UNKNOWN]] +[[ADDOP]] Ω[[UNKNOWN]] ^{\prime\prime}[[POSTSUPERSCRIPT]] -[[ADDOP]] 2[[NUMBER]] \frac{\mathrm{e}^{-\gamma}}{r^{2}}[[UNKNOWN]] ∂[[OPERATOR]] _{\theta}[[POSTSUBSCRIPT]] Υ[[UNKNOWN]] ^{\prime}[[POSTSUPERSCRIPT]] +[[ADDOP]] \frac{\mathrm{e}^{-\gamma}}{r^{2}}[[UNKNOWN]] ∂[[OPERATOR]] _{\theta}[[POSTSUBSCRIPT]] ^{2}[[POSTSUPERSCRIPT]] Ξ[[UNKNOWN]]
Warning:not_parsed:POSTSUPERSCRIPT.UNKNOWN.POSTSUBSCRIPT>OPEN MathParser failed to match rule 'Anything'
	at String; line 0 col 0 - line 0 col 0
	In "$\displaystyle=\left(\partial_{\mu}\partial_{\nu}-\eta_{\mu\nu}\Box\right)%
	\left(\frac{\Xi+\Omega}{2}+\Psi\right)+\frac{1}{2}\mathrm{e}^{\sigma}\eta_{\mu%
	\nu}\Bigg{\{}3\Psi^{\prime\prime}+3\frac{\mathrm{e}^{-\gamma}}{r^{2}}\partial^%
	{2}_{\theta}\Psi+\Omega^{\prime\prime}-2\frac{\mathrm{e}^{-\gamma}}{r^{2}}%
	\partial_{\theta}\Upsilon^{\prime}+\frac{\mathrm{e}^{-\gamma}}{r^{2}}\partial_%
	{\theta}^{2}\Xi\@@ENDINLINEMATH"
	=[[RELOP]] \left([[OPEN]] ∂[[OPERATOR]] _{\mu}[[POSTSUBSCRIPT]] ∂[[OPERATOR]] _{\nu}[[POSTSUBSCRIPT]] -[[ADDOP]] η[[UNKNOWN]] _{\mu\nu}[[POSTSUBSCRIPT]] □[[UNKNOWN]] \right)[[CLOSE]] \left([[OPEN]] \frac{\Xi+\Omega}{2}[[UNKNOWN]] +[[ADDOP]] Ψ[[UNKNOWN]] \right)[[CLOSE]] +[[ADDOP]] \frac{1}{2}[[UNKNOWN]] e[[UNKNOWN]] ^{\sigma}[[POSTSUPERSCRIPT]] η[[UNKNOWN]] _{\mu\nu}[[POSTSUBSCRIPT]]
	        > \{[[OPEN]] 3[[NUMBER]] Ψ[[UNKNOWN]] ^{\prime\prime}[[POSTSUPERSCRIPT]] +[[ADDOP]] 3[[NUMBER]] \frac{\mathrm{e}^{-\gamma}}{r^{2}}[[UNKNOWN]] ∂[[OPERATOR]] ^{2}[[POSTSUPERSCRIPT]] _{\theta}[[POSTSUBSCRIPT]] Ψ[[UNKNOWN]] +[[ADDOP]] Ω[[UNKNOWN]] ^{\prime\prime}[[POSTSUPERSCRIPT]] -[[ADDOP]] 2[[NUMBER]] \frac{\mathrm{e}^{-\gamma}}{r^{2}}[[UNKNOWN]] ∂[[OPERATOR]] _{\theta}[[POSTSUBSCRIPT]] Υ[[UNKNOWN]] ^{\prime}[[POSTSUPERSCRIPT]] +[[ADDOP]] \frac{\mathrm{e}^{-\gamma}}{r^{2}}[[UNKNOWN]] ∂[[OPERATOR]] _{\theta}[[POSTSUBSCRIPT]] ^{2}[[POSTSUPERSCRIPT]] Ξ[[UNKNOWN]]
Warning:not_parsed:OPERATOR.POSTSUBSCRIPT.UNKNOWN>CLOSE MathParser failed to match rule 'Anything'
	In "$\@@ENDINLINEMATH"
	+[[ADDOP]] 3[[NUMBER]] \left([[OPEN]] 2[[NUMBER]] σ[[UNKNOWN]] ^{\prime}[[POSTSUPERSCRIPT]] +[[ADDOP]] \frac{1}{r}[[UNKNOWN]] +[[ADDOP]] \frac{\gamma^{\prime}}{2}[[UNKNOWN]] \right)[[CLOSE]] Ψ[[UNKNOWN]] ^{\prime}[[POSTSUPERSCRIPT]] -[[ADDOP]] \left([[OPEN]] \frac{3}{2}[[UNKNOWN]] σ[[UNKNOWN]] ^{\prime}[[POSTSUPERSCRIPT]] +[[ADDOP]] \frac{1}{r}[[UNKNOWN]] +[[ADDOP]] \frac{\gamma^{\prime}}{2}[[UNKNOWN]] \right)[[CLOSE]] Ξ[[UNKNOWN]] ^{\prime}[[POSTSUPERSCRIPT]] +[[ADDOP]] \left[[[OPEN]] \frac{3}{2}[[UNKNOWN]] σ[[UNKNOWN]] ^{\prime}[[POSTSUPERSCRIPT]] +[[ADDOP]] 2[[NUMBER]] \left([[OPEN]] \frac{1}{r}[[UNKNOWN]] +[[ADDOP]] \frac{\gamma^{\prime}}{2}[[UNKNOWN]] \right)[[CLOSE]] \right][[CLOSE]] Ω[[UNKNOWN]] ^{\prime}[[POSTSUPERSCRIPT]] -[[ADDOP]] 3[[NUMBER]] \frac{\mathrm{e}^{-\gamma}}{r^{2}}[[UNKNOWN]] σ[[UNKNOWN]] ^{\prime}[[POSTSUPERSCRIPT]] ∂[[OPERATOR]] _{\theta}[[POSTSUBSCRIPT]] Υ[[UNKNOWN]]
	        > \right\}[[CLOSE]] +[[ADDOP]] G[[UNKNOWN]] _{\mu\nu}[[POSTSUBSCRIPT]] \left([[OPEN]] Ψ[[UNKNOWN]] -[[ADDOP]] Ξ[[UNKNOWN]] \right)[[CLOSE]]
Warning:not_parsed:OPERATOR.POSTSUBSCRIPT.UNKNOWN>CLOSE MathParser failed to match rule 'Anything'
	at String; line 0 col 0 - line 0 col 0
	In "$\displaystyle+3\left(2\sigma^{\prime}+\frac{1}{r}+\frac{\gamma^{\prime}}{2}%
	\right)\Psi^{\prime}-\left.\left(\frac{3}{2}\sigma^{\prime}+\frac{1}{r}+\frac{%
	\gamma^{\prime}}{2}\right)\Xi^{\prime}+\left[\frac{3}{2}\sigma^{\prime}+2\left%
	(\frac{1}{r}+\frac{\gamma^{\prime}}{2}\right)\right]\Omega^{\prime}-3\frac{%
	\mathrm{e}^{-\gamma}}{r^{2}}\sigma^{\prime}\partial_{\theta}\Upsilon\right\}+G%
	_{\mu\nu}\left(\Psi-\Xi\right),\@@ENDINLINEMATH"
	+[[ADDOP]] 3[[NUMBER]] \left([[OPEN]] 2[[NUMBER]] σ[[UNKNOWN]] ^{\prime}[[POSTSUPERSCRIPT]] +[[ADDOP]] \frac{1}{r}[[UNKNOWN]] +[[ADDOP]] \frac{\gamma^{\prime}}{2}[[UNKNOWN]] \right)[[CLOSE]] Ψ[[UNKNOWN]] ^{\prime}[[POSTSUPERSCRIPT]] -[[ADDOP]] \left([[OPEN]] \frac{3}{2}[[UNKNOWN]] σ[[UNKNOWN]] ^{\prime}[[POSTSUPERSCRIPT]] +[[ADDOP]] \frac{1}{r}[[UNKNOWN]] +[[ADDOP]] \frac{\gamma^{\prime}}{2}[[UNKNOWN]] \right)[[CLOSE]] Ξ[[UNKNOWN]] ^{\prime}[[POSTSUPERSCRIPT]] +[[ADDOP]] \left[[[OPEN]] \frac{3}{2}[[UNKNOWN]] σ[[UNKNOWN]] ^{\prime}[[POSTSUPERSCRIPT]] +[[ADDOP]] 2[[NUMBER]] \left([[OPEN]] \frac{1}{r}[[UNKNOWN]] +[[ADDOP]] \frac{\gamma^{\prime}}{2}[[UNKNOWN]] \right)[[CLOSE]] \right][[CLOSE]] Ω[[UNKNOWN]] ^{\prime}[[POSTSUPERSCRIPT]] -[[ADDOP]] 3[[NUMBER]] \frac{\mathrm{e}^{-\gamma}}{r^{2}}[[UNKNOWN]] σ[[UNKNOWN]] ^{\prime}[[POSTSUPERSCRIPT]] ∂[[OPERATOR]] _{\theta}[[POSTSUBSCRIPT]] Υ[[UNKNOWN]]
	        > \right\}[[CLOSE]] +[[ADDOP]] G[[UNKNOWN]] _{\mu\nu}[[POSTSUBSCRIPT]] \left([[OPEN]] Ψ[[UNKNOWN]] -[[ADDOP]] Ξ[[UNKNOWN]] \right)[[CLOSE]]
Warning:not_parsed:POSTSUPERSCRIPT.UNKNOWN.POSTSUBSCRIPT>OPEN MathParser failed to match rule 'Anything'
	In "$\@@ENDINLINEMATH"
	δ[[UNKNOWN]] T[[UNKNOWN]] _{\mu\nu}[[POSTSUBSCRIPT]] =[[RELOP]] e[[UNKNOWN]] ^{\sigma}[[POSTSUPERSCRIPT]] η[[UNKNOWN]] _{\mu\nu}[[POSTSUBSCRIPT]]
	        > \{[[OPEN]] -[[ADDOP]] \frac{\mathrm{e}^{-\gamma}}{r^{2}}[[UNKNOWN]] \frac{Q^{\prime}}{q}[[UNKNOWN]] \left([[OPEN]] Θ[[UNKNOWN]] _{\theta}[[POSTSUBSCRIPT]] ^{\prime}[[POSTSUPERSCRIPT]] -[[ADDOP]] ∂[[OPERATOR]] _{\theta}[[POSTSUBSCRIPT]] Θ[[UNKNOWN]] _{r}[[POSTSUBSCRIPT]] \right)[[CLOSE]] +[[ADDOP]] \left[[[OPEN]] φ[[UNKNOWN]] ^{\prime}[[POSTSUPERSCRIPT]] X[[UNKNOWN]] _{p}[[POSTSUBSCRIPT]] ^{\prime}[[POSTSUPERSCRIPT]] +[[ADDOP]] \frac{\mathrm{e}^{-\gamma}}{r^{2}}[[UNKNOWN]] Q[[UNKNOWN]] ([[OPEN]] Q[[UNKNOWN]] -[[ADDOP]] n[[UNKNOWN]] +[[ADDOP]] p[[UNKNOWN]] )[[CLOSE]] φ[[UNKNOWN]] X[[UNKNOWN]] _{p}[[POSTSUBSCRIPT]] +[[ADDOP]] \mathrm{d}V\over\varphi[[UNKNOWN]] X[[UNKNOWN]] _{p}[[POSTSUBSCRIPT]] \right][[CLOSE]] cos[[TRIGFUNCTION]] \left[[[OPEN]] ([[OPEN]] n[[UNKNOWN]] -[[ADDOP]] p[[UNKNOWN]] )[[CLOSE]] θ[[UNKNOWN]] \right][[CLOSE]]
Warning:not_parsed:POSTSUPERSCRIPT.UNKNOWN.POSTSUBSCRIPT>OPEN MathParser failed to match rule 'Anything'
	at String; line 0 col 0 - line 0 col 0
	In "$\displaystyle=\mathrm{e}^{\sigma}\eta_{\mu\nu}\Bigg{\{}-\frac{\mathrm{e}^{-%
	\gamma}}{r^{2}}\frac{Q^{\prime}}{q}\left(\Theta_{\theta}^{\prime}-\partial_{%
	\theta}\Theta_{r}\right)+\left[\varphi^{\prime}{\mathcal{X}}_{p}^{\prime}+%
	\frac{\mathrm{e}^{-\gamma}}{r^{2}}Q(Q-n+p)\varphi{\mathcal{X}}_{p}+{\mathrm{d}%
	V\over\varphi}{\mathcal{X}}_{p}\right]\cos\left[(n-p)\theta\right]\@@ENDINLINEMATH"
	=[[RELOP]] e[[UNKNOWN]] ^{\sigma}[[POSTSUPERSCRIPT]] η[[UNKNOWN]] _{\mu\nu}[[POSTSUBSCRIPT]]
	        > \{[[OPEN]] -[[ADDOP]] \frac{\mathrm{e}^{-\gamma}}{r^{2}}[[UNKNOWN]] \frac{Q^{\prime}}{q}[[UNKNOWN]] \left([[OPEN]] Θ[[UNKNOWN]] _{\theta}[[POSTSUBSCRIPT]] ^{\prime}[[POSTSUPERSCRIPT]] -[[ADDOP]] ∂[[OPERATOR]] _{\theta}[[POSTSUBSCRIPT]] Θ[[UNKNOWN]] _{r}[[POSTSUBSCRIPT]] \right)[[CLOSE]] +[[ADDOP]] \left[[[OPEN]] φ[[UNKNOWN]] ^{\prime}[[POSTSUPERSCRIPT]] X[[UNKNOWN]] _{p}[[POSTSUBSCRIPT]] ^{\prime}[[POSTSUPERSCRIPT]] +[[ADDOP]] \frac{\mathrm{e}^{-\gamma}}{r^{2}}[[UNKNOWN]] Q[[UNKNOWN]] ([[OPEN]] Q[[UNKNOWN]] -[[ADDOP]] n[[UNKNOWN]] +[[ADDOP]] p[[UNKNOWN]] )[[CLOSE]] φ[[UNKNOWN]] X[[UNKNOWN]] _{p}[[POSTSUBSCRIPT]] +[[ADDOP]] \mathrm{d}V\over\varphi[[UNKNOWN]] X[[UNKNOWN]] _{p}[[POSTSUBSCRIPT]] \right][[CLOSE]] cos[[TRIGFUNCTION]] \left[[[OPEN]] ([[OPEN]] n[[UNKNOWN]] -[[ADDOP]] p[[UNKNOWN]] )[[CLOSE]] θ[[UNKNOWN]] \right][[CLOSE]]
Warning:not_parsed:UNKNOWN.UNKNOWN.POSTSUBSCRIPT>CLOSE MathParser failed to match rule 'Anything'
	In "$\@@ENDINLINEMATH"
	-[[ADDOP]] \frac{\mathrm{e}^{-\gamma}}{r^{2}}[[UNKNOWN]] q[[UNKNOWN]] φ[[UNKNOWN]] ^{2}[[POSTSUPERSCRIPT]] Q[[UNKNOWN]] Θ[[UNKNOWN]] _{\theta}[[POSTSUBSCRIPT]]
	        > \}[[CLOSE]]
Warning:not_parsed:UNKNOWN.UNKNOWN.POSTSUBSCRIPT>CLOSE MathParser failed to match rule 'Anything'
	at String; line 0 col 0 - line 0 col 0
	In "$\displaystyle-\frac{\mathrm{e}^{-\gamma}}{r^{2}}q\varphi^{2}Q\Theta_{\theta}%
	\Bigg{\}},\@@ENDINLINEMATH"
	-[[ADDOP]] \frac{\mathrm{e}^{-\gamma}}{r^{2}}[[UNKNOWN]] q[[UNKNOWN]] φ[[UNKNOWN]] ^{2}[[POSTSUPERSCRIPT]] Q[[UNKNOWN]] Θ[[UNKNOWN]] _{\theta}[[POSTSUBSCRIPT]]
	        > \}[[CLOSE]]
Warning:not_parsed:>PUNCT MathParser failed to match rule 'Subscript'
	at 0301172.tex; line 1794 col 35 - line 1794 col 35
	In "\begin{equation}\delta H^{{\scriptscriptstyle{AB}}}_{\ \ \ ;{%
	\scriptscriptstyle{A}}}=\partial_{{\scriptscriptstyle{A}}}\delta H^{{%
	\scriptscriptstyle{AB}}}+\Gamma^{{\scriptscriptstyle{A}}}_{\ {%
	\scriptscriptstyle{DA}}}\delta H^{{\scriptscriptstyle{DB}}},\end{equation}"
	> ;[[PUNCT]] A[[UNKNOWN]]
 41.00 sec)
Math parsing succeeded:
   ltx:XMArg: 4182/4183
   ltx:XMath: 699/736
Symbols assumed as simple identifiers (with # of occurences):
   'A{italic}' (54), 'Box' (36), 'B{italic}' (58), 'C{blackboard}' (3), 'C{italic}' (53), 'D{caligraphic}' (12), 'D{italic}' (30), 'E{italic}' (22), 'F{caligraphic}' (7), 'Gamma' (5), 'G{caligraphic}' (3), 'G{italic}' (29), 'H{italic}' (30), 'Lambda' (44), 'L{caligraphic}' (10), 'M{italic}' (27), 'N{blackboard}' (1), 'Omega' (77), 'O{caligraphic}' (3), 'Phi' (41), 'Psi' (94), 'P{caligraphic}' (4), 'Q{italic}' (256), 'R{blackboard}' (4), 'R{italic}' (11), 'S{italic}' (7), 'Theta' (168), 'T{italic}' (23), 'Upsilon' (62), 'V{caligraphic}' (23), 'V{italic}' (43), 'Xi' (89), 'X{caligraphic}' (125), 'Z{blackboard}' (2), 'Z{caligraphic}' (2), 'alpha' (46), 'beta' (21), 'chi' (5), 'c{italic}' (11), 'd' (63), 'delta' (93), 'e' (302), 'ell' (12), 'epsilon' (19), 'eta' (64), 'f{italic}' (66), 'gamma' (247), 'g{italic}' (55), 'i{italic}' (32), 'kappa' (43), 'k{italic}' (2), 'lambda' (3), 'l{italic}' (35), 'mu' (79), 'm{italic}' (22), 'nu' (52), 'n{italic}' (101), 'omega' (4), 'pi' (2), 'psi' (4), 'p{italic}' (97), 'q{italic}' (97), 'rho' (99), 'r{italic}' (279), 'sigma' (177), 's{italic}' (46), 'theta' (115), 'u{italic}' (5), 'varepsilon' (31), 'varphi' (225), 'vartheta' (14), 'v{italic}' (46), 'w{italic}' (17), 'xi' (4), 'x{italic}' (18), 'y{italic}' (7), 'zeta' (4), 'z{italic}' (5)
Set MATHPARSER_SPECULATE to speculate on possible notations.
(Finalizing... 3.82 sec)
Conversion complete 38 warnings (See /home/user/latex-in-arxiv/0301172.latexml.log) (reqd. 1m 16.34s)
