latexml (LaTeXML version 0.8.6) processing 2003/0301158.tex
(Digesting TeX 0301158...
(Loading /usr/share/perl5/LaTeXML/Package/TeX.pool.ltxml...
(Loading /usr/share/perl5/LaTeXML/Package/eTeX.pool.ltxml... 0.00 sec)
(Loading /usr/share/perl5/LaTeXML/Package/pdfTeX.pool.ltxml... 0.01 sec) 0.13 sec)
(Processing content /home/user/latex-in-arxiv/2003/0301158.tex...
(Loading /usr/share/perl5/LaTeXML/Package/LaTeX.pool.ltxml...
(Loading /usr/share/perl5/LaTeXML/Package/textcomp.sty.ltxml...
(Processing definitions /usr/share/texlive/texmf-dist/tex/latex-dev/base/ts1enc.dfu... 0.04 sec) 1.50 sec) 1.68 sec)
(Loading /usr/share/perl5/LaTeXML/Package/revtex4.cls.ltxml...
(Loading /usr/share/perl5/LaTeXML/Package/article.cls.ltxml... 0.01 sec)
(Loading /usr/share/perl5/LaTeXML/Package/revtex4_support.sty.ltxml...
(Loading /usr/share/perl5/LaTeXML/Package/hyperref.sty.ltxml...
(Loading /usr/share/perl5/LaTeXML/Package/keyval.sty.ltxml...
(Processing definitions /usr/share/texlive/texmf-dist/tex/latex-dev/graphics/keyval.sty... 0.02 sec) 0.02 sec)
(Loading /usr/share/perl5/LaTeXML/Package/nameref.sty.ltxml... 0.00 sec)
(Loading /usr/share/perl5/LaTeXML/Package/url.sty.ltxml... 0.00 sec) 0.10 sec)
(Loading /usr/share/perl5/LaTeXML/Package/natbib.sty.ltxml... 0.02 sec)
(Loading /usr/share/perl5/LaTeXML/Package/revsymb.sty.ltxml... 0.00 sec)
(Loading /usr/share/perl5/LaTeXML/Package/longtable.sty.ltxml... 0.00 sec)
(Loading /usr/share/perl5/LaTeXML/Package/dcolumn.sty.ltxml...
(Loading /usr/share/perl5/LaTeXML/Package/array.sty.ltxml... 0.00 sec) 0.01 sec) 0.20 sec) 0.67 sec)
(Loading /usr/share/perl5/LaTeXML/Package/amsmath.sty.ltxml...
(Loading /usr/share/perl5/LaTeXML/Package/amsbsy.sty.ltxml...
(Loading /usr/share/perl5/LaTeXML/Package/amsgen.sty.ltxml... 0.00 sec) 0.01 sec)
(Loading /usr/share/perl5/LaTeXML/Package/amstext.sty.ltxml... 0.01 sec)
(Loading /usr/share/perl5/LaTeXML/Package/amsopn.sty.ltxml... 0.01 sec) 0.07 sec)
(Loading /usr/share/perl5/LaTeXML/Package/amscd.sty.ltxml... 0.01 sec)
(Loading /usr/share/perl5/LaTeXML/Package/amssymb.sty.ltxml...
(Loading /usr/share/perl5/LaTeXML/Package/amsfonts.sty.ltxml... 0.00 sec) 0.03 sec)
(Loading /usr/share/perl5/LaTeXML/Package/mathrsfs.sty.ltxml... 0.00 sec) 15.69 sec) 16.00 sec)
(Building...
(Loading compiled schema /usr/share/perl5/LaTeXML/resources/RelaxNG/LaTeXML.model... 0.02 sec)
Warning:unexpected:eqnarray Unrecognized equation patterns (1) in eqnarray
	at 0301158.tex; line 680 col 1 - line 680 col 1
	In Core::Definition::Constructor[\@@eqna... /usr/share/perl5/LaTeXML/Package/LaTeX.pool.ltxml; line 2290
 17.26 sec)
(Rewriting... 0.34 sec)
(Math Parsing 821 formulae ......
Warning:not_parsed:PUNCT.UNKNOWN.CLOSE>CLOSE MathParser failed to match rule 'Anything'
	at 0301158.tex; line 775 col 38 - line 775 col 51
	In "$\mathfrak{sp}(4,{\mathbb{C}}))$"
	s[[UNKNOWN]] p[[UNKNOWN]] ([[OPEN]] 4[[NUMBER]] ,[[PUNCT]] C[[UNKNOWN]] )[[CLOSE]]
	        > )[[CLOSE]]
Warning:not_parsed:>OPEN MathParser failed to match rule 'Anything'
	at 0301158.tex; line 1251 col 8 - line 1251 col 43
	In "$\langle\,\bullet\,|\,\bullet\,\rangle$"
	> \langle[[OPEN]] ∙[[MULOP]] |[[VERTBAR]] ∙[[MULOP]] \rangle[[CLOSE]]
Warning:not_parsed:VERTBAR.UNKNOWN.POSTSUPERSCRIPT>CLOSE MathParser failed to match rule 'Anything'
	at 0301158.tex; line 2307 col 0 - line 2312 col 14
	In "\begin{equation}\phi^{+}=\sum^{n}_{i=1}\psi^{G}_{i}\langle\tilde{\psi}^{G}_{i}%
	|\phi^{+}\rangle+\int^{-\infty_{II}}_{0}dE\;\;|E^{-}\rangle\langle^{+}E|\phi^{%
	+}\rangle\;\;.\end{equation}"
	ϕ[[UNKNOWN]] ^{+}[[POSTSUPERSCRIPT]] =[[RELOP]] ∑[[SUMOP]] ^{n}[[POSTSUPERSCRIPT]] _{i=1}[[POSTSUBSCRIPT]] ψ[[UNKNOWN]] ^{G}[[POSTSUPERSCRIPT]] _{i}[[POSTSUBSCRIPT]] \langle[[OPEN]] \tilde{\psi}[[UNKNOWN]] ^{G}[[POSTSUPERSCRIPT]] _{i}[[POSTSUBSCRIPT]] |[[VERTBAR]] ϕ[[UNKNOWN]] ^{+}[[POSTSUPERSCRIPT]] \rangle[[CLOSE]] +[[ADDOP]] ∫[[INTOP]] ^{-\infty_{II}}[[POSTSUPERSCRIPT]] _{0}[[POSTSUBSCRIPT]] d[[UNKNOWN]] E[[UNKNOWN]] |[[VERTBAR]] E[[UNKNOWN]] ^{-}[[POSTSUPERSCRIPT]]
	        > \rangle[[CLOSE]] \langle[[OPEN]] ^{+}[[POSTSUPERSCRIPT]] E[[UNKNOWN]] |[[VERTBAR]] ϕ[[UNKNOWN]] ^{+}[[POSTSUPERSCRIPT]] \rangle[[CLOSE]]
 20.53 sec)
Math parsing succeeded:
   ltx:XMArg: 1350/1350
   ltx:XMath: 818/821
Symbols assumed as simple identifiers (with # of occurences):
   'A{italic}' (87), 'B{italic}' (101), 'C{blackboard}' (34), 'C{caligraphic}' (1), 'C{italic}' (10), 'D{caligraphic}' (2), 'D{italic}' (4), 'E{italic}' (7), 'F{italic}' (4), 'Gamma' (3), 'G{caligraphic}' (1), 'G{italic}' (19), 'G{script}' (52), 'H{italic}' (56), 'H{script}' (30), 'I{blackboard}' (5), 'I{italic}' (2), 'J{italic}' (96), 'K{italic}' (61), 'L{italic}' (10), 'M{script}' (1), 'N{italic}' (4), 'Omega' (11), 'O{italic}' (3), 'Phi' (48), 'Q{italic}' (50), 'R{blackboard}' (109), 'R{italic}' (10), 'S{italic}' (43), 'S{script bold}' (1), 'S{script}' (149), 'T{italic}' (5), 'U{italic}' (29), 'U{script}' (1), 'V{italic}' (7), 'X{italic}' (40), 'Y{italic}' (39), 'Z{italic}' (22), 'alpha' (62), 'a{fraktur}' (2), 'a{italic}' (11), 'beta' (77), 'b{italic}' (5), 'c{fraktur}' (1), 'delta' (6), 'd{italic}' (16), 'epsilon' (14), 'eta' (5), 'e{italic}' (149), 'g{fraktur}' (92), 'g{italic}' (13), 'h{italic}' (2), 'i{italic}' (256), 'j{italic}' (29), 'k{italic}' (17), 'lambda' (1), 'l{fraktur}' (9), 'l{italic}' (1), 'mu' (39), 'm{italic}' (76), 'n{italic}' (35), 'omega' (3), 'phi' (28), 'pi' (79), 'psi' (6), 'p{fraktur}' (33), 'p{italic}' (52), 'q{italic}' (11), 's{fraktur}' (68), 'tau' (6), 'theta' (10), 't{fraktur}' (1), 't{italic}' (53), 'u{fraktur}' (27), 'u{italic}' (2), 'varepsilon' (1), 'v{italic}' (20), 'w{italic}' (18), 'xi' (7), 'x{italic}' (37), 'y{italic}' (10), 'z{italic}' (20)
Set MATHPARSER_SPECULATE to speculate on possible notations.
(Finalizing... 2.28 sec)
Conversion complete 4 warnings (See /home/user/latex-in-arxiv/0301158.latexml.log) (reqd. 57.97s)
