latexml (LaTeXML version 0.8.6) processing 2003/0301225.tex
(Digesting TeX 0301225...
(Loading /usr/share/perl5/LaTeXML/Package/TeX.pool.ltxml...
(Loading /usr/share/perl5/LaTeXML/Package/eTeX.pool.ltxml... 0.00 sec)
(Loading /usr/share/perl5/LaTeXML/Package/pdfTeX.pool.ltxml... 0.01 sec) 0.11 sec)
(Processing content /home/user/latex-in-arxiv/2003/0301225.tex...
(Loading /usr/share/perl5/LaTeXML/Package/LaTeX.pool.ltxml...
(Loading /usr/share/perl5/LaTeXML/Package/textcomp.sty.ltxml...
(Processing definitions /usr/share/texlive/texmf-dist/tex/latex-dev/base/ts1enc.dfu... 0.02 sec) 1.11 sec) 1.27 sec)
Info:unexpected:\documentstyle Entering LaTeX 2.09 Compatibility mode
	at 0301225.tex; line 1 col 0 - line 1 col 29
(Loading /usr/share/perl5/LaTeXML/Package/article.cls.ltxml... 0.01 sec) 2.55 sec) 2.68 sec)
(Building...
(Loading compiled schema /usr/share/perl5/LaTeXML/resources/RelaxNG/LaTeXML.model... 0.01 sec) 2.20 sec)
(Rewriting... 0.07 sec)
(Math Parsing 219 formulae ......
Warning:not_parsed:POSTSUPERSCRIPT.RELOP.UNKNOWN>OPEN MathParser failed to match rule 'Anything'
	at 0301225.tex; line 85 col 5 - line 85 col 38
	In "$\eta^{\mu\nu}={\rm{diag}}(++--)$"
	η[[UNKNOWN]] ^{\mu\nu}[[POSTSUPERSCRIPT]] =[[RELOP]] diag[[UNKNOWN]]
	        > ([[OPEN]] +[[ADDOP]] +[[ADDOP]] -[[ADDOP]] -[[ADDOP]] )[[CLOSE]]
Warning:not_parsed:POSTSUPERSCRIPT.CLOSE.POSTSUBSCRIPT>CLOSE MathParser failed to match rule 'Anything'
	at 0301225.tex; line 335 col 2 - line 336 col 50
	In "$$\int d^{2}\theta\,\theta_{i}\theta_{j}=\frac{1}{2}\left(\tau^{2}\right)_{ji}%
	\;)$$"
	∫[[INTOP]] d[[UNKNOWN]] ^{2}[[POSTSUPERSCRIPT]] θ[[UNKNOWN]] θ[[UNKNOWN]] _{i}[[POSTSUBSCRIPT]] θ[[UNKNOWN]] _{j}[[POSTSUBSCRIPT]] =[[RELOP]] \frac{1}{2}[[UNKNOWN]] \left([[OPEN]] τ[[UNKNOWN]] ^{2}[[POSTSUPERSCRIPT]] \right)[[CLOSE]] _{ji}[[POSTSUBSCRIPT]]
	        > )[[CLOSE]]
Warning:not_parsed:UNKNOWN.POSTSUPERSCRIPT.CLOSE>OPEN MathParser failed to match rule 'Anything'
	at 0301225.tex; line 390 col 2 - line 393 col 18
	In "$$\!\!\!\!\!S_{0}=\int d^{4}x\,\delta\left(x^{2}-a^{2}\right)\left[\frac{1}{a^%
	{2}}\phi\left(\frac{1}{2}J_{\mu\nu}J^{\mu\nu}-\omega^{2}\right)\phi\right.$$"
	S[[UNKNOWN]] _{0}[[POSTSUBSCRIPT]] =[[RELOP]] ∫[[INTOP]] d[[UNKNOWN]] ^{4}[[POSTSUPERSCRIPT]] x[[UNKNOWN]] δ[[UNKNOWN]] \left([[OPEN]] x[[UNKNOWN]] ^{2}[[POSTSUPERSCRIPT]] -[[ADDOP]] a[[UNKNOWN]] ^{2}[[POSTSUPERSCRIPT]] \right)[[CLOSE]]
	        > \left[[[OPEN]] \frac{1}{a^{2}}[[UNKNOWN]] ϕ[[UNKNOWN]] \left([[OPEN]] \frac{1}{2}[[UNKNOWN]] J[[UNKNOWN]] _{\mu\nu}[[POSTSUBSCRIPT]] J[[UNKNOWN]] ^{\mu\nu}[[POSTSUPERSCRIPT]] -[[ADDOP]] ω[[UNKNOWN]] ^{2}[[POSTSUPERSCRIPT]] \right)[[CLOSE]] ϕ[[UNKNOWN]]
Warning:not_parsed:CLOSE.UNKNOWN.UNKNOWN>CLOSE MathParser failed to match rule 'Anything'
	at 0301225.tex; line 395 col 2 - line 396 col 71
	In "$$\left.+\tilde{\psi}\left(\sigma^{\mu\nu}J_{\mu\nu}-2\right)\psi-\frac{a^{2}}%
	{2}F^{2}+\left(1-\omega\right)\phi F\right].$$"
	+[[ADDOP]] \tilde{\psi}[[UNKNOWN]] \left([[OPEN]] σ[[UNKNOWN]] ^{\mu\nu}[[POSTSUPERSCRIPT]] J[[UNKNOWN]] _{\mu\nu}[[POSTSUBSCRIPT]] -[[ADDOP]] 2[[NUMBER]] \right)[[CLOSE]] ψ[[UNKNOWN]] -[[ADDOP]] \frac{a^{2}}{2}[[UNKNOWN]] F[[UNKNOWN]] ^{2}[[POSTSUPERSCRIPT]] +[[ADDOP]] \left([[OPEN]] 1[[NUMBER]] -[[ADDOP]] ω[[UNKNOWN]] \right)[[CLOSE]] ϕ[[UNKNOWN]] F[[UNKNOWN]]
	        > \right][[CLOSE]]
 4.25 sec)
Math parsing succeeded:
   ltx:XMArg: 653/653
   ltx:XMath: 215/219
Symbols assumed as simple identifiers (with # of occurences):
   'A{italic}' (62), 'B{italic}' (20), 'C{italic}' (18), 'Delta' (4), 'D{italic}' (6), 'F{italic}' (10), 'Gamma' (9), 'G{italic}' (5), 'J{italic}' (33), 'K{italic}' (5), 'N{italic}' (1), 'O{caligraphic}' (1), 'Phi' (8), 'Q{italic}' (23), 'R{italic}' (7), 'Sigma' (16), 'S{italic}' (34), 'T{italic}' (3), 'a{italic}' (31), 'beta' (7), 'b{italic}' (16), 'c{italic}' (5), 'delta' (24), 'diag' (3), 'd{italic}' (41), 'ell' (18), 'epsilon' (9), 'eta' (19), 'f{italic}' (6), 'gamma' (28), 'g{italic}' (4), 'i{italic}' (32), 'j{italic}' (27), 'k{italic}' (18), 'lambda' (49), 'mu' (75), 'nu' (73), 'omega' (8), 'phi' (10), 'psi' (11), 'rho' (1), 'sigma' (51), 'tau' (21), 'theta' (43), 'x{italic}' (68)
Set MATHPARSER_SPECULATE to speculate on possible notations.
(Finalizing... 0.42 sec)
Conversion complete 4 warnings (See /home/user/latex-in-arxiv/0301225.latexml.log) (reqd. 9.96s)
