latexml (LaTeXML version 0.8.6) processing 2003/0301050.tex
(Digesting TeX 0301050...
(Loading /usr/share/perl5/LaTeXML/Package/TeX.pool.ltxml...
(Loading /usr/share/perl5/LaTeXML/Package/eTeX.pool.ltxml... 0.00 sec)
(Loading /usr/share/perl5/LaTeXML/Package/pdfTeX.pool.ltxml... 0.01 sec) 0.11 sec)
(Processing content /home/user/latex-in-arxiv/2003/0301050.tex...
(Loading /usr/share/perl5/LaTeXML/Package/LaTeX.pool.ltxml...
(Loading /usr/share/perl5/LaTeXML/Package/textcomp.sty.ltxml...
(Processing definitions /usr/share/texlive/texmf-dist/tex/latex-dev/base/ts1enc.dfu... 0.03 sec) 1.25 sec) 1.42 sec)
(Loading /usr/share/perl5/LaTeXML/Package/iopart.cls.ltxml...
(Loading /usr/share/perl5/LaTeXML/Package/article.cls.ltxml... 0.01 sec)
(Loading /usr/share/perl5/LaTeXML/Package/iopart_support.sty.ltxml... 0.01 sec) 0.03 sec) 4.11 sec) 4.25 sec)
(Building...
(Loading compiled schema /usr/share/perl5/LaTeXML/resources/RelaxNG/LaTeXML.model... 0.01 sec) 3.72 sec)
(Rewriting... 0.08 sec)
(Math Parsing 253 formulae ...... 4.80 sec)
Math parsing succeeded:
   ltx:XMath: 253/253
   ltx:XMWrap: 0/1
   ltx:XMArg: 253/253
Symbols assumed as simple identifiers (with # of occurences):
   'A{italic}' (6), 'B{italic}' (3), 'C{italic}' (5), 'D{italic}' (2), 'E{bold}' (1), 'E{italic}' (28), 'F{italic}' (28), 'Gamma' (7), 'G{italic}' (5), 'H{italic}' (1), 'I{italic}' (15), 'J{italic}' (19), 'L{italic}' (1), 'N{italic}' (6), 'Omega' (2), 'O{italic}' (64), 'Phi' (3), 'Psi' (4), 'SO{bold}' (2), 'SU{bold}' (2), 'S{italic}' (95), 'T{italic}' (9), 'U{caligraphic}' (1), 'U{italic}' (25), 'V{italic}' (3), 'Z{italic}' (1), 'alpha' (7), 'a{italic}' (9), 'beta' (6), 'b{italic}' (7), 'delta' (4), 'd{italic}' (5), 'e{italic}' (15), 'f{italic}' (1), 'gamma' (12), 'g{italic}' (1), 'h{italic}' (3), 'i{italic}' (17), 'j{italic}' (14), 'k{italic}' (9), 'lambda' (5), 'm{italic}' (1), 'n{italic}' (7), 'omega' (1), 'phi' (1), 'psi' (4), 'p{italic}' (1), 'rho' (2), 'r{bold}' (1), 's{bold}' (1), 's{italic}' (3), 'theta' (18), 't{italic}' (1), 'u{italic}' (3), 'w{italic}' (1), 'xi' (4), 'x{italic}' (4), 'y{italic}' (14), 'zeta' (3)
Set MATHPARSER_SPECULATE to speculate on possible notations.
(Finalizing... 0.50 sec)
Conversion complete No obvious problems (reqd. 13.86s)
