latexml (LaTeXML version 0.8.6) processing 2003/0301244.tex
(Digesting TeX 0301244...
(Loading /usr/share/perl5/LaTeXML/Package/TeX.pool.ltxml...
(Loading /usr/share/perl5/LaTeXML/Package/eTeX.pool.ltxml... 0.00 sec)
(Loading /usr/share/perl5/LaTeXML/Package/pdfTeX.pool.ltxml... 0.01 sec) 0.12 sec)
(Processing content /home/user/latex-in-arxiv/2003/0301244.tex...
(Loading /usr/share/perl5/LaTeXML/Package/LaTeX.pool.ltxml...
(Loading /usr/share/perl5/LaTeXML/Package/textcomp.sty.ltxml...
(Processing definitions /usr/share/texlive/texmf-dist/tex/latex-dev/base/ts1enc.dfu... 0.02 sec) 0.94 sec) 1.11 sec)
(Loading /usr/share/perl5/LaTeXML/Package/article.cls.ltxml... 0.01 sec)
(Loading /usr/share/perl5/LaTeXML/Package/amsmath.sty.ltxml...
(Loading /usr/share/perl5/LaTeXML/Package/amsbsy.sty.ltxml...
(Loading /usr/share/perl5/LaTeXML/Package/amsgen.sty.ltxml... 0.00 sec) 0.01 sec)
(Loading /usr/share/perl5/LaTeXML/Package/amstext.sty.ltxml... 0.00 sec)
(Loading /usr/share/perl5/LaTeXML/Package/amsopn.sty.ltxml... 0.01 sec) 0.04 sec)
(Loading /usr/share/perl5/LaTeXML/Package/amssymb.sty.ltxml...
(Loading /usr/share/perl5/LaTeXML/Package/amsfonts.sty.ltxml... 0.00 sec) 0.02 sec) 6.18 sec) 6.34 sec)
(Building...
(Loading compiled schema /usr/share/perl5/LaTeXML/resources/RelaxNG/LaTeXML.model... 0.01 sec) 10.27 sec)
(Rewriting... 0.22 sec)
(Math Parsing 618 formulae ......
Warning:not_parsed:FLOATSUBSCRIPT>MULOP MathParser failed to match rule 'Anything'
	at 0301244.tex; line 104 col 12 - line 104 col 24
	In "${}_{2}\times$"
	{}_{2}[[FLOATSUBSCRIPT]]
	        > ×[[MULOP]]
Warning:not_parsed:FLOATSUBSCRIPT>MULOP MathParser failed to match rule 'Anything'
	at 0301244.tex; line 195 col 5 - line 195 col 17
	In "${}_{2}\times$"
	{}_{2}[[FLOATSUBSCRIPT]]
	        > ×[[MULOP]]
Warning:not_parsed:UNKNOWN.UNKNOWN.POSTSUPERSCRIPT>FLOATSUPERSCRIPT MathParser failed to match rule 'Anything'
	at 0301244.tex; line 243 col 2 - line 243 col 41
	In "$ds^{2}\rightarrow ds^{\prime}{}^{2}=e^{2\sigma}ds^{2}$"
	d[[UNKNOWN]] s[[UNKNOWN]] ^{2}[[POSTSUPERSCRIPT]] →[[ARROW]] d[[UNKNOWN]] s[[UNKNOWN]] ^{\prime}[[POSTSUPERSCRIPT]]
	        > {}^{2}[[FLOATSUPERSCRIPT]] =[[RELOP]] e[[UNKNOWN]] ^{2\sigma}[[POSTSUPERSCRIPT]] d[[UNKNOWN]] s[[UNKNOWN]] ^{2}[[POSTSUPERSCRIPT]]
Warning:not_parsed:UNKNOWN.POSTSUPERSCRIPT>FLOATSUBSCRIPT MathParser failed to match rule 'Anything'
	at 0301244.tex; line 253 col 7 - line 253 col 18
	In "$\omega^{\mu}{}_{\nu}$"
	ω[[UNKNOWN]] ^{\mu}[[POSTSUPERSCRIPT]]
	        > {}_{\nu}[[FLOATSUBSCRIPT]]
Warning:not_parsed:UNKNOWN.POSTSUPERSCRIPT>FLOATSUPERSCRIPT MathParser failed to match rule 'Anything'
	at 0301244.tex; line 264 col 0 - line 268 col 14
	In "\begin{equation}x^{\prime}{}^{\mu}=\frac{x^{\mu}-\gamma^{\mu}x^{2}}{1-2\gamma x%
	+\gamma^{2}x^{2}},\end{equation}"
	x[[UNKNOWN]] ^{\prime}[[POSTSUPERSCRIPT]]
	        > {}^{\mu}[[FLOATSUPERSCRIPT]] =[[RELOP]] \frac{x^{\mu}-\gamma^{\mu}x^{2}}{1-2\gammax+\gamma^{2}x^{2}}[[UNKNOWN]]
Warning:not_parsed:>OPEN MathParser failed to match rule 'Anything'
	at 0301244.tex; line 283 col 3 - line 283 col 10
	In "$\{x_{\mu},$"
	> \{[[OPEN]] x[[UNKNOWN]] _{\mu}[[POSTSUBSCRIPT]]
Warning:not_parsed:UNKNOWN.POSTSUBSCRIPT>CLOSE MathParser failed to match rule 'Anything'
	at 0301244.tex; line 283 col 13 - line 283 col 34
	In "$p_{\nu}\}=\eta_{\mu\nu}$"
	p[[UNKNOWN]] _{\nu}[[POSTSUBSCRIPT]]
	        > \}[[CLOSE]] =[[RELOP]] η[[UNKNOWN]] _{\mu\nu}[[POSTSUBSCRIPT]]
Warning:not_parsed:PUNCT.UNKNOWN.POSTSUBSCRIPT>CLOSE MathParser failed to match rule 'Anything'
	at 0301244.tex; line 297 col 3 - line 297 col 3
	In "$\displaystyle\{M_{\mu\nu},M_{\sigma\lambda}\}=\eta_{\mu\sigma}M_{\nu\lambda}-%
	\eta_{\nu\sigma}M_{\mu\lambda}+\eta_{\mu\lambda}M_{\sigma\nu}-\eta_{\nu\lambda%
	}M_{\sigma\mu},\@@ENDINLINEMATH"
	{[[UNKNOWN]] M[[UNKNOWN]] _{\mu\nu}[[POSTSUBSCRIPT]] ,[[PUNCT]] M[[UNKNOWN]] _{\sigma\lambda}[[POSTSUBSCRIPT]]
	        > \}[[CLOSE]] =[[RELOP]] η[[UNKNOWN]] _{\mu\sigma}[[POSTSUBSCRIPT]] M[[UNKNOWN]] _{\nu\lambda}[[POSTSUBSCRIPT]] -[[ADDOP]] η[[UNKNOWN]] _{\nu\sigma}[[POSTSUBSCRIPT]] M[[UNKNOWN]] _{\mu\lambda}[[POSTSUBSCRIPT]] +[[ADDOP]] η[[UNKNOWN]] _{\mu\lambda}[[POSTSUBSCRIPT]] M[[UNKNOWN]] _{\sigma\nu}[[POSTSUBSCRIPT]] -[[ADDOP]] η[[UNKNOWN]] _{\nu\lambda}[[POSTSUBSCRIPT]] M[[UNKNOWN]] _{\sigma\mu}[[POSTSUBSCRIPT]]
Warning:not_parsed:PUNCT.UNKNOWN.POSTSUBSCRIPT>CLOSE MathParser failed to match rule 'Anything'
	at 0301244.tex; line 297 col 3 - line 301 col 32
	In "$\displaystyle\{M_{\mu\nu},M_{\sigma\lambda}\}=\eta_{\mu\sigma}M_{\nu\lambda}-%
	\eta_{\nu\sigma}M_{\mu\lambda}+\eta_{\mu\lambda}M_{\sigma\nu}-\eta_{\nu\lambda%
	}M_{\sigma\mu},$"
	{[[UNKNOWN]] M[[UNKNOWN]] _{\mu\nu}[[POSTSUBSCRIPT]] ,[[PUNCT]] M[[UNKNOWN]] _{\sigma\lambda}[[POSTSUBSCRIPT]]
	        > \}[[CLOSE]] =[[RELOP]] η[[UNKNOWN]] _{\mu\sigma}[[POSTSUBSCRIPT]] M[[UNKNOWN]] _{\nu\lambda}[[POSTSUBSCRIPT]] -[[ADDOP]] η[[UNKNOWN]] _{\nu\sigma}[[POSTSUBSCRIPT]] M[[UNKNOWN]] _{\mu\lambda}[[POSTSUBSCRIPT]] +[[ADDOP]] η[[UNKNOWN]] _{\mu\lambda}[[POSTSUBSCRIPT]] M[[UNKNOWN]] _{\sigma\nu}[[POSTSUBSCRIPT]] -[[ADDOP]] η[[UNKNOWN]] _{\nu\lambda}[[POSTSUBSCRIPT]] M[[UNKNOWN]] _{\sigma\mu}[[POSTSUBSCRIPT]]
Warning:not_parsed:PUNCT.UNKNOWN.POSTSUBSCRIPT>CLOSE MathParser failed to match rule 'Anything'
	at 0301244.tex; line 302 col 3 - line 302 col 3
	In "$\displaystyle\{M_{\mu\nu},P_{\lambda}\}=\eta_{\mu\lambda}P_{\nu}-\eta_{\nu%
	\lambda}P_{\mu},\qquad\{M_{\mu\nu},K_{\lambda}\}=\eta_{\mu\lambda}K_{\nu}-\eta%
	_{\nu\lambda}K_{\mu},\@@ENDINLINEMATH"
	{[[UNKNOWN]] M[[UNKNOWN]] _{\mu\nu}[[POSTSUBSCRIPT]] ,[[PUNCT]] P[[UNKNOWN]] _{\lambda}[[POSTSUBSCRIPT]]
	        > \}[[CLOSE]] =[[RELOP]] η[[UNKNOWN]] _{\mu\lambda}[[POSTSUBSCRIPT]] P[[UNKNOWN]] _{\nu}[[POSTSUBSCRIPT]] -[[ADDOP]] η[[UNKNOWN]] _{\nu\lambda}[[POSTSUBSCRIPT]] P[[UNKNOWN]] _{\mu}[[POSTSUBSCRIPT]] ,[[PUNCT]] \{[[OPEN]] M[[UNKNOWN]] _{\mu\nu}[[POSTSUBSCRIPT]] ,[[PUNCT]] K[[UNKNOWN]] _{\lambda}[[POSTSUBSCRIPT]] \}[[CLOSE]] =[[RELOP]] η[[UNKNOWN]] _{\mu\lambda}[[POSTSUBSCRIPT]] K[[UNKNOWN]] _{\nu}[[POSTSUBSCRIPT]] -[[ADDOP]] η[[UNKNOWN]] _{\nu\lambda}[[POSTSUBSCRIPT]] K[[UNKNOWN]] _{\mu}[[POSTSUBSCRIPT]]
Warning:not_parsed:PUNCT.UNKNOWN.POSTSUBSCRIPT>CLOSE MathParser failed to match rule 'Anything'
	at 0301244.tex; line 302 col 3 - line 307 col 28
	In "$\displaystyle\{M_{\mu\nu},P_{\lambda}\}=\eta_{\mu\lambda}P_{\nu}-\eta_{\nu%
	\lambda}P_{\mu},\qquad\{M_{\mu\nu},K_{\lambda}\}=\eta_{\mu\lambda}K_{\nu}-\eta%
	_{\nu\lambda}K_{\mu},$"
	{[[UNKNOWN]] M[[UNKNOWN]] _{\mu\nu}[[POSTSUBSCRIPT]] ,[[PUNCT]] P[[UNKNOWN]] _{\lambda}[[POSTSUBSCRIPT]]
	        > \}[[CLOSE]] =[[RELOP]] η[[UNKNOWN]] _{\mu\lambda}[[POSTSUBSCRIPT]] P[[UNKNOWN]] _{\nu}[[POSTSUBSCRIPT]] -[[ADDOP]] η[[UNKNOWN]] _{\nu\lambda}[[POSTSUBSCRIPT]] P[[UNKNOWN]] _{\mu}[[POSTSUBSCRIPT]] ,[[PUNCT]] \{[[OPEN]] M[[UNKNOWN]] _{\mu\nu}[[POSTSUBSCRIPT]] ,[[PUNCT]] K[[UNKNOWN]] _{\lambda}[[POSTSUBSCRIPT]] \}[[CLOSE]] =[[RELOP]] η[[UNKNOWN]] _{\mu\lambda}[[POSTSUBSCRIPT]] K[[UNKNOWN]] _{\nu}[[POSTSUBSCRIPT]] -[[ADDOP]] η[[UNKNOWN]] _{\nu\lambda}[[POSTSUBSCRIPT]] K[[UNKNOWN]] _{\mu}[[POSTSUBSCRIPT]]
Warning:not_parsed:PUNCT.UNKNOWN.POSTSUBSCRIPT>CLOSE MathParser failed to match rule 'Anything'
	at 0301244.tex; line 308 col 3 - line 308 col 3
	In "$\displaystyle\{D,P_{\mu}\}=P_{\mu},\qquad\{D,K_{\mu}\}=-K_{\mu},\@@ENDINLINEMATH"
	{[[UNKNOWN]] D[[UNKNOWN]] ,[[PUNCT]] P[[UNKNOWN]] _{\mu}[[POSTSUBSCRIPT]]
	        > \}[[CLOSE]] =[[RELOP]] P[[UNKNOWN]] _{\mu}[[POSTSUBSCRIPT]] ,[[PUNCT]] \{[[OPEN]] D[[UNKNOWN]] ,[[PUNCT]] K[[UNKNOWN]] _{\mu}[[POSTSUBSCRIPT]] \}[[CLOSE]] =[[RELOP]] -[[ADDOP]] K[[UNKNOWN]] _{\mu}[[POSTSUBSCRIPT]]
Warning:not_parsed:PUNCT.UNKNOWN.POSTSUBSCRIPT>CLOSE MathParser failed to match rule 'Anything'
	at 0301244.tex; line 308 col 3 - line 309 col 28
	In "$\displaystyle\{D,P_{\mu}\}=P_{\mu},\qquad\{D,K_{\mu}\}=-K_{\mu},$"
	{[[UNKNOWN]] D[[UNKNOWN]] ,[[PUNCT]] P[[UNKNOWN]] _{\mu}[[POSTSUBSCRIPT]]
	        > \}[[CLOSE]] =[[RELOP]] P[[UNKNOWN]] _{\mu}[[POSTSUBSCRIPT]] ,[[PUNCT]] \{[[OPEN]] D[[UNKNOWN]] ,[[PUNCT]] K[[UNKNOWN]] _{\mu}[[POSTSUBSCRIPT]] \}[[CLOSE]] =[[RELOP]] -[[ADDOP]] K[[UNKNOWN]] _{\mu}[[POSTSUBSCRIPT]]
Warning:not_parsed:PUNCT.UNKNOWN.POSTSUBSCRIPT>CLOSE MathParser failed to match rule 'Anything'
	at 0301244.tex; line 310 col 3 - line 310 col 3
	In "$\displaystyle\{K_{\mu},P_{\nu}\}=2(\eta_{\mu\nu}D+M_{\mu\nu}),\@@ENDINLINEMATH"
	{[[UNKNOWN]] K[[UNKNOWN]] _{\mu}[[POSTSUBSCRIPT]] ,[[PUNCT]] P[[UNKNOWN]] _{\nu}[[POSTSUBSCRIPT]]
	        > \}[[CLOSE]] =[[RELOP]] 2[[NUMBER]] ([[OPEN]] η[[UNKNOWN]] _{\mu\nu}[[POSTSUBSCRIPT]] D[[UNKNOWN]] +[[ADDOP]] M[[UNKNOWN]] _{\mu\nu}[[POSTSUBSCRIPT]] )[[CLOSE]]
Warning:not_parsed:PUNCT.UNKNOWN.POSTSUBSCRIPT>CLOSE MathParser failed to match rule 'Anything'
	at 0301244.tex; line 310 col 3 - line 311 col 33
	In "$\displaystyle\{K_{\mu},P_{\nu}\}=2(\eta_{\mu\nu}D+M_{\mu\nu}),$"
	{[[UNKNOWN]] K[[UNKNOWN]] _{\mu}[[POSTSUBSCRIPT]] ,[[PUNCT]] P[[UNKNOWN]] _{\nu}[[POSTSUBSCRIPT]]
	        > \}[[CLOSE]] =[[RELOP]] 2[[NUMBER]] ([[OPEN]] η[[UNKNOWN]] _{\mu\nu}[[POSTSUBSCRIPT]] D[[UNKNOWN]] +[[ADDOP]] M[[UNKNOWN]] _{\mu\nu}[[POSTSUBSCRIPT]] )[[CLOSE]]
Warning:not_parsed:PUNCT.UNKNOWN.POSTSUBSCRIPT>CLOSE MathParser failed to match rule 'Anything'
	at 0301244.tex; line 313 col 3 - line 313 col 3
	In "$\displaystyle\{D,M_{\mu\nu}\}=\{P_{\mu},P_{\nu}\}=\{K_{\mu},K_{\nu}\}=0.\@@ENDINLINEMATH"
	{[[UNKNOWN]] D[[UNKNOWN]] ,[[PUNCT]] M[[UNKNOWN]] _{\mu\nu}[[POSTSUBSCRIPT]]
	        > \}[[CLOSE]] =[[RELOP]] \{[[OPEN]] P[[UNKNOWN]] _{\mu}[[POSTSUBSCRIPT]] ,[[PUNCT]] P[[UNKNOWN]] _{\nu}[[POSTSUBSCRIPT]] \}[[CLOSE]] =[[RELOP]] \{[[OPEN]] K[[UNKNOWN]] _{\mu}[[POSTSUBSCRIPT]] ,[[PUNCT]] K[[UNKNOWN]] _{\nu}[[POSTSUBSCRIPT]] \}[[CLOSE]] =[[RELOP]] 0[[NUMBER]]
Warning:not_parsed:PUNCT.UNKNOWN.POSTSUBSCRIPT>CLOSE MathParser failed to match rule 'Anything'
	at 0301244.tex; line 313 col 3 - line 315 col 27
	In "$\displaystyle\{D,M_{\mu\nu}\}=\{P_{\mu},P_{\nu}\}=\{K_{\mu},K_{\nu}\}=0.$"
	{[[UNKNOWN]] D[[UNKNOWN]] ,[[PUNCT]] M[[UNKNOWN]] _{\mu\nu}[[POSTSUBSCRIPT]]
	        > \}[[CLOSE]] =[[RELOP]] \{[[OPEN]] P[[UNKNOWN]] _{\mu}[[POSTSUBSCRIPT]] ,[[PUNCT]] P[[UNKNOWN]] _{\nu}[[POSTSUBSCRIPT]] \}[[CLOSE]] =[[RELOP]] \{[[OPEN]] K[[UNKNOWN]] _{\mu}[[POSTSUBSCRIPT]] ,[[PUNCT]] K[[UNKNOWN]] _{\nu}[[POSTSUBSCRIPT]] \}[[CLOSE]] =[[RELOP]] 0[[NUMBER]]
Warning:not_parsed:POSTSUPERSCRIPT.ARROW.ATOM>FLOATSUPERSCRIPT MathParser failed to match rule 'Anything'
	at 0301244.tex; line 398 col 0 - line 402 col 14
	In "\begin{equation}x^{\mu}\rightarrow\tilde{x}{}^{\mu}=\frac{x^{\mu}}{x^{2}},%
	\quad e\rightarrow\tilde{e}=\frac{e}{x^{2}}.\end{equation}"
	x[[UNKNOWN]] ^{\mu}[[POSTSUPERSCRIPT]] →[[ARROW]] \tilde{x}[[UNKNOWN]]
	        > {}^{\mu}[[FLOATSUPERSCRIPT]] =[[RELOP]] \frac{x^{\mu}}{x^{2}}[[UNKNOWN]] ,[[PUNCT]] e[[UNKNOWN]] →[[ARROW]] \tilde{e}[[UNKNOWN]] =[[RELOP]] \frac{e}{x^{2}}[[UNKNOWN]]
Warning:not_parsed:ATOM.ATOM.POSTSUBSCRIPT>FLOATSUPERSCRIPT MathParser failed to match rule 'Anything'
	at 0301244.tex; line 470 col 0 - line 473 col 14
	In "\begin{equation}L=\frac{m}{2}\dot{x}_{i}{}^{2},\qquad\dot{x}_{i}=\frac{dx_{i}}%
	{dt},\end{equation}"
	L[[UNKNOWN]] =[[RELOP]] \frac{m}{2}[[UNKNOWN]] \dot{x}[[UNKNOWN]] _{i}[[POSTSUBSCRIPT]]
	        > {}^{2}[[FLOATSUPERSCRIPT]] ,[[PUNCT]] \dot{x}[[UNKNOWN]] _{i}[[POSTSUBSCRIPT]] =[[RELOP]] \frac{dx_{i}}{dt}[[UNKNOWN]]
Warning:not_parsed:UNKNOWN.RELOP.ATOM>OPEN MathParser failed to match rule 'Anything'
	at 0301244.tex; line 591 col 0 - line 595 col 14
	In "\begin{equation}L=\frac{m}{2}(\dot{r}{}^{2}+\sigma^{2}r^{2}\dot{\varphi}{}^{2}%
	).\end{equation}"
	L[[UNKNOWN]] =[[RELOP]] \frac{m}{2}[[UNKNOWN]]
	        > ([[OPEN]] \dot{r}[[UNKNOWN]] {}^{2}[[FLOATSUPERSCRIPT]] +[[ADDOP]] σ[[UNKNOWN]] ^{2}[[POSTSUPERSCRIPT]] r[[UNKNOWN]] ^{2}[[POSTSUPERSCRIPT]] \dot{\varphi}[[UNKNOWN]] {}^{2}[[FLOATSUPERSCRIPT]] )[[CLOSE]]
Warning:not_parsed:ADDOP.UNKNOWN.ATOM>FLOATSUPERSCRIPT MathParser failed to match rule 'Anything'
	at 0301244.tex; line 942 col 0 - line 946 col 2
	In "$$\Omega=d\tilde{\mathfrak{P}}_{\mu}\wedge d\tilde{\mathfrak{X}}{}^{\mu}+d%
	\tilde{\mathfrak{P}}_{+}\wedge d\tilde{\mathfrak{X}}{}^{+}+d\tilde{\mathfrak{P%
	}}_{-}\wedge d\tilde{\mathfrak{X}}^{-},$$"
	Ω[[UNKNOWN]] =[[RELOP]] d[[UNKNOWN]] \tilde{\mathfrak{P}}[[UNKNOWN]] _{\mu}[[POSTSUBSCRIPT]] ∧[[ADDOP]] d[[UNKNOWN]] \tilde{\mathfrak{X}}[[UNKNOWN]]
	        > {}^{\mu}[[FLOATSUPERSCRIPT]] +[[ADDOP]] d[[UNKNOWN]] \tilde{\mathfrak{P}}[[UNKNOWN]] _{+}[[POSTSUBSCRIPT]] ∧[[ADDOP]] d[[UNKNOWN]] \tilde{\mathfrak{X}}[[UNKNOWN]] {}^{+}[[FLOATSUPERSCRIPT]] +[[ADDOP]] d[[UNKNOWN]] \tilde{\mathfrak{P}}[[UNKNOWN]] _{-}[[POSTSUBSCRIPT]] ∧[[ADDOP]] d[[UNKNOWN]] \tilde{\mathfrak{X}}[[UNKNOWN]] ^{-}[[POSTSUPERSCRIPT]]
Warning:not_parsed:UNKNOWN.POSTSUBSCRIPT.CLOSE>ARROW MathParser failed to match rule 'Anything'
	at 0301244.tex; line 962 col 0 - line 965 col 1
	In "$(\mathfrak{X}^{A},\mathfrak{P}_{A})\rightarrow(\tilde{\mathfrak{X}}{}^{A},%
	\tilde{\mathfrak{P}}_{A})$"
	([[OPEN]] X[[UNKNOWN]] ^{A}[[POSTSUPERSCRIPT]] ,[[PUNCT]] P[[UNKNOWN]] _{A}[[POSTSUBSCRIPT]] )[[CLOSE]]
	        > →[[ARROW]] ([[OPEN]] \tilde{\mathfrak{X}}[[UNKNOWN]] {}^{A}[[FLOATSUPERSCRIPT]] ,[[PUNCT]] \tilde{\mathfrak{P}}[[UNKNOWN]] _{A}[[POSTSUBSCRIPT]] )[[CLOSE]]
Warning:not_parsed:ATOM.POSTSUBSCRIPT.ATOM>FLOATSUPERSCRIPT MathParser failed to match rule 'Anything'
	at 0301244.tex; line 1120 col 0 - line 1120 col 35
	In "\begin{equation}L=\frac{\dot{\mathfrak{X}}_{A}\dot{\mathfrak{X}}{}^{A}}{2e}-v(%
	\mathfrak{X}^{-}+1).\end{equation}"
	\dot{\mathfrak{X}}[[UNKNOWN]] _{A}[[POSTSUBSCRIPT]] \dot{\mathfrak{X}}[[UNKNOWN]]
	        > {}^{A}[[FLOATSUPERSCRIPT]]
Warning:not_parsed:ATOM.FLOATSUBSCRIPT.ATOM>FLOATSUPERSCRIPT MathParser failed to match rule 'Anything'
	at 0301244.tex; line 1167 col 0 - line 1172 col 14
	In "\begin{equation}\underline{\phi}_{0}=\underline{\mathfrak{P}}{}_{A}\underline{%
	\mathfrak{P}}{}^{A}=0,\qquad\underline{\phi}_{1}=\underline{\mathfrak{X}}{}_{A%
	}\underline{\mathfrak{X}}^{A}+R^{2}=0,\end{equation}"
	\underline{\phi}[[UNKNOWN]] _{0}[[POSTSUBSCRIPT]] =[[RELOP]] \underline{\mathfrak{P}}[[UNKNOWN]] {}_{A}[[FLOATSUBSCRIPT]] \underline{\mathfrak{P}}[[UNKNOWN]]
	        > {}^{A}[[FLOATSUPERSCRIPT]] =[[RELOP]] 0[[NUMBER]] ,[[PUNCT]] \underline{\phi}[[UNKNOWN]] _{1}[[POSTSUBSCRIPT]] =[[RELOP]] \underline{\mathfrak{X}}[[UNKNOWN]] {}_{A}[[FLOATSUBSCRIPT]] \underline{\mathfrak{X}}[[UNKNOWN]] ^{A}[[POSTSUPERSCRIPT]] +[[ADDOP]] R[[UNKNOWN]] ^{2}[[POSTSUPERSCRIPT]] =[[RELOP]] 0[[NUMBER]]
Warning:not_parsed:ATOM>FLOATSUBSCRIPT MathParser failed to match rule 'Anything'
	at 0301244.tex; line 1174 col 11 - line 1174 col 20
	In "$\underline{\mathfrak{P}}{}_{A}$"
	\underline{\mathfrak{P}}[[UNKNOWN]]
	        > {}_{A}[[FLOATSUBSCRIPT]]
Warning:not_parsed:ATOM.POSTSUPERSCRIPT.ATOM>FLOATSUBSCRIPT MathParser failed to match rule 'Anything'
	at 0301244.tex; line 1177 col 7 - line 1178 col 36
	In "$\{\underline{\phi}_{1},\underline{\phi}_{0}\}=4\underline{\mathfrak{X}}^{A}%
	\underline{\mathfrak{P}}{}_{A}$"
	\{[[OPEN]] \underline{\phi}[[UNKNOWN]] _{1}[[POSTSUBSCRIPT]] ,[[PUNCT]] \underline{\phi}[[UNKNOWN]] _{0}[[POSTSUBSCRIPT]] \}[[CLOSE]] =[[RELOP]] 4[[NUMBER]] \underline{\mathfrak{X}}[[UNKNOWN]] ^{A}[[POSTSUPERSCRIPT]] \underline{\mathfrak{P}}[[UNKNOWN]]
	        > {}_{A}[[FLOATSUBSCRIPT]]
Warning:not_parsed:ATOM.POSTSUPERSCRIPT.ATOM>FLOATSUBSCRIPT MathParser failed to match rule 'Anything'
	at 0301244.tex; line 1184 col 0 - line 1187 col 14
	In "\begin{equation}\underline{\phi}_{2}=\underline{\mathfrak{X}}^{A}\underline{%
	\mathfrak{P}}{}_{A}=0\end{equation}"
	\underline{\phi}[[UNKNOWN]] _{2}[[POSTSUBSCRIPT]] =[[RELOP]] \underline{\mathfrak{X}}[[UNKNOWN]] ^{A}[[POSTSUPERSCRIPT]] \underline{\mathfrak{P}}[[UNKNOWN]]
	        > {}_{A}[[FLOATSUBSCRIPT]] =[[RELOP]] 0[[NUMBER]]
Warning:not_parsed:ATOM>FLOATSUBSCRIPT MathParser failed to match rule 'Anything'
	at 0301244.tex; line 1215 col 11 - line 1215 col 33
	In "$\underline{\mathfrak{P}}{}_{A}\rightarrow 0$"
	\underline{\mathfrak{P}}[[UNKNOWN]]
	        > {}_{A}[[FLOATSUBSCRIPT]] →[[ARROW]] 0[[NUMBER]]
Warning:not_parsed:ATOM>FLOATSUPERSCRIPT MathParser failed to match rule 'Anything'
	at 0301244.tex; line 1257 col 46 - line 1257 col 46
	In "\begin{equation}A=\int Ld\tau,\qquad L=\frac{m}{2}\frac{\dot{x}_{\mu}^{2}}{%
	\dot{x}{}^{0}}.\end{equation}"
	\dot{x}[[UNKNOWN]]
	        > {}^{0}[[FLOATSUPERSCRIPT]]
Warning:not_parsed:ADDOP.ATOM.ATOM>FLOATSUPERSCRIPT MathParser failed to match rule 'Anything'
	at 0301244.tex; line 1264 col 2 - line 1264 col 24
	In "$-\frac{m}{2}\dot{x}{}^{0}$"
	-[[ADDOP]] \frac{m}{2}[[UNKNOWN]] \dot{x}[[UNKNOWN]]
	        > {}^{0}[[FLOATSUPERSCRIPT]]
Warning:not_parsed:ATOM>FLOATSUPERSCRIPT MathParser failed to match rule 'Anything'
	at 0301244.tex; line 1285 col 31 - line 1285 col 31
	In "\begin{equation}\frac{d}{d\tau}\left(\frac{\dot{x}{}^{1}}{\dot{x}{}^{0}}\right%
	)=0,\qquad\frac{d}{d\tau}\left(\frac{\dot{x}{}^{1}}{\dot{x}{}^{0}}\right)^{2}=%
	0,\end{equation}"
	\dot{x}[[UNKNOWN]]
	        > {}^{1}[[FLOATSUPERSCRIPT]]
Warning:not_parsed:ATOM>FLOATSUPERSCRIPT MathParser failed to match rule 'Anything'
	at 0301244.tex; line 1285 col 31 - line 1285 col 31
	\dot{x}[[UNKNOWN]]
	        > {}^{0}[[FLOATSUPERSCRIPT]]
Warning:not_parsed:ATOM>FLOATSUPERSCRIPT MathParser failed to match rule 'Anything'
	at 0301244.tex; line 1289 col 31 - line 1289 col 31
	\dot{x}[[UNKNOWN]]
	        > {}^{1}[[FLOATSUPERSCRIPT]]
Warning:not_parsed:ATOM>FLOATSUPERSCRIPT MathParser failed to match rule 'Anything'
	at 0301244.tex; line 1289 col 31 - line 1289 col 31
	\dot{x}[[UNKNOWN]]
	        > {}^{0}[[FLOATSUPERSCRIPT]]
Warning:not_parsed:UNKNOWN.POSTSUPERSCRIPT.ATOM>FLOATSUPERSCRIPT MathParser failed to match rule 'Anything'
	at 0301244.tex; line 1300 col 0 - line 1304 col 14
	In "\begin{equation}x^{1}(x^{0})=\epsilon x^{0}+b,\qquad e=M^{-1}\dot{x}{}^{0},\end{equation}"
	x[[UNKNOWN]] ^{1}[[POSTSUPERSCRIPT]] ([[OPEN]] x[[UNKNOWN]] ^{0}[[POSTSUPERSCRIPT]] )[[CLOSE]] =[[RELOP]] ϵ[[UNKNOWN]] x[[UNKNOWN]] ^{0}[[POSTSUPERSCRIPT]] +[[ADDOP]] b[[UNKNOWN]] ,[[PUNCT]] e[[UNKNOWN]] =[[RELOP]] M[[UNKNOWN]] ^{-1}[[POSTSUPERSCRIPT]] \dot{x}[[UNKNOWN]]
	        > {}^{0}[[FLOATSUPERSCRIPT]]
Warning:not_parsed:ATOM>FLOATSUPERSCRIPT MathParser failed to match rule 'Anything'
	at 0301244.tex; line 1310 col 21 - line 1310 col 21
	In "$$(\dot{x}{}^{1})^{2}-(\dot{x}{}^{0})^{2}=0,\qquad\frac{d}{d\tau}\left(\frac{%
	\dot{x}{}^{1}}{e}\right)=0,\qquad\frac{d}{d\tau}\left(\frac{\dot{x}{}^{0}}{e}%
	\right)=0$$"
	\dot{x}[[UNKNOWN]]
	        > {}^{1}[[FLOATSUPERSCRIPT]]
Warning:not_parsed:ATOM>FLOATSUPERSCRIPT MathParser failed to match rule 'Anything'
	at 0301244.tex; line 1313 col 21 - line 1313 col 21
	\dot{x}[[UNKNOWN]]
	        > {}^{0}[[FLOATSUPERSCRIPT]]
Warning:not_parsed:>OPEN MathParser failed to match rule 'Anything'
	at 0301244.tex; line 1306 col 0 - line 1314 col 2
	> ([[OPEN]] \dot{x}[[UNKNOWN]] {}^{1}[[FLOATSUPERSCRIPT]] )[[CLOSE]] ^{2}[[POSTSUPERSCRIPT]] -[[ADDOP]] ([[OPEN]] \dot{x}[[UNKNOWN]] {}^{0}[[FLOATSUPERSCRIPT]] )[[CLOSE]] ^{2}[[POSTSUPERSCRIPT]] =[[RELOP]] 0[[NUMBER]] ,[[PUNCT]] \frac{d}{d\tau}[[UNKNOWN]] \left([[OPEN]] \frac{\dot{x}{}^{1}}{e}[[UNKNOWN]] \right)[[CLOSE]] =[[RELOP]] 0[[NUMBER]] ,[[PUNCT]] \frac{d}{d\tau}[[UNKNOWN]] \left([[OPEN]] \frac{\dot{x}{}^{0}}{e}[[UNKNOWN]] \right)[[CLOSE]] =[[RELOP]] 0[[NUMBER]]
Warning:not_parsed:ATOM.ADDOP.ATOM>OPEN MathParser failed to match rule 'Anything'
	at 0301244.tex; line 1333 col 0 - line 1337 col 14
	In "\begin{equation}L=\frac{\dot{x}_{\mu}^{2}}{2e}+\frac{\lambda}{l}(e-M^{-1}\dot{%
	x}{}^{0}),\end{equation}"
	L[[UNKNOWN]] =[[RELOP]] \frac{\dot{x}_{\mu}^{2}}{2e}[[UNKNOWN]] +[[ADDOP]] \frac{\lambda}{l}[[UNKNOWN]]
	        > ([[OPEN]] e[[UNKNOWN]] -[[ADDOP]] M[[UNKNOWN]] ^{-1}[[POSTSUPERSCRIPT]] \dot{x}[[UNKNOWN]] {}^{0}[[FLOATSUPERSCRIPT]] )[[CLOSE]]
Warning:not_parsed:UNKNOWN.POSTSUPERSCRIPT.ATOM>FLOATSUPERSCRIPT MathParser failed to match rule 'Anything'
	at 0301244.tex; line 1343 col 0 - line 1347 col 14
	In "\begin{equation}e-M^{-1}\dot{x}{}^{0},\quad(\dot{x}{}^{1})^{2}-(\dot{x}{}^{0})%
	^{2}-\frac{\lambda}{l}e^{2}=0,\end{equation}"
	e[[UNKNOWN]] -[[ADDOP]] M[[UNKNOWN]] ^{-1}[[POSTSUPERSCRIPT]] \dot{x}[[UNKNOWN]]
	        > {}^{0}[[FLOATSUPERSCRIPT]] ,[[PUNCT]] ([[OPEN]] \dot{x}[[UNKNOWN]] {}^{1}[[FLOATSUPERSCRIPT]] )[[CLOSE]] ^{2}[[POSTSUPERSCRIPT]] -[[ADDOP]] ([[OPEN]] \dot{x}[[UNKNOWN]] {}^{0}[[FLOATSUPERSCRIPT]] )[[CLOSE]] ^{2}[[POSTSUPERSCRIPT]] -[[ADDOP]] \frac{\lambda}{l}[[UNKNOWN]] e[[UNKNOWN]] ^{2}[[POSTSUPERSCRIPT]] =[[RELOP]] 0[[NUMBER]]
Warning:not_parsed:ATOM>OPEN MathParser failed to match rule 'Anything'
	at 0301244.tex; line 1351 col 0 - line 1355 col 2
	In "$$\frac{d}{d\tau}\left(\dot{x}{}^{0}+\frac{\lambda}{2Ml}\right)=0.$$"
	\frac{d}{d\tau}[[UNKNOWN]]
	        > \left([[OPEN]] \dot{x}[[UNKNOWN]] {}^{0}[[FLOATSUPERSCRIPT]] +[[ADDOP]] \frac{\lambda}{2Ml}[[UNKNOWN]] \right)[[CLOSE]] =[[RELOP]] 0[[NUMBER]]
Warning:not_parsed:UNKNOWN.POSTSUPERSCRIPT.ATOM>FLOATSUPERSCRIPT MathParser failed to match rule 'Anything'
	at 0301244.tex; line 1360 col 0 - line 1362 col 1
	In "$e=M^{-1}\dot{x}{}^{0},$"
	e[[UNKNOWN]] =[[RELOP]] M[[UNKNOWN]] ^{-1}[[POSTSUPERSCRIPT]] \dot{x}[[UNKNOWN]]
	        > {}^{0}[[FLOATSUPERSCRIPT]]
Warning:not_parsed:UNKNOWN.POSTSUPERSCRIPT.UNKNOWN>OPEN MathParser failed to match rule 'Anything'
	at 0301244.tex; line 1363 col 0 - line 1365 col 1
	In "$\lambda=M^{2}l(({\dot{x}{}^{1}}/\dot{x}{}^{0})^{2}-1).$"
	λ[[UNKNOWN]] =[[RELOP]] M[[UNKNOWN]] ^{2}[[POSTSUPERSCRIPT]] l[[UNKNOWN]]
	        > ([[OPEN]] ([[OPEN]] \dot{x}[[UNKNOWN]] {}^{1}[[FLOATSUPERSCRIPT]] /[[MULOP]] \dot{x}[[UNKNOWN]] {}^{0}[[FLOATSUPERSCRIPT]] )[[CLOSE]] ^{2}[[POSTSUPERSCRIPT]] -[[ADDOP]] 1[[NUMBER]] )[[CLOSE]]
Warning:not_parsed:ADDOP.ATOM.ATOM>FLOATSUPERSCRIPT MathParser failed to match rule 'Anything'
	at 0301244.tex; line 1437 col 24 - line 1437 col 47
	In "$-\frac{m}{2}\dot{x}{}^{0}$"
	-[[ADDOP]] \frac{m}{2}[[UNKNOWN]] \dot{x}[[UNKNOWN]]
	        > {}^{0}[[FLOATSUPERSCRIPT]]
Warning:not_parsed:UNKNOWN.RELOP.ATOM>FLOATSUPERSCRIPT MathParser failed to match rule 'Anything'
	at 0301244.tex; line 1547 col 0 - line 1553 col 2
	In "$$T=\tilde{p}{}^{0},\quad D=\tilde{x}^{\mu}\tilde{p}_{\mu},\quad K=2\tilde{x}_%
	{0}(\tilde{x}_{\mu}\tilde{p}^{\mu})-\tilde{x}{}^{2}_{\mu}\tilde{p}_{0}+\tilde{%
	x}{}^{2}_{\mu}\varphi,$$"
	T[[UNKNOWN]] =[[RELOP]] \tilde{p}[[UNKNOWN]]
	        > {}^{0}[[FLOATSUPERSCRIPT]] ,[[PUNCT]] D[[UNKNOWN]] =[[RELOP]] \tilde{x}[[UNKNOWN]] ^{\mu}[[POSTSUPERSCRIPT]] \tilde{p}[[UNKNOWN]] _{\mu}[[POSTSUBSCRIPT]] ,[[PUNCT]] K[[UNKNOWN]] =[[RELOP]] 2[[NUMBER]] \tilde{x}[[UNKNOWN]] _{0}[[POSTSUBSCRIPT]] ([[OPEN]] \tilde{x}[[UNKNOWN]] _{\mu}[[POSTSUBSCRIPT]] \tilde{p}[[UNKNOWN]] ^{\mu}[[POSTSUPERSCRIPT]] )[[CLOSE]] -[[ADDOP]] \tilde{x}[[UNKNOWN]] {}^{2}[[FLOATSUPERSCRIPT]] _{\mu}[[POSTSUBSCRIPT]] \tilde{p}[[UNKNOWN]] _{0}[[POSTSUBSCRIPT]] +[[ADDOP]] \tilde{x}[[UNKNOWN]] {}^{2}[[FLOATSUPERSCRIPT]] _{\mu}[[POSTSUBSCRIPT]] φ[[UNKNOWN]]
Warning:not_parsed:ATOM>FLOATSUPERSCRIPT MathParser failed to match rule 'Anything'
	at 0301244.tex; line 1666 col 25 - line 1666 col 25
	In "\begin{equation}L=\frac{\dot{\mathfrak{X}}{}^{2}}{2e}+\frac{v}{2}(\mathfrak{X}%
	^{2}+R^{2}),\end{equation}"
	\dot{\mathfrak{X}}[[UNKNOWN]]
	        > {}^{2}[[FLOATSUPERSCRIPT]]
Warning:not_parsed:ATOM>FLOATSUPERSCRIPT MathParser failed to match rule 'Anything'
	at 0301244.tex; line 1762 col 34 - line 1762 col 34
	In "\begin{equation}L=-R^{2}\frac{\dot{\hat{\mathfrak{X}}}{}^{2}}{2e},\end{equation}"
	\dot{\hat{\mathfrak{X}}}[[UNKNOWN]]
	        > {}^{2}[[FLOATSUPERSCRIPT]]
Warning:not_parsed:NUMBER.ATOM>FLOATSUPERSCRIPT MathParser failed to match rule 'Anything'
	at 0301244.tex; line 1837 col 0 - line 1837 col 37
	In "\begin{equation}L=m\frac{\dot{x}_{\mu}^{2}}{2\dot{x}{}^{0}}-\frac{\dot{x}{}^{0%
	}}{2}\frac{\alpha}{x_{1}^{2}}\end{equation}"
	2[[NUMBER]] \dot{x}[[UNKNOWN]]
	        > {}^{0}[[FLOATSUPERSCRIPT]]
Warning:not_parsed:ATOM>FLOATSUPERSCRIPT MathParser failed to match rule 'Anything'
	at 0301244.tex; line 1838 col 22 - line 1838 col 22
	\dot{x}[[UNKNOWN]]
	        > {}^{0}[[FLOATSUPERSCRIPT]]
Warning:not_parsed:FLOATSUBSCRIPT>MULOP MathParser failed to match rule 'Anything'
	at 0301244.tex; line 1859 col 12 - line 1859 col 22
	In "${}_{2}\times$"
	{}_{2}[[FLOATSUBSCRIPT]]
	        > ×[[MULOP]]
Warning:not_parsed:UNKNOWN.POSTSUPERSCRIPT.ATOM>FLOATSUPERSCRIPT MathParser failed to match rule 'Anything'
	at 0301244.tex; line 1862 col 0 - line 1862 col 6
	In "\begin{equation}L=R^{2}\frac{\sigma^{2}\dot{\hat{\vec{N}}}{}^{2}-\dot{\hat{%
	\mathfrak{X}}}{}^{2}}{2e}-\frac{e}{2}{\cal M}^{2}+{\mathfrak{T}}_{d}(\hat{\vec%
	{N}}).\end{equation}"
	σ[[UNKNOWN]] ^{2}[[POSTSUPERSCRIPT]] \dot{\hat{\vec{N}}}[[UNKNOWN]]
	        > {}^{2}[[FLOATSUPERSCRIPT]] -[[ADDOP]] \dot{\hat{\mathfrak{X}}}[[UNKNOWN]] {}^{2}[[FLOATSUPERSCRIPT]]
Warning:not_parsed:ATOM>FLOATSUPERSCRIPT MathParser failed to match rule 'Anything'
	at 0301244.tex; line 1869 col 5 - line 1869 col 20
	In "$\hat{\vec{N}}{}^{2}=1$"
	\hat{\vec{N}}[[UNKNOWN]]
	        > {}^{2}[[FLOATSUPERSCRIPT]] =[[RELOP]] 1[[NUMBER]]
Warning:not_parsed:UNKNOWN.POSTSUPERSCRIPT.ATOM>FLOATSUPERSCRIPT MathParser failed to match rule 'Anything'
	at 0301244.tex; line 1885 col 7 - line 1886 col 20
	In "$\sigma^{2}r^{2}\dot{\varphi}^{2}\rightarrow\sigma^{2}r^{2}\dot{\vec{n}}{}^{2}$"
	σ[[UNKNOWN]] ^{2}[[POSTSUPERSCRIPT]] r[[UNKNOWN]] ^{2}[[POSTSUPERSCRIPT]] \dot{\varphi}[[UNKNOWN]] ^{2}[[POSTSUPERSCRIPT]] →[[ARROW]] σ[[UNKNOWN]] ^{2}[[POSTSUPERSCRIPT]] r[[UNKNOWN]] ^{2}[[POSTSUPERSCRIPT]] \dot{\vec{n}}[[UNKNOWN]]
	        > {}^{2}[[FLOATSUPERSCRIPT]]
Warning:not_parsed:FLOATSUBSCRIPT>MULOP MathParser failed to match rule 'Anything'
	at 0301244.tex; line 1895 col 9 - line 1895 col 20
	In "${}_{2}\times$"
	{}_{2}[[FLOATSUBSCRIPT]]
	        > ×[[MULOP]]
Warning:not_parsed:ATOM>FLOATSUPERSCRIPT MathParser failed to match rule 'Anything'
	at 0301244.tex; line 1912 col 0 - line 1912 col 8
	In "$${\mathfrak{T}}_{2}(\hat{\vec{N}})=\frac{q\Phi}{2\pi}\epsilon_{ij}\hat{N}_{i}%
	\dot{\hat{N}}_{j},\qquad{\mathfrak{T}}_{3}(\hat{\vec{N}})=-\frac{qg}{\dot{\vec%
	{\hat{N}}}{}^{2}}\epsilon_{ijk}\hat{N}_{i}\dot{\hat{N}}_{j}\ddot{\hat{N}}_{k}.$$"
	\dot{\vec{\hat{N}}}[[UNKNOWN]]
	        > {}^{2}[[FLOATSUPERSCRIPT]]
Warning:not_parsed:NUMBER.ATOM>FLOATSUPERSCRIPT MathParser failed to match rule 'Anything'
	at 0301244.tex; line 1928 col 36 - line 1928 col 36
	In "\begin{equation}L=m\frac{r^{2}\dot{\vec{n}}^{2}+\dot{r}^{2}-\dot{x}_{0}^{2}}{2%
	\dot{x}{}^{0}}+{\mathfrak{T}}_{d}(\vec{n}).\end{equation}"
	2[[NUMBER]] \dot{x}[[UNKNOWN]]
	        > {}^{0}[[FLOATSUPERSCRIPT]]
Warning:not_parsed:FLOATSUBSCRIPT>MULOP MathParser failed to match rule 'Anything'
	at 0301244.tex; line 2082 col 12 - line 2082 col 22
	In "${}_{2}\times$"
	{}_{2}[[FLOATSUBSCRIPT]]
	        > ×[[MULOP]]
 11.60 sec)
Math parsing succeeded:
   ltx:XMath: 576/618
   ltx:XMArg: 1864/1879
Symbols assumed as simple identifiers (with # of occurences):
   'A{italic}' (31), 'B{italic}' (25), 'C{caligraphic}' (5), 'D{fraktur}' (8), 'D{italic}' (44), 'G{italic}' (2), 'H{fraktur}' (6), 'H{italic}' (19), 'J{caligraphic}' (2), 'J{fraktur}' (38), 'J{italic}' (30), 'K{fraktur}' (13), 'K{italic}' (71), 'L{italic}' (27), 'M{caligraphic}' (15), 'M{italic}' (77), 'N{italic}' (8), 'Omega' (3), 'O{italic}' (1), 'Phi' (10), 'P{caligraphic}' (6), 'P{fraktur}' (78), 'P{italic}' (71), 'R{blackboard}' (21), 'R{caligraphic}' (20), 'R{italic}' (26), 'S{italic}' (2), 'T{caligraphic}' (1), 'T{fraktur}' (11), 'T{italic}' (8), 'X{fraktur}' (111), 'X{italic}' (9), 'alpha' (11), 'a{italic}' (6), 'beta' (6), 'b{italic}' (3), 'c{italic}' (1), 'delta' (7), 'd{italic}' (145), 'epsilon' (19), 'eta' (49), 'e{italic}' (37), 'gamma' (19), 'g{italic}' (12), 'i{italic}' (22), 'j{italic}' (18), 'k{italic}' (7), 'lambda' (20), 'l{italic}' (5), 'mu' (59), 'm{italic}' (25), 'nu' (42), 'n{italic}' (4), 'omega' (6), 'o{italic}' (58), 'phi' (37), 'pi' (6), 'psi' (2), 'p{italic}' (126), 'q{italic}' (16), 'r{italic}' (25), 'sigma' (35), 's{italic}' (67), 'tau' (12), 't{italic}' (22), 'upsilon' (2), 'u{italic}' (1), 'v' (2), 'varepsilon' (3), 'varphi' (32), 'vartheta' (5), 'v{italic}' (1), 'x{italic}' (183), 'z{italic}' (8), '{' (20)
Set MATHPARSER_SPECULATE to speculate on possible notations.
(Finalizing... 1.10 sec)
Conversion complete 57 warnings (See /home/user/latex-in-arxiv/0301244.latexml.log) (reqd. 30.25s)
