latexml (LaTeXML version 0.8.6) processing 2003/0301016.tex
(Digesting TeX 0301016...
(Loading /usr/share/perl5/LaTeXML/Package/TeX.pool.ltxml...
(Loading /usr/share/perl5/LaTeXML/Package/eTeX.pool.ltxml... 0.00 sec)
(Loading /usr/share/perl5/LaTeXML/Package/pdfTeX.pool.ltxml... 0.01 sec) 0.10 sec)
(Processing content /home/user/latex-in-arxiv/2003/0301016.tex...
(Loading /usr/share/perl5/LaTeXML/Package/LaTeX.pool.ltxml...
(Loading /usr/share/perl5/LaTeXML/Package/textcomp.sty.ltxml...
(Processing definitions /usr/share/texlive/texmf-dist/tex/latex-dev/base/ts1enc.dfu... 0.03 sec) 1.17 sec) 1.32 sec)
(Loading /usr/share/perl5/LaTeXML/Package/article.cls.ltxml... 0.01 sec)
(Loading /usr/share/perl5/LaTeXML/Package/amsfonts.sty.ltxml... 0.00 sec)
(Loading /usr/share/perl5/LaTeXML/Package/epsfig.sty.ltxml...
(Loading /usr/share/perl5/LaTeXML/Package/graphicx.sty.ltxml...
(Loading /usr/share/perl5/LaTeXML/Package/graphics.sty.ltxml... 0.01 sec) 0.02 sec) 0.04 sec)
Info:ignore:\title Ignoring redefinition of \title
	at 0301016.tex; line 18 col 0 - line 18 col 1
Info:ignore:\maketitle Ignoring redefinition of \maketitle
	at 0301016.tex; line 53 col 0 - line 53 col 1
Info:ignore:\abstract Ignoring redefinition of \abstract
	at 0301016.tex; line 61 col 0 - line 61 col 76
Info:ignore:\endabstract Ignoring redefinition of \endabstract
	at 0301016.tex; line 73 col 0 - line 73 col 1
Info:ignore:\section Ignoring redefinition of \section
	at 0301016.tex; line 79 col 0 - line 79 col 64
Info:ignore:\subsection Ignoring redefinition of \subsection
	at 0301016.tex; line 83 col 0 - line 83 col 66
 4.13 sec) 4.24 sec)
(Building...
(Loading compiled schema /usr/share/perl5/LaTeXML/resources/RelaxNG/LaTeXML.model... 0.01 sec) 2.96 sec)
(Rewriting... 0.12 sec)
(Math Parsing 214 formulae ......
Warning:not_parsed:UNKNOWN.POSTSUBSCRIPT>FLOATSUPERSCRIPT MathParser failed to match rule 'Anything'
	at 0301016.tex; line 377 col 23 - line 377 col 37
	In "$\sigma_{n}{}^{\alpha\beta}$"
	σ[[UNKNOWN]] _{n}[[POSTSUBSCRIPT]]
	        > {}^{\alpha\beta}[[FLOATSUPERSCRIPT]]
Warning:not_parsed:FLOATSUPERSCRIPT.UNKNOWN.POSTSUBSCRIPT>FLOATSUBSCRIPT MathParser failed to match rule 'Anything'
	at 0301016.tex; line 378 col 0 - line 380 col 3
	In "\begin{equation}\sigma_{n}{}^{\alpha\beta}\sigma_{m}{}_{\alpha\beta}=2\eta_{nm}\end{equation}"
	σ[[UNKNOWN]] _{n}[[POSTSUBSCRIPT]] {}^{\alpha\beta}[[FLOATSUPERSCRIPT]] σ[[UNKNOWN]] _{m}[[POSTSUBSCRIPT]]
	        > {}_{\alpha\beta}[[FLOATSUBSCRIPT]] =[[RELOP]] 2[[NUMBER]] η[[UNKNOWN]] _{nm}[[POSTSUBSCRIPT]]
Warning:not_parsed:RELOP.UNKNOWN.POSTSUPERSCRIPT>FLOATSUBSCRIPT MathParser failed to match rule 'Anything'
	at 0301016.tex; line 385 col 20 - line 385 col 20
	In "$\displaystyle c_{\alpha_{1}\alpha_{2}}(x)=\sigma^{n}{}_{\alpha_{1}\alpha_{2}}%
	\partial_{n}c(x)\,,\@@ENDINLINEMATH"
	c[[UNKNOWN]] _{\alpha_{1}\alpha_{2}}[[POSTSUBSCRIPT]] ([[OPEN]] x[[UNKNOWN]] )[[CLOSE]] =[[RELOP]] σ[[UNKNOWN]] ^{n}[[POSTSUPERSCRIPT]]
	        > {}_{\alpha_{1}\alpha_{2}}[[FLOATSUBSCRIPT]] ∂[[OPERATOR]] _{n}[[POSTSUBSCRIPT]] c[[UNKNOWN]] ([[OPEN]] x[[UNKNOWN]] )[[CLOSE]]
Warning:not_parsed:RELOP.UNKNOWN.POSTSUPERSCRIPT>FLOATSUBSCRIPT MathParser failed to match rule 'Anything'
	at 0301016.tex; line 385 col 20 - line 387 col 1
	In "$\displaystyle c_{\alpha_{1}\alpha_{2}}(x)=\sigma^{n}{}_{\alpha_{1}\alpha_{2}}%
	\partial_{n}c(x)\,,$"
	c[[UNKNOWN]] _{\alpha_{1}\alpha_{2}}[[POSTSUBSCRIPT]] ([[OPEN]] x[[UNKNOWN]] )[[CLOSE]] =[[RELOP]] σ[[UNKNOWN]] ^{n}[[POSTSUPERSCRIPT]]
	        > {}_{\alpha_{1}\alpha_{2}}[[FLOATSUBSCRIPT]] ∂[[OPERATOR]] _{n}[[POSTSUBSCRIPT]] c[[UNKNOWN]] ([[OPEN]] x[[UNKNOWN]] )[[CLOSE]]
Warning:not_parsed:FLOATSUBSCRIPT.UNKNOWN.POSTSUPERSCRIPT>FLOATSUBSCRIPT MathParser failed to match rule 'Anything'
	at 0301016.tex; line 387 col 20 - line 387 col 20
	In "$\displaystyle c_{\alpha_{1}\alpha_{2}\alpha_{3}\alpha_{4}}(x)=\sigma^{n_{1}}{%
	}_{\alpha_{1}\alpha_{2}}\sigma^{n_{2}}{}_{\alpha_{3}\alpha_{4}}\partial_{n_{1}%
	}\partial_{n_{2}}c(x)\,,\@@ENDINLINEMATH"
	c[[UNKNOWN]] _{\alpha_{1}\alpha_{2}\alpha_{3}\alpha_{4}}[[POSTSUBSCRIPT]] ([[OPEN]] x[[UNKNOWN]] )[[CLOSE]] =[[RELOP]] σ[[UNKNOWN]] ^{n_{1}}[[POSTSUPERSCRIPT]] {}_{\alpha_{1}\alpha_{2}}[[FLOATSUBSCRIPT]] σ[[UNKNOWN]] ^{n_{2}}[[POSTSUPERSCRIPT]]
	        > {}_{\alpha_{3}\alpha_{4}}[[FLOATSUBSCRIPT]] ∂[[OPERATOR]] _{n_{1}}[[POSTSUBSCRIPT]] ∂[[OPERATOR]] _{n_{2}}[[POSTSUBSCRIPT]] c[[UNKNOWN]] ([[OPEN]] x[[UNKNOWN]] )[[CLOSE]]
Warning:not_parsed:FLOATSUBSCRIPT.UNKNOWN.POSTSUPERSCRIPT>FLOATSUBSCRIPT MathParser failed to match rule 'Anything'
	at 0301016.tex; line 387 col 20 - line 390 col 1
	In "$\displaystyle c_{\alpha_{1}\alpha_{2}\alpha_{3}\alpha_{4}}(x)=\sigma^{n_{1}}{%
	}_{\alpha_{1}\alpha_{2}}\sigma^{n_{2}}{}_{\alpha_{3}\alpha_{4}}\partial_{n_{1}%
	}\partial_{n_{2}}c(x)\,,$"
	c[[UNKNOWN]] _{\alpha_{1}\alpha_{2}\alpha_{3}\alpha_{4}}[[POSTSUBSCRIPT]] ([[OPEN]] x[[UNKNOWN]] )[[CLOSE]] =[[RELOP]] σ[[UNKNOWN]] ^{n_{1}}[[POSTSUPERSCRIPT]] {}_{\alpha_{1}\alpha_{2}}[[FLOATSUBSCRIPT]] σ[[UNKNOWN]] ^{n_{2}}[[POSTSUPERSCRIPT]]
	        > {}_{\alpha_{3}\alpha_{4}}[[FLOATSUBSCRIPT]] ∂[[OPERATOR]] _{n_{1}}[[POSTSUBSCRIPT]] ∂[[OPERATOR]] _{n_{2}}[[POSTSUBSCRIPT]] c[[UNKNOWN]] ([[OPEN]] x[[UNKNOWN]] )[[CLOSE]]
Warning:not_parsed:ID.UNKNOWN.POSTSUPERSCRIPT>FLOATSUBSCRIPT MathParser failed to match rule 'Anything'
	at 0301016.tex; line 391 col 20 - line 391 col 20
	In "$\displaystyle c_{\alpha_{1}\ldots\alpha_{2k}}(x)=\sigma^{n_{1}}{}_{\alpha_{1}%
	\alpha_{2}}\cdots\sigma^{n_{k}}{}_{\alpha_{2k-1}\alpha_{2k}}\partial_{n_{1}}%
	\cdots\partial_{n_{k}}c(x)\,,\@@ENDINLINEMATH"
	c[[UNKNOWN]] _{\alpha_{1}\ldots\alpha_{2k}}[[POSTSUBSCRIPT]] ([[OPEN]] x[[UNKNOWN]] )[[CLOSE]] =[[RELOP]] σ[[UNKNOWN]] ^{n_{1}}[[POSTSUPERSCRIPT]] {}_{\alpha_{1}\alpha_{2}}[[FLOATSUBSCRIPT]] ⋯[[ID]] σ[[UNKNOWN]] ^{n_{k}}[[POSTSUPERSCRIPT]]
	        > {}_{\alpha_{2k-1}\alpha_{2k}}[[FLOATSUBSCRIPT]] ∂[[OPERATOR]] _{n_{1}}[[POSTSUBSCRIPT]] ⋯[[ID]] ∂[[OPERATOR]] _{n_{k}}[[POSTSUBSCRIPT]] c[[UNKNOWN]] ([[OPEN]] x[[UNKNOWN]] )[[CLOSE]]
Warning:not_parsed:ID.UNKNOWN.POSTSUPERSCRIPT>FLOATSUBSCRIPT MathParser failed to match rule 'Anything'
	at 0301016.tex; line 391 col 20 - line 394 col 1
	In "$\displaystyle c_{\alpha_{1}\ldots\alpha_{2k}}(x)=\sigma^{n_{1}}{}_{\alpha_{1}%
	\alpha_{2}}\cdots\sigma^{n_{k}}{}_{\alpha_{2k-1}\alpha_{2k}}\partial_{n_{1}}%
	\cdots\partial_{n_{k}}c(x)\,,$"
	c[[UNKNOWN]] _{\alpha_{1}\ldots\alpha_{2k}}[[POSTSUBSCRIPT]] ([[OPEN]] x[[UNKNOWN]] )[[CLOSE]] =[[RELOP]] σ[[UNKNOWN]] ^{n_{1}}[[POSTSUPERSCRIPT]] {}_{\alpha_{1}\alpha_{2}}[[FLOATSUBSCRIPT]] ⋯[[ID]] σ[[UNKNOWN]] ^{n_{k}}[[POSTSUPERSCRIPT]]
	        > {}_{\alpha_{2k-1}\alpha_{2k}}[[FLOATSUBSCRIPT]] ∂[[OPERATOR]] _{n_{1}}[[POSTSUBSCRIPT]] ⋯[[ID]] ∂[[OPERATOR]] _{n_{k}}[[POSTSUBSCRIPT]] c[[UNKNOWN]] ([[OPEN]] x[[UNKNOWN]] )[[CLOSE]]
Warning:not_parsed:OPEN.UNKNOWN.CLOSE>RELOP MathParser failed to match rule 'Anything'
	at 0301016.tex; line 522 col 4 - line 522 col 4
	In "$\displaystyle\!\!\!\!\!\!\!\!\!{\cal L}_{nm}c_{\alpha}(x)=\Big{(}(x_{m}%
	\partial_{n}-x_{n}\partial_{m})\delta_{\alpha}^{\beta}+\frac{1}{2}\epsilon_{%
	nmk}\sigma^{k\beta}{}_{\alpha}\Big{)}c_{\beta}(x)\,,\@@ENDINLINEMATH"
	L[[UNKNOWN]] _{nm}[[POSTSUBSCRIPT]] c[[UNKNOWN]] _{\alpha}[[POSTSUBSCRIPT]] ([[OPEN]] x[[UNKNOWN]] )[[CLOSE]]
	        > =[[RELOP]] ([[OPEN]] ([[OPEN]] x[[UNKNOWN]] _{m}[[POSTSUBSCRIPT]] ∂[[OPERATOR]] _{n}[[POSTSUBSCRIPT]] -[[ADDOP]] x[[UNKNOWN]] _{n}[[POSTSUBSCRIPT]] ∂[[OPERATOR]] _{m}[[POSTSUBSCRIPT]] )[[CLOSE]] δ[[UNKNOWN]] _{\alpha}[[POSTSUBSCRIPT]] ^{\beta}[[POSTSUPERSCRIPT]] +[[ADDOP]] \frac{1}{2}[[UNKNOWN]] ϵ[[UNKNOWN]] _{nmk}[[POSTSUBSCRIPT]] σ[[UNKNOWN]] ^{k\beta}[[POSTSUPERSCRIPT]] {}_{\alpha}[[FLOATSUBSCRIPT]] )[[CLOSE]] c[[UNKNOWN]] _{\beta}[[POSTSUBSCRIPT]] ([[OPEN]] x[[UNKNOWN]] )[[CLOSE]]
Warning:not_parsed:OPEN.UNKNOWN.CLOSE>RELOP MathParser failed to match rule 'Anything'
	at 0301016.tex; line 522 col 4 - line 525 col 1
	In "$\displaystyle\!\!\!\!\!\!\!\!\!{\cal L}_{nm}c_{\alpha}(x)=\Big{(}(x_{m}%
	\partial_{n}-x_{n}\partial_{m})\delta_{\alpha}^{\beta}+\frac{1}{2}\epsilon_{%
	nmk}\sigma^{k\beta}{}_{\alpha}\Big{)}c_{\beta}(x)\,,$"
	L[[UNKNOWN]] _{nm}[[POSTSUBSCRIPT]] c[[UNKNOWN]] _{\alpha}[[POSTSUBSCRIPT]] ([[OPEN]] x[[UNKNOWN]] )[[CLOSE]]
	        > =[[RELOP]] ([[OPEN]] ([[OPEN]] x[[UNKNOWN]] _{m}[[POSTSUBSCRIPT]] ∂[[OPERATOR]] _{n}[[POSTSUBSCRIPT]] -[[ADDOP]] x[[UNKNOWN]] _{n}[[POSTSUBSCRIPT]] ∂[[OPERATOR]] _{m}[[POSTSUBSCRIPT]] )[[CLOSE]] δ[[UNKNOWN]] _{\alpha}[[POSTSUBSCRIPT]] ^{\beta}[[POSTSUPERSCRIPT]] +[[ADDOP]] \frac{1}{2}[[UNKNOWN]] ϵ[[UNKNOWN]] _{nmk}[[POSTSUBSCRIPT]] σ[[UNKNOWN]] ^{k\beta}[[POSTSUPERSCRIPT]] {}_{\alpha}[[FLOATSUBSCRIPT]] )[[CLOSE]] c[[UNKNOWN]] _{\beta}[[POSTSUBSCRIPT]] ([[OPEN]] x[[UNKNOWN]] )[[CLOSE]]
Warning:not_parsed:OPEN.UNKNOWN.CLOSE>RELOP MathParser failed to match rule 'Anything'
	at 0301016.tex; line 529 col 4 - line 529 col 4
	In "$\displaystyle\!\!\!\!\!\!\!\!\!{\cal K}_{n}c_{\alpha}(x)=\Big{(}(2x_{n}+2x_{n%
	}x^{k}\partial_{k}-x^{2}\partial_{n})\delta_{\alpha}^{\beta}-\epsilon_{nmk}x^{%
	m}\sigma^{k\beta}{}_{\alpha}\Big{)}c_{\beta}(x)\,,\@@ENDINLINEMATH"
	K[[UNKNOWN]] _{n}[[POSTSUBSCRIPT]] c[[UNKNOWN]] _{\alpha}[[POSTSUBSCRIPT]] ([[OPEN]] x[[UNKNOWN]] )[[CLOSE]]
	        > =[[RELOP]] ([[OPEN]] ([[OPEN]] 2[[NUMBER]] x[[UNKNOWN]] _{n}[[POSTSUBSCRIPT]] +[[ADDOP]] 2[[NUMBER]] x[[UNKNOWN]] _{n}[[POSTSUBSCRIPT]] x[[UNKNOWN]] ^{k}[[POSTSUPERSCRIPT]] ∂[[OPERATOR]] _{k}[[POSTSUBSCRIPT]] -[[ADDOP]] x[[UNKNOWN]] ^{2}[[POSTSUPERSCRIPT]] ∂[[OPERATOR]] _{n}[[POSTSUBSCRIPT]] )[[CLOSE]] δ[[UNKNOWN]] _{\alpha}[[POSTSUBSCRIPT]] ^{\beta}[[POSTSUPERSCRIPT]] -[[ADDOP]] ϵ[[UNKNOWN]] _{nmk}[[POSTSUBSCRIPT]] x[[UNKNOWN]] ^{m}[[POSTSUPERSCRIPT]] σ[[UNKNOWN]] ^{k\beta}[[POSTSUPERSCRIPT]] {}_{\alpha}[[FLOATSUBSCRIPT]] )[[CLOSE]] c[[UNKNOWN]] _{\beta}[[POSTSUBSCRIPT]] ([[OPEN]] x[[UNKNOWN]] )[[CLOSE]]
Warning:not_parsed:OPEN.UNKNOWN.CLOSE>RELOP MathParser failed to match rule 'Anything'
	at 0301016.tex; line 529 col 4 - line 532 col 1
	In "$\displaystyle\!\!\!\!\!\!\!\!\!{\cal K}_{n}c_{\alpha}(x)=\Big{(}(2x_{n}+2x_{n%
	}x^{k}\partial_{k}-x^{2}\partial_{n})\delta_{\alpha}^{\beta}-\epsilon_{nmk}x^{%
	m}\sigma^{k\beta}{}_{\alpha}\Big{)}c_{\beta}(x)\,,$"
	K[[UNKNOWN]] _{n}[[POSTSUBSCRIPT]] c[[UNKNOWN]] _{\alpha}[[POSTSUBSCRIPT]] ([[OPEN]] x[[UNKNOWN]] )[[CLOSE]]
	        > =[[RELOP]] ([[OPEN]] ([[OPEN]] 2[[NUMBER]] x[[UNKNOWN]] _{n}[[POSTSUBSCRIPT]] +[[ADDOP]] 2[[NUMBER]] x[[UNKNOWN]] _{n}[[POSTSUBSCRIPT]] x[[UNKNOWN]] ^{k}[[POSTSUPERSCRIPT]] ∂[[OPERATOR]] _{k}[[POSTSUBSCRIPT]] -[[ADDOP]] x[[UNKNOWN]] ^{2}[[POSTSUPERSCRIPT]] ∂[[OPERATOR]] _{n}[[POSTSUBSCRIPT]] )[[CLOSE]] δ[[UNKNOWN]] _{\alpha}[[POSTSUBSCRIPT]] ^{\beta}[[POSTSUPERSCRIPT]] -[[ADDOP]] ϵ[[UNKNOWN]] _{nmk}[[POSTSUBSCRIPT]] x[[UNKNOWN]] ^{m}[[POSTSUPERSCRIPT]] σ[[UNKNOWN]] ^{k\beta}[[POSTSUPERSCRIPT]] {}_{\alpha}[[FLOATSUBSCRIPT]] )[[CLOSE]] c[[UNKNOWN]] _{\beta}[[POSTSUBSCRIPT]] ([[OPEN]] x[[UNKNOWN]] )[[CLOSE]]
 8.27 sec)
Math parsing succeeded:
   ltx:XMArg: 576/576
   ltx:XMath: 202/214
Symbols assumed as simple identifiers (with # of occurences):
   '#' (2), 'A{italic}' (28), 'Box' (2), 'B{italic}' (2), 'D{caligraphic}' (6), 'K{caligraphic}' (9), 'L{caligraphic}' (10), 'Phi' (21), 'P{caligraphic}' (7), 'Q{italic}' (1), 'R{caligraphic}' (3), 'S{caligraphic}' (1), 'S{italic}' (23), 'alpha' (130), 'a{italic}' (87), 'beta' (24), 'c{italic}' (100), 'delta' (17), 'd{italic}' (45), 'epsilon' (32), 'eta' (2), 'e{italic}' (3), 'f{italic}' (21), 'g{italic}' (22), 'h{italic}' (27), 'i{italic}' (3), 'k{italic}' (31), 'l{italic}' (15), 'm{italic}' (16), 'n{italic}' (32), 'omega' (28), 'o{italic}' (10), 'pi' (5), 'p{italic}' (3), 'q{italic}' (1), 'sigma' (61), 's{italic}' (12), 't{italic}' (4), 'u{italic}' (15), 'xi' (3), 'x{italic}' (231)
Set MATHPARSER_SPECULATE to speculate on possible notations.
(Finalizing... 0.66 sec)
Conversion complete 12 warnings (See /home/user/latex-in-arxiv/0301016.latexml.log) (reqd. 16.74s)
