latexml (LaTeXML version 0.8.6) processing 2003/0301192.tex
(Digesting TeX 0301192...
(Loading /usr/share/perl5/LaTeXML/Package/TeX.pool.ltxml...
(Loading /usr/share/perl5/LaTeXML/Package/eTeX.pool.ltxml... 0.01 sec)
(Loading /usr/share/perl5/LaTeXML/Package/pdfTeX.pool.ltxml... 0.01 sec) 0.20 sec)
(Processing content /home/user/latex-in-arxiv/2003/0301192.tex...
(Loading /usr/share/perl5/LaTeXML/Package/LaTeX.pool.ltxml...
(Loading /usr/share/perl5/LaTeXML/Package/textcomp.sty.ltxml...
(Processing definitions /usr/share/texlive/texmf-dist/tex/latex-dev/base/ts1enc.dfu... 0.04 sec) 1.58 sec) 1.88 sec)
(Loading /usr/share/perl5/LaTeXML/Package/article.cls.ltxml... 0.01 sec)
(Loading /usr/share/perl5/LaTeXML/Package/graphicx.sty.ltxml...
(Loading /usr/share/perl5/LaTeXML/Package/graphics.sty.ltxml... 0.01 sec) 0.04 sec) 5.08 sec) 5.29 sec)
(Building...
(Loading compiled schema /usr/share/perl5/LaTeXML/resources/RelaxNG/LaTeXML.model... 0.01 sec) 4.13 sec)
(Rewriting... 0.16 sec)
(Math Parsing 207 formulae ...... 9.68 sec)
Math parsing succeeded:
   ltx:XMArg: 793/793
   ltx:XMath: 207/207
Symbols assumed as simple identifiers (with # of occurences):
   'A{italic}' (1), 'B{italic}' (156), 'Delta' (17), 'D{italic}' (9), 'E{italic}' (41), 'G{italic}' (24), 'I{italic}' (10), 'L{italic}' (2), 'Phi' (3), 'T{italic}' (5), 'a{italic}' (5), 'c{italic}' (30), 'delta' (3), 'd{italic}' (134), 'e{italic}' (43), 'f{italic}' (41), 'gamma' (7), 'g{italic}' (1), 'h{italic}' (1), 'i{italic}' (3), 'k{italic}' (66), 'l{italic}' (19), 'mu' (2), 'm{italic}' (52), 'nu' (1), 'n{italic}' (28), 'phi' (17), 'pi' (33), 'p{italic}' (5), 'rho' (10), 'r{italic}' (30), 's{italic}' (41), 'theta' (4), 't{italic}' (6), 'y{italic}' (79), 'zeta' (2)
Set MATHPARSER_SPECULATE to speculate on possible notations.
(Finalizing... 0.89 sec)
Conversion complete No obvious problems (reqd. 20.84s)
