latexml (LaTeXML version 0.8.6) processing 2003/0301184.tex
(Digesting TeX 0301184...
(Loading /usr/share/perl5/LaTeXML/Package/TeX.pool.ltxml...
(Loading /usr/share/perl5/LaTeXML/Package/eTeX.pool.ltxml... 0.00 sec)
(Loading /usr/share/perl5/LaTeXML/Package/pdfTeX.pool.ltxml... 0.01 sec) 0.12 sec)
(Processing content /home/user/latex-in-arxiv/2003/0301184.tex...
(Loading /usr/share/perl5/LaTeXML/Package/LaTeX.pool.ltxml...
(Loading /usr/share/perl5/LaTeXML/Package/textcomp.sty.ltxml...
(Processing definitions /usr/share/texlive/texmf-dist/tex/latex-dev/base/ts1enc.dfu... 0.04 sec) 1.57 sec) 1.76 sec)
(Loading /usr/share/perl5/LaTeXML/Package/article.cls.ltxml... 0.01 sec)
(Loading /usr/share/perl5/LaTeXML/Package/a4wide.sty.ltxml... 0.00 sec)
(Loading /usr/share/perl5/LaTeXML/Package/epsf.sty.ltxml... 0.01 sec)
(Loading /usr/share/perl5/LaTeXML/Package/latexsym.sty.ltxml... 0.00 sec)
(Loading /usr/share/perl5/LaTeXML/Package/amsfonts.sty.ltxml... 0.00 sec)
(Loading /usr/share/perl5/LaTeXML/Package/amssymb.sty.ltxml... 0.02 sec)
(Loading /usr/share/perl5/LaTeXML/Package/slashed.sty.ltxml... 0.00 sec) 7.87 sec) 8.05 sec)
(Building...
(Loading compiled schema /usr/share/perl5/LaTeXML/resources/RelaxNG/LaTeXML.model... 0.01 sec) 6.84 sec)
(Rewriting... 0.26 sec)
(Math Parsing 298 formulae ......
Warning:not_parsed:UNKNOWN.RELOP.NUMBER>PUNCT MathParser failed to match rule 'Anything'
	at 0301184.tex; line 318 col 0 - line 323 col 14
	In "\begin{equation}\mathcal{L}_{\xi}\epsilon\ =\ \xi^{A}\mathfrak{D}_{A}\epsilon+%
	{\textstyle\frac{1}{4}}\partial_{A}\xi_{B}\gamma^{AB}\epsilon\ =\ 0,\hskip 56.%
	905512pt(A,B=0,\dots,10).\end{equation}"
	L[[UNKNOWN]] _{\xi}[[POSTSUBSCRIPT]] ϵ[[UNKNOWN]] =[[RELOP]] ξ[[UNKNOWN]] ^{A}[[POSTSUPERSCRIPT]] D[[UNKNOWN]] _{A}[[POSTSUBSCRIPT]] ϵ[[UNKNOWN]] +[[ADDOP]] \frac{1}{4}[[UNKNOWN]] ∂[[OPERATOR]] _{A}[[POSTSUBSCRIPT]] ξ[[UNKNOWN]] _{B}[[POSTSUBSCRIPT]] γ[[UNKNOWN]] ^{AB}[[POSTSUPERSCRIPT]] ϵ[[UNKNOWN]] =[[RELOP]]  0[[NUMBER]]
	        > ,[[PUNCT]] ([[OPEN]] A[[UNKNOWN]] ,[[PUNCT]] B[[UNKNOWN]] =[[RELOP]] 0[[NUMBER]] ,[[PUNCT]] \dots[[ID]] ,[[PUNCT]] 10[[NUMBER]] )[[CLOSE]]
Warning:not_parsed:OPEN.UNKNOWN> MathParser failed to match rule 'Subscript'
	at 0301184.tex; line 435 col 32 - line 435 col 32
	In "$F_{\mu\nu}=2\partial_{[\mu}A_{\nu]}$"
	[[[OPEN]] μ[[UNKNOWN]]
	        > 
Warning:not_parsed:UNKNOWN>CLOSE MathParser failed to match rule 'Subscript'
	at 0301184.tex; line 435 col 41 - line 435 col 41
	ν[[UNKNOWN]]
	        > ][[CLOSE]]
Warning:not_parsed:OPEN.UNKNOWN> MathParser failed to match rule 'Subscript'
	at 0301184.tex; line 459 col 22 - line 459 col 22
	In "$\partial_{[\mu}L_{\nu]}=0$"
	[[[OPEN]] μ[[UNKNOWN]]
	        > 
Warning:not_parsed:UNKNOWN>CLOSE MathParser failed to match rule 'Subscript'
	at 0301184.tex; line 459 col 30 - line 459 col 30
	ν[[UNKNOWN]]
	        > ][[CLOSE]]
Warning:not_parsed:OPEN.UNKNOWN> MathParser failed to match rule 'Subscript'
	at 0301184.tex; line 759 col 27 - line 759 col 27
	In "\begin{equation}t_{ab}=-{\textstyle\frac{1}{4}}\partial_{[a}\xi_{b]},\hskip 56%
	.905512pt\Gamma^{ab}t_{ab}\ \epsilon=0.\end{equation}"
	[[[OPEN]] a[[UNKNOWN]]
	        > 
Warning:not_parsed:UNKNOWN>CLOSE MathParser failed to match rule 'Subscript'
	at 0301184.tex; line 759 col 36 - line 759 col 36
	b[[UNKNOWN]]
	        > ][[CLOSE]]
 10.15 sec)
Math parsing succeeded:
   ltx:XMArg: 927/933
   ltx:XMath: 300/301
Symbols assumed as simple identifiers (with # of occurences):
   'A{italic}' (9), 'B{italic}' (65), 'C{caligraphic}' (2), 'C{italic}' (6), 'D{fraktur}' (3), 'D{italic}' (9), 'F{italic}' (13), 'Gamma' (35), 'Lambda' (55), 'L{caligraphic}' (13), 'L{italic}' (6), 'M{italic}' (6), 'N{caligraphic}' (18), 'O{italic}' (8), 'S{italic}' (8), 'U{italic}' (4), 'Z{italic}' (38), 'alpha' (11), 'a{italic}' (20), 'beta' (10), 'b{italic}' (22), 'chi' (88), 'c{italic}' (10), 'delta' (50), 'd{italic}' (30), 'epsilon' (62), 'eta' (10), 'e{italic}' (14), 'gamma' (44), 'i' (32), 'i{italic}' (58), 'j{italic}' (54), 'kappa' (13), 'k{italic}' (15), 'lambda' (18), 'l{italic}' (8), 'mu' (37), 'm{italic}' (2), 'not-B' (32), 'not-F' (6), 'not-omega' (1), 'not-t' (1), 'nu' (45), 'n{italic}' (14), 'o{fraktur}' (17), 'phi' (28), 'psi' (18), 'p{fraktur}' (2), 'rho' (14), 'sigma' (13), 's{fraktur}' (22), 's{italic}' (2), 'tau' (41), 'theta' (46), 't{italic}' (33), 'u{fraktur}' (4), 'varepsilon' (12), 'where' (1), 'xi' (19), 'x{italic}' (16), 'y{italic}' (27), 'z{italic}' (4)
Set MATHPARSER_SPECULATE to speculate on possible notations.
(Finalizing... 1.11 sec)
Conversion complete 7 warnings (See /home/user/latex-in-arxiv/0301184.latexml.log) (reqd. 27.22s)
