latexml (LaTeXML version 0.8.6) processing 2003/0301229.tex
(Digesting TeX 0301229...
(Loading /usr/share/perl5/LaTeXML/Package/TeX.pool.ltxml...
(Loading /usr/share/perl5/LaTeXML/Package/eTeX.pool.ltxml... 0.01 sec)
(Loading /usr/share/perl5/LaTeXML/Package/pdfTeX.pool.ltxml... 0.01 sec) 0.20 sec)
(Processing content /home/user/latex-in-arxiv/2003/0301229.tex...
(Loading /usr/share/perl5/LaTeXML/Package/LaTeX.pool.ltxml...
(Loading /usr/share/perl5/LaTeXML/Package/textcomp.sty.ltxml...
(Processing definitions /usr/share/texlive/texmf-dist/tex/latex-dev/base/ts1enc.dfu... 0.04 sec) 1.54 sec) 1.83 sec)
(Loading /usr/share/perl5/LaTeXML/Package/article.cls.ltxml... 0.01 sec)
(Loading /usr/share/perl5/LaTeXML/Package/amssymb.sty.ltxml...
(Loading /usr/share/perl5/LaTeXML/Package/amsfonts.sty.ltxml... 0.00 sec) 0.03 sec)
(Loading /usr/share/perl5/LaTeXML/Package/amsmath.sty.ltxml...
(Loading /usr/share/perl5/LaTeXML/Package/amsbsy.sty.ltxml...
(Loading /usr/share/perl5/LaTeXML/Package/amsgen.sty.ltxml... 0.01 sec) 0.01 sec)
(Loading /usr/share/perl5/LaTeXML/Package/amstext.sty.ltxml... 0.01 sec)
(Loading /usr/share/perl5/LaTeXML/Package/amsopn.sty.ltxml... 0.01 sec) 0.07 sec)
(Loading /usr/share/perl5/LaTeXML/Package/pstricks.sty.ltxml...
(Loading /usr/share/perl5/LaTeXML/Package/xcolor.sty.ltxml...
(Loading /usr/share/perl5/LaTeXML/Package/color.sty.ltxml... 0.01 sec) 0.08 sec) 0.14 sec)
Error:missing_file:bfpictures Can't find TeX file bfpictures
	at 0301229.tex; line 877 col 0 - line 877 col 18
	search paths are /home/user/latex-in-arxiv/2003, /home/user/latex-in-arxiv
	Next token is T_SPACE[U+000a/LF] ( == T_SPACE[U+000a/LF])
	In Core::Definition::Primitive[\ltx@inpu... /usr/share/perl5/LaTeXML/Package/LaTeX.pool.ltxml; line 4014
	 <= Core::Stomach[@0x5592ce5c8a28] <= ...
Info:unexpected:titlepage When using titlepage, Frontmatter will not be well-structured
	at 0301229.tex; line 970 col 17 - line 970 col 17
 15.59 sec) 15.89 sec)
(Building...
(Loading compiled schema /usr/share/perl5/LaTeXML/resources/RelaxNG/LaTeXML.model... 0.02 sec)
Warning:unexpected:eqnarray Unrecognized equation patterns (1) in eqnarray
	at 0301229.tex; line 2521 col 8 - line 2521 col 8
	In Core::Definition::Constructor[\@@eqna... /usr/share/perl5/LaTeXML/Package/LaTeX.pool.ltxml; line 2290
Warning:unexpected:eqnarray Unrecognized equation patterns (1) in eqnarray
	at 0301229.tex; line 2529 col 8 - line 2529 col 8
	In Core::Definition::Constructor[\@@eqna... /usr/share/perl5/LaTeXML/Package/LaTeX.pool.ltxml; line 2290
Warning:unexpected:eqnarray Unrecognized equation patterns (1) in eqnarray
	at 0301229.tex; line 2538 col 8 - line 2538 col 8
	In Core::Definition::Constructor[\@@eqna... /usr/share/perl5/LaTeXML/Package/LaTeX.pool.ltxml; line 2290
Warning:unexpected:eqnarray Unrecognized equation patterns (1) in eqnarray
	at 0301229.tex; line 2544 col 8 - line 2544 col 8
	In Core::Definition::Constructor[\@@eqna... /usr/share/perl5/LaTeXML/Package/LaTeX.pool.ltxml; line 2290
Warning:unexpected:eqnarray Unrecognized equation patterns (1) in eqnarray
	at 0301229.tex; line 2634 col 8 - line 2634 col 8
	In Core::Definition::Constructor[\@@eqna... /usr/share/perl5/LaTeXML/Package/LaTeX.pool.ltxml; line 2290
Warning:unexpected:eqnarray Unrecognized equation patterns (1) in eqnarray
	at 0301229.tex; line 2640 col 8 - line 2640 col 8
	In Core::Definition::Constructor[\@@eqna... /usr/share/perl5/LaTeXML/Package/LaTeX.pool.ltxml; line 2290
Warning:unexpected:eqnarray Unrecognized equation patterns (1) in eqnarray
	at 0301229.tex; line 2685 col 8 - line 2685 col 8
	In Core::Definition::Constructor[\@@eqna... /usr/share/perl5/LaTeXML/Package/LaTeX.pool.ltxml; line 2290
 20.94 sec)
(Rewriting... 0.56 sec)
(Math Parsing 1132 formulae ......
Warning:not_parsed:UNKNOWN>RELOP MathParser failed to match rule 'Anything'
	at 0301229.tex; line 1147 col 64 - line 1148 col 32
	In "$m=:\mathcal{J}\mspace{-1.2mu }l\in{\text{Rep}}(\widehat{\mathfrak{g}}_{k})$"
	m[[UNKNOWN]]
	        > =[[RELOP]] :[[METARELOP]] J[[UNKNOWN]] l[[UNKNOWN]] ∈[[RELOP]] \text{Rep}[[UNKNOWN]] ([[OPEN]] \widehat{\mathfrak{g}}[[UNKNOWN]] _{k}[[POSTSUBSCRIPT]] )[[CLOSE]]
Warning:not_parsed:ADDOP.UNKNOWN.POSTSUBSCRIPT>PUNCT MathParser failed to match rule 'Anything'
	at 0301229.tex; line 1155 col 0 - line 1157 col 2
	In "$$Q_{\mathcal{J}}(l)\ =\ h_{\mathcal{J}}+h_{l}-h_{\mathcal{J}\mspace{-1.2mu }l%
	}\ \ \mod\ \mathbb{Z}\ \ .$$"
	Q[[UNKNOWN]] _{\mathcal{J}}[[POSTSUBSCRIPT]] ([[OPEN]] l[[UNKNOWN]] )[[CLOSE]] =[[RELOP]] h[[UNKNOWN]] _{\mathcal{J}}[[POSTSUBSCRIPT]] +[[ADDOP]] h[[UNKNOWN]] _{l}[[POSTSUBSCRIPT]] -[[ADDOP]] h[[UNKNOWN]] _{\mathcal{J}\mspace{-1.2mu }l}[[POSTSUBSCRIPT]]
	        > $$Q_{\mathcal{J}}(l)\ =\ h_{\mathcal{J}}+h_{l}-h_{\mathcal{J}\mspace{-1.2mu }l}\ \ \mod\ \mathbb{Z}\ \ .$$[[PUNCT]] mod[[MODIFIEROP]] Z[[UNKNOWN]]
Warning:not_parsed:UNKNOWN.POSTSUPERSCRIPT.POSTSUBSCRIPT>FLOATSUPERSCRIPT MathParser failed to match rule 'Anything'
	at 0301229.tex; line 1190 col 1 - line 1190 col 1
	In "$\displaystyle N_{[j,j^{\prime}][k,k^{\prime}]}^{\quad\quad\quad[l,l^{\prime}]%
	}=\sum_{(m,m^{\prime})\sim(l,l^{\prime})}N^{{\mathfrak{g}}}_{j\,k}{}^{m}\,N^{{%
	\mathfrak{h}}}_{j^{\prime}\,k^{\prime}}{}^{m^{\prime}}\ \ ,\@@ENDINLINEMATH"
	N[[UNKNOWN]] _{[j,j^{\prime}][k,k^{\prime}]}[[POSTSUBSCRIPT]] ^{\quad\quad\quad[l,l^{\prime}]}[[POSTSUPERSCRIPT]] =[[RELOP]] ∑[[SUMOP]] _{(m,m^{\prime})\sim(l,l^{\prime})}[[POSTSUBSCRIPT]] N[[UNKNOWN]] ^{{\mathfrak{g}}}[[POSTSUPERSCRIPT]] _{j\,k}[[POSTSUBSCRIPT]] {}^{m}[[FLOATSUPERSCRIPT]] N[[UNKNOWN]] ^{{\mathfrak{h}}}[[POSTSUPERSCRIPT]] _{j^{\prime}\,k^{\prime}}[[POSTSUBSCRIPT]]
	        > {}^{m^{\prime}}[[FLOATSUPERSCRIPT]]
Warning:not_parsed:UNKNOWN.POSTSUPERSCRIPT.POSTSUBSCRIPT>FLOATSUPERSCRIPT MathParser failed to match rule 'Anything'
	at 0301229.tex; line 1191 col 5 - line 1193 col 23
	In "$\displaystyle\sum_{(m,m^{\prime})\sim(l,l^{\prime})}N^{{\mathfrak{g}}}_{j\,k}%
	{}^{m}\,N^{{\mathfrak{h}}}_{j^{\prime}\,k^{\prime}}{}^{m^{\prime}}\ \ ,$"
	∑[[SUMOP]] _{(m,m^{\prime})\sim(l,l^{\prime})}[[POSTSUBSCRIPT]] N[[UNKNOWN]] ^{{\mathfrak{g}}}[[POSTSUPERSCRIPT]] _{j\,k}[[POSTSUBSCRIPT]] {}^{m}[[FLOATSUPERSCRIPT]] N[[UNKNOWN]] ^{{\mathfrak{h}}}[[POSTSUPERSCRIPT]] _{j^{\prime}\,k^{\prime}}[[POSTSUBSCRIPT]]
	        > {}^{m^{\prime}}[[FLOATSUPERSCRIPT]]
Warning:not_parsed:UNKNOWN.POSTSUBSCRIPT>FLOATSUPERSCRIPT MathParser failed to match rule 'Anything'
	at 0301229.tex; line 1218 col 29 - line 1219 col 13
	In "$n_{[l,l^{\prime}]\,\alpha}{}^{\beta}$"
	n[[UNKNOWN]] _{[l,l^{\prime}]\,\alpha}[[POSTSUBSCRIPT]]
	        > {}^{\beta}[[FLOATSUPERSCRIPT]]
Warning:not_parsed:FLOATSUPERSCRIPT.UNKNOWN.POSTSUBSCRIPT>FLOATSUPERSCRIPT MathParser failed to match rule 'Anything'
	at 0301229.tex; line 1223 col 0 - line 1227 col 2
	In "$$\sum_{\beta}\ n_{[l,l^{\prime}]\,\alpha}{}^{\beta}n_{[j,j^{\prime}]\,\beta}{%
	}^{\gamma}\ =\ \sum_{[k,k^{\prime}]}\ N_{[l,l^{\prime}][j,j^{\prime}]}{}^{[k,k%
	^{\prime}]}n_{[k,k^{\prime}]\,\alpha}{}^{\gamma}\ \ .$$"
	∑[[SUMOP]] _{\beta}[[POSTSUBSCRIPT]] n[[UNKNOWN]] _{[l,l^{\prime}]\,\alpha}[[POSTSUBSCRIPT]] {}^{\beta}[[FLOATSUPERSCRIPT]] n[[UNKNOWN]] _{[j,j^{\prime}]\,\beta}[[POSTSUBSCRIPT]]
	        > {}^{\gamma}[[FLOATSUPERSCRIPT]] =[[RELOP]] ∑[[SUMOP]] _{[k,k^{\prime}]}[[POSTSUBSCRIPT]] N[[UNKNOWN]] _{[l,l^{\prime}][j,j^{\prime}]}[[POSTSUBSCRIPT]] {}^{[k,k^{\prime}]}[[FLOATSUPERSCRIPT]] n[[UNKNOWN]] _{[k,k^{\prime}]\,\alpha}[[POSTSUBSCRIPT]] {}^{\gamma}[[FLOATSUPERSCRIPT]]
Warning:not_parsed:UNKNOWN>FLOATSUPERSCRIPT MathParser failed to match rule 'Anything'
	at 0301229.tex; line 1239 col 17 - line 1239 col 21
	In "${l{}^{\raisebox{0.853583pt}{{\@@scalebox{0.55}{$\textstyle+$}}}}}$"
	l[[UNKNOWN]]
	        > {}^{\raisebox{0.853583pt}{{\@@scalebox{0.55}{$\textstyle+$}}}}[[FLOATSUPERSCRIPT]]
Warning:not_parsed:>VERTBAR MathParser failed to match rule 'Anything'
	at 0301229.tex; line 1306 col 0 - line 1310 col 2
	In "$$|\alpha\rangle\ =\ \sum_{(l,l^{\prime};\lambda)}\frac{\psi_{\alpha}^{(l,l^{%
	\prime};\lambda)}}{\sqrt{S_{l0}S_{l^{\prime}0}}}\,|(l,l^{\prime};\lambda)%
	\rangle\!\rangle\ \ .$$"
	> |[[VERTBAR]] α[[UNKNOWN]] \rangle[[CLOSE]] =[[RELOP]] ∑[[SUMOP]] _{(l,l^{\prime};\lambda)}[[POSTSUBSCRIPT]] \frac{\psi_{\alpha}^{(l,l^{\prime};\lambda)}}{\sqrt{S_{l0}S_{l^{\prime}0}}}[[UNKNOWN]] |[[VERTBAR]] ([[OPEN]] l[[UNKNOWN]] ,[[PUNCT]] l[[UNKNOWN]] ^{\prime}[[POSTSUPERSCRIPT]] ;[[PUNCT]] λ[[UNKNOWN]] )[[CLOSE]] \rangle[[CLOSE]] \rangle[[CLOSE]]
Warning:not_parsed:PUNCT.UNKNOWN.POSTSUPERSCRIPT>OPEN MathParser failed to match rule 'Subscript'
	at 0301229.tex; line 1315 col 22 - line 1315 col 22
	In "$$\lambda=1,\dots,Z_{[l,\mspace{1.2mu }\omega^{-1}({l^{\prime}{}^{\raisebox{0.%
	853583pt}{{\@@scalebox{0.55}{$\scriptstyle+$}}}}})][\omega({l{}^{\raisebox{0.8%
	53583pt}{{\@@scalebox{0.55}{$\scriptstyle+$}}}}}),\mspace{1.2mu }l^{\prime}]}%
	\ \ .$$"
	[[[OPEN]] l[[UNKNOWN]] ,[[PUNCT]] ω[[UNKNOWN]] ^{-1}[[POSTSUPERSCRIPT]]
	        > ([[OPEN]] l[[UNKNOWN]] ^{\prime}[[POSTSUPERSCRIPT]] {}^{\raisebox{0.853583pt}{{\@@scalebox{0.55}{$\scriptstyle+$}}}}[[FLOATSUPERSCRIPT]] )[[CLOSE]] ][[CLOSE]] [[[OPEN]] ω[[UNKNOWN]] ([[OPEN]] l[[UNKNOWN]] {}^{\raisebox{0.853583pt}{{\@@scalebox{0.55}{$\scriptstyle+$}}}}[[FLOATSUPERSCRIPT]] )[[CLOSE]] ,[[PUNCT]] l[[UNKNOWN]] ^{\prime}[[POSTSUPERSCRIPT]] ][[CLOSE]]
Warning:not_parsed:UNKNOWN.PUNCT.UNKNOWN>OPEN MathParser failed to match rule 'Superscript'
	at 0301229.tex; line 1325 col 24 - line 1325 col 24
	In "$$\psi_{\alpha}^{(\mathcal{J}\mspace{-1.2mu }l,\mspace{1.2mu }\omega({\mathcal%
	{J}^{\prime}{}^{\raisebox{0.853583pt}{{\@@scalebox{0.55}{$\scriptstyle+$}}}}})%
	\mspace{-1.2mu }l^{\prime};\lambda)}\ =\ e^{2\pi iQ_{(\mathcal{J},\omega({%
	\mathcal{J}^{\prime}{}^{\raisebox{0.853583pt}{{\@@scalebox{0.55}{$\scriptstyle%
	+$}}}}}))}(\alpha)}\ \psi_{\alpha}^{(l,l^{\prime};\lambda)}\quad\mbox{for }(%
	\mathcal{J},\mathcal{J}^{\prime})\in\mathcal{G}_{{\rm id}}\ \ .$$"
	([[OPEN]] J[[UNKNOWN]] l[[UNKNOWN]] ,[[PUNCT]] ω[[UNKNOWN]]
	        > ([[OPEN]] J[[UNKNOWN]] ^{\prime}[[POSTSUPERSCRIPT]] {}^{\raisebox{0.853583pt}{{\@@scalebox{0.55}{$\scriptstyle+$}}}}[[FLOATSUPERSCRIPT]] )[[CLOSE]] l[[UNKNOWN]] ^{\prime}[[POSTSUPERSCRIPT]] ;[[PUNCT]] λ[[UNKNOWN]] )[[CLOSE]]
Warning:not_parsed:UNKNOWN.PUNCT.UNKNOWN>OPEN MathParser failed to match rule 'Subscript'
	at 0301229.tex; line 1326 col 26 - line 1326 col 26
	([[OPEN]] J[[UNKNOWN]] ,[[PUNCT]] ω[[UNKNOWN]]
	        > ([[OPEN]] J[[UNKNOWN]] ^{\prime}[[POSTSUPERSCRIPT]] {}^{\raisebox{0.853583pt}{{\@@scalebox{0.55}{$\scriptstyle+$}}}}[[FLOATSUPERSCRIPT]] )[[CLOSE]] )[[CLOSE]]
Warning:not_parsed:UNKNOWN.PUNCT.UNKNOWN>OPEN MathParser failed to match rule 'Subscript'
	at 0301229.tex; line 1337 col 43 - line 1337 col 43
	In "\begin{equation}Q_{(\mathcal{J},\mspace{1.2mu }\omega({\mathcal{J}^{\prime}{}^%
	{\raisebox{0.853583pt}{{\@@scalebox{0.55}{$\scriptstyle+$}}}}}))}(\alpha)=0%
	\quad\text{ for all }(\mathcal{J},\mathcal{J}^{\prime})\in\mathcal{G}_{{\rm id%
	}}\ \ ,\end{equation}"
	([[OPEN]] J[[UNKNOWN]] ,[[PUNCT]] ω[[UNKNOWN]]
	        > ([[OPEN]] J[[UNKNOWN]] ^{\prime}[[POSTSUPERSCRIPT]] {}^{\raisebox{0.853583pt}{{\@@scalebox{0.55}{$\scriptstyle+$}}}}[[FLOATSUPERSCRIPT]] )[[CLOSE]] )[[CLOSE]]
Warning:not_parsed:UNKNOWN.PUNCT.UNKNOWN>OPEN MathParser failed to match rule 'Superscript'
	at 0301229.tex; line 1345 col 22 - line 1345 col 22
	In "\begin{equation}\psi_{\alpha}^{([l,l^{\prime}];\lambda)}\ :=\ \sqrt{N_{0}}\ %
	\psi_{\alpha}^{(l,\mspace{1.2mu }\omega({l^{\prime}{}^{\raisebox{0.853583pt}{{%
	\@@scalebox{0.55}{$\scriptstyle+$}}}}});\lambda)}\ \ .\end{equation}"
	([[OPEN]] l[[UNKNOWN]] ,[[PUNCT]] ω[[UNKNOWN]]
	        > ([[OPEN]] l[[UNKNOWN]] ^{\prime}[[POSTSUPERSCRIPT]] {}^{\raisebox{0.853583pt}{{\@@scalebox{0.55}{$\scriptstyle+$}}}}[[FLOATSUPERSCRIPT]] )[[CLOSE]] ;[[PUNCT]] λ[[UNKNOWN]] )[[CLOSE]]
Warning:not_parsed:POSTSUPERSCRIPT.CLOSE.PUNCT>OPEN MathParser failed to match rule 'Subscript'
	at 0301229.tex; line 1350 col 13 - line 1350 col 13
	In "$Z_{[l,l^{\prime}],[\omega({l{}^{\raisebox{0.853583pt}{{\@@scalebox{0.55}{$%
	\scriptstyle+$}}}}}),\omega({l^{\prime}{}^{\raisebox{0.853583pt}{{\@@scalebox{%
	0.55}{$\scriptstyle+$}}}}})]}$"
	[[[OPEN]] l[[UNKNOWN]] ,[[PUNCT]] l[[UNKNOWN]] ^{\prime}[[POSTSUPERSCRIPT]] ][[CLOSE]] ,[[PUNCT]]
	        > [[[OPEN]] ω[[UNKNOWN]] ([[OPEN]] l[[UNKNOWN]] {}^{\raisebox{0.853583pt}{{\@@scalebox{0.55}{$\scriptstyle+$}}}}[[FLOATSUPERSCRIPT]] )[[CLOSE]] ,[[PUNCT]] ω[[UNKNOWN]] ([[OPEN]] l[[UNKNOWN]] ^{\prime}[[POSTSUPERSCRIPT]] {}^{\raisebox{0.853583pt}{{\@@scalebox{0.55}{$\scriptstyle+$}}}}[[FLOATSUPERSCRIPT]] )[[CLOSE]] ][[CLOSE]]
Warning:not_parsed:>OPEN MathParser failed to match rule 'Anything'
	at 0301229.tex; line 1352 col 34 - line 1352 col 57
	In "$(l,\omega({l^{\prime}{}^{\raisebox{0.853583pt}{{\@@scalebox{0.55}{$%
	\scriptstyle+$}}}}}))$"
	> ([[OPEN]] l[[UNKNOWN]] ,[[PUNCT]] ω[[UNKNOWN]] ([[OPEN]] l[[UNKNOWN]] ^{\prime}[[POSTSUPERSCRIPT]] {}^{\raisebox{0.853583pt}{{\@@scalebox{0.55}{$\scriptstyle+$}}}}[[FLOATSUPERSCRIPT]] )[[CLOSE]] )[[CLOSE]]
Warning:not_parsed:POSTSUBSCRIPT.POSTSUPERSCRIPT.ATOM>FLOATSUBSCRIPT MathParser failed to match rule 'Anything'
	at 0301229.tex; line 1359 col 4 - line 1359 col 4
	In "$\displaystyle\sum_{\alpha}\psi_{\alpha}^{([l,l^{\prime}];\lambda)}\overline{%
	\psi}{}_{\alpha}^{([m,m^{\prime}];\mu)}\ =\ \delta_{[l,l^{\prime}],[m,m^{%
	\prime}]}\delta_{\lambda,\mu}\@@ENDINLINEMATH"
	∑[[SUMOP]] _{\alpha}[[POSTSUBSCRIPT]] ψ[[UNKNOWN]] _{\alpha}[[POSTSUBSCRIPT]] ^{([l,l^{\prime}];\lambda)}[[POSTSUPERSCRIPT]] \overline{\psi}[[UNKNOWN]]
	        > {}_{\alpha}[[FLOATSUBSCRIPT]] ^{([m,m^{\prime}];\mu)}[[POSTSUPERSCRIPT]] =[[RELOP]] δ[[UNKNOWN]] _{[l,l^{\prime}],[m,m^{\prime}]}[[POSTSUBSCRIPT]] δ[[UNKNOWN]] _{\lambda,\mu}[[POSTSUBSCRIPT]]
Warning:not_parsed:POSTSUBSCRIPT.POSTSUPERSCRIPT.ATOM>FLOATSUBSCRIPT MathParser failed to match rule 'Anything'
	at 0301229.tex; line 1359 col 4 - line 1360 col 20
	In "$\displaystyle\sum_{\alpha}\psi_{\alpha}^{([l,l^{\prime}];\lambda)}\overline{%
	\psi}{}_{\alpha}^{([m,m^{\prime}];\mu)}\ $"
	∑[[SUMOP]] _{\alpha}[[POSTSUBSCRIPT]] ψ[[UNKNOWN]] _{\alpha}[[POSTSUBSCRIPT]] ^{([l,l^{\prime}];\lambda)}[[POSTSUPERSCRIPT]] \overline{\psi}[[UNKNOWN]]
	        > {}_{\alpha}[[FLOATSUBSCRIPT]] ^{([m,m^{\prime}];\mu)}[[POSTSUPERSCRIPT]]
Warning:not_parsed:POSTSUBSCRIPT.POSTSUPERSCRIPT.ATOM>FLOATSUBSCRIPT MathParser failed to match rule 'Anything'
	at 0301229.tex; line 1363 col 4 - line 1363 col 4
	In "$\displaystyle\sum_{([l,l^{\prime}];\lambda)}\psi_{\alpha}^{([l,l^{\prime}];%
	\lambda)}\overline{\psi}{}_{\beta}^{([l,l^{\prime}];\lambda)}\ =\ \delta_{%
	\alpha,\beta}\ \ .\@@ENDINLINEMATH"
	∑[[SUMOP]] _{([l,l^{\prime}];\lambda)}[[POSTSUBSCRIPT]] ψ[[UNKNOWN]] _{\alpha}[[POSTSUBSCRIPT]] ^{([l,l^{\prime}];\lambda)}[[POSTSUPERSCRIPT]] \overline{\psi}[[UNKNOWN]]
	        > {}_{\beta}[[FLOATSUBSCRIPT]] ^{([l,l^{\prime}];\lambda)}[[POSTSUPERSCRIPT]] =[[RELOP]] δ[[UNKNOWN]] _{\alpha,\beta}[[POSTSUBSCRIPT]]
Warning:not_parsed:POSTSUBSCRIPT.POSTSUPERSCRIPT.ATOM>FLOATSUBSCRIPT MathParser failed to match rule 'Anything'
	at 0301229.tex; line 1363 col 4 - line 1364 col 32
	In "$\displaystyle\sum_{([l,l^{\prime}];\lambda)}\psi_{\alpha}^{([l,l^{\prime}];%
	\lambda)}\overline{\psi}{}_{\beta}^{([l,l^{\prime}];\lambda)}\ $"
	∑[[SUMOP]] _{([l,l^{\prime}];\lambda)}[[POSTSUBSCRIPT]] ψ[[UNKNOWN]] _{\alpha}[[POSTSUBSCRIPT]] ^{([l,l^{\prime}];\lambda)}[[POSTSUPERSCRIPT]] \overline{\psi}[[UNKNOWN]]
	        > {}_{\beta}[[FLOATSUBSCRIPT]] ^{([l,l^{\prime}];\lambda)}[[POSTSUPERSCRIPT]]
Warning:not_parsed:UNKNOWN.POSTSUPERSCRIPT.POSTSUBSCRIPT>FLOATSUPERSCRIPT MathParser failed to match rule 'Anything'
	at 0301229.tex; line 1367 col 0 - line 1374 col 2
	In "$$n^{{\mathfrak{g}}/{\mathfrak{h}}}_{[l,l^{\prime}]\alpha}{}^{\beta}\ =\ \sum_%
	{([j,j^{\prime}];\lambda)}\frac{\psi_{\alpha}^{([j,j^{\prime}];\lambda)}%
	\overline{\psi}{}_{\beta}^{([j,j^{\prime}];\lambda)}S^{{\mathfrak{g}}/{%
	\mathfrak{h}}}_{[l,l^{\prime}][j,j^{\prime}]}}{S^{{\mathfrak{g}}/{\mathfrak{h}%
	}}_{[0,0][j,j^{\prime}]}}\ \ $$"
	n[[UNKNOWN]] ^{{\mathfrak{g}}/{\mathfrak{h}}}[[POSTSUPERSCRIPT]] _{[l,l^{\prime}]\alpha}[[POSTSUBSCRIPT]]
	        > {}^{\beta}[[FLOATSUPERSCRIPT]] =[[RELOP]] ∑[[SUMOP]] _{([j,j^{\prime}];\lambda)}[[POSTSUBSCRIPT]] \frac{\psi_{\alpha}^{([j,j^{\prime}];\lambda)}\overline{\psi}{}_{\beta}^{([j,j^{\prime}];\lambda)}S^{{\mathfrak{g}}/{\mathfrak{h}}}_{[l,l^{\prime}][j,j^{\prime}]}}{S^{{\mathfrak{g}}/{\mathfrak{h}}}_{[0,0][j,j^{\prime}]}}[[UNKNOWN]]
Warning:not_parsed:UNKNOWN.POSTSUBSCRIPT.POSTSUPERSCRIPT>FLOATSUPERSCRIPT MathParser failed to match rule 'Anything'
	at 0301229.tex; line 1376 col 16 - line 1379 col 14
	In "\begin{equation}n_{[l,l^{\prime}]\alpha}^{{\mathfrak{g}}/{\mathfrak{h}}}{}^{%
	\beta}\ =\ n_{(l,\omega(l^{\prime}))\alpha}^{{\mathfrak{g}}\oplus{\mathfrak{h}%
	}}{}^{\beta}\ \ .\end{equation}"
	n[[UNKNOWN]] _{[l,l^{\prime}]\alpha}[[POSTSUBSCRIPT]] ^{{\mathfrak{g}}/{\mathfrak{h}}}[[POSTSUPERSCRIPT]]
	        > {}^{\beta}[[FLOATSUPERSCRIPT]] =[[RELOP]] n[[UNKNOWN]] _{(l,\omega(l^{\prime}))\alpha}[[POSTSUBSCRIPT]] ^{{\mathfrak{g}}\oplus{\mathfrak{h}}}[[POSTSUPERSCRIPT]] {}^{\beta}[[FLOATSUPERSCRIPT]]
Warning:not_parsed:UNKNOWN.POSTSUPERSCRIPT>PUNCT MathParser failed to match rule 'Anything'
	at 0301229.tex; line 1545 col 16 - line 1548 col 14
	In "\begin{equation}\mathcal{H}^{(0,l^{\prime})}\ \ ,\ \ \mbox{ where }\ \ V^{l^{%
	\prime}}\subset V^{\theta}|_{\mathfrak{h}}\ \ \ .\end{equation}"
	H[[UNKNOWN]] ^{(0,l^{\prime})}[[POSTSUPERSCRIPT]]
	        > \begin{equation}\mathcal{H}^{(0,l^{\prime})}\ \ ,\ \ \mbox{ where }\ \ V^{l^{\prime}}\subsetV^{\theta}|_{\mathfrak{h}}\ \ \ .\end{equation}[[PUNCT]] ,[[PUNCT]] \mbox{ where }[[UNKNOWN]] \begin{equation}\mathcal{H}^{(0,l^{\prime})}\ \ ,\ \ \mbox{ where }\ \ V^{l^{\prime}}\subsetV^{\theta}|_{\mathfrak{h}}\ \ \ .\end{equation}[[PUNCT]] V[[UNKNOWN]] ^{l^{\prime}}[[POSTSUPERSCRIPT]] ⊂[[RELOP]] V[[UNKNOWN]] ^{\theta}[[POSTSUPERSCRIPT]] |[[VERTBAR]] _{\mathfrak{h}}[[POSTSUBSCRIPT]]
Warning:not_parsed:UNKNOWN.PUNCT.UNKNOWN>OPEN MathParser failed to match rule 'Subscript'
	at 0301229.tex; line 1575 col 37 - line 1575 col 37
	In "$$Q_{(\mathcal{J},\omega({\mathcal{J}^{\prime}{}^{\raisebox{0.853583pt}{{%
	\@@scalebox{0.55}{$\scriptstyle+$}}}}}))}(\alpha)+Q_{(\mathcal{J},\omega({%
	\mathcal{J}^{\prime}{}^{\raisebox{0.853583pt}{{\@@scalebox{0.55}{$\scriptstyle%
	+$}}}}}))}(S,0)\ =\ 0\quad\text{for all }(\mathcal{J},\mathcal{J}^{\prime})\in%
	\mathcal{G}_{{\rm id}}\ \ .$$"
	([[OPEN]] J[[UNKNOWN]] ,[[PUNCT]] ω[[UNKNOWN]]
	        > ([[OPEN]] J[[UNKNOWN]] ^{\prime}[[POSTSUPERSCRIPT]] {}^{\raisebox{0.853583pt}{{\@@scalebox{0.55}{$\scriptstyle+$}}}}[[FLOATSUPERSCRIPT]] )[[CLOSE]] )[[CLOSE]]
Warning:not_parsed:UNKNOWN.PUNCT.UNKNOWN>OPEN MathParser failed to match rule 'Subscript'
	at 0301229.tex; line 1575 col 84 - line 1575 col 84
	([[OPEN]] J[[UNKNOWN]] ,[[PUNCT]] ω[[UNKNOWN]]
	        > ([[OPEN]] J[[UNKNOWN]] ^{\prime}[[POSTSUPERSCRIPT]] {}^{\raisebox{0.853583pt}{{\@@scalebox{0.55}{$\scriptstyle+$}}}}[[FLOATSUPERSCRIPT]] )[[CLOSE]] )[[CLOSE]]
Warning:not_parsed:UNKNOWN>RELOP MathParser failed to match rule 'Anything'
	at 0301229.tex; line 1580 col 16 - line 1583 col 14
	In "\begin{equation}X\ :=\ (0,{S{}^{\raisebox{0.853583pt}{{\@@scalebox{0.55}{$%
	\textstyle+$}}}}}|_{{\mathfrak{h}}})\,\hat{\times}\,\alpha\ \longrightarrow\ (%
	S,0)\,\hat{\times}\,\alpha\ =:\ Y\ \ .\end{equation}"
	X[[UNKNOWN]]
	        > :=[[RELOP]] ([[OPEN]] 0[[NUMBER]] ,[[PUNCT]] S[[UNKNOWN]] {}^{\raisebox{0.853583pt}{{\@@scalebox{0.55}{$\textstyle+$}}}}[[FLOATSUPERSCRIPT]] |[[VERTBAR]] _{{\mathfrak{h}}}[[POSTSUBSCRIPT]] )[[CLOSE]] \hat{\times}[[UNKNOWN]] α[[UNKNOWN]] ⟶[[ARROW]] ([[OPEN]] S[[UNKNOWN]] ,[[PUNCT]] 0[[NUMBER]] )[[CLOSE]] \hat{\times}[[UNKNOWN]] α[[UNKNOWN]] =[[RELOP]] :[[METARELOP]] Y[[UNKNOWN]]
Warning:not_parsed:UNKNOWN.POSTSUPERSCRIPT.POSTSUBSCRIPT>FLOATSUPERSCRIPT MathParser failed to match rule 'Anything'
	at 0301229.tex; line 1586 col 0 - line 1589 col 2
	In "$$(l,l^{\prime})\,\hat{\times}\,\alpha\ :=\ \bigoplus_{\beta}\ n^{{\mathfrak{g%
	}}\oplus{\mathfrak{h}}}_{(l,l^{\prime})\alpha}{}^{\beta}\ (\beta)\ \ .$$"
	([[OPEN]] l[[UNKNOWN]] ,[[PUNCT]] l[[UNKNOWN]] ^{\prime}[[POSTSUPERSCRIPT]] )[[CLOSE]] \hat{\times}[[UNKNOWN]] α[[UNKNOWN]] :=[[RELOP]] ⨁[[SUMOP]] _{\beta}[[POSTSUBSCRIPT]] n[[UNKNOWN]] ^{{\mathfrak{g}}\oplus{\mathfrak{h}}}[[POSTSUPERSCRIPT]] _{(l,l^{\prime})\alpha}[[POSTSUBSCRIPT]]
	        > {}^{\beta}[[FLOATSUPERSCRIPT]] ([[OPEN]] β[[UNKNOWN]] )[[CLOSE]]
Warning:not_parsed:>OPEN MathParser failed to match rule 'Anything'
	at 0301229.tex; line 1590 col 12 - line 1590 col 40
	In "$(0,{S{}^{\raisebox{0.853583pt}{{\@@scalebox{0.55}{$\textstyle+$}}}}}|_{{%
	\mathfrak{h}}})$"
	> ([[OPEN]] 0[[NUMBER]] ,[[PUNCT]] S[[UNKNOWN]] {}^{\raisebox{0.853583pt}{{\@@scalebox{0.55}{$\textstyle+$}}}}[[FLOATSUPERSCRIPT]] |[[VERTBAR]] _{{\mathfrak{h}}}[[POSTSUBSCRIPT]] )[[CLOSE]]
Warning:not_parsed:>OPEN MathParser failed to match rule 'Anything'
	at 0301229.tex; line 1591 col 0 - line 1595 col 2
	In "$$(0,{S{}^{\raisebox{0.853583pt}{{\@@scalebox{0.55}{$\textstyle+$}}}}}|_{{%
	\mathfrak{h}}})\hat{\times}\dots\ :=\ \bigoplus b_{{S{}^{\raisebox{0.853583pt}%
	{{\@@scalebox{0.55}{$\scriptstyle+$}}}}}S^{\prime}}\ (0,S^{\prime})\hat{\times%
	}\dots\ \ $$"
	> ([[OPEN]] 0[[NUMBER]] ,[[PUNCT]] S[[UNKNOWN]] {}^{\raisebox{0.853583pt}{{\@@scalebox{0.55}{$\textstyle+$}}}}[[FLOATSUPERSCRIPT]] |[[VERTBAR]] _{{\mathfrak{h}}}[[POSTSUBSCRIPT]] )[[CLOSE]] \hat{\times}[[UNKNOWN]] …[[ID]] :=[[RELOP]] ⨁[[SUMOP]] b[[UNKNOWN]] _{{S{}^{\raisebox{0.853583pt}{{\@@scalebox{0.55}{$\scriptstyle+$}}}}}S^{\prime}}[[POSTSUBSCRIPT]] ([[OPEN]] 0[[NUMBER]] ,[[PUNCT]] S[[UNKNOWN]] ^{\prime}[[POSTSUPERSCRIPT]] )[[CLOSE]] \hat{\times}[[UNKNOWN]] …[[ID]]
Warning:not_parsed:>OPEN MathParser failed to match rule 'Anything'
	at 0301229.tex; line 1649 col 0 - line 1652 col 2
	In "$$(0,{S{}^{\raisebox{0.853583pt}{{\@@scalebox{0.55}{$\textstyle+$}}}}}|_{{%
	\mathfrak{h}}})\,\hat{\times}\,\alpha\ \longrightarrow\ (S,0)\,\hat{\times}\,%
	\alpha\ \ ,$$"
	> ([[OPEN]] 0[[NUMBER]] ,[[PUNCT]] S[[UNKNOWN]] {}^{\raisebox{0.853583pt}{{\@@scalebox{0.55}{$\textstyle+$}}}}[[FLOATSUPERSCRIPT]] |[[VERTBAR]] _{{\mathfrak{h}}}[[POSTSUBSCRIPT]] )[[CLOSE]] \hat{\times}[[UNKNOWN]] α[[UNKNOWN]] ⟶[[ARROW]] ([[OPEN]] S[[UNKNOWN]] ,[[PUNCT]] 0[[NUMBER]] )[[CLOSE]] \hat{\times}[[UNKNOWN]] α[[UNKNOWN]]
Warning:not_parsed:POSTSUBSCRIPT.CLOSE.POSTSUBSCRIPT>FLOATSUPERSCRIPT MathParser failed to match rule 'Anything'
	at 0301229.tex; line 1686 col 50 - line 1687 col 13
	In "$(n_{(l,l^{\prime})})_{\alpha}{}^{\beta}$"
	([[OPEN]] n[[UNKNOWN]] _{(l,l^{\prime})}[[POSTSUBSCRIPT]] )[[CLOSE]] _{\alpha}[[POSTSUBSCRIPT]]
	        > {}^{\beta}[[FLOATSUPERSCRIPT]]
Warning:not_parsed:UNKNOWN.POSTSUBSCRIPT>FLOATSUPERSCRIPT MathParser failed to match rule 'Anything'
	at 0301229.tex; line 1767 col 0 - line 1772 col 2
	In "$$n_{[l_{1},l_{2},l^{\prime}][L_{1},L_{2},L^{\prime}]}{}^{[J_{1},J_{2},J^{%
	\prime}]}\ =\ N^{(k)}_{l_{1}L_{1}}{}^{J_{1}}\ N^{(k+1)}_{l^{\prime}L^{\prime}}%
	{}^{J^{\prime}}+N^{(k)}_{k-l_{1}\,L_{1}}{}^{J_{1}}\ N^{(k+1)}_{k+1-l^{\prime}%
	\,L^{\prime}}{}^{J^{\prime}}\ \ .$$"
	n[[UNKNOWN]] _{[l_{1},l_{2},l^{\prime}][L_{1},L_{2},L^{\prime}]}[[POSTSUBSCRIPT]]
	        > {}^{[J_{1},J_{2},J^{\prime}]}[[FLOATSUPERSCRIPT]] =[[RELOP]] N[[UNKNOWN]] ^{(k)}[[POSTSUPERSCRIPT]] _{l_{1}L_{1}}[[POSTSUBSCRIPT]] {}^{J_{1}}[[FLOATSUPERSCRIPT]] N[[UNKNOWN]] ^{(k+1)}[[POSTSUPERSCRIPT]] _{l^{\prime}L^{\prime}}[[POSTSUBSCRIPT]] {}^{J^{\prime}}[[FLOATSUPERSCRIPT]] +[[ADDOP]] N[[UNKNOWN]] ^{(k)}[[POSTSUPERSCRIPT]] _{k-l_{1}\,L_{1}}[[POSTSUBSCRIPT]] {}^{J_{1}}[[FLOATSUPERSCRIPT]] N[[UNKNOWN]] ^{(k+1)}[[POSTSUPERSCRIPT]] _{k+1-l^{\prime}\,L^{\prime}}[[POSTSUBSCRIPT]] {}^{J^{\prime}}[[FLOATSUPERSCRIPT]]
Warning:not_parsed:>OPEN MathParser failed to match rule 'Anything'
	at 0301229.tex; line 1824 col 51 - line 1825 col 10
	In "$[0,L{}_{2},L^{\prime}]$"
	> [[[OPEN]] 0[[NUMBER]] ,[[PUNCT]] L[[UNKNOWN]] {}_{2}[[FLOATSUBSCRIPT]] ,[[PUNCT]] L[[UNKNOWN]] ^{\prime}[[POSTSUPERSCRIPT]] ][[CLOSE]]
Warning:not_parsed:>OPEN MathParser failed to match rule 'Anything'
	at 0301229.tex; line 1831 col 0 - line 1833 col 2
	In "$$(0,{S{}^{\raisebox{0.853583pt}{{\@@scalebox{0.55}{$\textstyle+$}}}}}|_{{%
	\mathfrak{h}}})\hat{\times}\alpha\ =\ [L_{1},L_{2},L^{\prime}]\ \ .$$"
	> ([[OPEN]] 0[[NUMBER]] ,[[PUNCT]] S[[UNKNOWN]] {}^{\raisebox{0.853583pt}{{\@@scalebox{0.55}{$\textstyle+$}}}}[[FLOATSUPERSCRIPT]] |[[VERTBAR]] _{{\mathfrak{h}}}[[POSTSUBSCRIPT]] )[[CLOSE]] \hat{\times}[[UNKNOWN]] α[[UNKNOWN]] =[[RELOP]] [[[OPEN]] L[[UNKNOWN]] _{1}[[POSTSUBSCRIPT]] ,[[PUNCT]] L[[UNKNOWN]] _{2}[[POSTSUBSCRIPT]] ,[[PUNCT]] L[[UNKNOWN]] ^{\prime}[[POSTSUPERSCRIPT]] ][[CLOSE]]
Warning:not_parsed:UNKNOWN.POSTSUPERSCRIPT.POSTSUBSCRIPT>FLOATSUPERSCRIPT MathParser failed to match rule 'Anything'
	at 0301229.tex; line 1889 col 16 - line 1893 col 14
	In "\begin{equation}\bigoplus\ N^{(k+1)}_{L_{1}L^{\prime}}{}^{J}\ [0,L_{2},J]%
	\longrightarrow\ \makebox[142.26378pt][l]{$\displaystyle[L_{1},L_{2},L^{\prime%
	}]\ \ .$}\end{equation}"
	⨁[[SUMOP]] N[[UNKNOWN]] ^{(k+1)}[[POSTSUPERSCRIPT]] _{L_{1}L^{\prime}}[[POSTSUBSCRIPT]]
	        > {}^{J}[[FLOATSUPERSCRIPT]] [[[OPEN]] 0[[NUMBER]] ,[[PUNCT]] L[[UNKNOWN]] _{2}[[POSTSUBSCRIPT]] ,[[PUNCT]] J[[UNKNOWN]] ][[CLOSE]] ⟶[[ARROW]] \makebox[142.26378pt][l]{$\displaystyle[L_{1},L_{2},L^{\prime}]\ \ .$}.[[UNKNOWN]]
Warning:not_parsed:UNKNOWN.POSTSUPERSCRIPT.POSTSUBSCRIPT>FLOATSUPERSCRIPT MathParser failed to match rule 'Anything'
	at 0301229.tex; line 1896 col 16 - line 1900 col 14
	In "\begin{equation}\bigoplus\ N^{(k+1)}_{L_{1}L^{\prime}}{}^{J}\ [0,L_{2},J]%
	\longrightarrow\ \makebox[142.26378pt][l]{$\displaystyle[L_{1}-1,1-L_{2},L^{%
	\prime}]\ \ .$}\end{equation}"
	⨁[[SUMOP]] N[[UNKNOWN]] ^{(k+1)}[[POSTSUPERSCRIPT]] _{L_{1}L^{\prime}}[[POSTSUBSCRIPT]]
	        > {}^{J}[[FLOATSUPERSCRIPT]] [[[OPEN]] 0[[NUMBER]] ,[[PUNCT]] L[[UNKNOWN]] _{2}[[POSTSUBSCRIPT]] ,[[PUNCT]] J[[UNKNOWN]] ][[CLOSE]] ⟶[[ARROW]] \makebox[142.26378pt][l]{$\displaystyle[L_{1}-1,1-L_{2},L^{\prime}]\ \ .$}[[UNKNOWN]]
Warning:not_parsed:UNKNOWN.POSTSUPERSCRIPT.POSTSUBSCRIPT>FLOATSUPERSCRIPT MathParser failed to match rule 'Anything'
	at 0301229.tex; line 2020 col 0 - line 2026 col 2
	In "$$n_{[l_{1},l_{2},l^{\prime}][L_{1},L_{2},L^{\prime}]}^{\quad\quad\quad\quad[J%
	_{1},J_{2},J^{\prime}]}\ =\ n^{{\rm D},k}_{l_{1}L_{1}}{}^{J_{1}}\,N^{(1)}_{l_{%
	2}L_{2}}{}^{J_{2}}\,N^{(k+1)}_{l^{\prime}L^{\prime}}{}^{J^{\prime}}\ +\ n^{{%
	\rm D},k}_{l_{1}\hat{L}_{1}}{}^{J_{1}}\,N^{(1)}_{l_{2}(1-L_{2})}{}^{J_{2}}\,N^%
	{(k+1)}_{l^{\prime}(k+1-L^{\prime})}{}^{J^{\prime}}\ \ .$$"
	n[[UNKNOWN]] _{[l_{1},l_{2},l^{\prime}][L_{1},L_{2},L^{\prime}]}[[POSTSUBSCRIPT]] ^{\quad\quad\quad\quad[J_{1},J_{2},J^{\prime}]}[[POSTSUPERSCRIPT]] =[[RELOP]] n[[UNKNOWN]] ^{{\rmD},k}[[POSTSUPERSCRIPT]] _{l_{1}L_{1}}[[POSTSUBSCRIPT]] {}^{J_{1}}[[FLOATSUPERSCRIPT]] N[[UNKNOWN]] ^{(1)}[[POSTSUPERSCRIPT]] _{l_{2}L_{2}}[[POSTSUBSCRIPT]] {}^{J_{2}}[[FLOATSUPERSCRIPT]] N[[UNKNOWN]] ^{(k+1)}[[POSTSUPERSCRIPT]] _{l^{\prime}L^{\prime}}[[POSTSUBSCRIPT]]
	        > {}^{J^{\prime}}[[FLOATSUPERSCRIPT]] +[[ADDOP]] n[[UNKNOWN]] ^{{\rmD},k}[[POSTSUPERSCRIPT]] _{l_{1}\hat{L}_{1}}[[POSTSUBSCRIPT]] {}^{J_{1}}[[FLOATSUPERSCRIPT]] N[[UNKNOWN]] ^{(1)}[[POSTSUPERSCRIPT]] _{l_{2}(1-L_{2})}[[POSTSUBSCRIPT]] {}^{J_{2}}[[FLOATSUPERSCRIPT]] N[[UNKNOWN]] ^{(k+1)}[[POSTSUPERSCRIPT]] _{l^{\prime}(k+1-L^{\prime})}[[POSTSUBSCRIPT]] {}^{J^{\prime}}[[FLOATSUPERSCRIPT]]
Warning:not_parsed:UNKNOWN.POSTSUPERSCRIPT.POSTSUBSCRIPT>FLOATSUPERSCRIPT MathParser failed to match rule 'Anything'
	at 0301229.tex; line 2030 col 1 - line 2030 col 1
	In "\begin{equation}n^{{\rm D},k}_{l_{1}L_{1}}{}^{J_{1}}\ =\ \left\{\begin{array}[%
	]{ll}N^{(k)}_{l_{1}L_{1}}{}^{J_{1}}+N^{(k)}_{(k-l_{1})L_{1}}{}^{J_{1}}&\text{ %
	for }J_{1},L_{1}\not=\frac{k}{2}\parbox[c][8mm][c]{0.0pt}{}\\
	N^{(k)}_{l_{1}\frac{k}{2}}{}^{J_{1}}&\text{ for }J_{1}\not=\frac{k}{2},\ L_{1}%
	=[\frac{k}{2},\pm]\parbox[c][8mm][c]{0.0pt}{}\\
	N^{(k)}_{l_{1}L_{1}}{}^{\frac{k}{2}}&\text{ for }J_{1}=[\frac{k}{2},\pm],\ L_{%
	1}\not=\frac{k}{2}\parbox[c][8mm][c]{0.0pt}{}\\
	\delta_{l_{1}\!\!\!\mod 4}&\text{ for }J_{1}=L_{1}=[\frac{k}{2},\pm]\parbox[c]%
	[8mm][c]{0.0pt}{}\\
	\delta_{l_{1}-2\!\!\!\mod 4}&\text{ for }J_{1}=[\frac{k}{2},\pm],\ L_{1}=[%
	\frac{k}{2},\mp]\parbox[c][8mm][c]{0.0pt}{}\end{array}\right.\end{equation}"
	N[[UNKNOWN]] ^{(k)}[[POSTSUPERSCRIPT]] _{l_{1}L_{1}}[[POSTSUBSCRIPT]]
	        > {}^{J_{1}}[[FLOATSUPERSCRIPT]] +[[ADDOP]] N[[UNKNOWN]] ^{(k)}[[POSTSUPERSCRIPT]] _{(k-l_{1})L_{1}}[[POSTSUBSCRIPT]] {}^{J_{1}}[[FLOATSUPERSCRIPT]]
Warning:not_parsed:UNKNOWN.POSTSUPERSCRIPT.POSTSUBSCRIPT>FLOATSUPERSCRIPT MathParser failed to match rule 'Anything'
	at 0301229.tex; line 2032 col 1 - line 2032 col 1
	N[[UNKNOWN]] ^{(k)}[[POSTSUPERSCRIPT]] _{l_{1}\frac{k}{2}}[[POSTSUBSCRIPT]]
	        > {}^{J_{1}}[[FLOATSUPERSCRIPT]]
Warning:not_parsed:UNKNOWN.POSTSUPERSCRIPT.POSTSUBSCRIPT>FLOATSUPERSCRIPT MathParser failed to match rule 'Anything'
	at 0301229.tex; line 2034 col 1 - line 2034 col 1
	N[[UNKNOWN]] ^{(k)}[[POSTSUPERSCRIPT]] _{l_{1}L_{1}}[[POSTSUBSCRIPT]]
	        > {}^{\frac{k}{2}}[[FLOATSUPERSCRIPT]]
Warning:not_parsed:UNKNOWN.POSTSUPERSCRIPT.POSTSUBSCRIPT>FLOATSUPERSCRIPT MathParser failed to match rule 'Anything'
	at 0301229.tex; line 2028 col 16 - line 2041 col 14
	n[[UNKNOWN]] ^{{\rmD},k}[[POSTSUPERSCRIPT]] _{l_{1}L_{1}}[[POSTSUBSCRIPT]]
	        > {}^{J_{1}}[[FLOATSUPERSCRIPT]] =[[RELOP]] \left\{[[OPEN]] Alignment[][[ARRAY]]
Warning:not_parsed:SUMOP.POSTSUBSCRIPT>OPEN MathParser failed to match rule 'Anything'
	at 0301229.tex; line 2098 col 0 - line 2098 col 14
	In "$\displaystyle\begin{array}[t]{l}\displaystyle\bigoplus_{J<\frac{k}{2}}\bigl{(%
	}N^{(k)}_{L_{1}L^{\prime}}{}^{J}+N^{(k)}_{L_{1}L^{\prime}}{}^{k-J}\bigr{)}[J,L%
	_{2},0]\\
	\quad\oplus\quad N^{(k)}_{L_{1}L^{\prime}}{}^{\frac{k}{2}}\ ([\frac{k}{2},+],L%
	_{2},0)\\[5.690551pt]
	\quad\oplus\quad N^{(k)}_{L_{1}L^{\prime}}{}^{\frac{k}{2}}\ ([\frac{k}{2},-],L%
	_{2},0)\end{array}$"
	⨁[[SUMOP]] _{J<\frac{k}{2}}[[POSTSUBSCRIPT]]
	        > ([[OPEN]] N[[UNKNOWN]] ^{(k)}[[POSTSUPERSCRIPT]] _{L_{1}L^{\prime}}[[POSTSUBSCRIPT]] {}^{J}[[FLOATSUPERSCRIPT]] +[[ADDOP]] N[[UNKNOWN]] ^{(k)}[[POSTSUPERSCRIPT]] _{L_{1}L^{\prime}}[[POSTSUBSCRIPT]] {}^{k-J}[[FLOATSUPERSCRIPT]] )[[CLOSE]] [[[OPEN]] J[[UNKNOWN]] ,[[PUNCT]] L[[UNKNOWN]] _{2}[[POSTSUBSCRIPT]] ,[[PUNCT]] 0[[NUMBER]] ][[CLOSE]]
Warning:not_parsed:UNKNOWN.POSTSUPERSCRIPT.POSTSUBSCRIPT>FLOATSUPERSCRIPT MathParser failed to match rule 'Anything'
	at 0301229.tex; line 2098 col 0 - line 2098 col 14
	⊕[[ADDOP]]  ⊕ N^{(k)}_{L_{1}L^{\prime}}{}^{\frac{k}{2}} ([\frac{k}{2},+],L_{2},0)[[PUNCT]] N[[UNKNOWN]] ^{(k)}[[POSTSUPERSCRIPT]] _{L_{1}L^{\prime}}[[POSTSUBSCRIPT]]
	        > {}^{\frac{k}{2}}[[FLOATSUPERSCRIPT]] ([[OPEN]] [[[OPEN]] \frac{k}{2}[[UNKNOWN]] ,[[PUNCT]] +[[ADDOP]] ][[CLOSE]] ,[[PUNCT]] L[[UNKNOWN]] _{2}[[POSTSUBSCRIPT]] ,[[PUNCT]] 0[[NUMBER]] )[[CLOSE]]
Warning:not_parsed:UNKNOWN.POSTSUPERSCRIPT.POSTSUBSCRIPT>FLOATSUPERSCRIPT MathParser failed to match rule 'Anything'
	at 0301229.tex; line 2098 col 0 - line 2098 col 14
	⊕[[ADDOP]]  ⊕ N^{(k)}_{L_{1}L^{\prime}}{}^{\frac{k}{2}} ([\frac{k}{2},-],L_{2},0)[[PUNCT]] N[[UNKNOWN]] ^{(k)}[[POSTSUPERSCRIPT]] _{L_{1}L^{\prime}}[[POSTSUBSCRIPT]]
	        > {}^{\frac{k}{2}}[[FLOATSUPERSCRIPT]] ([[OPEN]] [[[OPEN]] \frac{k}{2}[[UNKNOWN]] ,[[PUNCT]] -[[ADDOP]] ][[CLOSE]] ,[[PUNCT]] L[[UNKNOWN]] _{2}[[POSTSUBSCRIPT]] ,[[PUNCT]] 0[[NUMBER]] )[[CLOSE]]
Warning:not_parsed:SUMOP.POSTSUBSCRIPT>OPEN MathParser failed to match rule 'Anything'
	at 0301229.tex; line 2106 col 0 - line 2106 col 14
	In "$\displaystyle\begin{array}[t]{l}\displaystyle\bigoplus_{J<\frac{k}{2}}\bigl{(%
	}N^{(k)}_{L_{1}(L^{\prime}-1)}{}^{J}+N^{(k)}_{L_{1}(L^{\prime}-1)}{}^{k-J}%
	\bigr{)}[J,1-L_{2},0]\\
	\quad\oplus\quad N^{(k)}_{L_{1}(L^{\prime}-1)}{}^{\frac{k}{2}}\ [[\frac{k}{2},%
	+],1-L_{2},0]\\[5.690551pt]
	\quad\oplus\quad N^{(k)}_{L_{1}(L^{\prime}-1)}{}^{\frac{k}{2}}\ ([[\frac{k}{2}%
	,-],1-L_{2},0]\end{array}$"
	⨁[[SUMOP]] _{J<\frac{k}{2}}[[POSTSUBSCRIPT]]
	        > ([[OPEN]] N[[UNKNOWN]] ^{(k)}[[POSTSUPERSCRIPT]] _{L_{1}(L^{\prime}-1)}[[POSTSUBSCRIPT]] {}^{J}[[FLOATSUPERSCRIPT]] +[[ADDOP]] N[[UNKNOWN]] ^{(k)}[[POSTSUPERSCRIPT]] _{L_{1}(L^{\prime}-1)}[[POSTSUBSCRIPT]] {}^{k-J}[[FLOATSUPERSCRIPT]] )[[CLOSE]] [[[OPEN]] J[[UNKNOWN]] ,[[PUNCT]] 1[[NUMBER]] -[[ADDOP]] L[[UNKNOWN]] _{2}[[POSTSUBSCRIPT]] ,[[PUNCT]] 0[[NUMBER]] ][[CLOSE]]
Warning:not_parsed:UNKNOWN.POSTSUPERSCRIPT.POSTSUBSCRIPT>FLOATSUPERSCRIPT MathParser failed to match rule 'Anything'
	at 0301229.tex; line 2106 col 0 - line 2106 col 14
	⊕[[ADDOP]]  ⊕ N^{(k)}_{L_{1}(L^{\prime}-1)}{}^{\frac{k}{2}} [[\frac{k}{2},+],1-L_{2},0][[PUNCT]] N[[UNKNOWN]] ^{(k)}[[POSTSUPERSCRIPT]] _{L_{1}(L^{\prime}-1)}[[POSTSUBSCRIPT]]
	        > {}^{\frac{k}{2}}[[FLOATSUPERSCRIPT]] [[[OPEN]] [[[OPEN]] \frac{k}{2}[[UNKNOWN]] ,[[PUNCT]] +[[ADDOP]] ][[CLOSE]] ,[[PUNCT]] 1[[NUMBER]] -[[ADDOP]] L[[UNKNOWN]] _{2}[[POSTSUBSCRIPT]] ,[[PUNCT]] 0[[NUMBER]] ][[CLOSE]]
Warning:not_parsed:UNKNOWN.POSTSUPERSCRIPT.POSTSUBSCRIPT>FLOATSUPERSCRIPT MathParser failed to match rule 'Anything'
	at 0301229.tex; line 2106 col 0 - line 2106 col 14
	⊕[[ADDOP]]  ⊕ N^{(k)}_{L_{1}(L^{\prime}-1)}{}^{\frac{k}{2}} ([[\frac{k}{2},-],1-L_{2},0][[PUNCT]] N[[UNKNOWN]] ^{(k)}[[POSTSUPERSCRIPT]] _{L_{1}(L^{\prime}-1)}[[POSTSUBSCRIPT]]
	        > {}^{\frac{k}{2}}[[FLOATSUPERSCRIPT]] ([[OPEN]] [[[OPEN]] [[[OPEN]] \frac{k}{2}[[UNKNOWN]] ,[[PUNCT]] -[[ADDOP]] ][[CLOSE]] ,[[PUNCT]] 1[[NUMBER]] -[[ADDOP]] L[[UNKNOWN]] _{2}[[POSTSUBSCRIPT]] ,[[PUNCT]] 0[[NUMBER]] ][[CLOSE]]
Warning:not_parsed:UNKNOWN.POSTSUPERSCRIPT.POSTSUBSCRIPT>FLOATSUPERSCRIPT MathParser failed to match rule 'Anything'
	at 0301229.tex; line 2135 col 0 - line 2135 col 3
	In "$\displaystyle\bigoplus_{J<\frac{k}{2}}\ N^{(k)}_{L^{\prime}\,\frac{k}{2}}{}^{%
	J}\ [J,L_{2},0]\ \oplus\ \left\{\begin{array}[]{cl}([\frac{k}{2},+],L_{2},0)&L%
	^{\prime}=0\mod 4\\[2.845276pt]
	{([\frac{k}{2},-],L_{2},0)}&L^{\prime}=2\mod 4\\[2.845276pt]
	0&L^{\prime}\mbox{ odd}\end{array}\right.$"
	⨁[[SUMOP]] _{J<\frac{k}{2}}[[POSTSUBSCRIPT]] N[[UNKNOWN]] ^{(k)}[[POSTSUPERSCRIPT]] _{L^{\prime}\,\frac{k}{2}}[[POSTSUBSCRIPT]]
	        > {}^{J}[[FLOATSUPERSCRIPT]] [[[OPEN]] J[[UNKNOWN]] ,[[PUNCT]] L[[UNKNOWN]] _{2}[[POSTSUBSCRIPT]] ,[[PUNCT]] 0[[NUMBER]] ][[CLOSE]] ⊕[[ADDOP]] \left\{[[OPEN]] Alignment[][[ARRAY]]
Warning:not_parsed:UNKNOWN.POSTSUPERSCRIPT.POSTSUBSCRIPT>FLOATSUPERSCRIPT MathParser failed to match rule 'Anything'
	at 0301229.tex; line 2149 col 0 - line 2149 col 3
	In "$\displaystyle\bigoplus_{J<\frac{k}{2}}\ N^{(k)}_{(L^{\prime}-1)\,\frac{k}{2}}%
	{}^{J}\ [J,L_{2},0]\ \oplus\ \left\{\begin{array}[]{cl}([\frac{k}{2},+],L_{2},%
	0)&L^{\prime}=1\mod 4\\[2.845276pt]
	{([\frac{k}{2},-],L_{2},0)}&L^{\prime}=3\mod 4\\[2.845276pt]
	0&L^{\prime}\mbox{ even}\end{array}\right.$"
	⨁[[SUMOP]] _{J<\frac{k}{2}}[[POSTSUBSCRIPT]] N[[UNKNOWN]] ^{(k)}[[POSTSUPERSCRIPT]] _{(L^{\prime}-1)\,\frac{k}{2}}[[POSTSUBSCRIPT]]
	        > {}^{J}[[FLOATSUPERSCRIPT]] [[[OPEN]] J[[UNKNOWN]] ,[[PUNCT]] L[[UNKNOWN]] _{2}[[POSTSUBSCRIPT]] ,[[PUNCT]] 0[[NUMBER]] ][[CLOSE]] ⊕[[ADDOP]] \left\{[[OPEN]] Alignment[][[ARRAY]]
Warning:not_parsed:UNKNOWN.POSTSUPERSCRIPT.POSTSUBSCRIPT>FLOATSUPERSCRIPT MathParser failed to match rule 'Anything'
	at 0301229.tex; line 2178 col 0 - line 2184 col 2
	In "$$n_{[l_{1},l_{2},l^{\prime}][L_{1},L_{2},L^{\prime}]}^{\quad\quad\quad\quad[J%
	_{1},J_{2},J^{\prime}]}\ =\ N^{(k)}_{l_{1}L_{1}}{}^{J_{1}}\,N^{(1)}_{l_{2}L_{2%
	}}{}^{J_{2}}\,n^{{\rm D},k+1\ }_{l^{\prime}L^{\prime}}{}^{J^{\prime}}\ +\ N^{(%
	k)}_{l_{1}(k-L_{1})}{}^{\!J_{1}}\,N^{(1)}_{l_{2}(1-L_{2})}{}^{\!J_{2}}\,n^{{%
	\rm D},k+1\ }_{l^{\prime}\hat{L}^{\prime}}{}^{J^{\prime}}\ \ .$$"
	n[[UNKNOWN]] _{[l_{1},l_{2},l^{\prime}][L_{1},L_{2},L^{\prime}]}[[POSTSUBSCRIPT]] ^{\quad\quad\quad\quad[J_{1},J_{2},J^{\prime}]}[[POSTSUPERSCRIPT]] =[[RELOP]] N[[UNKNOWN]] ^{(k)}[[POSTSUPERSCRIPT]] _{l_{1}L_{1}}[[POSTSUBSCRIPT]] {}^{J_{1}}[[FLOATSUPERSCRIPT]] N[[UNKNOWN]] ^{(1)}[[POSTSUPERSCRIPT]] _{l_{2}L_{2}}[[POSTSUBSCRIPT]] {}^{J_{2}}[[FLOATSUPERSCRIPT]] n[[UNKNOWN]] ^{{\rmD},k+1\ }[[POSTSUPERSCRIPT]] _{l^{\prime}L^{\prime}}[[POSTSUBSCRIPT]]
	        > {}^{J^{\prime}}[[FLOATSUPERSCRIPT]] +[[ADDOP]] N[[UNKNOWN]] ^{(k)}[[POSTSUPERSCRIPT]] _{l_{1}(k-L_{1})}[[POSTSUBSCRIPT]] {}^{\!J_{1}}[[FLOATSUPERSCRIPT]] N[[UNKNOWN]] ^{(1)}[[POSTSUPERSCRIPT]] _{l_{2}(1-L_{2})}[[POSTSUBSCRIPT]] {}^{\!J_{2}}[[FLOATSUPERSCRIPT]] n[[UNKNOWN]] ^{{\rmD},k+1\ }[[POSTSUPERSCRIPT]] _{l^{\prime}\hat{L}^{\prime}}[[POSTSUBSCRIPT]] {}^{J^{\prime}}[[FLOATSUPERSCRIPT]]
Warning:not_parsed:UNKNOWN.POSTSUPERSCRIPT.POSTSUBSCRIPT>FLOATSUPERSCRIPT MathParser failed to match rule 'Anything'
	at 0301229.tex; line 2232 col 16 - line 2237 col 14
	In "\begin{equation}[L_{1},L_{2},[{\textstyle\frac{k+1}{2}},+]]\oplus[L_{1},L_{2},%
	[{\textstyle\frac{k+1}{2}},-]]\ \longrightarrow\ \bigoplus_{J}\ N^{(k)}_{L_{1}%
	\frac{k+1}{2}}{}^{J}\ [J,L_{2},0]\ \ .\end{equation}"
	[[[OPEN]] L[[UNKNOWN]] _{1}[[POSTSUBSCRIPT]] ,[[PUNCT]] L[[UNKNOWN]] _{2}[[POSTSUBSCRIPT]] ,[[PUNCT]] [[[OPEN]] \frac{k+1}{2}[[UNKNOWN]] ,[[PUNCT]] +[[ADDOP]] ][[CLOSE]] ][[CLOSE]] ⊕[[ADDOP]] [[[OPEN]] L[[UNKNOWN]] _{1}[[POSTSUBSCRIPT]] ,[[PUNCT]] L[[UNKNOWN]] _{2}[[POSTSUBSCRIPT]] ,[[PUNCT]] [[[OPEN]] \frac{k+1}{2}[[UNKNOWN]] ,[[PUNCT]] -[[ADDOP]] ][[CLOSE]] ][[CLOSE]] ⟶[[ARROW]] ⨁[[SUMOP]] _{J}[[POSTSUBSCRIPT]] N[[UNKNOWN]] ^{(k)}[[POSTSUPERSCRIPT]] _{L_{1}\frac{k+1}{2}}[[POSTSUBSCRIPT]]
	        > {}^{J}[[FLOATSUPERSCRIPT]] [[[OPEN]] J[[UNKNOWN]] ,[[PUNCT]] L[[UNKNOWN]] _{2}[[POSTSUBSCRIPT]] ,[[PUNCT]] 0[[NUMBER]] ][[CLOSE]]
Warning:not_parsed:UNKNOWN.POSTSUBSCRIPT>FLOATSUPERSCRIPT MathParser failed to match rule 'Anything'
	at 0301229.tex; line 2264 col 0 - line 2268 col 2
	In "$$n_{[l,l^{\prime}][L,L^{\prime}]}{}^{[J,J^{\prime}]}\ =\ \delta_{l^{\prime}+L%
	^{\prime}-J^{\prime}\!\!\!\mod 2k}\ N^{(k)}_{lL}{}^{J}\ +\ \delta_{l^{\prime}+%
	L^{\prime}-J^{\prime}+k\!\!\!\mod 2k}\ N^{(k)}_{l(k-L)}{}^{J}\ \ $$"
	n[[UNKNOWN]] _{[l,l^{\prime}][L,L^{\prime}]}[[POSTSUBSCRIPT]]
	        > {}^{[J,J^{\prime}]}[[FLOATSUPERSCRIPT]] =[[RELOP]] δ[[UNKNOWN]] _{l^{\prime}+L^{\prime}-J^{\prime}\!\!\!\mod2k}[[POSTSUBSCRIPT]] N[[UNKNOWN]] ^{(k)}[[POSTSUPERSCRIPT]] _{lL}[[POSTSUBSCRIPT]] {}^{J}[[FLOATSUPERSCRIPT]] +[[ADDOP]] δ[[UNKNOWN]] _{l^{\prime}+L^{\prime}-J^{\prime}+k\!\!\!\mod2k}[[POSTSUBSCRIPT]] N[[UNKNOWN]] ^{(k)}[[POSTSUPERSCRIPT]] _{l(k-L)}[[POSTSUBSCRIPT]] {}^{J}[[FLOATSUPERSCRIPT]]
Warning:not_parsed:UNKNOWN.POSTSUPERSCRIPT.POSTSUBSCRIPT>FLOATSUPERSCRIPT MathParser failed to match rule 'Anything'
	at 0301229.tex; line 2295 col 0 - line 2298 col 2
	In "$$[L,L^{\prime}-S]\oplus[L,L^{\prime}-S+2]\oplus\cdots\oplus[L,L^{\prime}+S]\ %
	\longrightarrow\ \bigoplus_{J}\,N^{(k)}_{SL}{}^{J}[J,L^{\prime}]$$"
	[[[OPEN]] L[[UNKNOWN]] ,[[PUNCT]] L[[UNKNOWN]] ^{\prime}[[POSTSUPERSCRIPT]] -[[ADDOP]] S[[UNKNOWN]] ][[CLOSE]] ⊕[[ADDOP]] [[[OPEN]] L[[UNKNOWN]] ,[[PUNCT]] L[[UNKNOWN]] ^{\prime}[[POSTSUPERSCRIPT]] -[[ADDOP]] S[[UNKNOWN]] +[[ADDOP]] 2[[NUMBER]] ][[CLOSE]] ⊕[[ADDOP]] ⋯[[ID]] ⊕[[ADDOP]] [[[OPEN]] L[[UNKNOWN]] ,[[PUNCT]] L[[UNKNOWN]] ^{\prime}[[POSTSUPERSCRIPT]] +[[ADDOP]] S[[UNKNOWN]] ][[CLOSE]] ⟶[[ARROW]] ⨁[[SUMOP]] _{J}[[POSTSUBSCRIPT]] N[[UNKNOWN]] ^{(k)}[[POSTSUPERSCRIPT]] _{SL}[[POSTSUBSCRIPT]]
	        > {}^{J}[[FLOATSUPERSCRIPT]] [[[OPEN]] J[[UNKNOWN]] ,[[PUNCT]] L[[UNKNOWN]] ^{\prime}[[POSTSUPERSCRIPT]] ][[CLOSE]]
Warning:not_parsed:UNKNOWN.POSTSUBSCRIPT>FLOATSUPERSCRIPT MathParser failed to match rule 'Anything'
	at 0301229.tex; line 2356 col 0 - line 2359 col 2
	In "$$n_{[l,l^{\prime}][L,L^{\prime}]}{}^{[J,J^{\prime}]}\ =\ N^{(k)}_{lL}{}^{J}n_%
	{l^{\prime}L^{\prime}}{}^{J^{\prime}}+N^{(k)}_{k-l\,L}{}^{J}n_{k+l^{\prime}\,L%
	^{\prime}}{}^{J^{\prime}}$$"
	n[[UNKNOWN]] _{[l,l^{\prime}][L,L^{\prime}]}[[POSTSUBSCRIPT]]
	        > {}^{[J,J^{\prime}]}[[FLOATSUPERSCRIPT]] =[[RELOP]] N[[UNKNOWN]] ^{(k)}[[POSTSUPERSCRIPT]] _{lL}[[POSTSUBSCRIPT]] {}^{J}[[FLOATSUPERSCRIPT]] n[[UNKNOWN]] _{l^{\prime}L^{\prime}}[[POSTSUBSCRIPT]] {}^{J^{\prime}}[[FLOATSUPERSCRIPT]] +[[ADDOP]] N[[UNKNOWN]] ^{(k)}[[POSTSUPERSCRIPT]] _{k-l\,L}[[POSTSUBSCRIPT]] {}^{J}[[FLOATSUPERSCRIPT]] n[[UNKNOWN]] _{k+l^{\prime}\,L^{\prime}}[[POSTSUBSCRIPT]] {}^{J^{\prime}}[[FLOATSUPERSCRIPT]]
Warning:not_parsed:UNKNOWN.POSTSUPERSCRIPT.POSTSUBSCRIPT>FLOATSUPERSCRIPT MathParser failed to match rule 'Anything'
	at 0301229.tex; line 2390 col 0 - line 2393 col 2
	In "$$(S+1)\ [L,\cdot]\ \longrightarrow\bigoplus_{J}N^{(k)}_{SL}{}^{J}[J,\cdot]\ %
	\ .$$"
	([[OPEN]] S[[UNKNOWN]] +[[ADDOP]] 1[[NUMBER]] )[[CLOSE]] [[[OPEN]] L[[UNKNOWN]] ,[[PUNCT]] ⋅[[MULOP]] ][[CLOSE]] ⟶[[ARROW]] ⨁[[SUMOP]] _{J}[[POSTSUBSCRIPT]] N[[UNKNOWN]] ^{(k)}[[POSTSUPERSCRIPT]] _{SL}[[POSTSUBSCRIPT]]
	        > {}^{J}[[FLOATSUPERSCRIPT]] [[[OPEN]] J[[UNKNOWN]] ,[[PUNCT]] ⋅[[MULOP]] ][[CLOSE]]
Warning:not_parsed:POSTSUBSCRIPT.RELOP.NUMBER>PUNCT MathParser failed to match rule 'Anything'
	at 0301229.tex; line 2614 col 1 - line 2615 col 34
	In "$\displaystyle 0\leq l_{1}+l_{2}\leq 1\quad,\quad 0\leq m_{1}+m_{2}\leq 1\quad%
	,\quad 0\leq l^{\prime}_{1}+l^{\prime}_{2}\leq 2$"
	0[[NUMBER]] ≤[[RELOP]] l[[UNKNOWN]] _{1}[[POSTSUBSCRIPT]] +[[ADDOP]] l[[UNKNOWN]] _{2}[[POSTSUBSCRIPT]] ≤[[RELOP]] 1[[NUMBER]]
	        > $\displaystyle0\leql_{1}+l_{2}\leq1\quad,\quad0\leqm_{1}+m_{2}\leq1\quad,\quad0\leql^{\prime}_{1}+l^{\prime}_{2}\leq2$[[PUNCT]] ,[[PUNCT]] 0[[NUMBER]] ≤[[RELOP]] m[[UNKNOWN]] _{1}[[POSTSUBSCRIPT]] +[[ADDOP]] m[[UNKNOWN]] _{2}[[POSTSUBSCRIPT]] ≤[[RELOP]] 1[[NUMBER]] $\displaystyle0\leql_{1}+l_{2}\leq1\quad,\quad0\leqm_{1}+m_{2}\leq1\quad,\quad0\leql^{\prime}_{1}+l^{\prime}_{2}\leq2$[[PUNCT]] ,[[PUNCT]] 0[[NUMBER]] ≤[[RELOP]] l[[UNKNOWN]] ^{\prime}[[POSTSUPERSCRIPT]] _{1}[[POSTSUBSCRIPT]] +[[ADDOP]] l[[UNKNOWN]] ^{\prime}[[POSTSUPERSCRIPT]] _{2}[[POSTSUBSCRIPT]] ≤[[RELOP]] 2[[NUMBER]]
Warning:not_parsed:UNKNOWN.POSTSUPERSCRIPT.POSTSUBSCRIPT>FLOATSUPERSCRIPT MathParser failed to match rule 'Anything'
	at 0301229.tex; line 2753 col 37 - line 2753 col 37
	In "\begin{multline}[L_{1},L_{2},L^{\prime}-S]\oplus[L_{1},L_{2},L^{\prime}-S+2]%
	\oplus\dots\oplus[L_{1},L_{2},L^{\prime}+S]\\
	\longrightarrow\ \bigoplus_{J}N^{(k)}_{SL_{1}}{}^{J}[J,L_{2},L^{\prime}]\ \ .%
	\end{multline}[L_{1},L_{2},L^{\prime}-S]\oplus[L_{1},L_{2},L^{\prime}-S+2]%
	\oplus\dots\oplus[L_{1},L_{2},L^{\prime}+S]\\
	\longrightarrow\ \bigoplus_{J}N^{(k)}_{SL_{1}}{}^{J}[J,L_{2},L^{\prime}]\ \ ."
	⟶[[ARROW]] ⨁[[SUMOP]] _{J}[[POSTSUBSCRIPT]] N[[UNKNOWN]] ^{(k)}[[POSTSUPERSCRIPT]] _{SL_{1}}[[POSTSUBSCRIPT]]
	        > {}^{J}[[FLOATSUPERSCRIPT]] [[[OPEN]] J[[UNKNOWN]] ,[[PUNCT]] L[[UNKNOWN]] _{2}[[POSTSUBSCRIPT]] ,[[PUNCT]] L[[UNKNOWN]] ^{\prime}[[POSTSUPERSCRIPT]] ][[CLOSE]]
Warning:not_parsed:ATOM.RELOP.ATOM>RELOP MathParser failed to match rule 'Anything'
	at 0301229.tex; line 2855 col 16 - line 2858 col 14
	In "\begin{equation}g_{L}\ :=\ \sum_{S^{\prime}}b_{SS^{\prime}}\frac{S^{{\mathfrak%
	{h}}}_{S^{\prime}0}}{S^{{\mathfrak{h}}}_{00}}\ >\ \frac{S^{{\mathfrak{g}}}_{S0%
	}}{S^{{\mathfrak{g}}}_{00}}\ =:\ g_{R}\ \ .\end{equation}"
	g[[UNKNOWN]] _{L}[[POSTSUBSCRIPT]] :=[[RELOP]] ∑[[SUMOP]] _{S^{\prime}}[[POSTSUBSCRIPT]] b[[UNKNOWN]] _{SS^{\prime}}[[POSTSUBSCRIPT]] \frac{S^{{\mathfrak{h}}}_{S^{\prime}0}}{S^{{\mathfrak{h}}}_{00}}[[UNKNOWN]] >[[RELOP]] \frac{S^{{\mathfrak{g}}}_{S0}}{S^{{\mathfrak{g}}}_{00}}[[UNKNOWN]]
	        > =[[RELOP]] :[[METARELOP]] g[[UNKNOWN]] _{R}[[POSTSUBSCRIPT]]
Warning:not_parsed:ADDOP.ADDOP>NUMBER MathParser failed to match rule 'Anything'
	at 0301229.tex; line 3009 col 35 - line 3009 col 35
	In "$-\oplus 0\!+$"
	-[[ADDOP]] ⊕[[ADDOP]]
	        > 0[[NUMBER]] +[[ADDOP]]
Warning:not_parsed:ARROW.NUMBER.ADDOP>ADDOP MathParser failed to match rule 'Anything'
	at 0301229.tex; line 3016 col 16 - line 3016 col 16
	In "$\displaystyle\longrightarrow\ {0\!+}\oplus-\!0\@@ENDINLINEMATH"
	⟶[[ARROW]]  0[[NUMBER]] +[[ADDOP]]
	        > ⊕[[ADDOP]] -[[ADDOP]] 0[[NUMBER]]
Warning:not_parsed:ARROW.NUMBER.ADDOP>ADDOP MathParser failed to match rule 'Anything'
	at 0301229.tex; line 3016 col 16 - line 3016 col 40
	In "$\displaystyle\longrightarrow\ {0\!+}\oplus-\!0$"
	⟶[[ARROW]]  0[[NUMBER]] +[[ADDOP]]
	        > ⊕[[ADDOP]] -[[ADDOP]] 0[[NUMBER]]
Warning:not_parsed:NUMBER>MULOP MathParser failed to match rule 'Anything'
	at 0301229.tex; line 3021 col 42 - line 3021 col 42
	In "$\displaystyle 2\cdot-\!0\oplus+\ \longrightarrow\ d\@@ENDINLINEMATH"
	2[[NUMBER]]
	        > ⋅[[MULOP]] -[[ADDOP]] 0[[NUMBER]] ⊕[[ADDOP]] +[[ADDOP]] ⟶[[ARROW]] d[[UNKNOWN]]
Warning:not_parsed:NUMBER>MULOP MathParser failed to match rule 'Anything'
	at 0301229.tex; line 3021 col 42 - line 3021 col 64
	In "$\displaystyle 2\cdot-\!0\oplus+\ $"
	2[[NUMBER]]
	        > ⋅[[MULOP]] -[[ADDOP]] 0[[NUMBER]] ⊕[[ADDOP]] +[[ADDOP]]
Warning:not_parsed:MULOP.NUMBER.ADDOP>ADDOP MathParser failed to match rule 'Anything'
	at 0301229.tex; line 3022 col 1 - line 3022 col 1
	In "$\displaystyle 2\cdot{0\!+}\oplus-\ \longrightarrow\ d\@@ENDINLINEMATH"
	2[[NUMBER]] ⋅[[MULOP]] 0[[NUMBER]] +[[ADDOP]]
	        > ⊕[[ADDOP]] -[[ADDOP]] ⟶[[ARROW]] d[[UNKNOWN]]
Warning:not_parsed:MULOP.NUMBER.ADDOP>ADDOP MathParser failed to match rule 'Anything'
	at 0301229.tex; line 3022 col 1 - line 3022 col 25
	In "$\displaystyle 2\cdot{0\!+}\oplus-\ $"
	2[[NUMBER]] ⋅[[MULOP]] 0[[NUMBER]] +[[ADDOP]]
	        > ⊕[[ADDOP]] -[[ADDOP]]
Warning:not_parsed:NUMBER.ADDOP>ADDOP MathParser failed to match rule 'Anything'
	at 0301229.tex; line 3043 col 45 - line 3043 col 45
	In "${{0\!+}\oplus{-\!0}}$"
	0[[NUMBER]] +[[ADDOP]]
	        > ⊕[[ADDOP]] -[[ADDOP]] 0[[NUMBER]]
Warning:not_parsed:ADDOP.ADDOP.ADDOP>NUMBER MathParser failed to match rule 'Anything'
	at 0301229.tex; line 3049 col 59 - line 3049 col 59
	In "$+\oplus-\oplus{0\!+}\oplus{-\!0}$"
	+[[ADDOP]] ⊕[[ADDOP]] -[[ADDOP]] ⊕[[ADDOP]]
	        > 0[[NUMBER]] +[[ADDOP]] ⊕[[ADDOP]] -[[ADDOP]] 0[[NUMBER]]
Warning:not_parsed:ADDOP.ADDOP.ADDOP>NUMBER MathParser failed to match rule 'Anything'
	at 0301229.tex; line 3057 col 1 - line 3057 col 1
	In "$\displaystyle+\oplus-\oplus 2\cdot{0\!+}\oplus 2\cdot{-\!0}\ \longrightarrow%
	\ 0\!+\@@ENDINLINEMATH"
	+[[ADDOP]] ⊕[[ADDOP]] -[[ADDOP]] ⊕[[ADDOP]]
	        > 2[[NUMBER]] ⋅[[MULOP]] 0[[NUMBER]] +[[ADDOP]] ⊕[[ADDOP]] 2[[NUMBER]] ⋅[[MULOP]] -[[ADDOP]] 0[[NUMBER]] ⟶[[ARROW]]  0[[NUMBER]] +[[ADDOP]]
Warning:not_parsed:ADDOP.ADDOP.ADDOP>NUMBER MathParser failed to match rule 'Anything'
	at 0301229.tex; line 3057 col 1 - line 3057 col 54
	In "$\displaystyle+\oplus-\oplus 2\cdot{0\!+}\oplus 2\cdot{-\!0}\ $"
	+[[ADDOP]] ⊕[[ADDOP]] -[[ADDOP]] ⊕[[ADDOP]]
	        > 2[[NUMBER]] ⋅[[MULOP]] 0[[NUMBER]] +[[ADDOP]] ⊕[[ADDOP]] 2[[NUMBER]] ⋅[[MULOP]] -[[ADDOP]] 0[[NUMBER]]
 35.46 sec)
Math parsing succeeded:
   ltx:XMWrap: 13/27
   ltx:XMath: 1167/1217
   ltx:XMArg: 2180/2199
Symbols assumed as simple identifiers (with # of occurences):
   'A' (2), 'Ad' (1), 'A{bold}' (1), 'A{italic}' (125), 'B{caligraphic}' (11), 'B{italic}' (114), 'C{italic}' (101), 'D' (10), 'D{italic}' (2), 'E{caligraphic}' (3), 'E{italic}' (8), 'F{italic}' (39), 'G{caligraphic}' (11), 'G{italic}' (2), 'H{caligraphic}' (21), 'H{italic}' (8), 'J{caligraphic}' (54), 'J{italic}' (74), 'L{italic}' (438), 'N{blackboard}' (1), 'N{bold italic}' (1), 'N{italic}' (184), 'Omega' (1), 'O{caligraphic}' (3), 'Q{italic}' (24), 'R' (2), 'S{caligraphic}' (1), 'S{italic}' (161), 'T{italic}' (18), 'U{italic}' (4), 'V{italic}' (22), 'X{italic}' (10), 'Y{italic}' (3), 'Z{blackboard}' (5), 'Z{italic}' (17), 'alpha' (59), 'a{italic}' (11), 'beta' (12), 'b{italic}' (19), 'chi' (17), 'c{italic}' (7), 'delta' (16), 'd{italic}' (28), 'eta' (2), 'e{italic}' (3), 'g{fraktur}' (38), 'g{italic}' (37), 'h{fraktur}' (35), 'h{italic}' (23), 'i{italic}' (6), 'j{italic}' (30), 'k{italic}' (224), 'lambda' (39), 'l{italic}' (327), 'mu' (4), 'm{italic}' (66), 'n{italic}' (72), 'omega' (44), 'o{italic}' (1), 'phi' (12), 'pi' (8), 'psi' (22), 'q{italic}' (17), 'r{italic}' (2), 's{italic}' (64), 'theta' (4), 'u{italic}' (62), 'x{italic}' (25), 'y{italic}' (2), 'z{italic}' (7)
Set MATHPARSER_SPECULATE to speculate on possible notations.
(Finalizing... 3.17 sec)
Conversion complete 75 warnings; 1 error; 1 missing file[bfpictures] (See /home/user/latex-in-arxiv/0301229.latexml.log) (reqd. 1m 18.10s)
