latexmlpost (LaTeXML version 0.8.6) paginating /home/user/latex-in-arxiv/2003/0301208.xml
Error:malformed:document Document fails RelaxNG validation (LaTeXML)
	Validation reports: /home/user/latex-in-arxiv/2003/0301208.xml:0: Relax-NG validity error : Element document has extra content: resource
	(Jing may provide a more precise report; https://relaxng.org/jclark/jing.html)
	In Post::Document[] /home/user/latex-in-arxiv/2003/0301208.xml
(post-processing...
(Scan  processing...
Scan: DBStatus: 195/0 objects
 0.06 sec)
(MakeBibliography  processing... 0.00 sec)
(CrossRef  processing...
Warning:expected:ids Missing File location for ID: S0.E14,S0.E13,S0.E1,bib.bib1,S0.E16,S0.E22,S0.E9,S0.E5,S0.E18,S0.E11,S0.E4,S0.E15,bib.bib4,bib.bib3,bib.bib2,S0.E7,S0.E6
	In Post::CrossRef[@0x5652a8f70ea8] ->process
 0.05 sec)
(MathML::Presentation  88 to process...
converted 88 Maths
 0.39 sec)
(XSLT[using LaTeXML-html5.xsl]  processing... 0.06 sec)
(Writer  processing... 0.00 sec) 0.56 sec)
Postprocessing complete 1 warning; 1 error (See /home/user/latex-in-arxiv/0301208.latexmlpost.log) (reqd. 0.80s)
