latexml (LaTeXML version 0.8.6) processing 2003/0301052.tex
(Digesting TeX 0301052...
(Loading /usr/share/perl5/LaTeXML/Package/TeX.pool.ltxml...
(Loading /usr/share/perl5/LaTeXML/Package/eTeX.pool.ltxml... 0.00 sec)
(Loading /usr/share/perl5/LaTeXML/Package/pdfTeX.pool.ltxml... 0.01 sec) 0.11 sec)
(Processing content /home/user/latex-in-arxiv/2003/0301052.tex...
(Loading /usr/share/perl5/LaTeXML/Package/LaTeX.pool.ltxml...
(Loading /usr/share/perl5/LaTeXML/Package/textcomp.sty.ltxml...
(Processing definitions /usr/share/texlive/texmf-dist/tex/latex-dev/base/ts1enc.dfu... 0.02 sec) 0.87 sec) 1.03 sec)
Info:unexpected:\documentstyle Entering LaTeX 2.09 Compatibility mode
	at 0301052.tex; line 2 col 0 - line 2 col 36
(Loading /usr/share/perl5/LaTeXML/Package/article.cls.ltxml... 0.01 sec)
(Loading /usr/share/perl5/LaTeXML/Package/revtex.sty.ltxml...
(Loading /usr/share/perl5/LaTeXML/Package/natbib.sty.ltxml... 0.01 sec)
(Loading /usr/share/perl5/LaTeXML/Package/revtex3_support.sty.ltxml...
(Loading /usr/share/perl5/LaTeXML/Package/revtex4_support.sty.ltxml...
(Loading /usr/share/perl5/LaTeXML/Package/hyperref.sty.ltxml...
(Loading /usr/share/perl5/LaTeXML/Package/keyval.sty.ltxml...
(Processing definitions /usr/share/texlive/texmf-dist/tex/latex-dev/graphics/keyval.sty... 0.01 sec) 0.01 sec)
(Loading /usr/share/perl5/LaTeXML/Package/nameref.sty.ltxml... 0.00 sec)
(Loading /usr/share/perl5/LaTeXML/Package/url.sty.ltxml... 0.00 sec) 0.05 sec)
(Loading /usr/share/perl5/LaTeXML/Package/revsymb.sty.ltxml... 0.00 sec)
(Loading /usr/share/perl5/LaTeXML/Package/longtable.sty.ltxml... 0.00 sec)
(Loading /usr/share/perl5/LaTeXML/Package/dcolumn.sty.ltxml...
(Loading /usr/share/perl5/LaTeXML/Package/array.sty.ltxml... 0.00 sec) 0.01 sec) 0.09 sec) 0.10 sec) 0.12 sec)
Info:unexpected:aps Unexpected option 'aps' passed to revtex.cls
	at 0301052.tex; line 3 col 0 - line 3 col 1
Info:unexpected:eqsecnum Unexpected option 'eqsecnum' passed to revtex.cls
	at 0301052.tex; line 3 col 0 - line 3 col 1
Info:note:OmniBus Loading OmniBus class to attempt to cover missing options
	at 0301052.tex; line 3 col 0 - line 3 col 1
(Loading /usr/share/perl5/LaTeXML/Package/OmniBus.cls.ltxml...
(Loading /usr/share/perl5/LaTeXML/Package/inst_support.sty.ltxml... 0.00 sec)
(Loading /usr/share/perl5/LaTeXML/Package/epsf.sty.ltxml... 0.00 sec)
(Loading /usr/share/perl5/LaTeXML/Package/graphicx.sty.ltxml...
(Loading /usr/share/perl5/LaTeXML/Package/graphics.sty.ltxml... 0.01 sec) 0.02 sec)
(Loading /usr/share/perl5/LaTeXML/Package/aas_macros.sty.ltxml... 0.00 sec) 0.05 sec) 5.28 sec) 5.42 sec)
(Building...
(Loading compiled schema /usr/share/perl5/LaTeXML/resources/RelaxNG/LaTeXML.model... 0.01 sec) 4.58 sec)
(Rewriting... 0.13 sec)
(Math Parsing 175 formulae ......
Warning:not_parsed:NUMBER.PUNCT.UNKNOWN>FLOATSUBSCRIPT MathParser failed to match rule 'Anything'
	at 0301052.tex; line 248 col 0 - line 251 col 14
	In "\begin{equation}\phi_{1}\ :=\ \pi-{\frac{i\hbar}{2}}\psi^{\ast}\ =\ 0\ ,\qquad%
	\phi{}_{2}\ :=\ \pi^{\ast}+{\frac{i\hbar}{2}}\psi\ =\ 0\ .\end{equation}"
	ϕ[[UNKNOWN]] _{1}[[POSTSUBSCRIPT]] :=[[RELOP]] π[[UNKNOWN]] -[[ADDOP]] \frac{i\hbar}{2}[[UNKNOWN]] ψ[[UNKNOWN]] ^{\ast}[[POSTSUPERSCRIPT]] =[[RELOP]]  0[[NUMBER]] ,[[PUNCT]] ϕ[[UNKNOWN]]
	        > {}_{2}[[FLOATSUBSCRIPT]] :=[[RELOP]] π[[UNKNOWN]] ^{\ast}[[POSTSUPERSCRIPT]] +[[ADDOP]] \frac{i\hbar}{2}[[UNKNOWN]] ψ[[UNKNOWN]] =[[RELOP]]  0[[NUMBER]]
Warning:not_parsed:UNKNOWN.POSTSUPERSCRIPT>CLOSE MathParser failed to match rule 'Anything'
	at 0301052.tex; line 278 col 58 - line 278 col 69
	In "$\pi^{\ast})$"
	π[[UNKNOWN]] ^{\ast}[[POSTSUPERSCRIPT]]
	        > )[[CLOSE]]
Warning:not_parsed:PUNCT.UNKNOWN.POSTSUBSCRIPT>CLOSE MathParser failed to match rule 'Anything'
	at 0301052.tex; line 391 col 2 - line 391 col 2
	In "$\displaystyle\{\Phi_{2},\Phi_{1}\}:=\delta({\bf r}-{\bf r^{\prime}})\ .\@@ENDINLINEMATH"
	{[[UNKNOWN]] Φ[[UNKNOWN]] _{2}[[POSTSUBSCRIPT]] ,[[PUNCT]] Φ[[UNKNOWN]] _{1}[[POSTSUBSCRIPT]]
	        > \}[[CLOSE]] :=[[RELOP]] δ[[UNKNOWN]] ([[OPEN]] r[[UNKNOWN]] -[[ADDOP]] r[[UNKNOWN]] ^{\prime}[[POSTSUPERSCRIPT]] )[[CLOSE]]
Warning:not_parsed:PUNCT.UNKNOWN.POSTSUBSCRIPT>CLOSE MathParser failed to match rule 'Anything'
	at 0301052.tex; line 391 col 2 - line 391 col 27
	In "$\displaystyle\{\Phi_{2},\Phi_{1}\}:=$"
	{[[UNKNOWN]] Φ[[UNKNOWN]] _{2}[[POSTSUBSCRIPT]] ,[[PUNCT]] Φ[[UNKNOWN]] _{1}[[POSTSUBSCRIPT]]
	        > \}[[CLOSE]] :=[[RELOP]]
Warning:not_parsed:PUNCT.UNKNOWN.POSTSUBSCRIPT>CLOSE MathParser failed to match rule 'Anything'
	at 0301052.tex; line 413 col 51 - line 413 col 67
	In "$Q_{1,2},P_{1,2})$"
	Q[[UNKNOWN]] _{1,2}[[POSTSUBSCRIPT]] ,[[PUNCT]] P[[UNKNOWN]] _{1,2}[[POSTSUBSCRIPT]]
	        > )[[CLOSE]]
Warning:not_parsed:PUNCT.UNKNOWN.POSTSUBSCRIPT>CLOSE MathParser failed to match rule 'Anything'
	at 0301052.tex; line 414 col 50 - line 414 col 62
	In "$Q_{1},P_{1})$"
	Q[[UNKNOWN]] _{1}[[POSTSUBSCRIPT]] ,[[PUNCT]] P[[UNKNOWN]] _{1}[[POSTSUBSCRIPT]]
	        > )[[CLOSE]]
 5.04 sec)
Math parsing succeeded:
   ltx:XMArg: 624/624
   ltx:XMath: 169/175
Symbols assumed as simple identifiers (with # of occurences):
   '"' (1), 'Delta' (7), 'F{italic}' (1), 'H{caligraphic}' (23), 'H{italic}' (7), 'J{italic}' (1), 'L{caligraphic}' (10), 'L{italic}' (2), 'Phi' (16), 'Psi' (1), 'P{italic}' (18), 'Q{italic}' (7), 'S{italic}' (12), 'V{italic}' (16), 'delta' (45), 'd{italic}' (30), 'f{italic}' (18), 'g{italic}' (14), 'i{italic}' (38), 'j{italic}' (5), 'l{italic}' (1), 'm{italic}' (21), 'omega' (3), 'phi' (23), 'pi' (69), 'psi' (119), 'p{italic}' (24), 'q{italic}' (22), 'r{bold}' (123), 't{italic}' (24), 'xi' (4), '{' (4)
Set MATHPARSER_SPECULATE to speculate on possible notations.
(Finalizing... 0.42 sec)
Conversion complete 6 warnings (See /home/user/latex-in-arxiv/0301052.latexml.log) (reqd. 16.04s)
