latexml (LaTeXML version 0.8.6) processing 2003/0301206.tex
(Digesting TeX 0301206...
(Loading /usr/share/perl5/LaTeXML/Package/TeX.pool.ltxml...
(Loading /usr/share/perl5/LaTeXML/Package/eTeX.pool.ltxml... 0.01 sec)
(Loading /usr/share/perl5/LaTeXML/Package/pdfTeX.pool.ltxml... 0.01 sec) 0.20 sec)
(Processing content /home/user/latex-in-arxiv/2003/0301206.tex...
(Loading /usr/share/perl5/LaTeXML/Package/LaTeX.pool.ltxml...
(Loading /usr/share/perl5/LaTeXML/Package/textcomp.sty.ltxml...
(Processing definitions /usr/share/texlive/texmf-dist/tex/latex-dev/base/ts1enc.dfu... 0.04 sec) 1.64 sec) 1.94 sec)
(Loading /usr/share/perl5/LaTeXML/Package/article.cls.ltxml... 0.01 sec)
(Loading /usr/share/perl5/LaTeXML/Package/amssymb.sty.ltxml...
(Loading /usr/share/perl5/LaTeXML/Package/amsfonts.sty.ltxml... 0.00 sec) 0.03 sec)
(Loading /usr/share/perl5/LaTeXML/Package/amsmath.sty.ltxml...
(Loading /usr/share/perl5/LaTeXML/Package/amsbsy.sty.ltxml...
(Loading /usr/share/perl5/LaTeXML/Package/amsgen.sty.ltxml... 0.01 sec) 0.01 sec)
(Loading /usr/share/perl5/LaTeXML/Package/amstext.sty.ltxml... 0.01 sec)
(Loading /usr/share/perl5/LaTeXML/Package/amsopn.sty.ltxml... 0.01 sec) 0.07 sec)
(Loading /usr/share/perl5/LaTeXML/Package/epsfig.sty.ltxml...
(Loading /usr/share/perl5/LaTeXML/Package/graphicx.sty.ltxml...
(Loading /usr/share/perl5/LaTeXML/Package/graphics.sty.ltxml... 0.01 sec) 0.02 sec) 0.05 sec)
Info:unexpected:titlepage When using titlepage, Frontmatter will not be well-structured
	at 0301206.tex; line 131 col 0 - line 131 col 17
 19.88 sec) 20.19 sec)
(Building...
(Loading compiled schema /usr/share/perl5/LaTeXML/resources/RelaxNG/LaTeXML.model... 0.02 sec) 23.13 sec)
(Rewriting... 0.94 sec)
(Math Parsing 858 formulae ......
Warning:not_parsed:UNKNOWN.POSTSUPERSCRIPT.CLOSE>PUNCT MathParser failed to match rule 'Anything'
	at 0301206.tex; line 346 col 0 - line 351 col 14
	In "\begin{equation}\tilde{x}^{2k-1}+i\tilde{x}^{2k}=(x^{2k-1}+ix^{2k})\exp\left(-%
	ia_{k}\beta x^{+}\right)\ \ ,\ \ k=1,...,n,\end{equation}"
	\tilde{x}[[UNKNOWN]] ^{2k-1}[[POSTSUPERSCRIPT]] +[[ADDOP]] i[[UNKNOWN]] \tilde{x}[[UNKNOWN]] ^{2k}[[POSTSUPERSCRIPT]] =[[RELOP]] ([[OPEN]] x[[UNKNOWN]] ^{2k-1}[[POSTSUPERSCRIPT]] +[[ADDOP]] i[[UNKNOWN]] x[[UNKNOWN]] ^{2k}[[POSTSUPERSCRIPT]] )[[CLOSE]] exp[[OPFUNCTION]] \left([[OPEN]] -[[ADDOP]] i[[UNKNOWN]] a[[UNKNOWN]] _{k}[[POSTSUBSCRIPT]] β[[UNKNOWN]] x[[UNKNOWN]] ^{+}[[POSTSUPERSCRIPT]] \right)[[CLOSE]]
	        > \begin{equation}\tilde{x}^{2k-1}+i\tilde{x}^{2k}=(x^{2k-1}+ix^{2k})\exp\left(-ia_{k}\betax^{+}\right)\ \ ,\ \ k=1,...,n,\end{equation}[[PUNCT]] ,[[PUNCT]] k[[UNKNOWN]] =[[RELOP]] 1[[NUMBER]] ,[[PUNCT]] ...[[ID]] ,[[PUNCT]] n[[UNKNOWN]]
Warning:not_parsed:RELOP.UNKNOWN.POSTSUBSCRIPT>PUNCT MathParser failed to match rule 'Anything'
	at 0301206.tex; line 363 col 0 - line 367 col 14
	In "\begin{equation}J_{2k-1,2k}=-J_{2k,2k-1}=a_{k}\ \ ,\ \ k=1,...,n.\end{equation}"
	J[[UNKNOWN]] _{2k-1,2k}[[POSTSUBSCRIPT]] =[[RELOP]] -[[ADDOP]] J[[UNKNOWN]] _{2k,2k-1}[[POSTSUBSCRIPT]] =[[RELOP]] a[[UNKNOWN]] _{k}[[POSTSUBSCRIPT]]
	        > \begin{equation}J_{2k-1,2k}=-J_{2k,2k-1}=a_{k}\ \ ,\ \ k=1,...,n.\end{equation}[[PUNCT]] ,[[PUNCT]] k[[UNKNOWN]] =[[RELOP]] 1[[NUMBER]] ,[[PUNCT]] ...[[ID]] ,[[PUNCT]] n[[UNKNOWN]]
Warning:not_parsed:POSTSUBSCRIPT.UNKNOWN.POSTSUPERSCRIPT>PUNCT MathParser failed to match rule 'Anything'
	at 0301206.tex; line 382 col 0 - line 388 col 14
	In "\begin{equation}B_{iy}=\beta\sum_{j=1}^{2n}J_{ij}x^{j}\ \ ,\ \ \ \ H_{ijy}=-2%
	\beta J_{ij}\ \ ,\ \ i,j=1,...,2n.\end{equation}"
	B[[UNKNOWN]] _{iy}[[POSTSUBSCRIPT]] =[[RELOP]] β[[UNKNOWN]] ∑[[SUMOP]] _{j=1}[[POSTSUBSCRIPT]] ^{2n}[[POSTSUPERSCRIPT]] J[[UNKNOWN]] _{ij}[[POSTSUBSCRIPT]] x[[UNKNOWN]] ^{j}[[POSTSUPERSCRIPT]]
	        > \begin{equation}B_{iy}=\beta\sum_{j=1}^{2n}J_{ij}x^{j}\ \ ,\ \ \ \ H_{ijy}=-2\betaJ_{ij}\ \ ,\ \ i,j=1,...,2n.\end{equation}[[PUNCT]] ,[[PUNCT]] H[[UNKNOWN]] _{ijy}[[POSTSUBSCRIPT]] =[[RELOP]] -[[ADDOP]] 2[[NUMBER]] β[[UNKNOWN]] J[[UNKNOWN]] _{ij}[[POSTSUBSCRIPT]] \begin{equation}B_{iy}=\beta\sum_{j=1}^{2n}J_{ij}x^{j}\ \ ,\ \ \ \ H_{ijy}=-2\betaJ_{ij}\ \ ,\ \ i,j=1,...,2n.\end{equation}[[PUNCT]] ,[[PUNCT]] i[[UNKNOWN]] ,[[PUNCT]] j[[UNKNOWN]] =[[RELOP]] 1[[NUMBER]] ,[[PUNCT]] ...[[ID]] ,[[PUNCT]] 2[[NUMBER]] n[[UNKNOWN]]
Warning:not_parsed:POSTSUBSCRIPT.UNKNOWN.POSTSUPERSCRIPT>PUNCT MathParser failed to match rule 'Anything'
	at 0301206.tex; line 463 col 0 - line 469 col 14
	In "\begin{equation}A_{i}=\beta\sum_{j=1}^{2n}J_{ij}x^{j}\ \ ,\ \ \ \ F_{ij}=-2%
	\beta J_{ij}\ \ ,\ \ i,j=1,...,2n.\end{equation}"
	A[[UNKNOWN]] _{i}[[POSTSUBSCRIPT]] =[[RELOP]] β[[UNKNOWN]] ∑[[SUMOP]] _{j=1}[[POSTSUBSCRIPT]] ^{2n}[[POSTSUPERSCRIPT]] J[[UNKNOWN]] _{ij}[[POSTSUBSCRIPT]] x[[UNKNOWN]] ^{j}[[POSTSUPERSCRIPT]]
	        > \begin{equation}A_{i}=\beta\sum_{j=1}^{2n}J_{ij}x^{j}\ \ ,\ \ \ \ F_{ij}=-2\betaJ_{ij}\ \ ,\ \ i,j=1,...,2n.\end{equation}[[PUNCT]] ,[[PUNCT]] F[[UNKNOWN]] _{ij}[[POSTSUBSCRIPT]] =[[RELOP]] -[[ADDOP]] 2[[NUMBER]] β[[UNKNOWN]] J[[UNKNOWN]] _{ij}[[POSTSUBSCRIPT]] \begin{equation}A_{i}=\beta\sum_{j=1}^{2n}J_{ij}x^{j}\ \ ,\ \ \ \ F_{ij}=-2\betaJ_{ij}\ \ ,\ \ i,j=1,...,2n.\end{equation}[[PUNCT]] ,[[PUNCT]] i[[UNKNOWN]] ,[[PUNCT]] j[[UNKNOWN]] =[[RELOP]] 1[[NUMBER]] ,[[PUNCT]] ...[[ID]] ,[[PUNCT]] 2[[NUMBER]] n[[UNKNOWN]]
Warning:not_parsed:POSTSUBSCRIPT.UNKNOWN.POSTSUPERSCRIPT>PUNCT MathParser failed to match rule 'Anything'
	at 0301206.tex; line 517 col 0 - line 520 col 14
	In "\begin{equation}x^{2k-1}+ix^{2k}=\rho_{k}e^{i\phi_{k}}\ \ ,\ \ k=1,...,n.\end{equation}"
	x[[UNKNOWN]] ^{2k-1}[[POSTSUPERSCRIPT]] +[[ADDOP]] i[[UNKNOWN]] x[[UNKNOWN]] ^{2k}[[POSTSUPERSCRIPT]] =[[RELOP]] ρ[[UNKNOWN]] _{k}[[POSTSUBSCRIPT]] e[[UNKNOWN]] ^{i\phi_{k}}[[POSTSUPERSCRIPT]]
	        > \begin{equation}x^{2k-1}+ix^{2k}=\rho_{k}e^{i\phi_{k}}\ \ ,\ \ k=1,...,n.\end{equation}[[PUNCT]] ,[[PUNCT]] k[[UNKNOWN]] =[[RELOP]] 1[[NUMBER]] ,[[PUNCT]] ...[[ID]] ,[[PUNCT]] n[[UNKNOWN]]
Warning:not_parsed:UNKNOWN.POSTSUBSCRIPT.POSTSUPERSCRIPT>PUNCT MathParser failed to match rule 'Anything'
	at 0301206.tex; line 533 col 0 - line 540 col 14
	In "\begin{equation}R^{t}_{\ t}=-2\sum_{i=1}^{n}c_{i}^{2},\ \ ,\ \ \ \ R^{\rho_{i}%
	}_{\ \rho_{i}}=R^{\phi_{i}}_{\ \phi_{i}}=2c_{i}^{2},\ \ ,\ \ \ \ R^{t}_{\ \phi%
	_{i}}=-2c_{i}\rho_{i}^{2}\left(c_{i}^{2}+\sum_{j=1}^{n}c_{j}^{2}\right).\end{equation}"
	R[[UNKNOWN]] ^{t}[[POSTSUPERSCRIPT]] _{\ t}[[POSTSUBSCRIPT]] =[[RELOP]] -[[ADDOP]] 2[[NUMBER]] ∑[[SUMOP]] _{i=1}[[POSTSUBSCRIPT]] ^{n}[[POSTSUPERSCRIPT]] c[[UNKNOWN]] _{i}[[POSTSUBSCRIPT]] ^{2}[[POSTSUPERSCRIPT]]
	        > ,[[PUNCT]] ,[[PUNCT]] R[[UNKNOWN]] ^{\rho_{i}}[[POSTSUPERSCRIPT]] _{\ \rho_{i}}[[POSTSUBSCRIPT]] =[[RELOP]] R[[UNKNOWN]] ^{\phi_{i}}[[POSTSUPERSCRIPT]] _{\ \phi_{i}}[[POSTSUBSCRIPT]] =[[RELOP]] 2[[NUMBER]] c[[UNKNOWN]] _{i}[[POSTSUBSCRIPT]] ^{2}[[POSTSUPERSCRIPT]] ,[[PUNCT]] ,[[PUNCT]] R[[UNKNOWN]] ^{t}[[POSTSUPERSCRIPT]] _{\ \phi_{i}}[[POSTSUBSCRIPT]] =[[RELOP]] -[[ADDOP]] 2[[NUMBER]] c[[UNKNOWN]] _{i}[[POSTSUBSCRIPT]] ρ[[UNKNOWN]] _{i}[[POSTSUBSCRIPT]] ^{2}[[POSTSUPERSCRIPT]] \left([[OPEN]] c[[UNKNOWN]] _{i}[[POSTSUBSCRIPT]] ^{2}[[POSTSUPERSCRIPT]] +[[ADDOP]] ∑[[SUMOP]] _{j=1}[[POSTSUBSCRIPT]] ^{n}[[POSTSUPERSCRIPT]] c[[UNKNOWN]] _{j}[[POSTSUBSCRIPT]] ^{2}[[POSTSUPERSCRIPT]] \right)[[CLOSE]]
Warning:not_parsed:UNKNOWN.POSTSUPERSCRIPT.POSTSUBSCRIPT>PUNCT MathParser failed to match rule 'Anything'
	at 0301206.tex; line 568 col 0 - line 574 col 14
	In "\begin{equation}R^{\mu}_{\ \nu}=K^{\mu}_{\ \nu}\ \ ,\ \ \ \ K^{\mu}_{\ \nu}%
	\equiv\frac{1}{2}\left(\frac{1}{3!}F^{\mu\sigma\xi\kappa}F_{\nu\sigma\xi\kappa%
	}-\frac{1}{3}\delta^{\mu}_{\nu}\frac{1}{4!}(F_{(4)})^{2}\right).\end{equation}"
	R[[UNKNOWN]] ^{\mu}[[POSTSUPERSCRIPT]] _{\ \nu}[[POSTSUBSCRIPT]] =[[RELOP]] K[[UNKNOWN]] ^{\mu}[[POSTSUPERSCRIPT]] _{\ \nu}[[POSTSUBSCRIPT]]
	        > \begin{equation}R^{\mu}_{\ \nu}=K^{\mu}_{\ \nu}\ \ ,\ \ \ \ K^{\mu}_{\ \nu}\equiv\frac{1}{2}\left(\frac{1}{3!}F^{\mu\sigma\xi\kappa}F_{\nu\sigma\xi\kappa}-\frac{1}{3}\delta^{\mu}_{\nu}\frac{1}{4!}(F_{(4)})^{2}\right).\end{equation}[[PUNCT]] ,[[PUNCT]] K[[UNKNOWN]] ^{\mu}[[POSTSUPERSCRIPT]] _{\ \nu}[[POSTSUBSCRIPT]] ≡[[RELOP]] \frac{1}{2}[[UNKNOWN]] \left([[OPEN]] \frac{1}{3!}[[UNKNOWN]] F[[UNKNOWN]] ^{\mu\sigma\xi\kappa}[[POSTSUPERSCRIPT]] F[[UNKNOWN]] _{\nu\sigma\xi\kappa}[[POSTSUBSCRIPT]] -[[ADDOP]] \frac{1}{3}[[UNKNOWN]] δ[[UNKNOWN]] ^{\mu}[[POSTSUPERSCRIPT]] _{\nu}[[POSTSUBSCRIPT]] \frac{1}{4!}[[UNKNOWN]] ([[OPEN]] F[[UNKNOWN]] _{(4)}[[POSTSUBSCRIPT]] )[[CLOSE]] ^{2}[[POSTSUPERSCRIPT]] \right)[[CLOSE]]
Warning:not_parsed:ADDOP.UNKNOWN.POSTSUBSCRIPT>PUNCT MathParser failed to match rule 'Anything'
	at 0301206.tex; line 579 col 0 - line 584 col 14
	In "\begin{equation}d*F_{(4)}=-\frac{1}{2}F_{(4)}\wedge F_{(4)}\ \ ,\ \ \ \ dF_{(4%
	)}=0.\end{equation}"
	d[[UNKNOWN]] *[[MULOP]] F[[UNKNOWN]] _{(4)}[[POSTSUBSCRIPT]] =[[RELOP]] -[[ADDOP]] \frac{1}{2}[[UNKNOWN]] F[[UNKNOWN]] _{(4)}[[POSTSUBSCRIPT]] ∧[[ADDOP]] F[[UNKNOWN]] _{(4)}[[POSTSUBSCRIPT]]
	        > \begin{equation}d*F_{(4)}=-\frac{1}{2}F_{(4)}\wedgeF_{(4)}\ \ ,\ \ \ \ dF_{(4)}=0.\end{equation}[[PUNCT]] ,[[PUNCT]] d[[UNKNOWN]] F[[UNKNOWN]] _{(4)}[[POSTSUBSCRIPT]] =[[RELOP]] 0[[NUMBER]]
Warning:not_parsed:POSTSUBSCRIPT.UNKNOWN.POSTSUBSCRIPT>PUNCT MathParser failed to match rule 'Anything'
	at 0301206.tex; line 625 col 0 - line 632 col 14
	In "\begin{equation}K^{t}_{\ t}=-\frac{1}{12}\sum_{i}b_{i}\ \ ,\ \ \ \ K^{t}_{\ %
	\phi_{i}}=-\frac{1}{2}c_{i}\rho_{i}^{2}b_{i},\ \ ,\ \ \ \ K^{\rho_{i}}_{\ \rho%
	_{i}}=K^{\phi_{i}}_{\ \phi_{i}}=\frac{1}{2}b_{i}-\frac{1}{12}\sum_{j}b_{j}.\end{equation}"
	K[[UNKNOWN]] ^{t}[[POSTSUPERSCRIPT]] _{\ t}[[POSTSUBSCRIPT]] =[[RELOP]] -[[ADDOP]] \frac{1}{12}[[UNKNOWN]] ∑[[SUMOP]] _{i}[[POSTSUBSCRIPT]] b[[UNKNOWN]] _{i}[[POSTSUBSCRIPT]]
	        > \begin{equation}K^{t}_{\ t}=-\frac{1}{12}\sum_{i}b_{i}\ \ ,\ \ \ \ K^{t}_{\ \phi_{i}}=-\frac{1}{2}c_{i}\rho_{i}^{2}b_{i},\ \ ,\ \ \ \ K^{\rho_{i}}_{\ \rho_{i}}=K^{\phi_{i}}_{\ \phi_{i}}=\frac{1}{2}b_{i}-\frac{1}{12}\sum_{j}b_{j}.\end{equation}[[PUNCT]] ,[[PUNCT]] K[[UNKNOWN]] ^{t}[[POSTSUPERSCRIPT]] _{\ \phi_{i}}[[POSTSUBSCRIPT]] =[[RELOP]] -[[ADDOP]] \frac{1}{2}[[UNKNOWN]] c[[UNKNOWN]] _{i}[[POSTSUBSCRIPT]] ρ[[UNKNOWN]] _{i}[[POSTSUBSCRIPT]] ^{2}[[POSTSUPERSCRIPT]] b[[UNKNOWN]] _{i}[[POSTSUBSCRIPT]] ,[[PUNCT]] ,[[PUNCT]] K[[UNKNOWN]] ^{\rho_{i}}[[POSTSUPERSCRIPT]] _{\ \rho_{i}}[[POSTSUBSCRIPT]] =[[RELOP]] K[[UNKNOWN]] ^{\phi_{i}}[[POSTSUPERSCRIPT]] _{\ \phi_{i}}[[POSTSUBSCRIPT]] =[[RELOP]] \frac{1}{2}[[UNKNOWN]] b[[UNKNOWN]] _{i}[[POSTSUBSCRIPT]] -[[ADDOP]] \frac{1}{12}[[UNKNOWN]] ∑[[SUMOP]] _{j}[[POSTSUBSCRIPT]] b[[UNKNOWN]] _{j}[[POSTSUBSCRIPT]]
Warning:not_parsed:UNKNOWN.POSTSUBSCRIPT.CLOSE>PUNCT MathParser failed to match rule 'Anything'
	at 0301206.tex; line 706 col 0 - line 709 col 14
	In "\begin{equation}(c_{1},c_{2},c_{3},c_{4},c_{5})\ \ ,\ \ \ \ (a_{12},a_{13},a_{%
	14},a_{15},a_{23},a_{24},a_{25},a_{34},a_{35},a_{45}),\end{equation}"
	([[OPEN]] c[[UNKNOWN]] _{1}[[POSTSUBSCRIPT]] ,[[PUNCT]] c[[UNKNOWN]] _{2}[[POSTSUBSCRIPT]] ,[[PUNCT]] c[[UNKNOWN]] _{3}[[POSTSUBSCRIPT]] ,[[PUNCT]] c[[UNKNOWN]] _{4}[[POSTSUBSCRIPT]] ,[[PUNCT]] c[[UNKNOWN]] _{5}[[POSTSUBSCRIPT]] )[[CLOSE]]
	        > \begin{equation}(c_{1},c_{2},c_{3},c_{4},c_{5})\ \ ,\ \ \ \ (a_{12},a_{13},a_{14},a_{15},a_{23},a_{24},a_{25},a_{34},a_{35},a_{45}),\end{equation}[[PUNCT]] ,[[PUNCT]] ([[OPEN]] a[[UNKNOWN]] _{12}[[POSTSUBSCRIPT]] ,[[PUNCT]] a[[UNKNOWN]] _{13}[[POSTSUBSCRIPT]] ,[[PUNCT]] a[[UNKNOWN]] _{14}[[POSTSUBSCRIPT]] ,[[PUNCT]] a[[UNKNOWN]] _{15}[[POSTSUBSCRIPT]] ,[[PUNCT]] a[[UNKNOWN]] _{23}[[POSTSUBSCRIPT]] ,[[PUNCT]] a[[UNKNOWN]] _{24}[[POSTSUBSCRIPT]] ,[[PUNCT]] a[[UNKNOWN]] _{25}[[POSTSUBSCRIPT]] ,[[PUNCT]] a[[UNKNOWN]] _{34}[[POSTSUBSCRIPT]] ,[[PUNCT]] a[[UNKNOWN]] _{35}[[POSTSUBSCRIPT]] ,[[PUNCT]] a[[UNKNOWN]] _{45}[[POSTSUBSCRIPT]] )[[CLOSE]]
Warning:not_parsed:RELOP.UNKNOWN.POSTSUPERSCRIPT>PUNCT MathParser failed to match rule 'Anything'
	at 0301206.tex; line 738 col 0 - line 745 col 14
	In "\begin{equation}J_{1}=\Gamma^{012}\ \ ,\ \ \ \ J_{2}=\Gamma^{034}\ \ ,\ \ \ \ %
	J_{3}=\Gamma^{056}\ \ ,\ \ \ \ J_{4}=\Gamma^{078}\ \ ,\ \ \ \ J_{5}=\Gamma^{09%
	\sharp}.\end{equation}"
	J[[UNKNOWN]] _{1}[[POSTSUBSCRIPT]] =[[RELOP]] Γ[[UNKNOWN]] ^{012}[[POSTSUPERSCRIPT]]
	        > \begin{equation}J_{1}=\Gamma^{012}\ \ ,\ \ \ \ J_{2}=\Gamma^{034}\ \ ,\ \ \ \ J_{3}=\Gamma^{056}\ \ ,\ \ \ \ J_{4}=\Gamma^{078}\ \ ,\ \ \ \ J_{5}=\Gamma^{09\sharp}.\end{equation}[[PUNCT]] ,[[PUNCT]] J[[UNKNOWN]] _{2}[[POSTSUBSCRIPT]] =[[RELOP]] Γ[[UNKNOWN]] ^{034}[[POSTSUPERSCRIPT]] \begin{equation}J_{1}=\Gamma^{012}\ \ ,\ \ \ \ J_{2}=\Gamma^{034}\ \ ,\ \ \ \ J_{3}=\Gamma^{056}\ \ ,\ \ \ \ J_{4}=\Gamma^{078}\ \ ,\ \ \ \ J_{5}=\Gamma^{09\sharp}.\end{equation}[[PUNCT]] ,[[PUNCT]] J[[UNKNOWN]] _{3}[[POSTSUBSCRIPT]] =[[RELOP]] Γ[[UNKNOWN]] ^{056}[[POSTSUPERSCRIPT]] \begin{equation}J_{1}=\Gamma^{012}\ \ ,\ \ \ \ J_{2}=\Gamma^{034}\ \ ,\ \ \ \ J_{3}=\Gamma^{056}\ \ ,\ \ \ \ J_{4}=\Gamma^{078}\ \ ,\ \ \ \ J_{5}=\Gamma^{09\sharp}.\end{equation}[[PUNCT]] ,[[PUNCT]] J[[UNKNOWN]] _{4}[[POSTSUBSCRIPT]] =[[RELOP]] Γ[[UNKNOWN]] ^{078}[[POSTSUPERSCRIPT]] \begin{equation}J_{1}=\Gamma^{012}\ \ ,\ \ \ \ J_{2}=\Gamma^{034}\ \ ,\ \ \ \ J_{3}=\Gamma^{056}\ \ ,\ \ \ \ J_{4}=\Gamma^{078}\ \ ,\ \ \ \ J_{5}=\Gamma^{09\sharp}.\end{equation}[[PUNCT]] ,[[PUNCT]] J[[UNKNOWN]] _{5}[[POSTSUBSCRIPT]] =[[RELOP]] Γ[[UNKNOWN]] ^{09\sharp}[[POSTSUPERSCRIPT]]
Warning:not_parsed:UNKNOWN.UNKNOWN.POSTSUPERSCRIPT>PUNCT MathParser failed to match rule 'Anything'
	at 0301206.tex; line 784 col 0 - line 791 col 14
	In "\begin{equation}\partial_{2k-1}\eta^{(s_{1},s_{2},s_{3},s_{4})}=\Gamma^{0}%
	\Gamma^{2k}L\eta^{(s_{1},s_{2},s_{3},s_{4})}\ \ ,\ \ \ \ \partial_{2k}\eta^{(s%
	_{1},s_{2},s_{3},s_{4})}=-\Gamma^{0}\Gamma^{2k-1}L\eta^{(s_{1},s_{2},s_{3},s_{%
	4})},\end{equation}"
	∂[[OPERATOR]] _{2k-1}[[POSTSUBSCRIPT]] η[[UNKNOWN]] ^{(s_{1},s_{2},s_{3},s_{4})}[[POSTSUPERSCRIPT]] =[[RELOP]] Γ[[UNKNOWN]] ^{0}[[POSTSUPERSCRIPT]] Γ[[UNKNOWN]] ^{2k}[[POSTSUPERSCRIPT]] L[[UNKNOWN]] η[[UNKNOWN]] ^{(s_{1},s_{2},s_{3},s_{4})}[[POSTSUPERSCRIPT]]
	        > \begin{equation}\partial_{2k-1}\eta^{(s_{1},s_{2},s_{3},s_{4})}=\Gamma^{0}\Gamma^{2k}L\eta^{(s_{1},s_{2},s_{3},s_{4})}\ \ ,\ \ \ \ \partial_{2k}\eta^{(s_{1},s_{2},s_{3},s_{4})}=-\Gamma^{0}\Gamma^{2k-1}L\eta^{(s_{1},s_{2},s_{3},s_{4})},\end{equation}[[PUNCT]] ,[[PUNCT]] ∂[[OPERATOR]] _{2k}[[POSTSUBSCRIPT]] η[[UNKNOWN]] ^{(s_{1},s_{2},s_{3},s_{4})}[[POSTSUPERSCRIPT]] =[[RELOP]] -[[ADDOP]] Γ[[UNKNOWN]] ^{0}[[POSTSUPERSCRIPT]] Γ[[UNKNOWN]] ^{2k-1}[[POSTSUPERSCRIPT]] L[[UNKNOWN]] η[[UNKNOWN]] ^{(s_{1},s_{2},s_{3},s_{4})}[[POSTSUPERSCRIPT]]
Warning:not_parsed:POSTSUBSCRIPT.UNKNOWN.POSTSUBSCRIPT>PUNCT MathParser failed to match rule 'Anything'
	at 0301206.tex; line 800 col 0 - line 805 col 14
	In "\begin{equation}6\sum_{i=1}c_{i}s_{i}=\sum_{i<j}a_{ij}s_{i}s_{j}\ \ ,\ \ \ \ L%
	\left(\eta^{(s_{1},s_{2},s_{3},s_{4})}-\eta_{0}^{(s_{1},s_{2},s_{3},s_{4})}%
	\right)=0,\end{equation}"
	6[[NUMBER]] ∑[[SUMOP]] _{i=1}[[POSTSUBSCRIPT]] c[[UNKNOWN]] _{i}[[POSTSUBSCRIPT]] s[[UNKNOWN]] _{i}[[POSTSUBSCRIPT]] =[[RELOP]] ∑[[SUMOP]] _{i<j}[[POSTSUBSCRIPT]] a[[UNKNOWN]] _{ij}[[POSTSUBSCRIPT]] s[[UNKNOWN]] _{i}[[POSTSUBSCRIPT]] s[[UNKNOWN]] _{j}[[POSTSUBSCRIPT]]
	        > \begin{equation}6\sum_{i=1}c_{i}s_{i}=\sum_{i<j}a_{ij}s_{i}s_{j}\ \ ,\ \ \ \ L\left(\eta^{(s_{1},s_{2},s_{3},s_{4})}-\eta_{0}^{(s_{1},s_{2},s_{3},s_{4})}\right)=0,\end{equation}[[PUNCT]] ,[[PUNCT]] L[[UNKNOWN]] \left([[OPEN]] η[[UNKNOWN]] ^{(s_{1},s_{2},s_{3},s_{4})}[[POSTSUPERSCRIPT]] -[[ADDOP]] η[[UNKNOWN]] _{0}[[POSTSUBSCRIPT]] ^{(s_{1},s_{2},s_{3},s_{4})}[[POSTSUPERSCRIPT]] \right)[[CLOSE]] =[[RELOP]] 0[[NUMBER]]
Warning:not_parsed:ADDOP.NUMBER.UNKNOWN>PUNCT MathParser failed to match rule 'Anything'
	at 0301206.tex; line 905 col 0 - line 910 col 14
	In "\begin{equation}H_{12y}=H_{34y}=-2\beta\ \ ,\ \ \ \ F_{1256}=F_{1278}=F_{3456}%
	=F_{3478}=-2\beta,\end{equation}"
	H[[UNKNOWN]] _{12y}[[POSTSUBSCRIPT]] =[[RELOP]] H[[UNKNOWN]] _{34y}[[POSTSUBSCRIPT]] =[[RELOP]] -[[ADDOP]] 2[[NUMBER]] β[[UNKNOWN]]
	        > \begin{equation}H_{12y}=H_{34y}=-2\beta\ \ ,\ \ \ \ F_{1256}=F_{1278}=F_{3456}=F_{3478}=-2\beta,\end{equation}[[PUNCT]] ,[[PUNCT]] F[[UNKNOWN]] _{1256}[[POSTSUBSCRIPT]] =[[RELOP]] F[[UNKNOWN]] _{1278}[[POSTSUBSCRIPT]] =[[RELOP]] F[[UNKNOWN]] _{3456}[[POSTSUBSCRIPT]] =[[RELOP]] F[[UNKNOWN]] _{3478}[[POSTSUBSCRIPT]] =[[RELOP]] -[[ADDOP]] 2[[NUMBER]] β[[UNKNOWN]]
Warning:not_parsed:PUNCT.NUMBER.CLOSE>PUNCT MathParser failed to match rule 'Anything'
	at 0301206.tex; line 937 col 0 - line 939 col 14
	In "\begin{equation}(1,1,0,0,0)\ \ ,\ \ \ \ (0,-2,-2,-2,-2,-2,-2,0,0,0).\end{equation}"
	([[OPEN]] 1[[NUMBER]] ,[[PUNCT]] 1[[NUMBER]] ,[[PUNCT]] 0[[NUMBER]] ,[[PUNCT]] 0[[NUMBER]] ,[[PUNCT]] 0[[NUMBER]] )[[CLOSE]]
	        > \begin{equation}(1,1,0,0,0)\ \ ,\ \ \ \ (0,-2,-2,-2,-2,-2,-2,0,0,0).\end{equation}[[PUNCT]] ,[[PUNCT]] ([[OPEN]] 0[[NUMBER]] ,[[PUNCT]] -[[ADDOP]] 2[[NUMBER]] ,[[PUNCT]] -[[ADDOP]] 2[[NUMBER]] ,[[PUNCT]] -[[ADDOP]] 2[[NUMBER]] ,[[PUNCT]] -[[ADDOP]] 2[[NUMBER]] ,[[PUNCT]] -[[ADDOP]] 2[[NUMBER]] ,[[PUNCT]] -[[ADDOP]] 2[[NUMBER]] ,[[PUNCT]] 0[[NUMBER]] ,[[PUNCT]] 0[[NUMBER]] ,[[PUNCT]] 0[[NUMBER]] )[[CLOSE]]
Warning:not_parsed:ADDOP.NUMBER.UNKNOWN>PUNCT MathParser failed to match rule 'Anything'
	at 0301206.tex; line 959 col 0 - line 966 col 14
	In "\begin{equation}H_{12y}=H_{34y}=-2\beta\ \ ,\ \ \ \ F_{12}=F_{34}=-2\beta\ \ ,%
	\ \ \ \ F_{012y}=F_{034y}=2\beta,\end{equation}"
	H[[UNKNOWN]] _{12y}[[POSTSUBSCRIPT]] =[[RELOP]] H[[UNKNOWN]] _{34y}[[POSTSUBSCRIPT]] =[[RELOP]] -[[ADDOP]] 2[[NUMBER]] β[[UNKNOWN]]
	        > \begin{equation}H_{12y}=H_{34y}=-2\beta\ \ ,\ \ \ \ F_{12}=F_{34}=-2\beta\ \ ,\ \ \ \ F_{012y}=F_{034y}=2\beta,\end{equation}[[PUNCT]] ,[[PUNCT]] F[[UNKNOWN]] _{12}[[POSTSUBSCRIPT]] =[[RELOP]] F[[UNKNOWN]] _{34}[[POSTSUBSCRIPT]] =[[RELOP]] -[[ADDOP]] 2[[NUMBER]] β[[UNKNOWN]] \begin{equation}H_{12y}=H_{34y}=-2\beta\ \ ,\ \ \ \ F_{12}=F_{34}=-2\beta\ \ ,\ \ \ \ F_{012y}=F_{034y}=2\beta,\end{equation}[[PUNCT]] ,[[PUNCT]] F[[UNKNOWN]] _{012y}[[POSTSUBSCRIPT]] =[[RELOP]] F[[UNKNOWN]] _{034y}[[POSTSUBSCRIPT]] =[[RELOP]] 2[[NUMBER]] β[[UNKNOWN]]
Warning:not_parsed:ATOM.POSTSUPERSCRIPT.CLOSE>PUNCT MathParser failed to match rule 'Anything'
	at 0301206.tex; line 1060 col 0 - line 1067 col 14
	In "\begin{equation}F_{(3)}=2\beta\cos\gamma\,dx^{+}(d\tilde{x}^{1}d\tilde{x}^{2}+%
	d\tilde{x}^{3}d\tilde{x}^{4})\ \ ,\ \ \ \ H_{(3)}=-2\beta\sin\gamma\,dx^{+}(d%
	\tilde{x}^{1}d\tilde{x}^{2}+d\tilde{x}^{3}d\tilde{x}^{4}).\end{equation}"
	F[[UNKNOWN]] _{(3)}[[POSTSUBSCRIPT]] =[[RELOP]] 2[[NUMBER]] β[[UNKNOWN]] cos[[TRIGFUNCTION]] γ[[UNKNOWN]] d[[UNKNOWN]] x[[UNKNOWN]] ^{+}[[POSTSUPERSCRIPT]] ([[OPEN]] d[[UNKNOWN]] \tilde{x}[[UNKNOWN]] ^{1}[[POSTSUPERSCRIPT]] d[[UNKNOWN]] \tilde{x}[[UNKNOWN]] ^{2}[[POSTSUPERSCRIPT]] +[[ADDOP]] d[[UNKNOWN]] \tilde{x}[[UNKNOWN]] ^{3}[[POSTSUPERSCRIPT]] d[[UNKNOWN]] \tilde{x}[[UNKNOWN]] ^{4}[[POSTSUPERSCRIPT]] )[[CLOSE]]
	        > \begin{equation}F_{(3)}=2\beta\cos\gamma\,dx^{+}(d\tilde{x}^{1}d\tilde{x}^{2}+d\tilde{x}^{3}d\tilde{x}^{4})\ \ ,\ \ \ \ H_{(3)}=-2\beta\sin\gamma\,dx^{+}(d\tilde{x}^{1}d\tilde{x}^{2}+d\tilde{x}^{3}d\tilde{x}^{4}).\end{equation}[[PUNCT]] ,[[PUNCT]] H[[UNKNOWN]] _{(3)}[[POSTSUBSCRIPT]] =[[RELOP]] -[[ADDOP]] 2[[NUMBER]] β[[UNKNOWN]] sin[[TRIGFUNCTION]] γ[[UNKNOWN]] d[[UNKNOWN]] x[[UNKNOWN]] ^{+}[[POSTSUPERSCRIPT]] ([[OPEN]] d[[UNKNOWN]] \tilde{x}[[UNKNOWN]] ^{1}[[POSTSUPERSCRIPT]] d[[UNKNOWN]] \tilde{x}[[UNKNOWN]] ^{2}[[POSTSUPERSCRIPT]] +[[ADDOP]] d[[UNKNOWN]] \tilde{x}[[UNKNOWN]] ^{3}[[POSTSUPERSCRIPT]] d[[UNKNOWN]] \tilde{x}[[UNKNOWN]] ^{4}[[POSTSUPERSCRIPT]] )[[CLOSE]]
Warning:not_parsed:UNKNOWN.TRIGFUNCTION.UNKNOWN>PUNCT MathParser failed to match rule 'Anything'
	at 0301206.tex; line 1084 col 3 - line 1084 col 3
	In "$\displaystyle F_{0129}=F_{0349}=-2\beta\sin\gamma\ \ ,\ \ \ \ F_{y129}=F_{y34%
	9}=-2\beta,\@@ENDINLINEMATH"
	F[[UNKNOWN]] _{0129}[[POSTSUBSCRIPT]] =[[RELOP]] F[[UNKNOWN]] _{0349}[[POSTSUBSCRIPT]] =[[RELOP]] -[[ADDOP]] 2[[NUMBER]] β[[UNKNOWN]] sin[[TRIGFUNCTION]] γ[[UNKNOWN]]
	        > $\displaystyleF_{0129}=F_{0349}=-2\beta\sin\gamma\ \ ,\ \ \ \ F_{y129}=F_{y349}=-2\beta,\@@ENDINLINEMATH[[PUNCT]] ,[[PUNCT]] F[[UNKNOWN]] _{y129}[[POSTSUBSCRIPT]] =[[RELOP]] F[[UNKNOWN]] _{y349}[[POSTSUBSCRIPT]] =[[RELOP]] -[[ADDOP]] 2[[NUMBER]] β[[UNKNOWN]]
Warning:not_parsed:UNKNOWN.TRIGFUNCTION.UNKNOWN>PUNCT MathParser failed to match rule 'Anything'
	at 0301206.tex; line 1084 col 3 - line 1086 col 33
	In "$\displaystyle F_{0129}=F_{0349}=-2\beta\sin\gamma\ \ ,\ \ \ \ F_{y129}=F_{y34%
	9}=-2\beta,$"
	F[[UNKNOWN]] _{0129}[[POSTSUBSCRIPT]] =[[RELOP]] F[[UNKNOWN]] _{0349}[[POSTSUBSCRIPT]] =[[RELOP]] -[[ADDOP]] 2[[NUMBER]] β[[UNKNOWN]] sin[[TRIGFUNCTION]] γ[[UNKNOWN]]
	        > $\displaystyleF_{0129}=F_{0349}=-2\beta\sin\gamma\ \ ,\ \ \ \ F_{y129}=F_{y349}=-2\beta,$[[PUNCT]] ,[[PUNCT]] F[[UNKNOWN]] _{y129}[[POSTSUBSCRIPT]] =[[RELOP]] F[[UNKNOWN]] _{y349}[[POSTSUBSCRIPT]] =[[RELOP]] -[[ADDOP]] 2[[NUMBER]] β[[UNKNOWN]]
Warning:not_parsed:ADDOP.NUMBER.UNKNOWN>PUNCT MathParser failed to match rule 'Anything'
	at 0301206.tex; line 1199 col 0 - line 1206 col 14
	In "\begin{equation}H_{12y}=H_{34y}=H_{56y}=-2\beta\ \ ,\ \ \ \ H_{78y}=-2s\beta\ %
	\ ,\ \ \ \ F_{1234}=F_{5678}=4\beta.\end{equation}"
	H[[UNKNOWN]] _{12y}[[POSTSUBSCRIPT]] =[[RELOP]] H[[UNKNOWN]] _{34y}[[POSTSUBSCRIPT]] =[[RELOP]] H[[UNKNOWN]] _{56y}[[POSTSUBSCRIPT]] =[[RELOP]] -[[ADDOP]] 2[[NUMBER]] β[[UNKNOWN]]
	        > \begin{equation}H_{12y}=H_{34y}=H_{56y}=-2\beta\ \ ,\ \ \ \ H_{78y}=-2s\beta\ \ ,\ \ \ \ F_{1234}=F_{5678}=4\beta.\end{equation}[[PUNCT]] ,[[PUNCT]] H[[UNKNOWN]] _{78y}[[POSTSUBSCRIPT]] =[[RELOP]] -[[ADDOP]] 2[[NUMBER]] s[[UNKNOWN]] β[[UNKNOWN]] \begin{equation}H_{12y}=H_{34y}=H_{56y}=-2\beta\ \ ,\ \ \ \ H_{78y}=-2s\beta\ \ ,\ \ \ \ F_{1234}=F_{5678}=4\beta.\end{equation}[[PUNCT]] ,[[PUNCT]] F[[UNKNOWN]] _{1234}[[POSTSUBSCRIPT]] =[[RELOP]] F[[UNKNOWN]] _{5678}[[POSTSUBSCRIPT]] =[[RELOP]] 4[[NUMBER]] β[[UNKNOWN]]
Warning:not_parsed:ADDOP.NUMBER.UNKNOWN>PUNCT MathParser failed to match rule 'Anything'
	at 0301206.tex; line 1220 col 0 - line 1227 col 14
	In "\begin{equation}F_{129\sharp}=F_{349\sharp}=F_{569\sharp}=-2\beta\ \ ,\ \ \ \ %
	F_{789\sharp}=-2s\beta\ \ ,\ \ \ \ F_{1234}=F_{5678}=4\beta,\end{equation}"
	F[[UNKNOWN]] _{129\sharp}[[POSTSUBSCRIPT]] =[[RELOP]] F[[UNKNOWN]] _{349\sharp}[[POSTSUBSCRIPT]] =[[RELOP]] F[[UNKNOWN]] _{569\sharp}[[POSTSUBSCRIPT]] =[[RELOP]] -[[ADDOP]] 2[[NUMBER]] β[[UNKNOWN]]
	        > \begin{equation}F_{129\sharp}=F_{349\sharp}=F_{569\sharp}=-2\beta\ \ ,\ \ \ \ F_{789\sharp}=-2s\beta\ \ ,\ \ \ \ F_{1234}=F_{5678}=4\beta,\end{equation}[[PUNCT]] ,[[PUNCT]] F[[UNKNOWN]] _{789\sharp}[[POSTSUBSCRIPT]] =[[RELOP]] -[[ADDOP]] 2[[NUMBER]] s[[UNKNOWN]] β[[UNKNOWN]] \begin{equation}F_{129\sharp}=F_{349\sharp}=F_{569\sharp}=-2\beta\ \ ,\ \ \ \ F_{789\sharp}=-2s\beta\ \ ,\ \ \ \ F_{1234}=F_{5678}=4\beta,\end{equation}[[PUNCT]] ,[[PUNCT]] F[[UNKNOWN]] _{1234}[[POSTSUBSCRIPT]] =[[RELOP]] F[[UNKNOWN]] _{5678}[[POSTSUBSCRIPT]] =[[RELOP]] 4[[NUMBER]] β[[UNKNOWN]]
Warning:not_parsed:PUNCT.NUMBER.CLOSE>PUNCT MathParser failed to match rule 'Anything'
	at 0301206.tex; line 1232 col 0 - line 1234 col 14
	In "\begin{equation}(1,1,1,s,0)\ \ ,\ \ \ \ (4,0,0,-2,0,0,-2,4,-2,-2s).\end{equation}"
	([[OPEN]] 1[[NUMBER]] ,[[PUNCT]] 1[[NUMBER]] ,[[PUNCT]] 1[[NUMBER]] ,[[PUNCT]] s[[UNKNOWN]] ,[[PUNCT]] 0[[NUMBER]] )[[CLOSE]]
	        > \begin{equation}(1,1,1,s,0)\ \ ,\ \ \ \ (4,0,0,-2,0,0,-2,4,-2,-2s).\end{equation}[[PUNCT]] ,[[PUNCT]] ([[OPEN]] 4[[NUMBER]] ,[[PUNCT]] 0[[NUMBER]] ,[[PUNCT]] 0[[NUMBER]] ,[[PUNCT]] -[[ADDOP]] 2[[NUMBER]] ,[[PUNCT]] 0[[NUMBER]] ,[[PUNCT]] 0[[NUMBER]] ,[[PUNCT]] -[[ADDOP]] 2[[NUMBER]] ,[[PUNCT]] 4[[NUMBER]] ,[[PUNCT]] -[[ADDOP]] 2[[NUMBER]] ,[[PUNCT]] -[[ADDOP]] 2[[NUMBER]] s[[UNKNOWN]] )[[CLOSE]]
Warning:not_parsed:PUNCT.NUMBER.CLOSE>PUNCT MathParser failed to match rule 'Anything'
	at 0301206.tex; line 1251 col 0 - line 1253 col 14
	In "\begin{equation}(1,1,1,1,0)\ \ ,\ \ \ \ (-4,0,0,2,0,0,2,4,2,2),\end{equation}"
	([[OPEN]] 1[[NUMBER]] ,[[PUNCT]] 1[[NUMBER]] ,[[PUNCT]] 1[[NUMBER]] ,[[PUNCT]] 1[[NUMBER]] ,[[PUNCT]] 0[[NUMBER]] )[[CLOSE]]
	        > \begin{equation}(1,1,1,1,0)\ \ ,\ \ \ \ (-4,0,0,2,0,0,2,4,2,2),\end{equation}[[PUNCT]] ,[[PUNCT]] ([[OPEN]] -[[ADDOP]] 4[[NUMBER]] ,[[PUNCT]] 0[[NUMBER]] ,[[PUNCT]] 0[[NUMBER]] ,[[PUNCT]] 2[[NUMBER]] ,[[PUNCT]] 0[[NUMBER]] ,[[PUNCT]] 0[[NUMBER]] ,[[PUNCT]] 2[[NUMBER]] ,[[PUNCT]] 4[[NUMBER]] ,[[PUNCT]] 2[[NUMBER]] ,[[PUNCT]] 2[[NUMBER]] )[[CLOSE]]
Warning:not_parsed:UNKNOWN.TRIGFUNCTION.UNKNOWN>PUNCT MathParser failed to match rule 'Anything'
	at 0301206.tex; line 1309 col 3 - line 1309 col 3
	In "$\displaystyle F_{12}=F_{34}=F_{56}=-F_{78}=-2\beta\sin\gamma\ \ ,\ \ \ \ F_{0%
	12y}=F_{034y}=F_{056y}=-F_{078y}=2\beta\sin\gamma,\@@ENDINLINEMATH"
	F[[UNKNOWN]] _{12}[[POSTSUBSCRIPT]] =[[RELOP]] F[[UNKNOWN]] _{34}[[POSTSUBSCRIPT]] =[[RELOP]] F[[UNKNOWN]] _{56}[[POSTSUBSCRIPT]] =[[RELOP]] -[[ADDOP]] F[[UNKNOWN]] _{78}[[POSTSUBSCRIPT]] =[[RELOP]] -[[ADDOP]] 2[[NUMBER]] β[[UNKNOWN]] sin[[TRIGFUNCTION]] γ[[UNKNOWN]]
	        > $\displaystyleF_{12}=F_{34}=F_{56}=-F_{78}=-2\beta\sin\gamma\ \ ,\ \ \ \ F_{012y}=F_{034y}=F_{056y}=-F_{078y}=2\beta\sin\gamma,\@@ENDINLINEMATH[[PUNCT]] ,[[PUNCT]] F[[UNKNOWN]] _{012y}[[POSTSUBSCRIPT]] =[[RELOP]] F[[UNKNOWN]] _{034y}[[POSTSUBSCRIPT]] =[[RELOP]] F[[UNKNOWN]] _{056y}[[POSTSUBSCRIPT]] =[[RELOP]] -[[ADDOP]] F[[UNKNOWN]] _{078y}[[POSTSUBSCRIPT]] =[[RELOP]] 2[[NUMBER]] β[[UNKNOWN]] sin[[TRIGFUNCTION]] γ[[UNKNOWN]]
Warning:not_parsed:UNKNOWN.TRIGFUNCTION.UNKNOWN>PUNCT MathParser failed to match rule 'Anything'
	at 0301206.tex; line 1309 col 3 - line 1310 col 68
	In "$\displaystyle F_{12}=F_{34}=F_{56}=-F_{78}=-2\beta\sin\gamma\ \ ,\ \ \ \ F_{0%
	12y}=F_{034y}=F_{056y}=-F_{078y}=2\beta\sin\gamma,$"
	F[[UNKNOWN]] _{12}[[POSTSUBSCRIPT]] =[[RELOP]] F[[UNKNOWN]] _{34}[[POSTSUBSCRIPT]] =[[RELOP]] F[[UNKNOWN]] _{56}[[POSTSUBSCRIPT]] =[[RELOP]] -[[ADDOP]] F[[UNKNOWN]] _{78}[[POSTSUBSCRIPT]] =[[RELOP]] -[[ADDOP]] 2[[NUMBER]] β[[UNKNOWN]] sin[[TRIGFUNCTION]] γ[[UNKNOWN]]
	        > $\displaystyleF_{12}=F_{34}=F_{56}=-F_{78}=-2\beta\sin\gamma\ \ ,\ \ \ \ F_{012y}=F_{034y}=F_{056y}=-F_{078y}=2\beta\sin\gamma,$[[PUNCT]] ,[[PUNCT]] F[[UNKNOWN]] _{012y}[[POSTSUBSCRIPT]] =[[RELOP]] F[[UNKNOWN]] _{034y}[[POSTSUBSCRIPT]] =[[RELOP]] F[[UNKNOWN]] _{056y}[[POSTSUBSCRIPT]] =[[RELOP]] -[[ADDOP]] F[[UNKNOWN]] _{078y}[[POSTSUBSCRIPT]] =[[RELOP]] 2[[NUMBER]] β[[UNKNOWN]] sin[[TRIGFUNCTION]] γ[[UNKNOWN]]
Warning:not_parsed:ADDOP.NUMBER.UNKNOWN>PUNCT MathParser failed to match rule 'Anything'
	at 0301206.tex; line 1311 col 3 - line 1311 col 3
	In "$\displaystyle H_{12y}=H_{34y}=H_{56y}=-H_{78y}=-2\beta\ \ ,\ \ \ \ F_{1234}=F%
	_{5678}=4\beta\cos\gamma.\@@ENDINLINEMATH"
	H[[UNKNOWN]] _{12y}[[POSTSUBSCRIPT]] =[[RELOP]] H[[UNKNOWN]] _{34y}[[POSTSUBSCRIPT]] =[[RELOP]] H[[UNKNOWN]] _{56y}[[POSTSUBSCRIPT]] =[[RELOP]] -[[ADDOP]] H[[UNKNOWN]] _{78y}[[POSTSUBSCRIPT]] =[[RELOP]] -[[ADDOP]] 2[[NUMBER]] β[[UNKNOWN]]
	        > $\displaystyleH_{12y}=H_{34y}=H_{56y}=-H_{78y}=-2\beta\ \ ,\ \ \ \ F_{1234}=F_{5678}=4\beta\cos\gamma.\@@ENDINLINEMATH[[PUNCT]] ,[[PUNCT]] F[[UNKNOWN]] _{1234}[[POSTSUBSCRIPT]] =[[RELOP]] F[[UNKNOWN]] _{5678}[[POSTSUBSCRIPT]] =[[RELOP]] 4[[NUMBER]] β[[UNKNOWN]] cos[[TRIGFUNCTION]] γ[[UNKNOWN]]
Warning:not_parsed:ADDOP.NUMBER.UNKNOWN>PUNCT MathParser failed to match rule 'Anything'
	at 0301206.tex; line 1311 col 3 - line 1314 col 2
	In "$\displaystyle H_{12y}=H_{34y}=H_{56y}=-H_{78y}=-2\beta\ \ ,\ \ \ \ F_{1234}=F%
	_{5678}=4\beta\cos\gamma.$"
	H[[UNKNOWN]] _{12y}[[POSTSUBSCRIPT]] =[[RELOP]] H[[UNKNOWN]] _{34y}[[POSTSUBSCRIPT]] =[[RELOP]] H[[UNKNOWN]] _{56y}[[POSTSUBSCRIPT]] =[[RELOP]] -[[ADDOP]] H[[UNKNOWN]] _{78y}[[POSTSUBSCRIPT]] =[[RELOP]] -[[ADDOP]] 2[[NUMBER]] β[[UNKNOWN]]
	        > $\displaystyleH_{12y}=H_{34y}=H_{56y}=-H_{78y}=-2\beta\ \ ,\ \ \ \ F_{1234}=F_{5678}=4\beta\cos\gamma.$[[PUNCT]] ,[[PUNCT]] F[[UNKNOWN]] _{1234}[[POSTSUBSCRIPT]] =[[RELOP]] F[[UNKNOWN]] _{5678}[[POSTSUBSCRIPT]] =[[RELOP]] 4[[NUMBER]] β[[UNKNOWN]] cos[[TRIGFUNCTION]] γ[[UNKNOWN]]
Warning:not_parsed:UNKNOWN.TRIGFUNCTION.UNKNOWN>PUNCT MathParser failed to match rule 'Anything'
	at 0301206.tex; line 1340 col 3 - line 1340 col 3
	In "$\displaystyle F_{0129}=F_{0349}=F_{0569}=-F_{0789}=2\beta\sin\gamma\ \ ,\ \ %
	\ \ F_{1234}=F_{5678}=4\beta\cos\gamma,\@@ENDINLINEMATH"
	F[[UNKNOWN]] _{0129}[[POSTSUBSCRIPT]] =[[RELOP]] F[[UNKNOWN]] _{0349}[[POSTSUBSCRIPT]] =[[RELOP]] F[[UNKNOWN]] _{0569}[[POSTSUBSCRIPT]] =[[RELOP]] -[[ADDOP]] F[[UNKNOWN]] _{0789}[[POSTSUBSCRIPT]] =[[RELOP]] 2[[NUMBER]] β[[UNKNOWN]] sin[[TRIGFUNCTION]] γ[[UNKNOWN]]
	        > $\displaystyleF_{0129}=F_{0349}=F_{0569}=-F_{0789}=2\beta\sin\gamma\ \ ,\ \ \ \ F_{1234}=F_{5678}=4\beta\cos\gamma,\@@ENDINLINEMATH[[PUNCT]] ,[[PUNCT]] F[[UNKNOWN]] _{1234}[[POSTSUBSCRIPT]] =[[RELOP]] F[[UNKNOWN]] _{5678}[[POSTSUBSCRIPT]] =[[RELOP]] 4[[NUMBER]] β[[UNKNOWN]] cos[[TRIGFUNCTION]] γ[[UNKNOWN]]
Warning:not_parsed:UNKNOWN.TRIGFUNCTION.UNKNOWN>PUNCT MathParser failed to match rule 'Anything'
	at 0301206.tex; line 1340 col 3 - line 1341 col 49
	In "$\displaystyle F_{0129}=F_{0349}=F_{0569}=-F_{0789}=2\beta\sin\gamma\ \ ,\ \ %
	\ \ F_{1234}=F_{5678}=4\beta\cos\gamma,$"
	F[[UNKNOWN]] _{0129}[[POSTSUBSCRIPT]] =[[RELOP]] F[[UNKNOWN]] _{0349}[[POSTSUBSCRIPT]] =[[RELOP]] F[[UNKNOWN]] _{0569}[[POSTSUBSCRIPT]] =[[RELOP]] -[[ADDOP]] F[[UNKNOWN]] _{0789}[[POSTSUBSCRIPT]] =[[RELOP]] 2[[NUMBER]] β[[UNKNOWN]] sin[[TRIGFUNCTION]] γ[[UNKNOWN]]
	        > $\displaystyleF_{0129}=F_{0349}=F_{0569}=-F_{0789}=2\beta\sin\gamma\ \ ,\ \ \ \ F_{1234}=F_{5678}=4\beta\cos\gamma,$[[PUNCT]] ,[[PUNCT]] F[[UNKNOWN]] _{1234}[[POSTSUBSCRIPT]] =[[RELOP]] F[[UNKNOWN]] _{5678}[[POSTSUBSCRIPT]] =[[RELOP]] 4[[NUMBER]] β[[UNKNOWN]] cos[[TRIGFUNCTION]] γ[[UNKNOWN]]
Warning:not_parsed:ADDOP.NUMBER.UNKNOWN>PUNCT MathParser failed to match rule 'Anything'
	at 0301206.tex; line 1417 col 0 - line 1422 col 14
	In "\begin{equation}H_{12y}=-2\beta\ \ ,\ \ \ \ F_{12}=-2\beta\ \ ,\ \ \ \ F_{012y%
	}=2\beta.\end{equation}"
	H[[UNKNOWN]] _{12y}[[POSTSUBSCRIPT]] =[[RELOP]] -[[ADDOP]] 2[[NUMBER]] β[[UNKNOWN]]
	        > \begin{equation}H_{12y}=-2\beta\ \ ,\ \ \ \ F_{12}=-2\beta\ \ ,\ \ \ \ F_{012y}=2\beta.\end{equation}[[PUNCT]] ,[[PUNCT]] F[[UNKNOWN]] _{12}[[POSTSUBSCRIPT]] =[[RELOP]] -[[ADDOP]] 2[[NUMBER]] β[[UNKNOWN]] \begin{equation}H_{12y}=-2\beta\ \ ,\ \ \ \ F_{12}=-2\beta\ \ ,\ \ \ \ F_{012y}=2\beta.\end{equation}[[PUNCT]] ,[[PUNCT]] F[[UNKNOWN]] _{012y}[[POSTSUBSCRIPT]] =[[RELOP]] 2[[NUMBER]] β[[UNKNOWN]]
Warning:not_parsed:POSTSUPERSCRIPT.CLOSE.POSTSUPERSCRIPT>PUNCT MathParser failed to match rule 'Anything'
	at 0301206.tex; line 1431 col 0 - line 1437 col 14
	In "\begin{equation}ds^{2}=-\left[dt+\beta(x^{1}dx^{2}-x^{2}dx^{1})\right]^{2}+%
	\sum_{i=1}^{\sharp}(dx^{i})^{2}\ \ ,\ \ \ \ F_{1234}=F_{5678}=-F_{129\sharp}=2%
	\beta,\end{equation}"
	d[[UNKNOWN]] s[[UNKNOWN]] ^{2}[[POSTSUPERSCRIPT]] =[[RELOP]] -[[ADDOP]] \left[[[OPEN]] d[[UNKNOWN]] t[[UNKNOWN]] +[[ADDOP]] β[[UNKNOWN]] ([[OPEN]] x[[UNKNOWN]] ^{1}[[POSTSUPERSCRIPT]] d[[UNKNOWN]] x[[UNKNOWN]] ^{2}[[POSTSUPERSCRIPT]] -[[ADDOP]] x[[UNKNOWN]] ^{2}[[POSTSUPERSCRIPT]] d[[UNKNOWN]] x[[UNKNOWN]] ^{1}[[POSTSUPERSCRIPT]] )[[CLOSE]] \right][[CLOSE]] ^{2}[[POSTSUPERSCRIPT]] +[[ADDOP]] ∑[[SUMOP]] _{i=1}[[POSTSUBSCRIPT]] ^{\sharp}[[POSTSUPERSCRIPT]] ([[OPEN]] d[[UNKNOWN]] x[[UNKNOWN]] ^{i}[[POSTSUPERSCRIPT]] )[[CLOSE]] ^{2}[[POSTSUPERSCRIPT]]
	        > \begin{equation}ds^{2}=-\left[dt+\beta(x^{1}dx^{2}-x^{2}dx^{1})\right]^{2}+\sum_{i=1}^{\sharp}(dx^{i})^{2}\ \ ,\ \ \ \ F_{1234}=F_{5678}=-F_{129\sharp}=2\beta,\end{equation}[[PUNCT]] ,[[PUNCT]] F[[UNKNOWN]] _{1234}[[POSTSUBSCRIPT]] =[[RELOP]] F[[UNKNOWN]] _{5678}[[POSTSUBSCRIPT]] =[[RELOP]] -[[ADDOP]] F[[UNKNOWN]] _{129\sharp}[[POSTSUBSCRIPT]] =[[RELOP]] 2[[NUMBER]] β[[UNKNOWN]]
Warning:not_parsed:PUNCT.NUMBER.CLOSE>PUNCT MathParser failed to match rule 'Anything'
	at 0301206.tex; line 1444 col 0 - line 1446 col 14
	In "\begin{equation}(1,0,0,0,0)\ \ ,\ \ \ \ (2,0,0,-2,0,0,0,2,0,0),\end{equation}"
	([[OPEN]] 1[[NUMBER]] ,[[PUNCT]] 0[[NUMBER]] ,[[PUNCT]] 0[[NUMBER]] ,[[PUNCT]] 0[[NUMBER]] ,[[PUNCT]] 0[[NUMBER]] )[[CLOSE]]
	        > \begin{equation}(1,0,0,0,0)\ \ ,\ \ \ \ (2,0,0,-2,0,0,0,2,0,0),\end{equation}[[PUNCT]] ,[[PUNCT]] ([[OPEN]] 2[[NUMBER]] ,[[PUNCT]] 0[[NUMBER]] ,[[PUNCT]] 0[[NUMBER]] ,[[PUNCT]] -[[ADDOP]] 2[[NUMBER]] ,[[PUNCT]] 0[[NUMBER]] ,[[PUNCT]] 0[[NUMBER]] ,[[PUNCT]] 0[[NUMBER]] ,[[PUNCT]] 2[[NUMBER]] ,[[PUNCT]] 0[[NUMBER]] ,[[PUNCT]] 0[[NUMBER]] )[[CLOSE]]
Warning:not_parsed:ADDOP.NUMBER.UNKNOWN>PUNCT MathParser failed to match rule 'Anything'
	at 0301206.tex; line 1485 col 3 - line 1485 col 3
	In "$\displaystyle H_{12y}=-4\beta\ \ ,\ \ \ \ H_{34y}=H_{56y}=-2\beta\ \ ,\ \ \ %
	\ F_{127}=-4\beta\ \ ,\ \ \ \ F_{347}=F_{567}=-2\beta,\@@ENDINLINEMATH"
	H[[UNKNOWN]] _{12y}[[POSTSUBSCRIPT]] =[[RELOP]] -[[ADDOP]] 4[[NUMBER]] β[[UNKNOWN]]
	        > $\displaystyleH_{12y}=-4\beta\ \ ,\ \ \ \ H_{34y}=H_{56y}=-2\beta\ \ ,\ \ \ \ F_{127}=-4\beta\ \ ,\ \ \ \ F_{347}=F_{567}=-2\beta,\@@ENDINLINEMATH[[PUNCT]] ,[[PUNCT]] H[[UNKNOWN]] _{34y}[[POSTSUBSCRIPT]] =[[RELOP]] H[[UNKNOWN]] _{56y}[[POSTSUBSCRIPT]] =[[RELOP]] -[[ADDOP]] 2[[NUMBER]] β[[UNKNOWN]] $\displaystyleH_{12y}=-4\beta\ \ ,\ \ \ \ H_{34y}=H_{56y}=-2\beta\ \ ,\ \ \ \ F_{127}=-4\beta\ \ ,\ \ \ \ F_{347}=F_{567}=-2\beta,\@@ENDINLINEMATH[[PUNCT]] ,[[PUNCT]] F[[UNKNOWN]] _{127}[[POSTSUBSCRIPT]] =[[RELOP]] -[[ADDOP]] 4[[NUMBER]] β[[UNKNOWN]] $\displaystyleH_{12y}=-4\beta\ \ ,\ \ \ \ H_{34y}=H_{56y}=-2\beta\ \ ,\ \ \ \ F_{127}=-4\beta\ \ ,\ \ \ \ F_{347}=F_{567}=-2\beta,\@@ENDINLINEMATH[[PUNCT]] ,[[PUNCT]] F[[UNKNOWN]] _{347}[[POSTSUBSCRIPT]] =[[RELOP]] F[[UNKNOWN]] _{567}[[POSTSUBSCRIPT]] =[[RELOP]] -[[ADDOP]] 2[[NUMBER]] β[[UNKNOWN]]
Warning:not_parsed:ADDOP.NUMBER.UNKNOWN>PUNCT MathParser failed to match rule 'Anything'
	at 0301206.tex; line 1485 col 3 - line 1486 col 55
	In "$\displaystyle H_{12y}=-4\beta\ \ ,\ \ \ \ H_{34y}=H_{56y}=-2\beta\ \ ,\ \ \ %
	\ F_{127}=-4\beta\ \ ,\ \ \ \ F_{347}=F_{567}=-2\beta,$"
	H[[UNKNOWN]] _{12y}[[POSTSUBSCRIPT]] =[[RELOP]] -[[ADDOP]] 4[[NUMBER]] β[[UNKNOWN]]
	        > $\displaystyleH_{12y}=-4\beta\ \ ,\ \ \ \ H_{34y}=H_{56y}=-2\beta\ \ ,\ \ \ \ F_{127}=-4\beta\ \ ,\ \ \ \ F_{347}=F_{567}=-2\beta,$[[PUNCT]] ,[[PUNCT]] H[[UNKNOWN]] _{34y}[[POSTSUBSCRIPT]] =[[RELOP]] H[[UNKNOWN]] _{56y}[[POSTSUBSCRIPT]] =[[RELOP]] -[[ADDOP]] 2[[NUMBER]] β[[UNKNOWN]] $\displaystyleH_{12y}=-4\beta\ \ ,\ \ \ \ H_{34y}=H_{56y}=-2\beta\ \ ,\ \ \ \ F_{127}=-4\beta\ \ ,\ \ \ \ F_{347}=F_{567}=-2\beta,$[[PUNCT]] ,[[PUNCT]] F[[UNKNOWN]] _{127}[[POSTSUBSCRIPT]] =[[RELOP]] -[[ADDOP]] 4[[NUMBER]] β[[UNKNOWN]] $\displaystyleH_{12y}=-4\beta\ \ ,\ \ \ \ H_{34y}=H_{56y}=-2\beta\ \ ,\ \ \ \ F_{127}=-4\beta\ \ ,\ \ \ \ F_{347}=F_{567}=-2\beta,$[[PUNCT]] ,[[PUNCT]] F[[UNKNOWN]] _{347}[[POSTSUBSCRIPT]] =[[RELOP]] F[[UNKNOWN]] _{567}[[POSTSUBSCRIPT]] =[[RELOP]] -[[ADDOP]] 2[[NUMBER]] β[[UNKNOWN]]
Warning:not_parsed:RELOP.NUMBER.UNKNOWN>PUNCT MathParser failed to match rule 'Anything'
	at 0301206.tex; line 1487 col 3 - line 1487 col 3
	In "$\displaystyle F_{0127y}=-F_{34568}=4\beta\ \ ,\ \ \ \ F_{0347y}=F_{0567y}=-F_%
	{12568}=-F_{12348}=2\beta,\@@ENDINLINEMATH"
	F[[UNKNOWN]] _{0127y}[[POSTSUBSCRIPT]] =[[RELOP]] -[[ADDOP]] F[[UNKNOWN]] _{34568}[[POSTSUBSCRIPT]] =[[RELOP]] 4[[NUMBER]] β[[UNKNOWN]]
	        > $\displaystyleF_{0127y}=-F_{34568}=4\beta\ \ ,\ \ \ \ F_{0347y}=F_{0567y}=-F_{12568}=-F_{12348}=2\beta,\@@ENDINLINEMATH[[PUNCT]] ,[[PUNCT]] F[[UNKNOWN]] _{0347y}[[POSTSUBSCRIPT]] =[[RELOP]] F[[UNKNOWN]] _{0567y}[[POSTSUBSCRIPT]] =[[RELOP]] -[[ADDOP]] F[[UNKNOWN]] _{12568}[[POSTSUBSCRIPT]] =[[RELOP]] -[[ADDOP]] F[[UNKNOWN]] _{12348}[[POSTSUBSCRIPT]] =[[RELOP]] 2[[NUMBER]] β[[UNKNOWN]]
Warning:not_parsed:RELOP.NUMBER.UNKNOWN>PUNCT MathParser failed to match rule 'Anything'
	at 0301206.tex; line 1487 col 3 - line 1488 col 61
	In "$\displaystyle F_{0127y}=-F_{34568}=4\beta\ \ ,\ \ \ \ F_{0347y}=F_{0567y}=-F_%
	{12568}=-F_{12348}=2\beta,$"
	F[[UNKNOWN]] _{0127y}[[POSTSUBSCRIPT]] =[[RELOP]] -[[ADDOP]] F[[UNKNOWN]] _{34568}[[POSTSUBSCRIPT]] =[[RELOP]] 4[[NUMBER]] β[[UNKNOWN]]
	        > $\displaystyleF_{0127y}=-F_{34568}=4\beta\ \ ,\ \ \ \ F_{0347y}=F_{0567y}=-F_{12568}=-F_{12348}=2\beta,$[[PUNCT]] ,[[PUNCT]] F[[UNKNOWN]] _{0347y}[[POSTSUBSCRIPT]] =[[RELOP]] F[[UNKNOWN]] _{0567y}[[POSTSUBSCRIPT]] =[[RELOP]] -[[ADDOP]] F[[UNKNOWN]] _{12568}[[POSTSUBSCRIPT]] =[[RELOP]] -[[ADDOP]] F[[UNKNOWN]] _{12348}[[POSTSUBSCRIPT]] =[[RELOP]] 2[[NUMBER]] β[[UNKNOWN]]
Warning:not_parsed:PUNCT.NUMBER.CLOSE>PUNCT MathParser failed to match rule 'Anything'
	at 0301206.tex; line 1512 col 0 - line 1514 col 14
	In "\begin{equation}(2,1,1,0,0)\ \ ,\ \ \ \ (-2,-2,-4,-4,-4,-2,-2,-2,-2,0).\end{equation}"
	([[OPEN]] 2[[NUMBER]] ,[[PUNCT]] 1[[NUMBER]] ,[[PUNCT]] 1[[NUMBER]] ,[[PUNCT]] 0[[NUMBER]] ,[[PUNCT]] 0[[NUMBER]] )[[CLOSE]]
	        > \begin{equation}(2,1,1,0,0)\ \ ,\ \ \ \ (-2,-2,-4,-4,-4,-2,-2,-2,-2,0).\end{equation}[[PUNCT]] ,[[PUNCT]] ([[OPEN]] -[[ADDOP]] 2[[NUMBER]] ,[[PUNCT]] -[[ADDOP]] 2[[NUMBER]] ,[[PUNCT]] -[[ADDOP]] 4[[NUMBER]] ,[[PUNCT]] -[[ADDOP]] 4[[NUMBER]] ,[[PUNCT]] -[[ADDOP]] 4[[NUMBER]] ,[[PUNCT]] -[[ADDOP]] 2[[NUMBER]] ,[[PUNCT]] -[[ADDOP]] 2[[NUMBER]] ,[[PUNCT]] -[[ADDOP]] 2[[NUMBER]] ,[[PUNCT]] -[[ADDOP]] 2[[NUMBER]] ,[[PUNCT]] 0[[NUMBER]] )[[CLOSE]]
Warning:not_parsed:PUNCT.NUMBER.CLOSE>PUNCT MathParser failed to match rule 'Anything'
	at 0301206.tex; line 1534 col 0 - line 1537 col 14
	In "\begin{equation}(2,1,1,1,1)\ \ ,\ \ \ \ (-6,2,2,2,0,0,0,4,4,4),\end{equation}"
	([[OPEN]] 2[[NUMBER]] ,[[PUNCT]] 1[[NUMBER]] ,[[PUNCT]] 1[[NUMBER]] ,[[PUNCT]] 1[[NUMBER]] ,[[PUNCT]] 1[[NUMBER]] )[[CLOSE]]
	        > \begin{equation}(2,1,1,1,1)\ \ ,\ \ \ \ (-6,2,2,2,0,0,0,4,4,4),\end{equation}[[PUNCT]] ,[[PUNCT]] ([[OPEN]] -[[ADDOP]] 6[[NUMBER]] ,[[PUNCT]] 2[[NUMBER]] ,[[PUNCT]] 2[[NUMBER]] ,[[PUNCT]] 2[[NUMBER]] ,[[PUNCT]] 0[[NUMBER]] ,[[PUNCT]] 0[[NUMBER]] ,[[PUNCT]] 0[[NUMBER]] ,[[PUNCT]] 4[[NUMBER]] ,[[PUNCT]] 4[[NUMBER]] ,[[PUNCT]] 4[[NUMBER]] )[[CLOSE]]
Warning:not_parsed:ADDOP.NUMBER.UNKNOWN>PUNCT MathParser failed to match rule 'Anything'
	at 0301206.tex; line 1553 col 0 - line 1558 col 14
	In "\begin{equation}F_{1234}=-6\beta\ \ ,\ \ \ \ F_{1256}=F_{1278}=F_{129\sharp}=2%
	\beta\ \ ,\ \ \ \ F_{5678}=F_{569\sharp}=F_{78\sharp}=4\beta,\end{equation}"
	F[[UNKNOWN]] _{1234}[[POSTSUBSCRIPT]] =[[RELOP]] -[[ADDOP]] 6[[NUMBER]] β[[UNKNOWN]]
	        > \begin{equation}F_{1234}=-6\beta\ \ ,\ \ \ \ F_{1256}=F_{1278}=F_{129\sharp}=2\beta\ \ ,\ \ \ \ F_{5678}=F_{569\sharp}=F_{78\sharp}=4\beta,\end{equation}[[PUNCT]] ,[[PUNCT]] F[[UNKNOWN]] _{1256}[[POSTSUBSCRIPT]] =[[RELOP]] F[[UNKNOWN]] _{1278}[[POSTSUBSCRIPT]] =[[RELOP]] F[[UNKNOWN]] _{129\sharp}[[POSTSUBSCRIPT]] =[[RELOP]] 2[[NUMBER]] β[[UNKNOWN]] \begin{equation}F_{1234}=-6\beta\ \ ,\ \ \ \ F_{1256}=F_{1278}=F_{129\sharp}=2\beta\ \ ,\ \ \ \ F_{5678}=F_{569\sharp}=F_{78\sharp}=4\beta,\end{equation}[[PUNCT]] ,[[PUNCT]] F[[UNKNOWN]] _{5678}[[POSTSUBSCRIPT]] =[[RELOP]] F[[UNKNOWN]] _{569\sharp}[[POSTSUBSCRIPT]] =[[RELOP]] F[[UNKNOWN]] _{78\sharp}[[POSTSUBSCRIPT]] =[[RELOP]] 4[[NUMBER]] β[[UNKNOWN]]
Warning:not_parsed:PUNCT.NUMBER.CLOSE>PUNCT MathParser failed to match rule 'Anything'
	at 0301206.tex; line 1567 col 0 - line 1570 col 14
	In "\begin{equation}(k+1,k,k,k,1)\ \ ,\ \ \ \ (-4k-2,2,2,2k,0,0,2k-2,4k,2k+2,2k+2).\end{equation}"
	([[OPEN]] k[[UNKNOWN]] +[[ADDOP]] 1[[NUMBER]] ,[[PUNCT]] k[[UNKNOWN]] ,[[PUNCT]] k[[UNKNOWN]] ,[[PUNCT]] k[[UNKNOWN]] ,[[PUNCT]] 1[[NUMBER]] )[[CLOSE]]
	        > \begin{equation}(k+1,k,k,k,1)\ \ ,\ \ \ \ (-4k-2,2,2,2k,0,0,2k-2,4k,2k+2,2k+2).\end{equation}[[PUNCT]] ,[[PUNCT]] ([[OPEN]] -[[ADDOP]] 4[[NUMBER]] k[[UNKNOWN]] -[[ADDOP]] 2[[NUMBER]] ,[[PUNCT]] 2[[NUMBER]] ,[[PUNCT]] 2[[NUMBER]] ,[[PUNCT]] 2[[NUMBER]] k[[UNKNOWN]] ,[[PUNCT]] 0[[NUMBER]] ,[[PUNCT]] 0[[NUMBER]] ,[[PUNCT]] 2[[NUMBER]] k[[UNKNOWN]] -[[ADDOP]] 2[[NUMBER]] ,[[PUNCT]] 4[[NUMBER]] k[[UNKNOWN]] ,[[PUNCT]] 2[[NUMBER]] k[[UNKNOWN]] +[[ADDOP]] 2[[NUMBER]] ,[[PUNCT]] 2[[NUMBER]] k[[UNKNOWN]] +[[ADDOP]] 2[[NUMBER]] )[[CLOSE]]
Warning:not_parsed:PUNCT.NUMBER.CLOSE>PUNCT MathParser failed to match rule 'Anything'
	at 0301206.tex; line 1606 col 0 - line 1608 col 14
	In "\begin{equation}(2,2,1,1,0)\ \ ,\ \ \ \ (0,-6,2,4,-2,6,4,0,2,2),\end{equation}"
	([[OPEN]] 2[[NUMBER]] ,[[PUNCT]] 2[[NUMBER]] ,[[PUNCT]] 1[[NUMBER]] ,[[PUNCT]] 1[[NUMBER]] ,[[PUNCT]] 0[[NUMBER]] )[[CLOSE]]
	        > \begin{equation}(2,2,1,1,0)\ \ ,\ \ \ \ (0,-6,2,4,-2,6,4,0,2,2),\end{equation}[[PUNCT]] ,[[PUNCT]] ([[OPEN]] 0[[NUMBER]] ,[[PUNCT]] -[[ADDOP]] 6[[NUMBER]] ,[[PUNCT]] 2[[NUMBER]] ,[[PUNCT]] 4[[NUMBER]] ,[[PUNCT]] -[[ADDOP]] 2[[NUMBER]] ,[[PUNCT]] 6[[NUMBER]] ,[[PUNCT]] 4[[NUMBER]] ,[[PUNCT]] 0[[NUMBER]] ,[[PUNCT]] 2[[NUMBER]] ,[[PUNCT]] 2[[NUMBER]] )[[CLOSE]]
Warning:not_parsed:POSTSUBSCRIPT.UNKNOWN.POSTSUPERSCRIPT>PERIOD MathParser failed to match rule 'Anything'
	at 0301206.tex; line 1696 col 1 - line 1696 col 1
	In "$\displaystyle(\partial_{\tau}^{2}-\partial_{\sigma}^{2})Z^{a}=4i\beta\alpha^{%
	\prime}p^{+}\partial_{\tau}Z^{a}-4i\beta wR\partial_{\sigma}Z^{a}.\ \ \ (a=1,2%
	,3,4)\@@ENDINLINEMATH"
	([[OPEN]] ∂[[OPERATOR]] _{\tau}[[POSTSUBSCRIPT]] ^{2}[[POSTSUPERSCRIPT]] -[[ADDOP]] ∂[[OPERATOR]] _{\sigma}[[POSTSUBSCRIPT]] ^{2}[[POSTSUPERSCRIPT]] )[[CLOSE]] Z[[UNKNOWN]] ^{a}[[POSTSUPERSCRIPT]] =[[RELOP]] 4[[NUMBER]] i[[UNKNOWN]] β[[UNKNOWN]] α[[UNKNOWN]] ^{\prime}[[POSTSUPERSCRIPT]] p[[UNKNOWN]] ^{+}[[POSTSUPERSCRIPT]] ∂[[OPERATOR]] _{\tau}[[POSTSUBSCRIPT]] Z[[UNKNOWN]] ^{a}[[POSTSUPERSCRIPT]] -[[ADDOP]] 4[[NUMBER]] i[[UNKNOWN]] β[[UNKNOWN]] w[[UNKNOWN]] R[[UNKNOWN]] ∂[[OPERATOR]] _{\sigma}[[POSTSUBSCRIPT]] Z[[UNKNOWN]] ^{a}[[POSTSUPERSCRIPT]]
	        > .[[PERIOD]] $\displaystyle(\partial_{\tau}^{2}-\partial_{\sigma}^{2})Z^{a}=4i\beta\alpha^{\prime}p^{+}\partial_{\tau}Z^{a}-4i\betawR\partial_{\sigma}Z^{a}.\ \ \ (a=1,2,3,4)\@@ENDINLINEMATH[[PUNCT]] ([[OPEN]] a[[UNKNOWN]] =[[RELOP]] 1[[NUMBER]] ,[[PUNCT]] 2[[NUMBER]] ,[[PUNCT]] 3[[NUMBER]] ,[[PUNCT]] 4[[NUMBER]] )[[CLOSE]]
Warning:not_parsed:POSTSUBSCRIPT.UNKNOWN.POSTSUPERSCRIPT>PERIOD MathParser failed to match rule 'Anything'
	at 0301206.tex; line 1696 col 1 - line 1698 col 3
	In "$\displaystyle(\partial_{\tau}^{2}-\partial_{\sigma}^{2})Z^{a}=4i\beta\alpha^{%
	\prime}p^{+}\partial_{\tau}Z^{a}-4i\beta wR\partial_{\sigma}Z^{a}.\ \ \ (a=1,2%
	,3,4)$"
	([[OPEN]] ∂[[OPERATOR]] _{\tau}[[POSTSUBSCRIPT]] ^{2}[[POSTSUPERSCRIPT]] -[[ADDOP]] ∂[[OPERATOR]] _{\sigma}[[POSTSUBSCRIPT]] ^{2}[[POSTSUPERSCRIPT]] )[[CLOSE]] Z[[UNKNOWN]] ^{a}[[POSTSUPERSCRIPT]] =[[RELOP]] 4[[NUMBER]] i[[UNKNOWN]] β[[UNKNOWN]] α[[UNKNOWN]] ^{\prime}[[POSTSUPERSCRIPT]] p[[UNKNOWN]] ^{+}[[POSTSUPERSCRIPT]] ∂[[OPERATOR]] _{\tau}[[POSTSUBSCRIPT]] Z[[UNKNOWN]] ^{a}[[POSTSUPERSCRIPT]] -[[ADDOP]] 4[[NUMBER]] i[[UNKNOWN]] β[[UNKNOWN]] w[[UNKNOWN]] R[[UNKNOWN]] ∂[[OPERATOR]] _{\sigma}[[POSTSUBSCRIPT]] Z[[UNKNOWN]] ^{a}[[POSTSUPERSCRIPT]]
	        > .[[PERIOD]] $\displaystyle(\partial_{\tau}^{2}-\partial_{\sigma}^{2})Z^{a}=4i\beta\alpha^{\prime}p^{+}\partial_{\tau}Z^{a}-4i\betawR\partial_{\sigma}Z^{a}.\ \ \ (a=1,2,3,4)$[[PUNCT]] ([[OPEN]] a[[UNKNOWN]] =[[RELOP]] 1[[NUMBER]] ,[[PUNCT]] 2[[NUMBER]] ,[[PUNCT]] 3[[NUMBER]] ,[[PUNCT]] 4[[NUMBER]] )[[CLOSE]]
Warning:not_parsed:POSTSUBSCRIPT.UNKNOWN.POSTSUBSCRIPT>PUNCT MathParser failed to match rule 'Anything'
	at 0301206.tex; line 1753 col 0 - line 1758 col 14
	In "\begin{equation}[\alpha^{a}_{n+\delta},\bar{\alpha}^{b}_{m-\delta}]=2\omega^{+%
	}_{n}\delta_{n+m,0}\delta_{a,b}\ \ ,\ \ \ \ [\tilde{\alpha}^{a}_{n-\delta},%
	\tilde{\bar{\alpha}}^{b}_{m+\delta}]=2\omega^{-}_{n}\delta_{n+m,0}\delta_{a,b}%
	\ \ .\end{equation}"
	[[[OPEN]] α[[UNKNOWN]] ^{a}[[POSTSUPERSCRIPT]] _{n+\delta}[[POSTSUBSCRIPT]] ,[[PUNCT]] \bar{\alpha}[[UNKNOWN]] ^{b}[[POSTSUPERSCRIPT]] _{m-\delta}[[POSTSUBSCRIPT]] ][[CLOSE]] =[[RELOP]] 2[[NUMBER]] ω[[UNKNOWN]] ^{+}[[POSTSUPERSCRIPT]] _{n}[[POSTSUBSCRIPT]] δ[[UNKNOWN]] _{n+m,0}[[POSTSUBSCRIPT]] δ[[UNKNOWN]] _{a,b}[[POSTSUBSCRIPT]]
	        > \begin{equation}[\alpha^{a}_{n+\delta},\bar{\alpha}^{b}_{m-\delta}]=2\omega^{+}_{n}\delta_{n+m,0}\delta_{a,b}\ \ ,\ \ \ \ [\tilde{\alpha}^{a}_{n-\delta},\tilde{\bar{\alpha}}^{b}_{m+\delta}]=2\omega^{-}_{n}\delta_{n+m,0}\delta_{a,b}\ \ .\end{equation}[[PUNCT]] ,[[PUNCT]] [[[OPEN]] \tilde{\alpha}[[UNKNOWN]] ^{a}[[POSTSUPERSCRIPT]] _{n-\delta}[[POSTSUBSCRIPT]] ,[[PUNCT]] \tilde{\bar{\alpha}}[[UNKNOWN]] ^{b}[[POSTSUPERSCRIPT]] _{m+\delta}[[POSTSUBSCRIPT]] ][[CLOSE]] =[[RELOP]] 2[[NUMBER]] ω[[UNKNOWN]] ^{-}[[POSTSUPERSCRIPT]] _{n}[[POSTSUBSCRIPT]] δ[[UNKNOWN]] _{n+m,0}[[POSTSUBSCRIPT]] δ[[UNKNOWN]] _{a,b}[[POSTSUBSCRIPT]]
Warning:not_parsed:POSTSUPERSCRIPT.CLOSE.CLOSE>PUNCT MathParser failed to match rule 'Anything'
	at 0301206.tex; line 1820 col 1 - line 1820 col 1
	In "$\displaystyle H=\frac{1}{8(\alpha^{\prime})^{2}p^{+}}\int^{\pi}_{0}d\sigma%
	\left[\dot{Z}^{a}\dot{\bar{Z}}^{a}+Z^{a^{\prime}}\bar{Z}^{a^{\prime}}-2i\beta
	wR%
	(Z^{a}\bar{Z}^{a^{\prime}}-\bar{Z}^{a}Z^{a^{\prime}})\right],=\frac{1}{8(%
	\alpha^{\prime})^{2}p^{+}}\int^{\pi}_{0}d\sigma\left[\dot{Z}_{0}^{a}\dot{\bar{%
	Z}}_{0}^{a}+Z_{0}^{a^{\prime}}\bar{Z}_{0}^{a^{\prime}}+2i\beta\alpha^{\prime}p%
	^{+}(Z_{0}^{a}\dot{\bar{Z}}_{0}^{a}-\bar{Z}_{0}^{a}\dot{Z}_{0}^{a})+4((\beta%
	\alpha^{\prime}p^{+})^{2}-(\beta Rw)^{2})\right].\@@ENDINLINEMATH"
	H[[UNKNOWN]] =[[RELOP]] \frac{1}{8(\alpha^{\prime})^{2}p^{+}}[[UNKNOWN]] ∫[[INTOP]] ^{\pi}[[POSTSUPERSCRIPT]] _{0}[[POSTSUBSCRIPT]] d[[UNKNOWN]] σ[[UNKNOWN]] \left[[[OPEN]] \dot{Z}[[UNKNOWN]] ^{a}[[POSTSUPERSCRIPT]] \dot{\bar{Z}}[[UNKNOWN]] ^{a}[[POSTSUPERSCRIPT]] +[[ADDOP]] Z[[UNKNOWN]] ^{a^{\prime}}[[POSTSUPERSCRIPT]] \bar{Z}[[UNKNOWN]] ^{a^{\prime}}[[POSTSUPERSCRIPT]] -[[ADDOP]] 2[[NUMBER]] i[[UNKNOWN]] β[[UNKNOWN]] w[[UNKNOWN]] R[[UNKNOWN]] ([[OPEN]] Z[[UNKNOWN]] ^{a}[[POSTSUPERSCRIPT]] \bar{Z}[[UNKNOWN]] ^{a^{\prime}}[[POSTSUPERSCRIPT]] -[[ADDOP]] \bar{Z}[[UNKNOWN]] ^{a}[[POSTSUPERSCRIPT]] Z[[UNKNOWN]] ^{a^{\prime}}[[POSTSUPERSCRIPT]] )[[CLOSE]] \right][[CLOSE]]
	        > ,[[PUNCT]] =[[RELOP]] \frac{1}{8(\alpha^{\prime})^{2}p^{+}}[[UNKNOWN]] ∫[[INTOP]] ^{\pi}[[POSTSUPERSCRIPT]] _{0}[[POSTSUBSCRIPT]] d[[UNKNOWN]] σ[[UNKNOWN]] \left[[[OPEN]] \dot{Z}[[UNKNOWN]] _{0}[[POSTSUBSCRIPT]] ^{a}[[POSTSUPERSCRIPT]] \dot{\bar{Z}}[[UNKNOWN]] _{0}[[POSTSUBSCRIPT]] ^{a}[[POSTSUPERSCRIPT]] +[[ADDOP]] Z[[UNKNOWN]] _{0}[[POSTSUBSCRIPT]] ^{a^{\prime}}[[POSTSUPERSCRIPT]] \bar{Z}[[UNKNOWN]] _{0}[[POSTSUBSCRIPT]] ^{a^{\prime}}[[POSTSUPERSCRIPT]] +[[ADDOP]] 2[[NUMBER]] i[[UNKNOWN]] β[[UNKNOWN]] α[[UNKNOWN]] ^{\prime}[[POSTSUPERSCRIPT]] p[[UNKNOWN]] ^{+}[[POSTSUPERSCRIPT]] ([[OPEN]] Z[[UNKNOWN]] _{0}[[POSTSUBSCRIPT]] ^{a}[[POSTSUPERSCRIPT]] \dot{\bar{Z}}[[UNKNOWN]] _{0}[[POSTSUBSCRIPT]] ^{a}[[POSTSUPERSCRIPT]] -[[ADDOP]] \bar{Z}[[UNKNOWN]] _{0}[[POSTSUBSCRIPT]] ^{a}[[POSTSUPERSCRIPT]] \dot{Z}[[UNKNOWN]] _{0}[[POSTSUBSCRIPT]] ^{a}[[POSTSUPERSCRIPT]] )[[CLOSE]] +[[ADDOP]] 4[[NUMBER]] ([[OPEN]] ([[OPEN]] β[[UNKNOWN]] α[[UNKNOWN]] ...
Warning:not_parsed:UNKNOWN>OPEN MathParser failed to match rule 'Anything'
	at 0301206.tex; line 1877 col 14 - line 1881 col 1
	In "$\displaystyle i\Bigl{(}S^{1}\left(\partial_{+}-i\beta(\alpha^{\prime}p^{+}+wR%
	)J\right)S^{1}+S^{2}\left(\partial_{-}-i\beta(\alpha^{\prime}p^{+}-wR)J\right)%
	S^{2}$"
	i[[UNKNOWN]]
	        > ([[OPEN]] S[[UNKNOWN]] ^{1}[[POSTSUPERSCRIPT]] \left([[OPEN]] ∂[[OPERATOR]] _{+}[[POSTSUBSCRIPT]] -[[ADDOP]] i[[UNKNOWN]] β[[UNKNOWN]] ([[OPEN]] α[[UNKNOWN]] ^{\prime}[[POSTSUPERSCRIPT]] p[[UNKNOWN]] ^{+}[[POSTSUPERSCRIPT]] +[[ADDOP]] w[[UNKNOWN]] R[[UNKNOWN]] )[[CLOSE]] J[[UNKNOWN]] \right)[[CLOSE]] S[[UNKNOWN]] ^{1}[[POSTSUPERSCRIPT]] +[[ADDOP]] S[[UNKNOWN]] ^{2}[[POSTSUPERSCRIPT]] \left([[OPEN]] ∂[[OPERATOR]] _{-}[[POSTSUBSCRIPT]] -[[ADDOP]] i[[UNKNOWN]] β[[UNKNOWN]] ([[OPEN]] α[[UNKNOWN]] ^{\prime}[[POSTSUPERSCRIPT]] p[[UNKNOWN]] ^{+}[[POSTSUPERSCRIPT]] -[[ADDOP]] w[[UNKNOWN]] R[[UNKNOWN]] )[[CLOSE]] J[[UNKNOWN]] \right)[[CLOSE]] S[[UNKNOWN]] ^{2}[[POSTSUPERSCRIPT]]
Warning:not_parsed:POSTSUPERSCRIPT.UNKNOWN.POSTSUPERSCRIPT>CLOSE MathParser failed to match rule 'Anything'
	at 0301206.tex; line 1881 col 3 - line 1882 col 3
	In "$\displaystyle-2\beta\sqrt{(\alpha^{\prime}p^{+})^{2}-(wR)^{2}}S^{1}\gamma^{12%
	34}S^{2}\Bigr{)},$"
	-[[ADDOP]] 2[[NUMBER]] β[[UNKNOWN]] \sqrt{(\alpha^{\prime}p^{+})^{2}-(wR)^{2}}[[UNKNOWN]] S[[UNKNOWN]] ^{1}[[POSTSUPERSCRIPT]] γ[[UNKNOWN]] ^{1234}[[POSTSUPERSCRIPT]] S[[UNKNOWN]] ^{2}[[POSTSUPERSCRIPT]]
	        > )[[CLOSE]]
Warning:not_parsed:ATOM.POSTSUPERSCRIPT.CLOSE>PUNCT MathParser failed to match rule 'Anything'
	at 0301206.tex; line 1923 col 1 - line 1923 col 1
	In "$\displaystyle H=\frac{i}{32\pi(\alpha^{\prime})^{2}p^{+}}\int_{0}^{\pi}d%
	\sigma\left[\bar{S}^{1}\dot{S}^{1}+S^{1}\dot{\bar{S}}^{1}+\bar{S}^{2}\dot{S}^{%
	2}+S^{2}\dot{\bar{S}}^{2}\right],=\frac{i}{32\pi(\alpha^{\prime})^{2}p^{+}}%
	\int_{0}^{\pi}d\sigma\left[\bar{\mathcal{S}}^{1}\dot{\mathcal{S}}^{1}+\mathcal%
	{S}^{1}\dot{\bar{\mathcal{S}}}^{1}+\bar{\mathcal{S}}^{2}\dot{\mathcal{S}}^{2}+%
	\mathcal{S}^{2}\dot{\bar{\mathcal{S}}}^{2}+2i\beta\alpha^{\prime}p^{+}J(\bar{%
	\mathcal{S}}^{1}\mathcal{S}^{1}+\mathcal{S}^{2}\bar{\mathcal{S}}^{2})\right].\@@ENDINLINEMATH"
	H[[UNKNOWN]] =[[RELOP]] \frac{i}{32\pi(\alpha^{\prime})^{2}p^{+}}[[UNKNOWN]] ∫[[INTOP]] _{0}[[POSTSUBSCRIPT]] ^{\pi}[[POSTSUPERSCRIPT]] d[[UNKNOWN]] σ[[UNKNOWN]] \left[[[OPEN]] \bar{S}[[UNKNOWN]] ^{1}[[POSTSUPERSCRIPT]] \dot{S}[[UNKNOWN]] ^{1}[[POSTSUPERSCRIPT]] +[[ADDOP]] S[[UNKNOWN]] ^{1}[[POSTSUPERSCRIPT]] \dot{\bar{S}}[[UNKNOWN]] ^{1}[[POSTSUPERSCRIPT]] +[[ADDOP]] \bar{S}[[UNKNOWN]] ^{2}[[POSTSUPERSCRIPT]] \dot{S}[[UNKNOWN]] ^{2}[[POSTSUPERSCRIPT]] +[[ADDOP]] S[[UNKNOWN]] ^{2}[[POSTSUPERSCRIPT]] \dot{\bar{S}}[[UNKNOWN]] ^{2}[[POSTSUPERSCRIPT]] \right][[CLOSE]]
	        > ,[[PUNCT]] =[[RELOP]] \frac{i}{32\pi(\alpha^{\prime})^{2}p^{+}}[[UNKNOWN]] ∫[[INTOP]] _{0}[[POSTSUBSCRIPT]] ^{\pi}[[POSTSUPERSCRIPT]] d[[UNKNOWN]] σ[[UNKNOWN]] \left[[[OPEN]] \bar{\mathcal{S}}[[UNKNOWN]] ^{1}[[POSTSUPERSCRIPT]] \dot{\mathcal{S}}[[UNKNOWN]] ^{1}[[POSTSUPERSCRIPT]] +[[ADDOP]] S[[UNKNOWN]] ^{1}[[POSTSUPERSCRIPT]] \dot{\bar{\mathcal{S}}}[[UNKNOWN]] ^{1}[[POSTSUPERSCRIPT]] +[[ADDOP]] \bar{\mathcal{S}}[[UNKNOWN]] ^{2}[[POSTSUPERSCRIPT]] \dot{\mathcal{S}}[[UNKNOWN]] ^{2}[[POSTSUPERSCRIPT]] +[[ADDOP]] S[[UNKNOWN]] ^{2}[[POSTSUPERSCRIPT]] \dot{\bar{\mathcal{S}}}[[UNKNOWN]] ^{2}[[POSTSUPERSCRIPT]] +[[ADDOP]] 2[[NUMBER]] i[[UNKNOWN]] β[[UNKNOWN]] α[[UNKNOWN]] ^{\prime}[[POSTSUPERSCRIPT]] p[[UNKNOWN]] ^{+}[[POSTSUPERSCRIPT]] J[[UNKNOWN]] ([[OPEN]] \bar{\mathcal{S}}[[UNKNOWN]] ^{1}[[POSTSUPERSCRIPT]] S[[UNKNOWN]] ^{1}[[POSTSUPERSCRIPT]] +[[ADDOP]] S[[UNKNOWN]] ^{2}[[POSTSUPERSCRIPT]] \bar{\mathcal{S}}[[UNKNOWN]] ^{2}[[POSTSUPERSCRIPT]] )[[CLOSE]] \right][[CLOSE]]
Warning:not_parsed:ATOM.SUMOP.POSTSUBSCRIPT>OPEN MathParser failed to match rule 'Anything'
	at 0301206.tex; line 1936 col 24 - line 1939 col 1
	In "$\displaystyle\sqrt{\alpha^{\prime}}\sum_{n\in\mathbb{Z}}\Biggl{[}\frac{f}{%
	\sqrt{f^{2}+(\omega^{+}_{n}-f)^{2}}}e^{-2i\omega^{+}_{n}\tau+2i(n+\delta)%
	\sigma}S^{i}_{n+\delta}$"
	\sqrt{\alpha^{\prime}}[[UNKNOWN]] ∑[[SUMOP]] _{n\in\mathbb{Z}}[[POSTSUBSCRIPT]]
	        > [[[OPEN]] \frac{f}{\sqrt{f^{2}+(\omega^{+}_{n}-f)^{2}}}[[UNKNOWN]] e[[UNKNOWN]] ^{-2i\omega^{+}_{n}\tau+2i(n+\delta)\sigma}[[POSTSUPERSCRIPT]] S[[UNKNOWN]] ^{i}[[POSTSUPERSCRIPT]] _{n+\delta}[[POSTSUBSCRIPT]]
Warning:not_parsed:POSTSUPERSCRIPT.POSTSUBSCRIPT.CLOSE>CLOSE MathParser failed to match rule 'Anything'
	at 0301206.tex; line 1939 col 3 - line 1943 col 1
	In "$\displaystyle+\frac{i(\omega^{-}_{n}-(n-\delta))}{\sqrt{f^{2}+(\omega^{-}_{n}%
	-f)^{2}}}e^{-2i\omega^{-}_{n}\tau-2i(n-\delta)\sigma}(\Pi\tilde{S}^{i}_{n-%
	\delta})\Biggr{]},$"
	+[[ADDOP]] \frac{i(\omega^{-}_{n}-(n-\delta))}{\sqrt{f^{2}+(\omega^{-}_{n}-f)^{2}}}[[UNKNOWN]] e[[UNKNOWN]] ^{-2i\omega^{-}_{n}\tau-2i(n-\delta)\sigma}[[POSTSUPERSCRIPT]] ([[OPEN]] Π[[UNKNOWN]] \tilde{S}[[UNKNOWN]] ^{i}[[POSTSUPERSCRIPT]] _{n-\delta}[[POSTSUBSCRIPT]] )[[CLOSE]]
	        > ][[CLOSE]]
Warning:not_parsed:ATOM.SUMOP.POSTSUBSCRIPT>OPEN MathParser failed to match rule 'Anything'
	at 0301206.tex; line 1943 col 24 - line 1946 col 1
	In "$\displaystyle\sqrt{\alpha^{\prime}}\sum_{n\in\mathbb{Z}}\Biggl{[}\frac{f}{%
	\sqrt{f^{2}+(\omega^{-}_{n}-f)^{2}}}e^{-2i\omega^{-}_{n}\tau-2i(n-\delta)%
	\sigma}\tilde{S}^{i}_{n-\delta}$"
	\sqrt{\alpha^{\prime}}[[UNKNOWN]] ∑[[SUMOP]] _{n\in\mathbb{Z}}[[POSTSUBSCRIPT]]
	        > [[[OPEN]] \frac{f}{\sqrt{f^{2}+(\omega^{-}_{n}-f)^{2}}}[[UNKNOWN]] e[[UNKNOWN]] ^{-2i\omega^{-}_{n}\tau-2i(n-\delta)\sigma}[[POSTSUPERSCRIPT]] \tilde{S}[[UNKNOWN]] ^{i}[[POSTSUPERSCRIPT]] _{n-\delta}[[POSTSUBSCRIPT]]
Warning:not_parsed:POSTSUPERSCRIPT.POSTSUBSCRIPT.CLOSE>CLOSE MathParser failed to match rule 'Anything'
	at 0301206.tex; line 1946 col 3 - line 1950 col 3
	In "$\displaystyle-\frac{i(\omega^{+}_{n}-(n+\delta))}{\sqrt{f^{2}+(\omega^{+}_{n}%
	-f)^{2}}}e^{-2i\omega^{+}_{n}\tau+2i(n+\delta)\sigma}(\Pi{S}^{i}_{n+\delta})%
	\Biggr{]},$"
	-[[ADDOP]] \frac{i(\omega^{+}_{n}-(n+\delta))}{\sqrt{f^{2}+(\omega^{+}_{n}-f)^{2}}}[[UNKNOWN]] e[[UNKNOWN]] ^{-2i\omega^{+}_{n}\tau+2i(n+\delta)\sigma}[[POSTSUPERSCRIPT]] ([[OPEN]] Π[[UNKNOWN]] S[[UNKNOWN]] ^{i}[[POSTSUPERSCRIPT]] _{n+\delta}[[POSTSUBSCRIPT]] )[[CLOSE]]
	        > ][[CLOSE]]
Warning:not_parsed:POSTSUBSCRIPT.UNKNOWN.POSTSUBSCRIPT>PUNCT MathParser failed to match rule 'Anything'
	at 0301206.tex; line 1953 col 0 - line 1958 col 14
	In "\begin{equation}\{S^{i}_{n+\delta},\bar{S}^{j}_{m-\delta}\}=2\delta_{n+m,0}%
	\delta_{ij}\ \ ,\ \ \ \ \{\tilde{S}^{i}_{n-\delta},\tilde{\bar{S}}^{j}_{m+%
	\delta}\}=2\delta_{n+m,0}\delta_{ij}\ .\end{equation}"
	\{[[OPEN]] S[[UNKNOWN]] ^{i}[[POSTSUPERSCRIPT]] _{n+\delta}[[POSTSUBSCRIPT]] ,[[PUNCT]] \bar{S}[[UNKNOWN]] ^{j}[[POSTSUPERSCRIPT]] _{m-\delta}[[POSTSUBSCRIPT]] \}[[CLOSE]] =[[RELOP]] 2[[NUMBER]] δ[[UNKNOWN]] _{n+m,0}[[POSTSUBSCRIPT]] δ[[UNKNOWN]] _{ij}[[POSTSUBSCRIPT]]
	        > \begin{equation}\{S^{i}_{n+\delta},\bar{S}^{j}_{m-\delta}\}=2\delta_{n+m,0}\delta_{ij}\ \ ,\ \ \ \ \{\tilde{S}^{i}_{n-\delta},\tilde{\bar{S}}^{j}_{m+\delta}\}=2\delta_{n+m,0}\delta_{ij}\ .\end{equation}[[PUNCT]] ,[[PUNCT]] \{[[OPEN]] \tilde{S}[[UNKNOWN]] ^{i}[[POSTSUPERSCRIPT]] _{n-\delta}[[POSTSUBSCRIPT]] ,[[PUNCT]] \tilde{\bar{S}}[[UNKNOWN]] ^{j}[[POSTSUPERSCRIPT]] _{m+\delta}[[POSTSUBSCRIPT]] \}[[CLOSE]] =[[RELOP]] 2[[NUMBER]] δ[[UNKNOWN]] _{n+m,0}[[POSTSUBSCRIPT]] δ[[UNKNOWN]] _{ij}[[POSTSUBSCRIPT]]
Warning:not_parsed:ATOM.SUMOP.POSTSUBSCRIPT>OPEN MathParser failed to match rule 'Anything'
	at 0301206.tex; line 2027 col 4 - line 2027 col 4
	In "$\displaystyle E^{2}-p_{y}^{2}=\frac{2}{\alpha^{\prime}}\sum_{n\in\mathbb{Z}}%
	\left[(N^{+}_{n}+F^{+}_{n})\sqrt{(n+\alpha^{\prime}\beta p_{y})^{2}+\beta^{2}{%
	\alpha^{\prime}}^{2}(E^{2}-p_{y}^{2})}\right.\@@ENDINLINEMATH"
	E[[UNKNOWN]] ^{2}[[POSTSUPERSCRIPT]] -[[ADDOP]] p[[UNKNOWN]] _{y}[[POSTSUBSCRIPT]] ^{2}[[POSTSUPERSCRIPT]] =[[RELOP]] \frac{2}{\alpha^{\prime}}[[UNKNOWN]] ∑[[SUMOP]] _{n\in\mathbb{Z}}[[POSTSUBSCRIPT]]
	        > \left[[[OPEN]] ([[OPEN]] N[[UNKNOWN]] ^{+}[[POSTSUPERSCRIPT]] _{n}[[POSTSUBSCRIPT]] +[[ADDOP]] F[[UNKNOWN]] ^{+}[[POSTSUPERSCRIPT]] _{n}[[POSTSUBSCRIPT]] )[[CLOSE]] \sqrt{(n+\alpha^{\prime}\betap_{y})^{2}+\beta^{2}{\alpha^{\prime}}^{2}(E^{2}-p_{y}^{2})}[[UNKNOWN]]
Warning:not_parsed:ATOM.SUMOP.POSTSUBSCRIPT>OPEN MathParser failed to match rule 'Anything'
	at 0301206.tex; line 2027 col 4 - line 2031 col 1
	In "$\displaystyle E^{2}-p_{y}^{2}=\frac{2}{\alpha^{\prime}}\sum_{n\in\mathbb{Z}}%
	\left[(N^{+}_{n}+F^{+}_{n})\sqrt{(n+\alpha^{\prime}\beta p_{y})^{2}+\beta^{2}{%
	\alpha^{\prime}}^{2}(E^{2}-p_{y}^{2})}\right.$"
	E[[UNKNOWN]] ^{2}[[POSTSUPERSCRIPT]] -[[ADDOP]] p[[UNKNOWN]] _{y}[[POSTSUBSCRIPT]] ^{2}[[POSTSUPERSCRIPT]] =[[RELOP]] \frac{2}{\alpha^{\prime}}[[UNKNOWN]] ∑[[SUMOP]] _{n\in\mathbb{Z}}[[POSTSUBSCRIPT]]
	        > \left[[[OPEN]] ([[OPEN]] N[[UNKNOWN]] ^{+}[[POSTSUPERSCRIPT]] _{n}[[POSTSUBSCRIPT]] +[[ADDOP]] F[[UNKNOWN]] ^{+}[[POSTSUPERSCRIPT]] _{n}[[POSTSUBSCRIPT]] )[[CLOSE]] \sqrt{(n+\alpha^{\prime}\betap_{y})^{2}+\beta^{2}{\alpha^{\prime}}^{2}(E^{2}-p_{y}^{2})}[[UNKNOWN]]
Warning:not_parsed:POSTSUBSCRIPT.CLOSE.ATOM>CLOSE MathParser failed to match rule 'Anything'
	at 0301206.tex; line 2031 col 0 - line 2031 col 9
	In "$\displaystyle\left.+(N^{-}_{n}+F^{-}_{n})\sqrt{(n-\alpha^{\prime}\beta p_{y})%
	^{2}+\beta^{2}{\alpha^{\prime}}^{2}(E^{2}-p_{y}^{2})}\right]+2\beta E\sum_{n%
	\in\mathbb{Z}}\left(N^{+}_{n}+F^{+}_{n}-N^{-}_{n}-F^{-}_{n}\right)\ ,\@@ENDINLINEMATH"
	+[[ADDOP]] ([[OPEN]] N[[UNKNOWN]] ^{-}[[POSTSUPERSCRIPT]] _{n}[[POSTSUBSCRIPT]] +[[ADDOP]] F[[UNKNOWN]] ^{-}[[POSTSUPERSCRIPT]] _{n}[[POSTSUBSCRIPT]] )[[CLOSE]] \sqrt{(n-\alpha^{\prime}\betap_{y})^{2}+\beta^{2}{\alpha^{\prime}}^{2}(E^{2}-p_{y}^{2})}[[UNKNOWN]]
	        > \right][[CLOSE]] +[[ADDOP]] 2[[NUMBER]] β[[UNKNOWN]] E[[UNKNOWN]] ∑[[SUMOP]] _{n\in\mathbb{Z}}[[POSTSUBSCRIPT]] \left([[OPEN]] N[[UNKNOWN]] ^{+}[[POSTSUPERSCRIPT]] _{n}[[POSTSUBSCRIPT]] +[[ADDOP]] F[[UNKNOWN]] ^{+}[[POSTSUPERSCRIPT]] _{n}[[POSTSUBSCRIPT]] -[[ADDOP]] N[[UNKNOWN]] ^{-}[[POSTSUPERSCRIPT]] _{n}[[POSTSUBSCRIPT]] -[[ADDOP]] F[[UNKNOWN]] ^{-}[[POSTSUPERSCRIPT]] _{n}[[POSTSUBSCRIPT]] \right)[[CLOSE]]
Warning:not_parsed:POSTSUBSCRIPT.CLOSE.ATOM>CLOSE MathParser failed to match rule 'Anything'
	at 0301206.tex; line 2031 col 0 - line 2036 col 14
	In "$\displaystyle\left.+(N^{-}_{n}+F^{-}_{n})\sqrt{(n-\alpha^{\prime}\beta p_{y})%
	^{2}+\beta^{2}{\alpha^{\prime}}^{2}(E^{2}-p_{y}^{2})}\right]+2\beta E\sum_{n%
	\in\mathbb{Z}}\left(N^{+}_{n}+F^{+}_{n}-N^{-}_{n}-F^{-}_{n}\right)\ ,$"
	+[[ADDOP]] ([[OPEN]] N[[UNKNOWN]] ^{-}[[POSTSUPERSCRIPT]] _{n}[[POSTSUBSCRIPT]] +[[ADDOP]] F[[UNKNOWN]] ^{-}[[POSTSUPERSCRIPT]] _{n}[[POSTSUBSCRIPT]] )[[CLOSE]] \sqrt{(n-\alpha^{\prime}\betap_{y})^{2}+\beta^{2}{\alpha^{\prime}}^{2}(E^{2}-p_{y}^{2})}[[UNKNOWN]]
	        > \right][[CLOSE]] +[[ADDOP]] 2[[NUMBER]] β[[UNKNOWN]] E[[UNKNOWN]] ∑[[SUMOP]] _{n\in\mathbb{Z}}[[POSTSUBSCRIPT]] \left([[OPEN]] N[[UNKNOWN]] ^{+}[[POSTSUPERSCRIPT]] _{n}[[POSTSUBSCRIPT]] +[[ADDOP]] F[[UNKNOWN]] ^{+}[[POSTSUPERSCRIPT]] _{n}[[POSTSUBSCRIPT]] -[[ADDOP]] N[[UNKNOWN]] ^{-}[[POSTSUPERSCRIPT]] _{n}[[POSTSUBSCRIPT]] -[[ADDOP]] F[[UNKNOWN]] ^{-}[[POSTSUPERSCRIPT]] _{n}[[POSTSUBSCRIPT]] \right)[[CLOSE]]
Warning:not_parsed:UNKNOWN.POSTSUPERSCRIPT.POSTSUBSCRIPT>PUNCT MathParser failed to match rule 'Anything'
	at 0301206.tex; line 2112 col 0 - line 2115 col 14
	In "\begin{equation}\mathcal{N}^{+}_{n}=N^{+}_{n}+F^{+}_{n}\ \ ,\ \ \ \ \mathcal{N%
	}^{-}_{n}=N^{-}_{n}+F^{-}_{n}\ .\end{equation}"
	N[[UNKNOWN]] ^{+}[[POSTSUPERSCRIPT]] _{n}[[POSTSUBSCRIPT]] =[[RELOP]] N[[UNKNOWN]] ^{+}[[POSTSUPERSCRIPT]] _{n}[[POSTSUBSCRIPT]] +[[ADDOP]] F[[UNKNOWN]] ^{+}[[POSTSUPERSCRIPT]] _{n}[[POSTSUBSCRIPT]]
	        > \begin{equation}\mathcal{N}^{+}_{n}=N^{+}_{n}+F^{+}_{n}\ \ ,\ \ \ \ \mathcal{N}^{-}_{n}=N^{-}_{n}+F^{-}_{n}\ .\end{equation}[[PUNCT]] ,[[PUNCT]] N[[UNKNOWN]] ^{-}[[POSTSUPERSCRIPT]] _{n}[[POSTSUBSCRIPT]] =[[RELOP]] N[[UNKNOWN]] ^{-}[[POSTSUPERSCRIPT]] _{n}[[POSTSUBSCRIPT]] +[[ADDOP]] F[[UNKNOWN]] ^{-}[[POSTSUPERSCRIPT]] _{n}[[POSTSUBSCRIPT]]
Warning:not_parsed:UNKNOWN>OPEN MathParser failed to match rule 'Anything'
	at 0301206.tex; line 2197 col 14 - line 2201 col 1
	In "$\displaystyle i\Bigl{(}S^{1}\left(\partial_{+}-i\beta(\alpha^{\prime}p^{+}+wR%
	)J\right)S^{1}+S^{2}\left(\partial_{-}-i\beta(\alpha^{\prime}p^{+}-wR)J\right)%
	S^{2}$"
	i[[UNKNOWN]]
	        > ([[OPEN]] S[[UNKNOWN]] ^{1}[[POSTSUPERSCRIPT]] \left([[OPEN]] ∂[[OPERATOR]] _{+}[[POSTSUBSCRIPT]] -[[ADDOP]] i[[UNKNOWN]] β[[UNKNOWN]] ([[OPEN]] α[[UNKNOWN]] ^{\prime}[[POSTSUPERSCRIPT]] p[[UNKNOWN]] ^{+}[[POSTSUPERSCRIPT]] +[[ADDOP]] w[[UNKNOWN]] R[[UNKNOWN]] )[[CLOSE]] J[[UNKNOWN]] \right)[[CLOSE]] S[[UNKNOWN]] ^{1}[[POSTSUPERSCRIPT]] +[[ADDOP]] S[[UNKNOWN]] ^{2}[[POSTSUPERSCRIPT]] \left([[OPEN]] ∂[[OPERATOR]] _{-}[[POSTSUBSCRIPT]] -[[ADDOP]] i[[UNKNOWN]] β[[UNKNOWN]] ([[OPEN]] α[[UNKNOWN]] ^{\prime}[[POSTSUPERSCRIPT]] p[[UNKNOWN]] ^{+}[[POSTSUPERSCRIPT]] -[[ADDOP]] w[[UNKNOWN]] R[[UNKNOWN]] )[[CLOSE]] J[[UNKNOWN]] \right)[[CLOSE]] S[[UNKNOWN]] ^{2}[[POSTSUPERSCRIPT]]
Warning:not_parsed:CLOSE.UNKNOWN.POSTSUPERSCRIPT>CLOSE MathParser failed to match rule 'Anything'
	at 0301206.tex; line 2201 col 3 - line 2203 col 3
	In "$\displaystyle-\beta\sqrt{(\alpha^{\prime}p^{+})^{2}-(wR)^{2}}S^{1}(\Gamma^{12%
	56}+\Gamma^{3456})S^{2}\Bigr{)},$"
	-[[ADDOP]] β[[UNKNOWN]] \sqrt{(\alpha^{\prime}p^{+})^{2}-(wR)^{2}}[[UNKNOWN]] S[[UNKNOWN]] ^{1}[[POSTSUPERSCRIPT]] ([[OPEN]] Γ[[UNKNOWN]] ^{1256}[[POSTSUPERSCRIPT]] +[[ADDOP]] Γ[[UNKNOWN]] ^{3456}[[POSTSUPERSCRIPT]] )[[CLOSE]] S[[UNKNOWN]] ^{2}[[POSTSUPERSCRIPT]]
	        > )[[CLOSE]]
Warning:not_parsed:ATOM.SUMOP.POSTSUBSCRIPT>OPEN MathParser failed to match rule 'Anything'
	at 0301206.tex; line 2240 col 4 - line 2240 col 4
	In "$\displaystyle E^{2}-p_{y}^{2}=\frac{2}{\alpha^{\prime}}\sum_{n\in\mathbb{Z}}%
	\left[(N^{+}_{n}+F^{+}_{n})\sqrt{(n+\alpha^{\prime}\beta p_{y})^{2}+\beta^{2}{%
	\alpha^{\prime}}^{2}(E^{2}-p_{y}^{2})}\right.\@@ENDINLINEMATH"
	E[[UNKNOWN]] ^{2}[[POSTSUPERSCRIPT]] -[[ADDOP]] p[[UNKNOWN]] _{y}[[POSTSUBSCRIPT]] ^{2}[[POSTSUPERSCRIPT]] =[[RELOP]] \frac{2}{\alpha^{\prime}}[[UNKNOWN]] ∑[[SUMOP]] _{n\in\mathbb{Z}}[[POSTSUBSCRIPT]]
	        > \left[[[OPEN]] ([[OPEN]] N[[UNKNOWN]] ^{+}[[POSTSUPERSCRIPT]] _{n}[[POSTSUBSCRIPT]] +[[ADDOP]] F[[UNKNOWN]] ^{+}[[POSTSUPERSCRIPT]] _{n}[[POSTSUBSCRIPT]] )[[CLOSE]] \sqrt{(n+\alpha^{\prime}\betap_{y})^{2}+\beta^{2}{\alpha^{\prime}}^{2}(E^{2}-p_{y}^{2})}[[UNKNOWN]]
Warning:not_parsed:ATOM.SUMOP.POSTSUBSCRIPT>OPEN MathParser failed to match rule 'Anything'
	at 0301206.tex; line 2240 col 4 - line 2244 col 1
	In "$\displaystyle E^{2}-p_{y}^{2}=\frac{2}{\alpha^{\prime}}\sum_{n\in\mathbb{Z}}%
	\left[(N^{+}_{n}+F^{+}_{n})\sqrt{(n+\alpha^{\prime}\beta p_{y})^{2}+\beta^{2}{%
	\alpha^{\prime}}^{2}(E^{2}-p_{y}^{2})}\right.$"
	E[[UNKNOWN]] ^{2}[[POSTSUPERSCRIPT]] -[[ADDOP]] p[[UNKNOWN]] _{y}[[POSTSUBSCRIPT]] ^{2}[[POSTSUPERSCRIPT]] =[[RELOP]] \frac{2}{\alpha^{\prime}}[[UNKNOWN]] ∑[[SUMOP]] _{n\in\mathbb{Z}}[[POSTSUBSCRIPT]]
	        > \left[[[OPEN]] ([[OPEN]] N[[UNKNOWN]] ^{+}[[POSTSUPERSCRIPT]] _{n}[[POSTSUBSCRIPT]] +[[ADDOP]] F[[UNKNOWN]] ^{+}[[POSTSUPERSCRIPT]] _{n}[[POSTSUBSCRIPT]] )[[CLOSE]] \sqrt{(n+\alpha^{\prime}\betap_{y})^{2}+\beta^{2}{\alpha^{\prime}}^{2}(E^{2}-p_{y}^{2})}[[UNKNOWN]]
Warning:not_parsed:POSTSUBSCRIPT.CLOSE.ATOM>CLOSE MathParser failed to match rule 'Anything'
	at 0301206.tex; line 2244 col 0 - line 2244 col 9
	In "$\displaystyle\left.+(N^{-}_{n}+F^{-}_{n})\sqrt{(n-\alpha^{\prime}\beta p_{y})%
	^{2}+\beta^{2}{\alpha^{\prime}}^{2}(E^{2}-p_{y}^{2})}\right]+2\beta E\sum_{n%
	\in\mathbb{Z}}\left(N^{+}_{n}+F^{+}_{n}-N^{-}_{n}-F^{-}_{n}\right)\@@ENDINLINEMATH"
	+[[ADDOP]] ([[OPEN]] N[[UNKNOWN]] ^{-}[[POSTSUPERSCRIPT]] _{n}[[POSTSUBSCRIPT]] +[[ADDOP]] F[[UNKNOWN]] ^{-}[[POSTSUPERSCRIPT]] _{n}[[POSTSUBSCRIPT]] )[[CLOSE]] \sqrt{(n-\alpha^{\prime}\betap_{y})^{2}+\beta^{2}{\alpha^{\prime}}^{2}(E^{2}-p_{y}^{2})}[[UNKNOWN]]
	        > \right][[CLOSE]] +[[ADDOP]] 2[[NUMBER]] β[[UNKNOWN]] E[[UNKNOWN]] ∑[[SUMOP]] _{n\in\mathbb{Z}}[[POSTSUBSCRIPT]] \left([[OPEN]] N[[UNKNOWN]] ^{+}[[POSTSUPERSCRIPT]] _{n}[[POSTSUBSCRIPT]] +[[ADDOP]] F[[UNKNOWN]] ^{+}[[POSTSUPERSCRIPT]] _{n}[[POSTSUBSCRIPT]] -[[ADDOP]] N[[UNKNOWN]] ^{-}[[POSTSUPERSCRIPT]] _{n}[[POSTSUBSCRIPT]] -[[ADDOP]] F[[UNKNOWN]] ^{-}[[POSTSUPERSCRIPT]] _{n}[[POSTSUBSCRIPT]] \right)[[CLOSE]]
Warning:not_parsed:POSTSUBSCRIPT.CLOSE.ATOM>CLOSE MathParser failed to match rule 'Anything'
	at 0301206.tex; line 2244 col 0 - line 2249 col 8
	In "$\displaystyle\left.+(N^{-}_{n}+F^{-}_{n})\sqrt{(n-\alpha^{\prime}\beta p_{y})%
	^{2}+\beta^{2}{\alpha^{\prime}}^{2}(E^{2}-p_{y}^{2})}\right]+2\beta E\sum_{n%
	\in\mathbb{Z}}\left(N^{+}_{n}+F^{+}_{n}-N^{-}_{n}-F^{-}_{n}\right)$"
	+[[ADDOP]] ([[OPEN]] N[[UNKNOWN]] ^{-}[[POSTSUPERSCRIPT]] _{n}[[POSTSUBSCRIPT]] +[[ADDOP]] F[[UNKNOWN]] ^{-}[[POSTSUPERSCRIPT]] _{n}[[POSTSUBSCRIPT]] )[[CLOSE]] \sqrt{(n-\alpha^{\prime}\betap_{y})^{2}+\beta^{2}{\alpha^{\prime}}^{2}(E^{2}-p_{y}^{2})}[[UNKNOWN]]
	        > \right][[CLOSE]] +[[ADDOP]] 2[[NUMBER]] β[[UNKNOWN]] E[[UNKNOWN]] ∑[[SUMOP]] _{n\in\mathbb{Z}}[[POSTSUBSCRIPT]] \left([[OPEN]] N[[UNKNOWN]] ^{+}[[POSTSUPERSCRIPT]] _{n}[[POSTSUBSCRIPT]] +[[ADDOP]] F[[UNKNOWN]] ^{+}[[POSTSUPERSCRIPT]] _{n}[[POSTSUBSCRIPT]] -[[ADDOP]] N[[UNKNOWN]] ^{-}[[POSTSUPERSCRIPT]] _{n}[[POSTSUBSCRIPT]] -[[ADDOP]] F[[UNKNOWN]] ^{-}[[POSTSUPERSCRIPT]] _{n}[[POSTSUBSCRIPT]] \right)[[CLOSE]]
Warning:not_parsed:NUMBER.ADDOP.ATOM>PUNCT MathParser failed to match rule 'Anything'
	at 0301206.tex; line 2497 col 1 - line 2497 col 1
	In "$\displaystyle f=1+\frac{\pi Ng_{s}(\alpha^{\prime})^{\frac{3}{2}}}{r^{3}}\ \ %
	,\ \ \ \ r\equiv\sqrt{\sum_{i=5}^{9}(x^{i})^{2}},\@@ENDINLINEMATH"
	f[[UNKNOWN]] =[[RELOP]] 1[[NUMBER]] +[[ADDOP]] \frac{\piNg_{s}(\alpha^{\prime})^{\frac{3}{2}}}{r^{3}}[[UNKNOWN]]
	        > $\displaystylef=1+\frac{\piNg_{s}(\alpha^{\prime})^{\frac{3}{2}}}{r^{3}}\ \ ,\ \ \ \ r\equiv\sqrt{\sum_{i=5}^{9}(x^{i})^{2}},\@@ENDINLINEMATH[[PUNCT]] ,[[PUNCT]] r[[UNKNOWN]] ≡[[RELOP]] \sqrt{\sum_{i=5}^{9}(x^{i})^{2}}[[UNKNOWN]]
Warning:not_parsed:NUMBER.ADDOP.ATOM>PUNCT MathParser failed to match rule 'Anything'
	at 0301206.tex; line 2497 col 1 - line 2499 col 3
	In "$\displaystyle f=1+\frac{\pi Ng_{s}(\alpha^{\prime})^{\frac{3}{2}}}{r^{3}}\ \ %
	,\ \ \ \ r\equiv\sqrt{\sum_{i=5}^{9}(x^{i})^{2}},$"
	f[[UNKNOWN]] =[[RELOP]] 1[[NUMBER]] +[[ADDOP]] \frac{\piNg_{s}(\alpha^{\prime})^{\frac{3}{2}}}{r^{3}}[[UNKNOWN]]
	        > $\displaystylef=1+\frac{\piNg_{s}(\alpha^{\prime})^{\frac{3}{2}}}{r^{3}}\ \ ,\ \ \ \ r\equiv\sqrt{\sum_{i=5}^{9}(x^{i})^{2}},$[[PUNCT]] ,[[PUNCT]] r[[UNKNOWN]] ≡[[RELOP]] \sqrt{\sum_{i=5}^{9}(x^{i})^{2}}[[UNKNOWN]]
Warning:not_parsed:POSTSUBSCRIPT.RELOP.NUMBER>PUNCT MathParser failed to match rule 'Anything'
	at 0301206.tex; line 2665 col 0 - line 2671 col 14
	In "\begin{equation}\tilde{g}_{yy}=1\ \ ,\ \ \ \ \tilde{g}_{\mu\nu}=g_{\mu\nu}-g_{%
	\mu y}g_{\nu y}+B_{\mu y}B_{\nu y}\ \ ,\ \ \ \ \tilde{g}_{\mu y}=B_{\mu y}\end{equation}"
	\tilde{g}[[UNKNOWN]] _{yy}[[POSTSUBSCRIPT]] =[[RELOP]] 1[[NUMBER]]
	        > \begin{equation}\tilde{g}_{yy}=1\ \ ,\ \ \ \ \tilde{g}_{\mu\nu}=g_{\mu\nu}-g_{\muy}g_{\nuy}+B_{\muy}B_{\nuy}\ \ ,\ \ \ \ \tilde{g}_{\muy}=B_{\muy}\end{equation}[[PUNCT]] ,[[PUNCT]] \tilde{g}[[UNKNOWN]] _{\mu\nu}[[POSTSUBSCRIPT]] =[[RELOP]] g[[UNKNOWN]] _{\mu\nu}[[POSTSUBSCRIPT]] -[[ADDOP]] g[[UNKNOWN]] _{\muy}[[POSTSUBSCRIPT]] g[[UNKNOWN]] _{\nuy}[[POSTSUBSCRIPT]] +[[ADDOP]] B[[UNKNOWN]] _{\muy}[[POSTSUBSCRIPT]] B[[UNKNOWN]] _{\nuy}[[POSTSUBSCRIPT]] \begin{equation}\tilde{g}_{yy}=1\ \ ,\ \ \ \ \tilde{g}_{\mu\nu}=g_{\mu\nu}-g_{\muy}g_{\nuy}+B_{\muy}B_{\nuy}\ \ ,\ \ \ \ \tilde{g}_{\muy}=B_{\muy}\end{equation}[[PUNCT]] ,[[PUNCT]] \tilde{g}[[UNKNOWN]] _{\muy}[[POSTSUBSCRIPT]] =[[RELOP]] B[[UNKNOWN]] _{\muy}[[POSTSUBSCRIPT]]
Warning:not_parsed:POSTSUBSCRIPT.UNKNOWN.POSTSUBSCRIPT>PUNCT MathParser failed to match rule 'Anything'
	at 0301206.tex; line 2673 col 0 - line 2678 col 14
	In "\begin{equation}\tilde{B}_{\mu\nu}=B_{\mu\nu}-B_{\mu y}g_{\nu y}+g_{\mu y}B_{%
	\nu y}\ \ ,\ \ \ \ \tilde{B}_{\mu y}=g_{\mu y}\end{equation}"
	\tilde{B}[[UNKNOWN]] _{\mu\nu}[[POSTSUBSCRIPT]] =[[RELOP]] B[[UNKNOWN]] _{\mu\nu}[[POSTSUBSCRIPT]] -[[ADDOP]] B[[UNKNOWN]] _{\muy}[[POSTSUBSCRIPT]] g[[UNKNOWN]] _{\nuy}[[POSTSUBSCRIPT]] +[[ADDOP]] g[[UNKNOWN]] _{\muy}[[POSTSUBSCRIPT]] B[[UNKNOWN]] _{\nuy}[[POSTSUBSCRIPT]]
	        > \begin{equation}\tilde{B}_{\mu\nu}=B_{\mu\nu}-B_{\muy}g_{\nuy}+g_{\muy}B_{\nuy}\ \ ,\ \ \ \ \tilde{B}_{\muy}=g_{\muy}\end{equation}[[PUNCT]] ,[[PUNCT]] \tilde{B}[[UNKNOWN]] _{\muy}[[POSTSUBSCRIPT]] =[[RELOP]] g[[UNKNOWN]] _{\muy}[[POSTSUBSCRIPT]]
Warning:not_parsed:RELOP.UNKNOWN.POSTSUBSCRIPT>PUNCT MathParser failed to match rule 'Anything'
	at 0301206.tex; line 2689 col 0 - line 2697 col 14
	In "\begin{equation}\tilde{F}_{\mu\nu\sigma\xi y}=F_{\mu\nu\sigma\xi}\ \ ,\ \ \ \ %
	\tilde{F}_{\mu\nu\sigma\xi\kappa}=F_{\mu\nu\sigma\xi\kappa y}\ \ ,\ \ \ \ %
	\tilde{F}_{\mu\nu y}=-F_{\mu\nu}\ \ ,\ \ \ \ \tilde{F}_{\mu\nu\xi}=F_{\mu\nu%
	\xi y}\end{equation}"
	\tilde{F}[[UNKNOWN]] _{\mu\nu\sigma\xiy}[[POSTSUBSCRIPT]] =[[RELOP]] F[[UNKNOWN]] _{\mu\nu\sigma\xi}[[POSTSUBSCRIPT]]
	        > \begin{equation}\tilde{F}_{\mu\nu\sigma\xiy}=F_{\mu\nu\sigma\xi}\ \ ,\ \ \ \ \tilde{F}_{\mu\nu\sigma\xi\kappa}=F_{\mu\nu\sigma\xi\kappay}\ \ ,\ \ \ \ \tilde{F}_{\mu\nuy}=-F_{\mu\nu}\ \ ,\ \ \ \ \tilde{F}_{\mu\nu\xi}=F_{\mu\nu\xiy}\end{equation}[[PUNCT]] ,[[PUNCT]] \tilde{F}[[UNKNOWN]] _{\mu\nu\sigma\xi\kappa}[[POSTSUBSCRIPT]] =[[RELOP]] F[[UNKNOWN]] _{\mu\nu\sigma\xi\kappay}[[POSTSUBSCRIPT]] \begin{equation}\tilde{F}_{\mu\nu\sigma\xiy}=F_{\mu\nu\sigma\xi}\ \ ,\ \ \ \ \tilde{F}_{\mu\nu\sigma\xi\kappa}=F_{\mu\nu\sigma\xi\kappay}\ \ ,\ \ \ \ \tilde{F}_{\mu\nuy}=-F_{\mu\nu}\ \ ,\ \ \ \ \tilde{F}_{\mu\nu\xi}=F_{\mu\nu\xiy}\end{equation}[[PUNCT]] ,[[PUNCT]] \tilde{F}[[UNKNOWN]] _{\mu\nuy}[[POSTSUBSCRIPT]] =[[RELOP]] -[[ADDOP]] F[[UNKNOWN]] _{\mu\nu}[[POSTSUBSCRIPT]] \begin{equation}\tilde{F}_{\mu\nu\sigma\xiy}=F_{\mu\nu\sigma\xi}\ \ ,\ \ \ \ \tilde{F}_{\mu\nu\sigma\xi\kappa}=F_{\mu\nu\sigma\xi\kappay}\ \ ,\ \ \ \ \tilde{F}_{\mu\nuy}=-F_{\mu\nu}\ \ ,\ \ \ \ \tilde{F}_{\mu\nu\xi}=F_{\mu\nu\xiy}\end{equation}[[PUNCT]] ,[[PUNCT]] \tilde{F}[[UNKNOWN]] _{\mu\nu\xi}[[POSTSUBSCRIPT]] =[[RELOP]] F[[UNKNOWN]] _{\mu\nu\xiy}[[POSTSUBSCRIPT]]
Warning:not_parsed:RELOP.UNKNOWN.POSTSUBSCRIPT>PUNCT MathParser failed to match rule 'Anything'
	at 0301206.tex; line 2701 col 0 - line 2709 col 14
	In "\begin{equation}\tilde{F}_{\mu\nu\sigma\xi\kappa y}=F_{\mu\nu\sigma\xi\kappa}%
	\ \ ,\ \ \ \ \tilde{F}_{\mu\nu\sigma\xi}=F_{\mu\nu\sigma\xi y}\ \ ,\ \ \ \ %
	\tilde{F}_{\mu\nu\sigma y}=F_{\mu\nu\sigma}\ \ ,\ \ \ \ \tilde{F}_{\mu\nu}=-F_%
	{\mu\nu y}\end{equation}"
	\tilde{F}[[UNKNOWN]] _{\mu\nu\sigma\xi\kappay}[[POSTSUBSCRIPT]] =[[RELOP]] F[[UNKNOWN]] _{\mu\nu\sigma\xi\kappa}[[POSTSUBSCRIPT]]
	        > \begin{equation}\tilde{F}_{\mu\nu\sigma\xi\kappay}=F_{\mu\nu\sigma\xi\kappa}\ \ ,\ \ \ \ \tilde{F}_{\mu\nu\sigma\xi}=F_{\mu\nu\sigma\xiy}\ \ ,\ \ \ \ \tilde{F}_{\mu\nu\sigmay}=F_{\mu\nu\sigma}\ \ ,\ \ \ \ \tilde{F}_{\mu\nu}=-F_{\mu\nuy}\end{equation}[[PUNCT]] ,[[PUNCT]] \tilde{F}[[UNKNOWN]] _{\mu\nu\sigma\xi}[[POSTSUBSCRIPT]] =[[RELOP]] F[[UNKNOWN]] _{\mu\nu\sigma\xiy}[[POSTSUBSCRIPT]] \begin{equation}\tilde{F}_{\mu\nu\sigma\xi\kappay}=F_{\mu\nu\sigma\xi\kappa}\ \ ,\ \ \ \ \tilde{F}_{\mu\nu\sigma\xi}=F_{\mu\nu\sigma\xiy}\ \ ,\ \ \ \ \tilde{F}_{\mu\nu\sigmay}=F_{\mu\nu\sigma}\ \ ,\ \ \ \ \tilde{F}_{\mu\nu}=-F_{\mu\nuy}\end{equation}[[PUNCT]] ,[[PUNCT]] \tilde{F}[[UNKNOWN]] _{\mu\nu\sigmay}[[POSTSUBSCRIPT]] =[[RELOP]] F[[UNKNOWN]] _{\mu\nu\sigma}[[POSTSUBSCRIPT]] \begin{equation}\tilde{F}_{\mu\nu\sigma\xi\kappay}=F_{\mu\nu\sigma\xi\kappa}\ \ ,\ \ \ \ \tilde{F}_{\mu\nu\sigma\xi}=F_{\mu\nu\sigma\xiy}\ \ ,\ \ \ \ \tilde{F}_{\mu\nu\sigmay}=F_{\mu\nu\sigma}\ \ ,\ \ \ \ \tilde{F}_{\mu\nu}=-F_{\mu\nuy}\end{equation}[[PUNCT]] ,[[PUNCT]] \tilde{F}[[UNKNOWN]] _{\mu\nu}[[POSTSUBSCRIPT]] =[[RELOP]] -[[ADDOP]] F[[UNKNOWN]] _{\mu\nuy}[[POSTSUBSCRIPT]]
Warning:not_parsed:RELOP.UNKNOWN.POSTSUBSCRIPT>PUNCT MathParser failed to match rule 'Anything'
	at 0301206.tex; line 2735 col 0 - line 2740 col 14
	In "\begin{equation}F^{\rm(M)}_{\mu\nu\sigma u}=H_{\mu\nu\sigma}\ \ ,\ \ \ \ F^{%
	\rm(M)}_{\mu\nu\sigma\xi}=F^{\rm(IIA)}_{\mu\nu\sigma\xi}\end{equation}"
	F[[UNKNOWN]] ^{\rm(M)}[[POSTSUPERSCRIPT]] _{\mu\nu\sigmau}[[POSTSUBSCRIPT]] =[[RELOP]] H[[UNKNOWN]] _{\mu\nu\sigma}[[POSTSUBSCRIPT]]
	        > \begin{equation}F^{\rm(M)}_{\mu\nu\sigmau}=H_{\mu\nu\sigma}\ \ ,\ \ \ \ F^{\rm(M)}_{\mu\nu\sigma\xi}=F^{\rm(IIA)}_{\mu\nu\sigma\xi}\end{equation}[[PUNCT]] ,[[PUNCT]] F[[UNKNOWN]] ^{\rm(M)}[[POSTSUPERSCRIPT]] _{\mu\nu\sigma\xi}[[POSTSUBSCRIPT]] =[[RELOP]] F[[UNKNOWN]] ^{\rm(IIA)}[[POSTSUPERSCRIPT]] _{\mu\nu\sigma\xi}[[POSTSUBSCRIPT]]
Warning:not_parsed:POSTSUPERSCRIPT.UNKNOWN.UNKNOWN>PUNCT MathParser failed to match rule 'Anything'
	at 0301206.tex; line 2772 col 0 - line 2777 col 14
	In "\begin{equation}\delta\lambda=\Gamma^{+}W\eta\ \ ,\ \ \ \ \delta\psi_{\mu}=D_{%
	\mu}\eta+\Omega_{\mu}\eta\end{equation}"
	δ[[UNKNOWN]] λ[[UNKNOWN]] =[[RELOP]] Γ[[UNKNOWN]] ^{+}[[POSTSUPERSCRIPT]] W[[UNKNOWN]] η[[UNKNOWN]]
	        > \begin{equation}\delta\lambda=\Gamma^{+}W\eta\ \ ,\ \ \ \ \delta\psi_{\mu}=D_{\mu}\eta+\Omega_{\mu}\eta\end{equation}[[PUNCT]] ,[[PUNCT]] δ[[UNKNOWN]] ψ[[UNKNOWN]] _{\mu}[[POSTSUBSCRIPT]] =[[RELOP]] D[[UNKNOWN]] _{\mu}[[POSTSUBSCRIPT]] η[[UNKNOWN]] +[[ADDOP]] Ω[[UNKNOWN]] _{\mu}[[POSTSUBSCRIPT]] η[[UNKNOWN]]
Warning:not_parsed:UNKNOWN.RELOP.NUMBER>PUNCT MathParser failed to match rule 'Anything'
	at 0301206.tex; line 2793 col 0 - line 2796 col 14
	In "\begin{equation}Q\eta=0\ \ ,\ \ \ \ Q\equiv\Omega_{+}+\frac{1}{2}\sum_{i<j}J_{%
	ij}\Gamma^{ij}\end{equation}"
	Q[[UNKNOWN]] η[[UNKNOWN]] =[[RELOP]] 0[[NUMBER]]
	        > \begin{equation}Q\eta=0\ \ ,\ \ \ \ Q\equiv\Omega_{+}+\frac{1}{2}\sum_{i<j}J_{ij}\Gamma^{ij}\end{equation}[[PUNCT]] ,[[PUNCT]] Q[[UNKNOWN]] ≡[[RELOP]] Ω[[UNKNOWN]] _{+}[[POSTSUBSCRIPT]] +[[ADDOP]] \frac{1}{2}[[UNKNOWN]] ∑[[SUMOP]] _{i<j}[[POSTSUBSCRIPT]] J[[UNKNOWN]] _{ij}[[POSTSUBSCRIPT]] Γ[[UNKNOWN]] ^{ij}[[POSTSUPERSCRIPT]]
Warning:not_parsed:POSTSUBSCRIPT.UNKNOWN.POSTSUPERSCRIPT>PUNCT MathParser failed to match rule 'Anything'
	at 0301206.tex; line 2801 col 0 - line 2806 col 14
	In "\begin{equation}J_{1}=i\sigma_{2}\Gamma^{12}\ \ ,\ \ \ \ J_{2}=i\sigma_{2}%
	\Gamma^{34}\ \ ,\ \ \ \ J_{3}=i\sigma_{2}\Gamma^{56}\ \ ,\ \ \ \ J_{4}=i\sigma%
	_{2}\Gamma^{78}\end{equation}"
	J[[UNKNOWN]] _{1}[[POSTSUBSCRIPT]] =[[RELOP]] i[[UNKNOWN]] σ[[UNKNOWN]] _{2}[[POSTSUBSCRIPT]] Γ[[UNKNOWN]] ^{12}[[POSTSUPERSCRIPT]]
	        > \begin{equation}J_{1}=i\sigma_{2}\Gamma^{12}\ \ ,\ \ \ \ J_{2}=i\sigma_{2}\Gamma^{34}\ \ ,\ \ \ \ J_{3}=i\sigma_{2}\Gamma^{56}\ \ ,\ \ \ \ J_{4}=i\sigma_{2}\Gamma^{78}\end{equation}[[PUNCT]] ,[[PUNCT]] J[[UNKNOWN]] _{2}[[POSTSUBSCRIPT]] =[[RELOP]] i[[UNKNOWN]] σ[[UNKNOWN]] _{2}[[POSTSUBSCRIPT]] Γ[[UNKNOWN]] ^{34}[[POSTSUPERSCRIPT]] \begin{equation}J_{1}=i\sigma_{2}\Gamma^{12}\ \ ,\ \ \ \ J_{2}=i\sigma_{2}\Gamma^{34}\ \ ,\ \ \ \ J_{3}=i\sigma_{2}\Gamma^{56}\ \ ,\ \ \ \ J_{4}=i\sigma_{2}\Gamma^{78}\end{equation}[[PUNCT]] ,[[PUNCT]] J[[UNKNOWN]] _{3}[[POSTSUBSCRIPT]] =[[RELOP]] i[[UNKNOWN]] σ[[UNKNOWN]] _{2}[[POSTSUBSCRIPT]] Γ[[UNKNOWN]] ^{56}[[POSTSUPERSCRIPT]] \begin{equation}J_{1}=i\sigma_{2}\Gamma^{12}\ \ ,\ \ \ \ J_{2}=i\sigma_{2}\Gamma^{34}\ \ ,\ \ \ \ J_{3}=i\sigma_{2}\Gamma^{56}\ \ ,\ \ \ \ J_{4}=i\sigma_{2}\Gamma^{78}\end{equation}[[PUNCT]] ,[[PUNCT]] J[[UNKNOWN]] _{4}[[POSTSUBSCRIPT]] =[[RELOP]] i[[UNKNOWN]] σ[[UNKNOWN]] _{2}[[POSTSUBSCRIPT]] Γ[[UNKNOWN]] ^{78}[[POSTSUPERSCRIPT]]
Warning:not_parsed:UNKNOWN.UNKNOWN.POSTSUBSCRIPT>OPEN MathParser failed to match rule 'Anything'
	at 0301206.tex; line 2869 col 6 - line 2873 col 1
	In "$\displaystyle i\sigma_{2}\left[\frac{1}{4}\Big{(}(J_{1}J_{2}+J_{3}J_{4})\cos%
	\gamma-(J_{1}+J_{2}+J_{3}-J_{4})\sigma_{1}\sin\gamma\Big{)}(1+J_{1}J_{2}J_{3}J%
	_{4})\right.$"
	i[[UNKNOWN]] σ[[UNKNOWN]] _{2}[[POSTSUBSCRIPT]]
	        > \left[[[OPEN]] \frac{1}{4}[[UNKNOWN]] ([[OPEN]] ([[OPEN]] J[[UNKNOWN]] _{1}[[POSTSUBSCRIPT]] J[[UNKNOWN]] _{2}[[POSTSUBSCRIPT]] +[[ADDOP]] J[[UNKNOWN]] _{3}[[POSTSUBSCRIPT]] J[[UNKNOWN]] _{4}[[POSTSUBSCRIPT]] )[[CLOSE]] cos[[TRIGFUNCTION]] γ[[UNKNOWN]] -[[ADDOP]] ([[OPEN]] J[[UNKNOWN]] _{1}[[POSTSUBSCRIPT]] +[[ADDOP]] J[[UNKNOWN]] _{2}[[POSTSUBSCRIPT]] +[[ADDOP]] J[[UNKNOWN]] _{3}[[POSTSUBSCRIPT]] -[[ADDOP]] J[[UNKNOWN]] _{4}[[POSTSUBSCRIPT]] )[[CLOSE]] σ[[UNKNOWN]] _{1}[[POSTSUBSCRIPT]] sin[[TRIGFUNCTION]] γ[[UNKNOWN]] )[[CLOSE]] ([[OPEN]] 1[[NUMBER]] +[[ADDOP]] J[[UNKNOWN]] _{1}[[POSTSUBSCRIPT]] J[[UNKNOWN]] _{2}[[POSTSUBSCRIPT]] J[[UNKNOWN]] _{3}[[POSTSUBSCRIPT]] J[[UNKNOWN]] _{4}[[POSTSUBSCRIPT]] )[[CLOSE]]
Warning:not_parsed:UNKNOWN.POSTSUBSCRIPT.CLOSE>CLOSE MathParser failed to match rule 'Anything'
	at 0301206.tex; line 2873 col 9 - line 2874 col 14
	In "$\displaystyle\left.-\frac{1}{2}(J_{1}+J_{2}+J_{3}-J_{4})\right]$"
	-[[ADDOP]] \frac{1}{2}[[UNKNOWN]] ([[OPEN]] J[[UNKNOWN]] _{1}[[POSTSUBSCRIPT]] +[[ADDOP]] J[[UNKNOWN]] _{2}[[POSTSUBSCRIPT]] +[[ADDOP]] J[[UNKNOWN]] _{3}[[POSTSUBSCRIPT]] -[[ADDOP]] J[[UNKNOWN]] _{4}[[POSTSUBSCRIPT]] )[[CLOSE]]
	        > \right][[CLOSE]]
 57.87 sec)
Math parsing succeeded:
   ltx:XMath: 782/858
   ltx:XMArg: 4564/4564
Symbols assumed as simple identifiers (with # of occurences):
   'AdS' (4), 'A{italic}' (11), 'B{italic}' (23), 'C{italic}' (2), 'D{italic}' (8), 'E{italic}' (57), 'F{italic}' (379), 'Gamma' (215), 'G{italic}' (17), 'H{italic}' (67), 'IIA' (1), 'I{italic}' (8), 'J{bold}' (12), 'J{italic}' (320), 'K{italic}' (14), 'L{caligraphic}' (9), 'L{italic}' (8), 'M' (2), 'M{italic}' (2), 'N{bold}' (6), 'N{caligraphic}' (25), 'N{italic}' (71), 'Omega' (12), 'Pi' (7), 'Q{italic}' (7), 'R{blackboard}' (9), 'R{italic}' (79), 'Sigma' (4), 'S{caligraphic}' (24), 'S{italic}' (92), 'T{italic}' (8), 'W{italic}' (7), 'X{italic}' (48), 'Z{blackboard}' (36), 'Z{bold}' (6), 'Z{italic}' (58), 'alpha' (124), 'a{italic}' (128), 'beta' (410), 'b{italic}' (22), 'chi' (36), 'c{italic}' (63), 'delta' (119), 'd{italic}' (343), 'epsilon' (17), 'eta' (92), 'e{italic}' (37), 'f{italic}' (58), 'gamma' (112), 'g{italic}' (35), 'h{italic}' (8), 'i{italic}' (400), 'j{italic}' (146), 'kappa' (22), 'k{italic}' (107), 'lambda' (8), 'l{italic}' (24), 'mu' (70), 'm{italic}' (27), 'nu' (52), 'n{italic}' (233), 'omega' (50), 'o{italic}' (1), 'phi' (106), 'pi' (33), 'psi' (11), 'p{italic}' (134), 'q{italic}' (14), 'rho' (136), 'r{italic}' (9), 'sharp' (32), 'sigma' (135), 'square' (2), 's{italic}' (137), 'tau' (51), 'theta' (19), 't{italic}' (58), 'u{italic}' (27), 'varphi' (8), 'vartriangle' (5), 'w{italic}' (63), 'xi' (21), 'x{italic}' (298), 'y{italic}' (128), 'z{italic}' (2)
Set MATHPARSER_SPECULATE to speculate on possible notations.
(Finalizing... 5.22 sec)
Conversion complete 76 warnings (See /home/user/latex-in-arxiv/0301206.latexml.log) (reqd. 1m 50.07s)
