latexml (LaTeXML version 0.8.6) processing 2003/0301163.tex
(Digesting TeX 0301163...
(Loading /usr/share/perl5/LaTeXML/Package/TeX.pool.ltxml...
(Loading /usr/share/perl5/LaTeXML/Package/eTeX.pool.ltxml... 0.00 sec)
(Loading /usr/share/perl5/LaTeXML/Package/pdfTeX.pool.ltxml... 0.01 sec) 0.12 sec)
(Processing content /home/user/latex-in-arxiv/2003/0301163.tex...
(Loading /usr/share/perl5/LaTeXML/Package/LaTeX.pool.ltxml...
(Loading /usr/share/perl5/LaTeXML/Package/textcomp.sty.ltxml...
(Processing definitions /usr/share/texlive/texmf-dist/tex/latex-dev/base/ts1enc.dfu... 0.02 sec) 1.03 sec) 1.20 sec)
(Loading /usr/share/perl5/LaTeXML/Package/JHEP3.cls.ltxml...
(Loading /usr/share/perl5/LaTeXML/Package/JHEP.cls.ltxml...
(Loading /usr/share/perl5/LaTeXML/Package/article.cls.ltxml... 0.01 sec)
(Loading /usr/share/perl5/LaTeXML/Package/amssymb.sty.ltxml...
(Loading /usr/share/perl5/LaTeXML/Package/amsfonts.sty.ltxml... 0.00 sec) 0.02 sec)
(Loading /usr/share/perl5/LaTeXML/Package/floatflt.sty.ltxml... 0.01 sec) 0.06 sec) 0.06 sec) 7.85 sec) 8.01 sec)
(Building...
(Loading compiled schema /usr/share/perl5/LaTeXML/resources/RelaxNG/LaTeXML.model... 0.01 sec)
Info:malformed:id Duplicated attribute xml:id
	at 0301163.tex; line 202 col 3 - line 202 col 3
	Using id='S2.E8a' on <ltx:XMRow _box="Alignment[]" _font="Font[math,medium,italic,10,bla..."/>
	id='S2.E8' already set on <ltx:equation _box="LaTeXML::Core::Alignment=HASH(..." _font="Font[serif,medium,upright,10,b..." xml:id="S2.E8" _ID_counter_m_="3">...
Info:malformed:id Duplicated attribute xml:id
	at 0301163.tex; line 218 col 3 - line 218 col 3
	Using id='S2.E16a' on <ltx:XMRow _box="Alignment[]" _font="Font[math,medium,italic,10,bla..."/>
	id='S2.E16' already set on <ltx:equation _box="LaTeXML::Core::Alignment=HASH(..." _font="Font[serif,medium,upright,10,b..." xml:id="S2.E16" _ID_counter_m_="3">...
Info:malformed:id Duplicated attribute xml:id
	at 0301163.tex; line 233 col 32 - line 233 col 32
	Using id='S2.E24a' on <ltx:XMRow _box="Alignment[]" _font="Font[math,medium,italic,10,bla..."/>
	id='S2.E24' already set on <ltx:equation _box="LaTeXML::Core::Alignment=HASH(..." _font="Font[serif,medium,upright,10,b..." xml:id="S2.E24" _ID_counter_m_="1">...
Info:malformed:id Duplicated attribute xml:id
	at 0301163.tex; line 245 col 0 - line 245 col 38
	Using id='S2.E60a' on <ltx:tr _box="Alignment[]" _font="Font[serif,medium,upright,5,bl..."/>
	id='S2.E60' already set on <ltx:equation _box="LaTeXML::Core::Alignment=HASH(..." _font="Font[serif,medium,upright,5,bl..." xml:id="S2.E60" _ID_counter_m_="1">...
Warning:unexpected:ltx:tabular Don't know how to synthesize equation with ltx:tabular in column
	at 0301163.tex; line 244 col 0 - line 244 col 19
	In Core::Definition::Constructor[\@@eqna... /usr/share/perl5/LaTeXML/Package/LaTeX.pool.ltxml; line 2290
Info:malformed:id Duplicated attribute xml:id
	at 0301163.tex; line 327 col 0 - line 327 col 23
	Using id='S2.E75a' on <ltx:tr _box="Alignment[]" _font="Font[serif,medium,upright,10,b..."/>
	id='S2.E75' already set on <ltx:equation _box="LaTeXML::Core::Alignment=HASH(..." _font="Font[serif,medium,upright,10,b..." xml:id="S2.E75" _ID_counter_m_="1">...
Warning:unexpected:ltx:tabular Don't know how to synthesize equation with ltx:tabular in column
	at 0301163.tex; line 326 col 0 - line 326 col 17
	In Core::Definition::Constructor[\@@eqna... /usr/share/perl5/LaTeXML/Package/LaTeX.pool.ltxml; line 2290
Info:malformed:id Duplicated attribute xml:id
	at 0301163.tex; line 358 col 6 - line 358 col 6
	Using id='S2.E79a' on <ltx:XMRow _box="Alignment[]" _font="Font[math,medium,italic,10,bla..."/>
	id='S2.E79' already set on <ltx:equation _box="LaTeXML::Core::Alignment=HASH(..." _font="Font[serif,medium,upright,10,b..." xml:id="S2.E79" _ID_counter_m_="3">...
Info:malformed:id Duplicated attribute xml:id
	at 0301163.tex; line 366 col 6 - line 366 col 6
	Using id='S2.E87a' on <ltx:XMRow _box="Alignment[]" _font="Font[math,medium,italic,10,bla..."/>
	id='S2.E87' already set on <ltx:equation _box="LaTeXML::Core::Alignment=HASH(..." _font="Font[serif,medium,upright,10,b..." xml:id="S2.E87" _ID_counter_m_="3">...
Info:malformed:id Duplicated attribute xml:id
	at 0301163.tex; line 389 col 38 - line 389 col 38
	Using id='S2.E94a' on <ltx:XMRow _box="Alignment[]" _font="Font[math,medium,italic,10,bla..."/>
	id='S2.E94' already set on <ltx:equation _box="LaTeXML::Core::Alignment=HASH(..." _font="Font[serif,medium,upright,10,b..." xml:id="S2.E94" _ID_counter_m_="3">...
Info:malformed:id Duplicated attribute xml:id
	at 0301163.tex; line 404 col 38 - line 404 col 38
	Using id='S2.E101a' on <ltx:XMRow _box="Alignment[]" _font="Font[math,medium,italic,10,bla..."/>
	id='S2.E101' already set on <ltx:equation _box="LaTeXML::Core::Alignment=HASH(..." _font="Font[serif,medium,upright,10,b..." xml:id="S2.E101" _ID_counter_m_="3">...
Info:malformed:id Duplicated attribute xml:id
	at 0301163.tex; line 708 col 1 - line 708 col 1
	Using id='S4.E122a' on <ltx:XMRow _box="Alignment[]" _font="Font[math,medium,italic,10,bla..."/>
	id='S4.E122' already set on <ltx:equation _box="LaTeXML::Core::Alignment=HASH(..." _font="Font[serif,medium,upright,10,b..." xml:id="S4.E122" _ID_counter_m_="3">...
Info:malformed:id Duplicated attribute xml:id
	at 0301163.tex; line 715 col 1 - line 715 col 1
	Using id='S4.E125a' on <ltx:XMRow _box="Alignment[]" _font="Font[math,medium,italic,10,bla..."/>
	id='S4.E125' already set on <ltx:equation _box="LaTeXML::Core::Alignment=HASH(..." _font="Font[serif,medium,upright,10,b..." xml:id="S4.E125" _ID_counter_m_="3">...
Info:malformed:id Duplicated attribute xml:id
	at 0301163.tex; line 719 col 1 - line 719 col 1
	Using id='S4.E128a' on <ltx:XMRow _box="Alignment[]" _font="Font[math,medium,italic,10,bla..."/>
	id='S4.E128' already set on <ltx:equation _box="LaTeXML::Core::Alignment=HASH(..." _font="Font[serif,medium,upright,10,b..." xml:id="S4.E128" _ID_counter_m_="3">...
Info:malformed:id Duplicated attribute xml:id
	at 0301163.tex; line 779 col 48 - line 779 col 48
	Using id='S5.E137a' on <ltx:tr _box="Alignment[]" _font="Font[serif,medium,upright,10,b..."/>
	id='S5.E137' already set on <ltx:equation _box="LaTeXML::Core::Alignment=HASH(..." _font="Font[serif,medium,upright,10,b..." xml:id="S5.E137" _ID_counter_m_="1">...
Warning:unexpected:ltx:tabular Don't know how to synthesize equation with ltx:tabular in column
	at 0301163.tex; line 778 col 0 - line 778 col 19
	In Core::Definition::Constructor[\@@eqna... /usr/share/perl5/LaTeXML/Package/LaTeX.pool.ltxml; line 2290
Info:malformed:id Duplicated attribute xml:id
	at 0301163.tex; line 848 col 22 - line 848 col 22
	Using id='S5.E147a' on <ltx:tr _box="Alignment[]" _font="Font[serif,medium,upright,10,b..."/>
	id='S5.E147' already set on <ltx:equation _box="LaTeXML::Core::Alignment=HASH(..." _font="Font[serif,medium,upright,10,b..." xml:id="S5.E147" _ID_counter_m_="1">...
Warning:unexpected:ltx:tabular Don't know how to synthesize equation with ltx:tabular in column
	at 0301163.tex; line 847 col 0 - line 847 col 42
	In Core::Definition::Constructor[\@@eqna... /usr/share/perl5/LaTeXML/Package/LaTeX.pool.ltxml; line 2290
Info:malformed:id Duplicated attribute xml:id
	at 0301163.tex; line 868 col 0 - line 868 col 19
	Using id='S5.E153a' on <ltx:tr _box="Alignment[]" _font="Font[serif,medium,upright,10,b..."/>
	id='S5.E153' already set on <ltx:equation _box="LaTeXML::Core::Alignment=HASH(..." _font="Font[serif,medium,upright,10,b..." xml:id="S5.E153" _ID_counter_m_="1">...
Warning:unexpected:ltx:tabular Don't know how to synthesize equation with ltx:tabular in column
	at 0301163.tex; line 867 col 0 - line 867 col 29
	In Core::Definition::Constructor[\@@eqna... /usr/share/perl5/LaTeXML/Package/LaTeX.pool.ltxml; line 2290
Info:malformed:id Duplicated attribute xml:id
	at 0301163.tex; line 884 col 0 - line 884 col 19
	Using id='S5.E159a' on <ltx:tr _box="Alignment[]" _font="Font[serif,medium,upright,10,b..."/>
	id='S5.E159' already set on <ltx:equation _box="LaTeXML::Core::Alignment=HASH(..." _font="Font[serif,medium,upright,10,b..." xml:id="S5.E159" _ID_counter_m_="1">...
Warning:unexpected:ltx:tabular Don't know how to synthesize equation with ltx:tabular in column
	at 0301163.tex; line 883 col 0 - line 883 col 45
	In Core::Definition::Constructor[\@@eqna... /usr/share/perl5/LaTeXML/Package/LaTeX.pool.ltxml; line 2290
Info:malformed:id Duplicated attribute xml:id
	at 0301163.tex; line 946 col 1 - line 946 col 1
	Using id='S6.E164a' on <ltx:XMRow _box="Alignment[]" _font="Font[math,medium,italic,10,bla..."/>
	id='S6.E164' already set on <ltx:equation _box="LaTeXML::Core::Alignment=HASH(..." _font="Font[serif,medium,upright,10,b..." xml:id="S6.E164" _ID_counter_m_="3">...
Info:malformed:id Duplicated attribute xml:id
	at 0301163.tex; line 954 col 1 - line 954 col 1
	Using id='S6.E167a' on <ltx:XMRow _box="Alignment[]" _font="Font[math,medium,italic,10,bla..."/>
	id='S6.E167' already set on <ltx:equation _box="LaTeXML::Core::Alignment=HASH(..." _font="Font[serif,medium,upright,10,b..." xml:id="S6.E167" _ID_counter_m_="3">...
Info:malformed:id Duplicated attribute xml:id
	at 0301163.tex; line 977 col 3 - line 977 col 3
	Using id='S6.E172a' on <ltx:XMRow _box="Alignment[]" _font="Font[math,medium,italic,10,bla..."/>
	id='S6.E172' already set on <ltx:equation _box="LaTeXML::Core::Alignment=HASH(..." _font="Font[serif,medium,upright,10,b..." xml:id="S6.E172" _ID_counter_m_="1">...
Info:malformed:id Duplicated attribute xml:id
	at 0301163.tex; line 993 col 3 - line 993 col 3
	Using id='S6.E177a' on <ltx:XMRow _box="Alignment[]" _font="Font[math,medium,italic,10,bla..."/>
	id='S6.E177' already set on <ltx:equation _box="LaTeXML::Core::Alignment=HASH(..." _font="Font[serif,medium,upright,10,b..." xml:id="S6.E177" _ID_counter_m_="1">...
 5.68 sec)
(Rewriting... 0.12 sec)
(Math Parsing 554 formulae ......
Warning:not_parsed:PUNCT.UNKNOWN.POSTSUBSCRIPT>CLOSE MathParser failed to match rule 'Anything'
	at 0301163.tex; line 597 col 3 - line 597 col 3
	In "$\displaystyle\{Q_{a},Q_{b}\}=\{{Q^{\dagger}}_{a},{Q^{\dagger}}_{b}\}=0,\@@ENDINLINEMATH"
	{[[UNKNOWN]] Q[[UNKNOWN]] _{a}[[POSTSUBSCRIPT]] ,[[PUNCT]] Q[[UNKNOWN]] _{b}[[POSTSUBSCRIPT]]
	        > \}[[CLOSE]] =[[RELOP]] \{[[OPEN]] Q[[UNKNOWN]] ^{\dagger}[[POSTSUPERSCRIPT]] _{a}[[POSTSUBSCRIPT]] ,[[PUNCT]] Q[[UNKNOWN]] ^{\dagger}[[POSTSUPERSCRIPT]] _{b}[[POSTSUBSCRIPT]] \}[[CLOSE]] =[[RELOP]] 0[[NUMBER]]
Warning:not_parsed:PUNCT.UNKNOWN.POSTSUBSCRIPT>CLOSE MathParser failed to match rule 'Anything'
	at 0301163.tex; line 597 col 3 - line 597 col 53
	In "$\displaystyle\{Q_{a},Q_{b}\}=\{{Q^{\dagger}}_{a},{Q^{\dagger}}_{b}\}=0,$"
	{[[UNKNOWN]] Q[[UNKNOWN]] _{a}[[POSTSUBSCRIPT]] ,[[PUNCT]] Q[[UNKNOWN]] _{b}[[POSTSUBSCRIPT]]
	        > \}[[CLOSE]] =[[RELOP]] \{[[OPEN]] Q[[UNKNOWN]] ^{\dagger}[[POSTSUPERSCRIPT]] _{a}[[POSTSUBSCRIPT]] ,[[PUNCT]] Q[[UNKNOWN]] ^{\dagger}[[POSTSUPERSCRIPT]] _{b}[[POSTSUBSCRIPT]] \}[[CLOSE]] =[[RELOP]] 0[[NUMBER]]
Warning:not_parsed:UNKNOWN.POSTSUPERSCRIPT.POSTSUBSCRIPT>CLOSE MathParser failed to match rule 'Anything'
	at 0301163.tex; line 598 col 3 - line 598 col 3
	In "$\displaystyle\{Q_{a},{Q^{\dagger}}_{b}\}=Z_{ab}.\@@ENDINLINEMATH"
	{[[UNKNOWN]] Q[[UNKNOWN]] _{a}[[POSTSUBSCRIPT]] ,[[PUNCT]] Q[[UNKNOWN]] ^{\dagger}[[POSTSUPERSCRIPT]] _{b}[[POSTSUBSCRIPT]]
	        > \}[[CLOSE]] =[[RELOP]] Z[[UNKNOWN]] _{ab}[[POSTSUBSCRIPT]]
Warning:not_parsed:UNKNOWN.POSTSUPERSCRIPT.POSTSUBSCRIPT>CLOSE MathParser failed to match rule 'Anything'
	at 0301163.tex; line 598 col 3 - line 598 col 35
	In "$\displaystyle\{Q_{a},{Q^{\dagger}}_{b}\}=Z_{ab}.$"
	{[[UNKNOWN]] Q[[UNKNOWN]] _{a}[[POSTSUBSCRIPT]] ,[[PUNCT]] Q[[UNKNOWN]] ^{\dagger}[[POSTSUPERSCRIPT]] _{b}[[POSTSUBSCRIPT]]
	        > \}[[CLOSE]] =[[RELOP]] Z[[UNKNOWN]] _{ab}[[POSTSUBSCRIPT]]
Warning:not_parsed:UNKNOWN.PUNCT.UNKNOWN>CLOSE MathParser failed to match rule 'Anything'
	at 0301163.tex; line 638 col 2 - line 638 col 2
	In "$\displaystyle\{{\cal Q},{\cal Q}\}=\{{\overline{\cal Q}},{\overline{\cal Q}}%
	\}=0,\{{\cal Q},{\overline{\cal Q}}\}={\cal{H}}.\@@ENDINLINEMATH"
	{[[UNKNOWN]] Q[[UNKNOWN]] ,[[PUNCT]] Q[[UNKNOWN]]
	        > \}[[CLOSE]] =[[RELOP]] \{[[OPEN]] \overline{\calQ}[[UNKNOWN]] ,[[PUNCT]] \overline{\calQ}[[UNKNOWN]] \}[[CLOSE]] =[[RELOP]] 0[[NUMBER]] ,[[PUNCT]] {[[UNKNOWN]] Q[[UNKNOWN]] ,[[PUNCT]] \overline{\calQ}[[UNKNOWN]] \}[[CLOSE]] =[[RELOP]] H[[UNKNOWN]]
Warning:not_parsed:UNKNOWN.PUNCT.UNKNOWN>CLOSE MathParser failed to match rule 'Anything'
	at 0301163.tex; line 638 col 2 - line 639 col 11
	In "$\displaystyle\{{\cal Q},{\cal Q}\}=\{{\overline{\cal Q}},{\overline{\cal Q}}%
	\}=0,$"
	{[[UNKNOWN]] Q[[UNKNOWN]] ,[[PUNCT]] Q[[UNKNOWN]]
	        > \}[[CLOSE]] =[[RELOP]] \{[[OPEN]] \overline{\calQ}[[UNKNOWN]] ,[[PUNCT]] \overline{\calQ}[[UNKNOWN]] \}[[CLOSE]] =[[RELOP]] 0[[NUMBER]]
Warning:not_parsed:UNKNOWN.PUNCT.ATOM>CLOSE MathParser failed to match rule 'Anything'
	at 0301163.tex; line 639 col 20 - line 641 col 14
	In "$\displaystyle\{{\cal Q},{\overline{\cal Q}}\}={\cal{H}}.$"
	{[[UNKNOWN]] Q[[UNKNOWN]] ,[[PUNCT]] \overline{\calQ}[[UNKNOWN]]
	        > \}[[CLOSE]] =[[RELOP]] H[[UNKNOWN]]
Warning:not_parsed:PUNCT.UNKNOWN.POSTSUBSCRIPT>CLOSE MathParser failed to match rule 'Anything'
	at 0301163.tex; line 660 col 2 - line 660 col 2
	In "$\displaystyle\{Q_{0},Q_{0}\}-\{Q_{i},Q_{i}\}=0,\@@ENDINLINEMATH"
	{[[UNKNOWN]] Q[[UNKNOWN]] _{0}[[POSTSUBSCRIPT]] ,[[PUNCT]] Q[[UNKNOWN]] _{0}[[POSTSUBSCRIPT]]
	        > \}[[CLOSE]] -[[ADDOP]] \{[[OPEN]] Q[[UNKNOWN]] _{i}[[POSTSUBSCRIPT]] ,[[PUNCT]] Q[[UNKNOWN]] _{i}[[POSTSUBSCRIPT]] \}[[CLOSE]] =[[RELOP]] 0[[NUMBER]]
Warning:not_parsed:PUNCT.UNKNOWN.POSTSUBSCRIPT>CLOSE MathParser failed to match rule 'Anything'
	at 0301163.tex; line 660 col 2 - line 660 col 26
	In "$\displaystyle\{Q_{0},Q_{0}\}-\{Q_{i},Q_{i}\}$"
	{[[UNKNOWN]] Q[[UNKNOWN]] _{0}[[POSTSUBSCRIPT]] ,[[PUNCT]] Q[[UNKNOWN]] _{0}[[POSTSUBSCRIPT]]
	        > \}[[CLOSE]] -[[ADDOP]] \{[[OPEN]] Q[[UNKNOWN]] _{i}[[POSTSUBSCRIPT]] ,[[PUNCT]] Q[[UNKNOWN]] _{i}[[POSTSUBSCRIPT]] \}[[CLOSE]]
Warning:not_parsed:PUNCT.UNKNOWN.POSTSUBSCRIPT>CLOSE MathParser failed to match rule 'Anything'
	at 0301163.tex; line 660 col 44 - line 660 col 44
	In "$\displaystyle\{Q_{0},Q_{i}\}=0,\@@ENDINLINEMATH"
	{[[UNKNOWN]] Q[[UNKNOWN]] _{0}[[POSTSUBSCRIPT]] ,[[PUNCT]] Q[[UNKNOWN]] _{i}[[POSTSUBSCRIPT]]
	        > \}[[CLOSE]] =[[RELOP]] 0[[NUMBER]]
Warning:not_parsed:PUNCT.UNKNOWN.POSTSUBSCRIPT>CLOSE MathParser failed to match rule 'Anything'
	at 0301163.tex; line 660 col 44 - line 661 col 1
	In "$\displaystyle\{Q_{0},Q_{i}\}$"
	{[[UNKNOWN]] Q[[UNKNOWN]] _{0}[[POSTSUBSCRIPT]] ,[[PUNCT]] Q[[UNKNOWN]] _{i}[[POSTSUBSCRIPT]]
	        > \}[[CLOSE]]
Warning:not_parsed:PUNCT.UNKNOWN.POSTSUBSCRIPT>CLOSE MathParser failed to match rule 'Anything'
	at 0301163.tex; line 661 col 54 - line 661 col 54
	In "$\displaystyle\{Q_{0},Q_{0}\}+\{Q_{i},Q_{i}\}=H,\@@ENDINLINEMATH"
	{[[UNKNOWN]] Q[[UNKNOWN]] _{0}[[POSTSUBSCRIPT]] ,[[PUNCT]] Q[[UNKNOWN]] _{0}[[POSTSUBSCRIPT]]
	        > \}[[CLOSE]] +[[ADDOP]] \{[[OPEN]] Q[[UNKNOWN]] _{i}[[POSTSUBSCRIPT]] ,[[PUNCT]] Q[[UNKNOWN]] _{i}[[POSTSUBSCRIPT]] \}[[CLOSE]] =[[RELOP]] H[[UNKNOWN]]
Warning:not_parsed:PUNCT.UNKNOWN.POSTSUBSCRIPT>CLOSE MathParser failed to match rule 'Anything'
	at 0301163.tex; line 661 col 54 - line 662 col 14
	In "$\displaystyle\{Q_{0},Q_{0}\}+\{Q_{i},Q_{i}\}$"
	{[[UNKNOWN]] Q[[UNKNOWN]] _{0}[[POSTSUBSCRIPT]] ,[[PUNCT]] Q[[UNKNOWN]] _{0}[[POSTSUBSCRIPT]]
	        > \}[[CLOSE]] +[[ADDOP]] \{[[OPEN]] Q[[UNKNOWN]] _{i}[[POSTSUBSCRIPT]] ,[[PUNCT]] Q[[UNKNOWN]] _{i}[[POSTSUBSCRIPT]] \}[[CLOSE]]
Warning:not_parsed:UNKNOWN.PUNCT.UNKNOWN>CLOSE MathParser failed to match rule 'Anything'
	at 0301163.tex; line 683 col 2 - line 683 col 2
	In "$\displaystyle\{q,\lambda\}=0,\@@ENDINLINEMATH"
	{[[UNKNOWN]] q[[UNKNOWN]] ,[[PUNCT]] λ[[UNKNOWN]]
	        > \}[[CLOSE]] =[[RELOP]] 0[[NUMBER]]
Warning:not_parsed:UNKNOWN.PUNCT.UNKNOWN>CLOSE MathParser failed to match rule 'Anything'
	at 0301163.tex; line 683 col 2 - line 683 col 17
	In "$\displaystyle\{q,\lambda\}$"
	{[[UNKNOWN]] q[[UNKNOWN]] ,[[PUNCT]] λ[[UNKNOWN]]
	        > \}[[CLOSE]]
Warning:not_parsed:UNKNOWN.PUNCT.UNKNOWN>CLOSE MathParser failed to match rule 'Anything'
	at 0301163.tex; line 683 col 36 - line 683 col 36
	In "$\displaystyle\{q,q\}=-\{\lambda,\lambda\}=\frac{1}{2}H.\@@ENDINLINEMATH"
	{[[UNKNOWN]] q[[UNKNOWN]] ,[[PUNCT]] q[[UNKNOWN]]
	        > \}[[CLOSE]] =[[RELOP]] -[[ADDOP]] \{[[OPEN]] λ[[UNKNOWN]] ,[[PUNCT]] λ[[UNKNOWN]] \}[[CLOSE]] =[[RELOP]] \frac{1}{2}[[UNKNOWN]] H[[UNKNOWN]]
Warning:not_parsed:UNKNOWN.PUNCT.UNKNOWN>CLOSE MathParser failed to match rule 'Anything'
	at 0301163.tex; line 683 col 36 - line 683 col 64
	In "$\displaystyle\{q,q\}=-\{\lambda,\lambda\}$"
	{[[UNKNOWN]] q[[UNKNOWN]] ,[[PUNCT]] q[[UNKNOWN]]
	        > \}[[CLOSE]] =[[RELOP]] -[[ADDOP]] \{[[OPEN]] λ[[UNKNOWN]] ,[[PUNCT]] λ[[UNKNOWN]] \}[[CLOSE]]
Warning:not_parsed:UNKNOWN.POSTSUPERSCRIPT.POSTSUBSCRIPT>CLOSE MathParser failed to match rule 'Anything'
	at 0301163.tex; line 745 col 2 - line 745 col 2
	In "$\displaystyle\{Q_{a},{Q^{\dagger}}_{b}\}=Z_{ab},\@@ENDINLINEMATH"
	{[[UNKNOWN]] Q[[UNKNOWN]] _{a}[[POSTSUBSCRIPT]] ,[[PUNCT]] Q[[UNKNOWN]] ^{\dagger}[[POSTSUPERSCRIPT]] _{b}[[POSTSUBSCRIPT]]
	        > \}[[CLOSE]] =[[RELOP]] Z[[UNKNOWN]] _{ab}[[POSTSUBSCRIPT]]
Warning:not_parsed:UNKNOWN.POSTSUPERSCRIPT.POSTSUBSCRIPT>CLOSE MathParser failed to match rule 'Anything'
	at 0301163.tex; line 745 col 2 - line 745 col 25
	In "$\displaystyle\{Q_{a},{Q^{\dagger}}_{b}\}$"
	{[[UNKNOWN]] Q[[UNKNOWN]] _{a}[[POSTSUBSCRIPT]] ,[[PUNCT]] Q[[UNKNOWN]] ^{\dagger}[[POSTSUPERSCRIPT]] _{b}[[POSTSUBSCRIPT]]
	        > \}[[CLOSE]]
Warning:not_parsed:CLOSE.RELOP.ATOM>OPEN MathParser failed to match rule 'Anything'
	at 0301163.tex; line 814 col 1 - line 814 col 1
	In "$\displaystyle(A_{1}\cdot A_{2}\cdot\dots\cdot A_{n})\equiv\frac{1}{2}(.((A_{1%
	}A_{2})A_{3}\dots)A_{k})+\frac{1}{2}(A_{1}(A_{2}(\dots A_{k})).).\@@ENDINLINEMATH"
	([[OPEN]] A[[UNKNOWN]] _{1}[[POSTSUBSCRIPT]] ⋅[[MULOP]] A[[UNKNOWN]] _{2}[[POSTSUBSCRIPT]] ⋅[[MULOP]] \dots[[ID]] ⋅[[MULOP]] A[[UNKNOWN]] _{n}[[POSTSUBSCRIPT]] )[[CLOSE]] ≡[[RELOP]] \frac{1}{2}[[UNKNOWN]]
	        > ([[OPEN]] .[[PERIOD]] ([[OPEN]] ([[OPEN]] A[[UNKNOWN]] _{1}[[POSTSUBSCRIPT]] A[[UNKNOWN]] _{2}[[POSTSUBSCRIPT]] )[[CLOSE]] A[[UNKNOWN]] _{3}[[POSTSUBSCRIPT]] \dots[[ID]] )[[CLOSE]] A[[UNKNOWN]] _{k}[[POSTSUBSCRIPT]] )[[CLOSE]] +[[ADDOP]] \frac{1}{2}[[UNKNOWN]] ([[OPEN]] A[[UNKNOWN]] _{1}[[POSTSUBSCRIPT]] ([[OPEN]] A[[UNKNOWN]] _{2}[[POSTSUBSCRIPT]] ([[OPEN]] \dots[[ID]] A[[UNKNOWN]] _{k}[[POSTSUBSCRIPT]] )[[CLOSE]] )[[CLOSE]] .[[PERIOD]] )[[CLOSE]]
Warning:not_parsed:ATOM>OPEN MathParser failed to match rule 'Anything'
	at 0301163.tex; line 814 col 51 - line 816 col 14
	In "$\displaystyle\frac{1}{2}(.((A_{1}A_{2})A_{3}\dots)A_{k})+\frac{1}{2}(A_{1}(A_%
	{2}(\dots A_{k})).).$"
	\frac{1}{2}[[UNKNOWN]]
	        > ([[OPEN]] .[[PERIOD]] ([[OPEN]] ([[OPEN]] A[[UNKNOWN]] _{1}[[POSTSUBSCRIPT]] A[[UNKNOWN]] _{2}[[POSTSUBSCRIPT]] )[[CLOSE]] A[[UNKNOWN]] _{3}[[POSTSUBSCRIPT]] \dots[[ID]] )[[CLOSE]] A[[UNKNOWN]] _{k}[[POSTSUBSCRIPT]] )[[CLOSE]] +[[ADDOP]] \frac{1}{2}[[UNKNOWN]] ([[OPEN]] A[[UNKNOWN]] _{1}[[POSTSUBSCRIPT]] ([[OPEN]] A[[UNKNOWN]] _{2}[[POSTSUBSCRIPT]] ([[OPEN]] \dots[[ID]] A[[UNKNOWN]] _{k}[[POSTSUBSCRIPT]] )[[CLOSE]] )[[CLOSE]] .[[PERIOD]] )[[CLOSE]]
Warning:not_parsed:OPEN.UNKNOWN.POSTSUBSCRIPT> MathParser failed to match rule 'Subscript'
	at 0301163.tex; line 837 col 53 - line 837 col 53
	In "$\displaystyle[\Gamma_{{\mu_{1}}\dots\mu_{5}}]={A_{[\mu_{1}\dots\mu_{5}]}}^{%
	\nu}\Gamma_{\nu}+{A_{[\mu_{1}\dots\mu_{5}]}}^{[\nu_{1}\nu_{2}]}\Gamma_{[\nu_{1%
	}}\Gamma_{\nu_{2}]},\@@ENDINLINEMATH"
	[[[OPEN]] ν[[UNKNOWN]] _{1}[[POSTSUBSCRIPT]]
	        > 
Warning:not_parsed:UNKNOWN.POSTSUBSCRIPT>CLOSE MathParser failed to match rule 'Subscript'
	at 0301163.tex; line 837 col 68 - line 837 col 68
	ν[[UNKNOWN]] _{2}[[POSTSUBSCRIPT]]
	        > ][[CLOSE]]
Warning:not_parsed:OPEN.UNKNOWN.POSTSUBSCRIPT> MathParser failed to match rule 'Subscript'
	at 0301163.tex; line 837 col 53 - line 837 col 53
	In "$\displaystyle{A_{[\mu_{1}\dots\mu_{5}]}}^{\nu}\Gamma_{\nu}+{A_{[\mu_{1}\dots%
	\mu_{5}]}}^{[\nu_{1}\nu_{2}]}\Gamma_{[\nu_{1}}\Gamma_{\nu_{2}]},$"
	[[[OPEN]] ν[[UNKNOWN]] _{1}[[POSTSUBSCRIPT]]
	        > 
Warning:not_parsed:UNKNOWN.POSTSUBSCRIPT>CLOSE MathParser failed to match rule 'Subscript'
	at 0301163.tex; line 837 col 68 - line 837 col 68
	ν[[UNKNOWN]] _{2}[[POSTSUBSCRIPT]]
	        > ][[CLOSE]]
 5.59 sec)
Math parsing succeeded:
   ltx:XMArg: 903/907
   ltx:XMath: 533/554
Symbols assumed as simple identifiers (with # of occurences):
   'A{italic}' (66), 'B{italic}' (8), 'C{italic}' (79), 'D{italic}' (25), 'E{italic}' (3), 'F{italic}' (2), 'Gamma' (33), 'G{italic}' (4), 'H{caligraphic}' (5), 'H{italic}' (6), 'J{italic}' (3), 'M{bold}' (4), 'M{caligraphic}' (4), 'M{italic}' (11), 'N{italic}' (5), 'Omega' (1), 'O{bold}' (14), 'O{italic}' (6), 'Psi' (1), 'P{italic}' (8), 'Q{bold}' (4), 'Q{caligraphic}' (19), 'Q{italic}' (105), 'Sigma' (3), 'S{italic}' (22), 'X{italic}' (11), 'Z{caligraphic}' (5), 'Z{italic}' (22), 'alpha' (2), 'a{italic}' (27), 'beta' (2), 'b{italic}' (20), 'c{italic}' (1), 'delta' (5), 'd{italic}' (4), 'epsilon' (3), 'eta' (1), 'e{italic}' (4), 'f{italic}' (2), 'gamma' (58), 'g{italic}' (2), 'i{italic}' (33), 'j{italic}' (14), 'k{italic}' (18), 'lambda' (22), 'mu' (51), 'm{italic}' (5), 'nu' (27), 'n{italic}' (25), 'o{italic}' (4), 'psi' (1), 'p{italic}' (29), 'q{italic}' (34), 'r{italic}' (4), 'tau' (69), 't{italic}' (16), 'x{italic}' (6), 'y{italic}' (2), '{' (40)
Set MATHPARSER_SPECULATE to speculate on possible notations.
(Finalizing... 0.62 sec)
Conversion complete 31 warnings (See /home/user/latex-in-arxiv/0301163.latexml.log) (reqd. 20.54s)
