latexml (LaTeXML version 0.8.6) processing 2003/0301174_cleaned.tex
(Digesting TeX 0301174_cleaned...
(Loading /usr/share/perl5/LaTeXML/Package/TeX.pool.ltxml...
(Loading /usr/share/perl5/LaTeXML/Package/eTeX.pool.ltxml... 0.00 sec)
(Loading /usr/share/perl5/LaTeXML/Package/pdfTeX.pool.ltxml... 0.01 sec) 0.12 sec)
(Processing content /home/user/latex-in-arxiv/2003/0301174_cleaned.tex...
(Loading /usr/share/perl5/LaTeXML/Package/LaTeX.pool.ltxml...
(Loading /usr/share/perl5/LaTeXML/Package/textcomp.sty.ltxml...
(Processing definitions /usr/share/texlive/texmf-dist/tex/latex-dev/base/ts1enc.dfu... 0.04 sec) 1.45 sec) 1.63 sec)
Info:unexpected:\documentstyle Entering LaTeX 2.09 Compatibility mode
	at 0301174_cleaned.tex; line 1 col 0 - line 1 col 29
(Loading /usr/share/perl5/LaTeXML/Package/article.cls.ltxml... 0.02 sec) 8.39 sec) 8.57 sec)
(Building...
(Loading compiled schema /usr/share/perl5/LaTeXML/resources/RelaxNG/LaTeXML.model... 0.01 sec) 7.10 sec)
(Rewriting... 0.19 sec)
(Math Parsing 197 formulae ......
Warning:not_parsed:UNKNOWN>CLOSE MathParser failed to match rule 'Anything'
	at 0301174_cleaned.tex; line 74 col 0 - line 77 col 3
	In "\begin{equation}a)\,\,\,j^{\mu(5)}=\bar{\psi}*\gamma^{\mu}\gamma^{5}\psi,\,\,%
	\,b)\,\,\,J^{\mu(5)}=-\psi^{t}*(\gamma^{\mu}\gamma^{5})^{t}\bar{\psi}^{t}\end{equation}"
	a[[UNKNOWN]]
	        > )[[CLOSE]] j[[UNKNOWN]] ^{\mu(5)}[[POSTSUPERSCRIPT]] =[[RELOP]] \bar{\psi}[[UNKNOWN]] *[[MULOP]] γ[[UNKNOWN]] ^{\mu}[[POSTSUPERSCRIPT]] γ[[UNKNOWN]] ^{5}[[POSTSUPERSCRIPT]] ψ[[UNKNOWN]] ,[[PUNCT]] b[[UNKNOWN]] )[[CLOSE]] J[[UNKNOWN]] ^{\mu(5)}[[POSTSUPERSCRIPT]] =[[RELOP]] -[[ADDOP]] ψ[[UNKNOWN]] ^{t}[[POSTSUPERSCRIPT]] *[[MULOP]] ([[OPEN]] γ[[UNKNOWN]] ^{\mu}[[POSTSUPERSCRIPT]] γ[[UNKNOWN]] ^{5}[[POSTSUPERSCRIPT]] )[[CLOSE]] ^{t}[[POSTSUPERSCRIPT]] \bar{\psi}[[UNKNOWN]] ^{t}[[POSTSUPERSCRIPT]]
Warning:not_parsed:OPEN.UNKNOWN.CLOSE>RELOP MathParser failed to match rule 'Anything'
	at 0301174_cleaned.tex; line 96 col 0 - line 99 col 3
	In "\begin{equation}U(x)=*exp(i\alpha(x))=1+i\alpha(x)-{1\over 2}\alpha(x)*\alpha(%
	x)+O(*\alpha^{3})\end{equation}"
	U[[UNKNOWN]] ([[OPEN]] x[[UNKNOWN]] )[[CLOSE]]
	        > =[[RELOP]] *[[MULOP]] e[[UNKNOWN]] x[[UNKNOWN]] p[[UNKNOWN]] ([[OPEN]] i[[UNKNOWN]] α[[UNKNOWN]] ([[OPEN]] x[[UNKNOWN]] )[[CLOSE]] )[[CLOSE]] =[[RELOP]] 1[[NUMBER]] +[[ADDOP]] i[[UNKNOWN]] α[[UNKNOWN]] ([[OPEN]] x[[UNKNOWN]] )[[CLOSE]] -[[ADDOP]] 1\over2[[UNKNOWN]] α[[UNKNOWN]] ([[OPEN]] x[[UNKNOWN]] )[[CLOSE]] *[[MULOP]] α[[UNKNOWN]] ([[OPEN]] x[[UNKNOWN]] )[[CLOSE]] +[[ADDOP]] O[[UNKNOWN]] ([[OPEN]] *[[MULOP]] α[[UNKNOWN]] ^{3}[[POSTSUPERSCRIPT]] )[[CLOSE]]
Warning:not_parsed:UNKNOWN>CLOSE MathParser failed to match rule 'Anything'
	at 0301174_cleaned.tex; line 111 col 0 - line 114 col 3
	In "\begin{equation}a)\,\,\,\partial_{\mu}j^{\mu(5)}=0;\,\,\,b)\,\,\,D_{\mu}J^{\mu%
	(5)}=\partial_{\mu}J^{\mu(5)}+i[A_{\mu},J^{\mu(5)}]_{*}=0\end{equation}"
	a[[UNKNOWN]]
	        > )[[CLOSE]] ∂[[OPERATOR]] _{\mu}[[POSTSUBSCRIPT]] j[[UNKNOWN]] ^{\mu(5)}[[POSTSUPERSCRIPT]] =[[RELOP]] 0[[NUMBER]] ;[[PUNCT]] b[[UNKNOWN]] )[[CLOSE]] D[[UNKNOWN]] _{\mu}[[POSTSUBSCRIPT]] J[[UNKNOWN]] ^{\mu(5)}[[POSTSUPERSCRIPT]] =[[RELOP]] ∂[[OPERATOR]] _{\mu}[[POSTSUBSCRIPT]] J[[UNKNOWN]] ^{\mu(5)}[[POSTSUPERSCRIPT]] +[[ADDOP]] i[[UNKNOWN]] [[[OPEN]] A[[UNKNOWN]] _{\mu}[[POSTSUBSCRIPT]] ,[[PUNCT]] J[[UNKNOWN]] ^{\mu(5)}[[POSTSUPERSCRIPT]] ][[CLOSE]] _{*}[[POSTSUBSCRIPT]] =[[RELOP]] 0[[NUMBER]]
Warning:not_parsed:UNKNOWN.POSTSUBSCRIPT.CLOSE>OPEN MathParser failed to match rule 'Anything'
	at 0301174_cleaned.tex; line 164 col 0 - line 167 col 3
	In "\begin{equation}\partial_{\mu}j^{\mu(5)}=N(1-\theta^{\alpha\beta}\partial_{%
	\alpha}A_{\beta})(F\wedge F\wedge F.............\wedge F)_{n-fold}+O(\theta^{2%
	})\end{equation}"
	∂[[OPERATOR]] _{\mu}[[POSTSUBSCRIPT]] j[[UNKNOWN]] ^{\mu(5)}[[POSTSUPERSCRIPT]] =[[RELOP]] N[[UNKNOWN]] ([[OPEN]] 1[[NUMBER]] -[[ADDOP]] θ[[UNKNOWN]] ^{\alpha\beta}[[POSTSUPERSCRIPT]] ∂[[OPERATOR]] _{\alpha}[[POSTSUBSCRIPT]] A[[UNKNOWN]] _{\beta}[[POSTSUBSCRIPT]] )[[CLOSE]]
	        > ([[OPEN]] F[[UNKNOWN]] ∧[[ADDOP]] F[[UNKNOWN]] ∧[[ADDOP]] F[[UNKNOWN]] ...[[ID]] ...[[ID]] ...[[ID]] ...[[ID]] .[[PERIOD]] ∧[[ADDOP]] F[[UNKNOWN]] )[[CLOSE]] _{n-fold}[[POSTSUBSCRIPT]] +[[ADDOP]] O[[UNKNOWN]] ([[OPEN]] θ[[UNKNOWN]] ^{2}[[POSTSUPERSCRIPT]] )[[CLOSE]]
Warning:not_parsed:OPEN.MULOP.CLOSE>OPEN MathParser failed to match rule 'Anything'
	at 0301174_cleaned.tex; line 178 col 74 - line 178 col 118
	In "$(*)(F\wedge F\wedge F.............\wedge F)$"
	([[OPEN]] *[[MULOP]] )[[CLOSE]]
	        > ([[OPEN]] F[[UNKNOWN]] ∧[[ADDOP]] F[[UNKNOWN]] ∧[[ADDOP]] F[[UNKNOWN]] ...[[ID]] ...[[ID]] ...[[ID]] ...[[ID]] .[[PERIOD]] ∧[[ADDOP]] F[[UNKNOWN]] )[[CLOSE]]
Warning:not_parsed:OPEN.MULOP.CLOSE>OPEN MathParser failed to match rule 'Anything'
	at 0301174_cleaned.tex; line 179 col 0 - line 182 col 3
	In "\begin{equation}(*)(F\wedge F\wedge F.............\wedge F)_{n-fold}=(F\wedge F%
	\wedge F.............\wedge F)_{n-fold}+O(\theta^{2})\end{equation}"
	([[OPEN]] *[[MULOP]] )[[CLOSE]]
	        > ([[OPEN]] F[[UNKNOWN]] ∧[[ADDOP]] F[[UNKNOWN]] ∧[[ADDOP]] F[[UNKNOWN]] ...[[ID]] ...[[ID]] ...[[ID]] ...[[ID]] .[[PERIOD]] ∧[[ADDOP]] F[[UNKNOWN]] )[[CLOSE]] _{n-fold}[[POSTSUBSCRIPT]] =[[RELOP]] ([[OPEN]] F[[UNKNOWN]] ∧[[ADDOP]] F[[UNKNOWN]] ∧[[ADDOP]] F[[UNKNOWN]] ...[[ID]] ...[[ID]] ...[[ID]] ...[[ID]] .[[PERIOD]] ∧[[ADDOP]] F[[UNKNOWN]] )[[CLOSE]] _{n-fold}[[POSTSUBSCRIPT]] +[[ADDOP]] O[[UNKNOWN]] ([[OPEN]] θ[[UNKNOWN]] ^{2}[[POSTSUPERSCRIPT]] )[[CLOSE]]
Warning:not_parsed:POSTSUPERSCRIPT.RELOP.UNKNOWN>MULOP MathParser failed to match rule 'Anything'
	at 0301174_cleaned.tex; line 222 col 0 - line 225 col 3
	In "\begin{equation}\partial_{\mu}j^{\mu(5)}=N*(f\wedge f\wedge f.............%
	\wedge f)_{n-fold}\end{equation}"
	∂[[OPERATOR]] _{\mu}[[POSTSUBSCRIPT]] j[[UNKNOWN]] ^{\mu(5)}[[POSTSUPERSCRIPT]] =[[RELOP]] N[[UNKNOWN]]
	        > *[[MULOP]] ([[OPEN]] f[[UNKNOWN]] ∧[[ADDOP]] f[[UNKNOWN]] ∧[[ADDOP]] f[[UNKNOWN]] ...[[ID]] ...[[ID]] ...[[ID]] ...[[ID]] .[[PERIOD]] ∧[[ADDOP]] f[[UNKNOWN]] )[[CLOSE]] _{n-fold}[[POSTSUBSCRIPT]]
Warning:not_parsed:POSTSUPERSCRIPT.RELOP.UNKNOWN>OPEN MathParser failed to match rule 'Anything'
	at 0301174_cleaned.tex; line 245 col 0 - line 249 col 3
	In "\begin{equation}\partial_{\mu}j^{\mu(5)}=N[(F+n(F\theta F))\wedge(F\wedge F%
	\wedge F.............\wedge F)+\theta^{\lambda\rho}\Big{(}A_{\lambda}\partial_%
	{\rho}(F\wedge F\wedge F.............\wedge F)\Big{)}]\end{equation}"
	∂[[OPERATOR]] _{\mu}[[POSTSUBSCRIPT]] j[[UNKNOWN]] ^{\mu(5)}[[POSTSUPERSCRIPT]] =[[RELOP]] N[[UNKNOWN]]
	        > [[[OPEN]] ([[OPEN]] F[[UNKNOWN]] +[[ADDOP]] n[[UNKNOWN]] ([[OPEN]] F[[UNKNOWN]] θ[[UNKNOWN]] F[[UNKNOWN]] )[[CLOSE]] )[[CLOSE]] ∧[[ADDOP]] ([[OPEN]] F[[UNKNOWN]] ∧[[ADDOP]] F[[UNKNOWN]] ∧[[ADDOP]] F[[UNKNOWN]] ...[[ID]] ...[[ID]] ...[[ID]] ...[[ID]] .[[PERIOD]] ∧[[ADDOP]] F[[UNKNOWN]] )[[CLOSE]] +[[ADDOP]] θ[[UNKNOWN]] ^{\lambda\rho}[[POSTSUPERSCRIPT]] ([[OPEN]] A[[UNKNOWN]] _{\lambda}[[POSTSUBSCRIPT]] ∂[[OPERATOR]] _{\rho}[[POSTSUBSCRIPT]] ([[OPEN]] F[[UNKNOWN]] ∧[[ADDOP]] F[[UNKNOWN]] ∧[[ADDOP]] F[[UNKNOWN]] ...[[ID]] ...[[ID]] ...[[ID]] ...[[ID]] .[[PERIOD]] ∧[[ADDOP]] F[[UNKNOWN]] )[[CLOSE]] )[[CLOSE]] ][[CLOSE]]
Warning:not_parsed:POSTSUPERSCRIPT.RELOP.UNKNOWN>OPEN MathParser failed to match rule 'Anything'
	at 0301174_cleaned.tex; line 257 col 2 - line 257 col 2
	In "$\displaystyle\partial_{\mu}j^{\mu(5)}=N[(F+n(F\theta F))\wedge(F\wedge F%
	\wedge F.............\wedge F)\@@ENDINLINEMATH"
	∂[[OPERATOR]] _{\mu}[[POSTSUBSCRIPT]] j[[UNKNOWN]] ^{\mu(5)}[[POSTSUPERSCRIPT]] =[[RELOP]] N[[UNKNOWN]]
	        > [[[OPEN]] ([[OPEN]] F[[UNKNOWN]] +[[ADDOP]] n[[UNKNOWN]] ([[OPEN]] F[[UNKNOWN]] θ[[UNKNOWN]] F[[UNKNOWN]] )[[CLOSE]] )[[CLOSE]] ∧[[ADDOP]] ([[OPEN]] F[[UNKNOWN]] ∧[[ADDOP]] F[[UNKNOWN]] ∧[[ADDOP]] F[[UNKNOWN]] ...[[ID]] ...[[ID]] ...[[ID]] ...[[ID]] .[[PERIOD]] ∧[[ADDOP]] F[[UNKNOWN]] )[[CLOSE]]
Warning:not_parsed:UNKNOWN>OPEN MathParser failed to match rule 'Anything'
	at 0301174_cleaned.tex; line 257 col 23 - line 257 col 95
	In "$\displaystyle N[(F+n(F\theta F))\wedge(F\wedge F\wedge F.............\wedge F)$"
	N[[UNKNOWN]]
	        > [[[OPEN]] ([[OPEN]] F[[UNKNOWN]] +[[ADDOP]] n[[UNKNOWN]] ([[OPEN]] F[[UNKNOWN]] θ[[UNKNOWN]] F[[UNKNOWN]] )[[CLOSE]] )[[CLOSE]] ∧[[ADDOP]] ([[OPEN]] F[[UNKNOWN]] ∧[[ADDOP]] F[[UNKNOWN]] ∧[[ADDOP]] F[[UNKNOWN]] ...[[ID]] ...[[ID]] ...[[ID]] ...[[ID]] .[[PERIOD]] ∧[[ADDOP]] F[[UNKNOWN]] )[[CLOSE]]
Warning:not_parsed:POSTSUPERSCRIPT.OPERATOR.POSTSUBSCRIPT>OPEN MathParser failed to match rule 'Anything'
	at 0301174_cleaned.tex; line 258 col 2 - line 258 col 2
	In "$\displaystyle+\theta^{\lambda\rho}\partial_{\rho}\Big{(}A_{\lambda}(F\wedge F%
	.............\wedge F)\Big{)}+{1\over 2}\theta^{\lambda\rho}F_{\lambda\rho}(F%
	\wedge F.............\wedge F)]\@@ENDINLINEMATH"
	+[[ADDOP]] θ[[UNKNOWN]] ^{\lambda\rho}[[POSTSUPERSCRIPT]] ∂[[OPERATOR]] _{\rho}[[POSTSUBSCRIPT]]
	        > ([[OPEN]] A[[UNKNOWN]] _{\lambda}[[POSTSUBSCRIPT]] ([[OPEN]] F[[UNKNOWN]] ∧[[ADDOP]] F[[UNKNOWN]] ...[[ID]] ...[[ID]] ...[[ID]] ...[[ID]] .[[PERIOD]] ∧[[ADDOP]] F[[UNKNOWN]] )[[CLOSE]] )[[CLOSE]] +[[ADDOP]] 1\over2[[UNKNOWN]] θ[[UNKNOWN]] ^{\lambda\rho}[[POSTSUPERSCRIPT]] F[[UNKNOWN]] _{\lambda\rho}[[POSTSUBSCRIPT]] ([[OPEN]] F[[UNKNOWN]] ∧[[ADDOP]] F[[UNKNOWN]] ...[[ID]] ...[[ID]] ...[[ID]] ...[[ID]] .[[PERIOD]] ∧[[ADDOP]] F[[UNKNOWN]] )[[CLOSE]] ][[CLOSE]]
Warning:not_parsed:POSTSUPERSCRIPT.OPERATOR.POSTSUBSCRIPT>OPEN MathParser failed to match rule 'Anything'
	at 0301174_cleaned.tex; line 258 col 9 - line 261 col 4
	In "$\displaystyle\theta^{\lambda\rho}\partial_{\rho}\Big{(}A_{\lambda}(F\wedge F.%
	............\wedge F)\Big{)}+{1\over 2}\theta^{\lambda\rho}F_{\lambda\rho}(F%
	\wedge F.............\wedge F)]$"
	θ[[UNKNOWN]] ^{\lambda\rho}[[POSTSUPERSCRIPT]] ∂[[OPERATOR]] _{\rho}[[POSTSUBSCRIPT]]
	        > ([[OPEN]] A[[UNKNOWN]] _{\lambda}[[POSTSUBSCRIPT]] ([[OPEN]] F[[UNKNOWN]] ∧[[ADDOP]] F[[UNKNOWN]] ...[[ID]] ...[[ID]] ...[[ID]] ...[[ID]] .[[PERIOD]] ∧[[ADDOP]] F[[UNKNOWN]] )[[CLOSE]] )[[CLOSE]] +[[ADDOP]] 1\over2[[UNKNOWN]] θ[[UNKNOWN]] ^{\lambda\rho}[[POSTSUPERSCRIPT]] F[[UNKNOWN]] _{\lambda\rho}[[POSTSUBSCRIPT]] ([[OPEN]] F[[UNKNOWN]] ∧[[ADDOP]] F[[UNKNOWN]] ...[[ID]] ...[[ID]] ...[[ID]] ...[[ID]] .[[PERIOD]] ∧[[ADDOP]] F[[UNKNOWN]] )[[CLOSE]] ][[CLOSE]]
Warning:not_parsed:POSTSUPERSCRIPT.UNKNOWN.POSTSUBSCRIPT>OPEN MathParser failed to match rule 'Anything'
	at 0301174_cleaned.tex; line 263 col 0 - line 266 col 3
	In "\begin{equation}\theta^{\lambda\rho}F_{\lambda\rho}(F\wedge F.............%
	\wedge F)=-2n(F\theta F)\wedge(F\wedge F\wedge F.............\wedge F)\end{equation}"
	θ[[UNKNOWN]] ^{\lambda\rho}[[POSTSUPERSCRIPT]] F[[UNKNOWN]] _{\lambda\rho}[[POSTSUBSCRIPT]]
	        > ([[OPEN]] F[[UNKNOWN]] ∧[[ADDOP]] F[[UNKNOWN]] ...[[ID]] ...[[ID]] ...[[ID]] ...[[ID]] .[[PERIOD]] ∧[[ADDOP]] F[[UNKNOWN]] )[[CLOSE]] =[[RELOP]] -[[ADDOP]] 2[[NUMBER]] n[[UNKNOWN]] ([[OPEN]] F[[UNKNOWN]] θ[[UNKNOWN]] F[[UNKNOWN]] )[[CLOSE]] ∧[[ADDOP]] ([[OPEN]] F[[UNKNOWN]] ∧[[ADDOP]] F[[UNKNOWN]] ∧[[ADDOP]] F[[UNKNOWN]] ...[[ID]] ...[[ID]] ...[[ID]] ...[[ID]] .[[PERIOD]] ∧[[ADDOP]] F[[UNKNOWN]] )[[CLOSE]]
Warning:not_parsed:UNKNOWN.POSTSUBSCRIPT.CLOSE>OPEN MathParser failed to match rule 'Anything'
	at 0301174_cleaned.tex; line 268 col 0 - line 271 col 3
	In "\begin{equation}\partial_{\mu}j^{\mu(5)}=N(1-\theta^{\alpha\beta}\partial_{%
	\alpha}A_{\beta})(F\wedge F\wedge F.............\wedge F)_{n-fold}+O(\theta^{2%
	})\end{equation}"
	∂[[OPERATOR]] _{\mu}[[POSTSUBSCRIPT]] j[[UNKNOWN]] ^{\mu(5)}[[POSTSUPERSCRIPT]] =[[RELOP]] N[[UNKNOWN]] ([[OPEN]] 1[[NUMBER]] -[[ADDOP]] θ[[UNKNOWN]] ^{\alpha\beta}[[POSTSUPERSCRIPT]] ∂[[OPERATOR]] _{\alpha}[[POSTSUBSCRIPT]] A[[UNKNOWN]] _{\beta}[[POSTSUBSCRIPT]] )[[CLOSE]]
	        > ([[OPEN]] F[[UNKNOWN]] ∧[[ADDOP]] F[[UNKNOWN]] ∧[[ADDOP]] F[[UNKNOWN]] ...[[ID]] ...[[ID]] ...[[ID]] ...[[ID]] .[[PERIOD]] ∧[[ADDOP]] F[[UNKNOWN]] )[[CLOSE]] _{n-fold}[[POSTSUBSCRIPT]] +[[ADDOP]] O[[UNKNOWN]] ([[OPEN]] θ[[UNKNOWN]] ^{2}[[POSTSUPERSCRIPT]] )[[CLOSE]]
Warning:not_parsed:ATOM.UNKNOWN.UNKNOWN>OPEN MathParser failed to match rule 'Anything'
	at 0301174_cleaned.tex; line 296 col 0 - line 300 col 3
	In "\begin{equation}\theta\int d^{2}x(\partial_{\mu}j^{\mu(5)})=-{1\over{2\pi}}%
	\int d^{2}x(*)\sqrt{det(1-\theta F)}tr[\theta F(1-\theta F)^{-1})]\end{equation}"
	θ[[UNKNOWN]] ∫[[INTOP]] d[[UNKNOWN]] ^{2}[[POSTSUPERSCRIPT]] x[[UNKNOWN]] ([[OPEN]] ∂[[OPERATOR]] _{\mu}[[POSTSUBSCRIPT]] j[[UNKNOWN]] ^{\mu(5)}[[POSTSUPERSCRIPT]] )[[CLOSE]] =[[RELOP]] -[[ADDOP]] 1\over{2\pi}[[UNKNOWN]] ∫[[INTOP]] d[[UNKNOWN]] ^{2}[[POSTSUPERSCRIPT]] x[[UNKNOWN]] ([[OPEN]] *[[MULOP]] )[[CLOSE]] \sqrt{det(1-\thetaF)}[[UNKNOWN]] t[[UNKNOWN]] r[[UNKNOWN]]
	        > [[[OPEN]] θ[[UNKNOWN]] F[[UNKNOWN]] ([[OPEN]] 1[[NUMBER]] -[[ADDOP]] θ[[UNKNOWN]] F[[UNKNOWN]] )[[CLOSE]] ^{-1}[[POSTSUPERSCRIPT]] )[[CLOSE]] ][[CLOSE]]
Warning:not_parsed:UNKNOWN.UNKNOWN>OPEN MathParser failed to match rule 'Anything'
	at 0301174_cleaned.tex; line 307 col 0 - line 310 col 3
	In "\begin{equation}tr[\theta F(1-\theta F)^{-1})]=-\theta\epsilon^{\mu\nu}F_{\mu%
	\nu}(1+\theta F_{12})^{-1}\end{equation}"
	t[[UNKNOWN]] r[[UNKNOWN]]
	        > [[[OPEN]] θ[[UNKNOWN]] F[[UNKNOWN]] ([[OPEN]] 1[[NUMBER]] -[[ADDOP]] θ[[UNKNOWN]] F[[UNKNOWN]] )[[CLOSE]] ^{-1}[[POSTSUPERSCRIPT]] )[[CLOSE]] ][[CLOSE]] =[[RELOP]] -[[ADDOP]] θ[[UNKNOWN]] ϵ[[UNKNOWN]] ^{\mu\nu}[[POSTSUPERSCRIPT]] F[[UNKNOWN]] _{\mu\nu}[[POSTSUBSCRIPT]] ([[OPEN]] 1[[NUMBER]] +[[ADDOP]] θ[[UNKNOWN]] F[[UNKNOWN]] _{12}[[POSTSUBSCRIPT]] )[[CLOSE]] ^{-1}[[POSTSUPERSCRIPT]]
Warning:not_parsed:INTOP.UNKNOWN.UNKNOWN>MULOP MathParser failed to match rule 'Anything'
	at 0301174_cleaned.tex; line 332 col 1 - line 332 col 1
	In "$\displaystyle Q_{2n}(k)=\int dx*[e^{ikx}\sqrt{det(1-\theta\bar{F})}\Big{(}(%
	\bar{F}(1-\theta\bar{F})^{-1})\wedge(\bar{F}(1-\theta\bar{F})^{-1})...........%
	.....\@@ENDINLINEMATH"
	Q[[UNKNOWN]] _{2n}[[POSTSUBSCRIPT]] ([[OPEN]] k[[UNKNOWN]] )[[CLOSE]] =[[RELOP]] ∫[[INTOP]] d[[UNKNOWN]] x[[UNKNOWN]]
	        > *[[MULOP]] [[[OPEN]] e[[UNKNOWN]] ^{ikx}[[POSTSUPERSCRIPT]] \sqrt{det(1-\theta\bar{F})}[[UNKNOWN]] ([[OPEN]] ([[OPEN]] \bar{F}[[UNKNOWN]] ([[OPEN]] 1[[NUMBER]] -[[ADDOP]] θ[[UNKNOWN]] \bar{F}[[UNKNOWN]] )[[CLOSE]] ^{-1}[[POSTSUPERSCRIPT]] )[[CLOSE]] ∧[[ADDOP]] ([[OPEN]] \bar{F}[[UNKNOWN]] ([[OPEN]] 1[[NUMBER]] -[[ADDOP]] θ[[UNKNOWN]] \bar{F}[[UNKNOWN]] )[[CLOSE]] ^{-1}[[POSTSUPERSCRIPT]] )[[CLOSE]] ...[[ID]] ...[[ID]] ...[[ID]] ...[[ID]] ...[[ID]]
Warning:not_parsed:INTOP.UNKNOWN.UNKNOWN>MULOP MathParser failed to match rule 'Anything'
	at 0301174_cleaned.tex; line 332 col 1 - line 333 col 68
	In "$\displaystyle Q_{2n}(k)=\int dx*[e^{ikx}\sqrt{det(1-\theta\bar{F})}\Big{(}(%
	\bar{F}(1-\theta\bar{F})^{-1})$"
	Q[[UNKNOWN]] _{2n}[[POSTSUBSCRIPT]] ([[OPEN]] k[[UNKNOWN]] )[[CLOSE]] =[[RELOP]] ∫[[INTOP]] d[[UNKNOWN]] x[[UNKNOWN]]
	        > *[[MULOP]] [[[OPEN]] e[[UNKNOWN]] ^{ikx}[[POSTSUPERSCRIPT]] \sqrt{det(1-\theta\bar{F})}[[UNKNOWN]] ([[OPEN]] ([[OPEN]] \bar{F}[[UNKNOWN]] ([[OPEN]] 1[[NUMBER]] -[[ADDOP]] θ[[UNKNOWN]] \bar{F}[[UNKNOWN]] )[[CLOSE]] ^{-1}[[POSTSUPERSCRIPT]] )[[CLOSE]]
Warning:not_parsed:CLOSE.POSTSUPERSCRIPT.CLOSE>CLOSE MathParser failed to match rule 'Anything'
	at 0301174_cleaned.tex; line 335 col 8 - line 335 col 8
	In "$\displaystyle\wedge(\bar{F}(1-\theta\bar{F})^{-1})\Big{)}W(x,C)]\@@ENDINLINEMATH"
	∧[[ADDOP]] ([[OPEN]] \bar{F}[[UNKNOWN]] ([[OPEN]] 1[[NUMBER]] -[[ADDOP]] θ[[UNKNOWN]] \bar{F}[[UNKNOWN]] )[[CLOSE]] ^{-1}[[POSTSUPERSCRIPT]] )[[CLOSE]]
	        > )[[CLOSE]] W[[UNKNOWN]] ([[OPEN]] x[[UNKNOWN]] ,[[PUNCT]] C[[UNKNOWN]] )[[CLOSE]] ][[CLOSE]]
Warning:not_parsed:CLOSE.POSTSUPERSCRIPT.CLOSE>CLOSE MathParser failed to match rule 'Anything'
	at 0301174_cleaned.tex; line 335 col 11 - line 338 col 4
	In "$\displaystyle(\bar{F}(1-\theta\bar{F})^{-1})\Big{)}W(x,C)]$"
	([[OPEN]] \bar{F}[[UNKNOWN]] ([[OPEN]] 1[[NUMBER]] -[[ADDOP]] θ[[UNKNOWN]] \bar{F}[[UNKNOWN]] )[[CLOSE]] ^{-1}[[POSTSUPERSCRIPT]] )[[CLOSE]]
	        > )[[CLOSE]] W[[UNKNOWN]] ([[OPEN]] x[[UNKNOWN]] ,[[PUNCT]] C[[UNKNOWN]] )[[CLOSE]] ][[CLOSE]]
Warning:not_parsed:>PERIOD MathParser failed to match rule 'Anything'
	at 0301174_cleaned.tex; line 343 col 3 - line 343 col 3
	In "$\displaystyle.=.\@@ENDINLINEMATH"
	> .[[PERIOD]] =[[RELOP]]
Warning:not_parsed:>PERIOD MathParser failed to match rule 'Anything'
	at 0301174_cleaned.tex; line 344 col 4 - line 344 col 4
	In "$\displaystyle.=.\@@ENDINLINEMATH"
	> .[[PERIOD]] =[[RELOP]]
Warning:not_parsed:>PERIOD MathParser failed to match rule 'Anything'
	at 0301174_cleaned.tex; line 345 col 5 - line 345 col 5
	In "$\displaystyle.=.\@@ENDINLINEMATH"
	> .[[PERIOD]] =[[RELOP]]
Warning:not_parsed:>PERIOD MathParser failed to match rule 'Anything'
	at 0301174_cleaned.tex; line 346 col 5 - line 346 col 5
	In "$\displaystyle.=.\@@ENDINLINEMATH"
	> .[[PERIOD]] =[[RELOP]]
Warning:not_parsed:INTOP.UNKNOWN.UNKNOWN>OPEN MathParser failed to match rule 'Anything'
	at 0301174_cleaned.tex; line 347 col 5 - line 347 col 5
	In "$\displaystyle\int dx(f\wedge f\wedge..........\wedge f)=Q_{2n}(k=0)\@@ENDINLINEMATH"
	∫[[INTOP]] d[[UNKNOWN]] x[[UNKNOWN]]
	        > ([[OPEN]] f[[UNKNOWN]] ∧[[ADDOP]] f[[UNKNOWN]] ∧[[ADDOP]] ...[[ID]] ...[[ID]] ...[[ID]] .[[PERIOD]] ∧[[ADDOP]] f[[UNKNOWN]] )[[CLOSE]] =[[RELOP]] Q[[UNKNOWN]] _{2n}[[POSTSUBSCRIPT]] ([[OPEN]] k[[UNKNOWN]] =[[RELOP]] 0[[NUMBER]] )[[CLOSE]]
Warning:not_parsed:INTOP.UNKNOWN.UNKNOWN>OPEN MathParser failed to match rule 'Anything'
	at 0301174_cleaned.tex; line 347 col 5 - line 347 col 47
	In "$\displaystyle\int dx(f\wedge f\wedge..........\wedge f)$"
	∫[[INTOP]] d[[UNKNOWN]] x[[UNKNOWN]]
	        > ([[OPEN]] f[[UNKNOWN]] ∧[[ADDOP]] f[[UNKNOWN]] ∧[[ADDOP]] ...[[ID]] ...[[ID]] ...[[ID]] .[[PERIOD]] ∧[[ADDOP]] f[[UNKNOWN]] )[[CLOSE]]
Warning:not_parsed:INTOP.UNKNOWN.UNKNOWN>MULOP MathParser failed to match rule 'Anything'
	at 0301174_cleaned.tex; line 352 col 2 - line 352 col 2
	In "$\displaystyle Q_{2n}(k=0)=\int dxQ_{2n}(x)=\int dx*[\sqrt{det(1-\theta F)}%
	\Big{(}(F(1-\theta F)^{-1})\wedge(F(1-\theta F)^{-1})\@@ENDINLINEMATH"
	Q[[UNKNOWN]] _{2n}[[POSTSUBSCRIPT]] ([[OPEN]] k[[UNKNOWN]] =[[RELOP]] 0[[NUMBER]] )[[CLOSE]] =[[RELOP]] ∫[[INTOP]] d[[UNKNOWN]] x[[UNKNOWN]] Q[[UNKNOWN]] _{2n}[[POSTSUBSCRIPT]] ([[OPEN]] x[[UNKNOWN]] )[[CLOSE]] =[[RELOP]] ∫[[INTOP]] d[[UNKNOWN]] x[[UNKNOWN]]
	        > *[[MULOP]] [[[OPEN]] \sqrt{det(1-\thetaF)}[[UNKNOWN]] ([[OPEN]] ([[OPEN]] F[[UNKNOWN]] ([[OPEN]] 1[[NUMBER]] -[[ADDOP]] θ[[UNKNOWN]] F[[UNKNOWN]] )[[CLOSE]] ^{-1}[[POSTSUPERSCRIPT]] )[[CLOSE]] ∧[[ADDOP]] ([[OPEN]] F[[UNKNOWN]] ([[OPEN]] 1[[NUMBER]] -[[ADDOP]] θ[[UNKNOWN]] F[[UNKNOWN]] )[[CLOSE]] ^{-1}[[POSTSUPERSCRIPT]] )[[CLOSE]]
Warning:not_parsed:INTOP.UNKNOWN.UNKNOWN>MULOP MathParser failed to match rule 'Anything'
	at 0301174_cleaned.tex; line 352 col 21 - line 354 col 3
	In "$\displaystyle\int dxQ_{2n}(x)=\int dx*[\sqrt{det(1-\theta F)}\Big{(}(F(1-%
	\theta F)^{-1})\wedge(F(1-\theta F)^{-1})$"
	∫[[INTOP]] d[[UNKNOWN]] x[[UNKNOWN]] Q[[UNKNOWN]] _{2n}[[POSTSUBSCRIPT]] ([[OPEN]] x[[UNKNOWN]] )[[CLOSE]] =[[RELOP]] ∫[[INTOP]] d[[UNKNOWN]] x[[UNKNOWN]]
	        > *[[MULOP]] [[[OPEN]] \sqrt{det(1-\thetaF)}[[UNKNOWN]] ([[OPEN]] ([[OPEN]] F[[UNKNOWN]] ([[OPEN]] 1[[NUMBER]] -[[ADDOP]] θ[[UNKNOWN]] F[[UNKNOWN]] )[[CLOSE]] ^{-1}[[POSTSUPERSCRIPT]] )[[CLOSE]] ∧[[ADDOP]] ([[OPEN]] F[[UNKNOWN]] ([[OPEN]] 1[[NUMBER]] -[[ADDOP]] θ[[UNKNOWN]] F[[UNKNOWN]] )[[CLOSE]] ^{-1}[[POSTSUPERSCRIPT]] )[[CLOSE]]
Warning:not_parsed:CLOSE.POSTSUPERSCRIPT.CLOSE>CLOSE MathParser failed to match rule 'Anything'
	at 0301174_cleaned.tex; line 355 col 2 - line 355 col 2
	In "$\displaystyle....\wedge(F(1-\theta F)^{-1})\Big{)}]\@@ENDINLINEMATH"
	...[[ID]] .[[PERIOD]] ∧[[ADDOP]] ([[OPEN]] F[[UNKNOWN]] ([[OPEN]] 1[[NUMBER]] -[[ADDOP]] θ[[UNKNOWN]] F[[UNKNOWN]] )[[CLOSE]] ^{-1}[[POSTSUPERSCRIPT]] )[[CLOSE]]
	        > )[[CLOSE]] ][[CLOSE]]
Warning:not_parsed:CLOSE.POSTSUPERSCRIPT.CLOSE>CLOSE MathParser failed to match rule 'Anything'
	at 0301174_cleaned.tex; line 355 col 15 - line 357 col 4
	In "$\displaystyle(F(1-\theta F)^{-1})\Big{)}]$"
	([[OPEN]] F[[UNKNOWN]] ([[OPEN]] 1[[NUMBER]] -[[ADDOP]] θ[[UNKNOWN]] F[[UNKNOWN]] )[[CLOSE]] ^{-1}[[POSTSUPERSCRIPT]] )[[CLOSE]]
	        > )[[CLOSE]] ][[CLOSE]]
Warning:not_parsed:UNKNOWN.POSTSUPERSCRIPT.UNKNOWN>MULOP MathParser failed to match rule 'Anything'
	at 0301174_cleaned.tex; line 359 col 0 - line 365 col 3
	In "\begin{equation}\int d^{2n}x(\partial_{\mu}j^{\mu(5)})=N\int d^{2n}x*[\sqrt{%
	det(1-\theta F)}\Big{(}(F(1-\theta F)^{-1})\wedge(F(1-\theta F)^{-1})\wedge...%
	....(F(1-\theta F)^{-1})\Big{)}]\end{equation}"
	∫[[INTOP]] d[[UNKNOWN]] ^{2n}[[POSTSUPERSCRIPT]] x[[UNKNOWN]] ([[OPEN]] ∂[[OPERATOR]] _{\mu}[[POSTSUBSCRIPT]] j[[UNKNOWN]] ^{\mu(5)}[[POSTSUPERSCRIPT]] )[[CLOSE]] =[[RELOP]] N[[UNKNOWN]] ∫[[INTOP]] d[[UNKNOWN]] ^{2n}[[POSTSUPERSCRIPT]] x[[UNKNOWN]]
	        > *[[MULOP]] [[[OPEN]] \sqrt{det(1-\thetaF)}[[UNKNOWN]] ([[OPEN]] ([[OPEN]] F[[UNKNOWN]] ([[OPEN]] 1[[NUMBER]] -[[ADDOP]] θ[[UNKNOWN]] F[[UNKNOWN]] )[[CLOSE]] ^{-1}[[POSTSUPERSCRIPT]] )[[CLOSE]] ∧[[ADDOP]] ([[OPEN]] F[[UNKNOWN]] ([[OPEN]] 1[[NUMBER]] -[[ADDOP]] θ[[UNKNOWN]] F[[UNKNOWN]] )[[CLOSE]] ^{-1}[[POSTSUPERSCRIPT]] )[[CLOSE]] ∧[[ADDOP]] ...[[ID]] ...[[ID]] .[[PERIOD]] ([[OPEN]] F[[UNKNOWN]] ([[OPEN]] 1[[NUMBER]] -[[ADDOP]] θ[[UNKNOWN]] F[[UNKNOWN]] )[[CLOSE]] ^{-1}[[POSTSUPERSCRIPT]] )[[CLOSE]] )[[CLOSE]] ][[CLOSE]]
Warning:not_parsed:UNKNOWN.RELOP.ATOM>OPEN MathParser failed to match rule 'Anything'
	at 0301174_cleaned.tex; line 368 col 0 - line 374 col 3
	In "\begin{equation}A=\sqrt{det(1-\theta F)}\Big{(}{\cal F}\wedge{\cal F}\wedge...%
	....{\cal F}\Big{)}\end{equation}"
	A[[UNKNOWN]] =[[RELOP]] \sqrt{det(1-\thetaF)}[[UNKNOWN]]
	        > ([[OPEN]] F[[UNKNOWN]] ∧[[ADDOP]] F[[UNKNOWN]] ∧[[ADDOP]] ...[[ID]] ...[[ID]] .[[PERIOD]] F[[UNKNOWN]] )[[CLOSE]]
Warning:not_parsed:CLOSE.ADDOP.CLOSE>OPEN MathParser failed to match rule 'Anything'
	at 0301174_cleaned.tex; line 394 col 0 - line 402 col 3
	In "\begin{equation}\delta A=\sqrt{det(1-\theta F)}\Big{(}(\delta\theta^{\alpha%
	\beta}){\cal F}_{\alpha\beta}+2n({\cal F}(\delta\theta){\cal F})\wedge\Big{)}%
	\Big{(}{\cal F}\wedge.......{\cal F}\Big{)}\end{equation}"
	δ[[UNKNOWN]] A[[UNKNOWN]] =[[RELOP]] \sqrt{det(1-\thetaF)}[[UNKNOWN]] ([[OPEN]] ([[OPEN]] δ[[UNKNOWN]] θ[[UNKNOWN]] ^{\alpha\beta}[[POSTSUPERSCRIPT]] )[[CLOSE]] F[[UNKNOWN]] _{\alpha\beta}[[POSTSUBSCRIPT]] +[[ADDOP]] 2[[NUMBER]] n[[UNKNOWN]] ([[OPEN]] F[[UNKNOWN]] ([[OPEN]] δ[[UNKNOWN]] θ[[UNKNOWN]] )[[CLOSE]] F[[UNKNOWN]] )[[CLOSE]] ∧[[ADDOP]] )[[CLOSE]]
	        > ([[OPEN]] F[[UNKNOWN]] ∧[[ADDOP]] ...[[ID]] ...[[ID]] .[[PERIOD]] F[[UNKNOWN]] )[[CLOSE]]
Warning:not_parsed:ATOM>OPEN MathParser failed to match rule 'Anything'
	at 0301174_cleaned.tex; line 406 col 0 - line 412 col 3
	In "\begin{equation}\sqrt{det(1-\theta F)}\Big{(}{\cal F}\wedge{\cal F}\wedge.....%
	..{\cal F}\Big{)}=\Big{(}F\wedge F\wedge.......F\Big{)}\end{equation}"
	\sqrt{det(1-\thetaF)}[[UNKNOWN]]
	        > ([[OPEN]] F[[UNKNOWN]] ∧[[ADDOP]] F[[UNKNOWN]] ∧[[ADDOP]] ...[[ID]] ...[[ID]] .[[PERIOD]] F[[UNKNOWN]] )[[CLOSE]] =[[RELOP]] ([[OPEN]] F[[UNKNOWN]] ∧[[ADDOP]] F[[UNKNOWN]] ∧[[ADDOP]] ...[[ID]] ...[[ID]] .[[PERIOD]] F[[UNKNOWN]] )[[CLOSE]]
Warning:not_parsed:UNKNOWN.POSTSUPERSCRIPT.UNKNOWN>OPEN MathParser failed to match rule 'Anything'
	at 0301174_cleaned.tex; line 416 col 0 - line 421 col 3
	In "\begin{equation}\int d^{2n}x(\partial_{\mu}j^{\mu(5)})=N\int d^{2n}x\Big{(}F%
	\wedge F\wedge.......F\Big{)}\end{equation}"
	∫[[INTOP]] d[[UNKNOWN]] ^{2n}[[POSTSUPERSCRIPT]] x[[UNKNOWN]] ([[OPEN]] ∂[[OPERATOR]] _{\mu}[[POSTSUBSCRIPT]] j[[UNKNOWN]] ^{\mu(5)}[[POSTSUPERSCRIPT]] )[[CLOSE]] =[[RELOP]] N[[UNKNOWN]] ∫[[INTOP]] d[[UNKNOWN]] ^{2n}[[POSTSUPERSCRIPT]] x[[UNKNOWN]]
	        > ([[OPEN]] F[[UNKNOWN]] ∧[[ADDOP]] F[[UNKNOWN]] ∧[[ADDOP]] ...[[ID]] ...[[ID]] .[[PERIOD]] F[[UNKNOWN]] )[[CLOSE]]
Warning:not_parsed:OPEN.MULOP.CLOSE>OPEN MathParser failed to match rule 'Anything'
	at 0301174_cleaned.tex; line 423 col 0 - line 428 col 3
	In "\begin{equation}\int d^{2n}x(\partial_{\mu}j^{\mu(5)})=N\int d^{2n}x(*)\Big{(}%
	F\wedge F\wedge.......F\Big{)}\end{equation}"
	∫[[INTOP]] d[[UNKNOWN]] ^{2n}[[POSTSUPERSCRIPT]] x[[UNKNOWN]] ([[OPEN]] ∂[[OPERATOR]] _{\mu}[[POSTSUBSCRIPT]] j[[UNKNOWN]] ^{\mu(5)}[[POSTSUPERSCRIPT]] )[[CLOSE]] =[[RELOP]] N[[UNKNOWN]] ∫[[INTOP]] d[[UNKNOWN]] ^{2n}[[POSTSUPERSCRIPT]] x[[UNKNOWN]] ([[OPEN]] *[[MULOP]] )[[CLOSE]]
	        > ([[OPEN]] F[[UNKNOWN]] ∧[[ADDOP]] F[[UNKNOWN]] ∧[[ADDOP]] ...[[ID]] ...[[ID]] .[[PERIOD]] F[[UNKNOWN]] )[[CLOSE]]
Warning:not_parsed:POSTSUPERSCRIPT.RELOP.UNKNOWN>OPEN MathParser failed to match rule 'Anything'
	at 0301174_cleaned.tex; line 445 col 0 - line 451 col 3
	In "\begin{equation}\partial_{\mu}j^{\mu(5)}=N\Big{(}{\cal F}\wedge{\cal F}\wedge.%
	......{\cal F}\Big{)}\end{equation}"
	∂[[OPERATOR]] _{\mu}[[POSTSUBSCRIPT]] j[[UNKNOWN]] ^{\mu(5)}[[POSTSUPERSCRIPT]] =[[RELOP]] N[[UNKNOWN]]
	        > ([[OPEN]] F[[UNKNOWN]] ∧[[ADDOP]] F[[UNKNOWN]] ∧[[ADDOP]] ...[[ID]] ...[[ID]] .[[PERIOD]] F[[UNKNOWN]] )[[CLOSE]]
Warning:not_parsed:POSTSUPERSCRIPT.RELOP.ATOM>OPEN MathParser failed to match rule 'Anything'
	at 0301174_cleaned.tex; line 453 col 0 - line 457 col 3
	In "\begin{equation}\partial_{\mu}j^{\mu(5)}={N\over\sqrt{det(1-\theta F)}}\Big{(}%
	F\wedge F\wedge.......F\Big{)}\end{equation}"
	∂[[OPERATOR]] _{\mu}[[POSTSUBSCRIPT]] j[[UNKNOWN]] ^{\mu(5)}[[POSTSUPERSCRIPT]] =[[RELOP]] N\over\sqrt{det(1-\thetaF)}[[UNKNOWN]]
	        > ([[OPEN]] F[[UNKNOWN]] ∧[[ADDOP]] F[[UNKNOWN]] ∧[[ADDOP]] ...[[ID]] ...[[ID]] .[[PERIOD]] F[[UNKNOWN]] )[[CLOSE]]
Warning:not_parsed:POSTSUPERSCRIPT.RELOP.UNKNOWN>OPEN MathParser failed to match rule 'Anything'
	at 0301174_cleaned.tex; line 459 col 0 - line 463 col 3
	In "\begin{equation}\partial_{\mu}j^{\mu(5)}=N\Big{(}F\wedge F\wedge.......F\Big{)%
	}\,\,\,+total\,\,\,derivative\,\,\,terms\end{equation}"
	∂[[OPERATOR]] _{\mu}[[POSTSUBSCRIPT]] j[[UNKNOWN]] ^{\mu(5)}[[POSTSUPERSCRIPT]] =[[RELOP]] N[[UNKNOWN]]
	        > ([[OPEN]] F[[UNKNOWN]] ∧[[ADDOP]] F[[UNKNOWN]] ∧[[ADDOP]] ...[[ID]] ...[[ID]] .[[PERIOD]] F[[UNKNOWN]] )[[CLOSE]] +[[ADDOP]] t[[UNKNOWN]] o[[UNKNOWN]] t[[UNKNOWN]] a[[UNKNOWN]] l[[UNKNOWN]] d[[UNKNOWN]] e[[UNKNOWN]] r[[UNKNOWN]] i[[UNKNOWN]] v[[UNKNOWN]] a[[UNKNOWN]] t[[UNKNOWN]] i[[UNKNOWN]] v[[UNKNOWN]] e[[UNKNOWN]] t[[UNKNOWN]] e[[UNKNOWN]] r[[UNKNOWN]] m[[UNKNOWN]] s[[UNKNOWN]]
Warning:not_parsed:OPEN.MULOP.CLOSE>OPEN MathParser failed to match rule 'Anything'
	at 0301174_cleaned.tex; line 544 col 0 - line 550 col 3
	In "\begin{equation}\int d^{4}x(\delta{\hat{\cal A}})={1\over{32\pi^{2}}}\epsilon^%
	{\mu\nu\rho\sigma}\int d^{4}x(*)\Big{(}4(F\delta\theta F)_{\mu\nu}F_{\rho%
	\sigma}+\delta\theta^{\alpha\beta}\Big{(}2A_{\alpha}\partial_{\beta}(F_{\mu\nu%
	}F_{\rho\sigma})+i[A_{\alpha},A_{\beta}]F_{\mu\nu}F_{\rho\sigma}\Big{)}\end{equation}"
	∫[[INTOP]] d[[UNKNOWN]] ^{4}[[POSTSUPERSCRIPT]] x[[UNKNOWN]] ([[OPEN]] δ[[UNKNOWN]] \hat{\calA}[[UNKNOWN]] )[[CLOSE]] =[[RELOP]] 1\over{32\pi^{2}}[[UNKNOWN]] ϵ[[UNKNOWN]] ^{\mu\nu\rho\sigma}[[POSTSUPERSCRIPT]] ∫[[INTOP]] d[[UNKNOWN]] ^{4}[[POSTSUPERSCRIPT]] x[[UNKNOWN]] ([[OPEN]] *[[MULOP]] )[[CLOSE]]
	        > ([[OPEN]] 4[[NUMBER]] ([[OPEN]] F[[UNKNOWN]] δ[[UNKNOWN]] θ[[UNKNOWN]] F[[UNKNOWN]] )[[CLOSE]] _{\mu\nu}[[POSTSUBSCRIPT]] F[[UNKNOWN]] _{\rho\sigma}[[POSTSUBSCRIPT]] +[[ADDOP]] δ[[UNKNOWN]] θ[[UNKNOWN]] ^{\alpha\beta}[[POSTSUPERSCRIPT]] ([[OPEN]] 2[[NUMBER]] A[[UNKNOWN]] _{\alpha}[[POSTSUBSCRIPT]] ∂[[OPERATOR]] _{\beta}[[POSTSUBSCRIPT]] ([[OPEN]] F[[UNKNOWN]] _{\mu\nu}[[POSTSUBSCRIPT]] F[[UNKNOWN]] _{\rho\sigma}[[POSTSUBSCRIPT]] )[[CLOSE]] +[[ADDOP]] i[[UNKNOWN]] [[[OPEN]] A[[UNKNOWN]] _{\alpha}[[POSTSUBSCRIPT]] ,[[PUNCT]] A[[UNKNOWN]] _{\beta}[[POSTSUBSCRIPT]] ][[CLOSE]] F[[UNKNOWN]] _{\mu\nu}[[POSTSUBSCRIPT]] F[[UNKNOWN]] _{\rho\sigma}[[POSTSUBSCRIPT]] )[[CLOSE]]
Warning:not_parsed:OPEN.MULOP.CLOSE>OPEN MathParser failed to match rule 'Anything'
	at 0301174_cleaned.tex; line 573 col 0 - line 576 col 3
	In "\begin{equation}\int\,d^{2n}x(*)(F\wedge F\wedge F.....\wedge F)\rightarrow%
	\int\,d^{2n}x(f\wedge f\wedge f.....\wedge f)\end{equation}"
	∫[[INTOP]] d[[UNKNOWN]] ^{2n}[[POSTSUPERSCRIPT]] x[[UNKNOWN]] ([[OPEN]] *[[MULOP]] )[[CLOSE]]
	        > ([[OPEN]] F[[UNKNOWN]] ∧[[ADDOP]] F[[UNKNOWN]] ∧[[ADDOP]] F[[UNKNOWN]] ...[[ID]] .[[PERIOD]] .[[PERIOD]] ∧[[ADDOP]] F[[UNKNOWN]] )[[CLOSE]] →[[ARROW]] ∫[[INTOP]] d[[UNKNOWN]] ^{2n}[[POSTSUPERSCRIPT]] x[[UNKNOWN]] ([[OPEN]] f[[UNKNOWN]] ∧[[ADDOP]] f[[UNKNOWN]] ∧[[ADDOP]] f[[UNKNOWN]] ...[[ID]] .[[PERIOD]] .[[PERIOD]] ∧[[ADDOP]] f[[UNKNOWN]] )[[CLOSE]]
Warning:not_parsed:OPEN.MULOP.CLOSE>OPEN MathParser failed to match rule 'Anything'
	at 0301174_cleaned.tex; line 598 col 0 - line 601 col 3
	In "\begin{equation}\int(*)(F\wedge F\wedge F.....\wedge F)=\int d\Omega_{2n+1}\end{equation}"
	∫[[INTOP]] ([[OPEN]] *[[MULOP]] )[[CLOSE]]
	        > ([[OPEN]] F[[UNKNOWN]] ∧[[ADDOP]] F[[UNKNOWN]] ∧[[ADDOP]] F[[UNKNOWN]] ...[[ID]] .[[PERIOD]] .[[PERIOD]] ∧[[ADDOP]] F[[UNKNOWN]] )[[CLOSE]] =[[RELOP]] ∫[[INTOP]] d[[UNKNOWN]] Ω[[UNKNOWN]] _{2n+1}[[POSTSUBSCRIPT]]
 21.40 sec)
Math parsing succeeded:
   ltx:XMArg: 595/595
   ltx:XMath: 155/197
Symbols assumed as simple identifiers (with # of occurences):
   'A{caligraphic}' (1), 'A{italic}' (63), 'B{italic}' (11), 'C{caligraphic}' (5), 'C{italic}' (9), 'D{italic}' (14), 'F{caligraphic}' (44), 'F{italic}' (351), 'J{italic}' (12), 'N{italic}' (29), 'Omega' (3), 'O{italic}' (15), 'P{italic}' (11), 'Q{italic}' (20), 'R{bold}' (1), 'R{italic}' (3), 'S{italic}' (1), 'T{italic}' (5), 'U{italic}' (20), 'W{italic}' (6), 'X{italic}' (5), 'alpha' (31), 'a{italic}' (14), 'beta' (21), 'b{italic}' (4), 'c{italic}' (5), 'delta' (37), 'd{italic}' (122), 'epsilon' (23), 'eta' (3), 'e{italic}' (45), 'f{italic}' (63), 'gamma' (16), 'g{italic}' (9), 'i{italic}' (28), 'j{italic}' (40), 'k{italic}' (22), 'lambda' (16), 'l{italic}' (13), 'mu' (119), 'm{italic}' (2), 'nu' (85), 'n{bold}' (1), 'n{italic}' (43), 'o{italic}' (9), 'pi' (22), 'psi' (15), 'p{italic}' (5), 'rho' (50), 'r{italic}' (16), 'sigma' (38), 's{italic}' (4), 'theta' (147), 't{italic}' (38), 'v{italic}' (4), 'x{italic}' (158)
Set MATHPARSER_SPECULATE to speculate on possible notations.
(Finalizing... 0.75 sec)
Conversion complete 42 warnings (See /home/user/latex-in-arxiv/0301174_cleaned.latexml.log) (reqd. 38.58s)
