latexml (LaTeXML version 0.8.6) processing 2003/0301116.tex
(Digesting TeX 0301116...
(Loading /usr/share/perl5/LaTeXML/Package/TeX.pool.ltxml...
(Loading /usr/share/perl5/LaTeXML/Package/eTeX.pool.ltxml... 0.01 sec)
(Loading /usr/share/perl5/LaTeXML/Package/pdfTeX.pool.ltxml... 0.01 sec) 0.19 sec)
(Processing content /home/user/latex-in-arxiv/2003/0301116.tex...
(Loading /usr/share/perl5/LaTeXML/Package/LaTeX.pool.ltxml...
(Loading /usr/share/perl5/LaTeXML/Package/textcomp.sty.ltxml...
(Processing definitions /usr/share/texlive/texmf-dist/tex/latex-dev/base/ts1enc.dfu... 0.03 sec) 1.44 sec) 1.72 sec)
Info:unexpected:\documentstyle Entering LaTeX 2.09 Compatibility mode
	at 0301116.tex; line 8 col 0 - line 8 col 52
(Loading /usr/share/perl5/LaTeXML/Package/article.cls.ltxml... 0.02 sec)
(Loading /usr/share/perl5/LaTeXML/Package/revtex.sty.ltxml...
(Loading /usr/share/perl5/LaTeXML/Package/natbib.sty.ltxml... 0.03 sec)
(Loading /usr/share/perl5/LaTeXML/Package/revtex3_support.sty.ltxml...
(Loading /usr/share/perl5/LaTeXML/Package/revtex4_support.sty.ltxml...
(Loading /usr/share/perl5/LaTeXML/Package/hyperref.sty.ltxml...
(Loading /usr/share/perl5/LaTeXML/Package/keyval.sty.ltxml...
(Processing definitions /usr/share/texlive/texmf-dist/tex/latex-dev/graphics/keyval.sty... 0.02 sec) 0.02 sec)
(Loading /usr/share/perl5/LaTeXML/Package/nameref.sty.ltxml... 0.00 sec)
(Loading /usr/share/perl5/LaTeXML/Package/url.sty.ltxml... 0.00 sec) 0.10 sec)
(Loading /usr/share/perl5/LaTeXML/Package/revsymb.sty.ltxml... 0.00 sec)
(Loading /usr/share/perl5/LaTeXML/Package/longtable.sty.ltxml... 0.00 sec)
(Loading /usr/share/perl5/LaTeXML/Package/dcolumn.sty.ltxml...
(Loading /usr/share/perl5/LaTeXML/Package/array.sty.ltxml... 0.00 sec) 0.01 sec) 0.18 sec) 0.19 sec) 0.22 sec)
Info:unexpected:preprint Unexpected option 'preprint' passed to revtex.cls
	at 0301116.tex; line 10 col 0 - line 10 col 1
Info:unexpected:eqsecnum Unexpected option 'eqsecnum' passed to revtex.cls
	at 0301116.tex; line 10 col 0 - line 10 col 1
Info:unexpected:aps Unexpected option 'aps' passed to revtex.cls
	at 0301116.tex; line 10 col 0 - line 10 col 1
(Loading /usr/share/perl5/LaTeXML/Package/epsfig.sty.ltxml...
(Loading /usr/share/perl5/LaTeXML/Package/graphicx.sty.ltxml...
(Loading /usr/share/perl5/LaTeXML/Package/graphics.sty.ltxml... 0.01 sec) 0.02 sec) 0.04 sec)
Info:note:OmniBus Loading OmniBus class to attempt to cover missing options
	at 0301116.tex; line 10 col 0 - line 10 col 1
(Loading /usr/share/perl5/LaTeXML/Package/OmniBus.cls.ltxml...
(Loading /usr/share/perl5/LaTeXML/Package/inst_support.sty.ltxml... 0.00 sec)
(Loading /usr/share/perl5/LaTeXML/Package/epsf.sty.ltxml... 0.01 sec)
(Loading /usr/share/perl5/LaTeXML/Package/aas_macros.sty.ltxml... 0.00 sec) 0.05 sec) 5.84 sec) 6.06 sec)
(Building...
(Loading compiled schema /usr/share/perl5/LaTeXML/resources/RelaxNG/LaTeXML.model... 0.01 sec) 3.84 sec)
(Rewriting... 0.10 sec)
(Math Parsing 203 formulae ......
Warning:not_parsed:INTOP.UNKNOWN.UNKNOWN>OPEN MathParser failed to match rule 'Anything'
	at 0301116.tex; line 589 col 44 - line 589 col 85
	In "$f_{mn}=\int dy(1+A\exp(-(ya)^{2})\cos(m-n)y$"
	f[[UNKNOWN]] _{mn}[[POSTSUBSCRIPT]] =[[RELOP]] ∫[[INTOP]] d[[UNKNOWN]] y[[UNKNOWN]]
	        > ([[OPEN]] 1[[NUMBER]] +[[ADDOP]] A[[UNKNOWN]] exp[[OPFUNCTION]] ([[OPEN]] -[[ADDOP]] ([[OPEN]] y[[UNKNOWN]] a[[UNKNOWN]] )[[CLOSE]] ^{2}[[POSTSUPERSCRIPT]] )[[CLOSE]] cos[[TRIGFUNCTION]] ([[OPEN]] m[[UNKNOWN]] -[[ADDOP]] n[[UNKNOWN]] )[[CLOSE]] y[[UNKNOWN]]
 5.91 sec)
Math parsing succeeded:
   ltx:XMArg: 472/472
   ltx:XMath: 202/203
Symbols assumed as simple identifiers (with # of occurences):
   'A{italic}' (24), 'Box' (1), 'B{italic}' (6), 'C{italic}' (2), 'Delta' (1), 'D{italic}' (2), 'Gamma' (2), 'G{italic}' (4), 'H{italic}' (1), 'K{italic}' (3), 'L{caligraphic}' (5), 'M{italic}' (44), 'N{italic}' (3), 'Phi' (22), 'Psi' (12), 'R{caligraphic}' (3), 'R{italic}' (2), 'S{italic}' (5), 'U{italic}' (12), 'V{italic}' (18), 'X{italic}' (1), 'alpha' (3), 'a{italic}' (51), 'chi' (16), 'delta' (7), 'd{italic}' (18), 'e{italic}' (12), 'f{italic}' (44), 'gamma' (13), 'g{italic}' (7), 'h{italic}' (4), 'i{italic}' (14), 'j{italic}' (2), 'lambda' (7), 'l{italic}' (2), 'mu' (1), 'm{italic}' (53), 'nu' (1), 'n{italic}' (26), 'phi' (6), 'pi' (1), 'psi' (39), 'p{italic}' (6), 'q{italic}' (2), 'rho' (3), 'r{italic}' (20), 'sigma' (10), 'xi' (16), 'x{italic}' (10), 'y{italic}' (117)
Set MATHPARSER_SPECULATE to speculate on possible notations.
(Finalizing... 0.35 sec)
Conversion complete 1 warning (See /home/user/latex-in-arxiv/0301116.latexml.log) (reqd. 16.68s)
