latexml (LaTeXML version 0.8.6) processing 2003/0301092.tex
(Digesting TeX 0301092...
(Loading /usr/share/perl5/LaTeXML/Package/TeX.pool.ltxml...
(Loading /usr/share/perl5/LaTeXML/Package/eTeX.pool.ltxml... 0.00 sec)
(Loading /usr/share/perl5/LaTeXML/Package/pdfTeX.pool.ltxml... 0.01 sec) 0.11 sec)
(Processing content /home/user/latex-in-arxiv/2003/0301092.tex...
(Loading /usr/share/perl5/LaTeXML/Package/LaTeX.pool.ltxml...
(Loading /usr/share/perl5/LaTeXML/Package/textcomp.sty.ltxml...
(Processing definitions /usr/share/texlive/texmf-dist/tex/latex-dev/base/ts1enc.dfu... 0.02 sec) 0.88 sec) 1.04 sec)
(Loading /usr/share/perl5/LaTeXML/Package/JHEP.cls.ltxml...
(Loading /usr/share/perl5/LaTeXML/Package/article.cls.ltxml... 0.01 sec)
(Loading /usr/share/perl5/LaTeXML/Package/amssymb.sty.ltxml...
(Loading /usr/share/perl5/LaTeXML/Package/amsfonts.sty.ltxml... 0.00 sec) 0.01 sec)
(Loading /usr/share/perl5/LaTeXML/Package/floatflt.sty.ltxml... 0.01 sec) 0.05 sec)
(Loading /usr/share/perl5/LaTeXML/Package/amsmath.sty.ltxml...
(Loading /usr/share/perl5/LaTeXML/Package/amsbsy.sty.ltxml...
(Loading /usr/share/perl5/LaTeXML/Package/amsgen.sty.ltxml... 0.00 sec) 0.01 sec)
(Loading /usr/share/perl5/LaTeXML/Package/amstext.sty.ltxml... 0.00 sec)
(Loading /usr/share/perl5/LaTeXML/Package/amsopn.sty.ltxml... 0.00 sec) 0.04 sec)
(Loading /usr/share/perl5/LaTeXML/Package/amscd.sty.ltxml... 0.01 sec)
(Loading /usr/share/perl5/LaTeXML/Package/latexsym.sty.ltxml... 0.00 sec)
(Loading /usr/share/perl5/LaTeXML/Package/epsfig.sty.ltxml...
(Loading /usr/share/perl5/LaTeXML/Package/graphicx.sty.ltxml...
(Loading /usr/share/perl5/LaTeXML/Package/graphics.sty.ltxml... 0.01 sec) 0.01 sec) 0.03 sec)
(Loading /usr/share/perl5/LaTeXML/Package/epsf.tex.ltxml...
(Loading /usr/share/perl5/LaTeXML/Package/epsf.sty.ltxml... 0.00 sec) 0.01 sec) 2.67 sec) 2.79 sec)
(Building...
(Loading compiled schema /usr/share/perl5/LaTeXML/resources/RelaxNG/LaTeXML.model... 0.01 sec)
Warning:unexpected:eqnarray Unrecognized equation patterns (1) in eqnarray
	at 0301092.tex; line 265 col 1 - line 265 col 1
	In Core::Definition::Constructor[\@@eqna... /usr/share/perl5/LaTeXML/Package/LaTeX.pool.ltxml; line 2290
 1.94 sec)
(Rewriting... 0.07 sec)
(Math Parsing 132 formulae ......
Warning:not_parsed:POSTSUPERSCRIPT.CLOSE.POSTSUPERSCRIPT>OPEN MathParser failed to match rule 'Anything'
	at 0301092.tex; line 173 col 1 - line 173 col 1
	In "$\displaystyle-\sqrt{\det{(\hat{g}+\omega)}}[(\hat{g}+\omega)^{-1}]^{ji}\left(%
	\partial_{i}\partial_{j}X^{\mu}+\Gamma{}^{\mu}_{\nu\rho}\partial_{i}X^{\nu}%
	\partial_{j}X^{\rho}-\hat{\Gamma}^{k}_{ij}\partial_{k}X^{\mu}\right)\@@ENDINLINEMATH"
	-[[ADDOP]] \sqrt{\det{(\hat{g}+\omega)}}[[UNKNOWN]] [[[OPEN]] ([[OPEN]] \hat{g}[[UNKNOWN]] +[[ADDOP]] ω[[UNKNOWN]] )[[CLOSE]] ^{-1}[[POSTSUPERSCRIPT]] ][[CLOSE]] ^{ji}[[POSTSUPERSCRIPT]]
	        > \left([[OPEN]] ∂[[OPERATOR]] _{i}[[POSTSUBSCRIPT]] ∂[[OPERATOR]] _{j}[[POSTSUBSCRIPT]] X[[UNKNOWN]] ^{\mu}[[POSTSUPERSCRIPT]] +[[ADDOP]] Γ[[UNKNOWN]] {}^{\mu}[[FLOATSUPERSCRIPT]] _{\nu\rho}[[POSTSUBSCRIPT]] ∂[[OPERATOR]] _{i}[[POSTSUBSCRIPT]] X[[UNKNOWN]] ^{\nu}[[POSTSUPERSCRIPT]] ∂[[OPERATOR]] _{j}[[POSTSUBSCRIPT]] X[[UNKNOWN]] ^{\rho}[[POSTSUPERSCRIPT]] -[[ADDOP]] \hat{\Gamma}[[UNKNOWN]] ^{k}[[POSTSUPERSCRIPT]] _{ij}[[POSTSUBSCRIPT]] ∂[[OPERATOR]] _{k}[[POSTSUBSCRIPT]] X[[UNKNOWN]] ^{\mu}[[POSTSUPERSCRIPT]] \right)[[CLOSE]]
Warning:not_parsed:POSTSUPERSCRIPT.CLOSE.POSTSUPERSCRIPT>OPEN MathParser failed to match rule 'Anything'
	at 0301092.tex; line 173 col 1 - line 177 col 1
	In "$\displaystyle-\sqrt{\det{(\hat{g}+\omega)}}[(\hat{g}+\omega)^{-1}]^{ji}\left(%
	\partial_{i}\partial_{j}X^{\mu}+\Gamma{}^{\mu}_{\nu\rho}\partial_{i}X^{\nu}%
	\partial_{j}X^{\rho}-\hat{\Gamma}^{k}_{ij}\partial_{k}X^{\mu}\right)$"
	-[[ADDOP]] \sqrt{\det{(\hat{g}+\omega)}}[[UNKNOWN]] [[[OPEN]] ([[OPEN]] \hat{g}[[UNKNOWN]] +[[ADDOP]] ω[[UNKNOWN]] )[[CLOSE]] ^{-1}[[POSTSUPERSCRIPT]] ][[CLOSE]] ^{ji}[[POSTSUPERSCRIPT]]
	        > \left([[OPEN]] ∂[[OPERATOR]] _{i}[[POSTSUBSCRIPT]] ∂[[OPERATOR]] _{j}[[POSTSUBSCRIPT]] X[[UNKNOWN]] ^{\mu}[[POSTSUPERSCRIPT]] +[[ADDOP]] Γ[[UNKNOWN]] {}^{\mu}[[FLOATSUPERSCRIPT]] _{\nu\rho}[[POSTSUBSCRIPT]] ∂[[OPERATOR]] _{i}[[POSTSUBSCRIPT]] X[[UNKNOWN]] ^{\nu}[[POSTSUPERSCRIPT]] ∂[[OPERATOR]] _{j}[[POSTSUBSCRIPT]] X[[UNKNOWN]] ^{\rho}[[POSTSUPERSCRIPT]] -[[ADDOP]] \hat{\Gamma}[[UNKNOWN]] ^{k}[[POSTSUPERSCRIPT]] _{ij}[[POSTSUBSCRIPT]] ∂[[OPERATOR]] _{k}[[POSTSUBSCRIPT]] X[[UNKNOWN]] ^{\mu}[[POSTSUPERSCRIPT]] \right)[[CLOSE]]
Warning:not_parsed:OPEN.UNKNOWN.UNKNOWN> MathParser failed to match rule 'Subscript'
	at 0301092.tex; line 201 col 10 - line 201 col 10
	In "$\displaystyle R(\hat{\Gamma})_{ijkl}=R(\Gamma)_{ijkl}+g_{\mu\nu}\Omega^{\mu}_%
	{[lj}\Omega^{\nu}_{k]i}\@@ENDINLINEMATH"
	[[[OPEN]] l[[UNKNOWN]] j[[UNKNOWN]]
	        > 
Warning:not_parsed:UNKNOWN>CLOSE MathParser failed to match rule 'Subscript'
	at 0301092.tex; line 201 col 27 - line 201 col 27
	k[[UNKNOWN]]
	        > ][[CLOSE]] i[[UNKNOWN]]
Warning:not_parsed:OPEN.UNKNOWN.UNKNOWN> MathParser failed to match rule 'Subscript'
	at 0301092.tex; line 201 col 10 - line 201 col 10
	In "$\displaystyle R(\hat{\Gamma})_{ijkl}=R(\Gamma)_{ijkl}+g_{\mu\nu}\Omega^{\mu}_%
	{[lj}\Omega^{\nu}_{k]i}$"
	[[[OPEN]] l[[UNKNOWN]] j[[UNKNOWN]]
	        > 
Warning:not_parsed:UNKNOWN>CLOSE MathParser failed to match rule 'Subscript'
	at 0301092.tex; line 201 col 27 - line 201 col 27
	k[[UNKNOWN]]
	        > ][[CLOSE]] i[[UNKNOWN]]
Warning:not_parsed:OPEN.UNKNOWN> MathParser failed to match rule 'Superscript'
	at 0301092.tex; line 202 col 0 - line 202 col 78
	In "$\displaystyle(R_{N})_{ij}{}^{\mu\nu}=R(\Gamma)^{\mu\nu}{}_{ij}-\hat{g}^{kl}%
	\Omega_{jk}^{[\mu}\Omega_{il}^{\nu]}\@@ENDINLINEMATH"
	[[[OPEN]] μ[[UNKNOWN]]
	        > 
Warning:not_parsed:UNKNOWN>CLOSE MathParser failed to match rule 'Superscript'
	at 0301092.tex; line 203 col 0 - line 203 col 18
	ν[[UNKNOWN]]
	        > ][[CLOSE]]
Warning:not_parsed:POSTSUBSCRIPT.CLOSE.POSTSUBSCRIPT>FLOATSUPERSCRIPT MathParser failed to match rule 'Anything'
	at 0301092.tex; line 202 col 1 - line 202 col 1
	([[OPEN]] R[[UNKNOWN]] _{N}[[POSTSUBSCRIPT]] )[[CLOSE]] _{ij}[[POSTSUBSCRIPT]]
	        > {}^{\mu\nu}[[FLOATSUPERSCRIPT]] =[[RELOP]] R[[UNKNOWN]] ([[OPEN]] Γ[[UNKNOWN]] )[[CLOSE]] ^{\mu\nu}[[POSTSUPERSCRIPT]] {}_{ij}[[FLOATSUBSCRIPT]] -[[ADDOP]] \hat{g}[[UNKNOWN]] ^{kl}[[POSTSUPERSCRIPT]] Ω[[UNKNOWN]] _{jk}[[POSTSUBSCRIPT]] ^{[\mu}[[POSTSUPERSCRIPT]] Ω[[UNKNOWN]] _{il}[[POSTSUBSCRIPT]] ^{\nu]}[[POSTSUPERSCRIPT]]
Warning:not_parsed:OPEN.UNKNOWN> MathParser failed to match rule 'Superscript'
	at 0301092.tex; line 202 col 0 - line 202 col 78
	In "$\displaystyle(R_{N})_{ij}{}^{\mu\nu}=R(\Gamma)^{\mu\nu}{}_{ij}-\hat{g}^{kl}%
	\Omega_{jk}^{[\mu}\Omega_{il}^{\nu]}$"
	[[[OPEN]] μ[[UNKNOWN]]
	        > 
Warning:not_parsed:UNKNOWN>CLOSE MathParser failed to match rule 'Superscript'
	at 0301092.tex; line 203 col 0 - line 203 col 18
	ν[[UNKNOWN]]
	        > ][[CLOSE]]
Warning:not_parsed:POSTSUBSCRIPT.CLOSE.POSTSUBSCRIPT>FLOATSUPERSCRIPT MathParser failed to match rule 'Anything'
	at 0301092.tex; line 202 col 1 - line 204 col 4
	([[OPEN]] R[[UNKNOWN]] _{N}[[POSTSUBSCRIPT]] )[[CLOSE]] _{ij}[[POSTSUBSCRIPT]]
	        > {}^{\mu\nu}[[FLOATSUPERSCRIPT]] =[[RELOP]] R[[UNKNOWN]] ([[OPEN]] Γ[[UNKNOWN]] )[[CLOSE]] ^{\mu\nu}[[POSTSUPERSCRIPT]] {}_{ij}[[FLOATSUBSCRIPT]] -[[ADDOP]] \hat{g}[[UNKNOWN]] ^{kl}[[POSTSUPERSCRIPT]] Ω[[UNKNOWN]] _{jk}[[POSTSUBSCRIPT]] ^{[\mu}[[POSTSUPERSCRIPT]] Ω[[UNKNOWN]] _{il}[[POSTSUBSCRIPT]] ^{\nu]}[[POSTSUPERSCRIPT]]
Warning:not_parsed:OPEN.UNKNOWN> MathParser failed to match rule 'Superscript'
	at 0301092.tex; line 206 col 33 - line 206 col 33
	In "$\omega_{i}^{ab}=\frac{1}{2}\xi_{\mu}^{[a}(\partial_{i}+\Gamma^{\mu}_{i\nu})%
	\xi^{\nu b]}$"
	[[[OPEN]] a[[UNKNOWN]]
	        > 
Warning:not_parsed:UNKNOWN.UNKNOWN>CLOSE MathParser failed to match rule 'Superscript'
	at 0301092.tex; line 206 col 69 - line 206 col 69
	ν[[UNKNOWN]] b[[UNKNOWN]]
	        > ][[CLOSE]]
Warning:not_parsed:OPEN.UNKNOWN> MathParser failed to match rule 'Subscript'
	at 0301092.tex; line 210 col 36 - line 210 col 36
	In "$\displaystyle(R_{N})_{ij}{}^{\mu\nu}=\left(\partial_{[i}\omega_{j]}^{ab}-%
	\omega_{[i}^{ac}\omega_{j]}^{bc}\right)\xi^{\mu}_{a}\xi^{\nu}_{b}.\@@ENDINLINEMATH"
	[[[OPEN]] i[[UNKNOWN]]
	        > 
Warning:not_parsed:UNKNOWN>CLOSE MathParser failed to match rule 'Subscript'
	at 0301092.tex; line 210 col 47 - line 210 col 47
	j[[UNKNOWN]]
	        > ][[CLOSE]]
Warning:not_parsed:OPEN.UNKNOWN> MathParser failed to match rule 'Subscript'
	at 0301092.tex; line 211 col 7 - line 211 col 7
	[[[OPEN]] i[[UNKNOWN]]
	        > 
Warning:not_parsed:UNKNOWN>CLOSE MathParser failed to match rule 'Subscript'
	at 0301092.tex; line 211 col 24 - line 211 col 24
	j[[UNKNOWN]]
	        > ][[CLOSE]]
Warning:not_parsed:POSTSUBSCRIPT.CLOSE.POSTSUBSCRIPT>FLOATSUPERSCRIPT MathParser failed to match rule 'Anything'
	at 0301092.tex; line 210 col 2 - line 210 col 2
	([[OPEN]] R[[UNKNOWN]] _{N}[[POSTSUBSCRIPT]] )[[CLOSE]] _{ij}[[POSTSUBSCRIPT]]
	        > {}^{\mu\nu}[[FLOATSUPERSCRIPT]] =[[RELOP]] \left([[OPEN]] ∂[[OPERATOR]] _{[i}[[POSTSUBSCRIPT]] ω[[UNKNOWN]] _{j]}[[POSTSUBSCRIPT]] ^{ab}[[POSTSUPERSCRIPT]] -[[ADDOP]] ω[[UNKNOWN]] _{[i}[[POSTSUBSCRIPT]] ^{ac}[[POSTSUPERSCRIPT]] ω[[UNKNOWN]] _{j]}[[POSTSUBSCRIPT]] ^{bc}[[POSTSUPERSCRIPT]] \right)[[CLOSE]] ξ[[UNKNOWN]] ^{\mu}[[POSTSUPERSCRIPT]] _{a}[[POSTSUBSCRIPT]] ξ[[UNKNOWN]] ^{\nu}[[POSTSUPERSCRIPT]] _{b}[[POSTSUBSCRIPT]]
Warning:not_parsed:OPEN.UNKNOWN> MathParser failed to match rule 'Subscript'
	at 0301092.tex; line 210 col 36 - line 210 col 36
	In "$\displaystyle(R_{N})_{ij}{}^{\mu\nu}=\left(\partial_{[i}\omega_{j]}^{ab}-%
	\omega_{[i}^{ac}\omega_{j]}^{bc}\right)\xi^{\mu}_{a}\xi^{\nu}_{b}.$"
	[[[OPEN]] i[[UNKNOWN]]
	        > 
Warning:not_parsed:UNKNOWN>CLOSE MathParser failed to match rule 'Subscript'
	at 0301092.tex; line 210 col 47 - line 210 col 47
	j[[UNKNOWN]]
	        > ][[CLOSE]]
Warning:not_parsed:OPEN.UNKNOWN> MathParser failed to match rule 'Subscript'
	at 0301092.tex; line 211 col 7 - line 211 col 7
	[[[OPEN]] i[[UNKNOWN]]
	        > 
Warning:not_parsed:UNKNOWN>CLOSE MathParser failed to match rule 'Subscript'
	at 0301092.tex; line 211 col 24 - line 211 col 24
	j[[UNKNOWN]]
	        > ][[CLOSE]]
Warning:not_parsed:POSTSUBSCRIPT.CLOSE.POSTSUBSCRIPT>FLOATSUPERSCRIPT MathParser failed to match rule 'Anything'
	at 0301092.tex; line 210 col 2 - line 212 col 4
	([[OPEN]] R[[UNKNOWN]] _{N}[[POSTSUBSCRIPT]] )[[CLOSE]] _{ij}[[POSTSUBSCRIPT]]
	        > {}^{\mu\nu}[[FLOATSUPERSCRIPT]] =[[RELOP]] \left([[OPEN]] ∂[[OPERATOR]] _{[i}[[POSTSUBSCRIPT]] ω[[UNKNOWN]] _{j]}[[POSTSUBSCRIPT]] ^{ab}[[POSTSUPERSCRIPT]] -[[ADDOP]] ω[[UNKNOWN]] _{[i}[[POSTSUBSCRIPT]] ^{ac}[[POSTSUPERSCRIPT]] ω[[UNKNOWN]] _{j]}[[POSTSUBSCRIPT]] ^{bc}[[POSTSUPERSCRIPT]] \right)[[CLOSE]] ξ[[UNKNOWN]] ^{\mu}[[POSTSUPERSCRIPT]] _{a}[[POSTSUBSCRIPT]] ξ[[UNKNOWN]] ^{\nu}[[POSTSUPERSCRIPT]] _{b}[[POSTSUBSCRIPT]]
Warning:not_parsed:UNKNOWN.POSTSUPERSCRIPT>FLOATSUPERSCRIPT MathParser failed to match rule 'Anything'
	at 0301092.tex; line 511 col 12 - line 511 col 18
	In "$\alpha^{\prime}{}^{2}$"
	α[[UNKNOWN]] ^{\prime}[[POSTSUPERSCRIPT]]
	        > {}^{2}[[FLOATSUPERSCRIPT]]
 4.01 sec)
Math parsing succeeded:
   ltx:XMath: 125/132
   ltx:XMArg: 756/774
Symbols assumed as simple identifiers (with # of occurences):
   'B{italic}' (11), 'C{italic}' (4), 'E{italic}' (11), 'F{italic}' (4), 'Gamma' (29), 'G{italic}' (2), 'H{italic}' (7), 'I{italic}' (9), 'K{italic}' (71), 'L{italic}' (6), 'Omega' (15), 'O{italic}' (3), 'Phi' (9), 'P{italic}' (46), 'R{blackboard}' (6), 'R{italic}' (17), 'S{italic}' (16), 'U{italic}' (9), 'V{italic}' (40), 'X{italic}' (56), 'alpha' (15), 'a{italic}' (9), 'beta' (12), 'b{italic}' (8), 'cst' (6), 'c{italic}' (4), 'delta' (10), 'd{italic}' (11), 'ell' (1), 'epsilon' (12), 'e{italic}' (5), 'g{italic}' (4), 'i{italic}' (79), 'j{italic}' (78), 'k{italic}' (33), 'lambda' (1), 'l{italic}' (17), 'mu' (76), 'm{italic}' (2), 'nu' (80), 'n{italic}' (2), 'omega' (43), 'rho' (16), 'r{italic}' (7), 'sigma' (2), 'varphi' (57), 'v{italic}' (28), 'xi' (31), 'x{italic}' (7)
Set MATHPARSER_SPECULATE to speculate on possible notations.
(Finalizing... 0.39 sec)
Conversion complete 26 warnings (See /home/user/latex-in-arxiv/0301092.latexml.log) (reqd. 9.53s)
