latexml (LaTeXML version 0.8.6) processing 2003/0301149.tex
(Digesting TeX 0301149...
(Loading /usr/share/perl5/LaTeXML/Package/TeX.pool.ltxml...
(Loading /usr/share/perl5/LaTeXML/Package/eTeX.pool.ltxml... 0.00 sec)
(Loading /usr/share/perl5/LaTeXML/Package/pdfTeX.pool.ltxml... 0.01 sec) 0.13 sec)
(Processing content /home/user/latex-in-arxiv/2003/0301149.tex...
(Loading /usr/share/perl5/LaTeXML/Package/LaTeX.pool.ltxml...
(Loading /usr/share/perl5/LaTeXML/Package/textcomp.sty.ltxml...
(Processing definitions /usr/share/texlive/texmf-dist/tex/latex-dev/base/ts1enc.dfu... 0.04 sec) 1.37 sec) 1.55 sec)
(Loading /usr/share/perl5/LaTeXML/Package/article.cls.ltxml... 0.01 sec)
Info:unexpected:titlepage When using titlepage, Frontmatter will not be well-structured
	at 0301149.tex; line 12 col 0 - line 12 col 17
Error:undefined:{centering} The environment {centering} is not defined.
	at 0301149.tex; line 16 col 0 - line 16 col 17
	Next token is T_SPACE[U+000a/LF] ( == T_SPACE[U+000a/LF])
	In Core::Definition::Expandable[\begin {}] /usr/share/perl5/LaTeXML/Package/LaTeX.pool.ltxml; line 180
	 <= Core::Gullet[@0x55ad96952a90] <= Core::Stomach[@0x55ad9417b4b8] <= Core::Definition::Constructor[\begin{... <= ...
 8.17 sec) 8.33 sec)
(Building...
(Loading compiled schema /usr/share/perl5/LaTeXML/resources/RelaxNG/LaTeXML.model... 0.01 sec)
Info:malformed:id Duplicated attribute xml:id
	at 0301149.tex; line 297 col 2 - line 297 col 2
	Using id='S5.Ex3a' on <ltx:XMRow _box="Alignment[]" _font="Font[math,medium,italic,10,bla..."/>
	id='S5.Ex3' already set on <ltx:equation _box="LaTeXML::Core::Alignment=HASH(..." _font="Font[serif,medium,upright,10,b..." xml:id="S5.Ex3" _ID_counter_m_="1">...
Info:malformed:id Duplicated attribute xml:id
	at 0301149.tex; line 319 col 6 - line 319 col 6
	Using id='S5.E41a' on <ltx:XMRow _box="Alignment[]" _font="Font[math,medium,italic,10,bla..."/>
	id='S5.E41' already set on <ltx:equation _box="LaTeXML::Core::Alignment=HASH(..." _font="Font[serif,medium,upright,10,b..." xml:id="S5.E41" _ID_counter_m_="2">...
Info:malformed:id Duplicated attribute xml:id
	at 0301149.tex; line 328 col 1 - line 328 col 1
	Using id='S5.E44a' on <ltx:XMRow _box="Alignment[]" _font="Font[math,medium,italic,10,bla..."/>
	id='S5.E44' already set on <ltx:equation _box="LaTeXML::Core::Alignment=HASH(..." _font="Font[serif,medium,upright,10,b..." xml:id="S5.E44" _ID_counter_m_="1">...
Info:malformed:id Duplicated attribute xml:id
	at 0301149.tex; line 365 col 13 - line 365 col 13
	Using id='S5.E48a' on <ltx:XMRow _box="Alignment[]" _font="Font[math,medium,italic,10,bla..."/>
	id='S5.E48' already set on <ltx:equation _box="LaTeXML::Core::Alignment=HASH(..." _font="Font[serif,medium,upright,10,b..." xml:id="S5.E48" _ID_counter_m_="3">...
Info:malformed:id Duplicated attribute xml:id
	at 0301149.tex; line 370 col 33 - line 370 col 33
	Using id='S5.E51a' on <ltx:XMRow _box="Alignment[]" _font="Font[math,medium,italic,10,bla..."/>
	id='S5.E51' already set on <ltx:equation _box="LaTeXML::Core::Alignment=HASH(..." _font="Font[serif,medium,upright,10,b..." xml:id="S5.E51" _ID_counter_m_="2">...
 3.73 sec)
(Rewriting... 0.12 sec)
(Math Parsing 237 formulae ...... 6.19 sec)
Math parsing succeeded:
   ltx:XMath: 237/237
   ltx:XMArg: 1170/1170
Symbols assumed as simple identifiers (with # of occurences):
   'A{italic}' (5), 'D{italic}' (17), 'E{italic}' (11), 'F{italic}' (7), 'Gamma' (28), 'G{italic}' (3), 'H{italic}' (11), 'J{caligraphic}' (2), 'J{italic}' (32), 'Lambda' (102), 'L{caligraphic}' (1), 'L{italic}' (80), 'M{italic}' (62), 'N{italic}' (3), 'Phi' (1), 'R{italic}' (4), 'S{italic}' (2), 'T{italic}' (96), 'alpha' (8), 'a{italic}' (16), 'beta' (7), 'b{italic}' (4), 'delta' (5), 'd{italic}' (46), 'eta' (13), 'e{italic}' (16), 'f{italic}' (4), 'g{italic}' (60), 'h{italic}' (5), 'i{italic}' (12), 'l{italic}' (4), 'mu' (14), 'nu' (20), 'n{italic}' (12), 'o{italic}' (7), 'phi' (2), 'pi' (83), 'p{italic}' (6), 'rho' (12), 'r{italic}' (266), 's{italic}' (3), 'theta' (1), 't{italic}' (53), 'upsilon' (1), 'u{italic}' (3), 'v{italic}' (4), 'xi' (1), 'x{italic}' (8), 'y{italic}' (3)
Set MATHPARSER_SPECULATE to speculate on possible notations.
(Finalizing... 0.63 sec)
Conversion complete 1 error; 1 undefined macro[{centering}] (See /home/user/latex-in-arxiv/0301149.latexml.log) (reqd. 19.52s)
