latexmlpost (LaTeXML version 0.8.6) paginating /home/user/latex-in-arxiv/2003/0301215_cleaned.xml
Error:malformed:document Document fails RelaxNG validation (LaTeXML)
	Validation reports: /home/user/latex-in-arxiv/2003/0301215_cleaned.xml:0: Relax-NG validity error : Element document has extra content: resource
	(Jing may provide a more precise report; https://relaxng.org/jclark/jing.html)
	In Post::Document[] /home/user/latex-in-arxiv/2003/0301215_cleaned.xml
(post-processing...
(Scan  processing...
Scan: DBStatus: 8829/0 objects
 1.72 sec)
(MakeBibliography  processing... 0.00 sec)
(CrossRef  processing...
Warning:expected:ids Missing File location for ID: bib.bib22,bib.bib35,S5.SS2.SSS2,S2.SS6.SSS1,S2.SS5.SSS6,bib.bib25,bib.bib32,S2.SS6.SSS3,bib.bib13,bib.bib5,bib.bib30,S2.SS5.SSS4,bib.bib37,bib.bib24,bib.bib27,S3.SS1.SSS8.Px1,bib.bib34,bib.bib20,S3.F2,S3.SS2,bib.bib23,S3.SS1.SSS5,bib.bib14,S3.F4,S3.SS1,bib.bib17,bib.bib10,S5.F6,S2.SS7,bib.bib12,S5.SS1.SSS2,bib.bib7,bib.bib40,bib.bib29,S3.F3,S3.F1,bib.bib39,S4.SS3.SSS0.Px3,bib.bib18,S2.SS5,bib.bib11,bib.bib16,S2.SS6.SSS5,bib.bib36,bib.bib31,bib.bib4,bib.bib21,bib.bib26,bib.bib1,bib.bib38,bib.bib19,bib.bib9,S5.F8,S4.SS3,bib.bib28
	In Post::CrossRef[@0x55eccec8af40] ->process
 0.83 sec)
(SVG  38 to process...
(Loading compiled schema /usr/share/perl5/LaTeXML/resources/RelaxNG/LaTeXML.model... 0.01 sec) 0.13 sec)
(MathML::Presentation  2571 to process...
converted 2571 Maths
 7.71 sec)
(XSLT[using LaTeXML-html5.xsl]  processing... 5.05 sec)
(Writer  processing... 0.03 sec) 15.54 sec)
Postprocessing complete 1 warning; 1 error (See /home/user/latex-in-arxiv/0301215_cleaned.latexmlpost.log) (reqd. 20.14s)
