latexml (LaTeXML version 0.8.6) processing 2003/0301241.tex
(Digesting TeX 0301241...
(Loading /usr/share/perl5/LaTeXML/Package/TeX.pool.ltxml...
(Loading /usr/share/perl5/LaTeXML/Package/eTeX.pool.ltxml... 0.00 sec)
(Loading /usr/share/perl5/LaTeXML/Package/pdfTeX.pool.ltxml... 0.01 sec) 0.12 sec)
(Processing content /home/user/latex-in-arxiv/2003/0301241.tex...
(Loading /usr/share/perl5/LaTeXML/Package/LaTeX.pool.ltxml...
(Loading /usr/share/perl5/LaTeXML/Package/textcomp.sty.ltxml...
(Processing definitions /usr/share/texlive/texmf-dist/tex/latex-dev/base/ts1enc.dfu... 0.02 sec) 0.94 sec) 1.11 sec)
Info:unexpected:\documentstyle Entering LaTeX 2.09 Compatibility mode
	at 0301241.tex; line 2 col 0 - line 2 col 29
(Loading /usr/share/perl5/LaTeXML/Package/article.cls.ltxml... 0.02 sec)
Info:unexpected:titlepage When using titlepage, Frontmatter will not be well-structured
	at 0301241.tex; line 45 col 0 - line 45 col 17
 6.66 sec) 6.82 sec)
(Building...
(Loading compiled schema /usr/share/perl5/LaTeXML/resources/RelaxNG/LaTeXML.model... 0.01 sec) 6.34 sec)
(Rewriting... 0.17 sec)
(Math Parsing 402 formulae ......
Warning:not_parsed:UNKNOWN.POSTSUPERSCRIPT>FLOATSUBSCRIPT MathParser failed to match rule 'Anything'
	at 0301241.tex; line 344 col 0 - line 347 col 3
	In "\begin{equation}J^{i}{}_{j}=\bar{\xi}_{j}\bar{\pi}^{i}-\xi^{i}\pi_{j}\,.\end{equation}"
	J[[UNKNOWN]] ^{i}[[POSTSUPERSCRIPT]]
	        > {}_{j}[[FLOATSUBSCRIPT]] =[[RELOP]] \bar{\xi}[[UNKNOWN]] _{j}[[POSTSUBSCRIPT]] \bar{\pi}[[UNKNOWN]] ^{i}[[POSTSUPERSCRIPT]] -[[ADDOP]] ξ[[UNKNOWN]] ^{i}[[POSTSUPERSCRIPT]] π[[UNKNOWN]] _{j}[[POSTSUBSCRIPT]]
Warning:not_parsed:ATOM.POSTSUPERSCRIPT>FLOATSUBSCRIPT MathParser failed to match rule 'Anything'
	at 0301241.tex; line 349 col 0 - line 352 col 3
	In "\begin{equation}\hat{J}^{i}{}_{j}=\bar{\xi}_{j}{\partial\over\partial\bar{\xi}%
	_{i}}-\xi^{i}{\partial\over\partial\xi^{j}}\,.\end{equation}"
	\hat{J}[[UNKNOWN]] ^{i}[[POSTSUPERSCRIPT]]
	        > {}_{j}[[FLOATSUBSCRIPT]] =[[RELOP]] \bar{\xi}[[UNKNOWN]] _{j}[[POSTSUBSCRIPT]] \partial\over\partial\bar{\xi}_{i}[[UNKNOWN]] -[[ADDOP]] ξ[[UNKNOWN]] ^{i}[[POSTSUPERSCRIPT]] \partial\over\partial\xi^{j}[[UNKNOWN]]
Warning:not_parsed:ATOM.POSTSUPERSCRIPT>FLOATSUBSCRIPT MathParser failed to match rule 'Anything'
	at 0301241.tex; line 363 col 11 - line 363 col 43
	In "$\bar{\omega}^{i}{}_{j}=-\omega_{j}{}^{i}\,$"
	\bar{\omega}[[UNKNOWN]] ^{i}[[POSTSUPERSCRIPT]]
	        > {}_{j}[[FLOATSUBSCRIPT]] =[[RELOP]] -[[ADDOP]] ω[[UNKNOWN]] _{j}[[POSTSUBSCRIPT]] {}^{i}[[FLOATSUPERSCRIPT]]
Warning:not_parsed:CLOSE.UNKNOWN.POSTSUPERSCRIPT>FLOATSUBSCRIPT MathParser failed to match rule 'Anything'
	at 0301241.tex; line 380 col 3 - line 382 col 3
	In "\begin{equation}B=\left({1\over n}-1\right)J^{i}{}_{i}+\gamma\end{equation}"
	B[[UNKNOWN]] =[[RELOP]] \left([[OPEN]] 1\overn[[UNKNOWN]] -[[ADDOP]] 1[[NUMBER]] \right)[[CLOSE]] J[[UNKNOWN]] ^{i}[[POSTSUPERSCRIPT]]
	        > {}_{i}[[FLOATSUBSCRIPT]] +[[ADDOP]] γ[[UNKNOWN]]
Warning:not_parsed:ATOM>FLOATSUPERSCRIPT MathParser failed to match rule 'Anything'
	at 0301241.tex; line 400 col 4 - line 400 col 4
	In "$\displaystyle\hat{\bar{S}}{}^{i}={\partial\over\partial\bar{\xi}_{i}}+{{%
	\gamma}\over 2}\xi^{i}+\xi^{i}{\left(\xi\cdot{\partial\over\partial\xi}\right)%
	}.\@@ENDINLINEMATH"
	\hat{\bar{S}}[[UNKNOWN]]
	        > {}^{i}[[FLOATSUPERSCRIPT]] =[[RELOP]] \partial\over\partial\bar{\xi}_{i}[[UNKNOWN]] +[[ADDOP]] {\gamma}\over2[[UNKNOWN]] ξ[[UNKNOWN]] ^{i}[[POSTSUPERSCRIPT]] +[[ADDOP]] ξ[[UNKNOWN]] ^{i}[[POSTSUPERSCRIPT]] \left([[OPEN]] ξ[[UNKNOWN]] ⋅[[MULOP]] \partial\over\partial\xi[[UNKNOWN]] \right)[[CLOSE]]
Warning:not_parsed:ATOM>FLOATSUPERSCRIPT MathParser failed to match rule 'Anything'
	at 0301241.tex; line 400 col 4 - line 400 col 19
	In "$\displaystyle\hat{\bar{S}}{}^{i}$"
	\hat{\bar{S}}[[UNKNOWN]]
	        > {}^{i}[[FLOATSUPERSCRIPT]]
Warning:not_parsed:ATOM.POSTSUPERSCRIPT.CLOSE>RELOP MathParser failed to match rule 'Anything'
	at 0301241.tex; line 405 col 0 - line 408 col 3
	In "\begin{equation}\{\hat{S}_{i},\hat{\bar{S}}^{j}\}=\left[\hat{J}^{j}{}_{i}-{1%
	\over n}\delta_{i}^{j}\hat{J}^{k}{}_{k}\right]+\delta_{i}^{j}\hat{B}\end{equation}"
	\{[[OPEN]] \hat{S}[[UNKNOWN]] _{i}[[POSTSUBSCRIPT]] ,[[PUNCT]] \hat{\bar{S}}[[UNKNOWN]] ^{j}[[POSTSUPERSCRIPT]] \}[[CLOSE]]
	        > =[[RELOP]] \left[[[OPEN]] \hat{J}[[UNKNOWN]] ^{j}[[POSTSUPERSCRIPT]] {}_{i}[[FLOATSUBSCRIPT]] -[[ADDOP]] 1\overn[[UNKNOWN]] δ[[UNKNOWN]] _{i}[[POSTSUBSCRIPT]] ^{j}[[POSTSUPERSCRIPT]] \hat{J}[[UNKNOWN]] ^{k}[[POSTSUPERSCRIPT]] {}_{k}[[FLOATSUBSCRIPT]] \right][[CLOSE]] +[[ADDOP]] δ[[UNKNOWN]] _{i}[[POSTSUBSCRIPT]] ^{j}[[POSTSUPERSCRIPT]] \hat{B}[[UNKNOWN]]
Warning:not_parsed:CLOSE.ATOM.POSTSUPERSCRIPT>FLOATSUBSCRIPT MathParser failed to match rule 'Anything'
	at 0301241.tex; line 410 col 0 - line 413 col 3
	In "\begin{equation}\hat{B}=\left({1\over n}-1\right)\hat{J}^{k}{}_{k}+{1\over 2}%
	\left(\gamma+\alpha\right).\end{equation}"
	\hat{B}[[UNKNOWN]] =[[RELOP]] \left([[OPEN]] 1\overn[[UNKNOWN]] -[[ADDOP]] 1[[NUMBER]] \right)[[CLOSE]] \hat{J}[[UNKNOWN]] ^{k}[[POSTSUPERSCRIPT]]
	        > {}_{k}[[FLOATSUBSCRIPT]] +[[ADDOP]] 1\over2[[UNKNOWN]] \left([[OPEN]] γ[[UNKNOWN]] +[[ADDOP]] α[[UNKNOWN]] \right)[[CLOSE]]
Warning:not_parsed:OPEN.UNKNOWN.POSTSUBSCRIPT> MathParser failed to match rule 'Superscript'
	at 0301241.tex; line 454 col 15 - line 454 col 15
	In "$\displaystyle\delta_{\epsilon}c_{(k)}^{i_{1}\ldots i_{k}}=(-1)^{k}\left\{[k-1%
	-q]\epsilon^{[i_{1}}c_{(k-1)}^{i_{2}\ldots i_{k}]}-(1-\delta_{k,n})(k+1)\,\bar%
	{\epsilon}_{j}c^{ji_{1}\ldots i_{k}}_{(k+1)}\right\}\;(k\geq 2)\,,\@@ENDINLINEMATH"
	[[[OPEN]] i[[UNKNOWN]] _{1}[[POSTSUBSCRIPT]]
	        > 
Warning:not_parsed:ID.UNKNOWN.POSTSUBSCRIPT>CLOSE MathParser failed to match rule 'Superscript'
	at 0301241.tex; line 454 col 43 - line 454 col 43
	i[[UNKNOWN]] _{2}[[POSTSUBSCRIPT]] \ldots[[ID]] i[[UNKNOWN]] _{k}[[POSTSUBSCRIPT]]
	        > ][[CLOSE]]
Warning:not_parsed:OPEN.UNKNOWN.POSTSUBSCRIPT> MathParser failed to match rule 'Superscript'
	at 0301241.tex; line 454 col 15 - line 454 col 15
	In "$\displaystyle\delta_{\epsilon}c_{(k)}^{i_{1}\ldots i_{k}}=(-1)^{k}\left\{[k-1%
	-q]\epsilon^{[i_{1}}c_{(k-1)}^{i_{2}\ldots i_{k}]}-(1-\delta_{k,n})(k+1)\,\bar%
	{\epsilon}_{j}c^{ji_{1}\ldots i_{k}}_{(k+1)}\right\}\;(k\geq 2)\,,$"
	[[[OPEN]] i[[UNKNOWN]] _{1}[[POSTSUBSCRIPT]]
	        > 
Warning:not_parsed:ID.UNKNOWN.POSTSUBSCRIPT>CLOSE MathParser failed to match rule 'Superscript'
	at 0301241.tex; line 454 col 43 - line 454 col 43
	i[[UNKNOWN]] _{2}[[POSTSUBSCRIPT]] \ldots[[ID]] i[[UNKNOWN]] _{k}[[POSTSUBSCRIPT]]
	        > ][[CLOSE]]
Warning:not_parsed:>OPEN MathParser failed to match rule 'Anything'
	at 0301241.tex; line 536 col 0 - line 540 col 3
	In "\begin{equation}\left(<\Omega|\hat{S}_{i}|\Psi>\right)^{\dagger}=<\Psi|\hat{%
	\bar{S}}{}^{i}|\Omega>\,.\end{equation}"
	> \left([[OPEN]] <[[RELOP]] Ω[[UNKNOWN]] |[[VERTBAR]] \hat{S}[[UNKNOWN]] _{i}[[POSTSUBSCRIPT]] |[[VERTBAR]] Ψ[[UNKNOWN]] >[[RELOP]] \right)[[CLOSE]] ^{\dagger}[[POSTSUPERSCRIPT]] =[[RELOP]] <[[RELOP]] Ψ[[UNKNOWN]] |[[VERTBAR]] \hat{\bar{S}}[[UNKNOWN]] {}^{i}[[FLOATSUPERSCRIPT]] |[[VERTBAR]] Ω[[UNKNOWN]] >[[RELOP]]
Warning:not_parsed:CLOSE.POSTSUPERSCRIPT.UNKNOWN>FLOATSUPERSCRIPT MathParser failed to match rule 'Anything'
	at 0301241.tex; line 548 col 0 - line 554 col 3
	In "\begin{equation}\Psi{}=\left[1+\bar{\xi}\cdot\xi\right]^{\lambda}\Psi{}^{%
	\prime}_{(\lambda)}\,,\quad\Omega{}=\left[1+\bar{\xi}\cdot\xi\right]^{\lambda}%
	\Omega{}^{\prime}_{(\lambda)}\,,\quad(\lambda^{\dagger}=\lambda)\,.\end{equation}"
	Ψ[[UNKNOWN]] =[[RELOP]] \left[[[OPEN]] 1[[NUMBER]] +[[ADDOP]] \bar{\xi}[[UNKNOWN]] ⋅[[MULOP]] ξ[[UNKNOWN]] \right][[CLOSE]] ^{\lambda}[[POSTSUPERSCRIPT]] Ψ[[UNKNOWN]]
	        > {}^{\prime}[[FLOATSUPERSCRIPT]] _{(\lambda)}[[POSTSUBSCRIPT]] ,[[PUNCT]] Ω[[UNKNOWN]] =[[RELOP]] \left[[[OPEN]] 1[[NUMBER]] +[[ADDOP]] \bar{\xi}[[UNKNOWN]] ⋅[[MULOP]] ξ[[UNKNOWN]] \right][[CLOSE]] ^{\lambda}[[POSTSUPERSCRIPT]] Ω[[UNKNOWN]] {}^{\prime}[[FLOATSUPERSCRIPT]] _{(\lambda)}[[POSTSUBSCRIPT]] ,[[PUNCT]] ([[OPEN]] λ[[UNKNOWN]] ^{\dagger}[[POSTSUPERSCRIPT]] =[[RELOP]] λ[[UNKNOWN]] )[[CLOSE]]
Warning:not_parsed:UNKNOWN.ARROW.UNKNOWN>FLOATSUPERSCRIPT MathParser failed to match rule 'Anything'
	at 0301241.tex; line 555 col 41 - line 556 col 8
	In "$\Omega,\Psi\rightarrow\Omega{}^{\prime},\Psi{}^{\prime}$"
	Ω[[UNKNOWN]] ,[[PUNCT]] Ψ[[UNKNOWN]] →[[ARROW]] Ω[[UNKNOWN]]
	        > {}^{\prime}[[FLOATSUPERSCRIPT]] ,[[PUNCT]] Ψ[[UNKNOWN]] {}^{\prime}[[FLOATSUPERSCRIPT]]
Warning:not_parsed:>OPEN MathParser failed to match rule 'Anything'
	at 0301241.tex; line 563 col 0 - line 569 col 3
	In "\begin{equation}\left(<\Omega{}^{\prime}_{(-\kappa/2)}|\partial/\partial\xi^{i%
	}|\Psi{}^{\prime}_{(-\kappa/2)}>\right)^{\dagger}=<\Psi{}^{\prime}_{(-\kappa/2%
	)}|\partial/\partial\bar{\xi}_{i}|\Omega{}^{\prime}_{(-\kappa/2)}>\,.\end{equation}"
	> \left([[OPEN]] <[[RELOP]] Ω[[UNKNOWN]] {}^{\prime}[[FLOATSUPERSCRIPT]] _{(-\kappa/2)}[[POSTSUBSCRIPT]] |[[VERTBAR]] ∂[[OPERATOR]] /[[MULOP]] ∂[[OPERATOR]] ξ[[UNKNOWN]] ^{i}[[POSTSUPERSCRIPT]] |[[VERTBAR]] Ψ[[UNKNOWN]] {}^{\prime}[[FLOATSUPERSCRIPT]] _{(-\kappa/2)}[[POSTSUBSCRIPT]] >[[RELOP]] \right)[[CLOSE]] ^{\dagger}[[POSTSUPERSCRIPT]] =[[RELOP]] <[[RELOP]] Ψ[[UNKNOWN]] {}^{\prime}[[FLOATSUPERSCRIPT]] _{(-\kappa/2)}[[POSTSUBSCRIPT]] |[[VERTBAR]] ∂[[OPERATOR]] /[[MULOP]] ∂[[OPERATOR]] \bar{\xi}[[UNKNOWN]] _{i}[[POSTSUBSCRIPT]] |[[VERTBAR]] Ω[[UNKNOWN]] {}^{\prime}[[FLOATSUPERSCRIPT]] _{(-\kappa/2)}[[POSTSUBSCRIPT]] >[[RELOP]]
 7.41 sec)
Math parsing succeeded:
   ltx:XMath: 390/402
   ltx:XMArg: 878/882
Symbols assumed as simple identifiers (with # of occurences):
   'B{italic}' (2), 'D{italic}' (4), 'J{italic}' (6), 'L{italic}' (3), 'Omega' (20), 'O{italic}' (12), 'Phi' (35), 'Psi' (32), 'S{italic}' (76), 'U{italic}' (97), 'alpha' (11), 'a{italic}' (21), 'b{italic}' (36), 'c{italic}' (56), 'delta' (50), 'd{italic}' (8), 'epsilon' (26), 'e{italic}' (1), 'gamma' (16), 'i{italic}' (79), 'j{italic}' (14), 'kappa' (9), 'k{italic}' (22), 'lambda' (16), 'l{italic}' (1), 'mu' (8), 'n{bold}' (6), 'n{italic}' (126), 'omega' (3), 'pi' (13), 'p{italic}' (8), 'q{italic}' (28), 's{italic}' (1), 'varepsilon' (16), 'varphi' (4), 'xi' (76), 'zeta' (9)
Set MATHPARSER_SPECULATE to speculate on possible notations.
(Finalizing... 0.66 sec)
Conversion complete 16 warnings (See /home/user/latex-in-arxiv/0301241.latexml.log) (reqd. 21.86s)
