latexml (LaTeXML version 0.8.6) processing 2003/0301111.tex
(Digesting TeX 0301111...
(Loading /usr/share/perl5/LaTeXML/Package/TeX.pool.ltxml...
(Loading /usr/share/perl5/LaTeXML/Package/eTeX.pool.ltxml... 0.01 sec)
(Loading /usr/share/perl5/LaTeXML/Package/pdfTeX.pool.ltxml... 0.01 sec) 0.19 sec)
(Processing content /home/user/latex-in-arxiv/2003/0301111.tex...
(Loading /usr/share/perl5/LaTeXML/Package/LaTeX.pool.ltxml...
(Loading /usr/share/perl5/LaTeXML/Package/textcomp.sty.ltxml...
(Processing definitions /usr/share/texlive/texmf-dist/tex/latex-dev/base/ts1enc.dfu... 0.04 sec) 1.43 sec) 1.69 sec)
(Loading /usr/share/perl5/LaTeXML/Package/article.cls.ltxml... 0.01 sec)
(Loading /usr/share/perl5/LaTeXML/Package/latexsym.sty.ltxml... 0.00 sec) 8.08 sec) 8.34 sec)
(Building...
(Loading compiled schema /usr/share/perl5/LaTeXML/resources/RelaxNG/LaTeXML.model... 0.01 sec) 10.46 sec)
(Rewriting... 0.35 sec)
(Math Parsing 701 formulae ......
Warning:not_parsed:OPERATOR.POSTSUBSCRIPT.UNKNOWN>OPEN MathParser failed to match rule 'Anything'
	at 0301111.tex; line 672 col 50 - line 674 col 55
	In "$${Q_{R}}^{\phi}\equiv\,\partial_{0}\phi(f_{R}\,\alpha,),\,\,\,{Q_{R}}^{\psi}%
	\equiv j_{0}(f_{R}\,\alpha),\,\,\,\,j_{\mu}(x)=:\bar{\psi}{\gamma}_{\mu}\psi:,$$"
	Q[[UNKNOWN]] _{R}[[POSTSUBSCRIPT]] ^{\phi}[[POSTSUPERSCRIPT]] ≡[[RELOP]] ∂[[OPERATOR]] _{0}[[POSTSUBSCRIPT]] ϕ[[UNKNOWN]]
	        > ([[OPEN]] f[[UNKNOWN]] _{R}[[POSTSUBSCRIPT]] α[[UNKNOWN]] ,[[PUNCT]] )[[CLOSE]] ,[[PUNCT]] Q[[UNKNOWN]] _{R}[[POSTSUBSCRIPT]] ^{\psi}[[POSTSUPERSCRIPT]] ≡[[RELOP]] j[[UNKNOWN]] _{0}[[POSTSUBSCRIPT]] ([[OPEN]] f[[UNKNOWN]] _{R}[[POSTSUBSCRIPT]] α[[UNKNOWN]] )[[CLOSE]] ,[[PUNCT]] j[[UNKNOWN]] _{\mu}[[POSTSUBSCRIPT]] ([[OPEN]] x[[UNKNOWN]] )[[CLOSE]] =[[RELOP]] :[[METARELOP]] \bar{\psi}[[UNKNOWN]] γ[[UNKNOWN]] _{\mu}[[POSTSUBSCRIPT]] ψ[[UNKNOWN]] :[[METARELOP]]
Warning:not_parsed:PUNCT.UNKNOWN.POSTSUBSCRIPT>CLOSE MathParser failed to match rule 'Anything'
	at 0301111.tex; line 734 col 53 - line 735 col 24
	In "$Q_{R,T(R)}\equiv j_{(}f_{R},\alpha_{T(R)})$"
	Q[[UNKNOWN]] _{R,T(R)}[[POSTSUBSCRIPT]] ≡[[RELOP]] j[[UNKNOWN]] _{(}[[POSTSUBSCRIPT]] f[[UNKNOWN]] _{R}[[POSTSUBSCRIPT]] ,[[PUNCT]] α[[UNKNOWN]] _{T(R)}[[POSTSUBSCRIPT]]
	        > )[[CLOSE]]
Warning:not_parsed:NUMBER.ATOM>CLOSE MathParser failed to match rule 'Anything'
	at 0301111.tex; line 746 col 60 - line 746 col 60
	In "$$||Q_{R,T}\,{\Psi_{0}}||^{2}=\int d\nu(k^{2})\,d^{3}q\,\frac{|{\bf q}\tilde{f%
	}({\bf q})|^{2}}{2\sqrt{(|{\bf q}|/R)^{2}+k^{2}})}\,R\,|\tilde{\alpha}(T\sqrt{%
	(|{\bf q}|/R)^{2}+k^{2}})|^{2}.$$"
	2[[NUMBER]] \sqrt{(|{\bfq}|/R)^{2}+k^{2}}[[UNKNOWN]]
	        > )[[CLOSE]]
Warning:not_parsed:POSTSUBSCRIPT.UNKNOWN.POSTSUBSCRIPT>RELOP MathParser failed to match rule 'Anything'
	at 0301111.tex; line 793 col 59 - line 795 col 3
	In "$$\lim_{R\rightarrow\infty}\,<\Psi,\tilde{Q}_{R}\,{\Psi_{0}}>$$"
	lim[[LIMITOP]] _{R\rightarrow\infty}[[POSTSUBSCRIPT]] <[[RELOP]] Ψ[[UNKNOWN]] ,[[PUNCT]] \tilde{Q}[[UNKNOWN]] _{R}[[POSTSUBSCRIPT]] Ψ[[UNKNOWN]] _{0}[[POSTSUBSCRIPT]]
	        > >[[RELOP]]
Warning:not_parsed:CLOSE.UNKNOWN.POSTSUBSCRIPT>RELOP MathParser failed to match rule 'Anything'
	at 0301111.tex; line 797 col 27 - line 798 col 11
	In "$$\lim_{R\rightarrow\infty}\,<{\Psi_{0}},\,[\tilde{Q}_{R},\,F]{\Psi_{0}}>\neq 0$$"
	lim[[LIMITOP]] _{R\rightarrow\infty}[[POSTSUBSCRIPT]] <[[RELOP]] Ψ[[UNKNOWN]] _{0}[[POSTSUBSCRIPT]] ,[[PUNCT]] [[[OPEN]] \tilde{Q}[[UNKNOWN]] _{R}[[POSTSUBSCRIPT]] ,[[PUNCT]] F[[UNKNOWN]] ][[CLOSE]] Ψ[[UNKNOWN]] _{0}[[POSTSUBSCRIPT]]
	        > >[[RELOP]] ≠[[RELOP]] 0[[NUMBER]]
Warning:not_parsed:NUMBER.ATOM>CLOSE MathParser failed to match rule 'Anything'
	at 0301111.tex; line 805 col 48 - line 805 col 48
	In "$$||\tilde{Q}_{R}\,{\Psi_{0}}||^{2}=R\int k^{2}\,d\rho(k^{2})\,d^{3}q\,\frac{|%
	{\bf q}\tilde{f}({\bf q})|^{2}}{2\sqrt{(|{\bf q}|/R)^{2}+k^{2}})}\,R\,|\tilde{%
	\alpha}(\sqrt{(|{\bf q}|/R)^{2}+k^{2}})|^{2},$$"
	2[[NUMBER]] \sqrt{(|{\bfq}|/R)^{2}+k^{2}}[[UNKNOWN]]
	        > )[[CLOSE]]
Warning:not_parsed:RELOP>PERIOD MathParser failed to match rule 'Anything'
	at 0301111.tex; line 889 col 13 - line 889 col 25
	In "$<.,\,.>$"
	<[[RELOP]]
	        > .[[PERIOD]] ,[[PUNCT]] .[[PERIOD]] >[[RELOP]]
Warning:not_parsed:OPEN.UNKNOWN.CLOSE>RELOP MathParser failed to match rule 'Anything'
	at 0301111.tex; line 901 col 27 - line 901 col 49
	In "$p_{y}(x)=|<x,\,y>|$"
	p[[UNKNOWN]] _{y}[[POSTSUBSCRIPT]] ([[OPEN]] x[[UNKNOWN]] )[[CLOSE]]
	        > =[[RELOP]] |[[VERTBAR]] <[[RELOP]] x[[UNKNOWN]] ,[[PUNCT]] y[[UNKNOWN]] >[[RELOP]] |[[VERTBAR]]
Warning:not_parsed:>OPEN MathParser failed to match rule 'Anything'
	at 0301111.tex; line 921 col 63 - line 922 col 8
	In "$(.,\,.)$"
	> ([[OPEN]] .[[PERIOD]] ,[[PUNCT]] .[[PERIOD]] )[[CLOSE]]
Warning:not_parsed:POSTSUBSCRIPT.POSTSUPERSCRIPT.UNKNOWN>RELOP MathParser failed to match rule 'Anything'
	at 0301111.tex; line 977 col 54 - line 979 col 22
	In "$$\lim_{R\rightarrow\infty}\,<\Phi,{Q_{R}}\,\Psi>=\lim_{R\rightarrow\infty}\,<%
	\Phi,{Q_{R}}^{G}\,\Psi>,\,\,\,{Q_{R}}\equiv j_{0}(f_{R}\,\alpha_{R})$$"
	lim[[LIMITOP]] _{R\rightarrow\infty}[[POSTSUBSCRIPT]] <[[RELOP]] Φ[[UNKNOWN]] ,[[PUNCT]] Q[[UNKNOWN]] _{R}[[POSTSUBSCRIPT]] Ψ[[UNKNOWN]] >[[RELOP]] =[[RELOP]] lim[[LIMITOP]] _{R\rightarrow\infty}[[POSTSUBSCRIPT]] <[[RELOP]] Φ[[UNKNOWN]] ,[[PUNCT]] Q[[UNKNOWN]] _{R}[[POSTSUBSCRIPT]] ^{G}[[POSTSUPERSCRIPT]] Ψ[[UNKNOWN]]
	        > >[[RELOP]] ,[[PUNCT]] Q[[UNKNOWN]] _{R}[[POSTSUBSCRIPT]] ≡[[RELOP]] j[[UNKNOWN]] _{0}[[POSTSUBSCRIPT]] ([[OPEN]] f[[UNKNOWN]] _{R}[[POSTSUBSCRIPT]] α[[UNKNOWN]] _{R}[[POSTSUBSCRIPT]] )[[CLOSE]]
Warning:not_parsed:>OPEN MathParser failed to match rule 'Anything'
	at 0301111.tex; line 985 col 60 - line 986 col 2
	In "$(.,.)$"
	> ([[OPEN]] .[[PERIOD]] ,[[PUNCT]] .[[PERIOD]] )[[CLOSE]]
Warning:not_parsed:POSTSUBSCRIPT.UNKNOWN.POSTSUBSCRIPT>RELOP MathParser failed to match rule 'Anything'
	at 0301111.tex; line 1026 col 27 - line 1027 col 6
	In "\begin{equation}{\lim_{R\rightarrow\infty}<D_{1},\,{Q_{R}}\,D_{1}>\neq 0.}\end{equation}"
	lim[[LIMITOP]] _{R\rightarrow\infty}[[POSTSUBSCRIPT]] <[[RELOP]] D[[UNKNOWN]] _{1}[[POSTSUBSCRIPT]] ,[[PUNCT]] Q[[UNKNOWN]] _{R}[[POSTSUBSCRIPT]] D[[UNKNOWN]] _{1}[[POSTSUBSCRIPT]]
	        > >[[RELOP]] ≠[[RELOP]] 0[[NUMBER]]
Warning:not_parsed:POSTSUBSCRIPT.POSTSUPERSCRIPT.UNKNOWN>RELOP MathParser failed to match rule 'Anything'
	at 0301111.tex; line 1034 col 14 - line 1035 col 56
	In "\begin{equation}{\lim_{R\rightarrow\infty}<{\mathcal{D}}_{0},\,{Q_{R}}^{G}\,%
	\Psi>=<{\mathcal{D}}_{0},\,Q\Psi>\neq 0,\,\,\,\lim_{R\rightarrow\infty}<{%
	\mathcal{D}}_{0},\,{Q_{R}}^{G}\,{\Psi_{0}}>=0,}\end{equation}"
	lim[[LIMITOP]] _{R\rightarrow\infty}[[POSTSUBSCRIPT]] <[[RELOP]] D[[UNKNOWN]] _{0}[[POSTSUBSCRIPT]] ,[[PUNCT]] Q[[UNKNOWN]] _{R}[[POSTSUBSCRIPT]] ^{G}[[POSTSUPERSCRIPT]] Ψ[[UNKNOWN]]
	        > >[[RELOP]] =[[RELOP]] <[[RELOP]] D[[UNKNOWN]] _{0}[[POSTSUBSCRIPT]] ,[[PUNCT]] Q[[UNKNOWN]] Ψ[[UNKNOWN]] >[[RELOP]] ≠[[RELOP]] 0[[NUMBER]] ,[[PUNCT]] lim[[LIMITOP]] _{R\rightarrow\infty}[[POSTSUBSCRIPT]] <[[RELOP]] D[[UNKNOWN]] _{0}[[POSTSUBSCRIPT]] ,[[PUNCT]] Q[[UNKNOWN]] _{R}[[POSTSUBSCRIPT]] ^{G}[[POSTSUPERSCRIPT]] Ψ[[UNKNOWN]] _{0}[[POSTSUBSCRIPT]] >[[RELOP]] =[[RELOP]] 0[[NUMBER]]
Warning:not_parsed:POSTSUPERSCRIPT.UNKNOWN.POSTSUBSCRIPT>RELOP MathParser failed to match rule 'Anything'
	at 0301111.tex; line 1045 col 29 - line 1046 col 8
	In "$<{\mathcal{D}}_{0},\,{Q_{R}}^{G}\,{\mathcal{D}}_{0}>\rightarrow 0$"
	<[[RELOP]] D[[UNKNOWN]] _{0}[[POSTSUBSCRIPT]] ,[[PUNCT]] Q[[UNKNOWN]] _{R}[[POSTSUBSCRIPT]] ^{G}[[POSTSUPERSCRIPT]] D[[UNKNOWN]] _{0}[[POSTSUBSCRIPT]]
	        > >[[RELOP]] →[[ARROW]] 0[[NUMBER]]
Warning:not_parsed:OPEN.UNKNOWN.CLOSE>RELOP MathParser failed to match rule 'Anything'
	at 0301111.tex; line 1079 col 23 - line 1080 col 27
	In "\begin{equation}{\psi(x)\equiv U(x)\psi_{0}(x),\,\,\,U(x)\equiv:e^{i\,\phi_{2}%
	}:(x)}\end{equation}"
	ψ[[UNKNOWN]] ([[OPEN]] x[[UNKNOWN]] )[[CLOSE]] ≡[[RELOP]] U[[UNKNOWN]] ([[OPEN]] x[[UNKNOWN]] )[[CLOSE]] ψ[[UNKNOWN]] _{0}[[POSTSUBSCRIPT]] ([[OPEN]] x[[UNKNOWN]] )[[CLOSE]] ,[[PUNCT]] U[[UNKNOWN]] ([[OPEN]] x[[UNKNOWN]] )[[CLOSE]]
	        > ≡[[RELOP]] :[[METARELOP]] e[[UNKNOWN]] ^{i\,\phi_{2}}[[POSTSUPERSCRIPT]] :[[METARELOP]] ([[OPEN]] x[[UNKNOWN]] )[[CLOSE]]
Warning:not_parsed:OPEN.UNKNOWN.CLOSE>RELOP MathParser failed to match rule 'Anything'
	at 0301111.tex; line 1097 col 27 - line 1098 col 51
	In "$$j_{\mu}(x)=:\bar{\psi}\,{\gamma}_{\mu}\,\psi:(x)=:\bar{\psi_{0}}\,{\gamma}_{%
	\mu}\,\psi_{0}:(x).$$"
	j[[UNKNOWN]] _{\mu}[[POSTSUBSCRIPT]] ([[OPEN]] x[[UNKNOWN]] )[[CLOSE]]
	        > =[[RELOP]] :[[METARELOP]] \bar{\psi}[[UNKNOWN]] γ[[UNKNOWN]] _{\mu}[[POSTSUBSCRIPT]] ψ[[UNKNOWN]] :[[METARELOP]] ([[OPEN]] x[[UNKNOWN]] )[[CLOSE]] =[[RELOP]] :[[METARELOP]] \bar{\psi_{0}}[[UNKNOWN]] γ[[UNKNOWN]] _{\mu}[[POSTSUBSCRIPT]] ψ[[UNKNOWN]] _{0}[[POSTSUBSCRIPT]] :[[METARELOP]] ([[OPEN]] x[[UNKNOWN]] )[[CLOSE]]
Warning:not_parsed:VERTBAR.POSTSUPERSCRIPT.POSTSUBSCRIPT>RELOP MathParser failed to match rule 'Anything'
	at 0301111.tex; line 1108 col 59 - line 1109 col 66
	In "\begin{equation}{\,||{Q_{R}}{\Psi_{0}}||^{2}_{HK}=<{Q_{R}}{\Psi_{0}},\,{Q_{R}}%
	\,{\Psi_{0}}>\rightarrow 0.}\end{equation}"
	|[[VERTBAR]] |[[VERTBAR]] Q[[UNKNOWN]] _{R}[[POSTSUBSCRIPT]] Ψ[[UNKNOWN]] _{0}[[POSTSUBSCRIPT]] |[[VERTBAR]] |[[VERTBAR]] ^{2}[[POSTSUPERSCRIPT]] _{HK}[[POSTSUBSCRIPT]]
	        > =[[RELOP]] <[[RELOP]] Q[[UNKNOWN]] _{R}[[POSTSUBSCRIPT]] Ψ[[UNKNOWN]] _{0}[[POSTSUBSCRIPT]] ,[[PUNCT]] Q[[UNKNOWN]] _{R}[[POSTSUBSCRIPT]] Ψ[[UNKNOWN]] _{0}[[POSTSUBSCRIPT]] >[[RELOP]] →[[ARROW]] 0[[NUMBER]]
Warning:not_parsed:UNKNOWN.PUNCT.UNKNOWN>RELOP MathParser failed to match rule 'Anything'
	at 0301111.tex; line 1130 col 53 - line 1132 col 15
	In "$$<\Psi,\,\Psi>\,\,\geq 0.$$"
	<[[RELOP]] Ψ[[UNKNOWN]] ,[[PUNCT]] Ψ[[UNKNOWN]]
	        > >[[RELOP]] ≥[[RELOP]] 0[[NUMBER]]
Warning:not_parsed:UNKNOWN.POSTSUBSCRIPT.UNKNOWN>RELOP MathParser failed to match rule 'Anything'
	at 0301111.tex; line 1135 col 7 - line 1136 col 13
	In "$$\lim_{R\rightarrow\infty}<\Psi,\,{Q_{R}}^{G}\Psi>=\lim_{R}<\Psi,\,{Q_{R}}%
	\Psi>\,\neq 0.$$"
	lim[[LIMITOP]] _{R\rightarrow\infty}[[POSTSUBSCRIPT]] <[[RELOP]] Ψ[[UNKNOWN]] ,[[PUNCT]] Q[[UNKNOWN]] _{R}[[POSTSUBSCRIPT]] ^{G}[[POSTSUPERSCRIPT]] Ψ[[UNKNOWN]] >[[RELOP]] =[[RELOP]] lim[[LIMITOP]] _{R}[[POSTSUBSCRIPT]] <[[RELOP]] Ψ[[UNKNOWN]] ,[[PUNCT]] Q[[UNKNOWN]] _{R}[[POSTSUBSCRIPT]] Ψ[[UNKNOWN]]
	        > >[[RELOP]] ≠[[RELOP]] 0[[NUMBER]]
Warning:not_parsed:ATOM.UNKNOWN.UNKNOWN>RELOP MathParser failed to match rule 'Anything'
	at 0301111.tex; line 1147 col 49 - line 1148 col 49
	In "$$:\bar{\psi}\Gamma\,\psi:=:\bar{\psi_{0}}\Gamma\,\psi_{0}:,$$"
	:[[METARELOP]] \bar{\psi}[[UNKNOWN]] Γ[[UNKNOWN]] ψ[[UNKNOWN]]
	        > :=[[RELOP]] :[[METARELOP]] \bar{\psi_{0}}[[UNKNOWN]] Γ[[UNKNOWN]] ψ[[UNKNOWN]] _{0}[[POSTSUBSCRIPT]] :[[METARELOP]]
Warning:not_parsed:>OPEN MathParser failed to match rule 'Anything'
	at 0301111.tex; line 1158 col 11 - line 1158 col 20
	In "$(\,,\,)$"
	> ([[OPEN]] ,[[PUNCT]] )[[CLOSE]]
Warning:not_parsed:VERTBAR.VERTBAR.POSTSUPERSCRIPT>RELOP MathParser failed to match rule 'Anything'
	at 0301111.tex; line 1175 col 55 - line 1176 col 64
	In "$$||Q_{R}^{G}\,{\Psi_{0}}||^{2}\equiv<{Q_{R}}^{G}\,{\Psi_{0}},\,{Q_{R}}^{G}\,{%
	\Psi_{0}}>\rightarrow 0,$$"
	|[[VERTBAR]] |[[VERTBAR]] Q[[UNKNOWN]] _{R}[[POSTSUBSCRIPT]] ^{G}[[POSTSUPERSCRIPT]] Ψ[[UNKNOWN]] _{0}[[POSTSUBSCRIPT]] |[[VERTBAR]] |[[VERTBAR]] ^{2}[[POSTSUPERSCRIPT]]
	        > ≡[[RELOP]] <[[RELOP]] Q[[UNKNOWN]] _{R}[[POSTSUBSCRIPT]] ^{G}[[POSTSUPERSCRIPT]] Ψ[[UNKNOWN]] _{0}[[POSTSUBSCRIPT]] ,[[PUNCT]] Q[[UNKNOWN]] _{R}[[POSTSUBSCRIPT]] ^{G}[[POSTSUPERSCRIPT]] Ψ[[UNKNOWN]] _{0}[[POSTSUBSCRIPT]] >[[RELOP]] →[[ARROW]] 0[[NUMBER]]
Warning:not_parsed:UNKNOWN.POSTSUBSCRIPT.CLOSE>VERTBAR MathParser failed to match rule 'Anything'
	at 0301111.tex; line 1186 col 2 - line 1187 col 22
	In "$$\int d^{3}k|{\bf k}|^{-1}|{\bf k}|^{2}\,\beta(|{\bf k}|)\tilde{\alpha}(Rk_{0%
	})|^{2}\,|R^{3}\tilde{f}(R{\bf k})|^{2}=$$"
	∫[[INTOP]] d[[UNKNOWN]] ^{3}[[POSTSUPERSCRIPT]] k[[UNKNOWN]] |[[VERTBAR]] k[[UNKNOWN]] |[[VERTBAR]] ^{-1}[[POSTSUPERSCRIPT]] |[[VERTBAR]] k[[UNKNOWN]] |[[VERTBAR]] ^{2}[[POSTSUPERSCRIPT]] β[[UNKNOWN]] ([[OPEN]] |[[VERTBAR]] k[[UNKNOWN]] |[[VERTBAR]] )[[CLOSE]] \tilde{\alpha}[[UNKNOWN]] ([[OPEN]] R[[UNKNOWN]] k[[UNKNOWN]] _{0}[[POSTSUBSCRIPT]] )[[CLOSE]]
	        > |[[VERTBAR]] ^{2}[[POSTSUPERSCRIPT]] |[[VERTBAR]] R[[UNKNOWN]] ^{3}[[POSTSUPERSCRIPT]] \tilde{f}[[UNKNOWN]] ([[OPEN]] R[[UNKNOWN]] k[[UNKNOWN]] )[[CLOSE]] |[[VERTBAR]] ^{2}[[POSTSUPERSCRIPT]] =[[RELOP]]
Warning:not_parsed:POSTSUPERSCRIPT.UNKNOWN.POSTSUBSCRIPT>RELOP MathParser failed to match rule 'Anything'
	at 0301111.tex; line 1215 col 18 - line 1215 col 59
	In "$<e^{i\phi_{2}}{\Psi_{0}},\,Q_{R}^{G}\,{\Psi_{0}}>$"
	<[[RELOP]] e[[UNKNOWN]] ^{i\phi_{2}}[[POSTSUPERSCRIPT]] Ψ[[UNKNOWN]] _{0}[[POSTSUBSCRIPT]] ,[[PUNCT]] Q[[UNKNOWN]] _{R}[[POSTSUBSCRIPT]] ^{G}[[POSTSUPERSCRIPT]] Ψ[[UNKNOWN]] _{0}[[POSTSUBSCRIPT]]
	        > >[[RELOP]]
Warning:not_parsed:UNKNOWN.POSTSUPERSCRIPT.NUMBER>CLOSE MathParser failed to match rule 'Anything'
	at 0301111.tex; line 1262 col 17 - line 1263 col 12
	In "$$k^{\mu}F_{\mu}^{\alpha,-}(k)=-e\,G(k),\,\,\,\,G^{(}0)=1,$$"
	k[[UNKNOWN]] ^{\mu}[[POSTSUPERSCRIPT]] F[[UNKNOWN]] _{\mu}[[POSTSUBSCRIPT]] ^{\alpha,-}[[POSTSUPERSCRIPT]] ([[OPEN]] k[[UNKNOWN]] )[[CLOSE]] =[[RELOP]] -[[ADDOP]] e[[UNKNOWN]] G[[UNKNOWN]] ([[OPEN]] k[[UNKNOWN]] )[[CLOSE]] ,[[PUNCT]] G[[UNKNOWN]] ^{(}[[POSTSUPERSCRIPT]] 0[[NUMBER]]
	        > )[[CLOSE]] =[[RELOP]] 1[[NUMBER]]
Warning:not_parsed:UNKNOWN.POSTSUPERSCRIPT.UNKNOWN>CLOSE MathParser failed to match rule 'Anything'
	at 0301111.tex; line 1263 col 20 - line 1263 col 25
	In "$G^{(}k)$"
	G[[UNKNOWN]] ^{(}[[POSTSUPERSCRIPT]] k[[UNKNOWN]]
	        > )[[CLOSE]]
Warning:not_parsed:VERTBAR.POSTSUPERSCRIPT.POSTSUBSCRIPT>RELOP MathParser failed to match rule 'Anything'
	at 0301111.tex; line 1311 col 45 - line 1314 col 11
	In "\begin{equation}{||\tilde{f}\,||^{2}_{HK}\geq\,\,|<B_{\mu}^{in}(f_{\mu})\Psi,%
	\,B_{\nu}^{in}(f^{\nu})\,\Psi>|\,=}\end{equation}"
	|[[VERTBAR]] |[[VERTBAR]] \tilde{f}[[UNKNOWN]] |[[VERTBAR]] |[[VERTBAR]] ^{2}[[POSTSUPERSCRIPT]] _{HK}[[POSTSUBSCRIPT]]
	        > ≥[[RELOP]] |[[VERTBAR]] <[[RELOP]] B[[UNKNOWN]] _{\mu}[[POSTSUBSCRIPT]] ^{in}[[POSTSUPERSCRIPT]] ([[OPEN]] f[[UNKNOWN]] _{\mu}[[POSTSUBSCRIPT]] )[[CLOSE]] Ψ[[UNKNOWN]] ,[[PUNCT]] B[[UNKNOWN]] _{\nu}[[POSTSUBSCRIPT]] ^{in}[[POSTSUPERSCRIPT]] ([[OPEN]] f[[UNKNOWN]] ^{\nu}[[POSTSUPERSCRIPT]] )[[CLOSE]] Ψ[[UNKNOWN]] >[[RELOP]] |[[VERTBAR]] =[[RELOP]]
Warning:not_parsed:UNKNOWN.CLOSE.VERTBAR>RELOP MathParser failed to match rule 'Anything'
	at 0301111.tex; line 1314 col 14 - line 1316 col 37
	In "$$=|\int d^{4}k\,g^{\mu\,\nu}\,\delta(k^{2})\,\overline{\tilde{f}}_{\mu}(k)\,%
	\tilde{f}_{\nu}(k)|=|<f,\,f>|$$"
	=[[RELOP]] |[[VERTBAR]] ∫[[INTOP]] d[[UNKNOWN]] ^{4}[[POSTSUPERSCRIPT]] k[[UNKNOWN]] g[[UNKNOWN]] ^{\mu\,\nu}[[POSTSUPERSCRIPT]] δ[[UNKNOWN]] ([[OPEN]] k[[UNKNOWN]] ^{2}[[POSTSUPERSCRIPT]] )[[CLOSE]] \overline{\tilde{f}}[[UNKNOWN]] _{\mu}[[POSTSUBSCRIPT]] ([[OPEN]] k[[UNKNOWN]] )[[CLOSE]] \tilde{f}[[UNKNOWN]] _{\nu}[[POSTSUBSCRIPT]] ([[OPEN]] k[[UNKNOWN]] )[[CLOSE]] |[[VERTBAR]]
	        > =[[RELOP]] |[[VERTBAR]] <[[RELOP]] f[[UNKNOWN]] ,[[PUNCT]] f[[UNKNOWN]] >[[RELOP]] |[[VERTBAR]]
Warning:not_parsed:UNKNOWN.PUNCT.UNKNOWN>RELOP MathParser failed to match rule 'Anything'
	at 0301111.tex; line 1318 col 10 - line 1319 col 2
	In "$<f,\,f>$"
	<[[RELOP]] f[[UNKNOWN]] ,[[PUNCT]] f[[UNKNOWN]]
	        > >[[RELOP]]
Warning:not_parsed:CLOSE.UNKNOWN.POSTSUBSCRIPT>RELOP MathParser failed to match rule 'Anything'
	at 0301111.tex; line 1328 col 58 - line 1330 col 2
	In "$<{\Psi_{0}},\,\psi(x)\,\overline{\Psi}_{p}(y)\,{\Psi_{0}}>$"
	<[[RELOP]] Ψ[[UNKNOWN]] _{0}[[POSTSUBSCRIPT]] ,[[PUNCT]] ψ[[UNKNOWN]] ([[OPEN]] x[[UNKNOWN]] )[[CLOSE]] \overline{\Psi}[[UNKNOWN]] _{p}[[POSTSUBSCRIPT]] ([[OPEN]] y[[UNKNOWN]] )[[CLOSE]] Ψ[[UNKNOWN]] _{0}[[POSTSUBSCRIPT]]
	        > >[[RELOP]]
Warning:not_parsed:UNKNOWN.PUNCT.UNKNOWN>RELOP MathParser failed to match rule 'Anything'
	at 0301111.tex; line 1333 col 27 - line 1333 col 33
	In "$<f,f>$"
	<[[RELOP]] f[[UNKNOWN]] ,[[PUNCT]] f[[UNKNOWN]]
	        > >[[RELOP]]
Warning:not_parsed:CLOSE.UNKNOWN.POSTSUBSCRIPT>RELOP MathParser failed to match rule 'Anything'
	at 0301111.tex; line 1407 col 36 - line 1409 col 2
	In "$<{\Psi_{0}},\,\psi(x)\overline{\Psi}(y)\,{\Psi_{0}}>$"
	<[[RELOP]] Ψ[[UNKNOWN]] _{0}[[POSTSUBSCRIPT]] ,[[PUNCT]] ψ[[UNKNOWN]] ([[OPEN]] x[[UNKNOWN]] )[[CLOSE]] \overline{\Psi}[[UNKNOWN]] ([[OPEN]] y[[UNKNOWN]] )[[CLOSE]] Ψ[[UNKNOWN]] _{0}[[POSTSUBSCRIPT]]
	        > >[[RELOP]]
Warning:not_parsed:CLOSE.UNKNOWN.POSTSUBSCRIPT>RELOP MathParser failed to match rule 'Anything'
	at 0301111.tex; line 1527 col 27 - line 1527 col 58
	In "$<\Psi_{ph},\,j_{0}({\bf x},x_{0})\,\Psi_{ph}>$"
	<[[RELOP]] Ψ[[UNKNOWN]] _{ph}[[POSTSUBSCRIPT]] ,[[PUNCT]] j[[UNKNOWN]] _{0}[[POSTSUBSCRIPT]] ([[OPEN]] x[[UNKNOWN]] ,[[PUNCT]] x[[UNKNOWN]] _{0}[[POSTSUBSCRIPT]] )[[CLOSE]] Ψ[[UNKNOWN]] _{ph}[[POSTSUBSCRIPT]]
	        > >[[RELOP]]
Warning:not_parsed:POSTSUBSCRIPT.UNKNOWN.POSTSUBSCRIPT>OPEN MathParser failed to match rule 'Anything'
	at 0301111.tex; line 1555 col 31 - line 1556 col 57
	In "$$\lim_{R\to\infty}<\Psi_{ph},\,{\partial_{i}}F_{i0}({f_{R}}\,\alpha_{T(R)}\,%
	\Psi_{ph}>.$$"
	lim[[LIMITOP]] _{R\to\infty}[[POSTSUBSCRIPT]] <[[RELOP]] Ψ[[UNKNOWN]] _{ph}[[POSTSUBSCRIPT]] ,[[PUNCT]] ∂[[OPERATOR]] _{i}[[POSTSUBSCRIPT]] F[[UNKNOWN]] _{i0}[[POSTSUBSCRIPT]]
	        > ([[OPEN]] f[[UNKNOWN]] _{R}[[POSTSUBSCRIPT]] α[[UNKNOWN]] _{T(R)}[[POSTSUBSCRIPT]] Ψ[[UNKNOWN]] _{ph}[[POSTSUBSCRIPT]] >[[RELOP]]
Warning:not_parsed:POSTSUBSCRIPT.UNKNOWN.POSTSUBSCRIPT>OPEN MathParser failed to match rule 'Anything'
	at 0301111.tex; line 1558 col 52 - line 1560 col 56
	In "$$\lim_{R\to\infty}<\Psi_{ph},\,{\partial_{i}}F_{i0}({f_{R}}\alpha_{T(R)}\,%
	\Psi_{ph}>\ =$$"
	lim[[LIMITOP]] _{R\to\infty}[[POSTSUBSCRIPT]] <[[RELOP]] Ψ[[UNKNOWN]] _{ph}[[POSTSUBSCRIPT]] ,[[PUNCT]] ∂[[OPERATOR]] _{i}[[POSTSUBSCRIPT]] F[[UNKNOWN]] _{i0}[[POSTSUBSCRIPT]]
	        > ([[OPEN]] f[[UNKNOWN]] _{R}[[POSTSUBSCRIPT]] α[[UNKNOWN]] _{T(R)}[[POSTSUBSCRIPT]] Ψ[[UNKNOWN]] _{ph}[[POSTSUBSCRIPT]] >[[RELOP]] =[[RELOP]]
 26.04 sec)
Math parsing succeeded:
   ltx:XMath: 668/701
   ltx:XMArg: 1512/1514
Symbols assumed as simple identifiers (with # of occurences):
   'A{caligraphic}' (35), 'A{italic}' (32), 'B{italic}' (18), 'C{italic}' (14), 'Delta' (4), 'D{caligraphic}' (204), 'D{italic}' (32), 'E{italic}' (1), 'F{caligraphic}' (16), 'F{italic}' (38), 'Gamma' (5), 'G{italic}' (25), 'H{caligraphic}' (8), 'H{italic}' (20), 'J{italic}' (4), 'K{caligraphic}' (4), 'K{italic}' (14), 'L{italic}' (1), 'M{italic}' (3), 'N{bold}' (2), 'N{italic}' (2), 'O{italic}' (4), 'Phi' (14), 'Psi' (227), 'P{italic}' (10), 'Q{italic}' (233), 'R{bold}' (6), 'R{italic}' (129), 'S{italic}' (2), 'T{italic}' (50), 'U{italic}' (16), 'alpha' (55), 'a{bold}' (8), 'a{italic}' (13), 'beta' (14), 'b{italic}' (2), 'chi' (12), 'c{italic}' (8), 'delta' (34), 'd{italic}' (66), 'eta' (6), 'e{italic}' (37), 'f{italic}' (98), 'gamma' (10), 'g{italic}' (14), 'h{italic}' (31), 'i{italic}' (65), 'j{italic}' (38), 'k{bold}' (80), 'k{italic}' (154), 'lambda' (6), 'mu' (16), 'm{italic}' (26), 'nu' (19), 'n{italic}' (37), 'omega' (9), 'o{italic}' (2), 'phi' (44), 'pi' (12), 'psi' (41), 'p{italic}' (28), 'q{bold}' (28), 'q{italic}' (13), 'rho' (10), 'r{italic}' (4), 'sigma' (10), 's{italic}' (26), 'theta' (1), 't{italic}' (15), 'u{italic}' (6), 'varepsilon' (10), 'v{italic}' (1), 'w{italic}' (1), 'x{bold}' (13), 'x{italic}' (95), 'y{bold}' (3), 'y{italic}' (22), 'z{bold}' (3), 'z{italic}' (2)
Set MATHPARSER_SPECULATE to speculate on possible notations.
(Finalizing... 1.99 sec)
Conversion complete 35 warnings (See /home/user/latex-in-arxiv/0301111.latexml.log) (reqd. 48.43s)
