latexmlpost (LaTeXML version 0.8.6) paginating /home/user/latex-in-arxiv/2003/0301210.xml
Error:malformed:document Document fails RelaxNG validation (LaTeXML)
	Validation reports: /home/user/latex-in-arxiv/2003/0301210.xml:0: Relax-NG validity error : Element document has extra content: resource
	(Jing may provide a more precise report; https://relaxng.org/jclark/jing.html)
	In Post::Document[] /home/user/latex-in-arxiv/2003/0301210.xml
(post-processing...
(Scan  processing...
Scan: DBStatus: 232/0 objects
 0.08 sec)
(MakeBibliography  processing... 0.00 sec)
(CrossRef  processing...
Warning:expected:ids Missing File location for ID: bib.bib9,S4.E29,bib.bib7,bib.bib2,bib.bib3,bib.bib11,bib.bib4,S4.E34,bib.bib6,S3.E14,bib.bib5,S4.E23,S2.E7,S2.E6,S3.E22,bib.bib10,S3.E19,S2.E2,bib.bib1,bib.bib8
	In Post::CrossRef[@0x55baa066aa90] ->process
 0.05 sec)
(MathML::Presentation  71 to process...
converted 71 Maths
 0.43 sec)
(XSLT[using LaTeXML-html5.xsl]  processing... 0.07 sec)
(Writer  processing... 0.00 sec) 0.64 sec)
Postprocessing complete 1 warning; 1 error (See /home/user/latex-in-arxiv/0301210.latexmlpost.log) (reqd. 0.86s)
