latexml (LaTeXML version 0.8.6) processing 2003/0301188.tex
(Digesting TeX 0301188...
(Loading /usr/share/perl5/LaTeXML/Package/TeX.pool.ltxml...
(Loading /usr/share/perl5/LaTeXML/Package/eTeX.pool.ltxml... 0.01 sec)
(Loading /usr/share/perl5/LaTeXML/Package/pdfTeX.pool.ltxml... 0.01 sec) 0.18 sec)
(Processing content /home/user/latex-in-arxiv/2003/0301188.tex...
(Loading /usr/share/perl5/LaTeXML/Package/LaTeX.pool.ltxml...
(Loading /usr/share/perl5/LaTeXML/Package/textcomp.sty.ltxml...
(Processing definitions /usr/share/texlive/texmf-dist/tex/latex-dev/base/ts1enc.dfu... 0.03 sec) 1.52 sec) 1.79 sec)
(Loading /usr/share/perl5/LaTeXML/Package/revtex4.cls.ltxml...
(Loading /usr/share/perl5/LaTeXML/Package/article.cls.ltxml... 0.01 sec)
(Loading /usr/share/perl5/LaTeXML/Package/revtex4_support.sty.ltxml...
(Loading /usr/share/perl5/LaTeXML/Package/hyperref.sty.ltxml...
(Loading /usr/share/perl5/LaTeXML/Package/keyval.sty.ltxml...
(Processing definitions /usr/share/texlive/texmf-dist/tex/latex-dev/graphics/keyval.sty... 0.02 sec) 0.02 sec)
(Loading /usr/share/perl5/LaTeXML/Package/nameref.sty.ltxml... 0.00 sec)
(Loading /usr/share/perl5/LaTeXML/Package/url.sty.ltxml... 0.00 sec) 0.09 sec)
(Loading /usr/share/perl5/LaTeXML/Package/natbib.sty.ltxml... 0.02 sec)
(Loading /usr/share/perl5/LaTeXML/Package/revsymb.sty.ltxml... 0.00 sec)
(Loading /usr/share/perl5/LaTeXML/Package/longtable.sty.ltxml... 0.00 sec)
(Loading /usr/share/perl5/LaTeXML/Package/dcolumn.sty.ltxml...
(Loading /usr/share/perl5/LaTeXML/Package/array.sty.ltxml... 0.00 sec) 0.01 sec) 0.17 sec) 0.58 sec)
(Loading /usr/share/perl5/LaTeXML/Package/epsfig.sty.ltxml...
(Loading /usr/share/perl5/LaTeXML/Package/graphicx.sty.ltxml...
(Loading /usr/share/perl5/LaTeXML/Package/graphics.sty.ltxml... 0.01 sec) 0.02 sec) 0.04 sec)
(Loading /usr/share/perl5/LaTeXML/Package/latexsym.sty.ltxml... 0.00 sec)
(Loading /usr/share/perl5/LaTeXML/Package/amsmath.sty.ltxml...
(Loading /usr/share/perl5/LaTeXML/Package/amsbsy.sty.ltxml...
(Loading /usr/share/perl5/LaTeXML/Package/amsgen.sty.ltxml... 0.00 sec) 0.01 sec)
(Loading /usr/share/perl5/LaTeXML/Package/amstext.sty.ltxml... 0.01 sec)
(Loading /usr/share/perl5/LaTeXML/Package/amsopn.sty.ltxml... 0.01 sec) 0.06 sec) 7.28 sec) 7.52 sec)
(Building...
(Loading compiled schema /usr/share/perl5/LaTeXML/resources/RelaxNG/LaTeXML.model... 0.01 sec) 6.16 sec)
(Rewriting... 0.13 sec)
(Math Parsing 368 formulae ......
Warning:not_parsed:UNKNOWN.POSTSUPERSCRIPT.UNKNOWN>OPEN MathParser failed to match rule 'Anything'
	at 0301188.tex; line 203 col 16 - line 208 col 1
	In "$\displaystyle\int d^{2}x\left\{\frac{(\nabla\times\hat{{\mathbf{A}}})^{2}}{8%
	\pi}+\frac{\hbar^{2}}{2m^{*}}\left|\left(-i\nabla-\frac{e^{*}}{\hbar c}\hat{{%
	\mathbf{A}}}\right)\hat{\phi}\right|^{2}\right.$"
	∫[[INTOP]] d[[UNKNOWN]] ^{2}[[POSTSUPERSCRIPT]] x[[UNKNOWN]]
	        > \left\{[[OPEN]] \frac{(\nabla\times\hat{{\mathbf{A}}})^{2}}{8\pi}[[UNKNOWN]] +[[ADDOP]] \frac{\hbar^{2}}{2m^{*}}[[UNKNOWN]] \left|[[VERTBAR]] \left([[OPEN]] -[[ADDOP]] i[[UNKNOWN]] ∇[[OPERATOR]] -[[ADDOP]] \frac{e^{*}}{\hbarc}[[UNKNOWN]] \hat{{\mathbf{A}}}[[UNKNOWN]] \right)[[CLOSE]] \hat{\phi}[[UNKNOWN]] \right|[[VERTBAR]] ^{2}[[POSTSUPERSCRIPT]]
Warning:not_parsed:PUNCT.ATOM.CLOSE>CLOSE MathParser failed to match rule 'Anything'
	at 0301188.tex; line 208 col 8 - line 210 col 4
	In "$\displaystyle\qquad\qquad\qquad\left.+\frac{\hbar^{2}}{2m^{*}}(\nabla\hat{%
	\mbox{\boldmath$\eta$}})^{2}+V(\hat{\phi},\hat{\mbox{\boldmath$\eta$}})\right%
	\}.$"
	+[[ADDOP]] \frac{\hbar^{2}}{2m^{*}}[[UNKNOWN]] ([[OPEN]] ∇[[OPERATOR]] \hat{\mbox{\boldmath$\eta$}}[[UNKNOWN]] )[[CLOSE]] ^{2}[[POSTSUPERSCRIPT]] +[[ADDOP]] V[[UNKNOWN]] ([[OPEN]] \hat{\phi}[[UNKNOWN]] ,[[PUNCT]] \hat{\mbox{\boldmath$\eta$}}[[UNKNOWN]] )[[CLOSE]]
	        > \right\}[[CLOSE]]
Warning:not_parsed:UNKNOWN.POSTSUPERSCRIPT.UNKNOWN>OPEN MathParser failed to match rule 'Anything'
	at 0301188.tex; line 248 col 9 - line 251 col 1
	In "$\displaystyle\frac{1}{2}\int d^{2}s\left\{(\nabla\times{\mathbf{A}})^{2}+{1%
	\over\kappa^{2}}\left(\left|(-i\nabla-\kappa{\mathbf{A}})\phi\right|^{2}+(%
	\nabla{\mbox{\boldmath$\eta$}})^{2}\right)\right.$"
	\frac{1}{2}[[UNKNOWN]] ∫[[INTOP]] d[[UNKNOWN]] ^{2}[[POSTSUPERSCRIPT]] s[[UNKNOWN]]
	        > \left\{[[OPEN]] ([[OPEN]] ∇[[OPERATOR]] ×[[MULOP]] A[[UNKNOWN]] )[[CLOSE]] ^{2}[[POSTSUPERSCRIPT]] +[[ADDOP]] 1\over\kappa^{2}[[UNKNOWN]] \left([[OPEN]] \left|[[VERTBAR]] ([[OPEN]] -[[ADDOP]] i[[UNKNOWN]] ∇[[OPERATOR]] -[[ADDOP]] κ[[UNKNOWN]] A[[UNKNOWN]] )[[CLOSE]] ϕ[[UNKNOWN]] \right|[[VERTBAR]] ^{2}[[POSTSUPERSCRIPT]] +[[ADDOP]] ([[OPEN]] ∇[[OPERATOR]] η[[UNKNOWN]] )[[CLOSE]] ^{2}[[POSTSUPERSCRIPT]] \right)[[CLOSE]]
Warning:not_parsed:POSTSUPERSCRIPT.ADDOP.ATOM>CLOSE MathParser failed to match rule 'Anything'
	at 0301188.tex; line 251 col 8 - line 253 col 4
	In "$\displaystyle\qquad\qquad\qquad\left.-\phi^{2}-\beta\eta^{2}+\frac{1}{2}(\phi%
	^{2}+\eta^{2})^{2}+{1\over 2}\right\},$"
	-[[ADDOP]] ϕ[[UNKNOWN]] ^{2}[[POSTSUPERSCRIPT]] -[[ADDOP]] β[[UNKNOWN]] η[[UNKNOWN]] ^{2}[[POSTSUPERSCRIPT]] +[[ADDOP]] \frac{1}{2}[[UNKNOWN]] ([[OPEN]] ϕ[[UNKNOWN]] ^{2}[[POSTSUPERSCRIPT]] +[[ADDOP]] η[[UNKNOWN]] ^{2}[[POSTSUPERSCRIPT]] )[[CLOSE]] ^{2}[[POSTSUPERSCRIPT]] +[[ADDOP]] 1\over2[[UNKNOWN]]
	        > \right\}[[CLOSE]]
Warning:not_parsed:UNKNOWN.UNKNOWN.UNKNOWN>OPEN MathParser failed to match rule 'Anything'
	at 0301188.tex; line 324 col 10 - line 330 col 1
	In "$\displaystyle\pi\int s\,ds\Biggl{\{}\left(A^{\prime}+\frac{A}{s}\right)^{2}+%
	\frac{1}{\kappa^{2}}\left[\varphi^{\prime 2}+\left(\frac{m}{s}+\kappa A\right)%
	^{2}\varphi^{2}+\eta^{\prime 2}\right]$"
	π[[UNKNOWN]] ∫[[INTOP]] s[[UNKNOWN]] d[[UNKNOWN]] s[[UNKNOWN]]
	        > \{[[OPEN]] \left([[OPEN]] A[[UNKNOWN]] ^{\prime}[[POSTSUPERSCRIPT]] +[[ADDOP]] \frac{A}{s}[[UNKNOWN]] \right)[[CLOSE]] ^{2}[[POSTSUPERSCRIPT]] +[[ADDOP]] \frac{1}{\kappa^{2}}[[UNKNOWN]] \left[[[OPEN]] φ[[UNKNOWN]] ^{\prime2}[[POSTSUPERSCRIPT]] +[[ADDOP]] \left([[OPEN]] \frac{m}{s}[[UNKNOWN]] +[[ADDOP]] κ[[UNKNOWN]] A[[UNKNOWN]] \right)[[CLOSE]] ^{2}[[POSTSUPERSCRIPT]] φ[[UNKNOWN]] ^{2}[[POSTSUPERSCRIPT]] +[[ADDOP]] η[[UNKNOWN]] ^{\prime2}[[POSTSUPERSCRIPT]] \right][[CLOSE]]
Warning:not_parsed:POSTSUPERSCRIPT.ADDOP.ATOM>CLOSE MathParser failed to match rule 'Anything'
	at 0301188.tex; line 330 col 9 - line 332 col 14
	In "$\displaystyle\qquad\qquad\qquad-\varphi^{2}-\beta\eta^{2}+\frac{1}{2}(\varphi%
	^{2}+\eta^{2})^{2}+\frac{1}{2}\Biggr{\}}.$"
	-[[ADDOP]] φ[[UNKNOWN]] ^{2}[[POSTSUPERSCRIPT]] -[[ADDOP]] β[[UNKNOWN]] η[[UNKNOWN]] ^{2}[[POSTSUPERSCRIPT]] +[[ADDOP]] \frac{1}{2}[[UNKNOWN]] ([[OPEN]] φ[[UNKNOWN]] ^{2}[[POSTSUPERSCRIPT]] +[[ADDOP]] η[[UNKNOWN]] ^{2}[[POSTSUPERSCRIPT]] )[[CLOSE]] ^{2}[[POSTSUPERSCRIPT]] +[[ADDOP]] \frac{1}{2}[[UNKNOWN]]
	        > \}[[CLOSE]]
 12.82 sec)
Math parsing succeeded:
   ltx:XMArg: 584/584
   ltx:XMath: 366/372
Symbols assumed as simple identifiers (with # of occurences):
   'A{bold}' (16), 'A{italic}' (21), 'C{italic}' (65), 'F{caligraphic}' (7), 'F{italic}' (27), 'H{italic}' (11), 'K{italic}' (25), 'Phi' (1), 'U{italic}' (2), 'V{italic}' (6), 'a{italic}' (10), 'beta' (48), 'c{italic}' (10), 'delta' (7), 'd{italic}' (31), 'epsilon' (7), 'eta' (47), 'e{italic}' (7), 'f{italic}' (16), 'i{italic}' (14), 'j{bold}' (6), 'j{italic}' (6), 'kappa' (124), 'k{italic}' (3), 'mu' (2), 'm{italic}' (38), 'o{italic}' (1), 'phi' (14), 'pi' (29), 'rho' (9), 'sigma' (10), 's{bold}' (49), 's{italic}' (53), 'theta' (1), 'varphi' (26), 'v{italic}' (5), 'x{bold}' (1), 'x{italic}' (4)
Set MATHPARSER_SPECULATE to speculate on possible notations.
(Finalizing... 0.74 sec)
Conversion complete 6 warnings (See /home/user/latex-in-arxiv/0301188.latexml.log) (reqd. 28.03s)
