latexml (LaTeXML version 0.8.6) processing 2003/0301196.tex
(Digesting TeX 0301196...
(Loading /usr/share/perl5/LaTeXML/Package/TeX.pool.ltxml...
(Loading /usr/share/perl5/LaTeXML/Package/eTeX.pool.ltxml... 0.00 sec)
(Loading /usr/share/perl5/LaTeXML/Package/pdfTeX.pool.ltxml... 0.01 sec) 0.12 sec)
(Processing content /home/user/latex-in-arxiv/2003/0301196.tex...
(Loading /usr/share/perl5/LaTeXML/Package/LaTeX.pool.ltxml...
(Loading /usr/share/perl5/LaTeXML/Package/textcomp.sty.ltxml...
(Processing definitions /usr/share/texlive/texmf-dist/tex/latex-dev/base/ts1enc.dfu... 0.02 sec) 0.91 sec) 1.08 sec)
(Loading /usr/share/perl5/LaTeXML/Package/article.cls.ltxml... 0.01 sec)
Info:ignore:\eqnarray Ignoring redefinition of \eqnarray
	at 0301196.tex; line 90 col 0 - line 90 col 24
 2.84 sec) 2.98 sec)
(Building...
(Loading compiled schema /usr/share/perl5/LaTeXML/resources/RelaxNG/LaTeXML.model... 0.01 sec) 1.68 sec)
(Rewriting... 0.03 sec)
(Math Parsing 153 formulae ......
Warning:not_parsed:ATOM>RELOP MathParser failed to match rule 'Anything'
	at 0301196.tex; line 262 col 0 - line 262 col 13
	In "\begin{equation}\begin{array}[]{c}{\partial F\over\partial t_{k}}=\mathrel{%
	\mathop{\hbox{res}}\limits_{\eta=0}}\left(\eta^{-k}dS\right)\end{array}\end{equation}"
	\partialF\over\partialt_{k}[[UNKNOWN]]
	        > =[[RELOP]] \mathrel{\mathop{\hbox{res}}\limits_{\eta=0}}[[RELOP]] \left([[OPEN]] η[[UNKNOWN]] ^{-k}[[POSTSUPERSCRIPT]] d[[UNKNOWN]] S[[UNKNOWN]] \right)[[CLOSE]]
Warning:not_parsed:UNKNOWN.POSTSUBSCRIPT>RELOP MathParser failed to match rule 'Anything'
	at 0301196.tex; line 338 col 1 - line 338 col 1
	In "\begin{equation}\begin{array}[]{c}t_{0}\equiv\ \mathrel{\mathop{\hbox{res}}%
	\limits_{\infty}}\left(dS\right)={f_{n-1}\over 2(n+1)},\ \ \ \ d\Omega_{0}%
	\equiv{\partial dS\over\partial t_{0}}\end{array}\end{equation}"
	t[[UNKNOWN]] _{0}[[POSTSUBSCRIPT]]
	        > ≡[[RELOP]] \mathrel{\mathop{\hbox{res}}\limits_{\infty}}[[RELOP]] \left([[OPEN]] d[[UNKNOWN]] S[[UNKNOWN]] \right)[[CLOSE]] =[[RELOP]] f_{n-1}\over2(n+1)[[UNKNOWN]] ,[[PUNCT]] d[[UNKNOWN]] Ω[[UNKNOWN]] _{0}[[POSTSUBSCRIPT]] ≡[[RELOP]] \partialdS\over\partialt_{0}[[UNKNOWN]]
Warning:not_parsed:ATOM>RELOP MathParser failed to match rule 'Anything'
	at 0301196.tex; line 404 col 0 - line 404 col 14
	In "\begin{equation}\begin{array}[]{c}{\partial^{3}F\over\partial T_{I}\partial T_%
	{J}\partial T_{K}}=\mathrel{\mathop{\hbox{res}}\limits_{d\lambda=0}}\left(dH_{%
	I}dH_{J}dH_{K}\over d\lambda dy\right)\end{array}\end{equation}"
	\partial^{3}F\over\partialT_{I}\partialT_{J}\partialT_{K}[[UNKNOWN]]
	        > =[[RELOP]] \mathrel{\mathop{\hbox{res}}\limits_{d\lambda=0}}[[RELOP]] \left([[OPEN]] dH_{I}dH_{J}dH_{K}\overd\lambdady[[UNKNOWN]] \right)[[CLOSE]]
 1.96 sec)
Math parsing succeeded:
   ltx:XMWrap: 5/5
   ltx:XMArg: 242/245
   ltx:XMath: 153/153
Symbols assumed as simple identifiers (with # of occurences):
   'A{italic}' (5), 'B{italic}' (5), 'C{italic}' (9), 'F{italic}' (18), 'H{italic}' (18), 'I{italic}' (10), 'J{italic}' (11), 'K{italic}' (7), 'L{italic}' (1), 'M{italic}' (4), 'N{caligraphic}' (22), 'N{italic}' (3), 'Omega' (14), 'O{italic}' (1), 'S{italic}' (27), 'T{bold}' (1), 'T{italic}' (8), 'W{italic}' (8), 'delta' (5), 'd{italic}' (80), 'eta' (6), 'f{italic}' (11), 'g{italic}' (3), 'i{italic}' (3), 'j{italic}' (2), 'k{italic}' (15), 'lambda' (37), 'mu' (1), 'n{italic}' (15), 'omega' (9), 't{italic}' (20), 'xi' (19), 'y{italic}' (8)
Set MATHPARSER_SPECULATE to speculate on possible notations.
(Finalizing... 0.28 sec)
Conversion complete 3 warnings (See /home/user/latex-in-arxiv/0301196.latexml.log) (reqd. 7.20s)
