latexml (LaTeXML version 0.8.6) processing 2003/0301045.tex
(Digesting TeX 0301045...
(Loading /usr/share/perl5/LaTeXML/Package/TeX.pool.ltxml...
(Loading /usr/share/perl5/LaTeXML/Package/eTeX.pool.ltxml... 0.00 sec)
(Loading /usr/share/perl5/LaTeXML/Package/pdfTeX.pool.ltxml... 0.01 sec) 0.11 sec)
(Processing content /home/user/latex-in-arxiv/2003/0301045.tex...
(Loading /usr/share/perl5/LaTeXML/Package/LaTeX.pool.ltxml...
(Loading /usr/share/perl5/LaTeXML/Package/textcomp.sty.ltxml...
(Processing definitions /usr/share/texlive/texmf-dist/tex/latex-dev/base/ts1enc.dfu... 0.02 sec) 0.90 sec) 1.06 sec)
(Loading /usr/share/perl5/LaTeXML/Package/article.cls.ltxml... 0.01 sec)
(Loading /usr/share/perl5/LaTeXML/Package/graphicx.sty.ltxml...
(Loading /usr/share/perl5/LaTeXML/Package/graphics.sty.ltxml... 0.01 sec) 0.02 sec) 2.65 sec) 2.77 sec)
(Building...
(Loading compiled schema /usr/share/perl5/LaTeXML/resources/RelaxNG/LaTeXML.model... 0.01 sec)
Info:malformed:id Duplicated attribute xml:id
	at 0301045.tex; line 489 col 1 - line 489 col 1
	Using id='S0.E22a' on <ltx:XMRow _box="Alignment[]" _font="Font[math,medium,italic,10,bla..."/>
	id='S0.E22' already set on <ltx:equation _box="LaTeXML::Core::Alignment=HASH(..." _font="Font[serif,medium,upright,10,b..." xml:id="S0.E22" _ID_counter_m_="1">...
Info:malformed:id Duplicated attribute xml:id
	at 0301045.tex; line 518 col 1 - line 518 col 1
	Using id='S0.E30a' on <ltx:XMRow _box="Alignment[]" _font="Font[math,medium,italic,10,bla..."/>
	id='S0.E30' already set on <ltx:equation _box="LaTeXML::Core::Alignment=HASH(..." _font="Font[serif,medium,upright,10,b..." xml:id="S0.E30" _ID_counter_m_="1">...
 1.66 sec)
(Rewriting... 0.04 sec)
(Math Parsing 159 formulae ...... 2.84 sec)
Math parsing succeeded:
   ltx:XMArg: 408/408
   ltx:XMath: 160/160
Symbols assumed as simple identifiers (with # of occurences):
   'A{italic}' (14), 'B{italic}' (14), 'C{italic}' (1), 'E{italic}' (1), 'I{italic}' (4), 'M{italic}' (12), 'O{italic}' (1), 'S{italic}' (15), 'T{italic}' (15), 'X' (1), 'X{italic}' (2), 'Y' (1), 'Y{italic}' (3), 'alpha' (2), 'a{italic}' (35), 'beta' (2), 'b{italic}' (8), 'cosec' (1), 'c{italic}' (8), 'delta' (1), 'd{italic}' (5), 'epsilon' (12), 'e{italic}' (3), 'f{italic}' (3), 'higher' (1), 'in' (1), 'i{italic}' (51), 'j{italic}' (39), 'k{italic}' (18), 'lambda' (3), 'l{italic}' (1), 'm{italic}' (1), 'n{italic}' (1), 'omega' (3), 'order' (1), 'phi' (8), 'p{italic}' (8), 'r{italic}' (11), 'terms' (1), 'theta' (11), 'w{italic}' (1), 'x{italic}' (57), 'y{italic}' (32), 'zeta' (35), 'z{italic}' (11)
Set MATHPARSER_SPECULATE to speculate on possible notations.
(Finalizing... 0.22 sec)
Conversion complete No obvious problems (reqd. 7.78s)
