latexml (LaTeXML version 0.8.6) processing 2003/0301002.tex
(Digesting TeX 0301002...
(Loading /usr/share/perl5/LaTeXML/Package/TeX.pool.ltxml...
(Loading /usr/share/perl5/LaTeXML/Package/eTeX.pool.ltxml... 0.00 sec)
(Loading /usr/share/perl5/LaTeXML/Package/pdfTeX.pool.ltxml... 0.01 sec) 0.14 sec)
(Processing content /home/user/latex-in-arxiv/2003/0301002.tex...
(Loading /usr/share/perl5/LaTeXML/Package/LaTeX.pool.ltxml...
(Loading /usr/share/perl5/LaTeXML/Package/textcomp.sty.ltxml...
(Processing definitions /usr/share/texlive/texmf-dist/tex/latex-dev/base/ts1enc.dfu... 0.03 sec) 1.09 sec) 1.25 sec)
(Loading /usr/share/perl5/LaTeXML/Package/article.cls.ltxml... 0.01 sec)
(Loading /usr/share/perl5/LaTeXML/Package/psfig.sty.ltxml...
(Loading /usr/share/perl5/LaTeXML/Package/epsfig.sty.ltxml...
(Loading /usr/share/perl5/LaTeXML/Package/graphicx.sty.ltxml...
(Loading /usr/share/perl5/LaTeXML/Package/graphics.sty.ltxml... 0.01 sec) 0.02 sec) 0.04 sec) 0.04 sec)
(Loading /usr/share/perl5/LaTeXML/Package/color.sty.ltxml...
(Processing definitions /usr/share/texlive/texmf-dist/tex/latex-dev/graphics/dvipsnam.def... 0.04 sec) 0.06 sec)
Info:unexpected:titlepage When using titlepage, Frontmatter will not be well-structured
	at 0301002.tex; line 132 col 0 - line 132 col 17
Info:unexpected:ssg Unknown bibstyle 'ssg', it will be ignored
	at 0301002.tex; line 1288 col 0 - line 1288 col 23
 5.11 sec) 5.28 sec)
(Building...
(Loading compiled schema /usr/share/perl5/LaTeXML/resources/RelaxNG/LaTeXML.model... 0.01 sec) 5.36 sec)
(Rewriting... 0.17 sec)
(Math Parsing 528 formulae ......
Warning:not_parsed:UNKNOWN.POSTSUPERSCRIPT>FLOATSUBSCRIPT MathParser failed to match rule 'Anything'
	at 0301002.tex; line 536 col 14 - line 536 col 31
	In "$G^{t}{}_{t}-G^{x}{}_{x}$"
	G[[UNKNOWN]] ^{t}[[POSTSUPERSCRIPT]]
	        > {}_{t}[[FLOATSUBSCRIPT]] -[[ADDOP]] G[[UNKNOWN]] ^{x}[[POSTSUPERSCRIPT]] {}_{x}[[FLOATSUBSCRIPT]]
Warning:not_parsed:ATOM.ATOM.ATOM>OPEN MathParser failed to match rule 'Anything'
	at 0301002.tex; line 929 col 0 - line 929 col 2
	In "$\displaystyle{{}R(ds_{D}^{2})=\sqrt{-g_{r}}\sqrt{g_{p}}\sqrt{g_{q}}\Big{[}R(%
	ds_{r}^{2})+e^{2(N-K)}R(ds_{p}^{2})+e^{2(N-L)}R(ds_{q}^{2})-}$"
	R[[UNKNOWN]] ([[OPEN]] d[[UNKNOWN]] s[[UNKNOWN]] _{D}[[POSTSUBSCRIPT]] ^{2}[[POSTSUPERSCRIPT]] )[[CLOSE]] =[[RELOP]] \sqrt{-g_{r}}[[UNKNOWN]] \sqrt{g_{p}}[[UNKNOWN]] \sqrt{g_{q}}[[UNKNOWN]]
	        > [[[OPEN]] R[[UNKNOWN]] ([[OPEN]] d[[UNKNOWN]] s[[UNKNOWN]] _{r}[[POSTSUBSCRIPT]] ^{2}[[POSTSUPERSCRIPT]] )[[CLOSE]] +[[ADDOP]] e[[UNKNOWN]] ^{2(N-K)}[[POSTSUPERSCRIPT]] R[[UNKNOWN]] ([[OPEN]] d[[UNKNOWN]] s[[UNKNOWN]] _{p}[[POSTSUBSCRIPT]] ^{2}[[POSTSUPERSCRIPT]] )[[CLOSE]] +[[ADDOP]] e[[UNKNOWN]] ^{2(N-L)}[[POSTSUPERSCRIPT]] R[[UNKNOWN]] ([[OPEN]] d[[UNKNOWN]] s[[UNKNOWN]] _{q}[[POSTSUBSCRIPT]] ^{2}[[POSTSUPERSCRIPT]] )[[CLOSE]] -[[ADDOP]]
Warning:not_parsed:POSTSUBSCRIPT.POSTSUPERSCRIPT.CLOSE>CLOSE MathParser failed to match rule 'Anything'
	at 0301002.tex; line 929 col 0 - line 929 col 2
	In "$\displaystyle{{}{1\over r-2}\big{(}p(r+p-2)\partial_{\mu}K\partial_{\nu}Kg_{r%
	}^{\mu\nu}+q(r+q-2)\partial_{\mu}L\partial_{\nu}Lg_{r}^{\mu\nu}+2pq\partial_{%
	\mu}K\partial_{\nu}Lg_{r}^{\mu\nu}\big{)}\Big{]}\,,}$"
	... ([[OPEN]] p[[UNKNOWN]] ([[OPEN]] r[[UNKNOWN]] +[[ADDOP]] p[[UNKNOWN]] -[[ADDOP]] 2[[NUMBER]] )[[CLOSE]] ∂[[OPERATOR]] _{\mu}[[POSTSUBSCRIPT]] K[[UNKNOWN]] ∂[[OPERATOR]] _{\nu}[[POSTSUBSCRIPT]] K[[UNKNOWN]] g[[UNKNOWN]] _{r}[[POSTSUBSCRIPT]] ^{\mu\nu}[[POSTSUPERSCRIPT]] +[[ADDOP]] q[[UNKNOWN]] ([[OPEN]] r[[UNKNOWN]] +[[ADDOP]] q[[UNKNOWN]] -[[ADDOP]] 2[[NUMBER]] )[[CLOSE]] ∂[[OPERATOR]] _{\mu}[[POSTSUBSCRIPT]] L[[UNKNOWN]] ∂[[OPERATOR]] _{\nu}[[POSTSUBSCRIPT]] L[[UNKNOWN]] g[[UNKNOWN]] _{r}[[POSTSUBSCRIPT]] ^{\mu\nu}[[POSTSUPERSCRIPT]] +[[ADDOP]] 2[[NUMBER]] p[[UNKNOWN]] q[[UNKNOWN]] ∂[[OPERATOR]] _{\mu}[[POSTSUBSCRIPT]] K[[UNKNOWN]] ∂[[OPERATOR]] _{\nu}[[POSTSUBSCRIPT]] L[[UNKNOWN]] g[[UNKNOWN]] _{r}[[POSTSUBSCRIPT]] ^{\mu\nu}[[POSTSUPERSCRIPT]] )[[CLOSE]]
	        > ][[CLOSE]]
Warning:not_parsed:UNKNOWN>OPEN MathParser failed to match rule 'Anything'
	at 0301002.tex; line 1112 col 0 - line 1112 col 1
	In "$\displaystyle{{}r\,\Bigg{(}16\,r^{2}\,{r_{0}}^{4}\,\left(5\,r^{8}+10\,r^{4}\,%
	R^{4}+3\,R^{8}-2\,R^{4}\,{r_{0}}^{4}\right)}$"
	r[[UNKNOWN]]
	        > ([[OPEN]] 16[[NUMBER]] r[[UNKNOWN]] ^{2}[[POSTSUPERSCRIPT]] r[[UNKNOWN]] _{0}[[POSTSUBSCRIPT]] ^{4}[[POSTSUPERSCRIPT]] \left([[OPEN]] 5[[NUMBER]] r[[UNKNOWN]] ^{8}[[POSTSUPERSCRIPT]] +[[ADDOP]] 10[[NUMBER]] r[[UNKNOWN]] ^{4}[[POSTSUPERSCRIPT]] R[[UNKNOWN]] ^{4}[[POSTSUPERSCRIPT]] +[[ADDOP]] 3[[NUMBER]] R[[UNKNOWN]] ^{8}[[POSTSUPERSCRIPT]] -[[ADDOP]] 2[[NUMBER]] R[[UNKNOWN]] ^{4}[[POSTSUPERSCRIPT]] r[[UNKNOWN]] _{0}[[POSTSUBSCRIPT]] ^{4}[[POSTSUPERSCRIPT]] \right)[[CLOSE]]
Warning:not_parsed:POSTSUPERSCRIPT.CLOSE.CLOSE>CLOSE MathParser failed to match rule 'Anything'
	at 0301002.tex; line 1112 col 0 - line 1112 col 1
	In "$\displaystyle{{}\qquad{}+{k}^{2}\,{\left(r^{4}+R^{4}\right)}^{2}\,\left(5\,r^%
	{8}-R^{4}\,{r_{0}}^{4}+3\,r^{4}\,\left(R^{4}-{r_{0}}^{4}\right)\right)\Bigg{)}%
	\,A_{1}(r)}$"
	+[[ADDOP]] k[[UNKNOWN]] ^{2}[[POSTSUPERSCRIPT]] \left([[OPEN]] r[[UNKNOWN]] ^{4}[[POSTSUPERSCRIPT]] +[[ADDOP]] R[[UNKNOWN]] ^{4}[[POSTSUPERSCRIPT]] \right)[[CLOSE]] ^{2}[[POSTSUPERSCRIPT]] \left([[OPEN]] 5[[NUMBER]] r[[UNKNOWN]] ^{8}[[POSTSUPERSCRIPT]] -[[ADDOP]] R[[UNKNOWN]] ^{4}[[POSTSUPERSCRIPT]] r[[UNKNOWN]] _{0}[[POSTSUBSCRIPT]] ^{4}[[POSTSUPERSCRIPT]] +[[ADDOP]] 3[[NUMBER]] r[[UNKNOWN]] ^{4}[[POSTSUPERSCRIPT]] \left([[OPEN]] R[[UNKNOWN]] ^{4}[[POSTSUPERSCRIPT]] -[[ADDOP]] r[[UNKNOWN]] _{0}[[POSTSUBSCRIPT]] ^{4}[[POSTSUPERSCRIPT]] \right)[[CLOSE]] \right)[[CLOSE]]
	        > )[[CLOSE]] A[[UNKNOWN]] _{1}[[POSTSUBSCRIPT]] ([[OPEN]] r[[UNKNOWN]] )[[CLOSE]]
Warning:not_parsed:ADDOP.NUMBER>OPEN MathParser failed to match rule 'Anything'
	at 0301002.tex; line 1112 col 0 - line 1112 col 1
	In "$\displaystyle{{}-2\,\Bigg{(}5\,r^{16}+R^{8}\,{r_{0}}^{8}-5\,r^{12}\,\left(R^{%
	4}+{r_{0}}^{4}\right)+r^{8}\,\left(20\,R^{4}\,{r_{0}}^{4}+6\,{r_{0}}^{8}\right%
	)}$"
	-[[ADDOP]] 2[[NUMBER]]
	        > ([[OPEN]] 5[[NUMBER]] r[[UNKNOWN]] ^{16}[[POSTSUPERSCRIPT]] +[[ADDOP]] R[[UNKNOWN]] ^{8}[[POSTSUPERSCRIPT]] r[[UNKNOWN]] _{0}[[POSTSUBSCRIPT]] ^{8}[[POSTSUPERSCRIPT]] -[[ADDOP]] 5[[NUMBER]] r[[UNKNOWN]] ^{12}[[POSTSUPERSCRIPT]] \left([[OPEN]] R[[UNKNOWN]] ^{4}[[POSTSUPERSCRIPT]] +[[ADDOP]] r[[UNKNOWN]] _{0}[[POSTSUBSCRIPT]] ^{4}[[POSTSUPERSCRIPT]] \right)[[CLOSE]] +[[ADDOP]] r[[UNKNOWN]] ^{8}[[POSTSUPERSCRIPT]] \left([[OPEN]] 20[[NUMBER]] R[[UNKNOWN]] ^{4}[[POSTSUPERSCRIPT]] r[[UNKNOWN]] _{0}[[POSTSUBSCRIPT]] ^{4}[[POSTSUPERSCRIPT]] +[[ADDOP]] 6[[NUMBER]] r[[UNKNOWN]] _{0}[[POSTSUBSCRIPT]] ^{8}[[POSTSUPERSCRIPT]] \right)[[CLOSE]]
Warning:not_parsed:POSTSUBSCRIPT.POSTSUPERSCRIPT.CLOSE>CLOSE MathParser failed to match rule 'Anything'
	at 0301002.tex; line 1112 col 0 - line 1112 col 1
	In "$\displaystyle{{}\qquad{}+r^{4}\,\left(5\,R^{8}\,{r_{0}}^{4}-3\,R^{4}\,{r_{0}}%
	^{8}\right)\Bigg{)}\,A_{1}^{\prime}(r)}$"
	+[[ADDOP]] r[[UNKNOWN]] ^{4}[[POSTSUPERSCRIPT]] \left([[OPEN]] 5[[NUMBER]] R[[UNKNOWN]] ^{8}[[POSTSUPERSCRIPT]] r[[UNKNOWN]] _{0}[[POSTSUBSCRIPT]] ^{4}[[POSTSUPERSCRIPT]] -[[ADDOP]] 3[[NUMBER]] R[[UNKNOWN]] ^{4}[[POSTSUPERSCRIPT]] r[[UNKNOWN]] _{0}[[POSTSUBSCRIPT]] ^{8}[[POSTSUPERSCRIPT]] \right)[[CLOSE]]
	        > )[[CLOSE]] A[[UNKNOWN]] _{1}[[POSTSUBSCRIPT]] ^{\prime}[[POSTSUPERSCRIPT]] ([[OPEN]] r[[UNKNOWN]] )[[CLOSE]]
Warning:not_parsed:ADDOP>OPEN MathParser failed to match rule 'Anything'
	at 0301002.tex; line 1142 col 0 - line 1142 col 1
	In "$\displaystyle{{}+\Bigg{(}-32\,r^{3}\,{r_{0}}^{4}\,\left(5\,r^{8}+10\,r^{4}\,R%
	^{4}+3\,R^{8}-2\,R^{4}\,{r_{0}}^{4}\right)}$"
	+[[ADDOP]]
	        > ([[OPEN]] -[[ADDOP]] 32[[NUMBER]] r[[UNKNOWN]] ^{3}[[POSTSUPERSCRIPT]] r[[UNKNOWN]] _{0}[[POSTSUBSCRIPT]] ^{4}[[POSTSUPERSCRIPT]] \left([[OPEN]] 5[[NUMBER]] r[[UNKNOWN]] ^{8}[[POSTSUPERSCRIPT]] +[[ADDOP]] 10[[NUMBER]] r[[UNKNOWN]] ^{4}[[POSTSUPERSCRIPT]] R[[UNKNOWN]] ^{4}[[POSTSUPERSCRIPT]] +[[ADDOP]] 3[[NUMBER]] R[[UNKNOWN]] ^{8}[[POSTSUPERSCRIPT]] -[[ADDOP]] 2[[NUMBER]] R[[UNKNOWN]] ^{4}[[POSTSUPERSCRIPT]] r[[UNKNOWN]] _{0}[[POSTSUBSCRIPT]] ^{4}[[POSTSUPERSCRIPT]] \right)[[CLOSE]]
Warning:not_parsed:POSTSUPERSCRIPT.CLOSE.CLOSE>CLOSE MathParser failed to match rule 'Anything'
	at 0301002.tex; line 1142 col 0 - line 1142 col 1
	In "$\displaystyle{{}\qquad{}+3\,{k}^{2}\,r\,{\left(r^{4}+R^{4}\right)}^{2}\,\left%
	(5\,r^{8}-R^{4}\,{r_{0}}^{4}+3\,r^{4}\,\left(R^{4}-{r_{0}}^{4}\right)\right)%
	\Bigg{)}\,K_{1}(r)}$"
	+[[ADDOP]] 3[[NUMBER]] k[[UNKNOWN]] ^{2}[[POSTSUPERSCRIPT]] r[[UNKNOWN]] \left([[OPEN]] r[[UNKNOWN]] ^{4}[[POSTSUPERSCRIPT]] +[[ADDOP]] R[[UNKNOWN]] ^{4}[[POSTSUPERSCRIPT]] \right)[[CLOSE]] ^{2}[[POSTSUPERSCRIPT]] \left([[OPEN]] 5[[NUMBER]] r[[UNKNOWN]] ^{8}[[POSTSUPERSCRIPT]] -[[ADDOP]] R[[UNKNOWN]] ^{4}[[POSTSUPERSCRIPT]] r[[UNKNOWN]] _{0}[[POSTSUBSCRIPT]] ^{4}[[POSTSUPERSCRIPT]] +[[ADDOP]] 3[[NUMBER]] r[[UNKNOWN]] ^{4}[[POSTSUPERSCRIPT]] \left([[OPEN]] R[[UNKNOWN]] ^{4}[[POSTSUPERSCRIPT]] -[[ADDOP]] r[[UNKNOWN]] _{0}[[POSTSUBSCRIPT]] ^{4}[[POSTSUPERSCRIPT]] \right)[[CLOSE]] \right)[[CLOSE]]
	        > )[[CLOSE]] K[[UNKNOWN]] _{1}[[POSTSUBSCRIPT]] ([[OPEN]] r[[UNKNOWN]] )[[CLOSE]]
Warning:not_parsed:ADDOP.NUMBER>OPEN MathParser failed to match rule 'Anything'
	at 0301002.tex; line 1142 col 0 - line 1142 col 1
	In "$\displaystyle{{}+5\,\Bigg{(}{k}^{2}\,r\,{\left(r^{4}+R^{4}\right)}^{2}\,\left%
	(5\,r^{8}-R^{4}\,{r_{0}}^{4}+3\,r^{4}\,\left(R^{4}-{r_{0}}^{4}\right)\right)}$"
	+[[ADDOP]] 5[[NUMBER]]
	        > ([[OPEN]] k[[UNKNOWN]] ^{2}[[POSTSUPERSCRIPT]] r[[UNKNOWN]] \left([[OPEN]] r[[UNKNOWN]] ^{4}[[POSTSUPERSCRIPT]] +[[ADDOP]] R[[UNKNOWN]] ^{4}[[POSTSUPERSCRIPT]] \right)[[CLOSE]] ^{2}[[POSTSUPERSCRIPT]] \left([[OPEN]] 5[[NUMBER]] r[[UNKNOWN]] ^{8}[[POSTSUPERSCRIPT]] -[[ADDOP]] R[[UNKNOWN]] ^{4}[[POSTSUPERSCRIPT]] r[[UNKNOWN]] _{0}[[POSTSUBSCRIPT]] ^{4}[[POSTSUPERSCRIPT]] +[[ADDOP]] 3[[NUMBER]] r[[UNKNOWN]] ^{4}[[POSTSUPERSCRIPT]] \left([[OPEN]] R[[UNKNOWN]] ^{4}[[POSTSUPERSCRIPT]] -[[ADDOP]] r[[UNKNOWN]] _{0}[[POSTSUBSCRIPT]] ^{4}[[POSTSUPERSCRIPT]] \right)[[CLOSE]] \right)[[CLOSE]]
Warning:not_parsed:POSTSUPERSCRIPT.CLOSE.CLOSE>CLOSE MathParser failed to match rule 'Anything'
	at 0301002.tex; line 1142 col 0 - line 1142 col 1
	In "$\displaystyle{{}\qquad{}-32\,r^{3}\,\left(2\,r^{4}\,R^{4}\,{r_{0}}^{4}+R^{8}%
	\,{r_{0}}^{4}+r^{8}\,\left(2\,R^{4}+3\,{r_{0}}^{4}\right)\right)\Bigg{)}\,L_{1%
	}(r)}$"
	-[[ADDOP]] 32[[NUMBER]] r[[UNKNOWN]] ^{3}[[POSTSUPERSCRIPT]] \left([[OPEN]] 2[[NUMBER]] r[[UNKNOWN]] ^{4}[[POSTSUPERSCRIPT]] R[[UNKNOWN]] ^{4}[[POSTSUPERSCRIPT]] r[[UNKNOWN]] _{0}[[POSTSUBSCRIPT]] ^{4}[[POSTSUPERSCRIPT]] +[[ADDOP]] R[[UNKNOWN]] ^{8}[[POSTSUPERSCRIPT]] r[[UNKNOWN]] _{0}[[POSTSUBSCRIPT]] ^{4}[[POSTSUPERSCRIPT]] +[[ADDOP]] r[[UNKNOWN]] ^{8}[[POSTSUPERSCRIPT]] \left([[OPEN]] 2[[NUMBER]] R[[UNKNOWN]] ^{4}[[POSTSUPERSCRIPT]] +[[ADDOP]] 3[[NUMBER]] r[[UNKNOWN]] _{0}[[POSTSUBSCRIPT]] ^{4}[[POSTSUPERSCRIPT]] \right)[[CLOSE]] \right)[[CLOSE]]
	        > )[[CLOSE]] L[[UNKNOWN]] _{1}[[POSTSUBSCRIPT]] ([[OPEN]] r[[UNKNOWN]] )[[CLOSE]]
Warning:not_parsed:ADDOP>OPEN MathParser failed to match rule 'Anything'
	at 0301002.tex; line 1171 col 0 - line 1171 col 1
	In "$\displaystyle{{}+\Bigg{(}-32\,r^{3}\,{r_{0}}^{4}\,\left(3\,r^{8}+6\,r^{4}\,R^%
	{4}+R^{8}-2\,R^{4}\,{r_{0}}^{4}\right)}$"
	+[[ADDOP]]
	        > ([[OPEN]] -[[ADDOP]] 32[[NUMBER]] r[[UNKNOWN]] ^{3}[[POSTSUPERSCRIPT]] r[[UNKNOWN]] _{0}[[POSTSUBSCRIPT]] ^{4}[[POSTSUPERSCRIPT]] \left([[OPEN]] 3[[NUMBER]] r[[UNKNOWN]] ^{8}[[POSTSUPERSCRIPT]] +[[ADDOP]] 6[[NUMBER]] r[[UNKNOWN]] ^{4}[[POSTSUPERSCRIPT]] R[[UNKNOWN]] ^{4}[[POSTSUPERSCRIPT]] +[[ADDOP]] R[[UNKNOWN]] ^{8}[[POSTSUPERSCRIPT]] -[[ADDOP]] 2[[NUMBER]] R[[UNKNOWN]] ^{4}[[POSTSUPERSCRIPT]] r[[UNKNOWN]] _{0}[[POSTSUBSCRIPT]] ^{4}[[POSTSUPERSCRIPT]] \right)[[CLOSE]]
Warning:not_parsed:POSTSUPERSCRIPT.CLOSE.CLOSE>CLOSE MathParser failed to match rule 'Anything'
	at 0301002.tex; line 1171 col 0 - line 1171 col 1
	In "$\displaystyle{{}\qquad{}+{k}^{2}\,r\,{\left(r^{4}+R^{4}\right)}^{2}\,\left(5%
	\,r^{8}-R^{4}\,{r_{0}}^{4}+3\,r^{4}\,\left(R^{4}-{r_{0}}^{4}\right)\right)%
	\Bigg{)}\,K_{1}(r)}$"
	+[[ADDOP]] k[[UNKNOWN]] ^{2}[[POSTSUPERSCRIPT]] r[[UNKNOWN]] \left([[OPEN]] r[[UNKNOWN]] ^{4}[[POSTSUPERSCRIPT]] +[[ADDOP]] R[[UNKNOWN]] ^{4}[[POSTSUPERSCRIPT]] \right)[[CLOSE]] ^{2}[[POSTSUPERSCRIPT]] \left([[OPEN]] 5[[NUMBER]] r[[UNKNOWN]] ^{8}[[POSTSUPERSCRIPT]] -[[ADDOP]] R[[UNKNOWN]] ^{4}[[POSTSUPERSCRIPT]] r[[UNKNOWN]] _{0}[[POSTSUBSCRIPT]] ^{4}[[POSTSUPERSCRIPT]] +[[ADDOP]] 3[[NUMBER]] r[[UNKNOWN]] ^{4}[[POSTSUPERSCRIPT]] \left([[OPEN]] R[[UNKNOWN]] ^{4}[[POSTSUPERSCRIPT]] -[[ADDOP]] r[[UNKNOWN]] _{0}[[POSTSUBSCRIPT]] ^{4}[[POSTSUPERSCRIPT]] \right)[[CLOSE]] \right)[[CLOSE]]
	        > )[[CLOSE]] K[[UNKNOWN]] _{1}[[POSTSUBSCRIPT]] ([[OPEN]] r[[UNKNOWN]] )[[CLOSE]]
Warning:not_parsed:ADDOP>OPEN MathParser failed to match rule 'Anything'
	at 0301002.tex; line 1171 col 0 - line 1171 col 1
	In "$\displaystyle{{}+\Bigg{(}3\,{k}^{2}\,r\,{\left(r^{4}+R^{4}\right)}^{2}\,\left%
	(5\,r^{8}-R^{4}\,{r_{0}}^{4}+3\,r^{4}\,\left(R^{4}-{r_{0}}^{4}\right)\right)}$"
	+[[ADDOP]]
	        > ([[OPEN]] 3[[NUMBER]] k[[UNKNOWN]] ^{2}[[POSTSUPERSCRIPT]] r[[UNKNOWN]] \left([[OPEN]] r[[UNKNOWN]] ^{4}[[POSTSUPERSCRIPT]] +[[ADDOP]] R[[UNKNOWN]] ^{4}[[POSTSUPERSCRIPT]] \right)[[CLOSE]] ^{2}[[POSTSUPERSCRIPT]] \left([[OPEN]] 5[[NUMBER]] r[[UNKNOWN]] ^{8}[[POSTSUPERSCRIPT]] -[[ADDOP]] R[[UNKNOWN]] ^{4}[[POSTSUPERSCRIPT]] r[[UNKNOWN]] _{0}[[POSTSUBSCRIPT]] ^{4}[[POSTSUPERSCRIPT]] +[[ADDOP]] 3[[NUMBER]] r[[UNKNOWN]] ^{4}[[POSTSUPERSCRIPT]] \left([[OPEN]] R[[UNKNOWN]] ^{4}[[POSTSUPERSCRIPT]] -[[ADDOP]] r[[UNKNOWN]] _{0}[[POSTSUBSCRIPT]] ^{4}[[POSTSUPERSCRIPT]] \right)[[CLOSE]] \right)[[CLOSE]]
Warning:not_parsed:POSTSUPERSCRIPT.CLOSE.CLOSE>CLOSE MathParser failed to match rule 'Anything'
	at 0301002.tex; line 1171 col 0 - line 1171 col 1
	In "$\displaystyle{{}\qquad{}-32\,r^{3}\,\left(3\,R^{8}\,{r_{0}}^{4}+r^{8}\,\left(%
	6\,R^{4}+9\,{r_{0}}^{4}\right)+r^{4}\,\left(-4\,R^{8}+2\,R^{4}\,{r_{0}}^{4}%
	\right)\right)\Bigg{)}\,L_{1}(r)}$"
	-[[ADDOP]] 32[[NUMBER]] r[[UNKNOWN]] ^{3}[[POSTSUPERSCRIPT]] \left([[OPEN]] 3[[NUMBER]] R[[UNKNOWN]] ^{8}[[POSTSUPERSCRIPT]] r[[UNKNOWN]] _{0}[[POSTSUBSCRIPT]] ^{4}[[POSTSUPERSCRIPT]] +[[ADDOP]] r[[UNKNOWN]] ^{8}[[POSTSUPERSCRIPT]] \left([[OPEN]] 6[[NUMBER]] R[[UNKNOWN]] ^{4}[[POSTSUPERSCRIPT]] +[[ADDOP]] 9[[NUMBER]] r[[UNKNOWN]] _{0}[[POSTSUBSCRIPT]] ^{4}[[POSTSUPERSCRIPT]] \right)[[CLOSE]] +[[ADDOP]] r[[UNKNOWN]] ^{4}[[POSTSUPERSCRIPT]] \left([[OPEN]] -[[ADDOP]] 4[[NUMBER]] R[[UNKNOWN]] ^{8}[[POSTSUPERSCRIPT]] +[[ADDOP]] 2[[NUMBER]] R[[UNKNOWN]] ^{4}[[POSTSUPERSCRIPT]] r[[UNKNOWN]] _{0}[[POSTSUBSCRIPT]] ^{4}[[POSTSUPERSCRIPT]] \right)[[CLOSE]] \right)[[CLOSE]]
	        > )[[CLOSE]] L[[UNKNOWN]] _{1}[[POSTSUBSCRIPT]] ([[OPEN]] r[[UNKNOWN]] )[[CLOSE]]
 11.52 sec)
Math parsing succeeded:
   ltx:XMArg: 1288/1288
   ltx:XMath: 513/528
Symbols assumed as simple identifiers (with # of occurences):
   'A{italic}' (33), 'B{italic}' (18), 'C{italic}' (2), 'Delta' (2), 'D{italic}' (29), 'F{italic}' (3), 'Gamma' (1), 'G{italic}' (26), 'K{italic}' (33), 'L{italic}' (36), 'M{italic}' (25), 'N{italic}' (14), 'Omega' (11), 'O{italic}' (8), 'R{bold}' (1), 'R{italic}' (159), 'S{italic}' (38), 'T{italic}' (22), 'V{italic}' (41), 'W{italic}' (7), 'X{italic}' (2), 'Y{italic}' (2), 'Z{italic}' (2), 'alpha' (15), 'a{italic}' (23), 'beta' (1), 'b{italic}' (3), 'c{italic}' (8), 'delta' (1), 'd{italic}' (90), 'e{italic}' (29), 'f{italic}' (24), 'gamma' (73), 'g{italic}' (22), 'h{italic}' (27), 'i{italic}' (12), 'j{italic}' (10), 'kappa' (6), 'k{italic}' (29), 'lambda' (7), 'l{italic}' (2), 'mu' (8), 'm{italic}' (12), 'nu' (8), 'n{italic}' (41), 'omega' (3), 'o{italic}' (1), 'phi' (35), 'pi' (10), 'p{italic}' (31), 'q{italic}' (19), 'r{italic}' (472), 's{italic}' (31), 'tau' (6), 'theta' (2), 't{italic}' (23), 'u{italic}' (3), 'varphi' (4), 'w{italic}' (2), 'x{italic}' (28), 'y{italic}' (8), 'z{italic}' (2)
Set MATHPARSER_SPECULATE to speculate on possible notations.
(Finalizing... 1.11 sec)
Conversion complete 15 warnings (See /home/user/latex-in-arxiv/0301002.latexml.log) (reqd. 24.13s)
