latexml (LaTeXML version 0.8.6) processing 2003/0301167.tex
(Digesting TeX 0301167...
(Loading /usr/share/perl5/LaTeXML/Package/TeX.pool.ltxml...
(Loading /usr/share/perl5/LaTeXML/Package/eTeX.pool.ltxml... 0.01 sec)
(Loading /usr/share/perl5/LaTeXML/Package/pdfTeX.pool.ltxml... 0.01 sec) 0.20 sec)
(Processing content /home/user/latex-in-arxiv/2003/0301167.tex...
(Loading /usr/share/perl5/LaTeXML/Package/LaTeX.pool.ltxml...
(Loading /usr/share/perl5/LaTeXML/Package/textcomp.sty.ltxml...
(Processing definitions /usr/share/texlive/texmf-dist/tex/latex-dev/base/ts1enc.dfu... 0.04 sec) 1.44 sec) 1.73 sec)
Info:unexpected:\documentstyle Entering LaTeX 2.09 Compatibility mode
	at 0301167.tex; line 1 col 0 - line 1 col 34
(Loading /usr/share/perl5/LaTeXML/Package/article.cls.ltxml... 0.02 sec)
(Loading /usr/share/perl5/LaTeXML/Package/epsf.sty.ltxml... 0.01 sec) 10.26 sec) 10.52 sec)
(Building...
(Loading compiled schema /usr/share/perl5/LaTeXML/resources/RelaxNG/LaTeXML.model... 0.02 sec) 8.50 sec)
(Rewriting... 0.24 sec)
(Math Parsing 338 formulae ......
Warning:not_parsed:CLOSE.POSTSUPERSCRIPT.OPFUNCTION>OPEN MathParser failed to match rule 'Anything'
	at 0301167.tex; line 336 col 4 - line 336 col 4
	In "$\displaystyle Z=\int DV\,D\phi\,D\tilde{\phi}\,\prod\limits_{i}\Big{(}\det PV%
	(V,M_{i})\Big{)}^{c_{i}}\exp\Bigg{\{}i\Bigg{[}\frac{1}{4e^{2}}\int d^{4}x\,d^{%
	4}\theta\,V\partial^{2}\Big{(}1+\frac{\partial^{2n}}{\Lambda^{2n}}\Big{)}V-\@@ENDINLINEMATH"
	Z[[UNKNOWN]] =[[RELOP]] ∫[[INTOP]] D[[UNKNOWN]] V[[UNKNOWN]] D[[UNKNOWN]] ϕ[[UNKNOWN]] D[[UNKNOWN]] \tilde{\phi}[[UNKNOWN]] ∏[[SUMOP]] _{i}[[POSTSUBSCRIPT]] ([[OPEN]] det[[LIMITOP]] P[[UNKNOWN]] V[[UNKNOWN]] ([[OPEN]] V[[UNKNOWN]] ,[[PUNCT]] M[[UNKNOWN]] _{i}[[POSTSUBSCRIPT]] )[[CLOSE]] )[[CLOSE]] ^{c_{i}}[[POSTSUPERSCRIPT]] exp[[OPFUNCTION]]
	        > \{[[OPEN]] i[[UNKNOWN]] [[[OPEN]] \frac{1}{4e^{2}}[[UNKNOWN]] ∫[[INTOP]] d[[UNKNOWN]] ^{4}[[POSTSUPERSCRIPT]] x[[UNKNOWN]] d[[UNKNOWN]] ^{4}[[POSTSUPERSCRIPT]] θ[[UNKNOWN]] V[[UNKNOWN]] ∂[[OPERATOR]] ^{2}[[POSTSUPERSCRIPT]] ([[OPEN]] 1[[NUMBER]] +[[ADDOP]] \frac{\partial^{2n}}{\Lambda^{2n}}[[UNKNOWN]] )[[CLOSE]] V[[UNKNOWN]] -[[ADDOP]]
Warning:not_parsed:CLOSE.POSTSUPERSCRIPT.OPFUNCTION>OPEN MathParser failed to match rule 'Anything'
	at 0301167.tex; line 336 col 4 - line 341 col 1
	In "$\displaystyle Z=\int DV\,D\phi\,D\tilde{\phi}\,\prod\limits_{i}\Big{(}\det PV%
	(V,M_{i})\Big{)}^{c_{i}}\exp\Bigg{\{}i\Bigg{[}\frac{1}{4e^{2}}\int d^{4}x\,d^{%
	4}\theta\,V\partial^{2}\Big{(}1+\frac{\partial^{2n}}{\Lambda^{2n}}\Big{)}V-$"
	Z[[UNKNOWN]] =[[RELOP]] ∫[[INTOP]] D[[UNKNOWN]] V[[UNKNOWN]] D[[UNKNOWN]] ϕ[[UNKNOWN]] D[[UNKNOWN]] \tilde{\phi}[[UNKNOWN]] ∏[[SUMOP]] _{i}[[POSTSUBSCRIPT]] ([[OPEN]] det[[LIMITOP]] P[[UNKNOWN]] V[[UNKNOWN]] ([[OPEN]] V[[UNKNOWN]] ,[[PUNCT]] M[[UNKNOWN]] _{i}[[POSTSUBSCRIPT]] )[[CLOSE]] )[[CLOSE]] ^{c_{i}}[[POSTSUPERSCRIPT]] exp[[OPFUNCTION]]
	        > \{[[OPEN]] i[[UNKNOWN]] [[[OPEN]] \frac{1}{4e^{2}}[[UNKNOWN]] ∫[[INTOP]] d[[UNKNOWN]] ^{4}[[POSTSUPERSCRIPT]] x[[UNKNOWN]] d[[UNKNOWN]] ^{4}[[POSTSUPERSCRIPT]] θ[[UNKNOWN]] V[[UNKNOWN]] ∂[[OPERATOR]] ^{2}[[POSTSUPERSCRIPT]] ([[OPEN]] 1[[NUMBER]] +[[ADDOP]] \frac{\partial^{2n}}{\Lambda^{2n}}[[UNKNOWN]] )[[CLOSE]] V[[UNKNOWN]] -[[ADDOP]]
Warning:not_parsed:ATOM.POSTSUPERSCRIPT.CLOSE>CLOSE MathParser failed to match rule 'Anything'
	at 0301167.tex; line 351 col 1 - line 351 col 1
	In "$\displaystyle+\int d^{4}x\,d^{4}\theta\,JV+\int d^{4}x\,d^{2}\theta\,\Big{(}j%
	\,\phi+\tilde{j}\,\tilde{\phi}\Big{)}+\int d^{4}x\,d^{2}\bar{\theta}\,\Big{(}j%
	^{*}\phi^{*}+\tilde{j}^{*}\tilde{\phi}^{*}\Big{)}\Bigg{]}\Bigg{\}},\@@ENDINLINEMATH"
	+[[ADDOP]] ∫[[INTOP]] d[[UNKNOWN]] ^{4}[[POSTSUPERSCRIPT]] x[[UNKNOWN]] d[[UNKNOWN]] ^{4}[[POSTSUPERSCRIPT]] θ[[UNKNOWN]] J[[UNKNOWN]] V[[UNKNOWN]] +[[ADDOP]] ∫[[INTOP]] d[[UNKNOWN]] ^{4}[[POSTSUPERSCRIPT]] x[[UNKNOWN]] d[[UNKNOWN]] ^{2}[[POSTSUPERSCRIPT]] θ[[UNKNOWN]] ([[OPEN]] j[[UNKNOWN]] ϕ[[UNKNOWN]] +[[ADDOP]] \tilde{j}[[UNKNOWN]] \tilde{\phi}[[UNKNOWN]] )[[CLOSE]] +[[ADDOP]] ∫[[INTOP]] d[[UNKNOWN]] ^{4}[[POSTSUPERSCRIPT]] x[[UNKNOWN]] d[[UNKNOWN]] ^{2}[[POSTSUPERSCRIPT]] \bar{\theta}[[UNKNOWN]] ([[OPEN]] j[[UNKNOWN]] ^{*}[[POSTSUPERSCRIPT]] ϕ[[UNKNOWN]] ^{*}[[POSTSUPERSCRIPT]] +[[ADDOP]] \tilde{j}[[UNKNOWN]] ^{*}[[POSTSUPERSCRIPT]] \tilde{\phi}[[UNKNOWN]] ^{*}[[POSTSUPERSCRIPT]] )[[CLOSE]]
	        > ][[CLOSE]] \}[[CLOSE]]
Warning:not_parsed:ATOM.POSTSUPERSCRIPT.CLOSE>CLOSE MathParser failed to match rule 'Anything'
	at 0301167.tex; line 351 col 1 - line 355 col 14
	In "$\displaystyle+\int d^{4}x\,d^{4}\theta\,JV+\int d^{4}x\,d^{2}\theta\,\Big{(}j%
	\,\phi+\tilde{j}\,\tilde{\phi}\Big{)}+\int d^{4}x\,d^{2}\bar{\theta}\,\Big{(}j%
	^{*}\phi^{*}+\tilde{j}^{*}\tilde{\phi}^{*}\Big{)}\Bigg{]}\Bigg{\}},$"
	+[[ADDOP]] ∫[[INTOP]] d[[UNKNOWN]] ^{4}[[POSTSUPERSCRIPT]] x[[UNKNOWN]] d[[UNKNOWN]] ^{4}[[POSTSUPERSCRIPT]] θ[[UNKNOWN]] J[[UNKNOWN]] V[[UNKNOWN]] +[[ADDOP]] ∫[[INTOP]] d[[UNKNOWN]] ^{4}[[POSTSUPERSCRIPT]] x[[UNKNOWN]] d[[UNKNOWN]] ^{2}[[POSTSUPERSCRIPT]] θ[[UNKNOWN]] ([[OPEN]] j[[UNKNOWN]] ϕ[[UNKNOWN]] +[[ADDOP]] \tilde{j}[[UNKNOWN]] \tilde{\phi}[[UNKNOWN]] )[[CLOSE]] +[[ADDOP]] ∫[[INTOP]] d[[UNKNOWN]] ^{4}[[POSTSUPERSCRIPT]] x[[UNKNOWN]] d[[UNKNOWN]] ^{2}[[POSTSUPERSCRIPT]] \bar{\theta}[[UNKNOWN]] ([[OPEN]] j[[UNKNOWN]] ^{*}[[POSTSUPERSCRIPT]] ϕ[[UNKNOWN]] ^{*}[[POSTSUPERSCRIPT]] +[[ADDOP]] \tilde{j}[[UNKNOWN]] ^{*}[[POSTSUPERSCRIPT]] \tilde{\phi}[[UNKNOWN]] ^{*}[[POSTSUPERSCRIPT]] )[[CLOSE]]
	        > ][[CLOSE]] \}[[CLOSE]]
Warning:not_parsed:UNKNOWN.ATOM.OPFUNCTION>OPEN MathParser failed to match rule 'Anything'
	at 0301167.tex; line 361 col 7 - line 361 col 7
	In "$\displaystyle\Big{(}\det PV(V,M)\Big{)}^{-1}=\int D\Phi\,D\tilde{\Phi}\,\exp%
	\Bigg{\{}i\Bigg{[}Z(\Lambda/\mu)\frac{1}{4}\int d^{4}x\,d^{4}\theta\,\Big{(}%
	\Phi^{*}e^{2V}\Phi+\qquad\@@ENDINLINEMATH"
	([[OPEN]] det[[LIMITOP]] P[[UNKNOWN]] V[[UNKNOWN]] ([[OPEN]] V[[UNKNOWN]] ,[[PUNCT]] M[[UNKNOWN]] )[[CLOSE]] )[[CLOSE]] ^{-1}[[POSTSUPERSCRIPT]] =[[RELOP]] ∫[[INTOP]] D[[UNKNOWN]] Φ[[UNKNOWN]] D[[UNKNOWN]] \tilde{\Phi}[[UNKNOWN]] exp[[OPFUNCTION]]
	        > \{[[OPEN]] i[[UNKNOWN]] [[[OPEN]] Z[[UNKNOWN]] ([[OPEN]] Λ[[UNKNOWN]] /[[MULOP]] μ[[UNKNOWN]] )[[CLOSE]] \frac{1}{4}[[UNKNOWN]] ∫[[INTOP]] d[[UNKNOWN]] ^{4}[[POSTSUPERSCRIPT]] x[[UNKNOWN]] d[[UNKNOWN]] ^{4}[[POSTSUPERSCRIPT]] θ[[UNKNOWN]] ([[OPEN]] Φ[[UNKNOWN]] ^{*}[[POSTSUPERSCRIPT]] e[[UNKNOWN]] ^{2V}[[POSTSUPERSCRIPT]] Φ[[UNKNOWN]] +[[ADDOP]]
Warning:not_parsed:UNKNOWN.ATOM.OPFUNCTION>OPEN MathParser failed to match rule 'Anything'
	at 0301167.tex; line 361 col 7 - line 365 col 1
	In "$\displaystyle\Big{(}\det PV(V,M)\Big{)}^{-1}=\int D\Phi\,D\tilde{\Phi}\,\exp%
	\Bigg{\{}i\Bigg{[}Z(\Lambda/\mu)\frac{1}{4}\int d^{4}x\,d^{4}\theta\,\Big{(}%
	\Phi^{*}e^{2V}\Phi+\qquad$"
	([[OPEN]] det[[LIMITOP]] P[[UNKNOWN]] V[[UNKNOWN]] ([[OPEN]] V[[UNKNOWN]] ,[[PUNCT]] M[[UNKNOWN]] )[[CLOSE]] )[[CLOSE]] ^{-1}[[POSTSUPERSCRIPT]] =[[RELOP]] ∫[[INTOP]] D[[UNKNOWN]] Φ[[UNKNOWN]] D[[UNKNOWN]] \tilde{\Phi}[[UNKNOWN]] exp[[OPFUNCTION]]
	        > \{[[OPEN]] i[[UNKNOWN]] [[[OPEN]] Z[[UNKNOWN]] ([[OPEN]] Λ[[UNKNOWN]] /[[MULOP]] μ[[UNKNOWN]] )[[CLOSE]] \frac{1}{4}[[UNKNOWN]] ∫[[INTOP]] d[[UNKNOWN]] ^{4}[[POSTSUPERSCRIPT]] x[[UNKNOWN]] d[[UNKNOWN]] ^{4}[[POSTSUPERSCRIPT]] θ[[UNKNOWN]] ([[OPEN]] Φ[[UNKNOWN]] ^{*}[[POSTSUPERSCRIPT]] e[[UNKNOWN]] ^{2V}[[POSTSUPERSCRIPT]] Φ[[UNKNOWN]] +[[ADDOP]]
Warning:not_parsed:UNKNOWN.POSTSUPERSCRIPT.ATOM>CLOSE MathParser failed to match rule 'Anything'
	at 0301167.tex; line 365 col 4 - line 365 col 4
	In "$\displaystyle+\tilde{\Phi}^{*}e^{-2V}\tilde{\Phi}\Big{)}+\frac{1}{2}\int d^{4%
	}x\,d^{2}\theta\,M\tilde{\Phi}\Phi+\frac{1}{2}\int d^{4}x\,d^{2}\bar{\theta}\,%
	M\tilde{\Phi}^{*}\Phi^{*}\Bigg{]}\Bigg{\}},\@@ENDINLINEMATH"
	+[[ADDOP]] \tilde{\Phi}[[UNKNOWN]] ^{*}[[POSTSUPERSCRIPT]] e[[UNKNOWN]] ^{-2V}[[POSTSUPERSCRIPT]] \tilde{\Phi}[[UNKNOWN]]
	        > )[[CLOSE]] +[[ADDOP]] \frac{1}{2}[[UNKNOWN]] ∫[[INTOP]] d[[UNKNOWN]] ^{4}[[POSTSUPERSCRIPT]] x[[UNKNOWN]] d[[UNKNOWN]] ^{2}[[POSTSUPERSCRIPT]] θ[[UNKNOWN]] M[[UNKNOWN]] \tilde{\Phi}[[UNKNOWN]] Φ[[UNKNOWN]] +[[ADDOP]] \frac{1}{2}[[UNKNOWN]] ∫[[INTOP]] d[[UNKNOWN]] ^{4}[[POSTSUPERSCRIPT]] x[[UNKNOWN]] d[[UNKNOWN]] ^{2}[[POSTSUPERSCRIPT]] \bar{\theta}[[UNKNOWN]] M[[UNKNOWN]] \tilde{\Phi}[[UNKNOWN]] ^{*}[[POSTSUPERSCRIPT]] Φ[[UNKNOWN]] ^{*}[[POSTSUPERSCRIPT]] ][[CLOSE]] \}[[CLOSE]]
Warning:not_parsed:UNKNOWN.POSTSUPERSCRIPT.ATOM>CLOSE MathParser failed to match rule 'Anything'
	at 0301167.tex; line 365 col 4 - line 369 col 14
	In "$\displaystyle+\tilde{\Phi}^{*}e^{-2V}\tilde{\Phi}\Big{)}+\frac{1}{2}\int d^{4%
	}x\,d^{2}\theta\,M\tilde{\Phi}\Phi+\frac{1}{2}\int d^{4}x\,d^{2}\bar{\theta}\,%
	M\tilde{\Phi}^{*}\Phi^{*}\Bigg{]}\Bigg{\}},$"
	+[[ADDOP]] \tilde{\Phi}[[UNKNOWN]] ^{*}[[POSTSUPERSCRIPT]] e[[UNKNOWN]] ^{-2V}[[POSTSUPERSCRIPT]] \tilde{\Phi}[[UNKNOWN]]
	        > )[[CLOSE]] +[[ADDOP]] \frac{1}{2}[[UNKNOWN]] ∫[[INTOP]] d[[UNKNOWN]] ^{4}[[POSTSUPERSCRIPT]] x[[UNKNOWN]] d[[UNKNOWN]] ^{2}[[POSTSUPERSCRIPT]] θ[[UNKNOWN]] M[[UNKNOWN]] \tilde{\Phi}[[UNKNOWN]] Φ[[UNKNOWN]] +[[ADDOP]] \frac{1}{2}[[UNKNOWN]] ∫[[INTOP]] d[[UNKNOWN]] ^{4}[[POSTSUPERSCRIPT]] x[[UNKNOWN]] d[[UNKNOWN]] ^{2}[[POSTSUPERSCRIPT]] \bar{\theta}[[UNKNOWN]] M[[UNKNOWN]] \tilde{\Phi}[[UNKNOWN]] ^{*}[[POSTSUPERSCRIPT]] Φ[[UNKNOWN]] ^{*}[[POSTSUPERSCRIPT]] ][[CLOSE]] \}[[CLOSE]]
Warning:not_parsed:ATOM.ATOM.ATOM>MULOP MathParser failed to match rule 'Anything'
	at 0301167.tex; line 602 col 4 - line 602 col 4
	In "$\displaystyle f_{2PV}=e^{2}\sum\limits_{i}c_{i}\,\int\frac{d^{4}k}{(2\pi)^{4}%
	}\frac{d^{4}q}{(2\pi)^{4}}\,\frac{1}{k^{2}\Big{(}1+(-1)^{n}k^{2n}/\Lambda^{2n}%
	\Big{)}}\times\@@ENDINLINEMATH"
	f[[UNKNOWN]] _{2PV}[[POSTSUBSCRIPT]] =[[RELOP]] e[[UNKNOWN]] ^{2}[[POSTSUPERSCRIPT]] ∑[[SUMOP]] _{i}[[POSTSUBSCRIPT]] c[[UNKNOWN]] _{i}[[POSTSUBSCRIPT]] ∫[[INTOP]] \frac{d^{4}k}{(2\pi)^{4}}[[UNKNOWN]] \frac{d^{4}q}{(2\pi)^{4}}[[UNKNOWN]] \frac{1}{k^{2}\Big{(}1+(-1)^{n}k^{2n}/\Lambda^{2n}\Big{)}}[[UNKNOWN]]
	        > ×[[MULOP]]
Warning:not_parsed:ATOM.ATOM.ATOM>MULOP MathParser failed to match rule 'Anything'
	at 0301167.tex; line 602 col 4 - line 606 col 1
	In "$\displaystyle f_{2PV}=e^{2}\sum\limits_{i}c_{i}\,\int\frac{d^{4}k}{(2\pi)^{4}%
	}\frac{d^{4}q}{(2\pi)^{4}}\,\frac{1}{k^{2}\Big{(}1+(-1)^{n}k^{2n}/\Lambda^{2n}%
	\Big{)}}\times$"
	f[[UNKNOWN]] _{2PV}[[POSTSUBSCRIPT]] =[[RELOP]] e[[UNKNOWN]] ^{2}[[POSTSUPERSCRIPT]] ∑[[SUMOP]] _{i}[[POSTSUBSCRIPT]] c[[UNKNOWN]] _{i}[[POSTSUBSCRIPT]] ∫[[INTOP]] \frac{d^{4}k}{(2\pi)^{4}}[[UNKNOWN]] \frac{d^{4}q}{(2\pi)^{4}}[[UNKNOWN]] \frac{1}{k^{2}\Big{(}1+(-1)^{n}k^{2n}/\Lambda^{2n}\Big{)}}[[UNKNOWN]]
	        > ×[[MULOP]]
Warning:not_parsed:MULOP>OPEN MathParser failed to match rule 'Anything'
	at 0301167.tex; line 606 col 0 - line 606 col 9
	In "$\displaystyle\times\Bigg{[}\frac{(k+p+q)^{2}+q^{2}-k^{2}-p^{2}}{\Big{(}(k+q)^%
	{2}-M_{i}^{2}\Big{)}\Big{(}(k+p+q)^{2}-M_{i}^{2}\Big{)}\Big{(}q^{2}-M_{i}^{2}%
	\Big{)}\Big{(}(q+p)^{2}-M_{i}^{2}\Big{)}}+\@@ENDINLINEMATH"
	×[[MULOP]]
	        > [[[OPEN]] \frac{(k+p+q)^{2}+q^{2}-k^{2}-p^{2}}{\Big{(}(k+q)^{2}-M_{i}^{2}\Big{)}\Big{(}(k+p+q)^{2}-M_{i}^{2}\Big{)}\Big{(}q^{2}-M_{i}^{2}\Big{)}\Big{(}(q+p)^{2}-M_{i}^{2}\Big{)}}[[UNKNOWN]] +[[ADDOP]]
Warning:not_parsed:MULOP>OPEN MathParser failed to match rule 'Anything'
	at 0301167.tex; line 606 col 0 - line 611 col 1
	In "$\displaystyle\times\Bigg{[}\frac{(k+p+q)^{2}+q^{2}-k^{2}-p^{2}}{\Big{(}(k+q)^%
	{2}-M_{i}^{2}\Big{)}\Big{(}(k+p+q)^{2}-M_{i}^{2}\Big{)}\Big{(}q^{2}-M_{i}^{2}%
	\Big{)}\Big{(}(q+p)^{2}-M_{i}^{2}\Big{)}}+$"
	×[[MULOP]]
	        > [[[OPEN]] \frac{(k+p+q)^{2}+q^{2}-k^{2}-p^{2}}{\Big{(}(k+q)^{2}-M_{i}^{2}\Big{)}\Big{(}(k+p+q)^{2}-M_{i}^{2}\Big{)}\Big{(}q^{2}-M_{i}^{2}\Big{)}\Big{(}(q+p)^{2}-M_{i}^{2}\Big{)}}[[UNKNOWN]] +[[ADDOP]]
Warning:not_parsed:ADDOP.ATOM>CLOSE MathParser failed to match rule 'Anything'
	at 0301167.tex; line 611 col 9 - line 611 col 9
	In "$\displaystyle\qquad\qquad\qquad\qquad\qquad\qquad+\frac{4M_{i}^{2}}{\Big{(}(k%
	+q)^{2}-M_{i}^{2}\Big{)}\Big{(}q^{2}-M_{i}^{2}\Big{)}^{2}\Big{(}(q+p)^{2}-M_{i%
	}^{2}\Big{)}}\Bigg{]}\qquad\quad\@@ENDINLINEMATH"
	+[[ADDOP]] \frac{4M_{i}^{2}}{\Big{(}(k+q)^{2}-M_{i}^{2}\Big{)}\Big{(}q^{2}-M_{i}^{2}\Big{)}^{2}\Big{(}(q+p)^{2}-M_{i}^{2}\Big{)}}[[UNKNOWN]]
	        > ][[CLOSE]]
Warning:not_parsed:ADDOP.ATOM>CLOSE MathParser failed to match rule 'Anything'
	at 0301167.tex; line 611 col 9 - line 614 col 14
	In "$\displaystyle\qquad\qquad\qquad\qquad\qquad\qquad+\frac{4M_{i}^{2}}{\Big{(}(k%
	+q)^{2}-M_{i}^{2}\Big{)}\Big{(}q^{2}-M_{i}^{2}\Big{)}^{2}\Big{(}(q+p)^{2}-M_{i%
	}^{2}\Big{)}}\Bigg{]}\qquad\quad$"
	+[[ADDOP]] \frac{4M_{i}^{2}}{\Big{(}(k+q)^{2}-M_{i}^{2}\Big{)}\Big{(}q^{2}-M_{i}^{2}\Big{)}^{2}\Big{(}(q+p)^{2}-M_{i}^{2}\Big{)}}[[UNKNOWN]]
	        > ][[CLOSE]]
Warning:not_parsed:ADDOP.UNKNOWN.CLOSE>MULOP MathParser failed to match rule 'Anything'
	at 0301167.tex; line 739 col 9 - line 739 col 9
	In "$\displaystyle\Delta\Gamma^{(2)}_{V}=\mbox{Re}\int d^{2}\theta\,\frac{d^{4}p}{%
	(2\pi)^{4}}W_{a}(p)C^{ab}W_{b}(-p)\times\@@ENDINLINEMATH"
	Δ[[UNKNOWN]] Γ[[UNKNOWN]] ^{(2)}[[POSTSUPERSCRIPT]] _{V}[[POSTSUBSCRIPT]] =[[RELOP]] \mbox{Re}[[UNKNOWN]] ∫[[INTOP]] d[[UNKNOWN]] ^{2}[[POSTSUPERSCRIPT]] θ[[UNKNOWN]] \frac{d^{4}p}{(2\pi)^{4}}[[UNKNOWN]] W[[UNKNOWN]] _{a}[[POSTSUBSCRIPT]] ([[OPEN]] p[[UNKNOWN]] )[[CLOSE]] C[[UNKNOWN]] ^{ab}[[POSTSUPERSCRIPT]] W[[UNKNOWN]] _{b}[[POSTSUBSCRIPT]] ([[OPEN]] -[[ADDOP]] p[[UNKNOWN]] )[[CLOSE]]
	        > ×[[MULOP]]
Warning:not_parsed:ADDOP.UNKNOWN.CLOSE>MULOP MathParser failed to match rule 'Anything'
	at 0301167.tex; line 739 col 9 - line 742 col 1
	In "$\displaystyle\Delta\Gamma^{(2)}_{V}=\mbox{Re}\int d^{2}\theta\,\frac{d^{4}p}{%
	(2\pi)^{4}}W_{a}(p)C^{ab}W_{b}(-p)\times$"
	Δ[[UNKNOWN]] Γ[[UNKNOWN]] ^{(2)}[[POSTSUPERSCRIPT]] _{V}[[POSTSUBSCRIPT]] =[[RELOP]] \mbox{Re}[[UNKNOWN]] ∫[[INTOP]] d[[UNKNOWN]] ^{2}[[POSTSUPERSCRIPT]] θ[[UNKNOWN]] \frac{d^{4}p}{(2\pi)^{4}}[[UNKNOWN]] W[[UNKNOWN]] _{a}[[POSTSUBSCRIPT]] ([[OPEN]] p[[UNKNOWN]] )[[CLOSE]] C[[UNKNOWN]] ^{ab}[[POSTSUPERSCRIPT]] W[[UNKNOWN]] _{b}[[POSTSUBSCRIPT]] ([[OPEN]] -[[ADDOP]] p[[UNKNOWN]] )[[CLOSE]]
	        > ×[[MULOP]]
Warning:not_parsed:ADDOP.UNKNOWN.CLOSE>MULOP MathParser failed to match rule 'Anything'
	at 0301167.tex; line 756 col 9 - line 756 col 9
	In "$\displaystyle\Delta\Gamma^{(2)}_{V}=\frac{1}{16\pi^{2}}\mbox{Re}\int d^{2}%
	\theta\,\frac{d^{4}p}{(2\pi)^{4}}W_{a}(p)C^{ab}W_{b}(-p)\times\@@ENDINLINEMATH"
	Δ[[UNKNOWN]] Γ[[UNKNOWN]] ^{(2)}[[POSTSUPERSCRIPT]] _{V}[[POSTSUBSCRIPT]] =[[RELOP]] \frac{1}{16\pi^{2}}[[UNKNOWN]] \mbox{Re}[[UNKNOWN]] ∫[[INTOP]] d[[UNKNOWN]] ^{2}[[POSTSUPERSCRIPT]] θ[[UNKNOWN]] \frac{d^{4}p}{(2\pi)^{4}}[[UNKNOWN]] W[[UNKNOWN]] _{a}[[POSTSUBSCRIPT]] ([[OPEN]] p[[UNKNOWN]] )[[CLOSE]] C[[UNKNOWN]] ^{ab}[[POSTSUPERSCRIPT]] W[[UNKNOWN]] _{b}[[POSTSUBSCRIPT]] ([[OPEN]] -[[ADDOP]] p[[UNKNOWN]] )[[CLOSE]]
	        > ×[[MULOP]]
Warning:not_parsed:ADDOP.UNKNOWN.CLOSE>MULOP MathParser failed to match rule 'Anything'
	at 0301167.tex; line 756 col 9 - line 759 col 1
	In "$\displaystyle\Delta\Gamma^{(2)}_{V}=\frac{1}{16\pi^{2}}\mbox{Re}\int d^{2}%
	\theta\,\frac{d^{4}p}{(2\pi)^{4}}W_{a}(p)C^{ab}W_{b}(-p)\times$"
	Δ[[UNKNOWN]] Γ[[UNKNOWN]] ^{(2)}[[POSTSUPERSCRIPT]] _{V}[[POSTSUBSCRIPT]] =[[RELOP]] \frac{1}{16\pi^{2}}[[UNKNOWN]] \mbox{Re}[[UNKNOWN]] ∫[[INTOP]] d[[UNKNOWN]] ^{2}[[POSTSUPERSCRIPT]] θ[[UNKNOWN]] \frac{d^{4}p}{(2\pi)^{4}}[[UNKNOWN]] W[[UNKNOWN]] _{a}[[POSTSUBSCRIPT]] ([[OPEN]] p[[UNKNOWN]] )[[CLOSE]] C[[UNKNOWN]] ^{ab}[[POSTSUPERSCRIPT]] W[[UNKNOWN]] _{b}[[POSTSUBSCRIPT]] ([[OPEN]] -[[ADDOP]] p[[UNKNOWN]] )[[CLOSE]]
	        > ×[[MULOP]]
Warning:not_parsed:ADDOP.UNKNOWN.CLOSE>MULOP MathParser failed to match rule 'Anything'
	at 0301167.tex; line 775 col 9 - line 775 col 9
	In "$\displaystyle\Delta S=\frac{1}{16\pi^{2}}\mbox{Re}\int d^{2}\theta\,\frac{d^{%
	4}p}{(2\pi)^{4}}W_{a}(p)C^{ab}W_{b}(-p)\times\@@ENDINLINEMATH"
	Δ[[UNKNOWN]] S[[UNKNOWN]] =[[RELOP]] \frac{1}{16\pi^{2}}[[UNKNOWN]] \mbox{Re}[[UNKNOWN]] ∫[[INTOP]] d[[UNKNOWN]] ^{2}[[POSTSUPERSCRIPT]] θ[[UNKNOWN]] \frac{d^{4}p}{(2\pi)^{4}}[[UNKNOWN]] W[[UNKNOWN]] _{a}[[POSTSUBSCRIPT]] ([[OPEN]] p[[UNKNOWN]] )[[CLOSE]] C[[UNKNOWN]] ^{ab}[[POSTSUPERSCRIPT]] W[[UNKNOWN]] _{b}[[POSTSUBSCRIPT]] ([[OPEN]] -[[ADDOP]] p[[UNKNOWN]] )[[CLOSE]]
	        > ×[[MULOP]]
Warning:not_parsed:ADDOP.UNKNOWN.CLOSE>MULOP MathParser failed to match rule 'Anything'
	at 0301167.tex; line 775 col 9 - line 778 col 1
	In "$\displaystyle\Delta S=\frac{1}{16\pi^{2}}\mbox{Re}\int d^{2}\theta\,\frac{d^{%
	4}p}{(2\pi)^{4}}W_{a}(p)C^{ab}W_{b}(-p)\times$"
	Δ[[UNKNOWN]] S[[UNKNOWN]] =[[RELOP]] \frac{1}{16\pi^{2}}[[UNKNOWN]] \mbox{Re}[[UNKNOWN]] ∫[[INTOP]] d[[UNKNOWN]] ^{2}[[POSTSUPERSCRIPT]] θ[[UNKNOWN]] \frac{d^{4}p}{(2\pi)^{4}}[[UNKNOWN]] W[[UNKNOWN]] _{a}[[POSTSUBSCRIPT]] ([[OPEN]] p[[UNKNOWN]] )[[CLOSE]] C[[UNKNOWN]] ^{ab}[[POSTSUPERSCRIPT]] W[[UNKNOWN]] _{b}[[POSTSUBSCRIPT]] ([[OPEN]] -[[ADDOP]] p[[UNKNOWN]] )[[CLOSE]]
	        > ×[[MULOP]]
Warning:not_parsed:ADDOP.ATOM.CLOSE>MULOP MathParser failed to match rule 'Anything'
	at 0301167.tex; line 952 col 7 - line 952 col 7
	In "$\displaystyle\exp\Big{(}i\Gamma\Big{)}=\exp\Bigg{\{}-i\ln Z\,\frac{1}{16\pi^{%
	2}}\,\mbox{Re}\int d^{4}x\,d^{2}\theta\,W_{a}C^{ab}W_{b}+\mbox{finite terms}%
	\Bigg{\}}\,\times\@@ENDINLINEMATH"
	exp[[OPFUNCTION]] ([[OPEN]] i[[UNKNOWN]] Γ[[UNKNOWN]] )[[CLOSE]] =[[RELOP]] exp[[OPFUNCTION]] \{[[OPEN]] -[[ADDOP]] i[[UNKNOWN]] ln[[OPFUNCTION]] Z[[UNKNOWN]] \frac{1}{16\pi^{2}}[[UNKNOWN]] \mbox{Re}[[UNKNOWN]] ∫[[INTOP]] d[[UNKNOWN]] ^{4}[[POSTSUPERSCRIPT]] x[[UNKNOWN]] d[[UNKNOWN]] ^{2}[[POSTSUPERSCRIPT]] θ[[UNKNOWN]] W[[UNKNOWN]] _{a}[[POSTSUBSCRIPT]] C[[UNKNOWN]] ^{ab}[[POSTSUPERSCRIPT]] W[[UNKNOWN]] _{b}[[POSTSUBSCRIPT]] +[[ADDOP]] \mbox{finite terms}[[UNKNOWN]] \}[[CLOSE]]
	        > ×[[MULOP]]
Warning:not_parsed:ADDOP.ATOM.CLOSE>MULOP MathParser failed to match rule 'Anything'
	at 0301167.tex; line 952 col 7 - line 956 col 1
	In "$\displaystyle\exp\Big{(}i\Gamma\Big{)}=\exp\Bigg{\{}-i\ln Z\,\frac{1}{16\pi^{%
	2}}\,\mbox{Re}\int d^{4}x\,d^{2}\theta\,W_{a}C^{ab}W_{b}+\mbox{finite terms}%
	\Bigg{\}}\,\times$"
	exp[[OPFUNCTION]] ([[OPEN]] i[[UNKNOWN]] Γ[[UNKNOWN]] )[[CLOSE]] =[[RELOP]] exp[[OPFUNCTION]] \{[[OPEN]] -[[ADDOP]] i[[UNKNOWN]] ln[[OPFUNCTION]] Z[[UNKNOWN]] \frac{1}{16\pi^{2}}[[UNKNOWN]] \mbox{Re}[[UNKNOWN]] ∫[[INTOP]] d[[UNKNOWN]] ^{4}[[POSTSUPERSCRIPT]] x[[UNKNOWN]] d[[UNKNOWN]] ^{2}[[POSTSUPERSCRIPT]] θ[[UNKNOWN]] W[[UNKNOWN]] _{a}[[POSTSUBSCRIPT]] C[[UNKNOWN]] ^{ab}[[POSTSUPERSCRIPT]] W[[UNKNOWN]] _{b}[[POSTSUBSCRIPT]] +[[ADDOP]] \mbox{finite terms}[[UNKNOWN]] \}[[CLOSE]]
	        > ×[[MULOP]]
Warning:not_parsed:MULOP.INTOP>UNKNOWN MathParser failed to match rule 'Anything'
	at 0301167.tex; line 956 col 0 - line 956 col 9
	In "$\displaystyle\times\int DV\,D\phi\,D\tilde{\phi}\,\prod\limits_{i}\Big{(}\det%
	{}^{\prime}PV(V,M_{i})\Big{)}^{c_{i}}\,\exp\Bigg{\{}i\Bigg{[}\frac{1}{4e^{2}}%
	\int d^{4}x\,d^{4}\theta\,V\partial^{2}\Big{(}1+\frac{\partial^{2n}}{\Lambda^{%
	2n}}\Big{)}V-\@@ENDINLINEMATH"
	×[[MULOP]] ∫[[INTOP]]
	        > D[[UNKNOWN]] V[[UNKNOWN]] D[[UNKNOWN]] ϕ[[UNKNOWN]] D[[UNKNOWN]] \tilde{\phi}[[UNKNOWN]] ∏[[SUMOP]] _{i}[[POSTSUBSCRIPT]] ([[OPEN]] det[[LIMITOP]] {}^{\prime}[[FLOATSUPERSCRIPT]] P[[UNKNOWN]] V[[UNKNOWN]] ([[OPEN]] V[[UNKNOWN]] ,[[PUNCT]] M[[UNKNOWN]] _{i}[[POSTSUBSCRIPT]] )[[CLOSE]] )[[CLOSE]] ^{c_{i}}[[POSTSUPERSCRIPT]] exp[[OPFUNCTION]] \{[[OPEN]] i[[UNKNOWN]] [[[OPEN]] \frac{1}{4e^{2}}[[UNKNOWN]] ∫[[INTOP]] d[[UNKNOWN]] ^{4}[[POSTSUPERSCRIPT]] x[[UNKNOWN]] d[[UNKNOWN]] ^{4}[[POSTSUPERSCRIPT]] θ[[UNKNOWN]] V[[UNKNOWN]] ∂[[OPERATOR]] ^{2}[[POSTSUPERSCRIPT]] ([[OPEN]] 1[[NUMBER]] +[[ADDOP]] \frac{\partial^{2n}}{\Lambda^{2n}}[[UNKNOWN]] )[[CLOSE]] V[[UNKNOWN]] -[[ADDOP]]
Warning:not_parsed:MULOP.INTOP>UNKNOWN MathParser failed to match rule 'Anything'
	at 0301167.tex; line 956 col 0 - line 962 col 1
	In "$\displaystyle\times\int DV\,D\phi\,D\tilde{\phi}\,\prod\limits_{i}\Big{(}\det%
	{}^{\prime}PV(V,M_{i})\Big{)}^{c_{i}}\,\exp\Bigg{\{}i\Bigg{[}\frac{1}{4e^{2}}%
	\int d^{4}x\,d^{4}\theta\,V\partial^{2}\Big{(}1+\frac{\partial^{2n}}{\Lambda^{%
	2n}}\Big{)}V-$"
	×[[MULOP]] ∫[[INTOP]]
	        > D[[UNKNOWN]] V[[UNKNOWN]] D[[UNKNOWN]] ϕ[[UNKNOWN]] D[[UNKNOWN]] \tilde{\phi}[[UNKNOWN]] ∏[[SUMOP]] _{i}[[POSTSUBSCRIPT]] ([[OPEN]] det[[LIMITOP]] {}^{\prime}[[FLOATSUPERSCRIPT]] P[[UNKNOWN]] V[[UNKNOWN]] ([[OPEN]] V[[UNKNOWN]] ,[[PUNCT]] M[[UNKNOWN]] _{i}[[POSTSUBSCRIPT]] )[[CLOSE]] )[[CLOSE]] ^{c_{i}}[[POSTSUPERSCRIPT]] exp[[OPFUNCTION]] \{[[OPEN]] i[[UNKNOWN]] [[[OPEN]] \frac{1}{4e^{2}}[[UNKNOWN]] ∫[[INTOP]] d[[UNKNOWN]] ^{4}[[POSTSUPERSCRIPT]] x[[UNKNOWN]] d[[UNKNOWN]] ^{4}[[POSTSUPERSCRIPT]] θ[[UNKNOWN]] V[[UNKNOWN]] ∂[[OPERATOR]] ^{2}[[POSTSUPERSCRIPT]] ([[OPEN]] 1[[NUMBER]] +[[ADDOP]] \frac{\partial^{2n}}{\Lambda^{2n}}[[UNKNOWN]] )[[CLOSE]] V[[UNKNOWN]] -[[ADDOP]]
Warning:not_parsed:ATOM.POSTSUPERSCRIPT.CLOSE>CLOSE MathParser failed to match rule 'Anything'
	at 0301167.tex; line 972 col 1 - line 972 col 1
	In "$\displaystyle+\int d^{4}x\,d^{4}\theta\,JV+\int d^{4}x\,d^{2}\theta\,\Big{(}j%
	\,\phi+\tilde{j}\,\tilde{\phi}\Big{)}+\int d^{4}x\,d^{2}\bar{\theta}\,\Big{(}j%
	^{*}\phi^{*}+\tilde{j}^{*}\tilde{\phi}^{*}\Big{)}\Bigg{]}\Bigg{\}},\@@ENDINLINEMATH"
	+[[ADDOP]] ∫[[INTOP]] d[[UNKNOWN]] ^{4}[[POSTSUPERSCRIPT]] x[[UNKNOWN]] d[[UNKNOWN]] ^{4}[[POSTSUPERSCRIPT]] θ[[UNKNOWN]] J[[UNKNOWN]] V[[UNKNOWN]] +[[ADDOP]] ∫[[INTOP]] d[[UNKNOWN]] ^{4}[[POSTSUPERSCRIPT]] x[[UNKNOWN]] d[[UNKNOWN]] ^{2}[[POSTSUPERSCRIPT]] θ[[UNKNOWN]] ([[OPEN]] j[[UNKNOWN]] ϕ[[UNKNOWN]] +[[ADDOP]] \tilde{j}[[UNKNOWN]] \tilde{\phi}[[UNKNOWN]] )[[CLOSE]] +[[ADDOP]] ∫[[INTOP]] d[[UNKNOWN]] ^{4}[[POSTSUPERSCRIPT]] x[[UNKNOWN]] d[[UNKNOWN]] ^{2}[[POSTSUPERSCRIPT]] \bar{\theta}[[UNKNOWN]] ([[OPEN]] j[[UNKNOWN]] ^{*}[[POSTSUPERSCRIPT]] ϕ[[UNKNOWN]] ^{*}[[POSTSUPERSCRIPT]] +[[ADDOP]] \tilde{j}[[UNKNOWN]] ^{*}[[POSTSUPERSCRIPT]] \tilde{\phi}[[UNKNOWN]] ^{*}[[POSTSUPERSCRIPT]] )[[CLOSE]]
	        > ][[CLOSE]] \}[[CLOSE]]
Warning:not_parsed:ATOM.POSTSUPERSCRIPT.CLOSE>CLOSE MathParser failed to match rule 'Anything'
	at 0301167.tex; line 972 col 1 - line 976 col 14
	In "$\displaystyle+\int d^{4}x\,d^{4}\theta\,JV+\int d^{4}x\,d^{2}\theta\,\Big{(}j%
	\,\phi+\tilde{j}\,\tilde{\phi}\Big{)}+\int d^{4}x\,d^{2}\bar{\theta}\,\Big{(}j%
	^{*}\phi^{*}+\tilde{j}^{*}\tilde{\phi}^{*}\Big{)}\Bigg{]}\Bigg{\}},$"
	+[[ADDOP]] ∫[[INTOP]] d[[UNKNOWN]] ^{4}[[POSTSUPERSCRIPT]] x[[UNKNOWN]] d[[UNKNOWN]] ^{4}[[POSTSUPERSCRIPT]] θ[[UNKNOWN]] J[[UNKNOWN]] V[[UNKNOWN]] +[[ADDOP]] ∫[[INTOP]] d[[UNKNOWN]] ^{4}[[POSTSUPERSCRIPT]] x[[UNKNOWN]] d[[UNKNOWN]] ^{2}[[POSTSUPERSCRIPT]] θ[[UNKNOWN]] ([[OPEN]] j[[UNKNOWN]] ϕ[[UNKNOWN]] +[[ADDOP]] \tilde{j}[[UNKNOWN]] \tilde{\phi}[[UNKNOWN]] )[[CLOSE]] +[[ADDOP]] ∫[[INTOP]] d[[UNKNOWN]] ^{4}[[POSTSUPERSCRIPT]] x[[UNKNOWN]] d[[UNKNOWN]] ^{2}[[POSTSUPERSCRIPT]] \bar{\theta}[[UNKNOWN]] ([[OPEN]] j[[UNKNOWN]] ^{*}[[POSTSUPERSCRIPT]] ϕ[[UNKNOWN]] ^{*}[[POSTSUPERSCRIPT]] +[[ADDOP]] \tilde{j}[[UNKNOWN]] ^{*}[[POSTSUPERSCRIPT]] \tilde{\phi}[[UNKNOWN]] ^{*}[[POSTSUPERSCRIPT]] )[[CLOSE]]
	        > ][[CLOSE]] \}[[CLOSE]]
Warning:not_parsed:UNKNOWN.ATOM.OPFUNCTION>OPEN MathParser failed to match rule 'Anything'
	at 0301167.tex; line 983 col 7 - line 983 col 7
	In "$\displaystyle\Big{(}\det{}^{\prime}PV(V,M)\Big{)}^{-1}\equiv\int D\Phi\,D%
	\tilde{\Phi}\,\exp\Bigg{\{}i\Bigg{[}\frac{1}{4}\int d^{4}x\,d^{4}\theta\,\Big{%
	(}\Phi^{*}e^{2V}\Phi+\qquad\@@ENDINLINEMATH"
	([[OPEN]] det[[LIMITOP]] {}^{\prime}[[FLOATSUPERSCRIPT]] P[[UNKNOWN]] V[[UNKNOWN]] ([[OPEN]] V[[UNKNOWN]] ,[[PUNCT]] M[[UNKNOWN]] )[[CLOSE]] )[[CLOSE]] ^{-1}[[POSTSUPERSCRIPT]] ≡[[RELOP]] ∫[[INTOP]] D[[UNKNOWN]] Φ[[UNKNOWN]] D[[UNKNOWN]] \tilde{\Phi}[[UNKNOWN]] exp[[OPFUNCTION]]
	        > \{[[OPEN]] i[[UNKNOWN]] [[[OPEN]] \frac{1}{4}[[UNKNOWN]] ∫[[INTOP]] d[[UNKNOWN]] ^{4}[[POSTSUPERSCRIPT]] x[[UNKNOWN]] d[[UNKNOWN]] ^{4}[[POSTSUPERSCRIPT]] θ[[UNKNOWN]] ([[OPEN]] Φ[[UNKNOWN]] ^{*}[[POSTSUPERSCRIPT]] e[[UNKNOWN]] ^{2V}[[POSTSUPERSCRIPT]] Φ[[UNKNOWN]] +[[ADDOP]]
Warning:not_parsed:UNKNOWN.ATOM.OPFUNCTION>OPEN MathParser failed to match rule 'Anything'
	at 0301167.tex; line 983 col 7 - line 987 col 1
	In "$\displaystyle\Big{(}\det{}^{\prime}PV(V,M)\Big{)}^{-1}\equiv\int D\Phi\,D%
	\tilde{\Phi}\,\exp\Bigg{\{}i\Bigg{[}\frac{1}{4}\int d^{4}x\,d^{4}\theta\,\Big{%
	(}\Phi^{*}e^{2V}\Phi+\qquad$"
	([[OPEN]] det[[LIMITOP]] {}^{\prime}[[FLOATSUPERSCRIPT]] P[[UNKNOWN]] V[[UNKNOWN]] ([[OPEN]] V[[UNKNOWN]] ,[[PUNCT]] M[[UNKNOWN]] )[[CLOSE]] )[[CLOSE]] ^{-1}[[POSTSUPERSCRIPT]] ≡[[RELOP]] ∫[[INTOP]] D[[UNKNOWN]] Φ[[UNKNOWN]] D[[UNKNOWN]] \tilde{\Phi}[[UNKNOWN]] exp[[OPFUNCTION]]
	        > \{[[OPEN]] i[[UNKNOWN]] [[[OPEN]] \frac{1}{4}[[UNKNOWN]] ∫[[INTOP]] d[[UNKNOWN]] ^{4}[[POSTSUPERSCRIPT]] x[[UNKNOWN]] d[[UNKNOWN]] ^{4}[[POSTSUPERSCRIPT]] θ[[UNKNOWN]] ([[OPEN]] Φ[[UNKNOWN]] ^{*}[[POSTSUPERSCRIPT]] e[[UNKNOWN]] ^{2V}[[POSTSUPERSCRIPT]] Φ[[UNKNOWN]] +[[ADDOP]]
Warning:not_parsed:UNKNOWN.POSTSUPERSCRIPT.ATOM>CLOSE MathParser failed to match rule 'Anything'
	at 0301167.tex; line 987 col 4 - line 987 col 4
	In "$\displaystyle+\tilde{\Phi}^{*}e^{-2V}\tilde{\Phi}\Big{)}+\frac{1}{2}\int d^{4%
	}x\,d^{2}\theta\,M\tilde{\Phi}\Phi+\frac{1}{2}\int d^{4}x\,d^{2}\bar{\theta}\,%
	M\tilde{\Phi}^{*}\Phi^{*}\Bigg{]}\Bigg{\}}.\@@ENDINLINEMATH"
	+[[ADDOP]] \tilde{\Phi}[[UNKNOWN]] ^{*}[[POSTSUPERSCRIPT]] e[[UNKNOWN]] ^{-2V}[[POSTSUPERSCRIPT]] \tilde{\Phi}[[UNKNOWN]]
	        > )[[CLOSE]] +[[ADDOP]] \frac{1}{2}[[UNKNOWN]] ∫[[INTOP]] d[[UNKNOWN]] ^{4}[[POSTSUPERSCRIPT]] x[[UNKNOWN]] d[[UNKNOWN]] ^{2}[[POSTSUPERSCRIPT]] θ[[UNKNOWN]] M[[UNKNOWN]] \tilde{\Phi}[[UNKNOWN]] Φ[[UNKNOWN]] +[[ADDOP]] \frac{1}{2}[[UNKNOWN]] ∫[[INTOP]] d[[UNKNOWN]] ^{4}[[POSTSUPERSCRIPT]] x[[UNKNOWN]] d[[UNKNOWN]] ^{2}[[POSTSUPERSCRIPT]] \bar{\theta}[[UNKNOWN]] M[[UNKNOWN]] \tilde{\Phi}[[UNKNOWN]] ^{*}[[POSTSUPERSCRIPT]] Φ[[UNKNOWN]] ^{*}[[POSTSUPERSCRIPT]] ][[CLOSE]] \}[[CLOSE]]
Warning:not_parsed:UNKNOWN.POSTSUPERSCRIPT.ATOM>CLOSE MathParser failed to match rule 'Anything'
	at 0301167.tex; line 987 col 4 - line 991 col 14
	In "$\displaystyle+\tilde{\Phi}^{*}e^{-2V}\tilde{\Phi}\Big{)}+\frac{1}{2}\int d^{4%
	}x\,d^{2}\theta\,M\tilde{\Phi}\Phi+\frac{1}{2}\int d^{4}x\,d^{2}\bar{\theta}\,%
	M\tilde{\Phi}^{*}\Phi^{*}\Bigg{]}\Bigg{\}}.$"
	+[[ADDOP]] \tilde{\Phi}[[UNKNOWN]] ^{*}[[POSTSUPERSCRIPT]] e[[UNKNOWN]] ^{-2V}[[POSTSUPERSCRIPT]] \tilde{\Phi}[[UNKNOWN]]
	        > )[[CLOSE]] +[[ADDOP]] \frac{1}{2}[[UNKNOWN]] ∫[[INTOP]] d[[UNKNOWN]] ^{4}[[POSTSUPERSCRIPT]] x[[UNKNOWN]] d[[UNKNOWN]] ^{2}[[POSTSUPERSCRIPT]] θ[[UNKNOWN]] M[[UNKNOWN]] \tilde{\Phi}[[UNKNOWN]] Φ[[UNKNOWN]] +[[ADDOP]] \frac{1}{2}[[UNKNOWN]] ∫[[INTOP]] d[[UNKNOWN]] ^{4}[[POSTSUPERSCRIPT]] x[[UNKNOWN]] d[[UNKNOWN]] ^{2}[[POSTSUPERSCRIPT]] \bar{\theta}[[UNKNOWN]] M[[UNKNOWN]] \tilde{\Phi}[[UNKNOWN]] ^{*}[[POSTSUPERSCRIPT]] Φ[[UNKNOWN]] ^{*}[[POSTSUPERSCRIPT]] ][[CLOSE]] \}[[CLOSE]]
Warning:not_parsed:LIMITOP>FLOATSUPERSCRIPT MathParser failed to match rule 'Anything'
	at 0301167.tex; line 995 col 44 - line 995 col 48
	In "$\det{}^{\prime}$"
	det[[LIMITOP]]
	        > {}^{\prime}[[FLOATSUPERSCRIPT]]
Warning:not_parsed:ATOM>RELOP MathParser failed to match rule 'Anything'
	at 0301167.tex; line 1196 col 16 - line 1203 col 14
	In "\begin{equation}\qquad\qquad\qquad\quad\smash{\epsfbox[240392440892]{effline.%
	eps}}=\hskip 54.060236pt+\hskip 79.667717pt+\hskip 105.275197pt+\ \ \ldots,\end{equation}"
	\epsfbox[240392440892]{effline.eps}[[UNKNOWN]]
	        > =[[RELOP]] \begin{equation}\qquad\qquad\qquad\quad\smash{\epsfbox[240392440892]{effline.eps}}=\hskip54.060236pt+\hskip79.667717pt+\hskip105.275197pt+\ \ \ldots,\end{equation}[[PUNCT]] +[[ADDOP]] \begin{equation}\qquad\qquad\qquad\quad\smash{\epsfbox[240392440892]{effline.eps}}=\hskip54.060236pt+\hskip79.667717pt+\hskip105.275197pt+\ \ \ldots,\end{equation}[[PUNCT]] +[[ADDOP]] \begin{equation}\qquad\qquad\qquad\quad\smash{\epsfbox[240392440892]{effline.eps}}=\hskip54.060236pt+\hskip79.667717pt+\hskip105.275197pt+\ \ \ldots,\end{equation}[[PUNCT]] +[[ADDOP]] \begin{equation}\qquad\qquad\qquad\quad\smash{\epsfbox[240392440892]{effline.eps}}=\hskip54.060236pt+\hskip79.667717pt+\hskip105.275197pt+\ \ \ldots,\end{equation}[[PUNCT]] \ldots[[ID]]
Warning:not_parsed:ATOM>RELOP MathParser failed to match rule 'Anything'
	at 0301167.tex; line 1260 col 0 - line 1265 col 14
	In "\begin{equation}\qquad\smash{\epsfbox[140390440890]{effver1.eps}}=\hskip 92.47%
	1457pt+\qquad\qquad\qquad\quad\end{equation}"
	\epsfbox[140390440890]{effver1.eps}[[UNKNOWN]]
	        > =[[RELOP]] \begin{equation}\qquad\smash{\epsfbox[140390440890]{effver1.eps}}=\hskip92.471457pt+\qquad\qquad\qquad\quad\end{equation}[[PUNCT]] +[[ADDOP]]
Warning:not_parsed:ATOM>RELOP MathParser failed to match rule 'Anything'
	at 0301167.tex; line 1274 col 0 - line 1279 col 14
	In "\begin{equation}\qquad\smash{\epsfbox[140390440890]{effver2.eps}}=\hskip 92.47%
	1457pt+\qquad\qquad\qquad\quad\end{equation}"
	\epsfbox[140390440890]{effver2.eps}[[UNKNOWN]]
	        > =[[RELOP]] \begin{equation}\qquad\smash{\epsfbox[140390440890]{effver2.eps}}=\hskip92.471457pt+\qquad\qquad\qquad\quad\end{equation}[[PUNCT]] +[[ADDOP]]
Warning:not_parsed:PUNCT.UNKNOWN.CLOSE>MULOP MathParser failed to match rule 'Anything'
	at 0301167.tex; line 1331 col 4 - line 1331 col 4
	In "$\displaystyle-\frac{i}{2}\mbox{Re}\int d^{2}\theta\frac{d^{4}p}{(2\pi)^{2}}\,%
	W_{a}(p,\theta)C^{ab}W_{b}(-p,\theta)\,\times\@@ENDINLINEMATH"
	-[[ADDOP]] \frac{i}{2}[[UNKNOWN]] \mbox{Re}[[UNKNOWN]] ∫[[INTOP]] d[[UNKNOWN]] ^{2}[[POSTSUPERSCRIPT]] θ[[UNKNOWN]] \frac{d^{4}p}{(2\pi)^{2}}[[UNKNOWN]] W[[UNKNOWN]] _{a}[[POSTSUBSCRIPT]] ([[OPEN]] p[[UNKNOWN]] ,[[PUNCT]] θ[[UNKNOWN]] )[[CLOSE]] C[[UNKNOWN]] ^{ab}[[POSTSUPERSCRIPT]] W[[UNKNOWN]] _{b}[[POSTSUBSCRIPT]] ([[OPEN]] -[[ADDOP]] p[[UNKNOWN]] ,[[PUNCT]] θ[[UNKNOWN]] )[[CLOSE]]
	        > ×[[MULOP]]
Warning:not_parsed:PUNCT.UNKNOWN.CLOSE>MULOP MathParser failed to match rule 'Anything'
	at 0301167.tex; line 1331 col 4 - line 1334 col 1
	In "$\displaystyle-\frac{i}{2}\mbox{Re}\int d^{2}\theta\frac{d^{4}p}{(2\pi)^{2}}\,%
	W_{a}(p,\theta)C^{ab}W_{b}(-p,\theta)\,\times$"
	-[[ADDOP]] \frac{i}{2}[[UNKNOWN]] \mbox{Re}[[UNKNOWN]] ∫[[INTOP]] d[[UNKNOWN]] ^{2}[[POSTSUPERSCRIPT]] θ[[UNKNOWN]] \frac{d^{4}p}{(2\pi)^{2}}[[UNKNOWN]] W[[UNKNOWN]] _{a}[[POSTSUBSCRIPT]] ([[OPEN]] p[[UNKNOWN]] ,[[PUNCT]] θ[[UNKNOWN]] )[[CLOSE]] C[[UNKNOWN]] ^{ab}[[POSTSUPERSCRIPT]] W[[UNKNOWN]] _{b}[[POSTSUBSCRIPT]] ([[OPEN]] -[[ADDOP]] p[[UNKNOWN]] ,[[PUNCT]] θ[[UNKNOWN]] )[[CLOSE]]
	        > ×[[MULOP]]
Warning:not_parsed:MULOP.INTOP>ATOM MathParser failed to match rule 'Anything'
	at 0301167.tex; line 1334 col 9 - line 1334 col 9
	In "$\displaystyle\qquad\quad\times\int\frac{d^{4}k}{(2\pi)^{2}}\Bigg{(}\frac{1}{k%
	^{2}(k+p)^{2}}-\sum\limits_{i}c_{i}\frac{1}{\Big{(}k^{2}-M_{i}^{2}/Z^{2}\Big{)%
	}\Big{(}(k+p)^{2}-M_{i}^{2}/Z^{2}\Big{)}}\Bigg{)}.\qquad\@@ENDINLINEMATH"
	×[[MULOP]] ∫[[INTOP]]
	        > \frac{d^{4}k}{(2\pi)^{2}}[[UNKNOWN]] ([[OPEN]] \frac{1}{k^{2}(k+p)^{2}}[[UNKNOWN]] -[[ADDOP]] ∑[[SUMOP]] _{i}[[POSTSUBSCRIPT]] c[[UNKNOWN]] _{i}[[POSTSUBSCRIPT]] \frac{1}{\Big{(}k^{2}-M_{i}^{2}/Z^{2}\Big{)}\Big{(}(k+p)^{2}-M_{i}^{2}/Z^{2}\Big{)}}[[UNKNOWN]] )[[CLOSE]]
Warning:not_parsed:MULOP.INTOP>ATOM MathParser failed to match rule 'Anything'
	at 0301167.tex; line 1334 col 9 - line 1340 col 14
	In "$\displaystyle\qquad\quad\times\int\frac{d^{4}k}{(2\pi)^{2}}\Bigg{(}\frac{1}{k%
	^{2}(k+p)^{2}}-\sum\limits_{i}c_{i}\frac{1}{\Big{(}k^{2}-M_{i}^{2}/Z^{2}\Big{)%
	}\Big{(}(k+p)^{2}-M_{i}^{2}/Z^{2}\Big{)}}\Bigg{)}.\qquad$"
	×[[MULOP]] ∫[[INTOP]]
	        > \frac{d^{4}k}{(2\pi)^{2}}[[UNKNOWN]] ([[OPEN]] \frac{1}{k^{2}(k+p)^{2}}[[UNKNOWN]] -[[ADDOP]] ∑[[SUMOP]] _{i}[[POSTSUBSCRIPT]] c[[UNKNOWN]] _{i}[[POSTSUBSCRIPT]] \frac{1}{\Big{(}k^{2}-M_{i}^{2}/Z^{2}\Big{)}\Big{(}(k+p)^{2}-M_{i}^{2}/Z^{2}\Big{)}}[[UNKNOWN]] )[[CLOSE]]
Warning:not_parsed:PUNCT.UNKNOWN.CLOSE>MULOP MathParser failed to match rule 'Anything'
	at 0301167.tex; line 1348 col 4 - line 1348 col 4
	In "$\displaystyle-\frac{i}{2}\mbox{Re}\int d^{2}\theta\frac{d^{4}p}{(2\pi)^{2}}\,%
	W_{a}(p,\theta)C^{ab}W_{b}(-p,\theta)\,\times\vphantom{\Bigg{(}}\@@ENDINLINEMATH"
	-[[ADDOP]] \frac{i}{2}[[UNKNOWN]] \mbox{Re}[[UNKNOWN]] ∫[[INTOP]] d[[UNKNOWN]] ^{2}[[POSTSUPERSCRIPT]] θ[[UNKNOWN]] \frac{d^{4}p}{(2\pi)^{2}}[[UNKNOWN]] W[[UNKNOWN]] _{a}[[POSTSUBSCRIPT]] ([[OPEN]] p[[UNKNOWN]] ,[[PUNCT]] θ[[UNKNOWN]] )[[CLOSE]] C[[UNKNOWN]] ^{ab}[[POSTSUPERSCRIPT]] W[[UNKNOWN]] _{b}[[POSTSUBSCRIPT]] ([[OPEN]] -[[ADDOP]] p[[UNKNOWN]] ,[[PUNCT]] θ[[UNKNOWN]] )[[CLOSE]]
	        > ×[[MULOP]]
Warning:not_parsed:PUNCT.UNKNOWN.CLOSE>MULOP MathParser failed to match rule 'Anything'
	at 0301167.tex; line 1348 col 4 - line 1351 col 1
	In "$\displaystyle-\frac{i}{2}\mbox{Re}\int d^{2}\theta\frac{d^{4}p}{(2\pi)^{2}}\,%
	W_{a}(p,\theta)C^{ab}W_{b}(-p,\theta)\,\times\vphantom{\Bigg{(}}$"
	-[[ADDOP]] \frac{i}{2}[[UNKNOWN]] \mbox{Re}[[UNKNOWN]] ∫[[INTOP]] d[[UNKNOWN]] ^{2}[[POSTSUPERSCRIPT]] θ[[UNKNOWN]] \frac{d^{4}p}{(2\pi)^{2}}[[UNKNOWN]] W[[UNKNOWN]] _{a}[[POSTSUBSCRIPT]] ([[OPEN]] p[[UNKNOWN]] ,[[PUNCT]] θ[[UNKNOWN]] )[[CLOSE]] C[[UNKNOWN]] ^{ab}[[POSTSUPERSCRIPT]] W[[UNKNOWN]] _{b}[[POSTSUBSCRIPT]] ([[OPEN]] -[[ADDOP]] p[[UNKNOWN]] ,[[PUNCT]] θ[[UNKNOWN]] )[[CLOSE]]
	        > ×[[MULOP]]
Warning:not_parsed:MULOP.SUMOP.POSTSUBSCRIPT>UNKNOWN MathParser failed to match rule 'Anything'
	at 0301167.tex; line 1351 col 9 - line 1351 col 9
	In "$\displaystyle\qquad\qquad\quad\times\sum\limits_{i}c_{i}\int\frac{d^{4}k}{(2%
	\pi)^{2}}\Bigg{(}\smash{\frac{1}{\Big{(}k^{2}-M_{i}^{2}\Big{)}\Big{(}(k+p)^{2}%
	-M_{i}^{2}\Big{)}}}-\@@ENDINLINEMATH"
	×[[MULOP]] ∑[[SUMOP]] _{i}[[POSTSUBSCRIPT]]
	        > c[[UNKNOWN]] _{i}[[POSTSUBSCRIPT]] ∫[[INTOP]] \frac{d^{4}k}{(2\pi)^{2}}[[UNKNOWN]] ([[OPEN]] \frac{1}{\Big{(}k^{2}-M_{i}^{2}\Big{)}\Big{(}(k+p)^{2}-M_{i}^{2}\Big{)}}[[UNKNOWN]] -[[ADDOP]]
Warning:not_parsed:MULOP.SUMOP.POSTSUBSCRIPT>UNKNOWN MathParser failed to match rule 'Anything'
	at 0301167.tex; line 1351 col 9 - line 1357 col 1
	In "$\displaystyle\qquad\qquad\quad\times\sum\limits_{i}c_{i}\int\frac{d^{4}k}{(2%
	\pi)^{2}}\Bigg{(}\smash{\frac{1}{\Big{(}k^{2}-M_{i}^{2}\Big{)}\Big{(}(k+p)^{2}%
	-M_{i}^{2}\Big{)}}}-$"
	×[[MULOP]] ∑[[SUMOP]] _{i}[[POSTSUBSCRIPT]]
	        > c[[UNKNOWN]] _{i}[[POSTSUBSCRIPT]] ∫[[INTOP]] \frac{d^{4}k}{(2\pi)^{2}}[[UNKNOWN]] ([[OPEN]] \frac{1}{\Big{(}k^{2}-M_{i}^{2}\Big{)}\Big{(}(k+p)^{2}-M_{i}^{2}\Big{)}}[[UNKNOWN]] -[[ADDOP]]
Warning:not_parsed:ADDOP.ATOM>CLOSE MathParser failed to match rule 'Anything'
	at 0301167.tex; line 1357 col 9 - line 1357 col 9
	In "$\displaystyle\qquad\qquad\qquad\qquad\qquad\qquad\qquad\quad-\frac{1}{\Big{(}%
	k^{2}-M_{i}^{2}/Z^{2}\Big{)}\Big{(}(k+p)^{2}-M_{i}^{2}/Z^{2}\Big{)}}\Bigg{)}.\qquad\@@ENDINLINEMATH"
	-[[ADDOP]] \frac{1}{\Big{(}k^{2}-M_{i}^{2}/Z^{2}\Big{)}\Big{(}(k+p)^{2}-M_{i}^{2}/Z^{2}\Big{)}}[[UNKNOWN]]
	        > )[[CLOSE]]
Warning:not_parsed:ADDOP.ATOM>CLOSE MathParser failed to match rule 'Anything'
	at 0301167.tex; line 1357 col 9 - line 1360 col 14
	In "$\displaystyle\qquad\qquad\qquad\qquad\qquad\qquad\qquad\quad-\frac{1}{\Big{(}%
	k^{2}-M_{i}^{2}/Z^{2}\Big{)}\Big{(}(k+p)^{2}-M_{i}^{2}/Z^{2}\Big{)}}\Bigg{)}.\qquad$"
	-[[ADDOP]] \frac{1}{\Big{(}k^{2}-M_{i}^{2}/Z^{2}\Big{)}\Big{(}(k+p)^{2}-M_{i}^{2}/Z^{2}\Big{)}}[[UNKNOWN]]
	        > )[[CLOSE]]
Warning:not_parsed:RELOP.ADDOP.ATOM>OPEN MathParser failed to match rule 'Anything'
	at 0301167.tex; line 1372 col 4 - line 1372 col 4
	In "$\displaystyle=-\frac{1}{16\pi^{2}}\Bigg{(}\ln\frac{M}{pZ}+\sqrt{1+\frac{4M^{2%
	}}{p^{2}Z^{2}}}\,\mbox{arctanh}\sqrt{\frac{p^{2}}{4M^{2}/Z^{2}+p^{2}}}-\@@ENDINLINEMATH"
	=[[RELOP]] -[[ADDOP]] \frac{1}{16\pi^{2}}[[UNKNOWN]]
	        > ([[OPEN]] ln[[OPFUNCTION]] \frac{M}{pZ}[[UNKNOWN]] +[[ADDOP]] \sqrt{1+\frac{4M^{2}}{p^{2}Z^{2}}}[[UNKNOWN]] \mbox{arctanh}[[UNKNOWN]] \sqrt{\frac{p^{2}}{4M^{2}/Z^{2}+p^{2}}}[[UNKNOWN]] -[[ADDOP]]
Warning:not_parsed:RELOP.ADDOP.ATOM>OPEN MathParser failed to match rule 'Anything'
	at 0301167.tex; line 1372 col 4 - line 1377 col 1
	In "$\displaystyle=-\frac{1}{16\pi^{2}}\Bigg{(}\ln\frac{M}{pZ}+\sqrt{1+\frac{4M^{2%
	}}{p^{2}Z^{2}}}\,\mbox{arctanh}\sqrt{\frac{p^{2}}{4M^{2}/Z^{2}+p^{2}}}-$"
	=[[RELOP]] -[[ADDOP]] \frac{1}{16\pi^{2}}[[UNKNOWN]]
	        > ([[OPEN]] ln[[OPFUNCTION]] \frac{M}{pZ}[[UNKNOWN]] +[[ADDOP]] \sqrt{1+\frac{4M^{2}}{p^{2}Z^{2}}}[[UNKNOWN]] \mbox{arctanh}[[UNKNOWN]] \sqrt{\frac{p^{2}}{4M^{2}/Z^{2}+p^{2}}}[[UNKNOWN]] -[[ADDOP]]
Warning:not_parsed:ATOM.ATOM.ATOM>CLOSE MathParser failed to match rule 'Anything'
	at 0301167.tex; line 1377 col 9 - line 1377 col 9
	In "$\displaystyle\qquad\qquad\qquad\qquad\qquad\qquad\quad-\ln\frac{M}{p}-\sqrt{1%
	+\frac{4M^{2}}{p^{2}}}\,\mbox{arctanh}\sqrt{\frac{p^{2}}{4M^{2}+p^{2}}}\Bigg{)%
	}=\qquad\@@ENDINLINEMATH"
	-[[ADDOP]] ln[[OPFUNCTION]] \frac{M}{p}[[UNKNOWN]] -[[ADDOP]] \sqrt{1+\frac{4M^{2}}{p^{2}}}[[UNKNOWN]] \mbox{arctanh}[[UNKNOWN]] \sqrt{\frac{p^{2}}{4M^{2}+p^{2}}}[[UNKNOWN]]
	        > )[[CLOSE]] =[[RELOP]]
Warning:not_parsed:ATOM.ATOM.ATOM>CLOSE MathParser failed to match rule 'Anything'
	at 0301167.tex; line 1377 col 9 - line 1382 col 1
	In "$\displaystyle\qquad\qquad\qquad\qquad\qquad\qquad\quad-\ln\frac{M}{p}-\sqrt{1%
	+\frac{4M^{2}}{p^{2}}}\,\mbox{arctanh}\sqrt{\frac{p^{2}}{4M^{2}+p^{2}}}\Bigg{)%
	}=\qquad$"
	-[[ADDOP]] ln[[OPFUNCTION]] \frac{M}{p}[[UNKNOWN]] -[[ADDOP]] \sqrt{1+\frac{4M^{2}}{p^{2}}}[[UNKNOWN]] \mbox{arctanh}[[UNKNOWN]] \sqrt{\frac{p^{2}}{4M^{2}+p^{2}}}[[UNKNOWN]]
	        > )[[CLOSE]] =[[RELOP]]
 34.47 sec)
Math parsing succeeded:
   ltx:XMath: 290/338
   ltx:XMArg: 1995/1995
Symbols assumed as simple identifiers (with # of occurences):
   '@' (1), 'A{italic}' (13), 'B{italic}' (10), 'C{italic}' (51), 'Delta' (20), 'D{italic}' (66), 'E{italic}' (3), 'F{italic}' (1), 'Gamma' (25), 'H{italic}' (3), 'I{italic}' (12), 'J{italic}' (16), 'K{italic}' (2), 'Lambda' (47), 'L{italic}' (1), 'M{italic}' (86), 'N{italic}' (15), 'O{italic}' (14), 'Phi' (40), 'Pi' (4), 'Psi' (3), 'P{italic}' (19), 'R{italic}' (1), 'S{italic}' (28), 'V{italic}' (142), 'W{italic}' (102), 'Z{italic}' (82), 'alpha' (21), 'a{italic}' (39), 'beta' (7), 'b{italic}' (35), 'chi' (2), 'c{italic}' (23), 'delta' (10), 'd{italic}' (289), 'epsilon' (1), 'e{italic}' (118), 'f{italic}' (21), 'gamma' (51), 'g{italic}' (4), 'h{italic}' (2), 'i{italic}' (37), 'j{italic}' (19), 'k{italic}' (102), 'mu' (48), 'm{italic}' (15), 'nu' (4), 'n{italic}' (114), 'omega' (1), 'o{italic}' (3), 'phi' (93), 'pi' (76), 'psi' (3), 'p{italic}' (146), 'q{italic}' (49), 'rho' (2), 'r{italic}' (11), 's{italic}' (4), 'tau' (2), 'theta' (160), 't{italic}' (2), 'u{italic}' (3), 'varphi' (2), 'xi' (4), 'x{italic}' (128), 'y{italic}' (18)
Set MATHPARSER_SPECULATE to speculate on possible notations.
(Finalizing... 1.19 sec)
Conversion complete 48 warnings (See /home/user/latex-in-arxiv/0301167.latexml.log) (reqd. 55.65s)
