latexml (LaTeXML version 0.8.6) processing 2003/0301126.tex
(Digesting TeX 0301126...
(Loading /usr/share/perl5/LaTeXML/Package/TeX.pool.ltxml...
(Loading /usr/share/perl5/LaTeXML/Package/eTeX.pool.ltxml... 0.01 sec)
(Loading /usr/share/perl5/LaTeXML/Package/pdfTeX.pool.ltxml... 0.01 sec) 0.18 sec)
(Processing content /home/user/latex-in-arxiv/2003/0301126.tex...
(Loading /usr/share/perl5/LaTeXML/Package/LaTeX.pool.ltxml...
(Loading /usr/share/perl5/LaTeXML/Package/textcomp.sty.ltxml...
(Processing definitions /usr/share/texlive/texmf-dist/tex/latex-dev/base/ts1enc.dfu... 0.03 sec) 1.47 sec) 1.73 sec)
(Loading /usr/share/perl5/LaTeXML/Package/article.cls.ltxml... 0.02 sec)
Warning:missing_file:fortschritte Can't find binding for package fortschritte
	at 0301126.tex; line 22 col 11 - line 22 col 11
	Anticipate undefined macros or environments
	search paths are /home/user/latex-in-arxiv/2003, /home/user/latex-in-arxiv
	In Core::Definition::Constructor[\usepac... /usr/share/perl5/LaTeXML/Package/LaTeX.pool.ltxml; line 806
(Loading /usr/share/perl5/LaTeXML/Package/amsfonts.sty.ltxml... 0.00 sec)
Error:undefined:\makefront The token T_CS[\makefront] is not defined.
	at 0301126.tex; line 135 col 0 - line 135 col 10
	Defining it now as <ltx:ERROR/>
	Next token is T_CS[\section] ( == Core::Definition::Expandable[\section])
	In Core::Gullet[@0x5653ba644368] /home/user/latex-in-arxiv/2003/0301126.tex; from line 142 col 8 to line 142 col 8
	 <= Core::Stomach[@0x5653ba643978] <= ...
 4.31 sec) 4.52 sec)
(Building...
(Loading compiled schema /usr/share/perl5/LaTeXML/resources/RelaxNG/LaTeXML.model... 0.01 sec) 2.96 sec)
(Rewriting... 0.07 sec)
(Math Parsing 201 formulae ...... 4.09 sec)
Math parsing succeeded:
   ltx:XMath: 201/201
   ltx:XMArg: 333/333
Symbols assumed as simple identifiers (with # of occurences):
   'A{italic}' (18), 'C{italic}' (41), 'E{italic}' (2), 'F{bold}' (1), 'F{caligraphic}' (20), 'F{italic}' (12), 'I{bold}' (1), 'I{italic}' (16), 'J{italic}' (16), 'K{italic}' (8), 'L{caligraphic}' (9), 'L{italic}' (6), 'N{caligraphic}' (3), 'N{italic}' (3), 'P{italic}' (3), 'R{blackboard}' (1), 'R{italic}' (3), 'S{italic}' (41), 'T{italic}' (67), 'U{italic}' (61), 'V{caligraphic}' (27), 'W{italic}' (3), 'Y{italic}' (2), 'Z{blackboard}' (3), 'Z{italic}' (18), 'alpha' (1), 'a{italic}' (9), 'c{italic}' (2), 'delta' (9), 'e{italic}' (7), 'g{italic}' (9), 'h{italic}' (18), 'i{italic}' (5), 'k{italic}' (4), 'lambda' (2), 'l{italic}' (6), 'mu' (8), 'm{italic}' (1), 'nu' (8), 'o{italic}' (2), 'phi' (9), 'pi' (5), 'rho' (4), 'sigma' (4), 'varepsilon' (2), 'x{italic}' (6), 'y{italic}' (5)
Set MATHPARSER_SPECULATE to speculate on possible notations.
(Finalizing... 0.61 sec)
Conversion complete 1 warning; 1 error; 1 undefined macro[\makefront]; 1 missing file[fortschritte.sty] (See /home/user/latex-in-arxiv/0301126.latexml.log) (reqd. 12.74s)
