latexml (LaTeXML version 0.8.6) processing 2003/0301062.tex
(Digesting TeX 0301062...
(Loading /usr/share/perl5/LaTeXML/Package/TeX.pool.ltxml...
(Loading /usr/share/perl5/LaTeXML/Package/eTeX.pool.ltxml... 0.00 sec)
(Loading /usr/share/perl5/LaTeXML/Package/pdfTeX.pool.ltxml... 0.01 sec) 0.11 sec)
(Processing content /home/user/latex-in-arxiv/2003/0301062.tex...
(Loading /usr/share/perl5/LaTeXML/Package/LaTeX.pool.ltxml...
(Loading /usr/share/perl5/LaTeXML/Package/textcomp.sty.ltxml...
(Processing definitions /usr/share/texlive/texmf-dist/tex/latex-dev/base/ts1enc.dfu... 0.02 sec) 0.88 sec) 1.03 sec)
(Loading /usr/share/perl5/LaTeXML/Package/article.cls.ltxml... 0.01 sec) 7.41 sec) 7.56 sec)
(Building...
(Loading compiled schema /usr/share/perl5/LaTeXML/resources/RelaxNG/LaTeXML.model... 0.01 sec)
Info:malformed:id Duplicated attribute xml:id
	at 0301062.tex; line 98 col 1 - line 98 col 1
	Using id='S1.E5a' on <ltx:XMRow _box="Alignment[]" _font="Font[math,medium,italic,10,bla..."/>
	id='S1.E5' already set on <ltx:equation _box="LaTeXML::Core::Alignment=HASH(..." _font="Font[serif,medium,upright,10,b..." xml:id="S1.E5" _ID_counter_m_="1">...
Info:malformed:id Duplicated attribute xml:id
	at 0301062.tex; line 117 col 2 - line 117 col 2
	Using id='S1.E11a' on <ltx:XMRow _box="Alignment[]" _font="Font[math,medium,italic,10,bla..."/>
	id='S1.E11' already set on <ltx:equation _box="LaTeXML::Core::Alignment=HASH(..." _font="Font[serif,medium,upright,10,b..." xml:id="S1.E11" _ID_counter_m_="1">...
Info:malformed:id Duplicated attribute xml:id
	at 0301062.tex; line 225 col 1 - line 225 col 1
	Using id='S1.E21a' on <ltx:XMRow _box="Alignment[]" _font="Font[math,medium,italic,10,bla..."/>
	id='S1.E21' already set on <ltx:equation _box="LaTeXML::Core::Alignment=HASH(..." _font="Font[serif,medium,italic,10,bl..." xml:id="S1.E21" _ID_counter_m_="1">...
Info:malformed:id Duplicated attribute xml:id
	at 0301062.tex; line 234 col 2 - line 234 col 2
	Using id='S1.E24a' on <ltx:XMRow _box="Alignment[]" _font="Font[math,medium,italic,10,bla..."/>
	id='S1.E24' already set on <ltx:equation _box="LaTeXML::Core::Alignment=HASH(..." _font="Font[serif,medium,italic,10,bl..." xml:id="S1.E24" _ID_counter_m_="1">...
Info:malformed:id Duplicated attribute xml:id
	at 0301062.tex; line 250 col 1 - line 250 col 1
	Using id='S1.E27a' on <ltx:XMRow _box="Alignment[]" _font="Font[math,medium,italic,10,bla..."/>
	id='S1.E27' already set on <ltx:equation _box="LaTeXML::Core::Alignment=HASH(..." _font="Font[serif,medium,italic,10,bl..." xml:id="S1.E27" _ID_counter_m_="1">...
Info:malformed:id Duplicated attribute xml:id
	at 0301062.tex; line 671 col 2 - line 671 col 2
	Using id='S3.E57a' on <ltx:XMRow _box="Alignment[]" _font="Font[math,medium,italic,10,bla..."/>
	id='S3.E57' already set on <ltx:equation _box="LaTeXML::Core::Alignment=HASH(..." _font="Font[serif,medium,upright,10,b..." xml:id="S3.E57" _ID_counter_m_="3">...
Info:malformed:id Duplicated attribute xml:id
	at 0301062.tex; line 676 col 2 - line 676 col 2
	Using id='S3.E60a' on <ltx:XMRow _box="Alignment[]" _font="Font[math,medium,italic,10,bla..."/>
	id='S3.E60' already set on <ltx:equation _box="LaTeXML::Core::Alignment=HASH(..." _font="Font[serif,medium,upright,10,b..." xml:id="S3.E60" _ID_counter_m_="3">...
Info:malformed:id Duplicated attribute xml:id
	at 0301062.tex; line 699 col 7 - line 699 col 7
	Using id='S3.E63a' on <ltx:XMRow _box="Alignment[]" _font="Font[math,medium,italic,10,bla..."/>
	id='S3.E63' already set on <ltx:equation _box="LaTeXML::Core::Alignment=HASH(..." _font="Font[serif,medium,upright,10,b..." xml:id="S3.E63" _ID_counter_m_="1">...
Info:malformed:id Duplicated attribute xml:id
	at 0301062.tex; line 1308 col 1 - line 1308 col 1
	Using id='S6.E105a' on <ltx:XMRow _box="Alignment[]" _font="Font[math,medium,italic,10,bla..."/>
	id='S6.E105' already set on <ltx:equation _box="LaTeXML::Core::Alignment=HASH(..." _font="Font[serif,medium,italic,10,bl..." xml:id="S6.E105" _ID_counter_m_="1">...
 10.49 sec)
(Rewriting... 0.47 sec)
(Math Parsing 728 formulae ......
Warning:not_parsed:PUNCT.UNKNOWN.POSTSUPERSCRIPT>CLOSE MathParser failed to match rule 'Anything'
	at 0301062.tex; line 1020 col 4 - line 1020 col 4
	In "$\displaystyle\{K^{(\zeta)},K^{(\zeta)\dagger}\}=H^{2}+(2a+\zeta^{2})H+a^{2}+d%
	+2\zeta G_{0}=(H+a_{\zeta})^{2}+d_{\zeta},\@@ENDINLINEMATH"
	{[[UNKNOWN]] K[[UNKNOWN]] ^{(\zeta)}[[POSTSUPERSCRIPT]] ,[[PUNCT]] K[[UNKNOWN]] ^{(\zeta)\dagger}[[POSTSUPERSCRIPT]]
	        > \}[[CLOSE]] =[[RELOP]] H[[UNKNOWN]] ^{2}[[POSTSUPERSCRIPT]] +[[ADDOP]] ([[OPEN]] 2[[NUMBER]] a[[UNKNOWN]] +[[ADDOP]] ζ[[UNKNOWN]] ^{2}[[POSTSUPERSCRIPT]] )[[CLOSE]] H[[UNKNOWN]] +[[ADDOP]] a[[UNKNOWN]] ^{2}[[POSTSUPERSCRIPT]] +[[ADDOP]] d[[UNKNOWN]] +[[ADDOP]] 2[[NUMBER]] ζ[[UNKNOWN]] G[[UNKNOWN]] _{0}[[POSTSUBSCRIPT]] =[[RELOP]] ([[OPEN]] H[[UNKNOWN]] +[[ADDOP]] a[[UNKNOWN]] _{\zeta}[[POSTSUBSCRIPT]] )[[CLOSE]] ^{2}[[POSTSUPERSCRIPT]] +[[ADDOP]] d[[UNKNOWN]] _{\zeta}[[POSTSUBSCRIPT]]
Warning:not_parsed:PUNCT.UNKNOWN.POSTSUPERSCRIPT>CLOSE MathParser failed to match rule 'Anything'
	at 0301062.tex; line 1020 col 4 - line 1022 col 1
	In "$\displaystyle\{K^{(\zeta)},K^{(\zeta)\dagger}\}=H^{2}+(2a+\zeta^{2})H+a^{2}+d%
	+2\zeta G_{0}=(H+a_{\zeta})^{2}+d_{\zeta},$"
	{[[UNKNOWN]] K[[UNKNOWN]] ^{(\zeta)}[[POSTSUPERSCRIPT]] ,[[PUNCT]] K[[UNKNOWN]] ^{(\zeta)\dagger}[[POSTSUPERSCRIPT]]
	        > \}[[CLOSE]] =[[RELOP]] H[[UNKNOWN]] ^{2}[[POSTSUPERSCRIPT]] +[[ADDOP]] ([[OPEN]] 2[[NUMBER]] a[[UNKNOWN]] +[[ADDOP]] ζ[[UNKNOWN]] ^{2}[[POSTSUPERSCRIPT]] )[[CLOSE]] H[[UNKNOWN]] +[[ADDOP]] a[[UNKNOWN]] ^{2}[[POSTSUPERSCRIPT]] +[[ADDOP]] d[[UNKNOWN]] +[[ADDOP]] 2[[NUMBER]] ζ[[UNKNOWN]] G[[UNKNOWN]] _{0}[[POSTSUBSCRIPT]] =[[RELOP]] ([[OPEN]] H[[UNKNOWN]] +[[ADDOP]] a[[UNKNOWN]] _{\zeta}[[POSTSUBSCRIPT]] )[[CLOSE]] ^{2}[[POSTSUPERSCRIPT]] +[[ADDOP]] d[[UNKNOWN]] _{\zeta}[[POSTSUBSCRIPT]]
Warning:not_parsed:PUNCT.ATOM.POSTSUBSCRIPT>CLOSE MathParser failed to match rule 'Anything'
	at 0301062.tex; line 1059 col 4 - line 1059 col 4
	In "$\displaystyle\{Q,\bar{Q}_{c}\}=\tilde{\cal P}_{N}(H)-\tilde{\cal P}_{N_{1}}(H%
	)+i2{\cal B}(H),\@@ENDINLINEMATH"
	{[[UNKNOWN]] Q[[UNKNOWN]] ,[[PUNCT]] \bar{Q}[[UNKNOWN]] _{c}[[POSTSUBSCRIPT]]
	        > \}[[CLOSE]] =[[RELOP]] \tilde{\calP}[[UNKNOWN]] _{N}[[POSTSUBSCRIPT]] ([[OPEN]] H[[UNKNOWN]] )[[CLOSE]] -[[ADDOP]] \tilde{\calP}[[UNKNOWN]] _{N_{1}}[[POSTSUBSCRIPT]] ([[OPEN]] H[[UNKNOWN]] )[[CLOSE]] +[[ADDOP]] i[[UNKNOWN]] 2[[NUMBER]] B[[UNKNOWN]] ([[OPEN]] H[[UNKNOWN]] )[[CLOSE]]
Warning:not_parsed:PUNCT.ATOM.POSTSUBSCRIPT>CLOSE MathParser failed to match rule 'Anything'
	at 0301062.tex; line 1059 col 4 - line 1061 col 1
	In "$\displaystyle\{Q,\bar{Q}_{c}\}=\tilde{\cal P}_{N}(H)-\tilde{\cal P}_{N_{1}}(H%
	)+i2{\cal B}(H),$"
	{[[UNKNOWN]] Q[[UNKNOWN]] ,[[PUNCT]] \bar{Q}[[UNKNOWN]] _{c}[[POSTSUBSCRIPT]]
	        > \}[[CLOSE]] =[[RELOP]] \tilde{\calP}[[UNKNOWN]] _{N}[[POSTSUBSCRIPT]] ([[OPEN]] H[[UNKNOWN]] )[[CLOSE]] -[[ADDOP]] \tilde{\calP}[[UNKNOWN]] _{N_{1}}[[POSTSUBSCRIPT]] ([[OPEN]] H[[UNKNOWN]] )[[CLOSE]] +[[ADDOP]] i[[UNKNOWN]] 2[[NUMBER]] B[[UNKNOWN]] ([[OPEN]] H[[UNKNOWN]] )[[CLOSE]]
Warning:not_parsed:POSTSUBSCRIPT.PUNCT.ATOM>CLOSE MathParser failed to match rule 'Anything'
	at 0301062.tex; line 1061 col 4 - line 1061 col 4
	In "$\displaystyle\{Q_{c},\bar{Q}\}=\tilde{\cal P}_{N}(H)-\tilde{\cal P}_{N_{1}}(H%
	)-i2{\cal B}(H),\@@ENDINLINEMATH"
	{[[UNKNOWN]] Q[[UNKNOWN]] _{c}[[POSTSUBSCRIPT]] ,[[PUNCT]] \bar{Q}[[UNKNOWN]]
	        > \}[[CLOSE]] =[[RELOP]] \tilde{\calP}[[UNKNOWN]] _{N}[[POSTSUBSCRIPT]] ([[OPEN]] H[[UNKNOWN]] )[[CLOSE]] -[[ADDOP]] \tilde{\calP}[[UNKNOWN]] _{N_{1}}[[POSTSUBSCRIPT]] ([[OPEN]] H[[UNKNOWN]] )[[CLOSE]] -[[ADDOP]] i[[UNKNOWN]] 2[[NUMBER]] B[[UNKNOWN]] ([[OPEN]] H[[UNKNOWN]] )[[CLOSE]]
Warning:not_parsed:POSTSUBSCRIPT.PUNCT.ATOM>CLOSE MathParser failed to match rule 'Anything'
	at 0301062.tex; line 1061 col 4 - line 1063 col 1
	In "$\displaystyle\{Q_{c},\bar{Q}\}=\tilde{\cal P}_{N}(H)-\tilde{\cal P}_{N_{1}}(H%
	)-i2{\cal B}(H),$"
	{[[UNKNOWN]] Q[[UNKNOWN]] _{c}[[POSTSUBSCRIPT]] ,[[PUNCT]] \bar{Q}[[UNKNOWN]]
	        > \}[[CLOSE]] =[[RELOP]] \tilde{\calP}[[UNKNOWN]] _{N}[[POSTSUBSCRIPT]] ([[OPEN]] H[[UNKNOWN]] )[[CLOSE]] -[[ADDOP]] \tilde{\calP}[[UNKNOWN]] _{N_{1}}[[POSTSUBSCRIPT]] ([[OPEN]] H[[UNKNOWN]] )[[CLOSE]] -[[ADDOP]] i[[UNKNOWN]] 2[[NUMBER]] B[[UNKNOWN]] ([[OPEN]] H[[UNKNOWN]] )[[CLOSE]]
Warning:not_parsed:PUNCT.ATOM.POSTSUBSCRIPT>CLOSE MathParser failed to match rule 'Anything'
	at 0301062.tex; line 1108 col 2 - line 1108 col 2
	In "$\displaystyle\{Q_{i},\bar{Q}_{j}\}=\left[({\bf I}+\tau_{1})\left((H+a)^{2}+d%
	\right)+({\bf I}-\tau_{1})c^{2}H\right.\left.-\tau_{2}\,2cG_{0}-\tau_{3}\,2c(H%
	-E_{b})\sqrt{H-\beta^{2}}\right]_{ij},\@@ENDINLINEMATH"
	{[[UNKNOWN]] Q[[UNKNOWN]] _{i}[[POSTSUBSCRIPT]] ,[[PUNCT]] \bar{Q}[[UNKNOWN]] _{j}[[POSTSUBSCRIPT]]
	        > \}[[CLOSE]] =[[RELOP]] \left[[[OPEN]] ([[OPEN]] I[[UNKNOWN]] +[[ADDOP]] τ[[UNKNOWN]] _{1}[[POSTSUBSCRIPT]] )[[CLOSE]] \left([[OPEN]] ([[OPEN]] H[[UNKNOWN]] +[[ADDOP]] a[[UNKNOWN]] )[[CLOSE]] ^{2}[[POSTSUPERSCRIPT]] +[[ADDOP]] d[[UNKNOWN]] \right)[[CLOSE]] +[[ADDOP]] ([[OPEN]] I[[UNKNOWN]] -[[ADDOP]] τ[[UNKNOWN]] _{1}[[POSTSUBSCRIPT]] )[[CLOSE]] c[[UNKNOWN]] ^{2}[[POSTSUPERSCRIPT]] H[[UNKNOWN]] -[[ADDOP]] τ[[UNKNOWN]] _{2}[[POSTSUBSCRIPT]]  2[[NUMBER]] c[[UNKNOWN]] G[[UNKNOWN]] _{0}[[POSTSUBSCRIPT]] -[[ADDOP]] τ[[UNKNOWN]] _{3}[[POSTSUBSCRIPT]]  2[[NUMBER]] c[[UNKNOWN]] ([[OPEN]] H[[UNKNOWN]] -[[ADDOP]] E[[UNKNOWN]] _{b}[[POSTSUBSCRIPT]] )[[CLOSE]] \sqrt{H-\beta^{2}}[[UNKNOWN]] \right][[CLOSE]] _{ij}[[POSTSUBSCRIPT]]
Warning:not_parsed:PUNCT.ATOM.POSTSUBSCRIPT>CLOSE MathParser failed to match rule 'Anything'
	at 0301062.tex; line 1108 col 2 - line 1108 col 19
	In "$\displaystyle\{Q_{i},\bar{Q}_{j}\}$"
	{[[UNKNOWN]] Q[[UNKNOWN]] _{i}[[POSTSUBSCRIPT]] ,[[PUNCT]] \bar{Q}[[UNKNOWN]] _{j}[[POSTSUBSCRIPT]]
	        > \}[[CLOSE]]
Warning:not_parsed:>OPEN MathParser failed to match rule 'Anything'
	at 0301062.tex; line 1108 col 28 - line 1110 col 1
	In "$\displaystyle\left[({\bf I}+\tau_{1})\left((H+a)^{2}+d\right)+({\bf I}-\tau_{%
	1})c^{2}H\right.$"
	> \left[[[OPEN]] ([[OPEN]] I[[UNKNOWN]] +[[ADDOP]] τ[[UNKNOWN]] _{1}[[POSTSUBSCRIPT]] )[[CLOSE]] \left([[OPEN]] ([[OPEN]] H[[UNKNOWN]] +[[ADDOP]] a[[UNKNOWN]] )[[CLOSE]] ^{2}[[POSTSUPERSCRIPT]] +[[ADDOP]] d[[UNKNOWN]] \right)[[CLOSE]] +[[ADDOP]] ([[OPEN]] I[[UNKNOWN]] -[[ADDOP]] τ[[UNKNOWN]] _{1}[[POSTSUBSCRIPT]] )[[CLOSE]] c[[UNKNOWN]] ^{2}[[POSTSUPERSCRIPT]] H[[UNKNOWN]]
Warning:not_parsed:POSTSUBSCRIPT.CLOSE.ATOM>CLOSE MathParser failed to match rule 'Anything'
	at 0301062.tex; line 1110 col 8 - line 1112 col 3
	In "$\displaystyle\left.-\tau_{2}\,2cG_{0}-\tau_{3}\,2c(H-E_{b})\sqrt{H-\beta^{2}}%
	\right]_{ij},$"
	-[[ADDOP]] τ[[UNKNOWN]] _{2}[[POSTSUBSCRIPT]]  2[[NUMBER]] c[[UNKNOWN]] G[[UNKNOWN]] _{0}[[POSTSUBSCRIPT]] -[[ADDOP]] τ[[UNKNOWN]] _{3}[[POSTSUBSCRIPT]]  2[[NUMBER]] c[[UNKNOWN]] ([[OPEN]] H[[UNKNOWN]] -[[ADDOP]] E[[UNKNOWN]] _{b}[[POSTSUBSCRIPT]] )[[CLOSE]] \sqrt{H-\beta^{2}}[[UNKNOWN]]
	        > \right][[CLOSE]] _{ij}[[POSTSUBSCRIPT]]
 22.77 sec)
Math parsing succeeded:
   ltx:XMArg: 3042/3042
   ltx:XMath: 718/728
Symbols assumed as simple identifiers (with # of occurences):
   'A{caligraphic}' (18), 'B{caligraphic}' (14), 'B{italic}' (5), 'C{italic}' (1), 'E{caligraphic}' (23), 'E{italic}' (60), 'F{italic}' (15), 'G{italic}' (19), 'H{italic}' (138), 'I{bold}' (27), 'K{italic}' (36), 'M{bold}' (10), 'N{caligraphic}' (13), 'N{italic}' (175), 'Omega' (7), 'Phi' (9), 'Psi' (11), 'P{caligraphic}' (7), 'P{italic}' (29), 'Q{italic}' (75), 'R{caligraphic}' (13), 'R{italic}' (33), 'S{bold}' (24), 'S{italic}' (2), 'T{italic}' (3), 'V{bold}' (4), 'V{italic}' (16), 'Z{caligraphic}' (6), 'alpha' (19), 'a{italic}' (36), 'beta' (34), 'b{italic}' (15), 'chi' (41), 'c{italic}' (15), 'det' (17), 'd{italic}' (31), 'epsilon' (15), 'e{italic}' (18), 'f{italic}' (68), 'h{italic}' (193), 'i{italic}' (78), 'j{italic}' (13), 'k{italic}' (113), 'lambda' (57), 'l{italic}' (46), 'm{italic}' (17), 'nu' (3), 'n{italic}' (44), 'o{italic}' (8), 'phi' (29), 'pi' (20), 'psi' (14), 'p{italic}' (85), 'q{italic}' (180), 'r{italic}' (133), 'sigma' (4), 's{italic}' (2), 'tau' (20), 't{italic}' (17), 'u{italic}' (6), 'v{italic}' (2), 'w{italic}' (6), 'xi' (3), 'x{italic}' (84), 'y{italic}' (2), 'zeta' (30), '{' (16)
Set MATHPARSER_SPECULATE to speculate on possible notations.
(Finalizing... 1.62 sec)
Conversion complete 10 warnings (See /home/user/latex-in-arxiv/0301062.latexml.log) (reqd. 43.93s)
