latexmlpost (LaTeXML version 0.8.6) paginating /home/user/latex-in-arxiv/2003/0301238.xml
Error:malformed:document Document fails RelaxNG validation (LaTeXML)
	Validation reports: /home/user/latex-in-arxiv/2003/0301238.xml:0: Relax-NG validity error : Element document has extra content: resource
	(Jing may provide a more precise report; https://relaxng.org/jclark/jing.html)
	In Post::Document[] /home/user/latex-in-arxiv/2003/0301238.xml
(post-processing...
(Scan  processing...
Scan: DBStatus: 522/0 objects
 0.10 sec)
(MakeBibliography  processing... 0.00 sec)
(CrossRef  processing...
Warning:expected:ids Missing File location for ID: S0.E26,S0.E21,S0.E14,bib.bib5,bib.bib3,bib.bib7,S0.E25,bib.bib4,bib.bib6,bib.bib1,S0.E20,bib.bib2,S0.E16,S0.E5,S0.E24,S0.E13,bib.bib8,S0.E17
	In Post::CrossRef[@0x55ca29ec6698] ->process
 0.06 sec)
(MathML::Presentation  110 to process...
converted 110 Maths
 0.57 sec)
(XSLT[using LaTeXML-html5.xsl]  processing... 0.06 sec)
(Writer  processing... 0.00 sec) 0.79 sec)
Postprocessing complete 1 warning; 1 error (See /home/user/latex-in-arxiv/0301238.latexmlpost.log) (reqd. 0.95s)
