latexml (LaTeXML version 0.8.6) processing 2003/0301107_cleaned.tex
(Digesting TeX 0301107_cleaned...
(Loading /usr/share/perl5/LaTeXML/Package/TeX.pool.ltxml...
(Loading /usr/share/perl5/LaTeXML/Package/eTeX.pool.ltxml... 0.00 sec)
(Loading /usr/share/perl5/LaTeXML/Package/pdfTeX.pool.ltxml... 0.01 sec) 0.11 sec)
(Processing content /home/user/latex-in-arxiv/2003/0301107_cleaned.tex...
(Loading /usr/share/perl5/LaTeXML/Package/LaTeX.pool.ltxml...
(Loading /usr/share/perl5/LaTeXML/Package/textcomp.sty.ltxml...
(Processing definitions /usr/share/texlive/texmf-dist/tex/latex-dev/base/ts1enc.dfu... 0.02 sec) 0.87 sec) 1.03 sec)
(Loading /usr/share/perl5/LaTeXML/Package/article.cls.ltxml... 0.01 sec)
(Loading /usr/share/perl5/LaTeXML/Package/graphicx.sty.ltxml...
(Loading /usr/share/perl5/LaTeXML/Package/graphics.sty.ltxml... 0.01 sec) 0.02 sec)
(Loading /usr/share/perl5/LaTeXML/Package/amsmath.sty.ltxml...
(Loading /usr/share/perl5/LaTeXML/Package/amsbsy.sty.ltxml...
(Loading /usr/share/perl5/LaTeXML/Package/amsgen.sty.ltxml... 0.00 sec) 0.01 sec)
(Loading /usr/share/perl5/LaTeXML/Package/amstext.sty.ltxml... 0.00 sec)
(Loading /usr/share/perl5/LaTeXML/Package/amsopn.sty.ltxml... 0.00 sec) 0.03 sec)
(Loading /usr/share/perl5/LaTeXML/Package/amsfonts.sty.ltxml... 0.00 sec)
(Loading /usr/share/perl5/LaTeXML/Package/amssymb.sty.ltxml... 0.01 sec) 3.65 sec) 3.80 sec)
(Building...
(Loading compiled schema /usr/share/perl5/LaTeXML/resources/RelaxNG/LaTeXML.model... 0.01 sec) 3.57 sec)
(Rewriting... 0.06 sec)
(Math Parsing 198 formulae ......
Warning:not_parsed:CLOSE.PUNCT.UNKNOWN>CLOSE MathParser failed to match rule 'Anything'
	at 0301107_cleaned.tex; line 112 col 35 - line 112 col 50
	In "$\mathcal{A}(W),\Omega)$"
	A[[UNKNOWN]] ([[OPEN]] W[[UNKNOWN]] )[[CLOSE]] ,[[PUNCT]] Ω[[UNKNOWN]]
	        > )[[CLOSE]]
Warning:not_parsed:UNKNOWN>FLOATSUBSCRIPT MathParser failed to match rule 'Anything'
	at 0301107_cleaned.tex; line 274 col 73 - line 275 col 7
	In "$\mathcal{H}{}_{HS}.$"
	H[[UNKNOWN]]
	        > {}_{HS}[[FLOATSUBSCRIPT]]
Warning:not_parsed:UNKNOWN.POSTSUBSCRIPT>CLOSE MathParser failed to match rule 'Anything'
	at 0301107_cleaned.tex; line 293 col 68 - line 293 col 78
	In "$\mathcal{H}_{HS})$"
	H[[UNKNOWN]] _{HS}[[POSTSUBSCRIPT]]
	        > )[[CLOSE]]
Warning:not_parsed:ARROW.ID>CLOSE MathParser failed to match rule 'Anything'
	at 0301107_cleaned.tex; line 345 col 40 - line 345 col 48
	In "$\rightarrow\infty)$"
	→[[ARROW]] ∞[[ID]]
	        > )[[CLOSE]]
Warning:not_parsed:OPEN.UNKNOWN.CLOSE>CLOSE MathParser failed to match rule 'Anything'
	at 0301107_cleaned.tex; line 351 col 4 - line 351 col 41
	In "$\pi_{r}(\mathcal{A})=\pi(\mathcal{A})).$"
	π[[UNKNOWN]] _{r}[[POSTSUBSCRIPT]] ([[OPEN]] A[[UNKNOWN]] )[[CLOSE]] =[[RELOP]] π[[UNKNOWN]] ([[OPEN]] A[[UNKNOWN]] )[[CLOSE]]
	        > )[[CLOSE]]
Warning:not_parsed:RELOP.ADDOP.NUMBER>CLOSE MathParser failed to match rule 'Anything'
	at 0301107_cleaned.tex; line 395 col 12 - line 395 col 17
	In "$\beta=-1)$"
	β[[UNKNOWN]] =[[RELOP]] -[[ADDOP]] 1[[NUMBER]]
	        > )[[CLOSE]]
Warning:not_parsed:OPEN.MULOP.CLOSE>RELOP MathParser failed to match rule 'Anything'
	at 0301107_cleaned.tex; line 396 col 0 - line 399 col 14
	In "\begin{equation}\omega(\sigma_{t}(A)B)=\omega(B\sigma_{t-i}(A)B),\,\omega(%
	\cdot)\equiv\left(\Omega,\cdot\Omega\right)\end{equation}"
	ω[[UNKNOWN]] ([[OPEN]] σ[[UNKNOWN]] _{t}[[POSTSUBSCRIPT]] ([[OPEN]] A[[UNKNOWN]] )[[CLOSE]] B[[UNKNOWN]] )[[CLOSE]] =[[RELOP]] ω[[UNKNOWN]] ([[OPEN]] B[[UNKNOWN]] σ[[UNKNOWN]] _{t-i}[[POSTSUBSCRIPT]] ([[OPEN]] A[[UNKNOWN]] )[[CLOSE]] B[[UNKNOWN]] )[[CLOSE]] ,[[PUNCT]] ω[[UNKNOWN]] ([[OPEN]] ⋅[[MULOP]] )[[CLOSE]]
	        > ≡[[RELOP]] \left([[OPEN]] Ω[[UNKNOWN]] ,[[PUNCT]] ⋅[[MULOP]] Ω[[UNKNOWN]] \right)[[CLOSE]]
Warning:not_parsed:UNKNOWN>CLOSE MathParser failed to match rule 'Anything'
	at 0301107_cleaned.tex; line 401 col 7 - line 401 col 10
	In "$\Omega).$"
	Ω[[UNKNOWN]]
	        > )[[CLOSE]]
Warning:not_parsed:FLOATSUBSCRIPT>CLOSE MathParser failed to match rule 'Anything'
	at 0301107_cleaned.tex; line 633 col 22 - line 633 col 27
	In "${}_{1})$"
	{}_{1}[[FLOATSUBSCRIPT]]
	        > )[[CLOSE]]
Warning:not_parsed:UNKNOWN.CLOSE.POSTSUPERSCRIPT>CLOSE MathParser failed to match rule 'Anything'
	at 0301107_cleaned.tex; line 712 col 19 - line 713 col 23
	In "$\simeq\mathcal{A(}I_{\varepsilon}\mathcal{)\otimes A(}I\mathcal{)}^{\prime})$"
	≃[[RELOP]] A[[UNKNOWN]] ([[OPEN]] I[[UNKNOWN]] _{\varepsilon}[[POSTSUBSCRIPT]] )[[CLOSE]] ⊗[[MULOP]] A[[UNKNOWN]] ([[OPEN]] I[[UNKNOWN]] )[[CLOSE]] ^{\prime}[[POSTSUPERSCRIPT]]
	        > )[[CLOSE]]
Warning:not_parsed:UNKNOWN>CLOSE MathParser failed to match rule 'Anything'
	at 0301107_cleaned.tex; line 744 col 0 - line 745 col 2
	In "$\varepsilon)$"
	ε[[UNKNOWN]]
	        > )[[CLOSE]]
 5.83 sec)
Math parsing succeeded:
   ltx:XMath: 187/198
   ltx:XMArg: 463/463
   ltx:XMWrap: 1/1
Symbols assumed as simple identifiers (with # of occurences):
   '"' (1), 'A{caligraphic}' (55), 'A{italic}' (106), 'B{caligraphic}' (1), 'B{italic}' (27), 'Delta' (21), 'F{italic}' (13), 'H{caligraphic}' (32), 'H{italic}' (34), 'I{italic}' (28), 'J{italic}' (22), 'L{italic}' (6), 'N{caligraphic}' (15), 'N{italic}' (6), 'Omega' (17), 'Phi' (1), 'S{italic}' (25), 'W{italic}' (17), 'Z{italic}' (4), 'alpha' (22), 'a{italic}' (14), 'beta' (23), 'c{italic}' (3), 'd{italic}' (12), 'e{italic}' (39), 'f{italic}' (34), 'g{italic}' (18), 'h{italic}' (4), 'i{italic}' (42), 'j{italic}' (2), 'kappa' (32), 'm{italic}' (3), 'omega' (48), 'pi' (61), 'psi' (39), 'p{italic}' (56), 'rho' (18), 'r{italic}' (13), 'sigma' (8), 's{italic}' (4), 't{italic}' (43), 'u{italic}' (4), 'varepsilon' (9), 'varphi' (1), 'w{italic}' (2), 'x{italic}' (26), 'y{italic}' (10), 'z{italic}' (4)
Set MATHPARSER_SPECULATE to speculate on possible notations.
(Finalizing... 0.76 sec)
Conversion complete 11 warnings (See /home/user/latex-in-arxiv/0301107_cleaned.latexml.log) (reqd. 14.58s)
