latexml (LaTeXML version 0.8.6) processing 2003/0301099.tex
(Digesting TeX 0301099...
(Loading /usr/share/perl5/LaTeXML/Package/TeX.pool.ltxml...
(Loading /usr/share/perl5/LaTeXML/Package/eTeX.pool.ltxml... 0.00 sec)
(Loading /usr/share/perl5/LaTeXML/Package/pdfTeX.pool.ltxml... 0.01 sec) 0.12 sec)
(Processing content /home/user/latex-in-arxiv/2003/0301099.tex...
(Loading /usr/share/perl5/LaTeXML/Package/LaTeX.pool.ltxml...
(Loading /usr/share/perl5/LaTeXML/Package/textcomp.sty.ltxml...
(Processing definitions /usr/share/texlive/texmf-dist/tex/latex-dev/base/ts1enc.dfu... 0.03 sec) 1.28 sec) 1.46 sec)
Info:unexpected:\documentstyle Entering LaTeX 2.09 Compatibility mode
	at 0301099.tex; line 1 col 0 - line 1 col 36
(Loading /usr/share/perl5/LaTeXML/Package/article.cls.ltxml... 0.02 sec)
(Loading /usr/share/perl5/LaTeXML/Package/epsfig.sty.ltxml...
(Loading /usr/share/perl5/LaTeXML/Package/graphicx.sty.ltxml...
(Loading /usr/share/perl5/LaTeXML/Package/graphics.sty.ltxml... 0.01 sec) 0.02 sec) 0.05 sec)
Info:unexpected:titlepage When using titlepage, Frontmatter will not be well-structured
	at 0301099.tex; line 33 col 0 - line 33 col 33
 8.20 sec) 8.41 sec)
(Building...
(Loading compiled schema /usr/share/perl5/LaTeXML/resources/RelaxNG/LaTeXML.model... 0.02 sec)
Warning:unexpected:eqnarray Unrecognized equation patterns (1) in eqnarray
	at 0301099.tex; line 453 col 1 - line 453 col 1
	In Core::Definition::Constructor[\@@eqna... /usr/share/perl5/LaTeXML/Package/LaTeX.pool.ltxml; line 2290
Warning:unexpected:eqnarray Unrecognized equation patterns (1) in eqnarray
	at 0301099.tex; line 462 col 1 - line 462 col 1
	In Core::Definition::Constructor[\@@eqna... /usr/share/perl5/LaTeXML/Package/LaTeX.pool.ltxml; line 2290
 7.46 sec)
(Rewriting... 0.12 sec)
(Math Parsing 417 formulae ......
Warning:not_parsed:UNKNOWN.RELOP.NUMBER>PUNCT MathParser failed to match rule 'Anything'
	at 0301099.tex; line 263 col 47 - line 263 col 55
	In "$\alpha=1,..,4$"
	α[[UNKNOWN]] =[[RELOP]] 1[[NUMBER]]
	        > ,[[PUNCT]] .[[PERIOD]] .[[PERIOD]] ,[[PUNCT]] 4[[NUMBER]]
Warning:not_parsed:UNKNOWN.RELOP.NUMBER>PUNCT MathParser failed to match rule 'Anything'
	at 0301099.tex; line 301 col 7 - line 301 col 17
	In "$i,j=1,..,N$"
	i[[UNKNOWN]] ,[[PUNCT]] j[[UNKNOWN]] =[[RELOP]] 1[[NUMBER]]
	        > ,[[PUNCT]] .[[PERIOD]] .[[PERIOD]] ,[[PUNCT]] N[[UNKNOWN]]
Warning:not_parsed:UNKNOWN.RELOP.NUMBER>PUNCT MathParser failed to match rule 'Anything'
	at 0301099.tex; line 340 col 2 - line 340 col 12
	In "$k=0,..,N-1$"
	k[[UNKNOWN]] =[[RELOP]] 0[[NUMBER]]
	        > ,[[PUNCT]] .[[PERIOD]] .[[PERIOD]] ,[[PUNCT]] N[[UNKNOWN]] -[[ADDOP]] 1[[NUMBER]]
Warning:not_parsed:UNKNOWN.RELOP.NUMBER>PUNCT MathParser failed to match rule 'Anything'
	at 0301099.tex; line 341 col 2 - line 341 col 10
	In "$j=1,..,N$"
	j[[UNKNOWN]] =[[RELOP]] 1[[NUMBER]]
	        > ,[[PUNCT]] .[[PERIOD]] .[[PERIOD]] ,[[PUNCT]] N[[UNKNOWN]]
Warning:not_parsed:POSTSUBSCRIPT.VERTBAR.NUMBER>CLOSE MathParser failed to match rule 'Anything'
	at 0301099.tex; line 438 col 0 - line 441 col 14
	In "\begin{equation}\psi^{i}_{n+1/2+\theta_{i}}|0\rangle=0\quad;\quad\psi^{%
	\overline{i}}_{n+1/2-\theta_{i}}|0\rangle=0\quad;\quad\forall n\geq 0\end{equation}"
	ψ[[UNKNOWN]] ^{i}[[POSTSUPERSCRIPT]] _{n+1/2+\theta_{i}}[[POSTSUBSCRIPT]] |[[VERTBAR]] 0[[NUMBER]]
	        > \rangle[[CLOSE]] =[[RELOP]] 0[[NUMBER]] \begin{equation}\psi^{i}_{n+1/2+\theta_{i}}|0\rangle=0\quad;\quad\psi^{\overline{i}}_{n+1/2-\theta_{i}}|0\rangle=0\quad;\quad\foralln\geq0\end{equation}[[PUNCT]] ;[[PUNCT]] ψ[[UNKNOWN]] ^{\overline{i}}[[POSTSUPERSCRIPT]] _{n+1/2-\theta_{i}}[[POSTSUBSCRIPT]] |[[VERTBAR]] 0[[NUMBER]] \rangle[[CLOSE]] =[[RELOP]] 0[[NUMBER]] \begin{equation}\psi^{i}_{n+1/2+\theta_{i}}|0\rangle=0\quad;\quad\psi^{\overline{i}}_{n+1/2-\theta_{i}}|0\rangle=0\quad;\quad\foralln\geq0\end{equation}[[PUNCT]] ;[[PUNCT]] ∀[[BIGOP]] n[[UNKNOWN]] ≥[[RELOP]] 0[[NUMBER]]
Warning:not_parsed:ATOM.RELOP.ATOM>PUNCT MathParser failed to match rule 'Anything'
	at 0301099.tex; line 697 col 0 - line 702 col 4
	In "\begin{equation}G^{-1}+{\theta\over 2\pi\alpha^{\prime}}={1\over g+2\pi\alpha^%
	{\prime}B}\;\;\;\;\;\;,\;\;G_{s}=g_{s}\left({{\rm det}G\over{\rm det}g}\right)%
	^{1\over 4}\,,\end{equation}"
	G[[UNKNOWN]] ^{-1}[[POSTSUPERSCRIPT]] +[[ADDOP]] \theta\over2\pi\alpha^{\prime}[[UNKNOWN]] =[[RELOP]] 1\overg+2\pi\alpha^{\prime}B[[UNKNOWN]]
	        > \begin{equation}G^{-1}+{\theta\over2\pi\alpha^{\prime}}={1\overg+2\pi\alpha^{\prime}B}\;\;\;\;\;\;,\;\;G_{s}=g_{s}\left({{\rmdet}G\over{\rmdet}g}\right)^{1\over4}\,,\end{equation}[[PUNCT]] ,[[PUNCT]] G[[UNKNOWN]] _{s}[[POSTSUBSCRIPT]] =[[RELOP]] g[[UNKNOWN]] _{s}[[POSTSUBSCRIPT]] \left([[OPEN]] {\rmdet}G\over{\rmdet}g[[UNKNOWN]] \right)[[CLOSE]] ^{1\over4}[[POSTSUPERSCRIPT]]
Warning:not_parsed:UNKNOWN.RELOP.NUMBER>PUNCT MathParser failed to match rule 'Anything'
	at 0301099.tex; line 1157 col 45 - line 1157 col 55
	In "$k=0,..,N-1$"
	k[[UNKNOWN]] =[[RELOP]] 0[[NUMBER]]
	        > ,[[PUNCT]] .[[PERIOD]] .[[PERIOD]] ,[[PUNCT]] N[[UNKNOWN]] -[[ADDOP]] 1[[NUMBER]]
 7.60 sec)
Math parsing succeeded:
   ltx:XMath: 410/417
   ltx:XMArg: 1110/1110
Symbols assumed as simple identifiers (with # of occurences):
   'A{italic}' (10), 'B{italic}' (13), 'C{italic}' (15), 'Delta' (9), 'D{italic}' (9), 'E{italic}' (5), 'F{italic}' (1), 'Gamma' (1), 'G{italic}' (16), 'Lambda' (5), 'L{italic}' (1), 'M{italic}' (17), 'N{caligraphic}' (3), 'N{italic}' (31), 'O{caligraphic}' (8), 'O{italic}' (6), 'Pi' (1), 'Psi' (17), 'P{italic}' (3), 'R{italic}' (2), 'S{italic}' (19), 'Tr' (22), 'T{italic}' (5), 'U{italic}' (14), 'V{italic}' (2), 'W{italic}' (13), 'Y{italic}' (1), 'Z{bold}' (1), 'Z{italic}' (21), 'alpha' (54), 'a{italic}' (39), 'beta' (4), 'b{italic}' (20), 'c{italic}' (5), 'delta' (10), 'det' (5), 'diag' (1), 'd{italic}' (24), 'epsilon' (42), 'eta' (1), 'e{italic}' (25), 'for' (4), 'f{italic}' (6), 'gamma' (3), 'g{italic}' (22), 'h{italic}' (10), 'i{italic}' (55), 'j{italic}' (56), 'k{italic}' (114), 'lambda' (3), 'log' (2), 'l{italic}' (1), 'mod' (3), 'mu' (6), 'm{italic}' (36), 'nu' (6), 'n{italic}' (41), 'phi' (8), 'pi' (63), 'psi' (12), 'p{italic}' (56), 'q{italic}' (2), 'r{italic}' (15), 'sigma' (7), 'tau' (8), 'theta' (94), 't{italic}' (16), 'u{italic}' (10), 'v{italic}' (5), 'x{italic}' (13), 'y{italic}' (9)
Set MATHPARSER_SPECULATE to speculate on possible notations.
(Finalizing... 0.68 sec)
Conversion complete 9 warnings (See /home/user/latex-in-arxiv/0301099.latexml.log) (reqd. 24.82s)
