latexml (LaTeXML version 0.8.6) processing 2003/0301190.tex
(Digesting TeX 0301190...
(Loading /usr/share/perl5/LaTeXML/Package/TeX.pool.ltxml...
(Loading /usr/share/perl5/LaTeXML/Package/eTeX.pool.ltxml... 0.01 sec)
(Loading /usr/share/perl5/LaTeXML/Package/pdfTeX.pool.ltxml... 0.01 sec) 0.20 sec)
(Processing content /home/user/latex-in-arxiv/2003/0301190.tex...
(Loading /usr/share/perl5/LaTeXML/Package/LaTeX.pool.ltxml...
(Loading /usr/share/perl5/LaTeXML/Package/textcomp.sty.ltxml...
(Processing definitions /usr/share/texlive/texmf-dist/tex/latex-dev/base/ts1enc.dfu... 0.04 sec) 1.65 sec) 1.95 sec)
(Loading /usr/share/perl5/LaTeXML/Package/article.cls.ltxml... 0.01 sec) 7.61 sec) 7.85 sec)
(Building...
(Loading compiled schema /usr/share/perl5/LaTeXML/resources/RelaxNG/LaTeXML.model... 0.02 sec) 6.35 sec)
(Rewriting... 0.19 sec)
(Math Parsing 225 formulae ......
Warning:not_parsed:ADDOP.ATOM.UNKNOWN>FLOATSUPERSCRIPT MathParser failed to match rule 'Anything'
	at 0301190.tex; line 173 col 0 - line 176 col 14
	In "\begin{equation}V(\phi)=-\frac{1}{8l^{2}}-\frac{3}{8l^{2}}\phi^{2}-\frac{1}{2l%
	^{2}}\phi{}^{4}+\phi^{6}U(\phi)\;,\end{equation}"
	V[[UNKNOWN]] ([[OPEN]] ϕ[[UNKNOWN]] )[[CLOSE]] =[[RELOP]] -[[ADDOP]] \frac{1}{8l^{2}}[[UNKNOWN]] -[[ADDOP]] \frac{3}{8l^{2}}[[UNKNOWN]] ϕ[[UNKNOWN]] ^{2}[[POSTSUPERSCRIPT]] -[[ADDOP]] \frac{1}{2l^{2}}[[UNKNOWN]] ϕ[[UNKNOWN]]
	        > {}^{4}[[FLOATSUPERSCRIPT]] +[[ADDOP]] ϕ[[UNKNOWN]] ^{6}[[POSTSUPERSCRIPT]] U[[UNKNOWN]] ([[OPEN]] ϕ[[UNKNOWN]] )[[CLOSE]]
Warning:not_parsed:INTOP.UNKNOWN.UNKNOWN>OPEN MathParser failed to match rule 'Anything'
	at 0301190.tex; line 191 col 16 - line 194 col 1
	In "$\displaystyle\frac{1}{16\pi G}\int d\varphi\left\{\frac{\xi^{\bot}}{lr}\left(%
	(g_{\varphi\varphi}-r^{2})-2r^{2}(lg^{-1/2}-1)\right)+2\xi^{\varphi}\pi_{%
	\varphi}^{r}\right.$"
	\frac{1}{16\piG}[[UNKNOWN]] ∫[[INTOP]] d[[UNKNOWN]] φ[[UNKNOWN]]
	        > \left\{[[OPEN]] \frac{\xi^{\bot}}{lr}[[UNKNOWN]] \left([[OPEN]] ([[OPEN]] g[[UNKNOWN]] _{\varphi\varphi}[[POSTSUBSCRIPT]] -[[ADDOP]] r[[UNKNOWN]] ^{2}[[POSTSUPERSCRIPT]] )[[CLOSE]] -[[ADDOP]] 2[[NUMBER]] r[[UNKNOWN]] ^{2}[[POSTSUPERSCRIPT]] ([[OPEN]] l[[UNKNOWN]] g[[UNKNOWN]] ^{-1/2}[[POSTSUPERSCRIPT]] -[[ADDOP]] 1[[NUMBER]] )[[CLOSE]] \right)[[CLOSE]] +[[ADDOP]] 2[[NUMBER]] ξ[[UNKNOWN]] ^{\varphi}[[POSTSUPERSCRIPT]] π[[UNKNOWN]] _{\varphi}[[POSTSUBSCRIPT]] ^{r}[[POSTSUPERSCRIPT]]
Warning:not_parsed:UNKNOWN.ATOM.CLOSE>CLOSE MathParser failed to match rule 'Anything'
	at 0301190.tex; line 194 col 8 - line 198 col 14
	In "$\displaystyle\left.+\xi^{\bot}\frac{2r}{l}\left[\phi^{2}-2l\frac{\phi\partial%
	_{r}\phi}{\sqrt{g_{rr}}}\right]\right\}\,,$"
	+[[ADDOP]] ξ[[UNKNOWN]] ^{\bot}[[POSTSUPERSCRIPT]] \frac{2r}{l}[[UNKNOWN]] \left[[[OPEN]] ϕ[[UNKNOWN]] ^{2}[[POSTSUPERSCRIPT]] -[[ADDOP]] 2[[NUMBER]] l[[UNKNOWN]] \frac{\phi\partial_{r}\phi}{\sqrt{g_{rr}}}[[UNKNOWN]] \right][[CLOSE]]
	        > \right\}[[CLOSE]]
Warning:not_parsed:POSTSUBSCRIPT.POSTSUPERSCRIPT.CLOSE>PUNCT MathParser failed to match rule 'Anything'
	at 0301190.tex; line 427 col 1 - line 427 col 1
	In "$\displaystyle M=M_{G}+M_{\phi}=-\lim_{r\rightarrow\infty}\int_{S^{1}}rd%
	\varphi\;\sqrt{-g_{tt}}g_{tt}(T_{G}^{tt}+T_{\phi}^{tt})\;,=\frac{1}{8\pi G}%
	\lim_{r\rightarrow\infty}\int_{S^{1}}rd\varphi\;\sqrt{-g_{tt}}\left(\left(-%
	\frac{1}{r\sqrt{g_{rr}}}+\frac{1}{l}\right)+\frac{1}{l}\left(\phi^{2}-\frac{2l%
	}{\sqrt{g_{rr}}}\;\phi\partial_{r}\phi\right)\right)\;.\@@ENDINLINEMATH"
	M[[UNKNOWN]] =[[RELOP]] M[[UNKNOWN]] _{G}[[POSTSUBSCRIPT]] +[[ADDOP]] M[[UNKNOWN]] _{\phi}[[POSTSUBSCRIPT]] =[[RELOP]] -[[ADDOP]] lim[[LIMITOP]] _{r\rightarrow\infty}[[POSTSUBSCRIPT]] ∫[[INTOP]] _{S^{1}}[[POSTSUBSCRIPT]] r[[UNKNOWN]] d[[UNKNOWN]] φ[[UNKNOWN]] \sqrt{-g_{tt}}[[UNKNOWN]] g[[UNKNOWN]] _{tt}[[POSTSUBSCRIPT]] ([[OPEN]] T[[UNKNOWN]] _{G}[[POSTSUBSCRIPT]] ^{tt}[[POSTSUPERSCRIPT]] +[[ADDOP]] T[[UNKNOWN]] _{\phi}[[POSTSUBSCRIPT]] ^{tt}[[POSTSUPERSCRIPT]] )[[CLOSE]]
	        > ,[[PUNCT]] =[[RELOP]] \frac{1}{8\piG}[[UNKNOWN]] lim[[LIMITOP]] _{r\rightarrow\infty}[[POSTSUBSCRIPT]] ∫[[INTOP]] _{S^{1}}[[POSTSUBSCRIPT]] r[[UNKNOWN]] d[[UNKNOWN]] φ[[UNKNOWN]] \sqrt{-g_{tt}}[[UNKNOWN]] \left([[OPEN]] \left([[OPEN]] -[[ADDOP]] \frac{1}{r\sqrt{g_{rr}}}[[UNKNOWN]] +[[ADDOP]] \frac{1}{l}[[UNKNOWN]] \right)[[CLOSE]] +[[ADDOP]] \frac{1}{l}[[UNKNOWN]] \left([[OPEN]] ϕ[[UNKNOWN]] ^{2}[[POSTSUPERSCRIPT]] -[[ADDOP]] \frac{2l}{\sqrt{g_{rr}}}[[UNKNOWN]] ϕ[[UNKNOWN]] ∂[[OPERATOR]] _{r}[[POSTSUBSCRIPT]] ϕ[[UNKNOWN]] \right)[[CLOSE]] \right)[[CLOSE]]
 12.48 sec)
Math parsing succeeded:
   ltx:XMath: 221/225
   ltx:XMArg: 1001/1001
Symbols assumed as simple identifiers (with # of occurences):
   'B{italic}' (65), 'C{italic}' (1), 'E{italic}' (2), 'F{italic}' (4), 'G{italic}' (53), 'H{italic}' (17), 'I{italic}' (33), 'M{italic}' (52), 'N{italic}' (12), 'O{italic}' (15), 'Phi' (2), 'Q{italic}' (4), 'R{italic}' (1), 'S{italic}' (11), 'Theta' (25), 'T{italic}' (56), 'U{italic}' (4), 'V{italic}' (10), 'Y{italic}' (1), 'Z{italic}' (7), 'alpha' (3), 'beta' (8), 'chi' (6), 'c{italic}' (19), 'delta' (28), 'd{italic}' (68), 'eta' (6), 'f{italic}' (7), 'gamma' (33), 'g{italic}' (32), 'h{italic}' (5), 'i{italic}' (1), 'k{italic}' (3), 'l{italic}' (76), 'mu' (46), 'nu' (87), 'phi' (74), 'pi' (43), 'r{italic}' (137), 'sigma' (1), 's{italic}' (5), 't{italic}' (55), 'u{italic}' (12), 'varphi' (32), 'xi' (35), 'x{italic}' (58), 'z{italic}' (4)
Set MATHPARSER_SPECULATE to speculate on possible notations.
(Finalizing... 1.12 sec)
Conversion complete 4 warnings (See /home/user/latex-in-arxiv/0301190.latexml.log) (reqd. 28.80s)
