latexml (LaTeXML version 0.8.6) processing 2003/0301015.tex
(Digesting TeX 0301015...
(Loading /usr/share/perl5/LaTeXML/Package/TeX.pool.ltxml...
(Loading /usr/share/perl5/LaTeXML/Package/eTeX.pool.ltxml... 0.00 sec)
(Loading /usr/share/perl5/LaTeXML/Package/pdfTeX.pool.ltxml... 0.01 sec) 0.09 sec)
(Processing content /home/user/latex-in-arxiv/2003/0301015.tex...
(Loading /usr/share/perl5/LaTeXML/Package/LaTeX.pool.ltxml...
(Loading /usr/share/perl5/LaTeXML/Package/textcomp.sty.ltxml...
(Processing definitions /usr/share/texlive/texmf-dist/tex/latex-dev/base/ts1enc.dfu... 0.02 sec) 0.79 sec) 0.94 sec)
(Loading /usr/share/perl5/LaTeXML/Package/article.cls.ltxml... 0.01 sec)
(Loading /usr/share/perl5/LaTeXML/Package/amsmath.sty.ltxml...
(Loading /usr/share/perl5/LaTeXML/Package/amsbsy.sty.ltxml...
(Loading /usr/share/perl5/LaTeXML/Package/amsgen.sty.ltxml... 0.00 sec) 0.01 sec)
(Loading /usr/share/perl5/LaTeXML/Package/amstext.sty.ltxml... 0.00 sec)
(Loading /usr/share/perl5/LaTeXML/Package/amsopn.sty.ltxml... 0.00 sec) 0.03 sec)
(Loading /usr/share/perl5/LaTeXML/Package/amssymb.sty.ltxml...
(Loading /usr/share/perl5/LaTeXML/Package/amsfonts.sty.ltxml... 0.00 sec) 0.01 sec)
(Loading /usr/share/perl5/LaTeXML/Package/amsthm.sty.ltxml... 0.00 sec)
(Loading /usr/share/perl5/LaTeXML/Package/times.sty.ltxml... 0.00 sec)
(Loading /usr/share/perl5/LaTeXML/Package/cite.sty.ltxml... 0.00 sec)
Info:ignore:\section Ignoring redefinition of \section
	at 0301015.tex; line 77 col 0 - line 77 col 41
Info:ignore:\subsection Ignoring redefinition of \subsection
	at 0301015.tex; line 79 col 0 - line 79 col 52
 3.61 sec) 3.73 sec)
(Building...
(Loading compiled schema /usr/share/perl5/LaTeXML/resources/RelaxNG/LaTeXML.model... 0.01 sec) 5.15 sec)
(Rewriting... 0.22 sec)
(Math Parsing 439 formulae ......
Warning:not_parsed:UNKNOWN.ADDOP.NUMBER>RELOP MathParser failed to match rule 'Anything'
	at 0301015.tex; line 630 col 22 - line 630 col 49
	In "$l(\mathcal{C})=k+1=:|\mathcal{C}|+1$"
	l[[UNKNOWN]] ([[OPEN]] C[[UNKNOWN]] )[[CLOSE]] =[[RELOP]] k[[UNKNOWN]] +[[ADDOP]] 1[[NUMBER]]
	        > =[[RELOP]] :[[METARELOP]] |[[VERTBAR]] C[[UNKNOWN]] |[[VERTBAR]] +[[ADDOP]] 1[[NUMBER]]
 14.58 sec)
Math parsing succeeded:
   ltx:XMath: 438/439
   ltx:XMArg: 862/862
Symbols assumed as simple identifiers (with # of occurences):
   '#' (3), 'A{italic}' (7), 'C{caligraphic}' (41), 'C{italic}' (31), 'Delta' (65), 'D{caligraphic}' (24), 'D{italic}' (22), 'F{blackboard}' (3), 'F{caligraphic}' (34), 'F{italic}' (7), 'Gamma' (179), 'H{caligraphic}' (11), 'H{italic}' (57), 'I{italic}' (2), 'J{italic}' (1), 'L{caligraphic}' (2), 'Omega' (23), 'P{italic}' (2), 'R{italic}' (6), 'S{italic}' (123), 'Theta' (10), 'T{italic}' (63), 'V{caligraphic}' (2), 'V{italic}' (3), 'W{italic}' (5), 'Z{italic}' (5), 'a{italic}' (178), 'b{italic}' (7), 'delta' (2), 'd{italic}' (8), 'ell' (3), 'f{italic}' (62), 'gamma' (231), 'g{italic}' (9), 'h{italic}' (4), 'id' (47), 'i{italic}' (38), 'j{italic}' (78), 'k{italic}' (75), 'lambda' (7), 'l{italic}' (20), 'm{italic}' (35), 'nu' (4), 'n{italic}' (45), 'phi' (1), 'psi' (4), 'p{italic}' (2), 'q{italic}' (2), 'sigma' (56), 'u{italic}' (34), 'varepsilon' (44), 'varphi' (7), 'zeta' (2)
Set MATHPARSER_SPECULATE to speculate on possible notations.
(Finalizing... 0.92 sec)
Conversion complete 1 warning (See /home/user/latex-in-arxiv/0301015.latexml.log) (reqd. 25.30s)
