latexml (LaTeXML version 0.8.6) processing 2003/0301214.tex
(Digesting TeX 0301214...
(Loading /usr/share/perl5/LaTeXML/Package/TeX.pool.ltxml...
(Loading /usr/share/perl5/LaTeXML/Package/eTeX.pool.ltxml... 0.01 sec)
(Loading /usr/share/perl5/LaTeXML/Package/pdfTeX.pool.ltxml... 0.01 sec) 0.19 sec)
(Processing content /home/user/latex-in-arxiv/2003/0301214.tex...
(Loading /usr/share/perl5/LaTeXML/Package/LaTeX.pool.ltxml...
(Loading /usr/share/perl5/LaTeXML/Package/textcomp.sty.ltxml...
(Processing definitions /usr/share/texlive/texmf-dist/tex/latex-dev/base/ts1enc.dfu... 0.03 sec) 1.53 sec) 1.81 sec)
Info:unexpected:\documentstyle Entering LaTeX 2.09 Compatibility mode
	at 0301214.tex; line 1 col 0 - line 1 col 30
(Loading /usr/share/perl5/LaTeXML/Package/article.cls.ltxml... 0.01 sec) 5.74 sec) 5.94 sec)
(Building...
(Loading compiled schema /usr/share/perl5/LaTeXML/resources/RelaxNG/LaTeXML.model... 0.01 sec) 6.35 sec)
(Rewriting... 0.28 sec)
(Math Parsing 185 formulae ......
Warning:not_parsed:UNKNOWN.POSTSUBSCRIPT.CLOSE>CLOSE MathParser failed to match rule 'Anything'
	at 0301214.tex; line 145 col 1 - line 145 col 1
	In "$\displaystyle(V_{4})^{abcd}_{\mu\nu\rho\sigma}=g^{2}[f^{eab}f^{ecd}(\delta_{%
	\mu\rho}\delta_{\nu\sigma}-\delta_{\mu\sigma}\delta_{\nu\rho})+f^{eac}f^{ebd}(%
	\delta_{\mu\nu}\delta_{\rho\sigma}-\delta_{\mu\sigma}\delta_{\nu\rho})\quad%
	\quad+f^{ead}f^{ebc}(\delta_{\mu\nu}\delta_{\rho\sigma})-\delta_{\mu\rho}%
	\delta_{\nu\sigma})]\@@ENDINLINEMATH"
	... [[[OPEN]] f[[UNKNOWN]] ^{eab}[[POSTSUPERSCRIPT]] f[[UNKNOWN]] ^{ecd}[[POSTSUPERSCRIPT]] ([[OPEN]] δ[[UNKNOWN]] _{\mu\rho}[[POSTSUBSCRIPT]] δ[[UNKNOWN]] _{\nu\sigma}[[POSTSUBSCRIPT]] -[[ADDOP]] δ[[UNKNOWN]] _{\mu\sigma}[[POSTSUBSCRIPT]] δ[[UNKNOWN]] _{\nu\rho}[[POSTSUBSCRIPT]] )[[CLOSE]] +[[ADDOP]] f[[UNKNOWN]] ^{eac}[[POSTSUPERSCRIPT]] f[[UNKNOWN]] ^{ebd}[[POSTSUPERSCRIPT]] ([[OPEN]] δ[[UNKNOWN]] _{\mu\nu}[[POSTSUBSCRIPT]] δ[[UNKNOWN]] _{\rho\sigma}[[POSTSUBSCRIPT]] -[[ADDOP]] δ[[UNKNOWN]] _{\mu\sigma}[[POSTSUBSCRIPT]] δ[[UNKNOWN]] _{\nu\rho}[[POSTSUBSCRIPT]] )[[CLOSE]] $\displaystyle(V_{4})^{abcd}_{\mu\nu\rho\sigma}=g^{2}[f^{eab}f^{ecd}(\delta_{\mu\rho}\delta_{\nu\sigma}-\delta_{\mu\sigma}\delta_{\nu\rho})+f^{eac}f^{ebd}(\delta_{\mu\nu}\delta_{\rho\sigma}-\delta_{\mu\sigma}\delta_{\nu\rho})\quad\quad+f^{ead}f^{ebc}(\delta_{\mu\nu}\delta_{\rho\sigma})-\delta_{\mu\rho}\delta_{\nu\sigma})]\@@ENDINLINEMATH[[PUNCT]] +[[ADDOP]] f[[UNKNOWN]] ^{ead}[[POSTSUPERSCRIPT]] f[[UNKNOWN]] ^{ebc}[[POSTSUPERSCRIPT]] ([[OPEN]] δ[[UNKNOWN]] _{\mu\nu}[[POSTSUBSCRIPT]] δ[[UNKNOWN]] _{\rho\sigma}[[POSTSUBSCRIPT]] )[[CLOSE]] -[[ADDOP]] δ[[UNKNOWN]] _{\mu\rho}[[POSTSUBSCRIPT]] δ[[UNKNOWN]] _{\nu\sigma}[[POSTSUBSCRIPT]] )[[CLOSE]]
	        > ][[CLOSE]]
Warning:not_parsed:UNKNOWN.POSTSUPERSCRIPT>OPEN MathParser failed to match rule 'Anything'
	at 0301214.tex; line 145 col 35 - line 148 col 48
	In "$\displaystyle g^{2}[f^{eab}f^{ecd}(\delta_{\mu\rho}\delta_{\nu\sigma}-\delta_%
	{\mu\sigma}\delta_{\nu\rho})+f^{eac}f^{ebd}(\delta_{\mu\nu}\delta_{\rho\sigma}%
	-\delta_{\mu\sigma}\delta_{\nu\rho})$"
	g[[UNKNOWN]] ^{2}[[POSTSUPERSCRIPT]]
	        > [[[OPEN]] f[[UNKNOWN]] ^{eab}[[POSTSUPERSCRIPT]] f[[UNKNOWN]] ^{ecd}[[POSTSUPERSCRIPT]] ([[OPEN]] δ[[UNKNOWN]] _{\mu\rho}[[POSTSUBSCRIPT]] δ[[UNKNOWN]] _{\nu\sigma}[[POSTSUBSCRIPT]] -[[ADDOP]] δ[[UNKNOWN]] _{\mu\sigma}[[POSTSUBSCRIPT]] δ[[UNKNOWN]] _{\nu\rho}[[POSTSUBSCRIPT]] )[[CLOSE]] +[[ADDOP]] f[[UNKNOWN]] ^{eac}[[POSTSUPERSCRIPT]] f[[UNKNOWN]] ^{ebd}[[POSTSUPERSCRIPT]] ([[OPEN]] δ[[UNKNOWN]] _{\mu\nu}[[POSTSUBSCRIPT]] δ[[UNKNOWN]] _{\rho\sigma}[[POSTSUBSCRIPT]] -[[ADDOP]] δ[[UNKNOWN]] _{\mu\sigma}[[POSTSUBSCRIPT]] δ[[UNKNOWN]] _{\nu\rho}[[POSTSUBSCRIPT]] )[[CLOSE]]
Warning:not_parsed:POSTSUBSCRIPT.UNKNOWN.POSTSUBSCRIPT>CLOSE MathParser failed to match rule 'Anything'
	at 0301214.tex; line 148 col 54 - line 150 col 14
	In "$\displaystyle\quad\quad+f^{ead}f^{ebc}(\delta_{\mu\nu}\delta_{\rho\sigma})-%
	\delta_{\mu\rho}\delta_{\nu\sigma})]$"
	+[[ADDOP]] f[[UNKNOWN]] ^{ead}[[POSTSUPERSCRIPT]] f[[UNKNOWN]] ^{ebc}[[POSTSUPERSCRIPT]] ([[OPEN]] δ[[UNKNOWN]] _{\mu\nu}[[POSTSUBSCRIPT]] δ[[UNKNOWN]] _{\rho\sigma}[[POSTSUBSCRIPT]] )[[CLOSE]] -[[ADDOP]] δ[[UNKNOWN]] _{\mu\rho}[[POSTSUBSCRIPT]] δ[[UNKNOWN]] _{\nu\sigma}[[POSTSUBSCRIPT]]
	        > )[[CLOSE]] ][[CLOSE]]
Warning:not_parsed:UNKNOWN.UNKNOWN.POSTSUPERSCRIPT>OPEN MathParser failed to match rule 'Anything'
	at 0301214.tex; line 180 col 32 - line 181 col 90
	In "$\displaystyle{i\over 2}gf^{abc}\{\delta_{\mu\nu}[\dot{x}_{2}(T_{2})-\dot{x}_{%
	1}(T_{1})]_{\kappa}+\delta_{\mu\kappa}[\dot{x}_{1}(T_{1})-\dot{x}_{3}(T_{3})]_%
	{\nu}$"
	i\over2[[UNKNOWN]] g[[UNKNOWN]] f[[UNKNOWN]] ^{abc}[[POSTSUPERSCRIPT]]
	        > \{[[OPEN]] δ[[UNKNOWN]] _{\mu\nu}[[POSTSUBSCRIPT]] [[[OPEN]] \dot{x}[[UNKNOWN]] _{2}[[POSTSUBSCRIPT]] ([[OPEN]] T[[UNKNOWN]] _{2}[[POSTSUBSCRIPT]] )[[CLOSE]] -[[ADDOP]] \dot{x}[[UNKNOWN]] _{1}[[POSTSUBSCRIPT]] ([[OPEN]] T[[UNKNOWN]] _{1}[[POSTSUBSCRIPT]] )[[CLOSE]] ][[CLOSE]] _{\kappa}[[POSTSUBSCRIPT]] +[[ADDOP]] δ[[UNKNOWN]] _{\mu\kappa}[[POSTSUBSCRIPT]] [[[OPEN]] \dot{x}[[UNKNOWN]] _{1}[[POSTSUBSCRIPT]] ([[OPEN]] T[[UNKNOWN]] _{1}[[POSTSUBSCRIPT]] )[[CLOSE]] -[[ADDOP]] \dot{x}[[UNKNOWN]] _{3}[[POSTSUBSCRIPT]] ([[OPEN]] T[[UNKNOWN]] _{3}[[POSTSUBSCRIPT]] )[[CLOSE]] ][[CLOSE]] _{\nu}[[POSTSUBSCRIPT]]
Warning:not_parsed:CLOSE.CLOSE.POSTSUBSCRIPT>CLOSE MathParser failed to match rule 'Anything'
	at 0301214.tex; line 182 col 5 - line 183 col 14
	In "$\displaystyle\quad\quad+\delta_{\nu\kappa}[\dot{x}_{3}(T_{3})-\dot{x}_{2}(T_{%
	2})]_{\mu}\},$"
	+[[ADDOP]] δ[[UNKNOWN]] _{\nu\kappa}[[POSTSUBSCRIPT]] [[[OPEN]] \dot{x}[[UNKNOWN]] _{3}[[POSTSUBSCRIPT]] ([[OPEN]] T[[UNKNOWN]] _{3}[[POSTSUBSCRIPT]] )[[CLOSE]] -[[ADDOP]] \dot{x}[[UNKNOWN]] _{2}[[POSTSUBSCRIPT]] ([[OPEN]] T[[UNKNOWN]] _{2}[[POSTSUBSCRIPT]] )[[CLOSE]] ][[CLOSE]] _{\mu}[[POSTSUBSCRIPT]]
	        > \}[[CLOSE]]
Warning:not_parsed:ATOM.POSTSUPERSCRIPT.CLOSE>PUNCT MathParser failed to match rule 'Anything'
	at 0301214.tex; line 239 col 6 - line 239 col 6
	In "$\displaystyle\Gamma_{4}^{(2)}={1\over 8}\int\limits_{0}^{\infty}ds\int\limits%
	_{0}^{s}ds_{1}\int Dx(t)\delta[x(s)-x(0)]\delta[x(s)-x(s_{1})]exp\left(-{1%
	\over 4}\int\limits_{0}^{s}dt\,\dot{x}^{2}\right)\quad\quad\times\Phi^{[1]}_{%
	\mu\nu}[C^{ss_{1}}]\Phi^{[1]}_{\rho\sigma}[C^{s_{1}0}](V_{4})^{abcd}_{\mu\nu%
	\rho\sigma}U[C^{ss_{1}}]^{ab}U[C^{s_{1}0}]^{cd},\@@ENDINLINEMATH"
	... _{0}[[POSTSUBSCRIPT]] ^{s}[[POSTSUPERSCRIPT]] d[[UNKNOWN]] s[[UNKNOWN]] _{1}[[POSTSUBSCRIPT]] ∫[[INTOP]] D[[UNKNOWN]] x[[UNKNOWN]] ([[OPEN]] t[[UNKNOWN]] )[[CLOSE]] δ[[UNKNOWN]] [[[OPEN]] x[[UNKNOWN]] ([[OPEN]] s[[UNKNOWN]] )[[CLOSE]] -[[ADDOP]] x[[UNKNOWN]] ([[OPEN]] 0[[NUMBER]] )[[CLOSE]] ][[CLOSE]] δ[[UNKNOWN]] [[[OPEN]] x[[UNKNOWN]] ([[OPEN]] s[[UNKNOWN]] )[[CLOSE]] -[[ADDOP]] x[[UNKNOWN]] ([[OPEN]] s[[UNKNOWN]] _{1}[[POSTSUBSCRIPT]] )[[CLOSE]] ][[CLOSE]] e[[UNKNOWN]] x[[UNKNOWN]] p[[UNKNOWN]] \left([[OPEN]] -[[ADDOP]] 1\over4[[UNKNOWN]] ∫[[INTOP]] _{0}[[POSTSUBSCRIPT]] ^{s}[[POSTSUPERSCRIPT]] d[[UNKNOWN]] t[[UNKNOWN]] \dot{x}[[UNKNOWN]] ^{2}[[POSTSUPERSCRIPT]] \right)[[CLOSE]]
	        > $\displaystyle\Gamma_{4}^{(2)}={1\over8}\int\limits_{0}^{\infty}ds\int\limits_{0}^{s}ds_{1}\intDx(t)\delta[x(s)-x(0)]\delta[x(s)-x(s_{1})]exp\left(-{1\over4}\int\limits_{0}^{s}dt\,\dot{x}^{2}\right)\quad\quad\times\Phi^{[1]}_{\mu\nu}[C^{ss_{1}}]\Phi^{[1]}_{\rho\sigma}[C^{s_{1}0}](V_{4})^{abcd}_{\mu\nu\rho\sigma}U[C^{ss_{1}}]^{ab}U[C^{s_{1}0}]^{cd},\@@ENDINLINEMATH[[PUNCT]] ×[[MULOP]] Φ[[UNKNOWN]] ^{[1]}[[POSTSUPERSCRIPT]] _{\mu\nu}[[POSTSUBSCRIPT]] [[[OPEN]] C[[UNKNOWN]] ^{ss_{1}}[[POSTSUPERSCRIPT]] ][[CLOSE]] Φ[[UNKNOWN]] ^{[1]}[[POSTSUPERSCRIPT]] _{\rho\sigma}[[POSTSUBSCRIPT]] [[[OPEN]] C[[UNKNOWN]] ^{s_{1}0}[[POSTSUPERSCRIPT]] ][[CLOSE]] ([[OPEN]] V[[UNKNOWN]] _{4}[[POSTSUBSCRIPT]] )[[CLOSE]] ^{abcd}[[POSTSUPERSCRIPT]] _{\mu\nu\rho\sigma}[[POSTSUBSCRIPT]] U[[UNKNOWN]] [[[OPEN]] C[[UNKNOWN]] ^{ss_{1}}[[POSTSUPERSCRIPT]] ][[CLOSE]] ^{ab}[[POSTSUPERSCRIPT]] U[[UNKNOWN]] [[[OPEN]] C[[UNKNOWN]] ^{s_{1}0}[[POSTSUPERSCRIPT]] ][[CLOSE]] ^{cd}[[POSTSUPERSCRIPT]]
Warning:not_parsed:ATOM.POSTSUPERSCRIPT.CLOSE>PUNCT MathParser failed to match rule 'Anything'
	at 0301214.tex; line 257 col 6 - line 257 col 6
	In "$\displaystyle\Gamma_{3}^{(2)}={1\over 8}\int\limits_{0}^{\infty}ds\int\limits%
	_{0}^{s}ds_{2}\int\limits_{0}^{s_{2}}ds_{1}\int Dx(t)\delta[x(s)-x(s_{1})]%
	\delta[x(0)-x(s_{2})]exp\left(-{1\over 4}\int\limits_{0}^{s}\,dt\,\dot{x}^{2}%
	\right)\quad\quad\times V_{3}[C,\dot{x}]f^{abc}f^{def}U[C^{ss_{2}}]^{ad}U[C^{s%
	_{1}s_{2}}]^{be}U[C^{s_{1}0}]^{cf},\@@ENDINLINEMATH"
	... ^{s_{2}}[[POSTSUPERSCRIPT]] d[[UNKNOWN]] s[[UNKNOWN]] _{1}[[POSTSUBSCRIPT]] ∫[[INTOP]] D[[UNKNOWN]] x[[UNKNOWN]] ([[OPEN]] t[[UNKNOWN]] )[[CLOSE]] δ[[UNKNOWN]] [[[OPEN]] x[[UNKNOWN]] ([[OPEN]] s[[UNKNOWN]] )[[CLOSE]] -[[ADDOP]] x[[UNKNOWN]] ([[OPEN]] s[[UNKNOWN]] _{1}[[POSTSUBSCRIPT]] )[[CLOSE]] ][[CLOSE]] δ[[UNKNOWN]] [[[OPEN]] x[[UNKNOWN]] ([[OPEN]] 0[[NUMBER]] )[[CLOSE]] -[[ADDOP]] x[[UNKNOWN]] ([[OPEN]] s[[UNKNOWN]] _{2}[[POSTSUBSCRIPT]] )[[CLOSE]] ][[CLOSE]] e[[UNKNOWN]] x[[UNKNOWN]] p[[UNKNOWN]] \left([[OPEN]] -[[ADDOP]] 1\over4[[UNKNOWN]] ∫[[INTOP]] _{0}[[POSTSUBSCRIPT]] ^{s}[[POSTSUPERSCRIPT]] d[[UNKNOWN]] t[[UNKNOWN]] \dot{x}[[UNKNOWN]] ^{2}[[POSTSUPERSCRIPT]] \right)[[CLOSE]]
	        > $\displaystyle\Gamma_{3}^{(2)}={1\over8}\int\limits_{0}^{\infty}ds\int\limits_{0}^{s}ds_{2}\int\limits_{0}^{s_{2}}ds_{1}\intDx(t)\delta[x(s)-x(s_{1})]\delta[x(0)-x(s_{2})]exp\left(-{1\over4}\int\limits_{0}^{s}\,dt\,\dot{x}^{2}\right)\quad\quad\timesV_{3}[C,\dot{x}]f^{abc}f^{def}U[C^{ss_{2}}]^{ad}U[C^{s_{1}s_{2}}]^{be}U[C^{s_{1}0}]^{cf},\@@ENDINLINEMATH[[PUNCT]] ×[[MULOP]] V[[UNKNOWN]] _{3}[[POSTSUBSCRIPT]] [[[OPEN]] C[[UNKNOWN]] ,[[PUNCT]] \dot{x}[[UNKNOWN]] ][[CLOSE]] f[[UNKNOWN]] ^{abc}[[POSTSUPERSCRIPT]] f[[UNKNOWN]] ^{def}[[POSTSUPERSCRIPT]] U[[UNKNOWN]] [[[OPEN]] C[[UNKNOWN]] ^{ss_{2}}[[POSTSUPERSCRIPT]] ][[CLOSE]] ^{ad}[[POSTSUPERSCRIPT]] U[[UNKNOWN]] [[[OPEN]] C[[UNKNOWN]] ^{s_{1}s_{2}}[[POSTSUPERSCRIPT]] ][[CLOSE]] ^{be}[[POSTSUPERSCRIPT]] U[[UNKNOWN]] [[[OPEN]] C[[UNKNOWN]] ^{s_{1}0}[[POSTSUPERSCRIPT]] ][[CLOSE]] ^{cf}[[POSTSUPERSCRIPT]]
Warning:not_parsed:RELOP.UNKNOWN.POSTSUPERSCRIPT>OPEN MathParser failed to match rule 'Anything'
	at 0301214.tex; line 265 col 7 - line 265 col 7
	In "$\displaystyle\quad\quad\quad V_{3}[C,\dot{x}]\equiv g^{2}(\{\Phi^{[1]}_{\mu%
	\nu}[C^{ss_{2}}]Tr_{L}\Phi^{[1]}[C^{s_{2}0}]-\Phi^{[1]}_{\mu\rho}[C^{ss_{2}}]%
	\Phi^{[1]}_{\nu\rho}[C^{s_{2}0}]\}\dot{x}_{\mu}(s_{1}-0)\@@ENDINLINEMATH"
	V[[UNKNOWN]] _{3}[[POSTSUBSCRIPT]] [[[OPEN]] C[[UNKNOWN]] ,[[PUNCT]] \dot{x}[[UNKNOWN]] ][[CLOSE]] ≡[[RELOP]] g[[UNKNOWN]] ^{2}[[POSTSUPERSCRIPT]]
	        > ([[OPEN]] \{[[OPEN]] Φ[[UNKNOWN]] ^{[1]}[[POSTSUPERSCRIPT]] _{\mu\nu}[[POSTSUBSCRIPT]] [[[OPEN]] C[[UNKNOWN]] ^{ss_{2}}[[POSTSUPERSCRIPT]] ][[CLOSE]] T[[UNKNOWN]] r[[UNKNOWN]] _{L}[[POSTSUBSCRIPT]] Φ[[UNKNOWN]] ^{[1]}[[POSTSUPERSCRIPT]] [[[OPEN]] C[[UNKNOWN]] ^{s_{2}0}[[POSTSUPERSCRIPT]] ][[CLOSE]] -[[ADDOP]] Φ[[UNKNOWN]] ^{[1]}[[POSTSUPERSCRIPT]] _{\mu\rho}[[POSTSUBSCRIPT]] [[[OPEN]] C[[UNKNOWN]] ^{ss_{2}}[[POSTSUPERSCRIPT]] ][[CLOSE]] Φ[[UNKNOWN]] ^{[1]}[[POSTSUPERSCRIPT]] _{\nu\rho}[[POSTSUBSCRIPT]] [[[OPEN]] C[[UNKNOWN]] ^{s_{2}0}[[POSTSUPERSCRIPT]] ][[CLOSE]] \}[[CLOSE]] \dot{x}[[UNKNOWN]] _{\mu}[[POSTSUBSCRIPT]] ([[OPEN]] s[[UNKNOWN]] _{1}[[POSTSUBSCRIPT]] -[[ADDOP]] 0[[NUMBER]] )[[CLOSE]]
Warning:not_parsed:RELOP.UNKNOWN.POSTSUPERSCRIPT>OPEN MathParser failed to match rule 'Anything'
	at 0301214.tex; line 265 col 7 - line 267 col 30
	In "$\displaystyle\quad\quad\quad V_{3}[C,\dot{x}]\equiv g^{2}(\{\Phi^{[1]}_{\mu%
	\nu}[C^{ss_{2}}]Tr_{L}\Phi^{[1]}[C^{s_{2}0}]-\Phi^{[1]}_{\mu\rho}[C^{ss_{2}}]%
	\Phi^{[1]}_{\nu\rho}[C^{s_{2}0}]\}\dot{x}_{\mu}(s_{1}-0)$"
	V[[UNKNOWN]] _{3}[[POSTSUBSCRIPT]] [[[OPEN]] C[[UNKNOWN]] ,[[PUNCT]] \dot{x}[[UNKNOWN]] ][[CLOSE]] ≡[[RELOP]] g[[UNKNOWN]] ^{2}[[POSTSUPERSCRIPT]]
	        > ([[OPEN]] \{[[OPEN]] Φ[[UNKNOWN]] ^{[1]}[[POSTSUPERSCRIPT]] _{\mu\nu}[[POSTSUBSCRIPT]] [[[OPEN]] C[[UNKNOWN]] ^{ss_{2}}[[POSTSUPERSCRIPT]] ][[CLOSE]] T[[UNKNOWN]] r[[UNKNOWN]] _{L}[[POSTSUBSCRIPT]] Φ[[UNKNOWN]] ^{[1]}[[POSTSUPERSCRIPT]] [[[OPEN]] C[[UNKNOWN]] ^{s_{2}0}[[POSTSUPERSCRIPT]] ][[CLOSE]] -[[ADDOP]] Φ[[UNKNOWN]] ^{[1]}[[POSTSUPERSCRIPT]] _{\mu\rho}[[POSTSUBSCRIPT]] [[[OPEN]] C[[UNKNOWN]] ^{ss_{2}}[[POSTSUPERSCRIPT]] ][[CLOSE]] Φ[[UNKNOWN]] ^{[1]}[[POSTSUPERSCRIPT]] _{\nu\rho}[[POSTSUBSCRIPT]] [[[OPEN]] C[[UNKNOWN]] ^{s_{2}0}[[POSTSUPERSCRIPT]] ][[CLOSE]] \}[[CLOSE]] \dot{x}[[UNKNOWN]] _{\mu}[[POSTSUBSCRIPT]] ([[OPEN]] s[[UNKNOWN]] _{1}[[POSTSUBSCRIPT]] -[[ADDOP]] 0[[NUMBER]] )[[CLOSE]]
Warning:not_parsed:OPEN.NUMBER.CLOSE>CLOSE MathParser failed to match rule 'Anything'
	at 0301214.tex; line 267 col 37 - line 267 col 37
	In "$\displaystyle\times[\dot{x}_{\nu}(0)+\dot{x}_{\nu}(s_{2}-0)]+\{\Phi^{[1]}_{%
	\rho\mu}[C^{ss_{1}}]\Phi^{[1]}_{\rho\nu}[C^{s_{1}0}]+\Phi^{[1]}_{\mu\nu}[C^{s0%
	}]\}\dot{x}_{\mu}(s_{1}-0)\dot{x}_{\nu}(0))\@@ENDINLINEMATH"
	... 0[[NUMBER]] )[[CLOSE]] +[[ADDOP]] \dot{x}[[UNKNOWN]] _{\nu}[[POSTSUBSCRIPT]] ([[OPEN]] s[[UNKNOWN]] _{2}[[POSTSUBSCRIPT]] -[[ADDOP]] 0[[NUMBER]] )[[CLOSE]] ][[CLOSE]] +[[ADDOP]] \{[[OPEN]] Φ[[UNKNOWN]] ^{[1]}[[POSTSUPERSCRIPT]] _{\rho\mu}[[POSTSUBSCRIPT]] [[[OPEN]] C[[UNKNOWN]] ^{ss_{1}}[[POSTSUPERSCRIPT]] ][[CLOSE]] Φ[[UNKNOWN]] ^{[1]}[[POSTSUPERSCRIPT]] _{\rho\nu}[[POSTSUBSCRIPT]] [[[OPEN]] C[[UNKNOWN]] ^{s_{1}0}[[POSTSUPERSCRIPT]] ][[CLOSE]] +[[ADDOP]] Φ[[UNKNOWN]] ^{[1]}[[POSTSUPERSCRIPT]] _{\mu\nu}[[POSTSUBSCRIPT]] [[[OPEN]] C[[UNKNOWN]] ^{s0}[[POSTSUPERSCRIPT]] ][[CLOSE]] \}[[CLOSE]] \dot{x}[[UNKNOWN]] _{\mu}[[POSTSUBSCRIPT]] ([[OPEN]] s[[UNKNOWN]] _{1}[[POSTSUBSCRIPT]] -[[ADDOP]] 0[[NUMBER]] )[[CLOSE]] \dot{x}[[UNKNOWN]] _{\nu}[[POSTSUBSCRIPT]] ([[OPEN]] 0[[NUMBER]] )[[CLOSE]]
	        > )[[CLOSE]]
Warning:not_parsed:OPEN.NUMBER.CLOSE>CLOSE MathParser failed to match rule 'Anything'
	at 0301214.tex; line 267 col 37 - line 270 col 14
	In "$\displaystyle\times[\dot{x}_{\nu}(0)+\dot{x}_{\nu}(s_{2}-0)]+\{\Phi^{[1]}_{%
	\rho\mu}[C^{ss_{1}}]\Phi^{[1]}_{\rho\nu}[C^{s_{1}0}]+\Phi^{[1]}_{\mu\nu}[C^{s0%
	}]\}\dot{x}_{\mu}(s_{1}-0)\dot{x}_{\nu}(0))$"
	... 0[[NUMBER]] )[[CLOSE]] +[[ADDOP]] \dot{x}[[UNKNOWN]] _{\nu}[[POSTSUBSCRIPT]] ([[OPEN]] s[[UNKNOWN]] _{2}[[POSTSUBSCRIPT]] -[[ADDOP]] 0[[NUMBER]] )[[CLOSE]] ][[CLOSE]] +[[ADDOP]] \{[[OPEN]] Φ[[UNKNOWN]] ^{[1]}[[POSTSUPERSCRIPT]] _{\rho\mu}[[POSTSUBSCRIPT]] [[[OPEN]] C[[UNKNOWN]] ^{ss_{1}}[[POSTSUPERSCRIPT]] ][[CLOSE]] Φ[[UNKNOWN]] ^{[1]}[[POSTSUPERSCRIPT]] _{\rho\nu}[[POSTSUBSCRIPT]] [[[OPEN]] C[[UNKNOWN]] ^{s_{1}0}[[POSTSUPERSCRIPT]] ][[CLOSE]] +[[ADDOP]] Φ[[UNKNOWN]] ^{[1]}[[POSTSUPERSCRIPT]] _{\mu\nu}[[POSTSUBSCRIPT]] [[[OPEN]] C[[UNKNOWN]] ^{s0}[[POSTSUPERSCRIPT]] ][[CLOSE]] \}[[CLOSE]] \dot{x}[[UNKNOWN]] _{\mu}[[POSTSUBSCRIPT]] ([[OPEN]] s[[UNKNOWN]] _{1}[[POSTSUBSCRIPT]] -[[ADDOP]] 0[[NUMBER]] )[[CLOSE]] \dot{x}[[UNKNOWN]] _{\nu}[[POSTSUBSCRIPT]] ([[OPEN]] 0[[NUMBER]] )[[CLOSE]]
	        > )[[CLOSE]]
Warning:not_parsed:ADDOP.NUMBER.CLOSE>CLOSE MathParser failed to match rule 'Anything'
	at 0301214.tex; line 272 col 0 - line 275 col 14
	In "\begin{equation}V_{3}[C,\dot{x}]\rightarrow V_{g}[C,\dot{x}]\equiv-g^{2}\Phi^{%
	[1]}_{\mu\nu}[C^{ss_{2}}]\dot{x}_{\mu}(s_{1}-0)\dot{x}_{\nu}(s_{1}+0)).\end{equation}"
	V[[UNKNOWN]] _{3}[[POSTSUBSCRIPT]] [[[OPEN]] C[[UNKNOWN]] ,[[PUNCT]] \dot{x}[[UNKNOWN]] ][[CLOSE]] →[[ARROW]] V[[UNKNOWN]] _{g}[[POSTSUBSCRIPT]] [[[OPEN]] C[[UNKNOWN]] ,[[PUNCT]] \dot{x}[[UNKNOWN]] ][[CLOSE]] ≡[[RELOP]] -[[ADDOP]] g[[UNKNOWN]] ^{2}[[POSTSUPERSCRIPT]] Φ[[UNKNOWN]] ^{[1]}[[POSTSUPERSCRIPT]] _{\mu\nu}[[POSTSUBSCRIPT]] [[[OPEN]] C[[UNKNOWN]] ^{ss_{2}}[[POSTSUPERSCRIPT]] ][[CLOSE]] \dot{x}[[UNKNOWN]] _{\mu}[[POSTSUBSCRIPT]] ([[OPEN]] s[[UNKNOWN]] _{1}[[POSTSUBSCRIPT]] -[[ADDOP]] 0[[NUMBER]] )[[CLOSE]] \dot{x}[[UNKNOWN]] _{\nu}[[POSTSUBSCRIPT]] ([[OPEN]] s[[UNKNOWN]] _{1}[[POSTSUBSCRIPT]] +[[ADDOP]] 0[[NUMBER]] )[[CLOSE]]
	        > )[[CLOSE]]
Warning:not_parsed:UNKNOWN.POSTSUBSCRIPT.CLOSE>CLOSE MathParser failed to match rule 'Anything'
	at 0301214.tex; line 303 col 0 - line 306 col 14
	In "\begin{equation}\epsilon^{n}\cdot\dot{x}(t_{n})]=\int d\xi_{n}d\bar{\xi}_{n}\,%
	exp[i\xi_{n}\bar{\xi}_{n}\epsilon^{n}\cdot\dot{x}(t_{n})],\end{equation}"
	ϵ[[UNKNOWN]] ^{n}[[POSTSUPERSCRIPT]] ⋅[[MULOP]] \dot{x}[[UNKNOWN]] ([[OPEN]] t[[UNKNOWN]] _{n}[[POSTSUBSCRIPT]] )[[CLOSE]]
	        > ][[CLOSE]] =[[RELOP]] ∫[[INTOP]] d[[UNKNOWN]] ξ[[UNKNOWN]] _{n}[[POSTSUBSCRIPT]] d[[UNKNOWN]] \bar{\xi}[[UNKNOWN]] _{n}[[POSTSUBSCRIPT]] e[[UNKNOWN]] x[[UNKNOWN]] p[[UNKNOWN]] [[[OPEN]] i[[UNKNOWN]] ξ[[UNKNOWN]] _{n}[[POSTSUBSCRIPT]] \bar{\xi}[[UNKNOWN]] _{n}[[POSTSUBSCRIPT]] ϵ[[UNKNOWN]] ^{n}[[POSTSUPERSCRIPT]] ⋅[[MULOP]] \dot{x}[[UNKNOWN]] ([[OPEN]] t[[UNKNOWN]] _{n}[[POSTSUBSCRIPT]] )[[CLOSE]] ][[CLOSE]]
Warning:not_parsed:UNKNOWN.CLOSE.CLOSE>POSTSUBSCRIPT MathParser failed to match rule 'Anything'
	at 0301214.tex; line 324 col 6 - line 324 col 6
	In "$\displaystyle\Phi_{\mu\nu}^{[1]}[C]\rightarrow\Phi_{\mu\nu}^{[1]}[M]={\rm P}%
	\exp\left[{\frac{i}{2}\sum\limits_{n=1}^{M}{J\cdot\phi(n)}}\right]_{\mu\nu}=%
	\delta_{\mu\nu}+\frac{i}{2}(J_{\rho\sigma})_{\mu\nu}\sum\limits_{n=1}^{M}{\phi%
	_{\rho\sigma}}(n)\@@ENDINLINEMATH"
	Φ[[UNKNOWN]] _{\mu\nu}[[POSTSUBSCRIPT]] ^{[1]}[[POSTSUPERSCRIPT]] [[[OPEN]] C[[UNKNOWN]] ][[CLOSE]] →[[ARROW]] Φ[[UNKNOWN]] _{\mu\nu}[[POSTSUBSCRIPT]] ^{[1]}[[POSTSUPERSCRIPT]] [[[OPEN]] M[[UNKNOWN]] ][[CLOSE]] =[[RELOP]] P[[UNKNOWN]] exp[[OPFUNCTION]] \left[[[OPEN]] \frac{i}{2}[[UNKNOWN]] ∑[[SUMOP]] _{n=1}[[POSTSUBSCRIPT]] ^{M}[[POSTSUPERSCRIPT]] J[[UNKNOWN]] ⋅[[MULOP]] ϕ[[UNKNOWN]] ([[OPEN]] n[[UNKNOWN]] )[[CLOSE]] \right][[CLOSE]]
	        > _{\mu\nu}[[POSTSUBSCRIPT]] =[[RELOP]] δ[[UNKNOWN]] _{\mu\nu}[[POSTSUBSCRIPT]] +[[ADDOP]] \frac{i}{2}[[UNKNOWN]] ([[OPEN]] J[[UNKNOWN]] _{\rho\sigma}[[POSTSUBSCRIPT]] )[[CLOSE]] _{\mu\nu}[[POSTSUBSCRIPT]] ∑[[SUMOP]] _{n=1}[[POSTSUBSCRIPT]] ^{M}[[POSTSUPERSCRIPT]] ϕ[[UNKNOWN]] _{\rho\sigma}[[POSTSUBSCRIPT]] ([[OPEN]] n[[UNKNOWN]] )[[CLOSE]]
Warning:not_parsed:UNKNOWN.CLOSE.CLOSE>POSTSUBSCRIPT MathParser failed to match rule 'Anything'
	at 0301214.tex; line 324 col 6 - line 328 col 55
	In "$\displaystyle\Phi_{\mu\nu}^{[1]}[C]\rightarrow\Phi_{\mu\nu}^{[1]}[M]={\rm P}%
	\exp\left[{\frac{i}{2}\sum\limits_{n=1}^{M}{J\cdot\phi(n)}}\right]_{\mu\nu}=%
	\delta_{\mu\nu}+\frac{i}{2}(J_{\rho\sigma})_{\mu\nu}\sum\limits_{n=1}^{M}{\phi%
	_{\rho\sigma}}(n)$"
	Φ[[UNKNOWN]] _{\mu\nu}[[POSTSUBSCRIPT]] ^{[1]}[[POSTSUPERSCRIPT]] [[[OPEN]] C[[UNKNOWN]] ][[CLOSE]] →[[ARROW]] Φ[[UNKNOWN]] _{\mu\nu}[[POSTSUBSCRIPT]] ^{[1]}[[POSTSUPERSCRIPT]] [[[OPEN]] M[[UNKNOWN]] ][[CLOSE]] =[[RELOP]] P[[UNKNOWN]] exp[[OPFUNCTION]] \left[[[OPEN]] \frac{i}{2}[[UNKNOWN]] ∑[[SUMOP]] _{n=1}[[POSTSUBSCRIPT]] ^{M}[[POSTSUPERSCRIPT]] J[[UNKNOWN]] ⋅[[MULOP]] ϕ[[UNKNOWN]] ([[OPEN]] n[[UNKNOWN]] )[[CLOSE]] \right][[CLOSE]]
	        > _{\mu\nu}[[POSTSUBSCRIPT]] =[[RELOP]] δ[[UNKNOWN]] _{\mu\nu}[[POSTSUBSCRIPT]] +[[ADDOP]] \frac{i}{2}[[UNKNOWN]] ([[OPEN]] J[[UNKNOWN]] _{\rho\sigma}[[POSTSUBSCRIPT]] )[[CLOSE]] _{\mu\nu}[[POSTSUBSCRIPT]] ∑[[SUMOP]] _{n=1}[[POSTSUBSCRIPT]] ^{M}[[POSTSUPERSCRIPT]] ϕ[[UNKNOWN]] _{\rho\sigma}[[POSTSUBSCRIPT]] ([[OPEN]] n[[UNKNOWN]] )[[CLOSE]]
Warning:not_parsed:INTOP.POSTSUBSCRIPT.POSTSUPERSCRIPT>UNKNOWN MathParser failed to match rule 'Anything'
	at 0301214.tex; line 350 col 50 - line 350 col 50
	In "$\displaystyle\times\int\limits_{0}^{\infty}ds\int\limits_{0}^{s}ds_{1}\left[%
	\prod\limits_{n=M}^{N+1}\int\limits_{s_{1}}^{s}\,dt_{n}\right]\left[\prod%
	\limits_{n=N}^{1}\int\limits_{0}^{s_{1}}dt_{n}\right]\left[\prod\limits_{n=M}^%
	{1}\theta(t_{n}-t_{n-1})\right]\@@ENDINLINEMATH"
	×[[MULOP]] ∫[[INTOP]] _{0}[[POSTSUBSCRIPT]] ^{\infty}[[POSTSUPERSCRIPT]]
	        > d[[UNKNOWN]] s[[UNKNOWN]] ∫[[INTOP]] _{0}[[POSTSUBSCRIPT]] ^{s}[[POSTSUPERSCRIPT]] d[[UNKNOWN]] s[[UNKNOWN]] _{1}[[POSTSUBSCRIPT]] \left[[[OPEN]] ∏[[SUMOP]] _{n=M}[[POSTSUBSCRIPT]] ^{N+1}[[POSTSUPERSCRIPT]] ∫[[INTOP]] _{s_{1}}[[POSTSUBSCRIPT]] ^{s}[[POSTSUPERSCRIPT]] d[[UNKNOWN]] t[[UNKNOWN]] _{n}[[POSTSUBSCRIPT]] \right][[CLOSE]] \left[[[OPEN]] ∏[[SUMOP]] _{n=N}[[POSTSUBSCRIPT]] ^{1}[[POSTSUPERSCRIPT]] ∫[[INTOP]] _{0}[[POSTSUBSCRIPT]] ^{s_{1}}[[POSTSUPERSCRIPT]] d[[UNKNOWN]] t[[UNKNOWN]] _{n}[[POSTSUBSCRIPT]] \right][[CLOSE]] \left[[[OPEN]] ∏[[SUMOP]] _{n=M}[[POSTSUBSCRIPT]] ^{1}[[POSTSUPERSCRIPT]] θ[[UNKNOWN]] ([[OPEN]] t[[UNKNOWN]] _{n}[[POSTSUBSCRIPT]] -[[ADDOP]] t[[UNKNOWN]] _{n-1}[[POSTSUBSCRIPT]] )[[CLOSE]] \right][[CLOSE]]
Warning:not_parsed:INTOP.POSTSUBSCRIPT.POSTSUPERSCRIPT>UNKNOWN MathParser failed to match rule 'Anything'
	at 0301214.tex; line 350 col 50 - line 354 col 12
	In "$\displaystyle\times\int\limits_{0}^{\infty}ds\int\limits_{0}^{s}ds_{1}\left[%
	\prod\limits_{n=M}^{N+1}\int\limits_{s_{1}}^{s}\,dt_{n}\right]\left[\prod%
	\limits_{n=N}^{1}\int\limits_{0}^{s_{1}}dt_{n}\right]\left[\prod\limits_{n=M}^%
	{1}\theta(t_{n}-t_{n-1})\right]$"
	×[[MULOP]] ∫[[INTOP]] _{0}[[POSTSUBSCRIPT]] ^{\infty}[[POSTSUPERSCRIPT]]
	        > d[[UNKNOWN]] s[[UNKNOWN]] ∫[[INTOP]] _{0}[[POSTSUBSCRIPT]] ^{s}[[POSTSUPERSCRIPT]] d[[UNKNOWN]] s[[UNKNOWN]] _{1}[[POSTSUBSCRIPT]] \left[[[OPEN]] ∏[[SUMOP]] _{n=M}[[POSTSUBSCRIPT]] ^{N+1}[[POSTSUPERSCRIPT]] ∫[[INTOP]] _{s_{1}}[[POSTSUBSCRIPT]] ^{s}[[POSTSUPERSCRIPT]] d[[UNKNOWN]] t[[UNKNOWN]] _{n}[[POSTSUBSCRIPT]] \right][[CLOSE]] \left[[[OPEN]] ∏[[SUMOP]] _{n=N}[[POSTSUBSCRIPT]] ^{1}[[POSTSUPERSCRIPT]] ∫[[INTOP]] _{0}[[POSTSUBSCRIPT]] ^{s_{1}}[[POSTSUPERSCRIPT]] d[[UNKNOWN]] t[[UNKNOWN]] _{n}[[POSTSUBSCRIPT]] \right][[CLOSE]] \left[[[OPEN]] ∏[[SUMOP]] _{n=M}[[POSTSUBSCRIPT]] ^{1}[[POSTSUPERSCRIPT]] θ[[UNKNOWN]] ([[OPEN]] t[[UNKNOWN]] _{n}[[POSTSUBSCRIPT]] -[[ADDOP]] t[[UNKNOWN]] _{n-1}[[POSTSUBSCRIPT]] )[[CLOSE]] \right][[CLOSE]]
Warning:not_parsed:UNKNOWN.ADDOP.NUMBER>CLOSE MathParser failed to match rule 'Subscript'
	at 0301214.tex; line 368 col 17 - line 368 col 17
	In "$\displaystyle\Gamma_{2,M+2)}^{3gluons}=-{1\over 8}g^{M}\sum\limits_{N_{1}=0}^%
	{M}\sum\limits_{N_{2}=0}^{M}\left[\left(\prod\limits_{n=M}^{N_{2}+1}t^{a_{n}}_%
	{G}\right)t^{b}_{G}\left(\prod\limits_{n=N_{2}}^{N_{1}+1}t^{a_{n}}_{G}\right)t%
	^{a}_{G}\left(\prod\limits_{n=N_{1}}^{1}t^{a_{n}}_{G}\right)\right]^{ab}\@@ENDINLINEMATH"
	2[[NUMBER]] ,[[PUNCT]] M[[UNKNOWN]] +[[ADDOP]] 2[[NUMBER]]
	        > )[[CLOSE]]
Warning:not_parsed:UNKNOWN.ADDOP.NUMBER>CLOSE MathParser failed to match rule 'Subscript'
	at 0301214.tex; line 368 col 17 - line 368 col 17
	In "$\displaystyle\Gamma_{2,M+2)}^{3gluons}=-{1\over 8}g^{M}\sum\limits_{N_{1}=0}^%
	{M}\sum\limits_{N_{2}=0}^{M}\left[\left(\prod\limits_{n=M}^{N_{2}+1}t^{a_{n}}_%
	{G}\right)t^{b}_{G}\left(\prod\limits_{n=N_{2}}^{N_{1}+1}t^{a_{n}}_{G}\right)t%
	^{a}_{G}\left(\prod\limits_{n=N_{1}}^{1}t^{a_{n}}_{G}\right)\right]^{ab}$"
	2[[NUMBER]] ,[[PUNCT]] M[[UNKNOWN]] +[[ADDOP]] 2[[NUMBER]]
	        > )[[CLOSE]]
Warning:not_parsed:>FLOATSUPERSCRIPT MathParser failed to match rule 'Superscript'
	at 0301214.tex; line 409 col 76 - line 409 col 76
	In "\begin{equation}\tilde{G}^{(n)}(t,t^{\prime})=G^{(n)}(t,t^{\prime})+{1\over s_%
	{R}^{(n)}}(t_{R}^{(n)}-t_{R}^{{}^{\prime}(n)})^{2}\end{equation}"
	> {}^{\prime}[[FLOATSUPERSCRIPT]] ([[OPEN]] n[[UNKNOWN]] )[[CLOSE]]
Warning:not_parsed:POSTSUBSCRIPT.CLOSE.CLOSE>PUNCT MathParser failed to match rule 'Anything'
	at 0301214.tex; line 440 col 1 - line 440 col 1
	In "$\displaystyle<\dot{x}_{\mu}(t)\dot{x}_{\nu}(t^{\prime})>=-\delta_{\mu\nu}%
	\partial_{t}\partial_{t^{\prime}}\tilde{G}^{(2)}(t,t^{\prime})-\sum\limits_{n,%
	m}\hat{k}(t_{n})\hat{k}(t_{m})\partial_{t}[\tilde{G}^{(2)}(t,0)-\tilde{G}^{(2)%
	}(t,t_{n})]\quad\quad\times\partial_{t^{\prime}}[\tilde{G}^{(2)}(t^{\prime},0)%
	-\tilde{G}^{(2)}(t^{\prime},t_{m})].\@@ENDINLINEMATH"
	... >[[RELOP]] =[[RELOP]] -[[ADDOP]] δ[[UNKNOWN]] _{\mu\nu}[[POSTSUBSCRIPT]] ∂[[OPERATOR]] _{t}[[POSTSUBSCRIPT]] ∂[[OPERATOR]] _{t^{\prime}}[[POSTSUBSCRIPT]] \tilde{G}[[UNKNOWN]] ^{(2)}[[POSTSUPERSCRIPT]] ([[OPEN]] t[[UNKNOWN]] ,[[PUNCT]] t[[UNKNOWN]] ^{\prime}[[POSTSUPERSCRIPT]] )[[CLOSE]] -[[ADDOP]] ∑[[SUMOP]] _{n,m}[[POSTSUBSCRIPT]] \hat{k}[[UNKNOWN]] ([[OPEN]] t[[UNKNOWN]] _{n}[[POSTSUBSCRIPT]] )[[CLOSE]] \hat{k}[[UNKNOWN]] ([[OPEN]] t[[UNKNOWN]] _{m}[[POSTSUBSCRIPT]] )[[CLOSE]] ∂[[OPERATOR]] _{t}[[POSTSUBSCRIPT]] [[[OPEN]] \tilde{G}[[UNKNOWN]] ^{(2)}[[POSTSUPERSCRIPT]] ([[OPEN]] t[[UNKNOWN]] ,[[PUNCT]] 0[[NUMBER]] )[[CLOSE]] -[[ADDOP]] \tilde{G}[[UNKNOWN]] ^{(2)}[[POSTSUPERSCRIPT]] ([[OPEN]] t[[UNKNOWN]] ,[[PUNCT]] t[[UNKNOWN]] _{n}[[POSTSUBSCRIPT]] )[[CLOSE]] ][[CLOSE]]
	        > $\displaystyle<\dot{x}_{\mu}(t)\dot{x}_{\nu}(t^{\prime})>=-\delta_{\mu\nu}\partial_{t}\partial_{t^{\prime}}\tilde{G}^{(2)}(t,t^{\prime})-\sum\limits_{n,m}\hat{k}(t_{n})\hat{k}(t_{m})\partial_{t}[\tilde{G}^{(2)}(t,0)-\tilde{G}^{(2)}(t,t_{n})]\quad\quad\times\partial_{t^{\prime}}[\tilde{G}^{(2)}(t^{\prime},0)-\tilde{G}^{(2)}(t^{\prime},t_{m})].\@@ENDINLINEMATH[[PUNCT]] ×[[MULOP]] ∂[[OPERATOR]] _{t^{\prime}}[[POSTSUBSCRIPT]] [[[OPEN]] \tilde{G}[[UNKNOWN]] ^{(2)}[[POSTSUPERSCRIPT]] ([[OPEN]] t[[UNKNOWN]] ^{\prime}[[POSTSUPERSCRIPT]] ,[[PUNCT]] 0[[NUMBER]] )[[CLOSE]] -[[ADDOP]] \tilde{G}[[UNKNOWN]] ^{(2)}[[POSTSUPERSCRIPT]] ([[OPEN]] t[[UNKNOWN]] ^{\prime}[[POSTSUPERSCRIPT]] ,[[PUNCT]] t[[UNKNOWN]] _{m}[[POSTSUBSCRIPT]] )[[CLOSE]] ][[CLOSE]]
Warning:not_parsed:MULOP.OPERATOR.POSTSUBSCRIPT>OPEN MathParser failed to match rule 'Anything'
	at 0301214.tex; line 443 col 18 - line 444 col 14
	In "$\displaystyle\quad\quad\times\partial_{t^{\prime}}[\tilde{G}^{(2)}(t^{\prime}%
	,0)-\tilde{G}^{(2)}(t^{\prime},t_{m})].$"
	×[[MULOP]] ∂[[OPERATOR]] _{t^{\prime}}[[POSTSUBSCRIPT]]
	        > [[[OPEN]] \tilde{G}[[UNKNOWN]] ^{(2)}[[POSTSUPERSCRIPT]] ([[OPEN]] t[[UNKNOWN]] ^{\prime}[[POSTSUPERSCRIPT]] ,[[PUNCT]] 0[[NUMBER]] )[[CLOSE]] -[[ADDOP]] \tilde{G}[[UNKNOWN]] ^{(2)}[[POSTSUPERSCRIPT]] ([[OPEN]] t[[UNKNOWN]] ^{\prime}[[POSTSUPERSCRIPT]] ,[[PUNCT]] t[[UNKNOWN]] _{m}[[POSTSUBSCRIPT]] )[[CLOSE]] ][[CLOSE]]
 23.06 sec)
Math parsing succeeded:
   ltx:XMArg: 1788/1791
   ltx:XMath: 166/185
Symbols assumed as simple identifiers (with # of occurences):
   'A{italic}' (2), 'B{italic}' (16), 'C{italic}' (124), 'D{caligraphic}' (6), 'D{italic}' (29), 'F{italic}' (3), 'Gamma' (19), 'G{italic}' (15), 'J{italic}' (27), 'M{italic}' (45), 'N{italic}' (49), 'O{caligraphic}' (3), 'P' (4), 'Phi' (69), 'P{italic}' (3), 'Q{italic}' (5), 'R{italic}' (9), 'S{italic}' (5), 'T{italic}' (64), 'U{italic}' (38), 'V{italic}' (36), 'Z{italic}' (5), '`' (1), 'alpha' (8), 'a{italic}' (86), 'beta' (2), 'b{italic}' (71), 'c{italic}' (58), 'delta' (103), 'd{italic}' (138), 'epsilon' (14), 'e{italic}' (71), 'f{italic}' (51), 'g{italic}' (40), 'h{italic}' (3), 'i{italic}' (38), 'j{italic}' (8), 'kappa' (10), 'lambda' (8), 'l{italic}' (2), 'mu' (82), 'm{italic}' (20), 'nu' (78), 'n{italic}' (120), 'omega' (3), 'o{italic}' (9), 'phi' (13), 'pi' (9), 'p{italic}' (57), 'q{italic}' (6), 'rho' (59), 'r{italic}' (10), 'sigma' (50), 's{italic}' (209), 'theta' (13), 't{italic}' (234), 'u{italic}' (8), 'varepsilon' (6), 'xi' (15), 'x{italic}' (238)
Set MATHPARSER_SPECULATE to speculate on possible notations.
(Finalizing... 1.73 sec)
Conversion complete 22 warnings (See /home/user/latex-in-arxiv/0301214.latexml.log) (reqd. 38.39s)
