latexml (LaTeXML version 0.8.6) processing 2003/0301166.tex
(Digesting TeX 0301166...
(Loading /usr/share/perl5/LaTeXML/Package/TeX.pool.ltxml...
(Loading /usr/share/perl5/LaTeXML/Package/eTeX.pool.ltxml... 0.01 sec)
(Loading /usr/share/perl5/LaTeXML/Package/pdfTeX.pool.ltxml... 0.01 sec) 0.20 sec)
(Processing content /home/user/latex-in-arxiv/2003/0301166.tex...
(Loading /usr/share/perl5/LaTeXML/Package/LaTeX.pool.ltxml...
(Loading /usr/share/perl5/LaTeXML/Package/textcomp.sty.ltxml...
(Processing definitions /usr/share/texlive/texmf-dist/tex/latex-dev/base/ts1enc.dfu... 0.03 sec) 1.50 sec) 1.81 sec)
(Loading /usr/share/perl5/LaTeXML/Package/article.cls.ltxml... 0.01 sec)
(Loading /usr/share/perl5/LaTeXML/Package/psfig.sty.ltxml...
(Loading /usr/share/perl5/LaTeXML/Package/epsfig.sty.ltxml...
(Loading /usr/share/perl5/LaTeXML/Package/graphicx.sty.ltxml...
(Loading /usr/share/perl5/LaTeXML/Package/graphics.sty.ltxml... 0.01 sec) 0.02 sec) 0.04 sec) 0.05 sec)
(Loading /usr/share/perl5/LaTeXML/Package/latexsym.sty.ltxml... 0.00 sec) 21.74 sec) 21.98 sec)
(Building...
(Loading compiled schema /usr/share/perl5/LaTeXML/resources/RelaxNG/LaTeXML.model... 0.01 sec)
Info:malformed:id Duplicated attribute xml:id
	at 0301166.tex; line 812 col 14 - line 812 col 14
	Using id='S2.E3a' on <ltx:XMRow _box="Alignment[]" _font="Font[math,medium,italic,10,bla..."/>
	id='S2.E3' already set on <ltx:equation _box="LaTeXML::Core::Alignment=HASH(..." _font="Font[serif,medium,upright,10,b..." xml:id="S2.E3" _ID_counter_m_="1">...
Info:malformed:id Duplicated attribute xml:id
	at 0301166.tex; line 815 col 14 - line 815 col 14
	Using id='S2.E5a' on <ltx:XMRow _box="Alignment[]" _font="Font[math,medium,italic,10,bla..."/>
	id='S2.E5' already set on <ltx:equation _box="LaTeXML::Core::Alignment=HASH(..." _font="Font[serif,medium,upright,10,b..." xml:id="S2.E5" _ID_counter_m_="1">...
Info:malformed:id Duplicated attribute xml:id
	at 0301166.tex; line 851 col 0 - line 851 col 29
	Using id='S2.E8a' on <ltx:XMRow _box="Alignment[]" _font="Font[math,medium,italic,10,bla..."/>
	id='S2.E8' already set on <ltx:equation _box="LaTeXML::Core::Alignment=HASH(..." _font="Font[serif,medium,upright,10,b..." xml:id="S2.E8" _ID_counter_m_="1">...
Info:malformed:id Duplicated attribute xml:id
	at 0301166.tex; line 910 col 15 - line 910 col 15
	Using id='S2.E10a' on <ltx:XMRow _box="Alignment[]" _font="Font[math,medium,italic,10,bla..."/>
	id='S2.E10' already set on <ltx:equation _box="LaTeXML::Core::Alignment=HASH(..." _font="Font[serif,medium,upright,10,b..." xml:id="S2.E10" _ID_counter_m_="1">...
Info:malformed:id Duplicated attribute xml:id
	at 0301166.tex; line 912 col 50 - line 912 col 50
	Using id='S2.E13a' on <ltx:XMRow _box="Alignment[]" _font="Font[math,medium,italic,10,bla..."/>
	id='S2.E13' already set on <ltx:equation _box="LaTeXML::Core::Alignment=HASH(..." _font="Font[serif,medium,upright,10,b..." xml:id="S2.E13" _ID_counter_m_="1">...
Info:malformed:id Duplicated attribute xml:id
	at 0301166.tex; line 916 col 22 - line 916 col 22
	Using id='S2.E16a' on <ltx:XMRow _box="Alignment[]" _font="Font[math,medium,italic,10,bla..."/>
	id='S2.E16' already set on <ltx:equation _box="LaTeXML::Core::Alignment=HASH(..." _font="Font[serif,medium,upright,10,b..." xml:id="S2.E16" _ID_counter_m_="1">...
Info:malformed:id Duplicated attribute xml:id
	at 0301166.tex; line 940 col 54 - line 940 col 54
	Using id='S3.E18a' on <ltx:XMRow _box="Alignment[]" _font="Font[math,medium,italic,10,bla..."/>
	id='S3.E18' already set on <ltx:equation _box="LaTeXML::Core::Alignment=HASH(..." _font="Font[serif,medium,upright,10,b..." xml:id="S3.E18" _ID_counter_m_="1">...
Info:malformed:id Duplicated attribute xml:id
	at 0301166.tex; line 943 col 51 - line 943 col 51
	Using id='S3.E21a' on <ltx:XMRow _box="Alignment[]" _font="Font[math,medium,italic,10,bla..."/>
	id='S3.E21' already set on <ltx:equation _box="LaTeXML::Core::Alignment=HASH(..." _font="Font[serif,medium,upright,10,b..." xml:id="S3.E21" _ID_counter_m_="1">...
Info:malformed:id Duplicated attribute xml:id
	at 0301166.tex; line 946 col 0 - line 946 col 23
	Using id='S3.E23a' on <ltx:XMRow _box="Alignment[]" _font="Font[math,medium,italic,10,bla..."/>
	id='S3.E23' already set on <ltx:equation _box="LaTeXML::Core::Alignment=HASH(..." _font="Font[serif,medium,upright,10,b..." xml:id="S3.E23" _ID_counter_m_="1">...
Info:malformed:id Duplicated attribute xml:id
	at 0301166.tex; line 956 col 22 - line 956 col 22
	Using id='S3.E25a' on <ltx:XMRow _box="Alignment[]" _font="Font[math,medium,italic,10,bla..."/>
	id='S3.E25' already set on <ltx:equation _box="LaTeXML::Core::Alignment=HASH(..." _font="Font[serif,medium,upright,10,b..." xml:id="S3.E25" _ID_counter_m_="1">...
Info:malformed:id Duplicated attribute xml:id
	at 0301166.tex; line 959 col 53 - line 959 col 53
	Using id='S3.E28a' on <ltx:XMRow _box="Alignment[]" _font="Font[math,medium,italic,10,bla..."/>
	id='S3.E28' already set on <ltx:equation _box="LaTeXML::Core::Alignment=HASH(..." _font="Font[serif,medium,upright,10,b..." xml:id="S3.E28" _ID_counter_m_="1">...
Info:malformed:id Duplicated attribute xml:id
	at 0301166.tex; line 962 col 0 - line 962 col 23
	Using id='S3.E30a' on <ltx:XMRow _box="Alignment[]" _font="Font[math,medium,italic,10,bla..."/>
	id='S3.E30' already set on <ltx:equation _box="LaTeXML::Core::Alignment=HASH(..." _font="Font[serif,medium,upright,10,b..." xml:id="S3.E30" _ID_counter_m_="1">...
Info:malformed:id Duplicated attribute xml:id
	at 0301166.tex; line 974 col 37 - line 974 col 37
	Using id='S3.E33a' on <ltx:XMRow _box="Alignment[]" _font="Font[math,medium,italic,10,bla..."/>
	id='S3.E33' already set on <ltx:equation _box="LaTeXML::Core::Alignment=HASH(..." _font="Font[serif,medium,upright,10,b..." xml:id="S3.E33" _ID_counter_m_="1">...
Info:malformed:id Duplicated attribute xml:id
	at 0301166.tex; line 975 col 0 - line 975 col 39
	Using id='S3.E36a' on <ltx:XMRow _box="Alignment[]" _font="Font[math,medium,italic,10,bla..."/>
	id='S3.E36' already set on <ltx:equation _box="LaTeXML::Core::Alignment=HASH(..." _font="Font[serif,medium,upright,10,b..." xml:id="S3.E36" _ID_counter_m_="1">...
Info:malformed:id Duplicated attribute xml:id
	at 0301166.tex; line 991 col 14 - line 991 col 14
	Using id='S3.E38a' on <ltx:XMRow _box="Alignment[]" _font="Font[math,medium,italic,10,bla..."/>
	id='S3.E38' already set on <ltx:equation _box="LaTeXML::Core::Alignment=HASH(..." _font="Font[serif,medium,upright,10,b..." xml:id="S3.E38" _ID_counter_m_="1">...
Info:malformed:id Duplicated attribute xml:id
	at 0301166.tex; line 1001 col 25 - line 1001 col 25
	Using id='S3.E40a' on <ltx:XMRow _box="Alignment[]" _font="Font[math,medium,italic,10,bla..."/>
	id='S3.E40' already set on <ltx:equation _box="LaTeXML::Core::Alignment=HASH(..." _font="Font[serif,medium,upright,10,b..." xml:id="S3.E40" _ID_counter_m_="1">...
Info:malformed:id Duplicated attribute xml:id
	at 0301166.tex; line 1003 col 38 - line 1003 col 38
	Using id='S3.E44a' on <ltx:XMRow _box="Alignment[]" _font="Font[math,medium,italic,10,bla..."/>
	id='S3.E44' already set on <ltx:XMRow _box="LaTeXML::Core::Alignment=HASH(..." _font="Font[math,medium,italic,10,bla..." xml:id="S3.E44">...
Info:malformed:id Duplicated attribute xml:id
	at 0301166.tex; line 1005 col 37 - line 1005 col 37
	Using id='S3.E47a' on <ltx:XMRow _box="Alignment[]" _font="Font[math,medium,italic,10,bla..."/>
	id='S3.E47' already set on <ltx:XMRow _box="LaTeXML::Core::Alignment=HASH(..." _font="Font[math,medium,italic,10,bla..." xml:id="S3.E47">...
Info:malformed:id Duplicated attribute xml:id
	at 0301166.tex; line 1005 col 23 - line 1005 col 23
	Using id='S3.E48a' on <ltx:XMRow _box="Alignment[]" _font="Font[math,medium,italic,10,bla..."/>
	id='S3.E48' already set on <ltx:equation _box="LaTeXML::Core::Alignment=HASH(..." _font="Font[serif,medium,upright,10,b..." xml:id="S3.E48" _ID_counter_m_="1">...
Info:malformed:id Duplicated attribute xml:id
	at 0301166.tex; line 1008 col 38 - line 1008 col 38
	Using id='S3.E51a' on <ltx:XMRow _box="Alignment[]" _font="Font[math,medium,italic,10,bla..."/>
	id='S3.E51' already set on <ltx:XMRow _box="LaTeXML::Core::Alignment=HASH(..." _font="Font[math,medium,italic,10,bla..." xml:id="S3.E51">...
Info:malformed:id Duplicated attribute xml:id
	at 0301166.tex; line 1010 col 36 - line 1010 col 36
	Using id='S3.E54a' on <ltx:XMRow _box="Alignment[]" _font="Font[math,medium,italic,10,bla..."/>
	id='S3.E54' already set on <ltx:XMRow _box="LaTeXML::Core::Alignment=HASH(..." _font="Font[math,medium,italic,10,bla..." xml:id="S3.E54">...
Info:malformed:id Duplicated attribute xml:id
	at 0301166.tex; line 1011 col 14 - line 1011 col 14
	Using id='S3.E56a' on <ltx:XMRow _box="Alignment[]" _font="Font[math,medium,italic,10,bla..."/>
	id='S3.E56' already set on <ltx:equation _box="LaTeXML::Core::Alignment=HASH(..." _font="Font[serif,medium,upright,10,b..." xml:id="S3.E56" _ID_counter_m_="1">...
Info:malformed:id Duplicated attribute xml:id
	at 0301166.tex; line 1013 col 36 - line 1013 col 36
	Using id='S3.E59a' on <ltx:XMRow _box="Alignment[]" _font="Font[math,medium,italic,10,bla..."/>
	id='S3.E59' already set on <ltx:XMRow _box="LaTeXML::Core::Alignment=HASH(..." _font="Font[math,medium,italic,10,bla..." xml:id="S3.E59">...
Info:malformed:id Duplicated attribute xml:id
	at 0301166.tex; line 1015 col 50 - line 1015 col 50
	Using id='S3.E62a' on <ltx:XMRow _box="Alignment[]" _font="Font[math,medium,italic,10,bla..."/>
	id='S3.E62' already set on <ltx:XMRow _box="LaTeXML::Core::Alignment=HASH(..." _font="Font[math,medium,italic,10,bla..." xml:id="S3.E62">...
Info:malformed:id Duplicated attribute xml:id
	at 0301166.tex; line 1015 col 22 - line 1015 col 22
	Using id='S3.E63a' on <ltx:XMRow _box="Alignment[]" _font="Font[math,medium,italic,10,bla..."/>
	id='S3.E63' already set on <ltx:equation _box="LaTeXML::Core::Alignment=HASH(..." _font="Font[serif,medium,upright,10,b..." xml:id="S3.E63" _ID_counter_m_="1">...
Info:malformed:id Duplicated attribute xml:id
	at 0301166.tex; line 1018 col 38 - line 1018 col 38
	Using id='S3.E66a' on <ltx:XMRow _box="Alignment[]" _font="Font[math,medium,italic,10,bla..."/>
	id='S3.E66' already set on <ltx:XMRow _box="LaTeXML::Core::Alignment=HASH(..." _font="Font[math,medium,italic,10,bla..." xml:id="S3.E66">...
Info:malformed:id Duplicated attribute xml:id
	at 0301166.tex; line 1020 col 42 - line 1020 col 42
	Using id='S3.E69a' on <ltx:XMRow _box="Alignment[]" _font="Font[math,medium,italic,10,bla..."/>
	id='S3.E69' already set on <ltx:XMRow _box="LaTeXML::Core::Alignment=HASH(..." _font="Font[math,medium,italic,10,bla..." xml:id="S3.E69">...
Info:malformed:id Duplicated attribute xml:id
	at 0301166.tex; line 1020 col 17 - line 1020 col 17
	Using id='S3.E70a' on <ltx:XMRow _box="Alignment[]" _font="Font[math,medium,italic,10,bla..."/>
	id='S3.E70' already set on <ltx:equation _box="LaTeXML::Core::Alignment=HASH(..." _font="Font[serif,medium,upright,10,b..." xml:id="S3.E70" _ID_counter_m_="1">...
Info:malformed:id Duplicated attribute xml:id
	at 0301166.tex; line 1028 col 37 - line 1028 col 37
	Using id='S3.E72a' on <ltx:XMRow _box="Alignment[]" _font="Font[math,medium,italic,10,bla..."/>
	id='S3.E72' already set on <ltx:equation _box="LaTeXML::Core::Alignment=HASH(..." _font="Font[serif,medium,upright,10,b..." xml:id="S3.E72" _ID_counter_m_="1">...
Info:malformed:id Duplicated attribute xml:id
	at 0301166.tex; line 1029 col 35 - line 1029 col 35
	Using id='S3.E74a' on <ltx:XMRow _box="Alignment[]" _font="Font[math,medium,italic,10,bla..."/>
	id='S3.E74' already set on <ltx:equation _box="LaTeXML::Core::Alignment=HASH(..." _font="Font[serif,medium,upright,10,b..." xml:id="S3.E74" _ID_counter_m_="1">...
Info:malformed:id Duplicated attribute xml:id
	at 0301166.tex; line 1039 col 26 - line 1039 col 26
	Using id='S3.E76a' on <ltx:XMRow _box="Alignment[]" _font="Font[math,medium,italic,10,bla..."/>
	id='S3.E76' already set on <ltx:equation _box="LaTeXML::Core::Alignment=HASH(..." _font="Font[serif,medium,upright,10,b..." xml:id="S3.E76" _ID_counter_m_="1">...
Info:malformed:id Duplicated attribute xml:id
	at 0301166.tex; line 1040 col 33 - line 1040 col 33
	Using id='S3.E78a' on <ltx:XMRow _box="Alignment[]" _font="Font[math,medium,italic,10,bla..."/>
	id='S3.E78' already set on <ltx:equation _box="LaTeXML::Core::Alignment=HASH(..." _font="Font[serif,medium,upright,10,b..." xml:id="S3.E78" _ID_counter_m_="1">...
Info:malformed:id Duplicated attribute xml:id
	at 0301166.tex; line 1041 col 22 - line 1041 col 22
	Using id='S3.E80a' on <ltx:XMRow _box="Alignment[]" _font="Font[math,medium,italic,10,bla..."/>
	id='S3.E80' already set on <ltx:equation _box="LaTeXML::Core::Alignment=HASH(..." _font="Font[serif,medium,upright,10,b..." xml:id="S3.E80" _ID_counter_m_="1">...
Info:malformed:id Duplicated attribute xml:id
	at 0301166.tex; line 1042 col 54 - line 1042 col 54
	Using id='S3.E82a' on <ltx:XMRow _box="Alignment[]" _font="Font[math,medium,italic,10,bla..."/>
	id='S3.E82' already set on <ltx:equation _box="LaTeXML::Core::Alignment=HASH(..." _font="Font[serif,medium,upright,10,b..." xml:id="S3.E82" _ID_counter_m_="1">...
Info:malformed:id Duplicated attribute xml:id
	at 0301166.tex; line 1053 col 51 - line 1053 col 51
	Using id='S3.E85a' on <ltx:XMRow _box="Alignment[]" _font="Font[math,medium,italic,10,bla..."/>
	id='S3.E85' already set on <ltx:equation _box="LaTeXML::Core::Alignment=HASH(..." _font="Font[serif,medium,upright,10,b..." xml:id="S3.E85" _ID_counter_m_="1">...
Info:malformed:id Duplicated attribute xml:id
	at 0301166.tex; line 1054 col 22 - line 1054 col 22
	Using id='S3.E87a' on <ltx:XMRow _box="Alignment[]" _font="Font[math,medium,italic,10,bla..."/>
	id='S3.E87' already set on <ltx:equation _box="LaTeXML::Core::Alignment=HASH(..." _font="Font[serif,medium,upright,10,b..." xml:id="S3.E87" _ID_counter_m_="1">...
Info:malformed:id Duplicated attribute xml:id
	at 0301166.tex; line 1055 col 22 - line 1055 col 22
	Using id='S3.E89a' on <ltx:XMRow _box="Alignment[]" _font="Font[math,medium,italic,10,bla..."/>
	id='S3.E89' already set on <ltx:equation _box="LaTeXML::Core::Alignment=HASH(..." _font="Font[serif,medium,upright,10,b..." xml:id="S3.E89" _ID_counter_m_="1">...
Info:malformed:id Duplicated attribute xml:id
	at 0301166.tex; line 1057 col 0 - line 1057 col 60
	Using id='S3.E92a' on <ltx:XMRow _box="Alignment[]" _font="Font[math,medium,italic,10,bla..."/>
	id='S3.E92' already set on <ltx:equation _box="LaTeXML::Core::Alignment=HASH(..." _font="Font[serif,medium,upright,10,b..." xml:id="S3.E92" _ID_counter_m_="1">...
Info:malformed:id Duplicated attribute xml:id
	at 0301166.tex; line 1059 col 21 - line 1059 col 21
	Using id='S3.E94a' on <ltx:XMRow _box="Alignment[]" _font="Font[math,medium,italic,10,bla..."/>
	id='S3.E94' already set on <ltx:equation _box="LaTeXML::Core::Alignment=HASH(..." _font="Font[serif,medium,upright,10,b..." xml:id="S3.E94" _ID_counter_m_="1">...
Info:malformed:id Duplicated attribute xml:id
	at 0301166.tex; line 1070 col 27 - line 1070 col 27
	Using id='S3.E97a' on <ltx:XMRow _box="Alignment[]" _font="Font[math,medium,italic,10,bla..."/>
	id='S3.E97' already set on <ltx:equation _box="LaTeXML::Core::Alignment=HASH(..." _font="Font[serif,medium,upright,10,b..." xml:id="S3.E97" _ID_counter_m_="1">...
Info:malformed:id Duplicated attribute xml:id
	at 0301166.tex; line 1083 col 31 - line 1083 col 31
	Using id='S3.E101a' on <ltx:XMRow _box="Alignment[]" _font="Font[math,medium,italic,10,bla..."/>
	id='S3.E101' already set on <ltx:equation _box="LaTeXML::Core::Alignment=HASH(..." _font="Font[serif,medium,upright,10,b..." xml:id="S3.E101" _ID_counter_m_="1">...
Info:malformed:id Duplicated attribute xml:id
	at 0301166.tex; line 1085 col 0 - line 1085 col 27
	Using id='S3.E104a' on <ltx:XMRow _box="Alignment[]" _font="Font[math,medium,italic,10,bla..."/>
	id='S3.E104' already set on <ltx:equation _box="LaTeXML::Core::Alignment=HASH(..." _font="Font[serif,medium,upright,10,b..." xml:id="S3.E104" _ID_counter_m_="1">...
Info:malformed:id Duplicated attribute xml:id
	at 0301166.tex; line 1106 col 13 - line 1106 col 13
	Using id='S4.E106a' on <ltx:XMRow _box="Alignment[]" _font="Font[math,medium,italic,10,bla..."/>
	id='S4.E106' already set on <ltx:equation _box="LaTeXML::Core::Alignment=HASH(..." _font="Font[serif,medium,upright,10,b..." xml:id="S4.E106" _ID_counter_m_="1">...
Info:malformed:id Duplicated attribute xml:id
	at 0301166.tex; line 1118 col 29 - line 1118 col 29
	Using id='S4.E109a' on <ltx:XMRow _box="Alignment[]" _font="Font[math,medium,italic,10,bla..."/>
	id='S4.E109' already set on <ltx:equation _box="LaTeXML::Core::Alignment=HASH(..." _font="Font[serif,medium,upright,10,b..." xml:id="S4.E109" _ID_counter_m_="1">...
Info:malformed:id Duplicated attribute xml:id
	at 0301166.tex; line 1122 col 14 - line 1122 col 14
	Using id='S4.E113a' on <ltx:XMRow _box="Alignment[]" _font="Font[math,medium,italic,10,bla..."/>
	id='S4.E113' already set on <ltx:equation _box="LaTeXML::Core::Alignment=HASH(..." _font="Font[serif,medium,upright,10,b..." xml:id="S4.E113" _ID_counter_m_="1">...
Info:malformed:id Duplicated attribute xml:id
	at 0301166.tex; line 1124 col 45 - line 1124 col 45
	Using id='S4.E116a' on <ltx:XMRow _box="Alignment[]" _font="Font[math,medium,italic,10,bla..."/>
	id='S4.E116' already set on <ltx:equation _box="LaTeXML::Core::Alignment=HASH(..." _font="Font[serif,medium,upright,10,b..." xml:id="S4.E116" _ID_counter_m_="1">...
Info:malformed:id Duplicated attribute xml:id
	at 0301166.tex; line 1125 col 0 - line 1125 col 42
	Using id='S4.E119a' on <ltx:XMRow _box="Alignment[]" _font="Font[math,medium,italic,10,bla..."/>
	id='S4.E119' already set on <ltx:equation _box="LaTeXML::Core::Alignment=HASH(..." _font="Font[serif,medium,upright,10,b..." xml:id="S4.E119" _ID_counter_m_="1">...
Info:malformed:id Duplicated attribute xml:id
	at 0301166.tex; line 1140 col 30 - line 1140 col 30
	Using id='S4.E122a' on <ltx:XMRow _box="Alignment[]" _font="Font[math,medium,italic,10,bla..."/>
	id='S4.E122' already set on <ltx:equation _box="LaTeXML::Core::Alignment=HASH(..." _font="Font[serif,medium,upright,10,b..." xml:id="S4.E122" _ID_counter_m_="1">...
Info:malformed:id Duplicated attribute xml:id
	at 0301166.tex; line 1141 col 20 - line 1141 col 20
	Using id='S4.E124a' on <ltx:XMRow _box="Alignment[]" _font="Font[math,medium,italic,10,bla..."/>
	id='S4.E124' already set on <ltx:equation _box="LaTeXML::Core::Alignment=HASH(..." _font="Font[serif,medium,upright,10,b..." xml:id="S4.E124" _ID_counter_m_="1">...
Info:malformed:id Duplicated attribute xml:id
	at 0301166.tex; line 1234 col 33 - line 1234 col 33
	Using id='S5.E130a' on <ltx:XMRow _box="Alignment[]" _font="Font[math,medium,italic,10,bla..."/>
	id='S5.E130' already set on <ltx:equation _box="LaTeXML::Core::Alignment=HASH(..." _font="Font[serif,medium,upright,10,b..." xml:id="S5.E130" _ID_counter_m_="1">...
Info:malformed:id Duplicated attribute xml:id
	at 0301166.tex; line 1242 col 29 - line 1242 col 29
	Using id='S5.E133a' on <ltx:XMRow _box="Alignment[]" _font="Font[math,medium,italic,10,bla..."/>
	id='S5.E133' already set on <ltx:equation _box="LaTeXML::Core::Alignment=HASH(..." _font="Font[serif,medium,upright,10,b..." xml:id="S5.E133" _ID_counter_m_="1">...
Info:malformed:id Duplicated attribute xml:id
	at 0301166.tex; line 1255 col 48 - line 1255 col 48
	Using id='S5.E137a' on <ltx:XMRow _box="Alignment[]" _font="Font[math,medium,italic,10,bla..."/>
	id='S5.E137' already set on <ltx:equation _box="LaTeXML::Core::Alignment=HASH(..." _font="Font[serif,medium,upright,10,b..." xml:id="S5.E137" _ID_counter_m_="1">...
Info:malformed:id Duplicated attribute xml:id
	at 0301166.tex; line 1258 col 51 - line 1258 col 51
	Using id='S5.E141a' on <ltx:XMRow _box="Alignment[]" _font="Font[math,medium,italic,10,bla..."/>
	id='S5.E141' already set on <ltx:equation _box="LaTeXML::Core::Alignment=HASH(..." _font="Font[serif,medium,upright,10,b..." xml:id="S5.E141" _ID_counter_m_="1">...
Info:malformed:id Duplicated attribute xml:id
	at 0301166.tex; line 1262 col 51 - line 1262 col 51
	Using id='S5.E145a' on <ltx:XMRow _box="Alignment[]" _font="Font[math,medium,italic,10,bla..."/>
	id='S5.E145' already set on <ltx:equation _box="LaTeXML::Core::Alignment=HASH(..." _font="Font[serif,medium,upright,10,b..." xml:id="S5.E145" _ID_counter_m_="1">...
Info:malformed:id Duplicated attribute xml:id
	at 0301166.tex; line 1266 col 51 - line 1266 col 51
	Using id='S5.E149a' on <ltx:XMRow _box="Alignment[]" _font="Font[math,medium,italic,10,bla..."/>
	id='S5.E149' already set on <ltx:equation _box="LaTeXML::Core::Alignment=HASH(..." _font="Font[serif,medium,upright,10,b..." xml:id="S5.E149" _ID_counter_m_="1">...
Info:malformed:id Duplicated attribute xml:id
	at 0301166.tex; line 1270 col 71 - line 1270 col 71
	Using id='S5.E155a' on <ltx:XMRow _box="Alignment[]" _font="Font[math,medium,italic,10,bla..."/>
	id='S5.E155' already set on <ltx:XMRow _box="LaTeXML::Core::Alignment=HASH(..." _font="Font[math,medium,italic,10,bla..." xml:id="S5.E155">...
Info:malformed:id Duplicated attribute xml:id
	at 0301166.tex; line 1270 col 26 - line 1270 col 26
	Using id='S5.E158a' on <ltx:XMRow _box="Alignment[]" _font="Font[math,medium,italic,10,bla..."/>
	id='S5.E158' already set on <ltx:equation _box="LaTeXML::Core::Alignment=HASH(..." _font="Font[serif,medium,upright,10,b..." xml:id="S5.E158" _ID_counter_m_="1">...
Info:malformed:id Duplicated attribute xml:id
	at 0301166.tex; line 1271 col 46 - line 1271 col 46
	Using id='S5.E158b' on <ltx:XMRow _box="Alignment[]" _font="Font[math,medium,italic,10,bla..."/>
	id='S5.E158' already set on <ltx:equation _box="LaTeXML::Core::Alignment=HASH(..." _font="Font[serif,medium,upright,10,b..." xml:id="S5.E158" _ID_counter_m_="1">...
Info:malformed:id Duplicated attribute xml:id
	at 0301166.tex; line 1274 col 0 - line 1274 col 35
	Using id='S5.E161a' on <ltx:XMRow _box="Alignment[]" _font="Font[math,medium,italic,10,bla..."/>
	id='S5.E161' already set on <ltx:equation _box="LaTeXML::Core::Alignment=HASH(..." _font="Font[serif,medium,upright,10,b..." xml:id="S5.E161" _ID_counter_m_="1">...
Info:malformed:id Duplicated attribute xml:id
	at 0301166.tex; line 1293 col 1 - line 1293 col 1
	Using id='S5.E166a' on <ltx:XMRow _box="Alignment[]" _font="Font[math,medium,italic,10,bla..."/>
	id='S5.E166' already set on <ltx:equation _box="LaTeXML::Core::Alignment=HASH(..." _font="Font[serif,medium,upright,10,b..." xml:id="S5.E166" _ID_counter_m_="1">...
Info:malformed:id Duplicated attribute xml:id
	at 0301166.tex; line 1317 col 70 - line 1317 col 70
	Using id='S5.E170a' on <ltx:XMRow _box="Alignment[]" _font="Font[math,medium,italic,10,bla..."/>
	id='S5.E170' already set on <ltx:equation _box="LaTeXML::Core::Alignment=HASH(..." _font="Font[serif,medium,upright,10,b..." xml:id="S5.E170" _ID_counter_m_="1">...
Info:malformed:id Duplicated attribute xml:id
	at 0301166.tex; line 1319 col 55 - line 1319 col 55
	Using id='S5.E174a' on <ltx:XMRow _box="Alignment[]" _font="Font[math,medium,italic,10,bla..."/>
	id='S5.E174' already set on <ltx:equation _box="LaTeXML::Core::Alignment=HASH(..." _font="Font[serif,medium,upright,10,b..." xml:id="S5.E174" _ID_counter_m_="1">...
Info:malformed:id Duplicated attribute xml:id
	at 0301166.tex; line 1330 col 29 - line 1330 col 29
	Using id='S5.E180a' on <ltx:XMRow _box="Alignment[]" _font="Font[math,medium,italic,10,bla..."/>
	id='S5.E180' already set on <ltx:equation _box="LaTeXML::Core::Alignment=HASH(..." _font="Font[serif,medium,upright,10,b..." xml:id="S5.E180" _ID_counter_m_="1">...
Info:malformed:id Duplicated attribute xml:id
	at 0301166.tex; line 1335 col 0 - line 1335 col 27
	Using id='S5.E182a' on <ltx:XMRow _box="Alignment[]" _font="Font[math,medium,italic,10,bla..."/>
	id='S5.E182' already set on <ltx:equation _box="LaTeXML::Core::Alignment=HASH(..." _font="Font[serif,medium,upright,10,b..." xml:id="S5.E182" _ID_counter_m_="1">...
Info:malformed:id Duplicated attribute xml:id
	at 0301166.tex; line 1564 col 14 - line 1564 col 14
	Using id='S7.E187a' on <ltx:XMRow _box="Alignment[]" _font="Font[math,medium,italic,10,bla..."/>
	id='S7.E187' already set on <ltx:equation _box="LaTeXML::Core::Alignment=HASH(..." _font="Font[serif,medium,upright,10,b..." xml:id="S7.E187" _ID_counter_m_="1">...
Info:malformed:id Duplicated attribute xml:id
	at 0301166.tex; line 1566 col 14 - line 1566 col 14
	Using id='S7.E191a' on <ltx:XMRow _box="Alignment[]" _font="Font[math,medium,italic,10,bla..."/>
	id='S7.E191' already set on <ltx:equation _box="LaTeXML::Core::Alignment=HASH(..." _font="Font[serif,medium,upright,10,b..." xml:id="S7.E191" _ID_counter_m_="1">...
Info:malformed:id Duplicated attribute xml:id
	at 0301166.tex; line 1567 col 14 - line 1567 col 14
	Using id='S7.E193a' on <ltx:XMRow _box="Alignment[]" _font="Font[math,medium,italic,10,bla..."/>
	id='S7.E193' already set on <ltx:equation _box="LaTeXML::Core::Alignment=HASH(..." _font="Font[serif,medium,upright,10,b..." xml:id="S7.E193" _ID_counter_m_="1">...
Info:malformed:id Duplicated attribute xml:id
	at 0301166.tex; line 1577 col 43 - line 1577 col 43
	Using id='S7.E195a' on <ltx:XMRow _box="Alignment[]" _font="Font[math,medium,italic,10,bla..."/>
	id='S7.E195' already set on <ltx:equation _box="LaTeXML::Core::Alignment=HASH(..." _font="Font[serif,medium,upright,10,b..." xml:id="S7.E195" _ID_counter_m_="1">...
Info:malformed:id Duplicated attribute xml:id
	at 0301166.tex; line 1578 col 0 - line 1578 col 56
	Using id='S7.E197a' on <ltx:XMRow _box="Alignment[]" _font="Font[math,medium,italic,10,bla..."/>
	id='S7.E197' already set on <ltx:equation _box="LaTeXML::Core::Alignment=HASH(..." _font="Font[serif,medium,upright,10,b..." xml:id="S7.E197" _ID_counter_m_="1">...
Info:malformed:id Duplicated attribute xml:id
	at 0301166.tex; line 1588 col 43 - line 1588 col 43
	Using id='S7.E199a' on <ltx:XMRow _box="Alignment[]" _font="Font[math,medium,italic,10,bla..."/>
	id='S7.E199' already set on <ltx:equation _box="LaTeXML::Core::Alignment=HASH(..." _font="Font[serif,medium,upright,10,b..." xml:id="S7.E199" _ID_counter_m_="1">...
Info:malformed:id Duplicated attribute xml:id
	at 0301166.tex; line 1589 col 0 - line 1589 col 57
	Using id='S7.E201a' on <ltx:XMRow _box="Alignment[]" _font="Font[math,medium,italic,10,bla..."/>
	id='S7.E201' already set on <ltx:equation _box="LaTeXML::Core::Alignment=HASH(..." _font="Font[serif,medium,upright,10,b..." xml:id="S7.E201" _ID_counter_m_="1">...
Info:malformed:id Duplicated attribute xml:id
	at 0301166.tex; line 1600 col 39 - line 1600 col 39
	Using id='S7.E203a' on <ltx:XMRow _box="Alignment[]" _font="Font[math,medium,italic,10,bla..."/>
	id='S7.E203' already set on <ltx:equation _box="LaTeXML::Core::Alignment=HASH(..." _font="Font[serif,medium,upright,10,b..." xml:id="S7.E203" _ID_counter_m_="1">...
Info:malformed:id Duplicated attribute xml:id
	at 0301166.tex; line 1601 col 40 - line 1601 col 40
	Using id='S7.E205a' on <ltx:XMRow _box="Alignment[]" _font="Font[math,medium,italic,10,bla..."/>
	id='S7.E205' already set on <ltx:equation _box="LaTeXML::Core::Alignment=HASH(..." _font="Font[serif,medium,upright,10,b..." xml:id="S7.E205" _ID_counter_m_="1">...
Info:malformed:id Duplicated attribute xml:id
	at 0301166.tex; line 1613 col 22 - line 1613 col 22
	Using id='S7.E207a' on <ltx:XMRow _box="Alignment[]" _font="Font[math,medium,italic,10,bla..."/>
	id='S7.E207' already set on <ltx:equation _box="LaTeXML::Core::Alignment=HASH(..." _font="Font[serif,medium,upright,10,b..." xml:id="S7.E207" _ID_counter_m_="1">...
Info:malformed:id Duplicated attribute xml:id
	at 0301166.tex; line 1614 col 29 - line 1614 col 29
	Using id='S7.E209a' on <ltx:XMRow _box="Alignment[]" _font="Font[math,medium,italic,10,bla..."/>
	id='S7.E209' already set on <ltx:equation _box="LaTeXML::Core::Alignment=HASH(..." _font="Font[serif,medium,upright,10,b..." xml:id="S7.E209" _ID_counter_m_="1">...
Info:malformed:id Duplicated attribute xml:id
	at 0301166.tex; line 1625 col 57 - line 1625 col 57
	Using id='S7.E212a' on <ltx:XMRow _box="Alignment[]" _font="Font[math,medium,italic,10,bla..."/>
	id='S7.E212' already set on <ltx:equation _box="LaTeXML::Core::Alignment=HASH(..." _font="Font[serif,medium,upright,10,b..." xml:id="S7.E212" _ID_counter_m_="1">...
Info:malformed:id Duplicated attribute xml:id
	at 0301166.tex; line 1628 col 14 - line 1628 col 14
	Using id='S7.E215a' on <ltx:XMRow _box="Alignment[]" _font="Font[math,medium,italic,10,bla..."/>
	id='S7.E215' already set on <ltx:equation _box="LaTeXML::Core::Alignment=HASH(..." _font="Font[serif,medium,upright,10,b..." xml:id="S7.E215" _ID_counter_m_="1">...
Info:malformed:id Duplicated attribute xml:id
	at 0301166.tex; line 1639 col 44 - line 1639 col 44
	Using id='S7.E217a' on <ltx:XMRow _box="Alignment[]" _font="Font[math,medium,italic,10,bla..."/>
	id='S7.E217' already set on <ltx:equation _box="LaTeXML::Core::Alignment=HASH(..." _font="Font[serif,medium,upright,10,b..." xml:id="S7.E217" _ID_counter_m_="1">...
Info:malformed:id Duplicated attribute xml:id
	at 0301166.tex; line 1642 col 0 - line 1642 col 58
	Using id='S7.E219a' on <ltx:XMRow _box="Alignment[]" _font="Font[math,medium,italic,10,bla..."/>
	id='S7.E219' already set on <ltx:equation _box="LaTeXML::Core::Alignment=HASH(..." _font="Font[serif,medium,upright,10,b..." xml:id="S7.E219" _ID_counter_m_="1">...
Info:malformed:id Duplicated attribute xml:id
	at 0301166.tex; line 1652 col 58 - line 1652 col 58
	Using id='S7.E221a' on <ltx:XMRow _box="Alignment[]" _font="Font[math,medium,italic,10,bla..."/>
	id='S7.E221' already set on <ltx:equation _box="LaTeXML::Core::Alignment=HASH(..." _font="Font[serif,medium,upright,10,b..." xml:id="S7.E221" _ID_counter_m_="1">...
Info:malformed:id Duplicated attribute xml:id
	at 0301166.tex; line 1653 col 44 - line 1653 col 44
	Using id='S7.E223a' on <ltx:XMRow _box="Alignment[]" _font="Font[math,medium,italic,10,bla..."/>
	id='S7.E223' already set on <ltx:equation _box="LaTeXML::Core::Alignment=HASH(..." _font="Font[serif,medium,upright,10,b..." xml:id="S7.E223" _ID_counter_m_="1">...
Info:malformed:id Duplicated attribute xml:id
	at 0301166.tex; line 1726 col 1 - line 1726 col 1
	Using id='S8.E226a' on <ltx:XMRow _box="Alignment[]" _font="Font[math,medium,italic,10,bla..."/>
	id='S8.E226' already set on <ltx:equation _box="LaTeXML::Core::Alignment=HASH(..." _font="Font[serif,medium,upright,10,b..." xml:id="S8.E226" _ID_counter_m_="1">...
Info:malformed:id Duplicated attribute xml:id
	at 0301166.tex; line 1760 col 63 - line 1760 col 63
	Using id='S8.E228a' on <ltx:XMRow _box="Alignment[]" _font="Font[math,medium,italic,10,bla..."/>
	id='S8.E228' already set on <ltx:equation _box="LaTeXML::Core::Alignment=HASH(..." _font="Font[serif,medium,upright,10,b..." xml:id="S8.E228" _ID_counter_m_="1">...
Info:malformed:id Duplicated attribute xml:id
	at 0301166.tex; line 1762 col 44 - line 1762 col 44
	Using id='S8.E231a' on <ltx:XMRow _box="Alignment[]" _font="Font[math,medium,italic,10,bla..."/>
	id='S8.E231' already set on <ltx:equation _box="LaTeXML::Core::Alignment=HASH(..." _font="Font[serif,medium,upright,10,b..." xml:id="S8.E231" _ID_counter_m_="1">...
Info:malformed:id Duplicated attribute xml:id
	at 0301166.tex; line 1763 col 0 - line 1763 col 66
	Using id='S8.E233a' on <ltx:XMRow _box="Alignment[]" _font="Font[math,medium,italic,10,bla..."/>
	id='S8.E233' already set on <ltx:equation _box="LaTeXML::Core::Alignment=HASH(..." _font="Font[serif,medium,upright,10,b..." xml:id="S8.E233" _ID_counter_m_="1">...
Info:malformed:id Duplicated attribute xml:id
	at 0301166.tex; line 1777 col 63 - line 1777 col 63
	Using id='S8.E235a' on <ltx:XMRow _box="Alignment[]" _font="Font[math,medium,italic,10,bla..."/>
	id='S8.E235' already set on <ltx:equation _box="LaTeXML::Core::Alignment=HASH(..." _font="Font[serif,medium,upright,10,b..." xml:id="S8.E235" _ID_counter_m_="1">...
Info:malformed:id Duplicated attribute xml:id
	at 0301166.tex; line 1779 col 45 - line 1779 col 45
	Using id='S8.E238a' on <ltx:XMRow _box="Alignment[]" _font="Font[math,medium,italic,10,bla..."/>
	id='S8.E238' already set on <ltx:equation _box="LaTeXML::Core::Alignment=HASH(..." _font="Font[serif,medium,upright,10,b..." xml:id="S8.E238" _ID_counter_m_="1">...
Info:malformed:id Duplicated attribute xml:id
	at 0301166.tex; line 1780 col 0 - line 1780 col 68
	Using id='S8.E240a' on <ltx:XMRow _box="Alignment[]" _font="Font[math,medium,italic,10,bla..."/>
	id='S8.E240' already set on <ltx:equation _box="LaTeXML::Core::Alignment=HASH(..." _font="Font[serif,medium,upright,10,b..." xml:id="S8.E240" _ID_counter_m_="1">...
Info:malformed:id Duplicated attribute xml:id
	at 0301166.tex; line 1790 col 0 - line 1790 col 47
	Using id='S8.E244a' on <ltx:XMRow _box="Alignment[]" _font="Font[math,medium,italic,10,bla..."/>
	id='S8.E244' already set on <ltx:equation _box="LaTeXML::Core::Alignment=HASH(..." _font="Font[serif,medium,upright,10,b..." xml:id="S8.E244" _ID_counter_m_="1">...
Info:malformed:id Duplicated attribute xml:id
	at 0301166.tex; line 1804 col 57 - line 1804 col 57
	Using id='S8.E247a' on <ltx:XMRow _box="Alignment[]" _font="Font[math,medium,italic,10,bla..."/>
	id='S8.E247' already set on <ltx:equation _box="LaTeXML::Core::Alignment=HASH(..." _font="Font[serif,medium,upright,10,b..." xml:id="S8.E247" _ID_counter_m_="1">...
Info:malformed:id Duplicated attribute xml:id
	at 0301166.tex; line 1806 col 21 - line 1806 col 21
	Using id='S8.E250a' on <ltx:XMRow _box="Alignment[]" _font="Font[math,medium,italic,10,bla..."/>
	id='S8.E250' already set on <ltx:equation _box="LaTeXML::Core::Alignment=HASH(..." _font="Font[serif,medium,upright,10,b..." xml:id="S8.E250" _ID_counter_m_="1">...
Info:malformed:id Duplicated attribute xml:id
	at 0301166.tex; line 1834 col 29 - line 1834 col 29
	Using id='S8.E253a' on <ltx:XMRow _box="Alignment[]" _font="Font[math,medium,italic,10,bla..."/>
	id='S8.E253' already set on <ltx:equation _box="LaTeXML::Core::Alignment=HASH(..." _font="Font[serif,medium,upright,10,b..." xml:id="S8.E253" _ID_counter_m_="1">...
Info:malformed:id Duplicated attribute xml:id
	at 0301166.tex; line 1844 col 39 - line 1844 col 39
	Using id='S8.E260a' on <ltx:XMRow _box="Alignment[]" _font="Font[math,medium,italic,10,bla..."/>
	id='S8.E260' already set on <ltx:XMRow _box="LaTeXML::Core::Alignment=HASH(..." _font="Font[math,medium,italic,10,bla..." xml:id="S8.E260">...
Info:malformed:id Duplicated attribute xml:id
	at 0301166.tex; line 1844 col 30 - line 1844 col 30
	Using id='S8.E262a' on <ltx:XMRow _box="Alignment[]" _font="Font[math,medium,italic,10,bla..."/>
	id='S8.E262' already set on <ltx:equation _box="LaTeXML::Core::Alignment=HASH(..." _font="Font[serif,medium,upright,10,b..." xml:id="S8.E262" _ID_counter_m_="1">...
Info:malformed:id Duplicated attribute xml:id
	at 0301166.tex; line 1844 col 0 - line 1844 col 58
	Using id='S8.E262b' on <ltx:XMRow _box="Alignment[]" _font="Font[math,medium,italic,10,bla..."/>
	id='S8.E262' already set on <ltx:equation _box="LaTeXML::Core::Alignment=HASH(..." _font="Font[serif,medium,upright,10,b..." xml:id="S8.E262" _ID_counter_m_="1">...
Info:malformed:id Duplicated attribute xml:id
	at 0301166.tex; line 1850 col 37 - line 1850 col 37
	Using id='S8.E265a' on <ltx:XMRow _box="Alignment[]" _font="Font[math,medium,italic,10,bla..."/>
	id='S8.E265' already set on <ltx:equation _box="LaTeXML::Core::Alignment=HASH(..." _font="Font[serif,medium,upright,10,b..." xml:id="S8.E265" _ID_counter_m_="1">...
Info:malformed:id Duplicated attribute xml:id
	at 0301166.tex; line 1857 col 39 - line 1857 col 39
	Using id='S8.E272a' on <ltx:XMRow _box="Alignment[]" _font="Font[math,medium,italic,10,bla..."/>
	id='S8.E272' already set on <ltx:XMRow _box="LaTeXML::Core::Alignment=HASH(..." _font="Font[math,medium,italic,10,bla..." xml:id="S8.E272">...
Info:malformed:id Duplicated attribute xml:id
	at 0301166.tex; line 1857 col 30 - line 1857 col 30
	Using id='S8.E274a' on <ltx:XMRow _box="Alignment[]" _font="Font[math,medium,italic,10,bla..."/>
	id='S8.E274' already set on <ltx:equation _box="LaTeXML::Core::Alignment=HASH(..." _font="Font[serif,medium,upright,10,b..." xml:id="S8.E274" _ID_counter_m_="1">...
Info:malformed:id Duplicated attribute xml:id
	at 0301166.tex; line 1857 col 0 - line 1857 col 59
	Using id='S8.E274b' on <ltx:XMRow _box="Alignment[]" _font="Font[math,medium,italic,10,bla..."/>
	id='S8.E274' already set on <ltx:equation _box="LaTeXML::Core::Alignment=HASH(..." _font="Font[serif,medium,upright,10,b..." xml:id="S8.E274" _ID_counter_m_="1">...
Info:malformed:id Duplicated attribute xml:id
	at 0301166.tex; line 1863 col 38 - line 1863 col 38
	Using id='S8.E277a' on <ltx:XMRow _box="Alignment[]" _font="Font[math,medium,italic,10,bla..."/>
	id='S8.E277' already set on <ltx:equation _box="LaTeXML::Core::Alignment=HASH(..." _font="Font[serif,medium,upright,10,b..." xml:id="S8.E277" _ID_counter_m_="1">...
Info:malformed:id Duplicated attribute xml:id
	at 0301166.tex; line 1878 col 15 - line 1878 col 15
	Using id='S8.E280a' on <ltx:XMRow _box="Alignment[]" _font="Font[math,medium,italic,10,bla..."/>
	id='S8.E280' already set on <ltx:XMRow _box="LaTeXML::Core::Alignment=HASH(..." _font="Font[math,medium,italic,10,bla..." xml:id="S8.E280">...
Info:malformed:id Duplicated attribute xml:id
	at 0301166.tex; line 1879 col 36 - line 1879 col 36
	Using id='S8.E283a' on <ltx:XMRow _box="Alignment[]" _font="Font[math,medium,italic,10,bla..."/>
	id='S8.E283' already set on <ltx:XMRow _box="LaTeXML::Core::Alignment=HASH(..." _font="Font[math,medium,italic,10,bla..." xml:id="S8.E283">...
Info:malformed:id Duplicated attribute xml:id
	at 0301166.tex; line 1880 col 48 - line 1880 col 48
	Using id='S8.E285a' on <ltx:XMRow _box="Alignment[]" _font="Font[math,medium,italic,10,bla..."/>
	id='S8.E285' already set on <ltx:XMRow _box="LaTeXML::Core::Alignment=HASH(..." _font="Font[math,medium,italic,10,bla..." xml:id="S8.E285">...
Info:malformed:id Duplicated attribute xml:id
	at 0301166.tex; line 1881 col 33 - line 1881 col 33
	Using id='S8.E288a' on <ltx:XMRow _box="Alignment[]" _font="Font[math,medium,italic,10,bla..."/>
	id='S8.E288' already set on <ltx:XMRow _box="LaTeXML::Core::Alignment=HASH(..." _font="Font[math,medium,italic,10,bla..." xml:id="S8.E288">...
Info:malformed:id Duplicated attribute xml:id
	at 0301166.tex; line 1883 col 50 - line 1883 col 50
	Using id='S8.E290a' on <ltx:XMRow _box="Alignment[]" _font="Font[math,medium,italic,10,bla..."/>
	id='S8.E290' already set on <ltx:XMRow _box="LaTeXML::Core::Alignment=HASH(..." _font="Font[math,medium,italic,10,bla..." xml:id="S8.E290">...
Info:malformed:id Duplicated attribute xml:id
	at 0301166.tex; line 1885 col 32 - line 1885 col 32
	Using id='S8.E295a' on <ltx:XMRow _box="Alignment[]" _font="Font[math,medium,italic,10,bla..."/>
	id='S8.E295' already set on <ltx:XMRow _box="LaTeXML::Core::Alignment=HASH(..." _font="Font[math,medium,italic,10,bla..." xml:id="S8.E295">...
Info:malformed:id Duplicated attribute xml:id
	at 0301166.tex; line 1886 col 51 - line 1886 col 51
	Using id='S8.E297a' on <ltx:XMRow _box="Alignment[]" _font="Font[math,medium,italic,10,bla..."/>
	id='S8.E297' already set on <ltx:XMRow _box="LaTeXML::Core::Alignment=HASH(..." _font="Font[math,medium,italic,10,bla..." xml:id="S8.E297">...
Info:malformed:id Duplicated attribute xml:id
	at 0301166.tex; line 1876 col 1 - line 1876 col 1
	Using id='S8.E302a' on <ltx:XMRow _box="Alignment[]" _font="Font[math,medium,italic,10,bla..."/>
	id='S8.E302' already set on <ltx:equation _box="LaTeXML::Core::Alignment=HASH(..." _font="Font[serif,medium,upright,10,b..." xml:id="S8.E302" _ID_counter_m_="1">...
Info:malformed:id Duplicated attribute xml:id
	at 0301166.tex; line 1888 col 33 - line 1888 col 33
	Using id='S8.E302b' on <ltx:XMRow _box="Alignment[]" _font="Font[math,medium,italic,10,bla..."/>
	id='S8.E302' already set on <ltx:equation _box="LaTeXML::Core::Alignment=HASH(..." _font="Font[serif,medium,upright,10,b..." xml:id="S8.E302" _ID_counter_m_="1">...
Info:malformed:id Duplicated attribute xml:id
	at 0301166.tex; line 1900 col 47 - line 1900 col 47
	Using id='S8.E305a' on <ltx:XMRow _box="Alignment[]" _font="Font[math,medium,italic,10,bla..."/>
	id='S8.E305' already set on <ltx:equation _box="LaTeXML::Core::Alignment=HASH(..." _font="Font[serif,medium,upright,10,b..." xml:id="S8.E305" _ID_counter_m_="1">...
Info:malformed:id Duplicated attribute xml:id
	at 0301166.tex; line 1901 col 55 - line 1901 col 55
	Using id='S8.E308a' on <ltx:XMRow _box="Alignment[]" _font="Font[math,medium,italic,10,bla..."/>
	id='S8.E308' already set on <ltx:equation _box="LaTeXML::Core::Alignment=HASH(..." _font="Font[serif,medium,upright,10,b..." xml:id="S8.E308" _ID_counter_m_="1">...
Info:malformed:id Duplicated attribute xml:id
	at 0301166.tex; line 1903 col 47 - line 1903 col 47
	Using id='S8.E311a' on <ltx:XMRow _box="Alignment[]" _font="Font[math,medium,italic,10,bla..."/>
	id='S8.E311' already set on <ltx:equation _box="LaTeXML::Core::Alignment=HASH(..." _font="Font[serif,medium,upright,10,b..." xml:id="S8.E311" _ID_counter_m_="1">...
Info:malformed:id Duplicated attribute xml:id
	at 0301166.tex; line 1904 col 55 - line 1904 col 55
	Using id='S8.E314a' on <ltx:XMRow _box="Alignment[]" _font="Font[math,medium,italic,10,bla..."/>
	id='S8.E314' already set on <ltx:equation _box="LaTeXML::Core::Alignment=HASH(..." _font="Font[serif,medium,upright,10,b..." xml:id="S8.E314" _ID_counter_m_="1">...
Info:malformed:id Duplicated attribute xml:id
	at 0301166.tex; line 1908 col 20 - line 1908 col 20
	Using id='S8.E319a' on <ltx:XMRow _box="Alignment[]" _font="Font[math,medium,italic,10,bla..."/>
	id='S8.E319' already set on <ltx:equation _box="LaTeXML::Core::Alignment=HASH(..." _font="Font[serif,medium,upright,10,b..." xml:id="S8.E319" _ID_counter_m_="1">...
Info:malformed:id Duplicated attribute xml:id
	at 0301166.tex; line 2047 col 21 - line 2047 col 21
	Using id='S9.E322a' on <ltx:XMRow _box="Alignment[]" _font="Font[math,medium,italic,10,bla..."/>
	id='S9.E322' already set on <ltx:equation _box="LaTeXML::Core::Alignment=HASH(..." _font="Font[serif,medium,upright,10,b..." xml:id="S9.E322" _ID_counter_m_="1">...
Info:malformed:id Duplicated attribute xml:id
	at 0301166.tex; line 2066 col 21 - line 2066 col 21
	Using id='S9.E325a' on <ltx:XMRow _box="Alignment[]" _font="Font[math,medium,italic,10,bla..."/>
	id='S9.E325' already set on <ltx:equation _box="LaTeXML::Core::Alignment=HASH(..." _font="Font[serif,medium,upright,10,b..." xml:id="S9.E325" _ID_counter_m_="1">...
 12.86 sec)
(Rewriting... 0.50 sec)
(Math Parsing 560 formulae ......
Warning:not_parsed:POSTSUPERSCRIPT.UNKNOWN.POSTSUBSCRIPT>PUNCT MathParser failed to match rule 'Anything'
	at 0301166.tex; line 467 col 4 - line 467 col 4
	In "$\displaystyle\psi^{\alpha}=\epsilon^{\alpha\beta}\psi_{\beta}{\quad,}\quad{%
	\bar{\psi}}^{\dot{\alpha}}=\epsilon^{{\dot{\alpha}}{\dot{\beta}}}{\bar{\psi}}_%
	{\dot{\beta}}{\quad,}\quad\epsilon^{12}=\epsilon_{21}=1{\quad,}\@@ENDINLINEMATH"
	ψ[[UNKNOWN]] ^{\alpha}[[POSTSUPERSCRIPT]] =[[RELOP]] ϵ[[UNKNOWN]] ^{\alpha\beta}[[POSTSUPERSCRIPT]] ψ[[UNKNOWN]] _{\beta}[[POSTSUBSCRIPT]]
	        > $\displaystyle\psi^{\alpha}=\epsilon^{\alpha\beta}\psi_{\beta}{\quad,}\quad{\bar{\psi}}^{\dot{\alpha}}=\epsilon^{{\dot{\alpha}}{\dot{\beta}}}{\bar{\psi}}_{\dot{\beta}}{\quad,}\quad\epsilon^{12}=\epsilon_{21}=1{\quad,}\@@ENDINLINEMATH[[PUNCT]] ,[[PUNCT]] \bar{\psi}[[UNKNOWN]] ^{\dot{\alpha}}[[POSTSUPERSCRIPT]] =[[RELOP]] ϵ[[UNKNOWN]] ^{{\dot{\alpha}}{\dot{\beta}}}[[POSTSUPERSCRIPT]] \bar{\psi}[[UNKNOWN]] _{\dot{\beta}}[[POSTSUBSCRIPT]] $\displaystyle\psi^{\alpha}=\epsilon^{\alpha\beta}\psi_{\beta}{\quad,}\quad{\bar{\psi}}^{\dot{\alpha}}=\epsilon^{{\dot{\alpha}}{\dot{\beta}}}{\bar{\psi}}_{\dot{\beta}}{\quad,}\quad\epsilon^{12}=\epsilon_{21}=1{\quad,}\@@ENDINLINEMATH[[PUNCT]] ,[[PUNCT]] ϵ[[UNKNOWN]] ^{12}[[POSTSUPERSCRIPT]] =[[RELOP]] ϵ[[UNKNOWN]] _{21}[[POSTSUBSCRIPT]] =[[RELOP]] 1[[NUMBER]]
Warning:not_parsed:POSTSUPERSCRIPT.UNKNOWN.POSTSUBSCRIPT>PUNCT MathParser failed to match rule 'Anything'
	at 0301166.tex; line 467 col 4 - line 471 col 14
	In "$\displaystyle\psi^{\alpha}=\epsilon^{\alpha\beta}\psi_{\beta}{\quad,}\quad{%
	\bar{\psi}}^{\dot{\alpha}}=\epsilon^{{\dot{\alpha}}{\dot{\beta}}}{\bar{\psi}}_%
	{\dot{\beta}}{\quad,}\quad\epsilon^{12}=\epsilon_{21}=1{\quad,}$"
	ψ[[UNKNOWN]] ^{\alpha}[[POSTSUPERSCRIPT]] =[[RELOP]] ϵ[[UNKNOWN]] ^{\alpha\beta}[[POSTSUPERSCRIPT]] ψ[[UNKNOWN]] _{\beta}[[POSTSUBSCRIPT]]
	        > $\displaystyle\psi^{\alpha}=\epsilon^{\alpha\beta}\psi_{\beta}{\quad,}\quad{\bar{\psi}}^{\dot{\alpha}}=\epsilon^{{\dot{\alpha}}{\dot{\beta}}}{\bar{\psi}}_{\dot{\beta}}{\quad,}\quad\epsilon^{12}=\epsilon_{21}=1{\quad,}$[[PUNCT]] ,[[PUNCT]] \bar{\psi}[[UNKNOWN]] ^{\dot{\alpha}}[[POSTSUPERSCRIPT]] =[[RELOP]] ϵ[[UNKNOWN]] ^{{\dot{\alpha}}{\dot{\beta}}}[[POSTSUPERSCRIPT]] \bar{\psi}[[UNKNOWN]] _{\dot{\beta}}[[POSTSUBSCRIPT]] $\displaystyle\psi^{\alpha}=\epsilon^{\alpha\beta}\psi_{\beta}{\quad,}\quad{\bar{\psi}}^{\dot{\alpha}}=\epsilon^{{\dot{\alpha}}{\dot{\beta}}}{\bar{\psi}}_{\dot{\beta}}{\quad,}\quad\epsilon^{12}=\epsilon_{21}=1{\quad,}$[[PUNCT]] ,[[PUNCT]] ϵ[[UNKNOWN]] ^{12}[[POSTSUPERSCRIPT]] =[[RELOP]] ϵ[[UNKNOWN]] _{21}[[POSTSUBSCRIPT]] =[[RELOP]] 1[[NUMBER]]
Warning:not_parsed:UNKNOWN.METARELOP.UNKNOWN>CLOSE MathParser failed to match rule 'Anything'
	at 0301166.tex; line 811 col 1 - line 811 col 1
	In "$\displaystyle(\sigma^{nm})_{\alpha}^{~{}\beta}=\frac{1}{4}\left\{\begin{array%
	}[]{c}\hidden@noalign{}\hfil\mbox{
	\psfig{height=28.452756pt,angle=0}
	}\end{array}-m\leftrightarrow n\right\}{\quad,}\@@ENDINLINEMATH"
	([[OPEN]] σ[[UNKNOWN]] ^{nm}[[POSTSUPERSCRIPT]] )[[CLOSE]] _{\alpha}[[POSTSUBSCRIPT]] ^{~{}\beta}[[POSTSUPERSCRIPT]] =[[RELOP]] \frac{1}{4}[[UNKNOWN]] \left\{[[OPEN]] Alignment[][[ARRAY]] -[[ADDOP]] m[[UNKNOWN]] ↔[[METARELOP]] n[[UNKNOWN]]
	        > \right\}[[CLOSE]]
Warning:not_parsed:UNKNOWN.METARELOP.UNKNOWN>CLOSE MathParser failed to match rule 'Anything'
	at 0301166.tex; line 811 col 1 - line 813 col 1
	In "$\displaystyle(\sigma^{nm})_{\alpha}^{~{}\beta}=\frac{1}{4}\left\{\begin{array%
	}[]{c}\hidden@noalign{}\hfil\mbox{
	\psfig{height=28.452756pt,angle=0}
	}\end{array}-m\leftrightarrow n\right\}{\quad,}$"
	([[OPEN]] σ[[UNKNOWN]] ^{nm}[[POSTSUPERSCRIPT]] )[[CLOSE]] _{\alpha}[[POSTSUBSCRIPT]] ^{~{}\beta}[[POSTSUPERSCRIPT]] =[[RELOP]] \frac{1}{4}[[UNKNOWN]] \left\{[[OPEN]] Alignment[][[ARRAY]] -[[ADDOP]] m[[UNKNOWN]] ↔[[METARELOP]] n[[UNKNOWN]]
	        > \right\}[[CLOSE]]
Warning:not_parsed:UNKNOWN.METARELOP.UNKNOWN>CLOSE MathParser failed to match rule 'Anything'
	at 0301166.tex; line 813 col 1 - line 813 col 1
	In "$\displaystyle({\bar{\sigma}}^{nm})^{\dot{\alpha}}_{~{}{\dot{\beta}}}=\frac{1}%
	{4}\left\{\begin{array}[]{c}\hidden@noalign{}\hfil\mbox{
	\psfig{height=28.452756pt,angle=0}
	}\end{array}-m\leftrightarrow n\right\}{\quad,}\@@ENDINLINEMATH"
	([[OPEN]] \bar{\sigma}[[UNKNOWN]] ^{nm}[[POSTSUPERSCRIPT]] )[[CLOSE]] ^{\dot{\alpha}}[[POSTSUPERSCRIPT]] _{~{}{\dot{\beta}}}[[POSTSUBSCRIPT]] =[[RELOP]] \frac{1}{4}[[UNKNOWN]] \left\{[[OPEN]] Alignment[][[ARRAY]] -[[ADDOP]] m[[UNKNOWN]] ↔[[METARELOP]] n[[UNKNOWN]]
	        > \right\}[[CLOSE]]
Warning:not_parsed:UNKNOWN.METARELOP.UNKNOWN>CLOSE MathParser failed to match rule 'Anything'
	at 0301166.tex; line 813 col 1 - line 817 col 14
	In "$\displaystyle({\bar{\sigma}}^{nm})^{\dot{\alpha}}_{~{}{\dot{\beta}}}=\frac{1}%
	{4}\left\{\begin{array}[]{c}\hidden@noalign{}\hfil\mbox{
	\psfig{height=28.452756pt,angle=0}
	}\end{array}-m\leftrightarrow n\right\}{\quad,}$"
	([[OPEN]] \bar{\sigma}[[UNKNOWN]] ^{nm}[[POSTSUPERSCRIPT]] )[[CLOSE]] ^{\dot{\alpha}}[[POSTSUPERSCRIPT]] _{~{}{\dot{\beta}}}[[POSTSUBSCRIPT]] =[[RELOP]] \frac{1}{4}[[UNKNOWN]] \left\{[[OPEN]] Alignment[][[ARRAY]] -[[ADDOP]] m[[UNKNOWN]] ↔[[METARELOP]] n[[UNKNOWN]]
	        > \right\}[[CLOSE]]
Warning:not_parsed:ATOM>OPEN MathParser failed to match rule 'Anything'
	at 0301166.tex; line 911 col 7 - line 911 col 7
	In "$\displaystyle\frac{1}{4}\left\{-\begin{array}[]{c}\hidden@noalign{}\hfil\mbox%
	{
	\psfig{height=28.452756pt,angle=0}
	}\end{array}\epsilon_{{\dot{\alpha}}{\dot{\beta}}}+\begin{array}[]{c}%
	\hidden@noalign{}\hfil\mbox{
	\psfig{height=28.452756pt,angle=0}
	}\end{array}\epsilon_{\alpha\beta}-m\leftrightarrow n\right\}\@@ENDINLINEMATH"
	\frac{1}{4}[[UNKNOWN]]
	        > \left\{[[OPEN]] -[[ADDOP]] Alignment[][[ARRAY]] ϵ[[UNKNOWN]] _{{\dot{\alpha}}{\dot{\beta}}}[[POSTSUBSCRIPT]] +[[ADDOP]] Alignment[][[ARRAY]] ϵ[[UNKNOWN]] _{\alpha\beta}[[POSTSUBSCRIPT]] -[[ADDOP]] m[[UNKNOWN]] ↔[[METARELOP]] n[[UNKNOWN]] \right\}[[CLOSE]]
Warning:not_parsed:ATOM>OPEN MathParser failed to match rule 'Anything'
	at 0301166.tex; line 911 col 7 - line 914 col 1
	In "$\displaystyle\frac{1}{4}\left\{-\begin{array}[]{c}\hidden@noalign{}\hfil\mbox%
	{
	\psfig{height=28.452756pt,angle=0}
	}\end{array}\epsilon_{{\dot{\alpha}}{\dot{\beta}}}+\begin{array}[]{c}%
	\hidden@noalign{}\hfil\mbox{
	\psfig{height=28.452756pt,angle=0}
	}\end{array}\epsilon_{\alpha\beta}-m\leftrightarrow n\right\}$"
	\frac{1}{4}[[UNKNOWN]]
	        > \left\{[[OPEN]] -[[ADDOP]] Alignment[][[ARRAY]] ϵ[[UNKNOWN]] _{{\dot{\alpha}}{\dot{\beta}}}[[POSTSUBSCRIPT]] +[[ADDOP]] Alignment[][[ARRAY]] ϵ[[UNKNOWN]] _{\alpha\beta}[[POSTSUBSCRIPT]] -[[ADDOP]] m[[UNKNOWN]] ↔[[METARELOP]] n[[UNKNOWN]] \right\}[[CLOSE]]
Warning:not_parsed:UNKNOWN.METARELOP.UNKNOWN>CLOSE MathParser failed to match rule 'Anything'
	at 0301166.tex; line 914 col 1 - line 914 col 1
	In "$\displaystyle-{\frac{1}{2}}\eta^{nm}\epsilon_{\alpha\beta}\epsilon_{{\dot{%
	\alpha}}{\dot{\beta}}}-\frac{1}{8}\left\{\begin{array}[]{c}\hidden@noalign{}%
	\hfil\mbox{
	\psfig{height=28.452756pt,angle=0}
	}\end{array}-l\leftrightarrow n\right\}\left\{\begin{array}[]{c}%
	\hidden@noalign{}\hfil\mbox{
	\psfig{height=28.452756pt,angle=0}
	}\end{array}-l\leftrightarrow m\right\},\@@ENDINLINEMATH"
	-[[ADDOP]] \frac{1}{2}[[UNKNOWN]] η[[UNKNOWN]] ^{nm}[[POSTSUPERSCRIPT]] ϵ[[UNKNOWN]] _{\alpha\beta}[[POSTSUBSCRIPT]] ϵ[[UNKNOWN]] _{{\dot{\alpha}}{\dot{\beta}}}[[POSTSUBSCRIPT]] -[[ADDOP]] \frac{1}{8}[[UNKNOWN]] \left\{[[OPEN]] Alignment[][[ARRAY]] -[[ADDOP]] l[[UNKNOWN]] ↔[[METARELOP]] n[[UNKNOWN]]
	        > \right\}[[CLOSE]] \left\{[[OPEN]] Alignment[][[ARRAY]] -[[ADDOP]] l[[UNKNOWN]] ↔[[METARELOP]] m[[UNKNOWN]] \right\}[[CLOSE]]
Warning:not_parsed:UNKNOWN.METARELOP.UNKNOWN>CLOSE MathParser failed to match rule 'Anything'
	at 0301166.tex; line 914 col 1 - line 918 col 14
	In "$\displaystyle-{\frac{1}{2}}\eta^{nm}\epsilon_{\alpha\beta}\epsilon_{{\dot{%
	\alpha}}{\dot{\beta}}}-\frac{1}{8}\left\{\begin{array}[]{c}\hidden@noalign{}%
	\hfil\mbox{
	\psfig{height=28.452756pt,angle=0}
	}\end{array}-l\leftrightarrow n\right\}\left\{\begin{array}[]{c}%
	\hidden@noalign{}\hfil\mbox{
	\psfig{height=28.452756pt,angle=0}
	}\end{array}-l\leftrightarrow m\right\},$"
	-[[ADDOP]] \frac{1}{2}[[UNKNOWN]] η[[UNKNOWN]] ^{nm}[[POSTSUPERSCRIPT]] ϵ[[UNKNOWN]] _{\alpha\beta}[[POSTSUBSCRIPT]] ϵ[[UNKNOWN]] _{{\dot{\alpha}}{\dot{\beta}}}[[POSTSUBSCRIPT]] -[[ADDOP]] \frac{1}{8}[[UNKNOWN]] \left\{[[OPEN]] Alignment[][[ARRAY]] -[[ADDOP]] l[[UNKNOWN]] ↔[[METARELOP]] n[[UNKNOWN]]
	        > \right\}[[CLOSE]] \left\{[[OPEN]] Alignment[][[ARRAY]] -[[ADDOP]] l[[UNKNOWN]] ↔[[METARELOP]] m[[UNKNOWN]] \right\}[[CLOSE]]
Warning:not_parsed:ATOM>SUPOP MathParser failed to match rule 'Anything'
	at 0301166.tex; line 1042 col 5 - line 1042 col 5
	In "$\displaystyle\mbox{ }\prime\prime\mbox{ }\quad\quad-\sqrt{2}\begin{array}[]{c%
	}\hidden@noalign{}\hfil\mbox{
	\psfig{height=28.452756pt,angle=0}
	}\end{array}\Box A=\mbox{ }\prime\prime\mbox{ }\quad\quad-<2^{\prime}>{\quad,}\@@ENDINLINEMATH"
	\mbox{ }[[UNKNOWN]]
	        > ′[[SUPOP]] ′[[SUPOP]] \mbox{ }[[UNKNOWN]] $\displaystyle\mbox{ }\prime\prime\mbox{ }\quad\quad-\sqrt{2}\begin{array}[]{c}\hidden@noalign{}\hfil\mbox{
	\psfig{height=28.452756pt,angle=0}
	}\end{array}\BoxA=\mbox{ }\prime\prime\mbox{ }\quad\quad-<2^{\prime}>{\quad,}\@@ENDINLINEMATH[[PUNCT]] -[[ADDOP]] \sqrt{2}[[UNKNOWN]] Alignment[][[ARRAY]] □[[UNKNOWN]] A[[UNKNOWN]] =[[RELOP]] \mbox{ }[[UNKNOWN]] ′[[SUPOP]] ′[[SUPOP]] \mbox{ }[[UNKNOWN]] $\displaystyle\mbox{ }\prime\prime\mbox{ }\quad\quad-\sqrt{2}\begin{array}[]{c}\hidden@noalign{}\hfil\mbox{
	\psfig{height=28.452756pt,angle=0}
	}\end{array}\BoxA=\mbox{ }\prime\prime\mbox{ }\quad\quad-<2^{\prime}>{\quad,}\@@ENDINLINEMATH[[PUNCT]] -[[ADDOP]] <[[RELOP]] 2[[NUMBER]] ^{\prime}[[POSTSUPERSCRIPT]] >[[RELOP]]
Warning:not_parsed:ATOM>SUPOP MathParser failed to match rule 'Anything'
	at 0301166.tex; line 1042 col 5 - line 1045 col 14
	In "$\displaystyle\mbox{ }\prime\prime\mbox{ }\quad\quad-\sqrt{2}\begin{array}[]{c%
	}\hidden@noalign{}\hfil\mbox{
	\psfig{height=28.452756pt,angle=0}
	}\end{array}\Box A=\mbox{ }\prime\prime\mbox{ }\quad\quad-<2^{\prime}>{\quad,}$"
	\mbox{ }[[UNKNOWN]]
	        > ′[[SUPOP]] ′[[SUPOP]] \mbox{ }[[UNKNOWN]] $\displaystyle\mbox{ }\prime\prime\mbox{ }\quad\quad-\sqrt{2}\begin{array}[]{c}\hidden@noalign{}\hfil\mbox{
	\psfig{height=28.452756pt,angle=0}
	}\end{array}\BoxA=\mbox{ }\prime\prime\mbox{ }\quad\quad-<2^{\prime}>{\quad,}$[[PUNCT]] -[[ADDOP]] \sqrt{2}[[UNKNOWN]] Alignment[][[ARRAY]] □[[UNKNOWN]] A[[UNKNOWN]] =[[RELOP]] \mbox{ }[[UNKNOWN]] ′[[SUPOP]] ′[[SUPOP]] \mbox{ }[[UNKNOWN]] $\displaystyle\mbox{ }\prime\prime\mbox{ }\quad\quad-\sqrt{2}\begin{array}[]{c}\hidden@noalign{}\hfil\mbox{
	\psfig{height=28.452756pt,angle=0}
	}\end{array}\BoxA=\mbox{ }\prime\prime\mbox{ }\quad\quad-<2^{\prime}>{\quad,}$[[PUNCT]] -[[ADDOP]] <[[RELOP]] 2[[NUMBER]] ^{\prime}[[POSTSUPERSCRIPT]] >[[RELOP]]
Warning:not_parsed:ATOM>SUPOP MathParser failed to match rule 'Anything'
	at 0301166.tex; line 1048 col 13 - line 1048 col 38
	In "$\mbox{ }\prime\prime\mbox{ }$"
	\mbox{ }[[UNKNOWN]]
	        > ′[[SUPOP]] ′[[SUPOP]] \mbox{ }[[UNKNOWN]]
Warning:not_parsed:RELOP.ATOM>SUPOP MathParser failed to match rule 'Anything'
	at 0301166.tex; line 1071 col 1 - line 1071 col 1
	In "$\displaystyle=\mbox{ }\prime\prime\mbox{ }\quad-<3^{\prime}>\ .\@@ENDINLINEMATH"
	=[[RELOP]] \mbox{ }[[UNKNOWN]]
	        > ′[[SUPOP]] ′[[SUPOP]] \mbox{ }[[UNKNOWN]] $\displaystyle=\mbox{ }\prime\prime\mbox{ }\quad-<3^{\prime}>\ .\@@ENDINLINEMATH[[PUNCT]] -[[ADDOP]] <[[RELOP]] 3[[NUMBER]] ^{\prime}[[POSTSUPERSCRIPT]] >[[RELOP]]
Warning:not_parsed:RELOP.ATOM>SUPOP MathParser failed to match rule 'Anything'
	at 0301166.tex; line 1071 col 1 - line 1073 col 14
	In "$\displaystyle=\mbox{ }\prime\prime\mbox{ }\quad-<3^{\prime}>\ .$"
	=[[RELOP]] \mbox{ }[[UNKNOWN]]
	        > ′[[SUPOP]] ′[[SUPOP]] \mbox{ }[[UNKNOWN]] $\displaystyle=\mbox{ }\prime\prime\mbox{ }\quad-<3^{\prime}>\ .$[[PUNCT]] -[[ADDOP]] <[[RELOP]] 3[[NUMBER]] ^{\prime}[[POSTSUPERSCRIPT]] >[[RELOP]]
Warning:not_parsed:RELOP.OPERATOR.POSTSUBSCRIPT>OPEN MathParser failed to match rule 'Anything'
	at 0301166.tex; line 1080 col 4 - line 1080 col 4
	In "$\displaystyle\delta_{\xi}{\cal L}=\partial_{n}\left\{-\sqrt{2}\begin{array}[]%
	{c}\hidden@noalign{}\hfil\mbox{
	\psfig{height=28.452756pt,angle=0}
	}\end{array}\partial_{m}A+\sqrt{2}A^{*}\partial^{n}(\begin{array}[]{c}%
	\hidden@noalign{}\hfil\mbox{
	\psfig{height=28.452756pt,angle=0}
	}\end{array})\right.\@@ENDINLINEMATH"
	δ[[UNKNOWN]] _{\xi}[[POSTSUBSCRIPT]] L[[UNKNOWN]] =[[RELOP]] ∂[[OPERATOR]] _{n}[[POSTSUBSCRIPT]]
	        > \left\{[[OPEN]] -[[ADDOP]] \sqrt{2}[[UNKNOWN]] Alignment[][[ARRAY]] ∂[[OPERATOR]] _{m}[[POSTSUBSCRIPT]] A[[UNKNOWN]] +[[ADDOP]] \sqrt{2}[[UNKNOWN]] A[[UNKNOWN]] ^{*}[[POSTSUPERSCRIPT]] ∂[[OPERATOR]] ^{n}[[POSTSUPERSCRIPT]] ([[OPEN]] Alignment[][[ARRAY]] )[[CLOSE]]
Warning:not_parsed:RELOP.OPERATOR.POSTSUBSCRIPT>OPEN MathParser failed to match rule 'Anything'
	at 0301166.tex; line 1080 col 4 - line 1084 col 5
	In "$\displaystyle\delta_{\xi}{\cal L}=\partial_{n}\left\{-\sqrt{2}\begin{array}[]%
	{c}\hidden@noalign{}\hfil\mbox{
	\psfig{height=28.452756pt,angle=0}
	}\end{array}\partial_{m}A+\sqrt{2}A^{*}\partial^{n}(\begin{array}[]{c}%
	\hidden@noalign{}\hfil\mbox{
	\psfig{height=28.452756pt,angle=0}
	}\end{array})\right.$"
	δ[[UNKNOWN]] _{\xi}[[POSTSUBSCRIPT]] L[[UNKNOWN]] =[[RELOP]] ∂[[OPERATOR]] _{n}[[POSTSUBSCRIPT]]
	        > \left\{[[OPEN]] -[[ADDOP]] \sqrt{2}[[UNKNOWN]] Alignment[][[ARRAY]] ∂[[OPERATOR]] _{m}[[POSTSUBSCRIPT]] A[[UNKNOWN]] +[[ADDOP]] \sqrt{2}[[UNKNOWN]] A[[UNKNOWN]] ^{*}[[POSTSUPERSCRIPT]] ∂[[OPERATOR]] ^{n}[[POSTSUPERSCRIPT]] ([[OPEN]] Alignment[][[ARRAY]] )[[CLOSE]]
Warning:not_parsed:UNKNOWN.METARELOP.UNKNOWN>CLOSE MathParser failed to match rule 'Anything'
	at 0301166.tex; line 1119 col 4 - line 1119 col 4
	In "$\displaystyle\delta_{\xi}\begin{array}[]{c}\hidden@noalign{}\hfil\mbox{
	\psfig{height=28.452756pt,angle=0}
	}\end{array}=\begin{array}[]{c}\hidden@noalign{}\hfil\mbox{
	\psfig{height=28.452756pt,angle=0}
	}\end{array}D+\frac{1}{4}\left\{\begin{array}[]{c}\hidden@noalign{}\hfil\mbox{
	\psfig{height=28.452756pt,angle=0}
	}\end{array}-m\leftrightarrow n\right\}v_{mn}{\quad,}\@@ENDINLINEMATH"
	δ[[UNKNOWN]] _{\xi}[[POSTSUBSCRIPT]] Alignment[][[ARRAY]] =[[RELOP]] Alignment[][[ARRAY]] D[[UNKNOWN]] +[[ADDOP]] \frac{1}{4}[[UNKNOWN]] \left\{[[OPEN]] Alignment[][[ARRAY]] -[[ADDOP]] m[[UNKNOWN]] ↔[[METARELOP]] n[[UNKNOWN]]
	        > \right\}[[CLOSE]] v[[UNKNOWN]] _{mn}[[POSTSUBSCRIPT]]
Warning:not_parsed:UNKNOWN.METARELOP.UNKNOWN>CLOSE MathParser failed to match rule 'Anything'
	at 0301166.tex; line 1119 col 4 - line 1124 col 4
	In "$\displaystyle\delta_{\xi}\begin{array}[]{c}\hidden@noalign{}\hfil\mbox{
	\psfig{height=28.452756pt,angle=0}
	}\end{array}=\begin{array}[]{c}\hidden@noalign{}\hfil\mbox{
	\psfig{height=28.452756pt,angle=0}
	}\end{array}D+\frac{1}{4}\left\{\begin{array}[]{c}\hidden@noalign{}\hfil\mbox{
	\psfig{height=28.452756pt,angle=0}
	}\end{array}-m\leftrightarrow n\right\}v_{mn}{\quad,}$"
	δ[[UNKNOWN]] _{\xi}[[POSTSUBSCRIPT]] Alignment[][[ARRAY]] =[[RELOP]] Alignment[][[ARRAY]] D[[UNKNOWN]] +[[ADDOP]] \frac{1}{4}[[UNKNOWN]] \left\{[[OPEN]] Alignment[][[ARRAY]] -[[ADDOP]] m[[UNKNOWN]] ↔[[METARELOP]] n[[UNKNOWN]]
	        > \right\}[[CLOSE]] v[[UNKNOWN]] _{mn}[[POSTSUBSCRIPT]]
Warning:not_parsed:RELOP.OPERATOR.POSTSUBSCRIPT>OPEN MathParser failed to match rule 'Anything'
	at 0301166.tex; line 1139 col 4 - line 1139 col 4
	In "$\displaystyle\delta{\cal L}_{EM}=\partial_{l}\left[\begin{array}[]{c}%
	\hidden@noalign{}\hfil\mbox{
	\psfig{height=28.452756pt,angle=0}
	}\end{array}D\begin{array}[]{c}\hidden@noalign{}\hfil\mbox{
	\psfig{height=28.452756pt,angle=0}
	}\end{array}v_{ml}\right.\@@ENDINLINEMATH"
	δ[[UNKNOWN]] L[[UNKNOWN]] _{EM}[[POSTSUBSCRIPT]] =[[RELOP]] ∂[[OPERATOR]] _{l}[[POSTSUBSCRIPT]]
	        > \left[[[OPEN]] Alignment[][[ARRAY]] D[[UNKNOWN]] Alignment[][[ARRAY]] v[[UNKNOWN]] _{ml}[[POSTSUBSCRIPT]]
Warning:not_parsed:RELOP.OPERATOR.POSTSUBSCRIPT>OPEN MathParser failed to match rule 'Anything'
	at 0301166.tex; line 1139 col 4 - line 1141 col 5
	In "$\displaystyle\delta{\cal L}_{EM}=\partial_{l}\left[\begin{array}[]{c}%
	\hidden@noalign{}\hfil\mbox{
	\psfig{height=28.452756pt,angle=0}
	}\end{array}D\begin{array}[]{c}\hidden@noalign{}\hfil\mbox{
	\psfig{height=28.452756pt,angle=0}
	}\end{array}v_{ml}\right.$"
	δ[[UNKNOWN]] L[[UNKNOWN]] _{EM}[[POSTSUBSCRIPT]] =[[RELOP]] ∂[[OPERATOR]] _{l}[[POSTSUBSCRIPT]]
	        > \left[[[OPEN]] Alignment[][[ARRAY]] D[[UNKNOWN]] Alignment[][[ARRAY]] v[[UNKNOWN]] _{ml}[[POSTSUBSCRIPT]]
Warning:not_parsed:ARRAY.UNKNOWN.POSTSUBSCRIPT>CLOSE MathParser failed to match rule 'Anything'
	at 0301166.tex; line 1141 col 6 - line 1141 col 6
	In "$\displaystyle\left.\begin{array}[]{c}\hidden@noalign{}\hfil\mbox{
	\psfig{height=28.452756pt,angle=0}
	}\end{array}v_{mn}\right]{\quad,}\@@ENDINLINEMATH"
	Alignment[][[ARRAY]] v[[UNKNOWN]] _{mn}[[POSTSUBSCRIPT]]
	        > \right][[CLOSE]]
Warning:not_parsed:ARRAY.UNKNOWN.POSTSUBSCRIPT>CLOSE MathParser failed to match rule 'Anything'
	at 0301166.tex; line 1141 col 6 - line 1145 col 14
	In "$\displaystyle\left.\begin{array}[]{c}\hidden@noalign{}\hfil\mbox{
	\psfig{height=28.452756pt,angle=0}
	}\end{array}v_{mn}\right]{\quad,}$"
	Alignment[][[ARRAY]] v[[UNKNOWN]] _{mn}[[POSTSUBSCRIPT]]
	        > \right][[CLOSE]]
Warning:not_parsed:UNKNOWN.POSTSUPERSCRIPT.CLOSE>PUNCT MathParser failed to match rule 'Anything'
	at 0301166.tex; line 1220 col 1 - line 1220 col 1
	In "$\displaystyle P=\frac{1}{\sqrt{2}}(A+A^{*}){\quad,}\quad Q=\frac{1}{\sqrt{2}i%
	}(A-A^{*}){\quad,}\@@ENDINLINEMATH"
	P[[UNKNOWN]] =[[RELOP]] \frac{1}{\sqrt{2}}[[UNKNOWN]] ([[OPEN]] A[[UNKNOWN]] +[[ADDOP]] A[[UNKNOWN]] ^{*}[[POSTSUPERSCRIPT]] )[[CLOSE]]
	        > $\displaystyleP=\frac{1}{\sqrt{2}}(A+A^{*}){\quad,}\quadQ=\frac{1}{\sqrt{2}i}(A-A^{*}){\quad,}\@@ENDINLINEMATH[[PUNCT]] ,[[PUNCT]] Q[[UNKNOWN]] =[[RELOP]] \frac{1}{\sqrt{2}i}[[UNKNOWN]] ([[OPEN]] A[[UNKNOWN]] -[[ADDOP]] A[[UNKNOWN]] ^{*}[[POSTSUPERSCRIPT]] )[[CLOSE]]
Warning:not_parsed:UNKNOWN.POSTSUPERSCRIPT.CLOSE>PUNCT MathParser failed to match rule 'Anything'
	at 0301166.tex; line 1220 col 1 - line 1221 col 1
	In "$\displaystyle P=\frac{1}{\sqrt{2}}(A+A^{*}){\quad,}\quad Q=\frac{1}{\sqrt{2}i%
	}(A-A^{*}){\quad,}$"
	P[[UNKNOWN]] =[[RELOP]] \frac{1}{\sqrt{2}}[[UNKNOWN]] ([[OPEN]] A[[UNKNOWN]] +[[ADDOP]] A[[UNKNOWN]] ^{*}[[POSTSUPERSCRIPT]] )[[CLOSE]]
	        > $\displaystyleP=\frac{1}{\sqrt{2}}(A+A^{*}){\quad,}\quadQ=\frac{1}{\sqrt{2}i}(A-A^{*}){\quad,}$[[PUNCT]] ,[[PUNCT]] Q[[UNKNOWN]] =[[RELOP]] \frac{1}{\sqrt{2}i}[[UNKNOWN]] ([[OPEN]] A[[UNKNOWN]] -[[ADDOP]] A[[UNKNOWN]] ^{*}[[POSTSUPERSCRIPT]] )[[CLOSE]]
Warning:not_parsed:UNKNOWN.POSTSUPERSCRIPT.CLOSE>PUNCT MathParser failed to match rule 'Anything'
	at 0301166.tex; line 1221 col 1 - line 1221 col 1
	In "$\displaystyle G=\frac{1}{\sqrt{2}}(F+F^{*}){\quad,}\quad H=\frac{1}{\sqrt{2}i%
	}(F-F^{*}){\quad.}\@@ENDINLINEMATH"
	G[[UNKNOWN]] =[[RELOP]] \frac{1}{\sqrt{2}}[[UNKNOWN]] ([[OPEN]] F[[UNKNOWN]] +[[ADDOP]] F[[UNKNOWN]] ^{*}[[POSTSUPERSCRIPT]] )[[CLOSE]]
	        > $\displaystyleG=\frac{1}{\sqrt{2}}(F+F^{*}){\quad,}\quadH=\frac{1}{\sqrt{2}i}(F-F^{*}){\quad.}\@@ENDINLINEMATH[[PUNCT]] ,[[PUNCT]] H[[UNKNOWN]] =[[RELOP]] \frac{1}{\sqrt{2}i}[[UNKNOWN]] ([[OPEN]] F[[UNKNOWN]] -[[ADDOP]] F[[UNKNOWN]] ^{*}[[POSTSUPERSCRIPT]] )[[CLOSE]]
Warning:not_parsed:UNKNOWN.POSTSUPERSCRIPT.CLOSE>PUNCT MathParser failed to match rule 'Anything'
	at 0301166.tex; line 1221 col 1 - line 1223 col 14
	In "$\displaystyle G=\frac{1}{\sqrt{2}}(F+F^{*}){\quad,}\quad H=\frac{1}{\sqrt{2}i%
	}(F-F^{*}){\quad.}$"
	G[[UNKNOWN]] =[[RELOP]] \frac{1}{\sqrt{2}}[[UNKNOWN]] ([[OPEN]] F[[UNKNOWN]] +[[ADDOP]] F[[UNKNOWN]] ^{*}[[POSTSUPERSCRIPT]] )[[CLOSE]]
	        > $\displaystyleG=\frac{1}{\sqrt{2}}(F+F^{*}){\quad,}\quadH=\frac{1}{\sqrt{2}i}(F-F^{*}){\quad.}$[[PUNCT]] ,[[PUNCT]] H[[UNKNOWN]] =[[RELOP]] \frac{1}{\sqrt{2}i}[[UNKNOWN]] ([[OPEN]] F[[UNKNOWN]] -[[ADDOP]] F[[UNKNOWN]] ^{*}[[POSTSUPERSCRIPT]] )[[CLOSE]]
Warning:not_parsed:OPEN.ARRAY.CLOSE>PUNCT MathParser failed to match rule 'Anything'
	at 0301166.tex; line 1230 col 3 - line 1230 col 3
	In "$\displaystyle\alpha=\left(\begin{array}[]{c}\hidden@noalign{}\hfil\xi_{\alpha%
	}\\
	\hidden@noalign{}\hfil{\bar{\xi}}^{\dot{\alpha}}\end{array}\right)\ {\quad,}%
	\quad\Psi=\left(\begin{array}[]{c}\hidden@noalign{}\hfil\psi_{\alpha}\\
	\hidden@noalign{}\hfil{\bar{\psi}}^{\dot{\alpha}}\end{array}\right)\ {\quad,}\@@ENDINLINEMATH"
	α[[UNKNOWN]] =[[RELOP]] \left([[OPEN]] Alignment[][[ARRAY]] \right)[[CLOSE]]
	        > $\displaystyle\alpha=\left(\begin{array}[]{c}\hidden@noalign{}\hfil\xi_{\alpha}\\
	\hidden@noalign{}\hfil{\bar{\xi}}^{\dot{\alpha}}\end{array}\right)\ {\quad,}\quad\Psi=\left(\begin{array}[]{c}\hidden@noalign{}\hfil\psi_{\alpha}\\
	\hidden@noalign{}\hfil{\bar{\psi}}^{\dot{\alpha}}\end{array}\right)\ {\quad,}\@@ENDINLINEMATH[[PUNCT]] ,[[PUNCT]] Ψ[[UNKNOWN]] =[[RELOP]] \left([[OPEN]] Alignment[][[ARRAY]] \right)[[CLOSE]]
Warning:not_parsed:OPEN.ARRAY.CLOSE>PUNCT MathParser failed to match rule 'Anything'
	at 0301166.tex; line 1230 col 3 - line 1237 col 6
	In "$\displaystyle\alpha=\left(\begin{array}[]{c}\hidden@noalign{}\hfil\xi_{\alpha%
	}\\
	\hidden@noalign{}\hfil{\bar{\xi}}^{\dot{\alpha}}\end{array}\right)\ {\quad,}%
	\quad\Psi=\left(\begin{array}[]{c}\hidden@noalign{}\hfil\psi_{\alpha}\\
	\hidden@noalign{}\hfil{\bar{\psi}}^{\dot{\alpha}}\end{array}\right)\ {\quad,}$"
	α[[UNKNOWN]] =[[RELOP]] \left([[OPEN]] Alignment[][[ARRAY]] \right)[[CLOSE]]
	        > $\displaystyle\alpha=\left(\begin{array}[]{c}\hidden@noalign{}\hfil\xi_{\alpha}\\
	\hidden@noalign{}\hfil{\bar{\xi}}^{\dot{\alpha}}\end{array}\right)\ {\quad,}\quad\Psi=\left(\begin{array}[]{c}\hidden@noalign{}\hfil\psi_{\alpha}\\
	\hidden@noalign{}\hfil{\bar{\psi}}^{\dot{\alpha}}\end{array}\right)\ {\quad,}$[[PUNCT]] ,[[PUNCT]] Ψ[[UNKNOWN]] =[[RELOP]] \left([[OPEN]] Alignment[][[ARRAY]] \right)[[CLOSE]]
Warning:not_parsed:OPEN.ARRAY.CLOSE>PUNCT MathParser failed to match rule 'Anything'
	at 0301166.tex; line 1237 col 6 - line 1237 col 6
	In "$\displaystyle{\bar{\alpha}}=\left(\begin{array}[]{cc}\hidden@noalign{}\hfil%
	\xi^{\alpha}&{\bar{\xi}}_{\dot{\alpha}}\end{array}\right){\quad,}\quad{\bar{%
	\Psi}}=\left(\begin{array}[]{cc}\hidden@noalign{}\hfil\psi^{\alpha}&{\bar{\psi%
	}}_{\dot{\alpha}}\end{array}\right){\quad.}\@@ENDINLINEMATH"
	\bar{\alpha}[[UNKNOWN]] =[[RELOP]] \left([[OPEN]] Alignment[][[ARRAY]] \right)[[CLOSE]]
	        > $\displaystyle{\bar{\alpha}}=\left(\begin{array}[]{cc}\hidden@noalign{}\hfil\xi^{\alpha}&{\bar{\xi}}_{\dot{\alpha}}\end{array}\right){\quad,}\quad{\bar{\Psi}}=\left(\begin{array}[]{cc}\hidden@noalign{}\hfil\psi^{\alpha}&{\bar{\psi}}_{\dot{\alpha}}\end{array}\right){\quad.}\@@ENDINLINEMATH[[PUNCT]] ,[[PUNCT]] \bar{\Psi}[[UNKNOWN]] =[[RELOP]] \left([[OPEN]] Alignment[][[ARRAY]] \right)[[CLOSE]]
Warning:not_parsed:OPEN.ARRAY.CLOSE>PUNCT MathParser failed to match rule 'Anything'
	at 0301166.tex; line 1237 col 6 - line 1246 col 14
	In "$\displaystyle{\bar{\alpha}}=\left(\begin{array}[]{cc}\hidden@noalign{}\hfil%
	\xi^{\alpha}&{\bar{\xi}}_{\dot{\alpha}}\end{array}\right){\quad,}\quad{\bar{%
	\Psi}}=\left(\begin{array}[]{cc}\hidden@noalign{}\hfil\psi^{\alpha}&{\bar{\psi%
	}}_{\dot{\alpha}}\end{array}\right){\quad.}$"
	\bar{\alpha}[[UNKNOWN]] =[[RELOP]] \left([[OPEN]] Alignment[][[ARRAY]] \right)[[CLOSE]]
	        > $\displaystyle{\bar{\alpha}}=\left(\begin{array}[]{cc}\hidden@noalign{}\hfil\xi^{\alpha}&{\bar{\xi}}_{\dot{\alpha}}\end{array}\right){\quad,}\quad{\bar{\Psi}}=\left(\begin{array}[]{cc}\hidden@noalign{}\hfil\psi^{\alpha}&{\bar{\psi}}_{\dot{\alpha}}\end{array}\right){\quad.}$[[PUNCT]] ,[[PUNCT]] \bar{\Psi}[[UNKNOWN]] =[[RELOP]] \left([[OPEN]] Alignment[][[ARRAY]] \right)[[CLOSE]]
Warning:not_parsed:OPEN.ARRAY.CLOSE>PUNCT MathParser failed to match rule 'Anything'
	at 0301166.tex; line 1285 col 3 - line 1285 col 3
	In "$\displaystyle\gamma^{m}=\left(\begin{array}[]{cc}\hidden@noalign{}\hfil 0&(%
	\sigma^{m})_{\alpha{\dot{\beta}}}\\
	\hidden@noalign{}\hfil({\bar{\sigma}}^{m})^{{\dot{\alpha}}\beta}&0\end{array}%
	\right){\quad,}\quad\gamma^{5}=\gamma^{0}\gamma^{1}\gamma^{2}\gamma^{3}=\left(%
	\begin{array}[]{cc}\hidden@noalign{}\hfil-i&0\\
	\hidden@noalign{}\hfil 0&i\end{array}\right){\quad.}\@@ENDINLINEMATH"
	γ[[UNKNOWN]] ^{m}[[POSTSUPERSCRIPT]] =[[RELOP]] \left([[OPEN]] Alignment[][[ARRAY]] \right)[[CLOSE]]
	        > $\displaystyle\gamma^{m}=\left(\begin{array}[]{cc}\hidden@noalign{}\hfil0&(\sigma^{m})_{\alpha{\dot{\beta}}}\\
	\hidden@noalign{}\hfil({\bar{\sigma}}^{m})^{{\dot{\alpha}}\beta}&0\end{array}\right){\quad,}\quad\gamma^{5}=\gamma^{0}\gamma^{1}\gamma^{2}\gamma^{3}=\left(\begin{array}[]{cc}\hidden@noalign{}\hfil-i&0\\
	\hidden@noalign{}\hfil0&i\end{array}\right){\quad.}\@@ENDINLINEMATH[[PUNCT]] ,[[PUNCT]] γ[[UNKNOWN]] ^{5}[[POSTSUPERSCRIPT]] =[[RELOP]] γ[[UNKNOWN]] ^{0}[[POSTSUPERSCRIPT]] γ[[UNKNOWN]] ^{1}[[POSTSUPERSCRIPT]] γ[[UNKNOWN]] ^{2}[[POSTSUPERSCRIPT]] γ[[UNKNOWN]] ^{3}[[POSTSUPERSCRIPT]] =[[RELOP]] \left([[OPEN]] Alignment[][[ARRAY]] \right)[[CLOSE]]
Warning:not_parsed:OPEN.ARRAY.CLOSE>PUNCT MathParser failed to match rule 'Anything'
	at 0301166.tex; line 1285 col 3 - line 1297 col 14
	In "$\displaystyle\gamma^{m}=\left(\begin{array}[]{cc}\hidden@noalign{}\hfil 0&(%
	\sigma^{m})_{\alpha{\dot{\beta}}}\\
	\hidden@noalign{}\hfil({\bar{\sigma}}^{m})^{{\dot{\alpha}}\beta}&0\end{array}%
	\right){\quad,}\quad\gamma^{5}=\gamma^{0}\gamma^{1}\gamma^{2}\gamma^{3}=\left(%
	\begin{array}[]{cc}\hidden@noalign{}\hfil-i&0\\
	\hidden@noalign{}\hfil 0&i\end{array}\right){\quad.}$"
	γ[[UNKNOWN]] ^{m}[[POSTSUPERSCRIPT]] =[[RELOP]] \left([[OPEN]] Alignment[][[ARRAY]] \right)[[CLOSE]]
	        > $\displaystyle\gamma^{m}=\left(\begin{array}[]{cc}\hidden@noalign{}\hfil0&(\sigma^{m})_{\alpha{\dot{\beta}}}\\
	\hidden@noalign{}\hfil({\bar{\sigma}}^{m})^{{\dot{\alpha}}\beta}&0\end{array}\right){\quad,}\quad\gamma^{5}=\gamma^{0}\gamma^{1}\gamma^{2}\gamma^{3}=\left(\begin{array}[]{cc}\hidden@noalign{}\hfil-i&0\\
	\hidden@noalign{}\hfil0&i\end{array}\right){\quad.}$[[PUNCT]] ,[[PUNCT]] γ[[UNKNOWN]] ^{5}[[POSTSUPERSCRIPT]] =[[RELOP]] γ[[UNKNOWN]] ^{0}[[POSTSUPERSCRIPT]] γ[[UNKNOWN]] ^{1}[[POSTSUPERSCRIPT]] γ[[UNKNOWN]] ^{2}[[POSTSUPERSCRIPT]] γ[[UNKNOWN]] ^{3}[[POSTSUPERSCRIPT]] =[[RELOP]] \left([[OPEN]] Alignment[][[ARRAY]] \right)[[CLOSE]]
Warning:not_parsed:ATOM.OPERATOR.POSTSUBSCRIPT>OPEN MathParser failed to match rule 'Anything'
	at 0301166.tex; line 1320 col 1 - line 1320 col 1
	In "$\displaystyle=\frac{i}{2}\partial_{m}(\mbox{ }\prime\prime\mbox{ })-\frac{i}{%
	2}\left(\begin{array}[]{c}\hidden@noalign{}\hfil\psi_{\alpha}\\
	\hidden@noalign{}\hfil{\bar{\psi}}^{\dot{\alpha}}\end{array}\right)\ \left(%
	\begin{array}[]{cc}\hidden@noalign{}\hfil 0&(\sigma^{m})_{\alpha{\dot{\beta}}}%
	\\
	\hidden@noalign{}\hfil({\bar{\sigma}}^{m})^{{\dot{\alpha}}\beta}&0\end{array}%
	\right)\partial_{m}\left(\begin{array}[]{cc}\hidden@noalign{}\hfil\psi^{\alpha%
	}&{\bar{\psi}}_{\dot{\alpha}}\end{array}\right)\@@ENDINLINEMATH"
	=[[RELOP]] \frac{i}{2}[[UNKNOWN]] ∂[[OPERATOR]] _{m}[[POSTSUBSCRIPT]]
	        > ([[OPEN]] \mbox{ }[[UNKNOWN]] ′[[SUPOP]] ′[[SUPOP]] \mbox{ }[[UNKNOWN]] )[[CLOSE]] -[[ADDOP]] \frac{i}{2}[[UNKNOWN]] \left([[OPEN]] Alignment[][[ARRAY]] \right)[[CLOSE]] \left([[OPEN]] Alignment[][[ARRAY]] \right)[[CLOSE]] ∂[[OPERATOR]] _{m}[[POSTSUBSCRIPT]] \left([[OPEN]] Alignment[][[ARRAY]] \right)[[CLOSE]]
Warning:not_parsed:ATOM.OPERATOR.POSTSUBSCRIPT>OPEN MathParser failed to match rule 'Anything'
	at 0301166.tex; line 1320 col 1 - line 1332 col 1
	In "$\displaystyle=\frac{i}{2}\partial_{m}(\mbox{ }\prime\prime\mbox{ })-\frac{i}{%
	2}\left(\begin{array}[]{c}\hidden@noalign{}\hfil\psi_{\alpha}\\
	\hidden@noalign{}\hfil{\bar{\psi}}^{\dot{\alpha}}\end{array}\right)\ \left(%
	\begin{array}[]{cc}\hidden@noalign{}\hfil 0&(\sigma^{m})_{\alpha{\dot{\beta}}}%
	\\
	\hidden@noalign{}\hfil({\bar{\sigma}}^{m})^{{\dot{\alpha}}\beta}&0\end{array}%
	\right)\partial_{m}\left(\begin{array}[]{cc}\hidden@noalign{}\hfil\psi^{\alpha%
	}&{\bar{\psi}}_{\dot{\alpha}}\end{array}\right)$"
	=[[RELOP]] \frac{i}{2}[[UNKNOWN]] ∂[[OPERATOR]] _{m}[[POSTSUBSCRIPT]]
	        > ([[OPEN]] \mbox{ }[[UNKNOWN]] ′[[SUPOP]] ′[[SUPOP]] \mbox{ }[[UNKNOWN]] )[[CLOSE]] -[[ADDOP]] \frac{i}{2}[[UNKNOWN]] \left([[OPEN]] Alignment[][[ARRAY]] \right)[[CLOSE]] \left([[OPEN]] Alignment[][[ARRAY]] \right)[[CLOSE]] ∂[[OPERATOR]] _{m}[[POSTSUBSCRIPT]] \left([[OPEN]] Alignment[][[ARRAY]] \right)[[CLOSE]]
Warning:not_parsed:ATOM.OPERATOR.POSTSUBSCRIPT>OPEN MathParser failed to match rule 'Anything'
	at 0301166.tex; line 1332 col 1 - line 1332 col 1
	In "$\displaystyle=\frac{i}{2}\partial_{m}(\mbox{ }\prime\prime\mbox{ })-\frac{i}{%
	2}{\bar{\Psi}}\gamma^{m}\partial_{m}\Psi=\frac{i}{2}\partial_{m}(\mbox{ }%
	\prime\prime\mbox{ })-\frac{i}{2}\begin{array}[]{c}\hidden@noalign{}\hfil\mbox%
	{
	\psfig{height=28.452756pt,angle=0}
	}\end{array}{\quad,}\@@ENDINLINEMATH"
	=[[RELOP]] \frac{i}{2}[[UNKNOWN]] ∂[[OPERATOR]] _{m}[[POSTSUBSCRIPT]]
	        > ([[OPEN]] \mbox{ }[[UNKNOWN]] ′[[SUPOP]] ′[[SUPOP]] \mbox{ }[[UNKNOWN]] )[[CLOSE]] -[[ADDOP]] \frac{i}{2}[[UNKNOWN]] \bar{\Psi}[[UNKNOWN]] γ[[UNKNOWN]] ^{m}[[POSTSUPERSCRIPT]] ∂[[OPERATOR]] _{m}[[POSTSUBSCRIPT]] Ψ[[UNKNOWN]] =[[RELOP]] \frac{i}{2}[[UNKNOWN]] ∂[[OPERATOR]] _{m}[[POSTSUBSCRIPT]] ([[OPEN]] \mbox{ }[[UNKNOWN]] ′[[SUPOP]] ′[[SUPOP]] \mbox{ }[[UNKNOWN]] )[[CLOSE]] -[[ADDOP]] \frac{i}{2}[[UNKNOWN]] Alignment[][[ARRAY]]
Warning:not_parsed:ATOM.OPERATOR.POSTSUBSCRIPT>OPEN MathParser failed to match rule 'Anything'
	at 0301166.tex; line 1332 col 1 - line 1338 col 14
	In "$\displaystyle=\frac{i}{2}\partial_{m}(\mbox{ }\prime\prime\mbox{ })-\frac{i}{%
	2}{\bar{\Psi}}\gamma^{m}\partial_{m}\Psi=\frac{i}{2}\partial_{m}(\mbox{ }%
	\prime\prime\mbox{ })-\frac{i}{2}\begin{array}[]{c}\hidden@noalign{}\hfil\mbox%
	{
	\psfig{height=28.452756pt,angle=0}
	}\end{array}{\quad,}$"
	=[[RELOP]] \frac{i}{2}[[UNKNOWN]] ∂[[OPERATOR]] _{m}[[POSTSUBSCRIPT]]
	        > ([[OPEN]] \mbox{ }[[UNKNOWN]] ′[[SUPOP]] ′[[SUPOP]] \mbox{ }[[UNKNOWN]] )[[CLOSE]] -[[ADDOP]] \frac{i}{2}[[UNKNOWN]] \bar{\Psi}[[UNKNOWN]] γ[[UNKNOWN]] ^{m}[[POSTSUPERSCRIPT]] ∂[[OPERATOR]] _{m}[[POSTSUBSCRIPT]] Ψ[[UNKNOWN]] =[[RELOP]] \frac{i}{2}[[UNKNOWN]] ∂[[OPERATOR]] _{m}[[POSTSUBSCRIPT]] ([[OPEN]] \mbox{ }[[UNKNOWN]] ′[[SUPOP]] ′[[SUPOP]] \mbox{ }[[UNKNOWN]] )[[CLOSE]] -[[ADDOP]] \frac{i}{2}[[UNKNOWN]] Alignment[][[ARRAY]]
Warning:not_parsed:PUNCT.ATOM.POSTSUBSCRIPT>CLOSE MathParser failed to match rule 'Anything'
	at 0301166.tex; line 1600 col 2 - line 1600 col 2
	In "$\displaystyle\{Q_{\alpha},{\bar{Q}}_{\dot{\alpha}}\}=2i\begin{array}[]{c}%
	\hidden@noalign{}\hfil\mbox{
	\psfig{height=28.452756pt,angle=0}
	}\end{array}{\quad,}\@@ENDINLINEMATH"
	{[[UNKNOWN]] Q[[UNKNOWN]] _{\alpha}[[POSTSUBSCRIPT]] ,[[PUNCT]] \bar{Q}[[UNKNOWN]] _{\dot{\alpha}}[[POSTSUBSCRIPT]]
	        > \}[[CLOSE]] =[[RELOP]] 2[[NUMBER]] i[[UNKNOWN]] Alignment[][[ARRAY]]
Warning:not_parsed:PUNCT.ATOM.POSTSUBSCRIPT>CLOSE MathParser failed to match rule 'Anything'
	at 0301166.tex; line 1600 col 2 - line 1601 col 2
	In "$\displaystyle\{Q_{\alpha},{\bar{Q}}_{\dot{\alpha}}\}=2i\begin{array}[]{c}%
	\hidden@noalign{}\hfil\mbox{
	\psfig{height=28.452756pt,angle=0}
	}\end{array}{\quad,}$"
	{[[UNKNOWN]] Q[[UNKNOWN]] _{\alpha}[[POSTSUBSCRIPT]] ,[[PUNCT]] \bar{Q}[[UNKNOWN]] _{\dot{\alpha}}[[POSTSUBSCRIPT]]
	        > \}[[CLOSE]] =[[RELOP]] 2[[NUMBER]] i[[UNKNOWN]] Alignment[][[ARRAY]]
Warning:not_parsed:PUNCT.ATOM.POSTSUBSCRIPT>CLOSE MathParser failed to match rule 'Anything'
	at 0301166.tex; line 1601 col 2 - line 1601 col 2
	In "$\displaystyle\{D_{\alpha},{\bar{D}}_{\dot{\alpha}}\}=-2i\begin{array}[]{c}%
	\hidden@noalign{}\hfil\mbox{
	\psfig{height=28.452756pt,angle=0}
	}\end{array}{\quad.}\@@ENDINLINEMATH"
	{[[UNKNOWN]] D[[UNKNOWN]] _{\alpha}[[POSTSUBSCRIPT]] ,[[PUNCT]] \bar{D}[[UNKNOWN]] _{\dot{\alpha}}[[POSTSUBSCRIPT]]
	        > \}[[CLOSE]] =[[RELOP]] -[[ADDOP]] 2[[NUMBER]] i[[UNKNOWN]] Alignment[][[ARRAY]]
Warning:not_parsed:PUNCT.ATOM.POSTSUBSCRIPT>CLOSE MathParser failed to match rule 'Anything'
	at 0301166.tex; line 1601 col 2 - line 1603 col 14
	In "$\displaystyle\{D_{\alpha},{\bar{D}}_{\dot{\alpha}}\}=-2i\begin{array}[]{c}%
	\hidden@noalign{}\hfil\mbox{
	\psfig{height=28.452756pt,angle=0}
	}\end{array}{\quad.}$"
	{[[UNKNOWN]] D[[UNKNOWN]] _{\alpha}[[POSTSUBSCRIPT]] ,[[PUNCT]] \bar{D}[[UNKNOWN]] _{\dot{\alpha}}[[POSTSUBSCRIPT]]
	        > \}[[CLOSE]] =[[RELOP]] -[[ADDOP]] 2[[NUMBER]] i[[UNKNOWN]] Alignment[][[ARRAY]]
Warning:not_parsed:NUMBER.UNKNOWN.ARRAY>PUNCT MathParser failed to match rule 'Anything'
	at 0301166.tex; line 1639 col 1 - line 1639 col 1
	In "$\displaystyle D_{\alpha}=\frac{\partial}{\partial\theta^{\alpha}}+2i\begin{%
	array}[]{c}\hidden@noalign{}\hfil\mbox{
	\psfig{height=28.452756pt,angle=0}
	}\end{array}{\quad,}\quad{\bar{D}}_{\dot{\alpha}}=-\frac{\partial}{\partial{%
	\bar{\theta}}^{\dot{\alpha}}}{\quad,}\@@ENDINLINEMATH"
	D[[UNKNOWN]] _{\alpha}[[POSTSUBSCRIPT]] =[[RELOP]] \frac{\partial}{\partial\theta^{\alpha}}[[UNKNOWN]] +[[ADDOP]] 2[[NUMBER]] i[[UNKNOWN]] Alignment[][[ARRAY]]
	        > $\displaystyleD_{\alpha}=\frac{\partial}{\partial\theta^{\alpha}}+2i\begin{array}[]{c}\hidden@noalign{}\hfil\mbox{
	\psfig{height=28.452756pt,angle=0}
	}\end{array}{\quad,}\quad{\bar{D}}_{\dot{\alpha}}=-\frac{\partial}{\partial{\bar{\theta}}^{\dot{\alpha}}}{\quad,}\@@ENDINLINEMATH[[PUNCT]] ,[[PUNCT]] \bar{D}[[UNKNOWN]] _{\dot{\alpha}}[[POSTSUBSCRIPT]] =[[RELOP]] -[[ADDOP]] \frac{\partial}{\partial{\bar{\theta}}^{\dot{\alpha}}}[[UNKNOWN]]
Warning:not_parsed:NUMBER.UNKNOWN.ARRAY>PUNCT MathParser failed to match rule 'Anything'
	at 0301166.tex; line 1639 col 1 - line 1641 col 1
	In "$\displaystyle D_{\alpha}=\frac{\partial}{\partial\theta^{\alpha}}+2i\begin{%
	array}[]{c}\hidden@noalign{}\hfil\mbox{
	\psfig{height=28.452756pt,angle=0}
	}\end{array}{\quad,}\quad{\bar{D}}_{\dot{\alpha}}=-\frac{\partial}{\partial{%
	\bar{\theta}}^{\dot{\alpha}}}{\quad,}$"
	D[[UNKNOWN]] _{\alpha}[[POSTSUBSCRIPT]] =[[RELOP]] \frac{\partial}{\partial\theta^{\alpha}}[[UNKNOWN]] +[[ADDOP]] 2[[NUMBER]] i[[UNKNOWN]] Alignment[][[ARRAY]]
	        > $\displaystyleD_{\alpha}=\frac{\partial}{\partial\theta^{\alpha}}+2i\begin{array}[]{c}\hidden@noalign{}\hfil\mbox{
	\psfig{height=28.452756pt,angle=0}
	}\end{array}{\quad,}\quad{\bar{D}}_{\dot{\alpha}}=-\frac{\partial}{\partial{\bar{\theta}}^{\dot{\alpha}}}{\quad,}$[[PUNCT]] ,[[PUNCT]] \bar{D}[[UNKNOWN]] _{\dot{\alpha}}[[POSTSUBSCRIPT]] =[[RELOP]] -[[ADDOP]] \frac{\partial}{\partial{\bar{\theta}}^{\dot{\alpha}}}[[UNKNOWN]]
Warning:not_parsed:POSTSUBSCRIPT.RELOP.ATOM>PUNCT MathParser failed to match rule 'Anything'
	at 0301166.tex; line 1641 col 1 - line 1641 col 1
	In "$\displaystyle Q_{\alpha}=\frac{\partial}{\partial\theta^{\alpha}}{\quad,}%
	\quad{\bar{Q}}_{\dot{\alpha}}=-\frac{\partial}{\partial{\bar{\theta}}^{\dot{%
	\alpha}}}+2i\begin{array}[]{c}\hidden@noalign{}\hfil\mbox{
	\psfig{height=28.452756pt,angle=0}
	}\end{array}{\quad.}\@@ENDINLINEMATH"
	Q[[UNKNOWN]] _{\alpha}[[POSTSUBSCRIPT]] =[[RELOP]] \frac{\partial}{\partial\theta^{\alpha}}[[UNKNOWN]]
	        > $\displaystyleQ_{\alpha}=\frac{\partial}{\partial\theta^{\alpha}}{\quad,}\quad{\bar{Q}}_{\dot{\alpha}}=-\frac{\partial}{\partial{\bar{\theta}}^{\dot{\alpha}}}+2i\begin{array}[]{c}\hidden@noalign{}\hfil\mbox{
	\psfig{height=28.452756pt,angle=0}
	}\end{array}{\quad.}\@@ENDINLINEMATH[[PUNCT]] ,[[PUNCT]] \bar{Q}[[UNKNOWN]] _{\dot{\alpha}}[[POSTSUBSCRIPT]] =[[RELOP]] -[[ADDOP]] \frac{\partial}{\partial{\bar{\theta}}^{\dot{\alpha}}}[[UNKNOWN]] +[[ADDOP]] 2[[NUMBER]] i[[UNKNOWN]] Alignment[][[ARRAY]]
Warning:not_parsed:POSTSUBSCRIPT.RELOP.ATOM>PUNCT MathParser failed to match rule 'Anything'
	at 0301166.tex; line 1641 col 1 - line 1645 col 14
	In "$\displaystyle Q_{\alpha}=\frac{\partial}{\partial\theta^{\alpha}}{\quad,}%
	\quad{\bar{Q}}_{\dot{\alpha}}=-\frac{\partial}{\partial{\bar{\theta}}^{\dot{%
	\alpha}}}+2i\begin{array}[]{c}\hidden@noalign{}\hfil\mbox{
	\psfig{height=28.452756pt,angle=0}
	}\end{array}{\quad.}$"
	Q[[UNKNOWN]] _{\alpha}[[POSTSUBSCRIPT]] =[[RELOP]] \frac{\partial}{\partial\theta^{\alpha}}[[UNKNOWN]]
	        > $\displaystyleQ_{\alpha}=\frac{\partial}{\partial\theta^{\alpha}}{\quad,}\quad{\bar{Q}}_{\dot{\alpha}}=-\frac{\partial}{\partial{\bar{\theta}}^{\dot{\alpha}}}+2i\begin{array}[]{c}\hidden@noalign{}\hfil\mbox{
	\psfig{height=28.452756pt,angle=0}
	}\end{array}{\quad.}$[[PUNCT]] ,[[PUNCT]] \bar{Q}[[UNKNOWN]] _{\dot{\alpha}}[[POSTSUBSCRIPT]] =[[RELOP]] -[[ADDOP]] \frac{\partial}{\partial{\bar{\theta}}^{\dot{\alpha}}}[[UNKNOWN]] +[[ADDOP]] 2[[NUMBER]] i[[UNKNOWN]] Alignment[][[ARRAY]]
Warning:not_parsed:POSTSUBSCRIPT.RELOP.ATOM>PUNCT MathParser failed to match rule 'Anything'
	at 0301166.tex; line 1651 col 1 - line 1651 col 1
	In "$\displaystyle D_{\alpha}=\frac{\partial}{\partial\theta^{\alpha}}{\quad,}%
	\quad{\bar{D}}_{\dot{\alpha}}=-\frac{\partial}{\partial{\bar{\theta}}^{\dot{%
	\alpha}}}-2i\begin{array}[]{c}\hidden@noalign{}\hfil\mbox{
	\psfig{height=28.452756pt,angle=0}
	}\end{array}{\quad,}\@@ENDINLINEMATH"
	D[[UNKNOWN]] _{\alpha}[[POSTSUBSCRIPT]] =[[RELOP]] \frac{\partial}{\partial\theta^{\alpha}}[[UNKNOWN]]
	        > $\displaystyleD_{\alpha}=\frac{\partial}{\partial\theta^{\alpha}}{\quad,}\quad{\bar{D}}_{\dot{\alpha}}=-\frac{\partial}{\partial{\bar{\theta}}^{\dot{\alpha}}}-2i\begin{array}[]{c}\hidden@noalign{}\hfil\mbox{
	\psfig{height=28.452756pt,angle=0}
	}\end{array}{\quad,}\@@ENDINLINEMATH[[PUNCT]] ,[[PUNCT]] \bar{D}[[UNKNOWN]] _{\dot{\alpha}}[[POSTSUBSCRIPT]] =[[RELOP]] -[[ADDOP]] \frac{\partial}{\partial{\bar{\theta}}^{\dot{\alpha}}}[[UNKNOWN]] -[[ADDOP]] 2[[NUMBER]] i[[UNKNOWN]] Alignment[][[ARRAY]]
Warning:not_parsed:POSTSUBSCRIPT.RELOP.ATOM>PUNCT MathParser failed to match rule 'Anything'
	at 0301166.tex; line 1651 col 1 - line 1653 col 1
	In "$\displaystyle D_{\alpha}=\frac{\partial}{\partial\theta^{\alpha}}{\quad,}%
	\quad{\bar{D}}_{\dot{\alpha}}=-\frac{\partial}{\partial{\bar{\theta}}^{\dot{%
	\alpha}}}-2i\begin{array}[]{c}\hidden@noalign{}\hfil\mbox{
	\psfig{height=28.452756pt,angle=0}
	}\end{array}{\quad,}$"
	D[[UNKNOWN]] _{\alpha}[[POSTSUBSCRIPT]] =[[RELOP]] \frac{\partial}{\partial\theta^{\alpha}}[[UNKNOWN]]
	        > $\displaystyleD_{\alpha}=\frac{\partial}{\partial\theta^{\alpha}}{\quad,}\quad{\bar{D}}_{\dot{\alpha}}=-\frac{\partial}{\partial{\bar{\theta}}^{\dot{\alpha}}}-2i\begin{array}[]{c}\hidden@noalign{}\hfil\mbox{
	\psfig{height=28.452756pt,angle=0}
	}\end{array}{\quad,}$[[PUNCT]] ,[[PUNCT]] \bar{D}[[UNKNOWN]] _{\dot{\alpha}}[[POSTSUBSCRIPT]] =[[RELOP]] -[[ADDOP]] \frac{\partial}{\partial{\bar{\theta}}^{\dot{\alpha}}}[[UNKNOWN]] -[[ADDOP]] 2[[NUMBER]] i[[UNKNOWN]] Alignment[][[ARRAY]]
Warning:not_parsed:NUMBER.UNKNOWN.ARRAY>PUNCT MathParser failed to match rule 'Anything'
	at 0301166.tex; line 1653 col 1 - line 1653 col 1
	In "$\displaystyle Q_{\alpha}=\frac{\partial}{\partial\theta^{\alpha}}-2i\begin{%
	array}[]{c}\hidden@noalign{}\hfil\mbox{
	\psfig{height=28.452756pt,angle=0}
	}\end{array}{\quad,}\quad{\bar{Q}}_{\dot{\alpha}}=-\frac{\partial}{\partial{%
	\bar{\theta}}^{\dot{\alpha}}}{\quad.}\@@ENDINLINEMATH"
	Q[[UNKNOWN]] _{\alpha}[[POSTSUBSCRIPT]] =[[RELOP]] \frac{\partial}{\partial\theta^{\alpha}}[[UNKNOWN]] -[[ADDOP]] 2[[NUMBER]] i[[UNKNOWN]] Alignment[][[ARRAY]]
	        > $\displaystyleQ_{\alpha}=\frac{\partial}{\partial\theta^{\alpha}}-2i\begin{array}[]{c}\hidden@noalign{}\hfil\mbox{
	\psfig{height=28.452756pt,angle=0}
	}\end{array}{\quad,}\quad{\bar{Q}}_{\dot{\alpha}}=-\frac{\partial}{\partial{\bar{\theta}}^{\dot{\alpha}}}{\quad.}\@@ENDINLINEMATH[[PUNCT]] ,[[PUNCT]] \bar{Q}[[UNKNOWN]] _{\dot{\alpha}}[[POSTSUBSCRIPT]] =[[RELOP]] -[[ADDOP]] \frac{\partial}{\partial{\bar{\theta}}^{\dot{\alpha}}}[[UNKNOWN]]
Warning:not_parsed:NUMBER.UNKNOWN.ARRAY>PUNCT MathParser failed to match rule 'Anything'
	at 0301166.tex; line 1653 col 1 - line 1657 col 14
	In "$\displaystyle Q_{\alpha}=\frac{\partial}{\partial\theta^{\alpha}}-2i\begin{%
	array}[]{c}\hidden@noalign{}\hfil\mbox{
	\psfig{height=28.452756pt,angle=0}
	}\end{array}{\quad,}\quad{\bar{Q}}_{\dot{\alpha}}=-\frac{\partial}{\partial{%
	\bar{\theta}}^{\dot{\alpha}}}{\quad.}$"
	Q[[UNKNOWN]] _{\alpha}[[POSTSUBSCRIPT]] =[[RELOP]] \frac{\partial}{\partial\theta^{\alpha}}[[UNKNOWN]] -[[ADDOP]] 2[[NUMBER]] i[[UNKNOWN]] Alignment[][[ARRAY]]
	        > $\displaystyleQ_{\alpha}=\frac{\partial}{\partial\theta^{\alpha}}-2i\begin{array}[]{c}\hidden@noalign{}\hfil\mbox{
	\psfig{height=28.452756pt,angle=0}
	}\end{array}{\quad,}\quad{\bar{Q}}_{\dot{\alpha}}=-\frac{\partial}{\partial{\bar{\theta}}^{\dot{\alpha}}}{\quad.}$[[PUNCT]] ,[[PUNCT]] \bar{Q}[[UNKNOWN]] _{\dot{\alpha}}[[POSTSUBSCRIPT]] =[[RELOP]] -[[ADDOP]] \frac{\partial}{\partial{\bar{\theta}}^{\dot{\alpha}}}[[UNKNOWN]]
Warning:not_parsed:ATOM.POSTSUBSCRIPT.POSTSUPERSCRIPT>PUNCT MathParser failed to match rule 'Anything'
	at 0301166.tex; line 1723 col 3 - line 1723 col 3
	In "$\displaystyle\xi^{i}=\epsilon^{ij}C{\bar{\xi}}_{j}^{T}{\quad,}\quad C=\left(%
	\begin{array}[]{cc}\hidden@noalign{}\hfil i\sigma^{2}&0\\
	\hidden@noalign{}\hfil 0&i\sigma^{2}\end{array}\right){\quad.}\@@ENDINLINEMATH"
	ξ[[UNKNOWN]] ^{i}[[POSTSUPERSCRIPT]] =[[RELOP]] ϵ[[UNKNOWN]] ^{ij}[[POSTSUPERSCRIPT]] C[[UNKNOWN]] \bar{\xi}[[UNKNOWN]] _{j}[[POSTSUBSCRIPT]] ^{T}[[POSTSUPERSCRIPT]]
	        > $\displaystyle\xi^{i}=\epsilon^{ij}C{\bar{\xi}}_{j}^{T}{\quad,}\quadC=\left(\begin{array}[]{cc}\hidden@noalign{}\hfili\sigma^{2}&0\\
	\hidden@noalign{}\hfil0&i\sigma^{2}\end{array}\right){\quad.}\@@ENDINLINEMATH[[PUNCT]] ,[[PUNCT]] C[[UNKNOWN]] =[[RELOP]] \left([[OPEN]] Alignment[][[ARRAY]] \right)[[CLOSE]]
Warning:not_parsed:ATOM.POSTSUBSCRIPT.POSTSUPERSCRIPT>PUNCT MathParser failed to match rule 'Anything'
	at 0301166.tex; line 1723 col 3 - line 1730 col 14
	In "$\displaystyle\xi^{i}=\epsilon^{ij}C{\bar{\xi}}_{j}^{T}{\quad,}\quad C=\left(%
	\begin{array}[]{cc}\hidden@noalign{}\hfil i\sigma^{2}&0\\
	\hidden@noalign{}\hfil 0&i\sigma^{2}\end{array}\right){\quad.}$"
	ξ[[UNKNOWN]] ^{i}[[POSTSUPERSCRIPT]] =[[RELOP]] ϵ[[UNKNOWN]] ^{ij}[[POSTSUPERSCRIPT]] C[[UNKNOWN]] \bar{\xi}[[UNKNOWN]] _{j}[[POSTSUBSCRIPT]] ^{T}[[POSTSUPERSCRIPT]]
	        > $\displaystyle\xi^{i}=\epsilon^{ij}C{\bar{\xi}}_{j}^{T}{\quad,}\quadC=\left(\begin{array}[]{cc}\hidden@noalign{}\hfili\sigma^{2}&0\\
	\hidden@noalign{}\hfil0&i\sigma^{2}\end{array}\right){\quad.}$[[PUNCT]] ,[[PUNCT]] C[[UNKNOWN]] =[[RELOP]] \left([[OPEN]] Alignment[][[ARRAY]] \right)[[CLOSE]]
Warning:not_parsed:RELOP.OPERATOR.POSTSUBSCRIPT>OPEN MathParser failed to match rule 'Anything'
	at 0301166.tex; line 1803 col 4 - line 1803 col 4
	In "$\displaystyle\delta_{\xi}{\cal L}=\partial_{M}\left\{-\sqrt{2}i\begin{array}[%
	]{c}\hidden@noalign{}\hfil\mbox{
	\psfig{height=28.452756pt,angle=0}
	}\end{array}-\sqrt{2}\begin{array}[]{c}\hidden@noalign{}\hfil\mbox{
	\psfig{height=28.452756pt,angle=0}
	}\end{array}\right.\@@ENDINLINEMATH"
	δ[[UNKNOWN]] _{\xi}[[POSTSUBSCRIPT]] L[[UNKNOWN]] =[[RELOP]] ∂[[OPERATOR]] _{M}[[POSTSUBSCRIPT]]
	        > \left\{[[OPEN]] -[[ADDOP]] \sqrt{2}[[UNKNOWN]] i[[UNKNOWN]] Alignment[][[ARRAY]] -[[ADDOP]] \sqrt{2}[[UNKNOWN]] Alignment[][[ARRAY]]
Warning:not_parsed:RELOP.OPERATOR.POSTSUBSCRIPT>OPEN MathParser failed to match rule 'Anything'
	at 0301166.tex; line 1803 col 4 - line 1805 col 5
	In "$\displaystyle\delta_{\xi}{\cal L}=\partial_{M}\left\{-\sqrt{2}i\begin{array}[%
	]{c}\hidden@noalign{}\hfil\mbox{
	\psfig{height=28.452756pt,angle=0}
	}\end{array}-\sqrt{2}\begin{array}[]{c}\hidden@noalign{}\hfil\mbox{
	\psfig{height=28.452756pt,angle=0}
	}\end{array}\right.$"
	δ[[UNKNOWN]] _{\xi}[[POSTSUBSCRIPT]] L[[UNKNOWN]] =[[RELOP]] ∂[[OPERATOR]] _{M}[[POSTSUBSCRIPT]]
	        > \left\{[[OPEN]] -[[ADDOP]] \sqrt{2}[[UNKNOWN]] i[[UNKNOWN]] Alignment[][[ARRAY]] -[[ADDOP]] \sqrt{2}[[UNKNOWN]] Alignment[][[ARRAY]]
Warning:not_parsed:OPEN.ARRAY.CLOSE>PUNCT MathParser failed to match rule 'Anything'
	at 0301166.tex; line 1834 col 4 - line 1834 col 4
	In "$\displaystyle\chi=\left(\begin{array}[]{c}\hidden@noalign{}\hfil(\chi_{L})_{%
	\alpha}\\
	\hidden@noalign{}\hfil({\bar{\chi}}_{R})^{\dot{\alpha}}\end{array}\right){%
	\quad,}\quad{\bar{\chi}}=\left((\chi_{R})^{\alpha},({\bar{\chi}}_{L})_{\dot{%
	\alpha}}\right){\quad,}\@@ENDINLINEMATH"
	χ[[UNKNOWN]] =[[RELOP]] \left([[OPEN]] Alignment[][[ARRAY]] \right)[[CLOSE]]
	        > $\displaystyle\chi=\left(\begin{array}[]{c}\hidden@noalign{}\hfil(\chi_{L})_{\alpha}\\
	\hidden@noalign{}\hfil({\bar{\chi}}_{R})^{\dot{\alpha}}\end{array}\right){\quad,}\quad{\bar{\chi}}=\left((\chi_{R})^{\alpha},({\bar{\chi}}_{L})_{\dot{\alpha}}\right){\quad,}\@@ENDINLINEMATH[[PUNCT]] ,[[PUNCT]] \bar{\chi}[[UNKNOWN]] =[[RELOP]] \left([[OPEN]] ([[OPEN]] χ[[UNKNOWN]] _{R}[[POSTSUBSCRIPT]] )[[CLOSE]] ^{\alpha}[[POSTSUPERSCRIPT]] ,[[PUNCT]] ([[OPEN]] \bar{\chi}[[UNKNOWN]] _{L}[[POSTSUBSCRIPT]] )[[CLOSE]] _{\dot{\alpha}}[[POSTSUBSCRIPT]] \right)[[CLOSE]]
Warning:not_parsed:OPEN.ARRAY.CLOSE>PUNCT MathParser failed to match rule 'Anything'
	at 0301166.tex; line 1834 col 4 - line 1838 col 3
	In "$\displaystyle\chi=\left(\begin{array}[]{c}\hidden@noalign{}\hfil(\chi_{L})_{%
	\alpha}\\
	\hidden@noalign{}\hfil({\bar{\chi}}_{R})^{\dot{\alpha}}\end{array}\right){%
	\quad,}\quad{\bar{\chi}}=\left((\chi_{R})^{\alpha},({\bar{\chi}}_{L})_{\dot{%
	\alpha}}\right){\quad,}$"
	χ[[UNKNOWN]] =[[RELOP]] \left([[OPEN]] Alignment[][[ARRAY]] \right)[[CLOSE]]
	        > $\displaystyle\chi=\left(\begin{array}[]{c}\hidden@noalign{}\hfil(\chi_{L})_{\alpha}\\
	\hidden@noalign{}\hfil({\bar{\chi}}_{R})^{\dot{\alpha}}\end{array}\right){\quad,}\quad{\bar{\chi}}=\left((\chi_{R})^{\alpha},({\bar{\chi}}_{L})_{\dot{\alpha}}\right){\quad,}$[[PUNCT]] ,[[PUNCT]] \bar{\chi}[[UNKNOWN]] =[[RELOP]] \left([[OPEN]] ([[OPEN]] χ[[UNKNOWN]] _{R}[[POSTSUBSCRIPT]] )[[CLOSE]] ^{\alpha}[[POSTSUPERSCRIPT]] ,[[PUNCT]] ([[OPEN]] \bar{\chi}[[UNKNOWN]] _{L}[[POSTSUBSCRIPT]] )[[CLOSE]] _{\dot{\alpha}}[[POSTSUBSCRIPT]] \right)[[CLOSE]]
Warning:not_parsed:UNKNOWN.POSTSUPERSCRIPT.POSTSUBSCRIPT>METARELOP MathParser failed to match rule 'Anything'
	at 0301166.tex; line 2060 col 1 - line 2060 col 1
	In "$\displaystyle e^{n}_{~{}a}\ :\quad\begin{array}[]{c}\hidden@noalign{}\hfil%
	\mbox{
	\psfig{height=28.452756pt,angle=0}
	}\end{array}\quad\quad\psi_{m}^{~{}\alpha}\ :\quad\begin{array}[]{c}%
	\hidden@noalign{}\hfil\mbox{
	\psfig{height=28.452756pt,angle=0}
	}\end{array}\@@ENDINLINEMATH"
	e[[UNKNOWN]] ^{n}[[POSTSUPERSCRIPT]] _{~{}a}[[POSTSUBSCRIPT]]
	        > :[[METARELOP]] $\displaystylee^{n}_{~{}a}\ :\quad\begin{array}[]{c}\hidden@noalign{}\hfil\mbox{
	\psfig{height=28.452756pt,angle=0}
	}\end{array}\quad\quad\psi_{m}^{~{}\alpha}\ :\quad\begin{array}[]{c}\hidden@noalign{}\hfil\mbox{
	\psfig{height=28.452756pt,angle=0}
	}\end{array}\@@ENDINLINEMATH[[PUNCT]] Alignment[][[ARRAY]] $\displaystylee^{n}_{~{}a}\ :\quad\begin{array}[]{c}\hidden@noalign{}\hfil\mbox{
	\psfig{height=28.452756pt,angle=0}
	}\end{array}\quad\quad\psi_{m}^{~{}\alpha}\ :\quad\begin{array}[]{c}\hidden@noalign{}\hfil\mbox{
	\psfig{height=28.452756pt,angle=0}
	}\end{array}\@@ENDINLINEMATH[[PUNCT]] ψ[[UNKNOWN]] _{m}[[POSTSUBSCRIPT]] ^{~{}\alpha}[[POSTSUPERSCRIPT]] :[[METARELOP]] $\displaystylee^{n}_{~{}a}\ :\quad\begin{array}[]{c}\hidden@noalign{}\hfil\mbox{
	\psfig{height=28.452756pt,angle=0}
	}\end{array}\quad\quad\psi_{m}^{~{}\alpha}\ :\quad\begin{array}[]{c}\hidden@noalign{}\hfil\mbox{
	\psfig{height=28.452756pt,angle=0}
	}\end{array}\@@ENDINLINEMATH[[PUNCT]] Alignment[][[ARRAY]]
Warning:not_parsed:UNKNOWN.POSTSUPERSCRIPT.POSTSUBSCRIPT>METARELOP MathParser failed to match rule 'Anything'
	at 0301166.tex; line 2060 col 1 - line 2071 col 14
	In "$\displaystyle e^{n}_{~{}a}\ :\quad\begin{array}[]{c}\hidden@noalign{}\hfil%
	\mbox{
	\psfig{height=28.452756pt,angle=0}
	}\end{array}\quad\quad\psi_{m}^{~{}\alpha}\ :\quad\begin{array}[]{c}%
	\hidden@noalign{}\hfil\mbox{
	\psfig{height=28.452756pt,angle=0}
	}\end{array}$"
	e[[UNKNOWN]] ^{n}[[POSTSUPERSCRIPT]] _{~{}a}[[POSTSUBSCRIPT]]
	        > :[[METARELOP]] $\displaystylee^{n}_{~{}a}\ :\quad\begin{array}[]{c}\hidden@noalign{}\hfil\mbox{
	\psfig{height=28.452756pt,angle=0}
	}\end{array}\quad\quad\psi_{m}^{~{}\alpha}\ :\quad\begin{array}[]{c}\hidden@noalign{}\hfil\mbox{
	\psfig{height=28.452756pt,angle=0}
	}\end{array}$[[PUNCT]] Alignment[][[ARRAY]] $\displaystylee^{n}_{~{}a}\ :\quad\begin{array}[]{c}\hidden@noalign{}\hfil\mbox{
	\psfig{height=28.452756pt,angle=0}
	}\end{array}\quad\quad\psi_{m}^{~{}\alpha}\ :\quad\begin{array}[]{c}\hidden@noalign{}\hfil\mbox{
	\psfig{height=28.452756pt,angle=0}
	}\end{array}$[[PUNCT]] ψ[[UNKNOWN]] _{m}[[POSTSUBSCRIPT]] ^{~{}\alpha}[[POSTSUPERSCRIPT]] :[[METARELOP]] $\displaystylee^{n}_{~{}a}\ :\quad\begin{array}[]{c}\hidden@noalign{}\hfil\mbox{
	\psfig{height=28.452756pt,angle=0}
	}\end{array}\quad\quad\psi_{m}^{~{}\alpha}\ :\quad\begin{array}[]{c}\hidden@noalign{}\hfil\mbox{
	\psfig{height=28.452756pt,angle=0}
	}\end{array}$[[PUNCT]] Alignment[][[ARRAY]]
 24.19 sec)
Math parsing succeeded:
   ltx:XMath: 503/560
   ltx:XMArg: 3129/3129
Symbols assumed as simple identifiers (with # of occurences):
   'A{italic}' (154), 'Box' (19), 'C{italic}' (10), 'D{italic}' (33), 'E{italic}' (4), 'F{italic}' (123), 'G{italic}' (11), 'H{italic}' (10), 'I{italic}' (3), 'L{caligraphic}' (18), 'L{italic}' (55), 'M{italic}' (8), 'N{caligraphic}' (3), 'N{italic}' (8), 'Phi' (9), 'Psi' (32), 'P{italic}' (14), 'Q{italic}' (25), 'R{italic}' (11), 'S{italic}' (1), 'U{italic}' (2), 'W{italic}' (2), 'Z{italic}' (2), 'alpha' (87), 'a{italic}' (13), 'beta' (68), 'b{italic}' (13), 'chi' (57), 'c{italic}' (13), 'delta' (113), 'd{italic}' (8), 'epsilon' (107), 'eta' (26), 'e{italic}' (15), 'f{italic}' (2), 'gamma' (82), 'i{italic}' (232), 'j{italic}' (28), 'lambda' (4), 'l{italic}' (15), 'm{italic}' (79), 'n{italic}' (72), 'phi' (1), 'psi' (81), 'sigma' (85), 's{italic}' (3), 'theta' (60), 'v{italic}' (32), 'xi' (93), 'x{italic}' (32), 'y{italic}' (22), '{' (8)
Set MATHPARSER_SPECULATE to speculate on possible notations.
(Finalizing... 1.58 sec)
Conversion complete 57 warnings (See /home/user/latex-in-arxiv/0301166.latexml.log) (reqd. 1m 2.12s)
