latexml (LaTeXML version 0.8.6) processing 2003/0301215_cleaned.tex
(Digesting TeX 0301215_cleaned...
(Loading /usr/share/perl5/LaTeXML/Package/TeX.pool.ltxml...
(Loading /usr/share/perl5/LaTeXML/Package/eTeX.pool.ltxml... 0.00 sec)
(Loading /usr/share/perl5/LaTeXML/Package/pdfTeX.pool.ltxml... 0.01 sec) 0.11 sec)
(Processing content /home/user/latex-in-arxiv/2003/0301215_cleaned.tex...
(Loading /usr/share/perl5/LaTeXML/Package/LaTeX.pool.ltxml...
(Loading /usr/share/perl5/LaTeXML/Package/textcomp.sty.ltxml...
(Processing definitions /usr/share/texlive/texmf-dist/tex/latex-dev/base/ts1enc.dfu... 0.02 sec) 0.88 sec) 1.04 sec)
(Loading /usr/share/perl5/LaTeXML/Package/article.cls.ltxml... 0.01 sec)
(Loading /usr/share/perl5/LaTeXML/Package/amsmath.sty.ltxml...
(Loading /usr/share/perl5/LaTeXML/Package/amsbsy.sty.ltxml...
(Loading /usr/share/perl5/LaTeXML/Package/amsgen.sty.ltxml... 0.00 sec) 0.01 sec)
(Loading /usr/share/perl5/LaTeXML/Package/amstext.sty.ltxml... 0.00 sec)
(Loading /usr/share/perl5/LaTeXML/Package/amsopn.sty.ltxml... 0.00 sec) 0.03 sec)
(Loading /usr/share/perl5/LaTeXML/Package/amssymb.sty.ltxml...
(Loading /usr/share/perl5/LaTeXML/Package/amsfonts.sty.ltxml... 0.00 sec) 0.02 sec)
(Loading /usr/share/perl5/LaTeXML/Package/graphics.sty.ltxml... 0.01 sec)
(Loading /usr/share/perl5/LaTeXML/Package/epsfig.sty.ltxml...
(Loading /usr/share/perl5/LaTeXML/Package/graphicx.sty.ltxml... 0.00 sec) 0.01 sec)
Warning:missing_file:epic Can't find binding for package epic
	at 0301215_cleaned.tex; line 6 col 11 - line 6 col 11
	Anticipate undefined macros or environments
	search paths are /home/user/latex-in-arxiv/2003, /home/user/latex-in-arxiv
	In Core::Definition::Constructor[\usepac... /usr/share/perl5/LaTeXML/Package/LaTeX.pool.ltxml; line 806
(Loading /usr/share/perl5/LaTeXML/Package/color.sty.ltxml... 0.01 sec)
(Loading /usr/share/perl5/LaTeXML/Package/lscape.sty.ltxml... 0.00 sec)
Info:ignore:\text Ignoring redefinition of \text
	at 0301215_cleaned.tex; line 16 col 0 - line 16 col 28
Info:unexpected:titlepage When using titlepage, Frontmatter will not be well-structured
	at 0301215_cleaned.tex; line 72 col 0 - line 72 col 17
Warning:expected:\endabstract body should have ended with '\endabstract'
	at 0301215_cleaned.tex; line 101 col 0 - line 101 col 15
	current body started at 0301215_cleaned.tex; line 75 col 9 - line 75 col 9
	Got T_BEGIN[{]
	 -- Core::List[Box[[{]],Box[U],Box[s],Box[i],Box[n],Box[g],Box[ ],Box[t],Box[h],Box[e],Box[ ],Box[O],Box[c],Box[n],Box[e],Box[a],Box[n],Box[u],Box[ ],Box[q],Box[u],Box[a],Box[n],Box[t],Box[u],Box[m],Box[ ],Box[g],Box[e],Box[o],Box[m],Box[e],Box[t],Box[r],Box[y],Box[ ],Box[o],Box[f],Box[ ],Whatsit[\@@BEGININLINEMATH,Core::List[Box[A Font[italic,text]],Box[D Font[italic,text]],Box[E Font[italic,text]]],Whatsit[\@@ENDINLINEMATH]],Box[ ],Box[d],Box[i],Box[a],Box[g],Box[r],Box[a],Box[m],Box[s],Box[ ],Box[(],Box[a],Box[n],Box[d],Box[ ],Box[o],Box[f],Box[ ],Box[o],Box[t],Box[h],Box[e],Box[r],Box[
	],Box[d],Box[i],Box[a],Box[g],Box[r],Box[a],Box[m],Box[s],Box[ ],Box[b],Box[e],Box[l],Box[o],Box[n],Box[g],Box[i],Box[n],Box[g],Box[ ],Box[t],Box[o],Box[ ],Box[h],Box[i],Box[g],Box[h],Box[e],Box[r],Box[ ],Box[C],Box[o],Box[x],Box[e],Box[t],Box[e],Box[r],Box[ ],Box[-],Box[-],Box[ ],Box[D],Box[y],Box[n],Box[k],Box[i],Box[n],Box[ ],Box[s],Box[y],Box[s],Box[t],Box[e],Box[m],Box[s],Box[)],Box[,],Box[ ],Box[w],Box[e],Box[ ],Box[d],Box[i],Box[s],Box[c],Box[u],Box[s],Box[s],Box[
	],Box[t],Box[h],Box[e],Box[ ],Box[c],Box[l],Box[a],Box[s],Box[s],Box[i],Box[f],Box[i],Box[c],Box[a],Box[t],Box[i],Box[o],Box[n],Box[ ],Box[o],Box[f],Box[ ],Box[t],Box[w],Box[i],Box[s],Box[t],Box[e],Box[d],Box[ ],Box[p],Box[a],Box[r],Box[t],Box[i],Box[t],Box[i],Box[o],Box[n],Box[ ],Box[f],Box[u],Box[n],Box[c],Box[t],Box[i],Box[o],Box[n],Box[s],Box[ ],Box[f],Box[o],Box[r],Box[ ],Box[a],Box[f],Box[f],Box[i],Box[n],Box[e],Box[ ],Box[a],Box[n],Box[d],Box[
	],Box[m],Box[i],Box[n],Box[i],Box[m],Box[a],Box[l],Box[ ],Box[m],Box[o],Box[d],Box[e],Box[l],Box[s],Box[ ],Box[i],Box[n],Box[ ],Box[c],Box[o],Box[n],Box[f],Box[o],Box[r],Box[m],Box[a],Box[l],Box[ ],Box[f],Box[i],Box[e],Box[l],Box[d],Box[ ],Box[t],Box[h],Box[e],Box[o],Box[r],Box[y],Box[ ],Box[a],Box[n],Box[d],Box[ ],Box[s],Box[t],Box[u],Box[d],Box[y],Box[ ],Box[s],Box[e],Box[v],Box[e],Box[r],Box[a],Box[l],Box[ ],Box[e],Box[x],Box[a],Box[m],Box[p],Box[l],Box[e],Box[s],Box[
	],Box[a],Box[s],Box[s],Box[o],Box[c],Box[i],Box[a],Box[t],Box[e],Box[d],Box[ ],Box[w],Box[i],Box[t],Box[h],Box[ ],Box[t],Box[h],Box[e],Box[ ],Box[W],Box[Z],Box[W],Box[,],Box[ ],Box[V],Box[i],Box[r],Box[a],Box[s],Box[o],Box[r],Box[o],Box[ ],Box[a],Box[n],Box[d],Box[ ],Whatsit[\@@BEGININLINEMATH,Core::List[Core::List[Box[[{] Font[italic,text]],Box[[\cal] Font[caligraphic,text]],Box[W Font[caligraphic,text]],Box[[}] Font[caligraphic,text]]],Whatsit[\@@POSTSUBSCRIPT,Core::List[Box[[{] Font[italic,7,script]],Box[3 Font[7,script]],Box[[}] Font[italic,7,script]]]]],Whatsit[\@@ENDINLINEMATH]],Box[ ],Box[c],Box[a],Box[s],Box[e],Box[s],Box[.],Box[[}]]]
	 -- T_SPACE[U+000a/LF]
	 -- Box[
	]
	 -- T_CS[\par]
	 -- Whatsit[\normal@par]
	 -- T_CS[\vspace]
	 -- Box[[\vspace{3.cm}]]
	 -- T_SPACE[U+000a/LF]
	 -- Box[
	]
	 -- T_CS[\par]
	 -- Whatsit[\normal@par]
	 -- T_CS[\par]
	 -- Whatsit[\normal@par]
	 -- T_CS[\par]
	 -- Whatsit[\normal@par]
	 -- T_CS[\noindent]
	 -- Whatsit[\noindent]
	 -- T_LETTER[K]
	 -- Box[K]
	 -- T_LETTER[e]
	 -- Box[e]
	 -- T_LETTER[y]
	 -- Box[y]
	 -- T_LETTER[w]
	 -- Box[w]
	 -- T_LETTER[o]
	 -- Box[o]
	 -- T_LETTER[r]
	 -- Box[r]
	 -- T_LETTER[d]
	 -- Box[d]
	 -- T_LETTER[s]
	 -- Box[s]
	 -- T_OTHER[:]
	 -- Box[:]
	 -- T_SPACE[ ]
	 -- Box[ ]
	 -- T_LETTER[c]
	 -- Box[c]
	 -- T_LETTER[o]
	 -- Box[o]
	 -- T_LETTER[n]
	 -- Box[n]
	 -- T_LETTER[f]
	 -- Box[f]
	 -- T_LETTER[o]
	 -- Box[o]
	 -- T_LETTER[r]
	 -- Box[r]
	 -- T_LETTER[m]
	 -- Box[m]
	 -- T_LETTER[a]
	 -- Box[a]
	 -- T_LETTER[l]
	 -- Box[l]
	 -- T_SPACE[ ]
	 -- Box[ ]
	 -- T_LETTER[f]
	 -- Box[f]
	 -- T_LETTER[i]
	 -- Box[i]
	 -- T_LETTER[e]
	 -- Box[e]
	 -- T_LETTER[l]
	 -- Box[l]
	 -- T_LETTER[d]
	 -- Box[d]
	 -- T_SPACE[ ]
	 -- Box[ ]
	 -- T_LETTER[t]
	 -- Box[t]
	 -- T_LETTER[h]
	 -- Box[h]
	 -- T_LETTER[e]
	 -- Box[e]
	 -- T_LETTER[o]
	 -- Box[o]
	 -- T_LETTER[r]
	 -- Box[r]
	 -- T_LETTER[i]
	 -- Box[i]
	 -- T_LETTER[e]
	 -- Box[e]
	 -- T_LETTER[s]
	 -- Box[s]
	 -- T_OTHER[,]
	 -- Box[,]
	 -- T_SPACE[ ]
	 -- Box[ ]
	 -- T_LETTER[A]
	 -- Box[A]
	 -- T_LETTER[D]
	 -- Box[D]
	 -- T_LETTER[E]
	 -- Box[E]
	 -- T_OTHER[,]
	 -- Box[,]
	 -- T_SPACE[ ]
	 -- Box[ ]
	 -- T_LETTER[m]
	 -- Box[m]
	 -- T_LETTER[o]
	 -- Box[o]
	 -- T_LETTER[d]
	 -- Box[d]
	 -- T_LETTER[u]
	 -- Box[u]
	 -- T_LETTER[l]
	 -- Box[l]
	 -- T_LETTER[a]
	 -- Box[a]
	 -- T_LETTER[r]
	 -- Box[r]
	 -- T_SPACE[ ]
	 -- Box[ ]
	 -- T_LETTER[i]
	 -- Box[i]
	 -- T_LETTER[n]
	 -- Box[n]
	 -- T_LETTER[v]
	 -- Box[v]
	 -- T_LETTER[a]
	 -- Box[a]
	 -- T_LETTER[r]
	 -- Box[r]
	 -- T_LETTER[i]
	 -- Box[i]
	 -- T_LETTER[a]
	 -- Box[a]
	 -- T_LETTER[n]
	 -- Box[n]
	 -- T_LETTER[c]
	 -- Box[c]
	 -- T_LETTER[e]
	 -- Box[e]
	 -- T_OTHER[,]
	 -- Box[,]
	 -- T_SPACE[U+000a/LF]
	 -- Box[
	]
	 -- T_LETTER[q]
	 -- Box[q]
	 -- T_LETTER[u]
	 -- Box[u]
	 -- T_LETTER[a]
	 -- Box[a]
	 -- T_LETTER[n]
	 -- Box[n]
	 -- T_LETTER[t]
	 -- Box[t]
	 -- T_LETTER[u]
	 -- Box[u]
	 -- T_LETTER[m]
	 -- Box[m]
	 -- T_SPACE[ ]
	 -- Box[ ]
	 -- T_LETTER[s]
	 -- Box[s]
	 -- T_LETTER[y]
	 -- Box[y]
	 -- T_LETTER[m]
	 -- Box[m]
	 -- T_LETTER[m]
	 -- Box[m]
	 -- T_LETTER[e]
	 -- Box[e]
	 -- T_LETTER[t]
	 -- Box[t]
	 -- T_LETTER[r]
	 -- Box[r]
	 -- T_LETTER[i]
	 -- Box[i]
	 -- T_LETTER[e]
	 -- Box[e]
	 -- T_LETTER[s]
	 -- Box[s]
	 -- T_OTHER[,]
	 -- Box[,]
	 -- T_SPACE[ ]
	 -- Box[ ]
	 -- T_LETTER[H]
	 -- Box[H]
	 -- T_LETTER[o]
	 -- Box[o]
	 -- T_LETTER[p]
	 -- Box[p]
	 -- T_LETTER[f]
	 -- Box[f]
	 -- T_SPACE[ ]
	 -- Box[ ]
	 -- T_LETTER[a]
	 -- Box[a]
	 -- T_LETTER[l]
	 -- Box[l]
	 -- T_LETTER[g]
	 -- Box[g]
	 -- T_LETTER[e]
	 -- Box[e]
	 -- T_LETTER[b]
	 -- Box[b]
	 -- T_LETTER[r]
	 -- Box[r]
	 -- T_LETTER[a]
	 -- Box[a]
	 -- T_LETTER[s]
	 -- Box[s]
	 -- T_OTHER[,]
	 -- Box[,]
	 -- T_SPACE[ ]
	 -- Box[ ]
	 -- T_LETTER[q]
	 -- Box[q]
	 -- T_LETTER[u]
	 -- Box[u]
	 -- T_LETTER[a]
	 -- Box[a]
	 -- T_LETTER[n]
	 -- Box[n]
	 -- T_LETTER[t]
	 -- Box[t]
	 -- T_LETTER[u]
	 -- Box[u]
	 -- T_LETTER[m]
	 -- Box[m]
	 -- T_SPACE[ ]
	 -- Box[ ]
	 -- T_LETTER[g]
	 -- Box[g]
	 -- T_LETTER[r]
	 -- Box[r]
	 -- T_LETTER[o]
	 -- Box[o]
	 -- T_LETTER[u]
	 -- Box[u]
	 -- T_LETTER[p]
	 -- Box[p]
	 -- T_LETTER[s]
	 -- Box[s]
	 -- T_OTHER[.]
	 -- Box[.]
	 -- T_SPACE[U+000a/LF]
	 -- Box[
	]
	 -- T_CS[\vspace]
	 -- Box[[\vspace{1.0cm}]]
	 -- T_SPACE[U+000a/LF]
	 -- Box[
	]
	 -- T_CS[\par]
	 -- Whatsit[\normal@par]
	 -- T_CS[\noindent]
	 -- Whatsit[\noindent]
	 -- T_LETTER[M]
	 -- Box[M]
	 -- T_LETTER[S]
	 -- Box[S]
	 -- T_LETTER[C]
	 -- Box[C]
	 -- T_OTHER[:]
	 -- Box[:]
	 -- T_SPACE[ ]
	 -- Box[ ]
	 -- T_OTHER[8]
	 -- Box[8]
	 -- T_OTHER[1]
	 -- Box[1]
	 -- T_LETTER[T]
	 -- Box[T]
	 -- T_OTHER[4]
	 -- Box[4]
	 -- T_OTHER[0]
	 -- Box[0]
	 -- T_OTHER[,]
	 -- Box[,]
	 -- T_SPACE[ ]
	 -- Box[ ]
	 -- T_OTHER[1]
	 -- Box[1]
	 -- T_OTHER[6]
	 -- Box[6]
	 -- T_LETTER[W]
	 -- Box[W]
	 -- T_OTHER[3]
	 -- Box[3]
	 -- T_OTHER[0]
	 -- Box[0]
	 -- T_SPACE[U+000a/LF]
	 -- Box[
	]
	 -- T_CS[\par]
	 -- Whatsit[\normal@par]
	 -- T_CS[\noindent]
	 -- Whatsit[\noindent]
	 -- T_LETTER[P]
	 -- Box[P]
	 -- T_LETTER[A]
	 -- Box[A]
	 -- T_LETTER[C]
	 -- Box[C]
	 -- T_LETTER[S]
	 -- Box[S]
	 -- T_OTHER[:]
	 -- Box[:]
	 -- T_SPACE[ ]
	 -- Box[ ]
	 -- T_OTHER[1]
	 -- Box[1]
	 -- T_OTHER[1]
	 -- Box[1]
	 -- T_OTHER[.]
	 -- Box[.]
	 -- T_OTHER[2]
	 -- Box[2]
	 -- T_OTHER[5]
	 -- Box[5]
	 -- T_OTHER[.]
	 -- Box[.]
	 -- T_LETTER[H]
	 -- Box[H]
	 -- T_LETTER[f]
	 -- Box[f]
	 -- T_SPACE[U+000a/LF]
	 -- Box[
	]
	 -- T_CS[\par]
	 -- Whatsit[\normal@par]
	 -- T_CS[\vspace]
	 -- Box[[\vspace{2. cm}]]
	 -- T_SPACE[U+000a/LF]
	 -- Box[
	]
	 -- T_CS[\par]
	 -- Whatsit[\normal@par]
	 -- T_CS[\noindent]
	 -- Whatsit[\noindent]
	 -- T_LETTER[h]
	 -- Box[h]
	 -- T_LETTER[e]
	 -- Box[e]
	 -- T_LETTER[p]
	 -- Box[p]
	 -- T_OTHER[-]
	 -- Box[-]
	 -- T_LETTER[t]
	 -- Box[t]
	 -- T_LETTER[h]
	 -- Box[h]
	 -- T_OTHER[/]
	 -- Box[/]
	 -- T_OTHER[0]
	 -- Box[0]
	 -- T_OTHER[3]
	 -- Box[3]
	 -- T_OTHER[0]
	 -- Box[0]
	 -- T_OTHER[1]
	 -- Box[1]
	 -- T_OTHER[2]
	 -- Box[2]
	 -- T_OTHER[1]
	 -- Box[1]
	 -- T_OTHER[5]
	 -- Box[5]
	 -- T_SPACE[ ]
	 -- Box[ ]
	 -- T_CS[\\]
	 -- Whatsit[\\,undef,undef]
	 -- T_CS[\noindent]
	 -- Whatsit[\noindent]
	 -- T_LETTER[C]
	 -- Box[C]
	 -- T_LETTER[P]
	 -- Box[P]
	 -- T_LETTER[T]
	 -- Box[T]
	 -- T_OTHER[-]
	 -- Box[-]
	 -- T_OTHER[2]
	 -- Box[2]
	 -- T_OTHER[0]
	 -- Box[0]
	 -- T_OTHER[0]
	 -- Box[0]
	 -- T_OTHER[3]
	 -- Box[3]
	 -- T_OTHER[/]
	 -- Box[/]
	 -- T_LETTER[P]
	 -- Box[P]
	 -- T_OTHER[.]
	 -- Box[.]
	 -- T_OTHER[4]
	 -- Box[4]
	 -- T_OTHER[2]
	 -- Box[2]
	 -- T_OTHER[5]
	 -- Box[5]
	 -- T_OTHER[3]
	 -- Box[3]
	 -- T_SPACE[ ]
	 -- Box[ ]
	 -- T_CS[\\]
	 -- Whatsit[\\,undef,undef]
	 -- T_CS[\par]
	 -- Whatsit[\normal@par]
	 -- T_CS[\par]
	 -- Whatsit[\normal@par]
	 -- T_CS[\vspace]
	 -- Box[[\vspace*{0.3 cm}]]
	 -- T_SPACE[U+000a/LF]
	 -- Box[
	]
	 -- T_COMMENT[%**** 0301215_cleaned.tex Line 100 ****]
	 -- Comment[%**** 0301215˙cleaned.tex Line 100 ****]
	 -- T_CS[\par]
	 -- Whatsit[\normal@par]
	 -- T_CS[\end{titlepage}]
	 -- Whatsit[\maybe@end@titlepage]
	 -- Whatsit[\end{titlepage}]
	In Core::Stomach[@0x55ff8e963388] /home/user/latex-in-arxiv/2003/0301215_cleaned.tex; from line 101 col 0 to line 101 col 15
Error:undefined:\dashline The token T_CS[\dashline] is not defined.
	at 0301215_cleaned.tex; line 1446 col 9 - line 1446 col 9
	Defining it now as <ltx:ERROR/>
	Next token is T_OTHER[[] ( == T_OTHER[[])
	In Core::Gullet[@0x55ff90b336b8] /home/user/latex-in-arxiv/2003/0301215_cleaned.tex; from line 1446 col 10 to line 1446 col 10
	 <= Core::Stomach[@0x55ff8e963388] <= Core::Definition::Constructor[\begin{... <= Core::Stomach[@0x55ff8e963388] <= ...
 17.90 sec) 18.11 sec)
(Building...
(Loading compiled schema /usr/share/perl5/LaTeXML/resources/RelaxNG/LaTeXML.model... 0.01 sec)
Error:malformed:ltx:picture Attempt to close </ltx:picture>, which isn't open
	at 0301215_cleaned.tex; line 1409 col 0 - line 1484 col 12
	Currently in ...<ltx:document _box="LaTeXML::Core::Whatsit=HASH(0x..." _font="Font[serif,medium,upright,10,b..." _ID_counter_m_="6" class="ltx_authors_1line" xmlns="http://dlmf.nist.gov/LaTeXML">...<ltx:section _box="LaTeXML::Core::Whatsit=HASH(0x..." _font="Font[serif,medium,upright,10,b..." inlist="toc" xml:id="S3">...<ltx:subsection _box="LaTeXML::Core::Whatsit=HASH(0x..." _font="Font[serif,medium,upright,10,b..." inlist="toc" xml:id="S3.SS1" _ID_counter_m_="1" labels="LABEL:section:_example_E6" _ID_counter_p_="1">...<ltx:subsubsection _box="LaTeXML::Core::Whatsit=HASH(0x..." _font="Font[serif,medium,upright,10,b..." inlist="toc" xml:id="S3.SS1.SSS1" _ID_counter_m_="1" _ID_counter_p_="2">...<ltx:figure _box="LaTeXML::Core::Whatsit=HASH(0x..." _font="Font[serif,medium,upright,10,b..." inlist="lof" placement="hhh" xml:id="S3.F2" _vertical_mode_="1" _ID_counter_m_="1" _ID_counter_pic_="4">...
	In Core::Document[@0x55ff91155678] /home/user/latex-in-arxiv/2003/0301215_cleaned.tex; from line 1409 col 0 to line 1484 col 12
	 <= Core::Definition::Constructor[\begin{... <= Whatsit[\begin{picture},Pair[Float[50... <= Core::Document[@0x55ff91155678] <= ...
Info:malformed:id Duplicated attribute xml:id
	at 0301215_cleaned.tex; line 3752 col 0 - line 3752 col 25
	Using id='S5.Ex69a' on <ltx:tr _box="Alignment[]" _font="Font[serif,medium,upright,10,b..."/>
	id='S5.Ex69' already set on <ltx:equation _box="LaTeXML::Core::Alignment=HASH(..." _font="Font[serif,medium,upright,10,b..." xml:id="S5.Ex69" _ID_counter_m_="2">...
Info:malformed:id Duplicated attribute xml:id
	at 0301215_cleaned.tex; line 3784 col 0 - line 3784 col 25
	Using id='S5.Ex78a' on <ltx:tr _box="Alignment[]" _font="Font[serif,medium,upright,10,b..."/>
	id='S5.Ex78' already set on <ltx:equation _box="LaTeXML::Core::Alignment=HASH(..." _font="Font[serif,medium,upright,10,b..." xml:id="S5.Ex78" _ID_counter_m_="2">...
Info:malformed:id Duplicated attribute xml:id
	at 0301215_cleaned.tex; line 3801 col 0 - line 3801 col 25
	Using id='S5.Ex86a' on <ltx:tr _box="Alignment[]" _font="Font[serif,medium,upright,10,b..."/>
	id='S5.Ex86' already set on <ltx:equation _box="LaTeXML::Core::Alignment=HASH(..." _font="Font[serif,medium,upright,10,b..." xml:id="S5.Ex86" _ID_counter_m_="2">...
Info:malformed:id Duplicated attribute xml:id
	at 0301215_cleaned.tex; line 3818 col 0 - line 3818 col 25
	Using id='S5.Ex94a' on <ltx:tr _box="Alignment[]" _font="Font[serif,medium,upright,10,b..."/>
	id='S5.Ex94' already set on <ltx:equation _box="LaTeXML::Core::Alignment=HASH(..." _font="Font[serif,medium,upright,10,b..." xml:id="S5.Ex94" _ID_counter_m_="2">...
Info:malformed:id Duplicated attribute xml:id
	at 0301215_cleaned.tex; line 3835 col 0 - line 3835 col 25
	Using id='S5.Ex102a' on <ltx:tr _box="Alignment[]" _font="Font[serif,medium,upright,10,b..."/>
	id='S5.Ex102' already set on <ltx:equation _box="LaTeXML::Core::Alignment=HASH(..." _font="Font[serif,medium,upright,10,b..." xml:id="S5.Ex102" _ID_counter_m_="2">...
Info:malformed:id Duplicated attribute xml:id
	at 0301215_cleaned.tex; line 3852 col 0 - line 3852 col 25
	Using id='S5.Ex110a' on <ltx:tr _box="Alignment[]" _font="Font[serif,medium,upright,10,b..."/>
	id='S5.Ex110' already set on <ltx:equation _box="LaTeXML::Core::Alignment=HASH(..." _font="Font[serif,medium,upright,10,b..." xml:id="S5.Ex110" _ID_counter_m_="2">...
Info:malformed:id Duplicated attribute xml:id
	at 0301215_cleaned.tex; line 4171 col 0 - line 4171 col 49
	Using id='S5.Ex136a' on <ltx:tr _box="Alignment[]" _font="Font[serif,medium,upright,7,bl..."/>
	id='S5.Ex136' already set on <ltx:equation _box="LaTeXML::Core::Alignment=HASH(..." _font="Font[serif,medium,upright,10,b..." xml:id="S5.Ex136" _ID_counter_m_="2">...
Info:malformed:id Duplicated attribute xml:id
	at 0301215_cleaned.tex; line 4245 col 0 - line 4245 col 49
	Using id='S5.Ex158a' on <ltx:tr _box="Alignment[]" _font="Font[serif,medium,upright,7,bl..."/>
	id='S5.Ex158' already set on <ltx:equation _box="LaTeXML::Core::Alignment=HASH(..." _font="Font[serif,medium,upright,10,b..." xml:id="S5.Ex158" _ID_counter_m_="2">...
 32.33 sec)
(Rewriting... 1.24 sec)
(Math Parsing 2571 formulae ......
Warning:not_parsed:RELOP.RELOP>PERIOD MathParser failed to match rule 'Anything'
	at 0301215_cleaned.tex; line 1039 col 53 - line 1039 col 60
	In "$<<.,.>>$"
	<[[RELOP]] <[[RELOP]]
	        > .[[PERIOD]] ,[[PUNCT]] .[[PERIOD]] >[[RELOP]] >[[RELOP]]
Warning:not_parsed:UNKNOWN.PUNCT.UNKNOWN>RELOP MathParser failed to match rule 'Anything'
	at 0301215_cleaned.tex; line 1041 col 2 - line 1041 col 21
	In "$<<\alpha,\alpha>>=2$"
	<[[RELOP]] <[[RELOP]] α[[UNKNOWN]] ,[[PUNCT]] α[[UNKNOWN]]
	        > >[[RELOP]] >[[RELOP]] =[[RELOP]] 2[[NUMBER]]
Warning:not_parsed:RELOP.UNKNOWN.POSTSUBSCRIPT>OPEN MathParser failed to match rule 'Anything'
	at 0301215_cleaned.tex; line 1061 col 0 - line 1065 col 2
	In "$$\left(T\right)_{ij}=e_{\kappa}\left[-(i_{1}+1)^{2}-(i_{1}+1).(i_{2}+1)-(i_{2%
	}+1)^{2}+\kappa\right]\delta_{ij},$$"
	\left([[OPEN]] T[[UNKNOWN]] \right)[[CLOSE]] _{ij}[[POSTSUBSCRIPT]] =[[RELOP]] e[[UNKNOWN]] _{\kappa}[[POSTSUBSCRIPT]]
	        > \left[[[OPEN]] -[[ADDOP]] ([[OPEN]] i[[UNKNOWN]] _{1}[[POSTSUBSCRIPT]] +[[ADDOP]] 1[[NUMBER]] )[[CLOSE]] ^{2}[[POSTSUPERSCRIPT]] -[[ADDOP]] ([[OPEN]] i[[UNKNOWN]] _{1}[[POSTSUBSCRIPT]] +[[ADDOP]] 1[[NUMBER]] )[[CLOSE]] .[[PERIOD]] ([[OPEN]] i[[UNKNOWN]] _{2}[[POSTSUBSCRIPT]] +[[ADDOP]] 1[[NUMBER]] )[[CLOSE]] -[[ADDOP]] ([[OPEN]] i[[UNKNOWN]] _{2}[[POSTSUBSCRIPT]] +[[ADDOP]] 1[[NUMBER]] )[[CLOSE]] ^{2}[[POSTSUPERSCRIPT]] +[[ADDOP]] κ[[UNKNOWN]] \right][[CLOSE]] δ[[UNKNOWN]] _{ij}[[POSTSUBSCRIPT]]
Warning:not_parsed:ATOM>RELOP MathParser failed to match rule 'Anything'
	at 0301215_cleaned.tex; line 1069 col 18 - line 1070 col 54
	In "$\hat{T}=[-(i_{1}+1)^{2}-(i_{1}+1).(i_{2}+1)-(i_{2}+1)^{2}+\kappa]\,\textstyle%
	{mod}\,3\kappa$"
	\hat{T}[[UNKNOWN]]
	        > =[[RELOP]] [[[OPEN]] -[[ADDOP]] ([[OPEN]] i[[UNKNOWN]] _{1}[[POSTSUBSCRIPT]] +[[ADDOP]] 1[[NUMBER]] )[[CLOSE]] ^{2}[[POSTSUPERSCRIPT]] -[[ADDOP]] ([[OPEN]] i[[UNKNOWN]] _{1}[[POSTSUBSCRIPT]] +[[ADDOP]] 1[[NUMBER]] )[[CLOSE]] .[[PERIOD]] ([[OPEN]] i[[UNKNOWN]] _{2}[[POSTSUBSCRIPT]] +[[ADDOP]] 1[[NUMBER]] )[[CLOSE]] -[[ADDOP]] ([[OPEN]] i[[UNKNOWN]] _{2}[[POSTSUBSCRIPT]] +[[ADDOP]] 1[[NUMBER]] )[[CLOSE]] ^{2}[[POSTSUPERSCRIPT]] +[[ADDOP]] κ[[UNKNOWN]] ][[CLOSE]] m[[UNKNOWN]] o[[UNKNOWN]] d[[UNKNOWN]]  3[[NUMBER]] κ[[UNKNOWN]]
Warning:not_parsed:OPEN.ATOM.CLOSE>CLOSE MathParser failed to match rule 'Anything'
	at 0301215_cleaned.tex; line 1727 col 37 - line 1728 col 3
	In "$o(A_{3})=1+(\sqrt{2}))^{2}=4)$"
	o[[UNKNOWN]] ([[OPEN]] A[[UNKNOWN]] _{3}[[POSTSUBSCRIPT]] )[[CLOSE]] =[[RELOP]] 1[[NUMBER]] +[[ADDOP]] ([[OPEN]] \sqrt{2}[[UNKNOWN]] )[[CLOSE]]
	        > )[[CLOSE]] ^{2}[[POSTSUPERSCRIPT]] =[[RELOP]] 4[[NUMBER]] )[[CLOSE]]
Warning:not_parsed:UNKNOWN.CLOSE.CLOSE>UNKNOWN MathParser failed to match rule 'Anything'
	at 0301215_cleaned.tex; line 2226 col 13 - line 2226 col 13
	In "$$\{Z_{x,cd}\}_{x\in Oc(E_{6})}=\left\{\begin{array}[]{ccc}\begin{array}[]{ccc%
	}&(\overline{\chi}.w[c])W_{i}(A_{3})(w[d]^{T}.\chi)&\end{array}\\
	\begin{array}[]{ccc}(\overline{\chi}.v[c])W_{i}(A_{3})(w[d]^{T}.\chi)&,&(%
	\overline{\chi}.w[c])W_{i}(A_{3})(v[d]^{T}.\chi)\end{array}\\
	\begin{array}[]{ccc}&(\overline{\chi}.v[c])W_{i}(A_{3})(v[d]^{T}.\chi)&\end{%
	array}\end{array}\right\}_{i=1,2,3}$$"
	([[OPEN]] \overline{\chi}[[UNKNOWN]] .[[PERIOD]] w[[UNKNOWN]] [[[OPEN]] c[[UNKNOWN]] ][[CLOSE]] )[[CLOSE]]
	        > W[[UNKNOWN]] _{i}[[POSTSUBSCRIPT]] ([[OPEN]] A[[UNKNOWN]] _{3}[[POSTSUBSCRIPT]] )[[CLOSE]] ([[OPEN]] w[[UNKNOWN]] [[[OPEN]] d[[UNKNOWN]] ][[CLOSE]] ^{T}[[POSTSUPERSCRIPT]] .[[PERIOD]] χ[[UNKNOWN]] )[[CLOSE]]
Warning:not_parsed:UNKNOWN.CLOSE.CLOSE>UNKNOWN MathParser failed to match rule 'Anything'
	at 0301215_cleaned.tex; line 2231 col 7 - line 2231 col 7
	([[OPEN]] \overline{\chi}[[UNKNOWN]] .[[PERIOD]] v[[UNKNOWN]] [[[OPEN]] c[[UNKNOWN]] ][[CLOSE]] )[[CLOSE]]
	        > W[[UNKNOWN]] _{i}[[POSTSUBSCRIPT]] ([[OPEN]] A[[UNKNOWN]] _{3}[[POSTSUBSCRIPT]] )[[CLOSE]] ([[OPEN]] w[[UNKNOWN]] [[[OPEN]] d[[UNKNOWN]] ][[CLOSE]] ^{T}[[POSTSUPERSCRIPT]] .[[PERIOD]] χ[[UNKNOWN]] )[[CLOSE]]
Warning:not_parsed:UNKNOWN.CLOSE.CLOSE>UNKNOWN MathParser failed to match rule 'Anything'
	at 0301215_cleaned.tex; line 2232 col 26 - line 2232 col 26
	([[OPEN]] \overline{\chi}[[UNKNOWN]] .[[PERIOD]] w[[UNKNOWN]] [[[OPEN]] c[[UNKNOWN]] ][[CLOSE]] )[[CLOSE]]
	        > W[[UNKNOWN]] _{i}[[POSTSUBSCRIPT]] ([[OPEN]] A[[UNKNOWN]] _{3}[[POSTSUBSCRIPT]] )[[CLOSE]] ([[OPEN]] v[[UNKNOWN]] [[[OPEN]] d[[UNKNOWN]] ][[CLOSE]] ^{T}[[POSTSUPERSCRIPT]] .[[PERIOD]] χ[[UNKNOWN]] )[[CLOSE]]
Warning:not_parsed:UNKNOWN.CLOSE.CLOSE>UNKNOWN MathParser failed to match rule 'Anything'
	at 0301215_cleaned.tex; line 2237 col 14 - line 2237 col 14
	([[OPEN]] \overline{\chi}[[UNKNOWN]] .[[PERIOD]] v[[UNKNOWN]] [[[OPEN]] c[[UNKNOWN]] ][[CLOSE]] )[[CLOSE]]
	        > W[[UNKNOWN]] _{i}[[POSTSUBSCRIPT]] ([[OPEN]] A[[UNKNOWN]] _{3}[[POSTSUBSCRIPT]] )[[CLOSE]] ([[OPEN]] v[[UNKNOWN]] [[[OPEN]] d[[UNKNOWN]] ][[CLOSE]] ^{T}[[POSTSUPERSCRIPT]] .[[PERIOD]] χ[[UNKNOWN]] )[[CLOSE]]
Warning:not_parsed:UNKNOWN.POSTSUBSCRIPT>RELOP MathParser failed to match rule 'Anything'
	at 0301215_cleaned.tex; line 2244 col 2 - line 2244 col 69
	In "$Z_{21,cd}=(\overline{\chi}.v[c])W_{1}(A_{3})(v[d]^{T}.\chi)$"
	Z[[UNKNOWN]] _{21,cd}[[POSTSUBSCRIPT]]
	        > =[[RELOP]] ([[OPEN]] \overline{\chi}[[UNKNOWN]] .[[PERIOD]] v[[UNKNOWN]] [[[OPEN]] c[[UNKNOWN]] ][[CLOSE]] )[[CLOSE]] W[[UNKNOWN]] _{1}[[POSTSUBSCRIPT]] ([[OPEN]] A[[UNKNOWN]] _{3}[[POSTSUBSCRIPT]] )[[CLOSE]] ([[OPEN]] v[[UNKNOWN]] [[[OPEN]] d[[UNKNOWN]] ][[CLOSE]] ^{T}[[POSTSUPERSCRIPT]] .[[PERIOD]] χ[[UNKNOWN]] )[[CLOSE]]
Warning:not_parsed:RELOP.UNKNOWN.POSTSUBSCRIPT>RELOP MathParser failed to match rule 'Anything'
	at 0301215_cleaned.tex; line 2246 col 2 - line 2247 col 19
	In "$Z_{21}\doteq Z_{21,00}=(\overline{\chi}.v[0])W_{1}(A_{3})(v[0]^{T}.\chi)$"
	Z[[UNKNOWN]] _{21}[[POSTSUBSCRIPT]] ≐[[RELOP]] Z[[UNKNOWN]] _{21,00}[[POSTSUBSCRIPT]]
	        > =[[RELOP]] ([[OPEN]] \overline{\chi}[[UNKNOWN]] .[[PERIOD]] v[[UNKNOWN]] [[[OPEN]] 0[[NUMBER]] ][[CLOSE]] )[[CLOSE]] W[[UNKNOWN]] _{1}[[POSTSUBSCRIPT]] ([[OPEN]] A[[UNKNOWN]] _{3}[[POSTSUBSCRIPT]] )[[CLOSE]] ([[OPEN]] v[[UNKNOWN]] [[[OPEN]] 0[[NUMBER]] ][[CLOSE]] ^{T}[[POSTSUPERSCRIPT]] .[[PERIOD]] χ[[UNKNOWN]] )[[CLOSE]]
Warning:not_parsed:POSTSUBSCRIPT.RELOP.ATOM>OPEN MathParser failed to match rule 'Anything'
	at 0301215_cleaned.tex; line 2290 col 20 - line 2290 col 20
	In "$$\begin{array}[]{ccc}\begin{array}[]{ccc}&Z_{00}=\overline{{w}}W_{0}(A_{3}){w%
	}&\\
	&Z_{30}=\overline{{w}}W_{1}(A_{3}){w}\\
	&Z_{40}=\overline{{w}}W_{2}(A_{3}){w}&\end{array}\\
	\begin{array}[]{ccc}Z_{10}=\overline{{w}}W_{0}(A_{3}){v}&&Z_{01}=\overline{{v}%
	}({W}_{0}(A_{3}){w}\\
	Z_{20}=\overline{{w}}W_{1}(A_{3}){v}&&Z_{31}=\overline{{v}}({W}_{1}(A_{3}){w}%
	\\
	Z_{50}=\overline{{w}}W_{2}(A_{3}){v}&&Z_{41}=\overline{{v}}({W}_{2}(A_{3}){w}%
	\end{array}\\
	\begin{array}[]{ccc}&Z_{11}=\overline{{v}}W_{0}(A_{3}){v}&\\
	&Z_{21}=\overline{{v}}W_{1}(A_{3}){v}\\
	&Z_{51}=\overline{{v}}W_{2}(A_{3}){v}&\end{array}\end{array}$$"
	Z[[UNKNOWN]] _{01}[[POSTSUBSCRIPT]] =[[RELOP]] \overline{{v}}[[UNKNOWN]]
	        > ([[OPEN]] W[[UNKNOWN]] _{0}[[POSTSUBSCRIPT]] ([[OPEN]] A[[UNKNOWN]] _{3}[[POSTSUBSCRIPT]] )[[CLOSE]] w[[UNKNOWN]]
Warning:not_parsed:POSTSUBSCRIPT.RELOP.ATOM>OPEN MathParser failed to match rule 'Anything'
	at 0301215_cleaned.tex; line 2293 col 18 - line 2293 col 18
	Z[[UNKNOWN]] _{31}[[POSTSUBSCRIPT]] =[[RELOP]] \overline{{v}}[[UNKNOWN]]
	        > ([[OPEN]] W[[UNKNOWN]] _{1}[[POSTSUBSCRIPT]] ([[OPEN]] A[[UNKNOWN]] _{3}[[POSTSUBSCRIPT]] )[[CLOSE]] w[[UNKNOWN]]
Warning:not_parsed:POSTSUBSCRIPT.RELOP.ATOM>OPEN MathParser failed to match rule 'Anything'
	at 0301215_cleaned.tex; line 2296 col 18 - line 2296 col 18
	Z[[UNKNOWN]] _{41}[[POSTSUBSCRIPT]] =[[RELOP]] \overline{{v}}[[UNKNOWN]]
	        > ([[OPEN]] W[[UNKNOWN]] _{2}[[POSTSUBSCRIPT]] ([[OPEN]] A[[UNKNOWN]] _{3}[[POSTSUBSCRIPT]] )[[CLOSE]] w[[UNKNOWN]]
Warning:not_parsed:UNKNOWN.UNKNOWN.UNKNOWN>OPEN MathParser failed to match rule 'Anything'
	at 0301215_cleaned.tex; line 2513 col 8 - line 2513 col 24
	In "$dim(Oc(E_{6})=12$"
	d[[UNKNOWN]] i[[UNKNOWN]] m[[UNKNOWN]]
	        > ([[OPEN]] O[[UNKNOWN]] c[[UNKNOWN]] ([[OPEN]] E[[UNKNOWN]] _{6}[[POSTSUBSCRIPT]] )[[CLOSE]] =[[RELOP]] 12[[NUMBER]]
Warning:not_parsed:ADDOP.NUMBER.CLOSE>CLOSE MathParser failed to match rule 'Anything'
	at 0301215_cleaned.tex; line 2760 col 2 - line 2761 col 41
	In "$$T=e^{\mathsf{i}\pi/24}\,diag[7,10,15,22,-17,-6,7,22,-9,10,-17)]$$"
	T[[UNKNOWN]] =[[RELOP]] e[[UNKNOWN]] ^{\mathsf{i}\pi/24}[[POSTSUPERSCRIPT]] d[[UNKNOWN]] i[[UNKNOWN]] a[[UNKNOWN]] g[[UNKNOWN]] [[[OPEN]] 7[[NUMBER]] ,[[PUNCT]] 10[[NUMBER]] ,[[PUNCT]] 15[[NUMBER]] ,[[PUNCT]] 22[[NUMBER]] ,[[PUNCT]] -[[ADDOP]] 17[[NUMBER]] ,[[PUNCT]] -[[ADDOP]] 6[[NUMBER]] ,[[PUNCT]] 7[[NUMBER]] ,[[PUNCT]] 22[[NUMBER]] ,[[PUNCT]] -[[ADDOP]] 9[[NUMBER]] ,[[PUNCT]] 10[[NUMBER]] ,[[PUNCT]] -[[ADDOP]] 17[[NUMBER]] )[[CLOSE]]
	        > ][[CLOSE]]
Warning:not_parsed:UNKNOWN.RELOP.NUMBER>CLOSE MathParser failed to match rule 'Anything'
	at 0301215_cleaned.tex; line 3319 col 20 - line 3319 col 35
	In "$4/5\leq c<2)$"
	4[[NUMBER]] /[[MULOP]] 5[[NUMBER]] ≤[[RELOP]] c[[UNKNOWN]] <[[RELOP]] 2[[NUMBER]]
	        > )[[CLOSE]]
Warning:not_parsed:>OPEN MathParser failed to match rule 'Anything'
	at 0301215_cleaned.tex; line 3444 col 48 - line 3444 col 60
	In "$((0,0),(0,0)$"
	> ([[OPEN]] ([[OPEN]] 0[[NUMBER]] ,[[PUNCT]] 0[[NUMBER]] )[[CLOSE]] ,[[PUNCT]] ([[OPEN]] 0[[NUMBER]] ,[[PUNCT]] 0[[NUMBER]] )[[CLOSE]]
Warning:not_parsed:UNKNOWN.POSTSUBSCRIPT.UNKNOWN>CLOSE MathParser failed to match rule 'Anything'
	at 0301215_cleaned.tex; line 3905 col 25 - line 3905 col 45
	In "$\Gamma_{(}k)\simeq\mathbb{Z}_{k}$"
	Γ[[UNKNOWN]] _{(}[[POSTSUBSCRIPT]] k[[UNKNOWN]]
	        > )[[CLOSE]] ≃[[RELOP]] Z[[UNKNOWN]] _{k}[[POSTSUBSCRIPT]]
Warning:not_parsed:POSTSUBSCRIPT.CLOSE.CLOSE>CLOSE MathParser failed to match rule 'Anything'
	at 0301215_cleaned.tex; line 4325 col 3 - line 4325 col 3
	In "$\displaystyle Z_{01}=\frac{1}{2}\overline{\phi}\left(W_{0}({A_{4}})\otimes W_%
	{1}(D_{4}))\right)\phi=\frac{1}{2}\left[\sum\limits_{r=1}^{4}\left(\overline{%
	\phi_{r,2}}+\overline{\phi_{r,4}}\right)\left(\phi_{r,1}+\phi_{r,5}+2\phi_{r,3%
	}\right)\right]=\sum\limits_{r=1}^{2}\left[\left(\overline{\phi_{r,2}}+%
	\overline{\phi_{r,4}}\right)\left(\phi_{r,1}+\phi_{r,5}+2\phi_{r,3}\right)%
	\right]\@@ENDINLINEMATH"
	Z[[UNKNOWN]] _{01}[[POSTSUBSCRIPT]] =[[RELOP]] \frac{1}{2}[[UNKNOWN]] \overline{\phi}[[UNKNOWN]] \left([[OPEN]] W[[UNKNOWN]] _{0}[[POSTSUBSCRIPT]] ([[OPEN]] A[[UNKNOWN]] _{4}[[POSTSUBSCRIPT]] )[[CLOSE]] ⊗[[MULOP]] W[[UNKNOWN]] _{1}[[POSTSUBSCRIPT]] ([[OPEN]] D[[UNKNOWN]] _{4}[[POSTSUBSCRIPT]] )[[CLOSE]] )[[CLOSE]]
	        > \right)[[CLOSE]] ϕ[[UNKNOWN]] =[[RELOP]] \frac{1}{2}[[UNKNOWN]] \left[[[OPEN]] ∑[[SUMOP]] _{r=1}[[POSTSUBSCRIPT]] ^{4}[[POSTSUPERSCRIPT]] \left([[OPEN]] \overline{\phi_{r,2}}[[UNKNOWN]] +[[ADDOP]] \overline{\phi_{r,4}}[[UNKNOWN]] \right)[[CLOSE]] \left([[OPEN]] ϕ[[UNKNOWN]] _{r,1}[[POSTSUBSCRIPT]] +[[ADDOP]] ϕ[[UNKNOWN]] _{r,5}[[POSTSUBSCRIPT]] +[[ADDOP]] 2[[NUMBER]] ϕ[[UNKNOWN]] _{r,3}[[POSTSUBSCRIPT]] \right)[[CLOSE]] \right][[CLOSE]] =[[RELOP]] ∑[[SUMOP]] _{r=1}[[POSTSUBSCRIPT]] ^{2}[[POSTSUPERSCRIPT]] \left[[[OPEN]] \left([[OPEN]] \overline{\phi_{r,2}}[[UNKNOWN]] +[[ADDOP]] \overline{\phi_{r,4}}[[UNKNOWN]] \right)[[CLOSE]] \left([[OPEN]] ϕ[[UNKNOWN]] _{r,1}[[POSTSUBSCRIPT]] +[[ADDOP]] ϕ[[UNKNOWN]] _{r,5}[[POSTSUBSCRIPT]] +[[ADDOP]] 2[[NUMBER]] ϕ[[UNKNOWN]] _{r,3}[[POSTSUBSCRIPT]] \right)[[CLOSE]] \right][[CLOSE]]
Warning:not_parsed:POSTSUBSCRIPT.CLOSE.CLOSE>CLOSE MathParser failed to match rule 'Anything'
	at 0301215_cleaned.tex; line 4325 col 17 - line 4327 col 1
	In "$\displaystyle\frac{1}{2}\overline{\phi}\left(W_{0}({A_{4}})\otimes W_{1}(D_{4%
	}))\right)\phi$"
	\frac{1}{2}[[UNKNOWN]] \overline{\phi}[[UNKNOWN]] \left([[OPEN]] W[[UNKNOWN]] _{0}[[POSTSUBSCRIPT]] ([[OPEN]] A[[UNKNOWN]] _{4}[[POSTSUBSCRIPT]] )[[CLOSE]] ⊗[[MULOP]] W[[UNKNOWN]] _{1}[[POSTSUBSCRIPT]] ([[OPEN]] D[[UNKNOWN]] _{4}[[POSTSUBSCRIPT]] )[[CLOSE]] )[[CLOSE]]
	        > \right)[[CLOSE]] ϕ[[UNKNOWN]]
Warning:not_parsed:POSTSUBSCRIPT.CLOSE.CLOSE>CLOSE MathParser failed to match rule 'Anything'
	at 0301215_cleaned.tex; line 4333 col 3 - line 4333 col 3
	In "$\displaystyle Z_{0\overline{1}}=\frac{1}{2}\overline{\phi}\left(W_{0}({A_{4}}%
	)\otimes W_{\overline{1}}(D_{4}))\right)\phi=\frac{1}{2}\left[\sum\limits_{r=1%
	}^{4}\left(\phi_{r,2}+\phi_{r,4}\right)\left(\overline{\phi_{r,1}}+\overline{%
	\phi_{r,5}}+2\overline{\phi_{r,3}}\right)\right]=\sum\limits_{r=1}^{2}\left[%
	\left(\phi_{r,2}+\phi_{r,4}\right)\left(\overline{\phi_{r,1}}+\overline{\phi_{%
	r,5}}+2\overline{\phi_{r,3}}\right)\right]=\overline{Z_{03}}\@@ENDINLINEMATH"
	Z[[UNKNOWN]] _{0\overline{1}}[[POSTSUBSCRIPT]] =[[RELOP]] \frac{1}{2}[[UNKNOWN]] \overline{\phi}[[UNKNOWN]] \left([[OPEN]] W[[UNKNOWN]] _{0}[[POSTSUBSCRIPT]] ([[OPEN]] A[[UNKNOWN]] _{4}[[POSTSUBSCRIPT]] )[[CLOSE]] ⊗[[MULOP]] W[[UNKNOWN]] _{\overline{1}}[[POSTSUBSCRIPT]] ([[OPEN]] D[[UNKNOWN]] _{4}[[POSTSUBSCRIPT]] )[[CLOSE]] )[[CLOSE]]
	        > \right)[[CLOSE]] ϕ[[UNKNOWN]] =[[RELOP]] \frac{1}{2}[[UNKNOWN]] \left[[[OPEN]] ∑[[SUMOP]] _{r=1}[[POSTSUBSCRIPT]] ^{4}[[POSTSUPERSCRIPT]] \left([[OPEN]] ϕ[[UNKNOWN]] _{r,2}[[POSTSUBSCRIPT]] +[[ADDOP]] ϕ[[UNKNOWN]] _{r,4}[[POSTSUBSCRIPT]] \right)[[CLOSE]] \left([[OPEN]] \overline{\phi_{r,1}}[[UNKNOWN]] +[[ADDOP]] \overline{\phi_{r,5}}[[UNKNOWN]] +[[ADDOP]] 2[[NUMBER]] \overline{\phi_{r,3}}[[UNKNOWN]] \right)[[CLOSE]] \right][[CLOSE]] =[[RELOP]] ∑[[SUMOP]] _{r=1}[[POSTSUBSCRIPT]] ^{2}[[POSTSUPERSCRIPT]] \left[[[OPEN]] \left([[OPEN]] ϕ[[UNKNOWN]] _{r,2}[[POSTSUBSCRIPT]] +[[ADDOP]] ϕ[[UNKNOWN]] _{r,4}[[POSTSUBSCRIPT]] \right)[[CLOSE]] \left([[OPEN]] \overline{\phi_{r,1}}[[UNKNOWN]] +[[ADDOP]] \overline{\phi_{r,5}}[[UNKNOWN]] +[[ADDOP]] 2[[NUMBER]] \overline{\phi_{r,3}}[[UNKNOWN]] \right)[[CLOSE]] \right][[CLOSE]] =[[RELOP]] \overline{Z_{03}}[[UNKNOWN]]
Warning:not_parsed:POSTSUBSCRIPT.CLOSE.CLOSE>CLOSE MathParser failed to match rule 'Anything'
	at 0301215_cleaned.tex; line 4333 col 28 - line 4335 col 1
	In "$\displaystyle\frac{1}{2}\overline{\phi}\left(W_{0}({A_{4}})\otimes W_{%
	\overline{1}}(D_{4}))\right)\phi$"
	\frac{1}{2}[[UNKNOWN]] \overline{\phi}[[UNKNOWN]] \left([[OPEN]] W[[UNKNOWN]] _{0}[[POSTSUBSCRIPT]] ([[OPEN]] A[[UNKNOWN]] _{4}[[POSTSUBSCRIPT]] )[[CLOSE]] ⊗[[MULOP]] W[[UNKNOWN]] _{\overline{1}}[[POSTSUBSCRIPT]] ([[OPEN]] D[[UNKNOWN]] _{4}[[POSTSUBSCRIPT]] )[[CLOSE]] )[[CLOSE]]
	        > \right)[[CLOSE]] ϕ[[UNKNOWN]]
Warning:not_parsed:POSTSUBSCRIPT.CLOSE.CLOSE>CLOSE MathParser failed to match rule 'Anything'
	at 0301215_cleaned.tex; line 4350 col 3 - line 4350 col 3
	In "$\displaystyle Z_{12}=\frac{1}{2}\overline{\phi}\left(W_{1}({A_{4}})\otimes W_%
	{2}(D_{4}))\right)\phi=\left[\phi_{1,3}\left(\overline{\phi_{2,1}}+\overline{%
	\phi_{2,5}}+\overline{\phi_{2,3}}\right)+\sum\limits_{r=1}^{2}\phi_{2,3}\left(%
	\overline{\phi_{r,1}}+\overline{\phi_{r,5}}\right)+hc\right]+\left|\phi_{2,3}%
	\right|^{2}\@@ENDINLINEMATH"
	Z[[UNKNOWN]] _{12}[[POSTSUBSCRIPT]] =[[RELOP]] \frac{1}{2}[[UNKNOWN]] \overline{\phi}[[UNKNOWN]] \left([[OPEN]] W[[UNKNOWN]] _{1}[[POSTSUBSCRIPT]] ([[OPEN]] A[[UNKNOWN]] _{4}[[POSTSUBSCRIPT]] )[[CLOSE]] ⊗[[MULOP]] W[[UNKNOWN]] _{2}[[POSTSUBSCRIPT]] ([[OPEN]] D[[UNKNOWN]] _{4}[[POSTSUBSCRIPT]] )[[CLOSE]] )[[CLOSE]]
	        > \right)[[CLOSE]] ϕ[[UNKNOWN]] =[[RELOP]] \left[[[OPEN]] ϕ[[UNKNOWN]] _{1,3}[[POSTSUBSCRIPT]] \left([[OPEN]] \overline{\phi_{2,1}}[[UNKNOWN]] +[[ADDOP]] \overline{\phi_{2,5}}[[UNKNOWN]] +[[ADDOP]] \overline{\phi_{2,3}}[[UNKNOWN]] \right)[[CLOSE]] +[[ADDOP]] ∑[[SUMOP]] _{r=1}[[POSTSUBSCRIPT]] ^{2}[[POSTSUPERSCRIPT]] ϕ[[UNKNOWN]] _{2,3}[[POSTSUBSCRIPT]] \left([[OPEN]] \overline{\phi_{r,1}}[[UNKNOWN]] +[[ADDOP]] \overline{\phi_{r,5}}[[UNKNOWN]] \right)[[CLOSE]] +[[ADDOP]] h[[UNKNOWN]] c[[UNKNOWN]] \right][[CLOSE]] +[[ADDOP]] \left|[[VERTBAR]] ϕ[[UNKNOWN]] _{2,3}[[POSTSUBSCRIPT]] \right|[[VERTBAR]] ^{2}[[POSTSUPERSCRIPT]]
Warning:not_parsed:POSTSUBSCRIPT.CLOSE.CLOSE>CLOSE MathParser failed to match rule 'Anything'
	at 0301215_cleaned.tex; line 4350 col 17 - line 4352 col 1
	In "$\displaystyle\frac{1}{2}\overline{\phi}\left(W_{1}({A_{4}})\otimes W_{2}(D_{4%
	}))\right)\phi$"
	\frac{1}{2}[[UNKNOWN]] \overline{\phi}[[UNKNOWN]] \left([[OPEN]] W[[UNKNOWN]] _{1}[[POSTSUBSCRIPT]] ([[OPEN]] A[[UNKNOWN]] _{4}[[POSTSUBSCRIPT]] )[[CLOSE]] ⊗[[MULOP]] W[[UNKNOWN]] _{2}[[POSTSUBSCRIPT]] ([[OPEN]] D[[UNKNOWN]] _{4}[[POSTSUBSCRIPT]] )[[CLOSE]] )[[CLOSE]]
	        > \right)[[CLOSE]] ϕ[[UNKNOWN]]
Warning:not_parsed:POSTSUBSCRIPT.CLOSE.CLOSE>CLOSE MathParser failed to match rule 'Anything'
	at 0301215_cleaned.tex; line 4364 col 3 - line 4364 col 3
	In "$\displaystyle Z_{11}=\frac{1}{2}\overline{\phi}\left(W_{1}({A_{4}})\otimes W_%
	{1}(D_{4}))\right)\phi=\sum\limits_{r=1}^{2}\left[\left(\overline{\phi_{r,2}}+%
	\overline{\phi_{r,4}}\right)\left(\phi_{2,1}+\phi_{2,5}+2\phi_{2,3}\right)%
	\right]+\left(\overline{\phi_{2,2}}+\overline{\phi_{2,4}}\right)\left(\phi_{1,%
	1}+\phi_{1,5}+2\phi_{1,3}\right)\@@ENDINLINEMATH"
	Z[[UNKNOWN]] _{11}[[POSTSUBSCRIPT]] =[[RELOP]] \frac{1}{2}[[UNKNOWN]] \overline{\phi}[[UNKNOWN]] \left([[OPEN]] W[[UNKNOWN]] _{1}[[POSTSUBSCRIPT]] ([[OPEN]] A[[UNKNOWN]] _{4}[[POSTSUBSCRIPT]] )[[CLOSE]] ⊗[[MULOP]] W[[UNKNOWN]] _{1}[[POSTSUBSCRIPT]] ([[OPEN]] D[[UNKNOWN]] _{4}[[POSTSUBSCRIPT]] )[[CLOSE]] )[[CLOSE]]
	        > \right)[[CLOSE]] ϕ[[UNKNOWN]] =[[RELOP]] ∑[[SUMOP]] _{r=1}[[POSTSUBSCRIPT]] ^{2}[[POSTSUPERSCRIPT]] \left[[[OPEN]] \left([[OPEN]] \overline{\phi_{r,2}}[[UNKNOWN]] +[[ADDOP]] \overline{\phi_{r,4}}[[UNKNOWN]] \right)[[CLOSE]] \left([[OPEN]] ϕ[[UNKNOWN]] _{2,1}[[POSTSUBSCRIPT]] +[[ADDOP]] ϕ[[UNKNOWN]] _{2,5}[[POSTSUBSCRIPT]] +[[ADDOP]] 2[[NUMBER]] ϕ[[UNKNOWN]] _{2,3}[[POSTSUBSCRIPT]] \right)[[CLOSE]] \right][[CLOSE]] +[[ADDOP]] \left([[OPEN]] \overline{\phi_{2,2}}[[UNKNOWN]] +[[ADDOP]] \overline{\phi_{2,4}}[[UNKNOWN]] \right)[[CLOSE]] \left([[OPEN]] ϕ[[UNKNOWN]] _{1,1}[[POSTSUBSCRIPT]] +[[ADDOP]] ϕ[[UNKNOWN]] _{1,5}[[POSTSUBSCRIPT]] +[[ADDOP]] 2[[NUMBER]] ϕ[[UNKNOWN]] _{1,3}[[POSTSUBSCRIPT]] \right)[[CLOSE]]
Warning:not_parsed:POSTSUBSCRIPT.CLOSE.CLOSE>CLOSE MathParser failed to match rule 'Anything'
	at 0301215_cleaned.tex; line 4364 col 17 - line 4366 col 1
	In "$\displaystyle\frac{1}{2}\overline{\phi}\left(W_{1}({A_{4}})\otimes W_{1}(D_{4%
	}))\right)\phi$"
	\frac{1}{2}[[UNKNOWN]] \overline{\phi}[[UNKNOWN]] \left([[OPEN]] W[[UNKNOWN]] _{1}[[POSTSUBSCRIPT]] ([[OPEN]] A[[UNKNOWN]] _{4}[[POSTSUBSCRIPT]] )[[CLOSE]] ⊗[[MULOP]] W[[UNKNOWN]] _{1}[[POSTSUBSCRIPT]] ([[OPEN]] D[[UNKNOWN]] _{4}[[POSTSUBSCRIPT]] )[[CLOSE]] )[[CLOSE]]
	        > \right)[[CLOSE]] ϕ[[UNKNOWN]]
Warning:not_parsed:POSTSUBSCRIPT.CLOSE.CLOSE>CLOSE MathParser failed to match rule 'Anything'
	at 0301215_cleaned.tex; line 4371 col 3 - line 4371 col 3
	In "$\displaystyle Z_{1\overline{1}}=\frac{1}{2}\overline{\phi}\left(W_{1}({A_{4}}%
	)\otimes W_{\overline{1}}(D_{4}))\right)\phi=\overline{Z_{13}}\@@ENDINLINEMATH"
	Z[[UNKNOWN]] _{1\overline{1}}[[POSTSUBSCRIPT]] =[[RELOP]] \frac{1}{2}[[UNKNOWN]] \overline{\phi}[[UNKNOWN]] \left([[OPEN]] W[[UNKNOWN]] _{1}[[POSTSUBSCRIPT]] ([[OPEN]] A[[UNKNOWN]] _{4}[[POSTSUBSCRIPT]] )[[CLOSE]] ⊗[[MULOP]] W[[UNKNOWN]] _{\overline{1}}[[POSTSUBSCRIPT]] ([[OPEN]] D[[UNKNOWN]] _{4}[[POSTSUBSCRIPT]] )[[CLOSE]] )[[CLOSE]]
	        > \right)[[CLOSE]] ϕ[[UNKNOWN]] =[[RELOP]] \overline{Z_{13}}[[UNKNOWN]]
Warning:not_parsed:POSTSUBSCRIPT.CLOSE.CLOSE>CLOSE MathParser failed to match rule 'Anything'
	at 0301215_cleaned.tex; line 4371 col 28 - line 4374 col 15
	In "$\displaystyle\frac{1}{2}\overline{\phi}\left(W_{1}({A_{4}})\otimes W_{%
	\overline{1}}(D_{4}))\right)\phi=\overline{Z_{13}}$"
	\frac{1}{2}[[UNKNOWN]] \overline{\phi}[[UNKNOWN]] \left([[OPEN]] W[[UNKNOWN]] _{1}[[POSTSUBSCRIPT]] ([[OPEN]] A[[UNKNOWN]] _{4}[[POSTSUBSCRIPT]] )[[CLOSE]] ⊗[[MULOP]] W[[UNKNOWN]] _{\overline{1}}[[POSTSUBSCRIPT]] ([[OPEN]] D[[UNKNOWN]] _{4}[[POSTSUBSCRIPT]] )[[CLOSE]] )[[CLOSE]]
	        > \right)[[CLOSE]] ϕ[[UNKNOWN]] =[[RELOP]] \overline{Z_{13}}[[UNKNOWN]]
Warning:not_parsed:POSTSUBSCRIPT.CLOSE.CLOSE>CLOSE MathParser failed to match rule 'Anything'
	at 0301215_cleaned.tex; line 4381 col 3 - line 4381 col 3
	In "$$\begin{array}[]{ccc}Z_{20}=\frac{1}{2}\overline{\phi}\left(W_{2}({A_{4}})%
	\otimes W_{0}(D_{{4}})\right)\phi=Z_{10}&{\;,}&Z_{22}=\frac{1}{2}\overline{%
	\phi}\left(W_{2}({A_{4}})\otimes W_{2}(D_{4}))\right)\phi=Z_{12}\\
	Z_{2\epsilon}=\frac{1}{2}\overline{\phi}\left(W_{2}({A_{4}})\otimes W_{%
	\epsilon}(D_{4})\right)\phi=Z_{1\epsilon}&{\;,}&Z_{21}=\frac{1}{2}\overline{%
	\phi}\left(W_{2}({A_{4}})\otimes W_{1}(D_{4}))\right)\phi=Z_{11}\\
	Z_{2\overline{1}}=\frac{1}{2}\overline{\phi}\left(W_{2}({A_{4}})\otimes W_{%
	\overline{1}}(D_{4}))\right)\phi=Z_{1\overline{1}}&{\;,}&Z_{30}=\frac{1}{2}%
	\overline{\phi}\left(W_{3}({A_{4}})\otimes W_{0}(D_{{4}})\right)\phi=Z_{00}\\
	Z_{32}=\frac{1}{2}\overline{\phi}\left(W_{3}({A_{4}})\otimes W_{2}(D_{4}))%
	\right)\phi=Z_{02}&{\;,}&Z_{3\epsilon}=\frac{1}{2}\overline{\phi}\left(W_{3}({%
	A_{4}})\otimes W_{\epsilon}(D_{4})\right)\phi=Z_{0\epsilon}\\
	Z_{31}=\frac{1}{2}\overline{\phi}\left(W_{3}({A_{4}})\otimes W_{1}(D_{4}))%
	\right)\phi=Z_{01}&{\;,}&Z_{3\overline{1}}=\frac{1}{2}\overline{\phi}\left(W_{%
	3}({A_{4}})\otimes W_{\overline{1}}(D_{4}))\right)\phi=Z_{0\overline{1}}\end{%
	array}$$"
	Z[[UNKNOWN]] _{22}[[POSTSUBSCRIPT]] =[[RELOP]] \frac{1}{2}[[UNKNOWN]] \overline{\phi}[[UNKNOWN]] \left([[OPEN]] W[[UNKNOWN]] _{2}[[POSTSUBSCRIPT]] ([[OPEN]] A[[UNKNOWN]] _{4}[[POSTSUBSCRIPT]] )[[CLOSE]] ⊗[[MULOP]] W[[UNKNOWN]] _{2}[[POSTSUBSCRIPT]] ([[OPEN]] D[[UNKNOWN]] _{4}[[POSTSUBSCRIPT]] )[[CLOSE]] )[[CLOSE]]
	        > \right)[[CLOSE]] ϕ[[UNKNOWN]] =[[RELOP]] Z[[UNKNOWN]] _{12}[[POSTSUBSCRIPT]]
Warning:not_parsed:POSTSUBSCRIPT.CLOSE.CLOSE>CLOSE MathParser failed to match rule 'Anything'
	at 0301215_cleaned.tex; line 4389 col 3 - line 4389 col 3
	Z[[UNKNOWN]] _{21}[[POSTSUBSCRIPT]] =[[RELOP]] \frac{1}{2}[[UNKNOWN]] \overline{\phi}[[UNKNOWN]] \left([[OPEN]] W[[UNKNOWN]] _{2}[[POSTSUBSCRIPT]] ([[OPEN]] A[[UNKNOWN]] _{4}[[POSTSUBSCRIPT]] )[[CLOSE]] ⊗[[MULOP]] W[[UNKNOWN]] _{1}[[POSTSUBSCRIPT]] ([[OPEN]] D[[UNKNOWN]] _{4}[[POSTSUBSCRIPT]] )[[CLOSE]] )[[CLOSE]]
	        > \right)[[CLOSE]] ϕ[[UNKNOWN]] =[[RELOP]] Z[[UNKNOWN]] _{11}[[POSTSUBSCRIPT]]
Warning:not_parsed:POSTSUBSCRIPT.CLOSE.CLOSE>CLOSE MathParser failed to match rule 'Anything'
	at 0301215_cleaned.tex; line 4393 col 3 - line 4393 col 3
	Z[[UNKNOWN]] _{2\overline{1}}[[POSTSUBSCRIPT]] =[[RELOP]] \frac{1}{2}[[UNKNOWN]] \overline{\phi}[[UNKNOWN]] \left([[OPEN]] W[[UNKNOWN]] _{2}[[POSTSUBSCRIPT]] ([[OPEN]] A[[UNKNOWN]] _{4}[[POSTSUBSCRIPT]] )[[CLOSE]] ⊗[[MULOP]] W[[UNKNOWN]] _{\overline{1}}[[POSTSUBSCRIPT]] ([[OPEN]] D[[UNKNOWN]] _{4}[[POSTSUBSCRIPT]] )[[CLOSE]] )[[CLOSE]]
	        > \right)[[CLOSE]] ϕ[[UNKNOWN]] =[[RELOP]] Z[[UNKNOWN]] _{1\overline{1}}[[POSTSUBSCRIPT]]
Warning:not_parsed:POSTSUBSCRIPT.CLOSE.CLOSE>CLOSE MathParser failed to match rule 'Anything'
	at 0301215_cleaned.tex; line 4401 col 3 - line 4401 col 3
	Z[[UNKNOWN]] _{32}[[POSTSUBSCRIPT]] =[[RELOP]] \frac{1}{2}[[UNKNOWN]] \overline{\phi}[[UNKNOWN]] \left([[OPEN]] W[[UNKNOWN]] _{3}[[POSTSUBSCRIPT]] ([[OPEN]] A[[UNKNOWN]] _{4}[[POSTSUBSCRIPT]] )[[CLOSE]] ⊗[[MULOP]] W[[UNKNOWN]] _{2}[[POSTSUBSCRIPT]] ([[OPEN]] D[[UNKNOWN]] _{4}[[POSTSUBSCRIPT]] )[[CLOSE]] )[[CLOSE]]
	        > \right)[[CLOSE]] ϕ[[UNKNOWN]] =[[RELOP]] Z[[UNKNOWN]] _{02}[[POSTSUBSCRIPT]]
Warning:not_parsed:POSTSUBSCRIPT.CLOSE.CLOSE>CLOSE MathParser failed to match rule 'Anything'
	at 0301215_cleaned.tex; line 4409 col 3 - line 4409 col 3
	Z[[UNKNOWN]] _{31}[[POSTSUBSCRIPT]] =[[RELOP]] \frac{1}{2}[[UNKNOWN]] \overline{\phi}[[UNKNOWN]] \left([[OPEN]] W[[UNKNOWN]] _{3}[[POSTSUBSCRIPT]] ([[OPEN]] A[[UNKNOWN]] _{4}[[POSTSUBSCRIPT]] )[[CLOSE]] ⊗[[MULOP]] W[[UNKNOWN]] _{1}[[POSTSUBSCRIPT]] ([[OPEN]] D[[UNKNOWN]] _{4}[[POSTSUBSCRIPT]] )[[CLOSE]] )[[CLOSE]]
	        > \right)[[CLOSE]] ϕ[[UNKNOWN]] =[[RELOP]] Z[[UNKNOWN]] _{01}[[POSTSUBSCRIPT]]
Warning:not_parsed:POSTSUBSCRIPT.CLOSE.CLOSE>CLOSE MathParser failed to match rule 'Anything'
	at 0301215_cleaned.tex; line 4413 col 3 - line 4413 col 3
	Z[[UNKNOWN]] _{3\overline{1}}[[POSTSUBSCRIPT]] =[[RELOP]] \frac{1}{2}[[UNKNOWN]] \overline{\phi}[[UNKNOWN]] \left([[OPEN]] W[[UNKNOWN]] _{3}[[POSTSUBSCRIPT]] ([[OPEN]] A[[UNKNOWN]] _{4}[[POSTSUBSCRIPT]] )[[CLOSE]] ⊗[[MULOP]] W[[UNKNOWN]] _{\overline{1}}[[POSTSUBSCRIPT]] ([[OPEN]] D[[UNKNOWN]] _{4}[[POSTSUBSCRIPT]] )[[CLOSE]] )[[CLOSE]]
	        > \right)[[CLOSE]] ϕ[[UNKNOWN]] =[[RELOP]] Z[[UNKNOWN]] _{0\overline{1}}[[POSTSUBSCRIPT]]
Warning:not_parsed:RELOP.UNKNOWN.POSTSUBSCRIPT>RELOP MathParser failed to match rule 'Anything'
	at 0301215_cleaned.tex; line 4599 col 1 - line 4601 col 64
	In "$Z_{10}=Z_{82}=\left[\sum\limits_{r=1}^{4}(\overline{\phi_{r,1}}+\overline{%
	\phi_{r,7}})(\phi_{r+1,1}+\phi_{r+1,7})+(\overline{\phi_{r,4}}+\overline{\phi_%
	{r,8}})(\phi_{r+1,4}+\phi_{r+1,8})+\right.$"
	Z[[UNKNOWN]] _{10}[[POSTSUBSCRIPT]] =[[RELOP]] Z[[UNKNOWN]] _{82}[[POSTSUBSCRIPT]]
	        > =[[RELOP]] \left[[[OPEN]] ∑[[SUMOP]] _{r=1}[[POSTSUBSCRIPT]] ^{4}[[POSTSUPERSCRIPT]] ([[OPEN]] \overline{\phi_{r,1}}[[UNKNOWN]] +[[ADDOP]] \overline{\phi_{r,7}}[[UNKNOWN]] )[[CLOSE]] ([[OPEN]] ϕ[[UNKNOWN]] _{r+1,1}[[POSTSUBSCRIPT]] +[[ADDOP]] ϕ[[UNKNOWN]] _{r+1,7}[[POSTSUBSCRIPT]] )[[CLOSE]] +[[ADDOP]] ([[OPEN]] \overline{\phi_{r,4}}[[UNKNOWN]] +[[ADDOP]] \overline{\phi_{r,8}}[[UNKNOWN]] )[[CLOSE]] ([[OPEN]] ϕ[[UNKNOWN]] _{r+1,4}[[POSTSUBSCRIPT]] +[[ADDOP]] ϕ[[UNKNOWN]] _{r+1,8}[[POSTSUBSCRIPT]] )[[CLOSE]] +[[ADDOP]]
Warning:not_parsed:ADDOP.UNKNOWN.UNKNOWN>CLOSE MathParser failed to match rule 'Anything'
	at 0301215_cleaned.tex; line 4602 col 1 - line 4604 col 62
	In "$\left.(\overline{\phi_{r,5}}+\overline{\phi_{r,11}})+(\phi_{r+1,5}+\phi_{r+1,%
	11})+(\overline{\phi_{5,5}}+\overline{\phi_{5,11}})(\phi_{5,1}+\phi_{5,7})+hc%
	\right]+\left|\phi_{5,4}+\phi_{5,8}\right|^{2}$"
	([[OPEN]] \overline{\phi_{r,5}}[[UNKNOWN]] +[[ADDOP]] \overline{\phi_{r,11}}[[UNKNOWN]] )[[CLOSE]] +[[ADDOP]] ([[OPEN]] ϕ[[UNKNOWN]] _{r+1,5}[[POSTSUBSCRIPT]] +[[ADDOP]] ϕ[[UNKNOWN]] _{r+1,11}[[POSTSUBSCRIPT]] )[[CLOSE]] +[[ADDOP]] ([[OPEN]] \overline{\phi_{5,5}}[[UNKNOWN]] +[[ADDOP]] \overline{\phi_{5,11}}[[UNKNOWN]] )[[CLOSE]] ([[OPEN]] ϕ[[UNKNOWN]] _{5,1}[[POSTSUBSCRIPT]] +[[ADDOP]] ϕ[[UNKNOWN]] _{5,7}[[POSTSUBSCRIPT]] )[[CLOSE]] +[[ADDOP]] h[[UNKNOWN]] c[[UNKNOWN]]
	        > \right][[CLOSE]] +[[ADDOP]] \left|[[VERTBAR]] ϕ[[UNKNOWN]] _{5,4}[[POSTSUBSCRIPT]] +[[ADDOP]] ϕ[[UNKNOWN]] _{5,8}[[POSTSUBSCRIPT]] \right|[[VERTBAR]] ^{2}[[POSTSUPERSCRIPT]]
Warning:not_parsed:ADDOP.ATOM.CLOSE>OPEN MathParser failed to match rule 'Anything'
	at 0301215_cleaned.tex; line 4623 col 0 - line 4626 col 28
	In "$(\overline{\phi_{2,4}}+\overline{\phi_{2,8}})(\phi_{2r+1,4}+\phi{}_{2r+1,8})+%
	(\overline{\phi_{2,5}}+\overline{\phi_{2,11}})(\phi_{2r+1,5}+\phi_{2r+1,11})+$"
	([[OPEN]] \overline{\phi_{2,4}}[[UNKNOWN]] +[[ADDOP]] \overline{\phi_{2,8}}[[UNKNOWN]] )[[CLOSE]]
	        > ([[OPEN]] ϕ[[UNKNOWN]] _{2r+1,4}[[POSTSUBSCRIPT]] +[[ADDOP]] ϕ[[UNKNOWN]] {}_{2r+1,8}[[FLOATSUBSCRIPT]] )[[CLOSE]] +[[ADDOP]] ([[OPEN]] \overline{\phi_{2,5}}[[UNKNOWN]] +[[ADDOP]] \overline{\phi_{2,11}}[[UNKNOWN]] )[[CLOSE]] ([[OPEN]] ϕ[[UNKNOWN]] _{2r+1,5}[[POSTSUBSCRIPT]] +[[ADDOP]] ϕ[[UNKNOWN]] _{2r+1,11}[[POSTSUBSCRIPT]] )[[CLOSE]] +[[ADDOP]]
Warning:not_parsed:POSTSUBSCRIPT.ADDOP.UNKNOWN>FLOATSUBSCRIPT MathParser failed to match rule 'Anything'
	at 0301215_cleaned.tex; line 4699 col 1 - line 4701 col 39
	In "$Z_{90}=Z_{02}=\sum\limits_{r=1}^{5}\left|\phi_{r,4}+\phi{}_{r,8}\right|^{2}+%
	\left((\overline{\phi_{r,1}}+\overline{\phi_{r,7}})(\phi_{r,5}+\phi_{r,11})+hc%
	\right)$"
	Z[[UNKNOWN]] _{90}[[POSTSUBSCRIPT]] =[[RELOP]] Z[[UNKNOWN]] _{02}[[POSTSUBSCRIPT]] =[[RELOP]] ∑[[SUMOP]] _{r=1}[[POSTSUBSCRIPT]] ^{5}[[POSTSUPERSCRIPT]] \left|[[VERTBAR]] ϕ[[UNKNOWN]] _{r,4}[[POSTSUBSCRIPT]] +[[ADDOP]] ϕ[[UNKNOWN]]
	        > {}_{r,8}[[FLOATSUBSCRIPT]] \right|[[VERTBAR]] ^{2}[[POSTSUPERSCRIPT]] +[[ADDOP]] \left([[OPEN]] ([[OPEN]] \overline{\phi_{r,1}}[[UNKNOWN]] +[[ADDOP]] \overline{\phi_{r,7}}[[UNKNOWN]] )[[CLOSE]] ([[OPEN]] ϕ[[UNKNOWN]] _{r,5}[[POSTSUBSCRIPT]] +[[ADDOP]] ϕ[[UNKNOWN]] _{r,11}[[POSTSUBSCRIPT]] )[[CLOSE]] +[[ADDOP]] h[[UNKNOWN]] c[[UNKNOWN]] \right)[[CLOSE]]
Warning:not_parsed:POSTSUBSCRIPT.CLOSE.ADDOP>OPEN MathParser failed to match rule 'Anything'
	at 0301215_cleaned.tex; line 4712 col 1 - line 4714 col 36
	In "$Z_{11}=Z_{81}=\sum\limits_{r=1}^{4}(\overline{\phi_{r,4}}+\overline{\phi_{r,8%
	}})(\phi_{r+1,5}+\phi_{r+1,11}+\phi_{r+1,1}+\phi_{r+1,7})+(r\leftrightarrow r+%
	1)+hc$"
	Z[[UNKNOWN]] _{11}[[POSTSUBSCRIPT]] =[[RELOP]] Z[[UNKNOWN]] _{81}[[POSTSUBSCRIPT]] =[[RELOP]] ∑[[SUMOP]] _{r=1}[[POSTSUBSCRIPT]] ^{4}[[POSTSUPERSCRIPT]] ([[OPEN]] \overline{\phi_{r,4}}[[UNKNOWN]] +[[ADDOP]] \overline{\phi_{r,8}}[[UNKNOWN]] )[[CLOSE]] ([[OPEN]] ϕ[[UNKNOWN]] _{r+1,5}[[POSTSUBSCRIPT]] +[[ADDOP]] ϕ[[UNKNOWN]] _{r+1,11}[[POSTSUBSCRIPT]] +[[ADDOP]] ϕ[[UNKNOWN]] _{r+1,1}[[POSTSUBSCRIPT]] +[[ADDOP]] ϕ[[UNKNOWN]] _{r+1,7}[[POSTSUBSCRIPT]] )[[CLOSE]] +[[ADDOP]]
	        > ([[OPEN]] r[[UNKNOWN]] ↔[[METARELOP]] r[[UNKNOWN]] +[[ADDOP]] 1[[NUMBER]] )[[CLOSE]] +[[ADDOP]] h[[UNKNOWN]] c[[UNKNOWN]]
Warning:not_parsed:POSTSUBSCRIPT.CLOSE.ADDOP>OPEN MathParser failed to match rule 'Anything'
	at 0301215_cleaned.tex; line 4720 col 1 - line 4722 col 8
	In "$+\sum\limits_{r=1}^{3}(\overline{\phi_{r,4}}+\overline{\phi_{r,8}})(\phi_{r+2%
	,5}+\phi_{r+2,11}+\phi_{r+2,1}+\phi_{r+2,7})+(r\leftrightarrow r+2)+hc$"
	+[[ADDOP]] ∑[[SUMOP]] _{r=1}[[POSTSUBSCRIPT]] ^{3}[[POSTSUPERSCRIPT]] ([[OPEN]] \overline{\phi_{r,4}}[[UNKNOWN]] +[[ADDOP]] \overline{\phi_{r,8}}[[UNKNOWN]] )[[CLOSE]] ([[OPEN]] ϕ[[UNKNOWN]] _{r+2,5}[[POSTSUBSCRIPT]] +[[ADDOP]] ϕ[[UNKNOWN]] _{r+2,11}[[POSTSUBSCRIPT]] +[[ADDOP]] ϕ[[UNKNOWN]] _{r+2,1}[[POSTSUBSCRIPT]] +[[ADDOP]] ϕ[[UNKNOWN]] _{r+2,7}[[POSTSUBSCRIPT]] )[[CLOSE]] +[[ADDOP]]
	        > ([[OPEN]] r[[UNKNOWN]] ↔[[METARELOP]] r[[UNKNOWN]] +[[ADDOP]] 2[[NUMBER]] )[[CLOSE]] +[[ADDOP]] h[[UNKNOWN]] c[[UNKNOWN]]
Warning:not_parsed:POSTSUBSCRIPT.CLOSE.ADDOP>OPEN MathParser failed to match rule 'Anything'
	at 0301215_cleaned.tex; line 4723 col 1 - line 4724 col 57
	In "$+(\overline{\phi_{3,4}}+\overline{\phi_{3,8}})(\phi_{4,5}+\phi_{4,11}+\phi_{4%
	,1}+\phi_{4,7})+(3\leftrightarrow 4)+hc$"
	+[[ADDOP]] ([[OPEN]] \overline{\phi_{3,4}}[[UNKNOWN]] +[[ADDOP]] \overline{\phi_{3,8}}[[UNKNOWN]] )[[CLOSE]] ([[OPEN]] ϕ[[UNKNOWN]] _{4,5}[[POSTSUBSCRIPT]] +[[ADDOP]] ϕ[[UNKNOWN]] _{4,11}[[POSTSUBSCRIPT]] +[[ADDOP]] ϕ[[UNKNOWN]] _{4,1}[[POSTSUBSCRIPT]] +[[ADDOP]] ϕ[[UNKNOWN]] _{4,7}[[POSTSUBSCRIPT]] )[[CLOSE]] +[[ADDOP]]
	        > ([[OPEN]] 3[[NUMBER]] ↔[[METARELOP]] 4[[NUMBER]] )[[CLOSE]] +[[ADDOP]] h[[UNKNOWN]] c[[UNKNOWN]]
Warning:not_parsed:POSTSUBSCRIPT.CLOSE.ADDOP>OPEN MathParser failed to match rule 'Anything'
	at 0301215_cleaned.tex; line 4728 col 1 - line 4730 col 38
	In "$+\sum\limits_{r=2,4}\sum\limits_{s=1,2}(\overline{\phi_{r,4}}+\overline{\phi_%
	{r,8}})(\phi_{2s+1,5}+\phi_{2s+1,11}+\phi_{2s+1,1}+\phi_{2s+1,7})+(r%
	\leftrightarrow 2s+1)+hc$"
	+[[ADDOP]] ∑[[SUMOP]] _{r=2,4}[[POSTSUBSCRIPT]] ∑[[SUMOP]] _{s=1,2}[[POSTSUBSCRIPT]] ([[OPEN]] \overline{\phi_{r,4}}[[UNKNOWN]] +[[ADDOP]] \overline{\phi_{r,8}}[[UNKNOWN]] )[[CLOSE]] ([[OPEN]] ϕ[[UNKNOWN]] _{2s+1,5}[[POSTSUBSCRIPT]] +[[ADDOP]] ϕ[[UNKNOWN]] _{2s+1,11}[[POSTSUBSCRIPT]] +[[ADDOP]] ϕ[[UNKNOWN]] _{2s+1,1}[[POSTSUBSCRIPT]] +[[ADDOP]] ϕ[[UNKNOWN]] _{2s+1,7}[[POSTSUBSCRIPT]] )[[CLOSE]] +[[ADDOP]]
	        > ([[OPEN]] r[[UNKNOWN]] ↔[[METARELOP]] 2[[NUMBER]] s[[UNKNOWN]] +[[ADDOP]] 1[[NUMBER]] )[[CLOSE]] +[[ADDOP]] h[[UNKNOWN]] c[[UNKNOWN]]
Warning:not_parsed:POSTSUBSCRIPT.CLOSE.ADDOP>OPEN MathParser failed to match rule 'Anything'
	at 0301215_cleaned.tex; line 4731 col 1 - line 4732 col 57
	In "$+(\overline{\phi_{3,4}}+\overline{\phi_{3,8}})(\phi_{5,5}+\phi_{5,11}+\phi_{5%
	,1}+\phi_{5,7})+(3\leftrightarrow 5)+hc$"
	+[[ADDOP]] ([[OPEN]] \overline{\phi_{3,4}}[[UNKNOWN]] +[[ADDOP]] \overline{\phi_{3,8}}[[UNKNOWN]] )[[CLOSE]] ([[OPEN]] ϕ[[UNKNOWN]] _{5,5}[[POSTSUBSCRIPT]] +[[ADDOP]] ϕ[[UNKNOWN]] _{5,11}[[POSTSUBSCRIPT]] +[[ADDOP]] ϕ[[UNKNOWN]] _{5,1}[[POSTSUBSCRIPT]] +[[ADDOP]] ϕ[[UNKNOWN]] _{5,7}[[POSTSUBSCRIPT]] )[[CLOSE]] +[[ADDOP]]
	        > ([[OPEN]] 3[[NUMBER]] ↔[[METARELOP]] 5[[NUMBER]] )[[CLOSE]] +[[ADDOP]] h[[UNKNOWN]] c[[UNKNOWN]]
Warning:not_parsed:POSTSUBSCRIPT.CLOSE.ADDOP>OPEN MathParser failed to match rule 'Anything'
	at 0301215_cleaned.tex; line 4733 col 1 - line 4734 col 57
	In "$+(\overline{\phi_{1,4}}+\overline{\phi_{1,8}})(\phi_{4,5}+\phi_{4,11}+\phi_{4%
	,1}+\phi_{4,7})+(1\leftrightarrow 4)+hc$"
	+[[ADDOP]] ([[OPEN]] \overline{\phi_{1,4}}[[UNKNOWN]] +[[ADDOP]] \overline{\phi_{1,8}}[[UNKNOWN]] )[[CLOSE]] ([[OPEN]] ϕ[[UNKNOWN]] _{4,5}[[POSTSUBSCRIPT]] +[[ADDOP]] ϕ[[UNKNOWN]] _{4,11}[[POSTSUBSCRIPT]] +[[ADDOP]] ϕ[[UNKNOWN]] _{4,1}[[POSTSUBSCRIPT]] +[[ADDOP]] ϕ[[UNKNOWN]] _{4,7}[[POSTSUBSCRIPT]] )[[CLOSE]] +[[ADDOP]]
	        > ([[OPEN]] 1[[NUMBER]] ↔[[METARELOP]] 4[[NUMBER]] )[[CLOSE]] +[[ADDOP]] h[[UNKNOWN]] c[[UNKNOWN]]
Warning:not_parsed:POSTSUBSCRIPT.CLOSE.ADDOP>OPEN MathParser failed to match rule 'Anything'
	at 0301215_cleaned.tex; line 4738 col 1 - line 4739 col 69
	In "$+\sum\limits_{r=1}^{4}(\overline{\phi_{5,4}}+\overline{\phi_{5,8}})(\phi_{r,5%
	}+\phi_{r,11}+\phi_{r,1}+\phi_{r,7})+(5\leftrightarrow r)+hc$"
	+[[ADDOP]] ∑[[SUMOP]] _{r=1}[[POSTSUBSCRIPT]] ^{4}[[POSTSUPERSCRIPT]] ([[OPEN]] \overline{\phi_{5,4}}[[UNKNOWN]] +[[ADDOP]] \overline{\phi_{5,8}}[[UNKNOWN]] )[[CLOSE]] ([[OPEN]] ϕ[[UNKNOWN]] _{r,5}[[POSTSUBSCRIPT]] +[[ADDOP]] ϕ[[UNKNOWN]] _{r,11}[[POSTSUBSCRIPT]] +[[ADDOP]] ϕ[[UNKNOWN]] _{r,1}[[POSTSUBSCRIPT]] +[[ADDOP]] ϕ[[UNKNOWN]] _{r,7}[[POSTSUBSCRIPT]] )[[CLOSE]] +[[ADDOP]]
	        > ([[OPEN]] 5[[NUMBER]] ↔[[METARELOP]] r[[UNKNOWN]] )[[CLOSE]] +[[ADDOP]] h[[UNKNOWN]] c[[UNKNOWN]]
Warning:not_parsed:POSTSUBSCRIPT.CLOSE.ADDOP>OPEN MathParser failed to match rule 'Anything'
	at 0301215_cleaned.tex; line 4740 col 1 - line 4741 col 69
	In "$+\sum\limits_{r=2}^{3}(\overline{\phi_{4,4}}+\overline{\phi_{4,8}})(\phi_{r,5%
	}+\phi_{r,11}+\phi_{r,1}+\phi_{r,7})+(4\leftrightarrow r)+hc$"
	+[[ADDOP]] ∑[[SUMOP]] _{r=2}[[POSTSUBSCRIPT]] ^{3}[[POSTSUPERSCRIPT]] ([[OPEN]] \overline{\phi_{4,4}}[[UNKNOWN]] +[[ADDOP]] \overline{\phi_{4,8}}[[UNKNOWN]] )[[CLOSE]] ([[OPEN]] ϕ[[UNKNOWN]] _{r,5}[[POSTSUBSCRIPT]] +[[ADDOP]] ϕ[[UNKNOWN]] _{r,11}[[POSTSUBSCRIPT]] +[[ADDOP]] ϕ[[UNKNOWN]] _{r,1}[[POSTSUBSCRIPT]] +[[ADDOP]] ϕ[[UNKNOWN]] _{r,7}[[POSTSUBSCRIPT]] )[[CLOSE]] +[[ADDOP]]
	        > ([[OPEN]] 4[[NUMBER]] ↔[[METARELOP]] r[[UNKNOWN]] )[[CLOSE]] +[[ADDOP]] h[[UNKNOWN]] c[[UNKNOWN]]
Warning:not_parsed:CLOSE.RELOP.NUMBER>PUNCT MathParser failed to match rule 'Anything'
	at 0301215_cleaned.tex; line 4854 col 6 - line 4855 col 24
	In "${\cal A}_{2}:\theta(00)=\theta(10)=0,\theta(01)=\theta(20)=2,\theta(10)=%
	\theta(02)=1$"
	A[[UNKNOWN]] _{2}[[POSTSUBSCRIPT]] :[[METARELOP]] θ[[UNKNOWN]] ([[OPEN]] 00[[NUMBER]] )[[CLOSE]] =[[RELOP]] θ[[UNKNOWN]] ([[OPEN]] 10[[NUMBER]] )[[CLOSE]] =[[RELOP]] 0[[NUMBER]]
	        > ,[[PUNCT]] θ[[UNKNOWN]] ([[OPEN]] 01[[NUMBER]] )[[CLOSE]] =[[RELOP]] θ[[UNKNOWN]] ([[OPEN]] 20[[NUMBER]] )[[CLOSE]] =[[RELOP]] 2[[NUMBER]] ,[[PUNCT]] θ[[UNKNOWN]] ([[OPEN]] 10[[NUMBER]] )[[CLOSE]] =[[RELOP]] θ[[UNKNOWN]] ([[OPEN]] 02[[NUMBER]] )[[CLOSE]] =[[RELOP]] 1[[NUMBER]]
Warning:not_parsed:>OPEN MathParser failed to match rule 'Anything'
	at 0301215_cleaned.tex; line 4943 col 7 - line 4943 col 7
	In "$$\begin{array}[]{l}\{\chi[00,00],\chi[10,00],\chi[01,00],\chi[00,11],\chi[10,%
	11],\chi[01,11],\chi[00,02],\chi[10,02],\chi[01,02],\\
	\chi[00,10],\chi[10,10],\chi[01,10],\chi[00,01],\chi[10,01],\chi[01,01],\chi[0%
	0,20],\chi[10,20],\chi[01,20]\}\end{array}$$"
	> \{[[OPEN]] χ[[UNKNOWN]] [[[OPEN]] 00[[NUMBER]] ,[[PUNCT]] 00[[NUMBER]] ][[CLOSE]] ,[[PUNCT]] χ[[UNKNOWN]] [[[OPEN]] 10[[NUMBER]] ,[[PUNCT]] 00[[NUMBER]] ][[CLOSE]] ,[[PUNCT]] χ[[UNKNOWN]] [[[OPEN]] 01[[NUMBER]] ,[[PUNCT]] 00[[NUMBER]] ][[CLOSE]] ,[[PUNCT]] χ[[UNKNOWN]] [[[OPEN]] 00[[NUMBER]] ,[[PUNCT]] 11[[NUMBER]] ][[CLOSE]] ,[[PUNCT]] χ[[UNKNOWN]] [[[OPEN]] 10[[NUMBER]] ,[[PUNCT]] 11[[NUMBER]] ][[CLOSE]] ,[[PUNCT]] χ[[UNKNOWN]] [[[OPEN]] 01[[NUMBER]] ,[[PUNCT]] 11[[NUMBER]] ][[CLOSE]] ,[[PUNCT]] χ[[UNKNOWN]] [[[OPEN]] 00[[NUMBER]] ,[[PUNCT]] 02[[NUMBER]] ][[CLOSE]] ,[[PUNCT]] χ[[UNKNOWN]] ...
Warning:not_parsed:PUNCT.NUMBER.CLOSE>CLOSE MathParser failed to match rule 'Anything'
	at 0301215_cleaned.tex; line 4947 col 4 - line 4947 col 4
	... ][[CLOSE]] ,[[PUNCT]] χ[[UNKNOWN]] [[[OPEN]] 01[[NUMBER]] ,[[PUNCT]] 10[[NUMBER]] ][[CLOSE]] ,[[PUNCT]] χ[[UNKNOWN]] [[[OPEN]] 00[[NUMBER]] ,[[PUNCT]] 01[[NUMBER]] ][[CLOSE]] ,[[PUNCT]] χ[[UNKNOWN]] [[[OPEN]] 10[[NUMBER]] ,[[PUNCT]] 01[[NUMBER]] ][[CLOSE]] ,[[PUNCT]] χ[[UNKNOWN]] [[[OPEN]] 01[[NUMBER]] ,[[PUNCT]] 01[[NUMBER]] ][[CLOSE]] ,[[PUNCT]] χ[[UNKNOWN]] [[[OPEN]] 00[[NUMBER]] ,[[PUNCT]] 20[[NUMBER]] ][[CLOSE]] ,[[PUNCT]] χ[[UNKNOWN]] [[[OPEN]] 10[[NUMBER]] ,[[PUNCT]] 20[[NUMBER]] ][[CLOSE]] ,[[PUNCT]] χ[[UNKNOWN]] [[[OPEN]] 01[[NUMBER]] ,[[PUNCT]] 20[[NUMBER]] ][[CLOSE]]
	        > \}[[CLOSE]]
Warning:not_parsed:UNKNOWN.POSTSUBSCRIPT>RELOP MathParser failed to match rule 'Anything'
	at 0301215_cleaned.tex; line 5119 col 40 - line 5120 col 53
	In "$\lambda_{{\mathcal{A}}_{4}}=\{(00),(30),(03),(11),(22),(10),(40),(21),(02),(1%
	3),$"
	λ[[UNKNOWN]] _{{\mathcal{A}}_{4}}[[POSTSUBSCRIPT]]
	        > =[[RELOP]] \{[[OPEN]] ([[OPEN]] 00[[NUMBER]] )[[CLOSE]] ,[[PUNCT]] ([[OPEN]] 30[[NUMBER]] )[[CLOSE]] ,[[PUNCT]] ([[OPEN]] 03[[NUMBER]] )[[CLOSE]] ,[[PUNCT]] ([[OPEN]] 11[[NUMBER]] )[[CLOSE]] ,[[PUNCT]] ([[OPEN]] 22[[NUMBER]] )[[CLOSE]] ,[[PUNCT]] ([[OPEN]] 10[[NUMBER]] )[[CLOSE]] ,[[PUNCT]] ([[OPEN]] 40[[NUMBER]] )[[CLOSE]] ,[[PUNCT]] ([[OPEN]] 21[[NUMBER]] )[[CLOSE]] ,[[PUNCT]] ([[OPEN]] 02[[NUMBER]] )[[CLOSE]] ,[[PUNCT]] ([[OPEN]] 13[[NUMBER]] )[[CLOSE]]
Warning:not_parsed:OPEN.NUMBER.CLOSE>CLOSE MathParser failed to match rule 'Anything'
	at 0301215_cleaned.tex; line 5121 col 2 - line 5121 col 29
	In "$(20),(12),(04),(01),(31)\}$"
	([[OPEN]] 20[[NUMBER]] )[[CLOSE]] ,[[PUNCT]] ([[OPEN]] 12[[NUMBER]] )[[CLOSE]] ,[[PUNCT]] ([[OPEN]] 04[[NUMBER]] )[[CLOSE]] ,[[PUNCT]] ([[OPEN]] 01[[NUMBER]] )[[CLOSE]] ,[[PUNCT]] ([[OPEN]] 31[[NUMBER]] )[[CLOSE]]
	        > \}[[CLOSE]]
Warning:not_parsed:UNKNOWN.POSTSUBSCRIPT.CLOSE>CLOSE MathParser failed to match rule 'Anything'
	at 0301215_cleaned.tex; line 5157 col 54 - line 5157 col 83
	In "$({\cal A}_{4},{\cal A}_{5}))$"
	([[OPEN]] A[[UNKNOWN]] _{4}[[POSTSUBSCRIPT]] ,[[PUNCT]] A[[UNKNOWN]] _{5}[[POSTSUBSCRIPT]] )[[CLOSE]]
	        > )[[CLOSE]]
 86.30 sec)
Math parsing succeeded:
   ltx:XMArg: 9393/9408
   ltx:XMath: 2533/2571
Symbols assumed as simple identifiers (with # of occurences):
   'A{caligraphic}' (184), 'A{italic}' (331), 'B{caligraphic}' (18), 'C{blackboard}' (7), 'C{italic}' (20), 'D{italic}' (124), 'E{caligraphic}' (38), 'E{italic}' (164), 'F{italic}' (21), 'Gamma' (11), 'G{italic}' (180), 'H{italic}' (1), 'J{italic}' (5), 'K{italic}' (3), 'L{italic}' (26), 'N{italic}' (71), 'O{italic}' (75), 'P{italic}' (8), 'SU{bold}' (4), 'Sigma' (17), 'S{italic}' (139), 'T{italic}' (30), 'U{italic}' (96), 'V{caligraphic}' (18), 'W{caligraphic}' (41), 'W{italic}' (420), 'X{italic}' (3), 'Z{blackboard}' (56), 'Z{bold}' (17), 'Z{caligraphic}' (2), 'Z{italic}' (275), 'alpha' (6), 'a{italic}' (48), 'beta' (6), 'b{italic}' (23), 'chi' (264), 'c{italic}' (212), 'delta' (7), 'd{italic}' (74), 'ell' (4), 'epsilon' (28), 'eta' (4), 'e{italic}' (46), 'f{italic}' (1), 'g' (3), 'g{italic}' (2), 'h{bold}' (12), 'h{italic}' (108), 'i{italic}' (123), 'i{sansserif}' (10), 'j{italic}' (93), 'kappa' (140), 'k{italic}' (166), 'lambda' (26), 'l{italic}' (3), 'mu' (4), 'm{italic}' (28), 'nu' (10), 'n{italic}' (69), 'o{italic}' (31), 'phi' (876), 'pi' (34), 'psi' (4), 'p{italic}' (6), 'q{bold}' (4), 'q{italic}' (158), 'rho' (4), 'r{italic}' (455), 'sigma' (70), 's{bold}' (1), 's{italic}' (126), 'tau' (179), 'theta' (19), 't{italic}' (37), 'u{italic}' (27), 'v{italic}' (79), 'w{italic}' (80), 'xi' (22), 'x{italic}' (160), 'y{italic}' (84), 'zeta' (3), 'z{italic}' (22)
Set MATHPARSER_SPECULATE to speculate on possible notations.
(Finalizing... 5.23 sec)
Conversion complete 55 warnings; 2 errors; 1 undefined macro[\dashline]; 1 missing file[epic.sty] (See /home/user/latex-in-arxiv/0301215_cleaned.latexml.log) (reqd. 2m 25.84s)
