latexml (LaTeXML version 0.8.6) processing 2003/0301186.tex
(Digesting TeX 0301186...
(Loading /usr/share/perl5/LaTeXML/Package/TeX.pool.ltxml...
(Loading /usr/share/perl5/LaTeXML/Package/eTeX.pool.ltxml... 0.00 sec)
(Loading /usr/share/perl5/LaTeXML/Package/pdfTeX.pool.ltxml... 0.01 sec) 0.12 sec)
(Processing content /home/user/latex-in-arxiv/2003/0301186.tex...
(Loading /usr/share/perl5/LaTeXML/Package/LaTeX.pool.ltxml...
(Loading /usr/share/perl5/LaTeXML/Package/textcomp.sty.ltxml...
(Processing definitions /usr/share/texlive/texmf-dist/tex/latex-dev/base/ts1enc.dfu... 0.02 sec) 0.91 sec) 1.08 sec)
(Loading /usr/share/perl5/LaTeXML/Package/JHEP3.cls.ltxml...
(Loading /usr/share/perl5/LaTeXML/Package/JHEP.cls.ltxml...
(Loading /usr/share/perl5/LaTeXML/Package/article.cls.ltxml... 0.01 sec)
(Loading /usr/share/perl5/LaTeXML/Package/amssymb.sty.ltxml...
(Loading /usr/share/perl5/LaTeXML/Package/amsfonts.sty.ltxml... 0.00 sec) 0.02 sec)
(Loading /usr/share/perl5/LaTeXML/Package/floatflt.sty.ltxml... 0.01 sec) 0.06 sec) 0.06 sec) 6.85 sec) 7.03 sec)
(Building...
(Loading compiled schema /usr/share/perl5/LaTeXML/resources/RelaxNG/LaTeXML.model... 0.01 sec)
Info:malformed:id Duplicated attribute xml:id
	at 0301186.tex; line 792 col 48 - line 792 col 48
	Using id='S2.E31a' on <ltx:XMRow _box="Alignment[]" _font="Font[math,medium,italic,10,bla..."/>
	id='S2.E31' already set on <ltx:equation _box="LaTeXML::Core::Alignment=HASH(..." _font="Font[serif,medium,upright,10,b..." xml:id="S2.E31" _ID_counter_m_="1">...
Info:malformed:id Duplicated attribute xml:id
	at 0301186.tex; line 796 col 53 - line 796 col 53
	Using id='S2.E36a' on <ltx:XMRow _box="Alignment[]" _font="Font[math,medium,italic,10,bla..."/>
	id='S2.E36' already set on <ltx:equation _box="LaTeXML::Core::Alignment=HASH(..." _font="Font[serif,medium,upright,10,b..." xml:id="S2.E36" _ID_counter_m_="1">...
Warning:unexpected:eqnarray Unrecognized equation patterns (1) in eqnarray
	at 0301186.tex; line 1399 col 1 - line 1399 col 1
	In Core::Definition::Constructor[\@@eqna... /usr/share/perl5/LaTeXML/Package/LaTeX.pool.ltxml; line 2290
 6.96 sec)
(Rewriting... 0.25 sec)
(Math Parsing 436 formulae ...... 14.70 sec)
Math parsing succeeded:
   ltx:XMArg: 2385/2385
   ltx:XMath: 436/436
Symbols assumed as simple identifiers (with # of occurences):
   'A{italic}' (20), 'B{italic}' (17), 'C{italic}' (9), 'Delta' (27), 'F{italic}' (25), 'Gamma' (13), 'G{italic}' (5), 'H{italic}' (2), 'I{caligraphic}' (14), 'I{italic}' (25), 'J{italic}' (41), 'K{italic}' (16), 'Lambda' (3), 'L{italic}' (17), 'M{italic}' (16), 'N{italic}' (71), 'O{italic}' (1), 'Pi' (2), 'P{caligraphic}' (2), 'P{italic}' (2), 'R{italic}' (26), 'S{italic}' (75), 'Tr' (10), 'T{italic}' (14), 'U{italic}' (1), 'X{italic}' (4), 'Y{italic}' (9), 'Z{italic}' (37), 'alpha' (114), 'a{italic}' (24), 'beta' (147), 'b{italic}' (32), 'd{italic}' (69), 'eta' (2), 'even' (1), 'e{italic}' (77), 'f{italic}' (142), 'gamma' (5), 'g{italic}' (26), 'i{italic}' (32), 'k{italic}' (50), 'lambda' (11), 'l{italic}' (26), 'mu' (20), 'm{italic}' (107), 'n{italic}' (131), 'odd' (8), 'o{italic}' (3), 'phi' (2), 'pi' (213), 'p{italic}' (115), 'sigma' (3), 's{italic}' (34), 'tau' (247), 'theta' (7), 't{italic}' (24), 'x{italic}' (111), 'y{italic}' (4), 'zeta' (12)
Set MATHPARSER_SPECULATE to speculate on possible notations.
(Finalizing... 1.26 sec)
Conversion complete 1 warning (See /home/user/latex-in-arxiv/0301186.latexml.log) (reqd. 30.98s)
