latexml (LaTeXML version 0.8.6) processing 2003/0301178_cleaned.tex
(Digesting TeX 0301178_cleaned...
(Loading /usr/share/perl5/LaTeXML/Package/TeX.pool.ltxml...
(Loading /usr/share/perl5/LaTeXML/Package/eTeX.pool.ltxml... 0.00 sec)
(Loading /usr/share/perl5/LaTeXML/Package/pdfTeX.pool.ltxml... 0.01 sec) 0.12 sec)
(Processing content /home/user/latex-in-arxiv/2003/0301178_cleaned.tex...
(Loading /usr/share/perl5/LaTeXML/Package/LaTeX.pool.ltxml...
(Loading /usr/share/perl5/LaTeXML/Package/textcomp.sty.ltxml...
(Processing definitions /usr/share/texlive/texmf-dist/tex/latex-dev/base/ts1enc.dfu... 0.03 sec) 1.36 sec) 1.53 sec)
(Loading /usr/share/perl5/LaTeXML/Package/article.cls.ltxml... 0.01 sec)
(Loading /usr/share/perl5/LaTeXML/Package/amssymb.sty.ltxml...
(Loading /usr/share/perl5/LaTeXML/Package/amsfonts.sty.ltxml... 0.00 sec) 0.03 sec)
(Loading /usr/share/perl5/LaTeXML/Package/amsmath.sty.ltxml...
(Loading /usr/share/perl5/LaTeXML/Package/amsbsy.sty.ltxml...
(Loading /usr/share/perl5/LaTeXML/Package/amsgen.sty.ltxml... 0.01 sec) 0.01 sec)
(Loading /usr/share/perl5/LaTeXML/Package/amstext.sty.ltxml... 0.01 sec)
(Loading /usr/share/perl5/LaTeXML/Package/amsopn.sty.ltxml... 0.01 sec) 0.07 sec)
(Loading /usr/share/perl5/LaTeXML/Package/epsfig.sty.ltxml...
(Loading /usr/share/perl5/LaTeXML/Package/graphicx.sty.ltxml...
(Loading /usr/share/perl5/LaTeXML/Package/graphics.sty.ltxml... 0.01 sec) 0.02 sec) 0.05 sec)
Info:unexpected:titlepage When using titlepage, Frontmatter will not be well-structured
	at 0301178_cleaned.tex; line 32 col 0 - line 32 col 17
 11.07 sec) 11.28 sec)
(Building...
(Loading compiled schema /usr/share/perl5/LaTeXML/resources/RelaxNG/LaTeXML.model... 0.01 sec) 9.92 sec)
(Rewriting... 0.27 sec)
(Math Parsing 526 formulae ......
Warning:not_parsed:FLOATSUBSCRIPT>MULOP MathParser failed to match rule 'Anything'
	at 0301178_cleaned.tex; line 110 col 17 - line 110 col 30
	In "${}_{5}\times S^{5}$"
	{}_{5}[[FLOATSUBSCRIPT]]
	        > ×[[MULOP]] S[[UNKNOWN]] ^{5}[[POSTSUPERSCRIPT]]
 15.02 sec)
Math parsing succeeded:
   ltx:XMArg: 1257/1257
   ltx:XMWrap: 8/8
   ltx:XMath: 525/526
Symbols assumed as simple identifiers (with # of occurences):
   'AdS' (3), 'A{italic}' (26), 'B{italic}' (12), 'C{italic}' (1), 'Delta' (2), 'E{italic}' (35), 'F{italic}' (13), 'Gamma' (8), 'G{italic}' (18), 'Hooft' (3), 'H{caligraphic}' (3), 'I{italic}' (2), 'J{italic}' (35), 'K{italic}' (4), 'L{caligraphic}' (16), 'L{italic}' (3), 'M{italic}' (3), 'N{italic}' (43), 'Omega' (3), 'O{caligraphic}' (1), 'Phi' (42), 'Pi' (2), 'P{italic}' (12), 'R{blackboard}' (22), 'R{caligraphic}' (2), 'R{italic}' (30), 'S{italic}' (57), 'T{italic}' (2), 'V{italic}' (2), 'X{italic}' (25), 'alpha' (10), 'and' (1), 'a{italic}' (8), 'beta' (35), 'b{italic}' (4), 'constant' (6), 'csh' (2), 'c{italic}' (10), 'delta' (9), 'd{italic}' (100), 'epsilon' (9), 'eta' (2), 'e{italic}' (73), 'fixed' (1), 'for' (4), 'f{italic}' (5), 'gamma' (1), 'g{italic}' (45), 'h{italic}' (6), 'i{italic}' (10), 'j{italic}' (4), 'lambda' (48), 'm{italic}' (14), 'n{italic}' (6), 'omega' (94), 'phi' (5), 'pi' (52), 'psi' (4), 'p{italic}' (1), 'rho' (224), 'r{italic}' (100), 'sech' (2), 'sigma' (71), 's{italic}' (6), 't' (3), 'tau' (30), 'theta' (8), 't{italic}' (13), 'varphi' (17), 'with' (1), 'w{italic}' (5), 'x{italic}' (37)
Set MATHPARSER_SPECULATE to speculate on possible notations.
(Finalizing... 1.58 sec)
Conversion complete 1 warning (See /home/user/latex-in-arxiv/0301178_cleaned.latexml.log) (reqd. 39.16s)
