latexml (LaTeXML version 0.8.6) processing 2003/0301114.tex
(Digesting TeX 0301114...
(Loading /usr/share/perl5/LaTeXML/Package/TeX.pool.ltxml...
(Loading /usr/share/perl5/LaTeXML/Package/eTeX.pool.ltxml... 0.01 sec)
(Loading /usr/share/perl5/LaTeXML/Package/pdfTeX.pool.ltxml... 0.01 sec) 0.18 sec)
(Processing content /home/user/latex-in-arxiv/2003/0301114.tex...
(Loading /usr/share/perl5/LaTeXML/Package/LaTeX.pool.ltxml...
(Loading /usr/share/perl5/LaTeXML/Package/textcomp.sty.ltxml...
(Processing definitions /usr/share/texlive/texmf-dist/tex/latex-dev/base/ts1enc.dfu... 0.03 sec) 1.48 sec) 1.75 sec)
Info:unexpected:\documentstyle Entering LaTeX 2.09 Compatibility mode
	at 0301114.tex; line 2 col 0 - line 2 col 43
(Loading /usr/share/perl5/LaTeXML/Package/article.cls.ltxml... 0.01 sec)
(Loading /usr/share/perl5/LaTeXML/Package/revtex.sty.ltxml...
(Loading /usr/share/perl5/LaTeXML/Package/natbib.sty.ltxml... 0.02 sec)
(Loading /usr/share/perl5/LaTeXML/Package/revtex3_support.sty.ltxml...
(Loading /usr/share/perl5/LaTeXML/Package/revtex4_support.sty.ltxml...
(Loading /usr/share/perl5/LaTeXML/Package/hyperref.sty.ltxml...
(Loading /usr/share/perl5/LaTeXML/Package/keyval.sty.ltxml...
(Processing definitions /usr/share/texlive/texmf-dist/tex/latex-dev/graphics/keyval.sty... 0.02 sec) 0.02 sec)
(Loading /usr/share/perl5/LaTeXML/Package/nameref.sty.ltxml... 0.00 sec)
(Loading /usr/share/perl5/LaTeXML/Package/url.sty.ltxml... 0.00 sec) 0.09 sec)
(Loading /usr/share/perl5/LaTeXML/Package/revsymb.sty.ltxml... 0.00 sec)
(Loading /usr/share/perl5/LaTeXML/Package/longtable.sty.ltxml... 0.00 sec)
(Loading /usr/share/perl5/LaTeXML/Package/dcolumn.sty.ltxml...
(Loading /usr/share/perl5/LaTeXML/Package/array.sty.ltxml... 0.00 sec) 0.01 sec) 0.16 sec) 0.17 sec) 0.20 sec)
(Loading /usr/share/perl5/LaTeXML/Package/epsfig.sty.ltxml...
(Loading /usr/share/perl5/LaTeXML/Package/graphicx.sty.ltxml...
(Loading /usr/share/perl5/LaTeXML/Package/graphics.sty.ltxml... 0.01 sec) 0.02 sec) 0.04 sec)
Info:unexpected:preprint Unexpected option 'preprint' passed to revtex.cls
	at 0301114.tex; line 3 col 6 - line 3 col 6
Info:unexpected:aps Unexpected option 'aps' passed to revtex.cls
	at 0301114.tex; line 3 col 6 - line 3 col 6
Info:note:OmniBus Loading OmniBus class to attempt to cover missing options
	at 0301114.tex; line 3 col 6 - line 3 col 6
(Loading /usr/share/perl5/LaTeXML/Package/OmniBus.cls.ltxml...
(Loading /usr/share/perl5/LaTeXML/Package/inst_support.sty.ltxml... 0.00 sec)
(Loading /usr/share/perl5/LaTeXML/Package/epsf.sty.ltxml... 0.01 sec)
(Loading /usr/share/perl5/LaTeXML/Package/aas_macros.sty.ltxml... 0.00 sec) 0.05 sec) 4.98 sec) 5.17 sec)
(Building...
(Loading compiled schema /usr/share/perl5/LaTeXML/resources/RelaxNG/LaTeXML.model... 0.01 sec) 2.62 sec)
(Rewriting... 0.07 sec)
(Math Parsing 158 formulae ......
Warning:not_parsed:UNKNOWN.POSTSUBSCRIPT>FLOATSUPERSCRIPT MathParser failed to match rule 'Anything'
	at 0301114.tex; line 167 col 50 - line 167 col 65
	In "$\omega_{n}{{}^{2}}\geq 0,$"
	ω[[UNKNOWN]] _{n}[[POSTSUBSCRIPT]]
	        > {}^{2}[[FLOATSUPERSCRIPT]] ≥[[RELOP]] 0[[NUMBER]]
Warning:not_parsed:UNKNOWN.POSTSUBSCRIPT>FLOATSUPERSCRIPT MathParser failed to match rule 'Anything'
	at 0301114.tex; line 202 col 41 - line 203 col 8
	In "$\omega_{n}{{}^{2}}\geq 0,$"
	ω[[UNKNOWN]] _{n}[[POSTSUBSCRIPT]]
	        > {}^{2}[[FLOATSUPERSCRIPT]] ≥[[RELOP]] 0[[NUMBER]]
 4.00 sec)
Math parsing succeeded:
   ltx:XMath: 156/158
   ltx:XMArg: 336/336
Symbols assumed as simple identifiers (with # of occurences):
   'E{italic}' (2), 'F{italic}' (4), 'Gamma' (4), 'J{caligraphic}' (3), 'L{caligraphic}' (1), 'M{italic}' (1), 'N{italic}' (3), 'O{italic}' (7), 'Q{italic}' (2), 'U{italic}' (14), 'V{italic}' (14), 'W{italic}' (12), 'a{italic}' (12), 'b{italic}' (3), 'c{italic}' (25), 'd{italic}' (33), 'epsilon' (9), 'eta' (9), 'e{italic}' (22), 'h{italic}' (41), 'i{italic}' (9), 'lambda' (13), 'l{italic}' (1), 'mu' (2), 'm{italic}' (10), 'nu' (2), 'n{italic}' (18), 'omega' (9), 'o{italic}' (10), 'phi' (56), 'q{italic}' (46), 's{italic}' (31), 't{italic}' (17), 'u{italic}' (2), 'v{italic}' (1), 'x{italic}' (103), 'y{italic}' (2)
Set MATHPARSER_SPECULATE to speculate on possible notations.
(Finalizing... 0.45 sec)
Conversion complete 2 warnings (See /home/user/latex-in-arxiv/0301114.latexml.log) (reqd. 12.76s)
