latexml (LaTeXML version 0.8.6) processing 2003/0301020.tex
(Digesting TeX 0301020...
(Loading /usr/share/perl5/LaTeXML/Package/TeX.pool.ltxml...
(Loading /usr/share/perl5/LaTeXML/Package/eTeX.pool.ltxml... 0.00 sec)
(Loading /usr/share/perl5/LaTeXML/Package/pdfTeX.pool.ltxml... 0.01 sec) 0.10 sec)
(Processing content /home/user/latex-in-arxiv/2003/0301020.tex...
(Loading /usr/share/perl5/LaTeXML/Package/LaTeX.pool.ltxml...
(Loading /usr/share/perl5/LaTeXML/Package/textcomp.sty.ltxml...
(Processing definitions /usr/share/texlive/texmf-dist/tex/latex-dev/base/ts1enc.dfu... 0.02 sec) 0.75 sec) 0.92 sec)
(Loading /usr/share/perl5/LaTeXML/Package/article.cls.ltxml... 0.01 sec)
Warning:missing_file:fortschritte Can't find binding for package fortschritte
	at 0301020.tex; line 25 col 4 - line 25 col 4
	Anticipate undefined macros or environments
	search paths are /home/user/latex-in-arxiv/2003, /home/user/latex-in-arxiv
	In Core::Definition::Constructor[\usepac... /usr/share/perl5/LaTeXML/Package/LaTeX.pool.ltxml; line 806
(Loading /usr/share/perl5/LaTeXML/Package/amssymb.sty.ltxml...
(Loading /usr/share/perl5/LaTeXML/Package/amsfonts.sty.ltxml... 0.00 sec) 0.01 sec)
Error:undefined:\makefront The token T_CS[\makefront] is not defined.
	at 0301020.tex; line 211 col 0 - line 211 col 19
	Defining it now as <ltx:ERROR/>
	Next token is T_CS[\section] ( == Core::Definition::Expandable[\section])
	In Core::Gullet[@0x564a1add96a0] /home/user/latex-in-arxiv/2003/0301020.tex; from line 218 col 8 to line 218 col 8
	 <= Core::Stomach[@0x564a1add9760] <= ...
 2.51 sec) 2.63 sec)
(Building...
(Loading compiled schema /usr/share/perl5/LaTeXML/resources/RelaxNG/LaTeXML.model... 0.01 sec) 1.50 sec)
(Rewriting... 0.02 sec)
(Math Parsing 137 formulae ......
Warning:not_parsed:PUNCT.ATOM.CLOSE>PUNCT MathParser failed to match rule 'Anything'
	at 0301020.tex; line 389 col 0 - line 393 col 14
	In "\begin{equation}H=1+\frac{L^{d-2}}{R_{T}^{d-2}}F_{d-2}\Big{(}\frac{r}{R_{T}},%
	\frac{z}{R_{T}}\Big{)}\ \ ,\ \ \ \ F_{2s}(a,b)\equiv\sum_{n\in\mathbb{Z}}\Big{%
	(}a^{2}+(2\pi n+b)^{2}\Big{)}^{-s}\end{equation}"
	H[[UNKNOWN]] =[[RELOP]] 1[[NUMBER]] +[[ADDOP]] \frac{L^{d-2}}{R_{T}^{d-2}}[[UNKNOWN]] F[[UNKNOWN]] _{d-2}[[POSTSUBSCRIPT]] ([[OPEN]] \frac{r}{R_{T}}[[UNKNOWN]] ,[[PUNCT]] \frac{z}{R_{T}}[[UNKNOWN]] )[[CLOSE]]
	        > \begin{equation}H=1+\frac{L^{d-2}}{R_{T}^{d-2}}F_{d-2}\Big{(}\frac{r}{R_{T}},\frac{z}{R_{T}}\Big{)}\ \ ,\ \ \ \ F_{2s}(a,b)\equiv\sum_{n\in\mathbb{Z}}\Big{(}a^{2}+(2\pin+b)^{2}\Big{)}^{-s}\end{equation}[[PUNCT]] ,[[PUNCT]] F[[UNKNOWN]] _{2s}[[POSTSUBSCRIPT]] ([[OPEN]] a[[UNKNOWN]] ,[[PUNCT]] b[[UNKNOWN]] )[[CLOSE]] ≡[[RELOP]] ∑[[SUMOP]] _{n\in\mathbb{Z}}[[POSTSUBSCRIPT]] ([[OPEN]] a[[UNKNOWN]] ^{2}[[POSTSUPERSCRIPT]] +[[ADDOP]] ([[OPEN]] 2[[NUMBER]] π[[UNKNOWN]] n[[UNKNOWN]] +[[ADDOP]] b[[UNKNOWN]] )[[CLOSE]] ^{2}[[POSTSUPERSCRIPT]] )[[CLOSE]] ^{-s}[[POSTSUPERSCRIPT]]
Warning:not_parsed:CLOSE.POSTSUPERSCRIPT.ATOM>PUNCT MathParser failed to match rule 'Anything'
	at 0301020.tex; line 414 col 0 - line 422 col 14
	In "\begin{equation}\frac{\partial v}{\partial r}=\frac{1}{(d-3)k_{d}}\left(\frac{%
	r}{R_{T}}\right)^{d-2}\frac{\partial F_{d-2}}{\partial z}\ \ ,\ \ \ \ \frac{%
	\partial v}{\partial z}=-\frac{1}{(d-3)k_{d}}\left(\frac{r}{R_{T}}\right)^{d-2%
	}\frac{\partial F_{d-2}}{\partial r}\end{equation}"
	\frac{\partialv}{\partialr}[[UNKNOWN]] =[[RELOP]] \frac{1}{(d-3)k_{d}}[[UNKNOWN]] \left([[OPEN]] \frac{r}{R_{T}}[[UNKNOWN]] \right)[[CLOSE]] ^{d-2}[[POSTSUPERSCRIPT]] \frac{\partialF_{d-2}}{\partialz}[[UNKNOWN]]
	        > \begin{equation}\frac{\partialv}{\partialr}=\frac{1}{(d-3)k_{d}}\left(\frac{r}{R_{T}}\right)^{d-2}\frac{\partialF_{d-2}}{\partialz}\ \ ,\ \ \ \ \frac{\partialv}{\partialz}=-\frac{1}{(d-3)k_{d}}\left(\frac{r}{R_{T}}\right)^{d-2}\frac{\partialF_{d-2}}{\partialr}\end{equation}[[PUNCT]] ,[[PUNCT]] \frac{\partialv}{\partialz}[[UNKNOWN]] =[[RELOP]] -[[ADDOP]] \frac{1}{(d-3)k_{d}}[[UNKNOWN]] \left([[OPEN]] \frac{r}{R_{T}}[[UNKNOWN]] \right)[[CLOSE]] ^{d-2}[[POSTSUPERSCRIPT]] \frac{\partialF_{d-2}}{\partialr}[[UNKNOWN]]
Warning:not_parsed:RELOP.UNKNOWN.POSTSUPERSCRIPT>PUNCT MathParser failed to match rule 'Anything'
	at 0301020.tex; line 461 col 0 - line 466 col 14
	In "\begin{equation}e^{2\phi}=H^{a}\ \ ,\ \ \ \ A_{01\cdots p}=\coth\alpha\Big{(}1%
	-H^{-1}\Big{)}\end{equation}"
	e[[UNKNOWN]] ^{2\phi}[[POSTSUPERSCRIPT]] =[[RELOP]] H[[UNKNOWN]] ^{a}[[POSTSUPERSCRIPT]]
	        > \begin{equation}e^{2\phi}=H^{a}\ \ ,\ \ \ \ A_{01\cdotsp}=\coth\alpha\Big{(}1-H^{-1}\Big{)}\end{equation}[[PUNCT]] ,[[PUNCT]] A[[UNKNOWN]] _{01\cdotsp}[[POSTSUBSCRIPT]] =[[RELOP]] coth[[TRIGFUNCTION]] α[[UNKNOWN]] ([[OPEN]] 1[[NUMBER]] -[[ADDOP]] H[[UNKNOWN]] ^{-1}[[POSTSUPERSCRIPT]] )[[CLOSE]]
Warning:not_parsed:NUMBER.ADDOP.ATOM>PUNCT MathParser failed to match rule 'Anything'
	at 0301020.tex; line 467 col 0 - line 473 col 14
	In "\begin{equation}f=1-\frac{R_{0}^{d-3}}{R^{d-3}}\ \ ,\ \ \ \ H=1+\frac{R_{0}^{d%
	-3}\sinh^{2}\alpha}{R^{d-3}}\ \ ,\ \ \ \ h_{d}=R_{0}^{d-3}\cosh\alpha\sinh\alpha\end{equation}"
	f[[UNKNOWN]] =[[RELOP]] 1[[NUMBER]] -[[ADDOP]] \frac{R_{0}^{d-3}}{R^{d-3}}[[UNKNOWN]]
	        > \begin{equation}f=1-\frac{R_{0}^{d-3}}{R^{d-3}}\ \ ,\ \ \ \ H=1+\frac{R_{0}^{d-3}\sinh^{2}\alpha}{R^{d-3}}\ \ ,\ \ \ \ h_{d}=R_{0}^{d-3}\cosh\alpha\sinh\alpha\end{equation}[[PUNCT]] ,[[PUNCT]] H[[UNKNOWN]] =[[RELOP]] 1[[NUMBER]] +[[ADDOP]] \frac{R_{0}^{d-3}\sinh^{2}\alpha}{R^{d-3}}[[UNKNOWN]] \begin{equation}f=1-\frac{R_{0}^{d-3}}{R^{d-3}}\ \ ,\ \ \ \ H=1+\frac{R_{0}^{d-3}\sinh^{2}\alpha}{R^{d-3}}\ \ ,\ \ \ \ h_{d}=R_{0}^{d-3}\cosh\alpha\sinh\alpha\end{equation}[[PUNCT]] ,[[PUNCT]] h[[UNKNOWN]] _{d}[[POSTSUBSCRIPT]] =[[RELOP]] R[[UNKNOWN]] _{0}[[POSTSUBSCRIPT]] ^{d-3}[[POSTSUPERSCRIPT]] cosh[[TRIGFUNCTION]] α[[UNKNOWN]] sinh[[TRIGFUNCTION]] α[[UNKNOWN]]
Warning:not_parsed:ATOM.ADDOP.ID>PUNCT MathParser failed to match rule 'Anything'
	at 0301020.tex; line 522 col 0 - line 528 col 14
	In "\begin{equation}K(R,v)=1-\chi(R_{0})\frac{R_{0}^{d-3}}{R^{d-3}}+\cdots\ \ ,\ %
	\ \ \ \chi(R_{0})=\left\{\begin{array}[]{ccc}\frac{1}{(d-2)(d-3)}&\mbox{for}&R%
	_{0}\ll R_{c}\\
	0&\mbox{for}&R_{0}\gg R_{c}\end{array}\right.\ .\end{equation}"
	K[[UNKNOWN]] ([[OPEN]] R[[UNKNOWN]] ,[[PUNCT]] v[[UNKNOWN]] )[[CLOSE]] =[[RELOP]] 1[[NUMBER]] -[[ADDOP]] χ[[UNKNOWN]] ([[OPEN]] R[[UNKNOWN]] _{0}[[POSTSUBSCRIPT]] )[[CLOSE]] \frac{R_{0}^{d-3}}{R^{d-3}}[[UNKNOWN]] +[[ADDOP]] ⋯[[ID]]
	        > \begin{equation}K(R,v)=1-\chi(R_{0})\frac{R_{0}^{d-3}}{R^{d-3}}+\cdots\ \ ,\ \ \ \ \chi(R_{0})=\left\{\begin{array}[]{ccc}\frac{1}{(d-2)(d-3)}&\mbox{for}&R_{0}\llR_{c}\\
	0&\mbox{for}&R_{0}\ggR_{c}\end{array}\right.\ .\end{equation}[[PUNCT]] ,[[PUNCT]] χ[[UNKNOWN]] ([[OPEN]] R[[UNKNOWN]] _{0}[[POSTSUBSCRIPT]] )[[CLOSE]] =[[RELOP]] \left\{[[OPEN]] Alignment[][[ARRAY]]
Warning:not_parsed:UNKNOWN>OPEN MathParser failed to match rule 'Anything'
	at 0301020.tex; line 539 col 5 - line 539 col 10
	In "$\chi(R_{0}$"
	χ[[UNKNOWN]]
	        > ([[OPEN]] R[[UNKNOWN]] _{0}[[POSTSUBSCRIPT]]
Warning:not_parsed:POSTSUBSCRIPT.CLOSE.ATOM>PUNCT MathParser failed to match rule 'Anything'
	at 0301020.tex; line 556 col 0 - line 562 col 14
	In "\begin{equation}T=\gamma(R_{0})\frac{d-3}{4\pi R_{0}R_{T}}\ \ ,\ \ \ \ S=\frac%
	{1}{\gamma(R_{0})}\frac{\Omega_{d-2}2\pi R_{T}}{4G_{d+1}}(R_{0}R_{T})^{d-2}\end{equation}"
	T[[UNKNOWN]] =[[RELOP]] γ[[UNKNOWN]] ([[OPEN]] R[[UNKNOWN]] _{0}[[POSTSUBSCRIPT]] )[[CLOSE]] \frac{d-3}{4\piR_{0}R_{T}}[[UNKNOWN]]
	        > \begin{equation}T=\gamma(R_{0})\frac{d-3}{4\piR_{0}R_{T}}\ \ ,\ \ \ \ S=\frac{1}{\gamma(R_{0})}\frac{\Omega_{d-2}2\piR_{T}}{4G_{d+1}}(R_{0}R_{T})^{d-2}\end{equation}[[PUNCT]] ,[[PUNCT]] S[[UNKNOWN]] =[[RELOP]] \frac{1}{\gamma(R_{0})}[[UNKNOWN]] \frac{\Omega_{d-2}2\piR_{T}}{4G_{d+1}}[[UNKNOWN]] ([[OPEN]] R[[UNKNOWN]] _{0}[[POSTSUBSCRIPT]] R[[UNKNOWN]] _{T}[[POSTSUBSCRIPT]] )[[CLOSE]] ^{d-2}[[POSTSUPERSCRIPT]]
 1.95 sec)
Math parsing succeeded:
   ltx:XMath: 130/137
   ltx:XMArg: 262/262
Symbols assumed as simple identifiers (with # of occurences):
   'A{italic}' (7), 'D{italic}' (1), 'F{italic}' (9), 'G{italic}' (2), 'H{italic}' (12), 'K{italic}' (12), 'L{italic}' (1), 'M{italic}' (29), 'Omega' (3), 'R{blackboard}' (16), 'R{italic}' (107), 'S{italic}' (33), 'T{italic}' (2), 'Z{blackboard}' (1), 'alpha' (7), 'a{italic}' (4), 'b{italic}' (4), 'chi' (14), 'd{italic}' (66), 'e{italic}' (3), 'f{italic}' (4), 'gamma' (5), 'h{italic}' (3), 'i{italic}' (1), 'k{italic}' (5), 'mu' (1), 'nu' (1), 'n{italic}' (3), 'phi' (5), 'pi' (6), 'p{italic}' (1), 'rho' (2), 'r{italic}' (5), 's{italic}' (3), 'theta' (1), 't{italic}' (2), 'v{italic}' (21), 'x{italic}' (1), 'z{italic}' (5)
Set MATHPARSER_SPECULATE to speculate on possible notations.
(Finalizing... 0.24 sec)
Conversion complete 8 warnings; 1 error; 1 undefined macro[\makefront]; 1 missing file[fortschritte.sty] (See /home/user/latex-in-arxiv/0301020.latexml.log) (reqd. 6.56s)
