latexml (LaTeXML version 0.8.6) processing 2003/0301113.tex
(Digesting TeX 0301113...
(Loading /usr/share/perl5/LaTeXML/Package/TeX.pool.ltxml...
(Loading /usr/share/perl5/LaTeXML/Package/eTeX.pool.ltxml... 0.01 sec)
(Loading /usr/share/perl5/LaTeXML/Package/pdfTeX.pool.ltxml... 0.01 sec) 0.19 sec)
(Processing content /home/user/latex-in-arxiv/2003/0301113.tex... 1.40 sec) 1.61 sec)
(Building...
(Loading compiled schema /usr/share/perl5/LaTeXML/resources/RelaxNG/LaTeXML.model... 0.01 sec) 3.45 sec)
(Rewriting... 0.12 sec)
(Math Parsing 166 formulae ......
Warning:not_parsed:>PUNCT MathParser failed to match rule 'Subscript'
	at 0301113.tex; line 58 col 21 - line 58 col 21
	In "$$F_{ij}\equiv S_{,ij}+\gamma_{ik}R_{\;\alpha}^{k}{\widetilde{\gamma}}^{\alpha%
	\beta}\gamma_{jl}R_{\;\beta}^{l},$$"
	> ,[[PUNCT]] i[[UNKNOWN]] j[[UNKNOWN]]
Warning:not_parsed:>PUNCT MathParser failed to match rule 'Subscript'
	at 0301113.tex; line 63 col 32 - line 63 col 32
	In "$S_{,ij}$"
	> ,[[PUNCT]] i[[UNKNOWN]] j[[UNKNOWN]]
Warning:not_parsed:>PUNCT MathParser failed to match rule 'Subscript'
	at 0301113.tex; line 100 col 44 - line 100 col 44
	In "$\delta_{A}^{\pm}B\equiv\varepsilon B_{,i}G^{\pm ij}A_{,j}$"
	> ,[[PUNCT]] i[[UNKNOWN]]
Warning:not_parsed:>PUNCT MathParser failed to match rule 'Subscript'
	at 0301113.tex; line 100 col 60 - line 100 col 60
	> ,[[PUNCT]] j[[UNKNOWN]]
Warning:not_parsed:>PUNCT MathParser failed to match rule 'Subscript'
	at 0301113.tex; line 104 col 19 - line 104 col 19
	In "$$\delta_{A}^{\pm}B=\varepsilon B_{,j}G^{\pm ji}A_{,i}=\varepsilon A_{,i}G^{%
	\mp ij}B_{,j}=\delta_{B}^{\mp}A.$$"
	> ,[[PUNCT]] j[[UNKNOWN]]
Warning:not_parsed:>PUNCT MathParser failed to match rule 'Subscript'
	at 0301113.tex; line 104 col 0 - line 104 col 35
	> ,[[PUNCT]] i[[UNKNOWN]]
Warning:not_parsed:>PUNCT MathParser failed to match rule 'Subscript'
	at 0301113.tex; line 105 col 19 - line 105 col 19
	> ,[[PUNCT]] i[[UNKNOWN]]
Warning:not_parsed:>PUNCT MathParser failed to match rule 'Subscript'
	at 0301113.tex; line 105 col 0 - line 105 col 35
	> ,[[PUNCT]] j[[UNKNOWN]]
Warning:not_parsed:>PUNCT MathParser failed to match rule 'Subscript'
	at 0301113.tex; line 159 col 32 - line 159 col 32
	In "$$(A,B)\equiv D_{A}B-D_{B}A=\lim_{\varepsilon\to 0}{1\over\varepsilon}\Bigr{[}%
	\varepsilon A_{1}G^{+}B_{1}-\varepsilon A_{1}G^{-}B_{1}\Bigr{]}=A_{1}{%
	\widetilde{G}}B_{1}=A_{,i}{\widetilde{G}}^{ij}B_{,j},$$"
	> ,[[PUNCT]] i[[UNKNOWN]]
Warning:not_parsed:>PUNCT MathParser failed to match rule 'Subscript'
	at 0301113.tex; line 159 col 57 - line 159 col 57
	> ,[[PUNCT]] j[[UNKNOWN]]
Warning:not_parsed:LIMITOP.POSTSUBSCRIPT.ATOM>CLOSE MathParser failed to match rule 'Anything'
	at 0301113.tex; line 155 col 0 - line 161 col 2
	([[OPEN]] A[[UNKNOWN]] ,[[PUNCT]] B[[UNKNOWN]] )[[CLOSE]] ≡[[RELOP]] D[[UNKNOWN]] _{A}[[POSTSUBSCRIPT]] B[[UNKNOWN]] -[[ADDOP]] D[[UNKNOWN]] _{B}[[POSTSUBSCRIPT]] A[[UNKNOWN]] =[[RELOP]] lim[[LIMITOP]] _{\varepsilon\to0}[[POSTSUBSCRIPT]] 1\over\varepsilon[[UNKNOWN]]
	        > [[[CLOSE]] ε[[UNKNOWN]] A[[UNKNOWN]] _{1}[[POSTSUBSCRIPT]] G[[UNKNOWN]] ^{+}[[POSTSUPERSCRIPT]] B[[UNKNOWN]] _{1}[[POSTSUBSCRIPT]] -[[ADDOP]] ε[[UNKNOWN]] A[[UNKNOWN]] _{1}[[POSTSUBSCRIPT]] G[[UNKNOWN]] ^{-}[[POSTSUPERSCRIPT]] B[[UNKNOWN]] _{1}[[POSTSUBSCRIPT]] ][[CLOSE]] =[[RELOP]] A[[UNKNOWN]] _{1}[[POSTSUBSCRIPT]] \widetilde{G}[[UNKNOWN]] B[[UNKNOWN]] _{1}[[POSTSUBSCRIPT]] =[[RELOP]] A[[UNKNOWN]] _{,i}[[POSTSUBSCRIPT]] \widetilde{G}[[UNKNOWN]] ^{ij}[[POSTSUPERSCRIPT]] B[[UNKNOWN]] _{,j}[[POSTSUBSCRIPT]]
Warning:not_parsed:>PUNCT MathParser failed to match rule 'Subscript'
	at 0301113.tex; line 238 col 0 - line 238 col 9
	In "$$\eqalignno{&P(A,B,C)\equiv(A,(B,C))+(B,(C,A))+(C,(A,B))\cr&=A_{,i}{%
	\widetilde{G}}^{il}\Bigr{(}B_{,j}{\widetilde{G}}^{jk}C_{,k}\Bigr{)}_{,l}+B_{,j%
	}{\widetilde{G}}^{jl}\Bigr{(}C_{,k}{\widetilde{G}}^{ki}A_{,i}\Bigr{)}_{,l}+C_{%
	,k}{\widetilde{G}}^{kl}\Bigr{(}A_{,i}{\widetilde{G}}^{ij}B_{,j}\Bigr{)}_{,l}%
	\cr&=A_{,il}B_{,j}C_{,k}\Bigr{(}{\widetilde{G}}^{ij}{\widetilde{G}}^{kl}+{%
	\widetilde{G}}^{jl}{\widetilde{G}}^{ki}\Bigr{)}+A_{,i}B_{,jl}C_{,k}\Bigr{(}{%
	\widetilde{G}}^{jk}{\widetilde{G}}^{il}+{\widetilde{G}}^{kl}{\widetilde{G}}^{%
	ij}\Bigr{)}\cr&+A_{,i}B_{,j}C_{,kl}\Bigr{(}{\widetilde{G}}^{ki}{\widetilde{G}}%
	^{jl}+{\widetilde{G}}^{il}{\widetilde{G}}^{jk}\Bigr{)}\cr&+A_{,i}B_{,j}C_{,k}%
	\Bigr{(}{\widetilde{G}}^{il}{\widetilde{G}}_{\;\;\;,l}^{jk}+{\widetilde{G}}^{%
	jl}{\widetilde{G}}_{\;\;\;,l}^{ki}+{\widetilde{G}}^{kl}{\widetilde{G}}_{\;\;\;%
	,l}^{ij}\Bigr{)}.&(20)\cr}$$"
	> ,[[PUNCT]] i[[UNKNOWN]]
Warning:not_parsed:>PUNCT MathParser failed to match rule 'Subscript'
	at 0301113.tex; line 238 col 0 - line 238 col 9
	> ,[[PUNCT]] j[[UNKNOWN]]
Warning:not_parsed:>PUNCT MathParser failed to match rule 'Subscript'
	at 0301113.tex; line 238 col 0 - line 238 col 9
	> ,[[PUNCT]] k[[UNKNOWN]]
Warning:not_parsed:>PUNCT MathParser failed to match rule 'Subscript'
	at 0301113.tex; line 238 col 0 - line 238 col 9
	> ,[[PUNCT]] l[[UNKNOWN]]
Warning:not_parsed:>PUNCT MathParser failed to match rule 'Subscript'
	at 0301113.tex; line 238 col 0 - line 238 col 9
	> ,[[PUNCT]] j[[UNKNOWN]]
Warning:not_parsed:>PUNCT MathParser failed to match rule 'Subscript'
	at 0301113.tex; line 238 col 0 - line 238 col 9
	> ,[[PUNCT]] k[[UNKNOWN]]
Warning:not_parsed:>PUNCT MathParser failed to match rule 'Subscript'
	at 0301113.tex; line 238 col 0 - line 238 col 9
	> ,[[PUNCT]] i[[UNKNOWN]]
Warning:not_parsed:>PUNCT MathParser failed to match rule 'Subscript'
	at 0301113.tex; line 238 col 0 - line 238 col 9
	> ,[[PUNCT]] l[[UNKNOWN]]
Warning:not_parsed:>PUNCT MathParser failed to match rule 'Subscript'
	at 0301113.tex; line 238 col 0 - line 238 col 9
	> ,[[PUNCT]] k[[UNKNOWN]]
Warning:not_parsed:>PUNCT MathParser failed to match rule 'Subscript'
	at 0301113.tex; line 238 col 0 - line 238 col 9
	> ,[[PUNCT]] i[[UNKNOWN]]
Warning:not_parsed:>PUNCT MathParser failed to match rule 'Subscript'
	at 0301113.tex; line 238 col 0 - line 238 col 9
	> ,[[PUNCT]] j[[UNKNOWN]]
Warning:not_parsed:>PUNCT MathParser failed to match rule 'Subscript'
	at 0301113.tex; line 238 col 0 - line 238 col 9
	> ,[[PUNCT]] l[[UNKNOWN]]
Warning:not_parsed:POSTSUBSCRIPT.ATOM.POSTSUPERSCRIPT>CLOSE MathParser failed to match rule 'Anything'
	at 0301113.tex; line 238 col 0 - line 238 col 9
	=[[RELOP]] A[[UNKNOWN]] _{,i}[[POSTSUBSCRIPT]] \widetilde{G}[[UNKNOWN]] ^{il}[[POSTSUPERSCRIPT]]
	        > ([[CLOSE]] B[[UNKNOWN]] _{,j}[[POSTSUBSCRIPT]] \widetilde{G}[[UNKNOWN]] ^{jk}[[POSTSUPERSCRIPT]] C[[UNKNOWN]] _{,k}[[POSTSUBSCRIPT]] )[[CLOSE]] _{,l}[[POSTSUBSCRIPT]] +[[ADDOP]] B[[UNKNOWN]] _{,j}[[POSTSUBSCRIPT]] \widetilde{G}[[UNKNOWN]] ^{jl}[[POSTSUPERSCRIPT]] ([[CLOSE]] C[[UNKNOWN]] _{,k}[[POSTSUBSCRIPT]] \widetilde{G}[[UNKNOWN]] ^{ki}[[POSTSUPERSCRIPT]] A[[UNKNOWN]] _{,i}[[POSTSUBSCRIPT]] )[[CLOSE]] _{,l}[[POSTSUBSCRIPT]] +[[ADDOP]] C[[UNKNOWN]] _{,k}[[POSTSUBSCRIPT]] \widetilde{G}[[UNKNOWN]] ^{kl}[[POSTSUPERSCRIPT]] ([[CLOSE]] A[[UNKNOWN]] _{,i}[[POSTSUBSCRIPT]] \widetilde{G}[[UNKNOWN]] ^{ij}[[POSTSUPERSCRIPT]] B[[UNKNOWN]] _{,j}[[POSTSUBSCRIPT]] )[[CLOSE]] _{,l}[[POSTSUBSCRIPT]]
Warning:not_parsed:>PUNCT MathParser failed to match rule 'Subscript'
	at 0301113.tex; line 238 col 0 - line 238 col 9
	> ,[[PUNCT]] i[[UNKNOWN]] l[[UNKNOWN]]
Warning:not_parsed:>PUNCT MathParser failed to match rule 'Subscript'
	at 0301113.tex; line 238 col 0 - line 238 col 9
	> ,[[PUNCT]] j[[UNKNOWN]]
Warning:not_parsed:>PUNCT MathParser failed to match rule 'Subscript'
	at 0301113.tex; line 238 col 0 - line 238 col 9
	> ,[[PUNCT]] k[[UNKNOWN]]
Warning:not_parsed:>PUNCT MathParser failed to match rule 'Subscript'
	at 0301113.tex; line 238 col 0 - line 238 col 9
	> ,[[PUNCT]] i[[UNKNOWN]]
Warning:not_parsed:>PUNCT MathParser failed to match rule 'Subscript'
	at 0301113.tex; line 238 col 0 - line 238 col 9
	> ,[[PUNCT]] j[[UNKNOWN]] l[[UNKNOWN]]
Warning:not_parsed:>PUNCT MathParser failed to match rule 'Subscript'
	at 0301113.tex; line 238 col 0 - line 238 col 9
	> ,[[PUNCT]] k[[UNKNOWN]]
Warning:not_parsed:POSTSUBSCRIPT.UNKNOWN.POSTSUBSCRIPT>CLOSE MathParser failed to match rule 'Anything'
	at 0301113.tex; line 238 col 0 - line 238 col 9
	=[[RELOP]] A[[UNKNOWN]] _{,il}[[POSTSUBSCRIPT]] B[[UNKNOWN]] _{,j}[[POSTSUBSCRIPT]] C[[UNKNOWN]] _{,k}[[POSTSUBSCRIPT]]
	        > ([[CLOSE]] \widetilde{G}[[UNKNOWN]] ^{ij}[[POSTSUPERSCRIPT]] \widetilde{G}[[UNKNOWN]] ^{kl}[[POSTSUPERSCRIPT]] +[[ADDOP]] \widetilde{G}[[UNKNOWN]] ^{jl}[[POSTSUPERSCRIPT]] \widetilde{G}[[UNKNOWN]] ^{ki}[[POSTSUPERSCRIPT]] )[[CLOSE]] +[[ADDOP]] A[[UNKNOWN]] _{,i}[[POSTSUBSCRIPT]] B[[UNKNOWN]] _{,jl}[[POSTSUBSCRIPT]] C[[UNKNOWN]] _{,k}[[POSTSUBSCRIPT]] ([[CLOSE]] \widetilde{G}[[UNKNOWN]] ^{jk}[[POSTSUPERSCRIPT]] \widetilde{G}[[UNKNOWN]] ^{il}[[POSTSUPERSCRIPT]] +[[ADDOP]] \widetilde{G}[[UNKNOWN]] ^{kl}[[POSTSUPERSCRIPT]] \widetilde{G}[[UNKNOWN]] ^{ij}[[POSTSUPERSCRIPT]] )[[CLOSE]]
Warning:not_parsed:>PUNCT MathParser failed to match rule 'Subscript'
	at 0301113.tex; line 238 col 0 - line 238 col 9
	> ,[[PUNCT]] i[[UNKNOWN]]
Warning:not_parsed:>PUNCT MathParser failed to match rule 'Subscript'
	at 0301113.tex; line 238 col 0 - line 238 col 9
	> ,[[PUNCT]] j[[UNKNOWN]]
Warning:not_parsed:>PUNCT MathParser failed to match rule 'Subscript'
	at 0301113.tex; line 238 col 0 - line 238 col 9
	> ,[[PUNCT]] k[[UNKNOWN]] l[[UNKNOWN]]
Warning:not_parsed:POSTSUBSCRIPT.UNKNOWN.POSTSUBSCRIPT>CLOSE MathParser failed to match rule 'Anything'
	at 0301113.tex; line 238 col 0 - line 238 col 9
	+[[ADDOP]] A[[UNKNOWN]] _{,i}[[POSTSUBSCRIPT]] B[[UNKNOWN]] _{,j}[[POSTSUBSCRIPT]] C[[UNKNOWN]] _{,kl}[[POSTSUBSCRIPT]]
	        > ([[CLOSE]] \widetilde{G}[[UNKNOWN]] ^{ki}[[POSTSUPERSCRIPT]] \widetilde{G}[[UNKNOWN]] ^{jl}[[POSTSUPERSCRIPT]] +[[ADDOP]] \widetilde{G}[[UNKNOWN]] ^{il}[[POSTSUPERSCRIPT]] \widetilde{G}[[UNKNOWN]] ^{jk}[[POSTSUPERSCRIPT]] )[[CLOSE]]
Warning:not_parsed:>PUNCT MathParser failed to match rule 'Subscript'
	at 0301113.tex; line 238 col 0 - line 238 col 9
	> ,[[PUNCT]] i[[UNKNOWN]]
Warning:not_parsed:>PUNCT MathParser failed to match rule 'Subscript'
	at 0301113.tex; line 238 col 0 - line 238 col 9
	> ,[[PUNCT]] j[[UNKNOWN]]
Warning:not_parsed:>PUNCT MathParser failed to match rule 'Subscript'
	at 0301113.tex; line 238 col 0 - line 238 col 9
	> ,[[PUNCT]] k[[UNKNOWN]]
Warning:not_parsed:>PUNCT MathParser failed to match rule 'Subscript'
	at 0301113.tex; line 238 col 0 - line 238 col 9
	> ,[[PUNCT]] l[[UNKNOWN]]
Warning:not_parsed:>PUNCT MathParser failed to match rule 'Subscript'
	at 0301113.tex; line 238 col 0 - line 238 col 9
	> ,[[PUNCT]] l[[UNKNOWN]]
Warning:not_parsed:>PUNCT MathParser failed to match rule 'Subscript'
	at 0301113.tex; line 238 col 0 - line 238 col 9
	> ,[[PUNCT]] l[[UNKNOWN]]
Warning:not_parsed:POSTSUBSCRIPT.UNKNOWN.POSTSUBSCRIPT>CLOSE MathParser failed to match rule 'Anything'
	at 0301113.tex; line 238 col 0 - line 238 col 9
	+[[ADDOP]] A[[UNKNOWN]] _{,i}[[POSTSUBSCRIPT]] B[[UNKNOWN]] _{,j}[[POSTSUBSCRIPT]] C[[UNKNOWN]] _{,k}[[POSTSUBSCRIPT]]
	        > ([[CLOSE]] \widetilde{G}[[UNKNOWN]] ^{il}[[POSTSUPERSCRIPT]] \widetilde{G}[[UNKNOWN]] _{\;\;\;,l}[[POSTSUBSCRIPT]] ^{jk}[[POSTSUPERSCRIPT]] +[[ADDOP]] \widetilde{G}[[UNKNOWN]] ^{jl}[[POSTSUPERSCRIPT]] \widetilde{G}[[UNKNOWN]] _{\;\;\;,l}[[POSTSUBSCRIPT]] ^{ki}[[POSTSUPERSCRIPT]] +[[ADDOP]] \widetilde{G}[[UNKNOWN]] ^{kl}[[POSTSUPERSCRIPT]] \widetilde{G}[[UNKNOWN]] _{\;\;\;,l}[[POSTSUBSCRIPT]] ^{ij}[[POSTSUPERSCRIPT]] )[[CLOSE]]
Warning:not_parsed:>PUNCT MathParser failed to match rule 'Subscript'
	at 0301113.tex; line 241 col 35 - line 241 col 35
	In "$T_{,il}=T_{,li}$"
	> ,[[PUNCT]] i[[UNKNOWN]] l[[UNKNOWN]]
Warning:not_parsed:>PUNCT MathParser failed to match rule 'Subscript'
	at 0301113.tex; line 241 col 43 - line 241 col 43
	> ,[[PUNCT]] l[[UNKNOWN]] i[[UNKNOWN]]
Warning:not_parsed:>PUNCT MathParser failed to match rule 'Subscript'
	at 0301113.tex; line 251 col 0 - line 251 col 9
	In "$$\eqalignno{&A_{,il}B_{,j}C_{,k}\Bigr{(}{\widetilde{G}}^{ij}{\widetilde{G}}^{%
	kl}+{\widetilde{G}}^{jl}{\widetilde{G}}^{ki}\Bigr{)}=A_{,li}B_{,j}C_{,k}\Bigr{%
	(}{\widetilde{G}}^{lj}{\widetilde{G}}^{ki}+{\widetilde{G}}^{ji}{\widetilde{G}}%
	^{kl}\Bigr{)}\cr&=-A_{,il}B_{,j}C_{,k}\Bigr{(}{\widetilde{G}}^{jl}{\widetilde{%
	G}}^{ki}+{\widetilde{G}}^{ij}{\widetilde{G}}^{kl}\Bigr{)}=0,&(21)\cr}$$"
	> ,[[PUNCT]] i[[UNKNOWN]] l[[UNKNOWN]]
Warning:not_parsed:>PUNCT MathParser failed to match rule 'Subscript'
	at 0301113.tex; line 251 col 0 - line 251 col 9
	> ,[[PUNCT]] j[[UNKNOWN]]
Warning:not_parsed:>PUNCT MathParser failed to match rule 'Subscript'
	at 0301113.tex; line 251 col 0 - line 251 col 9
	> ,[[PUNCT]] k[[UNKNOWN]]
Warning:not_parsed:>PUNCT MathParser failed to match rule 'Subscript'
	at 0301113.tex; line 251 col 0 - line 251 col 9
	> ,[[PUNCT]] l[[UNKNOWN]] i[[UNKNOWN]]
Warning:not_parsed:>PUNCT MathParser failed to match rule 'Subscript'
	at 0301113.tex; line 251 col 0 - line 251 col 9
	> ,[[PUNCT]] j[[UNKNOWN]]
Warning:not_parsed:>PUNCT MathParser failed to match rule 'Subscript'
	at 0301113.tex; line 251 col 0 - line 251 col 9
	> ,[[PUNCT]] k[[UNKNOWN]]
Warning:not_parsed:POSTSUBSCRIPT.UNKNOWN.POSTSUBSCRIPT>CLOSE MathParser failed to match rule 'Anything'
	at 0301113.tex; line 251 col 0 - line 251 col 9
	A[[UNKNOWN]] _{,il}[[POSTSUBSCRIPT]] B[[UNKNOWN]] _{,j}[[POSTSUBSCRIPT]] C[[UNKNOWN]] _{,k}[[POSTSUBSCRIPT]]
	        > ([[CLOSE]] \widetilde{G}[[UNKNOWN]] ^{ij}[[POSTSUPERSCRIPT]] \widetilde{G}[[UNKNOWN]] ^{kl}[[POSTSUPERSCRIPT]] +[[ADDOP]] \widetilde{G}[[UNKNOWN]] ^{jl}[[POSTSUPERSCRIPT]] \widetilde{G}[[UNKNOWN]] ^{ki}[[POSTSUPERSCRIPT]] )[[CLOSE]] =[[RELOP]] A[[UNKNOWN]] _{,li}[[POSTSUBSCRIPT]] B[[UNKNOWN]] _{,j}[[POSTSUBSCRIPT]] C[[UNKNOWN]] _{,k}[[POSTSUBSCRIPT]] ([[CLOSE]] \widetilde{G}[[UNKNOWN]] ^{lj}[[POSTSUPERSCRIPT]] \widetilde{G}[[UNKNOWN]] ^{ki}[[POSTSUPERSCRIPT]] +[[ADDOP]] \widetilde{G}[[UNKNOWN]] ^{ji}[[POSTSUPERSCRIPT]] \widetilde{G}[[UNKNOWN]] ^{kl}[[POSTSUPERSCRIPT]] )[[CLOSE]]
Warning:not_parsed:>PUNCT MathParser failed to match rule 'Subscript'
	at 0301113.tex; line 251 col 0 - line 251 col 9
	> ,[[PUNCT]] i[[UNKNOWN]] l[[UNKNOWN]]
Warning:not_parsed:>PUNCT MathParser failed to match rule 'Subscript'
	at 0301113.tex; line 251 col 0 - line 251 col 9
	> ,[[PUNCT]] j[[UNKNOWN]]
Warning:not_parsed:>PUNCT MathParser failed to match rule 'Subscript'
	at 0301113.tex; line 251 col 0 - line 251 col 9
	> ,[[PUNCT]] k[[UNKNOWN]]
Warning:not_parsed:POSTSUBSCRIPT.UNKNOWN.POSTSUBSCRIPT>CLOSE MathParser failed to match rule 'Anything'
	at 0301113.tex; line 251 col 0 - line 251 col 9
	=[[RELOP]] -[[ADDOP]] A[[UNKNOWN]] _{,il}[[POSTSUBSCRIPT]] B[[UNKNOWN]] _{,j}[[POSTSUBSCRIPT]] C[[UNKNOWN]] _{,k}[[POSTSUBSCRIPT]]
	        > ([[CLOSE]] \widetilde{G}[[UNKNOWN]] ^{jl}[[POSTSUPERSCRIPT]] \widetilde{G}[[UNKNOWN]] ^{ki}[[POSTSUPERSCRIPT]] +[[ADDOP]] \widetilde{G}[[UNKNOWN]] ^{ij}[[POSTSUPERSCRIPT]] \widetilde{G}[[UNKNOWN]] ^{kl}[[POSTSUPERSCRIPT]] )[[CLOSE]] =[[RELOP]] 0[[NUMBER]]
Warning:not_parsed:>PUNCT MathParser failed to match rule 'Subscript'
	at 0301113.tex; line 254 col 53 - line 254 col 53
	In "$B_{,jl}$"
	> ,[[PUNCT]] j[[UNKNOWN]] l[[UNKNOWN]]
Warning:not_parsed:>PUNCT MathParser failed to match rule 'Subscript'
	at 0301113.tex; line 255 col 8 - line 255 col 8
	In "$C_{,kl}$"
	> ,[[PUNCT]] k[[UNKNOWN]] l[[UNKNOWN]]
Warning:not_parsed:>PUNCT MathParser failed to match rule 'Subscript'
	at 0301113.tex; line 284 col 0 - line 284 col 9
	In "$$\eqalignno{&G_{\;\;\;\;\;,c}^{\pm ij}=G^{\pm ia}F_{ab,c}G^{\pm bj}=G^{\pm ia%
	}\Bigr{(}S_{,ab}+R_{a\alpha}R_{b}^{\;\alpha}\Bigr{)}_{,c}G^{\pm bj}\cr&=G^{\pm
	ia%
	}S_{,abc}G^{\pm bj}+G^{\pm ia}R_{a\alpha,c}R_{b}^{\;\alpha}\;G^{\pm bj}+G^{\pm
	ia%
	}R_{a\alpha}R_{b\;\;,c}^{\;\alpha}\;G^{\pm bj}.&(25)\cr}$$"
	> ,[[PUNCT]] c[[UNKNOWN]]
Warning:not_parsed:>PUNCT MathParser failed to match rule 'Subscript'
	at 0301113.tex; line 284 col 0 - line 284 col 9
	> ,[[PUNCT]] a[[UNKNOWN]] b[[UNKNOWN]]
Warning:not_parsed:>PUNCT MathParser failed to match rule 'Subscript'
	at 0301113.tex; line 284 col 0 - line 284 col 9
	> ,[[PUNCT]] c[[UNKNOWN]]
Warning:not_parsed:RELOP.UNKNOWN.POSTSUPERSCRIPT>CLOSE MathParser failed to match rule 'Anything'
	at 0301113.tex; line 284 col 0 - line 284 col 9
	G[[UNKNOWN]] _{\;\;\;\;\;,c}[[POSTSUBSCRIPT]] ^{\pmij}[[POSTSUPERSCRIPT]] =[[RELOP]] G[[UNKNOWN]] ^{\pmia}[[POSTSUPERSCRIPT]] F[[UNKNOWN]] _{ab,c}[[POSTSUBSCRIPT]] G[[UNKNOWN]] ^{\pmbj}[[POSTSUPERSCRIPT]] =[[RELOP]] G[[UNKNOWN]] ^{\pmia}[[POSTSUPERSCRIPT]]
	        > ([[CLOSE]] S[[UNKNOWN]] _{,ab}[[POSTSUBSCRIPT]] +[[ADDOP]] R[[UNKNOWN]] _{a\alpha}[[POSTSUBSCRIPT]] R[[UNKNOWN]] _{b}[[POSTSUBSCRIPT]] ^{\;\alpha}[[POSTSUPERSCRIPT]] )[[CLOSE]] _{,c}[[POSTSUBSCRIPT]] G[[UNKNOWN]] ^{\pmbj}[[POSTSUPERSCRIPT]]
Warning:not_parsed:>PUNCT MathParser failed to match rule 'Subscript'
	at 0301113.tex; line 284 col 0 - line 284 col 9
	> ,[[PUNCT]] a[[UNKNOWN]] b[[UNKNOWN]] c[[UNKNOWN]]
Warning:not_parsed:>PUNCT MathParser failed to match rule 'Subscript'
	at 0301113.tex; line 290 col 21 - line 290 col 21
	In "$$G_{\;\;\;\;\;,c}^{\pm ij}=G^{\pm ia}S_{,abc}G^{\pm bj}+G^{\pm ia}R_{a\alpha,%
	c}{\widehat{G}}^{\pm\alpha\beta}R_{\;\beta}^{j}+R_{\;\beta}^{i}\;{\widehat{G}}%
	_{\;\;\;\alpha}^{\pm\beta}\;R_{b\;\;,c}^{\;\alpha}\;G^{\pm bj}.$$"
	> ,[[PUNCT]] c[[UNKNOWN]]
Warning:not_parsed:>PUNCT MathParser failed to match rule 'Subscript'
	at 0301113.tex; line 290 col 50 - line 290 col 50
	> ,[[PUNCT]] a[[UNKNOWN]] b[[UNKNOWN]] c[[UNKNOWN]]
Warning:not_parsed:>PUNCT MathParser failed to match rule 'Subscript'
	at 0301113.tex; line 301 col 57 - line 301 col 57
	In "$S_{,abc}=S_{,acb}=S_{,bca}=...$"
	> ,[[PUNCT]] a[[UNKNOWN]] b[[UNKNOWN]] c[[UNKNOWN]]
Warning:not_parsed:>PUNCT MathParser failed to match rule 'Subscript'
	at 0301113.tex; line 302 col 8 - line 302 col 8
	> ,[[PUNCT]] a[[UNKNOWN]] c[[UNKNOWN]] b[[UNKNOWN]]
Warning:not_parsed:>PUNCT MathParser failed to match rule 'Subscript'
	at 0301113.tex; line 302 col 17 - line 302 col 17
	> ,[[PUNCT]] b[[UNKNOWN]] c[[UNKNOWN]] a[[UNKNOWN]]
Warning:not_parsed:>PUNCT MathParser failed to match rule 'Subscript'
	at 0301113.tex; line 315 col 0 - line 315 col 9
	In "$$\eqalignno{&P(A,B,C)=A_{,i}B_{,j}C_{,k}\Bigr{[}(G^{+ic}-G^{-ic})(G^{+ja}G^{+%
	bk}-G^{-ja}G^{-bk})\cr&+(G^{+jc}-G^{-jc})(G^{+ka}G^{+bi}-G^{-ka}G^{-bi})\cr&+(%
	G^{+kc}-G^{-kc})(G^{+ia}G^{+bj}-G^{-ia}G^{-bj})\Bigr{]}S_{,abc}\cr&=A_{,i}B_{,%
	j}C_{,k}\Bigr{[}(G^{+ia}-G^{-ia})(G^{+jb}G^{-kc}-G^{-jb}G^{+kc})\cr&+(G^{+jb}-%
	G^{-jb})(G^{+kc}G^{-ia}-G^{-kc}G^{+ia})\cr&+(G^{+kc}-G^{-kc})(G^{+ia}G^{-jb}-G%
	^{-ia}G^{+jb})\Bigr{]}S_{,abc}=0.&(27)\cr}$$"
	> ,[[PUNCT]] i[[UNKNOWN]]
Warning:not_parsed:>PUNCT MathParser failed to match rule 'Subscript'
	at 0301113.tex; line 315 col 0 - line 315 col 9
	> ,[[PUNCT]] j[[UNKNOWN]]
Warning:not_parsed:>PUNCT MathParser failed to match rule 'Subscript'
	at 0301113.tex; line 315 col 0 - line 315 col 9
	> ,[[PUNCT]] k[[UNKNOWN]]
Warning:not_parsed:POSTSUBSCRIPT.UNKNOWN.POSTSUBSCRIPT>CLOSE MathParser failed to match rule 'Anything'
	at 0301113.tex; line 315 col 0 - line 315 col 9
	P[[UNKNOWN]] ([[OPEN]] A[[UNKNOWN]] ,[[PUNCT]] B[[UNKNOWN]] ,[[PUNCT]] C[[UNKNOWN]] )[[CLOSE]] =[[RELOP]] A[[UNKNOWN]] _{,i}[[POSTSUBSCRIPT]] B[[UNKNOWN]] _{,j}[[POSTSUBSCRIPT]] C[[UNKNOWN]] _{,k}[[POSTSUBSCRIPT]]
	        > [[[CLOSE]] ([[OPEN]] G[[UNKNOWN]] ^{+ic}[[POSTSUPERSCRIPT]] -[[ADDOP]] G[[UNKNOWN]] ^{-ic}[[POSTSUPERSCRIPT]] )[[CLOSE]] ([[OPEN]] G[[UNKNOWN]] ^{+ja}[[POSTSUPERSCRIPT]] G[[UNKNOWN]] ^{+bk}[[POSTSUPERSCRIPT]] -[[ADDOP]] G[[UNKNOWN]] ^{-ja}[[POSTSUPERSCRIPT]] G[[UNKNOWN]] ^{-bk}[[POSTSUPERSCRIPT]] )[[CLOSE]]
Warning:not_parsed:>PUNCT MathParser failed to match rule 'Subscript'
	at 0301113.tex; line 315 col 0 - line 315 col 9
	> ,[[PUNCT]] a[[UNKNOWN]] b[[UNKNOWN]] c[[UNKNOWN]]
Warning:not_parsed:UNKNOWN.POSTSUPERSCRIPT.CLOSE>CLOSE MathParser failed to match rule 'Anything'
	at 0301113.tex; line 315 col 0 - line 315 col 9
	+[[ADDOP]] ([[OPEN]] G[[UNKNOWN]] ^{+kc}[[POSTSUPERSCRIPT]] -[[ADDOP]] G[[UNKNOWN]] ^{-kc}[[POSTSUPERSCRIPT]] )[[CLOSE]] ([[OPEN]] G[[UNKNOWN]] ^{+ia}[[POSTSUPERSCRIPT]] G[[UNKNOWN]] ^{+bj}[[POSTSUPERSCRIPT]] -[[ADDOP]] G[[UNKNOWN]] ^{-ia}[[POSTSUPERSCRIPT]] G[[UNKNOWN]] ^{-bj}[[POSTSUPERSCRIPT]] )[[CLOSE]]
	        > ][[CLOSE]] S[[UNKNOWN]] _{,abc}[[POSTSUBSCRIPT]]
Warning:not_parsed:>PUNCT MathParser failed to match rule 'Subscript'
	at 0301113.tex; line 315 col 0 - line 315 col 9
	> ,[[PUNCT]] i[[UNKNOWN]]
Warning:not_parsed:>PUNCT MathParser failed to match rule 'Subscript'
	at 0301113.tex; line 315 col 0 - line 315 col 9
	> ,[[PUNCT]] j[[UNKNOWN]]
Warning:not_parsed:>PUNCT MathParser failed to match rule 'Subscript'
	at 0301113.tex; line 315 col 0 - line 315 col 9
	> ,[[PUNCT]] k[[UNKNOWN]]
Warning:not_parsed:POSTSUBSCRIPT.UNKNOWN.POSTSUBSCRIPT>CLOSE MathParser failed to match rule 'Anything'
	at 0301113.tex; line 315 col 0 - line 315 col 9
	=[[RELOP]] A[[UNKNOWN]] _{,i}[[POSTSUBSCRIPT]] B[[UNKNOWN]] _{,j}[[POSTSUBSCRIPT]] C[[UNKNOWN]] _{,k}[[POSTSUBSCRIPT]]
	        > [[[CLOSE]] ([[OPEN]] G[[UNKNOWN]] ^{+ia}[[POSTSUPERSCRIPT]] -[[ADDOP]] G[[UNKNOWN]] ^{-ia}[[POSTSUPERSCRIPT]] )[[CLOSE]] ([[OPEN]] G[[UNKNOWN]] ^{+jb}[[POSTSUPERSCRIPT]] G[[UNKNOWN]] ^{-kc}[[POSTSUPERSCRIPT]] -[[ADDOP]] G[[UNKNOWN]] ^{-jb}[[POSTSUPERSCRIPT]] G[[UNKNOWN]] ^{+kc}[[POSTSUPERSCRIPT]] )[[CLOSE]]
Warning:not_parsed:>PUNCT MathParser failed to match rule 'Subscript'
	at 0301113.tex; line 315 col 0 - line 315 col 9
	> ,[[PUNCT]] a[[UNKNOWN]] b[[UNKNOWN]] c[[UNKNOWN]]
Warning:not_parsed:UNKNOWN.POSTSUPERSCRIPT.CLOSE>CLOSE MathParser failed to match rule 'Anything'
	at 0301113.tex; line 315 col 0 - line 315 col 9
	+[[ADDOP]] ([[OPEN]] G[[UNKNOWN]] ^{+kc}[[POSTSUPERSCRIPT]] -[[ADDOP]] G[[UNKNOWN]] ^{-kc}[[POSTSUPERSCRIPT]] )[[CLOSE]] ([[OPEN]] G[[UNKNOWN]] ^{+ia}[[POSTSUPERSCRIPT]] G[[UNKNOWN]] ^{-jb}[[POSTSUPERSCRIPT]] -[[ADDOP]] G[[UNKNOWN]] ^{-ia}[[POSTSUPERSCRIPT]] G[[UNKNOWN]] ^{+jb}[[POSTSUPERSCRIPT]] )[[CLOSE]]
	        > ][[CLOSE]] S[[UNKNOWN]] _{,abc}[[POSTSUBSCRIPT]] =[[RELOP]] 0[[NUMBER]]
Warning:not_parsed:>PUNCT MathParser failed to match rule 'Subscript'
	at 0301113.tex; line 327 col 13 - line 327 col 13
	In "$$(A,BC)=A_{,i}{\widetilde{G}}^{ik}(BC)_{,k}=A_{,i}{\widetilde{G}}^{ik}B_{,k}C%
	+BA_{,i}{\widetilde{G}}^{ik}C_{,k}=(A,B)C+B(A,C).$$"
	> ,[[PUNCT]] i[[UNKNOWN]]
Warning:not_parsed:>PUNCT MathParser failed to match rule 'Subscript'
	at 0301113.tex; line 327 col 0 - line 327 col 41
	> ,[[PUNCT]] k[[UNKNOWN]]
Warning:not_parsed:>PUNCT MathParser failed to match rule 'Subscript'
	at 0301113.tex; line 328 col 7 - line 328 col 7
	> ,[[PUNCT]] i[[UNKNOWN]]
Warning:not_parsed:>PUNCT MathParser failed to match rule 'Subscript'
	at 0301113.tex; line 328 col 32 - line 328 col 32
	> ,[[PUNCT]] k[[UNKNOWN]]
Warning:not_parsed:>PUNCT MathParser failed to match rule 'Subscript'
	at 0301113.tex; line 328 col 41 - line 328 col 41
	> ,[[PUNCT]] i[[UNKNOWN]]
Warning:not_parsed:>PUNCT MathParser failed to match rule 'Subscript'
	at 0301113.tex; line 328 col 0 - line 328 col 66
	> ,[[PUNCT]] k[[UNKNOWN]]
Warning:not_parsed:>PUNCT MathParser failed to match rule 'Subscript'
	at 0301113.tex; line 367 col 21 - line 367 col 21
	In "$$F_{ij}\equiv S_{,ij}+P_{i}^{\;\alpha}Q_{j\alpha},\;{\widehat{F}}_{\alpha%
	\beta}\equiv Q_{i\alpha}R_{\;\beta}^{i},\;F_{\alpha}^{\;\beta}\equiv R_{\;%
	\alpha}^{i}P_{i}^{\;\beta},$$"
	> ,[[PUNCT]] i[[UNKNOWN]] j[[UNKNOWN]]
Warning:not_parsed:>PUNCT MathParser failed to match rule 'Subscript'
	at 0301113.tex; line 428 col 36 - line 428 col 36
	In "$$\delta_{A}^{\pm}B-\varepsilon B_{,i}G^{\mp ji}A_{,j}=\varepsilon B_{,i}R_{\;%
	\gamma}^{i}G^{\pm\gamma\alpha}Q_{l\alpha}G^{\mp jl}A_{,j}-\varepsilon B_{,i}P_%
	{l}^{\;\alpha}G^{\pm ik}Q_{k\alpha}G^{\mp jl}A_{,j}.$$"
	> ,[[PUNCT]] i[[UNKNOWN]]
Warning:not_parsed:>PUNCT MathParser failed to match rule 'Subscript'
	at 0301113.tex; line 428 col 0 - line 428 col 52
	> ,[[PUNCT]] j[[UNKNOWN]]
Warning:not_parsed:>PUNCT MathParser failed to match rule 'Subscript'
	at 0301113.tex; line 429 col 19 - line 429 col 19
	> ,[[PUNCT]] i[[UNKNOWN]]
Warning:not_parsed:>PUNCT MathParser failed to match rule 'Subscript'
	at 0301113.tex; line 430 col 0 - line 430 col 28
	> ,[[PUNCT]] j[[UNKNOWN]]
Warning:not_parsed:>PUNCT MathParser failed to match rule 'Subscript'
	at 0301113.tex; line 431 col 19 - line 431 col 19
	> ,[[PUNCT]] i[[UNKNOWN]]
Warning:not_parsed:>PUNCT MathParser failed to match rule 'Subscript'
	at 0301113.tex; line 432 col 16 - line 432 col 16
	> ,[[PUNCT]] j[[UNKNOWN]]
Warning:not_parsed:>PUNCT MathParser failed to match rule 'Subscript'
	at 0301113.tex; line 443 col 59 - line 443 col 59
	In "$R_{\;\beta}^{j}A_{,j}=0$"
	> ,[[PUNCT]] j[[UNKNOWN]]
Warning:not_parsed:>PUNCT MathParser failed to match rule 'Subscript'
	at 0301113.tex; line 460 col 0 - line 460 col 9
	In "$$\eqalignno{&\delta(\delta_{A}^{\pm}B)=\varepsilon B_{,i}\delta G^{\pm ij}A_{%
	,j}=\varepsilon B_{,i}G^{\pm ik}(\delta F_{kl})G^{\pm lj}A_{,j}\cr&=%
	\varepsilon B_{,i}G^{\pm ik}\Bigr{[}(\delta P_{k}^{\;\alpha})Q_{l\alpha}+P_{k}%
	^{\;\alpha}(\delta Q_{l\alpha})\Bigr{]}G^{\pm lj}A_{,j}\cr&=\varepsilon B_{,i}%
	G^{\pm ik}(\delta P_{k}^{\;\alpha})Q_{l\alpha}G^{\pm lj}A_{,j}+\varepsilon B_{%
	,i}G^{\pm ik}P_{k}^{\;\alpha}(\delta Q_{l\alpha})G^{\pm lj}A_{,j}\cr&=%
	\varepsilon B_{,i}G^{\pm ik}(\delta P_{k}^{\;\alpha})G_{\;\;\alpha}^{\pm\;\;%
	\beta}R_{\;\beta}^{j}A_{,j}+\varepsilon B_{,i}R_{\;\gamma}^{i}G^{\pm\gamma%
	\alpha}(\delta Q_{l\alpha})G^{\pm lj}A_{,j}=0,&(41)\cr}$$"
	> ,[[PUNCT]] i[[UNKNOWN]]
Warning:not_parsed:>PUNCT MathParser failed to match rule 'Subscript'
	at 0301113.tex; line 460 col 0 - line 460 col 9
	> ,[[PUNCT]] j[[UNKNOWN]]
Warning:not_parsed:>PUNCT MathParser failed to match rule 'Subscript'
	at 0301113.tex; line 460 col 0 - line 460 col 9
	> ,[[PUNCT]] i[[UNKNOWN]]
Warning:not_parsed:>PUNCT MathParser failed to match rule 'Subscript'
	at 0301113.tex; line 460 col 0 - line 460 col 9
	> ,[[PUNCT]] j[[UNKNOWN]]
Warning:not_parsed:>PUNCT MathParser failed to match rule 'Subscript'
	at 0301113.tex; line 460 col 0 - line 460 col 9
	> ,[[PUNCT]] i[[UNKNOWN]]
Warning:not_parsed:>PUNCT MathParser failed to match rule 'Subscript'
	at 0301113.tex; line 460 col 0 - line 460 col 9
	> ,[[PUNCT]] j[[UNKNOWN]]
Warning:not_parsed:POSTSUBSCRIPT.UNKNOWN.POSTSUPERSCRIPT>CLOSE MathParser failed to match rule 'Anything'
	at 0301113.tex; line 460 col 0 - line 460 col 9
	=[[RELOP]] ε[[UNKNOWN]] B[[UNKNOWN]] _{,i}[[POSTSUBSCRIPT]] G[[UNKNOWN]] ^{\pmik}[[POSTSUPERSCRIPT]]
	        > [[[CLOSE]] ([[OPEN]] δ[[UNKNOWN]] P[[UNKNOWN]] _{k}[[POSTSUBSCRIPT]] ^{\;\alpha}[[POSTSUPERSCRIPT]] )[[CLOSE]] Q[[UNKNOWN]] _{l\alpha}[[POSTSUBSCRIPT]] +[[ADDOP]] P[[UNKNOWN]] _{k}[[POSTSUBSCRIPT]] ^{\;\alpha}[[POSTSUPERSCRIPT]] ([[OPEN]] δ[[UNKNOWN]] Q[[UNKNOWN]] _{l\alpha}[[POSTSUBSCRIPT]] )[[CLOSE]] ][[CLOSE]] G[[UNKNOWN]] ^{\pmlj}[[POSTSUPERSCRIPT]] A[[UNKNOWN]] _{,j}[[POSTSUBSCRIPT]]
Warning:not_parsed:>PUNCT MathParser failed to match rule 'Subscript'
	at 0301113.tex; line 460 col 0 - line 460 col 9
	> ,[[PUNCT]] i[[UNKNOWN]]
Warning:not_parsed:>PUNCT MathParser failed to match rule 'Subscript'
	at 0301113.tex; line 460 col 0 - line 460 col 9
	> ,[[PUNCT]] j[[UNKNOWN]]
Warning:not_parsed:>PUNCT MathParser failed to match rule 'Subscript'
	at 0301113.tex; line 460 col 0 - line 460 col 9
	> ,[[PUNCT]] i[[UNKNOWN]]
Warning:not_parsed:>PUNCT MathParser failed to match rule 'Subscript'
	at 0301113.tex; line 460 col 0 - line 460 col 9
	> ,[[PUNCT]] j[[UNKNOWN]]
Warning:not_parsed:>PUNCT MathParser failed to match rule 'Subscript'
	at 0301113.tex; line 460 col 0 - line 460 col 9
	> ,[[PUNCT]] i[[UNKNOWN]]
Warning:not_parsed:>PUNCT MathParser failed to match rule 'Subscript'
	at 0301113.tex; line 460 col 0 - line 460 col 9
	> ,[[PUNCT]] j[[UNKNOWN]]
Warning:not_parsed:>PUNCT MathParser failed to match rule 'Subscript'
	at 0301113.tex; line 460 col 0 - line 460 col 9
	> ,[[PUNCT]] i[[UNKNOWN]]
Warning:not_parsed:>PUNCT MathParser failed to match rule 'Subscript'
	at 0301113.tex; line 460 col 0 - line 460 col 9
	> ,[[PUNCT]] j[[UNKNOWN]]
 7.42 sec)
Math parsing succeeded:
   ltx:XMArg: 502/609
   ltx:XMath: 165/166
Symbols assumed as simple identifiers (with # of occurences):
   'A{italic}' (77), 'B{italic}' (81), 'C{italic}' (52), 'D{caligraphic}' (2), 'D{italic}' (11), 'F{italic}' (29), 'G{italic}' (163), 'L{italic}' (1), 'M{italic}' (1), 'P{italic}' (22), 'Q{italic}' (21), 'R{bold}' (2), 'R{italic}' (53), 'Sigma' (1), 'S{italic}' (16), 'T{italic}' (3), 'alpha' (45), 'as' (2), 'a{italic}' (42), 'beta' (26), 'b{italic}' (39), 'c{italic}' (37), 'delta' (31), 'd{italic}' (1), 'gamma' (22), 'g{italic}' (1), 'i{italic}' (175), 'j{italic}' (160), 'k{italic}' (89), 'lambda' (3), 'l{italic}' (71), 'tau' (12), 'varepsilon' (21), 'varphi' (1)
Set MATHPARSER_SPECULATE to speculate on possible notations.
(Finalizing... 0.70 sec)
Conversion complete 108 warnings (See /home/user/latex-in-arxiv/0301113.latexml.log) (reqd. 13.85s)
