latexml (LaTeXML version 0.8.6) processing 2003/0301102.tex
(Digesting TeX 0301102...
(Loading /usr/share/perl5/LaTeXML/Package/TeX.pool.ltxml...
(Loading /usr/share/perl5/LaTeXML/Package/eTeX.pool.ltxml... 0.00 sec)
(Loading /usr/share/perl5/LaTeXML/Package/pdfTeX.pool.ltxml... 0.01 sec) 0.11 sec)
(Processing content /home/user/latex-in-arxiv/2003/0301102.tex...
(Loading /usr/share/perl5/LaTeXML/Package/LaTeX.pool.ltxml...
(Loading /usr/share/perl5/LaTeXML/Package/textcomp.sty.ltxml...
(Processing definitions /usr/share/texlive/texmf-dist/tex/latex-dev/base/ts1enc.dfu... 0.02 sec) 0.87 sec) 1.03 sec)
Warning:missing_file:ws Can't find binding for class ws (using OmniBus)
	at 0301102.tex; line 10 col 0 - line 10 col 1
	Anticipate undefined macros or environments
	search paths are /home/user/latex-in-arxiv/2003, /home/user/latex-in-arxiv
	In Core::Definition::Constructor[\docume... /usr/share/perl5/LaTeXML/Package/LaTeX.pool.ltxml; line 60
(Loading /usr/share/perl5/LaTeXML/Package/OmniBus.cls.ltxml...
(Loading /usr/share/perl5/LaTeXML/Package/article.cls.ltxml... 0.01 sec)
(Loading /usr/share/perl5/LaTeXML/Package/inst_support.sty.ltxml... 0.00 sec)
(Loading /usr/share/perl5/LaTeXML/Package/epsf.sty.ltxml... 0.00 sec)
(Loading /usr/share/perl5/LaTeXML/Package/graphicx.sty.ltxml...
(Loading /usr/share/perl5/LaTeXML/Package/graphics.sty.ltxml... 0.01 sec) 0.02 sec)
(Loading /usr/share/perl5/LaTeXML/Package/aas_macros.sty.ltxml... 0.00 sec) 0.05 sec)
(Loading /usr/share/perl5/LaTeXML/Package/amsfonts.sty.ltxml... 0.00 sec)
(Loading /usr/share/perl5/LaTeXML/Package/epsfig.sty.ltxml... 0.01 sec)
(Loading /usr/share/perl5/LaTeXML/Package/multicol.sty.ltxml... 0.00 sec) 7.37 sec) 7.52 sec)
(Building...
(Loading compiled schema /usr/share/perl5/LaTeXML/resources/RelaxNG/LaTeXML.model... 0.01 sec)
Info:malformed:id Duplicated attribute xml:id
	at 0301102.tex; line 385 col 0 - line 385 col 39
	Using id='S2.Ex7a' on <ltx:XMRow _box="Alignment[]" _font="Font[math,medium,italic,10,bla..."/>
	id='S2.Ex7' already set on <ltx:equation _box="LaTeXML::Core::Alignment=HASH(..." _font="Font[serif,medium,upright,10,b..." xml:id="S2.Ex7" _ID_counter_m_="3">...
Info:malformed:id Duplicated attribute xml:id
	at 0301102.tex; line 688 col 1 - line 688 col 1
	Using id='S2.E46a' on <ltx:XMRow _box="Alignment[]" _font="Font[math,medium,italic,10,bla..."/>
	id='S2.E46' already set on <ltx:equation _box="LaTeXML::Core::Alignment=HASH(..." _font="Font[serif,medium,upright,10,b..." xml:id="S2.E46" _ID_counter_m_="3">...
Info:malformed:id Duplicated attribute xml:id
	at 0301102.tex; line 723 col 1 - line 723 col 1
	Using id='S2.E51a' on <ltx:XMRow _box="Alignment[]" _font="Font[math,medium,italic,10,bla..."/>
	id='S2.E51' already set on <ltx:equation _box="LaTeXML::Core::Alignment=HASH(..." _font="Font[serif,medium,upright,10,b..." xml:id="S2.E51" _ID_counter_m_="1">...
 11.45 sec)
(Rewriting... 0.44 sec)
(Math Parsing 530 formulae ......
Warning:not_parsed:PUNCT.UNKNOWN.CLOSE>METARELOP MathParser failed to match rule 'Anything'
	at 0301102.tex; line 739 col 4 - line 739 col 4
	In "$\displaystyle\Psi_{j,u,\theta}(x,t):=\psi_{j}^{A}(x,t)\frac{\left|a_{j}^{%
	\dagger}(\theta)\right\rangle}{\sqrt{2\pi^{2}p_{j}^{0}}}=\frac{e^{-i\vec{p}_{j%
	}\cdot\vec{x}}}{\sqrt{2\pi p_{j}^{0}}}u_{j}(\theta)\@@ENDINLINEMATH"
	Ψ[[UNKNOWN]] _{j,u,\theta}[[POSTSUBSCRIPT]] ([[OPEN]] x[[UNKNOWN]] ,[[PUNCT]] t[[UNKNOWN]] )[[CLOSE]]
	        > :[[METARELOP]] =[[RELOP]] ψ[[UNKNOWN]] _{j}[[POSTSUBSCRIPT]] ^{A}[[POSTSUPERSCRIPT]] ([[OPEN]] x[[UNKNOWN]] ,[[PUNCT]] t[[UNKNOWN]] )[[CLOSE]] \frac{\left|a_{j}^{\dagger}(\theta)\right\rangle}{\sqrt{2\pi^{2}p_{j}^{0}}}[[UNKNOWN]] =[[RELOP]] \frac{e^{-i\vec{p}_{j}\cdot\vec{x}}}{\sqrt{2\pip_{j}^{0}}}[[UNKNOWN]] u[[UNKNOWN]] _{j}[[POSTSUBSCRIPT]] ([[OPEN]] θ[[UNKNOWN]] )[[CLOSE]]
Warning:not_parsed:UNKNOWN.CLOSE.POSTSUPERSCRIPT>METARELOP MathParser failed to match rule 'Anything'
	at 0301102.tex; line 742 col 4 - line 742 col 4
	In "$\displaystyle\Psi_{j,v,\theta}(x,t)^{\dagger}:=\psi_{j}^{A}(x,t)^{\dagger}%
	\frac{\left|a_{j}^{\dagger}(\theta)\right\rangle}{\sqrt{2\pi^{2}p_{j}^{0}}}=%
	\frac{e^{-i\vec{p}_{j}\cdot\vec{x}}}{\sqrt{2\pi p_{j}^{0}}}v_{j}(\theta)^{%
	\dagger}\,.\@@ENDINLINEMATH"
	Ψ[[UNKNOWN]] _{j,v,\theta}[[POSTSUBSCRIPT]] ([[OPEN]] x[[UNKNOWN]] ,[[PUNCT]] t[[UNKNOWN]] )[[CLOSE]] ^{\dagger}[[POSTSUPERSCRIPT]]
	        > :[[METARELOP]] =[[RELOP]] ψ[[UNKNOWN]] _{j}[[POSTSUBSCRIPT]] ^{A}[[POSTSUPERSCRIPT]] ([[OPEN]] x[[UNKNOWN]] ,[[PUNCT]] t[[UNKNOWN]] )[[CLOSE]] ^{\dagger}[[POSTSUPERSCRIPT]] \frac{\left|a_{j}^{\dagger}(\theta)\right\rangle}{\sqrt{2\pi^{2}p_{j}^{0}}}[[UNKNOWN]] =[[RELOP]] \frac{e^{-i\vec{p}_{j}\cdot\vec{x}}}{\sqrt{2\pip_{j}^{0}}}[[UNKNOWN]] v[[UNKNOWN]] _{j}[[POSTSUBSCRIPT]] ([[OPEN]] θ[[UNKNOWN]] )[[CLOSE]] ^{\dagger}[[POSTSUPERSCRIPT]]
Warning:not_parsed:PUNCT.UNKNOWN.CLOSE>METARELOP MathParser failed to match rule 'Anything'
	at 0301102.tex; line 749 col 7 - line 749 col 7
	In "$\displaystyle\mathbf{\Psi}_{i,u,\theta}^{A}(x,t):=\psi_{i}^{A}(x,t)\frac{%
	\left|a_{i,-}^{\dagger}(\theta)\right\rangle}{\sqrt{2\pi^{2}p_{i}^{0}}}=\Theta%
	(-x)\left[\Psi_{i,u,\theta}(x,t)+\Psi_{i,u,-\theta}(x,t)R_{i}^{\ast}(\theta)%
	\right]+\Theta(x)T_{{}_{i}}^{\ast}(\theta)\left[\Psi_{i,u,\theta}(x,t)+\Psi_{i%
	,u,-\theta}(x,t)\tilde{R}_{{}_{i}}^{\ast}(-\theta)\right]\@@ENDINLINEMATH"
	Ψ[[UNKNOWN]] _{i,u,\theta}[[POSTSUBSCRIPT]] ^{A}[[POSTSUPERSCRIPT]] ([[OPEN]] x[[UNKNOWN]] ,[[PUNCT]] t[[UNKNOWN]] )[[CLOSE]]
	        > :[[METARELOP]] =[[RELOP]] ψ[[UNKNOWN]] _{i}[[POSTSUBSCRIPT]] ^{A}[[POSTSUPERSCRIPT]] ([[OPEN]] x[[UNKNOWN]] ,[[PUNCT]] t[[UNKNOWN]] )[[CLOSE]] \frac{\left|a_{i,-}^{\dagger}(\theta)\right\rangle}{\sqrt{2\pi^{2}p_{i}^{0}}}[[UNKNOWN]] =[[RELOP]] Θ[[UNKNOWN]] ([[OPEN]] -[[ADDOP]] x[[UNKNOWN]] )[[CLOSE]] \left[[[OPEN]] Ψ[[UNKNOWN]] _{i,u,\theta}[[POSTSUBSCRIPT]] ([[OPEN]] x[[UNKNOWN]] ,[[PUNCT]] t[[UNKNOWN]] )[[CLOSE]] +[[ADDOP]] Ψ[[UNKNOWN]] _{i,u,-\theta}[[POSTSUBSCRIPT]] ([[OPEN]] x[[UNKNOWN]] ,[[PUNCT]] t[[UNKNOWN]] )[[CLOSE]] R[[UNKNOWN]] _{i}[[POSTSUBSCRIPT]] ^{\ast}[[POSTSUPERSCRIPT]] ([[OPEN]] θ[[UNKNOWN]] )[[CLOSE]] \right][[CLOSE]] +[[ADDOP]] Θ[[UNKNOWN]] ([[OPEN]] x[[UNKNOWN]] )[[CLOSE]] T[[UNKNOWN]] _{{}_{i}}[[POSTSUBSCRIPT]] ^{\ast}[[POSTSUPERSCRIPT]] ([[OPEN]] θ[[UNKNOWN]] )[[CLOSE]] ...
Warning:not_parsed:PUNCT.UNKNOWN.CLOSE>RELOP MathParser failed to match rule 'Anything'
	at 0301102.tex; line 795 col 1 - line 795 col 1
	In "$\displaystyle R_{i}(\theta,g,A/e,y)=\tilde{R}_{i}(\theta,g,-A/e,-y)=R_{\bar{%
	\imath}}(\theta,g,A/e,-y)=\tilde{R}_{\bar{\imath}}(\theta,g,-A/e,y)=\quad\frac%
	{[y\dot{A}-\cosh\theta]e^{-2iy\sinh\theta}}{[1-y\dot{A}\cosh\theta]-i\frac{g}{%
	4}[\frac{4}{g^{2}}+1+A^{2}-y^{2}\dot{A}^{2}]\sinh\theta}\,.\@@ENDINLINEMATH"
	... e[[UNKNOWN]] ,[[PUNCT]] y[[UNKNOWN]] )[[CLOSE]] =[[RELOP]] \tilde{R}[[UNKNOWN]] _{i}[[POSTSUBSCRIPT]] ([[OPEN]] θ[[UNKNOWN]] ,[[PUNCT]] g[[UNKNOWN]] ,[[PUNCT]] -[[ADDOP]] A[[UNKNOWN]] /[[MULOP]] e[[UNKNOWN]] ,[[PUNCT]] -[[ADDOP]] y[[UNKNOWN]] )[[CLOSE]] =[[RELOP]] R[[UNKNOWN]] _{\bar{\imath}}[[POSTSUBSCRIPT]] ([[OPEN]] θ[[UNKNOWN]] ,[[PUNCT]] g[[UNKNOWN]] ,[[PUNCT]] A[[UNKNOWN]] /[[MULOP]] e[[UNKNOWN]] ,[[PUNCT]] -[[ADDOP]] y[[UNKNOWN]] )[[CLOSE]] =[[RELOP]] \tilde{R}[[UNKNOWN]] _{\bar{\imath}}[[POSTSUBSCRIPT]] ([[OPEN]] θ[[UNKNOWN]] ,[[PUNCT]] g[[UNKNOWN]] ,[[PUNCT]] -[[ADDOP]] A[[UNKNOWN]] /[[MULOP]] e[[UNKNOWN]] ,[[PUNCT]] y[[UNKNOWN]] )[[CLOSE]]
	        > =[[RELOP]] $\displaystyleR_{i}(\theta,g,A/e,y)=\tilde{R}_{i}(\theta,g,-A/e,-y)=R_{\bar{\imath}}(\theta,g,A/e,-y)=\tilde{R}_{\bar{\imath}}(\theta,g,-A/e,y)=\quad\frac{[y\dot{A}-\cosh\theta]e^{-2iy\sinh\theta}}{[1-y\dot{A}\cosh\theta]-i\frac{g}{4}[\frac{4}{g^{2}}+1+A^{2}-y^{2}\dot{A}^{2}]\sinh\theta}\,.\@@ENDINLINEMATH[[PUNCT]] \frac{[y\dot{A}-\cosh\theta]e^{-2iy\sinh\theta}}{[1-y\dot{A}\cosh\theta]-i\frac{g}{4}[\frac{4}{g^{2}}+1+A^{2}-y^{2}\dot{A}^{2}]\sinh\theta}[[UNKNOWN]]
Warning:not_parsed:ADDOP.UNKNOWN.CLOSE>RELOP MathParser failed to match rule 'Anything'
	at 0301102.tex; line 805 col 1 - line 805 col 1
	In "$\displaystyle T_{i}(\theta,g,A/e,y)=\tilde{T}_{i}(\theta,g,-A/e,-y)=T_{\bar{%
	\imath}}(\theta,g,-A/e,y)=\tilde{T}_{\bar{\imath}}(\theta,g,A/e,-y)=\quad\frac%
	{i\left[1-y^{2}\dot{A}^{2}+(A-\frac{2i}{g})^{2}\right]\sinh\theta}{\frac{4}{g}%
	[1-y\dot{A}\cosh\theta]-i[\frac{4}{g^{2}}+1+A^{2}-y^{2}\dot{A}^{2}]\sinh\theta%
	}\,.\@@ENDINLINEMATH"
	... e[[UNKNOWN]] ,[[PUNCT]] y[[UNKNOWN]] )[[CLOSE]] =[[RELOP]] \tilde{T}[[UNKNOWN]] _{i}[[POSTSUBSCRIPT]] ([[OPEN]] θ[[UNKNOWN]] ,[[PUNCT]] g[[UNKNOWN]] ,[[PUNCT]] -[[ADDOP]] A[[UNKNOWN]] /[[MULOP]] e[[UNKNOWN]] ,[[PUNCT]] -[[ADDOP]] y[[UNKNOWN]] )[[CLOSE]] =[[RELOP]] T[[UNKNOWN]] _{\bar{\imath}}[[POSTSUBSCRIPT]] ([[OPEN]] θ[[UNKNOWN]] ,[[PUNCT]] g[[UNKNOWN]] ,[[PUNCT]] -[[ADDOP]] A[[UNKNOWN]] /[[MULOP]] e[[UNKNOWN]] ,[[PUNCT]] y[[UNKNOWN]] )[[CLOSE]] =[[RELOP]] \tilde{T}[[UNKNOWN]] _{\bar{\imath}}[[POSTSUBSCRIPT]] ([[OPEN]] θ[[UNKNOWN]] ,[[PUNCT]] g[[UNKNOWN]] ,[[PUNCT]] A[[UNKNOWN]] /[[MULOP]] e[[UNKNOWN]] ,[[PUNCT]] -[[ADDOP]] y[[UNKNOWN]] )[[CLOSE]]
	        > =[[RELOP]] $\displaystyleT_{i}(\theta,g,A/e,y)=\tilde{T}_{i}(\theta,g,-A/e,-y)=T_{\bar{\imath}}(\theta,g,-A/e,y)=\tilde{T}_{\bar{\imath}}(\theta,g,A/e,-y)=\quad\frac{i\left[1-y^{2}\dot{A}^{2}+(A-\frac{2i}{g})^{2}\right]\sinh\theta}{\frac{4}{g}[1-y\dot{A}\cosh\theta]-i[\frac{4}{g^{2}}+1+A^{2}-y^{2}\dot{A}^{2}]\sinh\theta}\,.\@@ENDINLINEMATH[[PUNCT]] \frac{i\left[1-y^{2}\dot{A}^{2}+(A-\frac{2i}{g})^{2}\right]\sinh\theta}{\frac{4}{g}[1-y\dot{A}\cosh\theta]-i[\frac{4}{g^{2}}+1+A^{2}-y^{2}\dot{A}^{2}]\sinh\theta}[[UNKNOWN]]
Warning:not_parsed:UNKNOWN>FLOATSUBSCRIPT MathParser failed to match rule 'Anything'
	at 0301102.tex; line 1074 col 0 - line 1075 col 9
	In "$\mu{}_{i}^{l}$"
	μ[[UNKNOWN]]
	        > {}_{i}[[FLOATSUBSCRIPT]] ^{l}[[POSTSUPERSCRIPT]]
Warning:not_parsed:POSTSUPERSCRIPT.UNKNOWN.UNKNOWN>OPEN MathParser failed to match rule 'Anything'
	at 0301102.tex; line 1098 col 2 - line 1098 col 2
	In "$\displaystyle=\sum_{i}\lim_{\Delta\mu_{i}\rightarrow 0}\frac{q_{i}}{2\Delta%
	\mu_{i}}\int\limits_{-\infty}^{\infty}d\theta\left[\rho_{i}^{r}(\theta,T,\mu{}%
	_{i}^{l})-\rho_{i}^{r}(\theta,T,\mu_{i}^{l})\right].\@@ENDINLINEMATH"
	=[[RELOP]] ∑[[SUMOP]] _{i}[[POSTSUBSCRIPT]] lim[[LIMITOP]] _{\Delta\mu_{i}\rightarrow0}[[POSTSUBSCRIPT]] \frac{q_{i}}{2\Delta\mu_{i}}[[UNKNOWN]] ∫[[INTOP]] _{-\infty}[[POSTSUBSCRIPT]] ^{\infty}[[POSTSUPERSCRIPT]] d[[UNKNOWN]] θ[[UNKNOWN]]
	        > \left[[[OPEN]] ρ[[UNKNOWN]] _{i}[[POSTSUBSCRIPT]] ^{r}[[POSTSUPERSCRIPT]] ([[OPEN]] θ[[UNKNOWN]] ,[[PUNCT]] T[[UNKNOWN]] ,[[PUNCT]] μ[[UNKNOWN]] {}_{i}[[FLOATSUBSCRIPT]] ^{l}[[POSTSUPERSCRIPT]] )[[CLOSE]] -[[ADDOP]] ρ[[UNKNOWN]] _{i}[[POSTSUBSCRIPT]] ^{r}[[POSTSUPERSCRIPT]] ([[OPEN]] θ[[UNKNOWN]] ,[[PUNCT]] T[[UNKNOWN]] ,[[PUNCT]] μ[[UNKNOWN]] _{i}[[POSTSUBSCRIPT]] ^{l}[[POSTSUPERSCRIPT]] )[[CLOSE]] \right][[CLOSE]]
Warning:not_parsed:POSTSUPERSCRIPT.UNKNOWN.UNKNOWN>OPEN MathParser failed to match rule 'Anything'
	at 0301102.tex; line 1098 col 7 - line 1101 col 14
	In "$\displaystyle\sum_{i}\lim_{\Delta\mu_{i}\rightarrow 0}\frac{q_{i}}{2\Delta\mu%
	_{i}}\int\limits_{-\infty}^{\infty}d\theta\left[\rho_{i}^{r}(\theta,T,\mu{}_{i%
	}^{l})-\rho_{i}^{r}(\theta,T,\mu_{i}^{l})\right].$"
	∑[[SUMOP]] _{i}[[POSTSUBSCRIPT]] lim[[LIMITOP]] _{\Delta\mu_{i}\rightarrow0}[[POSTSUBSCRIPT]] \frac{q_{i}}{2\Delta\mu_{i}}[[UNKNOWN]] ∫[[INTOP]] _{-\infty}[[POSTSUBSCRIPT]] ^{\infty}[[POSTSUPERSCRIPT]] d[[UNKNOWN]] θ[[UNKNOWN]]
	        > \left[[[OPEN]] ρ[[UNKNOWN]] _{i}[[POSTSUBSCRIPT]] ^{r}[[POSTSUPERSCRIPT]] ([[OPEN]] θ[[UNKNOWN]] ,[[PUNCT]] T[[UNKNOWN]] ,[[PUNCT]] μ[[UNKNOWN]] {}_{i}[[FLOATSUBSCRIPT]] ^{l}[[POSTSUPERSCRIPT]] )[[CLOSE]] -[[ADDOP]] ρ[[UNKNOWN]] _{i}[[POSTSUBSCRIPT]] ^{r}[[POSTSUPERSCRIPT]] ([[OPEN]] θ[[UNKNOWN]] ,[[PUNCT]] T[[UNKNOWN]] ,[[PUNCT]] μ[[UNKNOWN]] _{i}[[POSTSUBSCRIPT]] ^{l}[[POSTSUPERSCRIPT]] )[[CLOSE]] \right][[CLOSE]]
Warning:not_parsed:MULOP.NUMBER.CLOSE>CLOSE MathParser failed to match rule 'Anything'
	at 0301102.tex; line 1194 col 70 - line 1194 col 70
	In "\begin{equation}\frac{d\varepsilon_{i}(0,r,\mu_{i}/2)}{d\mu_{k}}=-\frac{r}{2}%
	\delta_{ik}+\sum_{j}N_{ij}\frac{1}{1+\exp\varepsilon_{j}(0,r,\mu_{i}/2)]}\frac%
	{d\varepsilon_{j}(0,r,\mu_{j}/2)}{d\mu_{k}}\,,\end{equation}"
	1[[NUMBER]] +[[ADDOP]] exp[[OPFUNCTION]] ε[[UNKNOWN]] _{j}[[POSTSUBSCRIPT]] ([[OPEN]] 0[[NUMBER]] ,[[PUNCT]] r[[UNKNOWN]] ,[[PUNCT]] μ[[UNKNOWN]] _{i}[[POSTSUBSCRIPT]] /[[MULOP]] 2[[NUMBER]] )[[CLOSE]]
	        > ][[CLOSE]]
 31.81 sec)
Math parsing succeeded:
   ltx:XMath: 522/530
   ltx:XMArg: 2316/2317
Symbols assumed as simple identifiers (with # of occurences):
   'A{italic}' (74), 'B{italic}' (4), 'Delta' (16), 'D{caligraphic}' (14), 'D{italic}' (3), 'E{italic}' (44), 'G{italic}' (8), 'H{italic}' (1), 'I{blackboard}' (28), 'I{italic}' (18), 'J{italic}' (2), 'K{italic}' (4), 'L{caligraphic}' (4), 'M{caligraphic}' (4), 'M{italic}' (8), 'N{italic}' (6), 'Omega' (20), 'Phi' (4), 'Psi' (22), 'R{caligraphic}' (2), 'R{italic}' (89), 'S{italic}' (35), 'Theta' (16), 'T{caligraphic}' (11), 'T{italic}' (111), 'U{italic}' (22), 'W' (1), 'X{caligraphic}' (1), 'Y{italic}' (2), 'Z{blackboard}' (1), 'Z{italic}' (2), 'alpha' (71), 'and' (2), 'a{italic}' (53), 'beta' (27), 'cm' (1), 'c{italic}' (16), 'delta' (17), 'd{italic}' (48), 'ell' (19), 'epsilon' (9), 'e{italic}' (80), 'for' (1), 'f{italic}' (5), 'gamma' (31), 'g{italic}' (221), 'h{italic}' (2), 'i{italic}' (116), 'j{italic}' (74), 'k{italic}' (97), 'lambda' (2), 'l{italic}' (32), 'mu' (78), 'm{italic}' (36), 'nu' (9), 'n{italic}' (27), 'omega' (41), 'pi' (31), 'psi' (55), 'p{italic}' (45), 'q{italic}' (29), 'rho' (26), 'r{italic}' (52), 's{italic}' (11), 'tau' (16), 'theta' (555), 't{italic}' (120), 'u{italic}' (23), 'varepsilon' (42), 'varphi' (3), 'v{italic}' (9), 'with' (2), 'x{italic}' (99), 'y{italic}' (55)
Set MATHPARSER_SPECULATE to speculate on possible notations.
(Finalizing... 2.74 sec)
Conversion complete 10 warnings; 1 missing file[ws.cls] (See /home/user/latex-in-arxiv/0301102.latexml.log) (reqd. 55.51s)
