latexmlpost (LaTeXML version 0.8.6) paginating /home/user/latex-in-arxiv/2003/0301005.xml
Error:malformed:document Document fails RelaxNG validation (LaTeXML)
	Validation reports: /home/user/latex-in-arxiv/2003/0301005.xml:0: Relax-NG validity error : Element document has extra content: resource
	(Jing may provide a more precise report; https://relaxng.org/jclark/jing.html)
	In Post::Document[] /home/user/latex-in-arxiv/2003/0301005.xml
(post-processing...
(Scan  processing...
Scan: DBStatus: 1332/0 objects
 0.18 sec)
(MakeBibliography  processing... 0.00 sec)
(CrossRef  processing...
Warning:expected:ids Missing File location for ID: S5.E11,bib.bib21,S2.E10,bib.bib24,S6,bib.bib28,S4,S6.E4,S3.T2,bib.bib30,bib.bib12,bib.bib2,S10.T5,bib.bib37,bib.bib19,bib.bib13,S2.E8,S3.E4,bib.bib16,bib.bib45,S9,S3.E1,S3,bib.bib41,S3.E2,S2,S5.E6,bib.bib48,bib.bib44,S5.E9,bib.bib10,S5.E7,S5.E3,bib.bib32,bib.bib4,S6.T4,S1,bib.bib17,bib.bib39,S3.T1,S5.E5,S6.E8,S6.E2,bib.bib33,bib.bib6,bib.bib25,bib.bib36,S10,bib.bib22,S6.E9,bib.bib1,bib.bib40,bib.bib18,bib.bib14,S5.E10,S8,S7.E2,S6.E6,S2.E11,bib.bib11,S5.SS2,bib.bib35,bib.bib26,bib.bib23,bib.bib29,bib.bib47,bib.bib9,S5.SS1,bib.bib3,bib.bib42,bib.bib20,S2.E9,bib.bib38,bib.bib34,bib.bib5,S6.T3,S5,S2.E6,S5.SS3,bib.bib31,bib.bib46,bib.bib15,bib.bib7,bib.bib43,S7.E1,S7,S2.E5,bib.bib8,bib.bib49,bib.bib27
	In Post::CrossRef[@0x55d31fd22e60] ->process
 0.15 sec)
(SVG  4 to process...
(Loading compiled schema /usr/share/perl5/LaTeXML/resources/RelaxNG/LaTeXML.model... 0.01 sec) 0.02 sec)
(MathML::Presentation  456 to process...
converted 456 Maths
 0.88 sec)
(XSLT[using LaTeXML-html5.xsl]  processing... 0.22 sec)
(Writer  processing... 0.00 sec) 1.47 sec)
Postprocessing complete 1 warning; 1 error (See /home/user/latex-in-arxiv/0301005.latexmlpost.log) (reqd. 1.61s)
