latexml (LaTeXML version 0.8.6) processing 2003/0301200_cleaned.tex
(Digesting TeX 0301200_cleaned...
(Loading /usr/share/perl5/LaTeXML/Package/TeX.pool.ltxml...
(Loading /usr/share/perl5/LaTeXML/Package/eTeX.pool.ltxml... 0.00 sec)
(Loading /usr/share/perl5/LaTeXML/Package/pdfTeX.pool.ltxml... 0.01 sec) 0.20 sec)
(Processing content /home/user/latex-in-arxiv/2003/0301200_cleaned.tex...
(Loading /usr/share/perl5/LaTeXML/Package/LaTeX.pool.ltxml...
(Loading /usr/share/perl5/LaTeXML/Package/textcomp.sty.ltxml...
(Processing definitions /usr/share/texlive/texmf-dist/tex/latex-dev/base/ts1enc.dfu... 0.04 sec) 1.58 sec) 1.88 sec)
(Loading /usr/share/perl5/LaTeXML/Package/article.cls.ltxml... 0.01 sec)
(Loading /usr/share/perl5/LaTeXML/Package/amssymb.sty.ltxml...
(Loading /usr/share/perl5/LaTeXML/Package/amsfonts.sty.ltxml... 0.00 sec) 0.03 sec)
(Loading /usr/share/perl5/LaTeXML/Package/amsthm.sty.ltxml... 0.01 sec) 12.21 sec) 12.50 sec)
(Building...
(Loading compiled schema /usr/share/perl5/LaTeXML/resources/RelaxNG/LaTeXML.model... 0.01 sec) 13.07 sec)
(Rewriting... 0.31 sec)
(Math Parsing 808 formulae ......
Warning:not_parsed:PUNCT.NUMBER.CLOSE>RELOP MathParser failed to match rule 'Anything'
	at 0301200_cleaned.tex; line 636 col 38 - line 638 col 29
	In "\begin{equation}su(1,1)=\{L_{0}\equiv L^{1}_{0}=\frac{1}{2}a\bar{a},\,L_{+}%
	\equiv L^{1}_{1}=\frac{1}{2}a^{2},\,L_{-}\equiv L^{1}_{-1}=\frac{1}{2}\bar{a}^%
	{2}\},\end{equation}"
	s[[UNKNOWN]] u[[UNKNOWN]] ([[OPEN]] 1[[NUMBER]] ,[[PUNCT]] 1[[NUMBER]] )[[CLOSE]]
	        > =[[RELOP]] \{[[OPEN]] L[[UNKNOWN]] _{0}[[POSTSUBSCRIPT]] ≡[[RELOP]] L[[UNKNOWN]] ^{1}[[POSTSUPERSCRIPT]] _{0}[[POSTSUBSCRIPT]] =[[RELOP]] \frac{1}{2}[[UNKNOWN]] a[[UNKNOWN]] \bar{a}[[UNKNOWN]] ,[[PUNCT]] L[[UNKNOWN]] _{+}[[POSTSUBSCRIPT]] ≡[[RELOP]] L[[UNKNOWN]] ^{1}[[POSTSUPERSCRIPT]] _{1}[[POSTSUBSCRIPT]] =[[RELOP]] \frac{1}{2}[[UNKNOWN]] a[[UNKNOWN]] ^{2}[[POSTSUPERSCRIPT]] ,[[PUNCT]] L[[UNKNOWN]] _{-}[[POSTSUBSCRIPT]] ≡[[RELOP]] L[[UNKNOWN]] ^{1}[[POSTSUPERSCRIPT]] _{-1}[[POSTSUBSCRIPT]] =[[RELOP]] \frac{1}{2}[[UNKNOWN]] \bar{a}[[UNKNOWN]] ^{2}[[POSTSUPERSCRIPT]] \}[[CLOSE]]
Warning:not_parsed:>OPEN MathParser failed to match rule 'Anything'
	at 0301200_cleaned.tex; line 696 col 36 - line 696 col 36
	In "$\displaystyle\hat{L}^{I}_{\pm|m|}\sim\underbrace{\left[\hat{L}_{\mp},\left[%
	\hat{L}_{\mp},\dots\left[\hat{L}_{\mp},\right.\right.\right.}_{I-|m|\,\,{\rm
	times%
	}}\left.\left.\left.(\hat{L}_{\pm})^{I}\right]\dots\right]\right]=({\rm ad}_{%
	\hat{L}_{\mp}})^{I-|m|}(\hat{L}_{\pm})^{I}\sim\hat{L}_{0}^{I-|m|}\hat{L}_{\pm}%
	^{|m|}+{\rm O}(\hbar),\@@ENDINLINEMATH"
	> \left[[[OPEN]] \hat{L}[[UNKNOWN]] _{\mp}[[POSTSUBSCRIPT]] ,[[PUNCT]] \left[[[OPEN]] \hat{L}[[UNKNOWN]] _{\mp}[[POSTSUBSCRIPT]] ,[[PUNCT]] \dots[[ID]] \left[[[OPEN]] \hat{L}[[UNKNOWN]] _{\mp}[[POSTSUBSCRIPT]] ,[[PUNCT]]
Warning:not_parsed:POSTSUBSCRIPT.CLOSE.POSTSUPERSCRIPT>CLOSE MathParser failed to match rule 'Anything'
	at 0301200_cleaned.tex; line 694 col 4 - line 694 col 4
	\hat{L}[[UNKNOWN]] ^{I}[[POSTSUPERSCRIPT]] _{\pm|m|}[[POSTSUBSCRIPT]] ∼[[RELOP]] \underbrace{\left[\hat{L}_{\mp},\left[\hat{L}_{\mp},\dots\left[\hat{L}_{\mp},\right.\right.\right.}[[UNKNOWN]] _{I-|m|\,\,{\rmtimes}}[[POSTSUBSCRIPT]] ([[OPEN]] \hat{L}[[UNKNOWN]] _{\pm}[[POSTSUBSCRIPT]] )[[CLOSE]] ^{I}[[POSTSUPERSCRIPT]]
	        > \right][[CLOSE]] \dots[[ID]] \right][[CLOSE]] \right][[CLOSE]] =[[RELOP]] ([[OPEN]] ad[[UNKNOWN]] _{\hat{L}_{\mp}}[[POSTSUBSCRIPT]] )[[CLOSE]] ^{I-|m|}[[POSTSUPERSCRIPT]] ([[OPEN]] \hat{L}[[UNKNOWN]] _{\pm}[[POSTSUBSCRIPT]] )[[CLOSE]] ^{I}[[POSTSUPERSCRIPT]] ∼[[RELOP]] \hat{L}[[UNKNOWN]] _{0}[[POSTSUBSCRIPT]] ^{I-|m|}[[POSTSUPERSCRIPT]] \hat{L}[[UNKNOWN]] _{\pm}[[POSTSUBSCRIPT]] ^{|m|}[[POSTSUPERSCRIPT]] +[[ADDOP]] O[[UNKNOWN]] ([[OPEN]] ℏ[[ID]] )[[CLOSE]]
Warning:not_parsed:>OPEN MathParser failed to match rule 'Anything'
	at 0301200_cleaned.tex; line 696 col 36 - line 696 col 36
	In "$\displaystyle\underbrace{\left[\hat{L}_{\mp},\left[\hat{L}_{\mp},\dots\left[%
	\hat{L}_{\mp},\right.\right.\right.}_{I-|m|\,\,{\rm times}}\left.\left.\left.(%
	\hat{L}_{\pm})^{I}\right]\dots\right]\right]=({\rm ad}_{\hat{L}_{\mp}})^{I-|m|%
	}(\hat{L}_{\pm})^{I}$"
	> \left[[[OPEN]] \hat{L}[[UNKNOWN]] _{\mp}[[POSTSUBSCRIPT]] ,[[PUNCT]] \left[[[OPEN]] \hat{L}[[UNKNOWN]] _{\mp}[[POSTSUBSCRIPT]] ,[[PUNCT]] \dots[[ID]] \left[[[OPEN]] \hat{L}[[UNKNOWN]] _{\mp}[[POSTSUBSCRIPT]] ,[[PUNCT]]
Warning:not_parsed:POSTSUBSCRIPT.CLOSE.POSTSUPERSCRIPT>CLOSE MathParser failed to match rule 'Anything'
	at 0301200_cleaned.tex; line 694 col 37 - line 700 col 1
	\underbrace{\left[\hat{L}_{\mp},\left[\hat{L}_{\mp},\dots\left[\hat{L}_{\mp},\right.\right.\right.}[[UNKNOWN]] _{I-|m|\,\,{\rmtimes}}[[POSTSUBSCRIPT]] ([[OPEN]] \hat{L}[[UNKNOWN]] _{\pm}[[POSTSUBSCRIPT]] )[[CLOSE]] ^{I}[[POSTSUPERSCRIPT]]
	        > \right][[CLOSE]] \dots[[ID]] \right][[CLOSE]] \right][[CLOSE]] =[[RELOP]] ([[OPEN]] ad[[UNKNOWN]] _{\hat{L}_{\mp}}[[POSTSUBSCRIPT]] )[[CLOSE]] ^{I-|m|}[[POSTSUPERSCRIPT]] ([[OPEN]] \hat{L}[[UNKNOWN]] _{\pm}[[POSTSUBSCRIPT]] )[[CLOSE]] ^{I}[[POSTSUPERSCRIPT]]
 21.75 sec)
Math parsing succeeded:
   ltx:XMath: 805/808
   ltx:XMArg: 2585/2587
Symbols assumed as simple identifiers (with # of occurences):
   'A{italic}' (39), 'C{blackboard}' (4), 'C{italic}' (43), 'Delta' (2), 'D{italic}' (4), 'F{italic}' (13), 'Gamma' (11), 'G{caligraphic}' (43), 'G{italic}' (17), 'Ham' (1), 'H{caligraphic}' (1), 'H{italic}' (6), 'I{blackboard}' (8), 'I{caligraphic}' (7), 'I{italic}' (105), 'J{italic}' (50), 'K{italic}' (10), 'LHam' (5), 'Lambda' (39), 'L{caligraphic}' (39), 'L{italic}' (175), 'Mat' (1), 'M{italic}' (1), 'N{blackboard}' (3), 'N{italic}' (213), 'O' (8), 'Omega' (9), 'O{caligraphic}' (43), 'O{italic}' (5), 'Psi' (31), 'P{italic}' (12), 'Q{italic}' (7), 'R{blackboard}' (10), 'S{caligraphic}' (1), 'S{italic}' (62), 'Theta' (5), 'T{italic}' (13), 'Upsilon' (5), 'U{caligraphic}' (9), 'U{italic}' (83), 'V{italic}' (6), 'W{caligraphic}' (21), 'W{italic}' (6), 'X{italic}' (3), 'Y{italic}' (21), 'Z{blackboard}' (8), 'ad' (4), 'alpha' (239), 'a{italic}' (22), 'beta' (184), 'blacksquare' (3), 'chi' (2), 'c{italic}' (68), 'd' (4), 'delta' (43), 'diag' (1), 'dim' (2), 'd{italic}' (35), 'ell' (27), 'epsilon' (1), 'e{italic}' (20), 'f{italic}' (19), 'gamma' (8), 'g{italic}' (19), 'if' (2), 'imath' (4), 'i{italic}' (61), 'jmath' (4), 'j{italic}' (12), 'kappa' (3), 'k{italic}' (16), 'lambda' (26), 'l{italic}' (28), 'mu' (15), 'm{italic}' (139), 'no' (1), 'nu' (29), 'n{italic}' (84), 'omega' (1), 'on' (1), 'phi' (3), 'pi' (15), 'psi' (26), 'p{italic}' (3), 'q{italic}' (8), 'rho' (3), 'r{italic}' (33), 'sdiff' (12), 'sigma' (17), 'sign' (2), 'sum' (1), 's{italic}' (64), 'tau' (4), 'theta' (4), 'times' (2), 't{italic}' (1), 'u{italic}' (74), 'varphi' (21), 'vartheta' (28), 'with' (1), 'w{italic}' (13), 'x{italic}' (59), 'y{italic}' (9), 'z{italic}' (49), '¯' (26)
Set MATHPARSER_SPECULATE to speculate on possible notations.
(Finalizing... 1.75 sec)
Conversion complete 5 warnings (See /home/user/latex-in-arxiv/0301200_cleaned.latexml.log) (reqd. 50.60s)
