latexml (LaTeXML version 0.8.6) processing 2003/0301063.tex
(Digesting TeX 0301063...
(Loading /usr/share/perl5/LaTeXML/Package/TeX.pool.ltxml...
(Loading /usr/share/perl5/LaTeXML/Package/eTeX.pool.ltxml... 0.00 sec)
(Loading /usr/share/perl5/LaTeXML/Package/pdfTeX.pool.ltxml... 0.01 sec) 0.11 sec)
(Processing content /home/user/latex-in-arxiv/2003/0301063.tex...
(Loading /usr/share/perl5/LaTeXML/Package/LaTeX.pool.ltxml...
(Loading /usr/share/perl5/LaTeXML/Package/textcomp.sty.ltxml...
(Processing definitions /usr/share/texlive/texmf-dist/tex/latex-dev/base/ts1enc.dfu... 0.02 sec) 0.86 sec) 1.02 sec)
(Loading /usr/share/perl5/LaTeXML/Package/article.cls.ltxml... 0.01 sec)
(Loading /usr/share/perl5/LaTeXML/Package/amssymb.sty.ltxml...
(Loading /usr/share/perl5/LaTeXML/Package/amsfonts.sty.ltxml... 0.00 sec) 0.01 sec)
(Loading /usr/share/perl5/LaTeXML/Package/amsmath.sty.ltxml...
(Loading /usr/share/perl5/LaTeXML/Package/amsbsy.sty.ltxml...
(Loading /usr/share/perl5/LaTeXML/Package/amsgen.sty.ltxml... 0.00 sec) 0.01 sec)
(Loading /usr/share/perl5/LaTeXML/Package/amstext.sty.ltxml... 0.00 sec)
(Loading /usr/share/perl5/LaTeXML/Package/amsopn.sty.ltxml... 0.00 sec) 0.04 sec) 3.61 sec) 3.73 sec)
(Building...
(Loading compiled schema /usr/share/perl5/LaTeXML/resources/RelaxNG/LaTeXML.model... 0.01 sec)
Info:malformed:id Duplicated attribute xml:id
	at 0301063.tex; line 514 col 1 - line 514 col 1
	Using id='S4.E5.3a' on <ltx:XMRow _box="Alignment[]" _font="Font[math,medium,italic,12,bla..."/>
	id='S4.E5.3' already set on <ltx:equation _box="LaTeXML::Core::Alignment=HASH(..." _font="Font[serif,medium,upright,12,b..." xml:id="S4.E5.3" _ID_counter_m_="3">...
Info:malformed:id Duplicated attribute xml:id
	at 0301063.tex; line 519 col 1 - line 519 col 1
	Using id='S4.E5.6a' on <ltx:XMRow _box="Alignment[]" _font="Font[math,medium,italic,12,bla..."/>
	id='S4.E5.6' already set on <ltx:equation _box="LaTeXML::Core::Alignment=HASH(..." _font="Font[serif,medium,upright,12,b..." xml:id="S4.E5.6" _ID_counter_m_="3">...
Info:malformed:id Duplicated attribute xml:id
	at 0301063.tex; line 751 col 0 - line 751 col 13
	Using id='S4.Ex1a' on <ltx:equation _box="Alignment[]" _font="Font[serif,medium,upright,12,b..."/>
	id='S4.Ex1' already set on <ltx:equation _box="LaTeXML::Core::Alignment=HASH(..." _font="Font[serif,medium,upright,12,b..." xml:id="S4.Ex1" _ID_counter_m_="6">...
 3.24 sec)
(Rewriting... 0.14 sec)
(Math Parsing 403 formulae ......
Warning:not_parsed:POSTSUBSCRIPT.ADDOP.UNKNOWN>OPEN MathParser failed to match rule 'Anything'
	at 0301063.tex; line 368 col 35 - line 368 col 55
	In "$\Omega=\psi_{3}-i(*\psi_{3})$"
	Ω[[UNKNOWN]] =[[RELOP]] ψ[[UNKNOWN]] _{3}[[POSTSUBSCRIPT]] -[[ADDOP]] i[[UNKNOWN]]
	        > ([[OPEN]] *[[MULOP]] ψ[[UNKNOWN]] _{3}[[POSTSUBSCRIPT]] )[[CLOSE]]
Warning:not_parsed:ATOM.ATOM.UNKNOWN>OPEN MathParser failed to match rule 'Anything'
	at 0301063.tex; line 423 col 7 - line 423 col 7
	In "$\displaystyle\beta\,d\varphi=\frac{1}{2}\check{F}\lrcorner\,(*\psi_{3}),\@@ENDINLINEMATH"
	β[[UNKNOWN]] d[[UNKNOWN]] φ[[UNKNOWN]] =[[RELOP]] \frac{1}{2}[[UNKNOWN]] \check{F}[[UNKNOWN]] ⌟[[UNKNOWN]]
	        > ([[OPEN]] *[[MULOP]] ψ[[UNKNOWN]] _{3}[[POSTSUBSCRIPT]] )[[CLOSE]]
Warning:not_parsed:ATOM.ATOM.UNKNOWN>OPEN MathParser failed to match rule 'Anything'
	at 0301063.tex; line 423 col 21 - line 426 col 11
	In "$\displaystyle=\frac{1}{2}\check{F}\lrcorner\,(*\psi_{3}),$"
	=[[RELOP]] \frac{1}{2}[[UNKNOWN]] \check{F}[[UNKNOWN]] ⌟[[UNKNOWN]]
	        > ([[OPEN]] *[[MULOP]] ψ[[UNKNOWN]] _{3}[[POSTSUBSCRIPT]] )[[CLOSE]]
Warning:not_parsed:POSTSUBSCRIPT.RELOP.NUMBER>PUNCT MathParser failed to match rule 'Anything'
	at 0301063.tex; line 489 col 0 - line 493 col 14
	In "\begin{equation}X_{2}\lrcorner_{g_{Y}}\Phi=0,\qquad\Phi\lrcorner_{g_{Y}}X_{3}=%
	0,\qquad(*\Phi)\lrcorner_{g_{Y}}X_{3}=0,\end{equation}"
	X[[UNKNOWN]] _{2}[[POSTSUBSCRIPT]] ⌟[[UNKNOWN]] _{g_{Y}}[[POSTSUBSCRIPT]] Φ[[UNKNOWN]] =[[RELOP]] 0[[NUMBER]] ,[[PUNCT]] Φ[[UNKNOWN]] ⌟[[UNKNOWN]] _{g_{Y}}[[POSTSUBSCRIPT]] X[[UNKNOWN]] _{3}[[POSTSUBSCRIPT]] =[[RELOP]] 0[[NUMBER]]
	        > ,[[PUNCT]] ([[OPEN]] *[[MULOP]] Φ[[UNKNOWN]] )[[CLOSE]] ⌟[[UNKNOWN]] _{g_{Y}}[[POSTSUBSCRIPT]] X[[UNKNOWN]] _{3}[[POSTSUBSCRIPT]] =[[RELOP]] 0[[NUMBER]]
Warning:not_parsed:UNKNOWN>OPEN MathParser failed to match rule 'Anything'
	at 0301063.tex; line 497 col 37 - line 497 col 45
	In "$d(*\Phi)$"
	d[[UNKNOWN]]
	        > ([[OPEN]] *[[MULOP]] Φ[[UNKNOWN]] )[[CLOSE]]
Warning:not_parsed:RELOP.UNKNOWN.POSTSUBSCRIPT>OPEN MathParser failed to match rule 'Anything'
	at 0301063.tex; line 500 col 1 - line 500 col 1
	In "$\displaystyle d\Phi=X_{1}(*\Phi)+X_{4}\wedge\Phi+X_{3},\@@ENDINLINEMATH"
	d[[UNKNOWN]] Φ[[UNKNOWN]] =[[RELOP]] X[[UNKNOWN]] _{1}[[POSTSUBSCRIPT]]
	        > ([[OPEN]] *[[MULOP]] Φ[[UNKNOWN]] )[[CLOSE]] +[[ADDOP]] X[[UNKNOWN]] _{4}[[POSTSUBSCRIPT]] ∧[[ADDOP]] Φ[[UNKNOWN]] +[[ADDOP]] X[[UNKNOWN]] _{3}[[POSTSUBSCRIPT]]
Warning:not_parsed:UNKNOWN.POSTSUBSCRIPT>OPEN MathParser failed to match rule 'Anything'
	at 0301063.tex; line 500 col 11 - line 501 col 1
	In "$\displaystyle X_{1}(*\Phi)+X_{4}\wedge\Phi+X_{3},$"
	X[[UNKNOWN]] _{1}[[POSTSUBSCRIPT]]
	        > ([[OPEN]] *[[MULOP]] Φ[[UNKNOWN]] )[[CLOSE]] +[[ADDOP]] X[[UNKNOWN]] _{4}[[POSTSUBSCRIPT]] ∧[[ADDOP]] Φ[[UNKNOWN]] +[[ADDOP]] X[[UNKNOWN]] _{3}[[POSTSUBSCRIPT]]
Warning:not_parsed:UNKNOWN>OPEN MathParser failed to match rule 'Anything'
	at 0301063.tex; line 501 col 1 - line 501 col 1
	In "$\displaystyle d(*\Phi)=\frac{4}{3}X_{4}\wedge(*\Phi)+X_{2}\wedge\Phi.\@@ENDINLINEMATH"
	d[[UNKNOWN]]
	        > ([[OPEN]] *[[MULOP]] Φ[[UNKNOWN]] )[[CLOSE]] =[[RELOP]] \frac{4}{3}[[UNKNOWN]] X[[UNKNOWN]] _{4}[[POSTSUBSCRIPT]] ∧[[ADDOP]] ([[OPEN]] *[[MULOP]] Φ[[UNKNOWN]] )[[CLOSE]] +[[ADDOP]] X[[UNKNOWN]] _{2}[[POSTSUBSCRIPT]] ∧[[ADDOP]] Φ[[UNKNOWN]]
Warning:not_parsed:UNKNOWN>OPEN MathParser failed to match rule 'Anything'
	at 0301063.tex; line 501 col 1 - line 501 col 10
	In "$\displaystyle d(*\Phi)$"
	d[[UNKNOWN]]
	        > ([[OPEN]] *[[MULOP]] Φ[[UNKNOWN]] )[[CLOSE]]
Warning:not_parsed:UNKNOWN.POSTSUBSCRIPT.ADDOP>OPEN MathParser failed to match rule 'Anything'
	at 0301063.tex; line 501 col 18 - line 503 col 14
	In "$\displaystyle\frac{4}{3}X_{4}\wedge(*\Phi)+X_{2}\wedge\Phi.$"
	\frac{4}{3}[[UNKNOWN]] X[[UNKNOWN]] _{4}[[POSTSUBSCRIPT]] ∧[[ADDOP]]
	        > ([[OPEN]] *[[MULOP]] Φ[[UNKNOWN]] )[[CLOSE]] +[[ADDOP]] X[[UNKNOWN]] _{2}[[POSTSUBSCRIPT]] ∧[[ADDOP]] Φ[[UNKNOWN]]
Warning:not_parsed:UNKNOWN.RELOP.NUMBER>PUNCT MathParser failed to match rule 'Anything'
	at 0301063.tex; line 512 col 1 - line 512 col 1
	In "$\displaystyle X_{2}\lrcorner_{g_{Y}}\Phi=0\quad\Leftrightarrow\left\{\begin{%
	array}[]{r@{~=~}l}\hidden@noalign{}\hfil e^{\alpha\varphi}Y_{2}\lrcorner_{g_{X%
	}}\psi_{3}+Z_{2}\lrcorner_{g_{X}}J~{}=~{}&0,\\
	\hidden@noalign{}\hfil J\lrcorner_{g_{X}}Y_{2}~{}=~{}&0,\\
	\end{array}\right.\@@ENDINLINEMATH"
	X[[UNKNOWN]] _{2}[[POSTSUBSCRIPT]] ⌟[[UNKNOWN]] _{g_{Y}}[[POSTSUBSCRIPT]] Φ[[UNKNOWN]] =[[RELOP]] 0[[NUMBER]]
	        > $\displaystyleX_{2}\lrcorner_{g_{Y}}\Phi=0\quad\Leftrightarrow\left\{\begin{array}[]{r@{~=~}l}\hidden@noalign{}\hfile^{\alpha\varphi}Y_{2}\lrcorner_{g_{X}}\psi_{3}+Z_{2}\lrcorner_{g_{X}}J~{}=~{}&0,\\
	\hidden@noalign{}\hfilJ\lrcorner_{g_{X}}Y_{2}~{}=~{}&0,\\
	\end{array}\right.\@@ENDINLINEMATH[[PUNCT]] ⇔[[METARELOP]] \left\{[[OPEN]] Alignment[][[ARRAY]]
Warning:not_parsed:POSTSUBSCRIPT.RELOP.NUMBER>PUNCT MathParser failed to match rule 'Anything'
	at 0301063.tex; line 517 col 4 - line 517 col 4
	In "$\displaystyle\Phi\lrcorner_{g_{Y}}X_{3}=0\quad\Leftrightarrow\left\{\begin{%
	array}[]{r@{~=~}l}\hidden@noalign{}\hfil e^{\alpha\varphi}\psi_{3}\lrcorner_{g%
	_{X}}Y_{3}-J\lrcorner_{g_{X}}Z_{3}~{}=~{}&0,\\
	\hidden@noalign{}\hfil\psi_{3}\lrcorner_{g_{X}}Z_{3}~{}=~{}&0,\\
	\end{array}\right.\@@ENDINLINEMATH"
	Φ[[UNKNOWN]] ⌟[[UNKNOWN]] _{g_{Y}}[[POSTSUBSCRIPT]] X[[UNKNOWN]] _{3}[[POSTSUBSCRIPT]] =[[RELOP]] 0[[NUMBER]]
	        > $\displaystyle\Phi\lrcorner_{g_{Y}}X_{3}=0\quad\Leftrightarrow\left\{\begin{array}[]{r@{~=~}l}\hidden@noalign{}\hfile^{\alpha\varphi}\psi_{3}\lrcorner_{g_{X}}Y_{3}-J\lrcorner_{g_{X}}Z_{3}~{}=~{}&0,\\
	\hidden@noalign{}\hfil\psi_{3}\lrcorner_{g_{X}}Z_{3}~{}=~{}&0,\\
	\end{array}\right.\@@ENDINLINEMATH[[PUNCT]] ⇔[[METARELOP]] \left\{[[OPEN]] Alignment[][[ARRAY]]
Warning:not_parsed:>OPEN MathParser failed to match rule 'Anything'
	at 0301063.tex; line 522 col 1 - line 522 col 1
	In "$\displaystyle(*\Phi)\lrcorner_{g_{Y}}X_{3}=0\quad\Leftrightarrow\frac{1}{2}e^%
	{\alpha\varphi}J^{2}\lrcorner_{g_{X}}Y_{3}+(*\psi_{3})\lrcorner_{g_{X}}Z_{3}=0.\@@ENDINLINEMATH"
	> ([[OPEN]] *[[MULOP]] Φ[[UNKNOWN]] )[[CLOSE]] ⌟[[UNKNOWN]] _{g_{Y}}[[POSTSUBSCRIPT]] X[[UNKNOWN]] _{3}[[POSTSUBSCRIPT]] =[[RELOP]] 0[[NUMBER]] $\displaystyle(*\Phi)\lrcorner_{g_{Y}}X_{3}=0\quad\Leftrightarrow\frac{1}{2}e^{\alpha\varphi}J^{2}\lrcorner_{g_{X}}Y_{3}+(*\psi_{3})\lrcorner_{g_{X}}Z_{3}=0.\@@ENDINLINEMATH[[PUNCT]] ⇔[[METARELOP]] \frac{1}{2}[[UNKNOWN]] e[[UNKNOWN]] ^{\alpha\varphi}[[POSTSUPERSCRIPT]] J[[UNKNOWN]] ^{2}[[POSTSUPERSCRIPT]] ⌟[[UNKNOWN]] _{g_{X}}[[POSTSUBSCRIPT]] Y[[UNKNOWN]] _{3}[[POSTSUBSCRIPT]] +[[ADDOP]] ([[OPEN]] *[[MULOP]] ψ[[UNKNOWN]] _{3}[[POSTSUBSCRIPT]] )[[CLOSE]] ⌟[[UNKNOWN]] _{g_{X}}[[POSTSUBSCRIPT]] Z[[UNKNOWN]] _{3}[[POSTSUBSCRIPT]] =[[RELOP]] 0[[NUMBER]]
Warning:not_parsed:>OPEN MathParser failed to match rule 'Anything'
	at 0301063.tex; line 522 col 1 - line 522 col 29
	In "$\displaystyle(*\Phi)\lrcorner_{g_{Y}}X_{3}$"
	> ([[OPEN]] *[[MULOP]] Φ[[UNKNOWN]] )[[CLOSE]] ⌟[[UNKNOWN]] _{g_{Y}}[[POSTSUBSCRIPT]] X[[UNKNOWN]] _{3}[[POSTSUBSCRIPT]]
Warning:not_parsed:UNKNOWN.POSTSUBSCRIPT.ADDOP>OPEN MathParser failed to match rule 'Anything'
	at 0301063.tex; line 523 col 5 - line 525 col 14
	In "$\displaystyle\frac{1}{2}e^{\alpha\varphi}J^{2}\lrcorner_{g_{X}}Y_{3}+(*\psi_{%
	3})\lrcorner_{g_{X}}Z_{3}=0.$"
	\frac{1}{2}[[UNKNOWN]] e[[UNKNOWN]] ^{\alpha\varphi}[[POSTSUPERSCRIPT]] J[[UNKNOWN]] ^{2}[[POSTSUPERSCRIPT]] ⌟[[UNKNOWN]] _{g_{X}}[[POSTSUBSCRIPT]] Y[[UNKNOWN]] _{3}[[POSTSUBSCRIPT]] +[[ADDOP]]
	        > ([[OPEN]] *[[MULOP]] ψ[[UNKNOWN]] _{3}[[POSTSUBSCRIPT]] )[[CLOSE]] ⌟[[UNKNOWN]] _{g_{X}}[[POSTSUBSCRIPT]] Z[[UNKNOWN]] _{3}[[POSTSUBSCRIPT]] =[[RELOP]] 0[[NUMBER]]
Warning:not_parsed:FLOATSUBSCRIPT>MULOP MathParser failed to match rule 'Anything'
	at 0301063.tex; line 532 col 23 - line 532 col 43
	In "${}_{\perp}\otimes T^{*}X$"
	{}_{\perp}[[FLOATSUBSCRIPT]]
	        > ⊗[[MULOP]] T[[UNKNOWN]] ^{*}[[POSTSUPERSCRIPT]] X[[UNKNOWN]]
Warning:not_parsed:POSTSUBSCRIPT.RELOP.NUMBER>PUNCT MathParser failed to match rule 'Anything'
	at 0301063.tex; line 551 col 0 - line 556 col 14
	In "\begin{equation}J\lrcorner\,W_{2}=0\quad,\quad J\lrcorner\,W_{3}=0\quad,\quad%
	\psi_{3}\lrcorner\,W_{3}=0\quad\mbox{and}\quad(*\psi_{3})\lrcorner\,W_{3}=0.\end{equation}"
	J[[UNKNOWN]] ⌟[[UNKNOWN]] W[[UNKNOWN]] _{2}[[POSTSUBSCRIPT]] =[[RELOP]] 0[[NUMBER]]
	        > \begin{equation}J\lrcorner\,W_{2}=0\quad,\quadJ\lrcorner\,W_{3}=0\quad,\quad\psi_{3}\lrcorner\,W_{3}=0\quad\mbox{and}\quad(*\psi_{3})\lrcorner\,W_{3}=0.\end{equation}[[PUNCT]] ,[[PUNCT]] J[[UNKNOWN]] ⌟[[UNKNOWN]] W[[UNKNOWN]] _{3}[[POSTSUBSCRIPT]] =[[RELOP]] 0[[NUMBER]] \begin{equation}J\lrcorner\,W_{2}=0\quad,\quadJ\lrcorner\,W_{3}=0\quad,\quad\psi_{3}\lrcorner\,W_{3}=0\quad\mbox{and}\quad(*\psi_{3})\lrcorner\,W_{3}=0.\end{equation}[[PUNCT]] ,[[PUNCT]] ψ[[UNKNOWN]] _{3}[[POSTSUBSCRIPT]] ⌟[[UNKNOWN]] W[[UNKNOWN]] _{3}[[POSTSUBSCRIPT]] =[[RELOP]] 0[[NUMBER]] \begin{equation}J\lrcorner\,W_{2}=0\quad,\quadJ\lrcorner\,W_{3}=0\quad,\quad\psi_{3}\lrcorner\,W_{3}=0\quad\mbox{and}\quad(*\psi_{3})\lrcorner\,W_{3}=0.\end{equation}[[PUNCT]] \mbox{and}[[UNKNOWN]] \begin{equation}J\lrcorner\,W_{2}=0\quad,\quadJ\lrcorner\,W_{3}=0\quad,\quad\psi_{3}\lrcorner\,W_{3}=0\quad\mbox{and}\quad(*\psi_{3})\lrcorner\,W_{3}=0.\end{equation}[[PUNCT]] ([[OPEN]] *[[MULOP]] ψ[[UNKNOWN]] _{3}[[POSTSUBSCRIPT]] )[[CLOSE]] ⌟[[UNKNOWN]] W[[UNKNOWN]] _{3}[[POSTSUBSCRIPT]] =[[RELOP]] 0[[NUMBER]]
Warning:not_parsed:UNKNOWN>OPEN MathParser failed to match rule 'Anything'
	at 0301063.tex; line 559 col 16 - line 559 col 26
	In "$d(*\psi_{3})$"
	d[[UNKNOWN]]
	        > ([[OPEN]] *[[MULOP]] ψ[[UNKNOWN]] _{3}[[POSTSUBSCRIPT]] )[[CLOSE]]
Warning:not_parsed:UNKNOWN.POSTSUBSCRIPT.POSTSUPERSCRIPT>OPEN MathParser failed to match rule 'Anything'
	at 0301063.tex; line 562 col 1 - line 562 col 1
	In "$\displaystyle dJ=\frac{3}{2}{\rm Im}(\overline{W_{1}}\Omega)+W_{4}\wedge J+W_%
	{3}=\frac{3}{2}W_{1}^{-}\psi_{3}-\frac{3}{2}W_{1}^{+}(*\psi_{3})+W_{4}\wedge J%
	+W_{3},\@@ENDINLINEMATH"
	d[[UNKNOWN]] J[[UNKNOWN]] =[[RELOP]] \frac{3}{2}[[UNKNOWN]] Im[[UNKNOWN]] ([[OPEN]] \overline{W_{1}}[[UNKNOWN]] Ω[[UNKNOWN]] )[[CLOSE]] +[[ADDOP]] W[[UNKNOWN]] _{4}[[POSTSUBSCRIPT]] ∧[[ADDOP]] J[[UNKNOWN]] +[[ADDOP]] W[[UNKNOWN]] _{3}[[POSTSUBSCRIPT]] =[[RELOP]] \frac{3}{2}[[UNKNOWN]] W[[UNKNOWN]] _{1}[[POSTSUBSCRIPT]] ^{-}[[POSTSUPERSCRIPT]] ψ[[UNKNOWN]] _{3}[[POSTSUBSCRIPT]] -[[ADDOP]] \frac{3}{2}[[UNKNOWN]] W[[UNKNOWN]] _{1}[[POSTSUBSCRIPT]] ^{+}[[POSTSUPERSCRIPT]]
	        > ([[OPEN]] *[[MULOP]] ψ[[UNKNOWN]] _{3}[[POSTSUBSCRIPT]] )[[CLOSE]] +[[ADDOP]] W[[UNKNOWN]] _{4}[[POSTSUBSCRIPT]] ∧[[ADDOP]] J[[UNKNOWN]] +[[ADDOP]] W[[UNKNOWN]] _{3}[[POSTSUBSCRIPT]]
Warning:not_parsed:UNKNOWN.POSTSUBSCRIPT.POSTSUPERSCRIPT>OPEN MathParser failed to match rule 'Anything'
	at 0301063.tex; line 564 col 10 - line 566 col 1
	In "$\displaystyle\frac{3}{2}W_{1}^{-}\psi_{3}-\frac{3}{2}W_{1}^{+}(*\psi_{3})+W_{%
	4}\wedge J+W_{3},$"
	\frac{3}{2}[[UNKNOWN]] W[[UNKNOWN]] _{1}[[POSTSUBSCRIPT]] ^{-}[[POSTSUPERSCRIPT]] ψ[[UNKNOWN]] _{3}[[POSTSUBSCRIPT]] -[[ADDOP]] \frac{3}{2}[[UNKNOWN]] W[[UNKNOWN]] _{1}[[POSTSUBSCRIPT]] ^{+}[[POSTSUPERSCRIPT]]
	        > ([[OPEN]] *[[MULOP]] ψ[[UNKNOWN]] _{3}[[POSTSUBSCRIPT]] )[[CLOSE]] +[[ADDOP]] W[[UNKNOWN]] _{4}[[POSTSUBSCRIPT]] ∧[[ADDOP]] J[[UNKNOWN]] +[[ADDOP]] W[[UNKNOWN]] _{3}[[POSTSUBSCRIPT]]
Warning:not_parsed:POSTSUBSCRIPT.POSTSUPERSCRIPT.ADDOP>OPEN MathParser failed to match rule 'Anything'
	at 0301063.tex; line 566 col 1 - line 566 col 1
	In "$\displaystyle d\psi_{3}=W_{1}^{+}J^{2}+W_{2}^{+}\wedge J+{\rm Re}(W_{5}\wedge%
	\overline{\Omega})=W_{1}^{+}J^{2}+W_{2}^{+}\wedge J+W_{5}^{+}\wedge\psi_{3}+W_%
	{5}^{-}\wedge(*\psi_{3}),\@@ENDINLINEMATH"
	d[[UNKNOWN]] ψ[[UNKNOWN]] _{3}[[POSTSUBSCRIPT]] =[[RELOP]] W[[UNKNOWN]] _{1}[[POSTSUBSCRIPT]] ^{+}[[POSTSUPERSCRIPT]] J[[UNKNOWN]] ^{2}[[POSTSUPERSCRIPT]] +[[ADDOP]] W[[UNKNOWN]] _{2}[[POSTSUBSCRIPT]] ^{+}[[POSTSUPERSCRIPT]] ∧[[ADDOP]] J[[UNKNOWN]] +[[ADDOP]] Re[[UNKNOWN]] ([[OPEN]] W[[UNKNOWN]] _{5}[[POSTSUBSCRIPT]] ∧[[ADDOP]] \overline{\Omega}[[UNKNOWN]] )[[CLOSE]] =[[RELOP]] W[[UNKNOWN]] _{1}[[POSTSUBSCRIPT]] ^{+}[[POSTSUPERSCRIPT]] J[[UNKNOWN]] ^{2}[[POSTSUPERSCRIPT]] +[[ADDOP]] W[[UNKNOWN]] _{2}[[POSTSUBSCRIPT]] ^{+}[[POSTSUPERSCRIPT]] ∧[[ADDOP]] J[[UNKNOWN]] +[[ADDOP]] W[[UNKNOWN]] _{5}[[POSTSUBSCRIPT]] ^{+}[[POSTSUPERSCRIPT]] ∧[[ADDOP]] ψ[[UNKNOWN]] _{3}[[POSTSUBSCRIPT]] +[[ADDOP]] W[[UNKNOWN]] _{5}[[POSTSUBSCRIPT]] ^{-}[[POSTSUPERSCRIPT]] ∧[[ADDOP]]
	        > ([[OPEN]] *[[MULOP]] ψ[[UNKNOWN]] _{3}[[POSTSUBSCRIPT]] )[[CLOSE]]
Warning:not_parsed:POSTSUBSCRIPT.POSTSUPERSCRIPT.ADDOP>OPEN MathParser failed to match rule 'Anything'
	at 0301063.tex; line 568 col 6 - line 570 col 1
	In "$\displaystyle W_{1}^{+}J^{2}+W_{2}^{+}\wedge J+W_{5}^{+}\wedge\psi_{3}+W_{5}^%
	{-}\wedge(*\psi_{3}),$"
	W[[UNKNOWN]] _{1}[[POSTSUBSCRIPT]] ^{+}[[POSTSUPERSCRIPT]] J[[UNKNOWN]] ^{2}[[POSTSUPERSCRIPT]] +[[ADDOP]] W[[UNKNOWN]] _{2}[[POSTSUBSCRIPT]] ^{+}[[POSTSUPERSCRIPT]] ∧[[ADDOP]] J[[UNKNOWN]] +[[ADDOP]] W[[UNKNOWN]] _{5}[[POSTSUBSCRIPT]] ^{+}[[POSTSUPERSCRIPT]] ∧[[ADDOP]] ψ[[UNKNOWN]] _{3}[[POSTSUBSCRIPT]] +[[ADDOP]] W[[UNKNOWN]] _{5}[[POSTSUBSCRIPT]] ^{-}[[POSTSUPERSCRIPT]] ∧[[ADDOP]]
	        > ([[OPEN]] *[[MULOP]] ψ[[UNKNOWN]] _{3}[[POSTSUBSCRIPT]] )[[CLOSE]]
Warning:not_parsed:UNKNOWN>OPEN MathParser failed to match rule 'Anything'
	at 0301063.tex; line 570 col 1 - line 570 col 1
	In "$\displaystyle d(*\psi_{3})=W_{1}^{-}J^{2}+W_{2}^{-}\wedge J+{\rm Im}(W_{5}%
	\wedge\overline{\Omega})=W_{1}^{-}J^{2}+W_{2}^{-}\wedge J+W_{5}^{+}\wedge(*%
	\psi_{3})-W_{5}^{-}\wedge\psi_{3},\@@ENDINLINEMATH"
	d[[UNKNOWN]]
	        > ([[OPEN]] *[[MULOP]] ψ[[UNKNOWN]] _{3}[[POSTSUBSCRIPT]] )[[CLOSE]] =[[RELOP]] W[[UNKNOWN]] _{1}[[POSTSUBSCRIPT]] ^{-}[[POSTSUPERSCRIPT]] J[[UNKNOWN]] ^{2}[[POSTSUPERSCRIPT]] +[[ADDOP]] W[[UNKNOWN]] _{2}[[POSTSUBSCRIPT]] ^{-}[[POSTSUPERSCRIPT]] ∧[[ADDOP]] J[[UNKNOWN]] +[[ADDOP]] Im[[UNKNOWN]] ([[OPEN]] W[[UNKNOWN]] _{5}[[POSTSUBSCRIPT]] ∧[[ADDOP]] \overline{\Omega}[[UNKNOWN]] )[[CLOSE]] =[[RELOP]] W[[UNKNOWN]] _{1}[[POSTSUBSCRIPT]] ^{-}[[POSTSUPERSCRIPT]] J[[UNKNOWN]] ^{2}[[POSTSUPERSCRIPT]] +[[ADDOP]] W[[UNKNOWN]] _{2}[[POSTSUBSCRIPT]] ^{-}[[POSTSUPERSCRIPT]] ∧[[ADDOP]] J[[UNKNOWN]] +[[ADDOP]] W[[UNKNOWN]] _{5}[[POSTSUBSCRIPT]] ^{+}[[POSTSUPERSCRIPT]] ∧[[ADDOP]] ([[OPEN]] *[[MULOP]] ψ[[UNKNOWN]] _{3}[[POSTSUBSCRIPT]] )[[CLOSE]] -[[ADDOP]] W[[UNKNOWN]] _{5}[[POSTSUBSCRIPT]] ^{-}[[POSTSUPERSCRIPT]] ...
Warning:not_parsed:UNKNOWN>OPEN MathParser failed to match rule 'Anything'
	at 0301063.tex; line 570 col 1 - line 570 col 12
	In "$\displaystyle d(*\psi_{3})$"
	d[[UNKNOWN]]
	        > ([[OPEN]] *[[MULOP]] ψ[[UNKNOWN]] _{3}[[POSTSUBSCRIPT]] )[[CLOSE]]
Warning:not_parsed:POSTSUBSCRIPT.POSTSUPERSCRIPT.ADDOP>OPEN MathParser failed to match rule 'Anything'
	at 0301063.tex; line 572 col 6 - line 574 col 1
	In "$\displaystyle W_{1}^{-}J^{2}+W_{2}^{-}\wedge J+W_{5}^{+}\wedge(*\psi_{3})-W_{%
	5}^{-}\wedge\psi_{3},$"
	W[[UNKNOWN]] _{1}[[POSTSUBSCRIPT]] ^{-}[[POSTSUPERSCRIPT]] J[[UNKNOWN]] ^{2}[[POSTSUPERSCRIPT]] +[[ADDOP]] W[[UNKNOWN]] _{2}[[POSTSUBSCRIPT]] ^{-}[[POSTSUPERSCRIPT]] ∧[[ADDOP]] J[[UNKNOWN]] +[[ADDOP]] W[[UNKNOWN]] _{5}[[POSTSUBSCRIPT]] ^{+}[[POSTSUPERSCRIPT]] ∧[[ADDOP]]
	        > ([[OPEN]] *[[MULOP]] ψ[[UNKNOWN]] _{3}[[POSTSUBSCRIPT]] )[[CLOSE]] -[[ADDOP]] W[[UNKNOWN]] _{5}[[POSTSUBSCRIPT]] ^{-}[[POSTSUPERSCRIPT]] ∧[[ADDOP]] ψ[[UNKNOWN]] _{3}[[POSTSUBSCRIPT]]
Warning:not_parsed:POSTSUBSCRIPT.ADDOP.UNKNOWN>OPEN MathParser failed to match rule 'Anything'
	at 0301063.tex; line 579 col 0 - line 581 col 14
	In "\begin{equation}\Omega=\psi_{3}-i(*\psi_{3}),\end{equation}"
	Ω[[UNKNOWN]] =[[RELOP]] ψ[[UNKNOWN]] _{3}[[POSTSUBSCRIPT]] -[[ADDOP]] i[[UNKNOWN]]
	        > ([[OPEN]] *[[MULOP]] ψ[[UNKNOWN]] _{3}[[POSTSUBSCRIPT]] )[[CLOSE]]
Warning:not_parsed:>OPEN MathParser failed to match rule 'Anything'
	at 0301063.tex; line 594 col 1 - line 594 col 1
	In "$\displaystyle(*\Phi)=e^{-4\alpha\varphi}(*J)+e^{-3\alpha\varphi}(*\psi_{3})%
	\wedge\hat{e}^{7}=-\frac{1}{2}e^{-4\alpha\varphi}J^{2}+e^{-3\alpha\varphi}(*%
	\psi_{3})\wedge\hat{e}^{7},\@@ENDINLINEMATH"
	> ([[OPEN]] *[[MULOP]] Φ[[UNKNOWN]] )[[CLOSE]] =[[RELOP]] e[[UNKNOWN]] ^{-4\alpha\varphi}[[POSTSUPERSCRIPT]] ([[OPEN]] *[[MULOP]] J[[UNKNOWN]] )[[CLOSE]] +[[ADDOP]] e[[UNKNOWN]] ^{-3\alpha\varphi}[[POSTSUPERSCRIPT]] ([[OPEN]] *[[MULOP]] ψ[[UNKNOWN]] _{3}[[POSTSUBSCRIPT]] )[[CLOSE]] ∧[[ADDOP]] \hat{e}[[UNKNOWN]] ^{7}[[POSTSUPERSCRIPT]] =[[RELOP]] -[[ADDOP]] \frac{1}{2}[[UNKNOWN]] e[[UNKNOWN]] ^{-4\alpha\varphi}[[POSTSUPERSCRIPT]] J[[UNKNOWN]] ^{2}[[POSTSUPERSCRIPT]] +[[ADDOP]] e[[UNKNOWN]] ^{-3\alpha\varphi}[[POSTSUPERSCRIPT]] ([[OPEN]] *[[MULOP]] ψ[[UNKNOWN]] _{3}[[POSTSUBSCRIPT]] )[[CLOSE]] ∧[[ADDOP]] \hat{e}[[UNKNOWN]] ^{7}[[POSTSUPERSCRIPT]]
Warning:not_parsed:>OPEN MathParser failed to match rule 'Anything'
	at 0301063.tex; line 594 col 1 - line 594 col 9
	In "$\displaystyle(*\Phi)$"
	> ([[OPEN]] *[[MULOP]] Φ[[UNKNOWN]] )[[CLOSE]]
Warning:not_parsed:UNKNOWN.POSTSUPERSCRIPT>OPEN MathParser failed to match rule 'Anything'
	at 0301063.tex; line 594 col 13 - line 598 col 14
	In "$\displaystyle e^{-4\alpha\varphi}(*J)+e^{-3\alpha\varphi}(*\psi_{3})\wedge%
	\hat{e}^{7}=-\frac{1}{2}e^{-4\alpha\varphi}J^{2}+e^{-3\alpha\varphi}(*\psi_{3}%
	)\wedge\hat{e}^{7},$"
	e[[UNKNOWN]] ^{-4\alpha\varphi}[[POSTSUPERSCRIPT]]
	        > ([[OPEN]] *[[MULOP]] J[[UNKNOWN]] )[[CLOSE]] +[[ADDOP]] e[[UNKNOWN]] ^{-3\alpha\varphi}[[POSTSUPERSCRIPT]] ([[OPEN]] *[[MULOP]] ψ[[UNKNOWN]] _{3}[[POSTSUBSCRIPT]] )[[CLOSE]] ∧[[ADDOP]] \hat{e}[[UNKNOWN]] ^{7}[[POSTSUPERSCRIPT]] =[[RELOP]] -[[ADDOP]] \frac{1}{2}[[UNKNOWN]] e[[UNKNOWN]] ^{-4\alpha\varphi}[[POSTSUPERSCRIPT]] J[[UNKNOWN]] ^{2}[[POSTSUPERSCRIPT]] +[[ADDOP]] e[[UNKNOWN]] ^{-3\alpha\varphi}[[POSTSUPERSCRIPT]] ([[OPEN]] *[[MULOP]] ψ[[UNKNOWN]] _{3}[[POSTSUBSCRIPT]] )[[CLOSE]] ∧[[ADDOP]] \hat{e}[[UNKNOWN]] ^{7}[[POSTSUPERSCRIPT]]
Warning:not_parsed:POSTSUPERSCRIPT.UNKNOWN.POSTSUBSCRIPT>OPEN MathParser failed to match rule 'Anything'
	at 0301063.tex; line 613 col 2 - line 613 col 2
	In "$\displaystyle=e^{-(\alpha+\beta)\varphi}X_{1}(*\psi_{3})+e^{-\beta\varphi}J%
	\wedge Y_{4}-e^{-(\alpha+\beta)\varphi}Z_{4}\psi_{3}+e^{-(\beta-2\alpha)%
	\varphi}Z_{3},\@@ENDINLINEMATH"
	=[[RELOP]] e[[UNKNOWN]] ^{-(\alpha+\beta)\varphi}[[POSTSUPERSCRIPT]] X[[UNKNOWN]] _{1}[[POSTSUBSCRIPT]]
	        > ([[OPEN]] *[[MULOP]] ψ[[UNKNOWN]] _{3}[[POSTSUBSCRIPT]] )[[CLOSE]] +[[ADDOP]] e[[UNKNOWN]] ^{-\beta\varphi}[[POSTSUPERSCRIPT]] J[[UNKNOWN]] ∧[[ADDOP]] Y[[UNKNOWN]] _{4}[[POSTSUBSCRIPT]] -[[ADDOP]] e[[UNKNOWN]] ^{-(\alpha+\beta)\varphi}[[POSTSUPERSCRIPT]] Z[[UNKNOWN]] _{4}[[POSTSUBSCRIPT]] ψ[[UNKNOWN]] _{3}[[POSTSUBSCRIPT]] +[[ADDOP]] e[[UNKNOWN]] ^{-(\beta-2\alpha)\varphi}[[POSTSUPERSCRIPT]] Z[[UNKNOWN]] _{3}[[POSTSUBSCRIPT]]
Warning:not_parsed:POSTSUPERSCRIPT.UNKNOWN.POSTSUBSCRIPT>OPEN MathParser failed to match rule 'Anything'
	at 0301063.tex; line 614 col 1 - line 617 col 8
	In "$\displaystyle e^{-(\alpha+\beta)\varphi}X_{1}(*\psi_{3})+e^{-\beta\varphi}J%
	\wedge Y_{4}-e^{-(\alpha+\beta)\varphi}Z_{4}\psi_{3}+e^{-(\beta-2\alpha)%
	\varphi}Z_{3},$"
	e[[UNKNOWN]] ^{-(\alpha+\beta)\varphi}[[POSTSUPERSCRIPT]] X[[UNKNOWN]] _{1}[[POSTSUBSCRIPT]]
	        > ([[OPEN]] *[[MULOP]] ψ[[UNKNOWN]] _{3}[[POSTSUBSCRIPT]] )[[CLOSE]] +[[ADDOP]] e[[UNKNOWN]] ^{-\beta\varphi}[[POSTSUPERSCRIPT]] J[[UNKNOWN]] ∧[[ADDOP]] Y[[UNKNOWN]] _{4}[[POSTSUBSCRIPT]] -[[ADDOP]] e[[UNKNOWN]] ^{-(\alpha+\beta)\varphi}[[POSTSUPERSCRIPT]] Z[[UNKNOWN]] _{4}[[POSTSUBSCRIPT]] ψ[[UNKNOWN]] _{3}[[POSTSUBSCRIPT]] +[[ADDOP]] e[[UNKNOWN]] ^{-(\beta-2\alpha)\varphi}[[POSTSUPERSCRIPT]] Z[[UNKNOWN]] _{3}[[POSTSUBSCRIPT]]
Warning:not_parsed:ATOM.UNKNOWN.POSTSUPERSCRIPT>OPEN MathParser failed to match rule 'Anything'
	at 0301063.tex; line 624 col 2 - line 624 col 2
	In "$\displaystyle=-\frac{4}{3}e^{-\beta\varphi}(*\psi_{3})\wedge Y_{4}-\frac{2}{3%
	}e^{-(\alpha+\beta)\varphi}Z_{4}J^{2}+e^{(\alpha-\beta)\varphi}J\wedge Y_{2}+e%
	^{-\beta\varphi}\psi_{3}\wedge Z_{2}.\@@ENDINLINEMATH"
	=[[RELOP]] -[[ADDOP]] \frac{4}{3}[[UNKNOWN]] e[[UNKNOWN]] ^{-\beta\varphi}[[POSTSUPERSCRIPT]]
	        > ([[OPEN]] *[[MULOP]] ψ[[UNKNOWN]] _{3}[[POSTSUBSCRIPT]] )[[CLOSE]] ∧[[ADDOP]] Y[[UNKNOWN]] _{4}[[POSTSUBSCRIPT]] -[[ADDOP]] \frac{2}{3}[[UNKNOWN]] e[[UNKNOWN]] ^{-(\alpha+\beta)\varphi}[[POSTSUPERSCRIPT]] Z[[UNKNOWN]] _{4}[[POSTSUBSCRIPT]] J[[UNKNOWN]] ^{2}[[POSTSUPERSCRIPT]] +[[ADDOP]] e[[UNKNOWN]] ^{(\alpha-\beta)\varphi}[[POSTSUPERSCRIPT]] J[[UNKNOWN]] ∧[[ADDOP]] Y[[UNKNOWN]] _{2}[[POSTSUBSCRIPT]] +[[ADDOP]] e[[UNKNOWN]] ^{-\beta\varphi}[[POSTSUPERSCRIPT]] ψ[[UNKNOWN]] _{3}[[POSTSUBSCRIPT]] ∧[[ADDOP]] Z[[UNKNOWN]] _{2}[[POSTSUBSCRIPT]]
Warning:not_parsed:ATOM.UNKNOWN.POSTSUPERSCRIPT>OPEN MathParser failed to match rule 'Anything'
	at 0301063.tex; line 625 col 1 - line 629 col 14
	In "$\displaystyle-\frac{4}{3}e^{-\beta\varphi}(*\psi_{3})\wedge Y_{4}-\frac{2}{3}%
	e^{-(\alpha+\beta)\varphi}Z_{4}J^{2}+e^{(\alpha-\beta)\varphi}J\wedge Y_{2}+e^%
	{-\beta\varphi}\psi_{3}\wedge Z_{2}.$"
	-[[ADDOP]] \frac{4}{3}[[UNKNOWN]] e[[UNKNOWN]] ^{-\beta\varphi}[[POSTSUPERSCRIPT]]
	        > ([[OPEN]] *[[MULOP]] ψ[[UNKNOWN]] _{3}[[POSTSUBSCRIPT]] )[[CLOSE]] ∧[[ADDOP]] Y[[UNKNOWN]] _{4}[[POSTSUBSCRIPT]] -[[ADDOP]] \frac{2}{3}[[UNKNOWN]] e[[UNKNOWN]] ^{-(\alpha+\beta)\varphi}[[POSTSUPERSCRIPT]] Z[[UNKNOWN]] _{4}[[POSTSUBSCRIPT]] J[[UNKNOWN]] ^{2}[[POSTSUPERSCRIPT]] +[[ADDOP]] e[[UNKNOWN]] ^{(\alpha-\beta)\varphi}[[POSTSUPERSCRIPT]] J[[UNKNOWN]] ∧[[ADDOP]] Y[[UNKNOWN]] _{2}[[POSTSUBSCRIPT]] +[[ADDOP]] e[[UNKNOWN]] ^{-\beta\varphi}[[POSTSUPERSCRIPT]] ψ[[UNKNOWN]] _{3}[[POSTSUBSCRIPT]] ∧[[ADDOP]] Z[[UNKNOWN]] _{2}[[POSTSUBSCRIPT]]
Warning:not_parsed:ATOM.POSTSUBSCRIPT.POSTSUPERSCRIPT>OPEN MathParser failed to match rule 'Anything'
	at 0301063.tex; line 648 col 1 - line 648 col 1
	In "$\displaystyle Z_{3}=Z_{3}^{(0)}\psi_{3}+\tilde{Z}_{3}^{(0)}(*\psi_{3})+(Z_{3}%
	^{(1,0)}+Z_{3}^{(0,1)})\wedge J+Z_{3,0}^{(2,1)}+Z_{3,0}^{(1,2)}=\frac{1}{4}(%
	\psi_{3}\lrcorner\,Z_{3})\psi_{3}+\frac{1}{4}((*\psi_{3})\lrcorner\,Z_{3})(*%
	\psi_{3})+\frac{1}{2}(J\lrcorner\,Z_{3})\wedge J+Z_{3,0}^{(2,1)}+Z_{3,0}^{(1,2%
	)},\@@ENDINLINEMATH"
	Z[[UNKNOWN]] _{3}[[POSTSUBSCRIPT]] =[[RELOP]] Z[[UNKNOWN]] _{3}[[POSTSUBSCRIPT]] ^{(0)}[[POSTSUPERSCRIPT]] ψ[[UNKNOWN]] _{3}[[POSTSUBSCRIPT]] +[[ADDOP]] \tilde{Z}[[UNKNOWN]] _{3}[[POSTSUBSCRIPT]] ^{(0)}[[POSTSUPERSCRIPT]]
	        > ([[OPEN]] *[[MULOP]] ψ[[UNKNOWN]] _{3}[[POSTSUBSCRIPT]] )[[CLOSE]] +[[ADDOP]] ([[OPEN]] Z[[UNKNOWN]] _{3}[[POSTSUBSCRIPT]] ^{(1,0)}[[POSTSUPERSCRIPT]] +[[ADDOP]] Z[[UNKNOWN]] _{3}[[POSTSUBSCRIPT]] ^{(0,1)}[[POSTSUPERSCRIPT]] )[[CLOSE]] ∧[[ADDOP]] J[[UNKNOWN]] +[[ADDOP]] Z[[UNKNOWN]] _{3,0}[[POSTSUBSCRIPT]] ^{(2,1)}[[POSTSUPERSCRIPT]] +[[ADDOP]] Z[[UNKNOWN]] _{3,0}[[POSTSUBSCRIPT]] ^{(1,2)}[[POSTSUPERSCRIPT]] =[[RELOP]] \frac{1}{4}[[UNKNOWN]] ([[OPEN]] ψ[[UNKNOWN]] _{3}[[POSTSUBSCRIPT]] ⌟[[UNKNOWN]] Z[[UNKNOWN]] _{3}[[POSTSUBSCRIPT]] )[[CLOSE]] ψ[[UNKNOWN]] _{3}[[POSTSUBSCRIPT]] +[[ADDOP]] \frac{1}{4}[[UNKNOWN]] ([[OPEN]] ([[OPEN]] *[[MULOP]] ψ[[UNKNOWN]] _{3}[[POSTSUBSCRIPT]] )[[CLOSE]] ⌟[[UNKNOWN]] Z[[UNKNOWN]] _{3}[[POSTSUBSCRIPT]] )[[CLOSE]] ([[OPEN]] *[[MULOP]] ψ[[UNKNOWN]] ...
Warning:not_parsed:ATOM.POSTSUBSCRIPT.POSTSUPERSCRIPT>OPEN MathParser failed to match rule 'Anything'
	at 0301063.tex; line 648 col 9 - line 651 col 1
	In "$\displaystyle Z_{3}^{(0)}\psi_{3}+\tilde{Z}_{3}^{(0)}(*\psi_{3})+(Z_{3}^{(1,0%
	)}+Z_{3}^{(0,1)})\wedge J+Z_{3,0}^{(2,1)}+Z_{3,0}^{(1,2)}$"
	Z[[UNKNOWN]] _{3}[[POSTSUBSCRIPT]] ^{(0)}[[POSTSUPERSCRIPT]] ψ[[UNKNOWN]] _{3}[[POSTSUBSCRIPT]] +[[ADDOP]] \tilde{Z}[[UNKNOWN]] _{3}[[POSTSUBSCRIPT]] ^{(0)}[[POSTSUPERSCRIPT]]
	        > ([[OPEN]] *[[MULOP]] ψ[[UNKNOWN]] _{3}[[POSTSUBSCRIPT]] )[[CLOSE]] +[[ADDOP]] ([[OPEN]] Z[[UNKNOWN]] _{3}[[POSTSUBSCRIPT]] ^{(1,0)}[[POSTSUPERSCRIPT]] +[[ADDOP]] Z[[UNKNOWN]] _{3}[[POSTSUBSCRIPT]] ^{(0,1)}[[POSTSUPERSCRIPT]] )[[CLOSE]] ∧[[ADDOP]] J[[UNKNOWN]] +[[ADDOP]] Z[[UNKNOWN]] _{3,0}[[POSTSUBSCRIPT]] ^{(2,1)}[[POSTSUPERSCRIPT]] +[[ADDOP]] Z[[UNKNOWN]] _{3,0}[[POSTSUBSCRIPT]] ^{(1,2)}[[POSTSUPERSCRIPT]]
Warning:not_parsed:POSTSUBSCRIPT.ADDOP.ATOM>OPEN MathParser failed to match rule 'Anything'
	at 0301063.tex; line 651 col 9 - line 655 col 1
	In "$\displaystyle\frac{1}{4}(\psi_{3}\lrcorner\,Z_{3})\psi_{3}+\frac{1}{4}((*\psi%
	_{3})\lrcorner\,Z_{3})(*\psi_{3})+\frac{1}{2}(J\lrcorner\,Z_{3})\wedge J+Z_{3,%
	0}^{(2,1)}+Z_{3,0}^{(1,2)},$"
	\frac{1}{4}[[UNKNOWN]] ([[OPEN]] ψ[[UNKNOWN]] _{3}[[POSTSUBSCRIPT]] ⌟[[UNKNOWN]] Z[[UNKNOWN]] _{3}[[POSTSUBSCRIPT]] )[[CLOSE]] ψ[[UNKNOWN]] _{3}[[POSTSUBSCRIPT]] +[[ADDOP]] \frac{1}{4}[[UNKNOWN]]
	        > ([[OPEN]] ([[OPEN]] *[[MULOP]] ψ[[UNKNOWN]] _{3}[[POSTSUBSCRIPT]] )[[CLOSE]] ⌟[[UNKNOWN]] Z[[UNKNOWN]] _{3}[[POSTSUBSCRIPT]] )[[CLOSE]] ([[OPEN]] *[[MULOP]] ψ[[UNKNOWN]] _{3}[[POSTSUBSCRIPT]] )[[CLOSE]] +[[ADDOP]] \frac{1}{2}[[UNKNOWN]] ([[OPEN]] J[[UNKNOWN]] ⌟[[UNKNOWN]] Z[[UNKNOWN]] _{3}[[POSTSUBSCRIPT]] )[[CLOSE]] ∧[[ADDOP]] J[[UNKNOWN]] +[[ADDOP]] Z[[UNKNOWN]] _{3,0}[[POSTSUBSCRIPT]] ^{(2,1)}[[POSTSUPERSCRIPT]] +[[ADDOP]] Z[[UNKNOWN]] _{3,0}[[POSTSUBSCRIPT]] ^{(1,2)}[[POSTSUPERSCRIPT]]
Warning:not_parsed:ATOM.ATOM.UNKNOWN>OPEN MathParser failed to match rule 'Anything'
	at 0301063.tex; line 704 col 1 - line 704 col 1
	In "$\displaystyle W_{4}-2\alpha\,d\varphi+\frac{1}{2}\check{F}\lrcorner\,(*\psi_{%
	3})=\frac{2}{3}Y_{4}-\frac{1}{2}e^{\alpha\varphi}Y_{2}\lrcorner\,\psi_{3},\@@ENDINLINEMATH"
	W[[UNKNOWN]] _{4}[[POSTSUBSCRIPT]] -[[ADDOP]] 2[[NUMBER]] α[[UNKNOWN]] d[[UNKNOWN]] φ[[UNKNOWN]] +[[ADDOP]] \frac{1}{2}[[UNKNOWN]] \check{F}[[UNKNOWN]] ⌟[[UNKNOWN]]
	        > ([[OPEN]] *[[MULOP]] ψ[[UNKNOWN]] _{3}[[POSTSUBSCRIPT]] )[[CLOSE]] =[[RELOP]] \frac{2}{3}[[UNKNOWN]] Y[[UNKNOWN]] _{4}[[POSTSUBSCRIPT]] -[[ADDOP]] \frac{1}{2}[[UNKNOWN]] e[[UNKNOWN]] ^{\alpha\varphi}[[POSTSUPERSCRIPT]] Y[[UNKNOWN]] _{2}[[POSTSUBSCRIPT]] ⌟[[UNKNOWN]] ψ[[UNKNOWN]] _{3}[[POSTSUBSCRIPT]]
Warning:not_parsed:ATOM.ATOM.UNKNOWN>OPEN MathParser failed to match rule 'Anything'
	at 0301063.tex; line 704 col 1 - line 705 col 1
	In "$\displaystyle W_{4}-2\alpha\,d\varphi+\frac{1}{2}\check{F}\lrcorner\,(*\psi_{%
	3})$"
	W[[UNKNOWN]] _{4}[[POSTSUBSCRIPT]] -[[ADDOP]] 2[[NUMBER]] α[[UNKNOWN]] d[[UNKNOWN]] φ[[UNKNOWN]] +[[ADDOP]] \frac{1}{2}[[UNKNOWN]] \check{F}[[UNKNOWN]] ⌟[[UNKNOWN]]
	        > ([[OPEN]] *[[MULOP]] ψ[[UNKNOWN]] _{3}[[POSTSUBSCRIPT]] )[[CLOSE]]
Warning:not_parsed:ATOM.ATOM.UNKNOWN>OPEN MathParser failed to match rule 'Anything'
	at 0301063.tex; line 744 col 0 - line 747 col 14
	In "\begin{equation}\beta\,d\varphi=\frac{1}{2}\check{F}\lrcorner\,(*\psi_{3}).\end{equation}"
	β[[UNKNOWN]] d[[UNKNOWN]] φ[[UNKNOWN]] =[[RELOP]] \frac{1}{2}[[UNKNOWN]] \check{F}[[UNKNOWN]] ⌟[[UNKNOWN]]
	        > ([[OPEN]] *[[MULOP]] ψ[[UNKNOWN]] _{3}[[POSTSUBSCRIPT]] )[[CLOSE]]
 8.06 sec)
Math parsing succeeded:
   ltx:XMArg: 1233/1233
   ltx:XMath: 364/403
Symbols assumed as simple identifiers (with # of occurences):
   'A{italic}' (8), 'B{italic}' (6), 'C{blackboard}' (2), 'C{italic}' (5), 'D{italic}' (5), 'F{italic}' (32), 'G{italic}' (2), 'Im' (6), 'J{italic}' (167), 'Lambda' (19), 'N{italic}' (2), 'Omega' (29), 'Phi' (52), 'Re' (5), 'R{blackboard}' (1), 'S{italic}' (1), 'T{italic}' (26), 'U{italic}' (1), 'W{italic}' (153), 'X{italic}' (89), 'Y{italic}' (102), 'Z{italic}' (84), 'alpha' (89), 'a{italic}' (38), 'beta' (62), 'b{italic}' (37), 'c{italic}' (14), 'delta' (1), 'd{italic}' (65), 'epsilon' (30), 'e{italic}' (112), 'gamma' (28), 'g{fraktur}' (3), 'g{italic}' (54), 'i{italic}' (19), 'j{italic}' (2), 'lrcorner' (112), 'n{italic}' (4), 'phi' (6), 'pi' (1), 'psi' (147), 's{italic}' (2), 'varphi' (110), 'z{italic}' (1)
Set MATHPARSER_SPECULATE to speculate on possible notations.
(Finalizing... 0.98 sec)
Conversion complete 39 warnings (See /home/user/latex-in-arxiv/0301063.latexml.log) (reqd. 16.82s)
