latexml (LaTeXML version 0.8.6) processing 2003/0301148.tex
(Digesting TeX 0301148...
(Loading /usr/share/perl5/LaTeXML/Package/TeX.pool.ltxml...
(Loading /usr/share/perl5/LaTeXML/Package/eTeX.pool.ltxml... 0.00 sec)
(Loading /usr/share/perl5/LaTeXML/Package/pdfTeX.pool.ltxml... 0.01 sec) 0.11 sec)
(Processing content /home/user/latex-in-arxiv/2003/0301148.tex...
(Loading /usr/share/perl5/LaTeXML/Package/LaTeX.pool.ltxml...
(Loading /usr/share/perl5/LaTeXML/Package/textcomp.sty.ltxml...
(Processing definitions /usr/share/texlive/texmf-dist/tex/latex-dev/base/ts1enc.dfu... 0.03 sec) 1.20 sec) 1.36 sec)
(Loading /usr/share/perl5/LaTeXML/Package/article.cls.ltxml... 0.01 sec)
(Loading /usr/share/perl5/LaTeXML/Package/amsfonts.sty.ltxml... 0.00 sec)
(Loading /usr/share/perl5/LaTeXML/Package/epsfig.sty.ltxml...
(Loading /usr/share/perl5/LaTeXML/Package/graphicx.sty.ltxml...
(Loading /usr/share/perl5/LaTeXML/Package/graphics.sty.ltxml... 0.01 sec) 0.02 sec) 0.04 sec)
(Loading /usr/share/perl5/LaTeXML/Package/latexsym.sty.ltxml... 0.00 sec)
(Loading /usr/share/perl5/LaTeXML/Package/amscd.sty.ltxml...
(Loading /usr/share/perl5/LaTeXML/Package/amsgen.sty.ltxml... 0.00 sec) 0.01 sec)
(Loading /usr/share/perl5/LaTeXML/Package/multicol.sty.ltxml... 0.00 sec)
(Loading /usr/share/perl5/LaTeXML/Package/theorem.sty.ltxml...
(Loading /usr/share/perl5/LaTeXML/Package/amsthm.sty.ltxml... 0.01 sec) 0.02 sec) 11.98 sec) 12.17 sec)
(Building...
(Loading compiled schema /usr/share/perl5/LaTeXML/resources/RelaxNG/LaTeXML.model... 0.01 sec)
Warning:unexpected:eqnarray Unrecognized equation patterns (1) in eqnarray
	at 0301148.tex; line 1522 col 1 - line 1522 col 1
	In Core::Definition::Constructor[\@@eqna... /usr/share/perl5/LaTeXML/Package/LaTeX.pool.ltxml; line 2290
 16.11 sec)
(Rewriting... 0.38 sec)
(Math Parsing 1347 formulae ......
Warning:not_parsed:OPEN.NUMBER.CLOSE>RELOP MathParser failed to match rule 'Anything'
	at 0301148.tex; line 623 col 16 - line 624 col 22
	In "$x(0)=([{\mathbb{I}}_{2}],(0,0,\lambda)$"
	x[[UNKNOWN]] ([[OPEN]] 0[[NUMBER]] )[[CLOSE]]
	        > =[[RELOP]] ([[OPEN]] [[[OPEN]] I[[UNKNOWN]] _{2}[[POSTSUBSCRIPT]] ][[CLOSE]] ,[[PUNCT]] ([[OPEN]] 0[[NUMBER]] ,[[PUNCT]] 0[[NUMBER]] ,[[PUNCT]] λ[[UNKNOWN]] )[[CLOSE]]
Warning:not_parsed:UNKNOWN.PUNCT.UNKNOWN>RELOP MathParser failed to match rule 'Anything'
	at 0301148.tex; line 819 col 0 - line 822 col 4
	In "\begin{equation}<V,W>_{H^{k}}=\int_{M}<V,W>+\int_{M}<\nabla V,\nabla W>+\cdots%
	+\int_{M}<\nabla^{k}V,\nabla^{k}W>.\end{equation}"
	<[[RELOP]] V[[UNKNOWN]] ,[[PUNCT]] W[[UNKNOWN]]
	        > >[[RELOP]] _{H^{k}}[[POSTSUBSCRIPT]] =[[RELOP]] ∫[[INTOP]] _{M}[[POSTSUBSCRIPT]] <[[RELOP]] V[[UNKNOWN]] ,[[PUNCT]] W[[UNKNOWN]] >[[RELOP]] +[[ADDOP]] ∫[[INTOP]] _{M}[[POSTSUBSCRIPT]] <[[RELOP]] ∇[[OPERATOR]] V[[UNKNOWN]] ,[[PUNCT]] ∇[[OPERATOR]] W[[UNKNOWN]] >[[RELOP]] +[[ADDOP]] ⋯[[ID]] +[[ADDOP]] ∫[[INTOP]] _{M}[[POSTSUBSCRIPT]] <[[RELOP]] ∇[[OPERATOR]] ^{k}[[POSTSUPERSCRIPT]] V[[UNKNOWN]] ,[[PUNCT]] ∇[[OPERATOR]] ^{k}[[POSTSUPERSCRIPT]] W[[UNKNOWN]] >[[RELOP]]
Warning:not_parsed:>VERTBAR MathParser failed to match rule 'Anything'
	at 0301148.tex; line 824 col 55 - line 824 col 72
	In "$||\,.\,||_{H^{k}}$"
	> |[[VERTBAR]] |[[VERTBAR]] .[[PERIOD]] |[[VERTBAR]] |[[VERTBAR]] _{H^{k}}[[POSTSUBSCRIPT]]
Warning:not_parsed:>OPEN MathParser failed to match rule 'Anything'
	at 0301148.tex; line 831 col 34 - line 831 col 60
	In "$(H^{k}(E),||\,.\,||_{H^{k}})$"
	> ([[OPEN]] H[[UNKNOWN]] ^{k}[[POSTSUPERSCRIPT]] ([[OPEN]] E[[UNKNOWN]] )[[CLOSE]] ,[[PUNCT]] |[[VERTBAR]] |[[VERTBAR]] .[[PERIOD]] |[[VERTBAR]] |[[VERTBAR]] _{H^{k}}[[POSTSUBSCRIPT]] )[[CLOSE]]
Warning:not_parsed:>VERTBAR MathParser failed to match rule 'Anything'
	at 0301148.tex; line 1127 col 2 - line 1127 col 5
	In "$|.|$"
	> |[[VERTBAR]] .[[PERIOD]] |[[VERTBAR]]
Warning:not_parsed:>VERTBAR MathParser failed to match rule 'Anything'
	at 0301148.tex; line 1146 col 10 - line 1146 col 21
	In "$\parallel.\parallel$"
	> ∥[[VERTBAR]] .[[PERIOD]] ∥[[VERTBAR]]
Warning:not_parsed:>VERTBAR MathParser failed to match rule 'Anything'
	at 0301148.tex; line 1147 col 10 - line 1147 col 23
	In "$\parallel.\parallel_{1}$"
	> ∥[[VERTBAR]] .[[PERIOD]] ∥[[VERTBAR]] _{1}[[POSTSUBSCRIPT]]
Warning:not_parsed:>VERTBAR MathParser failed to match rule 'Anything'
	at 0301148.tex; line 1148 col 52 - line 1149 col 25
	In "$\parallel.\parallel_{H^{1}_{\phi_{n}}}$"
	> ∥[[VERTBAR]] .[[PERIOD]] ∥[[VERTBAR]] _{H^{1}_{\phi_{n}}}[[POSTSUBSCRIPT]]
 26.42 sec)
Math parsing succeeded:
   ltx:XMath: 1339/1347
   ltx:XMArg: 3474/3474
Symbols assumed as simple identifiers (with # of occurences):
   'A{italic}' (34), 'B{italic}' (11), 'C{blackboard}' (44), 'C{italic}' (29), 'Delta' (4), 'D{fraktur}' (45), 'E{caligraphic}' (10), 'E{italic}' (86), 'Gamma' (10), 'G{italic}' (4), 'Hess{sansserif}' (102), 'Hol{sansserif}' (9), 'H{italic}' (237), 'Id' (1), 'I{blackboard}' (5), 'I{italic}' (13), 'J{fraktur}' (18), 'J{italic}' (14), 'K{italic}' (20), 'L{italic}' (119), 'M{italic}' (64), 'M{sansserif}' (82), 'N{italic}' (101), 'O{italic}' (12), 'Phi' (4), 'Psi' (2), 'P{italic}' (113), 'Rat{sansserif}' (7), 'R{blackboard}' (25), 'R{fraktur}' (23), 'R{italic}' (4), 'Sigma' (1), 'S{italic}' (70), 'T{italic}' (68), 'U{caligraphic}' (2), 'U{italic}' (40), 'V{caligraphic}' (39), 'V{italic}' (660), 'W{italic}' (46), 'X{italic}' (15), 'Y{italic}' (18), 'alpha' (5), 'a{italic}' (46), 'b{italic}' (12), 'cosec' (3), 'c{italic}' (31), 'delta' (2), 'diam' (1), 'd{italic}' (57), 'epsilon' (30), 'eta' (1), 'e{italic}' (129), 'f{italic}' (93), 'gamma' (20), 'g{italic}' (17), 'h{italic}' (16), 'iota' (4), 'i{italic}' (14), 'j{italic}' (13), 'k{italic}' (5), 'lambda' (82), 'l{italic}' (2), 'mu' (102), 'm{italic}' (9), 'null' (3), 'n{italic}' (76), 'omega' (5), 'o{fraktur}' (1), 'phi' (283), 'pi' (11), 'psi' (2), 'p{italic}' (18), 'q{italic}' (36), 'r{italic}' (11), 'sech' (16), 'sigma' (12), 's{fraktur}' (5), 's{italic}' (47), 'tau' (85), 'theta' (96), 'tr' (1), 't{italic}' (45), 'u{fraktur}' (4), 'u{italic}' (29), 'varphi' (18), 'v{italic}' (47), 'xi' (5), 'x{italic}' (28), 'y{italic}' (6), 'z{italic}' (38)
Set MATHPARSER_SPECULATE to speculate on possible notations.
(Finalizing... 3.68 sec)
Conversion complete 9 warnings (See /home/user/latex-in-arxiv/0301148.latexml.log) (reqd. 1m 0.74s)
