latexml (LaTeXML version 0.8.6) processing 2003/0301242.tex
(Digesting TeX 0301242...
(Loading /usr/share/perl5/LaTeXML/Package/TeX.pool.ltxml...
(Loading /usr/share/perl5/LaTeXML/Package/eTeX.pool.ltxml... 0.00 sec)
(Loading /usr/share/perl5/LaTeXML/Package/pdfTeX.pool.ltxml... 0.01 sec) 0.11 sec)
(Processing content /home/user/latex-in-arxiv/2003/0301242.tex...
(Loading /usr/share/perl5/LaTeXML/Package/LaTeX.pool.ltxml...
(Loading /usr/share/perl5/LaTeXML/Package/textcomp.sty.ltxml...
(Processing definitions /usr/share/texlive/texmf-dist/tex/latex-dev/base/ts1enc.dfu... 0.02 sec) 0.86 sec) 1.02 sec)
(Loading /usr/share/perl5/LaTeXML/Package/article.cls.ltxml... 0.01 sec)
(Loading /usr/share/perl5/LaTeXML/Package/amsmath.sty.ltxml...
(Loading /usr/share/perl5/LaTeXML/Package/amsbsy.sty.ltxml...
(Loading /usr/share/perl5/LaTeXML/Package/amsgen.sty.ltxml... 0.00 sec) 0.01 sec)
(Loading /usr/share/perl5/LaTeXML/Package/amstext.sty.ltxml... 0.00 sec)
(Loading /usr/share/perl5/LaTeXML/Package/amsopn.sty.ltxml... 0.00 sec) 0.03 sec)
(Loading /usr/share/perl5/LaTeXML/Package/amssymb.sty.ltxml...
(Loading /usr/share/perl5/LaTeXML/Package/amsfonts.sty.ltxml... 0.00 sec) 0.02 sec)
Info:ignore:\thebibliography Ignoring redefinition of \thebibliography
	at 0301242.tex; line 51 col 0 - line 51 col 23
Info:unexpected:titlepage When using titlepage, Frontmatter will not be well-structured
	at 0301242.tex; line 55 col 0 - line 55 col 17
 4.32 sec) 4.45 sec)
(Building...
(Loading compiled schema /usr/share/perl5/LaTeXML/resources/RelaxNG/LaTeXML.model... 0.01 sec) 4.10 sec)
(Rewriting... 0.16 sec)
(Math Parsing 509 formulae ......
Warning:not_parsed:UNKNOWN>RELOP MathParser failed to match rule 'Anything'
	at 0301242.tex; line 156 col 0 - line 160 col 3
	In "\begin{equation}{\cal A}=\langle\Gamma,\Gamma^{\prime}:\quad\Gamma^{2}={\Gamma%
	^{\prime}}^{2}={\rm 1\!l},\quad\Gamma^{*}=\Gamma,\quad{\Gamma^{\prime}}^{2}=%
	\Gamma^{\prime}\rangle\ ,\end{equation}"
	A[[UNKNOWN]]
	        > =[[RELOP]] \langle[[OPEN]] Γ[[UNKNOWN]] ,[[PUNCT]] Γ[[UNKNOWN]] ^{\prime}[[POSTSUPERSCRIPT]] :[[METARELOP]] \begin{equation}{\calA}=\langle\Gamma,\Gamma^{\prime}:\quad\Gamma^{2}={\Gamma^{\prime}}^{2}={\rm1\!l},\quad\Gamma^{*}=\Gamma,\quad{\Gamma^{\prime}}^{2}=\Gamma^{\prime}\rangle\ ,\end{equation}[[PUNCT]] Γ[[UNKNOWN]] ^{2}[[POSTSUPERSCRIPT]] =[[RELOP]] Γ[[UNKNOWN]] ^{\prime}[[POSTSUPERSCRIPT]] ^{2}[[POSTSUPERSCRIPT]] =[[RELOP]] 1[[NUMBER]] l[[UNKNOWN]] ,[[PUNCT]] Γ[[UNKNOWN]] ^{*}[[POSTSUPERSCRIPT]] =[[RELOP]] Γ[[UNKNOWN]] ,[[PUNCT]] Γ[[UNKNOWN]] ^{\prime}[[POSTSUPERSCRIPT]] ^{2}[[POSTSUPERSCRIPT]] =[[RELOP]] Γ[[UNKNOWN]] ^{\prime}[[POSTSUPERSCRIPT]] \rangle[[CLOSE]]
Warning:not_parsed:POSTSUPERSCRIPT.RELOP.UNKNOWN>PUNCT MathParser failed to match rule 'Anything'
	at 0301242.tex; line 374 col 0 - line 377 col 3
	In "\begin{equation}\Gamma^{*}=\Gamma\quad,\quad\Gamma^{2}={\rm 1\!l}\ .\end{equation}"
	Γ[[UNKNOWN]] ^{*}[[POSTSUPERSCRIPT]] =[[RELOP]] Γ[[UNKNOWN]]
	        > \begin{equation}\Gamma^{*}=\Gamma\quad,\quad\Gamma^{2}={\rm1\!l}\ .\end{equation}[[PUNCT]] ,[[PUNCT]] Γ[[UNKNOWN]] ^{2}[[POSTSUPERSCRIPT]] =[[RELOP]] 1[[NUMBER]] l[[UNKNOWN]]
Warning:not_parsed:>OPEN MathParser failed to match rule 'Anything'
	at 0301242.tex; line 756 col 28 - line 756 col 61
	In "$(2L\pm T+\frac{1}{2}>j\geq T+1/2$"
	> ([[OPEN]] 2[[NUMBER]] L[[UNKNOWN]] ±[[ADDOP]] T[[UNKNOWN]] +[[ADDOP]] \frac{1}{2}[[UNKNOWN]] >[[RELOP]] j[[UNKNOWN]] ≥[[RELOP]] T[[UNKNOWN]] +[[ADDOP]] 1[[NUMBER]] /[[MULOP]] 2[[NUMBER]]
Warning:not_parsed:UNKNOWN.RELOP.ATOM>PUNCT MathParser failed to match rule 'Anything'
	at 0301242.tex; line 856 col 6 - line 856 col 6
	In "$\displaystyle\Gamma=\frac{\Gamma(1)+\Gamma_{3}(1)\Gamma(2)}{|\sqrt{1+\Gamma_{%
	3}(1)^{2}}|}\quad,\quad\Gamma^{\prime}=\frac{\Gamma^{\prime}(1)+\Gamma_{3}(1)%
	\Gamma^{\prime}(2)}{|\sqrt{1+\Gamma_{3}(2)^{2}}|}\ ,\@@ENDINLINEMATH"
	Γ[[UNKNOWN]] =[[RELOP]] \frac{\Gamma(1)+\Gamma_{3}(1)\Gamma(2)}{|\sqrt{1+\Gamma_{3}(1)^{2}}|}[[UNKNOWN]]
	        > $\displaystyle\Gamma=\frac{\Gamma(1)+\Gamma_{3}(1)\Gamma(2)}{|\sqrt{1+\Gamma_{3}(1)^{2}}|}\quad,\quad\Gamma^{\prime}=\frac{\Gamma^{\prime}(1)+\Gamma_{3}(1)\Gamma^{\prime}(2)}{|\sqrt{1+\Gamma_{3}(2)^{2}}|}\ ,\@@ENDINLINEMATH[[PUNCT]] ,[[PUNCT]] Γ[[UNKNOWN]] ^{\prime}[[POSTSUPERSCRIPT]] =[[RELOP]] \frac{\Gamma^{\prime}(1)+\Gamma_{3}(1)\Gamma^{\prime}(2)}{|\sqrt{1+\Gamma_{3}(2)^{2}}|}[[UNKNOWN]]
Warning:not_parsed:NUMBER.CLOSE.CLOSE>PUNCT MathParser failed to match rule 'Anything'
	at 0301242.tex; line 858 col 6 - line 858 col 6
	In "$\displaystyle\Gamma_{3}(1)=\frac{1}{2}[\Gamma(1),\Gamma^{\prime}(1)]\quad,%
	\Gamma_{3}(2)=\frac{1}{2}[\Gamma(2),\Gamma^{\prime}(2)]\ .\@@ENDINLINEMATH"
	Γ[[UNKNOWN]] _{3}[[POSTSUBSCRIPT]] ([[OPEN]] 1[[NUMBER]] )[[CLOSE]] =[[RELOP]] \frac{1}{2}[[UNKNOWN]] [[[OPEN]] Γ[[UNKNOWN]] ([[OPEN]] 1[[NUMBER]] )[[CLOSE]] ,[[PUNCT]] Γ[[UNKNOWN]] ^{\prime}[[POSTSUPERSCRIPT]] ([[OPEN]] 1[[NUMBER]] )[[CLOSE]] ][[CLOSE]]
	        > $\displaystyle\Gamma_{3}(1)=\frac{1}{2}[\Gamma(1),\Gamma^{\prime}(1)]\quad,\Gamma_{3}(2)=\frac{1}{2}[\Gamma(2),\Gamma^{\prime}(2)]\ .\@@ENDINLINEMATH[[PUNCT]] ,[[PUNCT]] Γ[[UNKNOWN]] _{3}[[POSTSUBSCRIPT]] ([[OPEN]] 2[[NUMBER]] )[[CLOSE]] =[[RELOP]] \frac{1}{2}[[UNKNOWN]] [[[OPEN]] Γ[[UNKNOWN]] ([[OPEN]] 2[[NUMBER]] )[[CLOSE]] ,[[PUNCT]] Γ[[UNKNOWN]] ^{\prime}[[POSTSUPERSCRIPT]] ([[OPEN]] 2[[NUMBER]] )[[CLOSE]] ][[CLOSE]]
 9.11 sec)
Math parsing succeeded:
   ltx:XMWrap: 1/1
   ltx:XMArg: 1303/1303
   ltx:XMath: 504/509
Symbols assumed as simple identifiers (with # of occurences):
   'A{caligraphic}' (4), 'A{italic}' (55), 'C{blackboard}' (12), 'C{caligraphic}' (1), 'D{italic}' (32), 'E{italic}' (3), 'F{italic}' (8), 'Gamma' (301), 'J{italic}' (3), 'L{caligraphic}' (3), 'L{italic}' (269), 'M{italic}' (22), 'N{italic}' (1), 'P{italic}' (17), 'R{italic}' (2), 'S{italic}' (14), 'T{italic}' (143), 'U{italic}' (10), 'V{italic}' (19), 'Z{blackboard}' (1), 'alpha' (1), 'a{italic}' (33), 'delta' (1), 'd{italic}' (1), 'epsilon' (9), 'e{italic}' (1), 'gamma' (32), 'g{italic}' (13), 'i{italic}' (43), 'j{italic}' (149), 'k{italic}' (13), 'l' (39), 'm{italic}' (6), 'n{italic}' (21), 'psi' (37), 'sigma' (12), 's{italic}' (61), 't{italic}' (18), 'xi' (8), 'x{italic}' (2)
Set MATHPARSER_SPECULATE to speculate on possible notations.
(Finalizing... 0.86 sec)
Conversion complete 5 warnings (See /home/user/latex-in-arxiv/0301242.latexml.log) (reqd. 19.35s)
