latexml (LaTeXML version 0.8.6) processing 2003/0301007.tex
(Digesting TeX 0301007...
(Loading /usr/share/perl5/LaTeXML/Package/TeX.pool.ltxml...
(Loading /usr/share/perl5/LaTeXML/Package/eTeX.pool.ltxml... 0.00 sec)
(Loading /usr/share/perl5/LaTeXML/Package/pdfTeX.pool.ltxml... 0.01 sec) 0.14 sec)
(Processing content /home/user/latex-in-arxiv/2003/0301007.tex...
(Loading /usr/share/perl5/LaTeXML/Package/LaTeX.pool.ltxml...
(Loading /usr/share/perl5/LaTeXML/Package/textcomp.sty.ltxml...
(Processing definitions /usr/share/texlive/texmf-dist/tex/latex-dev/base/ts1enc.dfu... 0.01 sec) 0.67 sec) 0.91 sec)
(Loading /usr/share/perl5/LaTeXML/Package/article.cls.ltxml... 0.01 sec)
(Loading /usr/share/perl5/LaTeXML/Package/a4wide.sty.ltxml... 0.00 sec)
(Loading /usr/share/perl5/LaTeXML/Package/epsfig.sty.ltxml...
(Loading /usr/share/perl5/LaTeXML/Package/graphicx.sty.ltxml...
(Loading /usr/share/perl5/LaTeXML/Package/graphics.sty.ltxml... 0.00 sec) 0.01 sec) 0.02 sec)
(Loading /usr/share/perl5/LaTeXML/Package/amsmath.sty.ltxml...
(Loading /usr/share/perl5/LaTeXML/Package/amsbsy.sty.ltxml...
(Loading /usr/share/perl5/LaTeXML/Package/amsgen.sty.ltxml... 0.00 sec) 0.00 sec)
(Loading /usr/share/perl5/LaTeXML/Package/amstext.sty.ltxml... 0.00 sec)
(Loading /usr/share/perl5/LaTeXML/Package/amsopn.sty.ltxml... 0.00 sec) 0.03 sec)
Info:ignore:\title Ignoring redefinition of \title
	at 0301007.tex; line 52 col 0 - line 52 col 19
Info:ignore:\author Ignoring redefinition of \author
	at 0301007.tex; line 58 col 0 - line 58 col 17
Warning:latex:\GenericWarning LaTeX Warning: Citation `Schwenk' on page 0 undefined
	at 0301007.tex; line 108 col 55 - line 108 col 55
	In Core::Definition::Primitive[\GenericW... /usr/share/perl5/LaTeXML/Package/LaTeX.pool.ltxml; line 5297
Warning:latex:\GenericWarning LaTeX Warning: Citation `JZZ02' on page 0 undefined
	at 0301007.tex; line 108 col 55 - line 108 col 55
	In Core::Definition::Primitive[\GenericW... /usr/share/perl5/LaTeXML/Package/LaTeX.pool.ltxml; line 5297
Warning:latex:\GenericWarning LaTeX Warning: Citation `Zachos' on page 0 undefined
	at 0301007.tex; line 217 col 72 - line 217 col 72
	In Core::Definition::Primitive[\GenericW... /usr/share/perl5/LaTeXML/Package/LaTeX.pool.ltxml; line 5297
Warning:latex:\GenericWarning LaTeX Warning: Citation `Solomon' on page 0 undefined
	at 0301007.tex; line 217 col 72 - line 217 col 72
	In Core::Definition::Primitive[\GenericW... /usr/share/perl5/LaTeXML/Package/LaTeX.pool.ltxml; line 5297
 2.93 sec) 3.09 sec)
(Building...
(Loading compiled schema /usr/share/perl5/LaTeXML/resources/RelaxNG/LaTeXML.model... 0.01 sec) 2.64 sec)
(Rewriting... 0.11 sec)
(Math Parsing 390 formulae ......
Warning:not_parsed:ATOM.OPERATOR.POSTSUBSCRIPT>OPEN MathParser failed to match rule 'Anything'
	at 0301007.tex; line 314 col 0 - line 317 col 14
	In "\begin{equation}P^{2}=-\frac{1}{4}\partial_{X}\bigl{(}1+\eta U+U^{2}\bigl{)}%
	\partial_{X},\end{equation}"
	P[[UNKNOWN]] ^{2}[[POSTSUPERSCRIPT]] =[[RELOP]] -[[ADDOP]] \frac{1}{4}[[UNKNOWN]] ∂[[OPERATOR]] _{X}[[POSTSUBSCRIPT]]
	        > ([[OPEN]] 1[[NUMBER]] +[[ADDOP]] η[[UNKNOWN]] U[[UNKNOWN]] +[[ADDOP]] U[[UNKNOWN]] ^{2}[[POSTSUPERSCRIPT]] )[[OPEN]] ∂[[OPERATOR]] _{X}[[POSTSUBSCRIPT]]
Warning:not_parsed:RELOP.ADDOP.ATOM>OPEN MathParser failed to match rule 'Anything'
	at 0301007.tex; line 327 col 1 - line 327 col 1
	In "$\displaystyle j_{q}(X,t)=-\frac{i}{8\mu}\Bigl{\{}\bigl{[}(1+\eta U+U^{2})%
	\bigl{(}\partial_{X}\psi(X,t)\bigr{)}_{q}\bigr{]}\psi^{*}(X,t)\@@ENDINLINEMATH"
	j[[UNKNOWN]] _{q}[[POSTSUBSCRIPT]] ([[OPEN]] X[[UNKNOWN]] ,[[PUNCT]] t[[UNKNOWN]] )[[CLOSE]] =[[RELOP]] -[[ADDOP]] \frac{i}{8\mu}[[UNKNOWN]]
	        > \{[[OPEN]] [[[OPEN]] ([[OPEN]] 1[[NUMBER]] +[[ADDOP]] η[[UNKNOWN]] U[[UNKNOWN]] +[[ADDOP]] U[[UNKNOWN]] ^{2}[[POSTSUPERSCRIPT]] )[[CLOSE]] ([[OPEN]] ∂[[OPERATOR]] _{X}[[POSTSUBSCRIPT]] ψ[[UNKNOWN]] ([[OPEN]] X[[UNKNOWN]] ,[[PUNCT]] t[[UNKNOWN]] )[[CLOSE]] )[[CLOSE]] _{q}[[POSTSUBSCRIPT]] ][[CLOSE]] ψ[[UNKNOWN]] ^{*}[[POSTSUPERSCRIPT]] ([[OPEN]] X[[UNKNOWN]] ,[[PUNCT]] t[[UNKNOWN]] )[[CLOSE]]
Warning:not_parsed:RELOP.ADDOP.ATOM>OPEN MathParser failed to match rule 'Anything'
	at 0301007.tex; line 327 col 1 - line 329 col 1
	In "$\displaystyle j_{q}(X,t)=-\frac{i}{8\mu}\Bigl{\{}\bigl{[}(1+\eta U+U^{2})%
	\bigl{(}\partial_{X}\psi(X,t)\bigr{)}_{q}\bigr{]}\psi^{*}(X,t)$"
	j[[UNKNOWN]] _{q}[[POSTSUBSCRIPT]] ([[OPEN]] X[[UNKNOWN]] ,[[PUNCT]] t[[UNKNOWN]] )[[CLOSE]] =[[RELOP]] -[[ADDOP]] \frac{i}{8\mu}[[UNKNOWN]]
	        > \{[[OPEN]] [[[OPEN]] ([[OPEN]] 1[[NUMBER]] +[[ADDOP]] η[[UNKNOWN]] U[[UNKNOWN]] +[[ADDOP]] U[[UNKNOWN]] ^{2}[[POSTSUPERSCRIPT]] )[[CLOSE]] ([[OPEN]] ∂[[OPERATOR]] _{X}[[POSTSUBSCRIPT]] ψ[[UNKNOWN]] ([[OPEN]] X[[UNKNOWN]] ,[[PUNCT]] t[[UNKNOWN]] )[[CLOSE]] )[[CLOSE]] _{q}[[POSTSUBSCRIPT]] ][[CLOSE]] ψ[[UNKNOWN]] ^{*}[[POSTSUPERSCRIPT]] ([[OPEN]] X[[UNKNOWN]] ,[[PUNCT]] t[[UNKNOWN]] )[[CLOSE]]
Warning:not_parsed:PUNCT.UNKNOWN.CLOSE>CLOSE MathParser failed to match rule 'Anything'
	at 0301007.tex; line 329 col 1 - line 329 col 1
	In "$\displaystyle-\bigl{[}(1+\eta U+U^{2})\bigl{(}\partial_{X}\psi(X,t)\bigr{)}_{%
	q}\bigr{]}^{*}\psi(X,t)\Bigr{\}}.\@@ENDINLINEMATH"
	-[[ADDOP]] [[[OPEN]] ([[OPEN]] 1[[NUMBER]] +[[ADDOP]] η[[UNKNOWN]] U[[UNKNOWN]] +[[ADDOP]] U[[UNKNOWN]] ^{2}[[POSTSUPERSCRIPT]] )[[CLOSE]] ([[OPEN]] ∂[[OPERATOR]] _{X}[[POSTSUBSCRIPT]] ψ[[UNKNOWN]] ([[OPEN]] X[[UNKNOWN]] ,[[PUNCT]] t[[UNKNOWN]] )[[CLOSE]] )[[CLOSE]] _{q}[[POSTSUBSCRIPT]] ][[CLOSE]] ^{*}[[POSTSUPERSCRIPT]] ψ[[UNKNOWN]] ([[OPEN]] X[[UNKNOWN]] ,[[PUNCT]] t[[UNKNOWN]] )[[CLOSE]]
	        > \}[[CLOSE]]
Warning:not_parsed:PUNCT.UNKNOWN.CLOSE>CLOSE MathParser failed to match rule 'Anything'
	at 0301007.tex; line 329 col 1 - line 331 col 14
	In "$\displaystyle-\bigl{[}(1+\eta U+U^{2})\bigl{(}\partial_{X}\psi(X,t)\bigr{)}_{%
	q}\bigr{]}^{*}\psi(X,t)\Bigr{\}}.$"
	-[[ADDOP]] [[[OPEN]] ([[OPEN]] 1[[NUMBER]] +[[ADDOP]] η[[UNKNOWN]] U[[UNKNOWN]] +[[ADDOP]] U[[UNKNOWN]] ^{2}[[POSTSUPERSCRIPT]] )[[CLOSE]] ([[OPEN]] ∂[[OPERATOR]] _{X}[[POSTSUBSCRIPT]] ψ[[UNKNOWN]] ([[OPEN]] X[[UNKNOWN]] ,[[PUNCT]] t[[UNKNOWN]] )[[CLOSE]] )[[CLOSE]] _{q}[[POSTSUBSCRIPT]] ][[CLOSE]] ^{*}[[POSTSUPERSCRIPT]] ψ[[UNKNOWN]] ([[OPEN]] X[[UNKNOWN]] ,[[PUNCT]] t[[UNKNOWN]] )[[CLOSE]]
	        > \}[[CLOSE]]
Warning:not_parsed:RELOP.ADDOP.ATOM>OPEN MathParser failed to match rule 'Anything'
	at 0301007.tex; line 386 col 1 - line 386 col 1
	In "$\displaystyle S_{q}(X,t)=-\frac{i}{8\mu}\Bigl{\{}\bigl{[}(1+\eta U+U^{2})%
	\bigl{(}\partial_{X}\psi(qX,t)\bigr{)}_{q}\bigr{]}\bigl{(}\partial_{X}\psi^{*}%
	(X,t)\bigr{)}_{q}\@@ENDINLINEMATH"
	S[[UNKNOWN]] _{q}[[POSTSUBSCRIPT]] ([[OPEN]] X[[UNKNOWN]] ,[[PUNCT]] t[[UNKNOWN]] )[[CLOSE]] =[[RELOP]] -[[ADDOP]] \frac{i}{8\mu}[[UNKNOWN]]
	        > \{[[OPEN]] [[[OPEN]] ([[OPEN]] 1[[NUMBER]] +[[ADDOP]] η[[UNKNOWN]] U[[UNKNOWN]] +[[ADDOP]] U[[UNKNOWN]] ^{2}[[POSTSUPERSCRIPT]] )[[CLOSE]] ([[OPEN]] ∂[[OPERATOR]] _{X}[[POSTSUBSCRIPT]] ψ[[UNKNOWN]] ([[OPEN]] q[[UNKNOWN]] X[[UNKNOWN]] ,[[PUNCT]] t[[UNKNOWN]] )[[CLOSE]] )[[CLOSE]] _{q}[[POSTSUBSCRIPT]] ][[CLOSE]] ([[OPEN]] ∂[[OPERATOR]] _{X}[[POSTSUBSCRIPT]] ψ[[UNKNOWN]] ^{*}[[POSTSUPERSCRIPT]] ([[OPEN]] X[[UNKNOWN]] ,[[PUNCT]] t[[UNKNOWN]] )[[CLOSE]] )[[CLOSE]] _{q}[[POSTSUBSCRIPT]]
Warning:not_parsed:RELOP.ADDOP.ATOM>OPEN MathParser failed to match rule 'Anything'
	at 0301007.tex; line 386 col 1 - line 390 col 1
	In "$\displaystyle S_{q}(X,t)=-\frac{i}{8\mu}\Bigl{\{}\bigl{[}(1+\eta U+U^{2})%
	\bigl{(}\partial_{X}\psi(qX,t)\bigr{)}_{q}\bigr{]}\bigl{(}\partial_{X}\psi^{*}%
	(X,t)\bigr{)}_{q}$"
	S[[UNKNOWN]] _{q}[[POSTSUBSCRIPT]] ([[OPEN]] X[[UNKNOWN]] ,[[PUNCT]] t[[UNKNOWN]] )[[CLOSE]] =[[RELOP]] -[[ADDOP]] \frac{i}{8\mu}[[UNKNOWN]]
	        > \{[[OPEN]] [[[OPEN]] ([[OPEN]] 1[[NUMBER]] +[[ADDOP]] η[[UNKNOWN]] U[[UNKNOWN]] +[[ADDOP]] U[[UNKNOWN]] ^{2}[[POSTSUPERSCRIPT]] )[[CLOSE]] ([[OPEN]] ∂[[OPERATOR]] _{X}[[POSTSUBSCRIPT]] ψ[[UNKNOWN]] ([[OPEN]] q[[UNKNOWN]] X[[UNKNOWN]] ,[[PUNCT]] t[[UNKNOWN]] )[[CLOSE]] )[[CLOSE]] _{q}[[POSTSUBSCRIPT]] ][[CLOSE]] ([[OPEN]] ∂[[OPERATOR]] _{X}[[POSTSUBSCRIPT]] ψ[[UNKNOWN]] ^{*}[[POSTSUPERSCRIPT]] ([[OPEN]] X[[UNKNOWN]] ,[[PUNCT]] t[[UNKNOWN]] )[[CLOSE]] )[[CLOSE]] _{q}[[POSTSUBSCRIPT]]
Warning:not_parsed:CLOSE.CLOSE.POSTSUBSCRIPT>CLOSE MathParser failed to match rule 'Anything'
	at 0301007.tex; line 390 col 1 - line 390 col 1
	In "$\displaystyle-\bigl{[}(1+\eta U+U^{2})\bigl{(}\partial_{X}\psi(qX,t)\bigr{)}_%
	{q}\bigr{]}^{*}\bigl{(}\partial_{X}\psi(X,t)\bigr{)}_{q}\Bigr{\}}.\@@ENDINLINEMATH"
	-[[ADDOP]] [[[OPEN]] ([[OPEN]] 1[[NUMBER]] +[[ADDOP]] η[[UNKNOWN]] U[[UNKNOWN]] +[[ADDOP]] U[[UNKNOWN]] ^{2}[[POSTSUPERSCRIPT]] )[[CLOSE]] ([[OPEN]] ∂[[OPERATOR]] _{X}[[POSTSUBSCRIPT]] ψ[[UNKNOWN]] ([[OPEN]] q[[UNKNOWN]] X[[UNKNOWN]] ,[[PUNCT]] t[[UNKNOWN]] )[[CLOSE]] )[[CLOSE]] _{q}[[POSTSUBSCRIPT]] ][[CLOSE]] ^{*}[[POSTSUPERSCRIPT]] ([[OPEN]] ∂[[OPERATOR]] _{X}[[POSTSUBSCRIPT]] ψ[[UNKNOWN]] ([[OPEN]] X[[UNKNOWN]] ,[[PUNCT]] t[[UNKNOWN]] )[[CLOSE]] )[[CLOSE]] _{q}[[POSTSUBSCRIPT]]
	        > \}[[CLOSE]]
Warning:not_parsed:CLOSE.CLOSE.POSTSUBSCRIPT>CLOSE MathParser failed to match rule 'Anything'
	at 0301007.tex; line 390 col 1 - line 392 col 14
	In "$\displaystyle-\bigl{[}(1+\eta U+U^{2})\bigl{(}\partial_{X}\psi(qX,t)\bigr{)}_%
	{q}\bigr{]}^{*}\bigl{(}\partial_{X}\psi(X,t)\bigr{)}_{q}\Bigr{\}}.$"
	-[[ADDOP]] [[[OPEN]] ([[OPEN]] 1[[NUMBER]] +[[ADDOP]] η[[UNKNOWN]] U[[UNKNOWN]] +[[ADDOP]] U[[UNKNOWN]] ^{2}[[POSTSUPERSCRIPT]] )[[CLOSE]] ([[OPEN]] ∂[[OPERATOR]] _{X}[[POSTSUBSCRIPT]] ψ[[UNKNOWN]] ([[OPEN]] q[[UNKNOWN]] X[[UNKNOWN]] ,[[PUNCT]] t[[UNKNOWN]] )[[CLOSE]] )[[CLOSE]] _{q}[[POSTSUBSCRIPT]] ][[CLOSE]] ^{*}[[POSTSUPERSCRIPT]] ([[OPEN]] ∂[[OPERATOR]] _{X}[[POSTSUBSCRIPT]] ψ[[UNKNOWN]] ([[OPEN]] X[[UNKNOWN]] ,[[PUNCT]] t[[UNKNOWN]] )[[CLOSE]] )[[CLOSE]] _{q}[[POSTSUBSCRIPT]]
	        > \}[[CLOSE]]
Warning:not_parsed:ATOM>FLOATSUPERSCRIPT MathParser failed to match rule 'Anything'
	at 0301007.tex; line 549 col 0 - line 550 col 29
	In "$\tilde{H}{}^{(q)}_{I}(\tilde{x},\tilde{p})$"
	\tilde{H}[[UNKNOWN]]
	        > {}^{(q)}[[FLOATSUPERSCRIPT]] _{I}[[POSTSUBSCRIPT]] ([[OPEN]] \tilde{x}[[UNKNOWN]] ,[[PUNCT]] \tilde{p}[[UNKNOWN]] )[[CLOSE]]
Warning:not_parsed:UNKNOWN.ATOM.POSTSUBSCRIPT>OPEN MathParser failed to match rule 'Anything'
	at 0301007.tex; line 714 col 6 - line 714 col 6
	In "$\displaystyle\tilde{J}^{(2)}_{q}=\int d\tilde{x}_{0}\tilde{j}^{(2)}_{q}(%
	\tilde{x}_{0},t)=\int d\tilde{x}_{0}\bigl{[}-4\bigl{(}\tilde{j}^{(2)}_{q0}(%
	\tilde{x}_{0},t)-\frac{1}{6}j^{(2)}_{un}(\tilde{x}_{0},t)\bigr{]}\sim\int d%
	\tilde{x}_{0}\bigl{[}-4\bigl{(}(\partial_{\tilde{x}_{0}}\psi_{n}^{(0)\ast}(%
	\tilde{x}_{0}))\tilde{x}_{0}^{2}\partial_{\tilde{x}_{0}}^{2}\psi_{n}^{(0)}(%
	\tilde{x}_{0})-(\partial_{\tilde{x}_{0}}^{2}\psi_{n}^{(0)\ast}(\tilde{x}_{0}))%
	\tilde{x}_{0}^{2}\partial_{\tilde{x}_{0}}\psi_{n}^{(0)}(\tilde{x}_{0})\bigr{)}%
	-\bigl{(}\psi_{n}^{(0)\ast}(\tilde{x}_{0})\partial_{\tilde{x}_{0}}\psi_{n}^{(0%
	)}(\tilde{x}_{0})-(\partial_{\tilde{x}_{0}}\psi_{n}^{(0)\ast}(\tilde{x}_{0}))%
	\psi_{n}^{(0)}(\tilde{x}_{0})\bigr{)}\bigr{]}\sim\int d\tilde{x}_{0}\psi_{n}^{%
	(0)\ast}(\tilde{x}_{0})\bigl{[}2i\tilde{x}_{0}^{2}\tilde{p}^{3}+6\tilde{x}_{0}%
	p^{2}-2i\tilde{p}\bigr{]}\psi_{n}^{(0)}(\tilde{x}_{0})\@@ENDINLINEMATH"
	\tilde{J}[[UNKNOWN]] ^{(2)}[[POSTSUPERSCRIPT]] _{q}[[POSTSUBSCRIPT]] =[[RELOP]] ∫[[INTOP]] d[[UNKNOWN]] \tilde{x}[[UNKNOWN]] _{0}[[POSTSUBSCRIPT]] \tilde{j}[[UNKNOWN]] ^{(2)}[[POSTSUPERSCRIPT]] _{q}[[POSTSUBSCRIPT]] ([[OPEN]] \tilde{x}[[UNKNOWN]] _{0}[[POSTSUBSCRIPT]] ,[[PUNCT]] t[[UNKNOWN]] )[[CLOSE]] =[[RELOP]] ∫[[INTOP]] d[[UNKNOWN]] \tilde{x}[[UNKNOWN]] _{0}[[POSTSUBSCRIPT]]
	        > [[[OPEN]] -[[ADDOP]] 4[[NUMBER]] ([[OPEN]] \tilde{j}[[UNKNOWN]] ^{(2)}[[POSTSUPERSCRIPT]] _{q0}[[POSTSUBSCRIPT]] ([[OPEN]] \tilde{x}[[UNKNOWN]] _{0}[[POSTSUBSCRIPT]] ,[[PUNCT]] t[[UNKNOWN]] )[[CLOSE]] -[[ADDOP]] \frac{1}{6}[[UNKNOWN]] j[[UNKNOWN]] ^{(2)}[[POSTSUPERSCRIPT]] _{un}[[POSTSUBSCRIPT]] ([[OPEN]] \tilde{x}[[UNKNOWN]] _{0}[[POSTSUBSCRIPT]] ,[[PUNCT]] t[[UNKNOWN]] )[[CLOSE]] ][[CLOSE]] ∼[[RELOP]] ∫[[INTOP]] d[[UNKNOWN]] \tilde{x}[[UNKNOWN]] _{0}[[POSTSUBSCRIPT]] [[[OPEN]] -[[ADDOP]] 4[[NUMBER]] ([[OPEN]] ([[OPEN]] ∂[[OPERATOR]] _{\tilde{x}_{0}}[[POSTSUBSCRIPT]] ψ[[UNKNOWN]] _{n}[[POSTSUBSCRIPT]] ^{(0)\ast}[[POSTSUPERSCRIPT]] ([[OPEN]] \tilde{x}[[UNKNOWN]] _{0}[[POSTSUBSCRIPT]] )[[CLOSE]] )[[CLOSE]] \tilde{x}[[UNKNOWN]] _{0}[[POSTSUBSCRIPT]] ^{2}[[POSTSUPERSCRIPT]] ∂[[OPERATOR]] _{\tilde{x}_{0}}[[POSTSUBSCRIPT]] ^{2}[[POSTSUPERSCRIPT]] ...
Warning:not_parsed:UNKNOWN.ATOM.POSTSUBSCRIPT>OPEN MathParser failed to match rule 'Anything'
	at 0301007.tex; line 714 col 25 - line 717 col 1
	In "$\displaystyle\int d\tilde{x}_{0}\tilde{j}^{(2)}_{q}(\tilde{x}_{0},t)=\int d%
	\tilde{x}_{0}\bigl{[}-4\bigl{(}\tilde{j}^{(2)}_{q0}(\tilde{x}_{0},t)-\frac{1}{%
	6}j^{(2)}_{un}(\tilde{x}_{0},t)\bigr{]}$"
	∫[[INTOP]] d[[UNKNOWN]] \tilde{x}[[UNKNOWN]] _{0}[[POSTSUBSCRIPT]] \tilde{j}[[UNKNOWN]] ^{(2)}[[POSTSUPERSCRIPT]] _{q}[[POSTSUBSCRIPT]] ([[OPEN]] \tilde{x}[[UNKNOWN]] _{0}[[POSTSUBSCRIPT]] ,[[PUNCT]] t[[UNKNOWN]] )[[CLOSE]] =[[RELOP]] ∫[[INTOP]] d[[UNKNOWN]] \tilde{x}[[UNKNOWN]] _{0}[[POSTSUBSCRIPT]]
	        > [[[OPEN]] -[[ADDOP]] 4[[NUMBER]] ([[OPEN]] \tilde{j}[[UNKNOWN]] ^{(2)}[[POSTSUPERSCRIPT]] _{q0}[[POSTSUBSCRIPT]] ([[OPEN]] \tilde{x}[[UNKNOWN]] _{0}[[POSTSUBSCRIPT]] ,[[PUNCT]] t[[UNKNOWN]] )[[CLOSE]] -[[ADDOP]] \frac{1}{6}[[UNKNOWN]] j[[UNKNOWN]] ^{(2)}[[POSTSUPERSCRIPT]] _{un}[[POSTSUBSCRIPT]] ([[OPEN]] \tilde{x}[[UNKNOWN]] _{0}[[POSTSUBSCRIPT]] ,[[PUNCT]] t[[UNKNOWN]] )[[CLOSE]] ][[CLOSE]]
Warning:not_parsed:UNKNOWN.ATOM.POSTSUBSCRIPT>OPEN MathParser failed to match rule 'Anything'
	at 0301007.tex; line 717 col 11 - line 723 col 1
	In "$\displaystyle\int d\tilde{x}_{0}\bigl{[}-4\bigl{(}(\partial_{\tilde{x}_{0}}%
	\psi_{n}^{(0)\ast}(\tilde{x}_{0}))\tilde{x}_{0}^{2}\partial_{\tilde{x}_{0}}^{2%
	}\psi_{n}^{(0)}(\tilde{x}_{0})-(\partial_{\tilde{x}_{0}}^{2}\psi_{n}^{(0)\ast}%
	(\tilde{x}_{0}))\tilde{x}_{0}^{2}\partial_{\tilde{x}_{0}}\psi_{n}^{(0)}(\tilde%
	{x}_{0})\bigr{)}$"
	∫[[INTOP]] d[[UNKNOWN]] \tilde{x}[[UNKNOWN]] _{0}[[POSTSUBSCRIPT]]
	        > [[[OPEN]] -[[ADDOP]] 4[[NUMBER]] ([[OPEN]] ([[OPEN]] ∂[[OPERATOR]] _{\tilde{x}_{0}}[[POSTSUBSCRIPT]] ψ[[UNKNOWN]] _{n}[[POSTSUBSCRIPT]] ^{(0)\ast}[[POSTSUPERSCRIPT]] ([[OPEN]] \tilde{x}[[UNKNOWN]] _{0}[[POSTSUBSCRIPT]] )[[CLOSE]] )[[CLOSE]] \tilde{x}[[UNKNOWN]] _{0}[[POSTSUBSCRIPT]] ^{2}[[POSTSUPERSCRIPT]] ∂[[OPERATOR]] _{\tilde{x}_{0}}[[POSTSUBSCRIPT]] ^{2}[[POSTSUPERSCRIPT]] ψ[[UNKNOWN]] _{n}[[POSTSUBSCRIPT]] ^{(0)}[[POSTSUPERSCRIPT]] ([[OPEN]] \tilde{x}[[UNKNOWN]] _{0}[[POSTSUBSCRIPT]] )[[CLOSE]] -[[ADDOP]] ([[OPEN]] ∂[[OPERATOR]] _{\tilde{x}_{0}}[[POSTSUBSCRIPT]] ^{2}[[POSTSUPERSCRIPT]] ψ[[UNKNOWN]] _{n}[[POSTSUBSCRIPT]] ^{(0)\ast}[[POSTSUPERSCRIPT]] ([[OPEN]] \tilde{x}[[UNKNOWN]] _{0}[[POSTSUBSCRIPT]] )[[CLOSE]] )[[CLOSE]] \tilde{x}[[UNKNOWN]] _{0}[[POSTSUBSCRIPT]] ^{2}[[POSTSUPERSCRIPT]] ∂[[OPERATOR]] _{\tilde{x}_{0}}[[POSTSUBSCRIPT]] ψ[[UNKNOWN]] _{n}[[POSTSUBSCRIPT]] ^{(0)}[[POSTSUPERSCRIPT]] ([[OPEN]] \tilde{x}[[UNKNOWN]] ...
Warning:not_parsed:POSTSUBSCRIPT.CLOSE.CLOSE>CLOSE MathParser failed to match rule 'Anything'
	at 0301007.tex; line 723 col 3 - line 728 col 1
	In "$\displaystyle-\bigl{(}\psi_{n}^{(0)\ast}(\tilde{x}_{0})\partial_{\tilde{x}_{0%
	}}\psi_{n}^{(0)}(\tilde{x}_{0})-(\partial_{\tilde{x}_{0}}\psi_{n}^{(0)\ast}(%
	\tilde{x}_{0}))\psi_{n}^{(0)}(\tilde{x}_{0})\bigr{)}\bigr{]}$"
	-[[ADDOP]] ([[OPEN]] ψ[[UNKNOWN]] _{n}[[POSTSUBSCRIPT]] ^{(0)\ast}[[POSTSUPERSCRIPT]] ([[OPEN]] \tilde{x}[[UNKNOWN]] _{0}[[POSTSUBSCRIPT]] )[[CLOSE]] ∂[[OPERATOR]] _{\tilde{x}_{0}}[[POSTSUBSCRIPT]] ψ[[UNKNOWN]] _{n}[[POSTSUBSCRIPT]] ^{(0)}[[POSTSUPERSCRIPT]] ([[OPEN]] \tilde{x}[[UNKNOWN]] _{0}[[POSTSUBSCRIPT]] )[[CLOSE]] -[[ADDOP]] ([[OPEN]] ∂[[OPERATOR]] _{\tilde{x}_{0}}[[POSTSUBSCRIPT]] ψ[[UNKNOWN]] _{n}[[POSTSUBSCRIPT]] ^{(0)\ast}[[POSTSUPERSCRIPT]] ([[OPEN]] \tilde{x}[[UNKNOWN]] _{0}[[POSTSUBSCRIPT]] )[[CLOSE]] )[[CLOSE]] ψ[[UNKNOWN]] _{n}[[POSTSUBSCRIPT]] ^{(0)}[[POSTSUPERSCRIPT]] ([[OPEN]] \tilde{x}[[UNKNOWN]] _{0}[[POSTSUBSCRIPT]] )[[CLOSE]] )[[CLOSE]]
	        > ][[CLOSE]]
 14.81 sec)
Math parsing succeeded:
   ltx:XMath: 376/390
   ltx:XMArg: 1422/1422
Symbols assumed as simple identifiers (with # of occurences):
   'A{italic}' (7), 'E{italic}' (1), 'F{italic}' (13), 'H{italic}' (15), 'I{italic}' (1), 'J{caligraphic}' (17), 'P{italic}' (22), 'S{italic}' (8), 'U{italic}' (57), 'V{italic}' (26), 'X{italic}' (114), 'a{italic}' (1), 'b{italic}' (1), 'd{italic}' (25), 'eta' (24), 'e{italic}' (4), 'f{italic}' (37), 'g{italic}' (6), 'h{italic}' (6), 'i{italic}' (20), 'j{italic}' (40), 'kappa' (4), 'k{italic}' (2), 'mu' (22), 'm{italic}' (3), 'n{italic}' (13), 'phi' (1), 'psi' (156), 'p{italic}' (4), 'q{italic}' (106), 'rho' (3), 't{italic}' (166), 'un' (1), 'u{italic}' (4), 'xi' (4), 'x{italic}' (2), '§' (1)
Set MATHPARSER_SPECULATE to speculate on possible notations.
(Finalizing... 0.66 sec)
Conversion complete 18 warnings (See /home/user/latex-in-arxiv/0301007.latexml.log) (reqd. 21.88s)
