latexml (LaTeXML version 0.8.6) processing 2003/0301159.tex
(Digesting TeX 0301159...
(Loading /usr/share/perl5/LaTeXML/Package/TeX.pool.ltxml...
(Loading /usr/share/perl5/LaTeXML/Package/eTeX.pool.ltxml... 0.01 sec)
(Loading /usr/share/perl5/LaTeXML/Package/pdfTeX.pool.ltxml... 0.01 sec) 0.18 sec)
(Processing content /home/user/latex-in-arxiv/2003/0301159.tex...
(Loading /usr/share/perl5/LaTeXML/Package/LaTeX.pool.ltxml...
(Loading /usr/share/perl5/LaTeXML/Package/textcomp.sty.ltxml...
(Processing definitions /usr/share/texlive/texmf-dist/tex/latex-dev/base/ts1enc.dfu... 0.03 sec) 1.43 sec) 1.68 sec)
(Loading /usr/share/perl5/LaTeXML/Package/revtex4.cls.ltxml...
(Loading /usr/share/perl5/LaTeXML/Package/article.cls.ltxml... 0.01 sec)
(Loading /usr/share/perl5/LaTeXML/Package/revtex4_support.sty.ltxml...
(Loading /usr/share/perl5/LaTeXML/Package/hyperref.sty.ltxml...
(Loading /usr/share/perl5/LaTeXML/Package/keyval.sty.ltxml...
(Processing definitions /usr/share/texlive/texmf-dist/tex/latex-dev/graphics/keyval.sty... 0.02 sec) 0.02 sec)
(Loading /usr/share/perl5/LaTeXML/Package/nameref.sty.ltxml... 0.00 sec)
(Loading /usr/share/perl5/LaTeXML/Package/url.sty.ltxml... 0.00 sec) 0.09 sec)
(Loading /usr/share/perl5/LaTeXML/Package/natbib.sty.ltxml... 0.02 sec)
(Loading /usr/share/perl5/LaTeXML/Package/revsymb.sty.ltxml... 0.00 sec)
(Loading /usr/share/perl5/LaTeXML/Package/longtable.sty.ltxml... 0.00 sec)
(Loading /usr/share/perl5/LaTeXML/Package/dcolumn.sty.ltxml...
(Loading /usr/share/perl5/LaTeXML/Package/array.sty.ltxml... 0.00 sec) 0.01 sec) 0.17 sec) 0.58 sec)
(Loading /usr/share/perl5/LaTeXML/Package/amsmath.sty.ltxml...
(Loading /usr/share/perl5/LaTeXML/Package/amsbsy.sty.ltxml...
(Loading /usr/share/perl5/LaTeXML/Package/amsgen.sty.ltxml... 0.00 sec) 0.01 sec)
(Loading /usr/share/perl5/LaTeXML/Package/amstext.sty.ltxml... 0.01 sec)
(Loading /usr/share/perl5/LaTeXML/Package/amsopn.sty.ltxml... 0.01 sec) 0.06 sec)
(Loading /usr/share/perl5/LaTeXML/Package/amscd.sty.ltxml... 0.01 sec)
(Loading /usr/share/perl5/LaTeXML/Package/amssymb.sty.ltxml...
(Loading /usr/share/perl5/LaTeXML/Package/amsfonts.sty.ltxml... 0.00 sec) 0.02 sec)
(Loading /usr/share/perl5/LaTeXML/Package/mathrsfs.sty.ltxml... 0.00 sec) 8.71 sec) 8.99 sec)
(Building...
(Loading compiled schema /usr/share/perl5/LaTeXML/resources/RelaxNG/LaTeXML.model... 0.01 sec)
Warning:unexpected:eqnarray Unrecognized equation patterns (1) in eqnarray
	at 0301159.tex; line 979 col 1 - line 979 col 1
	In Core::Definition::Constructor[\@@eqna... /usr/share/perl5/LaTeXML/Package/LaTeX.pool.ltxml; line 2290
 8.60 sec)
(Rewriting... 0.15 sec)
(Math Parsing 313 formulae ...... 19.04 sec)
Math parsing succeeded:
   ltx:XMArg: 682/682
   ltx:XMath: 313/313
Symbols assumed as simple identifiers (with # of occurences):
   'A{italic}' (1), 'C{blackboard}' (8), 'E{italic}' (5), 'F{italic}' (3), 'Gamma' (8), 'G{italic}' (4), 'H{italic}' (7), 'H{script}' (40), 'I{blackboard}' (4), 'L{italic}' (7), 'Omega' (2), 'Phi' (43), 'R{blackboard}' (35), 'S{italic}' (12), 'S{script}' (20), 'T{italic}' (3), 'U{italic}' (9), 'W{italic}' (39), 'e{italic}' (14), 'g{fraktur}' (17), 'i{italic}' (28), 'j{italic}' (1), 'kappa' (41), 'k{italic}' (85), 'lambda' (8), 'l{italic}' (2), 'm{italic}' (11), 'n{italic}' (11), 'omega' (1), 'o{italic}' (9), 'phi' (54), 'psi' (95), 'p{fraktur}' (20), 'p{italic}' (55), 's{fraktur}' (21), 'tau' (4), 'theta' (1), 't{italic}' (66), 'u{fraktur}' (1), 'u{italic}' (10), 'x{italic}' (10), 'y{italic}' (4)
Set MATHPARSER_SPECULATE to speculate on possible notations.
(Finalizing... 0.86 sec)
Conversion complete 1 warning (See /home/user/latex-in-arxiv/0301159.latexml.log) (reqd. 38.39s)
