latexml (LaTeXML version 0.8.6) processing 2003/0301217.tex
(Digesting TeX 0301217...
(Loading /usr/share/perl5/LaTeXML/Package/TeX.pool.ltxml...
(Loading /usr/share/perl5/LaTeXML/Package/eTeX.pool.ltxml... 0.01 sec)
(Loading /usr/share/perl5/LaTeXML/Package/pdfTeX.pool.ltxml... 0.01 sec) 0.19 sec)
(Processing content /home/user/latex-in-arxiv/2003/0301217.tex...
(Loading /usr/share/perl5/LaTeXML/Package/LaTeX.pool.ltxml...
(Loading /usr/share/perl5/LaTeXML/Package/textcomp.sty.ltxml...
(Processing definitions /usr/share/texlive/texmf-dist/tex/latex-dev/base/ts1enc.dfu... 0.03 sec) 1.56 sec) 1.83 sec)
(Loading /usr/share/perl5/LaTeXML/Package/article.cls.ltxml... 0.01 sec)
(Loading /usr/share/perl5/LaTeXML/Package/epsfig.sty.ltxml...
(Loading /usr/share/perl5/LaTeXML/Package/graphicx.sty.ltxml...
(Loading /usr/share/perl5/LaTeXML/Package/graphics.sty.ltxml... 0.01 sec) 0.02 sec) 0.04 sec)
(Loading /usr/share/perl5/LaTeXML/Package/psfrag.sty.ltxml... 0.00 sec)
Info:ignore:\section Ignoring redefinition of \section
	at 0301217.tex; line 47 col 0 - line 47 col 64
Info:ignore:\subsection Ignoring redefinition of \subsection
	at 0301217.tex; line 51 col 0 - line 51 col 69
Info:unexpected:titlepage When using titlepage, Frontmatter will not be well-structured
	at 0301217.tex; line 58 col 0 - line 58 col 17
(Loading /usr/share/perl5/LaTeXML/Package/amsb.fontmap.ltxml... 0.00 sec)
Warning:psfrag:psfrag PSFrag fragments are being converted to footnotes.
	at 0301217.tex; line 597 col 0 - line 597 col 18
	In Core::Definition::Expandable[\psfrag@... /usr/share/perl5/LaTeXML/Package/psfrag.sty.ltxml; line 41
 10.65 sec) 10.93 sec)
(Building...
(Loading compiled schema /usr/share/perl5/LaTeXML/resources/RelaxNG/LaTeXML.model... 0.01 sec) 11.05 sec)
(Rewriting... 0.26 sec)
(Math Parsing 548 formulae ......
Warning:not_parsed:SUMOP.POSTSUBSCRIPT.POSTSUPERSCRIPT>OPEN MathParser failed to match rule 'Anything'
	at 0301217.tex; line 427 col 9 - line 428 col 1
	In "$\displaystyle\sum_{i=1}^{n}(\frac{m}{2}\mathop{{\rm Tr}}\Phi_{i}^{2}$"
	∑[[SUMOP]] _{i=1}[[POSTSUBSCRIPT]] ^{n}[[POSTSUPERSCRIPT]]
	        > ([[OPEN]] \frac{m}{2}[[UNKNOWN]] Tr[[BIGOP]] Φ[[UNKNOWN]] _{i}[[POSTSUBSCRIPT]] ^{2}[[POSTSUPERSCRIPT]]
Warning:not_parsed:ATOM.POSTSUBSCRIPT.CLOSE>CLOSE MathParser failed to match rule 'Anything'
	at 0301217.tex; line 428 col 6 - line 432 col 4
	In "$\displaystyle\mathop{{\rm Tr}}(F_{i}\Phi_{i+1}\tilde{F}_{i}-\tilde{F}_{i+1}%
	\Phi_{i}F_{i+1}+\lambda_{i}Q_{i}\Phi_{i}\tilde{Q}_{i}+\lambda^{\prime}_{i}Q_{i%
	+1}\Phi_{i+1}\tilde{Q}_{i+1}))$"
	Tr[[BIGOP]] ([[OPEN]] F[[UNKNOWN]] _{i}[[POSTSUBSCRIPT]] Φ[[UNKNOWN]] _{i+1}[[POSTSUBSCRIPT]] \tilde{F}[[UNKNOWN]] _{i}[[POSTSUBSCRIPT]] -[[ADDOP]] \tilde{F}[[UNKNOWN]] _{i+1}[[POSTSUBSCRIPT]] Φ[[UNKNOWN]] _{i}[[POSTSUBSCRIPT]] F[[UNKNOWN]] _{i+1}[[POSTSUBSCRIPT]] +[[ADDOP]] λ[[UNKNOWN]] _{i}[[POSTSUBSCRIPT]] Q[[UNKNOWN]] _{i}[[POSTSUBSCRIPT]] Φ[[UNKNOWN]] _{i}[[POSTSUBSCRIPT]] \tilde{Q}[[UNKNOWN]] _{i}[[POSTSUBSCRIPT]] +[[ADDOP]] λ[[UNKNOWN]] ^{\prime}[[POSTSUPERSCRIPT]] _{i}[[POSTSUBSCRIPT]] Q[[UNKNOWN]] _{i+1}[[POSTSUBSCRIPT]] Φ[[UNKNOWN]] _{i+1}[[POSTSUBSCRIPT]] \tilde{Q}[[UNKNOWN]] _{i+1}[[POSTSUBSCRIPT]] )[[CLOSE]]
	        > )[[CLOSE]]
Warning:not_parsed:UNKNOWN>METARELOP MathParser failed to match rule 'Anything'
	at 0301217.tex; line 937 col 0 - line 940 col 3
	In "\begin{equation}{\cal C}:~{}~{}~{}~{}F(x,y)=0~{}~{}~{}q=0~{}~{}~{}~{}x(p%
	\rightarrow\infty)=x_{*}~{}~{}~{}y(p\rightarrow\infty)=y_{*}\end{equation}"
	C[[UNKNOWN]]
	        > :[[METARELOP]] \begin{equation}{\calC}:~{}~{}~{}~{}F(x,y)=0~{}~{}~{}q=0~{}~{}~{}~{}x(p\rightarrow\infty)=x_{*}~{}~{}~{}y(p\rightarrow\infty)=y_{*}\end{equation}[[PUNCT]] F[[UNKNOWN]] ([[OPEN]] x[[UNKNOWN]] ,[[PUNCT]] y[[UNKNOWN]] )[[CLOSE]] =[[RELOP]] 0[[NUMBER]] q[[UNKNOWN]] =[[RELOP]] 0[[NUMBER]] \begin{equation}{\calC}:~{}~{}~{}~{}F(x,y)=0~{}~{}~{}q=0~{}~{}~{}~{}x(p\rightarrow\infty)=x_{*}~{}~{}~{}y(p\rightarrow\infty)=y_{*}\end{equation}[[PUNCT]] x[[UNKNOWN]] ([[OPEN]] p[[UNKNOWN]] →[[ARROW]] ∞[[ID]] )[[CLOSE]] =[[RELOP]] x[[UNKNOWN]] _{*}[[POSTSUBSCRIPT]] y[[UNKNOWN]] ([[OPEN]] p[[UNKNOWN]] →[[ARROW]] ∞[[ID]] )[[CLOSE]] =[[RELOP]] y[[UNKNOWN]] _{*}[[POSTSUBSCRIPT]]
Warning:not_parsed:ATOM.FLOATSUPERSCRIPT.UNKNOWN>OPEN MathParser failed to match rule 'Anything'
	at 0301217.tex; line 1229 col 0 - line 1233 col 3
	In "\begin{equation}Z={\cal N}\int d\Phi\,dQ^{m}d{\tilde{Q}}{}^{m}\,dQ{}^{M}d{%
	\tilde{Q}}{}^{M}\delta(Q{}_{i}^{M}{\tilde{Q}}{}_{j}^{M}-M_{ij})e^{-V_{\it MM}(%
	\Phi,Q,{\tilde{Q}})}\end{equation}"
	Z[[UNKNOWN]] =[[RELOP]] N[[UNKNOWN]] ∫[[INTOP]] d[[UNKNOWN]] Φ[[UNKNOWN]] d[[UNKNOWN]] Q[[UNKNOWN]] ^{m}[[POSTSUPERSCRIPT]] d[[UNKNOWN]] \tilde{Q}[[UNKNOWN]] {}^{m}[[FLOATSUPERSCRIPT]] d[[UNKNOWN]] Q[[UNKNOWN]] {}^{M}[[FLOATSUPERSCRIPT]] d[[UNKNOWN]] \tilde{Q}[[UNKNOWN]] {}^{M}[[FLOATSUPERSCRIPT]] δ[[UNKNOWN]]
	        > ([[OPEN]] Q[[UNKNOWN]] {}_{i}[[FLOATSUBSCRIPT]] ^{M}[[POSTSUPERSCRIPT]] \tilde{Q}[[UNKNOWN]] {}_{j}[[FLOATSUBSCRIPT]] ^{M}[[POSTSUPERSCRIPT]] -[[ADDOP]] M[[UNKNOWN]] _{ij}[[POSTSUBSCRIPT]] )[[CLOSE]] e[[UNKNOWN]] ^{-V_{\itMM}(\Phi,Q,{\tilde{Q}})}[[POSTSUPERSCRIPT]]
Warning:not_parsed:UNKNOWN>FLOATSUPERSCRIPT MathParser failed to match rule 'Anything'
	at 0301217.tex; line 1246 col 35 - line 1246 col 41
	In "$Q{}^{M}$"
	Q[[UNKNOWN]]
	        > {}^{M}[[FLOATSUPERSCRIPT]]
Warning:not_parsed:ATOM>FLOATSUPERSCRIPT MathParser failed to match rule 'Anything'
	at 0301217.tex; line 1246 col 48 - line 1246 col 62
	In "${\tilde{Q}}{}^{M}$"
	\tilde{Q}[[UNKNOWN]]
	        > {}^{M}[[FLOATSUPERSCRIPT]]
Warning:not_parsed:UNKNOWN.POSTSUPERSCRIPT.CLOSE>CLOSE MathParser failed to match rule 'Superscript'
	at 0301217.tex; line 1262 col 0 - line 1262 col 71
	In "\begin{equation}Z=e^{-{1\over g_{s}}{\cal F}_{\it massive}}\int d\Phi\,dQ{}^{M%
	}d{\tilde{Q}}{}^{M}\delta(Q{}_{i}^{M}{\tilde{Q}}{}_{j}^{M}-M_{ij})e^{-{1\over g%
	_{s}}{{\mathop{{\rm Tr}}}}[Q^{M}\Phi{\tilde{Q}}^{M}+\frac{1}{2}m_{A}\Phi^{2})]}\end{equation}"
	-[[ADDOP]] 1\overg_{s}[[UNKNOWN]] Tr[[BIGOP]] [[[OPEN]] Q[[UNKNOWN]] ^{M}[[POSTSUPERSCRIPT]] Φ[[UNKNOWN]] \tilde{Q}[[UNKNOWN]] ^{M}[[POSTSUPERSCRIPT]] +[[ADDOP]] \frac{1}{2}[[UNKNOWN]] m[[UNKNOWN]] _{A}[[POSTSUBSCRIPT]] Φ[[UNKNOWN]] ^{2}[[POSTSUPERSCRIPT]] )[[CLOSE]]
	        > ][[CLOSE]]
Warning:not_parsed:ATOM.FLOATSUPERSCRIPT.UNKNOWN>OPEN MathParser failed to match rule 'Anything'
	at 0301217.tex; line 1259 col 0 - line 1263 col 3
	Z[[UNKNOWN]] =[[RELOP]] e[[UNKNOWN]] ^{-{1\overg_{s}}{\calF}_{\itmassive}}[[POSTSUPERSCRIPT]] ∫[[INTOP]] d[[UNKNOWN]] Φ[[UNKNOWN]] d[[UNKNOWN]] Q[[UNKNOWN]] {}^{M}[[FLOATSUPERSCRIPT]] d[[UNKNOWN]] \tilde{Q}[[UNKNOWN]] {}^{M}[[FLOATSUPERSCRIPT]] δ[[UNKNOWN]]
	        > ([[OPEN]] Q[[UNKNOWN]] {}_{i}[[FLOATSUBSCRIPT]] ^{M}[[POSTSUPERSCRIPT]] \tilde{Q}[[UNKNOWN]] {}_{j}[[FLOATSUBSCRIPT]] ^{M}[[POSTSUPERSCRIPT]] -[[ADDOP]] M[[UNKNOWN]] _{ij}[[POSTSUBSCRIPT]] )[[CLOSE]] e[[UNKNOWN]] ^{-{1\overg_{s}}{{\mathop{{\rmTr}}}}[Q^{M}\Phi{\tilde{Q}}^{M}+\frac{1}{2}m_{A}\Phi^{2})]}[[POSTSUPERSCRIPT]]
Warning:not_parsed:ATOM.FLOATSUPERSCRIPT.UNKNOWN>OPEN MathParser failed to match rule 'Anything'
	at 0301217.tex; line 1279 col 0 - line 1282 col 3
	In "\begin{equation}Z=e^{-{1\over g_{s}}\left({\cal F}_{\it massive}+{1\over m_{A}%
	m^{2}}{\mathop{{\rm Tr}}}[M^{2}]\right)}\int dQ{}^{M}d{\tilde{Q}}{}^{M}\delta(%
	Q{}_{i}^{M}{\tilde{Q}}{}_{j}^{M}-M_{ij})\end{equation}"
	Z[[UNKNOWN]] =[[RELOP]] e[[UNKNOWN]] ^{-{1\overg_{s}}\left({\calF}_{\itmassive}+{1\overm_{A}m^{2}}{\mathop{{\rmTr}}}[M^{2}]\right)}[[POSTSUPERSCRIPT]] ∫[[INTOP]] d[[UNKNOWN]] Q[[UNKNOWN]] {}^{M}[[FLOATSUPERSCRIPT]] d[[UNKNOWN]] \tilde{Q}[[UNKNOWN]] {}^{M}[[FLOATSUPERSCRIPT]] δ[[UNKNOWN]]
	        > ([[OPEN]] Q[[UNKNOWN]] {}_{i}[[FLOATSUBSCRIPT]] ^{M}[[POSTSUPERSCRIPT]] \tilde{Q}[[UNKNOWN]] {}_{j}[[FLOATSUBSCRIPT]] ^{M}[[POSTSUPERSCRIPT]] -[[ADDOP]] M[[UNKNOWN]] _{ij}[[POSTSUBSCRIPT]] )[[CLOSE]]
Warning:not_parsed:ATOM.FLOATSUPERSCRIPT.UNKNOWN>OPEN MathParser failed to match rule 'Anything'
	at 0301217.tex; line 1286 col 0 - line 1289 col 3
	In "\begin{equation}\int dQ{}^{M}d{\tilde{Q}}{}^{M}\delta(Q{}_{i}^{M}{\tilde{Q}}{}%
	_{j}^{M}-M_{ij})=e^{{1\over g_{s}}\left[S\ln(\det M/\Lambda^{2N_{f}^{M}})-N_{f%
	}^{M}S\ln{S\over\Lambda^{3}}\right]}~{}~{}.\end{equation}"
	∫[[INTOP]] d[[UNKNOWN]] Q[[UNKNOWN]] {}^{M}[[FLOATSUPERSCRIPT]] d[[UNKNOWN]] \tilde{Q}[[UNKNOWN]] {}^{M}[[FLOATSUPERSCRIPT]] δ[[UNKNOWN]]
	        > ([[OPEN]] Q[[UNKNOWN]] {}_{i}[[FLOATSUBSCRIPT]] ^{M}[[POSTSUPERSCRIPT]] \tilde{Q}[[UNKNOWN]] {}_{j}[[FLOATSUBSCRIPT]] ^{M}[[POSTSUPERSCRIPT]] -[[ADDOP]] M[[UNKNOWN]] _{ij}[[POSTSUBSCRIPT]] )[[CLOSE]] =[[RELOP]] e[[UNKNOWN]] ^{{1\overg_{s}}\left[S\ln(\detM/\Lambda^{2N_{f}^{M}})-N_{f}^{M}S\ln{S\over\Lambda^{3}}\right]}[[POSTSUPERSCRIPT]]
 10.20 sec)
Math parsing succeeded:
   ltx:XMArg: 1287/1288
   ltx:XMath: 539/548
Symbols assumed as simple identifiers (with # of occurences):
   'A{italic}' (14), 'B{italic}' (6), 'C{caligraphic}' (3), 'C{italic}' (6), 'F{caligraphic}' (9), 'F{italic}' (17), 'H{italic}' (2), 'I{italic}' (9), 'Lambda' (44), 'M{italic}' (34), 'NS5{italic}' (1), 'N{caligraphic}' (40), 'N{italic}' (159), 'Omega' (6), 'O{caligraphic}' (12), 'Phi' (70), 'Pi' (3), 'P{italic}' (1), 'Q{italic}' (69), 'R{italic}' (6), 'Sigma' (4), 'S{italic}' (100), 'T{italic}' (2), 'U{italic}' (33), 'V{italic}' (4), 'W{italic}' (33), 'X{italic}' (66), 'Y{italic}' (72), 'Z{italic}' (81), 'alpha' (12), 'beta' (5), 'delta' (12), 'd{italic}' (49), 'e{italic}' (39), 'f{italic}' (1), 'g{italic}' (19), 'i{italic}' (96), 'j{italic}' (5), 'k{italic}' (20), 'lambda' (8), 'mu' (8), 'm{italic}' (94), 'n{italic}' (2), 'omega' (1), 'phi' (4), 'p{italic}' (14), 'q{italic}' (6), 'r{italic}' (2), 'tau' (5), 'theta' (24), 'u{italic}' (21), 'v{italic}' (21), 'x{italic}' (47), 'y{italic}' (41), 'zeta' (17)
Set MATHPARSER_SPECULATE to speculate on possible notations.
(Finalizing... 1.39 sec)
Conversion complete 11 warnings (See /home/user/latex-in-arxiv/0301217.latexml.log) (reqd. 34.83s)
