latexmlpost (LaTeXML version 0.8.6) paginating /home/user/latex-in-arxiv/2003/0301076.xml
Error:malformed:document Document fails RelaxNG validation (LaTeXML)
	Validation reports: /home/user/latex-in-arxiv/2003/0301076.xml:0: Relax-NG validity error : Element document has extra content: resource
	(Jing may provide a more precise report; https://relaxng.org/jclark/jing.html)
	In Post::Document[] /home/user/latex-in-arxiv/2003/0301076.xml
(post-processing...
(Scan  processing...
Scan: DBStatus: 1254/0 objects
 0.22 sec)
(MakeBibliography  processing... 0.00 sec)
(CrossRef  processing...
Warning:expected:ids Missing File location for ID: bib.bib17,S2.E16,S2.E2,bib.bib16,bib.bib14,bib.bib10,S2.E21,S2.E27,bib.bib19,bib.bib22,bib.bib8,A1.E5,bib.bib23,bib.bib12,A1.E8,S2.E25,A1.E7,bib.bib13,A1.E2,S3.E5,bib.bib20,S2.E24,S2.E20,S2.E5,A1.E12,A1.E3,bib.bib9,S3.E9,S2.E4,bib.bib1,bib.bib15,S2.E28,A1.F1,bib.bib3,A1.E11,bib.bib11,S2.E10,S2.E26,bib.bib21,bib.bib7,A1.E4,bib.bib4,S2.E11,S3.E1,bib.bib2,A1.E9,S2.E22,bib.bib5,A1.E10,bib.bib6,A1.E14,A1.E13
	In Post::CrossRef[@0x55eff25d5a90] ->process
Warning:expected:ids Missing Target for Label: LABEL:ebprime,LABEL:emtensor2,LABEL:tmne,LABEL:ts,LABEL:emtensor
	In Post::CrossRef[@0x55eff25d5a90] ->process
 0.15 sec)
(MathML::Presentation  441 to process...
converted 441 Maths
 1.41 sec)
(XSLT[using LaTeXML-html5.xsl]  processing... 0.20 sec)
(Writer  processing... 0.00 sec) 2.00 sec)
Postprocessing complete 2 warnings; 1 error (See /home/user/latex-in-arxiv/0301076.latexmlpost.log) (reqd. 2.17s)
