latexml (LaTeXML version 0.8.6) processing 2003/0301210.tex
(Digesting TeX 0301210...
(Loading /usr/share/perl5/LaTeXML/Package/TeX.pool.ltxml...
(Loading /usr/share/perl5/LaTeXML/Package/eTeX.pool.ltxml... 0.01 sec)
(Loading /usr/share/perl5/LaTeXML/Package/pdfTeX.pool.ltxml... 0.01 sec) 0.18 sec)
(Processing content /home/user/latex-in-arxiv/2003/0301210.tex...
(Loading /usr/share/perl5/LaTeXML/Package/LaTeX.pool.ltxml...
(Loading /usr/share/perl5/LaTeXML/Package/textcomp.sty.ltxml...
(Processing definitions /usr/share/texlive/texmf-dist/tex/latex-dev/base/ts1enc.dfu... 0.03 sec) 1.48 sec) 1.75 sec)
Info:unexpected:\documentstyle Entering LaTeX 2.09 Compatibility mode
	at 0301210.tex; line 1 col 0 - line 1 col 29
(Loading /usr/share/perl5/LaTeXML/Package/article.cls.ltxml... 0.01 sec) 4.33 sec) 4.53 sec)
(Building...
(Loading compiled schema /usr/share/perl5/LaTeXML/resources/RelaxNG/LaTeXML.model... 0.01 sec) 2.08 sec)
(Rewriting... 0.05 sec)
(Math Parsing 71 formulae ......
Warning:not_parsed:OPEN.UNKNOWN> MathParser failed to match rule 'Superscript'
	at 0301210.tex; line 50 col 62 - line 50 col 62
	In "\begin{equation}{{R^{*}}^{i}}_{k}={{R}^{i}}_{k}-{{\epsilon}^{i}}_{klm}D^{[l}K^%
	{m]}\end{equation}"
	[[[OPEN]] l[[UNKNOWN]]
	        > 
Warning:not_parsed:UNKNOWN>CLOSE MathParser failed to match rule 'Superscript'
	at 0301210.tex; line 50 col 0 - line 50 col 68
	m[[UNKNOWN]]
	        > ][[CLOSE]]
Warning:not_parsed:OPEN.UNKNOWN> MathParser failed to match rule 'Superscript'
	at 0301210.tex; line 60 col 17 - line 60 col 17
	In "\begin{equation}{\partial}^{{[l}}K^{m]}=0\end{equation}"
	[[[OPEN]] l[[UNKNOWN]]
	        > 
Warning:not_parsed:UNKNOWN>CLOSE MathParser failed to match rule 'Superscript'
	at 0301210.tex; line 60 col 23 - line 60 col 23
	m[[UNKNOWN]]
	        > ][[CLOSE]]
Warning:not_parsed:>PUNCT MathParser failed to match rule 'Superscript'
	at 0301210.tex; line 126 col 99 - line 126 col 99
	In "\begin{equation}{\partial}_{i}k^{i}=\frac{{\xi}^{2}}{a^{2}}{\epsilon}^{ijkl}a_%
	{i}b_{k}{k_{j}}^{,r}{\partial}_{r}K_{l}\end{equation}"
	> ,[[PUNCT]] r[[UNKNOWN]]
Warning:not_parsed:ATOM.OPERATOR.POSTSUBSCRIPT>OPEN MathParser failed to match rule 'Anything'
	at 0301210.tex; line 137 col 0 - line 140 col 14
	In "\begin{equation}{\nabla}.\vec{E}+{\xi}^{2}\dot{K}{\partial}_{t}[{e_{z}.\vec{B}%
	}]=0\end{equation}"
	∇[[OPERATOR]] .[[PERIOD]] \vec{E}[[UNKNOWN]] +[[ADDOP]] ξ[[UNKNOWN]] ^{2}[[POSTSUPERSCRIPT]] \dot{K}[[UNKNOWN]] ∂[[OPERATOR]] _{t}[[POSTSUBSCRIPT]]
	        > [[[OPEN]] e[[UNKNOWN]] _{z}[[POSTSUBSCRIPT]] .[[PERIOD]] \vec{B}[[UNKNOWN]] ][[CLOSE]] =[[RELOP]] 0[[NUMBER]]
Warning:not_parsed:ATOM.OPERATOR.POSTSUBSCRIPT>OPEN MathParser failed to match rule 'Anything'
	at 0301210.tex; line 154 col 0 - line 157 col 14
	In "\begin{equation}\vec{k}.\vec{E}=-{\xi}^{2}\dot{K}{\partial}_{t}[\vec{e_{z}}.%
	\vec{B}]\end{equation}"
	\vec{k}[[UNKNOWN]] .[[PERIOD]] \vec{E}[[UNKNOWN]] =[[RELOP]] -[[ADDOP]] ξ[[UNKNOWN]] ^{2}[[POSTSUPERSCRIPT]] \dot{K}[[UNKNOWN]] ∂[[OPERATOR]] _{t}[[POSTSUBSCRIPT]]
	        > [[[OPEN]] \vec{e_{z}}[[UNKNOWN]] .[[PERIOD]] \vec{B}[[UNKNOWN]] ][[CLOSE]]
Warning:not_parsed:UNKNOWN.POSTSUPERSCRIPT.ATOM>OPEN MathParser failed to match rule 'Anything'
	at 0301210.tex; line 172 col 0 - line 175 col 14
	In "\begin{equation}({\omega}^{2}-k^{2})\vec{E}+{\xi}^{2}\dot{K}[{\omega}(\vec{k}.%
	\vec{e_{z}})\vec{B}+\vec{e_{z}}X(\vec{k}X\vec{B})]=0\end{equation}"
	([[OPEN]] ω[[UNKNOWN]] ^{2}[[POSTSUPERSCRIPT]] -[[ADDOP]] k[[UNKNOWN]] ^{2}[[POSTSUPERSCRIPT]] )[[CLOSE]] \vec{E}[[UNKNOWN]] +[[ADDOP]] ξ[[UNKNOWN]] ^{2}[[POSTSUPERSCRIPT]] \dot{K}[[UNKNOWN]]
	        > [[[OPEN]] ω[[UNKNOWN]] ([[OPEN]] \vec{k}[[UNKNOWN]] .[[PERIOD]] \vec{e_{z}}[[UNKNOWN]] )[[CLOSE]] \vec{B}[[UNKNOWN]] +[[ADDOP]] \vec{e_{z}}[[UNKNOWN]] X[[UNKNOWN]] ([[OPEN]] \vec{k}[[UNKNOWN]] X[[UNKNOWN]] \vec{B}[[UNKNOWN]] )[[CLOSE]] ][[CLOSE]] =[[RELOP]] 0[[NUMBER]]
Warning:not_parsed:UNKNOWN.POSTSUPERSCRIPT.ATOM>OPEN MathParser failed to match rule 'Anything'
	at 0301210.tex; line 177 col 0 - line 180 col 14
	In "\begin{equation}({\omega}^{2}-k^{2}){E_{0}}+{\xi}^{2}\dot{K}[{\omega}(\vec{k}.%
	\vec{e_{z}})B_{0}-i{\omega}\vec{e_{z}}X(\vec{k}X\vec{B})]=0\end{equation}"
	([[OPEN]] ω[[UNKNOWN]] ^{2}[[POSTSUPERSCRIPT]] -[[ADDOP]] k[[UNKNOWN]] ^{2}[[POSTSUPERSCRIPT]] )[[CLOSE]] E[[UNKNOWN]] _{0}[[POSTSUBSCRIPT]] +[[ADDOP]] ξ[[UNKNOWN]] ^{2}[[POSTSUPERSCRIPT]] \dot{K}[[UNKNOWN]]
	        > [[[OPEN]] ω[[UNKNOWN]] ([[OPEN]] \vec{k}[[UNKNOWN]] .[[PERIOD]] \vec{e_{z}}[[UNKNOWN]] )[[CLOSE]] B[[UNKNOWN]] _{0}[[POSTSUBSCRIPT]] -[[ADDOP]] i[[UNKNOWN]] ω[[UNKNOWN]] \vec{e_{z}}[[UNKNOWN]] X[[UNKNOWN]] ([[OPEN]] \vec{k}[[UNKNOWN]] X[[UNKNOWN]] \vec{B}[[UNKNOWN]] )[[CLOSE]] ][[CLOSE]] =[[RELOP]] 0[[NUMBER]]
Warning:not_parsed:UNKNOWN.POSTSUPERSCRIPT.ATOM>OPEN MathParser failed to match rule 'Anything'
	at 0301210.tex; line 182 col 0 - line 185 col 14
	In "\begin{equation}({\omega}^{2}-k^{2})+{\xi}^{2}\dot{K}[{\omega}(\vec{k}.\vec{e_%
	{z}})]=0\end{equation}"
	([[OPEN]] ω[[UNKNOWN]] ^{2}[[POSTSUPERSCRIPT]] -[[ADDOP]] k[[UNKNOWN]] ^{2}[[POSTSUPERSCRIPT]] )[[CLOSE]] +[[ADDOP]] ξ[[UNKNOWN]] ^{2}[[POSTSUPERSCRIPT]] \dot{K}[[UNKNOWN]]
	        > [[[OPEN]] ω[[UNKNOWN]] ([[OPEN]] \vec{k}[[UNKNOWN]] .[[PERIOD]] \vec{e_{z}}[[UNKNOWN]] )[[CLOSE]] ][[CLOSE]] =[[RELOP]] 0[[NUMBER]]
 3.09 sec)
Math parsing succeeded:
   ltx:XMath: 66/71
   ltx:XMArg: 304/309
Symbols assumed as simple identifiers (with # of occurences):
   'A{italic}' (7), 'Box' (4), 'B{italic}' (3), 'D{italic}' (17), 'E{italic}' (5), 'F{italic}' (26), 'G{italic}' (1), 'K{italic}' (20), 'R{italic}' (22), 'V{italic}' (1), 'W{italic}' (1), 'X{italic}' (14), 'alpha' (1), 'a{italic}' (15), 'b{italic}' (7), 'c{italic}' (10), 'd{italic}' (4), 'epsilon' (12), 'eta' (1), 'e{italic}' (16), 'f{italic}' (2), 'g{italic}' (5), 'i{italic}' (40), 'j{italic}' (31), 'k{italic}' (62), 'l{italic}' (41), 'm{italic}' (18), 'n{italic}' (2), 'omega' (21), 'o{italic}' (6), 'phi' (1), 'pi' (1), 'r{italic}' (5), 's{italic}' (5), 'theta' (6), 't{italic}' (2), 'xi' (27), 'x{italic}' (2), 'z{italic}' (1)
Set MATHPARSER_SPECULATE to speculate on possible notations.
(Finalizing... 0.29 sec)
Conversion complete 10 warnings (See /home/user/latex-in-arxiv/0301210.latexml.log) (reqd. 10.43s)
