latexml (LaTeXML version 0.8.6) processing 2003/0301069_cleaned.tex
(Digesting TeX 0301069_cleaned...
(Loading /usr/share/perl5/LaTeXML/Package/TeX.pool.ltxml...
(Loading /usr/share/perl5/LaTeXML/Package/eTeX.pool.ltxml... 0.00 sec)
(Loading /usr/share/perl5/LaTeXML/Package/pdfTeX.pool.ltxml... 0.01 sec) 0.12 sec)
(Processing content /home/user/latex-in-arxiv/2003/0301069_cleaned.tex...
(Loading /usr/share/perl5/LaTeXML/Package/LaTeX.pool.ltxml...
(Loading /usr/share/perl5/LaTeXML/Package/textcomp.sty.ltxml...
(Processing definitions /usr/share/texlive/texmf-dist/tex/latex-dev/base/ts1enc.dfu... 0.04 sec) 1.41 sec) 1.58 sec)
(Loading /usr/share/perl5/LaTeXML/Package/article.cls.ltxml... 0.01 sec)
(Loading /usr/share/perl5/LaTeXML/Package/graphicx.sty.ltxml...
(Loading /usr/share/perl5/LaTeXML/Package/graphics.sty.ltxml... 0.01 sec) 0.04 sec) 3.56 sec) 3.70 sec)
(Building...
(Loading compiled schema /usr/share/perl5/LaTeXML/resources/RelaxNG/LaTeXML.model... 0.01 sec) 2.12 sec)
(Rewriting... 0.05 sec)
(Math Parsing 96 formulae ......
Warning:not_parsed:UNKNOWN.POSTSUPERSCRIPT>FLOATSUBSCRIPT MathParser failed to match rule 'Anything'
	at 0301069_cleaned.tex; line 153 col 48 - line 153 col 59
	In "$R^{i}{}_{jkl}$"
	R[[UNKNOWN]] ^{i}[[POSTSUPERSCRIPT]]
	        > {}_{jkl}[[FLOATSUBSCRIPT]]
 2.71 sec)
Math parsing succeeded:
   ltx:XMath: 95/96
   ltx:XMArg: 271/271
Symbols assumed as simple identifiers (with # of occurences):
   'A{italic}' (2), 'B{caligraphic}' (3), 'B{italic}' (1), 'C{caligraphic}' (2), 'D{italic}' (2), 'E{italic}' (2), 'F{italic}' (9), 'I{italic}' (1), 'L{italic}' (3), 'M{italic}' (1), 'N{italic}' (1), 'R{caligraphic}' (2), 'R{italic}' (6), 'S{italic}' (2), 'T{bold}' (16), 'U{italic}' (8), 'W{italic}' (7), 'Y{italic}' (1), 'alpha' (8), 'beta' (43), 'chi' (1), 'const' (1), 'delta' (3), 'd{italic}' (35), 'j{italic}' (4), 'k{italic}' (4), 'lambda' (1), 'l{italic}' (4), 'mu' (4), 'nu' (4), 'n{italic}' (3), 'pi' (1), 's{italic}' (3), 't{italic}' (10), 'u{italic}' (66), 'v{italic}' (50), 'x{italic}' (11), 'y{italic}' (7), 'z{italic}' (4)
Set MATHPARSER_SPECULATE to speculate on possible notations.
(Finalizing... 0.28 sec)
Conversion complete 1 warning (See /home/user/latex-in-arxiv/0301069_cleaned.latexml.log) (reqd. 9.24s)
