latexml (LaTeXML version 0.8.6) processing 2003/0301156.tex
(Digesting TeX 0301156...
(Loading /usr/share/perl5/LaTeXML/Package/TeX.pool.ltxml...
(Loading /usr/share/perl5/LaTeXML/Package/eTeX.pool.ltxml... 0.00 sec)
(Loading /usr/share/perl5/LaTeXML/Package/pdfTeX.pool.ltxml... 0.01 sec) 0.12 sec)
(Processing content /home/user/latex-in-arxiv/2003/0301156.tex...
(Loading /usr/share/perl5/LaTeXML/Package/LaTeX.pool.ltxml...
(Loading /usr/share/perl5/LaTeXML/Package/textcomp.sty.ltxml...
(Processing definitions /usr/share/texlive/texmf-dist/tex/latex-dev/base/ts1enc.dfu... 0.02 sec) 0.93 sec) 1.10 sec)
(Loading /usr/share/perl5/LaTeXML/Package/revtex4.cls.ltxml...
(Loading /usr/share/perl5/LaTeXML/Package/article.cls.ltxml... 0.01 sec)
(Loading /usr/share/perl5/LaTeXML/Package/revtex4_support.sty.ltxml...
(Loading /usr/share/perl5/LaTeXML/Package/hyperref.sty.ltxml...
(Loading /usr/share/perl5/LaTeXML/Package/keyval.sty.ltxml...
(Processing definitions /usr/share/texlive/texmf-dist/tex/latex-dev/graphics/keyval.sty... 0.01 sec) 0.01 sec)
(Loading /usr/share/perl5/LaTeXML/Package/nameref.sty.ltxml... 0.00 sec)
(Loading /usr/share/perl5/LaTeXML/Package/url.sty.ltxml... 0.00 sec) 0.06 sec)
(Loading /usr/share/perl5/LaTeXML/Package/natbib.sty.ltxml... 0.01 sec)
(Loading /usr/share/perl5/LaTeXML/Package/revsymb.sty.ltxml... 0.00 sec)
(Loading /usr/share/perl5/LaTeXML/Package/longtable.sty.ltxml... 0.00 sec)
(Loading /usr/share/perl5/LaTeXML/Package/dcolumn.sty.ltxml...
(Loading /usr/share/perl5/LaTeXML/Package/array.sty.ltxml... 0.00 sec) 0.01 sec) 0.12 sec) 0.47 sec)
(Loading /usr/share/perl5/LaTeXML/Package/amsmath.sty.ltxml...
(Loading /usr/share/perl5/LaTeXML/Package/amsbsy.sty.ltxml...
(Loading /usr/share/perl5/LaTeXML/Package/amsgen.sty.ltxml... 0.00 sec) 0.01 sec)
(Loading /usr/share/perl5/LaTeXML/Package/amstext.sty.ltxml... 0.01 sec)
(Loading /usr/share/perl5/LaTeXML/Package/amsopn.sty.ltxml... 0.01 sec) 0.04 sec)
(Loading /usr/share/perl5/LaTeXML/Package/amscd.sty.ltxml... 0.01 sec)
(Loading /usr/share/perl5/LaTeXML/Package/amssymb.sty.ltxml...
(Loading /usr/share/perl5/LaTeXML/Package/amsfonts.sty.ltxml... 0.00 sec) 0.02 sec)
(Loading /usr/share/perl5/LaTeXML/Package/mathrsfs.sty.ltxml... 0.00 sec) 4.48 sec) 4.66 sec)
(Building...
(Loading compiled schema /usr/share/perl5/LaTeXML/resources/RelaxNG/LaTeXML.model... 0.01 sec) 3.09 sec)
(Rewriting... 0.06 sec)
(Math Parsing 146 formulae ......
Warning:not_parsed:>OPEN MathParser failed to match rule 'Anything'
	at 0301156.tex; line 405 col 1 - line 405 col 1
	In "\begin{equation}\begin{CD}{\phi^{+}\in}\;\;{\Phi}_{-}\subset{\mathscr{H}}%
	\subset({\Phi}_{-})^{\times}{\ni{\tilde{\psi}^{G}}}\\
	@V{{\mathscr{U}}^{-}}V{}V@V{}V{{\mathscr{U}}^{-}}V@V{}V{({\mathscr{U}}^{-})^{%
	\times}}V\\
	{\langle^{+}E|\phi^{+}\rangle\in}\qquad{\mathscr{S}}\cap{\mathscr{H}}^{2}_{-}%
	\Bigm{|}_{{\mathbb{R}}^{+}}\subset L^{2}[0,\infty)\subset\Bigl{(}{\mathscr{S}}%
	\cap{\mathscr{H}}^{2}_{-}\Bigm{|}_{{\mathbb{R}}^{+}}\Bigr{)}^{\times}\qquad\\
	@V{(\Theta_{-})^{-1}}V{}V@V{}V{(\Theta_{-}^{\times})^{-1}}V\\
	{\mathscr{S}}\cap{\mathscr{H}}^{2}_{-}\subset{\mathscr{H}}^{2}_{-}\subset({%
	\mathscr{S}}\cap{\mathscr{H}}^{2}_{-})^{\times}{\ni-i\sqrt{\frac{\Gamma}{2\pi}%
	}{\frac{1}{E-z^{\ast}_{R}}}}\end{CD}\end{equation}"
	> \langle[[OPEN]] ^{+}[[POSTSUPERSCRIPT]] E[[UNKNOWN]] |[[VERTBAR]] ϕ[[UNKNOWN]] ^{+}[[POSTSUPERSCRIPT]] \rangle[[CLOSE]] ∈[[RELOP]]
Warning:not_parsed:UNKNOWN.POSTSUPERSCRIPT.POSTSUBSCRIPT>MIDDLE MathParser failed to match rule 'Anything'
	at 0301156.tex; line 405 col 35 - line 405 col 35
	S[[UNKNOWN]] ∩[[ADDOP]] H[[UNKNOWN]] ^{2}[[POSTSUPERSCRIPT]] _{-}[[POSTSUBSCRIPT]]
	        > |[[MIDDLE]] _{{\mathbb{R}}^{+}}[[POSTSUBSCRIPT]] ⊂[[RELOP]]
Warning:not_parsed:>OPEN MathParser failed to match rule 'Anything'
	at 0301156.tex; line 407 col 5 - line 407 col 5
	> ([[OPEN]] S[[UNKNOWN]] ∩[[ADDOP]] H[[UNKNOWN]] ^{2}[[POSTSUPERSCRIPT]] _{-}[[POSTSUBSCRIPT]] |[[MIDDLE]] _{{\mathbb{R}}^{+}}[[POSTSUBSCRIPT]] )[[CLOSE]] ^{\times}[[POSTSUPERSCRIPT]]
Warning:not_parsed:>OPEN MathParser failed to match rule 'Anything'
	at 0301156.tex; line 422 col 1 - line 422 col 1
	In "\begin{equation}\begin{CD}{\psi^{-}\in}\;\;{\Phi}_{+}\subset{\mathscr{H}}%
	\subset({\Phi}_{+})^{\times}{\quad}{\ni\psi^{G}}\\
	@V{{\mathscr{U}}^{+}}V{}V@V{}V{{\mathscr{U}}^{+}}V@V{}V{({\mathscr{U}}^{+})^{%
	\times}}V\\
	{\langle^{-}E|\psi^{-}\rangle\in}\qquad{\mathscr{S}}\cap{\mathscr{H}}^{2}_{+}%
	\Bigm{|}_{{\mathbb{R}}^{+}}\subset L^{2}[0,\infty)\subset\Bigl{(}{\mathscr{S}}%
	\cap{\mathscr{H}}^{2}_{+}\Bigm{|}_{{\mathbb{R}}^{+}}\Bigr{)}^{\times}\\
	@V{(\Theta_{+})^{-1}}V{}V@V{}V{(\Theta_{+}^{\times})^{-1}}V\\
	{\mathscr{S}}\cap{\mathscr{H}}^{2}_{+}\subset{\mathscr{H}}^{2}_{+}\subset({%
	\mathscr{S}}\cap{\mathscr{H}}^{2}_{+}\,)^{\times}{\ni i\sqrt{\frac{\Gamma}{2%
	\pi}}{\frac{1}{E-z_{R}}}}\end{CD}\end{equation}"
	> \langle[[OPEN]] ^{-}[[POSTSUPERSCRIPT]] E[[UNKNOWN]] |[[VERTBAR]] ψ[[UNKNOWN]] ^{-}[[POSTSUPERSCRIPT]] \rangle[[CLOSE]] ∈[[RELOP]]
Warning:not_parsed:UNKNOWN.POSTSUPERSCRIPT.POSTSUBSCRIPT>MIDDLE MathParser failed to match rule 'Anything'
	at 0301156.tex; line 422 col 35 - line 422 col 35
	S[[UNKNOWN]] ∩[[ADDOP]] H[[UNKNOWN]] ^{2}[[POSTSUPERSCRIPT]] _{+}[[POSTSUBSCRIPT]]
	        > |[[MIDDLE]] _{{\mathbb{R}}^{+}}[[POSTSUBSCRIPT]] ⊂[[RELOP]]
Warning:not_parsed:>OPEN MathParser failed to match rule 'Anything'
	at 0301156.tex; line 423 col 27 - line 423 col 27
	> ([[OPEN]] S[[UNKNOWN]] ∩[[ADDOP]] H[[UNKNOWN]] ^{2}[[POSTSUPERSCRIPT]] _{+}[[POSTSUBSCRIPT]] |[[MIDDLE]] _{{\mathbb{R}}^{+}}[[POSTSUBSCRIPT]] )[[CLOSE]] ^{\times}[[POSTSUPERSCRIPT]]
Warning:not_parsed:UNKNOWN.POSTSUPERSCRIPT.POSTSUBSCRIPT>MIDDLE MathParser failed to match rule 'Anything'
	at 0301156.tex; line 463 col 4 - line 463 col 30
	In "${\mathscr{S}}\cap{\mathscr{H}}^{2}_{-}\Bigm{|}_{{\mathbb{R}}^{+}}$"
	S[[UNKNOWN]] ∩[[ADDOP]] H[[UNKNOWN]] ^{2}[[POSTSUPERSCRIPT]] _{-}[[POSTSUBSCRIPT]]
	        > |[[MIDDLE]] _{{\mathbb{R}}^{+}}[[POSTSUBSCRIPT]]
Warning:not_parsed:>OPEN MathParser failed to match rule 'Anything'
	at 0301156.tex; line 465 col 67 - line 466 col 28
	In "$\langle^{+}E|\phi^{+}\rangle=\phi^{+}(E)$"
	> \langle[[OPEN]] ^{+}[[POSTSUPERSCRIPT]] E[[UNKNOWN]] |[[VERTBAR]] ϕ[[UNKNOWN]] ^{+}[[POSTSUPERSCRIPT]] \rangle[[CLOSE]] =[[RELOP]] ϕ[[UNKNOWN]] ^{+}[[POSTSUPERSCRIPT]] ([[OPEN]] E[[UNKNOWN]] )[[CLOSE]]
Warning:not_parsed:UNKNOWN.POSTSUPERSCRIPT.POSTSUBSCRIPT>MIDDLE MathParser failed to match rule 'Anything'
	at 0301156.tex; line 471 col 66 - line 472 col 14
	In "${\mathscr{H}}^{2}_{-}\Bigm{|}_{{\mathbb{R}}_{+}}$"
	H[[UNKNOWN]] ^{2}[[POSTSUPERSCRIPT]] _{-}[[POSTSUBSCRIPT]]
	        > |[[MIDDLE]] _{{\mathbb{R}}_{+}}[[POSTSUBSCRIPT]]
Warning:not_parsed:UNKNOWN.POSTSUPERSCRIPT.CLOSE>RELOP MathParser failed to match rule 'Anything'
	at 0301156.tex; line 594 col 68 - line 596 col 14
	In "$\langle E|\phi^{in}\rangle=\langle^{+}E|\phi^{+}\rangle\in{\mathscr{S}}\cap{%
	\mathscr{H}}^{2}_{-}\Bigm{|}_{{\mathbb{R}}^{+}}$"
	\langle[[OPEN]] E[[UNKNOWN]] |[[VERTBAR]] ϕ[[UNKNOWN]] ^{in}[[POSTSUPERSCRIPT]] \rangle[[CLOSE]]
	        > =[[RELOP]] \langle[[OPEN]] ^{+}[[POSTSUPERSCRIPT]] E[[UNKNOWN]] |[[VERTBAR]] ϕ[[UNKNOWN]] ^{+}[[POSTSUPERSCRIPT]] \rangle[[CLOSE]] ∈[[RELOP]] S[[UNKNOWN]] ∩[[ADDOP]] H[[UNKNOWN]] ^{2}[[POSTSUPERSCRIPT]] _{-}[[POSTSUBSCRIPT]] |[[MIDDLE]] _{{\mathbb{R}}^{+}}[[POSTSUBSCRIPT]]
Warning:not_parsed:UNKNOWN.POSTSUPERSCRIPT.CLOSE>RELOP MathParser failed to match rule 'Anything'
	at 0301156.tex; line 596 col 62 - line 598 col 16
	In "$\langle\pi|\phi^{in}\rangle=\langle^{+}\pi|\phi^{+}\rangle\in\overline{{%
	\mathscr{S}}\cap{\mathscr{H}}^{2}_{-}}$"
	\langle[[OPEN]] π[[UNKNOWN]] |[[VERTBAR]] ϕ[[UNKNOWN]] ^{in}[[POSTSUPERSCRIPT]] \rangle[[CLOSE]]
	        > =[[RELOP]] \langle[[OPEN]] ^{+}[[POSTSUPERSCRIPT]] π[[UNKNOWN]] |[[VERTBAR]] ϕ[[UNKNOWN]] ^{+}[[POSTSUPERSCRIPT]] \rangle[[CLOSE]] ∈[[RELOP]] \overline{{\mathscr{S}}\cap{\mathscr{H}}^{2}_{-}}[[UNKNOWN]]
Warning:not_parsed:>OPEN MathParser failed to match rule 'Anything'
	at 0301156.tex; line 604 col 19 - line 604 col 41
	In "$\langle^{+}\pi|\phi^{+}\rangle$"
	> \langle[[OPEN]] ^{+}[[POSTSUPERSCRIPT]] π[[UNKNOWN]] |[[VERTBAR]] ϕ[[UNKNOWN]] ^{+}[[POSTSUPERSCRIPT]] \rangle[[CLOSE]]
Warning:not_parsed:UNKNOWN.POSTSUPERSCRIPT.CLOSE>RELOP MathParser failed to match rule 'Anything'
	at 0301156.tex; line 609 col 31 - line 610 col 50
	In "$\langle E|\psi^{out}\rangle=\langle^{-}E|\psi^{-}\rangle\in{\mathscr{S}}\cap{%
	\mathscr{H}}^{2}_{+}\Bigm{|}_{{\mathbb{R}}^{+}}$"
	\langle[[OPEN]] E[[UNKNOWN]] |[[VERTBAR]] ψ[[UNKNOWN]] ^{out}[[POSTSUPERSCRIPT]] \rangle[[CLOSE]]
	        > =[[RELOP]] \langle[[OPEN]] ^{-}[[POSTSUPERSCRIPT]] E[[UNKNOWN]] |[[VERTBAR]] ψ[[UNKNOWN]] ^{-}[[POSTSUPERSCRIPT]] \rangle[[CLOSE]] ∈[[RELOP]] S[[UNKNOWN]] ∩[[ADDOP]] H[[UNKNOWN]] ^{2}[[POSTSUPERSCRIPT]] _{+}[[POSTSUBSCRIPT]] |[[MIDDLE]] _{{\mathbb{R}}^{+}}[[POSTSUBSCRIPT]]
Warning:not_parsed:UNKNOWN.POSTSUPERSCRIPT.CLOSE>RELOP MathParser failed to match rule 'Anything'
	at 0301156.tex; line 612 col 29 - line 614 col 43
	In "$\langle\pi|\psi^{out}\rangle=\langle^{-}\pi|\psi^{-}\rangle\in\overline{{%
	\mathscr{S}}\cap{\mathscr{H}}^{2}_{+}}$"
	\langle[[OPEN]] π[[UNKNOWN]] |[[VERTBAR]] ψ[[UNKNOWN]] ^{out}[[POSTSUPERSCRIPT]] \rangle[[CLOSE]]
	        > =[[RELOP]] \langle[[OPEN]] ^{-}[[POSTSUPERSCRIPT]] π[[UNKNOWN]] |[[VERTBAR]] ψ[[UNKNOWN]] ^{-}[[POSTSUPERSCRIPT]] \rangle[[CLOSE]] ∈[[RELOP]] \overline{{\mathscr{S}}\cap{\mathscr{H}}^{2}_{+}}[[UNKNOWN]]
Warning:not_parsed:>VERTBAR MathParser failed to match rule 'Anything'
	at 0301156.tex; line 750 col 0 - line 755 col 14
	In "\begin{equation}|\phi)=\begin{pmatrix}\phi_{1}\\
	\phi_{2}\end{pmatrix}\quad\textrm{and}\quad|\psi)=\begin{pmatrix}\psi_{1}\\
	\psi_{2}\end{pmatrix}\end{equation}"
	> |[[VERTBAR]] ϕ[[UNKNOWN]] )[[CLOSE]] =[[RELOP]] \begin{pmatrix}\phi_{1}\\
	\phi_{2}\end{pmatrix}[[UNKNOWN]] \begin{equation}|\phi)=\begin{pmatrix}\phi_{1}\\
	\phi_{2}\end{pmatrix}\quad\textrm{and}\quad|\psi)=\begin{pmatrix}\psi_{1}\\
	\psi_{2}\end{pmatrix}\end{equation}[[PUNCT]] \textrm{and}[[UNKNOWN]] \begin{equation}|\phi)=\begin{pmatrix}\phi_{1}\\
	\phi_{2}\end{pmatrix}\quad\textrm{and}\quad|\psi)=\begin{pmatrix}\psi_{1}\\
	\psi_{2}\end{pmatrix}\end{equation}[[PUNCT]] |[[VERTBAR]] ψ[[UNKNOWN]] )[[CLOSE]] =[[RELOP]] \begin{pmatrix}\psi_{1}\\
	\psi_{2}\end{pmatrix}[[UNKNOWN]]
Warning:not_parsed:UNKNOWN.VERTBAR.UNKNOWN>CLOSE MathParser failed to match rule 'Anything'
	at 0301156.tex; line 761 col 2 - line 761 col 2
	In "$\displaystyle\{\psi|\phi\}=(J\psi|\phi)=\psi_{2}^{\times}\circ\phi_{1}-\psi_{%
	1}^{\times}\circ\phi_{2}\@@ENDINLINEMATH"
	{[[UNKNOWN]] ψ[[UNKNOWN]] |[[VERTBAR]] ϕ[[UNKNOWN]]
	        > \}[[CLOSE]] =[[RELOP]] ([[OPEN]] J[[UNKNOWN]] ψ[[UNKNOWN]] |[[VERTBAR]] ϕ[[UNKNOWN]] )[[CLOSE]] =[[RELOP]] ψ[[UNKNOWN]] _{2}[[POSTSUBSCRIPT]] ^{\times}[[POSTSUPERSCRIPT]] ∘[[MULOP]] ϕ[[UNKNOWN]] _{1}[[POSTSUBSCRIPT]] -[[ADDOP]] ψ[[UNKNOWN]] _{1}[[POSTSUBSCRIPT]] ^{\times}[[POSTSUPERSCRIPT]] ∘[[MULOP]] ϕ[[UNKNOWN]] _{2}[[POSTSUBSCRIPT]]
Warning:not_parsed:UNKNOWN.VERTBAR.UNKNOWN>CLOSE MathParser failed to match rule 'Anything'
	at 0301156.tex; line 761 col 2 - line 761 col 19
	In "$\displaystyle\{\psi|\phi\}$"
	{[[UNKNOWN]] ψ[[UNKNOWN]] |[[VERTBAR]] ϕ[[UNKNOWN]]
	        > \}[[CLOSE]]
 3.47 sec)
Math parsing succeeded:
   ltx:XMWrap: 14/14
   ltx:XMath: 135/146
   ltx:XMArg: 363/369
Symbols assumed as simple identifiers (with # of occurences):
   'A{italic}' (20), 'E{italic}' (21), 'F{italic}' (7), 'Gamma' (2), 'H{script}' (40), 'J{italic}' (4), 'Lambda' (6), 'L{italic}' (13), 'N{italic}' (2), 'Phi' (26), 'Q{italic}' (3), 'R{blackboard}' (17), 'S{script}' (22), 'delta' (1), 'd{italic}' (2), 'f{italic}' (2), 'g{fraktur}' (2), 'h{fraktur}' (2), 'i{italic}' (17), 'lambda' (16), 'mu' (2), 'n{italic}' (2), 'o{italic}' (3), 'phi' (62), 'pi' (12), 'psi' (53), 'p{italic}' (10), 'q{italic}' (10), 'tau' (10), 't{italic}' (9), 'u{italic}' (2), 'x{italic}' (1), 'z{italic}' (4), '{' (4)
Set MATHPARSER_SPECULATE to speculate on possible notations.
(Finalizing... 0.24 sec)
Conversion complete 17 warnings (See /home/user/latex-in-arxiv/0301156.latexml.log) (reqd. 11.80s)
