latexml (LaTeXML version 0.8.6) processing 2003/0301179.tex
(Digesting TeX 0301179...
(Loading /usr/share/perl5/LaTeXML/Package/TeX.pool.ltxml...
(Loading /usr/share/perl5/LaTeXML/Package/eTeX.pool.ltxml... 0.01 sec)
(Loading /usr/share/perl5/LaTeXML/Package/pdfTeX.pool.ltxml... 0.01 sec) 0.19 sec)
(Processing content /home/user/latex-in-arxiv/2003/0301179.tex...
(Loading /usr/share/perl5/LaTeXML/Package/LaTeX.pool.ltxml...
(Loading /usr/share/perl5/LaTeXML/Package/textcomp.sty.ltxml...
(Processing definitions /usr/share/texlive/texmf-dist/tex/latex-dev/base/ts1enc.dfu... 0.03 sec) 1.58 sec) 1.85 sec)
(Loading /usr/share/perl5/LaTeXML/Package/article.cls.ltxml... 0.01 sec) 5.01 sec) 5.21 sec)
(Building...
(Loading compiled schema /usr/share/perl5/LaTeXML/resources/RelaxNG/LaTeXML.model... 0.01 sec) 3.31 sec)
(Rewriting... 0.11 sec)
(Math Parsing 189 formulae ...... 7.23 sec)
Math parsing succeeded:
   ltx:XMArg: 492/492
   ltx:XMath: 189/189
Symbols assumed as simple identifiers (with # of occurences):
   'D{italic}' (3), 'F{caligraphic}' (44), 'Gamma' (2), 'H{caligraphic}' (2), 'L{caligraphic}' (4), 'O{caligraphic}' (6), 'S{italic}' (2), 'T{italic}' (102), 'alpha' (17), 'const' (1), 'c{italic}' (14), 'delta' (8), 'd{italic}' (5), 'epsilon' (13), 'erf' (1), 'erfc' (3), 'eta' (2), 'e{italic}' (29), 'f{italic}' (10), 'g{italic}' (3), 'i{italic}' (1), 'mu' (5), 'nu' (5), 'o{italic}' (2), 'pi' (10), 'p{italic}' (8), 'sgn' (14), 'sigma' (20), 's{italic}' (2), 't{italic}' (3), 'u{italic}' (2), 'x{italic}' (136), 'y{italic}' (26), 'z{italic}' (47)
Set MATHPARSER_SPECULATE to speculate on possible notations.
(Finalizing... 0.67 sec)
Conversion complete No obvious problems (reqd. 17.09s)
