latexml (LaTeXML version 0.8.6) processing 2003/0301005.tex
(Digesting TeX 0301005...
(Loading /usr/share/perl5/LaTeXML/Package/TeX.pool.ltxml...
(Loading /usr/share/perl5/LaTeXML/Package/eTeX.pool.ltxml... 0.00 sec)
(Loading /usr/share/perl5/LaTeXML/Package/pdfTeX.pool.ltxml... 0.01 sec) 0.14 sec)
(Processing content /home/user/latex-in-arxiv/2003/0301005.tex...
(Loading /usr/share/perl5/LaTeXML/Package/LaTeX.pool.ltxml...
(Loading /usr/share/perl5/LaTeXML/Package/textcomp.sty.ltxml...
(Processing definitions /usr/share/texlive/texmf-dist/tex/latex-dev/base/ts1enc.dfu... 0.01 sec) 0.69 sec) 0.91 sec)
(Loading /usr/share/perl5/LaTeXML/Package/article.cls.ltxml... 0.01 sec)
(Loading /usr/share/perl5/LaTeXML/Package/amssymb.sty.ltxml...
(Loading /usr/share/perl5/LaTeXML/Package/amsfonts.sty.ltxml... 0.00 sec) 0.01 sec)
(Loading /usr/share/perl5/LaTeXML/Package/latexsym.sty.ltxml... 0.00 sec)
(Loading /usr/share/perl5/LaTeXML/Package/slashed.sty.ltxml... 0.00 sec)
(Loading /usr/share/perl5/LaTeXML/Package/cite.sty.ltxml... 0.00 sec)
(Loading /usr/share/perl5/LaTeXML/Package/lscape.sty.ltxml... 0.00 sec) 7.28 sec) 7.49 sec)
(Building...
(Loading compiled schema /usr/share/perl5/LaTeXML/resources/RelaxNG/LaTeXML.model... 0.01 sec) 7.64 sec)
(Rewriting... 0.13 sec)
(Math Parsing 456 formulae ......
Warning:not_parsed:RELOP.UNKNOWN.POSTSUBSCRIPT>OPEN MathParser failed to match rule 'Anything'
	at 0301005.tex; line 367 col 0 - line 371 col 14
	In "\begin{equation}[\delta_{A}(\Lambda_{1}^{A}),\delta_{B}(\Lambda_{2}^{B})]=%
	\delta_{C}\left(\Lambda_{2}^{B}\Lambda_{1}^{A}f_{AB}{}^{C}\right).\end{equation}"
	[[[OPEN]] δ[[UNKNOWN]] _{A}[[POSTSUBSCRIPT]] ([[OPEN]] Λ[[UNKNOWN]] _{1}[[POSTSUBSCRIPT]] ^{A}[[POSTSUPERSCRIPT]] )[[CLOSE]] ,[[PUNCT]] δ[[UNKNOWN]] _{B}[[POSTSUBSCRIPT]] ([[OPEN]] Λ[[UNKNOWN]] _{2}[[POSTSUBSCRIPT]] ^{B}[[POSTSUPERSCRIPT]] )[[CLOSE]] ][[CLOSE]] =[[RELOP]] δ[[UNKNOWN]] _{C}[[POSTSUBSCRIPT]]
	        > \left([[OPEN]] Λ[[UNKNOWN]] _{2}[[POSTSUBSCRIPT]] ^{B}[[POSTSUPERSCRIPT]] Λ[[UNKNOWN]] _{1}[[POSTSUBSCRIPT]] ^{A}[[POSTSUPERSCRIPT]] f[[UNKNOWN]] _{AB}[[POSTSUBSCRIPT]] {}^{C}[[FLOATSUPERSCRIPT]] \right)[[CLOSE]]
Warning:not_parsed:UNKNOWN.POSTSUBSCRIPT>FLOATSUPERSCRIPT MathParser failed to match rule 'Anything'
	at 0301005.tex; line 374 col 36 - line 374 col 48
	In "$A_{\mu}{}^{A}$"
	A[[UNKNOWN]] _{\mu}[[POSTSUBSCRIPT]]
	        > {}^{A}[[FLOATSUPERSCRIPT]]
Warning:not_parsed:CLOSE.UNKNOWN.POSTSUBSCRIPT>FLOATSUPERSCRIPT MathParser failed to match rule 'Anything'
	at 0301005.tex; line 376 col 0 - line 381 col 14
	In "\begin{equation}D_{\mu}=\partial_{\mu}-\delta_{A}(A_{\mu}^{A})\,,\qquad\delta(%
	\Lambda)A_{\mu}{}^{A}=\partial_{\mu}\Lambda^{A}+\Lambda^{C}A_{\mu}{}^{B}f_{BC}%
	{}^{A}\,.\end{equation}"
	D[[UNKNOWN]] _{\mu}[[POSTSUBSCRIPT]] =[[RELOP]] ∂[[OPERATOR]] _{\mu}[[POSTSUBSCRIPT]] -[[ADDOP]] δ[[UNKNOWN]] _{A}[[POSTSUBSCRIPT]] ([[OPEN]] A[[UNKNOWN]] _{\mu}[[POSTSUBSCRIPT]] ^{A}[[POSTSUPERSCRIPT]] )[[CLOSE]] ,[[PUNCT]] δ[[UNKNOWN]] ([[OPEN]] Λ[[UNKNOWN]] )[[CLOSE]] A[[UNKNOWN]] _{\mu}[[POSTSUBSCRIPT]]
	        > {}^{A}[[FLOATSUPERSCRIPT]] =[[RELOP]] ∂[[OPERATOR]] _{\mu}[[POSTSUBSCRIPT]] Λ[[UNKNOWN]] ^{A}[[POSTSUPERSCRIPT]] +[[ADDOP]] Λ[[UNKNOWN]] ^{C}[[POSTSUPERSCRIPT]] A[[UNKNOWN]] _{\mu}[[POSTSUBSCRIPT]] {}^{B}[[FLOATSUPERSCRIPT]] f[[UNKNOWN]] _{BC}[[POSTSUBSCRIPT]] {}^{A}[[FLOATSUPERSCRIPT]]
Warning:not_parsed:OPEN.UNKNOWN> MathParser failed to match rule 'Subscript'
	at 0301005.tex; line 391 col 45 - line 391 col 45
	In "$\partial_{[\mu}A_{\nu]}={\textstyle\frac{1}{2}}\left(\partial_{\mu}A_{\nu}-%
	\partial_{\nu}A_{\mu}\right)$"
	[[[OPEN]] μ[[UNKNOWN]]
	        > 
Warning:not_parsed:UNKNOWN>CLOSE MathParser failed to match rule 'Subscript'
	at 0301005.tex; line 391 col 45 - line 391 col 45
	ν[[UNKNOWN]]
	        > ][[CLOSE]]
Warning:not_parsed:OPEN.UNKNOWN> MathParser failed to match rule 'Subscript'
	at 0301005.tex; line 396 col 17 - line 396 col 17
	In "\begin{equation}[D_{\mu},D_{\nu}]=-\delta_{A}(R_{\mu\nu}{}^{A})\,,\qquad R_{%
	\mu\nu}{}^{A}=2\partial_{[\mu}A_{\nu]}{}^{A}+A_{\nu}{}^{C}A_{\mu}{}^{B}f_{BC}{%
	}^{A}\,.\end{equation}"
	[[[OPEN]] μ[[UNKNOWN]]
	        > 
Warning:not_parsed:UNKNOWN>CLOSE MathParser failed to match rule 'Subscript'
	at 0301005.tex; line 396 col 32 - line 396 col 32
	ν[[UNKNOWN]]
	        > ][[CLOSE]]
Warning:not_parsed:ADDOP.UNKNOWN.POSTSUBSCRIPT>OPEN MathParser failed to match rule 'Anything'
	at 0301005.tex; line 392 col 0 - line 399 col 14
	[[[OPEN]] D[[UNKNOWN]] _{\mu}[[POSTSUBSCRIPT]] ,[[PUNCT]] D[[UNKNOWN]] _{\nu}[[POSTSUBSCRIPT]] ][[CLOSE]] =[[RELOP]] -[[ADDOP]] δ[[UNKNOWN]] _{A}[[POSTSUBSCRIPT]]
	        > ([[OPEN]] R[[UNKNOWN]] _{\mu\nu}[[POSTSUBSCRIPT]] {}^{A}[[FLOATSUPERSCRIPT]] )[[CLOSE]] ,[[PUNCT]] R[[UNKNOWN]] _{\mu\nu}[[POSTSUBSCRIPT]] {}^{A}[[FLOATSUPERSCRIPT]] =[[RELOP]] 2[[NUMBER]] ∂[[OPERATOR]] _{[\mu}[[POSTSUBSCRIPT]] A[[UNKNOWN]] _{\nu]}[[POSTSUBSCRIPT]] {}^{A}[[FLOATSUPERSCRIPT]] +[[ADDOP]] A[[UNKNOWN]] _{\nu}[[POSTSUBSCRIPT]] {}^{C}[[FLOATSUPERSCRIPT]] A[[UNKNOWN]] _{\mu}[[POSTSUBSCRIPT]] {}^{B}[[FLOATSUPERSCRIPT]] f[[UNKNOWN]] _{BC}[[POSTSUBSCRIPT]] {}^{A}[[FLOATSUPERSCRIPT]]
Warning:not_parsed:UNKNOWN.POSTSUBSCRIPT>FLOATSUPERSCRIPT MathParser failed to match rule 'Anything'
	at 0301005.tex; line 448 col 19 - line 448 col 19
	In "\begin{equation}\begin{array}[]{|c|c|}\hline\cr P_{a}&M_{ab}\\
	\hline\cr e_{\mu}{}^{a}&\omega_{\mu}{}^{ab}\\
	\hline\cr\end{array}\end{equation}"
	e[[UNKNOWN]] _{\mu}[[POSTSUBSCRIPT]]
	        > {}^{a}[[FLOATSUPERSCRIPT]]
Warning:not_parsed:UNKNOWN.POSTSUBSCRIPT>FLOATSUPERSCRIPT MathParser failed to match rule 'Anything'
	at 0301005.tex; line 448 col 48 - line 448 col 48
	ω[[UNKNOWN]] _{\mu}[[POSTSUBSCRIPT]]
	        > {}^{ab}[[FLOATSUPERSCRIPT]]
Warning:not_parsed:UNKNOWN.POSTSUBSCRIPT>FLOATSUPERSCRIPT MathParser failed to match rule 'Anything'
	at 0301005.tex; line 452 col 6 - line 452 col 19
	In "$e_{\mu}{}^{a}$"
	e[[UNKNOWN]] _{\mu}[[POSTSUBSCRIPT]]
	        > {}^{a}[[FLOATSUPERSCRIPT]]
Warning:not_parsed:UNKNOWN.POSTSUBSCRIPT>FLOATSUPERSCRIPT MathParser failed to match rule 'Anything'
	at 0301005.tex; line 453 col 41 - line 453 col 63
	In "$\omega_{\mu}{}^{ab}$"
	ω[[UNKNOWN]] _{\mu}[[POSTSUBSCRIPT]]
	        > {}^{ab}[[FLOATSUPERSCRIPT]]
Warning:not_parsed:OPEN.UNKNOWN> MathParser failed to match rule 'Subscript'
	at 0301005.tex; line 459 col 0 - line 459 col 48
	In "\begin{equation}R_{\mu\nu}(P^{a})=2\partial_{[\mu}e_{\nu]}^{a}+2\omega_{[\mu}{%
	}^{ab}e_{\nu]b}=0\,.\end{equation}"
	[[[OPEN]] μ[[UNKNOWN]]
	        > 
Warning:not_parsed:UNKNOWN>CLOSE MathParser failed to match rule 'Subscript'
	at 0301005.tex; line 460 col 17 - line 460 col 17
	ν[[UNKNOWN]]
	        > ][[CLOSE]]
Warning:not_parsed:OPEN.UNKNOWN> MathParser failed to match rule 'Subscript'
	at 0301005.tex; line 460 col 56 - line 460 col 56
	[[[OPEN]] μ[[UNKNOWN]]
	        > 
Warning:not_parsed:UNKNOWN>CLOSE MathParser failed to match rule 'Subscript'
	at 0301005.tex; line 460 col 56 - line 460 col 56
	ν[[UNKNOWN]]
	        > ][[CLOSE]] b[[UNKNOWN]]
Warning:not_parsed:UNKNOWN.POSTSUBSCRIPT>FLOATSUPERSCRIPT MathParser failed to match rule 'Anything'
	at 0301005.tex; line 465 col 6 - line 465 col 28
	In "$\omega_{\mu}{}^{ab}$"
	ω[[UNKNOWN]] _{\mu}[[POSTSUBSCRIPT]]
	        > {}^{ab}[[FLOATSUPERSCRIPT]]
Warning:not_parsed:UNKNOWN.POSTSUBSCRIPT>FLOATSUPERSCRIPT MathParser failed to match rule 'Anything'
	at 0301005.tex; line 470 col 28 - line 470 col 50
	In "$\omega_{\mu}{}^{ab}$"
	ω[[UNKNOWN]] _{\mu}[[POSTSUBSCRIPT]]
	        > {}^{ab}[[FLOATSUPERSCRIPT]]
Warning:not_parsed:OPEN.UNKNOWN> MathParser failed to match rule 'Subscript'
	at 0301005.tex; line 529 col 16 - line 529 col 16
	In "\begin{equation}\gamma_{(\mu}\gamma_{\nu)}={\textstyle\frac{1}{2}}\left(\gamma%
	_{\mu}\gamma_{\nu}+\gamma_{\nu}\gamma_{\mu}\right)=\eta_{\mu\nu}=\mathop{\rm
	diag%
	}\nolimits(-1,+1,\ldots,+1)\,.\end{equation}"
	([[OPEN]] μ[[UNKNOWN]]
	        > 
Warning:not_parsed:UNKNOWN>CLOSE MathParser failed to match rule 'Subscript'
	at 0301005.tex; line 529 col 31 - line 529 col 31
	ν[[UNKNOWN]]
	        > )[[CLOSE]]
Warning:not_parsed:UNKNOWN.POSTSUPERSCRIPT>FLOATSUBSCRIPT MathParser failed to match rule 'Anything'
	at 0301005.tex; line 862 col 23 - line 862 col 33
	In "$U^{i}{}_{j}$"
	U[[UNKNOWN]] ^{i}[[POSTSUPERSCRIPT]]
	        > {}_{j}[[FLOATSUBSCRIPT]]
Warning:not_parsed:>OPEN MathParser failed to match rule 'Anything'
	at 0301005.tex; line 862 col 72 - line 863 col 62
	In "$\left[U^{i}{}_{j},Q^{k}\right]=\delta^{k}_{j}Q^{i}$"
	> \left[[[OPEN]] U[[UNKNOWN]] ^{i}[[POSTSUPERSCRIPT]] {}_{j}[[FLOATSUBSCRIPT]] ,[[PUNCT]] Q[[UNKNOWN]] ^{k}[[POSTSUPERSCRIPT]] \right][[CLOSE]] =[[RELOP]] δ[[UNKNOWN]] ^{k}[[POSTSUPERSCRIPT]] _{j}[[POSTSUBSCRIPT]] Q[[UNKNOWN]] ^{i}[[POSTSUPERSCRIPT]]
 6.18 sec)
Math parsing succeeded:
   ltx:XMWrap: 12/12
   ltx:XMath: 446/456
   ltx:XMArg: 952/964
Symbols assumed as simple identifiers (with # of occurences):
   'A{italic}' (45), 'Box' (6), 'B{italic}' (8), 'C{caligraphic}' (1), 'C{italic}' (8), 'Delta' (2), 'D{italic}' (88), 'E' (8), 'E{italic}' (2), 'F{caligraphic}' (24), 'F{italic}' (11), 'G{caligraphic}' (2), 'G{italic}' (10), 'I{italic}' (21), 'J{italic}' (15), 'K{italic}' (2), 'Lambda' (30), 'L{caligraphic}' (12), 'M{italic}' (9), 'N{caligraphic}' (19), 'N{italic}' (85), 'O' (24), 'Omega' (3), 'O{italic}' (2), 'Psi' (4), 'P{italic}' (30), 'Q{italic}' (50), 'R{blackboard}' (4), 'R{italic}' (8), 'S{caligraphic}' (1), 'S{italic}' (15), 'T{italic}' (3), 'U{italic}' (5), 'V{italic}' (3), 'W{italic}' (3), 'Z{italic}' (6), 'alpha' (15), 'a{italic}' (9), 'beta' (14), 'boson' (1), 'b{italic}' (11), 'c' (1), 'chi' (14), 'clubsuit' (4), 'd' (16), 'delta' (70), 'diamondsuit' (1), 'd{italic}' (2), 'ell' (5), 'epsilon' (81), 'eta' (8), 'e{italic}' (17), 'fermion' (1), 'f{italic}' (6), 'gamma' (39), 'g{italic}' (11), 'h' (1), 'heartsuit' (4), 'h{italic}' (9), 'i' (5), 'i{italic}' (15), 'j{italic}' (14), 'lambda' (1), 'mu' (80), 'm{italic}' (8), 'nu' (66), 'n{italic}' (51), 'omega' (13), 'phi' (36), 'psi' (4), 'p{italic}' (4), 'q{italic}' (4), 'rho' (11), 'sigma' (13), 's{italic}' (4), 'u{italic}' (6), 'varepsilon' (8), 'varphi' (24), 'v{italic}' (6), 'xi' (2), 'x{italic}' (32), 'z{italic}' (21)
Set MATHPARSER_SPECULATE to speculate on possible notations.
(Finalizing... 0.66 sec)
Conversion complete 22 warnings (See /home/user/latex-in-arxiv/0301005.latexml.log) (reqd. 22.54s)
