latexml (LaTeXML version 0.8.6) processing 2003/0301089.tex
(Digesting TeX 0301089...
(Loading /usr/share/perl5/LaTeXML/Package/TeX.pool.ltxml...
(Loading /usr/share/perl5/LaTeXML/Package/eTeX.pool.ltxml... 0.00 sec)
(Loading /usr/share/perl5/LaTeXML/Package/pdfTeX.pool.ltxml... 0.01 sec) 0.17 sec)
(Processing content /home/user/latex-in-arxiv/2003/0301089.tex...
(Loading /usr/share/perl5/LaTeXML/Package/LaTeX.pool.ltxml...
(Loading /usr/share/perl5/LaTeXML/Package/textcomp.sty.ltxml...
(Processing definitions /usr/share/texlive/texmf-dist/tex/latex-dev/base/ts1enc.dfu... 0.03 sec) 1.61 sec) 1.87 sec)
(Loading /usr/share/perl5/LaTeXML/Package/article.cls.ltxml... 0.01 sec)
Info:ignore:\title Ignoring redefinition of \title
	at 0301089.tex; line 43 col 0 - line 43 col 36
Info:ignore:\author Ignoring redefinition of \author
	at 0301089.tex; line 44 col 0 - line 44 col 38
 6.15 sec) 6.36 sec)
(Building...
(Loading compiled schema /usr/share/perl5/LaTeXML/resources/RelaxNG/LaTeXML.model... 0.01 sec) 4.83 sec)
(Rewriting... 0.14 sec)
(Math Parsing 219 formulae ......
Warning:not_parsed:POSTSUBSCRIPT.RELOP.UNKNOWN>OPEN MathParser failed to match rule 'Anything'
	at 0301089.tex; line 465 col 0 - line 469 col 2
	In "$$\omega_{(3)}=d\left[\partial_{i}V\epsilon^{i}_{\,\,\bar{k}\bar{l}}d\phi^{%
	\bar{k}}\wedge d\phi^{\bar{l}}\quad+\quad{\rm h.c.}\right]$$"
	ω[[UNKNOWN]] _{(3)}[[POSTSUBSCRIPT]] =[[RELOP]] d[[UNKNOWN]]
	        > \left[[[OPEN]] ∂[[OPERATOR]] _{i}[[POSTSUBSCRIPT]] V[[UNKNOWN]] ϵ[[UNKNOWN]] ^{i}[[POSTSUPERSCRIPT]] _{\,\,\bar{k}\bar{l}}[[POSTSUBSCRIPT]] d[[UNKNOWN]] ϕ[[UNKNOWN]] ^{\bar{k}}[[POSTSUPERSCRIPT]] ∧[[ADDOP]] d[[UNKNOWN]] ϕ[[UNKNOWN]] ^{\bar{l}}[[POSTSUPERSCRIPT]] $$\omega_{(3)}=d\left[\partial_{i}V\epsilon^{i}_{\,\,\bar{k}\bar{l}}d\phi^{\bar{k}}\wedged\phi^{\bar{l}}\quad+\quad{\rmh.c.}\right]$$[[PUNCT]] +[[ADDOP]] $$\omega_{(3)}=d\left[\partial_{i}V\epsilon^{i}_{\,\,\bar{k}\bar{l}}d\phi^{\bar{k}}\wedged\phi^{\bar{l}}\quad+\quad{\rmh.c.}\right]$$[[PUNCT]] h[[UNKNOWN]] .[[PERIOD]] c[[UNKNOWN]] .[[PERIOD]] \right][[CLOSE]]
 6.81 sec)
Math parsing succeeded:
   ltx:XMArg: 853/853
   ltx:XMath: 218/219
Symbols assumed as simple identifiers (with # of occurences):
   'A{italic}' (9), 'B{italic}' (11), 'D{italic}' (22), 'E{caligraphic}' (14), 'F{caligraphic}' (11), 'F{italic}' (5), 'G{italic}' (1), 'H{italic}' (9), 'I{italic}' (10), 'N{italic}' (11), 'O{italic}' (2), 'Phi' (40), 'Re' (2), 'R{italic}' (1), 'Sigma' (48), 'S{italic}' (24), 'Theta' (40), 'T{italic}' (1), 'U{caligraphic}' (2), 'U{italic}' (21), 'V{italic}' (13), 'W{italic}' (34), 'X{italic}' (11), 'alpha' (1), 'and' (1), 'a{italic}' (26), 'c' (5), 'c{italic}' (1), 'delta' (63), 'd{italic}' (79), 'epsilon' (28), 'eta' (6), 'h' (5), 'h{italic}' (1), 'i{italic}' (11), 'kappa' (17), 'log' (1), 'l{italic}' (5), 'omega' (19), 'phi' (22), 'p{italic}' (2), 'q{italic}' (1), 'sigma' (4), 's{italic}' (3), 'theta' (7), 'w{italic}' (6), 'x{italic}' (17), 'zeta' (6), 'z{italic}' (15)
Set MATHPARSER_SPECULATE to speculate on possible notations.
(Finalizing... 0.76 sec)
Conversion complete 1 warning (See /home/user/latex-in-arxiv/0301089.latexml.log) (reqd. 19.54s)
