latexml (LaTeXML version 0.8.6) processing 2003/0301079.tex
(Digesting TeX 0301079...
(Loading /usr/share/perl5/LaTeXML/Package/TeX.pool.ltxml...
(Loading /usr/share/perl5/LaTeXML/Package/eTeX.pool.ltxml... 0.00 sec)
(Loading /usr/share/perl5/LaTeXML/Package/pdfTeX.pool.ltxml... 0.01 sec) 0.16 sec)
(Processing content /home/user/latex-in-arxiv/2003/0301079.tex...
(Loading /usr/share/perl5/LaTeXML/Package/LaTeX.pool.ltxml...
(Loading /usr/share/perl5/LaTeXML/Package/textcomp.sty.ltxml...
(Processing definitions /usr/share/texlive/texmf-dist/tex/latex-dev/base/ts1enc.dfu... 0.03 sec) 1.40 sec) 1.62 sec)
(Loading /usr/share/perl5/LaTeXML/Package/article.cls.ltxml... 0.01 sec)
(Loading /usr/share/perl5/LaTeXML/Package/epsf.tex.ltxml...
(Loading /usr/share/perl5/LaTeXML/Package/epsf.sty.ltxml... 0.01 sec) 0.01 sec)
Info:unexpected:titlepage When using titlepage, Frontmatter will not be well-structured
	at 0301079.tex; line 80 col 0 - line 80 col 17
 5.66 sec) 5.87 sec)
(Building...
(Loading compiled schema /usr/share/perl5/LaTeXML/resources/RelaxNG/LaTeXML.model... 0.01 sec) 5.02 sec)
(Rewriting... 0.09 sec)
(Math Parsing 260 formulae ...... 5.07 sec)
Math parsing succeeded:
   ltx:XMath: 261/261
   ltx:XMArg: 369/369
Symbols assumed as simple identifiers (with # of occurences):
   'A{italic}' (3), 'B{italic}' (3), 'C{caligraphic}' (1), 'Lambda' (3), 'L{italic}' (4), 'O{italic}' (2), 'Phi' (33), 'Psi' (7), 'Q{caligraphic}' (43), 'Q{italic}' (25), 'R{italic}' (2), 'S{italic}' (2), 'T{italic}' (3), 'V{italic}' (20), 'a{italic}' (3), 'b{italic}' (15), 'c{italic}' (48), 'delta' (2), 'd{italic}' (16), 'e{italic}' (39), 'f{italic}' (39), 'g{italic}' (10), 'h{italic}' (76), 'i{italic}' (20), 'j{italic}' (29), 'm{italic}' (2), 'n{italic}' (16), 'pi' (19), 'q{italic}' (58), 'sigma' (26), 's{italic}' (1), 't{italic}' (3), 'varphi' (8), 'w{italic}' (81), 'z{italic}' (16)
Set MATHPARSER_SPECULATE to speculate on possible notations.
(Finalizing... 0.35 sec)
Conversion complete No obvious problems (reqd. 16.82s)
