latexml (LaTeXML version 0.8.6) processing 2003/0301168_cleaned.tex
(Digesting TeX 0301168_cleaned...
(Loading /usr/share/perl5/LaTeXML/Package/TeX.pool.ltxml...
(Loading /usr/share/perl5/LaTeXML/Package/eTeX.pool.ltxml... 0.00 sec)
(Loading /usr/share/perl5/LaTeXML/Package/pdfTeX.pool.ltxml... 0.01 sec) 0.11 sec)
(Processing content /home/user/latex-in-arxiv/2003/0301168_cleaned.tex...
(Loading /usr/share/perl5/LaTeXML/Package/LaTeX.pool.ltxml...
(Loading /usr/share/perl5/LaTeXML/Package/textcomp.sty.ltxml...
(Processing definitions /usr/share/texlive/texmf-dist/tex/latex-dev/base/ts1enc.dfu... 0.02 sec) 1.21 sec) 1.44 sec)
(Loading /usr/share/perl5/LaTeXML/Package/article.cls.ltxml... 0.01 sec)
(Loading /usr/share/perl5/LaTeXML/Package/latexsym.sty.ltxml... 0.00 sec)
Warning:unexpected:\end{document} Attempt to end document with open groups, environments or conditionals
	at 0301168_cleaned.tex; line 994 col 0 - line 994 col 14
	Group opened by { 0301168_cleaned.tex; line 285 col 1 - line 285 col 1
	Group opened by { 0301168_cleaned.tex; line 258 col 1 - line 258 col 1
	Group opened by { 0301168_cleaned.tex; line 252 col 1 - line 252 col 1
	In Core::Definition::Constructor[\end{do... /usr/share/perl5/LaTeXML/Package/LaTeX.pool.ltxml; line 395
 5.88 sec) 6.01 sec)
(Building...
(Loading compiled schema /usr/share/perl5/LaTeXML/resources/RelaxNG/LaTeXML.model... 0.01 sec) 5.95 sec)
(Rewriting... 0.32 sec)
(Math Parsing 324 formulae ......
Warning:not_parsed:>PUNCT MathParser failed to match rule 'Subscript'
	at 0301168_cleaned.tex; line 476 col 72 - line 476 col 72
	In "$T^{AB}_{\ \ \ ;B}=0$"
	> ;[[PUNCT]] B[[UNKNOWN]]
Warning:not_parsed:>PUNCT MathParser failed to match rule 'Subscript'
	at 0301168_cleaned.tex; line 479 col 18 - line 479 col 18
	In "\begin{equation}\mbox{$$}T^{4B}_{\ \ \ ;B}=T^{4^{\prime}}_{4}+(T_{4}^{4}-%
	\Lambda_{B})(3{R^{\prime}\over R}+{\dot{R^{\prime}}\over\dot{R}})+\sum^{D-1}_{%
	i=4}(T_{4}^{4}-T^{i}_{i}){b_{i}^{\prime}\over b_{i}}=0.\end{equation}"
	> ;[[PUNCT]] B[[UNKNOWN]]
Warning:not_parsed:ATOM.UNKNOWN>CLOSE MathParser failed to match rule 'Anything'
	at 0301168_cleaned.tex; line 532 col 0 - line 532 col 14
	In "$\displaystyle\mbox{$$}{\bf A)}\ B^{2}\neq{8\over 3}(A-\kappa^{2}\Lambda_{B})%
	\neq 0:\ R^{2}(t,z)=3/(\lambda^{2}(t)(A-\kappa^{2}\Lambda_{B}))+d_{1}(t)\exp%
	\Big{(}{z\over 6}(-3B+\sqrt{9B^{2}-24(A-\kappa^{2}\Lambda_{B})})\Big{)}+d_{2}(%
	t)\exp\Big{(}{z\over 6}(-3B-\sqrt{9B^{2}-24(A-\kappa^{2}\Lambda_{B})})\Big{)}\@@ENDINLINEMATH"
	\mbox{$$}[[UNKNOWN]] A[[UNKNOWN]]
	        > )[[CLOSE]] B[[UNKNOWN]] ^{2}[[POSTSUPERSCRIPT]] ≠[[RELOP]] 8\over3[[UNKNOWN]] ([[OPEN]] A[[UNKNOWN]] -[[ADDOP]] κ[[UNKNOWN]] ^{2}[[POSTSUPERSCRIPT]] Λ[[UNKNOWN]] _{B}[[POSTSUBSCRIPT]] )[[CLOSE]] ≠[[RELOP]] 0[[NUMBER]] :[[METARELOP]] R[[UNKNOWN]] ^{2}[[POSTSUPERSCRIPT]] ([[OPEN]] t[[UNKNOWN]] ,[[PUNCT]] z[[UNKNOWN]] )[[CLOSE]] =[[RELOP]] 3[[NUMBER]] /[[MULOP]] ([[OPEN]] λ[[UNKNOWN]] ^{2}[[POSTSUPERSCRIPT]] ([[OPEN]] t[[UNKNOWN]] )[[CLOSE]] ([[OPEN]] A[[UNKNOWN]] -[[ADDOP]] κ[[UNKNOWN]] ^{2}[[POSTSUPERSCRIPT]] Λ[[UNKNOWN]] _{B}[[POSTSUBSCRIPT]] )[[CLOSE]] )[[CLOSE]] +[[ADDOP]] d[[UNKNOWN]] _{1}[[POSTSUBSCRIPT]] ([[OPEN]] t[[UNKNOWN]] )[[CLOSE]] exp[[OPFUNCTION]] ([[OPEN]] z\over6[[UNKNOWN]] ([[OPEN]] ...
Warning:not_parsed:ATOM.UNKNOWN>CLOSE MathParser failed to match rule 'Anything'
	at 0301168_cleaned.tex; line 532 col 0 - line 533 col 66
	In "$\displaystyle\mbox{$$}{\bf A)}\ B^{2}\neq{8\over 3}(A-\kappa^{2}\Lambda_{B})%
	\neq 0:\ R^{2}(t,z)$"
	\mbox{$$}[[UNKNOWN]] A[[UNKNOWN]]
	        > )[[CLOSE]] B[[UNKNOWN]] ^{2}[[POSTSUPERSCRIPT]] ≠[[RELOP]] 8\over3[[UNKNOWN]] ([[OPEN]] A[[UNKNOWN]] -[[ADDOP]] κ[[UNKNOWN]] ^{2}[[POSTSUPERSCRIPT]] Λ[[UNKNOWN]] _{B}[[POSTSUBSCRIPT]] )[[CLOSE]] ≠[[RELOP]] 0[[NUMBER]] :[[METARELOP]] R[[UNKNOWN]] ^{2}[[POSTSUPERSCRIPT]] ([[OPEN]] t[[UNKNOWN]] ,[[PUNCT]] z[[UNKNOWN]] )[[CLOSE]]
Warning:not_parsed:UNKNOWN>CLOSE MathParser failed to match rule 'Anything'
	at 0301168_cleaned.tex; line 538 col 1 - line 538 col 1
	In "$\displaystyle{\bf B)}\ A=\kappa^{2}\Lambda_{B},\ B\neq 0:\ \ \ \ \ \ \ \ R^{2%
	}(t,z)=2z/(\lambda^{2}(t)B)+d_{1}(t)\exp(-Bz)+d_{2}(t)\@@ENDINLINEMATH"
	B[[UNKNOWN]]
	        > )[[CLOSE]] A[[UNKNOWN]] =[[RELOP]] κ[[UNKNOWN]] ^{2}[[POSTSUPERSCRIPT]] Λ[[UNKNOWN]] _{B}[[POSTSUBSCRIPT]] ,[[PUNCT]] B[[UNKNOWN]] ≠[[RELOP]] 0[[NUMBER]] :[[METARELOP]] $\displaystyle{\bfB)}\ A=\kappa^{2}\Lambda_{B},\ B\neq0:\ \ \ \ \ \ \ \ R^{2}(t,z)=2z/(\lambda^{2}(t)B)+d_{1}(t)\exp(-Bz)+d_{2}(t)\@@ENDINLINEMATH[[PUNCT]] R[[UNKNOWN]] ^{2}[[POSTSUPERSCRIPT]] ([[OPEN]] t[[UNKNOWN]] ,[[PUNCT]] z[[UNKNOWN]] )[[CLOSE]] =[[RELOP]] 2[[NUMBER]] z[[UNKNOWN]] /[[MULOP]] ([[OPEN]] λ[[UNKNOWN]] ^{2}[[POSTSUPERSCRIPT]] ([[OPEN]] t[[UNKNOWN]] )[[CLOSE]] B[[UNKNOWN]] )[[CLOSE]] +[[ADDOP]] d[[UNKNOWN]] _{1}[[POSTSUBSCRIPT]] ([[OPEN]] t[[UNKNOWN]] )[[CLOSE]] exp[[OPFUNCTION]] ([[OPEN]] -[[ADDOP]] B[[UNKNOWN]] z[[UNKNOWN]] )[[CLOSE]] +[[ADDOP]] d[[UNKNOWN]] _{2}[[POSTSUBSCRIPT]] ([[OPEN]] t[[UNKNOWN]] )[[CLOSE]]
Warning:not_parsed:UNKNOWN>CLOSE MathParser failed to match rule 'Anything'
	at 0301168_cleaned.tex; line 538 col 1 - line 538 col 65
	In "$\displaystyle{\bf B)}\ A=\kappa^{2}\Lambda_{B},\ B\neq 0:\ \ \ \ \ \ \ \ R^{2%
	}(t,z)$"
	B[[UNKNOWN]]
	        > )[[CLOSE]] A[[UNKNOWN]] =[[RELOP]] κ[[UNKNOWN]] ^{2}[[POSTSUPERSCRIPT]] Λ[[UNKNOWN]] _{B}[[POSTSUBSCRIPT]] ,[[PUNCT]] B[[UNKNOWN]] ≠[[RELOP]] 0[[NUMBER]] :[[METARELOP]] $\displaystyle{\bfB)}\ A=\kappa^{2}\Lambda_{B},\ B\neq0:\ \ \ \ \ \ \ \ R^{2}(t,z)$[[PUNCT]] R[[UNKNOWN]] ^{2}[[POSTSUPERSCRIPT]] ([[OPEN]] t[[UNKNOWN]] ,[[PUNCT]] z[[UNKNOWN]] )[[CLOSE]]
Warning:not_parsed:UNKNOWN>CLOSE MathParser failed to match rule 'Anything'
	at 0301168_cleaned.tex; line 540 col 1 - line 540 col 1
	In "$\displaystyle{\bf C)}\ A=\kappa^{2}\Lambda_{B},\ B=0:\ \ \ \ \ \ \ \ R^{2}(t,%
	z)=d_{1}(t)+d_{2}(t)z+z^{2}/\lambda^{2}(t)\@@ENDINLINEMATH"
	C[[UNKNOWN]]
	        > )[[CLOSE]] A[[UNKNOWN]] =[[RELOP]] κ[[UNKNOWN]] ^{2}[[POSTSUPERSCRIPT]] Λ[[UNKNOWN]] _{B}[[POSTSUBSCRIPT]] ,[[PUNCT]] B[[UNKNOWN]] =[[RELOP]] 0[[NUMBER]] :[[METARELOP]] $\displaystyle{\bfC)}\ A=\kappa^{2}\Lambda_{B},\ B=0:\ \ \ \ \ \ \ \ R^{2}(t,z)=d_{1}(t)+d_{2}(t)z+z^{2}/\lambda^{2}(t)\@@ENDINLINEMATH[[PUNCT]] R[[UNKNOWN]] ^{2}[[POSTSUPERSCRIPT]] ([[OPEN]] t[[UNKNOWN]] ,[[PUNCT]] z[[UNKNOWN]] )[[CLOSE]] =[[RELOP]] d[[UNKNOWN]] _{1}[[POSTSUBSCRIPT]] ([[OPEN]] t[[UNKNOWN]] )[[CLOSE]] +[[ADDOP]] d[[UNKNOWN]] _{2}[[POSTSUBSCRIPT]] ([[OPEN]] t[[UNKNOWN]] )[[CLOSE]] z[[UNKNOWN]] +[[ADDOP]] z[[UNKNOWN]] ^{2}[[POSTSUPERSCRIPT]] /[[MULOP]] λ[[UNKNOWN]] ^{2}[[POSTSUPERSCRIPT]] ([[OPEN]] t[[UNKNOWN]] )[[CLOSE]]
Warning:not_parsed:UNKNOWN>CLOSE MathParser failed to match rule 'Anything'
	at 0301168_cleaned.tex; line 540 col 1 - line 540 col 62
	In "$\displaystyle{\bf C)}\ A=\kappa^{2}\Lambda_{B},\ B=0:\ \ \ \ \ \ \ \ R^{2}(t,%
	z)$"
	C[[UNKNOWN]]
	        > )[[CLOSE]] A[[UNKNOWN]] =[[RELOP]] κ[[UNKNOWN]] ^{2}[[POSTSUPERSCRIPT]] Λ[[UNKNOWN]] _{B}[[POSTSUBSCRIPT]] ,[[PUNCT]] B[[UNKNOWN]] =[[RELOP]] 0[[NUMBER]] :[[METARELOP]] $\displaystyle{\bfC)}\ A=\kappa^{2}\Lambda_{B},\ B=0:\ \ \ \ \ \ \ \ R^{2}(t,z)$[[PUNCT]] R[[UNKNOWN]] ^{2}[[POSTSUPERSCRIPT]] ([[OPEN]] t[[UNKNOWN]] ,[[PUNCT]] z[[UNKNOWN]] )[[CLOSE]]
Warning:not_parsed:UNKNOWN>CLOSE MathParser failed to match rule 'Anything'
	at 0301168_cleaned.tex; line 541 col 1 - line 541 col 1
	In "$\displaystyle{\bf D)}\ B^{2}={8\over 3}(A-\kappa^{2}\Lambda_{B})\neq 0:\ R^{2%
	}(t,z)=3/(\lambda^{2}(t)(A-\kappa^{2}\Lambda_{B}))+\exp(-{B\over 2}z)\Big{(}d_%
	{1}(t)+d_{2}(t)z\Big{)}.\@@ENDINLINEMATH"
	D[[UNKNOWN]]
	        > )[[CLOSE]] B[[UNKNOWN]] ^{2}[[POSTSUPERSCRIPT]] =[[RELOP]] 8\over3[[UNKNOWN]] ([[OPEN]] A[[UNKNOWN]] -[[ADDOP]] κ[[UNKNOWN]] ^{2}[[POSTSUPERSCRIPT]] Λ[[UNKNOWN]] _{B}[[POSTSUBSCRIPT]] )[[CLOSE]] ≠[[RELOP]] 0[[NUMBER]] :[[METARELOP]] R[[UNKNOWN]] ^{2}[[POSTSUPERSCRIPT]] ([[OPEN]] t[[UNKNOWN]] ,[[PUNCT]] z[[UNKNOWN]] )[[CLOSE]] =[[RELOP]] 3[[NUMBER]] /[[MULOP]] ([[OPEN]] λ[[UNKNOWN]] ^{2}[[POSTSUPERSCRIPT]] ([[OPEN]] t[[UNKNOWN]] )[[CLOSE]] ([[OPEN]] A[[UNKNOWN]] -[[ADDOP]] κ[[UNKNOWN]] ^{2}[[POSTSUPERSCRIPT]] Λ[[UNKNOWN]] _{B}[[POSTSUBSCRIPT]] )[[CLOSE]] )[[CLOSE]] +[[ADDOP]] exp[[OPFUNCTION]] ([[OPEN]] -[[ADDOP]] B\over2[[UNKNOWN]] z[[UNKNOWN]] )[[CLOSE]] ([[OPEN]] d[[UNKNOWN]] _{1}[[POSTSUBSCRIPT]] ...
Warning:not_parsed:UNKNOWN>CLOSE MathParser failed to match rule 'Anything'
	at 0301168_cleaned.tex; line 541 col 1 - line 541 col 65
	In "$\displaystyle{\bf D)}\ B^{2}={8\over 3}(A-\kappa^{2}\Lambda_{B})\neq 0:\ R^{2%
	}(t,z)$"
	D[[UNKNOWN]]
	        > )[[CLOSE]] B[[UNKNOWN]] ^{2}[[POSTSUPERSCRIPT]] =[[RELOP]] 8\over3[[UNKNOWN]] ([[OPEN]] A[[UNKNOWN]] -[[ADDOP]] κ[[UNKNOWN]] ^{2}[[POSTSUPERSCRIPT]] Λ[[UNKNOWN]] _{B}[[POSTSUBSCRIPT]] )[[CLOSE]] ≠[[RELOP]] 0[[NUMBER]] :[[METARELOP]] R[[UNKNOWN]] ^{2}[[POSTSUPERSCRIPT]] ([[OPEN]] t[[UNKNOWN]] ,[[PUNCT]] z[[UNKNOWN]] )[[CLOSE]]
Warning:not_parsed:PUNCT.UNKNOWN.CLOSE>CLOSE MathParser failed to match rule 'Anything'
	at 0301168_cleaned.tex; line 632 col 59 - line 632 col 72
	In "$b_{i}=b_{i}(t,z))$"
	b[[UNKNOWN]] _{i}[[POSTSUBSCRIPT]] =[[RELOP]] b[[UNKNOWN]] _{i}[[POSTSUBSCRIPT]] ([[OPEN]] t[[UNKNOWN]] ,[[PUNCT]] z[[UNKNOWN]] )[[CLOSE]]
	        > )[[CLOSE]]
Warning:not_parsed:>PUNCT MathParser failed to match rule 'Subscript'
	at 0301168_cleaned.tex; line 648 col 60 - line 648 col 60
	In "$\tilde{T}^{0A}_{\ \ \ ;A}=0$"
	> ;[[PUNCT]] A[[UNKNOWN]]
Warning:not_parsed:ATOM.UNKNOWN>CLOSE MathParser failed to match rule 'Anything'
	at 0301168_cleaned.tex; line 713 col 0 - line 713 col 16
	In "$\displaystyle\mbox{$$}{\bf A)}\ H^{2}={A+\kappa^{2}\Lambda_{B}\over 3}\frac{B%
	^{2}+4\,B\,\left({\sigma_{0}}+{\sigma_{1}}\right)-4\,\left(\gamma^{2}+2\,{(e^{%
	2\,\gamma L}+1)\over(e^{2\gamma L}-1)}\,\gamma\left({\sigma_{0}}-{\sigma_{1}}%
	\right)-4{\sigma_{0}}\,{\sigma_{1}}\right)}{B^{2}+4\,B\,{\sigma_{1}}-4\,\gamma%
	\left(\gamma-2\,\left((e^{2\,\gamma L}+1)-2\,e^{\frac{\left(B+2\gamma\right)\,%
	L}{2}}\right)\,{\sigma_{1}}(e^{2\gamma L}-1)^{-1}\right)}\@@ENDINLINEMATH"
	\mbox{$$}[[UNKNOWN]] A[[UNKNOWN]]
	        > )[[CLOSE]] H[[UNKNOWN]] ^{2}[[POSTSUPERSCRIPT]] =[[RELOP]] A+\kappa^{2}\Lambda_{B}\over3[[UNKNOWN]] \frac{B^{2}+4\,B\,\left({\sigma_{0}}+{\sigma_{1}}\right)-4\,\left(\gamma^{2}+2\,{(e^{2\,\gammaL}+1)\over(e^{2\gammaL}-1)}\,\gamma\left({\sigma_{0}}-{\sigma_{1}}\right)-4{\sigma_{0}}\,{\sigma_{1}}\right)}{B^{2}+4\,B\,{\sigma_{1}}-4\,\gamma\left(\gamma-2\,\left((e^{2\,\gammaL}+1)-2\,e^{\frac{\left(B+2\gamma\right)\,L}{2}}\right)\,{\sigma_{1}}(e^{2\gammaL}-1)^{-1}\right)}[[UNKNOWN]]
Warning:not_parsed:ATOM.UNKNOWN>CLOSE MathParser failed to match rule 'Anything'
	at 0301168_cleaned.tex; line 713 col 0 - line 714 col 15
	In "$\displaystyle\mbox{$$}{\bf A)}\ H^{2}$"
	\mbox{$$}[[UNKNOWN]] A[[UNKNOWN]]
	        > )[[CLOSE]] H[[UNKNOWN]] ^{2}[[POSTSUPERSCRIPT]]
Warning:not_parsed:UNKNOWN>CLOSE MathParser failed to match rule 'Anything'
	at 0301168_cleaned.tex; line 730 col 1 - line 730 col 1
	In "$\displaystyle{\bf B)}\ H^{2}=B{2(e^{BL}-1)\sigma_{0}\sigma_{1}-B(\sigma_{0}-%
	\sigma_{1}e^{BL})\over 2(e^{BL}-1)\sigma_{1}+B(e^{BL}-1-2\sigma_{1}Le^{BL})}\@@ENDINLINEMATH"
	B[[UNKNOWN]]
	        > )[[CLOSE]] H[[UNKNOWN]] ^{2}[[POSTSUPERSCRIPT]] =[[RELOP]] B[[UNKNOWN]] 2(e^{BL}-1)\sigma_{0}\sigma_{1}-B(\sigma_{0}-\sigma_{1}e^{BL})\over2(e^{BL}-1)\sigma_{1}+B(e^{BL}-1-2\sigma_{1}Le^{BL})[[UNKNOWN]]
Warning:not_parsed:UNKNOWN>CLOSE MathParser failed to match rule 'Anything'
	at 0301168_cleaned.tex; line 730 col 1 - line 730 col 15
	In "$\displaystyle{\bf B)}\ H^{2}$"
	B[[UNKNOWN]]
	        > )[[CLOSE]] H[[UNKNOWN]] ^{2}[[POSTSUPERSCRIPT]]
Warning:not_parsed:UNKNOWN>CLOSE MathParser failed to match rule 'Anything'
	at 0301168_cleaned.tex; line 733 col 1 - line 733 col 1
	In "$\displaystyle{\bf C)}\ H^{2}={2\sigma_{0}\sigma_{1}L-\sigma_{0}+\sigma_{1}%
	\over L(1-\sigma_{1}L)}\@@ENDINLINEMATH"
	C[[UNKNOWN]]
	        > )[[CLOSE]] H[[UNKNOWN]] ^{2}[[POSTSUPERSCRIPT]] =[[RELOP]] 2\sigma_{0}\sigma_{1}L-\sigma_{0}+\sigma_{1}\overL(1-\sigma_{1}L)[[UNKNOWN]]
Warning:not_parsed:UNKNOWN>CLOSE MathParser failed to match rule 'Anything'
	at 0301168_cleaned.tex; line 733 col 1 - line 733 col 15
	In "$\displaystyle{\bf C)}\ H^{2}$"
	C[[UNKNOWN]]
	        > )[[CLOSE]] H[[UNKNOWN]] ^{2}[[POSTSUPERSCRIPT]]
Warning:not_parsed:UNKNOWN>CLOSE MathParser failed to match rule 'Anything'
	at 0301168_cleaned.tex; line 734 col 1 - line 734 col 1
	In "$\displaystyle{\bf D)}\ H^{2}={B^{2}\over 8}{B^{2}L+4\sigma_{1}(2+BL)+4\sigma_%
	{0}(BL-2+4\sigma_{1}L)\over B^{2}L+4\sigma_{1}(2+BL-2e^{BL/2})},\@@ENDINLINEMATH"
	D[[UNKNOWN]]
	        > )[[CLOSE]] H[[UNKNOWN]] ^{2}[[POSTSUPERSCRIPT]] =[[RELOP]] B^{2}\over8[[UNKNOWN]] B^{2}L+4\sigma_{1}(2+BL)+4\sigma_{0}(BL-2+4\sigma_{1}L)\overB^{2}L+4\sigma_{1}(2+BL-2e^{BL/2})[[UNKNOWN]]
Warning:not_parsed:UNKNOWN>CLOSE MathParser failed to match rule 'Anything'
	at 0301168_cleaned.tex; line 734 col 1 - line 734 col 16
	In "$\displaystyle{\bf D)}\ H^{2}$"
	D[[UNKNOWN]]
	        > )[[CLOSE]] H[[UNKNOWN]] ^{2}[[POSTSUPERSCRIPT]]
Warning:not_parsed:UNKNOWN.CLOSE.OPFUNCTION>OPEN MathParser failed to match rule 'Anything'
	at 0301168_cleaned.tex; line 781 col 0 - line 781 col 10
	In "$\displaystyle\mbox{$$}R^{2}(t,z)=d_{1}(t)\exp(({z\over 6}(-3k+\sqrt{24\kappa^%
	{2}\Lambda_{B}-15k^{2}}))+d_{2}(t)\exp({z\over 6}(-3k-\sqrt{24\kappa^{2}%
	\Lambda_{B}-15k^{2}}))+{3\over(k^{2}-\kappa^{2}\Lambda_{B})\lambda^{2}}\@@ENDINLINEMATH"
	\mbox{$$}[[UNKNOWN]] R[[UNKNOWN]] ^{2}[[POSTSUPERSCRIPT]] ([[OPEN]] t[[UNKNOWN]] ,[[PUNCT]] z[[UNKNOWN]] )[[CLOSE]] =[[RELOP]] d[[UNKNOWN]] _{1}[[POSTSUBSCRIPT]] ([[OPEN]] t[[UNKNOWN]] )[[CLOSE]] exp[[OPFUNCTION]]
	        > ([[OPEN]] ([[OPEN]] z\over6[[UNKNOWN]] ([[OPEN]] -[[ADDOP]] 3[[NUMBER]] k[[UNKNOWN]] +[[ADDOP]] \sqrt{24\kappa^{2}\Lambda_{B}-15k^{2}}[[UNKNOWN]] )[[CLOSE]] )[[CLOSE]] +[[ADDOP]] d[[UNKNOWN]] _{2}[[POSTSUBSCRIPT]] ([[OPEN]] t[[UNKNOWN]] )[[CLOSE]] exp[[OPFUNCTION]] ([[OPEN]] z\over6[[UNKNOWN]] ([[OPEN]] -[[ADDOP]] 3[[NUMBER]] k[[UNKNOWN]] -[[ADDOP]] \sqrt{24\kappa^{2}\Lambda_{B}-15k^{2}}[[UNKNOWN]] )[[CLOSE]] )[[CLOSE]] +[[ADDOP]] 3\over(k^{2}-\kappa^{2}\Lambda_{B})\lambda^{2}[[UNKNOWN]]
Warning:not_parsed:UNKNOWN.CLOSE.OPFUNCTION>OPEN MathParser failed to match rule 'Anything'
	at 0301168_cleaned.tex; line 782 col 16 - line 783 col 1
	In "$\displaystyle d_{1}(t)\exp(({z\over 6}(-3k+\sqrt{24\kappa^{2}\Lambda_{B}-15k^%
	{2}}))+$"
	d[[UNKNOWN]] _{1}[[POSTSUBSCRIPT]] ([[OPEN]] t[[UNKNOWN]] )[[CLOSE]] exp[[OPFUNCTION]]
	        > ([[OPEN]] ([[OPEN]] z\over6[[UNKNOWN]] ([[OPEN]] -[[ADDOP]] 3[[NUMBER]] k[[UNKNOWN]] +[[ADDOP]] \sqrt{24\kappa^{2}\Lambda_{B}-15k^{2}}[[UNKNOWN]] )[[CLOSE]] )[[CLOSE]] +[[ADDOP]]
 13.21 sec)
Math parsing succeeded:
   ltx:XMath: 305/324
   ltx:XMArg: 2003/2006
Symbols assumed as simple identifiers (with # of occurences):
   'A{bold}' (12), 'A{italic}' (41), 'B{bold}' (12), 'B{italic}' (88), 'C{bold}' (12), 'C{italic}' (2), 'D{bold}' (12), 'D{italic}' (99), 'F{italic}' (10), 'G{italic}' (36), 'H{italic}' (26), 'I' (2), 'I{italic}' (2), 'Lambda' (105), 'L{italic}' (51), 'M{italic}' (12), 'P{italic}' (30), 'R' (2), 'R{italic}' (190), 'S{italic}' (2), 'TeV' (1), 'T{italic}' (19), 'alpha' (36), 'a{italic}' (9), 'beta' (15), 'b{italic}' (175), 'c{italic}' (2), 'delta' (3), 'd{italic}' (70), 'eta' (62), 'e{italic}' (44), 'f{italic}' (16), 'gamma' (20), 'i{italic}' (66), 'j{italic}' (22), 'kappa' (76), 'k{italic}' (88), 'lambda' (43), 'l{italic}' (8), 'no' (1), 'nu' (3), 'n{italic}' (16), 'pi' (7), 'p{italic}' (27), 'rho' (30), 'r{italic}' (1), 'sigma' (53), 'sum' (1), 's{italic}' (1), 'theta' (4), 't{italic}' (126), 'x{italic}' (6), 'z{italic}' (165)
Set MATHPARSER_SPECULATE to speculate on possible notations.
(Finalizing... 2.05 sec)
Conversion complete 23 warnings (See /home/user/latex-in-arxiv/0301168_cleaned.latexml.log) (reqd. 28.65s)
