latexml (LaTeXML version 0.8.6) processing 2003/0301176.tex
(Digesting TeX 0301176...
(Loading /usr/share/perl5/LaTeXML/Package/TeX.pool.ltxml...
(Loading /usr/share/perl5/LaTeXML/Package/eTeX.pool.ltxml... 0.00 sec)
(Loading /usr/share/perl5/LaTeXML/Package/pdfTeX.pool.ltxml... 0.01 sec) 0.13 sec)
(Processing content /home/user/latex-in-arxiv/2003/0301176.tex...
(Loading /usr/share/perl5/LaTeXML/Package/LaTeX.pool.ltxml...
(Loading /usr/share/perl5/LaTeXML/Package/textcomp.sty.ltxml...
(Processing definitions /usr/share/texlive/texmf-dist/tex/latex-dev/base/ts1enc.dfu... 0.04 sec) 1.52 sec) 1.71 sec)
(Loading /usr/share/perl5/LaTeXML/Package/article.cls.ltxml... 0.01 sec)
(Loading /usr/share/perl5/LaTeXML/Package/cite.sty.ltxml... 0.00 sec)
Info:unexpected:titlepage When using titlepage, Frontmatter will not be well-structured
	at 0301176.tex; line 38 col 0 - line 38 col 17
 10.43 sec) 10.61 sec)
(Building...
(Loading compiled schema /usr/share/perl5/LaTeXML/resources/RelaxNG/LaTeXML.model... 0.01 sec) 10.38 sec)
(Rewriting... 0.41 sec)
(Math Parsing 496 formulae ......
Warning:not_parsed:RELOP.UNKNOWN.POSTSUBSCRIPT>PUNCT MathParser failed to match rule 'Anything'
	at 0301176.tex; line 242 col 0 - line 245 col 14
	In "\begin{equation}\frac{1}{2}T_{\mu\nu\rho\sigma}F_{\rho\sigma}=F_{\mu\nu}\,,%
	\quad(\mu,\,\nu,\,\rho,\,\sigma=1,\,\cdots,\,8)\,,\end{equation}"
	\frac{1}{2}[[UNKNOWN]] T[[UNKNOWN]] _{\mu\nu\rho\sigma}[[POSTSUBSCRIPT]] F[[UNKNOWN]] _{\rho\sigma}[[POSTSUBSCRIPT]] =[[RELOP]] F[[UNKNOWN]] _{\mu\nu}[[POSTSUBSCRIPT]]
	        > ,[[PUNCT]] ([[OPEN]] μ[[UNKNOWN]] ,[[PUNCT]] ν[[UNKNOWN]] ,[[PUNCT]] ρ[[UNKNOWN]] ,[[PUNCT]] σ[[UNKNOWN]] =[[RELOP]] 1[[NUMBER]] ,[[PUNCT]] ⋯[[ID]] ,[[PUNCT]]  8[[NUMBER]] )[[CLOSE]]
Warning:not_parsed:RELOP.UNKNOWN.POSTSUBSCRIPT>PUNCT MathParser failed to match rule 'Anything'
	at 0301176.tex; line 249 col 0 - line 252 col 14
	In "\begin{equation}\frac{1}{2}\epsilon_{abcd}F_{cd}=F_{ab}\,,\quad(a,\,b,\,c,\,d=%
	1,\,\cdots,\,4)\,.\end{equation}"
	\frac{1}{2}[[UNKNOWN]] ϵ[[UNKNOWN]] _{abcd}[[POSTSUBSCRIPT]] F[[UNKNOWN]] _{cd}[[POSTSUBSCRIPT]] =[[RELOP]] F[[UNKNOWN]] _{ab}[[POSTSUBSCRIPT]]
	        > ,[[PUNCT]] ([[OPEN]] a[[UNKNOWN]] ,[[PUNCT]] b[[UNKNOWN]] ,[[PUNCT]] c[[UNKNOWN]] ,[[PUNCT]] d[[UNKNOWN]] =[[RELOP]] 1[[NUMBER]] ,[[PUNCT]] ⋯[[ID]] ,[[PUNCT]]  4[[NUMBER]] )[[CLOSE]]
Warning:not_parsed:OPEN.UNKNOWN> MathParser failed to match rule 'Subscript'
	at 0301176.tex; line 368 col 65 - line 368 col 65
	In "$\displaystyle F_{\mu\nu}=2\psi^{\dagger}\left(\partial_{\left[\mu\right.}D_{z%
	}\frac{1}{D^{\dagger}_{z}D_{z}}\partial_{\left.\nu\right]}D^{\dagger}_{z}%
	\right)\psi=2\psi^{\dagger}\overrightarrow{\mathbf{B}}\,\overline{N}_{\mu\nu}%
	\frac{1}{D^{\dagger}_{z}D_{z}}\overrightarrow{\mathbf{B}}^{\dagger}\psi\,,\@@ENDINLINEMATH"
	\left[[[OPEN]] μ[[UNKNOWN]]
	        > 
Warning:not_parsed:UNKNOWN>CLOSE MathParser failed to match rule 'Subscript'
	at 0301176.tex; line 369 col 60 - line 369 col 60
	ν[[UNKNOWN]]
	        > \right][[CLOSE]]
Warning:not_parsed:OPEN.UNKNOWN> MathParser failed to match rule 'Subscript'
	at 0301176.tex; line 368 col 65 - line 368 col 65
	In "$\displaystyle 2\psi^{\dagger}\left(\partial_{\left[\mu\right.}D_{z}\frac{1}{D%
	^{\dagger}_{z}D_{z}}\partial_{\left.\nu\right]}D^{\dagger}_{z}\right)\psi$"
	\left[[[OPEN]] μ[[UNKNOWN]]
	        > 
Warning:not_parsed:UNKNOWN>CLOSE MathParser failed to match rule 'Subscript'
	at 0301176.tex; line 369 col 60 - line 369 col 60
	ν[[UNKNOWN]]
	        > \right][[CLOSE]]
Warning:not_parsed:RELOP.UNKNOWN.POSTSUBSCRIPT>FLOATSUPERSCRIPT MathParser failed to match rule 'Anything'
	at 0301176.tex; line 555 col 0 - line 560 col 14
	In "\begin{equation}\partial_{\mu}\hat{x}^{\nu}=\delta_{\mu}{}^{\nu}\quad\textrm{%
	and}\quad\left[\hat{\partial}_{\mu},\,\hat{\partial}_{\nu}\right]=i\,(\theta^{%
	-1})_{\mu\nu}\,.\end{equation}"
	∂[[OPERATOR]] _{\mu}[[POSTSUBSCRIPT]] \hat{x}[[UNKNOWN]] ^{\nu}[[POSTSUPERSCRIPT]] =[[RELOP]] δ[[UNKNOWN]] _{\mu}[[POSTSUBSCRIPT]]
	        > {}^{\nu}[[FLOATSUPERSCRIPT]] \begin{equation}\partial_{\mu}\hat{x}^{\nu}=\delta_{\mu}{}^{\nu}\quad\textrm{and}\quad\left[\hat{\partial}_{\mu},\,\hat{\partial}_{\nu}\right]=i\,(\theta^{-1})_{\mu\nu}\,.\end{equation}[[PUNCT]] \textrm{and}[[UNKNOWN]] \begin{equation}\partial_{\mu}\hat{x}^{\nu}=\delta_{\mu}{}^{\nu}\quad\textrm{and}\quad\left[\hat{\partial}_{\mu},\,\hat{\partial}_{\nu}\right]=i\,(\theta^{-1})_{\mu\nu}\,.\end{equation}[[PUNCT]] \left[[[OPEN]] \hat{\partial}[[UNKNOWN]] _{\mu}[[POSTSUBSCRIPT]] ,[[PUNCT]] \hat{\partial}[[UNKNOWN]] _{\nu}[[POSTSUBSCRIPT]] \right][[CLOSE]] =[[RELOP]] i[[UNKNOWN]] ([[OPEN]] θ[[UNKNOWN]] ^{-1}[[POSTSUPERSCRIPT]] )[[CLOSE]] _{\mu\nu}[[POSTSUBSCRIPT]]
Warning:not_parsed:RELOP.UNKNOWN.POSTSUBSCRIPT>OPEN MathParser failed to match rule 'Anything'
	at 0301176.tex; line 750 col 1 - line 750 col 1
	In "$\displaystyle F=F_{z_{1}\bar{z}_{1}}\bigl{[}dz_{1}\wedge d\bar{z}_{1}+dz_{2}%
	\wedge d\bar{z}_{2}+a^{2}(dz_{3}\wedge d\bar{z}_{3}+dz_{4}\wedge d\bar{z}_{4})%
	\bigr{.}\quad\quad\bigl{.}+a(dz_{1}\wedge d\bar{z}_{3}+dz_{2}\wedge d\bar{z}_{%
	4}+dz_{3}\wedge d\bar{z}_{1}+dz_{4}\wedge d\bar{z}_{2})\bigr{]}\quad+F_{z_{1}z%
	_{2}}\left[dz_{1}\wedge dz_{2}+a(dz_{1}\wedge dz_{4}+dz_{3}\wedge dz_{2})+a^{2%
	}\,dz_{3}\wedge dz_{4}\right]\quad+F_{\bar{z}_{1}\bar{z}_{2}}\left[d\bar{z}_{1%
	}\wedge d\bar{z}_{2}+a(d\bar{z}_{1}\wedge d\bar{z}_{4}+d\bar{z}_{3}\wedge d%
	\bar{z}_{2})+a^{2}\,d\bar{z}_{3}\wedge d\bar{z}_{4}\right]\,,\@@ENDINLINEMATH"
	F[[UNKNOWN]] =[[RELOP]] F[[UNKNOWN]] _{z_{1}\bar{z}_{1}}[[POSTSUBSCRIPT]]
	        > [[[OPEN]] d[[UNKNOWN]] z[[UNKNOWN]] _{1}[[POSTSUBSCRIPT]] ∧[[ADDOP]] d[[UNKNOWN]] \bar{z}[[UNKNOWN]] _{1}[[POSTSUBSCRIPT]] +[[ADDOP]] d[[UNKNOWN]] z[[UNKNOWN]] _{2}[[POSTSUBSCRIPT]] ∧[[ADDOP]] d[[UNKNOWN]] \bar{z}[[UNKNOWN]] _{2}[[POSTSUBSCRIPT]] +[[ADDOP]] a[[UNKNOWN]] ^{2}[[POSTSUPERSCRIPT]] ([[OPEN]] d[[UNKNOWN]] z[[UNKNOWN]] _{3}[[POSTSUBSCRIPT]] ∧[[ADDOP]] d[[UNKNOWN]] \bar{z}[[UNKNOWN]] _{3}[[POSTSUBSCRIPT]] +[[ADDOP]] d[[UNKNOWN]] z[[UNKNOWN]] _{4}[[POSTSUBSCRIPT]] ∧[[ADDOP]] d[[UNKNOWN]] \bar{z}[[UNKNOWN]] _{4}[[POSTSUBSCRIPT]] )[[CLOSE]] .[[PERIOD]] $\displaystyleF=F_{z_{1}\bar{z}_{1}}\bigl{[}dz_{1}\wedged\bar{z}_{1}+dz_{2}\wedged\bar{z}_{2}+a^{2}(dz_{3}\wedged\bar{z}_{3}+dz_{4}\wedged\bar{z}_{4})\bigr{.}\quad\quad\bigl{.}+a(dz_{1}\wedged\bar{z}_{3}+dz_{2}\wedged\bar{z}_{4}+dz_{3}\wedged\bar{z}_{1}+dz_{4}\wedged\bar{z}_{2})\bigr{]}\quad+F_{z_{1}z_{2}}\left[dz_{1}\wedgedz_{2}+a(dz_{1}\wedgedz_{4}+dz_{3}\wedgedz_{2})+a^{2}\,dz_{3}\wedgedz_{4}\right]\quad+F_{\bar{z}_{1}\bar{z}_{2}}\left[d\bar{z}_{1}\wedged\bar{z}_{2}+a(d\bar{z}_{1}\wedged\bar{z}_{4}+d\bar{z}_{3}\wedged\bar{z}_{2})+a^{2}\,d\bar{z}_{3}\wedged\bar{z}_{4}\right]\,,\@@ENDINLINEMATH[[PUNCT]] .[[PERIOD]] +[[ADDOP]] a[[UNKNOWN]] ([[OPEN]] d[[UNKNOWN]] z[[UNKNOWN]] _{1}[[POSTSUBSCRIPT]] ∧[[ADDOP]] d[[UNKNOWN]] \bar{z}[[UNKNOWN]] _{3}[[POSTSUBSCRIPT]] +[[ADDOP]] d[[UNKNOWN]] ...
Warning:not_parsed:UNKNOWN.POSTSUBSCRIPT>OPEN MathParser failed to match rule 'Anything'
	at 0301176.tex; line 750 col 6 - line 752 col 1
	In "$\displaystyle F_{z_{1}\bar{z}_{1}}\bigl{[}dz_{1}\wedge d\bar{z}_{1}+dz_{2}%
	\wedge d\bar{z}_{2}+a^{2}(dz_{3}\wedge d\bar{z}_{3}+dz_{4}\wedge d\bar{z}_{4})%
	\bigr{.}$"
	F[[UNKNOWN]] _{z_{1}\bar{z}_{1}}[[POSTSUBSCRIPT]]
	        > [[[OPEN]] d[[UNKNOWN]] z[[UNKNOWN]] _{1}[[POSTSUBSCRIPT]] ∧[[ADDOP]] d[[UNKNOWN]] \bar{z}[[UNKNOWN]] _{1}[[POSTSUBSCRIPT]] +[[ADDOP]] d[[UNKNOWN]] z[[UNKNOWN]] _{2}[[POSTSUBSCRIPT]] ∧[[ADDOP]] d[[UNKNOWN]] \bar{z}[[UNKNOWN]] _{2}[[POSTSUBSCRIPT]] +[[ADDOP]] a[[UNKNOWN]] ^{2}[[POSTSUPERSCRIPT]] ([[OPEN]] d[[UNKNOWN]] z[[UNKNOWN]] _{3}[[POSTSUBSCRIPT]] ∧[[ADDOP]] d[[UNKNOWN]] \bar{z}[[UNKNOWN]] _{3}[[POSTSUBSCRIPT]] +[[ADDOP]] d[[UNKNOWN]] z[[UNKNOWN]] _{4}[[POSTSUBSCRIPT]] ∧[[ADDOP]] d[[UNKNOWN]] \bar{z}[[UNKNOWN]] _{4}[[POSTSUBSCRIPT]] )[[CLOSE]]
Warning:not_parsed:>PERIOD MathParser failed to match rule 'Anything'
	at 0301176.tex; line 752 col 9 - line 754 col 1
	In "$\displaystyle\quad\quad\bigl{.}+a(dz_{1}\wedge d\bar{z}_{3}+dz_{2}\wedge d%
	\bar{z}_{4}+dz_{3}\wedge d\bar{z}_{1}+dz_{4}\wedge d\bar{z}_{2})\bigr{]}$"
	> .[[PERIOD]] +[[ADDOP]] a[[UNKNOWN]] ([[OPEN]] d[[UNKNOWN]] z[[UNKNOWN]] _{1}[[POSTSUBSCRIPT]] ∧[[ADDOP]] d[[UNKNOWN]] \bar{z}[[UNKNOWN]] _{3}[[POSTSUBSCRIPT]] +[[ADDOP]] d[[UNKNOWN]] z[[UNKNOWN]] _{2}[[POSTSUBSCRIPT]] ∧[[ADDOP]] d[[UNKNOWN]] \bar{z}[[UNKNOWN]] _{4}[[POSTSUBSCRIPT]] +[[ADDOP]] d[[UNKNOWN]] z[[UNKNOWN]] _{3}[[POSTSUBSCRIPT]] ∧[[ADDOP]] d[[UNKNOWN]] \bar{z}[[UNKNOWN]] _{1}[[POSTSUBSCRIPT]] +[[ADDOP]] d[[UNKNOWN]] z[[UNKNOWN]] _{4}[[POSTSUBSCRIPT]] ∧[[ADDOP]] d[[UNKNOWN]] \bar{z}[[UNKNOWN]] _{2}[[POSTSUBSCRIPT]] )[[CLOSE]] ][[CLOSE]]
Warning:not_parsed:>VERTBAR MathParser failed to match rule 'Anything'
	at 0301176.tex; line 1137 col 5 - line 1137 col 5
	In "$\displaystyle|0\rangle\!\rangle=|0:0:0:0\rangle\,,\@@ENDINLINEMATH"
	> |[[VERTBAR]] 0[[NUMBER]] \rangle[[CLOSE]] \rangle[[CLOSE]] =[[RELOP]] |[[VERTBAR]] 0[[NUMBER]] :[[METARELOP]] 0[[NUMBER]] :[[METARELOP]] 0[[NUMBER]] :[[METARELOP]] 0[[NUMBER]] \rangle[[CLOSE]]
Warning:not_parsed:>VERTBAR MathParser failed to match rule 'Anything'
	at 0301176.tex; line 1137 col 5 - line 1138 col 1
	In "$\displaystyle|0\rangle\!\rangle=|0:0:0:0\rangle\,,$"
	> |[[VERTBAR]] 0[[NUMBER]] \rangle[[CLOSE]] \rangle[[CLOSE]] =[[RELOP]] |[[VERTBAR]] 0[[NUMBER]] :[[METARELOP]] 0[[NUMBER]] :[[METARELOP]] 0[[NUMBER]] :[[METARELOP]] 0[[NUMBER]] \rangle[[CLOSE]]
Warning:not_parsed:>VERTBAR MathParser failed to match rule 'Anything'
	at 0301176.tex; line 1138 col 5 - line 1138 col 5
	In "$\displaystyle|1\rangle\!\rangle=|1:0:0:0\rangle\,,\quad|2\rangle\!\rangle=|0:%
	1:0:0\rangle\,,\quad|3\rangle\!\rangle=|0:0:1:0\rangle\,,\@@ENDINLINEMATH"
	> |[[VERTBAR]] 1[[NUMBER]] \rangle[[CLOSE]] \rangle[[CLOSE]] =[[RELOP]] |[[VERTBAR]] 1[[NUMBER]] :[[METARELOP]] 0[[NUMBER]] :[[METARELOP]] 0[[NUMBER]] :[[METARELOP]] 0[[NUMBER]] \rangle[[CLOSE]] ,[[PUNCT]] |[[VERTBAR]] 2[[NUMBER]] \rangle[[CLOSE]] \rangle[[CLOSE]] =[[RELOP]] |[[VERTBAR]] 0[[NUMBER]] :[[METARELOP]] 1[[NUMBER]] :[[METARELOP]] 0[[NUMBER]] :[[METARELOP]] 0[[NUMBER]] \rangle[[CLOSE]] ,[[PUNCT]] |[[VERTBAR]] 3[[NUMBER]] \rangle[[CLOSE]] \rangle[[CLOSE]] =[[RELOP]] |[[VERTBAR]] 0[[NUMBER]] :[[METARELOP]] 0[[NUMBER]] :[[METARELOP]] 1[[NUMBER]] :[[METARELOP]] 0[[NUMBER]] \rangle[[CLOSE]]
Warning:not_parsed:>VERTBAR MathParser failed to match rule 'Anything'
	at 0301176.tex; line 1138 col 5 - line 1141 col 1
	In "$\displaystyle|1\rangle\!\rangle=|1:0:0:0\rangle\,,\quad|2\rangle\!\rangle=|0:%
	1:0:0\rangle\,,\quad|3\rangle\!\rangle=|0:0:1:0\rangle\,,$"
	> |[[VERTBAR]] 1[[NUMBER]] \rangle[[CLOSE]] \rangle[[CLOSE]] =[[RELOP]] |[[VERTBAR]] 1[[NUMBER]] :[[METARELOP]] 0[[NUMBER]] :[[METARELOP]] 0[[NUMBER]] :[[METARELOP]] 0[[NUMBER]] \rangle[[CLOSE]] ,[[PUNCT]] |[[VERTBAR]] 2[[NUMBER]] \rangle[[CLOSE]] \rangle[[CLOSE]] =[[RELOP]] |[[VERTBAR]] 0[[NUMBER]] :[[METARELOP]] 1[[NUMBER]] :[[METARELOP]] 0[[NUMBER]] :[[METARELOP]] 0[[NUMBER]] \rangle[[CLOSE]] ,[[PUNCT]] |[[VERTBAR]] 3[[NUMBER]] \rangle[[CLOSE]] \rangle[[CLOSE]] =[[RELOP]] |[[VERTBAR]] 0[[NUMBER]] :[[METARELOP]] 0[[NUMBER]] :[[METARELOP]] 1[[NUMBER]] :[[METARELOP]] 0[[NUMBER]] \rangle[[CLOSE]]
Warning:not_parsed:>VERTBAR MathParser failed to match rule 'Anything'
	at 0301176.tex; line 1141 col 5 - line 1141 col 5
	In "$\displaystyle|4\rangle\!\rangle=|0:0:0:1\rangle\,,\quad|5\rangle\!\rangle=|2:%
	0:0:0\rangle\,,\quad\cdots\,.\@@ENDINLINEMATH"
	> |[[VERTBAR]] 4[[NUMBER]] \rangle[[CLOSE]] \rangle[[CLOSE]] =[[RELOP]] |[[VERTBAR]] 0[[NUMBER]] :[[METARELOP]] 0[[NUMBER]] :[[METARELOP]] 0[[NUMBER]] :[[METARELOP]] 1[[NUMBER]] \rangle[[CLOSE]] ,[[PUNCT]] |[[VERTBAR]] 5[[NUMBER]] \rangle[[CLOSE]] \rangle[[CLOSE]] =[[RELOP]] |[[VERTBAR]] 2[[NUMBER]] :[[METARELOP]] 0[[NUMBER]] :[[METARELOP]] 0[[NUMBER]] :[[METARELOP]] 0[[NUMBER]] \rangle[[CLOSE]] ,[[PUNCT]] ⋯[[ID]]
Warning:not_parsed:>VERTBAR MathParser failed to match rule 'Anything'
	at 0301176.tex; line 1141 col 5 - line 1143 col 14
	In "$\displaystyle|4\rangle\!\rangle=|0:0:0:1\rangle\,,\quad|5\rangle\!\rangle=|2:%
	0:0:0\rangle\,,\quad\cdots\,.$"
	> |[[VERTBAR]] 4[[NUMBER]] \rangle[[CLOSE]] \rangle[[CLOSE]] =[[RELOP]] |[[VERTBAR]] 0[[NUMBER]] :[[METARELOP]] 0[[NUMBER]] :[[METARELOP]] 0[[NUMBER]] :[[METARELOP]] 1[[NUMBER]] \rangle[[CLOSE]] ,[[PUNCT]] |[[VERTBAR]] 5[[NUMBER]] \rangle[[CLOSE]] \rangle[[CLOSE]] =[[RELOP]] |[[VERTBAR]] 2[[NUMBER]] :[[METARELOP]] 0[[NUMBER]] :[[METARELOP]] 0[[NUMBER]] :[[METARELOP]] 0[[NUMBER]] \rangle[[CLOSE]] ,[[PUNCT]] ⋯[[ID]]
Warning:not_parsed:>VERTBAR MathParser failed to match rule 'Anything'
	at 0301176.tex; line 1157 col 5 - line 1157 col 5
	In "\begin{equation}\psi_{1}=\left(\begin{array}[]{@{\,}c@{\,}}|0\rangle\!\rangle%
	\langle\!\langle 0|\\
	|0\rangle\!\rangle\langle\!\langle 1|\\
	\vdots\\
	|0\rangle\!\rangle\langle\!\langle k-1|\\
	\end{array}\right)\,,\quad\psi_{2}=\left(\begin{array}[]{@{\,}c@{\,}}0\\
	0\\
	\vdots\\
	0\\
	\end{array}\right)\,,\quad\xi=S_{k}\,,\end{equation}"
	> |[[VERTBAR]] 0[[NUMBER]] \rangle[[CLOSE]] \rangle[[CLOSE]] \langle[[OPEN]] \langle[[OPEN]] 0[[NUMBER]] |[[VERTBAR]]
Warning:not_parsed:>VERTBAR MathParser failed to match rule 'Anything'
	at 0301176.tex; line 1158 col 5 - line 1158 col 5
	> |[[VERTBAR]] 0[[NUMBER]] \rangle[[CLOSE]] \rangle[[CLOSE]] \langle[[OPEN]] \langle[[OPEN]] 1[[NUMBER]] |[[VERTBAR]]
Warning:not_parsed:>VERTBAR MathParser failed to match rule 'Anything'
	at 0301176.tex; line 1160 col 5 - line 1160 col 5
	> |[[VERTBAR]] 0[[NUMBER]] \rangle[[CLOSE]] \rangle[[CLOSE]] \langle[[OPEN]] \langle[[OPEN]] k[[UNKNOWN]] -[[ADDOP]] 1[[NUMBER]] |[[VERTBAR]]
Warning:not_parsed:POSTSUPERSCRIPT.VERTBAR.UNKNOWN>CLOSE MathParser failed to match rule 'Anything'
	at 0301176.tex; line 1172 col 0 - line 1175 col 14
	In "\begin{equation}S_{k}\equiv\sum_{i=0}^{\infty}|i\rangle\!\rangle\langle\!%
	\langle i+k|\,.\end{equation}"
	S[[UNKNOWN]] _{k}[[POSTSUBSCRIPT]] ≡[[RELOP]] ∑[[SUMOP]] _{i=0}[[POSTSUBSCRIPT]] ^{\infty}[[POSTSUPERSCRIPT]] |[[VERTBAR]] i[[UNKNOWN]]
	        > \rangle[[CLOSE]] \rangle[[CLOSE]] \langle[[OPEN]] \langle[[OPEN]] i[[UNKNOWN]] +[[ADDOP]] k[[UNKNOWN]] |[[VERTBAR]]
Warning:not_parsed:POSTSUPERSCRIPT.VERTBAR.UNKNOWN>CLOSE MathParser failed to match rule 'Anything'
	at 0301176.tex; line 1183 col 0 - line 1186 col 14
	In "\begin{equation}P_{k}\equiv\sum_{i=0}^{k-1}|i\rangle\!\rangle\langle\!\langle i%
	|\,,\end{equation}"
	P[[UNKNOWN]] _{k}[[POSTSUBSCRIPT]] ≡[[RELOP]] ∑[[SUMOP]] _{i=0}[[POSTSUBSCRIPT]] ^{k-1}[[POSTSUPERSCRIPT]] |[[VERTBAR]] i[[UNKNOWN]]
	        > \rangle[[CLOSE]] \rangle[[CLOSE]] \langle[[OPEN]] \langle[[OPEN]] i[[UNKNOWN]] |[[VERTBAR]]
 21.90 sec)
Math parsing succeeded:
   ltx:XMath: 482/496
   ltx:XMArg: 2073/2080
Symbols assumed as simple identifiers (with # of occurences):
   'A{bold}' (4), 'A{italic}' (30), 'B{bold}' (12), 'B{italic}' (35), 'C{bold}' (1), 'Delta' (4), 'D{italic}' (78), 'F{italic}' (93), 'G{italic}' (1), 'I{italic}' (67), 'J{italic}' (39), 'K{italic}' (16), 'L{italic}' (17), 'M{italic}' (4), 'N{italic}' (36), 'O{caligraphic}' (6), 'O{italic}' (10), 'P{italic}' (10), 'Q{italic}' (5), 'R{bold}' (11), 'Sigma' (7), 'S{italic}' (39), 'Tr' (4), 'T{italic}' (7), 'U{italic}' (32), 'V{italic}' (5), 'Xi' (2), 'X{italic}' (2), 'a{italic}' (167), 'b{italic}' (4), 'c{italic}' (4), 'delta' (53), 'det' (2), 'd{italic}' (211), 'epsilon' (2), 'eta' (49), 'e{italic}' (1), 'f{italic}' (10), 'g{italic}' (2), 'i{italic}' (42), 'j{italic}' (6), 'k{italic}' (66), 'mu' (74), 'm{bold}' (4), 'm{italic}' (13), 'nu' (40), 'n{bold}' (4), 'n{italic}' (36), 'pi' (28), 'psi' (37), 'p{italic}' (8), 'rho' (12), 'sigma' (12), 'tau' (13), 'theta' (20), 'tr' (2), 'w{italic}' (5), 'xi' (2), 'x{bold}' (4), 'x{italic}' (29), 'zeta' (24), 'z{italic}' (226)
Set MATHPARSER_SPECULATE to speculate on possible notations.
(Finalizing... 2.26 sec)
Conversion complete 21 warnings (See /home/user/latex-in-arxiv/0301176.latexml.log) (reqd. 46.87s)
