latexml (LaTeXML version 0.8.6) processing 2003/0301073.tex
(Digesting TeX 0301073...
(Loading /usr/share/perl5/LaTeXML/Package/TeX.pool.ltxml...
(Loading /usr/share/perl5/LaTeXML/Package/eTeX.pool.ltxml... 0.00 sec)
(Loading /usr/share/perl5/LaTeXML/Package/pdfTeX.pool.ltxml... 0.01 sec) 0.11 sec)
(Processing content /home/user/latex-in-arxiv/2003/0301073.tex...
(Loading /usr/share/perl5/LaTeXML/Package/LaTeX.pool.ltxml...
(Loading /usr/share/perl5/LaTeXML/Package/textcomp.sty.ltxml...
(Processing definitions /usr/share/texlive/texmf-dist/tex/latex-dev/base/ts1enc.dfu... 0.02 sec) 1.02 sec) 1.17 sec)
(Loading /usr/share/perl5/LaTeXML/Package/article.cls.ltxml... 0.01 sec)
(Loading /usr/share/perl5/LaTeXML/Package/graphics.sty.ltxml... 0.01 sec)
Info:unexpected:options Unused global options: epsfig
	at 0301073.tex; line 9 col 0 - line 9 col 16
Info:unexpected:titlepage When using titlepage, Frontmatter will not be well-structured
	at 0301073.tex; line 13 col 0 - line 13 col 17
 4.12 sec) 4.26 sec)
(Building...
(Loading compiled schema /usr/share/perl5/LaTeXML/resources/RelaxNG/LaTeXML.model... 0.01 sec)
Info:malformed:id Duplicated attribute xml:id
	at 0301073.tex; line 186 col 33 - line 186 col 33
	Using id='footnote1a' on <ltx:note _font="Font[serif,medium,upright,10,b..." mark="1" role="footnote"/>
	id='footnote1' already set on <ltx:note _font="Font[serif,medium,upright,12,b..." mark="*" role="footnote" xml:id="footnote1" _box="LaTeXML::Core::Whatsit=HASH(0x...">...
 4.68 sec)
(Rewriting... 0.11 sec)
(Math Parsing 256 formulae ......
Warning:not_parsed:UNKNOWN.POSTSUBSCRIPT>CLOSE MathParser failed to match rule 'Anything'
	at 0301073.tex; line 129 col 43 - line 129 col 59
	In "$S_{\rm\Lambda})$"
	S[[UNKNOWN]] _{\rm\Lambda}[[POSTSUBSCRIPT]]
	        > )[[CLOSE]]
Warning:not_parsed:UNKNOWN.POSTSUPERSCRIPT>OPEN MathParser failed to match rule 'Anything'
	at 0301073.tex; line 582 col 6 - line 582 col 35
	In "$H^{-1}(\approx M_{p}/\sqrt{3V}$"
	H[[UNKNOWN]] ^{-1}[[POSTSUPERSCRIPT]]
	        > ([[OPEN]] ≈[[RELOP]] M[[UNKNOWN]] _{p}[[POSTSUBSCRIPT]] /[[MULOP]] \sqrt{3V}[[UNKNOWN]]
 4.63 sec)
Math parsing succeeded:
   ltx:XMath: 254/256
   ltx:XMArg: 535/535
Symbols assumed as simple identifiers (with # of occurences):
   'A{italic}' (4), 'Bekenstein' (4), 'E{italic}' (73), 'F{italic}' (1), 'G{italic}' (25), 'Hawking' (2), 'Hubble' (2), 'H{italic}' (69), 'Lambda' (12), 'M{italic}' (7), 'N{italic}' (6), 'Omega' (4), 'O{caligraphic}' (1), 'R{italic}' (66), 'Sigma' (2), 'S{italic}' (156), 'T{italic}' (25), 'Verlinde' (2), 'V{italic}' (41), 'W{italic}' (1), 'c{italic}' (2), 'delta' (3), 'd{italic}' (15), 'entropy' (6), 'epsilon' (3), 'e{italic}' (3), 'for' (5), 'k{italic}' (30), 'l{italic}' (26), 'n{italic}' (74), 'omega' (4), 'phi' (10), 'pi' (29), 'p{italic}' (22), 'rho' (10), 'r{italic}' (8), 's{italic}' (3), 'tau' (10), 't{italic}' (4)
Set MATHPARSER_SPECULATE to speculate on possible notations.
(Finalizing... 0.35 sec)
Conversion complete 2 warnings (See /home/user/latex-in-arxiv/0301073.latexml.log) (reqd. 14.46s)
