latexml (LaTeXML version 0.8.6) processing 2003/0301012.tex
(Digesting TeX 0301012...
(Loading /usr/share/perl5/LaTeXML/Package/TeX.pool.ltxml...
(Loading /usr/share/perl5/LaTeXML/Package/eTeX.pool.ltxml... 0.00 sec)
(Loading /usr/share/perl5/LaTeXML/Package/pdfTeX.pool.ltxml... 0.01 sec) 0.09 sec)
(Processing content /home/user/latex-in-arxiv/2003/0301012.tex...
FEYNMAN: For generating Feynman Diagrams in LaTex
Mark 1.0 Last Altered by MJSL 2/89
Error:undefined:\setlength The token T_CS[\setlength] is not defined.
	at 0301012.tex; line 34 col 10 - line 34 col 10
	Defining it now as <ltx:ERROR/>
	Next token is T_BEGIN[{] ( == T_BEGIN[{])
	In Core::Gullet[@0x55a41920ea40] /home/user/latex-in-arxiv/2003/0301012.tex; from line 34 col 11 to line 34 col 11
	 <= Core::Stomach[@0x55a416a36420] <= ...
Error:undefined:\unitlength The token T_CS[\unitlength] is not defined.
	at 0301012.tex; line 34 col 22 - line 34 col 22
	Defining it now as <ltx:ERROR/>
	Next token is T_END[}] ( == T_END[}])
	In Core::Gullet[@0x55a41920ea40] /home/user/latex-in-arxiv/2003/0301012.tex; from line 34 col 23 to line 34 col 23
	 <= Core::Stomach[@0x55a416a36420] <= Core::Definition::Primitive[Begin] <= Core::Stomach[@0x55a416a36420] <= ...
(Loading /usr/share/perl5/LaTeXML/Package/LaTeX.pool.ltxml...
(Loading /usr/share/perl5/LaTeXML/Package/textcomp.sty.ltxml...
(Processing definitions /usr/share/texlive/texmf-dist/tex/latex-dev/base/ts1enc.dfu... 0.02 sec) 1.07 sec) 1.20 sec)
(Loading /usr/share/perl5/LaTeXML/Package/article.cls.ltxml... 0.01 sec)
Error:missing_file:FEYNMAN Can't find TeX file FEYNMAN
	at 0301012.tex; line 880 col 0 - line 880 col 15
	search paths are /home/user/latex-in-arxiv/2003, /home/user/latex-in-arxiv
	Next token is T_CS[\par] ( == Core::Definition::Constructor[\par])
	In Core::Definition::Expandable[\input T... /usr/share/perl5/LaTeXML/Package/TeX.pool.ltxml; line 994
	 <= Core::Gullet[@0x55a41920ea40] <= Core::Stomach[@0x55a416a36420] <= ...
Error:missing_file:FERMIONSETUP Can't find TeX file FERMIONSETUP
	at 0301012.tex; line 1266 col 0 - line 1266 col 54
	Next token is T_CS[\fi] ( == Core::Definition::Conditional[\fi]) more: \global\advance\fermioncountby 1 \ALLfermion\or\selectscalar\or\selectphoton\or\selectgluon\or\selectspecial\else\TYPEERROR\fi\rearcoords\midcoords\ifnum\phantomswitch=0 \drawas{\lastline}\fi
	In Core::Definition::Expandable[\input T... /usr/share/perl5/LaTeXML/Package/TeX.pool.ltxml; line 994
	 <= Core::Gullet[@0x55a41920ea40] <= Core::Stomach[@0x55a416a36420] <= Core::Definition::Constructor[\begin{... <= ...
Error:undefined:\ALLfermion The token T_CS[\ALLfermion] is not defined.
	at 0301012.tex; line 1266 col 0 - line 1266 col 54
	Defining it now as <ltx:ERROR/>
	Next token is T_CS[\or] ( == Core::Definition::Conditional[\or]) more: \selectscalar\or\selectphoton\or\selectgluon\or\selectspecial\else\TYPEERROR\fi\rearcoords\midcoords\ifnum\phantomswitch=0 \drawas{\lastline}\fi
	In Core::Gullet[@0x55a41920ea40] /home/user/latex-in-arxiv/2003/0301012.tex; from line 1266 col 0 to line 1266 col 54
	 <= Core::Stomach[@0x55a416a36420] <= Core::Definition::Constructor[\begin{... <= Core::Stomach[@0x55a416a36420] <= ...
Warning:perl:warn Argument "\numupperunits" isn't numeric in numeric lt (<)
	at 0301012.tex; line 1266 col 0 - line 1266 col 54
	at /usr/share/perl5/LaTeXML/Package/LaTeX.pool.ltxml line 4864
	In Core::Definition::Expandable[\multipu... /usr/share/perl5/LaTeXML/Package/LaTeX.pool.ltxml; line 4868
Error:missing_file:LOOPS Can't find TeX file LOOPS
	at 0301012.tex; line 1274 col 0 - line 1274 col 37
	Next token is T_CS[\drawloop] ( == Core::Definition::Expandable[\drawloop Until:[{}Until:](Until:,Until:)]) more: \gluon[\SE8](\pmidx,\pmidy)
	In Core::Definition::Expandable[\input T... /usr/share/perl5/LaTeXML/Package/TeX.pool.ltxml; line 994
	 <= Core::Gullet[@0x55a41920ea40] <= Core::Stomach[@0x55a416a36420] <= Core::Definition::Constructor[\begin{... <= ...
Error:missing_file:LOOPS Can't find TeX file LOOPS
	at 0301012.tex; line 1274 col 0 - line 1274 col 37
	Next token is T_CS[\drawloop] ( == Core::Definition::Expandable[\drawloop Until:[{}Until:](Until:,Until:)]) more: \gluon[\SE8](\pmidx,\pmidy)
	In Core::Definition::Expandable[\input T... /usr/share/perl5/LaTeXML/Package/TeX.pool.ltxml; line 994
	 <= Core::Gullet[@0x55a41920ea40] <= Core::Stomach[@0x55a416a36420] <= Core::Definition::Constructor[\begin{... <= ...
Error:missing_file:LOOPS Can't find TeX file LOOPS
	at 0301012.tex; line 1274 col 0 - line 1274 col 37
	Next token is T_CS[\drawloop] ( == Core::Definition::Expandable[\drawloop Until:[{}Until:](Until:,Until:)]) more: \gluon[\SE8](\pmidx,\pmidy)
	In Core::Definition::Expandable[\input T... /usr/share/perl5/LaTeXML/Package/TeX.pool.ltxml; line 994
	 <= Core::Gullet[@0x55a41920ea40] <= Core::Stomach[@0x55a416a36420] <= Core::Definition::Constructor[\begin{... <= ...
Error:missing_file:LOOPS Can't find TeX file LOOPS
	at 0301012.tex; line 1274 col 0 - line 1274 col 37
	Next token is T_CS[\drawloop] ( == Core::Definition::Expandable[\drawloop Until:[{}Until:](Until:,Until:)]) more: \gluon[\SE8](\pmidx,\pmidy)
	In Core::Definition::Expandable[\input T... /usr/share/perl5/LaTeXML/Package/TeX.pool.ltxml; line 994
	 <= Core::Gullet[@0x55a41920ea40] <= Core::Stomach[@0x55a416a36420] <= Core::Definition::Constructor[\begin{... <= ...
Error:missing_file:LOOPS Can't find TeX file LOOPS
	at 0301012.tex; line 1274 col 0 - line 1274 col 37
	Next token is T_CS[\drawloop] ( == Core::Definition::Expandable[\drawloop Until:[{}Until:](Until:,Until:)]) more: \gluon[\SE8](\pmidx,\pmidy)
	In Core::Definition::Expandable[\input T... /usr/share/perl5/LaTeXML/Package/TeX.pool.ltxml; line 994
	 <= Core::Gullet[@0x55a41920ea40] <= Core::Stomach[@0x55a416a36420] <= Core::Definition::Constructor[\begin{... <= ...
Error:missing_file:LOOPS Can't find TeX file LOOPS
	at 0301012.tex; line 1274 col 0 - line 1274 col 37
	Next token is T_CS[\drawloop] ( == Core::Definition::Expandable[\drawloop Until:[{}Until:](Until:,Until:)]) more: \gluon[\SE8](\pmidx,\pmidy)
	In Core::Definition::Expandable[\input T... /usr/share/perl5/LaTeXML/Package/TeX.pool.ltxml; line 994
	 <= Core::Gullet[@0x55a41920ea40] <= Core::Stomach[@0x55a416a36420] <= Core::Definition::Constructor[\begin{... <= ...
Error:missing_file:LOOPS Can't find TeX file LOOPS
	at 0301012.tex; line 1274 col 0 - line 1274 col 37
	Next token is T_CS[\drawloop] ( == Core::Definition::Expandable[\drawloop Until:[{}Until:](Until:,Until:)]) more: \gluon[\SE8](\pmidx,\pmidy)
	In Core::Definition::Expandable[\input T... /usr/share/perl5/LaTeXML/Package/TeX.pool.ltxml; line 994
	 <= Core::Gullet[@0x55a41920ea40] <= Core::Stomach[@0x55a416a36420] <= Core::Definition::Constructor[\begin{... <= ...
Error:missing_file:LOOPS Can't find TeX file LOOPS
	at 0301012.tex; line 1274 col 0 - line 1274 col 37
	Next token is T_CS[\drawloop] ( == Core::Definition::Expandable[\drawloop Until:[{}Until:](Until:,Until:)]) more: \gluon[\SE8](\pmidx,\pmidy)
	In Core::Definition::Expandable[\input T... /usr/share/perl5/LaTeXML/Package/TeX.pool.ltxml; line 994
	 <= Core::Gullet[@0x55a41920ea40] <= Core::Stomach[@0x55a416a36420] <= Core::Definition::Constructor[\begin{... <= ...
Error:missing_file:LOOPS Can't find TeX file LOOPS
	at 0301012.tex; line 1274 col 0 - line 1274 col 37
	Next token is T_CS[\drawloop] ( == Core::Definition::Expandable[\drawloop Until:[{}Until:](Until:,Until:)]) more: \gluon[\SE8](\pmidx,\pmidy)
	In Core::Definition::Expandable[\input T... /usr/share/perl5/LaTeXML/Package/TeX.pool.ltxml; line 994
	 <= Core::Gullet[@0x55a41920ea40] <= Core::Stomach[@0x55a416a36420] <= Core::Definition::Constructor[\begin{... <= ...
Error:missing_file:LOOPS Can't find TeX file LOOPS
	at 0301012.tex; line 1274 col 0 - line 1274 col 37
	Next token is T_CS[\drawloop] ( == Core::Definition::Expandable[\drawloop Until:[{}Until:](Until:,Until:)]) more: \gluon[\SE8](\pmidx,\pmidy)
	In Core::Definition::Expandable[\input T... /usr/share/perl5/LaTeXML/Package/TeX.pool.ltxml; line 994
	 <= Core::Gullet[@0x55a41920ea40] <= Core::Stomach[@0x55a416a36420] <= Core::Definition::Constructor[\begin{... <= ...
Error:missing_file:LOOPS Can't find TeX file LOOPS
	at 0301012.tex; line 1274 col 0 - line 1274 col 37
	Next token is T_CS[\drawloop] ( == Core::Definition::Expandable[\drawloop Until:[{}Until:](Until:,Until:)]) more: \gluon[\SE8](\pmidx,\pmidy)
	In Core::Definition::Expandable[\input T... /usr/share/perl5/LaTeXML/Package/TeX.pool.ltxml; line 994
	 <= Core::Gullet[@0x55a41920ea40] <= Core::Stomach[@0x55a416a36420] <= Core::Definition::Constructor[\begin{... <= ...
Error:missing_file:LOOPS Can't find TeX file LOOPS
	at 0301012.tex; line 1274 col 0 - line 1274 col 37
	Next token is T_CS[\drawloop] ( == Core::Definition::Expandable[\drawloop Until:[{}Until:](Until:,Until:)]) more: \gluon[\SE8](\pmidx,\pmidy)
	In Core::Definition::Expandable[\input T... /usr/share/perl5/LaTeXML/Package/TeX.pool.ltxml; line 994
	 <= Core::Gullet[@0x55a41920ea40] <= Core::Stomach[@0x55a416a36420] <= Core::Definition::Constructor[\begin{... <= ...
Error:missing_file:LOOPS Can't find TeX file LOOPS
	at 0301012.tex; line 1274 col 0 - line 1274 col 37
	Next token is T_CS[\drawloop] ( == Core::Definition::Expandable[\drawloop Until:[{}Until:](Until:,Until:)]) more: \gluon[\SE8](\pmidx,\pmidy)
	In Core::Definition::Expandable[\input T... /usr/share/perl5/LaTeXML/Package/TeX.pool.ltxml; line 994
	 <= Core::Gullet[@0x55a41920ea40] <= Core::Stomach[@0x55a416a36420] <= Core::Definition::Constructor[\begin{... <= ...
Error:missing_file:LOOPS Can't find TeX file LOOPS
	at 0301012.tex; line 1274 col 0 - line 1274 col 37
	Next token is T_CS[\drawloop] ( == Core::Definition::Expandable[\drawloop Until:[{}Until:](Until:,Until:)]) more: \gluon[\SE8](\pmidx,\pmidy)
	In Core::Definition::Expandable[\input T... /usr/share/perl5/LaTeXML/Package/TeX.pool.ltxml; line 994
	 <= Core::Gullet[@0x55a41920ea40] <= Core::Stomach[@0x55a416a36420] <= Core::Definition::Constructor[\begin{... <= ...
Error:missing_file:LOOPS Can't find TeX file LOOPS
	at 0301012.tex; line 1274 col 0 - line 1274 col 37
	Next token is T_CS[\drawloop] ( == Core::Definition::Expandable[\drawloop Until:[{}Until:](Until:,Until:)]) more: \gluon[\SE8](\pmidx,\pmidy)
	In Core::Definition::Expandable[\input T... /usr/share/perl5/LaTeXML/Package/TeX.pool.ltxml; line 994
	 <= Core::Gullet[@0x55a41920ea40] <= Core::Stomach[@0x55a416a36420] <= Core::Definition::Constructor[\begin{... <= ...
Error:missing_file:LOOPS Can't find TeX file LOOPS
	at 0301012.tex; line 1274 col 0 - line 1274 col 37
	Next token is T_CS[\drawloop] ( == Core::Definition::Expandable[\drawloop Until:[{}Until:](Until:,Until:)]) more: \gluon[\SE8](\pmidx,\pmidy)
	In Core::Definition::Expandable[\input T... /usr/share/perl5/LaTeXML/Package/TeX.pool.ltxml; line 994
	 <= Core::Gullet[@0x55a41920ea40] <= Core::Stomach[@0x55a416a36420] <= Core::Definition::Constructor[\begin{... <= ...
Error:missing_file:LOOPS Can't find TeX file LOOPS
	at 0301012.tex; line 1274 col 0 - line 1274 col 37
	Next token is T_CS[\drawloop] ( == Core::Definition::Expandable[\drawloop Until:[{}Until:](Until:,Until:)]) more: \gluon[\SE8](\pmidx,\pmidy)
	In Core::Definition::Expandable[\input T... /usr/share/perl5/LaTeXML/Package/TeX.pool.ltxml; line 994
	 <= Core::Gullet[@0x55a41920ea40] <= Core::Stomach[@0x55a416a36420] <= Core::Definition::Constructor[\begin{... <= ...
Error:missing_file:LOOPS Can't find TeX file LOOPS
	at 0301012.tex; line 1274 col 0 - line 1274 col 37
	Next token is T_CS[\drawloop] ( == Core::Definition::Expandable[\drawloop Until:[{}Until:](Until:,Until:)]) more: \gluon[\SE8](\pmidx,\pmidy)
	In Core::Definition::Expandable[\input T... /usr/share/perl5/LaTeXML/Package/TeX.pool.ltxml; line 994
	 <= Core::Gullet[@0x55a41920ea40] <= Core::Stomach[@0x55a416a36420] <= Core::Definition::Constructor[\begin{... <= ...
Error:missing_file:LOOPS Can't find TeX file LOOPS
	at 0301012.tex; line 1274 col 0 - line 1274 col 37
	Next token is T_CS[\drawloop] ( == Core::Definition::Expandable[\drawloop Until:[{}Until:](Until:,Until:)]) more: \gluon[\SE8](\pmidx,\pmidy)
	In Core::Definition::Expandable[\input T... /usr/share/perl5/LaTeXML/Package/TeX.pool.ltxml; line 994
	 <= Core::Gullet[@0x55a41920ea40] <= Core::Stomach[@0x55a416a36420] <= Core::Definition::Constructor[\begin{... <= ...
Error:missing_file:LOOPS Can't find TeX file LOOPS
	at 0301012.tex; line 1274 col 0 - line 1274 col 37
	Next token is T_CS[\drawloop] ( == Core::Definition::Expandable[\drawloop Until:[{}Until:](Until:,Until:)]) more: \gluon[\SE8](\pmidx,\pmidy)
	In Core::Definition::Expandable[\input T... /usr/share/perl5/LaTeXML/Package/TeX.pool.ltxml; line 994
	 <= Core::Gullet[@0x55a41920ea40] <= Core::Stomach[@0x55a416a36420] <= Core::Definition::Constructor[\begin{... <= ...
Error:missing_file:LOOPS Can't find TeX file LOOPS
	at 0301012.tex; line 1274 col 0 - line 1274 col 37
	Next token is T_CS[\drawloop] ( == Core::Definition::Expandable[\drawloop Until:[{}Until:](Until:,Until:)]) more: \gluon[\SE8](\pmidx,\pmidy)
	In Core::Definition::Expandable[\input T... /usr/share/perl5/LaTeXML/Package/TeX.pool.ltxml; line 994
	 <= Core::Gullet[@0x55a41920ea40] <= Core::Stomach[@0x55a416a36420] <= Core::Definition::Constructor[\begin{... <= ...
Error:missing_file:LOOPS Can't find TeX file LOOPS
	at 0301012.tex; line 1274 col 0 - line 1274 col 37
	Next token is T_CS[\drawloop] ( == Core::Definition::Expandable[\drawloop Until:[{}Until:](Until:,Until:)]) more: \gluon[\SE8](\pmidx,\pmidy)
	In Core::Definition::Expandable[\input T... /usr/share/perl5/LaTeXML/Package/TeX.pool.ltxml; line 994
	 <= Core::Gullet[@0x55a41920ea40] <= Core::Stomach[@0x55a416a36420] <= Core::Definition::Constructor[\begin{... <= ...
Error:missing_file:LOOPS Can't find TeX file LOOPS
	at 0301012.tex; line 1274 col 0 - line 1274 col 37
	Next token is T_CS[\drawloop] ( == Core::Definition::Expandable[\drawloop Until:[{}Until:](Until:,Until:)]) more: \gluon[\SE8](\pmidx,\pmidy)
	In Core::Definition::Expandable[\input T... /usr/share/perl5/LaTeXML/Package/TeX.pool.ltxml; line 994
	 <= Core::Gullet[@0x55a41920ea40] <= Core::Stomach[@0x55a416a36420] <= Core::Definition::Constructor[\begin{... <= ...
Error:missing_file:LOOPS Can't find TeX file LOOPS
	at 0301012.tex; line 1274 col 0 - line 1274 col 37
	Next token is T_CS[\drawloop] ( == Core::Definition::Expandable[\drawloop Until:[{}Until:](Until:,Until:)]) more: \gluon[\SE8](\pmidx,\pmidy)
	In Core::Definition::Expandable[\input T... /usr/share/perl5/LaTeXML/Package/TeX.pool.ltxml; line 994
	 <= Core::Gullet[@0x55a41920ea40] <= Core::Stomach[@0x55a416a36420] <= Core::Definition::Constructor[\begin{... <= ...
Error:missing_file:LOOPS Can't find TeX file LOOPS
	at 0301012.tex; line 1274 col 0 - line 1274 col 37
	Next token is T_CS[\drawloop] ( == Core::Definition::Expandable[\drawloop Until:[{}Until:](Until:,Until:)]) more: \gluon[\SE8](\pmidx,\pmidy)
	In Core::Definition::Expandable[\input T... /usr/share/perl5/LaTeXML/Package/TeX.pool.ltxml; line 994
	 <= Core::Gullet[@0x55a41920ea40] <= Core::Stomach[@0x55a416a36420] <= Core::Definition::Constructor[\begin{... <= ...
Error:missing_file:LOOPS Can't find TeX file LOOPS
	at 0301012.tex; line 1274 col 0 - line 1274 col 37
	Next token is T_CS[\drawloop] ( == Core::Definition::Expandable[\drawloop Until:[{}Until:](Until:,Until:)]) more: \gluon[\SE8](\pmidx,\pmidy)
	In Core::Definition::Expandable[\input T... /usr/share/perl5/LaTeXML/Package/TeX.pool.ltxml; line 994
	 <= Core::Gullet[@0x55a41920ea40] <= Core::Stomach[@0x55a416a36420] <= Core::Definition::Constructor[\begin{... <= ...
Error:missing_file:LOOPS Can't find TeX file LOOPS
	at 0301012.tex; line 1274 col 0 - line 1274 col 37
	Next token is T_CS[\drawloop] ( == Core::Definition::Expandable[\drawloop Until:[{}Until:](Until:,Until:)]) more: \gluon[\SE8](\pmidx,\pmidy)
	In Core::Definition::Expandable[\input T... /usr/share/perl5/LaTeXML/Package/TeX.pool.ltxml; line 994
	 <= Core::Gullet[@0x55a41920ea40] <= Core::Stomach[@0x55a416a36420] <= Core::Definition::Constructor[\begin{... <= ...
Error:missing_file:LOOPS Can't find TeX file LOOPS
	at 0301012.tex; line 1274 col 0 - line 1274 col 37
	Next token is T_CS[\drawloop] ( == Core::Definition::Expandable[\drawloop Until:[{}Until:](Until:,Until:)]) more: \gluon[\SE8](\pmidx,\pmidy)
	In Core::Definition::Expandable[\input T... /usr/share/perl5/LaTeXML/Package/TeX.pool.ltxml; line 994
	 <= Core::Gullet[@0x55a41920ea40] <= Core::Stomach[@0x55a416a36420] <= Core::Definition::Constructor[\begin{... <= ...
Error:missing_file:LOOPS Can't find TeX file LOOPS
	at 0301012.tex; line 1274 col 0 - line 1274 col 37
	Next token is T_CS[\drawloop] ( == Core::Definition::Expandable[\drawloop Until:[{}Until:](Until:,Until:)]) more: \gluon[\SE8](\pmidx,\pmidy)
	In Core::Definition::Expandable[\input T... /usr/share/perl5/LaTeXML/Package/TeX.pool.ltxml; line 994
	 <= Core::Gullet[@0x55a41920ea40] <= Core::Stomach[@0x55a416a36420] <= Core::Definition::Constructor[\begin{... <= ...
Error:missing_file:LOOPS Can't find TeX file LOOPS
	at 0301012.tex; line 1274 col 0 - line 1274 col 37
	Next token is T_CS[\drawloop] ( == Core::Definition::Expandable[\drawloop Until:[{}Until:](Until:,Until:)]) more: \gluon[\SE8](\pmidx,\pmidy)
	In Core::Definition::Expandable[\input T... /usr/share/perl5/LaTeXML/Package/TeX.pool.ltxml; line 994
	 <= Core::Gullet[@0x55a41920ea40] <= Core::Stomach[@0x55a416a36420] <= Core::Definition::Constructor[\begin{... <= ...
Error:missing_file:LOOPS Can't find TeX file LOOPS
	at 0301012.tex; line 1274 col 0 - line 1274 col 37
	Next token is T_CS[\drawloop] ( == Core::Definition::Expandable[\drawloop Until:[{}Until:](Until:,Until:)]) more: \gluon[\SE8](\pmidx,\pmidy)
	In Core::Definition::Expandable[\input T... /usr/share/perl5/LaTeXML/Package/TeX.pool.ltxml; line 994
	 <= Core::Gullet[@0x55a41920ea40] <= Core::Stomach[@0x55a416a36420] <= Core::Definition::Constructor[\begin{... <= ...
Error:missing_file:LOOPS Can't find TeX file LOOPS
	at 0301012.tex; line 1274 col 0 - line 1274 col 37
	Next token is T_CS[\drawloop] ( == Core::Definition::Expandable[\drawloop Until:[{}Until:](Until:,Until:)]) more: \gluon[\SE8](\pmidx,\pmidy)
	In Core::Definition::Expandable[\input T... /usr/share/perl5/LaTeXML/Package/TeX.pool.ltxml; line 994
	 <= Core::Gullet[@0x55a41920ea40] <= Core::Stomach[@0x55a416a36420] <= Core::Definition::Constructor[\begin{... <= ...
Error:missing_file:LOOPS Can't find TeX file LOOPS
	at 0301012.tex; line 1274 col 0 - line 1274 col 37
	Next token is T_CS[\drawloop] ( == Core::Definition::Expandable[\drawloop Until:[{}Until:](Until:,Until:)]) more: \gluon[\SE8](\pmidx,\pmidy)
	In Core::Definition::Expandable[\input T... /usr/share/perl5/LaTeXML/Package/TeX.pool.ltxml; line 994
	 <= Core::Gullet[@0x55a41920ea40] <= Core::Stomach[@0x55a416a36420] <= Core::Definition::Constructor[\begin{... <= ...
Error:missing_file:LOOPS Can't find TeX file LOOPS
	at 0301012.tex; line 1274 col 0 - line 1274 col 37
	Next token is T_CS[\drawloop] ( == Core::Definition::Expandable[\drawloop Until:[{}Until:](Until:,Until:)]) more: \gluon[\SE8](\pmidx,\pmidy)
	In Core::Definition::Expandable[\input T... /usr/share/perl5/LaTeXML/Package/TeX.pool.ltxml; line 994
	 <= Core::Gullet[@0x55a41920ea40] <= Core::Stomach[@0x55a416a36420] <= Core::Definition::Constructor[\begin{... <= ...
Error:missing_file:LOOPS Can't find TeX file LOOPS
	at 0301012.tex; line 1274 col 0 - line 1274 col 37
	Next token is T_CS[\drawloop] ( == Core::Definition::Expandable[\drawloop Until:[{}Until:](Until:,Until:)]) more: \gluon[\SE8](\pmidx,\pmidy)
	In Core::Definition::Expandable[\input T... /usr/share/perl5/LaTeXML/Package/TeX.pool.ltxml; line 994
	 <= Core::Gullet[@0x55a41920ea40] <= Core::Stomach[@0x55a416a36420] <= Core::Definition::Constructor[\begin{... <= ...
Error:missing_file:LOOPS Can't find TeX file LOOPS
	at 0301012.tex; line 1274 col 0 - line 1274 col 37
	Next token is T_CS[\drawloop] ( == Core::Definition::Expandable[\drawloop Until:[{}Until:](Until:,Until:)]) more: \gluon[\SE8](\pmidx,\pmidy)
	In Core::Definition::Expandable[\input T... /usr/share/perl5/LaTeXML/Package/TeX.pool.ltxml; line 994
	 <= Core::Gullet[@0x55a41920ea40] <= Core::Stomach[@0x55a416a36420] <= Core::Definition::Constructor[\begin{... <= ...
Error:missing_file:LOOPS Can't find TeX file LOOPS
	at 0301012.tex; line 1274 col 0 - line 1274 col 37
	Next token is T_CS[\drawloop] ( == Core::Definition::Expandable[\drawloop Until:[{}Until:](Until:,Until:)]) more: \gluon[\SE8](\pmidx,\pmidy)
	In Core::Definition::Expandable[\input T... /usr/share/perl5/LaTeXML/Package/TeX.pool.ltxml; line 994
	 <= Core::Gullet[@0x55a41920ea40] <= Core::Stomach[@0x55a416a36420] <= Core::Definition::Constructor[\begin{... <= ...
Error:missing_file:LOOPS Can't find TeX file LOOPS
	at 0301012.tex; line 1274 col 0 - line 1274 col 37
	Next token is T_CS[\drawloop] ( == Core::Definition::Expandable[\drawloop Until:[{}Until:](Until:,Until:)]) more: \gluon[\SE8](\pmidx,\pmidy)
	In Core::Definition::Expandable[\input T... /usr/share/perl5/LaTeXML/Package/TeX.pool.ltxml; line 994
	 <= Core::Gullet[@0x55a41920ea40] <= Core::Stomach[@0x55a416a36420] <= Core::Definition::Constructor[\begin{... <= ...
Error:missing_file:LOOPS Can't find TeX file LOOPS
	at 0301012.tex; line 1274 col 0 - line 1274 col 37
	Next token is T_CS[\drawloop] ( == Core::Definition::Expandable[\drawloop Until:[{}Until:](Until:,Until:)]) more: \gluon[\SE8](\pmidx,\pmidy)
	In Core::Definition::Expandable[\input T... /usr/share/perl5/LaTeXML/Package/TeX.pool.ltxml; line 994
	 <= Core::Gullet[@0x55a41920ea40] <= Core::Stomach[@0x55a416a36420] <= Core::Definition::Constructor[\begin{... <= ...
Error:missing_file:LOOPS Can't find TeX file LOOPS
	at 0301012.tex; line 1274 col 0 - line 1274 col 37
	Next token is T_CS[\drawloop] ( == Core::Definition::Expandable[\drawloop Until:[{}Until:](Until:,Until:)]) more: \gluon[\SE8](\pmidx,\pmidy)
	In Core::Definition::Expandable[\input T... /usr/share/perl5/LaTeXML/Package/TeX.pool.ltxml; line 994
	 <= Core::Gullet[@0x55a41920ea40] <= Core::Stomach[@0x55a416a36420] <= Core::Definition::Constructor[\begin{... <= ...
Error:missing_file:LOOPS Can't find TeX file LOOPS
	at 0301012.tex; line 1274 col 0 - line 1274 col 37
	Next token is T_CS[\drawloop] ( == Core::Definition::Expandable[\drawloop Until:[{}Until:](Until:,Until:)]) more: \gluon[\SE8](\pmidx,\pmidy)
	In Core::Definition::Expandable[\input T... /usr/share/perl5/LaTeXML/Package/TeX.pool.ltxml; line 994
	 <= Core::Gullet[@0x55a41920ea40] <= Core::Stomach[@0x55a416a36420] <= Core::Definition::Constructor[\begin{... <= ...
Error:missing_file:LOOPS Can't find TeX file LOOPS
	at 0301012.tex; line 1274 col 0 - line 1274 col 37
	Next token is T_CS[\drawloop] ( == Core::Definition::Expandable[\drawloop Until:[{}Until:](Until:,Until:)]) more: \gluon[\SE8](\pmidx,\pmidy)
	In Core::Definition::Expandable[\input T... /usr/share/perl5/LaTeXML/Package/TeX.pool.ltxml; line 994
	 <= Core::Gullet[@0x55a41920ea40] <= Core::Stomach[@0x55a416a36420] <= Core::Definition::Constructor[\begin{... <= ...
Error:missing_file:LOOPS Can't find TeX file LOOPS
	at 0301012.tex; line 1274 col 0 - line 1274 col 37
	Next token is T_CS[\drawloop] ( == Core::Definition::Expandable[\drawloop Until:[{}Until:](Until:,Until:)]) more: \gluon[\SE8](\pmidx,\pmidy)
	In Core::Definition::Expandable[\input T... /usr/share/perl5/LaTeXML/Package/TeX.pool.ltxml; line 994
	 <= Core::Gullet[@0x55a41920ea40] <= Core::Stomach[@0x55a416a36420] <= Core::Definition::Constructor[\begin{... <= ...
Error:missing_file:LOOPS Can't find TeX file LOOPS
	at 0301012.tex; line 1274 col 0 - line 1274 col 37
	Next token is T_CS[\drawloop] ( == Core::Definition::Expandable[\drawloop Until:[{}Until:](Until:,Until:)]) more: \gluon[\SE8](\pmidx,\pmidy)
	In Core::Definition::Expandable[\input T... /usr/share/perl5/LaTeXML/Package/TeX.pool.ltxml; line 994
	 <= Core::Gullet[@0x55a41920ea40] <= Core::Stomach[@0x55a416a36420] <= Core::Definition::Constructor[\begin{... <= ...
Error:missing_file:LOOPS Can't find TeX file LOOPS
	at 0301012.tex; line 1274 col 0 - line 1274 col 37
	Next token is T_CS[\drawloop] ( == Core::Definition::Expandable[\drawloop Until:[{}Until:](Until:,Until:)]) more: \gluon[\SE8](\pmidx,\pmidy)
	In Core::Definition::Expandable[\input T... /usr/share/perl5/LaTeXML/Package/TeX.pool.ltxml; line 994
	 <= Core::Gullet[@0x55a41920ea40] <= Core::Stomach[@0x55a416a36420] <= Core::Definition::Constructor[\begin{... <= ...
Error:missing_file:LOOPS Can't find TeX file LOOPS
	at 0301012.tex; line 1274 col 0 - line 1274 col 37
	Next token is T_CS[\drawloop] ( == Core::Definition::Expandable[\drawloop Until:[{}Until:](Until:,Until:)]) more: \gluon[\SE8](\pmidx,\pmidy)
	In Core::Definition::Expandable[\input T... /usr/share/perl5/LaTeXML/Package/TeX.pool.ltxml; line 994
	 <= Core::Gullet[@0x55a41920ea40] <= Core::Stomach[@0x55a416a36420] <= Core::Definition::Constructor[\begin{... <= ...
Error:missing_file:LOOPS Can't find TeX file LOOPS
	at 0301012.tex; line 1274 col 0 - line 1274 col 37
	Next token is T_CS[\drawloop] ( == Core::Definition::Expandable[\drawloop Until:[{}Until:](Until:,Until:)]) more: \gluon[\SE8](\pmidx,\pmidy)
	In Core::Definition::Expandable[\input T... /usr/share/perl5/LaTeXML/Package/TeX.pool.ltxml; line 994
	 <= Core::Gullet[@0x55a41920ea40] <= Core::Stomach[@0x55a416a36420] <= Core::Definition::Constructor[\begin{... <= ...
Error:missing_file:LOOPS Can't find TeX file LOOPS
	at 0301012.tex; line 1274 col 0 - line 1274 col 37
	Next token is T_CS[\drawloop] ( == Core::Definition::Expandable[\drawloop Until:[{}Until:](Until:,Until:)]) more: \gluon[\SE8](\pmidx,\pmidy)
	In Core::Definition::Expandable[\input T... /usr/share/perl5/LaTeXML/Package/TeX.pool.ltxml; line 994
	 <= Core::Gullet[@0x55a41920ea40] <= Core::Stomach[@0x55a416a36420] <= Core::Definition::Constructor[\begin{... <= ...
Error:missing_file:LOOPS Can't find TeX file LOOPS
	at 0301012.tex; line 1274 col 0 - line 1274 col 37
	Next token is T_CS[\drawloop] ( == Core::Definition::Expandable[\drawloop Until:[{}Until:](Until:,Until:)]) more: \gluon[\SE8](\pmidx,\pmidy)
	In Core::Definition::Expandable[\input T... /usr/share/perl5/LaTeXML/Package/TeX.pool.ltxml; line 994
	 <= Core::Gullet[@0x55a41920ea40] <= Core::Stomach[@0x55a416a36420] <= Core::Definition::Constructor[\begin{... <= ...
Error:missing_file:LOOPS Can't find TeX file LOOPS
	at 0301012.tex; line 1274 col 0 - line 1274 col 37
	Next token is T_CS[\drawloop] ( == Core::Definition::Expandable[\drawloop Until:[{}Until:](Until:,Until:)]) more: \gluon[\SE8](\pmidx,\pmidy)
	In Core::Definition::Expandable[\input T... /usr/share/perl5/LaTeXML/Package/TeX.pool.ltxml; line 994
	 <= Core::Gullet[@0x55a41920ea40] <= Core::Stomach[@0x55a416a36420] <= Core::Definition::Constructor[\begin{... <= ...
Error:missing_file:LOOPS Can't find TeX file LOOPS
	at 0301012.tex; line 1274 col 0 - line 1274 col 37
	Next token is T_CS[\drawloop] ( == Core::Definition::Expandable[\drawloop Until:[{}Until:](Until:,Until:)]) more: \gluon[\SE8](\pmidx,\pmidy)
	In Core::Definition::Expandable[\input T... /usr/share/perl5/LaTeXML/Package/TeX.pool.ltxml; line 994
	 <= Core::Gullet[@0x55a41920ea40] <= Core::Stomach[@0x55a416a36420] <= Core::Definition::Constructor[\begin{... <= ...
Error:missing_file:LOOPS Can't find TeX file LOOPS
	at 0301012.tex; line 1274 col 0 - line 1274 col 37
	Next token is T_CS[\drawloop] ( == Core::Definition::Expandable[\drawloop Until:[{}Until:](Until:,Until:)]) more: \gluon[\SE8](\pmidx,\pmidy)
	In Core::Definition::Expandable[\input T... /usr/share/perl5/LaTeXML/Package/TeX.pool.ltxml; line 994
	 <= Core::Gullet[@0x55a41920ea40] <= Core::Stomach[@0x55a416a36420] <= Core::Definition::Constructor[\begin{... <= ...
Error:missing_file:LOOPS Can't find TeX file LOOPS
	at 0301012.tex; line 1274 col 0 - line 1274 col 37
	Next token is T_CS[\drawloop] ( == Core::Definition::Expandable[\drawloop Until:[{}Until:](Until:,Until:)]) more: \gluon[\SE8](\pmidx,\pmidy)
	In Core::Definition::Expandable[\input T... /usr/share/perl5/LaTeXML/Package/TeX.pool.ltxml; line 994
	 <= Core::Gullet[@0x55a41920ea40] <= Core::Stomach[@0x55a416a36420] <= Core::Definition::Constructor[\begin{... <= ...
Error:missing_file:LOOPS Can't find TeX file LOOPS
	at 0301012.tex; line 1274 col 0 - line 1274 col 37
	Next token is T_CS[\drawloop] ( == Core::Definition::Expandable[\drawloop Until:[{}Until:](Until:,Until:)]) more: \gluon[\SE8](\pmidx,\pmidy)
	In Core::Definition::Expandable[\input T... /usr/share/perl5/LaTeXML/Package/TeX.pool.ltxml; line 994
	 <= Core::Gullet[@0x55a41920ea40] <= Core::Stomach[@0x55a416a36420] <= Core::Definition::Constructor[\begin{... <= ...
Error:missing_file:LOOPS Can't find TeX file LOOPS
	at 0301012.tex; line 1274 col 0 - line 1274 col 37
	Next token is T_CS[\drawloop] ( == Core::Definition::Expandable[\drawloop Until:[{}Until:](Until:,Until:)]) more: \gluon[\SE8](\pmidx,\pmidy)
	In Core::Definition::Expandable[\input T... /usr/share/perl5/LaTeXML/Package/TeX.pool.ltxml; line 994
	 <= Core::Gullet[@0x55a41920ea40] <= Core::Stomach[@0x55a416a36420] <= Core::Definition::Constructor[\begin{... <= ...
Error:missing_file:LOOPS Can't find TeX file LOOPS
	at 0301012.tex; line 1274 col 0 - line 1274 col 37
	Next token is T_CS[\drawloop] ( == Core::Definition::Expandable[\drawloop Until:[{}Until:](Until:,Until:)]) more: \gluon[\SE8](\pmidx,\pmidy)
	In Core::Definition::Expandable[\input T... /usr/share/perl5/LaTeXML/Package/TeX.pool.ltxml; line 994
	 <= Core::Gullet[@0x55a41920ea40] <= Core::Stomach[@0x55a416a36420] <= Core::Definition::Constructor[\begin{... <= ...
Error:missing_file:LOOPS Can't find TeX file LOOPS
	at 0301012.tex; line 1274 col 0 - line 1274 col 37
	Next token is T_CS[\drawloop] ( == Core::Definition::Expandable[\drawloop Until:[{}Until:](Until:,Until:)]) more: \gluon[\SE8](\pmidx,\pmidy)
	In Core::Definition::Expandable[\input T... /usr/share/perl5/LaTeXML/Package/TeX.pool.ltxml; line 994
	 <= Core::Gullet[@0x55a41920ea40] <= Core::Stomach[@0x55a416a36420] <= Core::Definition::Constructor[\begin{... <= ...
Error:missing_file:LOOPS Can't find TeX file LOOPS
	at 0301012.tex; line 1274 col 0 - line 1274 col 37
	Next token is T_CS[\drawloop] ( == Core::Definition::Expandable[\drawloop Until:[{}Until:](Until:,Until:)]) more: \gluon[\SE8](\pmidx,\pmidy)
	In Core::Definition::Expandable[\input T... /usr/share/perl5/LaTeXML/Package/TeX.pool.ltxml; line 994
	 <= Core::Gullet[@0x55a41920ea40] <= Core::Stomach[@0x55a416a36420] <= Core::Definition::Constructor[\begin{... <= ...
Error:missing_file:LOOPS Can't find TeX file LOOPS
	at 0301012.tex; line 1274 col 0 - line 1274 col 37
	Next token is T_CS[\drawloop] ( == Core::Definition::Expandable[\drawloop Until:[{}Until:](Until:,Until:)]) more: \gluon[\SE8](\pmidx,\pmidy)
	In Core::Definition::Expandable[\input T... /usr/share/perl5/LaTeXML/Package/TeX.pool.ltxml; line 994
	 <= Core::Gullet[@0x55a41920ea40] <= Core::Stomach[@0x55a416a36420] <= Core::Definition::Constructor[\begin{... <= ...
Error:missing_file:LOOPS Can't find TeX file LOOPS
	at 0301012.tex; line 1274 col 0 - line 1274 col 37
	Next token is T_CS[\drawloop] ( == Core::Definition::Expandable[\drawloop Until:[{}Until:](Until:,Until:)]) more: \gluon[\SE8](\pmidx,\pmidy)
	In Core::Definition::Expandable[\input T... /usr/share/perl5/LaTeXML/Package/TeX.pool.ltxml; line 994
	 <= Core::Gullet[@0x55a41920ea40] <= Core::Stomach[@0x55a416a36420] <= Core::Definition::Constructor[\begin{... <= ...
Error:missing_file:LOOPS Can't find TeX file LOOPS
	at 0301012.tex; line 1274 col 0 - line 1274 col 37
	Next token is T_CS[\drawloop] ( == Core::Definition::Expandable[\drawloop Until:[{}Until:](Until:,Until:)]) more: \gluon[\SE8](\pmidx,\pmidy)
	In Core::Definition::Expandable[\input T... /usr/share/perl5/LaTeXML/Package/TeX.pool.ltxml; line 994
	 <= Core::Gullet[@0x55a41920ea40] <= Core::Stomach[@0x55a416a36420] <= Core::Definition::Constructor[\begin{... <= ...
Error:missing_file:LOOPS Can't find TeX file LOOPS
	at 0301012.tex; line 1274 col 0 - line 1274 col 37
	Next token is T_CS[\drawloop] ( == Core::Definition::Expandable[\drawloop Until:[{}Until:](Until:,Until:)]) more: \gluon[\SE8](\pmidx,\pmidy)
	In Core::Definition::Expandable[\input T... /usr/share/perl5/LaTeXML/Package/TeX.pool.ltxml; line 994
	 <= Core::Gullet[@0x55a41920ea40] <= Core::Stomach[@0x55a416a36420] <= Core::Definition::Constructor[\begin{... <= ...
Error:missing_file:LOOPS Can't find TeX file LOOPS
	at 0301012.tex; line 1274 col 0 - line 1274 col 37
	Next token is T_CS[\drawloop] ( == Core::Definition::Expandable[\drawloop Until:[{}Until:](Until:,Until:)]) more: \gluon[\SE8](\pmidx,\pmidy)
	In Core::Definition::Expandable[\input T... /usr/share/perl5/LaTeXML/Package/TeX.pool.ltxml; line 994
	 <= Core::Gullet[@0x55a41920ea40] <= Core::Stomach[@0x55a416a36420] <= Core::Definition::Constructor[\begin{... <= ...
Error:missing_file:LOOPS Can't find TeX file LOOPS
	at 0301012.tex; line 1274 col 0 - line 1274 col 37
	Next token is T_CS[\drawloop] ( == Core::Definition::Expandable[\drawloop Until:[{}Until:](Until:,Until:)]) more: \gluon[\SE8](\pmidx,\pmidy)
	In Core::Definition::Expandable[\input T... /usr/share/perl5/LaTeXML/Package/TeX.pool.ltxml; line 994
	 <= Core::Gullet[@0x55a41920ea40] <= Core::Stomach[@0x55a416a36420] <= Core::Definition::Constructor[\begin{... <= ...
Error:missing_file:LOOPS Can't find TeX file LOOPS
	at 0301012.tex; line 1274 col 0 - line 1274 col 37
	Next token is T_CS[\drawloop] ( == Core::Definition::Expandable[\drawloop Until:[{}Until:](Until:,Until:)]) more: \gluon[\SE8](\pmidx,\pmidy)
	In Core::Definition::Expandable[\input T... /usr/share/perl5/LaTeXML/Package/TeX.pool.ltxml; line 994
	 <= Core::Gullet[@0x55a41920ea40] <= Core::Stomach[@0x55a416a36420] <= Core::Definition::Constructor[\begin{... <= ...
Error:missing_file:LOOPS Can't find TeX file LOOPS
	at 0301012.tex; line 1274 col 0 - line 1274 col 37
	Next token is T_CS[\drawloop] ( == Core::Definition::Expandable[\drawloop Until:[{}Until:](Until:,Until:)]) more: \gluon[\SE8](\pmidx,\pmidy)
	In Core::Definition::Expandable[\input T... /usr/share/perl5/LaTeXML/Package/TeX.pool.ltxml; line 994
	 <= Core::Gullet[@0x55a41920ea40] <= Core::Stomach[@0x55a416a36420] <= Core::Definition::Constructor[\begin{... <= ...
Error:missing_file:LOOPS Can't find TeX file LOOPS
	at 0301012.tex; line 1274 col 0 - line 1274 col 37
	Next token is T_CS[\drawloop] ( == Core::Definition::Expandable[\drawloop Until:[{}Until:](Until:,Until:)]) more: \gluon[\SE8](\pmidx,\pmidy)
	In Core::Definition::Expandable[\input T... /usr/share/perl5/LaTeXML/Package/TeX.pool.ltxml; line 994
	 <= Core::Gullet[@0x55a41920ea40] <= Core::Stomach[@0x55a416a36420] <= Core::Definition::Constructor[\begin{... <= ...
Error:missing_file:LOOPS Can't find TeX file LOOPS
	at 0301012.tex; line 1274 col 0 - line 1274 col 37
	Next token is T_CS[\drawloop] ( == Core::Definition::Expandable[\drawloop Until:[{}Until:](Until:,Until:)]) more: \gluon[\SE8](\pmidx,\pmidy)
	In Core::Definition::Expandable[\input T... /usr/share/perl5/LaTeXML/Package/TeX.pool.ltxml; line 994
	 <= Core::Gullet[@0x55a41920ea40] <= Core::Stomach[@0x55a416a36420] <= Core::Definition::Constructor[\begin{... <= ...
Error:missing_file:LOOPS Can't find TeX file LOOPS
	at 0301012.tex; line 1274 col 0 - line 1274 col 37
	Next token is T_CS[\drawloop] ( == Core::Definition::Expandable[\drawloop Until:[{}Until:](Until:,Until:)]) more: \gluon[\SE8](\pmidx,\pmidy)
	In Core::Definition::Expandable[\input T... /usr/share/perl5/LaTeXML/Package/TeX.pool.ltxml; line 994
	 <= Core::Gullet[@0x55a41920ea40] <= Core::Stomach[@0x55a416a36420] <= Core::Definition::Constructor[\begin{... <= ...
Error:missing_file:LOOPS Can't find TeX file LOOPS
	at 0301012.tex; line 1274 col 0 - line 1274 col 37
	Next token is T_CS[\drawloop] ( == Core::Definition::Expandable[\drawloop Until:[{}Until:](Until:,Until:)]) more: \gluon[\SE8](\pmidx,\pmidy)
	In Core::Definition::Expandable[\input T... /usr/share/perl5/LaTeXML/Package/TeX.pool.ltxml; line 994
	 <= Core::Gullet[@0x55a41920ea40] <= Core::Stomach[@0x55a416a36420] <= Core::Definition::Constructor[\begin{... <= ...
Error:missing_file:LOOPS Can't find TeX file LOOPS
	at 0301012.tex; line 1274 col 0 - line 1274 col 37
	Next token is T_CS[\drawloop] ( == Core::Definition::Expandable[\drawloop Until:[{}Until:](Until:,Until:)]) more: \gluon[\SE8](\pmidx,\pmidy)
	In Core::Definition::Expandable[\input T... /usr/share/perl5/LaTeXML/Package/TeX.pool.ltxml; line 994
	 <= Core::Gullet[@0x55a41920ea40] <= Core::Stomach[@0x55a416a36420] <= Core::Definition::Constructor[\begin{... <= ...
Error:missing_file:LOOPS Can't find TeX file LOOPS
	at 0301012.tex; line 1274 col 0 - line 1274 col 37
	Next token is T_CS[\drawloop] ( == Core::Definition::Expandable[\drawloop Until:[{}Until:](Until:,Until:)]) more: \gluon[\SE8](\pmidx,\pmidy)
	In Core::Definition::Expandable[\input T... /usr/share/perl5/LaTeXML/Package/TeX.pool.ltxml; line 994
	 <= Core::Gullet[@0x55a41920ea40] <= Core::Stomach[@0x55a416a36420] <= Core::Definition::Constructor[\begin{... <= ...
Error:missing_file:LOOPS Can't find TeX file LOOPS
	at 0301012.tex; line 1274 col 0 - line 1274 col 37
	Next token is T_CS[\drawloop] ( == Core::Definition::Expandable[\drawloop Until:[{}Until:](Until:,Until:)]) more: \gluon[\SE8](\pmidx,\pmidy)
	In Core::Definition::Expandable[\input T... /usr/share/perl5/LaTeXML/Package/TeX.pool.ltxml; line 994
	 <= Core::Gullet[@0x55a41920ea40] <= Core::Stomach[@0x55a416a36420] <= Core::Definition::Constructor[\begin{... <= ...
Error:missing_file:LOOPS Can't find TeX file LOOPS
	at 0301012.tex; line 1274 col 0 - line 1274 col 37
	Next token is T_CS[\drawloop] ( == Core::Definition::Expandable[\drawloop Until:[{}Until:](Until:,Until:)]) more: \gluon[\SE8](\pmidx,\pmidy)
	In Core::Definition::Expandable[\input T... /usr/share/perl5/LaTeXML/Package/TeX.pool.ltxml; line 994
	 <= Core::Gullet[@0x55a41920ea40] <= Core::Stomach[@0x55a416a36420] <= Core::Definition::Constructor[\begin{... <= ...
Error:missing_file:LOOPS Can't find TeX file LOOPS
	at 0301012.tex; line 1274 col 0 - line 1274 col 37
	Next token is T_CS[\drawloop] ( == Core::Definition::Expandable[\drawloop Until:[{}Until:](Until:,Until:)]) more: \gluon[\SE8](\pmidx,\pmidy)
	In Core::Definition::Expandable[\input T... /usr/share/perl5/LaTeXML/Package/TeX.pool.ltxml; line 994
	 <= Core::Gullet[@0x55a41920ea40] <= Core::Stomach[@0x55a416a36420] <= Core::Definition::Constructor[\begin{... <= ...
Error:missing_file:LOOPS Can't find TeX file LOOPS
	at 0301012.tex; line 1274 col 0 - line 1274 col 37
	Next token is T_CS[\drawloop] ( == Core::Definition::Expandable[\drawloop Until:[{}Until:](Until:,Until:)]) more: \gluon[\SE8](\pmidx,\pmidy)
	In Core::Definition::Expandable[\input T... /usr/share/perl5/LaTeXML/Package/TeX.pool.ltxml; line 994
	 <= Core::Gullet[@0x55a41920ea40] <= Core::Stomach[@0x55a416a36420] <= Core::Definition::Constructor[\begin{... <= ...
Error:missing_file:LOOPS Can't find TeX file LOOPS
	at 0301012.tex; line 1274 col 0 - line 1274 col 37
	Next token is T_CS[\drawloop] ( == Core::Definition::Expandable[\drawloop Until:[{}Until:](Until:,Until:)]) more: \gluon[\SE8](\pmidx,\pmidy)
	In Core::Definition::Expandable[\input T... /usr/share/perl5/LaTeXML/Package/TeX.pool.ltxml; line 994
	 <= Core::Gullet[@0x55a41920ea40] <= Core::Stomach[@0x55a416a36420] <= Core::Definition::Constructor[\begin{... <= ...
Error:missing_file:LOOPS Can't find TeX file LOOPS
	at 0301012.tex; line 1274 col 0 - line 1274 col 37
	Next token is T_CS[\drawloop] ( == Core::Definition::Expandable[\drawloop Until:[{}Until:](Until:,Until:)]) more: \gluon[\SE8](\pmidx,\pmidy)
	In Core::Definition::Expandable[\input T... /usr/share/perl5/LaTeXML/Package/TeX.pool.ltxml; line 994
	 <= Core::Gullet[@0x55a41920ea40] <= Core::Stomach[@0x55a416a36420] <= Core::Definition::Constructor[\begin{... <= ...
Error:missing_file:LOOPS Can't find TeX file LOOPS
	at 0301012.tex; line 1274 col 0 - line 1274 col 37
	Next token is T_CS[\drawloop] ( == Core::Definition::Expandable[\drawloop Until:[{}Until:](Until:,Until:)]) more: \gluon[\SE8](\pmidx,\pmidy)
	In Core::Definition::Expandable[\input T... /usr/share/perl5/LaTeXML/Package/TeX.pool.ltxml; line 994
	 <= Core::Gullet[@0x55a41920ea40] <= Core::Stomach[@0x55a416a36420] <= Core::Definition::Constructor[\begin{... <= ...
Error:missing_file:LOOPS Can't find TeX file LOOPS
	at 0301012.tex; line 1274 col 0 - line 1274 col 37
	Next token is T_CS[\drawloop] ( == Core::Definition::Expandable[\drawloop Until:[{}Until:](Until:,Until:)]) more: \gluon[\SE8](\pmidx,\pmidy)
	In Core::Definition::Expandable[\input T... /usr/share/perl5/LaTeXML/Package/TeX.pool.ltxml; line 994
	 <= Core::Gullet[@0x55a41920ea40] <= Core::Stomach[@0x55a416a36420] <= Core::Definition::Constructor[\begin{... <= ...
Error:missing_file:LOOPS Can't find TeX file LOOPS
	at 0301012.tex; line 1274 col 0 - line 1274 col 37
	Next token is T_CS[\drawloop] ( == Core::Definition::Expandable[\drawloop Until:[{}Until:](Until:,Until:)]) more: \gluon[\SE8](\pmidx,\pmidy)
	In Core::Definition::Expandable[\input T... /usr/share/perl5/LaTeXML/Package/TeX.pool.ltxml; line 994
	 <= Core::Gullet[@0x55a41920ea40] <= Core::Stomach[@0x55a416a36420] <= Core::Definition::Constructor[\begin{... <= ...
Error:missing_file:LOOPS Can't find TeX file LOOPS
	at 0301012.tex; line 1274 col 0 - line 1274 col 37
	Next token is T_CS[\drawloop] ( == Core::Definition::Expandable[\drawloop Until:[{}Until:](Until:,Until:)]) more: \gluon[\SE8](\pmidx,\pmidy)
	In Core::Definition::Expandable[\input T... /usr/share/perl5/LaTeXML/Package/TeX.pool.ltxml; line 994
	 <= Core::Gullet[@0x55a41920ea40] <= Core::Stomach[@0x55a416a36420] <= Core::Definition::Constructor[\begin{... <= ...
Error:missing_file:LOOPS Can't find TeX file LOOPS
	at 0301012.tex; line 1274 col 0 - line 1274 col 37
	Next token is T_CS[\drawloop] ( == Core::Definition::Expandable[\drawloop Until:[{}Until:](Until:,Until:)]) more: \gluon[\SE8](\pmidx,\pmidy)
	In Core::Definition::Expandable[\input T... /usr/share/perl5/LaTeXML/Package/TeX.pool.ltxml; line 994
	 <= Core::Gullet[@0x55a41920ea40] <= Core::Stomach[@0x55a416a36420] <= Core::Definition::Constructor[\begin{... <= ...
Error:missing_file:LOOPS Can't find TeX file LOOPS
	at 0301012.tex; line 1274 col 0 - line 1274 col 37
	Next token is T_CS[\drawloop] ( == Core::Definition::Expandable[\drawloop Until:[{}Until:](Until:,Until:)]) more: \gluon[\SE8](\pmidx,\pmidy)
	In Core::Definition::Expandable[\input T... /usr/share/perl5/LaTeXML/Package/TeX.pool.ltxml; line 994
	 <= Core::Gullet[@0x55a41920ea40] <= Core::Stomach[@0x55a416a36420] <= Core::Definition::Constructor[\begin{... <= ...
Error:missing_file:LOOPS Can't find TeX file LOOPS
	at 0301012.tex; line 1274 col 0 - line 1274 col 37
	Next token is T_CS[\drawloop] ( == Core::Definition::Expandable[\drawloop Until:[{}Until:](Until:,Until:)]) more: \gluon[\SE8](\pmidx,\pmidy)
	In Core::Definition::Expandable[\input T... /usr/share/perl5/LaTeXML/Package/TeX.pool.ltxml; line 994
	 <= Core::Gullet[@0x55a41920ea40] <= Core::Stomach[@0x55a416a36420] <= Core::Definition::Constructor[\begin{... <= ...
Error:missing_file:LOOPS Can't find TeX file LOOPS
	at 0301012.tex; line 1274 col 0 - line 1274 col 37
	Next token is T_CS[\drawloop] ( == Core::Definition::Expandable[\drawloop Until:[{}Until:](Until:,Until:)]) more: \gluon[\SE8](\pmidx,\pmidy)
	In Core::Definition::Expandable[\input T... /usr/share/perl5/LaTeXML/Package/TeX.pool.ltxml; line 994
	 <= Core::Gullet[@0x55a41920ea40] <= Core::Stomach[@0x55a416a36420] <= Core::Definition::Constructor[\begin{... <= ...
Error:missing_file:LOOPS Can't find TeX file LOOPS
	at 0301012.tex; line 1274 col 0 - line 1274 col 37
	Next token is T_CS[\drawloop] ( == Core::Definition::Expandable[\drawloop Until:[{}Until:](Until:,Until:)]) more: \gluon[\SE8](\pmidx,\pmidy)
	In Core::Definition::Expandable[\input T... /usr/share/perl5/LaTeXML/Package/TeX.pool.ltxml; line 994
	 <= Core::Gullet[@0x55a41920ea40] <= Core::Stomach[@0x55a416a36420] <= Core::Definition::Constructor[\begin{... <= ...
Error:missing_file:LOOPS Can't find TeX file LOOPS
	at 0301012.tex; line 1274 col 0 - line 1274 col 37
	Next token is T_CS[\drawloop] ( == Core::Definition::Expandable[\drawloop Until:[{}Until:](Until:,Until:)]) more: \gluon[\SE8](\pmidx,\pmidy)
	In Core::Definition::Expandable[\input T... /usr/share/perl5/LaTeXML/Package/TeX.pool.ltxml; line 994
	 <= Core::Gullet[@0x55a41920ea40] <= Core::Stomach[@0x55a416a36420] <= Core::Definition::Constructor[\begin{... <= ...
Error:missing_file:LOOPS Can't find TeX file LOOPS
	at 0301012.tex; line 1274 col 0 - line 1274 col 37
	Next token is T_CS[\drawloop] ( == Core::Definition::Expandable[\drawloop Until:[{}Until:](Until:,Until:)]) more: \gluon[\SE8](\pmidx,\pmidy)
	In Core::Definition::Expandable[\input T... /usr/share/perl5/LaTeXML/Package/TeX.pool.ltxml; line 994
	 <= Core::Gullet[@0x55a41920ea40] <= Core::Stomach[@0x55a416a36420] <= Core::Definition::Constructor[\begin{... <= ...
Error:missing_file:LOOPS Can't find TeX file LOOPS
	at 0301012.tex; line 1274 col 0 - line 1274 col 37
	Next token is T_CS[\drawloop] ( == Core::Definition::Expandable[\drawloop Until:[{}Until:](Until:,Until:)]) more: \gluon[\SE8](\pmidx,\pmidy)
	In Core::Definition::Expandable[\input T... /usr/share/perl5/LaTeXML/Package/TeX.pool.ltxml; line 994
	 <= Core::Gullet[@0x55a41920ea40] <= Core::Stomach[@0x55a416a36420] <= Core::Definition::Constructor[\begin{... <= ...
Error:missing_file:LOOPS Can't find TeX file LOOPS
	at 0301012.tex; line 1274 col 0 - line 1274 col 37
	Next token is T_CS[\drawloop] ( == Core::Definition::Expandable[\drawloop Until:[{}Until:](Until:,Until:)]) more: \gluon[\SE8](\pmidx,\pmidy)
	In Core::Definition::Expandable[\input T... /usr/share/perl5/LaTeXML/Package/TeX.pool.ltxml; line 994
	 <= Core::Gullet[@0x55a41920ea40] <= Core::Stomach[@0x55a416a36420] <= Core::Definition::Constructor[\begin{... <= ...
Error:missing_file:LOOPS Can't find TeX file LOOPS
	at 0301012.tex; line 1274 col 0 - line 1274 col 37
	Next token is T_CS[\drawloop] ( == Core::Definition::Expandable[\drawloop Until:[{}Until:](Until:,Until:)]) more: \gluon[\SE8](\pmidx,\pmidy)
	In Core::Definition::Expandable[\input T... /usr/share/perl5/LaTeXML/Package/TeX.pool.ltxml; line 994
	 <= Core::Gullet[@0x55a41920ea40] <= Core::Stomach[@0x55a416a36420] <= Core::Definition::Constructor[\begin{... <= ...
Error:missing_file:LOOPS Can't find TeX file LOOPS
	at 0301012.tex; line 1274 col 0 - line 1274 col 37
	Next token is T_CS[\drawloop] ( == Core::Definition::Expandable[\drawloop Until:[{}Until:](Until:,Until:)]) more: \gluon[\SE8](\pmidx,\pmidy)
	In Core::Definition::Expandable[\input T... /usr/share/perl5/LaTeXML/Package/TeX.pool.ltxml; line 994
	 <= Core::Gullet[@0x55a41920ea40] <= Core::Stomach[@0x55a416a36420] <= Core::Definition::Constructor[\begin{... <= ...
Error:missing_file:LOOPS Can't find TeX file LOOPS
	at 0301012.tex; line 1274 col 0 - line 1274 col 37
	Next token is T_CS[\drawloop] ( == Core::Definition::Expandable[\drawloop Until:[{}Until:](Until:,Until:)]) more: \gluon[\SE8](\pmidx,\pmidy)
	In Core::Definition::Expandable[\input T... /usr/share/perl5/LaTeXML/Package/TeX.pool.ltxml; line 994
	 <= Core::Gullet[@0x55a41920ea40] <= Core::Stomach[@0x55a416a36420] <= Core::Definition::Constructor[\begin{... <= ...
Error:missing_file:LOOPS Can't find TeX file LOOPS
	at 0301012.tex; line 1274 col 0 - line 1274 col 37
	Next token is T_CS[\drawloop] ( == Core::Definition::Expandable[\drawloop Until:[{}Until:](Until:,Until:)]) more: \gluon[\SE8](\pmidx,\pmidy)
	In Core::Definition::Expandable[\input T... /usr/share/perl5/LaTeXML/Package/TeX.pool.ltxml; line 994
	 <= Core::Gullet[@0x55a41920ea40] <= Core::Stomach[@0x55a416a36420] <= Core::Definition::Constructor[\begin{... <= ...
Error:missing_file:LOOPS Can't find TeX file LOOPS
	at 0301012.tex; line 1274 col 0 - line 1274 col 37
	Next token is T_CS[\drawloop] ( == Core::Definition::Expandable[\drawloop Until:[{}Until:](Until:,Until:)]) more: \gluon[\SE8](\pmidx,\pmidy)
	In Core::Definition::Expandable[\input T... /usr/share/perl5/LaTeXML/Package/TeX.pool.ltxml; line 994
	 <= Core::Gullet[@0x55a41920ea40] <= Core::Stomach[@0x55a416a36420] <= Core::Definition::Constructor[\begin{... <= ...
Fatal:too_many_errors:100 Too many errors (> 100)!
	at 0301012.tex; line 1274 col 0 - line 1274 col 37
	In Core::Definition::Expandable[\input T... /usr/share/perl5/LaTeXML/Package/TeX.pool.ltxml; line 994
Conversion failed 1 warning; 101 errors; 1 fatal error; 3 undefined macros[\ALLfermion, \unitlength, \setlength]; 3 missing files[FEYNMAN, FERMIONSETUP, LOOPS] (See /home/user/latex-in-arxiv/0301012.latexml.log) (reqd. 32.36s)
