latexml (LaTeXML version 0.8.6) processing 2003/0301211.tex
(Digesting TeX 0301211...
(Loading /usr/share/perl5/LaTeXML/Package/TeX.pool.ltxml...
(Loading /usr/share/perl5/LaTeXML/Package/eTeX.pool.ltxml... 0.01 sec)
(Loading /usr/share/perl5/LaTeXML/Package/pdfTeX.pool.ltxml... 0.01 sec) 0.18 sec)
(Processing content /home/user/latex-in-arxiv/2003/0301211.tex...
(Loading /usr/share/perl5/LaTeXML/Package/LaTeX.pool.ltxml...
(Loading /usr/share/perl5/LaTeXML/Package/textcomp.sty.ltxml...
(Processing definitions /usr/share/texlive/texmf-dist/tex/latex-dev/base/ts1enc.dfu... 0.03 sec) 1.56 sec) 1.82 sec)
(Loading /usr/share/perl5/LaTeXML/Package/article.cls.ltxml... 0.01 sec)
(Loading /usr/share/perl5/LaTeXML/Package/amsfonts.sty.ltxml... 0.00 sec)
(Loading /usr/share/perl5/LaTeXML/Package/amsmath.sty.ltxml...
(Loading /usr/share/perl5/LaTeXML/Package/amsbsy.sty.ltxml...
(Loading /usr/share/perl5/LaTeXML/Package/amsgen.sty.ltxml... 0.00 sec) 0.01 sec)
(Loading /usr/share/perl5/LaTeXML/Package/amstext.sty.ltxml... 0.01 sec)
(Loading /usr/share/perl5/LaTeXML/Package/amsopn.sty.ltxml... 0.01 sec) 0.06 sec) 9.71 sec) 9.94 sec)
(Building...
(Loading compiled schema /usr/share/perl5/LaTeXML/resources/RelaxNG/LaTeXML.model... 0.01 sec) 13.55 sec)
(Rewriting... 0.68 sec)
(Math Parsing 788 formulae ......
Warning:not_parsed:UNKNOWN>OPEN MathParser failed to match rule 'Superscript'
	at 0301211.tex; line 220 col 16 - line 220 col 16
	In "$\displaystyle F^{\beta[\gamma}_{\alpha}F^{\delta\sigma]}_{\beta}=0\,\@@ENDINLINEMATH"
	β[[UNKNOWN]]
	        > [[[OPEN]] γ[[UNKNOWN]]
Warning:not_parsed:UNKNOWN.UNKNOWN>CLOSE MathParser failed to match rule 'Superscript'
	at 0301211.tex; line 220 col 41 - line 220 col 41
	δ[[UNKNOWN]] σ[[UNKNOWN]]
	        > ][[CLOSE]]
Warning:not_parsed:UNKNOWN>OPEN MathParser failed to match rule 'Superscript'
	at 0301211.tex; line 220 col 16 - line 220 col 16
	In "$\displaystyle F^{\beta[\gamma}_{\alpha}F^{\delta\sigma]}_{\beta}=0\,$"
	β[[UNKNOWN]]
	        > [[[OPEN]] γ[[UNKNOWN]]
Warning:not_parsed:UNKNOWN.UNKNOWN>CLOSE MathParser failed to match rule 'Superscript'
	at 0301211.tex; line 220 col 41 - line 220 col 41
	δ[[UNKNOWN]] σ[[UNKNOWN]]
	        > ][[CLOSE]]
Warning:not_parsed:>FLOATSUPERSCRIPT MathParser failed to match rule 'Superscript'
	at 0301211.tex; line 647 col 23 - line 647 col 23
	In "${\rm I}\!\Gamma^{{}^{\prime}\,(n)}$"
	> {}^{\prime}[[FLOATSUPERSCRIPT]] ([[OPEN]] n[[UNKNOWN]] )[[CLOSE]]
Warning:not_parsed:>FLOATSUPERSCRIPT MathParser failed to match rule 'Superscript'
	at 0301211.tex; line 650 col 13 - line 650 col 13
	In "$\displaystyle{\rm I}\!\Gamma^{{}^{\prime}\,(n)}={\rm I}\!\Gamma^{(n)}-\tau_{%
	\bf 0}^{(n)}\@@ENDINLINEMATH"
	> {}^{\prime}[[FLOATSUPERSCRIPT]] ([[OPEN]] n[[UNKNOWN]] )[[CLOSE]]
Warning:not_parsed:>FLOATSUPERSCRIPT MathParser failed to match rule 'Superscript'
	at 0301211.tex; line 650 col 13 - line 650 col 13
	In "$\displaystyle{\rm I}\!\Gamma^{{}^{\prime}\,(n)}={\rm I}\!\Gamma^{(n)}-\tau_{%
	\bf 0}^{(n)}$"
	> {}^{\prime}[[FLOATSUPERSCRIPT]] ([[OPEN]] n[[UNKNOWN]] )[[CLOSE]]
Warning:not_parsed:>FLOATSUPERSCRIPT MathParser failed to match rule 'Superscript'
	at 0301211.tex; line 654 col 15 - line 654 col 15
	In "${\rm I}\!\Gamma^{{}^{\prime}\,(n)}$"
	> {}^{\prime}[[FLOATSUPERSCRIPT]] ([[OPEN]] n[[UNKNOWN]] )[[CLOSE]]
Warning:not_parsed:ADDOP.UNKNOWN.POSTSUPERSCRIPT>OPEN MathParser failed to match rule 'Anything'
	at 0301211.tex; line 998 col 3 - line 998 col 3
	In "$\displaystyle\Xi^{(1)}=t^{4}{\rm I}\!\Gamma^{(1)}=\sum_{j}\lambda_{j}^{(1)}t^%
	{4}{\Lambda}_{j}+t^{4}\left({\cal S}_{0}({\cal K}_{\bf-1})\right)=\sum_{j}%
	\lambda_{j}^{(1)}t^{4}{\Lambda}_{j}+t^{4}\left({\cal S}_{0}(\sum_{r}\rho^{(1)}%
	_{r}{\cal K}_{{\bf-1},r}\right)\,.\@@ENDINLINEMATH"
	Ξ[[UNKNOWN]] ^{(1)}[[POSTSUPERSCRIPT]] =[[RELOP]] t[[UNKNOWN]] ^{4}[[POSTSUPERSCRIPT]] I[[UNKNOWN]] Γ[[UNKNOWN]] ^{(1)}[[POSTSUPERSCRIPT]] =[[RELOP]] ∑[[SUMOP]] _{j}[[POSTSUBSCRIPT]] λ[[UNKNOWN]] _{j}[[POSTSUBSCRIPT]] ^{(1)}[[POSTSUPERSCRIPT]] t[[UNKNOWN]] ^{4}[[POSTSUPERSCRIPT]] Λ[[UNKNOWN]] _{j}[[POSTSUBSCRIPT]] +[[ADDOP]] t[[UNKNOWN]] ^{4}[[POSTSUPERSCRIPT]] \left([[OPEN]] S[[UNKNOWN]] _{0}[[POSTSUBSCRIPT]] ([[OPEN]] K[[UNKNOWN]] _{\bf-1}[[POSTSUBSCRIPT]] )[[CLOSE]] \right)[[CLOSE]] =[[RELOP]] ∑[[SUMOP]] _{j}[[POSTSUBSCRIPT]] λ[[UNKNOWN]] _{j}[[POSTSUBSCRIPT]] ^{(1)}[[POSTSUPERSCRIPT]] t[[UNKNOWN]] ^{4}[[POSTSUPERSCRIPT]] Λ[[UNKNOWN]] _{j}[[POSTSUBSCRIPT]] +[[ADDOP]] t[[UNKNOWN]] ^{4}[[POSTSUPERSCRIPT]]
	        > \left([[OPEN]] S[[UNKNOWN]] _{0}[[POSTSUBSCRIPT]] ([[OPEN]] ∑[[SUMOP]] _{r}[[POSTSUBSCRIPT]] ρ[[UNKNOWN]] ^{(1)}[[POSTSUPERSCRIPT]] _{r}[[POSTSUBSCRIPT]] K[[UNKNOWN]] _{{\bf-1},r}[[POSTSUBSCRIPT]] \right)[[CLOSE]]
Warning:not_parsed:ADDOP.UNKNOWN.POSTSUPERSCRIPT>OPEN MathParser failed to match rule 'Anything'
	at 0301211.tex; line 1000 col 20 - line 1004 col 14
	In "$\displaystyle\sum_{j}\lambda_{j}^{(1)}t^{4}{\Lambda}_{j}+t^{4}\left({\cal S}_%
	{0}(\sum_{r}\rho^{(1)}_{r}{\cal K}_{{\bf-1},r}\right)\,.$"
	∑[[SUMOP]] _{j}[[POSTSUBSCRIPT]] λ[[UNKNOWN]] _{j}[[POSTSUBSCRIPT]] ^{(1)}[[POSTSUPERSCRIPT]] t[[UNKNOWN]] ^{4}[[POSTSUPERSCRIPT]] Λ[[UNKNOWN]] _{j}[[POSTSUBSCRIPT]] +[[ADDOP]] t[[UNKNOWN]] ^{4}[[POSTSUPERSCRIPT]]
	        > \left([[OPEN]] S[[UNKNOWN]] _{0}[[POSTSUBSCRIPT]] ([[OPEN]] ∑[[SUMOP]] _{r}[[POSTSUBSCRIPT]] ρ[[UNKNOWN]] ^{(1)}[[POSTSUPERSCRIPT]] _{r}[[POSTSUBSCRIPT]] K[[UNKNOWN]] _{{\bf-1},r}[[POSTSUBSCRIPT]] \right)[[CLOSE]]
Warning:not_parsed:UNKNOWN.POSTSUPERSCRIPT.UNKNOWN>OPEN MathParser failed to match rule 'Anything'
	at 0301211.tex; line 1203 col 2 - line 1203 col 2
	In "$\displaystyle\Gamma^{(0)}=\int d^{4}x\,\left\{-\frac{1}{4g^{2}}G_{\mu\nu}^{a}%
	G^{\mu\nu\,a}+i\bar{\psi}D\!\!\!\!/\psi-\bar{\omega}^{a}\partial_{\mu}(D^{\mu}%
	\omega)^{a}+B^{a}\partial A^{a}\right.\left.+A_{\mu}^{a*}(D^{\mu}\omega)^{a}-%
	\omega^{*a}\frac{1}{2}\epsilon^{abc}\omega^{b}\omega^{c}+\bar{\eta}i\omega^{a}%
	T^{a}\psi-i\bar{\psi}T^{a}\omega^{a}\eta\right\}\,.\@@ENDINLINEMATH"
	Γ[[UNKNOWN]] ^{(0)}[[POSTSUPERSCRIPT]] =[[RELOP]] ∫[[INTOP]] d[[UNKNOWN]] ^{4}[[POSTSUPERSCRIPT]] x[[UNKNOWN]]
	        > \left\{[[OPEN]] -[[ADDOP]] \frac{1}{4g^{2}}[[UNKNOWN]] G[[UNKNOWN]] _{\mu\nu}[[POSTSUBSCRIPT]] ^{a}[[POSTSUPERSCRIPT]] G[[UNKNOWN]] ^{\mu\nu\,a}[[POSTSUPERSCRIPT]] +[[ADDOP]] i[[UNKNOWN]] \bar{\psi}[[UNKNOWN]] D[[UNKNOWN]] /[[MULOP]] ψ[[UNKNOWN]] -[[ADDOP]] \bar{\omega}[[UNKNOWN]] ^{a}[[POSTSUPERSCRIPT]] ∂[[OPERATOR]] _{\mu}[[POSTSUBSCRIPT]] ([[OPEN]] D[[UNKNOWN]] ^{\mu}[[POSTSUPERSCRIPT]] ω[[UNKNOWN]] )[[CLOSE]] ^{a}[[POSTSUPERSCRIPT]] +[[ADDOP]] B[[UNKNOWN]] ^{a}[[POSTSUPERSCRIPT]] ∂[[OPERATOR]] A[[UNKNOWN]] ^{a}[[POSTSUPERSCRIPT]] +[[ADDOP]] A[[UNKNOWN]] _{\mu}[[POSTSUBSCRIPT]] ^{a*}[[POSTSUPERSCRIPT]] ([[OPEN]] D[[UNKNOWN]] ^{\mu}[[POSTSUPERSCRIPT]] ω[[UNKNOWN]] )[[CLOSE]] ^{a}[[POSTSUPERSCRIPT]] -[[ADDOP]] ω[[UNKNOWN]] ^{*a}[[POSTSUPERSCRIPT]] \frac{1}{2}[[UNKNOWN]] ϵ[[UNKNOWN]] ^{abc}[[POSTSUPERSCRIPT]] ω[[UNKNOWN]] ^{b}[[POSTSUPERSCRIPT]] ω[[UNKNOWN]] ^{c}[[POSTSUPERSCRIPT]] ...
Warning:not_parsed:UNKNOWN.POSTSUPERSCRIPT.UNKNOWN>OPEN MathParser failed to match rule 'Anything'
	at 0301211.tex; line 1203 col 19 - line 1206 col 1
	In "$\displaystyle\int d^{4}x\,\left\{-\frac{1}{4g^{2}}G_{\mu\nu}^{a}G^{\mu\nu\,a}%
	+i\bar{\psi}D\!\!\!\!/\psi-\bar{\omega}^{a}\partial_{\mu}(D^{\mu}\omega)^{a}+B%
	^{a}\partial A^{a}\right.$"
	∫[[INTOP]] d[[UNKNOWN]] ^{4}[[POSTSUPERSCRIPT]] x[[UNKNOWN]]
	        > \left\{[[OPEN]] -[[ADDOP]] \frac{1}{4g^{2}}[[UNKNOWN]] G[[UNKNOWN]] _{\mu\nu}[[POSTSUBSCRIPT]] ^{a}[[POSTSUPERSCRIPT]] G[[UNKNOWN]] ^{\mu\nu\,a}[[POSTSUPERSCRIPT]] +[[ADDOP]] i[[UNKNOWN]] \bar{\psi}[[UNKNOWN]] D[[UNKNOWN]] /[[MULOP]] ψ[[UNKNOWN]] -[[ADDOP]] \bar{\omega}[[UNKNOWN]] ^{a}[[POSTSUPERSCRIPT]] ∂[[OPERATOR]] _{\mu}[[POSTSUBSCRIPT]] ([[OPEN]] D[[UNKNOWN]] ^{\mu}[[POSTSUPERSCRIPT]] ω[[UNKNOWN]] )[[CLOSE]] ^{a}[[POSTSUPERSCRIPT]] +[[ADDOP]] B[[UNKNOWN]] ^{a}[[POSTSUPERSCRIPT]] ∂[[OPERATOR]] A[[UNKNOWN]] ^{a}[[POSTSUPERSCRIPT]]
Warning:not_parsed:UNKNOWN.POSTSUPERSCRIPT.UNKNOWN>CLOSE MathParser failed to match rule 'Anything'
	at 0301211.tex; line 1206 col 10 - line 1210 col 14
	In "$\displaystyle\left.+A_{\mu}^{a*}(D^{\mu}\omega)^{a}-\omega^{*a}\frac{1}{2}%
	\epsilon^{abc}\omega^{b}\omega^{c}+\bar{\eta}i\omega^{a}T^{a}\psi-i\bar{\psi}T%
	^{a}\omega^{a}\eta\right\}\,.$"
	+[[ADDOP]] A[[UNKNOWN]] _{\mu}[[POSTSUBSCRIPT]] ^{a*}[[POSTSUPERSCRIPT]] ([[OPEN]] D[[UNKNOWN]] ^{\mu}[[POSTSUPERSCRIPT]] ω[[UNKNOWN]] )[[CLOSE]] ^{a}[[POSTSUPERSCRIPT]] -[[ADDOP]] ω[[UNKNOWN]] ^{*a}[[POSTSUPERSCRIPT]] \frac{1}{2}[[UNKNOWN]] ϵ[[UNKNOWN]] ^{abc}[[POSTSUPERSCRIPT]] ω[[UNKNOWN]] ^{b}[[POSTSUPERSCRIPT]] ω[[UNKNOWN]] ^{c}[[POSTSUPERSCRIPT]] +[[ADDOP]] \bar{\eta}[[UNKNOWN]] i[[UNKNOWN]] ω[[UNKNOWN]] ^{a}[[POSTSUPERSCRIPT]] T[[UNKNOWN]] ^{a}[[POSTSUPERSCRIPT]] ψ[[UNKNOWN]] -[[ADDOP]] i[[UNKNOWN]] \bar{\psi}[[UNKNOWN]] T[[UNKNOWN]] ^{a}[[POSTSUPERSCRIPT]] ω[[UNKNOWN]] ^{a}[[POSTSUPERSCRIPT]] η[[UNKNOWN]]
	        > \right\}[[CLOSE]]
Warning:not_parsed:UNKNOWN>MULOP MathParser failed to match rule 'Anything'
	at 0301211.tex; line 1254 col 9 - line 1254 col 13
	In "$D\!\!\!\!/$"
	D[[UNKNOWN]]
	        > /[[MULOP]]
Warning:not_parsed:UNKNOWN>MULOP MathParser failed to match rule 'Anything'
	at 0301211.tex; line 1257 col 11 - line 1257 col 11
	In "$\displaystyle D\!\!\!\!/=\gamma^{\mu}D_{\mu}\,.\@@ENDINLINEMATH"
	D[[UNKNOWN]]
	        > /[[MULOP]] =[[RELOP]] γ[[UNKNOWN]] ^{\mu}[[POSTSUPERSCRIPT]] D[[UNKNOWN]] _{\mu}[[POSTSUBSCRIPT]]
Warning:not_parsed:UNKNOWN>MULOP MathParser failed to match rule 'Anything'
	at 0301211.tex; line 1257 col 11 - line 1259 col 14
	In "$\displaystyle D\!\!\!\!/=\gamma^{\mu}D_{\mu}\,.$"
	D[[UNKNOWN]]
	        > /[[MULOP]] =[[RELOP]] γ[[UNKNOWN]] ^{\mu}[[POSTSUPERSCRIPT]] D[[UNKNOWN]] _{\mu}[[POSTSUBSCRIPT]]
Warning:not_parsed:UNKNOWN.POSTSUPERSCRIPT.UNKNOWN>OPEN MathParser failed to match rule 'Anything'
	at 0301211.tex; line 1300 col 29 - line 1305 col 1
	In "$\displaystyle\int d^{4}x\,\left(\frac{\delta\Gamma^{(0)}}{\delta A_{\mu}^{a*}%
	}\frac{\delta\Gamma^{(0)}}{\delta A_{\mu}^{a}}+\frac{\delta\Gamma^{(0)}}{%
	\delta\omega^{a*}}\frac{\delta\Gamma^{(0)}}{\delta\omega^{a}}\right.$"
	∫[[INTOP]] d[[UNKNOWN]] ^{4}[[POSTSUPERSCRIPT]] x[[UNKNOWN]]
	        > \left([[OPEN]] \frac{\delta\Gamma^{(0)}}{\deltaA_{\mu}^{a*}}[[UNKNOWN]] \frac{\delta\Gamma^{(0)}}{\deltaA_{\mu}^{a}}[[UNKNOWN]] +[[ADDOP]] \frac{\delta\Gamma^{(0)}}{\delta\omega^{a*}}[[UNKNOWN]] \frac{\delta\Gamma^{(0)}}{\delta\omega^{a}}[[UNKNOWN]]
Warning:not_parsed:UNKNOWN.POSTSUPERSCRIPT.ATOM>CLOSE MathParser failed to match rule 'Anything'
	at 0301211.tex; line 1305 col 11 - line 1311 col 14
	In "$\displaystyle\left.~{}~{}~{}~{}~{}~{}~{}~{}~{}~{}~{}+\frac{\delta\Gamma^{(0)}%
	}{\delta\bar{\eta}}\frac{\delta\Gamma^{(0)}}{\delta\psi}-\frac{\delta\Gamma^{(%
	0)}}{\delta\eta}\frac{\delta\Gamma^{(0)}}{\delta\bar{\psi}}+B^{a}\frac{\delta%
	\Gamma^{(0)}}{\delta\bar{\omega}^{a}}\right)=0\,.$"
	+[[ADDOP]] \frac{\delta\Gamma^{(0)}}{\delta\bar{\eta}}[[UNKNOWN]] \frac{\delta\Gamma^{(0)}}{\delta\psi}[[UNKNOWN]] -[[ADDOP]] \frac{\delta\Gamma^{(0)}}{\delta\eta}[[UNKNOWN]] \frac{\delta\Gamma^{(0)}}{\delta\bar{\psi}}[[UNKNOWN]] +[[ADDOP]] B[[UNKNOWN]] ^{a}[[POSTSUPERSCRIPT]] \frac{\delta\Gamma^{(0)}}{\delta\bar{\omega}^{a}}[[UNKNOWN]]
	        > \right)[[CLOSE]] =[[RELOP]] 0[[NUMBER]]
Warning:not_parsed:UNKNOWN.POSTSUPERSCRIPT.UNKNOWN>OPEN MathParser failed to match rule 'Anything'
	at 0301211.tex; line 1316 col 21 - line 1325 col 1
	In "$\displaystyle\int d^{4}x\,\left(\frac{\delta\Gamma^{(0)}}{\delta A_{\mu}^{a*}%
	}\frac{\delta}{\delta A_{\mu}^{a}}+\frac{\delta\Gamma^{(0)}}{\delta A_{\mu}^{a%
	}}\frac{\delta}{\delta A_{\mu}^{a*}}+\frac{\delta\Gamma^{(0)}}{\delta\omega^{a%
	*}}\frac{\delta}{\delta\omega^{a}}+\frac{\delta\Gamma^{(0)}}{\delta\omega^{a}}%
	\frac{\delta}{\delta\omega^{a*}}\right.$"
	∫[[INTOP]] d[[UNKNOWN]] ^{4}[[POSTSUPERSCRIPT]] x[[UNKNOWN]]
	        > \left([[OPEN]] \frac{\delta\Gamma^{(0)}}{\deltaA_{\mu}^{a*}}[[UNKNOWN]] \frac{\delta}{\deltaA_{\mu}^{a}}[[UNKNOWN]] +[[ADDOP]] \frac{\delta\Gamma^{(0)}}{\deltaA_{\mu}^{a}}[[UNKNOWN]] \frac{\delta}{\deltaA_{\mu}^{a*}}[[UNKNOWN]] +[[ADDOP]] \frac{\delta\Gamma^{(0)}}{\delta\omega^{a*}}[[UNKNOWN]] \frac{\delta}{\delta\omega^{a}}[[UNKNOWN]] +[[ADDOP]] \frac{\delta\Gamma^{(0)}}{\delta\omega^{a}}[[UNKNOWN]] \frac{\delta}{\delta\omega^{a*}}[[UNKNOWN]]
Warning:not_parsed:UNKNOWN.POSTSUPERSCRIPT.ATOM>CLOSE MathParser failed to match rule 'Anything'
	at 0301211.tex; line 1335 col 7 - line 1337 col 14
	In "$\displaystyle\left.~{}~{}~{}~{}~{}~{}~{}~{}~{}~{}~{}+B^{a}\frac{\delta}{%
	\delta\bar{\omega}^{a}}\right)\,.$"
	+[[ADDOP]] B[[UNKNOWN]] ^{a}[[POSTSUPERSCRIPT]] \frac{\delta}{\delta\bar{\omega}^{a}}[[UNKNOWN]]
	        > \right)[[CLOSE]]
Warning:not_parsed:UNKNOWN.POSTSUPERSCRIPT.UNKNOWN>OPEN MathParser failed to match rule 'Anything'
	at 0301211.tex; line 1554 col 23 - line 1559 col 1
	In "$\displaystyle\sum_{j=1}^{n-1}\int d^{4}x\,\left(\rho_{1}^{(n-j)}\rho_{1}^{(j)%
	}(-\partial^{\mu}\omega^{a})\frac{\delta}{\delta A_{\mu}^{a}}{\cal S}_{0}(\int
	d%
	^{4}y\,\hat{A}^{b*}_{\nu}A^{\nu b})\right.$"
	∑[[SUMOP]] _{j=1}[[POSTSUBSCRIPT]] ^{n-1}[[POSTSUPERSCRIPT]] ∫[[INTOP]] d[[UNKNOWN]] ^{4}[[POSTSUPERSCRIPT]] x[[UNKNOWN]]
	        > \left([[OPEN]] ρ[[UNKNOWN]] _{1}[[POSTSUBSCRIPT]] ^{(n-j)}[[POSTSUPERSCRIPT]] ρ[[UNKNOWN]] _{1}[[POSTSUBSCRIPT]] ^{(j)}[[POSTSUPERSCRIPT]] ([[OPEN]] -[[ADDOP]] ∂[[OPERATOR]] ^{\mu}[[POSTSUPERSCRIPT]] ω[[UNKNOWN]] ^{a}[[POSTSUPERSCRIPT]] )[[CLOSE]] \frac{\delta}{\deltaA_{\mu}^{a}}[[UNKNOWN]] S[[UNKNOWN]] _{0}[[POSTSUBSCRIPT]] ([[OPEN]] ∫[[INTOP]] d[[UNKNOWN]] ^{4}[[POSTSUPERSCRIPT]] y[[UNKNOWN]] \hat{A}[[UNKNOWN]] ^{b*}[[POSTSUPERSCRIPT]] _{\nu}[[POSTSUBSCRIPT]] A[[UNKNOWN]] ^{\nub}[[POSTSUPERSCRIPT]] )[[CLOSE]]
Warning:not_parsed:MULOP.UNKNOWN.CLOSE>CLOSE MathParser failed to match rule 'Anything'
	at 0301211.tex; line 1564 col 10 - line 1568 col 1
	In "$\displaystyle\left.~{}~{}~{}~{}~{}~{}~{}~{}~{}~{}~{}~{}~{}+\rho_{1}^{(n-j)}%
	\rho_{3}^{(j)}(-\partial^{\mu}\omega^{a})\frac{\delta}{\delta A_{\mu}^{a}}(%
	\int d^{4}y\,i\bar{\psi}D\!\!\!\!/\psi)\right)$"
	+[[ADDOP]] ρ[[UNKNOWN]] _{1}[[POSTSUBSCRIPT]] ^{(n-j)}[[POSTSUPERSCRIPT]] ρ[[UNKNOWN]] _{3}[[POSTSUBSCRIPT]] ^{(j)}[[POSTSUPERSCRIPT]] ([[OPEN]] -[[ADDOP]] ∂[[OPERATOR]] ^{\mu}[[POSTSUPERSCRIPT]] ω[[UNKNOWN]] ^{a}[[POSTSUPERSCRIPT]] )[[CLOSE]] \frac{\delta}{\deltaA_{\mu}^{a}}[[UNKNOWN]] ([[OPEN]] ∫[[INTOP]] d[[UNKNOWN]] ^{4}[[POSTSUPERSCRIPT]] y[[UNKNOWN]] i[[UNKNOWN]] \bar{\psi}[[UNKNOWN]] D[[UNKNOWN]] /[[MULOP]] ψ[[UNKNOWN]] )[[CLOSE]]
	        > \right)[[CLOSE]]
Warning:not_parsed:UNKNOWN.POSTSUPERSCRIPT.ATOM>OPEN MathParser failed to match rule 'Anything'
	at 0301211.tex; line 1568 col 7 - line 1574 col 1
	In "$\displaystyle-\int d^{4}x\,\partial^{\mu}\omega^{a}\frac{\delta}{\delta A_{%
	\mu}^{a}}\left[\sum_{j=1}^{n-1}\rho_{1}^{(n-j)}\rho_{1}^{(j)}{\cal S}_{0}(\int
	d%
	^{4}y\,\hat{A}^{b*}_{\nu}A^{\nu b})\right.$"
	-[[ADDOP]] ∫[[INTOP]] d[[UNKNOWN]] ^{4}[[POSTSUPERSCRIPT]] x[[UNKNOWN]] ∂[[OPERATOR]] ^{\mu}[[POSTSUPERSCRIPT]] ω[[UNKNOWN]] ^{a}[[POSTSUPERSCRIPT]] \frac{\delta}{\deltaA_{\mu}^{a}}[[UNKNOWN]]
	        > \left[[[OPEN]] ∑[[SUMOP]] _{j=1}[[POSTSUBSCRIPT]] ^{n-1}[[POSTSUPERSCRIPT]] ρ[[UNKNOWN]] _{1}[[POSTSUBSCRIPT]] ^{(n-j)}[[POSTSUPERSCRIPT]] ρ[[UNKNOWN]] _{1}[[POSTSUBSCRIPT]] ^{(j)}[[POSTSUPERSCRIPT]] S[[UNKNOWN]] _{0}[[POSTSUBSCRIPT]] ([[OPEN]] ∫[[INTOP]] d[[UNKNOWN]] ^{4}[[POSTSUPERSCRIPT]] y[[UNKNOWN]] \hat{A}[[UNKNOWN]] ^{b*}[[POSTSUPERSCRIPT]] _{\nu}[[POSTSUBSCRIPT]] A[[UNKNOWN]] ^{\nub}[[POSTSUPERSCRIPT]] )[[CLOSE]]
Warning:not_parsed:UNKNOWN.MULOP.UNKNOWN>CLOSE MathParser failed to match rule 'Anything'
	at 0301211.tex; line 1574 col 6 - line 1580 col 14
	In "$\displaystyle~{}~{}~{}~{}~{}~{}~{}~{}~{}~{}~{}\left.+\sum_{j=1}^{n-1}\rho_{1}%
	^{(n-j)}\lambda_{1}^{(j)}\int d^{4}y\,G^{\rho\sigma b}G_{\rho\sigma}^{b}+\sum_%
	{j=1}^{n-1}\rho_{1}^{(n-j)}\rho_{3}^{(j)}\int d^{4}y\,i\bar{\psi}D\!\!\!\!/%
	\psi\right]\,.$"
	+[[ADDOP]] ∑[[SUMOP]] _{j=1}[[POSTSUBSCRIPT]] ^{n-1}[[POSTSUPERSCRIPT]] ρ[[UNKNOWN]] _{1}[[POSTSUBSCRIPT]] ^{(n-j)}[[POSTSUPERSCRIPT]] λ[[UNKNOWN]] _{1}[[POSTSUBSCRIPT]] ^{(j)}[[POSTSUPERSCRIPT]] ∫[[INTOP]] d[[UNKNOWN]] ^{4}[[POSTSUPERSCRIPT]] y[[UNKNOWN]] G[[UNKNOWN]] ^{\rho\sigmab}[[POSTSUPERSCRIPT]] G[[UNKNOWN]] _{\rho\sigma}[[POSTSUBSCRIPT]] ^{b}[[POSTSUPERSCRIPT]] +[[ADDOP]] ∑[[SUMOP]] _{j=1}[[POSTSUBSCRIPT]] ^{n-1}[[POSTSUPERSCRIPT]] ρ[[UNKNOWN]] _{1}[[POSTSUBSCRIPT]] ^{(n-j)}[[POSTSUPERSCRIPT]] ρ[[UNKNOWN]] _{3}[[POSTSUBSCRIPT]] ^{(j)}[[POSTSUPERSCRIPT]] ∫[[INTOP]] d[[UNKNOWN]] ^{4}[[POSTSUPERSCRIPT]] y[[UNKNOWN]] i[[UNKNOWN]] \bar{\psi}[[UNKNOWN]] D[[UNKNOWN]] /[[MULOP]] ψ[[UNKNOWN]]
	        > \right][[CLOSE]]
Warning:not_parsed:UNKNOWN.POSTSUBSCRIPT.POSTSUPERSCRIPT>OPEN MathParser failed to match rule 'Anything'
	at 0301211.tex; line 1709 col 1 - line 1709 col 1
	In "$\displaystyle{\cal H}_{1}=-\sum_{j=1}^{n-1}\rho_{1}^{(n-j)}\rho_{1}^{(j)}\Big%
	{[}{\cal S}_{0}(\int d^{4}x\,A_{\mu}^{a}\frac{\delta}{\delta A_{\mu}^{a}}{\cal
	S%
	}_{0}(\int d^{4}y\,\hat{A}^{b*}_{\nu}A^{\nu b}))~{}~{}~{}~{}~{}~{}~{}~{}~{}-{%
	\cal S}_{0}\Big{(}\int d^{4}x\,\frac{1}{g^{2}}(\square A^{d}_{\rho}-\partial_{%
	\rho}(\partial A)^{d})A^{\rho d}\Big{)}~{}~{}~{}~{}~{}~{}~{}~{}~{}+{\cal S}_{0%
	}\Big{(}\int d^{4}x\,\frac{2}{g^{2}}\epsilon^{dlm}A^{l}_{\sigma}(\partial_{%
	\rho}A^{m}_{\sigma}-\partial_{\sigma}A^{m}_{\rho})A^{d}_{\rho}\Big{)}~{}~{}~{}%
	~{}~{}~{}~{}~{}~{}-{\cal S}_{0}\Big{(}\int d^{4}x\,\frac{1}{4g^{2}}\epsilon^{%
	vqk}\epsilon^{krd}A_{\sigma}^{q}A_{\sigma}^{r}A_{\rho}^{v}A_{\rho}^{d}\Big{)}%
	\Big{]}\@@ENDINLINEMATH"
	H[[UNKNOWN]] _{1}[[POSTSUBSCRIPT]] =[[RELOP]] -[[ADDOP]] ∑[[SUMOP]] _{j=1}[[POSTSUBSCRIPT]] ^{n-1}[[POSTSUPERSCRIPT]] ρ[[UNKNOWN]] _{1}[[POSTSUBSCRIPT]] ^{(n-j)}[[POSTSUPERSCRIPT]] ρ[[UNKNOWN]] _{1}[[POSTSUBSCRIPT]] ^{(j)}[[POSTSUPERSCRIPT]]
	        > [[[OPEN]] S[[UNKNOWN]] _{0}[[POSTSUBSCRIPT]] ([[OPEN]] ∫[[INTOP]] d[[UNKNOWN]] ^{4}[[POSTSUPERSCRIPT]] x[[UNKNOWN]] A[[UNKNOWN]] _{\mu}[[POSTSUBSCRIPT]] ^{a}[[POSTSUPERSCRIPT]] \frac{\delta}{\deltaA_{\mu}^{a}}[[UNKNOWN]] S[[UNKNOWN]] _{0}[[POSTSUBSCRIPT]] ([[OPEN]] ∫[[INTOP]] d[[UNKNOWN]] ^{4}[[POSTSUPERSCRIPT]] y[[UNKNOWN]] \hat{A}[[UNKNOWN]] ^{b*}[[POSTSUPERSCRIPT]] _{\nu}[[POSTSUBSCRIPT]] A[[UNKNOWN]] ^{\nub}[[POSTSUPERSCRIPT]] )[[CLOSE]] )[[CLOSE]] $\displaystyle{\calH}_{1}=-\sum_{j=1}^{n-1}\rho_{1}^{(n-j)}\rho_{1}^{(j)}\Big{[}{\calS}_{0}(\intd^{4}x\,A_{\mu}^{a}\frac{\delta}{\deltaA_{\mu}^{a}}{\calS}_{0}(\intd^{4}y\,\hat{A}^{b*}_{\nu}A^{\nub}))~{}~{}~{}~{}~{}~{}~{}~{}~{}-{\calS}_{0}\Big{(}\intd^{4}x\,\frac{1}{g^{2}}(\squareA^{d}_{\rho}-\partial_{\rho}(\partialA)^{d})A^{\rhod}\Big{)}~{}~{}~{}~{}~{}~{}~{}~{}~{}+{\calS}_{0}\Big{(}\intd^{4}x\,\frac{2}{g^{2}}\epsilon^{dlm}A^{l}_{\sigma}(\partial_{\rho}A^{m}_{\sigma}-\partial_{\sigma}A^{m}_{\rho})A^{d}_{\rho}\Big{)}~{}~{}~{}~{}~{}~{}~{}~{}~{}-{\calS}_{0}\Big{(}\intd^{4}x\,\frac{1}{4g^{2}}\epsilon^{vqk}\epsilon^{krd}A_{\sigma}^{q}A_{\sigma}^{r}A_{\rho}^{v}A_{\rho}^{d}\Big{)}\Big{]}\@@ENDINLINEMATH[[PUNCT]] -[[ADDOP]] S[[UNKNOWN]] _{0}[[POSTSUBSCRIPT]] ([[OPEN]] ∫[[INTOP]] d[[UNKNOWN]] ^{4}[[POSTSUPERSCRIPT]] x[[UNKNOWN]] \frac{1}{g^{2}}[[UNKNOWN]] ([[OPEN]] □[[UNKNOWN]] A[[UNKNOWN]] ^{d}[[POSTSUPERSCRIPT]] _{\rho}[[POSTSUBSCRIPT]] -[[ADDOP]] ∂[[OPERATOR]] _{\rho}[[POSTSUBSCRIPT]] ([[OPEN]] ∂[[OPERATOR]] A[[UNKNOWN]] )[[CLOSE]] ^{d}[[POSTSUPERSCRIPT]] )[[CLOSE]] A[[UNKNOWN]] ...
Warning:not_parsed:UNKNOWN.POSTSUBSCRIPT.POSTSUPERSCRIPT>OPEN MathParser failed to match rule 'Anything'
	at 0301211.tex; line 1709 col 18 - line 1714 col 1
	In "$\displaystyle-\sum_{j=1}^{n-1}\rho_{1}^{(n-j)}\rho_{1}^{(j)}\Big{[}{\cal S}_{%
	0}(\int d^{4}x\,A_{\mu}^{a}\frac{\delta}{\delta A_{\mu}^{a}}{\cal S}_{0}(\int d%
	^{4}y\,\hat{A}^{b*}_{\nu}A^{\nu b}))$"
	-[[ADDOP]] ∑[[SUMOP]] _{j=1}[[POSTSUBSCRIPT]] ^{n-1}[[POSTSUPERSCRIPT]] ρ[[UNKNOWN]] _{1}[[POSTSUBSCRIPT]] ^{(n-j)}[[POSTSUPERSCRIPT]] ρ[[UNKNOWN]] _{1}[[POSTSUBSCRIPT]] ^{(j)}[[POSTSUPERSCRIPT]]
	        > [[[OPEN]] S[[UNKNOWN]] _{0}[[POSTSUBSCRIPT]] ([[OPEN]] ∫[[INTOP]] d[[UNKNOWN]] ^{4}[[POSTSUPERSCRIPT]] x[[UNKNOWN]] A[[UNKNOWN]] _{\mu}[[POSTSUBSCRIPT]] ^{a}[[POSTSUPERSCRIPT]] \frac{\delta}{\deltaA_{\mu}^{a}}[[UNKNOWN]] S[[UNKNOWN]] _{0}[[POSTSUBSCRIPT]] ([[OPEN]] ∫[[INTOP]] d[[UNKNOWN]] ^{4}[[POSTSUPERSCRIPT]] y[[UNKNOWN]] \hat{A}[[UNKNOWN]] ^{b*}[[POSTSUPERSCRIPT]] _{\nu}[[POSTSUBSCRIPT]] A[[UNKNOWN]] ^{\nub}[[POSTSUPERSCRIPT]] )[[CLOSE]] )[[CLOSE]]
Warning:not_parsed:ADDOP.UNKNOWN.POSTSUBSCRIPT>OPEN MathParser failed to match rule 'Anything'
	at 0301211.tex; line 1715 col 1 - line 1717 col 1
	In "$\displaystyle~{}~{}~{}~{}~{}~{}~{}~{}~{}-{\cal S}_{0}\Big{(}\int d^{4}x\,%
	\frac{1}{g^{2}}(\square A^{d}_{\rho}-\partial_{\rho}(\partial A)^{d})A^{\rho d%
	}\Big{)}$"
	-[[ADDOP]] S[[UNKNOWN]] _{0}[[POSTSUBSCRIPT]]
	        > ([[OPEN]] ∫[[INTOP]] d[[UNKNOWN]] ^{4}[[POSTSUPERSCRIPT]] x[[UNKNOWN]] \frac{1}{g^{2}}[[UNKNOWN]] ([[OPEN]] □[[UNKNOWN]] A[[UNKNOWN]] ^{d}[[POSTSUPERSCRIPT]] _{\rho}[[POSTSUBSCRIPT]] -[[ADDOP]] ∂[[OPERATOR]] _{\rho}[[POSTSUBSCRIPT]] ([[OPEN]] ∂[[OPERATOR]] A[[UNKNOWN]] )[[CLOSE]] ^{d}[[POSTSUPERSCRIPT]] )[[CLOSE]] A[[UNKNOWN]] ^{\rhod}[[POSTSUPERSCRIPT]] )[[CLOSE]]
Warning:not_parsed:POSTSUBSCRIPT.POSTSUPERSCRIPT.CLOSE>CLOSE MathParser failed to match rule 'Anything'
	at 0301211.tex; line 1723 col 1 - line 1727 col 6
	In "$\displaystyle~{}~{}~{}~{}~{}~{}~{}~{}~{}-{\cal S}_{0}\Big{(}\int d^{4}x\,%
	\frac{1}{4g^{2}}\epsilon^{vqk}\epsilon^{krd}A_{\sigma}^{q}A_{\sigma}^{r}A_{%
	\rho}^{v}A_{\rho}^{d}\Big{)}\Big{]}$"
	-[[ADDOP]] S[[UNKNOWN]] _{0}[[POSTSUBSCRIPT]] ([[OPEN]] ∫[[INTOP]] d[[UNKNOWN]] ^{4}[[POSTSUPERSCRIPT]] x[[UNKNOWN]] \frac{1}{4g^{2}}[[UNKNOWN]] ϵ[[UNKNOWN]] ^{vqk}[[POSTSUPERSCRIPT]] ϵ[[UNKNOWN]] ^{krd}[[POSTSUPERSCRIPT]] A[[UNKNOWN]] _{\sigma}[[POSTSUBSCRIPT]] ^{q}[[POSTSUPERSCRIPT]] A[[UNKNOWN]] _{\sigma}[[POSTSUBSCRIPT]] ^{r}[[POSTSUPERSCRIPT]] A[[UNKNOWN]] _{\rho}[[POSTSUBSCRIPT]] ^{v}[[POSTSUPERSCRIPT]] A[[UNKNOWN]] _{\rho}[[POSTSUBSCRIPT]] ^{d}[[POSTSUPERSCRIPT]] )[[CLOSE]]
	        > ][[CLOSE]]
Warning:not_parsed:UNKNOWN.POSTSUBSCRIPT.POSTSUPERSCRIPT>OPEN MathParser failed to match rule 'Anything'
	at 0301211.tex; line 1733 col 6 - line 1733 col 6
	In "$\displaystyle\tilde{\zeta}_{\bf 0}^{(n)}=-\int d^{4}xA_{\mu}^{a}\frac{\delta}%
	{\delta A_{\mu}^{a}}\,\left[\sum_{j=1}^{n-1}\rho_{1}^{(n-j)}\lambda_{1}^{(j)}%
	\int d^{4}y\,G^{\rho\sigma b}G_{\rho\sigma}^{b}+\sum_{j=1}^{n-1}\rho_{1}^{(n-j%
	)}\rho_{3}^{(j)}\int d^{4}y\,i\bar{\psi}D\!\!\!\!/\psi\right]-\sum_{j=1}^{n-1}%
	\rho_{1}^{(n-j)}\rho_{1}^{(j)}\int d^{4}x\,A_{\mu}^{a}\frac{\delta}{\delta A_{%
	\mu}^{a}}{\cal S}_{0}(\int d^{4}y\,\hat{A}^{b*}_{\nu}A^{\nu b})+\sum_{j=1}^{n-%
	1}\rho_{1}^{(n-j)}\rho_{1}^{(j)}\Big{(}\int d^{4}x\,\frac{1}{g^{2}}(\square A^%
	{d}_{\rho}-\partial_{\rho}(\partial A)^{d})A^{\rho d}-\int d^{4}x\,\frac{2}{g^%
	{2}}\epsilon^{dlm}A^{l}_{\sigma}(\partial_{\rho}A^{m}_{\sigma}-\partial_{%
	\sigma}A^{m}_{\rho})A^{d}_{\rho}+\int d^{4}x\,\frac{1}{4g^{2}}\epsilon^{vqk}%
	\epsilon^{krd}A_{\sigma}^{q}A_{\sigma}^{r}A_{\rho}^{v}A_{\rho}^{d}\Big{)}\,.\@@ENDINLINEMATH"
	... d[[UNKNOWN]] ^{4}[[POSTSUPERSCRIPT]] y[[UNKNOWN]] i[[UNKNOWN]] \bar{\psi}[[UNKNOWN]] D[[UNKNOWN]] /[[MULOP]] ψ[[UNKNOWN]] \right][[CLOSE]] -[[ADDOP]] ∑[[SUMOP]] _{j=1}[[POSTSUBSCRIPT]] ^{n-1}[[POSTSUPERSCRIPT]] ρ[[UNKNOWN]] _{1}[[POSTSUBSCRIPT]] ^{(n-j)}[[POSTSUPERSCRIPT]] ρ[[UNKNOWN]] _{1}[[POSTSUBSCRIPT]] ^{(j)}[[POSTSUPERSCRIPT]] ∫[[INTOP]] d[[UNKNOWN]] ^{4}[[POSTSUPERSCRIPT]] x[[UNKNOWN]] A[[UNKNOWN]] _{\mu}[[POSTSUBSCRIPT]] ^{a}[[POSTSUPERSCRIPT]] \frac{\delta}{\deltaA_{\mu}^{a}}[[UNKNOWN]] S[[UNKNOWN]] _{0}[[POSTSUBSCRIPT]] ([[OPEN]] ∫[[INTOP]] d[[UNKNOWN]] ^{4}[[POSTSUPERSCRIPT]] y[[UNKNOWN]] \hat{A}[[UNKNOWN]] ^{b*}[[POSTSUPERSCRIPT]] _{\nu}[[POSTSUBSCRIPT]] A[[UNKNOWN]] ^{\nub}[[POSTSUPERSCRIPT]] )[[CLOSE]] +[[ADDOP]] ∑[[SUMOP]] _{j=1}[[POSTSUBSCRIPT]] ^{n-1}[[POSTSUPERSCRIPT]] ρ[[UNKNOWN]] _{1}[[POSTSUBSCRIPT]] ^{(n-j)}[[POSTSUPERSCRIPT]] ρ[[UNKNOWN]] _{1}[[POSTSUBSCRIPT]] ^{(j)}[[POSTSUPERSCRIPT]]
	        > ([[OPEN]] ∫[[INTOP]] d[[UNKNOWN]] ^{4}[[POSTSUPERSCRIPT]] x[[UNKNOWN]] \frac{1}{g^{2}}[[UNKNOWN]] ([[OPEN]] □[[UNKNOWN]] A[[UNKNOWN]] ^{d}[[POSTSUPERSCRIPT]] _{\rho}[[POSTSUBSCRIPT]] -[[ADDOP]] ∂[[OPERATOR]] _{\rho}[[POSTSUBSCRIPT]] ([[OPEN]] ∂[[OPERATOR]] A[[UNKNOWN]] )[[CLOSE]] ^{d}[[POSTSUPERSCRIPT]] )[[CLOSE]] A[[UNKNOWN]] ^{\rhod}[[POSTSUPERSCRIPT]] -[[ADDOP]] ∫[[INTOP]] d[[UNKNOWN]] ^{4}[[POSTSUPERSCRIPT]] x[[UNKNOWN]] \frac{2}{g^{2}}[[UNKNOWN]] ϵ[[UNKNOWN]] ^{dlm}[[POSTSUPERSCRIPT]] A[[UNKNOWN]] ^{l}[[POSTSUPERSCRIPT]] _{\sigma}[[POSTSUBSCRIPT]] ([[OPEN]] ∂[[OPERATOR]] _{\rho}[[POSTSUBSCRIPT]] A[[UNKNOWN]] ^{m}[[POSTSUPERSCRIPT]] _{\sigma}[[POSTSUBSCRIPT]] -[[ADDOP]] ∂[[OPERATOR]] _{\sigma}[[POSTSUBSCRIPT]] A[[UNKNOWN]] ^{m}[[POSTSUPERSCRIPT]] _{\rho}[[POSTSUBSCRIPT]] )[[CLOSE]] A[[UNKNOWN]] ^{d}[[POSTSUPERSCRIPT]] _{\rho}[[POSTSUBSCRIPT]] +[[ADDOP]] ∫[[INTOP]] ...
Warning:not_parsed:UNKNOWN.POSTSUBSCRIPT.POSTSUPERSCRIPT>OPEN MathParser failed to match rule 'Anything'
	at 0301211.tex; line 1749 col 1 - line 1759 col 1
	In "$\displaystyle+\sum_{j=1}^{n-1}\rho_{1}^{(n-j)}\rho_{1}^{(j)}\Big{(}\int d^{4}%
	x\,\frac{1}{g^{2}}(\square A^{d}_{\rho}-\partial_{\rho}(\partial A)^{d})A^{%
	\rho d}-\int d^{4}x\,\frac{2}{g^{2}}\epsilon^{dlm}A^{l}_{\sigma}(\partial_{%
	\rho}A^{m}_{\sigma}-\partial_{\sigma}A^{m}_{\rho})A^{d}_{\rho}$"
	+[[ADDOP]] ∑[[SUMOP]] _{j=1}[[POSTSUBSCRIPT]] ^{n-1}[[POSTSUPERSCRIPT]] ρ[[UNKNOWN]] _{1}[[POSTSUBSCRIPT]] ^{(n-j)}[[POSTSUPERSCRIPT]] ρ[[UNKNOWN]] _{1}[[POSTSUBSCRIPT]] ^{(j)}[[POSTSUPERSCRIPT]]
	        > ([[OPEN]] ∫[[INTOP]] d[[UNKNOWN]] ^{4}[[POSTSUPERSCRIPT]] x[[UNKNOWN]] \frac{1}{g^{2}}[[UNKNOWN]] ([[OPEN]] □[[UNKNOWN]] A[[UNKNOWN]] ^{d}[[POSTSUPERSCRIPT]] _{\rho}[[POSTSUBSCRIPT]] -[[ADDOP]] ∂[[OPERATOR]] _{\rho}[[POSTSUBSCRIPT]] ([[OPEN]] ∂[[OPERATOR]] A[[UNKNOWN]] )[[CLOSE]] ^{d}[[POSTSUPERSCRIPT]] )[[CLOSE]] A[[UNKNOWN]] ^{\rhod}[[POSTSUPERSCRIPT]] -[[ADDOP]] ∫[[INTOP]] d[[UNKNOWN]] ^{4}[[POSTSUPERSCRIPT]] x[[UNKNOWN]] \frac{2}{g^{2}}[[UNKNOWN]] ϵ[[UNKNOWN]] ^{dlm}[[POSTSUPERSCRIPT]] A[[UNKNOWN]] ^{l}[[POSTSUPERSCRIPT]] _{\sigma}[[POSTSUBSCRIPT]] ([[OPEN]] ∂[[OPERATOR]] _{\rho}[[POSTSUBSCRIPT]] A[[UNKNOWN]] ^{m}[[POSTSUPERSCRIPT]] _{\sigma}[[POSTSUBSCRIPT]] -[[ADDOP]] ∂[[OPERATOR]] _{\sigma}[[POSTSUBSCRIPT]] A[[UNKNOWN]] ^{m}[[POSTSUPERSCRIPT]] _{\rho}[[POSTSUBSCRIPT]] )[[CLOSE]] A[[UNKNOWN]] ^{d}[[POSTSUPERSCRIPT]] _{\rho}[[POSTSUBSCRIPT]]
Warning:not_parsed:UNKNOWN.POSTSUBSCRIPT.POSTSUPERSCRIPT>CLOSE MathParser failed to match rule 'Anything'
	at 0301211.tex; line 1759 col 5 - line 1764 col 14
	In "$\displaystyle+\int d^{4}x\,\frac{1}{4g^{2}}\epsilon^{vqk}\epsilon^{krd}A_{%
	\sigma}^{q}A_{\sigma}^{r}A_{\rho}^{v}A_{\rho}^{d}\Big{)}\,.$"
	+[[ADDOP]] ∫[[INTOP]] d[[UNKNOWN]] ^{4}[[POSTSUPERSCRIPT]] x[[UNKNOWN]] \frac{1}{4g^{2}}[[UNKNOWN]] ϵ[[UNKNOWN]] ^{vqk}[[POSTSUPERSCRIPT]] ϵ[[UNKNOWN]] ^{krd}[[POSTSUPERSCRIPT]] A[[UNKNOWN]] _{\sigma}[[POSTSUBSCRIPT]] ^{q}[[POSTSUPERSCRIPT]] A[[UNKNOWN]] _{\sigma}[[POSTSUBSCRIPT]] ^{r}[[POSTSUPERSCRIPT]] A[[UNKNOWN]] _{\rho}[[POSTSUBSCRIPT]] ^{v}[[POSTSUPERSCRIPT]] A[[UNKNOWN]] _{\rho}[[POSTSUBSCRIPT]] ^{d}[[POSTSUPERSCRIPT]]
	        > )[[CLOSE]]
Warning:not_parsed:UNKNOWN.POSTSUBSCRIPT.POSTSUPERSCRIPT>OPEN MathParser failed to match rule 'Anything'
	at 0301211.tex; line 1770 col 1 - line 1770 col 1
	In "$\displaystyle t^{4}{\rm I}\!\Gamma^{(n)}=\lambda_{1}^{(n)}\int d^{4}x\,G_{\mu%
	\nu}^{a}G^{\mu\nu}_{a}+\rho_{3}^{(n)}\int d^{4}x\,i\bar{\psi}D\!\!\!\!/\psi+%
	\rho_{1}^{(n)}{\cal S}_{0}(\int d^{4}x\,\hat{A}^{a*}_{\mu}A^{a}_{\mu})+\int d^%
	{4}xA_{\mu}^{a}\frac{\delta}{\delta A_{\mu}^{a}}\,\left[\sum_{j=1}^{n-1}\rho_{%
	1}^{(n-j)}\lambda_{1}^{(j)}\int d^{4}y\,G^{\rho\sigma b}G_{\rho\sigma}^{b}+%
	\sum_{j=1}^{n-1}\rho_{1}^{(n-j)}\rho_{3}^{(j)}\int d^{4}y\,i\bar{\psi}D\!\!\!%
	\!/\psi\right]+\sum_{j=1}^{n-1}\rho_{1}^{(n-j)}\rho_{1}^{(j)}\int d^{4}x\,A_{%
	\mu}^{a}\frac{\delta}{\delta A_{\mu}^{a}}{\cal S}_{0}(\int d^{4}y\,\hat{A}^{b*%
	}_{\nu}A^{\nu b})-\sum_{j=1}^{n-1}\rho_{1}^{(n-j)}\rho_{1}^{(j)}\Big{(}\int d^%
	{4}x\,\frac{1}{g^{2}}(\square A^{d}_{\rho}-\partial_{\rho}(\partial A)^{d})A^{%
	\rho d}-\int d^{4}x\,\frac{2}{g^{2}}\epsilon^{dlm}A^{l}_{\sigma}(\partial_{%
	\rho}A^{m}_{\sigma}-\partial_{\sigma}A^{m}_{\rho})A^{d}_{\rho}+\int d^{4}x\,%
	\frac{1}{4g^{2}}\epsilon^{vqk}\epsilon^{krd}A_{\sigma}^{q}A_{\sigma}^{r}A_{%
	\rho}^{v}A_{\rho}^{d}\Big{)}\,.\@@ENDINLINEMATH"
	... d[[UNKNOWN]] ^{4}[[POSTSUPERSCRIPT]] y[[UNKNOWN]] i[[UNKNOWN]] \bar{\psi}[[UNKNOWN]] D[[UNKNOWN]] /[[MULOP]] ψ[[UNKNOWN]] \right][[CLOSE]] +[[ADDOP]] ∑[[SUMOP]] _{j=1}[[POSTSUBSCRIPT]] ^{n-1}[[POSTSUPERSCRIPT]] ρ[[UNKNOWN]] _{1}[[POSTSUBSCRIPT]] ^{(n-j)}[[POSTSUPERSCRIPT]] ρ[[UNKNOWN]] _{1}[[POSTSUBSCRIPT]] ^{(j)}[[POSTSUPERSCRIPT]] ∫[[INTOP]] d[[UNKNOWN]] ^{4}[[POSTSUPERSCRIPT]] x[[UNKNOWN]] A[[UNKNOWN]] _{\mu}[[POSTSUBSCRIPT]] ^{a}[[POSTSUPERSCRIPT]] \frac{\delta}{\deltaA_{\mu}^{a}}[[UNKNOWN]] S[[UNKNOWN]] _{0}[[POSTSUBSCRIPT]] ([[OPEN]] ∫[[INTOP]] d[[UNKNOWN]] ^{4}[[POSTSUPERSCRIPT]] y[[UNKNOWN]] \hat{A}[[UNKNOWN]] ^{b*}[[POSTSUPERSCRIPT]] _{\nu}[[POSTSUBSCRIPT]] A[[UNKNOWN]] ^{\nub}[[POSTSUPERSCRIPT]] )[[CLOSE]] -[[ADDOP]] ∑[[SUMOP]] _{j=1}[[POSTSUBSCRIPT]] ^{n-1}[[POSTSUPERSCRIPT]] ρ[[UNKNOWN]] _{1}[[POSTSUBSCRIPT]] ^{(n-j)}[[POSTSUPERSCRIPT]] ρ[[UNKNOWN]] _{1}[[POSTSUBSCRIPT]] ^{(j)}[[POSTSUPERSCRIPT]]
	        > ([[OPEN]] ∫[[INTOP]] d[[UNKNOWN]] ^{4}[[POSTSUPERSCRIPT]] x[[UNKNOWN]] \frac{1}{g^{2}}[[UNKNOWN]] ([[OPEN]] □[[UNKNOWN]] A[[UNKNOWN]] ^{d}[[POSTSUPERSCRIPT]] _{\rho}[[POSTSUBSCRIPT]] -[[ADDOP]] ∂[[OPERATOR]] _{\rho}[[POSTSUBSCRIPT]] ([[OPEN]] ∂[[OPERATOR]] A[[UNKNOWN]] )[[CLOSE]] ^{d}[[POSTSUPERSCRIPT]] )[[CLOSE]] A[[UNKNOWN]] ^{\rhod}[[POSTSUPERSCRIPT]] -[[ADDOP]] ∫[[INTOP]] d[[UNKNOWN]] ^{4}[[POSTSUPERSCRIPT]] x[[UNKNOWN]] \frac{2}{g^{2}}[[UNKNOWN]] ϵ[[UNKNOWN]] ^{dlm}[[POSTSUPERSCRIPT]] A[[UNKNOWN]] ^{l}[[POSTSUPERSCRIPT]] _{\sigma}[[POSTSUBSCRIPT]] ([[OPEN]] ∂[[OPERATOR]] _{\rho}[[POSTSUBSCRIPT]] A[[UNKNOWN]] ^{m}[[POSTSUPERSCRIPT]] _{\sigma}[[POSTSUBSCRIPT]] -[[ADDOP]] ∂[[OPERATOR]] _{\sigma}[[POSTSUBSCRIPT]] A[[UNKNOWN]] ^{m}[[POSTSUPERSCRIPT]] _{\rho}[[POSTSUBSCRIPT]] )[[CLOSE]] A[[UNKNOWN]] ^{d}[[POSTSUPERSCRIPT]] _{\rho}[[POSTSUBSCRIPT]] +[[ADDOP]] ∫[[INTOP]] ...
Warning:not_parsed:UNKNOWN.POSTSUBSCRIPT.POSTSUPERSCRIPT>OPEN MathParser failed to match rule 'Anything'
	at 0301211.tex; line 1791 col 1 - line 1801 col 1
	In "$\displaystyle-\sum_{j=1}^{n-1}\rho_{1}^{(n-j)}\rho_{1}^{(j)}\Big{(}\int d^{4}%
	x\,\frac{1}{g^{2}}(\square A^{d}_{\rho}-\partial_{\rho}(\partial A)^{d})A^{%
	\rho d}-\int d^{4}x\,\frac{2}{g^{2}}\epsilon^{dlm}A^{l}_{\sigma}(\partial_{%
	\rho}A^{m}_{\sigma}-\partial_{\sigma}A^{m}_{\rho})A^{d}_{\rho}$"
	-[[ADDOP]] ∑[[SUMOP]] _{j=1}[[POSTSUBSCRIPT]] ^{n-1}[[POSTSUPERSCRIPT]] ρ[[UNKNOWN]] _{1}[[POSTSUBSCRIPT]] ^{(n-j)}[[POSTSUPERSCRIPT]] ρ[[UNKNOWN]] _{1}[[POSTSUBSCRIPT]] ^{(j)}[[POSTSUPERSCRIPT]]
	        > ([[OPEN]] ∫[[INTOP]] d[[UNKNOWN]] ^{4}[[POSTSUPERSCRIPT]] x[[UNKNOWN]] \frac{1}{g^{2}}[[UNKNOWN]] ([[OPEN]] □[[UNKNOWN]] A[[UNKNOWN]] ^{d}[[POSTSUPERSCRIPT]] _{\rho}[[POSTSUBSCRIPT]] -[[ADDOP]] ∂[[OPERATOR]] _{\rho}[[POSTSUBSCRIPT]] ([[OPEN]] ∂[[OPERATOR]] A[[UNKNOWN]] )[[CLOSE]] ^{d}[[POSTSUPERSCRIPT]] )[[CLOSE]] A[[UNKNOWN]] ^{\rhod}[[POSTSUPERSCRIPT]] -[[ADDOP]] ∫[[INTOP]] d[[UNKNOWN]] ^{4}[[POSTSUPERSCRIPT]] x[[UNKNOWN]] \frac{2}{g^{2}}[[UNKNOWN]] ϵ[[UNKNOWN]] ^{dlm}[[POSTSUPERSCRIPT]] A[[UNKNOWN]] ^{l}[[POSTSUPERSCRIPT]] _{\sigma}[[POSTSUBSCRIPT]] ([[OPEN]] ∂[[OPERATOR]] _{\rho}[[POSTSUBSCRIPT]] A[[UNKNOWN]] ^{m}[[POSTSUPERSCRIPT]] _{\sigma}[[POSTSUBSCRIPT]] -[[ADDOP]] ∂[[OPERATOR]] _{\sigma}[[POSTSUBSCRIPT]] A[[UNKNOWN]] ^{m}[[POSTSUPERSCRIPT]] _{\rho}[[POSTSUBSCRIPT]] )[[CLOSE]] A[[UNKNOWN]] ^{d}[[POSTSUPERSCRIPT]] _{\rho}[[POSTSUBSCRIPT]]
Warning:not_parsed:UNKNOWN.POSTSUBSCRIPT.POSTSUPERSCRIPT>CLOSE MathParser failed to match rule 'Anything'
	at 0301211.tex; line 1801 col 5 - line 1806 col 14
	In "$\displaystyle+\int d^{4}x\,\frac{1}{4g^{2}}\epsilon^{vqk}\epsilon^{krd}A_{%
	\sigma}^{q}A_{\sigma}^{r}A_{\rho}^{v}A_{\rho}^{d}\Big{)}\,.$"
	+[[ADDOP]] ∫[[INTOP]] d[[UNKNOWN]] ^{4}[[POSTSUPERSCRIPT]] x[[UNKNOWN]] \frac{1}{4g^{2}}[[UNKNOWN]] ϵ[[UNKNOWN]] ^{vqk}[[POSTSUPERSCRIPT]] ϵ[[UNKNOWN]] ^{krd}[[POSTSUPERSCRIPT]] A[[UNKNOWN]] _{\sigma}[[POSTSUBSCRIPT]] ^{q}[[POSTSUPERSCRIPT]] A[[UNKNOWN]] _{\sigma}[[POSTSUBSCRIPT]] ^{r}[[POSTSUPERSCRIPT]] A[[UNKNOWN]] _{\rho}[[POSTSUBSCRIPT]] ^{v}[[POSTSUPERSCRIPT]] A[[UNKNOWN]] _{\rho}[[POSTSUBSCRIPT]] ^{d}[[POSTSUPERSCRIPT]]
	        > )[[CLOSE]]
Warning:not_parsed:OPEN.UNKNOWN> MathParser failed to match rule 'Subscript'
	at 0301211.tex; line 1998 col 17 - line 1998 col 17
	In "$\displaystyle\kappa=\int_{0}^{1}dt\left(A_{\mu}^{a}\lambda_{t}\frac{\partial}%
	{\partial(\partial_{\mu}\omega^{a})}+\partial_{(\mu}A_{\nu)}^{a}\lambda_{t}%
	\frac{\partial}{\partial(\partial_{\mu}\partial_{\nu}\omega^{a})}+\partial_{(%
	\mu}\partial_{\nu}A^{a}_{\sigma)}\lambda_{t}\frac{\partial}{\partial(\partial_%
	{\mu}\partial_{\nu}\partial_{\sigma}\omega^{a})}+\dots\right)\@@ENDINLINEMATH"
	([[OPEN]] μ[[UNKNOWN]]
	        > 
Warning:not_parsed:UNKNOWN>CLOSE MathParser failed to match rule 'Subscript'
	at 0301211.tex; line 1998 col 27 - line 1998 col 27
	ν[[UNKNOWN]]
	        > )[[CLOSE]]
Warning:not_parsed:OPEN.UNKNOWN> MathParser failed to match rule 'Subscript'
	at 0301211.tex; line 2000 col 17 - line 2000 col 17
	([[OPEN]] μ[[UNKNOWN]]
	        > 
Warning:not_parsed:UNKNOWN>CLOSE MathParser failed to match rule 'Subscript'
	at 0301211.tex; line 2000 col 44 - line 2000 col 44
	σ[[UNKNOWN]]
	        > )[[CLOSE]]
Warning:not_parsed:OPEN.UNKNOWN> MathParser failed to match rule 'Subscript'
	at 0301211.tex; line 1998 col 17 - line 1998 col 17
	In "$\displaystyle\kappa=\int_{0}^{1}dt\left(A_{\mu}^{a}\lambda_{t}\frac{\partial}%
	{\partial(\partial_{\mu}\omega^{a})}+\partial_{(\mu}A_{\nu)}^{a}\lambda_{t}%
	\frac{\partial}{\partial(\partial_{\mu}\partial_{\nu}\omega^{a})}+\partial_{(%
	\mu}\partial_{\nu}A^{a}_{\sigma)}\lambda_{t}\frac{\partial}{\partial(\partial_%
	{\mu}\partial_{\nu}\partial_{\sigma}\omega^{a})}+\dots\right)$"
	([[OPEN]] μ[[UNKNOWN]]
	        > 
Warning:not_parsed:UNKNOWN>CLOSE MathParser failed to match rule 'Subscript'
	at 0301211.tex; line 1998 col 27 - line 1998 col 27
	ν[[UNKNOWN]]
	        > )[[CLOSE]]
Warning:not_parsed:OPEN.UNKNOWN> MathParser failed to match rule 'Subscript'
	at 0301211.tex; line 2000 col 17 - line 2000 col 17
	([[OPEN]] μ[[UNKNOWN]]
	        > 
Warning:not_parsed:UNKNOWN>CLOSE MathParser failed to match rule 'Subscript'
	at 0301211.tex; line 2000 col 44 - line 2000 col 44
	σ[[UNKNOWN]]
	        > )[[CLOSE]]
Warning:not_parsed:OPEN.UNKNOWN.POSTSUBSCRIPT> MathParser failed to match rule 'Subscript'
	at 0301211.tex; line 2013 col 21 - line 2013 col 21
	In "$\displaystyle\lambda_{t}X(\omega^{a},F^{a}_{\mu\nu},\partial^{\sigma}F^{a}_{%
	\mu\nu},\partial^{\sigma}\omega^{a},A^{\mu}_{a},\partial_{\mu_{1}}\dots%
	\partial_{\mu_{n-2}}\partial_{(\mu_{n-1}}A^{a}_{\mu_{n})})\@@ENDINLINEMATH"
	([[OPEN]] μ[[UNKNOWN]] _{n-1}[[POSTSUBSCRIPT]]
	        > 
Warning:not_parsed:UNKNOWN.POSTSUBSCRIPT>CLOSE MathParser failed to match rule 'Subscript'
	at 0301211.tex; line 2013 col 35 - line 2013 col 35
	μ[[UNKNOWN]] _{n}[[POSTSUBSCRIPT]]
	        > )[[CLOSE]]
Warning:not_parsed:OPEN.UNKNOWN.POSTSUBSCRIPT> MathParser failed to match rule 'Subscript'
	at 0301211.tex; line 2013 col 21 - line 2013 col 21
	In "$\displaystyle\lambda_{t}X(\omega^{a},F^{a}_{\mu\nu},\partial^{\sigma}F^{a}_{%
	\mu\nu},\partial^{\sigma}\omega^{a},A^{\mu}_{a},\partial_{\mu_{1}}\dots%
	\partial_{\mu_{n-2}}\partial_{(\mu_{n-1}}A^{a}_{\mu_{n})})$"
	([[OPEN]] μ[[UNKNOWN]] _{n-1}[[POSTSUBSCRIPT]]
	        > 
Warning:not_parsed:UNKNOWN.POSTSUBSCRIPT>CLOSE MathParser failed to match rule 'Subscript'
	at 0301211.tex; line 2013 col 35 - line 2013 col 35
	μ[[UNKNOWN]] _{n}[[POSTSUBSCRIPT]]
	        > )[[CLOSE]]
Warning:not_parsed:OPEN.UNKNOWN.POSTSUBSCRIPT> MathParser failed to match rule 'Subscript'
	at 0301211.tex; line 2018 col 21 - line 2018 col 21
	In "$\displaystyle~{}~{}~{}~{}~{}~{}~{}~{}~{}=X(\omega^{a},F^{a}_{\mu\nu},\partial%
	^{\sigma}F^{a}_{\mu\nu},t\partial^{\sigma}\omega^{a},tA^{\mu}_{a},t\partial_{%
	\mu_{1}}\dots\partial_{\mu_{n-2}}\partial_{(\mu_{n-1}}A^{a}_{\mu_{n})})\@@ENDINLINEMATH"
	([[OPEN]] μ[[UNKNOWN]] _{n-1}[[POSTSUBSCRIPT]]
	        > 
Warning:not_parsed:UNKNOWN.POSTSUBSCRIPT>CLOSE MathParser failed to match rule 'Subscript'
	at 0301211.tex; line 2018 col 35 - line 2018 col 35
	μ[[UNKNOWN]] _{n}[[POSTSUBSCRIPT]]
	        > )[[CLOSE]]
Warning:not_parsed:OPEN.UNKNOWN.POSTSUBSCRIPT> MathParser failed to match rule 'Subscript'
	at 0301211.tex; line 2018 col 21 - line 2018 col 21
	In "$\displaystyle~{}~{}~{}~{}~{}~{}~{}~{}~{}=X(\omega^{a},F^{a}_{\mu\nu},\partial%
	^{\sigma}F^{a}_{\mu\nu},t\partial^{\sigma}\omega^{a},tA^{\mu}_{a},t\partial_{%
	\mu_{1}}\dots\partial_{\mu_{n-2}}\partial_{(\mu_{n-1}}A^{a}_{\mu_{n})})$"
	([[OPEN]] μ[[UNKNOWN]] _{n-1}[[POSTSUBSCRIPT]]
	        > 
Warning:not_parsed:UNKNOWN.POSTSUBSCRIPT>CLOSE MathParser failed to match rule 'Subscript'
	at 0301211.tex; line 2018 col 35 - line 2018 col 35
	μ[[UNKNOWN]] _{n}[[POSTSUBSCRIPT]]
	        > )[[CLOSE]]
Warning:not_parsed:RELOP.ADDOP.ATOM>OPEN MathParser failed to match rule 'Anything'
	at 0301211.tex; line 2039 col 6 - line 2039 col 6
	In "$\displaystyle\Delta^{\prime}_{1}=-\frac{1}{g^{2}}(\square A^{d}_{\rho}-%
	\partial_{\rho}(\partial A)^{d})\partial^{\rho}\omega^{d}\,,\@@ENDINLINEMATH"
	Δ[[UNKNOWN]] ^{\prime}[[POSTSUPERSCRIPT]] _{1}[[POSTSUBSCRIPT]] =[[RELOP]] -[[ADDOP]] \frac{1}{g^{2}}[[UNKNOWN]]
	        > ([[OPEN]] □[[UNKNOWN]] A[[UNKNOWN]] ^{d}[[POSTSUPERSCRIPT]] _{\rho}[[POSTSUBSCRIPT]] -[[ADDOP]] ∂[[OPERATOR]] _{\rho}[[POSTSUBSCRIPT]] ([[OPEN]] ∂[[OPERATOR]] A[[UNKNOWN]] )[[CLOSE]] ^{d}[[POSTSUPERSCRIPT]] )[[CLOSE]] ∂[[OPERATOR]] ^{\rho}[[POSTSUPERSCRIPT]] ω[[UNKNOWN]] ^{d}[[POSTSUPERSCRIPT]]
Warning:not_parsed:ADDOP.ATOM>OPEN MathParser failed to match rule 'Anything'
	at 0301211.tex; line 2039 col 17 - line 2041 col 6
	In "$\displaystyle-\frac{1}{g^{2}}(\square A^{d}_{\rho}-\partial_{\rho}(\partial A%
	)^{d})\partial^{\rho}\omega^{d}\,,$"
	-[[ADDOP]] \frac{1}{g^{2}}[[UNKNOWN]]
	        > ([[OPEN]] □[[UNKNOWN]] A[[UNKNOWN]] ^{d}[[POSTSUPERSCRIPT]] _{\rho}[[POSTSUBSCRIPT]] -[[ADDOP]] ∂[[OPERATOR]] _{\rho}[[POSTSUBSCRIPT]] ([[OPEN]] ∂[[OPERATOR]] A[[UNKNOWN]] )[[CLOSE]] ^{d}[[POSTSUPERSCRIPT]] )[[CLOSE]] ∂[[OPERATOR]] ^{\rho}[[POSTSUPERSCRIPT]] ω[[UNKNOWN]] ^{d}[[POSTSUPERSCRIPT]]
Warning:not_parsed:POSTSUPERSCRIPT.UNKNOWN.ATOM>OPEN MathParser failed to match rule 'Anything'
	at 0301211.tex; line 2117 col 6 - line 2117 col 6
	In "$\displaystyle\tilde{\zeta}^{\prime}=-\int d^{4}x\,\frac{1}{g^{2}}(\square A^{%
	d}_{\rho}-\partial_{\rho}(\partial A)^{d})A^{\rho d}+\int d^{4}x\,\frac{2}{g^{%
	2}}\epsilon^{dlm}A^{l}_{\sigma}(\partial_{\rho}A^{m}_{\sigma}-\partial_{\sigma%
	}A^{m}_{\rho})A^{d}_{\rho}-\int d^{4}x\,\frac{1}{4g^{2}}\epsilon^{vqk}\epsilon%
	^{krd}A_{\sigma}^{q}A_{\sigma}^{r}A_{\rho}^{v}A_{\rho}^{d}\,.\@@ENDINLINEMATH"
	\tilde{\zeta}[[UNKNOWN]] ^{\prime}[[POSTSUPERSCRIPT]] =[[RELOP]] -[[ADDOP]] ∫[[INTOP]] d[[UNKNOWN]] ^{4}[[POSTSUPERSCRIPT]] x[[UNKNOWN]] \frac{1}{g^{2}}[[UNKNOWN]]
	        > ([[OPEN]] □[[UNKNOWN]] A[[UNKNOWN]] ^{d}[[POSTSUPERSCRIPT]] _{\rho}[[POSTSUBSCRIPT]] -[[ADDOP]] ∂[[OPERATOR]] _{\rho}[[POSTSUBSCRIPT]] ([[OPEN]] ∂[[OPERATOR]] A[[UNKNOWN]] )[[CLOSE]] ^{d}[[POSTSUPERSCRIPT]] )[[CLOSE]] A[[UNKNOWN]] ^{\rhod}[[POSTSUPERSCRIPT]] +[[ADDOP]] ∫[[INTOP]] d[[UNKNOWN]] ^{4}[[POSTSUPERSCRIPT]] x[[UNKNOWN]] \frac{2}{g^{2}}[[UNKNOWN]] ϵ[[UNKNOWN]] ^{dlm}[[POSTSUPERSCRIPT]] A[[UNKNOWN]] ^{l}[[POSTSUPERSCRIPT]] _{\sigma}[[POSTSUBSCRIPT]] ([[OPEN]] ∂[[OPERATOR]] _{\rho}[[POSTSUBSCRIPT]] A[[UNKNOWN]] ^{m}[[POSTSUPERSCRIPT]] _{\sigma}[[POSTSUBSCRIPT]] -[[ADDOP]] ∂[[OPERATOR]] _{\sigma}[[POSTSUBSCRIPT]] A[[UNKNOWN]] ^{m}[[POSTSUPERSCRIPT]] _{\rho}[[POSTSUBSCRIPT]] )[[CLOSE]] A[[UNKNOWN]] ^{d}[[POSTSUPERSCRIPT]] _{\rho}[[POSTSUBSCRIPT]] -[[ADDOP]] ∫[[INTOP]] d[[UNKNOWN]] ^{4}[[POSTSUPERSCRIPT]] x[[UNKNOWN]] \frac{1}{4g^{2}}[[UNKNOWN]] ϵ[[UNKNOWN]] ^{vqk}[[POSTSUPERSCRIPT]] ...
Warning:not_parsed:POSTSUPERSCRIPT.UNKNOWN.ATOM>OPEN MathParser failed to match rule 'Anything'
	at 0301211.tex; line 2117 col 22 - line 2119 col 1
	In "$\displaystyle-\int d^{4}x\,\frac{1}{g^{2}}(\square A^{d}_{\rho}-\partial_{%
	\rho}(\partial A)^{d})A^{\rho d}$"
	-[[ADDOP]] ∫[[INTOP]] d[[UNKNOWN]] ^{4}[[POSTSUPERSCRIPT]] x[[UNKNOWN]] \frac{1}{g^{2}}[[UNKNOWN]]
	        > ([[OPEN]] □[[UNKNOWN]] A[[UNKNOWN]] ^{d}[[POSTSUPERSCRIPT]] _{\rho}[[POSTSUBSCRIPT]] -[[ADDOP]] ∂[[OPERATOR]] _{\rho}[[POSTSUBSCRIPT]] ([[OPEN]] ∂[[OPERATOR]] A[[UNKNOWN]] )[[CLOSE]] ^{d}[[POSTSUPERSCRIPT]] )[[CLOSE]] A[[UNKNOWN]] ^{\rhod}[[POSTSUPERSCRIPT]]
 55.49 sec)
Math parsing succeeded:
   ltx:XMArg: 4107/4131
   ltx:XMath: 758/788
Symbols assumed as simple identifiers (with # of occurences):
   'A{caligraphic}' (10), 'A{italic}' (440), 'B{italic}' (35), 'C{italic}' (10), 'Delta' (75), 'D{italic}' (56), 'F{italic}' (21), 'Gamma' (297), 'G{italic}' (67), 'H{caligraphic}' (33), 'H{italic}' (30), 'I' (215), 'I{caligraphic}' (5), 'J{caligraphic}' (10), 'K{caligraphic}' (55), 'Lambda' (27), 'M{caligraphic}' (26), 'N{bold}' (2), 'N{caligraphic}' (10), 'Phi' (21), 'P{italic}' (1), 'Q{caligraphic}' (3), 'R{italic}' (13), 'Sigma' (12), 'S{caligraphic}' (223), 'S{italic}' (1), 'T{italic}' (25), 'U{italic}' (1), 'Xi' (14), 'X{italic}' (9), 'Y{italic}' (4), 'alpha' (13), 'a{italic}' (94), 'beta' (13), 'b{italic}' (98), 'c{italic}' (38), 'delta' (322), 'dim' (2), 'd{italic}' (298), 'epsilon' (88), 'eta' (26), 'gamma' (17), 'g{italic}' (52), 'h{italic}' (20), 'i{italic}' (67), 'j{italic}' (273), 'kappa' (4), 'k{italic}' (53), 'lambda' (65), 'l{italic}' (16), 'mu' (87), 'm{italic}' (30), 'nu' (67), 'n{italic}' (434), 'omega' (173), 'psi' (71), 'q{italic}' (12), 'rho' (200), 'r{italic}' (28), 'sigma' (46), 'square' (20), 's{italic}' (117), 'tau' (14), 't{italic}' (98), 'varphi' (19), 'v{italic}' (10), 'xi' (20), 'x{italic}' (231), 'y{italic}' (75), 'z{italic}' (4)
Set MATHPARSER_SPECULATE to speculate on possible notations.
(Finalizing... 3.85 sec)
Conversion complete 54 warnings (See /home/user/latex-in-arxiv/0301211.latexml.log) (reqd. 1m 25.53s)
