latexml (LaTeXML version 0.8.6) processing 2003/0301164.tex
(Digesting TeX 0301164...
(Loading /usr/share/perl5/LaTeXML/Package/TeX.pool.ltxml...
(Loading /usr/share/perl5/LaTeXML/Package/eTeX.pool.ltxml... 0.00 sec)
(Loading /usr/share/perl5/LaTeXML/Package/pdfTeX.pool.ltxml... 0.01 sec) 0.13 sec)
(Processing content /home/user/latex-in-arxiv/2003/0301164.tex...
(Loading /usr/share/perl5/LaTeXML/Package/LaTeX.pool.ltxml...
(Loading /usr/share/perl5/LaTeXML/Package/textcomp.sty.ltxml...
(Processing definitions /usr/share/texlive/texmf-dist/tex/latex-dev/base/ts1enc.dfu... 0.02 sec) 0.90 sec) 1.07 sec)
(Loading /usr/share/perl5/LaTeXML/Package/article.cls.ltxml... 0.01 sec)
(Loading /usr/share/perl5/LaTeXML/Package/amsmath.sty.ltxml...
(Loading /usr/share/perl5/LaTeXML/Package/amsbsy.sty.ltxml...
(Loading /usr/share/perl5/LaTeXML/Package/amsgen.sty.ltxml... 0.00 sec) 0.01 sec)
(Loading /usr/share/perl5/LaTeXML/Package/amstext.sty.ltxml... 0.00 sec)
(Loading /usr/share/perl5/LaTeXML/Package/amsopn.sty.ltxml... 0.00 sec) 0.04 sec)
(Loading /usr/share/perl5/LaTeXML/Package/amssymb.sty.ltxml...
(Loading /usr/share/perl5/LaTeXML/Package/amsfonts.sty.ltxml... 0.00 sec) 0.02 sec)
(Loading /usr/share/perl5/LaTeXML/Package/cite.sty.ltxml... 0.00 sec)
Info:unexpected:titlepage When using titlepage, Frontmatter will not be well-structured
	at 0301164.tex; line 158 col 0 - line 158 col 17
 15.62 sec) 15.83 sec)
(Building...
(Loading compiled schema /usr/share/perl5/LaTeXML/resources/RelaxNG/LaTeXML.model... 0.01 sec) 32.03 sec)
(Rewriting... 1.26 sec)
(Math Parsing 2066 formulae ......
Warning:not_parsed:NUMBER.CLOSE.POSTSUBSCRIPT>MULOP MathParser failed to match rule 'Anything'
	at 0301164.tex; line 773 col 37 - line 773 col 51
	In "$SO(1)_{1}\times$"
	S[[UNKNOWN]] O[[UNKNOWN]] ([[OPEN]] 1[[NUMBER]] )[[CLOSE]] _{1}[[POSTSUBSCRIPT]]
	        > ×[[MULOP]]
Warning:not_parsed:>OPEN MathParser failed to match rule 'Anything'
	at 0301164.tex; line 1166 col 22 - line 1166 col 27
	In "$(~{},~{})$"
	> ([[OPEN]] ,[[PUNCT]] )[[CLOSE]]
Warning:not_parsed:>OPEN MathParser failed to match rule 'Anything'
	at 0301164.tex; line 1167 col 2 - line 1167 col 9
	In "$(~{},~{})_{i}$"
	> ([[OPEN]] ,[[PUNCT]] )[[CLOSE]] _{i}[[POSTSUBSCRIPT]]
Warning:not_parsed:>OPEN MathParser failed to match rule 'Anything'
	at 0301164.tex; line 1171 col 33 - line 1171 col 38
	In "$(~{},~{})$"
	> ([[OPEN]] ,[[PUNCT]] )[[CLOSE]]
Warning:not_parsed:>OPEN MathParser failed to match rule 'Anything'
	at 0301164.tex; line 1171 col 45 - line 1171 col 52
	In "$(~{},~{})_{i}$"
	> ([[OPEN]] ,[[PUNCT]] )[[CLOSE]] _{i}[[POSTSUBSCRIPT]]
Warning:not_parsed:ATOM.MULOP.ATOM>PUNCT MathParser failed to match rule 'Anything'
	at 0301164.tex; line 1555 col 3 - line 1555 col 3
	In "$\displaystyle\mathbb{R}_{\phi}\times\psi^{\phi}\times{\cal M}\cong\mathbb{R}_%
	{\phi}\times\psi^{\phi}\times\frac{SU(2)_{k_{1}}\times SO(2)_{1}}{U(1)_{k_{1}+%
	2}}\times\frac{SU(2)_{k_{2}}\times SO(2)_{1}}{U(1)_{k_{2}+2}}\hskip 72.27pt%
	\times\frac{U(1)_{k_{1}+2}\times U(1)_{k_{2}+2}}{U(1)_{p^{2}(k_{1}+2)+q^{2}(k_%
	{2}+2)}}\times SO(1)_{1}\cong[\mathbb{R}_{\phi}\times\psi^{\phi}\times U(1)_{(%
	k_{1}+2)(k_{2}+2)\left\{p^{2}(k_{1}+2)+q^{2}(k_{2}+2)\right\}}\times SO(1)_{1}%
	]\times{\cal M}_{k_{1}}\times{\cal M}_{k_{2}}~{},\@@ENDINLINEMATH"
	R[[UNKNOWN]] _{\phi}[[POSTSUBSCRIPT]] ×[[MULOP]] ψ[[UNKNOWN]] ^{\phi}[[POSTSUPERSCRIPT]] ×[[MULOP]] M[[UNKNOWN]] ≅[[RELOP]] R[[UNKNOWN]] _{\phi}[[POSTSUBSCRIPT]] ×[[MULOP]] ψ[[UNKNOWN]] ^{\phi}[[POSTSUPERSCRIPT]] ×[[MULOP]] \frac{SU(2)_{k_{1}}\timesSO(2)_{1}}{U(1)_{k_{1}+2}}[[UNKNOWN]] ×[[MULOP]] \frac{SU(2)_{k_{2}}\timesSO(2)_{1}}{U(1)_{k_{2}+2}}[[UNKNOWN]]
	        > $\displaystyle\mathbb{R}_{\phi}\times\psi^{\phi}\times{\calM}\cong\mathbb{R}_{\phi}\times\psi^{\phi}\times\frac{SU(2)_{k_{1}}\timesSO(2)_{1}}{U(1)_{k_{1}+2}}\times\frac{SU(2)_{k_{2}}\timesSO(2)_{1}}{U(1)_{k_{2}+2}}\hskip72.27pt\times\frac{U(1)_{k_{1}+2}\timesU(1)_{k_{2}+2}}{U(1)_{p^{2}(k_{1}+2)+q^{2}(k_{2}+2)}}\timesSO(1)_{1}\cong[\mathbb{R}_{\phi}\times\psi^{\phi}\timesU(1)_{(k_{1}+2)(k_{2}+2)\left\{p^{2}(k_{1}+2)+q^{2}(k_{2}+2)\right\}}\timesSO(1)_{1}]\times{\calM}_{k_{1}}\times{\calM}_{k_{2}}~{},\@@ENDINLINEMATH[[PUNCT]] ×[[MULOP]] \frac{U(1)_{k_{1}+2}\timesU(1)_{k_{2}+2}}{U(1)_{p^{2}(k_{1}+2)+q^{2}(k_{2}+2)}}[[UNKNOWN]] ×[[MULOP]] S[[UNKNOWN]] O[[UNKNOWN]] ([[OPEN]] 1[[NUMBER]] )[[CLOSE]] _{1}[[POSTSUBSCRIPT]] ≅[[RELOP]] [[[OPEN]] R[[UNKNOWN]] _{\phi}[[POSTSUBSCRIPT]] ×[[MULOP]] ψ[[UNKNOWN]] ^{\phi}[[POSTSUPERSCRIPT]] ×[[MULOP]] U[[UNKNOWN]] ([[OPEN]] 1[[NUMBER]] )[[CLOSE]] _{(k_{1}+2)(k_{2}+2)\left\{p^{2}(k_{1}+2)+q^{2}(k_{2}+2)\right\}}[[POSTSUBSCRIPT]] ×[[MULOP]] S[[UNKNOWN]] O[[UNKNOWN]] ([[OPEN]] 1[[NUMBER]] )[[CLOSE]] _{1}[[POSTSUBSCRIPT]] ][[CLOSE]] ×[[MULOP]] M[[UNKNOWN]] _{k_{1}}[[POSTSUBSCRIPT]] ×[[MULOP]] M[[UNKNOWN]] _{k_{2}}[[POSTSUBSCRIPT]]
Warning:not_parsed:UNKNOWN.CLOSE.CLOSE>RELOP MathParser failed to match rule 'Anything'
	at 0301164.tex; line 1858 col 1 - line 1858 col 1
	In "$\displaystyle(E_{ii}-E_{jj},K(z))=:\chi^{*}_{i}\chi_{i}:-:\chi^{*}_{j}\chi_{j%
	}:~{},~{}~{}~{}(E_{ij},K(z))=\chi^{*}_{i}\chi_{j}~{}~{}~{}(i\neq j)~{},\@@ENDINLINEMATH"
	([[OPEN]] E[[UNKNOWN]] _{ii}[[POSTSUBSCRIPT]] -[[ADDOP]] E[[UNKNOWN]] _{jj}[[POSTSUBSCRIPT]] ,[[PUNCT]] K[[UNKNOWN]] ([[OPEN]] z[[UNKNOWN]] )[[CLOSE]] )[[CLOSE]]
	        > =[[RELOP]] :[[METARELOP]] χ[[UNKNOWN]] ^{*}[[POSTSUPERSCRIPT]] _{i}[[POSTSUBSCRIPT]] χ[[UNKNOWN]] _{i}[[POSTSUBSCRIPT]] :[[METARELOP]] -[[ADDOP]] :[[METARELOP]] χ[[UNKNOWN]] ^{*}[[POSTSUPERSCRIPT]] _{j}[[POSTSUBSCRIPT]] χ[[UNKNOWN]] _{j}[[POSTSUBSCRIPT]] :[[METARELOP]] ,[[PUNCT]] ([[OPEN]] E[[UNKNOWN]] _{ij}[[POSTSUBSCRIPT]] ,[[PUNCT]] K[[UNKNOWN]] ([[OPEN]] z[[UNKNOWN]] )[[CLOSE]] )[[CLOSE]] =[[RELOP]] χ[[UNKNOWN]] ^{*}[[POSTSUPERSCRIPT]] _{i}[[POSTSUBSCRIPT]] χ[[UNKNOWN]] _{j}[[POSTSUBSCRIPT]] ([[OPEN]] i[[UNKNOWN]] ≠[[RELOP]] j[[UNKNOWN]] )[[CLOSE]]
Warning:not_parsed:UNKNOWN.CLOSE.CLOSE>RELOP MathParser failed to match rule 'Anything'
	at 0301164.tex; line 1858 col 1 - line 1860 col 14
	In "$\displaystyle(E_{ii}-E_{jj},K(z))=:\chi^{*}_{i}\chi_{i}:-:\chi^{*}_{j}\chi_{j%
	}:~{},~{}~{}~{}(E_{ij},K(z))=\chi^{*}_{i}\chi_{j}~{}~{}~{}(i\neq j)~{},$"
	([[OPEN]] E[[UNKNOWN]] _{ii}[[POSTSUBSCRIPT]] -[[ADDOP]] E[[UNKNOWN]] _{jj}[[POSTSUBSCRIPT]] ,[[PUNCT]] K[[UNKNOWN]] ([[OPEN]] z[[UNKNOWN]] )[[CLOSE]] )[[CLOSE]]
	        > =[[RELOP]] :[[METARELOP]] χ[[UNKNOWN]] ^{*}[[POSTSUPERSCRIPT]] _{i}[[POSTSUBSCRIPT]] χ[[UNKNOWN]] _{i}[[POSTSUBSCRIPT]] :[[METARELOP]] -[[ADDOP]] :[[METARELOP]] χ[[UNKNOWN]] ^{*}[[POSTSUPERSCRIPT]] _{j}[[POSTSUBSCRIPT]] χ[[UNKNOWN]] _{j}[[POSTSUBSCRIPT]] :[[METARELOP]] ,[[PUNCT]] ([[OPEN]] E[[UNKNOWN]] _{ij}[[POSTSUBSCRIPT]] ,[[PUNCT]] K[[UNKNOWN]] ([[OPEN]] z[[UNKNOWN]] )[[CLOSE]] )[[CLOSE]] =[[RELOP]] χ[[UNKNOWN]] ^{*}[[POSTSUPERSCRIPT]] _{i}[[POSTSUBSCRIPT]] χ[[UNKNOWN]] _{j}[[POSTSUBSCRIPT]] ([[OPEN]] i[[UNKNOWN]] ≠[[RELOP]] j[[UNKNOWN]] )[[CLOSE]]
Warning:not_parsed:ATOM.CLOSE.ADDOP>OPEN MathParser failed to match rule 'Anything'
	at 0301164.tex; line 1871 col 1 - line 1871 col 1
	In "$\displaystyle(\lambda_{3},H)=(\lambda_{3},\hat{H})+(:\chi^{*}_{1}\chi_{1}:+:%
	\chi^{*}_{2}\chi_{2}:-2:\chi^{*}_{3}\chi_{3}:)~{},\@@ENDINLINEMATH"
	([[OPEN]] λ[[UNKNOWN]] _{3}[[POSTSUBSCRIPT]] ,[[PUNCT]] H[[UNKNOWN]] )[[CLOSE]] =[[RELOP]] ([[OPEN]] λ[[UNKNOWN]] _{3}[[POSTSUBSCRIPT]] ,[[PUNCT]] \hat{H}[[UNKNOWN]] )[[CLOSE]] +[[ADDOP]]
	        > ([[OPEN]] :[[METARELOP]] χ[[UNKNOWN]] ^{*}[[POSTSUPERSCRIPT]] _{1}[[POSTSUBSCRIPT]] χ[[UNKNOWN]] _{1}[[POSTSUBSCRIPT]] :[[METARELOP]] +[[ADDOP]] :[[METARELOP]] χ[[UNKNOWN]] ^{*}[[POSTSUPERSCRIPT]] _{2}[[POSTSUBSCRIPT]] χ[[UNKNOWN]] _{2}[[POSTSUBSCRIPT]] :[[METARELOP]] -[[ADDOP]] 2[[NUMBER]] :[[METARELOP]] χ[[UNKNOWN]] ^{*}[[POSTSUPERSCRIPT]] _{3}[[POSTSUBSCRIPT]] χ[[UNKNOWN]] _{3}[[POSTSUBSCRIPT]] :[[METARELOP]] )[[CLOSE]]
Warning:not_parsed:ATOM.CLOSE.ADDOP>OPEN MathParser failed to match rule 'Anything'
	at 0301164.tex; line 1871 col 15 - line 1873 col 1
	In "$\displaystyle(\lambda_{3},\hat{H})+(:\chi^{*}_{1}\chi_{1}:+:\chi^{*}_{2}\chi_%
	{2}:-2:\chi^{*}_{3}\chi_{3}:)~{},$"
	([[OPEN]] λ[[UNKNOWN]] _{3}[[POSTSUBSCRIPT]] ,[[PUNCT]] \hat{H}[[UNKNOWN]] )[[CLOSE]] +[[ADDOP]]
	        > ([[OPEN]] :[[METARELOP]] χ[[UNKNOWN]] ^{*}[[POSTSUPERSCRIPT]] _{1}[[POSTSUBSCRIPT]] χ[[UNKNOWN]] _{1}[[POSTSUBSCRIPT]] :[[METARELOP]] +[[ADDOP]] :[[METARELOP]] χ[[UNKNOWN]] ^{*}[[POSTSUPERSCRIPT]] _{2}[[POSTSUBSCRIPT]] χ[[UNKNOWN]] _{2}[[POSTSUBSCRIPT]] :[[METARELOP]] -[[ADDOP]] 2[[NUMBER]] :[[METARELOP]] χ[[UNKNOWN]] ^{*}[[POSTSUPERSCRIPT]] _{3}[[POSTSUBSCRIPT]] χ[[UNKNOWN]] _{3}[[POSTSUBSCRIPT]] :[[METARELOP]] )[[CLOSE]]
Warning:not_parsed:CLOSE.ADDOP.ATOM>OPEN MathParser failed to match rule 'Anything'
	at 0301164.tex; line 1873 col 1 - line 1873 col 1
	In "$\displaystyle(\lambda_{8},H)=(\lambda_{8},\hat{H})+\sqrt{3}(:\chi^{*}_{1}\chi%
	_{1}:-:\chi^{*}_{2}\chi_{2}:)~{},\@@ENDINLINEMATH"
	([[OPEN]] λ[[UNKNOWN]] _{8}[[POSTSUBSCRIPT]] ,[[PUNCT]] H[[UNKNOWN]] )[[CLOSE]] =[[RELOP]] ([[OPEN]] λ[[UNKNOWN]] _{8}[[POSTSUBSCRIPT]] ,[[PUNCT]] \hat{H}[[UNKNOWN]] )[[CLOSE]] +[[ADDOP]] \sqrt{3}[[UNKNOWN]]
	        > ([[OPEN]] :[[METARELOP]] χ[[UNKNOWN]] ^{*}[[POSTSUPERSCRIPT]] _{1}[[POSTSUBSCRIPT]] χ[[UNKNOWN]] _{1}[[POSTSUBSCRIPT]] :[[METARELOP]] -[[ADDOP]] :[[METARELOP]] χ[[UNKNOWN]] ^{*}[[POSTSUPERSCRIPT]] _{2}[[POSTSUBSCRIPT]] χ[[UNKNOWN]] _{2}[[POSTSUBSCRIPT]] :[[METARELOP]] )[[CLOSE]]
Warning:not_parsed:CLOSE.ADDOP.ATOM>OPEN MathParser failed to match rule 'Anything'
	at 0301164.tex; line 1873 col 15 - line 1875 col 14
	In "$\displaystyle(\lambda_{8},\hat{H})+\sqrt{3}(:\chi^{*}_{1}\chi_{1}:-:\chi^{*}_%
	{2}\chi_{2}:)~{},$"
	([[OPEN]] λ[[UNKNOWN]] _{8}[[POSTSUBSCRIPT]] ,[[PUNCT]] \hat{H}[[UNKNOWN]] )[[CLOSE]] +[[ADDOP]] \sqrt{3}[[UNKNOWN]]
	        > ([[OPEN]] :[[METARELOP]] χ[[UNKNOWN]] ^{*}[[POSTSUPERSCRIPT]] _{1}[[POSTSUBSCRIPT]] χ[[UNKNOWN]] _{1}[[POSTSUBSCRIPT]] :[[METARELOP]] -[[ADDOP]] :[[METARELOP]] χ[[UNKNOWN]] ^{*}[[POSTSUPERSCRIPT]] _{2}[[POSTSUBSCRIPT]] χ[[UNKNOWN]] _{2}[[POSTSUBSCRIPT]] :[[METARELOP]] )[[CLOSE]]
Warning:not_parsed:ATOM.MULOP.ATOM>PUNCT MathParser failed to match rule 'Anything'
	at 0301164.tex; line 2590 col 3 - line 2590 col 3
	In "$\displaystyle{\cal M}\cong\frac{SU(3)_{k_{1}}\times SO(4)_{1}}{SU(2)_{k_{1}+1%
	}\times U(1)_{3(k_{1}+3)}}\times\frac{SU(2)_{k_{2}}\times SO(2)_{1}}{U(1)_{k_{%
	2}+2}}~{}~{}~{}~{}~{}\times SO(1)_{1}\times U(1)_{3(k_{1}+3)(k_{2}+2)\left\{3q%
	^{2}(k_{1}+3)+{p^{\prime}}^{2}(k_{2}+2)\right\}}~{},\@@ENDINLINEMATH"
	M[[UNKNOWN]] ≅[[RELOP]] \frac{SU(3)_{k_{1}}\timesSO(4)_{1}}{SU(2)_{k_{1}+1}\timesU(1)_{3(k_{1}+3)}}[[UNKNOWN]] ×[[MULOP]] \frac{SU(2)_{k_{2}}\timesSO(2)_{1}}{U(1)_{k_{2}+2}}[[UNKNOWN]]
	        > $\displaystyle{\calM}\cong\frac{SU(3)_{k_{1}}\timesSO(4)_{1}}{SU(2)_{k_{1}+1}\timesU(1)_{3(k_{1}+3)}}\times\frac{SU(2)_{k_{2}}\timesSO(2)_{1}}{U(1)_{k_{2}+2}}~{}~{}~{}~{}~{}\timesSO(1)_{1}\timesU(1)_{3(k_{1}+3)(k_{2}+2)\left\{3q^{2}(k_{1}+3)+{p^{\prime}}^{2}(k_{2}+2)\right\}}~{},\@@ENDINLINEMATH[[PUNCT]] ×[[MULOP]] S[[UNKNOWN]] O[[UNKNOWN]] ([[OPEN]] 1[[NUMBER]] )[[CLOSE]] _{1}[[POSTSUBSCRIPT]] ×[[MULOP]] U[[UNKNOWN]] ([[OPEN]] 1[[NUMBER]] )[[CLOSE]] _{3(k_{1}+3)(k_{2}+2)\left\{3q^{2}(k_{1}+3)+{p^{\prime}}^{2}(k_{2}+2)\right\}}[[POSTSUBSCRIPT]]
Warning:not_parsed:>VERTBAR MathParser failed to match rule 'Anything'
	at 0301164.tex; line 3331 col 52 - line 3331 col 57
	In "$|~{}|_{i}$"
	> |[[VERTBAR]] |[[VERTBAR]] _{i}[[POSTSUBSCRIPT]]
Warning:not_parsed:>OPEN MathParser failed to match rule 'Anything'
	at 0301164.tex; line 3332 col 20 - line 3332 col 27
	In "$(~{},~{})_{i}$"
	> ([[OPEN]] ,[[PUNCT]] )[[CLOSE]] _{i}[[POSTSUBSCRIPT]]
Warning:not_parsed:UNKNOWN>OPEN MathParser failed to match rule 'Anything'
	at 0301164.tex; line 3343 col 2 - line 3343 col 2
	In "$\displaystyle h(\Lambda,s=1,\{\lambda^{(i)}\})=\frac{(\Lambda,\Lambda+2\rho_{%
	G})}{2(k+g^{*})}+\frac{D}{16}-\sum_{i=0}^{r}\frac{(\lambda^{(i)},\lambda^{(i)}%
	+2\rho^{(i)})_{i}}{2(k_{i}+h_{i}^{*})}\@@ENDINLINEMATH"
	h[[UNKNOWN]]
	        > ([[OPEN]] Λ[[UNKNOWN]] ,[[PUNCT]] s[[UNKNOWN]] =[[RELOP]] 1[[NUMBER]] ,[[PUNCT]] \{[[OPEN]] λ[[UNKNOWN]] ^{(i)}[[POSTSUPERSCRIPT]] \}[[CLOSE]] )[[CLOSE]] =[[RELOP]] \frac{(\Lambda,\Lambda+2\rho_{G})}{2(k+g^{*})}[[UNKNOWN]] +[[ADDOP]] \frac{D}{16}[[UNKNOWN]] -[[ADDOP]] ∑[[SUMOP]] _{i=0}[[POSTSUBSCRIPT]] ^{r}[[POSTSUPERSCRIPT]] \frac{(\lambda^{(i)},\lambda^{(i)}+2\rho^{(i)})_{i}}{2(k_{i}+h_{i}^{*})}[[UNKNOWN]]
Warning:not_parsed:UNKNOWN>OPEN MathParser failed to match rule 'Anything'
	at 0301164.tex; line 3343 col 2 - line 3344 col 3
	In "$\displaystyle h(\Lambda,s=1,\{\lambda^{(i)}\})$"
	h[[UNKNOWN]]
	        > ([[OPEN]] Λ[[UNKNOWN]] ,[[PUNCT]] s[[UNKNOWN]] =[[RELOP]] 1[[NUMBER]] ,[[PUNCT]] \{[[OPEN]] λ[[UNKNOWN]] ^{(i)}[[POSTSUPERSCRIPT]] \}[[CLOSE]] )[[CLOSE]]
Warning:not_parsed:ATOM>METARELOP MathParser failed to match rule 'Anything'
	at 0301164.tex; line 3751 col 8 - line 3751 col 8
	In "$\displaystyle\mbox{(i) \hskip 8.535827pt``discrete series"}:\hskip 19.916929%
	pt\gamma\in\mathbb{R}\@@ENDINLINEMATH"
	\mbox{(i) \hskip8.535827pt``discrete series"}[[UNKNOWN]]
	        > :[[METARELOP]] $\displaystyle\mbox{(i) \hskip8.535827pt``discrete series"}:\hskip19.916929pt\gamma\in\mathbb{R}\@@ENDINLINEMATH[[PUNCT]] γ[[UNKNOWN]] ∈[[RELOP]] R[[UNKNOWN]]
Warning:not_parsed:ATOM>METARELOP MathParser failed to match rule 'Anything'
	at 0301164.tex; line 3752 col 8 - line 3752 col 8
	In "$\displaystyle\mbox{(ii) \hskip 8.535827pt``principal continuous series"}:%
	\hskip 19.916929pt\gamma=-{Q_{\phi}\over 2}+ip~{},\quad p\in\mathbb{R}\@@ENDINLINEMATH"
	\mbox{(ii) \hskip8.535827pt``principal continuous series"}[[UNKNOWN]]
	        > :[[METARELOP]] $\displaystyle\mbox{(ii) \hskip8.535827pt``principal continuous series"}:\hskip19.916929pt\gamma=-{Q_{\phi}\over2}+ip~{},\quadp\in\mathbb{R}\@@ENDINLINEMATH[[PUNCT]] γ[[UNKNOWN]] =[[RELOP]] -[[ADDOP]] Q_{\phi}\over2[[UNKNOWN]] +[[ADDOP]] i[[UNKNOWN]] p[[UNKNOWN]] ,[[PUNCT]] p[[UNKNOWN]] ∈[[RELOP]] R[[UNKNOWN]]
Warning:not_parsed:ATOM.POSTSUPERSCRIPT>OPEN MathParser failed to match rule 'Anything'
	at 0301164.tex; line 3987 col 11 - line 3987 col 11
	In "$\displaystyle\mbox{Ch}^{(\mbox{\scriptsize NS})}(h,Q=0;\tau,z)=\frac{q^{h-%
	\frac{1}{4}}}{\eta(\tau)}\frac{{\theta}_{3}(\tau,z)}{\eta(\tau)}\frac{\Theta_{%
	0,1}(\tau,2z)}{\eta(\tau)}~{},\@@ENDINLINEMATH"
	\mbox{Ch}[[UNKNOWN]] ^{(\mbox{\scriptsizeNS})}[[POSTSUPERSCRIPT]]
	        > ([[OPEN]] h[[UNKNOWN]] ,[[PUNCT]] Q[[UNKNOWN]] =[[RELOP]] 0[[NUMBER]] ;[[PUNCT]] τ[[UNKNOWN]] ,[[PUNCT]] z[[UNKNOWN]] )[[CLOSE]] =[[RELOP]] \frac{q^{h-\frac{1}{4}}}{\eta(\tau)}[[UNKNOWN]] \frac{{\theta}_{3}(\tau,z)}{\eta(\tau)}[[UNKNOWN]] \frac{\Theta_{0,1}(\tau,2z)}{\eta(\tau)}[[UNKNOWN]]
Warning:not_parsed:ATOM.POSTSUPERSCRIPT>OPEN MathParser failed to match rule 'Anything'
	at 0301164.tex; line 3987 col 11 - line 3987 col 27
	In "$\displaystyle\mbox{Ch}^{(\mbox{\scriptsize NS})}(h,Q=0;\tau,z)$"
	\mbox{Ch}[[UNKNOWN]] ^{(\mbox{\scriptsizeNS})}[[POSTSUPERSCRIPT]]
	        > ([[OPEN]] h[[UNKNOWN]] ,[[PUNCT]] Q[[UNKNOWN]] =[[RELOP]] 0[[NUMBER]] ;[[PUNCT]] τ[[UNKNOWN]] ,[[PUNCT]] z[[UNKNOWN]] )[[CLOSE]]
Warning:not_parsed:ATOM.POSTSUPERSCRIPT>OPEN MathParser failed to match rule 'Anything'
	at 0301164.tex; line 3990 col 11 - line 3990 col 11
	In "$\displaystyle\mbox{Ch}^{(\mbox{\scriptsize NS})}(h,|Q|=1;\tau,z)=\frac{q^{h-%
	\frac{1}{2}}}{\eta(\tau)}\frac{{\theta}_{3}(\tau,z)}{\eta(\tau)}\frac{\Theta_{%
	1,1}(\tau,2z)}{\eta(\tau)}~{}.\@@ENDINLINEMATH"
	\mbox{Ch}[[UNKNOWN]] ^{(\mbox{\scriptsizeNS})}[[POSTSUPERSCRIPT]]
	        > ([[OPEN]] h[[UNKNOWN]] ,[[PUNCT]] |[[VERTBAR]] Q[[UNKNOWN]] |[[VERTBAR]] =[[RELOP]] 1[[NUMBER]] ;[[PUNCT]] τ[[UNKNOWN]] ,[[PUNCT]] z[[UNKNOWN]] )[[CLOSE]] =[[RELOP]] \frac{q^{h-\frac{1}{2}}}{\eta(\tau)}[[UNKNOWN]] \frac{{\theta}_{3}(\tau,z)}{\eta(\tau)}[[UNKNOWN]] \frac{\Theta_{1,1}(\tau,2z)}{\eta(\tau)}[[UNKNOWN]]
Warning:not_parsed:ATOM.POSTSUPERSCRIPT>OPEN MathParser failed to match rule 'Anything'
	at 0301164.tex; line 3990 col 11 - line 3990 col 29
	In "$\displaystyle\mbox{Ch}^{(\mbox{\scriptsize NS})}(h,|Q|=1;\tau,z)$"
	\mbox{Ch}[[UNKNOWN]] ^{(\mbox{\scriptsizeNS})}[[POSTSUPERSCRIPT]]
	        > ([[OPEN]] h[[UNKNOWN]] ,[[PUNCT]] |[[VERTBAR]] Q[[UNKNOWN]] |[[VERTBAR]] =[[RELOP]] 1[[NUMBER]] ;[[PUNCT]] τ[[UNKNOWN]] ,[[PUNCT]] z[[UNKNOWN]] )[[CLOSE]]
Warning:not_parsed:ATOM.POSTSUPERSCRIPT>OPEN MathParser failed to match rule 'Anything'
	at 0301164.tex; line 3998 col 11 - line 3998 col 11
	In "$\displaystyle\mbox{Ch}^{(\mbox{\scriptsize NS})}(h,Q=0;\tau,z)=\frac{q^{h-%
	\frac{3}{8}}}{\eta(\tau)}\frac{{\theta}_{3}(\tau,z)}{\eta(\tau)}\frac{\Theta_{%
	0,\frac{3}{2}}(\tau,2z)}{\eta(\tau)}~{},\@@ENDINLINEMATH"
	\mbox{Ch}[[UNKNOWN]] ^{(\mbox{\scriptsizeNS})}[[POSTSUPERSCRIPT]]
	        > ([[OPEN]] h[[UNKNOWN]] ,[[PUNCT]] Q[[UNKNOWN]] =[[RELOP]] 0[[NUMBER]] ;[[PUNCT]] τ[[UNKNOWN]] ,[[PUNCT]] z[[UNKNOWN]] )[[CLOSE]] =[[RELOP]] \frac{q^{h-\frac{3}{8}}}{\eta(\tau)}[[UNKNOWN]] \frac{{\theta}_{3}(\tau,z)}{\eta(\tau)}[[UNKNOWN]] \frac{\Theta_{0,\frac{3}{2}}(\tau,2z)}{\eta(\tau)}[[UNKNOWN]]
Warning:not_parsed:ATOM.POSTSUPERSCRIPT>OPEN MathParser failed to match rule 'Anything'
	at 0301164.tex; line 3998 col 11 - line 3998 col 27
	In "$\displaystyle\mbox{Ch}^{(\mbox{\scriptsize NS})}(h,Q=0;\tau,z)$"
	\mbox{Ch}[[UNKNOWN]] ^{(\mbox{\scriptsizeNS})}[[POSTSUPERSCRIPT]]
	        > ([[OPEN]] h[[UNKNOWN]] ,[[PUNCT]] Q[[UNKNOWN]] =[[RELOP]] 0[[NUMBER]] ;[[PUNCT]] τ[[UNKNOWN]] ,[[PUNCT]] z[[UNKNOWN]] )[[CLOSE]]
Warning:not_parsed:ATOM.POSTSUPERSCRIPT>OPEN MathParser failed to match rule 'Anything'
	at 0301164.tex; line 4002 col 11 - line 4002 col 11
	In "$\displaystyle\mbox{Ch}^{(\mbox{\scriptsize NS})}(h,Q=\pm 1;\tau,z)=\frac{q^{h%
	-\frac{13}{24}}}{\eta(\tau)}\frac{{\theta}_{3}(\tau,z)}{\eta(\tau)}\frac{%
	\Theta_{\pm 1,\frac{3}{2}}(\tau,2z)}{\eta(\tau)}~{}.\@@ENDINLINEMATH"
	\mbox{Ch}[[UNKNOWN]] ^{(\mbox{\scriptsizeNS})}[[POSTSUPERSCRIPT]]
	        > ([[OPEN]] h[[UNKNOWN]] ,[[PUNCT]] Q[[UNKNOWN]] =[[RELOP]] ±[[ADDOP]] 1[[NUMBER]] ;[[PUNCT]] τ[[UNKNOWN]] ,[[PUNCT]] z[[UNKNOWN]] )[[CLOSE]] =[[RELOP]] \frac{q^{h-\frac{13}{24}}}{\eta(\tau)}[[UNKNOWN]] \frac{{\theta}_{3}(\tau,z)}{\eta(\tau)}[[UNKNOWN]] \frac{\Theta_{\pm1,\frac{3}{2}}(\tau,2z)}{\eta(\tau)}[[UNKNOWN]]
Warning:not_parsed:ATOM.POSTSUPERSCRIPT>OPEN MathParser failed to match rule 'Anything'
	at 0301164.tex; line 4002 col 11 - line 4002 col 31
	In "$\displaystyle\mbox{Ch}^{(\mbox{\scriptsize NS})}(h,Q=\pm 1;\tau,z)$"
	\mbox{Ch}[[UNKNOWN]] ^{(\mbox{\scriptsizeNS})}[[POSTSUPERSCRIPT]]
	        > ([[OPEN]] h[[UNKNOWN]] ,[[PUNCT]] Q[[UNKNOWN]] =[[RELOP]] ±[[ADDOP]] 1[[NUMBER]] ;[[PUNCT]] τ[[UNKNOWN]] ,[[PUNCT]] z[[UNKNOWN]] )[[CLOSE]]
 84.53 sec)
Math parsing succeeded:
   ltx:XMath: 2044/2071
   ltx:XMArg: 5484/5484
Symbols assumed as simple identifiers (with # of occurences):
   'A{italic}' (14), 'C{blackboard}' (31), 'C{italic}' (16), 'Delta' (3), 'D{italic}' (14), 'E{italic}' (15), 'F{italic}' (20), 'Gamma' (26), 'G{caligraphic}' (12), 'G{italic}' (229), 'H{italic}' (161), 'J{italic}' (16), 'K{italic}' (15), 'Lambda' (131), 'L{italic}' (8), 'M{caligraphic}' (159), 'M{italic}' (9), 'N{caligraphic}' (122), 'N{italic}' (166), 'O{caligraphic}' (40), 'O{italic}' (394), 'Phi' (6), 'Psi' (10), 'P{bold}' (25), 'Q{italic}' (140), 'R{blackboard}' (119), 'R{bold}' (1), 'S{caligraphic}' (2), 'S{italic}' (1125), 'Theta' (72), 'T{italic}' (23), 'U{italic}' (845), 'V{italic}' (4), 'W{caligraphic}' (2), 'W{italic}' (2), 'X{italic}' (20), 'Y{italic}' (12), 'Z{blackboard}' (30), 'Z{italic}' (7), 'alpha' (113), 'a{italic}' (19), 'beta' (16), 'b{italic}' (13), 'chi' (269), 'c{italic}' (46), 'delta' (8), 'd{italic}' (91), 'ell' (82), 'epsilon' (20), 'eta' (63), 'e{italic}' (75), 'f{italic}' (2), 'gamma' (54), 'g{bold}' (1), 'g{italic}' (28), 'h{bold}' (2), 'h{italic}' (129), 'i{italic}' (173), 'j{italic}' (19), 'k{italic}' (604), 'lambda' (95), 'l{italic}' (8), 'mu' (6), 'm{bold}' (9), 'm{italic}' (106), 'nu' (63), 'n{italic}' (93), 'omega' (11), 'phi' (32), 'pi' (4), 'psi' (90), 'p{italic}' (155), 'q{italic}' (128), 'rho' (27), 'r{italic}' (39), 'sigma' (94), 's{italic}' (44), 'tau' (262), 'theta' (109), 't{italic}' (16), 'u{italic}' (2), 'varphi' (30), 'v{italic}' (2), 'w{italic}' (16), 'y{italic}' (21), 'z{italic}' (153)
Set MATHPARSER_SPECULATE to speculate on possible notations.
(Finalizing... 5.96 sec)
Conversion complete 27 warnings (See /home/user/latex-in-arxiv/0301164.latexml.log) (reqd. 2m 23.11s)
