latexml (LaTeXML version 0.8.6) processing 2003/0301057_cleaned.tex
(Digesting TeX 0301057_cleaned...
(Loading /usr/share/perl5/LaTeXML/Package/TeX.pool.ltxml...
(Loading /usr/share/perl5/LaTeXML/Package/eTeX.pool.ltxml... 0.00 sec)
(Loading /usr/share/perl5/LaTeXML/Package/pdfTeX.pool.ltxml... 0.01 sec) 0.11 sec)
(Processing content /home/user/latex-in-arxiv/2003/0301057_cleaned.tex...
(Processing content /usr/share/texlive/texmf-dist/tex/plain/harvmac/harvmac.tex...
 big or little (b/l)? 
(This will be reduced.
 0.09 sec)
(Loading /usr/share/perl5/LaTeXML/Package/amsb.fontmap.ltxml... 0.00 sec)
(1. Introduction)
(2. Reviewing the ${\widetilde {\fam \msyfam \tenmsy Z}}_k$ quasi-particle basis)
(3. Counting ${\widetilde {\fam \msyfam \tenmsy Z}}_{k}$ constrained jagged partitions)
(3.1. Partition recurrence relations)
(3.2. Generating functions)
(4. Fermionic-type ${\widetilde {\fam \msyfam \tenmsy Z}}_{k}$ characters)
(5. Bosonic ${\widetilde {\fam \msyfam \tenmsy Z}}_k$ characters)
(5.1. The ${\widetilde {\fam \msyfam \tenmsy Z}}_k$ standard basis and the Verma module character)
(5.2. Irreducible character: subtracting the singular vectors)
(5.3. Counting unconstrained jagged partitions )
(5.4. The $q$ form of $V_r$ and bosonic characters)
(6. Conclusion)
(A. Counting unconstrained jagged partitions from $J$-type recurrence relations)
(\hbox {A.}1. Recurrence relations for unconstrained jagged partitions )
(\hbox {A.}2. A `pseudo tableaux' transcription of the recurrence relations)
(\hbox {A.}3. A bijection between unconstrained jagged partitions and ${\fam \msyfam \tenmsy Z}_3$ constrained partitions)
(B. Counting $k=2$ constrained jagged partitions using $J$-type recurrence relations)
(C. The zero-relative charge vacuum $k=2$ bosonic character)
References
(Processing content references... 0.03 sec) 5.08 sec) 5.23 sec)
(Building...
(Loading compiled schema /usr/share/perl5/LaTeXML/resources/RelaxNG/LaTeXML.model... 0.01 sec) 7.63 sec)
(Rewriting... 0.24 sec)
(Math Parsing 803 formulae ......
Warning:not_parsed:CLOSE.CLOSE.POSTSUPERSCRIPT>RELOP MathParser failed to match rule 'Anything'
	at 0301057_cleaned.tex; line 708 col 3 - line 709 col 70
	In "$$z=f(q)\quad{\tenrm with}\quad[f(q)]^{m}\equiv\left\{\matrix{q^{-j(kj+r+{%
	\tilde{q}})-[(r+1)/2]}\quad&{\tenrm when}\quad m=2kj+r\cr 0&{\tenrm otherwise}%
	\cr}\right.{}$$"
	z[[UNKNOWN]] =[[RELOP]] f[[UNKNOWN]] ([[OPEN]] q[[UNKNOWN]] )[[CLOSE]] $$z=f(q)\quad{\tenrmwith}\quad[f(q)]^{m}\equiv\left\{\matrix{q^{-j(kj+r+{\tilde{q}})-[(r+1)/2]}\quad&{\tenrmwhen}\quadm=2kj+r\cr0&{\tenrmotherwise}\cr}\right.{}$$[[PUNCT]] with[[UNKNOWN]] $$z=f(q)\quad{\tenrmwith}\quad[f(q)]^{m}\equiv\left\{\matrix{q^{-j(kj+r+{\tilde{q}})-[(r+1)/2]}\quad&{\tenrmwhen}\quadm=2kj+r\cr0&{\tenrmotherwise}\cr}\right.{}$$[[PUNCT]] [[[OPEN]] f[[UNKNOWN]] ([[OPEN]] q[[UNKNOWN]] )[[CLOSE]] ][[CLOSE]] ^{m}[[POSTSUPERSCRIPT]]
	        > ≡[[RELOP]] \left\{[[OPEN]] \matrix{q^{-j(kj+r+{\tilde{q}})-[(r+1)/2]}\quad&{\tenrmwhen}\quadm=2kj+r\cr0&{\tenrmotherwise}\cr}[[UNKNOWN]]
Warning:not_parsed:UNKNOWN>OPEN MathParser failed to match rule 'Anything'
	at 0301057_cleaned.tex; line 785 col 56 - line 785 col 67
	In "$J(\leq m,n)$"
	J[[UNKNOWN]]
	        > ([[OPEN]] ≤[[RELOP]] m[[UNKNOWN]] ,[[PUNCT]] n[[UNKNOWN]] )[[CLOSE]]
Warning:not_parsed:UNKNOWN>OPEN MathParser failed to match rule 'Anything'
	at 0301057_cleaned.tex; line 788 col 2 - line 788 col 40
	In "$$J(\leq m,n)=\sum_{m^{\prime}=0}^{m}J(m^{\prime},n)$$"
	J[[UNKNOWN]]
	        > ([[OPEN]] ≤[[RELOP]] m[[UNKNOWN]] ,[[PUNCT]] n[[UNKNOWN]] )[[CLOSE]] =[[RELOP]] ∑[[SUMOP]] _{m^{\prime}=0}[[POSTSUBSCRIPT]] ^{m}[[POSTSUPERSCRIPT]] J[[UNKNOWN]] ([[OPEN]] m[[UNKNOWN]] ^{\prime}[[POSTSUPERSCRIPT]] ,[[PUNCT]] n[[UNKNOWN]] )[[CLOSE]]
Warning:not_parsed:UNKNOWN>OPEN MathParser failed to match rule 'Anything'
	at 0301057_cleaned.tex; line 790 col 31 - line 790 col 42
	In "$J(\leq m,n)$"
	J[[UNKNOWN]]
	        > ([[OPEN]] ≤[[RELOP]] m[[UNKNOWN]] ,[[PUNCT]] n[[UNKNOWN]] )[[CLOSE]]
Warning:not_parsed:UNKNOWN>OPEN MathParser failed to match rule 'Anything'
	at 0301057_cleaned.tex; line 802 col 0 - line 802 col 57
	In "$J(\leq 3,3)=\{(3),\,(21),\,(12),\,(111),\,(201)\}$"
	J[[UNKNOWN]]
	        > ([[OPEN]] ≤[[RELOP]] 3[[NUMBER]] ,[[PUNCT]] 3[[NUMBER]] )[[CLOSE]] =[[RELOP]] \{[[OPEN]] ([[OPEN]] 3[[NUMBER]] )[[CLOSE]] ,[[PUNCT]] ([[OPEN]] 21[[NUMBER]] )[[CLOSE]] ,[[PUNCT]] ([[OPEN]] 12[[NUMBER]] )[[CLOSE]] ,[[PUNCT]] ([[OPEN]] 111[[NUMBER]] )[[CLOSE]] ,[[PUNCT]] ([[OPEN]] 201[[NUMBER]] )[[CLOSE]] \}[[CLOSE]]
Warning:not_parsed:>VERTBAR MathParser failed to match rule 'Anything'
	at 0301057_cleaned.tex; line 858 col 0 - line 858 col 93
	In "$\displaystyle{|\Lambda_{{\tilde{q}},\ell}^{{\tenrm I(i)}}\rangle:\qquad\#{%
	\cal{A}}_{-1}=a_{\ell-1}}$"
	> |[[VERTBAR]] Λ[[UNKNOWN]] _{{\tilde{q}},\ell}[[POSTSUBSCRIPT]] ^{{\tenrmI(i)}}[[POSTSUPERSCRIPT]] \rangle[[CLOSE]] :[[METARELOP]] $\displaystyle{|\Lambda_{{\tilde{q}},\ell}^{{\tenrmI(i)}}\rangle:\qquad\#{\cal{A}}_{-1}=a_{\ell-1}}$[[PUNCT]] \#[[UNKNOWN]] A[[UNKNOWN]] _{-1}[[POSTSUBSCRIPT]] =[[RELOP]] a[[UNKNOWN]] _{\ell-1}[[POSTSUBSCRIPT]]
Warning:not_parsed:>VERTBAR MathParser failed to match rule 'Anything'
	at 0301057_cleaned.tex; line 858 col 0 - line 858 col 93
	In "$\displaystyle{|\Lambda_{{\tilde{q}},\ell}^{{\tenrm I(ii)}}\rangle:\qquad\#{%
	\cal{A}}_{-1}=a_{\ell}}$"
	> |[[VERTBAR]] Λ[[UNKNOWN]] _{{\tilde{q}},\ell}[[POSTSUBSCRIPT]] ^{{\tenrmI(ii)}}[[POSTSUPERSCRIPT]] \rangle[[CLOSE]] :[[METARELOP]] $\displaystyle{|\Lambda_{{\tilde{q}},\ell}^{{\tenrmI(ii)}}\rangle:\qquad\#{\cal{A}}_{-1}=a_{\ell}}$[[PUNCT]] \#[[UNKNOWN]] A[[UNKNOWN]] _{-1}[[POSTSUBSCRIPT]] =[[RELOP]] a[[UNKNOWN]] _{\ell}[[POSTSUBSCRIPT]]
Warning:not_parsed:>VERTBAR MathParser failed to match rule 'Anything'
	at 0301057_cleaned.tex; line 858 col 0 - line 858 col 93
	In "$\displaystyle{|\Lambda_{{\tilde{q}},\ell}^{{\tenrm II(i)}}\rangle:\qquad\#{%
	\cal{A}}_{-1}=a^{\prime}_{\ell}}$"
	> |[[VERTBAR]] Λ[[UNKNOWN]] _{{\tilde{q}},\ell}[[POSTSUBSCRIPT]] ^{{\tenrmII(i)}}[[POSTSUPERSCRIPT]] \rangle[[CLOSE]] :[[METARELOP]] $\displaystyle{|\Lambda_{{\tilde{q}},\ell}^{{\tenrmII(i)}}\rangle:\qquad\#{\cal{A}}_{-1}=a^{\prime}_{\ell}}$[[PUNCT]] \#[[UNKNOWN]] A[[UNKNOWN]] _{-1}[[POSTSUBSCRIPT]] =[[RELOP]] a[[UNKNOWN]] ^{\prime}[[POSTSUPERSCRIPT]] _{\ell}[[POSTSUBSCRIPT]]
Warning:not_parsed:>VERTBAR MathParser failed to match rule 'Anything'
	at 0301057_cleaned.tex; line 858 col 0 - line 858 col 93
	In "$\displaystyle{|\Lambda_{{\tilde{q}},\ell}^{{\tenrm II(ii)}}\rangle:\qquad\#{%
	\cal{A}}_{-1}=a^{\prime}_{\ell}}$"
	> |[[VERTBAR]] Λ[[UNKNOWN]] _{{\tilde{q}},\ell}[[POSTSUBSCRIPT]] ^{{\tenrmII(ii)}}[[POSTSUPERSCRIPT]] \rangle[[CLOSE]] :[[METARELOP]] $\displaystyle{|\Lambda_{{\tilde{q}},\ell}^{{\tenrmII(ii)}}\rangle:\qquad\#{\cal{A}}_{-1}=a^{\prime}_{\ell}}$[[PUNCT]] \#[[UNKNOWN]] A[[UNKNOWN]] _{-1}[[POSTSUBSCRIPT]] =[[RELOP]] a[[UNKNOWN]] ^{\prime}[[POSTSUPERSCRIPT]] _{\ell}[[POSTSUBSCRIPT]]
Warning:not_parsed:OPEN.UNKNOWN.CLOSE>RELOP MathParser failed to match rule 'Anything'
	at 0301057_cleaned.tex; line 896 col 94 - line 896 col 94
	In "$$\eqalign{M_{{\tilde{q}},r}(q)=\{V_{r}+\sum_{\ell=0}^{\infty}[&-q^{a_{\ell-1}%
	}V_{\ell\lambda+\mu+r}+q^{a_{\ell}}V_{-(\ell+1)\lambda+r}\cr&-q^{a^{\prime}_{%
	\ell}}V_{-(\ell+1)\lambda+\mu+r}+q^{a^{\prime}_{\ell}}V_{(\ell+1)\lambda+r}]\}%
	\cr}{}$$"
	M[[UNKNOWN]] _{{\tilde{q}},r}[[POSTSUBSCRIPT]] ([[OPEN]] q[[UNKNOWN]] )[[CLOSE]]
	        > =[[RELOP]] \{[[OPEN]] V[[UNKNOWN]] _{r}[[POSTSUBSCRIPT]] +[[ADDOP]] ∑[[SUMOP]] _{\ell=0}[[POSTSUBSCRIPT]] ^{\infty}[[POSTSUPERSCRIPT]] [[[OPEN]]
Warning:not_parsed:POSTSUPERSCRIPT.UNKNOWN.POSTSUBSCRIPT>CLOSE MathParser failed to match rule 'Anything'
	at 0301057_cleaned.tex; line 896 col 94 - line 896 col 94
	-[[ADDOP]] q[[UNKNOWN]] ^{a^{\prime}_{\ell}}[[POSTSUPERSCRIPT]] V[[UNKNOWN]] _{-(\ell+1)\lambda+\mu+r}[[POSTSUBSCRIPT]] +[[ADDOP]] q[[UNKNOWN]] ^{a^{\prime}_{\ell}}[[POSTSUPERSCRIPT]] V[[UNKNOWN]] _{(\ell+1)\lambda+r}[[POSTSUBSCRIPT]]
	        > ][[CLOSE]] \}[[CLOSE]]
Warning:not_parsed:PUNCT.UNKNOWN.CLOSE>METARELOP MathParser failed to match rule 'Anything'
	at 0301057_cleaned.tex; line 1080 col 2 - line 1080 col 65
	In "$$J(m,n):\qquad(\cdots 010101^{+})\qquad(m\;{\tenrm entries)}$$"
	J[[UNKNOWN]] ([[OPEN]] m[[UNKNOWN]] ,[[PUNCT]] n[[UNKNOWN]] )[[CLOSE]]
	        > :[[METARELOP]] $$J(m,n):\qquad(\cdots010101^{+})\qquad(m\;{\tenrmentries)}$$[[PUNCT]] ([[OPEN]] ⋯[[ID]] 010101[[NUMBER]] ^{+}[[POSTSUPERSCRIPT]] )[[CLOSE]] $$J(m,n):\qquad(\cdots010101^{+})\qquad(m\;{\tenrmentries)}$$[[PUNCT]] ([[OPEN]] m[[UNKNOWN]] entries[[UNKNOWN]] )[[CLOSE]]
Warning:not_parsed:ADDOP.NUMBER.CLOSE>METARELOP MathParser failed to match rule 'Anything'
	at 0301057_cleaned.tex; line 1087 col 2 - line 1087 col 44
	In "$$J(m-2,n-1):\qquad(\cdots 0101^{+}01)$$"
	J[[UNKNOWN]] ([[OPEN]] m[[UNKNOWN]] -[[ADDOP]] 2[[NUMBER]] ,[[PUNCT]] n[[UNKNOWN]] -[[ADDOP]] 1[[NUMBER]] )[[CLOSE]]
	        > :[[METARELOP]] $$J(m-2,n-1):\qquad(\cdots0101^{+}01)$$[[PUNCT]] ([[OPEN]] ⋯[[ID]] 0101[[NUMBER]] ^{+}[[POSTSUPERSCRIPT]] 01[[NUMBER]] )[[CLOSE]]
 21.94 sec)
Math parsing succeeded:
   ltx:XMath: 792/803
   ltx:XMArg: 1830/1832
Symbols assumed as simple identifiers (with # of occurences):
   '#' (18), 'A{caligraphic}' (40), 'A{italic}' (20), 'B{caligraphic}' (95), 'B{italic}' (17), 'C{caligraphic}' (3), 'C{italic}' (7), 'F{italic}' (23), 'G{italic}' (3), 'I' (13), 'II' (11), 'I{italic}' (2), 'J{italic}' (46), 'Lambda' (17), 'L{italic}' (7), 'M{caligraphic}' (1), 'M{italic}' (8), 'N{italic}' (29), 'Phi' (5), 'V{italic}' (47), 'and' (1), 'a{italic}' (28), 'b{italic}' (7), 'chi' (12), 'c{italic}' (6), 'd{italic}' (3), 'ell' (36), 'entries' (2), 'epsilon' (2), 'f{italic}' (6), 'h{italic}' (15), 'i' (14), 'ii' (10), 'i{italic}' (156), 'j{italic}' (41), 'k{italic}' (209), 'lambda' (32), 'mod' (3), 'mu' (18), 'm{italic}' (214), 'n{italic}' (195), 'or' (1), 'o{italic}' (4), 'psi' (11), 'p{italic}' (26), 'q{italic}' (480), 'r{italic}' (78), 's{italic}' (23), 'u{italic}' (1), 'v{italic}' (14), 'when' (1), 'with' (2), 'w{italic}' (5), 'x{italic}' (1), 'z{italic}' (189), 'ℤ' (15)
Set MATHPARSER_SPECULATE to speculate on possible notations.
(Finalizing... 2.51 sec)
Conversion complete 13 warnings (See /home/user/latex-in-arxiv/0301057_cleaned.latexml.log) (reqd. 38.92s)
