latexml (LaTeXML version 0.8.6) processing 2003/0301042.tex
(Digesting TeX 0301042...
(Loading /usr/share/perl5/LaTeXML/Package/TeX.pool.ltxml...
(Loading /usr/share/perl5/LaTeXML/Package/eTeX.pool.ltxml... 0.01 sec)
(Loading /usr/share/perl5/LaTeXML/Package/pdfTeX.pool.ltxml... 0.01 sec) 0.19 sec)
(Processing content /home/user/latex-in-arxiv/2003/0301042.tex...
(Loading /usr/share/perl5/LaTeXML/Package/LaTeX.pool.ltxml...
(Loading /usr/share/perl5/LaTeXML/Package/textcomp.sty.ltxml...
(Processing definitions /usr/share/texlive/texmf-dist/tex/latex-dev/base/ts1enc.dfu... 0.03 sec) 1.53 sec) 1.80 sec)
(Loading /usr/share/perl5/LaTeXML/Package/revtex4.cls.ltxml...
(Loading /usr/share/perl5/LaTeXML/Package/article.cls.ltxml... 0.01 sec)
(Loading /usr/share/perl5/LaTeXML/Package/revtex4_support.sty.ltxml...
(Loading /usr/share/perl5/LaTeXML/Package/hyperref.sty.ltxml...
(Loading /usr/share/perl5/LaTeXML/Package/keyval.sty.ltxml...
(Processing definitions /usr/share/texlive/texmf-dist/tex/latex-dev/graphics/keyval.sty... 0.02 sec) 0.02 sec)
(Loading /usr/share/perl5/LaTeXML/Package/nameref.sty.ltxml... 0.00 sec)
(Loading /usr/share/perl5/LaTeXML/Package/url.sty.ltxml... 0.00 sec) 0.08 sec)
(Loading /usr/share/perl5/LaTeXML/Package/natbib.sty.ltxml... 0.02 sec)
(Loading /usr/share/perl5/LaTeXML/Package/revsymb.sty.ltxml... 0.00 sec)
(Loading /usr/share/perl5/LaTeXML/Package/longtable.sty.ltxml... 0.00 sec)
(Loading /usr/share/perl5/LaTeXML/Package/dcolumn.sty.ltxml...
(Loading /usr/share/perl5/LaTeXML/Package/array.sty.ltxml... 0.00 sec) 0.01 sec) 0.16 sec) 0.56 sec)
(Loading /usr/share/perl5/LaTeXML/Package/epsfig.sty.ltxml...
(Loading /usr/share/perl5/LaTeXML/Package/graphicx.sty.ltxml...
(Loading /usr/share/perl5/LaTeXML/Package/graphics.sty.ltxml... 0.01 sec) 0.02 sec) 0.04 sec)
Info:unexpected:cmu10 Unrecognized font name 'cmu10'
	at 0301042.tex; line 139 col 0 - line 139 col 36
	Font switch macro \upright will have no effect
 11.14 sec) 11.40 sec)
(Building...
(Loading compiled schema /usr/share/perl5/LaTeXML/resources/RelaxNG/LaTeXML.model... 0.01 sec) 9.72 sec)
(Rewriting... 0.28 sec)
(Math Parsing 593 formulae ......
Warning:not_parsed:>VERTBAR MathParser failed to match rule 'Subscript'
	at 0301042.tex; line 247 col 46 - line 247 col 46
	In "$|g_{\parallel,\perp}|<1$"
	> ∥[[VERTBAR]] ,[[PUNCT]] ⟂[[RELOP]]
Warning:not_parsed:NUMBER.PUNCT.NUMBER>PUNCT MathParser failed to match rule 'Anything'
	at 0301042.tex; line 952 col 32 - line 952 col 46
	In "$n=1,2,..\infty$"
	n[[UNKNOWN]] =[[RELOP]] 1[[NUMBER]] ,[[PUNCT]] 2[[NUMBER]]
	        > ,[[PUNCT]] .[[PERIOD]] .[[PERIOD]] ∞[[ID]]
 17.38 sec)
Math parsing succeeded:
   ltx:XMath: 592/593
   ltx:XMArg: 1173/1174
Symbols assumed as simple identifiers (with # of occurences):
   'A{italic}' (7), 'B{italic}' (4), 'C{italic}' (7), 'Delta' (18), 'D{italic}' (1), 'E{italic}' (8), 'F{italic}' (5), 'Gamma' (27), 'G{italic}' (2), 'H{italic}' (6), 'Im' (1), 'J{italic}' (7), 'K' (2), 'K{italic}' (10), 'Lambda' (3), 'L{italic}' (27), 'M{italic}' (32), 'N{italic}' (16), 'Phi' (1), 'P{italic}' (12), 'Q{italic}' (16), 'R{italic}' (1), 'S{italic}' (50), 'U{caligraphic}' (11), 'U{italic}' (1), 'V{italic}' (6), 'W{italic}' (2), 'Z{italic}' (6), 'alpha' (17), 'am' (4), 'a{italic}' (18), 'beta' (66), 'b{italic}' (37), 'c{italic}' (26), 'delta' (4), 'diag' (1), 'dn' (2), 'd{italic}' (22), 'epsilon' (5), 'eta' (10), 'e{italic}' (56), 'gamma' (6), 'g{italic}' (80), 'h{italic}' (34), 'i{italic}' (55), 'j{italic}' (73), 'k' (1), 'kappa' (27), 'k{italic}' (13), 'lambda' (19), 'loop' (2), 'l{italic}' (36), 'mu' (24), 'm{italic}' (49), 'n{italic}' (93), 'p' (1), 'phi' (11), 'pi' (111), 'psi' (6), 'p{italic}' (14), 'q{italic}' (44), 'rho' (21), 'sigma' (10), 's{italic}' (20), 'tau' (1), 't{italic}' (1), 'u' (4), 'u{italic}' (3), 'varepsilon' (7), 'varphi' (4), 'vartheta' (75), 'with' (1), 'x{italic}' (19), 'y{italic}' (2), 'zeta' (45), 'z{italic}' (39)
Set MATHPARSER_SPECULATE to speculate on possible notations.
(Finalizing... 1.63 sec)
Conversion complete 2 warnings (See /home/user/latex-in-arxiv/0301042.latexml.log) (reqd. 41.48s)
