latexml (LaTeXML version 0.8.6) processing 2003/0301133.tex
(Digesting TeX 0301133...
(Loading /usr/share/perl5/LaTeXML/Package/TeX.pool.ltxml...
(Loading /usr/share/perl5/LaTeXML/Package/eTeX.pool.ltxml... 0.00 sec)
(Loading /usr/share/perl5/LaTeXML/Package/pdfTeX.pool.ltxml... 0.01 sec) 0.12 sec)
(Processing content /home/user/latex-in-arxiv/2003/0301133.tex...
(Loading /usr/share/perl5/LaTeXML/Package/LaTeX.pool.ltxml...
(Loading /usr/share/perl5/LaTeXML/Package/textcomp.sty.ltxml...
(Processing definitions /usr/share/texlive/texmf-dist/tex/latex-dev/base/ts1enc.dfu... 0.03 sec) 1.37 sec) 1.54 sec)
(Loading /usr/share/perl5/LaTeXML/Package/article.cls.ltxml... 0.01 sec)
(Loading /usr/share/perl5/LaTeXML/Package/epsfig.sty.ltxml...
(Loading /usr/share/perl5/LaTeXML/Package/graphicx.sty.ltxml...
(Loading /usr/share/perl5/LaTeXML/Package/graphics.sty.ltxml... 0.01 sec) 0.02 sec) 0.04 sec)
Info:unexpected:titlepage When using titlepage, Frontmatter will not be well-structured
	at 0301133.tex; line 104 col 0 - line 104 col 17
 13.98 sec) 14.14 sec)
(Building...
(Loading compiled schema /usr/share/perl5/LaTeXML/resources/RelaxNG/LaTeXML.model... 0.01 sec)
Warning:unexpected:eqnarray Unrecognized equation patterns (1) in eqnarray
	at 0301133.tex; line 453 col 6 - line 453 col 6
	In Core::Definition::Constructor[\@@eqna... /usr/share/perl5/LaTeXML/Package/LaTeX.pool.ltxml; line 2290
 13.25 sec)
(Rewriting... 0.53 sec)
(Math Parsing 677 formulae ......
Warning:not_parsed:UNKNOWN.UNKNOWN.POSTSUBSCRIPT>OPEN MathParser failed to match rule 'Anything'
	at 0301133.tex; line 425 col 6 - line 425 col 6
	In "$\displaystyle=-g\int d^{3}x~{}P_{*}\Biggl{[}\exp\left[ig\int_{0}^{1}d\sigma~{%
	}l\cdot A(x+l\sigma)\right]\@@ENDINLINEMATH"
	=[[RELOP]] -[[ADDOP]] g[[UNKNOWN]] ∫[[INTOP]] d[[UNKNOWN]] ^{3}[[POSTSUPERSCRIPT]] x[[UNKNOWN]] P[[UNKNOWN]] _{*}[[POSTSUBSCRIPT]]
	        > [[[OPEN]] exp[[OPFUNCTION]] \left[[[OPEN]] i[[UNKNOWN]] g[[UNKNOWN]] ∫[[INTOP]] _{0}[[POSTSUBSCRIPT]] ^{1}[[POSTSUPERSCRIPT]] d[[UNKNOWN]] σ[[UNKNOWN]] l[[UNKNOWN]] ⋅[[MULOP]] A[[UNKNOWN]] ([[OPEN]] x[[UNKNOWN]] +[[ADDOP]] l[[UNKNOWN]] σ[[UNKNOWN]] )[[CLOSE]] \right][[CLOSE]]
Warning:not_parsed:UNKNOWN.UNKNOWN.POSTSUBSCRIPT>OPEN MathParser failed to match rule 'Anything'
	at 0301133.tex; line 425 col 6 - line 427 col 14
	In "$\displaystyle=-g\int d^{3}x~{}P_{*}\Biggl{[}\exp\left[ig\int_{0}^{1}d\sigma~{%
	}l\cdot A(x+l\sigma)\right]$"
	=[[RELOP]] -[[ADDOP]] g[[UNKNOWN]] ∫[[INTOP]] d[[UNKNOWN]] ^{3}[[POSTSUPERSCRIPT]] x[[UNKNOWN]] P[[UNKNOWN]] _{*}[[POSTSUBSCRIPT]]
	        > [[[OPEN]] exp[[OPFUNCTION]] \left[[[OPEN]] i[[UNKNOWN]] g[[UNKNOWN]] ∫[[INTOP]] _{0}[[POSTSUBSCRIPT]] ^{1}[[POSTSUPERSCRIPT]] d[[UNKNOWN]] σ[[UNKNOWN]] l[[UNKNOWN]] ⋅[[MULOP]] A[[UNKNOWN]] ([[OPEN]] x[[UNKNOWN]] +[[ADDOP]] l[[UNKNOWN]] σ[[UNKNOWN]] )[[CLOSE]] \right][[CLOSE]]
Warning:not_parsed:INTOP.POSTSUBSCRIPT.POSTSUPERSCRIPT>UNKNOWN MathParser failed to match rule 'Anything'
	at 0301133.tex; line 427 col 22 - line 427 col 22
	In "$\displaystyle\qquad\qquad\times\int_{0}^{1}d\sigma^{\prime}~{}l^{\mu}\{F_{0%
	\mu}(x+l\sigma^{\prime})+D_{\mu}A_{0}(x+l\sigma^{\prime})\}\Biggr{]}\ast e^{%
	ikx}\@@ENDINLINEMATH"
	×[[MULOP]] ∫[[INTOP]] _{0}[[POSTSUBSCRIPT]] ^{1}[[POSTSUPERSCRIPT]]
	        > d[[UNKNOWN]] σ[[UNKNOWN]] ^{\prime}[[POSTSUPERSCRIPT]] l[[UNKNOWN]] ^{\mu}[[POSTSUPERSCRIPT]] \{[[OPEN]] F[[UNKNOWN]] _{0\mu}[[POSTSUBSCRIPT]] ([[OPEN]] x[[UNKNOWN]] +[[ADDOP]] l[[UNKNOWN]] σ[[UNKNOWN]] ^{\prime}[[POSTSUPERSCRIPT]] )[[CLOSE]] +[[ADDOP]] D[[UNKNOWN]] _{\mu}[[POSTSUBSCRIPT]] A[[UNKNOWN]] _{0}[[POSTSUBSCRIPT]] ([[OPEN]] x[[UNKNOWN]] +[[ADDOP]] l[[UNKNOWN]] σ[[UNKNOWN]] ^{\prime}[[POSTSUPERSCRIPT]] )[[CLOSE]] \}[[CLOSE]] ][[CLOSE]] ∗[[MULOP]] e[[UNKNOWN]] ^{ikx}[[POSTSUPERSCRIPT]]
Warning:not_parsed:INTOP.POSTSUBSCRIPT.POSTSUPERSCRIPT>UNKNOWN MathParser failed to match rule 'Anything'
	at 0301133.tex; line 427 col 22 - line 432 col 3
	In "$\displaystyle\qquad\qquad\times\int_{0}^{1}d\sigma^{\prime}~{}l^{\mu}\{F_{0%
	\mu}(x+l\sigma^{\prime})+D_{\mu}A_{0}(x+l\sigma^{\prime})\}\Biggr{]}\ast e^{%
	ikx}$"
	×[[MULOP]] ∫[[INTOP]] _{0}[[POSTSUBSCRIPT]] ^{1}[[POSTSUPERSCRIPT]]
	        > d[[UNKNOWN]] σ[[UNKNOWN]] ^{\prime}[[POSTSUPERSCRIPT]] l[[UNKNOWN]] ^{\mu}[[POSTSUPERSCRIPT]] \{[[OPEN]] F[[UNKNOWN]] _{0\mu}[[POSTSUBSCRIPT]] ([[OPEN]] x[[UNKNOWN]] +[[ADDOP]] l[[UNKNOWN]] σ[[UNKNOWN]] ^{\prime}[[POSTSUPERSCRIPT]] )[[CLOSE]] +[[ADDOP]] D[[UNKNOWN]] _{\mu}[[POSTSUBSCRIPT]] A[[UNKNOWN]] _{0}[[POSTSUBSCRIPT]] ([[OPEN]] x[[UNKNOWN]] +[[ADDOP]] l[[UNKNOWN]] σ[[UNKNOWN]] ^{\prime}[[POSTSUPERSCRIPT]] )[[CLOSE]] \}[[CLOSE]] ][[CLOSE]] ∗[[MULOP]] e[[UNKNOWN]] ^{ikx}[[POSTSUPERSCRIPT]]
Warning:not_parsed:UNKNOWN.UNKNOWN.POSTSUBSCRIPT>OPEN MathParser failed to match rule 'Anything'
	at 0301133.tex; line 443 col 9 - line 443 col 9
	In "$\displaystyle\int d^{3}x~{}P_{*}\Biggl{[}\exp\left[ig\int_{0}^{1}d\sigma~{}l%
	\cdot A(x+l\sigma)\right]\int_{0}^{1}d\sigma^{\prime}~{}l^{\mu}D_{\mu}A_{0}(x+%
	l\sigma^{\prime})\}\Biggr{]}\ast e^{ikx}=0,\@@ENDINLINEMATH"
	∫[[INTOP]] d[[UNKNOWN]] ^{3}[[POSTSUPERSCRIPT]] x[[UNKNOWN]] P[[UNKNOWN]] _{*}[[POSTSUBSCRIPT]]
	        > [[[OPEN]] exp[[OPFUNCTION]] \left[[[OPEN]] i[[UNKNOWN]] g[[UNKNOWN]] ∫[[INTOP]] _{0}[[POSTSUBSCRIPT]] ^{1}[[POSTSUPERSCRIPT]] d[[UNKNOWN]] σ[[UNKNOWN]] l[[UNKNOWN]] ⋅[[MULOP]] A[[UNKNOWN]] ([[OPEN]] x[[UNKNOWN]] +[[ADDOP]] l[[UNKNOWN]] σ[[UNKNOWN]] )[[CLOSE]] \right][[CLOSE]] ∫[[INTOP]] _{0}[[POSTSUBSCRIPT]] ^{1}[[POSTSUPERSCRIPT]] d[[UNKNOWN]] σ[[UNKNOWN]] ^{\prime}[[POSTSUPERSCRIPT]] l[[UNKNOWN]] ^{\mu}[[POSTSUPERSCRIPT]] D[[UNKNOWN]] _{\mu}[[POSTSUBSCRIPT]] A[[UNKNOWN]] _{0}[[POSTSUBSCRIPT]] ([[OPEN]] x[[UNKNOWN]] +[[ADDOP]] l[[UNKNOWN]] σ[[UNKNOWN]] ^{\prime}[[POSTSUPERSCRIPT]] )[[CLOSE]] \}[[CLOSE]] ][[CLOSE]] ∗[[MULOP]] e[[UNKNOWN]] ^{ikx}[[POSTSUPERSCRIPT]] =[[RELOP]] 0[[NUMBER]]
Warning:not_parsed:UNKNOWN.UNKNOWN.POSTSUBSCRIPT>OPEN MathParser failed to match rule 'Anything'
	at 0301133.tex; line 443 col 9 - line 448 col 14
	In "$\displaystyle\int d^{3}x~{}P_{*}\Biggl{[}\exp\left[ig\int_{0}^{1}d\sigma~{}l%
	\cdot A(x+l\sigma)\right]\int_{0}^{1}d\sigma^{\prime}~{}l^{\mu}D_{\mu}A_{0}(x+%
	l\sigma^{\prime})\}\Biggr{]}\ast e^{ikx}=0,$"
	∫[[INTOP]] d[[UNKNOWN]] ^{3}[[POSTSUPERSCRIPT]] x[[UNKNOWN]] P[[UNKNOWN]] _{*}[[POSTSUBSCRIPT]]
	        > [[[OPEN]] exp[[OPFUNCTION]] \left[[[OPEN]] i[[UNKNOWN]] g[[UNKNOWN]] ∫[[INTOP]] _{0}[[POSTSUBSCRIPT]] ^{1}[[POSTSUPERSCRIPT]] d[[UNKNOWN]] σ[[UNKNOWN]] l[[UNKNOWN]] ⋅[[MULOP]] A[[UNKNOWN]] ([[OPEN]] x[[UNKNOWN]] +[[ADDOP]] l[[UNKNOWN]] σ[[UNKNOWN]] )[[CLOSE]] \right][[CLOSE]] ∫[[INTOP]] _{0}[[POSTSUBSCRIPT]] ^{1}[[POSTSUPERSCRIPT]] d[[UNKNOWN]] σ[[UNKNOWN]] ^{\prime}[[POSTSUPERSCRIPT]] l[[UNKNOWN]] ^{\mu}[[POSTSUPERSCRIPT]] D[[UNKNOWN]] _{\mu}[[POSTSUBSCRIPT]] A[[UNKNOWN]] _{0}[[POSTSUBSCRIPT]] ([[OPEN]] x[[UNKNOWN]] +[[ADDOP]] l[[UNKNOWN]] σ[[UNKNOWN]] ^{\prime}[[POSTSUPERSCRIPT]] )[[CLOSE]] \}[[CLOSE]] ][[CLOSE]] ∗[[MULOP]] e[[UNKNOWN]] ^{ikx}[[POSTSUPERSCRIPT]] =[[RELOP]] 0[[NUMBER]]
Warning:not_parsed:ATOM.UNKNOWN.POSTSUPERSCRIPT>PUNCT MathParser failed to match rule 'Anything'
	at 0301133.tex; line 662 col 3 - line 662 col 3
	In "$\displaystyle O_{\mu\nu}(k)=-ik_{\mu}A_{\nu}(k)+ik_{\nu}A_{\mu}(k)-ig\int%
	\frac{d^{3}p}{(2\pi)^{3}}~{}e^{-ik\times p\epsilon+\frac{i}{2}k\times p}~{}%
	\left[A_{\mu}(p)A_{\nu}(k-p)-A_{\nu}(p)A_{\mu}(k-p)\right]+ig\int_{\epsilon}^{%
	1-\epsilon}d\sigma\int\frac{d^{3}p}{(2\pi)^{3}}~{}e^{-ik\times p\sigma+\frac{i%
	}{2}k\times p}~{}\qquad\qquad{}\times l\cdot A(p)\left[-i(k-p)_{\mu}A_{\nu}(k-%
	p)+i(k-p)_{\nu}A_{\mu}(k-p)\right]{}+O(g^{2}),\@@ENDINLINEMATH"
	... _{\mu}[[POSTSUBSCRIPT]] ([[OPEN]] k[[UNKNOWN]] )[[CLOSE]] -[[ADDOP]] i[[UNKNOWN]] g[[UNKNOWN]] ∫[[INTOP]] \frac{d^{3}p}{(2\pi)^{3}}[[UNKNOWN]] e[[UNKNOWN]] ^{-ik\timesp\epsilon+\frac{i}{2}k\timesp}[[POSTSUPERSCRIPT]] \left[[[OPEN]] A[[UNKNOWN]] _{\mu}[[POSTSUBSCRIPT]] ([[OPEN]] p[[UNKNOWN]] )[[CLOSE]] A[[UNKNOWN]] _{\nu}[[POSTSUBSCRIPT]] ([[OPEN]] k[[UNKNOWN]] -[[ADDOP]] p[[UNKNOWN]] )[[CLOSE]] -[[ADDOP]] A[[UNKNOWN]] _{\nu}[[POSTSUBSCRIPT]] ([[OPEN]] p[[UNKNOWN]] )[[CLOSE]] A[[UNKNOWN]] _{\mu}[[POSTSUBSCRIPT]] ([[OPEN]] k[[UNKNOWN]] -[[ADDOP]] p[[UNKNOWN]] )[[CLOSE]] \right][[CLOSE]] +[[ADDOP]] i[[UNKNOWN]] g[[UNKNOWN]] ∫[[INTOP]] _{\epsilon}[[POSTSUBSCRIPT]] ^{1-\epsilon}[[POSTSUPERSCRIPT]] d[[UNKNOWN]] σ[[UNKNOWN]] ∫[[INTOP]] \frac{d^{3}p}{(2\pi)^{3}}[[UNKNOWN]] e[[UNKNOWN]] ^{-ik\timesp\sigma+\frac{i}{2}k\timesp}[[POSTSUPERSCRIPT]]
	        > $\displaystyleO_{\mu\nu}(k)=-ik_{\mu}A_{\nu}(k)+ik_{\nu}A_{\mu}(k)-ig\int\frac{d^{3}p}{(2\pi)^{3}}~{}e^{-ik\timesp\epsilon+\frac{i}{2}k\timesp}~{}\left[A_{\mu}(p)A_{\nu}(k-p)-A_{\nu}(p)A_{\mu}(k-p)\right]+ig\int_{\epsilon}^{1-\epsilon}d\sigma\int\frac{d^{3}p}{(2\pi)^{3}}~{}e^{-ik\timesp\sigma+\frac{i}{2}k\timesp}~{}\qquad\qquad{}\timesl\cdotA(p)\left[-i(k-p)_{\mu}A_{\nu}(k-p)+i(k-p)_{\nu}A_{\mu}(k-p)\right]{}+O(g^{2}),\@@ENDINLINEMATH[[PUNCT]] ×[[MULOP]] l[[UNKNOWN]] ⋅[[MULOP]] A[[UNKNOWN]] ([[OPEN]] p[[UNKNOWN]] )[[CLOSE]] \left[[[OPEN]] -[[ADDOP]] i[[UNKNOWN]] ([[OPEN]] k[[UNKNOWN]] -[[ADDOP]] p[[UNKNOWN]] )[[CLOSE]] _{\mu}[[POSTSUBSCRIPT]] A[[UNKNOWN]] _{\nu}[[POSTSUBSCRIPT]] ([[OPEN]] k[[UNKNOWN]] -[[ADDOP]] p[[UNKNOWN]] )[[CLOSE]] +[[ADDOP]] i[[UNKNOWN]] ([[OPEN]] k[[UNKNOWN]] -[[ADDOP]] p[[UNKNOWN]] )[[CLOSE]] _{\nu}[[POSTSUBSCRIPT]] A[[UNKNOWN]] _{\mu}[[POSTSUBSCRIPT]] ([[OPEN]] k[[UNKNOWN]] -[[ADDOP]] p[[UNKNOWN]] )[[CLOSE]] \right][[CLOSE]] +[[ADDOP]] O[[UNKNOWN]] ([[OPEN]] g[[UNKNOWN]] ^{2}[[POSTSUPERSCRIPT]] )[[CLOSE]]
Warning:not_parsed:CLOSE.CLOSE.ADDOP>OPEN MathParser failed to match rule 'Anything'
	at 0301133.tex; line 870 col 0 - line 870 col 27
	In "$\displaystyle\left\langle W(k)O_{\mu\nu}(k^{\prime})\right\rangle=ig(k\theta)%
	^{\rho}(-ik^{\prime}_{\mu})\left\langle A_{\rho}(k)A_{\nu}(k^{\prime})\right%
	\rangle-(\mu\leftrightarrow\nu)+O(g^{3})=-g(2\pi)^{3}\delta^{(3)}(k+k^{\prime}%
	)(k\theta)^{\rho}k^{\sigma}\frac{k_{\mu}\epsilon_{\rho\sigma\nu}-k_{\nu}%
	\epsilon_{\rho\sigma\mu}}{k^{2}}+O(g^{3}).\@@ENDINLINEMATH"
	\left\langle[[OPEN]] W[[UNKNOWN]] ([[OPEN]] k[[UNKNOWN]] )[[CLOSE]] O[[UNKNOWN]] _{\mu\nu}[[POSTSUBSCRIPT]] ([[OPEN]] k[[UNKNOWN]] ^{\prime}[[POSTSUPERSCRIPT]] )[[CLOSE]] \right\rangle[[CLOSE]] =[[RELOP]] i[[UNKNOWN]] g[[UNKNOWN]] ([[OPEN]] k[[UNKNOWN]] θ[[UNKNOWN]] )[[CLOSE]] ^{\rho}[[POSTSUPERSCRIPT]] ([[OPEN]] -[[ADDOP]] i[[UNKNOWN]] k[[UNKNOWN]] ^{\prime}[[POSTSUPERSCRIPT]] _{\mu}[[POSTSUBSCRIPT]] )[[CLOSE]] \left\langle[[OPEN]] A[[UNKNOWN]] _{\rho}[[POSTSUBSCRIPT]] ([[OPEN]] k[[UNKNOWN]] )[[CLOSE]] A[[UNKNOWN]] _{\nu}[[POSTSUBSCRIPT]] ([[OPEN]] k[[UNKNOWN]] ^{\prime}[[POSTSUPERSCRIPT]] )[[CLOSE]] \right\rangle[[CLOSE]] -[[ADDOP]]
	        > ([[OPEN]] μ[[UNKNOWN]] ↔[[METARELOP]] ν[[UNKNOWN]] )[[CLOSE]] +[[ADDOP]] O[[UNKNOWN]] ([[OPEN]] g[[UNKNOWN]] ^{3}[[POSTSUPERSCRIPT]] )[[CLOSE]] =[[RELOP]] -[[ADDOP]] g[[UNKNOWN]] ([[OPEN]] 2[[NUMBER]] π[[UNKNOWN]] )[[CLOSE]] ^{3}[[POSTSUPERSCRIPT]] δ[[UNKNOWN]] ^{(3)}[[POSTSUPERSCRIPT]] ([[OPEN]] k[[UNKNOWN]] +[[ADDOP]] k[[UNKNOWN]] ^{\prime}[[POSTSUPERSCRIPT]] )[[CLOSE]] ([[OPEN]] k[[UNKNOWN]] θ[[UNKNOWN]] )[[CLOSE]] ^{\rho}[[POSTSUPERSCRIPT]] k[[UNKNOWN]] ^{\sigma}[[POSTSUPERSCRIPT]] \frac{k_{\mu}\epsilon_{\rho\sigma\nu}-k_{\nu}\epsilon_{\rho\sigma\mu}}{k^{2}}[[UNKNOWN]] +[[ADDOP]] O[[UNKNOWN]] ([[OPEN]] g[[UNKNOWN]] ^{3}[[POSTSUPERSCRIPT]] )[[CLOSE]]
Warning:not_parsed:CLOSE.CLOSE.ADDOP>OPEN MathParser failed to match rule 'Anything'
	at 0301133.tex; line 871 col 7 - line 874 col 3
	In "$\displaystyle ig(k\theta)^{\rho}(-ik^{\prime}_{\mu})\left\langle A_{\rho}(k)A%
	_{\nu}(k^{\prime})\right\rangle-(\mu\leftrightarrow\nu)+O(g^{3})$"
	i[[UNKNOWN]] g[[UNKNOWN]] ([[OPEN]] k[[UNKNOWN]] θ[[UNKNOWN]] )[[CLOSE]] ^{\rho}[[POSTSUPERSCRIPT]] ([[OPEN]] -[[ADDOP]] i[[UNKNOWN]] k[[UNKNOWN]] ^{\prime}[[POSTSUPERSCRIPT]] _{\mu}[[POSTSUBSCRIPT]] )[[CLOSE]] \left\langle[[OPEN]] A[[UNKNOWN]] _{\rho}[[POSTSUBSCRIPT]] ([[OPEN]] k[[UNKNOWN]] )[[CLOSE]] A[[UNKNOWN]] _{\nu}[[POSTSUBSCRIPT]] ([[OPEN]] k[[UNKNOWN]] ^{\prime}[[POSTSUPERSCRIPT]] )[[CLOSE]] \right\rangle[[CLOSE]] -[[ADDOP]]
	        > ([[OPEN]] μ[[UNKNOWN]] ↔[[METARELOP]] ν[[UNKNOWN]] )[[CLOSE]] +[[ADDOP]] O[[UNKNOWN]] ([[OPEN]] g[[UNKNOWN]] ^{3}[[POSTSUPERSCRIPT]] )[[CLOSE]]
Warning:not_parsed:MULOP>OPEN MathParser failed to match rule 'Anything'
	at 0301133.tex; line 970 col 22 - line 970 col 22
	In "$\displaystyle\qquad\quad\times\biggl{[}-(k^{2}+k\cdot p)(k_{\mu}l_{\nu}-k_{%
	\nu}l_{\mu})-(k^{2}+2k\cdot p)(p_{\mu}l_{\nu}-p_{\nu}l_{\mu})\@@ENDINLINEMATH"
	×[[MULOP]]
	        > [[[OPEN]] -[[ADDOP]] ([[OPEN]] k[[UNKNOWN]] ^{2}[[POSTSUPERSCRIPT]] +[[ADDOP]] k[[UNKNOWN]] ⋅[[MULOP]] p[[UNKNOWN]] )[[CLOSE]] ([[OPEN]] k[[UNKNOWN]] _{\mu}[[POSTSUBSCRIPT]] l[[UNKNOWN]] _{\nu}[[POSTSUBSCRIPT]] -[[ADDOP]] k[[UNKNOWN]] _{\nu}[[POSTSUBSCRIPT]] l[[UNKNOWN]] _{\mu}[[POSTSUBSCRIPT]] )[[CLOSE]] -[[ADDOP]] ([[OPEN]] k[[UNKNOWN]] ^{2}[[POSTSUPERSCRIPT]] +[[ADDOP]] 2[[NUMBER]] k[[UNKNOWN]] ⋅[[MULOP]] p[[UNKNOWN]] )[[CLOSE]] ([[OPEN]] p[[UNKNOWN]] _{\mu}[[POSTSUBSCRIPT]] l[[UNKNOWN]] _{\nu}[[POSTSUBSCRIPT]] -[[ADDOP]] p[[UNKNOWN]] _{\nu}[[POSTSUBSCRIPT]] l[[UNKNOWN]] _{\mu}[[POSTSUBSCRIPT]] )[[CLOSE]]
Warning:not_parsed:MULOP>OPEN MathParser failed to match rule 'Anything'
	at 0301133.tex; line 970 col 22 - line 973 col 14
	In "$\displaystyle\qquad\quad\times\biggl{[}-(k^{2}+k\cdot p)(k_{\mu}l_{\nu}-k_{%
	\nu}l_{\mu})-(k^{2}+2k\cdot p)(p_{\mu}l_{\nu}-p_{\nu}l_{\mu})$"
	×[[MULOP]]
	        > [[[OPEN]] -[[ADDOP]] ([[OPEN]] k[[UNKNOWN]] ^{2}[[POSTSUPERSCRIPT]] +[[ADDOP]] k[[UNKNOWN]] ⋅[[MULOP]] p[[UNKNOWN]] )[[CLOSE]] ([[OPEN]] k[[UNKNOWN]] _{\mu}[[POSTSUBSCRIPT]] l[[UNKNOWN]] _{\nu}[[POSTSUBSCRIPT]] -[[ADDOP]] k[[UNKNOWN]] _{\nu}[[POSTSUBSCRIPT]] l[[UNKNOWN]] _{\mu}[[POSTSUBSCRIPT]] )[[CLOSE]] -[[ADDOP]] ([[OPEN]] k[[UNKNOWN]] ^{2}[[POSTSUPERSCRIPT]] +[[ADDOP]] 2[[NUMBER]] k[[UNKNOWN]] ⋅[[MULOP]] p[[UNKNOWN]] )[[CLOSE]] ([[OPEN]] p[[UNKNOWN]] _{\mu}[[POSTSUBSCRIPT]] l[[UNKNOWN]] _{\nu}[[POSTSUBSCRIPT]] -[[ADDOP]] p[[UNKNOWN]] _{\nu}[[POSTSUBSCRIPT]] l[[UNKNOWN]] _{\mu}[[POSTSUBSCRIPT]] )[[CLOSE]]
Warning:not_parsed:UNKNOWN.POSTSUBSCRIPT.CLOSE>CLOSE MathParser failed to match rule 'Anything'
	at 0301133.tex; line 973 col 22 - line 973 col 22
	In "$\displaystyle\qquad\qquad\quad+2(k\times p)(p_{\mu}k_{\nu}-p_{\nu}k_{\mu})%
	\biggr{]}.\@@ENDINLINEMATH"
	+[[ADDOP]] 2[[NUMBER]] ([[OPEN]] k[[UNKNOWN]] ×[[MULOP]] p[[UNKNOWN]] )[[CLOSE]] ([[OPEN]] p[[UNKNOWN]] _{\mu}[[POSTSUBSCRIPT]] k[[UNKNOWN]] _{\nu}[[POSTSUBSCRIPT]] -[[ADDOP]] p[[UNKNOWN]] _{\nu}[[POSTSUBSCRIPT]] k[[UNKNOWN]] _{\mu}[[POSTSUBSCRIPT]] )[[CLOSE]]
	        > ][[CLOSE]]
Warning:not_parsed:UNKNOWN.POSTSUBSCRIPT.CLOSE>CLOSE MathParser failed to match rule 'Anything'
	at 0301133.tex; line 973 col 22 - line 975 col 14
	In "$\displaystyle\qquad\qquad\quad+2(k\times p)(p_{\mu}k_{\nu}-p_{\nu}k_{\mu})%
	\biggr{]}.$"
	+[[ADDOP]] 2[[NUMBER]] ([[OPEN]] k[[UNKNOWN]] ×[[MULOP]] p[[UNKNOWN]] )[[CLOSE]] ([[OPEN]] p[[UNKNOWN]] _{\mu}[[POSTSUBSCRIPT]] k[[UNKNOWN]] _{\nu}[[POSTSUBSCRIPT]] -[[ADDOP]] p[[UNKNOWN]] _{\nu}[[POSTSUBSCRIPT]] k[[UNKNOWN]] _{\mu}[[POSTSUBSCRIPT]] )[[CLOSE]]
	        > ][[CLOSE]]
Warning:not_parsed:MULOP>OPEN MathParser failed to match rule 'Anything'
	at 0301133.tex; line 1005 col 22 - line 1005 col 22
	In "$\displaystyle\qquad\times\biggl{[}-2(k\times p)(k_{\mu}p_{\nu}-k_{\nu}p_{\mu}%
	)-(2p^{2}+k\cdot p)(l_{\mu}k_{\nu}-l_{\nu}k_{\mu})\@@ENDINLINEMATH"
	×[[MULOP]]
	        > [[[OPEN]] -[[ADDOP]] 2[[NUMBER]] ([[OPEN]] k[[UNKNOWN]] ×[[MULOP]] p[[UNKNOWN]] )[[CLOSE]] ([[OPEN]] k[[UNKNOWN]] _{\mu}[[POSTSUBSCRIPT]] p[[UNKNOWN]] _{\nu}[[POSTSUBSCRIPT]] -[[ADDOP]] k[[UNKNOWN]] _{\nu}[[POSTSUBSCRIPT]] p[[UNKNOWN]] _{\mu}[[POSTSUBSCRIPT]] )[[CLOSE]] -[[ADDOP]] ([[OPEN]] 2[[NUMBER]] p[[UNKNOWN]] ^{2}[[POSTSUPERSCRIPT]] +[[ADDOP]] k[[UNKNOWN]] ⋅[[MULOP]] p[[UNKNOWN]] )[[CLOSE]] ([[OPEN]] l[[UNKNOWN]] _{\mu}[[POSTSUBSCRIPT]] k[[UNKNOWN]] _{\nu}[[POSTSUBSCRIPT]] -[[ADDOP]] l[[UNKNOWN]] _{\nu}[[POSTSUBSCRIPT]] k[[UNKNOWN]] _{\mu}[[POSTSUBSCRIPT]] )[[CLOSE]]
Warning:not_parsed:MULOP>OPEN MathParser failed to match rule 'Anything'
	at 0301133.tex; line 1005 col 22 - line 1009 col 14
	In "$\displaystyle\qquad\times\biggl{[}-2(k\times p)(k_{\mu}p_{\nu}-k_{\nu}p_{\mu}%
	)-(2p^{2}+k\cdot p)(l_{\mu}k_{\nu}-l_{\nu}k_{\mu})$"
	×[[MULOP]]
	        > [[[OPEN]] -[[ADDOP]] 2[[NUMBER]] ([[OPEN]] k[[UNKNOWN]] ×[[MULOP]] p[[UNKNOWN]] )[[CLOSE]] ([[OPEN]] k[[UNKNOWN]] _{\mu}[[POSTSUBSCRIPT]] p[[UNKNOWN]] _{\nu}[[POSTSUBSCRIPT]] -[[ADDOP]] k[[UNKNOWN]] _{\nu}[[POSTSUBSCRIPT]] p[[UNKNOWN]] _{\mu}[[POSTSUBSCRIPT]] )[[CLOSE]] -[[ADDOP]] ([[OPEN]] 2[[NUMBER]] p[[UNKNOWN]] ^{2}[[POSTSUPERSCRIPT]] +[[ADDOP]] k[[UNKNOWN]] ⋅[[MULOP]] p[[UNKNOWN]] )[[CLOSE]] ([[OPEN]] l[[UNKNOWN]] _{\mu}[[POSTSUBSCRIPT]] k[[UNKNOWN]] _{\nu}[[POSTSUBSCRIPT]] -[[ADDOP]] l[[UNKNOWN]] _{\nu}[[POSTSUBSCRIPT]] k[[UNKNOWN]] _{\mu}[[POSTSUBSCRIPT]] )[[CLOSE]]
Warning:not_parsed:UNKNOWN.POSTSUBSCRIPT.CLOSE>CLOSE MathParser failed to match rule 'Anything'
	at 0301133.tex; line 1009 col 22 - line 1009 col 22
	In "$\displaystyle\qquad\qquad+(k^{2}+2k\cdot p)(l_{\mu}p_{\nu}-l_{\nu}p_{\mu})%
	\biggr{]}.\@@ENDINLINEMATH"
	+[[ADDOP]] ([[OPEN]] k[[UNKNOWN]] ^{2}[[POSTSUPERSCRIPT]] +[[ADDOP]] 2[[NUMBER]] k[[UNKNOWN]] ⋅[[MULOP]] p[[UNKNOWN]] )[[CLOSE]] ([[OPEN]] l[[UNKNOWN]] _{\mu}[[POSTSUBSCRIPT]] p[[UNKNOWN]] _{\nu}[[POSTSUBSCRIPT]] -[[ADDOP]] l[[UNKNOWN]] _{\nu}[[POSTSUBSCRIPT]] p[[UNKNOWN]] _{\mu}[[POSTSUBSCRIPT]] )[[CLOSE]]
	        > ][[CLOSE]]
Warning:not_parsed:UNKNOWN.POSTSUBSCRIPT.CLOSE>CLOSE MathParser failed to match rule 'Anything'
	at 0301133.tex; line 1009 col 22 - line 1013 col 14
	In "$\displaystyle\qquad\qquad+(k^{2}+2k\cdot p)(l_{\mu}p_{\nu}-l_{\nu}p_{\mu})%
	\biggr{]}.$"
	+[[ADDOP]] ([[OPEN]] k[[UNKNOWN]] ^{2}[[POSTSUPERSCRIPT]] +[[ADDOP]] 2[[NUMBER]] k[[UNKNOWN]] ⋅[[MULOP]] p[[UNKNOWN]] )[[CLOSE]] ([[OPEN]] l[[UNKNOWN]] _{\mu}[[POSTSUBSCRIPT]] p[[UNKNOWN]] _{\nu}[[POSTSUBSCRIPT]] -[[ADDOP]] l[[UNKNOWN]] _{\nu}[[POSTSUBSCRIPT]] p[[UNKNOWN]] _{\mu}[[POSTSUBSCRIPT]] )[[CLOSE]]
	        > ][[CLOSE]]
Warning:not_parsed:UNKNOWN.POSTSUPERSCRIPT.CLOSE>OPEN MathParser failed to match rule 'Anything'
	at 0301133.tex; line 1110 col 8 - line 1110 col 8
	In "$\displaystyle(ig)^{3}\delta^{(3)}(k+k^{\prime})\Biggl{[}\int_{0}^{\epsilon}d%
	\sigma\int d^{3}p~{}\frac{e^{-ik\times p\sigma}}{p^{2}(k-p)^{2}}\left\{(k%
	\times p)(k_{\mu}l_{\nu}-k_{\nu}l_{\mu})-l^{2}(k_{\mu}p_{\nu}-k_{\nu}p_{\mu})%
	\right\}\@@ENDINLINEMATH"
	([[OPEN]] i[[UNKNOWN]] g[[UNKNOWN]] )[[CLOSE]] ^{3}[[POSTSUPERSCRIPT]] δ[[UNKNOWN]] ^{(3)}[[POSTSUPERSCRIPT]] ([[OPEN]] k[[UNKNOWN]] +[[ADDOP]] k[[UNKNOWN]] ^{\prime}[[POSTSUPERSCRIPT]] )[[CLOSE]]
	        > [[[OPEN]] ∫[[INTOP]] _{0}[[POSTSUBSCRIPT]] ^{\epsilon}[[POSTSUPERSCRIPT]] d[[UNKNOWN]] σ[[UNKNOWN]] ∫[[INTOP]] d[[UNKNOWN]] ^{3}[[POSTSUPERSCRIPT]] p[[UNKNOWN]] \frac{e^{-ik\timesp\sigma}}{p^{2}(k-p)^{2}}[[UNKNOWN]] \left\{[[OPEN]] ([[OPEN]] k[[UNKNOWN]] ×[[MULOP]] p[[UNKNOWN]] )[[CLOSE]] ([[OPEN]] k[[UNKNOWN]] _{\mu}[[POSTSUBSCRIPT]] l[[UNKNOWN]] _{\nu}[[POSTSUBSCRIPT]] -[[ADDOP]] k[[UNKNOWN]] _{\nu}[[POSTSUBSCRIPT]] l[[UNKNOWN]] _{\mu}[[POSTSUBSCRIPT]] )[[CLOSE]] -[[ADDOP]] l[[UNKNOWN]] ^{2}[[POSTSUPERSCRIPT]] ([[OPEN]] k[[UNKNOWN]] _{\mu}[[POSTSUBSCRIPT]] p[[UNKNOWN]] _{\nu}[[POSTSUBSCRIPT]] -[[ADDOP]] k[[UNKNOWN]] _{\nu}[[POSTSUBSCRIPT]] p[[UNKNOWN]] _{\mu}[[POSTSUBSCRIPT]] )[[CLOSE]] \right\}[[CLOSE]]
Warning:not_parsed:UNKNOWN.POSTSUPERSCRIPT.CLOSE>OPEN MathParser failed to match rule 'Anything'
	at 0301133.tex; line 1110 col 8 - line 1120 col 5
	In "$\displaystyle(ig)^{3}\delta^{(3)}(k+k^{\prime})\Biggl{[}\int_{0}^{\epsilon}d%
	\sigma\int d^{3}p~{}\frac{e^{-ik\times p\sigma}}{p^{2}(k-p)^{2}}\left\{(k%
	\times p)(k_{\mu}l_{\nu}-k_{\nu}l_{\mu})-l^{2}(k_{\mu}p_{\nu}-k_{\nu}p_{\mu})%
	\right\}$"
	([[OPEN]] i[[UNKNOWN]] g[[UNKNOWN]] )[[CLOSE]] ^{3}[[POSTSUPERSCRIPT]] δ[[UNKNOWN]] ^{(3)}[[POSTSUPERSCRIPT]] ([[OPEN]] k[[UNKNOWN]] +[[ADDOP]] k[[UNKNOWN]] ^{\prime}[[POSTSUPERSCRIPT]] )[[CLOSE]]
	        > [[[OPEN]] ∫[[INTOP]] _{0}[[POSTSUBSCRIPT]] ^{\epsilon}[[POSTSUPERSCRIPT]] d[[UNKNOWN]] σ[[UNKNOWN]] ∫[[INTOP]] d[[UNKNOWN]] ^{3}[[POSTSUPERSCRIPT]] p[[UNKNOWN]] \frac{e^{-ik\timesp\sigma}}{p^{2}(k-p)^{2}}[[UNKNOWN]] \left\{[[OPEN]] ([[OPEN]] k[[UNKNOWN]] ×[[MULOP]] p[[UNKNOWN]] )[[CLOSE]] ([[OPEN]] k[[UNKNOWN]] _{\mu}[[POSTSUBSCRIPT]] l[[UNKNOWN]] _{\nu}[[POSTSUBSCRIPT]] -[[ADDOP]] k[[UNKNOWN]] _{\nu}[[POSTSUBSCRIPT]] l[[UNKNOWN]] _{\mu}[[POSTSUBSCRIPT]] )[[CLOSE]] -[[ADDOP]] l[[UNKNOWN]] ^{2}[[POSTSUPERSCRIPT]] ([[OPEN]] k[[UNKNOWN]] _{\mu}[[POSTSUBSCRIPT]] p[[UNKNOWN]] _{\nu}[[POSTSUBSCRIPT]] -[[ADDOP]] k[[UNKNOWN]] _{\nu}[[POSTSUBSCRIPT]] p[[UNKNOWN]] _{\mu}[[POSTSUBSCRIPT]] )[[CLOSE]] \right\}[[CLOSE]]
Warning:not_parsed:POSTSUBSCRIPT.CLOSE.CLOSE>CLOSE MathParser failed to match rule 'Anything'
	at 0301133.tex; line 1120 col 0 - line 1120 col 13
	In "$\displaystyle\qquad-\int_{1-2\epsilon}^{1-\epsilon}d\sigma\int d^{3}p~{}\frac%
	{e^{-ik\times p\sigma}}{p^{2}(k-p)^{2}}\left\{(k\times p)(k_{\mu}l_{\nu}-k_{%
	\nu}l_{\mu})-l^{2}(k_{\mu}p_{\nu}-k_{\nu}p_{\mu})\right\}\Biggr{]}.\@@ENDINLINEMATH"
	-[[ADDOP]] ∫[[INTOP]] _{1-2\epsilon}[[POSTSUBSCRIPT]] ^{1-\epsilon}[[POSTSUPERSCRIPT]] d[[UNKNOWN]] σ[[UNKNOWN]] ∫[[INTOP]] d[[UNKNOWN]] ^{3}[[POSTSUPERSCRIPT]] p[[UNKNOWN]] \frac{e^{-ik\timesp\sigma}}{p^{2}(k-p)^{2}}[[UNKNOWN]] \left\{[[OPEN]] ([[OPEN]] k[[UNKNOWN]] ×[[MULOP]] p[[UNKNOWN]] )[[CLOSE]] ([[OPEN]] k[[UNKNOWN]] _{\mu}[[POSTSUBSCRIPT]] l[[UNKNOWN]] _{\nu}[[POSTSUBSCRIPT]] -[[ADDOP]] k[[UNKNOWN]] _{\nu}[[POSTSUBSCRIPT]] l[[UNKNOWN]] _{\mu}[[POSTSUBSCRIPT]] )[[CLOSE]] -[[ADDOP]] l[[UNKNOWN]] ^{2}[[POSTSUPERSCRIPT]] ([[OPEN]] k[[UNKNOWN]] _{\mu}[[POSTSUBSCRIPT]] p[[UNKNOWN]] _{\nu}[[POSTSUBSCRIPT]] -[[ADDOP]] k[[UNKNOWN]] _{\nu}[[POSTSUBSCRIPT]] p[[UNKNOWN]] _{\mu}[[POSTSUBSCRIPT]] )[[CLOSE]] \right\}[[CLOSE]]
	        > ][[CLOSE]]
Warning:not_parsed:POSTSUBSCRIPT.CLOSE.CLOSE>CLOSE MathParser failed to match rule 'Anything'
	at 0301133.tex; line 1120 col 0 - line 1128 col 14
	In "$\displaystyle\qquad-\int_{1-2\epsilon}^{1-\epsilon}d\sigma\int d^{3}p~{}\frac%
	{e^{-ik\times p\sigma}}{p^{2}(k-p)^{2}}\left\{(k\times p)(k_{\mu}l_{\nu}-k_{%
	\nu}l_{\mu})-l^{2}(k_{\mu}p_{\nu}-k_{\nu}p_{\mu})\right\}\Biggr{]}.$"
	-[[ADDOP]] ∫[[INTOP]] _{1-2\epsilon}[[POSTSUBSCRIPT]] ^{1-\epsilon}[[POSTSUPERSCRIPT]] d[[UNKNOWN]] σ[[UNKNOWN]] ∫[[INTOP]] d[[UNKNOWN]] ^{3}[[POSTSUPERSCRIPT]] p[[UNKNOWN]] \frac{e^{-ik\timesp\sigma}}{p^{2}(k-p)^{2}}[[UNKNOWN]] \left\{[[OPEN]] ([[OPEN]] k[[UNKNOWN]] ×[[MULOP]] p[[UNKNOWN]] )[[CLOSE]] ([[OPEN]] k[[UNKNOWN]] _{\mu}[[POSTSUBSCRIPT]] l[[UNKNOWN]] _{\nu}[[POSTSUBSCRIPT]] -[[ADDOP]] k[[UNKNOWN]] _{\nu}[[POSTSUBSCRIPT]] l[[UNKNOWN]] _{\mu}[[POSTSUBSCRIPT]] )[[CLOSE]] -[[ADDOP]] l[[UNKNOWN]] ^{2}[[POSTSUPERSCRIPT]] ([[OPEN]] k[[UNKNOWN]] _{\mu}[[POSTSUBSCRIPT]] p[[UNKNOWN]] _{\nu}[[POSTSUBSCRIPT]] -[[ADDOP]] k[[UNKNOWN]] _{\nu}[[POSTSUBSCRIPT]] p[[UNKNOWN]] _{\mu}[[POSTSUBSCRIPT]] )[[CLOSE]] \right\}[[CLOSE]]
	        > ][[CLOSE]]
Warning:not_parsed:MULOP>OPEN MathParser failed to match rule 'Anything'
	at 0301133.tex; line 1275 col 22 - line 1275 col 22
	In "$\displaystyle\qquad\qquad\times\Bigl{[}e^{-ik_{3}\times p\sigma+\frac{i}{2}k_%
	{3}\times p}\left\langle l_{1}\cdot A(k_{1})~{}l_{2}\cdot A(k_{2})~{}l_{3}%
	\cdot A(p)~{}l_{3}\cdot A(k_{3}-p)\right\rangle\@@ENDINLINEMATH"
	×[[MULOP]]
	        > [[[OPEN]] e[[UNKNOWN]] ^{-ik_{3}\timesp\sigma+\frac{i}{2}k_{3}\timesp}[[POSTSUPERSCRIPT]] \left\langle[[OPEN]] l[[UNKNOWN]] _{1}[[POSTSUBSCRIPT]] ⋅[[MULOP]] A[[UNKNOWN]] ([[OPEN]] k[[UNKNOWN]] _{1}[[POSTSUBSCRIPT]] )[[CLOSE]] l[[UNKNOWN]] _{2}[[POSTSUBSCRIPT]] ⋅[[MULOP]] A[[UNKNOWN]] ([[OPEN]] k[[UNKNOWN]] _{2}[[POSTSUBSCRIPT]] )[[CLOSE]] l[[UNKNOWN]] _{3}[[POSTSUBSCRIPT]] ⋅[[MULOP]] A[[UNKNOWN]] ([[OPEN]] p[[UNKNOWN]] )[[CLOSE]] l[[UNKNOWN]] _{3}[[POSTSUBSCRIPT]] ⋅[[MULOP]] A[[UNKNOWN]] ([[OPEN]] k[[UNKNOWN]] _{3}[[POSTSUBSCRIPT]] -[[ADDOP]] p[[UNKNOWN]] )[[CLOSE]] \right\rangle[[CLOSE]]
Warning:not_parsed:MULOP>OPEN MathParser failed to match rule 'Anything'
	at 0301133.tex; line 1275 col 22 - line 1280 col 14
	In "$\displaystyle\qquad\qquad\times\Bigl{[}e^{-ik_{3}\times p\sigma+\frac{i}{2}k_%
	{3}\times p}\left\langle l_{1}\cdot A(k_{1})~{}l_{2}\cdot A(k_{2})~{}l_{3}%
	\cdot A(p)~{}l_{3}\cdot A(k_{3}-p)\right\rangle$"
	×[[MULOP]]
	        > [[[OPEN]] e[[UNKNOWN]] ^{-ik_{3}\timesp\sigma+\frac{i}{2}k_{3}\timesp}[[POSTSUPERSCRIPT]] \left\langle[[OPEN]] l[[UNKNOWN]] _{1}[[POSTSUBSCRIPT]] ⋅[[MULOP]] A[[UNKNOWN]] ([[OPEN]] k[[UNKNOWN]] _{1}[[POSTSUBSCRIPT]] )[[CLOSE]] l[[UNKNOWN]] _{2}[[POSTSUBSCRIPT]] ⋅[[MULOP]] A[[UNKNOWN]] ([[OPEN]] k[[UNKNOWN]] _{2}[[POSTSUBSCRIPT]] )[[CLOSE]] l[[UNKNOWN]] _{3}[[POSTSUBSCRIPT]] ⋅[[MULOP]] A[[UNKNOWN]] ([[OPEN]] p[[UNKNOWN]] )[[CLOSE]] l[[UNKNOWN]] _{3}[[POSTSUBSCRIPT]] ⋅[[MULOP]] A[[UNKNOWN]] ([[OPEN]] k[[UNKNOWN]] _{3}[[POSTSUBSCRIPT]] -[[ADDOP]] p[[UNKNOWN]] )[[CLOSE]] \right\rangle[[CLOSE]]
Warning:not_parsed:POSTSUBSCRIPT.CLOSE.CLOSE>CLOSE MathParser failed to match rule 'Anything'
	at 0301133.tex; line 1280 col 22 - line 1280 col 22
	In "$\displaystyle\qquad\qquad\qquad+((k_{1},k_{2},k_{3})\to(k_{2},k_{3},k_{1}))+(%
	(k_{1},k_{2},k_{3})\to(k_{3},k_{1},k_{2}))\Bigr{]}\@@ENDINLINEMATH"
	+[[ADDOP]] ([[OPEN]] ([[OPEN]] k[[UNKNOWN]] _{1}[[POSTSUBSCRIPT]] ,[[PUNCT]] k[[UNKNOWN]] _{2}[[POSTSUBSCRIPT]] ,[[PUNCT]] k[[UNKNOWN]] _{3}[[POSTSUBSCRIPT]] )[[CLOSE]] →[[ARROW]] ([[OPEN]] k[[UNKNOWN]] _{2}[[POSTSUBSCRIPT]] ,[[PUNCT]] k[[UNKNOWN]] _{3}[[POSTSUBSCRIPT]] ,[[PUNCT]] k[[UNKNOWN]] _{1}[[POSTSUBSCRIPT]] )[[CLOSE]] )[[CLOSE]] +[[ADDOP]] ([[OPEN]] ([[OPEN]] k[[UNKNOWN]] _{1}[[POSTSUBSCRIPT]] ,[[PUNCT]] k[[UNKNOWN]] _{2}[[POSTSUBSCRIPT]] ,[[PUNCT]] k[[UNKNOWN]] _{3}[[POSTSUBSCRIPT]] )[[CLOSE]] →[[ARROW]] ([[OPEN]] k[[UNKNOWN]] _{3}[[POSTSUBSCRIPT]] ,[[PUNCT]] k[[UNKNOWN]] _{1}[[POSTSUBSCRIPT]] ,[[PUNCT]] k[[UNKNOWN]] _{2}[[POSTSUBSCRIPT]] )[[CLOSE]] )[[CLOSE]]
	        > ][[CLOSE]]
Warning:not_parsed:POSTSUBSCRIPT.CLOSE.CLOSE>CLOSE MathParser failed to match rule 'Anything'
	at 0301133.tex; line 1280 col 22 - line 1283 col 14
	In "$\displaystyle\qquad\qquad\qquad+((k_{1},k_{2},k_{3})\to(k_{2},k_{3},k_{1}))+(%
	(k_{1},k_{2},k_{3})\to(k_{3},k_{1},k_{2}))\Bigr{]}$"
	+[[ADDOP]] ([[OPEN]] ([[OPEN]] k[[UNKNOWN]] _{1}[[POSTSUBSCRIPT]] ,[[PUNCT]] k[[UNKNOWN]] _{2}[[POSTSUBSCRIPT]] ,[[PUNCT]] k[[UNKNOWN]] _{3}[[POSTSUBSCRIPT]] )[[CLOSE]] →[[ARROW]] ([[OPEN]] k[[UNKNOWN]] _{2}[[POSTSUBSCRIPT]] ,[[PUNCT]] k[[UNKNOWN]] _{3}[[POSTSUBSCRIPT]] ,[[PUNCT]] k[[UNKNOWN]] _{1}[[POSTSUBSCRIPT]] )[[CLOSE]] )[[CLOSE]] +[[ADDOP]] ([[OPEN]] ([[OPEN]] k[[UNKNOWN]] _{1}[[POSTSUBSCRIPT]] ,[[PUNCT]] k[[UNKNOWN]] _{2}[[POSTSUBSCRIPT]] ,[[PUNCT]] k[[UNKNOWN]] _{3}[[POSTSUBSCRIPT]] )[[CLOSE]] →[[ARROW]] ([[OPEN]] k[[UNKNOWN]] _{3}[[POSTSUBSCRIPT]] ,[[PUNCT]] k[[UNKNOWN]] _{1}[[POSTSUBSCRIPT]] ,[[PUNCT]] k[[UNKNOWN]] _{2}[[POSTSUBSCRIPT]] )[[CLOSE]] )[[CLOSE]]
	        > ][[CLOSE]]
Warning:not_parsed:ATOM.POSTSUBSCRIPT>CLOSE MathParser failed to match rule 'Anything'
	at 0301133.tex; line 1334 col 37 - line 1334 col 60
	In "$\vec{k}_{i})^{\mu}=(k_{i})^{\mu}$"
	\vec{k}[[UNKNOWN]] _{i}[[POSTSUBSCRIPT]]
	        > )[[CLOSE]] ^{\mu}[[POSTSUPERSCRIPT]] =[[RELOP]] ([[OPEN]] k[[UNKNOWN]] _{i}[[POSTSUBSCRIPT]] )[[CLOSE]] ^{\mu}[[POSTSUPERSCRIPT]]
Warning:not_parsed:CLOSE.CLOSE.ADDOP>OPEN MathParser failed to match rule 'Anything'
	at 0301133.tex; line 1745 col 22 - line 1745 col 22
	In "$\displaystyle\qquad\qquad\times\left\langle l^{\mu_{1}}A_{\mu_{1}}(p)l^{\mu_{%
	2}}A_{\mu_{2}}(k-p)(-ik^{\prime}_{\mu})A_{\nu}(k^{\prime})\right\rangle-(\mu%
	\leftrightarrow\nu).\@@ENDINLINEMATH"
	×[[MULOP]] \left\langle[[OPEN]] l[[UNKNOWN]] ^{\mu_{1}}[[POSTSUPERSCRIPT]] A[[UNKNOWN]] _{\mu_{1}}[[POSTSUBSCRIPT]] ([[OPEN]] p[[UNKNOWN]] )[[CLOSE]] l[[UNKNOWN]] ^{\mu_{2}}[[POSTSUPERSCRIPT]] A[[UNKNOWN]] _{\mu_{2}}[[POSTSUBSCRIPT]] ([[OPEN]] k[[UNKNOWN]] -[[ADDOP]] p[[UNKNOWN]] )[[CLOSE]] ([[OPEN]] -[[ADDOP]] i[[UNKNOWN]] k[[UNKNOWN]] ^{\prime}[[POSTSUPERSCRIPT]] _{\mu}[[POSTSUBSCRIPT]] )[[CLOSE]] A[[UNKNOWN]] _{\nu}[[POSTSUBSCRIPT]] ([[OPEN]] k[[UNKNOWN]] ^{\prime}[[POSTSUPERSCRIPT]] )[[CLOSE]] \right\rangle[[CLOSE]] -[[ADDOP]]
	        > ([[OPEN]] μ[[UNKNOWN]] ↔[[METARELOP]] ν[[UNKNOWN]] )[[CLOSE]]
Warning:not_parsed:CLOSE.CLOSE.ADDOP>OPEN MathParser failed to match rule 'Anything'
	at 0301133.tex; line 1745 col 22 - line 1749 col 14
	In "$\displaystyle\qquad\qquad\times\left\langle l^{\mu_{1}}A_{\mu_{1}}(p)l^{\mu_{%
	2}}A_{\mu_{2}}(k-p)(-ik^{\prime}_{\mu})A_{\nu}(k^{\prime})\right\rangle-(\mu%
	\leftrightarrow\nu).$"
	×[[MULOP]] \left\langle[[OPEN]] l[[UNKNOWN]] ^{\mu_{1}}[[POSTSUPERSCRIPT]] A[[UNKNOWN]] _{\mu_{1}}[[POSTSUBSCRIPT]] ([[OPEN]] p[[UNKNOWN]] )[[CLOSE]] l[[UNKNOWN]] ^{\mu_{2}}[[POSTSUPERSCRIPT]] A[[UNKNOWN]] _{\mu_{2}}[[POSTSUBSCRIPT]] ([[OPEN]] k[[UNKNOWN]] -[[ADDOP]] p[[UNKNOWN]] )[[CLOSE]] ([[OPEN]] -[[ADDOP]] i[[UNKNOWN]] k[[UNKNOWN]] ^{\prime}[[POSTSUPERSCRIPT]] _{\mu}[[POSTSUBSCRIPT]] )[[CLOSE]] A[[UNKNOWN]] _{\nu}[[POSTSUBSCRIPT]] ([[OPEN]] k[[UNKNOWN]] ^{\prime}[[POSTSUPERSCRIPT]] )[[CLOSE]] \right\rangle[[CLOSE]] -[[ADDOP]]
	        > ([[OPEN]] μ[[UNKNOWN]] ↔[[METARELOP]] ν[[UNKNOWN]] )[[CLOSE]]
Warning:not_parsed:CLOSE.CLOSE.ADDOP>OPEN MathParser failed to match rule 'Anything'
	at 0301133.tex; line 1793 col 22 - line 1793 col 22
	In "$\displaystyle\qquad\qquad\times\left\langle l^{\mu_{1}}A_{\mu_{1}}(p)l^{\mu_{%
	2}}A_{\mu_{2}}(k-p)A_{\mu}(q)A_{\nu}(k^{\prime}-q)\right\rangle-(\mu%
	\leftrightarrow\nu).\@@ENDINLINEMATH"
	×[[MULOP]] \left\langle[[OPEN]] l[[UNKNOWN]] ^{\mu_{1}}[[POSTSUPERSCRIPT]] A[[UNKNOWN]] _{\mu_{1}}[[POSTSUBSCRIPT]] ([[OPEN]] p[[UNKNOWN]] )[[CLOSE]] l[[UNKNOWN]] ^{\mu_{2}}[[POSTSUPERSCRIPT]] A[[UNKNOWN]] _{\mu_{2}}[[POSTSUBSCRIPT]] ([[OPEN]] k[[UNKNOWN]] -[[ADDOP]] p[[UNKNOWN]] )[[CLOSE]] A[[UNKNOWN]] _{\mu}[[POSTSUBSCRIPT]] ([[OPEN]] q[[UNKNOWN]] )[[CLOSE]] A[[UNKNOWN]] _{\nu}[[POSTSUBSCRIPT]] ([[OPEN]] k[[UNKNOWN]] ^{\prime}[[POSTSUPERSCRIPT]] -[[ADDOP]] q[[UNKNOWN]] )[[CLOSE]] \right\rangle[[CLOSE]] -[[ADDOP]]
	        > ([[OPEN]] μ[[UNKNOWN]] ↔[[METARELOP]] ν[[UNKNOWN]] )[[CLOSE]]
Warning:not_parsed:CLOSE.CLOSE.ADDOP>OPEN MathParser failed to match rule 'Anything'
	at 0301133.tex; line 1793 col 22 - line 1797 col 14
	In "$\displaystyle\qquad\qquad\times\left\langle l^{\mu_{1}}A_{\mu_{1}}(p)l^{\mu_{%
	2}}A_{\mu_{2}}(k-p)A_{\mu}(q)A_{\nu}(k^{\prime}-q)\right\rangle-(\mu%
	\leftrightarrow\nu).$"
	×[[MULOP]] \left\langle[[OPEN]] l[[UNKNOWN]] ^{\mu_{1}}[[POSTSUPERSCRIPT]] A[[UNKNOWN]] _{\mu_{1}}[[POSTSUBSCRIPT]] ([[OPEN]] p[[UNKNOWN]] )[[CLOSE]] l[[UNKNOWN]] ^{\mu_{2}}[[POSTSUPERSCRIPT]] A[[UNKNOWN]] _{\mu_{2}}[[POSTSUBSCRIPT]] ([[OPEN]] k[[UNKNOWN]] -[[ADDOP]] p[[UNKNOWN]] )[[CLOSE]] A[[UNKNOWN]] _{\mu}[[POSTSUBSCRIPT]] ([[OPEN]] q[[UNKNOWN]] )[[CLOSE]] A[[UNKNOWN]] _{\nu}[[POSTSUBSCRIPT]] ([[OPEN]] k[[UNKNOWN]] ^{\prime}[[POSTSUPERSCRIPT]] -[[ADDOP]] q[[UNKNOWN]] )[[CLOSE]] \right\rangle[[CLOSE]] -[[ADDOP]]
	        > ([[OPEN]] μ[[UNKNOWN]] ↔[[METARELOP]] ν[[UNKNOWN]] )[[CLOSE]]
Warning:not_parsed:POSTSUBSCRIPT.ATOM.ADDOP>OPEN MathParser failed to match rule 'Anything'
	at 0301133.tex; line 1811 col 22 - line 1811 col 22
	In "$\displaystyle\qquad\qquad{}\times l^{\mu_{1}}\epsilon_{\mu_{1}\rho_{1}\mu}l^{%
	\mu_{2}}\epsilon_{\mu_{2}\rho_{2}\nu}\frac{p^{\rho_{1}}(k-p)^{\rho_{2}}}{p^{2}%
	(k-p)^{2}}-(\mu\leftrightarrow\nu).\@@ENDINLINEMATH"
	×[[MULOP]] l[[UNKNOWN]] ^{\mu_{1}}[[POSTSUPERSCRIPT]] ϵ[[UNKNOWN]] _{\mu_{1}\rho_{1}\mu}[[POSTSUBSCRIPT]] l[[UNKNOWN]] ^{\mu_{2}}[[POSTSUPERSCRIPT]] ϵ[[UNKNOWN]] _{\mu_{2}\rho_{2}\nu}[[POSTSUBSCRIPT]] \frac{p^{\rho_{1}}(k-p)^{\rho_{2}}}{p^{2}(k-p)^{2}}[[UNKNOWN]] -[[ADDOP]]
	        > ([[OPEN]] μ[[UNKNOWN]] ↔[[METARELOP]] ν[[UNKNOWN]] )[[CLOSE]]
Warning:not_parsed:POSTSUBSCRIPT.ATOM.ADDOP>OPEN MathParser failed to match rule 'Anything'
	at 0301133.tex; line 1811 col 22 - line 1816 col 14
	In "$\displaystyle\qquad\qquad{}\times l^{\mu_{1}}\epsilon_{\mu_{1}\rho_{1}\mu}l^{%
	\mu_{2}}\epsilon_{\mu_{2}\rho_{2}\nu}\frac{p^{\rho_{1}}(k-p)^{\rho_{2}}}{p^{2}%
	(k-p)^{2}}-(\mu\leftrightarrow\nu).$"
	×[[MULOP]] l[[UNKNOWN]] ^{\mu_{1}}[[POSTSUPERSCRIPT]] ϵ[[UNKNOWN]] _{\mu_{1}\rho_{1}\mu}[[POSTSUBSCRIPT]] l[[UNKNOWN]] ^{\mu_{2}}[[POSTSUPERSCRIPT]] ϵ[[UNKNOWN]] _{\mu_{2}\rho_{2}\nu}[[POSTSUBSCRIPT]] \frac{p^{\rho_{1}}(k-p)^{\rho_{2}}}{p^{2}(k-p)^{2}}[[UNKNOWN]] -[[ADDOP]]
	        > ([[OPEN]] μ[[UNKNOWN]] ↔[[METARELOP]] ν[[UNKNOWN]] )[[CLOSE]]
Warning:not_parsed:CLOSE.CLOSE.ADDOP>OPEN MathParser failed to match rule 'Anything'
	at 0301133.tex; line 1866 col 22 - line 1866 col 22
	In "$\displaystyle\qquad\qquad\times\left\langle l^{\mu_{1}}A_{\mu_{1}}(k)l^{%
	\prime\mu_{2}}A_{\mu_{2}}(p)(-i)(k^{\prime}-p)_{\mu}A_{\nu}(k^{\prime}-p)%
	\right\rangle-(\mu\leftrightarrow\nu),\@@ENDINLINEMATH"
	×[[MULOP]] \left\langle[[OPEN]] l[[UNKNOWN]] ^{\mu_{1}}[[POSTSUPERSCRIPT]] A[[UNKNOWN]] _{\mu_{1}}[[POSTSUBSCRIPT]] ([[OPEN]] k[[UNKNOWN]] )[[CLOSE]] l[[UNKNOWN]] ^{\prime\mu_{2}}[[POSTSUPERSCRIPT]] A[[UNKNOWN]] _{\mu_{2}}[[POSTSUBSCRIPT]] ([[OPEN]] p[[UNKNOWN]] )[[CLOSE]] ([[OPEN]] -[[ADDOP]] i[[UNKNOWN]] )[[CLOSE]] ([[OPEN]] k[[UNKNOWN]] ^{\prime}[[POSTSUPERSCRIPT]] -[[ADDOP]] p[[UNKNOWN]] )[[CLOSE]] _{\mu}[[POSTSUBSCRIPT]] A[[UNKNOWN]] _{\nu}[[POSTSUBSCRIPT]] ([[OPEN]] k[[UNKNOWN]] ^{\prime}[[POSTSUPERSCRIPT]] -[[ADDOP]] p[[UNKNOWN]] )[[CLOSE]] \right\rangle[[CLOSE]] -[[ADDOP]]
	        > ([[OPEN]] μ[[UNKNOWN]] ↔[[METARELOP]] ν[[UNKNOWN]] )[[CLOSE]]
Warning:not_parsed:CLOSE.CLOSE.ADDOP>OPEN MathParser failed to match rule 'Anything'
	at 0301133.tex; line 1866 col 22 - line 1870 col 14
	In "$\displaystyle\qquad\qquad\times\left\langle l^{\mu_{1}}A_{\mu_{1}}(k)l^{%
	\prime\mu_{2}}A_{\mu_{2}}(p)(-i)(k^{\prime}-p)_{\mu}A_{\nu}(k^{\prime}-p)%
	\right\rangle-(\mu\leftrightarrow\nu),$"
	×[[MULOP]] \left\langle[[OPEN]] l[[UNKNOWN]] ^{\mu_{1}}[[POSTSUPERSCRIPT]] A[[UNKNOWN]] _{\mu_{1}}[[POSTSUBSCRIPT]] ([[OPEN]] k[[UNKNOWN]] )[[CLOSE]] l[[UNKNOWN]] ^{\prime\mu_{2}}[[POSTSUPERSCRIPT]] A[[UNKNOWN]] _{\mu_{2}}[[POSTSUBSCRIPT]] ([[OPEN]] p[[UNKNOWN]] )[[CLOSE]] ([[OPEN]] -[[ADDOP]] i[[UNKNOWN]] )[[CLOSE]] ([[OPEN]] k[[UNKNOWN]] ^{\prime}[[POSTSUPERSCRIPT]] -[[ADDOP]] p[[UNKNOWN]] )[[CLOSE]] _{\mu}[[POSTSUBSCRIPT]] A[[UNKNOWN]] _{\nu}[[POSTSUBSCRIPT]] ([[OPEN]] k[[UNKNOWN]] ^{\prime}[[POSTSUPERSCRIPT]] -[[ADDOP]] p[[UNKNOWN]] )[[CLOSE]] \right\rangle[[CLOSE]] -[[ADDOP]]
	        > ([[OPEN]] μ[[UNKNOWN]] ↔[[METARELOP]] ν[[UNKNOWN]] )[[CLOSE]]
Warning:not_parsed:ADDOP>OPEN MathParser failed to match rule 'Anything'
	at 0301133.tex; line 1889 col 22 - line 1889 col 22
	In "$\displaystyle\qquad\quad{}-(\mu\leftrightarrow\nu)\@@ENDINLINEMATH"
	-[[ADDOP]]
	        > ([[OPEN]] μ[[UNKNOWN]] ↔[[METARELOP]] ν[[UNKNOWN]] )[[CLOSE]]
Warning:not_parsed:ADDOP>OPEN MathParser failed to match rule 'Anything'
	at 0301133.tex; line 1889 col 22 - line 1892 col 3
	In "$\displaystyle\qquad\quad{}-(\mu\leftrightarrow\nu)$"
	-[[ADDOP]]
	        > ([[OPEN]] μ[[UNKNOWN]] ↔[[METARELOP]] ν[[UNKNOWN]] )[[CLOSE]]
Warning:not_parsed:MULOP>OPEN MathParser failed to match rule 'Anything'
	at 0301133.tex; line 1895 col 21 - line 1895 col 21
	In "$\displaystyle\quad\times\Biggl{[}\frac{k\times p}{k^{2}p^{2}(k+p)^{2}}\biggl{%
	\{}-(k^{2}+k\cdot p)(k_{\mu}l_{\nu}-k_{\nu}l_{\mu})-(k^{2}+2k\cdot p)(p_{\mu}l%
	_{\nu}-p_{\nu}l_{\mu})\@@ENDINLINEMATH"
	×[[MULOP]]
	        > [[[OPEN]] \frac{k\timesp}{k^{2}p^{2}(k+p)^{2}}[[UNKNOWN]] \{[[OPEN]] -[[ADDOP]] ([[OPEN]] k[[UNKNOWN]] ^{2}[[POSTSUPERSCRIPT]] +[[ADDOP]] k[[UNKNOWN]] ⋅[[MULOP]] p[[UNKNOWN]] )[[CLOSE]] ([[OPEN]] k[[UNKNOWN]] _{\mu}[[POSTSUBSCRIPT]] l[[UNKNOWN]] _{\nu}[[POSTSUBSCRIPT]] -[[ADDOP]] k[[UNKNOWN]] _{\nu}[[POSTSUBSCRIPT]] l[[UNKNOWN]] _{\mu}[[POSTSUBSCRIPT]] )[[CLOSE]] -[[ADDOP]] ([[OPEN]] k[[UNKNOWN]] ^{2}[[POSTSUPERSCRIPT]] +[[ADDOP]] 2[[NUMBER]] k[[UNKNOWN]] ⋅[[MULOP]] p[[UNKNOWN]] )[[CLOSE]] ([[OPEN]] p[[UNKNOWN]] _{\mu}[[POSTSUBSCRIPT]] l[[UNKNOWN]] _{\nu}[[POSTSUBSCRIPT]] -[[ADDOP]] p[[UNKNOWN]] _{\nu}[[POSTSUBSCRIPT]] l[[UNKNOWN]] _{\mu}[[POSTSUBSCRIPT]] )[[CLOSE]]
Warning:not_parsed:MULOP>OPEN MathParser failed to match rule 'Anything'
	at 0301133.tex; line 1895 col 21 - line 1900 col 14
	In "$\displaystyle\quad\times\Biggl{[}\frac{k\times p}{k^{2}p^{2}(k+p)^{2}}\biggl{%
	\{}-(k^{2}+k\cdot p)(k_{\mu}l_{\nu}-k_{\nu}l_{\mu})-(k^{2}+2k\cdot p)(p_{\mu}l%
	_{\nu}-p_{\nu}l_{\mu})$"
	×[[MULOP]]
	        > [[[OPEN]] \frac{k\timesp}{k^{2}p^{2}(k+p)^{2}}[[UNKNOWN]] \{[[OPEN]] -[[ADDOP]] ([[OPEN]] k[[UNKNOWN]] ^{2}[[POSTSUPERSCRIPT]] +[[ADDOP]] k[[UNKNOWN]] ⋅[[MULOP]] p[[UNKNOWN]] )[[CLOSE]] ([[OPEN]] k[[UNKNOWN]] _{\mu}[[POSTSUBSCRIPT]] l[[UNKNOWN]] _{\nu}[[POSTSUBSCRIPT]] -[[ADDOP]] k[[UNKNOWN]] _{\nu}[[POSTSUBSCRIPT]] l[[UNKNOWN]] _{\mu}[[POSTSUBSCRIPT]] )[[CLOSE]] -[[ADDOP]] ([[OPEN]] k[[UNKNOWN]] ^{2}[[POSTSUPERSCRIPT]] +[[ADDOP]] 2[[NUMBER]] k[[UNKNOWN]] ⋅[[MULOP]] p[[UNKNOWN]] )[[CLOSE]] ([[OPEN]] p[[UNKNOWN]] _{\mu}[[POSTSUBSCRIPT]] l[[UNKNOWN]] _{\nu}[[POSTSUBSCRIPT]] -[[ADDOP]] p[[UNKNOWN]] _{\nu}[[POSTSUBSCRIPT]] l[[UNKNOWN]] _{\mu}[[POSTSUBSCRIPT]] )[[CLOSE]]
Warning:not_parsed:UNKNOWN.POSTSUBSCRIPT.CLOSE>CLOSE MathParser failed to match rule 'Anything'
	at 0301133.tex; line 1900 col 22 - line 1900 col 22
	In "$\displaystyle\qquad\quad{}+2(k\times p)(p_{\mu}k_{\nu}-p_{\nu}k_{\mu})\biggr{%
	\}}+\frac{2l^{2}(k_{\mu}p_{\nu}-k_{\nu}p_{\mu})}{k^{2}p^{2}}\Biggr{]},\@@ENDINLINEMATH"
	+[[ADDOP]] 2[[NUMBER]] ([[OPEN]] k[[UNKNOWN]] ×[[MULOP]] p[[UNKNOWN]] )[[CLOSE]] ([[OPEN]] p[[UNKNOWN]] _{\mu}[[POSTSUBSCRIPT]] k[[UNKNOWN]] _{\nu}[[POSTSUBSCRIPT]] -[[ADDOP]] p[[UNKNOWN]] _{\nu}[[POSTSUBSCRIPT]] k[[UNKNOWN]] _{\mu}[[POSTSUBSCRIPT]] )[[CLOSE]]
	        > \}[[CLOSE]] +[[ADDOP]] \frac{2l^{2}(k_{\mu}p_{\nu}-k_{\nu}p_{\mu})}{k^{2}p^{2}}[[UNKNOWN]] ][[CLOSE]]
Warning:not_parsed:UNKNOWN.POSTSUBSCRIPT.CLOSE>CLOSE MathParser failed to match rule 'Anything'
	at 0301133.tex; line 1900 col 22 - line 1903 col 14
	In "$\displaystyle\qquad\quad{}+2(k\times p)(p_{\mu}k_{\nu}-p_{\nu}k_{\mu})\biggr{%
	\}}+\frac{2l^{2}(k_{\mu}p_{\nu}-k_{\nu}p_{\mu})}{k^{2}p^{2}}\Biggr{]},$"
	+[[ADDOP]] 2[[NUMBER]] ([[OPEN]] k[[UNKNOWN]] ×[[MULOP]] p[[UNKNOWN]] )[[CLOSE]] ([[OPEN]] p[[UNKNOWN]] _{\mu}[[POSTSUBSCRIPT]] k[[UNKNOWN]] _{\nu}[[POSTSUBSCRIPT]] -[[ADDOP]] p[[UNKNOWN]] _{\nu}[[POSTSUBSCRIPT]] k[[UNKNOWN]] _{\mu}[[POSTSUBSCRIPT]] )[[CLOSE]]
	        > \}[[CLOSE]] +[[ADDOP]] \frac{2l^{2}(k_{\mu}p_{\nu}-k_{\nu}p_{\mu})}{k^{2}p^{2}}[[UNKNOWN]] ][[CLOSE]]
Warning:not_parsed:MULOP>OPEN MathParser failed to match rule 'Anything'
	at 0301133.tex; line 1929 col 22 - line 1929 col 22
	In "$\displaystyle\qquad\quad\times\biggl{[}-(k^{2}+k\cdot p)(k_{\mu}l_{\nu}-k_{%
	\nu}l_{\mu})-(k^{2}+2k\cdot p)(p_{\mu}l_{\nu}-p_{\nu}l_{\mu})\@@ENDINLINEMATH"
	×[[MULOP]]
	        > [[[OPEN]] -[[ADDOP]] ([[OPEN]] k[[UNKNOWN]] ^{2}[[POSTSUPERSCRIPT]] +[[ADDOP]] k[[UNKNOWN]] ⋅[[MULOP]] p[[UNKNOWN]] )[[CLOSE]] ([[OPEN]] k[[UNKNOWN]] _{\mu}[[POSTSUBSCRIPT]] l[[UNKNOWN]] _{\nu}[[POSTSUBSCRIPT]] -[[ADDOP]] k[[UNKNOWN]] _{\nu}[[POSTSUBSCRIPT]] l[[UNKNOWN]] _{\mu}[[POSTSUBSCRIPT]] )[[CLOSE]] -[[ADDOP]] ([[OPEN]] k[[UNKNOWN]] ^{2}[[POSTSUPERSCRIPT]] +[[ADDOP]] 2[[NUMBER]] k[[UNKNOWN]] ⋅[[MULOP]] p[[UNKNOWN]] )[[CLOSE]] ([[OPEN]] p[[UNKNOWN]] _{\mu}[[POSTSUBSCRIPT]] l[[UNKNOWN]] _{\nu}[[POSTSUBSCRIPT]] -[[ADDOP]] p[[UNKNOWN]] _{\nu}[[POSTSUBSCRIPT]] l[[UNKNOWN]] _{\mu}[[POSTSUBSCRIPT]] )[[CLOSE]]
Warning:not_parsed:MULOP>OPEN MathParser failed to match rule 'Anything'
	at 0301133.tex; line 1929 col 22 - line 1932 col 14
	In "$\displaystyle\qquad\quad\times\biggl{[}-(k^{2}+k\cdot p)(k_{\mu}l_{\nu}-k_{%
	\nu}l_{\mu})-(k^{2}+2k\cdot p)(p_{\mu}l_{\nu}-p_{\nu}l_{\mu})$"
	×[[MULOP]]
	        > [[[OPEN]] -[[ADDOP]] ([[OPEN]] k[[UNKNOWN]] ^{2}[[POSTSUPERSCRIPT]] +[[ADDOP]] k[[UNKNOWN]] ⋅[[MULOP]] p[[UNKNOWN]] )[[CLOSE]] ([[OPEN]] k[[UNKNOWN]] _{\mu}[[POSTSUBSCRIPT]] l[[UNKNOWN]] _{\nu}[[POSTSUBSCRIPT]] -[[ADDOP]] k[[UNKNOWN]] _{\nu}[[POSTSUBSCRIPT]] l[[UNKNOWN]] _{\mu}[[POSTSUBSCRIPT]] )[[CLOSE]] -[[ADDOP]] ([[OPEN]] k[[UNKNOWN]] ^{2}[[POSTSUPERSCRIPT]] +[[ADDOP]] 2[[NUMBER]] k[[UNKNOWN]] ⋅[[MULOP]] p[[UNKNOWN]] )[[CLOSE]] ([[OPEN]] p[[UNKNOWN]] _{\mu}[[POSTSUBSCRIPT]] l[[UNKNOWN]] _{\nu}[[POSTSUBSCRIPT]] -[[ADDOP]] p[[UNKNOWN]] _{\nu}[[POSTSUBSCRIPT]] l[[UNKNOWN]] _{\mu}[[POSTSUBSCRIPT]] )[[CLOSE]]
Warning:not_parsed:UNKNOWN.POSTSUBSCRIPT.CLOSE>CLOSE MathParser failed to match rule 'Anything'
	at 0301133.tex; line 1932 col 22 - line 1932 col 22
	In "$\displaystyle\qquad\qquad\quad{}+2(k\times p)(p_{\mu}k_{\nu}-p_{\nu}k_{\mu})%
	\biggr{]}.\@@ENDINLINEMATH"
	+[[ADDOP]] 2[[NUMBER]] ([[OPEN]] k[[UNKNOWN]] ×[[MULOP]] p[[UNKNOWN]] )[[CLOSE]] ([[OPEN]] p[[UNKNOWN]] _{\mu}[[POSTSUBSCRIPT]] k[[UNKNOWN]] _{\nu}[[POSTSUBSCRIPT]] -[[ADDOP]] p[[UNKNOWN]] _{\nu}[[POSTSUBSCRIPT]] k[[UNKNOWN]] _{\mu}[[POSTSUBSCRIPT]] )[[CLOSE]]
	        > ][[CLOSE]]
Warning:not_parsed:UNKNOWN.POSTSUBSCRIPT.CLOSE>CLOSE MathParser failed to match rule 'Anything'
	at 0301133.tex; line 1932 col 22 - line 1934 col 14
	In "$\displaystyle\qquad\qquad\quad{}+2(k\times p)(p_{\mu}k_{\nu}-p_{\nu}k_{\mu})%
	\biggr{]}.$"
	+[[ADDOP]] 2[[NUMBER]] ([[OPEN]] k[[UNKNOWN]] ×[[MULOP]] p[[UNKNOWN]] )[[CLOSE]] ([[OPEN]] p[[UNKNOWN]] _{\mu}[[POSTSUBSCRIPT]] k[[UNKNOWN]] _{\nu}[[POSTSUBSCRIPT]] -[[ADDOP]] p[[UNKNOWN]] _{\nu}[[POSTSUBSCRIPT]] k[[UNKNOWN]] _{\mu}[[POSTSUBSCRIPT]] )[[CLOSE]]
	        > ][[CLOSE]]
Warning:not_parsed:POSTSUPERSCRIPT.CLOSE.ADDOP>OPEN MathParser failed to match rule 'Anything'
	at 0301133.tex; line 1940 col 0 - line 1945 col 14
	In "\begin{equation}-(ig)^{2}\int d^{3}x\int_{2\epsilon}^{1-\epsilon}d\sigma\left[%
	l\cdot A(x+l\sigma)\ast A_{\mu}(x+l\epsilon)\ast A_{\nu}(x)\ast e^{ikx}\right]%
	-(\mu\leftrightarrow\nu).\end{equation}"
	-[[ADDOP]] ([[OPEN]] i[[UNKNOWN]] g[[UNKNOWN]] )[[CLOSE]] ^{2}[[POSTSUPERSCRIPT]] ∫[[INTOP]] d[[UNKNOWN]] ^{3}[[POSTSUPERSCRIPT]] x[[UNKNOWN]] ∫[[INTOP]] _{2\epsilon}[[POSTSUBSCRIPT]] ^{1-\epsilon}[[POSTSUPERSCRIPT]] d[[UNKNOWN]] σ[[UNKNOWN]] \left[[[OPEN]] l[[UNKNOWN]] ⋅[[MULOP]] A[[UNKNOWN]] ([[OPEN]] x[[UNKNOWN]] +[[ADDOP]] l[[UNKNOWN]] σ[[UNKNOWN]] )[[CLOSE]] ∗[[MULOP]] A[[UNKNOWN]] _{\mu}[[POSTSUBSCRIPT]] ([[OPEN]] x[[UNKNOWN]] +[[ADDOP]] l[[UNKNOWN]] ϵ[[UNKNOWN]] )[[CLOSE]] ∗[[MULOP]] A[[UNKNOWN]] _{\nu}[[POSTSUBSCRIPT]] ([[OPEN]] x[[UNKNOWN]] )[[CLOSE]] ∗[[MULOP]] e[[UNKNOWN]] ^{ikx}[[POSTSUPERSCRIPT]] \right][[CLOSE]] -[[ADDOP]]
	        > ([[OPEN]] μ[[UNKNOWN]] ↔[[METARELOP]] ν[[UNKNOWN]] )[[CLOSE]]
Warning:not_parsed:POSTSUBSCRIPT.CLOSE.ADDOP>OPEN MathParser failed to match rule 'Anything'
	at 0301133.tex; line 1951 col 22 - line 1951 col 22
	In "$\displaystyle\qquad{}\times e^{-\frac{i}{2}(p_{1}\times p_{2}+p_{1}\times p_{%
	3}+p_{2}\times p_{3})-ik\times p_{1}\sigma-ik\times p_{2}\epsilon}~{}l\cdot A(%
	p_{1})A_{\mu}(p_{2})A_{\nu}(p_{3})-(\mu\leftrightarrow\nu).\@@ENDINLINEMATH"
	×[[MULOP]] e[[UNKNOWN]] ^{-\frac{i}{2}(p_{1}\timesp_{2}+p_{1}\timesp_{3}+p_{2}\timesp_{3})-ik\timesp_{1}\sigma-ik\timesp_{2}\epsilon}[[POSTSUPERSCRIPT]] l[[UNKNOWN]] ⋅[[MULOP]] A[[UNKNOWN]] ([[OPEN]] p[[UNKNOWN]] _{1}[[POSTSUBSCRIPT]] )[[CLOSE]] A[[UNKNOWN]] _{\mu}[[POSTSUBSCRIPT]] ([[OPEN]] p[[UNKNOWN]] _{2}[[POSTSUBSCRIPT]] )[[CLOSE]] A[[UNKNOWN]] _{\nu}[[POSTSUBSCRIPT]] ([[OPEN]] p[[UNKNOWN]] _{3}[[POSTSUBSCRIPT]] )[[CLOSE]] -[[ADDOP]]
	        > ([[OPEN]] μ[[UNKNOWN]] ↔[[METARELOP]] ν[[UNKNOWN]] )[[CLOSE]]
Warning:not_parsed:POSTSUBSCRIPT.CLOSE.ADDOP>OPEN MathParser failed to match rule 'Anything'
	at 0301133.tex; line 1951 col 22 - line 1957 col 4
	In "$\displaystyle\qquad{}\times e^{-\frac{i}{2}(p_{1}\times p_{2}+p_{1}\times p_{%
	3}+p_{2}\times p_{3})-ik\times p_{1}\sigma-ik\times p_{2}\epsilon}~{}l\cdot A(%
	p_{1})A_{\mu}(p_{2})A_{\nu}(p_{3})-(\mu\leftrightarrow\nu).$"
	×[[MULOP]] e[[UNKNOWN]] ^{-\frac{i}{2}(p_{1}\timesp_{2}+p_{1}\timesp_{3}+p_{2}\timesp_{3})-ik\timesp_{1}\sigma-ik\timesp_{2}\epsilon}[[POSTSUPERSCRIPT]] l[[UNKNOWN]] ⋅[[MULOP]] A[[UNKNOWN]] ([[OPEN]] p[[UNKNOWN]] _{1}[[POSTSUBSCRIPT]] )[[CLOSE]] A[[UNKNOWN]] _{\mu}[[POSTSUBSCRIPT]] ([[OPEN]] p[[UNKNOWN]] _{2}[[POSTSUBSCRIPT]] )[[CLOSE]] A[[UNKNOWN]] _{\nu}[[POSTSUBSCRIPT]] ([[OPEN]] p[[UNKNOWN]] _{3}[[POSTSUBSCRIPT]] )[[CLOSE]] -[[ADDOP]]
	        > ([[OPEN]] μ[[UNKNOWN]] ↔[[METARELOP]] ν[[UNKNOWN]] )[[CLOSE]]
Warning:not_parsed:CLOSE.CLOSE.ADDOP>OPEN MathParser failed to match rule 'Anything'
	at 0301133.tex; line 2029 col 6 - line 2029 col 6
	In "$\displaystyle=-(ig)^{2}\int\frac{d^{3}p}{(2\pi)^{3}}~{}e^{-ik^{\prime}\times p%
	\epsilon+\frac{i}{2}k^{\prime}\times p}\left\langle l^{\mu_{1}}A_{\mu_{1}}(k)A%
	_{\mu}(p)A_{\nu}(k^{\prime}-p)\right\rangle-(\mu\leftrightarrow\nu).\@@ENDINLINEMATH"
	=[[RELOP]] -[[ADDOP]] ([[OPEN]] i[[UNKNOWN]] g[[UNKNOWN]] )[[CLOSE]] ^{2}[[POSTSUPERSCRIPT]] ∫[[INTOP]] \frac{d^{3}p}{(2\pi)^{3}}[[UNKNOWN]] e[[UNKNOWN]] ^{-ik^{\prime}\timesp\epsilon+\frac{i}{2}k^{\prime}\timesp}[[POSTSUPERSCRIPT]] \left\langle[[OPEN]] l[[UNKNOWN]] ^{\mu_{1}}[[POSTSUPERSCRIPT]] A[[UNKNOWN]] _{\mu_{1}}[[POSTSUBSCRIPT]] ([[OPEN]] k[[UNKNOWN]] )[[CLOSE]] A[[UNKNOWN]] _{\mu}[[POSTSUBSCRIPT]] ([[OPEN]] p[[UNKNOWN]] )[[CLOSE]] A[[UNKNOWN]] _{\nu}[[POSTSUBSCRIPT]] ([[OPEN]] k[[UNKNOWN]] ^{\prime}[[POSTSUPERSCRIPT]] -[[ADDOP]] p[[UNKNOWN]] )[[CLOSE]] \right\rangle[[CLOSE]] -[[ADDOP]]
	        > ([[OPEN]] μ[[UNKNOWN]] ↔[[METARELOP]] ν[[UNKNOWN]] )[[CLOSE]]
Warning:not_parsed:CLOSE.CLOSE.ADDOP>OPEN MathParser failed to match rule 'Anything'
	at 0301133.tex; line 2029 col 6 - line 2034 col 4
	In "$\displaystyle=-(ig)^{2}\int\frac{d^{3}p}{(2\pi)^{3}}~{}e^{-ik^{\prime}\times p%
	\epsilon+\frac{i}{2}k^{\prime}\times p}\left\langle l^{\mu_{1}}A_{\mu_{1}}(k)A%
	_{\mu}(p)A_{\nu}(k^{\prime}-p)\right\rangle-(\mu\leftrightarrow\nu).$"
	=[[RELOP]] -[[ADDOP]] ([[OPEN]] i[[UNKNOWN]] g[[UNKNOWN]] )[[CLOSE]] ^{2}[[POSTSUPERSCRIPT]] ∫[[INTOP]] \frac{d^{3}p}{(2\pi)^{3}}[[UNKNOWN]] e[[UNKNOWN]] ^{-ik^{\prime}\timesp\epsilon+\frac{i}{2}k^{\prime}\timesp}[[POSTSUPERSCRIPT]] \left\langle[[OPEN]] l[[UNKNOWN]] ^{\mu_{1}}[[POSTSUPERSCRIPT]] A[[UNKNOWN]] _{\mu_{1}}[[POSTSUBSCRIPT]] ([[OPEN]] k[[UNKNOWN]] )[[CLOSE]] A[[UNKNOWN]] _{\mu}[[POSTSUBSCRIPT]] ([[OPEN]] p[[UNKNOWN]] )[[CLOSE]] A[[UNKNOWN]] _{\nu}[[POSTSUBSCRIPT]] ([[OPEN]] k[[UNKNOWN]] ^{\prime}[[POSTSUPERSCRIPT]] -[[ADDOP]] p[[UNKNOWN]] )[[CLOSE]] \right\rangle[[CLOSE]] -[[ADDOP]]
	        > ([[OPEN]] μ[[UNKNOWN]] ↔[[METARELOP]] ν[[UNKNOWN]] )[[CLOSE]]
Warning:not_parsed:MULOP>OPEN MathParser failed to match rule 'Anything'
	at 0301133.tex; line 2045 col 22 - line 2045 col 22
	In "$\displaystyle\qquad\times\biggl{[}-2(k\times p)(k_{\mu}p_{\nu}-k_{\nu}p_{\mu}%
	)-(2p^{2}+k\cdot p)(l_{\mu}k_{\nu}-l_{\nu}k_{\mu})\@@ENDINLINEMATH"
	×[[MULOP]]
	        > [[[OPEN]] -[[ADDOP]] 2[[NUMBER]] ([[OPEN]] k[[UNKNOWN]] ×[[MULOP]] p[[UNKNOWN]] )[[CLOSE]] ([[OPEN]] k[[UNKNOWN]] _{\mu}[[POSTSUBSCRIPT]] p[[UNKNOWN]] _{\nu}[[POSTSUBSCRIPT]] -[[ADDOP]] k[[UNKNOWN]] _{\nu}[[POSTSUBSCRIPT]] p[[UNKNOWN]] _{\mu}[[POSTSUBSCRIPT]] )[[CLOSE]] -[[ADDOP]] ([[OPEN]] 2[[NUMBER]] p[[UNKNOWN]] ^{2}[[POSTSUPERSCRIPT]] +[[ADDOP]] k[[UNKNOWN]] ⋅[[MULOP]] p[[UNKNOWN]] )[[CLOSE]] ([[OPEN]] l[[UNKNOWN]] _{\mu}[[POSTSUBSCRIPT]] k[[UNKNOWN]] _{\nu}[[POSTSUBSCRIPT]] -[[ADDOP]] l[[UNKNOWN]] _{\nu}[[POSTSUBSCRIPT]] k[[UNKNOWN]] _{\mu}[[POSTSUBSCRIPT]] )[[CLOSE]]
Warning:not_parsed:MULOP>OPEN MathParser failed to match rule 'Anything'
	at 0301133.tex; line 2045 col 22 - line 2049 col 14
	In "$\displaystyle\qquad\times\biggl{[}-2(k\times p)(k_{\mu}p_{\nu}-k_{\nu}p_{\mu}%
	)-(2p^{2}+k\cdot p)(l_{\mu}k_{\nu}-l_{\nu}k_{\mu})$"
	×[[MULOP]]
	        > [[[OPEN]] -[[ADDOP]] 2[[NUMBER]] ([[OPEN]] k[[UNKNOWN]] ×[[MULOP]] p[[UNKNOWN]] )[[CLOSE]] ([[OPEN]] k[[UNKNOWN]] _{\mu}[[POSTSUBSCRIPT]] p[[UNKNOWN]] _{\nu}[[POSTSUBSCRIPT]] -[[ADDOP]] k[[UNKNOWN]] _{\nu}[[POSTSUBSCRIPT]] p[[UNKNOWN]] _{\mu}[[POSTSUBSCRIPT]] )[[CLOSE]] -[[ADDOP]] ([[OPEN]] 2[[NUMBER]] p[[UNKNOWN]] ^{2}[[POSTSUPERSCRIPT]] +[[ADDOP]] k[[UNKNOWN]] ⋅[[MULOP]] p[[UNKNOWN]] )[[CLOSE]] ([[OPEN]] l[[UNKNOWN]] _{\mu}[[POSTSUBSCRIPT]] k[[UNKNOWN]] _{\nu}[[POSTSUBSCRIPT]] -[[ADDOP]] l[[UNKNOWN]] _{\nu}[[POSTSUBSCRIPT]] k[[UNKNOWN]] _{\mu}[[POSTSUBSCRIPT]] )[[CLOSE]]
Warning:not_parsed:UNKNOWN.POSTSUBSCRIPT.CLOSE>CLOSE MathParser failed to match rule 'Anything'
	at 0301133.tex; line 2049 col 22 - line 2049 col 22
	In "$\displaystyle\qquad\qquad{}+(k^{2}+2k\cdot p)(l_{\mu}p_{\nu}-l_{\nu}p_{\mu})%
	\biggr{]}.\@@ENDINLINEMATH"
	+[[ADDOP]] ([[OPEN]] k[[UNKNOWN]] ^{2}[[POSTSUPERSCRIPT]] +[[ADDOP]] 2[[NUMBER]] k[[UNKNOWN]] ⋅[[MULOP]] p[[UNKNOWN]] )[[CLOSE]] ([[OPEN]] l[[UNKNOWN]] _{\mu}[[POSTSUBSCRIPT]] p[[UNKNOWN]] _{\nu}[[POSTSUBSCRIPT]] -[[ADDOP]] l[[UNKNOWN]] _{\nu}[[POSTSUBSCRIPT]] p[[UNKNOWN]] _{\mu}[[POSTSUBSCRIPT]] )[[CLOSE]]
	        > ][[CLOSE]]
Warning:not_parsed:UNKNOWN.POSTSUBSCRIPT.CLOSE>CLOSE MathParser failed to match rule 'Anything'
	at 0301133.tex; line 2049 col 22 - line 2052 col 14
	In "$\displaystyle\qquad\qquad{}+(k^{2}+2k\cdot p)(l_{\mu}p_{\nu}-l_{\nu}p_{\mu})%
	\biggr{]}.$"
	+[[ADDOP]] ([[OPEN]] k[[UNKNOWN]] ^{2}[[POSTSUPERSCRIPT]] +[[ADDOP]] 2[[NUMBER]] k[[UNKNOWN]] ⋅[[MULOP]] p[[UNKNOWN]] )[[CLOSE]] ([[OPEN]] l[[UNKNOWN]] _{\mu}[[POSTSUBSCRIPT]] p[[UNKNOWN]] _{\nu}[[POSTSUBSCRIPT]] -[[ADDOP]] l[[UNKNOWN]] _{\nu}[[POSTSUBSCRIPT]] p[[UNKNOWN]] _{\mu}[[POSTSUBSCRIPT]] )[[CLOSE]]
	        > ][[CLOSE]]
Warning:not_parsed:MULOP>OPEN MathParser failed to match rule 'Anything'
	at 0301133.tex; line 2078 col 22 - line 2078 col 22
	In "$\displaystyle\qquad\times\biggl{[}-2(k\times p)(k_{\mu}p_{\nu}-k_{\nu}p_{\mu}%
	)-(2p^{2}+k\cdot p)(l_{\mu}k_{\nu}-l_{\nu}k_{\mu})\@@ENDINLINEMATH"
	×[[MULOP]]
	        > [[[OPEN]] -[[ADDOP]] 2[[NUMBER]] ([[OPEN]] k[[UNKNOWN]] ×[[MULOP]] p[[UNKNOWN]] )[[CLOSE]] ([[OPEN]] k[[UNKNOWN]] _{\mu}[[POSTSUBSCRIPT]] p[[UNKNOWN]] _{\nu}[[POSTSUBSCRIPT]] -[[ADDOP]] k[[UNKNOWN]] _{\nu}[[POSTSUBSCRIPT]] p[[UNKNOWN]] _{\mu}[[POSTSUBSCRIPT]] )[[CLOSE]] -[[ADDOP]] ([[OPEN]] 2[[NUMBER]] p[[UNKNOWN]] ^{2}[[POSTSUPERSCRIPT]] +[[ADDOP]] k[[UNKNOWN]] ⋅[[MULOP]] p[[UNKNOWN]] )[[CLOSE]] ([[OPEN]] l[[UNKNOWN]] _{\mu}[[POSTSUBSCRIPT]] k[[UNKNOWN]] _{\nu}[[POSTSUBSCRIPT]] -[[ADDOP]] l[[UNKNOWN]] _{\nu}[[POSTSUBSCRIPT]] k[[UNKNOWN]] _{\mu}[[POSTSUBSCRIPT]] )[[CLOSE]]
Warning:not_parsed:MULOP>OPEN MathParser failed to match rule 'Anything'
	at 0301133.tex; line 2078 col 22 - line 2082 col 14
	In "$\displaystyle\qquad\times\biggl{[}-2(k\times p)(k_{\mu}p_{\nu}-k_{\nu}p_{\mu}%
	)-(2p^{2}+k\cdot p)(l_{\mu}k_{\nu}-l_{\nu}k_{\mu})$"
	×[[MULOP]]
	        > [[[OPEN]] -[[ADDOP]] 2[[NUMBER]] ([[OPEN]] k[[UNKNOWN]] ×[[MULOP]] p[[UNKNOWN]] )[[CLOSE]] ([[OPEN]] k[[UNKNOWN]] _{\mu}[[POSTSUBSCRIPT]] p[[UNKNOWN]] _{\nu}[[POSTSUBSCRIPT]] -[[ADDOP]] k[[UNKNOWN]] _{\nu}[[POSTSUBSCRIPT]] p[[UNKNOWN]] _{\mu}[[POSTSUBSCRIPT]] )[[CLOSE]] -[[ADDOP]] ([[OPEN]] 2[[NUMBER]] p[[UNKNOWN]] ^{2}[[POSTSUPERSCRIPT]] +[[ADDOP]] k[[UNKNOWN]] ⋅[[MULOP]] p[[UNKNOWN]] )[[CLOSE]] ([[OPEN]] l[[UNKNOWN]] _{\mu}[[POSTSUBSCRIPT]] k[[UNKNOWN]] _{\nu}[[POSTSUBSCRIPT]] -[[ADDOP]] l[[UNKNOWN]] _{\nu}[[POSTSUBSCRIPT]] k[[UNKNOWN]] _{\mu}[[POSTSUBSCRIPT]] )[[CLOSE]]
Warning:not_parsed:UNKNOWN.POSTSUBSCRIPT.CLOSE>CLOSE MathParser failed to match rule 'Anything'
	at 0301133.tex; line 2082 col 22 - line 2082 col 22
	In "$\displaystyle\qquad\qquad{}+(k^{2}+2k\cdot p)(l_{\mu}p_{\nu}-l_{\nu}p_{\mu})%
	\biggr{]}.\@@ENDINLINEMATH"
	+[[ADDOP]] ([[OPEN]] k[[UNKNOWN]] ^{2}[[POSTSUPERSCRIPT]] +[[ADDOP]] 2[[NUMBER]] k[[UNKNOWN]] ⋅[[MULOP]] p[[UNKNOWN]] )[[CLOSE]] ([[OPEN]] l[[UNKNOWN]] _{\mu}[[POSTSUBSCRIPT]] p[[UNKNOWN]] _{\nu}[[POSTSUBSCRIPT]] -[[ADDOP]] l[[UNKNOWN]] _{\nu}[[POSTSUBSCRIPT]] p[[UNKNOWN]] _{\mu}[[POSTSUBSCRIPT]] )[[CLOSE]]
	        > ][[CLOSE]]
Warning:not_parsed:UNKNOWN.POSTSUBSCRIPT.CLOSE>CLOSE MathParser failed to match rule 'Anything'
	at 0301133.tex; line 2082 col 22 - line 2085 col 14
	In "$\displaystyle\qquad\qquad{}+(k^{2}+2k\cdot p)(l_{\mu}p_{\nu}-l_{\nu}p_{\mu})%
	\biggr{]}.$"
	+[[ADDOP]] ([[OPEN]] k[[UNKNOWN]] ^{2}[[POSTSUPERSCRIPT]] +[[ADDOP]] 2[[NUMBER]] k[[UNKNOWN]] ⋅[[MULOP]] p[[UNKNOWN]] )[[CLOSE]] ([[OPEN]] l[[UNKNOWN]] _{\mu}[[POSTSUBSCRIPT]] p[[UNKNOWN]] _{\nu}[[POSTSUBSCRIPT]] -[[ADDOP]] l[[UNKNOWN]] _{\nu}[[POSTSUBSCRIPT]] p[[UNKNOWN]] _{\mu}[[POSTSUBSCRIPT]] )[[CLOSE]]
	        > ][[CLOSE]]
 42.02 sec)
Math parsing succeeded:
   ltx:XMArg: 4453/4453
   ltx:XMath: 620/677
Symbols assumed as simple identifiers (with # of occurences):
   'A{italic}' (362), 'C{italic}' (19), 'Diagram' (38), 'D{caligraphic}' (12), 'D{italic}' (9), 'F{italic}' (9), 'N{italic}' (15), 'O{caligraphic}' (4), 'O{italic}' (154), 'P{italic}' (26), 'R{italic}' (1), 'S{italic}' (32), 'U{italic}' (19), 'W{italic}' (148), 'Z{italic}' (2), 'a{italic}' (27), 'delta' (196), 'd{italic}' (288), 'epsilon' (232), 'e{italic}' (209), 'for' (9), 'f{italic}' (75), 'g{italic}' (257), 'i{italic}' (465), 'k{italic}' (1589), 'lambda' (17), 'l{italic}' (614), 'mu' (323), 'nu' (224), 'omega' (87), 'pi' (134), 'p{italic}' (868), 'q{italic}' (49), 'rho' (143), 'sigma' (298), 'theta' (60), 'tr' (12), 'xi' (3), 'x{italic}' (337), 'y{italic}' (10), 'zeta' (3)
Set MATHPARSER_SPECULATE to speculate on possible notations.
(Finalizing... 5.13 sec)
Conversion complete 58 warnings (See /home/user/latex-in-arxiv/0301133.latexml.log) (reqd. 1m 17.64s)
