latexmlpost (LaTeXML version 0.8.6) paginating /home/user/latex-in-arxiv/2003/0301047.xml
Error:malformed:document Document fails RelaxNG validation (LaTeXML)
	Validation reports: /home/user/latex-in-arxiv/2003/0301047.xml:0: Relax-NG validity error : Element document has extra content: resource
	(Jing may provide a more precise report; https://relaxng.org/jclark/jing.html)
	In Post::Document[] /home/user/latex-in-arxiv/2003/0301047.xml
(post-processing...
(Scan  processing...
Scan: DBStatus: 1505/0 objects
 0.40 sec)
(MakeBibliography  processing... 0.00 sec)
(CrossRef  processing...
Warning:expected:ids Missing File location for ID: S2.E21,S2.E13,S2.E18,S4,S3.E35,S2.E2,bib.bib1,bib.bib6,S2.E9,S2.E25,S5.E40,S3.E31,S2.E7,bib.bib9,S2,S2.E15,bib.bib3,S3.E33,S2.E5,S2.E4,bib.bib11,S2.E23,S2.E11,S3.E27,S1.E1,S2.E19,S2.E24,S4.E38,S2.E12,bib.bib5,S3.E28,bib.bib4,S2.Ex5,S2.E20,S3.E37,bib.bib12,bib.bib2,S2.E16,bib.bib10,Sx2.E41,S3.E34,S2.E8,bib.bib8,S3,S2.E26,S2.E3,S3.E32,bib.bib7,S2.E14,S3.E29,S2.E22,S4.E39,S2.E17,S2.E10,S3.E36
	In Post::CrossRef[@0x55c0df84e478] ->process
Warning:expected:ids Missing Target for Label: LABEL:10*
	In Post::CrossRef[@0x55c0df84e478] ->process
 0.25 sec)
(MathML::Presentation  467 to process...
converted 467 Maths
 2.14 sec)
(XSLT[using LaTeXML-html5.xsl]  processing... 0.30 sec)
(Writer  processing... 0.01 sec) 3.12 sec)
Postprocessing complete 2 warnings; 1 error (See /home/user/latex-in-arxiv/0301047.latexmlpost.log) (reqd. 3.37s)
