latexml (LaTeXML version 0.8.6) processing 2003/0301017.tex
(Digesting TeX 0301017...
(Loading /usr/share/perl5/LaTeXML/Package/TeX.pool.ltxml...
(Loading /usr/share/perl5/LaTeXML/Package/eTeX.pool.ltxml... 0.00 sec)
(Loading /usr/share/perl5/LaTeXML/Package/pdfTeX.pool.ltxml... 0.01 sec) 0.15 sec)
(Processing content /home/user/latex-in-arxiv/2003/0301017.tex...
(Loading /usr/share/perl5/LaTeXML/Package/LaTeX.pool.ltxml...
(Loading /usr/share/perl5/LaTeXML/Package/textcomp.sty.ltxml...
(Processing definitions /usr/share/texlive/texmf-dist/tex/latex-dev/base/ts1enc.dfu... 0.03 sec) 1.25 sec) 1.47 sec)
(Loading /usr/share/perl5/LaTeXML/Package/article.cls.ltxml... 0.01 sec)
(Loading /usr/share/perl5/LaTeXML/Package/amssymb.sty.ltxml...
(Loading /usr/share/perl5/LaTeXML/Package/amsfonts.sty.ltxml... 0.00 sec) 0.02 sec)
(Loading /usr/share/perl5/LaTeXML/Package/graphicx.sty.ltxml...
(Loading /usr/share/perl5/LaTeXML/Package/graphics.sty.ltxml... 0.01 sec) 0.03 sec)
(Loading /usr/share/perl5/LaTeXML/Package/latexsym.sty.ltxml... 0.00 sec)
(Loading /usr/share/perl5/LaTeXML/Package/longtable.sty.ltxml... 0.00 sec) 34.59 sec) 34.80 sec)
(Building...
(Loading compiled schema /usr/share/perl5/LaTeXML/resources/RelaxNG/LaTeXML.model... 0.01 sec) 38.45 sec)
(Rewriting... 0.28 sec)
(Math Parsing 525 formulae ......
Warning:not_parsed:UNKNOWN.RELOP.NUMBER>METARELOP MathParser failed to match rule 'Anything'
	at 0301017.tex; line 117 col 4 - line 117 col 4
	In "$\displaystyle\ell=1\;\;:\quad(001000000\dots)\@@ENDINLINEMATH"
	ℓ[[UNKNOWN]] =[[RELOP]] 1[[NUMBER]]
	        > :[[METARELOP]] $\displaystyle\ell=1\;\;:\quad(001000000\dots)\@@ENDINLINEMATH[[PUNCT]] ([[OPEN]] 001000000[[NUMBER]] \dots[[ID]] )[[CLOSE]]
Warning:not_parsed:UNKNOWN.RELOP.NUMBER>METARELOP MathParser failed to match rule 'Anything'
	at 0301017.tex; line 118 col 4 - line 118 col 4
	In "$\displaystyle\ell=2\;\;:\quad(000001000\dots)\@@ENDINLINEMATH"
	ℓ[[UNKNOWN]] =[[RELOP]] 2[[NUMBER]]
	        > :[[METARELOP]] $\displaystyle\ell=2\;\;:\quad(000001000\dots)\@@ENDINLINEMATH[[PUNCT]] ([[OPEN]] 000001000[[NUMBER]] \dots[[ID]] )[[CLOSE]]
Warning:not_parsed:UNKNOWN.RELOP.NUMBER>METARELOP MathParser failed to match rule 'Anything'
	at 0301017.tex; line 119 col 4 - line 119 col 4
	In "$\displaystyle\ell=3\;\;:\quad(100000010\dots)\@@ENDINLINEMATH"
	ℓ[[UNKNOWN]] =[[RELOP]] 3[[NUMBER]]
	        > :[[METARELOP]] $\displaystyle\ell=3\;\;:\quad(100000010\dots)\@@ENDINLINEMATH[[PUNCT]] ([[OPEN]] 100000010[[NUMBER]] \dots[[ID]] )[[CLOSE]]
Warning:not_parsed:NUMBER.UNKNOWN.POSTSUBSCRIPT>MULOP MathParser failed to match rule 'Anything'
	at 0301017.tex; line 363 col 1 - line 363 col 1
	In "$\displaystyle p_{4}=m_{3}+m_{5}-2m_{4}\cdot\cdot\cdot\@@ENDINLINEMATH"
	p[[UNKNOWN]] _{4}[[POSTSUBSCRIPT]] =[[RELOP]] m[[UNKNOWN]] _{3}[[POSTSUBSCRIPT]] +[[ADDOP]] m[[UNKNOWN]] _{5}[[POSTSUBSCRIPT]] -[[ADDOP]] 2[[NUMBER]] m[[UNKNOWN]] _{4}[[POSTSUBSCRIPT]]
	        > ⋅[[MULOP]] ⋅[[MULOP]] ⋅[[MULOP]]
Warning:not_parsed:UNKNOWN.ADDOP.NUMBER>METARELOP MathParser failed to match rule 'Anything'
	at 0301017.tex; line 450 col 4 - line 450 col 4
	In "$\displaystyle\ell=3k+1\;\;:\quad(00100000k)\@@ENDINLINEMATH"
	ℓ[[UNKNOWN]] =[[RELOP]] 3[[NUMBER]] k[[UNKNOWN]] +[[ADDOP]] 1[[NUMBER]]
	        > :[[METARELOP]] $\displaystyle\ell=3k+1\;\;:\quad(00100000k)\@@ENDINLINEMATH[[PUNCT]] ([[OPEN]] 00100000[[NUMBER]] k[[UNKNOWN]] )[[CLOSE]]
Warning:not_parsed:UNKNOWN.ADDOP.NUMBER>METARELOP MathParser failed to match rule 'Anything'
	at 0301017.tex; line 451 col 4 - line 451 col 4
	In "$\displaystyle\ell=3k+2\;\;:\quad(00000100k)\@@ENDINLINEMATH"
	ℓ[[UNKNOWN]] =[[RELOP]] 3[[NUMBER]] k[[UNKNOWN]] +[[ADDOP]] 2[[NUMBER]]
	        > :[[METARELOP]] $\displaystyle\ell=3k+2\;\;:\quad(00000100k)\@@ENDINLINEMATH[[PUNCT]] ([[OPEN]] 00000100[[NUMBER]] k[[UNKNOWN]] )[[CLOSE]]
Warning:not_parsed:UNKNOWN.ADDOP.NUMBER>METARELOP MathParser failed to match rule 'Anything'
	at 0301017.tex; line 452 col 4 - line 452 col 4
	In "$\displaystyle\ell=3k+3\;\;:\quad(10000001k)\@@ENDINLINEMATH"
	ℓ[[UNKNOWN]] =[[RELOP]] 3[[NUMBER]] k[[UNKNOWN]] +[[ADDOP]] 3[[NUMBER]]
	        > :[[METARELOP]] $\displaystyle\ell=3k+3\;\;:\quad(10000001k)\@@ENDINLINEMATH[[PUNCT]] ([[OPEN]] 10000001[[NUMBER]] k[[UNKNOWN]] )[[CLOSE]]
Warning:not_parsed:RELOP.NUMBER.UNKNOWN>METARELOP MathParser failed to match rule 'Anything'
	at 0301017.tex; line 484 col 0 - line 486 col 14
	In "\begin{equation}\ell=3k\;\;:\quad(00000000k)\end{equation}"
	ℓ[[UNKNOWN]] =[[RELOP]] 3[[NUMBER]] k[[UNKNOWN]]
	        > :[[METARELOP]] \begin{equation}\ell=3k\;\;:\quad(00000000k)\end{equation}[[PUNCT]] ([[OPEN]] 00000000[[NUMBER]] k[[UNKNOWN]] )[[CLOSE]]
Warning:not_parsed:POSTSUBSCRIPT.UNKNOWN.POSTSUBSCRIPT> MathParser failed to match rule 'Superscript'
	at 0301017.tex; line 503 col 17 - line 503 col 17
	In "\begin{equation}\Big{[}x_{1},\dots,\big{[}x_{k},[E^{[a_{1}a_{2}a_{3}},[E^{a_{4%
	}a_{5}a_{6}},E^{a_{7}a_{8}a_{9}]}]]\big{]}\dots\Big{]}\end{equation}"
	[[[OPEN]] a[[UNKNOWN]] _{1}[[POSTSUBSCRIPT]] a[[UNKNOWN]] _{2}[[POSTSUBSCRIPT]] a[[UNKNOWN]] _{3}[[POSTSUBSCRIPT]]
	        > 
Warning:not_parsed:POSTSUBSCRIPT.UNKNOWN.POSTSUBSCRIPT>CLOSE MathParser failed to match rule 'Superscript'
	at 0301017.tex; line 503 col 54 - line 503 col 54
	a[[UNKNOWN]] _{7}[[POSTSUBSCRIPT]] a[[UNKNOWN]] _{8}[[POSTSUBSCRIPT]] a[[UNKNOWN]] _{9}[[POSTSUBSCRIPT]]
	        > ][[CLOSE]]
Warning:not_parsed:UNKNOWN.ADDOP.NUMBER>METARELOP MathParser failed to match rule 'Anything'
	at 0301017.tex; line 514 col 4 - line 514 col 4
	In "$\displaystyle\ell=3k+1\;\;:\quad(00100000k0)\@@ENDINLINEMATH"
	ℓ[[UNKNOWN]] =[[RELOP]] 3[[NUMBER]] k[[UNKNOWN]] +[[ADDOP]] 1[[NUMBER]]
	        > :[[METARELOP]] $\displaystyle\ell=3k+1\;\;:\quad(00100000k0)\@@ENDINLINEMATH[[PUNCT]] ([[OPEN]] 00100000[[NUMBER]] k[[UNKNOWN]] 0[[NUMBER]] )[[CLOSE]]
Warning:not_parsed:UNKNOWN.ADDOP.NUMBER>METARELOP MathParser failed to match rule 'Anything'
	at 0301017.tex; line 515 col 4 - line 515 col 4
	In "$\displaystyle\ell=3k+2\;\;:\quad(00000100k0)\@@ENDINLINEMATH"
	ℓ[[UNKNOWN]] =[[RELOP]] 3[[NUMBER]] k[[UNKNOWN]] +[[ADDOP]] 2[[NUMBER]]
	        > :[[METARELOP]] $\displaystyle\ell=3k+2\;\;:\quad(00000100k0)\@@ENDINLINEMATH[[PUNCT]] ([[OPEN]] 00000100[[NUMBER]] k[[UNKNOWN]] 0[[NUMBER]] )[[CLOSE]]
Warning:not_parsed:UNKNOWN.ADDOP.NUMBER>METARELOP MathParser failed to match rule 'Anything'
	at 0301017.tex; line 516 col 4 - line 516 col 4
	In "$\displaystyle\ell=3k+3\;\;:\quad(10000001k0)\@@ENDINLINEMATH"
	ℓ[[UNKNOWN]] =[[RELOP]] 3[[NUMBER]] k[[UNKNOWN]] +[[ADDOP]] 3[[NUMBER]]
	        > :[[METARELOP]] $\displaystyle\ell=3k+3\;\;:\quad(10000001k0)\@@ENDINLINEMATH[[PUNCT]] ([[OPEN]] 10000001[[NUMBER]] k[[UNKNOWN]] 0[[NUMBER]] )[[CLOSE]]
 7.56 sec)
Math parsing succeeded:
   ltx:XMArg: 838/840
   ltx:XMath: 514/525
Symbols assumed as simple identifiers (with # of occurences):
   'A{italic}' (63), 'D{italic}' (5), 'E{italic}' (124), 'G{italic}' (6), 'H{italic}' (3), 'K{italic}' (2), 'Lambda' (61), 'L{italic}' (9), 'P{italic}' (6), 'R{blackboard}' (13), 'R{caligraphic}' (18), 'S{italic}' (19), 'V{italic}' (1), 'alpha' (78), 'a{italic}' (44), 'beta' (8), 'b{italic}' (17), 'c{italic}' (14), 'delta' (5), 'dim' (1), 'ell' (68), 'e{italic}' (7), 'f{italic}' (30), 'ht' (5), 'h{italic}' (6), 'i{italic}' (29), 'j{italic}' (61), 'k{italic}' (62), 'lambda' (28), 'l{italic}' (4), 'mu' (2), 'mult' (17), 'm{italic}' (63), 'nu' (2), 'n{italic}' (38), 'p{italic}' (51), 'q{italic}' (1), 'rho' (3), 's{italic}' (4), 'x{italic}' (3)
Set MATHPARSER_SPECULATE to speculate on possible notations.
(Finalizing... 3.64 sec)
Conversion complete 13 warnings (See /home/user/latex-in-arxiv/0301017.latexml.log) (reqd. 1m 26.51s)
