latexml (LaTeXML version 0.8.6) processing 2003/0301182.tex
(Digesting TeX 0301182...
(Loading /usr/share/perl5/LaTeXML/Package/TeX.pool.ltxml...
(Loading /usr/share/perl5/LaTeXML/Package/eTeX.pool.ltxml... 0.01 sec)
(Loading /usr/share/perl5/LaTeXML/Package/pdfTeX.pool.ltxml... 0.01 sec) 0.18 sec)
(Processing content /home/user/latex-in-arxiv/2003/0301182.tex...
(Loading /usr/share/perl5/LaTeXML/Package/LaTeX.pool.ltxml...
(Loading /usr/share/perl5/LaTeXML/Package/textcomp.sty.ltxml...
(Processing definitions /usr/share/texlive/texmf-dist/tex/latex-dev/base/ts1enc.dfu... 0.03 sec) 1.47 sec) 1.74 sec)
(Loading /usr/share/perl5/LaTeXML/Package/article.cls.ltxml... 0.01 sec)
(Loading /usr/share/perl5/LaTeXML/Package/amssymb.sty.ltxml...
(Loading /usr/share/perl5/LaTeXML/Package/amsfonts.sty.ltxml... 0.00 sec) 0.02 sec)
Info:unexpected:titlepage When using titlepage, Frontmatter will not be well-structured
	at 0301182.tex; line 86 col 0 - line 86 col 17
 5.90 sec) 6.13 sec)
(Building...
(Loading compiled schema /usr/share/perl5/LaTeXML/resources/RelaxNG/LaTeXML.model... 0.01 sec) 3.96 sec)
(Rewriting... 0.04 sec)
(Math Parsing 111 formulae ......
Warning:not_parsed:OPEN.ATOM.CLOSE>FLOATSUPERSCRIPT MathParser failed to match rule 'Anything'
	at 0301182.tex; line 249 col 50 - line 250 col 7
	In "$\left(\frac{r}{l_{p}}\right){}^{2/3}$"
	\left([[OPEN]] \frac{r}{l_{p}}[[UNKNOWN]] \right)[[CLOSE]]
	        > {}^{2/3}[[FLOATSUPERSCRIPT]]
 2.15 sec)
Math parsing succeeded:
   ltx:XMath: 110/111
   ltx:XMArg: 279/279
Symbols assumed as simple identifiers (with # of occurences):
   'A{italic}' (11), 'B{italic}' (5), 'Delta' (3), 'E{italic}' (10), 'G{italic}' (1), 'H{italic}' (18), 'Lambda' (5), 'L{italic}' (3), 'N{italic}' (8), 'Omega' (3), 'R{italic}' (15), 'S{italic}' (22), 'T{italic}' (3), 'V{italic}' (8), 'a{italic}' (3), 'c{italic}' (2), 'd{italic}' (2), 'eta' (2), 'k{italic}' (2), 'l{italic}' (27), 'phi' (6), 'pi' (18), 'p{italic}' (4), 'q{italic}' (5), 'rho' (13), 'r{italic}' (35), 't{italic}' (15), 'varepsilon' (7), 'w{italic}' (4)
Set MATHPARSER_SPECULATE to speculate on possible notations.
(Finalizing... 0.28 sec)
Conversion complete 1 warning (See /home/user/latex-in-arxiv/0301182.latexml.log) (reqd. 12.98s)
