latexml (LaTeXML version 0.8.6) processing 2003/0301011.tex
(Digesting TeX 0301011...
(Loading /usr/share/perl5/LaTeXML/Package/TeX.pool.ltxml...
(Loading /usr/share/perl5/LaTeXML/Package/eTeX.pool.ltxml... 0.00 sec)
(Loading /usr/share/perl5/LaTeXML/Package/pdfTeX.pool.ltxml... 0.00 sec) 0.08 sec)
(Processing content /home/user/latex-in-arxiv/2003/0301011.tex...
(Loading /usr/share/perl5/LaTeXML/Package/LaTeX.pool.ltxml...
(Loading /usr/share/perl5/LaTeXML/Package/textcomp.sty.ltxml...
(Processing definitions /usr/share/texlive/texmf-dist/tex/latex-dev/base/ts1enc.dfu... 0.02 sec) 1.14 sec) 1.25 sec)
Info:unexpected:\documentstyle Entering LaTeX 2.09 Compatibility mode
	at 0301011.tex; line 24 col 0 - line 24 col 36
(Loading /usr/share/perl5/LaTeXML/Package/article.cls.ltxml... 0.01 sec)
(Loading /usr/share/perl5/LaTeXML/Package/epsfig.sty.ltxml...
(Loading /usr/share/perl5/LaTeXML/Package/graphicx.sty.ltxml...
(Loading /usr/share/perl5/LaTeXML/Package/graphics.sty.ltxml... 0.01 sec) 0.01 sec) 0.03 sec) 4.85 sec) 4.96 sec)
(Building...
(Loading compiled schema /usr/share/perl5/LaTeXML/resources/RelaxNG/LaTeXML.model... 0.01 sec) 5.00 sec)
(Rewriting... 0.22 sec)
(Math Parsing 485 formulae ...... 15.48 sec)
Math parsing succeeded:
   ltx:XMath: 485/485
   ltx:XMArg: 2662/2662
Symbols assumed as simple identifiers (with # of occurences):
   '#' (2), 'A{italic}' (12), 'B{italic}' (2), 'D{italic}' (12), 'F{caligraphic}' (23), 'J{italic}' (29), 'Lambda' (73), 'M{italic}' (263), 'N{caligraphic}' (28), 'N{italic}' (393), 'O{italic}' (22), 'Phi' (31), 'Q{italic}' (80), 'S{italic}' (213), 'U{italic}' (10), 'W{italic}' (153), 'X{italic}' (4), 'Y{italic}' (2), 'Z{italic}' (29), 'alpha' (51), 'a{italic}' (19), 'b{italic}' (15), 'c{italic}' (4), 'delta' (12), 'd{italic}' (48), 'epsilon' (31), 'e{italic}' (271), 'f{italic}' (29), 'g{italic}' (80), 'i{italic}' (79), 'j{italic}' (43), 'kappa' (18), 'k{italic}' (15), 'lambda' (51), 'l{italic}' (24), 'mu' (73), 'm{italic}' (56), 'n{italic}' (336), 'o{italic}' (24), 'pi' (29), 'p{italic}' (23), 'q{italic}' (24), 'r{italic}' (124), 'sigma' (2), 't{italic}' (109), 'v{italic}' (24)
Set MATHPARSER_SPECULATE to speculate on possible notations.
(Finalizing... 1.35 sec)
Conversion complete No obvious problems (reqd. 27.94s)
