latexml (LaTeXML version 0.8.6) processing 2003/0301160.tex
(Digesting TeX 0301160...
(Loading /usr/share/perl5/LaTeXML/Package/TeX.pool.ltxml...
(Loading /usr/share/perl5/LaTeXML/Package/eTeX.pool.ltxml... 0.00 sec)
(Loading /usr/share/perl5/LaTeXML/Package/pdfTeX.pool.ltxml... 0.01 sec) 0.11 sec)
(Processing content /home/user/latex-in-arxiv/2003/0301160.tex...
(Loading /usr/share/perl5/LaTeXML/Package/LaTeX.pool.ltxml...
(Loading /usr/share/perl5/LaTeXML/Package/textcomp.sty.ltxml...
(Processing definitions /usr/share/texlive/texmf-dist/tex/latex-dev/base/ts1enc.dfu... 0.03 sec) 1.40 sec) 1.56 sec)
(Loading /usr/share/perl5/LaTeXML/Package/revtex4.cls.ltxml...
(Loading /usr/share/perl5/LaTeXML/Package/article.cls.ltxml... 0.01 sec)
(Loading /usr/share/perl5/LaTeXML/Package/revtex4_support.sty.ltxml...
(Loading /usr/share/perl5/LaTeXML/Package/hyperref.sty.ltxml...
(Loading /usr/share/perl5/LaTeXML/Package/keyval.sty.ltxml...
(Processing definitions /usr/share/texlive/texmf-dist/tex/latex-dev/graphics/keyval.sty... 0.02 sec) 0.02 sec)
(Loading /usr/share/perl5/LaTeXML/Package/nameref.sty.ltxml... 0.00 sec)
(Loading /usr/share/perl5/LaTeXML/Package/url.sty.ltxml... 0.00 sec) 0.09 sec)
(Loading /usr/share/perl5/LaTeXML/Package/natbib.sty.ltxml... 0.02 sec)
(Loading /usr/share/perl5/LaTeXML/Package/revsymb.sty.ltxml... 0.00 sec)
(Loading /usr/share/perl5/LaTeXML/Package/longtable.sty.ltxml... 0.00 sec)
(Loading /usr/share/perl5/LaTeXML/Package/dcolumn.sty.ltxml...
(Loading /usr/share/perl5/LaTeXML/Package/array.sty.ltxml... 0.00 sec) 0.01 sec) 0.18 sec) 0.59 sec)
(Loading /usr/share/perl5/LaTeXML/Package/amsmath.sty.ltxml...
(Loading /usr/share/perl5/LaTeXML/Package/amsbsy.sty.ltxml...
(Loading /usr/share/perl5/LaTeXML/Package/amsgen.sty.ltxml... 0.00 sec) 0.01 sec)
(Loading /usr/share/perl5/LaTeXML/Package/amstext.sty.ltxml... 0.01 sec)
(Loading /usr/share/perl5/LaTeXML/Package/amsopn.sty.ltxml... 0.01 sec) 0.06 sec)
(Loading /usr/share/perl5/LaTeXML/Package/amscd.sty.ltxml... 0.01 sec)
(Loading /usr/share/perl5/LaTeXML/Package/amssymb.sty.ltxml...
(Loading /usr/share/perl5/LaTeXML/Package/amsfonts.sty.ltxml... 0.00 sec) 0.03 sec)
(Loading /usr/share/perl5/LaTeXML/Package/mathrsfs.sty.ltxml... 0.00 sec) 9.60 sec) 9.85 sec)
(Building...
(Loading compiled schema /usr/share/perl5/LaTeXML/resources/RelaxNG/LaTeXML.model... 0.01 sec) 10.95 sec)
(Rewriting... 0.14 sec)
(Math Parsing 432 formulae ......
Warning:not_parsed:>OPEN MathParser failed to match rule 'Anything'
	at 0301160.tex; line 298 col 2 - line 298 col 12
	In "$(+,-,-,-,)$"
	> ([[OPEN]] +[[ADDOP]] ,[[PUNCT]] -[[ADDOP]] ,[[PUNCT]] -[[ADDOP]] ,[[PUNCT]] -[[ADDOP]] ,[[PUNCT]] )[[CLOSE]]
Warning:not_parsed:UNKNOWN.RELOP.UNKNOWN>RELOP MathParser failed to match rule 'Anything'
	at 0301160.tex; line 808 col 0 - line 811 col 14
	In "\begin{equation}x\times x-Q(x)\;,\quad x\in E\subset\times(E)\;.\end{equation}"
	x[[UNKNOWN]] ×[[MULOP]] x[[UNKNOWN]] -[[ADDOP]] Q[[UNKNOWN]] ([[OPEN]] x[[UNKNOWN]] )[[CLOSE]] ,[[PUNCT]] x[[UNKNOWN]] ∈[[RELOP]] E[[UNKNOWN]]
	        > ⊂[[RELOP]] ×[[MULOP]] ([[OPEN]] E[[UNKNOWN]] )[[CLOSE]]
Warning:not_parsed:OPEN.UNKNOWN.CLOSE>RELOP MathParser failed to match rule 'Anything'
	at 0301160.tex; line 843 col 5 - line 843 col 42
	In "$Cl_{O}(E)=\times(E)/{\cal{N}}(Q)$"
	C[[UNKNOWN]] l[[UNKNOWN]] _{O}[[POSTSUBSCRIPT]] ([[OPEN]] E[[UNKNOWN]] )[[CLOSE]]
	        > =[[RELOP]] ×[[MULOP]] ([[OPEN]] E[[UNKNOWN]] )[[CLOSE]] /[[MULOP]] N[[UNKNOWN]] ([[OPEN]] Q[[UNKNOWN]] )[[CLOSE]]
Warning:not_parsed:OPEN.UNKNOWN.CLOSE>RELOP MathParser failed to match rule 'Anything'
	at 0301160.tex; line 843 col 49 - line 844 col 16
	In "$Cl_{S}(E)=\times(E)/{\cal{N}}(F)$"
	C[[UNKNOWN]] l[[UNKNOWN]] _{S}[[POSTSUBSCRIPT]] ([[OPEN]] E[[UNKNOWN]] )[[CLOSE]]
	        > =[[RELOP]] ×[[MULOP]] ([[OPEN]] E[[UNKNOWN]] )[[CLOSE]] /[[MULOP]] N[[UNKNOWN]] ([[OPEN]] F[[UNKNOWN]] )[[CLOSE]]
Warning:not_parsed:OPEN.UNKNOWN.CLOSE>RELOP MathParser failed to match rule 'Anything'
	at 0301160.tex; line 846 col 0 - line 850 col 14
	In "\begin{equation}Cl_{U}(E)=\times(E)/\left\{{\cal{N}}(Q)\cup{\cal{N}}(F)\right%
	\}\quad.\end{equation}"
	C[[UNKNOWN]] l[[UNKNOWN]] _{U}[[POSTSUBSCRIPT]] ([[OPEN]] E[[UNKNOWN]] )[[CLOSE]]
	        > =[[RELOP]] ×[[MULOP]] ([[OPEN]] E[[UNKNOWN]] )[[CLOSE]] /[[MULOP]] \left\{[[OPEN]] N[[UNKNOWN]] ([[OPEN]] Q[[UNKNOWN]] )[[CLOSE]] ∪[[ADDOP]] N[[UNKNOWN]] ([[OPEN]] F[[UNKNOWN]] )[[CLOSE]] \right\}[[CLOSE]]
Warning:not_parsed:CLOSE.RELOP.UNKNOWN>PUNCT MathParser failed to match rule 'Anything'
	at 0301160.tex; line 1293 col 0 - line 1296 col 14
	In "\begin{equation}\pi s(x)=x\quad,\forall x\in B\;\;.\end{equation}"
	π[[UNKNOWN]] s[[UNKNOWN]] ([[OPEN]] x[[UNKNOWN]] )[[CLOSE]] =[[RELOP]] x[[UNKNOWN]]
	        > \begin{equation}\pis(x)=x\quad,\forallx\inB\;\;.\end{equation}[[PUNCT]] ,[[PUNCT]] ∀[[BIGOP]] x[[UNKNOWN]] ∈[[RELOP]] B[[UNKNOWN]]
 8.06 sec)
Math parsing succeeded:
   ltx:XMWrap: 2/2
   ltx:XMath: 426/432
   ltx:XMArg: 446/446
Symbols assumed as simple identifiers (with # of occurences):
   'A{italic}' (16), 'B{italic}' (27), 'C{blackboard}' (3), 'C{italic}' (60), 'E{italic}' (42), 'F{italic}' (11), 'G{caligraphic}' (2), 'G{italic}' (5), 'G{script}' (4), 'H{blackboard}' (3), 'H{italic}' (2), 'H{script}' (5), 'I{blackboard}' (3), 'J{italic}' (6), 'K{italic}' (4), 'L{italic}' (2), 'M{italic}' (4), 'N{caligraphic}' (10), 'N{italic}' (39), 'O{italic}' (30), 'Phi' (33), 'P{italic}' (3), 'Q{italic}' (12), 'R{blackboard}' (83), 'R{italic}' (3), 'S{italic}' (102), 'S{script}' (8), 'T{italic}' (46), 'U{italic}' (121), 'U{script}' (1), 'V{italic}' (18), 'W{italic}' (1), 'X{italic}' (4), 'Y{italic}' (9), 'Z{blackboard}' (2), 'Z{italic}' (7), 'alpha' (13), 'a{italic}' (20), 'beta' (17), 'b{italic}' (8), 'delta' (4), 'd{italic}' (1), 'epsilon' (40), 'e{italic}' (28), 'f{italic}' (2), 'g{fraktur}' (10), 'g{italic}' (6), 'h{fraktur}' (2), 'h{italic}' (1), 'i{italic}' (41), 'j{italic}' (1), 'l{italic}' (59), 'm{italic}' (2), 'n{italic}' (22), 'omega' (6), 'o{italic}' (1), 'phi' (5), 'pi' (9), 'psi' (7), 'p{fraktur}' (16), 'p{italic}' (30), 'q{italic}' (1), 'r{italic}' (2), 's{fraktur}' (22), 's{italic}' (7), 'theta' (9), 't{italic}' (7), 'u{fraktur}' (6), 'x{italic}' (33), 'y{italic}' (4)
Set MATHPARSER_SPECULATE to speculate on possible notations.
(Finalizing... 0.52 sec)
Conversion complete 6 warnings (See /home/user/latex-in-arxiv/0301160.latexml.log) (reqd. 30.24s)
