latexmlpost (LaTeXML version 0.8.6) paginating /home/user/latex-in-arxiv/2003/0301003.xml
Error:malformed:document Document fails RelaxNG validation (LaTeXML)
	Validation reports: /home/user/latex-in-arxiv/2003/0301003.xml:0: Relax-NG validity error : Element document has extra content: resource
	(Jing may provide a more precise report; https://relaxng.org/jclark/jing.html)
	In Post::Document[] /home/user/latex-in-arxiv/2003/0301003.xml
(post-processing...
(Scan  processing...
Scan: DBStatus: 1305/0 objects
 0.24 sec)
(MakeBibliography  processing... 0.00 sec)
(CrossRef  processing...
Warning:expected:ids Missing File location for ID: bib.bib14,bib.bib4,bib.bib2,bib.bib6,bib.bib12,bib.bib10,bib.bib11,bib.bib7,bib.bib5,bib.bib9,bib.bib3,bib.bib8,bib.bib1,bib.bib13
	In Post::CrossRef[@0x55b4947b5d08] ->process
 0.18 sec)
(MathML::Presentation  337 to process...
converted 337 Maths
 1.11 sec)
(XSLT[using LaTeXML-html5.xsl]  processing... 0.14 sec)
(Writer  processing... 0.00 sec) 1.68 sec)
Postprocessing complete 1 warning; 1 error (See /home/user/latex-in-arxiv/0301003.latexmlpost.log) (reqd. 1.89s)
