latexml (LaTeXML version 0.8.6) processing 2003/0301032.tex
(Digesting TeX 0301032...
(Loading /usr/share/perl5/LaTeXML/Package/TeX.pool.ltxml...
(Loading /usr/share/perl5/LaTeXML/Package/eTeX.pool.ltxml... 0.00 sec)
(Loading /usr/share/perl5/LaTeXML/Package/pdfTeX.pool.ltxml... 0.01 sec) 0.12 sec)
(Processing content /home/user/latex-in-arxiv/2003/0301032.tex...
(Loading /usr/share/perl5/LaTeXML/Package/epsf.tex.ltxml...
(Loading /usr/share/perl5/LaTeXML/Package/epsf.sty.ltxml... 0.00 sec) 0.01 sec)
(Loading /usr/share/perl5/LaTeXML/Package/LaTeX.pool.ltxml...
(Loading /usr/share/perl5/LaTeXML/Package/textcomp.sty.ltxml...
(Processing definitions /usr/share/texlive/texmf-dist/tex/latex-dev/base/ts1enc.dfu... 0.02 sec) 0.82 sec) 0.99 sec)
Info:unexpected:\documentstyle Entering LaTeX 2.09 Compatibility mode
	at 0301032.tex; line 4 col 0 - line 4 col 29
(Loading /usr/share/perl5/LaTeXML/Package/article.cls.ltxml... 0.01 sec) 5.36 sec) 5.53 sec)
(Building...
(Loading compiled schema /usr/share/perl5/LaTeXML/resources/RelaxNG/LaTeXML.model... 0.01 sec)
Info:malformed:id Duplicated attribute xml:id
	at 0301032.tex; line 373 col 71 - line 373 col 71
	Using id='footnote1a' on <ltx:note _font="Font[serif,medium,upright,10,b..." mark="1" role="footnote"/>
	id='footnote1' already set on <ltx:note _font="Font[serif,medium,upright,12,b..." mark="1" role="footnote" xml:id="footnote1" _box="LaTeXML::Core::Whatsit=HASH(0x...">...
Warning:unexpected:eqnarray Unrecognized equation patterns (1) in eqnarray
	at 0301032.tex; line 1406 col 1 - line 1406 col 1
	In Core::Definition::Constructor[\@@eqna... /usr/share/perl5/LaTeXML/Package/LaTeX.pool.ltxml; line 2290
Warning:unexpected:eqnarray Unrecognized equation patterns (1) in eqnarray
	at 0301032.tex; line 1455 col 1 - line 1455 col 1
	In Core::Definition::Constructor[\@@eqna... /usr/share/perl5/LaTeXML/Package/LaTeX.pool.ltxml; line 2290
 5.15 sec)
(Rewriting... 0.13 sec)
(Math Parsing 456 formulae ......
Warning:not_parsed:NUMBER>MULOP MathParser failed to match rule 'Anything'
	at 0301032.tex; line 183 col 1 - line 183 col 1
	In "$\displaystyle 3\times[\,(3,2)_{1/6}\,+\,({\overline{3}},1)_{1/3}\,+\,({%
	\overline{3}},1)_{-2/3}\,++\,(1,2)_{-1/2}\,+\,(1,1)_{1}\,+\,(1,1)_{0}\,]\@@ENDINLINEMATH"
	3[[NUMBER]]
	        > ×[[MULOP]] [[[OPEN]] ([[OPEN]] 3[[NUMBER]] ,[[PUNCT]] 2[[NUMBER]] )[[CLOSE]] _{1/6}[[POSTSUBSCRIPT]] +[[ADDOP]] ([[OPEN]] \overline{3}[[UNKNOWN]] ,[[PUNCT]] 1[[NUMBER]] )[[CLOSE]] _{1/3}[[POSTSUBSCRIPT]] +[[ADDOP]] ([[OPEN]] \overline{3}[[UNKNOWN]] ,[[PUNCT]] 1[[NUMBER]] )[[CLOSE]] _{-2/3}[[POSTSUBSCRIPT]] +[[ADDOP]] +[[ADDOP]] ([[OPEN]] 1[[NUMBER]] ,[[PUNCT]] 2[[NUMBER]] )[[CLOSE]] _{-1/2}[[POSTSUBSCRIPT]] +[[ADDOP]] ([[OPEN]] 1[[NUMBER]] ,[[PUNCT]] 1[[NUMBER]] )[[CLOSE]] _{1}[[POSTSUBSCRIPT]] +[[ADDOP]] ([[OPEN]] 1[[NUMBER]] ,[[PUNCT]] 1[[NUMBER]] )[[CLOSE]] _{0}[[POSTSUBSCRIPT]] ][[CLOSE]]
Warning:not_parsed:>OPEN MathParser failed to match rule 'Anything'
	at 0301032.tex; line 183 col 14 - line 185 col 1
	In "$\displaystyle[\,(3,2)_{1/6}\,+\,({\overline{3}},1)_{1/3}\,+\,({\overline{3}},%
	1)_{-2/3}\,+$"
	> [[[OPEN]] ([[OPEN]] 3[[NUMBER]] ,[[PUNCT]] 2[[NUMBER]] )[[CLOSE]] _{1/6}[[POSTSUBSCRIPT]] +[[ADDOP]] ([[OPEN]] \overline{3}[[UNKNOWN]] ,[[PUNCT]] 1[[NUMBER]] )[[CLOSE]] _{1/3}[[POSTSUBSCRIPT]] +[[ADDOP]] ([[OPEN]] \overline{3}[[UNKNOWN]] ,[[PUNCT]] 1[[NUMBER]] )[[CLOSE]] _{-2/3}[[POSTSUBSCRIPT]] +[[ADDOP]]
Warning:not_parsed:NUMBER.CLOSE.POSTSUBSCRIPT>CLOSE MathParser failed to match rule 'Anything'
	at 0301032.tex; line 185 col 4 - line 186 col 5
	In "$\displaystyle+\,(1,2)_{-1/2}\,+\,(1,1)_{1}\,+\,(1,1)_{0}\,]$"
	+[[ADDOP]] ([[OPEN]] 1[[NUMBER]] ,[[PUNCT]] 2[[NUMBER]] )[[CLOSE]] _{-1/2}[[POSTSUBSCRIPT]] +[[ADDOP]] ([[OPEN]] 1[[NUMBER]] ,[[PUNCT]] 1[[NUMBER]] )[[CLOSE]] _{1}[[POSTSUBSCRIPT]] +[[ADDOP]] ([[OPEN]] 1[[NUMBER]] ,[[PUNCT]] 1[[NUMBER]] )[[CLOSE]] _{0}[[POSTSUBSCRIPT]]
	        > ][[CLOSE]]
Warning:not_parsed:ATOM.UNKNOWN.POSTSUBSCRIPT>PUNCT MathParser failed to match rule 'Anything'
	at 0301032.tex; line 318 col 4 - line 318 col 4
	In "$\displaystyle\int\,d^{10}x\,\frac{M_{s}^{8}}{g_{s}^{2}}\,R_{10d}\quad;\quad%
	\int\,d^{10}x\,\frac{M_{s}^{6}}{g_{s}^{2}}\,F_{10d}^{\;2}\@@ENDINLINEMATH"
	∫[[INTOP]] d[[UNKNOWN]] ^{10}[[POSTSUPERSCRIPT]] x[[UNKNOWN]] \frac{M_{s}^{8}}{g_{s}^{2}}[[UNKNOWN]] R[[UNKNOWN]] _{10d}[[POSTSUBSCRIPT]]
	        > $\displaystyle\int\,d^{10}x\,\frac{M_{s}^{8}}{g_{s}^{2}}\,R_{10d}\quad;\quad\int\,d^{10}x\,\frac{M_{s}^{6}}{g_{s}^{2}}\,F_{10d}^{\;2}\@@ENDINLINEMATH[[PUNCT]] ;[[PUNCT]] ∫[[INTOP]] d[[UNKNOWN]] ^{10}[[POSTSUPERSCRIPT]] x[[UNKNOWN]] \frac{M_{s}^{6}}{g_{s}^{2}}[[UNKNOWN]] F[[UNKNOWN]] _{10d}[[POSTSUBSCRIPT]] ^{\;2}[[POSTSUPERSCRIPT]]
Warning:not_parsed:ATOM.UNKNOWN.POSTSUBSCRIPT>PUNCT MathParser failed to match rule 'Anything'
	at 0301032.tex; line 318 col 4 - line 320 col 5
	In "$\displaystyle\int\,d^{10}x\,\frac{M_{s}^{8}}{g_{s}^{2}}\,R_{10d}\quad;\quad%
	\int\,d^{10}x\,\frac{M_{s}^{6}}{g_{s}^{2}}\,F_{10d}^{\;2}$"
	∫[[INTOP]] d[[UNKNOWN]] ^{10}[[POSTSUPERSCRIPT]] x[[UNKNOWN]] \frac{M_{s}^{8}}{g_{s}^{2}}[[UNKNOWN]] R[[UNKNOWN]] _{10d}[[POSTSUBSCRIPT]]
	        > $\displaystyle\int\,d^{10}x\,\frac{M_{s}^{8}}{g_{s}^{2}}\,R_{10d}\quad;\quad\int\,d^{10}x\,\frac{M_{s}^{6}}{g_{s}^{2}}\,F_{10d}^{\;2}$[[PUNCT]] ;[[PUNCT]] ∫[[INTOP]] d[[UNKNOWN]] ^{10}[[POSTSUPERSCRIPT]] x[[UNKNOWN]] \frac{M_{s}^{6}}{g_{s}^{2}}[[UNKNOWN]] F[[UNKNOWN]] _{10d}[[POSTSUBSCRIPT]] ^{\;2}[[POSTSUPERSCRIPT]]
Warning:not_parsed:ATOM.UNKNOWN.POSTSUBSCRIPT>PUNCT MathParser failed to match rule 'Anything'
	at 0301032.tex; line 326 col 4 - line 326 col 4
	In "$\displaystyle\int\,d^{4}x\,\frac{M_{s}^{8}\,V_{6}}{g_{s}^{2}}\,R_{10d}\quad;%
	\quad\int\,d^{4}x\,\frac{M_{s}^{6}\,V_{6}}{g_{s}^{2}}\,F_{10d}^{\;2}\@@ENDINLINEMATH"
	∫[[INTOP]] d[[UNKNOWN]] ^{4}[[POSTSUPERSCRIPT]] x[[UNKNOWN]] \frac{M_{s}^{8}\,V_{6}}{g_{s}^{2}}[[UNKNOWN]] R[[UNKNOWN]] _{10d}[[POSTSUBSCRIPT]]
	        > $\displaystyle\int\,d^{4}x\,\frac{M_{s}^{8}\,V_{6}}{g_{s}^{2}}\,R_{10d}\quad;\quad\int\,d^{4}x\,\frac{M_{s}^{6}\,V_{6}}{g_{s}^{2}}\,F_{10d}^{\;2}\@@ENDINLINEMATH[[PUNCT]] ;[[PUNCT]] ∫[[INTOP]] d[[UNKNOWN]] ^{4}[[POSTSUPERSCRIPT]] x[[UNKNOWN]] \frac{M_{s}^{6}\,V_{6}}{g_{s}^{2}}[[UNKNOWN]] F[[UNKNOWN]] _{10d}[[POSTSUBSCRIPT]] ^{\;2}[[POSTSUPERSCRIPT]]
Warning:not_parsed:ATOM.UNKNOWN.POSTSUBSCRIPT>PUNCT MathParser failed to match rule 'Anything'
	at 0301032.tex; line 326 col 4 - line 328 col 5
	In "$\displaystyle\int\,d^{4}x\,\frac{M_{s}^{8}\,V_{6}}{g_{s}^{2}}\,R_{10d}\quad;%
	\quad\int\,d^{4}x\,\frac{M_{s}^{6}\,V_{6}}{g_{s}^{2}}\,F_{10d}^{\;2}$"
	∫[[INTOP]] d[[UNKNOWN]] ^{4}[[POSTSUPERSCRIPT]] x[[UNKNOWN]] \frac{M_{s}^{8}\,V_{6}}{g_{s}^{2}}[[UNKNOWN]] R[[UNKNOWN]] _{10d}[[POSTSUBSCRIPT]]
	        > $\displaystyle\int\,d^{4}x\,\frac{M_{s}^{8}\,V_{6}}{g_{s}^{2}}\,R_{10d}\quad;\quad\int\,d^{4}x\,\frac{M_{s}^{6}\,V_{6}}{g_{s}^{2}}\,F_{10d}^{\;2}$[[PUNCT]] ;[[PUNCT]] ∫[[INTOP]] d[[UNKNOWN]] ^{4}[[POSTSUPERSCRIPT]] x[[UNKNOWN]] \frac{M_{s}^{6}\,V_{6}}{g_{s}^{2}}[[UNKNOWN]] F[[UNKNOWN]] _{10d}[[POSTSUBSCRIPT]] ^{\;2}[[POSTSUPERSCRIPT]]
Warning:not_parsed:NUMBER.POSTSUPERSCRIPT.UNKNOWN>PUNCT MathParser failed to match rule 'Anything'
	at 0301032.tex; line 333 col 1 - line 333 col 1
	In "$\displaystyle M_{P}^{2}\,=\,\frac{M_{s}^{8}\,V_{6}}{g_{s}^{2}}\,\simeq\,10^{1%
	9}\,{\rm GeV}\quad;\quad\frac{1}{g_{YM}^{2}}\,=\,\frac{M_{s}^{6}\,V_{6}}{g_{s}%
	^{2}}\,\simeq\,{\cal O}(.1)\@@ENDINLINEMATH"
	M[[UNKNOWN]] _{P}[[POSTSUBSCRIPT]] ^{2}[[POSTSUPERSCRIPT]] =[[RELOP]] \frac{M_{s}^{8}\,V_{6}}{g_{s}^{2}}[[UNKNOWN]] ≃[[RELOP]]  10[[NUMBER]] ^{19}[[POSTSUPERSCRIPT]] GeV[[UNKNOWN]]
	        > $\displaystyleM_{P}^{2}\,=\,\frac{M_{s}^{8}\,V_{6}}{g_{s}^{2}}\,\simeq\,10^{19}\,{\rmGeV}\quad;\quad\frac{1}{g_{YM}^{2}}\,=\,\frac{M_{s}^{6}\,V_{6}}{g_{s}^{2}}\,\simeq\,{\calO}(.1)\@@ENDINLINEMATH[[PUNCT]] ;[[PUNCT]] \frac{1}{g_{YM}^{2}}[[UNKNOWN]] =[[RELOP]] \frac{M_{s}^{6}\,V_{6}}{g_{s}^{2}}[[UNKNOWN]] ≃[[RELOP]] O[[UNKNOWN]] ([[OPEN]] .1[[NUMBER]] )[[CLOSE]]
Warning:not_parsed:NUMBER.POSTSUPERSCRIPT.UNKNOWN>PUNCT MathParser failed to match rule 'Anything'
	at 0301032.tex; line 333 col 1 - line 337 col 5
	In "$\displaystyle M_{P}^{2}\,=\,\frac{M_{s}^{8}\,V_{6}}{g_{s}^{2}}\,\simeq\,10^{1%
	9}\,{\rm GeV}\quad;\quad\frac{1}{g_{YM}^{2}}\,=\,\frac{M_{s}^{6}\,V_{6}}{g_{s}%
	^{2}}\,\simeq\,{\cal O}(.1)$"
	M[[UNKNOWN]] _{P}[[POSTSUBSCRIPT]] ^{2}[[POSTSUPERSCRIPT]] =[[RELOP]] \frac{M_{s}^{8}\,V_{6}}{g_{s}^{2}}[[UNKNOWN]] ≃[[RELOP]]  10[[NUMBER]] ^{19}[[POSTSUPERSCRIPT]] GeV[[UNKNOWN]]
	        > $\displaystyleM_{P}^{2}\,=\,\frac{M_{s}^{8}\,V_{6}}{g_{s}^{2}}\,\simeq\,10^{19}\,{\rmGeV}\quad;\quad\frac{1}{g_{YM}^{2}}\,=\,\frac{M_{s}^{6}\,V_{6}}{g_{s}^{2}}\,\simeq\,{\calO}(.1)$[[PUNCT]] ;[[PUNCT]] \frac{1}{g_{YM}^{2}}[[UNKNOWN]] =[[RELOP]] \frac{M_{s}^{6}\,V_{6}}{g_{s}^{2}}[[UNKNOWN]] ≃[[RELOP]] O[[UNKNOWN]] ([[OPEN]] .1[[NUMBER]] )[[CLOSE]]
Warning:not_parsed:UNKNOWN.POSTSUBSCRIPT.CLOSE>PUNCT MathParser failed to match rule 'Anything'
	at 0301032.tex; line 644 col 6 - line 644 col 6
	In "$\displaystyle\alpha^{\prime}M^{2}/2=\frac{1}{2}(\theta_{1}+\theta_{2}-\theta_%
	{3})\quad;\quad\frac{1}{2}(\theta_{1}-\theta_{2}+\theta_{3})\frac{1}{2}(-%
	\theta_{1}+\theta_{2}+\theta_{3})\quad;\quad 1-\frac{1}{2}(\theta_{1}+\theta_{%
	2}+\theta_{3})\@@ENDINLINEMATH"
	α[[UNKNOWN]] ^{\prime}[[POSTSUPERSCRIPT]] M[[UNKNOWN]] ^{2}[[POSTSUPERSCRIPT]] /[[MULOP]] 2[[NUMBER]] =[[RELOP]] \frac{1}{2}[[UNKNOWN]] ([[OPEN]] θ[[UNKNOWN]] _{1}[[POSTSUBSCRIPT]] +[[ADDOP]] θ[[UNKNOWN]] _{2}[[POSTSUBSCRIPT]] -[[ADDOP]] θ[[UNKNOWN]] _{3}[[POSTSUBSCRIPT]] )[[CLOSE]]
	        > $\displaystyle\alpha^{\prime}M^{2}/2=\frac{1}{2}(\theta_{1}+\theta_{2}-\theta_{3})\quad;\quad\frac{1}{2}(\theta_{1}-\theta_{2}+\theta_{3})\frac{1}{2}(-\theta_{1}+\theta_{2}+\theta_{3})\quad;\quad1-\frac{1}{2}(\theta_{1}+\theta_{2}+\theta_{3})\@@ENDINLINEMATH[[PUNCT]] ;[[PUNCT]] \frac{1}{2}[[UNKNOWN]] ([[OPEN]] θ[[UNKNOWN]] _{1}[[POSTSUBSCRIPT]] -[[ADDOP]] θ[[UNKNOWN]] _{2}[[POSTSUBSCRIPT]] +[[ADDOP]] θ[[UNKNOWN]] _{3}[[POSTSUBSCRIPT]] )[[CLOSE]] \frac{1}{2}[[UNKNOWN]] ([[OPEN]] -[[ADDOP]] θ[[UNKNOWN]] _{1}[[POSTSUBSCRIPT]] +[[ADDOP]] θ[[UNKNOWN]] _{2}[[POSTSUBSCRIPT]] +[[ADDOP]] θ[[UNKNOWN]] _{3}[[POSTSUBSCRIPT]] )[[CLOSE]] $\displaystyle\alpha^{\prime}M^{2}/2=\frac{1}{2}(\theta_{1}+\theta_{2}-\theta_{3})\quad;\quad\frac{1}{2}(\theta_{1}-\theta_{2}+\theta_{3})\frac{1}{2}(-\theta_{1}+\theta_{2}+\theta_{3})\quad;\quad1-\frac{1}{2}(\theta_{1}+\theta_{2}+\theta_{3})\@@ENDINLINEMATH[[PUNCT]] ;[[PUNCT]] 1[[NUMBER]] -[[ADDOP]] \frac{1}{2}[[UNKNOWN]] ([[OPEN]] θ[[UNKNOWN]] _{1}[[POSTSUBSCRIPT]] +[[ADDOP]] θ[[UNKNOWN]] _{2}[[POSTSUBSCRIPT]] +[[ADDOP]] θ[[UNKNOWN]] _{3}[[POSTSUBSCRIPT]] )[[CLOSE]]
Warning:not_parsed:UNKNOWN.POSTSUBSCRIPT.CLOSE>PUNCT MathParser failed to match rule 'Anything'
	at 0301032.tex; line 644 col 26 - line 646 col 1
	In "$\displaystyle\frac{1}{2}(\theta_{1}+\theta_{2}-\theta_{3})\quad;\quad\frac{1}%
	{2}(\theta_{1}-\theta_{2}+\theta_{3})$"
	\frac{1}{2}[[UNKNOWN]] ([[OPEN]] θ[[UNKNOWN]] _{1}[[POSTSUBSCRIPT]] +[[ADDOP]] θ[[UNKNOWN]] _{2}[[POSTSUBSCRIPT]] -[[ADDOP]] θ[[UNKNOWN]] _{3}[[POSTSUBSCRIPT]] )[[CLOSE]]
	        > $\displaystyle\frac{1}{2}(\theta_{1}+\theta_{2}-\theta_{3})\quad;\quad\frac{1}{2}(\theta_{1}-\theta_{2}+\theta_{3})$[[PUNCT]] ;[[PUNCT]] \frac{1}{2}[[UNKNOWN]] ([[OPEN]] θ[[UNKNOWN]] _{1}[[POSTSUBSCRIPT]] -[[ADDOP]] θ[[UNKNOWN]] _{2}[[POSTSUBSCRIPT]] +[[ADDOP]] θ[[UNKNOWN]] _{3}[[POSTSUBSCRIPT]] )[[CLOSE]]
Warning:not_parsed:UNKNOWN.POSTSUBSCRIPT.CLOSE>PUNCT MathParser failed to match rule 'Anything'
	at 0301032.tex; line 646 col 8 - line 649 col 5
	In "$\displaystyle\frac{1}{2}(-\theta_{1}+\theta_{2}+\theta_{3})\quad;\quad 1-%
	\frac{1}{2}(\theta_{1}+\theta_{2}+\theta_{3})$"
	\frac{1}{2}[[UNKNOWN]] ([[OPEN]] -[[ADDOP]] θ[[UNKNOWN]] _{1}[[POSTSUBSCRIPT]] +[[ADDOP]] θ[[UNKNOWN]] _{2}[[POSTSUBSCRIPT]] +[[ADDOP]] θ[[UNKNOWN]] _{3}[[POSTSUBSCRIPT]] )[[CLOSE]]
	        > $\displaystyle\frac{1}{2}(-\theta_{1}+\theta_{2}+\theta_{3})\quad;\quad1-\frac{1}{2}(\theta_{1}+\theta_{2}+\theta_{3})$[[PUNCT]] ;[[PUNCT]] 1[[NUMBER]] -[[ADDOP]] \frac{1}{2}[[UNKNOWN]] ([[OPEN]] θ[[UNKNOWN]] _{1}[[POSTSUBSCRIPT]] +[[ADDOP]] θ[[UNKNOWN]] _{2}[[POSTSUBSCRIPT]] +[[ADDOP]] θ[[UNKNOWN]] _{3}[[POSTSUBSCRIPT]] )[[CLOSE]]
Warning:not_parsed:UNKNOWN.POSTSUBSCRIPT.CLOSE>RELOP MathParser failed to match rule 'Anything'
	at 0301032.tex; line 735 col 1 - line 735 col 1
	In "$\displaystyle[\Pi_{a}]\,=\,\otimes_{i=1}^{3}\,(\,n_{a}^{i}\,[a_{i}]\,+\,m_{a}%
	^{i}\,[b_{i}]\,)\@@ENDINLINEMATH"
	[[[OPEN]] Π[[UNKNOWN]] _{a}[[POSTSUBSCRIPT]] ][[CLOSE]]
	        > =[[RELOP]] ⊗[[MULOP]] _{i=1}[[POSTSUBSCRIPT]] ^{3}[[POSTSUPERSCRIPT]] ([[OPEN]] n[[UNKNOWN]] _{a}[[POSTSUBSCRIPT]] ^{i}[[POSTSUPERSCRIPT]] [[[OPEN]] a[[UNKNOWN]] _{i}[[POSTSUBSCRIPT]] ][[CLOSE]] +[[ADDOP]] m[[UNKNOWN]] _{a}[[POSTSUBSCRIPT]] ^{i}[[POSTSUPERSCRIPT]] [[[OPEN]] b[[UNKNOWN]] _{i}[[POSTSUBSCRIPT]] ][[CLOSE]] )[[CLOSE]]
Warning:not_parsed:UNKNOWN.POSTSUBSCRIPT.CLOSE>RELOP MathParser failed to match rule 'Anything'
	at 0301032.tex; line 735 col 1 - line 736 col 5
	In "$\displaystyle[\Pi_{a}]\,=\,\otimes_{i=1}^{3}\,(\,n_{a}^{i}\,[a_{i}]\,+\,m_{a}%
	^{i}\,[b_{i}]\,)$"
	[[[OPEN]] Π[[UNKNOWN]] _{a}[[POSTSUBSCRIPT]] ][[CLOSE]]
	        > =[[RELOP]] ⊗[[MULOP]] _{i=1}[[POSTSUBSCRIPT]] ^{3}[[POSTSUPERSCRIPT]] ([[OPEN]] n[[UNKNOWN]] _{a}[[POSTSUBSCRIPT]] ^{i}[[POSTSUPERSCRIPT]] [[[OPEN]] a[[UNKNOWN]] _{i}[[POSTSUBSCRIPT]] ][[CLOSE]] +[[ADDOP]] m[[UNKNOWN]] _{a}[[POSTSUBSCRIPT]] ^{i}[[POSTSUPERSCRIPT]] [[[OPEN]] b[[UNKNOWN]] _{i}[[POSTSUBSCRIPT]] ][[CLOSE]] )[[CLOSE]]
Warning:not_parsed:UNKNOWN.POSTSUBSCRIPT.ADDOP>MULOP MathParser failed to match rule 'Anything'
	at 0301032.tex; line 812 col 1 - line 812 col 1
	In "$\displaystyle S_{C7}=\int_{\bf M_{4}\times\bf X_{6}}H_{8}\wedge*H_{8}\,+\,%
	\sum_{a}\,N_{a}\,\int_{\bf M_{4}\times\Pi_{a}}C_{7}\,==\int_{\bf M_{4}\times%
	\bf X_{6}}C_{7}\wedge dH_{2}\,+\,\sum_{a}\,N_{a}\,\int_{\bf M_{4}\times\bf X_{%
	6}}C_{7}\wedge\delta(\Pi_{a})\@@ENDINLINEMATH"
	S[[UNKNOWN]] _{C7}[[POSTSUBSCRIPT]] =[[RELOP]] ∫[[INTOP]] _{\bfM_{4}\times\bfX_{6}}[[POSTSUBSCRIPT]] H[[UNKNOWN]] _{8}[[POSTSUBSCRIPT]] ∧[[ADDOP]]
	        > *[[MULOP]] H[[UNKNOWN]] _{8}[[POSTSUBSCRIPT]] +[[ADDOP]] ∑[[SUMOP]] _{a}[[POSTSUBSCRIPT]] N[[UNKNOWN]] _{a}[[POSTSUBSCRIPT]] ∫[[INTOP]] _{\bfM_{4}\times\Pi_{a}}[[POSTSUBSCRIPT]] C[[UNKNOWN]] _{7}[[POSTSUBSCRIPT]] =[[RELOP]] =[[RELOP]] ∫[[INTOP]] _{\bfM_{4}\times\bfX_{6}}[[POSTSUBSCRIPT]] C[[UNKNOWN]] _{7}[[POSTSUBSCRIPT]] ∧[[ADDOP]] d[[UNKNOWN]] H[[UNKNOWN]] _{2}[[POSTSUBSCRIPT]] +[[ADDOP]] ∑[[SUMOP]] _{a}[[POSTSUBSCRIPT]] N[[UNKNOWN]] _{a}[[POSTSUBSCRIPT]] ∫[[INTOP]] _{\bfM_{4}\times\bfX_{6}}[[POSTSUBSCRIPT]] C[[UNKNOWN]] _{7}[[POSTSUBSCRIPT]] ∧[[ADDOP]] δ[[UNKNOWN]] ([[OPEN]] Π[[UNKNOWN]] _{a}[[POSTSUBSCRIPT]] )[[CLOSE]]
Warning:not_parsed:UNKNOWN.POSTSUBSCRIPT.ADDOP>MULOP MathParser failed to match rule 'Anything'
	at 0301032.tex; line 812 col 17 - line 814 col 1
	In "$\displaystyle\int_{\bf M_{4}\times\bf X_{6}}H_{8}\wedge*H_{8}\,+\,\sum_{a}\,N%
	_{a}\,\int_{\bf M_{4}\times\Pi_{a}}C_{7}\,=$"
	∫[[INTOP]] _{\bfM_{4}\times\bfX_{6}}[[POSTSUBSCRIPT]] H[[UNKNOWN]] _{8}[[POSTSUBSCRIPT]] ∧[[ADDOP]]
	        > *[[MULOP]] H[[UNKNOWN]] _{8}[[POSTSUBSCRIPT]] +[[ADDOP]] ∑[[SUMOP]] _{a}[[POSTSUBSCRIPT]] N[[UNKNOWN]] _{a}[[POSTSUBSCRIPT]] ∫[[INTOP]] _{\bfM_{4}\times\Pi_{a}}[[POSTSUBSCRIPT]] C[[UNKNOWN]] _{7}[[POSTSUBSCRIPT]] =[[RELOP]]
Warning:not_parsed:NUMBER>MULOP MathParser failed to match rule 'Anything'
	at 0301032.tex; line 1407 col 1 - line 1407 col 1
	In "$\displaystyle 3\times[\,(3,2)_{1/6}\,+\,({\overline{3}},1)_{1/3}\,+\,({%
	\overline{3}},1)_{-2/3}\,++\,(1,2)_{-1/2}\,+\,(1,1)_{1}\,+\,(1,1)_{0}\,]\@@ENDINLINEMATH"
	3[[NUMBER]]
	        > ×[[MULOP]] [[[OPEN]] ([[OPEN]] 3[[NUMBER]] ,[[PUNCT]] 2[[NUMBER]] )[[CLOSE]] _{1/6}[[POSTSUBSCRIPT]] +[[ADDOP]] ([[OPEN]] \overline{3}[[UNKNOWN]] ,[[PUNCT]] 1[[NUMBER]] )[[CLOSE]] _{1/3}[[POSTSUBSCRIPT]] +[[ADDOP]] ([[OPEN]] \overline{3}[[UNKNOWN]] ,[[PUNCT]] 1[[NUMBER]] )[[CLOSE]] _{-2/3}[[POSTSUBSCRIPT]] +[[ADDOP]] +[[ADDOP]] ([[OPEN]] 1[[NUMBER]] ,[[PUNCT]] 2[[NUMBER]] )[[CLOSE]] _{-1/2}[[POSTSUBSCRIPT]] +[[ADDOP]] ([[OPEN]] 1[[NUMBER]] ,[[PUNCT]] 1[[NUMBER]] )[[CLOSE]] _{1}[[POSTSUBSCRIPT]] +[[ADDOP]] ([[OPEN]] 1[[NUMBER]] ,[[PUNCT]] 1[[NUMBER]] )[[CLOSE]] _{0}[[POSTSUBSCRIPT]] ][[CLOSE]]
Warning:not_parsed:MULOP>OPEN MathParser failed to match rule 'Anything'
	at 0301032.tex; line 1407 col 10 - line 1408 col 19
	In "$\displaystyle\times[\,(3,2)_{1/6}\,+\,({\overline{3}},1)_{1/3}\,+\,({%
	\overline{3}},1)_{-2/3}\,+$"
	×[[MULOP]]
	        > [[[OPEN]] ([[OPEN]] 3[[NUMBER]] ,[[PUNCT]] 2[[NUMBER]] )[[CLOSE]] _{1/6}[[POSTSUBSCRIPT]] +[[ADDOP]] ([[OPEN]] \overline{3}[[UNKNOWN]] ,[[PUNCT]] 1[[NUMBER]] )[[CLOSE]] _{1/3}[[POSTSUBSCRIPT]] +[[ADDOP]] ([[OPEN]] \overline{3}[[UNKNOWN]] ,[[PUNCT]] 1[[NUMBER]] )[[CLOSE]] _{-2/3}[[POSTSUBSCRIPT]] +[[ADDOP]]
Warning:not_parsed:NUMBER.CLOSE.POSTSUBSCRIPT>CLOSE MathParser failed to match rule 'Anything'
	at 0301032.tex; line 1409 col 3 - line 1409 col 58
	In "$\displaystyle+\,(1,2)_{-1/2}\,+\,(1,1)_{1}\,+\,(1,1)_{0}\,]$"
	+[[ADDOP]] ([[OPEN]] 1[[NUMBER]] ,[[PUNCT]] 2[[NUMBER]] )[[CLOSE]] _{-1/2}[[POSTSUBSCRIPT]] +[[ADDOP]] ([[OPEN]] 1[[NUMBER]] ,[[PUNCT]] 1[[NUMBER]] )[[CLOSE]] _{1}[[POSTSUBSCRIPT]] +[[ADDOP]] ([[OPEN]] 1[[NUMBER]] ,[[PUNCT]] 1[[NUMBER]] )[[CLOSE]] _{0}[[POSTSUBSCRIPT]]
	        > ][[CLOSE]]
Warning:not_parsed:ADDOP.NUMBER.CLOSE>PUNCT MathParser failed to match rule 'Anything'
	at 0301032.tex; line 1437 col 1 - line 1437 col 1
	In "$\displaystyle N_{1}=8\quad(0,1)\times(0,-1)\times(2,-1)\quad\to U(1)\@@ENDINLINEMATH"
	N[[UNKNOWN]] _{1}[[POSTSUBSCRIPT]] =[[RELOP]] 8[[NUMBER]] $\displaystyleN_{1}=8\quad(0,1)\times(0,-1)\times(2,-1)\quad\toU(1)\@@ENDINLINEMATH[[PUNCT]] ([[OPEN]] 0[[NUMBER]] ,[[PUNCT]] 1[[NUMBER]] )[[CLOSE]] ×[[MULOP]] ([[OPEN]] 0[[NUMBER]] ,[[PUNCT]] -[[ADDOP]] 1[[NUMBER]] )[[CLOSE]] ×[[MULOP]] ([[OPEN]] 2[[NUMBER]] ,[[PUNCT]] -[[ADDOP]] 1[[NUMBER]] )[[CLOSE]]
	        > $\displaystyleN_{1}=8\quad(0,1)\times(0,-1)\times(2,-1)\quad\toU(1)\@@ENDINLINEMATH[[PUNCT]] →[[ARROW]] U[[UNKNOWN]] ([[OPEN]] 1[[NUMBER]] )[[CLOSE]]
Warning:not_parsed:PUNCT.NUMBER.CLOSE>PUNCT MathParser failed to match rule 'Anything'
	at 0301032.tex; line 1440 col 1 - line 1440 col 1
	In "$\displaystyle N_{3}=4\quad(1,0)\times(1,-1)\times(1,1)\quad\to U(2)\@@ENDINLINEMATH"
	N[[UNKNOWN]] _{3}[[POSTSUBSCRIPT]] =[[RELOP]] 4[[NUMBER]] $\displaystyleN_{3}=4\quad(1,0)\times(1,-1)\times(1,1)\quad\toU(2)\@@ENDINLINEMATH[[PUNCT]] ([[OPEN]] 1[[NUMBER]] ,[[PUNCT]] 0[[NUMBER]] )[[CLOSE]] ×[[MULOP]] ([[OPEN]] 1[[NUMBER]] ,[[PUNCT]] -[[ADDOP]] 1[[NUMBER]] )[[CLOSE]] ×[[MULOP]] ([[OPEN]] 1[[NUMBER]] ,[[PUNCT]] 1[[NUMBER]] )[[CLOSE]]
	        > $\displaystyleN_{3}=4\quad(1,0)\times(1,-1)\times(1,1)\quad\toU(2)\@@ENDINLINEMATH[[PUNCT]] →[[ARROW]] U[[UNKNOWN]] ([[OPEN]] 2[[NUMBER]] )[[CLOSE]]
Warning:not_parsed:PUNCT.NUMBER.CLOSE>PUNCT MathParser failed to match rule 'Anything'
	at 0301032.tex; line 1442 col 1 - line 1442 col 1
	In "$\displaystyle N_{5}=6+2\quad(1,-1)\times(1,0)\times(1,0)\quad\to U(3)\times U%
	(1)\@@ENDINLINEMATH"
	N[[UNKNOWN]] _{5}[[POSTSUBSCRIPT]] =[[RELOP]] 6[[NUMBER]] +[[ADDOP]] 2[[NUMBER]] $\displaystyleN_{5}=6+2\quad(1,-1)\times(1,0)\times(1,0)\quad\toU(3)\timesU(1)\@@ENDINLINEMATH[[PUNCT]] ([[OPEN]] 1[[NUMBER]] ,[[PUNCT]] -[[ADDOP]] 1[[NUMBER]] )[[CLOSE]] ×[[MULOP]] ([[OPEN]] 1[[NUMBER]] ,[[PUNCT]] 0[[NUMBER]] )[[CLOSE]] ×[[MULOP]] ([[OPEN]] 1[[NUMBER]] ,[[PUNCT]] 0[[NUMBER]] )[[CLOSE]]
	        > $\displaystyleN_{5}=6+2\quad(1,-1)\times(1,0)\times(1,0)\quad\toU(3)\timesU(1)\@@ENDINLINEMATH[[PUNCT]] →[[ARROW]] U[[UNKNOWN]] ([[OPEN]] 3[[NUMBER]] )[[CLOSE]] ×[[MULOP]] U[[UNKNOWN]] ([[OPEN]] 1[[NUMBER]] )[[CLOSE]]
Warning:not_parsed:NUMBER>MULOP MathParser failed to match rule 'Anything'
	at 0301032.tex; line 1456 col 1 - line 1456 col 1
	In "$\displaystyle 3\times[\,(3,2)_{1/6}\,+\,({\overline{3}},1)_{1/3}\,+\,({%
	\overline{3}},1)_{-2/3}\,++\,(1,2)_{-1/2}\,+\,(1,1)_{1}\,+\,(1,1)_{0}\,]\@@ENDINLINEMATH"
	3[[NUMBER]]
	        > ×[[MULOP]] [[[OPEN]] ([[OPEN]] 3[[NUMBER]] ,[[PUNCT]] 2[[NUMBER]] )[[CLOSE]] _{1/6}[[POSTSUBSCRIPT]] +[[ADDOP]] ([[OPEN]] \overline{3}[[UNKNOWN]] ,[[PUNCT]] 1[[NUMBER]] )[[CLOSE]] _{1/3}[[POSTSUBSCRIPT]] +[[ADDOP]] ([[OPEN]] \overline{3}[[UNKNOWN]] ,[[PUNCT]] 1[[NUMBER]] )[[CLOSE]] _{-2/3}[[POSTSUBSCRIPT]] +[[ADDOP]] +[[ADDOP]] ([[OPEN]] 1[[NUMBER]] ,[[PUNCT]] 2[[NUMBER]] )[[CLOSE]] _{-1/2}[[POSTSUBSCRIPT]] +[[ADDOP]] ([[OPEN]] 1[[NUMBER]] ,[[PUNCT]] 1[[NUMBER]] )[[CLOSE]] _{1}[[POSTSUBSCRIPT]] +[[ADDOP]] ([[OPEN]] 1[[NUMBER]] ,[[PUNCT]] 1[[NUMBER]] )[[CLOSE]] _{0}[[POSTSUBSCRIPT]] ][[CLOSE]]
Warning:not_parsed:MULOP>OPEN MathParser failed to match rule 'Anything'
	at 0301032.tex; line 1456 col 10 - line 1457 col 19
	In "$\displaystyle\times[\,(3,2)_{1/6}\,+\,({\overline{3}},1)_{1/3}\,+\,({%
	\overline{3}},1)_{-2/3}\,+$"
	×[[MULOP]]
	        > [[[OPEN]] ([[OPEN]] 3[[NUMBER]] ,[[PUNCT]] 2[[NUMBER]] )[[CLOSE]] _{1/6}[[POSTSUBSCRIPT]] +[[ADDOP]] ([[OPEN]] \overline{3}[[UNKNOWN]] ,[[PUNCT]] 1[[NUMBER]] )[[CLOSE]] _{1/3}[[POSTSUBSCRIPT]] +[[ADDOP]] ([[OPEN]] \overline{3}[[UNKNOWN]] ,[[PUNCT]] 1[[NUMBER]] )[[CLOSE]] _{-2/3}[[POSTSUBSCRIPT]] +[[ADDOP]]
Warning:not_parsed:NUMBER.CLOSE.POSTSUBSCRIPT>CLOSE MathParser failed to match rule 'Anything'
	at 0301032.tex; line 1458 col 3 - line 1458 col 58
	In "$\displaystyle+\,(1,2)_{-1/2}\,+\,(1,1)_{1}\,+\,(1,1)_{0}\,]$"
	+[[ADDOP]] ([[OPEN]] 1[[NUMBER]] ,[[PUNCT]] 2[[NUMBER]] )[[CLOSE]] _{-1/2}[[POSTSUBSCRIPT]] +[[ADDOP]] ([[OPEN]] 1[[NUMBER]] ,[[PUNCT]] 1[[NUMBER]] )[[CLOSE]] _{1}[[POSTSUBSCRIPT]] +[[ADDOP]] ([[OPEN]] 1[[NUMBER]] ,[[PUNCT]] 1[[NUMBER]] )[[CLOSE]] _{0}[[POSTSUBSCRIPT]]
	        > ][[CLOSE]]
 6.98 sec)
Math parsing succeeded:
   ltx:XMath: 431/456
   ltx:XMArg: 1010/1010
Symbols assumed as simple identifiers (with # of occurences):
   'A{italic}' (5), 'B{italic}' (6), 'C{bold}' (1), 'C{italic}' (29), 'D{italic}' (4), 'E{italic}' (7), 'F{italic}' (24), 'GeV' (10), 'G{italic}' (3), 'H{italic}' (21), 'I{bold}' (1), 'I{italic}' (41), 'K{italic}' (8), 'M{bold}' (18), 'M{italic}' (58), 'N{bold}' (1), 'N{caligraphic}' (14), 'N{italic}' (72), 'Omega' (6), 'O{caligraphic}' (4), 'O{italic}' (3), 'Pi' (52), 'Q{italic}' (10), 'R{italic}' (18), 'Sigma' (9), 'S{italic}' (36), 'T{bold}' (22), 'U{italic}' (87), 'V{italic}' (26), 'W{italic}' (3), 'X{bold}' (28), 'X{italic}' (3), 'Y{italic}' (10), 'Z{bold}' (6), 'alpha' (5), 'a{italic}' (41), 'b{italic}' (34), 'chi' (1), 'c{italic}' (4), 'delta' (7), 'd{italic}' (53), 'e{italic}' (1), 'g{italic}' (49), 'h{italic}' (4), 'i{italic}' (9), 'j{italic}' (1), 'm{bold}' (1), 'm{italic}' (25), 'n{bold}' (1), 'n{italic}' (45), 'phi' (7), 'pi' (1), 'p{bold}' (1), 'p{italic}' (28), 'theta' (59), 'tr' (8), 't{italic}' (4), 'v{italic}' (1), 'x{italic}' (25), 'y{italic}' (11)
Set MATHPARSER_SPECULATE to speculate on possible notations.
(Finalizing... 0.63 sec)
Conversion complete 27 warnings (See /home/user/latex-in-arxiv/0301032.latexml.log) (reqd. 18.97s)
