latexml (LaTeXML version 0.8.6) processing 2003/0301025.tex
(Digesting TeX 0301025...
(Loading /usr/share/perl5/LaTeXML/Package/TeX.pool.ltxml...
(Loading /usr/share/perl5/LaTeXML/Package/eTeX.pool.ltxml... 0.00 sec)
(Loading /usr/share/perl5/LaTeXML/Package/pdfTeX.pool.ltxml... 0.01 sec) 0.16 sec)
(Processing content /home/user/latex-in-arxiv/2003/0301025.tex...
(Loading /usr/share/perl5/LaTeXML/Package/LaTeX.pool.ltxml...
(Loading /usr/share/perl5/LaTeXML/Package/textcomp.sty.ltxml...
(Processing definitions /usr/share/texlive/texmf-dist/tex/latex-dev/base/ts1enc.dfu... 0.03 sec) 1.30 sec) 1.53 sec)
Info:unexpected:\documentstyle Entering LaTeX 2.09 Compatibility mode
	at 0301025.tex; line 1 col 0 - line 1 col 36
(Loading /usr/share/perl5/LaTeXML/Package/article.cls.ltxml... 0.01 sec)
(Loading /usr/share/perl5/LaTeXML/Package/revtex.sty.ltxml...
(Loading /usr/share/perl5/LaTeXML/Package/natbib.sty.ltxml... 0.02 sec)
(Loading /usr/share/perl5/LaTeXML/Package/revtex3_support.sty.ltxml...
(Loading /usr/share/perl5/LaTeXML/Package/revtex4_support.sty.ltxml...
(Loading /usr/share/perl5/LaTeXML/Package/hyperref.sty.ltxml...
(Loading /usr/share/perl5/LaTeXML/Package/keyval.sty.ltxml...
(Processing definitions /usr/share/texlive/texmf-dist/tex/latex-dev/graphics/keyval.sty... 0.02 sec) 0.02 sec)
(Loading /usr/share/perl5/LaTeXML/Package/nameref.sty.ltxml... 0.00 sec)
(Loading /usr/share/perl5/LaTeXML/Package/url.sty.ltxml... 0.00 sec) 0.08 sec)
(Loading /usr/share/perl5/LaTeXML/Package/revsymb.sty.ltxml... 0.00 sec)
(Loading /usr/share/perl5/LaTeXML/Package/longtable.sty.ltxml... 0.00 sec)
(Loading /usr/share/perl5/LaTeXML/Package/dcolumn.sty.ltxml...
(Loading /usr/share/perl5/LaTeXML/Package/array.sty.ltxml... 0.00 sec) 0.01 sec) 0.14 sec) 0.14 sec) 0.17 sec)
Info:unexpected:preprint Unexpected option 'preprint' passed to revtex.cls
	at 0301025.tex; line 2 col 0 - line 2 col 1
Info:unexpected:aps Unexpected option 'aps' passed to revtex.cls
	at 0301025.tex; line 2 col 0 - line 2 col 1
Info:note:OmniBus Loading OmniBus class to attempt to cover missing options
	at 0301025.tex; line 2 col 0 - line 2 col 1
(Loading /usr/share/perl5/LaTeXML/Package/OmniBus.cls.ltxml...
(Loading /usr/share/perl5/LaTeXML/Package/inst_support.sty.ltxml... 0.00 sec)
(Loading /usr/share/perl5/LaTeXML/Package/epsf.sty.ltxml... 0.01 sec)
(Loading /usr/share/perl5/LaTeXML/Package/graphicx.sty.ltxml...
(Loading /usr/share/perl5/LaTeXML/Package/graphics.sty.ltxml... 0.01 sec) 0.03 sec)
(Loading /usr/share/perl5/LaTeXML/Package/aas_macros.sty.ltxml... 0.00 sec) 0.07 sec) 3.91 sec) 4.09 sec)
(Building...
(Loading compiled schema /usr/share/perl5/LaTeXML/resources/RelaxNG/LaTeXML.model... 0.01 sec)
Warning:unexpected:eqnarray Unrecognized equation patterns (1) in eqnarray
	at 0301025.tex; line 437 col 6 - line 437 col 6
	In Core::Definition::Constructor[\@@eqna... /usr/share/perl5/LaTeXML/Package/LaTeX.pool.ltxml; line 2290
Warning:unexpected:eqnarray Unrecognized equation patterns (1) in eqnarray
	at 0301025.tex; line 448 col 6 - line 448 col 6
	In Core::Definition::Constructor[\@@eqna... /usr/share/perl5/LaTeXML/Package/LaTeX.pool.ltxml; line 2290
 2.29 sec)
(Rewriting... 0.06 sec)
(Math Parsing 117 formulae ......
Warning:not_parsed:OPEN.ATOM.CLOSE>MULOP MathParser failed to match rule 'Anything'
	at 0301025.tex; line 247 col 10 - line 248 col 35
	In "$\displaystyle\int d^{d}x\,d^{d}y\,\,\phi_{\epsilon}(\vec{x})\phi_{\epsilon}(%
	\vec{y})\times$"
	∫[[INTOP]] d[[UNKNOWN]] ^{d}[[POSTSUPERSCRIPT]] x[[UNKNOWN]] d[[UNKNOWN]] ^{d}[[POSTSUPERSCRIPT]] y[[UNKNOWN]] ϕ[[UNKNOWN]] _{\epsilon}[[POSTSUBSCRIPT]] ([[OPEN]] \vec{x}[[UNKNOWN]] )[[CLOSE]] ϕ[[UNKNOWN]] _{\epsilon}[[POSTSUBSCRIPT]] ([[OPEN]] \vec{y}[[UNKNOWN]] )[[CLOSE]]
	        > ×[[MULOP]]
Warning:not_parsed:OPEN.ATOM.CLOSE>MULOP MathParser failed to match rule 'Anything'
	at 0301025.tex; line 438 col 5 - line 439 col 36
	In "$\displaystyle=\int d^{d}x\,d^{d}y\,\,\phi_{\epsilon}(\vec{x})\phi_{\epsilon}(%
	\vec{y})\times$"
	=[[RELOP]] ∫[[INTOP]] d[[UNKNOWN]] ^{d}[[POSTSUPERSCRIPT]] x[[UNKNOWN]] d[[UNKNOWN]] ^{d}[[POSTSUPERSCRIPT]] y[[UNKNOWN]] ϕ[[UNKNOWN]] _{\epsilon}[[POSTSUBSCRIPT]] ([[OPEN]] \vec{x}[[UNKNOWN]] )[[CLOSE]] ϕ[[UNKNOWN]] _{\epsilon}[[POSTSUBSCRIPT]] ([[OPEN]] \vec{y}[[UNKNOWN]] )[[CLOSE]]
	        > ×[[MULOP]]
Warning:not_parsed:OPEN.ATOM.CLOSE>MULOP MathParser failed to match rule 'Anything'
	at 0301025.tex; line 449 col 13 - line 450 col 43
	In "$\displaystyle=\int d^{d}x\,d^{d}y\,\,\tilde{\phi}_{\epsilon}(\vec{x})\tilde{%
	\phi}_{\epsilon}(\vec{y})\times$"
	=[[RELOP]] ∫[[INTOP]] d[[UNKNOWN]] ^{d}[[POSTSUPERSCRIPT]] x[[UNKNOWN]] d[[UNKNOWN]] ^{d}[[POSTSUPERSCRIPT]] y[[UNKNOWN]] \tilde{\phi}[[UNKNOWN]] _{\epsilon}[[POSTSUBSCRIPT]] ([[OPEN]] \vec{x}[[UNKNOWN]] )[[CLOSE]] \tilde{\phi}[[UNKNOWN]] _{\epsilon}[[POSTSUBSCRIPT]] ([[OPEN]] \vec{y}[[UNKNOWN]] )[[CLOSE]]
	        > ×[[MULOP]]
 3.50 sec)
Math parsing succeeded:
   ltx:XMArg: 371/371
   ltx:XMath: 114/117
Symbols assumed as simple identifiers (with # of occurences):
   'A{italic}' (3), 'Delta' (36), 'D{caligraphic}' (1), 'D{italic}' (6), 'E{italic}' (2), 'Gamma' (12), 'J{italic}' (6), 'K{italic}' (6), 'M{italic}' (2), 'O{caligraphic}' (3), 'R{italic}' (4), 'S{italic}' (14), 'T{italic}' (4), 'beta' (2), 'delta' (3), 'd{italic}' (72), 'epsilon' (34), 'e{italic}' (12), 'g{italic}' (1), 'i{italic}' (6), 'k{italic}' (20), 'lambda' (16), 'mu' (6), 'm{italic}' (6), 'nu' (50), 'n{italic}' (2), 'phi' (57), 'pi' (2), 'rho' (4), 's{italic}' (1), 't{italic}' (1), 'xi' (4), 'x{italic}' (26), 'y{italic}' (11)
Set MATHPARSER_SPECULATE to speculate on possible notations.
(Finalizing... 0.36 sec)
Conversion complete 5 warnings (See /home/user/latex-in-arxiv/0301025.latexml.log) (reqd. 10.67s)
