latexml (LaTeXML version 0.8.6) processing 2003/0301112.tex
(Digesting TeX 0301112...
(Loading /usr/share/perl5/LaTeXML/Package/TeX.pool.ltxml...
(Loading /usr/share/perl5/LaTeXML/Package/eTeX.pool.ltxml... 0.00 sec)
(Loading /usr/share/perl5/LaTeXML/Package/pdfTeX.pool.ltxml... 0.01 sec) 0.11 sec)
(Processing content /home/user/latex-in-arxiv/2003/0301112.tex...
(Loading /usr/share/perl5/LaTeXML/Package/LaTeX.pool.ltxml...
(Loading /usr/share/perl5/LaTeXML/Package/textcomp.sty.ltxml...
(Processing definitions /usr/share/texlive/texmf-dist/tex/latex-dev/base/ts1enc.dfu... 0.02 sec) 0.89 sec) 1.06 sec)
(Loading /usr/share/perl5/LaTeXML/Package/article.cls.ltxml... 0.01 sec)
(Loading /usr/share/perl5/LaTeXML/Package/graphicx.sty.ltxml...
(Loading /usr/share/perl5/LaTeXML/Package/graphics.sty.ltxml... 0.01 sec) 0.02 sec)
(Loading /usr/share/perl5/LaTeXML/Package/amsmath.sty.ltxml...
(Loading /usr/share/perl5/LaTeXML/Package/amsbsy.sty.ltxml...
(Loading /usr/share/perl5/LaTeXML/Package/amsgen.sty.ltxml... 0.00 sec) 0.01 sec)
(Loading /usr/share/perl5/LaTeXML/Package/amstext.sty.ltxml... 0.00 sec)
(Loading /usr/share/perl5/LaTeXML/Package/amsopn.sty.ltxml... 0.00 sec) 0.04 sec)
(Loading /usr/share/perl5/LaTeXML/Package/amsfonts.sty.ltxml... 0.00 sec)
(Loading /usr/share/perl5/LaTeXML/Package/amssymb.sty.ltxml... 0.01 sec) 2.18 sec) 2.30 sec)
(Building...
(Loading compiled schema /usr/share/perl5/LaTeXML/resources/RelaxNG/LaTeXML.model... 0.01 sec) 1.77 sec)
(Rewriting... 0.12 sec)
(Math Parsing 169 formulae ......
Warning:not_parsed:UNKNOWN>OPEN MathParser failed to match rule 'Anything'
	at 0301112.tex; line 104 col 44 - line 104 col 64
	In "$l(a.b)=l(a)\ast l(b)$"
	l[[UNKNOWN]]
	        > ([[OPEN]] a[[UNKNOWN]] .[[PERIOD]] b[[UNKNOWN]] )[[CLOSE]] =[[RELOP]] l[[UNKNOWN]] ([[OPEN]] a[[UNKNOWN]] )[[CLOSE]] ∗[[MULOP]] l[[UNKNOWN]] ([[OPEN]] b[[UNKNOWN]] )[[CLOSE]]
Warning:not_parsed:POSTSUPERSCRIPT.UNKNOWN.ATOM>OPEN MathParser failed to match rule 'Anything'
	at 0301112.tex; line 181 col 1 - line 181 col 1
	In "$\displaystyle I_{b}=\int d^{4}x\sqrt{g}\left(a\Lambda^{4}+b\Lambda^{2}\left(%
	\frac{5}{4}R-2y^{2}H^{\dagger}H\right)\right.\@@ENDINLINEMATH"
	I[[UNKNOWN]] _{b}[[POSTSUBSCRIPT]] =[[RELOP]] ∫[[INTOP]] d[[UNKNOWN]] ^{4}[[POSTSUPERSCRIPT]] x[[UNKNOWN]] \sqrt{g}[[UNKNOWN]]
	        > \left([[OPEN]] a[[UNKNOWN]] Λ[[UNKNOWN]] ^{4}[[POSTSUPERSCRIPT]] +[[ADDOP]] b[[UNKNOWN]] Λ[[UNKNOWN]] ^{2}[[POSTSUPERSCRIPT]] \left([[OPEN]] \frac{5}{4}[[UNKNOWN]] R[[UNKNOWN]] -[[ADDOP]] 2[[NUMBER]] y[[UNKNOWN]] ^{2}[[POSTSUPERSCRIPT]] H[[UNKNOWN]] ^{\dagger}[[POSTSUPERSCRIPT]] H[[UNKNOWN]] \right)[[CLOSE]]
Warning:not_parsed:POSTSUPERSCRIPT.UNKNOWN.ATOM>OPEN MathParser failed to match rule 'Anything'
	at 0301112.tex; line 181 col 10 - line 182 col 47
	In "$\displaystyle=\int d^{4}x\sqrt{g}\left(a\Lambda^{4}+b\Lambda^{2}\left(\frac{5%
	}{4}R-2y^{2}H^{\dagger}H\right)\right.$"
	=[[RELOP]] ∫[[INTOP]] d[[UNKNOWN]] ^{4}[[POSTSUPERSCRIPT]] x[[UNKNOWN]] \sqrt{g}[[UNKNOWN]]
	        > \left([[OPEN]] a[[UNKNOWN]] Λ[[UNKNOWN]] ^{4}[[POSTSUPERSCRIPT]] +[[ADDOP]] b[[UNKNOWN]] Λ[[UNKNOWN]] ^{2}[[POSTSUPERSCRIPT]] \left([[OPEN]] \frac{5}{4}[[UNKNOWN]] R[[UNKNOWN]] -[[ADDOP]] 2[[NUMBER]] y[[UNKNOWN]] ^{2}[[POSTSUPERSCRIPT]] H[[UNKNOWN]] ^{\dagger}[[POSTSUPERSCRIPT]] H[[UNKNOWN]] \right)[[CLOSE]]
Warning:not_parsed:ADDOP.UNKNOWN>OPEN MathParser failed to match rule 'Anything'
	at 0301112.tex; line 183 col 10 - line 183 col 10
	In "$\displaystyle\hskip 36.135pt+c\left(-18C_{\mu\nu\rho\sigma}C^{\mu\nu\rho%
	\sigma}+3y^{2}\left(D_{\mu}H^{\dagger}D^{\mu}H-\frac{1}{6}RH^{\dagger}H\right)%
	+\frac{5}{3}g_{1}^{2}B_{\mu\nu}B^{\mu\nu}\right.\@@ENDINLINEMATH"
	+[[ADDOP]] c[[UNKNOWN]]
	        > \left([[OPEN]] -[[ADDOP]] 18[[NUMBER]] C[[UNKNOWN]] _{\mu\nu\rho\sigma}[[POSTSUBSCRIPT]] C[[UNKNOWN]] ^{\mu\nu\rho\sigma}[[POSTSUPERSCRIPT]] +[[ADDOP]] 3[[NUMBER]] y[[UNKNOWN]] ^{2}[[POSTSUPERSCRIPT]] \left([[OPEN]] D[[UNKNOWN]] _{\mu}[[POSTSUBSCRIPT]] H[[UNKNOWN]] ^{\dagger}[[POSTSUPERSCRIPT]] D[[UNKNOWN]] ^{\mu}[[POSTSUPERSCRIPT]] H[[UNKNOWN]] -[[ADDOP]] \frac{1}{6}[[UNKNOWN]] R[[UNKNOWN]] H[[UNKNOWN]] ^{\dagger}[[POSTSUPERSCRIPT]] H[[UNKNOWN]] \right)[[CLOSE]] +[[ADDOP]] \frac{5}{3}[[UNKNOWN]] g[[UNKNOWN]] _{1}[[POSTSUBSCRIPT]] ^{2}[[POSTSUPERSCRIPT]] B[[UNKNOWN]] _{\mu\nu}[[POSTSUBSCRIPT]] B[[UNKNOWN]] ^{\mu\nu}[[POSTSUPERSCRIPT]]
Warning:not_parsed:ADDOP.UNKNOWN>OPEN MathParser failed to match rule 'Anything'
	at 0301112.tex; line 183 col 10 - line 185 col 53
	In "$\displaystyle\hskip 36.135pt+c\left(-18C_{\mu\nu\rho\sigma}C^{\mu\nu\rho%
	\sigma}+3y^{2}\left(D_{\mu}H^{\dagger}D^{\mu}H-\frac{1}{6}RH^{\dagger}H\right)%
	+\frac{5}{3}g_{1}^{2}B_{\mu\nu}B^{\mu\nu}\right.$"
	+[[ADDOP]] c[[UNKNOWN]]
	        > \left([[OPEN]] -[[ADDOP]] 18[[NUMBER]] C[[UNKNOWN]] _{\mu\nu\rho\sigma}[[POSTSUBSCRIPT]] C[[UNKNOWN]] ^{\mu\nu\rho\sigma}[[POSTSUPERSCRIPT]] +[[ADDOP]] 3[[NUMBER]] y[[UNKNOWN]] ^{2}[[POSTSUPERSCRIPT]] \left([[OPEN]] D[[UNKNOWN]] _{\mu}[[POSTSUBSCRIPT]] H[[UNKNOWN]] ^{\dagger}[[POSTSUPERSCRIPT]] D[[UNKNOWN]] ^{\mu}[[POSTSUPERSCRIPT]] H[[UNKNOWN]] -[[ADDOP]] \frac{1}{6}[[UNKNOWN]] R[[UNKNOWN]] H[[UNKNOWN]] ^{\dagger}[[POSTSUPERSCRIPT]] H[[UNKNOWN]] \right)[[CLOSE]] +[[ADDOP]] \frac{5}{3}[[UNKNOWN]] g[[UNKNOWN]] _{1}[[POSTSUBSCRIPT]] ^{2}[[POSTSUPERSCRIPT]] B[[UNKNOWN]] _{\mu\nu}[[POSTSUBSCRIPT]] B[[UNKNOWN]] ^{\mu\nu}[[POSTSUPERSCRIPT]]
Warning:not_parsed:UNKNOWN.CLOSE.POSTSUPERSCRIPT>CLOSE MathParser failed to match rule 'Anything'
	at 0301112.tex; line 186 col 10 - line 186 col 10
	In "$\displaystyle\hskip 43.362pt\quad\quad\left.\left.+g_{2}^{2}F_{\mu\nu}^{%
	\alpha}F^{\alpha\mu\nu}+g_{3}^{2}G_{\mu\nu}^{i}G^{i\mu\nu}+3z^{2}\left(H^{%
	\dagger}H\right)^{2}\right)\right)+O(\frac{1}{\Lambda^{2}}),\@@ENDINLINEMATH"
	+[[ADDOP]] g[[UNKNOWN]] _{2}[[POSTSUBSCRIPT]] ^{2}[[POSTSUPERSCRIPT]] F[[UNKNOWN]] _{\mu\nu}[[POSTSUBSCRIPT]] ^{\alpha}[[POSTSUPERSCRIPT]] F[[UNKNOWN]] ^{\alpha\mu\nu}[[POSTSUPERSCRIPT]] +[[ADDOP]] g[[UNKNOWN]] _{3}[[POSTSUBSCRIPT]] ^{2}[[POSTSUPERSCRIPT]] G[[UNKNOWN]] _{\mu\nu}[[POSTSUBSCRIPT]] ^{i}[[POSTSUPERSCRIPT]] G[[UNKNOWN]] ^{i\mu\nu}[[POSTSUPERSCRIPT]] +[[ADDOP]] 3[[NUMBER]] z[[UNKNOWN]] ^{2}[[POSTSUPERSCRIPT]] \left([[OPEN]] H[[UNKNOWN]] ^{\dagger}[[POSTSUPERSCRIPT]] H[[UNKNOWN]] \right)[[CLOSE]] ^{2}[[POSTSUPERSCRIPT]]
	        > \right)[[CLOSE]] \right)[[CLOSE]] +[[ADDOP]] O[[UNKNOWN]] ([[OPEN]] \frac{1}{\Lambda^{2}}[[UNKNOWN]] )[[CLOSE]]
Warning:not_parsed:UNKNOWN.CLOSE.POSTSUPERSCRIPT>CLOSE MathParser failed to match rule 'Anything'
	at 0301112.tex; line 186 col 10 - line 189 col 12
	In "$\displaystyle\hskip 43.362pt\quad\quad\left.\left.+g_{2}^{2}F_{\mu\nu}^{%
	\alpha}F^{\alpha\mu\nu}+g_{3}^{2}G_{\mu\nu}^{i}G^{i\mu\nu}+3z^{2}\left(H^{%
	\dagger}H\right)^{2}\right)\right)+O(\frac{1}{\Lambda^{2}}),$"
	+[[ADDOP]] g[[UNKNOWN]] _{2}[[POSTSUBSCRIPT]] ^{2}[[POSTSUPERSCRIPT]] F[[UNKNOWN]] _{\mu\nu}[[POSTSUBSCRIPT]] ^{\alpha}[[POSTSUPERSCRIPT]] F[[UNKNOWN]] ^{\alpha\mu\nu}[[POSTSUPERSCRIPT]] +[[ADDOP]] g[[UNKNOWN]] _{3}[[POSTSUBSCRIPT]] ^{2}[[POSTSUPERSCRIPT]] G[[UNKNOWN]] _{\mu\nu}[[POSTSUBSCRIPT]] ^{i}[[POSTSUPERSCRIPT]] G[[UNKNOWN]] ^{i\mu\nu}[[POSTSUPERSCRIPT]] +[[ADDOP]] 3[[NUMBER]] z[[UNKNOWN]] ^{2}[[POSTSUPERSCRIPT]] \left([[OPEN]] H[[UNKNOWN]] ^{\dagger}[[POSTSUPERSCRIPT]] H[[UNKNOWN]] \right)[[CLOSE]] ^{2}[[POSTSUPERSCRIPT]]
	        > \right)[[CLOSE]] \right)[[CLOSE]] +[[ADDOP]] O[[UNKNOWN]] ([[OPEN]] \frac{1}{\Lambda^{2}}[[UNKNOWN]] )[[CLOSE]]
Warning:not_parsed:FLOATSUBSCRIPT>RELOP MathParser failed to match rule 'Anything'
	at 0301112.tex; line 200 col 67 - line 200 col 72
	In "${}_{H}<$"
	{}_{H}[[FLOATSUBSCRIPT]]
	        > <[[RELOP]]
Warning:not_parsed:POSTSUPERSCRIPT.UNKNOWN.ATOM>OPEN MathParser failed to match rule 'Anything'
	at 0301112.tex; line 261 col 1 - line 261 col 1
	In "$\displaystyle I=\int\limits_{M}d^{4}x\sqrt{g}\left(-\frac{1}{4}Tr\left(F_{\mu%
	\nu}F^{\mu\nu}\right)-\frac{\lambda}{4!}\left(H^{\dagger}H-m^{2}e^{-2\sigma}%
	\right)^{2}\right.\@@ENDINLINEMATH"
	I[[UNKNOWN]] =[[RELOP]] ∫[[INTOP]] _{M}[[POSTSUBSCRIPT]] d[[UNKNOWN]] ^{4}[[POSTSUPERSCRIPT]] x[[UNKNOWN]] \sqrt{g}[[UNKNOWN]]
	        > \left([[OPEN]] -[[ADDOP]] \frac{1}{4}[[UNKNOWN]] T[[UNKNOWN]] r[[UNKNOWN]] \left([[OPEN]] F[[UNKNOWN]] _{\mu\nu}[[POSTSUBSCRIPT]] F[[UNKNOWN]] ^{\mu\nu}[[POSTSUPERSCRIPT]] \right)[[CLOSE]] -[[ADDOP]] \frac{\lambda}{4!}[[UNKNOWN]] \left([[OPEN]] H[[UNKNOWN]] ^{\dagger}[[POSTSUPERSCRIPT]] H[[UNKNOWN]] -[[ADDOP]] m[[UNKNOWN]] ^{2}[[POSTSUPERSCRIPT]] e[[UNKNOWN]] ^{-2\sigma}[[POSTSUPERSCRIPT]] \right)[[CLOSE]] ^{2}[[POSTSUPERSCRIPT]]
Warning:not_parsed:POSTSUPERSCRIPT.UNKNOWN.ATOM>OPEN MathParser failed to match rule 'Anything'
	at 0301112.tex; line 261 col 6 - line 263 col 26
	In "$\displaystyle=\int\limits_{M}d^{4}x\sqrt{g}\left(-\frac{1}{4}Tr\left(F_{\mu%
	\nu}F^{\mu\nu}\right)-\frac{\lambda}{4!}\left(H^{\dagger}H-m^{2}e^{-2\sigma}%
	\right)^{2}\right.$"
	=[[RELOP]] ∫[[INTOP]] _{M}[[POSTSUBSCRIPT]] d[[UNKNOWN]] ^{4}[[POSTSUPERSCRIPT]] x[[UNKNOWN]] \sqrt{g}[[UNKNOWN]]
	        > \left([[OPEN]] -[[ADDOP]] \frac{1}{4}[[UNKNOWN]] T[[UNKNOWN]] r[[UNKNOWN]] \left([[OPEN]] F[[UNKNOWN]] _{\mu\nu}[[POSTSUBSCRIPT]] F[[UNKNOWN]] ^{\mu\nu}[[POSTSUPERSCRIPT]] \right)[[CLOSE]] -[[ADDOP]] \frac{\lambda}{4!}[[UNKNOWN]] \left([[OPEN]] H[[UNKNOWN]] ^{\dagger}[[POSTSUPERSCRIPT]] H[[UNKNOWN]] -[[ADDOP]] m[[UNKNOWN]] ^{2}[[POSTSUPERSCRIPT]] e[[UNKNOWN]] ^{-2\sigma}[[POSTSUPERSCRIPT]] \right)[[CLOSE]] ^{2}[[POSTSUPERSCRIPT]]
Warning:not_parsed:POSTSUPERSCRIPT.UNKNOWN.CLOSE>CLOSE MathParser failed to match rule 'Anything'
	at 0301112.tex; line 267 col 10 - line 267 col 10
	In "$\displaystyle\hskip 50.589pt\left.+R-2\Lambda+\partial_{\mu}\sigma\partial_{%
	\nu}\left(H^{\dagger}H\right)\right),\@@ENDINLINEMATH"
	+[[ADDOP]] R[[UNKNOWN]] -[[ADDOP]] 2[[NUMBER]] Λ[[UNKNOWN]] +[[ADDOP]] ∂[[OPERATOR]] _{\mu}[[POSTSUBSCRIPT]] σ[[UNKNOWN]] ∂[[OPERATOR]] _{\nu}[[POSTSUBSCRIPT]] \left([[OPEN]] H[[UNKNOWN]] ^{\dagger}[[POSTSUPERSCRIPT]] H[[UNKNOWN]] \right)[[CLOSE]]
	        > \right)[[CLOSE]]
Warning:not_parsed:POSTSUPERSCRIPT.UNKNOWN.CLOSE>CLOSE MathParser failed to match rule 'Anything'
	at 0301112.tex; line 267 col 10 - line 269 col 12
	In "$\displaystyle\hskip 50.589pt\left.+R-2\Lambda+\partial_{\mu}\sigma\partial_{%
	\nu}\left(H^{\dagger}H\right)\right),$"
	+[[ADDOP]] R[[UNKNOWN]] -[[ADDOP]] 2[[NUMBER]] Λ[[UNKNOWN]] +[[ADDOP]] ∂[[OPERATOR]] _{\mu}[[POSTSUBSCRIPT]] σ[[UNKNOWN]] ∂[[OPERATOR]] _{\nu}[[POSTSUBSCRIPT]] \left([[OPEN]] H[[UNKNOWN]] ^{\dagger}[[POSTSUPERSCRIPT]] H[[UNKNOWN]] \right)[[CLOSE]]
	        > \right)[[CLOSE]]
 4.33 sec)
Math parsing succeeded:
   ltx:XMArg: 638/638
   ltx:XMath: 157/169
Symbols assumed as simple identifiers (with # of occurences):
   'A{caligraphic}' (11), 'A{italic}' (14), 'B{italic}' (15), 'C{blackboard}' (6), 'C{italic}' (9), 'D{italic}' (34), 'E{italic}' (21), 'F{italic}' (46), 'Gamma' (10), 'G{italic}' (10), 'H{italic}' (75), 'I{italic}' (12), 'Lambda' (20), 'L{italic}' (5), 'M{blackboard}' (2), 'M{italic}' (1), 'Omega' (6), 'O{italic}' (5), 'P{italic}' (6), 'Q{italic}' (1), 'R{italic}' (28), 'S{italic}' (10), 'T{italic}' (27), 'U{italic}' (5), 'alpha' (12), 'a{italic}' (46), 'b{italic}' (31), 'c{italic}' (20), 'delta' (1), 'd{italic}' (56), 'epsilon' (11), 'eta' (3), 'e{italic}' (34), 'f{italic}' (15), 'gamma' (19), 'g{italic}' (28), 'i{italic}' (14), 'kappa' (4), 'k{italic}' (4), 'lambda' (8), 'l{italic}' (9), 'mu' (62), 'm{italic}' (4), 'nu' (66), 'n{italic}' (1), 'omega' (5), 'phi' (5), 'pi' (4), 'psi' (3), 'p{italic}' (2), 'rho' (28), 'r{italic}' (17), 'sigma' (36), 's{italic}' (3), 'theta' (12), 't{italic}' (6), 'u{italic}' (7), 'v{italic}' (1), 'xi' (3), 'x{italic}' (37), 'y{italic}' (9), 'z{italic}' (5)
Set MATHPARSER_SPECULATE to speculate on possible notations.
(Finalizing... 0.37 sec)
Conversion complete 12 warnings (See /home/user/latex-in-arxiv/0301112.latexml.log) (reqd. 9.28s)
