latexml (LaTeXML version 0.8.6) processing 2003/0302159_cleaned.tex
(Digesting TeX 0302159_cleaned...
(Loading /usr/share/perl5/LaTeXML/Package/TeX.pool.ltxml...
(Loading /usr/share/perl5/LaTeXML/Package/eTeX.pool.ltxml... 0.01 sec)
(Loading /usr/share/perl5/LaTeXML/Package/pdfTeX.pool.ltxml... 0.01 sec) 0.19 sec)
(Processing content /home/user/latex-in-arxiv/2003/0302159_cleaned.tex...
(Loading /usr/share/perl5/LaTeXML/Package/LaTeX.pool.ltxml...
(Loading /usr/share/perl5/LaTeXML/Package/textcomp.sty.ltxml...
(Processing definitions /usr/share/texlive/texmf-dist/tex/latex-dev/base/ts1enc.dfu... 0.03 sec) 1.43 sec) 1.70 sec)
(Loading /usr/share/perl5/LaTeXML/Package/JHEP3.cls.ltxml...
(Loading /usr/share/perl5/LaTeXML/Package/JHEP.cls.ltxml...
(Loading /usr/share/perl5/LaTeXML/Package/article.cls.ltxml... 0.01 sec)
(Loading /usr/share/perl5/LaTeXML/Package/amssymb.sty.ltxml...
(Loading /usr/share/perl5/LaTeXML/Package/amsfonts.sty.ltxml... 0.00 sec) 0.03 sec)
(Loading /usr/share/perl5/LaTeXML/Package/floatflt.sty.ltxml... 0.01 sec) 0.08 sec) 0.08 sec)
(Loading /usr/share/perl5/LaTeXML/Package/amsmath.sty.ltxml...
(Loading /usr/share/perl5/LaTeXML/Package/amsbsy.sty.ltxml...
(Loading /usr/share/perl5/LaTeXML/Package/amsgen.sty.ltxml... 0.00 sec) 0.01 sec)
(Loading /usr/share/perl5/LaTeXML/Package/amstext.sty.ltxml... 0.01 sec)
(Loading /usr/share/perl5/LaTeXML/Package/amsopn.sty.ltxml... 0.01 sec) 0.06 sec)
(Loading /usr/share/perl5/LaTeXML/Package/epsfig.sty.ltxml...
(Loading /usr/share/perl5/LaTeXML/Package/graphicx.sty.ltxml...
(Loading /usr/share/perl5/LaTeXML/Package/graphics.sty.ltxml... 0.01 sec) 0.02 sec) 0.04 sec) 14.73 sec) 15.01 sec)
(Building...
(Loading compiled schema /usr/share/perl5/LaTeXML/resources/RelaxNG/LaTeXML.model... 0.01 sec)
Info:malformed:id Duplicated attribute xml:id
	at 0302159_cleaned.tex; line 1064 col 3 - line 1064 col 3
	Using id='S3.E50a' on <ltx:XMRow _box="Alignment[]" _font="Font[math,medium,italic,10,bla..."/>
	id='S3.E50' already set on <ltx:equation _box="LaTeXML::Core::Alignment=HASH(..." _font="Font[serif,medium,upright,10,b..." xml:id="S3.E50" _ID_counter_m_="3">...
Info:malformed:id Duplicated attribute xml:id
	at 0302159_cleaned.tex; line 1074 col 7 - line 1074 col 7
	Using id='S3.E53a' on <ltx:XMRow _box="Alignment[]" _font="Font[math,medium,italic,10,bla..."/>
	id='S3.E53' already set on <ltx:equation _box="LaTeXML::Core::Alignment=HASH(..." _font="Font[serif,medium,upright,10,b..." xml:id="S3.E53" _ID_counter_m_="3">...
Info:malformed:id Duplicated attribute xml:id
	at 0302159_cleaned.tex; line 2078 col 3 - line 2083 col 3
	Using id='S5.Ex1a' on <ltx:equation _box="\begin{equation}+\left[\frac{p..." _font="Font[math,medium,italic,10,bla..."/>
	id='S5.Ex1' already set on <ltx:equation _font="Font[serif,medium,upright,10,b..." _box="LaTeXML::Core::Alignment=HASH(..." xml:id="S5.Ex1" _ID_counter_m_="4">...
 14.00 sec)
(Rewriting... 0.61 sec)
(Math Parsing 908 formulae ......
Warning:not_parsed:UNKNOWN.POSTSUPERSCRIPT.CLOSE>RELOP MathParser failed to match rule 'Anything'
	at 0302159_cleaned.tex; line 611 col 5 - line 611 col 47
	In "$\Phi(x^{+})=(e+f\sin(\omega\tau)(x^{2}-y^{2})/2$"
	Φ[[UNKNOWN]] ([[OPEN]] x[[UNKNOWN]] ^{+}[[POSTSUPERSCRIPT]] )[[CLOSE]]
	        > =[[RELOP]] ([[OPEN]] e[[UNKNOWN]] +[[ADDOP]] f[[UNKNOWN]] sin[[TRIGFUNCTION]] ([[OPEN]] ω[[UNKNOWN]] τ[[UNKNOWN]] )[[CLOSE]] ([[OPEN]] x[[UNKNOWN]] ^{2}[[POSTSUPERSCRIPT]] -[[ADDOP]] y[[UNKNOWN]] ^{2}[[POSTSUPERSCRIPT]] )[[CLOSE]] /[[MULOP]] 2[[NUMBER]]
Warning:not_parsed:NUMBER.ATOM.UNKNOWN>RELOP MathParser failed to match rule 'Anything'
	at 0302159_cleaned.tex; line 1019 col 0 - line 1023 col 3
	In "\begin{equation}H(t)=1~{}\mbox{for}~{}t\in[2n\pi,(2n+1)\pi[,\ ,\quad H(t)=-1~{%
	}\mbox{for}~{}t\in[(2n+1)\pi,(2n+2)\pi[\ .\end{equation}"
	H[[UNKNOWN]] ([[OPEN]] t[[UNKNOWN]] )[[CLOSE]] =[[RELOP]] 1[[NUMBER]] \mbox{for}[[UNKNOWN]] t[[UNKNOWN]]
	        > ∈[[RELOP]] [[[OPEN]] 2[[NUMBER]] n[[UNKNOWN]] π[[UNKNOWN]] ,[[PUNCT]] ([[OPEN]] 2[[NUMBER]] n[[UNKNOWN]] +[[ADDOP]] 1[[NUMBER]] )[[CLOSE]] π[[UNKNOWN]] [[[OPEN]] ,[[PUNCT]] ,[[PUNCT]] H[[UNKNOWN]] ([[OPEN]] t[[UNKNOWN]] )[[CLOSE]] =[[RELOP]] -[[ADDOP]] 1[[NUMBER]] \mbox{for}[[UNKNOWN]] t[[UNKNOWN]] ∈[[RELOP]] [[[OPEN]] ([[OPEN]] 2[[NUMBER]] n[[UNKNOWN]] +[[ADDOP]] 1[[NUMBER]] )[[CLOSE]] π[[UNKNOWN]] ,[[PUNCT]] ([[OPEN]] 2[[NUMBER]] n[[UNKNOWN]] +[[ADDOP]] 2[[NUMBER]] )[[CLOSE]] π[[UNKNOWN]] [[[OPEN]]
Warning:not_parsed:>OPEN MathParser failed to match rule 'Anything'
	at 0302159_cleaned.tex; line 1337 col 2 - line 1337 col 17
	In "$[n\pi,(n+1)\pi[$"
	> [[[OPEN]] n[[UNKNOWN]] π[[UNKNOWN]] ,[[PUNCT]] ([[OPEN]] n[[UNKNOWN]] +[[ADDOP]] 1[[NUMBER]] )[[CLOSE]] π[[UNKNOWN]] [[[OPEN]]
Warning:not_parsed:UNKNOWN.PERIOD.UNKNOWN>PERIOD MathParser failed to match rule 'Anything'
	at 0302159_cleaned.tex; line 1338 col 0 - line 1344 col 3
	In "\begin{equation}X_{n}(\tau,\sigma)={\cal N}_{n}\frac{i}{\omega_{n}}\left(\text%
	{e}^{-i\omega_{n}(\tau+\sigma)}+\frac{i\pi\omega_{n}-e_{0}}{i\pi\omega_{n}+e_{%
	0}}\text{e}^{-i\omega_{n}(\tau-\sigma)}\right)a_{n}+h.c.\qquad n>0\end{equation}"
	X[[UNKNOWN]] _{n}[[POSTSUBSCRIPT]] ([[OPEN]] τ[[UNKNOWN]] ,[[PUNCT]] σ[[UNKNOWN]] )[[CLOSE]] =[[RELOP]] N[[UNKNOWN]] _{n}[[POSTSUBSCRIPT]] \frac{i}{\omega_{n}}[[UNKNOWN]] \left([[OPEN]] \text{e}[[UNKNOWN]] ^{-i\omega_{n}(\tau+\sigma)}[[POSTSUPERSCRIPT]] +[[ADDOP]] \frac{i\pi\omega_{n}-e_{0}}{i\pi\omega_{n}+e_{0}}[[UNKNOWN]] \text{e}[[UNKNOWN]] ^{-i\omega_{n}(\tau-\sigma)}[[POSTSUPERSCRIPT]] \right)[[CLOSE]] a[[UNKNOWN]] _{n}[[POSTSUBSCRIPT]] +[[ADDOP]] h[[UNKNOWN]] .[[PERIOD]] c[[UNKNOWN]]
	        > .[[PERIOD]] \begin{equation}X_{n}(\tau,\sigma)={\calN}_{n}\frac{i}{\omega_{n}}\left(\text{e}^{-i\omega_{n}(\tau+\sigma)}+\frac{i\pi\omega_{n}-e_{0}}{i\pi\omega_{n}+e_{0}}\text{e}^{-i\omega_{n}(\tau-\sigma)}\right)a_{n}+h.c.\qquadn>0\end{equation}[[PUNCT]] n[[UNKNOWN]] >[[RELOP]] 0[[NUMBER]]
Warning:not_parsed:>OPEN MathParser failed to match rule 'Anything'
	at 0302159_cleaned.tex; line 1369 col 38 - line 1369 col 43
	In "$[0,1[$"
	> [[[OPEN]] 0[[NUMBER]] ,[[PUNCT]] 1[[NUMBER]] [[[OPEN]]
Warning:not_parsed:>CLOSE MathParser failed to match rule 'Anything'
	at 0302159_cleaned.tex; line 1375 col 23 - line 1375 col 28
	In "$]0,1[$"
	> ][[CLOSE]] 0[[NUMBER]] ,[[PUNCT]] 1[[NUMBER]] [[[OPEN]]
Warning:not_parsed:CLOSE.VERTBAR.UNKNOWN>OPEN MathParser failed to match rule 'Anything'
	at 0302159_cleaned.tex; line 1522 col 6 - line 1523 col 12
	In "$\displaystyle\left(p_{0}+\frac{e}{\pi}x_{0}\right)\left|B(e\right\rangle=0$"
	\left([[OPEN]] p[[UNKNOWN]] _{0}[[POSTSUBSCRIPT]] +[[ADDOP]] \frac{e}{\pi}[[UNKNOWN]] x[[UNKNOWN]] _{0}[[POSTSUBSCRIPT]] \right)[[CLOSE]] \left|[[VERTBAR]] B[[UNKNOWN]]
	        > ([[OPEN]] e[[UNKNOWN]] \right\rangle[[CLOSE]] =[[RELOP]] 0[[NUMBER]]
Warning:not_parsed:>FLOATSUPERSCRIPT MathParser failed to match rule 'Superscript'
	at 0302159_cleaned.tex; line 1607 col 55 - line 1607 col 55
	In "\begin{equation}\tan(\pi\omega)=\pm\frac{\pi\omega~{}\sqrt{e^{2}+e^{{}^{\prime%
	}2}}}{\sqrt{(\pi\omega)^{4}+e^{2}e^{{}^{\prime}2}}}\end{equation}"
	> {}^{\prime}[[FLOATSUPERSCRIPT]] 2[[NUMBER]]
Warning:not_parsed:>FLOATSUPERSCRIPT MathParser failed to match rule 'Superscript'
	at 0302159_cleaned.tex; line 1607 col 0 - line 1607 col 87
	> {}^{\prime}[[FLOATSUPERSCRIPT]] 2[[NUMBER]]
Warning:not_parsed:>FLOATSUPERSCRIPT MathParser failed to match rule 'Superscript'
	at 0302159_cleaned.tex; line 1610 col 37 - line 1610 col 37
	In "$D=e^{2}+e^{{}^{\prime}2}-e^{2}e^{\prime 2}=0$"
	> {}^{\prime}[[FLOATSUPERSCRIPT]] 2[[NUMBER]]
Warning:not_parsed:>OPEN MathParser failed to match rule 'Anything'
	at 0302159_cleaned.tex; line 1613 col 55 - line 1613 col 64
	In "$[n,(n+1)[$"
	> [[[OPEN]] n[[UNKNOWN]] ,[[PUNCT]] ([[OPEN]] n[[UNKNOWN]] +[[ADDOP]] 1[[NUMBER]] )[[CLOSE]] [[[OPEN]]
Warning:not_parsed:>OPEN MathParser failed to match rule 'Anything'
	at 0302159_cleaned.tex; line 1616 col 47 - line 1616 col 52
	In "$[0,1[$"
	> [[[OPEN]] 0[[NUMBER]] ,[[PUNCT]] 1[[NUMBER]] [[[OPEN]]
Warning:not_parsed:>OPEN MathParser failed to match rule 'Anything'
	at 0302159_cleaned.tex; line 1622 col 56 - line 1622 col 61
	In "$[0,1[$"
	> [[[OPEN]] 0[[NUMBER]] ,[[PUNCT]] 1[[NUMBER]] [[[OPEN]]
Warning:not_parsed:UNKNOWN.CLOSE.CLOSE>OPEN MathParser failed to match rule 'Anything'
	at 0302159_cleaned.tex; line 1806 col 0 - line 1806 col 43
	In "\begin{equation}\Delta=-\int\frac{\omega~{}d\omega}{2}\frac{(\pi\omega)^{4}-2e%
	_{0}e_{1}(\pi\omega)^{2}+2i\pi(e_{0}-e_{1})\pi\omega-(e_{0}^{2}e_{1}^{2}+\pi^{%
	2}(e_{0}-e_{1})^{2})}{\left[((\pi\omega)^{2}-e_{0}e_{1})\cosh(\pi\omega)+i\pi(%
	e_{1}-e_{0})\sinh(\pi\omega)\right]\left[\cosh\leftrightarrow\sinh\right]}\end{equation}"
	\left[[[OPEN]] ([[OPEN]] ([[OPEN]] π[[UNKNOWN]] ω[[UNKNOWN]] )[[CLOSE]] ^{2}[[POSTSUPERSCRIPT]] -[[ADDOP]] e[[UNKNOWN]] _{0}[[POSTSUBSCRIPT]] e[[UNKNOWN]] _{1}[[POSTSUBSCRIPT]] )[[CLOSE]] cosh[[TRIGFUNCTION]] ([[OPEN]] π[[UNKNOWN]] ω[[UNKNOWN]] )[[CLOSE]] +[[ADDOP]] i[[UNKNOWN]] π[[UNKNOWN]] ([[OPEN]] e[[UNKNOWN]] _{1}[[POSTSUBSCRIPT]] -[[ADDOP]] e[[UNKNOWN]] _{0}[[POSTSUBSCRIPT]] )[[CLOSE]] sinh[[TRIGFUNCTION]] ([[OPEN]] π[[UNKNOWN]] ω[[UNKNOWN]] )[[CLOSE]] \right][[CLOSE]]
	        > \left[[[OPEN]] cosh[[TRIGFUNCTION]] ↔[[METARELOP]] sinh[[TRIGFUNCTION]] \right][[CLOSE]]
Warning:not_parsed:PUNCT.UNKNOWN.POSTSUPERSCRIPT>RELOP MathParser failed to match rule 'Anything'
	at 0302159_cleaned.tex; line 2134 col 4 - line 2134 col 4
	In "$\displaystyle\Phi_{a}=\frac{1}{2}h_{a}x^{2}\ ,\quad x^{+}\in[nT,(n+\frac{1}{2%
	}T)[\@@ENDINLINEMATH"
	Φ[[UNKNOWN]] _{a}[[POSTSUBSCRIPT]] =[[RELOP]] \frac{1}{2}[[UNKNOWN]] h[[UNKNOWN]] _{a}[[POSTSUBSCRIPT]] x[[UNKNOWN]] ^{2}[[POSTSUPERSCRIPT]] ,[[PUNCT]] x[[UNKNOWN]] ^{+}[[POSTSUPERSCRIPT]]
	        > ∈[[RELOP]] [[[OPEN]] n[[UNKNOWN]] T[[UNKNOWN]] ,[[PUNCT]] ([[OPEN]] n[[UNKNOWN]] +[[ADDOP]] \frac{1}{2}[[UNKNOWN]] T[[UNKNOWN]] )[[CLOSE]] [[[OPEN]]
Warning:not_parsed:PUNCT.UNKNOWN.POSTSUPERSCRIPT>RELOP MathParser failed to match rule 'Anything'
	at 0302159_cleaned.tex; line 2134 col 15 - line 2135 col 4
	In "$\displaystyle\frac{1}{2}h_{a}x^{2}\ ,\quad x^{+}\in[nT,(n+\frac{1}{2}T)[$"
	\frac{1}{2}[[UNKNOWN]] h[[UNKNOWN]] _{a}[[POSTSUBSCRIPT]] x[[UNKNOWN]] ^{2}[[POSTSUPERSCRIPT]] ,[[PUNCT]] x[[UNKNOWN]] ^{+}[[POSTSUPERSCRIPT]]
	        > ∈[[RELOP]] [[[OPEN]] n[[UNKNOWN]] T[[UNKNOWN]] ,[[PUNCT]] ([[OPEN]] n[[UNKNOWN]] +[[ADDOP]] \frac{1}{2}[[UNKNOWN]] T[[UNKNOWN]] )[[CLOSE]] [[[OPEN]]
Warning:not_parsed:PUNCT.UNKNOWN.POSTSUPERSCRIPT>RELOP MathParser failed to match rule 'Anything'
	at 0302159_cleaned.tex; line 2135 col 4 - line 2135 col 4
	In "$\displaystyle\Phi_{a}=\frac{1}{2}h^{\prime}_{a}x^{2}\ ,\quad x^{+}\in[(n+%
	\frac{1}{2}T),(n+1)T[\ .\@@ENDINLINEMATH"
	Φ[[UNKNOWN]] _{a}[[POSTSUBSCRIPT]] =[[RELOP]] \frac{1}{2}[[UNKNOWN]] h[[UNKNOWN]] ^{\prime}[[POSTSUPERSCRIPT]] _{a}[[POSTSUBSCRIPT]] x[[UNKNOWN]] ^{2}[[POSTSUPERSCRIPT]] ,[[PUNCT]] x[[UNKNOWN]] ^{+}[[POSTSUPERSCRIPT]]
	        > ∈[[RELOP]] [[[OPEN]] ([[OPEN]] n[[UNKNOWN]] +[[ADDOP]] \frac{1}{2}[[UNKNOWN]] T[[UNKNOWN]] )[[CLOSE]] ,[[PUNCT]] ([[OPEN]] n[[UNKNOWN]] +[[ADDOP]] 1[[NUMBER]] )[[CLOSE]] T[[UNKNOWN]] [[[OPEN]]
Warning:not_parsed:PUNCT.UNKNOWN.POSTSUPERSCRIPT>RELOP MathParser failed to match rule 'Anything'
	at 0302159_cleaned.tex; line 2135 col 15 - line 2136 col 4
	In "$\displaystyle\frac{1}{2}h^{\prime}_{a}x^{2}\ ,\quad x^{+}\in[(n+\frac{1}{2}T)%
	,(n+1)T[\ .$"
	\frac{1}{2}[[UNKNOWN]] h[[UNKNOWN]] ^{\prime}[[POSTSUPERSCRIPT]] _{a}[[POSTSUBSCRIPT]] x[[UNKNOWN]] ^{2}[[POSTSUPERSCRIPT]] ,[[PUNCT]] x[[UNKNOWN]] ^{+}[[POSTSUPERSCRIPT]]
	        > ∈[[RELOP]] [[[OPEN]] ([[OPEN]] n[[UNKNOWN]] +[[ADDOP]] \frac{1}{2}[[UNKNOWN]] T[[UNKNOWN]] )[[CLOSE]] ,[[PUNCT]] ([[OPEN]] n[[UNKNOWN]] +[[ADDOP]] 1[[NUMBER]] )[[CLOSE]] T[[UNKNOWN]] [[[OPEN]]
Warning:not_parsed:POSTSUBSCRIPT.UNKNOWN.POSTSUBSCRIPT>OPEN MathParser failed to match rule 'Anything'
	at 0302159_cleaned.tex; line 2151 col 2 - line 2151 col 2
	In "\begin{equation}\begin{split}S_{nm}(h^{\prime},h)&=i\omega^{\prime}_{n}\int_{0%
	}^{\pi}\left(X_{-n,h^{\prime}}\partial_{\tau}X_{m,h}-X_{m,h}\partial_{\tau}X_{%
	-n,h^{\prime}}\right)d\sigma\\
	&=i\omega^{\prime}_{n}{\cal N}_{n,h^{\prime}}{\cal N}_{m,h}\left[\frac{\omega^%
	{\prime}_{n}+\omega_{m}}{\omega^{\prime}_{n}\omega_{m}(\omega^{\prime}_{n}-%
	\omega_{m})}\left(1-\sqrt{\frac{\Omega_{m}^{0}}{{\Omega^{\prime}}_{n}^{0}}}%
	\left(\sqrt{\frac{{\Omega^{\prime}}_{n}^{1}}{\Omega_{m}^{1}}}-\sqrt{\frac{%
	\Omega_{m}^{1}}{{\Omega^{\prime}}_{n}^{1}}}\right)-\frac{\Omega_{m}^{0}}{{%
	\Omega^{\prime}}_{n}^{0}}\right)\right.\\
	&\qquad\qquad+\left.\frac{1}{\omega^{\prime}_{n}\omega_{m}}\left(\Omega_{m}^{0%
	}-\frac{1}{{\Omega^{\prime}}_{n}^{0}}+\sqrt{\frac{\Omega_{m}^{0}}{{\Omega^{%
	\prime}}_{n}^{0}}}\left(\sqrt{\frac{1}{\Omega_{m}^{1}{\Omega^{\prime}}_{n}^{1}%
	}}-\sqrt{\Omega_{m}^{1}{\Omega^{\prime}}_{n}^{1}}\right)\right)\right]\ ,\end{%
	split}\end{equation}"
	=[[RELOP]] i[[UNKNOWN]] ω[[UNKNOWN]] ^{\prime}[[POSTSUPERSCRIPT]] _{n}[[POSTSUBSCRIPT]] N[[UNKNOWN]] _{n,h^{\prime}}[[POSTSUBSCRIPT]] N[[UNKNOWN]] _{m,h}[[POSTSUBSCRIPT]]
	        > \left[[[OPEN]] \frac{\omega^{\prime}_{n}+\omega_{m}}{\omega^{\prime}_{n}\omega_{m}(\omega^{\prime}_{n}-\omega_{m})}[[UNKNOWN]] \left([[OPEN]] 1[[NUMBER]] -[[ADDOP]] \sqrt{\frac{\Omega_{m}^{0}}{{\Omega^{\prime}}_{n}^{0}}}[[UNKNOWN]] \left([[OPEN]] \sqrt{\frac{{\Omega^{\prime}}_{n}^{1}}{\Omega_{m}^{1}}}[[UNKNOWN]] -[[ADDOP]] \sqrt{\frac{\Omega_{m}^{1}}{{\Omega^{\prime}}_{n}^{1}}}[[UNKNOWN]] \right)[[CLOSE]] -[[ADDOP]] \frac{\Omega_{m}^{0}}{{\Omega^{\prime}}_{n}^{0}}[[UNKNOWN]] \right)[[CLOSE]]
Warning:not_parsed:ATOM.CLOSE.CLOSE>CLOSE MathParser failed to match rule 'Anything'
	at 0302159_cleaned.tex; line 2155 col 7 - line 2155 col 7
	+[[ADDOP]] \frac{1}{\omega^{\prime}_{n}\omega_{m}}[[UNKNOWN]] \left([[OPEN]] Ω[[UNKNOWN]] _{m}[[POSTSUBSCRIPT]] ^{0}[[POSTSUPERSCRIPT]] -[[ADDOP]] \frac{1}{{\Omega^{\prime}}_{n}^{0}}[[UNKNOWN]] +[[ADDOP]] \sqrt{\frac{\Omega_{m}^{0}}{{\Omega^{\prime}}_{n}^{0}}}[[UNKNOWN]] \left([[OPEN]] \sqrt{\frac{1}{\Omega_{m}^{1}{\Omega^{\prime}}_{n}^{1}}}[[UNKNOWN]] -[[ADDOP]] \sqrt{\Omega_{m}^{1}{\Omega^{\prime}}_{n}^{1}}[[UNKNOWN]] \right)[[CLOSE]] \right)[[CLOSE]]
	        > \right][[CLOSE]]
 33.44 sec)
Math parsing succeeded:
   ltx:XMWrap: 48/50
   ltx:XMath: 894/908
   ltx:XMArg: 3261/3267
Symbols assumed as simple identifiers (with # of occurences):
   'A{caligraphic}' (5), 'A{italic}' (21), 'B{caligraphic}' (2), 'B{italic}' (66), 'C{italic}' (1), 'Delta' (15), 'D{italic}' (51), 'E{italic}' (15), 'F{italic}' (30), 'Gamma' (1), 'G{italic}' (31), 'H{caligraphic}' (6), 'H{italic}' (14), 'I{italic}' (6), 'L{italic}' (3), 'M{caligraphic}' (7), 'N{blackboard}' (5), 'N{caligraphic}' (18), 'N{italic}' (7), 'Omega' (24), 'O{caligraphic}' (8), 'Phi' (67), 'P{italic}' (4), 'Q{italic}' (12), 'R{blackboard}' (7), 'R{italic}' (2), 'S{italic}' (14), 'T{italic}' (79), 'U{italic}' (1), 'V{caligraphic}' (1), 'V{italic}' (7), 'W{italic}' (3), 'X{italic}' (144), 'Y{italic}' (9), 'Z{blackboard}' (3), 'Z{caligraphic}' (2), 'Z{italic}' (12), 'alpha' (74), 'a{italic}' (60), 'beta' (7), 'b{italic}' (37), 'c{italic}' (16), 'delta' (20), 'd{italic}' (124), 'epsilon' (13), 'eta' (4), 'e{italic}' (474), 'f{italic}' (49), 'gamma' (14), 'g{italic}' (13), 'h{italic}' (90), 'i{italic}' (178), 'j{italic}' (49), 'k{italic}' (36), 'lambda' (4), 'l{italic}' (14), 'mu' (16), 'm{italic}' (63), 'nu' (10), 'n{italic}' (199), 'omega' (150), 'o{italic}' (14), 'phi' (4), 'pi' (219), 'psi' (18), 'p{italic}' (153), 'q{italic}' (10), 'rho' (4), 'r{italic}' (9), 'sigma' (71), 's{italic}' (35), 'tau' (259), 't{italic}' (42), 'u{italic}' (4), 'v{italic}' (6), 'x{italic}' (238), 'y{italic}' (85), 'z{italic}' (29)
Set MATHPARSER_SPECULATE to speculate on possible notations.
(Finalizing... 4.15 sec)
Conversion complete 20 warnings (See /home/user/latex-in-arxiv/0302159_cleaned.latexml.log) (reqd. 1m 9.70s)
