latexml (LaTeXML version 0.8.6) processing 2003/0302065.tex
(Digesting TeX 0302065...
(Loading /usr/share/perl5/LaTeXML/Package/TeX.pool.ltxml...
(Loading /usr/share/perl5/LaTeXML/Package/eTeX.pool.ltxml... 0.01 sec)
(Loading /usr/share/perl5/LaTeXML/Package/pdfTeX.pool.ltxml... 0.01 sec) 0.16 sec)
(Processing content /home/user/latex-in-arxiv/2003/0302065.tex...
(Loading /usr/share/perl5/LaTeXML/Package/LaTeX.pool.ltxml...
(Loading /usr/share/perl5/LaTeXML/Package/textcomp.sty.ltxml...
(Processing definitions /usr/share/texlive/texmf-dist/tex/latex-dev/base/ts1enc.dfu... 0.03 sec) 1.37 sec) 1.63 sec)
(Loading /usr/share/perl5/LaTeXML/Package/article.cls.ltxml... 0.01 sec)
Info:unexpected:titlepage When using titlepage, Frontmatter will not be well-structured
	at 0302065.tex; line 78 col 0 - line 78 col 17
 3.17 sec) 3.35 sec)
(Building...
(Loading compiled schema /usr/share/perl5/LaTeXML/resources/RelaxNG/LaTeXML.model... 0.01 sec) 1.60 sec)
(Rewriting... 0.05 sec)
(Math Parsing 70 formulae ...... 2.02 sec)
Math parsing succeeded:
   ltx:XMArg: 262/262
   ltx:XMath: 70/70
Symbols assumed as simple identifiers (with # of occurences):
   'Delta' (3), 'E{italic}' (17), 'a{italic}' (1), 'e' (17), 'kappa' (8), 'm{italic}' (38), 'p{italic}' (26), 'v{italic}' (23), 'xi' (35)
Set MATHPARSER_SPECULATE to speculate on possible notations.
(Finalizing... 0.15 sec)
Conversion complete No obvious problems (reqd. 7.48s)
