latexml (LaTeXML version 0.8.6) processing 2003/0302038.tex
(Digesting TeX 0302038...
(Loading /usr/share/perl5/LaTeXML/Package/TeX.pool.ltxml...
(Loading /usr/share/perl5/LaTeXML/Package/eTeX.pool.ltxml... 0.01 sec)
(Loading /usr/share/perl5/LaTeXML/Package/pdfTeX.pool.ltxml... 0.01 sec) 0.18 sec)
(Processing content /home/user/latex-in-arxiv/2003/0302038.tex...
(Loading /usr/share/perl5/LaTeXML/Package/LaTeX.pool.ltxml...
(Loading /usr/share/perl5/LaTeXML/Package/textcomp.sty.ltxml...
(Processing definitions /usr/share/texlive/texmf-dist/tex/latex-dev/base/ts1enc.dfu... 0.03 sec) 1.50 sec) 1.77 sec)
(Loading /usr/share/perl5/LaTeXML/Package/article.cls.ltxml... 0.01 sec)
Info:ignore:\title Ignoring redefinition of \title
	at 0302038.tex; line 9 col 0 - line 9 col 55
(Loading /usr/share/perl5/LaTeXML/Package/bbm.sty.ltxml... 0.00 sec)
Info:unexpected:titlepage When using titlepage, Frontmatter will not be well-structured
	at 0302038.tex; line 19 col 0 - line 19 col 17
 5.50 sec) 5.70 sec)
(Building...
(Loading compiled schema /usr/share/perl5/LaTeXML/resources/RelaxNG/LaTeXML.model... 0.01 sec)
Info:malformed:id Duplicated attribute xml:id
	at 0302038.tex; line 285 col 2 - line 285 col 2
	Using id='S3.E25a' on <ltx:XMRow _box="Alignment[]" _font="Font[math,medium,italic,10,bla..."/>
	id='S3.E25' already set on <ltx:equation _box="LaTeXML::Core::Alignment=HASH(..." _font="Font[serif,medium,upright,10,b..." xml:id="S3.E25" _ID_counter_m_="1">...
 4.61 sec)
(Rewriting... 0.18 sec)
(Math Parsing 178 formulae ......
Warning:not_parsed:RELOP.UNKNOWN.POSTSUBSCRIPT>RELOP MathParser failed to match rule 'Anything'
	at 0302038.tex; line 292 col 52 - line 293 col 21
	In "$\theta_{12}=\theta_{34}=:\theta$"
	θ[[UNKNOWN]] _{12}[[POSTSUBSCRIPT]] =[[RELOP]] θ[[UNKNOWN]] _{34}[[POSTSUBSCRIPT]]
	        > =[[RELOP]] :[[METARELOP]] θ[[UNKNOWN]]
Warning:not_parsed:ATOM.ATOM>OPEN MathParser failed to match rule 'Anything'
	at 0302038.tex; line 310 col 28 - line 313 col 31
	In "$\displaystyle\frac{g^{2}}{24\pi^{2}}\frac{1}{2u}\Big{(}(\frac{m^{2}}{2}+u)%
	\sqrt{\frac{\frac{m^{2}}{2}+u}{\tilde{p}^{2}}}K_{1}\left(\sqrt{(\frac{m^{2}}{2%
	}+u)\tilde{p}^{2}}\right)$"
	\frac{g^{2}}{24\pi^{2}}[[UNKNOWN]] \frac{1}{2u}[[UNKNOWN]]
	        > ([[OPEN]] ([[OPEN]] \frac{m^{2}}{2}[[UNKNOWN]] +[[ADDOP]] u[[UNKNOWN]] )[[CLOSE]] \sqrt{\frac{\frac{m^{2}}{2}+u}{\tilde{p}^{2}}}[[UNKNOWN]] K[[UNKNOWN]] _{1}[[POSTSUBSCRIPT]] \left([[OPEN]] \sqrt{(\frac{m^{2}}{2}+u)\tilde{p}^{2}}[[UNKNOWN]] \right)[[CLOSE]]
Warning:not_parsed:OPEN.ATOM.CLOSE>CLOSE MathParser failed to match rule 'Anything'
	at 0302038.tex; line 313 col 0 - line 317 col 14
	In "$\displaystyle\quad-(\frac{m^{2}}{2}-u)\sqrt{\frac{\frac{m^{2}}{2}-u}{\tilde{p%
	}^{2}}}K_{1}\left(\sqrt{(\frac{m^{2}}{2}-u)\tilde{p}^{2}}\right)\Big{)}.$"
	-[[ADDOP]] ([[OPEN]] \frac{m^{2}}{2}[[UNKNOWN]] -[[ADDOP]] u[[UNKNOWN]] )[[CLOSE]] \sqrt{\frac{\frac{m^{2}}{2}-u}{\tilde{p}^{2}}}[[UNKNOWN]] K[[UNKNOWN]] _{1}[[POSTSUBSCRIPT]] \left([[OPEN]] \sqrt{(\frac{m^{2}}{2}-u)\tilde{p}^{2}}[[UNKNOWN]] \right)[[CLOSE]]
	        > )[[CLOSE]]
Warning:not_parsed:ATOM>OPEN MathParser failed to match rule 'Anything'
	at 0302038.tex; line 323 col 28 - line 325 col 24
	In "$\displaystyle\frac{g^{2}}{24\pi^{2}}\Big{(}\frac{1}{\tilde{p}^{2}}+\frac{1}{8%
	u}(\frac{m^{2}}{2}+u)^{2}\ln((\frac{m^{2}}{2}+u)\tilde{p}^{2})$"
	\frac{g^{2}}{24\pi^{2}}[[UNKNOWN]]
	        > ([[OPEN]] \frac{1}{\tilde{p}^{2}}[[UNKNOWN]] +[[ADDOP]] \frac{1}{8u}[[UNKNOWN]] ([[OPEN]] \frac{m^{2}}{2}[[UNKNOWN]] +[[ADDOP]] u[[UNKNOWN]] )[[CLOSE]] ^{2}[[POSTSUPERSCRIPT]] ln[[OPFUNCTION]] ([[OPEN]] ([[OPEN]] \frac{m^{2}}{2}[[UNKNOWN]] +[[ADDOP]] u[[UNKNOWN]] )[[CLOSE]] \tilde{p}[[UNKNOWN]] ^{2}[[POSTSUPERSCRIPT]] )[[CLOSE]]
Warning:not_parsed:CLOSE.ADDOP.ID>CLOSE MathParser failed to match rule 'Anything'
	at 0302038.tex; line 325 col 0 - line 327 col 14
	In "$\displaystyle\qquad-\frac{1}{8u}(\frac{m^{2}}{2}-u)^{2}\ln((\frac{m^{2}}{2}-u%
	)\tilde{p}^{2})+\dots\Big{)},$"
	-[[ADDOP]] \frac{1}{8u}[[UNKNOWN]] ([[OPEN]] \frac{m^{2}}{2}[[UNKNOWN]] -[[ADDOP]] u[[UNKNOWN]] )[[CLOSE]] ^{2}[[POSTSUPERSCRIPT]] ln[[OPFUNCTION]] ([[OPEN]] ([[OPEN]] \frac{m^{2}}{2}[[UNKNOWN]] -[[ADDOP]] u[[UNKNOWN]] )[[CLOSE]] \tilde{p}[[UNKNOWN]] ^{2}[[POSTSUPERSCRIPT]] )[[CLOSE]] +[[ADDOP]] \dots[[ID]]
	        > )[[CLOSE]]
Warning:not_parsed:ADDOP.ATOM.POSTSUPERSCRIPT>CLOSE MathParser failed to match rule 'Anything'
	at 0302038.tex; line 337 col 18 - line 337 col 55
	In "$\tilde{\partial}^{2}\Rightarrow-\tilde{k}^{2})$"
	\tilde{\partial}[[UNKNOWN]] ^{2}[[POSTSUPERSCRIPT]] ⇒[[ARROW]] -[[ADDOP]] \tilde{k}[[UNKNOWN]] ^{2}[[POSTSUPERSCRIPT]]
	        > )[[CLOSE]]
Warning:not_parsed:ATOM.LIMITOP.POSTSUBSCRIPT>OPEN MathParser failed to match rule 'Anything'
	at 0302038.tex; line 342 col 27 - line 345 col 35
	In "$\displaystyle\frac{g^{2}}{12\pi^{2}}\lim_{\Lambda\rightarrow\infty}\Big{(}%
	\Lambda^{2}-\frac{1}{8u}(\frac{m^{2}}{2}+u)^{2}\ln\left(\frac{\Lambda^{2}}{%
	\frac{m^{2}}{2}+u}\right)$"
	\frac{g^{2}}{12\pi^{2}}[[UNKNOWN]] lim[[LIMITOP]] _{\Lambda\rightarrow\infty}[[POSTSUBSCRIPT]]
	        > ([[OPEN]] Λ[[UNKNOWN]] ^{2}[[POSTSUPERSCRIPT]] -[[ADDOP]] \frac{1}{8u}[[UNKNOWN]] ([[OPEN]] \frac{m^{2}}{2}[[UNKNOWN]] +[[ADDOP]] u[[UNKNOWN]] )[[CLOSE]] ^{2}[[POSTSUPERSCRIPT]] ln[[OPFUNCTION]] \left([[OPEN]] \frac{\Lambda^{2}}{\frac{m^{2}}{2}+u}[[UNKNOWN]] \right)[[CLOSE]]
Warning:not_parsed:CLOSE.ADDOP.ID>CLOSE MathParser failed to match rule 'Anything'
	at 0302038.tex; line 345 col 0 - line 348 col 14
	In "$\displaystyle\qquad+\frac{1}{8u}(\frac{m^{2}}{2}-u)^{2}\ln\left(\frac{\Lambda%
	^{2}}{\frac{m^{2}}{2}-u}\right)+\dots\Big{)},$"
	+[[ADDOP]] \frac{1}{8u}[[UNKNOWN]] ([[OPEN]] \frac{m^{2}}{2}[[UNKNOWN]] -[[ADDOP]] u[[UNKNOWN]] )[[CLOSE]] ^{2}[[POSTSUPERSCRIPT]] ln[[OPFUNCTION]] \left([[OPEN]] \frac{\Lambda^{2}}{\frac{m^{2}}{2}-u}[[UNKNOWN]] \right)[[CLOSE]] +[[ADDOP]] \dots[[ID]]
	        > )[[CLOSE]]
Warning:not_parsed:ADDOP.UNKNOWN.UNKNOWN>OPEN MathParser failed to match rule 'Anything'
	at 0302038.tex; line 380 col 8 - line 380 col 45
	In "$D_{\mu}:=\partial_{\mu}-ig[A_{\mu},.]_{M}$"
	D[[UNKNOWN]] _{\mu}[[POSTSUBSCRIPT]] :=[[RELOP]] ∂[[OPERATOR]] _{\mu}[[POSTSUBSCRIPT]] -[[ADDOP]] i[[UNKNOWN]] g[[UNKNOWN]]
	        > [[[OPEN]] A[[UNKNOWN]] _{\mu}[[POSTSUBSCRIPT]] ,[[PUNCT]] .[[PERIOD]] ][[CLOSE]] _{M}[[POSTSUBSCRIPT]]
Warning:not_parsed:ATOM.CLOSE.POSTSUBSCRIPT>ARROW MathParser failed to match rule 'Anything'
	at 0302038.tex; line 426 col 0 - line 430 col 14
	In "\begin{equation}\delta_{\lambda}\tilde{F}=i[\lambda,\tilde{F}]_{M}%
	\Longrightarrow\quad\delta_{\lambda}(\frac{1}{(\tilde{D}^{2})^{2}}\star\tilde{%
	F})=i[\lambda,\frac{1}{(\tilde{D}^{2})^{2}}\star\tilde{F}]_{M},\end{equation}"
	δ[[UNKNOWN]] _{\lambda}[[POSTSUBSCRIPT]] \tilde{F}[[UNKNOWN]] =[[RELOP]] i[[UNKNOWN]] [[[OPEN]] λ[[UNKNOWN]] ,[[PUNCT]] \tilde{F}[[UNKNOWN]] ][[CLOSE]] _{M}[[POSTSUBSCRIPT]]
	        > ⟹[[ARROW]] \begin{equation}\delta_{\lambda}\tilde{F}=i[\lambda,\tilde{F}]_{M}\Longrightarrow\quad\delta_{\lambda}(\frac{1}{(\tilde{D}^{2})^{2}}\star\tilde{F})=i[\lambda,\frac{1}{(\tilde{D}^{2})^{2}}\star\tilde{F}]_{M},\end{equation}[[PUNCT]] δ[[UNKNOWN]] _{\lambda}[[POSTSUBSCRIPT]] ([[OPEN]] \frac{1}{(\tilde{D}^{2})^{2}}[[UNKNOWN]] ⋆[[MULOP]] \tilde{F}[[UNKNOWN]] )[[CLOSE]] =[[RELOP]] i[[UNKNOWN]] [[[OPEN]] λ[[UNKNOWN]] ,[[PUNCT]] \frac{1}{(\tilde{D}^{2})^{2}}[[UNKNOWN]] ⋆[[MULOP]] \tilde{F}[[UNKNOWN]] ][[CLOSE]] _{M}[[POSTSUBSCRIPT]]
Warning:not_parsed:UNKNOWN.POSTSUPERSCRIPT.UNKNOWN>OPEN MathParser failed to match rule 'Anything'
	at 0302038.tex; line 435 col 23 - line 438 col 13
	In "$\displaystyle\int d^{4}x\Big{(}\frac{1}{4}F_{\mu\nu}\star F_{\mu\nu}+gB\star%
	\partial_{\mu}A_{\nu}+\frac{\alpha}{2}B\star B-\bar{c}\star\partial_{\mu}D_{%
	\mu}c$"
	∫[[INTOP]] d[[UNKNOWN]] ^{4}[[POSTSUPERSCRIPT]] x[[UNKNOWN]]
	        > ([[OPEN]] \frac{1}{4}[[UNKNOWN]] F[[UNKNOWN]] _{\mu\nu}[[POSTSUBSCRIPT]] ⋆[[MULOP]] F[[UNKNOWN]] _{\mu\nu}[[POSTSUBSCRIPT]] +[[ADDOP]] g[[UNKNOWN]] B[[UNKNOWN]] ⋆[[MULOP]] ∂[[OPERATOR]] _{\mu}[[POSTSUBSCRIPT]] A[[UNKNOWN]] _{\nu}[[POSTSUBSCRIPT]] +[[ADDOP]] \frac{\alpha}{2}[[UNKNOWN]] B[[UNKNOWN]] ⋆[[MULOP]] B[[UNKNOWN]] -[[ADDOP]] \bar{c}[[UNKNOWN]] ⋆[[MULOP]] ∂[[OPERATOR]] _{\mu}[[POSTSUBSCRIPT]] D[[UNKNOWN]] _{\mu}[[POSTSUBSCRIPT]] c[[UNKNOWN]]
Warning:not_parsed:ATOM.MULOP.ATOM>CLOSE MathParser failed to match rule 'Anything'
	at 0302038.tex; line 439 col 6 - line 443 col 14
	In "$\displaystyle\qquad+\frac{\beta}{4}\tilde{F}\star\frac{1}{(\tilde{D}^{2})^{2}%
	}\star\tilde{F}-\frac{\beta}{4}\tilde{F}\star\frac{1}{(\tilde{D}^{2})^{2}}%
	\star\tilde{F}\Big{)}+\Gamma_{matter}$"
	+[[ADDOP]] \frac{\beta}{4}[[UNKNOWN]] \tilde{F}[[UNKNOWN]] ⋆[[MULOP]] \frac{1}{(\tilde{D}^{2})^{2}}[[UNKNOWN]] ⋆[[MULOP]] \tilde{F}[[UNKNOWN]] -[[ADDOP]] \frac{\beta}{4}[[UNKNOWN]] \tilde{F}[[UNKNOWN]] ⋆[[MULOP]] \frac{1}{(\tilde{D}^{2})^{2}}[[UNKNOWN]] ⋆[[MULOP]] \tilde{F}[[UNKNOWN]]
	        > )[[CLOSE]] +[[ADDOP]] Γ[[UNKNOWN]] _{matter}[[POSTSUBSCRIPT]]
 10.55 sec)
Math parsing succeeded:
   ltx:XMath: 166/178
   ltx:XMArg: 1274/1274
Symbols assumed as simple identifiers (with # of occurences):
   'A{italic}' (21), 'B{italic}' (22), 'Delta' (19), 'D{italic}' (10), 'F{italic}' (15), 'Gamma' (23), 'I{italic}' (4), 'K{italic}' (14), 'Lambda' (9), 'M{italic}' (7), 'N{italic}' (4), 'O{caligraphic}' (1), 'Pi' (1), 'Sigma' (15), 'U{italic}' (3), 'V{italic}' (4), 'X{italic}' (2), 'alpha' (53), 'a{italic}' (34), 'beta' (4), 'b{italic}' (29), 'c{italic}' (14), 'delta' (10), 'd{italic}' (60), 'e{italic}' (40), 'f{italic}' (2), 'gamma' (1), 'g{italic}' (38), 'i{italic}' (97), 'k{italic}' (96), 'lambda' (5), 'mu' (31), 'm{italic}' (59), 'nu' (31), 'n{italic}' (8), 'phi' (52), 'pi' (48), 'p{italic}' (33), 'q{italic}' (14), 'r{italic}' (6), 's{italic}' (8), 'theta' (33), 't{italic}' (12), 'u{italic}' (59), 'varepsilon' (8), 'v{italic}' (5), 'x{italic}' (46), 'y{italic}' (3)
Set MATHPARSER_SPECULATE to speculate on possible notations.
(Finalizing... 1.02 sec)
Conversion complete 12 warnings (See /home/user/latex-in-arxiv/0302038.latexml.log) (reqd. 22.75s)
