latexml (LaTeXML version 0.8.6) processing 2003/0302170.tex
(Digesting TeX 0302170...
(Loading /usr/share/perl5/LaTeXML/Package/TeX.pool.ltxml...
(Loading /usr/share/perl5/LaTeXML/Package/eTeX.pool.ltxml... 0.01 sec)
(Loading /usr/share/perl5/LaTeXML/Package/pdfTeX.pool.ltxml... 0.01 sec) 0.24 sec)
(Processing content /home/user/latex-in-arxiv/2003/0302170.tex...
(Loading /usr/share/perl5/LaTeXML/Package/LaTeX.pool.ltxml...
(Loading /usr/share/perl5/LaTeXML/Package/textcomp.sty.ltxml...
(Processing definitions /usr/share/texlive/texmf-dist/tex/latex-dev/base/ts1enc.dfu... 0.03 sec) 1.59 sec) 1.90 sec)
Info:unexpected:\documentstyle Entering LaTeX 2.09 Compatibility mode
	at 0302170.tex; line 3 col 0 - line 3 col 34
(Loading /usr/share/perl5/LaTeXML/Package/article.cls.ltxml... 0.02 sec)
(Loading /usr/share/perl5/LaTeXML/Package/revtex.sty.ltxml...
(Loading /usr/share/perl5/LaTeXML/Package/natbib.sty.ltxml... 0.03 sec)
(Loading /usr/share/perl5/LaTeXML/Package/revtex3_support.sty.ltxml...
(Loading /usr/share/perl5/LaTeXML/Package/revtex4_support.sty.ltxml...
(Loading /usr/share/perl5/LaTeXML/Package/hyperref.sty.ltxml...
(Loading /usr/share/perl5/LaTeXML/Package/keyval.sty.ltxml...
(Processing definitions /usr/share/texlive/texmf-dist/tex/latex-dev/graphics/keyval.sty... 0.03 sec) 0.03 sec)
(Loading /usr/share/perl5/LaTeXML/Package/nameref.sty.ltxml... 0.00 sec)
(Loading /usr/share/perl5/LaTeXML/Package/url.sty.ltxml... 0.00 sec) 0.13 sec)
(Loading /usr/share/perl5/LaTeXML/Package/revsymb.sty.ltxml... 0.00 sec)
(Loading /usr/share/perl5/LaTeXML/Package/longtable.sty.ltxml... 0.00 sec)
(Loading /usr/share/perl5/LaTeXML/Package/dcolumn.sty.ltxml...
(Loading /usr/share/perl5/LaTeXML/Package/array.sty.ltxml... 0.00 sec) 0.02 sec) 0.23 sec) 0.24 sec) 0.29 sec)
Info:unexpected:aps Unexpected option 'aps' passed to revtex.cls
	at 0302170.tex; line 5 col 6 - line 5 col 6
(Loading /usr/share/perl5/LaTeXML/Package/epsfig.sty.ltxml...
(Loading /usr/share/perl5/LaTeXML/Package/graphicx.sty.ltxml...
(Loading /usr/share/perl5/LaTeXML/Package/graphics.sty.ltxml... 0.01 sec) 0.03 sec) 0.05 sec)
Info:note:OmniBus Loading OmniBus class to attempt to cover missing options
	at 0302170.tex; line 5 col 6 - line 5 col 6
(Loading /usr/share/perl5/LaTeXML/Package/OmniBus.cls.ltxml...
(Loading /usr/share/perl5/LaTeXML/Package/inst_support.sty.ltxml... 0.01 sec)
(Loading /usr/share/perl5/LaTeXML/Package/epsf.sty.ltxml... 0.01 sec)
(Loading /usr/share/perl5/LaTeXML/Package/aas_macros.sty.ltxml... 0.01 sec) 0.08 sec) 4.95 sec) 5.21 sec)
(Building...
(Loading compiled schema /usr/share/perl5/LaTeXML/resources/RelaxNG/LaTeXML.model... 0.02 sec) 3.15 sec)
(Rewriting... 0.08 sec)
(Math Parsing 145 formulae ......
Warning:not_parsed:UNKNOWN.RELOP.NUMBER>CLOSE MathParser failed to match rule 'Anything'
	at 0302170.tex; line 189 col 47 - line 189 col 58
	In "$\hbar=c=1),$"
	â„[[ID]] =[[RELOP]] c[[UNKNOWN]] =[[RELOP]] 1[[NUMBER]]
	        > )[[CLOSE]]
 5.07 sec)
Math parsing succeeded:
   ltx:XMArg: 268/268
   ltx:XMath: 144/145
Symbols assumed as simple identifiers (with # of occurences):
   'A{italic}' (7), 'B{italic}' (5), 'C{italic}' (1), 'Delta' (1), 'E{italic}' (10), 'G{italic}' (5), 'H{italic}' (7), 'L{italic}' (1), 'M{italic}' (7), 'N{caligraphic}' (12), 'N{italic}' (31), 'S{italic}' (11), 'T{italic}' (4), 'U{italic}' (3), 'X{italic}' (12), 'Z{italic}' (5), 'alpha' (13), 'a{italic}' (36), 'b{italic}' (2), 'c{italic}' (5), 'delta' (3), 'd{italic}' (41), 'ell' (12), 'eta' (8), 'e{italic}' (20), 'f{italic}' (6), 'g{italic}' (2), 'h{italic}' (2), 'i{italic}' (26), 'j{italic}' (1), 'l{italic}' (9), 'mu' (4), 'm{italic}' (13), 'nu' (3), 'n{italic}' (17), 'o{italic}' (1), 'pi' (25), 'psi' (2), 'p{italic}' (24), 'r{italic}' (12), 'sigma' (11), 's{italic}' (7), 'tau' (50), 't{italic}' (10), 'u{italic}' (1), 'x{italic}' (12)
Set MATHPARSER_SPECULATE to speculate on possible notations.
(Finalizing... 0.40 sec)
Conversion complete 1 warning (See /home/user/latex-in-arxiv/0302170.latexml.log) (reqd. 14.38s)
