latexml (LaTeXML version 0.8.6) processing 2003/0302069.tex
(Digesting TeX 0302069...
(Loading /usr/share/perl5/LaTeXML/Package/TeX.pool.ltxml...
(Loading /usr/share/perl5/LaTeXML/Package/eTeX.pool.ltxml... 0.01 sec)
(Loading /usr/share/perl5/LaTeXML/Package/pdfTeX.pool.ltxml... 0.01 sec) 0.19 sec)
(Processing content /home/user/latex-in-arxiv/2003/0302069.tex...
(Loading /usr/share/perl5/LaTeXML/Package/LaTeX.pool.ltxml...
(Loading /usr/share/perl5/LaTeXML/Package/textcomp.sty.ltxml...
(Processing definitions /usr/share/texlive/texmf-dist/tex/latex-dev/base/ts1enc.dfu... 0.03 sec) 1.56 sec) 1.83 sec)
(Loading /usr/share/perl5/LaTeXML/Package/revtex4.cls.ltxml...
(Loading /usr/share/perl5/LaTeXML/Package/article.cls.ltxml... 0.01 sec)
(Loading /usr/share/perl5/LaTeXML/Package/revtex4_support.sty.ltxml...
(Loading /usr/share/perl5/LaTeXML/Package/hyperref.sty.ltxml...
(Loading /usr/share/perl5/LaTeXML/Package/keyval.sty.ltxml...
(Processing definitions /usr/share/texlive/texmf-dist/tex/latex-dev/graphics/keyval.sty... 0.02 sec) 0.02 sec)
(Loading /usr/share/perl5/LaTeXML/Package/nameref.sty.ltxml... 0.00 sec)
(Loading /usr/share/perl5/LaTeXML/Package/url.sty.ltxml... 0.00 sec) 0.09 sec)
(Loading /usr/share/perl5/LaTeXML/Package/natbib.sty.ltxml... 0.02 sec)
(Loading /usr/share/perl5/LaTeXML/Package/revsymb.sty.ltxml... 0.00 sec)
(Loading /usr/share/perl5/LaTeXML/Package/longtable.sty.ltxml... 0.00 sec)
(Loading /usr/share/perl5/LaTeXML/Package/dcolumn.sty.ltxml...
(Loading /usr/share/perl5/LaTeXML/Package/array.sty.ltxml... 0.00 sec) 0.01 sec) 0.18 sec) 0.60 sec)
(Loading /usr/share/perl5/LaTeXML/Package/graphicx.sty.ltxml...
(Loading /usr/share/perl5/LaTeXML/Package/graphics.sty.ltxml... 0.01 sec) 0.03 sec) 9.99 sec) 10.25 sec)
(Building...
(Loading compiled schema /usr/share/perl5/LaTeXML/resources/RelaxNG/LaTeXML.model... 0.02 sec) 5.90 sec)
(Rewriting... 0.23 sec)
(Math Parsing 502 formulae ......
Warning:not_parsed:UNKNOWN.POSTSUBSCRIPT.POSTSUPERSCRIPT>OPEN MathParser failed to match rule 'Anything'
	at 0302069.tex; line 602 col 1 - line 602 col 1
	In "$\displaystyle 3H^{2}=-{3\over\ell^{2}}+\kappa_{5}^{2}\left({1\over 4}\dot{%
	\phi}^{2}+{1\over 2}V+{\kappa_{5}^{2}\over 12}\sigma^{2}-{1\over 16}\sigma^{%
	\prime}{}^{2}\right)+E,\@@ENDINLINEMATH"
	3[[NUMBER]] H[[UNKNOWN]] ^{2}[[POSTSUPERSCRIPT]] =[[RELOP]] -[[ADDOP]] 3\over\ell^{2}[[UNKNOWN]] +[[ADDOP]] κ[[UNKNOWN]] _{5}[[POSTSUBSCRIPT]] ^{2}[[POSTSUPERSCRIPT]]
	        > \left([[OPEN]] 1\over4[[UNKNOWN]] \dot{\phi}[[UNKNOWN]] ^{2}[[POSTSUPERSCRIPT]] +[[ADDOP]] 1\over2[[UNKNOWN]] V[[UNKNOWN]] +[[ADDOP]] \kappa_{5}^{2}\over12[[UNKNOWN]] σ[[UNKNOWN]] ^{2}[[POSTSUPERSCRIPT]] -[[ADDOP]] 1\over16[[UNKNOWN]] σ[[UNKNOWN]] ^{\prime}[[POSTSUPERSCRIPT]] {}^{2}[[FLOATSUPERSCRIPT]] \right)[[CLOSE]] +[[ADDOP]] E[[UNKNOWN]]
Warning:not_parsed:UNKNOWN.POSTSUBSCRIPT.POSTSUPERSCRIPT>OPEN MathParser failed to match rule 'Anything'
	at 0302069.tex; line 602 col 1 - line 607 col 4
	In "$\displaystyle 3H^{2}=-{3\over\ell^{2}}+\kappa_{5}^{2}\left({1\over 4}\dot{%
	\phi}^{2}+{1\over 2}V+{\kappa_{5}^{2}\over 12}\sigma^{2}-{1\over 16}\sigma^{%
	\prime}{}^{2}\right)+E,$"
	3[[NUMBER]] H[[UNKNOWN]] ^{2}[[POSTSUPERSCRIPT]] =[[RELOP]] -[[ADDOP]] 3\over\ell^{2}[[UNKNOWN]] +[[ADDOP]] κ[[UNKNOWN]] _{5}[[POSTSUBSCRIPT]] ^{2}[[POSTSUPERSCRIPT]]
	        > \left([[OPEN]] 1\over4[[UNKNOWN]] \dot{\phi}[[UNKNOWN]] ^{2}[[POSTSUPERSCRIPT]] +[[ADDOP]] 1\over2[[UNKNOWN]] V[[UNKNOWN]] +[[ADDOP]] \kappa_{5}^{2}\over12[[UNKNOWN]] σ[[UNKNOWN]] ^{2}[[POSTSUPERSCRIPT]] -[[ADDOP]] 1\over16[[UNKNOWN]] σ[[UNKNOWN]] ^{\prime}[[POSTSUPERSCRIPT]] {}^{2}[[FLOATSUPERSCRIPT]] \right)[[CLOSE]] +[[ADDOP]] E[[UNKNOWN]]
Warning:not_parsed:UNKNOWN.POSTSUBSCRIPT.POSTSUPERSCRIPT>OPEN MathParser failed to match rule 'Anything'
	at 0302069.tex; line 610 col 4 - line 610 col 4
	In "$\displaystyle\dot{E}+4HE={\kappa_{5}^{2}}\left[-{1\over 2}\ddot{\phi}-2H\dot{%
	\phi}-{1\over 2}V^{\prime}-{\kappa_{5}^{2}\over 12}(\sigma^{2})^{\prime}+{1%
	\over 16}(\sigma^{\prime}{}^{2})^{\prime}\right]\dot{\phi}={\kappa_{5}^{2}}%
	\left[{1\over 2}\left(\ddot{\phi}+2H\dot{\phi}\right)-\left(\ddot{\phi}+3H\dot%
	{\phi}\right)-{1\over 2}V^{\prime}-{\kappa_{5}^{2}\over 12}(\sigma^{2})^{%
	\prime}+{1\over 16}(\sigma^{\prime}{}^{2})^{\prime}\right]\dot{\phi},\@@ENDINLINEMATH"
	\dot{E}[[UNKNOWN]] +[[ADDOP]] 4[[NUMBER]] H[[UNKNOWN]] E[[UNKNOWN]] =[[RELOP]] κ[[UNKNOWN]] _{5}[[POSTSUBSCRIPT]] ^{2}[[POSTSUPERSCRIPT]]
	        > \left[[[OPEN]] -[[ADDOP]] 1\over2[[UNKNOWN]] \ddot{\phi}[[UNKNOWN]] -[[ADDOP]] 2[[NUMBER]] H[[UNKNOWN]] \dot{\phi}[[UNKNOWN]] -[[ADDOP]] 1\over2[[UNKNOWN]] V[[UNKNOWN]] ^{\prime}[[POSTSUPERSCRIPT]] -[[ADDOP]] \kappa_{5}^{2}\over12[[UNKNOWN]] ([[OPEN]] σ[[UNKNOWN]] ^{2}[[POSTSUPERSCRIPT]] )[[CLOSE]] ^{\prime}[[POSTSUPERSCRIPT]] +[[ADDOP]] 1\over16[[UNKNOWN]] ([[OPEN]] σ[[UNKNOWN]] ^{\prime}[[POSTSUPERSCRIPT]] {}^{2}[[FLOATSUPERSCRIPT]] )[[CLOSE]] ^{\prime}[[POSTSUPERSCRIPT]] \right][[CLOSE]] \dot{\phi}[[UNKNOWN]] =[[RELOP]] κ[[UNKNOWN]] _{5}[[POSTSUBSCRIPT]] ^{2}[[POSTSUPERSCRIPT]] \left[[[OPEN]] 1\over2[[UNKNOWN]] \left([[OPEN]] \ddot{\phi}[[UNKNOWN]] +[[ADDOP]] 2[[NUMBER]] H[[UNKNOWN]] \dot{\phi}[[UNKNOWN]] \right)[[CLOSE]] -[[ADDOP]] \left([[OPEN]] \ddot{\phi}[[UNKNOWN]] +[[ADDOP]] 3[[NUMBER]] H[[UNKNOWN]] \dot{\phi}[[UNKNOWN]] \right)[[CLOSE]] -[[ADDOP]] ...
Warning:not_parsed:UNKNOWN.POSTSUBSCRIPT.POSTSUPERSCRIPT>OPEN MathParser failed to match rule 'Anything'
	at 0302069.tex; line 611 col 1 - line 615 col 1
	In "$\displaystyle{\kappa_{5}^{2}}\left[-{1\over 2}\ddot{\phi}-2H\dot{\phi}-{1%
	\over 2}V^{\prime}-{\kappa_{5}^{2}\over 12}(\sigma^{2})^{\prime}+{1\over 16}(%
	\sigma^{\prime}{}^{2})^{\prime}\right]\dot{\phi}$"
	κ[[UNKNOWN]] _{5}[[POSTSUBSCRIPT]] ^{2}[[POSTSUPERSCRIPT]]
	        > \left[[[OPEN]] -[[ADDOP]] 1\over2[[UNKNOWN]] \ddot{\phi}[[UNKNOWN]] -[[ADDOP]] 2[[NUMBER]] H[[UNKNOWN]] \dot{\phi}[[UNKNOWN]] -[[ADDOP]] 1\over2[[UNKNOWN]] V[[UNKNOWN]] ^{\prime}[[POSTSUPERSCRIPT]] -[[ADDOP]] \kappa_{5}^{2}\over12[[UNKNOWN]] ([[OPEN]] σ[[UNKNOWN]] ^{2}[[POSTSUPERSCRIPT]] )[[CLOSE]] ^{\prime}[[POSTSUPERSCRIPT]] +[[ADDOP]] 1\over16[[UNKNOWN]] ([[OPEN]] σ[[UNKNOWN]] ^{\prime}[[POSTSUPERSCRIPT]] {}^{2}[[FLOATSUPERSCRIPT]] )[[CLOSE]] ^{\prime}[[POSTSUPERSCRIPT]] \right][[CLOSE]] \dot{\phi}[[UNKNOWN]]
Warning:not_parsed:UNKNOWN.POSTSUBSCRIPT.POSTSUPERSCRIPT>OPEN MathParser failed to match rule 'Anything'
	at 0302069.tex; line 616 col 1 - line 622 col 14
	In "$\displaystyle{\kappa_{5}^{2}}\left[{1\over 2}\left(\ddot{\phi}+2H\dot{\phi}%
	\right)-\left(\ddot{\phi}+3H\dot{\phi}\right)-{1\over 2}V^{\prime}-{\kappa_{5}%
	^{2}\over 12}(\sigma^{2})^{\prime}+{1\over 16}(\sigma^{\prime}{}^{2})^{\prime}%
	\right]\dot{\phi},$"
	κ[[UNKNOWN]] _{5}[[POSTSUBSCRIPT]] ^{2}[[POSTSUPERSCRIPT]]
	        > \left[[[OPEN]] 1\over2[[UNKNOWN]] \left([[OPEN]] \ddot{\phi}[[UNKNOWN]] +[[ADDOP]] 2[[NUMBER]] H[[UNKNOWN]] \dot{\phi}[[UNKNOWN]] \right)[[CLOSE]] -[[ADDOP]] \left([[OPEN]] \ddot{\phi}[[UNKNOWN]] +[[ADDOP]] 3[[NUMBER]] H[[UNKNOWN]] \dot{\phi}[[UNKNOWN]] \right)[[CLOSE]] -[[ADDOP]] 1\over2[[UNKNOWN]] V[[UNKNOWN]] ^{\prime}[[POSTSUPERSCRIPT]] -[[ADDOP]] \kappa_{5}^{2}\over12[[UNKNOWN]] ([[OPEN]] σ[[UNKNOWN]] ^{2}[[POSTSUPERSCRIPT]] )[[CLOSE]] ^{\prime}[[POSTSUPERSCRIPT]] +[[ADDOP]] 1\over16[[UNKNOWN]] ([[OPEN]] σ[[UNKNOWN]] ^{\prime}[[POSTSUPERSCRIPT]] {}^{2}[[FLOATSUPERSCRIPT]] )[[CLOSE]] ^{\prime}[[POSTSUPERSCRIPT]] \right][[CLOSE]] \dot{\phi}[[UNKNOWN]]
Warning:not_parsed:UNKNOWN.POSTSUBSCRIPT.POSTSUPERSCRIPT>OPEN MathParser failed to match rule 'Anything'
	at 0302069.tex; line 640 col 4 - line 640 col 4
	In "$\displaystyle\dot{E}+4HE={\kappa_{5}^{2}\over 2}\left(\ddot{\phi}+2H\dot{\phi%
	}\right)\dot{\phi}+\kappa_{5}^{2}\left[V_{\rm eff}^{\prime}-{1\over 2}V^{%
	\prime}-{\kappa_{5}^{2}\over 12}(\sigma^{2})^{\prime}+{1\over 16}(\sigma^{%
	\prime}{}^{2})^{\prime}+J\right]\dot{\phi}\,.\@@ENDINLINEMATH"
	\dot{E}[[UNKNOWN]] +[[ADDOP]] 4[[NUMBER]] H[[UNKNOWN]] E[[UNKNOWN]] =[[RELOP]] \kappa_{5}^{2}\over2[[UNKNOWN]] \left([[OPEN]] \ddot{\phi}[[UNKNOWN]] +[[ADDOP]] 2[[NUMBER]] H[[UNKNOWN]] \dot{\phi}[[UNKNOWN]] \right)[[CLOSE]] \dot{\phi}[[UNKNOWN]] +[[ADDOP]] κ[[UNKNOWN]] _{5}[[POSTSUBSCRIPT]] ^{2}[[POSTSUPERSCRIPT]]
	        > \left[[[OPEN]] V[[UNKNOWN]] _{\rmeff}[[POSTSUBSCRIPT]] ^{\prime}[[POSTSUPERSCRIPT]] -[[ADDOP]] 1\over2[[UNKNOWN]] V[[UNKNOWN]] ^{\prime}[[POSTSUPERSCRIPT]] -[[ADDOP]] \kappa_{5}^{2}\over12[[UNKNOWN]] ([[OPEN]] σ[[UNKNOWN]] ^{2}[[POSTSUPERSCRIPT]] )[[CLOSE]] ^{\prime}[[POSTSUPERSCRIPT]] +[[ADDOP]] 1\over16[[UNKNOWN]] ([[OPEN]] σ[[UNKNOWN]] ^{\prime}[[POSTSUPERSCRIPT]] {}^{2}[[FLOATSUPERSCRIPT]] )[[CLOSE]] ^{\prime}[[POSTSUPERSCRIPT]] +[[ADDOP]] J[[UNKNOWN]] \right][[CLOSE]] \dot{\phi}[[UNKNOWN]]
Warning:not_parsed:UNKNOWN.POSTSUBSCRIPT.POSTSUPERSCRIPT>OPEN MathParser failed to match rule 'Anything'
	at 0302069.tex; line 640 col 4 - line 646 col 14
	In "$\displaystyle\dot{E}+4HE={\kappa_{5}^{2}\over 2}\left(\ddot{\phi}+2H\dot{\phi%
	}\right)\dot{\phi}+\kappa_{5}^{2}\left[V_{\rm eff}^{\prime}-{1\over 2}V^{%
	\prime}-{\kappa_{5}^{2}\over 12}(\sigma^{2})^{\prime}+{1\over 16}(\sigma^{%
	\prime}{}^{2})^{\prime}+J\right]\dot{\phi}\,.$"
	\dot{E}[[UNKNOWN]] +[[ADDOP]] 4[[NUMBER]] H[[UNKNOWN]] E[[UNKNOWN]] =[[RELOP]] \kappa_{5}^{2}\over2[[UNKNOWN]] \left([[OPEN]] \ddot{\phi}[[UNKNOWN]] +[[ADDOP]] 2[[NUMBER]] H[[UNKNOWN]] \dot{\phi}[[UNKNOWN]] \right)[[CLOSE]] \dot{\phi}[[UNKNOWN]] +[[ADDOP]] κ[[UNKNOWN]] _{5}[[POSTSUBSCRIPT]] ^{2}[[POSTSUPERSCRIPT]]
	        > \left[[[OPEN]] V[[UNKNOWN]] _{\rmeff}[[POSTSUBSCRIPT]] ^{\prime}[[POSTSUPERSCRIPT]] -[[ADDOP]] 1\over2[[UNKNOWN]] V[[UNKNOWN]] ^{\prime}[[POSTSUPERSCRIPT]] -[[ADDOP]] \kappa_{5}^{2}\over12[[UNKNOWN]] ([[OPEN]] σ[[UNKNOWN]] ^{2}[[POSTSUPERSCRIPT]] )[[CLOSE]] ^{\prime}[[POSTSUPERSCRIPT]] +[[ADDOP]] 1\over16[[UNKNOWN]] ([[OPEN]] σ[[UNKNOWN]] ^{\prime}[[POSTSUPERSCRIPT]] {}^{2}[[FLOATSUPERSCRIPT]] )[[CLOSE]] ^{\prime}[[POSTSUPERSCRIPT]] +[[ADDOP]] J[[UNKNOWN]] \right][[CLOSE]] \dot{\phi}[[UNKNOWN]]
Warning:not_parsed:ATOM.UNKNOWN.POSTSUPERSCRIPT>FLOATSUPERSCRIPT MathParser failed to match rule 'Anything'
	at 0302069.tex; line 650 col 1 - line 650 col 1
	In "$\displaystyle V_{\rm eff}=-{3\over\kappa_{5}^{2}\ell^{2}}+{1\over 2}V+{\kappa%
	_{5}^{2}\over 12}\sigma^{2}-{1\over 16}\sigma^{\prime}{}^{2},\@@ENDINLINEMATH"
	V[[UNKNOWN]] _{\rmeff}[[POSTSUBSCRIPT]] =[[RELOP]] -[[ADDOP]] 3\over\kappa_{5}^{2}\ell^{2}[[UNKNOWN]] +[[ADDOP]] 1\over2[[UNKNOWN]] V[[UNKNOWN]] +[[ADDOP]] \kappa_{5}^{2}\over12[[UNKNOWN]] σ[[UNKNOWN]] ^{2}[[POSTSUPERSCRIPT]] -[[ADDOP]] 1\over16[[UNKNOWN]] σ[[UNKNOWN]] ^{\prime}[[POSTSUPERSCRIPT]]
	        > {}^{2}[[FLOATSUPERSCRIPT]]
Warning:not_parsed:ATOM.UNKNOWN.POSTSUPERSCRIPT>FLOATSUPERSCRIPT MathParser failed to match rule 'Anything'
	at 0302069.tex; line 650 col 1 - line 653 col 4
	In "$\displaystyle V_{\rm eff}=-{3\over\kappa_{5}^{2}\ell^{2}}+{1\over 2}V+{\kappa%
	_{5}^{2}\over 12}\sigma^{2}-{1\over 16}\sigma^{\prime}{}^{2},$"
	V[[UNKNOWN]] _{\rmeff}[[POSTSUBSCRIPT]] =[[RELOP]] -[[ADDOP]] 3\over\kappa_{5}^{2}\ell^{2}[[UNKNOWN]] +[[ADDOP]] 1\over2[[UNKNOWN]] V[[UNKNOWN]] +[[ADDOP]] \kappa_{5}^{2}\over12[[UNKNOWN]] σ[[UNKNOWN]] ^{2}[[POSTSUPERSCRIPT]] -[[ADDOP]] 1\over16[[UNKNOWN]] σ[[UNKNOWN]] ^{\prime}[[POSTSUPERSCRIPT]]
	        > {}^{2}[[FLOATSUPERSCRIPT]]
Warning:not_parsed:ATOM.UNKNOWN.POSTSUPERSCRIPT>FLOATSUPERSCRIPT MathParser failed to match rule 'Anything'
	at 0302069.tex; line 735 col 1 - line 735 col 1
	In "$\displaystyle V_{\rm eff}={1\over 2}V+{\kappa_{5}^{2}\over 12}\sigma^{2}-{1%
	\over 16}\sigma^{\prime}{}^{2}=\left[{V_{0}\over 2}+{\kappa^{2}\over 12}\left(%
	1-{\lambda^{2}\over 4}\right)\sigma_{0}^{2}\right]\exp\left(-{2\over\sqrt{3}}%
	\lambda\kappa\phi\right)\equiv V_{\rm eff,0}\,\exp\left(-{2\over\sqrt{3}}%
	\lambda\kappa\phi\right).\@@ENDINLINEMATH"
	V[[UNKNOWN]] _{\rmeff}[[POSTSUBSCRIPT]] =[[RELOP]] 1\over2[[UNKNOWN]] V[[UNKNOWN]] +[[ADDOP]] \kappa_{5}^{2}\over12[[UNKNOWN]] σ[[UNKNOWN]] ^{2}[[POSTSUPERSCRIPT]] -[[ADDOP]] 1\over16[[UNKNOWN]] σ[[UNKNOWN]] ^{\prime}[[POSTSUPERSCRIPT]]
	        > {}^{2}[[FLOATSUPERSCRIPT]] =[[RELOP]] \left[[[OPEN]] V_{0}\over2[[UNKNOWN]] +[[ADDOP]] \kappa^{2}\over12[[UNKNOWN]] \left([[OPEN]] 1[[NUMBER]] -[[ADDOP]] \lambda^{2}\over4[[UNKNOWN]] \right)[[CLOSE]] σ[[UNKNOWN]] _{0}[[POSTSUBSCRIPT]] ^{2}[[POSTSUPERSCRIPT]] \right][[CLOSE]] exp[[OPFUNCTION]] \left([[OPEN]] -[[ADDOP]] 2\over\sqrt{3}[[UNKNOWN]] λ[[UNKNOWN]] κ[[UNKNOWN]] ϕ[[UNKNOWN]] \right)[[CLOSE]] ≡[[RELOP]] V[[UNKNOWN]] _{\rmeff,0}[[POSTSUBSCRIPT]] exp[[OPFUNCTION]] \left([[OPEN]] -[[ADDOP]] 2\over\sqrt{3}[[UNKNOWN]] λ[[UNKNOWN]] κ[[UNKNOWN]] ϕ[[UNKNOWN]] \right)[[CLOSE]]
Warning:not_parsed:ATOM.UNKNOWN.POSTSUPERSCRIPT>FLOATSUPERSCRIPT MathParser failed to match rule 'Anything'
	at 0302069.tex; line 735 col 1 - line 737 col 1
	In "$\displaystyle V_{\rm eff}={1\over 2}V+{\kappa_{5}^{2}\over 12}\sigma^{2}-{1%
	\over 16}\sigma^{\prime}{}^{2}$"
	V[[UNKNOWN]] _{\rmeff}[[POSTSUBSCRIPT]] =[[RELOP]] 1\over2[[UNKNOWN]] V[[UNKNOWN]] +[[ADDOP]] \kappa_{5}^{2}\over12[[UNKNOWN]] σ[[UNKNOWN]] ^{2}[[POSTSUPERSCRIPT]] -[[ADDOP]] 1\over16[[UNKNOWN]] σ[[UNKNOWN]] ^{\prime}[[POSTSUPERSCRIPT]]
	        > {}^{2}[[FLOATSUPERSCRIPT]]
 11.89 sec)
Math parsing succeeded:
   ltx:XMath: 491/502
   ltx:XMArg: 1870/1870
Symbols assumed as simple identifiers (with # of occurences):
   'A{italic}' (8), 'C{caligraphic}' (8), 'Delta' (8), 'D{italic}' (13), 'E{italic}' (20), 'F{italic}' (6), 'Gamma' (31), 'G{italic}' (2), 'H{italic}' (164), 'Im' (13), 'J{italic}' (11), 'Lambda' (15), 'M{caligraphic}' (13), 'M{italic}' (115), 'O{caligraphic}' (4), 'O{italic}' (1), 'Phi' (1), 'P{italic}' (43), 'Re' (3), 'R{caligraphic}' (6), 'R{italic}' (30), 'S{italic}' (2), 'T{italic}' (2), 'V{italic}' (65), 'X{italic}' (10), 'Z{italic}' (2), 'alpha' (105), 'a{italic}' (2), 'd{italic}' (48), 'eff' (4), 'ell' (247), 'e{italic}' (7), 'f{italic}' (8), 'g{italic}' (8), 'h{italic}' (6), 'kappa' (85), 'lambda' (50), 'mu' (86), 'm{italic}' (20), 'nu' (146), 'n{italic}' (8), 'phi' (64), 'pi' (4), 'psi' (4), 'r{italic}' (50), 'sigma' (78), 's{italic}' (5), 'tau' (4), 't{italic}' (14), 'u{italic}' (22), 'x{bold}' (3), 'x{italic}' (4), 'z{italic}' (148)
Set MATHPARSER_SPECULATE to speculate on possible notations.
(Finalizing... 1.04 sec)
Conversion complete 11 warnings (See /home/user/latex-in-arxiv/0302069.latexml.log) (reqd. 29.96s)
