latexml (LaTeXML version 0.8.6) processing 2003/0302165.tex
(Digesting TeX 0302165...
(Loading /usr/share/perl5/LaTeXML/Package/TeX.pool.ltxml...
(Loading /usr/share/perl5/LaTeXML/Package/eTeX.pool.ltxml... 0.00 sec)
(Loading /usr/share/perl5/LaTeXML/Package/pdfTeX.pool.ltxml... 0.01 sec) 0.11 sec)
(Processing content /home/user/latex-in-arxiv/2003/0302165.tex...
(Loading /usr/share/perl5/LaTeXML/Package/LaTeX.pool.ltxml...
(Loading /usr/share/perl5/LaTeXML/Package/textcomp.sty.ltxml...
(Processing definitions /usr/share/texlive/texmf-dist/tex/latex-dev/base/ts1enc.dfu... 0.03 sec) 1.48 sec) 1.64 sec)
(Loading /usr/share/perl5/LaTeXML/Package/JHEP3.cls.ltxml...
(Loading /usr/share/perl5/LaTeXML/Package/JHEP.cls.ltxml...
(Loading /usr/share/perl5/LaTeXML/Package/article.cls.ltxml... 0.01 sec)
(Loading /usr/share/perl5/LaTeXML/Package/amssymb.sty.ltxml...
(Loading /usr/share/perl5/LaTeXML/Package/amsfonts.sty.ltxml... 0.00 sec) 0.03 sec)
(Loading /usr/share/perl5/LaTeXML/Package/floatflt.sty.ltxml... 0.01 sec) 0.08 sec) 0.09 sec)
(Loading /usr/share/perl5/LaTeXML/Package/amsmath.sty.ltxml...
(Loading /usr/share/perl5/LaTeXML/Package/amsbsy.sty.ltxml...
(Loading /usr/share/perl5/LaTeXML/Package/amsgen.sty.ltxml... 0.00 sec) 0.01 sec)
(Loading /usr/share/perl5/LaTeXML/Package/amstext.sty.ltxml... 0.01 sec)
(Loading /usr/share/perl5/LaTeXML/Package/amsopn.sty.ltxml... 0.01 sec) 0.06 sec)
(Loading /usr/share/perl5/LaTeXML/Package/euscript.sty.ltxml... 0.00 sec)
(Loading /usr/share/perl5/LaTeXML/Package/array.sty.ltxml... 0.00 sec)
(Loading /usr/share/perl5/LaTeXML/Package/cite.sty.ltxml... 0.00 sec)
(Loading /usr/share/perl5/LaTeXML/Package/epsf.tex.ltxml...
(Loading /usr/share/perl5/LaTeXML/Package/epsf.sty.ltxml... 0.01 sec) 0.01 sec)
(Loading /usr/share/perl5/LaTeXML/Package/epsfig.sty.ltxml...
(Loading /usr/share/perl5/LaTeXML/Package/graphicx.sty.ltxml...
(Loading /usr/share/perl5/LaTeXML/Package/graphics.sty.ltxml... 0.01 sec) 0.02 sec) 0.04 sec) 5.43 sec) 5.57 sec)
(Building...
(Loading compiled schema /usr/share/perl5/LaTeXML/resources/RelaxNG/LaTeXML.model... 0.01 sec) 4.16 sec)
(Rewriting... 0.10 sec)
(Math Parsing 206 formulae ......
Warning:not_parsed:UNKNOWN>METARELOP MathParser failed to match rule 'Anything'
	at 0302165.tex; line 401 col 0 - line 401 col 1
	In "$\displaystyle A:\qquad z(u+2\pi i)=z(u)\ ;\qquad\qquad\ G(z(u+2\pi i))=G(z(u)%
	)\ ,\@@ENDINLINEMATH"
	A[[UNKNOWN]]
	        > :[[METARELOP]] $\displaystyleA:\qquadz(u+2\pii)=z(u)\ ;\qquad\qquad\ G(z(u+2\pii))=G(z(u))\ ,\@@ENDINLINEMATH[[PUNCT]] z[[UNKNOWN]] ([[OPEN]] u[[UNKNOWN]] +[[ADDOP]] 2[[NUMBER]] π[[UNKNOWN]] i[[UNKNOWN]] )[[CLOSE]] =[[RELOP]] z[[UNKNOWN]] ([[OPEN]] u[[UNKNOWN]] )[[CLOSE]] ;[[PUNCT]] G[[UNKNOWN]] ([[OPEN]] z[[UNKNOWN]] ([[OPEN]] u[[UNKNOWN]] +[[ADDOP]] 2[[NUMBER]] π[[UNKNOWN]] i[[UNKNOWN]] )[[CLOSE]] )[[CLOSE]] =[[RELOP]] G[[UNKNOWN]] ([[OPEN]] z[[UNKNOWN]] ([[OPEN]] u[[UNKNOWN]] )[[CLOSE]] )[[CLOSE]]
Warning:not_parsed:UNKNOWN>METARELOP MathParser failed to match rule 'Anything'
	at 0302165.tex; line 401 col 0 - line 401 col 1
	In "$\displaystyle A:\qquad z(u+2\pi i)=z(u)\ ;\qquad\qquad\ G(z(u+2\pi i))=G(z(u)%
	)\ ,$"
	A[[UNKNOWN]]
	        > :[[METARELOP]] $\displaystyleA:\qquadz(u+2\pii)=z(u)\ ;\qquad\qquad\ G(z(u+2\pii))=G(z(u))\ ,$[[PUNCT]] z[[UNKNOWN]] ([[OPEN]] u[[UNKNOWN]] +[[ADDOP]] 2[[NUMBER]] π[[UNKNOWN]] i[[UNKNOWN]] )[[CLOSE]] =[[RELOP]] z[[UNKNOWN]] ([[OPEN]] u[[UNKNOWN]] )[[CLOSE]] ;[[PUNCT]] G[[UNKNOWN]] ([[OPEN]] z[[UNKNOWN]] ([[OPEN]] u[[UNKNOWN]] +[[ADDOP]] 2[[NUMBER]] π[[UNKNOWN]] i[[UNKNOWN]] )[[CLOSE]] )[[CLOSE]] =[[RELOP]] G[[UNKNOWN]] ([[OPEN]] z[[UNKNOWN]] ([[OPEN]] u[[UNKNOWN]] )[[CLOSE]] )[[CLOSE]]
Warning:not_parsed:UNKNOWN>METARELOP MathParser failed to match rule 'Anything'
	at 0302165.tex; line 401 col 0 - line 401 col 1
	In "$\displaystyle B:\qquad z(u+2\pi i{\tilde{\tau}})=z(u)+i\beta m\ ;\qquad G(z(u%
	+2\pi i{\tilde{\tau}}))=G(z(u))\ .\@@ENDINLINEMATH"
	B[[UNKNOWN]]
	        > :[[METARELOP]] $\displaystyleB:\qquadz(u+2\pii{\tilde{\tau}})=z(u)+i\betam\ ;\qquadG(z(u+2\pii{\tilde{\tau}}))=G(z(u))\ .\@@ENDINLINEMATH[[PUNCT]] z[[UNKNOWN]] ([[OPEN]] u[[UNKNOWN]] +[[ADDOP]] 2[[NUMBER]] π[[UNKNOWN]] i[[UNKNOWN]] \tilde{\tau}[[UNKNOWN]] )[[CLOSE]] =[[RELOP]] z[[UNKNOWN]] ([[OPEN]] u[[UNKNOWN]] )[[CLOSE]] +[[ADDOP]] i[[UNKNOWN]] β[[UNKNOWN]] m[[UNKNOWN]] ;[[PUNCT]] G[[UNKNOWN]] ([[OPEN]] z[[UNKNOWN]] ([[OPEN]] u[[UNKNOWN]] +[[ADDOP]] 2[[NUMBER]] π[[UNKNOWN]] i[[UNKNOWN]] \tilde{\tau}[[UNKNOWN]] )[[CLOSE]] )[[CLOSE]] =[[RELOP]] G[[UNKNOWN]] ([[OPEN]] z[[UNKNOWN]] ([[OPEN]] u[[UNKNOWN]] )[[CLOSE]] )[[CLOSE]]
Warning:not_parsed:UNKNOWN>METARELOP MathParser failed to match rule 'Anything'
	at 0302165.tex; line 401 col 0 - line 401 col 1
	In "$\displaystyle B:\qquad z(u+2\pi i{\tilde{\tau}})=z(u)+i\beta m\ ;\qquad G(z(u%
	+2\pi i{\tilde{\tau}}))=G(z(u))\ .$"
	B[[UNKNOWN]]
	        > :[[METARELOP]] $\displaystyleB:\qquadz(u+2\pii{\tilde{\tau}})=z(u)+i\betam\ ;\qquadG(z(u+2\pii{\tilde{\tau}}))=G(z(u))\ .$[[PUNCT]] z[[UNKNOWN]] ([[OPEN]] u[[UNKNOWN]] +[[ADDOP]] 2[[NUMBER]] π[[UNKNOWN]] i[[UNKNOWN]] \tilde{\tau}[[UNKNOWN]] )[[CLOSE]] =[[RELOP]] z[[UNKNOWN]] ([[OPEN]] u[[UNKNOWN]] )[[CLOSE]] +[[ADDOP]] i[[UNKNOWN]] β[[UNKNOWN]] m[[UNKNOWN]] ;[[PUNCT]] G[[UNKNOWN]] ([[OPEN]] z[[UNKNOWN]] ([[OPEN]] u[[UNKNOWN]] +[[ADDOP]] 2[[NUMBER]] π[[UNKNOWN]] i[[UNKNOWN]] \tilde{\tau}[[UNKNOWN]] )[[CLOSE]] )[[CLOSE]] =[[RELOP]] G[[UNKNOWN]] ([[OPEN]] z[[UNKNOWN]] ([[OPEN]] u[[UNKNOWN]] )[[CLOSE]] )[[CLOSE]]
 6.93 sec)
Math parsing succeeded:
   ltx:XMArg: 513/513
   ltx:XMath: 202/206
Symbols assumed as simple identifiers (with # of occurences):
   'A{italic}' (8), 'B{italic}' (6), 'C{italic}' (2), 'D{italic}' (2), 'E{italic}' (9), 'F{caligraphic}' (4), 'G{italic}' (37), 'Im' (4), 'N{caligraphic}' (19), 'N{italic}' (24), 'O{caligraphic}' (1), 'Phi' (40), 'P{italic}' (3), 'Re' (4), 'S{italic}' (10), 'Tr' (3), 'U{italic}' (3), 'V{italic}' (1), 'W{italic}' (10), 'X{italic}' (9), 'Z{italic}' (3), 'a{italic}' (41), 'beta' (59), 'b{italic}' (3), 'c{italic}' (2), 'det' (3), 'd{italic}' (18), 'epsilon' (6), 'e{italic}' (4), 'g{italic}' (5), 'h{italic}' (5), 'i{italic}' (111), 'j{italic}' (1), 'mu' (13), 'm{italic}' (46), 'omega' (15), 'phi' (28), 'pi' (54), 'p{italic}' (6), 'rho' (5), 'tau' (50), 'theta' (41), 't{italic}' (7), 'u{italic}' (66), 'varphi' (2), 'v{italic}' (3), 'wp' (15), 'x{italic}' (4), 'zeta' (11), 'z{italic}' (79)
Set MATHPARSER_SPECULATE to speculate on possible notations.
(Finalizing... 0.72 sec)
Conversion complete 4 warnings (See /home/user/latex-in-arxiv/0302165.latexml.log) (reqd. 18.02s)
