latexml (LaTeXML version 0.8.6) processing 2003/0302199.tex
(Digesting TeX 0302199...
(Loading /usr/share/perl5/LaTeXML/Package/TeX.pool.ltxml...
(Loading /usr/share/perl5/LaTeXML/Package/eTeX.pool.ltxml... 0.01 sec)
(Loading /usr/share/perl5/LaTeXML/Package/pdfTeX.pool.ltxml... 0.01 sec) 0.19 sec)
(Processing content /home/user/latex-in-arxiv/2003/0302199.tex...
(Loading /usr/share/perl5/LaTeXML/Package/LaTeX.pool.ltxml...
(Loading /usr/share/perl5/LaTeXML/Package/textcomp.sty.ltxml...
(Processing definitions /usr/share/texlive/texmf-dist/tex/latex-dev/base/ts1enc.dfu... 0.03 sec) 1.62 sec) 1.89 sec)
(Loading /usr/share/perl5/LaTeXML/Package/article.cls.ltxml... 0.01 sec)
(Processing definitions /usr/share/texlive/texmf-dist/tex/plain/amsfonts/amssym.def...
(Loading /usr/share/perl5/LaTeXML/Package/amsa.fontmap.ltxml... 0.00 sec) 0.04 sec)
(Processing content /usr/share/texlive/texmf-dist/tex/plain/amsfonts/amssym.tex...
(Loading /usr/share/perl5/LaTeXML/Package/amsb.fontmap.ltxml... 0.00 sec) 0.23 sec)
Warning:unexpected:\end{document} Attempt to end document with open groups, environments or conditionals
	at 0302199.tex; line 588 col 0 - line 588 col 14
	Group opened by { 0302199.tex; line 243 col 25 - line 243 col 25
	In Core::Definition::Constructor[\end{do... /usr/share/perl5/LaTeXML/Package/LaTeX.pool.ltxml; line 395
 5.06 sec) 5.26 sec)
(Building...
(Loading compiled schema /usr/share/perl5/LaTeXML/resources/RelaxNG/LaTeXML.model... 0.01 sec) 2.72 sec)
(Rewriting... 0.05 sec)
(Math Parsing 102 formulae ......
Warning:not_parsed:>PUNCT MathParser failed to match rule 'Superscript'
	at 0302199.tex; line 237 col 44 - line 237 col 44
	In "\begin{equation}(\rho+P)\bigl{(}{\dot{U}}^{\nu}+{P^{;\nu}\over\rho+P}\bigr{)}=%
	\bigl{(}hU^{\mu}\bigr{)}_{;\mu}U^{\nu}-C^{\nu}\nabla^{2}C,\end{equation}"
	> ;[[PUNCT]] ν[[UNKNOWN]]
Warning:not_parsed:>PUNCT MathParser failed to match rule 'Subscript'
	at 0302199.tex; line 239 col 31 - line 239 col 31
	> ;[[PUNCT]] μ[[UNKNOWN]]
Warning:not_parsed:>PUNCT MathParser failed to match rule 'Subscript'
	at 0302199.tex; line 245 col 36 - line 245 col 36
	In "\begin{equation}a\nabla^{2}C=(hU)^{\mu}_{;\mu}.\end{equation}"
	> ;[[PUNCT]] μ[[UNKNOWN]]
Warning:not_parsed:>PUNCT MathParser failed to match rule 'Subscript'
	at 0302199.tex; line 256 col 12 - line 256 col 12
	In "\begin{equation}(\rho+P)\bigl{(}{\dot{U}}^{\nu}+h^{\nu\mu}{P_{;\mu}\over\rho+P%
	}\bigr{)}=T\bigl{(}sU^{\mu}\bigr{)}_{;\mu}U^{\nu}-C^{\nu}\nabla^{2}C,\end{equation}"
	> ;[[PUNCT]] μ[[UNKNOWN]]
Warning:not_parsed:>PUNCT MathParser failed to match rule 'Subscript'
	at 0302199.tex; line 258 col 32 - line 258 col 32
	> ;[[PUNCT]] μ[[UNKNOWN]]
Warning:not_parsed:>OPEN MathParser failed to match rule 'Anything'
	at 0302199.tex; line 436 col 52 - line 436 col 59
	In "$(-++++)$"
	> ([[OPEN]] -[[ADDOP]] +[[ADDOP]] +[[ADDOP]] +[[ADDOP]] +[[ADDOP]] )[[CLOSE]]
 2.78 sec)
Math parsing succeeded:
   ltx:XMArg: 185/190
   ltx:XMath: 101/102
Symbols assumed as simple identifiers (with # of occurences):
   'A{italic}' (1), 'C{italic}' (28), 'E{italic}' (3), 'G{italic}' (9), 'H{italic}' (2), 'Lambda' (2), 'L{caligraphic}' (1), 'L{italic}' (19), 'M{italic}' (2), 'N{italic}' (1), 'O{italic}' (4), 'P{italic}' (16), 'R{italic}' (9), 'S{italic}' (9), 'Tr' (3), 'T{italic}' (7), 'U{italic}' (23), 'V{italic}' (10), 'alpha' (8), 'a{italic}' (5), 'beta' (8), 'b{italic}' (1), 'constant' (1), 'delta' (1), 'diag' (1), 'd{italic}' (23), 'eta' (2), 'e{italic}' (2), 'gamma' (4), 'g{italic}' (29), 'h{italic}' (5), 'i{italic}' (5), 'j{italic}' (4), 'kappa' (3), 'k{italic}' (2), 'l{italic}' (1), 'mu' (31), 'm{italic}' (2), 'nu' (25), 'phi' (2), 'pi' (5), 'rho' (11), 'r{italic}' (5), 's{italic}' (5), 'tau' (1), 't{italic}' (15), 'x{bold}' (15), 'x{italic}' (15), 'y{italic}' (13), 'z{italic}' (2)
Set MATHPARSER_SPECULATE to speculate on possible notations.
(Finalizing... 0.32 sec)
Conversion complete 7 warnings (See /home/user/latex-in-arxiv/0302199.latexml.log) (reqd. 11.54s)
