latexml (LaTeXML version 0.8.6) processing 2003/0302047.tex
(Digesting TeX 0302047...
(Loading /usr/share/perl5/LaTeXML/Package/TeX.pool.ltxml...
(Loading /usr/share/perl5/LaTeXML/Package/eTeX.pool.ltxml... 0.00 sec)
(Loading /usr/share/perl5/LaTeXML/Package/pdfTeX.pool.ltxml... 0.01 sec) 0.11 sec)
(Processing content /home/user/latex-in-arxiv/2003/0302047.tex...
(Loading /usr/share/perl5/LaTeXML/Package/LaTeX.pool.ltxml...
(Loading /usr/share/perl5/LaTeXML/Package/textcomp.sty.ltxml...
(Processing definitions /usr/share/texlive/texmf-dist/tex/latex-dev/base/ts1enc.dfu... 0.02 sec) 0.89 sec) 1.05 sec)
(Loading /usr/share/perl5/LaTeXML/Package/article.cls.ltxml... 0.01 sec)
(Loading /usr/share/perl5/LaTeXML/Package/amssymb.sty.ltxml...
(Loading /usr/share/perl5/LaTeXML/Package/amsfonts.sty.ltxml... 0.00 sec) 0.01 sec) 3.23 sec) 3.36 sec)
(Building...
(Loading compiled schema /usr/share/perl5/LaTeXML/resources/RelaxNG/LaTeXML.model... 0.01 sec) 2.49 sec)
(Rewriting... 0.06 sec)
(Math Parsing 209 formulae ......
Warning:not_parsed:POSTSUPERSCRIPT.MULOP.UNKNOWN>PUNCT MathParser failed to match rule 'Anything'
	at 0302047.tex; line 190 col 0 - line 193 col 3
	In "\begin{equation}\Gamma^{\mu}=\hat{\gamma}^{\mu}\otimes{\mathbb{I}}\qquad,%
	\qquad\Gamma^{m+3}=\hat{\gamma}^{5}\otimes\gamma^{m}\end{equation}"
	Γ[[UNKNOWN]] ^{\mu}[[POSTSUPERSCRIPT]] =[[RELOP]] \hat{\gamma}[[UNKNOWN]] ^{\mu}[[POSTSUPERSCRIPT]] ⊗[[MULOP]] I[[UNKNOWN]]
	        > \begin{equation}\Gamma^{\mu}=\hat{\gamma}^{\mu}\otimes{\mathbb{I}}\qquad,\qquad\Gamma^{m+3}=\hat{\gamma}^{5}\otimes\gamma^{m}\end{equation}[[PUNCT]] ,[[PUNCT]] Γ[[UNKNOWN]] ^{m+3}[[POSTSUPERSCRIPT]] =[[RELOP]] \hat{\gamma}[[UNKNOWN]] ^{5}[[POSTSUPERSCRIPT]] ⊗[[MULOP]] γ[[UNKNOWN]] ^{m}[[POSTSUPERSCRIPT]]
Warning:not_parsed:ATOM.POSTSUPERSCRIPT.ATOM>FLOATSUPERSCRIPT MathParser failed to match rule 'Anything'
	at 0302047.tex; line 198 col 0 - line 202 col 3
	In "\begin{equation}\hat{\gamma}^{5}=i\hat{\gamma}^{0}\hat{\gamma}^{1}\hat{\gamma}%
	^{2}\hat{\gamma}{}^{3}\ ,\quad\gamma^{1}\gamma^{2}\gamma^{3}\gamma^{4}\gamma^{%
	5}\gamma^{6}\gamma^{7}=-i\end{equation}"
	\hat{\gamma}[[UNKNOWN]] ^{5}[[POSTSUPERSCRIPT]] =[[RELOP]] i[[UNKNOWN]] \hat{\gamma}[[UNKNOWN]] ^{0}[[POSTSUPERSCRIPT]] \hat{\gamma}[[UNKNOWN]] ^{1}[[POSTSUPERSCRIPT]] \hat{\gamma}[[UNKNOWN]] ^{2}[[POSTSUPERSCRIPT]] \hat{\gamma}[[UNKNOWN]]
	        > {}^{3}[[FLOATSUPERSCRIPT]] ,[[PUNCT]] γ[[UNKNOWN]] ^{1}[[POSTSUPERSCRIPT]] γ[[UNKNOWN]] ^{2}[[POSTSUPERSCRIPT]] γ[[UNKNOWN]] ^{3}[[POSTSUPERSCRIPT]] γ[[UNKNOWN]] ^{4}[[POSTSUPERSCRIPT]] γ[[UNKNOWN]] ^{5}[[POSTSUPERSCRIPT]] γ[[UNKNOWN]] ^{6}[[POSTSUPERSCRIPT]] γ[[UNKNOWN]] ^{7}[[POSTSUPERSCRIPT]] =[[RELOP]] -[[ADDOP]] i[[UNKNOWN]]
Warning:not_parsed:OPEN.UNKNOWN> MathParser failed to match rule 'Superscript'
	at 0302047.tex; line 208 col 32 - line 208 col 32
	In "\begin{equation}{i\over 3!}\epsilon^{mnpqabc}\gamma_{abc}=\gamma^{mnpq}\equiv%
	\gamma^{[m}\gamma^{n}\gamma^{p}\gamma^{q]}\ .\end{equation}"
	[[[OPEN]] m[[UNKNOWN]]
	        > 
Warning:not_parsed:UNKNOWN>CLOSE MathParser failed to match rule 'Superscript'
	at 0302047.tex; line 208 col 62 - line 208 col 62
	q[[UNKNOWN]]
	        > ][[CLOSE]]
Warning:not_parsed:OPEN.UNKNOWN> MathParser failed to match rule 'Subscript'
	at 0302047.tex; line 281 col 37 - line 281 col 37
	In "$\mathbb{I}^{pq}_{\ \ mn}=\delta_{[m}^{p}\delta_{n]}^{q}$"
	[[[OPEN]] m[[UNKNOWN]]
	        > 
Warning:not_parsed:UNKNOWN>CLOSE MathParser failed to match rule 'Subscript'
	at 0302047.tex; line 281 col 51 - line 281 col 51
	n[[UNKNOWN]]
	        > ][[CLOSE]]
Warning:not_parsed:OPEN.UNKNOWN> MathParser failed to match rule 'Superscript'
	at 0302047.tex; line 307 col 43 - line 307 col 43
	In "\begin{equation}\psi_{mnpq}\varphi^{qkl}=-6\varphi^{[k}_{\ [mn}\,\delta^{\ l]}%
	_{p]}\ ,\qquad\varphi_{kmn}\varphi^{mnl}=6\delta_{k}^{\ l}\ .\end{equation}"
	[[[OPEN]] k[[UNKNOWN]]
	        > 
Warning:not_parsed:OPEN.UNKNOWN.UNKNOWN> MathParser failed to match rule 'Subscript'
	at 0302047.tex; line 307 col 51 - line 307 col 51
	[[[OPEN]] m[[UNKNOWN]] n[[UNKNOWN]]
	        > 
Warning:not_parsed:UNKNOWN>CLOSE MathParser failed to match rule 'Superscript'
	at 0302047.tex; line 307 col 67 - line 307 col 67
	l[[UNKNOWN]]
	        > ][[CLOSE]]
Warning:not_parsed:UNKNOWN>CLOSE MathParser failed to match rule 'Subscript'
	at 0302047.tex; line 307 col 0 - line 307 col 72
	p[[UNKNOWN]]
	        > ][[CLOSE]]
Warning:not_parsed:OPEN.UNKNOWN.POSTSUBSCRIPT> MathParser failed to match rule 'Subscript'
	at 0302047.tex; line 438 col 0 - line 438 col 56
	In "\begin{equation}\gamma^{a}\gamma_{b_{1}\cdots b_{n}}=n\,\delta^{a}_{\ [b_{1}}%
	\gamma_{b_{2}\cdots b_{n}]}+\gamma^{a}_{\ b_{1}\cdots b_{n}}\ .\end{equation}"
	[[[OPEN]] b[[UNKNOWN]] _{1}[[POSTSUBSCRIPT]]
	        > 
Warning:not_parsed:ID.UNKNOWN.POSTSUBSCRIPT>CLOSE MathParser failed to match rule 'Subscript'
	at 0302047.tex; line 439 col 26 - line 439 col 26
	b[[UNKNOWN]] _{2}[[POSTSUBSCRIPT]] ⋯[[ID]] b[[UNKNOWN]] _{n}[[POSTSUBSCRIPT]]
	        > ][[CLOSE]]
Warning:not_parsed:RELOP.ADDOP.UNKNOWN>PUNCT MathParser failed to match rule 'Anything'
	at 0302047.tex; line 488 col 0 - line 490 col 3
	In "\begin{equation}A=-B\quad,\qquad\eta=e^{A\over 2}\hat{\eta}\end{equation}"
	A[[UNKNOWN]] =[[RELOP]] -[[ADDOP]] B[[UNKNOWN]]
	        > \begin{equation}A=-B\quad,\qquad\eta=e^{A\over2}\hat{\eta}\end{equation}[[PUNCT]] ,[[PUNCT]] η[[UNKNOWN]] =[[RELOP]] e[[UNKNOWN]] ^{A\over2}[[POSTSUPERSCRIPT]] \hat{\eta}[[UNKNOWN]]
Warning:not_parsed:OPEN.UNKNOWN> MathParser failed to match rule 'Subscript'
	at 0302047.tex; line 680 col 47 - line 680 col 47
	In "$\partial_{[p}\Omega_{mn]}=-F_{mnpq}V^{q}$"
	[[[OPEN]] p[[UNKNOWN]]
	        > 
Warning:not_parsed:UNKNOWN.UNKNOWN>CLOSE MathParser failed to match rule 'Subscript'
	at 0302047.tex; line 680 col 60 - line 680 col 60
	m[[UNKNOWN]] n[[UNKNOWN]]
	        > ][[CLOSE]]
 3.21 sec)
Math parsing succeeded:
   ltx:XMArg: 542/554
   ltx:XMath: 206/209
Symbols assumed as simple identifiers (with # of occurences):
   'A{italic}' (22), 'B{italic}' (23), 'C{blackboard}' (2), 'F{italic}' (28), 'Gamma' (10), 'G{italic}' (27), 'H{italic}' (1), 'I{blackboard}' (31), 'N{italic}' (2), 'Omega' (8), 'O{italic}' (4), 'Psi' (5), 'P{blackboard}' (14), 'P{italic}' (3), 'Q{italic}' (3), 'R{blackboard}' (8), 'R{italic}' (5), 'S{blackboard}' (1), 'S{italic}' (20), 'U{italic}' (15), 'V{italic}' (2), 'X{blackboard}' (7), 'Y{blackboard}' (2), 'a{italic}' (17), 'b{italic}' (17), 'c{italic}' (40), 'delta' (11), 'diag' (1), 'd{italic}' (10), 'epsilon' (12), 'eta' (20), 'e{italic}' (42), 'gamma' (61), 'h{italic}' (14), 'i{italic}' (17), 'j{italic}' (1), 'k{italic}' (10), 'lambda' (2), 'l{italic}' (12), 'mu' (4), 'm{italic}' (71), 'nu' (3), 'n{italic}' (79), 'omega' (6), 'psi' (8), 'p{italic}' (54), 'q{italic}' (46), 'rho' (2), 'r{italic}' (7), 's{italic}' (1), 'theta' (28), 'varphi' (15), 'xi' (2), 'x{italic}' (2), 'y{italic}' (8)
Set MATHPARSER_SPECULATE to speculate on possible notations.
(Finalizing... 0.34 sec)
Conversion complete 15 warnings (See /home/user/latex-in-arxiv/0302047.latexml.log) (reqd. 9.77s)
