latexml (LaTeXML version 0.8.6) processing 2003/0302187_cleaned.tex
(Digesting TeX 0302187_cleaned...
(Loading /usr/share/perl5/LaTeXML/Package/TeX.pool.ltxml...
(Loading /usr/share/perl5/LaTeXML/Package/eTeX.pool.ltxml... 0.00 sec)
(Loading /usr/share/perl5/LaTeXML/Package/pdfTeX.pool.ltxml... 0.01 sec) 0.14 sec)
(Processing content /home/user/latex-in-arxiv/2003/0302187_cleaned.tex...
(Loading /usr/share/perl5/LaTeXML/Package/LaTeX.pool.ltxml...
(Loading /usr/share/perl5/LaTeXML/Package/textcomp.sty.ltxml...
(Processing definitions /usr/share/texlive/texmf-dist/tex/latex-dev/base/ts1enc.dfu... 0.02 sec) 0.96 sec) 1.15 sec)
(Loading /usr/share/perl5/LaTeXML/Package/article.cls.ltxml... 0.01 sec)
(Loading /usr/share/perl5/LaTeXML/Package/amsfonts.sty.ltxml... 0.00 sec)
(Loading /usr/share/perl5/LaTeXML/Package/amssymb.sty.ltxml... 0.02 sec)
(Loading /usr/share/perl5/LaTeXML/Package/amsbsy.sty.ltxml...
(Loading /usr/share/perl5/LaTeXML/Package/amsgen.sty.ltxml... 0.00 sec) 0.01 sec)
(Loading /usr/share/perl5/LaTeXML/Package/epsf.sty.ltxml... 0.01 sec)
Error:expected:} Gullet->readBalanced ran out of input in an unbalanced state.
	at 0302187_cleaned.tex; line 2151 col 0 - line 2151 col 0
	Ended at 0302187_cleaned.tex; line 2151 col 0 - line 2151 col 0
	Input is empty
	In Core::Gullet[@0x5600586bd078] /home/user/latex-in-arxiv/2003/0302187_cleaned.tex; from line 2152 col 0 to line 2152 col 0
	 <= Core::Definition::Primitive[\newcomma... <= Core::Stomach[@0x5600586bd510] <= ...
Info:ignore:\} Ignoring redefinition (\newcommand) of '\}'
	at 0302187_cleaned.tex; line 2152 col 0 - line 2152 col 0
Error:expected:} Gullet->readBalanced ran out of input in an unbalanced state.
	at 0302187_cleaned.tex; line 2153 col 0 - line 2153 col 0
	Ended at 0302187_cleaned.tex; line 2153 col 0 - line 2153 col 0
	Input is empty
	In Core::Gullet[@0x5600586bd078] /home/user/latex-in-arxiv/2003/0302187_cleaned.tex; from line 2154 col 0 to line 2154 col 0
	 <= Core::Definition::Primitive[\newcomma... <= Core::Stomach[@0x5600586bd510] <= ...
Info:ignore:\} Ignoring redefinition (\newcommand) of '\}'
	at 0302187_cleaned.tex; line 2154 col 0 - line 2154 col 0
Error:expected:} Gullet->readBalanced ran out of input in an unbalanced state.
	at 0302187_cleaned.tex; line 2155 col 0 - line 2155 col 0
	Ended at 0302187_cleaned.tex; line 2155 col 0 - line 2155 col 0
	Input is empty
	In Core::Gullet[@0x5600586bd078] /home/user/latex-in-arxiv/2003/0302187_cleaned.tex; from line 2156 col 0 to line 2156 col 0
	 <= Core::Definition::Primitive[\newcomma... <= Core::Stomach[@0x5600586bd510] <= ...
Info:ignore:\} Ignoring redefinition (\newcommand) of '\}'
	at 0302187_cleaned.tex; line 2156 col 0 - line 2156 col 0
Error:expected:} Gullet->readBalanced ran out of input in an unbalanced state.
	at 0302187_cleaned.tex; line 2157 col 0 - line 2157 col 0
	Ended at 0302187_cleaned.tex; line 2157 col 0 - line 2157 col 0
	Input is empty
	In Core::Gullet[@0x5600586bd078] /home/user/latex-in-arxiv/2003/0302187_cleaned.tex; from line 2158 col 0 to line 2158 col 0
	 <= Core::Definition::Primitive[\newcomma... <= Core::Stomach[@0x5600586bd510] <= ...
Info:ignore:\} Ignoring redefinition (\newcommand) of '\}'
	at 0302187_cleaned.tex; line 2158 col 0 - line 2158 col 0
Info:unexpected:titlepage When using titlepage, Frontmatter will not be well-structured
	at 0302187_cleaned.tex; line 2158 col 0 - line 2158 col 0
 10.93 sec) 11.13 sec)
(Building...
(Loading compiled schema /usr/share/perl5/LaTeXML/resources/RelaxNG/LaTeXML.model... 0.01 sec) 11.13 sec)
(Rewriting... 0.43 sec)
(Math Parsing 1166 formulae ......
Warning:not_parsed:UNKNOWN.PUNCT.UNKNOWN>PUNCT MathParser failed to match rule 'Anything'
	at 0302187_cleaned.tex; line 2158 col 0 - line 2158 col 0
	In "$a,b,=1,\ldots,d$"
	a[[UNKNOWN]] ,[[PUNCT]] b[[UNKNOWN]]
	        > ,[[PUNCT]] =[[RELOP]] 1[[NUMBER]] ,[[PUNCT]] \ldots[[ID]] ,[[PUNCT]] d[[UNKNOWN]]
Warning:not_parsed:POSTSUPERSCRIPT.UNKNOWN.POSTSUBSCRIPT>RELOP MathParser failed to match rule 'Anything'
	at 0302187_cleaned.tex; line 2158 col 0 - line 2158 col 0
	In "\begin{equation}\delta_{X(\varepsilon)}S=\int\!{\rm d}t{\rm d}r\>\frac{1}{4}{%
	\cal M}r^{2}\,J_{0}\,\stackrel{{\scriptstyle...}}{{\varepsilon}}\;\;,\;\;%
	\delta_{Y(\varepsilon)}S=-\int\!{\rm d}t{\rm d}r\>{\cal M}r\,J_{0}\,\ddot{%
	\varepsilon}\end{equation}"
	δ[[UNKNOWN]] _{X(\varepsilon)}[[POSTSUBSCRIPT]] S[[UNKNOWN]] =[[RELOP]] ∫[[INTOP]] d[[UNKNOWN]] t[[UNKNOWN]] d[[UNKNOWN]] r[[UNKNOWN]] \frac{1}{4}[[UNKNOWN]] M[[UNKNOWN]] r[[UNKNOWN]] ^{2}[[POSTSUPERSCRIPT]] J[[UNKNOWN]] _{0}[[POSTSUBSCRIPT]]
	        > \stackrel{{\scriptstyle...}}{{\varepsilon}}[[RELOP]] ,[[PUNCT]] δ[[UNKNOWN]] _{Y(\varepsilon)}[[POSTSUBSCRIPT]] S[[UNKNOWN]] =[[RELOP]] -[[ADDOP]] ∫[[INTOP]] d[[UNKNOWN]] t[[UNKNOWN]] d[[UNKNOWN]] r[[UNKNOWN]] M[[UNKNOWN]] r[[UNKNOWN]] J[[UNKNOWN]] _{0}[[POSTSUBSCRIPT]] \ddot{\varepsilon}[[UNKNOWN]]
Warning:not_parsed:UNKNOWN.POSTSUBSCRIPT.POSTSUPERSCRIPT>RELOP MathParser failed to match rule 'Anything'
	at 0302187_cleaned.tex; line 2158 col 0 - line 2158 col 0
	In "\begin{equation}\delta_{X(\varepsilon)}S=\frac{{\rm i}}{4}\int\!{\rm d}\zeta{%
	\rm d}t{\rm d}r\>r^{2}\,T_{0}^{-1}\,\stackrel{{\scriptstyle...}}{{\varepsilon}%
	}\;\;,\;\;\delta_{Y(\varepsilon)}S={{\rm i}}\int\!{\rm d}\zeta{\rm d}t{\rm d}r%
	\>r\,T_{0}^{-1}\,\ddot{\varepsilon}\end{equation}"
	δ[[UNKNOWN]] _{X(\varepsilon)}[[POSTSUBSCRIPT]] S[[UNKNOWN]] =[[RELOP]] \frac{{\rmi}}{4}[[UNKNOWN]] ∫[[INTOP]] d[[UNKNOWN]] ζ[[UNKNOWN]] d[[UNKNOWN]] t[[UNKNOWN]] d[[UNKNOWN]] r[[UNKNOWN]] r[[UNKNOWN]] ^{2}[[POSTSUPERSCRIPT]] T[[UNKNOWN]] _{0}[[POSTSUBSCRIPT]] ^{-1}[[POSTSUPERSCRIPT]]
	        > \stackrel{{\scriptstyle...}}{{\varepsilon}}[[RELOP]] ,[[PUNCT]] δ[[UNKNOWN]] _{Y(\varepsilon)}[[POSTSUBSCRIPT]] S[[UNKNOWN]] =[[RELOP]] i[[UNKNOWN]] ∫[[INTOP]] d[[UNKNOWN]] ζ[[UNKNOWN]] d[[UNKNOWN]] t[[UNKNOWN]] d[[UNKNOWN]] r[[UNKNOWN]] r[[UNKNOWN]] T[[UNKNOWN]] _{0}[[POSTSUBSCRIPT]] ^{-1}[[POSTSUPERSCRIPT]] \ddot{\varepsilon}[[UNKNOWN]]
Warning:not_parsed:CLOSE.RELOP.NUMBER>CLOSE MathParser failed to match rule 'Anything'
	at 0302187_cleaned.tex; line 2158 col 0 - line 2158 col 0
	In "$\displaystyle{\mathfrak{m}}_{{\mathfrak{s}}}=\{X\in{\mathfrak{g}}\ |\ [X,{%
	\mathfrak{h}}_{{\mathfrak{s}}}]=0\}={\mathfrak{h}}\oplus{\mathfrak{g}}_{-e_{2}%
	}\oplus{\mathfrak{g}}_{e_{2}}={\mathfrak{h}}\oplus\mathbb{C}Y_{-{1\over 2}}%
	\oplus\mathbb{C}V_{+}.\@@ENDINLINEMATH"
	m[[UNKNOWN]] _{{\mathfrak{s}}}[[POSTSUBSCRIPT]] =[[RELOP]] {[[UNKNOWN]] X[[UNKNOWN]] ∈[[RELOP]] g[[UNKNOWN]] |[[VERTBAR]] [[[OPEN]] X[[UNKNOWN]] ,[[PUNCT]] h[[UNKNOWN]] _{{\mathfrak{s}}}[[POSTSUBSCRIPT]] ][[CLOSE]] =[[RELOP]] 0[[NUMBER]]
	        > \}[[CLOSE]] =[[RELOP]] h[[UNKNOWN]] ⊕[[ADDOP]] g[[UNKNOWN]] _{-e_{2}}[[POSTSUBSCRIPT]] ⊕[[ADDOP]] g[[UNKNOWN]] _{e_{2}}[[POSTSUBSCRIPT]] =[[RELOP]] h[[UNKNOWN]] ⊕[[ADDOP]] C[[UNKNOWN]] Y[[UNKNOWN]] _{-{1\over2}}[[POSTSUBSCRIPT]] ⊕[[ADDOP]] C[[UNKNOWN]] V[[UNKNOWN]] _{+}[[POSTSUBSCRIPT]]
Warning:not_parsed:CLOSE.RELOP.NUMBER>CLOSE MathParser failed to match rule 'Anything'
	at 0302187_cleaned.tex; line 2158 col 0 - line 2158 col 0
	In "$\displaystyle\{X\in{\mathfrak{g}}\ |\ [X,{\mathfrak{h}}_{{\mathfrak{s}}}]=0\}%
	={\mathfrak{h}}\oplus{\mathfrak{g}}_{-e_{2}}\oplus{\mathfrak{g}}_{e_{2}}$"
	{[[UNKNOWN]] X[[UNKNOWN]] ∈[[RELOP]] g[[UNKNOWN]] |[[VERTBAR]] [[[OPEN]] X[[UNKNOWN]] ,[[PUNCT]] h[[UNKNOWN]] _{{\mathfrak{s}}}[[POSTSUBSCRIPT]] ][[CLOSE]] =[[RELOP]] 0[[NUMBER]]
	        > \}[[CLOSE]] =[[RELOP]] h[[UNKNOWN]] ⊕[[ADDOP]] g[[UNKNOWN]] _{-e_{2}}[[POSTSUBSCRIPT]] ⊕[[ADDOP]] g[[UNKNOWN]] _{e_{2}}[[POSTSUBSCRIPT]]
 31.67 sec)
Math parsing succeeded:
   ltx:XMath: 1164/1169
   ltx:XMArg: 3321/3321
Symbols assumed as simple identifiers (with # of occurences):
   'B{italic}' (15), 'C{blackboard}' (29), 'C{caligraphic}' (3), 'C{italic}' (4), 'Delta' (15), 'D{italic}' (26), 'E{italic}' (1), 'F{italic}' (32), 'H{italic}' (4), 'I{italic}' (16), 'J{caligraphic}' (5), 'J{italic}' (27), 'K{italic}' (17), 'L{caligraphic}' (12), 'M{caligraphic}' (147), 'M{italic}' (70), 'N{italic}' (32), 'O' (8), 'Phi' (4), 'Pi' (14), 'Psi' (28), 'P{italic}' (17), 'R{blackboard}' (22), 'R{caligraphic}' (1), 'R{italic}' (23), 'S{caligraphic}' (31), 'S{italic}' (54), 'Theta' (11), 'T{italic}' (100), 'U{italic}' (6), 'V{italic}' (35), 'W{italic}' (7), 'X{italic}' (118), 'Y{italic}' (76), 'Z{blackboard}' (4), 'Z{italic}' (9), 'alpha' (50), 'a{bold italic}' (1), 'a{fraktur}' (35), 'a{italic}' (36), 'beta' (23), 'b{italic}' (22), 'chi' (6), 'c{fraktur}' (86), 'c{italic}' (44), 'd' (119), 'delta' (81), 'd{italic}' (46), 'ell' (3), 'eta' (14), 'e{fraktur}' (19), 'e{italic}' (106), 'f{fraktur}' (44), 'f{italic}' (3), 'gamma' (8), 'g{fraktur}' (45), 'g{italic}' (2), 'h{fraktur}' (72), 'h{italic}' (4), 'i' (156), 'i{italic}' (15), 'j{italic}' (8), 'lambda' (11), 'l{fraktur}' (19), 'mu' (35), 'm{fraktur}' (16), 'm{italic}' (36), 'nu' (23), 'n{fraktur}' (55), 'n{italic}' (78), 'o{fraktur}' (48), 'phi' (213), 'pi' (16), 'psi' (165), 'rho' (7), 'r{bold italic}' (109), 'r{italic}' (248), 's{fraktur}' (55), 's{italic}' (23), 'theta' (12), 'tr' (2), 't{fraktur}' (16), 't{italic}' (505), 'u{italic}' (79), 'varepsilon' (45), 'varphi' (2), 'v{bold italic}' (1), 'v{italic}' (27), 'w{italic}' (8), 'xi' (57), 'x{italic}' (180), 'y{italic}' (9), 'zeta' (196), 'z{italic}' (10), '{' (4)
Set MATHPARSER_SPECULATE to speculate on possible notations.
(Finalizing... 2.48 sec)
Conversion complete 5 warnings; 4 errors (See /home/user/latex-in-arxiv/0302187_cleaned.latexml.log) (reqd. 58.20s)
