latexml (LaTeXML version 0.8.6) processing 2003/0302099.tex
(Digesting TeX 0302099...
(Loading /usr/share/perl5/LaTeXML/Package/TeX.pool.ltxml...
(Loading /usr/share/perl5/LaTeXML/Package/eTeX.pool.ltxml... 0.01 sec)
(Loading /usr/share/perl5/LaTeXML/Package/pdfTeX.pool.ltxml... 0.01 sec) 0.19 sec)
(Processing content /home/user/latex-in-arxiv/2003/0302099.tex...
(Loading /usr/share/perl5/LaTeXML/Package/LaTeX.pool.ltxml...
(Loading /usr/share/perl5/LaTeXML/Package/textcomp.sty.ltxml...
(Processing definitions /usr/share/texlive/texmf-dist/tex/latex-dev/base/ts1enc.dfu... 0.04 sec) 1.54 sec) 1.83 sec)
(Loading /usr/share/perl5/LaTeXML/Package/article.cls.ltxml... 0.02 sec)
(Loading /usr/share/perl5/LaTeXML/Package/amsmath.sty.ltxml...
(Loading /usr/share/perl5/LaTeXML/Package/amsbsy.sty.ltxml...
(Loading /usr/share/perl5/LaTeXML/Package/amsgen.sty.ltxml... 0.00 sec) 0.01 sec)
(Loading /usr/share/perl5/LaTeXML/Package/amstext.sty.ltxml... 0.01 sec)
(Loading /usr/share/perl5/LaTeXML/Package/amsopn.sty.ltxml... 0.01 sec) 0.07 sec)
(Loading /usr/share/perl5/LaTeXML/Package/amssymb.sty.ltxml...
(Loading /usr/share/perl5/LaTeXML/Package/amsfonts.sty.ltxml... 0.00 sec) 0.03 sec)
(Loading /usr/share/perl5/LaTeXML/Package/psfig.sty.ltxml...
(Loading /usr/share/perl5/LaTeXML/Package/epsfig.sty.ltxml...
(Loading /usr/share/perl5/LaTeXML/Package/graphicx.sty.ltxml...
(Loading /usr/share/perl5/LaTeXML/Package/graphics.sty.ltxml... 0.01 sec) 0.02 sec) 0.05 sec) 0.06 sec)
(Loading /usr/share/perl5/LaTeXML/Package/latexsym.sty.ltxml... 0.00 sec)
(Loading /usr/share/perl5/LaTeXML/Package/theorem.sty.ltxml...
(Loading /usr/share/perl5/LaTeXML/Package/amsthm.sty.ltxml... 0.01 sec) 0.02 sec)
Warning:missing_file:xy Can't find binding for package xy
	at 0302099.tex; line 8 col 11 - line 8 col 11
	Anticipate undefined macros or environments
	search paths are /home/user/latex-in-arxiv/2003, /home/user/latex-in-arxiv
	In Core::Definition::Constructor[\usepac... /usr/share/perl5/LaTeXML/Package/LaTeX.pool.ltxml; line 806
Info:dependencies:dependencies Loading dependencies for /usr/share/texlive/texmf-dist/tex/generic/xypic/xy.sty: ifpdf
	at 0302099.tex; line 8 col 11 - line 8 col 11
(Loading /usr/share/perl5/LaTeXML/Package/ifpdf.sty.ltxml... 0.00 sec)
Info:ignore:proof Ignoring redefinition (\newenvironment) of Environment 'proof'
	at 0302099.tex; line 35 col 0 - line 35 col 53
Error:undefined:\xymatrix The token T_CS[\xymatrix] is not defined.
	at 0302099.tex; line 1006 col 9 - line 1006 col 9
	Defining it now as <ltx:ERROR/>
	Next token is T_BEGIN[{] ( == T_BEGIN[{])
	In Core::Gullet[@0x5577abc68d08] /home/user/latex-in-arxiv/2003/0302099.tex; from line 1006 col 0 to line 1006 col 10
	 <= Core::Stomach[@0x5577abc692d8] <= Core::Definition::Constructor[\begin{... <= Core::Stomach[@0x5577abc692d8] <= ...
Error:undefined:\ar The token T_CS[\ar] is not defined.
	at 0302099.tex; line 1007 col 5 - line 1007 col 5
	Defining it now as <ltx:ERROR/>
	Next token is T_OTHER[@] ( == T_OTHER[@])
	In Core::Gullet[@0x5577abc68d08] /home/user/latex-in-arxiv/2003/0302099.tex; from line 1007 col 6 to line 1007 col 6
	 <= Core::Stomach[@0x5577abc692d8] <= Core::Definition::Primitive[Begin] <= Core::Stomach[@0x5577abc692d8] <= ...
Error:misdefined:& The token T_ALIGN[&] should never reach Stomach!
	at 0302099.tex; line 1007 col 0 - line 1007 col 43
	In Core::Stomach[@0x5577abc692d8] /home/user/latex-in-arxiv/2003/0302099.tex; from line 1007 col 0 to line 1007 col 43
	 <= Core::Definition::Primitive[Begin] <= Core::Stomach[@0x5577abc692d8] <= Core::Definition::Constructor[\begin{... <= ...
 8.56 sec) 8.85 sec)
(Building...
(Loading compiled schema /usr/share/perl5/LaTeXML/resources/RelaxNG/LaTeXML.model... 0.02 sec) 9.19 sec)
(Rewriting... 0.28 sec)
(Math Parsing 620 formulae ......
Warning:not_parsed:UNKNOWN.ATOM.UNKNOWN>FLOATSUPERSCRIPT MathParser failed to match rule 'Anything'
	at 0302099.tex; line 1005 col 0 - line 1011 col 17
	In "\begin{displaymath}\xymatrix{W\ar@{{}^{(}->}[r]^{k}\ar@{{}^{(}->}[d]^{l}&S\ar@%
	{{}^{(}->}[d]_{i}\\
	T\ar@{{}^{(}->}[r]^{j}X.}\end{displaymath}"
	\xymatrix[[UNKNOWN]] W[[UNKNOWN]] \ar[[UNKNOWN]] @[[UNKNOWN]]
	        > {}^{(}[[FLOATSUPERSCRIPT]] -[[ADDOP]] >[[RELOP]] [[[OPEN]] r[[UNKNOWN]] ][[CLOSE]] ^{k}[[POSTSUPERSCRIPT]] \ar[[UNKNOWN]] @[[UNKNOWN]] {}^{(}[[FLOATSUPERSCRIPT]] -[[ADDOP]] >[[RELOP]] [[[OPEN]] d[[UNKNOWN]] ][[CLOSE]] ^{l}[[POSTSUPERSCRIPT]] &[[UNKNOWN]] S[[UNKNOWN]] \ar[[UNKNOWN]] @[[UNKNOWN]] {}^{(}[[FLOATSUPERSCRIPT]] -[[ADDOP]] >[[RELOP]] [[[OPEN]] d[[UNKNOWN]] ][[CLOSE]] _{i}[[POSTSUBSCRIPT]] T[[UNKNOWN]] \ar[[UNKNOWN]] @[[UNKNOWN]] {}^{(}[[FLOATSUPERSCRIPT]] -[[ADDOP]] >[[RELOP]] [[[OPEN]] r[[UNKNOWN]] ][[CLOSE]] ^{j}[[POSTSUPERSCRIPT]] X[[UNKNOWN]]
 17.21 sec)
Math parsing succeeded:
   ltx:XMath: 619/620
   ltx:XMArg: 1116/1116
Symbols assumed as simple identifiers (with # of occurences):
   '&' (2), '@' (9), 'Alb' (1), 'A{italic}' (14), 'B{italic}' (13), 'C{bold}' (3), 'C{caligraphic}' (3), 'C{italic}' (10), 'D{bold}' (4), 'D{italic}' (13), 'E{caligraphic}' (94), 'E{italic}' (10), 'F{caligraphic}' (60), 'F{italic}' (4), 'GL' (2), 'Gamma' (2), 'G{caligraphic}' (9), 'H{caligraphic}' (33), 'H{italic}' (104), 'Id' (2), 'I{caligraphic}' (12), 'I{italic}' (6), 'J{italic}' (4), 'K{italic}' (2), 'Lambda' (64), 'L{bold}' (26), 'N{caligraphic}' (37), 'N{italic}' (4), 'Omega' (3), 'O{caligraphic}' (102), 'PGL' (4), 'P{bold}' (18), 'R{bold}' (23), 'S{caligraphic}' (5), 'S{italic}' (90), 'T{caligraphic}' (5), 'T{italic}' (128), 'U{italic}' (19), 'V{italic}' (1), 'W{italic}' (40), 'X{italic}' (153), 'Y{italic}' (15), 'Z{bold}' (25), 'alpha' (26), 'a{italic}' (4), 'beta' (3), 'b{italic}' (2), 'd{italic}' (18), 'eta' (9), 'e{italic}' (2), 'f{italic}' (5), 'g{italic}' (16), 'h{italic}' (1), 'i{italic}' (124), 'j{italic}' (114), 'k{italic}' (27), 'l{italic}' (23), 'm{italic}' (15), 'n{italic}' (16), 'omega' (26), 'o{italic}' (10), 'phi' (10), 'pi' (2), 'psi' (8), 'p{italic}' (38), 'q{italic}' (36), 'r{italic}' (8), 'theta' (10), 't{italic}' (10), 'v{italic}' (2), 'w{italic}' (25)
Set MATHPARSER_SPECULATE to speculate on possible notations.
(Finalizing... 1.46 sec)
Conversion complete 2 warnings; 3 errors; 2 undefined macros[\xymatrix, \ar]; 1 missing file[xy.sty] (See /home/user/latex-in-arxiv/0302099.latexml.log) (reqd. 37.71s)
