latexml (LaTeXML version 0.8.6) processing 2003/0302182.tex
(Digesting TeX 0302182...
(Loading /usr/share/perl5/LaTeXML/Package/TeX.pool.ltxml...
(Loading /usr/share/perl5/LaTeXML/Package/eTeX.pool.ltxml... 0.01 sec)
(Loading /usr/share/perl5/LaTeXML/Package/pdfTeX.pool.ltxml... 0.01 sec) 0.19 sec)
(Processing content /home/user/latex-in-arxiv/2003/0302182.tex...
(Loading /usr/share/perl5/LaTeXML/Package/LaTeX.pool.ltxml...
(Loading /usr/share/perl5/LaTeXML/Package/textcomp.sty.ltxml...
(Processing definitions /usr/share/texlive/texmf-dist/tex/latex-dev/base/ts1enc.dfu... 0.03 sec) 1.49 sec) 1.76 sec)
(Loading /usr/share/perl5/LaTeXML/Package/article.cls.ltxml... 0.01 sec)
(Loading /usr/share/perl5/LaTeXML/Package/epsf.sty.ltxml... 0.01 sec)
Info:unexpected:options Unused global options: a4
	at 0302182.tex; line 40 col 0 - line 40 col 16
Info:unexpected:titlepage When using titlepage, Frontmatter will not be well-structured
	at 0302182.tex; line 41 col 0 - line 41 col 17
 10.66 sec) 10.88 sec)
(Building...
(Loading compiled schema /usr/share/perl5/LaTeXML/resources/RelaxNG/LaTeXML.model... 0.01 sec)
Info:malformed:id Duplicated attribute xml:id
	at 0302182.tex; line 708 col 2 - line 708 col 2
	Using id='S3.E9a' on <ltx:XMRow _box="Alignment[]" _font="Font[math,medium,italic,10,bla..."/>
	id='S3.E9' already set on <ltx:equation _box="LaTeXML::Core::Alignment=HASH(..." _font="Font[serif,medium,upright,10,b..." xml:id="S3.E9" _ID_counter_m_="1">...
Info:malformed:id Duplicated attribute xml:id
	at 0302182.tex; line 825 col 0 - line 825 col 13
	Using id='S3.E23a' on <ltx:XMRow _box="Alignment[]" _font="Font[math,medium,italic,10,bla..."/>
	id='S3.E23' already set on <ltx:equation _box="LaTeXML::Core::Alignment=HASH(..." _font="Font[serif,medium,upright,10,b..." xml:id="S3.E23" _ID_counter_m_="1">...
Info:malformed:id Duplicated attribute xml:id
	at 0302182.tex; line 843 col 0 - line 843 col 13
	Using id='S3.E26a' on <ltx:XMRow _box="Alignment[]" _font="Font[math,medium,italic,10,bla..."/>
	id='S3.E26' already set on <ltx:equation _box="LaTeXML::Core::Alignment=HASH(..." _font="Font[serif,medium,upright,10,b..." xml:id="S3.E26" _ID_counter_m_="1">...
Info:malformed:id Duplicated attribute xml:id
	at 0302182.tex; line 901 col 0 - line 901 col 13
	Using id='S3.E29a' on <ltx:XMRow _box="Alignment[]" _font="Font[math,medium,italic,10,bla..."/>
	id='S3.E29' already set on <ltx:equation _box="LaTeXML::Core::Alignment=HASH(..." _font="Font[serif,medium,upright,10,b..." xml:id="S3.E29" _ID_counter_m_="1">...
Info:malformed:id Duplicated attribute xml:id
	at 0302182.tex; line 1129 col 0 - line 1129 col 13
	Using id='S3.E43a' on <ltx:XMRow _box="Alignment[]" _font="Font[math,medium,italic,10,bla..."/>
	id='S3.E43' already set on <ltx:equation _box="LaTeXML::Core::Alignment=HASH(..." _font="Font[serif,medium,upright,10,b..." xml:id="S3.E43" _ID_counter_m_="1">...
Info:malformed:id Duplicated attribute xml:id
	at 0302182.tex; line 1302 col 0 - line 1302 col 13
	Using id='A1.E9a' on <ltx:XMRow _box="Alignment[]" _font="Font[math,medium,italic,10,bla..."/>
	id='A1.E9' already set on <ltx:equation _box="LaTeXML::Core::Alignment=HASH(..." _font="Font[serif,medium,upright,10,b..." xml:id="A1.E9" _ID_counter_m_="1">...
Info:malformed:id Duplicated attribute xml:id
	at 0302182.tex; line 1317 col 0 - line 1317 col 13
	Using id='A1.E13a' on <ltx:XMRow _box="Alignment[]" _font="Font[math,medium,italic,10,bla..."/>
	id='A1.E13' already set on <ltx:equation _box="LaTeXML::Core::Alignment=HASH(..." _font="Font[serif,medium,upright,10,b..." xml:id="A1.E13" _ID_counter_m_="1">...
Info:malformed:id Duplicated attribute xml:id
	at 0302182.tex; line 1364 col 0 - line 1364 col 6
	Using id='A2.E28a' on <ltx:XMRow _box="Alignment[]" _font="Font[math,medium,italic,10,bla..."/>
	id='A2.E28' already set on <ltx:equation _box="LaTeXML::Core::Alignment=HASH(..." _font="Font[serif,medium,upright,10,b..." xml:id="A2.E28" _ID_counter_m_="1">...
 10.73 sec)
(Rewriting... 0.52 sec)
(Math Parsing 726 formulae ......
Warning:not_parsed:ADDOP.NUMBER.CLOSE>CLOSE MathParser failed to match rule 'Anything'
	at 0302182.tex; line 244 col 3 - line 244 col 3
	In "$\displaystyle\{Q_{\rm L}(e^{h}-1),\,Q_{\rm L}(e^{h}-1)\}=2\{Q_{\rm B},\,C_{%
	\rm L}((\partial h)^{2}e^{2h})\},\@@ENDINLINEMATH"
	{[[UNKNOWN]] Q[[UNKNOWN]] _{\rmL}[[POSTSUBSCRIPT]] ([[OPEN]] e[[UNKNOWN]] ^{h}[[POSTSUPERSCRIPT]] -[[ADDOP]] 1[[NUMBER]] )[[CLOSE]] ,[[PUNCT]] Q[[UNKNOWN]] _{\rmL}[[POSTSUBSCRIPT]] ([[OPEN]] e[[UNKNOWN]] ^{h}[[POSTSUPERSCRIPT]] -[[ADDOP]] 1[[NUMBER]] )[[CLOSE]]
	        > \}[[CLOSE]] =[[RELOP]] 2[[NUMBER]] \{[[OPEN]] Q[[UNKNOWN]] _{\rmB}[[POSTSUBSCRIPT]] ,[[PUNCT]] C[[UNKNOWN]] _{\rmL}[[POSTSUBSCRIPT]] ([[OPEN]] ([[OPEN]] ∂[[OPERATOR]] h[[UNKNOWN]] )[[CLOSE]] ^{2}[[POSTSUPERSCRIPT]] e[[UNKNOWN]] ^{2h}[[POSTSUPERSCRIPT]] )[[CLOSE]] \}[[CLOSE]]
Warning:not_parsed:ADDOP.NUMBER.CLOSE>CLOSE MathParser failed to match rule 'Anything'
	at 0302182.tex; line 244 col 3 - line 244 col 41
	In "$\displaystyle\{Q_{\rm L}(e^{h}-1),\,Q_{\rm L}(e^{h}-1)\}$"
	{[[UNKNOWN]] Q[[UNKNOWN]] _{\rmL}[[POSTSUBSCRIPT]] ([[OPEN]] e[[UNKNOWN]] ^{h}[[POSTSUPERSCRIPT]] -[[ADDOP]] 1[[NUMBER]] )[[CLOSE]] ,[[PUNCT]] Q[[UNKNOWN]] _{\rmL}[[POSTSUBSCRIPT]] ([[OPEN]] e[[UNKNOWN]] ^{h}[[POSTSUPERSCRIPT]] -[[ADDOP]] 1[[NUMBER]] )[[CLOSE]]
	        > \}[[CLOSE]]
Warning:not_parsed:UNKNOWN.POSTSUPERSCRIPT.CLOSE>CLOSE MathParser failed to match rule 'Anything'
	at 0302182.tex; line 246 col 3 - line 246 col 3
	In "$\displaystyle\{Q_{\rm L}(e^{h}-1),\,C_{\rm L}((\partial h)^{2}e^{h})\}=\{Q_{%
	\rm B},\,C_{\rm L}((\partial h)^{2}(e^{2h}-e^{h}))\},\@@ENDINLINEMATH"
	{[[UNKNOWN]] Q[[UNKNOWN]] _{\rmL}[[POSTSUBSCRIPT]] ([[OPEN]] e[[UNKNOWN]] ^{h}[[POSTSUPERSCRIPT]] -[[ADDOP]] 1[[NUMBER]] )[[CLOSE]] ,[[PUNCT]] C[[UNKNOWN]] _{\rmL}[[POSTSUBSCRIPT]] ([[OPEN]] ([[OPEN]] ∂[[OPERATOR]] h[[UNKNOWN]] )[[CLOSE]] ^{2}[[POSTSUPERSCRIPT]] e[[UNKNOWN]] ^{h}[[POSTSUPERSCRIPT]] )[[CLOSE]]
	        > \}[[CLOSE]] =[[RELOP]] {[[UNKNOWN]] Q[[UNKNOWN]] _{\rmB}[[POSTSUBSCRIPT]] ,[[PUNCT]] C[[UNKNOWN]] _{\rmL}[[POSTSUBSCRIPT]] ([[OPEN]] ([[OPEN]] ∂[[OPERATOR]] h[[UNKNOWN]] )[[CLOSE]] ^{2}[[POSTSUPERSCRIPT]] ([[OPEN]] e[[UNKNOWN]] ^{2h}[[POSTSUPERSCRIPT]] -[[ADDOP]] e[[UNKNOWN]] ^{h}[[POSTSUPERSCRIPT]] )[[CLOSE]] )[[CLOSE]] \}[[CLOSE]]
Warning:not_parsed:UNKNOWN.POSTSUPERSCRIPT.CLOSE>CLOSE MathParser failed to match rule 'Anything'
	at 0302182.tex; line 246 col 3 - line 246 col 54
	In "$\displaystyle\{Q_{\rm L}(e^{h}-1),\,C_{\rm L}((\partial h)^{2}e^{h})\}$"
	{[[UNKNOWN]] Q[[UNKNOWN]] _{\rmL}[[POSTSUBSCRIPT]] ([[OPEN]] e[[UNKNOWN]] ^{h}[[POSTSUPERSCRIPT]] -[[ADDOP]] 1[[NUMBER]] )[[CLOSE]] ,[[PUNCT]] C[[UNKNOWN]] _{\rmL}[[POSTSUBSCRIPT]] ([[OPEN]] ([[OPEN]] ∂[[OPERATOR]] h[[UNKNOWN]] )[[CLOSE]] ^{2}[[POSTSUPERSCRIPT]] e[[UNKNOWN]] ^{h}[[POSTSUPERSCRIPT]] )[[CLOSE]]
	        > \}[[CLOSE]]
Warning:not_parsed:POSTSUPERSCRIPT.CLOSE.CLOSE>CLOSE MathParser failed to match rule 'Anything'
	at 0302182.tex; line 247 col 5 - line 248 col 14
	In "$\displaystyle\{Q_{\rm B},\,C_{\rm L}((\partial h)^{2}(e^{2h}-e^{h}))\},$"
	{[[UNKNOWN]] Q[[UNKNOWN]] _{\rmB}[[POSTSUBSCRIPT]] ,[[PUNCT]] C[[UNKNOWN]] _{\rmL}[[POSTSUBSCRIPT]] ([[OPEN]] ([[OPEN]] ∂[[OPERATOR]] h[[UNKNOWN]] )[[CLOSE]] ^{2}[[POSTSUPERSCRIPT]] ([[OPEN]] e[[UNKNOWN]] ^{2h}[[POSTSUPERSCRIPT]] -[[ADDOP]] e[[UNKNOWN]] ^{h}[[POSTSUPERSCRIPT]] )[[CLOSE]] )[[CLOSE]]
	        > \}[[CLOSE]]
Warning:not_parsed:UNKNOWN.CLOSE.CLOSE>POSTSUPERSCRIPT MathParser failed to match rule 'Anything'
	at 0302182.tex; line 317 col 2 - line 317 col 2
	In "$\displaystyle h_{a}(\sigma)=-\log(1-Z(a))^{2}-2\sum_{n=1}^{\infty}\frac{(-1)^%
	{n}}{n}Z(a)^{n}\cos(2n\sigma),\@@ENDINLINEMATH"
	h[[UNKNOWN]] _{a}[[POSTSUBSCRIPT]] ([[OPEN]] σ[[UNKNOWN]] )[[CLOSE]] =[[RELOP]] -[[ADDOP]] log[[OPFUNCTION]] ([[OPEN]] 1[[NUMBER]] -[[ADDOP]] Z[[UNKNOWN]] ([[OPEN]] a[[UNKNOWN]] )[[CLOSE]] )[[CLOSE]]
	        > ^{2}[[POSTSUPERSCRIPT]] -[[ADDOP]] 2[[NUMBER]] ∑[[SUMOP]] _{n=1}[[POSTSUBSCRIPT]] ^{\infty}[[POSTSUPERSCRIPT]] \frac{(-1)^{n}}{n}[[UNKNOWN]] Z[[UNKNOWN]] ([[OPEN]] a[[UNKNOWN]] )[[CLOSE]] ^{n}[[POSTSUPERSCRIPT]] cos[[TRIGFUNCTION]] ([[OPEN]] 2[[NUMBER]] n[[UNKNOWN]] σ[[UNKNOWN]] )[[CLOSE]]
Warning:not_parsed:UNKNOWN.CLOSE.CLOSE>POSTSUPERSCRIPT MathParser failed to match rule 'Anything'
	at 0302182.tex; line 317 col 2 - line 319 col 14
	In "$\displaystyle h_{a}(\sigma)=-\log(1-Z(a))^{2}-2\sum_{n=1}^{\infty}\frac{(-1)^%
	{n}}{n}Z(a)^{n}\cos(2n\sigma),$"
	h[[UNKNOWN]] _{a}[[POSTSUBSCRIPT]] ([[OPEN]] σ[[UNKNOWN]] )[[CLOSE]] =[[RELOP]] -[[ADDOP]] log[[OPFUNCTION]] ([[OPEN]] 1[[NUMBER]] -[[ADDOP]] Z[[UNKNOWN]] ([[OPEN]] a[[UNKNOWN]] )[[CLOSE]] )[[CLOSE]]
	        > ^{2}[[POSTSUPERSCRIPT]] -[[ADDOP]] 2[[NUMBER]] ∑[[SUMOP]] _{n=1}[[POSTSUBSCRIPT]] ^{\infty}[[POSTSUPERSCRIPT]] \frac{(-1)^{n}}{n}[[UNKNOWN]] Z[[UNKNOWN]] ([[OPEN]] a[[UNKNOWN]] )[[CLOSE]] ^{n}[[POSTSUPERSCRIPT]] cos[[TRIGFUNCTION]] ([[OPEN]] 2[[NUMBER]] n[[UNKNOWN]] σ[[UNKNOWN]] )[[CLOSE]]
Warning:not_parsed:CLOSE.POSTSUPERSCRIPT.OPFUNCTION>OPEN MathParser failed to match rule 'Anything'
	at 0302182.tex; line 475 col 2 - line 475 col 2
	In "$\displaystyle e^{K(h_{a})}=(1-Z(a)^{2})^{-1}\exp(-\tilde{q}_{0}\log(1-Z(a))^{%
	2})\times\exp\left(-\sum_{n=1}^{\infty}\frac{(-1)^{n}}{n}q_{-2n}Z(a)^{n}\right%
	)\exp\left(-\sum_{n=1}^{\infty}\frac{(-1)^{n}}{n}q_{2n}Z(a)^{n}\right),\@@ENDINLINEMATH"
	e[[UNKNOWN]] ^{K(h_{a})}[[POSTSUPERSCRIPT]] =[[RELOP]] ([[OPEN]] 1[[NUMBER]] -[[ADDOP]] Z[[UNKNOWN]] ([[OPEN]] a[[UNKNOWN]] )[[CLOSE]] ^{2}[[POSTSUPERSCRIPT]] )[[CLOSE]] ^{-1}[[POSTSUPERSCRIPT]] exp[[OPFUNCTION]]
	        > ([[OPEN]] -[[ADDOP]] \tilde{q}[[UNKNOWN]] _{0}[[POSTSUBSCRIPT]] log[[OPFUNCTION]] ([[OPEN]] 1[[NUMBER]] -[[ADDOP]] Z[[UNKNOWN]] ([[OPEN]] a[[UNKNOWN]] )[[CLOSE]] )[[CLOSE]] ^{2}[[POSTSUPERSCRIPT]] )[[CLOSE]] ×[[MULOP]] exp[[OPFUNCTION]] \left([[OPEN]] -[[ADDOP]] ∑[[SUMOP]] _{n=1}[[POSTSUBSCRIPT]] ^{\infty}[[POSTSUPERSCRIPT]] \frac{(-1)^{n}}{n}[[UNKNOWN]] q[[UNKNOWN]] _{-2n}[[POSTSUBSCRIPT]] Z[[UNKNOWN]] ([[OPEN]] a[[UNKNOWN]] )[[CLOSE]] ^{n}[[POSTSUPERSCRIPT]] \right)[[CLOSE]] exp[[OPFUNCTION]] \left([[OPEN]] -[[ADDOP]] ∑[[SUMOP]] _{n=1}[[POSTSUBSCRIPT]] ^{\infty}[[POSTSUPERSCRIPT]] \frac{(-1)^{n}}{n}[[UNKNOWN]] q[[UNKNOWN]] _{2n}[[POSTSUBSCRIPT]] Z[[UNKNOWN]] ([[OPEN]] a[[UNKNOWN]] )[[CLOSE]] ^{n}[[POSTSUPERSCRIPT]] \right)[[CLOSE]]
Warning:not_parsed:CLOSE.POSTSUPERSCRIPT.OPFUNCTION>OPEN MathParser failed to match rule 'Anything'
	at 0302182.tex; line 475 col 15 - line 476 col 2
	In "$\displaystyle(1-Z(a)^{2})^{-1}\exp(-\tilde{q}_{0}\log(1-Z(a))^{2})$"
	([[OPEN]] 1[[NUMBER]] -[[ADDOP]] Z[[UNKNOWN]] ([[OPEN]] a[[UNKNOWN]] )[[CLOSE]] ^{2}[[POSTSUPERSCRIPT]] )[[CLOSE]] ^{-1}[[POSTSUPERSCRIPT]] exp[[OPFUNCTION]]
	        > ([[OPEN]] -[[ADDOP]] \tilde{q}[[UNKNOWN]] _{0}[[POSTSUBSCRIPT]] log[[OPFUNCTION]] ([[OPEN]] 1[[NUMBER]] -[[ADDOP]] Z[[UNKNOWN]] ([[OPEN]] a[[UNKNOWN]] )[[CLOSE]] )[[CLOSE]] ^{2}[[POSTSUPERSCRIPT]] )[[CLOSE]]
Warning:not_parsed:NUMBER.UNKNOWN.POSTSUPERSCRIPT>OPEN MathParser failed to match rule 'Anything'
	at 0302182.tex; line 935 col 4 - line 935 col 4
	In "$\displaystyle 2\pi^{2}\left(-\frac{1}{2}\lambda(a)\,t^{2}+26\,(1+a+4aZ(a))\,%
	\psi_{1}^{2}-\frac{1}{2}\,(1+a+4aZ(a))\,\psi_{2}^{2}\right.\@@ENDINLINEMATH"
	2[[NUMBER]] π[[UNKNOWN]] ^{2}[[POSTSUPERSCRIPT]]
	        > \left([[OPEN]] -[[ADDOP]] \frac{1}{2}[[UNKNOWN]] λ[[UNKNOWN]] ([[OPEN]] a[[UNKNOWN]] )[[CLOSE]] t[[UNKNOWN]] ^{2}[[POSTSUPERSCRIPT]] +[[ADDOP]] 26[[NUMBER]] ([[OPEN]] 1[[NUMBER]] +[[ADDOP]] a[[UNKNOWN]] +[[ADDOP]] 4[[NUMBER]] a[[UNKNOWN]] Z[[UNKNOWN]] ([[OPEN]] a[[UNKNOWN]] )[[CLOSE]] )[[CLOSE]] ψ[[UNKNOWN]] _{1}[[POSTSUBSCRIPT]] ^{2}[[POSTSUPERSCRIPT]] -[[ADDOP]] \frac{1}{2}[[UNKNOWN]] ([[OPEN]] 1[[NUMBER]] +[[ADDOP]] a[[UNKNOWN]] +[[ADDOP]] 4[[NUMBER]] a[[UNKNOWN]] Z[[UNKNOWN]] ([[OPEN]] a[[UNKNOWN]] )[[CLOSE]] )[[CLOSE]] ψ[[UNKNOWN]] _{2}[[POSTSUBSCRIPT]] ^{2}[[POSTSUPERSCRIPT]]
Warning:not_parsed:NUMBER.UNKNOWN.POSTSUPERSCRIPT>OPEN MathParser failed to match rule 'Anything'
	at 0302182.tex; line 935 col 4 - line 940 col 1
	In "$\displaystyle 2\pi^{2}\left(-\frac{1}{2}\lambda(a)\,t^{2}+26\,(1+a+4aZ(a))\,%
	\psi_{1}^{2}-\frac{1}{2}\,(1+a+4aZ(a))\,\psi_{2}^{2}\right.$"
	2[[NUMBER]] π[[UNKNOWN]] ^{2}[[POSTSUPERSCRIPT]]
	        > \left([[OPEN]] -[[ADDOP]] \frac{1}{2}[[UNKNOWN]] λ[[UNKNOWN]] ([[OPEN]] a[[UNKNOWN]] )[[CLOSE]] t[[UNKNOWN]] ^{2}[[POSTSUPERSCRIPT]] +[[ADDOP]] 26[[NUMBER]] ([[OPEN]] 1[[NUMBER]] +[[ADDOP]] a[[UNKNOWN]] +[[ADDOP]] 4[[NUMBER]] a[[UNKNOWN]] Z[[UNKNOWN]] ([[OPEN]] a[[UNKNOWN]] )[[CLOSE]] )[[CLOSE]] ψ[[UNKNOWN]] _{1}[[POSTSUBSCRIPT]] ^{2}[[POSTSUPERSCRIPT]] -[[ADDOP]] \frac{1}{2}[[UNKNOWN]] ([[OPEN]] 1[[NUMBER]] +[[ADDOP]] a[[UNKNOWN]] +[[ADDOP]] 4[[NUMBER]] a[[UNKNOWN]] Z[[UNKNOWN]] ([[OPEN]] a[[UNKNOWN]] )[[CLOSE]] )[[CLOSE]] ψ[[UNKNOWN]] _{2}[[POSTSUBSCRIPT]] ^{2}[[POSTSUPERSCRIPT]]
Warning:not_parsed:UNKNOWN.UNKNOWN.POSTSUBSCRIPT>CLOSE MathParser failed to match rule 'Anything'
	at 0302182.tex; line 940 col 8 - line 940 col 8
	In "$\displaystyle\left.+13a\,t\,\psi_{1}+\frac{1}{2}a\,t\,\psi_{2}\right).\@@ENDINLINEMATH"
	+[[ADDOP]] 13[[NUMBER]] a[[UNKNOWN]] t[[UNKNOWN]] ψ[[UNKNOWN]] _{1}[[POSTSUBSCRIPT]] +[[ADDOP]] \frac{1}{2}[[UNKNOWN]] a[[UNKNOWN]] t[[UNKNOWN]] ψ[[UNKNOWN]] _{2}[[POSTSUBSCRIPT]]
	        > \right)[[CLOSE]]
Warning:not_parsed:UNKNOWN.UNKNOWN.POSTSUBSCRIPT>CLOSE MathParser failed to match rule 'Anything'
	at 0302182.tex; line 940 col 8 - line 943 col 14
	In "$\displaystyle\left.+13a\,t\,\psi_{1}+\frac{1}{2}a\,t\,\psi_{2}\right).$"
	+[[ADDOP]] 13[[NUMBER]] a[[UNKNOWN]] t[[UNKNOWN]] ψ[[UNKNOWN]] _{1}[[POSTSUBSCRIPT]] +[[ADDOP]] \frac{1}{2}[[UNKNOWN]] a[[UNKNOWN]] t[[UNKNOWN]] ψ[[UNKNOWN]] _{2}[[POSTSUBSCRIPT]]
	        > \right)[[CLOSE]]
Warning:not_parsed:PUNCT.UNKNOWN.POSTSUBSCRIPT>CLOSE MathParser failed to match rule 'Anything'
	at 0302182.tex; line 1108 col 2 - line 1108 col 2
	In "$\displaystyle L^{l}(a)=\{Q^{l}(a),\,b_{0}\}\@@ENDINLINEMATH"
	L[[UNKNOWN]] ^{l}[[POSTSUPERSCRIPT]] ([[OPEN]] a[[UNKNOWN]] )[[CLOSE]] =[[RELOP]] {[[UNKNOWN]] Q[[UNKNOWN]] ^{l}[[POSTSUPERSCRIPT]] ([[OPEN]] a[[UNKNOWN]] )[[CLOSE]] ,[[PUNCT]] b[[UNKNOWN]] _{0}[[POSTSUBSCRIPT]]
	        > \}[[CLOSE]]
Warning:not_parsed:PUNCT.UNKNOWN.POSTSUBSCRIPT>CLOSE MathParser failed to match rule 'Anything'
	at 0302182.tex; line 1108 col 12 - line 1109 col 1
	In "$\displaystyle\{Q^{l}(a),\,b_{0}\}$"
	{[[UNKNOWN]] Q[[UNKNOWN]] ^{l}[[POSTSUPERSCRIPT]] ([[OPEN]] a[[UNKNOWN]] )[[CLOSE]] ,[[PUNCT]] b[[UNKNOWN]] _{0}[[POSTSUBSCRIPT]]
	        > \}[[CLOSE]]
Warning:not_parsed:UNKNOWN.CLOSE.POSTSUPERSCRIPT>OPEN MathParser failed to match rule 'Anything'
	at 0302182.tex; line 1335 col 1 - line 1338 col 1
	In "$\displaystyle+8a\sum_{m=2}^{\infty}(-1)^{m}Z(a)^{m}\left(\frac{1}{4}(c_{2(m-1%
	)}+c_{-2(m-1)})\right.$"
	+[[ADDOP]] 8[[NUMBER]] a[[UNKNOWN]] ∑[[SUMOP]] _{m=2}[[POSTSUBSCRIPT]] ^{\infty}[[POSTSUPERSCRIPT]] ([[OPEN]] -[[ADDOP]] 1[[NUMBER]] )[[CLOSE]] ^{m}[[POSTSUPERSCRIPT]] Z[[UNKNOWN]] ([[OPEN]] a[[UNKNOWN]] )[[CLOSE]] ^{m}[[POSTSUPERSCRIPT]]
	        > \left([[OPEN]] \frac{1}{4}[[UNKNOWN]] ([[OPEN]] c[[UNKNOWN]] _{2(m-1)}[[POSTSUBSCRIPT]] +[[ADDOP]] c[[UNKNOWN]] _{-2(m-1)}[[POSTSUBSCRIPT]] )[[CLOSE]]
Warning:not_parsed:UNKNOWN.POSTSUBSCRIPT.CLOSE>CLOSE MathParser failed to match rule 'Anything'
	at 0302182.tex; line 1339 col 7 - line 1343 col 1
	In "$\displaystyle\hskip 28.452756pt\left.-\frac{1}{4}(c_{2(m+1)}+c_{-2(m+1)})%
	\right)$"
	-[[ADDOP]] \frac{1}{4}[[UNKNOWN]] ([[OPEN]] c[[UNKNOWN]] _{2(m+1)}[[POSTSUBSCRIPT]] +[[ADDOP]] c[[UNKNOWN]] _{-2(m+1)}[[POSTSUBSCRIPT]] )[[CLOSE]]
	        > \right)[[CLOSE]]
 41.63 sec)
Math parsing succeeded:
   ltx:XMArg: 2587/2587
   ltx:XMath: 709/726
Symbols assumed as simple identifiers (with # of occurences):
   'A{italic}' (94), 'B{italic}' (18), 'C{italic}' (60), 'I{italic}' (39), 'J{italic}' (34), 'K{italic}' (35), 'Lambda' (1), 'L{italic}' (84), 'O' (2), 'Phi' (57), 'Psi' (66), 'Q{italic}' (117), 'R{italic}' (1), 'S{italic}' (18), 'T{italic}' (3), 'V{italic}' (4), 'Z{italic}' (132), 'alpha' (90), 'a{italic}' (513), 'beta' (14), 'b{italic}' (52), 'chi' (115), 'c{italic}' (155), 'delta' (4), 'd{italic}' (36), 'epsilon' (1), 'eta' (113), 'e{italic}' (106), 'f{italic}' (42), 'gamma' (10), 'gh' (5), 'g{italic}' (27), 'h{italic}' (119), 'if' (4), 'i{italic}' (96), 'j{italic}' (55), 'k{italic}' (5), 'lambda' (25), 'level' (5), 'l{italic}' (53), 'mat' (5), 'm{italic}' (46), 'n{italic}' (98), 'or' (8), 'otherwise' (4), 'phi' (8), 'pi' (62), 'psi' (85), 'q{italic}' (41), 'sigma' (73), 's{italic}' (11), 't{italic}' (51), 'w{italic}' (112), 'x{italic}' (15), '{' (16)
Set MATHPARSER_SPECULATE to speculate on possible notations.
(Finalizing... 3.15 sec)
Conversion complete 17 warnings (See /home/user/latex-in-arxiv/0302182.latexml.log) (reqd. 1m 8.68s)
