latexml (LaTeXML version 0.8.6) processing 2003/0302001.tex
(Digesting TeX 0302001...
(Loading /usr/share/perl5/LaTeXML/Package/TeX.pool.ltxml...
(Loading /usr/share/perl5/LaTeXML/Package/eTeX.pool.ltxml... 0.00 sec)
(Loading /usr/share/perl5/LaTeXML/Package/pdfTeX.pool.ltxml... 0.01 sec) 0.11 sec)
(Processing content /home/user/latex-in-arxiv/2003/0302001.tex...
(Loading /usr/share/perl5/LaTeXML/Package/LaTeX.pool.ltxml...
(Loading /usr/share/perl5/LaTeXML/Package/textcomp.sty.ltxml...
(Processing definitions /usr/share/texlive/texmf-dist/tex/latex-dev/base/ts1enc.dfu... 0.03 sec) 0.98 sec) 1.14 sec)
 
D-instantons and matter hypermultiplet
 
Sergei V. Ketov
Department of Physics, Faculty of Science
Tokyo Metropolitan University, Minamiosawa 1--1
 Hachioji-shi, Tokyo 192--0397, Japan
 
 THIS IS A LATEX FILE: LATEX TWICE, AS USUAL
 
(Loading /usr/share/perl5/LaTeXML/Package/article.cls.ltxml... 0.01 sec)
(Loading /usr/share/perl5/LaTeXML/Package/a4.sty.ltxml... 0.00 sec) 2.98 sec) 3.11 sec)
(Building...
(Loading compiled schema /usr/share/perl5/LaTeXML/resources/RelaxNG/LaTeXML.model... 0.01 sec) 2.86 sec)
(Rewriting... 0.07 sec)
(Math Parsing 155 formulae ......
Warning:not_parsed:UNKNOWN.RELOP.UNKNOWN>CLOSE MathParser failed to match rule 'Anything'
	at 0302001.tex; line 636 col 16 - line 636 col 60
	In "$\rho=\sqrt{x^{2}+y^{2}},~{}\theta=\arctan(y/x),~{}\eta=z)$"
	ρ[[UNKNOWN]] =[[RELOP]] \sqrt{x^{2}+y^{2}}[[UNKNOWN]] ,[[PUNCT]] θ[[UNKNOWN]] =[[RELOP]] arctan[[OPFUNCTION]] ([[OPEN]] y[[UNKNOWN]] /[[MULOP]] x[[UNKNOWN]] )[[CLOSE]] ,[[PUNCT]] η[[UNKNOWN]] =[[RELOP]] z[[UNKNOWN]]
	        > )[[CLOSE]]
Warning:not_parsed:UNKNOWN>FLOATSUBSCRIPT MathParser failed to match rule 'Anything'
	at 0302001.tex; line 685 col 2 - line 687 col 10
	In "$$V{\raise-3.0pt\hbox{$\!{}_{\rm OV}$}}(\rho,\eta)={{1}\over{4\pi}}\sum^{+%
	\infty}_{n=-\infty}\left({{1}\over{\sqrt{\rho^{2}+(\eta-n)^{2}}}}-{{1}\over{%
	\left|n\right|}}\right)+{\rm const.}$$"
	V[[UNKNOWN]]
	        > \raise-3.0pt\hbox{$\!{}_{\rmOV}$}{}_{\rmOV}[[FLOATSUBSCRIPT]] ([[OPEN]] ρ[[UNKNOWN]] ,[[PUNCT]] η[[UNKNOWN]] )[[CLOSE]] =[[RELOP]] {1}\over{4\pi}[[UNKNOWN]] ∑[[SUMOP]] ^{+\infty}[[POSTSUPERSCRIPT]] _{n=-\infty}[[POSTSUBSCRIPT]] \left([[OPEN]] {1}\over{\sqrt{\rho^{2}+(\eta-n)^{2}}}[[UNKNOWN]] -[[ADDOP]] {1}\over{\left|n\right|}[[UNKNOWN]] \right)[[CLOSE]] +[[ADDOP]] const[[UNKNOWN]]
Warning:not_parsed:UNKNOWN>FLOATSUBSCRIPT MathParser failed to match rule 'Anything'
	at 0302001.tex; line 690 col 2 - line 692 col 10
	In "$$V{\raise-3.0pt\hbox{$\!{}_{\rm OV}$}}(\rho,\eta)={{1}\over{4\pi}}\log\left({%
	{\mu^{2}}\over{\rho^{2}}}\right)+\sum_{m\neq 0}{{1}\over{2\pi}}e^{2\pi im\eta}%
	\,K_{0}\left(2\pi\left|m\right|\rho\right)~{},$$"
	V[[UNKNOWN]]
	        > \raise-3.0pt\hbox{$\!{}_{\rmOV}$}{}_{\rmOV}[[FLOATSUBSCRIPT]] ([[OPEN]] ρ[[UNKNOWN]] ,[[PUNCT]] η[[UNKNOWN]] )[[CLOSE]] =[[RELOP]] {1}\over{4\pi}[[UNKNOWN]] log[[OPFUNCTION]] \left([[OPEN]] {\mu^{2}}\over{\rho^{2}}[[UNKNOWN]] \right)[[CLOSE]] +[[ADDOP]] ∑[[SUMOP]] _{m\neq0}[[POSTSUBSCRIPT]] {1}\over{2\pi}[[UNKNOWN]] e[[UNKNOWN]] ^{2\piim\eta}[[POSTSUPERSCRIPT]] K[[UNKNOWN]] _{0}[[POSTSUBSCRIPT]] \left([[OPEN]] 2[[NUMBER]] π[[UNKNOWN]] \left|[[VERTBAR]] m[[UNKNOWN]] \right|[[VERTBAR]] ρ[[UNKNOWN]] \right)[[CLOSE]]
Warning:not_parsed:UNKNOWN>FLOATSUBSCRIPT MathParser failed to match rule 'Anything'
	at 0302001.tex; line 707 col 31 - line 707 col 31
	In "$\displaystyle{V{\raise-3.0pt\hbox{$\!{}_{\rm OV}$}}(\rho,\eta)~{}=~{}}$"
	V[[UNKNOWN]]
	        > \raise-3.0pt\hbox{$\!{}_{\rmOV}$}​{}_{\rmOV}{}_{\rmOV}[[FLOATSUBSCRIPT]] ([[OPEN]] ρ[[UNKNOWN]] ,[[PUNCT]] η[[UNKNOWN]] )[[CLOSE]] =[[RELOP]]
Warning:not_parsed:UNKNOWN.UNKNOWN.CLOSE>MULOP MathParser failed to match rule 'Anything'
	at 0302001.tex; line 707 col 31 - line 707 col 31
	In "$\displaystyle{{}{{1}\over{4\pi}}\log\left({{\mu^{2}}\over{\rho^{2}}}\right)+%
	\sum_{m=1}^{\infty}\exp\left(-2\pi m\rho\right)\cos(2\pi m\eta)\times}$"
	{1}\over{4\pi}[[UNKNOWN]] log[[OPFUNCTION]] \left([[OPEN]] {\mu^{2}}\over{\rho^{2}}[[UNKNOWN]] \right)[[CLOSE]] +[[ADDOP]] ∑[[SUMOP]] _{m=1}[[POSTSUBSCRIPT]] ^{\infty}[[POSTSUPERSCRIPT]] exp[[OPFUNCTION]] \left([[OPEN]] -[[ADDOP]] 2[[NUMBER]] π[[UNKNOWN]] m[[UNKNOWN]] ρ[[UNKNOWN]] \right)[[CLOSE]] cos[[TRIGFUNCTION]] ([[OPEN]] 2[[NUMBER]] π[[UNKNOWN]] m[[UNKNOWN]] η[[UNKNOWN]] )[[CLOSE]]
	        > ×[[MULOP]]
Warning:not_parsed:SUMOP.POSTSUBSCRIPT.POSTSUPERSCRIPT>ATOM MathParser failed to match rule 'Anything'
	at 0302001.tex; line 707 col 31 - line 707 col 31
	In "$\displaystyle{{}\times\sum_{n=0}^{\infty}{{\Gamma(n+\hbox{\large{${{%
	\textstyle{{1}\over\vphantom{2}\smash{\raise 0.86pt\hbox{$\scriptstyle{{2}}$}}%
	}}}$}})}\over{\sqrt{\pi}n!\Gamma(-n+\hbox{\large{${{\textstyle{{1}\over%
	\vphantom{2}\smash{\raise 0.86pt\hbox{$\scriptstyle{{2}}$}}}}}$}})}}\left({{1}%
	\over{4\pi m\rho}}\right)^{n+{\textstyle{1\over\vphantom{2}\smash{\raise 0.86%
	pt\hbox{$\scriptstyle{2}$}}}}}~{}~{}~{}.}$"
	×[[MULOP]] ∑[[SUMOP]] _{n=0}[[POSTSUBSCRIPT]] ^{\infty}[[POSTSUPERSCRIPT]]
	        > {\Gamma(n+\hbox{\large{${{\textstyle{{1}\over\vphantom{2}\smash{\raise0.86pt\hbox{$\scriptstyle{{2}}$}}}}}$}})}\over{\sqrt{\pi}n!\Gamma(-n+\hbox{\large{${{\textstyle{{1}\over\vphantom{2}\smash{\raise0.86pt\hbox{$\scriptstyle{{2}}$}}}}}$}})}[[UNKNOWN]] \left([[OPEN]] {1}\over{4\pim\rho}[[UNKNOWN]] \right)[[CLOSE]] ^{n+{\textstyle{1\over\vphantom{2}\smash{\raise0.86pt\hbox{$\scriptstyle{2}$}}}}}[[POSTSUPERSCRIPT]]
Warning:not_parsed:UNKNOWN>FLOATSUBSCRIPT MathParser failed to match rule 'Anything'
	at 0302001.tex; line 717 col 2 - line 718 col 46
	In "$$V{\raise-3.0pt\hbox{$\!{}_{\rm OV}$}}(\rho,\eta)=A+\sum_{\rm T}V_{0}(\rho,%
	\eta)=A+\sum_{\rm T}{{1}\over{4\pi\sqrt{\rho^{2}+\eta^{2}}}}~{}~{}~{},$$"
	V[[UNKNOWN]]
	        > \raise-3.0pt\hbox{$\!{}_{\rmOV}$}{}_{\rmOV}[[FLOATSUBSCRIPT]] ([[OPEN]] ρ[[UNKNOWN]] ,[[PUNCT]] η[[UNKNOWN]] )[[CLOSE]] =[[RELOP]] A[[UNKNOWN]] +[[ADDOP]] ∑[[SUMOP]] _{\rmT}[[POSTSUBSCRIPT]] V[[UNKNOWN]] _{0}[[POSTSUBSCRIPT]] ([[OPEN]] ρ[[UNKNOWN]] ,[[PUNCT]] η[[UNKNOWN]] )[[CLOSE]] =[[RELOP]] A[[UNKNOWN]] +[[ADDOP]] ∑[[SUMOP]] _{\rmT}[[POSTSUBSCRIPT]] {1}\over{4\pi\sqrt{\rho^{2}+\eta^{2}}}[[UNKNOWN]]
 3.83 sec)
Math parsing succeeded:
   ltx:XMath: 148/155
   ltx:XMArg: 305/305
   ltx:XMWrap: 4/4
Symbols assumed as simple identifiers (with # of occurences):
   'A{italic}' (5), 'B{italic}' (2), 'C{italic}' (1), 'Delta' (7), 'F{italic}' (25), 'Gamma' (2), 'K{italic}' (12), 'Lambda' (1), 'L{italic}' (2), 'Omega' (1), 'O{caligraphic}' (1), 'R{bold}' (3), 'R{italic}' (2), 'S{italic}' (5), 'Theta' (3), 'U{italic}' (5), 'V{italic}' (32), 'W{italic}' (2), 'Z{bold}' (2), 'almost' (1), 'alpha' (2), 'and' (2), 'a{italic}' (8), 'b{italic}' (8), 'const' (3), 'c{italic}' (3), 'd{italic}' (23), 'eta' (57), 'everywhere' (1), 'e{italic}' (3), 'f{italic}' (4), 'g{italic}' (5), 'h{italic}' (2), 'i{italic}' (2), 'k{italic}' (9), 'mu' (3), 'm{italic}' (13), 'n{italic}' (10), 'pi' (29), 'psi' (2), 'rho' (74), 'r{italic}' (1), 's{italic}' (5), 'theta' (6), 't{italic}' (4), 'xi' (3), 'x{italic}' (23), 'y{italic}' (7), 'z{italic}' (9)
Set MATHPARSER_SPECULATE to speculate on possible notations.
(Finalizing... 0.40 sec)
Conversion complete 7 warnings (See /home/user/latex-in-arxiv/0302001.latexml.log) (reqd. 10.71s)
