latexml (LaTeXML version 0.8.6) processing 2003/0302140.tex
(Digesting TeX 0302140...
(Loading /usr/share/perl5/LaTeXML/Package/TeX.pool.ltxml...
(Loading /usr/share/perl5/LaTeXML/Package/eTeX.pool.ltxml... 0.01 sec)
(Loading /usr/share/perl5/LaTeXML/Package/pdfTeX.pool.ltxml... 0.01 sec) 0.20 sec)
(Processing content /home/user/latex-in-arxiv/2003/0302140.tex...
(Loading /usr/share/perl5/LaTeXML/Package/LaTeX.pool.ltxml...
(Loading /usr/share/perl5/LaTeXML/Package/textcomp.sty.ltxml...
(Processing definitions /usr/share/texlive/texmf-dist/tex/latex-dev/base/ts1enc.dfu... 0.04 sec) 1.60 sec) 1.88 sec)
(Loading /usr/share/perl5/LaTeXML/Package/article.cls.ltxml... 0.01 sec)
(Loading /usr/share/perl5/LaTeXML/Package/graphicx.sty.ltxml...
(Loading /usr/share/perl5/LaTeXML/Package/graphics.sty.ltxml... 0.01 sec) 0.05 sec)
(Loading /usr/share/perl5/LaTeXML/Package/amssymb.sty.ltxml...
(Loading /usr/share/perl5/LaTeXML/Package/amsfonts.sty.ltxml... 0.00 sec) 0.03 sec)
Info:unexpected:titlepage When using titlepage, Frontmatter will not be well-structured
	at 0302140.tex; line 37 col 0 - line 37 col 17
 6.77 sec) 7.00 sec)
(Building...
(Loading compiled schema /usr/share/perl5/LaTeXML/resources/RelaxNG/LaTeXML.model... 0.01 sec)
Info:malformed:id Duplicated attribute xml:id
	at 0302140.tex; line 114 col 0 - line 114 col 62
	Using id='footnote1a' on <ltx:note _font="Font[serif,medium,upright,10,b..." mark="1" role="footnote"/>
	id='footnote1' already set on <ltx:note _font="Font[serif,medium,upright,12,b..." mark="*" role="footnote" xml:id="footnote1" _box="LaTeXML::Core::Whatsit=HASH(0x...">...
Info:malformed:id Duplicated attribute xml:id
	at 0302140.tex; line 279 col 1 - line 279 col 1
	Using id='S0.E19a' on <ltx:XMRow _box="Alignment[]" _font="Font[math,medium,italic,10,bla..."/>
	id='S0.E19' already set on <ltx:equation _box="LaTeXML::Core::Alignment=HASH(..." _font="Font[serif,medium,upright,10,b..." xml:id="S0.E19" _ID_counter_m_="1">...
Info:malformed:id Duplicated attribute xml:id
	at 0302140.tex; line 348 col 5 - line 348 col 5
	Using id='S0.E32a' on <ltx:XMRow _box="Alignment[]" _font="Font[math,medium,italic,10,bla..."/>
	id='S0.E32' already set on <ltx:equation _box="LaTeXML::Core::Alignment=HASH(..." _font="Font[serif,medium,upright,10,b..." xml:id="S0.E32" _ID_counter_m_="1">...
Info:malformed:id Duplicated attribute xml:id
	at 0302140.tex; line 483 col 1 - line 483 col 1
	Using id='S0.E51a' on <ltx:XMRow _box="Alignment[]" _font="Font[math,medium,italic,10,bla..."/>
	id='S0.E51' already set on <ltx:equation _box="LaTeXML::Core::Alignment=HASH(..." _font="Font[serif,medium,upright,10,b..." xml:id="S0.E51" _ID_counter_m_="1">...
 6.95 sec)
(Rewriting... 0.31 sec)
(Math Parsing 280 formulae ......
Warning:not_parsed:OPEN.UNKNOWN> MathParser failed to match rule 'Subscript'
	at 0302140.tex; line 160 col 11 - line 160 col 11
	In "$\displaystyle\partial_{[\mu}F_{\mu_{1}\cdots\mu_{n_{A}}]}=0.\@@ENDINLINEMATH"
	[[[OPEN]] μ[[UNKNOWN]]
	        > 
Warning:not_parsed:ID.UNKNOWN.POSTSUBSCRIPT>CLOSE MathParser failed to match rule 'Subscript'
	at 0302140.tex; line 160 col 39 - line 160 col 39
	μ[[UNKNOWN]] _{1}[[POSTSUBSCRIPT]] ⋯[[ID]] μ[[UNKNOWN]] _{n_{A}}[[POSTSUBSCRIPT]]
	        > ][[CLOSE]]
Warning:not_parsed:OPEN.UNKNOWN> MathParser failed to match rule 'Subscript'
	at 0302140.tex; line 160 col 11 - line 160 col 11
	In "$\displaystyle\partial_{[\mu}F_{\mu_{1}\cdots\mu_{n_{A}}]}=0.$"
	[[[OPEN]] μ[[UNKNOWN]]
	        > 
Warning:not_parsed:ID.UNKNOWN.POSTSUBSCRIPT>CLOSE MathParser failed to match rule 'Subscript'
	at 0302140.tex; line 160 col 39 - line 160 col 39
	μ[[UNKNOWN]] _{1}[[POSTSUBSCRIPT]] ⋯[[ID]] μ[[UNKNOWN]] _{n_{A}}[[POSTSUBSCRIPT]]
	        > ][[CLOSE]]
Warning:not_parsed:CLOSE.CLOSE.POSTSUPERSCRIPT>OPEN MathParser failed to match rule 'Anything'
	at 0302140.tex; line 462 col 16 - line 465 col 1
	In "$\displaystyle\prod_{A}[\cosh\tilde{c}_{A}(u-u_{A})]^{2\frac{q_{A}+1}{\Delta_{%
	A}}}\Bigg{[}-2e^{kg(u)-2c_{0}u+2c_{0}^{\prime}}\prod_{A}[\cosh\tilde{c}_{A}(u-%
	u_{A})]^{-\frac{D-2}{\Delta_{A}}}dudv$"
	∏[[SUMOP]] _{A}[[POSTSUBSCRIPT]] [[[OPEN]] cosh[[TRIGFUNCTION]] \tilde{c}[[UNKNOWN]] _{A}[[POSTSUBSCRIPT]] ([[OPEN]] u[[UNKNOWN]] -[[ADDOP]] u[[UNKNOWN]] _{A}[[POSTSUBSCRIPT]] )[[CLOSE]] ][[CLOSE]] ^{2\frac{q_{A}+1}{\Delta_{A}}}[[POSTSUPERSCRIPT]]
	        > [[[OPEN]] -[[ADDOP]] 2[[NUMBER]] e[[UNKNOWN]] ^{kg(u)-2c_{0}u+2c_{0}^{\prime}}[[POSTSUPERSCRIPT]] ∏[[SUMOP]] _{A}[[POSTSUBSCRIPT]] [[[OPEN]] cosh[[TRIGFUNCTION]] \tilde{c}[[UNKNOWN]] _{A}[[POSTSUBSCRIPT]] ([[OPEN]] u[[UNKNOWN]] -[[ADDOP]] u[[UNKNOWN]] _{A}[[POSTSUBSCRIPT]] )[[CLOSE]] ][[CLOSE]] ^{-\frac{D-2}{\Delta_{A}}}[[POSTSUPERSCRIPT]] d[[UNKNOWN]] u[[UNKNOWN]] d[[UNKNOWN]] v[[UNKNOWN]]
Warning:not_parsed:UNKNOWN.POSTSUBSCRIPT.POSTSUPERSCRIPT>CLOSE MathParser failed to match rule 'Anything'
	at 0302140.tex; line 467 col 10 - line 469 col 1
	In "$\displaystyle\hskip 28.452756pt+\;\sum_{\alpha=2}^{p}\prod_{A}[\cosh\tilde{c}%
	_{A}(u-u_{A})]^{-2\frac{\gamma_{A}^{(\alpha)}}{\Delta_{A}}}e^{-2\tilde{c}_{%
	\alpha}u+2c_{\alpha}^{\prime}}dy_{\alpha}^{2}\Bigg{]},$"
	+[[ADDOP]] ∑[[SUMOP]] _{\alpha=2}[[POSTSUBSCRIPT]] ^{p}[[POSTSUPERSCRIPT]] ∏[[SUMOP]] _{A}[[POSTSUBSCRIPT]] [[[OPEN]] cosh[[TRIGFUNCTION]] \tilde{c}[[UNKNOWN]] _{A}[[POSTSUBSCRIPT]] ([[OPEN]] u[[UNKNOWN]] -[[ADDOP]] u[[UNKNOWN]] _{A}[[POSTSUBSCRIPT]] )[[CLOSE]] ][[CLOSE]] ^{-2\frac{\gamma_{A}^{(\alpha)}}{\Delta_{A}}}[[POSTSUPERSCRIPT]] e[[UNKNOWN]] ^{-2\tilde{c}_{\alpha}u+2c_{\alpha}^{\prime}}[[POSTSUPERSCRIPT]] d[[UNKNOWN]] y[[UNKNOWN]] _{\alpha}[[POSTSUBSCRIPT]] ^{2}[[POSTSUPERSCRIPT]]
	        > ][[CLOSE]]
Warning:not_parsed:ATOM>OPEN MathParser failed to match rule 'Anything'
	at 0302140.tex; line 504 col 48 - line 504 col 72
	In "${\bar{q}}(\leq q_{A},q_{B})$"
	\bar{q}[[UNKNOWN]]
	        > ([[OPEN]] ≤[[RELOP]] q[[UNKNOWN]] _{A}[[POSTSUBSCRIPT]] ,[[PUNCT]] q[[UNKNOWN]] _{B}[[POSTSUBSCRIPT]] )[[CLOSE]]
Warning:not_parsed:CLOSE.CLOSE.POSTSUPERSCRIPT>OPEN MathParser failed to match rule 'Anything'
	at 0302140.tex; line 535 col 15 - line 537 col 1
	In "$\displaystyle[\cosh\tilde{c}(u-u_{2})]^{1/3}\Bigg{[}-2e^{7g(u)+2cu}[\cosh%
	\tilde{c}(u-u_{2})]^{-1/2}dudv$"
	[[[OPEN]] cosh[[TRIGFUNCTION]] \tilde{c}[[UNKNOWN]] ([[OPEN]] u[[UNKNOWN]] -[[ADDOP]] u[[UNKNOWN]] _{2}[[POSTSUBSCRIPT]] )[[CLOSE]] ][[CLOSE]] ^{1/3}[[POSTSUPERSCRIPT]]
	        > [[[OPEN]] -[[ADDOP]] 2[[NUMBER]] e[[UNKNOWN]] ^{7g(u)+2cu}[[POSTSUPERSCRIPT]] [[[OPEN]] cosh[[TRIGFUNCTION]] \tilde{c}[[UNKNOWN]] ([[OPEN]] u[[UNKNOWN]] -[[ADDOP]] u[[UNKNOWN]] _{2}[[POSTSUBSCRIPT]] )[[CLOSE]] ][[CLOSE]] ^{-1/2}[[POSTSUPERSCRIPT]] d[[UNKNOWN]] u[[UNKNOWN]] d[[UNKNOWN]] v[[UNKNOWN]]
Warning:not_parsed:UNKNOWN.POSTSUBSCRIPT.POSTSUPERSCRIPT>CLOSE MathParser failed to match rule 'Anything'
	at 0302140.tex; line 537 col 4 - line 540 col 1
	In "$\displaystyle+\;[\cosh\tilde{c}(u-u_{2})]^{-1}\{-2e^{4cu}dv^{2}+e^{-2cu}(dy_{%
	2}^{2}+dy_{3}^{2})\}+e^{2g(u)+2c^{\prime}}d\Sigma_{7,\sigma}^{2}\Bigg{]},$"
	+[[ADDOP]] [[[OPEN]] cosh[[TRIGFUNCTION]] \tilde{c}[[UNKNOWN]] ([[OPEN]] u[[UNKNOWN]] -[[ADDOP]] u[[UNKNOWN]] _{2}[[POSTSUBSCRIPT]] )[[CLOSE]] ][[CLOSE]] ^{-1}[[POSTSUPERSCRIPT]] \{[[OPEN]] -[[ADDOP]] 2[[NUMBER]] e[[UNKNOWN]] ^{4cu}[[POSTSUPERSCRIPT]] d[[UNKNOWN]] v[[UNKNOWN]] ^{2}[[POSTSUPERSCRIPT]] +[[ADDOP]] e[[UNKNOWN]] ^{-2cu}[[POSTSUPERSCRIPT]] ([[OPEN]] d[[UNKNOWN]] y[[UNKNOWN]] _{2}[[POSTSUBSCRIPT]] ^{2}[[POSTSUPERSCRIPT]] +[[ADDOP]] d[[UNKNOWN]] y[[UNKNOWN]] _{3}[[POSTSUBSCRIPT]] ^{2}[[POSTSUPERSCRIPT]] )[[CLOSE]] \}[[CLOSE]] +[[ADDOP]] e[[UNKNOWN]] ^{2g(u)+2c^{\prime}}[[POSTSUPERSCRIPT]] d[[UNKNOWN]] Σ[[UNKNOWN]] _{7,\sigma}[[POSTSUBSCRIPT]] ^{2}[[POSTSUPERSCRIPT]]
	        > ][[CLOSE]]
Warning:not_parsed:CLOSE.CLOSE.POSTSUPERSCRIPT>OPEN MathParser failed to match rule 'Anything'
	at 0302140.tex; line 541 col 15 - line 543 col 1
	In "$\displaystyle[\cosh\tilde{c}(u-u_{2})]^{2/3}\Bigg{[}-2e^{4g(u)+5cu}[\cosh%
	\tilde{c}(u-u_{2})]^{-1/2}dudv$"
	[[[OPEN]] cosh[[TRIGFUNCTION]] \tilde{c}[[UNKNOWN]] ([[OPEN]] u[[UNKNOWN]] -[[ADDOP]] u[[UNKNOWN]] _{2}[[POSTSUBSCRIPT]] )[[CLOSE]] ][[CLOSE]] ^{2/3}[[POSTSUPERSCRIPT]]
	        > [[[OPEN]] -[[ADDOP]] 2[[NUMBER]] e[[UNKNOWN]] ^{4g(u)+5cu}[[POSTSUPERSCRIPT]] [[[OPEN]] cosh[[TRIGFUNCTION]] \tilde{c}[[UNKNOWN]] ([[OPEN]] u[[UNKNOWN]] -[[ADDOP]] u[[UNKNOWN]] _{2}[[POSTSUBSCRIPT]] )[[CLOSE]] ][[CLOSE]] ^{-1/2}[[POSTSUPERSCRIPT]] d[[UNKNOWN]] u[[UNKNOWN]] d[[UNKNOWN]] v[[UNKNOWN]]
Warning:not_parsed:UNKNOWN.POSTSUBSCRIPT.POSTSUPERSCRIPT>CLOSE MathParser failed to match rule 'Anything'
	at 0302140.tex; line 543 col 10 - line 546 col 1
	In "$\displaystyle+\;[\cosh\tilde{c}(u-u_{2})]^{-1}\{-2e^{10cu}dv^{2}+e^{-2cu}(dy_%
	{2}^{2}+\cdots+dy_{6}^{2})\}+e^{2g(u)+2c^{\prime}}d\Sigma_{4,\sigma}^{2}\Bigg{%
	]},$"
	+[[ADDOP]] [[[OPEN]] cosh[[TRIGFUNCTION]] \tilde{c}[[UNKNOWN]] ([[OPEN]] u[[UNKNOWN]] -[[ADDOP]] u[[UNKNOWN]] _{2}[[POSTSUBSCRIPT]] )[[CLOSE]] ][[CLOSE]] ^{-1}[[POSTSUPERSCRIPT]] \{[[OPEN]] -[[ADDOP]] 2[[NUMBER]] e[[UNKNOWN]] ^{10cu}[[POSTSUPERSCRIPT]] d[[UNKNOWN]] v[[UNKNOWN]] ^{2}[[POSTSUPERSCRIPT]] +[[ADDOP]] e[[UNKNOWN]] ^{-2cu}[[POSTSUPERSCRIPT]] ([[OPEN]] d[[UNKNOWN]] y[[UNKNOWN]] _{2}[[POSTSUBSCRIPT]] ^{2}[[POSTSUPERSCRIPT]] +[[ADDOP]] ⋯[[ID]] +[[ADDOP]] d[[UNKNOWN]] y[[UNKNOWN]] _{6}[[POSTSUBSCRIPT]] ^{2}[[POSTSUPERSCRIPT]] )[[CLOSE]] \}[[CLOSE]] +[[ADDOP]] e[[UNKNOWN]] ^{2g(u)+2c^{\prime}}[[POSTSUPERSCRIPT]] d[[UNKNOWN]] Σ[[UNKNOWN]] _{4,\sigma}[[POSTSUBSCRIPT]] ^{2}[[POSTSUPERSCRIPT]]
	        > ][[CLOSE]]
 19.83 sec)
Math parsing succeeded:
   ltx:XMath: 277/284
   ltx:XMArg: 1832/1836
Symbols assumed as simple identifiers (with # of occurences):
   'A{italic}' (14), 'B{italic}' (49), 'Delta' (32), 'D{italic}' (70), 'E{italic}' (58), 'F{italic}' (16), 'G{italic}' (2), 'I{italic}' (2), 'M{italic}' (6), 'N{italic}' (18), 'R{italic}' (13), 'Sigma' (17), 'S{italic}' (16), 'alpha' (110), 'a{italic}' (64), 'belonging' (2), 'beta' (26), 'brane' (2), 'b{italic}' (8), 'c{italic}' (165), 'delta' (21), 'd{italic}' (89), 'epsilon' (36), 'e{italic}' (85), 'for' (4), 'gamma' (6), 'g{italic}' (52), 'k{italic}' (87), 'mu' (26), 'nu' (7), 'n{italic}' (25), 'phi' (27), 'pi' (2), 'p{italic}' (11), 'q{italic}' (87), 'sigma' (28), 's{italic}' (11), 'to' (2), 't{italic}' (3), 'u{italic}' (333), 'v{italic}' (44), 'x{italic}' (4), 'y{italic}' (28)
Set MATHPARSER_SPECULATE to speculate on possible notations.
(Finalizing... 1.90 sec)
Conversion complete 11 warnings (See /home/user/latex-in-arxiv/0302140.latexml.log) (reqd. 37.08s)
