latexml (LaTeXML version 0.8.6) processing 2003/0302049.tex
(Digesting TeX 0302049...
(Loading /usr/share/perl5/LaTeXML/Package/TeX.pool.ltxml...
(Loading /usr/share/perl5/LaTeXML/Package/eTeX.pool.ltxml... 0.00 sec)
(Loading /usr/share/perl5/LaTeXML/Package/pdfTeX.pool.ltxml... 0.01 sec) 0.11 sec)
(Processing content /home/user/latex-in-arxiv/2003/0302049.tex...
(Loading /usr/share/perl5/LaTeXML/Package/LaTeX.pool.ltxml...
(Loading /usr/share/perl5/LaTeXML/Package/textcomp.sty.ltxml...
(Processing definitions /usr/share/texlive/texmf-dist/tex/latex-dev/base/ts1enc.dfu... 0.03 sec) 1.11 sec) 1.27 sec)
(Loading /usr/share/perl5/LaTeXML/Package/article.cls.ltxml... 0.01 sec)
(Loading /usr/share/perl5/LaTeXML/Package/epsf.sty.ltxml... 0.01 sec)
(Loading /usr/share/perl5/LaTeXML/Package/cite.sty.ltxml... 0.00 sec)
(Loading /usr/share/perl5/LaTeXML/Package/amsmath.sty.ltxml...
(Loading /usr/share/perl5/LaTeXML/Package/amsbsy.sty.ltxml...
(Loading /usr/share/perl5/LaTeXML/Package/amsgen.sty.ltxml... 0.00 sec) 0.01 sec)
(Loading /usr/share/perl5/LaTeXML/Package/amstext.sty.ltxml... 0.01 sec)
(Loading /usr/share/perl5/LaTeXML/Package/amsopn.sty.ltxml... 0.01 sec) 0.06 sec)
(Loading /usr/share/perl5/LaTeXML/Package/amssymb.sty.ltxml...
(Loading /usr/share/perl5/LaTeXML/Package/amsfonts.sty.ltxml... 0.00 sec) 0.03 sec)
(Loading /usr/share/perl5/LaTeXML/Package/epsfig.sty.ltxml...
(Loading /usr/share/perl5/LaTeXML/Package/graphicx.sty.ltxml...
(Loading /usr/share/perl5/LaTeXML/Package/graphics.sty.ltxml... 0.01 sec) 0.02 sec) 0.04 sec)
Info:ignore:\section Ignoring redefinition of \section
	at 0302049.tex; line 20 col 0 - line 20 col 64
Info:ignore:\subsection Ignoring redefinition of \subsection
	at 0302049.tex; line 24 col 0 - line 24 col 60
 
THIS IS A LATEX FILE: LATEX TWICE, AS USUAL. 
Info:unexpected:titlepage When using titlepage, Frontmatter will not be well-structured
	at 0302049.tex; line 95 col 0 - line 95 col 17
 12.45 sec) 12.61 sec)
(Building...
(Loading compiled schema /usr/share/perl5/LaTeXML/resources/RelaxNG/LaTeXML.model... 0.01 sec)
Warning:unexpected:eqnarray Unrecognized equation patterns (1) in eqnarray
	at 0302049.tex; line 519 col 1 - line 519 col 1
	In Core::Definition::Constructor[\@@eqna... /usr/share/perl5/LaTeXML/Package/LaTeX.pool.ltxml; line 2290
Warning:unexpected:eqnarray Unrecognized equation patterns (1) in eqnarray
	at 0302049.tex; line 526 col 1 - line 526 col 1
	In Core::Definition::Constructor[\@@eqna... /usr/share/perl5/LaTeXML/Package/LaTeX.pool.ltxml; line 2290
Warning:unexpected:eqnarray Unrecognized equation patterns (1) in eqnarray
	at 0302049.tex; line 1516 col 1 - line 1516 col 1
	In Core::Definition::Constructor[\@@eqna... /usr/share/perl5/LaTeXML/Package/LaTeX.pool.ltxml; line 2290
 9.52 sec)
(Rewriting... 0.40 sec)
(Math Parsing 1040 formulae ......
Warning:not_parsed:UNKNOWN.UNKNOWN>RELOP MathParser failed to match rule 'Anything'
	at 0302049.tex; line 658 col 31 - line 658 col 52
	In "$d\xi=\pm\ast_{4}d\xi$"
	d[[UNKNOWN]] ξ[[UNKNOWN]]
	        > =[[RELOP]] ±[[ADDOP]] ∗[[MULOP]] _{4}[[POSTSUBSCRIPT]] d[[UNKNOWN]] ξ[[UNKNOWN]]
Warning:not_parsed:MULOP.UNKNOWN.UNKNOWN>RELOP MathParser failed to match rule 'Anything'
	at 0302049.tex; line 680 col 4 - line 680 col 4
	In "$\displaystyle\ast d\xi=G_{1}^{-\frac{1}{2}}G_{2}^{-\frac{1}{2}}g^{\prime}(r)e%
	^{\theta}\wedge e^{\psi}-\frac{\beta}{r^{2}}G_{1}^{-1}g(r)e^{r}\wedge e^{y}.\@@ENDINLINEMATH"
	∗[[MULOP]] d[[UNKNOWN]] ξ[[UNKNOWN]]
	        > =[[RELOP]] G[[UNKNOWN]] _{1}[[POSTSUBSCRIPT]] ^{-\frac{1}{2}}[[POSTSUPERSCRIPT]] G[[UNKNOWN]] _{2}[[POSTSUBSCRIPT]] ^{-\frac{1}{2}}[[POSTSUPERSCRIPT]] g[[UNKNOWN]] ^{\prime}[[POSTSUPERSCRIPT]] ([[OPEN]] r[[UNKNOWN]] )[[CLOSE]] e[[UNKNOWN]] ^{\theta}[[POSTSUPERSCRIPT]] ∧[[ADDOP]] e[[UNKNOWN]] ^{\psi}[[POSTSUPERSCRIPT]] -[[ADDOP]] \frac{\beta}{r^{2}}[[UNKNOWN]] G[[UNKNOWN]] _{1}[[POSTSUBSCRIPT]] ^{-1}[[POSTSUPERSCRIPT]] g[[UNKNOWN]] ([[OPEN]] r[[UNKNOWN]] )[[CLOSE]] e[[UNKNOWN]] ^{r}[[POSTSUPERSCRIPT]] ∧[[ADDOP]] e[[UNKNOWN]] ^{y}[[POSTSUPERSCRIPT]]
Warning:not_parsed:INTOP.UNKNOWN.ADDOP>MULOP MathParser failed to match rule 'Anything'
	at 0302049.tex; line 698 col 0 - line 700 col 3
	In "\begin{equation}\int\omega\wedge\ast\omega=8\pi^{2}\beta g_{s}\ell_{s}\left[g(%
	\infty)\right]^{2}.\end{equation}"
	∫[[INTOP]] ω[[UNKNOWN]] ∧[[ADDOP]]
	        > ∗[[MULOP]] ω[[UNKNOWN]] =[[RELOP]] 8[[NUMBER]] π[[UNKNOWN]] ^{2}[[POSTSUPERSCRIPT]] β[[UNKNOWN]] g[[UNKNOWN]] _{s}[[POSTSUBSCRIPT]] ℓ[[UNKNOWN]] _{s}[[POSTSUBSCRIPT]] \left[[[OPEN]] g[[UNKNOWN]] ([[OPEN]] ∞[[ID]] )[[CLOSE]] \right][[CLOSE]] ^{2}[[POSTSUPERSCRIPT]]
Warning:not_parsed:UNKNOWN.POSTSUBSCRIPT.ADDOP>MULOP MathParser failed to match rule 'Anything'
	at 0302049.tex; line 732 col 1 - line 732 col 1
	In "$\displaystyle S=-\frac{1}{2}\frac{1}{2\kappa_{11}^{2}}\int d\delta A_{3}%
	\wedge\ast_{11}d\delta A_{3}=-\frac{1}{2(2\pi)^{8}g_{s}^{3}\ell_{s}^{9}}\,g_{s%
	}^{-1}\,\int_{{\mathbb{R}}^{6,1}}dA_{1}\wedge\ast_{7}dA_{1}\int_{\mathrm{TN}}%
	\omega\wedge\ast_{4}\omega=-\frac{1}{2(2\pi)^{4}g_{s}\ell_{s}^{3}}\int_{{%
	\mathbb{R}}^{6,1}}dA_{1}\wedge\ast_{7}dA_{1}.\@@ENDINLINEMATH"
	S[[UNKNOWN]] =[[RELOP]] -[[ADDOP]] \frac{1}{2}[[UNKNOWN]] \frac{1}{2\kappa_{11}^{2}}[[UNKNOWN]] ∫[[INTOP]] d[[UNKNOWN]] δ[[UNKNOWN]] A[[UNKNOWN]] _{3}[[POSTSUBSCRIPT]] ∧[[ADDOP]]
	        > ∗[[MULOP]] _{11}[[POSTSUBSCRIPT]] d[[UNKNOWN]] δ[[UNKNOWN]] A[[UNKNOWN]] _{3}[[POSTSUBSCRIPT]] =[[RELOP]] -[[ADDOP]] \frac{1}{2(2\pi)^{8}g_{s}^{3}\ell_{s}^{9}}[[UNKNOWN]] g[[UNKNOWN]] _{s}[[POSTSUBSCRIPT]] ^{-1}[[POSTSUPERSCRIPT]] ∫[[INTOP]] _{{\mathbb{R}}^{6,1}}[[POSTSUBSCRIPT]] d[[UNKNOWN]] A[[UNKNOWN]] _{1}[[POSTSUBSCRIPT]] ∧[[ADDOP]] ∗[[MULOP]] _{7}[[POSTSUBSCRIPT]] d[[UNKNOWN]] A[[UNKNOWN]] _{1}[[POSTSUBSCRIPT]] ∫[[INTOP]] _{\mathrm{TN}}[[POSTSUBSCRIPT]] ω[[UNKNOWN]] ∧[[ADDOP]] ∗[[MULOP]] _{4}[[POSTSUBSCRIPT]] ω[[UNKNOWN]] =[[RELOP]] -[[ADDOP]] \frac{1}{2(2\pi)^{4}g_{s}\ell_{s}^{3}}[[UNKNOWN]] ∫[[INTOP]] _{{\mathbb{R}}^{6,1}}[[POSTSUBSCRIPT]] d[[UNKNOWN]] A[[UNKNOWN]] _{1}[[POSTSUBSCRIPT]] ∧[[ADDOP]] ∗[[MULOP]] _{7}[[POSTSUBSCRIPT]] d[[UNKNOWN]] A[[UNKNOWN]] _{1}[[POSTSUBSCRIPT]]
Warning:not_parsed:UNKNOWN.POSTSUBSCRIPT.ADDOP>MULOP MathParser failed to match rule 'Anything'
	at 0302049.tex; line 732 col 7 - line 733 col 1
	In "$\displaystyle-\frac{1}{2}\frac{1}{2\kappa_{11}^{2}}\int d\delta A_{3}\wedge%
	\ast_{11}d\delta A_{3}$"
	-[[ADDOP]] \frac{1}{2}[[UNKNOWN]] \frac{1}{2\kappa_{11}^{2}}[[UNKNOWN]] ∫[[INTOP]] d[[UNKNOWN]] δ[[UNKNOWN]] A[[UNKNOWN]] _{3}[[POSTSUBSCRIPT]] ∧[[ADDOP]]
	        > ∗[[MULOP]] _{11}[[POSTSUBSCRIPT]] d[[UNKNOWN]] δ[[UNKNOWN]] A[[UNKNOWN]] _{3}[[POSTSUBSCRIPT]]
Warning:not_parsed:UNKNOWN.POSTSUBSCRIPT.ADDOP>MULOP MathParser failed to match rule 'Anything'
	at 0302049.tex; line 733 col 5 - line 735 col 1
	In "$\displaystyle-\frac{1}{2(2\pi)^{8}g_{s}^{3}\ell_{s}^{9}}\,g_{s}^{-1}\,\int_{{%
	\mathbb{R}}^{6,1}}dA_{1}\wedge\ast_{7}dA_{1}\int_{\mathrm{TN}}\omega\wedge\ast%
	_{4}\omega$"
	-[[ADDOP]] \frac{1}{2(2\pi)^{8}g_{s}^{3}\ell_{s}^{9}}[[UNKNOWN]] g[[UNKNOWN]] _{s}[[POSTSUBSCRIPT]] ^{-1}[[POSTSUPERSCRIPT]] ∫[[INTOP]] _{{\mathbb{R}}^{6,1}}[[POSTSUBSCRIPT]] d[[UNKNOWN]] A[[UNKNOWN]] _{1}[[POSTSUBSCRIPT]] ∧[[ADDOP]]
	        > ∗[[MULOP]] _{7}[[POSTSUBSCRIPT]] d[[UNKNOWN]] A[[UNKNOWN]] _{1}[[POSTSUBSCRIPT]] ∫[[INTOP]] _{\mathrm{TN}}[[POSTSUBSCRIPT]] ω[[UNKNOWN]] ∧[[ADDOP]] ∗[[MULOP]] _{4}[[POSTSUBSCRIPT]] ω[[UNKNOWN]]
Warning:not_parsed:UNKNOWN.POSTSUBSCRIPT.ADDOP>MULOP MathParser failed to match rule 'Anything'
	at 0302049.tex; line 735 col 5 - line 737 col 4
	In "$\displaystyle-\frac{1}{2(2\pi)^{4}g_{s}\ell_{s}^{3}}\int_{{\mathbb{R}}^{6,1}}%
	dA_{1}\wedge\ast_{7}dA_{1}.$"
	-[[ADDOP]] \frac{1}{2(2\pi)^{4}g_{s}\ell_{s}^{3}}[[UNKNOWN]] ∫[[INTOP]] _{{\mathbb{R}}^{6,1}}[[POSTSUBSCRIPT]] d[[UNKNOWN]] A[[UNKNOWN]] _{1}[[POSTSUBSCRIPT]] ∧[[ADDOP]]
	        > ∗[[MULOP]] _{7}[[POSTSUBSCRIPT]] d[[UNKNOWN]] A[[UNKNOWN]] _{1}[[POSTSUBSCRIPT]]
Warning:not_parsed:UNKNOWN.POSTSUBSCRIPT.ADDOP>MULOP MathParser failed to match rule 'Anything'
	at 0302049.tex; line 804 col 2 - line 804 col 62
	In "$$S_{eff}=\int d\delta A_{3}\wedge\ast d\delta A_{3}+\ldots.$$"
	S[[UNKNOWN]] _{eff}[[POSTSUBSCRIPT]] =[[RELOP]] ∫[[INTOP]] d[[UNKNOWN]] δ[[UNKNOWN]] A[[UNKNOWN]] _{3}[[POSTSUBSCRIPT]] ∧[[ADDOP]]
	        > ∗[[MULOP]] d[[UNKNOWN]] δ[[UNKNOWN]] A[[UNKNOWN]] _{3}[[POSTSUBSCRIPT]] +[[ADDOP]] \ldots[[ID]]
Warning:not_parsed:UNKNOWN.CLOSE.ADDOP>MULOP MathParser failed to match rule 'Anything'
	at 0302049.tex; line 866 col 1 - line 866 col 1
	In "$\displaystyle d\,\hat{*}\,d\delta A_{3}=d*F_{2}\,\wedge(f_{1}^{a+1/2}f_{2}^{1%
	-a}\,*\omega)+*F_{2}\wedge d(f_{1}^{a+1/2}f_{2}^{1-a}\,*\omega)+d*A_{1}\wedge(%
	f_{1}^{b+3/2}f_{2}^{1-b}*d\omega)+*A_{1}\wedge d(f_{1}^{b+3/2}f_{2}^{1-b}*d%
	\omega).\@@ENDINLINEMATH"
	d[[UNKNOWN]] \hat{*}[[UNKNOWN]] d[[UNKNOWN]] δ[[UNKNOWN]] A[[UNKNOWN]] _{3}[[POSTSUBSCRIPT]] =[[RELOP]] d[[UNKNOWN]] *[[MULOP]] F[[UNKNOWN]] _{2}[[POSTSUBSCRIPT]] ∧[[ADDOP]] ([[OPEN]] f[[UNKNOWN]] _{1}[[POSTSUBSCRIPT]] ^{a+1/2}[[POSTSUPERSCRIPT]] f[[UNKNOWN]] _{2}[[POSTSUBSCRIPT]] ^{1-a}[[POSTSUPERSCRIPT]] *[[MULOP]] ω[[UNKNOWN]] )[[CLOSE]] +[[ADDOP]]
	        > *[[MULOP]] F[[UNKNOWN]] _{2}[[POSTSUBSCRIPT]] ∧[[ADDOP]] d[[UNKNOWN]] ([[OPEN]] f[[UNKNOWN]] _{1}[[POSTSUBSCRIPT]] ^{a+1/2}[[POSTSUPERSCRIPT]] f[[UNKNOWN]] _{2}[[POSTSUBSCRIPT]] ^{1-a}[[POSTSUPERSCRIPT]] *[[MULOP]] ω[[UNKNOWN]] )[[CLOSE]] +[[ADDOP]] d[[UNKNOWN]] *[[MULOP]] A[[UNKNOWN]] _{1}[[POSTSUBSCRIPT]] ∧[[ADDOP]] ([[OPEN]] f[[UNKNOWN]] _{1}[[POSTSUBSCRIPT]] ^{b+3/2}[[POSTSUPERSCRIPT]] f[[UNKNOWN]] _{2}[[POSTSUBSCRIPT]] ^{1-b}[[POSTSUPERSCRIPT]] *[[MULOP]] d[[UNKNOWN]] ω[[UNKNOWN]] )[[CLOSE]] +[[ADDOP]] *[[MULOP]] A[[UNKNOWN]] _{1}[[POSTSUBSCRIPT]] ∧[[ADDOP]] d[[UNKNOWN]] ([[OPEN]] f[[UNKNOWN]] _{1}[[POSTSUBSCRIPT]] ^{b+3/2}[[POSTSUPERSCRIPT]] f[[UNKNOWN]] _{2}[[POSTSUBSCRIPT]] ^{1-b}[[POSTSUPERSCRIPT]] *[[MULOP]] d[[UNKNOWN]] ω[[UNKNOWN]] )[[CLOSE]]
Warning:not_parsed:UNKNOWN.CLOSE.ADDOP>MULOP MathParser failed to match rule 'Anything'
	at 0302049.tex; line 867 col 13 - line 868 col 49
	In "$\displaystyle d*F_{2}\,\wedge(f_{1}^{a+1/2}f_{2}^{1-a}\,*\omega)+*F_{2}\wedge
	d%
	(f_{1}^{a+1/2}f_{2}^{1-a}\,*\omega)$"
	d[[UNKNOWN]] *[[MULOP]] F[[UNKNOWN]] _{2}[[POSTSUBSCRIPT]] ∧[[ADDOP]] ([[OPEN]] f[[UNKNOWN]] _{1}[[POSTSUBSCRIPT]] ^{a+1/2}[[POSTSUPERSCRIPT]] f[[UNKNOWN]] _{2}[[POSTSUBSCRIPT]] ^{1-a}[[POSTSUPERSCRIPT]] *[[MULOP]] ω[[UNKNOWN]] )[[CLOSE]] +[[ADDOP]]
	        > *[[MULOP]] F[[UNKNOWN]] _{2}[[POSTSUBSCRIPT]] ∧[[ADDOP]] d[[UNKNOWN]] ([[OPEN]] f[[UNKNOWN]] _{1}[[POSTSUBSCRIPT]] ^{a+1/2}[[POSTSUPERSCRIPT]] f[[UNKNOWN]] _{2}[[POSTSUBSCRIPT]] ^{1-a}[[POSTSUPERSCRIPT]] *[[MULOP]] ω[[UNKNOWN]] )[[CLOSE]]
Warning:not_parsed:UNKNOWN.CLOSE.ADDOP>MULOP MathParser failed to match rule 'Anything'
	at 0302049.tex; line 868 col 55 - line 870 col 52
	In "$\displaystyle+d*A_{1}\wedge(f_{1}^{b+3/2}f_{2}^{1-b}*d\omega)+*A_{1}\wedge d(%
	f_{1}^{b+3/2}f_{2}^{1-b}*d\omega).$"
	+[[ADDOP]] d[[UNKNOWN]] *[[MULOP]] A[[UNKNOWN]] _{1}[[POSTSUBSCRIPT]] ∧[[ADDOP]] ([[OPEN]] f[[UNKNOWN]] _{1}[[POSTSUBSCRIPT]] ^{b+3/2}[[POSTSUPERSCRIPT]] f[[UNKNOWN]] _{2}[[POSTSUBSCRIPT]] ^{1-b}[[POSTSUPERSCRIPT]] *[[MULOP]] d[[UNKNOWN]] ω[[UNKNOWN]] )[[CLOSE]] +[[ADDOP]]
	        > *[[MULOP]] A[[UNKNOWN]] _{1}[[POSTSUBSCRIPT]] ∧[[ADDOP]] d[[UNKNOWN]] ([[OPEN]] f[[UNKNOWN]] _{1}[[POSTSUBSCRIPT]] ^{b+3/2}[[POSTSUPERSCRIPT]] f[[UNKNOWN]] _{2}[[POSTSUBSCRIPT]] ^{1-b}[[POSTSUPERSCRIPT]] *[[MULOP]] d[[UNKNOWN]] ω[[UNKNOWN]] )[[CLOSE]]
Warning:not_parsed:UNKNOWN.POSTSUPERSCRIPT.ADDOP>MULOP MathParser failed to match rule 'Anything'
	at 0302049.tex; line 903 col 0 - line 906 col 3
	In "\begin{equation}S=\frac{1}{4g_{YM}^{2}}\sum_{a=0}^{2}f^{(a)}(B)\int_{{\mathbb{%
	R}}^{7}}F^{(a)}\wedge\ast F^{(a)}.\end{equation}"
	S[[UNKNOWN]] =[[RELOP]] \frac{1}{4g_{YM}^{2}}[[UNKNOWN]] ∑[[SUMOP]] _{a=0}[[POSTSUBSCRIPT]] ^{2}[[POSTSUPERSCRIPT]] f[[UNKNOWN]] ^{(a)}[[POSTSUPERSCRIPT]] ([[OPEN]] B[[UNKNOWN]] )[[CLOSE]] ∫[[INTOP]] _{{\mathbb{R}}^{7}}[[POSTSUBSCRIPT]] F[[UNKNOWN]] ^{(a)}[[POSTSUPERSCRIPT]] ∧[[ADDOP]]
	        > ∗[[MULOP]] F[[UNKNOWN]] ^{(a)}[[POSTSUPERSCRIPT]]
Warning:not_parsed:UNKNOWN.POSTSUBSCRIPT.ADDOP>MULOP MathParser failed to match rule 'Anything'
	at 0302049.tex; line 971 col 2 - line 971 col 28
	In "$$\int\delta B_{2}\wedge*F$$"
	∫[[INTOP]] δ[[UNKNOWN]] B[[UNKNOWN]] _{2}[[POSTSUBSCRIPT]] ∧[[ADDOP]]
	        > *[[MULOP]] F[[UNKNOWN]]
Warning:not_parsed:UNKNOWN>OPEN MathParser failed to match rule 'Anything'
	at 0302049.tex; line 978 col 3 - line 980 col 3
	In "\begin{equation}d(*f_{1}^{1/2}f_{2}\,\omega)=0,\end{equation}"
	d[[UNKNOWN]]
	        > ([[OPEN]] *[[MULOP]] f[[UNKNOWN]] _{1}[[POSTSUBSCRIPT]] ^{1/2}[[POSTSUPERSCRIPT]] f[[UNKNOWN]] _{2}[[POSTSUBSCRIPT]] ω[[UNKNOWN]] )[[CLOSE]] =[[RELOP]] 0[[NUMBER]]
Warning:not_parsed:UNKNOWN>OPEN MathParser failed to match rule 'Anything'
	at 0302049.tex; line 1006 col 4 - line 1006 col 4
	In "$\displaystyle d\big{(}\sqrt{g}\,\epsilon_{\mu_{1}\cdots\mu_{6}2}\,dx^{\mu_{1}%
	}\cdots dx^{\mu_{5}}\,\delta g^{\mu_{6}1}g^{22}\,B_{12}\,*\omega_{b}\,+\@@ENDINLINEMATH"
	d[[UNKNOWN]]
	        > ([[OPEN]] \sqrt{g}[[UNKNOWN]] ϵ[[UNKNOWN]] _{\mu_{1}\cdots\mu_{6}2}[[POSTSUBSCRIPT]] d[[UNKNOWN]] x[[UNKNOWN]] ^{\mu_{1}}[[POSTSUPERSCRIPT]] ⋯[[ID]] d[[UNKNOWN]] x[[UNKNOWN]] ^{\mu_{5}}[[POSTSUPERSCRIPT]] δ[[UNKNOWN]] g[[UNKNOWN]] ^{\mu_{6}1}[[POSTSUPERSCRIPT]] g[[UNKNOWN]] ^{22}[[POSTSUPERSCRIPT]] B[[UNKNOWN]] _{12}[[POSTSUBSCRIPT]] *[[MULOP]] ω[[UNKNOWN]] _{b}[[POSTSUBSCRIPT]] +[[ADDOP]]
Warning:not_parsed:UNKNOWN>OPEN MathParser failed to match rule 'Anything'
	at 0302049.tex; line 1006 col 4 - line 1007 col 55
	In "$\displaystyle d\big{(}\sqrt{g}\,\epsilon_{\mu_{1}\cdots\mu_{6}2}\,dx^{\mu_{1}%
	}\cdots dx^{\mu_{5}}\,\delta g^{\mu_{6}1}g^{22}\,B_{12}\,*\omega_{b}\,+$"
	d[[UNKNOWN]]
	        > ([[OPEN]] \sqrt{g}[[UNKNOWN]] ϵ[[UNKNOWN]] _{\mu_{1}\cdots\mu_{6}2}[[POSTSUBSCRIPT]] d[[UNKNOWN]] x[[UNKNOWN]] ^{\mu_{1}}[[POSTSUPERSCRIPT]] ⋯[[ID]] d[[UNKNOWN]] x[[UNKNOWN]] ^{\mu_{5}}[[POSTSUPERSCRIPT]] δ[[UNKNOWN]] g[[UNKNOWN]] ^{\mu_{6}1}[[POSTSUPERSCRIPT]] g[[UNKNOWN]] ^{22}[[POSTSUPERSCRIPT]] B[[UNKNOWN]] _{12}[[POSTSUBSCRIPT]] *[[MULOP]] ω[[UNKNOWN]] _{b}[[POSTSUBSCRIPT]] +[[ADDOP]]
Warning:not_parsed:MULOP.UNKNOWN.POSTSUBSCRIPT>CLOSE MathParser failed to match rule 'Anything'
	at 0302049.tex; line 1008 col 8 - line 1008 col 8
	In "$\displaystyle\sqrt{g}\,\epsilon_{\mu_{1}\cdots 1\mu_{7}}\,dx^{\mu_{1}}\cdots
	dx%
	^{\mu_{5}}\,g^{11}\delta g^{\mu_{7}2}\,B_{12}\,*\omega_{b}\big{)}.\@@ENDINLINEMATH"
	\sqrt{g}[[UNKNOWN]] ϵ[[UNKNOWN]] _{\mu_{1}\cdots1\mu_{7}}[[POSTSUBSCRIPT]] d[[UNKNOWN]] x[[UNKNOWN]] ^{\mu_{1}}[[POSTSUPERSCRIPT]] ⋯[[ID]] d[[UNKNOWN]] x[[UNKNOWN]] ^{\mu_{5}}[[POSTSUPERSCRIPT]] g[[UNKNOWN]] ^{11}[[POSTSUPERSCRIPT]] δ[[UNKNOWN]] g[[UNKNOWN]] ^{\mu_{7}2}[[POSTSUPERSCRIPT]] B[[UNKNOWN]] _{12}[[POSTSUBSCRIPT]] *[[MULOP]] ω[[UNKNOWN]] _{b}[[POSTSUBSCRIPT]]
	        > )[[CLOSE]]
Warning:not_parsed:MULOP.UNKNOWN.POSTSUBSCRIPT>CLOSE MathParser failed to match rule 'Anything'
	at 0302049.tex; line 1008 col 8 - line 1010 col 4
	In "$\displaystyle\sqrt{g}\,\epsilon_{\mu_{1}\cdots 1\mu_{7}}\,dx^{\mu_{1}}\cdots
	dx%
	^{\mu_{5}}\,g^{11}\delta g^{\mu_{7}2}\,B_{12}\,*\omega_{b}\big{)}.$"
	\sqrt{g}[[UNKNOWN]] ϵ[[UNKNOWN]] _{\mu_{1}\cdots1\mu_{7}}[[POSTSUBSCRIPT]] d[[UNKNOWN]] x[[UNKNOWN]] ^{\mu_{1}}[[POSTSUPERSCRIPT]] ⋯[[ID]] d[[UNKNOWN]] x[[UNKNOWN]] ^{\mu_{5}}[[POSTSUPERSCRIPT]] g[[UNKNOWN]] ^{11}[[POSTSUPERSCRIPT]] δ[[UNKNOWN]] g[[UNKNOWN]] ^{\mu_{7}2}[[POSTSUPERSCRIPT]] B[[UNKNOWN]] _{12}[[POSTSUBSCRIPT]] *[[MULOP]] ω[[UNKNOWN]] _{b}[[POSTSUBSCRIPT]]
	        > )[[CLOSE]]
Warning:not_parsed:UNKNOWN.POSTSUBSCRIPT.POSTSUPERSCRIPT>RELOP MathParser failed to match rule 'Anything'
	at 0302049.tex; line 1037 col 3 - line 1037 col 69
	In "\begin{equation}\delta A_{3}^{\prime}\sim*(B_{12}\wedge F_{2})\,\zeta,\end{equation}"
	δ[[UNKNOWN]] A[[UNKNOWN]] _{3}[[POSTSUBSCRIPT]] ^{\prime}[[POSTSUPERSCRIPT]]
	        > ∼[[RELOP]] *[[MULOP]] ([[OPEN]] B[[UNKNOWN]] _{12}[[POSTSUBSCRIPT]] ∧[[ADDOP]] F[[UNKNOWN]] _{2}[[POSTSUBSCRIPT]] )[[CLOSE]] ζ[[UNKNOWN]]
Warning:not_parsed:UNKNOWN.POSTSUBSCRIPT.POSTSUPERSCRIPT>OPEN MathParser failed to match rule 'Anything'
	at 0302049.tex; line 1108 col 3 - line 1108 col 3
	In "$\displaystyle\delta A_{3}=2\pi\ell_{p}^{2}A_{\mu}dx^{\mu}\wedge d\left[H_{1}^%
	{-1}\left(dy+\frac{1}{2}R\cos\theta d\psi\right)\right]-2\pi\ell_{p}^{2}\sin%
	\alpha H_{1}^{-1}\left(\ast_{5}F_{2}\right).\@@ENDINLINEMATH"
	δ[[UNKNOWN]] A[[UNKNOWN]] _{3}[[POSTSUBSCRIPT]] =[[RELOP]] 2[[NUMBER]] π[[UNKNOWN]] ℓ[[UNKNOWN]] _{p}[[POSTSUBSCRIPT]] ^{2}[[POSTSUPERSCRIPT]] A[[UNKNOWN]] _{\mu}[[POSTSUBSCRIPT]] d[[UNKNOWN]] x[[UNKNOWN]] ^{\mu}[[POSTSUPERSCRIPT]] ∧[[ADDOP]] d[[UNKNOWN]] \left[[[OPEN]] H[[UNKNOWN]] _{1}[[POSTSUBSCRIPT]] ^{-1}[[POSTSUPERSCRIPT]] \left([[OPEN]] d[[UNKNOWN]] y[[UNKNOWN]] +[[ADDOP]] \frac{1}{2}[[UNKNOWN]] R[[UNKNOWN]] cos[[TRIGFUNCTION]] θ[[UNKNOWN]] d[[UNKNOWN]] ψ[[UNKNOWN]] \right)[[CLOSE]] \right][[CLOSE]] -[[ADDOP]] 2[[NUMBER]] π[[UNKNOWN]] ℓ[[UNKNOWN]] _{p}[[POSTSUBSCRIPT]] ^{2}[[POSTSUPERSCRIPT]] sin[[TRIGFUNCTION]] α[[UNKNOWN]] H[[UNKNOWN]] _{1}[[POSTSUBSCRIPT]] ^{-1}[[POSTSUPERSCRIPT]]
	        > \left([[OPEN]] ∗[[MULOP]] _{5}[[POSTSUBSCRIPT]] F[[UNKNOWN]] _{2}[[POSTSUBSCRIPT]] \right)[[CLOSE]]
Warning:not_parsed:UNKNOWN.POSTSUBSCRIPT.POSTSUPERSCRIPT>OPEN MathParser failed to match rule 'Anything'
	at 0302049.tex; line 1110 col 4 - line 1111 col 4
	In "$\displaystyle-2\pi\ell_{p}^{2}\sin\alpha H_{1}^{-1}\left(\ast_{5}F_{2}\right).$"
	-[[ADDOP]] 2[[NUMBER]] π[[UNKNOWN]] ℓ[[UNKNOWN]] _{p}[[POSTSUBSCRIPT]] ^{2}[[POSTSUPERSCRIPT]] sin[[TRIGFUNCTION]] α[[UNKNOWN]] H[[UNKNOWN]] _{1}[[POSTSUBSCRIPT]] ^{-1}[[POSTSUPERSCRIPT]]
	        > \left([[OPEN]] ∗[[MULOP]] _{5}[[POSTSUBSCRIPT]] F[[UNKNOWN]] _{2}[[POSTSUBSCRIPT]] \right)[[CLOSE]]
Warning:not_parsed:POSTSUBSCRIPT.CLOSE.ADDOP>OPEN MathParser failed to match rule 'Anything'
	at 0302049.tex; line 1133 col 13 - line 1136 col 1
	In "$\displaystyle 2\pi\ell_{p}^{2}\left(A_{5}dz_{1}+A_{6}dz_{2}\right)\wedge\left%
	[\frac{R}{2r^{2}}H_{1}^{-1}H_{2}^{-1}dr\wedge\left(dy+\frac{1}{2}R\cos\theta d%
	\psi\right)\right.$"
	2[[NUMBER]] π[[UNKNOWN]] ℓ[[UNKNOWN]] _{p}[[POSTSUBSCRIPT]] ^{2}[[POSTSUPERSCRIPT]] \left([[OPEN]] A[[UNKNOWN]] _{5}[[POSTSUBSCRIPT]] d[[UNKNOWN]] z[[UNKNOWN]] _{1}[[POSTSUBSCRIPT]] +[[ADDOP]] A[[UNKNOWN]] _{6}[[POSTSUBSCRIPT]] d[[UNKNOWN]] z[[UNKNOWN]] _{2}[[POSTSUBSCRIPT]] \right)[[CLOSE]] ∧[[ADDOP]]
	        > \left[[[OPEN]] \frac{R}{2r^{2}}[[UNKNOWN]] H[[UNKNOWN]] _{1}[[POSTSUBSCRIPT]] ^{-1}[[POSTSUPERSCRIPT]] H[[UNKNOWN]] _{2}[[POSTSUBSCRIPT]] ^{-1}[[POSTSUPERSCRIPT]] d[[UNKNOWN]] r[[UNKNOWN]] ∧[[ADDOP]] \left([[OPEN]] d[[UNKNOWN]] y[[UNKNOWN]] +[[ADDOP]] \frac{1}{2}[[UNKNOWN]] R[[UNKNOWN]] cos[[TRIGFUNCTION]] θ[[UNKNOWN]] d[[UNKNOWN]] ψ[[UNKNOWN]] \right)[[CLOSE]]
Warning:not_parsed:ADDOP.UNKNOWN.UNKNOWN>CLOSE MathParser failed to match rule 'Anything'
	at 0302049.tex; line 1136 col 9 - line 1137 col 4
	In "$\displaystyle\left.-\frac{R}{2\cos\alpha}H_{1}^{-1}\sin\theta d\theta\wedge d%
	\psi\right]$"
	-[[ADDOP]] \frac{R}{2\cos\alpha}[[UNKNOWN]] H[[UNKNOWN]] _{1}[[POSTSUBSCRIPT]] ^{-1}[[POSTSUPERSCRIPT]] sin[[TRIGFUNCTION]] θ[[UNKNOWN]] d[[UNKNOWN]] θ[[UNKNOWN]] ∧[[ADDOP]] d[[UNKNOWN]] ψ[[UNKNOWN]]
	        > \right][[CLOSE]]
Warning:not_parsed:ADDOP.ATOM>OPEN MathParser failed to match rule 'Anything'
	at 0302049.tex; line 1427 col 9 - line 1430 col 1
	In "$\displaystyle-\frac{R\sin\theta}{2\cos^{2}\alpha}\Big{[}\frac{R\sin^{2}\alpha%
	}{2r^{2}\cos\alpha}H_{1}^{-2}H_{2}^{-1}a_{1}+H_{1}^{-1}\partial_{r}a_{1}$"
	-[[ADDOP]] \frac{R\sin\theta}{2\cos^{2}\alpha}[[UNKNOWN]]
	        > [[[OPEN]] \frac{R\sin^{2}\alpha}{2r^{2}\cos\alpha}[[UNKNOWN]] H[[UNKNOWN]] _{1}[[POSTSUBSCRIPT]] ^{-2}[[POSTSUPERSCRIPT]] H[[UNKNOWN]] _{2}[[POSTSUBSCRIPT]] ^{-1}[[POSTSUPERSCRIPT]] a[[UNKNOWN]] _{1}[[POSTSUBSCRIPT]] +[[ADDOP]] H[[UNKNOWN]] _{1}[[POSTSUBSCRIPT]] ^{-1}[[POSTSUPERSCRIPT]] ∂[[OPERATOR]] _{r}[[POSTSUBSCRIPT]] a[[UNKNOWN]] _{1}[[POSTSUBSCRIPT]]
Warning:not_parsed:UNKNOWN.POSTSUPERSCRIPT.CLOSE>CLOSE MathParser failed to match rule 'Anything'
	at 0302049.tex; line 1430 col 5 - line 1432 col 4
	In "$\displaystyle-\frac{R\sin\alpha}{2r^{2}\cos^{2}\alpha}H_{1}^{-3}\left(2A_{1}%
	\partial_{2}A_{1}-A_{2}\partial_{1}A_{1}-A_{1}\partial_{1}A_{2}\right)+{\cal O%
	}(A^{3})\Big{]},$"
	-[[ADDOP]] \frac{R\sin\alpha}{2r^{2}\cos^{2}\alpha}[[UNKNOWN]] H[[UNKNOWN]] _{1}[[POSTSUBSCRIPT]] ^{-3}[[POSTSUPERSCRIPT]] \left([[OPEN]] 2[[NUMBER]] A[[UNKNOWN]] _{1}[[POSTSUBSCRIPT]] ∂[[OPERATOR]] _{2}[[POSTSUBSCRIPT]] A[[UNKNOWN]] _{1}[[POSTSUBSCRIPT]] -[[ADDOP]] A[[UNKNOWN]] _{2}[[POSTSUBSCRIPT]] ∂[[OPERATOR]] _{1}[[POSTSUBSCRIPT]] A[[UNKNOWN]] _{1}[[POSTSUBSCRIPT]] -[[ADDOP]] A[[UNKNOWN]] _{1}[[POSTSUBSCRIPT]] ∂[[OPERATOR]] _{1}[[POSTSUBSCRIPT]] A[[UNKNOWN]] _{2}[[POSTSUBSCRIPT]] \right)[[CLOSE]] +[[ADDOP]] O[[UNKNOWN]] ([[OPEN]] A[[UNKNOWN]] ^{3}[[POSTSUPERSCRIPT]] )[[CLOSE]]
	        > ][[CLOSE]]
Warning:not_parsed:UNKNOWN.POSTSUBSCRIPT.POSTSUPERSCRIPT>OPEN MathParser failed to match rule 'Anything'
	at 0302049.tex; line 1504 col 13 - line 1507 col 1
	In "$\displaystyle 2\pi\ell_{p}^{2}\left[A_{i}dx^{i}+A_{-}dx^{-}+Hh^{-1}A_{z}dz+%
	\left(A_{+}+h^{-1}\left(\frac{x^{+}x}{R^{2}}A_{x}+\frac{x^{2}}{R^{2}}A_{-}%
	\right)\right)dx^{+}\right.$"
	2[[NUMBER]] π[[UNKNOWN]] ℓ[[UNKNOWN]] _{p}[[POSTSUBSCRIPT]] ^{2}[[POSTSUPERSCRIPT]]
	        > \left[[[OPEN]] A[[UNKNOWN]] _{i}[[POSTSUBSCRIPT]] d[[UNKNOWN]] x[[UNKNOWN]] ^{i}[[POSTSUPERSCRIPT]] +[[ADDOP]] A[[UNKNOWN]] _{-}[[POSTSUBSCRIPT]] d[[UNKNOWN]] x[[UNKNOWN]] ^{-}[[POSTSUPERSCRIPT]] +[[ADDOP]] H[[UNKNOWN]] h[[UNKNOWN]] ^{-1}[[POSTSUPERSCRIPT]] A[[UNKNOWN]] _{z}[[POSTSUBSCRIPT]] d[[UNKNOWN]] z[[UNKNOWN]] +[[ADDOP]] \left([[OPEN]] A[[UNKNOWN]] _{+}[[POSTSUBSCRIPT]] +[[ADDOP]] h[[UNKNOWN]] ^{-1}[[POSTSUPERSCRIPT]] \left([[OPEN]] \frac{x^{+}x}{R^{2}}[[UNKNOWN]] A[[UNKNOWN]] _{x}[[POSTSUBSCRIPT]] +[[ADDOP]] \frac{x^{2}}{R^{2}}[[UNKNOWN]] A[[UNKNOWN]] _{-}[[POSTSUBSCRIPT]] \right)[[CLOSE]] \right)[[CLOSE]] d[[UNKNOWN]] x[[UNKNOWN]] ^{+}[[POSTSUPERSCRIPT]]
Warning:not_parsed:CLOSE.UNKNOWN.UNKNOWN>CLOSE MathParser failed to match rule 'Anything'
	at 0302049.tex; line 1507 col 9 - line 1510 col 1
	In "$\displaystyle\left.+\left(Hh^{-1}A_{x}-h^{-1}\frac{x^{+}x}{R^{2}}A_{-}\right)%
	dx\right]\wedge\left[\frac{c}{r^{2}}H^{-2}dr\wedge\left(dy+c\cdot\cos\theta d%
	\psi\right)\right]$"
	+[[ADDOP]] \left([[OPEN]] H[[UNKNOWN]] h[[UNKNOWN]] ^{-1}[[POSTSUPERSCRIPT]] A[[UNKNOWN]] _{x}[[POSTSUBSCRIPT]] -[[ADDOP]] h[[UNKNOWN]] ^{-1}[[POSTSUPERSCRIPT]] \frac{x^{+}x}{R^{2}}[[UNKNOWN]] A[[UNKNOWN]] _{-}[[POSTSUBSCRIPT]] \right)[[CLOSE]] d[[UNKNOWN]] x[[UNKNOWN]]
	        > \right][[CLOSE]] ∧[[ADDOP]] \left[[[OPEN]] \frac{c}{r^{2}}[[UNKNOWN]] H[[UNKNOWN]] ^{-2}[[POSTSUPERSCRIPT]] d[[UNKNOWN]] r[[UNKNOWN]] ∧[[ADDOP]] \left([[OPEN]] d[[UNKNOWN]] y[[UNKNOWN]] +[[ADDOP]] c[[UNKNOWN]] ⋅[[MULOP]] cos[[TRIGFUNCTION]] θ[[UNKNOWN]] d[[UNKNOWN]] ψ[[UNKNOWN]] \right)[[CLOSE]] \right][[CLOSE]]
Warning:not_parsed:POSTSUPERSCRIPT.UNKNOWN.POSTSUPERSCRIPT>OPEN MathParser failed to match rule 'Anything'
	at 0302049.tex; line 1543 col 4 - line 1546 col 1
	In "$\displaystyle-2\pi\ell_{p}^{2}H^{-1}h^{-1}\left[\left(\frac{x^{+}}{R}\right)^%
	{2}d\left(A_{z}dz\right)+\left(\frac{x}{R^{2}}A_{-}+\frac{x^{+}}{R^{2}}A_{x}%
	\right)dx^{+}\wedge dx\right.$"
	-[[ADDOP]] 2[[NUMBER]] π[[UNKNOWN]] ℓ[[UNKNOWN]] _{p}[[POSTSUBSCRIPT]] ^{2}[[POSTSUPERSCRIPT]] H[[UNKNOWN]] ^{-1}[[POSTSUPERSCRIPT]] h[[UNKNOWN]] ^{-1}[[POSTSUPERSCRIPT]]
	        > \left[[[OPEN]] \left([[OPEN]] \frac{x^{+}}{R}[[UNKNOWN]] \right)[[CLOSE]] ^{2}[[POSTSUPERSCRIPT]] d[[UNKNOWN]] \left([[OPEN]] A[[UNKNOWN]] _{z}[[POSTSUBSCRIPT]] d[[UNKNOWN]] z[[UNKNOWN]] \right)[[CLOSE]] +[[ADDOP]] \left([[OPEN]] \frac{x}{R^{2}}[[UNKNOWN]] A[[UNKNOWN]] _{-}[[POSTSUBSCRIPT]] +[[ADDOP]] \frac{x^{+}}{R^{2}}[[UNKNOWN]] A[[UNKNOWN]] _{x}[[POSTSUBSCRIPT]] \right)[[CLOSE]] d[[UNKNOWN]] x[[UNKNOWN]] ^{+}[[POSTSUPERSCRIPT]] ∧[[ADDOP]] d[[UNKNOWN]] x[[UNKNOWN]]
Warning:not_parsed:UNKNOWN.POSTSUBSCRIPT.CLOSE>CLOSE MathParser failed to match rule 'Anything'
	at 0302049.tex; line 1546 col 9 - line 1549 col 4
	In "$\displaystyle\left.+\left(\frac{x}{R}dx^{+}-\frac{x^{+}}{R}dx\right)\wedge%
	\left(\frac{x^{+}}{R}dA_{x}+\frac{x}{R}dA_{-}\right)\right]\wedge\left(dy+c%
	\cdot\cos\theta d\psi\right).$"
	+[[ADDOP]] \left([[OPEN]] \frac{x}{R}[[UNKNOWN]] d[[UNKNOWN]] x[[UNKNOWN]] ^{+}[[POSTSUPERSCRIPT]] -[[ADDOP]] \frac{x^{+}}{R}[[UNKNOWN]] d[[UNKNOWN]] x[[UNKNOWN]] \right)[[CLOSE]] ∧[[ADDOP]] \left([[OPEN]] \frac{x^{+}}{R}[[UNKNOWN]] d[[UNKNOWN]] A[[UNKNOWN]] _{x}[[POSTSUBSCRIPT]] +[[ADDOP]] \frac{x}{R}[[UNKNOWN]] d[[UNKNOWN]] A[[UNKNOWN]] _{-}[[POSTSUBSCRIPT]] \right)[[CLOSE]]
	        > \right][[CLOSE]] ∧[[ADDOP]] \left([[OPEN]] d[[UNKNOWN]] y[[UNKNOWN]] +[[ADDOP]] c[[UNKNOWN]] ⋅[[MULOP]] cos[[TRIGFUNCTION]] θ[[UNKNOWN]] d[[UNKNOWN]] ψ[[UNKNOWN]] \right)[[CLOSE]]
Warning:not_parsed:UNKNOWN.VERTBAR.UNKNOWN> MathParser failed to match rule 'Subscript'
	at 0302049.tex; line 1610 col 50 - line 1610 col 50
	In "$\displaystyle\ell_{s}^{-1}{C_{\mu\cdots\nu\alpha x}^{(n)}}^{\prime}=C_{\mu%
	\cdots\nu\alpha}^{(n-1)}-(n-1)\frac{C_{[\mu\cdots\nu|x}^{(n-1)}G_{|\alpha]x}}{%
	G_{xx}}\@@ENDINLINEMATH"
	[[[OPEN]] μ[[UNKNOWN]] ⋯[[ID]] ν[[UNKNOWN]] |[[VERTBAR]] x[[UNKNOWN]]
	        > 
Warning:not_parsed:>VERTBAR MathParser failed to match rule 'Subscript'
	at 0302049.tex; line 1610 col 50 - line 1610 col 50
	> |[[VERTBAR]] α[[UNKNOWN]] ][[CLOSE]] x[[UNKNOWN]]
Warning:not_parsed:UNKNOWN.VERTBAR.UNKNOWN> MathParser failed to match rule 'Subscript'
	at 0302049.tex; line 1610 col 50 - line 1610 col 50
	In "$\displaystyle C_{\mu\cdots\nu\alpha}^{(n-1)}-(n-1)\frac{C_{[\mu\cdots\nu|x}^{%
	(n-1)}G_{|\alpha]x}}{G_{xx}}$"
	[[[OPEN]] μ[[UNKNOWN]] ⋯[[ID]] ν[[UNKNOWN]] |[[VERTBAR]] x[[UNKNOWN]]
	        > 
Warning:not_parsed:>VERTBAR MathParser failed to match rule 'Subscript'
	at 0302049.tex; line 1610 col 50 - line 1610 col 50
	> |[[VERTBAR]] α[[UNKNOWN]] ][[CLOSE]] x[[UNKNOWN]]
Warning:not_parsed:ID.UNKNOWN.UNKNOWN> MathParser failed to match rule 'Subscript'
	at 0302049.tex; line 1612 col 60 - line 1612 col 60
	In "$\displaystyle\ell_{s}{C_{\mu\cdots\nu\alpha\beta}^{(n)}}^{\prime}=C_{\mu%
	\cdots\nu\alpha\beta x}^{(n+1)}+nC_{[\mu\cdots\nu\alpha}^{(n-1)}B_{\beta]x}+n(%
	n-1)\frac{C_{[\mu\cdots\nu|x}^{(n-1)}B_{|\alpha|x}G_{|\beta]x}}{G_{xx}}.\@@ENDINLINEMATH"
	[[[OPEN]] μ[[UNKNOWN]] ⋯[[ID]] ν[[UNKNOWN]] α[[UNKNOWN]]
	        > 
Warning:not_parsed:UNKNOWN>CLOSE MathParser failed to match rule 'Subscript'
	at 0302049.tex; line 1612 col 0 - line 1612 col 79
	β[[UNKNOWN]]
	        > ][[CLOSE]] x[[UNKNOWN]]
Warning:not_parsed:UNKNOWN.VERTBAR.UNKNOWN> MathParser failed to match rule 'Subscript'
	at 0302049.tex; line 1613 col 65 - line 1613 col 65
	[[[OPEN]] μ[[UNKNOWN]] ⋯[[ID]] ν[[UNKNOWN]] |[[VERTBAR]] x[[UNKNOWN]]
	        > 
Warning:not_parsed:>VERTBAR MathParser failed to match rule 'Subscript'
	at 0302049.tex; line 1613 col 65 - line 1613 col 65
	> |[[VERTBAR]] β[[UNKNOWN]] ][[CLOSE]] x[[UNKNOWN]]
Warning:not_parsed:ID.UNKNOWN.UNKNOWN> MathParser failed to match rule 'Subscript'
	at 0302049.tex; line 1612 col 60 - line 1612 col 60
	In "$\displaystyle C_{\mu\cdots\nu\alpha\beta x}^{(n+1)}+nC_{[\mu\cdots\nu\alpha}^%
	{(n-1)}B_{\beta]x}+n(n-1)\frac{C_{[\mu\cdots\nu|x}^{(n-1)}B_{|\alpha|x}G_{|%
	\beta]x}}{G_{xx}}.$"
	[[[OPEN]] μ[[UNKNOWN]] ⋯[[ID]] ν[[UNKNOWN]] α[[UNKNOWN]]
	        > 
Warning:not_parsed:UNKNOWN>CLOSE MathParser failed to match rule 'Subscript'
	at 0302049.tex; line 1612 col 0 - line 1612 col 79
	β[[UNKNOWN]]
	        > ][[CLOSE]] x[[UNKNOWN]]
Warning:not_parsed:UNKNOWN.VERTBAR.UNKNOWN> MathParser failed to match rule 'Subscript'
	at 0302049.tex; line 1613 col 65 - line 1613 col 65
	[[[OPEN]] μ[[UNKNOWN]] ⋯[[ID]] ν[[UNKNOWN]] |[[VERTBAR]] x[[UNKNOWN]]
	        > 
Warning:not_parsed:>VERTBAR MathParser failed to match rule 'Subscript'
	at 0302049.tex; line 1613 col 65 - line 1613 col 65
	> |[[VERTBAR]] β[[UNKNOWN]] ][[CLOSE]] x[[UNKNOWN]]
 20.66 sec)
Math parsing succeeded:
   ltx:XMath: 1011/1040
   ltx:XMArg: 4231/4243
Symbols assumed as simple identifiers (with # of occurences):
   'A{italic}' (342), 'B{italic}' (142), 'C{italic}' (77), 'Delta' (3), 'F{italic}' (42), 'G{italic}' (121), 'H{italic}' (370), 'I{italic}' (4), 'M{caligraphic}' (9), 'M{italic}' (5), 'Omega' (22), 'O{caligraphic}' (11), 'O{italic}' (2), 'Phi' (27), 'P{italic}' (6), 'Q{italic}' (3), 'R{blackboard}' (8), 'R{italic}' (148), 'Sigma' (1), 'S{italic}' (19), 'U{italic}' (3), 'X{italic}' (5), 'Y{italic}' (4), 'Z{italic}' (33), 'alpha' (176), 'a{italic}' (42), 'beta' (35), 'b{italic}' (11), 'c{italic}' (57), 'delta' (104), 'd{italic}' (986), 'ell' (116), 'epsilon' (19), 'e{italic}' (58), 'f{italic}' (77), 'gamma' (3), 'g{italic}' (109), 'h{italic}' (42), 'i{italic}' (31), 'j{italic}' (24), 'kappa' (2), 'k{italic}' (2), 'lambda' (15), 'l{italic}' (1), 'mu' (85), 'm{italic}' (1), 'nu' (57), 'n{italic}' (27), 'omega' (66), 'phi' (2), 'pi' (83), 'psi' (102), 'p{italic}' (6), 'q{italic}' (1), 'rho' (6), 'r{italic}' (207), 'sigma' (1), 'space' (1), 's{italic}' (37), 'tau' (1), 'theta' (149), 'time' (1), 't{italic}' (25), 'u{italic}' (6), 'v{italic}' (9), 'w{italic}' (6), 'xi' (16), 'x{italic}' (570), 'y{italic}' (72), 'zeta' (2), 'z{italic}' (281)
Set MATHPARSER_SPECULATE to speculate on possible notations.
(Finalizing... 2.07 sec)
Conversion complete 44 warnings (See /home/user/latex-in-arxiv/0302049.latexml.log) (reqd. 46.41s)
