latexml (LaTeXML version 0.8.6) processing 2003/0302086.tex
(Digesting TeX 0302086...
(Loading /usr/share/perl5/LaTeXML/Package/TeX.pool.ltxml...
(Loading /usr/share/perl5/LaTeXML/Package/eTeX.pool.ltxml... 0.00 sec)
(Loading /usr/share/perl5/LaTeXML/Package/pdfTeX.pool.ltxml... 0.01 sec) 0.12 sec)
(Processing content /home/user/latex-in-arxiv/2003/0302086.tex...
(Loading /usr/share/perl5/LaTeXML/Package/LaTeX.pool.ltxml...
(Loading /usr/share/perl5/LaTeXML/Package/textcomp.sty.ltxml...
(Processing definitions /usr/share/texlive/texmf-dist/tex/latex-dev/base/ts1enc.dfu... 0.04 sec) 1.42 sec) 1.60 sec)
(Loading /usr/share/perl5/LaTeXML/Package/article.cls.ltxml... 0.01 sec)
(Loading /usr/share/perl5/LaTeXML/Package/amsmath.sty.ltxml...
(Loading /usr/share/perl5/LaTeXML/Package/amsbsy.sty.ltxml...
(Loading /usr/share/perl5/LaTeXML/Package/amsgen.sty.ltxml... 0.00 sec) 0.01 sec)
(Loading /usr/share/perl5/LaTeXML/Package/amstext.sty.ltxml... 0.01 sec)
(Loading /usr/share/perl5/LaTeXML/Package/amsopn.sty.ltxml... 0.01 sec) 0.07 sec)
(Loading /usr/share/perl5/LaTeXML/Package/bm.sty.ltxml... 0.00 sec)
Info:unexpected:titlepage When using titlepage, Frontmatter will not be well-structured
	at 0302086.tex; line 40 col 0 - line 40 col 17
 9.71 sec) 9.88 sec)
(Building...
(Loading compiled schema /usr/share/perl5/LaTeXML/resources/RelaxNG/LaTeXML.model... 0.01 sec)
Info:malformed:id Duplicated attribute xml:id
	at 0302086.tex; line 995 col 1 - line 995 col 1
	Using id='S4.Ex1a' on <ltx:equation _box="Alignment[]" _font="Font[serif,medium,upright,10,b..."/>
	id='S4.Ex1' already set on <ltx:equation _box="LaTeXML::Core::Whatsit=HASH(0x..." _font="Font[math,medium,italic,10,bla..." xml:id="S4.Ex1" _ID_counter_m_="1">...
Info:malformed:id Duplicated attribute xml:id
	at 0302086.tex; line 995 col 1 - line 995 col 1
	Using id='S4.Ex2a' on <ltx:equation _box="Alignment[]" _font="Font[serif,medium,upright,10,b..."/>
	id='S4.Ex2' already set on <ltx:equation _box="LaTeXML::Core::Whatsit=HASH(0x..." _font="Font[math,medium,italic,10,bla..." xml:id="S4.Ex2" _ID_counter_m_="1">...
 10.46 sec)
(Rewriting... 0.42 sec)
(Math Parsing 519 formulae ......
Warning:not_parsed:UNKNOWN.POSTSUPERSCRIPT.UNKNOWN>OPEN MathParser failed to match rule 'Anything'
	at 0302086.tex; line 995 col 13 - line 997 col 1
	In "$\displaystyle\frac{P}{8}\int d^{3}x\left[-8-8H_{tt}+4H_{xx}+4H_{yy}\right.$"
	\frac{P}{8}[[UNKNOWN]] ∫[[INTOP]] d[[UNKNOWN]] ^{3}[[POSTSUPERSCRIPT]] x[[UNKNOWN]]
	        > \left[[[OPEN]] -[[ADDOP]] 8[[NUMBER]] -[[ADDOP]] 8[[NUMBER]] H[[UNKNOWN]] _{tt}[[POSTSUBSCRIPT]] +[[ADDOP]] 4[[NUMBER]] H[[UNKNOWN]] _{xx}[[POSTSUBSCRIPT]] +[[ADDOP]] 4[[NUMBER]] H[[UNKNOWN]] _{yy}[[POSTSUBSCRIPT]]
Warning:not_parsed:UNKNOWN.POSTSUBSCRIPT.POSTSUPERSCRIPT>CLOSE MathParser failed to match rule 'Anything'
	at 0302086.tex; line 1001 col 6 - line 1004 col 14
	In "$\displaystyle\left.-(H_{xx}+H_{yy})H_{tt}-H_{xx}^{2}+2H_{xx}H_{yy}-H_{yy}^{2}%
	+2H_{tt}^{2}-8H_{xt}^{2}\right]\ ,$"
	-[[ADDOP]] ([[OPEN]] H[[UNKNOWN]] _{xx}[[POSTSUBSCRIPT]] +[[ADDOP]] H[[UNKNOWN]] _{yy}[[POSTSUBSCRIPT]] )[[CLOSE]] H[[UNKNOWN]] _{tt}[[POSTSUBSCRIPT]] -[[ADDOP]] H[[UNKNOWN]] _{xx}[[POSTSUBSCRIPT]] ^{2}[[POSTSUPERSCRIPT]] +[[ADDOP]] 2[[NUMBER]] H[[UNKNOWN]] _{xx}[[POSTSUBSCRIPT]] H[[UNKNOWN]] _{yy}[[POSTSUBSCRIPT]] -[[ADDOP]] H[[UNKNOWN]] _{yy}[[POSTSUBSCRIPT]] ^{2}[[POSTSUPERSCRIPT]] +[[ADDOP]] 2[[NUMBER]] H[[UNKNOWN]] _{tt}[[POSTSUBSCRIPT]] ^{2}[[POSTSUPERSCRIPT]] -[[ADDOP]] 8[[NUMBER]] H[[UNKNOWN]] _{xt}[[POSTSUBSCRIPT]] ^{2}[[POSTSUPERSCRIPT]]
	        > \right][[CLOSE]]
Warning:not_parsed:UNKNOWN.POSTSUPERSCRIPT.UNKNOWN>CLOSE MathParser failed to match rule 'Anything'
	at 0302086.tex; line 1011 col 1 - line 1011 col 1
	In "$\displaystyle S_{b}=\frac{P}{8}\int d^{6}x\bigr{[}-8-20H_{tt}+4H_{xx}+4H_{aa}%
	-\frac{1}{\epsilon^{2}}\left(4H_{tt}(H_{xx}+H_{aa})+\frac{3}{2}H_{aa}^{2}+4H_{%
	aa}H_{xx}+4H_{xt}^{2}\right)^{\prime}\left.-4H_{tt}(H_{xx}+H_{aa})-H_{xx}^{2}+%
	2H_{aa}H_{xx}+\frac{1}{2}H_{aa}^{2}+5H_{tt}^{2}-20H_{xt}^{2}\right]\@@ENDINLINEMATH"
	S[[UNKNOWN]] _{b}[[POSTSUBSCRIPT]] =[[RELOP]] \frac{P}{8}[[UNKNOWN]] ∫[[INTOP]] d[[UNKNOWN]] ^{6}[[POSTSUPERSCRIPT]] x[[UNKNOWN]]
	        > [[[CLOSE]] -[[ADDOP]] 8[[NUMBER]] -[[ADDOP]] 20[[NUMBER]] H[[UNKNOWN]] _{tt}[[POSTSUBSCRIPT]] +[[ADDOP]] 4[[NUMBER]] H[[UNKNOWN]] _{xx}[[POSTSUBSCRIPT]] +[[ADDOP]] 4[[NUMBER]] H[[UNKNOWN]] _{aa}[[POSTSUBSCRIPT]] -[[ADDOP]] \frac{1}{\epsilon^{2}}[[UNKNOWN]] \left([[OPEN]] 4[[NUMBER]] H[[UNKNOWN]] _{tt}[[POSTSUBSCRIPT]] ([[OPEN]] H[[UNKNOWN]] _{xx}[[POSTSUBSCRIPT]] +[[ADDOP]] H[[UNKNOWN]] _{aa}[[POSTSUBSCRIPT]] )[[CLOSE]] +[[ADDOP]] \frac{3}{2}[[UNKNOWN]] H[[UNKNOWN]] _{aa}[[POSTSUBSCRIPT]] ^{2}[[POSTSUPERSCRIPT]] +[[ADDOP]] 4[[NUMBER]] H[[UNKNOWN]] _{aa}[[POSTSUBSCRIPT]] H[[UNKNOWN]] _{xx}[[POSTSUBSCRIPT]] +[[ADDOP]] 4[[NUMBER]] H[[UNKNOWN]] _{xt}[[POSTSUBSCRIPT]] ^{2}[[POSTSUPERSCRIPT]] \right)[[CLOSE]] ^{\prime}[[POSTSUPERSCRIPT]] -[[ADDOP]] 4[[NUMBER]] H[[UNKNOWN]] _{tt}[[POSTSUBSCRIPT]] ([[OPEN]] ...
Warning:not_parsed:UNKNOWN.POSTSUPERSCRIPT.UNKNOWN>CLOSE MathParser failed to match rule 'Anything'
	at 0302086.tex; line 1011 col 13 - line 1013 col 1
	In "$\displaystyle\frac{P}{8}\int d^{6}x\bigr{[}-8-20H_{tt}+4H_{xx}+4H_{aa}$"
	\frac{P}{8}[[UNKNOWN]] ∫[[INTOP]] d[[UNKNOWN]] ^{6}[[POSTSUPERSCRIPT]] x[[UNKNOWN]]
	        > [[[CLOSE]] -[[ADDOP]] 8[[NUMBER]] -[[ADDOP]] 20[[NUMBER]] H[[UNKNOWN]] _{tt}[[POSTSUBSCRIPT]] +[[ADDOP]] 4[[NUMBER]] H[[UNKNOWN]] _{xx}[[POSTSUBSCRIPT]] +[[ADDOP]] 4[[NUMBER]] H[[UNKNOWN]] _{aa}[[POSTSUBSCRIPT]]
Warning:not_parsed:UNKNOWN.POSTSUBSCRIPT.POSTSUPERSCRIPT>CLOSE MathParser failed to match rule 'Anything'
	at 0302086.tex; line 1019 col 6 - line 1022 col 14
	In "$\displaystyle\left.-4H_{tt}(H_{xx}+H_{aa})-H_{xx}^{2}+2H_{aa}H_{xx}+\frac{1}{%
	2}H_{aa}^{2}+5H_{tt}^{2}-20H_{xt}^{2}\right]$"
	-[[ADDOP]] 4[[NUMBER]] H[[UNKNOWN]] _{tt}[[POSTSUBSCRIPT]] ([[OPEN]] H[[UNKNOWN]] _{xx}[[POSTSUBSCRIPT]] +[[ADDOP]] H[[UNKNOWN]] _{aa}[[POSTSUBSCRIPT]] )[[CLOSE]] -[[ADDOP]] H[[UNKNOWN]] _{xx}[[POSTSUBSCRIPT]] ^{2}[[POSTSUPERSCRIPT]] +[[ADDOP]] 2[[NUMBER]] H[[UNKNOWN]] _{aa}[[POSTSUBSCRIPT]] H[[UNKNOWN]] _{xx}[[POSTSUBSCRIPT]] +[[ADDOP]] \frac{1}{2}[[UNKNOWN]] H[[UNKNOWN]] _{aa}[[POSTSUBSCRIPT]] ^{2}[[POSTSUPERSCRIPT]] +[[ADDOP]] 5[[NUMBER]] H[[UNKNOWN]] _{tt}[[POSTSUBSCRIPT]] ^{2}[[POSTSUPERSCRIPT]] -[[ADDOP]] 20[[NUMBER]] H[[UNKNOWN]] _{xt}[[POSTSUBSCRIPT]] ^{2}[[POSTSUPERSCRIPT]]
	        > \right][[CLOSE]]
Warning:not_parsed:ATOM>OPEN MathParser failed to match rule 'Anything'
	at 0302086.tex; line 1183 col 5 - line 1188 col 1
	In "$\displaystyle\frac{\epsilon^{2}}{2}\Bigl{(}-3(2\omega_{2}q_{2}H_{xt}^{0}-q_{2%
	}^{2}H_{tt}^{0}+\omega_{2}^{2}H_{s}^{0})-2i\omega_{2}^{2}q_{2}H_{xt}^{0}$"
	\frac{\epsilon^{2}}{2}[[UNKNOWN]]
	        > ([[OPEN]] -[[ADDOP]] 3[[NUMBER]] ([[OPEN]] 2[[NUMBER]] ω[[UNKNOWN]] _{2}[[POSTSUBSCRIPT]] q[[UNKNOWN]] _{2}[[POSTSUBSCRIPT]] H[[UNKNOWN]] _{xt}[[POSTSUBSCRIPT]] ^{0}[[POSTSUPERSCRIPT]] -[[ADDOP]] q[[UNKNOWN]] _{2}[[POSTSUBSCRIPT]] ^{2}[[POSTSUPERSCRIPT]] H[[UNKNOWN]] _{tt}[[POSTSUBSCRIPT]] ^{0}[[POSTSUPERSCRIPT]] +[[ADDOP]] ω[[UNKNOWN]] _{2}[[POSTSUBSCRIPT]] ^{2}[[POSTSUPERSCRIPT]] H[[UNKNOWN]] _{s}[[POSTSUBSCRIPT]] ^{0}[[POSTSUPERSCRIPT]] )[[CLOSE]] -[[ADDOP]] 2[[NUMBER]] i[[UNKNOWN]] ω[[UNKNOWN]] _{2}[[POSTSUBSCRIPT]] ^{2}[[POSTSUPERSCRIPT]] q[[UNKNOWN]] _{2}[[POSTSUBSCRIPT]] H[[UNKNOWN]] _{xt}[[POSTSUBSCRIPT]] ^{0}[[POSTSUPERSCRIPT]]
Warning:not_parsed:UNKNOWN.POSTSUBSCRIPT.POSTSUPERSCRIPT>CLOSE MathParser failed to match rule 'Anything'
	at 0302086.tex; line 1189 col 2 - line 1193 col 5
	In "$\displaystyle\;\;\;\;+2i\omega_{2}(\omega_{2}^{2}-q_{2}^{2})H_{yy}^{0}-i%
	\omega_{2}^{3}H_{s}^{0}+iq_{2}^{2}\omega_{2}H_{tt}^{0}\Bigr{)}+\ldots$"
	+[[ADDOP]] 2[[NUMBER]] i[[UNKNOWN]] ω[[UNKNOWN]] _{2}[[POSTSUBSCRIPT]] ([[OPEN]] ω[[UNKNOWN]] _{2}[[POSTSUBSCRIPT]] ^{2}[[POSTSUPERSCRIPT]] -[[ADDOP]] q[[UNKNOWN]] _{2}[[POSTSUBSCRIPT]] ^{2}[[POSTSUPERSCRIPT]] )[[CLOSE]] H[[UNKNOWN]] _{yy}[[POSTSUBSCRIPT]] ^{0}[[POSTSUPERSCRIPT]] -[[ADDOP]] i[[UNKNOWN]] ω[[UNKNOWN]] _{2}[[POSTSUBSCRIPT]] ^{3}[[POSTSUPERSCRIPT]] H[[UNKNOWN]] _{s}[[POSTSUBSCRIPT]] ^{0}[[POSTSUPERSCRIPT]] +[[ADDOP]] i[[UNKNOWN]] q[[UNKNOWN]] _{2}[[POSTSUBSCRIPT]] ^{2}[[POSTSUPERSCRIPT]] ω[[UNKNOWN]] _{2}[[POSTSUBSCRIPT]] H[[UNKNOWN]] _{tt}[[POSTSUBSCRIPT]] ^{0}[[POSTSUPERSCRIPT]]
	        > )[[CLOSE]] +[[ADDOP]] \ldots[[ID]]
Warning:not_parsed:ATOM>OPEN MathParser failed to match rule 'Anything'
	at 0302086.tex; line 1194 col 5 - line 1197 col 1
	In "$\displaystyle\frac{\epsilon^{2}}{2}\Bigl{(}3q_{2}(2q_{2}H_{xt}^{0}-2\omega_{2%
	}H_{tt}^{0}+\omega_{2}H_{s}^{0})$"
	\frac{\epsilon^{2}}{2}[[UNKNOWN]]
	        > ([[OPEN]] 3[[NUMBER]] q[[UNKNOWN]] _{2}[[POSTSUBSCRIPT]] ([[OPEN]] 2[[NUMBER]] q[[UNKNOWN]] _{2}[[POSTSUBSCRIPT]] H[[UNKNOWN]] _{xt}[[POSTSUBSCRIPT]] ^{0}[[POSTSUPERSCRIPT]] -[[ADDOP]] 2[[NUMBER]] ω[[UNKNOWN]] _{2}[[POSTSUBSCRIPT]] H[[UNKNOWN]] _{tt}[[POSTSUBSCRIPT]] ^{0}[[POSTSUPERSCRIPT]] +[[ADDOP]] ω[[UNKNOWN]] _{2}[[POSTSUBSCRIPT]] H[[UNKNOWN]] _{s}[[POSTSUBSCRIPT]] ^{0}[[POSTSUPERSCRIPT]] )[[CLOSE]]
Warning:not_parsed:UNKNOWN.POSTSUBSCRIPT.POSTSUPERSCRIPT>CLOSE MathParser failed to match rule 'Anything'
	at 0302086.tex; line 1198 col 2 - line 1203 col 14
	In "$\displaystyle\;\;\;\;-2iq_{2}^{2}\omega_{2}H_{xt}^{0}-iq_{2}\omega_{2}^{2}H_{%
	s}^{0}+2iq_{2}\omega_{2}^{2}H_{yy}^{0}\Bigr{)}+\ldots$"
	-[[ADDOP]] 2[[NUMBER]] i[[UNKNOWN]] q[[UNKNOWN]] _{2}[[POSTSUBSCRIPT]] ^{2}[[POSTSUPERSCRIPT]] ω[[UNKNOWN]] _{2}[[POSTSUBSCRIPT]] H[[UNKNOWN]] _{xt}[[POSTSUBSCRIPT]] ^{0}[[POSTSUPERSCRIPT]] -[[ADDOP]] i[[UNKNOWN]] q[[UNKNOWN]] _{2}[[POSTSUBSCRIPT]] ω[[UNKNOWN]] _{2}[[POSTSUBSCRIPT]] ^{2}[[POSTSUPERSCRIPT]] H[[UNKNOWN]] _{s}[[POSTSUBSCRIPT]] ^{0}[[POSTSUPERSCRIPT]] +[[ADDOP]] 2[[NUMBER]] i[[UNKNOWN]] q[[UNKNOWN]] _{2}[[POSTSUBSCRIPT]] ω[[UNKNOWN]] _{2}[[POSTSUBSCRIPT]] ^{2}[[POSTSUPERSCRIPT]] H[[UNKNOWN]] _{yy}[[POSTSUBSCRIPT]] ^{0}[[POSTSUPERSCRIPT]]
	        > )[[CLOSE]] +[[ADDOP]] \ldots[[ID]]
Warning:not_parsed:UNKNOWN.POSTSUPERSCRIPT>OPEN MathParser failed to match rule 'Anything'
	at 0302086.tex; line 1225 col 8 - line 1230 col 1
	In "$\displaystyle\epsilon^{2}\Bigl{(}-\frac{3}{2}(2\omega_{5}q_{5}H_{xt}^{0}-q_{5%
	}^{2}H_{tt}^{0}+\omega_{5}^{2}H_{s}^{0})+5i\omega_{5}(\omega_{5}^{2}-q_{5}^{2}%
	)H_{yy}^{0}$"
	ϵ[[UNKNOWN]] ^{2}[[POSTSUPERSCRIPT]]
	        > ([[OPEN]] -[[ADDOP]] \frac{3}{2}[[UNKNOWN]] ([[OPEN]] 2[[NUMBER]] ω[[UNKNOWN]] _{5}[[POSTSUBSCRIPT]] q[[UNKNOWN]] _{5}[[POSTSUBSCRIPT]] H[[UNKNOWN]] _{xt}[[POSTSUBSCRIPT]] ^{0}[[POSTSUPERSCRIPT]] -[[ADDOP]] q[[UNKNOWN]] _{5}[[POSTSUBSCRIPT]] ^{2}[[POSTSUPERSCRIPT]] H[[UNKNOWN]] _{tt}[[POSTSUBSCRIPT]] ^{0}[[POSTSUPERSCRIPT]] +[[ADDOP]] ω[[UNKNOWN]] _{5}[[POSTSUBSCRIPT]] ^{2}[[POSTSUPERSCRIPT]] H[[UNKNOWN]] _{s}[[POSTSUBSCRIPT]] ^{0}[[POSTSUPERSCRIPT]] )[[CLOSE]] +[[ADDOP]] 5[[NUMBER]] i[[UNKNOWN]] ω[[UNKNOWN]] _{5}[[POSTSUBSCRIPT]] ([[OPEN]] ω[[UNKNOWN]] _{5}[[POSTSUBSCRIPT]] ^{2}[[POSTSUPERSCRIPT]] -[[ADDOP]] q[[UNKNOWN]] _{5}[[POSTSUBSCRIPT]] ^{2}[[POSTSUPERSCRIPT]] )[[CLOSE]] H[[UNKNOWN]] _{yy}[[POSTSUBSCRIPT]] ^{0}[[POSTSUPERSCRIPT]]
Warning:not_parsed:UNKNOWN.POSTSUBSCRIPT.POSTSUPERSCRIPT>CLOSE MathParser failed to match rule 'Anything'
	at 0302086.tex; line 1231 col 2 - line 1236 col 5
	In "$\displaystyle\;\;\;\;-i\omega_{5}^{3}H_{s}^{0}+iq_{5}^{2}\omega_{5}H_{tt}^{0}%
	-2i\omega_{5}^{2}q_{5}H_{xt}^{0}\Bigr{)}+\ldots$"
	-[[ADDOP]] i[[UNKNOWN]] ω[[UNKNOWN]] _{5}[[POSTSUBSCRIPT]] ^{3}[[POSTSUPERSCRIPT]] H[[UNKNOWN]] _{s}[[POSTSUBSCRIPT]] ^{0}[[POSTSUPERSCRIPT]] +[[ADDOP]] i[[UNKNOWN]] q[[UNKNOWN]] _{5}[[POSTSUBSCRIPT]] ^{2}[[POSTSUPERSCRIPT]] ω[[UNKNOWN]] _{5}[[POSTSUBSCRIPT]] H[[UNKNOWN]] _{tt}[[POSTSUBSCRIPT]] ^{0}[[POSTSUPERSCRIPT]] -[[ADDOP]] 2[[NUMBER]] i[[UNKNOWN]] ω[[UNKNOWN]] _{5}[[POSTSUBSCRIPT]] ^{2}[[POSTSUPERSCRIPT]] q[[UNKNOWN]] _{5}[[POSTSUBSCRIPT]] H[[UNKNOWN]] _{xt}[[POSTSUBSCRIPT]] ^{0}[[POSTSUPERSCRIPT]]
	        > )[[CLOSE]] +[[ADDOP]] \ldots[[ID]]
Warning:not_parsed:UNKNOWN.POSTSUPERSCRIPT>OPEN MathParser failed to match rule 'Anything'
	at 0302086.tex; line 1237 col 8 - line 1241 col 1
	In "$\displaystyle\epsilon^{2}\Bigl{(}\frac{3}{2}q_{5}(2q_{5}H_{xt}^{0}-5\omega_{5%
	}H_{tt}^{0}+\omega_{5}H_{s}^{0})$"
	ϵ[[UNKNOWN]] ^{2}[[POSTSUPERSCRIPT]]
	        > ([[OPEN]] \frac{3}{2}[[UNKNOWN]] q[[UNKNOWN]] _{5}[[POSTSUBSCRIPT]] ([[OPEN]] 2[[NUMBER]] q[[UNKNOWN]] _{5}[[POSTSUBSCRIPT]] H[[UNKNOWN]] _{xt}[[POSTSUBSCRIPT]] ^{0}[[POSTSUPERSCRIPT]] -[[ADDOP]] 5[[NUMBER]] ω[[UNKNOWN]] _{5}[[POSTSUBSCRIPT]] H[[UNKNOWN]] _{tt}[[POSTSUBSCRIPT]] ^{0}[[POSTSUPERSCRIPT]] +[[ADDOP]] ω[[UNKNOWN]] _{5}[[POSTSUBSCRIPT]] H[[UNKNOWN]] _{s}[[POSTSUBSCRIPT]] ^{0}[[POSTSUPERSCRIPT]] )[[CLOSE]]
Warning:not_parsed:UNKNOWN.POSTSUBSCRIPT.POSTSUPERSCRIPT>CLOSE MathParser failed to match rule 'Anything'
	at 0302086.tex; line 1242 col 2 - line 1247 col 14
	In "$\displaystyle\;\;\;\;-8iq_{5}^{2}\omega_{5}H_{xt}^{0}-4iq_{5}\omega_{5}^{2}H_%
	{s}^{0}+20iq_{5}\omega_{5}^{2}H_{yy}^{0}\Bigr{)}+\ldots$"
	-[[ADDOP]] 8[[NUMBER]] i[[UNKNOWN]] q[[UNKNOWN]] _{5}[[POSTSUBSCRIPT]] ^{2}[[POSTSUPERSCRIPT]] ω[[UNKNOWN]] _{5}[[POSTSUBSCRIPT]] H[[UNKNOWN]] _{xt}[[POSTSUBSCRIPT]] ^{0}[[POSTSUPERSCRIPT]] -[[ADDOP]] 4[[NUMBER]] i[[UNKNOWN]] q[[UNKNOWN]] _{5}[[POSTSUBSCRIPT]] ω[[UNKNOWN]] _{5}[[POSTSUBSCRIPT]] ^{2}[[POSTSUPERSCRIPT]] H[[UNKNOWN]] _{s}[[POSTSUBSCRIPT]] ^{0}[[POSTSUPERSCRIPT]] +[[ADDOP]] 20[[NUMBER]] i[[UNKNOWN]] q[[UNKNOWN]] _{5}[[POSTSUBSCRIPT]] ω[[UNKNOWN]] _{5}[[POSTSUBSCRIPT]] ^{2}[[POSTSUPERSCRIPT]] H[[UNKNOWN]] _{yy}[[POSTSUBSCRIPT]] ^{0}[[POSTSUPERSCRIPT]]
	        > )[[CLOSE]] +[[ADDOP]] \ldots[[ID]]
Warning:not_parsed:POSTSUBSCRIPT.CLOSE.POSTSUPERSCRIPT>OPEN MathParser failed to match rule 'Anything'
	at 0302086.tex; line 1291 col 5 - line 1296 col 1
	In "$\displaystyle\frac{P}{8}\left(2\omega_{2}^{2}-q_{2}^{2}+\frac{1}{3}iq_{2}^{2}%
	\omega_{2}\right)^{-1}\Bigl{(}12\omega_{2}q_{2}\left(2H_{xt}^{0}H_{tt}^{0}-H_{%
	xt}^{0}H_{xx}^{0}-H_{xt}^{0}H_{yy}^{0}\right)$"
	\frac{P}{8}[[UNKNOWN]] \left([[OPEN]] 2[[NUMBER]] ω[[UNKNOWN]] _{2}[[POSTSUBSCRIPT]] ^{2}[[POSTSUPERSCRIPT]] -[[ADDOP]] q[[UNKNOWN]] _{2}[[POSTSUBSCRIPT]] ^{2}[[POSTSUPERSCRIPT]] +[[ADDOP]] \frac{1}{3}[[UNKNOWN]] i[[UNKNOWN]] q[[UNKNOWN]] _{2}[[POSTSUBSCRIPT]] ^{2}[[POSTSUPERSCRIPT]] ω[[UNKNOWN]] _{2}[[POSTSUBSCRIPT]] \right)[[CLOSE]] ^{-1}[[POSTSUPERSCRIPT]]
	        > ([[OPEN]] 12[[NUMBER]] ω[[UNKNOWN]] _{2}[[POSTSUBSCRIPT]] q[[UNKNOWN]] _{2}[[POSTSUBSCRIPT]] \left([[OPEN]] 2[[NUMBER]] H[[UNKNOWN]] _{xt}[[POSTSUBSCRIPT]] ^{0}[[POSTSUPERSCRIPT]] H[[UNKNOWN]] _{tt}[[POSTSUBSCRIPT]] ^{0}[[POSTSUPERSCRIPT]] -[[ADDOP]] H[[UNKNOWN]] _{xt}[[POSTSUBSCRIPT]] ^{0}[[POSTSUPERSCRIPT]] H[[UNKNOWN]] _{xx}[[POSTSUBSCRIPT]] ^{0}[[POSTSUPERSCRIPT]] -[[ADDOP]] H[[UNKNOWN]] _{xt}[[POSTSUBSCRIPT]] ^{0}[[POSTSUPERSCRIPT]] H[[UNKNOWN]] _{yy}[[POSTSUBSCRIPT]] ^{0}[[POSTSUPERSCRIPT]] \right)[[CLOSE]]
Warning:not_parsed:POSTSUPERSCRIPT.CLOSE.POSTSUPERSCRIPT>CLOSE MathParser failed to match rule 'Anything'
	at 0302086.tex; line 1313 col 1 - line 1323 col 14
	In "$\displaystyle+4i\omega_{2}^{2}q_{2}H_{xt}^{0}\left(H_{xx}^{0}-H_{yy}^{0}%
	\right)+i\omega_{2}^{3}\left(H_{xx}^{0}-H_{yy}^{0}\right)^{2}\Bigr{)}\ .$"
	+[[ADDOP]] 4[[NUMBER]] i[[UNKNOWN]] ω[[UNKNOWN]] _{2}[[POSTSUBSCRIPT]] ^{2}[[POSTSUPERSCRIPT]] q[[UNKNOWN]] _{2}[[POSTSUBSCRIPT]] H[[UNKNOWN]] _{xt}[[POSTSUBSCRIPT]] ^{0}[[POSTSUPERSCRIPT]] \left([[OPEN]] H[[UNKNOWN]] _{xx}[[POSTSUBSCRIPT]] ^{0}[[POSTSUPERSCRIPT]] -[[ADDOP]] H[[UNKNOWN]] _{yy}[[POSTSUBSCRIPT]] ^{0}[[POSTSUPERSCRIPT]] \right)[[CLOSE]] +[[ADDOP]] i[[UNKNOWN]] ω[[UNKNOWN]] _{2}[[POSTSUBSCRIPT]] ^{3}[[POSTSUPERSCRIPT]] \left([[OPEN]] H[[UNKNOWN]] _{xx}[[POSTSUBSCRIPT]] ^{0}[[POSTSUPERSCRIPT]] -[[ADDOP]] H[[UNKNOWN]] _{yy}[[POSTSUBSCRIPT]] ^{0}[[POSTSUPERSCRIPT]] \right)[[CLOSE]] ^{2}[[POSTSUPERSCRIPT]]
	        > )[[CLOSE]]
Warning:not_parsed:POSTSUBSCRIPT.CLOSE.POSTSUPERSCRIPT>OPEN MathParser failed to match rule 'Anything'
	at 0302086.tex; line 1332 col 5 - line 1337 col 1
	In "$\displaystyle\frac{P}{4}\left(5\omega_{5}^{2}-q_{5}^{2}+\frac{8}{3}iq_{5}^{2}%
	\omega_{2}\right)^{-1}\Bigl{(}12\omega_{5}q_{5}\left(5H_{xt}^{0}H_{tt}^{0}-H_{%
	xt}^{0}H_{xx}^{0}-4H_{xt}^{0}H_{yy}^{0}\right)$"
	\frac{P}{4}[[UNKNOWN]] \left([[OPEN]] 5[[NUMBER]] ω[[UNKNOWN]] _{5}[[POSTSUBSCRIPT]] ^{2}[[POSTSUPERSCRIPT]] -[[ADDOP]] q[[UNKNOWN]] _{5}[[POSTSUBSCRIPT]] ^{2}[[POSTSUPERSCRIPT]] +[[ADDOP]] \frac{8}{3}[[UNKNOWN]] i[[UNKNOWN]] q[[UNKNOWN]] _{5}[[POSTSUBSCRIPT]] ^{2}[[POSTSUPERSCRIPT]] ω[[UNKNOWN]] _{2}[[POSTSUBSCRIPT]] \right)[[CLOSE]] ^{-1}[[POSTSUPERSCRIPT]]
	        > ([[OPEN]] 12[[NUMBER]] ω[[UNKNOWN]] _{5}[[POSTSUBSCRIPT]] q[[UNKNOWN]] _{5}[[POSTSUBSCRIPT]] \left([[OPEN]] 5[[NUMBER]] H[[UNKNOWN]] _{xt}[[POSTSUBSCRIPT]] ^{0}[[POSTSUPERSCRIPT]] H[[UNKNOWN]] _{tt}[[POSTSUBSCRIPT]] ^{0}[[POSTSUPERSCRIPT]] -[[ADDOP]] H[[UNKNOWN]] _{xt}[[POSTSUBSCRIPT]] ^{0}[[POSTSUPERSCRIPT]] H[[UNKNOWN]] _{xx}[[POSTSUBSCRIPT]] ^{0}[[POSTSUPERSCRIPT]] -[[ADDOP]] 4[[NUMBER]] H[[UNKNOWN]] _{xt}[[POSTSUBSCRIPT]] ^{0}[[POSTSUPERSCRIPT]] H[[UNKNOWN]] _{yy}[[POSTSUBSCRIPT]] ^{0}[[POSTSUPERSCRIPT]] \right)[[CLOSE]]
Warning:not_parsed:POSTSUPERSCRIPT.CLOSE.POSTSUPERSCRIPT>CLOSE MathParser failed to match rule 'Anything'
	at 0302086.tex; line 1354 col 1 - line 1364 col 14
	In "$\displaystyle+32i\omega_{5}^{2}q_{5}H_{xt}^{0}\left(H_{xx}^{0}-H_{yy}^{0}%
	\right)+8i\omega_{5}^{3}\left(H_{xx}^{0}-H_{yy}^{0}\right)^{2}\Bigr{)}\ .$"
	+[[ADDOP]] 32[[NUMBER]] i[[UNKNOWN]] ω[[UNKNOWN]] _{5}[[POSTSUBSCRIPT]] ^{2}[[POSTSUPERSCRIPT]] q[[UNKNOWN]] _{5}[[POSTSUBSCRIPT]] H[[UNKNOWN]] _{xt}[[POSTSUBSCRIPT]] ^{0}[[POSTSUPERSCRIPT]] \left([[OPEN]] H[[UNKNOWN]] _{xx}[[POSTSUBSCRIPT]] ^{0}[[POSTSUPERSCRIPT]] -[[ADDOP]] H[[UNKNOWN]] _{yy}[[POSTSUBSCRIPT]] ^{0}[[POSTSUPERSCRIPT]] \right)[[CLOSE]] +[[ADDOP]] 8[[NUMBER]] i[[UNKNOWN]] ω[[UNKNOWN]] _{5}[[POSTSUBSCRIPT]] ^{3}[[POSTSUPERSCRIPT]] \left([[OPEN]] H[[UNKNOWN]] _{xx}[[POSTSUBSCRIPT]] ^{0}[[POSTSUPERSCRIPT]] -[[ADDOP]] H[[UNKNOWN]] _{yy}[[POSTSUBSCRIPT]] ^{0}[[POSTSUPERSCRIPT]] \right)[[CLOSE]] ^{2}[[POSTSUPERSCRIPT]]
	        > )[[CLOSE]]
 26.71 sec)
Math parsing succeeded:
   ltx:XMath: 502/519
   ltx:XMArg: 2270/2270
Symbols assumed as simple identifiers (with # of occurences):
   'A{italic}' (4), 'B{italic}' (1), 'D{italic}' (3), 'Gamma' (4), 'G{italic}' (42), 'H{italic}' (623), 'I{italic}' (84), 'K{italic}' (1), 'Lambda' (3), 'N{caligraphic}' (1), 'N{italic}' (7), 'O{caligraphic}' (22), 'P{italic}' (60), 'Q{italic}' (4), 'R{caligraphic}' (1), 'R{italic}' (10), 'S{bold}' (2), 'S{italic}' (19), 'T{italic}' (57), 'Vol' (2), 'alpha' (4), 'a{italic}' (61), 'beta' (26), 'b{italic}' (2), 'c{italic}' (22), 'delta' (11), 'd{italic}' (105), 'ell' (8), 'epsilon' (53), 'eta' (8), 'e{italic}' (3), 'f{italic}' (94), 'g{italic}' (17), 'h{italic}' (28), 'i{italic}' (169), 'j{italic}' (13), 'kappa' (4), 'k{italic}' (12), 'lambda' (14), 'mu' (39), 'nu' (37), 'n{italic}' (34), 'omega' (289), 'o{italic}' (2), 'pi' (16), 'q{italic}' (269), 'rho' (14), 's{italic}' (2), 't{italic}' (397), 'u{italic}' (162), 'x{italic}' (320), 'y{italic}' (200)
Set MATHPARSER_SPECULATE to speculate on possible notations.
(Finalizing... 2.53 sec)
Conversion complete 17 warnings (See /home/user/latex-in-arxiv/0302086.latexml.log) (reqd. 51.41s)
