latexml (LaTeXML version 0.8.6) processing 2003/0302010.tex
(Digesting TeX 0302010...
(Loading /usr/share/perl5/LaTeXML/Package/TeX.pool.ltxml...
(Loading /usr/share/perl5/LaTeXML/Package/eTeX.pool.ltxml... 0.00 sec)
(Loading /usr/share/perl5/LaTeXML/Package/pdfTeX.pool.ltxml... 0.01 sec) 0.11 sec)
(Processing content /home/user/latex-in-arxiv/2003/0302010.tex...
(Loading /usr/share/perl5/LaTeXML/Package/LaTeX.pool.ltxml...
(Loading /usr/share/perl5/LaTeXML/Package/textcomp.sty.ltxml...
(Processing definitions /usr/share/texlive/texmf-dist/tex/latex-dev/base/ts1enc.dfu... 0.03 sec) 1.46 sec) 1.62 sec)
(Loading /usr/share/perl5/LaTeXML/Package/article.cls.ltxml... 0.01 sec) 6.45 sec) 6.62 sec)
(Building...
(Loading compiled schema /usr/share/perl5/LaTeXML/resources/RelaxNG/LaTeXML.model... 0.01 sec) 6.01 sec)
(Rewriting... 0.12 sec)
(Math Parsing 231 formulae ......
Warning:not_parsed:ATOM.UNKNOWN.POSTSUPERSCRIPT>OPEN MathParser failed to match rule 'Anything'
	at 0302010.tex; line 199 col 11 - line 201 col 3
	In "$\displaystyle\frac{1}{2\kappa^{2}}\int d^{D}x\sqrt{-g}e^{-2\Phi}\left[R+4%
	\partial_{\mu}\Phi\partial^{\mu}\Phi-\frac{1}{12}H_{\mu\nu\rho}H^{\mu\nu\rho}%
	\right.$"
	\frac{1}{2\kappa^{2}}[[UNKNOWN]] ∫[[INTOP]] d[[UNKNOWN]] ^{D}[[POSTSUPERSCRIPT]] x[[UNKNOWN]] \sqrt{-g}[[UNKNOWN]] e[[UNKNOWN]] ^{-2\Phi}[[POSTSUPERSCRIPT]]
	        > \left[[[OPEN]] R[[UNKNOWN]] +[[ADDOP]] 4[[NUMBER]] ∂[[OPERATOR]] _{\mu}[[POSTSUBSCRIPT]] Φ[[UNKNOWN]] ∂[[OPERATOR]] ^{\mu}[[POSTSUPERSCRIPT]] Φ[[UNKNOWN]] -[[ADDOP]] \frac{1}{12}[[UNKNOWN]] H[[UNKNOWN]] _{\mu\nu\rho}[[POSTSUBSCRIPT]] H[[UNKNOWN]] ^{\mu\nu\rho}[[POSTSUPERSCRIPT]]
Warning:not_parsed:OPEN.UNKNOWN.CLOSE>CLOSE MathParser failed to match rule 'Anything'
	at 0302010.tex; line 201 col 13 - line 204 col 14
	In "$\displaystyle\hskip 56.905512pt\left.\frac{}{}-f_{ab}(\phi)F^{a}_{\mu\nu}F^{b%
	\mu\nu}-g_{IJ}(\phi)D_{\mu}\phi^{I}D^{\mu}\phi^{J}-V(\phi)\right].$"
	\frac{}{}[[UNKNOWN]] -[[ADDOP]] f[[UNKNOWN]] _{ab}[[POSTSUBSCRIPT]] ([[OPEN]] ϕ[[UNKNOWN]] )[[CLOSE]] F[[UNKNOWN]] ^{a}[[POSTSUPERSCRIPT]] _{\mu\nu}[[POSTSUBSCRIPT]] F[[UNKNOWN]] ^{b\mu\nu}[[POSTSUPERSCRIPT]] -[[ADDOP]] g[[UNKNOWN]] _{IJ}[[POSTSUBSCRIPT]] ([[OPEN]] ϕ[[UNKNOWN]] )[[CLOSE]] D[[UNKNOWN]] _{\mu}[[POSTSUBSCRIPT]] ϕ[[UNKNOWN]] ^{I}[[POSTSUPERSCRIPT]] D[[UNKNOWN]] ^{\mu}[[POSTSUPERSCRIPT]] ϕ[[UNKNOWN]] ^{J}[[POSTSUPERSCRIPT]] -[[ADDOP]] V[[UNKNOWN]] ([[OPEN]] ϕ[[UNKNOWN]] )[[CLOSE]]
	        > \right][[CLOSE]]
Warning:not_parsed:OPEN.ARRAY.CLOSE>PUNCT MathParser failed to match rule 'Anything'
	at 0302010.tex; line 645 col 0 - line 652 col 14
	In "\begin{equation}X=\left(\begin{array}[]{cccc}e^{a_{1}s}&&&\\
	&e^{a_{2}s}&&\\
	&&\ddots&\\
	&&&e^{a_{8}s}\end{array}\right)\hskip 14.226378pt\in\ SL(8,{\bf R}),\end{equation}"
	X[[UNKNOWN]] =[[RELOP]] \left([[OPEN]] Alignment[][[ARRAY]] \right)[[CLOSE]]
	        > \begin{equation}X=\left(\begin{array}[]{cccc}e^{a_{1}s}&&&\\
	&e^{a_{2}s}&&\\
	&&\ddots&\\
	&&&e^{a_{8}s}\end{array}\right)\hskip14.226378pt\in\ SL(8,{\bfR}),\end{equation}[[PUNCT]] ∈[[RELOP]] S[[UNKNOWN]] L[[UNKNOWN]] ([[OPEN]] 8[[NUMBER]] ,[[PUNCT]] R[[UNKNOWN]] )[[CLOSE]]
 7.55 sec)
Math parsing succeeded:
   ltx:XMArg: 580/580
   ltx:XMath: 228/231
Symbols assumed as simple identifiers (with # of occurences):
   'A{italic}' (8), 'B{italic}' (1), 'C{italic}' (7), 'D{italic}' (10), 'E{italic}' (7), 'F{italic}' (13), 'G{italic}' (8), 'H{italic}' (16), 'I{italic}' (9), 'J{italic}' (7), 'K{italic}' (3), 'L{italic}' (9), 'N{caligraphic}' (2), 'Omega' (5), 'O{italic}' (14), 'Phi' (32), 'P{caligraphic}' (16), 'P{italic}' (9), 'R{bold}' (8), 'R{italic}' (12), 'S{italic}' (58), 'T{italic}' (16), 'U{italic}' (3), 'V{caligraphic}' (3), 'V{italic}' (29), 'X{italic}' (3), 'alpha' (7), 'a{italic}' (17), 'beta' (17), 'b{italic}' (8), 'c{italic}' (4), 'delta' (2), 'd{italic}' (36), 'e{italic}' (65), 'f{italic}' (5), 'g{italic}' (16), 'i{italic}' (10), 'j{italic}' (11), 'kappa' (11), 'k{italic}' (3), 'lambda' (6), 'l{italic}' (10), 'mu' (39), 'm{italic}' (7), 'nu' (20), 'n{italic}' (7), 'o{italic}' (3), 'phi' (61), 'p{italic}' (9), 'q{italic}' (3), 'rho' (15), 'r{italic}' (46), 's{italic}' (36), 'theta' (4), 't{italic}' (30), 'u{italic}' (1), 'v{italic}' (1), 'x{italic}' (29), 'z{italic}' (41)
Set MATHPARSER_SPECULATE to speculate on possible notations.
(Finalizing... 0.78 sec)
Conversion complete 3 warnings (See /home/user/latex-in-arxiv/0302010.latexml.log) (reqd. 21.74s)
