latexml (LaTeXML version 0.8.6) processing 2003/0302149.tex
(Digesting TeX 0302149...
(Loading /usr/share/perl5/LaTeXML/Package/TeX.pool.ltxml...
(Loading /usr/share/perl5/LaTeXML/Package/eTeX.pool.ltxml... 0.00 sec)
(Loading /usr/share/perl5/LaTeXML/Package/pdfTeX.pool.ltxml... 0.01 sec) 0.12 sec)
(Processing content /home/user/latex-in-arxiv/2003/0302149.tex...
(Loading /usr/share/perl5/LaTeXML/Package/LaTeX.pool.ltxml...
(Loading /usr/share/perl5/LaTeXML/Package/textcomp.sty.ltxml...
(Processing definitions /usr/share/texlive/texmf-dist/tex/latex-dev/base/ts1enc.dfu... 0.03 sec) 1.33 sec) 1.51 sec)
(Loading /usr/share/perl5/LaTeXML/Package/article.cls.ltxml... 0.01 sec)
(Processing definitions /usr/share/texlive/texmf-dist/tex/plain/amsfonts/amssym.def...
(Loading /usr/share/perl5/LaTeXML/Package/amsa.fontmap.ltxml... 0.00 sec) 0.04 sec)
(Processing content /usr/share/texlive/texmf-dist/tex/plain/amsfonts/amssym.tex...
(Loading /usr/share/perl5/LaTeXML/Package/amsb.fontmap.ltxml... 0.00 sec) 0.26 sec) 3.62 sec) 3.75 sec)
(Building...
(Loading compiled schema /usr/share/perl5/LaTeXML/resources/RelaxNG/LaTeXML.model... 0.01 sec) 1.99 sec)
(Rewriting... 0.05 sec)
(Math Parsing 78 formulae ...... 2.55 sec)
Math parsing succeeded:
   ltx:XMath: 78/78
   ltx:XMArg: 291/291
Symbols assumed as simple identifiers (with # of occurences):
   'A{italic}' (3), 'Born' (5), 'B{italic}' (2), 'G{italic}' (3), 'Infeld' (5), 'L{italic}' (24), 'M{italic}' (2), 'S{italic}' (8), 'T{italic}' (54), 'U{italic}' (6), 'V{italic}' (1), 'alpha' (1), 'a{italic}' (1), 'beta' (1), 'b{italic}' (1), 'chi' (3), 'diag' (4), 'dim' (1), 'eta' (11), 'g{italic}' (2), 'lambda' (63), 'mu' (51), 'nu' (49), 'phi' (7), 'rho' (2), 'r{italic}' (4), 's{italic}' (2), 'theta' (1), 't{italic}' (13), 'x{bold}' (1)
Set MATHPARSER_SPECULATE to speculate on possible notations.
(Finalizing... 0.16 sec)
Conversion complete No obvious problems (reqd. 8.82s)
