latexml (LaTeXML version 0.8.6) processing 2003/0302157.tex
(Digesting TeX 0302157...
(Loading /usr/share/perl5/LaTeXML/Package/TeX.pool.ltxml...
(Loading /usr/share/perl5/LaTeXML/Package/eTeX.pool.ltxml... 0.00 sec)
(Loading /usr/share/perl5/LaTeXML/Package/pdfTeX.pool.ltxml... 0.01 sec) 0.11 sec)
(Processing content /home/user/latex-in-arxiv/2003/0302157.tex...
(Loading /usr/share/perl5/LaTeXML/Package/LaTeX.pool.ltxml...
(Loading /usr/share/perl5/LaTeXML/Package/textcomp.sty.ltxml...
(Processing definitions /usr/share/texlive/texmf-dist/tex/latex-dev/base/ts1enc.dfu... 0.02 sec) 0.92 sec) 1.09 sec)
(Loading /usr/share/perl5/LaTeXML/Package/article.cls.ltxml... 0.01 sec) 3.32 sec) 3.45 sec)
(Building...
(Loading compiled schema /usr/share/perl5/LaTeXML/resources/RelaxNG/LaTeXML.model... 0.01 sec) 2.37 sec)
(Rewriting... 0.07 sec)
(Math Parsing 204 formulae ......
Warning:not_parsed:POSTSUPERSCRIPT.ADDOP.ATOM>FLOATSUPERSCRIPT MathParser failed to match rule 'Anything'
	at 0302157.tex; line 67 col 71 - line 67 col 71
	In "\begin{equation}m^{2}=\frac{P_{0}^{2}-\vec{P}{}^{2}}{\left(1-\frac{P_{0}}{%
	\kappa}\right)^{2}},\end{equation}"
	P[[UNKNOWN]] _{0}[[POSTSUBSCRIPT]] ^{2}[[POSTSUPERSCRIPT]] -[[ADDOP]] \vec{P}[[UNKNOWN]]
	        > {}^{2}[[FLOATSUPERSCRIPT]]
Warning:not_parsed:ATOM>FLOATSUPERSCRIPT MathParser failed to match rule 'Anything'
	at 0302157.tex; line 91 col 37 - line 91 col 37
	In "$P_{-}=\frac{\vec{P}\,{}^{2}+m^{2}}{P_{+}}$"
	\vec{P}[[UNKNOWN]]
	        > {}^{2}[[FLOATSUPERSCRIPT]] +[[ADDOP]] m[[UNKNOWN]] ^{2}[[POSTSUPERSCRIPT]]
Warning:not_parsed:ATOM>FLOATSUPERSCRIPT MathParser failed to match rule 'Anything'
	at 0302157.tex; line 92 col 17 - line 92 col 17
	In "$P_{0}=\sqrt{\vec{P}\,{}^{2}+m^{2}}$"
	\vec{P}[[UNKNOWN]]
	        > {}^{2}[[FLOATSUPERSCRIPT]] +[[ADDOP]] m[[UNKNOWN]] ^{2}[[POSTSUPERSCRIPT]]
Warning:not_parsed:ADDOP.ATOM.ATOM>FLOATSUPERSCRIPT MathParser failed to match rule 'Anything'
	at 0302157.tex; line 148 col 7 - line 148 col 7
	In "$\displaystyle[M^{-+},P_{-}]=-iP_{-}-\frac{i}{2\kappa}\vec{P}\,{}^{2}\@@ENDINLINEMATH"
	[[[OPEN]] M[[UNKNOWN]] ^{-+}[[POSTSUPERSCRIPT]] ,[[PUNCT]] P[[UNKNOWN]] _{-}[[POSTSUBSCRIPT]] ][[CLOSE]] =[[RELOP]] -[[ADDOP]] i[[UNKNOWN]] P[[UNKNOWN]] _{-}[[POSTSUBSCRIPT]] -[[ADDOP]] \frac{i}{2\kappa}[[UNKNOWN]] \vec{P}[[UNKNOWN]]
	        > {}^{2}[[FLOATSUPERSCRIPT]]
Warning:not_parsed:ADDOP.ATOM.ATOM>FLOATSUPERSCRIPT MathParser failed to match rule 'Anything'
	at 0302157.tex; line 148 col 34 - line 149 col 7
	In "$\displaystyle-iP_{-}-\frac{i}{2\kappa}\vec{P}\,{}^{2}$"
	-[[ADDOP]] i[[UNKNOWN]] P[[UNKNOWN]] _{-}[[POSTSUBSCRIPT]] -[[ADDOP]] \frac{i}{2\kappa}[[UNKNOWN]] \vec{P}[[UNKNOWN]]
	        > {}^{2}[[FLOATSUPERSCRIPT]]
Warning:not_parsed:UNKNOWN.POSTSUPERSCRIPT.POSTSUBSCRIPT>OPEN MathParser failed to match rule 'Anything'
	at 0302157.tex; line 150 col 7 - line 150 col 7
	In "$\displaystyle[M^{i+},P_{k}]=-i\delta^{i}_{\ k}\left(P_{-}\,e^{-P_{+}/\kappa}+%
	\frac{1}{2\kappa}\vec{P}\,{}^{2}\right)-\frac{i}{\kappa}P^{i}P_{k}\@@ENDINLINEMATH"
	[[[OPEN]] M[[UNKNOWN]] ^{i+}[[POSTSUPERSCRIPT]] ,[[PUNCT]] P[[UNKNOWN]] _{k}[[POSTSUBSCRIPT]] ][[CLOSE]] =[[RELOP]] -[[ADDOP]] i[[UNKNOWN]] δ[[UNKNOWN]] ^{i}[[POSTSUPERSCRIPT]] _{\ k}[[POSTSUBSCRIPT]]
	        > \left([[OPEN]] P[[UNKNOWN]] _{-}[[POSTSUBSCRIPT]] e[[UNKNOWN]] ^{-P_{+}/\kappa}[[POSTSUPERSCRIPT]] +[[ADDOP]] \frac{1}{2\kappa}[[UNKNOWN]] \vec{P}[[UNKNOWN]] {}^{2}[[FLOATSUPERSCRIPT]] \right)[[CLOSE]] -[[ADDOP]] \frac{i}{\kappa}[[UNKNOWN]] P[[UNKNOWN]] ^{i}[[POSTSUPERSCRIPT]] P[[UNKNOWN]] _{k}[[POSTSUBSCRIPT]]
Warning:not_parsed:UNKNOWN.POSTSUPERSCRIPT.POSTSUBSCRIPT>OPEN MathParser failed to match rule 'Anything'
	at 0302157.tex; line 150 col 34 - line 153 col 7
	In "$\displaystyle-i\delta^{i}_{\ k}\left(P_{-}\,e^{-P_{+}/\kappa}+\frac{1}{2%
	\kappa}\vec{P}\,{}^{2}\right)-\frac{i}{\kappa}P^{i}P_{k}$"
	-[[ADDOP]] i[[UNKNOWN]] δ[[UNKNOWN]] ^{i}[[POSTSUPERSCRIPT]] _{\ k}[[POSTSUBSCRIPT]]
	        > \left([[OPEN]] P[[UNKNOWN]] _{-}[[POSTSUBSCRIPT]] e[[UNKNOWN]] ^{-P_{+}/\kappa}[[POSTSUPERSCRIPT]] +[[ADDOP]] \frac{1}{2\kappa}[[UNKNOWN]] \vec{P}[[UNKNOWN]] {}^{2}[[FLOATSUPERSCRIPT]] \right)[[CLOSE]] -[[ADDOP]] \frac{i}{\kappa}[[UNKNOWN]] P[[UNKNOWN]] ^{i}[[POSTSUPERSCRIPT]] P[[UNKNOWN]] _{k}[[POSTSUBSCRIPT]]
Warning:not_parsed:ATOM>FLOATSUPERSCRIPT MathParser failed to match rule 'Anything'
	at 0302157.tex; line 157 col 20 - line 157 col 37
	In "$\vec{P}\,{}^{2}=P_{1}^{2}+P_{2}^{2}$"
	\vec{P}[[UNKNOWN]]
	        > {}^{2}[[FLOATSUPERSCRIPT]] =[[RELOP]] P[[UNKNOWN]] _{1}[[POSTSUBSCRIPT]] ^{2}[[POSTSUPERSCRIPT]] +[[ADDOP]] P[[UNKNOWN]] _{2}[[POSTSUBSCRIPT]] ^{2}[[POSTSUPERSCRIPT]]
Warning:not_parsed:ATOM>FLOATSUPERSCRIPT MathParser failed to match rule 'Anything'
	at 0302157.tex; line 167 col 16 - line 169 col 14
	In "\begin{equation}\vec{P}\,{}^{2}=2\kappa P_{-}\end{equation}"
	\vec{P}[[UNKNOWN]]
	        > {}^{2}[[FLOATSUPERSCRIPT]] =[[RELOP]] 2[[NUMBER]] κ[[UNKNOWN]] P[[UNKNOWN]] _{-}[[POSTSUBSCRIPT]]
Warning:not_parsed:ATOM>FLOATSUPERSCRIPT MathParser failed to match rule 'Anything'
	at 0302157.tex; line 171 col 0 - line 173 col 2
	In "$$\vec{P}\,{}^{2}+m^{2}=2P_{+}P_{-}$$"
	\vec{P}[[UNKNOWN]]
	        > {}^{2}[[FLOATSUPERSCRIPT]] +[[ADDOP]] m[[UNKNOWN]] ^{2}[[POSTSUPERSCRIPT]] =[[RELOP]] 2[[NUMBER]] P[[UNKNOWN]] _{+}[[POSTSUBSCRIPT]] P[[UNKNOWN]] _{-}[[POSTSUBSCRIPT]]
Warning:not_parsed:UNKNOWN.POSTSUPERSCRIPT>FLOATSUBSCRIPT MathParser failed to match rule 'Anything'
	at 0302157.tex; line 188 col 25 - line 188 col 25
	In "\begin{equation}\begin{array}[]{rcl}\Delta(P_{+})&=&1\otimes P_{+}+P_{+}%
	\otimes 1\\
	\Delta(P_{I})&=&P_{I}\otimes e^{-P_{+}/\kappa}+1\otimes P_{I}\\
	\Delta(M^{IJ})&=&1\otimes M^{IJ}+M^{IJ}\otimes 1\\
	\Delta(M^{I+})&=&M^{I+}\otimes e^{-P_{+}/\kappa}+1\otimes M^{I+}-\frac{1}{%
	\kappa}M^{IJ}\otimes P_{J}\\
	\Delta(X^{\mu})&=&\Lambda^{\mu}{}_{\nu}\otimes X^{\nu}+X^{\mu}\otimes 1\\
	\Delta(\Lambda^{\mu}{}_{\nu})&=&\Lambda^{\mu}{}_{\rho}\otimes\Lambda^{\rho}{}_%
	{\nu}\\
	\end{array}\end{equation}"
	Λ[[UNKNOWN]] ^{\mu}[[POSTSUPERSCRIPT]]
	        > {}_{\nu}[[FLOATSUBSCRIPT]] ⊗[[MULOP]] X[[UNKNOWN]] ^{\nu}[[POSTSUPERSCRIPT]] +[[ADDOP]] X[[UNKNOWN]] ^{\mu}[[POSTSUPERSCRIPT]] ⊗[[MULOP]] 1[[NUMBER]]
Warning:not_parsed:UNKNOWN>OPEN MathParser failed to match rule 'Anything'
	at 0302157.tex; line 189 col 6 - line 189 col 6
	Δ[[UNKNOWN]]
	        > ([[OPEN]] Λ[[UNKNOWN]] ^{\mu}[[POSTSUPERSCRIPT]] {}_{\nu}[[FLOATSUBSCRIPT]] )[[CLOSE]]
Warning:not_parsed:UNKNOWN.POSTSUPERSCRIPT>FLOATSUBSCRIPT MathParser failed to match rule 'Anything'
	at 0302157.tex; line 189 col 39 - line 189 col 39
	Λ[[UNKNOWN]] ^{\mu}[[POSTSUPERSCRIPT]]
	        > {}_{\rho}[[FLOATSUBSCRIPT]] ⊗[[MULOP]] Λ[[UNKNOWN]] ^{\rho}[[POSTSUPERSCRIPT]] {}_{\nu}[[FLOATSUBSCRIPT]]
Warning:not_parsed:PUNCT.UNKNOWN.POSTSUPERSCRIPT>RELOP MathParser failed to match rule 'Anything'
	at 0302157.tex; line 196 col 1 - line 196 col 1
	In "\begin{equation}\begin{array}[]{rcl}<P_{\mu},X^{\nu}>&=&i\delta_{\mu}^{\nu}\\
	<\Lambda^{\mu}{}_{\nu},M^{\alpha\beta}>&=&i\left(g^{\alpha\mu}\delta^{\beta}_{%
	\nu}-g^{\beta\mu}\delta^{\alpha}_{\nu}\right)\\
	<\Lambda^{\mu}{}_{\nu},1>&=&\delta^{\mu}_{\nu}\end{array}\end{equation}"
	<[[RELOP]] P[[UNKNOWN]] _{\mu}[[POSTSUBSCRIPT]] ,[[PUNCT]] X[[UNKNOWN]] ^{\nu}[[POSTSUPERSCRIPT]]
	        > >[[RELOP]]
Warning:not_parsed:RELOP.UNKNOWN.POSTSUPERSCRIPT>FLOATSUBSCRIPT MathParser failed to match rule 'Anything'
	at 0302157.tex; line 197 col 1 - line 197 col 1
	<[[RELOP]] Λ[[UNKNOWN]] ^{\mu}[[POSTSUPERSCRIPT]]
	        > {}_{\nu}[[FLOATSUBSCRIPT]] ,[[PUNCT]] M[[UNKNOWN]] ^{\alpha\beta}[[POSTSUPERSCRIPT]] >[[RELOP]]
Warning:not_parsed:RELOP.UNKNOWN.POSTSUPERSCRIPT>FLOATSUBSCRIPT MathParser failed to match rule 'Anything'
	at 0302157.tex; line 199 col 1 - line 199 col 1
	<[[RELOP]] Λ[[UNKNOWN]] ^{\mu}[[POSTSUPERSCRIPT]]
	        > {}_{\nu}[[FLOATSUBSCRIPT]] ,[[PUNCT]] 1[[NUMBER]] >[[RELOP]]
Warning:not_parsed:UNKNOWN.POSTSUBSCRIPT>OPEN MathParser failed to match rule 'Anything'
	at 0302157.tex; line 240 col 19 - line 240 col 19
	In "\begin{equation}\begin{array}[]{rcl}P_{+}&\rightarrow&{\cal P}_{+}\,\left(P_{+%
	},P_{-},\vec{P}\,{}^{2}\right)\\
	P_{-}&\rightarrow&{\cal P}_{-}\,\left(P_{+},P_{-},\vec{P}\,{}^{2}\right)\\
	P_{-}&\rightarrow&{\cal P}_{i}\,\left(P_{+},P_{-},\vec{P}\,{}^{2},P_{i}\right)%
	=A\left(P_{+},P_{-},\vec{P}\,{}^{2}\right)\,P_{i}\end{array}\end{equation}"
	P[[UNKNOWN]] _{+}[[POSTSUBSCRIPT]]
	        > \left([[OPEN]] P[[UNKNOWN]] _{+}[[POSTSUBSCRIPT]] ,[[PUNCT]] P[[UNKNOWN]] _{-}[[POSTSUBSCRIPT]] ,[[PUNCT]] \vec{P}[[UNKNOWN]] {}^{2}[[FLOATSUPERSCRIPT]] \right)[[CLOSE]]
Warning:not_parsed:UNKNOWN.POSTSUBSCRIPT>OPEN MathParser failed to match rule 'Anything'
	at 0302157.tex; line 241 col 19 - line 241 col 19
	P[[UNKNOWN]] _{-}[[POSTSUBSCRIPT]]
	        > \left([[OPEN]] P[[UNKNOWN]] _{+}[[POSTSUBSCRIPT]] ,[[PUNCT]] P[[UNKNOWN]] _{-}[[POSTSUBSCRIPT]] ,[[PUNCT]] \vec{P}[[UNKNOWN]] {}^{2}[[FLOATSUPERSCRIPT]] \right)[[CLOSE]]
Warning:not_parsed:UNKNOWN.POSTSUBSCRIPT>OPEN MathParser failed to match rule 'Anything'
	at 0302157.tex; line 242 col 19 - line 242 col 19
	P[[UNKNOWN]] _{i}[[POSTSUBSCRIPT]]
	        > \left([[OPEN]] P[[UNKNOWN]] _{+}[[POSTSUBSCRIPT]] ,[[PUNCT]] P[[UNKNOWN]] _{-}[[POSTSUBSCRIPT]] ,[[PUNCT]] \vec{P}[[UNKNOWN]] {}^{2}[[FLOATSUPERSCRIPT]] ,[[PUNCT]] P[[UNKNOWN]] _{i}[[POSTSUBSCRIPT]] \right)[[CLOSE]] =[[RELOP]] A[[UNKNOWN]] \left([[OPEN]] P[[UNKNOWN]] _{+}[[POSTSUBSCRIPT]] ,[[PUNCT]] P[[UNKNOWN]] _{-}[[POSTSUBSCRIPT]] ,[[PUNCT]] \vec{P}[[UNKNOWN]] {}^{2}[[FLOATSUPERSCRIPT]] \right)[[CLOSE]] P[[UNKNOWN]] _{i}[[POSTSUBSCRIPT]]
Warning:not_parsed:ADDOP.ATOM.ATOM>FLOATSUPERSCRIPT MathParser failed to match rule 'Anything'
	at 0302157.tex; line 359 col 5 - line 359 col 5
	In "$\displaystyle\frac{d\,P_{-}}{d\xi}=-P_{-}-\frac{1}{2\kappa}\vec{P}\,{}^{2}\@@ENDINLINEMATH"
	\frac{d\,P_{-}}{d\xi}[[UNKNOWN]] =[[RELOP]] -[[ADDOP]] P[[UNKNOWN]] _{-}[[POSTSUBSCRIPT]] -[[ADDOP]] \frac{1}{2\kappa}[[UNKNOWN]] \vec{P}[[UNKNOWN]]
	        > {}^{2}[[FLOATSUPERSCRIPT]]
Warning:not_parsed:ADDOP.ATOM.ATOM>FLOATSUPERSCRIPT MathParser failed to match rule 'Anything'
	at 0302157.tex; line 359 col 28 - line 360 col 5
	In "$\displaystyle-P_{-}-\frac{1}{2\kappa}\vec{P}\,{}^{2}$"
	-[[ADDOP]] P[[UNKNOWN]] _{-}[[POSTSUBSCRIPT]] -[[ADDOP]] \frac{1}{2\kappa}[[UNKNOWN]] \vec{P}[[UNKNOWN]]
	        > {}^{2}[[FLOATSUPERSCRIPT]]
Warning:not_parsed:NUMBER.CLOSE.ATOM>FLOATSUPERSCRIPT MathParser failed to match rule 'Anything'
	at 0302157.tex; line 371 col 4 - line 371 col 4
	In "\begin{equation}P_{-}(\xi)=e^{-\xi}\left[\pi_{-}-\frac{(C+1)\,\vec{\pi}\,{}^{2%
	}}{2\kappa C}+\frac{(C+1)^{2}\,\vec{\pi}\,{}^{2}}{2\kappa C(1+C\,e^{\xi})}%
	\right]\end{equation}"
	([[OPEN]] C[[UNKNOWN]] +[[ADDOP]] 1[[NUMBER]] )[[CLOSE]] \vec{\pi}[[UNKNOWN]]
	        > {}^{2}[[FLOATSUPERSCRIPT]]
Warning:not_parsed:CLOSE.POSTSUPERSCRIPT.ATOM>FLOATSUPERSCRIPT MathParser failed to match rule 'Anything'
	at 0302157.tex; line 372 col 9 - line 372 col 9
	([[OPEN]] C[[UNKNOWN]] +[[ADDOP]] 1[[NUMBER]] )[[CLOSE]] ^{2}[[POSTSUPERSCRIPT]] \vec{\pi}[[UNKNOWN]]
	        > {}^{2}[[FLOATSUPERSCRIPT]]
Warning:not_parsed:CLOSE.POSTSUPERSCRIPT.ATOM>FLOATSUPERSCRIPT MathParser failed to match rule 'Anything'
	at 0302157.tex; line 386 col 9 - line 386 col 9
	In "\begin{equation}P_{-}(\xi)=e^{-\xi}\left[\frac{m^{2}}{2\kappa C}+\frac{(C+1)^{%
	2}\,\vec{\pi}\,{}^{2}}{2\kappa C(1+C\,e^{\xi})}\right]\end{equation}"
	([[OPEN]] C[[UNKNOWN]] +[[ADDOP]] 1[[NUMBER]] )[[CLOSE]] ^{2}[[POSTSUPERSCRIPT]] \vec{\pi}[[UNKNOWN]]
	        > {}^{2}[[FLOATSUPERSCRIPT]]
 4.49 sec)
Math parsing succeeded:
   ltx:XMArg: 679/694
   ltx:XMath: 195/204
Symbols assumed as simple identifiers (with # of occurences):
   'A{italic}' (2), 'C{italic}' (16), 'Delta' (9), 'G{italic}' (26), 'I{italic}' (7), 'J{italic}' (4), 'K{italic}' (13), 'Lambda' (16), 'L{italic}' (6), 'M{italic}' (75), 'P{caligraphic}' (10), 'P{italic}' (220), 'Q{caligraphic}' (4), 'R{caligraphic}' (7), 'X{italic}' (51), 'alpha' (2), 'beta' (2), 'delta' (37), 'd{italic}' (12), 'e{italic}' (38), 'g{italic}' (23), 'i{italic}' (85), 'j{italic}' (22), 'kappa' (52), 'k{italic}' (8), 'lambda' (5), 'mu' (14), 'm{italic}' (11), 'nu' (8), 'pi' (10), 'sigma' (5), 'xi' (27)
Set MATHPARSER_SPECULATE to speculate on possible notations.
(Finalizing... 0.39 sec)
Conversion complete 24 warnings (See /home/user/latex-in-arxiv/0302157.latexml.log) (reqd. 11.11s)
