latexml (LaTeXML version 0.8.6) processing 2003/0302151.tex
(Digesting TeX 0302151...
(Loading /usr/share/perl5/LaTeXML/Package/TeX.pool.ltxml...
(Loading /usr/share/perl5/LaTeXML/Package/eTeX.pool.ltxml... 0.01 sec)
(Loading /usr/share/perl5/LaTeXML/Package/pdfTeX.pool.ltxml... 0.01 sec) 0.19 sec)
(Processing content /home/user/latex-in-arxiv/2003/0302151.tex...
(Loading /usr/share/perl5/LaTeXML/Package/LaTeX.pool.ltxml...
(Loading /usr/share/perl5/LaTeXML/Package/textcomp.sty.ltxml...
(Processing definitions /usr/share/texlive/texmf-dist/tex/latex-dev/base/ts1enc.dfu... 0.03 sec) 1.42 sec) 1.70 sec)
(Loading /usr/share/perl5/LaTeXML/Package/revtex4.cls.ltxml...
(Loading /usr/share/perl5/LaTeXML/Package/article.cls.ltxml... 0.01 sec)
(Loading /usr/share/perl5/LaTeXML/Package/revtex4_support.sty.ltxml...
(Loading /usr/share/perl5/LaTeXML/Package/hyperref.sty.ltxml...
(Loading /usr/share/perl5/LaTeXML/Package/keyval.sty.ltxml...
(Processing definitions /usr/share/texlive/texmf-dist/tex/latex-dev/graphics/keyval.sty... 0.02 sec) 0.02 sec)
(Loading /usr/share/perl5/LaTeXML/Package/nameref.sty.ltxml... 0.00 sec)
(Loading /usr/share/perl5/LaTeXML/Package/url.sty.ltxml... 0.00 sec) 0.10 sec)
(Loading /usr/share/perl5/LaTeXML/Package/natbib.sty.ltxml... 0.02 sec)
(Loading /usr/share/perl5/LaTeXML/Package/revsymb.sty.ltxml... 0.00 sec)
(Loading /usr/share/perl5/LaTeXML/Package/longtable.sty.ltxml... 0.00 sec)
(Loading /usr/share/perl5/LaTeXML/Package/dcolumn.sty.ltxml...
(Loading /usr/share/perl5/LaTeXML/Package/array.sty.ltxml... 0.00 sec) 0.01 sec) 0.19 sec) 0.62 sec)
(Loading /usr/share/perl5/LaTeXML/Package/amsmath.sty.ltxml...
(Loading /usr/share/perl5/LaTeXML/Package/amsbsy.sty.ltxml...
(Loading /usr/share/perl5/LaTeXML/Package/amsgen.sty.ltxml... 0.00 sec) 0.01 sec)
(Loading /usr/share/perl5/LaTeXML/Package/amstext.sty.ltxml... 0.01 sec)
(Loading /usr/share/perl5/LaTeXML/Package/amsopn.sty.ltxml... 0.01 sec) 0.06 sec)
(Loading /usr/share/perl5/LaTeXML/Package/amsfonts.sty.ltxml... 0.00 sec)
(Loading /usr/share/perl5/LaTeXML/Package/amssymb.sty.ltxml... 0.02 sec)
(Loading /usr/share/perl5/LaTeXML/Package/graphicx.sty.ltxml...
(Loading /usr/share/perl5/LaTeXML/Package/graphics.sty.ltxml... 0.01 sec) 0.03 sec)
(Loading /usr/share/perl5/LaTeXML/Package/amscd.sty.ltxml... 0.01 sec) 14.62 sec) 14.90 sec)
(Building...
(Loading compiled schema /usr/share/perl5/LaTeXML/resources/RelaxNG/LaTeXML.model... 0.01 sec)
Info:malformed:id Duplicated attribute xml:id
	at 0302151.tex; line 220 col 0 - line 220 col 27
	Using id='footnote1a' on <ltx:note _font="Font[serif,medium,upright,10,b..." mark="1" role="footnote"/>
	id='footnote1' already set on <ltx:note _font="Font[serif,medium,upright,12,b..." mark="*" role="footnote" xml:id="footnote1" _box="LaTeXML::Core::Whatsit=HASH(0x...">...
Info:malformed:id Duplicated attribute xml:id
	at 0302151.tex; line 369 col 0 - line 369 col 63
	Using id='footnote2a' on <ltx:note _font="Font[serif,medium,upright,10,b..." mark="2" role="footnote"/>
	id='footnote2' already set on <ltx:note _font="Font[serif,medium,upright,12,b..." mark="†" role="footnote" xml:id="footnote2" _box="LaTeXML::Core::Whatsit=HASH(0x...">...
Info:malformed:id Duplicated attribute xml:id
	at 0302151.tex; line 505 col 72 - line 505 col 72
	Using id='footnote3a' on <ltx:note _font="Font[serif,medium,upright,10,b..." mark="3" role="footnote"/>
	id='footnote3' already set on <ltx:note _font="Font[serif,medium,upright,12,b..." mark="‡" role="footnote" xml:id="footnote3" _box="LaTeXML::Core::Whatsit=HASH(0x...">...
Info:malformed:id Duplicated attribute xml:id
	at 0302151.tex; line 1650 col 5 - line 1650 col 5
	Using id='A1.E104a' on <ltx:XMRow _box="Alignment[]" _font="Font[math,medium,italic,10,bla..."/>
	id='A1.E104' already set on <ltx:equation _box="LaTeXML::Core::Alignment=HASH(..." _font="Font[serif,medium,upright,10,b..." xml:id="A1.E104" _ID_counter_m_="1">...
 14.81 sec)
(Rewriting... 0.34 sec)
(Math Parsing 712 formulae ......
Warning:not_parsed:UNKNOWN>CLOSE MathParser failed to match rule 'Superscript'
	at 0302151.tex; line 57 col 6 - line 57 col 6
	In "${}^{a)}$"
	a[[UNKNOWN]]
	        > )[[CLOSE]]
Warning:not_parsed:UNKNOWN>CLOSE MathParser failed to match rule 'Superscript'
	at 0302151.tex; line 60 col 6 - line 60 col 6
	In "${}^{b)}$"
	b[[UNKNOWN]]
	        > )[[CLOSE]]
Warning:not_parsed:UNKNOWN>OPEN MathParser failed to match rule 'Anything'
	at 0302151.tex; line 199 col 48 - line 200 col 14
	In "$A\left(\bar{x},\xi,\xi{}^{gh}\right)$"
	A[[UNKNOWN]]
	        > \left([[OPEN]] \bar{x}[[UNKNOWN]] ,[[PUNCT]] ξ[[UNKNOWN]] ,[[PUNCT]] ξ[[UNKNOWN]] {}^{gh}[[FLOATSUPERSCRIPT]] \right)[[CLOSE]]
 29.82 sec)
Math parsing succeeded:
   ltx:XMath: 711/712
   ltx:XMArg: 3275/3277
Symbols assumed as simple identifiers (with # of occurences):
   'A{italic}' (317), 'B{caligraphic}' (46), 'B{italic}' (7), 'Delta' (7), 'D{italic}' (9), 'I{italic}' (2), 'J{italic}' (13), 'Lambda' (14), 'L{caligraphic}' (100), 'L{italic}' (59), 'M{italic}' (8), 'N{italic}' (25), 'O{italic}' (2), 'Psi' (1), 'P{italic}' (33), 'Q{caligraphic}' (2), 'Q{italic}' (4), 'R{bold}' (2), 'R{italic}' (13), 'Sigma' (1), 'S{italic}' (76), 'Tr' (2), 'T{italic}' (27), 'U{italic}' (55), 'V{italic}' (8), 'Z{bold}' (2), 'Z{italic}' (4), 'alpha' (79), 'a{italic}' (110), 'beta' (129), 'b{italic}' (34), 'c{italic}' (27), 'delta' (32), 'd{italic}' (44), 'epsilon' (50), 'eta' (15), 'e{italic}' (262), 'f{italic}' (3), 'gamma' (53), 'g{italic}' (88), 'h{italic}' (30), 'i{italic}' (47), 'j{italic}' (3), 'kappa' (197), 'k{bold}' (5), 'k{italic}' (54), 'lambda' (55), 'l{bold}' (1), 'l{italic}' (69), 'mu' (29), 'm{bold}' (1), 'm{italic}' (44), 'nu' (31), 'n{bold}' (23), 'n{italic}' (57), 'o{italic}' (97), 'phi' (99), 'psi' (13), 'p{italic}' (57), 'q{italic}' (19), 'r{italic}' (39), 'sigma' (2), 's{italic}' (22), 'tau' (11), 'theta' (38), 't{italic}' (54), 'varphi' (2), 'v{italic}' (26), 'w{italic}' (117), 'xi' (19), 'x{italic}' (57), 'y{italic}' (8), 'zeta' (2)
Set MATHPARSER_SPECULATE to speculate on possible notations.
(Finalizing... 3.27 sec)
Conversion complete 3 warnings (See /home/user/latex-in-arxiv/0302151.latexml.log) (reqd. 1m 4.81s)
