latexml (LaTeXML version 0.8.6) processing 2003/0302005.tex
(Digesting TeX 0302005...
(Loading /usr/share/perl5/LaTeXML/Package/TeX.pool.ltxml...
(Loading /usr/share/perl5/LaTeXML/Package/eTeX.pool.ltxml... 0.01 sec)
(Loading /usr/share/perl5/LaTeXML/Package/pdfTeX.pool.ltxml... 0.01 sec) 0.20 sec)
(Processing content /home/user/latex-in-arxiv/2003/0302005.tex...
(Loading /usr/share/perl5/LaTeXML/Package/LaTeX.pool.ltxml...
(Loading /usr/share/perl5/LaTeXML/Package/textcomp.sty.ltxml...
(Processing definitions /usr/share/texlive/texmf-dist/tex/latex-dev/base/ts1enc.dfu... 0.03 sec) 1.49 sec) 1.78 sec)
Info:unexpected:\documentstyle Entering LaTeX 2.09 Compatibility mode
	at 0302005.tex; line 1 col 0 - line 1 col 29
(Loading /usr/share/perl5/LaTeXML/Package/article.cls.ltxml... 0.02 sec)
Info:unexpected:titlepage When using titlepage, Frontmatter will not be well-structured
	at 0302005.tex; line 31 col 0 - line 31 col 17
 10.60 sec) 10.86 sec)
(Building...
(Loading compiled schema /usr/share/perl5/LaTeXML/resources/RelaxNG/LaTeXML.model... 0.01 sec)
Warning:unexpected:eqnarray Unrecognized equation patterns (1) in eqnarray
	at 0302005.tex; line 300 col 1 - line 300 col 1
	In Core::Definition::Constructor[\@@eqna... /usr/share/perl5/LaTeXML/Package/LaTeX.pool.ltxml; line 2290
 10.39 sec)
(Rewriting... 0.42 sec)
(Math Parsing 410 formulae ......
Warning:not_parsed:UNKNOWN.POSTSUPERSCRIPT.UNKNOWN>OPEN MathParser failed to match rule 'Anything'
	at 0302005.tex; line 268 col 1 - line 272 col 16
	In "$\displaystyle-{1\over 4\pi}\int d^{2}\xi[-\partial_{a}\tilde{t}\partial^{a}%
	\tilde{t}+\partial_{a}\tilde{\eta_{2}}\partial^{a}\tilde{\eta_{2}}+\partial_{a%
	}\tilde{\vec{y}}\partial^{a}\tilde{\vec{y}}+\partial_{a}\tilde{z}_{i}\partial^%
	{a}\tilde{z}_{i}+k^{2}\tilde{z}^{2}$"
	-[[ADDOP]] 1\over4\pi[[UNKNOWN]] ∫[[INTOP]] d[[UNKNOWN]] ^{2}[[POSTSUPERSCRIPT]] ξ[[UNKNOWN]]
	        > [[[OPEN]] -[[ADDOP]] ∂[[OPERATOR]] _{a}[[POSTSUBSCRIPT]] \tilde{t}[[UNKNOWN]] ∂[[OPERATOR]] ^{a}[[POSTSUPERSCRIPT]] \tilde{t}[[UNKNOWN]] +[[ADDOP]] ∂[[OPERATOR]] _{a}[[POSTSUBSCRIPT]] \tilde{\eta_{2}}[[UNKNOWN]] ∂[[OPERATOR]] ^{a}[[POSTSUPERSCRIPT]] \tilde{\eta_{2}}[[UNKNOWN]] +[[ADDOP]] ∂[[OPERATOR]] _{a}[[POSTSUBSCRIPT]] \tilde{\vec{y}}[[UNKNOWN]] ∂[[OPERATOR]] ^{a}[[POSTSUPERSCRIPT]] \tilde{\vec{y}}[[UNKNOWN]] +[[ADDOP]] ∂[[OPERATOR]] _{a}[[POSTSUBSCRIPT]] \tilde{z}[[UNKNOWN]] _{i}[[POSTSUBSCRIPT]] ∂[[OPERATOR]] ^{a}[[POSTSUPERSCRIPT]] \tilde{z}[[UNKNOWN]] _{i}[[POSTSUBSCRIPT]] +[[ADDOP]] k[[UNKNOWN]] ^{2}[[POSTSUPERSCRIPT]] \tilde{z}[[UNKNOWN]] ^{2}[[POSTSUPERSCRIPT]]
Warning:not_parsed:OPERATOR.POSTSUBSCRIPT.ATOM>CLOSE MathParser failed to match rule 'Anything'
	at 0302005.tex; line 273 col 4 - line 276 col 4
	In "$\displaystyle\;\;\;\;\;\;\;\;\;\;\;\;\;\;\;\;\;\;+4k\tilde{z_{2}}\partial_{%
	\sigma}\tilde{z_{1}}]\;.$"
	+[[ADDOP]] 4[[NUMBER]] k[[UNKNOWN]] \tilde{z_{2}}[[UNKNOWN]] ∂[[OPERATOR]] _{\sigma}[[POSTSUBSCRIPT]] \tilde{z_{1}}[[UNKNOWN]]
	        > ][[CLOSE]]
Warning:not_parsed:UNKNOWN.POSTSUPERSCRIPT.UNKNOWN>OPEN MathParser failed to match rule 'Anything'
	at 0302005.tex; line 287 col 13 - line 291 col 33
	In "$\displaystyle-{1\over 4\pi}\int d^{2}\xi[\partial_{a}x^{+}\partial^{a}x^{-}-{%
	1\over 4}z_{i}^{2}\partial_{a}x^{+}\partial^{a}x^{+}+\partial_{a}\vec{y}%
	\partial^{a}\vec{y}+\partial_{a}z_{i}\partial^{a}z_{i}$"
	-[[ADDOP]] 1\over4\pi[[UNKNOWN]] ∫[[INTOP]] d[[UNKNOWN]] ^{2}[[POSTSUPERSCRIPT]] ξ[[UNKNOWN]]
	        > [[[OPEN]] ∂[[OPERATOR]] _{a}[[POSTSUBSCRIPT]] x[[UNKNOWN]] ^{+}[[POSTSUPERSCRIPT]] ∂[[OPERATOR]] ^{a}[[POSTSUPERSCRIPT]] x[[UNKNOWN]] ^{-}[[POSTSUPERSCRIPT]] -[[ADDOP]] 1\over4[[UNKNOWN]] z[[UNKNOWN]] _{i}[[POSTSUBSCRIPT]] ^{2}[[POSTSUPERSCRIPT]] ∂[[OPERATOR]] _{a}[[POSTSUBSCRIPT]] x[[UNKNOWN]] ^{+}[[POSTSUPERSCRIPT]] ∂[[OPERATOR]] ^{a}[[POSTSUPERSCRIPT]] x[[UNKNOWN]] ^{+}[[POSTSUPERSCRIPT]] +[[ADDOP]] ∂[[OPERATOR]] _{a}[[POSTSUBSCRIPT]] \vec{y}[[UNKNOWN]] ∂[[OPERATOR]] ^{a}[[POSTSUPERSCRIPT]] \vec{y}[[UNKNOWN]] +[[ADDOP]] ∂[[OPERATOR]] _{a}[[POSTSUBSCRIPT]] z[[UNKNOWN]] _{i}[[POSTSUBSCRIPT]] ∂[[OPERATOR]] ^{a}[[POSTSUPERSCRIPT]] z[[UNKNOWN]] _{i}[[POSTSUBSCRIPT]]
Warning:not_parsed:POSTSUBSCRIPT.UNKNOWN.POSTSUBSCRIPT>CLOSE MathParser failed to match rule 'Anything'
	at 0302005.tex; line 291 col 38 - line 293 col 4
	In "$\displaystyle\;\;\;\;\;\;\;\;\;\;\;\;\;\;\;\;\;+2B_{+z_{1}}\partial_{\tau}x^{%
	+}\partial_{\sigma}z_{1}]\;,$"
	+[[ADDOP]] 2[[NUMBER]] B[[UNKNOWN]] _{+z_{1}}[[POSTSUBSCRIPT]] ∂[[OPERATOR]] _{\tau}[[POSTSUBSCRIPT]] x[[UNKNOWN]] ^{+}[[POSTSUPERSCRIPT]] ∂[[OPERATOR]] _{\sigma}[[POSTSUBSCRIPT]] z[[UNKNOWN]] _{1}[[POSTSUBSCRIPT]]
	        > ][[CLOSE]]
Warning:not_parsed:OPERATOR.POSTSUBSCRIPT.ATOM>CLOSE MathParser failed to match rule 'Anything'
	at 0302005.tex; line 320 col 61 - line 320 col 61
	In "$\displaystyle+\partial_{\tau}\tilde{\eta_{2}}\partial_{\tau}\tilde{\eta_{2}}+%
	\partial_{\sigma}\tilde{\eta_{2}}\partial_{\sigma}\tilde{\eta_{2}})-k^{2}%
	\tilde{z}^{2}=0,\@@ENDINLINEMATH"
	+[[ADDOP]] ∂[[OPERATOR]] _{\tau}[[POSTSUBSCRIPT]] \tilde{\eta_{2}}[[UNKNOWN]] ∂[[OPERATOR]] _{\tau}[[POSTSUBSCRIPT]] \tilde{\eta_{2}}[[UNKNOWN]] +[[ADDOP]] ∂[[OPERATOR]] _{\sigma}[[POSTSUBSCRIPT]] \tilde{\eta_{2}}[[UNKNOWN]] ∂[[OPERATOR]] _{\sigma}[[POSTSUBSCRIPT]] \tilde{\eta_{2}}[[UNKNOWN]]
	        > )[[CLOSE]] -[[ADDOP]] k[[UNKNOWN]] ^{2}[[POSTSUPERSCRIPT]] \tilde{z}[[UNKNOWN]] ^{2}[[POSTSUPERSCRIPT]] =[[RELOP]] 0[[NUMBER]]
Warning:not_parsed:OPERATOR.POSTSUBSCRIPT.ATOM>CLOSE MathParser failed to match rule 'Anything'
	at 0302005.tex; line 321 col 8 - line 324 col 4
	In "$\displaystyle\partial_{\tau}\tilde{\eta_{2}}\partial_{\tau}\tilde{\eta_{2}}+%
	\partial_{\sigma}\tilde{\eta_{2}}\partial_{\sigma}\tilde{\eta_{2}})-k^{2}%
	\tilde{z}^{2}=0,$"
	∂[[OPERATOR]] _{\tau}[[POSTSUBSCRIPT]] \tilde{\eta_{2}}[[UNKNOWN]] ∂[[OPERATOR]] _{\tau}[[POSTSUBSCRIPT]] \tilde{\eta_{2}}[[UNKNOWN]] +[[ADDOP]] ∂[[OPERATOR]] _{\sigma}[[POSTSUBSCRIPT]] \tilde{\eta_{2}}[[UNKNOWN]] ∂[[OPERATOR]] _{\sigma}[[POSTSUBSCRIPT]] \tilde{\eta_{2}}[[UNKNOWN]]
	        > )[[CLOSE]] -[[ADDOP]] k[[UNKNOWN]] ^{2}[[POSTSUPERSCRIPT]] \tilde{z}[[UNKNOWN]] ^{2}[[POSTSUPERSCRIPT]] =[[RELOP]] 0[[NUMBER]]
Warning:not_parsed:INTOP.UNKNOWN.UNKNOWN>OPEN MathParser failed to match rule 'Anything'
	at 0302005.tex; line 328 col 1 - line 328 col 1
	In "$\displaystyle E-J={1\over 4\pi k}\int d\sigma[\partial_{\tau}\tilde{x}^{+}%
	\partial_{\tau}\tilde{x}^{-}+\partial_{\sigma}\tilde{x}^{+}\partial_{\sigma}%
	\tilde{x}^{-}+\partial_{\tau}\tilde{\vec{y}}\partial_{\tau}\tilde{\vec{y}}+%
	\partial_{\sigma}\tilde{\vec{y}}\partial_{\sigma}\tilde{\vec{y}}\@@ENDINLINEMATH"
	E[[UNKNOWN]] -[[ADDOP]] J[[UNKNOWN]] =[[RELOP]] 1\over4\pik[[UNKNOWN]] ∫[[INTOP]] d[[UNKNOWN]] σ[[UNKNOWN]]
	        > [[[OPEN]] ∂[[OPERATOR]] _{\tau}[[POSTSUBSCRIPT]] \tilde{x}[[UNKNOWN]] ^{+}[[POSTSUPERSCRIPT]] ∂[[OPERATOR]] _{\tau}[[POSTSUBSCRIPT]] \tilde{x}[[UNKNOWN]] ^{-}[[POSTSUPERSCRIPT]] +[[ADDOP]] ∂[[OPERATOR]] _{\sigma}[[POSTSUBSCRIPT]] \tilde{x}[[UNKNOWN]] ^{+}[[POSTSUPERSCRIPT]] ∂[[OPERATOR]] _{\sigma}[[POSTSUBSCRIPT]] \tilde{x}[[UNKNOWN]] ^{-}[[POSTSUPERSCRIPT]] +[[ADDOP]] ∂[[OPERATOR]] _{\tau}[[POSTSUBSCRIPT]] \tilde{\vec{y}}[[UNKNOWN]] ∂[[OPERATOR]] _{\tau}[[POSTSUBSCRIPT]] \tilde{\vec{y}}[[UNKNOWN]] +[[ADDOP]] ∂[[OPERATOR]] _{\sigma}[[POSTSUBSCRIPT]] \tilde{\vec{y}}[[UNKNOWN]] ∂[[OPERATOR]] _{\sigma}[[POSTSUBSCRIPT]] \tilde{\vec{y}}[[UNKNOWN]]
Warning:not_parsed:OPERATOR.POSTSUBSCRIPT.ATOM>CLOSE MathParser failed to match rule 'Anything'
	at 0302005.tex; line 332 col 69 - line 332 col 69
	In "$\displaystyle+\partial_{\tau}\tilde{z_{i}}\partial_{\tau}\tilde{z_{i}}+%
	\partial_{\sigma}\tilde{z_{i}}\partial_{\sigma}\tilde{z_{i}}+k^{2}\tilde{z}^{2%
	}+4k\tilde{z_{2}}\partial_{\sigma}\tilde{z_{1}}]\;.\@@ENDINLINEMATH"
	+[[ADDOP]] ∂[[OPERATOR]] _{\tau}[[POSTSUBSCRIPT]] \tilde{z_{i}}[[UNKNOWN]] ∂[[OPERATOR]] _{\tau}[[POSTSUBSCRIPT]] \tilde{z_{i}}[[UNKNOWN]] +[[ADDOP]] ∂[[OPERATOR]] _{\sigma}[[POSTSUBSCRIPT]] \tilde{z_{i}}[[UNKNOWN]] ∂[[OPERATOR]] _{\sigma}[[POSTSUBSCRIPT]] \tilde{z_{i}}[[UNKNOWN]] +[[ADDOP]] k[[UNKNOWN]] ^{2}[[POSTSUPERSCRIPT]] \tilde{z}[[UNKNOWN]] ^{2}[[POSTSUPERSCRIPT]] +[[ADDOP]] 4[[NUMBER]] k[[UNKNOWN]] \tilde{z_{2}}[[UNKNOWN]] ∂[[OPERATOR]] _{\sigma}[[POSTSUBSCRIPT]] \tilde{z_{1}}[[UNKNOWN]]
	        > ][[CLOSE]]
Warning:not_parsed:OPERATOR.POSTSUBSCRIPT.ATOM>CLOSE MathParser failed to match rule 'Anything'
	at 0302005.tex; line 333 col 8 - line 337 col 4
	In "$\displaystyle\partial_{\tau}\tilde{z_{i}}\partial_{\tau}\tilde{z_{i}}+%
	\partial_{\sigma}\tilde{z_{i}}\partial_{\sigma}\tilde{z_{i}}+k^{2}\tilde{z}^{2%
	}+4k\tilde{z_{2}}\partial_{\sigma}\tilde{z_{1}}]\;.$"
	∂[[OPERATOR]] _{\tau}[[POSTSUBSCRIPT]] \tilde{z_{i}}[[UNKNOWN]] ∂[[OPERATOR]] _{\tau}[[POSTSUBSCRIPT]] \tilde{z_{i}}[[UNKNOWN]] +[[ADDOP]] ∂[[OPERATOR]] _{\sigma}[[POSTSUBSCRIPT]] \tilde{z_{i}}[[UNKNOWN]] ∂[[OPERATOR]] _{\sigma}[[POSTSUBSCRIPT]] \tilde{z_{i}}[[UNKNOWN]] +[[ADDOP]] k[[UNKNOWN]] ^{2}[[POSTSUPERSCRIPT]] \tilde{z}[[UNKNOWN]] ^{2}[[POSTSUPERSCRIPT]] +[[ADDOP]] 4[[NUMBER]] k[[UNKNOWN]] \tilde{z_{2}}[[UNKNOWN]] ∂[[OPERATOR]] _{\sigma}[[POSTSUBSCRIPT]] \tilde{z_{1}}[[UNKNOWN]]
	        > ][[CLOSE]]
Warning:not_parsed:POSTSUPERSCRIPT.UNKNOWN.POSTSUPERSCRIPT>PUNCT MathParser failed to match rule 'Anything'
	at 0302005.tex; line 385 col 1 - line 385 col 1
	In "$\displaystyle A_{0\cdots p}={1\over{\tilde{g}}}a^{2}r^{2}\ \ ,\;\;\;\;\;\;\;%
	\;\;\;\;\;\;\;\;\;A_{(p+1)\cdots 5}={1\over{\tilde{g}}}\;\frac{a^{2}r^{2}}{1+a%
	^{2}r^{2}}\ ,\@@ENDINLINEMATH"
	A[[UNKNOWN]] _{0\cdotsp}[[POSTSUBSCRIPT]] =[[RELOP]] 1\over{\tilde{g}}[[UNKNOWN]] a[[UNKNOWN]] ^{2}[[POSTSUPERSCRIPT]] r[[UNKNOWN]] ^{2}[[POSTSUPERSCRIPT]]
	        > $\displaystyleA_{0\cdotsp}={1\over{\tilde{g}}}a^{2}r^{2}\ \ ,\;\;\;\;\;\;\;\;\;\;\;\;\;\;\;\;A_{(p+1)\cdots5}={1\over{\tilde{g}}}\;\frac{a^{2}r^{2}}{1+a^{2}r^{2}}\ ,\@@ENDINLINEMATH[[PUNCT]] ,[[PUNCT]] A[[UNKNOWN]] _{(p+1)\cdots5}[[POSTSUBSCRIPT]] =[[RELOP]] 1\over{\tilde{g}}[[UNKNOWN]] \frac{a^{2}r^{2}}{1+a^{2}r^{2}}[[UNKNOWN]]
Warning:not_parsed:POSTSUPERSCRIPT.UNKNOWN.POSTSUPERSCRIPT>PUNCT MathParser failed to match rule 'Anything'
	at 0302005.tex; line 385 col 17 - line 389 col 3
	In "$\displaystyle{1\over{\tilde{g}}}a^{2}r^{2}\ \ ,\;\;\;\;\;\;\;\;\;\;\;\;\;\;\;%
	\;A_{(p+1)\cdots 5}={1\over{\tilde{g}}}\;\frac{a^{2}r^{2}}{1+a^{2}r^{2}}\ ,$"
	1\over{\tilde{g}}[[UNKNOWN]] a[[UNKNOWN]] ^{2}[[POSTSUPERSCRIPT]] r[[UNKNOWN]] ^{2}[[POSTSUPERSCRIPT]]
	        > $\displaystyle{1\over{\tilde{g}}}a^{2}r^{2}\ \ ,\;\;\;\;\;\;\;\;\;\;\;\;\;\;\;\;A_{(p+1)\cdots5}={1\over{\tilde{g}}}\;\frac{a^{2}r^{2}}{1+a^{2}r^{2}}\ ,$[[PUNCT]] ,[[PUNCT]] A[[UNKNOWN]] _{(p+1)\cdots5}[[POSTSUBSCRIPT]] =[[RELOP]] 1\over{\tilde{g}}[[UNKNOWN]] \frac{a^{2}r^{2}}{1+a^{2}r^{2}}[[UNKNOWN]]
Warning:not_parsed:POSTSUPERSCRIPT.UNKNOWN.POSTSUBSCRIPT>PUNCT MathParser failed to match rule 'Anything'
	at 0302005.tex; line 428 col 1 - line 428 col 1
	In "\begin{equation}\begin{array}[]{ll}\rho=\rho_{0}+(1+e^{2\rho_{0}})^{-1/4}{r%
	\over\sqrt{N}},&x_{j}=(1+e^{2\rho_{0}})^{1/4}w_{j},\;\;(j=p+1,..,5),\cr\eta_{1%
	}=(1+e^{2\rho_{0}})^{-1/4}{z\over\sqrt{N}},&x_{i}=(1+e^{2\rho_{0}})^{-1/4}y_{i%
	}\;\;(i=1,..,p),\cr t={1\over 2}(1+e^{2\rho_{0}})^{-1/4}(x^{+}+{x^{-}\over N})%
	,&\eta_{2}={1\over 2}(1+e^{2\rho_{0}})^{-1/4}(x^{+}-{x^{-}\over N})\;,\end{%
	array}\end{equation}"
	x[[UNKNOWN]] _{j}[[POSTSUBSCRIPT]] =[[RELOP]] ([[OPEN]] 1[[NUMBER]] +[[ADDOP]] e[[UNKNOWN]] ^{2\rho_{0}}[[POSTSUPERSCRIPT]] )[[CLOSE]] ^{1/4}[[POSTSUPERSCRIPT]] w[[UNKNOWN]] _{j}[[POSTSUBSCRIPT]]
	        > ,[[PUNCT]] ([[OPEN]] j[[UNKNOWN]] =[[RELOP]] p[[UNKNOWN]] +[[ADDOP]] 1[[NUMBER]] ,[[PUNCT]] .[[PERIOD]] .[[PERIOD]] ,[[PUNCT]] 5[[NUMBER]] )[[CLOSE]]
Warning:not_parsed:POSTSUPERSCRIPT.UNKNOWN.POSTSUBSCRIPT>OPEN MathParser failed to match rule 'Anything'
	at 0302005.tex; line 430 col 1 - line 430 col 1
	x[[UNKNOWN]] _{i}[[POSTSUBSCRIPT]] =[[RELOP]] ([[OPEN]] 1[[NUMBER]] +[[ADDOP]] e[[UNKNOWN]] ^{2\rho_{0}}[[POSTSUPERSCRIPT]] )[[CLOSE]] ^{-1/4}[[POSTSUPERSCRIPT]] y[[UNKNOWN]] _{i}[[POSTSUBSCRIPT]]
	        > ([[OPEN]] i[[UNKNOWN]] =[[RELOP]] 1[[NUMBER]] ,[[PUNCT]] .[[PERIOD]] .[[PERIOD]] ,[[PUNCT]] p[[UNKNOWN]] )[[CLOSE]]
Warning:not_parsed:UNKNOWN.POSTSUPERSCRIPT.UNKNOWN>OPEN MathParser failed to match rule 'Anything'
	at 0302005.tex; line 488 col 1 - line 488 col 1
	In "$\displaystyle I_{(2)}=-{1\over 4\pi}\int d^{2}\xi\;[-\partial_{a}\tilde{t}%
	\partial^{a}\tilde{t}+\partial_{a}\tilde{\eta}_{2}\partial^{a}\tilde{\eta}_{2}%
	+\partial_{a}\tilde{\vec{y}}_{i}\partial^{a}\tilde{\vec{y}}_{i}+\partial_{a}%
	\tilde{z}_{i}\partial^{a}\tilde{z}_{i}\@@ENDINLINEMATH"
	I[[UNKNOWN]] _{(2)}[[POSTSUBSCRIPT]] =[[RELOP]] -[[ADDOP]] 1\over4\pi[[UNKNOWN]] ∫[[INTOP]] d[[UNKNOWN]] ^{2}[[POSTSUPERSCRIPT]] ξ[[UNKNOWN]]
	        > [[[OPEN]] -[[ADDOP]] ∂[[OPERATOR]] _{a}[[POSTSUBSCRIPT]] \tilde{t}[[UNKNOWN]] ∂[[OPERATOR]] ^{a}[[POSTSUPERSCRIPT]] \tilde{t}[[UNKNOWN]] +[[ADDOP]] ∂[[OPERATOR]] _{a}[[POSTSUBSCRIPT]] \tilde{\eta}[[UNKNOWN]] _{2}[[POSTSUBSCRIPT]] ∂[[OPERATOR]] ^{a}[[POSTSUPERSCRIPT]] \tilde{\eta}[[UNKNOWN]] _{2}[[POSTSUBSCRIPT]] +[[ADDOP]] ∂[[OPERATOR]] _{a}[[POSTSUBSCRIPT]] \tilde{\vec{y}}[[UNKNOWN]] _{i}[[POSTSUBSCRIPT]] ∂[[OPERATOR]] ^{a}[[POSTSUPERSCRIPT]] \tilde{\vec{y}}[[UNKNOWN]] _{i}[[POSTSUBSCRIPT]] +[[ADDOP]] ∂[[OPERATOR]] _{a}[[POSTSUBSCRIPT]] \tilde{z}[[UNKNOWN]] _{i}[[POSTSUBSCRIPT]] ∂[[OPERATOR]] ^{a}[[POSTSUPERSCRIPT]] \tilde{z}[[UNKNOWN]] _{i}[[POSTSUBSCRIPT]]
Warning:not_parsed:UNKNOWN.POSTSUPERSCRIPT.UNKNOWN>OPEN MathParser failed to match rule 'Anything'
	at 0302005.tex; line 488 col 1 - line 489 col 10
	In "$\displaystyle I_{(2)}=-{1\over 4\pi}\int d^{2}\xi\;[$"
	I[[UNKNOWN]] _{(2)}[[POSTSUBSCRIPT]] =[[RELOP]] -[[ADDOP]] 1\over4\pi[[UNKNOWN]] ∫[[INTOP]] d[[UNKNOWN]] ^{2}[[POSTSUPERSCRIPT]] ξ[[UNKNOWN]]
	        > [[[OPEN]]
Warning:not_parsed:OPERATOR.POSTSUBSCRIPT.ATOM>CLOSE MathParser failed to match rule 'Anything'
	at 0302005.tex; line 492 col 56 - line 492 col 56
	In "$\displaystyle+k^{2}\tilde{z}^{2}+{4k\over(1+e^{2\rho_{0}})^{1/2}}\tilde{z_{2}%
	}\partial_{\sigma}\tilde{z_{1}}]\;,\@@ENDINLINEMATH"
	+[[ADDOP]] k[[UNKNOWN]] ^{2}[[POSTSUPERSCRIPT]] \tilde{z}[[UNKNOWN]] ^{2}[[POSTSUPERSCRIPT]] +[[ADDOP]] 4k\over(1+e^{2\rho_{0}})^{1/2}[[UNKNOWN]] \tilde{z_{2}}[[UNKNOWN]] ∂[[OPERATOR]] _{\sigma}[[POSTSUBSCRIPT]] \tilde{z_{1}}[[UNKNOWN]]
	        > ][[CLOSE]]
Warning:not_parsed:OPERATOR.POSTSUBSCRIPT.ATOM>CLOSE MathParser failed to match rule 'Anything'
	at 0302005.tex; line 493 col 1 - line 496 col 4
	In "$\displaystyle k^{2}\tilde{z}^{2}+{4k\over(1+e^{2\rho_{0}})^{1/2}}\tilde{z_{2}%
	}\partial_{\sigma}\tilde{z_{1}}]\;,$"
	k[[UNKNOWN]] ^{2}[[POSTSUPERSCRIPT]] \tilde{z}[[UNKNOWN]] ^{2}[[POSTSUPERSCRIPT]] +[[ADDOP]] 4k\over(1+e^{2\rho_{0}})^{1/2}[[UNKNOWN]] \tilde{z_{2}}[[UNKNOWN]] ∂[[OPERATOR]] _{\sigma}[[POSTSUBSCRIPT]] \tilde{z_{1}}[[UNKNOWN]]
	        > ][[CLOSE]]
Warning:not_parsed:UNKNOWN.POSTSUPERSCRIPT.UNKNOWN>OPEN MathParser failed to match rule 'Anything'
	at 0302005.tex; line 509 col 1 - line 509 col 1
	In "$\displaystyle I_{(pw)}=-{1\over 4\pi}\int d^{2}\xi[\partial_{a}x^{+}\partial^%
	{a}x^{-}-{1\over 4}z^{2}\partial_{a}x^{+}\partial^{a}x^{+}+\partial_{a}y_{i}%
	\partial^{a}y_{i}+\partial_{a}z_{i}\partial^{a}z_{i}\@@ENDINLINEMATH"
	I[[UNKNOWN]] _{(pw)}[[POSTSUBSCRIPT]] =[[RELOP]] -[[ADDOP]] 1\over4\pi[[UNKNOWN]] ∫[[INTOP]] d[[UNKNOWN]] ^{2}[[POSTSUPERSCRIPT]] ξ[[UNKNOWN]]
	        > [[[OPEN]] ∂[[OPERATOR]] _{a}[[POSTSUBSCRIPT]] x[[UNKNOWN]] ^{+}[[POSTSUPERSCRIPT]] ∂[[OPERATOR]] ^{a}[[POSTSUPERSCRIPT]] x[[UNKNOWN]] ^{-}[[POSTSUPERSCRIPT]] -[[ADDOP]] 1\over4[[UNKNOWN]] z[[UNKNOWN]] ^{2}[[POSTSUPERSCRIPT]] ∂[[OPERATOR]] _{a}[[POSTSUBSCRIPT]] x[[UNKNOWN]] ^{+}[[POSTSUPERSCRIPT]] ∂[[OPERATOR]] ^{a}[[POSTSUPERSCRIPT]] x[[UNKNOWN]] ^{+}[[POSTSUPERSCRIPT]] +[[ADDOP]] ∂[[OPERATOR]] _{a}[[POSTSUBSCRIPT]] y[[UNKNOWN]] _{i}[[POSTSUBSCRIPT]] ∂[[OPERATOR]] ^{a}[[POSTSUPERSCRIPT]] y[[UNKNOWN]] _{i}[[POSTSUBSCRIPT]] +[[ADDOP]] ∂[[OPERATOR]] _{a}[[POSTSUBSCRIPT]] z[[UNKNOWN]] _{i}[[POSTSUBSCRIPT]] ∂[[OPERATOR]] ^{a}[[POSTSUPERSCRIPT]] z[[UNKNOWN]] _{i}[[POSTSUBSCRIPT]]
Warning:not_parsed:POSTSUBSCRIPT.UNKNOWN.POSTSUBSCRIPT>CLOSE MathParser failed to match rule 'Anything'
	at 0302005.tex; line 513 col 74 - line 513 col 74
	In "$\displaystyle+2B_{+z_{1}}\partial_{\tau}x^{+}\partial_{\sigma}z_{1}]\;,\@@ENDINLINEMATH"
	+[[ADDOP]] 2[[NUMBER]] B[[UNKNOWN]] _{+z_{1}}[[POSTSUBSCRIPT]] ∂[[OPERATOR]] _{\tau}[[POSTSUBSCRIPT]] x[[UNKNOWN]] ^{+}[[POSTSUPERSCRIPT]] ∂[[OPERATOR]] _{\sigma}[[POSTSUBSCRIPT]] z[[UNKNOWN]] _{1}[[POSTSUBSCRIPT]]
	        > ][[CLOSE]]
Warning:not_parsed:POSTSUBSCRIPT.UNKNOWN.POSTSUBSCRIPT>CLOSE MathParser failed to match rule 'Anything'
	at 0302005.tex; line 514 col 1 - line 515 col 4
	In "$\displaystyle 2B_{+z_{1}}\partial_{\tau}x^{+}\partial_{\sigma}z_{1}]\;,$"
	2[[NUMBER]] B[[UNKNOWN]] _{+z_{1}}[[POSTSUBSCRIPT]] ∂[[OPERATOR]] _{\tau}[[POSTSUBSCRIPT]] x[[UNKNOWN]] ^{+}[[POSTSUPERSCRIPT]] ∂[[OPERATOR]] _{\sigma}[[POSTSUBSCRIPT]] z[[UNKNOWN]] _{1}[[POSTSUBSCRIPT]]
	        > ][[CLOSE]]
Warning:not_parsed:INTOP.UNKNOWN.UNKNOWN>OPEN MathParser failed to match rule 'Anything'
	at 0302005.tex; line 525 col 1 - line 525 col 1
	In "$\displaystyle E-J={1\over 4\pi k}\int d\sigma[\partial_{\tau}\tilde{x}^{+}%
	\partial_{\tau}\tilde{x}^{-}+\partial_{\sigma}\tilde{x}^{+}\partial_{\sigma}%
	\tilde{x}^{-}+\partial_{\tau}\tilde{y}_{i}\partial_{\tau}\tilde{y}_{i}+%
	\partial_{\sigma}\tilde{y}_{i}\partial_{\sigma}\tilde{y}_{i}\@@ENDINLINEMATH"
	E[[UNKNOWN]] -[[ADDOP]] J[[UNKNOWN]] =[[RELOP]] 1\over4\pik[[UNKNOWN]] ∫[[INTOP]] d[[UNKNOWN]] σ[[UNKNOWN]]
	        > [[[OPEN]] ∂[[OPERATOR]] _{\tau}[[POSTSUBSCRIPT]] \tilde{x}[[UNKNOWN]] ^{+}[[POSTSUPERSCRIPT]] ∂[[OPERATOR]] _{\tau}[[POSTSUBSCRIPT]] \tilde{x}[[UNKNOWN]] ^{-}[[POSTSUPERSCRIPT]] +[[ADDOP]] ∂[[OPERATOR]] _{\sigma}[[POSTSUBSCRIPT]] \tilde{x}[[UNKNOWN]] ^{+}[[POSTSUPERSCRIPT]] ∂[[OPERATOR]] _{\sigma}[[POSTSUBSCRIPT]] \tilde{x}[[UNKNOWN]] ^{-}[[POSTSUPERSCRIPT]] +[[ADDOP]] ∂[[OPERATOR]] _{\tau}[[POSTSUBSCRIPT]] \tilde{y}[[UNKNOWN]] _{i}[[POSTSUBSCRIPT]] ∂[[OPERATOR]] _{\tau}[[POSTSUBSCRIPT]] \tilde{y}[[UNKNOWN]] _{i}[[POSTSUBSCRIPT]] +[[ADDOP]] ∂[[OPERATOR]] _{\sigma}[[POSTSUBSCRIPT]] \tilde{y}[[UNKNOWN]] _{i}[[POSTSUBSCRIPT]] ∂[[OPERATOR]] _{\sigma}[[POSTSUBSCRIPT]] \tilde{y}[[UNKNOWN]] _{i}[[POSTSUBSCRIPT]]
Warning:not_parsed:OPERATOR.POSTSUBSCRIPT.ATOM>CLOSE MathParser failed to match rule 'Anything'
	at 0302005.tex; line 530 col 65 - line 530 col 65
	In "$\displaystyle+\partial_{\tau}\tilde{z}_{i}\partial_{\tau}\tilde{z}_{i}+%
	\partial_{\sigma}\tilde{z}_{i}\partial_{\sigma}\tilde{z}_{i}+k^{2}\tilde{z}^{2%
	}+{4k\over(1+e^{2\rho_{0}})^{1/2}}\tilde{z_{2}}\partial_{\sigma}\tilde{z_{1}}]%
	\;.\@@ENDINLINEMATH"
	+[[ADDOP]] ∂[[OPERATOR]] _{\tau}[[POSTSUBSCRIPT]] \tilde{z}[[UNKNOWN]] _{i}[[POSTSUBSCRIPT]] ∂[[OPERATOR]] _{\tau}[[POSTSUBSCRIPT]] \tilde{z}[[UNKNOWN]] _{i}[[POSTSUBSCRIPT]] +[[ADDOP]] ∂[[OPERATOR]] _{\sigma}[[POSTSUBSCRIPT]] \tilde{z}[[UNKNOWN]] _{i}[[POSTSUBSCRIPT]] ∂[[OPERATOR]] _{\sigma}[[POSTSUBSCRIPT]] \tilde{z}[[UNKNOWN]] _{i}[[POSTSUBSCRIPT]] +[[ADDOP]] k[[UNKNOWN]] ^{2}[[POSTSUPERSCRIPT]] \tilde{z}[[UNKNOWN]] ^{2}[[POSTSUPERSCRIPT]] +[[ADDOP]] 4k\over(1+e^{2\rho_{0}})^{1/2}[[UNKNOWN]] \tilde{z_{2}}[[UNKNOWN]] ∂[[OPERATOR]] _{\sigma}[[POSTSUBSCRIPT]] \tilde{z_{1}}[[UNKNOWN]]
	        > ][[CLOSE]]
Warning:not_parsed:OPERATOR.POSTSUBSCRIPT.ATOM>CLOSE MathParser failed to match rule 'Anything'
	at 0302005.tex; line 531 col 8 - line 536 col 4
	In "$\displaystyle\partial_{\tau}\tilde{z}_{i}\partial_{\tau}\tilde{z}_{i}+%
	\partial_{\sigma}\tilde{z}_{i}\partial_{\sigma}\tilde{z}_{i}+k^{2}\tilde{z}^{2%
	}+{4k\over(1+e^{2\rho_{0}})^{1/2}}\tilde{z_{2}}\partial_{\sigma}\tilde{z_{1}}]%
	\;.$"
	∂[[OPERATOR]] _{\tau}[[POSTSUBSCRIPT]] \tilde{z}[[UNKNOWN]] _{i}[[POSTSUBSCRIPT]] ∂[[OPERATOR]] _{\tau}[[POSTSUBSCRIPT]] \tilde{z}[[UNKNOWN]] _{i}[[POSTSUBSCRIPT]] +[[ADDOP]] ∂[[OPERATOR]] _{\sigma}[[POSTSUBSCRIPT]] \tilde{z}[[UNKNOWN]] _{i}[[POSTSUBSCRIPT]] ∂[[OPERATOR]] _{\sigma}[[POSTSUBSCRIPT]] \tilde{z}[[UNKNOWN]] _{i}[[POSTSUBSCRIPT]] +[[ADDOP]] k[[UNKNOWN]] ^{2}[[POSTSUPERSCRIPT]] \tilde{z}[[UNKNOWN]] ^{2}[[POSTSUPERSCRIPT]] +[[ADDOP]] 4k\over(1+e^{2\rho_{0}})^{1/2}[[UNKNOWN]] \tilde{z_{2}}[[UNKNOWN]] ∂[[OPERATOR]] _{\sigma}[[POSTSUBSCRIPT]] \tilde{z_{1}}[[UNKNOWN]]
	        > ][[CLOSE]]
Warning:not_parsed:POSTSUPERSCRIPT.CLOSE.POSTSUPERSCRIPT>OPEN MathParser failed to match rule 'Anything'
	at 0302005.tex; line 674 col 1 - line 674 col 1
	In "$\displaystyle ds^{2}=(1+r^{2}L^{2})^{1/2}\bigg{[}dt^{2}-\sum_{i=1}^{p}dx_{i}^%
	{2}-\frac{\sum_{j=p+1}^{5}dx_{j}^{2}}{1+r^{2}L^{2}}\@@ENDINLINEMATH"
	d[[UNKNOWN]] s[[UNKNOWN]] ^{2}[[POSTSUPERSCRIPT]] =[[RELOP]] ([[OPEN]] 1[[NUMBER]] +[[ADDOP]] r[[UNKNOWN]] ^{2}[[POSTSUPERSCRIPT]] L[[UNKNOWN]] ^{2}[[POSTSUPERSCRIPT]] )[[CLOSE]] ^{1/2}[[POSTSUPERSCRIPT]]
	        > [[[OPEN]] d[[UNKNOWN]] t[[UNKNOWN]] ^{2}[[POSTSUPERSCRIPT]] -[[ADDOP]] ∑[[SUMOP]] _{i=1}[[POSTSUBSCRIPT]] ^{p}[[POSTSUPERSCRIPT]] d[[UNKNOWN]] x[[UNKNOWN]] _{i}[[POSTSUBSCRIPT]] ^{2}[[POSTSUPERSCRIPT]] -[[ADDOP]] \frac{\sum_{j=p+1}^{5}dx_{j}^{2}}{1+r^{2}L^{2}}[[UNKNOWN]]
Warning:not_parsed:POSTSUPERSCRIPT.CLOSE.POSTSUPERSCRIPT>OPEN MathParser failed to match rule 'Anything'
	at 0302005.tex; line 674 col 8 - line 676 col 14
	In "$\displaystyle(1+r^{2}L^{2})^{1/2}\bigg{[}dt^{2}-\sum_{i=1}^{p}dx_{i}^{2}-%
	\frac{\sum_{j=p+1}^{5}dx_{j}^{2}}{1+r^{2}L^{2}}$"
	([[OPEN]] 1[[NUMBER]] +[[ADDOP]] r[[UNKNOWN]] ^{2}[[POSTSUPERSCRIPT]] L[[UNKNOWN]] ^{2}[[POSTSUPERSCRIPT]] )[[CLOSE]] ^{1/2}[[POSTSUPERSCRIPT]]
	        > [[[OPEN]] d[[UNKNOWN]] t[[UNKNOWN]] ^{2}[[POSTSUPERSCRIPT]] -[[ADDOP]] ∑[[SUMOP]] _{i=1}[[POSTSUBSCRIPT]] ^{p}[[POSTSUPERSCRIPT]] d[[UNKNOWN]] x[[UNKNOWN]] _{i}[[POSTSUBSCRIPT]] ^{2}[[POSTSUPERSCRIPT]] -[[ADDOP]] \frac{\sum_{j=p+1}^{5}dx_{j}^{2}}{1+r^{2}L^{2}}[[UNKNOWN]]
Warning:not_parsed:CLOSE.POSTSUPERSCRIPT.CLOSE>CLOSE MathParser failed to match rule 'Anything'
	at 0302005.tex; line 677 col 2 - line 677 col 2
	In "$\displaystyle-{N\over r^{2}}\bigg{(}dr^{2}+r^{2}d\Omega_{3}-\frac{r^{4}L^{2}}%
	{1+r^{2}L^{2}}(a_{1}d\theta_{1}+a_{2}d\theta_{2}+a_{3}d\theta_{3})^{2}\bigg{)}%
	\bigg{]}\;,\@@ENDINLINEMATH"
	-[[ADDOP]] N\overr^{2}[[UNKNOWN]] ([[OPEN]] d[[UNKNOWN]] r[[UNKNOWN]] ^{2}[[POSTSUPERSCRIPT]] +[[ADDOP]] r[[UNKNOWN]] ^{2}[[POSTSUPERSCRIPT]] d[[UNKNOWN]] Ω[[UNKNOWN]] _{3}[[POSTSUBSCRIPT]] -[[ADDOP]] \frac{r^{4}L^{2}}{1+r^{2}L^{2}}[[UNKNOWN]] ([[OPEN]] a[[UNKNOWN]] _{1}[[POSTSUBSCRIPT]] d[[UNKNOWN]] θ[[UNKNOWN]] _{1}[[POSTSUBSCRIPT]] +[[ADDOP]] a[[UNKNOWN]] _{2}[[POSTSUBSCRIPT]] d[[UNKNOWN]] θ[[UNKNOWN]] _{2}[[POSTSUBSCRIPT]] +[[ADDOP]] a[[UNKNOWN]] _{3}[[POSTSUBSCRIPT]] d[[UNKNOWN]] θ[[UNKNOWN]] _{3}[[POSTSUBSCRIPT]] )[[CLOSE]] ^{2}[[POSTSUPERSCRIPT]] )[[CLOSE]]
	        > ][[CLOSE]]
Warning:not_parsed:CLOSE.POSTSUPERSCRIPT.CLOSE>CLOSE MathParser failed to match rule 'Anything'
	at 0302005.tex; line 677 col 4 - line 680 col 3
	In "$\displaystyle{N\over r^{2}}\bigg{(}dr^{2}+r^{2}d\Omega_{3}-\frac{r^{4}L^{2}}{%
	1+r^{2}L^{2}}(a_{1}d\theta_{1}+a_{2}d\theta_{2}+a_{3}d\theta_{3})^{2}\bigg{)}%
	\bigg{]}\;,$"
	N\overr^{2}[[UNKNOWN]] ([[OPEN]] d[[UNKNOWN]] r[[UNKNOWN]] ^{2}[[POSTSUPERSCRIPT]] +[[ADDOP]] r[[UNKNOWN]] ^{2}[[POSTSUPERSCRIPT]] d[[UNKNOWN]] Ω[[UNKNOWN]] _{3}[[POSTSUBSCRIPT]] -[[ADDOP]] \frac{r^{4}L^{2}}{1+r^{2}L^{2}}[[UNKNOWN]] ([[OPEN]] a[[UNKNOWN]] _{1}[[POSTSUBSCRIPT]] d[[UNKNOWN]] θ[[UNKNOWN]] _{1}[[POSTSUBSCRIPT]] +[[ADDOP]] a[[UNKNOWN]] _{2}[[POSTSUBSCRIPT]] d[[UNKNOWN]] θ[[UNKNOWN]] _{2}[[POSTSUBSCRIPT]] +[[ADDOP]] a[[UNKNOWN]] _{3}[[POSTSUBSCRIPT]] d[[UNKNOWN]] θ[[UNKNOWN]] _{3}[[POSTSUBSCRIPT]] )[[CLOSE]] ^{2}[[POSTSUPERSCRIPT]] )[[CLOSE]]
	        > ][[CLOSE]]
Warning:not_parsed:POSTSUPERSCRIPT.CLOSE.POSTSUPERSCRIPT>OPEN MathParser failed to match rule 'Anything'
	at 0302005.tex; line 713 col 1 - line 713 col 1
	In "$\displaystyle ds^{2}=(1+e^{2\rho})^{1/2}\bigg{[}-Ndt^{2}+\sum_{i=1}^{p}dx_{i}%
	^{2}+\frac{\sum_{j=p+1}^{5}dx_{j}^{2}}{1+e^{2\rho}}\@@ENDINLINEMATH"
	d[[UNKNOWN]] s[[UNKNOWN]] ^{2}[[POSTSUPERSCRIPT]] =[[RELOP]] ([[OPEN]] 1[[NUMBER]] +[[ADDOP]] e[[UNKNOWN]] ^{2\rho}[[POSTSUPERSCRIPT]] )[[CLOSE]] ^{1/2}[[POSTSUPERSCRIPT]]
	        > [[[OPEN]] -[[ADDOP]] N[[UNKNOWN]] d[[UNKNOWN]] t[[UNKNOWN]] ^{2}[[POSTSUPERSCRIPT]] +[[ADDOP]] ∑[[SUMOP]] _{i=1}[[POSTSUBSCRIPT]] ^{p}[[POSTSUPERSCRIPT]] d[[UNKNOWN]] x[[UNKNOWN]] _{i}[[POSTSUBSCRIPT]] ^{2}[[POSTSUPERSCRIPT]] +[[ADDOP]] \frac{\sum_{j=p+1}^{5}dx_{j}^{2}}{1+e^{2\rho}}[[UNKNOWN]]
Warning:not_parsed:POSTSUPERSCRIPT.CLOSE.POSTSUPERSCRIPT>OPEN MathParser failed to match rule 'Anything'
	at 0302005.tex; line 713 col 8 - line 715 col 17
	In "$\displaystyle(1+e^{2\rho})^{1/2}\bigg{[}-Ndt^{2}+\sum_{i=1}^{p}dx_{i}^{2}+%
	\frac{\sum_{j=p+1}^{5}dx_{j}^{2}}{1+e^{2\rho}}$"
	([[OPEN]] 1[[NUMBER]] +[[ADDOP]] e[[UNKNOWN]] ^{2\rho}[[POSTSUPERSCRIPT]] )[[CLOSE]] ^{1/2}[[POSTSUPERSCRIPT]]
	        > [[[OPEN]] -[[ADDOP]] N[[UNKNOWN]] d[[UNKNOWN]] t[[UNKNOWN]] ^{2}[[POSTSUPERSCRIPT]] +[[ADDOP]] ∑[[SUMOP]] _{i=1}[[POSTSUBSCRIPT]] ^{p}[[POSTSUPERSCRIPT]] d[[UNKNOWN]] x[[UNKNOWN]] _{i}[[POSTSUBSCRIPT]] ^{2}[[POSTSUPERSCRIPT]] +[[ADDOP]] \frac{\sum_{j=p+1}^{5}dx_{j}^{2}}{1+e^{2\rho}}[[UNKNOWN]]
Warning:not_parsed:POSTSUBSCRIPT.CLOSE.POSTSUPERSCRIPT>CLOSE MathParser failed to match rule 'Anything'
	at 0302005.tex; line 716 col 2 - line 716 col 2
	In "$\displaystyle+Nd\rho^{2}+Nd\Omega_{3}-\frac{Ne^{2\rho}}{1+e^{2\rho}}(a_{1}d%
	\theta_{1}+a_{2}d\theta_{2}+a_{3}d\theta_{3})^{2}\bigg{]}\;,\@@ENDINLINEMATH"
	+[[ADDOP]] N[[UNKNOWN]] d[[UNKNOWN]] ρ[[UNKNOWN]] ^{2}[[POSTSUPERSCRIPT]] +[[ADDOP]] N[[UNKNOWN]] d[[UNKNOWN]] Ω[[UNKNOWN]] _{3}[[POSTSUBSCRIPT]] -[[ADDOP]] \frac{Ne^{2\rho}}{1+e^{2\rho}}[[UNKNOWN]] ([[OPEN]] a[[UNKNOWN]] _{1}[[POSTSUBSCRIPT]] d[[UNKNOWN]] θ[[UNKNOWN]] _{1}[[POSTSUBSCRIPT]] +[[ADDOP]] a[[UNKNOWN]] _{2}[[POSTSUBSCRIPT]] d[[UNKNOWN]] θ[[UNKNOWN]] _{2}[[POSTSUBSCRIPT]] +[[ADDOP]] a[[UNKNOWN]] _{3}[[POSTSUBSCRIPT]] d[[UNKNOWN]] θ[[UNKNOWN]] _{3}[[POSTSUBSCRIPT]] )[[CLOSE]] ^{2}[[POSTSUPERSCRIPT]]
	        > ][[CLOSE]]
Warning:not_parsed:POSTSUBSCRIPT.CLOSE.POSTSUPERSCRIPT>CLOSE MathParser failed to match rule 'Anything'
	at 0302005.tex; line 716 col 4 - line 719 col 3
	In "$\displaystyle Nd\rho^{2}+Nd\Omega_{3}-\frac{Ne^{2\rho}}{1+e^{2\rho}}(a_{1}d%
	\theta_{1}+a_{2}d\theta_{2}+a_{3}d\theta_{3})^{2}\bigg{]}\;,$"
	N[[UNKNOWN]] d[[UNKNOWN]] ρ[[UNKNOWN]] ^{2}[[POSTSUPERSCRIPT]] +[[ADDOP]] N[[UNKNOWN]] d[[UNKNOWN]] Ω[[UNKNOWN]] _{3}[[POSTSUBSCRIPT]] -[[ADDOP]] \frac{Ne^{2\rho}}{1+e^{2\rho}}[[UNKNOWN]] ([[OPEN]] a[[UNKNOWN]] _{1}[[POSTSUBSCRIPT]] d[[UNKNOWN]] θ[[UNKNOWN]] _{1}[[POSTSUBSCRIPT]] +[[ADDOP]] a[[UNKNOWN]] _{2}[[POSTSUBSCRIPT]] d[[UNKNOWN]] θ[[UNKNOWN]] _{2}[[POSTSUBSCRIPT]] +[[ADDOP]] a[[UNKNOWN]] _{3}[[POSTSUBSCRIPT]] d[[UNKNOWN]] θ[[UNKNOWN]] _{3}[[POSTSUBSCRIPT]] )[[CLOSE]] ^{2}[[POSTSUPERSCRIPT]]
	        > ][[CLOSE]]
Warning:not_parsed:POSTSUPERSCRIPT.UNKNOWN.POSTSUBSCRIPT>PUNCT MathParser failed to match rule 'Anything'
	at 0302005.tex; line 731 col 1 - line 731 col 1
	In "\begin{equation}\begin{array}[]{ll}\rho=\rho_{0}+(1+e^{2\rho_{0}})^{-1/4}{r%
	\over\sqrt{N}},&x_{j}=(1+e^{2\rho_{0}})^{1/4}w_{j},\;\;(j=p+1,..,5),\cr\theta_%
	{\alpha}=(1+e^{2\rho_{0}})^{-1/4}{z_{\alpha}\over\sqrt{N}},&x_{i}=(1+e^{2\rho_%
	{0}})^{-1/4}y_{i}\;\;(i=1,..,p),\cr t={1\over 2}(1+e^{2\rho_{0}})^{-1/4}(x^{+}%
	+{x^{-}\over N}),&\theta_{3}={1\over 2}(1+e^{2\rho_{0}})^{-1/4}(x^{+}-{x^{-}%
	\over N})\;,\end{array}\end{equation}"
	x[[UNKNOWN]] _{j}[[POSTSUBSCRIPT]] =[[RELOP]] ([[OPEN]] 1[[NUMBER]] +[[ADDOP]] e[[UNKNOWN]] ^{2\rho_{0}}[[POSTSUPERSCRIPT]] )[[CLOSE]] ^{1/4}[[POSTSUPERSCRIPT]] w[[UNKNOWN]] _{j}[[POSTSUBSCRIPT]]
	        > ,[[PUNCT]] ([[OPEN]] j[[UNKNOWN]] =[[RELOP]] p[[UNKNOWN]] +[[ADDOP]] 1[[NUMBER]] ,[[PUNCT]] .[[PERIOD]] .[[PERIOD]] ,[[PUNCT]] 5[[NUMBER]] )[[CLOSE]]
Warning:not_parsed:POSTSUPERSCRIPT.UNKNOWN.POSTSUBSCRIPT>OPEN MathParser failed to match rule 'Anything'
	at 0302005.tex; line 733 col 1 - line 733 col 1
	x[[UNKNOWN]] _{i}[[POSTSUBSCRIPT]] =[[RELOP]] ([[OPEN]] 1[[NUMBER]] +[[ADDOP]] e[[UNKNOWN]] ^{2\rho_{0}}[[POSTSUPERSCRIPT]] )[[CLOSE]] ^{-1/4}[[POSTSUPERSCRIPT]] y[[UNKNOWN]] _{i}[[POSTSUBSCRIPT]]
	        > ([[OPEN]] i[[UNKNOWN]] =[[RELOP]] 1[[NUMBER]] ,[[PUNCT]] .[[PERIOD]] .[[PERIOD]] ,[[PUNCT]] p[[UNKNOWN]] )[[CLOSE]]
Warning:not_parsed:UNKNOWN.POSTSUPERSCRIPT.UNKNOWN>OPEN MathParser failed to match rule 'Anything'
	at 0302005.tex; line 758 col 9 - line 762 col 75
	In "$\displaystyle-{1\over 4\pi}\int d^{2}\xi\bigg{[}\partial_{a}\tilde{x}^{+}%
	\partial^{a}\tilde{x}^{-}+\partial_{a}\tilde{\vec{y}}\partial^{a}\tilde{\vec{y%
	}}+\partial_{a}\tilde{\theta}_{i}\partial^{a}\tilde{\theta}_{i}+k^{2}\left((1+%
	e^{2\rho_{0}})\tilde{\theta}_{1}^{2}+\tilde{\theta}_{2}^{2}\right)$"
	-[[ADDOP]] 1\over4\pi[[UNKNOWN]] ∫[[INTOP]] d[[UNKNOWN]] ^{2}[[POSTSUPERSCRIPT]] ξ[[UNKNOWN]]
	        > [[[OPEN]] ∂[[OPERATOR]] _{a}[[POSTSUBSCRIPT]] \tilde{x}[[UNKNOWN]] ^{+}[[POSTSUPERSCRIPT]] ∂[[OPERATOR]] ^{a}[[POSTSUPERSCRIPT]] \tilde{x}[[UNKNOWN]] ^{-}[[POSTSUPERSCRIPT]] +[[ADDOP]] ∂[[OPERATOR]] _{a}[[POSTSUBSCRIPT]] \tilde{\vec{y}}[[UNKNOWN]] ∂[[OPERATOR]] ^{a}[[POSTSUPERSCRIPT]] \tilde{\vec{y}}[[UNKNOWN]] +[[ADDOP]] ∂[[OPERATOR]] _{a}[[POSTSUBSCRIPT]] \tilde{\theta}[[UNKNOWN]] _{i}[[POSTSUBSCRIPT]] ∂[[OPERATOR]] ^{a}[[POSTSUPERSCRIPT]] \tilde{\theta}[[UNKNOWN]] _{i}[[POSTSUBSCRIPT]] +[[ADDOP]] k[[UNKNOWN]] ^{2}[[POSTSUPERSCRIPT]] \left([[OPEN]] ([[OPEN]] 1[[NUMBER]] +[[ADDOP]] e[[UNKNOWN]] ^{2\rho_{0}}[[POSTSUPERSCRIPT]] )[[CLOSE]] \tilde{\theta}[[UNKNOWN]] _{1}[[POSTSUBSCRIPT]] ^{2}[[POSTSUPERSCRIPT]] +[[ADDOP]] \tilde{\theta}[[UNKNOWN]] _{2}[[POSTSUBSCRIPT]] ^{2}[[POSTSUPERSCRIPT]] \right)[[CLOSE]]
Warning:not_parsed:POSTSUBSCRIPT.ATOM.POSTSUBSCRIPT>CLOSE MathParser failed to match rule 'Anything'
	at 0302005.tex; line 763 col 2 - line 765 col 4
	In "$\displaystyle\;\;\;\;\;\;\;\;\;\;\;\;\;\;\;\;\;\;\;2k\tilde{\theta}_{2}%
	\partial_{\sigma}\tilde{\theta}_{1}\bigg{]}\;,$"
	                   2[[NUMBER]] k[[UNKNOWN]] \tilde{\theta}[[UNKNOWN]] _{2}[[POSTSUBSCRIPT]] ∂[[OPERATOR]] _{\sigma}[[POSTSUBSCRIPT]] \tilde{\theta}[[UNKNOWN]] _{1}[[POSTSUBSCRIPT]]
	        > ][[CLOSE]]
Warning:not_parsed:INTOP.UNKNOWN.UNKNOWN>OPEN MathParser failed to match rule 'Anything'
	at 0302005.tex; line 772 col 7 - line 777 col 69
	In "$\displaystyle{1\over 2\pi k}\int d\sigma\bigg{[}\partial_{\tau}\tilde{x}^{+}%
	\partial_{\tau}\tilde{x}^{-}+\partial_{\sigma}\tilde{x}^{+}\partial_{\sigma}%
	\tilde{x}^{-}+\partial_{\tau}\tilde{\vec{y}}\partial_{\tau}\tilde{\vec{y}}+%
	\partial_{\sigma}\tilde{\vec{y}}\partial_{\sigma}\tilde{\vec{y}}+\partial_{%
	\tau}\tilde{\theta}_{i}\partial_{\tau}\tilde{\theta}_{i}$"
	1\over2\pik[[UNKNOWN]] ∫[[INTOP]] d[[UNKNOWN]] σ[[UNKNOWN]]
	        > [[[OPEN]] ∂[[OPERATOR]] _{\tau}[[POSTSUBSCRIPT]] \tilde{x}[[UNKNOWN]] ^{+}[[POSTSUPERSCRIPT]] ∂[[OPERATOR]] _{\tau}[[POSTSUBSCRIPT]] \tilde{x}[[UNKNOWN]] ^{-}[[POSTSUPERSCRIPT]] +[[ADDOP]] ∂[[OPERATOR]] _{\sigma}[[POSTSUBSCRIPT]] \tilde{x}[[UNKNOWN]] ^{+}[[POSTSUPERSCRIPT]] ∂[[OPERATOR]] _{\sigma}[[POSTSUBSCRIPT]] \tilde{x}[[UNKNOWN]] ^{-}[[POSTSUPERSCRIPT]] +[[ADDOP]] ∂[[OPERATOR]] _{\tau}[[POSTSUBSCRIPT]] \tilde{\vec{y}}[[UNKNOWN]] ∂[[OPERATOR]] _{\tau}[[POSTSUBSCRIPT]] \tilde{\vec{y}}[[UNKNOWN]] +[[ADDOP]] ∂[[OPERATOR]] _{\sigma}[[POSTSUBSCRIPT]] \tilde{\vec{y}}[[UNKNOWN]] ∂[[OPERATOR]] _{\sigma}[[POSTSUBSCRIPT]] \tilde{\vec{y}}[[UNKNOWN]] +[[ADDOP]] ∂[[OPERATOR]] _{\tau}[[POSTSUBSCRIPT]] \tilde{\theta}[[UNKNOWN]] _{i}[[POSTSUBSCRIPT]] ∂[[OPERATOR]] _{\tau}[[POSTSUBSCRIPT]] \tilde{\theta}[[UNKNOWN]] _{i}[[POSTSUBSCRIPT]]
Warning:not_parsed:POSTSUBSCRIPT.ATOM.POSTSUBSCRIPT>CLOSE MathParser failed to match rule 'Anything'
	at 0302005.tex; line 778 col 2 - line 782 col 4
	In "$\displaystyle\;\;\;\;\;\;\;\;\;\;\;\;\;\;\;\;\;\;+\partial_{\sigma}\tilde{%
	\theta}_{i}\partial_{\sigma}\tilde{\theta}_{i}+k^{2}[(1+e^{2\rho_{0}})\tilde{%
	\theta}_{1}^{2}+\tilde{\theta}_{2}^{2}]+4k\tilde{\theta}_{2}\partial_{\sigma}%
	\tilde{\theta}_{1}\bigg{]}\;.$"
	+[[ADDOP]] ∂[[OPERATOR]] _{\sigma}[[POSTSUBSCRIPT]] \tilde{\theta}[[UNKNOWN]] _{i}[[POSTSUBSCRIPT]] ∂[[OPERATOR]] _{\sigma}[[POSTSUBSCRIPT]] \tilde{\theta}[[UNKNOWN]] _{i}[[POSTSUBSCRIPT]] +[[ADDOP]] k[[UNKNOWN]] ^{2}[[POSTSUPERSCRIPT]] [[[OPEN]] ([[OPEN]] 1[[NUMBER]] +[[ADDOP]] e[[UNKNOWN]] ^{2\rho_{0}}[[POSTSUPERSCRIPT]] )[[CLOSE]] \tilde{\theta}[[UNKNOWN]] _{1}[[POSTSUBSCRIPT]] ^{2}[[POSTSUPERSCRIPT]] +[[ADDOP]] \tilde{\theta}[[UNKNOWN]] _{2}[[POSTSUBSCRIPT]] ^{2}[[POSTSUPERSCRIPT]] ][[CLOSE]] +[[ADDOP]] 4[[NUMBER]] k[[UNKNOWN]] \tilde{\theta}[[UNKNOWN]] _{2}[[POSTSUBSCRIPT]] ∂[[OPERATOR]] _{\sigma}[[POSTSUBSCRIPT]] \tilde{\theta}[[UNKNOWN]] _{1}[[POSTSUBSCRIPT]]
	        > ][[CLOSE]]
 23.73 sec)
Math parsing succeeded:
   ltx:XMArg: 2329/2333
   ltx:XMath: 377/410
Symbols assumed as simple identifiers (with # of occurences):
   'A{italic}' (33), 'B{italic}' (24), 'DI' (2), 'Delta' (1), 'E{italic}' (36), 'G{italic}' (1), 'I{italic}' (19), 'J{italic}' (47), 'LST' (4), 'L{italic}' (22), 'NC' (2), 'N{caligraphic}' (1), 'N{italic}' (106), 'Omega' (21), 'O{italic}' (1), 'P{italic}' (3), 'R{italic}' (2), 'S{italic}' (28), 'Tr' (1), 'T{italic}' (3), 'U{italic}' (9), 'Z{italic}' (3), 'alpha' (5), 'a{italic}' (79), 'beta' (2), 'b{italic}' (1), 'd{italic}' (257), 'epsilon' (11), 'eta' (39), 'e{italic}' (117), 'fixed' (1), 'f{italic}' (6), 'g{italic}' (16), 'i{italic}' (14), 'j{italic}' (11), 'k{italic}' (71), 'l{italic}' (9), 'm{italic}' (2), 'n{italic}' (25), 'omega' (30), 'phi' (18), 'pi' (24), 'p{italic}' (57), 'rho' (124), 'r{italic}' (96), 'sigma' (21), 's{italic}' (20), 'tau' (16), 'theta' (72), 't{italic}' (38), 'u{italic}' (12), 'w{italic}' (11), 'xi' (24), 'x{italic}' (131), 'y{italic}' (20), 'z{italic}' (99)
Set MATHPARSER_SPECULATE to speculate on possible notations.
(Finalizing... 1.32 sec)
Conversion complete 38 warnings (See /home/user/latex-in-arxiv/0302005.latexml.log) (reqd. 47.59s)
