latexml (LaTeXML version 0.8.6) processing 2003/0302077.tex
(Digesting TeX 0302077...
(Loading /usr/share/perl5/LaTeXML/Package/TeX.pool.ltxml...
(Loading /usr/share/perl5/LaTeXML/Package/eTeX.pool.ltxml... 0.01 sec)
(Loading /usr/share/perl5/LaTeXML/Package/pdfTeX.pool.ltxml... 0.01 sec) 0.19 sec)
(Processing content /home/user/latex-in-arxiv/2003/0302077.tex...
(Loading /usr/share/perl5/LaTeXML/Package/LaTeX.pool.ltxml...
(Loading /usr/share/perl5/LaTeXML/Package/textcomp.sty.ltxml...
(Processing definitions /usr/share/texlive/texmf-dist/tex/latex-dev/base/ts1enc.dfu... 0.03 sec) 1.55 sec) 1.82 sec)
(Loading /usr/share/perl5/LaTeXML/Package/article.cls.ltxml... 0.01 sec)
(Loading /usr/share/perl5/LaTeXML/Package/amsmath.sty.ltxml...
(Loading /usr/share/perl5/LaTeXML/Package/amsbsy.sty.ltxml...
(Loading /usr/share/perl5/LaTeXML/Package/amsgen.sty.ltxml... 0.00 sec) 0.01 sec)
(Loading /usr/share/perl5/LaTeXML/Package/amstext.sty.ltxml... 0.01 sec)
(Loading /usr/share/perl5/LaTeXML/Package/amsopn.sty.ltxml... 0.01 sec) 0.06 sec)
(Loading /usr/share/perl5/LaTeXML/Package/epsfig.sty.ltxml...
(Loading /usr/share/perl5/LaTeXML/Package/graphicx.sty.ltxml...
(Loading /usr/share/perl5/LaTeXML/Package/graphics.sty.ltxml... 0.01 sec) 0.02 sec) 0.04 sec) 6.13 sec) 6.35 sec)
(Building...
(Loading compiled schema /usr/share/perl5/LaTeXML/resources/RelaxNG/LaTeXML.model... 0.01 sec) 4.36 sec)
(Rewriting... 0.17 sec)
(Math Parsing 403 formulae ......
Warning:not_parsed:UNKNOWN.POSTSUBSCRIPT.POSTSUPERSCRIPT>CLOSE MathParser failed to match rule 'Anything'
	at 0302077.tex; line 98 col 0 - line 101 col 14
	In "\begin{equation}W=-Tr\left(e^{i\beta}\Phi_{1}\Phi_{2}\Phi_{3}-e^{-i\beta}\Phi_%
	{1}\Phi_{3}\Phi_{2})-m\sum\Phi_{i}^{2}\right)\end{equation}"
	W[[UNKNOWN]] =[[RELOP]] -[[ADDOP]] T[[UNKNOWN]] r[[UNKNOWN]] \left([[OPEN]] e[[UNKNOWN]] ^{i\beta}[[POSTSUPERSCRIPT]] Φ[[UNKNOWN]] _{1}[[POSTSUBSCRIPT]] Φ[[UNKNOWN]] _{2}[[POSTSUBSCRIPT]] Φ[[UNKNOWN]] _{3}[[POSTSUBSCRIPT]] -[[ADDOP]] e[[UNKNOWN]] ^{-i\beta}[[POSTSUPERSCRIPT]] Φ[[UNKNOWN]] _{1}[[POSTSUBSCRIPT]] Φ[[UNKNOWN]] _{3}[[POSTSUBSCRIPT]] Φ[[UNKNOWN]] _{2}[[POSTSUBSCRIPT]] )[[CLOSE]] -[[ADDOP]] m[[UNKNOWN]] ∑[[SUMOP]] Φ[[UNKNOWN]] _{i}[[POSTSUBSCRIPT]] ^{2}[[POSTSUPERSCRIPT]]
	        > \right)[[CLOSE]]
Warning:not_parsed:UNKNOWN.POSTSUBSCRIPT.POSTSUPERSCRIPT>CLOSE MathParser failed to match rule 'Superscript'
	at 0302077.tex; line 110 col 0 - line 110 col 23
	In "\begin{equation}Z=\int\mathcal{D}\Phi e^{\frac{1}{g_{s}}Tr\left(e^{i\beta}\Phi%
	_{1}\Phi_{2}\Phi_{3}-e^{-i\beta}\Phi_{1}\Phi_{3}\Phi_{2})-m\sum\Phi_{i}^{2}%
	\right)}\end{equation}"
	\frac{1}{g_{s}}[[UNKNOWN]] T[[UNKNOWN]] r[[UNKNOWN]] \left([[OPEN]] e[[UNKNOWN]] ^{i\beta}[[POSTSUPERSCRIPT]] Φ[[UNKNOWN]] _{1}[[POSTSUBSCRIPT]] Φ[[UNKNOWN]] _{2}[[POSTSUBSCRIPT]] Φ[[UNKNOWN]] _{3}[[POSTSUBSCRIPT]] -[[ADDOP]] e[[UNKNOWN]] ^{-i\beta}[[POSTSUPERSCRIPT]] Φ[[UNKNOWN]] _{1}[[POSTSUBSCRIPT]] Φ[[UNKNOWN]] _{3}[[POSTSUBSCRIPT]] Φ[[UNKNOWN]] _{2}[[POSTSUBSCRIPT]] )[[CLOSE]] -[[ADDOP]] m[[UNKNOWN]] ∑[[SUMOP]] Φ[[UNKNOWN]] _{i}[[POSTSUBSCRIPT]] ^{2}[[POSTSUPERSCRIPT]]
	        > \right)[[CLOSE]]
Warning:not_parsed:>OPEN MathParser failed to match rule 'Anything'
	at 0302077.tex; line 142 col 70 - line 142 col 70
	In "$\displaystyle\int\prod d\mu_{i}\prod_{j<i}\frac{(\sinh\mu_{i}-\sinh\mu_{j})^{%
	2}}{(\sinh\mu_{i}-\sinh(\mu_{j}+2i\beta)(\sinh\mu_{i}-\sinh(\mu_{j}-2i\beta)}\@@ENDINLINEMATH"
	> ([[OPEN]] sinh[[TRIGFUNCTION]] μ[[UNKNOWN]] _{i}[[POSTSUBSCRIPT]] -[[ADDOP]] sinh[[TRIGFUNCTION]] ([[OPEN]] μ[[UNKNOWN]] _{j}[[POSTSUBSCRIPT]] +[[ADDOP]] 2[[NUMBER]] i[[UNKNOWN]] β[[UNKNOWN]] )[[CLOSE]] ([[OPEN]] sinh[[TRIGFUNCTION]] μ[[UNKNOWN]] _{i}[[POSTSUBSCRIPT]] -[[ADDOP]] sinh[[TRIGFUNCTION]] ([[OPEN]] μ[[UNKNOWN]] _{j}[[POSTSUBSCRIPT]] -[[ADDOP]] 2[[NUMBER]] i[[UNKNOWN]] β[[UNKNOWN]] )[[CLOSE]]
Warning:not_parsed:>OPEN MathParser failed to match rule 'Anything'
	at 0302077.tex; line 142 col 70 - line 142 col 70
	In "$\displaystyle\int\prod d\mu_{i}\prod_{j<i}\frac{(\sinh\mu_{i}-\sinh\mu_{j})^{%
	2}}{(\sinh\mu_{i}-\sinh(\mu_{j}+2i\beta)(\sinh\mu_{i}-\sinh(\mu_{j}-2i\beta)}$"
	> ([[OPEN]] sinh[[TRIGFUNCTION]] μ[[UNKNOWN]] _{i}[[POSTSUBSCRIPT]] -[[ADDOP]] sinh[[TRIGFUNCTION]] ([[OPEN]] μ[[UNKNOWN]] _{j}[[POSTSUBSCRIPT]] +[[ADDOP]] 2[[NUMBER]] i[[UNKNOWN]] β[[UNKNOWN]] )[[CLOSE]] ([[OPEN]] sinh[[TRIGFUNCTION]] μ[[UNKNOWN]] _{i}[[POSTSUBSCRIPT]] -[[ADDOP]] sinh[[TRIGFUNCTION]] ([[OPEN]] μ[[UNKNOWN]] _{j}[[POSTSUBSCRIPT]] -[[ADDOP]] 2[[NUMBER]] i[[UNKNOWN]] β[[UNKNOWN]] )[[CLOSE]]
Warning:not_parsed:MULOP.NUMBER.CLOSE>CLOSE MathParser failed to match rule 'Anything'
	at 0302077.tex; line 549 col 0 - line 553 col 3
	In "\begin{equation}\tau=(\tau_{0}+j)/\left(N-n^{\prime}+\sum_{k}{L_{k}/4}+\sum_{k%
	}{M_{k}/2})\right)\end{equation}"
	τ[[UNKNOWN]] =[[RELOP]] ([[OPEN]] τ[[UNKNOWN]] _{0}[[POSTSUBSCRIPT]] +[[ADDOP]] j[[UNKNOWN]] )[[CLOSE]] /[[MULOP]] \left([[OPEN]] N[[UNKNOWN]] -[[ADDOP]] n[[UNKNOWN]] ^{\prime}[[POSTSUPERSCRIPT]] +[[ADDOP]] ∑[[SUMOP]] _{k}[[POSTSUBSCRIPT]] L[[UNKNOWN]] _{k}[[POSTSUBSCRIPT]] /[[MULOP]] 4[[NUMBER]] +[[ADDOP]] ∑[[SUMOP]] _{k}[[POSTSUBSCRIPT]] M[[UNKNOWN]] _{k}[[POSTSUBSCRIPT]] /[[MULOP]] 2[[NUMBER]] )[[CLOSE]]
	        > \right)[[CLOSE]]
Warning:not_parsed:UNKNOWN.POSTSUBSCRIPT.POSTSUPERSCRIPT>CLOSE MathParser failed to match rule 'Anything'
	at 0302077.tex; line 593 col 0 - line 596 col 3
	In "\begin{equation}W=Tr\left(\phi_{1}\phi_{2}\phi_{3}-q\phi_{1}\phi_{3}\phi_{2})+%
	m\sum\phi_{i}^{2}\right).\end{equation}"
	W[[UNKNOWN]] =[[RELOP]] T[[UNKNOWN]] r[[UNKNOWN]] \left([[OPEN]] ϕ[[UNKNOWN]] _{1}[[POSTSUBSCRIPT]] ϕ[[UNKNOWN]] _{2}[[POSTSUBSCRIPT]] ϕ[[UNKNOWN]] _{3}[[POSTSUBSCRIPT]] -[[ADDOP]] q[[UNKNOWN]] ϕ[[UNKNOWN]] _{1}[[POSTSUBSCRIPT]] ϕ[[UNKNOWN]] _{3}[[POSTSUBSCRIPT]] ϕ[[UNKNOWN]] _{2}[[POSTSUBSCRIPT]] )[[CLOSE]] +[[ADDOP]] m[[UNKNOWN]] ∑[[SUMOP]] ϕ[[UNKNOWN]] _{i}[[POSTSUBSCRIPT]] ^{2}[[POSTSUPERSCRIPT]]
	        > \right)[[CLOSE]]
Warning:not_parsed:ADDOP.UNKNOWN>OPEN MathParser failed to match rule 'Anything'
	at 0302077.tex; line 865 col 1 - line 865 col 1
	In "$\displaystyle-B\left[\frac{\wp^{\prime\prime}(u_{\infty})}{\wp^{\prime 2}}\ln%
	{\frac{\sigma(u+u_{\infty})}{\sigma(u-u_{\infty})}}-\frac{1}{\wp^{\prime}(u_{%
	\infty})}(\zeta(u+u_{\infty})+\zeta(u-u_{\infty}))\right.\@@ENDINLINEMATH"
	-[[ADDOP]] B[[UNKNOWN]]
	        > \left[[[OPEN]] \frac{\wp^{\prime\prime}(u_{\infty})}{\wp^{\prime2}}[[UNKNOWN]] ln[[OPFUNCTION]] \frac{\sigma(u+u_{\infty})}{\sigma(u-u_{\infty})}[[UNKNOWN]] -[[ADDOP]] \frac{1}{\wp^{\prime}(u_{\infty})}[[UNKNOWN]] ([[OPEN]] ζ[[UNKNOWN]] ([[OPEN]] u[[UNKNOWN]] +[[ADDOP]] u[[UNKNOWN]] _{\infty}[[POSTSUBSCRIPT]] )[[CLOSE]] +[[ADDOP]] ζ[[UNKNOWN]] ([[OPEN]] u[[UNKNOWN]] -[[ADDOP]] u[[UNKNOWN]] _{\infty}[[POSTSUBSCRIPT]] )[[CLOSE]] )[[CLOSE]]
Warning:not_parsed:ADDOP.UNKNOWN>OPEN MathParser failed to match rule 'Anything'
	at 0302077.tex; line 865 col 1 - line 867 col 5
	In "$\displaystyle-B\left[\frac{\wp^{\prime\prime}(u_{\infty})}{\wp^{\prime 2}}\ln%
	{\frac{\sigma(u+u_{\infty})}{\sigma(u-u_{\infty})}}-\frac{1}{\wp^{\prime}(u_{%
	\infty})}(\zeta(u+u_{\infty})+\zeta(u-u_{\infty}))\right.$"
	-[[ADDOP]] B[[UNKNOWN]]
	        > \left[[[OPEN]] \frac{\wp^{\prime\prime}(u_{\infty})}{\wp^{\prime2}}[[UNKNOWN]] ln[[OPFUNCTION]] \frac{\sigma(u+u_{\infty})}{\sigma(u-u_{\infty})}[[UNKNOWN]] -[[ADDOP]] \frac{1}{\wp^{\prime}(u_{\infty})}[[UNKNOWN]] ([[OPEN]] ζ[[UNKNOWN]] ([[OPEN]] u[[UNKNOWN]] +[[ADDOP]] u[[UNKNOWN]] _{\infty}[[POSTSUBSCRIPT]] )[[CLOSE]] +[[ADDOP]] ζ[[UNKNOWN]] ([[OPEN]] u[[UNKNOWN]] -[[ADDOP]] u[[UNKNOWN]] _{\infty}[[POSTSUBSCRIPT]] )[[CLOSE]] )[[CLOSE]]
Warning:not_parsed:POSTSUBSCRIPT.CLOSE.CLOSE>CLOSE MathParser failed to match rule 'Anything'
	at 0302077.tex; line 867 col 6 - line 867 col 6
	In "$\displaystyle\left.-\left(\frac{2\wp(u_{\infty})}{\wp^{\prime}(u_{\infty})}+%
	\frac{2\wp^{\prime\prime}(u_{\infty})\zeta(u_{\infty})}{\wp^{\prime 2}(u_{%
	\infty})}\right)u+\frac{1}{\wp^{\prime}}\left(\frac{\wp^{\prime\prime}}{2\wp^{%
	\prime}}-\frac{H^{\prime}(2u_{\infty})}{H(2u_{\infty})}\right)\left(\ln{\frac{%
	\sigma(u-u_{\infty})}{\sigma(u+u_{\infty})}}+2u\zeta(u_{\infty})\right)\right]\@@ENDINLINEMATH"
	-[[ADDOP]] \left([[OPEN]] \frac{2\wp(u_{\infty})}{\wp^{\prime}(u_{\infty})}[[UNKNOWN]] +[[ADDOP]] \frac{2\wp^{\prime\prime}(u_{\infty})\zeta(u_{\infty})}{\wp^{\prime2}(u_{\infty})}[[UNKNOWN]] \right)[[CLOSE]] u[[UNKNOWN]] +[[ADDOP]] \frac{1}{\wp^{\prime}}[[UNKNOWN]] \left([[OPEN]] \frac{\wp^{\prime\prime}}{2\wp^{\prime}}[[UNKNOWN]] -[[ADDOP]] \frac{H^{\prime}(2u_{\infty})}{H(2u_{\infty})}[[UNKNOWN]] \right)[[CLOSE]] \left([[OPEN]] ln[[OPFUNCTION]] \frac{\sigma(u-u_{\infty})}{\sigma(u+u_{\infty})}[[UNKNOWN]] +[[ADDOP]] 2[[NUMBER]] u[[UNKNOWN]] ζ[[UNKNOWN]] ([[OPEN]] u[[UNKNOWN]] _{\infty}[[POSTSUBSCRIPT]] )[[CLOSE]] \right)[[CLOSE]]
	        > \right][[CLOSE]]
Warning:not_parsed:POSTSUBSCRIPT.CLOSE.CLOSE>CLOSE MathParser failed to match rule 'Anything'
	at 0302077.tex; line 867 col 6 - line 874 col 4
	In "$\displaystyle\left.-\left(\frac{2\wp(u_{\infty})}{\wp^{\prime}(u_{\infty})}+%
	\frac{2\wp^{\prime\prime}(u_{\infty})\zeta(u_{\infty})}{\wp^{\prime 2}(u_{%
	\infty})}\right)u+\frac{1}{\wp^{\prime}}\left(\frac{\wp^{\prime\prime}}{2\wp^{%
	\prime}}-\frac{H^{\prime}(2u_{\infty})}{H(2u_{\infty})}\right)\left(\ln{\frac{%
	\sigma(u-u_{\infty})}{\sigma(u+u_{\infty})}}+2u\zeta(u_{\infty})\right)\right]$"
	-[[ADDOP]] \left([[OPEN]] \frac{2\wp(u_{\infty})}{\wp^{\prime}(u_{\infty})}[[UNKNOWN]] +[[ADDOP]] \frac{2\wp^{\prime\prime}(u_{\infty})\zeta(u_{\infty})}{\wp^{\prime2}(u_{\infty})}[[UNKNOWN]] \right)[[CLOSE]] u[[UNKNOWN]] +[[ADDOP]] \frac{1}{\wp^{\prime}}[[UNKNOWN]] \left([[OPEN]] \frac{\wp^{\prime\prime}}{2\wp^{\prime}}[[UNKNOWN]] -[[ADDOP]] \frac{H^{\prime}(2u_{\infty})}{H(2u_{\infty})}[[UNKNOWN]] \right)[[CLOSE]] \left([[OPEN]] ln[[OPFUNCTION]] \frac{\sigma(u-u_{\infty})}{\sigma(u+u_{\infty})}[[UNKNOWN]] +[[ADDOP]] 2[[NUMBER]] u[[UNKNOWN]] ζ[[UNKNOWN]] ([[OPEN]] u[[UNKNOWN]] _{\infty}[[POSTSUBSCRIPT]] )[[CLOSE]] \right)[[CLOSE]]
	        > \right][[CLOSE]]
 16.08 sec)
Math parsing succeeded:
   ltx:XMWrap: 1/1
   ltx:XMArg: 1588/1591
   ltx:XMath: 398/405
Symbols assumed as simple identifiers (with # of occurences):
   'A{italic}' (12), 'B{italic}' (17), 'C{italic}' (21), 'D{caligraphic}' (1), 'F{italic}' (3), 'H{italic}' (42), 'I{italic}' (2), 'J{italic}' (35), 'K{italic}' (1), 'Lambda' (1), 'L{italic}' (4), 'M{italic}' (5), 'N{italic}' (68), 'Phi' (48), 'Pi' (28), 'R{italic}' (1), 'S{italic}' (16), 'T{italic}' (6), 'U{italic}' (3), 'W{italic}' (9), 'Y{italic}' (1), 'Z{italic}' (1), 'alpha' (14), 'a{italic}' (13), 'beta' (208), 'b{italic}' (3), 'c{italic}' (2), 'delta' (7), 'd{italic}' (19), 'epsilon' (2), 'eta' (19), 'e{italic}' (33), 'f{italic}' (13), 'g{italic}' (17), 'h{italic}' (6), 'i{italic}' (143), 'j{italic}' (11), 'k{italic}' (15), 'lambda' (30), 'l{italic}' (12), 'mu' (95), 'm{italic}' (33), 'n{italic}' (37), 'omega' (66), 'phi' (27), 'pi' (106), 'p{italic}' (7), 'q{italic}' (26), 'rho' (4), 'r{italic}' (6), 'sigma' (42), 's{italic}' (5), 'tau' (114), 'theta' (67), 'u{italic}' (341), 'v{italic}' (41), 'wp' (106), 'w{italic}' (13), 'xi' (12), 'x{italic}' (129), 'zeta' (38), 'z{italic}' (74)
Set MATHPARSER_SPECULATE to speculate on possible notations.
(Finalizing... 1.85 sec)
Conversion complete 10 warnings (See /home/user/latex-in-arxiv/0302077.latexml.log) (reqd. 29.80s)
