latexmlpost (LaTeXML version 0.8.6) paginating /home/user/latex-in-arxiv/2003/0302070_cleaned.xml
(post-processing...
(Scan  processing...
Scan: DBStatus: 3482/0 objects
 0.66 sec)
(MakeBibliography  processing... 0.00 sec)
(CrossRef  processing...
Warning:expected:ids Missing File location for ID: bib.bib32,bib.bib25,bib.bib22,bib.bib35,S3.E131,S5.E209,S5.E218,bib.bib40,bib.bib10,S4.E156,bib.bib6,S1.F4,bib.bib13,S5,S3.E138,S2.E66,bib.bib28,S4.T1,bib.bib17,bib.bib38,S5.SS1,bib.bib33,S3.E114,S4.F7,bib.bib23,S4.E162,bib.bib30,bib.bib5,bib.bib20,bib.bib27,bib.bib37,S5.E199,bib.bib18,bib.bib12,S1.E31,S1.E11,bib.bib15,S1.F6,S3.E126,S3.E105,bib.bib9,S4.SS2,bib.bib1,S1.E13,S1.F2,S3.SS2,S5.E213,bib.bib19,S2.E86,S4.E161,bib.bib14,S5.SS4.SSS1,S2.E77,S1.E26,S3.E93,S2.E78,S3,bib.bib26,bib.bib36,bib.bib7,bib.bib11,bib.bib4,S3.SS2.SSS2,S1.E2,S2.E61,S3.SS1,bib.bib8,S1.F1,S3.E121,bib.bib16,S1.F3,S5.SS4.SSS2,S3.E118,bib.bib21,bib.bib31,S3.E109,bib.bib29,S1.E8,bib.bib39,bib.bib2,bib.bib3,bib.bib34,S3.E111,S5.E195,bib.bib24,S1.F5
	In Post::CrossRef[@0x55dd7ed5adc0] ->process
Warning:expected:ids Missing Target for Label: LABEL:a.6,LABEL:b.1,LABEL:ncspinor,LABEL:e.1,LABEL:a.1,LABEL:invfour,LABEL:d.6,LABEL:d.3,LABEL:quantisation
	In Post::CrossRef[@0x55dd7ed5adc0] ->process
 0.37 sec)
(SVG  5 to process...
(Loading compiled schema /usr/share/perl5/LaTeXML/resources/RelaxNG/LaTeXML.model... 0.01 sec) 0.03 sec)
(MathML::Presentation  1156 to process...
converted 1156 Maths
 3.74 sec)
(XSLT[using LaTeXML-html5.xsl]  processing... 1.25 sec)
(Writer  processing... 0.01 sec) 6.11 sec)
Postprocessing complete 2 warnings (See /home/user/latex-in-arxiv/0302070_cleaned.latexmlpost.log) (reqd. 6.76s)
