latexml (LaTeXML version 0.8.6) processing 2003/0302217.tex
(Digesting TeX 0302217...
(Loading /usr/share/perl5/LaTeXML/Package/TeX.pool.ltxml...
(Loading /usr/share/perl5/LaTeXML/Package/eTeX.pool.ltxml... 0.00 sec)
(Loading /usr/share/perl5/LaTeXML/Package/pdfTeX.pool.ltxml... 0.01 sec) 0.14 sec)
(Processing content /home/user/latex-in-arxiv/2003/0302217.tex...
(Loading /usr/share/perl5/LaTeXML/Package/LaTeX.pool.ltxml...
(Loading /usr/share/perl5/LaTeXML/Package/textcomp.sty.ltxml...
(Processing definitions /usr/share/texlive/texmf-dist/tex/latex-dev/base/ts1enc.dfu... 0.02 sec) 1.04 sec) 1.24 sec)
(Loading /usr/share/perl5/LaTeXML/Package/JHEP3.cls.ltxml...
(Loading /usr/share/perl5/LaTeXML/Package/JHEP.cls.ltxml...
(Loading /usr/share/perl5/LaTeXML/Package/article.cls.ltxml... 0.01 sec)
(Loading /usr/share/perl5/LaTeXML/Package/amssymb.sty.ltxml...
(Loading /usr/share/perl5/LaTeXML/Package/amsfonts.sty.ltxml... 0.00 sec) 0.02 sec)
(Loading /usr/share/perl5/LaTeXML/Package/floatflt.sty.ltxml... 0.01 sec) 0.06 sec) 0.07 sec) 11.80 sec) 12.01 sec)
(Building...
(Loading compiled schema /usr/share/perl5/LaTeXML/resources/RelaxNG/LaTeXML.model... 0.02 sec) 13.93 sec)
(Rewriting... 0.45 sec)
(Math Parsing 766 formulae ......
Warning:not_parsed:UNKNOWN.POSTSUPERSCRIPT.POSTSUBSCRIPT>CLOSE MathParser failed to match rule 'Anything'
	at 0302217.tex; line 232 col 2 - line 232 col 2
	In "$\displaystyle\{Q^{+}_{r},Q^{-}_{s}\}=2L_{r+s}+(r-s)R_{0}\,,\@@ENDINLINEMATH"
	{[[UNKNOWN]] Q[[UNKNOWN]] ^{+}[[POSTSUPERSCRIPT]] _{r}[[POSTSUBSCRIPT]] ,[[PUNCT]] Q[[UNKNOWN]] ^{-}[[POSTSUPERSCRIPT]] _{s}[[POSTSUBSCRIPT]]
	        > \}[[CLOSE]] =[[RELOP]] 2[[NUMBER]] L[[UNKNOWN]] _{r+s}[[POSTSUBSCRIPT]] +[[ADDOP]] ([[OPEN]] r[[UNKNOWN]] -[[ADDOP]] s[[UNKNOWN]] )[[CLOSE]] R[[UNKNOWN]] _{0}[[POSTSUBSCRIPT]]
Warning:not_parsed:UNKNOWN.POSTSUPERSCRIPT.POSTSUBSCRIPT>CLOSE MathParser failed to match rule 'Anything'
	at 0302217.tex; line 232 col 2 - line 232 col 17
	In "$\displaystyle\{Q^{+}_{r},Q^{-}_{s}\}$"
	{[[UNKNOWN]] Q[[UNKNOWN]] ^{+}[[POSTSUPERSCRIPT]] _{r}[[POSTSUBSCRIPT]] ,[[PUNCT]] Q[[UNKNOWN]] ^{-}[[POSTSUPERSCRIPT]] _{s}[[POSTSUBSCRIPT]]
	        > \}[[CLOSE]]
Warning:not_parsed:UNKNOWN.POSTSUPERSCRIPT>RELOP MathParser failed to match rule 'Anything'
	at 0302217.tex; line 272 col 11 - line 272 col 23
	In "$\eta^{AB}=(++-)$"
	η[[UNKNOWN]] ^{AB}[[POSTSUPERSCRIPT]]
	        > =[[RELOP]] ([[OPEN]] +[[ADDOP]] +[[ADDOP]] -[[ADDOP]] )[[CLOSE]]
Warning:not_parsed:ATOM>OPEN MathParser failed to match rule 'Anything'
	at 0302217.tex; line 433 col 22 - line 433 col 22
	In "\begin{equation}\begin{array}[]{rcrcl}e^{\pm iH_{1}}&=&{1\over\sqrt{k}}(\psi^{%
	1}&\mp&i\psi^{2})~{},\\
	e^{\pm i\pi N_{1}}e^{\pm iH_{2}}&=&{1\over\sqrt{2}}\psi^{0}&\mp&{1\over\sqrt{k%
	}}\psi^{3}~{}.\end{array}\end{equation}"
	1\over\sqrt{k}[[UNKNOWN]]
	        > ([[OPEN]] ψ[[UNKNOWN]] ^{1}[[POSTSUPERSCRIPT]]
Warning:not_parsed:UNKNOWN.UNKNOWN.POSTSUPERSCRIPT>CLOSE MathParser failed to match rule 'Anything'
	at 0302217.tex; line 433 col 41 - line 433 col 41
	i[[UNKNOWN]] ψ[[UNKNOWN]] ^{2}[[POSTSUPERSCRIPT]]
	        > )[[CLOSE]]
Warning:not_parsed:UNKNOWN.POSTSUBSCRIPT.POSTSUPERSCRIPT>CLOSE MathParser failed to match rule 'Anything'
	at 0302217.tex; line 677 col 2 - line 677 col 2
	In "$\displaystyle\{Q_{r}^{a},Q_{s}^{b}\}=2\delta^{a,b}~{},\,L_{r+s}+i\epsilon^{ab%
	}_{~{}~{}c}(r-s)T^{c}_{r+s}~{},\@@ENDINLINEMATH"
	{[[UNKNOWN]] Q[[UNKNOWN]] _{r}[[POSTSUBSCRIPT]] ^{a}[[POSTSUPERSCRIPT]] ,[[PUNCT]] Q[[UNKNOWN]] _{s}[[POSTSUBSCRIPT]] ^{b}[[POSTSUPERSCRIPT]]
	        > \}[[CLOSE]] =[[RELOP]] 2[[NUMBER]] δ[[UNKNOWN]] ^{a,b}[[POSTSUPERSCRIPT]] ,[[PUNCT]] L[[UNKNOWN]] _{r+s}[[POSTSUBSCRIPT]] +[[ADDOP]] i[[UNKNOWN]] ϵ[[UNKNOWN]] ^{ab}[[POSTSUPERSCRIPT]] _{~{}~{}c}[[POSTSUBSCRIPT]] ([[OPEN]] r[[UNKNOWN]] -[[ADDOP]] s[[UNKNOWN]] )[[CLOSE]] T[[UNKNOWN]] ^{c}[[POSTSUPERSCRIPT]] _{r+s}[[POSTSUBSCRIPT]]
Warning:not_parsed:UNKNOWN.POSTSUBSCRIPT.POSTSUPERSCRIPT>CLOSE MathParser failed to match rule 'Anything'
	at 0302217.tex; line 677 col 2 - line 677 col 18
	In "$\displaystyle\{Q_{r}^{a},Q_{s}^{b}\}$"
	{[[UNKNOWN]] Q[[UNKNOWN]] _{r}[[POSTSUBSCRIPT]] ^{a}[[POSTSUPERSCRIPT]] ,[[PUNCT]] Q[[UNKNOWN]] _{s}[[POSTSUBSCRIPT]] ^{b}[[POSTSUPERSCRIPT]]
	        > \}[[CLOSE]]
Warning:not_parsed:UNKNOWN.POSTSUPERSCRIPT.POSTSUBSCRIPT>CLOSE MathParser failed to match rule 'Anything'
	at 0302217.tex; line 749 col 0 - line 749 col 2
	In "$\displaystyle{\{\psi^{A}_{0},\psi^{B}_{0}\}}$"
	{[[UNKNOWN]] ψ[[UNKNOWN]] ^{A}[[POSTSUPERSCRIPT]] _{0}[[POSTSUBSCRIPT]] ,[[PUNCT]] ψ[[UNKNOWN]] ^{B}[[POSTSUPERSCRIPT]] _{0}[[POSTSUBSCRIPT]]
	        > \}[[CLOSE]]
Warning:not_parsed:UNKNOWN.POSTSUPERSCRIPT.POSTSUBSCRIPT>CLOSE MathParser failed to match rule 'Anything'
	at 0302217.tex; line 749 col 0 - line 749 col 2
	In "$\displaystyle{\{\chi^{a}_{0},\chi^{b}_{0}\}}$"
	{[[UNKNOWN]] χ[[UNKNOWN]] ^{a}[[POSTSUPERSCRIPT]] _{0}[[POSTSUBSCRIPT]] ,[[PUNCT]] χ[[UNKNOWN]] ^{b}[[POSTSUPERSCRIPT]] _{0}[[POSTSUBSCRIPT]]
	        > \}[[CLOSE]]
Warning:not_parsed:UNKNOWN.POSTSUPERSCRIPT.POSTSUBSCRIPT>CLOSE MathParser failed to match rule 'Anything'
	at 0302217.tex; line 749 col 0 - line 749 col 2
	In "$\displaystyle{\{\psi^{A}_{0},\chi^{a}_{0}\}}$"
	{[[UNKNOWN]] ψ[[UNKNOWN]] ^{A}[[POSTSUPERSCRIPT]] _{0}[[POSTSUBSCRIPT]] ,[[PUNCT]] χ[[UNKNOWN]] ^{a}[[POSTSUPERSCRIPT]] _{0}[[POSTSUBSCRIPT]]
	        > \}[[CLOSE]]
Warning:not_parsed:ATOM>OPEN MathParser failed to match rule 'Anything'
	at 0302217.tex; line 788 col 35 - line 788 col 35
	In "\begin{equation}\begin{array}[]{rcrcl}e^{\pm iH_{1}}&=&{1\over\sqrt{k}}(\psi^{%
	1}&\mp&i\psi^{2})~{},\\
	e^{\pm i(H_{2}+\pi N_{1})}&=&{1\over 2\sqrt{k}}\chi^{3}&\mp&{1\over\sqrt{k}}%
	\psi^{3}~{},\\
	e^{\pm i(H_{3}+\pi N_{2}+\pi N_{1})}&=&{1\over 2\sqrt{k}}(\chi^{1}&\mp&i\chi^{%
	2})~{},\end{array}\end{equation}"
	1\over\sqrt{k}[[UNKNOWN]]
	        > ([[OPEN]] ψ[[UNKNOWN]] ^{1}[[POSTSUPERSCRIPT]]
Warning:not_parsed:UNKNOWN.UNKNOWN.POSTSUPERSCRIPT>CLOSE MathParser failed to match rule 'Anything'
	at 0302217.tex; line 788 col 54 - line 788 col 54
	i[[UNKNOWN]] ψ[[UNKNOWN]] ^{2}[[POSTSUPERSCRIPT]]
	        > )[[CLOSE]]
Warning:not_parsed:ATOM>OPEN MathParser failed to match rule 'Anything'
	at 0302217.tex; line 791 col 0 - line 791 col 58
	1\over2\sqrt{k}[[UNKNOWN]]
	        > ([[OPEN]] χ[[UNKNOWN]] ^{1}[[POSTSUPERSCRIPT]]
Warning:not_parsed:UNKNOWN.UNKNOWN.POSTSUPERSCRIPT>CLOSE MathParser failed to match rule 'Anything'
	at 0302217.tex; line 792 col 17 - line 792 col 17
	i[[UNKNOWN]] χ[[UNKNOWN]] ^{2}[[POSTSUPERSCRIPT]]
	        > )[[CLOSE]]
Warning:not_parsed:PUNCT.UNKNOWN.POSTSUBSCRIPT>CLOSE MathParser failed to match rule 'Anything'
	at 0302217.tex; line 1245 col 0 - line 1245 col 2
	In "$\displaystyle{\{G_{s},\chi_{n}\}}$"
	{[[UNKNOWN]] G[[UNKNOWN]] _{s}[[POSTSUBSCRIPT]] ,[[PUNCT]] χ[[UNKNOWN]] _{n}[[POSTSUBSCRIPT]]
	        > \}[[CLOSE]]
Warning:not_parsed:UNKNOWN.POSTSUBSCRIPT.CLOSE>CLOSE MathParser failed to match rule 'Anything'
	at 0302217.tex; line 1254 col 0 - line 1254 col 2
	In "$\displaystyle{\{G_{s},[\chi_{t},K_{q}]\}-\{\chi_{t},[K_{q},G_{s}]\}+[K_{q},\{%
	G_{s},\chi_{t}\}]}$"
	{[[UNKNOWN]] G[[UNKNOWN]] _{s}[[POSTSUBSCRIPT]] ,[[PUNCT]] [[[OPEN]] χ[[UNKNOWN]] _{t}[[POSTSUBSCRIPT]] ,[[PUNCT]] K[[UNKNOWN]] _{q}[[POSTSUBSCRIPT]] ][[CLOSE]]
	        > \}[[CLOSE]] -[[ADDOP]] \{[[OPEN]] χ[[UNKNOWN]] _{t}[[POSTSUBSCRIPT]] ,[[PUNCT]] [[[OPEN]] K[[UNKNOWN]] _{q}[[POSTSUBSCRIPT]] ,[[PUNCT]] G[[UNKNOWN]] _{s}[[POSTSUBSCRIPT]] ][[CLOSE]] \}[[CLOSE]] +[[ADDOP]] [[[OPEN]] K[[UNKNOWN]] _{q}[[POSTSUBSCRIPT]] ,[[PUNCT]] \{[[OPEN]] G[[UNKNOWN]] _{s}[[POSTSUBSCRIPT]] ,[[PUNCT]] χ[[UNKNOWN]] _{t}[[POSTSUBSCRIPT]] \}[[CLOSE]] ][[CLOSE]]
Warning:not_parsed:UNKNOWN.POSTSUBSCRIPT.CLOSE>CLOSE MathParser failed to match rule 'Anything'
	at 0302217.tex; line 1254 col 0 - line 1254 col 2
	In "$\displaystyle{\{G_{s},[\chi_{t},K_{q}]\}-q\{\chi_{t},\chi_{q+s}\}+[K_{q},K_{s%
	+t}]}$"
	{[[UNKNOWN]] G[[UNKNOWN]] _{s}[[POSTSUBSCRIPT]] ,[[PUNCT]] [[[OPEN]] χ[[UNKNOWN]] _{t}[[POSTSUBSCRIPT]] ,[[PUNCT]] K[[UNKNOWN]] _{q}[[POSTSUBSCRIPT]] ][[CLOSE]]
	        > \}[[CLOSE]] -[[ADDOP]] q[[UNKNOWN]] \{[[OPEN]] χ[[UNKNOWN]] _{t}[[POSTSUBSCRIPT]] ,[[PUNCT]] χ[[UNKNOWN]] _{q+s}[[POSTSUBSCRIPT]] \}[[CLOSE]] +[[ADDOP]] [[[OPEN]] K[[UNKNOWN]] _{q}[[POSTSUBSCRIPT]] ,[[PUNCT]] K[[UNKNOWN]] _{s+t}[[POSTSUBSCRIPT]] ][[CLOSE]]
Warning:not_parsed:UNKNOWN.POSTSUBSCRIPT.CLOSE>CLOSE MathParser failed to match rule 'Anything'
	at 0302217.tex; line 1254 col 0 - line 1254 col 2
	In "$\displaystyle{\{G_{s},[\chi_{t},K_{q}]\}-q\delta_{t+q+s,0}+q\delta_{t+q+s,0}}$"
	{[[UNKNOWN]] G[[UNKNOWN]] _{s}[[POSTSUBSCRIPT]] ,[[PUNCT]] [[[OPEN]] χ[[UNKNOWN]] _{t}[[POSTSUBSCRIPT]] ,[[PUNCT]] K[[UNKNOWN]] _{q}[[POSTSUBSCRIPT]] ][[CLOSE]]
	        > \}[[CLOSE]] -[[ADDOP]] q[[UNKNOWN]] δ[[UNKNOWN]] _{t+q+s,0}[[POSTSUBSCRIPT]] +[[ADDOP]] q[[UNKNOWN]] δ[[UNKNOWN]] _{t+q+s,0}[[POSTSUBSCRIPT]]
Warning:not_parsed:UNKNOWN.POSTSUBSCRIPT.CLOSE>CLOSE MathParser failed to match rule 'Anything'
	at 0302217.tex; line 1265 col 0 - line 1265 col 2
	In "$\displaystyle{\{G_{-m-n},[\chi_{n},K_{m}]\}-\{\chi_{n},[K_{m},G_{-m-n}]\}+[K_%
	{m},\{G_{-m-n},\chi_{n}\}]}$"
	{[[UNKNOWN]] G[[UNKNOWN]] _{-m-n}[[POSTSUBSCRIPT]] ,[[PUNCT]] [[[OPEN]] χ[[UNKNOWN]] _{n}[[POSTSUBSCRIPT]] ,[[PUNCT]] K[[UNKNOWN]] _{m}[[POSTSUBSCRIPT]] ][[CLOSE]]
	        > \}[[CLOSE]] -[[ADDOP]] \{[[OPEN]] χ[[UNKNOWN]] _{n}[[POSTSUBSCRIPT]] ,[[PUNCT]] [[[OPEN]] K[[UNKNOWN]] _{m}[[POSTSUBSCRIPT]] ,[[PUNCT]] G[[UNKNOWN]] _{-m-n}[[POSTSUBSCRIPT]] ][[CLOSE]] \}[[CLOSE]] +[[ADDOP]] [[[OPEN]] K[[UNKNOWN]] _{m}[[POSTSUBSCRIPT]] ,[[PUNCT]] \{[[OPEN]] G[[UNKNOWN]] _{-m-n}[[POSTSUBSCRIPT]] ,[[PUNCT]] χ[[UNKNOWN]] _{n}[[POSTSUBSCRIPT]] \}[[CLOSE]] ][[CLOSE]]
Warning:not_parsed:POSTSUPERSCRIPT.POSTSUBSCRIPT.CLOSE>CLOSE MathParser failed to match rule 'Anything'
	at 0302217.tex; line 1288 col 0 - line 1288 col 2
	In "$\displaystyle{0+n[J^{A}_{m},\chi_{n+s}]-m[K_{n},\psi^{A}_{m+s}]]}$"
	0[[NUMBER]] +[[ADDOP]] n[[UNKNOWN]] [[[OPEN]] J[[UNKNOWN]] ^{A}[[POSTSUPERSCRIPT]] _{m}[[POSTSUBSCRIPT]] ,[[PUNCT]] χ[[UNKNOWN]] _{n+s}[[POSTSUBSCRIPT]] ][[CLOSE]] -[[ADDOP]] m[[UNKNOWN]] [[[OPEN]] K[[UNKNOWN]] _{n}[[POSTSUBSCRIPT]] ,[[PUNCT]] ψ[[UNKNOWN]] ^{A}[[POSTSUPERSCRIPT]] _{m+s}[[POSTSUBSCRIPT]] ][[CLOSE]]
	        > ][[CLOSE]]
Warning:not_parsed:POSTSUPERSCRIPT.POSTSUBSCRIPT.CLOSE>CLOSE MathParser failed to match rule 'Anything'
	at 0302217.tex; line 1317 col 0 - line 1317 col 36
	In "$\displaystyle{\{G_{-n+1},[\chi_{n},J^{A}_{-1}]\}-\{\chi_{n},[J^{A}_{-1},G_{-n%
	+1}]\}+[J^{A}_{-1},\{G_{-n+1},\chi_{n}\}]}$"
	{[[UNKNOWN]] G[[UNKNOWN]] _{-n+1}[[POSTSUBSCRIPT]] ,[[PUNCT]] [[[OPEN]] χ[[UNKNOWN]] _{n}[[POSTSUBSCRIPT]] ,[[PUNCT]] J[[UNKNOWN]] ^{A}[[POSTSUPERSCRIPT]] _{-1}[[POSTSUBSCRIPT]] ][[CLOSE]]
	        > \}[[CLOSE]] -[[ADDOP]] \{[[OPEN]] χ[[UNKNOWN]] _{n}[[POSTSUBSCRIPT]] ,[[PUNCT]] [[[OPEN]] J[[UNKNOWN]] ^{A}[[POSTSUPERSCRIPT]] _{-1}[[POSTSUBSCRIPT]] ,[[PUNCT]] G[[UNKNOWN]] _{-n+1}[[POSTSUBSCRIPT]] ][[CLOSE]] \}[[CLOSE]] +[[ADDOP]] [[[OPEN]] J[[UNKNOWN]] ^{A}[[POSTSUPERSCRIPT]] _{-1}[[POSTSUBSCRIPT]] ,[[PUNCT]] \{[[OPEN]] G[[UNKNOWN]] _{-n+1}[[POSTSUBSCRIPT]] ,[[PUNCT]] χ[[UNKNOWN]] _{n}[[POSTSUBSCRIPT]] \}[[CLOSE]] ][[CLOSE]]
 19.43 sec)
Math parsing succeeded:
   ltx:XMArg: 1820/1826
   ltx:XMath: 751/766
Symbols assumed as simple identifiers (with # of occurences):
   'A{italic}' (30), 'B{italic}' (10), 'C{italic}' (10), 'Delta' (8), 'D{italic}' (4), 'E{italic}' (1), 'F{italic}' (1), 'G{italic}' (62), 'H{italic}' (77), 'I{italic}' (4), 'J{italic}' (55), 'K{italic}' (94), 'Lambda' (21), 'L{italic}' (50), 'M{italic}' (32), 'N{caligraphic}' (61), 'N{italic}' (96), 'O{italic}' (12), 'Phi' (1), 'Pi' (4), 'P{italic}' (2), 'Q{italic}' (48), 'R{italic}' (25), 'Sigma' (27), 'S{italic}' (165), 'T{italic}' (26), 'U{italic}' (139), 'X{italic}' (21), 'Y{italic}' (16), 'Z{italic}' (17), 'a{italic}' (24), 'beta' (22), 'b{italic}' (22), 'chi' (119), 'c{italic}' (19), 'delta' (13), 'd{italic}' (22), 'epsilon' (20), 'eta' (14), 'e{italic}' (64), 'f{italic}' (3), 'gamma' (4), 'g{italic}' (2), 'i{italic}' (113), 'j{italic}' (6), 'k{italic}' (115), 'lambda' (19), 'm{italic}' (32), 'n{italic}' (31), 'phi' (4), 'pi' (9), 'psi' (79), 'p{italic}' (7), 'q{italic}' (11), 'r{italic}' (40), 's{italic}' (55), 'tau' (2), 'theta' (17), 't{italic}' (11), 'u{italic}' (24), 'varepsilon' (51), 'w{italic}' (111), 'x{italic}' (3), 'z{italic}' (152), '{' (26)
Set MATHPARSER_SPECULATE to speculate on possible notations.
(Finalizing... 2.64 sec)
Conversion complete 21 warnings (See /home/user/latex-in-arxiv/0302217.latexml.log) (reqd. 50.06s)
