latexml (LaTeXML version 0.8.6) processing 2003/0302078.tex
(Digesting TeX 0302078...
(Loading /usr/share/perl5/LaTeXML/Package/TeX.pool.ltxml...
(Loading /usr/share/perl5/LaTeXML/Package/eTeX.pool.ltxml... 0.01 sec)
(Loading /usr/share/perl5/LaTeXML/Package/pdfTeX.pool.ltxml... 0.01 sec) 0.18 sec)
(Processing content /home/user/latex-in-arxiv/2003/0302078.tex...
(Loading /usr/share/perl5/LaTeXML/Package/LaTeX.pool.ltxml...
(Loading /usr/share/perl5/LaTeXML/Package/textcomp.sty.ltxml...
(Processing definitions /usr/share/texlive/texmf-dist/tex/latex-dev/base/ts1enc.dfu... 0.03 sec) 1.53 sec) 1.80 sec)
(Loading /usr/share/perl5/LaTeXML/Package/article.cls.ltxml... 0.01 sec)
Info:unexpected:titlepage When using titlepage, Frontmatter will not be well-structured
	at 0302078.tex; line 96 col 0 - line 96 col 17
 5.58 sec) 5.78 sec)
(Building...
(Loading compiled schema /usr/share/perl5/LaTeXML/resources/RelaxNG/LaTeXML.model... 0.01 sec)
Info:malformed:id Duplicated attribute xml:id
	at 0302078.tex; line 384 col 1 - line 384 col 1
	Using id='S3.E15a' on <ltx:XMRow _box="Alignment[]" _font="Font[math,medium,italic,10,bla..."/>
	id='S3.E15' already set on <ltx:equation _box="LaTeXML::Core::Alignment=HASH(..." _font="Font[serif,medium,upright,10,b..." xml:id="S3.E15" _ID_counter_m_="1">...
 4.91 sec)
(Rewriting... 0.16 sec)
(Math Parsing 192 formulae ......
Warning:not_parsed:PUNCT.UNKNOWN.POSTSUPERSCRIPT>CLOSE MathParser failed to match rule 'Anything'
	at 0302078.tex; line 153 col 2 - line 153 col 2
	In "$\displaystyle\{\theta^{\alpha},\theta^{\beta}\}_{D}=\gamma^{\alpha\beta}_{m}x%
	^{m}\,.\@@ENDINLINEMATH"
	{[[UNKNOWN]] θ[[UNKNOWN]] ^{\alpha}[[POSTSUPERSCRIPT]] ,[[PUNCT]] θ[[UNKNOWN]] ^{\beta}[[POSTSUPERSCRIPT]]
	        > \}[[CLOSE]] _{D}[[POSTSUBSCRIPT]] =[[RELOP]] γ[[UNKNOWN]] ^{\alpha\beta}[[POSTSUPERSCRIPT]] _{m}[[POSTSUBSCRIPT]] x[[UNKNOWN]] ^{m}[[POSTSUPERSCRIPT]]
Warning:not_parsed:PUNCT.UNKNOWN.POSTSUPERSCRIPT>CLOSE MathParser failed to match rule 'Anything'
	at 0302078.tex; line 153 col 2 - line 154 col 4
	In "$\displaystyle\{\theta^{\alpha},\theta^{\beta}\}_{D}=\gamma^{\alpha\beta}_{m}x%
	^{m}\,.$"
	{[[UNKNOWN]] θ[[UNKNOWN]] ^{\alpha}[[POSTSUPERSCRIPT]] ,[[PUNCT]] θ[[UNKNOWN]] ^{\beta}[[POSTSUPERSCRIPT]]
	        > \}[[CLOSE]] _{D}[[POSTSUBSCRIPT]] =[[RELOP]] γ[[UNKNOWN]] ^{\alpha\beta}[[POSTSUPERSCRIPT]] _{m}[[POSTSUBSCRIPT]] x[[UNKNOWN]] ^{m}[[POSTSUPERSCRIPT]]
Warning:not_parsed:RELOP.UNKNOWN.POSTSUPERSCRIPT>FLOATSUPERSCRIPT MathParser failed to match rule 'Anything'
	at 0302078.tex; line 186 col 2 - line 186 col 24
	In "$g_{ij}\sim\alpha^{\prime}{}^{2}$"
	g[[UNKNOWN]] _{ij}[[POSTSUBSCRIPT]] ∼[[RELOP]] α[[UNKNOWN]] ^{\prime}[[POSTSUPERSCRIPT]]
	        > {}^{2}[[FLOATSUPERSCRIPT]]
Warning:not_parsed:UNKNOWN.POSTSUBSCRIPT>FLOATSUBSCRIPT MathParser failed to match rule 'Anything'
	at 0302078.tex; line 266 col 27 - line 266 col 27
	In "\begin{equation}{\cal M}_{M\bar{N}}=\left(\begin{array}[]{ccc}A_{\alpha}{}_{%
	\bar{\beta}}&A_{\alpha}{}_{n}&A_{\alpha}{}^{\bar{\beta}}\\
	A_{m}{}_{\bar{\beta}}&A_{m}{}_{n}&A_{m}{}^{\bar{\beta}}\\
	A^{\alpha}{}_{\bar{\beta}}&A^{\alpha}{}_{n}&A^{\alpha}{}^{\bar{\beta}}\end{%
	array}\right).\end{equation}"
	A[[UNKNOWN]] _{\alpha}[[POSTSUBSCRIPT]]
	        > {}_{\bar{\beta}}[[FLOATSUBSCRIPT]]
Warning:not_parsed:UNKNOWN.POSTSUBSCRIPT>FLOATSUBSCRIPT MathParser failed to match rule 'Anything'
	at 0302078.tex; line 267 col 1 - line 267 col 1
	A[[UNKNOWN]] _{\alpha}[[POSTSUBSCRIPT]]
	        > {}_{n}[[FLOATSUBSCRIPT]]
Warning:not_parsed:UNKNOWN.POSTSUBSCRIPT>FLOATSUPERSCRIPT MathParser failed to match rule 'Anything'
	at 0302078.tex; line 268 col 1 - line 268 col 1
	A[[UNKNOWN]] _{\alpha}[[POSTSUBSCRIPT]]
	        > {}^{\bar{\beta}}[[FLOATSUPERSCRIPT]]
Warning:not_parsed:UNKNOWN.POSTSUBSCRIPT>FLOATSUBSCRIPT MathParser failed to match rule 'Anything'
	at 0302078.tex; line 269 col 1 - line 269 col 1
	A[[UNKNOWN]] _{m}[[POSTSUBSCRIPT]]
	        > {}_{\bar{\beta}}[[FLOATSUBSCRIPT]]
Warning:not_parsed:UNKNOWN.POSTSUBSCRIPT>FLOATSUBSCRIPT MathParser failed to match rule 'Anything'
	at 0302078.tex; line 269 col 25 - line 269 col 25
	A[[UNKNOWN]] _{m}[[POSTSUBSCRIPT]]
	        > {}_{n}[[FLOATSUBSCRIPT]]
Warning:not_parsed:UNKNOWN.POSTSUBSCRIPT>FLOATSUPERSCRIPT MathParser failed to match rule 'Anything'
	at 0302078.tex; line 270 col 1 - line 270 col 1
	A[[UNKNOWN]] _{m}[[POSTSUBSCRIPT]]
	        > {}^{\bar{\beta}}[[FLOATSUPERSCRIPT]]
Warning:not_parsed:UNKNOWN.POSTSUPERSCRIPT>FLOATSUBSCRIPT MathParser failed to match rule 'Anything'
	at 0302078.tex; line 271 col 1 - line 271 col 1
	A[[UNKNOWN]] ^{\alpha}[[POSTSUPERSCRIPT]]
	        > {}_{\bar{\beta}}[[FLOATSUBSCRIPT]]
Warning:not_parsed:UNKNOWN.POSTSUPERSCRIPT>FLOATSUBSCRIPT MathParser failed to match rule 'Anything'
	at 0302078.tex; line 271 col 30 - line 271 col 30
	A[[UNKNOWN]] ^{\alpha}[[POSTSUPERSCRIPT]]
	        > {}_{n}[[FLOATSUBSCRIPT]]
Warning:not_parsed:UNKNOWN.POSTSUPERSCRIPT>FLOATSUPERSCRIPT MathParser failed to match rule 'Anything'
	at 0302078.tex; line 272 col 1 - line 272 col 1
	A[[UNKNOWN]] ^{\alpha}[[POSTSUPERSCRIPT]]
	        > {}^{\bar{\beta}}[[FLOATSUPERSCRIPT]]
Warning:not_parsed:>OPEN MathParser failed to match rule 'Anything'
	at 0302078.tex; line 316 col 61 - line 320 col 1
	In "$\displaystyle\left[\partial x^{m}\bar{\partial}x^{n}(g_{mn}-2\pi\alpha^{%
	\prime}b_{mn})+p_{\alpha}\bar{\partial}\theta^{\alpha}+\partial\theta^{\bar{%
	\alpha}}\bar{p}_{\bar{\alpha}}\right.$"
	> \left[[[OPEN]] ∂[[OPERATOR]] x[[UNKNOWN]] ^{m}[[POSTSUPERSCRIPT]] \bar{\partial}[[UNKNOWN]] x[[UNKNOWN]] ^{n}[[POSTSUPERSCRIPT]] ([[OPEN]] g[[UNKNOWN]] _{mn}[[POSTSUBSCRIPT]] -[[ADDOP]] 2[[NUMBER]] π[[UNKNOWN]] α[[UNKNOWN]] ^{\prime}[[POSTSUPERSCRIPT]] b[[UNKNOWN]] _{mn}[[POSTSUBSCRIPT]] )[[CLOSE]] +[[ADDOP]] p[[UNKNOWN]] _{\alpha}[[POSTSUBSCRIPT]] \bar{\partial}[[UNKNOWN]] θ[[UNKNOWN]] ^{\alpha}[[POSTSUPERSCRIPT]] +[[ADDOP]] ∂[[OPERATOR]] θ[[UNKNOWN]] ^{\bar{\alpha}}[[POSTSUPERSCRIPT]] \bar{p}[[UNKNOWN]] _{\bar{\alpha}}[[POSTSUBSCRIPT]]
Warning:not_parsed:ATOM.POSTSUBSCRIPT.CLOSE>CLOSE MathParser failed to match rule 'Anything'
	at 0302078.tex; line 320 col 9 - line 325 col 4
	In "$\displaystyle\left.+2\pi\alpha^{\prime}\left(p_{\alpha}\psi^{\alpha}_{m}\bar{%
	\partial}x^{m}+\partial x^{m}\bar{\psi}^{\bar{\alpha}}_{m}\bar{p}_{\bar{\alpha%
	}}-p_{\alpha}F^{\alpha\bar{\alpha}}\bar{p}_{\bar{\alpha}}\right)\right]$"
	+[[ADDOP]] 2[[NUMBER]] π[[UNKNOWN]] α[[UNKNOWN]] ^{\prime}[[POSTSUPERSCRIPT]] \left([[OPEN]] p[[UNKNOWN]] _{\alpha}[[POSTSUBSCRIPT]] ψ[[UNKNOWN]] ^{\alpha}[[POSTSUPERSCRIPT]] _{m}[[POSTSUBSCRIPT]] \bar{\partial}[[UNKNOWN]] x[[UNKNOWN]] ^{m}[[POSTSUPERSCRIPT]] +[[ADDOP]] ∂[[OPERATOR]] x[[UNKNOWN]] ^{m}[[POSTSUPERSCRIPT]] \bar{\psi}[[UNKNOWN]] ^{\bar{\alpha}}[[POSTSUPERSCRIPT]] _{m}[[POSTSUBSCRIPT]] \bar{p}[[UNKNOWN]] _{\bar{\alpha}}[[POSTSUBSCRIPT]] -[[ADDOP]] p[[UNKNOWN]] _{\alpha}[[POSTSUBSCRIPT]] F[[UNKNOWN]] ^{\alpha\bar{\alpha}}[[POSTSUPERSCRIPT]] \bar{p}[[UNKNOWN]] _{\bar{\alpha}}[[POSTSUBSCRIPT]] \right)[[CLOSE]]
	        > \right][[CLOSE]]
Warning:not_parsed:>OPEN MathParser failed to match rule 'Anything'
	at 0302078.tex; line 345 col 0 - line 350 col 1
	In "$\displaystyle\left[\partial x^{m}\bar{\partial}x^{n}\left(g_{mn}-2\pi\alpha^{%
	\prime}b_{mn}+2\pi\alpha^{\prime}\psi^{\bar{\alpha}}_{m}F^{-1}_{\bar{\alpha}%
	\alpha}\psi^{\alpha}_{n}\right)\right.$"
	> \left[[[OPEN]] ∂[[OPERATOR]] x[[UNKNOWN]] ^{m}[[POSTSUPERSCRIPT]] \bar{\partial}[[UNKNOWN]] x[[UNKNOWN]] ^{n}[[POSTSUPERSCRIPT]] \left([[OPEN]] g[[UNKNOWN]] _{mn}[[POSTSUBSCRIPT]] -[[ADDOP]] 2[[NUMBER]] π[[UNKNOWN]] α[[UNKNOWN]] ^{\prime}[[POSTSUPERSCRIPT]] b[[UNKNOWN]] _{mn}[[POSTSUBSCRIPT]] +[[ADDOP]] 2[[NUMBER]] π[[UNKNOWN]] α[[UNKNOWN]] ^{\prime}[[POSTSUPERSCRIPT]] ψ[[UNKNOWN]] ^{\bar{\alpha}}[[POSTSUPERSCRIPT]] _{m}[[POSTSUBSCRIPT]] F[[UNKNOWN]] ^{-1}[[POSTSUPERSCRIPT]] _{\bar{\alpha}\alpha}[[POSTSUBSCRIPT]] ψ[[UNKNOWN]] ^{\alpha}[[POSTSUPERSCRIPT]] _{n}[[POSTSUBSCRIPT]] \right)[[CLOSE]]
Warning:not_parsed:ATOM.UNKNOWN.POSTSUPERSCRIPT>CLOSE MathParser failed to match rule 'Anything'
	at 0302078.tex; line 350 col 9 - line 355 col 4
	In "$\displaystyle\left.+\partial\theta^{\bar{\alpha}}F^{-1}_{\bar{\alpha}\alpha}%
	\psi^{\alpha}_{m}\bar{\partial}x^{m}+\partial x^{m}\bar{\psi}^{\bar{\alpha}}_{%
	m}F^{-1}_{\bar{\alpha}\alpha}\bar{\partial}\theta^{\alpha}+{1\over 2\pi\alpha^%
	{\prime}}\partial\theta^{\bar{\alpha}}F^{-1}_{\bar{\alpha}\alpha}\bar{\partial%
	}\theta^{\alpha}\right]$"
	+[[ADDOP]] ∂[[OPERATOR]] θ[[UNKNOWN]] ^{\bar{\alpha}}[[POSTSUPERSCRIPT]] F[[UNKNOWN]] ^{-1}[[POSTSUPERSCRIPT]] _{\bar{\alpha}\alpha}[[POSTSUBSCRIPT]] ψ[[UNKNOWN]] ^{\alpha}[[POSTSUPERSCRIPT]] _{m}[[POSTSUBSCRIPT]] \bar{\partial}[[UNKNOWN]] x[[UNKNOWN]] ^{m}[[POSTSUPERSCRIPT]] +[[ADDOP]] ∂[[OPERATOR]] x[[UNKNOWN]] ^{m}[[POSTSUPERSCRIPT]] \bar{\psi}[[UNKNOWN]] ^{\bar{\alpha}}[[POSTSUPERSCRIPT]] _{m}[[POSTSUBSCRIPT]] F[[UNKNOWN]] ^{-1}[[POSTSUPERSCRIPT]] _{\bar{\alpha}\alpha}[[POSTSUBSCRIPT]] \bar{\partial}[[UNKNOWN]] θ[[UNKNOWN]] ^{\alpha}[[POSTSUPERSCRIPT]] +[[ADDOP]] 1\over2\pi\alpha^{\prime}[[UNKNOWN]] ∂[[OPERATOR]] θ[[UNKNOWN]] ^{\bar{\alpha}}[[POSTSUPERSCRIPT]] F[[UNKNOWN]] ^{-1}[[POSTSUPERSCRIPT]] _{\bar{\alpha}\alpha}[[POSTSUBSCRIPT]] \bar{\partial}[[UNKNOWN]] θ[[UNKNOWN]] ^{\alpha}[[POSTSUPERSCRIPT]]
	        > \right][[CLOSE]]
Warning:not_parsed:PUNCT.UNKNOWN.POSTSUPERSCRIPT>CLOSE MathParser failed to match rule 'Anything'
	at 0302078.tex; line 550 col 2 - line 550 col 2
	In "$\displaystyle\{\theta^{\alpha},\theta^{\bar{\beta}}\}=i(2\pi\alpha^{\prime})^%
	{2}F^{\alpha\bar{\beta}}\,.\@@ENDINLINEMATH"
	{[[UNKNOWN]] θ[[UNKNOWN]] ^{\alpha}[[POSTSUPERSCRIPT]] ,[[PUNCT]] θ[[UNKNOWN]] ^{\bar{\beta}}[[POSTSUPERSCRIPT]]
	        > \}[[CLOSE]] =[[RELOP]] i[[UNKNOWN]] ([[OPEN]] 2[[NUMBER]] π[[UNKNOWN]] α[[UNKNOWN]] ^{\prime}[[POSTSUPERSCRIPT]] )[[CLOSE]] ^{2}[[POSTSUPERSCRIPT]] F[[UNKNOWN]] ^{\alpha\bar{\beta}}[[POSTSUPERSCRIPT]]
Warning:not_parsed:PUNCT.UNKNOWN.POSTSUPERSCRIPT>CLOSE MathParser failed to match rule 'Anything'
	at 0302078.tex; line 550 col 2 - line 552 col 4
	In "$\displaystyle\{\theta^{\alpha},\theta^{\bar{\beta}}\}=i(2\pi\alpha^{\prime})^%
	{2}F^{\alpha\bar{\beta}}\,.$"
	{[[UNKNOWN]] θ[[UNKNOWN]] ^{\alpha}[[POSTSUPERSCRIPT]] ,[[PUNCT]] θ[[UNKNOWN]] ^{\bar{\beta}}[[POSTSUPERSCRIPT]]
	        > \}[[CLOSE]] =[[RELOP]] i[[UNKNOWN]] ([[OPEN]] 2[[NUMBER]] π[[UNKNOWN]] α[[UNKNOWN]] ^{\prime}[[POSTSUPERSCRIPT]] )[[CLOSE]] ^{2}[[POSTSUPERSCRIPT]] F[[UNKNOWN]] ^{\alpha\bar{\beta}}[[POSTSUPERSCRIPT]]
Warning:not_parsed:PUNCT.UNKNOWN.POSTSUPERSCRIPT>CLOSE MathParser failed to match rule 'Anything'
	at 0302078.tex; line 564 col 2 - line 564 col 2
	In "$\displaystyle\{\theta^{\alpha},\theta^{\bar{\beta}}\}=i(2\pi\alpha^{\prime})^%
	{2}F^{\alpha\bar{\beta}}\,,\@@ENDINLINEMATH"
	{[[UNKNOWN]] θ[[UNKNOWN]] ^{\alpha}[[POSTSUPERSCRIPT]] ,[[PUNCT]] θ[[UNKNOWN]] ^{\bar{\beta}}[[POSTSUPERSCRIPT]]
	        > \}[[CLOSE]] =[[RELOP]] i[[UNKNOWN]] ([[OPEN]] 2[[NUMBER]] π[[UNKNOWN]] α[[UNKNOWN]] ^{\prime}[[POSTSUPERSCRIPT]] )[[CLOSE]] ^{2}[[POSTSUPERSCRIPT]] F[[UNKNOWN]] ^{\alpha\bar{\beta}}[[POSTSUPERSCRIPT]]
Warning:not_parsed:PUNCT.UNKNOWN.POSTSUPERSCRIPT>CLOSE MathParser failed to match rule 'Anything'
	at 0302078.tex; line 564 col 2 - line 564 col 41
	In "$\displaystyle\{\theta^{\alpha},\theta^{\bar{\beta}}\}$"
	{[[UNKNOWN]] θ[[UNKNOWN]] ^{\alpha}[[POSTSUPERSCRIPT]] ,[[PUNCT]] θ[[UNKNOWN]] ^{\bar{\beta}}[[POSTSUPERSCRIPT]]
	        > \}[[CLOSE]]
Warning:not_parsed:PUNCT.UNKNOWN.POSTSUPERSCRIPT>CLOSE MathParser failed to match rule 'Anything'
	at 0302078.tex; line 589 col 2 - line 589 col 2
	In "$\displaystyle\{\theta^{\alpha},\theta^{\bar{\beta}}\}=i(2\pi\alpha^{\prime})^%
	{2}F^{\alpha\bar{\beta}}+i(2\pi\alpha^{\prime})^{3}\psi^{\alpha}_{m}\left(%
	\frac{1}{g+2\pi\alpha^{\prime}B}\right)^{mn}_{A}\psi^{\bar{\alpha}}_{n}\,.\@@ENDINLINEMATH"
	{[[UNKNOWN]] θ[[UNKNOWN]] ^{\alpha}[[POSTSUPERSCRIPT]] ,[[PUNCT]] θ[[UNKNOWN]] ^{\bar{\beta}}[[POSTSUPERSCRIPT]]
	        > \}[[CLOSE]] =[[RELOP]] i[[UNKNOWN]] ([[OPEN]] 2[[NUMBER]] π[[UNKNOWN]] α[[UNKNOWN]] ^{\prime}[[POSTSUPERSCRIPT]] )[[CLOSE]] ^{2}[[POSTSUPERSCRIPT]] F[[UNKNOWN]] ^{\alpha\bar{\beta}}[[POSTSUPERSCRIPT]] +[[ADDOP]] i[[UNKNOWN]] ([[OPEN]] 2[[NUMBER]] π[[UNKNOWN]] α[[UNKNOWN]] ^{\prime}[[POSTSUPERSCRIPT]] )[[CLOSE]] ^{3}[[POSTSUPERSCRIPT]] ψ[[UNKNOWN]] ^{\alpha}[[POSTSUPERSCRIPT]] _{m}[[POSTSUBSCRIPT]] \left([[OPEN]] \frac{1}{g+2\pi\alpha^{\prime}B}[[UNKNOWN]] \right)[[CLOSE]] ^{mn}[[POSTSUPERSCRIPT]] _{A}[[POSTSUBSCRIPT]] ψ[[UNKNOWN]] ^{\bar{\alpha}}[[POSTSUPERSCRIPT]] _{n}[[POSTSUBSCRIPT]]
Warning:not_parsed:PUNCT.UNKNOWN.POSTSUPERSCRIPT>CLOSE MathParser failed to match rule 'Anything'
	at 0302078.tex; line 589 col 2 - line 589 col 41
	In "$\displaystyle\{\theta^{\alpha},\theta^{\bar{\beta}}\}$"
	{[[UNKNOWN]] θ[[UNKNOWN]] ^{\alpha}[[POSTSUPERSCRIPT]] ,[[PUNCT]] θ[[UNKNOWN]] ^{\bar{\beta}}[[POSTSUPERSCRIPT]]
	        > \}[[CLOSE]]
Warning:not_parsed:PUNCT.UNKNOWN.POSTSUPERSCRIPT>CLOSE MathParser failed to match rule 'Anything'
	at 0302078.tex; line 608 col 2 - line 608 col 2
	In "$\displaystyle\{\theta^{\alpha},\theta^{\bar{\beta}}\}=i{\cal F}^{\alpha\bar{%
	\beta}}+i\Psi^{\alpha}_{m}\theta^{mn}\Psi^{\bar{\alpha}}_{n}\,.\@@ENDINLINEMATH"
	{[[UNKNOWN]] θ[[UNKNOWN]] ^{\alpha}[[POSTSUPERSCRIPT]] ,[[PUNCT]] θ[[UNKNOWN]] ^{\bar{\beta}}[[POSTSUPERSCRIPT]]
	        > \}[[CLOSE]] =[[RELOP]] i[[UNKNOWN]] F[[UNKNOWN]] ^{\alpha\bar{\beta}}[[POSTSUPERSCRIPT]] +[[ADDOP]] i[[UNKNOWN]] Ψ[[UNKNOWN]] ^{\alpha}[[POSTSUPERSCRIPT]] _{m}[[POSTSUBSCRIPT]] θ[[UNKNOWN]] ^{mn}[[POSTSUPERSCRIPT]] Ψ[[UNKNOWN]] ^{\bar{\alpha}}[[POSTSUPERSCRIPT]] _{n}[[POSTSUBSCRIPT]]
Warning:not_parsed:PUNCT.UNKNOWN.POSTSUPERSCRIPT>CLOSE MathParser failed to match rule 'Anything'
	at 0302078.tex; line 608 col 2 - line 608 col 41
	In "$\displaystyle\{\theta^{\alpha},\theta^{\bar{\beta}}\}$"
	{[[UNKNOWN]] θ[[UNKNOWN]] ^{\alpha}[[POSTSUPERSCRIPT]] ,[[PUNCT]] θ[[UNKNOWN]] ^{\bar{\beta}}[[POSTSUPERSCRIPT]]
	        > \}[[CLOSE]]
 5.30 sec)
Math parsing succeeded:
   ltx:XMath: 177/192
   ltx:XMArg: 1021/1030
Symbols assumed as simple identifiers (with # of occurences):
   'A{italic}' (34), 'B{italic}' (16), 'C{italic}' (2), 'D{italic}' (4), 'F{caligraphic}' (4), 'F{italic}' (50), 'G{italic}' (52), 'M{caligraphic}' (2), 'M{italic}' (6), 'N{italic}' (5), 'Omega' (1), 'Pi' (1), 'Psi' (12), 'P{italic}' (17), 'Q{italic}' (8), 'R{italic}' (2), 'S{italic}' (4), 'V{caligraphic}' (1), 'alpha' (136), 'a{italic}' (1), 'beta' (44), 'b{italic}' (11), 'delta' (8), 'd{italic}' (5), 'epsilon' (2), 'eta' (2), 'f{italic}' (1), 'gamma' (43), 'g{italic}' (25), 'i{italic}' (42), 'j{italic}' (1), 'mu' (3), 'm{italic}' (60), 'nu' (3), 'n{italic}' (60), 'pi' (80), 'psi' (32), 'p{italic}' (14), 'regular' (2), 'tau' (4), 'terms' (2), 'theta' (139), 'u{italic}' (1), 'x{italic}' (85), 'z{italic}' (142), '{' (20)
Set MATHPARSER_SPECULATE to speculate on possible notations.
(Finalizing... 0.49 sec)
Conversion complete 24 warnings (See /home/user/latex-in-arxiv/0302078.latexml.log) (reqd. 17.13s)
