latexml (LaTeXML version 0.8.6) processing 2003/0302107.tex
(Digesting TeX 0302107...
(Loading /usr/share/perl5/LaTeXML/Package/TeX.pool.ltxml...
(Loading /usr/share/perl5/LaTeXML/Package/eTeX.pool.ltxml... 0.01 sec)
(Loading /usr/share/perl5/LaTeXML/Package/pdfTeX.pool.ltxml... 0.01 sec) 0.21 sec)
(Processing content /home/user/latex-in-arxiv/2003/0302107.tex...
(Loading /usr/share/perl5/LaTeXML/Package/LaTeX.pool.ltxml...
(Loading /usr/share/perl5/LaTeXML/Package/textcomp.sty.ltxml...
(Processing definitions /usr/share/texlive/texmf-dist/tex/latex-dev/base/ts1enc.dfu... 0.04 sec) 1.48 sec) 1.75 sec)
(Loading /usr/share/perl5/LaTeXML/Package/article.cls.ltxml... 0.02 sec)
(Loading /usr/share/perl5/LaTeXML/Package/amsmath.sty.ltxml...
(Loading /usr/share/perl5/LaTeXML/Package/amsbsy.sty.ltxml...
(Loading /usr/share/perl5/LaTeXML/Package/amsgen.sty.ltxml... 0.01 sec) 0.02 sec)
(Loading /usr/share/perl5/LaTeXML/Package/amstext.sty.ltxml... 0.01 sec)
(Loading /usr/share/perl5/LaTeXML/Package/amsopn.sty.ltxml... 0.01 sec) 0.08 sec)
(Loading /usr/share/perl5/LaTeXML/Package/amssymb.sty.ltxml...
(Loading /usr/share/perl5/LaTeXML/Package/amsfonts.sty.ltxml... 0.00 sec) 0.03 sec)
(Loading /usr/share/perl5/LaTeXML/Package/array.sty.ltxml... 0.00 sec)
(Loading /usr/share/perl5/LaTeXML/Package/calc.sty.ltxml... 0.00 sec)
(Loading /usr/share/perl5/LaTeXML/Package/rotating.sty.ltxml...
(Loading /usr/share/perl5/LaTeXML/Package/graphicx.sty.ltxml...
(Loading /usr/share/perl5/LaTeXML/Package/graphics.sty.ltxml... 0.01 sec) 0.04 sec) 0.05 sec)
(Loading /usr/share/perl5/LaTeXML/Package/epsfig.sty.ltxml... 0.01 sec)
(Loading /usr/share/perl5/LaTeXML/Package/psfrag.sty.ltxml... 0.00 sec)
(Loading /usr/share/perl5/LaTeXML/Package/cite.sty.ltxml... 0.00 sec)
Info:ignore:\section Ignoring redefinition of \section
	at 0302107.tex; line 210 col 0 - line 210 col 64
Info:ignore:\subsection Ignoring redefinition of \subsection
	at 0302107.tex; line 214 col 0 - line 214 col 69
Info:ignore:\subsubsection Ignoring redefinition of \subsubsection
	at 0302107.tex; line 218 col 0 - line 218 col 63
Info:ignore:\paragraph Ignoring redefinition of \paragraph
	at 0302107.tex; line 222 col 0 - line 222 col 63
 8.25 sec) 8.50 sec)
(Building...
(Loading compiled schema /usr/share/perl5/LaTeXML/resources/RelaxNG/LaTeXML.model... 0.01 sec) 4.47 sec)
(Rewriting... 0.15 sec)
(Math Parsing 241 formulae ......
Warning:not_parsed:UNKNOWN>METARELOP MathParser failed to match rule 'Anything'
	at 0302107.tex; line 562 col 0 - line 566 col 14
	In "\begin{equation}{\rm UV:}\qquad\qquad\rho\to 1_{-},\qquad\chi\to 0_{+},\qquad A%
	\to\frac{1}{2}\ r\,,\end{equation}"
	UV[[UNKNOWN]]
	        > :[[METARELOP]] \begin{equation}{\rmUV:}\qquad\qquad\rho\to1_{-},\qquad\chi\to0_{+},\qquadA\to\frac{1}{2}\ r\,,\end{equation}[[PUNCT]] ρ[[UNKNOWN]] →[[ARROW]] 1[[NUMBER]] _{-}[[POSTSUBSCRIPT]] ,[[PUNCT]] χ[[UNKNOWN]] →[[ARROW]] 0[[NUMBER]] _{+}[[POSTSUBSCRIPT]] ,[[PUNCT]] A[[UNKNOWN]] →[[ARROW]] \frac{1}{2}[[UNKNOWN]] r[[UNKNOWN]]
Warning:not_parsed:UNKNOWN>METARELOP MathParser failed to match rule 'Anything'
	at 0302107.tex; line 568 col 0 - line 572 col 14
	In "\begin{equation}{\rm IR:}\qquad\qquad\rho\to 0_{+},\qquad\chi\to+\infty,\qquad
	A%
	\to-\frac{8}{3}\chi\,.\end{equation}"
	IR[[UNKNOWN]]
	        > :[[METARELOP]] \begin{equation}{\rmIR:}\qquad\qquad\rho\to0_{+},\qquad\chi\to+\infty,\qquadA\to-\frac{8}{3}\chi\,.\end{equation}[[PUNCT]] ρ[[UNKNOWN]] →[[ARROW]] 0[[NUMBER]] _{+}[[POSTSUBSCRIPT]] ,[[PUNCT]] χ[[UNKNOWN]] →[[ARROW]] +[[ADDOP]] ∞[[ID]] ,[[PUNCT]] A[[UNKNOWN]] →[[ARROW]] -[[ADDOP]] \frac{8}{3}[[UNKNOWN]] χ[[UNKNOWN]]
Warning:not_parsed:OPEN.UNKNOWN.CLOSE>METARELOP MathParser failed to match rule 'Anything'
	at 0302107.tex; line 600 col 1 - line 600 col 1
	In "\begin{equation}\begin{split}(a):\qquad ds_{5}^{2}&=e^{2A}\left(-dt^{2}+e^{2B}%
	\ dS_{3}^{2}\right)+dr^{2}\,,\\
	\\
	(b):\qquad ds_{5}^{2}&=e^{2A}\left(-dt^{2}+\cosh^{2}t\ dS_{3}^{2}\right)+dr^{2%
	}\,.\end{split}\end{equation}"
	([[OPEN]] a[[UNKNOWN]] )[[CLOSE]]
	        > :[[METARELOP]] (a):  ds_{5}^{2}[[PUNCT]] d[[UNKNOWN]] s[[UNKNOWN]] _{5}[[POSTSUBSCRIPT]] ^{2}[[POSTSUPERSCRIPT]]
Warning:not_parsed:OPEN.UNKNOWN.CLOSE>METARELOP MathParser failed to match rule 'Anything'
	at 0302107.tex; line 602 col 1 - line 602 col 1
	([[OPEN]] b[[UNKNOWN]] )[[CLOSE]]
	        > :[[METARELOP]] (b):  ds_{5}^{2}[[PUNCT]] d[[UNKNOWN]] s[[UNKNOWN]] _{5}[[POSTSUBSCRIPT]] ^{2}[[POSTSUPERSCRIPT]]
Warning:not_parsed:>OPEN MathParser failed to match rule 'Anything'
	at 0302107.tex; line 738 col 2 - line 738 col 14
	In "$(-+\cdots+)$"
	> ([[OPEN]] -[[ADDOP]] +[[ADDOP]] ⋯[[ID]] +[[ADDOP]] )[[CLOSE]]
Warning:not_parsed:POSTSUBSCRIPT.UNKNOWN.POSTSUBSCRIPT>FLOATSUPERSCRIPT MathParser failed to match rule 'Anything'
	at 0302107.tex; line 750 col 0 - line 753 col 14
	In "\begin{equation}T^{(1)}_{MN}=P_{M}P_{N}{}^{*}+P_{N}P_{M}{}^{*}\,,\end{equation}"
	T[[UNKNOWN]] ^{(1)}[[POSTSUPERSCRIPT]] _{MN}[[POSTSUBSCRIPT]] =[[RELOP]] P[[UNKNOWN]] _{M}[[POSTSUBSCRIPT]] P[[UNKNOWN]] _{N}[[POSTSUBSCRIPT]]
	        > {}^{*}[[FLOATSUPERSCRIPT]] +[[ADDOP]] P[[UNKNOWN]] _{N}[[POSTSUBSCRIPT]] P[[UNKNOWN]] _{M}[[POSTSUBSCRIPT]] {}^{*}[[FLOATSUPERSCRIPT]]
Warning:not_parsed:UNKNOWN.POSTSUBSCRIPT>RELOP MathParser failed to match rule 'Anything'
	at 0302107.tex; line 801 col 0 - line 804 col 14
	In "\begin{equation}F_{(5)}=\star F_{(5)}\,.\end{equation}"
	F[[UNKNOWN]] _{(5)}[[POSTSUBSCRIPT]]
	        > =[[RELOP]] ⋆[[MULOP]] F[[UNKNOWN]] _{(5)}[[POSTSUBSCRIPT]]
Warning:not_parsed:OPEN.UNKNOWN.CLOSE>METARELOP MathParser failed to match rule 'Anything'
	at 0302107.tex; line 876 col 2 - line 876 col 2
	In "\begin{equation}\begin{split}&(a):\qquad F_{5}={\cal F}+\star{\cal F},\qquad{%
	\cal F}=dt\wedge{\rm vol}_{S^{3}}\wedge d\omega\,,\\
	&(b):\qquad F_{5}={\cal F}+\star{\cal F},\qquad{\cal F}=\cosh^{3}t\ dt\wedge{%
	\rm vol}_{S^{3}}\wedge d\omega\,,\end{split}\end{equation}"
	([[OPEN]] a[[UNKNOWN]] )[[CLOSE]]
	        > :[[METARELOP]] (a):  F_{5}=F+⋆F,  F=dt∧vol_{S^{3}}∧dω ,[[PUNCT]] F[[UNKNOWN]] _{5}[[POSTSUBSCRIPT]] =[[RELOP]] F[[UNKNOWN]] +[[ADDOP]] ⋆[[MULOP]] F[[UNKNOWN]] ,[[PUNCT]] F[[UNKNOWN]] =[[RELOP]] d[[UNKNOWN]] t[[UNKNOWN]] ∧[[ADDOP]] vol[[UNKNOWN]] _{S^{3}}[[POSTSUBSCRIPT]] ∧[[ADDOP]] d[[UNKNOWN]] ω[[UNKNOWN]]
Warning:not_parsed:OPEN.UNKNOWN.CLOSE>METARELOP MathParser failed to match rule 'Anything'
	at 0302107.tex; line 879 col 2 - line 879 col 2
	([[OPEN]] b[[UNKNOWN]] )[[CLOSE]]
	        > :[[METARELOP]] (b):  F_{5}=F+⋆F,  F=cosh^{3}t dt∧vol_{S^{3}}∧dω ,[[PUNCT]] F[[UNKNOWN]] _{5}[[POSTSUBSCRIPT]] =[[RELOP]] F[[UNKNOWN]] +[[ADDOP]] ⋆[[MULOP]] F[[UNKNOWN]] ,[[PUNCT]] F[[UNKNOWN]] =[[RELOP]] cosh[[TRIGFUNCTION]] ^{3}[[POSTSUPERSCRIPT]] t[[UNKNOWN]] d[[UNKNOWN]] t[[UNKNOWN]] ∧[[ADDOP]] vol[[UNKNOWN]] _{S^{3}}[[POSTSUBSCRIPT]] ∧[[ADDOP]] d[[UNKNOWN]] ω[[UNKNOWN]]
 11.53 sec)
Math parsing succeeded:
   ltx:XMWrap: 21/24
   ltx:XMArg: 1061/1065
   ltx:XMath: 236/241
Symbols assumed as simple identifiers (with # of occurences):
   'A{caligraphic}' (8), 'A{italic}' (49), 'B{caligraphic}' (7), 'B{italic}' (24), 'D{italic}' (1), 'F{caligraphic}' (12), 'F{italic}' (21), 'G{italic}' (15), 'IR' (3), 'Im' (2), 'L{italic}' (1), 'M{italic}' (21), 'N{caligraphic}' (37), 'N{italic}' (36), 'Omega' (2), 'O{italic}' (2), 'Phi' (3), 'P{caligraphic}' (18), 'P{italic}' (33), 'Q{italic}' (20), 'R{italic}' (46), 'S{italic}' (50), 'T{italic}' (40), 'UV' (3), 'U{italic}' (14), 'W{italic}' (10), 'X{italic}' (22), 'Y{italic}' (6), 'alpha' (20), 'a{italic}' (50), 'b{italic}' (10), 'chi' (67), 'c{italic}' (9), 'diag' (1), 'd{italic}' (66), 'epsilon' (1), 'e{italic}' (32), 'f{italic}' (6), 'g{italic}' (16), 'i{italic}' (32), 'lambda' (17), 'mu' (5), 'm{italic}' (5), 'nu' (4), 'omega' (11), 'phi' (8), 'pi' (1), 'rho' (55), 'r{italic}' (51), 'sigma' (14), 's{italic}' (9), 'theta' (39), 't{italic}' (12), 'u{italic}' (1), 'vol' (4), 'xi' (2)
Set MATHPARSER_SPECULATE to speculate on possible notations.
(Finalizing... 1.69 sec)
Conversion complete 9 warnings (See /home/user/latex-in-arxiv/0302107.latexml.log) (reqd. 27.89s)
