latexml (LaTeXML version 0.8.6) processing 2003/0302192.tex
(Digesting TeX 0302192...
(Loading /usr/share/perl5/LaTeXML/Package/TeX.pool.ltxml...
(Loading /usr/share/perl5/LaTeXML/Package/eTeX.pool.ltxml... 0.00 sec)
(Loading /usr/share/perl5/LaTeXML/Package/pdfTeX.pool.ltxml... 0.01 sec) 0.11 sec)
(Processing content /home/user/latex-in-arxiv/2003/0302192.tex...
(Loading /usr/share/perl5/LaTeXML/Package/LaTeX.pool.ltxml...
(Loading /usr/share/perl5/LaTeXML/Package/textcomp.sty.ltxml...
(Processing definitions /usr/share/texlive/texmf-dist/tex/latex-dev/base/ts1enc.dfu... 0.03 sec) 1.41 sec) 1.56 sec)
(Loading /usr/share/perl5/LaTeXML/Package/article.cls.ltxml... 0.01 sec)
(Loading /usr/share/perl5/LaTeXML/Package/amsmath.sty.ltxml...
(Loading /usr/share/perl5/LaTeXML/Package/amsbsy.sty.ltxml...
(Loading /usr/share/perl5/LaTeXML/Package/amsgen.sty.ltxml... 0.00 sec) 0.01 sec)
(Loading /usr/share/perl5/LaTeXML/Package/amstext.sty.ltxml... 0.00 sec)
(Loading /usr/share/perl5/LaTeXML/Package/amsopn.sty.ltxml... 0.01 sec) 0.06 sec)
(Loading /usr/share/perl5/LaTeXML/Package/amssymb.sty.ltxml...
(Loading /usr/share/perl5/LaTeXML/Package/amsfonts.sty.ltxml... 0.00 sec) 0.03 sec)
(Loading /usr/share/perl5/LaTeXML/Package/graphicx.sty.ltxml...
(Loading /usr/share/perl5/LaTeXML/Package/graphics.sty.ltxml... 0.01 sec) 0.03 sec)
(Loading /usr/share/perl5/LaTeXML/Package/epsfig.sty.ltxml... 0.01 sec)
Warning:missing_file:axodraw Can't find binding for package axodraw
	at 0302192.tex; line 5 col 10 - line 5 col 10
	Anticipate undefined macros or environments
	search paths are /home/user/latex-in-arxiv/2003, /home/user/latex-in-arxiv
	In Core::Definition::Constructor[\usepac... /usr/share/perl5/LaTeXML/Package/LaTeX.pool.ltxml; line 806
Info:unexpected:titlepage When using titlepage, Frontmatter will not be well-structured
	at 0302192.tex; line 24 col 0 - line 24 col 17
Warning:expected:\endabstract body should have ended with '\endabstract'
	at 0302192.tex; line 80 col 0 - line 80 col 12
	current body started at 0302192.tex; line 58 col 9 - line 58 col 9
	Got T_BEGIN[{]
	 -- Core::List[Box[[{]],Box[E],Box[x],Box[p],Box[l],Box[i],Box[c],Box[i],Box[t],Box[ ],Box[s],Box[u],Box[p],Box[e],Box[r],Box[s],Box[y],Box[m],Box[m],Box[e],Box[t],Box[r],Box[y],Box[ ],Box[b],Box[r],Box[e],Box[a],Box[k],Box[i],Box[n],Box[g],Box[ ],Box[i],Box[s],Box[ ],Box[s],Box[t],Box[u],Box[d],Box[i],Box[e],Box[d],Box[ ],Box[i],Box[n],Box[ ],Box[h],Box[i],Box[g],Box[h],Box[e],Box[r],Box[
	],Box[d],Box[i],Box[m],Box[e],Box[n],Box[s],Box[i],Box[o],Box[n],Box[a],Box[l],Box[ ],Box[t],Box[h],Box[e],Box[o],Box[r],Box[i],Box[e],Box[s],Box[ ],Box[b],Box[y],Box[ ],Box[h],Box[a],Box[v],Box[i],Box[n],Box[g],Box[ ],Box[b],Box[o],Box[u],Box[n],Box[d],Box[a],Box[r],Box[i],Box[e],Box[s],Box[ ],Box[r],Box[e],Box[s],Box[p],Box[e],Box[c],Box[t],Box[ ],Box[o],Box[n],Box[l],Box[y],Box[ ],Box[a],Box[ ],Box[s],Box[u],Box[b],Box[g],Box[r],Box[o],Box[u],Box[p],Box[
	],Box[o],Box[f],Box[ ],Box[t],Box[h],Box[e],Box[ ],Box[b],Box[u],Box[l],Box[k],Box[ ],Box[s],Box[y],Box[m],Box[m],Box[e],Box[t],Box[r],Box[y],Box[.],Box[ ],Box[I],Box[f],Box[ ],Box[t],Box[h],Box[e],Box[ ],Box[b],Box[o],Box[u],Box[n],Box[d],Box[a],Box[r],Box[y],Box[ ],Box[s],Box[y],Box[m],Box[m],Box[e],Box[t],Box[r],Box[y],Box[ ],Box[i],Box[s],Box[ ],Box[t],Box[h],Box[e],Box[ ],Box[m],Box[a],Box[x],Box[i],Box[m],Box[a],Box[l],Box[
	],Box[s],Box[u],Box[b],Box[g],Box[r],Box[o],Box[u],Box[p],Box[ ],Box[a],Box[l],Box[l],Box[o],Box[w],Box[e],Box[d],Box[ ],Box[b],Box[y],Box[ ],Box[t],Box[h],Box[e],Box[ ],Box[b],Box[o],Box[u],Box[n],Box[d],Box[a],Box[r],Box[y],Box[ ],Box[c],Box[o],Box[n],Box[d],Box[i],Box[t],Box[i],Box[o],Box[n],Box[s],Box[ ],Box[i],Box[m],Box[p],Box[o],Box[s],Box[e],Box[d],Box[ ],Box[o],Box[n],Box[ ],Box[t],Box[h],Box[e],Box[ ],Box[f],Box[i],Box[e],Box[l],Box[d],Box[s],Box[,],Box[
	],Box[t],Box[h],Box[e],Box[n],Box[ ],Box[t],Box[h],Box[e],Box[ ],Box[s],Box[y],Box[m],Box[m],Box[e],Box[t],Box[r],Box[y],Box[ ],Box[c],Box[a],Box[n],Box[ ],Box[b],Box[e],Box[ ],Box[c],Box[o],Box[n],Box[s],Box[i],Box[s],Box[t],Box[e],Box[n],Box[t],Box[l],Box[y],Box[ ],Box[g],Box[a],Box[u],Box[g],Box[e],Box[d],Box[;],Box[ ],Box[o],Box[t],Box[h],Box[e],Box[r],Box[w],Box[i],Box[s],Box[e],Box[ ],Box[g],Box[a],Box[u],Box[g],Box[i],Box[n],Box[g],Box[
	],Box[l],Box[e],Box[a],Box[d],Box[s],Box[ ],Box[t],Box[o],Box[ ],Box[a],Box[n],Box[ ],Box[i],Box[n],Box[c],Box[o],Box[n],Box[s],Box[i],Box[s],Box[t],Box[e],Box[n],Box[t],Box[ ],Box[t],Box[h],Box[e],Box[o],Box[r],Box[y],Box[.],Box[ ],Box[I],Box[n],Box[ ],Box[a],Box[ ],Box[w],Box[a],Box[r],Box[p],Box[e],Box[d],Box[ ],Box[f],Box[i],Box[f],Box[t],Box[h],Box[ ],Box[d],Box[i],Box[m],Box[e],Box[n],Box[s],Box[i],Box[o],Box[n],Box[,],Box[
	],Box[a],Box[n],Box[ ],Box[e],Box[x],Box[p],Box[l],Box[i],Box[c],Box[i],Box[t],Box[ ],Box[b],Box[r],Box[e],Box[a],Box[k],Box[i],Box[n],Box[g],Box[ ],Box[o],Box[f],Box[ ],Box[a],Box[l],Box[l],Box[ ],Box[b],Box[u],Box[l],Box[k],Box[ ],Box[s],Box[u],Box[p],Box[e],Box[r],Box[s],Box[y],Box[m],Box[m],Box[e],Box[t],Box[r],Box[i],Box[e],Box[s],Box[ ],Box[b],Box[y],Box[ ],Box[t],Box[h],Box[e],Box[ ],Box[b],Box[o],Box[u],Box[n],Box[d],Box[a],Box[r],Box[i],Box[e],Box[s],Box[
	],Box[i],Box[s],Box[ ],Box[f],Box[o],Box[u],Box[n],Box[d],Box[ ],Box[t],Box[o],Box[ ],Box[b],Box[e],Box[ ],Box[i],Box[n],Box[c],Box[o],Box[n],Box[s],Box[i],Box[s],Box[t],Box[e],Box[n],Box[t],Box[ ],Box[w],Box[i],Box[t],Box[h],Box[ ],Box[g],Box[a],Box[u],Box[g],Box[i],Box[n],Box[g],Box[;],Box[ ],Box[u],Box[n],Box[l],Box[i],Box[k],Box[e],Box[ ],Box[t],Box[h],Box[e],Box[ ],Box[c],Box[a],Box[s],Box[e],Box[ ],Box[o],Box[f],Box[ ],Box[f],Box[l],Box[a],Box[t],Box[ ],Box[5],Box[D],Box[,],Box[
	],Box[c],Box[o],Box[m],Box[p],Box[l],Box[e],Box[t],Box[e],Box[ ],Box[s],Box[u],Box[p],Box[e],Box[r],Box[s],Box[y],Box[m],Box[m],Box[e],Box[t],Box[r],Box[y],Box[ ],Box[b],Box[r],Box[e],Box[a],Box[k],Box[i],Box[n],Box[g],Box[ ],Box[b],Box[y],Box[ ],Box[b],Box[o],Box[u],Box[n],Box[d],Box[a],Box[r],Box[y],Box[ ],Box[c],Box[o],Box[n],Box[d],Box[i],Box[t],Box[i],Box[o],Box[n],Box[s],Box[ ],Box[i],Box[s],Box[ ],Box[n],Box[o],Box[t],Box[ ],Box[c],Box[o],Box[n],Box[s],Box[i],Box[s],Box[t],Box[e],Box[n],Box[t],Box[
	],Box[w],Box[i],Box[t],Box[h],Box[ ],Box[s],Box[u],Box[p],Box[e],Box[r],Box[g],Box[r],Box[a],Box[v],Box[i],Box[t],Box[y],Box[.],Box[ ],Box[D],Box[e],Box[s],Box[p],Box[i],Box[t],Box[e],Box[ ],Box[t],Box[h],Box[i],Box[s],Box[ ],Box[r],Box[e],Box[s],Box[u],Box[l],Box[t],Box[,],Box[ ],Box[t],Box[h],Box[e],Box[ ],Box[l],Box[o],Box[w],Box[ ],Box[e],Box[n],Box[e],Box[r],Box[g],Box[y],Box[ ],Box[e],Box[f],Box[f],Box[e],Box[c],Box[t],Box[i],Box[v],Box[e],Box[ ],Box[t],Box[h],Box[e],Box[o],Box[r],Box[y],Box[
	],Box[r],Box[e],Box[s],Box[u],Box[l],Box[t],Box[i],Box[n],Box[g],Box[ ],Box[f],Box[r],Box[o],Box[m],Box[ ],Box[b],Box[o],Box[u],Box[n],Box[d],Box[a],Box[r],Box[y],Box[ ],Box[s],Box[u],Box[p],Box[e],Box[r],Box[s],Box[y],Box[m],Box[m],Box[e],Box[t],Box[r],Box[y],Box[ ],Box[b],Box[r],Box[e],Box[a],Box[k],Box[i],Box[n],Box[g],Box[ ],Box[b],Box[e],Box[c],Box[o],Box[m],Box[e],Box[s],Box[ ],Box[c],Box[o],Box[n],Box[s],Box[i],Box[s],Box[t],Box[e],Box[n],Box[t],Box[
	],Box[i],Box[n],Box[ ],Box[t],Box[h],Box[e],Box[ ],Box[l],Box[i],Box[m],Box[i],Box[t],Box[ ],Box[w],Box[h],Box[e],Box[r],Box[e],Box[ ],Box[g],Box[r],Box[a],Box[v],Box[i],Box[t],Box[y],Box[ ],Box[d],Box[e],Box[c],Box[o],Box[u],Box[p],Box[l],Box[e],Box[s],Box[,],Box[ ],Box[a],Box[n],Box[d],Box[ ],Box[s],Box[u],Box[c],Box[h],Box[ ],Box[m],Box[o],Box[d],Box[e],Box[l],Box[s],Box[ ],Box[a],Box[r],Box[e],Box[ ],Box[e],Box[x],Box[p],Box[l],Box[o],Box[r],Box[e],Box[d],Box[
	],Box[i],Box[n],Box[ ],Box[t],Box[h],Box[e],Box[ ],Box[h],Box[o],Box[p],Box[e],Box[ ],Box[t],Box[h],Box[a],Box[t],Box[ ],Box[s],Box[o],Box[m],Box[e],Box[ ],Box[w],Box[a],Box[y],Box[ ],Box[o],Box[f],Box[ ],Box[s],Box[u],Box[c],Box[c],Box[e],Box[s],Box[s],Box[f],Box[u],Box[l],Box[l],Box[y],Box[ ],Box[i],Box[n],Box[c],Box[o],Box[r],Box[p],Box[o],Box[r],Box[a],Box[t],Box[i],Box[n],Box[g],Box[ ],Box[g],Box[r],Box[a],Box[v],Box[i],Box[t],Box[y],Box[
	],Box[c],Box[a],Box[n],Box[ ],Box[b],Box[e],Box[ ],Box[f],Box[o],Box[u],Box[n],Box[d],Box[.],Box[ ],Box[A],Box[ ],Box[w],Box[a],Box[r],Box[p],Box[e],Box[d],Box[ ],Box[c],Box[o],Box[n],Box[s],Box[t],Box[r],Box[a],Box[i],Box[n],Box[e],Box[d],Box[ ],Box[s],Box[t],Box[a],Box[n],Box[d],Box[a],Box[r],Box[d],Box[ ],Box[m],Box[o],Box[d],Box[e],Box[l],Box[ ],Box[l],Box[e],Box[a],Box[d],Box[s],Box[ ],Box[t],Box[o],Box[ ],Box[a],Box[ ],Box[t],Box[h],Box[e],Box[o],Box[r],Box[y],Box[
	],Box[w],Box[i],Box[t],Box[h],Box[ ],Box[o],Box[n],Box[e],Box[ ],Box[H],Box[i],Box[g],Box[g],Box[s],Box[ ],Box[b],Box[o],Box[s],Box[o],Box[n],Box[ ],Box[w],Box[i],Box[t],Box[h],Box[ ],Box[m],Box[a],Box[s],Box[s],Box[ ],Box[e],Box[x],Box[p],Box[e],Box[c],Box[t],Box[e],Box[d],Box[ ],Box[c],Box[l],Box[o],Box[s],Box[e],Box[ ],Box[t],Box[o],Box[ ],Box[t],Box[h],Box[e],Box[ ],Box[e],Box[x],Box[p],Box[e],Box[r],Box[i],Box[m],Box[e],Box[n],Box[t],Box[a],Box[l],Box[
	],Box[l],Box[i],Box[m],Box[i],Box[t],Box[.],Box[ ],Box[A],Box[ ],Box[u],Box[n],Box[i],Box[f],Box[i],Box[e],Box[d],Box[ ],Box[t],Box[h],Box[e],Box[o],Box[r],Box[y],Box[ ],Box[i],Box[n],Box[ ],Box[a],Box[ ],Box[w],Box[a],Box[r],Box[p],Box[e],Box[d],Box[ ],Box[f],Box[i],Box[f],Box[t],Box[h],Box[ ],Box[d],Box[i],Box[m],Box[e],Box[n],Box[s],Box[i],Box[o],Box[n],Box[ ],Box[i],Box[s],Box[ ],Box[s],Box[t],Box[u],Box[d],Box[i],Box[e],Box[d],Box[ ],Box[w],Box[i],Box[t],Box[h],Box[
	],Box[b],Box[o],Box[u],Box[n],Box[d],Box[a],Box[r],Box[y],Box[ ],Box[b],Box[r],Box[e],Box[a],Box[k],Box[i],Box[n],Box[g],Box[ ],Box[o],Box[f],Box[ ],Box[b],Box[o],Box[t],Box[h],Box[ ],Whatsit[\@@BEGININLINEMATH,Core::List[Box[S Font[italic,text]],Box[U Font[italic,text]],Box[( Font[text]],Box[5 Font[text]],Box[) Font[text]]],Whatsit[\@@ENDINLINEMATH]],Box[ ],Box[g],Box[a],Box[u],Box[g],Box[e],Box[ ],Box[s],Box[y],Box[m],Box[m],Box[e],Box[t],Box[r],Box[y],Box[ ],Box[a],Box[n],Box[d],Box[ ],Box[s],Box[u],Box[p],Box[e],Box[r],Box[s],Box[y],Box[m],Box[m],Box[e],Box[t],Box[r],Box[y],Box[.],Box[
	],Comment[%**** 0302192.tex Line 75 ****],Box[T],Box[h],Box[e],Box[ ],Box[u],Box[s],Box[u],Box[a],Box[l],Box[ ],Box[s],Box[u],Box[p],Box[e],Box[r],Box[s],Box[y],Box[m],Box[m],Box[e],Box[t],Box[r],Box[i],Box[c],Box[ ],Box[p],Box[r],Box[e],Box[d],Box[i],Box[c],Box[t],Box[i],Box[o],Box[n],Box[ ],Box[f],Box[o],Box[r],Box[ ],Box[g],Box[a],Box[u],Box[g],Box[e],Box[ ],Box[c],Box[o],Box[u],Box[p],Box[l],Box[i],Box[n],Box[g],Box[ ],Box[u],Box[n],Box[i],Box[f],Box[i],Box[c],Box[a],Box[t],Box[i],Box[o],Box[n],Box[
	],Box[h],Box[o],Box[l],Box[d],Box[s],Box[ ],Box[e],Box[v],Box[e],Box[n],Box[ ],Box[t],Box[h],Box[o],Box[u],Box[g],Box[h],Box[ ],Box[t],Box[h],Box[e],Box[ ],Box[T],Box[e],Box[V],Box[ ],Box[s],Box[p],Box[e],Box[c],Box[t],Box[r],Box[u],Box[m],Box[ ],Box[i],Box[s],Box[ ],Box[q],Box[u],Box[i],Box[t],Box[e],Box[ ],Box[u],Box[n],Box[l],Box[i],Box[k],Box[e],Box[ ],Box[t],Box[h],Box[e],Box[ ],Box[M],Box[S],Box[S],Box[M],Box[.],Box[
	],Box[S],Box[u],Box[c],Box[h],Box[ ],Box[a],Box[ ],Box[t],Box[h],Box[e],Box[o],Box[r],Box[y],Box[ ],Box[m],Box[a],Box[y],Box[ ],Box[u],Box[n],Box[i],Box[f],Box[y],Box[ ],Box[m],Box[a],Box[t],Box[t],Box[e],Box[r],Box[ ],Box[a],Box[n],Box[d],Box[ ],Box[H],Box[i],Box[g],Box[g],Box[s],Box[ ],Box[i],Box[n],Box[ ],Box[t],Box[h],Box[e],Box[ ],Box[s],Box[a],Box[m],Box[e],Box[ ],Whatsit[\@@BEGININLINEMATH,Core::List[Box[S Font[italic,text]],Box[U Font[italic,text]],Box[( Font[text]],Box[5 Font[text]],Box[) Font[text]]],Whatsit[\@@ENDINLINEMATH]],Box[
	],Box[h],Box[y],Box[p],Box[e],Box[r],Box[m],Box[u],Box[l],Box[t],Box[i],Box[p],Box[l],Box[e],Box[t],Box[.],Box[[}]]]
	 -- T_SPACE[U+000a/LF]
	 -- Box[
	]
	 -- T_CS[\par]
	 -- Whatsit[\inner@par,undef,undef]
	 -- T_CS[\end{center}]
	 -- Whatsit[\end{center}]
	In Core::Stomach[@0x562db654c3e8] /home/user/latex-in-arxiv/2003/0302192.tex; from line 80 col 0 to line 80 col 12
Error:undefined:\SetOffset The token T_CS[\SetOffset] is not defined.
	at 0302192.tex; line 1388 col 11 - line 1388 col 11
	Defining it now as <ltx:ERROR/>
	Next token is T_OTHER[(] ( == T_OTHER[(])
	In Core::Gullet[@0x562db654cdf0] /home/user/latex-in-arxiv/2003/0302192.tex; from line 1388 col 12 to line 1388 col 12
	 <= Core::Stomach[@0x562db654c3e8] <= Core::Definition::Constructor[\begin{... <= Core::Stomach[@0x562db654c3e8] <= ...
Error:undefined:\LinAxis The token T_CS[\LinAxis] is not defined.
	at 0302192.tex; line 1389 col 9 - line 1389 col 9
	Defining it now as <ltx:ERROR/>
	Next token is T_OTHER[(] ( == T_OTHER[(])
	In Core::Gullet[@0x562db654cdf0] /home/user/latex-in-arxiv/2003/0302192.tex; from line 1389 col 10 to line 1389 col 10
	 <= Core::Stomach[@0x562db654c3e8] <= Core::Definition::Constructor[\begin{... <= Core::Stomach[@0x562db654c3e8] <= ...
Error:undefined:\Line The token T_CS[\Line] is not defined.
	at 0302192.tex; line 1390 col 6 - line 1390 col 6
	Defining it now as <ltx:ERROR/>
	Next token is T_OTHER[(] ( == T_OTHER[(])
	In Core::Gullet[@0x562db654cdf0] /home/user/latex-in-arxiv/2003/0302192.tex; from line 1390 col 7 to line 1390 col 7
	 <= Core::Stomach[@0x562db654c3e8] <= Core::Definition::Constructor[\begin{... <= Core::Stomach[@0x562db654c3e8] <= ...
Error:undefined:\Vertex The token T_CS[\Vertex] is not defined.
	at 0302192.tex; line 1391 col 8 - line 1391 col 8
	Defining it now as <ltx:ERROR/>
	Next token is T_OTHER[(] ( == T_OTHER[(])
	In Core::Gullet[@0x562db654cdf0] /home/user/latex-in-arxiv/2003/0302192.tex; from line 1391 col 9 to line 1391 col 9
	 <= Core::Stomach[@0x562db654c3e8] <= Core::Definition::Constructor[\begin{... <= Core::Stomach[@0x562db654c3e8] <= ...
Error:undefined:\Text The token T_CS[\Text] is not defined.
	at 0302192.tex; line 1400 col 6 - line 1400 col 6
	Defining it now as <ltx:ERROR/>
	Next token is T_OTHER[(] ( == T_OTHER[(])
	In Core::Gullet[@0x562db654cdf0] /home/user/latex-in-arxiv/2003/0302192.tex; from line 1400 col 7 to line 1400 col 7
	 <= Core::Stomach[@0x562db654c3e8] <= Core::Definition::Constructor[\begin{... <= Core::Stomach[@0x562db654c3e8] <= ...
 11.48 sec) 11.70 sec)
(Building...
(Loading compiled schema /usr/share/perl5/LaTeXML/resources/RelaxNG/LaTeXML.model... 0.01 sec) 11.48 sec)
(Rewriting... 0.21 sec)
(Math Parsing 846 formulae ......
Warning:not_parsed:ATOM>OPEN MathParser failed to match rule 'Anything'
	at 0302192.tex; line 1046 col 13 - line 1051 col 3
	In "$\displaystyle\frac{1}{g^{2}}\biggl{[}-\frac{1}{4}g^{ML}g^{NK}F_{MN}F_{KL}-%
	\frac{1}{2}g^{MN}\partial_{M}\Sigma\>\partial_{N}\Sigma-\frac{1}{2}\bar{%
	\lambda}_{i}\gamma^{M}\partial_{M}\lambda^{i}+\frac{1}{2}X^{a}X^{a}$"
	\frac{1}{g^{2}}[[UNKNOWN]]
	        > [[[OPEN]] -[[ADDOP]] \frac{1}{4}[[UNKNOWN]] g[[UNKNOWN]] ^{ML}[[POSTSUPERSCRIPT]] g[[UNKNOWN]] ^{NK}[[POSTSUPERSCRIPT]] F[[UNKNOWN]] _{MN}[[POSTSUBSCRIPT]] F[[UNKNOWN]] _{KL}[[POSTSUBSCRIPT]] -[[ADDOP]] \frac{1}{2}[[UNKNOWN]] g[[UNKNOWN]] ^{MN}[[POSTSUPERSCRIPT]] ∂[[OPERATOR]] _{M}[[POSTSUBSCRIPT]] Σ[[UNKNOWN]] ∂[[OPERATOR]] _{N}[[POSTSUBSCRIPT]] Σ[[UNKNOWN]] -[[ADDOP]] \frac{1}{2}[[UNKNOWN]] \bar{\lambda}[[UNKNOWN]] _{i}[[POSTSUBSCRIPT]] γ[[UNKNOWN]] ^{M}[[POSTSUPERSCRIPT]] ∂[[OPERATOR]] _{M}[[POSTSUBSCRIPT]] λ[[UNKNOWN]] ^{i}[[POSTSUPERSCRIPT]] +[[ADDOP]] \frac{1}{2}[[UNKNOWN]] X[[UNKNOWN]] ^{a}[[POSTSUPERSCRIPT]] X[[UNKNOWN]] ^{a}[[POSTSUPERSCRIPT]]
Warning:not_parsed:POSTSUBSCRIPT.UNKNOWN.POSTSUPERSCRIPT>CLOSE MathParser failed to match rule 'Anything'
	at 0302192.tex; line 1051 col 6 - line 1054 col 14
	In "$\displaystyle{}+2k^{2}\Sigma^{2}-\frac{1}{4}\sigma^{\prime}(\sigma_{3})^{i}_{%
	j}\bar{\lambda}_{i}\lambda^{j}\biggr{]},$"
	+[[ADDOP]] 2[[NUMBER]] k[[UNKNOWN]] ^{2}[[POSTSUPERSCRIPT]] Σ[[UNKNOWN]] ^{2}[[POSTSUPERSCRIPT]] -[[ADDOP]] \frac{1}{4}[[UNKNOWN]] σ[[UNKNOWN]] ^{\prime}[[POSTSUPERSCRIPT]] ([[OPEN]] σ[[UNKNOWN]] _{3}[[POSTSUBSCRIPT]] )[[CLOSE]] ^{i}[[POSTSUPERSCRIPT]] _{j}[[POSTSUBSCRIPT]] \bar{\lambda}[[UNKNOWN]] _{i}[[POSTSUBSCRIPT]] λ[[UNKNOWN]] ^{j}[[POSTSUPERSCRIPT]]
	        > ][[CLOSE]]
 11.08 sec)
Math parsing succeeded:
   ltx:XMath: 848/850
   ltx:XMArg: 1729/1729
Symbols assumed as simple identifiers (with # of occurences):
   'AdS' (2), 'A{italic}' (33), 'C{italic}' (7), 'D' (18), 'E{italic}' (2), 'F{caligraphic}' (6), 'F{italic}' (44), 'GeV' (5), 'H{caligraphic}' (1), 'H{italic}' (38), 'K{italic}' (18), 'L{caligraphic}' (35), 'L{italic}' (12), 'M{italic}' (33), 'N{italic}' (43), 'O{italic}' (3), 'Phi' (5), 'Psi' (18), 'P{italic}' (17), 'Q{italic}' (2), 'R{italic}' (58), 'SU' (1), 'Sigma' (21), 'S{caligraphic}' (1), 'S{italic}' (119), 'TeV' (3), 'T{caligraphic}' (2), 'T{italic}' (10), 'U{italic}' (170), 'X{italic}' (15), 'Z{caligraphic}' (3), 'Z{italic}' (18), 'alpha' (43), 'a{italic}' (2), 'b{italic}' (2), 'c{italic}' (31), 'delta' (28), 'diag' (2), 'd{italic}' (21), 'epsilon' (34), 'eta' (11), 'e{italic}' (4), 'gamma' (75), 'g{italic}' (40), 'hyp' (11), 'h{italic}' (1), 'i{italic}' (38), 'j{italic}' (7), 'kin' (6), 'k{italic}' (14), 'lambda' (23), 'mass' (5), 'mu' (15), 'm{italic}' (8), 'nu' (12), 'n{italic}' (27), 'phi' (82), 'pi' (57), 'psi' (31), 'rho' (4), 'r{italic}' (22), 'sigma' (106), 's{italic}' (2), 'theta' (2), 'tr' (2), 't{italic}' (7), 'varphi' (4), 'xi' (144), 'x{italic}' (44), 'y{italic}' (182), 'z{italic}' (6)
Set MATHPARSER_SPECULATE to speculate on possible notations.
(Finalizing... 1.12 sec)
Conversion complete 4 warnings; 5 errors; 5 undefined macros[\Line, \Vertex, \Text, \LinAxis, \SetOffset]; 1 missing file[axodraw.sty] (See /home/user/latex-in-arxiv/0302192.latexml.log) (reqd. 36.37s)
