latexml (LaTeXML version 0.8.6) processing 2003/0302106_cleaned.tex
(Digesting TeX 0302106_cleaned...
(Loading /usr/share/perl5/LaTeXML/Package/TeX.pool.ltxml...
(Loading /usr/share/perl5/LaTeXML/Package/eTeX.pool.ltxml... 0.01 sec)
(Loading /usr/share/perl5/LaTeXML/Package/pdfTeX.pool.ltxml... 0.01 sec) 0.18 sec)
(Processing content /home/user/latex-in-arxiv/2003/0302106_cleaned.tex...
Error:missing_file:lanlmac.tex Can't find TeX file lanlmac.tex
	at 0302106_cleaned.tex; line 5 col 0 - line 5 col 19
	search paths are /home/user/latex-in-arxiv/2003, /home/user/latex-in-arxiv
	Next token is T_CS[\overfullrule] ( == Core::Definition::Register[\overfullrule])
	In Core::Definition::Expandable[\input T... /usr/share/perl5/LaTeXML/Package/TeX.pool.ltxml; line 994
	 <= Core::Gullet[@0x55ceab3f6cd0] <= Core::Stomach[@0x55ceab3f70a8] <= ...
(Loading /usr/share/perl5/LaTeXML/Package/epsf.tex.ltxml...
(Loading /usr/share/perl5/LaTeXML/Package/epsf.sty.ltxml... 0.01 sec) 0.01 sec)
Error:undefined:\figno The token T_CS[\figno] is not defined.
	at 0302106_cleaned.tex; line 11 col 6 - line 11 col 6
	Defining it now as <ltx:ERROR/>
	Next token is T_OTHER[=] ( == T_OTHER[=])
	In Core::Gullet[@0x55ceab3f6cd0] /home/user/latex-in-arxiv/2003/0302106_cleaned.tex; from line 11 col 7 to line 11 col 7
	 <= Core::Stomach[@0x55ceab3f70a8] <= ...
Info:unexpected:wncyr10 Unrecognized font name 'wncyr10'
	at 0302106_cleaned.tex; line 322 col 4 - line 322 col 4
	Font switch macro \tencyr will have no effect
Error:undefined:\lref The token T_CS[\lref] is not defined.
	at 0302106_cleaned.tex; line 343 col 5 - line 343 col 5
	Defining it now as <ltx:ERROR/>
	Next token is T_CS[\HKK] ( == undef)
	In Core::Gullet[@0x55ceab3f6cd0] /home/user/latex-in-arxiv/2003/0302106_cleaned.tex; from line 343 col 9 to line 343 col 9
	 <= Core::Stomach[@0x55ceab3f70a8] <= ...
Error:undefined:\HKK The token T_CS[\HKK] is not defined.
	at 0302106_cleaned.tex; line 343 col 9 - line 343 col 9
	Defining it now as <ltx:ERROR/>
	Next token is T_BEGIN[{] ( == T_BEGIN[{])
	In Core::Gullet[@0x55ceab3f6cd0] /home/user/latex-in-arxiv/2003/0302106_cleaned.tex; from line 343 col 10 to line 343 col 10
	 <= Core::Stomach[@0x55ceab3f70a8] <= ...
Error:undefined:\NKK The token T_CS[\NKK] is not defined.
	at 0302106_cleaned.tex; line 346 col 9 - line 346 col 9
	Defining it now as <ltx:ERROR/>
	Next token is T_BEGIN[{] ( == T_BEGIN[{])
	In Core::Gullet[@0x55ceab3f6cd0] /home/user/latex-in-arxiv/2003/0302106_cleaned.tex; from line 346 col 10 to line 346 col 10
	 <= Core::Stomach[@0x55ceab3f70a8] <= ...
Error:undefined:\KKK The token T_CS[\KKK] is not defined.
	at 0302106_cleaned.tex; line 349 col 9 - line 349 col 9
	Defining it now as <ltx:ERROR/>
	Next token is T_BEGIN[{] ( == T_BEGIN[{])
	In Core::Gullet[@0x55ceab3f6cd0] /home/user/latex-in-arxiv/2003/0302106_cleaned.tex; from line 349 col 10 to line 349 col 10
	 <= Core::Stomach[@0x55ceab3f70a8] <= ...
Error:undefined:\AK The token T_CS[\AK] is not defined.
	at 0302106_cleaned.tex; line 352 col 8 - line 352 col 8
	Defining it now as <ltx:ERROR/>
	Next token is T_BEGIN[{] ( == T_BEGIN[{])
	In Core::Gullet[@0x55ceab3f6cd0] /home/user/latex-in-arxiv/2003/0302106_cleaned.tex; from line 352 col 9 to line 352 col 9
	 <= Core::Stomach[@0x55ceab3f70a8] <= ...
Error:undefined:\AKTBH The token T_CS[\AKTBH] is not defined.
	at 0302106_cleaned.tex; line 355 col 11 - line 355 col 11
	Defining it now as <ltx:ERROR/>
	Next token is T_BEGIN[{] ( == T_BEGIN[{])
	In Core::Gullet[@0x55ceab3f6cd0] /home/user/latex-in-arxiv/2003/0302106_cleaned.tex; from line 355 col 12 to line 355 col 12
	 <= Core::Stomach[@0x55ceab3f70a8] <= ...
Error:undefined:\IK The token T_CS[\IK] is not defined.
	at 0302106_cleaned.tex; line 357 col 8 - line 357 col 8
	Defining it now as <ltx:ERROR/>
	Next token is T_BEGIN[{] ( == T_BEGIN[{])
	In Core::Gullet[@0x55ceab3f6cd0] /home/user/latex-in-arxiv/2003/0302106_cleaned.tex; from line 357 col 9 to line 357 col 9
	 <= Core::Stomach[@0x55ceab3f70a8] <= ...
Error:undefined:\AKK The token T_CS[\AKK] is not defined.
	at 0302106_cleaned.tex; line 359 col 9 - line 359 col 9
	Defining it now as <ltx:ERROR/>
	Next token is T_BEGIN[{] ( == T_BEGIN[{])
	In Core::Gullet[@0x55ceab3f6cd0] /home/user/latex-in-arxiv/2003/0302106_cleaned.tex; from line 359 col 10 to line 359 col 10
	 <= Core::Stomach[@0x55ceab3f70a8] <= ...
Error:undefined:\KM The token T_CS[\KM] is not defined.
	at 0302106_cleaned.tex; line 362 col 8 - line 362 col 8
	Defining it now as <ltx:ERROR/>
	Next token is T_BEGIN[{] ( == T_BEGIN[{])
	In Core::Gullet[@0x55ceab3f6cd0] /home/user/latex-in-arxiv/2003/0302106_cleaned.tex; from line 362 col 9 to line 362 col 9
	 <= Core::Stomach[@0x55ceab3f70a8] <= ...
Error:undefined:\KAZMIG The token T_CS[\KAZMIG] is not defined.
	at 0302106_cleaned.tex; line 368 col 12 - line 368 col 12
	Defining it now as <ltx:ERROR/>
	Next token is T_BEGIN[{] ( == T_BEGIN[{])
	In Core::Gullet[@0x55ceab3f6cd0] /home/user/latex-in-arxiv/2003/0302106_cleaned.tex; from line 368 col 13 to line 368 col 13
	 <= Core::Stomach[@0x55ceab3f70a8] <= ...
Error:undefined:\BRKA The token T_CS[\BRKA] is not defined.
	at 0302106_cleaned.tex; line 370 col 10 - line 370 col 10
	Defining it now as <ltx:ERROR/>
	Next token is T_BEGIN[{] ( == T_BEGIN[{])
	In Core::Gullet[@0x55ceab3f6cd0] /home/user/latex-in-arxiv/2003/0302106_cleaned.tex; from line 370 col 11 to line 370 col 11
	 <= Core::Stomach[@0x55ceab3f70a8] <= ...
Error:undefined:\PARISI The token T_CS[\PARISI] is not defined.
	at 0302106_cleaned.tex; line 372 col 12 - line 372 col 12
	Defining it now as <ltx:ERROR/>
	Next token is T_BEGIN[{] ( == T_BEGIN[{])
	In Core::Gullet[@0x55ceab3f6cd0] /home/user/latex-in-arxiv/2003/0302106_cleaned.tex; from line 372 col 13 to line 372 col 13
	 <= Core::Stomach[@0x55ceab3f70a8] <= ...
Error:undefined:\GRMI The token T_CS[\GRMI] is not defined.
	at 0302106_cleaned.tex; line 373 col 10 - line 373 col 10
	Defining it now as <ltx:ERROR/>
	Next token is T_BEGIN[{] ( == T_BEGIN[{])
	In Core::Gullet[@0x55ceab3f6cd0] /home/user/latex-in-arxiv/2003/0302106_cleaned.tex; from line 373 col 11 to line 373 col 11
	 <= Core::Stomach[@0x55ceab3f70a8] <= ...
Error:undefined:\GIZI The token T_CS[\GIZI] is not defined.
	at 0302106_cleaned.tex; line 374 col 10 - line 374 col 10
	Defining it now as <ltx:ERROR/>
	Next token is T_BEGIN[{] ( == T_BEGIN[{])
	In Core::Gullet[@0x55ceab3f6cd0] /home/user/latex-in-arxiv/2003/0302106_cleaned.tex; from line 374 col 11 to line 374 col 11
	 <= Core::Stomach[@0x55ceab3f70a8] <= ...
Error:undefined:\BIPZ The token T_CS[\BIPZ] is not defined.
	at 0302106_cleaned.tex; line 375 col 10 - line 375 col 10
	Defining it now as <ltx:ERROR/>
	Next token is T_BEGIN[{] ( == T_BEGIN[{])
	In Core::Gullet[@0x55ceab3f6cd0] /home/user/latex-in-arxiv/2003/0302106_cleaned.tex; from line 375 col 11 to line 375 col 11
	 <= Core::Stomach[@0x55ceab3f70a8] <= ...
Error:undefined:\DAVID The token T_CS[\DAVID] is not defined.
	at 0302106_cleaned.tex; line 377 col 11 - line 377 col 11
	Defining it now as <ltx:ERROR/>
	Next token is T_BEGIN[{] ( == T_BEGIN[{])
	In Core::Gullet[@0x55ceab3f6cd0] /home/user/latex-in-arxiv/2003/0302106_cleaned.tex; from line 377 col 12 to line 377 col 12
	 <= Core::Stomach[@0x55ceab3f70a8] <= ...
Error:undefined:\DavidEy The token T_CS[\DavidEy] is not defined.
	at 0302106_cleaned.tex; line 380 col 13 - line 380 col 13
	Defining it now as <ltx:ERROR/>
	Next token is T_BEGIN[{] ( == T_BEGIN[{])
	In Core::Gullet[@0x55ceab3f6cd0] /home/user/latex-in-arxiv/2003/0302106_cleaned.tex; from line 380 col 14 to line 380 col 14
	 <= Core::Stomach[@0x55ceab3f70a8] <= ...
Error:undefined:\GRKL The token T_CS[\GRKL] is not defined.
	at 0302106_cleaned.tex; line 384 col 10 - line 384 col 10
	Defining it now as <ltx:ERROR/>
	Next token is T_BEGIN[{] ( == T_BEGIN[{])
	In Core::Gullet[@0x55ceab3f6cd0] /home/user/latex-in-arxiv/2003/0302106_cleaned.tex; from line 384 col 11 to line 384 col 11
	 <= Core::Stomach[@0x55ceab3f70a8] <= ...
Error:undefined:\BULKA The token T_CS[\BULKA] is not defined.
	at 0302106_cleaned.tex; line 386 col 11 - line 386 col 11
	Defining it now as <ltx:ERROR/>
	Next token is T_BEGIN[{] ( == T_BEGIN[{])
	In Core::Gullet[@0x55ceab3f6cd0] /home/user/latex-in-arxiv/2003/0302106_cleaned.tex; from line 386 col 12 to line 386 col 12
	 <= Core::Stomach[@0x55ceab3f70a8] <= ...
Error:undefined:\KAZ The token T_CS[\KAZ] is not defined.
	at 0302106_cleaned.tex; line 389 col 9 - line 389 col 9
	Defining it now as <ltx:ERROR/>
	Next token is T_BEGIN[{] ( == T_BEGIN[{])
	In Core::Gullet[@0x55ceab3f6cd0] /home/user/latex-in-arxiv/2003/0302106_cleaned.tex; from line 389 col 10 to line 389 col 10
	 <= Core::Stomach[@0x55ceab3f70a8] <= ...
Error:undefined:\DVV The token T_CS[\DVV] is not defined.
	at 0302106_cleaned.tex; line 395 col 9 - line 395 col 9
	Defining it now as <ltx:ERROR/>
	Next token is T_BEGIN[{] ( == T_BEGIN[{])
	In Core::Gullet[@0x55ceab3f6cd0] /home/user/latex-in-arxiv/2003/0302106_cleaned.tex; from line 395 col 10 to line 395 col 10
	 <= Core::Stomach[@0x55ceab3f70a8] <= ...
Error:undefined:\FZZ The token T_CS[\FZZ] is not defined.
	at 0302106_cleaned.tex; line 398 col 9 - line 398 col 9
	Defining it now as <ltx:ERROR/>
	Next token is T_BEGIN[{] ( == T_BEGIN[{])
	In Core::Gullet[@0x55ceab3f6cd0] /home/user/latex-in-arxiv/2003/0302106_cleaned.tex; from line 398 col 10 to line 398 col 10
	 <= Core::Stomach[@0x55ceab3f70a8] <= ...
Error:undefined:\MP The token T_CS[\MP] is not defined.
	at 0302106_cleaned.tex; line 402 col 8 - line 402 col 8
	Defining it now as <ltx:ERROR/>
	Next token is T_BEGIN[{] ( == T_BEGIN[{])
	In Core::Gullet[@0x55ceab3f6cd0] /home/user/latex-in-arxiv/2003/0302106_cleaned.tex; from line 402 col 9 to line 402 col 9
	 <= Core::Stomach[@0x55ceab3f70a8] <= ...
Error:undefined:\MPR The token T_CS[\MPR] is not defined.
	at 0302106_cleaned.tex; line 405 col 9 - line 405 col 9
	Defining it now as <ltx:ERROR/>
	Next token is T_BEGIN[{] ( == T_BEGIN[{])
	In Core::Gullet[@0x55ceab3f6cd0] /home/user/latex-in-arxiv/2003/0302106_cleaned.tex; from line 405 col 10 to line 405 col 10
	 <= Core::Stomach[@0x55ceab3f70a8] <= ...
Error:undefined:\MOORE The token T_CS[\MOORE] is not defined.
	at 0302106_cleaned.tex; line 408 col 11 - line 408 col 11
	Defining it now as <ltx:ERROR/>
	Next token is T_BEGIN[{] ( == T_BEGIN[{])
	In Core::Gullet[@0x55ceab3f6cd0] /home/user/latex-in-arxiv/2003/0302106_cleaned.tex; from line 408 col 12 to line 408 col 12
	 <= Core::Stomach[@0x55ceab3f70a8] <= ...
Error:undefined:\DMP The token T_CS[\DMP] is not defined.
	at 0302106_cleaned.tex; line 410 col 9 - line 410 col 9
	Defining it now as <ltx:ERROR/>
	Next token is T_BEGIN[{] ( == T_BEGIN[{])
	In Core::Gullet[@0x55ceab3f6cd0] /home/user/latex-in-arxiv/2003/0302106_cleaned.tex; from line 410 col 10 to line 410 col 10
	 <= Core::Stomach[@0x55ceab3f70a8] <= ...
Error:undefined:\POLCHINSKI The token T_CS[\POLCHINSKI] is not defined.
	at 0302106_cleaned.tex; line 416 col 16 - line 416 col 16
	Defining it now as <ltx:ERROR/>
	Next token is T_BEGIN[{] ( == T_BEGIN[{])
	In Core::Gullet[@0x55ceab3f6cd0] /home/user/latex-in-arxiv/2003/0302106_cleaned.tex; from line 416 col 17 to line 416 col 17
	 <= Core::Stomach[@0x55ceab3f70a8] <= ...
Error:undefined:\KLEBANOV The token T_CS[\KLEBANOV] is not defined.
	at 0302106_cleaned.tex; line 420 col 14 - line 420 col 14
	Defining it now as <ltx:ERROR/>
	Next token is T_BEGIN[{] ( == T_BEGIN[{])
	In Core::Gullet[@0x55ceab3f6cd0] /home/user/latex-in-arxiv/2003/0302106_cleaned.tex; from line 420 col 15 to line 420 col 15
	 <= Core::Stomach[@0x55ceab3f70a8] <= ...
Error:undefined:\JEVICKI The token T_CS[\JEVICKI] is not defined.
	at 0302106_cleaned.tex; line 423 col 13 - line 423 col 13
	Defining it now as <ltx:ERROR/>
	Next token is T_BEGIN[{] ( == T_BEGIN[{])
	In Core::Gullet[@0x55ceab3f6cd0] /home/user/latex-in-arxiv/2003/0302106_cleaned.tex; from line 423 col 14 to line 423 col 14
	 <= Core::Stomach[@0x55ceab3f70a8] <= ...
Error:undefined:\HSU The token T_CS[\HSU] is not defined.
	at 0302106_cleaned.tex; line 425 col 9 - line 425 col 9
	Defining it now as <ltx:ERROR/>
	Next token is T_BEGIN[{] ( == T_BEGIN[{])
	In Core::Gullet[@0x55ceab3f6cd0] /home/user/latex-in-arxiv/2003/0302106_cleaned.tex; from line 425 col 10 to line 425 col 10
	 <= Core::Stomach[@0x55ceab3f70a8] <= ...
Error:undefined:\MSS The token T_CS[\MSS] is not defined.
	at 0302106_cleaned.tex; line 428 col 9 - line 428 col 9
	Defining it now as <ltx:ERROR/>
	Next token is T_BEGIN[{] ( == T_BEGIN[{])
	In Core::Gullet[@0x55ceab3f6cd0] /home/user/latex-in-arxiv/2003/0302106_cleaned.tex; from line 428 col 10 to line 428 col 10
	 <= Core::Stomach[@0x55ceab3f70a8] <= ...
Error:undefined:\MuchiImbimbo The token T_CS[\MuchiImbimbo] is not defined.
	at 0302106_cleaned.tex; line 429 col 18 - line 429 col 18
	Defining it now as <ltx:ERROR/>
	Next token is T_BEGIN[{] ( == T_BEGIN[{])
	In Core::Gullet[@0x55ceab3f6cd0] /home/user/latex-in-arxiv/2003/0302106_cleaned.tex; from line 429 col 19 to line 429 col 19
	 <= Core::Stomach[@0x55ceab3f70a8] <= ...
Error:undefined:\JM The token T_CS[\JM] is not defined.
	at 0302106_cleaned.tex; line 434 col 8 - line 434 col 8
	Defining it now as <ltx:ERROR/>
	Next token is T_BEGIN[{] ( == T_BEGIN[{])
	In Core::Gullet[@0x55ceab3f6cd0] /home/user/latex-in-arxiv/2003/0302106_cleaned.tex; from line 434 col 9 to line 434 col 9
	 <= Core::Stomach[@0x55ceab3f70a8] <= ...
Error:undefined:\Hir The token T_CS[\Hir] is not defined.
	at 0302106_cleaned.tex; line 437 col 9 - line 437 col 9
	Defining it now as <ltx:ERROR/>
	Next token is T_BEGIN[{] ( == T_BEGIN[{])
	In Core::Gullet[@0x55ceab3f6cd0] /home/user/latex-in-arxiv/2003/0302106_cleaned.tex; from line 437 col 10 to line 437 col 10
	 <= Core::Stomach[@0x55ceab3f70a8] <= ...
Error:undefined:\UT The token T_CS[\UT] is not defined.
	at 0302106_cleaned.tex; line 439 col 8 - line 439 col 8
	Defining it now as <ltx:ERROR/>
	Next token is T_BEGIN[{] ( == T_BEGIN[{])
	In Core::Gullet[@0x55ceab3f6cd0] /home/user/latex-in-arxiv/2003/0302106_cleaned.tex; from line 439 col 9 to line 439 col 9
	 <= Core::Stomach[@0x55ceab3f70a8] <= ...
Error:undefined:\Takasak The token T_CS[\Takasak] is not defined.
	at 0302106_cleaned.tex; line 442 col 13 - line 442 col 13
	Defining it now as <ltx:ERROR/>
	Next token is T_BEGIN[{] ( == T_BEGIN[{])
	In Core::Gullet[@0x55ceab3f6cd0] /home/user/latex-in-arxiv/2003/0302106_cleaned.tex; from line 442 col 14 to line 442 col 14
	 <= Core::Stomach[@0x55ceab3f70a8] <= ...
Error:undefined:\MukhiImbimbo The token T_CS[\MukhiImbimbo] is not defined.
	at 0302106_cleaned.tex; line 444 col 18 - line 444 col 18
	Defining it now as <ltx:ERROR/>
	Next token is T_BEGIN[{] ( == T_BEGIN[{])
	In Core::Gullet[@0x55ceab3f6cd0] /home/user/latex-in-arxiv/2003/0302106_cleaned.tex; from line 444 col 19 to line 444 col 19
	 <= Core::Stomach[@0x55ceab3f70a8] <= ...
Error:undefined:\NTT The token T_CS[\NTT] is not defined.
	at 0302106_cleaned.tex; line 447 col 9 - line 447 col 9
	Defining it now as <ltx:ERROR/>
	Next token is T_BEGIN[{] ( == T_BEGIN[{])
	In Core::Gullet[@0x55ceab3f6cd0] /home/user/latex-in-arxiv/2003/0302106_cleaned.tex; from line 447 col 10 to line 447 col 10
	 <= Core::Stomach[@0x55ceab3f70a8] <= ...
Error:undefined:\Takebe The token T_CS[\Takebe] is not defined.
	at 0302106_cleaned.tex; line 450 col 12 - line 450 col 12
	Defining it now as <ltx:ERROR/>
	Next token is T_BEGIN[{] ( == T_BEGIN[{])
	In Core::Gullet[@0x55ceab3f6cd0] /home/user/latex-in-arxiv/2003/0302106_cleaned.tex; from line 450 col 13 to line 450 col 13
	 <= Core::Stomach[@0x55ceab3f70a8] <= ...
Error:undefined:\EK The token T_CS[\EK] is not defined.
	at 0302106_cleaned.tex; line 453 col 8 - line 453 col 8
	Defining it now as <ltx:ERROR/>
	Next token is T_BEGIN[{] ( == T_BEGIN[{])
	In Core::Gullet[@0x55ceab3f6cd0] /home/user/latex-in-arxiv/2003/0302106_cleaned.tex; from line 453 col 9 to line 453 col 9
	 <= Core::Stomach[@0x55ceab3f70a8] <= ...
Error:undefined:\Krichever The token T_CS[\Krichever] is not defined.
	at 0302106_cleaned.tex; line 456 col 15 - line 456 col 15
	Defining it now as <ltx:ERROR/>
	Next token is T_BEGIN[{] ( == T_BEGIN[{])
	In Core::Gullet[@0x55ceab3f6cd0] /home/user/latex-in-arxiv/2003/0302106_cleaned.tex; from line 456 col 16 to line 456 col 16
	 <= Core::Stomach[@0x55ceab3f70a8] <= ...
Error:undefined:\TakTakb The token T_CS[\TakTakb] is not defined.
	at 0302106_cleaned.tex; line 463 col 13 - line 463 col 13
	Defining it now as <ltx:ERROR/>
	Next token is T_BEGIN[{] ( == T_BEGIN[{])
	In Core::Gullet[@0x55ceab3f6cd0] /home/user/latex-in-arxiv/2003/0302106_cleaned.tex; from line 463 col 14 to line 463 col 14
	 <= Core::Stomach[@0x55ceab3f70a8] <= ...
Error:undefined:\orlshu The token T_CS[\orlshu] is not defined.
	at 0302106_cleaned.tex; line 466 col 12 - line 466 col 12
	Defining it now as <ltx:ERROR/>
	Next token is T_BEGIN[{] ( == T_BEGIN[{])
	In Core::Gullet[@0x55ceab3f6cd0] /home/user/latex-in-arxiv/2003/0302106_cleaned.tex; from line 466 col 13 to line 466 col 13
	 <= Core::Stomach[@0x55ceab3f70a8] <= ...
Error:undefined:\Nakatsu The token T_CS[\Nakatsu] is not defined.
	at 0302106_cleaned.tex; line 467 col 13 - line 467 col 13
	Defining it now as <ltx:ERROR/>
	Next token is T_BEGIN[{] ( == T_BEGIN[{])
	In Core::Gullet[@0x55ceab3f6cd0] /home/user/latex-in-arxiv/2003/0302106_cleaned.tex; from line 467 col 14 to line 467 col 14
	 <= Core::Stomach[@0x55ceab3f70a8] <= ...
Error:undefined:\TakSE The token T_CS[\TakSE] is not defined.
	at 0302106_cleaned.tex; line 469 col 11 - line 469 col 11
	Defining it now as <ltx:ERROR/>
	Next token is T_BEGIN[{] ( == T_BEGIN[{])
	In Core::Gullet[@0x55ceab3f6cd0] /home/user/latex-in-arxiv/2003/0302106_cleaned.tex; from line 469 col 12 to line 469 col 12
	 <= Core::Stomach[@0x55ceab3f70a8] <= ...
Error:undefined:\TakTak The token T_CS[\TakTak] is not defined.
	at 0302106_cleaned.tex; line 472 col 12 - line 472 col 12
	Defining it now as <ltx:ERROR/>
	Next token is T_BEGIN[{] ( == T_BEGIN[{])
	In Core::Gullet[@0x55ceab3f6cd0] /home/user/latex-in-arxiv/2003/0302106_cleaned.tex; from line 472 col 13 to line 472 col 13
	 <= Core::Stomach[@0x55ceab3f70a8] <= ...
Error:undefined:\Moad The token T_CS[\Moad] is not defined.
	at 0302106_cleaned.tex; line 475 col 10 - line 475 col 10
	Defining it now as <ltx:ERROR/>
	Next token is T_BEGIN[{] ( == T_BEGIN[{])
	In Core::Gullet[@0x55ceab3f6cd0] /home/user/latex-in-arxiv/2003/0302106_cleaned.tex; from line 475 col 11 to line 475 col 11
	 <= Core::Stomach[@0x55ceab3f70a8] <= ...
Error:undefined:\BR The token T_CS[\BR] is not defined.
	at 0302106_cleaned.tex; line 479 col 8 - line 479 col 8
	Defining it now as <ltx:ERROR/>
	Next token is T_BEGIN[{] ( == T_BEGIN[{])
	In Core::Gullet[@0x55ceab3f6cd0] /home/user/latex-in-arxiv/2003/0302106_cleaned.tex; from line 479 col 9 to line 479 col 9
	 <= Core::Stomach[@0x55ceab3f70a8] <= ...
Error:undefined:\kkvwz The token T_CS[\kkvwz] is not defined.
	at 0302106_cleaned.tex; line 484 col 11 - line 484 col 11
	Defining it now as <ltx:ERROR/>
	Next token is T_BEGIN[{] ( == T_BEGIN[{])
	In Core::Gullet[@0x55ceab3f6cd0] /home/user/latex-in-arxiv/2003/0302106_cleaned.tex; from line 484 col 12 to line 484 col 12
	 <= Core::Stomach[@0x55ceab3f70a8] <= ...
Error:undefined:\Zabrodin The token T_CS[\Zabrodin] is not defined.
	at 0302106_cleaned.tex; line 490 col 14 - line 490 col 14
	Defining it now as <ltx:ERROR/>
	Next token is T_BEGIN[{] ( == T_BEGIN[{])
	In Core::Gullet[@0x55ceab3f6cd0] /home/user/latex-in-arxiv/2003/0302106_cleaned.tex; from line 490 col 15 to line 490 col 15
	 <= Core::Stomach[@0x55ceab3f70a8] <= ...
Error:undefined:\bmrwz The token T_CS[\bmrwz] is not defined.
	at 0302106_cleaned.tex; line 494 col 11 - line 494 col 11
	Defining it now as <ltx:ERROR/>
	Next token is T_BEGIN[{] ( == T_BEGIN[{])
	In Core::Gullet[@0x55ceab3f6cd0] /home/user/latex-in-arxiv/2003/0302106_cleaned.tex; from line 494 col 12 to line 494 col 12
	 <= Core::Stomach[@0x55ceab3f70a8] <= ...
Error:undefined:\wz The token T_CS[\wz] is not defined.
	at 0302106_cleaned.tex; line 498 col 8 - line 498 col 8
	Defining it now as <ltx:ERROR/>
	Next token is T_BEGIN[{] ( == T_BEGIN[{])
	In Core::Gullet[@0x55ceab3f6cd0] /home/user/latex-in-arxiv/2003/0302106_cleaned.tex; from line 498 col 9 to line 498 col 9
	 <= Core::Stomach[@0x55ceab3f70a8] <= ...
Error:undefined:\WZ The token T_CS[\WZ] is not defined.
	at 0302106_cleaned.tex; line 501 col 8 - line 501 col 8
	Defining it now as <ltx:ERROR/>
	Next token is T_BEGIN[{] ( == T_BEGIN[{])
	In Core::Gullet[@0x55ceab3f6cd0] /home/user/latex-in-arxiv/2003/0302106_cleaned.tex; from line 501 col 9 to line 501 col 9
	 <= Core::Stomach[@0x55ceab3f70a8] <= ...
Error:undefined:\FERTIGone The token T_CS[\FERTIGone] is not defined.
	at 0302106_cleaned.tex; line 504 col 15 - line 504 col 15
	Defining it now as <ltx:ERROR/>
	Next token is T_BEGIN[{] ( == T_BEGIN[{])
	In Core::Gullet[@0x55ceab3f6cd0] /home/user/latex-in-arxiv/2003/0302106_cleaned.tex; from line 504 col 16 to line 504 col 16
	 <= Core::Stomach[@0x55ceab3f70a8] <= ...
Error:undefined:\FERTIGtwo The token T_CS[\FERTIGtwo] is not defined.
	at 0302106_cleaned.tex; line 505 col 15 - line 505 col 15
	Defining it now as <ltx:ERROR/>
	Next token is T_BEGIN[{] ( == T_BEGIN[{])
	In Core::Gullet[@0x55ceab3f6cd0] /home/user/latex-in-arxiv/2003/0302106_cleaned.tex; from line 505 col 16 to line 505 col 16
	 <= Core::Stomach[@0x55ceab3f70a8] <= ...
Error:undefined:\WIEGAGAM The token T_CS[\WIEGAGAM] is not defined.
	at 0302106_cleaned.tex; line 506 col 14 - line 506 col 14
	Defining it now as <ltx:ERROR/>
	Next token is T_BEGIN[{] ( == T_BEGIN[{])
	In Core::Gullet[@0x55ceab3f6cd0] /home/user/latex-in-arxiv/2003/0302106_cleaned.tex; from line 506 col 15 to line 506 col 15
	 <= Core::Stomach[@0x55ceab3f70a8] <= ...
Error:undefined:\WITTENGR The token T_CS[\WITTENGR] is not defined.
	at 0302106_cleaned.tex; line 512 col 14 - line 512 col 14
	Defining it now as <ltx:ERROR/>
	Next token is T_BEGIN[{] ( == T_BEGIN[{])
	In Core::Gullet[@0x55ceab3f6cd0] /home/user/latex-in-arxiv/2003/0302106_cleaned.tex; from line 512 col 15 to line 512 col 15
	 <= Core::Stomach[@0x55ceab3f70a8] <= ...
Error:undefined:\AKKII The token T_CS[\AKKII] is not defined.
	at 0302106_cleaned.tex; line 515 col 11 - line 515 col 11
	Defining it now as <ltx:ERROR/>
	Next token is T_BEGIN[{] ( == T_BEGIN[{])
	In Core::Gullet[@0x55ceab3f6cd0] /home/user/latex-in-arxiv/2003/0302106_cleaned.tex; from line 515 col 12 to line 515 col 12
	 <= Core::Stomach[@0x55ceab3f70a8] <= ...
Error:undefined:\MUKHIVAFA The token T_CS[\MUKHIVAFA] is not defined.
	at 0302106_cleaned.tex; line 519 col 15 - line 519 col 15
	Defining it now as <ltx:ERROR/>
	Next token is T_BEGIN[{] ( == T_BEGIN[{])
	In Core::Gullet[@0x55ceab3f6cd0] /home/user/latex-in-arxiv/2003/0302106_cleaned.tex; from line 519 col 16 to line 519 col 16
	 <= Core::Stomach[@0x55ceab3f70a8] <= ...
Error:undefined:\GOSHALVAFA The token T_CS[\GOSHALVAFA] is not defined.
	at 0302106_cleaned.tex; line 522 col 16 - line 522 col 16
	Defining it now as <ltx:ERROR/>
	Next token is T_BEGIN[{] ( == T_BEGIN[{])
	In Core::Gullet[@0x55ceab3f6cd0] /home/user/latex-in-arxiv/2003/0302106_cleaned.tex; from line 522 col 17 to line 522 col 17
	 <= Core::Stomach[@0x55ceab3f70a8] <= ...
Error:undefined:\KZ The token T_CS[\KZ] is not defined.
	at 0302106_cleaned.tex; line 525 col 8 - line 525 col 8
	Defining it now as <ltx:ERROR/>
	Next token is T_BEGIN[{] ( == T_BEGIN[{])
	In Core::Gullet[@0x55ceab3f6cd0] /home/user/latex-in-arxiv/2003/0302106_cleaned.tex; from line 525 col 9 to line 525 col 9
	 <= Core::Stomach[@0x55ceab3f70a8] <= ...
Error:undefined:\jhep The token T_CS[\jhep] is not defined.
	at 0302106_cleaned.tex; line 527 col 5 - line 527 col 5
	Defining it now as <ltx:ERROR/>
	Next token is T_BEGIN[{] ( == T_BEGIN[{])
	In Core::Gullet[@0x55ceab3f6cd0] /home/user/latex-in-arxiv/2003/0302106_cleaned.tex; from line 527 col 6 to line 527 col 6
	 <= Core::Stomach[@0x55ceab3f70a8] <= Core::Definition::Primitive[Begin] <= Core::Stomach[@0x55ceab3f70a8] <= ...
Error:undefined:\TECHNER The token T_CS[\TECHNER] is not defined.
	at 0302106_cleaned.tex; line 528 col 13 - line 528 col 13
	Defining it now as <ltx:ERROR/>
	Next token is T_BEGIN[{] ( == T_BEGIN[{])
	In Core::Gullet[@0x55ceab3f6cd0] /home/user/latex-in-arxiv/2003/0302106_cleaned.tex; from line 528 col 14 to line 528 col 14
	 <= Core::Stomach[@0x55ceab3f70a8] <= ...
Error:undefined:\JAP The token T_CS[\JAP] is not defined.
	at 0302106_cleaned.tex; line 531 col 9 - line 531 col 9
	Defining it now as <ltx:ERROR/>
	Next token is T_BEGIN[{] ( == T_BEGIN[{])
	In Core::Gullet[@0x55ceab3f6cd0] /home/user/latex-in-arxiv/2003/0302106_cleaned.tex; from line 531 col 10 to line 531 col 10
	 <= Core::Stomach[@0x55ceab3f70a8] <= ...
Error:undefined:\DVa The token T_CS[\DVa] is not defined.
	at 0302106_cleaned.tex; line 536 col 9 - line 536 col 9
	Defining it now as <ltx:ERROR/>
	Next token is T_BEGIN[{] ( == T_BEGIN[{])
	In Core::Gullet[@0x55ceab3f6cd0] /home/user/latex-in-arxiv/2003/0302106_cleaned.tex; from line 536 col 10 to line 536 col 10
	 <= Core::Stomach[@0x55ceab3f70a8] <= ...
Error:undefined:\DVb The token T_CS[\DVb] is not defined.
	at 0302106_cleaned.tex; line 540 col 9 - line 540 col 9
	Defining it now as <ltx:ERROR/>
	Next token is T_BEGIN[{] ( == T_BEGIN[{])
	In Core::Gullet[@0x55ceab3f6cd0] /home/user/latex-in-arxiv/2003/0302106_cleaned.tex; from line 540 col 10 to line 540 col 10
	 <= Core::Stomach[@0x55ceab3f70a8] <= ...
Error:undefined:\DVc The token T_CS[\DVc] is not defined.
	at 0302106_cleaned.tex; line 543 col 9 - line 543 col 9
	Defining it now as <ltx:ERROR/>
	Next token is T_BEGIN[{] ( == T_BEGIN[{])
	In Core::Gullet[@0x55ceab3f6cd0] /home/user/latex-in-arxiv/2003/0302106_cleaned.tex; from line 543 col 10 to line 543 col 10
	 <= Core::Stomach[@0x55ceab3f70a8] <= ...
Error:undefined:\DVd The token T_CS[\DVd] is not defined.
	at 0302106_cleaned.tex; line 546 col 9 - line 546 col 9
	Defining it now as <ltx:ERROR/>
	Next token is T_BEGIN[{] ( == T_BEGIN[{])
	In Core::Gullet[@0x55ceab3f6cd0] /home/user/latex-in-arxiv/2003/0302106_cleaned.tex; from line 546 col 10 to line 546 col 10
	 <= Core::Stomach[@0x55ceab3f70a8] <= ...
Error:undefined:\IKonf The token T_CS[\IKonf] is not defined.
	at 0302106_cleaned.tex; line 551 col 11 - line 551 col 11
	Defining it now as <ltx:ERROR/>
	Next token is T_BEGIN[{] ( == T_BEGIN[{])
	In Core::Gullet[@0x55ceab3f6cd0] /home/user/latex-in-arxiv/2003/0302106_cleaned.tex; from line 551 col 12 to line 551 col 12
	 <= Core::Stomach[@0x55ceab3f70a8] <= ...
Error:undefined:\Title The token T_CS[\Title] is not defined.
	at 0302106_cleaned.tex; line 565 col 6 - line 565 col 6
	Defining it now as <ltx:ERROR/>
	Next token is T_BEGIN[{] ( == T_BEGIN[{])
	In Core::Gullet[@0x55ceab3f6cd0] /home/user/latex-in-arxiv/2003/0302106_cleaned.tex; from line 565 col 0 to line 565 col 7
	 <= Core::Stomach[@0x55ceab3f70a8] <= ...
Error:undefined:\ninepoint The token T_CS[\ninepoint] is not defined.
	at 0302106_cleaned.tex; line 582 col 0 - line 582 col 2
	Defining it now as <ltx:ERROR/>
	Next token is T_CS[\cyr] ( == Core::Definition::Expandable[\cyr]) more: Institut za
Yadreni Izsledvamiya i Yadrena Energetika}, Bulgarian Acadrmy of
Sciences,
Sofia, Bulgaria
	In Core::Gullet[@0x55ceab3f6cd0] /home/user/latex-in-arxiv/2003/0302106_cleaned.tex; from line 582 col 0 to line 582 col 2
	 <= Core::Stomach[@0x55ceab3f70a8] <= Core::Definition::Primitive[Begin] <= Core::Stomach[@0x55ceab3f70a8] <= ...
Error:undefined:\Date The token T_CS[\Date] is not defined.
	at 0302106_cleaned.tex; line 632 col 5 - line 632 col 5
	Defining it now as <ltx:ERROR/>
	Next token is T_BEGIN[{] ( == T_BEGIN[{])
	In Core::Gullet[@0x55ceab3f6cd0] /home/user/latex-in-arxiv/2003/0302106_cleaned.tex; from line 632 col 6 to line 632 col 6
	 <= Core::Stomach[@0x55ceab3f70a8] <= Core::Definition::Primitive[Begin] <= Core::Stomach[@0x55ceab3f70a8] <= ...
Error:undefined:\newsec The token T_CS[\newsec] is not defined.
	at 0302106_cleaned.tex; line 640 col 7 - line 640 col 7
	Defining it now as <ltx:ERROR/>
	Next token is T_BEGIN[{] ( == T_BEGIN[{])
	In Core::Gullet[@0x55ceab3f6cd0] /home/user/latex-in-arxiv/2003/0302106_cleaned.tex; from line 640 col 8 to line 640 col 8
	 <= Core::Stomach[@0x55ceab3f70a8] <= Core::Definition::Primitive[Begin] <= Core::Stomach[@0x55ceab3f70a8] <= ...
Error:undefined:\foot The token T_CS[\foot] is not defined.
	at 0302106_cleaned.tex; line 644 col 29 - line 644 col 29
	Defining it now as <ltx:ERROR/>
	Next token is T_BEGIN[{] ( == T_BEGIN[{])
	In Core::Gullet[@0x55ceab3f6cd0] /home/user/latex-in-arxiv/2003/0302106_cleaned.tex; from line 644 col 30 to line 644 col 30
	 <= Core::Stomach[@0x55ceab3f70a8] <= Core::Definition::Primitive[Begin] <= Core::Stomach[@0x55ceab3f70a8] <= ...
Error:undefined:\refs The token T_CS[\refs] is not defined.
	at 0302106_cleaned.tex; line 651 col 6 - line 651 col 6
	Defining it now as <ltx:ERROR/>
	Next token is T_BEGIN[{] ( == T_BEGIN[{])
	In Core::Gullet[@0x55ceab3f6cd0] /home/user/latex-in-arxiv/2003/0302106_cleaned.tex; from line 651 col 7 to line 651 col 7
	 <= Core::Stomach[@0x55ceab3f70a8] <= Core::Definition::Primitive[Begin] <= Core::Stomach[@0x55ceab3f70a8] <= ...
Error:undefined:\eqn The token T_CS[\eqn] is not defined.
	at 0302106_cleaned.tex; line 711 col 4 - line 711 col 4
	Defining it now as <ltx:ERROR/>
	Next token is T_CS[\NMM] ( == undef)
	In Core::Gullet[@0x55ceab3f6cd0] /home/user/latex-in-arxiv/2003/0302106_cleaned.tex; from line 711 col 8 to line 711 col 8
	 <= Core::Stomach[@0x55ceab3f70a8] <= Core::Definition::Primitive[Begin] <= Core::Stomach[@0x55ceab3f70a8] <= ...
Error:undefined:\NMM The token T_CS[\NMM] is not defined.
	at 0302106_cleaned.tex; line 711 col 8 - line 711 col 8
	Defining it now as <ltx:ERROR/>
	Next token is T_BEGIN[{] ( == T_BEGIN[{])
	In Core::Gullet[@0x55ceab3f6cd0] /home/user/latex-in-arxiv/2003/0302106_cleaned.tex; from line 711 col 9 to line 711 col 9
	 <= Core::Stomach[@0x55ceab3f70a8] <= Core::Definition::Primitive[Begin] <= Core::Stomach[@0x55ceab3f70a8] <= ...
Error:unexpected:_ Script _ can only appear in math mode
	at 0302106_cleaned.tex; line 711 col 12 - line 711 col 12
	In Core::Definition::Primitive[Subscript] /usr/share/perl5/LaTeXML/Package/TeX.pool.ltxml; line 4061
	 <= Core::Stomach[@0x55ceab3f70a8] <= Core::Definition::Primitive[Begin] <= Core::Stomach[@0x55ceab3f70a8] <= ...
Error:unexpected:^ Script ^ can only appear in math mode
	at 0302106_cleaned.tex; line 711 col 20 - line 711 col 20
	In Core::Definition::Primitive[Superscript] /usr/share/perl5/LaTeXML/Package/TeX.pool.ltxml; line 4060
	 <= Core::Stomach[@0x55ceab3f70a8] <= Core::Definition::Primitive[Begin] <= Core::Stomach[@0x55ceab3f70a8] <= ...
Error:undefined:\tr The token T_CS[\tr] is not defined.
	at 0302106_cleaned.tex; line 711 col 25 - line 711 col 25
	Defining it now as <ltx:ERROR/>
	Next token is T_OTHER[(] ( == T_OTHER[(])
	In Core::Gullet[@0x55ceab3f6cd0] /home/user/latex-in-arxiv/2003/0302106_cleaned.tex; from line 711 col 27 to line 711 col 27
	 <= Core::Stomach[@0x55ceab3f70a8] <= Core::Definition::Primitive[Begin] <= Core::Stomach[@0x55ceab3f70a8] <= ...
Error:unexpected:^ Script ^ can only appear in math mode
	at 0302106_cleaned.tex; line 711 col 31 - line 711 col 31
	In Core::Definition::Primitive[Superscript] /usr/share/perl5/LaTeXML/Package/TeX.pool.ltxml; line 4060
	 <= Core::Stomach[@0x55ceab3f70a8] <= Core::Definition::Primitive[Begin] <= Core::Stomach[@0x55ceab3f70a8] <= ...
Error:unexpected:^ Script ^ can only appear in math mode
	at 0302106_cleaned.tex; line 711 col 34 - line 711 col 34
	In Core::Definition::Primitive[Superscript] /usr/share/perl5/LaTeXML/Package/TeX.pool.ltxml; line 4060
	 <= Core::Stomach[@0x55ceab3f70a8] <= Core::Definition::Primitive[Begin] <= Core::Stomach[@0x55ceab3f70a8] <= ...
Error:unexpected:^ Script ^ can only appear in math mode
	at 0302106_cleaned.tex; line 712 col 5 - line 712 col 5
	In Core::Definition::Primitive[Superscript] /usr/share/perl5/LaTeXML/Package/TeX.pool.ltxml; line 4060
	 <= Core::Stomach[@0x55ceab3f70a8] <= Core::Definition::Primitive[Begin] <= Core::Stomach[@0x55ceab3f70a8] <= ...
Warning:uninitialized:value Use of uninitialized value value in string eq
	at at /usr/share/perl5/LaTeXML/Package/TeX.pool.ltxml line 5541, <$IN> line 712
	In Core::Definition::Primitive[\sum] /usr/share/perl5/LaTeXML/Package/TeX.pool.ltxml; line 5546
Warning:uninitialized:value Use of uninitialized value value in string eq
	at at /usr/share/perl5/LaTeXML/Package/TeX.pool.ltxml line 5544, <$IN> line 712
	In Core::Definition::Primitive[\sum] /usr/share/perl5/LaTeXML/Package/TeX.pool.ltxml; line 5546
Error:unexpected:_ Script _ can only appear in math mode
	at 0302106_cleaned.tex; line 712 col 15 - line 712 col 15
	In Core::Definition::Primitive[Subscript] /usr/share/perl5/LaTeXML/Package/TeX.pool.ltxml; line 4061
	 <= Core::Stomach[@0x55ceab3f70a8] <= Core::Definition::Primitive[Begin] <= Core::Stomach[@0x55ceab3f70a8] <= ...
Error:unexpected:_ Script _ can only appear in math mode
	at 0302106_cleaned.tex; line 712 col 26 - line 712 col 26
	In Core::Definition::Primitive[Subscript] /usr/share/perl5/LaTeXML/Package/TeX.pool.ltxml; line 4061
	 <= Core::Stomach[@0x55ceab3f70a8] <= Core::Definition::Primitive[Begin] <= Core::Stomach[@0x55ceab3f70a8] <= ...
Error:unexpected:^ Script ^ can only appear in math mode
	at 0302106_cleaned.tex; line 712 col 34 - line 712 col 34
	In Core::Definition::Primitive[Superscript] /usr/share/perl5/LaTeXML/Package/TeX.pool.ltxml; line 4060
	 <= Core::Stomach[@0x55ceab3f70a8] <= Core::Definition::Primitive[Begin] <= Core::Stomach[@0x55ceab3f70a8] <= ...
Warning:uninitialized:value Use of uninitialized value value in string eq
	at at /usr/share/perl5/LaTeXML/Package/TeX.pool.ltxml line 5544, <$IN> line 712
	In Core::Definition::Primitive[\sum] /usr/share/perl5/LaTeXML/Package/TeX.pool.ltxml; line 5546
Warning:uninitialized:value Use of uninitialized value value in string eq
	at at /usr/share/perl5/LaTeXML/Package/TeX.pool.ltxml line 5541, <$IN> line 712
	In Core::Definition::Primitive[\sum] /usr/share/perl5/LaTeXML/Package/TeX.pool.ltxml; line 5546
Error:unexpected:_ Script _ can only appear in math mode
	at 0302106_cleaned.tex; line 712 col 43 - line 712 col 43
	In Core::Definition::Primitive[Subscript] /usr/share/perl5/LaTeXML/Package/TeX.pool.ltxml; line 4061
	 <= Core::Stomach[@0x55ceab3f70a8] <= Core::Definition::Primitive[Begin] <= Core::Stomach[@0x55ceab3f70a8] <= ...
Error:unexpected:_ Script _ can only appear in math mode
	at 0302106_cleaned.tex; line 712 col 53 - line 712 col 53
	In Core::Definition::Primitive[Subscript] /usr/share/perl5/LaTeXML/Package/TeX.pool.ltxml; line 4061
	 <= Core::Stomach[@0x55ceab3f70a8] <= Core::Definition::Primitive[Begin] <= Core::Stomach[@0x55ceab3f70a8] <= ...
Error:unexpected:^ Script ^ can only appear in math mode
	at 0302106_cleaned.tex; line 712 col 63 - line 712 col 63
	In Core::Definition::Primitive[Superscript] /usr/share/perl5/LaTeXML/Package/TeX.pool.ltxml; line 4060
	 <= Core::Stomach[@0x55ceab3f70a8] <= Core::Definition::Primitive[Begin] <= Core::Stomach[@0x55ceab3f70a8] <= ...
Error:unexpected:^ Script ^ can only appear in math mode
	at 0302106_cleaned.tex; line 712 col 66 - line 712 col 66
	In Core::Definition::Primitive[Superscript] /usr/share/perl5/LaTeXML/Package/TeX.pool.ltxml; line 4060
	 <= Core::Stomach[@0x55ceab3f70a8] <= Core::Definition::Primitive[Begin] <= Core::Stomach[@0x55ceab3f70a8] <= ...
Error:undefined:\subsec The token T_CS[\subsec] is not defined.
	at 0302106_cleaned.tex; line 755 col 7 - line 755 col 7
	Defining it now as <ltx:ERROR/>
	Next token is T_BEGIN[{] ( == T_BEGIN[{])
	In Core::Gullet[@0x55ceab3f6cd0] /home/user/latex-in-arxiv/2003/0302106_cleaned.tex; from line 755 col 8 to line 755 col 8
	 <= Core::Stomach[@0x55ceab3f70a8] <= Core::Definition::Primitive[Begin] <= Core::Stomach[@0x55ceab3f70a8] <= ...
Error:undefined:\MQMH The token T_CS[\MQMH] is not defined.
	at 0302106_cleaned.tex; line 763 col 10 - line 763 col 10
	Defining it now as <ltx:ERROR/>
	Next token is T_BEGIN[{] ( == T_BEGIN[{])
	In Core::Gullet[@0x55ceab3f6cd0] /home/user/latex-in-arxiv/2003/0302106_cleaned.tex; from line 763 col 11 to line 763 col 11
	 <= Core::Stomach[@0x55ceab3f70a8] <= Core::Definition::Primitive[Begin] <= Core::Stomach[@0x55ceab3f70a8] <= ...
Warning:unexpected:\hat \hat should only appear in math mode
	at 0302106_cleaned.tex; line 763 col 21 - line 763 col 21
	In Core::Definition::Constructor[\hat Di... /usr/share/perl5/LaTeXML/Package/TeX.pool.ltxml; line 5941
Error:unexpected:_ Script _ can only appear in math mode
	at 0302106_cleaned.tex; line 763 col 26 - line 763 col 26
	In Core::Definition::Primitive[Subscript] /usr/share/perl5/LaTeXML/Package/TeX.pool.ltxml; line 4061
	 <= Core::Stomach[@0x55ceab3f70a8] <= Core::Definition::Primitive[Begin] <= Core::Stomach[@0x55ceab3f70a8] <= ...
Error:unexpected:^ Script ^ can only appear in math mode
	at 0302106_cleaned.tex; line 763 col 41 - line 763 col 41
	In Core::Definition::Primitive[Superscript] /usr/share/perl5/LaTeXML/Package/TeX.pool.ltxml; line 4060
	 <= Core::Stomach[@0x55ceab3f70a8] <= Core::Definition::Primitive[Begin] <= Core::Stomach[@0x55ceab3f70a8] <= ...
Error:unexpected:^ Script ^ can only appear in math mode
	at 0302106_cleaned.tex; line 763 col 48 - line 763 col 48
	In Core::Definition::Primitive[Superscript] /usr/share/perl5/LaTeXML/Package/TeX.pool.ltxml; line 4060
	 <= Core::Stomach[@0x55ceab3f70a8] <= Core::Definition::Primitive[Begin] <= Core::Stomach[@0x55ceab3f70a8] <= ...
Error:unexpected:^ Script ^ can only appear in math mode
	at 0302106_cleaned.tex; line 763 col 65 - line 763 col 65
	In Core::Definition::Primitive[Superscript] /usr/share/perl5/LaTeXML/Package/TeX.pool.ltxml; line 4060
	 <= Core::Stomach[@0x55ceab3f70a8] <= Core::Definition::Primitive[Begin] <= Core::Stomach[@0x55ceab3f70a8] <= ...
Error:undefined:\oneH The token T_CS[\oneH] is not defined.
	at 0302106_cleaned.tex; line 771 col 9 - line 771 col 9
	Defining it now as <ltx:ERROR/>
	Next token is T_BEGIN[{] ( == T_BEGIN[{])
	In Core::Gullet[@0x55ceab3f6cd0] /home/user/latex-in-arxiv/2003/0302106_cleaned.tex; from line 771 col 10 to line 771 col 10
	 <= Core::Stomach[@0x55ceab3f70a8] <= Core::Definition::Primitive[Begin] <= Core::Stomach[@0x55ceab3f70a8] <= ...
Warning:unexpected:\hat \hat should only appear in math mode
	at 0302106_cleaned.tex; line 771 col 20 - line 771 col 20
	In Core::Definition::Constructor[\hat Di... /usr/share/perl5/LaTeXML/Package/TeX.pool.ltxml; line 5941
Error:unexpected:_ Script _ can only appear in math mode
	at 0302106_cleaned.tex; line 771 col 25 - line 771 col 25
	In Core::Definition::Primitive[Subscript] /usr/share/perl5/LaTeXML/Package/TeX.pool.ltxml; line 4061
	 <= Core::Stomach[@0x55ceab3f70a8] <= Core::Definition::Primitive[Begin] <= Core::Stomach[@0x55ceab3f70a8] <= ...
Warning:uninitialized:value Use of uninitialized value value in string eq
	at at /usr/share/perl5/LaTeXML/Package/TeX.pool.ltxml line 5541, <$IN> line 771
	In Core::Definition::Primitive[\sum] /usr/share/perl5/LaTeXML/Package/TeX.pool.ltxml; line 5546
Warning:uninitialized:value Use of uninitialized value value in string eq
	at at /usr/share/perl5/LaTeXML/Package/TeX.pool.ltxml line 5544, <$IN> line 771
	In Core::Definition::Primitive[\sum] /usr/share/perl5/LaTeXML/Package/TeX.pool.ltxml; line 5546
Error:unexpected:_ Script _ can only appear in math mode
	at 0302106_cleaned.tex; line 771 col 37 - line 771 col 37
	In Core::Definition::Primitive[Subscript] /usr/share/perl5/LaTeXML/Package/TeX.pool.ltxml; line 4061
	 <= Core::Stomach[@0x55ceab3f70a8] <= Core::Definition::Primitive[Begin] <= Core::Stomach[@0x55ceab3f70a8] <= ...
Fatal:too_many_errors:100 Too many errors (> 100)!
	at 0302106_cleaned.tex; line 771 col 37 - line 771 col 37
	In Core::Definition::Primitive[Subscript] /usr/share/perl5/LaTeXML/Package/TeX.pool.ltxml; line 4061
Conversion failed 8 warnings; 101 errors; 1 fatal error; 82 undefined macros[\EK, \subsec, \GRMI, \HKK, \foot, \oneH, \MUKHIVAFA, \TakSE, \MukhiImbimbo, \AK, \figno, \KLEBANOV, \AKTBH, \TECHNER, \KM, \GOSHALVAFA, \KZ, \MuchiImbimbo, \Moad, \IKonf, \MSS, \DAVID, \WITTENGR, \Takebe, \HSU, \NKK, \BRKA, \MQMH, \AKKII, \wz, \newsec, \Takasak, \TakTak, \GIZI, \tr, \WZ, \NTT, \KAZ, \FZZ, \DVa, \DVV, \orlshu, \Nakatsu, \Zabrodin, \KAZMIG, \IK, \JAP, \JM, \FERTIGone, \TakTakb, \DVd, \UT, \BIPZ, \WIEGAGAM, \lref, \jhep, \BULKA, \Krichever, \PARISI, \Title, \DVc, \Hir, \DavidEy, \refs, \kkvwz, \FERTIGtwo, \ninepoint, \POLCHINSKI, \bmrwz, \BR, \NMM, \DVb, \MP, \eqn, \DMP, \MPR, \AKK, \Date, \KKK, \JEVICKI, \MOORE, \GRKL]; 1 missing file[lanlmac.tex] (See /home/user/latex-in-arxiv/0302106_cleaned.latexml.log) (reqd. 3.03s)
