latexml (LaTeXML version 0.8.6) processing 2003/0302109.tex
(Digesting TeX 0302109...
(Loading /usr/share/perl5/LaTeXML/Package/TeX.pool.ltxml...
(Loading /usr/share/perl5/LaTeXML/Package/eTeX.pool.ltxml... 0.01 sec)
(Loading /usr/share/perl5/LaTeXML/Package/pdfTeX.pool.ltxml... 0.01 sec) 0.20 sec)
(Processing content /home/user/latex-in-arxiv/2003/0302109.tex...
(Processing content /usr/share/texlive/texmf-dist/tex/plain/harvmac/harvmac.tex...
 big or little (b/l)? 
(This will be reduced.
 0.17 sec)
(Loading /usr/share/perl5/LaTeXML/Package/epsf.tex.ltxml...
(Loading /usr/share/perl5/LaTeXML/Package/epsf.sty.ltxml... 0.01 sec) 0.01 sec)
(1. Introduction)
(2. The $C$-deformation)
(2.1. Deformed superspace)
(2.2. $C$-deformation of gluino and undeforming of superspace)
(3. Topological string amplitudes)
(4. Field theory limit)
(4.1. Examples)
(5. Physical interpretation)
(5.1. Pure ${\cal N}=1$ supersymmetric Yang-Mills revisited)
(5.2. Non-perturbative completion of $W$ and baryons)
(Processing content refs.tmp... 0.20 sec) 5.86 sec) 6.14 sec)
(Building...
(Loading compiled schema /usr/share/perl5/LaTeXML/resources/RelaxNG/LaTeXML.model... 0.01 sec) 7.59 sec)
(Rewriting... 0.22 sec)
(Math Parsing 743 formulae ......
Warning:not_parsed:>VERTBAR MathParser failed to match rule 'Subscript'
	at 0302109.tex; line 1120 col 53 - line 1120 col 53
	In "$$\omega_{a}(z)=\bar{\omega}_{a+g}(\bar{w})_{|\bar{w}=z},~{}~{}\tilde{\omega}_%
	{i}(z)=\bar{\tilde{\omega}}_{i}(\bar{w})_{|\bar{w}=z},$$"
	> |[[VERTBAR]] \bar{w}[[UNKNOWN]] =[[RELOP]] z[[UNKNOWN]]
Warning:not_parsed:>VERTBAR MathParser failed to match rule 'Subscript'
	at 0302109.tex; line 1121 col 61 - line 1121 col 61
	> |[[VERTBAR]] \bar{w}[[UNKNOWN]] =[[RELOP]] z[[UNKNOWN]]
Warning:not_parsed:POSTSUBSCRIPT.ATOM.POSTSUBSCRIPT>MULOP MathParser failed to match rule 'Anything'
	at 0302109.tex; line 1154 col 0 - line 1154 col 35
	In "$$\eqalign{&\prod_{i=1}^{h-1}\alpha^{\prime 2}\epsilon^{\alpha\beta}\oint_{%
	\gamma_{i}}p_{\alpha}\oint_{\gamma_{i}}p_{\beta}\times\ \exp\left(\alpha^{%
	\prime 2}F^{\alpha\beta}\int p_{\alpha}\bar{p}_{\beta}+\alpha^{\prime}\sum_{i=%
	1}^{h}\oint_{\gamma_{i}}{\cal W}^{\alpha}p_{\alpha}\right)\cr&=\prod_{i=1}^{h-%
	1}\alpha^{\prime 2}\epsilon^{\alpha\beta}\tilde{\pi}_{i\alpha}\tilde{\pi}_{j%
	\beta}\ \times\cr&~{}~{}~{}\times\exp\left[2\alpha^{\prime 2}F^{\alpha\beta}(%
	\pi^{a}_{\alpha}+\bar{\pi}^{a}_{\alpha})\Big{(}\left(\Omega_{ab}-\bar{\Omega}_%
	{a+g,b}\right)\pi^{b}_{\beta}+\left(\bar{\Omega}_{ab}-\Omega_{a+g,b}\right)%
	\bar{\pi}^{b}_{\beta}\Big{)}\right].}$$"
	=[[RELOP]] ∏[[SUMOP]] _{i=1}[[POSTSUBSCRIPT]] ^{h-1}[[POSTSUPERSCRIPT]] α[[UNKNOWN]] ^{\prime2}[[POSTSUPERSCRIPT]] ϵ[[UNKNOWN]] ^{\alpha\beta}[[POSTSUPERSCRIPT]] \tilde{\pi}[[UNKNOWN]] _{i\alpha}[[POSTSUBSCRIPT]] \tilde{\pi}[[UNKNOWN]] _{j\beta}[[POSTSUBSCRIPT]]
	        > ×[[MULOP]]
Warning:not_parsed:>OPEN MathParser failed to match rule 'Anything'
	at 0302109.tex; line 1599 col 14 - line 1599 col 26
	In "$\langle.,.\rangle$"
	> \langle[[OPEN]] .[[PERIOD]] ,[[PUNCT]] .[[PERIOD]] \rangle[[CLOSE]]
 13.35 sec)
Math parsing succeeded:
   ltx:XMath: 742/743
   ltx:XMArg: 1820/1823
Symbols assumed as simple identifiers (with # of occurences):
   'A{italic}' (31), 'B{italic}' (28), 'C{italic}' (3), 'D{italic}' (5), 'Example{bold}' (3), 'F{caligraphic}' (2), 'F{italic}' (126), 'Gamma' (9), 'Im' (4), 'I{italic}' (46), 'J{caligraphic}' (6), 'J{italic}' (14), 'K{italic}' (1), 'Lambda' (2), 'L{caligraphic}' (2), 'L{italic}' (23), 'M{italic}' (26), 'N{caligraphic}' (47), 'N{italic}' (24), 'Omega' (4), 'Phi' (13), 'P{caligraphic}' (7), 'P{italic}' (9), 'Q{italic}' (16), 'R{italic}' (3), 'Sigma' (1), 'S{italic}' (52), 'Theta' (5), 'Tr' (10), 'U{italic}' (9), 'V{italic}' (1), 'W{caligraphic}' (66), 'W{italic}' (14), 'X{italic}' (20), 'Y{italic}' (8), 'Z{italic}' (4), 'along' (6), 'alpha' (215), 'a{italic}' (39), 'beta' (130), 'b{italic}' (30), 'c{italic}' (17), 'delta' (13), 'det' (1), 'd{italic}' (34), 'epsilon' (35), 'eta' (6), 'exp' (10), 'e{italic}' (12), 'gamma' (43), 'g{italic}' (66), 'h{italic}' (41), 'i{italic}' (70), 'j{italic}' (4), 'lambda' (25), 'log' (12), 'l{italic}' (12), 'mod' (1), 'mu' (22), 'm{italic}' (3), 'nu' (1), 'n{italic}' (5), 'omega' (5), 'o{italic}' (6), 'pi' (141), 'psi' (16), 'p{italic}' (116), 'q{italic}' (3), 'sigma' (3), 'sinh' (1), 's{italic}' (184), 'tau' (22), 'theta' (58), 'tr' (1), 't{italic}' (1), 'vol' (2), 'w{italic}' (8), 'x{italic}' (14), 'zeta' (2), 'z{italic}' (16)
Set MATHPARSER_SPECULATE to speculate on possible notations.
(Finalizing... 1.13 sec)
Conversion complete 4 warnings (See /home/user/latex-in-arxiv/0302109.latexml.log) (reqd. 29.21s)
