latexml (LaTeXML version 0.8.6) processing 2003/0302130.tex
(Digesting TeX 0302130...
(Loading /usr/share/perl5/LaTeXML/Package/TeX.pool.ltxml...
(Loading /usr/share/perl5/LaTeXML/Package/eTeX.pool.ltxml... 0.01 sec)
(Loading /usr/share/perl5/LaTeXML/Package/pdfTeX.pool.ltxml... 0.01 sec) 0.19 sec)
(Processing content /home/user/latex-in-arxiv/2003/0302130.tex...
(Loading /usr/share/perl5/LaTeXML/Package/LaTeX.pool.ltxml...
(Loading /usr/share/perl5/LaTeXML/Package/textcomp.sty.ltxml...
(Processing definitions /usr/share/texlive/texmf-dist/tex/latex-dev/base/ts1enc.dfu... 0.03 sec) 1.49 sec) 1.76 sec)
Info:unexpected:\documentstyle Entering LaTeX 2.09 Compatibility mode
	at 0302130.tex; line 1 col 0 - line 1 col 29
(Loading /usr/share/perl5/LaTeXML/Package/article.cls.ltxml... 0.01 sec)
Warning:unexpected:\end{document} Attempt to end document with open groups, environments or conditionals
	at 0302130.tex; line 1655 col 0 - line 1655 col 14
	Group opened by { 0302130.tex; line 229 col 23 - line 229 col 23
	In Core::Definition::Constructor[\end{do... /usr/share/perl5/LaTeXML/Package/LaTeX.pool.ltxml; line 395
 10.86 sec) 11.13 sec)
(Building...
(Loading compiled schema /usr/share/perl5/LaTeXML/resources/RelaxNG/LaTeXML.model... 0.01 sec) 9.88 sec)
(Rewriting... 0.32 sec)
(Math Parsing 544 formulae ......
Warning:not_parsed:UNKNOWN.POSTSUPERSCRIPT>OPEN MathParser failed to match rule 'Anything'
	at 0302130.tex; line 561 col 39 - line 561 col 84
	In "$B^{\mu\nu}(=\varepsilon^{\mu\nu}e^{ik.x}$"
	B[[UNKNOWN]] ^{\mu\nu}[[POSTSUPERSCRIPT]]
	        > ([[OPEN]] =[[RELOP]] ε[[UNKNOWN]] ^{\mu\nu}[[POSTSUPERSCRIPT]] e[[UNKNOWN]] ^{ik.x}[[POSTSUPERSCRIPT]]
Warning:not_parsed:UNKNOWN.POSTSUPERSCRIPT>OPEN MathParser failed to match rule 'Anything'
	at 0302130.tex; line 649 col 63 - line 649 col 73
	In "$f^{0}(=f^{3}$"
	f[[UNKNOWN]] ^{0}[[POSTSUPERSCRIPT]]
	        > ([[OPEN]] =[[RELOP]] f[[UNKNOWN]] ^{3}[[POSTSUPERSCRIPT]]
Warning:not_parsed:UNKNOWN.POSTSUBSCRIPT.OPFUNCTION>OPEN MathParser failed to match rule 'Anything'
	at 0302130.tex; line 722 col 50 - line 722 col 90
	In "$A_{\mu}(x)=\varepsilon_{\mu}\exp(ik.x)$"
	A[[UNKNOWN]] _{\mu}[[POSTSUBSCRIPT]] ([[OPEN]] x[[UNKNOWN]] )[[CLOSE]] =[[RELOP]] ε[[UNKNOWN]] _{\mu}[[POSTSUBSCRIPT]] exp[[OPFUNCTION]]
	        > ([[OPEN]] i[[UNKNOWN]] k[[UNKNOWN]] .[[PERIOD]] x[[UNKNOWN]] )[[CLOSE]]
Warning:not_parsed:UNKNOWN.CLOSE.OPFUNCTION>OPEN MathParser failed to match rule 'Anything'
	at 0302130.tex; line 722 col 102 - line 723 col 32
	In "$\alpha(x)=\tilde{\alpha}(k)\exp(ik.x)$"
	α[[UNKNOWN]] ([[OPEN]] x[[UNKNOWN]] )[[CLOSE]] =[[RELOP]] \tilde{\alpha}[[UNKNOWN]] ([[OPEN]] k[[UNKNOWN]] )[[CLOSE]] exp[[OPFUNCTION]]
	        > ([[OPEN]] i[[UNKNOWN]] k[[UNKNOWN]] .[[PERIOD]] x[[UNKNOWN]] )[[CLOSE]]
Warning:not_parsed:UNKNOWN.CLOSE.OPFUNCTION>OPEN MathParser failed to match rule 'Anything'
	at 0302130.tex; line 887 col 14 - line 887 col 51
	In "$\Lambda_{\mu}(x)=\zeta_{\mu}(k)\exp(ik.x)$"
	Λ[[UNKNOWN]] _{\mu}[[POSTSUBSCRIPT]] ([[OPEN]] x[[UNKNOWN]] )[[CLOSE]] =[[RELOP]] ζ[[UNKNOWN]] _{\mu}[[POSTSUBSCRIPT]] ([[OPEN]] k[[UNKNOWN]] )[[CLOSE]] exp[[OPFUNCTION]]
	        > ([[OPEN]] i[[UNKNOWN]] k[[UNKNOWN]] .[[PERIOD]] x[[UNKNOWN]] )[[CLOSE]]
Warning:not_parsed:ADDOP.UNKNOWN.POSTSUPERSCRIPT>OPEN MathParser failed to match rule 'Anything'
	at 0302130.tex; line 1003 col 0 - line 1006 col 14
	In "\begin{equation}k^{2}\varepsilon^{\prime\mu}-k^{\mu}k_{\nu}\varepsilon^{\prime%
	\nu}=[ik_{\nu}\chi^{\nu\mu}-ik^{\mu}\chi]-k^{2}\zeta^{\mu}+k^{\mu}(k.\zeta)\end{equation}"
	k[[UNKNOWN]] ^{2}[[POSTSUPERSCRIPT]] ε[[UNKNOWN]] ^{\prime\mu}[[POSTSUPERSCRIPT]] -[[ADDOP]] k[[UNKNOWN]] ^{\mu}[[POSTSUPERSCRIPT]] k[[UNKNOWN]] _{\nu}[[POSTSUBSCRIPT]] ε[[UNKNOWN]] ^{\prime\nu}[[POSTSUPERSCRIPT]] =[[RELOP]] [[[OPEN]] i[[UNKNOWN]] k[[UNKNOWN]] _{\nu}[[POSTSUBSCRIPT]] χ[[UNKNOWN]] ^{\nu\mu}[[POSTSUPERSCRIPT]] -[[ADDOP]] i[[UNKNOWN]] k[[UNKNOWN]] ^{\mu}[[POSTSUPERSCRIPT]] χ[[UNKNOWN]] ][[CLOSE]] -[[ADDOP]] k[[UNKNOWN]] ^{2}[[POSTSUPERSCRIPT]] ζ[[UNKNOWN]] ^{\mu}[[POSTSUPERSCRIPT]] +[[ADDOP]] k[[UNKNOWN]] ^{\mu}[[POSTSUPERSCRIPT]]
	        > ([[OPEN]] k[[UNKNOWN]] .[[PERIOD]] ζ[[UNKNOWN]] )[[CLOSE]]
Warning:not_parsed:ADDOP.UNKNOWN.POSTSUPERSCRIPT>OPEN MathParser failed to match rule 'Anything'
	at 0302130.tex; line 1008 col 0 - line 1011 col 14
	In "\begin{equation}[k^{2}\varepsilon^{\prime\mu}-k^{\mu}k_{\nu}\varepsilon^{%
	\prime\nu}]-[k^{2}\varepsilon^{\mu}-k^{\mu}k_{\nu}\varepsilon^{\nu}]=-k^{2}%
	\zeta^{\mu}+k^{\mu}(k.\zeta)\end{equation}"
	[[[OPEN]] k[[UNKNOWN]] ^{2}[[POSTSUPERSCRIPT]] ε[[UNKNOWN]] ^{\prime\mu}[[POSTSUPERSCRIPT]] -[[ADDOP]] k[[UNKNOWN]] ^{\mu}[[POSTSUPERSCRIPT]] k[[UNKNOWN]] _{\nu}[[POSTSUBSCRIPT]] ε[[UNKNOWN]] ^{\prime\nu}[[POSTSUPERSCRIPT]] ][[CLOSE]] -[[ADDOP]] [[[OPEN]] k[[UNKNOWN]] ^{2}[[POSTSUPERSCRIPT]] ε[[UNKNOWN]] ^{\mu}[[POSTSUPERSCRIPT]] -[[ADDOP]] k[[UNKNOWN]] ^{\mu}[[POSTSUPERSCRIPT]] k[[UNKNOWN]] _{\nu}[[POSTSUBSCRIPT]] ε[[UNKNOWN]] ^{\nu}[[POSTSUPERSCRIPT]] ][[CLOSE]] =[[RELOP]] -[[ADDOP]] k[[UNKNOWN]] ^{2}[[POSTSUPERSCRIPT]] ζ[[UNKNOWN]] ^{\mu}[[POSTSUPERSCRIPT]] +[[ADDOP]] k[[UNKNOWN]] ^{\mu}[[POSTSUPERSCRIPT]]
	        > ([[OPEN]] k[[UNKNOWN]] .[[PERIOD]] ζ[[UNKNOWN]] )[[CLOSE]]
 18.86 sec)
Math parsing succeeded:
   ltx:XMath: 537/544
   ltx:XMArg: 1586/1586
Symbols assumed as simple identifiers (with # of occurences):
   'A{italic}' (65), 'Box' (6), 'B{italic}' (49), 'C{italic}' (2), 'D{italic}' (34), 'E{italic}' (7), 'F{italic}' (46), 'H{italic}' (8), 'Lambda' (18), 'L{caligraphic}' (8), 'M{italic}' (26), 'O{italic}' (4), 'P{caligraphic}' (4), 'P{italic}' (2), 'R{italic}' (15), 'S{italic}' (4), 'T{italic}' (94), 'W{italic}' (46), 'alpha' (23), 'a{italic}' (22), 'beta' (7), 'b{italic}' (20), 'chi' (187), 'c{italic}' (7), 'delta' (14), 'd{italic}' (8), 'epsilon' (1), 'eta' (21), 'e{italic}' (13), 'f{italic}' (61), 'g{italic}' (3), 'h{italic}' (48), 'i{italic}' (125), 'j{italic}' (34), 'k{italic}' (251), 'lambda' (36), 'mu' (197), 'm{italic}' (23), 'nu' (186), 'n{italic}' (2), 'omega' (21), 'phi' (21), 'psi' (5), 'p{italic}' (157), 'q{italic}' (157), 'r{italic}' (78), 'sigma' (1), 'tau' (1), 'varepsilon' (245), 'x{italic}' (93), 'zeta' (68)
Set MATHPARSER_SPECULATE to speculate on possible notations.
(Finalizing... 1.99 sec)
Conversion complete 8 warnings (See /home/user/latex-in-arxiv/0302130.latexml.log) (reqd. 43.44s)
