latexml (LaTeXML version 0.8.6) processing 2003/0302110.tex
(Digesting TeX 0302110...
(Loading /usr/share/perl5/LaTeXML/Package/TeX.pool.ltxml...
(Loading /usr/share/perl5/LaTeXML/Package/eTeX.pool.ltxml... 0.00 sec)
(Loading /usr/share/perl5/LaTeXML/Package/pdfTeX.pool.ltxml... 0.01 sec) 0.12 sec)
(Processing content /home/user/latex-in-arxiv/2003/0302110.tex...
(Loading /usr/share/perl5/LaTeXML/Package/LaTeX.pool.ltxml...
(Loading /usr/share/perl5/LaTeXML/Package/textcomp.sty.ltxml...
(Processing definitions /usr/share/texlive/texmf-dist/tex/latex-dev/base/ts1enc.dfu... 0.02 sec) 1.40 sec) 1.58 sec)
(Loading /usr/share/perl5/LaTeXML/Package/revtex4.cls.ltxml...
(Loading /usr/share/perl5/LaTeXML/Package/article.cls.ltxml... 0.01 sec)
(Loading /usr/share/perl5/LaTeXML/Package/revtex4_support.sty.ltxml...
(Loading /usr/share/perl5/LaTeXML/Package/hyperref.sty.ltxml...
(Loading /usr/share/perl5/LaTeXML/Package/keyval.sty.ltxml...
(Processing definitions /usr/share/texlive/texmf-dist/tex/latex-dev/graphics/keyval.sty... 0.01 sec) 0.02 sec)
(Loading /usr/share/perl5/LaTeXML/Package/nameref.sty.ltxml... 0.00 sec)
(Loading /usr/share/perl5/LaTeXML/Package/url.sty.ltxml... 0.00 sec) 0.07 sec)
(Loading /usr/share/perl5/LaTeXML/Package/natbib.sty.ltxml... 0.02 sec)
(Loading /usr/share/perl5/LaTeXML/Package/revsymb.sty.ltxml... 0.00 sec)
(Loading /usr/share/perl5/LaTeXML/Package/longtable.sty.ltxml... 0.00 sec)
(Loading /usr/share/perl5/LaTeXML/Package/dcolumn.sty.ltxml...
(Loading /usr/share/perl5/LaTeXML/Package/array.sty.ltxml... 0.00 sec) 0.01 sec) 0.13 sec)
(Loading /usr/share/perl5/LaTeXML/Package/amssymb.sty.ltxml...
(Loading /usr/share/perl5/LaTeXML/Package/amsfonts.sty.ltxml... 0.00 sec) 0.02 sec)
(Loading /usr/share/perl5/LaTeXML/Package/amsmath.sty.ltxml...
(Loading /usr/share/perl5/LaTeXML/Package/amsbsy.sty.ltxml...
(Loading /usr/share/perl5/LaTeXML/Package/amsgen.sty.ltxml... 0.00 sec) 0.01 sec)
(Loading /usr/share/perl5/LaTeXML/Package/amstext.sty.ltxml... 0.00 sec)
(Loading /usr/share/perl5/LaTeXML/Package/amsopn.sty.ltxml... 0.01 sec) 0.05 sec) 0.56 sec)
(Loading /usr/share/perl5/LaTeXML/Package/graphicx.sty.ltxml...
(Loading /usr/share/perl5/LaTeXML/Package/graphics.sty.ltxml... 0.01 sec) 0.03 sec)
(Loading /usr/share/perl5/LaTeXML/Package/bm.sty.ltxml... 0.00 sec)
Warning:missing_file:feynmf Can't find binding for package feynmf
	at 0302110.tex; line 16 col 0 - line 16 col 1
	Anticipate undefined macros or environments
	search paths are /home/user/latex-in-arxiv/2003, /home/user/latex-in-arxiv
	In Core::Definition::Constructor[\usepac... /usr/share/perl5/LaTeXML/Package/LaTeX.pool.ltxml; line 806
Error:undefined:{fmffile} The environment {fmffile} is not defined.
	at 0302110.tex; line 58 col 15 - line 58 col 15
	Next token is T_BEGIN[{] ( == T_BEGIN[{])
	In Core::Definition::Expandable[\begin {}] /usr/share/perl5/LaTeXML/Package/LaTeX.pool.ltxml; line 180
	 <= Core::Gullet[@0x558264cbd880] <= Core::Stomach[@0x558264cbd910] <= ...
Error:undefined:{fmfgraph*} The environment {fmfgraph*} is not defined.
	at 0302110.tex; line 147 col 17 - line 147 col 17
	Next token is T_OTHER[(] ( == T_OTHER[(])
	In Core::Definition::Expandable[\begin {}] /usr/share/perl5/LaTeXML/Package/LaTeX.pool.ltxml; line 180
	 <= Core::Gullet[@0x558264cbd880] <= Core::Stomach[@0x558264cbd910] <= Core::Definition::Primitive[Begin] <= ...
Error:undefined:\fmfsurroundn The token T_CS[\fmfsurroundn] is not defined.
	at 0302110.tex; line 148 col 13 - line 148 col 13
	Defining it now as <ltx:ERROR/>
	Next token is T_BEGIN[{] ( == T_BEGIN[{])
	In Core::Gullet[@0x558264cbd880] /home/user/latex-in-arxiv/2003/0302110.tex; from line 148 col 14 to line 148 col 14
	 <= Core::Stomach[@0x558264cbd910] <= Core::Definition::Primitive[Begin] <= Core::Stomach[@0x558264cbd910] <= ...
Error:undefined:\fmfdotn The token T_CS[\fmfdotn] is not defined.
	at 0302110.tex; line 148 col 27 - line 148 col 27
	Defining it now as <ltx:ERROR/>
	Next token is T_BEGIN[{] ( == T_BEGIN[{])
	In Core::Gullet[@0x558264cbd880] /home/user/latex-in-arxiv/2003/0302110.tex; from line 148 col 28 to line 148 col 28
	 <= Core::Stomach[@0x558264cbd910] <= Core::Definition::Primitive[Begin] <= Core::Stomach[@0x558264cbd910] <= ...
Error:undefined:\fmfv The token T_CS[\fmfv] is not defined.
	at 0302110.tex; line 149 col 5 - line 149 col 5
	Defining it now as <ltx:ERROR/>
	Next token is T_BEGIN[{] ( == T_BEGIN[{])
	In Core::Gullet[@0x558264cbd880] /home/user/latex-in-arxiv/2003/0302110.tex; from line 149 col 6 to line 149 col 6
	 <= Core::Stomach[@0x558264cbd910] <= Core::Definition::Primitive[Begin] <= Core::Stomach[@0x558264cbd910] <= ...
Error:undefined:\fmf The token T_CS[\fmf] is not defined.
	at 0302110.tex; line 159 col 4 - line 159 col 4
	Defining it now as <ltx:ERROR/>
	Next token is T_BEGIN[{] ( == T_BEGIN[{])
	In Core::Gullet[@0x558264cbd880] /home/user/latex-in-arxiv/2003/0302110.tex; from line 159 col 5 to line 159 col 5
	 <= Core::Stomach[@0x558264cbd910] <= Core::Definition::Primitive[Begin] <= Core::Stomach[@0x558264cbd910] <= ...
Error:undefined:{fmfgraph*} The environment {fmfgraph*} is not defined.
	at 0302110.tex; line 169 col 17 - line 169 col 17
	Next token is T_OTHER[(] ( == T_OTHER[(])
	In Core::Definition::Expandable[\begin {}] /usr/share/perl5/LaTeXML/Package/LaTeX.pool.ltxml; line 180
	 <= Core::Gullet[@0x558264cbd880] <= Core::Stomach[@0x558264cbd910] <= Core::Definition::Primitive[Begin] <= ...
Error:undefined:\fmfleft The token T_CS[\fmfleft] is not defined.
	at 0302110.tex; line 170 col 8 - line 170 col 8
	Defining it now as <ltx:ERROR/>
	Next token is T_BEGIN[{] ( == T_BEGIN[{])
	In Core::Gullet[@0x558264cbd880] /home/user/latex-in-arxiv/2003/0302110.tex; from line 170 col 9 to line 170 col 9
	 <= Core::Stomach[@0x558264cbd910] <= Core::Definition::Primitive[Begin] <= Core::Stomach[@0x558264cbd910] <= ...
Error:undefined:\fmfright The token T_CS[\fmfright] is not defined.
	at 0302110.tex; line 171 col 9 - line 171 col 9
	Defining it now as <ltx:ERROR/>
	Next token is T_BEGIN[{] ( == T_BEGIN[{])
	In Core::Gullet[@0x558264cbd880] /home/user/latex-in-arxiv/2003/0302110.tex; from line 171 col 10 to line 171 col 10
	 <= Core::Stomach[@0x558264cbd910] <= Core::Definition::Primitive[Begin] <= Core::Stomach[@0x558264cbd910] <= ...
Error:undefined:{fmfgraph*} The environment {fmfgraph*} is not defined.
	at 0302110.tex; line 361 col 17 - line 361 col 17
	Next token is T_OTHER[(] ( == T_OTHER[(])
	In Core::Definition::Expandable[\begin {}] /usr/share/perl5/LaTeXML/Package/LaTeX.pool.ltxml; line 180
	 <= Core::Gullet[@0x558264cbd880] <= Core::Stomach[@0x558264cbd910] <= Core::Definition::Primitive[Begin] <= ...
Error:undefined:{fmfgraph*} The environment {fmfgraph*} is not defined.
	at 0302110.tex; line 434 col 17 - line 434 col 17
	Next token is T_OTHER[(] ( == T_OTHER[(])
	In Core::Definition::Expandable[\begin {}] /usr/share/perl5/LaTeXML/Package/LaTeX.pool.ltxml; line 180
	 <= Core::Gullet[@0x558264cbd880] <= Core::Stomach[@0x558264cbd910] <= Core::Definition::Primitive[Begin] <= ...
Error:undefined:{fmfgraph*} The environment {fmfgraph*} is not defined.
	at 0302110.tex; line 451 col 17 - line 451 col 17
	Next token is T_OTHER[(] ( == T_OTHER[(])
	In Core::Definition::Expandable[\begin {}] /usr/share/perl5/LaTeXML/Package/LaTeX.pool.ltxml; line 180
	 <= Core::Gullet[@0x558264cbd880] <= Core::Stomach[@0x558264cbd910] <= Core::Definition::Primitive[Begin] <= ...
Error:undefined:{fmfgraph*} The environment {fmfgraph*} is not defined.
	at 0302110.tex; line 677 col 17 - line 677 col 17
	Next token is T_OTHER[(] ( == T_OTHER[(])
	In Core::Definition::Expandable[\begin {}] /usr/share/perl5/LaTeXML/Package/LaTeX.pool.ltxml; line 180
	 <= Core::Gullet[@0x558264cbd880] <= Core::Stomach[@0x558264cbd910] <= Core::Definition::Primitive[Begin] <= ...
 4.62 sec) 4.78 sec)
(Building...
(Loading compiled schema /usr/share/perl5/LaTeXML/resources/RelaxNG/LaTeXML.model... 0.01 sec) 3.64 sec)
(Rewriting... 0.07 sec)
(Math Parsing 165 formulae ......
Warning:not_parsed:POSTSUPERSCRIPT.POSTSUBSCRIPT.CLOSE>MULOP MathParser failed to match rule 'Anything'
	at 0302110.tex; line 208 col 6 - line 208 col 6
	In "$\displaystyle{\cal S}_{\rm link}^{\rm U}=\sum_{j}\int{\rm d}^{4}x\sqrt{g^{j}}%
	M^{2}m^{2}(g^{j}_{\mu\nu}-g^{j+1}_{\mu\nu})(g^{j}_{\alpha\beta}-g^{j+1}_{%
	\alpha\beta})\times\quad(g^{j\mu\nu}g^{j\alpha\beta}-g^{j\mu\alpha}g^{j\nu%
	\beta})\@@ENDINLINEMATH"
	S[[UNKNOWN]] _{\rmlink}[[POSTSUBSCRIPT]] ^{\rmU}[[POSTSUPERSCRIPT]] =[[RELOP]] ∑[[SUMOP]] _{j}[[POSTSUBSCRIPT]] ∫[[INTOP]] d[[UNKNOWN]] ^{4}[[POSTSUPERSCRIPT]] x[[UNKNOWN]] \sqrt{g^{j}}[[UNKNOWN]] M[[UNKNOWN]] ^{2}[[POSTSUPERSCRIPT]] m[[UNKNOWN]] ^{2}[[POSTSUPERSCRIPT]] ([[OPEN]] g[[UNKNOWN]] ^{j}[[POSTSUPERSCRIPT]] _{\mu\nu}[[POSTSUBSCRIPT]] -[[ADDOP]] g[[UNKNOWN]] ^{j+1}[[POSTSUPERSCRIPT]] _{\mu\nu}[[POSTSUBSCRIPT]] )[[CLOSE]] ([[OPEN]] g[[UNKNOWN]] ^{j}[[POSTSUPERSCRIPT]] _{\alpha\beta}[[POSTSUBSCRIPT]] -[[ADDOP]] g[[UNKNOWN]] ^{j+1}[[POSTSUPERSCRIPT]] _{\alpha\beta}[[POSTSUBSCRIPT]] )[[CLOSE]]
	        > ×[[MULOP]] $\displaystyle{\calS}_{\rmlink}^{\rmU}=\sum_{j}\int{\rmd}^{4}x\sqrt{g^{j}}M^{2}m^{2}(g^{j}_{\mu\nu}-g^{j+1}_{\mu\nu})(g^{j}_{\alpha\beta}-g^{j+1}_{\alpha\beta})\times\quad(g^{j\mu\nu}g^{j\alpha\beta}-g^{j\mu\alpha}g^{j\nu\beta})\@@ENDINLINEMATH[[PUNCT]] ([[OPEN]] g[[UNKNOWN]] ^{j\mu\nu}[[POSTSUPERSCRIPT]] g[[UNKNOWN]] ^{j\alpha\beta}[[POSTSUPERSCRIPT]] -[[ADDOP]] g[[UNKNOWN]] ^{j\mu\alpha}[[POSTSUPERSCRIPT]] g[[UNKNOWN]] ^{j\nu\beta}[[POSTSUPERSCRIPT]] )[[CLOSE]]
Warning:not_parsed:UNKNOWN.POSTSUBSCRIPT.POSTSUPERSCRIPT>OPEN MathParser failed to match rule 'Anything'
	at 0302110.tex; line 231 col 3 - line 231 col 3
	In "\begin{multline}{\cal S}=\int{\rm d}^{4}x{\rm d}z\sqrt{g}M_{5D}^{3}\Big{(}R_{4%
	D}[g]\\
	+\frac{1}{4}\partial_{z}g_{\mu\nu}(g^{\mu\alpha}g^{\nu\beta}-g^{\mu\nu}g^{\rho%
	\beta})\partial_{z}g_{\alpha\beta}\Big{)}\end{multline}{\cal S}=\int{\rm d}^{4%
	}x{\rm d}z\sqrt{g}M_{5D}^{3}\Big{(}R_{4D}[g]\\
	+\frac{1}{4}\partial_{z}g_{\mu\nu}(g^{\mu\alpha}g^{\nu\beta}-g^{\mu\nu}g^{\rho%
	\beta})\partial_{z}g_{\alpha\beta}\Big{)}"
	S[[UNKNOWN]] =[[RELOP]] ∫[[INTOP]] d[[UNKNOWN]] ^{4}[[POSTSUPERSCRIPT]] x[[UNKNOWN]] d[[UNKNOWN]] z[[UNKNOWN]] \sqrt{g}[[UNKNOWN]] M[[UNKNOWN]] _{5D}[[POSTSUBSCRIPT]] ^{3}[[POSTSUPERSCRIPT]]
	        > ([[OPEN]] R[[UNKNOWN]] _{4D}[[POSTSUBSCRIPT]] [[[OPEN]] g[[UNKNOWN]] ][[CLOSE]]
Warning:not_parsed:POSTSUBSCRIPT.UNKNOWN.POSTSUBSCRIPT>CLOSE MathParser failed to match rule 'Anything'
	at 0302110.tex; line 233 col 1 - line 233 col 1
	+[[ADDOP]] \frac{1}{4}[[UNKNOWN]] ∂[[OPERATOR]] _{z}[[POSTSUBSCRIPT]] g[[UNKNOWN]] _{\mu\nu}[[POSTSUBSCRIPT]] ([[OPEN]] g[[UNKNOWN]] ^{\mu\alpha}[[POSTSUPERSCRIPT]] g[[UNKNOWN]] ^{\nu\beta}[[POSTSUPERSCRIPT]] -[[ADDOP]] g[[UNKNOWN]] ^{\mu\nu}[[POSTSUPERSCRIPT]] g[[UNKNOWN]] ^{\rho\beta}[[POSTSUPERSCRIPT]] )[[CLOSE]] ∂[[OPERATOR]] _{z}[[POSTSUBSCRIPT]] g[[UNKNOWN]] _{\alpha\beta}[[POSTSUBSCRIPT]]
	        > )[[CLOSE]]
Warning:not_parsed:>PUNCT MathParser failed to match rule 'Subscript'
	at 0302110.tex; line 319 col 21 - line 319 col 21
	In "\begin{equation}g^{j}_{\mu\nu}-G^{j+1}_{\mu\nu}=h^{j}_{\mu\nu}-h^{j+1}_{\mu\nu%
	}+\pi^{j}_{\mu,\nu}+\pi^{j}_{\nu,\mu}+\pi^{j\alpha}_{,\mu}\pi^{j}_{\alpha,\nu}%
	+\cdots\end{equation}"
	> ,[[PUNCT]] μ[[UNKNOWN]]
Warning:not_parsed:POSTSUPERSCRIPT.UNKNOWN.POSTSUPERSCRIPT>OPEN MathParser failed to match rule 'Anything'
	at 0302110.tex; line 337 col 3 - line 337 col 3
	In "\begin{multline}{\cal S}=\int{\rm d}^{4}xNM^{2}h_{n}\partial^{2}h_{n}+NM^{2}m^%
	{2}\Big{(}\frac{n^{2}}{N^{2}}h_{n}^{2}\\
	+\frac{n}{N}h_{n}\partial^{2}\phi_{n}+(\partial^{2}\phi_{n})(\partial^{2}\phi_%
	{m})(\partial^{2}\phi_{n+m})+\cdots\Big{)}\end{multline}{\cal S}=\int{\rm d}^{%
	4}xNM^{2}h_{n}\partial^{2}h_{n}+NM^{2}m^{2}\Big{(}\frac{n^{2}}{N^{2}}h_{n}^{2}%
	\\
	+\frac{n}{N}h_{n}\partial^{2}\phi_{n}+(\partial^{2}\phi_{n})(\partial^{2}\phi_%
	{m})(\partial^{2}\phi_{n+m})+\cdots\Big{)}"
	S[[UNKNOWN]] =[[RELOP]] ∫[[INTOP]] d[[UNKNOWN]] ^{4}[[POSTSUPERSCRIPT]] x[[UNKNOWN]] N[[UNKNOWN]] M[[UNKNOWN]] ^{2}[[POSTSUPERSCRIPT]] h[[UNKNOWN]] _{n}[[POSTSUBSCRIPT]] ∂[[OPERATOR]] ^{2}[[POSTSUPERSCRIPT]] h[[UNKNOWN]] _{n}[[POSTSUBSCRIPT]] +[[ADDOP]] N[[UNKNOWN]] M[[UNKNOWN]] ^{2}[[POSTSUPERSCRIPT]] m[[UNKNOWN]] ^{2}[[POSTSUPERSCRIPT]]
	        > ([[OPEN]] \frac{n^{2}}{N^{2}}[[UNKNOWN]] h[[UNKNOWN]] _{n}[[POSTSUBSCRIPT]] ^{2}[[POSTSUPERSCRIPT]]
Warning:not_parsed:CLOSE.ADDOP.ID>CLOSE MathParser failed to match rule 'Anything'
	at 0302110.tex; line 340 col 1 - line 340 col 1
	+[[ADDOP]] \frac{n}{N}[[UNKNOWN]] h[[UNKNOWN]] _{n}[[POSTSUBSCRIPT]] ∂[[OPERATOR]] ^{2}[[POSTSUPERSCRIPT]] ϕ[[UNKNOWN]] _{n}[[POSTSUBSCRIPT]] +[[ADDOP]] ([[OPEN]] ∂[[OPERATOR]] ^{2}[[POSTSUPERSCRIPT]] ϕ[[UNKNOWN]] _{n}[[POSTSUBSCRIPT]] )[[CLOSE]] ([[OPEN]] ∂[[OPERATOR]] ^{2}[[POSTSUPERSCRIPT]] ϕ[[UNKNOWN]] _{m}[[POSTSUBSCRIPT]] )[[CLOSE]] ([[OPEN]] ∂[[OPERATOR]] ^{2}[[POSTSUPERSCRIPT]] ϕ[[UNKNOWN]] _{n+m}[[POSTSUBSCRIPT]] )[[CLOSE]] +[[ADDOP]] ⋯[[ID]]
	        > )[[CLOSE]]
Warning:not_parsed:UNKNOWN.POSTSUBSCRIPT.POSTSUPERSCRIPT>OPEN MathParser failed to match rule 'Anything'
	at 0302110.tex; line 498 col 3 - line 498 col 3
	In "\begin{multline}{\cal S}=\int{\rm d}^{4}x{\rm d}zM_{5D}^{3}\Big{(}(\partial h)%
	^{2}+(\partial_{z}h)^{2}\\
	+\frac{1}{a}h\partial^{2}\partial_{z}\phi+\frac{1}{a^{2}}(\partial^{2}\phi)^{3%
	}+\cdots\Big{)}\end{multline}{\cal S}=\int{\rm d}^{4}x{\rm d}zM_{5D}^{3}\Big{(%
	}(\partial h)^{2}+(\partial_{z}h)^{2}\\
	+\frac{1}{a}h\partial^{2}\partial_{z}\phi+\frac{1}{a^{2}}(\partial^{2}\phi)^{3%
	}+\cdots\Big{)}"
	S[[UNKNOWN]] =[[RELOP]] ∫[[INTOP]] d[[UNKNOWN]] ^{4}[[POSTSUPERSCRIPT]] x[[UNKNOWN]] d[[UNKNOWN]] z[[UNKNOWN]] M[[UNKNOWN]] _{5D}[[POSTSUBSCRIPT]] ^{3}[[POSTSUPERSCRIPT]]
	        > ([[OPEN]] ([[OPEN]] ∂[[OPERATOR]] h[[UNKNOWN]] )[[CLOSE]] ^{2}[[POSTSUPERSCRIPT]] +[[ADDOP]] ([[OPEN]] ∂[[OPERATOR]] _{z}[[POSTSUBSCRIPT]] h[[UNKNOWN]] )[[CLOSE]] ^{2}[[POSTSUPERSCRIPT]]
Warning:not_parsed:POSTSUPERSCRIPT.ADDOP.ID>CLOSE MathParser failed to match rule 'Anything'
	at 0302110.tex; line 501 col 1 - line 501 col 1
	+[[ADDOP]] \frac{1}{a}[[UNKNOWN]] h[[UNKNOWN]] ∂[[OPERATOR]] ^{2}[[POSTSUPERSCRIPT]] ∂[[OPERATOR]] _{z}[[POSTSUBSCRIPT]] ϕ[[UNKNOWN]] +[[ADDOP]] \frac{1}{a^{2}}[[UNKNOWN]] ([[OPEN]] ∂[[OPERATOR]] ^{2}[[POSTSUPERSCRIPT]] ϕ[[UNKNOWN]] )[[CLOSE]] ^{3}[[POSTSUPERSCRIPT]] +[[ADDOP]] ⋯[[ID]]
	        > )[[CLOSE]]
 3.96 sec)
Math parsing succeeded:
   ltx:XMWrap: 4/4
   ltx:XMath: 176/177
   ltx:XMArg: 434/441
Symbols assumed as simple identifiers (with # of occurences):
   'A{caligraphic}' (2), 'A{italic}' (1), 'C{italic}' (8), 'D{italic}' (20), 'E{italic}' (5), 'G{italic}' (16), 'Lambda' (14), 'L{italic}' (9), 'M{italic}' (44), 'N{italic}' (16), 'P{italic}' (1), 'R{italic}' (22), 'S{caligraphic}' (17), 'U{italic}' (2), 'Y{italic}' (12), 'alpha' (17), 'a{italic}' (18), 'beta' (16), 'd' (22), 'eta' (2), 'f{italic}' (3), 'g{italic}' (66), 'h{italic}' (23), 'j{italic}' (30), 'k{italic}' (1), 'l{italic}' (1), 'mu' (36), 'm{italic}' (21), 'nu' (35), 'n{italic}' (7), 'omega' (1), 'phi' (32), 'pi' (12), 'psi' (16), 'rho' (1), 's{italic}' (9), 't{italic}' (1), 'x{italic}' (37), 'z{italic}' (9)
Set MATHPARSER_SPECULATE to speculate on possible notations.
(Finalizing... 0.53 sec)
Conversion complete 9 warnings; 13 errors; 8 undefined macros[\fmf, \fmfdotn, {fmfgraph*}, \fmfleft, {fmffile}, \fmfv, \fmfsurroundn, \fmfright]; 1 missing file[feynmf.sty] (See /home/user/latex-in-arxiv/0302110.latexml.log) (reqd. 13.46s)
