latexml (LaTeXML version 0.8.6) processing 2003/0302183.tex
(Digesting TeX 0302183...
(Loading /usr/share/perl5/LaTeXML/Package/TeX.pool.ltxml...
(Loading /usr/share/perl5/LaTeXML/Package/eTeX.pool.ltxml... 0.00 sec)
(Loading /usr/share/perl5/LaTeXML/Package/pdfTeX.pool.ltxml... 0.01 sec) 0.18 sec)
(Processing content /home/user/latex-in-arxiv/2003/0302183.tex...
(Loading /usr/share/perl5/LaTeXML/Package/LaTeX.pool.ltxml...
(Loading /usr/share/perl5/LaTeXML/Package/textcomp.sty.ltxml...
(Processing definitions /usr/share/texlive/texmf-dist/tex/latex-dev/base/ts1enc.dfu... 0.04 sec) 1.53 sec) 1.81 sec)
Info:unexpected:\documentstyle Entering LaTeX 2.09 Compatibility mode
	at 0302183.tex; line 1 col 0 - line 1 col 29
(Loading /usr/share/perl5/LaTeXML/Package/article.cls.ltxml... 0.02 sec) 4.91 sec) 5.11 sec)
(Building...
(Loading compiled schema /usr/share/perl5/LaTeXML/resources/RelaxNG/LaTeXML.model... 0.01 sec)
Info:malformed:id Duplicated attribute xml:id
	at 0302183.tex; line 317 col 0 - line 320 col 3
	Using id='S0.E1a' on <ltx:equation _box="\begin{equation}\frac{\partial..." _font="Font[math,medium,italic,10,bla..."/>
	id='S0.E1' already set on <ltx:equation _box="LaTeXML::Core::Whatsit=HASH(0x..." _font="Font[math,medium,italic,10,bla..." xml:id="S0.E1" _ID_counter_m_="1">...
Info:malformed:id Duplicated attribute xml:id
	at 0302183.tex; line 332 col 0 - line 335 col 3
	Using id='S0.E2a' on <ltx:equation _box="\begin{equation}\frac{\partial..." _font="Font[math,medium,italic,10,bla..."/>
	id='S0.E2' already set on <ltx:equation _box="LaTeXML::Core::Whatsit=HASH(0x..." _font="Font[math,medium,italic,10,bla..." xml:id="S0.E2" _ID_counter_m_="1">...
Info:malformed:id Duplicated attribute xml:id
	at 0302183.tex; line 339 col 0 - line 343 col 3
	Using id='S0.E3a' on <ltx:equation _box="\begin{equation}\chi(x)=B\sqrt..." _font="Font[math,medium,italic,10,bla..."/>
	id='S0.E3' already set on <ltx:equation _box="LaTeXML::Core::Whatsit=HASH(0x..." _font="Font[math,medium,italic,10,bla..." xml:id="S0.E3" _ID_counter_m_="1">...
Info:malformed:id Duplicated attribute xml:id
	at 0302183.tex; line 346 col 0 - line 348 col 3
	Using id='S0.E4a' on <ltx:equation _box="\begin{equation}I_{i\mu}(\gamm..." _font="Font[math,medium,italic,10,bla..."/>
	id='S0.E4' already set on <ltx:equation _box="LaTeXML::Core::Whatsit=HASH(0x..." _font="Font[math,medium,italic,10,bla..." xml:id="S0.E4" _ID_counter_m_="1">...
Info:malformed:id Duplicated attribute xml:id
	at 0302183.tex; line 350 col 0 - line 353 col 3
	Using id='S0.E5a' on <ltx:equation _box="\begin{equation}(\gammah)^{2i\..." _font="Font[math,medium,italic,10,bla..."/>
	id='S0.E5' already set on <ltx:equation _box="LaTeXML::Core::Whatsit=HASH(0x..." _font="Font[math,medium,italic,10,bla..." xml:id="S0.E5" _ID_counter_m_="1">...
Info:malformed:id Duplicated attribute xml:id
	at 0302183.tex; line 357 col 6 - line 357 col 6
	Using id='S0.E6a' on <ltx:equation _box="Alignment[]" _font="Font[serif,medium,upright,10,b..."/>
	id='S0.E6' already set on <ltx:equation _box="LaTeXML::Core::Whatsit=HASH(0x..." _font="Font[math,medium,italic,10,bla..." xml:id="S0.E6" _ID_counter_m_="1">...
Info:malformed:id Duplicated attribute xml:id
	at 0302183.tex; line 357 col 6 - line 357 col 6
	Using id='S0.E7a' on <ltx:equation _box="Alignment[]" _font="Font[serif,medium,upright,10,b..."/>
	id='S0.E7' already set on <ltx:equation _box="LaTeXML::Core::Whatsit=HASH(0x..." _font="Font[math,medium,italic,10,bla..." xml:id="S0.E7" _ID_counter_m_="1">...
Info:malformed:id Duplicated attribute xml:id
	at 0302183.tex; line 365 col 1 - line 365 col 1
	Using id='S0.E8a' on <ltx:equation _box="Alignment[]" _font="Font[serif,medium,upright,10,b..."/>
	id='S0.E8' already set on <ltx:equation _box="LaTeXML::Core::Whatsit=HASH(0x..." _font="Font[math,medium,italic,10,bla..." xml:id="S0.E8" _ID_counter_m_="1">...
Info:malformed:id Duplicated attribute xml:id
	at 0302183.tex; line 365 col 1 - line 365 col 1
	Using id='S0.E9a' on <ltx:equation _box="Alignment[]" _font="Font[serif,medium,upright,10,b..."/>
	id='S0.E9' already set on <ltx:equation _font="Font[serif,medium,upright,10,b..." _box="LaTeXML::Core::Alignment=HASH(..." xml:id="S0.E9" _ID_counter_m_="4">...
Info:malformed:id Duplicated attribute xml:id
	at 0302183.tex; line 373 col 0 - line 375 col 3
	Using id='S0.E10a' on <ltx:equation _box="\begin{equation}{\mathrm{l}n}\..." _font="Font[math,medium,italic,10,bla..."/>
	id='S0.E10' already set on <ltx:equation _font="Font[serif,medium,upright,10,b..." _box="LaTeXML::Core::Alignment=HASH(..." xml:id="S0.E10" _ID_counter_m_="4">...
Info:malformed:id Duplicated attribute xml:id
	at 0302183.tex; line 377 col 0 - line 380 col 3
	Using id='S0.E11a' on <ltx:equation _box="\begin{equation}\left(\frac{\o..." _font="Font[math,medium,italic,10,bla..."/>
	id='S0.E11' already set on <ltx:equation _box="LaTeXML::Core::Whatsit=HASH(0x..." _font="Font[math,medium,italic,10,bla..." xml:id="S0.E11" _ID_counter_m_="1">...
Info:malformed:id Duplicated attribute xml:id
	at 0302183.tex; line 402 col 0 - line 406 col 3
	Using id='S0.E1b' on <ltx:equation _box="\begin{equation}\Deltan\equivn..." _font="Font[math,medium,italic,10,bla..."/>
	id='S0.E1' already set on <ltx:equation _box="LaTeXML::Core::Whatsit=HASH(0x..." _font="Font[math,medium,italic,10,bla..." xml:id="S0.E1" _ID_counter_m_="1">...
Info:malformed:id Duplicated attribute xml:id
	at 0302183.tex; line 414 col 0 - line 416 col 3
	Using id='S0.E2b' on <ltx:equation _box="\begin{equation}\Deltan=\frac{..." _font="Font[math,medium,italic,10,bla..."/>
	id='S0.E2' already set on <ltx:equation _box="LaTeXML::Core::Whatsit=HASH(0x..." _font="Font[math,medium,italic,10,bla..." xml:id="S0.E2" _ID_counter_m_="1">...
Info:malformed:id Duplicated attribute xml:id
	at 0302183.tex; line 422 col 0 - line 425 col 3
	Using id='S0.E3b' on <ltx:equation _box="\begin{equation}\pi\betaF=-\fr..." _font="Font[math,medium,italic,10,bla..."/>
	id='S0.E3' already set on <ltx:equation _box="LaTeXML::Core::Whatsit=HASH(0x..." _font="Font[math,medium,italic,10,bla..." xml:id="S0.E3" _ID_counter_m_="1">...
Info:malformed:id Duplicated attribute xml:id
	at 0302183.tex; line 427 col 0 - line 429 col 3
	Using id='S0.E4b' on <ltx:equation _box="\begin{equation}S=\frac{80}{\p..." _font="Font[math,medium,italic,10,bla..."/>
	id='S0.E4' already set on <ltx:equation _box="LaTeXML::Core::Whatsit=HASH(0x..." _font="Font[math,medium,italic,10,bla..." xml:id="S0.E4" _ID_counter_m_="1">...
Info:malformed:id Duplicated attribute xml:id
	at 0302183.tex; line 433 col 0 - line 435 col 3
	Using id='S0.E5b' on <ltx:equation _box="\begin{equation}S=\frac{4\piM^..." _font="Font[math,medium,italic,10,bla..."/>
	id='S0.E5' already set on <ltx:equation _box="LaTeXML::Core::Whatsit=HASH(0x..." _font="Font[math,medium,italic,10,bla..." xml:id="S0.E5" _ID_counter_m_="1">...
Info:malformed:id Duplicated attribute xml:id
	at 0302183.tex; line 438 col 0 - line 440 col 3
	Using id='S0.E6b' on <ltx:equation _box="\begin{equation}h=\frac{320~{}..." _font="Font[math,medium,italic,10,bla..."/>
	id='S0.E6' already set on <ltx:equation _box="LaTeXML::Core::Whatsit=HASH(0x..." _font="Font[math,medium,italic,10,bla..." xml:id="S0.E6" _ID_counter_m_="1">...
 3.16 sec)
(Rewriting... 0.06 sec)
(Math Parsing 141 formulae ...... 3.37 sec)
Math parsing succeeded:
   ltx:XMArg: 258/258
   ltx:XMath: 141/141
Symbols assumed as simple identifiers (with # of occurences):
   'A{italic}' (2), 'B{italic}' (1), 'Delta' (4), 'E{italic}' (15), 'F{italic}' (1), 'Gamma' (12), 'G{italic}' (1), 'I{italic}' (20), 'L{italic}' (7), 'M{italic}' (7), 'N{italic}' (1), 'Omega' (5), 'R{italic}' (35), 'S{italic}' (2), 'Z{italic}' (2), 'beta' (3), 'chi' (19), 'c{italic}' (3), 'd{italic}' (1), 'e' (7), 'eta' (28), 'e{italic}' (1), 'for' (1), 'gamma' (15), 'h{italic}' (32), 'i{italic}' (40), 'l' (14), 'lambda' (24), 'l{italic}' (6), 'mu' (15), 'n{italic}' (36), 'omega' (21), 'phi' (13), 'pi' (9), 'p{italic}' (10), 'r{italic}' (13), 'theta' (13), 't{italic}' (2), 'u{italic}' (6), 'xi' (10), 'x{italic}' (38)
Set MATHPARSER_SPECULATE to speculate on possible notations.
(Finalizing... 0.21 sec)
Conversion complete No obvious problems (reqd. 12.28s)
