latexml (LaTeXML version 0.8.6) processing 2003/0302123.tex
(Digesting TeX 0302123...
(Loading /usr/share/perl5/LaTeXML/Package/TeX.pool.ltxml...
(Loading /usr/share/perl5/LaTeXML/Package/eTeX.pool.ltxml... 0.00 sec)
(Loading /usr/share/perl5/LaTeXML/Package/pdfTeX.pool.ltxml... 0.01 sec) 0.18 sec)
(Processing content /home/user/latex-in-arxiv/2003/0302123.tex...
(Loading /usr/share/perl5/LaTeXML/Package/LaTeX.pool.ltxml...
(Loading /usr/share/perl5/LaTeXML/Package/textcomp.sty.ltxml...
(Processing definitions /usr/share/texlive/texmf-dist/tex/latex-dev/base/ts1enc.dfu... 0.03 sec) 1.47 sec) 1.73 sec)
(Loading /usr/share/perl5/LaTeXML/Package/revtex4.cls.ltxml...
(Loading /usr/share/perl5/LaTeXML/Package/article.cls.ltxml... 0.01 sec)
(Loading /usr/share/perl5/LaTeXML/Package/revtex4_support.sty.ltxml...
(Loading /usr/share/perl5/LaTeXML/Package/hyperref.sty.ltxml...
(Loading /usr/share/perl5/LaTeXML/Package/keyval.sty.ltxml...
(Processing definitions /usr/share/texlive/texmf-dist/tex/latex-dev/graphics/keyval.sty... 0.02 sec) 0.02 sec)
(Loading /usr/share/perl5/LaTeXML/Package/nameref.sty.ltxml... 0.00 sec)
(Loading /usr/share/perl5/LaTeXML/Package/url.sty.ltxml... 0.00 sec) 0.10 sec)
(Loading /usr/share/perl5/LaTeXML/Package/natbib.sty.ltxml... 0.03 sec)
(Loading /usr/share/perl5/LaTeXML/Package/revsymb.sty.ltxml... 0.00 sec)
(Loading /usr/share/perl5/LaTeXML/Package/longtable.sty.ltxml... 0.00 sec)
(Loading /usr/share/perl5/LaTeXML/Package/dcolumn.sty.ltxml...
(Loading /usr/share/perl5/LaTeXML/Package/array.sty.ltxml... 0.00 sec) 0.01 sec) 0.19 sec) 0.64 sec)
(Loading /usr/share/perl5/LaTeXML/Package/amsmath.sty.ltxml...
(Loading /usr/share/perl5/LaTeXML/Package/amsbsy.sty.ltxml...
(Loading /usr/share/perl5/LaTeXML/Package/amsgen.sty.ltxml... 0.00 sec) 0.01 sec)
(Loading /usr/share/perl5/LaTeXML/Package/amstext.sty.ltxml... 0.01 sec)
(Loading /usr/share/perl5/LaTeXML/Package/amsopn.sty.ltxml... 0.01 sec) 0.07 sec)
(Loading /usr/share/perl5/LaTeXML/Package/tcilatex.tex.ltxml...
TCILATEX Macros for Scientific Word 2.5 <22 Dec 95>.
NOTICE: This macro file is NOT proprietary and may be freely copied and distributed.
(Loading /usr/share/perl5/LaTeXML/Package/latexsym.sty.ltxml... 0.00 sec) 0.15 sec)
Error:undefined:\TCItag The token T_CS[\TCItag] is not defined.
	at 0302123.tex; line 272 col 53 - line 272 col 53
	Defining it now as <ltx:ERROR/>
	Next token is T_BEGIN[{] ( == T_BEGIN[{])
	In Core::Gullet[@0x559545822b98] /home/user/latex-in-arxiv/2003/0302123.tex; from line 272 col 54 to line 272 col 54
	 <= Core::Stomach[@0x559545822988] <= Core::Definition::Constructor[\@@BEGI... <= Core::Stomach[@0x559545822988] <= ...
 10.10 sec) 10.34 sec)
(Building...
(Loading compiled schema /usr/share/perl5/LaTeXML/resources/RelaxNG/LaTeXML.model... 0.01 sec)
Warning:unexpected:eqnarray Unrecognized equation patterns (1) in eqnarray
	at 0302123.tex; line 520 col 1 - line 520 col 1
	In Core::Definition::Constructor[\@@eqna... /usr/share/perl5/LaTeXML/Package/LaTeX.pool.ltxml; line 2290
Warning:unexpected:eqnarray Unrecognized equation patterns (1) in eqnarray
	at 0302123.tex; line 537 col 1 - line 537 col 1
	In Core::Definition::Constructor[\@@eqna... /usr/share/perl5/LaTeXML/Package/LaTeX.pool.ltxml; line 2290
Warning:unexpected:eqnarray Unrecognized equation patterns (1) in eqnarray
	at 0302123.tex; line 556 col 1 - line 556 col 1
	In Core::Definition::Constructor[\@@eqna... /usr/share/perl5/LaTeXML/Package/LaTeX.pool.ltxml; line 2290
Warning:unexpected:eqnarray Unrecognized equation patterns (1) in eqnarray
	at 0302123.tex; line 580 col 1 - line 580 col 1
	In Core::Definition::Constructor[\@@eqna... /usr/share/perl5/LaTeXML/Package/LaTeX.pool.ltxml; line 2290
Warning:unexpected:eqnarray Unrecognized equation patterns (1) in eqnarray
	at 0302123.tex; line 602 col 1 - line 602 col 1
	In Core::Definition::Constructor[\@@eqna... /usr/share/perl5/LaTeXML/Package/LaTeX.pool.ltxml; line 2290
 8.84 sec)
(Rewriting... 0.25 sec)
(Math Parsing 339 formulae ......
Warning:not_parsed:POSTSUBSCRIPT.VERTBAR.UNKNOWN>CLOSE MathParser failed to match rule 'Anything'
	at 0302123.tex; line 177 col 0 - line 181 col 14
	In "\begin{equation}\text{Type I}:L_{-1}\left|x\right\rangle,\text{ where }L_{1}%
	\left|x\right\rangle=L_{2}\left|x\right\rangle=0,\text{ }L_{0}\left|x\right%
	\rangle=0;\end{equation}"
	\text{Type I}[[UNKNOWN]] :[[METARELOP]] L[[UNKNOWN]] _{-1}[[POSTSUBSCRIPT]] \left|[[VERTBAR]] x[[UNKNOWN]]
	        > \right\rangle[[CLOSE]] ,[[PUNCT]] \text{ where }[[UNKNOWN]] L[[UNKNOWN]] _{1}[[POSTSUBSCRIPT]] \left|[[VERTBAR]] x[[UNKNOWN]] \right\rangle[[CLOSE]] =[[RELOP]] L[[UNKNOWN]] _{2}[[POSTSUBSCRIPT]] \left|[[VERTBAR]] x[[UNKNOWN]] \right\rangle[[CLOSE]] =[[RELOP]] 0[[NUMBER]] ,[[PUNCT]] \text{ }[[UNKNOWN]] L[[UNKNOWN]] _{0}[[POSTSUBSCRIPT]] \left|[[VERTBAR]] x[[UNKNOWN]] \right\rangle[[CLOSE]] =[[RELOP]] 0[[NUMBER]]
Warning:not_parsed:CLOSE.VERTBAR.ATOM>CLOSE MathParser failed to match rule 'Anything'
	at 0302123.tex; line 183 col 0 - line 188 col 14
	In "\begin{equation}\text{Type II}:(L_{-2}+\frac{3}{2}L_{-1}^{2})\left|\widetilde{%
	x}\right\rangle,\text{ where }L_{1}\left|\widetilde{x}\right\rangle=L_{2}\left%
	|\widetilde{x}\right\rangle=0,\text{ }(L_{0}+1)\left|\widetilde{x}\right%
	\rangle=0.\end{equation}"
	\text{Type II}[[UNKNOWN]] :[[METARELOP]] ([[OPEN]] L[[UNKNOWN]] _{-2}[[POSTSUBSCRIPT]] +[[ADDOP]] \frac{3}{2}[[UNKNOWN]] L[[UNKNOWN]] _{-1}[[POSTSUBSCRIPT]] ^{2}[[POSTSUPERSCRIPT]] )[[CLOSE]] \left|[[VERTBAR]] \widetilde{x}[[UNKNOWN]]
	        > \right\rangle[[CLOSE]] ,[[PUNCT]] \text{ where }[[UNKNOWN]] L[[UNKNOWN]] _{1}[[POSTSUBSCRIPT]] \left|[[VERTBAR]] \widetilde{x}[[UNKNOWN]] \right\rangle[[CLOSE]] =[[RELOP]] L[[UNKNOWN]] _{2}[[POSTSUBSCRIPT]] \left|[[VERTBAR]] \widetilde{x}[[UNKNOWN]] \right\rangle[[CLOSE]] =[[RELOP]] 0[[NUMBER]] ,[[PUNCT]] \text{ }[[UNKNOWN]] ([[OPEN]] L[[UNKNOWN]] _{0}[[POSTSUBSCRIPT]] +[[ADDOP]] 1[[NUMBER]] )[[CLOSE]] \left|[[VERTBAR]] \widetilde{x}[[UNKNOWN]] \right\rangle[[CLOSE]] =[[RELOP]] 0[[NUMBER]]
Warning:not_parsed:CLOSE.VERTBAR.ATOM>CLOSE MathParser failed to match rule 'Anything'
	at 0302123.tex; line 264 col 1 - line 264 col 1
	In "$\displaystyle(L_{-2}+\frac{3}{2}L_{-1}^{2})\left|\widetilde{x}\right\rangle=%
	\{\frac{5}{2}\theta\cdot\alpha_{-3}+\frac{1}{2}(\alpha_{-1}\cdot\alpha_{-1})(%
	\theta\cdot\alpha_{-1})+\frac{5}{2}(k\cdot\alpha_{-2})(\theta\cdot\alpha_{-1})%
	+\frac{3}{2}(k\cdot\alpha_{-1})^{2}(\theta\cdot\alpha_{-1})+3(k\cdot\alpha_{-1%
	})(\theta\cdot\alpha_{-2})\}\left|0,k\right\rangle;\@@ENDINLINEMATH"
	([[OPEN]] L[[UNKNOWN]] _{-2}[[POSTSUBSCRIPT]] +[[ADDOP]] \frac{3}{2}[[UNKNOWN]] L[[UNKNOWN]] _{-1}[[POSTSUBSCRIPT]] ^{2}[[POSTSUPERSCRIPT]] )[[CLOSE]] \left|[[VERTBAR]] \widetilde{x}[[UNKNOWN]]
	        > \right\rangle[[CLOSE]] =[[RELOP]] {[[UNKNOWN]] \frac{5}{2}[[UNKNOWN]] θ[[UNKNOWN]] ⋅[[MULOP]] α[[UNKNOWN]] _{-3}[[POSTSUBSCRIPT]] +[[ADDOP]] \frac{1}{2}[[UNKNOWN]] ([[OPEN]] α[[UNKNOWN]] _{-1}[[POSTSUBSCRIPT]] ⋅[[MULOP]] α[[UNKNOWN]] _{-1}[[POSTSUBSCRIPT]] )[[CLOSE]] ([[OPEN]] θ[[UNKNOWN]] ⋅[[MULOP]] α[[UNKNOWN]] _{-1}[[POSTSUBSCRIPT]] )[[CLOSE]] +[[ADDOP]] \frac{5}{2}[[UNKNOWN]] ([[OPEN]] k[[UNKNOWN]] ⋅[[MULOP]] α[[UNKNOWN]] _{-2}[[POSTSUBSCRIPT]] )[[CLOSE]] ([[OPEN]] θ[[UNKNOWN]] ⋅[[MULOP]] α[[UNKNOWN]] _{-1}[[POSTSUBSCRIPT]] )[[CLOSE]] +[[ADDOP]] \frac{3}{2}[[UNKNOWN]] ([[OPEN]] k[[UNKNOWN]] ⋅[[MULOP]] α[[UNKNOWN]] _{-1}[[POSTSUBSCRIPT]] )[[CLOSE]] ^{2}[[POSTSUPERSCRIPT]] ([[OPEN]] θ[[UNKNOWN]] ⋅[[MULOP]] α[[UNKNOWN]] _{-1}[[POSTSUBSCRIPT]] ...
Warning:not_parsed:UNKNOWN.POSTSUBSCRIPT.CLOSE>CLOSE MathParser failed to match rule 'Anything'
	at 0302123.tex; line 268 col 3 - line 271 col 5
	In "$\displaystyle+\frac{3}{2}(k\cdot\alpha_{-1})^{2}(\theta\cdot\alpha_{-1})+3(k%
	\cdot\alpha_{-1})(\theta\cdot\alpha_{-2})\}\left|0,k\right\rangle;$"
	+[[ADDOP]] \frac{3}{2}[[UNKNOWN]] ([[OPEN]] k[[UNKNOWN]] ⋅[[MULOP]] α[[UNKNOWN]] _{-1}[[POSTSUBSCRIPT]] )[[CLOSE]] ^{2}[[POSTSUPERSCRIPT]] ([[OPEN]] θ[[UNKNOWN]] ⋅[[MULOP]] α[[UNKNOWN]] _{-1}[[POSTSUBSCRIPT]] )[[CLOSE]] +[[ADDOP]] 3[[NUMBER]] ([[OPEN]] k[[UNKNOWN]] ⋅[[MULOP]] α[[UNKNOWN]] _{-1}[[POSTSUBSCRIPT]] )[[CLOSE]] ([[OPEN]] θ[[UNKNOWN]] ⋅[[MULOP]] α[[UNKNOWN]] _{-2}[[POSTSUBSCRIPT]] )[[CLOSE]]
	        > \}[[CLOSE]] \left|[[VERTBAR]] 0[[NUMBER]] ,[[PUNCT]] k[[UNKNOWN]] \right\rangle[[CLOSE]]
Warning:not_parsed:>OPEN MathParser failed to match rule 'Anything'
	at 0302123.tex; line 303 col 33 - line 306 col 1
	In "$\displaystyle[\frac{1}{2}(k\cdot\alpha_{-1})^{2}(\theta\cdot\alpha_{-1})+2%
	\theta\cdot\alpha_{-3}+\frac{3}{2}(k\cdot\alpha_{-1})(\theta\cdot\alpha_{-2})$"
	> [[[OPEN]] \frac{1}{2}[[UNKNOWN]] ([[OPEN]] k[[UNKNOWN]] ⋅[[MULOP]] α[[UNKNOWN]] _{-1}[[POSTSUBSCRIPT]] )[[CLOSE]] ^{2}[[POSTSUPERSCRIPT]] ([[OPEN]] θ[[UNKNOWN]] ⋅[[MULOP]] α[[UNKNOWN]] _{-1}[[POSTSUBSCRIPT]] )[[CLOSE]] +[[ADDOP]] 2[[NUMBER]] θ[[UNKNOWN]] ⋅[[MULOP]] α[[UNKNOWN]] _{-3}[[POSTSUBSCRIPT]] +[[ADDOP]] \frac{3}{2}[[UNKNOWN]] ([[OPEN]] k[[UNKNOWN]] ⋅[[MULOP]] α[[UNKNOWN]] _{-1}[[POSTSUBSCRIPT]] )[[CLOSE]] ([[OPEN]] θ[[UNKNOWN]] ⋅[[MULOP]] α[[UNKNOWN]] _{-2}[[POSTSUBSCRIPT]] )[[CLOSE]]
Warning:not_parsed:UNKNOWN.POSTSUBSCRIPT.CLOSE>CLOSE MathParser failed to match rule 'Anything'
	at 0302123.tex; line 306 col 3 - line 308 col 14
	In "$\displaystyle+\frac{1}{2}(k\cdot\alpha_{-2})(\theta\cdot\alpha_{-1})]\left|0,%
	k\right\rangle;-k^{2}=4,\theta\cdot k=0.\TCItag{13}$"
	+[[ADDOP]] \frac{1}{2}[[UNKNOWN]] ([[OPEN]] k[[UNKNOWN]] ⋅[[MULOP]] α[[UNKNOWN]] _{-2}[[POSTSUBSCRIPT]] )[[CLOSE]] ([[OPEN]] θ[[UNKNOWN]] ⋅[[MULOP]] α[[UNKNOWN]] _{-1}[[POSTSUBSCRIPT]] )[[CLOSE]]
	        > ][[CLOSE]] \left|[[VERTBAR]] 0[[NUMBER]] ,[[PUNCT]] k[[UNKNOWN]] \right\rangle[[CLOSE]] ;[[PUNCT]] -[[ADDOP]] k[[UNKNOWN]] ^{2}[[POSTSUPERSCRIPT]] =[[RELOP]] 4[[NUMBER]] ,[[PUNCT]] θ[[UNKNOWN]] ⋅[[MULOP]] k[[UNKNOWN]] =[[RELOP]] 0[[NUMBER]] .[[PERIOD]] \TCItag[[UNKNOWN]] 13[[NUMBER]]
Warning:not_parsed:>OPEN MathParser failed to match rule 'Anything'
	at 0302123.tex; line 327 col 36 - line 330 col 1
	In "$\displaystyle[\frac{17}{4}(k\cdot\alpha_{-1})^{3}+\frac{9}{2}(k\cdot\alpha_{-%
	1})(\alpha_{-1}\cdot\alpha_{-1})+9(\alpha_{-1}\cdot\alpha_{-2})$"
	> [[[OPEN]] \frac{17}{4}[[UNKNOWN]] ([[OPEN]] k[[UNKNOWN]] ⋅[[MULOP]] α[[UNKNOWN]] _{-1}[[POSTSUBSCRIPT]] )[[CLOSE]] ^{3}[[POSTSUPERSCRIPT]] +[[ADDOP]] \frac{9}{2}[[UNKNOWN]] ([[OPEN]] k[[UNKNOWN]] ⋅[[MULOP]] α[[UNKNOWN]] _{-1}[[POSTSUBSCRIPT]] )[[CLOSE]] ([[OPEN]] α[[UNKNOWN]] _{-1}[[POSTSUBSCRIPT]] ⋅[[MULOP]] α[[UNKNOWN]] _{-1}[[POSTSUBSCRIPT]] )[[CLOSE]] +[[ADDOP]] 9[[NUMBER]] ([[OPEN]] α[[UNKNOWN]] _{-1}[[POSTSUBSCRIPT]] ⋅[[MULOP]] α[[UNKNOWN]] _{-2}[[POSTSUBSCRIPT]] )[[CLOSE]]
Warning:not_parsed:UNKNOWN.POSTSUBSCRIPT.CLOSE>CLOSE MathParser failed to match rule 'Anything'
	at 0302123.tex; line 330 col 3 - line 332 col 1
	In "$\displaystyle+21(k\cdot\alpha_{-1})(k\cdot\alpha_{-2})+25(k\cdot\alpha_{-3})]%
	\left|0,k\right\rangle;\TCItag{16}$"
	+[[ADDOP]] 21[[NUMBER]] ([[OPEN]] k[[UNKNOWN]] ⋅[[MULOP]] α[[UNKNOWN]] _{-1}[[POSTSUBSCRIPT]] )[[CLOSE]] ([[OPEN]] k[[UNKNOWN]] ⋅[[MULOP]] α[[UNKNOWN]] _{-2}[[POSTSUBSCRIPT]] )[[CLOSE]] +[[ADDOP]] 25[[NUMBER]] ([[OPEN]] k[[UNKNOWN]] ⋅[[MULOP]] α[[UNKNOWN]] _{-3}[[POSTSUBSCRIPT]] )[[CLOSE]]
	        > ][[CLOSE]] \left|[[VERTBAR]] 0[[NUMBER]] ,[[PUNCT]] k[[UNKNOWN]] \right\rangle[[CLOSE]] ;[[PUNCT]] \TCItag[[UNKNOWN]] 16[[NUMBER]]
Warning:not_parsed:POSTSUBSCRIPT.VERTBAR.UNKNOWN>CLOSE MathParser failed to match rule 'Anything'
	at 0302123.tex; line 365 col 0 - line 372 col 14
	In "\begin{equation}L_{-1}\left|x\right\rangle=[k_{\lambda}\theta_{\mu\nu}\alpha_{%
	-1}^{\mu_{\lambda}}\alpha_{-2}^{\nu}+2\theta_{\mu\nu}\alpha_{-1}^{\mu}\alpha_{%
	-3}^{\nu}\left|0,k\right\rangle;\left|x\right\rangle=\theta_{\mu\nu}\alpha_{-1%
	}^{\mu}\alpha_{-2}^{\nu}\left|0,k\right\rangle,\text{ where }\theta_{\mu\nu}=-%
	\theta_{\nu\mu},\end{equation}"
	L[[UNKNOWN]] _{-1}[[POSTSUBSCRIPT]] \left|[[VERTBAR]] x[[UNKNOWN]]
	        > \right\rangle[[CLOSE]] =[[RELOP]] [[[OPEN]] k[[UNKNOWN]] _{\lambda}[[POSTSUBSCRIPT]] θ[[UNKNOWN]] _{\mu\nu}[[POSTSUBSCRIPT]] α[[UNKNOWN]] _{-1}[[POSTSUBSCRIPT]] ^{\mu_{\lambda}}[[POSTSUPERSCRIPT]] α[[UNKNOWN]] _{-2}[[POSTSUBSCRIPT]] ^{\nu}[[POSTSUPERSCRIPT]] +[[ADDOP]] 2[[NUMBER]] θ[[UNKNOWN]] _{\mu\nu}[[POSTSUBSCRIPT]] α[[UNKNOWN]] _{-1}[[POSTSUBSCRIPT]] ^{\mu}[[POSTSUPERSCRIPT]] α[[UNKNOWN]] _{-3}[[POSTSUBSCRIPT]] ^{\nu}[[POSTSUPERSCRIPT]] \left|[[VERTBAR]] 0[[NUMBER]] ,[[PUNCT]] k[[UNKNOWN]] \right\rangle[[CLOSE]] ;[[PUNCT]] \left|[[VERTBAR]] x[[UNKNOWN]] \right\rangle[[CLOSE]] =[[RELOP]] θ[[UNKNOWN]] _{\mu\nu}[[POSTSUBSCRIPT]] α[[UNKNOWN]] _{-1}[[POSTSUBSCRIPT]] ^{\mu}[[POSTSUPERSCRIPT]] α[[UNKNOWN]] _{-2}[[POSTSUBSCRIPT]] ^{\nu}[[POSTSUPERSCRIPT]] \left|[[VERTBAR]] 0[[NUMBER]] ,[[PUNCT]] k[[UNKNOWN]] \right\rangle[[CLOSE]] ,[[PUNCT]] \text{ where }[[UNKNOWN]] θ[[UNKNOWN]] _{\mu\nu}[[POSTSUBSCRIPT]] =[[RELOP]] ...
Warning:not_parsed:OPEN.UNKNOWN> MathParser failed to match rule 'Subscript'
	at 0302123.tex; line 377 col 33 - line 377 col 33
	In "$\displaystyle L_{-1}\left|x\right\rangle=[2\theta_{\mu\nu}\alpha_{-2}^{\mu\nu%
	}+4\theta_{\mu\nu}\alpha_{-1}^{\mu}\alpha_{-3}^{\nu}+2(k_{\lambda}\theta_{\mu%
	\nu}+k_{(\lambda}\theta_{\mu\nu)})\alpha_{-1}^{\lambda\mu}\alpha_{-2}^{\nu}+%
	\frac{2}{3}k_{\lambda}k_{\beta}\theta_{\mu\nu}\alpha_{-1}^{\mu\nu\lambda\beta}%
	]\left|0,k\right\rangle;\@@ENDINLINEMATH"
	([[OPEN]] λ[[UNKNOWN]]
	        > 
Warning:not_parsed:UNKNOWN.UNKNOWN>CLOSE MathParser failed to match rule 'Subscript'
	at 0302123.tex; line 377 col 52 - line 377 col 52
	μ[[UNKNOWN]] ν[[UNKNOWN]]
	        > )[[CLOSE]]
Warning:not_parsed:OPEN.UNKNOWN> MathParser failed to match rule 'Subscript'
	at 0302123.tex; line 377 col 33 - line 377 col 33
	In "$\displaystyle[2\theta_{\mu\nu}\alpha_{-2}^{\mu\nu}+4\theta_{\mu\nu}\alpha_{-1%
	}^{\mu}\alpha_{-3}^{\nu}+2(k_{\lambda}\theta_{\mu\nu}+k_{(\lambda}\theta_{\mu%
	\nu)})\alpha_{-1}^{\lambda\mu}\alpha_{-2}^{\nu}+\frac{2}{3}k_{\lambda}k_{\beta%
	}\theta_{\mu\nu}\alpha_{-1}^{\mu\nu\lambda\beta}]\left|0,k\right\rangle;$"
	([[OPEN]] λ[[UNKNOWN]]
	        > 
Warning:not_parsed:UNKNOWN.UNKNOWN>CLOSE MathParser failed to match rule 'Subscript'
	at 0302123.tex; line 377 col 52 - line 377 col 52
	μ[[UNKNOWN]] ν[[UNKNOWN]]
	        > )[[CLOSE]]
Warning:not_parsed:OPEN.UNKNOWN> MathParser failed to match rule 'Subscript'
	at 0302123.tex; line 391 col 13 - line 391 col 13
	In "$\displaystyle(L_{-2}+\frac{3}{2}L_{-1}^{2})\left|\widetilde{x}\right\rangle=[%
	3\theta_{\mu\nu}\alpha_{-2}^{\mu\nu}+8\theta_{\mu\nu}\alpha_{-1}^{\mu}\alpha_{%
	-3}^{\nu}+(k_{\lambda}\theta_{\mu\nu}+\frac{15}{2}k_{(\lambda}\theta_{\mu\nu)}%
	)\alpha_{-1}^{\lambda\mu}\alpha_{-2}^{\nu}+(\frac{1}{2}\eta_{\lambda\beta}%
	\theta_{\mu\nu}+\frac{3}{2}k_{\lambda}k_{\beta}\theta_{\mu\nu})\alpha_{-1}^{%
	\mu\nu\lambda\beta}]\left|0,k\right\rangle;\@@ENDINLINEMATH"
	([[OPEN]] λ[[UNKNOWN]]
	        > 
Warning:not_parsed:UNKNOWN.UNKNOWN>CLOSE MathParser failed to match rule 'Subscript'
	at 0302123.tex; line 391 col 32 - line 391 col 32
	μ[[UNKNOWN]] ν[[UNKNOWN]]
	        > )[[CLOSE]]
Warning:not_parsed:OPEN.UNKNOWN> MathParser failed to match rule 'Subscript'
	at 0302123.tex; line 391 col 13 - line 391 col 13
	In "$\displaystyle[3\theta_{\mu\nu}\alpha_{-2}^{\mu\nu}+8\theta_{\mu\nu}\alpha_{-1%
	}^{\mu}\alpha_{-3}^{\nu}+(k_{\lambda}\theta_{\mu\nu}+\frac{15}{2}k_{(\lambda}%
	\theta_{\mu\nu)})\alpha_{-1}^{\lambda\mu}\alpha_{-2}^{\nu}$"
	([[OPEN]] λ[[UNKNOWN]]
	        > 
Warning:not_parsed:UNKNOWN.UNKNOWN>CLOSE MathParser failed to match rule 'Subscript'
	at 0302123.tex; line 391 col 32 - line 391 col 32
	μ[[UNKNOWN]] ν[[UNKNOWN]]
	        > )[[CLOSE]]
Warning:not_parsed:>OPEN MathParser failed to match rule 'Anything'
	at 0302123.tex; line 389 col 4 - line 393 col 1
	> [[[OPEN]] 3[[NUMBER]] θ[[UNKNOWN]] _{\mu\nu}[[POSTSUBSCRIPT]] α[[UNKNOWN]] _{-2}[[POSTSUBSCRIPT]] ^{\mu\nu}[[POSTSUPERSCRIPT]] +[[ADDOP]] 8[[NUMBER]] θ[[UNKNOWN]] _{\mu\nu}[[POSTSUBSCRIPT]] α[[UNKNOWN]] _{-1}[[POSTSUBSCRIPT]] ^{\mu}[[POSTSUPERSCRIPT]] α[[UNKNOWN]] _{-3}[[POSTSUBSCRIPT]] ^{\nu}[[POSTSUPERSCRIPT]] +[[ADDOP]] ([[OPEN]] k[[UNKNOWN]] _{\lambda}[[POSTSUBSCRIPT]] θ[[UNKNOWN]] _{\mu\nu}[[POSTSUBSCRIPT]] +[[ADDOP]] \frac{15}{2}[[UNKNOWN]] k[[UNKNOWN]] _{(\lambda}[[POSTSUBSCRIPT]] θ[[UNKNOWN]] _{\mu\nu)}[[POSTSUBSCRIPT]] )[[CLOSE]] α[[UNKNOWN]] _{-1}[[POSTSUBSCRIPT]] ^{\lambda\mu}[[POSTSUPERSCRIPT]] α[[UNKNOWN]] _{-2}[[POSTSUBSCRIPT]] ^{\nu}[[POSTSUPERSCRIPT]]
Warning:not_parsed:UNKNOWN.POSTSUBSCRIPT.POSTSUPERSCRIPT>CLOSE MathParser failed to match rule 'Anything'
	at 0302123.tex; line 393 col 3 - line 396 col 5
	In "$\displaystyle+(\frac{1}{2}\eta_{\lambda\beta}\theta_{\mu\nu}+\frac{3}{2}k_{%
	\lambda}k_{\beta}\theta_{\mu\nu})\alpha_{-1}^{\mu\nu\lambda\beta}]\left|0,k%
	\right\rangle;$"
	+[[ADDOP]] ([[OPEN]] \frac{1}{2}[[UNKNOWN]] η[[UNKNOWN]] _{\lambda\beta}[[POSTSUBSCRIPT]] θ[[UNKNOWN]] _{\mu\nu}[[POSTSUBSCRIPT]] +[[ADDOP]] \frac{3}{2}[[UNKNOWN]] k[[UNKNOWN]] _{\lambda}[[POSTSUBSCRIPT]] k[[UNKNOWN]] _{\beta}[[POSTSUBSCRIPT]] θ[[UNKNOWN]] _{\mu\nu}[[POSTSUBSCRIPT]] )[[CLOSE]] α[[UNKNOWN]] _{-1}[[POSTSUBSCRIPT]] ^{\mu\nu\lambda\beta}[[POSTSUPERSCRIPT]]
	        > ][[CLOSE]] \left|[[VERTBAR]] 0[[NUMBER]] ,[[PUNCT]] k[[UNKNOWN]] \right\rangle[[CLOSE]]
Warning:not_parsed:ATOM>METARELOP MathParser failed to match rule 'Anything'
	at 0302123.tex; line 405 col 16 - line 405 col 16
	In "$\displaystyle\text{Ansatz}:\left|x\right\rangle=[a(k\cdot\alpha_{-1})^{3}+b(k%
	\cdot\alpha_{-1})(\alpha_{-1}\cdot\alpha_{-1})+c(k\cdot\alpha_{-1})(k\cdot%
	\alpha_{-2})+d(\alpha_{-1}\cdot\alpha_{-2})+f(k\cdot\alpha_{-3})\left|0,k%
	\right\rangle;\@@ENDINLINEMATH"
	\text{Ansatz}[[UNKNOWN]]
	        > :[[METARELOP]] \left|[[VERTBAR]] x[[UNKNOWN]] \right\rangle[[CLOSE]] =[[RELOP]] [[[OPEN]] a[[UNKNOWN]] ([[OPEN]] k[[UNKNOWN]] ⋅[[MULOP]] α[[UNKNOWN]] _{-1}[[POSTSUBSCRIPT]] )[[CLOSE]] ^{3}[[POSTSUPERSCRIPT]] +[[ADDOP]] b[[UNKNOWN]] ([[OPEN]] k[[UNKNOWN]] ⋅[[MULOP]] α[[UNKNOWN]] _{-1}[[POSTSUBSCRIPT]] )[[CLOSE]] ([[OPEN]] α[[UNKNOWN]] _{-1}[[POSTSUBSCRIPT]] ⋅[[MULOP]] α[[UNKNOWN]] _{-1}[[POSTSUBSCRIPT]] )[[CLOSE]] +[[ADDOP]] c[[UNKNOWN]] ([[OPEN]] k[[UNKNOWN]] ⋅[[MULOP]] α[[UNKNOWN]] _{-1}[[POSTSUBSCRIPT]] )[[CLOSE]] ([[OPEN]] k[[UNKNOWN]] ⋅[[MULOP]] α[[UNKNOWN]] _{-2}[[POSTSUBSCRIPT]] )[[CLOSE]] +[[ADDOP]] d[[UNKNOWN]] ([[OPEN]] α[[UNKNOWN]] _{-1}[[POSTSUBSCRIPT]] ⋅[[MULOP]] α[[UNKNOWN]] _{-2}[[POSTSUBSCRIPT]] ...
Warning:not_parsed:>VERTBAR MathParser failed to match rule 'Anything'
	at 0302123.tex; line 405 col 23 - line 408 col 1
	In "$\displaystyle\left|x\right\rangle=[a(k\cdot\alpha_{-1})^{3}+b(k\cdot\alpha_{-%
	1})(\alpha_{-1}\cdot\alpha_{-1})+c(k\cdot\alpha_{-1})(k\cdot\alpha_{-2})$"
	> \left|[[VERTBAR]] x[[UNKNOWN]] \right\rangle[[CLOSE]] =[[RELOP]] [[[OPEN]] a[[UNKNOWN]] ([[OPEN]] k[[UNKNOWN]] ⋅[[MULOP]] α[[UNKNOWN]] _{-1}[[POSTSUBSCRIPT]] )[[CLOSE]] ^{3}[[POSTSUPERSCRIPT]] +[[ADDOP]] b[[UNKNOWN]] ([[OPEN]] k[[UNKNOWN]] ⋅[[MULOP]] α[[UNKNOWN]] _{-1}[[POSTSUBSCRIPT]] )[[CLOSE]] ([[OPEN]] α[[UNKNOWN]] _{-1}[[POSTSUBSCRIPT]] ⋅[[MULOP]] α[[UNKNOWN]] _{-1}[[POSTSUBSCRIPT]] )[[CLOSE]] +[[ADDOP]] c[[UNKNOWN]] ([[OPEN]] k[[UNKNOWN]] ⋅[[MULOP]] α[[UNKNOWN]] _{-1}[[POSTSUBSCRIPT]] )[[CLOSE]] ([[OPEN]] k[[UNKNOWN]] ⋅[[MULOP]] α[[UNKNOWN]] _{-2}[[POSTSUBSCRIPT]] )[[CLOSE]]
Warning:not_parsed:>OPEN MathParser failed to match rule 'Anything'
	at 0302123.tex; line 417 col 36 - line 420 col 1
	In "$\displaystyle[a(k\cdot\alpha_{-1})^{4}+b(k\cdot\alpha_{-1})^{2}(\alpha_{-1}%
	\cdot\alpha_{-1})+(2b+d)(k\cdot\alpha_{-1})(\alpha_{-1}\cdot\alpha_{-2})$"
	> [[[OPEN]] a[[UNKNOWN]] ([[OPEN]] k[[UNKNOWN]] ⋅[[MULOP]] α[[UNKNOWN]] _{-1}[[POSTSUBSCRIPT]] )[[CLOSE]] ^{4}[[POSTSUPERSCRIPT]] +[[ADDOP]] b[[UNKNOWN]] ([[OPEN]] k[[UNKNOWN]] ⋅[[MULOP]] α[[UNKNOWN]] _{-1}[[POSTSUBSCRIPT]] )[[CLOSE]] ^{2}[[POSTSUPERSCRIPT]] ([[OPEN]] α[[UNKNOWN]] _{-1}[[POSTSUBSCRIPT]] ⋅[[MULOP]] α[[UNKNOWN]] _{-1}[[POSTSUBSCRIPT]] )[[CLOSE]] +[[ADDOP]] ([[OPEN]] 2[[NUMBER]] b[[UNKNOWN]] +[[ADDOP]] d[[UNKNOWN]] )[[CLOSE]] ([[OPEN]] k[[UNKNOWN]] ⋅[[MULOP]] α[[UNKNOWN]] _{-1}[[POSTSUBSCRIPT]] )[[CLOSE]] ([[OPEN]] α[[UNKNOWN]] _{-1}[[POSTSUBSCRIPT]] ⋅[[MULOP]] α[[UNKNOWN]] _{-2}[[POSTSUBSCRIPT]] )[[CLOSE]]
Warning:not_parsed:UNKNOWN.POSTSUBSCRIPT.CLOSE>CLOSE MathParser failed to match rule 'Anything'
	at 0302123.tex; line 423 col 3 - line 426 col 1
	In "$\displaystyle+(2c+f)(k\cdot\alpha_{-3})(k\cdot\alpha_{-1})+2d(\alpha_{-1}%
	\cdot\alpha_{-3})+3f(k\cdot\alpha_{-4})]\left|0,k\right\rangle,$"
	+[[ADDOP]] ([[OPEN]] 2[[NUMBER]] c[[UNKNOWN]] +[[ADDOP]] f[[UNKNOWN]] )[[CLOSE]] ([[OPEN]] k[[UNKNOWN]] ⋅[[MULOP]] α[[UNKNOWN]] _{-3}[[POSTSUBSCRIPT]] )[[CLOSE]] ([[OPEN]] k[[UNKNOWN]] ⋅[[MULOP]] α[[UNKNOWN]] _{-1}[[POSTSUBSCRIPT]] )[[CLOSE]] +[[ADDOP]] 2[[NUMBER]] d[[UNKNOWN]] ([[OPEN]] α[[UNKNOWN]] _{-1}[[POSTSUBSCRIPT]] ⋅[[MULOP]] α[[UNKNOWN]] _{-3}[[POSTSUBSCRIPT]] )[[CLOSE]] +[[ADDOP]] 3[[NUMBER]] f[[UNKNOWN]] ([[OPEN]] k[[UNKNOWN]] ⋅[[MULOP]] α[[UNKNOWN]] _{-4}[[POSTSUBSCRIPT]] )[[CLOSE]]
	        > ][[CLOSE]] \left|[[VERTBAR]] 0[[NUMBER]] ,[[PUNCT]] k[[UNKNOWN]] \right\rangle[[CLOSE]]
Warning:not_parsed:POSTSUBSCRIPT.VERTBAR.UNKNOWN>CLOSE MathParser failed to match rule 'Anything'
	at 0302123.tex; line 432 col 0 - line 439 col 14
	In "\begin{equation}L_{-1}\left|x\right\rangle=(k_{\beta}\theta_{\mu\nu\lambda%
	\gamma}\alpha_{-1}^{\mu\nu\lambda\gamma\beta}+4\theta_{\mu\nu\lambda\gamma}%
	\alpha_{-1}^{\mu\nu\lambda}\alpha_{-2}^{\gamma}\left|0,k\right\rangle;\left|x%
	\right\rangle=\theta_{\mu\nu\lambda\gamma}\alpha_{-1}^{\mu\nu\lambda\gamma}%
	\left|0,k\right\rangle,\end{equation}"
	L[[UNKNOWN]] _{-1}[[POSTSUBSCRIPT]] \left|[[VERTBAR]] x[[UNKNOWN]]
	        > \right\rangle[[CLOSE]] =[[RELOP]] ([[OPEN]] k[[UNKNOWN]] _{\beta}[[POSTSUBSCRIPT]] θ[[UNKNOWN]] _{\mu\nu\lambda\gamma}[[POSTSUBSCRIPT]] α[[UNKNOWN]] _{-1}[[POSTSUBSCRIPT]] ^{\mu\nu\lambda\gamma\beta}[[POSTSUPERSCRIPT]] +[[ADDOP]] 4[[NUMBER]] θ[[UNKNOWN]] _{\mu\nu\lambda\gamma}[[POSTSUBSCRIPT]] α[[UNKNOWN]] _{-1}[[POSTSUBSCRIPT]] ^{\mu\nu\lambda}[[POSTSUPERSCRIPT]] α[[UNKNOWN]] _{-2}[[POSTSUBSCRIPT]] ^{\gamma}[[POSTSUPERSCRIPT]] \left|[[VERTBAR]] 0[[NUMBER]] ,[[PUNCT]] k[[UNKNOWN]] \right\rangle[[CLOSE]] ;[[PUNCT]] \left|[[VERTBAR]] x[[UNKNOWN]] \right\rangle[[CLOSE]] =[[RELOP]] θ[[UNKNOWN]] _{\mu\nu\lambda\gamma}[[POSTSUBSCRIPT]] α[[UNKNOWN]] _{-1}[[POSTSUBSCRIPT]] ^{\mu\nu\lambda\gamma}[[POSTSUPERSCRIPT]] \left|[[VERTBAR]] 0[[NUMBER]] ,[[PUNCT]] k[[UNKNOWN]] \right\rangle[[CLOSE]]
Warning:not_parsed:UNKNOWN.UNKNOWN.UNKNOWN> MathParser failed to match rule 'Superscript'
	at 0302123.tex; line 445 col 25 - line 445 col 25
	In "$\displaystyle L_{-1}\left|x\right\rangle=\theta_{\mu\nu\lambda}[\frac{3}{4}k_%
	{\beta}k_{\gamma}\alpha_{-1}^{\mu\nu\lambda\gamma\beta}+3k_{\beta}\alpha_{-1}^%
	{\mu\nu\beta}\alpha_{-2}^{\lambda}+3k_{\beta}\alpha_{-1}^{(\mu\nu\lambda}%
	\alpha_{-2}^{\beta)}+6\alpha_{-1}^{(\mu}\alpha_{-2}^{\nu\lambda)}+6\alpha_{-1}%
	^{(\mu\nu}\alpha_{-3}^{\lambda)}]\@@ENDINLINEMATH"
	([[OPEN]] μ[[UNKNOWN]] ν[[UNKNOWN]] λ[[UNKNOWN]]
	        > 
Warning:not_parsed:UNKNOWN>CLOSE MathParser failed to match rule 'Superscript'
	at 0302123.tex; line 445 col 47 - line 445 col 47
	β[[UNKNOWN]]
	        > )[[CLOSE]]
Warning:not_parsed:OPEN.UNKNOWN> MathParser failed to match rule 'Superscript'
	at 0302123.tex; line 445 col 69 - line 445 col 69
	([[OPEN]] μ[[UNKNOWN]]
	        > 
Warning:not_parsed:UNKNOWN.UNKNOWN>CLOSE MathParser failed to match rule 'Superscript'
	at 0302123.tex; line 446 col 21 - line 446 col 21
	ν[[UNKNOWN]] λ[[UNKNOWN]]
	        > )[[CLOSE]]
Warning:not_parsed:OPEN.UNKNOWN.UNKNOWN> MathParser failed to match rule 'Superscript'
	at 0302123.tex; line 446 col 47 - line 446 col 47
	([[OPEN]] μ[[UNKNOWN]] ν[[UNKNOWN]]
	        > 
Warning:not_parsed:UNKNOWN>CLOSE MathParser failed to match rule 'Superscript'
	at 0302123.tex; line 446 col 71 - line 446 col 71
	λ[[UNKNOWN]]
	        > )[[CLOSE]]
Warning:not_parsed:UNKNOWN.UNKNOWN.UNKNOWN> MathParser failed to match rule 'Superscript'
	at 0302123.tex; line 445 col 25 - line 445 col 25
	In "$\displaystyle\theta_{\mu\nu\lambda}[\frac{3}{4}k_{\beta}k_{\gamma}\alpha_{-1}%
	^{\mu\nu\lambda\gamma\beta}+3k_{\beta}\alpha_{-1}^{\mu\nu\beta}\alpha_{-2}^{%
	\lambda}+3k_{\beta}\alpha_{-1}^{(\mu\nu\lambda}\alpha_{-2}^{\beta)}+6\alpha_{-%
	1}^{(\mu}\alpha_{-2}^{\nu\lambda)}+6\alpha_{-1}^{(\mu\nu}\alpha_{-3}^{\lambda)%
	}]$"
	([[OPEN]] μ[[UNKNOWN]] ν[[UNKNOWN]] λ[[UNKNOWN]]
	        > 
Warning:not_parsed:UNKNOWN>CLOSE MathParser failed to match rule 'Superscript'
	at 0302123.tex; line 445 col 47 - line 445 col 47
	β[[UNKNOWN]]
	        > )[[CLOSE]]
Warning:not_parsed:OPEN.UNKNOWN> MathParser failed to match rule 'Superscript'
	at 0302123.tex; line 445 col 69 - line 445 col 69
	([[OPEN]] μ[[UNKNOWN]]
	        > 
Warning:not_parsed:UNKNOWN.UNKNOWN>CLOSE MathParser failed to match rule 'Superscript'
	at 0302123.tex; line 446 col 21 - line 446 col 21
	ν[[UNKNOWN]] λ[[UNKNOWN]]
	        > )[[CLOSE]]
Warning:not_parsed:OPEN.UNKNOWN.UNKNOWN> MathParser failed to match rule 'Superscript'
	at 0302123.tex; line 446 col 47 - line 446 col 47
	([[OPEN]] μ[[UNKNOWN]] ν[[UNKNOWN]]
	        > 
Warning:not_parsed:UNKNOWN>CLOSE MathParser failed to match rule 'Superscript'
	at 0302123.tex; line 446 col 71 - line 446 col 71
	λ[[UNKNOWN]]
	        > )[[CLOSE]]
Warning:not_parsed:UNKNOWN.UNKNOWN.UNKNOWN> MathParser failed to match rule 'Superscript'
	at 0302123.tex; line 459 col 25 - line 459 col 25
	In "$\displaystyle(L_{-2}+\frac{3}{2}L_{-1}^{2})\left|\widetilde{x}\right\rangle=%
	\theta_{\mu\nu\lambda}[(\frac{3}{2}k_{\beta}k_{\gamma}+\frac{1}{2}\eta_{\gamma%
	\beta})\alpha_{-1}^{\mu\nu\lambda\beta\gamma}+k_{\gamma}(\frac{1}{2}\alpha_{-1%
	}^{\mu\nu\lambda}\alpha_{-2}^{\gamma}+8\alpha_{-1}^{(\mu\nu\lambda}\alpha_{-2}%
	^{\gamma)})+3\alpha_{-1}^{(\mu}\alpha_{-2}^{\nu\lambda)}+6\alpha_{-1}^{(\mu\nu%
	}\alpha_{-3}^{\lambda)}]\left|0,k\right\rangle;\@@ENDINLINEMATH"
	([[OPEN]] μ[[UNKNOWN]] ν[[UNKNOWN]] λ[[UNKNOWN]]
	        > 
Warning:not_parsed:UNKNOWN>CLOSE MathParser failed to match rule 'Superscript'
	at 0302123.tex; line 459 col 48 - line 459 col 48
	γ[[UNKNOWN]]
	        > )[[CLOSE]]
Warning:not_parsed:OPEN.UNKNOWN> MathParser failed to match rule 'Superscript'
	at 0302123.tex; line 460 col 24 - line 460 col 24
	([[OPEN]] μ[[UNKNOWN]]
	        > 
Warning:not_parsed:UNKNOWN.UNKNOWN>CLOSE MathParser failed to match rule 'Superscript'
	at 0302123.tex; line 460 col 52 - line 460 col 52
	ν[[UNKNOWN]] λ[[UNKNOWN]]
	        > )[[CLOSE]]
Warning:not_parsed:OPEN.UNKNOWN.UNKNOWN> MathParser failed to match rule 'Superscript'
	at 0302123.tex; line 461 col 1 - line 461 col 1
	([[OPEN]] μ[[UNKNOWN]] ν[[UNKNOWN]]
	        > 
Warning:not_parsed:UNKNOWN>CLOSE MathParser failed to match rule 'Superscript'
	at 0302123.tex; line 461 col 25 - line 461 col 25
	λ[[UNKNOWN]]
	        > )[[CLOSE]]
Warning:not_parsed:UNKNOWN.UNKNOWN.UNKNOWN> MathParser failed to match rule 'Superscript'
	at 0302123.tex; line 459 col 25 - line 459 col 25
	In "$\displaystyle\theta_{\mu\nu\lambda}[(\frac{3}{2}k_{\beta}k_{\gamma}+\frac{1}{%
	2}\eta_{\gamma\beta})\alpha_{-1}^{\mu\nu\lambda\beta\gamma}+k_{\gamma}(\frac{1%
	}{2}\alpha_{-1}^{\mu\nu\lambda}\alpha_{-2}^{\gamma}+8\alpha_{-1}^{(\mu\nu%
	\lambda}\alpha_{-2}^{\gamma)})$"
	([[OPEN]] μ[[UNKNOWN]] ν[[UNKNOWN]] λ[[UNKNOWN]]
	        > 
Warning:not_parsed:UNKNOWN>CLOSE MathParser failed to match rule 'Superscript'
	at 0302123.tex; line 459 col 48 - line 459 col 48
	γ[[UNKNOWN]]
	        > )[[CLOSE]]
Warning:not_parsed:UNKNOWN.POSTSUBSCRIPT>OPEN MathParser failed to match rule 'Anything'
	at 0302123.tex; line 455 col 0 - line 460 col 1
	θ[[UNKNOWN]] _{\mu\nu\lambda}[[POSTSUBSCRIPT]]
	        > [[[OPEN]] ([[OPEN]] \frac{3}{2}[[UNKNOWN]] k[[UNKNOWN]] _{\beta}[[POSTSUBSCRIPT]] k[[UNKNOWN]] _{\gamma}[[POSTSUBSCRIPT]] +[[ADDOP]] \frac{1}{2}[[UNKNOWN]] η[[UNKNOWN]] _{\gamma\beta}[[POSTSUBSCRIPT]] )[[CLOSE]] α[[UNKNOWN]] _{-1}[[POSTSUBSCRIPT]] ^{\mu\nu\lambda\beta\gamma}[[POSTSUPERSCRIPT]] +[[ADDOP]] k[[UNKNOWN]] _{\gamma}[[POSTSUBSCRIPT]] ([[OPEN]] \frac{1}{2}[[UNKNOWN]] α[[UNKNOWN]] _{-1}[[POSTSUBSCRIPT]] ^{\mu\nu\lambda}[[POSTSUPERSCRIPT]] α[[UNKNOWN]] _{-2}[[POSTSUBSCRIPT]] ^{\gamma}[[POSTSUPERSCRIPT]] +[[ADDOP]] 8[[NUMBER]] α[[UNKNOWN]] _{-1}[[POSTSUBSCRIPT]] ^{(\mu\nu\lambda}[[POSTSUPERSCRIPT]] α[[UNKNOWN]] _{-2}[[POSTSUBSCRIPT]] ^{\gamma)}[[POSTSUPERSCRIPT]] )[[CLOSE]]
Warning:not_parsed:OPEN.UNKNOWN> MathParser failed to match rule 'Superscript'
	at 0302123.tex; line 460 col 24 - line 460 col 24
	In "$\displaystyle+3\alpha_{-1}^{(\mu}\alpha_{-2}^{\nu\lambda)}+6\alpha_{-1}^{(\mu%
	\nu}\alpha_{-3}^{\lambda)}]\left|0,k\right\rangle;$"
	([[OPEN]] μ[[UNKNOWN]]
	        > 
Warning:not_parsed:UNKNOWN.UNKNOWN>CLOSE MathParser failed to match rule 'Superscript'
	at 0302123.tex; line 460 col 52 - line 460 col 52
	ν[[UNKNOWN]] λ[[UNKNOWN]]
	        > )[[CLOSE]]
Warning:not_parsed:OPEN.UNKNOWN.UNKNOWN> MathParser failed to match rule 'Superscript'
	at 0302123.tex; line 461 col 1 - line 461 col 1
	([[OPEN]] μ[[UNKNOWN]] ν[[UNKNOWN]]
	        > 
Warning:not_parsed:UNKNOWN>CLOSE MathParser failed to match rule 'Superscript'
	at 0302123.tex; line 461 col 25 - line 461 col 25
	λ[[UNKNOWN]]
	        > )[[CLOSE]]
Warning:not_parsed:UNKNOWN.POSTSUBSCRIPT.POSTSUPERSCRIPT>CLOSE MathParser failed to match rule 'Anything'
	at 0302123.tex; line 460 col 3 - line 462 col 5
	+[[ADDOP]] 3[[NUMBER]] α[[UNKNOWN]] _{-1}[[POSTSUBSCRIPT]] ^{(\mu}[[POSTSUPERSCRIPT]] α[[UNKNOWN]] _{-2}[[POSTSUBSCRIPT]] ^{\nu\lambda)}[[POSTSUPERSCRIPT]] +[[ADDOP]] 6[[NUMBER]] α[[UNKNOWN]] _{-1}[[POSTSUBSCRIPT]] ^{(\mu\nu}[[POSTSUPERSCRIPT]] α[[UNKNOWN]] _{-3}[[POSTSUBSCRIPT]] ^{\lambda)}[[POSTSUPERSCRIPT]]
	        > ][[CLOSE]] \left|[[VERTBAR]] 0[[NUMBER]] ,[[PUNCT]] k[[UNKNOWN]] \right\rangle[[CLOSE]]
Warning:not_parsed:CLOSE.VERTBAR.ATOM>CLOSE MathParser failed to match rule 'Anything'
	at 0302123.tex; line 491 col 1 - line 491 col 1
	In "$\displaystyle(L_{-2}+\frac{3}{2}L_{-1}^{2})\left|\widetilde{x}\right\rangle=%
	\theta_{\mu\nu}[(\frac{3}{2}k_{\gamma}k_{\lambda}+\frac{1}{2}\eta_{\gamma%
	\lambda})\alpha_{-1}^{\gamma\lambda\mu}\alpha_{-2}^{\nu}+6k_{\lambda}\alpha_{-%
	1}^{\lambda\mu}\alpha_{-3}^{\nu}+\frac{5}{2}k_{\lambda}\alpha_{-1}^{\mu}\alpha%
	_{-2}^{\nu\lambda}\@@ENDINLINEMATH"
	([[OPEN]] L[[UNKNOWN]] _{-2}[[POSTSUBSCRIPT]] +[[ADDOP]] \frac{3}{2}[[UNKNOWN]] L[[UNKNOWN]] _{-1}[[POSTSUBSCRIPT]] ^{2}[[POSTSUPERSCRIPT]] )[[CLOSE]] \left|[[VERTBAR]] \widetilde{x}[[UNKNOWN]]
	        > \right\rangle[[CLOSE]] =[[RELOP]] θ[[UNKNOWN]] _{\mu\nu}[[POSTSUBSCRIPT]] [[[OPEN]] ([[OPEN]] \frac{3}{2}[[UNKNOWN]] k[[UNKNOWN]] _{\gamma}[[POSTSUBSCRIPT]] k[[UNKNOWN]] _{\lambda}[[POSTSUBSCRIPT]] +[[ADDOP]] \frac{1}{2}[[UNKNOWN]] η[[UNKNOWN]] _{\gamma\lambda}[[POSTSUBSCRIPT]] )[[CLOSE]] α[[UNKNOWN]] _{-1}[[POSTSUBSCRIPT]] ^{\gamma\lambda\mu}[[POSTSUPERSCRIPT]] α[[UNKNOWN]] _{-2}[[POSTSUBSCRIPT]] ^{\nu}[[POSTSUPERSCRIPT]] +[[ADDOP]] 6[[NUMBER]] k[[UNKNOWN]] _{\lambda}[[POSTSUBSCRIPT]] α[[UNKNOWN]] _{-1}[[POSTSUBSCRIPT]] ^{\lambda\mu}[[POSTSUPERSCRIPT]] α[[UNKNOWN]] _{-3}[[POSTSUBSCRIPT]] ^{\nu}[[POSTSUPERSCRIPT]] +[[ADDOP]] \frac{5}{2}[[UNKNOWN]] k[[UNKNOWN]] _{\lambda}[[POSTSUBSCRIPT]] α[[UNKNOWN]] _{-1}[[POSTSUBSCRIPT]] ^{\mu}[[POSTSUPERSCRIPT]] α[[UNKNOWN]] _{-2}[[POSTSUBSCRIPT]] ^{\nu\lambda}[[POSTSUPERSCRIPT]]
Warning:not_parsed:UNKNOWN.POSTSUBSCRIPT>OPEN MathParser failed to match rule 'Anything'
	at 0302123.tex; line 492 col 9 - line 496 col 1
	In "$\displaystyle\theta_{\mu\nu}[(\frac{3}{2}k_{\gamma}k_{\lambda}+\frac{1}{2}%
	\eta_{\gamma\lambda})\alpha_{-1}^{\gamma\lambda\mu}\alpha_{-2}^{\nu}+6k_{%
	\lambda}\alpha_{-1}^{\lambda\mu}\alpha_{-3}^{\nu}+\frac{5}{2}k_{\lambda}\alpha%
	_{-1}^{\mu}\alpha_{-2}^{\nu\lambda}$"
	θ[[UNKNOWN]] _{\mu\nu}[[POSTSUBSCRIPT]]
	        > [[[OPEN]] ([[OPEN]] \frac{3}{2}[[UNKNOWN]] k[[UNKNOWN]] _{\gamma}[[POSTSUBSCRIPT]] k[[UNKNOWN]] _{\lambda}[[POSTSUBSCRIPT]] +[[ADDOP]] \frac{1}{2}[[UNKNOWN]] η[[UNKNOWN]] _{\gamma\lambda}[[POSTSUBSCRIPT]] )[[CLOSE]] α[[UNKNOWN]] _{-1}[[POSTSUBSCRIPT]] ^{\gamma\lambda\mu}[[POSTSUPERSCRIPT]] α[[UNKNOWN]] _{-2}[[POSTSUBSCRIPT]] ^{\nu}[[POSTSUPERSCRIPT]] +[[ADDOP]] 6[[NUMBER]] k[[UNKNOWN]] _{\lambda}[[POSTSUBSCRIPT]] α[[UNKNOWN]] _{-1}[[POSTSUBSCRIPT]] ^{\lambda\mu}[[POSTSUPERSCRIPT]] α[[UNKNOWN]] _{-3}[[POSTSUBSCRIPT]] ^{\nu}[[POSTSUPERSCRIPT]] +[[ADDOP]] \frac{5}{2}[[UNKNOWN]] k[[UNKNOWN]] _{\lambda}[[POSTSUBSCRIPT]] α[[UNKNOWN]] _{-1}[[POSTSUBSCRIPT]] ^{\mu}[[POSTSUPERSCRIPT]] α[[UNKNOWN]] _{-2}[[POSTSUBSCRIPT]] ^{\nu\lambda}[[POSTSUPERSCRIPT]]
Warning:not_parsed:UNKNOWN.POSTSUBSCRIPT.POSTSUPERSCRIPT>CLOSE MathParser failed to match rule 'Anything'
	at 0302123.tex; line 496 col 1 - line 496 col 1
	In "$\displaystyle+2\alpha_{-2}^{\mu}\alpha_{-3}^{\nu}+\alpha_{-1}^{\mu}\alpha_{-4%
	}^{\nu}]\left|0,k\right\rangle,\left|\widetilde{x}\right\rangle=\theta_{\mu\nu%
	}\alpha_{-1}^{\mu}\alpha_{-2}^{\nu}\left|0,k\right\rangle,\text{ where }\theta%
	_{\mu\nu}=-\theta_{\nu\mu}.\TCItag{28}\@@ENDINLINEMATH"
	+[[ADDOP]] 2[[NUMBER]] α[[UNKNOWN]] _{-2}[[POSTSUBSCRIPT]] ^{\mu}[[POSTSUPERSCRIPT]] α[[UNKNOWN]] _{-3}[[POSTSUBSCRIPT]] ^{\nu}[[POSTSUPERSCRIPT]] +[[ADDOP]] α[[UNKNOWN]] _{-1}[[POSTSUBSCRIPT]] ^{\mu}[[POSTSUPERSCRIPT]] α[[UNKNOWN]] _{-4}[[POSTSUBSCRIPT]] ^{\nu}[[POSTSUPERSCRIPT]]
	        > ][[CLOSE]] \left|[[VERTBAR]] 0[[NUMBER]] ,[[PUNCT]] k[[UNKNOWN]] \right\rangle[[CLOSE]] ,[[PUNCT]] \left|[[VERTBAR]] \widetilde{x}[[UNKNOWN]] \right\rangle[[CLOSE]] =[[RELOP]] θ[[UNKNOWN]] _{\mu\nu}[[POSTSUBSCRIPT]] α[[UNKNOWN]] _{-1}[[POSTSUBSCRIPT]] ^{\mu}[[POSTSUPERSCRIPT]] α[[UNKNOWN]] _{-2}[[POSTSUBSCRIPT]] ^{\nu}[[POSTSUPERSCRIPT]] \left|[[VERTBAR]] 0[[NUMBER]] ,[[PUNCT]] k[[UNKNOWN]] \right\rangle[[CLOSE]] ,[[PUNCT]] \text{ where }[[UNKNOWN]] θ[[UNKNOWN]] _{\mu\nu}[[POSTSUBSCRIPT]] =[[RELOP]] -[[ADDOP]] θ[[UNKNOWN]] _{\nu\mu}[[POSTSUBSCRIPT]] .[[PERIOD]] \TCItag[[UNKNOWN]] 28[[NUMBER]]
Warning:not_parsed:UNKNOWN.POSTSUBSCRIPT.POSTSUPERSCRIPT>CLOSE MathParser failed to match rule 'Anything'
	at 0302123.tex; line 496 col 1 - line 498 col 15
	In "$\displaystyle+2\alpha_{-2}^{\mu}\alpha_{-3}^{\nu}+\alpha_{-1}^{\mu}\alpha_{-4%
	}^{\nu}]\left|0,k\right\rangle,\left|\widetilde{x}\right\rangle$"
	+[[ADDOP]] 2[[NUMBER]] α[[UNKNOWN]] _{-2}[[POSTSUBSCRIPT]] ^{\mu}[[POSTSUPERSCRIPT]] α[[UNKNOWN]] _{-3}[[POSTSUBSCRIPT]] ^{\nu}[[POSTSUPERSCRIPT]] +[[ADDOP]] α[[UNKNOWN]] _{-1}[[POSTSUBSCRIPT]] ^{\mu}[[POSTSUPERSCRIPT]] α[[UNKNOWN]] _{-4}[[POSTSUBSCRIPT]] ^{\nu}[[POSTSUPERSCRIPT]]
	        > ][[CLOSE]] \left|[[VERTBAR]] 0[[NUMBER]] ,[[PUNCT]] k[[UNKNOWN]] \right\rangle[[CLOSE]] ,[[PUNCT]] \left|[[VERTBAR]] \widetilde{x}[[UNKNOWN]] \right\rangle[[CLOSE]]
Warning:not_parsed:OPEN.UNKNOWN> MathParser failed to match rule 'Subscript'
	at 0302123.tex; line 527 col 23 - line 527 col 23
	In "$\displaystyle(L_{-2}+\frac{3}{2}L_{-1}^{2})\theta_{\mu_{1}...\mu_{m}}\alpha_{%
	-1}^{\mu_{1}...\mu_{m}}\left|0,k\right\rangle=\{\theta_{\mu_{1}...\mu_{m}}[(%
	\frac{3}{2}k_{\nu}k_{\lambda}+\frac{1}{2}\eta_{\nu\lambda})\alpha_{-1}^{\nu%
	\lambda\mu_{1}...\mu_{m}}+\frac{3}{2}m(m-1)\alpha_{-2}^{\mu_{1}\mu_{2}}\alpha_%
	{-1}^{\mu_{3}...\mu_{m}}+(1+3m)\alpha_{-1}^{\mu_{1}...\mu_{m-1}}\alpha_{-3}^{%
	\mu_{m}}]+[\frac{3}{2}(m+1)k_{(\lambda}\theta_{\mu_{1}...\mu_{m})}+\frac{3}{2}%
	mk_{\mu_{m}}\theta_{\mu_{1}...\mu_{m-1\lambda})}]\alpha_{-1}^{\mu_{1}...\mu_{m%
	}}\alpha_{-2}^{\lambda}\}\left|0,k\right\rangle\TCItag{30}\@@ENDINLINEMATH"
	([[OPEN]] λ[[UNKNOWN]]
	        > 
Warning:not_parsed:ID.UNKNOWN.POSTSUBSCRIPT>CLOSE MathParser failed to match rule 'Subscript'
	at 0302123.tex; line 527 col 53 - line 527 col 53
	μ[[UNKNOWN]] _{1}[[POSTSUBSCRIPT]] ...[[ID]] μ[[UNKNOWN]] _{m}[[POSTSUBSCRIPT]]
	        > )[[CLOSE]]
Warning:not_parsed:ID.UNKNOWN.POSTSUBSCRIPT>CLOSE MathParser failed to match rule 'Subscript'
	at 0302123.tex; line 528 col 45 - line 528 col 45
	μ[[UNKNOWN]] _{1}[[POSTSUBSCRIPT]] ...[[ID]] μ[[UNKNOWN]] _{m-1\lambda}[[POSTSUBSCRIPT]]
	        > )[[CLOSE]]
Warning:not_parsed:NUMBER.PUNCT.UNKNOWN>CLOSE MathParser failed to match rule 'Anything'
	at 0302123.tex; line 520 col 3 - line 520 col 3
	([[OPEN]] L[[UNKNOWN]] _{-2}[[POSTSUBSCRIPT]] +[[ADDOP]] \frac{3}{2}[[UNKNOWN]] L[[UNKNOWN]] _{-1}[[POSTSUBSCRIPT]] ^{2}[[POSTSUPERSCRIPT]] )[[CLOSE]] θ[[UNKNOWN]] _{\mu_{1}...\mu_{m}}[[POSTSUBSCRIPT]] α[[UNKNOWN]] _{-1}[[POSTSUBSCRIPT]] ^{\mu_{1}...\mu_{m}}[[POSTSUPERSCRIPT]] \left|[[VERTBAR]] 0[[NUMBER]] ,[[PUNCT]] k[[UNKNOWN]]
	        > \right\rangle[[CLOSE]] =[[RELOP]] {[[UNKNOWN]] θ[[UNKNOWN]] _{\mu_{1}...\mu_{m}}[[POSTSUBSCRIPT]] [[[OPEN]] ([[OPEN]] \frac{3}{2}[[UNKNOWN]] k[[UNKNOWN]] _{\nu}[[POSTSUBSCRIPT]] k[[UNKNOWN]] _{\lambda}[[POSTSUBSCRIPT]] +[[ADDOP]] \frac{1}{2}[[UNKNOWN]] η[[UNKNOWN]] _{\nu\lambda}[[POSTSUBSCRIPT]] )[[CLOSE]] α[[UNKNOWN]] _{-1}[[POSTSUBSCRIPT]] ^{\nu\lambda\mu_{1}...\mu_{m}}[[POSTSUPERSCRIPT]] +[[ADDOP]] \frac{3}{2}[[UNKNOWN]] m[[UNKNOWN]] ([[OPEN]] m[[UNKNOWN]] -[[ADDOP]] 1[[NUMBER]] )[[CLOSE]] α[[UNKNOWN]] _{-2}[[POSTSUBSCRIPT]] ^{\mu_{1}\mu_{2}}[[POSTSUPERSCRIPT]] α[[UNKNOWN]] _{-1}[[POSTSUBSCRIPT]] ^{\mu_{3}...\mu_{m}}[[POSTSUPERSCRIPT]] +[[ADDOP]] ([[OPEN]] 1[[NUMBER]] +[[ADDOP]] 3[[NUMBER]] m[[UNKNOWN]] )[[CLOSE]] α[[UNKNOWN]] _{-1}[[POSTSUBSCRIPT]] ^{\mu_{1}...\mu_{m-1}}[[POSTSUPERSCRIPT]] α[[UNKNOWN]] _{-3}[[POSTSUBSCRIPT]] ^{\mu_{m}}[[POSTSUPERSCRIPT]] ][[CLOSE]] +[[ADDOP]] [[[OPEN]] \frac{3}{2}[[UNKNOWN]] ...
Warning:not_parsed:UNKNOWN.UNKNOWN.POSTSUBSCRIPT>OPEN MathParser failed to match rule 'Anything'
	at 0302123.tex; line 522 col 5 - line 526 col 1
	In "$\displaystyle\{\theta_{\mu_{1}...\mu_{m}}[(\frac{3}{2}k_{\nu}k_{\lambda}+%
	\frac{1}{2}\eta_{\nu\lambda})\alpha_{-1}^{\nu\lambda\mu_{1}...\mu_{m}}+\frac{3%
	}{2}m(m-1)\alpha_{-2}^{\mu_{1}\mu_{2}}\alpha_{-1}^{\mu_{3}...\mu_{m}}$"
	{[[UNKNOWN]] θ[[UNKNOWN]] _{\mu_{1}...\mu_{m}}[[POSTSUBSCRIPT]]
	        > [[[OPEN]] ([[OPEN]] \frac{3}{2}[[UNKNOWN]] k[[UNKNOWN]] _{\nu}[[POSTSUBSCRIPT]] k[[UNKNOWN]] _{\lambda}[[POSTSUBSCRIPT]] +[[ADDOP]] \frac{1}{2}[[UNKNOWN]] η[[UNKNOWN]] _{\nu\lambda}[[POSTSUBSCRIPT]] )[[CLOSE]] α[[UNKNOWN]] _{-1}[[POSTSUBSCRIPT]] ^{\nu\lambda\mu_{1}...\mu_{m}}[[POSTSUPERSCRIPT]] +[[ADDOP]] \frac{3}{2}[[UNKNOWN]] m[[UNKNOWN]] ([[OPEN]] m[[UNKNOWN]] -[[ADDOP]] 1[[NUMBER]] )[[CLOSE]] α[[UNKNOWN]] _{-2}[[POSTSUBSCRIPT]] ^{\mu_{1}\mu_{2}}[[POSTSUPERSCRIPT]] α[[UNKNOWN]] _{-1}[[POSTSUBSCRIPT]] ^{\mu_{3}...\mu_{m}}[[POSTSUPERSCRIPT]]
Warning:not_parsed:OPEN.UNKNOWN> MathParser failed to match rule 'Subscript'
	at 0302123.tex; line 527 col 23 - line 527 col 23
	In "$\displaystyle+(1+3m)\alpha_{-1}^{\mu_{1}...\mu_{m-1}}\alpha_{-3}^{\mu_{m}}]+[%
	\frac{3}{2}(m+1)k_{(\lambda}\theta_{\mu_{1}...\mu_{m})}+\frac{3}{2}mk_{\mu_{m}%
	}\theta_{\mu_{1}...\mu_{m-1\lambda})}]$"
	([[OPEN]] λ[[UNKNOWN]]
	        > 
Warning:not_parsed:ID.UNKNOWN.POSTSUBSCRIPT>CLOSE MathParser failed to match rule 'Subscript'
	at 0302123.tex; line 527 col 53 - line 527 col 53
	μ[[UNKNOWN]] _{1}[[POSTSUBSCRIPT]] ...[[ID]] μ[[UNKNOWN]] _{m}[[POSTSUBSCRIPT]]
	        > )[[CLOSE]]
Warning:not_parsed:ID.UNKNOWN.POSTSUBSCRIPT>CLOSE MathParser failed to match rule 'Subscript'
	at 0302123.tex; line 528 col 45 - line 528 col 45
	μ[[UNKNOWN]] _{1}[[POSTSUBSCRIPT]] ...[[ID]] μ[[UNKNOWN]] _{m-1\lambda}[[POSTSUBSCRIPT]]
	        > )[[CLOSE]]
Warning:not_parsed:UNKNOWN.POSTSUBSCRIPT.POSTSUPERSCRIPT>CLOSE MathParser failed to match rule 'Anything'
	at 0302123.tex; line 526 col 3 - line 529 col 1
	+[[ADDOP]] ([[OPEN]] 1[[NUMBER]] +[[ADDOP]] 3[[NUMBER]] m[[UNKNOWN]] )[[CLOSE]] α[[UNKNOWN]] _{-1}[[POSTSUBSCRIPT]] ^{\mu_{1}...\mu_{m-1}}[[POSTSUPERSCRIPT]] α[[UNKNOWN]] _{-3}[[POSTSUBSCRIPT]] ^{\mu_{m}}[[POSTSUPERSCRIPT]]
	        > ][[CLOSE]] +[[ADDOP]] [[[OPEN]] \frac{3}{2}[[UNKNOWN]] ([[OPEN]] m[[UNKNOWN]] +[[ADDOP]] 1[[NUMBER]] )[[CLOSE]] k[[UNKNOWN]] _{(\lambda}[[POSTSUBSCRIPT]] θ[[UNKNOWN]] _{\mu_{1}...\mu_{m})}[[POSTSUBSCRIPT]] +[[ADDOP]] \frac{3}{2}[[UNKNOWN]] m[[UNKNOWN]] k[[UNKNOWN]] _{\mu_{m}}[[POSTSUBSCRIPT]] θ[[UNKNOWN]] _{\mu_{1}...\mu_{m-1\lambda})}[[POSTSUBSCRIPT]] ][[CLOSE]]
Warning:not_parsed:UNKNOWN.POSTSUBSCRIPT.POSTSUPERSCRIPT>CLOSE MathParser failed to match rule 'Anything'
	at 0302123.tex; line 529 col 8 - line 531 col 14
	In "$\displaystyle\alpha_{-1}^{\mu_{1}...\mu_{m}}\alpha_{-2}^{\lambda}\}\left|0,k%
	\right\rangle\TCItag{30}$"
	α[[UNKNOWN]] _{-1}[[POSTSUBSCRIPT]] ^{\mu_{1}...\mu_{m}}[[POSTSUPERSCRIPT]] α[[UNKNOWN]] _{-2}[[POSTSUBSCRIPT]] ^{\lambda}[[POSTSUPERSCRIPT]]
	        > \}[[CLOSE]] \left|[[VERTBAR]] 0[[NUMBER]] ,[[PUNCT]] k[[UNKNOWN]] \right\rangle[[CLOSE]] \TCItag[[UNKNOWN]] 30[[NUMBER]]
Warning:not_parsed:UNKNOWN.POSTSUBSCRIPT>OPEN MathParser failed to match rule 'Anything'
	at 0302123.tex; line 540 col 9 - line 543 col 1
	In "$\displaystyle\theta_{\mu_{1}...\mu_{m-2},\mu_{m-1}}[k_{\lambda}\alpha_{-1}^{%
	\lambda\mu_{1}...\mu_{m-2}}\alpha_{-2}^{\mu_{m-1}}+(m-2)\alpha_{-1}^{\mu_{1}..%
	.\mu_{m-3}}\alpha_{-2}^{\mu_{m-2}\mu_{m}}$"
	θ[[UNKNOWN]] _{\mu_{1}...\mu_{m-2},\mu_{m-1}}[[POSTSUBSCRIPT]]
	        > [[[OPEN]] k[[UNKNOWN]] _{\lambda}[[POSTSUBSCRIPT]] α[[UNKNOWN]] _{-1}[[POSTSUBSCRIPT]] ^{\lambda\mu_{1}...\mu_{m-2}}[[POSTSUPERSCRIPT]] α[[UNKNOWN]] _{-2}[[POSTSUBSCRIPT]] ^{\mu_{m-1}}[[POSTSUPERSCRIPT]] +[[ADDOP]] ([[OPEN]] m[[UNKNOWN]] -[[ADDOP]] 2[[NUMBER]] )[[CLOSE]] α[[UNKNOWN]] _{-1}[[POSTSUBSCRIPT]] ^{\mu_{1}...\mu_{m-3}}[[POSTSUPERSCRIPT]] α[[UNKNOWN]] _{-2}[[POSTSUBSCRIPT]] ^{\mu_{m-2}\mu_{m}}[[POSTSUPERSCRIPT]]
Warning:not_parsed:UNKNOWN.POSTSUBSCRIPT.POSTSUPERSCRIPT>CLOSE MathParser failed to match rule 'Anything'
	at 0302123.tex; line 543 col 3 - line 550 col 14
	In "$\displaystyle+2\alpha_{-1}^{\mu_{1}...\mu_{m-2}}\alpha_{-2}^{\mu_{m-1}}]\left%
	|0,k\right\rangle,\hskip 2.845276pt\raisebox{4.3362pt}{\framebox{\rule[1.13811%
	pt]{1.13811pt}{0.0pt}}}\raisebox{-3.39669pt}{\framebox{\rule[1.13811pt]{1.1381%
	1pt}{0.0pt}}}\hskip 0.569055pt\raisebox{4.3362pt}{\framebox{......\rule[0.2845%
	28pt]{5.121496pt}{0.0pt}}}\raisebox{4.3362pt}{\framebox{\rule[1.13811pt]{1.138%
	11pt}{0.0pt}}}\TCItag{31}$"
	+[[ADDOP]] 2[[NUMBER]] α[[UNKNOWN]] _{-1}[[POSTSUBSCRIPT]] ^{\mu_{1}...\mu_{m-2}}[[POSTSUPERSCRIPT]] α[[UNKNOWN]] _{-2}[[POSTSUBSCRIPT]] ^{\mu_{m-1}}[[POSTSUPERSCRIPT]]
	        > ][[CLOSE]] \left|[[VERTBAR]] 0[[NUMBER]] ,[[PUNCT]] k[[UNKNOWN]] \right\rangle[[CLOSE]] ,[[PUNCT]] \raisebox{4.3362pt}{\framebox{\rule[1.13811pt]{1.13811pt}{0.0pt}}}\raisebox{-3.39669pt}{\framebox{\rule[1.13811pt]{1.13811pt}{0.0pt}}}\raisebox{4.3362pt}{\framebox{\rule[1.13811pt]{1.13811pt}{0.0pt}}}\raisebox{-3.39669pt}{\framebox{\rule[1.13811pt]{1.13811pt}{0.0pt}}}[[UNKNOWN]] \raisebox{4.3362pt}{\framebox{......\rule[0.284528pt]{5.121496pt}{0.0pt}}}\raisebox{4.3362pt}{\framebox{\rule[1.13811pt]{1.13811pt}{0.0pt}}}\TCItag\raisebox{4.3362pt}{\framebox{......\rule[0.284528pt]{5.121496pt}{0.0pt}}}\raisebox{4.3362pt}{\framebox{\rule[1.13811pt]{1.13811pt}{0.0pt}}}\TCItag[[UNKNOWN]] 31[[NUMBER]]
Warning:not_parsed:UNKNOWN.POSTSUBSCRIPT>OPEN MathParser failed to match rule 'Anything'
	at 0302123.tex; line 559 col 9 - line 563 col 1
	In "$\displaystyle\theta_{\mu_{1}...\mu_{m-2},\mu_{m-1}}[(\frac{3}{2}k_{\lambda}k_%
	{\nu}+\frac{1}{2}\eta_{\lambda\nu})\alpha_{-1}^{\mu_{1}...\mu_{m-2}\lambda\nu}%
	\alpha_{-2}^{\mu_{m-1}}+6k_{\lambda}\alpha_{-1}^{\mu_{1}...\mu_{m-2}\lambda}%
	\alpha_{-3}^{\mu_{m-1}}$"
	θ[[UNKNOWN]] _{\mu_{1}...\mu_{m-2},\mu_{m-1}}[[POSTSUBSCRIPT]]
	        > [[[OPEN]] ([[OPEN]] \frac{3}{2}[[UNKNOWN]] k[[UNKNOWN]] _{\lambda}[[POSTSUBSCRIPT]] k[[UNKNOWN]] _{\nu}[[POSTSUBSCRIPT]] +[[ADDOP]] \frac{1}{2}[[UNKNOWN]] η[[UNKNOWN]] _{\lambda\nu}[[POSTSUBSCRIPT]] )[[CLOSE]] α[[UNKNOWN]] _{-1}[[POSTSUBSCRIPT]] ^{\mu_{1}...\mu_{m-2}\lambda\nu}[[POSTSUPERSCRIPT]] α[[UNKNOWN]] _{-2}[[POSTSUBSCRIPT]] ^{\mu_{m-1}}[[POSTSUPERSCRIPT]] +[[ADDOP]] 6[[NUMBER]] k[[UNKNOWN]] _{\lambda}[[POSTSUBSCRIPT]] α[[UNKNOWN]] _{-1}[[POSTSUBSCRIPT]] ^{\mu_{1}...\mu_{m-2}\lambda}[[POSTSUPERSCRIPT]] α[[UNKNOWN]] _{-3}[[POSTSUBSCRIPT]] ^{\mu_{m-1}}[[POSTSUPERSCRIPT]]
Warning:not_parsed:UNKNOWN.POSTSUBSCRIPT.POSTSUPERSCRIPT>CLOSE MathParser failed to match rule 'Anything'
	at 0302123.tex; line 567 col 3 - line 575 col 14
	In "$\displaystyle+k_{\lambda}\alpha_{-1}^{\mu_{1}...\mu_{m-3}\lambda}\alpha_{-2}^%
	{\mu_{m-2}\mu_{m-1}}+(m-3)\alpha_{-1}^{\mu_{1}...\mu_{m-4}}\alpha_{-2}^{\mu_{m%
	-3}\mu_{m-2}\mu_{m-1}}]\left|0,k\right\rangle,\hskip 2.845276pt\raisebox{4.336%
	2pt}{\framebox{\rule[1.13811pt]{1.13811pt}{0.0pt}}}\raisebox{-3.39669pt}{%
	\framebox{\rule[1.13811pt]{1.13811pt}{0.0pt}}}\hskip 0.569055pt\raisebox{4.336%
	2pt}{\framebox{......\rule[0.284528pt]{5.121496pt}{0.0pt}}}\raisebox{4.3362pt}%
	{\framebox{\rule[1.13811pt]{1.13811pt}{0.0pt}}}\TCItag{32}$"
	+[[ADDOP]] k[[UNKNOWN]] _{\lambda}[[POSTSUBSCRIPT]] α[[UNKNOWN]] _{-1}[[POSTSUBSCRIPT]] ^{\mu_{1}...\mu_{m-3}\lambda}[[POSTSUPERSCRIPT]] α[[UNKNOWN]] _{-2}[[POSTSUBSCRIPT]] ^{\mu_{m-2}\mu_{m-1}}[[POSTSUPERSCRIPT]] +[[ADDOP]] ([[OPEN]] m[[UNKNOWN]] -[[ADDOP]] 3[[NUMBER]] )[[CLOSE]] α[[UNKNOWN]] _{-1}[[POSTSUBSCRIPT]] ^{\mu_{1}...\mu_{m-4}}[[POSTSUPERSCRIPT]] α[[UNKNOWN]] _{-2}[[POSTSUBSCRIPT]] ^{\mu_{m-3}\mu_{m-2}\mu_{m-1}}[[POSTSUPERSCRIPT]]
	        > ][[CLOSE]] \left|[[VERTBAR]] 0[[NUMBER]] ,[[PUNCT]] k[[UNKNOWN]] \right\rangle[[CLOSE]] ,[[PUNCT]] \raisebox{4.3362pt}{\framebox{\rule[1.13811pt]{1.13811pt}{0.0pt}}}\raisebox{-3.39669pt}{\framebox{\rule[1.13811pt]{1.13811pt}{0.0pt}}}\raisebox{4.3362pt}{\framebox{\rule[1.13811pt]{1.13811pt}{0.0pt}}}\raisebox{-3.39669pt}{\framebox{\rule[1.13811pt]{1.13811pt}{0.0pt}}}[[UNKNOWN]] \raisebox{4.3362pt}{\framebox{......\rule[0.284528pt]{5.121496pt}{0.0pt}}}\raisebox{4.3362pt}{\framebox{\rule[1.13811pt]{1.13811pt}{0.0pt}}}\TCItag\raisebox{4.3362pt}{\framebox{......\rule[0.284528pt]{5.121496pt}{0.0pt}}}\raisebox{4.3362pt}{\framebox{\rule[1.13811pt]{1.13811pt}{0.0pt}}}\TCItag[[UNKNOWN]] 32[[NUMBER]]
Warning:not_parsed:UNKNOWN.POSTSUBSCRIPT>OPEN MathParser failed to match rule 'Anything'
	at 0302123.tex; line 583 col 9 - line 587 col 1
	In "$\displaystyle\theta_{\mu_{1}...\mu_{m-4},\mu_{m-3}\mu_{m-2}}[k_{\lambda}%
	\alpha_{-1}^{\lambda\mu_{1}...\mu_{m-4}}\alpha_{-2}^{\mu_{m-3}\mu_{m-2}}+(m-4)%
	\alpha_{-1}^{\mu_{1}...\mu_{m-3}}\alpha_{-2}^{\mu_{m-4}\mu_{m-3}\mu_{m-2}}$"
	θ[[UNKNOWN]] _{\mu_{1}...\mu_{m-4},\mu_{m-3}\mu_{m-2}}[[POSTSUBSCRIPT]]
	        > [[[OPEN]] k[[UNKNOWN]] _{\lambda}[[POSTSUBSCRIPT]] α[[UNKNOWN]] _{-1}[[POSTSUBSCRIPT]] ^{\lambda\mu_{1}...\mu_{m-4}}[[POSTSUPERSCRIPT]] α[[UNKNOWN]] _{-2}[[POSTSUBSCRIPT]] ^{\mu_{m-3}\mu_{m-2}}[[POSTSUPERSCRIPT]] +[[ADDOP]] ([[OPEN]] m[[UNKNOWN]] -[[ADDOP]] 4[[NUMBER]] )[[CLOSE]] α[[UNKNOWN]] _{-1}[[POSTSUBSCRIPT]] ^{\mu_{1}...\mu_{m-3}}[[POSTSUPERSCRIPT]] α[[UNKNOWN]] _{-2}[[POSTSUBSCRIPT]] ^{\mu_{m-4}\mu_{m-3}\mu_{m-2}}[[POSTSUPERSCRIPT]]
Warning:not_parsed:UNKNOWN.POSTSUBSCRIPT.POSTSUPERSCRIPT>CLOSE MathParser failed to match rule 'Anything'
	at 0302123.tex; line 587 col 3 - line 596 col 14
	In "$\displaystyle+\frac{16}{3}\alpha_{-1}^{\mu_{1}...\mu_{m-4}}\alpha_{-3}^{\mu_{%
	m-3}}\alpha_{-2}^{\mu_{m-2}}+\frac{4}{3}k_{\lambda}\alpha_{-1}^{\lambda\mu_{1}%
	...\mu_{m-3}}\alpha_{-3}^{\mu_{m-2}}+4\alpha_{-1}^{\mu_{1}...\mu_{m-3}}\alpha_%
	{-4}^{\mu_{m-4}}],\hskip 2.845276pt\raisebox{4.3362pt}{\framebox{\rule[1.13811%
	pt]{1.13811pt}{0.0pt}}}\raisebox{-3.39669pt}{\framebox{\rule[1.13811pt]{1.1381%
	1pt}{0.0pt}}}\hskip 0.569055pt\raisebox{4.3362pt}{\framebox{......\rule[0.2845%
	28pt]{5.121496pt}{0.0pt}}}\raisebox{4.3362pt}{\framebox{\rule[1.13811pt]{1.138%
	11pt}{0.0pt}}}\TCItag{33}$"
	+[[ADDOP]] \frac{16}{3}[[UNKNOWN]] α[[UNKNOWN]] _{-1}[[POSTSUBSCRIPT]] ^{\mu_{1}...\mu_{m-4}}[[POSTSUPERSCRIPT]] α[[UNKNOWN]] _{-3}[[POSTSUBSCRIPT]] ^{\mu_{m-3}}[[POSTSUPERSCRIPT]] α[[UNKNOWN]] _{-2}[[POSTSUBSCRIPT]] ^{\mu_{m-2}}[[POSTSUPERSCRIPT]] +[[ADDOP]] \frac{4}{3}[[UNKNOWN]] k[[UNKNOWN]] _{\lambda}[[POSTSUBSCRIPT]] α[[UNKNOWN]] _{-1}[[POSTSUBSCRIPT]] ^{\lambda\mu_{1}...\mu_{m-3}}[[POSTSUPERSCRIPT]] α[[UNKNOWN]] _{-3}[[POSTSUBSCRIPT]] ^{\mu_{m-2}}[[POSTSUPERSCRIPT]] +[[ADDOP]] 4[[NUMBER]] α[[UNKNOWN]] _{-1}[[POSTSUBSCRIPT]] ^{\mu_{1}...\mu_{m-3}}[[POSTSUPERSCRIPT]] α[[UNKNOWN]] _{-4}[[POSTSUBSCRIPT]] ^{\mu_{m-4}}[[POSTSUPERSCRIPT]]
	        > ][[CLOSE]] ,[[PUNCT]] \raisebox{4.3362pt}{\framebox{\rule[1.13811pt]{1.13811pt}{0.0pt}}}\raisebox{-3.39669pt}{\framebox{\rule[1.13811pt]{1.13811pt}{0.0pt}}}\raisebox{4.3362pt}{\framebox{\rule[1.13811pt]{1.13811pt}{0.0pt}}}\raisebox{-3.39669pt}{\framebox{\rule[1.13811pt]{1.13811pt}{0.0pt}}}[[UNKNOWN]] \raisebox{4.3362pt}{\framebox{......\rule[0.284528pt]{5.121496pt}{0.0pt}}}\raisebox{4.3362pt}{\framebox{\rule[1.13811pt]{1.13811pt}{0.0pt}}}\TCItag\raisebox{4.3362pt}{\framebox{......\rule[0.284528pt]{5.121496pt}{0.0pt}}}\raisebox{4.3362pt}{\framebox{\rule[1.13811pt]{1.13811pt}{0.0pt}}}\TCItag[[UNKNOWN]] 33[[NUMBER]]
Warning:not_parsed:OPEN.UNKNOWN> MathParser failed to match rule 'Subscript'
	at 0302123.tex; line 606 col 55 - line 606 col 55
	In "$\displaystyle L_{-1}\theta_{\mu_{1}...\mu_{m}}(\frac{m}{m+1}k_{\lambda}\alpha%
	_{-1}^{\lambda\mu_{1}...\mu_{m}}+\alpha_{-2}^{\mu_{1}}\alpha_{-1}^{\mu_{2}...%
	\mu_{m}})\left|0,k\right\rangle=[\frac{m}{m+1}k_{\nu}k_{\lambda}\theta_{\mu_{1%
	}...\mu_{m}}\alpha_{-1}^{\nu\lambda\mu_{1}...\mu_{m}}+m(k_{(\lambda}\theta_{%
	\mu_{1}...\mu_{m)}}+k_{\lambda}\theta_{\mu_{1}...\mu_{m}})\alpha_{-2}^{\mu_{1}%
	}\alpha_{-1}^{\lambda\mu_{2}...\mu_{m}}+m(m-1)\theta_{\mu_{1}...\mu_{m}}\alpha%
	_{-2}^{\mu_{1}\mu_{2}}\alpha_{-1}^{\mu_{3}...\mu_{m}}+2m\theta_{\mu_{1}...\mu_%
	{m}}\alpha_{-3}^{\mu_{1}}\alpha_{-1}^{\mu_{2}...\mu_{m}}]\left|0,k\right%
	\rangle,\TCItag{34}\@@ENDINLINEMATH"
	([[OPEN]] λ[[UNKNOWN]]
	        > 
Warning:not_parsed:UNKNOWN>CLOSE MathParser failed to match rule 'Subscript'
	at 0302123.tex; line 607 col 16 - line 607 col 16
	m[[UNKNOWN]]
	        > )[[CLOSE]]
Warning:not_parsed:OPEN.UNKNOWN> MathParser failed to match rule 'Subscript'
	at 0302123.tex; line 606 col 55 - line 606 col 55
	In "$\displaystyle[\frac{m}{m+1}k_{\nu}k_{\lambda}\theta_{\mu_{1}...\mu_{m}}\alpha%
	_{-1}^{\nu\lambda\mu_{1}...\mu_{m}}+m(k_{(\lambda}\theta_{\mu_{1}...\mu_{m)}}+%
	k_{\lambda}\theta_{\mu_{1}...\mu_{m}})\alpha_{-2}^{\mu_{1}}\alpha_{-1}^{%
	\lambda\mu_{2}...\mu_{m}}$"
	([[OPEN]] λ[[UNKNOWN]]
	        > 
Warning:not_parsed:UNKNOWN>CLOSE MathParser failed to match rule 'Subscript'
	at 0302123.tex; line 607 col 16 - line 607 col 16
	m[[UNKNOWN]]
	        > )[[CLOSE]]
Warning:not_parsed:>OPEN MathParser failed to match rule 'Anything'
	at 0302123.tex; line 605 col 4 - line 609 col 1
	> [[[OPEN]] \frac{m}{m+1}[[UNKNOWN]] k[[UNKNOWN]] _{\nu}[[POSTSUBSCRIPT]] k[[UNKNOWN]] _{\lambda}[[POSTSUBSCRIPT]] θ[[UNKNOWN]] _{\mu_{1}...\mu_{m}}[[POSTSUBSCRIPT]] α[[UNKNOWN]] _{-1}[[POSTSUBSCRIPT]] ^{\nu\lambda\mu_{1}...\mu_{m}}[[POSTSUPERSCRIPT]] +[[ADDOP]] m[[UNKNOWN]] ([[OPEN]] k[[UNKNOWN]] _{(\lambda}[[POSTSUBSCRIPT]] θ[[UNKNOWN]] _{\mu_{1}...\mu_{m)}}[[POSTSUBSCRIPT]] +[[ADDOP]] k[[UNKNOWN]] _{\lambda}[[POSTSUBSCRIPT]] θ[[UNKNOWN]] _{\mu_{1}...\mu_{m}}[[POSTSUBSCRIPT]] )[[CLOSE]] α[[UNKNOWN]] _{-2}[[POSTSUBSCRIPT]] ^{\mu_{1}}[[POSTSUPERSCRIPT]] α[[UNKNOWN]] _{-1}[[POSTSUBSCRIPT]] ^{\lambda\mu_{2}...\mu_{m}}[[POSTSUPERSCRIPT]]
Warning:not_parsed:UNKNOWN.POSTSUBSCRIPT.POSTSUPERSCRIPT>CLOSE MathParser failed to match rule 'Anything'
	at 0302123.tex; line 609 col 3 - line 613 col 14
	In "$\displaystyle+m(m-1)\theta_{\mu_{1}...\mu_{m}}\alpha_{-2}^{\mu_{1}\mu_{2}}%
	\alpha_{-1}^{\mu_{3}...\mu_{m}}+2m\theta_{\mu_{1}...\mu_{m}}\alpha_{-3}^{\mu_{%
	1}}\alpha_{-1}^{\mu_{2}...\mu_{m}}]\left|0,k\right\rangle,\TCItag{34}$"
	+[[ADDOP]] m[[UNKNOWN]] ([[OPEN]] m[[UNKNOWN]] -[[ADDOP]] 1[[NUMBER]] )[[CLOSE]] θ[[UNKNOWN]] _{\mu_{1}...\mu_{m}}[[POSTSUBSCRIPT]] α[[UNKNOWN]] _{-2}[[POSTSUBSCRIPT]] ^{\mu_{1}\mu_{2}}[[POSTSUPERSCRIPT]] α[[UNKNOWN]] _{-1}[[POSTSUBSCRIPT]] ^{\mu_{3}...\mu_{m}}[[POSTSUPERSCRIPT]] +[[ADDOP]] 2[[NUMBER]] m[[UNKNOWN]] θ[[UNKNOWN]] _{\mu_{1}...\mu_{m}}[[POSTSUBSCRIPT]] α[[UNKNOWN]] _{-3}[[POSTSUBSCRIPT]] ^{\mu_{1}}[[POSTSUPERSCRIPT]] α[[UNKNOWN]] _{-1}[[POSTSUBSCRIPT]] ^{\mu_{2}...\mu_{m}}[[POSTSUPERSCRIPT]]
	        > ][[CLOSE]] \left|[[VERTBAR]] 0[[NUMBER]] ,[[PUNCT]] k[[UNKNOWN]] \right\rangle[[CLOSE]] ,[[PUNCT]] \TCItag[[UNKNOWN]] 34[[NUMBER]]
Warning:not_parsed:OPEN.UNKNOWN> MathParser failed to match rule 'Superscript'
	at 0302123.tex; line 647 col 13 - line 647 col 13
	In "$\alpha_{-1}^{[\mu}\alpha_{-2}^{\nu]}$"
	[[[OPEN]] μ[[UNKNOWN]]
	        > 
Warning:not_parsed:UNKNOWN>CLOSE MathParser failed to match rule 'Superscript'
	at 0302123.tex; line 647 col 33 - line 647 col 33
	ν[[UNKNOWN]]
	        > ][[CLOSE]]
Warning:not_parsed:OPEN.UNKNOWN> MathParser failed to match rule 'Subscript'
	at 0302123.tex; line 677 col 14 - line 677 col 14
	In "$\displaystyle A_{\mu\nu\lambda\gamma}=\epsilon_{\mu\nu\lambda\gamma}+k_{(%
	\gamma}\epsilon_{\mu\nu\lambda)}+,k_{(\mu}k_{\nu}\overline{\epsilon}_{\lambda%
	\gamma)}+\eta_{(\mu\nu}\epsilon_{\lambda\gamma)}+k_{(\mu}\eta_{\nu\lambda}%
	\overline{\epsilon}_{\gamma)}+k_{(\mu}k_{\nu}k_{\lambda}\epsilon_{\gamma)}+k_{%
	(\mu}k_{\nu}k_{\lambda}k_{\gamma)}\widehat{\epsilon}+k_{(\mu}k_{\nu}\eta_{%
	\lambda\gamma)}\overline{\epsilon}+\eta_{(\mu\nu}\eta_{\lambda\gamma)}\epsilon%
	\TCItag{38}\@@ENDINLINEMATH"
	([[OPEN]] γ[[UNKNOWN]]
	        > 
Warning:not_parsed:UNKNOWN.UNKNOWN.UNKNOWN>CLOSE MathParser failed to match rule 'Subscript'
	at 0302123.tex; line 677 col 43 - line 677 col 43
	μ[[UNKNOWN]] ν[[UNKNOWN]] λ[[UNKNOWN]]
	        > )[[CLOSE]]
Warning:not_parsed:OPEN.UNKNOWN> MathParser failed to match rule 'Subscript'
	at 0302123.tex; line 677 col 54 - line 677 col 54
	([[OPEN]] μ[[UNKNOWN]]
	        > 
Warning:not_parsed:UNKNOWN.UNKNOWN>CLOSE MathParser failed to match rule 'Subscript'
	at 0302123.tex; line 678 col 29 - line 678 col 29
	λ[[UNKNOWN]] γ[[UNKNOWN]]
	        > )[[CLOSE]]
Warning:not_parsed:OPEN.UNKNOWN.UNKNOWN> MathParser failed to match rule 'Subscript'
	at 0302123.tex; line 678 col 47 - line 678 col 47
	([[OPEN]] μ[[UNKNOWN]] ν[[UNKNOWN]]
	        > 
Warning:not_parsed:UNKNOWN.UNKNOWN>CLOSE MathParser failed to match rule 'Subscript'
	at 0302123.tex; line 679 col 2 - line 679 col 2
	λ[[UNKNOWN]] γ[[UNKNOWN]]
	        > )[[CLOSE]]
Warning:not_parsed:OPEN.UNKNOWN> MathParser failed to match rule 'Subscript'
	at 0302123.tex; line 679 col 12 - line 679 col 12
	([[OPEN]] μ[[UNKNOWN]]
	        > 
Warning:not_parsed:UNKNOWN>CLOSE MathParser failed to match rule 'Subscript'
	at 0302123.tex; line 679 col 63 - line 679 col 63
	γ[[UNKNOWN]]
	        > )[[CLOSE]]
Warning:not_parsed:OPEN.UNKNOWN> MathParser failed to match rule 'Subscript'
	at 0302123.tex; line 680 col 12 - line 680 col 12
	([[OPEN]] μ[[UNKNOWN]]
	        > 
Warning:not_parsed:UNKNOWN>CLOSE MathParser failed to match rule 'Subscript'
	at 0302123.tex; line 680 col 52 - line 680 col 52
	γ[[UNKNOWN]]
	        > )[[CLOSE]]
Warning:not_parsed:OPEN.UNKNOWN> MathParser failed to match rule 'Subscript'
	at 0302123.tex; line 680 col 62 - line 680 col 62
	([[OPEN]] μ[[UNKNOWN]]
	        > 
Warning:not_parsed:UNKNOWN>CLOSE MathParser failed to match rule 'Subscript'
	at 0302123.tex; line 681 col 25 - line 681 col 25
	γ[[UNKNOWN]]
	        > )[[CLOSE]]
Warning:not_parsed:OPEN.UNKNOWN> MathParser failed to match rule 'Subscript'
	at 0302123.tex; line 681 col 54 - line 681 col 54
	([[OPEN]] μ[[UNKNOWN]]
	        > 
Warning:not_parsed:UNKNOWN.UNKNOWN>CLOSE MathParser failed to match rule 'Subscript'
	at 0302123.tex; line 682 col 9 - line 682 col 9
	λ[[UNKNOWN]] γ[[UNKNOWN]]
	        > )[[CLOSE]]
Warning:not_parsed:OPEN.UNKNOWN.UNKNOWN> MathParser failed to match rule 'Subscript'
	at 0302123.tex; line 682 col 47 - line 682 col 47
	([[OPEN]] μ[[UNKNOWN]] ν[[UNKNOWN]]
	        > 
Warning:not_parsed:UNKNOWN.UNKNOWN>CLOSE MathParser failed to match rule 'Subscript'
	at 0302123.tex; line 683 col 2 - line 683 col 2
	λ[[UNKNOWN]] γ[[UNKNOWN]]
	        > )[[CLOSE]]
Warning:not_parsed:OPEN.UNKNOWN> MathParser failed to match rule 'Subscript'
	at 0302123.tex; line 677 col 14 - line 677 col 14
	In "$\displaystyle\epsilon_{\mu\nu\lambda\gamma}+k_{(\gamma}\epsilon_{\mu\nu%
	\lambda)}+,k_{(\mu}k_{\nu}\overline{\epsilon}_{\lambda\gamma)}+\eta_{(\mu\nu}%
	\epsilon_{\lambda\gamma)}+k_{(\mu}\eta_{\nu\lambda}\overline{\epsilon}_{\gamma%
	)}$"
	([[OPEN]] γ[[UNKNOWN]]
	        > 
Warning:not_parsed:UNKNOWN.UNKNOWN.UNKNOWN>CLOSE MathParser failed to match rule 'Subscript'
	at 0302123.tex; line 677 col 43 - line 677 col 43
	μ[[UNKNOWN]] ν[[UNKNOWN]] λ[[UNKNOWN]]
	        > )[[CLOSE]]
Warning:not_parsed:OPEN.UNKNOWN> MathParser failed to match rule 'Subscript'
	at 0302123.tex; line 677 col 54 - line 677 col 54
	([[OPEN]] μ[[UNKNOWN]]
	        > 
Warning:not_parsed:UNKNOWN.UNKNOWN>CLOSE MathParser failed to match rule 'Subscript'
	at 0302123.tex; line 678 col 29 - line 678 col 29
	λ[[UNKNOWN]] γ[[UNKNOWN]]
	        > )[[CLOSE]]
Warning:not_parsed:OPEN.UNKNOWN.UNKNOWN> MathParser failed to match rule 'Subscript'
	at 0302123.tex; line 678 col 47 - line 678 col 47
	([[OPEN]] μ[[UNKNOWN]] ν[[UNKNOWN]]
	        > 
Warning:not_parsed:UNKNOWN.UNKNOWN>CLOSE MathParser failed to match rule 'Subscript'
	at 0302123.tex; line 679 col 2 - line 679 col 2
	λ[[UNKNOWN]] γ[[UNKNOWN]]
	        > )[[CLOSE]]
Warning:not_parsed:OPEN.UNKNOWN> MathParser failed to match rule 'Subscript'
	at 0302123.tex; line 679 col 12 - line 679 col 12
	([[OPEN]] μ[[UNKNOWN]]
	        > 
Warning:not_parsed:UNKNOWN>CLOSE MathParser failed to match rule 'Subscript'
	at 0302123.tex; line 679 col 63 - line 679 col 63
	γ[[UNKNOWN]]
	        > )[[CLOSE]]
Warning:not_parsed:OPEN.UNKNOWN> MathParser failed to match rule 'Subscript'
	at 0302123.tex; line 680 col 12 - line 680 col 12
	In "$\displaystyle+k_{(\mu}k_{\nu}k_{\lambda}\epsilon_{\gamma)}+k_{(\mu}k_{\nu}k_{%
	\lambda}k_{\gamma)}\widehat{\epsilon}+k_{(\mu}k_{\nu}\eta_{\lambda\gamma)}%
	\overline{\epsilon}+\eta_{(\mu\nu}\eta_{\lambda\gamma)}\epsilon\TCItag{38}$"
	([[OPEN]] μ[[UNKNOWN]]
	        > 
Warning:not_parsed:UNKNOWN>CLOSE MathParser failed to match rule 'Subscript'
	at 0302123.tex; line 680 col 52 - line 680 col 52
	γ[[UNKNOWN]]
	        > )[[CLOSE]]
Warning:not_parsed:OPEN.UNKNOWN> MathParser failed to match rule 'Subscript'
	at 0302123.tex; line 680 col 62 - line 680 col 62
	([[OPEN]] μ[[UNKNOWN]]
	        > 
Warning:not_parsed:UNKNOWN>CLOSE MathParser failed to match rule 'Subscript'
	at 0302123.tex; line 681 col 25 - line 681 col 25
	γ[[UNKNOWN]]
	        > )[[CLOSE]]
Warning:not_parsed:OPEN.UNKNOWN> MathParser failed to match rule 'Subscript'
	at 0302123.tex; line 681 col 54 - line 681 col 54
	([[OPEN]] μ[[UNKNOWN]]
	        > 
Warning:not_parsed:UNKNOWN.UNKNOWN>CLOSE MathParser failed to match rule 'Subscript'
	at 0302123.tex; line 682 col 9 - line 682 col 9
	λ[[UNKNOWN]] γ[[UNKNOWN]]
	        > )[[CLOSE]]
Warning:not_parsed:OPEN.UNKNOWN.UNKNOWN> MathParser failed to match rule 'Subscript'
	at 0302123.tex; line 682 col 47 - line 682 col 47
	([[OPEN]] μ[[UNKNOWN]] ν[[UNKNOWN]]
	        > 
Warning:not_parsed:UNKNOWN.UNKNOWN>CLOSE MathParser failed to match rule 'Subscript'
	at 0302123.tex; line 683 col 2 - line 683 col 2
	λ[[UNKNOWN]] γ[[UNKNOWN]]
	        > )[[CLOSE]]
Warning:not_parsed:OPEN.UNKNOWN.UNKNOWN> MathParser failed to match rule 'Subscript'
	at 0302123.tex; line 696 col 25 - line 696 col 25
	In "$\eta_{(\mu\nu}^{T}\epsilon_{\lambda\gamma)}$"
	([[OPEN]] μ[[UNKNOWN]] ν[[UNKNOWN]]
	        > 
Warning:not_parsed:UNKNOWN.UNKNOWN>CLOSE MathParser failed to match rule 'Subscript'
	at 0302123.tex; line 696 col 57 - line 696 col 57
	λ[[UNKNOWN]] γ[[UNKNOWN]]
	        > )[[CLOSE]]
Warning:not_parsed:OPEN.UNKNOWN.UNKNOWN> MathParser failed to match rule 'Subscript'
	at 0302123.tex; line 697 col 5 - line 697 col 5
	In "$\eta_{(\mu\nu}^{T}\eta_{\lambda\gamma)}^{T}\epsilon,$"
	([[OPEN]] μ[[UNKNOWN]] ν[[UNKNOWN]]
	        > 
Warning:not_parsed:UNKNOWN.UNKNOWN>CLOSE MathParser failed to match rule 'Subscript'
	at 0302123.tex; line 697 col 33 - line 697 col 33
	λ[[UNKNOWN]] γ[[UNKNOWN]]
	        > )[[CLOSE]]
Warning:not_parsed:OPEN.UNKNOWN> MathParser failed to match rule 'Superscript'
	at 0302123.tex; line 710 col 21 - line 710 col 21
	In "$\displaystyle T^{\mu\nu\lambda\gamma}=\frac{\Gamma(-\frac{s}{2}-1)\Gamma(-%
	\frac{t}{2}-1)}{\Gamma(\frac{u}{2}+2)}[(\frac{s^{2}}{4}-s)(\frac{s^{2}}{4}-1)k%
	_{3}^{\mu}k_{3}^{\nu}k_{3}^{\lambda}k_{3}^{\gamma}-t(\frac{t^{2}}{4}-1)(s+2)k_%
	{1}^{(\mu}k_{1}^{\nu}k_{1}^{\lambda}k_{3}^{\gamma)}+\frac{3st}{2}(\frac{s}{2}+%
	1)(\frac{t}{2}+1)k_{1}^{(\mu}k_{1}^{\nu}k_{3}^{\lambda}k_{3}^{\gamma)}-s(\frac%
	{s^{2}}{4}-1)(t+2)k_{1}^{(\mu}k_{3}^{\nu}k_{3}^{\lambda}k_{3}^{\gamma)}+(\frac%
	{t^{2}}{4}-t)(\frac{t^{2}}{4}-1)k_{1}^{\mu}k_{1}^{\nu}k_{1}^{\lambda}k_{1}^{%
	\gamma}],\TCItag{39}\@@ENDINLINEMATH"
	([[OPEN]] μ[[UNKNOWN]]
	        > 
Warning:not_parsed:UNKNOWN>CLOSE MathParser failed to match rule 'Superscript'
	at 0302123.tex; line 710 col 65 - line 710 col 65
	γ[[UNKNOWN]]
	        > )[[CLOSE]]
Warning:not_parsed:OPEN.UNKNOWN> MathParser failed to match rule 'Superscript'
	at 0302123.tex; line 711 col 59 - line 711 col 59
	([[OPEN]] μ[[UNKNOWN]]
	        > 
Warning:not_parsed:UNKNOWN>CLOSE MathParser failed to match rule 'Superscript'
	at 0302123.tex; line 712 col 33 - line 712 col 33
	γ[[UNKNOWN]]
	        > )[[CLOSE]]
Warning:not_parsed:OPEN.UNKNOWN> MathParser failed to match rule 'Superscript'
	at 0302123.tex; line 713 col 1 - line 713 col 1
	([[OPEN]] μ[[UNKNOWN]]
	        > 
Warning:not_parsed:UNKNOWN>CLOSE MathParser failed to match rule 'Superscript'
	at 0302123.tex; line 713 col 45 - line 713 col 45
	γ[[UNKNOWN]]
	        > )[[CLOSE]]
Warning:not_parsed:OPEN.UNKNOWN> MathParser failed to match rule 'Superscript'
	at 0302123.tex; line 710 col 21 - line 710 col 21
	In "$\displaystyle\frac{\Gamma(-\frac{s}{2}-1)\Gamma(-\frac{t}{2}-1)}{\Gamma(\frac%
	{u}{2}+2)}[(\frac{s^{2}}{4}-s)(\frac{s^{2}}{4}-1)k_{3}^{\mu}k_{3}^{\nu}k_{3}^{%
	\lambda}k_{3}^{\gamma}-t(\frac{t^{2}}{4}-1)(s+2)k_{1}^{(\mu}k_{1}^{\nu}k_{1}^{%
	\lambda}k_{3}^{\gamma)}$"
	([[OPEN]] μ[[UNKNOWN]]
	        > 
Warning:not_parsed:UNKNOWN>CLOSE MathParser failed to match rule 'Superscript'
	at 0302123.tex; line 710 col 65 - line 710 col 65
	γ[[UNKNOWN]]
	        > )[[CLOSE]]
Warning:not_parsed:ATOM>OPEN MathParser failed to match rule 'Anything'
	at 0302123.tex; line 707 col 36 - line 711 col 1
	\frac{\Gamma(-\frac{s}{2}-1)\Gamma(-\frac{t}{2}-1)}{\Gamma(\frac{u}{2}+2)}[[UNKNOWN]]
	        > [[[OPEN]] ([[OPEN]] \frac{s^{2}}{4}[[UNKNOWN]] -[[ADDOP]] s[[UNKNOWN]] )[[CLOSE]] ([[OPEN]] \frac{s^{2}}{4}[[UNKNOWN]] -[[ADDOP]] 1[[NUMBER]] )[[CLOSE]] k[[UNKNOWN]] _{3}[[POSTSUBSCRIPT]] ^{\mu}[[POSTSUPERSCRIPT]] k[[UNKNOWN]] _{3}[[POSTSUBSCRIPT]] ^{\nu}[[POSTSUPERSCRIPT]] k[[UNKNOWN]] _{3}[[POSTSUBSCRIPT]] ^{\lambda}[[POSTSUPERSCRIPT]] k[[UNKNOWN]] _{3}[[POSTSUBSCRIPT]] ^{\gamma}[[POSTSUPERSCRIPT]] -[[ADDOP]] t[[UNKNOWN]] ([[OPEN]] \frac{t^{2}}{4}[[UNKNOWN]] -[[ADDOP]] 1[[NUMBER]] )[[CLOSE]] ([[OPEN]] s[[UNKNOWN]] +[[ADDOP]] 2[[NUMBER]] )[[CLOSE]] k[[UNKNOWN]] _{1}[[POSTSUBSCRIPT]] ^{(\mu}[[POSTSUPERSCRIPT]] k[[UNKNOWN]] _{1}[[POSTSUBSCRIPT]] ^{\nu}[[POSTSUPERSCRIPT]] k[[UNKNOWN]] _{1}[[POSTSUBSCRIPT]] ^{\lambda}[[POSTSUPERSCRIPT]] k[[UNKNOWN]] _{3}[[POSTSUBSCRIPT]] ^{\gamma)}[[POSTSUPERSCRIPT]]
Warning:not_parsed:OPEN.UNKNOWN> MathParser failed to match rule 'Superscript'
	at 0302123.tex; line 711 col 59 - line 711 col 59
	In "$\displaystyle+\frac{3st}{2}(\frac{s}{2}+1)(\frac{t}{2}+1)k_{1}^{(\mu}k_{1}^{%
	\nu}k_{3}^{\lambda}k_{3}^{\gamma)}-s(\frac{s^{2}}{4}-1)(t+2)k_{1}^{(\mu}k_{3}^%
	{\nu}k_{3}^{\lambda}k_{3}^{\gamma)}$"
	([[OPEN]] μ[[UNKNOWN]]
	        > 
Warning:not_parsed:UNKNOWN>CLOSE MathParser failed to match rule 'Superscript'
	at 0302123.tex; line 712 col 33 - line 712 col 33
	γ[[UNKNOWN]]
	        > )[[CLOSE]]
Warning:not_parsed:OPEN.UNKNOWN> MathParser failed to match rule 'Superscript'
	at 0302123.tex; line 713 col 1 - line 713 col 1
	([[OPEN]] μ[[UNKNOWN]]
	        > 
Warning:not_parsed:UNKNOWN>CLOSE MathParser failed to match rule 'Superscript'
	at 0302123.tex; line 713 col 45 - line 713 col 45
	γ[[UNKNOWN]]
	        > )[[CLOSE]]
Warning:not_parsed:UNKNOWN.POSTSUBSCRIPT.POSTSUPERSCRIPT>CLOSE MathParser failed to match rule 'Anything'
	at 0302123.tex; line 714 col 3 - line 716 col 14
	In "$\displaystyle+(\frac{t^{2}}{4}-t)(\frac{t^{2}}{4}-1)k_{1}^{\mu}k_{1}^{\nu}k_{%
	1}^{\lambda}k_{1}^{\gamma}],\TCItag{39}$"
	+[[ADDOP]] ([[OPEN]] \frac{t^{2}}{4}[[UNKNOWN]] -[[ADDOP]] t[[UNKNOWN]] )[[CLOSE]] ([[OPEN]] \frac{t^{2}}{4}[[UNKNOWN]] -[[ADDOP]] 1[[NUMBER]] )[[CLOSE]] k[[UNKNOWN]] _{1}[[POSTSUBSCRIPT]] ^{\mu}[[POSTSUPERSCRIPT]] k[[UNKNOWN]] _{1}[[POSTSUBSCRIPT]] ^{\nu}[[POSTSUPERSCRIPT]] k[[UNKNOWN]] _{1}[[POSTSUBSCRIPT]] ^{\lambda}[[POSTSUPERSCRIPT]] k[[UNKNOWN]] _{1}[[POSTSUBSCRIPT]] ^{\gamma}[[POSTSUPERSCRIPT]]
	        > ][[CLOSE]] ,[[PUNCT]] \TCItag[[UNKNOWN]] 39[[NUMBER]]
Warning:not_parsed:OPEN.UNKNOWN.UNKNOWN> MathParser failed to match rule 'Superscript'
	at 0302123.tex; line 738 col 59 - line 738 col 59
	In "$\alpha_{-1}^{(\mu\nu}\alpha_{-2}^{\lambda)}$"
	([[OPEN]] μ[[UNKNOWN]] ν[[UNKNOWN]]
	        > 
Warning:not_parsed:UNKNOWN>CLOSE MathParser failed to match rule 'Superscript'
	at 0302123.tex; line 739 col 17 - line 739 col 17
	λ[[UNKNOWN]]
	        > )[[CLOSE]]
Warning:not_parsed:>OPEN MathParser failed to match rule 'Anything'
	at 0302123.tex; line 747 col 3 - line 747 col 3
	In "$\displaystyle[-(\eta_{\mu\nu}+\frac{13}{3}k_{\mu}k_{\nu})\alpha_{-2}^{\mu\nu}%
	+-i(\frac{20}{9}k_{\mu}k_{\nu}k_{\rho}+\frac{2}{3}k_{\mu}\eta_{\nu\rho}+\frac{%
	13}{3}k_{\rho}\eta_{\mu\nu})\alpha_{-1}^{\mu\nu}\alpha{}_{-2}^{\rho}\@@ENDINLINEMATH"
	> [[[OPEN]] -[[ADDOP]] ([[OPEN]] η[[UNKNOWN]] _{\mu\nu}[[POSTSUBSCRIPT]] +[[ADDOP]] \frac{13}{3}[[UNKNOWN]] k[[UNKNOWN]] _{\mu}[[POSTSUBSCRIPT]] k[[UNKNOWN]] _{\nu}[[POSTSUBSCRIPT]] )[[CLOSE]] α[[UNKNOWN]] _{-2}[[POSTSUBSCRIPT]] ^{\mu\nu}[[POSTSUPERSCRIPT]] +[[ADDOP]] -[[ADDOP]] i[[UNKNOWN]] ([[OPEN]] \frac{20}{9}[[UNKNOWN]] k[[UNKNOWN]] _{\mu}[[POSTSUBSCRIPT]] k[[UNKNOWN]] _{\nu}[[POSTSUBSCRIPT]] k[[UNKNOWN]] _{\rho}[[POSTSUBSCRIPT]] +[[ADDOP]] \frac{2}{3}[[UNKNOWN]] k[[UNKNOWN]] _{\mu}[[POSTSUBSCRIPT]] η[[UNKNOWN]] _{\nu\rho}[[POSTSUBSCRIPT]] +[[ADDOP]] \frac{13}{3}[[UNKNOWN]] k[[UNKNOWN]] _{\rho}[[POSTSUBSCRIPT]] η[[UNKNOWN]] _{\mu\nu}[[POSTSUBSCRIPT]] )[[CLOSE]] α[[UNKNOWN]] _{-1}[[POSTSUBSCRIPT]] ^{\mu\nu}[[POSTSUPERSCRIPT]] α[[UNKNOWN]] {}_{-2}[[FLOATSUBSCRIPT]] ^{\rho}[[POSTSUPERSCRIPT]]
Warning:not_parsed:>OPEN MathParser failed to match rule 'Anything'
	at 0302123.tex; line 747 col 3 - line 751 col 1
	In "$\displaystyle[-(\eta_{\mu\nu}+\frac{13}{3}k_{\mu}k_{\nu})\alpha_{-2}^{\mu\nu}%
	+-i(\frac{20}{9}k_{\mu}k_{\nu}k_{\rho}+\frac{2}{3}k_{\mu}\eta_{\nu\rho}+\frac{%
	13}{3}k_{\rho}\eta_{\mu\nu})\alpha_{-1}^{\mu\nu}\alpha{}_{-2}^{\rho}$"
	> [[[OPEN]] -[[ADDOP]] ([[OPEN]] η[[UNKNOWN]] _{\mu\nu}[[POSTSUBSCRIPT]] +[[ADDOP]] \frac{13}{3}[[UNKNOWN]] k[[UNKNOWN]] _{\mu}[[POSTSUBSCRIPT]] k[[UNKNOWN]] _{\nu}[[POSTSUBSCRIPT]] )[[CLOSE]] α[[UNKNOWN]] _{-2}[[POSTSUBSCRIPT]] ^{\mu\nu}[[POSTSUPERSCRIPT]] +[[ADDOP]] -[[ADDOP]] i[[UNKNOWN]] ([[OPEN]] \frac{20}{9}[[UNKNOWN]] k[[UNKNOWN]] _{\mu}[[POSTSUBSCRIPT]] k[[UNKNOWN]] _{\nu}[[POSTSUBSCRIPT]] k[[UNKNOWN]] _{\rho}[[POSTSUBSCRIPT]] +[[ADDOP]] \frac{2}{3}[[UNKNOWN]] k[[UNKNOWN]] _{\mu}[[POSTSUBSCRIPT]] η[[UNKNOWN]] _{\nu\rho}[[POSTSUBSCRIPT]] +[[ADDOP]] \frac{13}{3}[[UNKNOWN]] k[[UNKNOWN]] _{\rho}[[POSTSUBSCRIPT]] η[[UNKNOWN]] _{\mu\nu}[[POSTSUBSCRIPT]] )[[CLOSE]] α[[UNKNOWN]] _{-1}[[POSTSUBSCRIPT]] ^{\mu\nu}[[POSTSUPERSCRIPT]] α[[UNKNOWN]] {}_{-2}[[FLOATSUBSCRIPT]] ^{\rho}[[POSTSUPERSCRIPT]]
Warning:not_parsed:UNKNOWN.POSTSUBSCRIPT.POSTSUPERSCRIPT>CLOSE MathParser failed to match rule 'Anything'
	at 0302123.tex; line 751 col 3 - line 751 col 3
	In "$\displaystyle+(\frac{23}{81}k_{\mu}k_{\nu}k_{\rho}k_{\sigma}+\frac{32}{27}k_{%
	\mu}k_{\nu}\eta_{\rho\sigma}+\frac{19}{18}\eta_{\mu\nu}\eta_{\rho\sigma})%
	\alpha_{-1}^{\mu\nu\rho\sigma}]\left|0,k\right\rangle.\TCItag{40}\@@ENDINLINEMATH"
	+[[ADDOP]] ([[OPEN]] \frac{23}{81}[[UNKNOWN]] k[[UNKNOWN]] _{\mu}[[POSTSUBSCRIPT]] k[[UNKNOWN]] _{\nu}[[POSTSUBSCRIPT]] k[[UNKNOWN]] _{\rho}[[POSTSUBSCRIPT]] k[[UNKNOWN]] _{\sigma}[[POSTSUBSCRIPT]] +[[ADDOP]] \frac{32}{27}[[UNKNOWN]] k[[UNKNOWN]] _{\mu}[[POSTSUBSCRIPT]] k[[UNKNOWN]] _{\nu}[[POSTSUBSCRIPT]] η[[UNKNOWN]] _{\rho\sigma}[[POSTSUBSCRIPT]] +[[ADDOP]] \frac{19}{18}[[UNKNOWN]] η[[UNKNOWN]] _{\mu\nu}[[POSTSUBSCRIPT]] η[[UNKNOWN]] _{\rho\sigma}[[POSTSUBSCRIPT]] )[[CLOSE]] α[[UNKNOWN]] _{-1}[[POSTSUBSCRIPT]] ^{\mu\nu\rho\sigma}[[POSTSUPERSCRIPT]]
	        > ][[CLOSE]] \left|[[VERTBAR]] 0[[NUMBER]] ,[[PUNCT]] k[[UNKNOWN]] \right\rangle[[CLOSE]] .[[PERIOD]] \TCItag[[UNKNOWN]] 40[[NUMBER]]
Warning:not_parsed:UNKNOWN.POSTSUBSCRIPT.POSTSUPERSCRIPT>CLOSE MathParser failed to match rule 'Anything'
	at 0302123.tex; line 751 col 3 - line 755 col 14
	In "$\displaystyle+(\frac{23}{81}k_{\mu}k_{\nu}k_{\rho}k_{\sigma}+\frac{32}{27}k_{%
	\mu}k_{\nu}\eta_{\rho\sigma}+\frac{19}{18}\eta_{\mu\nu}\eta_{\rho\sigma})%
	\alpha_{-1}^{\mu\nu\rho\sigma}]\left|0,k\right\rangle.\TCItag{40}$"
	+[[ADDOP]] ([[OPEN]] \frac{23}{81}[[UNKNOWN]] k[[UNKNOWN]] _{\mu}[[POSTSUBSCRIPT]] k[[UNKNOWN]] _{\nu}[[POSTSUBSCRIPT]] k[[UNKNOWN]] _{\rho}[[POSTSUBSCRIPT]] k[[UNKNOWN]] _{\sigma}[[POSTSUBSCRIPT]] +[[ADDOP]] \frac{32}{27}[[UNKNOWN]] k[[UNKNOWN]] _{\mu}[[POSTSUBSCRIPT]] k[[UNKNOWN]] _{\nu}[[POSTSUBSCRIPT]] η[[UNKNOWN]] _{\rho\sigma}[[POSTSUBSCRIPT]] +[[ADDOP]] \frac{19}{18}[[UNKNOWN]] η[[UNKNOWN]] _{\mu\nu}[[POSTSUBSCRIPT]] η[[UNKNOWN]] _{\rho\sigma}[[POSTSUBSCRIPT]] )[[CLOSE]] α[[UNKNOWN]] _{-1}[[POSTSUBSCRIPT]] ^{\mu\nu\rho\sigma}[[POSTSUPERSCRIPT]]
	        > ][[CLOSE]] \left|[[VERTBAR]] 0[[NUMBER]] ,[[PUNCT]] k[[UNKNOWN]] \right\rangle[[CLOSE]] .[[PERIOD]] \TCItag[[UNKNOWN]] 40[[NUMBER]]
Warning:uninitialized:value Use of uninitialized value value in string eq
	at at /usr/share/perl5/LaTeXML/MathParser.pm line 1368
Warning:uninitialized:value Use of uninitialized value value in string eq
	at at /usr/share/perl5/LaTeXML/MathParser.pm line 1368
Warning:not_parsed:OPEN.UNKNOWN.UNKNOWN> MathParser failed to match rule 'Subscript'
	at 0302123.tex; line 806 col 41 - line 806 col 41
	In "\begin{equation}[\frac{5}{6(D+1)}\eta_{(\mu\nu}^{T}\epsilon_{\lambda)\beta}%
	\alpha_{-1}^{\mu\nu\lambda}\alpha_{-2}^{\beta}+\epsilon_{\mu\nu}(\alpha_{-2}^{%
	\mu}\alpha_{-3}^{\nu}-\frac{1}{2}\alpha_{-1}^{\mu}\alpha_{-4}^{\nu})]\left|0,k%
	\right\rangle,\text{ }\raisebox{4.3362pt}{\framebox{\rule[1.13811pt]{1.13811pt%
	}{0.0pt}}}\raisebox{-3.39669pt}{\framebox{\rule[1.13811pt]{1.13811pt}{0.0pt}}}%
	\text{\ and }\end{equation}"
	([[OPEN]] μ[[UNKNOWN]] ν[[UNKNOWN]]
	        > 
Warning:not_parsed:UNKNOWN>CLOSE MathParser failed to match rule 'Subscript'
	at 0302123.tex; line 807 col 1 - line 807 col 1
	λ[[UNKNOWN]]
	        > )[[CLOSE]] β[[UNKNOWN]]
Warning:not_parsed:OPEN.UNKNOWN.UNKNOWN> MathParser failed to match rule 'Subscript'
	at 0302123.tex; line 816 col 39 - line 816 col 39
	In "$\displaystyle[\frac{D-2}{80(D+3)}\eta_{(\mu\nu}^{T}\eta_{\lambda\beta}^{T}%
	\epsilon_{\gamma)}\alpha_{-1}^{\mu\nu\lambda\beta\gamma}+(\eta_{\mu\nu}^{T}%
	\epsilon_{\lambda}-\frac{1}{2}(D-1)\epsilon_{(\mu}\eta_{\nu)\lambda}^{T})%
	\alpha_{-1}^{\mu\nu}\alpha_{-3}^{\lambda}\TCItag{46}\@@ENDINLINEMATH"
	([[OPEN]] μ[[UNKNOWN]] ν[[UNKNOWN]]
	        > 
Warning:not_parsed:UNKNOWN>CLOSE MathParser failed to match rule 'Subscript'
	at 0302123.tex; line 817 col 25 - line 817 col 25
	γ[[UNKNOWN]]
	        > )[[CLOSE]]
Warning:not_parsed:OPEN.UNKNOWN> MathParser failed to match rule 'Subscript'
	at 0302123.tex; line 818 col 69 - line 818 col 69
	([[OPEN]] μ[[UNKNOWN]]
	        > 
Warning:not_parsed:UNKNOWN>CLOSE MathParser failed to match rule 'Subscript'
	at 0302123.tex; line 819 col 16 - line 819 col 16
	ν[[UNKNOWN]]
	        > )[[CLOSE]] λ[[UNKNOWN]]
Warning:not_parsed:>OPEN MathParser failed to match rule 'Anything'
	at 0302123.tex; line 816 col 3 - line 816 col 3
	> [[[OPEN]] \frac{D-2}{80(D+3)}[[UNKNOWN]] η[[UNKNOWN]] _{(\mu\nu}[[POSTSUBSCRIPT]] ^{T}[[POSTSUPERSCRIPT]] η[[UNKNOWN]] _{\lambda\beta}[[POSTSUBSCRIPT]] ^{T}[[POSTSUPERSCRIPT]] ϵ[[UNKNOWN]] _{\gamma)}[[POSTSUBSCRIPT]] α[[UNKNOWN]] _{-1}[[POSTSUBSCRIPT]] ^{\mu\nu\lambda\beta\gamma}[[POSTSUPERSCRIPT]] +[[ADDOP]] ([[OPEN]] η[[UNKNOWN]] _{\mu\nu}[[POSTSUBSCRIPT]] ^{T}[[POSTSUPERSCRIPT]] ϵ[[UNKNOWN]] _{\lambda}[[POSTSUBSCRIPT]] -[[ADDOP]] \frac{1}{2}[[UNKNOWN]] ([[OPEN]] D[[UNKNOWN]] -[[ADDOP]] 1[[NUMBER]] )[[CLOSE]] ϵ[[UNKNOWN]] _{(\mu}[[POSTSUBSCRIPT]] η[[UNKNOWN]] _{\nu)\lambda}[[POSTSUBSCRIPT]] ^{T}[[POSTSUPERSCRIPT]] )[[CLOSE]] α[[UNKNOWN]] _{-1}[[POSTSUBSCRIPT]] ^{\mu\nu}[[POSTSUPERSCRIPT]] α[[UNKNOWN]] _{-3}[[POSTSUBSCRIPT]] ^{\lambda}[[POSTSUPERSCRIPT]] \TCItag[[UNKNOWN]] 46[[NUMBER]]
Warning:not_parsed:OPEN.UNKNOWN.UNKNOWN> MathParser failed to match rule 'Subscript'
	at 0302123.tex; line 816 col 39 - line 816 col 39
	In "$\displaystyle[\frac{D-2}{80(D+3)}\eta_{(\mu\nu}^{T}\eta_{\lambda\beta}^{T}%
	\epsilon_{\gamma)}\alpha_{-1}^{\mu\nu\lambda\beta\gamma}+(\eta_{\mu\nu}^{T}%
	\epsilon_{\lambda}-\frac{1}{2}(D-1)\epsilon_{(\mu}\eta_{\nu)\lambda}^{T})%
	\alpha_{-1}^{\mu\nu}\alpha_{-3}^{\lambda}\TCItag{46}$"
	([[OPEN]] μ[[UNKNOWN]] ν[[UNKNOWN]]
	        > 
Warning:not_parsed:UNKNOWN>CLOSE MathParser failed to match rule 'Subscript'
	at 0302123.tex; line 817 col 25 - line 817 col 25
	γ[[UNKNOWN]]
	        > )[[CLOSE]]
Warning:not_parsed:OPEN.UNKNOWN> MathParser failed to match rule 'Subscript'
	at 0302123.tex; line 818 col 69 - line 818 col 69
	([[OPEN]] μ[[UNKNOWN]]
	        > 
Warning:not_parsed:UNKNOWN>CLOSE MathParser failed to match rule 'Subscript'
	at 0302123.tex; line 819 col 16 - line 819 col 16
	ν[[UNKNOWN]]
	        > )[[CLOSE]] λ[[UNKNOWN]]
Warning:not_parsed:>OPEN MathParser failed to match rule 'Anything'
	at 0302123.tex; line 816 col 3 - line 821 col 1
	> [[[OPEN]] \frac{D-2}{80(D+3)}[[UNKNOWN]] η[[UNKNOWN]] _{(\mu\nu}[[POSTSUBSCRIPT]] ^{T}[[POSTSUPERSCRIPT]] η[[UNKNOWN]] _{\lambda\beta}[[POSTSUBSCRIPT]] ^{T}[[POSTSUPERSCRIPT]] ϵ[[UNKNOWN]] _{\gamma)}[[POSTSUBSCRIPT]] α[[UNKNOWN]] _{-1}[[POSTSUBSCRIPT]] ^{\mu\nu\lambda\beta\gamma}[[POSTSUPERSCRIPT]] +[[ADDOP]] ([[OPEN]] η[[UNKNOWN]] _{\mu\nu}[[POSTSUBSCRIPT]] ^{T}[[POSTSUPERSCRIPT]] ϵ[[UNKNOWN]] _{\lambda}[[POSTSUBSCRIPT]] -[[ADDOP]] \frac{1}{2}[[UNKNOWN]] ([[OPEN]] D[[UNKNOWN]] -[[ADDOP]] 1[[NUMBER]] )[[CLOSE]] ϵ[[UNKNOWN]] _{(\mu}[[POSTSUBSCRIPT]] η[[UNKNOWN]] _{\nu)\lambda}[[POSTSUBSCRIPT]] ^{T}[[POSTSUPERSCRIPT]] )[[CLOSE]] α[[UNKNOWN]] _{-1}[[POSTSUBSCRIPT]] ^{\mu\nu}[[POSTSUPERSCRIPT]] α[[UNKNOWN]] _{-3}[[POSTSUBSCRIPT]] ^{\lambda}[[POSTSUPERSCRIPT]] \TCItag[[UNKNOWN]] 46[[NUMBER]]
Warning:not_parsed:UNKNOWN>OPEN MathParser failed to match rule 'Subscript'
	at 0302123.tex; line 822 col 1 - line 822 col 1
	In "$\displaystyle+\frac{3}{4}(D\epsilon_{\mu}\eta_{\nu\lambda}^{T}-\eta_{\mu(\nu}%
	^{T}\epsilon_{\lambda)})\alpha_{-1}^{\mu}\alpha_{-2}^{\nu\lambda})]\left|0,k%
	\right\rangle,\raisebox{4.3362pt}{\framebox{\rule[1.13811pt]{1.13811pt}{0.0pt}%
	}}.\@@ENDINLINEMATH"
	μ[[UNKNOWN]]
	        > ([[OPEN]] ν[[UNKNOWN]]
Warning:not_parsed:UNKNOWN>CLOSE MathParser failed to match rule 'Subscript'
	at 0302123.tex; line 822 col 26 - line 822 col 26
	λ[[UNKNOWN]]
	        > )[[CLOSE]]
Warning:not_parsed:UNKNOWN.POSTSUBSCRIPT.POSTSUPERSCRIPT>CLOSE MathParser failed to match rule 'Anything'
	at 0302123.tex; line 821 col 3 - line 821 col 3
	+[[ADDOP]] \frac{3}{4}[[UNKNOWN]] ([[OPEN]] D[[UNKNOWN]] ϵ[[UNKNOWN]] _{\mu}[[POSTSUBSCRIPT]] η[[UNKNOWN]] _{\nu\lambda}[[POSTSUBSCRIPT]] ^{T}[[POSTSUPERSCRIPT]] -[[ADDOP]] η[[UNKNOWN]] _{\mu(\nu}[[POSTSUBSCRIPT]] ^{T}[[POSTSUPERSCRIPT]] ϵ[[UNKNOWN]] _{\lambda)}[[POSTSUBSCRIPT]] )[[CLOSE]] α[[UNKNOWN]] _{-1}[[POSTSUBSCRIPT]] ^{\mu}[[POSTSUPERSCRIPT]] α[[UNKNOWN]] _{-2}[[POSTSUBSCRIPT]] ^{\nu\lambda}[[POSTSUPERSCRIPT]]
	        > )[[CLOSE]] ][[CLOSE]] \left|[[VERTBAR]] 0[[NUMBER]] ,[[PUNCT]] k[[UNKNOWN]] \right\rangle[[CLOSE]] ,[[PUNCT]] \raisebox{4.3362pt}{\framebox{\rule[1.13811pt]{1.13811pt}{0.0pt}}}[[UNKNOWN]]
Warning:not_parsed:UNKNOWN>OPEN MathParser failed to match rule 'Subscript'
	at 0302123.tex; line 822 col 1 - line 822 col 1
	In "$\displaystyle+\frac{3}{4}(D\epsilon_{\mu}\eta_{\nu\lambda}^{T}-\eta_{\mu(\nu}%
	^{T}\epsilon_{\lambda)})\alpha_{-1}^{\mu}\alpha_{-2}^{\nu\lambda})]\left|0,k%
	\right\rangle,\raisebox{4.3362pt}{\framebox{\rule[1.13811pt]{1.13811pt}{0.0pt}%
	}}.$"
	μ[[UNKNOWN]]
	        > ([[OPEN]] ν[[UNKNOWN]]
Warning:not_parsed:UNKNOWN>CLOSE MathParser failed to match rule 'Subscript'
	at 0302123.tex; line 822 col 26 - line 822 col 26
	λ[[UNKNOWN]]
	        > )[[CLOSE]]
Warning:not_parsed:UNKNOWN.POSTSUBSCRIPT.POSTSUPERSCRIPT>CLOSE MathParser failed to match rule 'Anything'
	at 0302123.tex; line 821 col 3 - line 825 col 14
	+[[ADDOP]] \frac{3}{4}[[UNKNOWN]] ([[OPEN]] D[[UNKNOWN]] ϵ[[UNKNOWN]] _{\mu}[[POSTSUBSCRIPT]] η[[UNKNOWN]] _{\nu\lambda}[[POSTSUBSCRIPT]] ^{T}[[POSTSUPERSCRIPT]] -[[ADDOP]] η[[UNKNOWN]] _{\mu(\nu}[[POSTSUBSCRIPT]] ^{T}[[POSTSUPERSCRIPT]] ϵ[[UNKNOWN]] _{\lambda)}[[POSTSUBSCRIPT]] )[[CLOSE]] α[[UNKNOWN]] _{-1}[[POSTSUBSCRIPT]] ^{\mu}[[POSTSUPERSCRIPT]] α[[UNKNOWN]] _{-2}[[POSTSUBSCRIPT]] ^{\nu\lambda}[[POSTSUPERSCRIPT]]
	        > )[[CLOSE]] ][[CLOSE]] \left|[[VERTBAR]] 0[[NUMBER]] ,[[PUNCT]] k[[UNKNOWN]] \right\rangle[[CLOSE]] ,[[PUNCT]] \raisebox{4.3362pt}{\framebox{\rule[1.13811pt]{1.13811pt}{0.0pt}}}\rule[1.13811pt]{1.13811pt}{0.0pt}[[UNKNOWN]]
Warning:not_parsed:OPEN.UNKNOWN> MathParser failed to match rule 'Superscript'
	at 0302123.tex; line 833 col 20 - line 833 col 20
	In "$\alpha_{-1}^{(\mu}\alpha_{-2}^{\nu\lambda)}$"
	([[OPEN]] μ[[UNKNOWN]]
	        > 
Warning:not_parsed:UNKNOWN.UNKNOWN>CLOSE MathParser failed to match rule 'Superscript'
	at 0302123.tex; line 833 col 48 - line 833 col 48
	ν[[UNKNOWN]] λ[[UNKNOWN]]
	        > )[[CLOSE]]
Warning:not_parsed:OPEN.UNKNOWN.UNKNOWN> MathParser failed to match rule 'Superscript'
	at 0302123.tex; line 834 col 5 - line 834 col 5
	In "$\alpha_{-1}^{(\mu\nu}\alpha_{-3}^{\lambda)}$"
	([[OPEN]] μ[[UNKNOWN]] ν[[UNKNOWN]]
	        > 
Warning:not_parsed:UNKNOWN>CLOSE MathParser failed to match rule 'Superscript'
	at 0302123.tex; line 834 col 29 - line 834 col 29
	λ[[UNKNOWN]]
	        > )[[CLOSE]]
Warning:not_parsed:UNKNOWN.UNKNOWN.UNKNOWN> MathParser failed to match rule 'Superscript'
	at 0302123.tex; line 836 col 25 - line 836 col 25
	In "$\alpha_{-1}^{(\mu\nu\lambda}\alpha_{-2}^{\beta)}$"
	([[OPEN]] μ[[UNKNOWN]] ν[[UNKNOWN]] λ[[UNKNOWN]]
	        > 
Warning:not_parsed:UNKNOWN>CLOSE MathParser failed to match rule 'Superscript'
	at 0302123.tex; line 836 col 47 - line 836 col 47
	β[[UNKNOWN]]
	        > )[[CLOSE]]
Warning:not_parsed:OPEN.UNKNOWN> MathParser failed to match rule 'Superscript'
	at 0302123.tex; line 840 col 27 - line 840 col 27
	In "$\alpha_{-2}^{[\mu}\alpha_{-3}^{\nu]}$"
	[[[OPEN]] μ[[UNKNOWN]]
	        > 
Warning:not_parsed:UNKNOWN>CLOSE MathParser failed to match rule 'Superscript'
	at 0302123.tex; line 840 col 47 - line 840 col 47
	ν[[UNKNOWN]]
	        > ][[CLOSE]]
Warning:not_parsed:OPEN.UNKNOWN> MathParser failed to match rule 'Superscript'
	at 0302123.tex; line 841 col 1 - line 841 col 1
	In "$\alpha_{-1}^{[\mu}\alpha_{-4}^{\nu]}$"
	[[[OPEN]] μ[[UNKNOWN]]
	        > 
Warning:not_parsed:UNKNOWN>CLOSE MathParser failed to match rule 'Superscript'
	at 0302123.tex; line 841 col 21 - line 841 col 21
	ν[[UNKNOWN]]
	        > ][[CLOSE]]
Warning:not_parsed:OPEN.UNKNOWN> MathParser failed to match rule 'Superscript'
	at 0302123.tex; line 842 col 63 - line 842 col 63
	In "$\alpha_{-1}^{(\mu}\alpha_{-2}^{\nu\lambda)}$"
	([[OPEN]] μ[[UNKNOWN]]
	        > 
Warning:not_parsed:UNKNOWN.UNKNOWN>CLOSE MathParser failed to match rule 'Superscript'
	at 0302123.tex; line 843 col 21 - line 843 col 21
	ν[[UNKNOWN]] λ[[UNKNOWN]]
	        > )[[CLOSE]]
Warning:not_parsed:OPEN.UNKNOWN.UNKNOWN> MathParser failed to match rule 'Superscript'
	at 0302123.tex; line 843 col 52 - line 843 col 52
	In "$\alpha_{-1}^{(\mu\nu}\alpha_{-3}^{\lambda)}$"
	([[OPEN]] μ[[UNKNOWN]] ν[[UNKNOWN]]
	        > 
Warning:not_parsed:UNKNOWN>CLOSE MathParser failed to match rule 'Superscript'
	at 0302123.tex; line 843 col 76 - line 843 col 76
	λ[[UNKNOWN]]
	        > )[[CLOSE]]
Warning:uninitialized:value Use of uninitialized value value in string eq
	at at /usr/share/perl5/LaTeXML/MathParser.pm line 1368
Warning:not_parsed:NUMBER>MULOP MathParser failed to match rule 'Anything'
	at 0302123.tex; line 910 col 32 - line 910 col 49
	In "$2\times\bullet$"
	2[[NUMBER]]
	        > ×[[MULOP]] ∙[[MULOP]]
Warning:uninitialized:value Use of uninitialized value value in string eq
	at at /usr/share/perl5/LaTeXML/MathParser.pm line 1368
Warning:not_parsed:ATOM.PUNCT.NUMBER>MULOP MathParser failed to match rule 'Anything'
	at 0302123.tex; line 931 col 39 - line 947 col 46
	In "$\raisebox{4.3362pt}{\framebox{\rule[1.13811pt]{1.13811pt}{0.0pt}}}\raisebox{4%
	.3362pt}{\framebox{\rule[1.13811pt]{1.13811pt}{0.0pt}}}\raisebox{4.3362pt}{%
	\framebox{\rule[1.13811pt]{1.13811pt}{0.0pt}}}\raisebox{4.3362pt}{\framebox{%
	\rule[1.13811pt]{1.13811pt}{0.0pt}}},\raisebox{4.3362pt}{\framebox{\rule[1.138%
	11pt]{1.13811pt}{0.0pt}}}\raisebox{-3.39669pt}{\framebox{\rule[1.13811pt]{1.13%
	811pt}{0.0pt}}}\hskip 0.569055pt\raisebox{4.3362pt}{\framebox{\rule[1.13811pt]%
	{1.13811pt}{0.0pt}}},2\times\raisebox{4.3362pt}{\framebox{\rule[1.13811pt]{1.1%
	3811pt}{0.0pt}}}\raisebox{4.3362pt}{\framebox{\rule[1.13811pt]{1.13811pt}{0.0%
	pt}}}\raisebox{4.3362pt}{\framebox{\rule[1.13811pt]{1.13811pt}{0.0pt}}},2%
	\times\raisebox{4.3362pt}{\framebox{\rule[1.13811pt]{1.13811pt}{0.0pt}}}%
	\raisebox{-3.39669pt}{\framebox{\rule[1.13811pt]{1.13811pt}{0.0pt}}},4\times%
	\raisebox{4.3362pt}{\framebox{\rule[1.13811pt]{1.13811pt}{0.0pt}}}\raisebox{4.%
	3362pt}{\framebox{\rule[1.13811pt]{1.13811pt}{0.0pt}}},5\times\raisebox{4.3362%
	pt}{\framebox{\rule[1.13811pt]{1.13811pt}{0.0pt}}},3\times\bullet$"
	\raisebox{4.3362pt}{\framebox{\rule[1.13811pt]{1.13811pt}{0.0pt}}}\raisebox{4.3362pt}{\framebox{\rule[1.13811pt]{1.13811pt}{0.0pt}}}\raisebox{4.3362pt}{\framebox{\rule[1.13811pt]{1.13811pt}{0.0pt}}}\raisebox{4.3362pt}{\framebox{\rule[1.13811pt]{1.13811pt}{0.0pt}}}[[UNKNOWN]] ,[[PUNCT]] \raisebox{4.3362pt}{\framebox{\rule[1.13811pt]{1.13811pt}{0.0pt}}}\raisebox{-3.39669pt}{\framebox{\rule[1.13811pt]{1.13811pt}{0.0pt}}}[[UNKNOWN]] \raisebox{4.3362pt}{\framebox{\rule[1.13811pt]{1.13811pt}{0.0pt}}}[[UNKNOWN]] ,[[PUNCT]] 2[[NUMBER]] ×[[MULOP]] \raisebox{4.3362pt}{\framebox{\rule[1.13811pt]{1.13811pt}{0.0pt}}}\raisebox{4.3362pt}{\framebox{\rule[1.13811pt]{1.13811pt}{0.0pt}}}\raisebox{4.3362pt}{\framebox{\rule[1.13811pt]{1.13811pt}{0.0pt}}}[[UNKNOWN]] ,[[PUNCT]] 2[[NUMBER]] ×[[MULOP]] \raisebox{4.3362pt}{\framebox{\rule[1.13811pt]{1.13811pt}{0.0pt}}}\raisebox{-3.39669pt}{\framebox{\rule[1.13811pt]{1.13811pt}{0.0pt}}}[[UNKNOWN]] ,[[PUNCT]] 4[[NUMBER]] ×[[MULOP]] \raisebox{4.3362pt}{\framebox{\rule[1.13811pt]{1.13811pt}{0.0pt}}}\raisebox{4.3362pt}{\framebox{\rule[1.13811pt]{1.13811pt}{0.0pt}}}[[UNKNOWN]] ,[[PUNCT]] 5[[NUMBER]] ×[[MULOP]] \raisebox{4.3362pt}{\framebox{\rule[1.13811pt]{1.13811pt}{0.0pt}}}[[UNKNOWN]] ,[[PUNCT]] 3[[NUMBER]]
	        > ×[[MULOP]] ∙[[MULOP]]
 20.61 sec)
Math parsing succeeded:
   ltx:XMArg: 2123/2245
   ltx:XMath: 293/339
Symbols assumed as simple identifiers (with # of occurences):
   'A{italic}' (4), 'B{italic}' (1), 'C{italic}' (3), 'D{italic}' (15), 'E{italic}' (3), 'Gamma' (6), 'L{italic}' (106), 'M{italic}' (20), 'N{italic}' (2), 'Psi' (9), 'T{italic}' (11), 'X{italic}' (1), 'alpha' (695), 'a{italic}' (16), 'beta' (41), 'b{italic}' (17), 'c{italic}' (16), 'delta' (1), 'd{italic}' (12), 'epsilon' (45), 'eta' (88), 'e{italic}' (4), 'f{italic}' (10), 'gamma' (130), 'i{italic}' (9), 'k{italic}' (534), 'lambda' (272), 'mu' (680), 'm{italic}' (203), 'nu' (337), 'n{italic}' (8), 'rho' (8), 'sigma' (6), 's{italic}' (20), 'theta' (202), 't{italic}' (17), 'w{italic}' (2), 'x{italic}' (83), 'z{italic}' (2), '{' (8)
Set MATHPARSER_SPECULATE to speculate on possible notations.
(Finalizing... 1.39 sec)
Conversion complete 177 warnings; 1 error; 1 undefined macro[\TCItag] (See /home/user/latex-in-arxiv/0302123.latexml.log) (reqd. 42.24s)
