latexml (LaTeXML version 0.8.6) processing 2003/0302085.tex
(Digesting TeX 0302085...
(Loading /usr/share/perl5/LaTeXML/Package/TeX.pool.ltxml...
(Loading /usr/share/perl5/LaTeXML/Package/eTeX.pool.ltxml... 0.01 sec)
(Loading /usr/share/perl5/LaTeXML/Package/pdfTeX.pool.ltxml... 0.01 sec) 0.21 sec)
(Processing content /home/user/latex-in-arxiv/2003/0302085.tex...
(Loading /usr/share/perl5/LaTeXML/Package/LaTeX.pool.ltxml...
(Loading /usr/share/perl5/LaTeXML/Package/textcomp.sty.ltxml...
(Processing definitions /usr/share/texlive/texmf-dist/tex/latex-dev/base/ts1enc.dfu... 0.04 sec) 1.60 sec) 1.90 sec)
Info:unexpected:\documentstyle Entering LaTeX 2.09 Compatibility mode
	at 0302085.tex; line 6 col 0 - line 6 col 55
(Loading /usr/share/perl5/LaTeXML/Package/article.cls.ltxml... 0.02 sec)
(Loading /usr/share/perl5/LaTeXML/Package/revtex.sty.ltxml...
(Loading /usr/share/perl5/LaTeXML/Package/natbib.sty.ltxml... 0.03 sec)
(Loading /usr/share/perl5/LaTeXML/Package/revtex3_support.sty.ltxml...
(Loading /usr/share/perl5/LaTeXML/Package/revtex4_support.sty.ltxml...
(Loading /usr/share/perl5/LaTeXML/Package/hyperref.sty.ltxml...
(Loading /usr/share/perl5/LaTeXML/Package/keyval.sty.ltxml...
(Processing definitions /usr/share/texlive/texmf-dist/tex/latex-dev/graphics/keyval.sty... 0.02 sec) 0.02 sec)
(Loading /usr/share/perl5/LaTeXML/Package/nameref.sty.ltxml... 0.00 sec)
(Loading /usr/share/perl5/LaTeXML/Package/url.sty.ltxml... 0.00 sec) 0.10 sec)
(Loading /usr/share/perl5/LaTeXML/Package/revsymb.sty.ltxml... 0.00 sec)
(Loading /usr/share/perl5/LaTeXML/Package/longtable.sty.ltxml... 0.00 sec)
(Loading /usr/share/perl5/LaTeXML/Package/dcolumn.sty.ltxml...
(Loading /usr/share/perl5/LaTeXML/Package/array.sty.ltxml... 0.00 sec) 0.01 sec) 0.18 sec) 0.19 sec) 0.23 sec)
Info:unexpected:floats Unexpected option 'floats' passed to revtex.cls
	at 0302085.tex; line 7 col 0 - line 7 col 1
(Loading /usr/share/perl5/LaTeXML/Package/epsfig.sty.ltxml...
(Loading /usr/share/perl5/LaTeXML/Package/graphicx.sty.ltxml...
(Loading /usr/share/perl5/LaTeXML/Package/graphics.sty.ltxml... 0.01 sec) 0.02 sec) 0.05 sec)
Info:unexpected:prd Unexpected option 'prd' passed to revtex.cls
	at 0302085.tex; line 7 col 0 - line 7 col 1
Info:unexpected:aps Unexpected option 'aps' passed to revtex.cls
	at 0302085.tex; line 7 col 0 - line 7 col 1
Info:note:OmniBus Loading OmniBus class to attempt to cover missing options
	at 0302085.tex; line 7 col 0 - line 7 col 1
(Loading /usr/share/perl5/LaTeXML/Package/OmniBus.cls.ltxml...
(Loading /usr/share/perl5/LaTeXML/Package/inst_support.sty.ltxml... 0.00 sec)
(Loading /usr/share/perl5/LaTeXML/Package/epsf.sty.ltxml... 0.01 sec)
(Loading /usr/share/perl5/LaTeXML/Package/aas_macros.sty.ltxml... 0.00 sec) 0.06 sec) 12.34 sec) 12.61 sec)
(Building...
(Loading compiled schema /usr/share/perl5/LaTeXML/resources/RelaxNG/LaTeXML.model... 0.02 sec) 9.73 sec)
(Rewriting... 0.32 sec)
(Math Parsing 517 formulae ......
Warning:not_parsed:>PUNCT MathParser failed to match rule 'Subscript'
	at 0302085.tex; line 159 col 6 - line 159 col 6
	In "\begin{equation}V_{,R}=R\,(U_{,R}^{2}-U_{,Z}^{2})\,,\hskip 10.0ptV_{,Z}=2R\,U_%
	{,R}\,U_{,Z}\,.\end{equation}"
	> ,[[PUNCT]] R[[UNKNOWN]]
Warning:not_parsed:>PUNCT MathParser failed to match rule 'Subscript'
	at 0302085.tex; line 159 col 18 - line 159 col 18
	> ,[[PUNCT]] R[[UNKNOWN]]
Warning:not_parsed:>PUNCT MathParser failed to match rule 'Subscript'
	at 0302085.tex; line 159 col 27 - line 159 col 27
	> ,[[PUNCT]] Z[[UNKNOWN]]
Warning:not_parsed:>PUNCT MathParser failed to match rule 'Subscript'
	at 0302085.tex; line 160 col 6 - line 160 col 6
	> ,[[PUNCT]] Z[[UNKNOWN]]
Warning:not_parsed:>PUNCT MathParser failed to match rule 'Subscript'
	at 0302085.tex; line 160 col 18 - line 160 col 18
	> ,[[PUNCT]] R[[UNKNOWN]]
Warning:not_parsed:>PUNCT MathParser failed to match rule 'Subscript'
	at 0302085.tex; line 160 col 27 - line 160 col 27
	> ,[[PUNCT]] Z[[UNKNOWN]]
Warning:not_parsed:UNKNOWN.ADDOP.UNKNOWN>CLOSE MathParser failed to match rule 'Anything'
	at 0302085.tex; line 203 col 60 - line 203 col 60
	In "$\displaystyle U_{S}(R,Z)=-{1\over 2}\int\limits_{-M}^{M}\,{dZ^{\prime}\over%
	\sqrt{R^{2}+(Z-Z^{\prime})^{2}}}\,=-{1\over 2}\,\ln\left[{\sqrt{(M-Z)^{2}+R^{2%
	}}-Z+M\over\sqrt{(M+Z)^{2}+R^{2}}-Z-M)}\right]\,.\@@ENDINLINEMATH"
	\sqrt{(M+Z)^{2}+R^{2}}[[UNKNOWN]] -[[ADDOP]] Z[[UNKNOWN]] -[[ADDOP]] M[[UNKNOWN]]
	        > )[[CLOSE]]
Warning:not_parsed:UNKNOWN.ADDOP.UNKNOWN>CLOSE MathParser failed to match rule 'Anything'
	at 0302085.tex; line 203 col 60 - line 203 col 60
	In "$\displaystyle-{1\over 2}\,\ln\left[{\sqrt{(M-Z)^{2}+R^{2}}-Z+M\over\sqrt{(M+Z%
	)^{2}+R^{2}}-Z-M)}\right]\,.$"
	\sqrt{(M+Z)^{2}+R^{2}}[[UNKNOWN]] -[[ADDOP]] Z[[UNKNOWN]] -[[ADDOP]] M[[UNKNOWN]]
	        > )[[CLOSE]]
Warning:not_parsed:>PUNCT MathParser failed to match rule 'Subscript'
	at 0302085.tex; line 256 col 12 - line 256 col 12
	In "\begin{equation}\hat{V}_{,Z}=2R\left({U_{S}}_{,R}\,\hat{U}_{,Z}+{U_{S}}_{,Z}\,%
	\hat{U}_{,R}+\hat{U}_{,R}\,\hat{U}_{,Z}\right)\,.\end{equation}"
	> ,[[PUNCT]] Z[[UNKNOWN]]
Warning:not_parsed:>PUNCT MathParser failed to match rule 'Subscript'
	at 0302085.tex; line 257 col 10 - line 257 col 10
	> ,[[PUNCT]] R[[UNKNOWN]]
Warning:not_parsed:>PUNCT MathParser failed to match rule 'Subscript'
	at 0302085.tex; line 257 col 24 - line 257 col 24
	> ,[[PUNCT]] Z[[UNKNOWN]]
Warning:not_parsed:>PUNCT MathParser failed to match rule 'Subscript'
	at 0302085.tex; line 257 col 37 - line 257 col 37
	> ,[[PUNCT]] Z[[UNKNOWN]]
Warning:not_parsed:>PUNCT MathParser failed to match rule 'Subscript'
	at 0302085.tex; line 257 col 51 - line 257 col 51
	> ,[[PUNCT]] R[[UNKNOWN]]
Warning:not_parsed:>PUNCT MathParser failed to match rule 'Subscript'
	at 0302085.tex; line 257 col 64 - line 257 col 64
	> ,[[PUNCT]] R[[UNKNOWN]]
Warning:not_parsed:>PUNCT MathParser failed to match rule 'Subscript'
	at 0302085.tex; line 257 col 78 - line 257 col 78
	> ,[[PUNCT]] Z[[UNKNOWN]]
Warning:not_parsed:>PUNCT MathParser failed to match rule 'Subscript'
	at 0302085.tex; line 259 col 56 - line 259 col 56
	In "${U_{S}}_{,R}=O(R^{-1})$"
	> ,[[PUNCT]] R[[UNKNOWN]]
Warning:not_parsed:>PUNCT MathParser failed to match rule 'Subscript'
	at 0302085.tex; line 260 col 15 - line 260 col 15
	In "${U_{S}}_{,Z}=O(1)$"
	> ,[[PUNCT]] Z[[UNKNOWN]]
Warning:not_parsed:>PUNCT MathParser failed to match rule 'Subscript'
	at 0302085.tex; line 260 col 58 - line 260 col 58
	In "$\hat{V}_{,Z}\sim 2\hat{U}_{,Z}$"
	> ,[[PUNCT]] Z[[UNKNOWN]]
Warning:not_parsed:>PUNCT MathParser failed to match rule 'Subscript'
	at 0302085.tex; line 261 col 13 - line 261 col 13
	> ,[[PUNCT]] Z[[UNKNOWN]]
Warning:not_parsed:UNKNOWN.ADDOP.UNKNOWN>CLOSE MathParser failed to match rule 'Anything'
	at 0302085.tex; line 331 col 30 - line 331 col 30
	In "\begin{equation}U_{S}(\rho,z)=-{1\over 2}\,\log\left[{\sqrt{(\mu-z)^{2}+\rho^{%
	2}}-z+\mu\over\sqrt{(\mu+z)^{2}+\rho^{2}}-z-\mu)}\right]\,.\end{equation}"
	\sqrt{(\mu+z)^{2}+\rho^{2}}[[UNKNOWN]] -[[ADDOP]] z[[UNKNOWN]] -[[ADDOP]] μ[[UNKNOWN]]
	        > )[[CLOSE]]
Warning:not_parsed:UNKNOWN.POSTSUPERSCRIPT.CLOSE>RELOP MathParser failed to match rule 'Anything'
	at 0302085.tex; line 433 col 1 - line 433 col 1
	In "$\displaystyle G^{(4,\text{reg})}_{\cal M}({\bf X},{\bf X}^{\prime})=={1\over 8%
	\pi^{2}L^{2}}\left[{1\over\beta}\,\,{\sinh\beta\over\cosh\beta-\cos(z-z^{%
	\prime})}-{1\over\sqrt{\beta^{2}+b^{2}}}\right]\,.\@@ENDINLINEMATH"
	G[[UNKNOWN]] ^{(4,\text{reg})}[[POSTSUPERSCRIPT]] _{\calM}[[POSTSUBSCRIPT]] ([[OPEN]] X[[UNKNOWN]] ,[[PUNCT]] X[[UNKNOWN]] ^{\prime}[[POSTSUPERSCRIPT]] )[[CLOSE]]
	        > =[[RELOP]] =[[RELOP]] 1\over8\pi^{2}L^{2}[[UNKNOWN]] \left[[[OPEN]] 1\over\beta[[UNKNOWN]] \sinh\beta\over\cosh\beta-\cos(z-z^{\prime})[[UNKNOWN]] -[[ADDOP]] 1\over\sqrt{\beta^{2}+b^{2}}[[UNKNOWN]] \right][[CLOSE]]
Warning:not_parsed:POSTSUBSCRIPT.POSTSUPERSCRIPT.ATOM>RELOP MathParser failed to match rule 'Anything'
	at 0302085.tex; line 445 col 4 - line 445 col 4
	In "$\displaystyle\int\limits_{-\infty}^{\infty}\,{dw\over(\beta^{2}+b^{2})^{%
	\alpha/2}}=={1\over 2\sqrt{\pi}}{[\sigma^{2}+b^{2}]^{(1-\alpha)/2}\Gamma((%
	\alpha-1)/2)\over\Gamma(\alpha/2)}\,\sim{1\over\pi}\,\left[{1\over\alpha-1}+%
	\ln 2-{1\over 2}\ln(\sigma^{2}+b^{2})\right]+O(\alpha-1)\,.\@@ENDINLINEMATH"
	∫[[INTOP]] _{-\infty}[[POSTSUBSCRIPT]] ^{\infty}[[POSTSUPERSCRIPT]] dw\over(\beta^{2}+b^{2})^{\alpha/2}[[UNKNOWN]]
	        > =[[RELOP]] =[[RELOP]] 1\over2\sqrt{\pi}[[UNKNOWN]] [\sigma^{2}+b^{2}]^{(1-\alpha)/2}\Gamma((\alpha-1)/2)\over\Gamma(\alpha/2)[[UNKNOWN]] ∼[[RELOP]] 1\over\pi[[UNKNOWN]] \left[[[OPEN]] 1\over\alpha-1[[UNKNOWN]] +[[ADDOP]] ln[[OPFUNCTION]] 2[[NUMBER]] -[[ADDOP]] 1\over2[[UNKNOWN]] ln[[OPFUNCTION]] ([[OPEN]] σ[[UNKNOWN]] ^{2}[[POSTSUPERSCRIPT]] +[[ADDOP]] b[[UNKNOWN]] ^{2}[[POSTSUPERSCRIPT]] )[[CLOSE]] \right][[CLOSE]] +[[ADDOP]] O[[UNKNOWN]] ([[OPEN]] α[[UNKNOWN]] -[[ADDOP]] 1[[NUMBER]] )[[CLOSE]]
Warning:not_parsed:POSTSUBSCRIPT.POSTSUPERSCRIPT.ATOM>RELOP MathParser failed to match rule 'Anything'
	at 0302085.tex; line 468 col 6 - line 468 col 6
	In "$\displaystyle\int\limits_{-\mu}^{\mu}\,{dz^{\prime}\over a-\cos(z^{\prime}-z)%
	}=={2\over\sqrt{a^{2}-1}}\left\{\textstyle\arctan\left[p\tan\left({\mu+z\over 2%
	}\right)\right]+\pi\vartheta(\mu+z-\pi)\right.\left.\textstyle\hskip 45.0pt+%
	\arctan\left[p\tan\left({\mu-z\over 2}\right)\right]+\pi\vartheta(\mu-z-\pi)%
	\right\}\,,\@@ENDINLINEMATH"
	∫[[INTOP]] _{-\mu}[[POSTSUBSCRIPT]] ^{\mu}[[POSTSUPERSCRIPT]] dz^{\prime}\overa-\cos(z^{\prime}-z)[[UNKNOWN]]
	        > =[[RELOP]] =[[RELOP]] 2\over\sqrt{a^{2}-1}[[UNKNOWN]] \left\{[[OPEN]] arctan[[OPFUNCTION]] \left[[[OPEN]] p[[UNKNOWN]] tan[[TRIGFUNCTION]] \left([[OPEN]] \mu+z\over2[[UNKNOWN]] \right)[[CLOSE]] \right][[CLOSE]] +[[ADDOP]] π[[UNKNOWN]] ϑ[[UNKNOWN]] ([[OPEN]] μ[[UNKNOWN]] +[[ADDOP]] z[[UNKNOWN]] -[[ADDOP]] π[[UNKNOWN]] )[[CLOSE]] $\displaystyle\int\limits_{-\mu}^{\mu}\,{dz^{\prime}\overa-\cos(z^{\prime}-z)}=={2\over\sqrt{a^{2}-1}}\left\{\textstyle\arctan\left[p\tan\left({\mu+z\over2}\right)\right]+\pi\vartheta(\mu+z-\pi)\right.\left.\textstyle\hskip45.0pt+\arctan\left[p\tan\left({\mu-z\over2}\right)\right]+\pi\vartheta(\mu-z-\pi)\right\}\,,\@@ENDINLINEMATH[[PUNCT]] +[[ADDOP]] arctan[[OPFUNCTION]] \left[[[OPEN]] p[[UNKNOWN]] tan[[TRIGFUNCTION]] \left([[OPEN]] \mu-z\over2[[UNKNOWN]] \right)[[CLOSE]] \right][[CLOSE]] +[[ADDOP]] π[[UNKNOWN]] ϑ[[UNKNOWN]] ([[OPEN]] μ[[UNKNOWN]] -[[ADDOP]] z[[UNKNOWN]] -[[ADDOP]] π[[UNKNOWN]] )[[CLOSE]] \right\}[[CLOSE]]
Warning:not_parsed:RELOP.ATOM>OPEN MathParser failed to match rule 'Anything'
	at 0302085.tex; line 469 col 6 - line 472 col 3
	In "$\displaystyle={2\over\sqrt{a^{2}-1}}\left\{\textstyle\arctan\left[p\tan\left(%
	{\mu+z\over 2}\right)\right]+\pi\vartheta(\mu+z-\pi)\right.$"
	=[[RELOP]] 2\over\sqrt{a^{2}-1}[[UNKNOWN]]
	        > \left\{[[OPEN]] arctan[[OPFUNCTION]] \left[[[OPEN]] p[[UNKNOWN]] tan[[TRIGFUNCTION]] \left([[OPEN]] \mu+z\over2[[UNKNOWN]] \right)[[CLOSE]] \right][[CLOSE]] +[[ADDOP]] π[[UNKNOWN]] ϑ[[UNKNOWN]] ([[OPEN]] μ[[UNKNOWN]] +[[ADDOP]] z[[UNKNOWN]] -[[ADDOP]] π[[UNKNOWN]] )[[CLOSE]]
Warning:not_parsed:ADDOP.UNKNOWN.CLOSE>CLOSE MathParser failed to match rule 'Anything'
	at 0302085.tex; line 472 col 10 - line 475 col 3
	In "$\displaystyle\left.\textstyle\hskip 45.0pt+\arctan\left[p\tan\left({\mu-z%
	\over 2}\right)\right]+\pi\vartheta(\mu-z-\pi)\right\}\,,$"
	+[[ADDOP]] arctan[[OPFUNCTION]] \left[[[OPEN]] p[[UNKNOWN]] tan[[TRIGFUNCTION]] \left([[OPEN]] \mu-z\over2[[UNKNOWN]] \right)[[CLOSE]] \right][[CLOSE]] +[[ADDOP]] π[[UNKNOWN]] ϑ[[UNKNOWN]] ([[OPEN]] μ[[UNKNOWN]] -[[ADDOP]] z[[UNKNOWN]] -[[ADDOP]] π[[UNKNOWN]] )[[CLOSE]]
	        > \right\}[[CLOSE]]
Warning:not_parsed:OPEN.UNKNOWN> MathParser failed to match rule 'Subscript'
	at 0302085.tex; line 751 col 51 - line 751 col 51
	In "$\displaystyle d\sigma_{\mu\nu}={1\over 2}\,\delta^{0}_{[\mu}\,\delta^{1}_{\nu%
	]}\,\rho_{0}^{1+2a_{1}}\,dz\,d\phi\,,\@@ENDINLINEMATH"
	[[[OPEN]] μ[[UNKNOWN]]
	        > 
Warning:not_parsed:UNKNOWN>CLOSE MathParser failed to match rule 'Subscript'
	at 0302085.tex; line 752 col 17 - line 752 col 17
	ν[[UNKNOWN]]
	        > ][[CLOSE]]
Warning:not_parsed:OPEN.UNKNOWN> MathParser failed to match rule 'Subscript'
	at 0302085.tex; line 751 col 51 - line 751 col 51
	In "$\displaystyle{1\over 2}\,\delta^{0}_{[\mu}\,\delta^{1}_{\nu]}\,\rho_{0}^{1+2a%
	_{1}}\,dz\,d\phi\,,$"
	[[[OPEN]] μ[[UNKNOWN]]
	        > 
Warning:not_parsed:UNKNOWN>CLOSE MathParser failed to match rule 'Subscript'
	at 0302085.tex; line 752 col 17 - line 752 col 17
	ν[[UNKNOWN]]
	        > ][[CLOSE]]
Warning:not_parsed:OPEN.UNKNOWN> MathParser failed to match rule 'Subscript'
	at 0302085.tex; line 754 col 57 - line 754 col 57
	In "$\displaystyle\xi_{\mu;\nu}=-2a_{0}\,\rho_{0}^{2a_{0}-1}\,\delta_{[\mu}^{0}\,%
	\delta_{\nu]}^{1}\,,\@@ENDINLINEMATH"
	[[[OPEN]] μ[[UNKNOWN]]
	        > 
Warning:not_parsed:UNKNOWN>CLOSE MathParser failed to match rule 'Subscript'
	at 0302085.tex; line 755 col 13 - line 755 col 13
	ν[[UNKNOWN]]
	        > ][[CLOSE]]
Warning:not_parsed:OPEN.UNKNOWN> MathParser failed to match rule 'Subscript'
	at 0302085.tex; line 754 col 57 - line 754 col 57
	In "$\displaystyle-2a_{0}\,\rho_{0}^{2a_{0}-1}\,\delta_{[\mu}^{0}\,\delta_{\nu]}^{%
	1}\,,$"
	[[[OPEN]] μ[[UNKNOWN]]
	        > 
Warning:not_parsed:UNKNOWN>CLOSE MathParser failed to match rule 'Subscript'
	at 0302085.tex; line 755 col 13 - line 755 col 13
	ν[[UNKNOWN]]
	        > ][[CLOSE]]
Warning:not_parsed:OPEN.UNKNOWN> MathParser failed to match rule 'Superscript'
	at 0302085.tex; line 756 col 57 - line 756 col 57
	In "$\displaystyle\xi^{\mu;\nu}=2a_{0}\,\rho_{0}^{-2a_{1}-1}\,\delta^{[\mu}_{0}\,%
	\delta^{\nu]}_{1}\,.\@@ENDINLINEMATH"
	[[[OPEN]] μ[[UNKNOWN]]
	        > 
Warning:not_parsed:UNKNOWN>CLOSE MathParser failed to match rule 'Superscript'
	at 0302085.tex; line 757 col 13 - line 757 col 13
	ν[[UNKNOWN]]
	        > ][[CLOSE]]
Warning:not_parsed:OPEN.UNKNOWN> MathParser failed to match rule 'Superscript'
	at 0302085.tex; line 756 col 57 - line 756 col 57
	In "$\displaystyle 2a_{0}\,\rho_{0}^{-2a_{1}-1}\,\delta^{[\mu}_{0}\,\delta^{\nu]}_%
	{1}\,.$"
	[[[OPEN]] μ[[UNKNOWN]]
	        > 
Warning:not_parsed:UNKNOWN>CLOSE MathParser failed to match rule 'Superscript'
	at 0302085.tex; line 757 col 13 - line 757 col 13
	ν[[UNKNOWN]]
	        > ][[CLOSE]]
 23.94 sec)
Math parsing succeeded:
   ltx:XMath: 512/517
   ltx:XMArg: 1254/1286
Symbols assumed as simple identifiers (with # of occurences):
   'A{italic}' (2), 'B{italic}' (3), 'C{italic}' (1), 'Delta' (4), 'E{italic}' (6), 'F{caligraphic}' (11), 'F{italic}' (11), 'Gamma' (11), 'G{italic}' (25), 'K{italic}' (14), 'L{italic}' (42), 'M{italic}' (66), 'O{italic}' (6), 'R{italic}' (57), 'S{italic}' (7), 'Theta' (6), 'T{italic}' (4), 'U{caligraphic}' (9), 'U{italic}' (64), 'V{caligraphic}' (12), 'V{italic}' (19), 'W{italic}' (8), 'X{bold}' (34), 'X{italic}' (7), 'Y{italic}' (5), 'Z{italic}' (72), 'alpha' (19), 'a{italic}' (55), 'beta' (47), 'b{italic}' (19), 'delta' (15), 'd{italic}' (120), 'eta' (2), 'e{italic}' (29), 'f{italic}' (14), 'gamma' (10), 'h{italic}' (8), 'i{italic}' (3), 'j{italic}' (2), 'kappa' (4), 'k{italic}' (41), 'l{italic}' (24), 'mu' (200), 'm{italic}' (2), 'nu' (26), 'n{italic}' (3), 'phi' (20), 'pi' (156), 'psi' (5), 'p{italic}' (9), 'rho' (86), 'r{italic}' (25), 'sigma' (18), 's{italic}' (6), 'theta' (12), 't{italic}' (8), 'u{italic}' (21), 'varphi' (7), 'vartheta' (10), 'w{italic}' (11), 'xi' (6), 'x{bold}' (20), 'x{italic}' (23), 'y{italic}' (2), 'z{italic}' (203)
Set MATHPARSER_SPECULATE to speculate on possible notations.
(Finalizing... 1.78 sec)
Conversion complete 37 warnings (See /home/user/latex-in-arxiv/0302085.latexml.log) (reqd. 49.15s)
