latexml (LaTeXML version 0.8.6) processing 2003/0302052.tex
(Digesting TeX 0302052...
(Loading /usr/share/perl5/LaTeXML/Package/TeX.pool.ltxml...
(Loading /usr/share/perl5/LaTeXML/Package/eTeX.pool.ltxml... 0.01 sec)
(Loading /usr/share/perl5/LaTeXML/Package/pdfTeX.pool.ltxml... 0.01 sec) 0.19 sec)
(Processing content /home/user/latex-in-arxiv/2003/0302052.tex...
(Loading /usr/share/perl5/LaTeXML/Package/LaTeX.pool.ltxml...
(Loading /usr/share/perl5/LaTeXML/Package/textcomp.sty.ltxml...
(Processing definitions /usr/share/texlive/texmf-dist/tex/latex-dev/base/ts1enc.dfu... 0.03 sec) 1.45 sec) 1.73 sec)
Info:unexpected:\documentstyle Entering LaTeX 2.09 Compatibility mode
	at 0302052.tex; line 1 col 0 - line 1 col 34
(Loading /usr/share/perl5/LaTeXML/Package/article.cls.ltxml... 0.02 sec)
(Loading /usr/share/perl5/LaTeXML/Package/epsf.sty.ltxml... 0.01 sec)
Info:unexpected:titlepage When using titlepage, Frontmatter will not be well-structured
	at 0302052.tex; line 101 col 0 - line 101 col 17
Warning:unexpected:\end{document} Attempt to end document with open groups, environments or conditionals
	at 0302052.tex; line 535 col 0 - line 535 col 14
	Group opened by { 0302052.tex; line 429 col 1 - line 429 col 1
	In Core::Definition::Constructor[\end{do... /usr/share/perl5/LaTeXML/Package/LaTeX.pool.ltxml; line 395
 6.88 sec) 7.13 sec)
(Building...
(Loading compiled schema /usr/share/perl5/LaTeXML/resources/RelaxNG/LaTeXML.model... 0.01 sec) 6.01 sec)
(Rewriting... 0.16 sec)
(Math Parsing 204 formulae ......
Warning:not_parsed:FLOATSUBSCRIPT>MULOP MathParser failed to match rule 'Anything'
	at 0302052.tex; line 433 col 348 - line 433 col 372
	In "${}_{3}\times S^{3}\times T^{4}$"
	{}_{3}[[FLOATSUBSCRIPT]]
	        > ×[[MULOP]] S[[UNKNOWN]] ^{3}[[POSTSUPERSCRIPT]] ×[[MULOP]] T[[UNKNOWN]] ^{4}[[POSTSUPERSCRIPT]]
Warning:not_parsed:FLOATSUBSCRIPT>MULOP MathParser failed to match rule 'Anything'
	at 0302052.tex; line 435 col 213 - line 435 col 237
	In "${}_{3}\times S^{3}\times T^{4}$"
	{}_{3}[[FLOATSUBSCRIPT]]
	        > ×[[MULOP]] S[[UNKNOWN]] ^{3}[[POSTSUPERSCRIPT]] ×[[MULOP]] T[[UNKNOWN]] ^{4}[[POSTSUPERSCRIPT]]
 8.31 sec)
Math parsing succeeded:
   ltx:XMArg: 1045/1045
   ltx:XMath: 202/204
Symbols assumed as simple identifiers (with # of occurences):
   'A{italic}' (12), 'B{italic}' (1), 'C{italic}' (2), 'E{italic}' (4), 'F{italic}' (58), 'G{italic}' (6), 'H{italic}' (1), 'J{italic}' (34), 'L{italic}' (3), 'M{italic}' (1), 'N{italic}' (43), 'O{caligraphic}' (2), 'Phi' (5), 'P{italic}' (2), 'Q{italic}' (79), 'R{italic}' (83), 'S{italic}' (16), 'T{italic}' (44), 'U{italic}' (4), 'V{italic}' (3), 'alpha' (11), 'beta' (6), 'c{italic}' (23), 'd{italic}' (98), 'e{italic}' (7), 'f{italic}' (91), 'g{italic}' (24), 'h{italic}' (24), 'i{italic}' (2), 'l{italic}' (2), 'mu' (5), 'nu' (5), 'n{italic}' (2), 'phi' (81), 'pi' (4), 'p{italic}' (25), 'q{italic}' (6), 'r{italic}' (60), 'sigma' (5), 's{italic}' (12), 'tau' (8), 'theta' (57), 't{italic}' (32), 'u{italic}' (2), 'v{italic}' (1), 'x{italic}' (3), 'y{italic}' (3), 'z{italic}' (26)
Set MATHPARSER_SPECULATE to speculate on possible notations.
(Finalizing... 0.87 sec)
Conversion complete 3 warnings (See /home/user/latex-in-arxiv/0302052.latexml.log) (reqd. 23.15s)
