latexml (LaTeXML version 0.8.6) processing 2003/0302181.tex
(Digesting TeX 0302181...
(Loading /usr/share/perl5/LaTeXML/Package/TeX.pool.ltxml...
(Loading /usr/share/perl5/LaTeXML/Package/eTeX.pool.ltxml... 0.00 sec)
(Loading /usr/share/perl5/LaTeXML/Package/pdfTeX.pool.ltxml... 0.01 sec) 0.15 sec)
(Processing content /home/user/latex-in-arxiv/2003/0302181.tex...
(Loading /usr/share/perl5/LaTeXML/Package/LaTeX.pool.ltxml...
(Loading /usr/share/perl5/LaTeXML/Package/textcomp.sty.ltxml...
(Processing definitions /usr/share/texlive/texmf-dist/tex/latex-dev/base/ts1enc.dfu... 0.05 sec) 1.47 sec) 1.67 sec)
(Loading /usr/share/perl5/LaTeXML/Package/article.cls.ltxml... 0.01 sec)
(Loading /usr/share/perl5/LaTeXML/Package/epsfig.sty.ltxml...
(Loading /usr/share/perl5/LaTeXML/Package/graphicx.sty.ltxml...
(Loading /usr/share/perl5/LaTeXML/Package/graphics.sty.ltxml... 0.01 sec) 0.03 sec) 0.05 sec)
Info:ignore:\eqalign Ignoring redefinition (\newcommand) of '\eqalign'
	at 0302181.tex; line 63 col 0 - line 63 col 60
 12.97 sec) 13.23 sec)
(Building...
(Loading compiled schema /usr/share/perl5/LaTeXML/resources/RelaxNG/LaTeXML.model... 0.02 sec) 15.39 sec)
(Rewriting... 0.45 sec)
(Math Parsing 929 formulae ......
Warning:not_parsed:UNKNOWN.RELOP.NUMBER>CLOSE MathParser failed to match rule 'Anything'
	at 0302181.tex; line 891 col 52 - line 891 col 58
	In "$\rho=p=0)$"
	Ï[[UNKNOWN]] =[[RELOP]] p[[UNKNOWN]] =[[RELOP]] 0[[NUMBER]]
	        > )[[CLOSE]]
 29.07 sec)
Math parsing succeeded:
   ltx:XMath: 928/929
   ltx:XMArg: 1958/1958
Symbols assumed as simple identifiers (with # of occurences):
   'A{italic}' (24), 'B{italic}' (17), 'C{italic}' (30), 'Delta' (24), 'D{italic}' (16), 'E{italic}' (17), 'F{italic}' (21), 'Gamma' (3), 'H{italic}' (76), 'K{italic}' (3), 'Lambda' (3), 'L{caligraphic}' (27), 'M{italic}' (32), 'N{italic}' (41), 'P{italic}' (11), 'R{italic}' (21), 'S{italic}' (7), 'T{italic}' (6), 'V{italic}' (4), 'alpha' (31), 'arc' (2), 'arctan' (2), 'a{italic}' (78), 'beta' (25), 'b{italic}' (17), 'chi' (7), 'c{italic}' (50), 'd' (28), 'delta' (2), 'det' (1), 'd{italic}' (371), 'epsilon' (1), 'eta' (73), 'e{italic}' (80), 'for' (2), 'f{italic}' (18), 'gamma' (1), 'g{italic}' (12), 'h' (8), 'i{italic}' (62), 'j{italic}' (18), 'k{italic}' (3), 'lambda' (30), 'ln' (3), 'log' (10), 'l{italic}' (12), 'mu' (27), 'm{italic}' (6), 'nu' (26), 'n{italic}' (139), 'omega' (93), 'phi' (178), 'pi' (35), 'psi' (8), 'p{italic}' (76), 'q{italic}' (101), 'rho' (65), 'r{italic}' (32), 'sigma' (16), 's{italic}' (2), 'tan' (7), 'tau' (42), 'theta' (2), 't{italic}' (71), 'varphi' (68), 'with' (12), 'xi' (92), 'x{italic}' (10), 'zeta' (3)
Set MATHPARSER_SPECULATE to speculate on possible notations.
(Finalizing... 1.65 sec)
Conversion complete 1 warning (See /home/user/latex-in-arxiv/0302181.latexml.log) (reqd. 1m 0.91s)
