latexml (LaTeXML version 0.8.6) processing 2003/0302139.tex
(Digesting TeX 0302139...
(Loading /usr/share/perl5/LaTeXML/Package/TeX.pool.ltxml...
(Loading /usr/share/perl5/LaTeXML/Package/eTeX.pool.ltxml... 0.00 sec)
(Loading /usr/share/perl5/LaTeXML/Package/pdfTeX.pool.ltxml... 0.01 sec) 0.12 sec)
(Processing content /home/user/latex-in-arxiv/2003/0302139.tex...
(Loading /usr/share/perl5/LaTeXML/Package/LaTeX.pool.ltxml...
(Loading /usr/share/perl5/LaTeXML/Package/textcomp.sty.ltxml...
(Processing definitions /usr/share/texlive/texmf-dist/tex/latex-dev/base/ts1enc.dfu... 0.02 sec) 0.92 sec) 1.09 sec)
(Loading /usr/share/perl5/LaTeXML/Package/article.cls.ltxml... 0.01 sec)
(Loading /usr/share/perl5/LaTeXML/Package/latexsym.sty.ltxml... 0.00 sec) 20.26 sec) 20.44 sec)
(Building...
(Loading compiled schema /usr/share/perl5/LaTeXML/resources/RelaxNG/LaTeXML.model... 0.01 sec)
Info:malformed:id Duplicated attribute xml:id
	at 0302139.tex; line 441 col 1 - line 441 col 1
	Using id='S2.E49a' on <ltx:XMRow _box="Alignment[]" _font="Font[math,medium,italic,10,bla..."/>
	id='S2.E49' already set on <ltx:equation _box="LaTeXML::Core::Alignment=HASH(..." _font="Font[serif,medium,upright,10,b..." xml:id="S2.E49" _ID_counter_m_="3">...
Info:malformed:id Duplicated attribute xml:id
	at 0302139.tex; line 448 col 1 - line 448 col 1
	Using id='S2.E52a' on <ltx:XMRow _box="Alignment[]" _font="Font[math,medium,italic,10,bla..."/>
	id='S2.E52' already set on <ltx:equation _box="LaTeXML::Core::Alignment=HASH(..." _font="Font[serif,medium,upright,10,b..." xml:id="S2.E52" _ID_counter_m_="2">...
Info:malformed:id Duplicated attribute xml:id
	at 0302139.tex; line 1052 col 1 - line 1052 col 1
	Using id='S4.E145a' on <ltx:XMRow _box="Alignment[]" _font="Font[math,medium,italic,10,bla..."/>
	id='S4.E145' already set on <ltx:equation _box="LaTeXML::Core::Alignment=HASH(..." _font="Font[serif,medium,upright,10,b..." xml:id="S4.E145" _ID_counter_m_="3">...
Info:malformed:id Duplicated attribute xml:id
	at 0302139.tex; line 1068 col 6 - line 1068 col 6
	Using id='S4.E152a' on <ltx:XMRow _box="Alignment[]" _font="Font[math,medium,italic,10,bla..."/>
	id='S4.E152' already set on <ltx:equation _box="LaTeXML::Core::Alignment=HASH(..." _font="Font[serif,medium,upright,10,b..." xml:id="S4.E152" _ID_counter_m_="2">...
Info:malformed:id Duplicated attribute xml:id
	at 0302139.tex; line 1135 col 1 - line 1135 col 1
	Using id='S4.E163a' on <ltx:XMRow _box="Alignment[]" _font="Font[math,medium,italic,10,bla..."/>
	id='S4.E163' already set on <ltx:equation _box="LaTeXML::Core::Alignment=HASH(..." _font="Font[serif,medium,upright,10,b..." xml:id="S4.E163" _ID_counter_m_="3">...
Info:malformed:id Duplicated attribute xml:id
	at 0302139.tex; line 1140 col 1 - line 1140 col 1
	Using id='S4.E166a' on <ltx:XMRow _box="Alignment[]" _font="Font[math,medium,italic,10,bla..."/>
	id='S4.E166' already set on <ltx:equation _box="LaTeXML::Core::Alignment=HASH(..." _font="Font[serif,medium,upright,10,b..." xml:id="S4.E166" _ID_counter_m_="2">...
Info:malformed:id Duplicated attribute xml:id
	at 0302139.tex; line 1479 col 1 - line 1479 col 1
	Using id='S5.E220a' on <ltx:XMRow _box="Alignment[]" _font="Font[math,medium,italic,10,bla..."/>
	id='S5.E220' already set on <ltx:equation _box="LaTeXML::Core::Alignment=HASH(..." _font="Font[serif,medium,upright,10,b..." xml:id="S5.E220" _ID_counter_m_="2">...
Info:malformed:id Duplicated attribute xml:id
	at 0302139.tex; line 2353 col 1 - line 2353 col 1
	Using id='S8.E340a' on <ltx:XMRow _box="Alignment[]" _font="Font[math,medium,italic,10,bla..."/>
	id='S8.E340' already set on <ltx:equation _box="LaTeXML::Core::Alignment=HASH(..." _font="Font[serif,medium,upright,10,b..." xml:id="S8.E340" _ID_counter_m_="1">...
Info:malformed:id Duplicated attribute xml:id
	at 0302139.tex; line 2359 col 1 - line 2359 col 1
	Using id='S8.E345a' on <ltx:XMRow _box="Alignment[]" _font="Font[math,medium,italic,10,bla..."/>
	id='S8.E345' already set on <ltx:equation _box="LaTeXML::Core::Alignment=HASH(..." _font="Font[serif,medium,upright,10,b..." xml:id="S8.E345" _ID_counter_m_="1">...
Info:malformed:id Duplicated attribute xml:id
	at 0302139.tex; line 2647 col 18 - line 2647 col 18
	Using id='Sx2.E391a' on <ltx:XMRow _box="Alignment[]" _font="Font[math,medium,italic,10,bla..."/>
	id='Sx2.E391' already set on <ltx:equation _box="LaTeXML::Core::Alignment=HASH(..." _font="Font[serif,medium,upright,10,b..." xml:id="Sx2.E391" _ID_counter_m_="1">...
Info:malformed:id Duplicated attribute xml:id
	at 0302139.tex; line 2648 col 0 - line 2648 col 92
	Using id='Sx2.E394a' on <ltx:XMRow _box="Alignment[]" _font="Font[math,medium,italic,10,bla..."/>
	id='Sx2.E394' already set on <ltx:equation _box="LaTeXML::Core::Alignment=HASH(..." _font="Font[serif,medium,upright,10,b..." xml:id="Sx2.E394" _ID_counter_m_="1">...
Info:malformed:id Duplicated attribute xml:id
	at 0302139.tex; line 2739 col 150 - line 2739 col 150
	Using id='Sx2.E415a' on <ltx:XMRow _box="Alignment[]" _font="Font[math,medium,italic,10,bla..."/>
	id='Sx2.E415' already set on <ltx:equation _box="LaTeXML::Core::Alignment=HASH(..." _font="Font[serif,medium,upright,10,b..." xml:id="Sx2.E415" _ID_counter_m_="3">...
Info:malformed:id Duplicated attribute xml:id
	at 0302139.tex; line 2739 col 0 - line 2739 col 500
	Using id='Sx2.E418a' on <ltx:XMRow _box="Alignment[]" _font="Font[math,medium,italic,10,bla..."/>
	id='Sx2.E418' already set on <ltx:equation _box="LaTeXML::Core::Alignment=HASH(..." _font="Font[serif,medium,upright,10,b..." xml:id="Sx2.E418" _ID_counter_m_="2">...
Info:malformed:id Duplicated attribute xml:id
	at 0302139.tex; line 2750 col 186 - line 2750 col 186
	Using id='Sx2.E426a' on <ltx:XMRow _box="Alignment[]" _font="Font[math,medium,italic,10,bla..."/>
	id='Sx2.E426' already set on <ltx:equation _box="LaTeXML::Core::Alignment=HASH(..." _font="Font[serif,medium,upright,10,b..." xml:id="Sx2.E426" _ID_counter_m_="3">...
Info:malformed:id Duplicated attribute xml:id
	at 0302139.tex; line 2751 col 0 - line 2751 col 67
	Using id='Sx2.E430a' on <ltx:XMRow _box="Alignment[]" _font="Font[math,medium,italic,10,bla..."/>
	id='Sx2.E430' already set on <ltx:equation _box="LaTeXML::Core::Alignment=HASH(..." _font="Font[serif,medium,upright,10,b..." xml:id="Sx2.E430" _ID_counter_m_="1">...
Info:malformed:id Duplicated attribute xml:id
	at 0302139.tex; line 2756 col 100 - line 2756 col 100
	Using id='Sx2.E434a' on <ltx:XMRow _box="Alignment[]" _font="Font[math,medium,italic,10,bla..."/>
	id='Sx2.E434' already set on <ltx:equation _box="LaTeXML::Core::Alignment=HASH(..." _font="Font[serif,medium,upright,10,b..." xml:id="Sx2.E434" _ID_counter_m_="1">...
Info:malformed:id Duplicated attribute xml:id
	at 0302139.tex; line 2757 col 0 - line 2757 col 99
	Using id='Sx2.E438a' on <ltx:XMRow _box="Alignment[]" _font="Font[math,medium,italic,10,bla..."/>
	id='Sx2.E438' already set on <ltx:equation _box="LaTeXML::Core::Alignment=HASH(..." _font="Font[serif,medium,upright,10,b..." xml:id="Sx2.E438" _ID_counter_m_="1">...
Info:malformed:id Duplicated attribute xml:id
	at 0302139.tex; line 2762 col 80 - line 2762 col 80
	Using id='Sx2.E441a' on <ltx:XMRow _box="Alignment[]" _font="Font[math,medium,italic,10,bla..."/>
	id='Sx2.E441' already set on <ltx:equation _box="LaTeXML::Core::Alignment=HASH(..." _font="Font[serif,medium,upright,10,b..." xml:id="Sx2.E441" _ID_counter_m_="3">...
Info:malformed:id Duplicated attribute xml:id
	at 0302139.tex; line 2762 col 416 - line 2762 col 416
	Using id='Sx2.E444a' on <ltx:XMRow _box="Alignment[]" _font="Font[math,medium,italic,10,bla..."/>
	id='Sx2.E444' already set on <ltx:equation _box="LaTeXML::Core::Alignment=HASH(..." _font="Font[serif,medium,upright,10,b..." xml:id="Sx2.E444" _ID_counter_m_="1">...
Info:malformed:id Duplicated attribute xml:id
	at 0302139.tex; line 2780 col 0 - line 2780 col 133
	Using id='Sx2.E450a' on <ltx:XMRow _box="Alignment[]" _font="Font[math,medium,italic,10,bla..."/>
	id='Sx2.E450' already set on <ltx:equation _box="LaTeXML::Core::Alignment=HASH(..." _font="Font[serif,medium,upright,10,b..." xml:id="Sx2.E450" _ID_counter_m_="1">...
Info:malformed:id Duplicated attribute xml:id
	at 0302139.tex; line 2806 col 74 - line 2806 col 74
	Using id='Sx3.E456a' on <ltx:XMRow _box="Alignment[]" _font="Font[math,medium,italic,10,bla..."/>
	id='Sx3.E456' already set on <ltx:equation _box="LaTeXML::Core::Alignment=HASH(..." _font="Font[serif,medium,upright,10,b..." xml:id="Sx3.E456" _ID_counter_m_="3">...
Info:malformed:id Duplicated attribute xml:id
	at 0302139.tex; line 2807 col 252 - line 2807 col 252
	Using id='Sx3.E463a' on <ltx:XMRow _box="Alignment[]" _font="Font[math,medium,italic,10,bla..."/>
	id='Sx3.E463' already set on <ltx:equation _box="LaTeXML::Core::Alignment=HASH(..." _font="Font[serif,medium,upright,10,b..." xml:id="Sx3.E463" _ID_counter_m_="2">...
Info:malformed:id Duplicated attribute xml:id
	at 0302139.tex; line 2809 col 100 - line 2809 col 100
	Using id='Sx3.E466a' on <ltx:XMRow _box="Alignment[]" _font="Font[math,medium,italic,10,bla..."/>
	id='Sx3.E466' already set on <ltx:equation _box="LaTeXML::Core::Alignment=HASH(..." _font="Font[serif,medium,upright,10,b..." xml:id="Sx3.E466" _ID_counter_m_="2">...
Info:malformed:id Duplicated attribute xml:id
	at 0302139.tex; line 2830 col 74 - line 2830 col 74
	Using id='Sx3.E472a' on <ltx:XMRow _box="Alignment[]" _font="Font[math,medium,italic,10,bla..."/>
	id='Sx3.E472' already set on <ltx:equation _box="LaTeXML::Core::Alignment=HASH(..." _font="Font[serif,medium,upright,10,b..." xml:id="Sx3.E472" _ID_counter_m_="3">...
Info:malformed:id Duplicated attribute xml:id
	at 0302139.tex; line 2831 col 243 - line 2831 col 243
	Using id='Sx3.E479a' on <ltx:XMRow _box="Alignment[]" _font="Font[math,medium,italic,10,bla..."/>
	id='Sx3.E479' already set on <ltx:equation _box="LaTeXML::Core::Alignment=HASH(..." _font="Font[serif,medium,upright,10,b..." xml:id="Sx3.E479" _ID_counter_m_="2">...
Info:malformed:id Duplicated attribute xml:id
	at 0302139.tex; line 2833 col 69 - line 2833 col 69
	Using id='Sx3.E484a' on <ltx:XMRow _box="Alignment[]" _font="Font[math,medium,italic,10,bla..."/>
	id='Sx3.E484' already set on <ltx:equation _box="LaTeXML::Core::Alignment=HASH(..." _font="Font[serif,medium,upright,10,b..." xml:id="Sx3.E484" _ID_counter_m_="2">...
Info:malformed:id Duplicated attribute xml:id
	at 0302139.tex; line 2835 col 0 - line 2835 col 69
	Using id='Sx3.E489a' on <ltx:XMRow _box="Alignment[]" _font="Font[math,medium,italic,10,bla..."/>
	id='Sx3.E489' already set on <ltx:equation _box="LaTeXML::Core::Alignment=HASH(..." _font="Font[serif,medium,upright,10,b..." xml:id="Sx3.E489" _ID_counter_m_="2">...
Info:malformed:id Duplicated attribute xml:id
	at 0302139.tex; line 2931 col 69 - line 2931 col 69
	Using id='Sx3.E512a' on <ltx:XMRow _box="Alignment[]" _font="Font[math,medium,italic,10,bla..."/>
	id='Sx3.E512' already set on <ltx:equation _box="LaTeXML::Core::Alignment=HASH(..." _font="Font[serif,medium,upright,10,b..." xml:id="Sx3.E512" _ID_counter_m_="3">...
Info:malformed:id Duplicated attribute xml:id
	at 0302139.tex; line 2932 col 0 - line 2932 col 237
	Using id='Sx3.E517a' on <ltx:XMRow _box="Alignment[]" _font="Font[math,medium,italic,10,bla..."/>
	id='Sx3.E517' already set on <ltx:equation _box="LaTeXML::Core::Alignment=HASH(..." _font="Font[serif,medium,upright,10,b..." xml:id="Sx3.E517" _ID_counter_m_="2">...
Info:malformed:id Duplicated attribute xml:id
	at 0302139.tex; line 2961 col 230 - line 2961 col 230
	Using id='Sx3.E525a' on <ltx:XMRow _box="Alignment[]" _font="Font[math,medium,italic,10,bla..."/>
	id='Sx3.E525' already set on <ltx:equation _box="LaTeXML::Core::Alignment=HASH(..." _font="Font[serif,medium,upright,10,b..." xml:id="Sx3.E525" _ID_counter_m_="3">...
Info:malformed:id Duplicated attribute xml:id
	at 0302139.tex; line 2963 col 130 - line 2963 col 130
	Using id='Sx3.E532a' on <ltx:XMRow _box="Alignment[]" _font="Font[math,medium,italic,10,bla..."/>
	id='Sx3.E532' already set on <ltx:equation _box="LaTeXML::Core::Alignment=HASH(..." _font="Font[serif,medium,upright,10,b..." xml:id="Sx3.E532" _ID_counter_m_="1">...
Info:malformed:id Duplicated attribute xml:id
	at 0302139.tex; line 2967 col 0 - line 2967 col 67
	Using id='Sx3.E539a' on <ltx:XMRow _box="Alignment[]" _font="Font[math,medium,italic,10,bla..."/>
	id='Sx3.E539' already set on <ltx:equation _box="LaTeXML::Core::Alignment=HASH(..." _font="Font[serif,medium,upright,10,b..." xml:id="Sx3.E539" _ID_counter_m_="2">...
Info:malformed:id Duplicated attribute xml:id
	at 0302139.tex; line 2972 col 0 - line 2972 col 212
	Using id='Sx3.E546a' on <ltx:XMRow _box="Alignment[]" _font="Font[math,medium,italic,10,bla..."/>
	id='Sx3.E546' already set on <ltx:equation _box="LaTeXML::Core::Alignment=HASH(..." _font="Font[serif,medium,upright,10,b..." xml:id="Sx3.E546" _ID_counter_m_="1">...
 22.06 sec)
(Rewriting... 0.95 sec)
(Math Parsing 1190 formulae ......
Warning:not_parsed:>FLOATSUPERSCRIPT MathParser failed to match rule 'Superscript'
	at 0302139.tex; line 240 col 26 - line 240 col 26
	In "\begin{equation}h^{{}^{\prime}(\delta,\bar{\delta})}(z^{{}^{\prime}},{\bar{z}}%
	^{{}^{\prime}})=(cz+d)^{\delta}(\bar{c}\bar{z}+\bar{d})^{\bar{\delta}}h^{(%
	\delta,\bar{\delta})}(\frac{az+b}{cz+d},\frac{\bar{a}\bar{z}+\bar{b}}{\bar{c}%
	\bar{z}+\bar{d}})\end{equation}"
	> {}^{\prime}[[FLOATSUPERSCRIPT]] ([[OPEN]] δ[[UNKNOWN]] ,[[PUNCT]] \bar{\delta}[[UNKNOWN]] )[[CLOSE]]
Warning:not_parsed:>FLOATSUPERSCRIPT MathParser failed to match rule 'Superscript'
	at 0302139.tex; line 347 col 37 - line 347 col 37
	In "\begin{equation}s^{{\dagger}}=(\bar{T},R),~{}~{}~{}~{}s^{{}^{\prime}{\dagger}}%
	=s^{{\dagger}}\Lambda^{-1}\end{equation}"
	> {}^{\prime}[[FLOATSUPERSCRIPT]] †[[MULOP]]
Warning:not_parsed:>FLOATSUPERSCRIPT MathParser failed to match rule 'Superscript'
	at 0302139.tex; line 533 col 37 - line 533 col 37
	In "\begin{equation}R^{-1}\bar{T}=\bar{y},~{}~{}~{}~{}~{}R^{{}^{\prime}-1}\bar{T}^%
	{{}^{\prime}}=\bar{y}^{{}^{\prime}}\end{equation}"
	> {}^{\prime}[[FLOATSUPERSCRIPT]] -[[ADDOP]] 1[[NUMBER]]
Warning:not_parsed:>FLOATSUPERSCRIPT MathParser failed to match rule 'Superscript'
	at 0302139.tex; line 837 col 7 - line 837 col 7
	In "\begin{equation}x^{{}^{\prime}-1}=n~{}(p^{-1}~{}\sum_{n}c_{n}(xp^{-1})^{n}+%
	\ell^{-1})^{-1}~{}\bar{m}\end{equation}"
	> {}^{\prime}[[FLOATSUPERSCRIPT]] -[[ADDOP]] 1[[NUMBER]]
Warning:not_parsed:>FLOATSUPERSCRIPT MathParser failed to match rule 'Superscript'
	at 0302139.tex; line 902 col 7 - line 902 col 7
	In "\begin{equation}X^{{}^{\prime}-1}=\sum_{n}c_{n}(P^{-1}x)^{n}~{}P^{-1}+L^{-1}\end{equation}"
	> {}^{\prime}[[FLOATSUPERSCRIPT]] -[[ADDOP]] 1[[NUMBER]]
Warning:not_parsed:>FLOATSUPERSCRIPT MathParser failed to match rule 'Superscript'
	at 0302139.tex; line 911 col 7 - line 911 col 7
	In "\begin{equation}Z^{{}^{\prime}-1}=\sum_{n}c_{n}Z^{n}+L^{-1}P\end{equation}"
	> {}^{\prime}[[FLOATSUPERSCRIPT]] -[[ADDOP]] 1[[NUMBER]]
Warning:not_parsed:>FLOATSUPERSCRIPT MathParser failed to match rule 'Superscript'
	at 0302139.tex; line 1306 col 12 - line 1306 col 12
	In "\begin{equation}x^{\prime}=b^{\prime}d^{{}^{\prime}-1},~{}~{}~{}~{}~{}~{}p^{%
	\prime}=a^{\prime}c^{{}^{\prime}-1}-b^{\prime}d^{{}^{\prime}-1}\end{equation}"
	> {}^{\prime}[[FLOATSUPERSCRIPT]] -[[ADDOP]] 1[[NUMBER]]
Warning:not_parsed:>FLOATSUPERSCRIPT MathParser failed to match rule 'Superscript'
	at 0302139.tex; line 1306 col 32 - line 1306 col 32
	> {}^{\prime}[[FLOATSUPERSCRIPT]] -[[ADDOP]] 1[[NUMBER]]
Warning:not_parsed:>FLOATSUPERSCRIPT MathParser failed to match rule 'Superscript'
	at 0302139.tex; line 1306 col 0 - line 1306 col 42
	> {}^{\prime}[[FLOATSUPERSCRIPT]] -[[ADDOP]] 1[[NUMBER]]
Warning:not_parsed:UNKNOWN.POSTSUPERSCRIPT.UNKNOWN>RELOP MathParser failed to match rule 'Anything'
	at 0302139.tex; line 1564 col 1 - line 1564 col 1
	In "$\displaystyle d^{2}W=<0\mid\{\frac{2}{1-SU}~{}S~{}dU~{}\frac{1}{1-SU}~{}S~{}%
	dU~{}\frac{1}{1-SU}\@@ENDINLINEMATH"
	d[[UNKNOWN]] ^{2}[[POSTSUPERSCRIPT]] W[[UNKNOWN]]
	        > =[[RELOP]] <[[RELOP]] 0[[NUMBER]] ∣[[VERTBAR]] \{[[OPEN]] \frac{2}{1-SU}[[UNKNOWN]] S[[UNKNOWN]] d[[UNKNOWN]] U[[UNKNOWN]] \frac{1}{1-SU}[[UNKNOWN]] S[[UNKNOWN]] d[[UNKNOWN]] U[[UNKNOWN]] \frac{1}{1-SU}[[UNKNOWN]]
Warning:not_parsed:UNKNOWN.POSTSUPERSCRIPT.UNKNOWN>RELOP MathParser failed to match rule 'Anything'
	at 0302139.tex; line 1564 col 1 - line 1565 col 1
	In "$\displaystyle d^{2}W=<0\mid\{\frac{2}{1-SU}~{}S~{}dU~{}\frac{1}{1-SU}~{}S~{}%
	dU~{}\frac{1}{1-SU}$"
	d[[UNKNOWN]] ^{2}[[POSTSUPERSCRIPT]] W[[UNKNOWN]]
	        > =[[RELOP]] <[[RELOP]] 0[[NUMBER]] ∣[[VERTBAR]] \{[[OPEN]] \frac{2}{1-SU}[[UNKNOWN]] S[[UNKNOWN]] d[[UNKNOWN]] U[[UNKNOWN]] \frac{1}{1-SU}[[UNKNOWN]] S[[UNKNOWN]] d[[UNKNOWN]] U[[UNKNOWN]] \frac{1}{1-SU}[[UNKNOWN]]
Warning:not_parsed:POSTSUPERSCRIPT.UNKNOWN.ATOM>CLOSE MathParser failed to match rule 'Anything'
	at 0302139.tex; line 1565 col 1 - line 1565 col 1
	In "$\displaystyle~{}~{}~{}~{}~{}~{}~{}~{}+\frac{1}{1-SU}~{}S~{}d^{2}U~{}\frac{1}{%
	1-SU}\}\mid\beta>,~{}~{}~{}~{}~{}{\rm etc.}\@@ENDINLINEMATH"
	+[[ADDOP]] \frac{1}{1-SU}[[UNKNOWN]] S[[UNKNOWN]] d[[UNKNOWN]] ^{2}[[POSTSUPERSCRIPT]] U[[UNKNOWN]] \frac{1}{1-SU}[[UNKNOWN]]
	        > \}[[CLOSE]] ∣[[VERTBAR]] β[[UNKNOWN]] >[[RELOP]] ,[[PUNCT]] etc[[UNKNOWN]]
Warning:not_parsed:POSTSUPERSCRIPT.UNKNOWN.ATOM>CLOSE MathParser failed to match rule 'Anything'
	at 0302139.tex; line 1565 col 1 - line 1566 col 14
	In "$\displaystyle~{}~{}~{}~{}~{}~{}~{}~{}+\frac{1}{1-SU}~{}S~{}d^{2}U~{}\frac{1}{%
	1-SU}\}\mid\beta>,~{}~{}~{}~{}~{}{\rm etc.}$"
	+[[ADDOP]] \frac{1}{1-SU}[[UNKNOWN]] S[[UNKNOWN]] d[[UNKNOWN]] ^{2}[[POSTSUPERSCRIPT]] U[[UNKNOWN]] \frac{1}{1-SU}[[UNKNOWN]]
	        > \}[[CLOSE]] ∣[[VERTBAR]] β[[UNKNOWN]] >[[RELOP]] ,[[PUNCT]] etc[[UNKNOWN]]
Warning:not_parsed:UNKNOWN.POSTSUPERSCRIPT>OPEN MathParser failed to match rule 'Anything'
	at 0302139.tex; line 2057 col 43 - line 2060 col 2
	In "$\displaystyle e^{i\psi}(\frac{1}{2}\frac{z}{\sqrt{1+z\bar{z}}}\frac{\partial}%
	{\partial\rho}-\frac{\bar{z}}{\rho}\sqrt{1+z\bar{z}}\frac{\partial}{\partial%
	\bar{z}}$"
	e[[UNKNOWN]] ^{i\psi}[[POSTSUPERSCRIPT]]
	        > ([[OPEN]] \frac{1}{2}[[UNKNOWN]] \frac{z}{\sqrt{1+z\bar{z}}}[[UNKNOWN]] \frac{\partial}{\partial\rho}[[UNKNOWN]] -[[ADDOP]] \frac{\bar{z}}{\rho}[[UNKNOWN]] \sqrt{1+z\bar{z}}[[UNKNOWN]] \frac{\partial}{\partial\bar{z}}[[UNKNOWN]]
Warning:not_parsed:ATOM.ATOM.ATOM>CLOSE MathParser failed to match rule 'Anything'
	at 0302139.tex; line 2060 col 15 - line 2062 col 14
	In "$\displaystyle\frac{1}{2i}\frac{1}{\rho}\sqrt{1+z\bar{z}}\frac{\partial}{%
	\partial\psi})$"
	\frac{1}{2i}[[UNKNOWN]] \frac{1}{\rho}[[UNKNOWN]] \sqrt{1+z\bar{z}}[[UNKNOWN]] \frac{\partial}{\partial\psi}[[UNKNOWN]]
	        > )[[CLOSE]]
Warning:not_parsed:>FLOATSUPERSCRIPT MathParser failed to match rule 'Superscript'
	at 0302139.tex; line 2634 col 52 - line 2634 col 52
	In "\begin{equation}U~{}\mid 0>=\mid 0>~{},~{}~{}~{}~{}U~{}a_{1}^{\dagger}~{}U^{-1%
	}=a_{1}^{{}^{\prime}{\dagger}}~{},~{}~{}~{}~{}U~{}a_{2}^{\dagger}~{}U^{-1}=a_{%
	2}^{{}^{\prime}{\dagger}}~{},\end{equation}"
	> {}^{\prime}[[FLOATSUPERSCRIPT]] †[[MULOP]]
Warning:not_parsed:>FLOATSUPERSCRIPT MathParser failed to match rule 'Superscript'
	at 0302139.tex; line 2634 col 87 - line 2634 col 87
	> {}^{\prime}[[FLOATSUPERSCRIPT]] †[[MULOP]]
Warning:not_parsed:>FLOATSUPERSCRIPT MathParser failed to match rule 'Superscript'
	at 0302139.tex; line 2644 col 9 - line 2644 col 9
	In "$\displaystyle a^{{}^{\prime}{\dagger}}~{}U~{}a^{\dagger}~{}U^{-1}=e^{iJ_{3}%
	\alpha}~{}e^{iJ_{2}\beta}~{}e^{iJ_{3}\gamma}~{}a^{\dagger}~{}e^{-iJ_{3}\gamma}%
	~{}e^{-iJ_{2}\beta}~{}e^{-iJ_{3}\alpha}=a^{\dagger}~{}e^{i\sigma_{3}\frac{%
	\alpha}{2}}~{}e^{i\sigma_{2}\frac{\beta}{2}}~{}e^{i\sigma_{3}\frac{\gamma}{2}}%
	=a^{\dagger}~{}\pmatrix{\hidden@noalign{}\hfil\textstyle\psi_{1}&-\psi_{2}^{*}%
	\cr\hidden@noalign{}\hfil\textstyle\psi_{2}&\psi_{1}^{*}}=\pmatrix{%
	\hidden@noalign{}\hfil\textstyle a^{\dagger}\psi&a^{\dagger}\hat{\psi}\cr}=%
	\pmatrix{\hidden@noalign{}\hfil\textstyle a_{1}^{{}^{\prime}{\dagger}}&a_{2}^{%
	{}^{\prime}{\dagger}}\cr}\@@ENDINLINEMATH"
	> {}^{\prime}[[FLOATSUPERSCRIPT]] †[[MULOP]]
Warning:not_parsed:>FLOATSUPERSCRIPT MathParser failed to match rule 'Superscript'
	at 0302139.tex; line 2644 col 9 - line 2644 col 9
	In "$\displaystyle a^{{}^{\prime}{\dagger}}~{}U~{}a^{\dagger}~{}U^{-1}$"
	> {}^{\prime}[[FLOATSUPERSCRIPT]] †[[MULOP]]
Warning:not_parsed:>FLOATSUPERSCRIPT MathParser failed to match rule 'Superscript'
	at 0302139.tex; line 2659 col 65 - line 2659 col 65
	In "$\displaystyle U(\mbox{\boldmath$\omega$})\mid j,m^{\prime}>=\frac{a_{1}^{{}^{%
	\prime}{\dagger}j+m^{\prime}}}{\sqrt{(j+m^{\prime})!}}~{}\frac{a_{2}^{{}^{%
	\prime}{\dagger}j-m^{\prime}}}{\sqrt{(j-m^{\prime})!}}~{}\mid 0>=\frac{(a^{%
	\dagger}\psi)^{j+m^{\prime}}}{\sqrt{(j+m^{\prime})!}}~{}\frac{(a^{\dagger}\hat%
	{\psi})^{j-m^{\prime}}}{\sqrt{(j-m^{\prime})!}}~{}\mid 0>\@@ENDINLINEMATH"
	> {}^{\prime}[[FLOATSUPERSCRIPT]] †[[MULOP]] j[[UNKNOWN]] +[[ADDOP]] m[[UNKNOWN]] ^{\prime}[[POSTSUPERSCRIPT]]
Warning:not_parsed:>FLOATSUPERSCRIPT MathParser failed to match rule 'Superscript'
	at 0302139.tex; line 2659 col 105 - line 2659 col 105
	> {}^{\prime}[[FLOATSUPERSCRIPT]] †[[MULOP]] j[[UNKNOWN]] -[[ADDOP]] m[[UNKNOWN]] ^{\prime}[[POSTSUPERSCRIPT]]
Warning:not_parsed:>FLOATSUPERSCRIPT MathParser failed to match rule 'Superscript'
	at 0302139.tex; line 2659 col 65 - line 2659 col 65
	In "$\displaystyle\frac{a_{1}^{{}^{\prime}{\dagger}j+m^{\prime}}}{\sqrt{(j+m^{%
	\prime})!}}~{}\frac{a_{2}^{{}^{\prime}{\dagger}j-m^{\prime}}}{\sqrt{(j-m^{%
	\prime})!}}~{}\mid 0>$"
	> {}^{\prime}[[FLOATSUPERSCRIPT]] †[[MULOP]] j[[UNKNOWN]] +[[ADDOP]] m[[UNKNOWN]] ^{\prime}[[POSTSUPERSCRIPT]]
Warning:not_parsed:>FLOATSUPERSCRIPT MathParser failed to match rule 'Superscript'
	at 0302139.tex; line 2659 col 105 - line 2659 col 105
	> {}^{\prime}[[FLOATSUPERSCRIPT]] †[[MULOP]] j[[UNKNOWN]] -[[ADDOP]] m[[UNKNOWN]] ^{\prime}[[POSTSUPERSCRIPT]]
Warning:not_parsed:ATOM.CLOSE.POSTSUPERSCRIPT>MULOP MathParser failed to match rule 'Anything'
	at 0302139.tex; line 2714 col 1 - line 2714 col 1
	In "$\displaystyle D_{mm^{\prime}}^{j}(\psi)=\frac{1}{\sqrt{(j+m^{\prime})!}}~{}%
	\frac{1}{\sqrt{(j-m^{\prime})!}}~{}(\frac{\partial}{\partial\xi_{1}^{*}})^{j+m%
	}~{}(\frac{\partial}{\partial\xi_{2}^{*}})^{j-m}~{}\times~{}~{}~{}~{}\{\frac{(%
	\xi^{\dagger}\psi)^{j+m^{\prime}}}{\sqrt{(j+m^{\prime})!}}~{}\frac{(\xi^{%
	\dagger}\hat{\psi})^{j-m^{\prime}}}{\sqrt{(j-m^{\prime})!}}\}\@@ENDINLINEMATH"
	D[[UNKNOWN]] _{mm^{\prime}}[[POSTSUBSCRIPT]] ^{j}[[POSTSUPERSCRIPT]] ([[OPEN]] ψ[[UNKNOWN]] )[[CLOSE]] =[[RELOP]] \frac{1}{\sqrt{(j+m^{\prime})!}}[[UNKNOWN]] \frac{1}{\sqrt{(j-m^{\prime})!}}[[UNKNOWN]] ([[OPEN]] \frac{\partial}{\partial\xi_{1}^{*}}[[UNKNOWN]] )[[CLOSE]] ^{j+m}[[POSTSUPERSCRIPT]] ([[OPEN]] \frac{\partial}{\partial\xi_{2}^{*}}[[UNKNOWN]] )[[CLOSE]] ^{j-m}[[POSTSUPERSCRIPT]]
	        > ×[[MULOP]] $\displaystyleD_{mm^{\prime}}^{j}(\psi)=\frac{1}{\sqrt{(j+m^{\prime})!}}~{}\frac{1}{\sqrt{(j-m^{\prime})!}}~{}(\frac{\partial}{\partial\xi_{1}^{*}})^{j+m}~{}(\frac{\partial}{\partial\xi_{2}^{*}})^{j-m}~{}\times~{}~{}~{}~{}\{\frac{(\xi^{\dagger}\psi)^{j+m^{\prime}}}{\sqrt{(j+m^{\prime})!}}~{}\frac{(\xi^{\dagger}\hat{\psi})^{j-m^{\prime}}}{\sqrt{(j-m^{\prime})!}}\}\@@ENDINLINEMATH[[PUNCT]] \{[[OPEN]] \frac{(\xi^{\dagger}\psi)^{j+m^{\prime}}}{\sqrt{(j+m^{\prime})!}}[[UNKNOWN]] \frac{(\xi^{\dagger}\hat{\psi})^{j-m^{\prime}}}{\sqrt{(j-m^{\prime})!}}[[UNKNOWN]] \}[[CLOSE]]
Warning:not_parsed:ATOM.CLOSE.POSTSUPERSCRIPT>MULOP MathParser failed to match rule 'Anything'
	at 0302139.tex; line 2714 col 24 - line 2715 col 1
	In "$\displaystyle\frac{1}{\sqrt{(j+m^{\prime})!}}~{}\frac{1}{\sqrt{(j-m^{\prime})%
	!}}~{}(\frac{\partial}{\partial\xi_{1}^{*}})^{j+m}~{}(\frac{\partial}{\partial%
	\xi_{2}^{*}})^{j-m}~{}\times$"
	\frac{1}{\sqrt{(j+m^{\prime})!}}[[UNKNOWN]] \frac{1}{\sqrt{(j-m^{\prime})!}}[[UNKNOWN]] ([[OPEN]] \frac{\partial}{\partial\xi_{1}^{*}}[[UNKNOWN]] )[[CLOSE]] ^{j+m}[[POSTSUPERSCRIPT]] ([[OPEN]] \frac{\partial}{\partial\xi_{2}^{*}}[[UNKNOWN]] )[[CLOSE]] ^{j-m}[[POSTSUPERSCRIPT]]
	        > ×[[MULOP]]
Warning:not_parsed:ATOM>MULOP MathParser failed to match rule 'Anything'
	at 0302139.tex; line 2961 col 230 - line 2962 col 1
	In "$\displaystyle\pmatrix{\hidden@noalign{}\hfil\textstyle\psi_{1}^{2}&-\sqrt{2}%
	\psi_{1}\psi_{2}^{*}&\psi_{2}^{*}\cr\hidden@noalign{}\hfil\textstyle\sqrt{2}%
	\psi_{1}\psi_{2}&\mid\psi_{1}\mid^{2}-\mid\psi_{2}\mid^{2}&-\sqrt{2}\psi_{1}^{%
	*}\psi_{2}^{*}\cr\hidden@noalign{}\hfil\textstyle\psi_{2}^{2}&\sqrt{2}\psi_{2}%
	\psi_{1}^{*}&\psi_{1}^{*2}\cr}\times$"
	\pmatrix{\hidden@noalign{}\hfil\textstyle\psi_{1}^{2}&-\sqrt{2}\psi_{1}\psi_{2}^{*}&\psi_{2}^{*}\cr\hidden@noalign{}\hfil\textstyle\sqrt{2}\psi_{1}\psi_{2}&\mid\psi_{1}\mid^{2}-\mid\psi_{2}\mid^{2}&-\sqrt{2}\psi_{1}^{*}\psi_{2}^{*}\cr\hidden@noalign{}\hfil\textstyle\psi_{2}^{2}&\sqrt{2}\psi_{2}\psi_{1}^{*}&\psi_{1}^{*2}\cr}[[UNKNOWN]]
	        > ×[[MULOP]]
 57.91 sec)
Math parsing succeeded:
   ltx:XMArg: 5831/5852
   ltx:XMath: 1181/1190
   ltx:XMWrap: 99/99
Symbols assumed as simple identifiers (with # of occurences):
   'A{italic}' (15), 'Box' (22), 'B{italic}' (5), 'C{caligraphic}' (6), 'C{italic}' (20), 'Delta' (22), 'Det' (5), 'D{caligraphic}' (4), 'D{italic}' (167), 'E{italic}' (2), 'F{italic}' (88), 'G{italic}' (86), 'H{italic}' (11), 'I{italic}' (6), 'J{italic}' (65), 'K{italic}' (6), 'Lambda' (15), 'L{caligraphic}' (1), 'L{italic}' (68), 'M{italic}' (6), 'N{italic}' (4), 'Omega' (20), 'O{italic}' (64), 'Phi' (5), 'P{italic}' (15), 'Q{caligraphic}' (3), 'Q{italic}' (11), 'Ricci' (1), 'R{caligraphic}' (5), 'R{italic}' (21), 'Sc' (9), 'Sigma' (30), 'S{italic}' (156), 'T{italic}' (18), 'U{italic}' (137), 'Vec' (6), 'V{italic}' (37), 'Weyl' (2), 'W{italic}' (46), 'X{italic}' (7), 'Z{italic}' (71), 'alpha' (50), 'anti' (1), 'a{italic}' (179), 'beta' (34), 'b{italic}' (34), 'complex' (2), 'curvature' (1), 'c{italic}' (64), 'delta' (27), 'dual' (2), 'd{italic}' (127), 'ell' (25), 'epsilon' (4), 'eta' (10), 'etc' (4), 'e{italic}' (125), 'form' (1), 'f{italic}' (87), 'gamma' (19), 'g{italic}' (61), 'h{italic}' (7), 'infinitesimal' (1), 'i{italic}' (176), 'j{italic}' (278), 'kappa' (15), 'k{italic}' (9), 'lambda' (49), 'l{italic}' (1), 'mu' (20), 'm{italic}' (325), 'no' (1), 'nu' (20), 'n{italic}' (56), 'omega' (42), 'or' (2), 'o{italic}' (10), 'phi' (28), 'pi' (1), 'positive' (1), 'psi' (180), 'p{italic}' (79), 'real' (3), 'rho' (16), 'r{italic}' (7), 'scalar' (1), 'self' (2), 'sigma' (45), 's{italic}' (24), 'tensor' (3), 'theta' (6), 'traceless' (1), 't{italic}' (5), 'u{italic}' (171), 'v{italic}' (63), 'w{italic}' (57), 'xi' (225), 'x{italic}' (245), 'y{italic}' (5), 'zeta' (4), 'z{italic}' (153)
Set MATHPARSER_SPECULATE to speculate on possible notations.
(Finalizing... 4.18 sec)
Conversion complete 26 warnings (See /home/user/latex-in-arxiv/0302139.latexml.log) (reqd. 1m 47.58s)
