latexml (LaTeXML version 0.8.6) processing 2003/0302206.tex
(Digesting TeX 0302206...
(Loading /usr/share/perl5/LaTeXML/Package/TeX.pool.ltxml...
(Loading /usr/share/perl5/LaTeXML/Package/eTeX.pool.ltxml... 0.00 sec)
(Loading /usr/share/perl5/LaTeXML/Package/pdfTeX.pool.ltxml... 0.01 sec) 0.11 sec)
(Processing content /home/user/latex-in-arxiv/2003/0302206.tex...
(Loading /usr/share/perl5/LaTeXML/Package/LaTeX.pool.ltxml...
(Loading /usr/share/perl5/LaTeXML/Package/textcomp.sty.ltxml...
(Processing definitions /usr/share/texlive/texmf-dist/tex/latex-dev/base/ts1enc.dfu... 0.04 sec) 1.45 sec) 1.61 sec)
(Loading /usr/share/perl5/LaTeXML/Package/article.cls.ltxml... 0.01 sec)
(Loading /usr/share/perl5/LaTeXML/Package/epsfig.sty.ltxml...
(Loading /usr/share/perl5/LaTeXML/Package/graphicx.sty.ltxml...
(Loading /usr/share/perl5/LaTeXML/Package/graphics.sty.ltxml... 0.01 sec) 0.02 sec) 0.04 sec)
(Loading /usr/share/perl5/LaTeXML/Package/amsfonts.sty.ltxml... 0.00 sec)
(Loading /usr/share/perl5/LaTeXML/Package/amssymb.sty.ltxml... 0.02 sec)
Warning:expected:\endflushleft body should have ended with '\endflushleft'
	at 0302206.tex; line 1079 col 0 - line 1079 col 12
	current body started at 0302206.tex; line 1076 col 0 - line 1076 col 10
	Got T_CS[\let]
	 -- T_CS[\@@add@caption@counters]
	 -- T_CS[\@@toccaption]
	 -- Whatsit[\@@toccaption,Core::List[Box[[{]],Whatsit[\lx@tag,Core::List[],Box[ ],undef,Core::List[Box[[{]],Box[1],Box[[}]]]],Core::List[Box[[{]],Box[T],Box[h],Box[i],Box[s],Box[ ],Box[s],Box[h],Box[o],Box[w],Box[s],Box[ ],Box[t],Box[h],Box[e],Box[ ],Box[v],Box[a],Box[l],Box[u],Box[e],Box[ ],Box[o],Box[f],Box[ ],Box[t],Box[h],Box[e],Box[ ],Box[a],Box[c],Box[t],Box[i],Box[o],Box[n],Box[ ],Box[a],Box[s],Box[ ],Box[a],Box[ ],Box[f],Box[u],Box[n],Box[c],Box[t],Box[i],Box[o],Box[n],Box[
	],Box[o],Box[f],Box[ ],Whatsit[\@@BEGININLINEMATH,Core::List[Box[R Font[italic,text]],Box[B Font[italic,text]],Whatsit[\@@POSTSUBSCRIPT,Box[i Font[italic,7,script]]]],Whatsit[\@@ENDINLINEMATH]],Box[ ],Box[f],Box[o],Box[r],Box[ ],Box[t],Box[h],Box[e],Box[ ],Box[u],Box[n],Box[s],Box[h],Box[i],Box[f],Box[t],Box[e],Box[d],Box[ ],Box[i],Box[n],Box[s],Box[t],Box[a],Box[n],Box[t],Box[o],Box[n],Box[ ],Box[(],Box[c],Box[a],Box[s],Box[e],Box[ ],Box[1],Box[)],Box[.],Box[[}]]],Box[[}]]]]
	 -- T_CS[\@@caption]
	 -- Whatsit[\@@caption,Core::List[Box[[{]],Whatsit[\lx@tag,Core::List[],Core::List[Box[:],Box[ ]],undef,Core::List[Box[[{]],Box[F],Box[i],Box[g],Box[u],Box[r],Box[e],Box[ ],Box[1],Box[[}]]]],Core::List[Box[[{]],Box[T],Box[h],Box[i],Box[s],Box[ ],Box[s],Box[h],Box[o],Box[w],Box[s],Box[ ],Box[t],Box[h],Box[e],Box[ ],Box[v],Box[a],Box[l],Box[u],Box[e],Box[ ],Box[o],Box[f],Box[ ],Box[t],Box[h],Box[e],Box[ ],Box[a],Box[c],Box[t],Box[i],Box[o],Box[n],Box[ ],Box[a],Box[s],Box[ ],Box[a],Box[ ],Box[f],Box[u],Box[n],Box[c],Box[t],Box[i],Box[o],Box[n],Box[
	],Box[o],Box[f],Box[ ],Whatsit[\@@BEGININLINEMATH,Core::List[Box[R Font[italic,text]],Box[B Font[italic,text]],Whatsit[\@@POSTSUBSCRIPT,Box[i Font[italic,7,script]]]],Whatsit[\@@ENDINLINEMATH]],Box[ ],Box[f],Box[o],Box[r],Box[ ],Box[t],Box[h],Box[e],Box[ ],Box[u],Box[n],Box[s],Box[h],Box[i],Box[f],Box[t],Box[e],Box[d],Box[ ],Box[i],Box[n],Box[s],Box[t],Box[a],Box[n],Box[t],Box[o],Box[n],Box[ ],Box[(],Box[c],Box[a],Box[s],Box[e],Box[ ],Box[1],Box[)],Box[.],Box[[}]]],Box[[}]]]]
	 -- T_CS[\end{figure}]
	 -- Whatsit[\end{figure}]
	In Core::Stomach[@0x55ffbeb33198] /home/user/latex-in-arxiv/2003/0302206.tex; from line 1079 col 0 to line 1079 col 12
Warning:expected:\endflushleft body should have ended with '\endflushleft'
	at 0302206.tex; line 1088 col 0 - line 1088 col 12
	current body started at 0302206.tex; line 1084 col 0 - line 1084 col 10
	Got T_CS[\let]
	 -- T_CS[\@@add@caption@counters]
	 -- T_CS[\@@toccaption]
	 -- Whatsit[\@@toccaption,Core::List[Box[[{]],Whatsit[\lx@tag,Core::List[],Box[ ],undef,Core::List[Box[[{]],Box[2],Box[[}]]]],Core::List[Box[[{]],Box[T],Box[h],Box[i],Box[s],Box[ ],Box[s],Box[h],Box[o],Box[w],Box[s],Box[ ],Box[t],Box[h],Box[e],Box[ ],Box[v],Box[a],Box[l],Box[u],Box[e],Box[ ],Box[o],Box[f],Box[ ],Box[t],Box[h],Box[e],Box[ ],Box[a],Box[c],Box[t],Box[i],Box[o],Box[n],Box[ ],Box[a],Box[s],Box[ ],Box[a],Box[ ],Box[f],Box[u],Box[n],Box[c],Box[t],Box[i],Box[o],Box[n],Box[
	],Box[o],Box[f],Box[ ],Whatsit[\@@BEGININLINEMATH,Core::List[Box[R Font[italic,text]],Box[B Font[italic,text]],Whatsit[\@@POSTSUBSCRIPT,Box[i Font[italic,7,script]]]],Whatsit[\@@ENDINLINEMATH]],Box[ ],Box[f],Box[o],Box[r],Box[ ],Box[t],Box[h],Box[e],Box[ ],Box[f],Box[i],Box[r],Box[s],Box[t],Box[ ],Box[s],Box[h],Box[i],Box[f],Box[t],Box[e],Box[d],Box[ ],Box[i],Box[n],Box[s],Box[t],Box[a],Box[n],Box[t],Box[o],Box[n],Box[ ],Box[(],Box[c],Box[a],Box[s],Box[e],Box[ ],Box[2],Box[)],Box[.],Box[
	],Box[N],Box[o],Box[t],Box[e],Box[ ],Box[t],Box[h],Box[a],Box[t],Box[ ],Box[t],Box[h],Box[i],Box[s],Box[ ],Box[h],Box[a],Box[s],Box[ ],Whatsit[\@@BEGININLINEMATH,Core::List[Box[| Font[text]],Box[B Font[italic,text]],Whatsit[\@@POSTSUBSCRIPT,Box[1 Font[7,script]]],Box[| Font[text]],Box[> Font[text]],Box[| Font[text]],Box[B Font[italic,text]],Whatsit[\@@POSTSUBSCRIPT,Box[2 Font[7,script]]],Box[| Font[text]]],Whatsit[\@@ENDINLINEMATH]],Box[.],Box[[}]]],Box[[}]]]]
	 -- T_CS[\@@caption]
	 -- Whatsit[\@@caption,Core::List[Box[[{]],Whatsit[\lx@tag,Core::List[],Core::List[Box[:],Box[ ]],undef,Core::List[Box[[{]],Box[F],Box[i],Box[g],Box[u],Box[r],Box[e],Box[ ],Box[2],Box[[}]]]],Core::List[Box[[{]],Box[T],Box[h],Box[i],Box[s],Box[ ],Box[s],Box[h],Box[o],Box[w],Box[s],Box[ ],Box[t],Box[h],Box[e],Box[ ],Box[v],Box[a],Box[l],Box[u],Box[e],Box[ ],Box[o],Box[f],Box[ ],Box[t],Box[h],Box[e],Box[ ],Box[a],Box[c],Box[t],Box[i],Box[o],Box[n],Box[ ],Box[a],Box[s],Box[ ],Box[a],Box[ ],Box[f],Box[u],Box[n],Box[c],Box[t],Box[i],Box[o],Box[n],Box[
	],Box[o],Box[f],Box[ ],Whatsit[\@@BEGININLINEMATH,Core::List[Box[R Font[italic,text]],Box[B Font[italic,text]],Whatsit[\@@POSTSUBSCRIPT,Box[i Font[italic,7,script]]]],Whatsit[\@@ENDINLINEMATH]],Box[ ],Box[f],Box[o],Box[r],Box[ ],Box[t],Box[h],Box[e],Box[ ],Box[f],Box[i],Box[r],Box[s],Box[t],Box[ ],Box[s],Box[h],Box[i],Box[f],Box[t],Box[e],Box[d],Box[ ],Box[i],Box[n],Box[s],Box[t],Box[a],Box[n],Box[t],Box[o],Box[n],Box[ ],Box[(],Box[c],Box[a],Box[s],Box[e],Box[ ],Box[2],Box[)],Box[.],Box[
	],Box[N],Box[o],Box[t],Box[e],Box[ ],Box[t],Box[h],Box[a],Box[t],Box[ ],Box[t],Box[h],Box[i],Box[s],Box[ ],Box[h],Box[a],Box[s],Box[ ],Whatsit[\@@BEGININLINEMATH,Core::List[Box[| Font[text]],Box[B Font[italic,text]],Whatsit[\@@POSTSUBSCRIPT,Box[1 Font[7,script]]],Box[| Font[text]],Box[> Font[text]],Box[| Font[text]],Box[B Font[italic,text]],Whatsit[\@@POSTSUBSCRIPT,Box[2 Font[7,script]]],Box[| Font[text]]],Whatsit[\@@ENDINLINEMATH]],Box[.],Box[[}]]],Box[[}]]]]
	 -- T_CS[\end{figure}]
	 -- Whatsit[\end{figure}]
	In Core::Stomach[@0x55ffbeb33198] /home/user/latex-in-arxiv/2003/0302206.tex; from line 1088 col 0 to line 1088 col 12
Warning:expected:\endflushleft body should have ended with '\endflushleft'
	at 0302206.tex; line 1098 col 0 - line 1098 col 12
	current body started at 0302206.tex; line 1094 col 0 - line 1094 col 10
	Got T_CS[\let]
	 -- T_CS[\@@add@caption@counters]
	 -- T_CS[\@@toccaption]
	 -- Whatsit[\@@toccaption,Core::List[Box[[{]],Whatsit[\lx@tag,Core::List[],Box[ ],undef,Core::List[Box[[{]],Box[3],Box[[}]]]],Core::List[Box[[{]],Box[T],Box[h],Box[i],Box[s],Box[ ],Box[s],Box[h],Box[o],Box[w],Box[s],Box[ ],Box[t],Box[h],Box[e],Box[ ],Box[v],Box[a],Box[l],Box[u],Box[e],Box[ ],Box[o],Box[f],Box[ ],Box[t],Box[h],Box[e],Box[ ],Box[a],Box[c],Box[t],Box[i],Box[o],Box[n],Box[ ],Box[a],Box[s],Box[ ],Box[a],Box[ ],Box[f],Box[u],Box[n],Box[c],Box[t],Box[i],Box[o],Box[n],Box[
	],Box[o],Box[f],Box[ ],Whatsit[\@@BEGININLINEMATH,Core::List[Box[R Font[italic,text]],Box[B Font[italic,text]],Whatsit[\@@POSTSUBSCRIPT,Box[i Font[italic,7,script]]]],Whatsit[\@@ENDINLINEMATH]],Box[ ],Box[f],Box[o],Box[r],Box[ ],Box[t],Box[h],Box[e],Box[ ],Box[s],Box[e],Box[c],Box[o],Box[n],Box[d],Box[ ],Box[s],Box[h],Box[i],Box[f],Box[t],Box[e],Box[d],Box[ ],Box[i],Box[n],Box[s],Box[t],Box[a],Box[n],Box[t],Box[o],Box[n],Box[ ],Box[(],Box[c],Box[a],Box[s],Box[e],Box[ ],Box[3],Box[)],Box[.],Box[
	],Box[N],Box[o],Box[t],Box[e],Box[ ],Box[t],Box[h],Box[a],Box[t],Box[ ],Box[t],Box[h],Box[i],Box[s],Box[ ],Box[h],Box[a],Box[s],Box[ ],Whatsit[\@@BEGININLINEMATH,Core::List[Box[| Font[text]],Box[B Font[italic,text]],Whatsit[\@@POSTSUBSCRIPT,Box[2 Font[7,script]]],Box[| Font[text]],Box[> Font[text]],Box[| Font[text]],Box[B Font[italic,text]],Whatsit[\@@POSTSUBSCRIPT,Box[1 Font[7,script]]],Box[| Font[text]]],Whatsit[\@@ENDINLINEMATH]],Box[.],Box[[}]]],Box[[}]]]]
	 -- T_CS[\@@caption]
	 -- Whatsit[\@@caption,Core::List[Box[[{]],Whatsit[\lx@tag,Core::List[],Core::List[Box[:],Box[ ]],undef,Core::List[Box[[{]],Box[F],Box[i],Box[g],Box[u],Box[r],Box[e],Box[ ],Box[3],Box[[}]]]],Core::List[Box[[{]],Box[T],Box[h],Box[i],Box[s],Box[ ],Box[s],Box[h],Box[o],Box[w],Box[s],Box[ ],Box[t],Box[h],Box[e],Box[ ],Box[v],Box[a],Box[l],Box[u],Box[e],Box[ ],Box[o],Box[f],Box[ ],Box[t],Box[h],Box[e],Box[ ],Box[a],Box[c],Box[t],Box[i],Box[o],Box[n],Box[ ],Box[a],Box[s],Box[ ],Box[a],Box[ ],Box[f],Box[u],Box[n],Box[c],Box[t],Box[i],Box[o],Box[n],Box[
	],Box[o],Box[f],Box[ ],Whatsit[\@@BEGININLINEMATH,Core::List[Box[R Font[italic,text]],Box[B Font[italic,text]],Whatsit[\@@POSTSUBSCRIPT,Box[i Font[italic,7,script]]]],Whatsit[\@@ENDINLINEMATH]],Box[ ],Box[f],Box[o],Box[r],Box[ ],Box[t],Box[h],Box[e],Box[ ],Box[s],Box[e],Box[c],Box[o],Box[n],Box[d],Box[ ],Box[s],Box[h],Box[i],Box[f],Box[t],Box[e],Box[d],Box[ ],Box[i],Box[n],Box[s],Box[t],Box[a],Box[n],Box[t],Box[o],Box[n],Box[ ],Box[(],Box[c],Box[a],Box[s],Box[e],Box[ ],Box[3],Box[)],Box[.],Box[
	],Box[N],Box[o],Box[t],Box[e],Box[ ],Box[t],Box[h],Box[a],Box[t],Box[ ],Box[t],Box[h],Box[i],Box[s],Box[ ],Box[h],Box[a],Box[s],Box[ ],Whatsit[\@@BEGININLINEMATH,Core::List[Box[| Font[text]],Box[B Font[italic,text]],Whatsit[\@@POSTSUBSCRIPT,Box[2 Font[7,script]]],Box[| Font[text]],Box[> Font[text]],Box[| Font[text]],Box[B Font[italic,text]],Whatsit[\@@POSTSUBSCRIPT,Box[1 Font[7,script]]],Box[| Font[text]]],Whatsit[\@@ENDINLINEMATH]],Box[.],Box[[}]]],Box[[}]]]]
	 -- T_CS[\end{figure}]
	 -- Whatsit[\end{figure}]
	In Core::Stomach[@0x55ffbeb33198] /home/user/latex-in-arxiv/2003/0302206.tex; from line 1098 col 0 to line 1098 col 12
Warning:expected:\endflushleft body should have ended with '\endflushleft'
	at 0302206.tex; line 1106 col 0 - line 1106 col 12
	current body started at 0302206.tex; line 1103 col 0 - line 1103 col 10
	Got T_CS[\let]
	 -- T_CS[\@@add@caption@counters]
	 -- T_CS[\@@toccaption]
	 -- Whatsit[\@@toccaption,Core::List[Box[[{]],Whatsit[\lx@tag,Core::List[],Box[ ],undef,Core::List[Box[[{]],Box[4],Box[[}]]]],Core::List[Box[[{]],Box[T],Box[h],Box[i],Box[s],Box[ ],Box[s],Box[h],Box[o],Box[w],Box[s],Box[ ],Box[t],Box[h],Box[e],Box[ ],Box[v],Box[a],Box[l],Box[u],Box[e],Box[ ],Box[o],Box[f],Box[ ],Box[t],Box[h],Box[e],Box[ ],Box[a],Box[c],Box[t],Box[i],Box[o],Box[n],Box[ ],Box[a],Box[s],Box[ ],Box[a],Box[ ],Box[f],Box[u],Box[n],Box[c],Box[t],Box[i],Box[o],Box[n],Box[
	],Box[o],Box[f],Box[ ],Whatsit[\@@BEGININLINEMATH,Core::List[Box[R Font[italic,text]],Box[B Font[italic,text]],Whatsit[\@@POSTSUBSCRIPT,Box[i Font[italic,7,script]]]],Whatsit[\@@ENDINLINEMATH]],Box[ ],Box[f],Box[o],Box[r],Box[ ],Box[t],Box[h],Box[e],Box[ ],Box[t],Box[h],Box[i],Box[r],Box[d],Box[ ],Box[s],Box[h],Box[i],Box[f],Box[t],Box[e],Box[d],Box[ ],Box[i],Box[n],Box[s],Box[t],Box[a],Box[n],Box[t],Box[o],Box[n],Box[ ],Box[(],Box[c],Box[a],Box[s],Box[e],Box[ ],Box[4],Box[)],Box[.],Box[[}]]],Box[[}]]]]
	 -- T_CS[\@@caption]
	 -- Whatsit[\@@caption,Core::List[Box[[{]],Whatsit[\lx@tag,Core::List[],Core::List[Box[:],Box[ ]],undef,Core::List[Box[[{]],Box[F],Box[i],Box[g],Box[u],Box[r],Box[e],Box[ ],Box[4],Box[[}]]]],Core::List[Box[[{]],Box[T],Box[h],Box[i],Box[s],Box[ ],Box[s],Box[h],Box[o],Box[w],Box[s],Box[ ],Box[t],Box[h],Box[e],Box[ ],Box[v],Box[a],Box[l],Box[u],Box[e],Box[ ],Box[o],Box[f],Box[ ],Box[t],Box[h],Box[e],Box[ ],Box[a],Box[c],Box[t],Box[i],Box[o],Box[n],Box[ ],Box[a],Box[s],Box[ ],Box[a],Box[ ],Box[f],Box[u],Box[n],Box[c],Box[t],Box[i],Box[o],Box[n],Box[
	],Box[o],Box[f],Box[ ],Whatsit[\@@BEGININLINEMATH,Core::List[Box[R Font[italic,text]],Box[B Font[italic,text]],Whatsit[\@@POSTSUBSCRIPT,Box[i Font[italic,7,script]]]],Whatsit[\@@ENDINLINEMATH]],Box[ ],Box[f],Box[o],Box[r],Box[ ],Box[t],Box[h],Box[e],Box[ ],Box[t],Box[h],Box[i],Box[r],Box[d],Box[ ],Box[s],Box[h],Box[i],Box[f],Box[t],Box[e],Box[d],Box[ ],Box[i],Box[n],Box[s],Box[t],Box[a],Box[n],Box[t],Box[o],Box[n],Box[ ],Box[(],Box[c],Box[a],Box[s],Box[e],Box[ ],Box[4],Box[)],Box[.],Box[[}]]],Box[[}]]]]
	 -- T_CS[\end{figure}]
	 -- Whatsit[\end{figure}]
	In Core::Stomach[@0x55ffbeb33198] /home/user/latex-in-arxiv/2003/0302206.tex; from line 1106 col 0 to line 1106 col 12
Warning:expected:\endflushleft body should have ended with '\endflushleft'
	at 0302206.tex; line 1114 col 0 - line 1114 col 12
	current body started at 0302206.tex; line 1111 col 0 - line 1111 col 10
	Got T_CS[\let]
	 -- T_CS[\@@add@caption@counters]
	 -- T_CS[\@@toccaption]
	 -- Whatsit[\@@toccaption,Core::List[Box[[{]],Whatsit[\lx@tag,Core::List[],Box[ ],undef,Core::List[Box[[{]],Box[5],Box[[}]]]],Core::List[Box[[{]],Box[T],Box[h],Box[i],Box[s],Box[ ],Box[s],Box[h],Box[o],Box[w],Box[s],Box[ ],Box[t],Box[h],Box[e],Box[ ],Box[v],Box[a],Box[l],Box[u],Box[e],Box[ ],Box[o],Box[f],Box[ ],Box[t],Box[h],Box[e],Box[ ],Box[a],Box[c],Box[t],Box[i],Box[o],Box[n],Box[ ],Box[a],Box[s],Box[ ],Box[a],Box[ ],Box[f],Box[u],Box[n],Box[c],Box[t],Box[i],Box[o],Box[n],Box[
	],Box[o],Box[f],Box[ ],Whatsit[\@@BEGININLINEMATH,Core::List[Box[R Font[italic,text]],Box[B Font[italic,text]],Whatsit[\@@POSTSUBSCRIPT,Box[i Font[italic,7,script]]]],Whatsit[\@@ENDINLINEMATH]],Box[ ],Box[f],Box[o],Box[r],Box[ ],Box[t],Box[h],Box[e],Box[ ],Box[t],Box[y],Box[p],Box[e],Box[ ],Box[I],Box[I],Box[A],Box[ ],Box[t],Box[h],Box[e],Box[o],Box[r],Box[y],Box[.],Box[[}]]],Box[[}]]]]
	 -- T_CS[\@@caption]
	 -- Whatsit[\@@caption,Core::List[Box[[{]],Whatsit[\lx@tag,Core::List[],Core::List[Box[:],Box[ ]],undef,Core::List[Box[[{]],Box[F],Box[i],Box[g],Box[u],Box[r],Box[e],Box[ ],Box[5],Box[[}]]]],Core::List[Box[[{]],Box[T],Box[h],Box[i],Box[s],Box[ ],Box[s],Box[h],Box[o],Box[w],Box[s],Box[ ],Box[t],Box[h],Box[e],Box[ ],Box[v],Box[a],Box[l],Box[u],Box[e],Box[ ],Box[o],Box[f],Box[ ],Box[t],Box[h],Box[e],Box[ ],Box[a],Box[c],Box[t],Box[i],Box[o],Box[n],Box[ ],Box[a],Box[s],Box[ ],Box[a],Box[ ],Box[f],Box[u],Box[n],Box[c],Box[t],Box[i],Box[o],Box[n],Box[
	],Box[o],Box[f],Box[ ],Whatsit[\@@BEGININLINEMATH,Core::List[Box[R Font[italic,text]],Box[B Font[italic,text]],Whatsit[\@@POSTSUBSCRIPT,Box[i Font[italic,7,script]]]],Whatsit[\@@ENDINLINEMATH]],Box[ ],Box[f],Box[o],Box[r],Box[ ],Box[t],Box[h],Box[e],Box[ ],Box[t],Box[y],Box[p],Box[e],Box[ ],Box[I],Box[I],Box[A],Box[ ],Box[t],Box[h],Box[e],Box[o],Box[r],Box[y],Box[.],Box[[}]]],Box[[}]]]]
	 -- T_CS[\end{figure}]
	 -- Whatsit[\end{figure}]
	In Core::Stomach[@0x55ffbeb33198] /home/user/latex-in-arxiv/2003/0302206.tex; from line 1114 col 0 to line 1114 col 12
Warning:expected:\endflushleft body should have ended with '\endflushleft'
	at 0302206.tex; line 1122 col 0 - line 1122 col 12
	current body started at 0302206.tex; line 1119 col 0 - line 1119 col 10
	Got T_CS[\let]
	 -- T_CS[\@@add@caption@counters]
	 -- T_CS[\@@toccaption]
	 -- Whatsit[\@@toccaption,Core::List[Box[[{]],Whatsit[\lx@tag,Core::List[],Box[ ],undef,Core::List[Box[[{]],Box[6],Box[[}]]]],Core::List[Box[[{]],Box[T],Box[h],Box[i],Box[s],Box[ ],Box[s],Box[h],Box[o],Box[w],Box[s],Box[ ],Box[t],Box[h],Box[e],Box[ ],Box[v],Box[a],Box[l],Box[u],Box[e],Box[ ],Box[o],Box[f],Box[ ],Box[t],Box[h],Box[e],Box[ ],Box[a],Box[c],Box[t],Box[i],Box[o],Box[n],Box[ ],Box[a],Box[s],Box[ ],Box[a],Box[ ],Box[f],Box[u],Box[n],Box[c],Box[t],Box[i],Box[o],Box[n],Box[
	],Box[o],Box[f],Box[ ],Whatsit[\@@BEGININLINEMATH,Core::List[Box[R Font[italic,text]],Box[B Font[italic,text]],Whatsit[\@@POSTSUBSCRIPT,Box[i Font[italic,7,script]]]],Whatsit[\@@ENDINLINEMATH]],Box[ ],Box[f],Box[o],Box[r],Box[ ],Box[t],Box[h],Box[e],Box[ ],Box[t],Box[y],Box[p],Box[e],Box[ ],Box[0],Box[A],Box[ ],Box[t],Box[h],Box[e],Box[o],Box[r],Box[y],Box[.],Box[[}]]],Box[[}]]]]
	 -- T_CS[\@@caption]
	 -- Whatsit[\@@caption,Core::List[Box[[{]],Whatsit[\lx@tag,Core::List[],Core::List[Box[:],Box[ ]],undef,Core::List[Box[[{]],Box[F],Box[i],Box[g],Box[u],Box[r],Box[e],Box[ ],Box[6],Box[[}]]]],Core::List[Box[[{]],Box[T],Box[h],Box[i],Box[s],Box[ ],Box[s],Box[h],Box[o],Box[w],Box[s],Box[ ],Box[t],Box[h],Box[e],Box[ ],Box[v],Box[a],Box[l],Box[u],Box[e],Box[ ],Box[o],Box[f],Box[ ],Box[t],Box[h],Box[e],Box[ ],Box[a],Box[c],Box[t],Box[i],Box[o],Box[n],Box[ ],Box[a],Box[s],Box[ ],Box[a],Box[ ],Box[f],Box[u],Box[n],Box[c],Box[t],Box[i],Box[o],Box[n],Box[
	],Box[o],Box[f],Box[ ],Whatsit[\@@BEGININLINEMATH,Core::List[Box[R Font[italic,text]],Box[B Font[italic,text]],Whatsit[\@@POSTSUBSCRIPT,Box[i Font[italic,7,script]]]],Whatsit[\@@ENDINLINEMATH]],Box[ ],Box[f],Box[o],Box[r],Box[ ],Box[t],Box[h],Box[e],Box[ ],Box[t],Box[y],Box[p],Box[e],Box[ ],Box[0],Box[A],Box[ ],Box[t],Box[h],Box[e],Box[o],Box[r],Box[y],Box[.],Box[[}]]],Box[[}]]]]
	 -- T_CS[\end{figure}]
	 -- Whatsit[\end{figure}]
	In Core::Stomach[@0x55ffbeb33198] /home/user/latex-in-arxiv/2003/0302206.tex; from line 1122 col 0 to line 1122 col 12
 7.95 sec) 8.10 sec)
(Building...
(Loading compiled schema /usr/share/perl5/LaTeXML/resources/RelaxNG/LaTeXML.model... 0.01 sec) 6.65 sec)
(Rewriting... 0.20 sec)
(Math Parsing 324 formulae ...... 11.35 sec)
Math parsing succeeded:
   ltx:XMArg: 1168/1168
   ltx:XMath: 324/324
Symbols assumed as simple identifiers (with # of occurences):
   'A{italic}' (4), 'B{italic}' (88), 'D{italic}' (53), 'E{blackboard}' (2), 'F{italic}' (13), 'Gamma' (18), 'G{italic}' (4), 'H{italic}' (9), 'I{italic}' (3), 'K{italic}' (37), 'Lambda' (8), 'M{blackboard}' (7), 'N{italic}' (69), 'Omega' (69), 'Pi' (18), 'R{blackboard}' (5), 'R{italic}' (71), 'Spin' (2), 'S{italic}' (6), 'U{italic}' (2), 'V{italic}' (13), 'Z{blackboard}' (2), 'alpha' (57), 'a{italic}' (2), 'const' (1), 'constant' (2), 'd' (68), 'delta' (2), 'd{italic}' (2), 'epsilon' (36), 'e{italic}' (6), 'h{italic}' (1), 'i{italic}' (25), 'j{italic}' (5), 'kappa' (5), 'mu' (84), 'm{italic}' (7), 'n{italic}' (22), 'omega' (5), 'or' (1), 'phi' (61), 'pi' (25), 'psi' (9), 'rho' (28), 'r{italic}' (95), 's{italic}' (16), 'tau' (6), 'theta' (4), 't{italic}' (3), 'xi' (3), 'x{italic}' (1), 'z{italic}' (29)
Set MATHPARSER_SPECULATE to speculate on possible notations.
(Finalizing... 1.32 sec)
Conversion complete 6 warnings (See /home/user/latex-in-arxiv/0302206.latexml.log) (reqd. 28.25s)
