latexmlpost (LaTeXML version 0.8.6) paginating /home/user/latex-in-arxiv/2003/0302101.xml
Error:malformed:document Document fails RelaxNG validation (LaTeXML)
	Validation reports: /home/user/latex-in-arxiv/2003/0302101.xml:0: Relax-NG validity error : Element document has extra content: resource
	(Jing may provide a more precise report; https://relaxng.org/jclark/jing.html)
	In Post::Document[] /home/user/latex-in-arxiv/2003/0302101.xml
(post-processing...
(Scan  processing...
Scan: DBStatus: 4885/0 objects
 1.51 sec)
(MakeBibliography  processing... 0.00 sec)
(CrossRef  processing...
Warning:expected:ids Missing File location for ID: Sx3.E41,bib.bib48,bib.bib9,Sx8.E218,bib.bib43,Sx6.E87,bib.bib46,Sx10.E308,bib.bib1,bib.bib62,bib.bib19,bib.bib40,Sx7.E144,bib.bib41,bib.bib37,Sx10.E315,Sx7.E130,Sx4.E65,bib.bib15,Sx3.E29,Sx4.E68,bib.bib27,Sx8.E189,bib.bib44,bib.bib52,bib.bib61,Sx7.E146,bib.bib53,bib.bib2,bib.bib58,bib.bib60,Sx2.E10,Sx2.E5,Sx6.E86,Sx2.E14,bib.bib56,bib.bib64,Sx11.E369,bib.bib3,Sx11.E338,Sx6.E81,bib.bib51,bib.bib25,bib.bib39,Sx8.E210,bib.bib63,bib.bib17,bib.bib50,bib.bib35,Sx8.E200,bib.bib29,bib.bib42,bib.bib54,Sx6.E80,Sx2.E2,bib.bib33,bib.bib26,bib.bib38,Sx3.E20,bib.bib23,bib.bib36,bib.bib65,bib.bib28,Sx7.E126,bib.bib5,bib.bib24,bib.bib7,bib.bib59,bib.bib8,Sx13.E392,bib.bib31,bib.bib47,Sx3.E26,bib.bib30,Sx8.E224,bib.bib34,Sx7.E132,Sx8.E220,bib.bib55,Sx8.E211,Sx9.E246,bib.bib21,bib.bib12,Sx3.E37,Sx8.E192,bib.bib20,Sx10.E312,bib.bib6,bib.bib13,Sx9.E287,S2.E154,bib.bib18,bib.bib16,bib.bib4,bib.bib11,Sx7.E141,Sx7.E120,bib.bib49,bib.bib22,Sx10.E322,bib.bib10,Sx2.E4,bib.bib57,bib.bib14,Sx10.E314,Sx3.E25,Sx10.E309,bib.bib32,Sx3.E28,bib.bib45
	In Post::CrossRef[@0x5641ebc32610] ->process
 0.82 sec)
(MathML::Presentation  1944 to process...
converted 1944 Maths
 8.82 sec)
(XSLT[using LaTeXML-html5.xsl]  processing... 1.60 sec)
(Writer  processing... 0.03 sec) 12.84 sec)
Postprocessing complete 1 warning; 1 error (See /home/user/latex-in-arxiv/0302101.latexmlpost.log) (reqd. 13.30s)
