latexml (LaTeXML version 0.8.6) processing 2003/0302062.tex
(Digesting TeX 0302062...
(Loading /usr/share/perl5/LaTeXML/Package/TeX.pool.ltxml...
(Loading /usr/share/perl5/LaTeXML/Package/eTeX.pool.ltxml... 0.01 sec)
(Loading /usr/share/perl5/LaTeXML/Package/pdfTeX.pool.ltxml... 0.01 sec) 0.19 sec)
(Processing content /home/user/latex-in-arxiv/2003/0302062.tex...
(Loading /usr/share/perl5/LaTeXML/Package/LaTeX.pool.ltxml...
(Loading /usr/share/perl5/LaTeXML/Package/textcomp.sty.ltxml...
(Processing definitions /usr/share/texlive/texmf-dist/tex/latex-dev/base/ts1enc.dfu... 0.04 sec) 1.53 sec) 1.80 sec)
(Loading /usr/share/perl5/LaTeXML/Package/article.cls.ltxml... 0.01 sec) 4.75 sec) 4.96 sec)
(Building...
(Loading compiled schema /usr/share/perl5/LaTeXML/resources/RelaxNG/LaTeXML.model... 0.01 sec) 4.25 sec)
(Rewriting... 0.18 sec)
(Math Parsing 207 formulae ......
Warning:not_parsed:UNKNOWN.UNKNOWN.CLOSE>MULOP MathParser failed to match rule 'Anything'
	at 0302062.tex; line 312 col 2 - line 312 col 32
	In "$n(p)\sim\exp(-2p\,\pi)\times($"
	n[[UNKNOWN]] ([[OPEN]] p[[UNKNOWN]] )[[CLOSE]] ∼[[RELOP]] exp[[OPFUNCTION]] ([[OPEN]] -[[ADDOP]] 2[[NUMBER]] p[[UNKNOWN]] π[[UNKNOWN]] )[[CLOSE]]
	        > ×[[MULOP]] ([[OPEN]]
Warning:not_parsed:UNKNOWN>CLOSE MathParser failed to match rule 'Anything'
	at 0302062.tex; line 312 col 55 - line 312 col 57
	In "$p)$"
	p[[UNKNOWN]]
	        > )[[CLOSE]]
 14.31 sec)
Math parsing succeeded:
   ltx:XMArg: 650/650
   ltx:XMath: 205/207
   ltx:XMWrap: 0/6
Symbols assumed as simple identifiers (with # of occurences):
   'A{italic}' (5), 'B{italic}' (5), 'H{italic}' (5), 'I{italic}' (15), 'J{italic}' (4), 'K{italic}' (26), 'L{caligraphic}' (1), 'L{italic}' (21), 'M{italic}' (24), 'O{italic}' (3), 'Phi' (3), 'R{italic}' (62), 'U{italic}' (8), 'V{italic}' (5), 'W{italic}' (24), 'Y{italic}' (5), 'alpha' (9), 'a{italic}' (71), 'b{italic}' (11), 'chi' (19), 'c{italic}' (5), 'epsilon' (6), 'e{italic}' (13), 'i{italic}' (90), 'k{italic}' (5), 'lambda' (4), 'l{italic}' (3), 'mu' (90), 'm{italic}' (3), 'nu' (14), 'n{italic}' (13), 'omega' (3), 'phi' (18), 'pi' (57), 'psi' (11), 'p{italic}' (179), 'rho' (91), 'r{italic}' (5), 's{italic}' (14), 'tau' (5), 'theta' (32), 't{italic}' (4), 'varphi' (3), 'v{italic}' (49), 'x{italic}' (60), 'z{italic}' (22)
Set MATHPARSER_SPECULATE to speculate on possible notations.
(Finalizing... 1.05 sec)
Conversion complete 2 warnings (See /home/user/latex-in-arxiv/0302062.latexml.log) (reqd. 25.48s)
