latexml (LaTeXML version 0.8.6) processing 2003/0302100.tex
(Digesting TeX 0302100...
(Loading /usr/share/perl5/LaTeXML/Package/TeX.pool.ltxml...
(Loading /usr/share/perl5/LaTeXML/Package/eTeX.pool.ltxml... 0.01 sec)
(Loading /usr/share/perl5/LaTeXML/Package/pdfTeX.pool.ltxml... 0.01 sec) 0.18 sec)
(Processing content /home/user/latex-in-arxiv/2003/0302100.tex...
(Loading /usr/share/perl5/LaTeXML/Package/LaTeX.pool.ltxml...
(Loading /usr/share/perl5/LaTeXML/Package/textcomp.sty.ltxml...
(Processing definitions /usr/share/texlive/texmf-dist/tex/latex-dev/base/ts1enc.dfu... 0.03 sec) 1.49 sec) 1.76 sec)
(Loading /usr/share/perl5/LaTeXML/Package/article.cls.ltxml... 0.01 sec)
(Loading /usr/share/perl5/LaTeXML/Package/epsf.sty.ltxml... 0.01 sec)
(Loading /usr/share/perl5/LaTeXML/Package/epsfig.sty.ltxml...
(Loading /usr/share/perl5/LaTeXML/Package/graphicx.sty.ltxml...
(Loading /usr/share/perl5/LaTeXML/Package/graphics.sty.ltxml... 0.01 sec) 0.02 sec) 0.04 sec)
(Loading /usr/share/perl5/LaTeXML/Package/amssymb.sty.ltxml...
(Loading /usr/share/perl5/LaTeXML/Package/amsfonts.sty.ltxml... 0.00 sec) 0.03 sec)
(Loading /usr/share/perl5/LaTeXML/Package/bbm.sty.ltxml... 0.00 sec)
Info:unexpected:titlepage When using titlepage, Frontmatter will not be well-structured
	at 0302100.tex; line 73 col 0 - line 73 col 17
 7.47 sec) 7.67 sec)
(Building...
(Loading compiled schema /usr/share/perl5/LaTeXML/resources/RelaxNG/LaTeXML.model... 0.01 sec)
Info:malformed:id Duplicated attribute xml:id
	at 0302100.tex; line 443 col 6 - line 443 col 6
	Using id='S2.E25a' on <ltx:XMRow _box="Alignment[]" _font="Font[math,medium,italic,10,bla..."/>
	id='S2.E25' already set on <ltx:equation _box="LaTeXML::Core::Alignment=HASH(..." _font="Font[serif,medium,upright,10,b..." xml:id="S2.E25" _ID_counter_m_="3">...
Info:malformed:id Duplicated attribute xml:id
	at 0302100.tex; line 637 col 0 - line 637 col 13
	Using id='S3.E3a' on <ltx:XMRow _box="Alignment[]" _font="Font[math,medium,italic,10,bla..."/>
	id='S3.E3' already set on <ltx:equation _box="LaTeXML::Core::Alignment=HASH(..." _font="Font[serif,medium,upright,10,b..." xml:id="S3.E3" _ID_counter_m_="1">...
Info:malformed:id Duplicated attribute xml:id
	at 0302100.tex; line 764 col 0 - line 764 col 13
	Using id='S3.E13a' on <ltx:XMRow _box="Alignment[]" _font="Font[math,medium,italic,10,bla..."/>
	id='S3.E13' already set on <ltx:equation _box="LaTeXML::Core::Alignment=HASH(..." _font="Font[serif,medium,upright,10,b..." xml:id="S3.E13" _ID_counter_m_="3">...
Info:malformed:id Duplicated attribute xml:id
	at 0302100.tex; line 857 col 0 - line 857 col 13
	Using id='S4.E3a' on <ltx:XMRow _box="Alignment[]" _font="Font[math,medium,italic,10,bla..."/>
	id='S4.E3' already set on <ltx:equation _box="LaTeXML::Core::Alignment=HASH(..." _font="Font[serif,medium,upright,10,b..." xml:id="S4.E3" _ID_counter_m_="1">...
Info:malformed:id Duplicated attribute xml:id
	at 0302100.tex; line 1005 col 17 - line 1005 col 17
	Using id='A1.E6a' on <ltx:XMRow _box="Alignment[]" _font="Font[math,medium,italic,10,bla..."/>
	id='A1.E6' already set on <ltx:equation _box="LaTeXML::Core::Alignment=HASH(..." _font="Font[serif,medium,upright,10,b..." xml:id="A1.E6" _ID_counter_m_="3">...
Info:malformed:id Duplicated attribute xml:id
	at 0302100.tex; line 1010 col 19 - line 1010 col 19
	Using id='A1.E9a' on <ltx:XMRow _box="Alignment[]" _font="Font[math,medium,italic,10,bla..."/>
	id='A1.E9' already set on <ltx:equation _box="LaTeXML::Core::Alignment=HASH(..." _font="Font[serif,medium,upright,10,b..." xml:id="A1.E9" _ID_counter_m_="3">...
 6.28 sec)
(Rewriting... 0.29 sec)
(Math Parsing 434 formulae ......
Warning:not_parsed:UNKNOWN>MULOP MathParser failed to match rule 'Anything'
	at 0302100.tex; line 380 col 0 - line 383 col 14
	In "\begin{equation}{{{{\mathrm{D}/\hskip 2.0pt}_{(3)}}}}=i\sigma_{i}{\mathrm{D}}_%
	{i}\,,\,{{{{\mathrm{D}/\hskip 2.0pt}_{(3)}}}}\bar{\psi}=E\bar{\psi}\end{equation}"
	D[[UNKNOWN]]
	        > /[[MULOP]] _{(3)}[[POSTSUBSCRIPT]] =[[RELOP]] i[[UNKNOWN]] σ[[UNKNOWN]] _{i}[[POSTSUBSCRIPT]] D[[UNKNOWN]] _{i}[[POSTSUBSCRIPT]] ,[[PUNCT]] D[[UNKNOWN]] /[[MULOP]] _{(3)}[[POSTSUBSCRIPT]] \bar{\psi}[[UNKNOWN]] =[[RELOP]] E[[UNKNOWN]] \bar{\psi}[[UNKNOWN]]
Warning:not_parsed:>OPEN MathParser failed to match rule 'Anything'
	at 0302100.tex; line 394 col 6 - line 394 col 6
	In "$\displaystyle\left({{{{\mathrm{D}/\hskip 2.0pt}_{(2)}}}}+\bar{E}_{n}\sigma_{3%
	}\right)\tilde{\psi}_{n}=\lambda\tilde{\psi}_{n}\,,\,\bar{E}_{n}=2\pi\frac{%
	\tau+n}{L_{3}}\,,\@@ENDINLINEMATH"
	> \left([[OPEN]] D[[UNKNOWN]] /[[MULOP]] _{(2)}[[POSTSUBSCRIPT]] +[[ADDOP]] \bar{E}[[UNKNOWN]] _{n}[[POSTSUBSCRIPT]] σ[[UNKNOWN]] _{3}[[POSTSUBSCRIPT]] \right)[[CLOSE]] \tilde{\psi}[[UNKNOWN]] _{n}[[POSTSUBSCRIPT]] =[[RELOP]] λ[[UNKNOWN]] \tilde{\psi}[[UNKNOWN]] _{n}[[POSTSUBSCRIPT]] ,[[PUNCT]] \bar{E}[[UNKNOWN]] _{n}[[POSTSUBSCRIPT]] =[[RELOP]] 2[[NUMBER]] π[[UNKNOWN]] \frac{\tau+n}{L_{3}}[[UNKNOWN]]
Warning:not_parsed:>OPEN MathParser failed to match rule 'Anything'
	at 0302100.tex; line 394 col 6 - line 397 col 14
	In "$\displaystyle\left({{{{\mathrm{D}/\hskip 2.0pt}_{(2)}}}}+\bar{E}_{n}\sigma_{3%
	}\right)\tilde{\psi}_{n}=\lambda\tilde{\psi}_{n}\,,\,\bar{E}_{n}=2\pi\frac{%
	\tau+n}{L_{3}}\,,$"
	> \left([[OPEN]] D[[UNKNOWN]] /[[MULOP]] _{(2)}[[POSTSUBSCRIPT]] +[[ADDOP]] \bar{E}[[UNKNOWN]] _{n}[[POSTSUBSCRIPT]] σ[[UNKNOWN]] _{3}[[POSTSUBSCRIPT]] \right)[[CLOSE]] \tilde{\psi}[[UNKNOWN]] _{n}[[POSTSUBSCRIPT]] =[[RELOP]] λ[[UNKNOWN]] \tilde{\psi}[[UNKNOWN]] _{n}[[POSTSUBSCRIPT]] ,[[PUNCT]] \bar{E}[[UNKNOWN]] _{n}[[POSTSUBSCRIPT]] =[[RELOP]] 2[[NUMBER]] π[[UNKNOWN]] \frac{\tau+n}{L_{3}}[[UNKNOWN]]
Warning:not_parsed:UNKNOWN>MULOP MathParser failed to match rule 'Anything'
	at 0302100.tex; line 398 col 10 - line 398 col 63
	In "${{{{\mathrm{D}/\hskip 2.0pt}_{(2)}}}}=i\left(\sigma_{1}{\mathrm{D}}_{1}+%
	\sigma_{2}{\mathrm{D}}_{2}\right)$"
	D[[UNKNOWN]]
	        > /[[MULOP]] _{(2)}[[POSTSUBSCRIPT]] =[[RELOP]] i[[UNKNOWN]] \left([[OPEN]] σ[[UNKNOWN]] _{1}[[POSTSUBSCRIPT]] D[[UNKNOWN]] _{1}[[POSTSUBSCRIPT]] +[[ADDOP]] σ[[UNKNOWN]] _{2}[[POSTSUBSCRIPT]] D[[UNKNOWN]] _{2}[[POSTSUBSCRIPT]] \right)[[CLOSE]]
Warning:not_parsed:UNKNOWN>MULOP MathParser failed to match rule 'Anything'
	at 0302100.tex; line 401 col 19 - line 401 col 23
	In "${{{{\mathrm{D}/\hskip 2.0pt}_{(2)}}}}$"
	D[[UNKNOWN]]
	        > /[[MULOP]] _{(2)}[[POSTSUBSCRIPT]]
Warning:not_parsed:UNKNOWN>MULOP MathParser failed to match rule 'Anything'
	at 0302100.tex; line 410 col 13 - line 410 col 17
	In "${{{{\mathrm{D}/\hskip 2.0pt}_{(2)}}}}$"
	D[[UNKNOWN]]
	        > /[[MULOP]] _{(2)}[[POSTSUBSCRIPT]]
Warning:not_parsed:UNKNOWN>MULOP MathParser failed to match rule 'Anything'
	at 0302100.tex; line 415 col 22 - line 415 col 26
	In "${{{{\mathrm{D}/\hskip 2.0pt}_{(3)}}}}$"
	D[[UNKNOWN]]
	        > /[[MULOP]] _{(3)}[[POSTSUBSCRIPT]]
Warning:not_parsed:UNKNOWN>MULOP MathParser failed to match rule 'Anything'
	at 0302100.tex; line 426 col 0 - line 426 col 68
	In "${{{{\mathrm{D}/\hskip 2.0pt}_{(2)}}}}$"
	D[[UNKNOWN]]
	        > /[[MULOP]] _{(2)}[[POSTSUBSCRIPT]]
Warning:not_parsed:UNKNOWN>MULOP MathParser failed to match rule 'Anything'
	at 0302100.tex; line 695 col 13 - line 695 col 35
	In "${{{{\mathrm{D}/\hskip 2.0pt}_{(3)}}}}=i\sigma_{k}{\mathrm{D}}_{k}$"
	D[[UNKNOWN]]
	        > /[[MULOP]] _{(3)}[[POSTSUBSCRIPT]] =[[RELOP]] i[[UNKNOWN]] σ[[UNKNOWN]] _{k}[[POSTSUBSCRIPT]] D[[UNKNOWN]] _{k}[[POSTSUBSCRIPT]]
Warning:not_parsed:UNKNOWN>MULOP MathParser failed to match rule 'Anything'
	at 0302100.tex; line 696 col 47 - line 697 col 29
	In "${{{{\mathrm{D}/\hskip 2.0pt}_{(2)}}}}=i\left(\sigma_{1}{\mathrm{D}}_{1}+%
	\sigma_{2}{\mathrm{D}}_{2}\right)$"
	D[[UNKNOWN]]
	        > /[[MULOP]] _{(2)}[[POSTSUBSCRIPT]] =[[RELOP]] i[[UNKNOWN]] \left([[OPEN]] σ[[UNKNOWN]] _{1}[[POSTSUBSCRIPT]] D[[UNKNOWN]] _{1}[[POSTSUBSCRIPT]] +[[ADDOP]] σ[[UNKNOWN]] _{2}[[POSTSUBSCRIPT]] D[[UNKNOWN]] _{2}[[POSTSUBSCRIPT]] \right)[[CLOSE]]
Warning:not_parsed:UNKNOWN>MULOP MathParser failed to match rule 'Anything'
	at 0302100.tex; line 719 col 4 - line 719 col 52
	In "${{{{\mathrm{D}/\hskip 2.0pt}_{(2)}}}}=i\left(\sigma_{1}{\mathrm{D}}_{1}+%
	\sigma_{2}{\mathrm{D}}_{2}\right)$"
	D[[UNKNOWN]]
	        > /[[MULOP]] _{(2)}[[POSTSUBSCRIPT]] =[[RELOP]] i[[UNKNOWN]] \left([[OPEN]] σ[[UNKNOWN]] _{1}[[POSTSUBSCRIPT]] D[[UNKNOWN]] _{1}[[POSTSUBSCRIPT]] +[[ADDOP]] σ[[UNKNOWN]] _{2}[[POSTSUBSCRIPT]] D[[UNKNOWN]] _{2}[[POSTSUBSCRIPT]] \right)[[CLOSE]]
Warning:not_parsed:UNKNOWN>MULOP MathParser failed to match rule 'Anything'
	at 0302100.tex; line 722 col 70 - line 722 col 74
	In "${{{{\mathrm{D}/\hskip 2.0pt}_{(2)}}}}$"
	D[[UNKNOWN]]
	        > /[[MULOP]] _{(2)}[[POSTSUBSCRIPT]]
Warning:not_parsed:UNKNOWN>MULOP MathParser failed to match rule 'Anything'
	at 0302100.tex; line 725 col 27 - line 725 col 31
	In "${{{{\mathrm{D}/\hskip 2.0pt}_{(2)}}}}$"
	D[[UNKNOWN]]
	        > /[[MULOP]] _{(2)}[[POSTSUBSCRIPT]]
Warning:not_parsed:UNKNOWN>MULOP MathParser failed to match rule 'Anything'
	at 0302100.tex; line 1077 col 4 - line 1077 col 42
	In "${{{{\mathrm{D}/\hskip 2.0pt}_{(2)}}}}=i\sigma_{1}D_{1}+i\sigma_{2}D_{2}$"
	D[[UNKNOWN]]
	        > /[[MULOP]] _{(2)}[[POSTSUBSCRIPT]] =[[RELOP]] i[[UNKNOWN]] σ[[UNKNOWN]] _{1}[[POSTSUBSCRIPT]] D[[UNKNOWN]] _{1}[[POSTSUBSCRIPT]] +[[ADDOP]] i[[UNKNOWN]] σ[[UNKNOWN]] _{2}[[POSTSUBSCRIPT]] D[[UNKNOWN]] _{2}[[POSTSUBSCRIPT]]
Warning:not_parsed:UNKNOWN>MULOP MathParser failed to match rule 'Anything'
	at 0302100.tex; line 1079 col 21 - line 1079 col 25
	In "${{{{\mathrm{D}/\hskip 2.0pt}_{(2)}}}}$"
	D[[UNKNOWN]]
	        > /[[MULOP]] _{(2)}[[POSTSUBSCRIPT]]
 16.01 sec)
Math parsing succeeded:
   ltx:XMath: 419/434
   ltx:XMArg: 1632/1632
Symbols assumed as simple identifiers (with # of occurences):
   'A{italic}' (97), 'C' (4), 'C{blackboard}' (1), 'C{italic}' (3), 'D' (75), 'D{italic}' (19), 'E{italic}' (25), 'F{italic}' (14), 'H{italic}' (5), 'L{blackboard}' (1), 'L{italic}' (170), 'Phi' (1), 'R{blackboard}' (7), 'Sigma' (4), 'S{italic}' (12), 'T{blackboard}' (15), 'U{italic}' (49), 'V{italic}' (4), 'Z{blackboard}' (23), 'Z{italic}' (4), 'alpha' (14), 'beta' (12), 'b{italic}' (5), 'chi' (17), 'd' (31), 'e{italic}' (19), 'f{italic}' (7), 'gamma' (20), 'h{italic}' (10), 'i{italic}' (117), 'lambda' (4), 'l{italic}' (51), 'mu' (7), 'm{italic}' (88), 'nu' (10), 'n{italic}' (127), 'phi' (22), 'pi' (65), 'psi' (36), 'sigma' (35), 'sign' (1), 'tau' (80), 'theta' (21), 'tr' (3), 'u{italic}' (54), 'varepsilon' (5), 'v{italic}' (29), 'xi' (17), 'x{italic}' (327), 'z{italic}' (10)
Set MATHPARSER_SPECULATE to speculate on possible notations.
(Finalizing... 0.93 sec)
Conversion complete 15 warnings (See /home/user/latex-in-arxiv/0302100.latexml.log) (reqd. 31.88s)
