latexml (LaTeXML version 0.8.6) processing 2003/0302095.tex
(Digesting TeX 0302095...
(Loading /usr/share/perl5/LaTeXML/Package/TeX.pool.ltxml...
(Loading /usr/share/perl5/LaTeXML/Package/eTeX.pool.ltxml... 0.01 sec)
(Loading /usr/share/perl5/LaTeXML/Package/pdfTeX.pool.ltxml... 0.01 sec) 0.23 sec)
(Processing content /home/user/latex-in-arxiv/2003/0302095.tex...
(Loading /usr/share/perl5/LaTeXML/Package/LaTeX.pool.ltxml...
(Loading /usr/share/perl5/LaTeXML/Package/textcomp.sty.ltxml...
(Processing definitions /usr/share/texlive/texmf-dist/tex/latex-dev/base/ts1enc.dfu... 0.05 sec) 1.63 sec) 1.91 sec)
Info:unexpected:\documentstyle Entering LaTeX 2.09 Compatibility mode
	at 0302095.tex; line 1 col 0 - line 1 col 34
(Loading /usr/share/perl5/LaTeXML/Package/article.cls.ltxml... 0.02 sec)
(Loading /usr/share/perl5/LaTeXML/Package/epsf.sty.ltxml... 0.01 sec) 3.74 sec) 4.01 sec)
(Building...
(Loading compiled schema /usr/share/perl5/LaTeXML/resources/RelaxNG/LaTeXML.model... 0.01 sec) 1.97 sec)
(Rewriting... 0.04 sec)
(Math Parsing 64 formulae ...... 2.26 sec)
Math parsing succeeded:
   ltx:XMArg: 151/151
   ltx:XMath: 64/64
Symbols assumed as simple identifiers (with # of occurences):
   'A{italic}' (1), 'B{italic}' (1), 'D{italic}' (8), 'E{italic}' (1), 'F{italic}' (3), 'J{italic}' (8), 'O{italic}' (1), 'Pi' (4), 'Psi' (2), 'P{italic}' (6), 'T{italic}' (2), 'U{italic}' (6), 'V{italic}' (10), 'delta' (19), 'd{italic}' (19), 'epsilon' (3), 'e{italic}' (3), 'f{italic}' (3), 'imath' (3), 'phi' (67), 'pi' (2), 'sigma' (17), 'tau' (3), 'triangle' (1), 'x{italic}' (2), 'y{italic}' (10), 'z{italic}' (1)
Set MATHPARSER_SPECULATE to speculate on possible notations.
(Finalizing... 0.24 sec)
Conversion complete No obvious problems (reqd. 8.89s)
