latexml (LaTeXML version 0.8.6) processing 2003/0302200.tex
(Digesting TeX 0302200...
(Loading /usr/share/perl5/LaTeXML/Package/TeX.pool.ltxml...
(Loading /usr/share/perl5/LaTeXML/Package/eTeX.pool.ltxml... 0.00 sec)
(Loading /usr/share/perl5/LaTeXML/Package/pdfTeX.pool.ltxml... 0.01 sec) 0.11 sec)
(Processing content /home/user/latex-in-arxiv/2003/0302200.tex...
(Loading /usr/share/perl5/LaTeXML/Package/LaTeX.pool.ltxml...
(Loading /usr/share/perl5/LaTeXML/Package/textcomp.sty.ltxml...
(Processing definitions /usr/share/texlive/texmf-dist/tex/latex-dev/base/ts1enc.dfu... 0.02 sec) 0.92 sec) 1.08 sec)
(Loading /usr/share/perl5/LaTeXML/Package/article.cls.ltxml... 0.01 sec)
(Loading /usr/share/perl5/LaTeXML/Package/amssymb.sty.ltxml...
(Loading /usr/share/perl5/LaTeXML/Package/amsfonts.sty.ltxml... 0.00 sec) 0.01 sec)
(Loading /usr/share/perl5/LaTeXML/Package/latexsym.sty.ltxml... 0.00 sec) 2.57 sec) 2.70 sec)
(Building...
(Loading compiled schema /usr/share/perl5/LaTeXML/resources/RelaxNG/LaTeXML.model... 0.01 sec) 1.87 sec)
(Rewriting... 0.03 sec)
(Math Parsing 123 formulae ......
Warning:not_parsed:MULOP.METARELOP>PUNCT MathParser failed to match rule 'Anything'
	at 0302200.tex; line 140 col 4 - line 140 col 52
	In "$$\otimes\,:\quad{\cal C}\times{\cal C}\to{\cal C}$$"
	⊗[[MULOP]] :[[METARELOP]]
	        > $$\otimes\,:\quad{\calC}\times{\calC}\to{\calC}$$[[PUNCT]] C[[UNKNOWN]] ×[[MULOP]] C[[UNKNOWN]] →[[ARROW]] C[[UNKNOWN]]
 1.25 sec)
Math parsing succeeded:
   ltx:XMArg: 103/103
   ltx:XMath: 122/123
Symbols assumed as simple identifiers (with # of occurences):
   'A{italic}' (24), 'B{italic}' (4), 'C{blackboard}' (1), 'C{caligraphic}' (10), 'C{sansserif}' (5), 'Delta' (3), 'D{caligraphic}' (1), 'F{italic}' (1), 'G{italic}' (1), 'Hom' (5), 'H{caligraphic}' (4), 'L{italic}' (4), 'M' (7), 'M{italic}' (8), 'N{italic}' (5), 'Phi' (2), 'Psi' (8), 'R{blackboard}' (1), 'Sigma' (1), 'S{caligraphic}' (1), 'S{italic}' (11), 'V{italic}' (1), 'Z{blackboard}' (3), 'a{italic}' (10), 'b{italic}' (5), 'delta' (1), 'e{italic}' (3), 'g{italic}' (1), 'l{italic}' (1), 'm{italic}' (4), 'n{italic}' (6), 'psi' (4), 'p{italic}' (3), 'rho' (1), 't{italic}' (3), 'x{italic}' (2), 'y{italic}' (3)
Set MATHPARSER_SPECULATE to speculate on possible notations.
(Finalizing... 0.17 sec)
Conversion complete 1 warning (See /home/user/latex-in-arxiv/0302200.latexml.log) (reqd. 6.35s)
