latexmlpost (LaTeXML version 0.8.6) paginating /home/user/latex-in-arxiv/2003/0302117.xml
(post-processing...
(Scan  processing...
Scan: DBStatus: 1865/0 objects
 0.31 sec)
(MakeBibliography  processing... 0.00 sec)
(CrossRef  processing...
Warning:expected:ids Missing File location for ID: bib.bib9,S5,S6.E27,S2.E3,bib.bib8,bib.bib6,S2.E8,A1.E63,S6.E29,bib.bib12,S6.E34,A3.E80,A2,bib.bib7,bib.bib14,S7.F1,bib.bib2,bib.bib16,A1.E64,bib.bib3,S6.E26,S8.F4,bib.bib11,bib.bib5,S3.E9,bib.bib15,bib.bib10,S3.E12,S6.E30,S3.E10,S5.E21,S3.E15,S9.E59,S9.E57,bib.bib1,S6.E44,bib.bib4,A1.E66,S6.E24,bib.bib13,S4.E19,S6,A1,S2.E4,S7.F2,S2.Ex1
	In Post::CrossRef[@0x561315f02508] ->process
Warning:expected:ids Missing Target for Label: LABEL:complex,LABEL:zeromodes,LABEL:fdef,LABEL:fullpot,LABEL:direct
	In Post::CrossRef[@0x561315f02508] ->process
 0.21 sec)
(SVG  3 to process...
(Loading compiled schema /usr/share/perl5/LaTeXML/resources/RelaxNG/LaTeXML.model... 0.01 sec) 0.02 sec)
(MathML::Presentation  692 to process...
converted 692 Maths
 2.05 sec)
(XSLT[using LaTeXML-html5.xsl]  processing... 0.43 sec)
(Writer  processing... 0.01 sec) 3.06 sec)
Postprocessing complete 2 warnings (See /home/user/latex-in-arxiv/0302117.latexmlpost.log) (reqd. 3.38s)
