latexml (LaTeXML version 0.8.6) processing 2003/0302112.tex
(Digesting TeX 0302112...
(Loading /usr/share/perl5/LaTeXML/Package/TeX.pool.ltxml...
(Loading /usr/share/perl5/LaTeXML/Package/eTeX.pool.ltxml... 0.00 sec)
(Loading /usr/share/perl5/LaTeXML/Package/pdfTeX.pool.ltxml... 0.01 sec) 0.11 sec)
(Processing content /home/user/latex-in-arxiv/2003/0302112.tex...
(Loading /usr/share/perl5/LaTeXML/Package/LaTeX.pool.ltxml...
(Loading /usr/share/perl5/LaTeXML/Package/textcomp.sty.ltxml...
(Processing definitions /usr/share/texlive/texmf-dist/tex/latex-dev/base/ts1enc.dfu... 0.03 sec) 1.42 sec) 1.58 sec)
(Loading /usr/share/perl5/LaTeXML/Package/revtex4.cls.ltxml...
(Loading /usr/share/perl5/LaTeXML/Package/article.cls.ltxml... 0.01 sec)
(Loading /usr/share/perl5/LaTeXML/Package/revtex4_support.sty.ltxml...
(Loading /usr/share/perl5/LaTeXML/Package/hyperref.sty.ltxml...
(Loading /usr/share/perl5/LaTeXML/Package/keyval.sty.ltxml...
(Processing definitions /usr/share/texlive/texmf-dist/tex/latex-dev/graphics/keyval.sty... 0.02 sec) 0.02 sec)
(Loading /usr/share/perl5/LaTeXML/Package/nameref.sty.ltxml... 0.00 sec)
(Loading /usr/share/perl5/LaTeXML/Package/url.sty.ltxml... 0.00 sec) 0.09 sec)
(Loading /usr/share/perl5/LaTeXML/Package/natbib.sty.ltxml... 0.02 sec)
(Loading /usr/share/perl5/LaTeXML/Package/revsymb.sty.ltxml... 0.00 sec)
(Loading /usr/share/perl5/LaTeXML/Package/longtable.sty.ltxml... 0.00 sec)
(Loading /usr/share/perl5/LaTeXML/Package/dcolumn.sty.ltxml...
(Loading /usr/share/perl5/LaTeXML/Package/array.sty.ltxml... 0.00 sec) 0.01 sec) 0.18 sec) 0.59 sec)
Warning:unexpected:\end{document} Attempt to end document with open groups, environments or conditionals
	at 0302112.tex; line 392 col 0 - line 392 col 14
	Group opened by { 0302112.tex; line 281 col 16 - line 281 col 16
	In Core::Definition::Constructor[\end{do... /usr/share/perl5/LaTeXML/Package/LaTeX.pool.ltxml; line 395
 5.15 sec) 5.27 sec)
(Building...
(Loading compiled schema /usr/share/perl5/LaTeXML/resources/RelaxNG/LaTeXML.model... 0.01 sec) 3.39 sec)
(Rewriting... 0.13 sec)
(Math Parsing 152 formulae ......
Warning:not_parsed:PUNCT.ATOM.POSTSUBSCRIPT>CLOSE MathParser failed to match rule 'Anything'
	at 0302112.tex; line 143 col 2 - line 143 col 2
	In "$\displaystyle\{\tilde{q}_{a},\tilde{p}_{b}\}=\delta_{ab},~{}~{}~{}~{}\{\tilde%
	{q}_{a},\tilde{q}_{b}\}=0,~{}~{}~{}~{}\{\tilde{p}_{a},\tilde{p}_{b}\}=0,\@@ENDINLINEMATH"
	{[[UNKNOWN]] \tilde{q}[[UNKNOWN]] _{a}[[POSTSUBSCRIPT]] ,[[PUNCT]] \tilde{p}[[UNKNOWN]] _{b}[[POSTSUBSCRIPT]]
	        > \}[[CLOSE]] =[[RELOP]] δ[[UNKNOWN]] _{ab}[[POSTSUBSCRIPT]] ,[[PUNCT]] \{[[OPEN]] \tilde{q}[[UNKNOWN]] _{a}[[POSTSUBSCRIPT]] ,[[PUNCT]] \tilde{q}[[UNKNOWN]] _{b}[[POSTSUBSCRIPT]] \}[[CLOSE]] =[[RELOP]] 0[[NUMBER]] ,[[PUNCT]] \{[[OPEN]] \tilde{p}[[UNKNOWN]] _{a}[[POSTSUBSCRIPT]] ,[[PUNCT]] \tilde{p}[[UNKNOWN]] _{b}[[POSTSUBSCRIPT]] \}[[CLOSE]] =[[RELOP]] 0[[NUMBER]]
Warning:not_parsed:PUNCT.ATOM.POSTSUBSCRIPT>CLOSE MathParser failed to match rule 'Anything'
	at 0302112.tex; line 143 col 2 - line 143 col 32
	In "$\displaystyle\{\tilde{q}_{a},\tilde{p}_{b}\}$"
	{[[UNKNOWN]] \tilde{q}[[UNKNOWN]] _{a}[[POSTSUBSCRIPT]] ,[[PUNCT]] \tilde{p}[[UNKNOWN]] _{b}[[POSTSUBSCRIPT]]
	        > \}[[CLOSE]]
Warning:not_parsed:PUNCT.ATOM.POSTSUBSCRIPT>CLOSE MathParser failed to match rule 'Anything'
	at 0302112.tex; line 145 col 2 - line 145 col 2
	In "$\displaystyle\{\tilde{\lambda},\tilde{q}_{a}\}=-\tilde{q}_{a},~{}~{}~{}\{%
	\tilde{\lambda},\tilde{p}_{a}\}=\tilde{p}_{a},~{}~{}~{}\{\tilde{p}_{\lambda},%
	\tilde{q}_{a}\}=0,~{}~{}~{}\{\tilde{p}_{\lambda},\tilde{p}_{a}\}=0.\@@ENDINLINEMATH"
	{[[UNKNOWN]] \tilde{\lambda}[[UNKNOWN]] ,[[PUNCT]] \tilde{q}[[UNKNOWN]] _{a}[[POSTSUBSCRIPT]]
	        > \}[[CLOSE]] =[[RELOP]] -[[ADDOP]] \tilde{q}[[UNKNOWN]] _{a}[[POSTSUBSCRIPT]] ,[[PUNCT]] \{[[OPEN]] \tilde{\lambda}[[UNKNOWN]] ,[[PUNCT]] \tilde{p}[[UNKNOWN]] _{a}[[POSTSUBSCRIPT]] \}[[CLOSE]] =[[RELOP]] \tilde{p}[[UNKNOWN]] _{a}[[POSTSUBSCRIPT]] ,[[PUNCT]] \{[[OPEN]] \tilde{p}[[UNKNOWN]] _{\lambda}[[POSTSUBSCRIPT]] ,[[PUNCT]] \tilde{q}[[UNKNOWN]] _{a}[[POSTSUBSCRIPT]] \}[[CLOSE]] =[[RELOP]] 0[[NUMBER]] ,[[PUNCT]] \{[[OPEN]] \tilde{p}[[UNKNOWN]] _{\lambda}[[POSTSUBSCRIPT]] ,[[PUNCT]] \tilde{p}[[UNKNOWN]] _{a}[[POSTSUBSCRIPT]] \}[[CLOSE]] =[[RELOP]] 0[[NUMBER]]
Warning:not_parsed:PUNCT.ATOM.POSTSUBSCRIPT>CLOSE MathParser failed to match rule 'Anything'
	at 0302112.tex; line 145 col 2 - line 145 col 34
	In "$\displaystyle\{\tilde{\lambda},\tilde{q}_{a}\}$"
	{[[UNKNOWN]] \tilde{\lambda}[[UNKNOWN]] ,[[PUNCT]] \tilde{q}[[UNKNOWN]] _{a}[[POSTSUBSCRIPT]]
	        > \}[[CLOSE]]
Warning:not_parsed:ATOM.POSTSUBSCRIPT>RELOP MathParser failed to match rule 'Anything'
	at 0302112.tex; line 284 col 6 - line 284 col 6
	In "$\displaystyle\tilde{H}_{0}=:\frac{1}{2}\left(-i\hbar\frac{\partial}{\partial%
	\tilde{q}_{a}}+i\hbar\tilde{q}_{a}\tilde{q}_{c}\frac{\partial}{\partial\tilde{%
	q}_{c}}\right)\left(-i\hbar\frac{\partial}{\partial\tilde{q}_{a}}+i\hbar\tilde%
	{q}_{a}\tilde{q}_{c}\frac{\partial}{\partial\tilde{q}_{c}}\right):=\frac{1}{2}%
	\hbar^{2}\left[-\frac{\partial^{2}}{\partial\tilde{q}_{a}\partial\tilde{q}_{a}%
	}+(n-1)\tilde{q}_{a}\frac{\partial}{\partial\tilde{q}_{a}}+\tilde{q}_{a}\tilde%
	{q}_{b}\frac{\partial}{\partial\tilde{q}_{a}}\frac{\partial}{\partial\tilde{q}%
	_{b}}+\frac{(n+1)(n-3)}{4}\right].\@@ENDINLINEMATH"
	\tilde{H}[[UNKNOWN]] _{0}[[POSTSUBSCRIPT]]
	        > =[[RELOP]] :[[METARELOP]] \frac{1}{2}[[UNKNOWN]] \left([[OPEN]] -[[ADDOP]] i[[UNKNOWN]] ℏ[[ID]] \frac{\partial}{\partial\tilde{q}_{a}}[[UNKNOWN]] +[[ADDOP]] i[[UNKNOWN]] ℏ[[ID]] \tilde{q}[[UNKNOWN]] _{a}[[POSTSUBSCRIPT]] \tilde{q}[[UNKNOWN]] _{c}[[POSTSUBSCRIPT]] \frac{\partial}{\partial\tilde{q}_{c}}[[UNKNOWN]] \right)[[CLOSE]] \left([[OPEN]] -[[ADDOP]] i[[UNKNOWN]] ℏ[[ID]] \frac{\partial}{\partial\tilde{q}_{a}}[[UNKNOWN]] +[[ADDOP]] i[[UNKNOWN]] ℏ[[ID]] \tilde{q}[[UNKNOWN]] _{a}[[POSTSUBSCRIPT]] \tilde{q}[[UNKNOWN]] _{c}[[POSTSUBSCRIPT]] \frac{\partial}{\partial\tilde{q}_{c}}[[UNKNOWN]] \right)[[CLOSE]] :[[METARELOP]] =[[RELOP]] \frac{1}{2}[[UNKNOWN]] ℏ[[ID]] ^{2}[[POSTSUPERSCRIPT]] \left[[[OPEN]] -[[ADDOP]] \frac{\partial^{2}}{\partial\tilde{q}_{a}\partial\tilde{q}_{a}}[[UNKNOWN]] +[[ADDOP]] ([[OPEN]] n[[UNKNOWN]] -[[ADDOP]] 1[[NUMBER]] )[[CLOSE]] \tilde{q}[[UNKNOWN]] _{a}[[POSTSUBSCRIPT]] \frac{\partial}{\partial\tilde{q}_{a}}[[UNKNOWN]] +[[ADDOP]] \tilde{q}[[UNKNOWN]] _{a}[[POSTSUBSCRIPT]] ...
Warning:not_parsed:POSTSUBSCRIPT.ATOM.CLOSE>METARELOP MathParser failed to match rule 'Anything'
	at 0302112.tex; line 284 col 17 - line 288 col 1
	In "$\displaystyle:\frac{1}{2}\left(-i\hbar\frac{\partial}{\partial\tilde{q}_{a}}+%
	i\hbar\tilde{q}_{a}\tilde{q}_{c}\frac{\partial}{\partial\tilde{q}_{c}}\right)%
	\left(-i\hbar\frac{\partial}{\partial\tilde{q}_{a}}+i\hbar\tilde{q}_{a}\tilde{%
	q}_{c}\frac{\partial}{\partial\tilde{q}_{c}}\right):$"
	:[[METARELOP]] \frac{1}{2}[[UNKNOWN]] \left([[OPEN]] -[[ADDOP]] i[[UNKNOWN]] ℏ[[ID]] \frac{\partial}{\partial\tilde{q}_{a}}[[UNKNOWN]] +[[ADDOP]] i[[UNKNOWN]] ℏ[[ID]] \tilde{q}[[UNKNOWN]] _{a}[[POSTSUBSCRIPT]] \tilde{q}[[UNKNOWN]] _{c}[[POSTSUBSCRIPT]] \frac{\partial}{\partial\tilde{q}_{c}}[[UNKNOWN]] \right)[[CLOSE]] \left([[OPEN]] -[[ADDOP]] i[[UNKNOWN]] ℏ[[ID]] \frac{\partial}{\partial\tilde{q}_{a}}[[UNKNOWN]] +[[ADDOP]] i[[UNKNOWN]] ℏ[[ID]] \tilde{q}[[UNKNOWN]] _{a}[[POSTSUBSCRIPT]] \tilde{q}[[UNKNOWN]] _{c}[[POSTSUBSCRIPT]] \frac{\partial}{\partial\tilde{q}_{c}}[[UNKNOWN]] \right)[[CLOSE]]
	        > :[[METARELOP]]
 5.86 sec)
Math parsing succeeded:
   ltx:XMath: 146/152
   ltx:XMArg: 911/911
Symbols assumed as simple identifiers (with # of occurences):
   'Delta' (1), 'E{italic}' (2), 'F{caligraphic}' (1), 'H{italic}' (15), 'L{italic}' (1), 'Omega' (7), 'S{italic}' (19), 'W{italic}' (1), 'X{italic}' (14), 'alpha' (4), 'a{italic}' (4), 'b{italic}' (3), 'constant' (2), 'd' (1), 'delta' (4), 'd{italic}' (28), 'epsilon' (3), 'f{italic}' (13), 'integers' (1), 'i{italic}' (21), 'k{italic}' (5), 'lambda' (17), 'l{italic}' (9), 'n{italic}' (29), 'p{italic}' (23), 'q{italic}' (59), 'theta' (12), 't{italic}' (18), '{' (8)
Set MATHPARSER_SPECULATE to speculate on possible notations.
(Finalizing... 0.68 sec)
Conversion complete 7 warnings (See /home/user/latex-in-arxiv/0302112.latexml.log) (reqd. 15.89s)
