latexml (LaTeXML version 0.8.6) processing 2003/0302019.tex
(Digesting TeX 0302019...
(Loading /usr/share/perl5/LaTeXML/Package/TeX.pool.ltxml...
(Loading /usr/share/perl5/LaTeXML/Package/eTeX.pool.ltxml... 0.00 sec)
(Loading /usr/share/perl5/LaTeXML/Package/pdfTeX.pool.ltxml... 0.01 sec) 0.13 sec)
(Processing content /home/user/latex-in-arxiv/2003/0302019.tex...
(Loading /usr/share/perl5/LaTeXML/Package/LaTeX.pool.ltxml...
(Loading /usr/share/perl5/LaTeXML/Package/textcomp.sty.ltxml...
(Processing definitions /usr/share/texlive/texmf-dist/tex/latex-dev/base/ts1enc.dfu... 0.02 sec) 0.90 sec) 1.07 sec)
Info:unexpected:\documentstyle Entering LaTeX 2.09 Compatibility mode
	at 0302019.tex; line 2 col 0 - line 2 col 29
(Loading /usr/share/perl5/LaTeXML/Package/article.cls.ltxml... 0.01 sec) 10.39 sec) 10.58 sec)
(Building...
(Loading compiled schema /usr/share/perl5/LaTeXML/resources/RelaxNG/LaTeXML.model... 0.01 sec) 12.75 sec)
(Rewriting... 0.52 sec)
(Math Parsing 521 formulae ......
Warning:not_parsed:POSTSUPERSCRIPT.UNKNOWN.ATOM>OPEN MathParser failed to match rule 'Anything'
	at 0302019.tex; line 939 col 4 - line 939 col 4
	In "$\displaystyle S_{\rm reg}[g_{(0)},\phi_{(0)},\sigma_{(0)};\epsilon]=\int d^{4%
	}x\sqrt{g_{(0)}}\left\{-{3\over 2\epsilon^{2}}+{1\over 2\epsilon}(\phi^{2}_{(0%
	)}+\sigma^{2}_{(0)})\right.\@@ENDINLINEMATH"
	S[[UNKNOWN]] _{\rmreg}[[POSTSUBSCRIPT]] [[[OPEN]] g[[UNKNOWN]] _{(0)}[[POSTSUBSCRIPT]] ,[[PUNCT]] ϕ[[UNKNOWN]] _{(0)}[[POSTSUBSCRIPT]] ,[[PUNCT]] σ[[UNKNOWN]] _{(0)}[[POSTSUBSCRIPT]] ;[[PUNCT]] ϵ[[UNKNOWN]] ][[CLOSE]] =[[RELOP]] ∫[[INTOP]] d[[UNKNOWN]] ^{4}[[POSTSUPERSCRIPT]] x[[UNKNOWN]] \sqrt{g_{(0)}}[[UNKNOWN]]
	        > \left\{[[OPEN]] -[[ADDOP]] 3\over2\epsilon^{2}[[UNKNOWN]] +[[ADDOP]] 1\over2\epsilon[[UNKNOWN]] ([[OPEN]] ϕ[[UNKNOWN]] ^{2}[[POSTSUPERSCRIPT]] _{(0)}[[POSTSUBSCRIPT]] +[[ADDOP]] σ[[UNKNOWN]] ^{2}[[POSTSUPERSCRIPT]] _{(0)}[[POSTSUBSCRIPT]] )[[CLOSE]]
Warning:not_parsed:POSTSUPERSCRIPT.UNKNOWN.ATOM>OPEN MathParser failed to match rule 'Anything'
	at 0302019.tex; line 939 col 4 - line 943 col 1
	In "$\displaystyle S_{\rm reg}[g_{(0)},\phi_{(0)},\sigma_{(0)};\epsilon]=\int d^{4%
	}x\sqrt{g_{(0)}}\left\{-{3\over 2\epsilon^{2}}+{1\over 2\epsilon}(\phi^{2}_{(0%
	)}+\sigma^{2}_{(0)})\right.$"
	S[[UNKNOWN]] _{\rmreg}[[POSTSUBSCRIPT]] [[[OPEN]] g[[UNKNOWN]] _{(0)}[[POSTSUBSCRIPT]] ,[[PUNCT]] ϕ[[UNKNOWN]] _{(0)}[[POSTSUBSCRIPT]] ,[[PUNCT]] σ[[UNKNOWN]] _{(0)}[[POSTSUBSCRIPT]] ;[[PUNCT]] ϵ[[UNKNOWN]] ][[CLOSE]] =[[RELOP]] ∫[[INTOP]] d[[UNKNOWN]] ^{4}[[POSTSUPERSCRIPT]] x[[UNKNOWN]] \sqrt{g_{(0)}}[[UNKNOWN]]
	        > \left\{[[OPEN]] -[[ADDOP]] 3\over2\epsilon^{2}[[UNKNOWN]] +[[ADDOP]] 1\over2\epsilon[[UNKNOWN]] ([[OPEN]] ϕ[[UNKNOWN]] ^{2}[[POSTSUPERSCRIPT]] _{(0)}[[POSTSUBSCRIPT]] +[[ADDOP]] σ[[UNKNOWN]] ^{2}[[POSTSUPERSCRIPT]] _{(0)}[[POSTSUBSCRIPT]] )[[CLOSE]]
Warning:not_parsed:ADDOP.OPFUNCTION.UNKNOWN>OPEN MathParser failed to match rule 'Anything'
	at 0302019.tex; line 943 col 8 - line 943 col 8
	In "$\displaystyle\left.+\log\epsilon\left[{1\over 32}\left(R_{(0)ij}R_{(0)}^{ij}-%
	{1\over 3}R_{(0)}^{2}\right)+{1\over 2}(\phi_{(0)}\nabla^{2}_{(0)}\phi_{(0)}+%
	\sigma_{(0)}\nabla^{2}_{(0)}\sigma_{(0)})\right.\right.\@@ENDINLINEMATH"
	+[[ADDOP]] log[[OPFUNCTION]] ϵ[[UNKNOWN]]
	        > \left[[[OPEN]] 1\over32[[UNKNOWN]] \left([[OPEN]] R[[UNKNOWN]] _{(0)ij}[[POSTSUBSCRIPT]] R[[UNKNOWN]] _{(0)}[[POSTSUBSCRIPT]] ^{ij}[[POSTSUPERSCRIPT]] -[[ADDOP]] 1\over3[[UNKNOWN]] R[[UNKNOWN]] _{(0)}[[POSTSUBSCRIPT]] ^{2}[[POSTSUPERSCRIPT]] \right)[[CLOSE]] +[[ADDOP]] 1\over2[[UNKNOWN]] ([[OPEN]] ϕ[[UNKNOWN]] _{(0)}[[POSTSUBSCRIPT]] ∇[[OPERATOR]] ^{2}[[POSTSUPERSCRIPT]] _{(0)}[[POSTSUBSCRIPT]] ϕ[[UNKNOWN]] _{(0)}[[POSTSUBSCRIPT]] +[[ADDOP]] σ[[UNKNOWN]] _{(0)}[[POSTSUBSCRIPT]] ∇[[OPERATOR]] ^{2}[[POSTSUPERSCRIPT]] _{(0)}[[POSTSUBSCRIPT]] σ[[UNKNOWN]] _{(0)}[[POSTSUBSCRIPT]] )[[CLOSE]]
Warning:not_parsed:ADDOP.OPFUNCTION.UNKNOWN>OPEN MathParser failed to match rule 'Anything'
	at 0302019.tex; line 943 col 8 - line 949 col 1
	In "$\displaystyle\left.+\log\epsilon\left[{1\over 32}\left(R_{(0)ij}R_{(0)}^{ij}-%
	{1\over 3}R_{(0)}^{2}\right)+{1\over 2}(\phi_{(0)}\nabla^{2}_{(0)}\phi_{(0)}+%
	\sigma_{(0)}\nabla^{2}_{(0)}\sigma_{(0)})\right.\right.$"
	+[[ADDOP]] log[[OPFUNCTION]] ϵ[[UNKNOWN]]
	        > \left[[[OPEN]] 1\over32[[UNKNOWN]] \left([[OPEN]] R[[UNKNOWN]] _{(0)ij}[[POSTSUBSCRIPT]] R[[UNKNOWN]] _{(0)}[[POSTSUBSCRIPT]] ^{ij}[[POSTSUPERSCRIPT]] -[[ADDOP]] 1\over3[[UNKNOWN]] R[[UNKNOWN]] _{(0)}[[POSTSUBSCRIPT]] ^{2}[[POSTSUPERSCRIPT]] \right)[[CLOSE]] +[[ADDOP]] 1\over2[[UNKNOWN]] ([[OPEN]] ϕ[[UNKNOWN]] _{(0)}[[POSTSUBSCRIPT]] ∇[[OPERATOR]] ^{2}[[POSTSUPERSCRIPT]] _{(0)}[[POSTSUBSCRIPT]] ϕ[[UNKNOWN]] _{(0)}[[POSTSUBSCRIPT]] +[[ADDOP]] σ[[UNKNOWN]] _{(0)}[[POSTSUBSCRIPT]] ∇[[OPERATOR]] ^{2}[[POSTSUPERSCRIPT]] _{(0)}[[POSTSUBSCRIPT]] σ[[UNKNOWN]] _{(0)}[[POSTSUBSCRIPT]] )[[CLOSE]]
Warning:not_parsed:UNKNOWN.POSTSUPERSCRIPT.POSTSUBSCRIPT>CLOSE MathParser failed to match rule 'Anything'
	at 0302019.tex; line 949 col 8 - line 949 col 8
	In "$\displaystyle\left.\left.+{1\over 12}R_{(0)}(\phi^{2}_{(0)}+\sigma^{2}_{(0)})%
	-2\sigma^{4}_{(0)}+2\phi^{2}_{(0)}\sigma^{2}_{(0)}\right]+{\cal O}(\epsilon^{0%
	})\right\}\@@ENDINLINEMATH"
	+[[ADDOP]] 1\over12[[UNKNOWN]] R[[UNKNOWN]] _{(0)}[[POSTSUBSCRIPT]] ([[OPEN]] ϕ[[UNKNOWN]] ^{2}[[POSTSUPERSCRIPT]] _{(0)}[[POSTSUBSCRIPT]] +[[ADDOP]] σ[[UNKNOWN]] ^{2}[[POSTSUPERSCRIPT]] _{(0)}[[POSTSUBSCRIPT]] )[[CLOSE]] -[[ADDOP]] 2[[NUMBER]] σ[[UNKNOWN]] ^{4}[[POSTSUPERSCRIPT]] _{(0)}[[POSTSUBSCRIPT]] +[[ADDOP]] 2[[NUMBER]] ϕ[[UNKNOWN]] ^{2}[[POSTSUPERSCRIPT]] _{(0)}[[POSTSUBSCRIPT]] σ[[UNKNOWN]] ^{2}[[POSTSUPERSCRIPT]] _{(0)}[[POSTSUBSCRIPT]]
	        > \right][[CLOSE]] +[[ADDOP]] O[[UNKNOWN]] ([[OPEN]] ϵ[[UNKNOWN]] ^{0}[[POSTSUPERSCRIPT]] )[[CLOSE]] \right\}[[CLOSE]]
Warning:not_parsed:UNKNOWN.POSTSUPERSCRIPT.POSTSUBSCRIPT>CLOSE MathParser failed to match rule 'Anything'
	at 0302019.tex; line 949 col 8 - line 953 col 4
	In "$\displaystyle\left.\left.+{1\over 12}R_{(0)}(\phi^{2}_{(0)}+\sigma^{2}_{(0)})%
	-2\sigma^{4}_{(0)}+2\phi^{2}_{(0)}\sigma^{2}_{(0)}\right]+{\cal O}(\epsilon^{0%
	})\right\}$"
	+[[ADDOP]] 1\over12[[UNKNOWN]] R[[UNKNOWN]] _{(0)}[[POSTSUBSCRIPT]] ([[OPEN]] ϕ[[UNKNOWN]] ^{2}[[POSTSUPERSCRIPT]] _{(0)}[[POSTSUBSCRIPT]] +[[ADDOP]] σ[[UNKNOWN]] ^{2}[[POSTSUPERSCRIPT]] _{(0)}[[POSTSUBSCRIPT]] )[[CLOSE]] -[[ADDOP]] 2[[NUMBER]] σ[[UNKNOWN]] ^{4}[[POSTSUPERSCRIPT]] _{(0)}[[POSTSUBSCRIPT]] +[[ADDOP]] 2[[NUMBER]] ϕ[[UNKNOWN]] ^{2}[[POSTSUPERSCRIPT]] _{(0)}[[POSTSUBSCRIPT]] σ[[UNKNOWN]] ^{2}[[POSTSUPERSCRIPT]] _{(0)}[[POSTSUBSCRIPT]]
	        > \right][[CLOSE]] +[[ADDOP]] O[[UNKNOWN]] ([[OPEN]] ϵ[[UNKNOWN]] ^{0}[[POSTSUPERSCRIPT]] )[[CLOSE]] \right\}[[CLOSE]]
Warning:not_parsed:POSTSUPERSCRIPT.UNKNOWN.ATOM>OPEN MathParser failed to match rule 'Anything'
	at 0302019.tex; line 957 col 4 - line 957 col 4
	In "$\displaystyle S_{\rm ct}[\gamma,\Phi,\Sigma;\epsilon]=\int_{\rho=\epsilon}d^{%
	4}x\sqrt{\gamma}\left\{{3\over 2}-{1\over 8}R[\gamma]+{1\over 2}(\Phi^{2}+%
	\Sigma^{2})\right.\@@ENDINLINEMATH"
	S[[UNKNOWN]] _{\rmct}[[POSTSUBSCRIPT]] [[[OPEN]] γ[[UNKNOWN]] ,[[PUNCT]] Φ[[UNKNOWN]] ,[[PUNCT]] Σ[[UNKNOWN]] ;[[PUNCT]] ϵ[[UNKNOWN]] ][[CLOSE]] =[[RELOP]] ∫[[INTOP]] _{\rho=\epsilon}[[POSTSUBSCRIPT]] d[[UNKNOWN]] ^{4}[[POSTSUPERSCRIPT]] x[[UNKNOWN]] \sqrt{\gamma}[[UNKNOWN]]
	        > \left\{[[OPEN]] 3\over2[[UNKNOWN]] -[[ADDOP]] 1\over8[[UNKNOWN]] R[[UNKNOWN]] [[[OPEN]] γ[[UNKNOWN]] ][[CLOSE]] +[[ADDOP]] 1\over2[[UNKNOWN]] ([[OPEN]] Φ[[UNKNOWN]] ^{2}[[POSTSUPERSCRIPT]] +[[ADDOP]] Σ[[UNKNOWN]] ^{2}[[POSTSUPERSCRIPT]] )[[CLOSE]]
Warning:not_parsed:POSTSUPERSCRIPT.UNKNOWN.ATOM>OPEN MathParser failed to match rule 'Anything'
	at 0302019.tex; line 957 col 4 - line 960 col 1
	In "$\displaystyle S_{\rm ct}[\gamma,\Phi,\Sigma;\epsilon]=\int_{\rho=\epsilon}d^{%
	4}x\sqrt{\gamma}\left\{{3\over 2}-{1\over 8}R[\gamma]+{1\over 2}(\Phi^{2}+%
	\Sigma^{2})\right.$"
	S[[UNKNOWN]] _{\rmct}[[POSTSUBSCRIPT]] [[[OPEN]] γ[[UNKNOWN]] ,[[PUNCT]] Φ[[UNKNOWN]] ,[[PUNCT]] Σ[[UNKNOWN]] ;[[PUNCT]] ϵ[[UNKNOWN]] ][[CLOSE]] =[[RELOP]] ∫[[INTOP]] _{\rho=\epsilon}[[POSTSUBSCRIPT]] d[[UNKNOWN]] ^{4}[[POSTSUPERSCRIPT]] x[[UNKNOWN]] \sqrt{\gamma}[[UNKNOWN]]
	        > \left\{[[OPEN]] 3\over2[[UNKNOWN]] -[[ADDOP]] 1\over8[[UNKNOWN]] R[[UNKNOWN]] [[[OPEN]] γ[[UNKNOWN]] ][[CLOSE]] +[[ADDOP]] 1\over2[[UNKNOWN]] ([[OPEN]] Φ[[UNKNOWN]] ^{2}[[POSTSUPERSCRIPT]] +[[ADDOP]] Σ[[UNKNOWN]] ^{2}[[POSTSUPERSCRIPT]] )[[CLOSE]]
Warning:not_parsed:ADDOP.OPFUNCTION.UNKNOWN>OPEN MathParser failed to match rule 'Anything'
	at 0302019.tex; line 960 col 4 - line 960 col 4
	In "$\displaystyle-\log\epsilon\left[{1\over 4}\left(\Phi\nabla_{[\gamma]}\Phi+{1%
	\over 6}R[\gamma]\Phi^{2}\right)+{1\over 4}\left(\Sigma\nabla_{[\gamma]}\Sigma%
	+{1\over 6}R[\gamma]\Sigma^{2}\right)\right.\@@ENDINLINEMATH"
	-[[ADDOP]] log[[OPFUNCTION]] ϵ[[UNKNOWN]]
	        > \left[[[OPEN]] 1\over4[[UNKNOWN]] \left([[OPEN]] Φ[[UNKNOWN]] ∇[[OPERATOR]] _{[\gamma]}[[POSTSUBSCRIPT]] Φ[[UNKNOWN]] +[[ADDOP]] 1\over6[[UNKNOWN]] R[[UNKNOWN]] [[[OPEN]] γ[[UNKNOWN]] ][[CLOSE]] Φ[[UNKNOWN]] ^{2}[[POSTSUPERSCRIPT]] \right)[[CLOSE]] +[[ADDOP]] 1\over4[[UNKNOWN]] \left([[OPEN]] Σ[[UNKNOWN]] ∇[[OPERATOR]] _{[\gamma]}[[POSTSUBSCRIPT]] Σ[[UNKNOWN]] +[[ADDOP]] 1\over6[[UNKNOWN]] R[[UNKNOWN]] [[[OPEN]] γ[[UNKNOWN]] ][[CLOSE]] Σ[[UNKNOWN]] ^{2}[[POSTSUPERSCRIPT]] \right)[[CLOSE]]
Warning:not_parsed:ADDOP.OPFUNCTION.UNKNOWN>OPEN MathParser failed to match rule 'Anything'
	at 0302019.tex; line 960 col 4 - line 964 col 1
	In "$\displaystyle-\log\epsilon\left[{1\over 4}\left(\Phi\nabla_{[\gamma]}\Phi+{1%
	\over 6}R[\gamma]\Phi^{2}\right)+{1\over 4}\left(\Sigma\nabla_{[\gamma]}\Sigma%
	+{1\over 6}R[\gamma]\Sigma^{2}\right)\right.$"
	-[[ADDOP]] log[[OPFUNCTION]] ϵ[[UNKNOWN]]
	        > \left[[[OPEN]] 1\over4[[UNKNOWN]] \left([[OPEN]] Φ[[UNKNOWN]] ∇[[OPERATOR]] _{[\gamma]}[[POSTSUBSCRIPT]] Φ[[UNKNOWN]] +[[ADDOP]] 1\over6[[UNKNOWN]] R[[UNKNOWN]] [[[OPEN]] γ[[UNKNOWN]] ][[CLOSE]] Φ[[UNKNOWN]] ^{2}[[POSTSUPERSCRIPT]] \right)[[CLOSE]] +[[ADDOP]] 1\over4[[UNKNOWN]] \left([[OPEN]] Σ[[UNKNOWN]] ∇[[OPERATOR]] _{[\gamma]}[[POSTSUBSCRIPT]] Σ[[UNKNOWN]] +[[ADDOP]] 1\over6[[UNKNOWN]] R[[UNKNOWN]] [[[OPEN]] γ[[UNKNOWN]] ][[CLOSE]] Σ[[UNKNOWN]] ^{2}[[POSTSUPERSCRIPT]] \right)[[CLOSE]]
Warning:not_parsed:CLOSE.POSTSUPERSCRIPT.CLOSE>CLOSE MathParser failed to match rule 'Anything'
	at 0302019.tex; line 964 col 8 - line 964 col 8
	In "$\displaystyle\left.\left.+2\Sigma^{4}-2\Sigma^{2}\Phi^{2}+{1\over 32}\left(R_%
	{ij}[\gamma]R^{ij}[\gamma]-{1\over 3}R[\gamma]^{2}\right)\right]\right\}\@@ENDINLINEMATH"
	+[[ADDOP]] 2[[NUMBER]] Σ[[UNKNOWN]] ^{4}[[POSTSUPERSCRIPT]] -[[ADDOP]] 2[[NUMBER]] Σ[[UNKNOWN]] ^{2}[[POSTSUPERSCRIPT]] Φ[[UNKNOWN]] ^{2}[[POSTSUPERSCRIPT]] +[[ADDOP]] 1\over32[[UNKNOWN]] \left([[OPEN]] R[[UNKNOWN]] _{ij}[[POSTSUBSCRIPT]] [[[OPEN]] γ[[UNKNOWN]] ][[CLOSE]] R[[UNKNOWN]] ^{ij}[[POSTSUPERSCRIPT]] [[[OPEN]] γ[[UNKNOWN]] ][[CLOSE]] -[[ADDOP]] 1\over3[[UNKNOWN]] R[[UNKNOWN]] [[[OPEN]] γ[[UNKNOWN]] ][[CLOSE]] ^{2}[[POSTSUPERSCRIPT]] \right)[[CLOSE]]
	        > \right][[CLOSE]] \right\}[[CLOSE]]
Warning:not_parsed:CLOSE.POSTSUPERSCRIPT.CLOSE>CLOSE MathParser failed to match rule 'Anything'
	at 0302019.tex; line 964 col 8 - line 966 col 20
	In "$\displaystyle\left.\left.+2\Sigma^{4}-2\Sigma^{2}\Phi^{2}+{1\over 32}\left(R_%
	{ij}[\gamma]R^{ij}[\gamma]-{1\over 3}R[\gamma]^{2}\right)\right]\right\}$"
	+[[ADDOP]] 2[[NUMBER]] Σ[[UNKNOWN]] ^{4}[[POSTSUPERSCRIPT]] -[[ADDOP]] 2[[NUMBER]] Σ[[UNKNOWN]] ^{2}[[POSTSUPERSCRIPT]] Φ[[UNKNOWN]] ^{2}[[POSTSUPERSCRIPT]] +[[ADDOP]] 1\over32[[UNKNOWN]] \left([[OPEN]] R[[UNKNOWN]] _{ij}[[POSTSUBSCRIPT]] [[[OPEN]] γ[[UNKNOWN]] ][[CLOSE]] R[[UNKNOWN]] ^{ij}[[POSTSUPERSCRIPT]] [[[OPEN]] γ[[UNKNOWN]] ][[CLOSE]] -[[ADDOP]] 1\over3[[UNKNOWN]] R[[UNKNOWN]] [[[OPEN]] γ[[UNKNOWN]] ][[CLOSE]] ^{2}[[POSTSUPERSCRIPT]] \right)[[CLOSE]]
	        > \right][[CLOSE]] \right\}[[CLOSE]]
Warning:not_parsed:POSTSUBSCRIPT.POSTSUPERSCRIPT.ATOM>MULOP MathParser failed to match rule 'Anything'
	at 0302019.tex; line 1043 col 3 - line 1043 col 3
	In "$\displaystyle R^{(0)}_{p}=u(1-u)F(a^{(\phi)}_{+},a^{(\phi)}_{-};3;u)={u(1-u)%
	\Gamma(3)\over\Gamma(a^{(\phi)}_{+})\Gamma(a^{(\phi)}_{-})}\sum_{n=0}^{\infty}%
	{(a^{(\phi)}_{+})_{n}(a^{(\phi)}_{-})_{n}\over(n!)^{2}}\times\@@ENDINLINEMATH"
	R[[UNKNOWN]] ^{(0)}[[POSTSUPERSCRIPT]] _{p}[[POSTSUBSCRIPT]] =[[RELOP]] u[[UNKNOWN]] ([[OPEN]] 1[[NUMBER]] -[[ADDOP]] u[[UNKNOWN]] )[[CLOSE]] F[[UNKNOWN]] ([[OPEN]] a[[UNKNOWN]] ^{(\phi)}[[POSTSUPERSCRIPT]] _{+}[[POSTSUBSCRIPT]] ,[[PUNCT]] a[[UNKNOWN]] ^{(\phi)}[[POSTSUPERSCRIPT]] _{-}[[POSTSUBSCRIPT]] ;[[PUNCT]] 3[[NUMBER]] ;[[PUNCT]] u[[UNKNOWN]] )[[CLOSE]] =[[RELOP]] u(1-u)\Gamma(3)\over\Gamma(a^{(\phi)}_{+})\Gamma(a^{(\phi)}_{-})[[UNKNOWN]] ∑[[SUMOP]] _{n=0}[[POSTSUBSCRIPT]] ^{\infty}[[POSTSUPERSCRIPT]] (a^{(\phi)}_{+})_{n}(a^{(\phi)}_{-})_{n}\over(n!)^{2}[[UNKNOWN]]
	        > ×[[MULOP]]
Warning:not_parsed:POSTSUBSCRIPT.POSTSUPERSCRIPT.ATOM>MULOP MathParser failed to match rule 'Anything'
	at 0302019.tex; line 1043 col 3 - line 1047 col 1
	In "$\displaystyle R^{(0)}_{p}=u(1-u)F(a^{(\phi)}_{+},a^{(\phi)}_{-};3;u)={u(1-u)%
	\Gamma(3)\over\Gamma(a^{(\phi)}_{+})\Gamma(a^{(\phi)}_{-})}\sum_{n=0}^{\infty}%
	{(a^{(\phi)}_{+})_{n}(a^{(\phi)}_{-})_{n}\over(n!)^{2}}\times$"
	R[[UNKNOWN]] ^{(0)}[[POSTSUPERSCRIPT]] _{p}[[POSTSUBSCRIPT]] =[[RELOP]] u[[UNKNOWN]] ([[OPEN]] 1[[NUMBER]] -[[ADDOP]] u[[UNKNOWN]] )[[CLOSE]] F[[UNKNOWN]] ([[OPEN]] a[[UNKNOWN]] ^{(\phi)}[[POSTSUPERSCRIPT]] _{+}[[POSTSUBSCRIPT]] ,[[PUNCT]] a[[UNKNOWN]] ^{(\phi)}[[POSTSUPERSCRIPT]] _{-}[[POSTSUBSCRIPT]] ;[[PUNCT]] 3[[NUMBER]] ;[[PUNCT]] u[[UNKNOWN]] )[[CLOSE]] =[[RELOP]] u(1-u)\Gamma(3)\over\Gamma(a^{(\phi)}_{+})\Gamma(a^{(\phi)}_{-})[[UNKNOWN]] ∑[[SUMOP]] _{n=0}[[POSTSUBSCRIPT]] ^{\infty}[[POSTSUPERSCRIPT]] (a^{(\phi)}_{+})_{n}(a^{(\phi)}_{-})_{n}\over(n!)^{2}[[UNKNOWN]]
	        > ×[[MULOP]]
Warning:not_parsed:UNKNOWN.CLOSE.POSTSUPERSCRIPT>MULOP MathParser failed to match rule 'Anything'
	at 0302019.tex; line 1128 col 4 - line 1128 col 4
	In "$\displaystyle{\cal G}_{{}_{GPPZ}}(p_{1},p_{2},p_{3})=\kappa_{{}_{GPPZ}}\delta%
	(\sum_{i}p_{i})\prod_{i}\Gamma(a_{+}(p_{i}))\Gamma(a_{-}(p_{i}))\int_{0}^{1-%
	\epsilon}du\ u^{3}(1-u)^{2}\times\@@ENDINLINEMATH"
	... ,[[PUNCT]] p[[UNKNOWN]] _{2}[[POSTSUBSCRIPT]] ,[[PUNCT]] p[[UNKNOWN]] _{3}[[POSTSUBSCRIPT]] )[[CLOSE]] =[[RELOP]] κ[[UNKNOWN]] _{{}_{GPPZ}}[[POSTSUBSCRIPT]] δ[[UNKNOWN]] ([[OPEN]] ∑[[SUMOP]] _{i}[[POSTSUBSCRIPT]] p[[UNKNOWN]] _{i}[[POSTSUBSCRIPT]] )[[CLOSE]] ∏[[SUMOP]] _{i}[[POSTSUBSCRIPT]] Γ[[UNKNOWN]] ([[OPEN]] a[[UNKNOWN]] _{+}[[POSTSUBSCRIPT]] ([[OPEN]] p[[UNKNOWN]] _{i}[[POSTSUBSCRIPT]] )[[CLOSE]] )[[CLOSE]] Γ[[UNKNOWN]] ([[OPEN]] a[[UNKNOWN]] _{-}[[POSTSUBSCRIPT]] ([[OPEN]] p[[UNKNOWN]] _{i}[[POSTSUBSCRIPT]] )[[CLOSE]] )[[CLOSE]] ∫[[INTOP]] _{0}[[POSTSUBSCRIPT]] ^{1-\epsilon}[[POSTSUPERSCRIPT]] d[[UNKNOWN]] u[[UNKNOWN]] u[[UNKNOWN]] ^{3}[[POSTSUPERSCRIPT]] ([[OPEN]] 1[[NUMBER]] -[[ADDOP]] u[[UNKNOWN]] )[[CLOSE]] ^{2}[[POSTSUPERSCRIPT]]
	        > ×[[MULOP]]
Warning:not_parsed:UNKNOWN.CLOSE.POSTSUPERSCRIPT>MULOP MathParser failed to match rule 'Anything'
	at 0302019.tex; line 1128 col 4 - line 1132 col 1
	In "$\displaystyle{\cal G}_{{}_{GPPZ}}(p_{1},p_{2},p_{3})=\kappa_{{}_{GPPZ}}\delta%
	(\sum_{i}p_{i})\prod_{i}\Gamma(a_{+}(p_{i}))\Gamma(a_{-}(p_{i}))\int_{0}^{1-%
	\epsilon}du\ u^{3}(1-u)^{2}\times$"
	... ,[[PUNCT]] p[[UNKNOWN]] _{2}[[POSTSUBSCRIPT]] ,[[PUNCT]] p[[UNKNOWN]] _{3}[[POSTSUBSCRIPT]] )[[CLOSE]] =[[RELOP]] κ[[UNKNOWN]] _{{}_{GPPZ}}[[POSTSUBSCRIPT]] δ[[UNKNOWN]] ([[OPEN]] ∑[[SUMOP]] _{i}[[POSTSUBSCRIPT]] p[[UNKNOWN]] _{i}[[POSTSUBSCRIPT]] )[[CLOSE]] ∏[[SUMOP]] _{i}[[POSTSUBSCRIPT]] Γ[[UNKNOWN]] ([[OPEN]] a[[UNKNOWN]] _{+}[[POSTSUBSCRIPT]] ([[OPEN]] p[[UNKNOWN]] _{i}[[POSTSUBSCRIPT]] )[[CLOSE]] )[[CLOSE]] Γ[[UNKNOWN]] ([[OPEN]] a[[UNKNOWN]] _{-}[[POSTSUBSCRIPT]] ([[OPEN]] p[[UNKNOWN]] _{i}[[POSTSUBSCRIPT]] )[[CLOSE]] )[[CLOSE]] ∫[[INTOP]] _{0}[[POSTSUBSCRIPT]] ^{1-\epsilon}[[POSTSUPERSCRIPT]] d[[UNKNOWN]] u[[UNKNOWN]] u[[UNKNOWN]] ^{3}[[POSTSUPERSCRIPT]] ([[OPEN]] 1[[NUMBER]] -[[ADDOP]] u[[UNKNOWN]] )[[CLOSE]] ^{2}[[POSTSUPERSCRIPT]]
	        > ×[[MULOP]]
Warning:not_parsed:POSTSUBSCRIPT.POSTSUPERSCRIPT.ATOM>MULOP MathParser failed to match rule 'Anything'
	at 0302019.tex; line 1192 col 36 - line 1192 col 36
	In "$\displaystyle A_{{}_{GPPZ}}(k_{1},k_{2},k_{3})={(2\pi)^{5}\sqrt{3}\over NL}%
	\prod_{i=1}^{3}\sqrt{(k_{i}+1)(k_{i}+2)(2k_{i}+3)}\times\@@ENDINLINEMATH"
	A[[UNKNOWN]] _{{}_{GPPZ}}[[POSTSUBSCRIPT]] ([[OPEN]] k[[UNKNOWN]] _{1}[[POSTSUBSCRIPT]] ,[[PUNCT]] k[[UNKNOWN]] _{2}[[POSTSUBSCRIPT]] ,[[PUNCT]] k[[UNKNOWN]] _{3}[[POSTSUBSCRIPT]] )[[CLOSE]] =[[RELOP]] (2\pi)^{5}\sqrt{3}\overNL[[UNKNOWN]] ∏[[SUMOP]] _{i=1}[[POSTSUBSCRIPT]] ^{3}[[POSTSUPERSCRIPT]] \sqrt{(k_{i}+1)(k_{i}+2)(2k_{i}+3)}[[UNKNOWN]]
	        > ×[[MULOP]]
Warning:not_parsed:POSTSUBSCRIPT.POSTSUPERSCRIPT.ATOM>MULOP MathParser failed to match rule 'Anything'
	at 0302019.tex; line 1192 col 36 - line 1196 col 1
	In "$\displaystyle A_{{}_{GPPZ}}(k_{1},k_{2},k_{3})={(2\pi)^{5}\sqrt{3}\over NL}%
	\prod_{i=1}^{3}\sqrt{(k_{i}+1)(k_{i}+2)(2k_{i}+3)}\times$"
	A[[UNKNOWN]] _{{}_{GPPZ}}[[POSTSUBSCRIPT]] ([[OPEN]] k[[UNKNOWN]] _{1}[[POSTSUBSCRIPT]] ,[[PUNCT]] k[[UNKNOWN]] _{2}[[POSTSUBSCRIPT]] ,[[PUNCT]] k[[UNKNOWN]] _{3}[[POSTSUBSCRIPT]] )[[CLOSE]] =[[RELOP]] (2\pi)^{5}\sqrt{3}\overNL[[UNKNOWN]] ∏[[SUMOP]] _{i=1}[[POSTSUBSCRIPT]] ^{3}[[POSTSUPERSCRIPT]] \sqrt{(k_{i}+1)(k_{i}+2)(2k_{i}+3)}[[UNKNOWN]]
	        > ×[[MULOP]]
Warning:not_parsed:UNKNOWN.POSTSUBSCRIPT>FLOATSUPERSCRIPT MathParser failed to match rule 'Anything'
	at 0302019.tex; line 1218 col 0 - line 1220 col 3
	In "\begin{equation}T_{i}{}^{i}=\beta{\cal O}_{\phi}\end{equation}"
	T[[UNKNOWN]] _{i}[[POSTSUBSCRIPT]]
	        > {}^{i}[[FLOATSUPERSCRIPT]] =[[RELOP]] β[[UNKNOWN]] O[[UNKNOWN]] _{\phi}[[POSTSUBSCRIPT]]
Warning:not_parsed:PUNCT.UNKNOWN.CLOSE>MULOP MathParser failed to match rule 'Anything'
	at 0302019.tex; line 1231 col 5 - line 1231 col 5
	In "$\displaystyle\langle T_{ij}(p_{1}){\cal O}_{\sigma}(p_{2}){\cal O}_{\sigma}(p%
	_{3})\rangle_{t}=\kappa_{{}_{T}}\delta(\sum_{i}p_{i})\int dw\sqrt{G(w)}K^{t}_{%
	ij,kl}(p_{1},w)\times\@@ENDINLINEMATH"
	\langle[[OPEN]] T[[UNKNOWN]] _{ij}[[POSTSUBSCRIPT]] ([[OPEN]] p[[UNKNOWN]] _{1}[[POSTSUBSCRIPT]] )[[CLOSE]] O[[UNKNOWN]] _{\sigma}[[POSTSUBSCRIPT]] ([[OPEN]] p[[UNKNOWN]] _{2}[[POSTSUBSCRIPT]] )[[CLOSE]] O[[UNKNOWN]] _{\sigma}[[POSTSUBSCRIPT]] ([[OPEN]] p[[UNKNOWN]] _{3}[[POSTSUBSCRIPT]] )[[CLOSE]] \rangle[[CLOSE]] _{t}[[POSTSUBSCRIPT]] =[[RELOP]] κ[[UNKNOWN]] _{{}_{T}}[[POSTSUBSCRIPT]] δ[[UNKNOWN]] ([[OPEN]] ∑[[SUMOP]] _{i}[[POSTSUBSCRIPT]] p[[UNKNOWN]] _{i}[[POSTSUBSCRIPT]] )[[CLOSE]] ∫[[INTOP]] d[[UNKNOWN]] w[[UNKNOWN]] \sqrt{G(w)}[[UNKNOWN]] K[[UNKNOWN]] ^{t}[[POSTSUPERSCRIPT]] _{ij,kl}[[POSTSUBSCRIPT]] ([[OPEN]] p[[UNKNOWN]] _{1}[[POSTSUBSCRIPT]] ,[[PUNCT]] w[[UNKNOWN]] )[[CLOSE]]
	        > ×[[MULOP]]
Warning:not_parsed:PUNCT.UNKNOWN.CLOSE>MULOP MathParser failed to match rule 'Anything'
	at 0302019.tex; line 1231 col 5 - line 1235 col 1
	In "$\displaystyle\langle T_{ij}(p_{1}){\cal O}_{\sigma}(p_{2}){\cal O}_{\sigma}(p%
	_{3})\rangle_{t}=\kappa_{{}_{T}}\delta(\sum_{i}p_{i})\int dw\sqrt{G(w)}K^{t}_{%
	ij,kl}(p_{1},w)\times$"
	\langle[[OPEN]] T[[UNKNOWN]] _{ij}[[POSTSUBSCRIPT]] ([[OPEN]] p[[UNKNOWN]] _{1}[[POSTSUBSCRIPT]] )[[CLOSE]] O[[UNKNOWN]] _{\sigma}[[POSTSUBSCRIPT]] ([[OPEN]] p[[UNKNOWN]] _{2}[[POSTSUBSCRIPT]] )[[CLOSE]] O[[UNKNOWN]] _{\sigma}[[POSTSUBSCRIPT]] ([[OPEN]] p[[UNKNOWN]] _{3}[[POSTSUBSCRIPT]] )[[CLOSE]] \rangle[[CLOSE]] _{t}[[POSTSUBSCRIPT]] =[[RELOP]] κ[[UNKNOWN]] _{{}_{T}}[[POSTSUBSCRIPT]] δ[[UNKNOWN]] ([[OPEN]] ∑[[SUMOP]] _{i}[[POSTSUBSCRIPT]] p[[UNKNOWN]] _{i}[[POSTSUBSCRIPT]] )[[CLOSE]] ∫[[INTOP]] d[[UNKNOWN]] w[[UNKNOWN]] \sqrt{G(w)}[[UNKNOWN]] K[[UNKNOWN]] ^{t}[[POSTSUPERSCRIPT]] _{ij,kl}[[POSTSUBSCRIPT]] ([[OPEN]] p[[UNKNOWN]] _{1}[[POSTSUBSCRIPT]] ,[[PUNCT]] w[[UNKNOWN]] )[[CLOSE]]
	        > ×[[MULOP]]
Warning:not_parsed:PUNCT.UNKNOWN.CLOSE>MULOP MathParser failed to match rule 'Anything'
	at 0302019.tex; line 1243 col 5 - line 1243 col 5
	In "$\displaystyle\langle J_{i}(p_{1}){\cal O}_{\sigma}(p_{2}){\cal O}_{\tilde{%
	\sigma}}(p_{3})\rangle_{t}=\kappa_{{}_{J}}\delta(\sum_{i}p_{i})\int dw\sqrt{G(%
	w)}K^{t}_{i,k}(p_{1},w)\times\@@ENDINLINEMATH"
	\langle[[OPEN]] J[[UNKNOWN]] _{i}[[POSTSUBSCRIPT]] ([[OPEN]] p[[UNKNOWN]] _{1}[[POSTSUBSCRIPT]] )[[CLOSE]] O[[UNKNOWN]] _{\sigma}[[POSTSUBSCRIPT]] ([[OPEN]] p[[UNKNOWN]] _{2}[[POSTSUBSCRIPT]] )[[CLOSE]] O[[UNKNOWN]] _{\tilde{\sigma}}[[POSTSUBSCRIPT]] ([[OPEN]] p[[UNKNOWN]] _{3}[[POSTSUBSCRIPT]] )[[CLOSE]] \rangle[[CLOSE]] _{t}[[POSTSUBSCRIPT]] =[[RELOP]] κ[[UNKNOWN]] _{{}_{J}}[[POSTSUBSCRIPT]] δ[[UNKNOWN]] ([[OPEN]] ∑[[SUMOP]] _{i}[[POSTSUBSCRIPT]] p[[UNKNOWN]] _{i}[[POSTSUBSCRIPT]] )[[CLOSE]] ∫[[INTOP]] d[[UNKNOWN]] w[[UNKNOWN]] \sqrt{G(w)}[[UNKNOWN]] K[[UNKNOWN]] ^{t}[[POSTSUPERSCRIPT]] _{i,k}[[POSTSUBSCRIPT]] ([[OPEN]] p[[UNKNOWN]] _{1}[[POSTSUBSCRIPT]] ,[[PUNCT]] w[[UNKNOWN]] )[[CLOSE]]
	        > ×[[MULOP]]
Warning:not_parsed:PUNCT.UNKNOWN.CLOSE>MULOP MathParser failed to match rule 'Anything'
	at 0302019.tex; line 1243 col 5 - line 1247 col 1
	In "$\displaystyle\langle J_{i}(p_{1}){\cal O}_{\sigma}(p_{2}){\cal O}_{\tilde{%
	\sigma}}(p_{3})\rangle_{t}=\kappa_{{}_{J}}\delta(\sum_{i}p_{i})\int dw\sqrt{G(%
	w)}K^{t}_{i,k}(p_{1},w)\times$"
	\langle[[OPEN]] J[[UNKNOWN]] _{i}[[POSTSUBSCRIPT]] ([[OPEN]] p[[UNKNOWN]] _{1}[[POSTSUBSCRIPT]] )[[CLOSE]] O[[UNKNOWN]] _{\sigma}[[POSTSUBSCRIPT]] ([[OPEN]] p[[UNKNOWN]] _{2}[[POSTSUBSCRIPT]] )[[CLOSE]] O[[UNKNOWN]] _{\tilde{\sigma}}[[POSTSUBSCRIPT]] ([[OPEN]] p[[UNKNOWN]] _{3}[[POSTSUBSCRIPT]] )[[CLOSE]] \rangle[[CLOSE]] _{t}[[POSTSUBSCRIPT]] =[[RELOP]] κ[[UNKNOWN]] _{{}_{J}}[[POSTSUBSCRIPT]] δ[[UNKNOWN]] ([[OPEN]] ∑[[SUMOP]] _{i}[[POSTSUBSCRIPT]] p[[UNKNOWN]] _{i}[[POSTSUBSCRIPT]] )[[CLOSE]] ∫[[INTOP]] d[[UNKNOWN]] w[[UNKNOWN]] \sqrt{G(w)}[[UNKNOWN]] K[[UNKNOWN]] ^{t}[[POSTSUPERSCRIPT]] _{i,k}[[POSTSUBSCRIPT]] ([[OPEN]] p[[UNKNOWN]] _{1}[[POSTSUBSCRIPT]] ,[[PUNCT]] w[[UNKNOWN]] )[[CLOSE]]
	        > ×[[MULOP]]
Warning:not_parsed:POSTSUBSCRIPT.CLOSE.ATOM>MULOP MathParser failed to match rule 'Anything'
	at 0302019.tex; line 1307 col 3 - line 1307 col 3
	In "$\displaystyle{\cal G}_{{}_{CFT}}(p_{1},p_{2},p_{3})=\delta(\sum_{i}p_{i}){\pi%
	^{(\Sigma+d)/2}\Gamma(d/2-\Delta_{23})\Gamma(d-\Sigma)\over 2^{\Sigma}\Gamma(d%
	/2)\Gamma(\Delta_{12})\Gamma(\Delta_{13})}\times\@@ENDINLINEMATH"
	G[[UNKNOWN]] _{{}_{CFT}}[[POSTSUBSCRIPT]] ([[OPEN]] p[[UNKNOWN]] _{1}[[POSTSUBSCRIPT]] ,[[PUNCT]] p[[UNKNOWN]] _{2}[[POSTSUBSCRIPT]] ,[[PUNCT]] p[[UNKNOWN]] _{3}[[POSTSUBSCRIPT]] )[[CLOSE]] =[[RELOP]] δ[[UNKNOWN]] ([[OPEN]] ∑[[SUMOP]] _{i}[[POSTSUBSCRIPT]] p[[UNKNOWN]] _{i}[[POSTSUBSCRIPT]] )[[CLOSE]] \pi^{(\Sigma+d)/2}\Gamma(d/2-\Delta_{23})\Gamma(d-\Sigma)\over2^{\Sigma}\Gamma(d/2)\Gamma(\Delta_{12})\Gamma(\Delta_{13})[[UNKNOWN]]
	        > ×[[MULOP]]
Warning:not_parsed:POSTSUBSCRIPT.CLOSE.ATOM>MULOP MathParser failed to match rule 'Anything'
	at 0302019.tex; line 1307 col 3 - line 1312 col 1
	In "$\displaystyle{\cal G}_{{}_{CFT}}(p_{1},p_{2},p_{3})=\delta(\sum_{i}p_{i}){\pi%
	^{(\Sigma+d)/2}\Gamma(d/2-\Delta_{23})\Gamma(d-\Sigma)\over 2^{\Sigma}\Gamma(d%
	/2)\Gamma(\Delta_{12})\Gamma(\Delta_{13})}\times$"
	G[[UNKNOWN]] _{{}_{CFT}}[[POSTSUBSCRIPT]] ([[OPEN]] p[[UNKNOWN]] _{1}[[POSTSUBSCRIPT]] ,[[PUNCT]] p[[UNKNOWN]] _{2}[[POSTSUBSCRIPT]] ,[[PUNCT]] p[[UNKNOWN]] _{3}[[POSTSUBSCRIPT]] )[[CLOSE]] =[[RELOP]] δ[[UNKNOWN]] ([[OPEN]] ∑[[SUMOP]] _{i}[[POSTSUBSCRIPT]] p[[UNKNOWN]] _{i}[[POSTSUBSCRIPT]] )[[CLOSE]] \pi^{(\Sigma+d)/2}\Gamma(d/2-\Delta_{23})\Gamma(d-\Sigma)\over2^{\Sigma}\Gamma(d/2)\Gamma(\Delta_{12})\Gamma(\Delta_{13})[[UNKNOWN]]
	        > ×[[MULOP]]
Warning:not_parsed:INTOP.POSTSUBSCRIPT.POSTSUPERSCRIPT>UNKNOWN MathParser failed to match rule 'Anything'
	at 0302019.tex; line 1312 col 8 - line 1312 col 8
	In "$\displaystyle\times\int_{0}^{1}d\sigma F(\Sigma-{d\over 2},\Delta_{23};{d%
	\over 2};1-\xi(\sigma)){(1-\sigma)^{d/2-\Delta_{13}-1}\sigma^{d/2-\Delta_{12}-%
	1}\over[(1-\sigma)(p_{3}+p_{2})^{2}+\sigma p_{2}^{2}]^{d-\Sigma}}\@@ENDINLINEMATH"
	×[[MULOP]] ∫[[INTOP]] _{0}[[POSTSUBSCRIPT]] ^{1}[[POSTSUPERSCRIPT]]
	        > d[[UNKNOWN]] σ[[UNKNOWN]] F[[UNKNOWN]] ([[OPEN]] Σ[[UNKNOWN]] -[[ADDOP]] d\over2[[UNKNOWN]] ,[[PUNCT]] Δ[[UNKNOWN]] _{23}[[POSTSUBSCRIPT]] ;[[PUNCT]] d\over2[[UNKNOWN]] ;[[PUNCT]] 1[[NUMBER]] -[[ADDOP]] ξ[[UNKNOWN]] ([[OPEN]] σ[[UNKNOWN]] )[[CLOSE]] )[[CLOSE]] (1-\sigma)^{d/2-\Delta_{13}-1}\sigma^{d/2-\Delta_{12}-1}\over[(1-\sigma)(p_{3}+p_{2})^{2}+\sigmap_{2}^{2}]^{d-\Sigma}[[UNKNOWN]]
Warning:not_parsed:INTOP.POSTSUBSCRIPT.POSTSUPERSCRIPT>UNKNOWN MathParser failed to match rule 'Anything'
	at 0302019.tex; line 1312 col 8 - line 1316 col 4
	In "$\displaystyle\times\int_{0}^{1}d\sigma F(\Sigma-{d\over 2},\Delta_{23};{d%
	\over 2};1-\xi(\sigma)){(1-\sigma)^{d/2-\Delta_{13}-1}\sigma^{d/2-\Delta_{12}-%
	1}\over[(1-\sigma)(p_{3}+p_{2})^{2}+\sigma p_{2}^{2}]^{d-\Sigma}}$"
	×[[MULOP]] ∫[[INTOP]] _{0}[[POSTSUBSCRIPT]] ^{1}[[POSTSUPERSCRIPT]]
	        > d[[UNKNOWN]] σ[[UNKNOWN]] F[[UNKNOWN]] ([[OPEN]] Σ[[UNKNOWN]] -[[ADDOP]] d\over2[[UNKNOWN]] ,[[PUNCT]] Δ[[UNKNOWN]] _{23}[[POSTSUBSCRIPT]] ;[[PUNCT]] d\over2[[UNKNOWN]] ;[[PUNCT]] 1[[NUMBER]] -[[ADDOP]] ξ[[UNKNOWN]] ([[OPEN]] σ[[UNKNOWN]] )[[CLOSE]] )[[CLOSE]] (1-\sigma)^{d/2-\Delta_{13}-1}\sigma^{d/2-\Delta_{12}-1}\over[(1-\sigma)(p_{3}+p_{2})^{2}+\sigmap_{2}^{2}]^{d-\Sigma}[[UNKNOWN]]
Warning:not_parsed:CLOSE.RELOP.ATOM>OPEN MathParser failed to match rule 'Anything'
	at 0302019.tex; line 1373 col 3 - line 1373 col 3
	In "$\displaystyle A(\mu_{2},\mu_{3})=\frac{1}{\sqrt{\nu}}\Bigg{(}2Li_{2}\left({1+%
	\mu_{2}-\mu_{3}-\sqrt{\nu}\over 2\mu_{2}}\right)+2Li_{2}\left({1+\mu_{2}-\mu_{%
	3}-\sqrt{\nu}\over 2\mu_{2}}\right)\@@ENDINLINEMATH"
	A[[UNKNOWN]] ([[OPEN]] μ[[UNKNOWN]] _{2}[[POSTSUBSCRIPT]] ,[[PUNCT]] μ[[UNKNOWN]] _{3}[[POSTSUBSCRIPT]] )[[CLOSE]] =[[RELOP]] \frac{1}{\sqrt{\nu}}[[UNKNOWN]]
	        > ([[OPEN]] 2[[NUMBER]] L[[UNKNOWN]] i[[UNKNOWN]] _{2}[[POSTSUBSCRIPT]] \left([[OPEN]] 1+\mu_{2}-\mu_{3}-\sqrt{\nu}\over2\mu_{2}[[UNKNOWN]] \right)[[CLOSE]] +[[ADDOP]] 2[[NUMBER]] L[[UNKNOWN]] i[[UNKNOWN]] _{2}[[POSTSUBSCRIPT]] \left([[OPEN]] 1+\mu_{2}-\mu_{3}-\sqrt{\nu}\over2\mu_{2}[[UNKNOWN]] \right)[[CLOSE]]
Warning:not_parsed:CLOSE.RELOP.ATOM>OPEN MathParser failed to match rule 'Anything'
	at 0302019.tex; line 1373 col 3 - line 1378 col 1
	In "$\displaystyle A(\mu_{2},\mu_{3})=\frac{1}{\sqrt{\nu}}\Bigg{(}2Li_{2}\left({1+%
	\mu_{2}-\mu_{3}-\sqrt{\nu}\over 2\mu_{2}}\right)+2Li_{2}\left({1+\mu_{2}-\mu_{%
	3}-\sqrt{\nu}\over 2\mu_{2}}\right)$"
	A[[UNKNOWN]] ([[OPEN]] μ[[UNKNOWN]] _{2}[[POSTSUBSCRIPT]] ,[[PUNCT]] μ[[UNKNOWN]] _{3}[[POSTSUBSCRIPT]] )[[CLOSE]] =[[RELOP]] \frac{1}{\sqrt{\nu}}[[UNKNOWN]]
	        > ([[OPEN]] 2[[NUMBER]] L[[UNKNOWN]] i[[UNKNOWN]] _{2}[[POSTSUBSCRIPT]] \left([[OPEN]] 1+\mu_{2}-\mu_{3}-\sqrt{\nu}\over2\mu_{2}[[UNKNOWN]] \right)[[CLOSE]] +[[ADDOP]] 2[[NUMBER]] L[[UNKNOWN]] i[[UNKNOWN]] _{2}[[POSTSUBSCRIPT]] \left([[OPEN]] 1+\mu_{2}-\mu_{3}-\sqrt{\nu}\over2\mu_{2}[[UNKNOWN]] \right)[[CLOSE]]
Warning:not_parsed:CLOSE.CLOSE.POSTSUPERSCRIPT>CLOSE MathParser failed to match rule 'Anything'
	at 0302019.tex; line 1378 col 4 - line 1378 col 4
	In "$\displaystyle-\log(\mu_{2})\log(\mu_{3})-\left[\log\left({\mu_{2}+\mu_{3}-1-%
	\sqrt{\nu}\over 2}\right)\right]^{2}\Bigg{)}\@@ENDINLINEMATH"
	-[[ADDOP]] log[[OPFUNCTION]] ([[OPEN]] μ[[UNKNOWN]] _{2}[[POSTSUBSCRIPT]] )[[CLOSE]] log[[OPFUNCTION]] ([[OPEN]] μ[[UNKNOWN]] _{3}[[POSTSUBSCRIPT]] )[[CLOSE]] -[[ADDOP]] \left[[[OPEN]] log[[OPFUNCTION]] \left([[OPEN]] \mu_{2}+\mu_{3}-1-\sqrt{\nu}\over2[[UNKNOWN]] \right)[[CLOSE]] \right][[CLOSE]] ^{2}[[POSTSUPERSCRIPT]]
	        > )[[CLOSE]]
Warning:not_parsed:CLOSE.CLOSE.POSTSUPERSCRIPT>CLOSE MathParser failed to match rule 'Anything'
	at 0302019.tex; line 1378 col 4 - line 1381 col 4
	In "$\displaystyle-\log(\mu_{2})\log(\mu_{3})-\left[\log\left({\mu_{2}+\mu_{3}-1-%
	\sqrt{\nu}\over 2}\right)\right]^{2}\Bigg{)}$"
	-[[ADDOP]] log[[OPFUNCTION]] ([[OPEN]] μ[[UNKNOWN]] _{2}[[POSTSUBSCRIPT]] )[[CLOSE]] log[[OPFUNCTION]] ([[OPEN]] μ[[UNKNOWN]] _{3}[[POSTSUBSCRIPT]] )[[CLOSE]] -[[ADDOP]] \left[[[OPEN]] log[[OPFUNCTION]] \left([[OPEN]] \mu_{2}+\mu_{3}-1-\sqrt{\nu}\over2[[UNKNOWN]] \right)[[CLOSE]] \right][[CLOSE]] ^{2}[[POSTSUPERSCRIPT]]
	        > )[[CLOSE]]
Warning:not_parsed:UNKNOWN.CLOSE.POSTSUPERSCRIPT>MULOP MathParser failed to match rule 'Anything'
	at 0302019.tex; line 1405 col 20 - line 1405 col 20
	In "$\displaystyle F(a,b;a+b;w)=-\ {\Gamma(a+b)\over\Gamma(a)\Gamma(b)}\sum_{n=0}^%
	{\infty}{(a)_{n}(b)_{n}\over(n!)^{2}}(1-w)^{n}\times\@@ENDINLINEMATH"
	F[[UNKNOWN]] ([[OPEN]] a[[UNKNOWN]] ,[[PUNCT]] b[[UNKNOWN]] ;[[PUNCT]] a[[UNKNOWN]] +[[ADDOP]] b[[UNKNOWN]] ;[[PUNCT]] w[[UNKNOWN]] )[[CLOSE]] =[[RELOP]] -[[ADDOP]] \Gamma(a+b)\over\Gamma(a)\Gamma(b)[[UNKNOWN]] ∑[[SUMOP]] _{n=0}[[POSTSUBSCRIPT]] ^{\infty}[[POSTSUPERSCRIPT]] (a)_{n}(b)_{n}\over(n!)^{2}[[UNKNOWN]] ([[OPEN]] 1[[NUMBER]] -[[ADDOP]] w[[UNKNOWN]] )[[CLOSE]] ^{n}[[POSTSUPERSCRIPT]]
	        > ×[[MULOP]]
Warning:not_parsed:UNKNOWN.CLOSE.POSTSUPERSCRIPT>MULOP MathParser failed to match rule 'Anything'
	at 0302019.tex; line 1405 col 20 - line 1408 col 1
	In "$\displaystyle F(a,b;a+b;w)=-\ {\Gamma(a+b)\over\Gamma(a)\Gamma(b)}\sum_{n=0}^%
	{\infty}{(a)_{n}(b)_{n}\over(n!)^{2}}(1-w)^{n}\times$"
	F[[UNKNOWN]] ([[OPEN]] a[[UNKNOWN]] ,[[PUNCT]] b[[UNKNOWN]] ;[[PUNCT]] a[[UNKNOWN]] +[[ADDOP]] b[[UNKNOWN]] ;[[PUNCT]] w[[UNKNOWN]] )[[CLOSE]] =[[RELOP]] -[[ADDOP]] \Gamma(a+b)\over\Gamma(a)\Gamma(b)[[UNKNOWN]] ∑[[SUMOP]] _{n=0}[[POSTSUBSCRIPT]] ^{\infty}[[POSTSUPERSCRIPT]] (a)_{n}(b)_{n}\over(n!)^{2}[[UNKNOWN]] ([[OPEN]] 1[[NUMBER]] -[[ADDOP]] w[[UNKNOWN]] )[[CLOSE]] ^{n}[[POSTSUPERSCRIPT]]
	        > ×[[MULOP]]
Warning:not_parsed:POSTSUBSCRIPT.POSTSUPERSCRIPT.ATOM>MULOP MathParser failed to match rule 'Anything'
	at 0302019.tex; line 1410 col 22 - line 1410 col 22
	In "$\displaystyle F(a,b;a+b-m;w)={\Gamma(m)\Gamma(a+b-m)\over\Gamma(a)\Gamma(b)}%
	\sum_{n=0}^{m-1}{(a-m)_{n}(b-m)_{n}\over n!(1-m)_{n}}\times\@@ENDINLINEMATH"
	F[[UNKNOWN]] ([[OPEN]] a[[UNKNOWN]] ,[[PUNCT]] b[[UNKNOWN]] ;[[PUNCT]] a[[UNKNOWN]] +[[ADDOP]] b[[UNKNOWN]] -[[ADDOP]] m[[UNKNOWN]] ;[[PUNCT]] w[[UNKNOWN]] )[[CLOSE]] =[[RELOP]] \Gamma(m)\Gamma(a+b-m)\over\Gamma(a)\Gamma(b)[[UNKNOWN]] ∑[[SUMOP]] _{n=0}[[POSTSUBSCRIPT]] ^{m-1}[[POSTSUPERSCRIPT]] (a-m)_{n}(b-m)_{n}\overn!(1-m)_{n}[[UNKNOWN]]
	        > ×[[MULOP]]
Warning:not_parsed:POSTSUBSCRIPT.POSTSUPERSCRIPT.ATOM>MULOP MathParser failed to match rule 'Anything'
	at 0302019.tex; line 1410 col 22 - line 1413 col 1
	In "$\displaystyle F(a,b;a+b-m;w)={\Gamma(m)\Gamma(a+b-m)\over\Gamma(a)\Gamma(b)}%
	\sum_{n=0}^{m-1}{(a-m)_{n}(b-m)_{n}\over n!(1-m)_{n}}\times$"
	F[[UNKNOWN]] ([[OPEN]] a[[UNKNOWN]] ,[[PUNCT]] b[[UNKNOWN]] ;[[PUNCT]] a[[UNKNOWN]] +[[ADDOP]] b[[UNKNOWN]] -[[ADDOP]] m[[UNKNOWN]] ;[[PUNCT]] w[[UNKNOWN]] )[[CLOSE]] =[[RELOP]] \Gamma(m)\Gamma(a+b-m)\over\Gamma(a)\Gamma(b)[[UNKNOWN]] ∑[[SUMOP]] _{n=0}[[POSTSUBSCRIPT]] ^{m-1}[[POSTSUPERSCRIPT]] (a-m)_{n}(b-m)_{n}\overn!(1-m)_{n}[[UNKNOWN]]
	        > ×[[MULOP]]
Warning:not_parsed:UNKNOWN.CLOSE.POSTSUPERSCRIPT>MULOP MathParser failed to match rule 'Anything'
	at 0302019.tex; line 1413 col 8 - line 1413 col 8
	In "$\displaystyle\times(1-w)^{n-m}\ -\ {(-)^{m}\Gamma(a+b-m)\over\Gamma(a-m)%
	\Gamma(b-m)}\sum_{n=0}^{\infty}{(a)_{n}(b)_{n}\over n!(n+m)!}(1-w)^{n}\times\@@ENDINLINEMATH"
	×[[MULOP]] ([[OPEN]] 1[[NUMBER]] -[[ADDOP]] w[[UNKNOWN]] )[[CLOSE]] ^{n-m}[[POSTSUPERSCRIPT]] -[[ADDOP]] (-)^{m}\Gamma(a+b-m)\over\Gamma(a-m)\Gamma(b-m)[[UNKNOWN]] ∑[[SUMOP]] _{n=0}[[POSTSUBSCRIPT]] ^{\infty}[[POSTSUPERSCRIPT]] (a)_{n}(b)_{n}\overn!(n+m)![[UNKNOWN]] ([[OPEN]] 1[[NUMBER]] -[[ADDOP]] w[[UNKNOWN]] )[[CLOSE]] ^{n}[[POSTSUPERSCRIPT]]
	        > ×[[MULOP]]
Warning:not_parsed:UNKNOWN.CLOSE.POSTSUPERSCRIPT>MULOP MathParser failed to match rule 'Anything'
	at 0302019.tex; line 1413 col 8 - line 1416 col 1
	In "$\displaystyle\times(1-w)^{n-m}\ -\ {(-)^{m}\Gamma(a+b-m)\over\Gamma(a-m)%
	\Gamma(b-m)}\sum_{n=0}^{\infty}{(a)_{n}(b)_{n}\over n!(n+m)!}(1-w)^{n}\times$"
	×[[MULOP]] ([[OPEN]] 1[[NUMBER]] -[[ADDOP]] w[[UNKNOWN]] )[[CLOSE]] ^{n-m}[[POSTSUPERSCRIPT]] -[[ADDOP]] (-)^{m}\Gamma(a+b-m)\over\Gamma(a-m)\Gamma(b-m)[[UNKNOWN]] ∑[[SUMOP]] _{n=0}[[POSTSUBSCRIPT]] ^{\infty}[[POSTSUPERSCRIPT]] (a)_{n}(b)_{n}\overn!(n+m)![[UNKNOWN]] ([[OPEN]] 1[[NUMBER]] -[[ADDOP]] w[[UNKNOWN]] )[[CLOSE]] ^{n}[[POSTSUPERSCRIPT]]
	        > ×[[MULOP]]
Warning:not_parsed:UNKNOWN.CLOSE.POSTSUPERSCRIPT>MULOP MathParser failed to match rule 'Anything'
	at 0302019.tex; line 1423 col 4 - line 1423 col 4
	In "$\displaystyle-\ {(-)^{m}\Gamma(a+b+m)\over\Gamma(a)\Gamma(b)}\sum_{n=0}^{%
	\infty}{(a+m)_{n}(b+m)_{n}\over n!(n+m)!}(1-w)^{n+m}\times\@@ENDINLINEMATH"
	-[[ADDOP]] (-)^{m}\Gamma(a+b+m)\over\Gamma(a)\Gamma(b)[[UNKNOWN]] ∑[[SUMOP]] _{n=0}[[POSTSUBSCRIPT]] ^{\infty}[[POSTSUPERSCRIPT]] (a+m)_{n}(b+m)_{n}\overn!(n+m)![[UNKNOWN]] ([[OPEN]] 1[[NUMBER]] -[[ADDOP]] w[[UNKNOWN]] )[[CLOSE]] ^{n+m}[[POSTSUPERSCRIPT]]
	        > ×[[MULOP]]
Warning:not_parsed:UNKNOWN.CLOSE.POSTSUPERSCRIPT>MULOP MathParser failed to match rule 'Anything'
	at 0302019.tex; line 1423 col 4 - line 1426 col 1
	In "$\displaystyle-\ {(-)^{m}\Gamma(a+b+m)\over\Gamma(a)\Gamma(b)}\sum_{n=0}^{%
	\infty}{(a+m)_{n}(b+m)_{n}\over n!(n+m)!}(1-w)^{n+m}\times$"
	-[[ADDOP]] (-)^{m}\Gamma(a+b+m)\over\Gamma(a)\Gamma(b)[[UNKNOWN]] ∑[[SUMOP]] _{n=0}[[POSTSUBSCRIPT]] ^{\infty}[[POSTSUPERSCRIPT]] (a+m)_{n}(b+m)_{n}\overn!(n+m)![[UNKNOWN]] ([[OPEN]] 1[[NUMBER]] -[[ADDOP]] w[[UNKNOWN]] )[[CLOSE]] ^{n+m}[[POSTSUPERSCRIPT]]
	        > ×[[MULOP]]
 43.43 sec)
Math parsing succeeded:
   ltx:XMArg: 2539/2539
   ltx:XMath: 482/521
Symbols assumed as simple identifiers (with # of occurences):
   'A{caligraphic}' (1), 'A{italic}' (63), 'B{italic}' (11), 'C{italic}' (24), 'Delta' (51), 'D{italic}' (8), 'F{italic}' (63), 'Gamma' (90), 'G{caligraphic}' (24), 'G{italic}' (21), 'H{italic}' (7), 'J{italic}' (33), 'K{caligraphic}' (3), 'K{italic}' (40), 'L{italic}' (59), 'M{italic}' (21), 'N{caligraphic}' (13), 'N{italic}' (11), 'O{caligraphic}' (60), 'O{italic}' (23), 'Phi' (96), 'P{italic}' (34), 'Q{italic}' (24), 'R{italic}' (70), 'Sigma' (54), 'S{caligraphic}' (5), 'S{italic}' (49), 'Tr' (2), 'T{italic}' (42), 'U{italic}' (2), 'V{italic}' (17), 'W{caligraphic}' (1), 'W{italic}' (29), 'X{italic}' (2), 'Z{italic}' (18), 'and' (1), 'a{italic}' (160), 'beta' (20), 'b{italic}' (86), 'contact' (5), 'c{italic}' (6), 'delta' (34), 'd{italic}' (84), 'ell' (8), 'epsilon' (81), 'eta' (1), 'e{italic}' (31), 'f{italic}' (3), 'gamma' (40), 'g{italic}' (57), 'h{italic}' (29), 'i{italic}' (97), 'j{italic}' (76), 'kappa' (19), 'k{italic}' (75), 'lambda' (17), 'local' (1), 'l{italic}' (6), 'm' (1), 'mu' (70), 'm{italic}' (85), 'nu' (14), 'n{italic}' (142), 'omega' (16), 'o{italic}' (6), 'phi' (116), 'pi' (17), 'psi' (37), 'p{italic}' (247), 'q{italic}' (12), 'rho' (66), 'r{italic}' (45), 'sigma' (159), 's{italic}' (8), 'terms' (1), 'theta' (2), 't{italic}' (3), 'u{italic}' (96), 'varepsilon' (4), 'varphi' (7), 'v{italic}' (43), 'w{italic}' (115), 'xi' (5), 'x{italic}' (134), 'z{italic}' (37)
Set MATHPARSER_SPECULATE to speculate on possible notations.
(Finalizing... 1.75 sec)
Conversion complete 39 warnings (See /home/user/latex-in-arxiv/0302019.latexml.log) (reqd. 1m 10.07s)
