latexml (LaTeXML version 0.8.6) processing 2003/0302088.tex
(Digesting TeX 0302088...
(Loading /usr/share/perl5/LaTeXML/Package/TeX.pool.ltxml...
(Loading /usr/share/perl5/LaTeXML/Package/eTeX.pool.ltxml... 0.01 sec)
(Loading /usr/share/perl5/LaTeXML/Package/pdfTeX.pool.ltxml... 0.01 sec) 0.22 sec)
(Processing content /home/user/latex-in-arxiv/2003/0302088.tex...
(Loading /usr/share/perl5/LaTeXML/Package/LaTeX.pool.ltxml...
(Loading /usr/share/perl5/LaTeXML/Package/textcomp.sty.ltxml...
(Processing definitions /usr/share/texlive/texmf-dist/tex/latex-dev/base/ts1enc.dfu... 0.04 sec) 1.51 sec) 1.80 sec)
(Loading /usr/share/perl5/LaTeXML/Package/article.cls.ltxml... 0.02 sec) 10.89 sec) 11.18 sec)
(Building...
(Loading compiled schema /usr/share/perl5/LaTeXML/resources/RelaxNG/LaTeXML.model... 0.02 sec)
Info:malformed:id Duplicated attribute xml:id
	at 0302088.tex; line 580 col 14 - line 580 col 14
	Using id='S4.E78a' on <ltx:XMRow _box="Alignment[]" _font="Font[math,medium,italic,10,bla..."/>
	id='S4.E78' already set on <ltx:equation _box="LaTeXML::Core::Alignment=HASH(..." _font="Font[serif,medium,upright,10,b..." xml:id="S4.E78" _ID_counter_m_="3">...
Info:malformed:id Duplicated attribute xml:id
	at 0302088.tex; line 584 col 0 - line 584 col 18
	Using id='S4.E83a' on <ltx:XMRow _box="Alignment[]" _font="Font[math,medium,italic,10,bla..."/>
	id='S4.E83' already set on <ltx:equation _box="LaTeXML::Core::Alignment=HASH(..." _font="Font[serif,medium,upright,10,b..." xml:id="S4.E83" _ID_counter_m_="1">...
 8.25 sec)
(Rewriting... 0.25 sec)
(Math Parsing 585 formulae ......
Warning:not_parsed:PUNCT.UNKNOWN.POSTSUBSCRIPT>CLOSE MathParser failed to match rule 'Anything'
	at 0302088.tex; line 214 col 2 - line 214 col 2
	In "$\displaystyle\{Q,b_{r}\}=A\{c^{m},b_{r}\}(\Phi_{m}+\frac{1}{2}S_{m})+\frac{1}%
	{2}Ac^{m}[S_{m},b_{r}]=A(\Phi_{r}+S_{r})=AJ_{r}~{},\@@ENDINLINEMATH"
	{[[UNKNOWN]] Q[[UNKNOWN]] ,[[PUNCT]] b[[UNKNOWN]] _{r}[[POSTSUBSCRIPT]]
	        > \}[[CLOSE]] =[[RELOP]] A[[UNKNOWN]] \{[[OPEN]] c[[UNKNOWN]] ^{m}[[POSTSUPERSCRIPT]] ,[[PUNCT]] b[[UNKNOWN]] _{r}[[POSTSUBSCRIPT]] \}[[CLOSE]] ([[OPEN]] Φ[[UNKNOWN]] _{m}[[POSTSUBSCRIPT]] +[[ADDOP]] \frac{1}{2}[[UNKNOWN]] S[[UNKNOWN]] _{m}[[POSTSUBSCRIPT]] )[[CLOSE]] +[[ADDOP]] \frac{1}{2}[[UNKNOWN]] A[[UNKNOWN]] c[[UNKNOWN]] ^{m}[[POSTSUPERSCRIPT]] [[[OPEN]] S[[UNKNOWN]] _{m}[[POSTSUBSCRIPT]] ,[[PUNCT]] b[[UNKNOWN]] _{r}[[POSTSUBSCRIPT]] ][[CLOSE]] =[[RELOP]] A[[UNKNOWN]] ([[OPEN]] Φ[[UNKNOWN]] _{r}[[POSTSUBSCRIPT]] +[[ADDOP]] S[[UNKNOWN]] _{r}[[POSTSUBSCRIPT]] )[[CLOSE]] =[[RELOP]] A[[UNKNOWN]] J[[UNKNOWN]] _{r}[[POSTSUBSCRIPT]]
Warning:not_parsed:PUNCT.UNKNOWN.POSTSUBSCRIPT>CLOSE MathParser failed to match rule 'Anything'
	at 0302088.tex; line 214 col 2 - line 214 col 15
	In "$\displaystyle\{Q,b_{r}\}$"
	{[[UNKNOWN]] Q[[UNKNOWN]] ,[[PUNCT]] b[[UNKNOWN]] _{r}[[POSTSUBSCRIPT]]
	        > \}[[CLOSE]]
Warning:not_parsed:UNKNOWN.PUNCT.UNKNOWN>CLOSE MathParser failed to match rule 'Anything'
	at 0302088.tex; line 226 col 2 - line 226 col 2
	In "$\displaystyle\{Q,Q\}=0~{},~{}~{}~{}~{}~{}\{b_{m},b_{n}\}=0~{},~{}~{}~{}~{}~{}%
	\{Q,b_{m}\}=J_{m}~{},\@@ENDINLINEMATH"
	{[[UNKNOWN]] Q[[UNKNOWN]] ,[[PUNCT]] Q[[UNKNOWN]]
	        > \}[[CLOSE]] =[[RELOP]] 0[[NUMBER]] ,[[PUNCT]] \{[[OPEN]] b[[UNKNOWN]] _{m}[[POSTSUBSCRIPT]] ,[[PUNCT]] b[[UNKNOWN]] _{n}[[POSTSUBSCRIPT]] \}[[CLOSE]] =[[RELOP]] 0[[NUMBER]] ,[[PUNCT]] \{[[OPEN]] Q[[UNKNOWN]] ,[[PUNCT]] b[[UNKNOWN]] _{m}[[POSTSUBSCRIPT]] \}[[CLOSE]] =[[RELOP]] J[[UNKNOWN]] _{m}[[POSTSUBSCRIPT]]
Warning:not_parsed:UNKNOWN.PUNCT.UNKNOWN>CLOSE MathParser failed to match rule 'Anything'
	at 0302088.tex; line 226 col 2 - line 227 col 14
	In "$\displaystyle\{Q,Q\}=0~{},~{}~{}~{}~{}~{}\{b_{m},b_{n}\}=0~{},~{}~{}~{}~{}~{}%
	\{Q,b_{m}\}=J_{m}~{},$"
	{[[UNKNOWN]] Q[[UNKNOWN]] ,[[PUNCT]] Q[[UNKNOWN]]
	        > \}[[CLOSE]] =[[RELOP]] 0[[NUMBER]] ,[[PUNCT]] \{[[OPEN]] b[[UNKNOWN]] _{m}[[POSTSUBSCRIPT]] ,[[PUNCT]] b[[UNKNOWN]] _{n}[[POSTSUBSCRIPT]] \}[[CLOSE]] =[[RELOP]] 0[[NUMBER]] ,[[PUNCT]] \{[[OPEN]] Q[[UNKNOWN]] ,[[PUNCT]] b[[UNKNOWN]] _{m}[[POSTSUBSCRIPT]] \}[[CLOSE]] =[[RELOP]] J[[UNKNOWN]] _{m}[[POSTSUBSCRIPT]]
Warning:not_parsed:FLOATSUBSCRIPT>RELOP MathParser failed to match rule 'Anything'
	at 0302088.tex; line 383 col 0 - line 385 col 14
	In "\begin{equation}{}_{{\rm ph.}}<\alpha|\Phi_{m}|\beta>_{{\rm ph.}}=0~{},\end{equation}"
	{}_{{\rmph.}}[[FLOATSUBSCRIPT]]
	        > <[[RELOP]] α[[UNKNOWN]] |[[VERTBAR]] Φ[[UNKNOWN]] _{m}[[POSTSUBSCRIPT]] |[[VERTBAR]] β[[UNKNOWN]] >[[RELOP]] _{{\rmph.}}[[POSTSUBSCRIPT]] =[[RELOP]] 0[[NUMBER]]
Warning:not_parsed:PUNCT.UNKNOWN.POSTSUBSCRIPT>CLOSE MathParser failed to match rule 'Anything'
	at 0302088.tex; line 425 col 2 - line 425 col 2
	In "$\displaystyle\{\beta_{a},\beta_{b}\}=0~{},\@@ENDINLINEMATH"
	{[[UNKNOWN]] β[[UNKNOWN]] _{a}[[POSTSUBSCRIPT]] ,[[PUNCT]] β[[UNKNOWN]] _{b}[[POSTSUBSCRIPT]]
	        > \}[[CLOSE]] =[[RELOP]] 0[[NUMBER]]
Warning:not_parsed:PUNCT.UNKNOWN.POSTSUBSCRIPT>CLOSE MathParser failed to match rule 'Anything'
	at 0302088.tex; line 425 col 2 - line 426 col 14
	In "$\displaystyle\{\beta_{a},\beta_{b}\}=0~{},$"
	{[[UNKNOWN]] β[[UNKNOWN]] _{a}[[POSTSUBSCRIPT]] ,[[PUNCT]] β[[UNKNOWN]] _{b}[[POSTSUBSCRIPT]]
	        > \}[[CLOSE]] =[[RELOP]] 0[[NUMBER]]
Warning:not_parsed:UNKNOWN.PUNCT.UNKNOWN>CLOSE MathParser failed to match rule 'Anything'
	at 0302088.tex; line 433 col 2 - line 433 col 2
	In "$\displaystyle\{q,q\}=0~{},\@@ENDINLINEMATH"
	{[[UNKNOWN]] q[[UNKNOWN]] ,[[PUNCT]] q[[UNKNOWN]]
	        > \}[[CLOSE]] =[[RELOP]] 0[[NUMBER]]
Warning:not_parsed:UNKNOWN.PUNCT.UNKNOWN>CLOSE MathParser failed to match rule 'Anything'
	at 0302088.tex; line 433 col 2 - line 434 col 14
	In "$\displaystyle\{q,q\}=0~{},$"
	{[[UNKNOWN]] q[[UNKNOWN]] ,[[PUNCT]] q[[UNKNOWN]]
	        > \}[[CLOSE]] =[[RELOP]] 0[[NUMBER]]
Warning:not_parsed:ATOM>MULOP MathParser failed to match rule 'Anything'
	at 0302088.tex; line 580 col 14 - line 580 col 40
	In "$\displaystyle\pmatrix{\hidden@noalign{}\hfil\textstyle I&\gamma U\Sigma_{a}c^%
	{a}U^{-1}\cr\hidden@noalign{}\hfil\textstyle 0&I\cr}\times$"
	\pmatrix{\hidden@noalign{}\hfil\textstyleI&\gammaU\Sigma_{a}c^{a}U^{-1}\cr\hidden@noalign{}\hfil\textstyle0&I\cr}[[UNKNOWN]]
	        > ×[[MULOP]]
 13.07 sec)
Math parsing succeeded:
   ltx:XMWrap: 18/18
   ltx:XMArg: 1755/1755
   ltx:XMath: 575/585
Symbols assumed as simple identifiers (with # of occurences):
   'A{italic}' (67), 'B{italic}' (59), 'C{italic}' (50), 'D{italic}' (39), 'E{italic}' (2), 'F{italic}' (60), 'Gamma' (5), 'G{italic}' (6), 'H{italic}' (3), 'I{italic}' (1), 'J{italic}' (42), 'K{italic}' (1), 'L{caligraphic}' (21), 'L{italic}' (46), 'M{italic}' (20), 'N{italic}' (45), 'O{italic}' (1), 'Phi' (54), 'Pi' (9), 'P{italic}' (5), 'Q{italic}' (48), 'R{italic}' (12), 'Sigma' (27), 'S{italic}' (41), 'T{italic}' (17), 'U{italic}' (10), 'V{italic}' (14), 'W{italic}' (5), 'Y{italic}' (4), 'Z{italic}' (14), 'alpha' (41), 'a{italic}' (43), 'beta' (28), 'b{italic}' (115), 'c{italic}' (221), 'delta' (53), 'd{italic}' (11), 'ell' (9), 'eta' (9), 'exp' (1), 'e{italic}' (4), 'for' (1), 'f{italic}' (54), 'gamma' (5), 'gh' (1), 'g{italic}' (4), 'h{italic}' (14), 'i{italic}' (4), 'j{italic}' (6), 'kappa' (3), 'k{italic}' (21), 'lambda' (4), 'mu' (33), 'm{italic}' (88), 'nu' (30), 'n{italic}' (90), 'omega' (11), 'o{italic}' (1), 'ph' (12), 'phi' (2), 'pi' (8), 'p{italic}' (11), 'q{italic}' (31), 'r{italic}' (37), 's{italic}' (30), 'tau' (1), 'theta' (12), 'triv' (1), 'varepsilon' (44), 'varphi' (59), 'x{italic}' (8), 'zeta' (3), 'z{italic}' (9), '{' (16)
Set MATHPARSER_SPECULATE to speculate on possible notations.
(Finalizing... 2.13 sec)
Conversion complete 10 warnings (See /home/user/latex-in-arxiv/0302088.latexml.log) (reqd. 35.92s)
