latexml (LaTeXML version 0.8.6) processing 2003/0302189.tex
(Digesting TeX 0302189...
(Loading /usr/share/perl5/LaTeXML/Package/TeX.pool.ltxml...
(Loading /usr/share/perl5/LaTeXML/Package/eTeX.pool.ltxml... 0.01 sec)
(Loading /usr/share/perl5/LaTeXML/Package/pdfTeX.pool.ltxml... 0.01 sec) 0.20 sec)
(Processing content /home/user/latex-in-arxiv/2003/0302189.tex...
(Loading /usr/share/perl5/LaTeXML/Package/LaTeX.pool.ltxml...
(Loading /usr/share/perl5/LaTeXML/Package/textcomp.sty.ltxml...
(Processing definitions /usr/share/texlive/texmf-dist/tex/latex-dev/base/ts1enc.dfu... 0.02 sec) 1.32 sec) 1.63 sec)
Info:unexpected:\documentstyle Entering LaTeX 2.09 Compatibility mode
	at 0302189.tex; line 1 col 0 - line 1 col 29
(Loading /usr/share/perl5/LaTeXML/Package/article.cls.ltxml... 0.01 sec)
Info:unexpected:titlepage When using titlepage, Frontmatter will not be well-structured
	at 0302189.tex; line 234 col 0 - line 234 col 17
 3.31 sec) 3.53 sec)
(Building...
(Loading compiled schema /usr/share/perl5/LaTeXML/resources/RelaxNG/LaTeXML.model... 0.01 sec) 1.72 sec)
(Rewriting... 0.05 sec)
(Math Parsing 184 formulae ......
Warning:not_parsed:POSTSUPERSCRIPT.TRIGFUNCTION.UNKNOWN>PUNCT MathParser failed to match rule 'Anything'
	at 0302189.tex; line 350 col 1 - line 350 col 1
	In "$\displaystyle z=q^{-1}\sin\xi\quad;q=\cosh\eta-\cos\xi.\@@ENDINLINEMATH"
	z[[UNKNOWN]] =[[RELOP]] q[[UNKNOWN]] ^{-1}[[POSTSUPERSCRIPT]] sin[[TRIGFUNCTION]] ξ[[UNKNOWN]]
	        > $\displaystylez=q^{-1}\sin\xi\quad;q=\cosh\eta-\cos\xi.\@@ENDINLINEMATH[[PUNCT]] ;[[PUNCT]] q[[UNKNOWN]] =[[RELOP]] cosh[[TRIGFUNCTION]] η[[UNKNOWN]] -[[ADDOP]] cos[[TRIGFUNCTION]] ξ[[UNKNOWN]]
Warning:not_parsed:POSTSUPERSCRIPT.TRIGFUNCTION.UNKNOWN>PUNCT MathParser failed to match rule 'Anything'
	at 0302189.tex; line 350 col 8 - line 352 col 3
	In "$\displaystyle q^{-1}\sin\xi\quad;q=\cosh\eta-\cos\xi.$"
	q[[UNKNOWN]] ^{-1}[[POSTSUPERSCRIPT]] sin[[TRIGFUNCTION]] ξ[[UNKNOWN]]
	        > $\displaystyleq^{-1}\sin\xi\quad;q=\cosh\eta-\cos\xi.$[[PUNCT]] ;[[PUNCT]] q[[UNKNOWN]] =[[RELOP]] cosh[[TRIGFUNCTION]] η[[UNKNOWN]] -[[ADDOP]] cos[[TRIGFUNCTION]] ξ[[UNKNOWN]]
Warning:not_parsed:>PUNCT MathParser failed to match rule 'Subscript'
	at 0302189.tex; line 358 col 19 - line 358 col 19
	In "$\partial_{u^{*}}f=f_{,T}\,u$"
	> ,[[PUNCT]] T[[UNKNOWN]]
Warning:not_parsed:>PUNCT MathParser failed to match rule 'Subscript'
	at 0302189.tex; line 363 col 27 - line 363 col 27
	In "\begin{equation}\left(\ln\frac{T_{,\eta}}{f}\right)_{,\eta}=\frac{\cosh\eta}{%
	\sinh\eta}\frac{n^{2}-2m^{2}\sinh^{2}\eta}{n^{2}+m^{2}\sinh^{2}\eta}\end{equation}"
	> ,[[PUNCT]] η[[UNKNOWN]]
Warning:not_parsed:>PUNCT MathParser failed to match rule 'Subscript'
	at 0302189.tex; line 363 col 0 - line 363 col 46
	> ,[[PUNCT]] η[[UNKNOWN]]
Warning:not_parsed:>PUNCT MathParser failed to match rule 'Subscript'
	at 0302189.tex; line 367 col 14 - line 367 col 14
	In "$X_{,\eta}$"
	> ,[[PUNCT]] η[[UNKNOWN]]
Warning:not_parsed:>PUNCT MathParser failed to match rule 'Subscript'
	at 0302189.tex; line 371 col 16 - line 371 col 16
	In "\begin{equation}\frac{T_{,\eta}}{f}=k_{1}\frac{\sinh\eta}{(n^{2}+m^{2}\sinh^{2%
	}\eta)^{3/2}}\end{equation}"
	> ,[[PUNCT]] η[[UNKNOWN]]
Warning:not_parsed:>PUNCT MathParser failed to match rule 'Subscript'
	at 0302189.tex; line 403 col 0 - line 403 col 34
	In "\begin{equation}f(T)=\frac{(1+g(T))^{2}}{l\,g_{,T}}\end{equation}"
	> ,[[PUNCT]] T[[UNKNOWN]]
Warning:not_parsed:POSTSUPERSCRIPT.RELOP.ATOM>PUNCT MathParser failed to match rule 'Anything'
	at 0302189.tex; line 450 col 0 - line 455 col 3
	In "\begin{equation}T^{(2)}={\cosh\eta-\sqrt{n^{2}/m^{2}+\sinh^{2}\eta}\over\sqrt{%
	1+m^{2}/n^{2}\,\sinh^{2}\eta}-\cosh\eta}\quad,T^{(2)}(\eta=0)=\infty\;,T^{(2)}%
	(\eta=\infty)=0.\end{equation}"
	T[[UNKNOWN]] ^{(2)}[[POSTSUPERSCRIPT]] =[[RELOP]] \cosh\eta-\sqrt{n^{2}/m^{2}+\sinh^{2}\eta}\over\sqrt{1+m^{2}/n^{2}\,\sinh^{2}\eta}-\cosh\eta[[UNKNOWN]]
	        > \begin{equation}T^{(2)}={\cosh\eta-\sqrt{n^{2}/m^{2}+\sinh^{2}\eta}\over\sqrt{1+m^{2}/n^{2}\,\sinh^{2}\eta}-\cosh\eta}\quad,T^{(2)}(\eta=0)=\infty\;,T^{(2)}(\eta=\infty)=0.\end{equation}[[PUNCT]] ,[[PUNCT]] T[[UNKNOWN]] ^{(2)}[[POSTSUPERSCRIPT]] ([[OPEN]] η[[UNKNOWN]] =[[RELOP]] 0[[NUMBER]] )[[CLOSE]] =[[RELOP]] ∞[[ID]] ,[[PUNCT]] T[[UNKNOWN]] ^{(2)}[[POSTSUPERSCRIPT]] ([[OPEN]] η[[UNKNOWN]] =[[RELOP]] ∞[[ID]] )[[CLOSE]] =[[RELOP]] 0[[NUMBER]]
Warning:not_parsed:POSTSUPERSCRIPT.CLOSE.POSTSUPERSCRIPT>PUNCT MathParser failed to match rule 'Anything'
	at 0302189.tex; line 457 col 0 - line 461 col 3
	In "\begin{equation}T^{(1)}=(T^{(2)})^{-1}\quad,T^{(1)}(\eta=0)=0\;,T^{(1)}(\eta=%
	\infty)=\infty.\end{equation}"
	T[[UNKNOWN]] ^{(1)}[[POSTSUPERSCRIPT]] =[[RELOP]] ([[OPEN]] T[[UNKNOWN]] ^{(2)}[[POSTSUPERSCRIPT]] )[[CLOSE]] ^{-1}[[POSTSUPERSCRIPT]]
	        > \begin{equation}T^{(1)}=(T^{(2)})^{-1}\quad,T^{(1)}(\eta=0)=0\;,T^{(1)}(\eta=\infty)=\infty.\end{equation}[[PUNCT]] ,[[PUNCT]] T[[UNKNOWN]] ^{(1)}[[POSTSUPERSCRIPT]] ([[OPEN]] η[[UNKNOWN]] =[[RELOP]] 0[[NUMBER]] )[[CLOSE]] =[[RELOP]] 0[[NUMBER]] ,[[PUNCT]] T[[UNKNOWN]] ^{(1)}[[POSTSUPERSCRIPT]] ([[OPEN]] η[[UNKNOWN]] =[[RELOP]] ∞[[ID]] )[[CLOSE]] =[[RELOP]] ∞[[ID]]
Warning:not_parsed:>PUNCT MathParser failed to match rule 'Subscript'
	at 0302189.tex; line 518 col 16 - line 518 col 16
	In "\begin{equation}\vec{j}=\left(\left|\frac{T_{,\eta}}{(1+T)^{2}}\right|\right)^%
	{1/2}\frac{T}{1+T}\left(\frac{n^{2}}{\sinh^{2}\eta}+m^{2}\right)^{3/4}(\cosh%
	\eta-\cos\xi)^{2}\vec{e}_{\eta}\end{equation}"
	> ,[[PUNCT]] η[[UNKNOWN]]
Warning:not_parsed:>PUNCT MathParser failed to match rule 'Subscript'
	at 0302189.tex; line 528 col 21 - line 528 col 21
	In "$T_{,\eta}$"
	> ,[[PUNCT]] η[[UNKNOWN]]
 3.69 sec)
Math parsing succeeded:
   ltx:XMath: 180/184
   ltx:XMArg: 287/295
Symbols assumed as simple identifiers (with # of occurences):
   'C{italic}' (2), 'E{italic}' (3), 'I{italic}' (4), 'J{italic}' (5), 'L{caligraphic}' (1), 'Omega' (2), 'P{italic}' (1), 'R{italic}' (8), 'S{italic}' (12), 'Theta' (3), 'T{italic}' (76), 'U{italic}' (2), 'X{italic}' (1), 'a{italic}' (2), 'b{italic}' (2), 'const' (4), 'c{italic}' (2), 'd{italic}' (19), 'eta' (67), 'e{italic}' (2), 'flux' (1), 'f{italic}' (14), 'g{italic}' (7), 'h{italic}' (13), 'i{italic}' (15), 'j{italic}' (10), 'k{italic}' (6), 'l{italic}' (3), 'mu' (5), 'm{italic}' (26), 'nu' (5), 'n{italic}' (29), 'phi' (2), 'pi' (4), 'q{italic}' (12), 'r{italic}' (1), 'u{italic}' (41), 'varphi' (9), 'xi' (19), 'x{italic}' (5), 'y{italic}' (3), 'z{italic}' (13)
Set MATHPARSER_SPECULATE to speculate on possible notations.
(Finalizing... 0.37 sec)
Conversion complete 12 warnings (See /home/user/latex-in-arxiv/0302189.latexml.log) (reqd. 9.69s)
