latexml (LaTeXML version 0.8.6) processing 2003/0302191.tex
(Digesting TeX 0302191...
(Loading /usr/share/perl5/LaTeXML/Package/TeX.pool.ltxml...
(Loading /usr/share/perl5/LaTeXML/Package/eTeX.pool.ltxml... 0.01 sec)
(Loading /usr/share/perl5/LaTeXML/Package/pdfTeX.pool.ltxml... 0.01 sec) 0.22 sec)
(Processing content /home/user/latex-in-arxiv/2003/0302191.tex...
(This will come out unreduced.
Info:unexpected:wncyr10 Unrecognized font name 'wncyr10'
	at 0302191.tex; line 509 col 4 - line 509 col 4
	Font switch macro \tencyr will have no effect
Info:unexpected:wncyr10 Unrecognized font name 'wncyr10'
	at 0302191.tex; line 947 col 4 - line 947 col 4
	Font switch macro \tencyr will have no effect
(1. INTRODUCTION)
(2. ${{\cal N}}=2$ THEORY)
(2.1. Gauge theory realizations)
(2.2. String theory realizations)
(2.3. Our goal)
(2.4. Instanton measure)
(2.5. ADHM construction)
(2.6. D-brane picture, again)
(2.7. Instanton measure, revisited)
(2.8. Correlation functions of the chiral operators)
(3. ABELIAN THEORY)
(3.1. A little string that could)
(3.2. Free fermions)
(4. INTEGRABLE SYSTEM AND ${{\fam \bffam \tenbf C}}{{\fam \bffam \tenbf P}}^1$ SIGMA MODEL)
(5. THEORY WITH MATTER)
(5.1. 4d and 2d field theory)
(5.2. Relation to geometric engineering)
(Processing content refs.tmp... 0.47 sec) 9.68 sec) 10.02 sec)
(Building...
(Loading compiled schema /usr/share/perl5/LaTeXML/resources/RelaxNG/LaTeXML.model... 0.02 sec) 13.59 sec)
(Rewriting... 0.33 sec)
(Math Parsing 748 formulae ......
Warning:not_parsed:UNKNOWN.UNKNOWN.UNKNOWN>PERIOD MathParser failed to match rule 'Anything'
	at 0302191.tex; line 1818 col 48 - line 1818 col 48
	In "$\underline{\tenbf Tangent\ and\ universal\ bundles.}$"
	Tangent[[UNKNOWN]] and[[UNKNOWN]] universal[[UNKNOWN]] bundles[[UNKNOWN]]
	        > .[[PERIOD]]
Warning:not_parsed:UNKNOWN.POSTSUPERSCRIPT.ADDOP>MULOP MathParser failed to match rule 'Anything'
	at 0302191.tex; line 1833 col 8 - line 1834 col 29
	In "$\langle a^{L}|a^{K}\rangle\equiv\int_{{\tenbf R}^{4}}a^{L}\wedge\star a^{K}={%
	{\delta}}_{LK}$"
	\langle[[OPEN]] a[[UNKNOWN]] ^{L}[[POSTSUPERSCRIPT]] |[[VERTBAR]] a[[UNKNOWN]] ^{K}[[POSTSUPERSCRIPT]] \rangle[[CLOSE]] ≡[[RELOP]] ∫[[INTOP]] _{{\tenbfR}^{4}}[[POSTSUBSCRIPT]] a[[UNKNOWN]] ^{L}[[POSTSUPERSCRIPT]] ∧[[ADDOP]]
	        > ⋆[[MULOP]] a[[UNKNOWN]] ^{K}[[POSTSUPERSCRIPT]] =[[RELOP]] δ[[UNKNOWN]] _{LK}[[POSTSUBSCRIPT]]
Warning:not_parsed:UNKNOWN.UNKNOWN.UNKNOWN>PERIOD MathParser failed to match rule 'Anything'
	at 0302191.tex; line 1875 col 44 - line 1875 col 44
	In "$\underline{\tenbf Framing\ and\ Dirac\ bundles.}$"
	Framing[[UNKNOWN]] and[[UNKNOWN]] Dirac[[UNKNOWN]] bundles[[UNKNOWN]]
	        > .[[PERIOD]]
Warning:not_parsed:UNKNOWN.UNKNOWN.UNKNOWN>PERIOD MathParser failed to match rule 'Anything'
	at 0302191.tex; line 1894 col 40 - line 1894 col 40
	In "$\underline{\tenbf Relations\ among\ bundles.}$"
	Relations[[UNKNOWN]] among[[UNKNOWN]] bundles[[UNKNOWN]]
	        > .[[PERIOD]]
Warning:not_parsed:UNKNOWN.RELOP.ATOM>OPEN MathParser failed to match rule 'Anything'
	at 0302191.tex; line 1929 col 0 - line 1931 col 2
	In "$${\Phi}={1\over{{\Delta}_{A}}}[a^{K},\star a^{L}]{\psi}_{K}{\psi}_{L}$$"
	Φ[[UNKNOWN]] =[[RELOP]] 1\over{{\Delta}_{A}}[[UNKNOWN]]
	        > [[[OPEN]] a[[UNKNOWN]] ^{K}[[POSTSUPERSCRIPT]] ,[[PUNCT]] ⋆[[MULOP]] a[[UNKNOWN]] ^{L}[[POSTSUPERSCRIPT]] ][[CLOSE]] ψ[[UNKNOWN]] _{K}[[POSTSUBSCRIPT]] ψ[[UNKNOWN]] _{L}[[POSTSUBSCRIPT]]
Warning:not_parsed:CLOSE.RELOP.ATOM>MULOP MathParser failed to match rule 'Anything'
	at 0302191.tex; line 2175 col 0 - line 2175 col 35
	In "$$\eqalign{&{{\cal O}}_{J}[{\vec{\tenbf k}}]={{\hbar}^{J}\over J}\times\cr&%
	\sum_{l=1}^{N}\left[M_{l}^{J}+\left(\sum_{i=1}^{\infty}(M_{l}+k_{li}-i+1)^{J}-%
	(M_{l}+k_{li}-i)^{J}-(M_{l}+1-i)^{J}+(M_{l}-i)^{J}\right)\right]\cr&\qquad=^{%
	\kern-14.454pt\tenrm formally}\ {1\over J}\sum_{l,i}\left[\left((a_{l}+{\hbar}%
	(k_{li}+1-i)\right)^{J}-\left(a_{l}+{\hbar}(k_{li}-i)\right)^{J}\right]\cr}$$"
	O[[UNKNOWN]] _{J}[[POSTSUBSCRIPT]] [[[OPEN]] \vec{\tenbfk}[[UNKNOWN]] ][[CLOSE]] =[[RELOP]] {\hbar}^{J}\overJ[[UNKNOWN]]
	        > ×[[MULOP]]
Warning:not_parsed:ATOM.SUMOP.POSTSUBSCRIPT>OPEN MathParser failed to match rule 'Anything'
	at 0302191.tex; line 2175 col 0 - line 2175 col 35
	=[[RELOP]] ^{\kern-14.454pt\tenrmformally}[[POSTSUPERSCRIPT]] 1\overJ[[UNKNOWN]] ∑[[SUMOP]] _{l,i}[[POSTSUBSCRIPT]]
	        > \left[[[OPEN]] \left([[OPEN]] ([[OPEN]] a[[UNKNOWN]] _{l}[[POSTSUBSCRIPT]] +[[ADDOP]] ℏ[[ID]] ([[OPEN]] k[[UNKNOWN]] _{li}[[POSTSUBSCRIPT]] +[[ADDOP]] 1[[NUMBER]] -[[ADDOP]] i[[UNKNOWN]] )[[CLOSE]] \right)[[CLOSE]] ^{J}[[POSTSUPERSCRIPT]] -[[ADDOP]] \left([[OPEN]] a[[UNKNOWN]] _{l}[[POSTSUBSCRIPT]] +[[ADDOP]] ℏ[[ID]] ([[OPEN]] k[[UNKNOWN]] _{li}[[POSTSUBSCRIPT]] -[[ADDOP]] i[[UNKNOWN]] )[[CLOSE]] \right)[[CLOSE]] ^{J}[[POSTSUPERSCRIPT]] \right][[CLOSE]]
Warning:not_parsed:>OPEN MathParser failed to match rule 'Anything'
	at 0302191.tex; line 2230 col 13 - line 2230 col 53
	In "$\{(l\neq m);{\tenrm or}\ (l=m,i\neq j);\}$"
	> \{[[OPEN]] ([[OPEN]] l[[UNKNOWN]] ≠[[RELOP]] m[[UNKNOWN]] )[[CLOSE]] ;[[PUNCT]] or[[UNKNOWN]] ([[OPEN]] l[[UNKNOWN]] =[[RELOP]] m[[UNKNOWN]] ,[[PUNCT]] i[[UNKNOWN]] ≠[[RELOP]] j[[UNKNOWN]] )[[CLOSE]] ;[[PUNCT]] \}[[CLOSE]]
Warning:not_parsed:UNKNOWN>RELOP MathParser failed to match rule 'Anything'
	at 0302191.tex; line 2388 col 0 - line 2388 col 44
	In "$$\eqalign{&J=:{\widetilde{\psi}}{\psi}:=\sum_{n\in{{\tenbf Z}}}J_{n}z^{-n}{dz%
	\over z}\cr&J_{n}=\sum_{r<n}{\widetilde{\psi}}_{r}{\psi}_{n-r}-\sum_{r>n}{\psi%
	}_{n-r}{\widetilde{\psi}}_{r}\cr}$$"
	J[[UNKNOWN]]
	        > =[[RELOP]] :[[METARELOP]] \widetilde{\psi}[[UNKNOWN]] ψ[[UNKNOWN]] :=[[RELOP]] ∑[[SUMOP]] _{n\in{{\tenbfZ}}}[[POSTSUBSCRIPT]] J[[UNKNOWN]] _{n}[[POSTSUBSCRIPT]] z[[UNKNOWN]] ^{-n}[[POSTSUPERSCRIPT]] dz\overz[[UNKNOWN]]
Warning:not_parsed:UNKNOWN>RELOP MathParser failed to match rule 'Anything'
	at 0302191.tex; line 2391 col 13 - line 2391 col 13
	In "$${\psi}=:e^{i{\phi}}:\quad,\quad{\widetilde{\psi}}=:e^{-i{\phi}}:\quad,\quad J%
	=i{\partial}{\phi}$$"
	ψ[[UNKNOWN]]
	        > =[[RELOP]] :[[METARELOP]] e[[UNKNOWN]] ^{i{\phi}}[[POSTSUPERSCRIPT]] :[[METARELOP]] $${\psi}=:e^{i{\phi}}:\quad,\quad{\widetilde{\psi}}=:e^{-i{\phi}}:\quad,\quadJ=i{\partial}{\phi}$$[[PUNCT]] ,[[PUNCT]] \widetilde{\psi}[[UNKNOWN]] =[[RELOP]] :[[METARELOP]] e[[UNKNOWN]] ^{-i{\phi}}[[POSTSUPERSCRIPT]] :[[METARELOP]] $${\psi}=:e^{i{\phi}}:\quad,\quad{\widetilde{\psi}}=:e^{-i{\phi}}:\quad,\quadJ=i{\partial}{\phi}$$[[PUNCT]] ,[[PUNCT]] J[[UNKNOWN]] =[[RELOP]] i[[UNKNOWN]] ∂[[OPERATOR]] ϕ[[UNKNOWN]]
Warning:not_parsed:UNKNOWN.POSTSUBSCRIPT.UNKNOWN>RELOP MathParser failed to match rule 'Anything'
	at 0302191.tex; line 2400 col 0 - line 2400 col 68
	In "$${{\tenrm Tr}}_{{{\cal R}}_{{\tenbf k}}}U=\langle{\widehat{N}};{{\tenbf k}}|:%
	e^{i\sum_{n=1}^{{\widehat{N}}}{\phi}(u_{n})}:\ :e^{-i{\widehat{N}}{\phi}(0)}:|%
	0\rangle,\qquad$$"
	Tr[[UNKNOWN]] _{{{\calR}}_{{\tenbfk}}}[[POSTSUBSCRIPT]] U[[UNKNOWN]]
	        > =[[RELOP]] \langle[[OPEN]] \widehat{N}[[UNKNOWN]] ;[[PUNCT]] k[[UNKNOWN]] |[[VERTBAR]] :[[METARELOP]] e[[UNKNOWN]] ^{i\sum_{n=1}^{{\widehat{N}}}{\phi}(u_{n})}[[POSTSUPERSCRIPT]] :[[METARELOP]] :[[METARELOP]] e[[UNKNOWN]] ^{-i{\widehat{N}}{\phi}(0)}[[POSTSUPERSCRIPT]] :[[METARELOP]] |[[VERTBAR]] 0[[NUMBER]] \rangle[[CLOSE]]
Warning:not_parsed:CLOSE.POSTSUPERSCRIPT.UNKNOWN>METARELOP MathParser failed to match rule 'Anything'
	at 0302191.tex; line 2423 col 47 - line 2423 col 47
	In "$$W_{p+1}={1\over\hbar}\oint\ :\ {\widetilde{\psi}}\left({\hbar}D\right)^{p}{%
	\psi}:\ ,\qquad D=z{\partial}_{z}\ $$"
	W[[UNKNOWN]] _{p+1}[[POSTSUBSCRIPT]] =[[RELOP]] 1\over\hbar[[UNKNOWN]] ∮[[INTOP]] :[[METARELOP]] \widetilde{\psi}[[UNKNOWN]] \left([[OPEN]] ℏ[[ID]] D[[UNKNOWN]] \right)[[CLOSE]] ^{p}[[POSTSUPERSCRIPT]] ψ[[UNKNOWN]]
	        > :[[METARELOP]] ,[[PUNCT]] D[[UNKNOWN]] =[[RELOP]] z[[UNKNOWN]] ∂[[OPERATOR]] _{z}[[POSTSUBSCRIPT]]
 24.16 sec)
Math parsing succeeded:
   ltx:XMArg: 1468/1474
   ltx:XMath: 742/748
   ltx:XMWrap: 3/3
Symbols assumed as simple identifiers (with # of occurences):
   '"' (2), 'A{bold}' (4), 'A{caligraphic}' (5), 'A{italic}' (24), 'B{italic}' (6), 'CP{bold}' (10), 'Curvature' (1), 'C{bold}' (11), 'C{italic}' (7), 'Delta' (2), 'Det' (1), 'Dirac{bold}' (3), 'D{caligraphic}' (6), 'D{italic}' (28), 'E{caligraphic}' (9), 'Framing{bold}' (2), 'F{caligraphic}' (25), 'F{italic}' (14), 'Gamma' (3), 'G{bold}' (1), 'G{caligraphic}' (3), 'H{italic}' (10), 'I{bold}' (1), 'I{caligraphic}' (2), 'I{italic}' (5), 'J{italic}' (28), 'K{italic}' (3), 'Lambda' (14), 'L{italic}' (8), 'M{bold}' (1), 'M{caligraphic}' (22), 'M{italic}' (31), 'N{caligraphic}' (35), 'N{italic}' (33), 'Omega' (36), 'O{caligraphic}' (30), 'O{italic}' (6), 'Phi' (14), 'P{bold}' (14), 'P{italic}' (3), 'Q{italic}' (12), 'Relations{bold}' (3), 'R{bold}' (34), 'R{caligraphic}' (3), 'R{italic}' (11), 'Sigma' (1), 'S{bold}' (7), 'S{caligraphic}' (5), 'S{italic}' (30), 'Tangent{bold}' (2), 'Tr' (19), 'T{bold}' (5), 'T{italic}' (15), 'U{italic}' (65), 'Vol' (1), 'V{italic}' (31), 'W{caligraphic}' (1), 'W{italic}' (16), 'X{bold}' (5), 'X{caligraphic}' (2), 'Y{italic}' (3), 'Z{bold}' (9), 'Z{italic}' (23), 'alpha' (4), 'among{bold}' (3), 'and{bold}' (6), 'a{bold}' (5), 'a{italic}' (84), 'beta' (4), 'bundles{bold}' (9), 'b{italic}' (7), 'chi' (6), 'ch{bold}' (1), 'c{italic}' (8), 'd' (1), 'delta' (14), 'derivatives{typewriter}' (1), 'diag' (2), 'dim' (5), 'd{italic}' (54), 'ell' (1), 'epsilon' (22), 'eta' (11), 'e{italic}' (55), 'finite' (1), 'f{italic}' (3), 'gauge' (1), 'g{bold}' (5), 'g{italic}' (30), 'higher{typewriter}' (1), 'h{italic}' (9), 'is' (1), 'i{italic}' (90), 'j{italic}' (21), 'kappa' (1), 'k{bold}' (14), 'k{italic}' (48), 'lambda' (24), 'log' (5), 'l{italic}' (39), 'mu' (44), 'm{italic}' (57), 'notation' (1), 'nu' (15), 'n{italic}' (38), 'omega' (4), 'or' (2), 'our' (1), 'o{bold}' (1), 'o{italic}' (1), 'phi' (33), 'pi' (6), 'psi' (40), 'p{italic}' (26), 'q{italic}' (4), 'r{italic}' (37), 'sigma' (9), 'sinh' (1), 'so' (1), 's{italic}' (19), 'tau' (37), 'that' (1), 'theory' (1), 'theta' (20), 't{bold}' (2), 't{italic}' (42), 'universal{bold}' (3), 'u{italic}' (6), 'varepsilon' (6), 'varphi' (5), 'vartheta' (2), 'v{italic}' (6), 'w{italic}' (6), 'x{italic}' (77), 'zeta' (2), 'z{italic}' (34)
Set MATHPARSER_SPECULATE to speculate on possible notations.
(Finalizing... 2.05 sec)
Conversion complete 12 warnings (See /home/user/latex-in-arxiv/0302191.latexml.log) (reqd. 51.45s)
