latexml (LaTeXML version 0.8.6) processing 2003/0302221.tex
(Digesting TeX 0302221...
(Loading /usr/share/perl5/LaTeXML/Package/TeX.pool.ltxml...
(Loading /usr/share/perl5/LaTeXML/Package/eTeX.pool.ltxml... 0.01 sec)
(Loading /usr/share/perl5/LaTeXML/Package/pdfTeX.pool.ltxml... 0.01 sec) 0.19 sec)
(Processing content /home/user/latex-in-arxiv/2003/0302221.tex...
(Processing content /usr/share/texlive/texmf-dist/tex/plain/harvmac/harvmac.tex...
 big or little (b/l)? 
(This will be reduced.
 0.14 sec)
(Loading /usr/share/perl5/LaTeXML/Package/epsf.tex.ltxml...
(Loading /usr/share/perl5/LaTeXML/Package/epsf.sty.ltxml... 0.01 sec) 0.01 sec)
(Loading /usr/share/perl5/LaTeXML/Package/psfig.tex.ltxml...
(Loading /usr/share/perl5/LaTeXML/Package/epsfig.sty.ltxml...
(Loading /usr/share/perl5/LaTeXML/Package/graphicx.sty.ltxml...
(Loading /usr/share/perl5/LaTeXML/Package/graphics.sty.ltxml... 0.01 sec) 0.02 sec) 0.04 sec) 0.04 sec)
(1. Introduction)
(2. Intersecting branes and gauged open string partition functions)
(2.1. Toroidal compactification of intersecting branes)
(2.2. Some technical aspects of intersecting branes in orbifold/orientifold backgrounds)
(2.3. Gauging the open string partition function)
(2.4. Gauged open string partition functions in the closed string channel)
(3. One--loop gauge corrections in supersymmetric intersecting brane world models)
(3.1. Contributions to the one--loop gauge corrections)
(3.2. Gauge thresholds from N=1 supersymmetric sectors)
(3.3. Gauge thresholds from N=2 supersymmetric sectors)
(3.4. Tadpole cancellation in one--loop gauge corrections)
(3.5. General structure of one--loop gauge threshold corrections)
(3.6. Moduli dependence of N=1 gauge threshold corrections)
(3.7. Explicit results for the $ {\fam \bffam \tenbf Z}_2\times  {\fam \bffam \tenbf Z}_2$ orientifold)
(4. Conclusions)
(A. Modular functions and Dirichlet series)
(B. Spin--structure sums in the gauged open string partition function)
(\hbox {B.}1. N=1 supersymmetric sector: $v^j\neq 0$ and $\pm v^1\pm v^2\pm v^3=0$)
(\hbox {B.}2. N=2 supersymmetric sector: $v^i,v^j\neq 0$, $v^k=0$ and $\pm v^i\pm v^j=0$)
(C. $UV$ limits of the gauged open string partition functions)
(Processing content refs.tmp... 0.77 sec) 14.87 sec) 15.18 sec)
(Building...
(Loading compiled schema /usr/share/perl5/LaTeXML/resources/RelaxNG/LaTeXML.model... 0.01 sec) 22.84 sec)
(Rewriting... 0.61 sec)
(Math Parsing 1208 formulae ......
Warning:not_parsed:ATOM.UNKNOWN.POSTSUPERSCRIPT>PUNCT MathParser failed to match rule 'Anything'
	at 0302221.tex; line 868 col 0 - line 868 col 78
	In "$$U^{j}={R_{2}^{j}\over R_{1}^{j}}e^{i\alpha^{j}}\ \ ,\ \ T^{j}=b^{j}+iR_{1}^{%
	j}R_{2}^{j}\sin\alpha^{j}\ ,$$"
	U[[UNKNOWN]] ^{j}[[POSTSUPERSCRIPT]] =[[RELOP]] R_{2}^{j}\overR_{1}^{j}[[UNKNOWN]] e[[UNKNOWN]] ^{i\alpha^{j}}[[POSTSUPERSCRIPT]]
	        > $$U^{j}={R_{2}^{j}\overR_{1}^{j}}e^{i\alpha^{j}}\ \ ,\ \ T^{j}=b^{j}+iR_{1}^{j}R_{2}^{j}\sin\alpha^{j}\ ,$$[[PUNCT]] ,[[PUNCT]] T[[UNKNOWN]] ^{j}[[POSTSUPERSCRIPT]] =[[RELOP]] b[[UNKNOWN]] ^{j}[[POSTSUPERSCRIPT]] +[[ADDOP]] i[[UNKNOWN]] R[[UNKNOWN]] _{1}[[POSTSUBSCRIPT]] ^{j}[[POSTSUPERSCRIPT]] R[[UNKNOWN]] _{2}[[POSTSUBSCRIPT]] ^{j}[[POSTSUPERSCRIPT]] sin[[TRIGFUNCTION]] α[[UNKNOWN]] ^{j}[[POSTSUPERSCRIPT]]
Warning:not_parsed:ATOM>RELOP MathParser failed to match rule 'Anything'
	at 0302221.tex; line 894 col 0 - line 894 col 35
	In "$${m^{j}\over n^{j}\ R_{1}^{j}R_{2}^{j}}=:iF^{j}\ ,$$"
	m^{j}\overn^{j}\ R_{1}^{j}R_{2}^{j}[[UNKNOWN]]
	        > =[[RELOP]] :[[METARELOP]] i[[UNKNOWN]] F[[UNKNOWN]] ^{j}[[POSTSUPERSCRIPT]]
Warning:not_parsed:UNKNOWN>METARELOP MathParser failed to match rule 'Anything'
	at 0302221.tex; line 928 col 0 - line 928 col 35
	In "$${\cal R}:\ \ Y^{2,4,6}\rightarrow-Y^{2,4,6}\ .$$"
	R[[UNKNOWN]]
	        > :[[METARELOP]] $${\calR}:\ \ Y^{2,4,6}\rightarrow-Y^{2,4,6}\ .$$[[PUNCT]] Y[[UNKNOWN]] ^{2,4,6}[[POSTSUPERSCRIPT]] →[[ARROW]] -[[ADDOP]] Y[[UNKNOWN]] ^{2,4,6}[[POSTSUPERSCRIPT]]
Warning:not_parsed:POSTSUBSCRIPT.RELOP.NUMBER>PUNCT MathParser failed to match rule 'Anything'
	at 0302221.tex; line 987 col 0 - line 987 col 39
	In "$${\tenrm Tr}\gamma^{a}_{\theta^{N/2}}=0\ \ ,\ \ {\tenrm Tr}\gamma^{a}_{\omega%
	^{M/2}}=0\ \ ,\ \ {\tenrm Tr}\gamma^{a}_{\theta^{M/2}\omega^{M/2}}=0\ .$$"
	Tr[[UNKNOWN]] γ[[UNKNOWN]] ^{a}[[POSTSUPERSCRIPT]] _{\theta^{N/2}}[[POSTSUBSCRIPT]] =[[RELOP]] 0[[NUMBER]]
	        > $${\tenrmTr}\gamma^{a}_{\theta^{N/2}}=0\ \ ,\ \ {\tenrmTr}\gamma^{a}_{\omega^{M/2}}=0\ \ ,\ \ {\tenrmTr}\gamma^{a}_{\theta^{M/2}\omega^{M/2}}=0\ .$$[[PUNCT]] ,[[PUNCT]] Tr[[UNKNOWN]] γ[[UNKNOWN]] ^{a}[[POSTSUPERSCRIPT]] _{\omega^{M/2}}[[POSTSUBSCRIPT]] =[[RELOP]] 0[[NUMBER]] $${\tenrmTr}\gamma^{a}_{\theta^{N/2}}=0\ \ ,\ \ {\tenrmTr}\gamma^{a}_{\omega^{M/2}}=0\ \ ,\ \ {\tenrmTr}\gamma^{a}_{\theta^{M/2}\omega^{M/2}}=0\ .$$[[PUNCT]] ,[[PUNCT]] Tr[[UNKNOWN]] γ[[UNKNOWN]] ^{a}[[POSTSUPERSCRIPT]] _{\theta^{M/2}\omega^{M/2}}[[POSTSUBSCRIPT]] =[[RELOP]] 0[[NUMBER]]
Warning:not_parsed:MULOP.SUMOP.POSTSUBSCRIPT>UNKNOWN MathParser failed to match rule 'Anything'
	at 0302221.tex; line 1156 col 0 - line 1156 col 43
	In "$$\eqalign{A^{d}_{ab}(B)&=i^{d+1}\ \beta_{ab}\ t^{d+d^{\prime}-4}\ \prod%
	\limits_{i=1}^{d^{\prime}}Z_{i}(t,T^{i},V^{i})\cr&\times\sum_{\vec{\delta}}s_{%
	\vec{\delta}}\ {\theta\left[\delta_{1}\atop\delta_{2}\right]\left({i\epsilon_{%
	ab}t\over 2},{it\over 2}\right)\over\theta\left[1/2\atop 1/2\right]\left({i%
	\epsilon_{ab}t\over 2},{it\over 2}\right)}{\theta\left[\delta_{1}\atop\delta_{%
	2}\right]\left(0,{it\over 2}\right)^{3-d}\over\eta\left({it\over 2}\right)^{9-%
	3d}}\ \prod\limits_{j=1}^{d}I^{j}_{ab}\ {\theta\left[\delta_{1}\atop\delta_{2}%
	\right]\left({v_{ab}^{j}t\over 2},{it\over 2}\right)\over\theta\left[1/2\atop 1%
	/2\right]\left({v_{ab}^{j}t\over 2},{it\over 2}\right)}\ .}$$"
	×[[MULOP]] ∑[[SUMOP]] _{\vec{\delta}}[[POSTSUBSCRIPT]]
	        > s[[UNKNOWN]] _{\vec{\delta}}[[POSTSUBSCRIPT]] \theta\left[\delta_{1}\atop\delta_{2}\right]\left({i\epsilon_{ab}t\over2},{it\over2}\right)\over\theta\left[1/2\atop1/2\right]\left({i\epsilon_{ab}t\over2},{it\over2}\right)[[UNKNOWN]] \theta\left[\delta_{1}\atop\delta_{2}\right]\left(0,{it\over2}\right)^{3-d}\over\eta\left({it\over2}\right)^{9-3d}[[UNKNOWN]] ∏[[SUMOP]] _{j=1}[[POSTSUBSCRIPT]] ^{d}[[POSTSUPERSCRIPT]] I[[UNKNOWN]] ^{j}[[POSTSUPERSCRIPT]] _{ab}[[POSTSUBSCRIPT]] \theta\left[\delta_{1}\atop\delta_{2}\right]\left({v_{ab}^{j}t\over2},{it\over2}\right)\over\theta\left[1/2\atop1/2\right]\left({v_{ab}^{j}t\over2},{it\over2}\right)[[UNKNOWN]]
Warning:not_parsed:MULOP.SUMOP.POSTSUBSCRIPT>UNKNOWN MathParser failed to match rule 'Anything'
	at 0302221.tex; line 1194 col 0 - line 1194 col 56
	In "$$\eqalign{A^{d}_{aa^{\prime}}(B)&=i^{d+1}\ \beta_{aa^{\prime}}\ B\ t^{d+d^{%
	\prime}-4}\ \prod\limits_{i=1}^{d^{\prime}}Z_{i}(t,T^{i},V^{i})\cr&\times\sum_%
	{\vec{\delta}}s_{\vec{\delta}}\ {\theta\left[\delta_{1}\atop\delta_{2}\right]%
	\left({i\epsilon_{aa^{\prime}}t\over 2},{it\over 2}\right)\over\theta\left[1/2%
	\atop 1/2\right]\left({i\epsilon_{aa^{\prime}}t\over 2},{it\over 2}\right)}{%
	\theta\left[\delta_{1}\atop\delta_{2}\right]\left(0,{it\over 2}\right)^{3-d}%
	\over\eta\left({it\over 2}\right)^{9-3d}}\prod\limits_{j=1}^{d}I_{aa^{\prime}}%
	^{j}\ {\theta\left[\delta_{1}\atop\delta_{2}\right]\left({v_{aa^{\prime}}^{j}t%
	\over 2},{it\over 2}\right)\over\theta\left[{1\over 2}\atop{1\over 2}\right]%
	\left({v_{aa^{\prime}}^{j}t\over 2},{it\over 2}\right)}\ .}$$"
	×[[MULOP]] ∑[[SUMOP]] _{\vec{\delta}}[[POSTSUBSCRIPT]]
	        > s[[UNKNOWN]] _{\vec{\delta}}[[POSTSUBSCRIPT]] \theta\left[\delta_{1}\atop\delta_{2}\right]\left({i\epsilon_{aa^{\prime}}t\over2},{it\over2}\right)\over\theta\left[1/2\atop1/2\right]\left({i\epsilon_{aa^{\prime}}t\over2},{it\over2}\right)[[UNKNOWN]] \theta\left[\delta_{1}\atop\delta_{2}\right]\left(0,{it\over2}\right)^{3-d}\over\eta\left({it\over2}\right)^{9-3d}[[UNKNOWN]] ∏[[SUMOP]] _{j=1}[[POSTSUBSCRIPT]] ^{d}[[POSTSUPERSCRIPT]] I[[UNKNOWN]] _{aa^{\prime}}[[POSTSUBSCRIPT]] ^{j}[[POSTSUPERSCRIPT]] \theta\left[\delta_{1}\atop\delta_{2}\right]\left({v_{aa^{\prime}}^{j}t\over2},{it\over2}\right)\over\theta\left[{1\over2}\atop{1\over2}\right]\left({v_{aa^{\prime}}^{j}t\over2},{it\over2}\right)[[UNKNOWN]]
Warning:not_parsed:SUMOP.POSTSUBSCRIPT.POSTSUPERSCRIPT>ATOM MathParser failed to match rule 'Anything'
	at 0302221.tex; line 1213 col 0 - line 1213 col 50
	In "$$\eqalign{M^{k;d}_{a,\Omega{\cal R}\theta^{k}a}(B)&=-i^{d+1}\ \beta_{a}\ t^{d%
	+d^{\prime}-4}\ \prod\limits_{i=1}^{d^{\prime}}n_{O6_{k}}^{i}\ L_{i}(t,T^{i},V%
	_{O6_{k}}^{i})\ \sum_{\vec{\delta}}s_{\vec{\delta}}\ {\theta\left[\delta_{1}%
	\atop\delta_{2}\right]\left({i\epsilon_{a}t\over 2},{it\over 2}+{1\over 2}%
	\right)\over\theta\left[1/2\atop 1/2\right]\left({i\epsilon_{a}t\over 2},{it%
	\over 2}+{1\over 2}\right)}\cr&\times\prod\limits_{i=1}^{d^{\prime}}{\theta%
	\left[\delta_{1}\atop\delta_{2}\right]\left(0,{it\over 2}+{1\over 2}\right)^{3%
	-d}\over\eta\left({it\over 2}+{1\over 2}\right)^{9-3d}}\ \prod\limits_{j=1}^{d%
	}2^{\delta_{j}}\ {I^{k;j}_{a,\Omega{\cal R}\theta^{k}a}\ \theta\left[\delta_{1%
	}\atop\delta_{2}\right]\left(v_{a}^{k;j}t,{it\over 2}+{1\over 2}\right)\over%
	\theta\left[{1\over 2}\atop{1\over 2}\right]\left(v_{a}^{k;j}t,{it\over 2}+{1%
	\over 2}\right)}\ .}$$"
	×[[MULOP]] ∏[[SUMOP]] _{i=1}[[POSTSUBSCRIPT]] ^{d^{\prime}}[[POSTSUPERSCRIPT]]
	        > \theta\left[\delta_{1}\atop\delta_{2}\right]\left(0,{it\over2}+{1\over2}\right)^{3-d}\over\eta\left({it\over2}+{1\over2}\right)^{9-3d}[[UNKNOWN]] ∏[[SUMOP]] _{j=1}[[POSTSUBSCRIPT]] ^{d}[[POSTSUPERSCRIPT]] 2[[NUMBER]] ^{\delta_{j}}[[POSTSUPERSCRIPT]] I^{k;j}_{a,\Omega{\calR}\theta^{k}a}\ \theta\left[\delta_{1}\atop\delta_{2}\right]\left(v_{a}^{k;j}t,{it\over2}+{1\over2}\right)\over\theta\left[{1\over2}\atop{1\over2}\right]\left(v_{a}^{k;j}t,{it\over2}+{1\over2}\right)[[UNKNOWN]]
Warning:not_parsed:MULOP.SUMOP.POSTSUBSCRIPT>UNKNOWN MathParser failed to match rule 'Anything'
	at 0302221.tex; line 1277 col 0 - line 1277 col 5
	In "$$\eqalign{\widetilde{A}^{d}_{ab}(B)&=2^{d-3}(-1)^{d}l\ \beta_{ab}\ \prod%
	\limits_{i=1}^{d^{\prime}}V_{a}^{i}\ \widetilde{Z}_{i}(l,T^{i},V_{a}^{i})\cr&%
	\times\sum_{\vec{\delta}}s_{\vec{\delta}}\ {\theta\left[\delta_{1}\atop\delta_%
	{2}\right](\epsilon_{ab},2il)\over\theta\left[{1\over 2}\atop{1\over 2}\right]%
	(\epsilon_{ab},2il)}{\theta\left[\delta_{1}\atop\delta_{2}\right]\left(0,2il%
	\right)^{3-d}\over\eta(2il)^{9-3d}}\ \prod\limits_{j=1}^{d}I^{j}_{ab}\ {\theta%
	\left[\delta_{1}\atop\delta_{2}\right]\left(iv_{ab}^{j},2il\right)\over\theta%
	\left[{1\over 2}\atop{1\over 2}\right]\left(iv_{ab}^{j},2il\right)}\ ,}$$"
	×[[MULOP]] ∑[[SUMOP]] _{\vec{\delta}}[[POSTSUBSCRIPT]]
	        > s[[UNKNOWN]] _{\vec{\delta}}[[POSTSUBSCRIPT]] \theta\left[\delta_{1}\atop\delta_{2}\right](\epsilon_{ab},2il)\over\theta\left[{1\over2}\atop{1\over2}\right](\epsilon_{ab},2il)[[UNKNOWN]] \theta\left[\delta_{1}\atop\delta_{2}\right]\left(0,2il\right)^{3-d}\over\eta(2il)^{9-3d}[[UNKNOWN]] ∏[[SUMOP]] _{j=1}[[POSTSUBSCRIPT]] ^{d}[[POSTSUPERSCRIPT]] I[[UNKNOWN]] ^{j}[[POSTSUPERSCRIPT]] _{ab}[[POSTSUBSCRIPT]] \theta\left[\delta_{1}\atop\delta_{2}\right]\left(iv_{ab}^{j},2il\right)\over\theta\left[{1\over2}\atop{1\over2}\right]\left(iv_{ab}^{j},2il\right)[[UNKNOWN]]
Warning:not_parsed:MULOP.SUMOP.POSTSUBSCRIPT>UNKNOWN MathParser failed to match rule 'Anything'
	at 0302221.tex; line 1284 col 0 - line 1284 col 84
	In "$$\eqalign{\widetilde{A}^{d}_{aa^{\prime}}(B)&=2^{d-3}(-1)^{d}l\ \beta_{aa^{%
	\prime}}\ B\ \prod_{i=1}^{d^{\prime}}V_{a}^{i}\ \widetilde{Z}_{i}(l,T^{i},V_{a%
	}^{i})\cr&\times\sum_{\vec{\delta}}s_{\vec{\delta}}\ {\theta\left[\delta_{1}%
	\atop\delta_{2}\right](\epsilon_{aa^{\prime}},2il)\over\theta\left[{1\over 2}%
	\atop{1\over 2}\right](\epsilon_{aa^{\prime}},2il)}{\theta\left[\delta_{1}%
	\atop\delta_{2}\right]\left(0,2il\right)^{3-d}\over\eta(2il)^{9-3d}}\ \prod%
	\limits_{j=1}^{d}I^{j}_{aa^{\prime}}\ {\theta\left[\delta_{1}\atop\delta_{2}%
	\right]\left(iv_{aa^{\prime}}^{j},2il\right)\over\theta\left[{1\over 2}\atop{1%
	\over 2}\right]\left(iv_{aa^{\prime}}^{j},2il\right)}\ ,}$$"
	×[[MULOP]] ∑[[SUMOP]] _{\vec{\delta}}[[POSTSUBSCRIPT]]
	        > s[[UNKNOWN]] _{\vec{\delta}}[[POSTSUBSCRIPT]] \theta\left[\delta_{1}\atop\delta_{2}\right](\epsilon_{aa^{\prime}},2il)\over\theta\left[{1\over2}\atop{1\over2}\right](\epsilon_{aa^{\prime}},2il)[[UNKNOWN]] \theta\left[\delta_{1}\atop\delta_{2}\right]\left(0,2il\right)^{3-d}\over\eta(2il)^{9-3d}[[UNKNOWN]] ∏[[SUMOP]] _{j=1}[[POSTSUBSCRIPT]] ^{d}[[POSTSUPERSCRIPT]] I[[UNKNOWN]] ^{j}[[POSTSUPERSCRIPT]] _{aa^{\prime}}[[POSTSUBSCRIPT]] \theta\left[\delta_{1}\atop\delta_{2}\right]\left(iv_{aa^{\prime}}^{j},2il\right)\over\theta\left[{1\over2}\atop{1\over2}\right]\left(iv_{aa^{\prime}}^{j},2il\right)[[UNKNOWN]]
Warning:not_parsed:SUMOP.POSTSUBSCRIPT.POSTSUPERSCRIPT>ATOM MathParser failed to match rule 'Anything'
	at 0302221.tex; line 1297 col 0 - line 1297 col 69
	In "$$\eqalign{\widetilde{M}^{k;d}_{a,\Omega{\cal R}\theta^{k}a}(B)&=-2^{5-d}(-1)^%
	{d}l\ \beta_{a}\ \prod\limits_{i=1}^{d^{\prime}}n_{O6_{k}}^{i}\ V_{O6_{k}}^{i}%
	\ \widetilde{L}_{i}(4l,T^{i},V_{O6_{k}}^{i})\ \sum_{\vec{\delta}}s_{\vec{%
	\delta}}\ {\theta\left[\delta_{1}\atop\delta_{2}\right]\left({\epsilon_{a}%
	\over 2},2il-{1\over 2}\right)\over\theta\left[{1\over 2}\atop{1\over 2}\right%
	]\left({\epsilon_{a}\over 2},2il-{1\over 2}\right)}\cr&\times\prod\limits_{i=1%
	}^{d^{\prime}}{\theta\left[\delta_{1}\atop\delta_{2}\right]\left(0,2il-{1\over
	2%
	}\right)^{3-d}\over\eta\left(2il-{1\over 2}\right)^{9-3d}}\prod\limits_{j=1}^{%
	d}2^{\delta_{j}}\ {I_{a,\Omega{\cal R}\theta^{k}a}^{k;j}\ \theta\left[\delta_{%
	1}\atop\delta_{2}\right]\left(iv_{a}^{k;j},2il-{1\over 2}\right)\over\theta%
	\left[{1\over 2}\atop{1\over 2}\right]\left(iv_{a}^{k;j},2il-{1\over 2}\right)%
	}\ ,}$$"
	×[[MULOP]] ∏[[SUMOP]] _{i=1}[[POSTSUBSCRIPT]] ^{d^{\prime}}[[POSTSUPERSCRIPT]]
	        > \theta\left[\delta_{1}\atop\delta_{2}\right]\left(0,2il-{1\over2}\right)^{3-d}\over\eta\left(2il-{1\over2}\right)^{9-3d}[[UNKNOWN]] ∏[[SUMOP]] _{j=1}[[POSTSUBSCRIPT]] ^{d}[[POSTSUPERSCRIPT]] 2[[NUMBER]] ^{\delta_{j}}[[POSTSUPERSCRIPT]] I_{a,\Omega{\calR}\theta^{k}a}^{k;j}\ \theta\left[\delta_{1}\atop\delta_{2}\right]\left(iv_{a}^{k;j},2il-{1\over2}\right)\over\theta\left[{1\over2}\atop{1\over2}\right]\left(iv_{a}^{k;j},2il-{1\over2}\right)[[UNKNOWN]]
Warning:not_parsed:RELOP.UNKNOWN.POSTSUPERSCRIPT>PUNCT MathParser failed to match rule 'Anything'
	at 0302221.tex; line 1486 col 0 - line 1486 col 61
	In "$${z\theta_{1}^{\prime}(0,\tau)\over\theta_{1}(z,\tau)}=e^{\sum\limits_{k=1}^{%
	\infty}{\alpha_{2k}\over 2k}\ z^{2k}\ E_{2k}(\tau)}\ \ \ ,\ \ \ \alpha_{2k}=-{%
	(2\pi i)^{2k}\over(2k)!}B_{2k}=2\zeta(2k)\ ,$$"
	z\theta_{1}^{\prime}(0,\tau)\over\theta_{1}(z,\tau)[[UNKNOWN]] =[[RELOP]] e[[UNKNOWN]] ^{\sum\limits_{k=1}^{\infty}{\alpha_{2k}\over2k}\ z^{2k}\ E_{2k}(\tau)}[[POSTSUPERSCRIPT]]
	        > $${z\theta_{1}^{\prime}(0,\tau)\over\theta_{1}(z,\tau)}=e^{\sum\limits_{k=1}^{\infty}{\alpha_{2k}\over2k}\ z^{2k}\ E_{2k}(\tau)}\ \ \ ,\ \ \ \alpha_{2k}=-{(2\pii)^{2k}\over(2k)!}B_{2k}=2\zeta(2k)\ ,$$[[PUNCT]] ,[[PUNCT]] α[[UNKNOWN]] _{2k}[[POSTSUBSCRIPT]] =[[RELOP]] -[[ADDOP]] (2\pii)^{2k}\over(2k)![[UNKNOWN]] B[[UNKNOWN]] _{2k}[[POSTSUBSCRIPT]] =[[RELOP]] 2[[NUMBER]] ζ[[UNKNOWN]] ([[OPEN]] 2[[NUMBER]] k[[UNKNOWN]] )[[CLOSE]]
Warning:not_parsed:UNKNOWN.UNKNOWN.CLOSE>PUNCT MathParser failed to match rule 'Anything'
	at 0302221.tex; line 1490 col 0 - line 1490 col 13
	In "$$\sum_{k=1}^{\infty}{\alpha_{2k}\over 2k}\ z^{2k}=\ln(\pi z)-\ln\sin(\pi z)\ %
	\ ,\ \ 0<z<1\ .$$"
	∑[[SUMOP]] _{k=1}[[POSTSUBSCRIPT]] ^{\infty}[[POSTSUPERSCRIPT]] \alpha_{2k}\over2k[[UNKNOWN]] z[[UNKNOWN]] ^{2k}[[POSTSUPERSCRIPT]] =[[RELOP]] ln[[OPFUNCTION]] ([[OPEN]] π[[UNKNOWN]] z[[UNKNOWN]] )[[CLOSE]] -[[ADDOP]] ln[[OPFUNCTION]] sin[[TRIGFUNCTION]] ([[OPEN]] π[[UNKNOWN]] z[[UNKNOWN]] )[[CLOSE]]
	        > $$\sum_{k=1}^{\infty}{\alpha_{2k}\over2k}\ z^{2k}=\ln(\piz)-\ln\sin(\piz)\ \ ,\ \ 0<z<1\ .$$[[PUNCT]] ,[[PUNCT]]   0[[NUMBER]] <[[RELOP]] z[[UNKNOWN]] <[[RELOP]] 1[[NUMBER]]
Warning:not_parsed:POSTSUPERSCRIPT.ATOM.CLOSE>PUNCT MathParser failed to match rule 'Anything'
	at 0302221.tex; line 1547 col 0 - line 1547 col 64
	In "$$\sum_{n=1}^{\infty}{x^{2n+1}\over 2n+1}\ \zeta(2n+1)={1\over 2}\ln\left[e^{-%
	2\gamma_{E}x}{\Gamma(1-x)\over\Gamma(1+x)}\right]\ \ ,\ \ x\in{\tenbf R}\ ,\ |%
	x|<1\ .$$"
	∑[[SUMOP]] _{n=1}[[POSTSUBSCRIPT]] ^{\infty}[[POSTSUPERSCRIPT]] x^{2n+1}\over2n+1[[UNKNOWN]] ζ[[UNKNOWN]] ([[OPEN]] 2[[NUMBER]] n[[UNKNOWN]] +[[ADDOP]] 1[[NUMBER]] )[[CLOSE]] =[[RELOP]] 1\over2[[UNKNOWN]] ln[[OPFUNCTION]] \left[[[OPEN]] e[[UNKNOWN]] ^{-2\gamma_{E}x}[[POSTSUPERSCRIPT]] \Gamma(1-x)\over\Gamma(1+x)[[UNKNOWN]] \right][[CLOSE]]
	        > $$\sum_{n=1}^{\infty}{x^{2n+1}\over2n+1}\ \zeta(2n+1)={1\over2}\ln\left[e^{-2\gamma_{E}x}{\Gamma(1-x)\over\Gamma(1+x)}\right]\ \ ,\ \ x\in{\tenbfR}\ ,\ |x|<1\ .$$[[PUNCT]] ,[[PUNCT]] x[[UNKNOWN]] ∈[[RELOP]] R[[UNKNOWN]] ,[[PUNCT]] |[[VERTBAR]] x[[UNKNOWN]] |[[VERTBAR]] <[[RELOP]] 1[[NUMBER]]
Warning:not_parsed:SUMOP.POSTSUBSCRIPT.ATOM>OPEN MathParser failed to match rule 'Anything'
	at 0302221.tex; line 1814 col 0 - line 1814 col 95
	In "$$\eqalign{\kappa^{k}_{a,\Omega{\cal R}\theta^{k}a}&=-8i\ N_{a}\ \rho_{\Omega{%
	\cal R}\theta^{k}}\ I_{a;O6_{k}}\ \left[\coth(\pi v^{1;k}_{a})+\coth(\pi v^{2;%
	k}_{a})+\coth(\pi v^{3;k}_{a})\right]\cr&=8\ N_{a}\ \rho_{\Omega{\cal R}\theta%
	^{k}}\hskip-5.690551pt\sum_{(i,j,l)=\atop(1,2,3),(2,1,3),(3,1,2)}\hskip-5.6905%
	51pt{1\over\sin\alpha^{i}}\left[n_{O6_{k}}^{i}n_{a}^{i}{R_{1}^{i}\over R_{2}^{%
	i}}+m_{O6_{k}}^{i}m_{a}^{i}{R_{2}^{i}\over R_{1}^{i}}\right.\cr&\ \ \ \left.+%
	\ (n_{a}^{i}m_{O6_{k}}^{i}+n_{O6_{k}}^{i}m_{a}^{i})\cos\alpha^{i}\right]\ I^{j%
	}_{a;O6_{k}}\ I^{l}_{a;O6_{k}}\cr&=4\ N_{a}\ \rho_{\Omega{\cal R}\theta^{k}}\ %
	\sum_{(i,j,l)=\atop(1,2,3),(2,1,3),(3,1,2)}{1\over U_{2}^{i}}\left[(n_{a}^{i}+%
	m_{a}^{i}U^{i})(n_{O6_{k}}^{i}+m_{O6_{k}}^{i}\overline{U}^{i})\right.\cr&\ \ %
	\ \left.+(n_{a}^{i}+m_{a}^{i}\overline{U}^{i})(n_{O6_{k}}^{i}+m_{O6_{k}}^{i}U^%
	{i})\right]\ I^{j}_{a;O6_{k}}\ I^{l}_{a;O6_{k}}\ .}$$"
	=[[RELOP]] 8[[NUMBER]] N[[UNKNOWN]] _{a}[[POSTSUBSCRIPT]] ρ[[UNKNOWN]] _{\Omega{\calR}\theta^{k}}[[POSTSUBSCRIPT]] ∑[[SUMOP]] _{(i,j,l)=\atop(1,2,3),(2,1,3),(3,1,2)}[[POSTSUBSCRIPT]] 1\over\sin\alpha^{i}[[UNKNOWN]]
	        > \left[[[OPEN]] n[[UNKNOWN]] _{O6_{k}}[[POSTSUBSCRIPT]] ^{i}[[POSTSUPERSCRIPT]] n[[UNKNOWN]] _{a}[[POSTSUBSCRIPT]] ^{i}[[POSTSUPERSCRIPT]] R_{1}^{i}\overR_{2}^{i}[[UNKNOWN]] +[[ADDOP]] m[[UNKNOWN]] _{O6_{k}}[[POSTSUBSCRIPT]] ^{i}[[POSTSUPERSCRIPT]] m[[UNKNOWN]] _{a}[[POSTSUBSCRIPT]] ^{i}[[POSTSUPERSCRIPT]] R_{2}^{i}\overR_{1}^{i}[[UNKNOWN]]
Warning:not_parsed:TRIGFUNCTION.UNKNOWN.POSTSUPERSCRIPT>CLOSE MathParser failed to match rule 'Anything'
	at 0302221.tex; line 1814 col 0 - line 1814 col 95
	+[[ADDOP]] ([[OPEN]] n[[UNKNOWN]] _{a}[[POSTSUBSCRIPT]] ^{i}[[POSTSUPERSCRIPT]] m[[UNKNOWN]] _{O6_{k}}[[POSTSUBSCRIPT]] ^{i}[[POSTSUPERSCRIPT]] +[[ADDOP]] n[[UNKNOWN]] _{O6_{k}}[[POSTSUBSCRIPT]] ^{i}[[POSTSUPERSCRIPT]] m[[UNKNOWN]] _{a}[[POSTSUBSCRIPT]] ^{i}[[POSTSUPERSCRIPT]] )[[CLOSE]] cos[[TRIGFUNCTION]] α[[UNKNOWN]] ^{i}[[POSTSUPERSCRIPT]]
	        > \right][[CLOSE]] I[[UNKNOWN]] ^{j}[[POSTSUPERSCRIPT]] _{a;O6_{k}}[[POSTSUBSCRIPT]] I[[UNKNOWN]] ^{l}[[POSTSUPERSCRIPT]] _{a;O6_{k}}[[POSTSUBSCRIPT]]
Warning:not_parsed:SUMOP.POSTSUBSCRIPT.ATOM>OPEN MathParser failed to match rule 'Anything'
	at 0302221.tex; line 1814 col 0 - line 1814 col 95
	=[[RELOP]] 4[[NUMBER]] N[[UNKNOWN]] _{a}[[POSTSUBSCRIPT]] ρ[[UNKNOWN]] _{\Omega{\calR}\theta^{k}}[[POSTSUBSCRIPT]] ∑[[SUMOP]] _{(i,j,l)=\atop(1,2,3),(2,1,3),(3,1,2)}[[POSTSUBSCRIPT]] 1\overU_{2}^{i}[[UNKNOWN]]
	        > \left[[[OPEN]] ([[OPEN]] n[[UNKNOWN]] _{a}[[POSTSUBSCRIPT]] ^{i}[[POSTSUPERSCRIPT]] +[[ADDOP]] m[[UNKNOWN]] _{a}[[POSTSUBSCRIPT]] ^{i}[[POSTSUPERSCRIPT]] U[[UNKNOWN]] ^{i}[[POSTSUPERSCRIPT]] )[[CLOSE]] ([[OPEN]] n[[UNKNOWN]] _{O6_{k}}[[POSTSUBSCRIPT]] ^{i}[[POSTSUPERSCRIPT]] +[[ADDOP]] m[[UNKNOWN]] _{O6_{k}}[[POSTSUBSCRIPT]] ^{i}[[POSTSUPERSCRIPT]] \overline{U}[[UNKNOWN]] ^{i}[[POSTSUPERSCRIPT]] )[[CLOSE]]
Warning:not_parsed:UNKNOWN.POSTSUPERSCRIPT.CLOSE>CLOSE MathParser failed to match rule 'Anything'
	at 0302221.tex; line 1814 col 0 - line 1814 col 95
	+[[ADDOP]] ([[OPEN]] n[[UNKNOWN]] _{a}[[POSTSUBSCRIPT]] ^{i}[[POSTSUPERSCRIPT]] +[[ADDOP]] m[[UNKNOWN]] _{a}[[POSTSUBSCRIPT]] ^{i}[[POSTSUPERSCRIPT]] \overline{U}[[UNKNOWN]] ^{i}[[POSTSUPERSCRIPT]] )[[CLOSE]] ([[OPEN]] n[[UNKNOWN]] _{O6_{k}}[[POSTSUBSCRIPT]] ^{i}[[POSTSUPERSCRIPT]] +[[ADDOP]] m[[UNKNOWN]] _{O6_{k}}[[POSTSUBSCRIPT]] ^{i}[[POSTSUPERSCRIPT]] U[[UNKNOWN]] ^{i}[[POSTSUPERSCRIPT]] )[[CLOSE]]
	        > \right][[CLOSE]] I[[UNKNOWN]] ^{j}[[POSTSUPERSCRIPT]] _{a;O6_{k}}[[POSTSUBSCRIPT]] I[[UNKNOWN]] ^{l}[[POSTSUPERSCRIPT]] _{a;O6_{k}}[[POSTSUBSCRIPT]]
Warning:not_parsed:RELOP.NUMBER>OPEN MathParser failed to match rule 'Anything'
	at 0302221.tex; line 1908 col 0 - line 1908 col 70
	In "$$\eqalign{\sum^{K}_{b=1\atop b\neq a}\sum_{a\in\{a,\Omega{\cal R}a\}\atop b%
	\in\{b,\Omega{\cal R}b\}}\kappa_{ab}&=\sum^{K}_{b=1\atop b\neq a}\kappa_{ab}+%
	\kappa_{ab^{\prime}}+\kappa_{a^{\prime}b}+\kappa_{a^{\prime}b^{\prime}}\cr&=-2%
	\sum_{b=1\atop b\neq a}^{K}\sum_{b\in\{b,\Omega{\cal R}b\}\atop a\in\{a,\Omega%
	{\cal R}a\}}N_{b}\sum_{(i,j,k)=\atop(1,2,3),(2,1,3),(3,1,2)}\hskip-8.535827pt%
	\left(n_{a}^{i}n_{b}^{i}{R_{1}^{i}\over R_{2}^{i}}+m_{a}^{i}m_{b}^{i}{R_{2}^{i%
	}\over R_{1}^{i}}\right)\ I_{ab}^{j}I_{ab}^{k}\cr&=8\left[(-n_{a}^{1}n_{a}^{2}%
	n_{a}^{3}{R_{1}^{1}\over R_{2}^{1}}+m_{a}^{1}m_{a}^{2}n_{a}^{3}{R_{2}^{2}\over
	R%
	_{1}^{2}}+m_{a}^{1}n_{a}^{2}m_{a}^{3}{R_{2}^{3}\over R_{1}^{3}})\sum_{b=1\atop
	b%
	\neq a}^{K}N_{b}\ n_{b}^{1}m_{b}^{2}m_{b}^{3}\right.\cr&+(m_{a}^{1}m_{a}^{2}n_%
	{a}^{3}{R_{2}^{1}\over R_{1}^{1}}-n_{a}^{1}n_{a}^{2}n_{a}^{3}{R_{1}^{2}\over R%
	_{2}^{2}}+n_{a}^{1}m_{a}^{2}m_{a}^{3}{R_{2}^{3}\over R_{1}^{3}})\sum_{b=1\atop
	b%
	\neq a}^{K}N_{b}\ m_{b}^{1}n_{b}^{2}m_{b}^{3}\cr&+(m_{a}^{1}n_{a}^{2}m_{a}^{3}%
	{R_{2}^{1}\over R_{1}^{1}}+n_{a}^{1}m_{a}^{2}m_{a}^{3}{R_{2}^{2}\over R_{1}^{2%
	}}-n_{a}^{1}n_{a}^{2}n_{a}^{3}{R_{1}^{3}\over R_{2}^{3}})\sum_{b=1\atop b\neq a%
	}^{K}N_{b}\ m_{b}^{1}m_{b}^{2}n_{b}^{3}\cr&\left.-(n_{a}^{1}m_{a}^{2}m_{a}^{3}%
	{R_{1}^{1}\over R_{2}^{1}}+m_{a}^{1}n_{a}^{2}m_{a}^{3}{R_{1}^{2}\over R_{2}^{2%
	}}+m_{a}^{1}m_{a}^{2}n_{a}^{3}{R_{1}^{3}\over R_{2}^{3}})\sum_{b=1\atop b\neq a%
	}^{K}N_{b}\ n_{b}^{1}n_{b}^{2}n_{b}^{3}\right]}$$"
	=[[RELOP]] 8[[NUMBER]]
	        > \left[[[OPEN]] ([[OPEN]] -[[ADDOP]] n[[UNKNOWN]] _{a}[[POSTSUBSCRIPT]] ^{1}[[POSTSUPERSCRIPT]] n[[UNKNOWN]] _{a}[[POSTSUBSCRIPT]] ^{2}[[POSTSUPERSCRIPT]] n[[UNKNOWN]] _{a}[[POSTSUBSCRIPT]] ^{3}[[POSTSUPERSCRIPT]] R_{1}^{1}\overR_{2}^{1}[[UNKNOWN]] +[[ADDOP]] m[[UNKNOWN]] _{a}[[POSTSUBSCRIPT]] ^{1}[[POSTSUPERSCRIPT]] m[[UNKNOWN]] _{a}[[POSTSUBSCRIPT]] ^{2}[[POSTSUPERSCRIPT]] n[[UNKNOWN]] _{a}[[POSTSUBSCRIPT]] ^{3}[[POSTSUPERSCRIPT]] R_{2}^{2}\overR_{1}^{2}[[UNKNOWN]] +[[ADDOP]] m[[UNKNOWN]] _{a}[[POSTSUBSCRIPT]] ^{1}[[POSTSUPERSCRIPT]] n[[UNKNOWN]] _{a}[[POSTSUBSCRIPT]] ^{2}[[POSTSUPERSCRIPT]] m[[UNKNOWN]] _{a}[[POSTSUBSCRIPT]] ^{3}[[POSTSUPERSCRIPT]] R_{2}^{3}\overR_{1}^{3}[[UNKNOWN]] )[[CLOSE]] ∑[[SUMOP]] _{b=1\atopb\neqa}[[POSTSUBSCRIPT]] ^{K}[[POSTSUPERSCRIPT]] N[[UNKNOWN]] _{b}[[POSTSUBSCRIPT]] n[[UNKNOWN]] _{b}[[POSTSUBSCRIPT]] ^{1}[[POSTSUPERSCRIPT]] m[[UNKNOWN]] _{b}[[POSTSUBSCRIPT]] ^{2}[[POSTSUPERSCRIPT]] m[[UNKNOWN]] _{b}[[POSTSUBSCRIPT]] ^{3}[[POSTSUPERSCRIPT]]
Warning:not_parsed:UNKNOWN.POSTSUBSCRIPT.POSTSUPERSCRIPT>CLOSE MathParser failed to match rule 'Anything'
	at 0302221.tex; line 1908 col 0 - line 1908 col 70
	-[[ADDOP]] ([[OPEN]] n[[UNKNOWN]] _{a}[[POSTSUBSCRIPT]] ^{1}[[POSTSUPERSCRIPT]] m[[UNKNOWN]] _{a}[[POSTSUBSCRIPT]] ^{2}[[POSTSUPERSCRIPT]] m[[UNKNOWN]] _{a}[[POSTSUBSCRIPT]] ^{3}[[POSTSUPERSCRIPT]] R_{1}^{1}\overR_{2}^{1}[[UNKNOWN]] +[[ADDOP]] m[[UNKNOWN]] _{a}[[POSTSUBSCRIPT]] ^{1}[[POSTSUPERSCRIPT]] n[[UNKNOWN]] _{a}[[POSTSUBSCRIPT]] ^{2}[[POSTSUPERSCRIPT]] m[[UNKNOWN]] _{a}[[POSTSUBSCRIPT]] ^{3}[[POSTSUPERSCRIPT]] R_{1}^{2}\overR_{2}^{2}[[UNKNOWN]] +[[ADDOP]] m[[UNKNOWN]] _{a}[[POSTSUBSCRIPT]] ^{1}[[POSTSUPERSCRIPT]] m[[UNKNOWN]] _{a}[[POSTSUBSCRIPT]] ^{2}[[POSTSUPERSCRIPT]] n[[UNKNOWN]] _{a}[[POSTSUBSCRIPT]] ^{3}[[POSTSUPERSCRIPT]] R_{1}^{3}\overR_{2}^{3}[[UNKNOWN]] )[[CLOSE]] ∑[[SUMOP]] _{b=1\atopb\neqa}[[POSTSUBSCRIPT]] ^{K}[[POSTSUPERSCRIPT]] N[[UNKNOWN]] _{b}[[POSTSUBSCRIPT]] n[[UNKNOWN]] _{b}[[POSTSUBSCRIPT]] ^{1}[[POSTSUPERSCRIPT]] n[[UNKNOWN]] _{b}[[POSTSUBSCRIPT]] ^{2}[[POSTSUPERSCRIPT]] n[[UNKNOWN]] _{b}[[POSTSUBSCRIPT]] ^{3}[[POSTSUPERSCRIPT]]
	        > \right][[CLOSE]]
Warning:not_parsed:NUMBER.UNKNOWN.POSTSUBSCRIPT>OPEN MathParser failed to match rule 'Anything'
	at 0302221.tex; line 1919 col 0 - line 1919 col 76
	In "$$\eqalign{\kappa_{aa^{\prime}}&=-4N_{a}\sum_{(i,j,k)=\atop(1,2,3),(2,1,3),(3,%
	1,2)}\left(n_{a}^{i}n_{a^{\prime}}^{i}{R_{1}^{i}\over R_{2}^{i}}+m_{a}^{i}m_{a%
	^{\prime}}^{i}{R_{2}^{i}\over R_{1}^{i}}\right)\ I_{aa^{\prime}}^{j}\ I_{aa^{%
	\prime}}^{k}\cr&=-16N_{a}\left[m_{a}^{2}m_{a}^{3}(n_{a}^{1})^{2}n_{a}^{2}n_{a}%
	^{3}{R_{1}^{1}\over R_{2}^{1}}+m_{a}^{1}m_{a}^{3}n_{a}^{1}(n_{a}^{2})^{2}n_{a}%
	^{3}{R_{1}^{2}\over R_{2}^{2}}+m_{a}^{1}m_{a}^{2}n_{a}^{1}n_{a}^{2}(n_{a}^{3})%
	^{2}{R_{1}^{3}\over R_{2}^{3}}\right.\cr&-\left.(m_{a}^{1})^{2}m_{a}^{2}m_{a}^%
	{3}n_{a}^{2}n_{a}^{3}{R_{2}^{1}\over R_{1}^{1}}-m_{a}^{1}(m_{a}^{2})^{2}m_{a}^%
	{3}n_{a}^{1}n_{a}^{3}{R_{2}^{2}\over R_{1}^{2}}-m_{a}^{1}m_{a}^{2}(m_{a}^{3})^%
	{2}n_{a}^{1}n_{a}^{2}{R_{2}^{3}\over R_{1}^{3}}\right]\ .\cr}$$"
	=[[RELOP]] -[[ADDOP]] 16[[NUMBER]] N[[UNKNOWN]] _{a}[[POSTSUBSCRIPT]]
	        > \left[[[OPEN]] m[[UNKNOWN]] _{a}[[POSTSUBSCRIPT]] ^{2}[[POSTSUPERSCRIPT]] m[[UNKNOWN]] _{a}[[POSTSUBSCRIPT]] ^{3}[[POSTSUPERSCRIPT]] ([[OPEN]] n[[UNKNOWN]] _{a}[[POSTSUBSCRIPT]] ^{1}[[POSTSUPERSCRIPT]] )[[CLOSE]] ^{2}[[POSTSUPERSCRIPT]] n[[UNKNOWN]] _{a}[[POSTSUBSCRIPT]] ^{2}[[POSTSUPERSCRIPT]] n[[UNKNOWN]] _{a}[[POSTSUBSCRIPT]] ^{3}[[POSTSUPERSCRIPT]] R_{1}^{1}\overR_{2}^{1}[[UNKNOWN]] +[[ADDOP]] m[[UNKNOWN]] _{a}[[POSTSUBSCRIPT]] ^{1}[[POSTSUPERSCRIPT]] m[[UNKNOWN]] _{a}[[POSTSUBSCRIPT]] ^{3}[[POSTSUPERSCRIPT]] n[[UNKNOWN]] _{a}[[POSTSUBSCRIPT]] ^{1}[[POSTSUPERSCRIPT]] ([[OPEN]] n[[UNKNOWN]] _{a}[[POSTSUBSCRIPT]] ^{2}[[POSTSUPERSCRIPT]] )[[CLOSE]] ^{2}[[POSTSUPERSCRIPT]] n[[UNKNOWN]] _{a}[[POSTSUBSCRIPT]] ^{3}[[POSTSUPERSCRIPT]] R_{1}^{2}\overR_{2}^{2}[[UNKNOWN]] +[[ADDOP]] m[[UNKNOWN]] _{a}[[POSTSUBSCRIPT]] ^{1}[[POSTSUPERSCRIPT]] m[[UNKNOWN]] _{a}[[POSTSUBSCRIPT]] ^{2}[[POSTSUPERSCRIPT]] n[[UNKNOWN]] _{a}[[POSTSUBSCRIPT]] ^{1}[[POSTSUPERSCRIPT]] n[[UNKNOWN]] ...
Warning:not_parsed:POSTSUBSCRIPT.POSTSUPERSCRIPT.ATOM>CLOSE MathParser failed to match rule 'Anything'
	at 0302221.tex; line 1919 col 0 - line 1919 col 76
	... m[[UNKNOWN]] _{a}[[POSTSUBSCRIPT]] ^{3}[[POSTSUPERSCRIPT]] n[[UNKNOWN]] _{a}[[POSTSUBSCRIPT]] ^{2}[[POSTSUPERSCRIPT]] n[[UNKNOWN]] _{a}[[POSTSUBSCRIPT]] ^{3}[[POSTSUPERSCRIPT]] R_{2}^{1}\overR_{1}^{1}[[UNKNOWN]] -[[ADDOP]] m[[UNKNOWN]] _{a}[[POSTSUBSCRIPT]] ^{1}[[POSTSUPERSCRIPT]] ([[OPEN]] m[[UNKNOWN]] _{a}[[POSTSUBSCRIPT]] ^{2}[[POSTSUPERSCRIPT]] )[[CLOSE]] ^{2}[[POSTSUPERSCRIPT]] m[[UNKNOWN]] _{a}[[POSTSUBSCRIPT]] ^{3}[[POSTSUPERSCRIPT]] n[[UNKNOWN]] _{a}[[POSTSUBSCRIPT]] ^{1}[[POSTSUPERSCRIPT]] n[[UNKNOWN]] _{a}[[POSTSUBSCRIPT]] ^{3}[[POSTSUPERSCRIPT]] R_{2}^{2}\overR_{1}^{2}[[UNKNOWN]] -[[ADDOP]] m[[UNKNOWN]] _{a}[[POSTSUBSCRIPT]] ^{1}[[POSTSUPERSCRIPT]] m[[UNKNOWN]] _{a}[[POSTSUBSCRIPT]] ^{2}[[POSTSUPERSCRIPT]] ([[OPEN]] m[[UNKNOWN]] _{a}[[POSTSUBSCRIPT]] ^{3}[[POSTSUPERSCRIPT]] )[[CLOSE]] ^{2}[[POSTSUPERSCRIPT]] n[[UNKNOWN]] _{a}[[POSTSUBSCRIPT]] ^{1}[[POSTSUPERSCRIPT]] n[[UNKNOWN]] _{a}[[POSTSUBSCRIPT]] ^{2}[[POSTSUPERSCRIPT]] R_{2}^{3}\overR_{1}^{3}[[UNKNOWN]]
	        > \right][[CLOSE]]
Warning:not_parsed:RELOP.UNKNOWN.UNKNOWN>PUNCT MathParser failed to match rule 'Anything'
	at 0302221.tex; line 2155 col 0 - line 2155 col 50
	In "$$\pi v={\tenrm arctanh}\ F\ \ ,\ \ {dF\over dv}=\pi(1-F^{2})\ .$$"
	π[[UNKNOWN]] v[[UNKNOWN]] =[[RELOP]] arctanh[[UNKNOWN]] F[[UNKNOWN]]
	        > $$\piv={\tenrmarctanh}\ F\ \ ,\ \ {dF\overdv}=\pi(1-F^{2})\ .$$[[PUNCT]] ,[[PUNCT]] dF\overdv[[UNKNOWN]] =[[RELOP]] π[[UNKNOWN]] ([[OPEN]] 1[[NUMBER]] -[[ADDOP]] F[[UNKNOWN]] ^{2}[[POSTSUPERSCRIPT]] )[[CLOSE]]
Warning:not_parsed:SUMOP.POSTSUBSCRIPT.POSTSUPERSCRIPT>OPEN MathParser failed to match rule 'Anything'
	at 0302221.tex; line 2190 col 0 - line 2190 col 25
	In "$$\eqalign{\Delta^{\tenrm N=1}_{ab}&=\delta_{ab}^{\tenrm N=1}-4\pi i\ b_{ab}^{%
	N=1}\cr&\times\sum_{j=1}^{3}\left(F_{ab}^{j}-{1\over F_{ab}^{j}}\right)\sum_{k%
	=2}^{\infty}(F^{j}_{ab})^{2k}\ \sum_{n=2}^{k}\ {(2\pi)^{-2n}(2n)!\over(1-2n)|B%
	_{2n}|}\ c(k,n)\ \zeta(2n-1)\cr&=\delta_{ab}^{\tenrm N=1}+{2i\over 3\pi^{3}}\ %
	b_{ab}^{N=1}\ \zeta(3)\ \sum_{j=1}^{3}(F^{j}_{ab})^{3}\cr&+4\pi i\ b_{ab}^{N=1%
	}\ \sum_{k=2}^{\infty}\ \sum_{j=1}^{3}(F^{j}_{ab})^{2k+1}\left\{\sum_{n=2}^{k+%
	1}{(2\pi)^{-2n}(2n)!\over(1-2n)|B_{2n}|}\ \zeta(2n-1)\ [c(k+1,n)-c(k,n)]\right%
	\}.}$$"
	×[[MULOP]] ∑[[SUMOP]] _{j=1}[[POSTSUBSCRIPT]] ^{3}[[POSTSUPERSCRIPT]]
	        > \left([[OPEN]] F[[UNKNOWN]] _{ab}[[POSTSUBSCRIPT]] ^{j}[[POSTSUPERSCRIPT]] -[[ADDOP]] 1\overF_{ab}^{j}[[UNKNOWN]] \right)[[CLOSE]] ∑[[SUMOP]] _{k=2}[[POSTSUBSCRIPT]] ^{\infty}[[POSTSUPERSCRIPT]] ([[OPEN]] F[[UNKNOWN]] ^{j}[[POSTSUPERSCRIPT]] _{ab}[[POSTSUBSCRIPT]] )[[CLOSE]] ^{2k}[[POSTSUPERSCRIPT]] ∑[[SUMOP]] _{n=2}[[POSTSUBSCRIPT]] ^{k}[[POSTSUPERSCRIPT]] (2\pi)^{-2n}(2n)!\over(1-2n)|B_{2n}|[[UNKNOWN]] c[[UNKNOWN]] ([[OPEN]] k[[UNKNOWN]] ,[[PUNCT]] n[[UNKNOWN]] )[[CLOSE]] ζ[[UNKNOWN]] ([[OPEN]] 2[[NUMBER]] n[[UNKNOWN]] -[[ADDOP]] 1[[NUMBER]] )[[CLOSE]]
Warning:not_parsed:POSTSUPERSCRIPT.POSTSUBSCRIPT.CLOSE>OPEN MathParser failed to match rule 'Anything'
	at 0302221.tex; line 2436 col 0 - line 2436 col 66
	In "$$\eqalign{\Delta_{ab}^{N=2}&=32N_{a}\ {\tenrm Tr}(Q^{2}_{USp(4)})\ [-6\ln R_{%
	1}^{1}-2\ln R_{1}^{2}-2\ln R_{2}^{2}-\ln\left({R_{1}^{2}\over R_{2}^{2}}+4{R_{%
	2}^{2}\over R_{1}^{2}}\right)\cr&-3\ln|\eta(iR_{1}^{1}R_{2}^{1})|^{4}-\ln|\eta%
	(iR_{1}^{2}R_{2}^{2})|^{4}+4\kappa]\ ,}$$"
	=[[RELOP]] 32[[NUMBER]] N[[UNKNOWN]] _{a}[[POSTSUBSCRIPT]] Tr[[UNKNOWN]] ([[OPEN]] Q[[UNKNOWN]] ^{2}[[POSTSUPERSCRIPT]] _{USp(4)}[[POSTSUBSCRIPT]] )[[CLOSE]]
	        > [[[OPEN]] -[[ADDOP]] 6[[NUMBER]] ln[[OPFUNCTION]] R[[UNKNOWN]] _{1}[[POSTSUBSCRIPT]] ^{1}[[POSTSUPERSCRIPT]] -[[ADDOP]] 2[[NUMBER]] ln[[OPFUNCTION]] R[[UNKNOWN]] _{1}[[POSTSUBSCRIPT]] ^{2}[[POSTSUPERSCRIPT]] -[[ADDOP]] 2[[NUMBER]] ln[[OPFUNCTION]] R[[UNKNOWN]] _{2}[[POSTSUBSCRIPT]] ^{2}[[POSTSUPERSCRIPT]] -[[ADDOP]] ln[[OPFUNCTION]] \left([[OPEN]] R_{1}^{2}\overR_{2}^{2}[[UNKNOWN]] +[[ADDOP]] 4[[NUMBER]] R_{2}^{2}\overR_{1}^{2}[[UNKNOWN]] \right)[[CLOSE]]
Warning:not_parsed:ADDOP.NUMBER.UNKNOWN>CLOSE MathParser failed to match rule 'Anything'
	at 0302221.tex; line 2436 col 0 - line 2436 col 66
	-[[ADDOP]] 3[[NUMBER]] ln[[OPFUNCTION]] |[[VERTBAR]] η[[UNKNOWN]] ([[OPEN]] i[[UNKNOWN]] R[[UNKNOWN]] _{1}[[POSTSUBSCRIPT]] ^{1}[[POSTSUPERSCRIPT]] R[[UNKNOWN]] _{2}[[POSTSUBSCRIPT]] ^{1}[[POSTSUPERSCRIPT]] )[[CLOSE]] |[[VERTBAR]] ^{4}[[POSTSUPERSCRIPT]] -[[ADDOP]] ln[[OPFUNCTION]] |[[VERTBAR]] η[[UNKNOWN]] ([[OPEN]] i[[UNKNOWN]] R[[UNKNOWN]] _{1}[[POSTSUBSCRIPT]] ^{2}[[POSTSUPERSCRIPT]] R[[UNKNOWN]] _{2}[[POSTSUBSCRIPT]] ^{2}[[POSTSUPERSCRIPT]] )[[CLOSE]] |[[VERTBAR]] ^{4}[[POSTSUPERSCRIPT]] +[[ADDOP]] 4[[NUMBER]] κ[[UNKNOWN]]
	        > ][[CLOSE]]
Warning:not_parsed:POSTSUPERSCRIPT.POSTSUBSCRIPT.CLOSE>OPEN MathParser failed to match rule 'Anything'
	at 0302221.tex; line 2448 col 0 - line 2448 col 56
	In "$$\eqalign{\Delta_{ab}^{N=1}&=N_{a}\ {\tenrm Tr}(Q^{2}_{USp(4)})\ \left\{256%
	\ln{\Gamma[1-{1\over\pi}\arctan(2U)]\over\Gamma[1+{1\over\pi}\arctan(2U)]}+32%
	\ln{\Gamma[{1\over 2}+{1\over\pi}\arctan(2U)]\over\Gamma[{1\over 2}-{1\over\pi%
	}\arctan(2U)]}\right.\cr&+32\ln{\Gamma[{3\over 2}+{1\over\pi}\arctan(2U)]\over%
	\Gamma[{3\over 2}-{1\over\pi}\arctan(2U)]}+64\ln{\Gamma[1+2{1\over\pi}\arctan(%
	2U)]\over\Gamma[1-2{1\over\pi}\arctan(2U)]}\cr&+32\ln{\Gamma[1-{1\over\pi}%
	\arctan(4U)]\over\Gamma[1+{1\over\pi}\arctan(4U)]}+16\ln{\Gamma[1+{1\over\pi}%
	\arctan(2U)-{1\over\pi}\arctan(4U)]\over\Gamma[1-{1\over\pi}\arctan(2U)+{1%
	\over\pi}\arctan(4U)]}\cr&\left.+48\ln{\Gamma[1+{1\over\pi}\arctan(2U)+{1\over%
	\pi}\arctan(4U)]\over\Gamma[1-{1\over\pi}\arctan(2U)-{1\over\pi}\arctan(4U)]}%
	\ \right\}\ .}$$"
	=[[RELOP]] N[[UNKNOWN]] _{a}[[POSTSUBSCRIPT]] Tr[[UNKNOWN]] ([[OPEN]] Q[[UNKNOWN]] ^{2}[[POSTSUPERSCRIPT]] _{USp(4)}[[POSTSUBSCRIPT]] )[[CLOSE]]
	        > \left\{[[OPEN]] 256[[NUMBER]] ln[[OPFUNCTION]] \Gamma[1-{1\over\pi}\arctan(2U)]\over\Gamma[1+{1\over\pi}\arctan(2U)][[UNKNOWN]] +[[ADDOP]] 32[[NUMBER]] ln[[OPFUNCTION]] \Gamma[{1\over2}+{1\over\pi}\arctan(2U)]\over\Gamma[{1\over2}-{1\over\pi}\arctan(2U)][[UNKNOWN]]
Warning:not_parsed:NUMBER.OPFUNCTION.ATOM>CLOSE MathParser failed to match rule 'Anything'
	at 0302221.tex; line 2448 col 0 - line 2448 col 56
	+[[ADDOP]] 48[[NUMBER]] ln[[OPFUNCTION]] \Gamma[1+{1\over\pi}\arctan(2U)+{1\over\pi}\arctan(4U)]\over\Gamma[1-{1\over\pi}\arctan(2U)-{1\over\pi}\arctan(4U)][[UNKNOWN]]
	        > \right\}[[CLOSE]]
Warning:not_parsed:POSTSUPERSCRIPT.UNKNOWN.UNKNOWN>PUNCT MathParser failed to match rule 'Anything'
	at 0302221.tex; line 2549 col 0 - line 2549 col 18
	In "$$(2\pi n)^{-s}\ \Gamma(s)=\int\limits_{0}^{\infty}\ y^{s-1}\ e^{-2\pi ny}\ dy%
	\ \ \ ,\ \ \ {\tenrm Re}(s)>0\ .$$"
	([[OPEN]] 2[[NUMBER]] π[[UNKNOWN]] n[[UNKNOWN]] )[[CLOSE]] ^{-s}[[POSTSUPERSCRIPT]] Γ[[UNKNOWN]] ([[OPEN]] s[[UNKNOWN]] )[[CLOSE]] =[[RELOP]] ∫[[INTOP]] _{0}[[POSTSUBSCRIPT]] ^{\infty}[[POSTSUPERSCRIPT]] y[[UNKNOWN]] ^{s-1}[[POSTSUPERSCRIPT]] e[[UNKNOWN]] ^{-2\piny}[[POSTSUPERSCRIPT]] d[[UNKNOWN]] y[[UNKNOWN]]
	        > $$(2\pin)^{-s}\ \Gamma(s)=\int\limits_{0}^{\infty}\ y^{s-1}\ e^{-2\piny}\ dy\ \ \ ,\ \ \ {\tenrmRe}(s)>0\ .$$[[PUNCT]] ,[[PUNCT]] Re[[UNKNOWN]] ([[OPEN]] s[[UNKNOWN]] )[[CLOSE]] >[[RELOP]] 0[[NUMBER]]
Warning:not_parsed:CLOSE.UNKNOWN.POSTSUPERSCRIPT>PUNCT MathParser failed to match rule 'Anything'
	at 0302221.tex; line 2573 col 0 - line 2573 col 58
	In "$$E_{2k}(\tau)=1+{(2\pi i)^{2k}\over(2k-1)!\ \zeta(2k)}\ \sum_{n=1}^{\infty}%
	\sigma_{2k-1}(n)\ e^{2\pi in\tau}\ \ \ ,\ \ \ k\geq 1\ ,$$"
	E[[UNKNOWN]] _{2k}[[POSTSUBSCRIPT]] ([[OPEN]] τ[[UNKNOWN]] )[[CLOSE]] =[[RELOP]] 1[[NUMBER]] +[[ADDOP]] (2\pii)^{2k}\over(2k-1)!\ \zeta(2k)[[UNKNOWN]] ∑[[SUMOP]] _{n=1}[[POSTSUBSCRIPT]] ^{\infty}[[POSTSUPERSCRIPT]] σ[[UNKNOWN]] _{2k-1}[[POSTSUBSCRIPT]] ([[OPEN]] n[[UNKNOWN]] )[[CLOSE]] e[[UNKNOWN]] ^{2\piin\tau}[[POSTSUPERSCRIPT]]
	        > $$E_{2k}(\tau)=1+{(2\pii)^{2k}\over(2k-1)!\ \zeta(2k)}\ \sum_{n=1}^{\infty}\sigma_{2k-1}(n)\ e^{2\piin\tau}\ \ \ ,\ \ \ k\geq1\ ,$$[[PUNCT]] ,[[PUNCT]] k[[UNKNOWN]] ≥[[RELOP]] 1[[NUMBER]]
Warning:not_parsed:OPEN.UNKNOWN.CLOSE>PUNCT MathParser failed to match rule 'Anything'
	at 0302221.tex; line 2591 col 0 - line 2591 col 30
	In "$$D(s)={(2\pi i)^{2k}\over(2k-1)!\ \zeta(2k)}\ \zeta(1+s-2k)\ \zeta(s)\ \ ,\ %
	\ {\tenrm Re}(s)>2k\ ,$$"
	D[[UNKNOWN]] ([[OPEN]] s[[UNKNOWN]] )[[CLOSE]] =[[RELOP]] (2\pii)^{2k}\over(2k-1)!\ \zeta(2k)[[UNKNOWN]] ζ[[UNKNOWN]] ([[OPEN]] 1[[NUMBER]] +[[ADDOP]] s[[UNKNOWN]] -[[ADDOP]] 2[[NUMBER]] k[[UNKNOWN]] )[[CLOSE]] ζ[[UNKNOWN]] ([[OPEN]] s[[UNKNOWN]] )[[CLOSE]]
	        > $$D(s)={(2\pii)^{2k}\over(2k-1)!\ \zeta(2k)}\ \zeta(1+s-2k)\ \zeta(s)\ \ ,\ \ {\tenrmRe}(s)>2k\ ,$$[[PUNCT]] ,[[PUNCT]] Re[[UNKNOWN]] ([[OPEN]] s[[UNKNOWN]] )[[CLOSE]] >[[RELOP]] 2[[NUMBER]] k[[UNKNOWN]]
Warning:not_parsed:ADDOP.UNKNOWN.CLOSE>PUNCT MathParser failed to match rule 'Anything'
	at 0302221.tex; line 2599 col 0 - line 2599 col 76
	In "$$\eqalign{D(s)&=(-1)^{k}\ (2\pi)^{2s-2k}\ {\Gamma(2k-s)\over\Gamma(s)}\ D(2k-%
	s)\cr&={(2\pi i)^{2k}\over(2k-1)!\ \zeta(2k)}\ (-1)^{k}\ (2\pi)^{2s-2k}\ {%
	\Gamma(2k-s)\over\Gamma(s)}\ \zeta(1-s)\ \zeta(2k-s)\ \ ,\ \ {\tenrm Re}(s)<2k%
	\ .}$$"
	=[[RELOP]] (2\pii)^{2k}\over(2k-1)!\ \zeta(2k)[[UNKNOWN]] ([[OPEN]] -[[ADDOP]] 1[[NUMBER]] )[[CLOSE]] ^{k}[[POSTSUPERSCRIPT]] ([[OPEN]] 2[[NUMBER]] π[[UNKNOWN]] )[[CLOSE]] ^{2s-2k}[[POSTSUPERSCRIPT]] \Gamma(2k-s)\over\Gamma(s)[[UNKNOWN]] ζ[[UNKNOWN]] ([[OPEN]] 1[[NUMBER]] -[[ADDOP]] s[[UNKNOWN]] )[[CLOSE]] ζ[[UNKNOWN]] ([[OPEN]] 2[[NUMBER]] k[[UNKNOWN]] -[[ADDOP]] s[[UNKNOWN]] )[[CLOSE]]
	        > =(2\pii)^{2k}\over(2k-1)!\ \zeta(2k) (-1)^{k} (2π)^{2s-2k} \Gamma(2k-s)\over\Gamma(s) ζ(1-s) ζ(2k-s)  ,  Re(s)<2k .[[PUNCT]] ,[[PUNCT]] Re[[UNKNOWN]] ([[OPEN]] s[[UNKNOWN]] )[[CLOSE]] <[[RELOP]] 2[[NUMBER]] k[[UNKNOWN]]
Warning:not_parsed:MULOP.SUMOP.POSTSUBSCRIPT>UNKNOWN MathParser failed to match rule 'Anything'
	at 0302221.tex; line 2700 col 0 - line 2700 col 49
	In "$$\eqalign{\left.{\partial^{2}\over\partial B^{2}}\ \widetilde{A}^{d=3}_{ab}(B%
	)\right|_{B=0}&={1\over 2}q_{a}^{2}\ I_{ab}\ l\ {1\over\eta(\tau)^{3}}\cr&%
	\times\sum_{\vec{\delta}}s_{\vec{\delta}}\ \theta^{\prime\prime}\left[\delta_{%
	1}\atop\delta_{2}\right](0,\tau)\ {\theta\left[\delta_{1}\atop\delta_{2}\right%
	](iv^{1},\tau)\over\theta\left[{1\over 2}\atop{1\over 2}\right](iv^{1},\tau)}{%
	\theta\left[\delta_{1}\atop\delta_{2}\right](iv^{2},\tau)\over\theta\left[{1%
	\over 2}\atop{1\over 2}\right](iv^{3},\tau)}{\theta\left[\delta_{1}\atop\delta%
	_{2}\right](iv^{3},\tau)\over\theta\left[{1\over 2}\atop{1\over 2}\right](iv^{%
	3},\tau)}\cr&=-\pi\ q_{a}^{2}\ I_{ab}\ l\ (-1)^{\#}\left[\pm{\theta_{1}^{%
	\prime}(iv^{1},\tau)\over\theta_{1}(iv^{1},\tau)}\pm{\theta_{1}^{\prime}(iv^{2%
	},\tau)\over\theta_{1}(iv^{2},\tau)}\pm{\theta_{1}^{\prime}(iv^{3},\tau)\over%
	\theta_{1}(iv^{3},\tau)}\right]\ .}$$"
	×[[MULOP]] ∑[[SUMOP]] _{\vec{\delta}}[[POSTSUBSCRIPT]]
	        > s[[UNKNOWN]] _{\vec{\delta}}[[POSTSUBSCRIPT]] θ[[UNKNOWN]] ^{\prime\prime}[[POSTSUPERSCRIPT]] \left[[[OPEN]] \delta_{1}\atop\delta_{2}[[UNKNOWN]] \right][[CLOSE]] ([[OPEN]] 0[[NUMBER]] ,[[PUNCT]] τ[[UNKNOWN]] )[[CLOSE]] \theta\left[\delta_{1}\atop\delta_{2}\right](iv^{1},\tau)\over\theta\left[{1\over2}\atop{1\over2}\right](iv^{1},\tau)[[UNKNOWN]] \theta\left[\delta_{1}\atop\delta_{2}\right](iv^{2},\tau)\over\theta\left[{1\over2}\atop{1\over2}\right](iv^{3},\tau)[[UNKNOWN]] \theta\left[\delta_{1}\atop\delta_{2}\right](iv^{3},\tau)\over\theta\left[{1\over2}\atop{1\over2}\right](iv^{3},\tau)[[UNKNOWN]]
Warning:not_parsed:MULOP.SUMOP.POSTSUBSCRIPT>UNKNOWN MathParser failed to match rule 'Anything'
	at 0302221.tex; line 2718 col 0 - line 2718 col 75
	In "$$\eqalign{\left.{\partial^{2}\over\partial B^{2}}\ \widetilde{A}^{d=2}_{ab}(B%
	)\right|_{B=0}&=-{1\over 4}\ q_{a}^{2}\ V_{a}^{k}\ I^{i}_{ab}I^{j}_{ab}\ l\ {1%
	\over\eta(\tau)^{6}}\ \widetilde{Z}_{k}(l,T^{k},V^{k})\cr&\times\sum_{\vec{%
	\delta}}s_{\vec{\delta}}\ \theta^{\prime\prime}\left[\delta_{1}\atop\delta_{2}%
	\right](0,\tau)\ \theta\left[\delta_{1}\atop\delta_{2}\right](0,\tau){\theta%
	\left[\delta_{1}\atop\delta_{2}\right](iv^{i},\tau)\over\theta\left[{1\over 2}%
	\atop{1\over 2}\right](iv^{i},\tau)}{\theta\left[\delta_{1}\atop\delta_{2}%
	\right](iv^{j},\tau)\over\theta\left[{1\over 2}\atop{1\over 2}\right](iv^{j},%
	\tau)}\cr&=-\pi^{2}\ q_{a}^{2}\ V_{a}^{k}\ I^{i}_{ab}I^{j}_{ab}\ l\ \widetilde%
	{Z}_{k}(l,T^{k},V_{a}^{k})\ .}$$"
	×[[MULOP]] ∑[[SUMOP]] _{\vec{\delta}}[[POSTSUBSCRIPT]]
	        > s[[UNKNOWN]] _{\vec{\delta}}[[POSTSUBSCRIPT]] θ[[UNKNOWN]] ^{\prime\prime}[[POSTSUPERSCRIPT]] \left[[[OPEN]] \delta_{1}\atop\delta_{2}[[UNKNOWN]] \right][[CLOSE]] ([[OPEN]] 0[[NUMBER]] ,[[PUNCT]] τ[[UNKNOWN]] )[[CLOSE]] θ[[UNKNOWN]] \left[[[OPEN]] \delta_{1}\atop\delta_{2}[[UNKNOWN]] \right][[CLOSE]] ([[OPEN]] 0[[NUMBER]] ,[[PUNCT]] τ[[UNKNOWN]] )[[CLOSE]] \theta\left[\delta_{1}\atop\delta_{2}\right](iv^{i},\tau)\over\theta\left[{1\over2}\atop{1\over2}\right](iv^{i},\tau)[[UNKNOWN]] \theta\left[\delta_{1}\atop\delta_{2}\right](iv^{j},\tau)\over\theta\left[{1\over2}\atop{1\over2}\right](iv^{j},\tau)[[UNKNOWN]]
Warning:not_parsed:POSTSUBSCRIPT.RELOP.NUMBER>PUNCT MathParser failed to match rule 'Anything'
	at 0302221.tex; line 2748 col 0 - line 2748 col 62
	In "$\ \delta_{1}=0\ \ ,\ \ \delta_{2}=0$"
	δ[[UNKNOWN]] _{1}[[POSTSUBSCRIPT]] =[[RELOP]] 0[[NUMBER]]
	        > $\ \delta_{1}=0\ \ ,\ \ \delta_{2}=0$[[PUNCT]] ,[[PUNCT]] δ[[UNKNOWN]] _{2}[[POSTSUBSCRIPT]] =[[RELOP]] 0[[NUMBER]]
Warning:not_parsed:POSTSUBSCRIPT.RELOP.NUMBER>PUNCT MathParser failed to match rule 'Anything'
	at 0302221.tex; line 2748 col 0 - line 2748 col 62
	In "$\ \delta_{1}=0\ \ ,\ \ \delta_{2}={1\over 2}$"
	δ[[UNKNOWN]] _{1}[[POSTSUBSCRIPT]] =[[RELOP]] 0[[NUMBER]]
	        > $\ \delta_{1}=0\ \ ,\ \ \delta_{2}={1\over2}$[[PUNCT]] ,[[PUNCT]] δ[[UNKNOWN]] _{2}[[POSTSUBSCRIPT]] =[[RELOP]] 1\over2[[UNKNOWN]]
Warning:not_parsed:POSTSUBSCRIPT.RELOP.ATOM>PUNCT MathParser failed to match rule 'Anything'
	at 0302221.tex; line 2748 col 0 - line 2748 col 62
	In "$\ \delta_{1}={1\over 2}\ \ ,\ \ \delta_{2}=0$"
	δ[[UNKNOWN]] _{1}[[POSTSUBSCRIPT]] =[[RELOP]] 1\over2[[UNKNOWN]]
	        > $\ \delta_{1}={1\over2}\ \ ,\ \ \delta_{2}=0$[[PUNCT]] ,[[PUNCT]] δ[[UNKNOWN]] _{2}[[POSTSUBSCRIPT]] =[[RELOP]] 0[[NUMBER]]
Warning:not_parsed:POSTSUBSCRIPT.RELOP.ATOM>PUNCT MathParser failed to match rule 'Anything'
	at 0302221.tex; line 2748 col 0 - line 2748 col 62
	In "$\ \delta_{1}={1\over 2}\ \ ,\ \ \delta_{2}={1\over 2}$"
	δ[[UNKNOWN]] _{1}[[POSTSUBSCRIPT]] =[[RELOP]] 1\over2[[UNKNOWN]]
	        > $\ \delta_{1}={1\over2}\ \ ,\ \ \delta_{2}={1\over2}$[[PUNCT]] ,[[PUNCT]] δ[[UNKNOWN]] _{2}[[POSTSUBSCRIPT]] =[[RELOP]] 1\over2[[UNKNOWN]]
Warning:not_parsed:ATOM.RELOP.NUMBER>PUNCT MathParser failed to match rule 'Anything'
	at 0302221.tex; line 2748 col 0 - line 2748 col 62
	In "$\ \delta_{1}=0\ \ ,\ \ \delta_{2}=0$"
	$\ \delta_{1}=0\ \ ,\ \ \delta_{2}=0$[[UNKNOWN]] =[[RELOP]] 0[[NUMBER]]
	        > $\ \delta_{1}=0\ \ ,\ \ \delta_{2}=0$[[PUNCT]] ,[[PUNCT]] $\ \delta_{1}=0\ \ ,\ \ \delta_{2}=0$[[UNKNOWN]] =[[RELOP]] 0[[NUMBER]]
Warning:not_parsed:ATOM.RELOP.NUMBER>PUNCT MathParser failed to match rule 'Anything'
	at 0302221.tex; line 2748 col 0 - line 2748 col 62
	In "$\ \delta_{1}=0\ \ ,\ \ \delta_{2}={1\over 2}$"
	$\ \delta_{1}=0\ \ ,\ \ \delta_{2}={1\over2}$[[UNKNOWN]] =[[RELOP]] 0[[NUMBER]]
	        > $\ \delta_{1}=0\ \ ,\ \ \delta_{2}={1\over2}$[[PUNCT]] ,[[PUNCT]] $\ \delta_{1}=0\ \ ,\ \ \delta_{2}={1\over2}$[[UNKNOWN]] =[[RELOP]] 1\over2[[UNKNOWN]]
Warning:not_parsed:ATOM.RELOP.ATOM>PUNCT MathParser failed to match rule 'Anything'
	at 0302221.tex; line 2748 col 0 - line 2748 col 62
	In "$\ \delta_{1}={1\over 2}\ \ ,\ \ \delta_{2}=0$"
	$\ \delta_{1}={1\over2}\ \ ,\ \ \delta_{2}=0$[[UNKNOWN]] =[[RELOP]] 1\over2[[UNKNOWN]]
	        > $\ \delta_{1}={1\over2}\ \ ,\ \ \delta_{2}=0$[[PUNCT]] ,[[PUNCT]] $\ \delta_{1}={1\over2}\ \ ,\ \ \delta_{2}=0$[[UNKNOWN]] =[[RELOP]] 0[[NUMBER]]
Warning:not_parsed:ATOM.RELOP.ATOM>PUNCT MathParser failed to match rule 'Anything'
	at 0302221.tex; line 2748 col 0 - line 2748 col 62
	In "$\ \delta_{1}={1\over 2}\ \ ,\ \ \delta_{2}={1\over 2}$"
	$\ \delta_{1}={1\over2}\ \ ,\ \ \delta_{2}={1\over2}$[[UNKNOWN]] =[[RELOP]] 1\over2[[UNKNOWN]]
	        > $\ \delta_{1}={1\over2}\ \ ,\ \ \delta_{2}={1\over2}$[[PUNCT]] ,[[PUNCT]] $\ \delta_{1}={1\over2}\ \ ,\ \ \delta_{2}={1\over2}$[[UNKNOWN]] =[[RELOP]] 1\over2[[UNKNOWN]]
Warning:not_parsed:ATOM.RELOP.NUMBER>PUNCT MathParser failed to match rule 'Anything'
	at 0302221.tex; line 2748 col 0 - line 2748 col 62
	In "$\ \delta_{1}=0\ \ ,\ \ \delta_{2}=0$"
	$\ \delta_{1}=0\ \ ,\ \ \delta_{2}=0$[[UNKNOWN]] =[[RELOP]] 0[[NUMBER]]
	        > $\ \delta_{1}=0\ \ ,\ \ \delta_{2}=0$[[PUNCT]] ,[[PUNCT]] $\ \delta_{1}=0\ \ ,\ \ \delta_{2}=0$[[UNKNOWN]] =[[RELOP]] 0[[NUMBER]]
Warning:not_parsed:ATOM.RELOP.NUMBER>PUNCT MathParser failed to match rule 'Anything'
	at 0302221.tex; line 2748 col 0 - line 2748 col 62
	In "$\ \delta_{1}=0\ \ ,\ \ \delta_{2}={1\over 2}$"
	$\ \delta_{1}=0\ \ ,\ \ \delta_{2}={1\over2}$[[UNKNOWN]] =[[RELOP]] 0[[NUMBER]]
	        > $\ \delta_{1}=0\ \ ,\ \ \delta_{2}={1\over2}$[[PUNCT]] ,[[PUNCT]] $\ \delta_{1}=0\ \ ,\ \ \delta_{2}={1\over2}$[[UNKNOWN]] =[[RELOP]] 1\over2[[UNKNOWN]]
Warning:not_parsed:ATOM.RELOP.ATOM>PUNCT MathParser failed to match rule 'Anything'
	at 0302221.tex; line 2748 col 0 - line 2748 col 62
	In "$\ \delta_{1}={1\over 2}\ \ ,\ \ \delta_{2}=0$"
	$\ \delta_{1}={1\over2}\ \ ,\ \ \delta_{2}=0$[[UNKNOWN]] =[[RELOP]] 1\over2[[UNKNOWN]]
	        > $\ \delta_{1}={1\over2}\ \ ,\ \ \delta_{2}=0$[[PUNCT]] ,[[PUNCT]] $\ \delta_{1}={1\over2}\ \ ,\ \ \delta_{2}=0$[[UNKNOWN]] =[[RELOP]] 0[[NUMBER]]
Warning:not_parsed:ATOM.RELOP.ATOM>PUNCT MathParser failed to match rule 'Anything'
	at 0302221.tex; line 2748 col 0 - line 2748 col 62
	In "$\ \delta_{1}={1\over 2}\ \ ,\ \ \delta_{2}={1\over 2}$"
	$\ \delta_{1}={1\over2}\ \ ,\ \ \delta_{2}={1\over2}$[[UNKNOWN]] =[[RELOP]] 1\over2[[UNKNOWN]]
	        > $\ \delta_{1}={1\over2}\ \ ,\ \ \delta_{2}={1\over2}$[[PUNCT]] ,[[PUNCT]] $\ \delta_{1}={1\over2}\ \ ,\ \ \delta_{2}={1\over2}$[[UNKNOWN]] =[[RELOP]] 1\over2[[UNKNOWN]]
Warning:not_parsed:SUMOP.POSTSUBSCRIPT.POSTSUPERSCRIPT>OPEN MathParser failed to match rule 'Anything'
	at 0302221.tex; line 2808 col 0 - line 2808 col 62
	In "$$\eqalign{l^{-1}\ \left.\widetilde{A}^{d=3}_{aa^{\prime}}(B)\right|_{R}&%
	\rightarrow I_{aa^{\prime}}\ \beta_{aa^{\prime}}\cot(\pi\epsilon_{aa^{\prime}}%
	)\prod\limits_{j=1}^{3}\cot(i\pi v_{aa^{\prime}}^{j})\cr&=(1-\pi^{2}q_{a}q_{a^%
	{\prime}}B^{2})\cr&\times\prod\limits_{j=1}^{3}\left[{R_{1}^{j}\over R_{2}^{j}%
	}n_{a}^{j}n_{a^{\prime}}^{j}+{R_{2}^{j}\over R_{1}^{j}}m_{a}^{j}m_{a^{\prime}}%
	^{j}+(n_{a}^{j}m_{a^{\prime}}^{j}+n_{a^{\prime}}^{j}m_{a}^{j})\cos\alpha^{j}%
	\right]\ {1\over\sin\alpha^{j}}\ ,\cr l^{-1}\ \left.\widetilde{A}^{d=2}_{aa^{%
	\prime}}(B)\right|_{R}&\rightarrow(1-\pi^{2}q_{a}q_{a^{\prime}}B^{2})\ I_{aa^{%
	\prime}}^{1}I_{aa^{\prime}}^{2}V_{a}^{3}\cr&\times\prod\limits_{j=1}^{2}\left[%
	{R_{1}^{j}\over R_{2}^{j}}n_{a}^{j}n_{a^{\prime}}^{j}+{R_{2}^{j}\over R_{1}^{j%
	}}m_{a}^{j}m_{a^{\prime}}^{j}+(n_{a}^{j}m_{a^{\prime}}^{j}+n_{a^{\prime}}^{j}m%
	_{a}^{j})\cos\alpha^{j}\right]\ {1\over\sin\alpha^{j}}}$$"
	×[[MULOP]] ∏[[SUMOP]] _{j=1}[[POSTSUBSCRIPT]] ^{3}[[POSTSUPERSCRIPT]]
	        > \left[[[OPEN]] R_{1}^{j}\overR_{2}^{j}[[UNKNOWN]] n[[UNKNOWN]] _{a}[[POSTSUBSCRIPT]] ^{j}[[POSTSUPERSCRIPT]] n[[UNKNOWN]] _{a^{\prime}}[[POSTSUBSCRIPT]] ^{j}[[POSTSUPERSCRIPT]] +[[ADDOP]] R_{2}^{j}\overR_{1}^{j}[[UNKNOWN]] m[[UNKNOWN]] _{a}[[POSTSUBSCRIPT]] ^{j}[[POSTSUPERSCRIPT]] m[[UNKNOWN]] _{a^{\prime}}[[POSTSUBSCRIPT]] ^{j}[[POSTSUPERSCRIPT]] +[[ADDOP]] ([[OPEN]] n[[UNKNOWN]] _{a}[[POSTSUBSCRIPT]] ^{j}[[POSTSUPERSCRIPT]] m[[UNKNOWN]] _{a^{\prime}}[[POSTSUBSCRIPT]] ^{j}[[POSTSUPERSCRIPT]] +[[ADDOP]] n[[UNKNOWN]] _{a^{\prime}}[[POSTSUBSCRIPT]] ^{j}[[POSTSUPERSCRIPT]] m[[UNKNOWN]] _{a}[[POSTSUBSCRIPT]] ^{j}[[POSTSUPERSCRIPT]] )[[CLOSE]] cos[[TRIGFUNCTION]] α[[UNKNOWN]] ^{j}[[POSTSUPERSCRIPT]] \right][[CLOSE]] 1\over\sin\alpha^{j}[[UNKNOWN]]
Warning:not_parsed:SUMOP.POSTSUBSCRIPT.POSTSUPERSCRIPT>OPEN MathParser failed to match rule 'Anything'
	at 0302221.tex; line 2808 col 0 - line 2808 col 62
	×[[MULOP]] ∏[[SUMOP]] _{j=1}[[POSTSUBSCRIPT]] ^{2}[[POSTSUPERSCRIPT]]
	        > \left[[[OPEN]] R_{1}^{j}\overR_{2}^{j}[[UNKNOWN]] n[[UNKNOWN]] _{a}[[POSTSUBSCRIPT]] ^{j}[[POSTSUPERSCRIPT]] n[[UNKNOWN]] _{a^{\prime}}[[POSTSUBSCRIPT]] ^{j}[[POSTSUPERSCRIPT]] +[[ADDOP]] R_{2}^{j}\overR_{1}^{j}[[UNKNOWN]] m[[UNKNOWN]] _{a}[[POSTSUBSCRIPT]] ^{j}[[POSTSUPERSCRIPT]] m[[UNKNOWN]] _{a^{\prime}}[[POSTSUBSCRIPT]] ^{j}[[POSTSUPERSCRIPT]] +[[ADDOP]] ([[OPEN]] n[[UNKNOWN]] _{a}[[POSTSUBSCRIPT]] ^{j}[[POSTSUPERSCRIPT]] m[[UNKNOWN]] _{a^{\prime}}[[POSTSUBSCRIPT]] ^{j}[[POSTSUPERSCRIPT]] +[[ADDOP]] n[[UNKNOWN]] _{a^{\prime}}[[POSTSUBSCRIPT]] ^{j}[[POSTSUPERSCRIPT]] m[[UNKNOWN]] _{a}[[POSTSUBSCRIPT]] ^{j}[[POSTSUPERSCRIPT]] )[[CLOSE]] cos[[TRIGFUNCTION]] α[[UNKNOWN]] ^{j}[[POSTSUPERSCRIPT]] \right][[CLOSE]] 1\over\sin\alpha^{j}[[UNKNOWN]]
Warning:not_parsed:MULOP>OPEN MathParser failed to match rule 'Anything'
	at 0302221.tex; line 2849 col 0 - line 2849 col 57
	In "$$\eqalign{l^{-1}\ \left.\widetilde{A}^{d=3}_{aa^{\prime}}(B)\right|_{NS}&%
	\rightarrow-{i\over 2}\ \ {I_{aa^{\prime}}\over\sinh(\pi v_{aa^{\prime}}^{1})%
	\sinh(\pi v_{aa^{\prime}}^{2})\sinh(\pi v_{aa^{\prime}}^{3})}\cr&\times\left\{%
	{(1-\pi^{2}q_{a}q_{a^{\prime}}B^{2})^{2}\over\sqrt{1+\pi^{2}q_{a}^{2}B^{2}}%
	\sqrt{1+\pi^{2}q_{a^{\prime}}^{2}B^{2}}}+{1\over 2}\sqrt{1+\pi^{2}q_{a}^{2}B^{%
	2}}\sqrt{1+\pi^{2}q_{a^{\prime}}^{2}B^{2}}\right.\cr&\times\left.[-1+\cosh(2%
	\pi v_{aa^{\prime}}^{1})+\cosh(2\pi v_{aa^{\prime}}^{2})+\cosh(2\pi v_{aa^{%
	\prime}}^{3})]\right\},\cr l^{-1}\ \left.\widetilde{A}^{d=2}_{aa^{\prime}}(B)%
	\right|_{NS}&\rightarrow{1\over 2}\ V_{a}^{3}\ {I^{1}_{aa^{\prime}}I^{2}_{aa^{%
	\prime}}\over\sinh(\pi v_{aa^{\prime}}^{1})\sinh(\pi v_{aa^{\prime}}^{2})}%
	\left\{{(1-\pi^{2}q_{a}q_{a^{\prime}}B^{2})^{2}\over\sqrt{1+\pi^{2}q_{a}^{2}B^%
	{2}}\sqrt{1+\pi^{2}q_{a^{\prime}}^{2}B^{2}}}\right.\cr&+\left.{1\over 2}\sqrt{%
	1+\pi^{2}q_{a}^{2}B^{2}}\ \sqrt{1+\pi^{2}q_{a^{\prime}}^{2}B^{2}}[\cosh(2\pi v%
	_{aa^{\prime}}^{1})+\cosh(2\pi v_{aa^{\prime}}^{2})]\right\},\cr l^{-1}\ \left%
	.\widetilde{A}^{d=0}_{aa^{\prime}}(B)\right|_{NS}&\rightarrow\prod\limits_{j=1%
	}^{d}V_{a}^{j}\cr&\times\left\{{1\over 2}{\pi^{2}\ (q_{a}+q_{a^{\prime}})^{2}%
	\ B^{2}\over\sqrt{1+\pi^{2}q_{a}^{2}B^{2}}\sqrt{1+\pi^{2}q_{a^{\prime}}^{2}B^{%
	2}}}-\sqrt{1+\pi^{2}q_{a}^{2}B^{2}}\sqrt{1+\pi^{2}q_{a^{\prime}}^{2}B^{2}}%
	\right\}\ .}$$"
	×[[MULOP]]
	        > \left\{[[OPEN]] (1-\pi^{2}q_{a}q_{a^{\prime}}B^{2})^{2}\over\sqrt{1+\pi^{2}q_{a}^{2}B^{2}}\sqrt{1+\pi^{2}q_{a^{\prime}}^{2}B^{2}}[[UNKNOWN]] +[[ADDOP]] 1\over2[[UNKNOWN]] \sqrt{1+\pi^{2}q_{a}^{2}B^{2}}[[UNKNOWN]] \sqrt{1+\pi^{2}q_{a^{\prime}}^{2}B^{2}}[[UNKNOWN]]
Warning:not_parsed:POSTSUPERSCRIPT.CLOSE.CLOSE>CLOSE MathParser failed to match rule 'Anything'
	at 0302221.tex; line 2849 col 0 - line 2849 col 57
	×[[MULOP]] [[[OPEN]] -[[ADDOP]] 1[[NUMBER]] +[[ADDOP]] cosh[[TRIGFUNCTION]] ([[OPEN]] 2[[NUMBER]] π[[UNKNOWN]] v[[UNKNOWN]] _{aa^{\prime}}[[POSTSUBSCRIPT]] ^{1}[[POSTSUPERSCRIPT]] )[[CLOSE]] +[[ADDOP]] cosh[[TRIGFUNCTION]] ([[OPEN]] 2[[NUMBER]] π[[UNKNOWN]] v[[UNKNOWN]] _{aa^{\prime}}[[POSTSUBSCRIPT]] ^{2}[[POSTSUPERSCRIPT]] )[[CLOSE]] +[[ADDOP]] cosh[[TRIGFUNCTION]] ([[OPEN]] 2[[NUMBER]] π[[UNKNOWN]] v[[UNKNOWN]] _{aa^{\prime}}[[POSTSUBSCRIPT]] ^{3}[[POSTSUPERSCRIPT]] )[[CLOSE]] ][[CLOSE]]
	        > \right\}[[CLOSE]]
Warning:not_parsed:POSTSUBSCRIPT.POSTSUPERSCRIPT.ATOM>OPEN MathParser failed to match rule 'Anything'
	at 0302221.tex; line 2849 col 0 - line 2849 col 57
	→[[ARROW]] 1\over2[[UNKNOWN]] V[[UNKNOWN]] _{a}[[POSTSUBSCRIPT]] ^{3}[[POSTSUPERSCRIPT]] I^{1}_{aa^{\prime}}I^{2}_{aa^{\prime}}\over\sinh(\piv_{aa^{\prime}}^{1})\sinh(\piv_{aa^{\prime}}^{2})[[UNKNOWN]]
	        > \left\{[[OPEN]] (1-\pi^{2}q_{a}q_{a^{\prime}}B^{2})^{2}\over\sqrt{1+\pi^{2}q_{a}^{2}B^{2}}\sqrt{1+\pi^{2}q_{a^{\prime}}^{2}B^{2}}[[UNKNOWN]]
Warning:not_parsed:POSTSUPERSCRIPT.CLOSE.CLOSE>CLOSE MathParser failed to match rule 'Anything'
	at 0302221.tex; line 2849 col 0 - line 2849 col 57
	+[[ADDOP]] 1\over2[[UNKNOWN]] \sqrt{1+\pi^{2}q_{a}^{2}B^{2}}[[UNKNOWN]] \sqrt{1+\pi^{2}q_{a^{\prime}}^{2}B^{2}}[[UNKNOWN]] [[[OPEN]] cosh[[TRIGFUNCTION]] ([[OPEN]] 2[[NUMBER]] π[[UNKNOWN]] v[[UNKNOWN]] _{aa^{\prime}}[[POSTSUBSCRIPT]] ^{1}[[POSTSUPERSCRIPT]] )[[CLOSE]] +[[ADDOP]] cosh[[TRIGFUNCTION]] ([[OPEN]] 2[[NUMBER]] π[[UNKNOWN]] v[[UNKNOWN]] _{aa^{\prime}}[[POSTSUBSCRIPT]] ^{2}[[POSTSUPERSCRIPT]] )[[CLOSE]] ][[CLOSE]]
	        > \right\}[[CLOSE]]
Warning:not_parsed:UNKNOWN.UNKNOWN.POSTSUBSCRIPT>OPEN MathParser failed to match rule 'Anything'
	at 0302221.tex; line 2880 col 0 - line 2880 col 70
	In "$$\eqalign{l^{-1}\ \left.\widetilde{A}^{d=3}_{ab}(B)\right|_{NS}&\rightarrow-i%
	\ I_{ab}\ \left\{\prod\limits_{j=1}^{3}\coth(\pi v_{ab}^{j})\right.\cr&\left.+%
	{1\over 2}\pi^{2}q_{a}^{2}B^{2}\ \left[\prod\limits_{j=1}^{3}\coth(\pi v_{ab}^%
	{j})-\prod\limits_{j=1}^{3}{1\over\sinh(\pi v_{ab}^{j})}\right]\right\}+{\cal O%
	}(B^{4})\ ,\cr l^{-1}\ \left.\widetilde{A}^{d=2}_{ab}(B)\right|_{NS}&%
	\rightarrow I^{1}_{ab}I^{2}_{ab}\ V_{a}^{3}\ \left\{\prod\limits_{j=1}^{2}%
	\coth(\pi v_{ab}^{j})\right.\cr&\left.+{1\over 2}\pi^{2}q_{a}^{2}B^{2}\ \left[%
	\prod\limits_{j=1}^{2}\coth(\pi v_{ab}^{j})-\prod\limits_{j=1}^{2}{1\over\sinh%
	(\pi v_{ab}^{j})}\right]\right\}+{\cal O}(B^{4})\ .}$$"
	→[[ARROW]] -[[ADDOP]] i[[UNKNOWN]] I[[UNKNOWN]] _{ab}[[POSTSUBSCRIPT]]
	        > \left\{[[OPEN]] ∏[[SUMOP]] _{j=1}[[POSTSUBSCRIPT]] ^{3}[[POSTSUPERSCRIPT]] coth[[TRIGFUNCTION]] ([[OPEN]] π[[UNKNOWN]] v[[UNKNOWN]] _{ab}[[POSTSUBSCRIPT]] ^{j}[[POSTSUPERSCRIPT]] )[[CLOSE]]
Warning:not_parsed:POSTSUPERSCRIPT.ATOM.CLOSE>CLOSE MathParser failed to match rule 'Anything'
	at 0302221.tex; line 2880 col 0 - line 2880 col 70
	+[[ADDOP]] 1\over2[[UNKNOWN]] π[[UNKNOWN]] ^{2}[[POSTSUPERSCRIPT]] q[[UNKNOWN]] _{a}[[POSTSUBSCRIPT]] ^{2}[[POSTSUPERSCRIPT]] B[[UNKNOWN]] ^{2}[[POSTSUPERSCRIPT]] \left[[[OPEN]] ∏[[SUMOP]] _{j=1}[[POSTSUBSCRIPT]] ^{3}[[POSTSUPERSCRIPT]] coth[[TRIGFUNCTION]] ([[OPEN]] π[[UNKNOWN]] v[[UNKNOWN]] _{ab}[[POSTSUBSCRIPT]] ^{j}[[POSTSUPERSCRIPT]] )[[CLOSE]] -[[ADDOP]] ∏[[SUMOP]] _{j=1}[[POSTSUBSCRIPT]] ^{3}[[POSTSUPERSCRIPT]] 1\over\sinh(\piv_{ab}^{j})[[UNKNOWN]] \right][[CLOSE]]
	        > \right\}[[CLOSE]] +[[ADDOP]] O[[UNKNOWN]] ([[OPEN]] B[[UNKNOWN]] ^{4}[[POSTSUPERSCRIPT]] )[[CLOSE]]
Warning:not_parsed:UNKNOWN.POSTSUBSCRIPT.POSTSUPERSCRIPT>OPEN MathParser failed to match rule 'Anything'
	at 0302221.tex; line 2880 col 0 - line 2880 col 70
	→[[ARROW]] I[[UNKNOWN]] ^{1}[[POSTSUPERSCRIPT]] _{ab}[[POSTSUBSCRIPT]] I[[UNKNOWN]] ^{2}[[POSTSUPERSCRIPT]] _{ab}[[POSTSUBSCRIPT]] V[[UNKNOWN]] _{a}[[POSTSUBSCRIPT]] ^{3}[[POSTSUPERSCRIPT]]
	        > \left\{[[OPEN]] ∏[[SUMOP]] _{j=1}[[POSTSUBSCRIPT]] ^{2}[[POSTSUPERSCRIPT]] coth[[TRIGFUNCTION]] ([[OPEN]] π[[UNKNOWN]] v[[UNKNOWN]] _{ab}[[POSTSUBSCRIPT]] ^{j}[[POSTSUPERSCRIPT]] )[[CLOSE]]
Warning:not_parsed:POSTSUPERSCRIPT.ATOM.CLOSE>CLOSE MathParser failed to match rule 'Anything'
	at 0302221.tex; line 2880 col 0 - line 2880 col 70
	+[[ADDOP]] 1\over2[[UNKNOWN]] π[[UNKNOWN]] ^{2}[[POSTSUPERSCRIPT]] q[[UNKNOWN]] _{a}[[POSTSUBSCRIPT]] ^{2}[[POSTSUPERSCRIPT]] B[[UNKNOWN]] ^{2}[[POSTSUPERSCRIPT]] \left[[[OPEN]] ∏[[SUMOP]] _{j=1}[[POSTSUBSCRIPT]] ^{2}[[POSTSUPERSCRIPT]] coth[[TRIGFUNCTION]] ([[OPEN]] π[[UNKNOWN]] v[[UNKNOWN]] _{ab}[[POSTSUBSCRIPT]] ^{j}[[POSTSUPERSCRIPT]] )[[CLOSE]] -[[ADDOP]] ∏[[SUMOP]] _{j=1}[[POSTSUBSCRIPT]] ^{2}[[POSTSUPERSCRIPT]] 1\over\sinh(\piv_{ab}^{j})[[UNKNOWN]] \right][[CLOSE]]
	        > \right\}[[CLOSE]] +[[ADDOP]] O[[UNKNOWN]] ([[OPEN]] B[[UNKNOWN]] ^{4}[[POSTSUPERSCRIPT]] )[[CLOSE]]
Warning:not_parsed:UNKNOWN.UNKNOWN.POSTSUBSCRIPT>OPEN MathParser failed to match rule 'Anything'
	at 0302221.tex; line 2903 col 0 - line 2903 col 58
	In "$$\eqalign{l^{-1}\ \left.\widetilde{A}^{d=3}_{aa^{\prime}}(B)\right|_{NS}&%
	\rightarrow-iI_{aa^{\prime}}\ \left\{\prod\limits_{j=1}^{3}\coth(\pi v^{j}_{aa%
	^{\prime}})\right.\cr&\hskip-56.905512pt\left.+{1\over 2}\pi^{2}B^{2}\left[(q_%
	{a}^{2}+q_{a^{\prime}}^{2})\ \prod\limits_{j=1}^{3}\coth(\pi v^{j}_{aa^{\prime%
	}})-(q_{a}+q_{a^{\prime}})^{2}\ \prod\limits_{j=1}^{3}{1\over\sinh(\pi v^{j}_{%
	aa^{\prime}})}\right]\right\}+{\cal O}(B^{4})\ ,\cr l^{-1}\ \left.\widetilde{A%
	}^{d=2}_{aa^{\prime}}(B)\right|_{NS}&\rightarrow I_{aa^{\prime}}^{1}I_{aa^{%
	\prime}}^{2}\ V_{a}^{3}\ \left\{\prod\limits_{j=1}^{2}\coth(\pi v^{j}_{aa^{%
	\prime}})\right.\cr&\hskip-56.905512pt\left.+{1\over 2}\pi^{2}\ B^{2}\ \left[(%
	q_{a}^{2}+q_{a^{\prime}}^{2})\ \prod\limits_{j=1}^{2}\coth(\pi v^{j}_{aa^{%
	\prime}})-(q_{a}+q_{a^{\prime}})^{2}\ \prod\limits_{j=1}^{2}{1\over\sinh(\pi v%
	^{j}_{aa^{\prime}})}\right]\right\}+{\cal O}(B^{4})\ ,\cr l^{-1}\ \left.%
	\widetilde{A}^{d=0}_{aa^{\prime}}(B)\right|_{NS}&\rightarrow(-1+B^{2}\pi^{2}q_%
	{a}q_{a^{\prime}})\ \prod_{j=1}^{3}V_{a}^{j}\cr&\hskip-56.905512pt=(-1+B^{2}%
	\pi^{2}q_{a}q_{a^{\prime}})\ \prod\limits_{j=1}^{3}\left[{R_{1}^{j}\over R_{2}%
	^{j}}(n_{a}^{j})^{2}+{R_{2}^{j}\over R_{1}^{j}}(m_{a}^{j})^{2}+2n_{a}^{j}m_{a}%
	^{j}\cos\alpha^{j}\right]\ {1\over\sin\alpha^{j}}+{\cal O}(B^{4})\ .}$$"
	→[[ARROW]] -[[ADDOP]] i[[UNKNOWN]] I[[UNKNOWN]] _{aa^{\prime}}[[POSTSUBSCRIPT]]
	        > \left\{[[OPEN]] ∏[[SUMOP]] _{j=1}[[POSTSUBSCRIPT]] ^{3}[[POSTSUPERSCRIPT]] coth[[TRIGFUNCTION]] ([[OPEN]] π[[UNKNOWN]] v[[UNKNOWN]] ^{j}[[POSTSUPERSCRIPT]] _{aa^{\prime}}[[POSTSUBSCRIPT]] )[[CLOSE]]
Warning:not_parsed:POSTSUPERSCRIPT.ATOM.CLOSE>CLOSE MathParser failed to match rule 'Anything'
	at 0302221.tex; line 2903 col 0 - line 2903 col 58
	+[[ADDOP]] 1\over2[[UNKNOWN]] π[[UNKNOWN]] ^{2}[[POSTSUPERSCRIPT]] B[[UNKNOWN]] ^{2}[[POSTSUPERSCRIPT]] \left[[[OPEN]] ([[OPEN]] q[[UNKNOWN]] _{a}[[POSTSUBSCRIPT]] ^{2}[[POSTSUPERSCRIPT]] +[[ADDOP]] q[[UNKNOWN]] _{a^{\prime}}[[POSTSUBSCRIPT]] ^{2}[[POSTSUPERSCRIPT]] )[[CLOSE]] ∏[[SUMOP]] _{j=1}[[POSTSUBSCRIPT]] ^{3}[[POSTSUPERSCRIPT]] coth[[TRIGFUNCTION]] ([[OPEN]] π[[UNKNOWN]] v[[UNKNOWN]] ^{j}[[POSTSUPERSCRIPT]] _{aa^{\prime}}[[POSTSUBSCRIPT]] )[[CLOSE]] -[[ADDOP]] ([[OPEN]] q[[UNKNOWN]] _{a}[[POSTSUBSCRIPT]] +[[ADDOP]] q[[UNKNOWN]] _{a^{\prime}}[[POSTSUBSCRIPT]] )[[CLOSE]] ^{2}[[POSTSUPERSCRIPT]] ∏[[SUMOP]] _{j=1}[[POSTSUBSCRIPT]] ^{3}[[POSTSUPERSCRIPT]] 1\over\sinh(\piv^{j}_{aa^{\prime}})[[UNKNOWN]] \right][[CLOSE]]
	        > \right\}[[CLOSE]] +[[ADDOP]] O[[UNKNOWN]] ([[OPEN]] B[[UNKNOWN]] ^{4}[[POSTSUPERSCRIPT]] )[[CLOSE]]
Warning:not_parsed:UNKNOWN.POSTSUBSCRIPT.POSTSUPERSCRIPT>OPEN MathParser failed to match rule 'Anything'
	at 0302221.tex; line 2903 col 0 - line 2903 col 58
	→[[ARROW]] I[[UNKNOWN]] _{aa^{\prime}}[[POSTSUBSCRIPT]] ^{1}[[POSTSUPERSCRIPT]] I[[UNKNOWN]] _{aa^{\prime}}[[POSTSUBSCRIPT]] ^{2}[[POSTSUPERSCRIPT]] V[[UNKNOWN]] _{a}[[POSTSUBSCRIPT]] ^{3}[[POSTSUPERSCRIPT]]
	        > \left\{[[OPEN]] ∏[[SUMOP]] _{j=1}[[POSTSUBSCRIPT]] ^{2}[[POSTSUPERSCRIPT]] coth[[TRIGFUNCTION]] ([[OPEN]] π[[UNKNOWN]] v[[UNKNOWN]] ^{j}[[POSTSUPERSCRIPT]] _{aa^{\prime}}[[POSTSUBSCRIPT]] )[[CLOSE]]
Warning:not_parsed:POSTSUPERSCRIPT.ATOM.CLOSE>CLOSE MathParser failed to match rule 'Anything'
	at 0302221.tex; line 2903 col 0 - line 2903 col 58
	+[[ADDOP]] 1\over2[[UNKNOWN]] π[[UNKNOWN]] ^{2}[[POSTSUPERSCRIPT]] B[[UNKNOWN]] ^{2}[[POSTSUPERSCRIPT]] \left[[[OPEN]] ([[OPEN]] q[[UNKNOWN]] _{a}[[POSTSUBSCRIPT]] ^{2}[[POSTSUPERSCRIPT]] +[[ADDOP]] q[[UNKNOWN]] _{a^{\prime}}[[POSTSUBSCRIPT]] ^{2}[[POSTSUPERSCRIPT]] )[[CLOSE]] ∏[[SUMOP]] _{j=1}[[POSTSUBSCRIPT]] ^{2}[[POSTSUPERSCRIPT]] coth[[TRIGFUNCTION]] ([[OPEN]] π[[UNKNOWN]] v[[UNKNOWN]] ^{j}[[POSTSUPERSCRIPT]] _{aa^{\prime}}[[POSTSUBSCRIPT]] )[[CLOSE]] -[[ADDOP]] ([[OPEN]] q[[UNKNOWN]] _{a}[[POSTSUBSCRIPT]] +[[ADDOP]] q[[UNKNOWN]] _{a^{\prime}}[[POSTSUBSCRIPT]] )[[CLOSE]] ^{2}[[POSTSUPERSCRIPT]] ∏[[SUMOP]] _{j=1}[[POSTSUBSCRIPT]] ^{2}[[POSTSUPERSCRIPT]] 1\over\sinh(\piv^{j}_{aa^{\prime}})[[UNKNOWN]] \right][[CLOSE]]
	        > \right\}[[CLOSE]] +[[ADDOP]] O[[UNKNOWN]] ([[OPEN]] B[[UNKNOWN]] ^{4}[[POSTSUPERSCRIPT]] )[[CLOSE]]
Warning:not_parsed:UNKNOWN.POSTSUPERSCRIPT.POSTSUBSCRIPT>OPEN MathParser failed to match rule 'Anything'
	at 0302221.tex; line 2917 col 0 - line 2917 col 71
	In "$$\eqalign{l^{-1}\ \left.\widetilde{M}^{k;d=3}_{a,\Omega{\cal R}\theta^{k}a}(B%
	)\right|_{NS}&\rightarrow 8i\ I^{k}_{a,\Omega{\cal R}\theta^{k}a}\ \left\{%
	\prod\limits_{j=1}^{3}\coth(\pi v_{a}^{k;j})\right.\cr&\left.+{1\over 2}\pi^{2%
	}q_{a}^{2}B^{2}\ \left[\prod\limits_{j=1}^{3}\coth(\pi v_{a}^{k;j})-\prod%
	\limits_{j=1}^{3}{1\over\sinh(\pi v_{a}^{k;j})}\right]\right\}+{\cal O}(B^{4})%
	\ ,\cr l^{-1}\ \left.\widetilde{M}^{k;d=2}_{a,\Omega{\cal R}\theta^{k}a}(B)%
	\right|_{NS}&\rightarrow-32\ I_{a,\Omega{\cal R}\theta^{k}a}^{k;1}I_{a,\Omega{%
	\cal R}\theta^{k}a}^{k;2}\ V^{i}_{O6_{k}}\ \left\{\prod\limits_{j=1}^{2}\coth(%
	\pi v_{a}^{k;j})\right.\cr&+\left.{1\over 2}\pi^{2}q_{a}^{2}B^{2}\ \left[\prod%
	\limits_{j=1}^{2}\coth(\pi v_{a}^{k;j})-\prod\limits_{j=1}^{2}{1\over\sinh(\pi
	v%
	_{a}^{k;j})}\right]\right\}+{\cal O}(B^{4})\ .}$$"
	→[[ARROW]] 8[[NUMBER]] i[[UNKNOWN]] I[[UNKNOWN]] ^{k}[[POSTSUPERSCRIPT]] _{a,\Omega{\calR}\theta^{k}a}[[POSTSUBSCRIPT]]
	        > \left\{[[OPEN]] ∏[[SUMOP]] _{j=1}[[POSTSUBSCRIPT]] ^{3}[[POSTSUPERSCRIPT]] coth[[TRIGFUNCTION]] ([[OPEN]] π[[UNKNOWN]] v[[UNKNOWN]] _{a}[[POSTSUBSCRIPT]] ^{k;j}[[POSTSUPERSCRIPT]] )[[CLOSE]]
Warning:not_parsed:POSTSUPERSCRIPT.ATOM.CLOSE>CLOSE MathParser failed to match rule 'Anything'
	at 0302221.tex; line 2917 col 0 - line 2917 col 71
	+[[ADDOP]] 1\over2[[UNKNOWN]] π[[UNKNOWN]] ^{2}[[POSTSUPERSCRIPT]] q[[UNKNOWN]] _{a}[[POSTSUBSCRIPT]] ^{2}[[POSTSUPERSCRIPT]] B[[UNKNOWN]] ^{2}[[POSTSUPERSCRIPT]] \left[[[OPEN]] ∏[[SUMOP]] _{j=1}[[POSTSUBSCRIPT]] ^{3}[[POSTSUPERSCRIPT]] coth[[TRIGFUNCTION]] ([[OPEN]] π[[UNKNOWN]] v[[UNKNOWN]] _{a}[[POSTSUBSCRIPT]] ^{k;j}[[POSTSUPERSCRIPT]] )[[CLOSE]] -[[ADDOP]] ∏[[SUMOP]] _{j=1}[[POSTSUBSCRIPT]] ^{3}[[POSTSUPERSCRIPT]] 1\over\sinh(\piv_{a}^{k;j})[[UNKNOWN]] \right][[CLOSE]]
	        > \right\}[[CLOSE]] +[[ADDOP]] O[[UNKNOWN]] ([[OPEN]] B[[UNKNOWN]] ^{4}[[POSTSUPERSCRIPT]] )[[CLOSE]]
Warning:not_parsed:UNKNOWN.POSTSUPERSCRIPT.POSTSUBSCRIPT>OPEN MathParser failed to match rule 'Anything'
	at 0302221.tex; line 2917 col 0 - line 2917 col 71
	→[[ARROW]] -[[ADDOP]] 32[[NUMBER]] I[[UNKNOWN]] _{a,\Omega{\calR}\theta^{k}a}[[POSTSUBSCRIPT]] ^{k;1}[[POSTSUPERSCRIPT]] I[[UNKNOWN]] _{a,\Omega{\calR}\theta^{k}a}[[POSTSUBSCRIPT]] ^{k;2}[[POSTSUPERSCRIPT]] V[[UNKNOWN]] ^{i}[[POSTSUPERSCRIPT]] _{O6_{k}}[[POSTSUBSCRIPT]]
	        > \left\{[[OPEN]] ∏[[SUMOP]] _{j=1}[[POSTSUBSCRIPT]] ^{2}[[POSTSUPERSCRIPT]] coth[[TRIGFUNCTION]] ([[OPEN]] π[[UNKNOWN]] v[[UNKNOWN]] _{a}[[POSTSUBSCRIPT]] ^{k;j}[[POSTSUPERSCRIPT]] )[[CLOSE]]
Warning:not_parsed:POSTSUPERSCRIPT.ATOM.CLOSE>CLOSE MathParser failed to match rule 'Anything'
	at 0302221.tex; line 2917 col 0 - line 2917 col 71
	+[[ADDOP]] 1\over2[[UNKNOWN]] π[[UNKNOWN]] ^{2}[[POSTSUPERSCRIPT]] q[[UNKNOWN]] _{a}[[POSTSUBSCRIPT]] ^{2}[[POSTSUPERSCRIPT]] B[[UNKNOWN]] ^{2}[[POSTSUPERSCRIPT]] \left[[[OPEN]] ∏[[SUMOP]] _{j=1}[[POSTSUBSCRIPT]] ^{2}[[POSTSUPERSCRIPT]] coth[[TRIGFUNCTION]] ([[OPEN]] π[[UNKNOWN]] v[[UNKNOWN]] _{a}[[POSTSUBSCRIPT]] ^{k;j}[[POSTSUPERSCRIPT]] )[[CLOSE]] -[[ADDOP]] ∏[[SUMOP]] _{j=1}[[POSTSUBSCRIPT]] ^{2}[[POSTSUPERSCRIPT]] 1\over\sinh(\piv_{a}^{k;j})[[UNKNOWN]] \right][[CLOSE]]
	        > \right\}[[CLOSE]] +[[ADDOP]] O[[UNKNOWN]] ([[OPEN]] B[[UNKNOWN]] ^{4}[[POSTSUPERSCRIPT]] )[[CLOSE]]
 66.39 sec)
Math parsing succeeded:
   ltx:XMArg: 6922/6962
   ltx:XMath: 1221/1244
   ltx:XMWrap: 8/23
Symbols assumed as simple identifiers (with # of occurences):
   'A{italic}' (34), 'B{italic}' (143), 'C{italic}' (5), 'Delta' (88), 'D{italic}' (40), 'E{italic}' (23), 'F{caligraphic}' (1), 'F{italic}' (29), 'Gamma' (80), 'Gauge' (1), 'G{italic}' (49), 'Im' (1), 'I{italic}' (173), 'K{italic}' (1), 'L{italic}' (4), 'M{italic}' (28), 'N' (67), 'N{italic}' (186), 'Omega' (149), 'O{caligraphic}' (17), 'O{italic}' (78), 'Pi' (2), 'P{italic}' (1), 'Q{italic}' (47), 'Re' (14), 'R{bold}' (2), 'R{caligraphic}' (154), 'R{italic}' (210), 'S{italic}' (53), 'Tr' (58), 'T{italic}' (72), 'U{italic}' (118), 'V{caligraphic}' (13), 'V{italic}' (85), 'X{italic}' (1), 'Y{italic}' (10), 'Z{bold}' (51), 'Z{italic}' (4), 'alpha' (52), 'arctanh' (4), 'a{italic}' (1042), 'beta' (20), 'b{italic}' (407), 'c{italic}' (24), 'delta' (146), 'det' (1), 'd{italic}' (126), 'epsilon' (49), 'eta' (28), 'e{italic}' (32), 'f{italic}' (4), 'gamma' (46), 'group' (1), 'g{italic}' (5), 'i{italic}' (263), 'j{italic}' (90), 'kappa' (39), 'k{italic}' (275), 'lambda' (3), 'l{italic}' (110), 'mu' (11), 'm{italic}' (240), 'n{italic}' (322), 'omega' (29), 'phi' (110), 'pi' (295), 'p{italic}' (20), 'q{italic}' (106), 'rho' (27), 'r{italic}' (13), 'sigma' (4), 's{italic}' (112), 'tau' (98), 'theta' (305), 'tree' (2), 't{italic}' (83), 'v{italic}' (399), 'x{italic}' (8), 'y{italic}' (36), 'zeta' (41), 'z{italic}' (21)
Set MATHPARSER_SPECULATE to speculate on possible notations.
(Finalizing... 6.13 sec)
Conversion complete 63 warnings (See /home/user/latex-in-arxiv/0302221.latexml.log) (reqd. 1m 54.19s)
