latexml (LaTeXML version 0.8.6) processing 2003/0302053.tex
(Digesting TeX 0302053...
(Loading /usr/share/perl5/LaTeXML/Package/TeX.pool.ltxml...
(Loading /usr/share/perl5/LaTeXML/Package/eTeX.pool.ltxml... 0.01 sec)
(Loading /usr/share/perl5/LaTeXML/Package/pdfTeX.pool.ltxml... 0.01 sec) 0.21 sec)
(Processing content /home/user/latex-in-arxiv/2003/0302053.tex...
(Loading /usr/share/perl5/LaTeXML/Package/LaTeX.pool.ltxml...
(Loading /usr/share/perl5/LaTeXML/Package/textcomp.sty.ltxml...
(Processing definitions /usr/share/texlive/texmf-dist/tex/latex-dev/base/ts1enc.dfu... 0.03 sec) 1.46 sec) 1.75 sec)
Info:unexpected:\documentstyle Entering LaTeX 2.09 Compatibility mode
	at 0302053.tex; line 1 col 0 - line 1 col 50
(Loading /usr/share/perl5/LaTeXML/Package/article.cls.ltxml... 0.02 sec)
(Loading /usr/share/perl5/LaTeXML/Package/amssymb.sty.ltxml...
(Loading /usr/share/perl5/LaTeXML/Package/amsfonts.sty.ltxml... 0.00 sec) 0.03 sec)
(Loading /usr/share/perl5/LaTeXML/Package/epsfig.sty.ltxml...
(Loading /usr/share/perl5/LaTeXML/Package/graphicx.sty.ltxml...
(Loading /usr/share/perl5/LaTeXML/Package/graphics.sty.ltxml... 0.01 sec) 0.02 sec) 0.04 sec)
(Loading /usr/share/perl5/LaTeXML/Package/psfig.sty.ltxml... 0.01 sec) 9.72 sec) 9.99 sec)
(Building...
(Loading compiled schema /usr/share/perl5/LaTeXML/resources/RelaxNG/LaTeXML.model... 0.01 sec) 9.83 sec)
(Rewriting... 0.34 sec)
(Math Parsing 430 formulae ......
Warning:not_parsed:>FLOATSUPERSCRIPT MathParser failed to match rule 'Superscript'
	at 0302053.tex; line 317 col 19 - line 317 col 19
	In "\begin{equation}T_{\nu}(z)=\frac{z}{(z^{2}-\nu^{2})J_{\nu}^{2}(z)+z^{2}J_{\nu}%
	^{{}^{\prime}2}(z)}.\end{equation}"
	> {}^{\prime}[[FLOATSUPERSCRIPT]] 2[[NUMBER]]
Warning:not_parsed:SUMOP.POSTSUBSCRIPT.POSTSUPERSCRIPT>ATOM MathParser failed to match rule 'Anything'
	at 0302053.tex; line 344 col 8 - line 349 col 14
	In "$\displaystyle\times\sum_{k=1}^{\infty}\frac{\lambda_{\nu_{l},k}T_{\nu_{l}}(%
	\lambda_{\nu_{l},k})}{\sqrt{\lambda_{\nu_{l},k}^{2}+m^{2}a^{2}}}J_{\nu_{l}}(%
	\lambda_{\nu_{l},k}r/a)J_{\nu_{l}}(\lambda_{\nu_{l},k}r^{\prime}/a)e^{i\omega_%
	{\nu_{l},k}(t^{\prime}-t)},$"
	×[[MULOP]] ∑[[SUMOP]] _{k=1}[[POSTSUBSCRIPT]] ^{\infty}[[POSTSUPERSCRIPT]]
	        > \frac{\lambda_{\nu_{l},k}T_{\nu_{l}}(\lambda_{\nu_{l},k})}{\sqrt{\lambda_{\nu_{l},k}^{2}+m^{2}a^{2}}}[[UNKNOWN]] J[[UNKNOWN]] _{\nu_{l}}[[POSTSUBSCRIPT]] ([[OPEN]] λ[[UNKNOWN]] _{\nu_{l},k}[[POSTSUBSCRIPT]] r[[UNKNOWN]] /[[MULOP]] a[[UNKNOWN]] )[[CLOSE]] J[[UNKNOWN]] _{\nu_{l}}[[POSTSUBSCRIPT]] ([[OPEN]] λ[[UNKNOWN]] _{\nu_{l},k}[[POSTSUBSCRIPT]] r[[UNKNOWN]] ^{\prime}[[POSTSUPERSCRIPT]] /[[MULOP]] a[[UNKNOWN]] )[[CLOSE]] e[[UNKNOWN]] ^{i\omega_{\nu_{l},k}(t^{\prime}-t)}[[POSTSUPERSCRIPT]]
Warning:not_parsed:TRIGFUNCTION.UNKNOWN.CLOSE>MULOP MathParser failed to match rule 'Anything'
	at 0302053.tex; line 394 col 4 - line 397 col 1
	In "$\displaystyle-\frac{1}{\pi naS_{D}\sigma^{D-1}}\sum_{l=0}^{\infty}\frac{2l+n}%
	{(rr^{\prime})^{n/2}}C_{l}^{n/2}(\cos\theta)\times$"
	-[[ADDOP]] \frac{1}{\pinaS_{D}\sigma^{D-1}}[[UNKNOWN]] ∑[[SUMOP]] _{l=0}[[POSTSUBSCRIPT]] ^{\infty}[[POSTSUPERSCRIPT]] \frac{2l+n}{(rr^{\prime})^{n/2}}[[UNKNOWN]] C[[UNKNOWN]] _{l}[[POSTSUBSCRIPT]] ^{n/2}[[POSTSUPERSCRIPT]] ([[OPEN]] cos[[TRIGFUNCTION]] θ[[UNKNOWN]] )[[CLOSE]]
	        > ×[[MULOP]]
Warning:not_parsed:>OPEN MathParser failed to match rule 'Anything'
	at 0302053.tex; line 549 col 52 - line 550 col 15
	In "$(\sigma{}^{-2}-1)\xi<0$"
	> ([[OPEN]] σ[[UNKNOWN]] {}^{-2}[[FLOATSUPERSCRIPT]] -[[ADDOP]] 1[[NUMBER]] )[[CLOSE]] ξ[[UNKNOWN]] <[[RELOP]] 0[[NUMBER]]
Warning:not_parsed:>FLOATSUPERSCRIPT MathParser failed to match rule 'Superscript'
	at 0302053.tex; line 670 col 3 - line 670 col 3
	In "$\displaystyle F_{\nu_{l}}^{(\varepsilon)}\left[f(y)\right]=(1-4\xi)\left[f^{{%
	}^{\prime}2}(y)-\frac{n}{y}f(y)f^{\prime}(y)+\left(\frac{\nu_{l}^{2}}{y^{2}}-%
	\frac{1+4\xi-2(mr/y)^{2}}{1-4\xi}\right)f^{2}(y)\right]\@@ENDINLINEMATH"
	> {}^{\prime}[[FLOATSUPERSCRIPT]] 2[[NUMBER]]
Warning:not_parsed:>FLOATSUPERSCRIPT MathParser failed to match rule 'Superscript'
	at 0302053.tex; line 670 col 3 - line 670 col 3
	In "$\displaystyle(1-4\xi)\left[f^{{}^{\prime}2}(y)-\frac{n}{y}f(y)f^{\prime}(y)+%
	\left(\frac{\nu_{l}^{2}}{y^{2}}-\frac{1+4\xi-2(mr/y)^{2}}{1-4\xi}\right)f^{2}(%
	y)\right]$"
	> {}^{\prime}[[FLOATSUPERSCRIPT]] 2[[NUMBER]]
Warning:not_parsed:>FLOATSUPERSCRIPT MathParser failed to match rule 'Superscript'
	at 0302053.tex; line 672 col 57 - line 672 col 57
	In "$\displaystyle F_{\nu_{l}}^{(p)}\left[f(y)\right]=f^{{}^{\prime}2}(y)+\frac{%
	\tilde{\xi}}{y}f(y)f^{\prime}(y)-\left(1+\frac{\nu_{l}^{2}+\tilde{\xi}n/2}{y^{%
	2}}\right)f^{2}(y),\;\tilde{\xi}=4(n+1)\xi-n\@@ENDINLINEMATH"
	> {}^{\prime}[[FLOATSUPERSCRIPT]] 2[[NUMBER]]
Warning:not_parsed:>FLOATSUPERSCRIPT MathParser failed to match rule 'Superscript'
	at 0302053.tex; line 672 col 57 - line 672 col 57
	In "$\displaystyle f^{{}^{\prime}2}(y)+\frac{\tilde{\xi}}{y}f(y)f^{\prime}(y)-%
	\left(1+\frac{\nu_{l}^{2}+\tilde{\xi}n/2}{y^{2}}\right)f^{2}(y),\;\tilde{\xi}=%
	4(n+1)\xi-n$"
	> {}^{\prime}[[FLOATSUPERSCRIPT]] 2[[NUMBER]]
Warning:not_parsed:>FLOATSUPERSCRIPT MathParser failed to match rule 'Superscript'
	at 0302053.tex; line 675 col 75 - line 675 col 75
	In "$\displaystyle F_{\nu_{l}}^{(p_{\perp})}\left[f(y)\right]=(4\xi-1)f^{{}^{%
	\prime}2}(y)-\frac{\tilde{\xi}}{y}f(y)f^{\prime}(y)+\left[4\xi-1+\frac{\nu_{l}%
	^{2}(1+\tilde{\xi})+\tilde{\xi}n/2}{(n+1)y^{2}}\right]f^{2}(y).\@@ENDINLINEMATH"
	> {}^{\prime}[[FLOATSUPERSCRIPT]] 2[[NUMBER]]
Warning:not_parsed:>FLOATSUPERSCRIPT MathParser failed to match rule 'Superscript'
	at 0302053.tex; line 675 col 75 - line 675 col 75
	In "$\displaystyle(4\xi-1)f^{{}^{\prime}2}(y)-\frac{\tilde{\xi}}{y}f(y)f^{\prime}(%
	y)+\left[4\xi-1+\frac{\nu_{l}^{2}(1+\tilde{\xi})+\tilde{\xi}n/2}{(n+1)y^{2}}%
	\right]f^{2}(y).$"
	> {}^{\prime}[[FLOATSUPERSCRIPT]] 2[[NUMBER]]
Warning:not_parsed:TRIGFUNCTION.UNKNOWN.CLOSE>OPEN MathParser failed to match rule 'Anything'
	at 0302053.tex; line 886 col 0 - line 892 col 14
	In "\begin{equation}\langle 0|\varphi(x)\varphi(x^{\prime})|0\rangle=\frac{1}{2naS%
	_{D}\sigma^{D-1}}\sum_{l=0}^{\infty}\frac{2l+n}{(rr^{\prime})^{n/2}}C_{l}^{n/2%
	}(\cos\theta)\left\{\int_{0}^{\infty}\frac{h(z)dz}{\bar{J}_{\nu_{l}}^{2}(z)+%
	\bar{Y}_{\nu_{l}}^{2}(z)}\right.\end{equation}"
	\langle[[OPEN]] 0[[NUMBER]] |[[VERTBAR]] φ[[UNKNOWN]] ([[OPEN]] x[[UNKNOWN]] )[[CLOSE]] φ[[UNKNOWN]] ([[OPEN]] x[[UNKNOWN]] ^{\prime}[[POSTSUPERSCRIPT]] )[[CLOSE]] |[[VERTBAR]] 0[[NUMBER]] \rangle[[CLOSE]] =[[RELOP]] \frac{1}{2naS_{D}\sigma^{D-1}}[[UNKNOWN]] ∑[[SUMOP]] _{l=0}[[POSTSUBSCRIPT]] ^{\infty}[[POSTSUPERSCRIPT]] \frac{2l+n}{(rr^{\prime})^{n/2}}[[UNKNOWN]] C[[UNKNOWN]] _{l}[[POSTSUBSCRIPT]] ^{n/2}[[POSTSUPERSCRIPT]] ([[OPEN]] cos[[TRIGFUNCTION]] θ[[UNKNOWN]] )[[CLOSE]]
	        > \left\{[[OPEN]] ∫[[INTOP]] _{0}[[POSTSUBSCRIPT]] ^{\infty}[[POSTSUPERSCRIPT]] \frac{h(z)dz}{\bar{J}_{\nu_{l}}^{2}(z)+\bar{Y}_{\nu_{l}}^{2}(z)}[[UNKNOWN]]
Warning:not_parsed:UNKNOWN.CLOSE.CLOSE>CLOSE MathParser failed to match rule 'Anything'
	at 0302053.tex; line 893 col 0 - line 900 col 2
	In "$$-\left.\frac{2}{\pi}\int_{ma}^{\infty}\frac{zdz}{\sqrt{z^{2}-a^{2}m^{2}}}%
	\frac{\bar{K}_{\nu_{l}}(\eta z)}{\bar{K}_{\nu_{l}}(z)}\frac{G_{\nu_{l}}(z,zr/a%
	)G_{\nu_{l}}(z,zr^{\prime}/a)}{\bar{K}_{\nu_{l}}(z)\bar{I}_{\nu_{l}}(\eta z)-%
	\bar{K}_{\nu_{l}}(\eta z)\bar{I}_{\nu_{l}}(z)}\cosh\left[\sqrt{z^{2}/a^{2}-m^{%
	2}}(t^{\prime}-t)\right]\right\},$$"
	-[[ADDOP]] \frac{2}{\pi}[[UNKNOWN]] ∫[[INTOP]] _{ma}[[POSTSUBSCRIPT]] ^{\infty}[[POSTSUPERSCRIPT]] \frac{zdz}{\sqrt{z^{2}-a^{2}m^{2}}}[[UNKNOWN]] \frac{\bar{K}_{\nu_{l}}(\etaz)}{\bar{K}_{\nu_{l}}(z)}[[UNKNOWN]] \frac{G_{\nu_{l}}(z,zr/a)G_{\nu_{l}}(z,zr^{\prime}/a)}{\bar{K}_{\nu_{l}}(z)\bar{I}_{\nu_{l}}(\etaz)-\bar{K}_{\nu_{l}}(\etaz)\bar{I}_{\nu_{l}}(z)}[[UNKNOWN]] cosh[[TRIGFUNCTION]] \left[[[OPEN]] \sqrt{z^{2}/a^{2}-m^{2}}[[UNKNOWN]] ([[OPEN]] t[[UNKNOWN]] ^{\prime}[[POSTSUPERSCRIPT]] -[[ADDOP]] t[[UNKNOWN]] )[[CLOSE]] \right][[CLOSE]]
	        > \right\}[[CLOSE]]
Warning:not_parsed:INTOP.POSTSUBSCRIPT.POSTSUPERSCRIPT>UNKNOWN MathParser failed to match rule 'Anything'
	at 0302053.tex; line 943 col 8 - line 943 col 8
	In "$\displaystyle\times\sum_{s=1}^{2}\int_{0}^{\infty}dz\,z\frac{e^{i\sqrt{z^{2}+%
	m^{2}}(t^{\prime}-t)}}{\sqrt{z^{2}+m^{2}}}\frac{\bar{J}_{\nu_{l}}(za)}{\bar{H}%
	_{\nu_{l}}^{(s)}(za)}H_{\nu_{l}}^{(s)}(zr)H_{\nu_{l}}^{(s)}(zr^{\prime}).\@@ENDINLINEMATH"
	×[[MULOP]] ∑[[SUMOP]] _{s=1}[[POSTSUBSCRIPT]] ^{2}[[POSTSUPERSCRIPT]] ∫[[INTOP]] _{0}[[POSTSUBSCRIPT]] ^{\infty}[[POSTSUPERSCRIPT]]
	        > d[[UNKNOWN]] z[[UNKNOWN]] z[[UNKNOWN]] \frac{e^{i\sqrt{z^{2}+m^{2}}(t^{\prime}-t)}}{\sqrt{z^{2}+m^{2}}}[[UNKNOWN]] \frac{\bar{J}_{\nu_{l}}(za)}{\bar{H}_{\nu_{l}}^{(s)}(za)}[[UNKNOWN]] H[[UNKNOWN]] _{\nu_{l}}[[POSTSUBSCRIPT]] ^{(s)}[[POSTSUPERSCRIPT]] ([[OPEN]] z[[UNKNOWN]] r[[UNKNOWN]] )[[CLOSE]] H[[UNKNOWN]] _{\nu_{l}}[[POSTSUBSCRIPT]] ^{(s)}[[POSTSUPERSCRIPT]] ([[OPEN]] z[[UNKNOWN]] r[[UNKNOWN]] ^{\prime}[[POSTSUPERSCRIPT]] )[[CLOSE]]
Warning:not_parsed:INTOP.POSTSUBSCRIPT.POSTSUPERSCRIPT>UNKNOWN MathParser failed to match rule 'Anything'
	at 0302053.tex; line 943 col 8 - line 947 col 14
	In "$\displaystyle\times\sum_{s=1}^{2}\int_{0}^{\infty}dz\,z\frac{e^{i\sqrt{z^{2}+%
	m^{2}}(t^{\prime}-t)}}{\sqrt{z^{2}+m^{2}}}\frac{\bar{J}_{\nu_{l}}(za)}{\bar{H}%
	_{\nu_{l}}^{(s)}(za)}H_{\nu_{l}}^{(s)}(zr)H_{\nu_{l}}^{(s)}(zr^{\prime}).$"
	×[[MULOP]] ∑[[SUMOP]] _{s=1}[[POSTSUBSCRIPT]] ^{2}[[POSTSUPERSCRIPT]] ∫[[INTOP]] _{0}[[POSTSUBSCRIPT]] ^{\infty}[[POSTSUPERSCRIPT]]
	        > d[[UNKNOWN]] z[[UNKNOWN]] z[[UNKNOWN]] \frac{e^{i\sqrt{z^{2}+m^{2}}(t^{\prime}-t)}}{\sqrt{z^{2}+m^{2}}}[[UNKNOWN]] \frac{\bar{J}_{\nu_{l}}(za)}{\bar{H}_{\nu_{l}}^{(s)}(za)}[[UNKNOWN]] H[[UNKNOWN]] _{\nu_{l}}[[POSTSUBSCRIPT]] ^{(s)}[[POSTSUPERSCRIPT]] ([[OPEN]] z[[UNKNOWN]] r[[UNKNOWN]] )[[CLOSE]] H[[UNKNOWN]] _{\nu_{l}}[[POSTSUBSCRIPT]] ^{(s)}[[POSTSUPERSCRIPT]] ([[OPEN]] z[[UNKNOWN]] r[[UNKNOWN]] ^{\prime}[[POSTSUPERSCRIPT]] )[[CLOSE]]
 30.63 sec)
Math parsing succeeded:
   ltx:XMArg: 1716/1723
   ltx:XMath: 423/430
Symbols assumed as simple identifiers (with # of occurences):
   'A{italic}' (18), 'B{italic}' (24), 'C{italic}' (19), 'D{italic}' (102), 'F{italic}' (13), 'Gamma' (13), 'G{italic}' (4), 'H{italic}' (11), 'I{italic}' (15), 'J{italic}' (20), 'K{italic}' (17), 'N{italic}' (5), 'Omega' (3), 'Q{italic}' (2), 'Res' (2), 'R{italic}' (7), 'S{italic}' (28), 'T{italic}' (16), 'V{italic}' (1), 'Y{italic}' (5), 'arg' (2), 'a{italic}' (186), 'beta' (5), 'b{italic}' (27), 'delta' (4), 'diag' (1), 'd{italic}' (40), 'epsilon' (3), 'eta' (18), 'e{italic}' (24), 'f{italic}' (50), 'gamma' (10), 'g{italic}' (12), 'h{italic}' (11), 'i{italic}' (32), 'k{italic}' (42), 'lambda' (38), 'l{italic}' (53), 'mu' (2), 'm{italic}' (75), 'nu' (202), 'n{italic}' (104), 'omega' (11), 'phi' (8), 'pi' (38), 'p{italic}' (42), 'q{italic}' (29), 'r{italic}' (175), 'sigma' (83), 's{italic}' (17), 'theta' (23), 't{italic}' (41), 'varepsilon' (18), 'varphi' (73), 'vartheta' (6), 'xi' (59), 'x{italic}' (116), 'y{italic}' (46), 'z{italic}' (219)
Set MATHPARSER_SPECULATE to speculate on possible notations.
(Finalizing... 1.73 sec)
Conversion complete 14 warnings (See /home/user/latex-in-arxiv/0302053.latexml.log) (reqd. 53.69s)
