latexml (LaTeXML version 0.8.6) processing 2003/0302205.tex
(Digesting TeX 0302205...
(Loading /usr/share/perl5/LaTeXML/Package/TeX.pool.ltxml...
(Loading /usr/share/perl5/LaTeXML/Package/eTeX.pool.ltxml... 0.01 sec)
(Loading /usr/share/perl5/LaTeXML/Package/pdfTeX.pool.ltxml... 0.01 sec) 0.22 sec)
(Processing content /home/user/latex-in-arxiv/2003/0302205.tex...
(Loading /usr/share/perl5/LaTeXML/Package/LaTeX.pool.ltxml...
(Loading /usr/share/perl5/LaTeXML/Package/textcomp.sty.ltxml...
(Processing definitions /usr/share/texlive/texmf-dist/tex/latex-dev/base/ts1enc.dfu... 0.04 sec) 1.79 sec) 2.12 sec)
(Loading /usr/share/perl5/LaTeXML/Package/article.cls.ltxml... 0.01 sec)
(Loading /usr/share/perl5/LaTeXML/Package/graphicx.sty.ltxml...
(Loading /usr/share/perl5/LaTeXML/Package/graphics.sty.ltxml... 0.01 sec) 0.04 sec)
(Loading /usr/share/perl5/LaTeXML/Package/latexsym.sty.ltxml... 0.00 sec)
Info:unexpected:titlepage When using titlepage, Frontmatter will not be well-structured
	at 0302205.tex; line 154 col 0 - line 154 col 17
 17.75 sec) 18.03 sec)
(Building...
(Loading compiled schema /usr/share/perl5/LaTeXML/resources/RelaxNG/LaTeXML.model... 0.01 sec)
Warning:unexpected:eqnarray Unrecognized equation patterns (1) in eqnarray
	at 0302205.tex; line 659 col 1 - line 659 col 1
	In Core::Definition::Constructor[\@@eqna... /usr/share/perl5/LaTeXML/Package/LaTeX.pool.ltxml; line 2290
Info:malformed:id Duplicated attribute xml:id
	at 0302205.tex; line 1351 col 2 - line 1351 col 2
	Using id='S4.E10a' on <ltx:XMRow _box="Alignment[]" _font="Font[math,medium,italic,10,bla..."/>
	id='S4.E10' already set on <ltx:equation _box="LaTeXML::Core::Alignment=HASH(..." _font="Font[serif,medium,upright,10,b..." xml:id="S4.E10" _ID_counter_m_="1">...
Warning:unexpected:eqnarray Unrecognized equation patterns (1) in eqnarray
	at 0302205.tex; line 2164 col 1 - line 2164 col 1
	In Core::Definition::Constructor[\@@eqna... /usr/share/perl5/LaTeXML/Package/LaTeX.pool.ltxml; line 2290
Info:malformed:id Duplicated attribute xml:id
	at 0302205.tex; line 2184 col 1 - line 2184 col 1
	Using id='A1.E8a' on <ltx:XMRow _box="Alignment[]" _font="Font[math,medium,italic,10,bla..."/>
	id='A1.E8' already set on <ltx:equation _box="LaTeXML::Core::Alignment=HASH(..." _font="Font[serif,medium,upright,10,b..." xml:id="A1.E8" _ID_counter_m_="1">...
Warning:unexpected:eqnarray Unrecognized equation patterns (1) in eqnarray
	at 0302205.tex; line 2196 col 1 - line 2196 col 1
	In Core::Definition::Constructor[\@@eqna... /usr/share/perl5/LaTeXML/Package/LaTeX.pool.ltxml; line 2290
 13.19 sec)
(Rewriting... 0.51 sec)
(Math Parsing 628 formulae ......
Warning:not_parsed:UNKNOWN.POSTSUPERSCRIPT>FLOATSUBSCRIPT MathParser failed to match rule 'Anything'
	at 0302205.tex; line 344 col 2 - line 345 col 50
	In "$G^{i}{}_{i^{\prime}}(x,x^{\prime})={\rm i}\,\langle\varphi^{i}(x)\,{\bar{%
	\varphi}}_{i^{\prime}}(x^{\prime})\rangle$"
	G[[UNKNOWN]] ^{i}[[POSTSUPERSCRIPT]]
	        > {}_{i^{\prime}}[[FLOATSUBSCRIPT]] ([[OPEN]] x[[UNKNOWN]] ,[[PUNCT]] x[[UNKNOWN]] ^{\prime}[[POSTSUPERSCRIPT]] )[[CLOSE]] =[[RELOP]] i[[UNKNOWN]] \langle[[OPEN]] φ[[UNKNOWN]] ^{i}[[POSTSUPERSCRIPT]] ([[OPEN]] x[[UNKNOWN]] )[[CLOSE]] \bar{\varphi}[[UNKNOWN]] _{i^{\prime}}[[POSTSUBSCRIPT]] ([[OPEN]] x[[UNKNOWN]] ^{\prime}[[POSTSUPERSCRIPT]] )[[CLOSE]] \rangle[[CLOSE]]
Warning:not_parsed:UNKNOWN.PUNCT.NUMBER>RELOP MathParser failed to match rule 'Anything'
	at 0302205.tex; line 349 col 0 - line 354 col 3
	In "\begin{equation}\Delta_{x}\,G(x,x^{\prime})=-\delta^{d}(x-x^{\prime})\,{\bf 1}%
	~{},\qquad\Delta=\nabla^{m}\nabla_{m}+{\cal P}~{},\qquad{\bf 1}=(\delta^{i}{}_%
	{i^{\prime}})~{},\end{equation}"
	Δ[[UNKNOWN]] _{x}[[POSTSUBSCRIPT]] G[[UNKNOWN]] ([[OPEN]] x[[UNKNOWN]] ,[[PUNCT]] x[[UNKNOWN]] ^{\prime}[[POSTSUPERSCRIPT]] )[[CLOSE]] =[[RELOP]] -[[ADDOP]] δ[[UNKNOWN]] ^{d}[[POSTSUPERSCRIPT]] ([[OPEN]] x[[UNKNOWN]] -[[ADDOP]] x[[UNKNOWN]] ^{\prime}[[POSTSUPERSCRIPT]] )[[CLOSE]]  1[[NUMBER]] ,[[PUNCT]] Δ[[UNKNOWN]] =[[RELOP]] ∇[[OPERATOR]] ^{m}[[POSTSUPERSCRIPT]] ∇[[OPERATOR]] _{m}[[POSTSUBSCRIPT]] +[[ADDOP]] P[[UNKNOWN]] ,[[PUNCT]] 1[[NUMBER]]
	        > =[[RELOP]] ([[OPEN]] δ[[UNKNOWN]] ^{i}[[POSTSUPERSCRIPT]] {}_{i^{\prime}}[[FLOATSUBSCRIPT]] )[[CLOSE]]
Warning:not_parsed:OPEN.UNKNOWN.POSTSUBSCRIPT> MathParser failed to match rule 'Subscript'
	at 0302205.tex; line 572 col 13 - line 572 col 13
	In "\begin{equation}\nabla_{(a_{1}}\ldots\nabla_{a_{n})}\,I(x,x^{\prime})\Big{|}_{%
	x=x^{\prime}}=0~{},\end{equation}"
	([[OPEN]] a[[UNKNOWN]] _{1}[[POSTSUBSCRIPT]]
	        > 
Warning:not_parsed:UNKNOWN.POSTSUBSCRIPT>CLOSE MathParser failed to match rule 'Subscript'
	at 0302205.tex; line 572 col 34 - line 572 col 34
	a[[UNKNOWN]] _{n}[[POSTSUBSCRIPT]]
	        > )[[CLOSE]]
Warning:not_parsed:OPEN.UNKNOWN.POSTSUBSCRIPT> MathParser failed to match rule 'Subscript'
	at 0302205.tex; line 613 col 15 - line 613 col 15
	In "$$\nabla_{(a_{1}}\ldots\nabla_{a_{n}}\nabla_{b)}I(y,x^{\prime})\Big{|}_{y=x^{%
	\prime}}=0$$"
	([[OPEN]] a[[UNKNOWN]] _{1}[[POSTSUBSCRIPT]]
	        > 
Warning:not_parsed:UNKNOWN>CLOSE MathParser failed to match rule 'Subscript'
	at 0302205.tex; line 613 col 0 - line 613 col 47
	b[[UNKNOWN]]
	        > )[[CLOSE]]
Warning:not_parsed:OPEN.UNKNOWN.POSTSUBSCRIPT> MathParser failed to match rule 'Subscript'
	at 0302205.tex; line 619 col 17 - line 619 col 17
	In "$$\nabla_{(a_{1}}\ldots\nabla_{a_{n})}\nabla_{b}I(y,x^{\prime})\Big{|}_{y=x^{%
	\prime}}$$"
	([[OPEN]] a[[UNKNOWN]] _{1}[[POSTSUBSCRIPT]]
	        > 
Warning:not_parsed:UNKNOWN.POSTSUBSCRIPT>CLOSE MathParser failed to match rule 'Subscript'
	at 0302205.tex; line 619 col 39 - line 619 col 39
	a[[UNKNOWN]] _{n}[[POSTSUBSCRIPT]]
	        > )[[CLOSE]]
Warning:not_parsed:OPERATOR.POSTSUBSCRIPT>OPEN MathParser failed to match rule 'Anything'
	at 0302205.tex; line 694 col 0 - line 697 col 3
	In "\begin{equation}\nabla_{a}\Big{(}\delta^{d}(x-x^{\prime})\,\delta^{i}{}_{i^{%
	\prime}}\Big{)}=-\nabla^{\prime}_{a}\Big{(}\delta^{d}(x-x^{\prime})\,\delta^{i%
	}{}_{i^{\prime}}\Big{)}~{}.\end{equation}"
	∇[[OPERATOR]] _{a}[[POSTSUBSCRIPT]]
	        > ([[OPEN]] δ[[UNKNOWN]] ^{d}[[POSTSUPERSCRIPT]] ([[OPEN]] x[[UNKNOWN]] -[[ADDOP]] x[[UNKNOWN]] ^{\prime}[[POSTSUPERSCRIPT]] )[[CLOSE]] δ[[UNKNOWN]] ^{i}[[POSTSUPERSCRIPT]] {}_{i^{\prime}}[[FLOATSUBSCRIPT]] )[[CLOSE]] =[[RELOP]] -[[ADDOP]] ∇[[OPERATOR]] ^{\prime}[[POSTSUPERSCRIPT]] _{a}[[POSTSUBSCRIPT]] ([[OPEN]] δ[[UNKNOWN]] ^{d}[[POSTSUPERSCRIPT]] ([[OPEN]] x[[UNKNOWN]] -[[ADDOP]] x[[UNKNOWN]] ^{\prime}[[POSTSUPERSCRIPT]] )[[CLOSE]] δ[[UNKNOWN]] ^{i}[[POSTSUPERSCRIPT]] {}_{i^{\prime}}[[FLOATSUBSCRIPT]] )[[CLOSE]]
Warning:not_parsed:UNKNOWN>FLOATSUBSCRIPT MathParser failed to match rule 'Subscript'
	at 0302205.tex; line 885 col 0 - line 885 col 28
	In "$\displaystyle\nabla_{a_{1}}\cdots\nabla_{a_{n}}\nabla^{\prime}_{b_{1}}\cdots%
	\nabla^{\prime}_{b_{m}}K(x,x^{\prime}|s)=\int\frac{{\rm d}^{d}k}{(2\pi)^{d}}\,%
	{\rm e}^{{\rm i}\,k.(x-x^{\prime})}\,(\nabla+{\rm i}k)_{a_{1}}\cdots(\nabla+{%
	\rm i}k)_{a{{}_{n}}}\@@ENDINLINEMATH"
	a[[UNKNOWN]]
	        > {}_{n}[[FLOATSUBSCRIPT]]
Warning:not_parsed:UNKNOWN>FLOATSUBSCRIPT MathParser failed to match rule 'Subscript'
	at 0302205.tex; line 885 col 0 - line 885 col 28
	In "$\displaystyle\nabla_{a_{1}}\cdots\nabla_{a_{n}}\nabla^{\prime}_{b_{1}}\cdots%
	\nabla^{\prime}_{b_{m}}K(x,x^{\prime}|s)=\int\frac{{\rm d}^{d}k}{(2\pi)^{d}}\,%
	{\rm e}^{{\rm i}\,k.(x-x^{\prime})}\,(\nabla+{\rm i}k)_{a_{1}}\cdots(\nabla+{%
	\rm i}k)_{a{{}_{n}}}$"
	a[[UNKNOWN]]
	        > {}_{n}[[FLOATSUBSCRIPT]]
Warning:not_parsed:UNKNOWN.POSTSUBSCRIPT>FLOATSUPERSCRIPT MathParser failed to match rule 'Anything'
	at 0302205.tex; line 1289 col 10 - line 1289 col 21
	In "$T_{AB}{}^{C}$"
	T[[UNKNOWN]] _{AB}[[POSTSUBSCRIPT]]
	        > {}^{C}[[FLOATSUPERSCRIPT]]
Warning:not_parsed:UNKNOWN.UNKNOWN.POSTSUPERSCRIPT>FLOATSUBSCRIPT MathParser failed to match rule 'Anything'
	at 0302205.tex; line 1290 col 3 - line 1291 col 53
	In "$\{D_{\alpha}^{i},{\bar{D}}_{{\dot{\beta}}j}\}=-2{\rm i}\,\delta^{i}{}_{j}\,(%
	\sigma^{c})_{\alpha{\dot{\beta}}}\,\partial_{c}$"
	\{[[OPEN]] D[[UNKNOWN]] _{\alpha}[[POSTSUBSCRIPT]] ^{i}[[POSTSUPERSCRIPT]] ,[[PUNCT]] \bar{D}[[UNKNOWN]] _{{\dot{\beta}}j}[[POSTSUBSCRIPT]] \}[[CLOSE]] =[[RELOP]] -[[ADDOP]] 2[[NUMBER]] i[[UNKNOWN]] δ[[UNKNOWN]] ^{i}[[POSTSUPERSCRIPT]]
	        > {}_{j}[[FLOATSUBSCRIPT]] ([[OPEN]] σ[[UNKNOWN]] ^{c}[[POSTSUPERSCRIPT]] )[[CLOSE]] _{\alpha{\dot{\beta}}}[[POSTSUBSCRIPT]] ∂[[OPERATOR]] _{c}[[POSTSUBSCRIPT]]
Warning:not_parsed:OPEN.UNKNOWN.POSTSUBSCRIPT> MathParser failed to match rule 'Subscript'
	at 0302205.tex; line 1427 col 11 - line 1427 col 11
	In "\begin{equation}{\cal D}_{(A_{1}}\ldots{\cal D}_{A_{n}\}}\,I(z,z^{\prime})\Big%
	{|}_{z=z^{\prime}}=0~{},\qquad n\geq 1~{},\end{equation}"
	([[OPEN]] A[[UNKNOWN]] _{1}[[POSTSUBSCRIPT]]
	        > 
Warning:not_parsed:UNKNOWN.POSTSUBSCRIPT>CLOSE MathParser failed to match rule 'Subscript'
	at 0302205.tex; line 1427 col 32 - line 1427 col 32
	A[[UNKNOWN]] _{n}[[POSTSUBSCRIPT]]
	        > \}[[CLOSE]]
Warning:not_parsed:POSTSUBSCRIPT.POSTSUPERSCRIPT.ATOM>OPEN MathParser failed to match rule 'Anything'
	at 0302205.tex; line 1466 col 19 - line 1473 col 1
	In "$\displaystyle{\rm i}\,I(z,z^{\prime})\,\sum_{n=1}^{\infty}{1\over(n+1)!}\,%
	\Big{\{}n\,\zeta^{A_{n}}\ldots\zeta^{A_{1}}{\cal D}^{\prime}_{A_{1}}\ldots{%
	\cal D}^{\prime}_{A_{n-1}}F_{A_{n}\,B}(z^{\prime})$"
	i[[UNKNOWN]] I[[UNKNOWN]] ([[OPEN]] z[[UNKNOWN]] ,[[PUNCT]] z[[UNKNOWN]] ^{\prime}[[POSTSUPERSCRIPT]] )[[CLOSE]] ∑[[SUMOP]] _{n=1}[[POSTSUBSCRIPT]] ^{\infty}[[POSTSUPERSCRIPT]] 1\over(n+1)![[UNKNOWN]]
	        > \{[[OPEN]] n[[UNKNOWN]] ζ[[UNKNOWN]] ^{A_{n}}[[POSTSUPERSCRIPT]] \ldots[[ID]] ζ[[UNKNOWN]] ^{A_{1}}[[POSTSUPERSCRIPT]] D[[UNKNOWN]] ^{\prime}[[POSTSUPERSCRIPT]] _{A_{1}}[[POSTSUBSCRIPT]] \ldots[[ID]] D[[UNKNOWN]] ^{\prime}[[POSTSUPERSCRIPT]] _{A_{n-1}}[[POSTSUBSCRIPT]] F[[UNKNOWN]] _{A_{n}\,B}[[POSTSUBSCRIPT]] ([[OPEN]] z[[UNKNOWN]] ^{\prime}[[POSTSUPERSCRIPT]] )[[CLOSE]]
Warning:not_parsed:UNKNOWN.POSTSUPERSCRIPT.CLOSE>CLOSE MathParser failed to match rule 'Anything'
	at 0302205.tex; line 1473 col 0 - line 1479 col 4
	In "$\displaystyle\frac{1}{2}(n-1)\,\zeta^{A_{n}}T_{A_{n}\,B}{}^{C}\,\zeta^{A_{n-1%
	}}\ldots\zeta^{A_{1}}{\cal D}^{\prime}_{A_{1}}\ldots{\cal D}^{\prime}_{A_{n-2}%
	}F_{A_{n-1}\,C}(z^{\prime})\Big{\}}~{}.$"
	\frac{1}{2}[[UNKNOWN]] ([[OPEN]] n[[UNKNOWN]] -[[ADDOP]] 1[[NUMBER]] )[[CLOSE]] ζ[[UNKNOWN]] ^{A_{n}}[[POSTSUPERSCRIPT]] T[[UNKNOWN]] _{A_{n}\,B}[[POSTSUBSCRIPT]] {}^{C}[[FLOATSUPERSCRIPT]] ζ[[UNKNOWN]] ^{A_{n-1}}[[POSTSUPERSCRIPT]] \ldots[[ID]] ζ[[UNKNOWN]] ^{A_{1}}[[POSTSUPERSCRIPT]] D[[UNKNOWN]] ^{\prime}[[POSTSUPERSCRIPT]] _{A_{1}}[[POSTSUBSCRIPT]] \ldots[[ID]] D[[UNKNOWN]] ^{\prime}[[POSTSUPERSCRIPT]] _{A_{n-2}}[[POSTSUBSCRIPT]] F[[UNKNOWN]] _{A_{n-1}\,C}[[POSTSUBSCRIPT]] ([[OPEN]] z[[UNKNOWN]] ^{\prime}[[POSTSUPERSCRIPT]] )[[CLOSE]]
	        > \}[[CLOSE]]
Warning:not_parsed:POSTSUBSCRIPT.POSTSUPERSCRIPT.ATOM>OPEN MathParser failed to match rule 'Anything'
	at 0302205.tex; line 1482 col 19 - line 1488 col 1
	In "$\displaystyle{\rm i}\,\sum_{n=1}^{\infty}{(-1)^{n}\over(n+1)!}\,\Big{\{}-%
	\zeta^{A_{n}}\ldots\zeta^{A_{1}}{\cal D}_{A_{1}}\ldots{\cal D}_{A_{n-1}}F_{A_{%
	n}\,B}(z)$"
	i[[UNKNOWN]] ∑[[SUMOP]] _{n=1}[[POSTSUBSCRIPT]] ^{\infty}[[POSTSUPERSCRIPT]] (-1)^{n}\over(n+1)![[UNKNOWN]]
	        > \{[[OPEN]] -[[ADDOP]] ζ[[UNKNOWN]] ^{A_{n}}[[POSTSUPERSCRIPT]] \ldots[[ID]] ζ[[UNKNOWN]] ^{A_{1}}[[POSTSUPERSCRIPT]] D[[UNKNOWN]] _{A_{1}}[[POSTSUBSCRIPT]] \ldots[[ID]] D[[UNKNOWN]] _{A_{n-1}}[[POSTSUBSCRIPT]] F[[UNKNOWN]] _{A_{n}\,B}[[POSTSUBSCRIPT]] ([[OPEN]] z[[UNKNOWN]] )[[CLOSE]]
Warning:not_parsed:OPEN.UNKNOWN.CLOSE>CLOSE MathParser failed to match rule 'Anything'
	at 0302205.tex; line 1488 col 0 - line 1495 col 4
	In "$\displaystyle\frac{1}{2}(n-1)\,\zeta^{A_{n}}T_{A_{n}\,B}{}^{C}\,\zeta^{A_{n-1%
	}}\ldots\zeta^{A_{1}}{\cal D}_{A_{1}}\ldots{\cal D}_{A_{n-2}}F_{A_{n-1}\,C}(z)%
	\Big{\}}\,I(z,z^{\prime})~{}.$"
	\frac{1}{2}[[UNKNOWN]] ([[OPEN]] n[[UNKNOWN]] -[[ADDOP]] 1[[NUMBER]] )[[CLOSE]] ζ[[UNKNOWN]] ^{A_{n}}[[POSTSUPERSCRIPT]] T[[UNKNOWN]] _{A_{n}\,B}[[POSTSUBSCRIPT]] {}^{C}[[FLOATSUPERSCRIPT]] ζ[[UNKNOWN]] ^{A_{n-1}}[[POSTSUPERSCRIPT]] \ldots[[ID]] ζ[[UNKNOWN]] ^{A_{1}}[[POSTSUPERSCRIPT]] D[[UNKNOWN]] _{A_{1}}[[POSTSUBSCRIPT]] \ldots[[ID]] D[[UNKNOWN]] _{A_{n-2}}[[POSTSUBSCRIPT]] F[[UNKNOWN]] _{A_{n-1}\,C}[[POSTSUBSCRIPT]] ([[OPEN]] z[[UNKNOWN]] )[[CLOSE]]
	        > \}[[CLOSE]] I[[UNKNOWN]] ([[OPEN]] z[[UNKNOWN]] ,[[PUNCT]] z[[UNKNOWN]] ^{\prime}[[POSTSUPERSCRIPT]] )[[CLOSE]]
Warning:not_parsed:POSTSUBSCRIPT.POSTSUPERSCRIPT.ATOM>OPEN MathParser failed to match rule 'Anything'
	at 0302205.tex; line 1537 col 4 - line 1542 col 1
	In "$\displaystyle\sum_{n=1}^{\infty}{1\over(n+1)!}\,\Big{\{}n\,\zeta^{A_{n}}%
	\ldots\zeta^{A_{1}}{\cal D}^{\prime}_{A_{1}}\ldots{\cal D}^{\prime}_{A_{n-1}}F%
	_{A_{n}\,B}(z^{\prime})$"
	∑[[SUMOP]] _{n=1}[[POSTSUBSCRIPT]] ^{\infty}[[POSTSUPERSCRIPT]] 1\over(n+1)![[UNKNOWN]]
	        > \{[[OPEN]] n[[UNKNOWN]] ζ[[UNKNOWN]] ^{A_{n}}[[POSTSUPERSCRIPT]] \ldots[[ID]] ζ[[UNKNOWN]] ^{A_{1}}[[POSTSUPERSCRIPT]] D[[UNKNOWN]] ^{\prime}[[POSTSUPERSCRIPT]] _{A_{1}}[[POSTSUBSCRIPT]] \ldots[[ID]] D[[UNKNOWN]] ^{\prime}[[POSTSUPERSCRIPT]] _{A_{n-1}}[[POSTSUBSCRIPT]] F[[UNKNOWN]] _{A_{n}\,B}[[POSTSUBSCRIPT]] ([[OPEN]] z[[UNKNOWN]] ^{\prime}[[POSTSUPERSCRIPT]] )[[CLOSE]]
Warning:not_parsed:UNKNOWN.POSTSUPERSCRIPT.CLOSE>CLOSE MathParser failed to match rule 'Anything'
	at 0302205.tex; line 1542 col 0 - line 1548 col 4
	In "$\displaystyle\frac{1}{2}(n-1)\,\zeta^{A_{n}}T_{A_{n}\,B}{}^{C}\,\zeta^{A_{n-1%
	}}\ldots\zeta^{A_{1}}{\cal D}^{\prime}_{A_{1}}\ldots{\cal D}^{\prime}_{A_{n-2}%
	}F_{A_{n-1}\,C}(z^{\prime})\Big{\}}~{}.$"
	\frac{1}{2}[[UNKNOWN]] ([[OPEN]] n[[UNKNOWN]] -[[ADDOP]] 1[[NUMBER]] )[[CLOSE]] ζ[[UNKNOWN]] ^{A_{n}}[[POSTSUPERSCRIPT]] T[[UNKNOWN]] _{A_{n}\,B}[[POSTSUBSCRIPT]] {}^{C}[[FLOATSUPERSCRIPT]] ζ[[UNKNOWN]] ^{A_{n-1}}[[POSTSUPERSCRIPT]] \ldots[[ID]] ζ[[UNKNOWN]] ^{A_{1}}[[POSTSUPERSCRIPT]] D[[UNKNOWN]] ^{\prime}[[POSTSUPERSCRIPT]] _{A_{1}}[[POSTSUBSCRIPT]] \ldots[[ID]] D[[UNKNOWN]] ^{\prime}[[POSTSUPERSCRIPT]] _{A_{n-2}}[[POSTSUBSCRIPT]] F[[UNKNOWN]] _{A_{n-1}\,C}[[POSTSUBSCRIPT]] ([[OPEN]] z[[UNKNOWN]] ^{\prime}[[POSTSUPERSCRIPT]] )[[CLOSE]]
	        > \}[[CLOSE]]
Warning:not_parsed:PUNCT.UNKNOWN.POSTSUBSCRIPT>CLOSE MathParser failed to match rule 'Anything'
	at 0302205.tex; line 1556 col 4 - line 1556 col 4
	In "$\displaystyle\{{\cal D}_{a},{\cal D}_{\beta}\}=\{{\bar{\cal D}}_{\dot{\alpha}%
	},{\bar{\cal D}}_{\dot{\beta}}\}=0~{},\qquad\{{\cal D}_{\alpha},{\bar{\cal D}}%
	_{\dot{\beta}}\}=-2{\rm i}\,{\cal D}_{\alpha{\dot{\beta}}}~{},\@@ENDINLINEMATH"
	{[[UNKNOWN]] D[[UNKNOWN]] _{a}[[POSTSUBSCRIPT]] ,[[PUNCT]] D[[UNKNOWN]] _{\beta}[[POSTSUBSCRIPT]]
	        > \}[[CLOSE]] =[[RELOP]] \{[[OPEN]] \bar{\calD}[[UNKNOWN]] _{\dot{\alpha}}[[POSTSUBSCRIPT]] ,[[PUNCT]] \bar{\calD}[[UNKNOWN]] _{\dot{\beta}}[[POSTSUBSCRIPT]] \}[[CLOSE]] =[[RELOP]] 0[[NUMBER]] ,[[PUNCT]] \{[[OPEN]] D[[UNKNOWN]] _{\alpha}[[POSTSUBSCRIPT]] ,[[PUNCT]] \bar{\calD}[[UNKNOWN]] _{\dot{\beta}}[[POSTSUBSCRIPT]] \}[[CLOSE]] =[[RELOP]] -[[ADDOP]] 2[[NUMBER]] i[[UNKNOWN]] D[[UNKNOWN]] _{\alpha{\dot{\beta}}}[[POSTSUBSCRIPT]]
Warning:not_parsed:PUNCT.UNKNOWN.POSTSUBSCRIPT>CLOSE MathParser failed to match rule 'Anything'
	at 0302205.tex; line 1556 col 4 - line 1559 col 1
	In "$\displaystyle\{{\cal D}_{a},{\cal D}_{\beta}\}=\{{\bar{\cal D}}_{\dot{\alpha}%
	},{\bar{\cal D}}_{\dot{\beta}}\}=0~{},\qquad\{{\cal D}_{\alpha},{\bar{\cal D}}%
	_{\dot{\beta}}\}=-2{\rm i}\,{\cal D}_{\alpha{\dot{\beta}}}~{},$"
	{[[UNKNOWN]] D[[UNKNOWN]] _{a}[[POSTSUBSCRIPT]] ,[[PUNCT]] D[[UNKNOWN]] _{\beta}[[POSTSUBSCRIPT]]
	        > \}[[CLOSE]] =[[RELOP]] \{[[OPEN]] \bar{\calD}[[UNKNOWN]] _{\dot{\alpha}}[[POSTSUBSCRIPT]] ,[[PUNCT]] \bar{\calD}[[UNKNOWN]] _{\dot{\beta}}[[POSTSUBSCRIPT]] \}[[CLOSE]] =[[RELOP]] 0[[NUMBER]] ,[[PUNCT]] \{[[OPEN]] D[[UNKNOWN]] _{\alpha}[[POSTSUBSCRIPT]] ,[[PUNCT]] \bar{\calD}[[UNKNOWN]] _{\dot{\beta}}[[POSTSUBSCRIPT]] \}[[CLOSE]] =[[RELOP]] -[[ADDOP]] 2[[NUMBER]] i[[UNKNOWN]] D[[UNKNOWN]] _{\alpha{\dot{\beta}}}[[POSTSUBSCRIPT]]
Warning:not_parsed:UNKNOWN.POSTSUPERSCRIPT.CLOSE>OPEN MathParser failed to match rule 'Anything'
	at 0302205.tex; line 1581 col 26 - line 1586 col 1
	In "$\displaystyle I(z,z^{\prime})\,\Big{(}-\frac{{\rm i}}{4}\zeta^{{\dot{\alpha}}%
	\alpha}F_{\alpha{\dot{\alpha}},\beta{\dot{\beta}}}(z^{\prime})-{\rm i}\,\zeta_%
	{\beta}\bar{W}_{{\dot{\beta}}}(z^{\prime})+{\rm i}\,\bar{\zeta}_{{\dot{\beta}}%
	}W_{\beta}(z^{\prime})$"
	I[[UNKNOWN]] ([[OPEN]] z[[UNKNOWN]] ,[[PUNCT]] z[[UNKNOWN]] ^{\prime}[[POSTSUPERSCRIPT]] )[[CLOSE]]
	        > ([[OPEN]] -[[ADDOP]] \frac{{\rmi}}{4}[[UNKNOWN]] ζ[[UNKNOWN]] ^{{\dot{\alpha}}\alpha}[[POSTSUPERSCRIPT]] F[[UNKNOWN]] _{\alpha{\dot{\alpha}},\beta{\dot{\beta}}}[[POSTSUBSCRIPT]] ([[OPEN]] z[[UNKNOWN]] ^{\prime}[[POSTSUPERSCRIPT]] )[[CLOSE]] -[[ADDOP]] i[[UNKNOWN]] ζ[[UNKNOWN]] _{\beta}[[POSTSUBSCRIPT]] \bar{W}[[UNKNOWN]] _{{\dot{\beta}}}[[POSTSUBSCRIPT]] ([[OPEN]] z[[UNKNOWN]] ^{\prime}[[POSTSUPERSCRIPT]] )[[CLOSE]] +[[ADDOP]] i[[UNKNOWN]] \bar{\zeta}[[UNKNOWN]] _{{\dot{\beta}}}[[POSTSUBSCRIPT]] W[[UNKNOWN]] _{\beta}[[POSTSUBSCRIPT]] ([[OPEN]] z[[UNKNOWN]] ^{\prime}[[POSTSUPERSCRIPT]] )[[CLOSE]]
Warning:not_parsed:UNKNOWN.POSTSUPERSCRIPT.CLOSE>CLOSE MathParser failed to match rule 'Anything'
	at 0302205.tex; line 1586 col 11 - line 1593 col 1
	In "$\displaystyle\phantom{I(z,z^{\prime})\,\Big{(}}+\frac{2{\rm i}}{3}\,\bar{%
	\zeta}_{{\dot{\beta}}}\zeta^{\alpha}{\cal D}_{\alpha}W_{\beta}(z^{\prime})+%
	\frac{2{\rm i}}{3}\,\zeta_{\beta}\bar{\zeta}^{{\dot{\alpha}}}\bar{{\cal D}}_{{%
	\dot{\alpha}}}\bar{W}_{{\dot{\beta}}}(z^{\prime})\Big{)}$"
	+[[ADDOP]] \frac{2{\rmi}}{3}[[UNKNOWN]] \bar{\zeta}[[UNKNOWN]] _{{\dot{\beta}}}[[POSTSUBSCRIPT]] ζ[[UNKNOWN]] ^{\alpha}[[POSTSUPERSCRIPT]] D[[UNKNOWN]] _{\alpha}[[POSTSUBSCRIPT]] W[[UNKNOWN]] _{\beta}[[POSTSUBSCRIPT]] ([[OPEN]] z[[UNKNOWN]] ^{\prime}[[POSTSUPERSCRIPT]] )[[CLOSE]] +[[ADDOP]] \frac{2{\rmi}}{3}[[UNKNOWN]] ζ[[UNKNOWN]] _{\beta}[[POSTSUBSCRIPT]] \bar{\zeta}[[UNKNOWN]] ^{{\dot{\alpha}}}[[POSTSUPERSCRIPT]] \bar{{\calD}}[[UNKNOWN]] _{{\dot{\alpha}}}[[POSTSUBSCRIPT]] \bar{W}[[UNKNOWN]] _{{\dot{\beta}}}[[POSTSUBSCRIPT]] ([[OPEN]] z[[UNKNOWN]] ^{\prime}[[POSTSUPERSCRIPT]] )[[CLOSE]]
	        > )[[CLOSE]]
Warning:not_parsed:>OPEN MathParser failed to match rule 'Anything'
	at 0302205.tex; line 1593 col 8 - line 1598 col 1
	In "$\displaystyle\Big{(}-\frac{{\rm i}}{4}\zeta^{{\dot{\alpha}}\alpha}F_{\alpha{%
	\dot{\alpha}},\beta{\dot{\beta}}}(z)-{\rm i}\,\zeta_{\beta}\bar{W}_{{\dot{%
	\beta}}}(z)+{\rm i}\,\bar{\zeta}_{{\dot{\beta}}}W_{\beta}(z)$"
	> ([[OPEN]] -[[ADDOP]] \frac{{\rmi}}{4}[[UNKNOWN]] ζ[[UNKNOWN]] ^{{\dot{\alpha}}\alpha}[[POSTSUPERSCRIPT]] F[[UNKNOWN]] _{\alpha{\dot{\alpha}},\beta{\dot{\beta}}}[[POSTSUBSCRIPT]] ([[OPEN]] z[[UNKNOWN]] )[[CLOSE]] -[[ADDOP]] i[[UNKNOWN]] ζ[[UNKNOWN]] _{\beta}[[POSTSUBSCRIPT]] \bar{W}[[UNKNOWN]] _{{\dot{\beta}}}[[POSTSUBSCRIPT]] ([[OPEN]] z[[UNKNOWN]] )[[CLOSE]] +[[ADDOP]] i[[UNKNOWN]] \bar{\zeta}[[UNKNOWN]] _{{\dot{\beta}}}[[POSTSUBSCRIPT]] W[[UNKNOWN]] _{\beta}[[POSTSUBSCRIPT]] ([[OPEN]] z[[UNKNOWN]] )[[CLOSE]]
Warning:not_parsed:OPEN.UNKNOWN.CLOSE>CLOSE MathParser failed to match rule 'Anything'
	at 0302205.tex; line 1599 col 8 - line 1604 col 3
	In "$\displaystyle\phantom{\Big{(}}-\frac{{\rm i}}{3}\,\bar{\zeta}_{{\dot{\beta}}}%
	\zeta^{\alpha}{\cal D}_{\alpha}W_{\beta}(z)-\frac{{\rm i}}{3}\,\zeta_{\beta}%
	\bar{\zeta}^{{\dot{\alpha}}}\bar{{\cal D}}_{{\dot{\alpha}}}\bar{W}_{{\dot{%
	\beta}}}(z)\Big{)}\,I(z,z^{\prime})~{};$"
	-[[ADDOP]] \frac{{\rmi}}{3}[[UNKNOWN]] \bar{\zeta}[[UNKNOWN]] _{{\dot{\beta}}}[[POSTSUBSCRIPT]] ζ[[UNKNOWN]] ^{\alpha}[[POSTSUPERSCRIPT]] D[[UNKNOWN]] _{\alpha}[[POSTSUBSCRIPT]] W[[UNKNOWN]] _{\beta}[[POSTSUBSCRIPT]] ([[OPEN]] z[[UNKNOWN]] )[[CLOSE]] -[[ADDOP]] \frac{{\rmi}}{3}[[UNKNOWN]] ζ[[UNKNOWN]] _{\beta}[[POSTSUBSCRIPT]] \bar{\zeta}[[UNKNOWN]] ^{{\dot{\alpha}}}[[POSTSUPERSCRIPT]] \bar{{\calD}}[[UNKNOWN]] _{{\dot{\alpha}}}[[POSTSUBSCRIPT]] \bar{W}[[UNKNOWN]] _{{\dot{\beta}}}[[POSTSUBSCRIPT]] ([[OPEN]] z[[UNKNOWN]] )[[CLOSE]]
	        > )[[CLOSE]] I[[UNKNOWN]] ([[OPEN]] z[[UNKNOWN]] ,[[PUNCT]] z[[UNKNOWN]] ^{\prime}[[POSTSUPERSCRIPT]] )[[CLOSE]]
Warning:not_parsed:UNKNOWN.POSTSUPERSCRIPT.CLOSE>OPEN MathParser failed to match rule 'Anything'
	at 0302205.tex; line 1604 col 22 - line 1614 col 1
	In "$\displaystyle I(z,z^{\prime})\,\Big{(}\frac{1}{12}\,\bar{\zeta}^{{\dot{\beta}%
	}}\zeta^{\alpha{\dot{\alpha}}}F_{\alpha{\dot{\alpha}},\beta{\dot{\beta}}}(z^{%
	\prime})-{\rm i}\,\zeta_{\beta{\dot{\beta}}}\Big{\{}\frac{1}{2}\bar{W}^{{\dot{%
	\beta}}}(z^{\prime})-\frac{1}{3}\bar{\zeta}^{{\dot{\alpha}}}\bar{{\cal D}}_{{%
	\dot{\alpha}}}\bar{W}^{{\dot{\beta}}}(z^{\prime})\Big{\}}$"
	I[[UNKNOWN]] ([[OPEN]] z[[UNKNOWN]] ,[[PUNCT]] z[[UNKNOWN]] ^{\prime}[[POSTSUPERSCRIPT]] )[[CLOSE]]
	        > ([[OPEN]] \frac{1}{12}[[UNKNOWN]] \bar{\zeta}[[UNKNOWN]] ^{{\dot{\beta}}}[[POSTSUPERSCRIPT]] ζ[[UNKNOWN]] ^{\alpha{\dot{\alpha}}}[[POSTSUPERSCRIPT]] F[[UNKNOWN]] _{\alpha{\dot{\alpha}},\beta{\dot{\beta}}}[[POSTSUBSCRIPT]] ([[OPEN]] z[[UNKNOWN]] ^{\prime}[[POSTSUPERSCRIPT]] )[[CLOSE]] -[[ADDOP]] i[[UNKNOWN]] ζ[[UNKNOWN]] _{\beta{\dot{\beta}}}[[POSTSUBSCRIPT]] \{[[OPEN]] \frac{1}{2}[[UNKNOWN]] \bar{W}[[UNKNOWN]] ^{{\dot{\beta}}}[[POSTSUPERSCRIPT]] ([[OPEN]] z[[UNKNOWN]] ^{\prime}[[POSTSUPERSCRIPT]] )[[CLOSE]] -[[ADDOP]] \frac{1}{3}[[UNKNOWN]] \bar{\zeta}[[UNKNOWN]] ^{{\dot{\alpha}}}[[POSTSUPERSCRIPT]] \bar{{\calD}}[[UNKNOWN]] _{{\dot{\alpha}}}[[POSTSUBSCRIPT]] \bar{W}[[UNKNOWN]] ^{{\dot{\beta}}}[[POSTSUPERSCRIPT]] ([[OPEN]] z[[UNKNOWN]] ^{\prime}[[POSTSUPERSCRIPT]] )[[CLOSE]] \}[[CLOSE]]
Warning:not_parsed:POSTSUPERSCRIPT.CLOSE.CLOSE>CLOSE MathParser failed to match rule 'Anything'
	at 0302205.tex; line 1615 col 1 - line 1623 col 1
	In "$\displaystyle+\frac{1}{3}\,\zeta_{\beta}\bar{\zeta}_{{\dot{\beta}}}\bar{W}^{{%
	\dot{\beta}}}(z^{\prime})+\frac{1}{3}\bar{\zeta}^{2}\Big{\{}W_{\beta}(z^{%
	\prime})+\frac{1}{2}\zeta^{\alpha}{\cal D}_{\alpha}W_{\beta}(z^{\prime})-\frac%
	{1}{4}\zeta_{\beta}{\cal D}^{\alpha}W_{\alpha}(z^{\prime})\Big{\}}\Big{)}$"
	+[[ADDOP]] \frac{1}{3}[[UNKNOWN]] ζ[[UNKNOWN]] _{\beta}[[POSTSUBSCRIPT]] \bar{\zeta}[[UNKNOWN]] _{{\dot{\beta}}}[[POSTSUBSCRIPT]] \bar{W}[[UNKNOWN]] ^{{\dot{\beta}}}[[POSTSUPERSCRIPT]] ([[OPEN]] z[[UNKNOWN]] ^{\prime}[[POSTSUPERSCRIPT]] )[[CLOSE]] +[[ADDOP]] \frac{1}{3}[[UNKNOWN]] \bar{\zeta}[[UNKNOWN]] ^{2}[[POSTSUPERSCRIPT]] \{[[OPEN]] W[[UNKNOWN]] _{\beta}[[POSTSUBSCRIPT]] ([[OPEN]] z[[UNKNOWN]] ^{\prime}[[POSTSUPERSCRIPT]] )[[CLOSE]] +[[ADDOP]] \frac{1}{2}[[UNKNOWN]] ζ[[UNKNOWN]] ^{\alpha}[[POSTSUPERSCRIPT]] D[[UNKNOWN]] _{\alpha}[[POSTSUBSCRIPT]] W[[UNKNOWN]] _{\beta}[[POSTSUBSCRIPT]] ([[OPEN]] z[[UNKNOWN]] ^{\prime}[[POSTSUPERSCRIPT]] )[[CLOSE]] -[[ADDOP]] \frac{1}{4}[[UNKNOWN]] ζ[[UNKNOWN]] _{\beta}[[POSTSUBSCRIPT]] D[[UNKNOWN]] ^{\alpha}[[POSTSUPERSCRIPT]] W[[UNKNOWN]] _{\alpha}[[POSTSUBSCRIPT]] ([[OPEN]] z[[UNKNOWN]] ^{\prime}[[POSTSUPERSCRIPT]] )[[CLOSE]] \}[[CLOSE]]
	        > )[[CLOSE]]
Warning:not_parsed:>OPEN MathParser failed to match rule 'Anything'
	at 0302205.tex; line 1623 col 8 - line 1631 col 1
	In "$\displaystyle\Big{(}\frac{1}{12}\,\bar{\zeta}^{{\dot{\beta}}}\zeta^{\alpha{%
	\dot{\alpha}}}\,F_{\alpha{\dot{\alpha}},\beta{\dot{\beta}}}(z)-\frac{{\rm i}}{%
	2}\,\zeta_{\beta{\dot{\beta}}}\Big{\{}\bar{W}^{{\dot{\beta}}}(z)+\frac{1}{3}%
	\bar{\zeta}^{{\dot{\alpha}}}\bar{{\cal D}}_{{\dot{\alpha}}}\bar{W}^{{\dot{%
	\beta}}}(z)\Big{\}}+\frac{1}{3}\,\zeta_{\beta}\bar{\zeta}_{{\dot{\beta}}}\bar{%
	W}^{{\dot{\beta}}}(z)$"
	> ([[OPEN]] \frac{1}{12}[[UNKNOWN]] \bar{\zeta}[[UNKNOWN]] ^{{\dot{\beta}}}[[POSTSUPERSCRIPT]] ζ[[UNKNOWN]] ^{\alpha{\dot{\alpha}}}[[POSTSUPERSCRIPT]] F[[UNKNOWN]] _{\alpha{\dot{\alpha}},\beta{\dot{\beta}}}[[POSTSUBSCRIPT]] ([[OPEN]] z[[UNKNOWN]] )[[CLOSE]] -[[ADDOP]] \frac{{\rmi}}{2}[[UNKNOWN]] ζ[[UNKNOWN]] _{\beta{\dot{\beta}}}[[POSTSUBSCRIPT]] \{[[OPEN]] \bar{W}[[UNKNOWN]] ^{{\dot{\beta}}}[[POSTSUPERSCRIPT]] ([[OPEN]] z[[UNKNOWN]] )[[CLOSE]] +[[ADDOP]] \frac{1}{3}[[UNKNOWN]] \bar{\zeta}[[UNKNOWN]] ^{{\dot{\alpha}}}[[POSTSUPERSCRIPT]] \bar{{\calD}}[[UNKNOWN]] _{{\dot{\alpha}}}[[POSTSUBSCRIPT]] \bar{W}[[UNKNOWN]] ^{{\dot{\beta}}}[[POSTSUPERSCRIPT]] ([[OPEN]] z[[UNKNOWN]] )[[CLOSE]] \}[[CLOSE]] +[[ADDOP]] \frac{1}{3}[[UNKNOWN]] ζ[[UNKNOWN]] _{\beta}[[POSTSUBSCRIPT]] \bar{\zeta}[[UNKNOWN]] _{{\dot{\beta}}}[[POSTSUBSCRIPT]] \bar{W}[[UNKNOWN]] ^{{\dot{\beta}}}[[POSTSUPERSCRIPT]] ([[OPEN]] z[[UNKNOWN]] )[[CLOSE]]
Warning:not_parsed:UNKNOWN.CLOSE.CLOSE>CLOSE MathParser failed to match rule 'Anything'
	at 0302205.tex; line 1631 col 12 - line 1637 col 1
	In "$\displaystyle\phantom{\Big{(}}+\frac{1}{3}\bar{\zeta}^{2}\Big{\{}W_{\beta}(z)%
	-\frac{1}{2}\zeta^{\alpha}{\cal D}_{\alpha}W_{\beta}(z)+\frac{1}{4}\zeta_{%
	\beta}{{\cal D}}^{\alpha}{W}_{\alpha}(z)\Big{\}}\Big{)}\,I(z,z^{\prime})~{};$"
	+[[ADDOP]] \frac{1}{3}[[UNKNOWN]] \bar{\zeta}[[UNKNOWN]] ^{2}[[POSTSUPERSCRIPT]] \{[[OPEN]] W[[UNKNOWN]] _{\beta}[[POSTSUBSCRIPT]] ([[OPEN]] z[[UNKNOWN]] )[[CLOSE]] -[[ADDOP]] \frac{1}{2}[[UNKNOWN]] ζ[[UNKNOWN]] ^{\alpha}[[POSTSUPERSCRIPT]] D[[UNKNOWN]] _{\alpha}[[POSTSUBSCRIPT]] W[[UNKNOWN]] _{\beta}[[POSTSUBSCRIPT]] ([[OPEN]] z[[UNKNOWN]] )[[CLOSE]] +[[ADDOP]] \frac{1}{4}[[UNKNOWN]] ζ[[UNKNOWN]] _{\beta}[[POSTSUBSCRIPT]] D[[UNKNOWN]] ^{\alpha}[[POSTSUPERSCRIPT]] W[[UNKNOWN]] _{\alpha}[[POSTSUBSCRIPT]] ([[OPEN]] z[[UNKNOWN]] )[[CLOSE]] \}[[CLOSE]]
	        > )[[CLOSE]] I[[UNKNOWN]] ([[OPEN]] z[[UNKNOWN]] ,[[PUNCT]] z[[UNKNOWN]] ^{\prime}[[POSTSUPERSCRIPT]] )[[CLOSE]]
Warning:not_parsed:UNKNOWN.POSTSUPERSCRIPT.CLOSE>OPEN MathParser failed to match rule 'Anything'
	at 0302205.tex; line 1637 col 30 - line 1643 col 14
	In "$\displaystyle I(z,z^{\prime})\,\Big{(}-\frac{1}{12}\,\zeta^{\beta}\zeta^{%
	\alpha{\dot{\alpha}}}\,F_{\alpha{\dot{\alpha}},\beta{\dot{\beta}}}(z^{\prime})%
	-{\rm i}\,\zeta_{\beta{\dot{\beta}}}\Big{\{}\frac{1}{2}W^{\beta}(z^{\prime})+%
	\frac{1}{3}\zeta^{\alpha}{\cal D}_{\alpha}W^{\beta}(z^{\prime})\Big{\}}$"
	I[[UNKNOWN]] ([[OPEN]] z[[UNKNOWN]] ,[[PUNCT]] z[[UNKNOWN]] ^{\prime}[[POSTSUPERSCRIPT]] )[[CLOSE]]
	        > ([[OPEN]] -[[ADDOP]] \frac{1}{12}[[UNKNOWN]] ζ[[UNKNOWN]] ^{\beta}[[POSTSUPERSCRIPT]] ζ[[UNKNOWN]] ^{\alpha{\dot{\alpha}}}[[POSTSUPERSCRIPT]] F[[UNKNOWN]] _{\alpha{\dot{\alpha}},\beta{\dot{\beta}}}[[POSTSUBSCRIPT]] ([[OPEN]] z[[UNKNOWN]] ^{\prime}[[POSTSUPERSCRIPT]] )[[CLOSE]] -[[ADDOP]] i[[UNKNOWN]] ζ[[UNKNOWN]] _{\beta{\dot{\beta}}}[[POSTSUBSCRIPT]] \{[[OPEN]] \frac{1}{2}[[UNKNOWN]] W[[UNKNOWN]] ^{\beta}[[POSTSUPERSCRIPT]] ([[OPEN]] z[[UNKNOWN]] ^{\prime}[[POSTSUPERSCRIPT]] )[[CLOSE]] +[[ADDOP]] \frac{1}{3}[[UNKNOWN]] ζ[[UNKNOWN]] ^{\alpha}[[POSTSUPERSCRIPT]] D[[UNKNOWN]] _{\alpha}[[POSTSUBSCRIPT]] W[[UNKNOWN]] ^{\beta}[[POSTSUPERSCRIPT]] ([[OPEN]] z[[UNKNOWN]] ^{\prime}[[POSTSUPERSCRIPT]] )[[CLOSE]] \}[[CLOSE]]
Warning:not_parsed:POSTSUPERSCRIPT.CLOSE.CLOSE>CLOSE MathParser failed to match rule 'Anything'
	at 0302205.tex; line 1644 col 1 - line 1652 col 1
	In "$\displaystyle-\frac{1}{3}\,\bar{\zeta}_{{\dot{\beta}}}\zeta^{\beta}W_{\beta}(%
	z^{\prime})-\frac{1}{3}\zeta^{2}\Big{\{}\bar{W}_{{\dot{\beta}}}(z^{\prime})-%
	\frac{1}{2}\bar{\zeta}^{{\dot{\alpha}}}\bar{{\cal D}}_{{\dot{\alpha}}}\bar{W}_%
	{{\dot{\beta}}}(z^{\prime})+\frac{1}{4}\bar{\zeta}_{{\dot{\beta}}}{\bar{\cal D%
	}}^{{\dot{\alpha}}}{\bar{W}}_{{\dot{\alpha}}}(z^{\prime})\Big{\}}\Big{)}$"
	-[[ADDOP]] \frac{1}{3}[[UNKNOWN]] \bar{\zeta}[[UNKNOWN]] _{{\dot{\beta}}}[[POSTSUBSCRIPT]] ζ[[UNKNOWN]] ^{\beta}[[POSTSUPERSCRIPT]] W[[UNKNOWN]] _{\beta}[[POSTSUBSCRIPT]] ([[OPEN]] z[[UNKNOWN]] ^{\prime}[[POSTSUPERSCRIPT]] )[[CLOSE]] -[[ADDOP]] \frac{1}{3}[[UNKNOWN]] ζ[[UNKNOWN]] ^{2}[[POSTSUPERSCRIPT]] \{[[OPEN]] \bar{W}[[UNKNOWN]] _{{\dot{\beta}}}[[POSTSUBSCRIPT]] ([[OPEN]] z[[UNKNOWN]] ^{\prime}[[POSTSUPERSCRIPT]] )[[CLOSE]] -[[ADDOP]] \frac{1}{2}[[UNKNOWN]] \bar{\zeta}[[UNKNOWN]] ^{{\dot{\alpha}}}[[POSTSUPERSCRIPT]] \bar{{\calD}}[[UNKNOWN]] _{{\dot{\alpha}}}[[POSTSUBSCRIPT]] \bar{W}[[UNKNOWN]] _{{\dot{\beta}}}[[POSTSUBSCRIPT]] ([[OPEN]] z[[UNKNOWN]] ^{\prime}[[POSTSUPERSCRIPT]] )[[CLOSE]] +[[ADDOP]] \frac{1}{4}[[UNKNOWN]] \bar{\zeta}[[UNKNOWN]] _{{\dot{\beta}}}[[POSTSUBSCRIPT]] \bar{\calD}[[UNKNOWN]] ^{{\dot{\alpha}}}[[POSTSUPERSCRIPT]] \bar{W}[[UNKNOWN]] _{{\dot{\alpha}}}[[POSTSUBSCRIPT]] ([[OPEN]] z[[UNKNOWN]] ^{\prime}[[POSTSUPERSCRIPT]] )[[CLOSE]] \}[[CLOSE]]
	        > )[[CLOSE]]
Warning:not_parsed:>OPEN MathParser failed to match rule 'Anything'
	at 0302205.tex; line 1652 col 8 - line 1657 col 1
	In "$\displaystyle\Big{(}-\frac{1}{12}\,\zeta^{\beta}\zeta^{\alpha{\dot{\alpha}}}F%
	_{\alpha{\dot{\alpha}},\beta{\dot{\beta}}}(z)-\frac{{\rm i}}{2}\,\zeta_{\beta{%
	\dot{\beta}}}\Big{\{}W^{\beta}(z)-\frac{1}{3}\zeta^{\alpha}{\cal D}_{\alpha}W^%
	{\beta}(z)\Big{\}}-\frac{1}{3}\,\bar{\zeta}_{{\dot{\beta}}}\zeta^{\beta}W_{%
	\beta}(z)$"
	> ([[OPEN]] -[[ADDOP]] \frac{1}{12}[[UNKNOWN]] ζ[[UNKNOWN]] ^{\beta}[[POSTSUPERSCRIPT]] ζ[[UNKNOWN]] ^{\alpha{\dot{\alpha}}}[[POSTSUPERSCRIPT]] F[[UNKNOWN]] _{\alpha{\dot{\alpha}},\beta{\dot{\beta}}}[[POSTSUBSCRIPT]] ([[OPEN]] z[[UNKNOWN]] )[[CLOSE]] -[[ADDOP]] \frac{{\rmi}}{2}[[UNKNOWN]] ζ[[UNKNOWN]] _{\beta{\dot{\beta}}}[[POSTSUBSCRIPT]] \{[[OPEN]] W[[UNKNOWN]] ^{\beta}[[POSTSUPERSCRIPT]] ([[OPEN]] z[[UNKNOWN]] )[[CLOSE]] -[[ADDOP]] \frac{1}{3}[[UNKNOWN]] ζ[[UNKNOWN]] ^{\alpha}[[POSTSUPERSCRIPT]] D[[UNKNOWN]] _{\alpha}[[POSTSUBSCRIPT]] W[[UNKNOWN]] ^{\beta}[[POSTSUPERSCRIPT]] ([[OPEN]] z[[UNKNOWN]] )[[CLOSE]] \}[[CLOSE]] -[[ADDOP]] \frac{1}{3}[[UNKNOWN]] \bar{\zeta}[[UNKNOWN]] _{{\dot{\beta}}}[[POSTSUBSCRIPT]] ζ[[UNKNOWN]] ^{\beta}[[POSTSUPERSCRIPT]] W[[UNKNOWN]] _{\beta}[[POSTSUBSCRIPT]] ([[OPEN]] z[[UNKNOWN]] )[[CLOSE]]
Warning:not_parsed:UNKNOWN.CLOSE.CLOSE>CLOSE MathParser failed to match rule 'Anything'
	at 0302205.tex; line 1657 col 5 - line 1664 col 4
	In "$\displaystyle-\frac{1}{3}\zeta^{2}\Big{\{}\bar{W}_{{\dot{\beta}}}(z)+\frac{1}%
	{2}\bar{\zeta}^{{\dot{\alpha}}}\bar{{\cal D}}_{{\dot{\alpha}}}\bar{W}_{{\dot{%
	\beta}}}(z)-\frac{1}{4}\bar{\zeta}_{{\dot{\beta}}}{\bar{\cal D}}^{{\dot{\alpha%
	}}}{\bar{W}}_{{\dot{\alpha}}}(z)\Big{\}}\Big{)}\,I(z,z^{\prime})~{}.$"
	-[[ADDOP]] \frac{1}{3}[[UNKNOWN]] ζ[[UNKNOWN]] ^{2}[[POSTSUPERSCRIPT]] \{[[OPEN]] \bar{W}[[UNKNOWN]] _{{\dot{\beta}}}[[POSTSUBSCRIPT]] ([[OPEN]] z[[UNKNOWN]] )[[CLOSE]] +[[ADDOP]] \frac{1}{2}[[UNKNOWN]] \bar{\zeta}[[UNKNOWN]] ^{{\dot{\alpha}}}[[POSTSUPERSCRIPT]] \bar{{\calD}}[[UNKNOWN]] _{{\dot{\alpha}}}[[POSTSUBSCRIPT]] \bar{W}[[UNKNOWN]] _{{\dot{\beta}}}[[POSTSUBSCRIPT]] ([[OPEN]] z[[UNKNOWN]] )[[CLOSE]] -[[ADDOP]] \frac{1}{4}[[UNKNOWN]] \bar{\zeta}[[UNKNOWN]] _{{\dot{\beta}}}[[POSTSUBSCRIPT]] \bar{\calD}[[UNKNOWN]] ^{{\dot{\alpha}}}[[POSTSUPERSCRIPT]] \bar{W}[[UNKNOWN]] _{{\dot{\alpha}}}[[POSTSUBSCRIPT]] ([[OPEN]] z[[UNKNOWN]] )[[CLOSE]] \}[[CLOSE]]
	        > )[[CLOSE]] I[[UNKNOWN]] ([[OPEN]] z[[UNKNOWN]] ,[[PUNCT]] z[[UNKNOWN]] ^{\prime}[[POSTSUPERSCRIPT]] )[[CLOSE]]
Warning:not_parsed:UNKNOWN.POSTSUBSCRIPT>FLOATSUPERSCRIPT MathParser failed to match rule 'Anything'
	at 0302205.tex; line 1963 col 20 - line 1963 col 51
	In "$N_{\alpha}{}^{\beta}={\cal D}_{\alpha}W^{\beta}$"
	N[[UNKNOWN]] _{\alpha}[[POSTSUBSCRIPT]]
	        > {}^{\beta}[[FLOATSUPERSCRIPT]] =[[RELOP]] D[[UNKNOWN]] _{\alpha}[[POSTSUBSCRIPT]] W[[UNKNOWN]] ^{\beta}[[POSTSUPERSCRIPT]]
Warning:not_parsed:POSTSUPERSCRIPT.CLOSE.POSTSUBSCRIPT>FLOATSUPERSCRIPT MathParser failed to match rule 'Anything'
	at 0302205.tex; line 1965 col 1 - line 1965 col 1
	In "$\displaystyle U(s)\,W^{\alpha}\,U(-s)\equiv W^{\alpha}(s)=W^{\beta}({\rm e}^{%
	-{\rm i}sN})_{\beta}\,{}^{\alpha}~{},\@@ENDINLINEMATH"
	U[[UNKNOWN]] ([[OPEN]] s[[UNKNOWN]] )[[CLOSE]] W[[UNKNOWN]] ^{\alpha}[[POSTSUPERSCRIPT]] U[[UNKNOWN]] ([[OPEN]] -[[ADDOP]] s[[UNKNOWN]] )[[CLOSE]] ≡[[RELOP]] W[[UNKNOWN]] ^{\alpha}[[POSTSUPERSCRIPT]] ([[OPEN]] s[[UNKNOWN]] )[[CLOSE]] =[[RELOP]] W[[UNKNOWN]] ^{\beta}[[POSTSUPERSCRIPT]] ([[OPEN]] e[[UNKNOWN]] ^{-{\rmi}sN}[[POSTSUPERSCRIPT]] )[[CLOSE]] _{\beta}[[POSTSUBSCRIPT]]
	        > {}^{\alpha}[[FLOATSUPERSCRIPT]]
Warning:not_parsed:POSTSUPERSCRIPT.CLOSE.POSTSUBSCRIPT>FLOATSUPERSCRIPT MathParser failed to match rule 'Anything'
	at 0302205.tex; line 1965 col 37 - line 1968 col 1
	In "$\displaystyle W^{\alpha}(s)=W^{\beta}({\rm e}^{-{\rm i}sN})_{\beta}\,{}^{%
	\alpha}~{},$"
	W[[UNKNOWN]] ^{\alpha}[[POSTSUPERSCRIPT]] ([[OPEN]] s[[UNKNOWN]] )[[CLOSE]] =[[RELOP]] W[[UNKNOWN]] ^{\beta}[[POSTSUPERSCRIPT]] ([[OPEN]] e[[UNKNOWN]] ^{-{\rmi}sN}[[POSTSUPERSCRIPT]] )[[CLOSE]] _{\beta}[[POSTSUBSCRIPT]]
	        > {}^{\alpha}[[FLOATSUPERSCRIPT]]
Warning:not_parsed:POSTSUPERSCRIPT.CLOSE.POSTSUBSCRIPT>FLOATSUPERSCRIPT MathParser failed to match rule 'Anything'
	at 0302205.tex; line 1968 col 1 - line 1968 col 1
	In "$\displaystyle U(s)\,\zeta^{\alpha}\,U(-s)\equiv\zeta^{\alpha}(s)=\zeta^{%
	\alpha}+W^{\beta}\,(({{\rm e}^{-{\rm i}sN}-1})\,{N}^{-1})_{\beta}\,{}^{\alpha}%
	~{},\@@ENDINLINEMATH"
	U[[UNKNOWN]] ([[OPEN]] s[[UNKNOWN]] )[[CLOSE]] ζ[[UNKNOWN]] ^{\alpha}[[POSTSUPERSCRIPT]] U[[UNKNOWN]] ([[OPEN]] -[[ADDOP]] s[[UNKNOWN]] )[[CLOSE]] ≡[[RELOP]] ζ[[UNKNOWN]] ^{\alpha}[[POSTSUPERSCRIPT]] ([[OPEN]] s[[UNKNOWN]] )[[CLOSE]] =[[RELOP]] ζ[[UNKNOWN]] ^{\alpha}[[POSTSUPERSCRIPT]] +[[ADDOP]] W[[UNKNOWN]] ^{\beta}[[POSTSUPERSCRIPT]] ([[OPEN]] ([[OPEN]] e[[UNKNOWN]] ^{-{\rmi}sN}[[POSTSUPERSCRIPT]] -[[ADDOP]] 1[[NUMBER]] )[[CLOSE]] N[[UNKNOWN]] ^{-1}[[POSTSUPERSCRIPT]] )[[CLOSE]] _{\beta}[[POSTSUBSCRIPT]]
	        > {}^{\alpha}[[FLOATSUPERSCRIPT]]
Warning:not_parsed:POSTSUPERSCRIPT.CLOSE.POSTSUBSCRIPT>FLOATSUPERSCRIPT MathParser failed to match rule 'Anything'
	at 0302205.tex; line 1968 col 39 - line 1970 col 1
	In "$\displaystyle\zeta^{\alpha}(s)=\zeta^{\alpha}+W^{\beta}\,(({{\rm e}^{-{\rm i}%
	sN}-1})\,{N}^{-1})_{\beta}\,{}^{\alpha}~{},$"
	ζ[[UNKNOWN]] ^{\alpha}[[POSTSUPERSCRIPT]] ([[OPEN]] s[[UNKNOWN]] )[[CLOSE]] =[[RELOP]] ζ[[UNKNOWN]] ^{\alpha}[[POSTSUPERSCRIPT]] +[[ADDOP]] W[[UNKNOWN]] ^{\beta}[[POSTSUPERSCRIPT]] ([[OPEN]] ([[OPEN]] e[[UNKNOWN]] ^{-{\rmi}sN}[[POSTSUPERSCRIPT]] -[[ADDOP]] 1[[NUMBER]] )[[CLOSE]] N[[UNKNOWN]] ^{-1}[[POSTSUPERSCRIPT]] )[[CLOSE]] _{\beta}[[POSTSUBSCRIPT]]
	        > {}^{\alpha}[[FLOATSUPERSCRIPT]]
Warning:not_parsed:OPEN.UNKNOWN.POSTSUBSCRIPT> MathParser failed to match rule 'Subscript'
	at 0302205.tex; line 2141 col 51 - line 2141 col 51
	In "$\displaystyle(n+1)\,\zeta^{A_{n}}\ldots\zeta^{A_{1}}{\cal D}_{(A_{1}}\ldots{%
	\cal D}_{A_{n}}{\cal D}_{B\}}=\zeta^{A_{n}}\ldots\zeta^{A_{1}}{\cal D}_{A_{1}}%
	\ldots{\cal D}_{A_{n}}{\cal D}_{B}+\sum_{i=1}^{n}(-1)^{B(A_{i}+\ldots+A_{n})}%
	\zeta^{A_{n}}\ldots\zeta^{A_{1}}{\cal D}_{A_{1}}\ldots{\cal D}_{A_{i-1}}{\cal D%
	}_{B}{\cal D}_{A_{i}}\ldots{\cal D}_{A_{n}}~{},\@@ENDINLINEMATH"
	([[OPEN]] A[[UNKNOWN]] _{1}[[POSTSUBSCRIPT]]
	        > 
Warning:not_parsed:UNKNOWN>CLOSE MathParser failed to match rule 'Subscript'
	at 0302205.tex; line 2142 col 0 - line 2142 col 23
	B[[UNKNOWN]]
	        > \}[[CLOSE]]
Warning:not_parsed:>OPEN MathParser failed to match rule 'Anything'
	at 0302205.tex; line 2141 col 3 - line 2141 col 6
	In "$\displaystyle(n$"
	> ([[OPEN]] n[[UNKNOWN]]
Warning:not_parsed:OPEN.UNKNOWN.POSTSUBSCRIPT> MathParser failed to match rule 'Subscript'
	at 0302205.tex; line 2141 col 51 - line 2141 col 51
	In "$\displaystyle 1)\,\zeta^{A_{n}}\ldots\zeta^{A_{1}}{\cal D}_{(A_{1}}\ldots{%
	\cal D}_{A_{n}}{\cal D}_{B\}}=\zeta^{A_{n}}\ldots\zeta^{A_{1}}{\cal D}_{A_{1}}%
	\ldots{\cal D}_{A_{n}}{\cal D}_{B}$"
	([[OPEN]] A[[UNKNOWN]] _{1}[[POSTSUBSCRIPT]]
	        > 
Warning:not_parsed:UNKNOWN>CLOSE MathParser failed to match rule 'Subscript'
	at 0302205.tex; line 2142 col 0 - line 2142 col 23
	B[[UNKNOWN]]
	        > \}[[CLOSE]]
Warning:not_parsed:NUMBER>CLOSE MathParser failed to match rule 'Anything'
	at 0302205.tex; line 2141 col 10 - line 2145 col 1
	1[[NUMBER]]
	        > )[[CLOSE]] ζ[[UNKNOWN]] ^{A_{n}}[[POSTSUPERSCRIPT]] \ldots[[ID]] ζ[[UNKNOWN]] ^{A_{1}}[[POSTSUPERSCRIPT]] D[[UNKNOWN]] _{(A_{1}}[[POSTSUBSCRIPT]] \ldots[[ID]] D[[UNKNOWN]] _{A_{n}}[[POSTSUBSCRIPT]] D[[UNKNOWN]] _{B\}}[[POSTSUBSCRIPT]] =[[RELOP]] ζ[[UNKNOWN]] ^{A_{n}}[[POSTSUPERSCRIPT]] \ldots[[ID]] ζ[[UNKNOWN]] ^{A_{1}}[[POSTSUPERSCRIPT]] D[[UNKNOWN]] _{A_{1}}[[POSTSUBSCRIPT]] \ldots[[ID]] D[[UNKNOWN]] _{A_{n}}[[POSTSUBSCRIPT]] D[[UNKNOWN]] _{B}[[POSTSUBSCRIPT]]
Warning:not_parsed:OPEN.UNKNOWN.POSTSUBSCRIPT> MathParser failed to match rule 'Subscript'
	at 0302205.tex; line 2151 col 11 - line 2151 col 11
	In "\begin{equation}{\cal D}_{(A_{1}}\ldots{\cal D}_{A_{n}}{\cal D}_{B\}}\,I(z,z^{%
	\prime})\Big{|}_{z=z^{\prime}}=0~{}.\end{equation}"
	([[OPEN]] A[[UNKNOWN]] _{1}[[POSTSUBSCRIPT]]
	        > 
Warning:not_parsed:UNKNOWN>CLOSE MathParser failed to match rule 'Subscript'
	at 0302205.tex; line 2151 col 40 - line 2151 col 40
	B[[UNKNOWN]]
	        > \}[[CLOSE]]
Warning:not_parsed:UNKNOWN.POSTSUBSCRIPT>FLOATSUPERSCRIPT MathParser failed to match rule 'Anything'
	at 0302205.tex; line 2193 col 20 - line 2193 col 30
	In "$T_{AB}{}^{C}$"
	T[[UNKNOWN]] _{AB}[[POSTSUBSCRIPT]]
	        > {}^{C}[[FLOATSUPERSCRIPT]]
Warning:not_parsed:UNKNOWN.POSTSUBSCRIPT>FLOATSUPERSCRIPT MathParser failed to match rule 'Anything'
	at 0302205.tex; line 2214 col 0 - line 2218 col 3
	In "\begin{equation}T_{AB}{}^{C}\,[{\cal D}_{C},{\cal D}_{D}\}=(-1)^{C}\,T_{AB}{}^%
	{C}\,[{\cal D}_{C},{\cal D}_{D}\}={\rm i}\,T_{AB}{}^{C}\,F_{CD}~{}.\end{equation}"
	T[[UNKNOWN]] _{AB}[[POSTSUBSCRIPT]]
	        > {}^{C}[[FLOATSUPERSCRIPT]] [[[OPEN]] D[[UNKNOWN]] _{C}[[POSTSUBSCRIPT]] ,[[PUNCT]] D[[UNKNOWN]] _{D}[[POSTSUBSCRIPT]] \}[[CLOSE]] =[[RELOP]] ([[OPEN]] -[[ADDOP]] 1[[NUMBER]] )[[CLOSE]] ^{C}[[POSTSUPERSCRIPT]] T[[UNKNOWN]] _{AB}[[POSTSUBSCRIPT]] {}^{C}[[FLOATSUPERSCRIPT]] [[[OPEN]] D[[UNKNOWN]] _{C}[[POSTSUBSCRIPT]] ,[[PUNCT]] D[[UNKNOWN]] _{D}[[POSTSUBSCRIPT]] \}[[CLOSE]] =[[RELOP]] i[[UNKNOWN]] T[[UNKNOWN]] _{AB}[[POSTSUBSCRIPT]] {}^{C}[[FLOATSUPERSCRIPT]] F[[UNKNOWN]] _{CD}[[POSTSUBSCRIPT]]
 56.45 sec)
Math parsing succeeded:
   ltx:XMath: 594/628
   ltx:XMArg: 4075/4091
Symbols assumed as simple identifiers (with # of occurences):
   'A{italic}' (331), 'Box' (19), 'B{italic}' (59), 'C{italic}' (17), 'Delta' (5), 'D{caligraphic}' (346), 'D{italic}' (21), 'F{italic}' (115), 'Gamma' (9), 'G{italic}' (15), 'I{caligraphic}' (18), 'I{italic}' (209), 'J{italic}' (16), 'K{italic}' (48), 'Lambda' (3), 'M{italic}' (3), 'N{caligraphic}' (17), 'N{italic}' (11), 'Omega' (4), 'P' (3), 'Phi' (6), 'Psi' (16), 'P{caligraphic}' (38), 'Sigma' (1), 'Tr' (3), 'T{italic}' (30), 'Upsilon' (2), 'U{italic}' (35), 'V{caligraphic}' (4), 'V{italic}' (15), 'W{italic}' (115), 'Xi' (7), 'X{italic}' (11), 'Z{italic}' (6), 'alpha' (48), 'a{bold}' (6), 'a{italic}' (125), 'beta' (36), 'b{italic}' (27), 'chi' (5), 'c{italic}' (8), 'd' (82), 'delta' (41), 'd{italic}' (14), 'e' (129), 'e{italic}' (1), 'gamma' (2), 'i' (222), 'i{italic}' (55), 'j{italic}' (1), 'kappa' (12), 'k{italic}' (140), 'lambda' (14), 'm{italic}' (8), 'n{italic}' (139), 'omega' (6), 'or' (1), 'phi' (2), 'pi' (34), 'p{italic}' (9), 'rho' (5), 'sigma' (10), 's{italic}' (255), 'tau' (14), 'theta' (41), 'tr' (2), 't{italic}' (100), 'varepsilon' (20), 'varphi' (8), 'w{italic}' (5), 'x{italic}' (714), 'y{italic}' (10), 'zeta' (343), 'z{italic}' (626), '{' (4)
Set MATHPARSER_SPECULATE to speculate on possible notations.
(Finalizing... 5.15 sec)
Conversion complete 53 warnings (See /home/user/latex-in-arxiv/0302205.latexml.log) (reqd. 1m 35.89s)
