latexmlpost (LaTeXML version 0.8.6) paginating /home/user/latex-in-arxiv/2003/0302039.xml
(post-processing...
(Scan  processing...
Scan: DBStatus: 3535/0 objects
 1.61 sec)
(MakeBibliography  processing... 0.00 sec)
(CrossRef  processing...
Warning:expected:ids Missing Entry for citation: MatK
	In Post::CrossRef[@0x5576b9ee4360] ->process
Warning:expected:ids Missing File location for ID: bib.bib4,bib.bib17,S2.E3,S6.E85,bib.bib5,S3.E23,bib.bib3,bib.bib22,bib.bib20,bib.bib23,bib.bib14,bib.bib2,bib.bib25,bib.bib11,bib.bib18,S4.E42,bib.bib12,bib.bib19,bib.bib13,bib.bib10,bib.bib24,bib.bib1,S4.E40,bib.bib15,bib.bib8,bib.bib21,S2.E12,bib.bib7,S2.E11,S2.E22,bib.bib9,bib.bib6,S2.E10
	In Post::CrossRef[@0x5576b9ee4360] ->process
Warning:expected:ids Missing Target for Label: LABEL:T22,LABEL:phi2,LABEL:Tmnunren,LABEL:sun,LABEL:phiren,LABEL:T00,LABEL:GE,LABEL:Tthth,LABEL:B1,LABEL:sukn,LABEL:B4,LABEL:p1,LABEL:Ttt,LABEL:36,LABEL:modeeqn,LABEL:finish,LABEL:start,LABEL:B4a,LABEL:B1a
	In Post::CrossRef[@0x5576b9ee4360] ->process
 0.91 sec)
(MathML::Presentation  650 to process...
converted 650 Maths
 10.85 sec)
(XSLT[using LaTeXML-html5.xsl]  processing... 1.09 sec)
(Writer  processing... 0.02 sec) 14.56 sec)
Postprocessing complete 3 warnings (See /home/user/latex-in-arxiv/0302039.latexmlpost.log) (reqd. 15.51s)
