latexml (LaTeXML version 0.8.6) processing 2003/0302179.tex
(Digesting TeX 0302179...
(Loading /usr/share/perl5/LaTeXML/Package/TeX.pool.ltxml...
(Loading /usr/share/perl5/LaTeXML/Package/eTeX.pool.ltxml... 0.00 sec)
(Loading /usr/share/perl5/LaTeXML/Package/pdfTeX.pool.ltxml... 0.01 sec) 0.11 sec)
(Processing content /home/user/latex-in-arxiv/2003/0302179.tex...
(Loading /usr/share/perl5/LaTeXML/Package/LaTeX.pool.ltxml...
(Loading /usr/share/perl5/LaTeXML/Package/textcomp.sty.ltxml...
(Processing definitions /usr/share/texlive/texmf-dist/tex/latex-dev/base/ts1enc.dfu... 0.02 sec) 0.88 sec) 1.03 sec)
Info:unexpected:\documentstyle Entering LaTeX 2.09 Compatibility mode
	at 0302179.tex; line 1 col 0 - line 1 col 29
(Loading /usr/share/perl5/LaTeXML/Package/article.cls.ltxml... 0.01 sec)
Info:ignore:\SS Ignoring redefinition of \SS
	at 0302179.tex; line 67 col 0 - line 67 col 34
 8.47 sec) 8.61 sec)
(Building...
(Loading compiled schema /usr/share/perl5/LaTeXML/resources/RelaxNG/LaTeXML.model... 0.01 sec) 10.01 sec)
(Rewriting... 0.42 sec)
(Math Parsing 361 formulae ......
Warning:not_parsed:OPEN.UNKNOWN> MathParser failed to match rule 'Subscript'
	at 0302179.tex; line 193 col 30 - line 193 col 30
	In "$\displaystyle F^{a}_{\mu\nu}=\partial_{[\mu}A^{a}_{\nu]}-ig[A^{b}_{\mu}t^{b},%
	A^{c}_{\nu}t^{c}]_{\star}^{a}\ .\@@ENDINLINEMATH"
	[[[OPEN]] μ[[UNKNOWN]]
	        > 
Warning:not_parsed:UNKNOWN>CLOSE MathParser failed to match rule 'Subscript'
	at 0302179.tex; line 193 col 0 - line 193 col 42
	ν[[UNKNOWN]]
	        > ][[CLOSE]]
Warning:not_parsed:OPEN.UNKNOWN> MathParser failed to match rule 'Subscript'
	at 0302179.tex; line 193 col 30 - line 193 col 30
	In "$\displaystyle F^{a}_{\mu\nu}=\partial_{[\mu}A^{a}_{\nu]}-ig[A^{b}_{\mu}t^{b},%
	A^{c}_{\nu}t^{c}]_{\star}^{a}\ .$"
	[[[OPEN]] μ[[UNKNOWN]]
	        > 
Warning:not_parsed:UNKNOWN>CLOSE MathParser failed to match rule 'Subscript'
	at 0302179.tex; line 193 col 0 - line 193 col 42
	ν[[UNKNOWN]]
	        > ][[CLOSE]]
Warning:not_parsed:OPEN.UNKNOWN> MathParser failed to match rule 'Subscript'
	at 0302179.tex; line 200 col 30 - line 200 col 30
	In "$\displaystyle F^{a}_{\mu\nu}=\partial_{[\mu}A^{a}_{\nu]}-igh^{abc}A^{b}_{\mu}%
	\star A^{c}_{\nu}+igh^{acb}A^{c}_{\nu}\star A^{b}_{\mu}\ .\@@ENDINLINEMATH"
	[[[OPEN]] μ[[UNKNOWN]]
	        > 
Warning:not_parsed:UNKNOWN>CLOSE MathParser failed to match rule 'Subscript'
	at 0302179.tex; line 200 col 42 - line 200 col 42
	ν[[UNKNOWN]]
	        > ][[CLOSE]]
Warning:not_parsed:OPEN.UNKNOWN> MathParser failed to match rule 'Subscript'
	at 0302179.tex; line 200 col 30 - line 200 col 30
	In "$\displaystyle F^{a}_{\mu\nu}=\partial_{[\mu}A^{a}_{\nu]}-igh^{abc}A^{b}_{\mu}%
	\star A^{c}_{\nu}+igh^{acb}A^{c}_{\nu}\star A^{b}_{\mu}\ .$"
	[[[OPEN]] μ[[UNKNOWN]]
	        > 
Warning:not_parsed:UNKNOWN>CLOSE MathParser failed to match rule 'Subscript'
	at 0302179.tex; line 200 col 42 - line 200 col 42
	ν[[UNKNOWN]]
	        > ][[CLOSE]]
Warning:not_parsed:OPEN.UNKNOWN> MathParser failed to match rule 'Subscript'
	at 0302179.tex; line 218 col 30 - line 218 col 30
	In "$\displaystyle F^{a}_{\mu\nu}=\partial_{[\mu}A^{a}_{\nu]}+\frac{1}{2}gf^{abc}%
	\{A^{b}_{\mu},A^{c}_{\nu}\}_{\star}-\frac{i}{2}gd^{abc}[A^{b}_{\mu},A^{c}_{\nu%
	}]_{\star}\ .\@@ENDINLINEMATH"
	[[[OPEN]] μ[[UNKNOWN]]
	        > 
Warning:not_parsed:UNKNOWN>CLOSE MathParser failed to match rule 'Subscript'
	at 0302179.tex; line 218 col 42 - line 218 col 42
	ν[[UNKNOWN]]
	        > ][[CLOSE]]
Warning:not_parsed:OPEN.UNKNOWN> MathParser failed to match rule 'Subscript'
	at 0302179.tex; line 218 col 30 - line 218 col 30
	In "$\displaystyle F^{a}_{\mu\nu}=\partial_{[\mu}A^{a}_{\nu]}+\frac{1}{2}gf^{abc}%
	\{A^{b}_{\mu},A^{c}_{\nu}\}_{\star}-\frac{i}{2}gd^{abc}[A^{b}_{\mu},A^{c}_{\nu%
	}]_{\star}\ .$"
	[[[OPEN]] μ[[UNKNOWN]]
	        > 
Warning:not_parsed:UNKNOWN>CLOSE MathParser failed to match rule 'Subscript'
	at 0302179.tex; line 218 col 42 - line 218 col 42
	ν[[UNKNOWN]]
	        > ][[CLOSE]]
Warning:not_parsed:UNKNOWN.UNKNOWN.UNKNOWN>MULOP MathParser failed to match rule 'Anything'
	at 0302179.tex; line 226 col 1 - line 226 col 1
	In "$\displaystyle D=\partial-igA\star\ \ ,\@@ENDINLINEMATH"
	D[[UNKNOWN]] =[[RELOP]] ∂[[OPERATOR]] -[[ADDOP]] i[[UNKNOWN]] g[[UNKNOWN]] A[[UNKNOWN]]
	        > ⋆[[MULOP]]
Warning:not_parsed:UNKNOWN.UNKNOWN.UNKNOWN>MULOP MathParser failed to match rule 'Anything'
	at 0302179.tex; line 226 col 1 - line 227 col 14
	In "$\displaystyle D=\partial-igA\star\ \ ,$"
	D[[UNKNOWN]] =[[RELOP]] ∂[[OPERATOR]] -[[ADDOP]] i[[UNKNOWN]] g[[UNKNOWN]] A[[UNKNOWN]]
	        > ⋆[[MULOP]]
Warning:not_parsed:POSTSUPERSCRIPT.UNKNOWN.POSTSUPERSCRIPT>MULOP MathParser failed to match rule 'Anything'
	at 0302179.tex; line 255 col 1 - line 255 col 1
	In "$\displaystyle(D^{\mathsf{adj}})^{ac}=\delta^{ac}\partial+gf^{abc}A^{b}\star\ %
	\ .\@@ENDINLINEMATH"
	([[OPEN]] D[[UNKNOWN]] ^{\mathsf{adj}}[[POSTSUPERSCRIPT]] )[[CLOSE]] ^{ac}[[POSTSUPERSCRIPT]] =[[RELOP]] δ[[UNKNOWN]] ^{ac}[[POSTSUPERSCRIPT]] ∂[[OPERATOR]] +[[ADDOP]] g[[UNKNOWN]] f[[UNKNOWN]] ^{abc}[[POSTSUPERSCRIPT]] A[[UNKNOWN]] ^{b}[[POSTSUPERSCRIPT]]
	        > ⋆[[MULOP]]
Warning:not_parsed:POSTSUPERSCRIPT.UNKNOWN.POSTSUPERSCRIPT>MULOP MathParser failed to match rule 'Anything'
	at 0302179.tex; line 255 col 1 - line 257 col 14
	In "$\displaystyle(D^{\mathsf{adj}})^{ac}=\delta^{ac}\partial+gf^{abc}A^{b}\star\ %
	\ .$"
	([[OPEN]] D[[UNKNOWN]] ^{\mathsf{adj}}[[POSTSUPERSCRIPT]] )[[CLOSE]] ^{ac}[[POSTSUPERSCRIPT]] =[[RELOP]] δ[[UNKNOWN]] ^{ac}[[POSTSUPERSCRIPT]] ∂[[OPERATOR]] +[[ADDOP]] g[[UNKNOWN]] f[[UNKNOWN]] ^{abc}[[POSTSUPERSCRIPT]] A[[UNKNOWN]] ^{b}[[POSTSUPERSCRIPT]]
	        > ⋆[[MULOP]]
Warning:not_parsed:RELOP.ADDOP.INTOP>OPEN MathParser failed to match rule 'Anything'
	at 0302179.tex; line 274 col 3 - line 274 col 3
	In "$\displaystyle S_{gh}[c,\bar{c},A]=-\int\Big{\{}\bar{c}^{a}\star(\partial\cdot
	D%
	^{\mathsf{adj}}c)^{a}-igh^{abd}\bar{c}^{a}\star\partial^{\mu}[A^{d}_{\mu},c^{b%
	}]_{\star}\Big{\}}\ ,\@@ENDINLINEMATH"
	S[[UNKNOWN]] _{gh}[[POSTSUBSCRIPT]] [[[OPEN]] c[[UNKNOWN]] ,[[PUNCT]] \bar{c}[[UNKNOWN]] ,[[PUNCT]] A[[UNKNOWN]] ][[CLOSE]] =[[RELOP]] -[[ADDOP]] ∫[[INTOP]]
	        > \{[[OPEN]] \bar{c}[[UNKNOWN]] ^{a}[[POSTSUPERSCRIPT]] ⋆[[MULOP]] ([[OPEN]] ∂[[OPERATOR]] ⋅[[MULOP]] D[[UNKNOWN]] ^{\mathsf{adj}}[[POSTSUPERSCRIPT]] c[[UNKNOWN]] )[[CLOSE]] ^{a}[[POSTSUPERSCRIPT]] -[[ADDOP]] i[[UNKNOWN]] g[[UNKNOWN]] h[[UNKNOWN]] ^{abd}[[POSTSUPERSCRIPT]] \bar{c}[[UNKNOWN]] ^{a}[[POSTSUPERSCRIPT]] ⋆[[MULOP]] ∂[[OPERATOR]] ^{\mu}[[POSTSUPERSCRIPT]] [[[OPEN]] A[[UNKNOWN]] ^{d}[[POSTSUPERSCRIPT]] _{\mu}[[POSTSUBSCRIPT]] ,[[PUNCT]] c[[UNKNOWN]] ^{b}[[POSTSUPERSCRIPT]] ][[CLOSE]] _{\star}[[POSTSUBSCRIPT]] \}[[CLOSE]]
Warning:not_parsed:RELOP.ADDOP.INTOP>OPEN MathParser failed to match rule 'Anything'
	at 0302179.tex; line 274 col 3 - line 277 col 14
	In "$\displaystyle S_{gh}[c,\bar{c},A]=-\int\Big{\{}\bar{c}^{a}\star(\partial\cdot
	D%
	^{\mathsf{adj}}c)^{a}-igh^{abd}\bar{c}^{a}\star\partial^{\mu}[A^{d}_{\mu},c^{b%
	}]_{\star}\Big{\}}\ ,$"
	S[[UNKNOWN]] _{gh}[[POSTSUBSCRIPT]] [[[OPEN]] c[[UNKNOWN]] ,[[PUNCT]] \bar{c}[[UNKNOWN]] ,[[PUNCT]] A[[UNKNOWN]] ][[CLOSE]] =[[RELOP]] -[[ADDOP]] ∫[[INTOP]]
	        > \{[[OPEN]] \bar{c}[[UNKNOWN]] ^{a}[[POSTSUPERSCRIPT]] ⋆[[MULOP]] ([[OPEN]] ∂[[OPERATOR]] ⋅[[MULOP]] D[[UNKNOWN]] ^{\mathsf{adj}}[[POSTSUPERSCRIPT]] c[[UNKNOWN]] )[[CLOSE]] ^{a}[[POSTSUPERSCRIPT]] -[[ADDOP]] i[[UNKNOWN]] g[[UNKNOWN]] h[[UNKNOWN]] ^{abd}[[POSTSUPERSCRIPT]] \bar{c}[[UNKNOWN]] ^{a}[[POSTSUPERSCRIPT]] ⋆[[MULOP]] ∂[[OPERATOR]] ^{\mu}[[POSTSUPERSCRIPT]] [[[OPEN]] A[[UNKNOWN]] ^{d}[[POSTSUPERSCRIPT]] _{\mu}[[POSTSUBSCRIPT]] ,[[PUNCT]] c[[UNKNOWN]] ^{b}[[POSTSUPERSCRIPT]] ][[CLOSE]] _{\star}[[POSTSUBSCRIPT]] \}[[CLOSE]]
Warning:not_parsed:UNKNOWN.RELOP.INTOP>CLOSE MathParser failed to match rule 'Anything'
	at 0302179.tex; line 326 col 6 - line 326 col 6
	In "$\displaystyle\delta S=\int\Biggr{\{}-\Big{(}\delta\bar{c}^{a}-\xi^{-1}(%
	\partial\cdot A^{a})\delta\lambda\Big{)}\star\Big{(}\partial\cdot(D^{\mathsf{%
	adj}}c)^{a}-igh^{abd}\partial^{\mu}[A^{d}_{\mu},c^{b}]_{\star}\Big{)}\hskip 19%
	.916929pt-\bar{c}^{a}\star\partial\cdot\Big{[}\delta\Big{(}(D^{\mathsf{adj}}c)%
	^{a}-igh^{abd}[A^{d},c^{b}]_{\star}\Big{)}\Big{]}\Biggr{\}}\ ,\@@ENDINLINEMATH"
	δ[[UNKNOWN]] S[[UNKNOWN]] =[[RELOP]] ∫[[INTOP]]
	        > \{[[CLOSE]] -[[ADDOP]] ([[OPEN]] δ[[UNKNOWN]] \bar{c}[[UNKNOWN]] ^{a}[[POSTSUPERSCRIPT]] -[[ADDOP]] ξ[[UNKNOWN]] ^{-1}[[POSTSUPERSCRIPT]] ([[OPEN]] ∂[[OPERATOR]] ⋅[[MULOP]] A[[UNKNOWN]] ^{a}[[POSTSUPERSCRIPT]] )[[CLOSE]] δ[[UNKNOWN]] λ[[UNKNOWN]] )[[CLOSE]] ⋆[[MULOP]] ([[OPEN]] ∂[[OPERATOR]] ⋅[[MULOP]] ([[OPEN]] D[[UNKNOWN]] ^{\mathsf{adj}}[[POSTSUPERSCRIPT]] c[[UNKNOWN]] )[[CLOSE]] ^{a}[[POSTSUPERSCRIPT]] -[[ADDOP]] i[[UNKNOWN]] g[[UNKNOWN]] h[[UNKNOWN]] ^{abd}[[POSTSUPERSCRIPT]] ∂[[OPERATOR]] ^{\mu}[[POSTSUPERSCRIPT]] [[[OPEN]] A[[UNKNOWN]] ^{d}[[POSTSUPERSCRIPT]] _{\mu}[[POSTSUBSCRIPT]] ,[[PUNCT]] c[[UNKNOWN]] ^{b}[[POSTSUPERSCRIPT]] ][[CLOSE]] _{\star}[[POSTSUBSCRIPT]] )[[CLOSE]] $\displaystyle\deltaS=\int\Biggr{\{}-\Big{(}\delta\bar{c}^{a}-\xi^{-1}(\partial\cdotA^{a})\delta\lambda\Big{)}\star\Big{(}\partial\cdot(D^{\mathsf{adj}}c)^{a}-igh^{abd}\partial^{\mu}[A^{d}_{\mu},c^{b}]_{\star}\Big{)}\hskip19.916929pt-\bar{c}^{a}\star\partial\cdot\Big{[}\delta\Big{(}(D^{\mathsf{adj}}c)^{a}-igh^{abd}[A^{d},c^{b}]_{\star}\Big{)}\Big{]}\Biggr{\}}\ ,\@@ENDINLINEMATH[[PUNCT]] -[[ADDOP]] \bar{c}[[UNKNOWN]] ^{a}[[POSTSUPERSCRIPT]] ⋆[[MULOP]] ∂[[OPERATOR]] ...
Warning:not_parsed:INTOP>CLOSE MathParser failed to match rule 'Anything'
	at 0302179.tex; line 326 col 0 - line 330 col 1
	In "$\displaystyle\int\Biggr{\{}-\Big{(}\delta\bar{c}^{a}-\xi^{-1}(\partial\cdot A%
	^{a})\delta\lambda\Big{)}\star\Big{(}\partial\cdot(D^{\mathsf{adj}}c)^{a}-igh^%
	{abd}\partial^{\mu}[A^{d}_{\mu},c^{b}]_{\star}\Big{)}$"
	∫[[INTOP]]
	        > \{[[CLOSE]] -[[ADDOP]] ([[OPEN]] δ[[UNKNOWN]] \bar{c}[[UNKNOWN]] ^{a}[[POSTSUPERSCRIPT]] -[[ADDOP]] ξ[[UNKNOWN]] ^{-1}[[POSTSUPERSCRIPT]] ([[OPEN]] ∂[[OPERATOR]] ⋅[[MULOP]] A[[UNKNOWN]] ^{a}[[POSTSUPERSCRIPT]] )[[CLOSE]] δ[[UNKNOWN]] λ[[UNKNOWN]] )[[CLOSE]] ⋆[[MULOP]] ([[OPEN]] ∂[[OPERATOR]] ⋅[[MULOP]] ([[OPEN]] D[[UNKNOWN]] ^{\mathsf{adj}}[[POSTSUPERSCRIPT]] c[[UNKNOWN]] )[[CLOSE]] ^{a}[[POSTSUPERSCRIPT]] -[[ADDOP]] i[[UNKNOWN]] g[[UNKNOWN]] h[[UNKNOWN]] ^{abd}[[POSTSUPERSCRIPT]] ∂[[OPERATOR]] ^{\mu}[[POSTSUPERSCRIPT]] [[[OPEN]] A[[UNKNOWN]] ^{d}[[POSTSUPERSCRIPT]] _{\mu}[[POSTSUBSCRIPT]] ,[[PUNCT]] c[[UNKNOWN]] ^{b}[[POSTSUPERSCRIPT]] ][[CLOSE]] _{\star}[[POSTSUBSCRIPT]] )[[CLOSE]]
Warning:not_parsed:POSTSUBSCRIPT.CLOSE.CLOSE>CLOSE MathParser failed to match rule 'Anything'
	at 0302179.tex; line 330 col 9 - line 332 col 14
	In "$\displaystyle\hskip 19.916929pt-\bar{c}^{a}\star\partial\cdot\Big{[}\delta%
	\Big{(}(D^{\mathsf{adj}}c)^{a}-igh^{abd}[A^{d},c^{b}]_{\star}\Big{)}\Big{]}%
	\Biggr{\}}\ ,$"
	-[[ADDOP]] \bar{c}[[UNKNOWN]] ^{a}[[POSTSUPERSCRIPT]] ⋆[[MULOP]] ∂[[OPERATOR]] ⋅[[MULOP]] [[[OPEN]] δ[[UNKNOWN]] ([[OPEN]] ([[OPEN]] D[[UNKNOWN]] ^{\mathsf{adj}}[[POSTSUPERSCRIPT]] c[[UNKNOWN]] )[[CLOSE]] ^{a}[[POSTSUPERSCRIPT]] -[[ADDOP]] i[[UNKNOWN]] g[[UNKNOWN]] h[[UNKNOWN]] ^{abd}[[POSTSUPERSCRIPT]] [[[OPEN]] A[[UNKNOWN]] ^{d}[[POSTSUPERSCRIPT]] ,[[PUNCT]] c[[UNKNOWN]] ^{b}[[POSTSUPERSCRIPT]] ][[CLOSE]] _{\star}[[POSTSUBSCRIPT]] )[[CLOSE]] ][[CLOSE]]
	        > \}[[CLOSE]]
Warning:not_parsed:UNKNOWN.RELOP.UNKNOWN>OPEN MathParser failed to match rule 'Anything'
	at 0302179.tex; line 471 col 8 - line 471 col 35
	In "${\mathcal{Q}}=i[Q,\ ]_{\pm}$"
	Q[[UNKNOWN]] =[[RELOP]] i[[UNKNOWN]]
	        > [[[OPEN]] Q[[UNKNOWN]] ,[[PUNCT]] ][[CLOSE]] _{\pm}[[POSTSUBSCRIPT]]
Warning:not_parsed:POSTSUPERSCRIPT.RELOP.ADDOP>CLOSE MathParser failed to match rule 'Anything'
	at 0302179.tex; line 528 col 1 - line 528 col 1
	In "$\displaystyle{\mathcal{Q}}^{2}A^{a}=-\Biggr{[}\partial({\mathcal{Q}}c^{a})+%
	\frac{1}{2}gf^{abc}[{\mathcal{Q}}A^{b},c^{c}]_{\star}+\frac{1}{2}gf^{abc}\{A^{%
	b},{\mathcal{Q}}c^{c}\}_{\star}\hskip 56.905512pt-\frac{i}{2}gd^{abc}\{{%
	\mathcal{Q}}A^{b},c^{c}\}_{\star}-\frac{i}{2}gd^{abc}[A^{b},{\mathcal{Q}}c^{c}%
	]_{\star}\Biggr{]}\ .\@@ENDINLINEMATH"
	Q[[UNKNOWN]] ^{2}[[POSTSUPERSCRIPT]] A[[UNKNOWN]] ^{a}[[POSTSUPERSCRIPT]] =[[RELOP]] -[[ADDOP]]
	        > [[[CLOSE]] ∂[[OPERATOR]] ([[OPEN]] Q[[UNKNOWN]] c[[UNKNOWN]] ^{a}[[POSTSUPERSCRIPT]] )[[CLOSE]] +[[ADDOP]] \frac{1}{2}[[UNKNOWN]] g[[UNKNOWN]] f[[UNKNOWN]] ^{abc}[[POSTSUPERSCRIPT]] [[[OPEN]] Q[[UNKNOWN]] A[[UNKNOWN]] ^{b}[[POSTSUPERSCRIPT]] ,[[PUNCT]] c[[UNKNOWN]] ^{c}[[POSTSUPERSCRIPT]] ][[CLOSE]] _{\star}[[POSTSUBSCRIPT]] +[[ADDOP]] \frac{1}{2}[[UNKNOWN]] g[[UNKNOWN]] f[[UNKNOWN]] ^{abc}[[POSTSUPERSCRIPT]] \{[[OPEN]] A[[UNKNOWN]] ^{b}[[POSTSUPERSCRIPT]] ,[[PUNCT]] Q[[UNKNOWN]] c[[UNKNOWN]] ^{c}[[POSTSUPERSCRIPT]] \}[[CLOSE]] _{\star}[[POSTSUBSCRIPT]] $\displaystyle{\mathcal{Q}}^{2}A^{a}=-\Biggr{[}\partial({\mathcal{Q}}c^{a})+\frac{1}{2}gf^{abc}[{\mathcal{Q}}A^{b},c^{c}]_{\star}+\frac{1}{2}gf^{abc}\{A^{b},{\mathcal{Q}}c^{c}\}_{\star}\hskip56.905512pt-\frac{i}{2}gd^{abc}\{{\mathcal{Q}}A^{b},c^{c}\}_{\star}-\frac{i}{2}gd^{abc}[A^{b},{\mathcal{Q}}c^{c}]_{\star}\Biggr{]}\ .\@@ENDINLINEMATH[[PUNCT]] -[[ADDOP]] \frac{i}{2}[[UNKNOWN]] g[[UNKNOWN]] d[[UNKNOWN]] ^{abc}[[POSTSUPERSCRIPT]] \{[[OPEN]] Q[[UNKNOWN]] A[[UNKNOWN]] ^{b}[[POSTSUPERSCRIPT]] ,[[PUNCT]] c[[UNKNOWN]] ^{c}[[POSTSUPERSCRIPT]] \}[[CLOSE]] _{\star}[[POSTSUBSCRIPT]] -[[ADDOP]] ...
Warning:not_parsed:ADDOP>CLOSE MathParser failed to match rule 'Anything'
	at 0302179.tex; line 528 col 26 - line 530 col 1
	In "$\displaystyle-\Biggr{[}\partial({\mathcal{Q}}c^{a})+\frac{1}{2}gf^{abc}[{%
	\mathcal{Q}}A^{b},c^{c}]_{\star}+\frac{1}{2}gf^{abc}\{A^{b},{\mathcal{Q}}c^{c}%
	\}_{\star}$"
	-[[ADDOP]]
	        > [[[CLOSE]] ∂[[OPERATOR]] ([[OPEN]] Q[[UNKNOWN]] c[[UNKNOWN]] ^{a}[[POSTSUPERSCRIPT]] )[[CLOSE]] +[[ADDOP]] \frac{1}{2}[[UNKNOWN]] g[[UNKNOWN]] f[[UNKNOWN]] ^{abc}[[POSTSUPERSCRIPT]] [[[OPEN]] Q[[UNKNOWN]] A[[UNKNOWN]] ^{b}[[POSTSUPERSCRIPT]] ,[[PUNCT]] c[[UNKNOWN]] ^{c}[[POSTSUPERSCRIPT]] ][[CLOSE]] _{\star}[[POSTSUBSCRIPT]] +[[ADDOP]] \frac{1}{2}[[UNKNOWN]] g[[UNKNOWN]] f[[UNKNOWN]] ^{abc}[[POSTSUPERSCRIPT]] \{[[OPEN]] A[[UNKNOWN]] ^{b}[[POSTSUPERSCRIPT]] ,[[PUNCT]] Q[[UNKNOWN]] c[[UNKNOWN]] ^{c}[[POSTSUPERSCRIPT]] \}[[CLOSE]] _{\star}[[POSTSUBSCRIPT]]
Warning:not_parsed:POSTSUPERSCRIPT.CLOSE.POSTSUBSCRIPT>CLOSE MathParser failed to match rule 'Anything'
	at 0302179.tex; line 530 col 9 - line 532 col 14
	In "$\displaystyle\hskip 56.905512pt-\frac{i}{2}gd^{abc}\{{\mathcal{Q}}A^{b},c^{c}%
	\}_{\star}-\frac{i}{2}gd^{abc}[A^{b},{\mathcal{Q}}c^{c}]_{\star}\Biggr{]}\ .$"
	-[[ADDOP]] \frac{i}{2}[[UNKNOWN]] g[[UNKNOWN]] d[[UNKNOWN]] ^{abc}[[POSTSUPERSCRIPT]] \{[[OPEN]] Q[[UNKNOWN]] A[[UNKNOWN]] ^{b}[[POSTSUPERSCRIPT]] ,[[PUNCT]] c[[UNKNOWN]] ^{c}[[POSTSUPERSCRIPT]] \}[[CLOSE]] _{\star}[[POSTSUBSCRIPT]] -[[ADDOP]] \frac{i}{2}[[UNKNOWN]] g[[UNKNOWN]] d[[UNKNOWN]] ^{abc}[[POSTSUPERSCRIPT]] [[[OPEN]] A[[UNKNOWN]] ^{b}[[POSTSUPERSCRIPT]] ,[[PUNCT]] Q[[UNKNOWN]] c[[UNKNOWN]] ^{c}[[POSTSUPERSCRIPT]] ][[CLOSE]] _{\star}[[POSTSUBSCRIPT]]
	        > ][[CLOSE]]
Warning:not_parsed:UNKNOWN.POSTSUPERSCRIPT.CLOSE>POSTSUBSCRIPT MathParser failed to match rule 'Anything'
	at 0302179.tex; line 548 col 13 - line 548 col 13
	In "$\displaystyle\mbox{terms including
	derivative}=\frac{1}{2}gf^{abc}\partial(c^{b}\star c^{c})-\frac{i}{4}gd^{abc}%
	\partial\{c^{b},c^{d}\}_{\star}-\frac{1}{2}gf^{abc}[\partial c^{b},c^{c}]_{%
	\star}+\frac{i}{2}gd^{abc}\{\partial c^{b},c^{c}\}_{\star}=0\ .\@@ENDINLINEMATH"
	\mbox{terms including
	derivative}[[UNKNOWN]] =[[RELOP]] \frac{1}{2}[[UNKNOWN]] g[[UNKNOWN]] f[[UNKNOWN]] ^{abc}[[POSTSUPERSCRIPT]] ∂[[OPERATOR]] ([[OPEN]] c[[UNKNOWN]] ^{b}[[POSTSUPERSCRIPT]] ⋆[[MULOP]] c[[UNKNOWN]] ^{c}[[POSTSUPERSCRIPT]] )[[CLOSE]] -[[ADDOP]] \frac{i}{4}[[UNKNOWN]] g[[UNKNOWN]] d[[UNKNOWN]] ^{abc}[[POSTSUPERSCRIPT]] ∂[[OPERATOR]] \{[[OPEN]] c[[UNKNOWN]] ^{b}[[POSTSUPERSCRIPT]] ,[[PUNCT]] c[[UNKNOWN]] ^{d}[[POSTSUPERSCRIPT]] \}[[CLOSE]]
	        > _{\star}[[POSTSUBSCRIPT]] -[[ADDOP]] \frac{1}{2}[[UNKNOWN]] g[[UNKNOWN]] f[[UNKNOWN]] ^{abc}[[POSTSUPERSCRIPT]] [[[OPEN]] ∂[[OPERATOR]] c[[UNKNOWN]] ^{b}[[POSTSUPERSCRIPT]] ,[[PUNCT]] c[[UNKNOWN]] ^{c}[[POSTSUPERSCRIPT]] ][[CLOSE]] _{\star}[[POSTSUBSCRIPT]] +[[ADDOP]] \frac{i}{2}[[UNKNOWN]] g[[UNKNOWN]] d[[UNKNOWN]] ^{abc}[[POSTSUPERSCRIPT]] \{[[OPEN]] ∂[[OPERATOR]] c[[UNKNOWN]] ^{b}[[POSTSUPERSCRIPT]] ,[[PUNCT]] c[[UNKNOWN]] ^{c}[[POSTSUPERSCRIPT]] \}[[CLOSE]] _{\star}[[POSTSUBSCRIPT]] =[[RELOP]] 0[[NUMBER]]
Warning:not_parsed:UNKNOWN.POSTSUPERSCRIPT.CLOSE>POSTSUBSCRIPT MathParser failed to match rule 'Anything'
	at 0302179.tex; line 548 col 19 - line 550 col 1
	In "$\displaystyle\frac{1}{2}gf^{abc}\partial(c^{b}\star c^{c})-\frac{i}{4}gd^{abc%
	}\partial\{c^{b},c^{d}\}_{\star}$"
	\frac{1}{2}[[UNKNOWN]] g[[UNKNOWN]] f[[UNKNOWN]] ^{abc}[[POSTSUPERSCRIPT]] ∂[[OPERATOR]] ([[OPEN]] c[[UNKNOWN]] ^{b}[[POSTSUPERSCRIPT]] ⋆[[MULOP]] c[[UNKNOWN]] ^{c}[[POSTSUPERSCRIPT]] )[[CLOSE]] -[[ADDOP]] \frac{i}{4}[[UNKNOWN]] g[[UNKNOWN]] d[[UNKNOWN]] ^{abc}[[POSTSUPERSCRIPT]] ∂[[OPERATOR]] \{[[OPEN]] c[[UNKNOWN]] ^{b}[[POSTSUPERSCRIPT]] ,[[PUNCT]] c[[UNKNOWN]] ^{d}[[POSTSUPERSCRIPT]] \}[[CLOSE]]
	        > _{\star}[[POSTSUBSCRIPT]]
Warning:not_parsed:FLOATSUBSCRIPT>OPEN MathParser failed to match rule 'Anything'
	at 0302179.tex; line 716 col 20 - line 716 col 20
	In "${}_{\mbox{\tiny{out}}}\langle\alpha|\beta\rangle_{\mbox{\tiny{in}}}=\langle%
	\alpha|S^{{\dagger}}S|\beta\rangle\ ,\@@ENDINLINEMATH"
	{}_{\mbox{\tiny{out}}}[[FLOATSUBSCRIPT]]
	        > \langle[[OPEN]] α[[UNKNOWN]] |[[VERTBAR]] β[[UNKNOWN]] \rangle[[CLOSE]] _{\mbox{\tiny{in}}}[[POSTSUBSCRIPT]] =[[RELOP]] \langle[[OPEN]] α[[UNKNOWN]] |[[VERTBAR]] S[[UNKNOWN]] ^{{\dagger}}[[POSTSUPERSCRIPT]] S[[UNKNOWN]] |[[VERTBAR]] β[[UNKNOWN]] \rangle[[CLOSE]]
Warning:not_parsed:FLOATSUBSCRIPT>OPEN MathParser failed to match rule 'Anything'
	at 0302179.tex; line 716 col 1 - line 718 col 14
	In "${}_{\mbox{\tiny{out}}}\langle\alpha|\beta\rangle_{\mbox{\tiny{in}}}=\langle%
	\alpha|S^{{\dagger}}S|\beta\rangle\ ,$"
	{}_{\mbox{\tiny{out}}}[[FLOATSUBSCRIPT]]
	        > \langle[[OPEN]] α[[UNKNOWN]] |[[VERTBAR]] β[[UNKNOWN]] \rangle[[CLOSE]] _{\mbox{\tiny{in}}}[[POSTSUBSCRIPT]] =[[RELOP]] \langle[[OPEN]] α[[UNKNOWN]] |[[VERTBAR]] S[[UNKNOWN]] ^{{\dagger}}[[POSTSUPERSCRIPT]] S[[UNKNOWN]] |[[VERTBAR]] β[[UNKNOWN]] \rangle[[CLOSE]]
Warning:not_parsed:FLOATSUBSCRIPT>OPEN MathParser failed to match rule 'Anything'
	at 0302179.tex; line 719 col 8 - line 719 col 42
	In "${}_{\mbox{\tiny{out}}}\langle\alpha|$"
	{}_{\mbox{\tiny{out}}}[[FLOATSUBSCRIPT]]
	        > \langle[[OPEN]] α[[UNKNOWN]] |[[VERTBAR]]
Warning:not_parsed:UNKNOWN.VERTBAR.UNKNOWN>CLOSE MathParser failed to match rule 'Anything'
	at 0302179.tex; line 730 col 1 - line 730 col 1
	In "$\displaystyle S|\beta\rangle=\sum_{|\gamma\rangle\in{\mathcal{P}}_{1}}|\gamma%
	\rangle\langle\gamma|S|\beta\rangle\ ,\hskip 56.905512pt{\mathcal{P}}_{1}=\big%
	{\{}|\gamma\rangle:\ \mbox{\small{Ker}}Q=\mbox{\small{span}}\{|\gamma\rangle\}%
	\big{\}}\ ,\@@ENDINLINEMATH"
	S[[UNKNOWN]] |[[VERTBAR]] β[[UNKNOWN]]
	        > \rangle[[CLOSE]] =[[RELOP]] ∑[[SUMOP]] _{|\gamma\rangle\in{\mathcal{P}}_{1}}[[POSTSUBSCRIPT]] |[[VERTBAR]] γ[[UNKNOWN]] \rangle[[CLOSE]] \langle[[OPEN]] γ[[UNKNOWN]] |[[VERTBAR]] S[[UNKNOWN]] |[[VERTBAR]] β[[UNKNOWN]] \rangle[[CLOSE]] ,[[PUNCT]] P[[UNKNOWN]] _{1}[[POSTSUBSCRIPT]] =[[RELOP]] \{[[OPEN]] |[[VERTBAR]] γ[[UNKNOWN]] \rangle[[CLOSE]] :[[METARELOP]] \mbox{\small{Ker}}[[UNKNOWN]] Q[[UNKNOWN]] =[[RELOP]] \mbox{\small{span}}[[UNKNOWN]] \{[[OPEN]] |[[VERTBAR]] γ[[UNKNOWN]] \rangle[[CLOSE]] \}[[CLOSE]] \}[[CLOSE]]
Warning:not_parsed:UNKNOWN.VERTBAR.UNKNOWN>CLOSE MathParser failed to match rule 'Anything'
	at 0302179.tex; line 730 col 1 - line 733 col 14
	In "$\displaystyle S|\beta\rangle=\sum_{|\gamma\rangle\in{\mathcal{P}}_{1}}|\gamma%
	\rangle\langle\gamma|S|\beta\rangle\ ,\hskip 56.905512pt{\mathcal{P}}_{1}=\big%
	{\{}|\gamma\rangle:\ \mbox{\small{Ker}}Q=\mbox{\small{span}}\{|\gamma\rangle\}%
	\big{\}}\ ,$"
	S[[UNKNOWN]] |[[VERTBAR]] β[[UNKNOWN]]
	        > \rangle[[CLOSE]] =[[RELOP]] ∑[[SUMOP]] _{|\gamma\rangle\in{\mathcal{P}}_{1}}[[POSTSUBSCRIPT]] |[[VERTBAR]] γ[[UNKNOWN]] \rangle[[CLOSE]] \langle[[OPEN]] γ[[UNKNOWN]] |[[VERTBAR]] S[[UNKNOWN]] |[[VERTBAR]] β[[UNKNOWN]] \rangle[[CLOSE]] ,[[PUNCT]] P[[UNKNOWN]] _{1}[[POSTSUBSCRIPT]] =[[RELOP]] \{[[OPEN]] |[[VERTBAR]] γ[[UNKNOWN]] \rangle[[CLOSE]] :[[METARELOP]] \mbox{\small{Ker}}[[UNKNOWN]] Q[[UNKNOWN]] =[[RELOP]] \mbox{\small{span}}[[UNKNOWN]] \{[[OPEN]] |[[VERTBAR]] γ[[UNKNOWN]] \rangle[[CLOSE]] \}[[CLOSE]] \}[[CLOSE]]
Warning:not_parsed:UNKNOWN.VERTBAR.UNKNOWN>CLOSE MathParser failed to match rule 'Anything'
	at 0302179.tex; line 744 col 1 - line 744 col 1
	In "$\displaystyle S|\beta\rangle=\sum_{|\gamma\rangle\in{\mathcal{P}}_{2}}|\gamma%
	\rangle\langle\gamma|S|\beta\rangle\ ,\hskip 56.905512pt{\mathcal{P}}_{2}=\big%
	{\{}|\gamma\rangle:\ {\mathcal{H}}=\mbox{\small{span}}\{|\gamma\rangle\}\big{%
	\}}\ ,\@@ENDINLINEMATH"
	S[[UNKNOWN]] |[[VERTBAR]] β[[UNKNOWN]]
	        > \rangle[[CLOSE]] =[[RELOP]] ∑[[SUMOP]] _{|\gamma\rangle\in{\mathcal{P}}_{2}}[[POSTSUBSCRIPT]] |[[VERTBAR]] γ[[UNKNOWN]] \rangle[[CLOSE]] \langle[[OPEN]] γ[[UNKNOWN]] |[[VERTBAR]] S[[UNKNOWN]] |[[VERTBAR]] β[[UNKNOWN]] \rangle[[CLOSE]] ,[[PUNCT]] P[[UNKNOWN]] _{2}[[POSTSUBSCRIPT]] =[[RELOP]] \{[[OPEN]] |[[VERTBAR]] γ[[UNKNOWN]] \rangle[[CLOSE]] :[[METARELOP]] H[[UNKNOWN]] =[[RELOP]] \mbox{\small{span}}[[UNKNOWN]] \{[[OPEN]] |[[VERTBAR]] γ[[UNKNOWN]] \rangle[[CLOSE]] \}[[CLOSE]] \}[[CLOSE]]
Warning:not_parsed:UNKNOWN.VERTBAR.UNKNOWN>CLOSE MathParser failed to match rule 'Anything'
	at 0302179.tex; line 744 col 1 - line 747 col 14
	In "$\displaystyle S|\beta\rangle=\sum_{|\gamma\rangle\in{\mathcal{P}}_{2}}|\gamma%
	\rangle\langle\gamma|S|\beta\rangle\ ,\hskip 56.905512pt{\mathcal{P}}_{2}=\big%
	{\{}|\gamma\rangle:\ {\mathcal{H}}=\mbox{\small{span}}\{|\gamma\rangle\}\big{%
	\}}\ ,$"
	S[[UNKNOWN]] |[[VERTBAR]] β[[UNKNOWN]]
	        > \rangle[[CLOSE]] =[[RELOP]] ∑[[SUMOP]] _{|\gamma\rangle\in{\mathcal{P}}_{2}}[[POSTSUBSCRIPT]] |[[VERTBAR]] γ[[UNKNOWN]] \rangle[[CLOSE]] \langle[[OPEN]] γ[[UNKNOWN]] |[[VERTBAR]] S[[UNKNOWN]] |[[VERTBAR]] β[[UNKNOWN]] \rangle[[CLOSE]] ,[[PUNCT]] P[[UNKNOWN]] _{2}[[POSTSUBSCRIPT]] =[[RELOP]] \{[[OPEN]] |[[VERTBAR]] γ[[UNKNOWN]] \rangle[[CLOSE]] :[[METARELOP]] H[[UNKNOWN]] =[[RELOP]] \mbox{\small{span}}[[UNKNOWN]] \{[[OPEN]] |[[VERTBAR]] γ[[UNKNOWN]] \rangle[[CLOSE]] \}[[CLOSE]] \}[[CLOSE]]
 23.33 sec)
Math parsing succeeded:
   ltx:XMArg: 2135/2147
   ltx:XMath: 341/363
Symbols assumed as simple identifiers (with # of occurences):
   'A{italic}' (273), 'C{italic}' (1), 'D{caligraphic}' (11), 'D{italic}' (43), 'F{caligraphic}' (1), 'F{italic}' (13), 'G{caligraphic}' (1), 'H{caligraphic}' (6), 'H{italic}' (1), 'N{italic}' (14), 'O{italic}' (1), 'Phi' (1), 'P{caligraphic}' (14), 'Q{caligraphic}' (97), 'Q{italic}' (39), 'R{caligraphic}' (1), 'R{italic}' (1), 'S{italic}' (78), 'U{italic}' (24), 'Z{caligraphic}' (2), 'alpha' (11), 'a{italic}' (367), 'beta' (39), 'b{italic}' (530), 'chi' (8), 'c{italic}' (793), 'delta' (223), 'd{italic}' (496), 'e{italic}' (250), 'f{italic}' (307), 'gamma' (41), 'g{italic}' (267), 'h{italic}' (239), 'i{italic}' (125), 'lambda' (126), 'mu' (31), 'm{italic}' (9), 'nu' (31), 'omega' (7), 'phi' (21), 'psi' (61), 'p{italic}' (1), 'theta' (5), 't{italic}' (56), 'xi' (16), 'x{italic}' (8), 'y{italic}' (3)
Set MATHPARSER_SPECULATE to speculate on possible notations.
(Finalizing... 1.46 sec)
Conversion complete 34 warnings (See /home/user/latex-in-arxiv/0302179.latexml.log) (reqd. 44.71s)
