latexmlpost (LaTeXML version 0.8.6) paginating /home/user/latex-in-arxiv/2003/0302080.xml
Error:malformed:document Document fails RelaxNG validation (LaTeXML)
	Validation reports: /home/user/latex-in-arxiv/2003/0302080.xml:0: Relax-NG validity error : Element document has extra content: resource
	(Jing may provide a more precise report; https://relaxng.org/jclark/jing.html)
	In Post::Document[] /home/user/latex-in-arxiv/2003/0302080.xml
(post-processing...
(Scan  processing...
Scan: DBStatus: 229/0 objects
 0.03 sec)
(MakeBibliography  processing... 0.00 sec)
(CrossRef  processing...
Warning:expected:ids Missing File location for ID: S0.E4,S0.E5,bib.bib5,S0.E7,bib.bib6,bib.bib7,bib.bib14,S0.E11,S0.E8,bib.bib2,bib.bib1,bib.bib13,S0.E6
	In Post::CrossRef[@0x55634d639790] ->process
 0.02 sec)
(MathML::Presentation  117 to process...
converted 117 Maths
 0.15 sec)
(XSLT[using LaTeXML-html5.xsl]  processing... 0.04 sec)
(Writer  processing... 0.00 sec) 0.24 sec)
Postprocessing complete 1 warning; 1 error (See /home/user/latex-in-arxiv/0302080.latexmlpost.log) (reqd. 0.39s)
