latexmlpost (LaTeXML version 0.8.6) paginating /home/user/latex-in-arxiv/2003/0302062.xml
Error:malformed:document Document fails RelaxNG validation (LaTeXML)
	Validation reports: /home/user/latex-in-arxiv/2003/0302062.xml:0: Relax-NG validity error : Element document has extra content: resource
	(Jing may provide a more precise report; https://relaxng.org/jclark/jing.html)
	In Post::Document[] /home/user/latex-in-arxiv/2003/0302062.xml
(post-processing...
(Scan  processing...
Scan: DBStatus: 864/0 objects
 0.28 sec)
(MakeBibliography  processing... 0.00 sec)
(CrossRef  processing...
Warning:expected:ids Missing File location for ID: bib.bib6,S2.E19,S2.E2,S2.E17,bib.bib3,bib.bib2,S2.E9,S2.E23,S2.E20,bib.bib5,S2.E15,bib.bib8,S2.E21,S2.E18,S2.E6,S2.E5,bib.bib1,bib.bib4,bib.bib7,S2.E8,S2.E31
	In Post::CrossRef[@0x5639878d8b30] ->process
Warning:expected:ids Missing Target for Label: LABEL:match2
	In Post::CrossRef[@0x5639878d8b30] ->process
 0.16 sec)
(MathML::Presentation  207 to process...
converted 207 Maths
 1.59 sec)
(XSLT[using LaTeXML-html5.xsl]  processing... 0.16 sec)
(Writer  processing... 0.00 sec) 2.21 sec)
Postprocessing complete 2 warnings; 1 error (See /home/user/latex-in-arxiv/0302062.latexmlpost.log) (reqd. 2.47s)
