latexmlpost (LaTeXML version 0.8.6) paginating /home/user/latex-in-arxiv/2003/0302173.xml
Error:malformed:document Document fails RelaxNG validation (LaTeXML)
	Validation reports: /home/user/latex-in-arxiv/2003/0302173.xml:0: Relax-NG validity error : Element document has extra content: resource
	(Jing may provide a more precise report; https://relaxng.org/jclark/jing.html)
	In Post::Document[] /home/user/latex-in-arxiv/2003/0302173.xml
(post-processing...
(Scan  processing...
Scan: DBStatus: 3827/0 objects
 1.11 sec)
(MakeBibliography  processing... 0.00 sec)
(CrossRef  processing...
Warning:expected:ids Missing File location for ID: S3.E77,bib.bib4,S3.E73,bib.bib13,S2.E15,S3.E107,S2.E35,S2.E66,S2.E1,S3.E81,bib.bib18,bib.bib1,S2.E63,S3.E69,S3.E88,S2.E49,S2.E9,S3.E76,S2.E14,S2.E34,S2.E48,S3.E89,S2.E47,bib.bib15,bib.bib12,S3.E72,S3.E95,bib.bib11,S3.E80,S2.E57,S3.E94,S2.E40,S3.E105,S2.E62,S3.E78,S3.E86,bib.bib10,bib.bib9,S3.E98,bib.bib5,bib.bib3,S2.E65,S2.E36,bib.bib8,bib.bib7,S3.E101,S2.E13,S2.E33,S2.E37,S3.E92,S2.E44,bib.bib17,bib.bib16,S3.E84,S2.E39,S2.E2,S2.E12,S2.E32,S3.E85,S2.E4,S3.E93,bib.bib19,bib.bib6,bib.bib14,bib.bib2,S2.E24,S2.E11
	In Post::CrossRef[@0x555622a125a8] ->process
 0.51 sec)
(SVG  47 to process...
(Loading compiled schema /usr/share/perl5/LaTeXML/resources/RelaxNG/LaTeXML.model... 0.01 sec) 0.09 sec)
(MathML::Presentation  551 to process...
Warning:unexpected:nested-math We're getting m:math nested within an m:mtext
	In Post::MathML::Presentation[@0x5556228... ->pmml_top
Warning:unexpected:nested-math We're getting m:math nested within an m:mtext
	In Post::MathML::Presentation[@0x5556228... ->pmml_top
Warning:unexpected:nested-math We're getting m:math nested within an m:mtext
	In Post::MathML::Presentation[@0x5556228... ->pmml_top
Warning:unexpected:nested-math We're getting m:math nested within an m:mtext
	In Post::MathML::Presentation[@0x5556228... ->pmml_top
Warning:unexpected:nested-math We're getting m:math nested within an m:mtext
	In Post::MathML::Presentation[@0x5556228... ->pmml_top
Warning:unexpected:nested-math We're getting m:math nested within an m:mtext
	In Post::MathML::Presentation[@0x5556228... ->pmml_top
Warning:unexpected:nested-math We're getting m:math nested within an m:mtext
	In Post::MathML::Presentation[@0x5556228... ->pmml_top
Warning:unexpected:nested-math We're getting m:math nested within an m:mtext
	In Post::MathML::Presentation[@0x5556228... ->pmml_top
Warning:unexpected:nested-math We're getting m:math nested within an m:mtext
	In Post::MathML::Presentation[@0x5556228... ->pmml_top
Warning:unexpected:nested-math We're getting m:math nested within an m:mtext
	In Post::MathML::Presentation[@0x5556228... ->pmml_top
Warning:unexpected:nested-math We're getting m:math nested within an m:mtext
	In Post::MathML::Presentation[@0x5556228... ->pmml_top
Warning:unexpected:nested-math We're getting m:math nested within an m:mtext
	In Post::MathML::Presentation[@0x5556228... ->pmml_top
Warning:unexpected:nested-math We're getting m:math nested within an m:mtext
	In Post::MathML::Presentation[@0x5556228... ->pmml_top
Warning:unexpected:nested-math We're getting m:math nested within an m:mtext
	In Post::MathML::Presentation[@0x5556228... ->pmml_top
Warning:unexpected:nested-math We're getting m:math nested within an m:mtext
	In Post::MathML::Presentation[@0x5556228... ->pmml_top
Warning:unexpected:nested-math We're getting m:math nested within an m:mtext
	In Post::MathML::Presentation[@0x5556228... ->pmml_top
Warning:unexpected:nested-math We're getting m:math nested within an m:mtext
	In Post::MathML::Presentation[@0x5556228... ->pmml_top
Warning:unexpected:nested-math We're getting m:math nested within an m:mtext
	In Post::MathML::Presentation[@0x5556228... ->pmml_top
Warning:unexpected:nested-math We're getting m:math nested within an m:mtext
	In Post::MathML::Presentation[@0x5556228... ->pmml_top
Warning:unexpected:nested-math We're getting m:math nested within an m:mtext
	In Post::MathML::Presentation[@0x5556228... ->pmml_top
Warning:unexpected:nested-math We're getting m:math nested within an m:mtext
	In Post::MathML::Presentation[@0x5556228... ->pmml_top
Warning:unexpected:nested-math We're getting m:math nested within an m:mtext
	In Post::MathML::Presentation[@0x5556228... ->pmml_top
Warning:unexpected:nested-math We're getting m:math nested within an m:mtext
	In Post::MathML::Presentation[@0x5556228... ->pmml_top
Warning:unexpected:nested-math We're getting m:math nested within an m:mtext
	In Post::MathML::Presentation[@0x5556228... ->pmml_top
Warning:unexpected:nested-math We're getting m:math nested within an m:mtext
	In Post::MathML::Presentation[@0x5556228... ->pmml_top
Warning:unexpected:nested-math We're getting m:math nested within an m:mtext
	In Post::MathML::Presentation[@0x5556228... ->pmml_top
Warning:unexpected:nested-math We're getting m:math nested within an m:mtext
	In Post::MathML::Presentation[@0x5556228... ->pmml_top
Warning:unexpected:nested-math We're getting m:math nested within an m:mtext
	In Post::MathML::Presentation[@0x5556228... ->pmml_top
Warning:unexpected:nested-math We're getting m:math nested within an m:mtext
	In Post::MathML::Presentation[@0x5556228... ->pmml_top
Warning:unexpected:nested-math We're getting m:math nested within an m:mtext
	In Post::MathML::Presentation[@0x5556228... ->pmml_top
Warning:unexpected:nested-math We're getting m:math nested within an m:mtext
	In Post::MathML::Presentation[@0x5556228... ->pmml_top
Warning:unexpected:nested-math We're getting m:math nested within an m:mtext
	In Post::MathML::Presentation[@0x5556228... ->pmml_top
Warning:unexpected:nested-math We're getting m:math nested within an m:mtext
	In Post::MathML::Presentation[@0x5556228... ->pmml_top
Warning:unexpected:nested-math We're getting m:math nested within an m:mtext
	In Post::MathML::Presentation[@0x5556228... ->pmml_top
Warning:unexpected:nested-math We're getting m:math nested within an m:mtext
	In Post::MathML::Presentation[@0x5556228... ->pmml_top
Warning:unexpected:nested-math We're getting m:math nested within an m:mtext
	In Post::MathML::Presentation[@0x5556228... ->pmml_top
Warning:unexpected:nested-math We're getting m:math nested within an m:mtext
	In Post::MathML::Presentation[@0x5556228... ->pmml_top
Warning:unexpected:nested-math We're getting m:math nested within an m:mtext
	In Post::MathML::Presentation[@0x5556228... ->pmml_top
Warning:unexpected:nested-math We're getting m:math nested within an m:mtext
	In Post::MathML::Presentation[@0x5556228... ->pmml_top
Warning:unexpected:nested-math We're getting m:math nested within an m:mtext
	In Post::MathML::Presentation[@0x5556228... ->pmml_top
Warning:unexpected:nested-math We're getting m:math nested within an m:mtext
	In Post::MathML::Presentation[@0x5556228... ->pmml_top
Warning:unexpected:nested-math We're getting m:math nested within an m:mtext
	In Post::MathML::Presentation[@0x5556228... ->pmml_top
Warning:unexpected:nested-math We're getting m:math nested within an m:mtext
	In Post::MathML::Presentation[@0x5556228... ->pmml_top
Warning:unexpected:nested-math We're getting m:math nested within an m:mtext
	In Post::MathML::Presentation[@0x5556228... ->pmml_top
Warning:unexpected:nested-math We're getting m:math nested within an m:mtext
	In Post::MathML::Presentation[@0x5556228... ->pmml_top
Warning:unexpected:nested-math We're getting m:math nested within an m:mtext
	In Post::MathML::Presentation[@0x5556228... ->pmml_top
Warning:unexpected:nested-math We're getting m:math nested within an m:mtext
	In Post::MathML::Presentation[@0x5556228... ->pmml_top
converted 551 Maths
 3.90 sec)
(XSLT[using LaTeXML-html5.xsl]  processing... 0.66 sec)
(Writer  processing... 0.01 sec) 6.31 sec)
Postprocessing complete 48 warnings; 1 error (See /home/user/latex-in-arxiv/0302173.latexmlpost.log) (reqd. 6.73s)
