latexmlpost (LaTeXML version 0.8.6) paginating /home/user/latex-in-arxiv/2003/0302177.xml
Error:malformed:document Document fails RelaxNG validation (LaTeXML)
	Validation reports: /home/user/latex-in-arxiv/2003/0302177.xml:0: Relax-NG validity error : Element document has extra content: resource
	(Jing may provide a more precise report; https://relaxng.org/jclark/jing.html)
	In Post::Document[] /home/user/latex-in-arxiv/2003/0302177.xml
(post-processing...
(Scan  processing...
Scan: DBStatus: 2033/0 objects
 0.58 sec)
(MakeBibliography  processing... 0.00 sec)
(CrossRef  processing...
Warning:expected:ids Missing File location for ID: S2.E12,S4.SS2,S3.SS3,bib.bib13,S8,S7,S2,bib.bib16,S1,Thmdefinition1,S4.SS1,S6.E46,S2.E11,S4.E41,S6.SS1,S2.E15,S5,bib.bib19,bib.bib6,S3,S2.E4,S3.E36,S6.E52,S3.E35,bib.bib4,S3.E34,bib.bib17,bib.bib3,S2.E14,S6.SS2,S3.E30,S6.E49,bib.bib2,S3.E18,S2.SS1,bib.bib11,S7.SS1,S3.SS4,S5.E44,S3.E28,S2.SS2.SSS3,S3.E17,bib.bib9,bib.bib20,S4,S2.SS2.SSS1,S6.E47,bib.bib10,S2.SS2,S2.E3,S7.SS2,S6.E48,S3.SS5,bib.bib21,S3.SS1,bib.bib22,S2.SS2.SSS4,bib.bib8,S7.E55,S5.SS1,S7.E56,S6,bib.bib7,S2.SS2.SSS2,bib.bib18,S2.E13,S2.E2,bib.bib12,S4.SS3,S3.SS2
	In Post::CrossRef[@0x5603f8f12858] ->process
Warning:expected:ids Missing Target for Label: LABEL:eq10:ps,LABEL:eq15.1:ps
	In Post::CrossRef[@0x5603f8f12858] ->process
 0.38 sec)
(SVG  3 to process...
(Loading compiled schema /usr/share/perl5/LaTeXML/resources/RelaxNG/LaTeXML.model... 0.01 sec) 0.04 sec)
(MathML::Presentation  662 to process...
converted 662 Maths
 3.13 sec)
(XSLT[using LaTeXML-html5.xsl]  processing... 0.81 sec)
(Writer  processing... 0.01 sec) 4.97 sec)
Postprocessing complete 2 warnings; 1 error (See /home/user/latex-in-arxiv/0302177.latexmlpost.log) (reqd. 5.46s)
