latexml (LaTeXML version 0.8.6) processing 2003/0302152.tex
(Digesting TeX 0302152...
(Loading /usr/share/perl5/LaTeXML/Package/TeX.pool.ltxml...
(Loading /usr/share/perl5/LaTeXML/Package/eTeX.pool.ltxml... 0.01 sec)
(Loading /usr/share/perl5/LaTeXML/Package/pdfTeX.pool.ltxml... 0.01 sec) 0.19 sec)
(Processing content /home/user/latex-in-arxiv/2003/0302152.tex...
(Loading /usr/share/perl5/LaTeXML/Package/LaTeX.pool.ltxml...
(Loading /usr/share/perl5/LaTeXML/Package/textcomp.sty.ltxml...
(Processing definitions /usr/share/texlive/texmf-dist/tex/latex-dev/base/ts1enc.dfu... 0.03 sec) 1.53 sec) 1.81 sec)
Info:unexpected:\documentstyle Entering LaTeX 2.09 Compatibility mode
	at 0302152.tex; line 6 col 0 - line 6 col 35
(Loading /usr/share/perl5/LaTeXML/Package/article.cls.ltxml... 0.02 sec)
(Loading /usr/share/perl5/LaTeXML/Package/psfig.sty.ltxml...
(Loading /usr/share/perl5/LaTeXML/Package/epsfig.sty.ltxml...
(Loading /usr/share/perl5/LaTeXML/Package/graphicx.sty.ltxml...
(Loading /usr/share/perl5/LaTeXML/Package/graphics.sty.ltxml... 0.01 sec) 0.02 sec) 0.04 sec) 0.05 sec)
(Processing content /usr/share/texlive/texmf-dist/tex/generic/xypic/xy.tex...
Bootstrap'ing:
catcodes,
docmode,
(Processing content /usr/share/texlive/texmf-dist/tex/generic/xypic/xyrecat.tex... 0.02 sec)
(Processing content /usr/share/texlive/texmf-dist/tex/generic/xypic/xyidioms.tex... 0.02 sec)
 Xy-pic version 3.8.9 <2013/10/06>
 Copyright (c) 1991-2013 by Kristoffer H. Rose <krisrose@tug.org> and others
 Xy-pic is free software: see the User's Guide for details.
Loading kernel:
messages;
fonts;
Info:unexpected:xydash10 Unrecognized font name 'xydash10'
	at xy.tex; line 159 col 16 - line 159 col 16
	Font switch macro \xydashfont will have no effect
Info:unexpected:xyatip10 Unrecognized font name 'xyatip10'
	at xy.tex; line 163 col 19 - line 163 col 19
	Font switch macro \xyatipfont will have no effect
Info:unexpected:xybtip10 Unrecognized font name 'xybtip10'
	at xy.tex; line 164 col 19 - line 164 col 19
	Font switch macro \xybtipfont will have no effect
Info:unexpected:xybsql10 Unrecognized font name 'xybsql10'
	at xy.tex; line 165 col 16 - line 165 col 16
	Font switch macro \xybsqlfont will have no effect
Info:unexpected:xycirc10 Unrecognized font name 'xycirc10'
	at xy.tex; line 169 col 8 - line 169 col 8
	Font switch macro \xycircfont will have no effect
allocations:
state,
direction,
utility macros;
pictures: \xy,
positions,
objects,
decorations;
kernel objects:
directionals,
circles,
text;
options;
algorithms: directions,
edges,
connections;
 Xy-pic loaded
 1.47 sec)
(Processing content /usr/share/texlive/texmf-dist/tex/generic/xypic/xyall.tex...
 Xy-pic option: All features v.3.8
(Processing content /usr/share/texlive/texmf-dist/tex/generic/xypic/xycurve.tex...
 Xy-pic option: Curve and Spline extension v.3.12
curve,
circles,
loaded
 0.92 sec)
(Processing content /usr/share/texlive/texmf-dist/tex/generic/xypic/xyframe.tex...
 Xy-pic option: Frame and Bracket extension v.3.14
loaded
 0.31 sec)
(Processing content /usr/share/texlive/texmf-dist/tex/generic/xypic/xycmtip.tex...
 Xy-pic option: Computer Modern tip extension v.3.7
(Processing content /usr/share/texlive/texmf-dist/tex/generic/xypic/xytips.tex...
 Xy-pic option: More Tips extension v.3.11
Info:unexpected:xycmat10 Unrecognized font name 'xycmat10'
	at xytips.tex; line 33 col 19 - line 33 col 19
	Font switch macro \xy@@atfont will have no effect
Info:unexpected:xycmbt10 Unrecognized font name 'xycmbt10'
	at xytips.tex; line 34 col 19 - line 34 col 19
	Font switch macro \xy@@btfont will have no effect
Info:unexpected:xyluat10 Unrecognized font name 'xyluat10'
	at xytips.tex; line 35 col 19 - line 35 col 19
	Font switch macro \xy@@alfont will have no effect
Info:unexpected:xylubt10 Unrecognized font name 'xylubt10'
	at xytips.tex; line 36 col 19 - line 36 col 19
	Font switch macro \xy@@blfont will have no effect
loaded
 0.05 sec)
loaded
 0.09 sec)
(Processing content /usr/share/texlive/texmf-dist/tex/generic/xypic/xyline.tex...
 Xy-pic option: Line styles extension v.3.10
loaded
 0.15 sec)
(Processing content /usr/share/texlive/texmf-dist/tex/generic/xypic/xyrotate.tex...
 Xy-pic option: Rotate and Scale extension v.3.8
loaded
 0.10 sec)
(Processing content /usr/share/texlive/texmf-dist/tex/generic/xypic/xycolor.tex...
 Xy-pic option: Colour extension v.3.11
loaded
 0.06 sec)
(Processing content /usr/share/texlive/texmf-dist/tex/generic/xypic/xymatrix.tex...
 Xy-pic option: Matrix feature v.3.14
loaded
 0.22 sec)
(Processing content /usr/share/texlive/texmf-dist/tex/generic/xypic/xyarrow.tex...
 Xy-pic option: Arrow and Path feature v.3.9
path,
\ar,
loaded
 0.24 sec)
(Processing content /usr/share/texlive/texmf-dist/tex/generic/xypic/xygraph.tex...
 Xy-pic option: Graph feature v.3.11
loaded
 0.12 sec)
loaded
 2.33 sec)
<xymatrix
2x2
182>
<xymatrix
2x2
182>
 21.10 sec) 21.37 sec)
(Building...
(Loading compiled schema /usr/share/perl5/LaTeXML/resources/RelaxNG/LaTeXML.model... 0.01 sec) 11.46 sec)
(Rewriting... 0.34 sec)
(Math Parsing 563 formulae ......
Warning:not_parsed:ATOM.CLOSE.ATOM>OPEN MathParser failed to match rule 'Anything'
	at 0302152.tex; line 789 col 38 - line 789 col 38
	In "$\displaystyle\left(\frac{\omega^{h,g}}{\omega^{g,h}}\right)\>\mbox{Tr }\left%
	\{\left(P\exp\int_{x}^{gx}Adx\right)\,\left(\gamma^{g}_{x}\right)\,\left(P\exp%
	\int_{x}^{hx}Adx\right)\,\left(\gamma^{h}_{x}\right)\,\right.$"
	\left([[OPEN]] \frac{\omega^{h,g}}{\omega^{g,h}}[[UNKNOWN]] \right)[[CLOSE]] \mbox{Tr }[[UNKNOWN]]
	        > \left\{[[OPEN]] \left([[OPEN]] P[[UNKNOWN]] exp[[OPFUNCTION]] ∫[[INTOP]] _{x}[[POSTSUBSCRIPT]] ^{gx}[[POSTSUPERSCRIPT]] A[[UNKNOWN]] d[[UNKNOWN]] x[[UNKNOWN]] \right)[[CLOSE]] \left([[OPEN]] γ[[UNKNOWN]] ^{g}[[POSTSUPERSCRIPT]] _{x}[[POSTSUBSCRIPT]] \right)[[CLOSE]] \left([[OPEN]] P[[UNKNOWN]] exp[[OPFUNCTION]] ∫[[INTOP]] _{x}[[POSTSUBSCRIPT]] ^{hx}[[POSTSUPERSCRIPT]] A[[UNKNOWN]] d[[UNKNOWN]] x[[UNKNOWN]] \right)[[CLOSE]] \left([[OPEN]] γ[[UNKNOWN]] ^{h}[[POSTSUPERSCRIPT]] _{x}[[POSTSUBSCRIPT]] \right)[[CLOSE]]
Warning:not_parsed:UNKNOWN.CLOSE.POSTSUPERSCRIPT>CLOSE MathParser failed to match rule 'Anything'
	at 0302152.tex; line 790 col 9 - line 795 col 14
	In "$\displaystyle\cdot\,\left.\left(\gamma^{g}_{x}\right)^{-1}\,\left(P\exp\int_{%
	x}^{gx}Adx\right)^{-1}\,\left(\gamma^{h}_{x}\right)^{-1}\,\left(P\exp\int_{x}^%
	{hx}Adx\right)^{-1}\right\}$"
	⋅[[MULOP]] \left([[OPEN]] γ[[UNKNOWN]] ^{g}[[POSTSUPERSCRIPT]] _{x}[[POSTSUBSCRIPT]] \right)[[CLOSE]] ^{-1}[[POSTSUPERSCRIPT]] \left([[OPEN]] P[[UNKNOWN]] exp[[OPFUNCTION]] ∫[[INTOP]] _{x}[[POSTSUBSCRIPT]] ^{gx}[[POSTSUPERSCRIPT]] A[[UNKNOWN]] d[[UNKNOWN]] x[[UNKNOWN]] \right)[[CLOSE]] ^{-1}[[POSTSUPERSCRIPT]] \left([[OPEN]] γ[[UNKNOWN]] ^{h}[[POSTSUPERSCRIPT]] _{x}[[POSTSUBSCRIPT]] \right)[[CLOSE]] ^{-1}[[POSTSUPERSCRIPT]] \left([[OPEN]] P[[UNKNOWN]] exp[[OPFUNCTION]] ∫[[INTOP]] _{x}[[POSTSUBSCRIPT]] ^{hx}[[POSTSUPERSCRIPT]] A[[UNKNOWN]] d[[UNKNOWN]] x[[UNKNOWN]] \right)[[CLOSE]] ^{-1}[[POSTSUPERSCRIPT]]
	        > \right\}[[CLOSE]]
 23.15 sec)
Math parsing succeeded:
   ltx:XMath: 561/563
   ltx:XMArg: 1660/1660
Symbols assumed as simple identifiers (with # of occurences):
   'A{caligraphic}' (4), 'A{italic}' (70), 'B{caligraphic}' (19), 'B{italic}' (7), 'C{italic}' (1), 'E{caligraphic}' (4), 'G{italic}' (17), 'H{italic}' (12), 'I{italic}' (6), 'Lambda' (131), 'L{caligraphic}' (1), 'L{italic}' (27), 'M{italic}' (10), 'N{caligraphic}' (1), 'Omega' (14), 'P{italic}' (46), 'R{italic}' (20), 'S{italic}' (15), 'T{italic}' (49), 'Upsilon' (13), 'U{italic}' (20), 'V{italic}' (9), 'X{italic}' (25), 'Z{bold}' (30), 'Z{italic}' (8), 'alpha' (35), 'a{italic}' (44), 'beta' (24), 'b{italic}' (8), 'c{italic}' (9), 'd{italic}' (88), 'epsilon' (6), 'gamma' (130), 'g{italic}' (662), 'h{italic}' (204), 'i{italic}' (17), 'kappa' (5), 'omega' (73), 'pi' (8), 'p{italic}' (53), 'sigma' (23), 'tau' (20), 'theta' (33), 'x{italic}' (239)
Set MATHPARSER_SPECULATE to speculate on possible notations.
(Finalizing... 1.40 sec)
Conversion complete 2 warnings (See /home/user/latex-in-arxiv/0302152.latexml.log) (reqd. 58.81s)
