latexml (LaTeXML version 0.8.6) processing 2003/0302153.tex
(Digesting TeX 0302153...
(Loading /usr/share/perl5/LaTeXML/Package/TeX.pool.ltxml...
(Loading /usr/share/perl5/LaTeXML/Package/eTeX.pool.ltxml... 0.00 sec)
(Loading /usr/share/perl5/LaTeXML/Package/pdfTeX.pool.ltxml... 0.01 sec) 0.16 sec)
(Processing content /home/user/latex-in-arxiv/2003/0302153.tex...
(Loading /usr/share/perl5/LaTeXML/Package/LaTeX.pool.ltxml...
(Loading /usr/share/perl5/LaTeXML/Package/textcomp.sty.ltxml...
(Processing definitions /usr/share/texlive/texmf-dist/tex/latex-dev/base/ts1enc.dfu... 0.02 sec) 1.09 sec) 1.32 sec)
(Loading /usr/share/perl5/LaTeXML/Package/article.cls.ltxml... 0.01 sec)
(Loading /usr/share/perl5/LaTeXML/Package/amsmath.sty.ltxml...
(Loading /usr/share/perl5/LaTeXML/Package/amsbsy.sty.ltxml...
(Loading /usr/share/perl5/LaTeXML/Package/amsgen.sty.ltxml... 0.00 sec) 0.01 sec)
(Loading /usr/share/perl5/LaTeXML/Package/amstext.sty.ltxml... 0.00 sec)
(Loading /usr/share/perl5/LaTeXML/Package/amsopn.sty.ltxml... 0.01 sec) 0.04 sec)
(Loading /usr/share/perl5/LaTeXML/Package/amsfonts.sty.ltxml... 0.00 sec)
(Loading /usr/share/perl5/LaTeXML/Package/dsfont.sty.ltxml... 0.00 sec)
(Loading /usr/share/perl5/LaTeXML/Package/epsfig.sty.ltxml...
(Loading /usr/share/perl5/LaTeXML/Package/graphicx.sty.ltxml...
(Loading /usr/share/perl5/LaTeXML/Package/graphics.sty.ltxml... 0.01 sec) 0.01 sec) 0.03 sec)
Warning:missing_file:epic Can't find binding for package epic
	at 0302153.tex; line 7 col 11 - line 7 col 11
	Anticipate undefined macros or environments
	search paths are /home/user/latex-in-arxiv/2003, /home/user/latex-in-arxiv
	In Core::Definition::Constructor[\usepac... /usr/share/perl5/LaTeXML/Package/LaTeX.pool.ltxml; line 806
Warning:missing_file:eepic Can't find binding for package eepic
	at 0302153.tex; line 8 col 11 - line 8 col 11
	Anticipate undefined macros or environments
	In Core::Definition::Constructor[\usepac... /usr/share/perl5/LaTeXML/Package/LaTeX.pool.ltxml; line 806
Warning:missing_file:axodraw Can't find binding for package axodraw
	at 0302153.tex; line 9 col 11 - line 9 col 11
	Anticipate undefined macros or environments
	In Core::Definition::Constructor[\usepac... /usr/share/perl5/LaTeXML/Package/LaTeX.pool.ltxml; line 806
(Loading /usr/share/perl5/LaTeXML/Package/subfigure.sty.ltxml... 0.03 sec)
(Loading /usr/share/perl5/LaTeXML/Package/rotating.sty.ltxml... 0.01 sec)
Info:unexpected:titlepage When using titlepage, Frontmatter will not be well-structured
	at 0302153.tex; line 65 col 0 - line 65 col 17
Error:missing_file:pwbound Can't find TeX file pwbound
	at 0302153.tex; line 265 col 0 - line 265 col 15
	Next token is T_SPACE[U+000a/LF] ( == T_SPACE[U+000a/LF])
	In Core::Definition::Primitive[\ltx@inpu... /usr/share/perl5/LaTeXML/Package/LaTeX.pool.ltxml; line 4014
	 <= Core::Stomach[@0x5566b5dcbe70] <= Core::Definition::Constructor[\begin{... <= Core::Stomach[@0x5566b5dcbe70] <= ...
Error:undefined:\SetOffset The token T_CS[\SetOffset] is not defined.
	at 0302153.tex; line 341 col 10 - line 341 col 10
	Defining it now as <ltx:ERROR/>
	Next token is T_OTHER[(] ( == T_OTHER[(])
	In Core::Gullet[@0x5566b5dcbbd0] /home/user/latex-in-arxiv/2003/0302153.tex; from line 341 col 11 to line 341 col 11
	 <= Core::Stomach[@0x5566b5dcbe70] <= Core::Definition::Constructor[\begin{... <= Core::Stomach[@0x5566b5dcbe70] <= ...
Error:undefined:\LongArrow The token T_CS[\LongArrow] is not defined.
	at 0302153.tex; line 342 col 10 - line 342 col 10
	Defining it now as <ltx:ERROR/>
	Next token is T_OTHER[(] ( == T_OTHER[(])
	In Core::Gullet[@0x5566b5dcbbd0] /home/user/latex-in-arxiv/2003/0302153.tex; from line 342 col 11 to line 342 col 11
	 <= Core::Stomach[@0x5566b5dcbe70] <= Core::Definition::Constructor[\begin{... <= Core::Stomach[@0x5566b5dcbe70] <= ...
Error:undefined:\Text The token T_CS[\Text] is not defined.
	at 0302153.tex; line 342 col 29 - line 342 col 29
	Defining it now as <ltx:ERROR/>
	Next token is T_OTHER[(] ( == T_OTHER[(])
	In Core::Gullet[@0x5566b5dcbbd0] /home/user/latex-in-arxiv/2003/0302153.tex; from line 342 col 30 to line 342 col 30
	 <= Core::Stomach[@0x5566b5dcbe70] <= Core::Definition::Constructor[\begin{... <= Core::Stomach[@0x5566b5dcbe70] <= ...
Error:undefined:\DashLine The token T_CS[\DashLine] is not defined.
	at 0302153.tex; line 345 col 9 - line 345 col 9
	Defining it now as <ltx:ERROR/>
	Next token is T_OTHER[(] ( == T_OTHER[(])
	In Core::Gullet[@0x5566b5dcbbd0] /home/user/latex-in-arxiv/2003/0302153.tex; from line 345 col 10 to line 345 col 10
	 <= Core::Stomach[@0x5566b5dcbe70] <= Core::Definition::Constructor[\begin{... <= Core::Stomach[@0x5566b5dcbe70] <= ...
Error:undefined:\SetWidth The token T_CS[\SetWidth] is not defined.
	at 0302153.tex; line 352 col 9 - line 352 col 9
	Defining it now as <ltx:ERROR/>
	Next token is T_BEGIN[{] ( == T_BEGIN[{])
	In Core::Gullet[@0x5566b5dcbbd0] /home/user/latex-in-arxiv/2003/0302153.tex; from line 352 col 10 to line 352 col 10
	 <= Core::Stomach[@0x5566b5dcbe70] <= Core::Definition::Constructor[\begin{... <= Core::Stomach[@0x5566b5dcbe70] <= ...
Error:undefined:\Line The token T_CS[\Line] is not defined.
	at 0302153.tex; line 355 col 5 - line 355 col 5
	Defining it now as <ltx:ERROR/>
	Next token is T_OTHER[(] ( == T_OTHER[(])
	In Core::Gullet[@0x5566b5dcbbd0] /home/user/latex-in-arxiv/2003/0302153.tex; from line 355 col 6 to line 355 col 6
	 <= Core::Stomach[@0x5566b5dcbe70] <= Core::Definition::Constructor[\begin{... <= Core::Stomach[@0x5566b5dcbe70] <= ...
 8.16 sec) 8.37 sec)
(Building...
(Loading compiled schema /usr/share/perl5/LaTeXML/resources/RelaxNG/LaTeXML.model... 0.01 sec) 7.74 sec)
(Rewriting... 0.26 sec)
(Math Parsing 554 formulae ......
Warning:not_parsed:UNKNOWN.PUNCT.UNKNOWN>RELOP MathParser failed to match rule 'Anything'
	at 0302153.tex; line 256 col 73 - line 256 col 100
	In "$\varphi=\beta+(2k+1)\pi~{},k\in$"
	φ[[UNKNOWN]] =[[RELOP]] β[[UNKNOWN]] +[[ADDOP]] ([[OPEN]] 2[[NUMBER]] k[[UNKNOWN]] +[[ADDOP]] 1[[NUMBER]] )[[CLOSE]] π[[UNKNOWN]] ,[[PUNCT]] k[[UNKNOWN]]
	        > ∈[[RELOP]]
Warning:not_parsed:UNKNOWN.RELOP.UNKNOWN>PUNCT MathParser failed to match rule 'Anything'
	at 0302153.tex; line 324 col 0 - line 327 col 3
	In "\begin{equation}x\rightarrow\infty~{},~{}~{}~{}0<\theta<\pi~{}~{}~{}~{}%
	\Longrightarrow~{}~{}~{}\tan\left(\frac{\varphi\pm\zeta}{2}\right)~{}%
	\rightarrow\pm\infty~{}.\end{equation}"
	x[[UNKNOWN]] →[[ARROW]] ∞[[ID]] ,[[PUNCT]] 0[[NUMBER]] <[[RELOP]] θ[[UNKNOWN]] <[[RELOP]] π[[UNKNOWN]]
	        > \begin{equation}x\rightarrow\infty~{},~{}~{}~{}0<\theta<\pi~{}~{}~{}~{}\Longrightarrow~{}~{}~{}\tan\left(\frac{\varphi\pm\zeta}{2}\right)~{}\rightarrow\pm\infty~{}.\end{equation}[[PUNCT]] ⟹[[ARROW]] tan[[TRIGFUNCTION]] \left([[OPEN]] \frac{\varphi\pm\zeta}{2}[[UNKNOWN]] \right)[[CLOSE]] →[[ARROW]] ±[[ADDOP]] ∞[[ID]]
 15.07 sec)
Math parsing succeeded:
   ltx:XMArg: 1237/1237
   ltx:XMath: 552/554
   ltx:XMWrap: 1/4
Symbols assumed as simple identifiers (with # of occurences):
   'A{italic}' (128), 'B{italic}' (51), 'C{italic}' (22), 'F{italic}' (4), 'N{caligraphic}' (3), 'Omega' (24), 'O{italic}' (6), 'R{italic}' (83), 'S{italic}' (162), 'Theta' (3), 'alpha' (39), 'a{italic}' (5), 'beta' (26), 'b{italic}' (21), 'c{italic}' (17), 'delta' (1), 'd{italic}' (122), 'epsilon' (3), 'e{italic}' (10), 'f{italic}' (31), 'gamma' (10), 'h{italic}' (5), 'i{italic}' (7), 'j{italic}' (4), 'k{italic}' (9), 'l{italic}' (1), 'n{italic}' (3), 'omega' (4), 'o{italic}' (1), 'phi' (12), 'pi' (44), 'psi' (23), 'rho' (43), 'r{italic}' (23), 'sigma' (2), 's{italic}' (7), 'tau' (98), 'theta' (39), 't{italic}' (34), 'varphi' (37), 'vartheta' (4), 'x{italic}' (173), 'y{italic}' (14), 'zeta' (30), 'z{italic}' (17)
Set MATHPARSER_SPECULATE to speculate on possible notations.
(Finalizing... 1.62 sec)
Conversion complete 5 warnings; 7 errors; 6 undefined macros[\DashLine, \Line, \SetWidth, \LongArrow, \SetOffset, \Text]; 4 missing files[eepic.sty, pwbound, axodraw.sty, epic.sty] (See /home/user/latex-in-arxiv/0302153.latexml.log) (reqd. 34.04s)
