latexml (LaTeXML version 0.8.6) processing 2003/0302211.tex
(Digesting TeX 0302211...
(Loading /usr/share/perl5/LaTeXML/Package/TeX.pool.ltxml...
(Loading /usr/share/perl5/LaTeXML/Package/eTeX.pool.ltxml... 0.01 sec)
(Loading /usr/share/perl5/LaTeXML/Package/pdfTeX.pool.ltxml... 0.01 sec) 0.19 sec)
(Processing content /home/user/latex-in-arxiv/2003/0302211.tex...
(Loading /usr/share/perl5/LaTeXML/Package/LaTeX.pool.ltxml...
(Loading /usr/share/perl5/LaTeXML/Package/textcomp.sty.ltxml...
(Processing definitions /usr/share/texlive/texmf-dist/tex/latex-dev/base/ts1enc.dfu... 0.03 sec) 1.60 sec) 1.87 sec)
(Loading /usr/share/perl5/LaTeXML/Package/article.cls.ltxml... 0.01 sec)
(Loading /usr/share/perl5/LaTeXML/Package/amssymb.sty.ltxml...
(Loading /usr/share/perl5/LaTeXML/Package/amsfonts.sty.ltxml... 0.00 sec) 0.03 sec)
(Loading /usr/share/perl5/LaTeXML/Package/citesort.sty.ltxml... 0.00 sec)
Info:unexpected:titlepage When using titlepage, Frontmatter will not be well-structured
	at 0302211.tex; line 20 col 0 - line 20 col 17
 7.84 sec) 8.07 sec)
(Building...
(Loading compiled schema /usr/share/perl5/LaTeXML/resources/RelaxNG/LaTeXML.model... 0.01 sec)
Warning:unexpected:eqnarray Unrecognized equation patterns (1) in eqnarray
	at 0302211.tex; line 989 col 1 - line 989 col 1
	In Core::Definition::Constructor[\@@eqna... /usr/share/perl5/LaTeXML/Package/LaTeX.pool.ltxml; line 2290
Warning:unexpected:eqnarray Unrecognized equation patterns (1) in eqnarray
	at 0302211.tex; line 1052 col 1 - line 1052 col 1
	In Core::Definition::Constructor[\@@eqna... /usr/share/perl5/LaTeXML/Package/LaTeX.pool.ltxml; line 2290
 5.18 sec)
(Rewriting... 0.18 sec)
(Math Parsing 306 formulae ......
Warning:not_parsed:VERTBAR.UNKNOWN.POSTSUBSCRIPT>OPEN MathParser failed to match rule 'Anything'
	at 0302211.tex; line 635 col 1 - line 635 col 1
	In "$\displaystyle G^{\rm\scriptscriptstyle L}_{\alpha_{4},\alpha_{3},\alpha_{2},%
	\alpha_{1}}(z,\bar{z})\;=\;\int_{\mathcal{D}}\!d\alpha\;C(\alpha_{4},\alpha_{3%
	},\alpha)C(\bar{\alpha},\alpha_{2},\alpha_{1})\left|\mathcal{F}_{\alpha}\left[%
	{}^{\alpha_{3}\,\alpha_{2}}_{\alpha_{4}\,\alpha_{1}}\right](z)\right|^{2}\@@ENDINLINEMATH"
	G[[UNKNOWN]] ^{\rm\scriptscriptstyleL}[[POSTSUPERSCRIPT]] _{\alpha_{4},\alpha_{3},\alpha_{2},\alpha_{1}}[[POSTSUBSCRIPT]] ([[OPEN]] z[[UNKNOWN]] ,[[PUNCT]] \bar{z}[[UNKNOWN]] )[[CLOSE]] =[[RELOP]] ∫[[INTOP]] _{\mathcal{D}}[[POSTSUBSCRIPT]] d[[UNKNOWN]] α[[UNKNOWN]] C[[UNKNOWN]] ([[OPEN]] α[[UNKNOWN]] _{4}[[POSTSUBSCRIPT]] ,[[PUNCT]] α[[UNKNOWN]] _{3}[[POSTSUBSCRIPT]] ,[[PUNCT]] α[[UNKNOWN]] )[[CLOSE]] C[[UNKNOWN]] ([[OPEN]] \bar{\alpha}[[UNKNOWN]] ,[[PUNCT]] α[[UNKNOWN]] _{2}[[POSTSUBSCRIPT]] ,[[PUNCT]] α[[UNKNOWN]] _{1}[[POSTSUBSCRIPT]] )[[CLOSE]] \left|[[VERTBAR]] F[[UNKNOWN]] _{\alpha}[[POSTSUBSCRIPT]]
	        > \left[[[OPEN]] {}^{\alpha_{3}\,\alpha_{2}}[[FLOATSUPERSCRIPT]] _{\alpha_{4}\,\alpha_{1}}[[POSTSUBSCRIPT]] \right][[CLOSE]] ([[OPEN]] z[[UNKNOWN]] )[[CLOSE]] \right|[[VERTBAR]] ^{2}[[POSTSUPERSCRIPT]]
Warning:not_parsed:VERTBAR.UNKNOWN.POSTSUBSCRIPT>OPEN MathParser failed to match rule 'Anything'
	at 0302211.tex; line 635 col 1 - line 642 col 14
	In "$\displaystyle G^{\rm\scriptscriptstyle L}_{\alpha_{4},\alpha_{3},\alpha_{2},%
	\alpha_{1}}(z,\bar{z})\;=\;\int_{\mathcal{D}}\!d\alpha\;C(\alpha_{4},\alpha_{3%
	},\alpha)C(\bar{\alpha},\alpha_{2},\alpha_{1})\left|\mathcal{F}_{\alpha}\left[%
	{}^{\alpha_{3}\,\alpha_{2}}_{\alpha_{4}\,\alpha_{1}}\right](z)\right|^{2}$"
	G[[UNKNOWN]] ^{\rm\scriptscriptstyleL}[[POSTSUPERSCRIPT]] _{\alpha_{4},\alpha_{3},\alpha_{2},\alpha_{1}}[[POSTSUBSCRIPT]] ([[OPEN]] z[[UNKNOWN]] ,[[PUNCT]] \bar{z}[[UNKNOWN]] )[[CLOSE]] =[[RELOP]] ∫[[INTOP]] _{\mathcal{D}}[[POSTSUBSCRIPT]] d[[UNKNOWN]] α[[UNKNOWN]] C[[UNKNOWN]] ([[OPEN]] α[[UNKNOWN]] _{4}[[POSTSUBSCRIPT]] ,[[PUNCT]] α[[UNKNOWN]] _{3}[[POSTSUBSCRIPT]] ,[[PUNCT]] α[[UNKNOWN]] )[[CLOSE]] C[[UNKNOWN]] ([[OPEN]] \bar{\alpha}[[UNKNOWN]] ,[[PUNCT]] α[[UNKNOWN]] _{2}[[POSTSUBSCRIPT]] ,[[PUNCT]] α[[UNKNOWN]] _{1}[[POSTSUBSCRIPT]] )[[CLOSE]] \left|[[VERTBAR]] F[[UNKNOWN]] _{\alpha}[[POSTSUBSCRIPT]]
	        > \left[[[OPEN]] {}^{\alpha_{3}\,\alpha_{2}}[[FLOATSUPERSCRIPT]] _{\alpha_{4}\,\alpha_{1}}[[POSTSUBSCRIPT]] \right][[CLOSE]] ([[OPEN]] z[[UNKNOWN]] )[[CLOSE]] \right|[[VERTBAR]] ^{2}[[POSTSUPERSCRIPT]]
Warning:not_parsed:UNKNOWN.POSTSUBSCRIPT>OPEN MathParser failed to match rule 'Anything'
	at 0302211.tex; line 644 col 9 - line 646 col 4
	In "$\mathcal{F}_{\alpha}\left[{}^{\alpha_{3}\,\alpha_{2}}_{\alpha_{4}\,\alpha_{1}%
	}\right](z)$"
	F[[UNKNOWN]] _{\alpha}[[POSTSUBSCRIPT]]
	        > \left[[[OPEN]] {}^{\alpha_{3}\,\alpha_{2}}[[FLOATSUPERSCRIPT]] _{\alpha_{4}\,\alpha_{1}}[[POSTSUBSCRIPT]] \right][[CLOSE]] ([[OPEN]] z[[UNKNOWN]] )[[CLOSE]]
Warning:not_parsed:UNKNOWN.POSTSUBSCRIPT>OPEN MathParser failed to match rule 'Anything'
	at 0302211.tex; line 650 col 8 - line 650 col 8
	In "$\displaystyle\mathcal{F}_{\alpha}\left[{}^{\alpha_{3}\,\alpha_{2}}_{\alpha_{4%
	}\,\alpha_{1}}\right](z)\;=\;z^{\Delta_{\alpha}-\Delta_{\alpha_{1}}-\Delta_{%
	\alpha_{2}}}\sum_{n=0}^{\infty}z^{n}\mathcal{F}_{\alpha}\left[{}^{\alpha_{3}\,%
	\alpha_{2}}_{\alpha_{4}\,\alpha_{1}}\right](n).\@@ENDINLINEMATH"
	F[[UNKNOWN]] _{\alpha}[[POSTSUBSCRIPT]]
	        > \left[[[OPEN]] {}^{\alpha_{3}\,\alpha_{2}}[[FLOATSUPERSCRIPT]] _{\alpha_{4}\,\alpha_{1}}[[POSTSUBSCRIPT]] \right][[CLOSE]] ([[OPEN]] z[[UNKNOWN]] )[[CLOSE]] =[[RELOP]] z[[UNKNOWN]] ^{\Delta_{\alpha}-\Delta_{\alpha_{1}}-\Delta_{\alpha_{2}}}[[POSTSUPERSCRIPT]] ∑[[SUMOP]] _{n=0}[[POSTSUBSCRIPT]] ^{\infty}[[POSTSUPERSCRIPT]] z[[UNKNOWN]] ^{n}[[POSTSUPERSCRIPT]] F[[UNKNOWN]] _{\alpha}[[POSTSUBSCRIPT]] \left[[[OPEN]] {}^{\alpha_{3}\,\alpha_{2}}[[FLOATSUPERSCRIPT]] _{\alpha_{4}\,\alpha_{1}}[[POSTSUBSCRIPT]] \right][[CLOSE]] ([[OPEN]] n[[UNKNOWN]] )[[CLOSE]]
Warning:not_parsed:UNKNOWN.POSTSUBSCRIPT>OPEN MathParser failed to match rule 'Anything'
	at 0302211.tex; line 650 col 8 - line 658 col 14
	In "$\displaystyle\mathcal{F}_{\alpha}\left[{}^{\alpha_{3}\,\alpha_{2}}_{\alpha_{4%
	}\,\alpha_{1}}\right](z)\;=\;z^{\Delta_{\alpha}-\Delta_{\alpha_{1}}-\Delta_{%
	\alpha_{2}}}\sum_{n=0}^{\infty}z^{n}\mathcal{F}_{\alpha}\left[{}^{\alpha_{3}\,%
	\alpha_{2}}_{\alpha_{4}\,\alpha_{1}}\right](n).$"
	F[[UNKNOWN]] _{\alpha}[[POSTSUBSCRIPT]]
	        > \left[[[OPEN]] {}^{\alpha_{3}\,\alpha_{2}}[[FLOATSUPERSCRIPT]] _{\alpha_{4}\,\alpha_{1}}[[POSTSUBSCRIPT]] \right][[CLOSE]] ([[OPEN]] z[[UNKNOWN]] )[[CLOSE]] =[[RELOP]] z[[UNKNOWN]] ^{\Delta_{\alpha}-\Delta_{\alpha_{1}}-\Delta_{\alpha_{2}}}[[POSTSUPERSCRIPT]] ∑[[SUMOP]] _{n=0}[[POSTSUBSCRIPT]] ^{\infty}[[POSTSUPERSCRIPT]] z[[UNKNOWN]] ^{n}[[POSTSUPERSCRIPT]] F[[UNKNOWN]] _{\alpha}[[POSTSUBSCRIPT]] \left[[[OPEN]] {}^{\alpha_{3}\,\alpha_{2}}[[FLOATSUPERSCRIPT]] _{\alpha_{4}\,\alpha_{1}}[[POSTSUBSCRIPT]] \right][[CLOSE]] ([[OPEN]] n[[UNKNOWN]] )[[CLOSE]]
Warning:not_parsed:UNKNOWN.POSTSUBSCRIPT>OPEN MathParser failed to match rule 'Anything'
	at 0302211.tex; line 664 col 9 - line 665 col 61
	In "$\mathcal{F}_{\alpha}\left[{}^{\alpha_{3}\,\alpha_{2}}_{\alpha_{4}\,\alpha_{1}%
	}\right](n)$"
	F[[UNKNOWN]] _{\alpha}[[POSTSUBSCRIPT]]
	        > \left[[[OPEN]] {}^{\alpha_{3}\,\alpha_{2}}[[FLOATSUPERSCRIPT]] _{\alpha_{4}\,\alpha_{1}}[[POSTSUBSCRIPT]] \right][[CLOSE]] ([[OPEN]] n[[UNKNOWN]] )[[CLOSE]]
Warning:not_parsed:VERTBAR.UNKNOWN.POSTSUBSCRIPT>OPEN MathParser failed to match rule 'Anything'
	at 0302211.tex; line 709 col 1 - line 709 col 1
	In "$\displaystyle{\cal I}\equiv\int\limits_{\mathbb{C}}\!d^{2}z\;|z|^{\frac{p_{1}%
	\cdot p_{2}}{2\alpha}}|1-z|^{\frac{p_{2}\cdot p_{3}}{2\alpha}}G^{%
	\scriptscriptstyle L}(z,\bar{z})=q\int\limits_{\mathbb{C}}\!d^{2}z\;|z|^{\frac%
	{p_{1}\cdot p_{2}}{2\alpha}}|1-z|^{\frac{p_{2}\cdot p_{3}}{2\alpha}}\int%
	\limits_{0}^{\infty}\!dP\;{\rm e}^{2H_{\theta}(P)}\left|\mathcal{F}_{\frac{Q}{%
	2}+iP}\left[{}^{\frac{Q}{2}\,\frac{Q}{2}}_{\frac{Q}{2}\,\frac{Q}{2}}\right](z)%
	\right|^{2}.\@@ENDINLINEMATH"
	... ≡[[RELOP]] ∫[[INTOP]] _{\mathbb{C}}[[POSTSUBSCRIPT]] d[[UNKNOWN]] ^{2}[[POSTSUPERSCRIPT]] z[[UNKNOWN]] |[[VERTBAR]] z[[UNKNOWN]] |[[VERTBAR]] ^{\frac{p_{1}\cdotp_{2}}{2\alpha}}[[POSTSUPERSCRIPT]] |[[VERTBAR]] 1[[NUMBER]] -[[ADDOP]] z[[UNKNOWN]] |[[VERTBAR]] ^{\frac{p_{2}\cdotp_{3}}{2\alpha}}[[POSTSUPERSCRIPT]] G[[UNKNOWN]] ^{\scriptscriptstyleL}[[POSTSUPERSCRIPT]] ([[OPEN]] z[[UNKNOWN]] ,[[PUNCT]] \bar{z}[[UNKNOWN]] )[[CLOSE]] =[[RELOP]] q[[UNKNOWN]] ∫[[INTOP]] _{\mathbb{C}}[[POSTSUBSCRIPT]] d[[UNKNOWN]] ^{2}[[POSTSUPERSCRIPT]] z[[UNKNOWN]] |[[VERTBAR]] z[[UNKNOWN]] |[[VERTBAR]] ^{\frac{p_{1}\cdotp_{2}}{2\alpha}}[[POSTSUPERSCRIPT]] |[[VERTBAR]] 1[[NUMBER]] -[[ADDOP]] z[[UNKNOWN]] |[[VERTBAR]] ^{\frac{p_{2}\cdotp_{3}}{2\alpha}}[[POSTSUPERSCRIPT]] ∫[[INTOP]] _{0}[[POSTSUBSCRIPT]] ^{\infty}[[POSTSUPERSCRIPT]] d[[UNKNOWN]] P[[UNKNOWN]] e[[UNKNOWN]] ^{2H_{\theta}(P)}[[POSTSUPERSCRIPT]] \left|[[VERTBAR]] F[[UNKNOWN]] _{\frac{Q}{2}+iP}[[POSTSUBSCRIPT]]
	        > \left[[[OPEN]] {}^{\frac{Q}{2}\,\frac{Q}{2}}[[FLOATSUPERSCRIPT]] _{\frac{Q}{2}\,\frac{Q}{2}}[[POSTSUBSCRIPT]] \right][[CLOSE]] ([[OPEN]] z[[UNKNOWN]] )[[CLOSE]] \right|[[VERTBAR]] ^{2}[[POSTSUPERSCRIPT]]
Warning:not_parsed:VERTBAR.UNKNOWN.POSTSUBSCRIPT>OPEN MathParser failed to match rule 'Anything'
	at 0302211.tex; line 713 col 1 - line 719 col 14
	In "$\displaystyle q\int\limits_{\mathbb{C}}\!d^{2}z\;|z|^{\frac{p_{1}\cdot p_{2}}%
	{2\alpha}}|1-z|^{\frac{p_{2}\cdot p_{3}}{2\alpha}}\int\limits_{0}^{\infty}\!dP%
	\;{\rm e}^{2H_{\theta}(P)}\left|\mathcal{F}_{\frac{Q}{2}+iP}\left[{}^{\frac{Q}%
	{2}\,\frac{Q}{2}}_{\frac{Q}{2}\,\frac{Q}{2}}\right](z)\right|^{2}.$"
	q[[UNKNOWN]] ∫[[INTOP]] _{\mathbb{C}}[[POSTSUBSCRIPT]] d[[UNKNOWN]] ^{2}[[POSTSUPERSCRIPT]] z[[UNKNOWN]] |[[VERTBAR]] z[[UNKNOWN]] |[[VERTBAR]] ^{\frac{p_{1}\cdotp_{2}}{2\alpha}}[[POSTSUPERSCRIPT]] |[[VERTBAR]] 1[[NUMBER]] -[[ADDOP]] z[[UNKNOWN]] |[[VERTBAR]] ^{\frac{p_{2}\cdotp_{3}}{2\alpha}}[[POSTSUPERSCRIPT]] ∫[[INTOP]] _{0}[[POSTSUBSCRIPT]] ^{\infty}[[POSTSUPERSCRIPT]] d[[UNKNOWN]] P[[UNKNOWN]] e[[UNKNOWN]] ^{2H_{\theta}(P)}[[POSTSUPERSCRIPT]] \left|[[VERTBAR]] F[[UNKNOWN]] _{\frac{Q}{2}+iP}[[POSTSUBSCRIPT]]
	        > \left[[[OPEN]] {}^{\frac{Q}{2}\,\frac{Q}{2}}[[FLOATSUPERSCRIPT]] _{\frac{Q}{2}\,\frac{Q}{2}}[[POSTSUBSCRIPT]] \right][[CLOSE]] ([[OPEN]] z[[UNKNOWN]] )[[CLOSE]] \right|[[VERTBAR]] ^{2}[[POSTSUPERSCRIPT]]
Warning:not_parsed:UNKNOWN.POSTSUBSCRIPT>OPEN MathParser failed to match rule 'Anything'
	at 0302211.tex; line 747 col 9 - line 749 col 4
	In "$\mathcal{F}_{\frac{Q}{2}+iP}\left[{}^{\frac{Q}{2}\,\frac{Q}{2}}_{\frac{Q}{2}%
	\,\frac{Q}{2}}\right]\!(n)$"
	F[[UNKNOWN]] _{\frac{Q}{2}+iP}[[POSTSUBSCRIPT]]
	        > \left[[[OPEN]] {}^{\frac{Q}{2}\,\frac{Q}{2}}[[FLOATSUPERSCRIPT]] _{\frac{Q}{2}\,\frac{Q}{2}}[[POSTSUBSCRIPT]] \right][[CLOSE]] ([[OPEN]] n[[UNKNOWN]] )[[CLOSE]]
Warning:not_parsed:POSTSUPERSCRIPT.UNKNOWN.POSTSUBSCRIPT>OPEN MathParser failed to match rule 'Anything'
	at 0302211.tex; line 755 col 0 - line 763 col 2
	In "$$\int\limits_{0}^{\infty}\!dP\;|z|^{2P^{2}}\ {\rm e}^{2H_{\theta}(P)}\;%
	\mathcal{F}_{\frac{Q}{2}+iP}\left[{}^{\frac{Q}{2}\,\frac{Q}{2}}_{\frac{Q}{2}\,%
	\frac{Q}{2}}\right]\!(m)\ \mathcal{F}_{\frac{Q}{2}-iP}\left[{}^{\frac{Q}{2}\,%
	\frac{Q}{2}}_{\frac{Q}{2}\,\frac{Q}{2}}\right]\!(n)$$"
	∫[[INTOP]] _{0}[[POSTSUBSCRIPT]] ^{\infty}[[POSTSUPERSCRIPT]] d[[UNKNOWN]] P[[UNKNOWN]] |[[VERTBAR]] z[[UNKNOWN]] |[[VERTBAR]] ^{2P^{2}}[[POSTSUPERSCRIPT]] e[[UNKNOWN]] ^{2H_{\theta}(P)}[[POSTSUPERSCRIPT]] F[[UNKNOWN]] _{\frac{Q}{2}+iP}[[POSTSUBSCRIPT]]
	        > \left[[[OPEN]] {}^{\frac{Q}{2}\,\frac{Q}{2}}[[FLOATSUPERSCRIPT]] _{\frac{Q}{2}\,\frac{Q}{2}}[[POSTSUBSCRIPT]] \right][[CLOSE]] ([[OPEN]] m[[UNKNOWN]] )[[CLOSE]] F[[UNKNOWN]] _{\frac{Q}{2}-iP}[[POSTSUBSCRIPT]] \left[[[OPEN]] {}^{\frac{Q}{2}\,\frac{Q}{2}}[[FLOATSUPERSCRIPT]] _{\frac{Q}{2}\,\frac{Q}{2}}[[POSTSUBSCRIPT]] \right][[CLOSE]] ([[OPEN]] n[[UNKNOWN]] )[[CLOSE]]
Warning:not_parsed:UNKNOWN.POSTSUBSCRIPT>OPEN MathParser failed to match rule 'Anything'
	at 0302211.tex; line 1009 col 1 - line 1009 col 1
	In "$\displaystyle{\cal F}_{Q,\,\ell}\left[{}^{\ell_{3}\,\ell_{2}}_{\ell_{4}\,\ell%
	_{1}}\right]\!(z)=z^{\Delta_{\ell}-\Delta_{\ell_{2}}-\Delta_{\ell_{1}}}\sum%
	\limits_{n=0}^{\infty}z^{n}{\cal F}_{Q,\,\ell}\left[{}^{\ell_{3}\,\ell_{2}}_{%
	\ell_{4}\,\ell_{1}}\right]\!(n)\@@ENDINLINEMATH"
	F[[UNKNOWN]] _{Q,\,\ell}[[POSTSUBSCRIPT]]
	        > \left[[[OPEN]] {}^{\ell_{3}\,\ell_{2}}[[FLOATSUPERSCRIPT]] _{\ell_{4}\,\ell_{1}}[[POSTSUBSCRIPT]] \right][[CLOSE]] ([[OPEN]] z[[UNKNOWN]] )[[CLOSE]] =[[RELOP]] z[[UNKNOWN]] ^{\Delta_{\ell}-\Delta_{\ell_{2}}-\Delta_{\ell_{1}}}[[POSTSUPERSCRIPT]] ∑[[SUMOP]] _{n=0}[[POSTSUBSCRIPT]] ^{\infty}[[POSTSUPERSCRIPT]] z[[UNKNOWN]] ^{n}[[POSTSUPERSCRIPT]] F[[UNKNOWN]] _{Q,\,\ell}[[POSTSUBSCRIPT]] \left[[[OPEN]] {}^{\ell_{3}\,\ell_{2}}[[FLOATSUPERSCRIPT]] _{\ell_{4}\,\ell_{1}}[[POSTSUBSCRIPT]] \right][[CLOSE]] ([[OPEN]] n[[UNKNOWN]] )[[CLOSE]]
Warning:not_parsed:UNKNOWN.POSTSUBSCRIPT>OPEN MathParser failed to match rule 'Anything'
	at 0302211.tex; line 1009 col 1 - line 1011 col 13
	In "$\displaystyle{\cal F}_{Q,\,\ell}\left[{}^{\ell_{3}\,\ell_{2}}_{\ell_{4}\,\ell%
	_{1}}\right]\!(z)$"
	F[[UNKNOWN]] _{Q,\,\ell}[[POSTSUBSCRIPT]]
	        > \left[[[OPEN]] {}^{\ell_{3}\,\ell_{2}}[[FLOATSUPERSCRIPT]] _{\ell_{4}\,\ell_{1}}[[POSTSUBSCRIPT]] \right][[CLOSE]] ([[OPEN]] z[[UNKNOWN]] )[[CLOSE]]
Warning:not_parsed:POSTSUPERSCRIPT.UNKNOWN.POSTSUBSCRIPT>OPEN MathParser failed to match rule 'Anything'
	at 0302211.tex; line 1011 col 17 - line 1015 col 1
	In "$\displaystyle z^{\Delta_{\ell}-\Delta_{\ell_{2}}-\Delta_{\ell_{1}}}\sum%
	\limits_{n=0}^{\infty}z^{n}{\cal F}_{Q,\,\ell}\left[{}^{\ell_{3}\,\ell_{2}}_{%
	\ell_{4}\,\ell_{1}}\right]\!(n)$"
	z[[UNKNOWN]] ^{\Delta_{\ell}-\Delta_{\ell_{2}}-\Delta_{\ell_{1}}}[[POSTSUPERSCRIPT]] ∑[[SUMOP]] _{n=0}[[POSTSUBSCRIPT]] ^{\infty}[[POSTSUPERSCRIPT]] z[[UNKNOWN]] ^{n}[[POSTSUPERSCRIPT]] F[[UNKNOWN]] _{Q,\,\ell}[[POSTSUBSCRIPT]]
	        > \left[[[OPEN]] {}^{\ell_{3}\,\ell_{2}}[[FLOATSUPERSCRIPT]] _{\ell_{4}\,\ell_{1}}[[POSTSUBSCRIPT]] \right][[CLOSE]] ([[OPEN]] n[[UNKNOWN]] )[[CLOSE]]
Warning:not_parsed:UNKNOWN.POSTSUBSCRIPT>OPEN MathParser failed to match rule 'Anything'
	at 0302211.tex; line 1015 col 1 - line 1015 col 1
	In "$\displaystyle{\cal F}_{Q,\,\ell}\left[{}^{\ell_{3}\,\ell_{2}}_{\ell_{4}\,\ell%
	_{1}}\right]\!(n)=\sum\limits_{I,J\in{\cal I}_{n}}\rho^{\ell_{4}\,\ell_{3}\,%
	\ell}(\omega,\omega,\xi_{I})B_{Q,\ell}^{IJ}(n)\rho^{\ell\;\;\ell_{2}\,\ell_{1}%
	}(\xi_{J},\omega,\omega)\ .\@@ENDINLINEMATH"
	F[[UNKNOWN]] _{Q,\,\ell}[[POSTSUBSCRIPT]]
	        > \left[[[OPEN]] {}^{\ell_{3}\,\ell_{2}}[[FLOATSUPERSCRIPT]] _{\ell_{4}\,\ell_{1}}[[POSTSUBSCRIPT]] \right][[CLOSE]] ([[OPEN]] n[[UNKNOWN]] )[[CLOSE]] =[[RELOP]] ∑[[SUMOP]] _{I,J\in{\calI}_{n}}[[POSTSUBSCRIPT]] ρ[[UNKNOWN]] ^{\ell_{4}\,\ell_{3}\,\ell}[[POSTSUPERSCRIPT]] ([[OPEN]] ω[[UNKNOWN]] ,[[PUNCT]] ω[[UNKNOWN]] ,[[PUNCT]] ξ[[UNKNOWN]] _{I}[[POSTSUBSCRIPT]] )[[CLOSE]] B[[UNKNOWN]] _{Q,\ell}[[POSTSUBSCRIPT]] ^{IJ}[[POSTSUPERSCRIPT]] ([[OPEN]] n[[UNKNOWN]] )[[CLOSE]] ρ[[UNKNOWN]] ^{\ell\;\;\ell_{2}\,\ell_{1}}[[POSTSUPERSCRIPT]] ([[OPEN]] ξ[[UNKNOWN]] _{J}[[POSTSUBSCRIPT]] ,[[PUNCT]] ω[[UNKNOWN]] ,[[PUNCT]] ω[[UNKNOWN]] )[[CLOSE]]
Warning:not_parsed:UNKNOWN.POSTSUBSCRIPT>OPEN MathParser failed to match rule 'Anything'
	at 0302211.tex; line 1015 col 1 - line 1017 col 14
	In "$\displaystyle{\cal F}_{Q,\,\ell}\left[{}^{\ell_{3}\,\ell_{2}}_{\ell_{4}\,\ell%
	_{1}}\right]\!(n)$"
	F[[UNKNOWN]] _{Q,\,\ell}[[POSTSUBSCRIPT]]
	        > \left[[[OPEN]] {}^{\ell_{3}\,\ell_{2}}[[FLOATSUPERSCRIPT]] _{\ell_{4}\,\ell_{1}}[[POSTSUBSCRIPT]] \right][[CLOSE]] ([[OPEN]] n[[UNKNOWN]] )[[CLOSE]]
Warning:not_parsed:UNKNOWN.POSTSUPERSCRIPT.ATOM>FLOATSUPERSCRIPT MathParser failed to match rule 'Anything'
	at 0302211.tex; line 1030 col 0 - line 1036 col 2
	In "$$G^{\scriptscriptstyle L}(x,\bar{x})\;=\;\lim\limits_{z,\bar{z}\to\infty}z^{Q%
	^{2}\over 2}\bar{z}{}^{Q^{2}\over 2}\left\langle P(z,\bar{z})P(1,1)P(x,\bar{x}%
	)P(0,0)\right\rangle\ ,$$"
	G[[UNKNOWN]] ^{\scriptscriptstyleL}[[POSTSUPERSCRIPT]] ([[OPEN]] x[[UNKNOWN]] ,[[PUNCT]] \bar{x}[[UNKNOWN]] )[[CLOSE]] =[[RELOP]] lim[[LIMITOP]] _{z,\bar{z}\to\infty}[[POSTSUBSCRIPT]] z[[UNKNOWN]] ^{Q^{2}\over2}[[POSTSUPERSCRIPT]] \bar{z}[[UNKNOWN]]
	        > {}^{Q^{2}\over2}[[FLOATSUPERSCRIPT]] \left\langle[[OPEN]] P[[UNKNOWN]] ([[OPEN]] z[[UNKNOWN]] ,[[PUNCT]] \bar{z}[[UNKNOWN]] )[[CLOSE]] P[[UNKNOWN]] ([[OPEN]] 1[[NUMBER]] ,[[PUNCT]] 1[[NUMBER]] )[[CLOSE]] P[[UNKNOWN]] ([[OPEN]] x[[UNKNOWN]] ,[[PUNCT]] \bar{x}[[UNKNOWN]] )[[CLOSE]] P[[UNKNOWN]] ([[OPEN]] 0[[NUMBER]] ,[[PUNCT]] 0[[NUMBER]] )[[CLOSE]] \right\rangle[[CLOSE]]
Warning:not_parsed:VERTBAR.UNKNOWN.POSTSUBSCRIPT>OPEN MathParser failed to match rule 'Anything'
	at 0302211.tex; line 1038 col 0 - line 1042 col 2
	In "$$G^{\scriptscriptstyle L}(x,\bar{x})=C(0,0,\ell_{s})C(\ell_{s},0,0)\left|{%
	\cal F}_{Q,\,\ell_{s}}\!\left[{}^{\,0\;0\,}_{\,0\;0\,}\right]\!(x)\right|^{2}%
	\ ,$$"
	G[[UNKNOWN]] ^{\scriptscriptstyleL}[[POSTSUPERSCRIPT]] ([[OPEN]] x[[UNKNOWN]] ,[[PUNCT]] \bar{x}[[UNKNOWN]] )[[CLOSE]] =[[RELOP]] C[[UNKNOWN]] ([[OPEN]] 0[[NUMBER]] ,[[PUNCT]] 0[[NUMBER]] ,[[PUNCT]] ℓ[[UNKNOWN]] _{s}[[POSTSUBSCRIPT]] )[[CLOSE]] C[[UNKNOWN]] ([[OPEN]] ℓ[[UNKNOWN]] _{s}[[POSTSUBSCRIPT]] ,[[PUNCT]] 0[[NUMBER]] ,[[PUNCT]] 0[[NUMBER]] )[[CLOSE]] \left|[[VERTBAR]] F[[UNKNOWN]] _{Q,\,\ell_{s}}[[POSTSUBSCRIPT]]
	        > \left[[[OPEN]] {}^{\,0\;0\,}[[FLOATSUPERSCRIPT]] _{\,0\;0\,}[[POSTSUBSCRIPT]] \right][[CLOSE]] ([[OPEN]] x[[UNKNOWN]] )[[CLOSE]] \right|[[VERTBAR]] ^{2}[[POSTSUPERSCRIPT]]
Warning:not_parsed:VERTBAR.UNKNOWN.POSTSUBSCRIPT>OPEN MathParser failed to match rule 'Anything'
	at 0302211.tex; line 1052 col 9 - line 1052 col 9
	In "$\displaystyle C(\ell_{4},\ell_{3},\ell_{s})C(\ell_{s},\ell_{2},\ell_{1})\left%
	|{\cal F}_{Q,\,\ell_{s}}\!\left[{}^{\ell_{3}\,\ell_{2}}_{\ell_{4}\,\ell_{1}}%
	\right]\!(x)\right|^{2}=C(\ell_{4},\ell_{1},\ell_{t})C(\ell_{t},\ell_{2},\ell_%
	{1})\left|{\cal F}_{Q,\,\ell_{t}}\!\left[{}^{\ell_{1}\,\ell_{2}}_{\ell_{4}\,%
	\ell_{3}}\right]\!(1-x)\right|^{2}=|x|^{-4\Delta_{\ell_{2}}}C(\ell_{1},\ell_{3%
	},\ell_{u})C(\ell_{u},\ell_{2},\ell_{4})\left|{\cal F}_{Q,\,\ell_{u}}\!\left[{%
	}^{\ell_{3}\,\ell_{2}}_{\ell_{1}\,\ell_{4}}\right]\!\left({\textstyle{1\over x%
	}}\right)\right|^{2}\@@ENDINLINEMATH"
	C[[UNKNOWN]] ([[OPEN]] ℓ[[UNKNOWN]] _{4}[[POSTSUBSCRIPT]] ,[[PUNCT]] ℓ[[UNKNOWN]] _{3}[[POSTSUBSCRIPT]] ,[[PUNCT]] ℓ[[UNKNOWN]] _{s}[[POSTSUBSCRIPT]] )[[CLOSE]] C[[UNKNOWN]] ([[OPEN]] ℓ[[UNKNOWN]] _{s}[[POSTSUBSCRIPT]] ,[[PUNCT]] ℓ[[UNKNOWN]] _{2}[[POSTSUBSCRIPT]] ,[[PUNCT]] ℓ[[UNKNOWN]] _{1}[[POSTSUBSCRIPT]] )[[CLOSE]] \left|[[VERTBAR]] F[[UNKNOWN]] _{Q,\,\ell_{s}}[[POSTSUBSCRIPT]]
	        > \left[[[OPEN]] {}^{\ell_{3}\,\ell_{2}}[[FLOATSUPERSCRIPT]] _{\ell_{4}\,\ell_{1}}[[POSTSUBSCRIPT]] \right][[CLOSE]] ([[OPEN]] x[[UNKNOWN]] )[[CLOSE]] \right|[[VERTBAR]] ^{2}[[POSTSUPERSCRIPT]] =[[RELOP]] C[[UNKNOWN]] ([[OPEN]] ℓ[[UNKNOWN]] _{4}[[POSTSUBSCRIPT]] ,[[PUNCT]] ℓ[[UNKNOWN]] _{1}[[POSTSUBSCRIPT]] ,[[PUNCT]] ℓ[[UNKNOWN]] _{t}[[POSTSUBSCRIPT]] )[[CLOSE]] C[[UNKNOWN]] ([[OPEN]] ℓ[[UNKNOWN]] _{t}[[POSTSUBSCRIPT]] ,[[PUNCT]] ℓ[[UNKNOWN]] _{2}[[POSTSUBSCRIPT]] ,[[PUNCT]] ℓ[[UNKNOWN]] _{1}[[POSTSUBSCRIPT]] )[[CLOSE]] \left|[[VERTBAR]] F[[UNKNOWN]] _{Q,\,\ell_{t}}[[POSTSUBSCRIPT]] \left[[[OPEN]] {}^{\ell_{1}\,\ell_{2}}[[FLOATSUPERSCRIPT]] _{\ell_{4}\,\ell_{3}}[[POSTSUBSCRIPT]] \right][[CLOSE]] ([[OPEN]] 1[[NUMBER]] -[[ADDOP]] x[[UNKNOWN]] )[[CLOSE]] \right|[[VERTBAR]] ^{2}[[POSTSUPERSCRIPT]] =[[RELOP]] |[[VERTBAR]] x[[UNKNOWN]] |[[VERTBAR]] ^{-4\Delta_{\ell_{2}}}[[POSTSUPERSCRIPT]] ...
Warning:not_parsed:VERTBAR.UNKNOWN.POSTSUBSCRIPT>OPEN MathParser failed to match rule 'Anything'
	at 0302211.tex; line 1052 col 9 - line 1054 col 1
	In "$\displaystyle C(\ell_{4},\ell_{3},\ell_{s})C(\ell_{s},\ell_{2},\ell_{1})\left%
	|{\cal F}_{Q,\,\ell_{s}}\!\left[{}^{\ell_{3}\,\ell_{2}}_{\ell_{4}\,\ell_{1}}%
	\right]\!(x)\right|^{2}$"
	C[[UNKNOWN]] ([[OPEN]] ℓ[[UNKNOWN]] _{4}[[POSTSUBSCRIPT]] ,[[PUNCT]] ℓ[[UNKNOWN]] _{3}[[POSTSUBSCRIPT]] ,[[PUNCT]] ℓ[[UNKNOWN]] _{s}[[POSTSUBSCRIPT]] )[[CLOSE]] C[[UNKNOWN]] ([[OPEN]] ℓ[[UNKNOWN]] _{s}[[POSTSUBSCRIPT]] ,[[PUNCT]] ℓ[[UNKNOWN]] _{2}[[POSTSUBSCRIPT]] ,[[PUNCT]] ℓ[[UNKNOWN]] _{1}[[POSTSUBSCRIPT]] )[[CLOSE]] \left|[[VERTBAR]] F[[UNKNOWN]] _{Q,\,\ell_{s}}[[POSTSUBSCRIPT]]
	        > \left[[[OPEN]] {}^{\ell_{3}\,\ell_{2}}[[FLOATSUPERSCRIPT]] _{\ell_{4}\,\ell_{1}}[[POSTSUBSCRIPT]] \right][[CLOSE]] ([[OPEN]] x[[UNKNOWN]] )[[CLOSE]] \right|[[VERTBAR]] ^{2}[[POSTSUPERSCRIPT]]
Warning:not_parsed:VERTBAR.UNKNOWN.POSTSUBSCRIPT>OPEN MathParser failed to match rule 'Anything'
	at 0302211.tex; line 1055 col 1 - line 1057 col 1
	In "$\displaystyle C(\ell_{4},\ell_{1},\ell_{t})C(\ell_{t},\ell_{2},\ell_{1})\left%
	|{\cal F}_{Q,\,\ell_{t}}\!\left[{}^{\ell_{1}\,\ell_{2}}_{\ell_{4}\,\ell_{3}}%
	\right]\!(1-x)\right|^{2}$"
	C[[UNKNOWN]] ([[OPEN]] ℓ[[UNKNOWN]] _{4}[[POSTSUBSCRIPT]] ,[[PUNCT]] ℓ[[UNKNOWN]] _{1}[[POSTSUBSCRIPT]] ,[[PUNCT]] ℓ[[UNKNOWN]] _{t}[[POSTSUBSCRIPT]] )[[CLOSE]] C[[UNKNOWN]] ([[OPEN]] ℓ[[UNKNOWN]] _{t}[[POSTSUBSCRIPT]] ,[[PUNCT]] ℓ[[UNKNOWN]] _{2}[[POSTSUBSCRIPT]] ,[[PUNCT]] ℓ[[UNKNOWN]] _{1}[[POSTSUBSCRIPT]] )[[CLOSE]] \left|[[VERTBAR]] F[[UNKNOWN]] _{Q,\,\ell_{t}}[[POSTSUBSCRIPT]]
	        > \left[[[OPEN]] {}^{\ell_{1}\,\ell_{2}}[[FLOATSUPERSCRIPT]] _{\ell_{4}\,\ell_{3}}[[POSTSUBSCRIPT]] \right][[CLOSE]] ([[OPEN]] 1[[NUMBER]] -[[ADDOP]] x[[UNKNOWN]] )[[CLOSE]] \right|[[VERTBAR]] ^{2}[[POSTSUPERSCRIPT]]
Warning:not_parsed:VERTBAR.UNKNOWN.POSTSUBSCRIPT>OPEN MathParser failed to match rule 'Anything'
	at 0302211.tex; line 1058 col 1 - line 1061 col 15
	In "$\displaystyle|x|^{-4\Delta_{\ell_{2}}}C(\ell_{1},\ell_{3},\ell_{u})C(\ell_{u}%
	,\ell_{2},\ell_{4})\left|{\cal F}_{Q,\,\ell_{u}}\!\left[{}^{\ell_{3}\,\ell_{2}%
	}_{\ell_{1}\,\ell_{4}}\right]\!\left({\textstyle{1\over x}}\right)\right|^{2}$"
	|[[VERTBAR]] x[[UNKNOWN]] |[[VERTBAR]] ^{-4\Delta_{\ell_{2}}}[[POSTSUPERSCRIPT]] C[[UNKNOWN]] ([[OPEN]] ℓ[[UNKNOWN]] _{1}[[POSTSUBSCRIPT]] ,[[PUNCT]] ℓ[[UNKNOWN]] _{3}[[POSTSUBSCRIPT]] ,[[PUNCT]] ℓ[[UNKNOWN]] _{u}[[POSTSUBSCRIPT]] )[[CLOSE]] C[[UNKNOWN]] ([[OPEN]] ℓ[[UNKNOWN]] _{u}[[POSTSUBSCRIPT]] ,[[PUNCT]] ℓ[[UNKNOWN]] _{2}[[POSTSUBSCRIPT]] ,[[PUNCT]] ℓ[[UNKNOWN]] _{4}[[POSTSUBSCRIPT]] )[[CLOSE]] \left|[[VERTBAR]] F[[UNKNOWN]] _{Q,\,\ell_{u}}[[POSTSUBSCRIPT]]
	        > \left[[[OPEN]] {}^{\ell_{3}\,\ell_{2}}[[FLOATSUPERSCRIPT]] _{\ell_{1}\,\ell_{4}}[[POSTSUBSCRIPT]] \right][[CLOSE]] \left([[OPEN]] 1\overx[[UNKNOWN]] \right)[[CLOSE]] \right|[[VERTBAR]] ^{2}[[POSTSUPERSCRIPT]]
 12.53 sec)
Math parsing succeeded:
   ltx:XMArg: 1986/1986
   ltx:XMath: 285/306
Symbols assumed as simple identifiers (with # of occurences):
   'A{italic}' (1), 'B{italic}' (4), 'C{blackboard}' (1), 'C{italic}' (57), 'Delta' (53), 'F{caligraphic}' (84), 'Gamma' (10), 'G{italic}' (16), 'H{caligraphic}' (1), 'H{italic}' (11), 'I{caligraphic}' (6), 'I{italic}' (6), 'J{italic}' (5), 'L{caligraphic}' (11), 'L{italic}' (34), 'M{italic}' (8), 'N{italic}' (1), 'Omega' (6), 'P{italic}' (116), 'Q{italic}' (69), 'R{blackboard}' (3), 'R{italic}' (2), 'S{blackboard}' (1), 'S{italic}' (14), 'T{italic}' (54), 'Upsilon' (21), 'U{italic}' (1), 'V{caligraphic}' (6), 'V{italic}' (8), 'Z{blackboard}' (2), 'alpha' (146), 'a{italic}' (22), 'beta' (1), 'b{italic}' (20), 'c{italic}' (22), 'delta' (15), 'd{italic}' (53), 'e' (11), 'ell' (199), 'epsilon' (6), 'e{italic}' (2), 'gamma' (13), 'g{italic}' (4), 'h{italic}' (5), 'i{italic}' (41), 'j{italic}' (5), 'k{italic}' (9), 'l{italic}' (1), 'mu' (10), 'm{italic}' (22), 'nu' (1), 'n{italic}' (100), 'omega' (13), 'pi' (19), 'p{italic}' (38), 'q{italic}' (5), 'regular' (3), 'res' (1), 'rho' (11), 'r{italic}' (3), 's{italic}' (3), 'terms' (3), 'theta' (7), 't{italic}' (13), 'u{italic}' (12), 'w{italic}' (56), 'xi' (29), 'x{italic}' (63), 'z{italic}' (245)
Set MATHPARSER_SPECULATE to speculate on possible notations.
(Finalizing... 0.95 sec)
Conversion complete 23 warnings (See /home/user/latex-in-arxiv/0302211.latexml.log) (reqd. 27.53s)
