latexml (LaTeXML version 0.8.6) processing 2003/0302195.tex
(Digesting TeX 0302195...
(Loading /usr/share/perl5/LaTeXML/Package/TeX.pool.ltxml...
(Loading /usr/share/perl5/LaTeXML/Package/eTeX.pool.ltxml... 0.00 sec)
(Loading /usr/share/perl5/LaTeXML/Package/pdfTeX.pool.ltxml... 0.01 sec) 0.11 sec)
(Processing content /home/user/latex-in-arxiv/2003/0302195.tex...
(Loading /usr/share/perl5/LaTeXML/Package/LaTeX.pool.ltxml...
(Loading /usr/share/perl5/LaTeXML/Package/textcomp.sty.ltxml...
(Processing definitions /usr/share/texlive/texmf-dist/tex/latex-dev/base/ts1enc.dfu... 0.03 sec) 1.43 sec) 1.59 sec)
(Loading /usr/share/perl5/LaTeXML/Package/article.cls.ltxml... 0.01 sec)
(Loading /usr/share/perl5/LaTeXML/Package/amssymb.sty.ltxml...
(Loading /usr/share/perl5/LaTeXML/Package/amsfonts.sty.ltxml... 0.00 sec) 0.03 sec)
(Loading /usr/share/perl5/LaTeXML/Package/amsmath.sty.ltxml...
(Loading /usr/share/perl5/LaTeXML/Package/amsbsy.sty.ltxml...
(Loading /usr/share/perl5/LaTeXML/Package/amsgen.sty.ltxml... 0.00 sec) 0.01 sec)
(Loading /usr/share/perl5/LaTeXML/Package/amstext.sty.ltxml... 0.01 sec)
(Loading /usr/share/perl5/LaTeXML/Package/amsopn.sty.ltxml... 0.01 sec) 0.06 sec) 10.12 sec) 10.31 sec)
(Building...
(Loading compiled schema /usr/share/perl5/LaTeXML/resources/RelaxNG/LaTeXML.model... 0.01 sec)
Info:malformed:id Duplicated attribute xml:id
	at 0302195.tex; line 644 col 22 - line 644 col 22
	Using id='Sx2.E33a' on <ltx:XMRow _box="Alignment[]" _font="Font[math,medium,italic,10,bla..."/>
	id='Sx2.E33' already set on <ltx:equation _box="LaTeXML::Core::Alignment=HASH(..." _font="Font[serif,medium,upright,10,b..." xml:id="Sx2.E33" _ID_counter_m_="3">...
Info:malformed:id Duplicated attribute xml:id
	at 0302195.tex; line 646 col 22 - line 646 col 22
	Using id='Sx2.E39a' on <ltx:XMRow _box="Alignment[]" _font="Font[math,medium,italic,10,bla..."/>
	id='Sx2.E39' already set on <ltx:equation _box="LaTeXML::Core::Alignment=HASH(..." _font="Font[serif,medium,upright,10,b..." xml:id="Sx2.E39" _ID_counter_m_="3">...
 9.27 sec)
(Rewriting... 0.19 sec)
(Math Parsing 533 formulae ......
Warning:not_parsed:MULOP.UNKNOWN.POSTSUPERSCRIPT>PERIOD MathParser failed to match rule 'Anything'
	at 0302195.tex; line 678 col 7 - line 678 col 7
	In "$\displaystyle{\cal E}_{p,q}=\underbrace{{\cal E}_{p,q}^{\prime}\oplus\cdots%
	\oplus{\cal E}_{p,q}^{\prime}\,}\ ,~{}~{}~{}~{}{\cal E}_{p,q}^{\prime}~{}=~{}L%
	^{2}({\mathbb{R}})\otimes{\mathbb{C}}^{q/{\rm gcd}(p,q)}\ .~{}~{}~{}~{}~{}~{}~%
	{}~{}~{}{\scriptstyle N}\@@ENDINLINEMATH"
	E[[UNKNOWN]] _{p,q}[[POSTSUBSCRIPT]] =[[RELOP]] \underbrace{{\calE}_{p,q}^{\prime}\oplus\cdots\oplus{\calE}_{p,q}^{\prime}\,}[[UNKNOWN]] ,[[PUNCT]] E[[UNKNOWN]] _{p,q}[[POSTSUBSCRIPT]] ^{\prime}[[POSTSUPERSCRIPT]] =[[RELOP]] L[[UNKNOWN]] ^{2}[[POSTSUPERSCRIPT]] ([[OPEN]] R[[UNKNOWN]] )[[CLOSE]] ⊗[[MULOP]] C[[UNKNOWN]] ^{q/{\rmgcd}(p,q)}[[POSTSUPERSCRIPT]]
	        > .[[PERIOD]] $\displaystyle{\calE}_{p,q}=\underbrace{{\calE}_{p,q}^{\prime}\oplus\cdots\oplus{\calE}_{p,q}^{\prime}\,}\ ,~{}~{}~{}~{}{\calE}_{p,q}^{\prime}~{}=~{}L^{2}({\mathbb{R}})\otimes{\mathbb{C}}^{q/{\rmgcd}(p,q)}\ .~{}~{}~{}~{}~{}~{}~{}~{}~{}{\scriptstyleN}\@@ENDINLINEMATH[[PUNCT]] N[[UNKNOWN]]
Warning:not_parsed:ID.CLOSE.CLOSE>RELOP MathParser failed to match rule 'Anything'
	at 0302195.tex; line 936 col 0 - line 941 col 32
	In "\begin{equation}\pi_{n}\Bigl{(}\,\overline{U(\infty)}\,\Bigr{)}=\pi_{n}\Bigl{(%
	}U(\infty)\Bigr{)}=\left\{~{}\begin{matrix}{\mathbb{Z}}&,&n~{}~{}{\rm odd}\\
	0&,&n~{}~{}{\rm even}\end{matrix}\right.\ .\end{equation}"
	π[[UNKNOWN]] _{n}[[POSTSUBSCRIPT]] ([[OPEN]] \overline{U(\infty)}[[UNKNOWN]] )[[CLOSE]] =[[RELOP]] π[[UNKNOWN]] _{n}[[POSTSUBSCRIPT]] ([[OPEN]] U[[UNKNOWN]] ([[OPEN]] ∞[[ID]] )[[CLOSE]] )[[CLOSE]]
	        > =[[RELOP]] \left\{[[OPEN]] \begin{matrix}{\mathbb{Z}}&,&n~{}~{}{\rmodd}\\
	0&,&n~{}~{}{\rmeven}\end{matrix}[[UNKNOWN]]
 10.99 sec)
Math parsing succeeded:
   ltx:XMArg: 792/792
   ltx:XMWrap: 8/8
   ltx:XMath: 531/533
Symbols assumed as simple identifiers (with # of occurences):
   'A{caligraphic}' (41), 'A{italic}' (55), 'B{italic}' (2), 'C{blackboard}' (12), 'C{caligraphic}' (15), 'C{italic}' (11), 'End' (17), 'E{caligraphic}' (102), 'E{italic}' (6), 'F{italic}' (23), 'Gamma' (7), 'G{caligraphic}' (2), 'G{italic}' (1), 'H{italic}' (6), 'K' (4), 'K{italic}' (1), 'L{caligraphic}' (11), 'L{italic}' (13), 'M{blackboard}' (5), 'N{italic}' (8), 'Omega' (18), 'O{italic}' (5), 'P{sansserif}' (16), 'R{blackboard}' (10), 'S{bold}' (3), 'S{italic}' (30), 'Tr' (25), 'T{bold}' (46), 'T{italic}' (11), 'U{italic}' (21), 'V{italic}' (5), 'W{italic}' (7), 'Xi' (3), 'X{italic}' (2), 'Y{italic}' (2), 'Z{blackboard}' (22), 'Z{italic}' (6), 'alpha' (3), 'a{italic}' (27), 'b{italic}' (5), 'c{italic}' (2), 'd' (6), 'delta' (22), 'd{italic}' (4), 'e' (9), 'even' (1), 'f{italic}' (22), 'gcd' (4), 'g{italic}' (16), 'i' (15), 'i{italic}' (4), 'j{italic}' (2), 'k{italic}' (12), 'lambda' (22), 'mu' (3), 'm{bold italic}' (7), 'm{italic}' (15), 'nu' (3), 'n{bold italic}' (7), 'n{italic}' (32), 'odd' (1), 'omega' (5), 'phi' (12), 'pi' (24), 'p{bold italic}' (5), 'p{italic}' (88), 'q{bold italic}' (5), 'q{italic}' (106), 'r{italic}' (14), 's{italic}' (20), 'theta' (69), 'tr' (6), 't{italic}' (12), 'u{italic}' (1), 'w{italic}' (1), 'x{italic}' (21), 'y{italic}' (6), 'z{italic}' (6)
Set MATHPARSER_SPECULATE to speculate on possible notations.
(Finalizing... 1.19 sec)
Conversion complete 2 warnings (See /home/user/latex-in-arxiv/0302195.latexml.log) (reqd. 32.83s)
