latexml (LaTeXML version 0.8.6) processing 2003/0302046.tex
(Digesting TeX 0302046...
(Loading /usr/share/perl5/LaTeXML/Package/TeX.pool.ltxml...
(Loading /usr/share/perl5/LaTeXML/Package/eTeX.pool.ltxml... 0.01 sec)
(Loading /usr/share/perl5/LaTeXML/Package/pdfTeX.pool.ltxml... 0.01 sec) 0.19 sec)
(Processing content /home/user/latex-in-arxiv/2003/0302046.tex...
(Loading /usr/share/perl5/LaTeXML/Package/LaTeX.pool.ltxml...
(Loading /usr/share/perl5/LaTeXML/Package/textcomp.sty.ltxml...
(Processing definitions /usr/share/texlive/texmf-dist/tex/latex-dev/base/ts1enc.dfu... 0.04 sec) 1.50 sec) 1.78 sec)
Info:unexpected:\documentstyle Entering LaTeX 2.09 Compatibility mode
	at 0302046.tex; line 3 col 0 - line 3 col 29
(Loading /usr/share/perl5/LaTeXML/Package/article.cls.ltxml... 0.02 sec) 7.66 sec) 7.94 sec)
(Building...
(Loading compiled schema /usr/share/perl5/LaTeXML/resources/RelaxNG/LaTeXML.model... 0.01 sec) 7.63 sec)
(Rewriting... 0.25 sec)
(Math Parsing 744 formulae ......
Warning:not_parsed:POSTSUBSCRIPT.UNKNOWN.POSTSUBSCRIPT>RELOP MathParser failed to match rule 'Anything'
	at 0302046.tex; line 1225 col 2 - line 1226 col 36
	In "$m(H)=-\partial_{H}f_{I}=\ \mathrel{\mathop{\lim}\limits_{N\to\infty}}N^{-1}%
	\sum_{i=0}^{N-1}\langle s_{i}\rangle$"
	m[[UNKNOWN]] ([[OPEN]] H[[UNKNOWN]] )[[CLOSE]] =[[RELOP]] -[[ADDOP]] ∂[[OPERATOR]] _{H}[[POSTSUBSCRIPT]] f[[UNKNOWN]] _{I}[[POSTSUBSCRIPT]]
	        > =[[RELOP]] \mathrel{\mathop{\lim}\limits_{N\to\infty}}[[RELOP]] N[[UNKNOWN]] ^{-1}[[POSTSUPERSCRIPT]] ∑[[SUMOP]] _{i=0}[[POSTSUBSCRIPT]] ^{N-1}[[POSTSUPERSCRIPT]] \langle[[OPEN]] s[[UNKNOWN]] _{i}[[POSTSUBSCRIPT]] \rangle[[CLOSE]]
 17.67 sec)
Math parsing succeeded:
   ltx:XMArg: 1773/1773
   ltx:XMWrap: 2/2
   ltx:XMath: 743/744
Symbols assumed as simple identifiers (with # of occurences):
   'A{italic}' (88), 'B{italic}' (66), 'C{bold}' (1), 'C{italic}' (9), 'Delta' (2), 'E{bold}' (1), 'E{caligraphic}' (3), 'E{italic}' (4), 'F{italic}' (1), 'Gamma' (3), 'G{italic}' (3), 'H{italic}' (33), 'J{italic}' (16), 'L{italic}' (106), 'M{italic}' (38), 'N{bold}' (2), 'N{italic}' (93), 'Phi' (2), 'P{caligraphic}' (4), 'P{italic}' (7), 'Q{italic}' (35), 'R{bold}' (12), 'R{italic}' (2), 'S{italic}' (1), 'T{italic}' (2), 'U{italic}' (24), 'V{italic}' (13), 'W{italic}' (18), 'Z{bold}' (3), 'Z{italic}' (9), 'alpha' (41), 'a{italic}' (43), 'beta' (27), 'b{italic}' (45), 'c{italic}' (2), 'delta' (6), 'd{italic}' (45), 'epsilon' (27), 'eta' (2), 'e{italic}' (31), 'f{italic}' (104), 'gamma' (5), 'g{italic}' (4), 'i{italic}' (80), 'j{italic}' (192), 'kappa' (5), 'k{italic}' (84), 'lambda' (175), 'l{italic}' (1), 'mu' (34), 'm{italic}' (26), 'nu' (26), 'n{italic}' (58), 'omega' (10), 'phi' (86), 'pi' (20), 'psi' (74), 'p{italic}' (20), 'q{italic}' (146), 'rho' (19), 'r{bold}' (7), 'sigma' (24), 's{italic}' (15), 'tau' (13), 'theta' (40), 't{italic}' (58), 'u{italic}' (42), 'varphi' (4), 'v{italic}' (2), 'w{italic}' (4), 'xi' (7), 'x{italic}' (229), 'y{italic}' (18), 'z{italic}' (111)
Set MATHPARSER_SPECULATE to speculate on possible notations.
(Finalizing... 1.52 sec)
Conversion complete 1 warning (See /home/user/latex-in-arxiv/0302046.latexml.log) (reqd. 36.39s)
