latexml (LaTeXML version 0.8.6) processing 2003/0302108.tex
(Digesting TeX 0302108...
(Loading /usr/share/perl5/LaTeXML/Package/TeX.pool.ltxml...
(Loading /usr/share/perl5/LaTeXML/Package/eTeX.pool.ltxml... 0.00 sec)
(Loading /usr/share/perl5/LaTeXML/Package/pdfTeX.pool.ltxml... 0.01 sec) 0.14 sec)
(Processing content /home/user/latex-in-arxiv/2003/0302108.tex...
(Loading /usr/share/perl5/LaTeXML/Package/LaTeX.pool.ltxml...
(Loading /usr/share/perl5/LaTeXML/Package/textcomp.sty.ltxml...
(Processing definitions /usr/share/texlive/texmf-dist/tex/latex-dev/base/ts1enc.dfu... 0.05 sec) 1.53 sec) 1.72 sec)
(Loading /usr/share/perl5/LaTeXML/Package/article.cls.ltxml... 0.02 sec)
(Loading /usr/share/perl5/LaTeXML/Package/latexsym.sty.ltxml... 0.00 sec)
Info:unexpected:titlepage When using titlepage, Frontmatter will not be well-structured
	at 0302108.tex; line 51 col 0 - line 51 col 17
 16.76 sec) 17.03 sec)
(Building...
(Loading compiled schema /usr/share/perl5/LaTeXML/resources/RelaxNG/LaTeXML.model... 0.02 sec) 19.39 sec)
(Rewriting... 0.33 sec)
(Math Parsing 1647 formulae ......
Warning:not_parsed:UNKNOWN>ARROW MathParser failed to match rule 'Anything'
	at 0302108.tex; line 173 col 41 - line 173 col 56
	In "$H\rightarrow*H$"
	H[[UNKNOWN]]
	        > →[[ARROW]] *[[MULOP]] H[[UNKNOWN]]
Warning:not_parsed:>VERTBAR MathParser failed to match rule 'Anything'
	at 0302108.tex; line 533 col 8 - line 533 col 11
	In "$|_{M}$"
	> |[[VERTBAR]] _{M}[[POSTSUBSCRIPT]]
Warning:not_parsed:OPEN.UNKNOWN> MathParser failed to match rule 'Superscript'
	at 0302108.tex; line 579 col 32 - line 579 col 32
	In "\begin{equation}{\cal A}^{ab}=A^{ab}-2\,\hat{y}^{[a}D\hat{y}^{b]}\equiv A^{ab}%
	+X^{ab}.\end{equation}"
	[[[OPEN]] a[[UNKNOWN]]
	        > 
Warning:not_parsed:UNKNOWN>CLOSE MathParser failed to match rule 'Superscript'
	at 0302108.tex; line 579 col 41 - line 579 col 41
	b[[UNKNOWN]]
	        > ][[CLOSE]]
Warning:not_parsed:OPEN.UNKNOWN> MathParser failed to match rule 'Superscript'
	at 0302108.tex; line 584 col 29 - line 584 col 29
	In "\begin{equation}{\cal F}^{ab}=d{\cal A}^{ab}+{\cal A}^{ac}{\cal A}^{cb}=F^{ab}%
	+D\hat{y}^{a}D\hat{y}^{b}+2\hat{y}^{[a}F^{b]c}\hat{y}^{c}.\end{equation}"
	[[[OPEN]] a[[UNKNOWN]]
	        > 
Warning:not_parsed:UNKNOWN>CLOSE MathParser failed to match rule 'Superscript'
	at 0302108.tex; line 584 col 36 - line 584 col 36
	b[[UNKNOWN]]
	        > ][[CLOSE]] c[[UNKNOWN]]
Warning:not_parsed:OPEN.UNKNOWN> MathParser failed to match rule 'Superscript'
	at 0302108.tex; line 914 col 9 - line 914 col 9
	In "$\hat{y}^{[b}{\cal F}^{a_{1}a_{2}}\cdots{\cal F}^{a_{n-1}a_{n}]}=0$"
	[[[OPEN]] b[[UNKNOWN]]
	        > 
Warning:not_parsed:POSTSUBSCRIPT.UNKNOWN.POSTSUBSCRIPT>CLOSE MathParser failed to match rule 'Superscript'
	at 0302108.tex; line 914 col 9 - line 914 col 9
	a[[UNKNOWN]] _{n-1}[[POSTSUBSCRIPT]] a[[UNKNOWN]] _{n}[[POSTSUBSCRIPT]]
	        > ][[CLOSE]]
Warning:not_parsed:UNKNOWN>RELOP MathParser failed to match rule 'Anything'
	at 0302108.tex; line 1032 col 1 - line 1032 col 1
	In "$\displaystyle H=*H,\@@ENDINLINEMATH"
	H[[UNKNOWN]]
	        > =[[RELOP]] *[[MULOP]] H[[UNKNOWN]]
Warning:not_parsed:RELOP.UNKNOWN.POSTSUBSCRIPT>OPEN MathParser failed to match rule 'Anything'
	at 0302108.tex; line 1049 col 8 - line 1049 col 28
	In "${\cal H}_{-}=i_{v}(H-*H)$"
	H[[UNKNOWN]] _{-}[[POSTSUBSCRIPT]] =[[RELOP]] i[[UNKNOWN]] _{v}[[POSTSUBSCRIPT]]
	        > ([[OPEN]] H[[UNKNOWN]] -[[ADDOP]] *[[MULOP]] H[[UNKNOWN]] )[[CLOSE]]
Warning:not_parsed:UNKNOWN>RELOP MathParser failed to match rule 'Anything'
	at 0302108.tex; line 1051 col 9 - line 1051 col 13
	In "$H=*H$"
	H[[UNKNOWN]]
	        > =[[RELOP]] *[[MULOP]] H[[UNKNOWN]]
Warning:not_parsed:UNKNOWN>RELOP MathParser failed to match rule 'Anything'
	at 0302108.tex; line 1094 col 41 - line 1094 col 45
	In "$H=*H$"
	H[[UNKNOWN]]
	        > =[[RELOP]] *[[MULOP]] H[[UNKNOWN]]
Warning:not_parsed:UNKNOWN>RELOP MathParser failed to match rule 'Anything'
	at 0302108.tex; line 1285 col 1 - line 1285 col 1
	In "$\displaystyle h=*\,h+{\rm(n.l.t.)},\@@ENDINLINEMATH"
	h[[UNKNOWN]]
	        > =[[RELOP]] *[[MULOP]] h[[UNKNOWN]] +[[ADDOP]] ([[OPEN]] n[[UNKNOWN]] .[[PERIOD]] l[[UNKNOWN]] .[[PERIOD]] t[[UNKNOWN]] .[[PERIOD]] )[[CLOSE]]
Warning:not_parsed:MULOP.UNKNOWN.ADDOP>OPEN MathParser failed to match rule 'Anything'
	at 0302108.tex; line 1285 col 5 - line 1286 col 5
	In "$\displaystyle*\,h+{\rm(n.l.t.)},$"
	*[[MULOP]] h[[UNKNOWN]] +[[ADDOP]]
	        > ([[OPEN]] n[[UNKNOWN]] .[[PERIOD]] l[[UNKNOWN]] .[[PERIOD]] t[[UNKNOWN]] .[[PERIOD]] )[[CLOSE]]
Warning:not_parsed:UNKNOWN.PUNCT.UNKNOWN>RELOP MathParser failed to match rule 'Anything'
	at 0302108.tex; line 1643 col 0 - line 1646 col 3
	In "$${\cal H}\equiv i_{v}h,\quad\widetilde{\cal H}\equiv i_{v}*h,\quad h=-(v{\cal
	H%
	}+*v\widetilde{\cal H}),$$"
	H[[UNKNOWN]] ≡[[RELOP]] i[[UNKNOWN]] _{v}[[POSTSUBSCRIPT]] h[[UNKNOWN]] ,[[PUNCT]] \widetilde{\calH}[[UNKNOWN]] ≡[[RELOP]] i[[UNKNOWN]] _{v}[[POSTSUBSCRIPT]] *[[MULOP]] h[[UNKNOWN]] ,[[PUNCT]] h[[UNKNOWN]]
	        > =[[RELOP]] -[[ADDOP]] ([[OPEN]] v[[UNKNOWN]] H[[UNKNOWN]] +[[ADDOP]] *[[MULOP]] v[[UNKNOWN]] \widetilde{\calH}[[UNKNOWN]] )[[CLOSE]]
Warning:not_parsed:UNKNOWN.UNKNOWN.UNKNOWN>OPEN MathParser failed to match rule 'Anything'
	at 0302108.tex; line 1654 col 51 - line 1654 col 51
	In "$${\cal L}(h)={\cal L}_{BI}(\widetilde{\cal H})-{1\over 4}{\cal H}^{ij}%
	\widetilde{\cal H}_{ij},\quad{\cal L}_{BI}(\widetilde{\cal H})=\sqrt{det(%
	\delta_{i}{}^{j}+i\widetilde{\cal H}_{i}{}^{j})},$$"
	d[[UNKNOWN]] e[[UNKNOWN]] t[[UNKNOWN]]
	        > ([[OPEN]] δ[[UNKNOWN]] _{i}[[POSTSUBSCRIPT]] {}^{j}[[FLOATSUPERSCRIPT]] +[[ADDOP]] i[[UNKNOWN]] \widetilde{\calH}[[UNKNOWN]] _{i}[[POSTSUBSCRIPT]] {}^{j}[[FLOATSUPERSCRIPT]] )[[CLOSE]]
Warning:not_parsed:UNKNOWN>RELOP MathParser failed to match rule 'Anything'
	at 0302108.tex; line 1664 col 48 - line 1664 col 52
	In "$h=*h$"
	h[[UNKNOWN]]
	        > =[[RELOP]] *[[MULOP]] h[[UNKNOWN]]
Warning:not_parsed:UNKNOWN>RELOP MathParser failed to match rule 'Anything'
	at 0302108.tex; line 1665 col 34 - line 1665 col 38
	In "$h=*h$"
	h[[UNKNOWN]]
	        > =[[RELOP]] *[[MULOP]] h[[UNKNOWN]]
Warning:not_parsed:UNKNOWN.POSTSUBSCRIPT>RELOP MathParser failed to match rule 'Anything'
	at 0302108.tex; line 1694 col 3 - line 1694 col 3
	In "$\displaystyle H_{4}=*H_{7}.\@@ENDINLINEMATH"
	H[[UNKNOWN]] _{4}[[POSTSUBSCRIPT]]
	        > =[[RELOP]] *[[MULOP]] H[[UNKNOWN]] _{7}[[POSTSUBSCRIPT]]
Warning:not_parsed:RELOP.UNKNOWN.POSTSUBSCRIPT>OPEN MathParser failed to match rule 'Anything'
	at 0302108.tex; line 1827 col 0 - line 1829 col 3
	In "$$f_{3}\equiv i_{V}(H_{4}-*H_{7}),\quad f_{6}\equiv i_{V}(H_{7}-*H_{4}),$$"
	f[[UNKNOWN]] _{3}[[POSTSUBSCRIPT]] ≡[[RELOP]] i[[UNKNOWN]] _{V}[[POSTSUBSCRIPT]]
	        > ([[OPEN]] H[[UNKNOWN]] _{4}[[POSTSUBSCRIPT]] -[[ADDOP]] *[[MULOP]] H[[UNKNOWN]] _{7}[[POSTSUBSCRIPT]] )[[CLOSE]] ,[[PUNCT]] f[[UNKNOWN]] _{6}[[POSTSUBSCRIPT]] ≡[[RELOP]] i[[UNKNOWN]] _{V}[[POSTSUBSCRIPT]] ([[OPEN]] H[[UNKNOWN]] _{7}[[POSTSUBSCRIPT]] -[[ADDOP]] *[[MULOP]] H[[UNKNOWN]] _{4}[[POSTSUBSCRIPT]] )[[CLOSE]]
Warning:not_parsed:UNKNOWN.POSTSUBSCRIPT.ADDOP>MULOP MathParser failed to match rule 'Anything'
	at 0302108.tex; line 1831 col 5 - line 1833 col 5
	In "\begin{equation}H_{4}-*H_{7}=-(Vf_{3}+*Vf_{6}),\quad V=dC/\sqrt{\partial C\,%
	\partial C}.\end{equation}"
	H[[UNKNOWN]] _{4}[[POSTSUBSCRIPT]] -[[ADDOP]]
	        > *[[MULOP]] H[[UNKNOWN]] _{7}[[POSTSUBSCRIPT]] =[[RELOP]] -[[ADDOP]] ([[OPEN]] V[[UNKNOWN]] f[[UNKNOWN]] _{3}[[POSTSUBSCRIPT]] +[[ADDOP]] *[[MULOP]] V[[UNKNOWN]] f[[UNKNOWN]] _{6}[[POSTSUBSCRIPT]] )[[CLOSE]] ,[[PUNCT]] V[[UNKNOWN]] =[[RELOP]] d[[UNKNOWN]] C[[UNKNOWN]] /[[MULOP]] \sqrt{\partialC\,\partialC}[[UNKNOWN]]
Warning:not_parsed:UNKNOWN.POSTSUBSCRIPT>RELOP MathParser failed to match rule 'Anything'
	at 0302108.tex; line 1840 col 58 - line 1840 col 66
	In "$H_{4}=*H_{7}$"
	H[[UNKNOWN]] _{4}[[POSTSUBSCRIPT]]
	        > =[[RELOP]] *[[MULOP]] H[[UNKNOWN]] _{7}[[POSTSUBSCRIPT]]
Warning:not_parsed:UNKNOWN.POSTSUBSCRIPT>RELOP MathParser failed to match rule 'Anything'
	at 0302108.tex; line 1887 col 0 - line 1889 col 3
	In "$$H_{4}=*H_{7},\quad{\cal H}-{\cal W}=0,$$"
	H[[UNKNOWN]] _{4}[[POSTSUBSCRIPT]]
	        > =[[RELOP]] *[[MULOP]] H[[UNKNOWN]] _{7}[[POSTSUBSCRIPT]] ,[[PUNCT]] H[[UNKNOWN]] -[[ADDOP]] W[[UNKNOWN]] =[[RELOP]] 0[[NUMBER]]
Warning:not_parsed:UNKNOWN.UNKNOWN.POSTSUPERSCRIPT>OPEN MathParser failed to match rule 'Anything'
	at 0302108.tex; line 2142 col 11 - line 2146 col 1
	In "$\displaystyle{1\over 4(2\pi)^{3}}\,{\varepsilon\over\varepsilon^{2}+y^{2}}\,%
	\varepsilon^{a_{1}\cdots a_{5}}Dy^{a_{1}}\left(F^{a_{2}a_{3}}F^{a_{4}a_{5}}+{4%
	\over 3(\varepsilon^{2}+y^{2})}\,F^{a_{2}a_{3}}Dy^{a_{4}}Dy^{a_{5}}\right.$"
	1\over4(2\pi)^{3}[[UNKNOWN]] \varepsilon\over\varepsilon^{2}+y^{2}[[UNKNOWN]] ε[[UNKNOWN]] ^{a_{1}\cdotsa_{5}}[[POSTSUPERSCRIPT]] D[[UNKNOWN]] y[[UNKNOWN]] ^{a_{1}}[[POSTSUPERSCRIPT]]
	        > \left([[OPEN]] F[[UNKNOWN]] ^{a_{2}a_{3}}[[POSTSUPERSCRIPT]] F[[UNKNOWN]] ^{a_{4}a_{5}}[[POSTSUPERSCRIPT]] +[[ADDOP]] 4\over3(\varepsilon^{2}+y^{2})[[UNKNOWN]] F[[UNKNOWN]] ^{a_{2}a_{3}}[[POSTSUPERSCRIPT]] D[[UNKNOWN]] y[[UNKNOWN]] ^{a_{4}}[[POSTSUPERSCRIPT]] D[[UNKNOWN]] y[[UNKNOWN]] ^{a_{5}}[[POSTSUPERSCRIPT]]
Warning:not_parsed:UNKNOWN.UNKNOWN.POSTSUPERSCRIPT>CLOSE MathParser failed to match rule 'Anything'
	at 0302108.tex; line 2146 col 10 - line 2151 col 1
	In "$\displaystyle\phantom{{1\over 4(2\pi)^{3}}{\varepsilon\over\varepsilon^{2}+y^%
	{2}}\,\varepsilon^{a_{1}\cdots a_{5}}Dy^{a_{1}}}\left.+{8\over 15(\varepsilon^%
	{2}+y^{2})^{2}}\,Dy^{a_{2}}Dy^{a_{3}}Dy^{a_{4}}Dy^{a_{5}}\right),$"
	+[[ADDOP]] 8\over15(\varepsilon^{2}+y^{2})^{2}[[UNKNOWN]] D[[UNKNOWN]] y[[UNKNOWN]] ^{a_{2}}[[POSTSUPERSCRIPT]] D[[UNKNOWN]] y[[UNKNOWN]] ^{a_{3}}[[POSTSUPERSCRIPT]] D[[UNKNOWN]] y[[UNKNOWN]] ^{a_{4}}[[POSTSUPERSCRIPT]] D[[UNKNOWN]] y[[UNKNOWN]] ^{a_{5}}[[POSTSUPERSCRIPT]]
	        > \right)[[CLOSE]]
Warning:not_parsed:ATOM.UNKNOWN.POSTSUPERSCRIPT>OPEN MathParser failed to match rule 'Anything'
	at 0302108.tex; line 2151 col 11 - line 2155 col 12
	In "$\displaystyle{1\over 8(2\pi)^{2}}{\varepsilon\over\sqrt{\varepsilon^{2}+y^{2}%
	}}\,\varepsilon^{a_{1}\cdots a_{4}}\left(F^{a_{1}a_{2}}F^{a_{3}a_{4}}+{2\over%
	\varepsilon^{2}+y^{2}}\,F^{a_{1}a_{2}}Dy^{a_{3}}Dy^{a_{4}}\right.$"
	1\over8(2\pi)^{2}[[UNKNOWN]] \varepsilon\over\sqrt{\varepsilon^{2}+y^{2}}[[UNKNOWN]] ε[[UNKNOWN]] ^{a_{1}\cdotsa_{4}}[[POSTSUPERSCRIPT]]
	        > \left([[OPEN]] F[[UNKNOWN]] ^{a_{1}a_{2}}[[POSTSUPERSCRIPT]] F[[UNKNOWN]] ^{a_{3}a_{4}}[[POSTSUPERSCRIPT]] +[[ADDOP]] 2\over\varepsilon^{2}+y^{2}[[UNKNOWN]] F[[UNKNOWN]] ^{a_{1}a_{2}}[[POSTSUPERSCRIPT]] D[[UNKNOWN]] y[[UNKNOWN]] ^{a_{3}}[[POSTSUPERSCRIPT]] D[[UNKNOWN]] y[[UNKNOWN]] ^{a_{4}}[[POSTSUPERSCRIPT]]
Warning:not_parsed:UNKNOWN.UNKNOWN.POSTSUPERSCRIPT>CLOSE MathParser failed to match rule 'Anything'
	at 0302108.tex; line 2155 col 21 - line 2159 col 5
	In "$\displaystyle\phantom{{1\over 8(2\pi)^{2}}{\varepsilon\over\sqrt{\varepsilon^%
	{2}+y^{2}}}\,\varepsilon^{a_{1}\cdots a_{4}}}\left.+{1\over(\varepsilon^{2}+y^%
	{2})^{2}}\,Dy^{a_{1}}Dy^{a_{2}}Dy^{a_{3}}Dy^{a_{4}}\right).$"
	+[[ADDOP]] 1\over(\varepsilon^{2}+y^{2})^{2}[[UNKNOWN]] D[[UNKNOWN]] y[[UNKNOWN]] ^{a_{1}}[[POSTSUPERSCRIPT]] D[[UNKNOWN]] y[[UNKNOWN]] ^{a_{2}}[[POSTSUPERSCRIPT]] D[[UNKNOWN]] y[[UNKNOWN]] ^{a_{3}}[[POSTSUPERSCRIPT]] D[[UNKNOWN]] y[[UNKNOWN]] ^{a_{4}}[[POSTSUPERSCRIPT]]
	        > \right)[[CLOSE]]
Warning:not_parsed:INTOP.POSTSUBSCRIPT>OPEN MathParser failed to match rule 'Anything'
	at 0302108.tex; line 2362 col 16 - line 2364 col 2
	In "$\displaystyle\int_{M_{11}}\Bigg{[}\Bigg{(}d(Vf_{6})+Vf_{3}H_{4}-gv({\cal H}-{%
	\cal W})J_{5}\Bigg{)}\left(\delta B_{3}+d\delta\widehat{b}\right)$"
	∫[[INTOP]] _{M_{11}}[[POSTSUBSCRIPT]]
	        > [[[OPEN]] ([[OPEN]] d[[UNKNOWN]] ([[OPEN]] V[[UNKNOWN]] f[[UNKNOWN]] _{6}[[POSTSUBSCRIPT]] )[[CLOSE]] +[[ADDOP]] V[[UNKNOWN]] f[[UNKNOWN]] _{3}[[POSTSUBSCRIPT]] H[[UNKNOWN]] _{4}[[POSTSUBSCRIPT]] -[[ADDOP]] g[[UNKNOWN]] v[[UNKNOWN]] ([[OPEN]] H[[UNKNOWN]] -[[ADDOP]] W[[UNKNOWN]] )[[CLOSE]] J[[UNKNOWN]] _{5}[[POSTSUBSCRIPT]] )[[CLOSE]] \left([[OPEN]] δ[[UNKNOWN]] B[[UNKNOWN]] _{3}[[POSTSUBSCRIPT]] +[[ADDOP]] d[[UNKNOWN]] δ[[UNKNOWN]] \widehat{b}[[UNKNOWN]] \right)[[CLOSE]]
Warning:not_parsed:CLOSE.UNKNOWN.UNKNOWN>CLOSE MathParser failed to match rule 'Anything'
	at 0302108.tex; line 2367 col 3 - line 2370 col 5
	In "$\displaystyle+dCd\left({g\over 2\partial c\partial c}\,({\cal H}-{\cal W})({%
	\cal H}-{\cal W})J_{5}-{1\over\partial C\partial C}f_{3}f_{6}\right)\delta C%
	\Bigg{]}.$"
	+[[ADDOP]] d[[UNKNOWN]] C[[UNKNOWN]] d[[UNKNOWN]] \left([[OPEN]] g\over2\partialc\partialc[[UNKNOWN]] ([[OPEN]] H[[UNKNOWN]] -[[ADDOP]] W[[UNKNOWN]] )[[CLOSE]] ([[OPEN]] H[[UNKNOWN]] -[[ADDOP]] W[[UNKNOWN]] )[[CLOSE]] J[[UNKNOWN]] _{5}[[POSTSUBSCRIPT]] -[[ADDOP]] 1\over\partialC\partialC[[UNKNOWN]] f[[UNKNOWN]] _{3}[[POSTSUBSCRIPT]] f[[UNKNOWN]] _{6}[[POSTSUBSCRIPT]] \right)[[CLOSE]] δ[[UNKNOWN]] C[[UNKNOWN]]
	        > ][[CLOSE]]
Warning:not_parsed:UNKNOWN.POSTSUBSCRIPT>MULOP MathParser failed to match rule 'Anything'
	at 0302108.tex; line 2372 col 26 - line 2372 col 33
	In "$i_{V}*=*V$"
	i[[UNKNOWN]] _{V}[[POSTSUBSCRIPT]]
	        > *[[MULOP]] =[[RELOP]] *[[MULOP]] V[[UNKNOWN]]
Warning:not_parsed:MULOP.UNKNOWN.POSTSUBSCRIPT>RELOP MathParser failed to match rule 'Anything'
	at 0302108.tex; line 2372 col 40 - line 2372 col 49
	In "$*\,i_{V}=V*$"
	*[[MULOP]] i[[UNKNOWN]] _{V}[[POSTSUBSCRIPT]]
	        > =[[RELOP]] V[[UNKNOWN]] *[[MULOP]]
 19.75 sec)
Math parsing succeeded:
   ltx:XMArg: 2819/2826
   ltx:XMath: 1623/1647
Symbols assumed as simple identifiers (with # of occurences):
   'A{caligraphic}' (10), 'A{italic}' (80), 'B{italic}' (209), 'C{italic}' (71), 'Delta' (20), 'D{italic}' (99), 'E{italic}' (2), 'F{caligraphic}' (15), 'F{italic}' (56), 'Gamma' (8), 'G{italic}' (10), 'H{caligraphic}' (39), 'H{italic}' (166), 'I{italic}' (63), 'J{italic}' (190), 'K{caligraphic}' (2), 'K{italic}' (194), 'Lambda' (21), 'L{caligraphic}' (12), 'L{italic}' (35), 'M{italic}' (288), 'N{italic}' (20), 'Omega' (9), 'O{italic}' (98), 'Phi' (24), 'Psi' (8), 'P{caligraphic}' (4), 'P{italic}' (53), 'Q{italic}' (35), 'R{bold}' (2), 'R{italic}' (2), 'S{italic}' (169), 'T{italic}' (27), 'V{italic}' (40), 'W{caligraphic}' (30), 'W{italic}' (71), 'X{italic}' (25), 'Y{caligraphic}' (1), 'Y{italic}' (38), 'Z{bold}' (3), 'a{italic}' (281), 'b{italic}' (84), 'chi' (81), 'complement' (1), 'c{italic}' (39), 'delta' (71), 'd{italic}' (286), 'e{italic}' (45), 'f{italic}' (80), 'g{italic}' (158), 'h{italic}' (49), 'in' (1), 'i{italic}' (50), 'j{italic}' (15), 'k{italic}' (24), 'l' (4), 'lambda' (2), 'mu' (6), 'm{italic}' (5), 'n' (4), 'nu' (2), 'n{italic}' (120), 'of' (1), 'or' (1), 'o{italic}' (2), 'phi' (12), 'pi' (55), 'psi' (5), 'p{italic}' (2), 'q{italic}' (3), 'r{italic}' (98), 'sigma' (30), 's{italic}' (39), 't' (4), 'the' (1), 't{italic}' (20), 'u{italic}' (20), 'varepsilon' (87), 'v{italic}' (17), 'w{italic}' (48), 'x{italic}' (25), 'y{italic}' (109), 'z{italic}' (44)
Set MATHPARSER_SPECULATE to speculate on possible notations.
(Finalizing... 1.86 sec)
Conversion complete 31 warnings (See /home/user/latex-in-arxiv/0302108.latexml.log) (reqd. 59.62s)
