latexml (LaTeXML version 0.8.6) processing 2003/0302021.tex
(Digesting TeX 0302021...
(Loading /usr/share/perl5/LaTeXML/Package/TeX.pool.ltxml...
(Loading /usr/share/perl5/LaTeXML/Package/eTeX.pool.ltxml... 0.01 sec)
(Loading /usr/share/perl5/LaTeXML/Package/pdfTeX.pool.ltxml... 0.01 sec) 0.19 sec)
(Processing content /home/user/latex-in-arxiv/2003/0302021.tex...
(Loading /usr/share/perl5/LaTeXML/Package/LaTeX.pool.ltxml...
(Loading /usr/share/perl5/LaTeXML/Package/textcomp.sty.ltxml...
(Processing definitions /usr/share/texlive/texmf-dist/tex/latex-dev/base/ts1enc.dfu... 0.04 sec) 1.54 sec) 1.82 sec)
(Loading /usr/share/perl5/LaTeXML/Package/article.cls.ltxml... 0.01 sec)
Info:ignore:\titlepage Ignoring redefinition of \titlepage
	at 0302021.tex; line 74 col 0 - line 74 col 47
Info:ignore:\endtitlepage Ignoring redefinition of \endtitlepage
	at 0302021.tex; line 77 col 0 - line 77 col 69
Info:unexpected:titlepage When using titlepage, Frontmatter will not be well-structured
	at 0302021.tex; line 297 col 0 - line 297 col 17
 10.73 sec) 10.99 sec)
(Building...
(Loading compiled schema /usr/share/perl5/LaTeXML/resources/RelaxNG/LaTeXML.model... 0.02 sec) 12.06 sec)
(Rewriting... 0.44 sec)
(Math Parsing 1040 formulae ......
Warning:not_parsed:UNKNOWN.RELOP.NUMBER>PUNCT MathParser failed to match rule 'Anything'
	at 0302021.tex; line 495 col 3 - line 497 col 3
	In "\begin{equation}{\rm d}\Phi=0\quad,\quad{\rm d}{}^{*}\Phi=0\ .\end{equation}"
	d[[UNKNOWN]] Φ[[UNKNOWN]] =[[RELOP]] 0[[NUMBER]]
	        > \begin{equation}{\rmd}\Phi=0\quad,\quad{\rmd}{}^{*}\Phi=0\ .\end{equation}[[PUNCT]] ,[[PUNCT]] d[[UNKNOWN]] {}^{*}[[FLOATSUPERSCRIPT]] Φ[[UNKNOWN]] =[[RELOP]] 0[[NUMBER]]
Warning:not_parsed:UNKNOWN.POSTSUBSCRIPT.CLOSE>PUNCT MathParser failed to match rule 'Anything'
	at 0302021.tex; line 543 col 3 - line 546 col 3
	In "\begin{equation}\langle{\cal R}_{\mu\nu}\rangle=-12\lambda^{2}\langle g_{\mu%
	\nu}\rangle\quad,\quad\langle{\cal R}_{ij}\rangle=6\lambda^{2}\langle g_{ij}%
	\rangle\ .\end{equation}"
	\langle[[OPEN]] R[[UNKNOWN]] _{\mu\nu}[[POSTSUBSCRIPT]] \rangle[[CLOSE]] =[[RELOP]] -[[ADDOP]] 12[[NUMBER]] λ[[UNKNOWN]] ^{2}[[POSTSUPERSCRIPT]] \langle[[OPEN]] g[[UNKNOWN]] _{\mu\nu}[[POSTSUBSCRIPT]] \rangle[[CLOSE]]
	        > \begin{equation}\langle{\calR}_{\mu\nu}\rangle=-12\lambda^{2}\langleg_{\mu\nu}\rangle\quad,\quad\langle{\calR}_{ij}\rangle=6\lambda^{2}\langleg_{ij}\rangle\ .\end{equation}[[PUNCT]] ,[[PUNCT]] \langle[[OPEN]] R[[UNKNOWN]] _{ij}[[POSTSUBSCRIPT]] \rangle[[CLOSE]] =[[RELOP]] 6[[NUMBER]] λ[[UNKNOWN]] ^{2}[[POSTSUPERSCRIPT]] \langle[[OPEN]] g[[UNKNOWN]] _{ij}[[POSTSUBSCRIPT]] \rangle[[CLOSE]]
Warning:not_parsed:UNKNOWN.ATOM.POSTSUPERSCRIPT>PUNCT MathParser failed to match rule 'Anything'
	at 0302021.tex; line 676 col 3 - line 678 col 3
	In "\begin{equation}{\overline{e}}^{\alpha}=r\tilde{e}^{\alpha}\quad,\quad{%
	\overline{e}}^{7}={\rm d}r\ .\end{equation}"
	\overline{e}[[UNKNOWN]] ^{\alpha}[[POSTSUPERSCRIPT]] =[[RELOP]] r[[UNKNOWN]] \tilde{e}[[UNKNOWN]] ^{\alpha}[[POSTSUPERSCRIPT]]
	        > \begin{equation}{\overline{e}}^{\alpha}=r\tilde{e}^{\alpha}\quad,\quad{\overline{e}}^{7}={\rmd}r\ .\end{equation}[[PUNCT]] ,[[PUNCT]] \overline{e}[[UNKNOWN]] ^{7}[[POSTSUPERSCRIPT]] =[[RELOP]] d[[UNKNOWN]] r[[UNKNOWN]]
Warning:not_parsed:UNKNOWN.RELOP.NUMBER>PUNCT MathParser failed to match rule 'Anything'
	at 0302021.tex; line 722 col 3 - line 724 col 3
	In "\begin{equation}{\rm d}\,{}^{*_{Y}}\kern-2.0pt{\rm d}\xi+12\,{}^{*_{Y}}\kern-2%
	.0pt\xi=0\quad,\quad{\rm d}\,{}^{*_{Y}}\kern-2.0pt\xi=0\ .\end{equation}"
	d[[UNKNOWN]] {}^{*_{Y}}[[FLOATSUPERSCRIPT]] d[[UNKNOWN]] ξ[[UNKNOWN]] +[[ADDOP]] 12[[NUMBER]] {}^{*_{Y}}[[FLOATSUPERSCRIPT]] ξ[[UNKNOWN]] =[[RELOP]] 0[[NUMBER]]
	        > \begin{equation}{\rmd}\,{}^{*_{Y}}\kern-2.0pt{\rmd}\xi+12\,{}^{*_{Y}}\kern-2.0pt\xi=0\quad,\quad{\rmd}\,{}^{*_{Y}}\kern-2.0pt\xi=0\ .\end{equation}[[PUNCT]] ,[[PUNCT]] d[[UNKNOWN]] {}^{*_{Y}}[[FLOATSUPERSCRIPT]] ξ[[UNKNOWN]] =[[RELOP]] 0[[NUMBER]]
Warning:not_parsed:UNKNOWN.FLOATSUPERSCRIPT.UNKNOWN>FLOATSUPERSCRIPT MathParser failed to match rule 'Anything'
	at 0302021.tex; line 727 col 7 - line 727 col 41
	In "$\Delta_{Y}=-\,{}^{*_{Y}}\kern-2.0pt{\rm d}\,{}^{*_{Y}}\kern-2.0pt{\rm d}-{\rm
	d%
	}\,{}^{*_{Y}}\kern-2.0pt{\rm d}\,{}^{*_{Y}}\kern-2.0pt$"
	Δ[[UNKNOWN]] _{Y}[[POSTSUBSCRIPT]] =[[RELOP]] -[[ADDOP]] {}^{*_{Y}}[[FLOATSUPERSCRIPT]] d[[UNKNOWN]] {}^{*_{Y}}[[FLOATSUPERSCRIPT]] d[[UNKNOWN]] -[[ADDOP]] d[[UNKNOWN]] {}^{*_{Y}}[[FLOATSUPERSCRIPT]] d[[UNKNOWN]]
	        > {}^{*_{Y}}[[FLOATSUPERSCRIPT]]
Warning:not_parsed:ATOM.RELOP.ATOM>PUNCT MathParser failed to match rule 'Anything'
	at 0302021.tex; line 746 col 3 - line 748 col 3
	In "\begin{equation}\hat{r}={r\over r_{0}}\quad,\quad 0\leq r\leq\pi r_{0}\ .\end{equation}"
	\hat{r}[[UNKNOWN]] =[[RELOP]] r\overr_{0}[[UNKNOWN]]
	        > \begin{equation}\hat{r}={r\overr_{0}}\quad,\quad0\leqr\leq\pir_{0}\ .\end{equation}[[PUNCT]] ,[[PUNCT]] 0[[NUMBER]] ≤[[RELOP]] r[[UNKNOWN]] ≤[[RELOP]] π[[UNKNOWN]] r[[UNKNOWN]] _{0}[[POSTSUBSCRIPT]]
Warning:not_parsed:ATOM.ATOM.POSTSUPERSCRIPT>PUNCT MathParser failed to match rule 'Anything'
	at 0302021.tex; line 769 col 3 - line 771 col 3
	In "\begin{equation}e^{\alpha}=r_{0}\sin\hat{r}\ \tilde{e}^{\alpha}\quad,\quad e^{%
	7}={\rm d}r\ .\end{equation}"
	e[[UNKNOWN]] ^{\alpha}[[POSTSUPERSCRIPT]] =[[RELOP]] r[[UNKNOWN]] _{0}[[POSTSUBSCRIPT]] sin[[TRIGFUNCTION]] \hat{r}[[UNKNOWN]] \tilde{e}[[UNKNOWN]] ^{\alpha}[[POSTSUPERSCRIPT]]
	        > \begin{equation}e^{\alpha}=r_{0}\sin\hat{r}\ \tilde{e}^{\alpha}\quad,\quade^{7}={\rmd}r\ .\end{equation}[[PUNCT]] ,[[PUNCT]] e[[UNKNOWN]] ^{7}[[POSTSUPERSCRIPT]] =[[RELOP]] d[[UNKNOWN]] r[[UNKNOWN]]
Warning:not_parsed:FLOATSUPERSCRIPT>OPEN MathParser failed to match rule 'Anything'
	at 0302021.tex; line 803 col 3 - line 803 col 3
	In "$\displaystyle{}^{*}\left({\rm d}r\wedge\omega_{p}\right)=\left(r_{0}\sin\hat{%
	r}\right)^{6-2p}\,{}^{*_{Y}}\kern-2.0pt\omega_{p}\@@ENDINLINEMATH"
	{}^{*}[[FLOATSUPERSCRIPT]]
	        > \left([[OPEN]] d[[UNKNOWN]] r[[UNKNOWN]] ∧[[ADDOP]] ω[[UNKNOWN]] _{p}[[POSTSUBSCRIPT]] \right)[[CLOSE]] =[[RELOP]] \left([[OPEN]] r[[UNKNOWN]] _{0}[[POSTSUBSCRIPT]] sin[[TRIGFUNCTION]] \hat{r}[[UNKNOWN]] \right)[[CLOSE]] ^{6-2p}[[POSTSUPERSCRIPT]] {}^{*_{Y}}[[FLOATSUPERSCRIPT]] ω[[UNKNOWN]] _{p}[[POSTSUBSCRIPT]]
Warning:not_parsed:FLOATSUPERSCRIPT>OPEN MathParser failed to match rule 'Anything'
	at 0302021.tex; line 803 col 3 - line 804 col 1
	In "$\displaystyle{}^{*}\left({\rm d}r\wedge\omega_{p}\right)$"
	{}^{*}[[FLOATSUPERSCRIPT]]
	        > \left([[OPEN]] d[[UNKNOWN]] r[[UNKNOWN]] ∧[[ADDOP]] ω[[UNKNOWN]] _{p}[[POSTSUBSCRIPT]] \right)[[CLOSE]]
Warning:not_parsed:FLOATSUPERSCRIPT>OPEN MathParser failed to match rule 'Anything'
	at 0302021.tex; line 868 col 25 - line 868 col 42
	In "$\,{}^{*_{Y}}\kern-2.0pt(\,{}^{*_{Y}}\kern-2.0pt\omega_{3})=-\omega_{3}$"
	{}^{*_{Y}}[[FLOATSUPERSCRIPT]]
	        > ([[OPEN]] {}^{*_{Y}}[[FLOATSUPERSCRIPT]] ω[[UNKNOWN]] _{3}[[POSTSUBSCRIPT]] )[[CLOSE]] =[[RELOP]] -[[ADDOP]] ω[[UNKNOWN]] _{3}[[POSTSUBSCRIPT]]
Warning:not_parsed:SUMOP.POSTSUBSCRIPT>OPEN MathParser failed to match rule 'Anything'
	at 0302021.tex; line 940 col 7 - line 945 col 1
	In "$\displaystyle\sum_{p,i}\Bigg{(}\int_{{\cal M}_{4}}{\rm d}A^{i}_{k-p}\wedge{}^%
	{*}{\rm d}A^{i}_{k-p}\ \ \int_{X_{\lambda}}\phi_{p}^{i}\wedge{}^{*}\phi_{p}^{i}$"
	∑[[SUMOP]] _{p,i}[[POSTSUBSCRIPT]]
	        > ([[OPEN]] ∫[[INTOP]] _{{\calM}_{4}}[[POSTSUBSCRIPT]] d[[UNKNOWN]] A[[UNKNOWN]] ^{i}[[POSTSUPERSCRIPT]] _{k-p}[[POSTSUBSCRIPT]] ∧[[ADDOP]] {}^{*}[[FLOATSUPERSCRIPT]] d[[UNKNOWN]] A[[UNKNOWN]] ^{i}[[POSTSUPERSCRIPT]] _{k-p}[[POSTSUBSCRIPT]] $\displaystyle\sum_{p,i}\Bigg{(}\int_{{\calM}_{4}}{\rmd}A^{i}_{k-p}\wedge{}^{*}{\rmd}A^{i}_{k-p}\ \ \int_{X_{\lambda}}\phi_{p}^{i}\wedge{}^{*}\phi_{p}^{i}$[[PUNCT]] ∫[[INTOP]] _{X_{\lambda}}[[POSTSUBSCRIPT]] ϕ[[UNKNOWN]] _{p}[[POSTSUBSCRIPT]] ^{i}[[POSTSUPERSCRIPT]] ∧[[ADDOP]] {}^{*}[[FLOATSUPERSCRIPT]] ϕ[[UNKNOWN]] _{p}[[POSTSUBSCRIPT]] ^{i}[[POSTSUPERSCRIPT]]
Warning:not_parsed:UNKNOWN.POSTSUBSCRIPT.POSTSUPERSCRIPT>CLOSE MathParser failed to match rule 'Anything'
	at 0302021.tex; line 945 col 8 - line 947 col 3
	In "$\displaystyle\int_{{\cal M}_{4}}A^{i}_{k-p}\wedge{}^{*}A^{i}_{k-p}\ \ \int_{X%
	_{\lambda}}{\rm d}\phi_{p}^{i}\wedge{}^{*}{\rm d}\phi_{p}^{i}\Bigg{)}\ .$"
	∫[[INTOP]] _{{\calM}_{4}}[[POSTSUBSCRIPT]] A[[UNKNOWN]] ^{i}[[POSTSUPERSCRIPT]] _{k-p}[[POSTSUBSCRIPT]] ∧[[ADDOP]] {}^{*}[[FLOATSUPERSCRIPT]] A[[UNKNOWN]] ^{i}[[POSTSUPERSCRIPT]] _{k-p}[[POSTSUBSCRIPT]] $\displaystyle\int_{{\calM}_{4}}A^{i}_{k-p}\wedge{}^{*}A^{i}_{k-p}\ \ \int_{X_{\lambda}}{\rmd}\phi_{p}^{i}\wedge{}^{*}{\rmd}\phi_{p}^{i}\Bigg{)}\ .$[[PUNCT]] ∫[[INTOP]] _{X_{\lambda}}[[POSTSUBSCRIPT]] d[[UNKNOWN]] ϕ[[UNKNOWN]] _{p}[[POSTSUBSCRIPT]] ^{i}[[POSTSUPERSCRIPT]] ∧[[ADDOP]] {}^{*}[[FLOATSUPERSCRIPT]] d[[UNKNOWN]] ϕ[[UNKNOWN]] _{p}[[POSTSUBSCRIPT]] ^{i}[[POSTSUPERSCRIPT]]
	        > )[[CLOSE]]
Warning:not_parsed:CLOSE.RELOP.NUMBER>PUNCT MathParser failed to match rule 'Anything'
	at 0302021.tex; line 991 col 1 - line 991 col 1
	In "$\displaystyle b^{0}(X_{\lambda})=b^{7}(X_{\lambda})=1\quad,\quad b^{1}(X_{%
	\lambda})=b^{6}(X_{\lambda})=0\ ,\@@ENDINLINEMATH"
	b[[UNKNOWN]] ^{0}[[POSTSUPERSCRIPT]] ([[OPEN]] X[[UNKNOWN]] _{\lambda}[[POSTSUBSCRIPT]] )[[CLOSE]] =[[RELOP]] b[[UNKNOWN]] ^{7}[[POSTSUPERSCRIPT]] ([[OPEN]] X[[UNKNOWN]] _{\lambda}[[POSTSUBSCRIPT]] )[[CLOSE]] =[[RELOP]] 1[[NUMBER]]
	        > $\displaystyleb^{0}(X_{\lambda})=b^{7}(X_{\lambda})=1\quad,\quadb^{1}(X_{\lambda})=b^{6}(X_{\lambda})=0\ ,\@@ENDINLINEMATH[[PUNCT]] ,[[PUNCT]] b[[UNKNOWN]] ^{1}[[POSTSUPERSCRIPT]] ([[OPEN]] X[[UNKNOWN]] _{\lambda}[[POSTSUBSCRIPT]] )[[CLOSE]] =[[RELOP]] b[[UNKNOWN]] ^{6}[[POSTSUPERSCRIPT]] ([[OPEN]] X[[UNKNOWN]] _{\lambda}[[POSTSUBSCRIPT]] )[[CLOSE]] =[[RELOP]] 0[[NUMBER]]
Warning:not_parsed:OPEN.UNKNOWN.CLOSE>PUNCT MathParser failed to match rule 'Anything'
	at 0302021.tex; line 995 col 1 - line 995 col 1
	In "$\displaystyle b^{2}(X_{\lambda})=b^{5}(X_{\lambda})=b^{2}(Y)\quad,\quad b^{3}%
	(X_{\lambda})=b^{4}(X_{\lambda})=b^{3}(Y)\ .\@@ENDINLINEMATH"
	b[[UNKNOWN]] ^{2}[[POSTSUPERSCRIPT]] ([[OPEN]] X[[UNKNOWN]] _{\lambda}[[POSTSUBSCRIPT]] )[[CLOSE]] =[[RELOP]] b[[UNKNOWN]] ^{5}[[POSTSUPERSCRIPT]] ([[OPEN]] X[[UNKNOWN]] _{\lambda}[[POSTSUBSCRIPT]] )[[CLOSE]] =[[RELOP]] b[[UNKNOWN]] ^{2}[[POSTSUPERSCRIPT]] ([[OPEN]] Y[[UNKNOWN]] )[[CLOSE]]
	        > $\displaystyleb^{2}(X_{\lambda})=b^{5}(X_{\lambda})=b^{2}(Y)\quad,\quadb^{3}(X_{\lambda})=b^{4}(X_{\lambda})=b^{3}(Y)\ .\@@ENDINLINEMATH[[PUNCT]] ,[[PUNCT]] b[[UNKNOWN]] ^{3}[[POSTSUPERSCRIPT]] ([[OPEN]] X[[UNKNOWN]] _{\lambda}[[POSTSUBSCRIPT]] )[[CLOSE]] =[[RELOP]] b[[UNKNOWN]] ^{4}[[POSTSUPERSCRIPT]] ([[OPEN]] X[[UNKNOWN]] _{\lambda}[[POSTSUBSCRIPT]] )[[CLOSE]] =[[RELOP]] b[[UNKNOWN]] ^{3}[[POSTSUPERSCRIPT]] ([[OPEN]] Y[[UNKNOWN]] )[[CLOSE]]
Warning:not_parsed:UNKNOWN.ADDOP.NUMBER>CLOSE MathParser failed to match rule 'Anything'
	at 0302021.tex; line 1028 col 23 - line 1028 col 27
	In "$n+1)$"
	n[[UNKNOWN]] +[[ADDOP]] 1[[NUMBER]]
	        > )[[CLOSE]]
Warning:not_parsed:FLOATSUPERSCRIPT>OPEN MathParser failed to match rule 'Anything'
	at 0302021.tex; line 1057 col 12 - line 1057 col 45
	In "$\,{}^{*_{Y}}\kern-2.0pt(\,{}^{*_{Y}}\kern-2.0pt\omega_{p-1})=(-)^{p-1}\omega_%
	{p-1}$"
	{}^{*_{Y}}[[FLOATSUPERSCRIPT]]
	        > ([[OPEN]] {}^{*_{Y}}[[FLOATSUPERSCRIPT]] ω[[UNKNOWN]] _{p-1}[[POSTSUBSCRIPT]] )[[CLOSE]] =[[RELOP]] ([[OPEN]] -[[ADDOP]] )[[CLOSE]] ^{p-1}[[POSTSUPERSCRIPT]] ω[[UNKNOWN]] _{p-1}[[POSTSUBSCRIPT]]
Warning:not_parsed:UNKNOWN.POSTSUBSCRIPT>RELOP MathParser failed to match rule 'Anything'
	at 0302021.tex; line 1210 col 2 - line 1210 col 2
	In "$\displaystyle\phi_{p}={}^{*}(\,{}^{*_{Y}}\kern-2.0pt\omega_{p-1}^{(0)})\quad%
	\ \,{\rm for}\ p\geq 4\ .\@@ENDINLINEMATH"
	ϕ[[UNKNOWN]] _{p}[[POSTSUBSCRIPT]]
	        > =[[RELOP]] {}^{*}[[FLOATSUPERSCRIPT]] ([[OPEN]] {}^{*_{Y}}[[FLOATSUPERSCRIPT]] ω[[UNKNOWN]] _{p-1}[[POSTSUBSCRIPT]] ^{(0)}[[POSTSUPERSCRIPT]] )[[CLOSE]] $\displaystyle\phi_{p}={}^{*}(\,{}^{*_{Y}}\kern-2.0pt\omega_{p-1}^{(0)})\quad\ \,{\rmfor}\ p\geq4\ .\@@ENDINLINEMATH[[PUNCT]] for[[UNKNOWN]] p[[UNKNOWN]] ≥[[RELOP]] 4[[NUMBER]]
Warning:not_parsed:FLOATSUPERSCRIPT>OPEN MathParser failed to match rule 'Anything'
	at 0302021.tex; line 1210 col 10 - line 1211 col 3
	In "$\displaystyle{}^{*}(\,{}^{*_{Y}}\kern-2.0pt\omega_{p-1}^{(0)})\quad\ \,{\rm
	for%
	}\ p\geq 4\ .$"
	{}^{*}[[FLOATSUPERSCRIPT]]
	        > ([[OPEN]] {}^{*_{Y}}[[FLOATSUPERSCRIPT]] ω[[UNKNOWN]] _{p-1}[[POSTSUBSCRIPT]] ^{(0)}[[POSTSUPERSCRIPT]] )[[CLOSE]] $\displaystyle{}^{*}(\,{}^{*_{Y}}\kern-2.0pt\omega_{p-1}^{(0)})\quad\ \,{\rmfor}\ p\geq4\ .$[[PUNCT]] for[[UNKNOWN]] p[[UNKNOWN]] ≥[[RELOP]] 4[[NUMBER]]
Warning:not_parsed:ATOM.CLOSE.POSTSUPERSCRIPT>PUNCT MathParser failed to match rule 'Anything'
	at 0302021.tex; line 1288 col 3 - line 1290 col 3
	In "\begin{equation}x=(\sin\hat{r})^{-2}\quad,\quad F_{i}(r)=f(x)\ .\end{equation}"
	x[[UNKNOWN]] =[[RELOP]] ([[OPEN]] sin[[TRIGFUNCTION]] \hat{r}[[UNKNOWN]] )[[CLOSE]] ^{-2}[[POSTSUPERSCRIPT]]
	        > \begin{equation}x=(\sin\hat{r})^{-2}\quad,\quadF_{i}(r)=f(x)\ .\end{equation}[[PUNCT]] ,[[PUNCT]] F[[UNKNOWN]] _{i}[[POSTSUBSCRIPT]] ([[OPEN]] r[[UNKNOWN]] )[[CLOSE]] =[[RELOP]] f[[UNKNOWN]] ([[OPEN]] x[[UNKNOWN]] )[[CLOSE]]
Warning:not_parsed:UNKNOWN.ARROW.NUMBER>METARELOP MathParser failed to match rule 'Anything'
	at 0302021.tex; line 1306 col 3 - line 1310 col 3
	In "\begin{equation}{\rm as}\quad x\to 1\ :\quad f(x)\to 0\quad{\rm or}\quad\sqrt{%
	x-1}\,\partial_{x}f(x)\to 0\ ,\end{equation}"
	as[[UNKNOWN]] \begin{equation}{\rmas}\quadx\to1\ :\quadf(x)\to0\quad{\rmor}\quad\sqrt{x-1}\,\partial_{x}f(x)\to0\ ,\end{equation}[[PUNCT]] x[[UNKNOWN]] →[[ARROW]] 1[[NUMBER]]
	        > :[[METARELOP]] \begin{equation}{\rmas}\quadx\to1\ :\quadf(x)\to0\quad{\rmor}\quad\sqrt{x-1}\,\partial_{x}f(x)\to0\ ,\end{equation}[[PUNCT]] f[[UNKNOWN]] ([[OPEN]] x[[UNKNOWN]] )[[CLOSE]] →[[ARROW]] 0[[NUMBER]] \begin{equation}{\rmas}\quadx\to1\ :\quadf(x)\to0\quad{\rmor}\quad\sqrt{x-1}\,\partial_{x}f(x)\to0\ ,\end{equation}[[PUNCT]] or[[UNKNOWN]] \begin{equation}{\rmas}\quadx\to1\ :\quadf(x)\to0\quad{\rmor}\quad\sqrt{x-1}\,\partial_{x}f(x)\to0\ ,\end{equation}[[PUNCT]] \sqrt{x-1}[[UNKNOWN]] ∂[[OPERATOR]] _{x}[[POSTSUBSCRIPT]] f[[UNKNOWN]] ([[OPEN]] x[[UNKNOWN]] )[[CLOSE]] →[[ARROW]] 0[[NUMBER]]
Warning:not_parsed:UNKNOWN>OPEN MathParser failed to match rule 'Subscript'
	at 0302021.tex; line 1529 col 14 - line 1529 col 14
	In "$\displaystyle(\gamma_{abc})_{AB}=i\psi_{abc}(\delta_{AB}-2\delta_{8A}\delta_{%
	8B})-3i\psi_{A[ab}\delta_{c]B}-3i\psi_{B[ab}\delta_{c]A}-i\hat{\psi}_{abcA}%
	\delta_{8B}-i\hat{\psi}_{abcB}\delta_{8A}\ .\@@ENDINLINEMATH"
	A[[UNKNOWN]]
	        > [[[OPEN]] a[[UNKNOWN]] b[[UNKNOWN]]
Warning:not_parsed:UNKNOWN>CLOSE MathParser failed to match rule 'Subscript'
	at 0302021.tex; line 1529 col 0 - line 1529 col 26
	c[[UNKNOWN]]
	        > ][[CLOSE]] B[[UNKNOWN]]
Warning:not_parsed:UNKNOWN>OPEN MathParser failed to match rule 'Subscript'
	at 0302021.tex; line 1530 col 14 - line 1530 col 14
	B[[UNKNOWN]]
	        > [[[OPEN]] a[[UNKNOWN]] b[[UNKNOWN]]
Warning:not_parsed:UNKNOWN>CLOSE MathParser failed to match rule 'Subscript'
	at 0302021.tex; line 1530 col 0 - line 1530 col 26
	c[[UNKNOWN]]
	        > ][[CLOSE]] A[[UNKNOWN]]
Warning:not_parsed:UNKNOWN>OPEN MathParser failed to match rule 'Subscript'
	at 0302021.tex; line 1529 col 14 - line 1529 col 14
	In "$\displaystyle i\psi_{abc}(\delta_{AB}-2\delta_{8A}\delta_{8B})-3i\psi_{A[ab}%
	\delta_{c]B}-3i\psi_{B[ab}\delta_{c]A}$"
	A[[UNKNOWN]]
	        > [[[OPEN]] a[[UNKNOWN]] b[[UNKNOWN]]
Warning:not_parsed:UNKNOWN>CLOSE MathParser failed to match rule 'Subscript'
	at 0302021.tex; line 1529 col 0 - line 1529 col 26
	c[[UNKNOWN]]
	        > ][[CLOSE]] B[[UNKNOWN]]
Warning:not_parsed:UNKNOWN>OPEN MathParser failed to match rule 'Subscript'
	at 0302021.tex; line 1530 col 14 - line 1530 col 14
	B[[UNKNOWN]]
	        > [[[OPEN]] a[[UNKNOWN]] b[[UNKNOWN]]
Warning:not_parsed:UNKNOWN>CLOSE MathParser failed to match rule 'Subscript'
	at 0302021.tex; line 1530 col 0 - line 1530 col 26
	c[[UNKNOWN]]
	        > ][[CLOSE]] A[[UNKNOWN]]
Warning:not_parsed:FLOATSUPERSCRIPT>OPEN MathParser failed to match rule 'Anything'
	at 0302021.tex; line 1661 col 3 - line 1665 col 3
	In "\begin{equation}{}^{*}\left(e^{a_{1}}\wedge\ldots\wedge e^{a_{p}}\right)={1%
	\over(7-p)!}\epsilon^{a_{1}\ldots a_{p}}_{\phantom{a_{1}\ldots a_{p}}b_{1}%
	\ldots b_{7-p}}e^{b_{1}}\wedge\ldots\wedge e^{b_{7-p}}\end{equation}"
	{}^{*}[[FLOATSUPERSCRIPT]]
	        > \left([[OPEN]] e[[UNKNOWN]] ^{a_{1}}[[POSTSUPERSCRIPT]] ∧[[ADDOP]] \ldots[[ID]] ∧[[ADDOP]] e[[UNKNOWN]] ^{a_{p}}[[POSTSUPERSCRIPT]] \right)[[CLOSE]] =[[RELOP]] 1\over(7-p)![[UNKNOWN]] ϵ[[UNKNOWN]] ^{a_{1}\ldotsa_{p}}[[POSTSUPERSCRIPT]] _{\phantom{a_{1}\ldotsa_{p}}b_{1}\ldotsb_{7-p}}[[POSTSUBSCRIPT]] e[[UNKNOWN]] ^{b_{1}}[[POSTSUPERSCRIPT]] ∧[[ADDOP]] \ldots[[ID]] ∧[[ADDOP]] e[[UNKNOWN]] ^{b_{7-p}}[[POSTSUPERSCRIPT]]
Warning:not_parsed:FLOATSUPERSCRIPT>OPEN MathParser failed to match rule 'Anything'
	at 0302021.tex; line 1667 col 3 - line 1671 col 3
	In "\begin{equation}\,{}^{*_{Y}}\kern-2.0pt\left(\tilde{e}^{\alpha_{1}}\wedge%
	\ldots\wedge\tilde{e}^{\alpha_{p}}\right)={1\over(6-p)!}\epsilon^{\alpha_{1}%
	\ldots\alpha_{p}}_{\phantom{\alpha_{1}\ldots\alpha_{p}}\beta_{1}\ldots\beta_{6%
	-p}}\tilde{e}^{\beta_{1}}\wedge\ldots\wedge\tilde{e}^{\beta_{6-p}}\ .\end{equation}"
	{}^{*_{Y}}[[FLOATSUPERSCRIPT]]
	        > \left([[OPEN]] \tilde{e}[[UNKNOWN]] ^{\alpha_{1}}[[POSTSUPERSCRIPT]] ∧[[ADDOP]] \ldots[[ID]] ∧[[ADDOP]] \tilde{e}[[UNKNOWN]] ^{\alpha_{p}}[[POSTSUPERSCRIPT]] \right)[[CLOSE]] =[[RELOP]] 1\over(6-p)![[UNKNOWN]] ϵ[[UNKNOWN]] ^{\alpha_{1}\ldots\alpha_{p}}[[POSTSUPERSCRIPT]] _{\phantom{\alpha_{1}\ldots\alpha_{p}}\beta_{1}\ldots\beta_{6-p}}[[POSTSUBSCRIPT]] \tilde{e}[[UNKNOWN]] ^{\beta_{1}}[[POSTSUPERSCRIPT]] ∧[[ADDOP]] \ldots[[ID]] ∧[[ADDOP]] \tilde{e}[[UNKNOWN]] ^{\beta_{6-p}}[[POSTSUPERSCRIPT]]
Warning:not_parsed:FLOATSUPERSCRIPT>OPEN MathParser failed to match rule 'Anything'
	at 0302021.tex; line 1677 col 3 - line 1677 col 3
	In "$\displaystyle{}^{*}\left({\rm d}r\wedge\omega_{p}\right)=h(r)^{6-2p}\,{}^{*_{%
	Y}}\kern-2.0pt\omega_{p}\@@ENDINLINEMATH"
	{}^{*}[[FLOATSUPERSCRIPT]]
	        > \left([[OPEN]] d[[UNKNOWN]] r[[UNKNOWN]] ∧[[ADDOP]] ω[[UNKNOWN]] _{p}[[POSTSUBSCRIPT]] \right)[[CLOSE]] =[[RELOP]] h[[UNKNOWN]] ([[OPEN]] r[[UNKNOWN]] )[[CLOSE]] ^{6-2p}[[POSTSUPERSCRIPT]] {}^{*_{Y}}[[FLOATSUPERSCRIPT]] ω[[UNKNOWN]] _{p}[[POSTSUBSCRIPT]]
Warning:not_parsed:FLOATSUPERSCRIPT>OPEN MathParser failed to match rule 'Anything'
	at 0302021.tex; line 1677 col 3 - line 1677 col 31
	In "$\displaystyle{}^{*}\left({\rm d}r\wedge\omega_{p}\right)$"
	{}^{*}[[FLOATSUPERSCRIPT]]
	        > \left([[OPEN]] d[[UNKNOWN]] r[[UNKNOWN]] ∧[[ADDOP]] ω[[UNKNOWN]] _{p}[[POSTSUBSCRIPT]] \right)[[CLOSE]]
Warning:not_parsed:CLOSE.RELOP.NUMBER>PUNCT MathParser failed to match rule 'Anything'
	at 0302021.tex; line 1751 col 1 - line 1751 col 1
	In "$\displaystyle f_{1}(1)=1\quad,\quad 2\sqrt{x-1}\partial_{x}f_{1}(x)\Big{|}_{x%
	=1}=0\ ,\@@ENDINLINEMATH"
	f[[UNKNOWN]] _{1}[[POSTSUBSCRIPT]] ([[OPEN]] 1[[NUMBER]] )[[CLOSE]] =[[RELOP]] 1[[NUMBER]]
	        > $\displaystylef_{1}(1)=1\quad,\quad2\sqrt{x-1}\partial_{x}f_{1}(x)\Big{|}_{x=1}=0\ ,\@@ENDINLINEMATH[[PUNCT]] ,[[PUNCT]] 2[[NUMBER]] \sqrt{x-1}[[UNKNOWN]] ∂[[OPERATOR]] _{x}[[POSTSUBSCRIPT]] f[[UNKNOWN]] _{1}[[POSTSUBSCRIPT]] ([[OPEN]] x[[UNKNOWN]] )[[CLOSE]] |[[VERTBAR]] _{x=1}[[POSTSUBSCRIPT]] =[[RELOP]] 0[[NUMBER]]
Warning:not_parsed:NUMBER>PUNCT MathParser failed to match rule 'Anything'
	at 0302021.tex; line 1751 col 10 - line 1755 col 1
	In "$\displaystyle 1\quad,\quad 2\sqrt{x-1}\partial_{x}f_{1}(x)\Big{|}_{x=1}=0\ ,$"
	1[[NUMBER]]
	        > $\displaystyle1\quad,\quad2\sqrt{x-1}\partial_{x}f_{1}(x)\Big{|}_{x=1}=0\ ,$[[PUNCT]] ,[[PUNCT]] 2[[NUMBER]] \sqrt{x-1}[[UNKNOWN]] ∂[[OPERATOR]] _{x}[[POSTSUBSCRIPT]] f[[UNKNOWN]] _{1}[[POSTSUBSCRIPT]] ([[OPEN]] x[[UNKNOWN]] )[[CLOSE]] |[[VERTBAR]] _{x=1}[[POSTSUBSCRIPT]] =[[RELOP]] 0[[NUMBER]]
Warning:not_parsed:CLOSE.RELOP.NUMBER>PUNCT MathParser failed to match rule 'Anything'
	at 0302021.tex; line 1755 col 1 - line 1755 col 1
	In "$\displaystyle f_{2}(1)=0\quad,\quad 2\sqrt{x-1}\partial_{x}f_{2}(x)\Big{|}_{x%
	=1}=1\ .\@@ENDINLINEMATH"
	f[[UNKNOWN]] _{2}[[POSTSUBSCRIPT]] ([[OPEN]] 1[[NUMBER]] )[[CLOSE]] =[[RELOP]] 0[[NUMBER]]
	        > $\displaystylef_{2}(1)=0\quad,\quad2\sqrt{x-1}\partial_{x}f_{2}(x)\Big{|}_{x=1}=1\ .\@@ENDINLINEMATH[[PUNCT]] ,[[PUNCT]] 2[[NUMBER]] \sqrt{x-1}[[UNKNOWN]] ∂[[OPERATOR]] _{x}[[POSTSUBSCRIPT]] f[[UNKNOWN]] _{2}[[POSTSUBSCRIPT]] ([[OPEN]] x[[UNKNOWN]] )[[CLOSE]] |[[VERTBAR]] _{x=1}[[POSTSUBSCRIPT]] =[[RELOP]] 1[[NUMBER]]
Warning:not_parsed:NUMBER>PUNCT MathParser failed to match rule 'Anything'
	at 0302021.tex; line 1755 col 10 - line 1757 col 3
	In "$\displaystyle 0\quad,\quad 2\sqrt{x-1}\partial_{x}f_{2}(x)\Big{|}_{x=1}=1\ .$"
	0[[NUMBER]]
	        > $\displaystyle0\quad,\quad2\sqrt{x-1}\partial_{x}f_{2}(x)\Big{|}_{x=1}=1\ .$[[PUNCT]] ,[[PUNCT]] 2[[NUMBER]] \sqrt{x-1}[[UNKNOWN]] ∂[[OPERATOR]] _{x}[[POSTSUBSCRIPT]] f[[UNKNOWN]] _{2}[[POSTSUBSCRIPT]] ([[OPEN]] x[[UNKNOWN]] )[[CLOSE]] |[[VERTBAR]] _{x=1}[[POSTSUBSCRIPT]] =[[RELOP]] 1[[NUMBER]]
Warning:not_parsed:UNKNOWN.ARROW.ID>PUNCT MathParser failed to match rule 'Anything'
	at 0302021.tex; line 1791 col 3 - line 1796 col 3
	In "\begin{equation}x^{p-3}\ \sqrt{x-1}\,\partial_{x}f_{i}^{2}(x)\sim d_{i}^{2}\ x%
	^{\tilde{p}-2b}=d_{i}^{2}\ x^{\sqrt{\tilde{p}^{2}+\mu_{i}}}\quad\quad{\rm as}%
	\ x\to\infty\quad,\quad i=1,2\ .\end{equation}"
	x[[UNKNOWN]] ^{p-3}[[POSTSUPERSCRIPT]] \sqrt{x-1}[[UNKNOWN]] ∂[[OPERATOR]] _{x}[[POSTSUBSCRIPT]] f[[UNKNOWN]] _{i}[[POSTSUBSCRIPT]] ^{2}[[POSTSUPERSCRIPT]] ([[OPEN]] x[[UNKNOWN]] )[[CLOSE]] ∼[[RELOP]] d[[UNKNOWN]] _{i}[[POSTSUBSCRIPT]] ^{2}[[POSTSUPERSCRIPT]] x[[UNKNOWN]] ^{\tilde{p}-2b}[[POSTSUPERSCRIPT]] =[[RELOP]] d[[UNKNOWN]] _{i}[[POSTSUBSCRIPT]] ^{2}[[POSTSUPERSCRIPT]] x[[UNKNOWN]] ^{\sqrt{\tilde{p}^{2}+\mu_{i}}}[[POSTSUPERSCRIPT]] \begin{equation}x^{p-3}\ \sqrt{x-1}\,\partial_{x}f_{i}^{2}(x)\simd_{i}^{2}\ x^{\tilde{p}-2b}=d_{i}^{2}\ x^{\sqrt{\tilde{p}^{2}+\mu_{i}}}\quad\quad{\rmas}\ x\to\infty\quad,\quadi=1,2\ .\end{equation}[[PUNCT]] as[[UNKNOWN]] x[[UNKNOWN]] →[[ARROW]] ∞[[ID]]
	        > \begin{equation}x^{p-3}\ \sqrt{x-1}\,\partial_{x}f_{i}^{2}(x)\simd_{i}^{2}\ x^{\tilde{p}-2b}=d_{i}^{2}\ x^{\sqrt{\tilde{p}^{2}+\mu_{i}}}\quad\quad{\rmas}\ x\to\infty\quad,\quadi=1,2\ .\end{equation}[[PUNCT]] ,[[PUNCT]] i[[UNKNOWN]] =[[RELOP]] 1[[NUMBER]] ,[[PUNCT]] 2[[NUMBER]]
 28.92 sec)
Math parsing succeeded:
   ltx:XMArg: 2108/2116
   ltx:XMath: 1011/1040
Symbols assumed as simple identifiers (with # of occurences):
   'A{italic}' (93), 'B{italic}' (41), 'CP{bold}' (2), 'C{italic}' (8), 'Delta' (3), 'D{italic}' (5), 'E{italic}' (5), 'F{italic}' (82), 'Gamma' (35), 'G{italic}' (95), 'H{italic}' (3), 'L{italic}' (17), 'M{caligraphic}' (6), 'M{italic}' (9), 'N{caligraphic}' (4), 'N{italic}' (4), 'O{italic}' (1), 'Phi' (42), 'P{italic}' (4), 'Q{italic}' (4), 'R{bold}' (2), 'R{caligraphic}' (10), 'R{italic}' (4), 'S{italic}' (22), 'T{italic}' (3), 'U{italic}' (17), 'X{italic}' (104), 'Y{italic}' (17), 'alpha' (53), 'and' (5), 'as' (4), 'a{italic}' (166), 'beta' (47), 'b{italic}' (206), 'contribution' (4), 'c{italic}' (101), 'd' (187), 'delta' (45), 'dim' (1), 'd{italic}' (22), 'epsilon' (8), 'eta' (13), 'even' (5), 'e{italic}' (46), 'for' (6), 'f{italic}' (60), 'gamma' (33), 'g{italic}' (16), 'h{italic}' (48), 'i{italic}' (68), 'j{italic}' (6), 'k{italic}' (14), 'lambda' (44), 'l{italic}' (1), 'mu' (36), 'no' (1), 'nu' (11), 'n{italic}' (17), 'odd' (5), 'omega' (148), 'or' (2), 'over' (1), 'phi' (87), 'pi' (29), 'psi' (53), 'p{italic}' (164), 'q{italic}' (4), 'rho' (3), 'r{italic}' (295), 'sigma' (4), 'sum' (1), 's{italic}' (12), 'theta' (17), 'u{italic}' (15), 'vol' (2), 'where' (1), 'with' (2), 'xi' (40), 'x{italic}' (138), 'zeta' (27)
Set MATHPARSER_SPECULATE to speculate on possible notations.
(Finalizing... 2.37 sec)
Conversion complete 37 warnings (See /home/user/latex-in-arxiv/0302021.latexml.log) (reqd. 56.20s)
