latexmlpost (LaTeXML version 0.8.6) paginating /home/user/latex-in-arxiv/2003/0302027.xml
Error:malformed:document Document fails RelaxNG validation (LaTeXML)
	Validation reports: /home/user/latex-in-arxiv/2003/0302027.xml:0: Relax-NG validity error : Element document has extra content: resource
	(Jing may provide a more precise report; https://relaxng.org/jclark/jing.html)
	In Post::Document[] /home/user/latex-in-arxiv/2003/0302027.xml
(post-processing...
(Scan  processing...
Scan: DBStatus: 1685/0 objects
 0.32 sec)
(MakeBibliography  processing... 0.00 sec)
(CrossRef  processing...
Warning:expected:ids Missing File location for ID: bib.bib9,bib.bib5,bib.bib20,bib.bib3,S4.E19,S2.E23,bib.bib23,bib.bib8,bib.bib24,bib.bib15,S2.E49,bib.bib21,S2.E22,bib.bib10,bib.bib13,bib.bib6,S4.E55,bib.bib14,bib.bib25,bib.bib11,bib.bib17,S4.E52,bib.bib4,bib.bib16,S4.Ex4,S2.E2,bib.bib2,bib.bib7,bib.bib12,bib.bib19,S2.E6,bib.bib26,S3.E16,bib.bib27,S4.E6,S2.E24,S3.E5,S3.E15,bib.bib1,bib.bib18,S2.E13,bib.bib22
	In Post::CrossRef[@0x56448a62f3b8] ->process
Warning:expected:ids Missing Target for Label: LABEL:spp1
	In Post::CrossRef[@0x56448a62f3b8] ->process
 0.21 sec)
(MathML::Presentation  455 to process...
converted 455 Maths
 2.02 sec)
(XSLT[using LaTeXML-html5.xsl]  processing... 0.31 sec)
(Writer  processing... 0.00 sec) 2.88 sec)
Postprocessing complete 2 warnings; 1 error (See /home/user/latex-in-arxiv/0302027.latexmlpost.log) (reqd. 3.06s)
