latexml (LaTeXML version 0.8.6) processing 2003/0302079.tex
(Digesting TeX 0302079...
(Loading /usr/share/perl5/LaTeXML/Package/TeX.pool.ltxml...
(Loading /usr/share/perl5/LaTeXML/Package/eTeX.pool.ltxml... 0.01 sec)
(Loading /usr/share/perl5/LaTeXML/Package/pdfTeX.pool.ltxml... 0.01 sec) 0.18 sec)
(Processing content /home/user/latex-in-arxiv/2003/0302079.tex...
(Loading /usr/share/perl5/LaTeXML/Package/LaTeX.pool.ltxml...
(Loading /usr/share/perl5/LaTeXML/Package/textcomp.sty.ltxml...
(Processing definitions /usr/share/texlive/texmf-dist/tex/latex-dev/base/ts1enc.dfu... 0.02 sec) 0.93 sec) 1.11 sec)
(Loading /usr/share/perl5/LaTeXML/Package/article.cls.ltxml... 0.01 sec)
(Loading /usr/share/perl5/LaTeXML/Package/latexsym.sty.ltxml... 0.00 sec)
(Loading /usr/share/perl5/LaTeXML/Package/graphicx.sty.ltxml...
(Loading /usr/share/perl5/LaTeXML/Package/graphics.sty.ltxml... 0.01 sec) 0.03 sec) 8.05 sec) 8.28 sec)
(Building...
(Loading compiled schema /usr/share/perl5/LaTeXML/resources/RelaxNG/LaTeXML.model... 0.01 sec)
Info:malformed:id Duplicated attribute xml:id
	at 0302079.tex; line 276 col 1 - line 276 col 1
	Using id='Sx2.E37a' on <ltx:XMRow _box="Alignment[]" _font="Font[math,medium,italic,10,bla..."/>
	id='Sx2.E37' already set on <ltx:equation _box="LaTeXML::Core::Alignment=HASH(..." _font="Font[serif,medium,upright,10,b..." xml:id="Sx2.E37" _ID_counter_m_="1">...
Info:malformed:id Duplicated attribute xml:id
	at 0302079.tex; line 283 col 1 - line 283 col 1
	Using id='Sx2.E42a' on <ltx:XMRow _box="Alignment[]" _font="Font[math,medium,italic,10,bla..."/>
	id='Sx2.E42' already set on <ltx:equation _box="LaTeXML::Core::Alignment=HASH(..." _font="Font[serif,medium,upright,10,b..." xml:id="Sx2.E42" _ID_counter_m_="1">...
Info:malformed:id Duplicated attribute xml:id
	at 0302079.tex; line 754 col 108 - line 754 col 108
	Using id='Sx4.E96a' on <ltx:XMRow _box="Alignment[]" _font="Font[math,medium,italic,10,bla..."/>
	id='Sx4.E96' already set on <ltx:equation _box="LaTeXML::Core::Alignment=HASH(..." _font="Font[serif,medium,upright,10,b..." xml:id="Sx4.E96" _ID_counter_m_="1">...
 7.31 sec)
(Rewriting... 0.24 sec)
(Math Parsing 908 formulae ......
Warning:not_parsed:UNKNOWN.UNKNOWN.POSTSUBSCRIPT>CLOSE MathParser failed to match rule 'Anything'
	at 0302079.tex; line 42 col 608 - line 42 col 632
	In "$E_{6},~{}E_{7}~{}{\rm and}~{}E_{8})$"
	E[[UNKNOWN]] _{6}[[POSTSUBSCRIPT]] ,[[PUNCT]] E[[UNKNOWN]] _{7}[[POSTSUBSCRIPT]] and[[UNKNOWN]] E[[UNKNOWN]] _{8}[[POSTSUBSCRIPT]]
	        > )[[CLOSE]]
Warning:not_parsed:UNKNOWN>OPEN MathParser failed to match rule 'Subscript'
	at 0302079.tex; line 260 col 59 - line 260 col 59
	In "\begin{equation}\psi_{\alpha\beta\mu\nu}=\frac{1}{2}(\delta_{\beta[\mu}\delta_%
	{\alpha]\nu}+\epsilon_{\beta\gamma[\mu}\epsilon_{\alpha]\gamma\nu})\end{equation}"
	β[[UNKNOWN]]
	        > [[[OPEN]] μ[[UNKNOWN]]
Warning:not_parsed:UNKNOWN>CLOSE MathParser failed to match rule 'Subscript'
	at 0302079.tex; line 260 col 81 - line 260 col 81
	α[[UNKNOWN]]
	        > ][[CLOSE]] ν[[UNKNOWN]]
Warning:not_parsed:UNKNOWN.UNKNOWN>OPEN MathParser failed to match rule 'Subscript'
	at 0302079.tex; line 260 col 0 - line 260 col 111
	β[[UNKNOWN]] γ[[UNKNOWN]]
	        > [[[OPEN]] μ[[UNKNOWN]]
Warning:not_parsed:UNKNOWN>CLOSE MathParser failed to match rule 'Subscript'
	at 0302079.tex; line 261 col 29 - line 261 col 29
	α[[UNKNOWN]]
	        > ][[CLOSE]] γ[[UNKNOWN]] ν[[UNKNOWN]]
Warning:not_parsed:OPEN.UNKNOWN.UNKNOWN> MathParser failed to match rule 'Subscript'
	at 0302079.tex; line 387 col 100 - line 387 col 100
	In "\begin{equation}[e_{\alpha},e_{\beta},e_{\gamma}]=2\psi_{\alpha\beta\gamma%
	\delta}~{}e_{\delta}=2\epsilon_{[\alpha\beta}^{\kappa}\epsilon_{\kappa]\gamma}%
	^{\kappa}~{}e_{\gamma}\end{equation}"
	[[[OPEN]] α[[UNKNOWN]] β[[UNKNOWN]]
	        > 
Warning:not_parsed:UNKNOWN>CLOSE MathParser failed to match rule 'Subscript'
	at 0302079.tex; line 387 col 133 - line 387 col 133
	κ[[UNKNOWN]]
	        > ][[CLOSE]] γ[[UNKNOWN]]
Warning:not_parsed:UNKNOWN.POSTSUBSCRIPT.CLOSE>RELOP MathParser failed to match rule 'Anything'
	at 0302079.tex; line 763 col 2 - line 763 col 26
	In "$\{u_{i},u_{j}\}=\{u_{i}^{*}$"
	\{[[OPEN]] u[[UNKNOWN]] _{i}[[POSTSUBSCRIPT]] ,[[PUNCT]] u[[UNKNOWN]] _{j}[[POSTSUBSCRIPT]] \}[[CLOSE]]
	        > =[[RELOP]] \{[[OPEN]] u[[UNKNOWN]] _{i}[[POSTSUBSCRIPT]] ^{*}[[POSTSUPERSCRIPT]]
Warning:not_parsed:UNKNOWN.POSTSUBSCRIPT.POSTSUPERSCRIPT>CLOSE MathParser failed to match rule 'Anything'
	at 0302079.tex; line 763 col 30 - line 763 col 43
	In "$u_{j}^{*}\}=0$"
	u[[UNKNOWN]] _{j}[[POSTSUBSCRIPT]] ^{*}[[POSTSUPERSCRIPT]]
	        > \}[[CLOSE]] =[[RELOP]] 0[[NUMBER]]
Warning:not_parsed:>OPEN MathParser failed to match rule 'Anything'
	at 0302079.tex; line 954 col 1 - line 954 col 1
	In "\begin{equation}P_{\alpha}=\left(\begin{array}[]{c}\alpha_{1}\\
	\alpha_{2}\\
	\alpha_{3}\end{array}\right)\begin{array}[]{ccc}(\bar{\alpha}_{1}&\bar{\alpha}%
	_{2}&\bar{\alpha}_{3})\\
	&&\\
	&&\end{array}\end{equation}"
	> ([[OPEN]] \bar{\alpha}[[UNKNOWN]] _{1}[[POSTSUBSCRIPT]]
Warning:not_parsed:ATOM.POSTSUBSCRIPT>CLOSE MathParser failed to match rule 'Anything'
	at 0302079.tex; line 954 col 41 - line 954 col 41
	\bar{\alpha}[[UNKNOWN]] _{3}[[POSTSUBSCRIPT]]
	        > )[[CLOSE]]
Warning:not_parsed:PUNCT.NUMBER.CLOSE>METARELOP MathParser failed to match rule 'Anything'
	at 0302079.tex; line 1534 col 0 - line 1540 col 14
	In "\begin{equation}(\bar{3},3):\quad L^{(e)}=\left(\begin{array}[]{ccc}\hat{N}_{R%
	}&\hat{\tau}_{R}&\hat{e}_{R}\\
	\hat{\tau}_{L}&\hat{\nu}_{L}&\beta_{L}^{e}\\
	e_{L}&\nu_{L}^{e}&\alpha_{L}^{e}\end{array}\right)\end{equation}"
	([[OPEN]] \bar{3}[[UNKNOWN]] ,[[PUNCT]] 3[[NUMBER]] )[[CLOSE]]
	        > :[[METARELOP]] \begin{equation}(\bar{3},3):\quadL^{(e)}=\left(\begin{array}[]{ccc}\hat{N}_{R}&\hat{\tau}_{R}&\hat{e}_{R}\\
	\hat{\tau}_{L}&\hat{\nu}_{L}&\beta_{L}^{e}\\
	e_{L}&\nu_{L}^{e}&\alpha_{L}^{e}\end{array}\right)\end{equation}[[PUNCT]] L[[UNKNOWN]] ^{(e)}[[POSTSUPERSCRIPT]] =[[RELOP]] \left([[OPEN]] Alignment[][[ARRAY]] \right)[[CLOSE]]
Warning:not_parsed:PUNCT.NUMBER.CLOSE>METARELOP MathParser failed to match rule 'Anything'
	at 0302079.tex; line 1544 col 0 - line 1551 col 14
	In "\begin{equation}(3,1):\quad\left(\begin{array}[]{c}u_{L}^{i}\\
	d_{L}^{i}\\
	b_{L}^{i}\end{array}\right),~{}~{}~{}~{}\quad(1,\bar{3}):\quad\left(\begin{%
	array}[]{c}\hat{u}_{R}^{i}\\
	\hat{d}_{R}^{i}\\
	\hat{b}_{R}^{i}\end{array}\right)\end{equation}"
	([[OPEN]] 3[[NUMBER]] ,[[PUNCT]] 1[[NUMBER]] )[[CLOSE]]
	        > :[[METARELOP]] \begin{equation}(3,1):\quad\left(\begin{array}[]{c}u_{L}^{i}\\
	d_{L}^{i}\\
	b_{L}^{i}\end{array}\right),~{}~{}~{}~{}\quad(1,\bar{3}):\quad\left(\begin{array}[]{c}\hat{u}_{R}^{i}\\
	\hat{d}_{R}^{i}\\
	\hat{b}_{R}^{i}\end{array}\right)\end{equation}[[PUNCT]] \left([[OPEN]] Alignment[][[ARRAY]] \right)[[CLOSE]] ,[[PUNCT]] ([[OPEN]] 1[[NUMBER]] ,[[PUNCT]] \bar{3}[[UNKNOWN]] )[[CLOSE]] :[[METARELOP]] \begin{equation}(3,1):\quad\left(\begin{array}[]{c}u_{L}^{i}\\
	d_{L}^{i}\\
	b_{L}^{i}\end{array}\right),~{}~{}~{}~{}\quad(1,\bar{3}):\quad\left(\begin{array}[]{c}\hat{u}_{R}^{i}\\
	\hat{d}_{R}^{i}\\
	\hat{b}_{R}^{i}\end{array}\right)\end{equation}[[PUNCT]] \left([[OPEN]] Alignment[][[ARRAY]] \right)[[CLOSE]]
Warning:not_parsed:CLOSE.RELOP.UNKNOWN>OPEN MathParser failed to match rule 'Anything'
	at 0302079.tex; line 1587 col 0 - line 1589 col 14
	In "\begin{equation}(F_{1},F_{2})={\rm Tr}(F_{1}.F^{*}_{2})\end{equation}"
	([[OPEN]] F[[UNKNOWN]] _{1}[[POSTSUBSCRIPT]] ,[[PUNCT]] F[[UNKNOWN]] _{2}[[POSTSUBSCRIPT]] )[[CLOSE]] =[[RELOP]] Tr[[UNKNOWN]]
	        > ([[OPEN]] F[[UNKNOWN]] _{1}[[POSTSUBSCRIPT]] .[[PERIOD]] F[[UNKNOWN]] ^{*}[[POSTSUPERSCRIPT]] _{2}[[POSTSUBSCRIPT]] )[[CLOSE]]
 12.25 sec)
Math parsing succeeded:
   ltx:XMath: 902/908
   ltx:XMArg: 1696/1704
Symbols assumed as simple identifiers (with # of occurences):
   '"' (12), 'A{italic}' (41), 'B{italic}' (36), 'CC{bold}' (1), 'C{bold}' (12), 'C{caligraphic}' (11), 'C{italic}' (24), 'D' (1), 'Delta' (1), 'Det' (2), 'D{italic}' (5), 'E{italic}' (22), 'F{italic}' (71), 'G{italic}' (4), 'H{italic}' (32), 'I{italic}' (16), 'J{italic}' (62), 'L{italic}' (6), 'N{italic}' (17), 'Omega' (58), 'O{italic}' (7), 'Pi' (12), 'P{italic}' (71), 'Q{bold}' (3), 'Q{italic}' (12), 'R{italic}' (14), 'Sc' (1), 'S{italic}' (48), 'Tr' (28), 'T{italic}' (4), 'U{italic}' (51), 'V{italic}' (7), 'alpha' (101), 'and' (3), 'a{italic}' (57), 'beta' (77), 'b{italic}' (53), 'cos' (2), 'c{italic}' (20), 'delta' (27), 'd{italic}' (11), 'e' (1), 'epsilon' (34), 'e{italic}' (320), 'f{italic}' (6), 'gamma' (30), 'i{italic}' (68), 'j{italic}' (41), 'kappa' (3), 'k{italic}' (23), 'lambda' (4), 'mu' (17), 'm{italic}' (6), 'nu' (18), 'n{italic}' (8), 'pi' (3), 'psi' (19), 'p{italic}' (5), 'q{bold italic}' (1), 'q{italic}' (34), 'rho' (4), 'r{italic}' (4), 'sigma' (4), 's{italic}' (8), 't' (1), 'u{bold italic}' (2), 'u{italic}' (227), 'x{italic}' (59), 'y{italic}' (27), 'z{italic}' (15)
Set MATHPARSER_SPECULATE to speculate on possible notations.
(Finalizing... 1.25 sec)
Conversion complete 14 warnings (See /home/user/latex-in-arxiv/0302079.latexml.log) (reqd. 30.07s)
