latexml (LaTeXML version 0.8.6) processing 2003/0302089.tex
(Digesting TeX 0302089...
(Loading /usr/share/perl5/LaTeXML/Package/TeX.pool.ltxml...
(Loading /usr/share/perl5/LaTeXML/Package/eTeX.pool.ltxml... 0.00 sec)
(Loading /usr/share/perl5/LaTeXML/Package/pdfTeX.pool.ltxml... 0.01 sec) 0.12 sec)
(Processing content /home/user/latex-in-arxiv/2003/0302089.tex...
(Loading /usr/share/perl5/LaTeXML/Package/epsf.tex.ltxml...
(Loading /usr/share/perl5/LaTeXML/Package/epsf.sty.ltxml... 0.00 sec) 0.01 sec)
\def\relax{1}
\def\relax{2}
\def\relax{3}
\def\relax{4}
\def\relax{5}
\def\relax{6}
\def\relax{7}
\def\relax{8}
\def\relax{9}
\def\relax{10}
\def\relax{11}
\def\relax{12}
\def\relax{13}
\def\relax{14}
\def\relax{15}
\def\relax{16}
\def\relax{17}
\def\relax{18}
\def\relax{19}
(Loading /usr/share/perl5/LaTeXML/Package/amsb.fontmap.ltxml... 0.00 sec)
Error:undefined:\fun The token T_CS[\fun] is not defined.
	at 0302089.tex; line 581 col 0 - line 581 col 8
	Defining it now as <ltx:ERROR/>
	Next token is T_BEGIN[{] ( == T_BEGIN[{]) more: \the\secno.\the\meqno} \else\ifnum\appno>0
\eqno({\rm\romappno}.\the\meqno)\xdef\fun{{\rm\romappno}.\the\meqno}
\else\eqno(\the\meqno)\xdef\fun{\the\meqno} \fi\fi\global\advance\meqnoby1 
	In Core::Gullet[@0x55a46c114be8] /home/user/latex-in-arxiv/2003/0302089.tex; from line 581 col 0 to line 581 col 8
	 <= Core::Definition::Expandable[\eqno] <= Core::Gullet[@0x55a46c114be8] <= Core::Stomach[@0x55a46c115140] <= ...
Error:undefined:\hamihami The token T_CS[\hamihami] is not defined.
	at 0302089.tex; line 593 col 0 - line 593 col 13
	Defining it now as <ltx:ERROR/>
	Next token is T_BEGIN[{] ( == T_BEGIN[{]) more: \the\secno.\the\meqno} \else\ifnum\appno>0
\eqno({\rm\romappno}.\the\meqno)\xdef\hamihami{{\rm\romappno}.\the\meqno}
\else\eqno(\the\meqno)\xdef\hamihami{\the\meqno} \fi\fi\global\advance\meqnoby1 
	In Core::Gullet[@0x55a46c114be8] /home/user/latex-in-arxiv/2003/0302089.tex; from line 593 col 0 to line 593 col 13
	 <= Core::Definition::Expandable[\eqno] <= Core::Gullet[@0x55a46c114be8] <= Core::Stomach[@0x55a46c115140] <= ...
Error:undefined:\cons The token T_CS[\cons] is not defined.
	at 0302089.tex; line 614 col 0 - line 614 col 9
	Defining it now as <ltx:ERROR/>
	Next token is T_BEGIN[{] ( == T_BEGIN[{]) more: \the\secno.\the\meqno} \else\ifnum\appno>0
\eqno({\rm\romappno}.\the\meqno)\xdef\cons{{\rm\romappno}.\the\meqno}
\else\eqno(\the\meqno)\xdef\cons{\the\meqno} \fi\fi\global\advance\meqnoby1 
	In Core::Gullet[@0x55a46c114be8] /home/user/latex-in-arxiv/2003/0302089.tex; from line 614 col 0 to line 614 col 9
	 <= Core::Definition::Expandable[\eqno] <= Core::Gullet[@0x55a46c114be8] <= Core::Stomach[@0x55a46c115140] <= ...
Error:undefined:\bouzu The token T_CS[\bouzu] is not defined.
	at 0302089.tex; line 623 col 0 - line 623 col 10
	Defining it now as <ltx:ERROR/>
	Next token is T_BEGIN[{] ( == T_BEGIN[{]) more: \the\secno.\the\meqno} \else\ifnum\appno>0
\eqno({\rm\romappno}.\the\meqno)\xdef\bouzu{{\rm\romappno}.\the\meqno}
\else\eqno(\the\meqno)\xdef\bouzu{\the\meqno} \fi\fi\global\advance\meqnoby1 
	In Core::Gullet[@0x55a46c114be8] /home/user/latex-in-arxiv/2003/0302089.tex; from line 623 col 0 to line 623 col 10
	 <= Core::Definition::Expandable[\eqno] <= Core::Gullet[@0x55a46c114be8] <= Core::Stomach[@0x55a46c115140] <= ...
Error:undefined:\zoom The token T_CS[\zoom] is not defined.
	at 0302089.tex; line 628 col 0 - line 628 col 9
	Defining it now as <ltx:ERROR/>
	Next token is T_BEGIN[{] ( == T_BEGIN[{]) more: \the\secno.\the\meqno} \else\ifnum\appno>0
\eqno({\rm\romappno}.\the\meqno)\xdef\zoom{{\rm\romappno}.\the\meqno}
\else\eqno(\the\meqno)\xdef\zoom{\the\meqno} \fi\fi\global\advance\meqnoby1 
	In Core::Gullet[@0x55a46c114be8] /home/user/latex-in-arxiv/2003/0302089.tex; from line 628 col 0 to line 628 col 9
	 <= Core::Definition::Expandable[\eqno] <= Core::Gullet[@0x55a46c114be8] <= Core::Stomach[@0x55a46c115140] <= ...
Error:undefined:\contcond The token T_CS[\contcond] is not defined.
	at 0302089.tex; line 640 col 0 - line 640 col 13
	Defining it now as <ltx:ERROR/>
	Next token is T_BEGIN[{] ( == T_BEGIN[{]) more: \the\secno.\the\meqno} \else\ifnum\appno>0
\eqno({\rm\romappno}.\the\meqno)\xdef\contcond{{\rm\romappno}.\the\meqno}
\else\eqno(\the\meqno)\xdef\contcond{\the\meqno} \fi\fi\global\advance\meqnoby1 
	In Core::Gullet[@0x55a46c114be8] /home/user/latex-in-arxiv/2003/0302089.tex; from line 640 col 0 to line 640 col 13
	 <= Core::Definition::Expandable[\eqno] <= Core::Gullet[@0x55a46c114be8] <= Core::Stomach[@0x55a46c115140] <= ...
Error:undefined:\bloblo The token T_CS[\bloblo] is not defined.
	at 0302089.tex; line 652 col 0 - line 652 col 11
	Defining it now as <ltx:ERROR/>
	Next token is T_BEGIN[{] ( == T_BEGIN[{]) more: \the\secno.\the\meqno} \else\ifnum\appno>0
\eqno({\rm\romappno}.\the\meqno)\xdef\bloblo{{\rm\romappno}.\the\meqno}
\else\eqno(\the\meqno)\xdef\bloblo{\the\meqno} \fi\fi\global\advance\meqnoby1 
	In Core::Gullet[@0x55a46c114be8] /home/user/latex-in-arxiv/2003/0302089.tex; from line 652 col 0 to line 652 col 11
	 <= Core::Definition::Expandable[\eqno] <= Core::Gullet[@0x55a46c114be8] <= Core::Stomach[@0x55a46c115140] <= ...
Error:undefined:\supsup The token T_CS[\supsup] is not defined.
	at 0302089.tex; line 677 col 0 - line 677 col 11
	Defining it now as <ltx:ERROR/>
	Next token is T_BEGIN[{] ( == T_BEGIN[{]) more: \the\secno.\the\meqno} \else\ifnum\appno>0
\eqno({\rm\romappno}.\the\meqno)\xdef\supsup{{\rm\romappno}.\the\meqno}
\else\eqno(\the\meqno)\xdef\supsup{\the\meqno} \fi\fi\global\advance\meqnoby1 
	In Core::Gullet[@0x55a46c114be8] /home/user/latex-in-arxiv/2003/0302089.tex; from line 677 col 0 to line 677 col 11
	 <= Core::Definition::Expandable[\eqno] <= Core::Gullet[@0x55a46c114be8] <= Core::Stomach[@0x55a46c115140] <= ...
Error:undefined:\coec The token T_CS[\coec] is not defined.
	at 0302089.tex; line 685 col 0 - line 685 col 9
	Defining it now as <ltx:ERROR/>
	Next token is T_BEGIN[{] ( == T_BEGIN[{]) more: \the\secno.\the\meqno} \else\ifnum\appno>0
\eqno({\rm\romappno}.\the\meqno)\xdef\coec{{\rm\romappno}.\the\meqno}
\else\eqno(\the\meqno)\xdef\coec{\the\meqno} \fi\fi\global\advance\meqnoby1 
	In Core::Gullet[@0x55a46c114be8] /home/user/latex-in-arxiv/2003/0302089.tex; from line 685 col 0 to line 685 col 9
	 <= Core::Definition::Expandable[\eqno] <= Core::Gullet[@0x55a46c114be8] <= Core::Stomach[@0x55a46c115140] <= ...
Error:undefined:\ancc The token T_CS[\ancc] is not defined.
	at 0302089.tex; line 696 col 0 - line 696 col 9
	Defining it now as <ltx:ERROR/>
	Next token is T_BEGIN[{] ( == T_BEGIN[{]) more: \the\secno.\the\meqno} \else\ifnum\appno>0
\eqno({\rm\romappno}.\the\meqno)\xdef\ancc{{\rm\romappno}.\the\meqno}
\else\eqno(\the\meqno)\xdef\ancc{\the\meqno} \fi\fi\global\advance\meqnoby1 
	In Core::Gullet[@0x55a46c114be8] /home/user/latex-in-arxiv/2003/0302089.tex; from line 696 col 0 to line 696 col 9
	 <= Core::Definition::Expandable[\eqno] <= Core::Gullet[@0x55a46c114be8] <= Core::Stomach[@0x55a46c115140] <= ...
Error:undefined:\eeigenm The token T_CS[\eeigenm] is not defined.
	at 0302089.tex; line 712 col 0 - line 712 col 12
	Defining it now as <ltx:ERROR/>
	Next token is T_BEGIN[{] ( == T_BEGIN[{]) more: \the\secno.\the\meqno} \else\ifnum\appno>0
\eqno({\rm\romappno}.\the\meqno)\xdef\eeigenm{{\rm\romappno}.\the\meqno}
\else\eqno(\the\meqno)\xdef\eeigenm{\the\meqno} \fi\fi\global\advance\meqnoby1 
	In Core::Gullet[@0x55a46c114be8] /home/user/latex-in-arxiv/2003/0302089.tex; from line 712 col 0 to line 712 col 12
	 <= Core::Definition::Expandable[\eqno] <= Core::Gullet[@0x55a46c114be8] <= Core::Stomach[@0x55a46c115140] <= ...
Error:undefined:\invpair The token T_CS[\invpair] is not defined.
	at 0302089.tex; line 721 col 0 - line 721 col 12
	Defining it now as <ltx:ERROR/>
	Next token is T_BEGIN[{] ( == T_BEGIN[{]) more: \the\secno.\the\meqno} \else\ifnum\appno>0
\eqno({\rm\romappno}.\the\meqno)\xdef\invpair{{\rm\romappno}.\the\meqno}
\else\eqno(\the\meqno)\xdef\invpair{\the\meqno} \fi\fi\global\advance\meqnoby1 
	In Core::Gullet[@0x55a46c114be8] /home/user/latex-in-arxiv/2003/0302089.tex; from line 721 col 0 to line 721 col 12
	 <= Core::Definition::Expandable[\eqno] <= Core::Gullet[@0x55a46c114be8] <= Core::Stomach[@0x55a46c115140] <= ...
Error:undefined:\monmon The token T_CS[\monmon] is not defined.
	at 0302089.tex; line 733 col 0 - line 733 col 11
	Defining it now as <ltx:ERROR/>
	Next token is T_BEGIN[{] ( == T_BEGIN[{]) more: \the\secno.\the\meqno} \else\ifnum\appno>0
\eqno({\rm\romappno}.\the\meqno)\xdef\monmon{{\rm\romappno}.\the\meqno}
\else\eqno(\the\meqno)\xdef\monmon{\the\meqno} \fi\fi\global\advance\meqnoby1 
	In Core::Gullet[@0x55a46c114be8] /home/user/latex-in-arxiv/2003/0302089.tex; from line 733 col 0 to line 733 col 11
	 <= Core::Definition::Expandable[\eqno] <= Core::Gullet[@0x55a46c114be8] <= Core::Stomach[@0x55a46c115140] <= ...
Error:undefined:\vbloblo The token T_CS[\vbloblo] is not defined.
	at 0302089.tex; line 756 col 0 - line 756 col 12
	Defining it now as <ltx:ERROR/>
	Next token is T_BEGIN[{] ( == T_BEGIN[{]) more: \the\secno.\the\meqno} \else\ifnum\appno>0
\eqno({\rm\romappno}.\the\meqno)\xdef\vbloblo{{\rm\romappno}.\the\meqno}
\else\eqno(\the\meqno)\xdef\vbloblo{\the\meqno} \fi\fi\global\advance\meqnoby1 
	In Core::Gullet[@0x55a46c114be8] /home/user/latex-in-arxiv/2003/0302089.tex; from line 756 col 0 to line 756 col 12
	 <= Core::Definition::Expandable[\eqno] <= Core::Gullet[@0x55a46c114be8] <= Core::Stomach[@0x55a46c115140] <= ...
Error:undefined:\esmtrx The token T_CS[\esmtrx] is not defined.
	at 0302089.tex; line 787 col 0 - line 787 col 11
	Defining it now as <ltx:ERROR/>
	Next token is T_BEGIN[{] ( == T_BEGIN[{]) more: \the\secno.\the\meqno} \else\ifnum\appno>0
\eqno({\rm\romappno}.\the\meqno)\xdef\esmtrx{{\rm\romappno}.\the\meqno}
\else\eqno(\the\meqno)\xdef\esmtrx{\the\meqno} \fi\fi\global\advance\meqnoby1 
	In Core::Gullet[@0x55a46c114be8] /home/user/latex-in-arxiv/2003/0302089.tex; from line 787 col 0 to line 787 col 11
	 <= Core::Definition::Expandable[\eqno] <= Core::Gullet[@0x55a46c114be8] <= Core::Stomach[@0x55a46c115140] <= ...
Error:undefined:\udecomp The token T_CS[\udecomp] is not defined.
	at 0302089.tex; line 793 col 0 - line 793 col 12
	Defining it now as <ltx:ERROR/>
	Next token is T_BEGIN[{] ( == T_BEGIN[{]) more: \the\secno.\the\meqno} \else\ifnum\appno>0
\eqno({\rm\romappno}.\the\meqno)\xdef\udecomp{{\rm\romappno}.\the\meqno}
\else\eqno(\the\meqno)\xdef\udecomp{\the\meqno} \fi\fi\global\advance\meqnoby1 
	In Core::Gullet[@0x55a46c114be8] /home/user/latex-in-arxiv/2003/0302089.tex; from line 793 col 0 to line 793 col 12
	 <= Core::Definition::Expandable[\eqno] <= Core::Gullet[@0x55a46c114be8] <= Core::Stomach[@0x55a46c115140] <= ...
Error:undefined:\hirame The token T_CS[\hirame] is not defined.
	at 0302089.tex; line 818 col 0 - line 818 col 11
	Defining it now as <ltx:ERROR/>
	Next token is T_BEGIN[{] ( == T_BEGIN[{]) more: \the\secno.\the\meqno} \else\ifnum\appno>0
\eqno({\rm\romappno}.\the\meqno)\xdef\hirame{{\rm\romappno}.\the\meqno}
\else\eqno(\the\meqno)\xdef\hirame{\the\meqno} \fi\fi\global\advance\meqnoby1 
	In Core::Gullet[@0x55a46c114be8] /home/user/latex-in-arxiv/2003/0302089.tex; from line 818 col 0 to line 818 col 11
	 <= Core::Definition::Expandable[\eqno] <= Core::Gullet[@0x55a46c114be8] <= Core::Stomach[@0x55a46c115140] <= ...
Error:undefined:\sawara The token T_CS[\sawara] is not defined.
	at 0302089.tex; line 829 col 0 - line 829 col 11
	Defining it now as <ltx:ERROR/>
	Next token is T_BEGIN[{] ( == T_BEGIN[{]) more: \the\secno.\the\meqno} \else\ifnum\appno>0
\eqno({\rm\romappno}.\the\meqno)\xdef\sawara{{\rm\romappno}.\the\meqno}
\else\eqno(\the\meqno)\xdef\sawara{\the\meqno} \fi\fi\global\advance\meqnoby1 
	In Core::Gullet[@0x55a46c114be8] /home/user/latex-in-arxiv/2003/0302089.tex; from line 829 col 0 to line 829 col 11
	 <= Core::Definition::Expandable[\eqno] <= Core::Gullet[@0x55a46c114be8] <= Core::Stomach[@0x55a46c115140] <= ...
Error:undefined:\sptc The token T_CS[\sptc] is not defined.
	at 0302089.tex; line 835 col 0 - line 835 col 9
	Defining it now as <ltx:ERROR/>
	Next token is T_BEGIN[{] ( == T_BEGIN[{]) more: \the\secno.\the\meqno} \else\ifnum\appno>0
\eqno({\rm\romappno}.\the\meqno)\xdef\sptc{{\rm\romappno}.\the\meqno}
\else\eqno(\the\meqno)\xdef\sptc{\the\meqno} \fi\fi\global\advance\meqnoby1 
	In Core::Gullet[@0x55a46c114be8] /home/user/latex-in-arxiv/2003/0302089.tex; from line 835 col 0 to line 835 col 9
	 <= Core::Definition::Expandable[\eqno] <= Core::Gullet[@0x55a46c114be8] <= Core::Stomach[@0x55a46c115140] <= ...
Error:undefined:\hamati The token T_CS[\hamati] is not defined.
	at 0302089.tex; line 850 col 0 - line 850 col 11
	Defining it now as <ltx:ERROR/>
	Next token is T_BEGIN[{] ( == T_BEGIN[{]) more: \the\secno.\the\meqno} \else\ifnum\appno>0
\eqno({\rm\romappno}.\the\meqno)\xdef\hamati{{\rm\romappno}.\the\meqno}
\else\eqno(\the\meqno)\xdef\hamati{\the\meqno} \fi\fi\global\advance\meqnoby1 
	In Core::Gullet[@0x55a46c114be8] /home/user/latex-in-arxiv/2003/0302089.tex; from line 850 col 0 to line 850 col 11
	 <= Core::Definition::Expandable[\eqno] <= Core::Gullet[@0x55a46c114be8] <= Core::Stomach[@0x55a46c115140] <= ...
Error:undefined:\simaazi The token T_CS[\simaazi] is not defined.
	at 0302089.tex; line 855 col 0 - line 855 col 12
	Defining it now as <ltx:ERROR/>
	Next token is T_BEGIN[{] ( == T_BEGIN[{]) more: \the\secno.\the\meqno} \else\ifnum\appno>0
\eqno({\rm\romappno}.\the\meqno)\xdef\simaazi{{\rm\romappno}.\the\meqno}
\else\eqno(\the\meqno)\xdef\simaazi{\the\meqno} \fi\fi\global\advance\meqnoby1 
	In Core::Gullet[@0x55a46c114be8] /home/user/latex-in-arxiv/2003/0302089.tex; from line 855 col 0 to line 855 col 12
	 <= Core::Definition::Expandable[\eqno] <= Core::Gullet[@0x55a46c114be8] <= Core::Stomach[@0x55a46c115140] <= ...
Error:undefined:\dbloblo The token T_CS[\dbloblo] is not defined.
	at 0302089.tex; line 898 col 0 - line 898 col 12
	Defining it now as <ltx:ERROR/>
	Next token is T_BEGIN[{] ( == T_BEGIN[{]) more: \the\secno.\the\meqno} \else\ifnum\appno>0
\eqno({\rm\romappno}.\the\meqno)\xdef\dbloblo{{\rm\romappno}.\the\meqno}
\else\eqno(\the\meqno)\xdef\dbloblo{\the\meqno} \fi\fi\global\advance\meqnoby1 
	In Core::Gullet[@0x55a46c114be8] /home/user/latex-in-arxiv/2003/0302089.tex; from line 898 col 0 to line 898 col 12
	 <= Core::Definition::Expandable[\eqno] <= Core::Gullet[@0x55a46c114be8] <= Core::Stomach[@0x55a46c115140] <= ...
Error:undefined:\no The token T_CS[\no] is not defined.
	at 0302089.tex; line 907 col 0 - line 907 col 7
	Defining it now as <ltx:ERROR/>
	Next token is T_BEGIN[{] ( == T_BEGIN[{]) more: \the\secno.\the\meqno} \else\ifnum\appno>0
\eqno({\rm\romappno}.\the\meqno)\xdef\no{{\rm\romappno}.\the\meqno}
\else\eqno(\the\meqno)\xdef\no{\the\meqno} \fi\fi\global\advance\meqnoby1 
	In Core::Gullet[@0x55a46c114be8] /home/user/latex-in-arxiv/2003/0302089.tex; from line 907 col 0 to line 907 col 7
	 <= Core::Definition::Expandable[\eqno] <= Core::Gullet[@0x55a46c114be8] <= Core::Stomach[@0x55a46c115140] <= ...
Error:undefined:\megoti The token T_CS[\megoti] is not defined.
	at 0302089.tex; line 921 col 0 - line 921 col 11
	Defining it now as <ltx:ERROR/>
	Next token is T_BEGIN[{] ( == T_BEGIN[{]) more: \the\secno.\the\meqno} \else\ifnum\appno>0
\eqno({\rm\romappno}.\the\meqno)\xdef\megoti{{\rm\romappno}.\the\meqno}
\else\eqno(\the\meqno)\xdef\megoti{\the\meqno} \fi\fi\global\advance\meqnoby1 
	In Core::Gullet[@0x55a46c114be8] /home/user/latex-in-arxiv/2003/0302089.tex; from line 921 col 0 to line 921 col 11
	 <= Core::Definition::Expandable[\eqno] <= Core::Gullet[@0x55a46c114be8] <= Core::Stomach[@0x55a46c115140] <= ...
Error:undefined:\amaterasu The token T_CS[\amaterasu] is not defined.
	at 0302089.tex; line 937 col 0 - line 937 col 14
	Defining it now as <ltx:ERROR/>
	Next token is T_BEGIN[{] ( == T_BEGIN[{]) more: \the\secno.\the\meqno} \else\ifnum\appno>0
\eqno({\rm\romappno}.\the\meqno)\xdef\amaterasu{{\rm\romappno}.\the\meqno}
\else\eqno(\the\meqno)\xdef\amaterasu{\the\meqno} \fi\fi\global\advance\meqnoby1 
	In Core::Gullet[@0x55a46c114be8] /home/user/latex-in-arxiv/2003/0302089.tex; from line 937 col 0 to line 937 col 14
	 <= Core::Definition::Expandable[\eqno] <= Core::Gullet[@0x55a46c114be8] <= Core::Stomach[@0x55a46c115140] <= ...
Error:undefined:\spara The token T_CS[\spara] is not defined.
	at 0302089.tex; line 942 col 0 - line 942 col 10
	Defining it now as <ltx:ERROR/>
	Next token is T_BEGIN[{] ( == T_BEGIN[{]) more: \the\secno.\the\meqno} \else\ifnum\appno>0
\eqno({\rm\romappno}.\the\meqno)\xdef\spara{{\rm\romappno}.\the\meqno}
\else\eqno(\the\meqno)\xdef\spara{\the\meqno} \fi\fi\global\advance\meqnoby1 
	In Core::Gullet[@0x55a46c114be8] /home/user/latex-in-arxiv/2003/0302089.tex; from line 942 col 0 to line 942 col 10
	 <= Core::Definition::Expandable[\eqno] <= Core::Gullet[@0x55a46c114be8] <= Core::Stomach[@0x55a46c115140] <= ...
Error:undefined:\izanagi The token T_CS[\izanagi] is not defined.
	at 0302089.tex; line 970 col 0 - line 970 col 12
	Defining it now as <ltx:ERROR/>
	Next token is T_BEGIN[{] ( == T_BEGIN[{]) more: \the\secno.\the\meqno} \else\ifnum\appno>0
\eqno({\rm\romappno}.\the\meqno)\xdef\izanagi{{\rm\romappno}.\the\meqno}
\else\eqno(\the\meqno)\xdef\izanagi{\the\meqno} \fi\fi\global\advance\meqnoby1 
	In Core::Gullet[@0x55a46c114be8] /home/user/latex-in-arxiv/2003/0302089.tex; from line 970 col 0 to line 970 col 12
	 <= Core::Definition::Expandable[\eqno] <= Core::Gullet[@0x55a46c114be8] <= Core::Stomach[@0x55a46c115140] <= ...
Error:undefined:\izanami The token T_CS[\izanami] is not defined.
	at 0302089.tex; line 978 col 0 - line 978 col 12
	Defining it now as <ltx:ERROR/>
	Next token is T_BEGIN[{] ( == T_BEGIN[{]) more: \the\secno.\the\meqno} \else\ifnum\appno>0
\eqno({\rm\romappno}.\the\meqno)\xdef\izanami{{\rm\romappno}.\the\meqno}
\else\eqno(\the\meqno)\xdef\izanami{\the\meqno} \fi\fi\global\advance\meqnoby1 
	In Core::Gullet[@0x55a46c114be8] /home/user/latex-in-arxiv/2003/0302089.tex; from line 978 col 0 to line 978 col 12
	 <= Core::Definition::Expandable[\eqno] <= Core::Gullet[@0x55a46c114be8] <= Core::Stomach[@0x55a46c115140] <= ...
Error:undefined:\yamatotakeru The token T_CS[\yamatotakeru] is not defined.
	at 0302089.tex; line 986 col 0 - line 986 col 17
	Defining it now as <ltx:ERROR/>
	Next token is T_BEGIN[{] ( == T_BEGIN[{]) more: \the\secno.\the\meqno} \else\ifnum\appno>0
\eqno({\rm\romappno}.\the\meqno)\xdef\yamatotakeru{{\rm\romappno}.\the\meqno}
\else\eqno(\the\meqno)\xdef\yamatotakeru{\the\meqno} \fi\fi\global\advance\meqnoby1 
	In Core::Gullet[@0x55a46c114be8] /home/user/latex-in-arxiv/2003/0302089.tex; from line 986 col 0 to line 986 col 17
	 <= Core::Definition::Expandable[\eqno] <= Core::Gullet[@0x55a46c114be8] <= Core::Stomach[@0x55a46c115140] <= ...
Error:undefined:\homudawake The token T_CS[\homudawake] is not defined.
	at 0302089.tex; line 995 col 0 - line 995 col 15
	Defining it now as <ltx:ERROR/>
	Next token is T_BEGIN[{] ( == T_BEGIN[{]) more: \the\secno.\the\meqno} \else\ifnum\appno>0
\eqno({\rm\romappno}.\the\meqno)\xdef\homudawake{{\rm\romappno}.\the\meqno}
\else\eqno(\the\meqno)\xdef\homudawake{\the\meqno} \fi\fi\global\advance\meqnoby1 
	In Core::Gullet[@0x55a46c114be8] /home/user/latex-in-arxiv/2003/0302089.tex; from line 995 col 0 to line 995 col 15
	 <= Core::Definition::Expandable[\eqno] <= Core::Gullet[@0x55a46c114be8] <= Core::Stomach[@0x55a46c115140] <= ...
Error:undefined:\fmgm The token T_CS[\fmgm] is not defined.
	at 0302089.tex; line 1004 col 0 - line 1004 col 9
	Defining it now as <ltx:ERROR/>
	Next token is T_BEGIN[{] ( == T_BEGIN[{]) more: \the\secno.\the\meqno} \else\ifnum\appno>0
\eqno({\rm\romappno}.\the\meqno)\xdef\fmgm{{\rm\romappno}.\the\meqno}
\else\eqno(\the\meqno)\xdef\fmgm{\the\meqno} \fi\fi\global\advance\meqnoby1 
	In Core::Gullet[@0x55a46c114be8] /home/user/latex-in-arxiv/2003/0302089.tex; from line 1004 col 0 to line 1004 col 9
	 <= Core::Definition::Expandable[\eqno] <= Core::Gullet[@0x55a46c114be8] <= Core::Stomach[@0x55a46c115140] <= ...
Error:undefined:\konahanasakuya The token T_CS[\konahanasakuya] is not defined.
	at 0302089.tex; line 1023 col 0 - line 1023 col 19
	Defining it now as <ltx:ERROR/>
	Next token is T_BEGIN[{] ( == T_BEGIN[{]) more: \the\secno.\the\meqno} \else\ifnum\appno>0
\eqno({\rm\romappno}.\the\meqno)\xdef\konahanasakuya{{\rm\romappno}.\the\meqno}
\else\eqno(\the\meqno)\xdef\konahanasakuya{\the\meqno} \fi\fi\global\advance\meqnoby1 
	In Core::Gullet[@0x55a46c114be8] /home/user/latex-in-arxiv/2003/0302089.tex; from line 1023 col 0 to line 1023 col 19
	 <= Core::Definition::Expandable[\eqno] <= Core::Gullet[@0x55a46c114be8] <= Core::Stomach[@0x55a46c115140] <= ...
Error:undefined:\otohimesama The token T_CS[\otohimesama] is not defined.
	at 0302089.tex; line 1044 col 0 - line 1044 col 16
	Defining it now as <ltx:ERROR/>
	Next token is T_BEGIN[{] ( == T_BEGIN[{]) more: \the\secno.\the\meqno} \else\ifnum\appno>0
\eqno({\rm\romappno}.\the\meqno)\xdef\otohimesama{{\rm\romappno}.\the\meqno}
\else\eqno(\the\meqno)\xdef\otohimesama{\the\meqno} \fi\fi\global\advance\meqnoby1 
	In Core::Gullet[@0x55a46c114be8] /home/user/latex-in-arxiv/2003/0302089.tex; from line 1044 col 0 to line 1044 col 16
	 <= Core::Definition::Expandable[\eqno] <= Core::Gullet[@0x55a46c114be8] <= Core::Stomach[@0x55a46c115140] <= ...
Error:undefined:\ototachibana The token T_CS[\ototachibana] is not defined.
	at 0302089.tex; line 1050 col 0 - line 1050 col 17
	Defining it now as <ltx:ERROR/>
	Next token is T_BEGIN[{] ( == T_BEGIN[{]) more: \the\secno.\the\meqno} \else\ifnum\appno>0
\eqno({\rm\romappno}.\the\meqno)\xdef\ototachibana{{\rm\romappno}.\the\meqno}
\else\eqno(\the\meqno)\xdef\ototachibana{\the\meqno} \fi\fi\global\advance\meqnoby1 
	In Core::Gullet[@0x55a46c114be8] /home/user/latex-in-arxiv/2003/0302089.tex; from line 1050 col 0 to line 1050 col 17
	 <= Core::Definition::Expandable[\eqno] <= Core::Gullet[@0x55a46c114be8] <= Core::Stomach[@0x55a46c115140] <= ...
Error:undefined:\hondawake The token T_CS[\hondawake] is not defined.
	at 0302089.tex; line 1057 col 0 - line 1057 col 14
	Defining it now as <ltx:ERROR/>
	Next token is T_BEGIN[{] ( == T_BEGIN[{]) more: \the\secno.\the\meqno} \else\ifnum\appno>0
\eqno({\rm\romappno}.\the\meqno)\xdef\hondawake{{\rm\romappno}.\the\meqno}
\else\eqno(\the\meqno)\xdef\hondawake{\the\meqno} \fi\fi\global\advance\meqnoby1 
	In Core::Gullet[@0x55a46c114be8] /home/user/latex-in-arxiv/2003/0302089.tex; from line 1057 col 0 to line 1057 col 14
	 <= Core::Definition::Expandable[\eqno] <= Core::Gullet[@0x55a46c114be8] <= Core::Stomach[@0x55a46c115140] <= ...
Error:undefined:\exaboun The token T_CS[\exaboun] is not defined.
	at 0302089.tex; line 1126 col 0 - line 1126 col 12
	Defining it now as <ltx:ERROR/>
	Next token is T_BEGIN[{] ( == T_BEGIN[{]) more: \the\secno.\the\meqno} \else\ifnum\appno>0
\eqno({\rm\romappno}.\the\meqno)\xdef\exaboun{{\rm\romappno}.\the\meqno}
\else\eqno(\the\meqno)\xdef\exaboun{\the\meqno} \fi\fi\global\advance\meqnoby1 
	In Core::Gullet[@0x55a46c114be8] /home/user/latex-in-arxiv/2003/0302089.tex; from line 1126 col 0 to line 1126 col 12
	 <= Core::Definition::Expandable[\eqno] <= Core::Gullet[@0x55a46c114be8] <= Core::Stomach[@0x55a46c115140] <= ...
Error:undefined:\gensc The token T_CS[\gensc] is not defined.
	at 0302089.tex; line 1138 col 0 - line 1138 col 10
	Defining it now as <ltx:ERROR/>
	Next token is T_BEGIN[{] ( == T_BEGIN[{]) more: \the\secno.\the\meqno} \else\ifnum\appno>0
\eqno({\rm\romappno}.\the\meqno)\xdef\gensc{{\rm\romappno}.\the\meqno}
\else\eqno(\the\meqno)\xdef\gensc{\the\meqno} \fi\fi\global\advance\meqnoby1 
	In Core::Gullet[@0x55a46c114be8] /home/user/latex-in-arxiv/2003/0302089.tex; from line 1138 col 0 to line 1138 col 10
	 <= Core::Definition::Expandable[\eqno] <= Core::Gullet[@0x55a46c114be8] <= Core::Stomach[@0x55a46c115140] <= ...
Error:undefined:\concon The token T_CS[\concon] is not defined.
	at 0302089.tex; line 1238 col 0 - line 1238 col 11
	Defining it now as <ltx:ERROR/>
	Next token is T_BEGIN[{] ( == T_BEGIN[{]) more: \the\secno.\the\meqno} \else\ifnum\appno>0
\eqno({\rm\romappno}.\the\meqno)\xdef\concon{{\rm\romappno}.\the\meqno}
\else\eqno(\the\meqno)\xdef\concon{\the\meqno} \fi\fi\global\advance\meqnoby1 
	In Core::Gullet[@0x55a46c114be8] /home/user/latex-in-arxiv/2003/0302089.tex; from line 1238 col 0 to line 1238 col 11
	 <= Core::Definition::Expandable[\eqno] <= Core::Gullet[@0x55a46c114be8] <= Core::Stomach[@0x55a46c115140] <= ...
Error:undefined:\lten The token T_CS[\lten] is not defined.
	at 0302089.tex; line 1249 col 0 - line 1249 col 9
	Defining it now as <ltx:ERROR/>
	Next token is T_BEGIN[{] ( == T_BEGIN[{]) more: \the\secno.\the\meqno} \else\ifnum\appno>0
\eqno({\rm\romappno}.\the\meqno)\xdef\lten{{\rm\romappno}.\the\meqno}
\else\eqno(\the\meqno)\xdef\lten{\the\meqno} \fi\fi\global\advance\meqnoby1 
	In Core::Gullet[@0x55a46c114be8] /home/user/latex-in-arxiv/2003/0302089.tex; from line 1249 col 0 to line 1249 col 9
	 <= Core::Definition::Expandable[\eqno] <= Core::Gullet[@0x55a46c114be8] <= Core::Stomach[@0x55a46c115140] <= ...
Error:undefined:\mokomoko The token T_CS[\mokomoko] is not defined.
	at 0302089.tex; line 1272 col 0 - line 1272 col 13
	Defining it now as <ltx:ERROR/>
	Next token is T_BEGIN[{] ( == T_BEGIN[{]) more: \the\secno.\the\meqno} \else\ifnum\appno>0
\eqno({\rm\romappno}.\the\meqno)\xdef\mokomoko{{\rm\romappno}.\the\meqno}
\else\eqno(\the\meqno)\xdef\mokomoko{\the\meqno} \fi\fi\global\advance\meqnoby1 
	In Core::Gullet[@0x55a46c114be8] /home/user/latex-in-arxiv/2003/0302089.tex; from line 1272 col 0 to line 1272 col 13
	 <= Core::Definition::Expandable[\eqno] <= Core::Gullet[@0x55a46c114be8] <= Core::Stomach[@0x55a46c115140] <= ...
Error:undefined:\susysol The token T_CS[\susysol] is not defined.
	at 0302089.tex; line 1283 col 0 - line 1283 col 12
	Defining it now as <ltx:ERROR/>
	Next token is T_BEGIN[{] ( == T_BEGIN[{]) more: \the\secno.\the\meqno} \else\ifnum\appno>0
\eqno({\rm\romappno}.\the\meqno)\xdef\susysol{{\rm\romappno}.\the\meqno}
\else\eqno(\the\meqno)\xdef\susysol{\the\meqno} \fi\fi\global\advance\meqnoby1 
	In Core::Gullet[@0x55a46c114be8] /home/user/latex-in-arxiv/2003/0302089.tex; from line 1283 col 0 to line 1283 col 12
	 <= Core::Definition::Expandable[\eqno] <= Core::Gullet[@0x55a46c114be8] <= Core::Stomach[@0x55a46c115140] <= ...
Error:undefined:\gamga The token T_CS[\gamga] is not defined.
	at 0302089.tex; line 1289 col 0 - line 1289 col 10
	Defining it now as <ltx:ERROR/>
	Next token is T_BEGIN[{] ( == T_BEGIN[{]) more: \the\secno.\the\meqno} \else\ifnum\appno>0
\eqno({\rm\romappno}.\the\meqno)\xdef\gamga{{\rm\romappno}.\the\meqno}
\else\eqno(\the\meqno)\xdef\gamga{\the\meqno} \fi\fi\global\advance\meqnoby1 
	In Core::Gullet[@0x55a46c114be8] /home/user/latex-in-arxiv/2003/0302089.tex; from line 1289 col 0 to line 1289 col 10
	 <= Core::Definition::Expandable[\eqno] <= Core::Gullet[@0x55a46c114be8] <= Core::Stomach[@0x55a46c115140] <= ...
Error:undefined:\omom The token T_CS[\omom] is not defined.
	at 0302089.tex; line 1295 col 0 - line 1295 col 9
	Defining it now as <ltx:ERROR/>
	Next token is T_BEGIN[{] ( == T_BEGIN[{]) more: \the\secno.\the\meqno} \else\ifnum\appno>0
\eqno({\rm\romappno}.\the\meqno)\xdef\omom{{\rm\romappno}.\the\meqno}
\else\eqno(\the\meqno)\xdef\omom{\the\meqno} \fi\fi\global\advance\meqnoby1 
	In Core::Gullet[@0x55a46c114be8] /home/user/latex-in-arxiv/2003/0302089.tex; from line 1295 col 0 to line 1295 col 9
	 <= Core::Definition::Expandable[\eqno] <= Core::Gullet[@0x55a46c114be8] <= Core::Stomach[@0x55a46c115140] <= ...
Error:undefined:\lamdef The token T_CS[\lamdef] is not defined.
	at 0302089.tex; line 1411 col 0 - line 1411 col 11
	Defining it now as <ltx:ERROR/>
	Next token is T_BEGIN[{] ( == T_BEGIN[{]) more: \the\secno.\the\meqno} \else\ifnum\appno>0
\eqno({\rm\romappno}.\the\meqno)\xdef\lamdef{{\rm\romappno}.\the\meqno}
\else\eqno(\the\meqno)\xdef\lamdef{\the\meqno} \fi\fi\global\advance\meqnoby1 
	In Core::Gullet[@0x55a46c114be8] /home/user/latex-in-arxiv/2003/0302089.tex; from line 1411 col 0 to line 1411 col 11
	 <= Core::Definition::Expandable[\eqno] <= Core::Gullet[@0x55a46c114be8] <= Core::Stomach[@0x55a46c115140] <= ...
Error:undefined:\vpara The token T_CS[\vpara] is not defined.
	at 0302089.tex; line 1421 col 0 - line 1421 col 10
	Defining it now as <ltx:ERROR/>
	Next token is T_BEGIN[{] ( == T_BEGIN[{]) more: \the\secno.\the\meqno} \else\ifnum\appno>0
\eqno({\rm\romappno}.\the\meqno)\xdef\vpara{{\rm\romappno}.\the\meqno}
\else\eqno(\the\meqno)\xdef\vpara{\the\meqno} \fi\fi\global\advance\meqnoby1 
	In Core::Gullet[@0x55a46c114be8] /home/user/latex-in-arxiv/2003/0302089.tex; from line 1421 col 0 to line 1421 col 10
	 <= Core::Definition::Expandable[\eqno] <= Core::Gullet[@0x55a46c114be8] <= Core::Stomach[@0x55a46c115140] <= ...
Error:undefined:\bdao The token T_CS[\bdao] is not defined.
	at 0302089.tex; line 1472 col 0 - line 1472 col 9
	Defining it now as <ltx:ERROR/>
	Next token is T_BEGIN[{] ( == T_BEGIN[{]) more: \the\secno.\the\meqno} \else\ifnum\appno>0
\eqno({\rm\romappno}.\the\meqno)\xdef\bdao{{\rm\romappno}.\the\meqno}
\else\eqno(\the\meqno)\xdef\bdao{\the\meqno} \fi\fi\global\advance\meqnoby1 
	In Core::Gullet[@0x55a46c114be8] /home/user/latex-in-arxiv/2003/0302089.tex; from line 1472 col 0 to line 1472 col 9
	 <= Core::Definition::Expandable[\eqno] <= Core::Gullet[@0x55a46c114be8] <= Core::Stomach[@0x55a46c115140] <= ...
Error:undefined:\kzero The token T_CS[\kzero] is not defined.
	at 0302089.tex; line 1492 col 0 - line 1492 col 10
	Defining it now as <ltx:ERROR/>
	Next token is T_BEGIN[{] ( == T_BEGIN[{]) more: \the\secno.\the\meqno} \else\ifnum\appno>0
\eqno({\rm\romappno}.\the\meqno)\xdef\kzero{{\rm\romappno}.\the\meqno}
\else\eqno(\the\meqno)\xdef\kzero{\the\meqno} \fi\fi\global\advance\meqnoby1 
	In Core::Gullet[@0x55a46c114be8] /home/user/latex-in-arxiv/2003/0302089.tex; from line 1492 col 0 to line 1492 col 10
	 <= Core::Definition::Expandable[\eqno] <= Core::Gullet[@0x55a46c114be8] <= Core::Stomach[@0x55a46c115140] <= ...
Error:undefined:\kpm The token T_CS[\kpm] is not defined.
	at 0302089.tex; line 1627 col 0 - line 1627 col 8
	Defining it now as <ltx:ERROR/>
	Next token is T_BEGIN[{] ( == T_BEGIN[{]) more: \the\secno.\the\meqno} \else\ifnum\appno>0
\eqno({\rm\romappno}.\the\meqno)\xdef\kpm{{\rm\romappno}.\the\meqno}
\else\eqno(\the\meqno)\xdef\kpm{\the\meqno} \fi\fi\global\advance\meqnoby1 
	In Core::Gullet[@0x55a46c114be8] /home/user/latex-in-arxiv/2003/0302089.tex; from line 1627 col 0 to line 1627 col 8
	 <= Core::Definition::Expandable[\eqno] <= Core::Gullet[@0x55a46c114be8] <= Core::Stomach[@0x55a46c115140] <= ...
Error:undefined:\fstgrd The token T_CS[\fstgrd] is not defined.
	at 0302089.tex; line 1639 col 0 - line 1639 col 11
	Defining it now as <ltx:ERROR/>
	Next token is T_BEGIN[{] ( == T_BEGIN[{]) more: \the\secno.\the\meqno} \else\ifnum\appno>0
\eqno({\rm\romappno}.\the\meqno)\xdef\fstgrd{{\rm\romappno}.\the\meqno}
\else\eqno(\the\meqno)\xdef\fstgrd{\the\meqno} \fi\fi\global\advance\meqnoby1 
	In Core::Gullet[@0x55a46c114be8] /home/user/latex-in-arxiv/2003/0302089.tex; from line 1639 col 0 to line 1639 col 11
	 <= Core::Definition::Expandable[\eqno] <= Core::Gullet[@0x55a46c114be8] <= Core::Stomach[@0x55a46c115140] <= ...
Error:undefined:\secgrd The token T_CS[\secgrd] is not defined.
	at 0302089.tex; line 1652 col 0 - line 1652 col 11
	Defining it now as <ltx:ERROR/>
	Next token is T_BEGIN[{] ( == T_BEGIN[{]) more: \the\secno.\the\meqno} \else\ifnum\appno>0
\eqno({\rm\romappno}.\the\meqno)\xdef\secgrd{{\rm\romappno}.\the\meqno}
\else\eqno(\the\meqno)\xdef\secgrd{\the\meqno} \fi\fi\global\advance\meqnoby1 
	In Core::Gullet[@0x55a46c114be8] /home/user/latex-in-arxiv/2003/0302089.tex; from line 1652 col 0 to line 1652 col 11
	 <= Core::Definition::Expandable[\eqno] <= Core::Gullet[@0x55a46c114be8] <= Core::Stomach[@0x55a46c115140] <= ...
Error:undefined:\kppm The token T_CS[\kppm] is not defined.
	at 0302089.tex; line 1658 col 0 - line 1658 col 9
	Defining it now as <ltx:ERROR/>
	Next token is T_BEGIN[{] ( == T_BEGIN[{]) more: \the\secno.\the\meqno} \else\ifnum\appno>0
\eqno({\rm\romappno}.\the\meqno)\xdef\kppm{{\rm\romappno}.\the\meqno}
\else\eqno(\the\meqno)\xdef\kppm{\the\meqno} \fi\fi\global\advance\meqnoby1 
	In Core::Gullet[@0x55a46c114be8] /home/user/latex-in-arxiv/2003/0302089.tex; from line 1658 col 0 to line 1658 col 9
	 <= Core::Definition::Expandable[\eqno] <= Core::Gullet[@0x55a46c114be8] <= Core::Stomach[@0x55a46c115140] <= ...
Error:undefined:\izumo The token T_CS[\izumo] is not defined.
	at 0302089.tex; line 1664 col 0 - line 1664 col 10
	Defining it now as <ltx:ERROR/>
	Next token is T_BEGIN[{] ( == T_BEGIN[{]) more: \the\secno.\the\meqno} \else\ifnum\appno>0
\eqno({\rm\romappno}.\the\meqno)\xdef\izumo{{\rm\romappno}.\the\meqno}
\else\eqno(\the\meqno)\xdef\izumo{\the\meqno} \fi\fi\global\advance\meqnoby1 
	In Core::Gullet[@0x55a46c114be8] /home/user/latex-in-arxiv/2003/0302089.tex; from line 1664 col 0 to line 1664 col 10
	 <= Core::Definition::Expandable[\eqno] <= Core::Gullet[@0x55a46c114be8] <= Core::Stomach[@0x55a46c115140] <= ...
Error:undefined:\zst The token T_CS[\zst] is not defined.
	at 0302089.tex; line 1676 col 0 - line 1676 col 8
	Defining it now as <ltx:ERROR/>
	Next token is T_BEGIN[{] ( == T_BEGIN[{]) more: \the\secno.\the\meqno} \else\ifnum\appno>0
\eqno({\rm\romappno}.\the\meqno)\xdef\zst{{\rm\romappno}.\the\meqno}
\else\eqno(\the\meqno)\xdef\zst{\the\meqno} \fi\fi\global\advance\meqnoby1 
	In Core::Gullet[@0x55a46c114be8] /home/user/latex-in-arxiv/2003/0302089.tex; from line 1676 col 0 to line 1676 col 8
	 <= Core::Definition::Expandable[\eqno] <= Core::Gullet[@0x55a46c114be8] <= Core::Stomach[@0x55a46c115140] <= ...
Error:undefined:\zstt The token T_CS[\zstt] is not defined.
	at 0302089.tex; line 1687 col 0 - line 1687 col 9
	Defining it now as <ltx:ERROR/>
	Next token is T_BEGIN[{] ( == T_BEGIN[{]) more: \the\secno.\the\meqno} \else\ifnum\appno>0
\eqno({\rm\romappno}.\the\meqno)\xdef\zstt{{\rm\romappno}.\the\meqno}
\else\eqno(\the\meqno)\xdef\zstt{\the\meqno} \fi\fi\global\advance\meqnoby1 
	In Core::Gullet[@0x55a46c114be8] /home/user/latex-in-arxiv/2003/0302089.tex; from line 1687 col 0 to line 1687 col 9
	 <= Core::Definition::Expandable[\eqno] <= Core::Gullet[@0x55a46c114be8] <= Core::Stomach[@0x55a46c115140] <= ...
Error:undefined:\pest The token T_CS[\pest] is not defined.
	at 0302089.tex; line 1715 col 0 - line 1715 col 9
	Defining it now as <ltx:ERROR/>
	Next token is T_BEGIN[{] ( == T_BEGIN[{]) more: \the\secno.\the\meqno} \else\ifnum\appno>0
\eqno({\rm\romappno}.\the\meqno)\xdef\pest{{\rm\romappno}.\the\meqno}
\else\eqno(\the\meqno)\xdef\pest{\the\meqno} \fi\fi\global\advance\meqnoby1 
	In Core::Gullet[@0x55a46c114be8] /home/user/latex-in-arxiv/2003/0302089.tex; from line 1715 col 0 to line 1715 col 9
	 <= Core::Definition::Expandable[\eqno] <= Core::Gullet[@0x55a46c114be8] <= Core::Stomach[@0x55a46c115140] <= ...
Error:undefined:\gespsol The token T_CS[\gespsol] is not defined.
	at 0302089.tex; line 1745 col 0 - line 1745 col 12
	Defining it now as <ltx:ERROR/>
	Next token is T_BEGIN[{] ( == T_BEGIN[{]) more: \the\secno.\the\meqno} \else\ifnum\appno>0
\eqno({\rm\romappno}.\the\meqno)\xdef\gespsol{{\rm\romappno}.\the\meqno}
\else\eqno(\the\meqno)\xdef\gespsol{\the\meqno} \fi\fi\global\advance\meqnoby1 
	In Core::Gullet[@0x55a46c114be8] /home/user/latex-in-arxiv/2003/0302089.tex; from line 1745 col 0 to line 1745 col 12
	 <= Core::Definition::Expandable[\eqno] <= Core::Gullet[@0x55a46c114be8] <= Core::Stomach[@0x55a46c115140] <= ...
Error:undefined:\bexcs The token T_CS[\bexcs] is not defined.
	at 0302089.tex; line 1796 col 0 - line 1796 col 10
	Defining it now as <ltx:ERROR/>
	Next token is T_BEGIN[{] ( == T_BEGIN[{]) more: \the\secno.\the\meqno} \else\ifnum\appno>0
\eqno({\rm\romappno}.\the\meqno)\xdef\bexcs{{\rm\romappno}.\the\meqno}
\else\eqno(\the\meqno)\xdef\bexcs{\the\meqno} \fi\fi\global\advance\meqnoby1 
	In Core::Gullet[@0x55a46c114be8] /home/user/latex-in-arxiv/2003/0302089.tex; from line 1796 col 0 to line 1796 col 10
	 <= Core::Definition::Expandable[\eqno] <= Core::Gullet[@0x55a46c114be8] <= Core::Stomach[@0x55a46c115140] <= ...
Error:undefined:\eiei The token T_CS[\eiei] is not defined.
	at 0302089.tex; line 1919 col 0 - line 1919 col 9
	Defining it now as <ltx:ERROR/>
	Next token is T_BEGIN[{] ( == T_BEGIN[{]) more: \the\secno.\the\meqno} \else\ifnum\appno>0
\eqno({\rm\romappno}.\the\meqno)\xdef\eiei{{\rm\romappno}.\the\meqno}
\else\eqno(\the\meqno)\xdef\eiei{\the\meqno} \fi\fi\global\advance\meqnoby1 
	In Core::Gullet[@0x55a46c114be8] /home/user/latex-in-arxiv/2003/0302089.tex; from line 1919 col 0 to line 1919 col 9
	 <= Core::Definition::Expandable[\eqno] <= Core::Gullet[@0x55a46c114be8] <= Core::Stomach[@0x55a46c115140] <= ...
Error:undefined:\eit The token T_CS[\eit] is not defined.
	at 0302089.tex; line 1930 col 0 - line 1930 col 8
	Defining it now as <ltx:ERROR/>
	Next token is T_BEGIN[{] ( == T_BEGIN[{]) more: \the\secno.\the\meqno} \else\ifnum\appno>0
\eqno({\rm\romappno}.\the\meqno)\xdef\eit{{\rm\romappno}.\the\meqno}
\else\eqno(\the\meqno)\xdef\eit{\the\meqno} \fi\fi\global\advance\meqnoby1 
	In Core::Gullet[@0x55a46c114be8] /home/user/latex-in-arxiv/2003/0302089.tex; from line 1930 col 0 to line 1930 col 8
	 <= Core::Definition::Expandable[\eqno] <= Core::Gullet[@0x55a46c114be8] <= Core::Stomach[@0x55a46c115140] <= ...
Error:undefined:\eig The token T_CS[\eig] is not defined.
	at 0302089.tex; line 1942 col 0 - line 1942 col 8
	Defining it now as <ltx:ERROR/>
	Next token is T_BEGIN[{] ( == T_BEGIN[{]) more: \the\secno.\the\meqno} \else\ifnum\appno>0
\eqno({\rm\romappno}.\the\meqno)\xdef\eig{{\rm\romappno}.\the\meqno}
\else\eqno(\the\meqno)\xdef\eig{\the\meqno} \fi\fi\global\advance\meqnoby1 
	In Core::Gullet[@0x55a46c114be8] /home/user/latex-in-arxiv/2003/0302089.tex; from line 1942 col 0 to line 1942 col 8
	 <= Core::Definition::Expandable[\eqno] <= Core::Gullet[@0x55a46c114be8] <= Core::Stomach[@0x55a46c115140] <= ...
Error:undefined:\eitg The token T_CS[\eitg] is not defined.
	at 0302089.tex; line 1953 col 0 - line 1953 col 9
	Defining it now as <ltx:ERROR/>
	Next token is T_BEGIN[{] ( == T_BEGIN[{]) more: \the\secno.\the\meqno} \else\ifnum\appno>0
\eqno({\rm\romappno}.\the\meqno)\xdef\eitg{{\rm\romappno}.\the\meqno}
\else\eqno(\the\meqno)\xdef\eitg{\the\meqno} \fi\fi\global\advance\meqnoby1 
	In Core::Gullet[@0x55a46c114be8] /home/user/latex-in-arxiv/2003/0302089.tex; from line 1953 col 0 to line 1953 col 9
	 <= Core::Definition::Expandable[\eqno] <= Core::Gullet[@0x55a46c114be8] <= Core::Stomach[@0x55a46c115140] <= ...
Error:undefined:\eitz The token T_CS[\eitz] is not defined.
	at 0302089.tex; line 1965 col 0 - line 1965 col 9
	Defining it now as <ltx:ERROR/>
	Next token is T_BEGIN[{] ( == T_BEGIN[{]) more: \the\secno.\the\meqno} \else\ifnum\appno>0
\eqno({\rm\romappno}.\the\meqno)\xdef\eitz{{\rm\romappno}.\the\meqno}
\else\eqno(\the\meqno)\xdef\eitz{\the\meqno} \fi\fi\global\advance\meqnoby1 
	In Core::Gullet[@0x55a46c114be8] /home/user/latex-in-arxiv/2003/0302089.tex; from line 1965 col 0 to line 1965 col 9
	 <= Core::Definition::Expandable[\eqno] <= Core::Gullet[@0x55a46c114be8] <= Core::Stomach[@0x55a46c115140] <= ...
Error:undefined:\aei The token T_CS[\aei] is not defined.
	at 0302089.tex; line 2002 col 0 - line 2002 col 8
	Defining it now as <ltx:ERROR/>
	Next token is T_BEGIN[{] ( == T_BEGIN[{]) more: \the\secno.\the\meqno} \else\ifnum\appno>0
\eqno({\rm\romappno}.\the\meqno)\xdef\aei{{\rm\romappno}.\the\meqno}
\else\eqno(\the\meqno)\xdef\aei{\the\meqno} \fi\fi\global\advance\meqnoby1 
	In Core::Gullet[@0x55a46c114be8] /home/user/latex-in-arxiv/2003/0302089.tex; from line 2002 col 0 to line 2002 col 8
	 <= Core::Definition::Expandable[\eqno] <= Core::Gullet[@0x55a46c114be8] <= Core::Stomach[@0x55a46c115140] <= ...
Error:undefined:\bei The token T_CS[\bei] is not defined.
	at 0302089.tex; line 2013 col 0 - line 2013 col 8
	Defining it now as <ltx:ERROR/>
	Next token is T_BEGIN[{] ( == T_BEGIN[{]) more: \the\secno.\the\meqno} \else\ifnum\appno>0
\eqno({\rm\romappno}.\the\meqno)\xdef\bei{{\rm\romappno}.\the\meqno}
\else\eqno(\the\meqno)\xdef\bei{\the\meqno} \fi\fi\global\advance\meqnoby1 
	In Core::Gullet[@0x55a46c114be8] /home/user/latex-in-arxiv/2003/0302089.tex; from line 2013 col 0 to line 2013 col 8
	 <= Core::Definition::Expandable[\eqno] <= Core::Gullet[@0x55a46c114be8] <= Core::Stomach[@0x55a46c115140] <= ...
Error:undefined:\aeig The token T_CS[\aeig] is not defined.
	at 0302089.tex; line 2024 col 0 - line 2024 col 9
	Defining it now as <ltx:ERROR/>
	Next token is T_BEGIN[{] ( == T_BEGIN[{]) more: \the\secno.\the\meqno} \else\ifnum\appno>0
\eqno({\rm\romappno}.\the\meqno)\xdef\aeig{{\rm\romappno}.\the\meqno}
\else\eqno(\the\meqno)\xdef\aeig{\the\meqno} \fi\fi\global\advance\meqnoby1 
	In Core::Gullet[@0x55a46c114be8] /home/user/latex-in-arxiv/2003/0302089.tex; from line 2024 col 0 to line 2024 col 9
	 <= Core::Definition::Expandable[\eqno] <= Core::Gullet[@0x55a46c114be8] <= Core::Stomach[@0x55a46c115140] <= ...
Error:undefined:\beig The token T_CS[\beig] is not defined.
	at 0302089.tex; line 2036 col 0 - line 2036 col 9
	Defining it now as <ltx:ERROR/>
	Next token is T_BEGIN[{] ( == T_BEGIN[{]) more: \the\secno.\the\meqno} \else\ifnum\appno>0
\eqno({\rm\romappno}.\the\meqno)\xdef\beig{{\rm\romappno}.\the\meqno}
\else\eqno(\the\meqno)\xdef\beig{\the\meqno} \fi\fi\global\advance\meqnoby1 
	In Core::Gullet[@0x55a46c114be8] /home/user/latex-in-arxiv/2003/0302089.tex; from line 2036 col 0 to line 2036 col 9
	 <= Core::Definition::Expandable[\eqno] <= Core::Gullet[@0x55a46c114be8] <= Core::Stomach[@0x55a46c115140] <= ...
Error:undefined:\nnei The token T_CS[\nnei] is not defined.
	at 0302089.tex; line 2171 col 0 - line 2171 col 9
	Defining it now as <ltx:ERROR/>
	Next token is T_BEGIN[{] ( == T_BEGIN[{]) more: \the\secno.\the\meqno} \else\ifnum\appno>0
\eqno({\rm\romappno}.\the\meqno)\xdef\nnei{{\rm\romappno}.\the\meqno}
\else\eqno(\the\meqno)\xdef\nnei{\the\meqno} \fi\fi\global\advance\meqnoby1 
	In Core::Gullet[@0x55a46c114be8] /home/user/latex-in-arxiv/2003/0302089.tex; from line 2171 col 0 to line 2171 col 9
	 <= Core::Definition::Expandable[\eqno] <= Core::Gullet[@0x55a46c114be8] <= Core::Stomach[@0x55a46c115140] <= ...
Error:undefined:\typeds The token T_CS[\typeds] is not defined.
	at 0302089.tex; line 2257 col 0 - line 2257 col 11
	Defining it now as <ltx:ERROR/>
	Next token is T_BEGIN[{] ( == T_BEGIN[{]) more: \the\secno.\the\meqno} \else\ifnum\appno>0
\eqno({\rm\romappno}.\the\meqno)\xdef\typeds{{\rm\romappno}.\the\meqno}
\else\eqno(\the\meqno)\xdef\typeds{\the\meqno} \fi\fi\global\advance\meqnoby1 
	In Core::Gullet[@0x55a46c114be8] /home/user/latex-in-arxiv/2003/0302089.tex; from line 2257 col 0 to line 2257 col 11
	 <= Core::Definition::Expandable[\eqno] <= Core::Gullet[@0x55a46c114be8] <= Core::Stomach[@0x55a46c115140] <= ...
Error:undefined:\marimo The token T_CS[\marimo] is not defined.
	at 0302089.tex; line 2363 col 0 - line 2363 col 11
	Defining it now as <ltx:ERROR/>
	Next token is T_BEGIN[{] ( == T_BEGIN[{]) more: \the\secno.\the\meqno} \else\ifnum\appno>0
\eqno({\rm\romappno}.\the\meqno)\xdef\marimo{{\rm\romappno}.\the\meqno}
\else\eqno(\the\meqno)\xdef\marimo{\the\meqno} \fi\fi\global\advance\meqnoby1 
	In Core::Gullet[@0x55a46c114be8] /home/user/latex-in-arxiv/2003/0302089.tex; from line 2363 col 0 to line 2363 col 11
	 <= Core::Definition::Expandable[\eqno] <= Core::Gullet[@0x55a46c114be8] <= Core::Stomach[@0x55a46c115140] <= ...
Error:undefined:\pdecomp The token T_CS[\pdecomp] is not defined.
	at 0302089.tex; line 2397 col 0 - line 2397 col 12
	Defining it now as <ltx:ERROR/>
	Next token is T_BEGIN[{] ( == T_BEGIN[{]) more: \the\secno.\the\meqno} \else\ifnum\appno>0
\eqno({\rm\romappno}.\the\meqno)\xdef\pdecomp{{\rm\romappno}.\the\meqno}
\else\eqno(\the\meqno)\xdef\pdecomp{\the\meqno} \fi\fi\global\advance\meqnoby1 
	In Core::Gullet[@0x55a46c114be8] /home/user/latex-in-arxiv/2003/0302089.tex; from line 2397 col 0 to line 2397 col 12
	 <= Core::Definition::Expandable[\eqno] <= Core::Gullet[@0x55a46c114be8] <= Core::Stomach[@0x55a46c115140] <= ...
Error:undefined:\bunhou The token T_CS[\bunhou] is not defined.
	at 0302089.tex; line 2406 col 0 - line 2406 col 11
	Defining it now as <ltx:ERROR/>
	Next token is T_BEGIN[{] ( == T_BEGIN[{]) more: \the\secno.\the\meqno} \else\ifnum\appno>0
\eqno({\rm\romappno}.\the\meqno)\xdef\bunhou{{\rm\romappno}.\the\meqno}
\else\eqno(\the\meqno)\xdef\bunhou{\the\meqno} \fi\fi\global\advance\meqnoby1 
	In Core::Gullet[@0x55a46c114be8] /home/user/latex-in-arxiv/2003/0302089.tex; from line 2406 col 0 to line 2406 col 11
	 <= Core::Definition::Expandable[\eqno] <= Core::Gullet[@0x55a46c114be8] <= Core::Stomach[@0x55a46c115140] <= ...
Error:undefined:\eifun The token T_CS[\eifun] is not defined.
	at 0302089.tex; line 2414 col 0 - line 2414 col 10
	Defining it now as <ltx:ERROR/>
	Next token is T_BEGIN[{] ( == T_BEGIN[{]) more: \the\secno.\the\meqno} \else\ifnum\appno>0
\eqno({\rm\romappno}.\the\meqno)\xdef\eifun{{\rm\romappno}.\the\meqno}
\else\eqno(\the\meqno)\xdef\eifun{\the\meqno} \fi\fi\global\advance\meqnoby1 
	In Core::Gullet[@0x55a46c114be8] /home/user/latex-in-arxiv/2003/0302089.tex; from line 2414 col 0 to line 2414 col 10
	 <= Core::Definition::Expandable[\eqno] <= Core::Gullet[@0x55a46c114be8] <= Core::Stomach[@0x55a46c115140] <= ...
Error:undefined:\yago The token T_CS[\yago] is not defined.
	at 0302089.tex; line 2429 col 0 - line 2429 col 9
	Defining it now as <ltx:ERROR/>
	Next token is T_BEGIN[{] ( == T_BEGIN[{]) more: \the\secno.\the\meqno} \else\ifnum\appno>0
\eqno({\rm\romappno}.\the\meqno)\xdef\yago{{\rm\romappno}.\the\meqno}
\else\eqno(\the\meqno)\xdef\yago{\the\meqno} \fi\fi\global\advance\meqnoby1 
	In Core::Gullet[@0x55a46c114be8] /home/user/latex-in-arxiv/2003/0302089.tex; from line 2429 col 0 to line 2429 col 9
	 <= Core::Definition::Expandable[\eqno] <= Core::Gullet[@0x55a46c114be8] <= Core::Stomach[@0x55a46c115140] <= ...
Error:undefined:\qsabc The token T_CS[\qsabc] is not defined.
	at 0302089.tex; line 2440 col 0 - line 2440 col 10
	Defining it now as <ltx:ERROR/>
	Next token is T_BEGIN[{] ( == T_BEGIN[{]) more: \the\secno.\the\meqno} \else\ifnum\appno>0
\eqno({\rm\romappno}.\the\meqno)\xdef\qsabc{{\rm\romappno}.\the\meqno}
\else\eqno(\the\meqno)\xdef\qsabc{\the\meqno} \fi\fi\global\advance\meqnoby1 
	In Core::Gullet[@0x55a46c114be8] /home/user/latex-in-arxiv/2003/0302089.tex; from line 2440 col 0 to line 2440 col 10
	 <= Core::Definition::Expandable[\eqno] <= Core::Gullet[@0x55a46c114be8] <= Core::Stomach[@0x55a46c115140] <= ...
Error:undefined:\mizusumasi The token T_CS[\mizusumasi] is not defined.
	at 0302089.tex; line 2481 col 0 - line 2481 col 15
	Defining it now as <ltx:ERROR/>
	Next token is T_BEGIN[{] ( == T_BEGIN[{]) more: \the\secno.\the\meqno} \else\ifnum\appno>0
\eqno({\rm\romappno}.\the\meqno)\xdef\mizusumasi{{\rm\romappno}.\the\meqno}
\else\eqno(\the\meqno)\xdef\mizusumasi{\the\meqno} \fi\fi\global\advance\meqnoby1 
	In Core::Gullet[@0x55a46c114be8] /home/user/latex-in-arxiv/2003/0302089.tex; from line 2481 col 0 to line 2481 col 15
	 <= Core::Definition::Expandable[\eqno] <= Core::Gullet[@0x55a46c114be8] <= Core::Stomach[@0x55a46c115140] <= ...
Error:undefined:\yamori The token T_CS[\yamori] is not defined.
	at 0302089.tex; line 2491 col 0 - line 2491 col 11
	Defining it now as <ltx:ERROR/>
	Next token is T_BEGIN[{] ( == T_BEGIN[{]) more: \the\secno.\the\meqno} \else\ifnum\appno>0
\eqno({\rm\romappno}.\the\meqno)\xdef\yamori{{\rm\romappno}.\the\meqno}
\else\eqno(\the\meqno)\xdef\yamori{\the\meqno} \fi\fi\global\advance\meqnoby1 
	In Core::Gullet[@0x55a46c114be8] /home/user/latex-in-arxiv/2003/0302089.tex; from line 2491 col 0 to line 2491 col 11
	 <= Core::Definition::Expandable[\eqno] <= Core::Gullet[@0x55a46c114be8] <= Core::Stomach[@0x55a46c115140] <= ...
Error:undefined:\tanisi The token T_CS[\tanisi] is not defined.
	at 0302089.tex; line 2504 col 0 - line 2504 col 11
	Defining it now as <ltx:ERROR/>
	Next token is T_BEGIN[{] ( == T_BEGIN[{]) more: \the\secno.\the\meqno} \else\ifnum\appno>0
\eqno({\rm\romappno}.\the\meqno)\xdef\tanisi{{\rm\romappno}.\the\meqno}
\else\eqno(\the\meqno)\xdef\tanisi{\the\meqno} \fi\fi\global\advance\meqnoby1 
	In Core::Gullet[@0x55a46c114be8] /home/user/latex-in-arxiv/2003/0302089.tex; from line 2504 col 0 to line 2504 col 11
	 <= Core::Definition::Expandable[\eqno] <= Core::Gullet[@0x55a46c114be8] <= Core::Stomach[@0x55a46c115140] <= ...
Error:undefined:\yadokari The token T_CS[\yadokari] is not defined.
	at 0302089.tex; line 2513 col 0 - line 2513 col 13
	Defining it now as <ltx:ERROR/>
	Next token is T_BEGIN[{] ( == T_BEGIN[{]) more: \the\secno.\the\meqno} \else\ifnum\appno>0
\eqno({\rm\romappno}.\the\meqno)\xdef\yadokari{{\rm\romappno}.\the\meqno}
\else\eqno(\the\meqno)\xdef\yadokari{\the\meqno} \fi\fi\global\advance\meqnoby1 
	In Core::Gullet[@0x55a46c114be8] /home/user/latex-in-arxiv/2003/0302089.tex; from line 2513 col 0 to line 2513 col 13
	 <= Core::Definition::Expandable[\eqno] <= Core::Gullet[@0x55a46c114be8] <= Core::Stomach[@0x55a46c115140] <= ...
Error:undefined:\gaa The token T_CS[\gaa] is not defined.
	at 0302089.tex; line 2663 col 0 - line 2663 col 8
	Defining it now as <ltx:ERROR/>
	Next token is T_BEGIN[{] ( == T_BEGIN[{]) more: {\rm\romappno}.\the\meqno}
\else\eqno(\the\meqno)\xdef\gaa{\the\meqno} \fi\fi\global\advance\meqnoby1 
	In Core::Gullet[@0x55a46c114be8] /home/user/latex-in-arxiv/2003/0302089.tex; from line 2663 col 0 to line 2663 col 8
	 <= Core::Definition::Expandable[\eqno] <= Core::Gullet[@0x55a46c114be8] <= Core::Stomach[@0x55a46c115140] <= ...
Error:undefined:\gob The token T_CS[\gob] is not defined.
	at 0302089.tex; line 2670 col 0 - line 2670 col 8
	Defining it now as <ltx:ERROR/>
	Next token is T_BEGIN[{] ( == T_BEGIN[{]) more: {\rm\romappno}.\the\meqno}
\else\eqno(\the\meqno)\xdef\gob{\the\meqno} \fi\fi\global\advance\meqnoby1 
	In Core::Gullet[@0x55a46c114be8] /home/user/latex-in-arxiv/2003/0302089.tex; from line 2670 col 0 to line 2670 col 8
	 <= Core::Definition::Expandable[\eqno] <= Core::Gullet[@0x55a46c114be8] <= Core::Stomach[@0x55a46c115140] <= ...
Error:undefined:\wiski The token T_CS[\wiski] is not defined.
	at 0302089.tex; line 2678 col 0 - line 2678 col 10
	Defining it now as <ltx:ERROR/>
	Next token is T_BEGIN[{] ( == T_BEGIN[{]) more: {\rm\romappno}.\the\meqno}
\else\eqno(\the\meqno)\xdef\wiski{\the\meqno} \fi\fi\global\advance\meqnoby1 
	In Core::Gullet[@0x55a46c114be8] /home/user/latex-in-arxiv/2003/0302089.tex; from line 2678 col 0 to line 2678 col 10
	 <= Core::Definition::Expandable[\eqno] <= Core::Gullet[@0x55a46c114be8] <= Core::Stomach[@0x55a46c115140] <= ...
Error:undefined:\wiwiwi The token T_CS[\wiwiwi] is not defined.
	at 0302089.tex; line 2684 col 0 - line 2684 col 11
	Defining it now as <ltx:ERROR/>
	Next token is T_BEGIN[{] ( == T_BEGIN[{]) more: {\rm\romappno}.\the\meqno}
\else\eqno(\the\meqno)\xdef\wiwiwi{\the\meqno} \fi\fi\global\advance\meqnoby1 
	In Core::Gullet[@0x55a46c114be8] /home/user/latex-in-arxiv/2003/0302089.tex; from line 2684 col 0 to line 2684 col 11
	 <= Core::Definition::Expandable[\eqno] <= Core::Gullet[@0x55a46c114be8] <= Core::Stomach[@0x55a46c115140] <= ...
Error:undefined:\goc The token T_CS[\goc] is not defined.
	at 0302089.tex; line 2691 col 0 - line 2691 col 8
	Defining it now as <ltx:ERROR/>
	Next token is T_BEGIN[{] ( == T_BEGIN[{]) more: {\rm\romappno}.\the\meqno}
\else\eqno(\the\meqno)\xdef\goc{\the\meqno} \fi\fi\global\advance\meqnoby1 
	In Core::Gullet[@0x55a46c114be8] /home/user/latex-in-arxiv/2003/0302089.tex; from line 2691 col 0 to line 2691 col 8
	 <= Core::Definition::Expandable[\eqno] <= Core::Gullet[@0x55a46c114be8] <= Core::Stomach[@0x55a46c115140] <= ...
Error:undefined:\gba The token T_CS[\gba] is not defined.
	at 0302089.tex; line 2714 col 0 - line 2714 col 8
	Defining it now as <ltx:ERROR/>
	Next token is T_BEGIN[{] ( == T_BEGIN[{]) more: {\rm\romappno}.\the\meqno}
\else\eqno(\the\meqno)\xdef\gba{\the\meqno} \fi\fi\global\advance\meqnoby1 
	In Core::Gullet[@0x55a46c114be8] /home/user/latex-in-arxiv/2003/0302089.tex; from line 2714 col 0 to line 2714 col 8
	 <= Core::Definition::Expandable[\eqno] <= Core::Gullet[@0x55a46c114be8] <= Core::Stomach[@0x55a46c115140] <= ...
Error:undefined:\gobc The token T_CS[\gobc] is not defined.
	at 0302089.tex; line 2722 col 0 - line 2722 col 9
	Defining it now as <ltx:ERROR/>
	Next token is T_BEGIN[{] ( == T_BEGIN[{]) more: {\rm\romappno}.\the\meqno}
\else\eqno(\the\meqno)\xdef\gobc{\the\meqno} \fi\fi\global\advance\meqnoby1 
	In Core::Gullet[@0x55a46c114be8] /home/user/latex-in-arxiv/2003/0302089.tex; from line 2722 col 0 to line 2722 col 9
	 <= Core::Definition::Expandable[\eqno] <= Core::Gullet[@0x55a46c114be8] <= Core::Stomach[@0x55a46c115140] <= ...
Error:undefined:\gobd The token T_CS[\gobd] is not defined.
	at 0302089.tex; line 2728 col 0 - line 2728 col 9
	Defining it now as <ltx:ERROR/>
	Next token is T_BEGIN[{] ( == T_BEGIN[{]) more: {\rm\romappno}.\the\meqno}
\else\eqno(\the\meqno)\xdef\gobd{\the\meqno} \fi\fi\global\advance\meqnoby1 
	In Core::Gullet[@0x55a46c114be8] /home/user/latex-in-arxiv/2003/0302089.tex; from line 2728 col 0 to line 2728 col 9
	 <= Core::Definition::Expandable[\eqno] <= Core::Gullet[@0x55a46c114be8] <= Core::Stomach[@0x55a46c115140] <= ...
Error:undefined:\acd The token T_CS[\acd] is not defined.
	at 0302089.tex; line 2757 col 0 - line 2757 col 8
	Defining it now as <ltx:ERROR/>
	Next token is T_BEGIN[{] ( == T_BEGIN[{]) more: {\rm\romappno}.\the\meqno}
\else\eqno(\the\meqno)\xdef\acd{\the\meqno} \fi\fi\global\advance\meqnoby1 
	In Core::Gullet[@0x55a46c114be8] /home/user/latex-in-arxiv/2003/0302089.tex; from line 2757 col 0 to line 2757 col 8
	 <= Core::Definition::Expandable[\eqno] <= Core::Gullet[@0x55a46c114be8] <= Core::Stomach[@0x55a46c115140] <= ...
Error:undefined:\bcd The token T_CS[\bcd] is not defined.
	at 0302089.tex; line 2769 col 0 - line 2769 col 8
	Defining it now as <ltx:ERROR/>
	Next token is T_BEGIN[{] ( == T_BEGIN[{]) more: {\rm\romappno}.\the\meqno}
\else\eqno(\the\meqno)\xdef\bcd{\the\meqno} \fi\fi\global\advance\meqnoby1 
	In Core::Gullet[@0x55a46c114be8] /home/user/latex-in-arxiv/2003/0302089.tex; from line 2769 col 0 to line 2769 col 8
	 <= Core::Definition::Expandable[\eqno] <= Core::Gullet[@0x55a46c114be8] <= Core::Stomach[@0x55a46c115140] <= ...
Error:undefined:\dcd The token T_CS[\dcd] is not defined.
	at 0302089.tex; line 2778 col 0 - line 2778 col 8
	Defining it now as <ltx:ERROR/>
	Next token is T_BEGIN[{] ( == T_BEGIN[{]) more: {\rm\romappno}.\the\meqno}
\else\eqno(\the\meqno)\xdef\dcd{\the\meqno} \fi\fi\global\advance\meqnoby1 
	In Core::Gullet[@0x55a46c114be8] /home/user/latex-in-arxiv/2003/0302089.tex; from line 2778 col 0 to line 2778 col 8
	 <= Core::Definition::Expandable[\eqno] <= Core::Gullet[@0x55a46c114be8] <= Core::Stomach[@0x55a46c115140] <= ...
Error:undefined:\ecd The token T_CS[\ecd] is not defined.
	at 0302089.tex; line 2788 col 0 - line 2788 col 8
	Defining it now as <ltx:ERROR/>
	Next token is T_BEGIN[{] ( == T_BEGIN[{]) more: {\rm\romappno}.\the\meqno}
\else\eqno(\the\meqno)\xdef\ecd{\the\meqno} \fi\fi\global\advance\meqnoby1 
	In Core::Gullet[@0x55a46c114be8] /home/user/latex-in-arxiv/2003/0302089.tex; from line 2788 col 0 to line 2788 col 8
	 <= Core::Definition::Expandable[\eqno] <= Core::Gullet[@0x55a46c114be8] <= Core::Stomach[@0x55a46c115140] <= ...
Error:undefined:\fcd The token T_CS[\fcd] is not defined.
	at 0302089.tex; line 2796 col 0 - line 2796 col 8
	Defining it now as <ltx:ERROR/>
	Next token is T_BEGIN[{] ( == T_BEGIN[{]) more: {\rm\romappno}.\the\meqno}
\else\eqno(\the\meqno)\xdef\fcd{\the\meqno} \fi\fi\global\advance\meqnoby1 
	In Core::Gullet[@0x55a46c114be8] /home/user/latex-in-arxiv/2003/0302089.tex; from line 2796 col 0 to line 2796 col 8
	 <= Core::Definition::Expandable[\eqno] <= Core::Gullet[@0x55a46c114be8] <= Core::Stomach[@0x55a46c115140] <= ...
Error:undefined:\ccse The token T_CS[\ccse] is not defined.
	at 0302089.tex; line 2806 col 0 - line 2806 col 9
	Defining it now as <ltx:ERROR/>
	Next token is T_BEGIN[{] ( == T_BEGIN[{]) more: {\rm\romappno}.\the\meqno}
\else\eqno(\the\meqno)\xdef\ccse{\the\meqno} \fi\fi\global\advance\meqnoby1 
	In Core::Gullet[@0x55a46c114be8] /home/user/latex-in-arxiv/2003/0302089.tex; from line 2806 col 0 to line 2806 col 9
	 <= Core::Definition::Expandable[\eqno] <= Core::Gullet[@0x55a46c114be8] <= Core::Stomach[@0x55a46c115140] <= ...
Error:undefined:\naninani The token T_CS[\naninani] is not defined.
	at 0302089.tex; line 2832 col 0 - line 2832 col 13
	Defining it now as <ltx:ERROR/>
	Next token is T_BEGIN[{] ( == T_BEGIN[{]) more: {\rm\romappno}.\the\meqno}
\else\eqno(\the\meqno)\xdef\naninani{\the\meqno} \fi\fi\global\advance\meqnoby1 
	In Core::Gullet[@0x55a46c114be8] /home/user/latex-in-arxiv/2003/0302089.tex; from line 2832 col 0 to line 2832 col 13
	 <= Core::Definition::Expandable[\eqno] <= Core::Gullet[@0x55a46c114be8] <= Core::Stomach[@0x55a46c115140] <= ...
Error:undefined:\nanio The token T_CS[\nanio] is not defined.
	at 0302089.tex; line 2848 col 0 - line 2848 col 10
	Defining it now as <ltx:ERROR/>
	Next token is T_BEGIN[{] ( == T_BEGIN[{]) more: {\rm\romappno}.\the\meqno}
\else\eqno(\the\meqno)\xdef\nanio{\the\meqno} \fi\fi\global\advance\meqnoby1 
	In Core::Gullet[@0x55a46c114be8] /home/user/latex-in-arxiv/2003/0302089.tex; from line 2848 col 0 to line 2848 col 10
	 <= Core::Definition::Expandable[\eqno] <= Core::Gullet[@0x55a46c114be8] <= Core::Stomach[@0x55a46c115140] <= ...
Error:undefined:\dema The token T_CS[\dema] is not defined.
	at 0302089.tex; line 2859 col 0 - line 2859 col 9
	Defining it now as <ltx:ERROR/>
	Next token is T_BEGIN[{] ( == T_BEGIN[{]) more: {\rm\romappno}.\the\meqno}
\else\eqno(\the\meqno)\xdef\dema{\the\meqno} \fi\fi\global\advance\meqnoby1 
	In Core::Gullet[@0x55a46c114be8] /home/user/latex-in-arxiv/2003/0302089.tex; from line 2859 col 0 to line 2859 col 9
	 <= Core::Definition::Expandable[\eqno] <= Core::Gullet[@0x55a46c114be8] <= Core::Stomach[@0x55a46c115140] <= ...
Error:undefined:\demb The token T_CS[\demb] is not defined.
	at 0302089.tex; line 2870 col 0 - line 2870 col 9
	Defining it now as <ltx:ERROR/>
	Next token is T_BEGIN[{] ( == T_BEGIN[{]) more: {\rm\romappno}.\the\meqno}
\else\eqno(\the\meqno)\xdef\demb{\the\meqno} \fi\fi\global\advance\meqnoby1 
	In Core::Gullet[@0x55a46c114be8] /home/user/latex-in-arxiv/2003/0302089.tex; from line 2870 col 0 to line 2870 col 9
	 <= Core::Definition::Expandable[\eqno] <= Core::Gullet[@0x55a46c114be8] <= Core::Stomach[@0x55a46c115140] <= ...
Error:undefined:\demc The token T_CS[\demc] is not defined.
	at 0302089.tex; line 2880 col 0 - line 2880 col 9
	Defining it now as <ltx:ERROR/>
	Next token is T_BEGIN[{] ( == T_BEGIN[{]) more: {\rm\romappno}.\the\meqno}
\else\eqno(\the\meqno)\xdef\demc{\the\meqno} \fi\fi\global\advance\meqnoby1 
	In Core::Gullet[@0x55a46c114be8] /home/user/latex-in-arxiv/2003/0302089.tex; from line 2880 col 0 to line 2880 col 9
	 <= Core::Definition::Expandable[\eqno] <= Core::Gullet[@0x55a46c114be8] <= Core::Stomach[@0x55a46c115140] <= ...
Error:undefined:\odema The token T_CS[\odema] is not defined.
	at 0302089.tex; line 2885 col 0 - line 2885 col 10
	Defining it now as <ltx:ERROR/>
	Next token is T_BEGIN[{] ( == T_BEGIN[{]) more: {\rm\romappno}.\the\meqno}
\else\eqno(\the\meqno)\xdef\odema{\the\meqno} \fi\fi\global\advance\meqnoby1 
	In Core::Gullet[@0x55a46c114be8] /home/user/latex-in-arxiv/2003/0302089.tex; from line 2885 col 0 to line 2885 col 10
	 <= Core::Definition::Expandable[\eqno] <= Core::Gullet[@0x55a46c114be8] <= Core::Stomach[@0x55a46c115140] <= ...
Error:undefined:\odemb The token T_CS[\odemb] is not defined.
	at 0302089.tex; line 2893 col 0 - line 2893 col 10
	Defining it now as <ltx:ERROR/>
	Next token is T_BEGIN[{] ( == T_BEGIN[{]) more: {\rm\romappno}.\the\meqno}
\else\eqno(\the\meqno)\xdef\odemb{\the\meqno} \fi\fi\global\advance\meqnoby1 
	In Core::Gullet[@0x55a46c114be8] /home/user/latex-in-arxiv/2003/0302089.tex; from line 2893 col 0 to line 2893 col 10
	 <= Core::Definition::Expandable[\eqno] <= Core::Gullet[@0x55a46c114be8] <= Core::Stomach[@0x55a46c115140] <= ...
Error:undefined:\odemc The token T_CS[\odemc] is not defined.
	at 0302089.tex; line 2907 col 0 - line 2907 col 10
	Defining it now as <ltx:ERROR/>
	Next token is T_BEGIN[{] ( == T_BEGIN[{]) more: {\rm\romappno}.\the\meqno}
\else\eqno(\the\meqno)\xdef\odemc{\the\meqno} \fi\fi\global\advance\meqnoby1 
	In Core::Gullet[@0x55a46c114be8] /home/user/latex-in-arxiv/2003/0302089.tex; from line 2907 col 0 to line 2907 col 10
	 <= Core::Definition::Expandable[\eqno] <= Core::Gullet[@0x55a46c114be8] <= Core::Stomach[@0x55a46c115140] <= ...
(Processing content refs.tmp... 0.13 sec) 7.25 sec) 7.48 sec)
(Building...
(Loading compiled schema /usr/share/perl5/LaTeXML/resources/RelaxNG/LaTeXML.model... 0.01 sec) 19.13 sec)
(Rewriting... 0.77 sec)
(Math Parsing 972 formulae ......
Warning:not_parsed:UNKNOWN>METARELOP MathParser failed to match rule 'Anything'
	at 0302089.tex; line 1322 col 0 - line 1327 col 2
	In "$${\cal P}:\quad\Psi(x)\longrightarrow({\cal P}\Psi)(x):=\Psi(l-x),$$"
	P[[UNKNOWN]]
	        > :[[METARELOP]] $${\calP}:\quad\Psi(x)\longrightarrow({\calP}\Psi)(x):=\Psi(l-x),$$[[PUNCT]] [[UNKNOWN]] ([[OPEN]] x[[UNKNOWN]] )[[CLOSE]] [[ARROW]] ([[OPEN]] P[[UNKNOWN]] [[UNKNOWN]] )[[CLOSE]] ([[OPEN]] x[[UNKNOWN]] )[[CLOSE]] :=[[RELOP]] [[UNKNOWN]] ([[OPEN]] l[[UNKNOWN]] -[[ADDOP]] x[[UNKNOWN]] )[[CLOSE]]
Warning:not_parsed:UNKNOWN.POSTSUBSCRIPT>METARELOP MathParser failed to match rule 'Anything'
	at 0302089.tex; line 1329 col 0 - line 1334 col 2
	In "$${\cal I}_{X}:\quad\Psi(x)\longrightarrow({\cal I}_{X}\Psi)(x):=X\Psi(x),$$"
	I[[UNKNOWN]] _{X}[[POSTSUBSCRIPT]]
	        > :[[METARELOP]] $${\calI}_{X}:\quad\Psi(x)\longrightarrow({\calI}_{X}\Psi)(x):=X\Psi(x),$$[[PUNCT]] [[UNKNOWN]] ([[OPEN]] x[[UNKNOWN]] )[[CLOSE]] [[ARROW]] ([[OPEN]] I[[UNKNOWN]] _{X}[[POSTSUBSCRIPT]] [[UNKNOWN]] )[[CLOSE]] ([[OPEN]] x[[UNKNOWN]] )[[CLOSE]] :=[[RELOP]] X[[UNKNOWN]] [[UNKNOWN]] ([[OPEN]] x[[UNKNOWN]] )[[CLOSE]]
Warning:not_parsed:UNKNOWN.POSTSUPERSCRIPT.POSTSUBSCRIPT>METARELOP MathParser failed to match rule 'Anything'
	at 0302089.tex; line 2298 col 0 - line 2309 col 2
	In "$${\cal F}^{+}_{1}:\quad\Psi(x)\longrightarrow({\cal F}^{+}_{1}\Psi)(x)=\left(%
	\matrix{\psi_{1}^{+}(l-x)\cr\psi_{1}^{-}(x)\cr\psi_{2}^{+}(x)\cr\psi_{2}^{-}(x%
	)}\right).$$"
	F[[UNKNOWN]] ^{+}[[POSTSUPERSCRIPT]] _{1}[[POSTSUBSCRIPT]]
	        > :[[METARELOP]] $${\calF}^{+}_{1}:\quad\Psi(x)\longrightarrow({\calF}^{+}_{1}\Psi)(x)=\left(\matrix{\psi_{1}^{+}(l-x)\cr\psi_{1}^{-}(x)\cr\psi_{2}^{+}(x)\cr\psi_{2}^{-}(x)}\right).$$[[PUNCT]] [[UNKNOWN]] ([[OPEN]] x[[UNKNOWN]] )[[CLOSE]] [[ARROW]] ([[OPEN]] F[[UNKNOWN]] ^{+}[[POSTSUPERSCRIPT]] _{1}[[POSTSUBSCRIPT]] [[UNKNOWN]] )[[CLOSE]] ([[OPEN]] x[[UNKNOWN]] )[[CLOSE]] =[[RELOP]] \left([[OPEN]] \matrix{\psi_{1}^{+}(l-x)\cr\psi_{1}^{-}(x)\cr\psi_{2}^{+}(x)\cr\psi_{2}^{-}(x)}[[UNKNOWN]] \right)[[CLOSE]]
Warning:not_parsed:UNKNOWN.POSTSUBSCRIPT.CLOSE>RELOP MathParser failed to match rule 'Anything'
	at 0302089.tex; line 2374 col 0 - line 2383 col 2
	In "$${\cal D}(Q_{0})=\left\{\Psi\,\big{|}\,\Psi(x)\in\hbox{AC}[(0,l])\otimes{%
	\eightbb C}^{4},\,\,(Q_{0}\Psi)(x)\in{\cal H},\,\,\Psi(0)=\Psi(l)=0\right\},$$"
	D[[UNKNOWN]] ([[OPEN]] Q[[UNKNOWN]] _{0}[[POSTSUBSCRIPT]] )[[CLOSE]]
	        > =[[RELOP]] \left\{[[OPEN]] [[UNKNOWN]] |[[VERTBAR]] [[UNKNOWN]] ([[OPEN]] x[[UNKNOWN]] )[[CLOSE]] [[RELOP]] \hbox{AC}[[UNKNOWN]] [[[OPEN]] ([[OPEN]] 0[[NUMBER]] ,[[PUNCT]] l[[UNKNOWN]] ][[CLOSE]] )[[CLOSE]] [[MULOP]] [[UNKNOWN]] ^{4}[[POSTSUPERSCRIPT]] ,[[PUNCT]] ([[OPEN]] Q[[UNKNOWN]] _{0}[[POSTSUBSCRIPT]] [[UNKNOWN]] )[[CLOSE]] ([[OPEN]] x[[UNKNOWN]] )[[CLOSE]] [[RELOP]] H[[UNKNOWN]] ,[[PUNCT]] [[UNKNOWN]] ([[OPEN]] 0[[NUMBER]] )[[CLOSE]] =[[RELOP]] [[UNKNOWN]] ([[OPEN]] l[[UNKNOWN]] )[[CLOSE]] =[[RELOP]] 0[[NUMBER]] \right\}[[CLOSE]]
Warning:not_parsed:ATOM>OPEN MathParser failed to match rule 'Anything'
	at 0302089.tex; line 2384 col 12 - line 2384 col 24
	In "$\hbox{AC}[(0,l])$"
	\hbox{AC}[[UNKNOWN]]
	        > [[[OPEN]] ([[OPEN]] 0[[NUMBER]] ,[[PUNCT]] l[[UNKNOWN]] ][[CLOSE]] )[[CLOSE]]
 39.94 sec)
Math parsing succeeded:
   ltx:XMath: 967/972
   ltx:XMArg: 2889/2889
Symbols assumed as simple identifiers (with # of occurences):
   'A' (24), 'A1' (1), 'A2' (1), 'A{italic}' (101), 'B1' (1), 'B2' (1), 'B{italic}' (29), 'C{italic}' (2), 'D{caligraphic}' (13), 'D{italic}' (65), 'E{italic}' (15), 'F{caligraphic}' (21), 'F{italic}' (3), 'Gamma' (30), 'H{caligraphic}' (8), 'H{italic}' (14), 'I{caligraphic}' (5), 'I{italic}' (57), 'K{italic}' (44), 'L{italic}' (125), 'N{italic}' (88), 'Omega' (16), 'Phi' (59), 'Psi' (90), 'P{caligraphic}' (5), 'Q{italic}' (60), 'Sigma' (13), 'S{italic}' (42), 'T{italic}' (6), 'U{italic}' (83), 'V{italic}' (145), 'W{italic}' (11), 'X{italic}' (5), 'Y{italic}' (18), 'alpha' (25), 'a{italic}' (12), 'beta' (38), 'b{italic}' (9), 'c{italic}' (2), 'delta' (129), 'd{italic}' (13), 'eta' (3), 'e{italic}' (129), 'for' (4), 'f{italic}' (23), 'g{italic}' (13), 'id' (2), 'i{italic}' (182), 'j{italic}' (12), 'kappa' (25), 'k{italic}' (106), 'lambda' (22), 'l{italic}' (137), 'mu' (52), 'm{italic}' (14), 'n{italic}' (11), 'omega' (23), 'or' (6), 'pi' (59), 'psi' (116), 'q{italic}' (23), 'sigma' (292), 's{italic}' (145), 'tau' (75), 'theta' (213), 'upsilon' (4), 'v{italic}' (3), 'xi' (31), 'x{bold}' (1), 'x{italic}' (271), 'z{italic}' (2), '' (8), '' (6), '' (1)
Set MATHPARSER_SPECULATE to speculate on possible notations.
(Finalizing... 4.33 sec)
Conversion complete 5 warnings; 100 errors; 100 undefined macros[\homudawake, \zst, \bei, \susysol, \pdecomp, \bdao, \fcd, \demc, \eiei, \eeigenm, \odemc, \supsup, \amaterasu, \bexcs, \hamati, \pest, \lamdef, \kzero, \mizusumasi, \coec, \yago, \typeds, \zstt, \yamori, \gobc, \bloblo, \naninani, \bcd, \eitz, \ecd, \hamihami, \ccse, \gaa, \izanagi, \vbloblo, \sptc, \eig, \marimo, \sawara, \odemb, \contcond, \yadokari, \otohimesama, \aeig, \omom, \konahanasakuya, \eifun, \eitg, \bouzu, \tanisi, \fstgrd, \esmtrx, \nnei, \concon, \cons, \gba, \dbloblo, \ancc, \hirame, \beig, \gespsol, \kppm, \demb, \gobd, \ototachibana, \gamga, \mokomoko, \nanio, \fun, \izanami, \vpara, \exaboun, \dema, \invpair, \acd, \lten, \wiwiwi, \simaazi, \udecomp, \hondawake, \kpm, \bunhou, \gensc, \fmgm, \qsabc, \secgrd, \spara, \wiski, \gob, \no, \megoti, \eit, \goc, \zoom, \odema, \yamatotakeru, \monmon, \aei, \dcd, \izumo] (See /home/user/latex-in-arxiv/0302089.latexml.log) (reqd. 1m 13.67s)
