latexml (LaTeXML version 0.8.6) processing 2003/0302118.tex
(Digesting TeX 0302118...
(Loading /usr/share/perl5/LaTeXML/Package/TeX.pool.ltxml...
(Loading /usr/share/perl5/LaTeXML/Package/eTeX.pool.ltxml... 0.01 sec)
(Loading /usr/share/perl5/LaTeXML/Package/pdfTeX.pool.ltxml... 0.01 sec) 0.18 sec)
(Processing content /home/user/latex-in-arxiv/2003/0302118.tex...
(Loading /usr/share/perl5/LaTeXML/Package/LaTeX.pool.ltxml...
(Loading /usr/share/perl5/LaTeXML/Package/textcomp.sty.ltxml...
(Processing definitions /usr/share/texlive/texmf-dist/tex/latex-dev/base/ts1enc.dfu... 0.03 sec) 1.50 sec) 1.77 sec)
(Loading /usr/share/perl5/LaTeXML/Package/revtex4.cls.ltxml...
(Loading /usr/share/perl5/LaTeXML/Package/article.cls.ltxml... 0.01 sec)
(Loading /usr/share/perl5/LaTeXML/Package/revtex4_support.sty.ltxml...
(Loading /usr/share/perl5/LaTeXML/Package/hyperref.sty.ltxml...
(Loading /usr/share/perl5/LaTeXML/Package/keyval.sty.ltxml...
(Processing definitions /usr/share/texlive/texmf-dist/tex/latex-dev/graphics/keyval.sty... 0.02 sec) 0.02 sec)
(Loading /usr/share/perl5/LaTeXML/Package/nameref.sty.ltxml... 0.00 sec)
(Loading /usr/share/perl5/LaTeXML/Package/url.sty.ltxml... 0.00 sec) 0.09 sec)
(Loading /usr/share/perl5/LaTeXML/Package/natbib.sty.ltxml... 0.02 sec)
(Loading /usr/share/perl5/LaTeXML/Package/revsymb.sty.ltxml... 0.00 sec)
(Loading /usr/share/perl5/LaTeXML/Package/longtable.sty.ltxml... 0.00 sec)
(Loading /usr/share/perl5/LaTeXML/Package/dcolumn.sty.ltxml...
(Loading /usr/share/perl5/LaTeXML/Package/array.sty.ltxml... 0.00 sec) 0.01 sec) 0.18 sec) 0.58 sec)
Warning:missing_file:epic Can't find binding for package epic
	at 0302118.tex; line 3 col 11 - line 3 col 11
	Anticipate undefined macros or environments
	search paths are /home/user/latex-in-arxiv/2003, /home/user/latex-in-arxiv
	In Core::Definition::Constructor[\usepac... /usr/share/perl5/LaTeXML/Package/LaTeX.pool.ltxml; line 806
Warning:missing_file:eepic Can't find binding for package eepic
	at 0302118.tex; line 4 col 11 - line 4 col 11
	Anticipate undefined macros or environments
	In Core::Definition::Constructor[\usepac... /usr/share/perl5/LaTeXML/Package/LaTeX.pool.ltxml; line 806
Error:undefined:\arc The token T_CS[\arc] is not defined.
	at 0302118.tex; line 146 col 0 - line 146 col 55
	Defining it now as <ltx:ERROR/>
	Next token is T_BEGIN[{] ( == T_BEGIN[{]) more: 3957.286}{5.7942}{6.6641}\relax
	In Core::Gullet[@0x56491bb52bd8] /home/user/latex-in-arxiv/2003/0302118.tex; from line 146 col 0 to line 146 col 55
	 <= Core::Stomach[@0x56491937b3d8] <= Core::Definition::Constructor[\put Pa... <= Core::Stomach[@0x56491937b3d8] <= ...
Error:undefined:\ellipse The token T_CS[\ellipse] is not defined.
	at 0302118.tex; line 150 col 0 - line 150 col 34
	Defining it now as <ltx:ERROR/>
	Next token is T_BEGIN[{] ( == T_BEGIN[{]) more: 314}{1664}\relax
	In Core::Gullet[@0x56491bb52bd8] /home/user/latex-in-arxiv/2003/0302118.tex; from line 150 col 0 to line 150 col 34
	 <= Core::Stomach[@0x56491937b3d8] <= Core::Definition::Constructor[\put Pa... <= Core::Stomach[@0x56491937b3d8] <= ...
Error:undefined:\blacken The token T_CS[\blacken] is not defined.
	at 0302118.tex; line 161 col 8 - line 161 col 8
	Defining it now as <ltx:ERROR/>
	Next token is T_CS[\path] ( == Core::Definition::Expandable[\path])
	In Core::Gullet[@0x56491bb52bd8] /home/user/latex-in-arxiv/2003/0302118.tex; from line 161 col 13 to line 161 col 13
	 <= Core::Stomach[@0x56491937b3d8] <= Core::Definition::Constructor[\begin{... <= Core::Stomach[@0x56491937b3d8] <= ...
 10.90 sec) 11.15 sec)
(Building...
(Loading compiled schema /usr/share/perl5/LaTeXML/resources/RelaxNG/LaTeXML.model... 0.01 sec) 6.56 sec)
(Rewriting... 0.18 sec)
(Math Parsing 642 formulae ......
Warning:not_parsed:ADDOP.UNKNOWN.POSTSUPERSCRIPT>FLOATSUBSCRIPT MathParser failed to match rule 'Anything'
	at 0302118.tex; line 267 col 0 - line 267 col 68
	In "$de^{\hat{\mu}}+\omega^{\hat{\mu}}{}_{\hat{\rho}}\wedge\omega^{\hat{\rho}}{}_{%
	\hat{\nu}}=0$"
	d[[UNKNOWN]] e[[UNKNOWN]] ^{\hat{\mu}}[[POSTSUPERSCRIPT]] +[[ADDOP]] ω[[UNKNOWN]] ^{\hat{\mu}}[[POSTSUPERSCRIPT]]
	        > {}_{\hat{\rho}}[[FLOATSUBSCRIPT]] ∧[[ADDOP]] ω[[UNKNOWN]] ^{\hat{\rho}}[[POSTSUPERSCRIPT]] {}_{\hat{\nu}}[[FLOATSUBSCRIPT]] =[[RELOP]] 0[[NUMBER]]
Warning:not_parsed:UNKNOWN.POSTSUPERSCRIPT>FLOATSUBSCRIPT MathParser failed to match rule 'Anything'
	at 0302118.tex; line 267 col 0 - line 267 col 68
	In "$R^{\hat{\mu}}{}_{\hat{\nu}}=d\omega^{\hat{\mu}}{}_{\hat{\nu}}+\omega^{\hat{%
	\mu}}{}_{\hat{\rho}}\wedge\omega^{\hat{\rho}}{}_{\hat{\nu}}$"
	R[[UNKNOWN]] ^{\hat{\mu}}[[POSTSUPERSCRIPT]]
	        > {}_{\hat{\nu}}[[FLOATSUBSCRIPT]] =[[RELOP]] d[[UNKNOWN]] ω[[UNKNOWN]] ^{\hat{\mu}}[[POSTSUPERSCRIPT]] {}_{\hat{\nu}}[[FLOATSUBSCRIPT]] +[[ADDOP]] ω[[UNKNOWN]] ^{\hat{\mu}}[[POSTSUPERSCRIPT]] {}_{\hat{\rho}}[[FLOATSUBSCRIPT]] ∧[[ADDOP]] ω[[UNKNOWN]] ^{\hat{\rho}}[[POSTSUPERSCRIPT]] {}_{\hat{\nu}}[[FLOATSUBSCRIPT]]
Warning:not_parsed:RELOP.UNKNOWN.POSTSUPERSCRIPT>FLOATSUBSCRIPT MathParser failed to match rule 'Anything'
	at 0302118.tex; line 267 col 0 - line 267 col 68
	In "$R_{\mu\nu}=R^{\rho}{}_{\mu\rho\nu}$"
	R[[UNKNOWN]] _{\mu\nu}[[POSTSUBSCRIPT]] =[[RELOP]] R[[UNKNOWN]] ^{\rho}[[POSTSUPERSCRIPT]]
	        > {}_{\mu\rho\nu}[[FLOATSUBSCRIPT]]
Warning:not_parsed:UNKNOWN.RELOP.NUMBER>PUNCT MathParser failed to match rule 'Anything'
	at 0302118.tex; line 433 col 46 - line 433 col 54
	In "$i=1,..,m$"
	i[[UNKNOWN]] =[[RELOP]] 1[[NUMBER]]
	        > ,[[PUNCT]] .[[PERIOD]] .[[PERIOD]] ,[[PUNCT]] m[[UNKNOWN]]
Warning:not_parsed:UNKNOWN.POSTSUBSCRIPT>RELOP MathParser failed to match rule 'Anything'
	at 0302118.tex; line 434 col 2 - line 434 col 20
	In "$B_{1}=..=B_{m}\equiv B$"
	B[[UNKNOWN]] _{1}[[POSTSUBSCRIPT]]
	        > =[[RELOP]] .[[PERIOD]] .[[PERIOD]] =[[RELOP]] B[[UNKNOWN]] _{m}[[POSTSUBSCRIPT]] ≡[[RELOP]] B[[UNKNOWN]]
Warning:not_parsed:UNKNOWN.RELOP.NUMBER>PUNCT MathParser failed to match rule 'Anything'
	at 0302118.tex; line 448 col 53 - line 448 col 61
	In "$l=1,..,k$"
	l[[UNKNOWN]] =[[RELOP]] 1[[NUMBER]]
	        > ,[[PUNCT]] .[[PERIOD]] .[[PERIOD]] ,[[PUNCT]] k[[UNKNOWN]]
Warning:not_parsed:UNKNOWN.RELOP.NUMBER>PUNCT MathParser failed to match rule 'Anything'
	at 0302118.tex; line 523 col 8 - line 523 col 16
	In "$i=1,..,m$"
	i[[UNKNOWN]] =[[RELOP]] 1[[NUMBER]]
	        > ,[[PUNCT]] .[[PERIOD]] .[[PERIOD]] ,[[PUNCT]] m[[UNKNOWN]]
Warning:not_parsed:UNKNOWN.RELOP.NUMBER>PUNCT MathParser failed to match rule 'Anything'
	at 0302118.tex; line 866 col 8 - line 866 col 18
	In "$i,j=1,..,m$"
	i[[UNKNOWN]] ,[[PUNCT]] j[[UNKNOWN]] =[[RELOP]] 1[[NUMBER]]
	        > ,[[PUNCT]] .[[PERIOD]] .[[PERIOD]] ,[[PUNCT]] m[[UNKNOWN]]
Warning:not_parsed:UNKNOWN.RELOP.NUMBER>PUNCT MathParser failed to match rule 'Anything'
	at 0302118.tex; line 866 col 25 - line 866 col 35
	In "$a,b=1,..,p$"
	a[[UNKNOWN]] ,[[PUNCT]] b[[UNKNOWN]] =[[RELOP]] 1[[NUMBER]]
	        > ,[[PUNCT]] .[[PERIOD]] .[[PERIOD]] ,[[PUNCT]] p[[UNKNOWN]]
 16.70 sec)
Math parsing succeeded:
   ltx:XMArg: 1415/1415
   ltx:XMWrap: 0/1
   ltx:XMath: 633/642
Symbols assumed as simple identifiers (with # of occurences):
   'A{italic}' (48), 'B{italic}' (115), 'C{italic}' (139), 'Delta' (9), 'F{italic}' (44), 'H{italic}' (3), 'R{italic}' (52), 'S{italic}' (7), 'T{italic}' (105), 'X{italic}' (16), 'alpha' (43), 'a{italic}' (152), 'beta' (4), 'b{italic}' (36), 'c{italic}' (21), 'delta' (26), 'd{italic}' (147), 'e{italic}' (65), 'f{italic}' (9), 'gamma' (10), 'g{italic}' (31), 'i{italic}' (13), 'j{italic}' (7), 'kappa' (9), 'k{italic}' (9), 'lambda' (15), 'l{italic}' (19), 'mu' (32), 'm{italic}' (134), 'nu' (32), 'n{italic}' (50), 'omega' (17), 'phi' (71), 'pi' (1), 'p{italic}' (202), 'q{italic}' (101), 'rho' (8), 'sigma' (2), 's{italic}' (116), 'tau' (10), 't{italic}' (107), 'u{italic}' (2), 'xi' (12), 'x{italic}' (45), 'y{italic}' (78)
Set MATHPARSER_SPECULATE to speculate on possible notations.
(Finalizing... 1.84 sec)
Conversion complete 11 warnings; 3 errors; 3 undefined macros[\blacken, \arc, \ellipse]; 2 missing files[epic.sty, eepic.sty] (See /home/user/latex-in-arxiv/0302118.latexml.log) (reqd. 37.47s)
