latexml (LaTeXML version 0.8.6) processing 2003/0302155.tex
(Digesting TeX 0302155...
(Loading /usr/share/perl5/LaTeXML/Package/TeX.pool.ltxml...
(Loading /usr/share/perl5/LaTeXML/Package/eTeX.pool.ltxml... 0.01 sec)
(Loading /usr/share/perl5/LaTeXML/Package/pdfTeX.pool.ltxml... 0.01 sec) 0.19 sec)
(Processing content /home/user/latex-in-arxiv/2003/0302155.tex...
(Loading /usr/share/perl5/LaTeXML/Package/LaTeX.pool.ltxml...
(Loading /usr/share/perl5/LaTeXML/Package/textcomp.sty.ltxml...
(Processing definitions /usr/share/texlive/texmf-dist/tex/latex-dev/base/ts1enc.dfu... 0.04 sec) 1.60 sec) 1.87 sec)
(Loading /usr/share/perl5/LaTeXML/Package/article.cls.ltxml... 0.02 sec)
(Loading /usr/share/perl5/LaTeXML/Package/fontenc.sty.ltxml...
(Loading /usr/share/perl5/LaTeXML/Package/t1enc.def.ltxml...
(Processing definitions /usr/share/texlive/texmf-dist/tex/latex-dev/base/t1enc.def...
(Processing definitions /usr/share/texlive/texmf-dist/tex/latex-dev/base/t1enc.dfu... 0.11 sec)
(Loading /usr/share/perl5/LaTeXML/Package/t1.fontmap.ltxml... 0.00 sec) 0.21 sec) 0.21 sec) 0.22 sec)
(Loading /usr/share/perl5/LaTeXML/Package/inputenc.sty.ltxml...
(Processing definitions /usr/share/texlive/texmf-dist/tex/latex-dev/base/latin1.def... 0.05 sec) 0.06 sec)
(Loading /usr/share/perl5/LaTeXML/Package/graphicx.sty.ltxml...
(Loading /usr/share/perl5/LaTeXML/Package/graphics.sty.ltxml... 0.01 sec) 0.03 sec)
(Loading /usr/share/perl5/LaTeXML/Package/amssymb.sty.ltxml...
(Loading /usr/share/perl5/LaTeXML/Package/amsfonts.sty.ltxml... 0.00 sec) 0.03 sec)
(Loading /usr/share/perl5/LaTeXML/Package/babel.sty.ltxml...
(Processing definitions /usr/share/texlive/texmf-dist/tex/generic/babel/babel.sty...
(Processing definitions /usr/share/texlive/texmf-dist/tex/generic/config/language.def... 0.07 sec)
(Loading /usr/share/perl5/LaTeXML/Package/txtbabel.def.ltxml...
(Processing definitions /usr/share/texlive/texmf-dist/tex/generic/babel/txtbabel.def... 0.00 sec)
(Loading /usr/share/perl5/LaTeXML/Package/babel_support.sty.ltxml... 0.00 sec) 0.02 sec)
(Processing definitions /usr/share/texlive/texmf-dist/tex/generic/babel-english/english.ldf... 0.44 sec)
(Processing definitions /usr/share/texlive/texmf-dist/tex/generic/babel-english/english.ldf... 0.02 sec)
(Processing definitions /usr/share/texlive/texmf-dist/tex/generic/babel-english/english.ldf... 0.02 sec)
(Processing definitions /usr/share/texlive/texmf-dist/tex/generic/babel-english/english.ldf... 0.02 sec)
(Processing definitions /usr/share/texlive/texmf-dist/tex/generic/babel-english/english.ldf... 0.02 sec)
(Processing definitions /usr/share/texlive/texmf-dist/tex/generic/babel-english/english.ldf... 0.02 sec) 5.53 sec) 5.53 sec)
(Processing content /usr/share/texlive/texmf-dist/tex/generic/babel/locale/en/babel-english.tex...
Info:latex:(babel)  Package babel Info: Importing
	at babel-english.tex; line 11 col 0 - line 11 col 1
	font and identification data for english\MessageBreakfrom babel-en.ini. Reported
 1.12 sec) 15.45 sec) 15.67 sec)
(Building...
(Loading compiled schema /usr/share/perl5/LaTeXML/resources/RelaxNG/LaTeXML.model... 0.01 sec) 7.66 sec)
(Rewriting... 0.29 sec)
(Math Parsing 260 formulae ......
Warning:not_parsed:NUMBER>PERIOD MathParser failed to match rule 'Anything'
	at 0302155.tex; line 533 col 180 - line 533 col 180
	In "$\displaystyle\log\widetilde{Z}\left(\beta\right)=-\frac{\pi r^{3}\left|m_{eff%
	}^{2}\right|^{1/2}}{2\beta^{2}}\sum_{n=1}^{\infty}\frac{1}{n^{3}}\left\{\frac{%
	d}{d\lambda}\frac{1.}{\lambda}\left[H_{1}\left(\alpha\lambda\right)-N_{1}\left%
	(\alpha\lambda\right)\right]\right\}_{\lambda=1}\@@ENDINLINEMATH"
	1[[NUMBER]]
	        > .[[PERIOD]]
Warning:not_parsed:NUMBER>PERIOD MathParser failed to match rule 'Anything'
	at 0302155.tex; line 533 col 180 - line 533 col 180
	In "$\displaystyle\log\widetilde{Z}\left(\beta\right)=-\frac{\pi r^{3}\left|m_{eff%
	}^{2}\right|^{1/2}}{2\beta^{2}}\sum_{n=1}^{\infty}\frac{1}{n^{3}}\left\{\frac{%
	d}{d\lambda}\frac{1.}{\lambda}\left[H_{1}\left(\alpha\lambda\right)-N_{1}\left%
	(\alpha\lambda\right)\right]\right\}_{\lambda=1}$"
	1[[NUMBER]]
	        > .[[PERIOD]]
Warning:not_parsed:UNKNOWN.ARROW.NUMBER>CLOSE MathParser failed to match rule 'Anything'
	at 0302155.tex; line 662 col 50 - line 662 col 66
	In "$\delta\rightarrow 0)$"
	δ[[UNKNOWN]] →[[ARROW]] 0[[NUMBER]]
	        > )[[CLOSE]]
 19.85 sec)
Math parsing succeeded:
   ltx:XMArg: 1681/1683
   ltx:XMath: 259/260
Symbols assumed as simple identifiers (with # of occurences):
   'D{italic}' (7), 'E{italic}' (12), 'F{italic}' (8), 'Gamma' (9), 'G{italic}' (7), 'H{italic}' (28), 'I{italic}' (4), 'J{italic}' (1), 'K{italic}' (31), 'M{italic}' (11), 'N{italic}' (17), 'Omega' (8), 'Phi' (2), 'Psi' (3), 'R{italic}' (8), 'S{bold}' (34), 'S{italic}' (14), 'T{italic}' (2), 'Y{italic}' (3), 'Z{italic}' (3), 'alpha' (21), 'beta' (168), 'chi' (12), 'c{italic}' (1), 'delta' (22), 'd{italic}' (58), 'ell' (59), 'eta' (40), 'e{italic}' (233), 'f{italic}' (403), 'h{italic}' (13), 'i{italic}' (9), 'j{italic}' (4), 'k{italic}' (9), 'lambda' (59), 'mu' (137), 'm{italic}' (92), 'nu' (34), 'n{italic}' (135), 'phi' (1), 'pi' (93), 'p{italic}' (4), 'r{italic}' (90), 'sigma' (3), 's{italic}' (5), 'tau' (14), 'theta' (3), 't{italic}' (20), 'u{italic}' (7), 'xi' (10), 'x{italic}' (42), 'y{italic}' (33), 'zeta' (9), 'z{italic}' (30)
Set MATHPARSER_SPECULATE to speculate on possible notations.
(Finalizing... 1.82 sec)
Conversion complete 3 warnings (See /home/user/latex-in-arxiv/0302155.latexml.log) (reqd. 46.39s)
