latexml (LaTeXML version 0.8.6) processing 2003/0302210.tex
(Digesting TeX 0302210...
(Loading /usr/share/perl5/LaTeXML/Package/TeX.pool.ltxml...
(Loading /usr/share/perl5/LaTeXML/Package/eTeX.pool.ltxml... 0.01 sec)
(Loading /usr/share/perl5/LaTeXML/Package/pdfTeX.pool.ltxml... 0.01 sec) 0.22 sec)
(Processing content /home/user/latex-in-arxiv/2003/0302210.tex...
(Loading /usr/share/perl5/LaTeXML/Package/LaTeX.pool.ltxml...
(Loading /usr/share/perl5/LaTeXML/Package/textcomp.sty.ltxml...
(Processing definitions /usr/share/texlive/texmf-dist/tex/latex-dev/base/ts1enc.dfu... 0.04 sec) 1.77 sec) 2.10 sec)
Info:unexpected:\documentstyle Entering LaTeX 2.09 Compatibility mode
	at 0302210.tex; line 1 col 0 - line 1 col 29
(Loading /usr/share/perl5/LaTeXML/Package/article.cls.ltxml... 0.01 sec)
Info:unexpected:titlepage When using titlepage, Frontmatter will not be well-structured
	at 0302210.tex; line 16 col 0 - line 16 col 17
 13.57 sec) 13.84 sec)
(Building...
(Loading compiled schema /usr/share/perl5/LaTeXML/resources/RelaxNG/LaTeXML.model... 0.02 sec) 13.90 sec)
(Rewriting... 0.56 sec)
(Math Parsing 589 formulae ......
Warning:not_parsed:UNKNOWN.POSTSUPERSCRIPT.POSTSUBSCRIPT>CLOSE MathParser failed to match rule 'Anything'
	at 0302210.tex; line 208 col 2 - line 208 col 2
	In "$\displaystyle\{\Omega^{(\ell)}_{A},\Omega^{(\ell^{\prime})}_{B}\}=\{\Omega^{(%
	\ell)}_{A},\{\Omega^{(\ell^{\prime}-1)}_{B},H\}\}=-\{\{\Omega^{(\ell)}_{A},H\}%
	,\Omega^{(\ell^{\prime}-1)}_{B}\}+\{\{\Omega^{(\ell)}_{A},\Omega^{(\ell^{%
	\prime}-1)}_{B}\},H\}\@@ENDINLINEMATH"
	{[[UNKNOWN]] Ω[[UNKNOWN]] ^{(\ell)}[[POSTSUPERSCRIPT]] _{A}[[POSTSUBSCRIPT]] ,[[PUNCT]] Ω[[UNKNOWN]] ^{(\ell^{\prime})}[[POSTSUPERSCRIPT]] _{B}[[POSTSUBSCRIPT]]
	        > \}[[CLOSE]] =[[RELOP]] {[[UNKNOWN]] Ω[[UNKNOWN]] ^{(\ell)}[[POSTSUPERSCRIPT]] _{A}[[POSTSUBSCRIPT]] ,[[PUNCT]] \{[[OPEN]] Ω[[UNKNOWN]] ^{(\ell^{\prime}-1)}[[POSTSUPERSCRIPT]] _{B}[[POSTSUBSCRIPT]] ,[[PUNCT]] H[[UNKNOWN]] \}[[CLOSE]] \}[[CLOSE]] =[[RELOP]] -[[ADDOP]] \{[[OPEN]] \{[[OPEN]] Ω[[UNKNOWN]] ^{(\ell)}[[POSTSUPERSCRIPT]] _{A}[[POSTSUBSCRIPT]] ,[[PUNCT]] H[[UNKNOWN]] \}[[CLOSE]] ,[[PUNCT]] Ω[[UNKNOWN]] ^{(\ell^{\prime}-1)}[[POSTSUPERSCRIPT]] _{B}[[POSTSUBSCRIPT]] \}[[CLOSE]] +[[ADDOP]] \{[[OPEN]] \{[[OPEN]] Ω[[UNKNOWN]] ^{(\ell)}[[POSTSUPERSCRIPT]] _{A}[[POSTSUBSCRIPT]] ,[[PUNCT]] Ω[[UNKNOWN]] ^{(\ell^{\prime}-1)}[[POSTSUPERSCRIPT]] _{B}[[POSTSUBSCRIPT]] \}[[CLOSE]] ,[[PUNCT]] H[[UNKNOWN]] \}[[CLOSE]]
Warning:not_parsed:UNKNOWN.POSTSUPERSCRIPT.POSTSUBSCRIPT>CLOSE MathParser failed to match rule 'Anything'
	at 0302210.tex; line 208 col 2 - line 208 col 42
	In "$\displaystyle\{\Omega^{(\ell)}_{A},\Omega^{(\ell^{\prime})}_{B}\}$"
	{[[UNKNOWN]] Ω[[UNKNOWN]] ^{(\ell)}[[POSTSUPERSCRIPT]] _{A}[[POSTSUBSCRIPT]] ,[[PUNCT]] Ω[[UNKNOWN]] ^{(\ell^{\prime})}[[POSTSUPERSCRIPT]] _{B}[[POSTSUBSCRIPT]]
	        > \}[[CLOSE]]
Warning:not_parsed:PUNCT.UNKNOWN.CLOSE>CLOSE MathParser failed to match rule 'Anything'
	at 0302210.tex; line 209 col 2 - line 210 col 1
	In "$\displaystyle\{\Omega^{(\ell)}_{A},\{\Omega^{(\ell^{\prime}-1)}_{B},H\}\}$"
	{[[UNKNOWN]] Ω[[UNKNOWN]] ^{(\ell)}[[POSTSUPERSCRIPT]] _{A}[[POSTSUBSCRIPT]] ,[[PUNCT]] \{[[OPEN]] Ω[[UNKNOWN]] ^{(\ell^{\prime}-1)}[[POSTSUPERSCRIPT]] _{B}[[POSTSUBSCRIPT]] ,[[PUNCT]] H[[UNKNOWN]] \}[[CLOSE]]
	        > \}[[CLOSE]]
Warning:not_parsed:UNKNOWN.POSTSUPERSCRIPT.POSTSUBSCRIPT>CLOSE MathParser failed to match rule 'Anything'
	at 0302210.tex; line 221 col 2 - line 221 col 2
	In "$\displaystyle\{\Omega^{(0)}_{A},\Omega^{(K_{B})}_{B}\}=-\{\Omega^{(1)}_{A},%
	\Omega^{(K_{B}-1)}_{B}\}+\{\{\Omega^{(0)}_{A},\Omega^{(K_{B}-1)}_{B}\},H\}=-\{%
	\Omega^{(1)}_{A},\Omega^{(K_{B}-1)}_{B}\}+\{\Phi^{(K_{B}-1)},H\}\,,\@@ENDINLINEMATH"
	{[[UNKNOWN]] Ω[[UNKNOWN]] ^{(0)}[[POSTSUPERSCRIPT]] _{A}[[POSTSUBSCRIPT]] ,[[PUNCT]] Ω[[UNKNOWN]] ^{(K_{B})}[[POSTSUPERSCRIPT]] _{B}[[POSTSUBSCRIPT]]
	        > \}[[CLOSE]] =[[RELOP]] -[[ADDOP]] \{[[OPEN]] Ω[[UNKNOWN]] ^{(1)}[[POSTSUPERSCRIPT]] _{A}[[POSTSUBSCRIPT]] ,[[PUNCT]] Ω[[UNKNOWN]] ^{(K_{B}-1)}[[POSTSUPERSCRIPT]] _{B}[[POSTSUBSCRIPT]] \}[[CLOSE]] +[[ADDOP]] \{[[OPEN]] \{[[OPEN]] Ω[[UNKNOWN]] ^{(0)}[[POSTSUPERSCRIPT]] _{A}[[POSTSUBSCRIPT]] ,[[PUNCT]] Ω[[UNKNOWN]] ^{(K_{B}-1)}[[POSTSUPERSCRIPT]] _{B}[[POSTSUBSCRIPT]] \}[[CLOSE]] ,[[PUNCT]] H[[UNKNOWN]] \}[[CLOSE]] =[[RELOP]] -[[ADDOP]] \{[[OPEN]] Ω[[UNKNOWN]] ^{(1)}[[POSTSUPERSCRIPT]] _{A}[[POSTSUBSCRIPT]] ,[[PUNCT]] Ω[[UNKNOWN]] ^{(K_{B}-1)}[[POSTSUPERSCRIPT]] _{B}[[POSTSUBSCRIPT]] \}[[CLOSE]] +[[ADDOP]] \{[[OPEN]] Φ[[UNKNOWN]] ^{(K_{B}-1)}[[POSTSUPERSCRIPT]] ,[[PUNCT]] H[[UNKNOWN]] \}[[CLOSE]]
Warning:not_parsed:UNKNOWN.POSTSUPERSCRIPT.POSTSUBSCRIPT>CLOSE MathParser failed to match rule 'Anything'
	at 0302210.tex; line 221 col 2 - line 221 col 37
	In "$\displaystyle\{\Omega^{(0)}_{A},\Omega^{(K_{B})}_{B}\}$"
	{[[UNKNOWN]] Ω[[UNKNOWN]] ^{(0)}[[POSTSUPERSCRIPT]] _{A}[[POSTSUBSCRIPT]] ,[[PUNCT]] Ω[[UNKNOWN]] ^{(K_{B})}[[POSTSUPERSCRIPT]] _{B}[[POSTSUBSCRIPT]]
	        > \}[[CLOSE]]
Warning:not_parsed:UNKNOWN.POSTSUPERSCRIPT.POSTSUBSCRIPT>CLOSE MathParser failed to match rule 'Anything'
	at 0302210.tex; line 240 col 2 - line 240 col 2
	In "$\displaystyle\{\Omega^{(1)}_{A},\Omega^{(K_{B}-2)}_{B}\}=\{\{\Omega^{(0)}_{A}%
	,H\},\Omega^{(K_{B}-2)}_{B}\}=-\{\Omega^{(0)}_{A},\Omega^{(K_{B}-1)}_{B}\}+\{%
	\Phi^{(K_{B}-2)},H\}=\Phi^{(K_{B}-1)}\,.\@@ENDINLINEMATH"
	{[[UNKNOWN]] Ω[[UNKNOWN]] ^{(1)}[[POSTSUPERSCRIPT]] _{A}[[POSTSUBSCRIPT]] ,[[PUNCT]] Ω[[UNKNOWN]] ^{(K_{B}-2)}[[POSTSUPERSCRIPT]] _{B}[[POSTSUBSCRIPT]]
	        > \}[[CLOSE]] =[[RELOP]] {[[UNKNOWN]] \{[[OPEN]] Ω[[UNKNOWN]] ^{(0)}[[POSTSUPERSCRIPT]] _{A}[[POSTSUBSCRIPT]] ,[[PUNCT]] H[[UNKNOWN]] \}[[CLOSE]] ,[[PUNCT]] Ω[[UNKNOWN]] ^{(K_{B}-2)}[[POSTSUPERSCRIPT]] _{B}[[POSTSUBSCRIPT]] \}[[CLOSE]] =[[RELOP]] -[[ADDOP]] \{[[OPEN]] Ω[[UNKNOWN]] ^{(0)}[[POSTSUPERSCRIPT]] _{A}[[POSTSUBSCRIPT]] ,[[PUNCT]] Ω[[UNKNOWN]] ^{(K_{B}-1)}[[POSTSUPERSCRIPT]] _{B}[[POSTSUBSCRIPT]] \}[[CLOSE]] +[[ADDOP]] \{[[OPEN]] Φ[[UNKNOWN]] ^{(K_{B}-2)}[[POSTSUPERSCRIPT]] ,[[PUNCT]] H[[UNKNOWN]] \}[[CLOSE]] =[[RELOP]] Φ[[UNKNOWN]] ^{(K_{B}-1)}[[POSTSUPERSCRIPT]]
Warning:not_parsed:UNKNOWN.POSTSUPERSCRIPT.POSTSUBSCRIPT>CLOSE MathParser failed to match rule 'Anything'
	at 0302210.tex; line 240 col 2 - line 240 col 39
	In "$\displaystyle\{\Omega^{(1)}_{A},\Omega^{(K_{B}-2)}_{B}\}$"
	{[[UNKNOWN]] Ω[[UNKNOWN]] ^{(1)}[[POSTSUPERSCRIPT]] _{A}[[POSTSUBSCRIPT]] ,[[PUNCT]] Ω[[UNKNOWN]] ^{(K_{B}-2)}[[POSTSUPERSCRIPT]] _{B}[[POSTSUBSCRIPT]]
	        > \}[[CLOSE]]
Warning:not_parsed:UNKNOWN.POSTSUPERSCRIPT.POSTSUBSCRIPT>CLOSE MathParser failed to match rule 'Anything'
	at 0302210.tex; line 240 col 44 - line 241 col 1
	In "$\displaystyle\{\{\Omega^{(0)}_{A},H\},\Omega^{(K_{B}-2)}_{B}\}$"
	{[[UNKNOWN]] \{[[OPEN]] Ω[[UNKNOWN]] ^{(0)}[[POSTSUPERSCRIPT]] _{A}[[POSTSUBSCRIPT]] ,[[PUNCT]] H[[UNKNOWN]] \}[[CLOSE]] ,[[PUNCT]] Ω[[UNKNOWN]] ^{(K_{B}-2)}[[POSTSUPERSCRIPT]] _{B}[[POSTSUBSCRIPT]]
	        > \}[[CLOSE]]
Warning:not_parsed:UNKNOWN.POSTSUPERSCRIPT.POSTSUBSCRIPT>CLOSE MathParser failed to match rule 'Anything'
	at 0302210.tex; line 532 col 4 - line 532 col 4
	In "$\displaystyle\vec{v}^{(1)}(a)\cdot\vec{E}^{(1)}=\vec{v}^{(1)}(a)\cdot\vec{K}^%
	{(1)}=\frac{\partial\phi^{(0)}_{a}}{\partial q_{i}}\frac{\partial H^{\star}_{T%
	}}{\partial p_{i}}-\frac{\partial H^{\star}_{T}}{\partial q_{i}}\frac{\partial%
	\phi^{(0)}_{a}}{\partial p_{i}}=\{\phi^{(0)}_{a},H^{\star}_{T}\}\,,\@@ENDINLINEMATH"
	\vec{v}[[UNKNOWN]] ^{(1)}[[POSTSUPERSCRIPT]] ([[OPEN]] a[[UNKNOWN]] )[[CLOSE]] ⋅[[MULOP]] \vec{E}[[UNKNOWN]] ^{(1)}[[POSTSUPERSCRIPT]] =[[RELOP]] \vec{v}[[UNKNOWN]] ^{(1)}[[POSTSUPERSCRIPT]] ([[OPEN]] a[[UNKNOWN]] )[[CLOSE]] ⋅[[MULOP]] \vec{K}[[UNKNOWN]] ^{(1)}[[POSTSUPERSCRIPT]] =[[RELOP]] \frac{\partial\phi^{(0)}_{a}}{\partialq_{i}}[[UNKNOWN]] \frac{\partialH^{\star}_{T}}{\partialp_{i}}[[UNKNOWN]] -[[ADDOP]] \frac{\partialH^{\star}_{T}}{\partialq_{i}}[[UNKNOWN]] \frac{\partial\phi^{(0)}_{a}}{\partialp_{i}}[[UNKNOWN]] =[[RELOP]] {[[UNKNOWN]] ϕ[[UNKNOWN]] ^{(0)}[[POSTSUPERSCRIPT]] _{a}[[POSTSUBSCRIPT]] ,[[PUNCT]] H[[UNKNOWN]] ^{\star}[[POSTSUPERSCRIPT]] _{T}[[POSTSUBSCRIPT]]
	        > \}[[CLOSE]]
Warning:not_parsed:UNKNOWN.POSTSUPERSCRIPT.POSTSUBSCRIPT>CLOSE MathParser failed to match rule 'Anything'
	at 0302210.tex; line 537 col 6 - line 538 col 3
	In "$\displaystyle\{\phi^{(0)}_{a},H^{\star}_{T}\}\,,$"
	{[[UNKNOWN]] ϕ[[UNKNOWN]] ^{(0)}[[POSTSUPERSCRIPT]] _{a}[[POSTSUBSCRIPT]] ,[[PUNCT]] H[[UNKNOWN]] ^{\star}[[POSTSUPERSCRIPT]] _{T}[[POSTSUBSCRIPT]]
	        > \}[[CLOSE]]
Warning:not_parsed:UNKNOWN.UNKNOWN.POSTSUBSCRIPT>RELOP MathParser failed to match rule 'Anything'
	at 0302210.tex; line 1082 col 6 - line 1082 col 6
	In "$\displaystyle\delta q_{2}==\dot{\epsilon}-\lambda\epsilon=\epsilon^{(0)}\{q_{%
	2},\phi^{(0)}\}\,,\@@ENDINLINEMATH"
	δ[[UNKNOWN]] q[[UNKNOWN]] _{2}[[POSTSUBSCRIPT]]
	        > =[[RELOP]] =[[RELOP]] \dot{\epsilon}[[UNKNOWN]] -[[ADDOP]] λ[[UNKNOWN]] ϵ[[UNKNOWN]] =[[RELOP]] ϵ[[UNKNOWN]] ^{(0)}[[POSTSUPERSCRIPT]] \{[[OPEN]] q[[UNKNOWN]] _{2}[[POSTSUBSCRIPT]] ,[[PUNCT]] ϕ[[UNKNOWN]] ^{(0)}[[POSTSUPERSCRIPT]] \}[[CLOSE]]
 32.32 sec)
Math parsing succeeded:
   ltx:XMath: 578/589
   ltx:XMArg: 2684/2684
Symbols assumed as simple identifiers (with # of occurences):
   'A{italic}' (2), 'C{italic}' (16), 'E{italic}' (45), 'F{bold}' (7), 'F{italic}' (29), 'Gamma' (15), 'G{italic}' (7), 'H{italic}' (83), 'K{italic}' (89), 'L{italic}' (20), 'M{italic}' (30), 'N{italic}' (71), 'Omega' (133), 'Phi' (13), 'Q{italic}' (40), 'S{italic}' (2), 'alpha' (38), 'a{italic}' (100), 'beta' (7), 'b{italic}' (52), 'c{italic}' (21), 'delta' (79), 'd{italic}' (89), 'ell' (227), 'epsilon' (100), 'e{italic}' (23), 'h{italic}' (3), 'i{italic}' (11), 'j{italic}' (1), 'k{italic}' (3), 'lambda' (75), 'n{italic}' (25), 'phi' (186), 'psi' (46), 'p{italic}' (73), 'q{italic}' (96), 'rho' (16), 'r{italic}' (2), 'sigma' (14), 's{italic}' (1), 't{italic}' (75), 'u{italic}' (3), 'varphi' (7), 'v{italic}' (45), 'xi' (3), '{' (24)
Set MATHPARSER_SPECULATE to speculate on possible notations.
(Finalizing... 1.91 sec)
Conversion complete 11 warnings (See /home/user/latex-in-arxiv/0302210.latexml.log) (reqd. 1m 3.72s)
