latexml (LaTeXML version 0.8.6) processing 2003/0302161.tex
(Digesting TeX 0302161...
(Loading /usr/share/perl5/LaTeXML/Package/TeX.pool.ltxml...
(Loading /usr/share/perl5/LaTeXML/Package/eTeX.pool.ltxml... 0.00 sec)
(Loading /usr/share/perl5/LaTeXML/Package/pdfTeX.pool.ltxml... 0.01 sec) 0.12 sec)
(Processing content /home/user/latex-in-arxiv/2003/0302161.tex...
(Loading /usr/share/perl5/LaTeXML/Package/LaTeX.pool.ltxml...
(Loading /usr/share/perl5/LaTeXML/Package/textcomp.sty.ltxml...
(Processing definitions /usr/share/texlive/texmf-dist/tex/latex-dev/base/ts1enc.dfu... 0.02 sec) 1.14 sec) 1.30 sec)
(Loading /usr/share/perl5/LaTeXML/Package/article.cls.ltxml... 0.01 sec)
(Loading /usr/share/perl5/LaTeXML/Package/graphicx.sty.ltxml...
(Loading /usr/share/perl5/LaTeXML/Package/graphics.sty.ltxml... 0.01 sec) 0.02 sec) 3.19 sec) 3.32 sec)
(Building...
(Loading compiled schema /usr/share/perl5/LaTeXML/resources/RelaxNG/LaTeXML.model... 0.01 sec) 1.66 sec)
(Rewriting... 0.04 sec)
(Math Parsing 105 formulae ......
Warning:not_parsed:OPEN.UNKNOWN.CLOSE>OPEN MathParser failed to match rule 'Anything'
	at 0302161.tex; line 119 col 734 - line 119 col 758
	In "$a(t)(=c_{1}t^{\frac{2}{3}}$"
	a[[UNKNOWN]] ([[OPEN]] t[[UNKNOWN]] )[[CLOSE]]
	        > ([[OPEN]] =[[RELOP]] c[[UNKNOWN]] _{1}[[POSTSUBSCRIPT]] t[[UNKNOWN]] ^{\frac{2}{3}}[[POSTSUPERSCRIPT]]
Warning:not_parsed:UNKNOWN>OPEN MathParser failed to match rule 'Anything'
	at 0302161.tex; line 119 col 898 - line 119 col 903
	In "$t(=3t$"
	t[[UNKNOWN]]
	        > ([[OPEN]] =[[RELOP]] 3[[NUMBER]] t[[UNKNOWN]]
 2.09 sec)
Math parsing succeeded:
   ltx:XMArg: 330/330
   ltx:XMath: 103/105
Symbols assumed as simple identifiers (with # of occurences):
   'B{italic}' (20), 'D{italic}' (20), 'E{italic}' (1), 'F{italic}' (1), 'G{italic}' (1), 'H{italic}' (25), 'M{italic}' (1), 'T{italic}' (14), 'Z{italic}' (11), 'a{italic}' (33), 'chi' (6), 'c{italic}' (9), 'd{italic}' (16), 'e{italic}' (7), 'h{italic}' (30), 'k{italic}' (1), 'm{italic}' (7), 'n{italic}' (5), 'o{italic}' (3), 'pi' (1), 'p{italic}' (30), 'rho' (1), 's{italic}' (13), 't{italic}' (132), 'w{italic}' (1), 'x{italic}' (4), 'y{italic}' (2), 'z{italic}' (4)
Set MATHPARSER_SPECULATE to speculate on possible notations.
(Finalizing... 0.35 sec)
Conversion complete 2 warnings (See /home/user/latex-in-arxiv/0302161.latexml.log) (reqd. 7.78s)
