latexml (LaTeXML version 0.8.6) processing 2003/0302146.tex
(Digesting TeX 0302146...
(Loading /usr/share/perl5/LaTeXML/Package/TeX.pool.ltxml...
(Loading /usr/share/perl5/LaTeXML/Package/eTeX.pool.ltxml... 0.01 sec)
(Loading /usr/share/perl5/LaTeXML/Package/pdfTeX.pool.ltxml... 0.01 sec) 0.19 sec)
(Processing content /home/user/latex-in-arxiv/2003/0302146.tex...
(Processing content /usr/share/texlive/texmf-dist/tex/plain/harvmac/harvmac.tex...
 big or little (b/l)? 
(This will be reduced.
 0.15 sec)
Error:missing_file:toc.tex Can't find TeX file toc.tex
	at 0302146.tex; line 366 col 0 - line 366 col 8
	search paths are /home/user/latex-in-arxiv/2003, /home/user/latex-in-arxiv
	Next token is T_CS[\catcode] ( == Core::Definition::Register[\catcode Number]) more: `\@=12 \bigbreak\bigskip}
	In Core::Definition::Expandable[\input T... /usr/share/perl5/LaTeXML/Package/TeX.pool.ltxml; line 994
	 <= Core::Gullet[@0x55af71311010] <= Core::Stomach[@0x55af71310c08] <= Core::Definition::Primitive[Begin] <= ...
(1. Introduction )
(2. Quantum vacuum states)
(2.1. The $|in \rangle _+$ vacuum for brane decay)
(2.2. The $|in \rangle _-$ vacuum for brane creation)
(2.3. Full s-brane modes)
(2.4. $|in\rangle _s$ and $|out\rangle _s$ s-brane vacua)
(2.5. The $|0\rangle _s$ Euclidean s-brane vacuum )
(2.6. More vacua)
(3. S-brane thermodynamics )
(3.1. S-branes at finite temperature)
(3.2. Unruh detection )
(3.3. Thermal correlators )
(4. Long-distance s-brane effective field theory )
(5. Thermal boundary states)
(5.1. Zero