latexml (LaTeXML version 0.8.6) processing 2003/0302045.tex
(Digesting TeX 0302045...
(Loading /usr/share/perl5/LaTeXML/Package/TeX.pool.ltxml...
(Loading /usr/share/perl5/LaTeXML/Package/eTeX.pool.ltxml... 0.01 sec)
(Loading /usr/share/perl5/LaTeXML/Package/pdfTeX.pool.ltxml... 0.01 sec) 0.19 sec)
(Processing content /home/user/latex-in-arxiv/2003/0302045.tex...
(Loading /usr/share/perl5/LaTeXML/Package/LaTeX.pool.ltxml...
(Loading /usr/share/perl5/LaTeXML/Package/textcomp.sty.ltxml...
(Processing definitions /usr/share/texlive/texmf-dist/tex/latex-dev/base/ts1enc.dfu... 0.03 sec) 1.48 sec) 1.75 sec)
(Loading /usr/share/perl5/LaTeXML/Package/article.cls.ltxml... 0.01 sec)
(Loading /usr/share/perl5/LaTeXML/Package/epsfig.sty.ltxml...
(Loading /usr/share/perl5/LaTeXML/Package/graphicx.sty.ltxml...
(Loading /usr/share/perl5/LaTeXML/Package/graphics.sty.ltxml... 0.01 sec) 0.02 sec) 0.04 sec)
(Loading /usr/share/perl5/LaTeXML/Package/subfigure.sty.ltxml... 0.03 sec)
(Loading /usr/share/perl5/LaTeXML/Package/a4wide.sty.ltxml... 0.00 sec)
(Loading /usr/share/perl5/LaTeXML/Package/amsmath.sty.ltxml...
(Loading /usr/share/perl5/LaTeXML/Package/amsbsy.sty.ltxml...
(Loading /usr/share/perl5/LaTeXML/Package/amsgen.sty.ltxml... 0.00 sec) 0.01 sec)
(Loading /usr/share/perl5/LaTeXML/Package/amstext.sty.ltxml... 0.01 sec)
(Loading /usr/share/perl5/LaTeXML/Package/amsopn.sty.ltxml... 0.01 sec) 0.06 sec) 5.00 sec) 5.21 sec)
(Building...
(Loading compiled schema /usr/share/perl5/LaTeXML/resources/RelaxNG/LaTeXML.model... 0.01 sec) 3.99 sec)
(Rewriting... 0.09 sec)
(Math Parsing 335 formulae ...... 5.33 sec)
Math parsing succeeded:
   ltx:XMath: 335/335
   ltx:XMArg: 361/361
Symbols assumed as simple identifiers (with # of occurences):
   'A{italic}' (4), 'D{italic}' (31), 'E{italic}' (59), 'Im' (1), 'I{italic}' (10), 'K{italic}' (14), 'L{caligraphic}' (1), 'M{italic}' (2), 'N{italic}' (33), 'Q{italic}' (39), 'R{bold}' (2), 'S{italic}' (4), 'U{italic}' (4), 'V{italic}' (24), 'delta' (5), 'd{italic}' (8), 'e' (2), 'f{italic}' (16), 'i' (8), 'j{italic}' (1), 'min' (1), 'm{italic}' (53), 'nu' (3), 'n{italic}' (2), 'omega' (32), 'phi' (31), 'pi' (18), 'psi' (97), 'r{italic}' (15), 'sigma' (3), 'theta' (1), 't{italic}' (5), 'xi' (4), 'x{italic}' (17)
Set MATHPARSER_SPECULATE to speculate on possible notations.
(Finalizing... 0.53 sec)
Conversion complete No obvious problems (reqd. 15.67s)
