latexml (LaTeXML version 0.8.6) processing 2003/0302027.tex
(Digesting TeX 0302027...
(Loading /usr/share/perl5/LaTeXML/Package/TeX.pool.ltxml...
(Loading /usr/share/perl5/LaTeXML/Package/eTeX.pool.ltxml... 0.00 sec)
(Loading /usr/share/perl5/LaTeXML/Package/pdfTeX.pool.ltxml... 0.01 sec) 0.13 sec)
(Processing content /home/user/latex-in-arxiv/2003/0302027.tex...
(Loading /usr/share/perl5/LaTeXML/Package/LaTeX.pool.ltxml...
(Loading /usr/share/perl5/LaTeXML/Package/textcomp.sty.ltxml...
(Processing definitions /usr/share/texlive/texmf-dist/tex/latex-dev/base/ts1enc.dfu... 0.02 sec) 0.99 sec) 1.19 sec)
(Loading /usr/share/perl5/LaTeXML/Package/article.cls.ltxml... 0.01 sec)
(Loading /usr/share/perl5/LaTeXML/Package/colortbl.sty.ltxml...
(Loading /usr/share/perl5/LaTeXML/Package/color.sty.ltxml... 0.01 sec)
(Loading /usr/share/perl5/LaTeXML/Package/array.sty.ltxml... 0.00 sec) 0.02 sec) 9.85 sec) 10.02 sec)
(Building...
(Loading compiled schema /usr/share/perl5/LaTeXML/resources/RelaxNG/LaTeXML.model... 0.01 sec)
Info:malformed:id Duplicated attribute xml:id
	at 0302027.tex; line 203 col 1 - line 203 col 1
	Using id='S2.E6a' on <ltx:XMRow _box="Alignment[]" _font="Font[math,medium,italic,10,bla..."/>
	id='S2.E6' already set on <ltx:equation _box="LaTeXML::Core::Alignment=HASH(..." _font="Font[serif,medium,upright,10,b..." xml:id="S2.E6" _ID_counter_m_="1">...
Info:malformed:id Duplicated attribute xml:id
	at 0302027.tex; line 212 col 1 - line 212 col 1
	Using id='S2.E9a' on <ltx:XMRow _box="Alignment[]" _font="Font[math,medium,italic,10,bla..."/>
	id='S2.E9' already set on <ltx:equation _box="LaTeXML::Core::Alignment=HASH(..." _font="Font[serif,medium,upright,10,b..." xml:id="S2.E9" _ID_counter_m_="1">...
Info:malformed:id Duplicated attribute xml:id
	at 0302027.tex; line 221 col 1 - line 221 col 1
	Using id='S2.E12a' on <ltx:XMRow _box="Alignment[]" _font="Font[math,medium,italic,10,bla..."/>
	id='S2.E12' already set on <ltx:equation _box="LaTeXML::Core::Alignment=HASH(..." _font="Font[serif,medium,upright,10,b..." xml:id="S2.E12" _ID_counter_m_="1">...
Info:malformed:id Duplicated attribute xml:id
	at 0302027.tex; line 269 col 1 - line 269 col 1
	Using id='S2.E19a' on <ltx:XMRow _box="Alignment[]" _font="Font[math,medium,italic,10,bla..."/>
	id='S2.E19' already set on <ltx:equation _box="LaTeXML::Core::Alignment=HASH(..." _font="Font[serif,medium,upright,10,b..." xml:id="S2.E19" _ID_counter_m_="1">...
Info:malformed:id Duplicated attribute xml:id
	at 0302027.tex; line 278 col 1 - line 278 col 1
	Using id='S2.E22a' on <ltx:XMRow _box="Alignment[]" _font="Font[math,medium,italic,10,bla..."/>
	id='S2.E22' already set on <ltx:equation _box="LaTeXML::Core::Alignment=HASH(..." _font="Font[serif,medium,upright,10,b..." xml:id="S2.E22" _ID_counter_m_="1">...
Info:malformed:id Duplicated attribute xml:id
	at 0302027.tex; line 325 col 1 - line 325 col 1
	Using id='S2.E29a' on <ltx:XMRow _box="Alignment[]" _font="Font[math,medium,italic,10,bla..."/>
	id='S2.E29' already set on <ltx:equation _box="LaTeXML::Core::Alignment=HASH(..." _font="Font[serif,medium,upright,10,b..." xml:id="S2.E29" _ID_counter_m_="1">...
Info:malformed:id Duplicated attribute xml:id
	at 0302027.tex; line 458 col 0 - line 458 col 1
	Using id='S2.E43a' on <ltx:tr _box="Alignment[]" _font="Font[serif,medium,upright,10,b..."/>
	id='S2.E43' already set on <ltx:XMRow _box="LaTeXML::Core::Alignment=HASH(..." _font="Font[math,medium,italic,10,bla..." xml:id="S2.E43">...
Info:malformed:id Duplicated attribute xml:id
	at 0302027.tex; line 430 col 1 - line 430 col 1
	Using id='S2.E49a' on <ltx:XMRow _box="Alignment[]" _font="Font[math,medium,italic,10,bla..."/>
	id='S2.E49' already set on <ltx:equation _box="LaTeXML::Core::Alignment=HASH(..." _font="Font[serif,medium,upright,10,b..." xml:id="S2.E49" _ID_counter_m_="1">...
Info:malformed:id Duplicated attribute xml:id
	at 0302027.tex; line 485 col 0 - line 485 col 1
	Using id='S2.E49b' on <ltx:tr _box="Alignment[]" _font="Font[serif,medium,upright,10,b..."/>
	id='S2.E49' already set on <ltx:equation _box="LaTeXML::Core::Alignment=HASH(..." _font="Font[serif,medium,upright,10,b..." xml:id="S2.E49" _ID_counter_m_="1">...
Info:malformed:id Duplicated attribute xml:id
	at 0302027.tex; line 612 col 1 - line 612 col 1
	Using id='S3.E12a' on <ltx:XMRow _box="Alignment[]" _font="Font[math,medium,italic,10,bla..."/>
	id='S3.E12' already set on <ltx:equation _box="LaTeXML::Core::Alignment=HASH(..." _font="Font[serif,medium,upright,10,b..." xml:id="S3.E12" _ID_counter_m_="1" labels="LABEL:superJ">...
Info:malformed:id Duplicated attribute xml:id
	at 0302027.tex; line 845 col 1 - line 845 col 1
	Using id='S4.E6a' on <ltx:XMRow _box="Alignment[]" _font="Font[math,medium,italic,10,bla..."/>
	id='S4.E6' already set on <ltx:equation _box="LaTeXML::Core::Alignment=HASH(..." _font="Font[serif,medium,upright,10,b..." xml:id="S4.E6" _ID_counter_m_="1">...
Info:malformed:id Duplicated attribute xml:id
	at 0302027.tex; line 858 col 6 - line 858 col 6
	Using id='S4.E9a' on <ltx:XMRow _box="Alignment[]" _font="Font[math,medium,italic,10,bla..."/>
	id='S4.E9' already set on <ltx:equation _box="LaTeXML::Core::Alignment=HASH(..." _font="Font[serif,medium,upright,10,b..." xml:id="S4.E9" _ID_counter_m_="1">...
Info:malformed:id Duplicated attribute xml:id
	at 0302027.tex; line 909 col 1 - line 909 col 1
	Using id='S4.E14a' on <ltx:XMRow _box="Alignment[]" _font="Font[math,medium,italic,10,bla..."/>
	id='S4.E14' already set on <ltx:equation _box="LaTeXML::Core::Alignment=HASH(..." _font="Font[serif,medium,upright,10,b..." xml:id="S4.E14" _ID_counter_m_="1">...
Info:malformed:id Duplicated attribute xml:id
	at 0302027.tex; line 940 col 1 - line 940 col 1
	Using id='S4.E19a' on <ltx:XMRow _box="Alignment[]" _font="Font[math,medium,italic,10,bla..."/>
	id='S4.E19' already set on <ltx:equation _box="LaTeXML::Core::Alignment=HASH(..." _font="Font[serif,medium,upright,10,b..." xml:id="S4.E19" _ID_counter_m_="1">...
Info:malformed:id Duplicated attribute xml:id
	at 0302027.tex; line 967 col 5 - line 967 col 5
	Using id='S4.E24a' on <ltx:XMRow _box="Alignment[]" _font="Font[math,medium,italic,10,bla..."/>
	id='S4.E24' already set on <ltx:XMRow _box="LaTeXML::Core::Alignment=HASH(..." _font="Font[math,medium,italic,10,bla..." xml:id="S4.E24">...
Info:malformed:id Duplicated attribute xml:id
	at 0302027.tex; line 975 col 5 - line 975 col 5
	Using id='S4.E28a' on <ltx:XMRow _box="Alignment[]" _font="Font[math,medium,italic,10,bla..."/>
	id='S4.E28' already set on <ltx:XMRow _box="LaTeXML::Core::Alignment=HASH(..." _font="Font[math,medium,italic,10,bla..." xml:id="S4.E28">...
Info:malformed:id Duplicated attribute xml:id
	at 0302027.tex; line 988 col 1 - line 988 col 1
	Using id='S4.E34a' on <ltx:XMRow _box="Alignment[]" _font="Font[math,medium,italic,10,bla..."/>
	id='S4.E34' already set on <ltx:XMRow _box="LaTeXML::Core::Alignment=HASH(..." _font="Font[math,medium,italic,10,bla..." xml:id="S4.E34">...
Info:malformed:id Duplicated attribute xml:id
	at 0302027.tex; line 1010 col 2 - line 1010 col 2
	Using id='S4.E44a' on <ltx:XMRow _box="Alignment[]" _font="Font[math,medium,italic,10,bla..."/>
	id='S4.E44' already set on <ltx:XMRow _box="LaTeXML::Core::Alignment=HASH(..." _font="Font[math,medium,italic,10,bla..." xml:id="S4.E44">...
Info:malformed:id Duplicated attribute xml:id
	at 0302027.tex; line 963 col 5 - line 963 col 5
	Using id='S4.E52a' on <ltx:XMRow _box="Alignment[]" _font="Font[math,medium,italic,10,bla..."/>
	id='S4.E52' already set on <ltx:equation _box="LaTeXML::Core::Alignment=HASH(..." _font="Font[serif,medium,upright,10,b..." xml:id="S4.E52" _ID_counter_m_="1">...
Info:malformed:id Duplicated attribute xml:id
	at 0302027.tex; line 1027 col 2 - line 1027 col 2
	Using id='S4.E52b' on <ltx:XMRow _box="Alignment[]" _font="Font[math,medium,italic,10,bla..."/>
	id='S4.E52' already set on <ltx:equation _box="LaTeXML::Core::Alignment=HASH(..." _font="Font[serif,medium,upright,10,b..." xml:id="S4.E52" _ID_counter_m_="1">...
Info:malformed:id Duplicated attribute xml:id
	at 0302027.tex; line 1064 col 1 - line 1064 col 1
	Using id='S4.E55a' on <ltx:XMRow _box="Alignment[]" _font="Font[math,medium,italic,10,bla..."/>
	id='S4.E55' already set on <ltx:equation _box="LaTeXML::Core::Alignment=HASH(..." _font="Font[serif,medium,upright,10,b..." xml:id="S4.E55" _ID_counter_m_="1">...
Info:malformed:id Duplicated attribute xml:id
	at 0302027.tex; line 1070 col 6 - line 1070 col 6
	Using id='S4.E58a' on <ltx:XMRow _box="Alignment[]" _font="Font[math,medium,italic,10,bla..."/>
	id='S4.E58' already set on <ltx:equation _box="LaTeXML::Core::Alignment=HASH(..." _font="Font[serif,medium,upright,10,b..." xml:id="S4.E58" _ID_counter_m_="1">...
 11.07 sec)
(Rewriting... 0.45 sec)
(Math Parsing 455 formulae ......
Warning:not_parsed:FLOATSUBSCRIPT>MULOP MathParser failed to match rule 'Anything'
	at 0302027.tex; line 47 col 10 - line 47 col 18
	In "${}_{2}\times$"
	{}_{2}[[FLOATSUBSCRIPT]]
	        > ×[[MULOP]]
Warning:not_parsed:FLOATSUBSCRIPT>MULOP MathParser failed to match rule 'Anything'
	at 0302027.tex; line 115 col 36 - line 115 col 44
	In "${}_{2}\times$"
	{}_{2}[[FLOATSUBSCRIPT]]
	        > ×[[MULOP]]
Warning:not_parsed:FLOATSUBSCRIPT>MULOP MathParser failed to match rule 'Anything'
	at 0302027.tex; line 122 col 25 - line 122 col 33
	In "${}_{2}\times$"
	{}_{2}[[FLOATSUBSCRIPT]]
	        > ×[[MULOP]]
Warning:not_parsed:FLOATSUBSCRIPT>MULOP MathParser failed to match rule 'Anything'
	at 0302027.tex; line 126 col 26 - line 126 col 34
	In "${}_{2}\times$"
	{}_{2}[[FLOATSUBSCRIPT]]
	        > ×[[MULOP]]
Warning:not_parsed:FLOATSUBSCRIPT>MULOP MathParser failed to match rule 'Anything'
	at 0302027.tex; line 130 col 5 - line 130 col 13
	In "${}_{2}\times$"
	{}_{2}[[FLOATSUBSCRIPT]]
	        > ×[[MULOP]]
Warning:not_parsed:FLOATSUBSCRIPT>MULOP MathParser failed to match rule 'Anything'
	at 0302027.tex; line 148 col 59 - line 148 col 59
	In "${}_{2}\times$"
	{}_{2}[[FLOATSUBSCRIPT]]
	        > ×[[MULOP]]
Warning:not_parsed:FLOATSUBSCRIPT>MULOP MathParser failed to match rule 'Anything'
	at 0302027.tex; line 150 col 25 - line 150 col 33
	In "${}_{2}\times$"
	{}_{2}[[FLOATSUBSCRIPT]]
	        > ×[[MULOP]]
Warning:not_parsed:UNKNOWN.POSTSUBSCRIPT>FLOATSUPERSCRIPT MathParser failed to match rule 'Anything'
	at 0302027.tex; line 156 col 40 - line 156 col 47
	In "$Z_{M}{}^{A}$"
	Z[[UNKNOWN]] _{M}[[POSTSUBSCRIPT]]
	        > {}^{A}[[FLOATSUPERSCRIPT]]
Warning:not_parsed:FLOATSUBSCRIPT>MULOP MathParser failed to match rule 'Anything'
	at 0302027.tex; line 162 col 12 - line 162 col 20
	In "${}_{2}\times$"
	{}_{2}[[FLOATSUBSCRIPT]]
	        > ×[[MULOP]]
Warning:not_parsed:FLOATSUBSCRIPT>MULOP MathParser failed to match rule 'Anything'
	at 0302027.tex; line 169 col 0 - line 169 col 32
	In "${}_{2}\times$"
	{}_{2}[[FLOATSUBSCRIPT]]
	        > ×[[MULOP]]
Warning:not_parsed:FLOATSUBSCRIPT>MULOP MathParser failed to match rule 'Anything'
	at 0302027.tex; line 172 col 12 - line 172 col 20
	In "${}_{2}\times$"
	{}_{2}[[FLOATSUBSCRIPT]]
	        > ×[[MULOP]]
Warning:not_parsed:UNKNOWN.POSTSUBSCRIPT>FLOATSUPERSCRIPT MathParser failed to match rule 'Anything'
	at 0302027.tex; line 174 col 18 - line 174 col 25
	In "$z_{m}{}^{a}$"
	z[[UNKNOWN]] _{m}[[POSTSUBSCRIPT]]
	        > {}^{a}[[FLOATSUPERSCRIPT]]
Warning:not_parsed:UNKNOWN.POSTSUBSCRIPT>FLOATSUPERSCRIPT MathParser failed to match rule 'Anything'
	at 0302027.tex; line 174 col 32 - line 174 col 55
	In "$z_{\bar{m}}{}^{\bar{a}}$"
	z[[UNKNOWN]] _{\bar{m}}[[POSTSUBSCRIPT]]
	        > {}^{\bar{a}}[[FLOATSUPERSCRIPT]]
Warning:not_parsed:UNKNOWN.POSTSUBSCRIPT>FLOATSUPERSCRIPT MathParser failed to match rule 'Anything'
	at 0302027.tex; line 180 col 1 - line 180 col 1
	In "$\displaystyle j_{a}{}^{b}=z_{a}{}^{m}dz_{m}{}^{b}~{}~{},~{}~{}j_{\bar{a}}{}^{%
	\bar{b}}=z_{\bar{a}}{}^{\bar{m}}dz_{\bar{m}}{}^{\bar{b}}\@@ENDINLINEMATH"
	j[[UNKNOWN]] _{a}[[POSTSUBSCRIPT]]
	        > {}^{b}[[FLOATSUPERSCRIPT]] =[[RELOP]] z[[UNKNOWN]] _{a}[[POSTSUBSCRIPT]] {}^{m}[[FLOATSUPERSCRIPT]] d[[UNKNOWN]] z[[UNKNOWN]] _{m}[[POSTSUBSCRIPT]] {}^{b}[[FLOATSUPERSCRIPT]] ,[[PUNCT]] j[[UNKNOWN]] _{\bar{a}}[[POSTSUBSCRIPT]] {}^{\bar{b}}[[FLOATSUPERSCRIPT]] =[[RELOP]] z[[UNKNOWN]] _{\bar{a}}[[POSTSUBSCRIPT]] {}^{\bar{m}}[[FLOATSUPERSCRIPT]] d[[UNKNOWN]] z[[UNKNOWN]] _{\bar{m}}[[POSTSUBSCRIPT]] {}^{\bar{b}}[[FLOATSUPERSCRIPT]]
Warning:not_parsed:UNKNOWN.POSTSUBSCRIPT>FLOATSUPERSCRIPT MathParser failed to match rule 'Anything'
	at 0302027.tex; line 180 col 1 - line 183 col 4
	In "$\displaystyle j_{a}{}^{b}=z_{a}{}^{m}dz_{m}{}^{b}~{}~{},~{}~{}j_{\bar{a}}{}^{%
	\bar{b}}=z_{\bar{a}}{}^{\bar{m}}dz_{\bar{m}}{}^{\bar{b}}$"
	j[[UNKNOWN]] _{a}[[POSTSUBSCRIPT]]
	        > {}^{b}[[FLOATSUPERSCRIPT]] =[[RELOP]] z[[UNKNOWN]] _{a}[[POSTSUBSCRIPT]] {}^{m}[[FLOATSUPERSCRIPT]] d[[UNKNOWN]] z[[UNKNOWN]] _{m}[[POSTSUBSCRIPT]] {}^{b}[[FLOATSUPERSCRIPT]] ,[[PUNCT]] j[[UNKNOWN]] _{\bar{a}}[[POSTSUBSCRIPT]] {}^{\bar{b}}[[FLOATSUPERSCRIPT]] =[[RELOP]] z[[UNKNOWN]] _{\bar{a}}[[POSTSUBSCRIPT]] {}^{\bar{m}}[[FLOATSUPERSCRIPT]] d[[UNKNOWN]] z[[UNKNOWN]] _{\bar{m}}[[POSTSUBSCRIPT]] {}^{\bar{b}}[[FLOATSUPERSCRIPT]]
Warning:not_parsed:UNKNOWN.POSTSUBSCRIPT>FLOATSUPERSCRIPT MathParser failed to match rule 'Anything'
	at 0302027.tex; line 184 col 8 - line 184 col 15
	In "$z_{a}{}^{m}$"
	z[[UNKNOWN]] _{a}[[POSTSUBSCRIPT]]
	        > {}^{m}[[FLOATSUPERSCRIPT]]
Warning:not_parsed:UNKNOWN.POSTSUBSCRIPT>FLOATSUPERSCRIPT MathParser failed to match rule 'Anything'
	at 0302027.tex; line 184 col 22 - line 184 col 45
	In "$z_{\bar{a}}{}^{\bar{m}}$"
	z[[UNKNOWN]] _{\bar{a}}[[POSTSUBSCRIPT]]
	        > {}^{\bar{m}}[[FLOATSUPERSCRIPT]]
Warning:not_parsed:UNKNOWN.POSTSUBSCRIPT>FLOATSUPERSCRIPT MathParser failed to match rule 'Anything'
	at 0302027.tex; line 185 col 2 - line 185 col 9
	In "$z_{m}{}^{a}$"
	z[[UNKNOWN]] _{m}[[POSTSUBSCRIPT]]
	        > {}^{a}[[FLOATSUPERSCRIPT]]
Warning:not_parsed:UNKNOWN.POSTSUBSCRIPT>FLOATSUPERSCRIPT MathParser failed to match rule 'Anything'
	at 0302027.tex; line 185 col 16 - line 185 col 39
	In "$z_{\bar{m}}{}^{\bar{a}}$"
	z[[UNKNOWN]] _{\bar{m}}[[POSTSUBSCRIPT]]
	        > {}^{\bar{a}}[[FLOATSUPERSCRIPT]]
Warning:not_parsed:UNKNOWN.POSTSUBSCRIPT>FLOATSUPERSCRIPT MathParser failed to match rule 'Anything'
	at 0302027.tex; line 201 col 1 - line 201 col 1
	In "$\displaystyle z_{m}{}^{a}=R\delta_{m}^{a}+\left(\begin{array}[]{cc}%
	\hidden@noalign{}\hfil x^{0}&x^{1}\\
	\hidden@noalign{}\hfil x^{1}&-x^{0}\end{array}\right)\@@ENDINLINEMATH"
	z[[UNKNOWN]] _{m}[[POSTSUBSCRIPT]]
	        > {}^{a}[[FLOATSUPERSCRIPT]] =[[RELOP]] R[[UNKNOWN]] δ[[UNKNOWN]] _{m}[[POSTSUBSCRIPT]] ^{a}[[POSTSUPERSCRIPT]] +[[ADDOP]] \left([[OPEN]] Alignment[][[ARRAY]] \right)[[CLOSE]]
Warning:not_parsed:UNKNOWN.POSTSUBSCRIPT>FLOATSUPERSCRIPT MathParser failed to match rule 'Anything'
	at 0302027.tex; line 201 col 1 - line 206 col 4
	In "$\displaystyle z_{m}{}^{a}=R\delta_{m}^{a}+\left(\begin{array}[]{cc}%
	\hidden@noalign{}\hfil x^{0}&x^{1}\\
	\hidden@noalign{}\hfil x^{1}&-x^{0}\end{array}\right)$"
	z[[UNKNOWN]] _{m}[[POSTSUBSCRIPT]]
	        > {}^{a}[[FLOATSUPERSCRIPT]] =[[RELOP]] R[[UNKNOWN]] δ[[UNKNOWN]] _{m}[[POSTSUBSCRIPT]] ^{a}[[POSTSUPERSCRIPT]] +[[ADDOP]] \left([[OPEN]] Alignment[][[ARRAY]] \right)[[CLOSE]]
Warning:not_parsed:UNKNOWN.POSTSUBSCRIPT>FLOATSUPERSCRIPT MathParser failed to match rule 'Anything'
	at 0302027.tex; line 209 col 1 - line 209 col 1
	In "$\displaystyle z_{a}{}^{m}=\frac{1}{R^{2}-(x^{0})^{2}-(x^{1})^{2}}[R\delta_{a}%
	^{m}{}-\left(\begin{array}[]{cc}\hidden@noalign{}\hfil x^{0}&x^{1}\\
	\hidden@noalign{}\hfil x^{1}&-x^{0}\end{array}\right)]~{}~{}~{},\@@ENDINLINEMATH"
	z[[UNKNOWN]] _{a}[[POSTSUBSCRIPT]]
	        > {}^{m}[[FLOATSUPERSCRIPT]] =[[RELOP]] \frac{1}{R^{2}-(x^{0})^{2}-(x^{1})^{2}}[[UNKNOWN]] [[[OPEN]] R[[UNKNOWN]] δ[[UNKNOWN]] _{a}[[POSTSUBSCRIPT]] ^{m}[[POSTSUPERSCRIPT]] -[[ADDOP]] \left([[OPEN]] Alignment[][[ARRAY]] \right)[[CLOSE]] ][[CLOSE]]
Warning:not_parsed:UNKNOWN.POSTSUBSCRIPT>FLOATSUPERSCRIPT MathParser failed to match rule 'Anything'
	at 0302027.tex; line 209 col 1 - line 215 col 4
	In "$\displaystyle z_{a}{}^{m}=\frac{1}{R^{2}-(x^{0})^{2}-(x^{1})^{2}}[R\delta_{a}%
	^{m}{}-\left(\begin{array}[]{cc}\hidden@noalign{}\hfil x^{0}&x^{1}\\
	\hidden@noalign{}\hfil x^{1}&-x^{0}\end{array}\right)]~{}~{}~{},$"
	z[[UNKNOWN]] _{a}[[POSTSUBSCRIPT]]
	        > {}^{m}[[FLOATSUPERSCRIPT]] =[[RELOP]] \frac{1}{R^{2}-(x^{0})^{2}-(x^{1})^{2}}[[UNKNOWN]] [[[OPEN]] R[[UNKNOWN]] δ[[UNKNOWN]] _{a}[[POSTSUBSCRIPT]] ^{m}[[POSTSUPERSCRIPT]] -[[ADDOP]] \left([[OPEN]] Alignment[][[ARRAY]] \right)[[CLOSE]] ][[CLOSE]]
Warning:not_parsed:FLOATSUBSCRIPT>MULOP MathParser failed to match rule 'Anything'
	at 0302027.tex; line 226 col 37 - line 226 col 45
	In "${}_{2}\times$"
	{}_{2}[[FLOATSUBSCRIPT]]
	        > ×[[MULOP]]
Warning:not_parsed:FLOATSUBSCRIPT>MULOP MathParser failed to match rule 'Anything'
	at 0302027.tex; line 241 col 0 - line 241 col 49
	In "${}_{2}\times$"
	{}_{2}[[FLOATSUBSCRIPT]]
	        > ×[[MULOP]]
Warning:not_parsed:UNKNOWN.POSTSUBSCRIPT>FLOATSUPERSCRIPT MathParser failed to match rule 'Anything'
	at 0302027.tex; line 243 col 49 - line 243 col 56
	In "$G_{m}{}^{n}$"
	G[[UNKNOWN]] _{m}[[POSTSUBSCRIPT]]
	        > {}^{n}[[FLOATSUPERSCRIPT]]
Warning:not_parsed:UNKNOWN.POSTSUBSCRIPT>FLOATSUPERSCRIPT MathParser failed to match rule 'Anything'
	at 0302027.tex; line 245 col 1 - line 245 col 1
	In "$\displaystyle G_{m}{}^{n}=z_{m}{}^{a}\pi_{a}{}^{n}~{}~{},~{}~{}\left[z_{m}{}^%
	{a},\pi_{b}{}^{n}\right]=\delta_{b}^{a}\delta_{m}^{n}~{}~{},~{}~{}\left[G_{m}{%
	}^{n},G_{l}{}^{k}\right]=-\delta_{l}^{n}G_{m}{}^{k}+\delta_{m}^{k}G_{l}{}^{n}\@@ENDINLINEMATH"
	G[[UNKNOWN]] _{m}[[POSTSUBSCRIPT]]
	        > {}^{n}[[FLOATSUPERSCRIPT]] =[[RELOP]] z[[UNKNOWN]] _{m}[[POSTSUBSCRIPT]] {}^{a}[[FLOATSUPERSCRIPT]] π[[UNKNOWN]] _{a}[[POSTSUBSCRIPT]] {}^{n}[[FLOATSUPERSCRIPT]] ,[[PUNCT]] \left[[[OPEN]] z[[UNKNOWN]] _{m}[[POSTSUBSCRIPT]] {}^{a}[[FLOATSUPERSCRIPT]] ,[[PUNCT]] π[[UNKNOWN]] _{b}[[POSTSUBSCRIPT]] {}^{n}[[FLOATSUPERSCRIPT]] \right][[CLOSE]] =[[RELOP]] δ[[UNKNOWN]] _{b}[[POSTSUBSCRIPT]] ^{a}[[POSTSUPERSCRIPT]] δ[[UNKNOWN]] _{m}[[POSTSUBSCRIPT]] ^{n}[[POSTSUPERSCRIPT]] ,[[PUNCT]] \left[[[OPEN]] G[[UNKNOWN]] _{m}[[POSTSUBSCRIPT]] {}^{n}[[FLOATSUPERSCRIPT]] ,[[PUNCT]] G[[UNKNOWN]] _{l}[[POSTSUBSCRIPT]] {}^{k}[[FLOATSUPERSCRIPT]] \right][[CLOSE]] =[[RELOP]] -[[ADDOP]] δ[[UNKNOWN]] _{l}[[POSTSUBSCRIPT]] ^{n}[[POSTSUPERSCRIPT]] G[[UNKNOWN]] _{m}[[POSTSUBSCRIPT]] {}^{k}[[FLOATSUPERSCRIPT]] +[[ADDOP]] δ[[UNKNOWN]] _{m}[[POSTSUBSCRIPT]] ^{k}[[POSTSUPERSCRIPT]] G[[UNKNOWN]] _{l}[[POSTSUBSCRIPT]] {}^{n}[[FLOATSUPERSCRIPT]]
Warning:not_parsed:UNKNOWN.POSTSUBSCRIPT>FLOATSUPERSCRIPT MathParser failed to match rule 'Anything'
	at 0302027.tex; line 245 col 1 - line 249 col 4
	In "$\displaystyle G_{m}{}^{n}=z_{m}{}^{a}\pi_{a}{}^{n}~{}~{},~{}~{}\left[z_{m}{}^%
	{a},\pi_{b}{}^{n}\right]=\delta_{b}^{a}\delta_{m}^{n}~{}~{},~{}~{}\left[G_{m}{%
	}^{n},G_{l}{}^{k}\right]=-\delta_{l}^{n}G_{m}{}^{k}+\delta_{m}^{k}G_{l}{}^{n}$"
	G[[UNKNOWN]] _{m}[[POSTSUBSCRIPT]]
	        > {}^{n}[[FLOATSUPERSCRIPT]] =[[RELOP]] z[[UNKNOWN]] _{m}[[POSTSUBSCRIPT]] {}^{a}[[FLOATSUPERSCRIPT]] π[[UNKNOWN]] _{a}[[POSTSUBSCRIPT]] {}^{n}[[FLOATSUPERSCRIPT]] ,[[PUNCT]] \left[[[OPEN]] z[[UNKNOWN]] _{m}[[POSTSUBSCRIPT]] {}^{a}[[FLOATSUPERSCRIPT]] ,[[PUNCT]] π[[UNKNOWN]] _{b}[[POSTSUBSCRIPT]] {}^{n}[[FLOATSUPERSCRIPT]] \right][[CLOSE]] =[[RELOP]] δ[[UNKNOWN]] _{b}[[POSTSUBSCRIPT]] ^{a}[[POSTSUPERSCRIPT]] δ[[UNKNOWN]] _{m}[[POSTSUBSCRIPT]] ^{n}[[POSTSUPERSCRIPT]] ,[[PUNCT]] \left[[[OPEN]] G[[UNKNOWN]] _{m}[[POSTSUBSCRIPT]] {}^{n}[[FLOATSUPERSCRIPT]] ,[[PUNCT]] G[[UNKNOWN]] _{l}[[POSTSUBSCRIPT]] {}^{k}[[FLOATSUPERSCRIPT]] \right][[CLOSE]] =[[RELOP]] -[[ADDOP]] δ[[UNKNOWN]] _{l}[[POSTSUBSCRIPT]] ^{n}[[POSTSUPERSCRIPT]] G[[UNKNOWN]] _{m}[[POSTSUBSCRIPT]] {}^{k}[[FLOATSUPERSCRIPT]] +[[ADDOP]] δ[[UNKNOWN]] _{m}[[POSTSUBSCRIPT]] ^{k}[[POSTSUPERSCRIPT]] G[[UNKNOWN]] _{l}[[POSTSUBSCRIPT]] {}^{n}[[FLOATSUPERSCRIPT]]
Warning:not_parsed:OPEN.UNKNOWN> MathParser failed to match rule 'Subscript'
	at 0302027.tex; line 253 col 35 - line 253 col 35
	In "$\displaystyle w_{\langle mn\rangle}=z_{\langle m}{}^{a}z_{n\rangle}{}_{a}\@@ENDINLINEMATH"
	\langle[[OPEN]] m[[UNKNOWN]]
	        > 
Warning:not_parsed:UNKNOWN>CLOSE MathParser failed to match rule 'Subscript'
	at 0302027.tex; line 253 col 52 - line 253 col 52
	n[[UNKNOWN]]
	        > \rangle[[CLOSE]]
Warning:not_parsed:FLOATSUPERSCRIPT.UNKNOWN.POSTSUBSCRIPT>FLOATSUBSCRIPT MathParser failed to match rule 'Anything'
	at 0302027.tex; line 253 col 1 - line 253 col 1
	w[[UNKNOWN]] _{\langlemn\rangle}[[POSTSUBSCRIPT]] =[[RELOP]] z[[UNKNOWN]] _{\langlem}[[POSTSUBSCRIPT]] {}^{a}[[FLOATSUPERSCRIPT]] z[[UNKNOWN]] _{n\rangle}[[POSTSUBSCRIPT]]
	        > {}_{a}[[FLOATSUBSCRIPT]]
Warning:not_parsed:OPEN.UNKNOWN> MathParser failed to match rule 'Subscript'
	at 0302027.tex; line 253 col 35 - line 253 col 35
	In "$\displaystyle w_{\langle mn\rangle}=z_{\langle m}{}^{a}z_{n\rangle}{}_{a}$"
	\langle[[OPEN]] m[[UNKNOWN]]
	        > 
Warning:not_parsed:UNKNOWN>CLOSE MathParser failed to match rule 'Subscript'
	at 0302027.tex; line 253 col 52 - line 253 col 52
	n[[UNKNOWN]]
	        > \rangle[[CLOSE]]
Warning:not_parsed:FLOATSUPERSCRIPT.UNKNOWN.POSTSUBSCRIPT>FLOATSUBSCRIPT MathParser failed to match rule 'Anything'
	at 0302027.tex; line 253 col 1 - line 254 col 4
	w[[UNKNOWN]] _{\langlemn\rangle}[[POSTSUBSCRIPT]] =[[RELOP]] z[[UNKNOWN]] _{\langlem}[[POSTSUBSCRIPT]] {}^{a}[[FLOATSUPERSCRIPT]] z[[UNKNOWN]] _{n\rangle}[[POSTSUBSCRIPT]]
	        > {}_{a}[[FLOATSUBSCRIPT]]
Warning:not_parsed:POSTSUBSCRIPT.UNKNOWN.POSTSUBSCRIPT>RELOP MathParser failed to match rule 'Anything'
	at 0302027.tex; line 257 col 6 - line 257 col 6
	In "$\displaystyle\delta_{\lambda}w_{mn}=\left[w_{mn},\lambda_{k}{}^{l}G_{l}{}^{k}%
	\right]=\lambda_{m}{}^{l}w_{ln}+\lambda_{n}{}^{l}w_{lm}~{}~{}~{}.\@@ENDINLINEMATH"
	δ[[UNKNOWN]] _{\lambda}[[POSTSUBSCRIPT]] w[[UNKNOWN]] _{mn}[[POSTSUBSCRIPT]]
	        > =[[RELOP]] \left[[[OPEN]] w[[UNKNOWN]] _{mn}[[POSTSUBSCRIPT]] ,[[PUNCT]] λ[[UNKNOWN]] _{k}[[POSTSUBSCRIPT]] {}^{l}[[FLOATSUPERSCRIPT]] G[[UNKNOWN]] _{l}[[POSTSUBSCRIPT]] {}^{k}[[FLOATSUPERSCRIPT]] \right][[CLOSE]] =[[RELOP]] λ[[UNKNOWN]] _{m}[[POSTSUBSCRIPT]] {}^{l}[[FLOATSUPERSCRIPT]] w[[UNKNOWN]] _{ln}[[POSTSUBSCRIPT]] +[[ADDOP]] λ[[UNKNOWN]] _{n}[[POSTSUBSCRIPT]] {}^{l}[[FLOATSUPERSCRIPT]] w[[UNKNOWN]] _{lm}[[POSTSUBSCRIPT]]
Warning:not_parsed:POSTSUBSCRIPT.UNKNOWN.POSTSUBSCRIPT>RELOP MathParser failed to match rule 'Anything'
	at 0302027.tex; line 257 col 6 - line 261 col 4
	In "$\displaystyle\delta_{\lambda}w_{mn}=\left[w_{mn},\lambda_{k}{}^{l}G_{l}{}^{k}%
	\right]=\lambda_{m}{}^{l}w_{ln}+\lambda_{n}{}^{l}w_{lm}~{}~{}~{}.$"
	δ[[UNKNOWN]] _{\lambda}[[POSTSUBSCRIPT]] w[[UNKNOWN]] _{mn}[[POSTSUBSCRIPT]]
	        > =[[RELOP]] \left[[[OPEN]] w[[UNKNOWN]] _{mn}[[POSTSUBSCRIPT]] ,[[PUNCT]] λ[[UNKNOWN]] _{k}[[POSTSUBSCRIPT]] {}^{l}[[FLOATSUPERSCRIPT]] G[[UNKNOWN]] _{l}[[POSTSUBSCRIPT]] {}^{k}[[FLOATSUPERSCRIPT]] \right][[CLOSE]] =[[RELOP]] λ[[UNKNOWN]] _{m}[[POSTSUBSCRIPT]] {}^{l}[[FLOATSUPERSCRIPT]] w[[UNKNOWN]] _{ln}[[POSTSUBSCRIPT]] +[[ADDOP]] λ[[UNKNOWN]] _{n}[[POSTSUBSCRIPT]] {}^{l}[[FLOATSUPERSCRIPT]] w[[UNKNOWN]] _{lm}[[POSTSUBSCRIPT]]
Warning:not_parsed:UNKNOWN.POSTSUBSCRIPT>FLOATSUPERSCRIPT MathParser failed to match rule 'Anything'
	at 0302027.tex; line 262 col 21 - line 262 col 28
	In "$z_{m}{}^{a}$"
	z[[UNKNOWN]] _{m}[[POSTSUBSCRIPT]]
	        > {}^{a}[[FLOATSUPERSCRIPT]]
Warning:not_parsed:UNKNOWN.POSTSUBSCRIPT.CLOSE>FLOATSUBSCRIPT MathParser failed to match rule 'Anything'
	at 0302027.tex; line 295 col 3 - line 295 col 3
	In "$\displaystyle P_{+}\to\Omega^{-2}P_{+}~{}~{},~{}~{}(P_{i},~{}M_{01},~{}M_{32}%
	)\to\Omega^{-1}(P_{i},~{}M_{01},~{}M_{32})~{}_{i=1,2}~{},~{}~{}(P_{-},~{}D)\to%
	(P_{-},~{}D)\@@ENDINLINEMATH"
	P[[UNKNOWN]] _{+}[[POSTSUBSCRIPT]] →[[ARROW]] Ω[[UNKNOWN]] ^{-2}[[POSTSUPERSCRIPT]] P[[UNKNOWN]] _{+}[[POSTSUBSCRIPT]] ,[[PUNCT]] ([[OPEN]] P[[UNKNOWN]] _{i}[[POSTSUBSCRIPT]] ,[[PUNCT]] M[[UNKNOWN]] _{01}[[POSTSUBSCRIPT]] ,[[PUNCT]] M[[UNKNOWN]] _{32}[[POSTSUBSCRIPT]] )[[CLOSE]] →[[ARROW]] Ω[[UNKNOWN]] ^{-1}[[POSTSUPERSCRIPT]] ([[OPEN]] P[[UNKNOWN]] _{i}[[POSTSUBSCRIPT]] ,[[PUNCT]] M[[UNKNOWN]] _{01}[[POSTSUBSCRIPT]] ,[[PUNCT]] M[[UNKNOWN]] _{32}[[POSTSUBSCRIPT]] )[[CLOSE]]
	        > {}_{i=1,2}[[FLOATSUBSCRIPT]] ,[[PUNCT]] ([[OPEN]] P[[UNKNOWN]] _{-}[[POSTSUBSCRIPT]] ,[[PUNCT]] D[[UNKNOWN]] )[[CLOSE]] →[[ARROW]] ([[OPEN]] P[[UNKNOWN]] _{-}[[POSTSUBSCRIPT]] ,[[PUNCT]] D[[UNKNOWN]] )[[CLOSE]]
Warning:not_parsed:UNKNOWN.POSTSUBSCRIPT.CLOSE>FLOATSUBSCRIPT MathParser failed to match rule 'Anything'
	at 0302027.tex; line 295 col 3 - line 298 col 4
	In "$\displaystyle P_{+}\to\Omega^{-2}P_{+}~{}~{},~{}~{}(P_{i},~{}M_{01},~{}M_{32}%
	)\to\Omega^{-1}(P_{i},~{}M_{01},~{}M_{32})~{}_{i=1,2}~{},~{}~{}(P_{-},~{}D)\to%
	(P_{-},~{}D)$"
	P[[UNKNOWN]] _{+}[[POSTSUBSCRIPT]] →[[ARROW]] Ω[[UNKNOWN]] ^{-2}[[POSTSUPERSCRIPT]] P[[UNKNOWN]] _{+}[[POSTSUBSCRIPT]] ,[[PUNCT]] ([[OPEN]] P[[UNKNOWN]] _{i}[[POSTSUBSCRIPT]] ,[[PUNCT]] M[[UNKNOWN]] _{01}[[POSTSUBSCRIPT]] ,[[PUNCT]] M[[UNKNOWN]] _{32}[[POSTSUBSCRIPT]] )[[CLOSE]] →[[ARROW]] Ω[[UNKNOWN]] ^{-1}[[POSTSUPERSCRIPT]] ([[OPEN]] P[[UNKNOWN]] _{i}[[POSTSUBSCRIPT]] ,[[PUNCT]] M[[UNKNOWN]] _{01}[[POSTSUBSCRIPT]] ,[[PUNCT]] M[[UNKNOWN]] _{32}[[POSTSUBSCRIPT]] )[[CLOSE]]
	        > {}_{i=1,2}[[FLOATSUBSCRIPT]] ,[[PUNCT]] ([[OPEN]] P[[UNKNOWN]] _{-}[[POSTSUBSCRIPT]] ,[[PUNCT]] D[[UNKNOWN]] )[[CLOSE]] →[[ARROW]] ([[OPEN]] P[[UNKNOWN]] _{-}[[POSTSUBSCRIPT]] ,[[PUNCT]] D[[UNKNOWN]] )[[CLOSE]]
Warning:not_parsed:CLOSE.POSTSUPERSCRIPT.CLOSE>VERTBAR MathParser failed to match rule 'Anything'
	at 0302027.tex; line 309 col 1 - line 309 col 1
	In "$\displaystyle ds^{2}_{\rm pp}=\Omega^{-2}(-\frac{1}{2})[(j^{\langle ab\rangle%
	})^{2}-(j^{\langle\bar{a}\bar{b}\rangle})^{2}]\left|{}_{\rm rescaling~{}(\ref{%
	pomg}),~{}\Omega\to 0}\right.=\frac{R^{2}}{[R^{2}-\frac{1}{2}{x^{-}}^{2}]^{2}}%
	\left\{2dx^{+}dx^{-}+\sum_{i=1,2}(dx^{i})^{2}+\frac{2dx^{+}dx^{-}+\sum_{i=1,2}%
	(x^{i})^{2}}{R^{2}-\frac{1}{2}\left({x^{-}}\right)^{2}}(dx^{-})^{2}\right\}\@@ENDINLINEMATH"
	d[[UNKNOWN]] s[[UNKNOWN]] ^{2}[[POSTSUPERSCRIPT]] _{\rmpp}[[POSTSUBSCRIPT]] =[[RELOP]] Ω[[UNKNOWN]] ^{-2}[[POSTSUPERSCRIPT]] ([[OPEN]] -[[ADDOP]] \frac{1}{2}[[UNKNOWN]] )[[CLOSE]] [[[OPEN]] ([[OPEN]] j[[UNKNOWN]] ^{\langleab\rangle}[[POSTSUPERSCRIPT]] )[[CLOSE]] ^{2}[[POSTSUPERSCRIPT]] -[[ADDOP]] ([[OPEN]] j[[UNKNOWN]] ^{\langle\bar{a}\bar{b}\rangle}[[POSTSUPERSCRIPT]] )[[CLOSE]] ^{2}[[POSTSUPERSCRIPT]] ][[CLOSE]]
	        > \left|[[VERTBAR]] {}_{\rmrescaling~{}(\ref{pomg}),~{}\Omega\to0}[[FLOATSUBSCRIPT]] =[[RELOP]] \frac{R^{2}}{[R^{2}-\frac{1}{2}{x^{-}}^{2}]^{2}}[[UNKNOWN]] \left\{[[OPEN]] 2[[NUMBER]] d[[UNKNOWN]] x[[UNKNOWN]] ^{+}[[POSTSUPERSCRIPT]] d[[UNKNOWN]] x[[UNKNOWN]] ^{-}[[POSTSUPERSCRIPT]] +[[ADDOP]] ∑[[SUMOP]] _{i=1,2}[[POSTSUBSCRIPT]] ([[OPEN]] d[[UNKNOWN]] x[[UNKNOWN]] ^{i}[[POSTSUPERSCRIPT]] )[[CLOSE]] ^{2}[[POSTSUPERSCRIPT]] +[[ADDOP]] \frac{2dx^{+}dx^{-}+\sum_{i=1,2}(x^{i})^{2}}{R^{2}-\frac{1}{2}\left({x^{-}}\right)^{2}}[[UNKNOWN]] ([[OPEN]] d[[UNKNOWN]] x[[UNKNOWN]] ^{-}[[POSTSUPERSCRIPT]] )[[CLOSE]] ^{2}[[POSTSUPERSCRIPT]] \right\}[[CLOSE]]
Warning:not_parsed:CLOSE.POSTSUPERSCRIPT.CLOSE>VERTBAR MathParser failed to match rule 'Anything'
	at 0302027.tex; line 309 col 22 - line 312 col 1
	In "$\displaystyle\Omega^{-2}(-\frac{1}{2})[(j^{\langle ab\rangle})^{2}-(j^{%
	\langle\bar{a}\bar{b}\rangle})^{2}]\left|{}_{\rm rescaling~{}(\ref{pomg}),~{}%
	\Omega\to 0}\right.$"
	Ω[[UNKNOWN]] ^{-2}[[POSTSUPERSCRIPT]] ([[OPEN]] -[[ADDOP]] \frac{1}{2}[[UNKNOWN]] )[[CLOSE]] [[[OPEN]] ([[OPEN]] j[[UNKNOWN]] ^{\langleab\rangle}[[POSTSUPERSCRIPT]] )[[CLOSE]] ^{2}[[POSTSUPERSCRIPT]] -[[ADDOP]] ([[OPEN]] j[[UNKNOWN]] ^{\langle\bar{a}\bar{b}\rangle}[[POSTSUPERSCRIPT]] )[[CLOSE]] ^{2}[[POSTSUPERSCRIPT]] ][[CLOSE]]
	        > \left|[[VERTBAR]] {}_{\rmrescaling~{}(\ref{pomg}),~{}\Omega\to0}[[FLOATSUBSCRIPT]]
Warning:not_parsed:FLOATSUBSCRIPT>MULOP MathParser failed to match rule 'Anything'
	at 0302027.tex; line 361 col 0 - line 361 col 55
	In "${}_{2}\times$"
	{}_{2}[[FLOATSUBSCRIPT]]
	        > ×[[MULOP]]
Warning:not_parsed:UNKNOWN.POSTSUBSCRIPT>FLOATSUPERSCRIPT MathParser failed to match rule 'Anything'
	at 0302027.tex; line 365 col 30 - line 365 col 37
	In "$Z_{M}{}^{A}$"
	Z[[UNKNOWN]] _{M}[[POSTSUBSCRIPT]]
	        > {}^{A}[[FLOATSUPERSCRIPT]]
Warning:not_parsed:UNKNOWN.POSTSUBSCRIPT>FLOATSUPERSCRIPT MathParser failed to match rule 'Anything'
	at 0302027.tex; line 368 col 3 - line 368 col 3
	In "$\displaystyle G_{M}{}^{N}=Z_{N}{}^{A}\Pi_{A}{}^{N}~{}~{},~{}~{}\left[Z_{M}{}^%
	{A},\Pi_{B}{}^{N}\right\}=(-1)^{A}\delta_{B}^{A}\delta_{M}^{N}~{}\@@ENDINLINEMATH"
	G[[UNKNOWN]] _{M}[[POSTSUBSCRIPT]]
	        > {}^{N}[[FLOATSUPERSCRIPT]] =[[RELOP]] Z[[UNKNOWN]] _{N}[[POSTSUBSCRIPT]] {}^{A}[[FLOATSUPERSCRIPT]] Π[[UNKNOWN]] _{A}[[POSTSUBSCRIPT]] {}^{N}[[FLOATSUPERSCRIPT]] ,[[PUNCT]] \left[[[OPEN]] Z[[UNKNOWN]] _{M}[[POSTSUBSCRIPT]] {}^{A}[[FLOATSUPERSCRIPT]] ,[[PUNCT]] Π[[UNKNOWN]] _{B}[[POSTSUBSCRIPT]] {}^{N}[[FLOATSUPERSCRIPT]] \right\}[[CLOSE]] =[[RELOP]] ([[OPEN]] -[[ADDOP]] 1[[NUMBER]] )[[CLOSE]] ^{A}[[POSTSUPERSCRIPT]] δ[[UNKNOWN]] _{B}[[POSTSUBSCRIPT]] ^{A}[[POSTSUPERSCRIPT]] δ[[UNKNOWN]] _{M}[[POSTSUBSCRIPT]] ^{N}[[POSTSUPERSCRIPT]]
Warning:not_parsed:UNKNOWN.POSTSUBSCRIPT>FLOATSUPERSCRIPT MathParser failed to match rule 'Anything'
	at 0302027.tex; line 368 col 3 - line 370 col 1
	In "$\displaystyle G_{M}{}^{N}=Z_{N}{}^{A}\Pi_{A}{}^{N}~{}~{},~{}~{}\left[Z_{M}{}^%
	{A},\Pi_{B}{}^{N}\right\}=(-1)^{A}\delta_{B}^{A}\delta_{M}^{N}~{}$"
	G[[UNKNOWN]] _{M}[[POSTSUBSCRIPT]]
	        > {}^{N}[[FLOATSUPERSCRIPT]] =[[RELOP]] Z[[UNKNOWN]] _{N}[[POSTSUBSCRIPT]] {}^{A}[[FLOATSUPERSCRIPT]] Π[[UNKNOWN]] _{A}[[POSTSUBSCRIPT]] {}^{N}[[FLOATSUPERSCRIPT]] ,[[PUNCT]] \left[[[OPEN]] Z[[UNKNOWN]] _{M}[[POSTSUBSCRIPT]] {}^{A}[[FLOATSUPERSCRIPT]] ,[[PUNCT]] Π[[UNKNOWN]] _{B}[[POSTSUBSCRIPT]] {}^{N}[[FLOATSUPERSCRIPT]] \right\}[[CLOSE]] =[[RELOP]] ([[OPEN]] -[[ADDOP]] 1[[NUMBER]] )[[CLOSE]] ^{A}[[POSTSUPERSCRIPT]] δ[[UNKNOWN]] _{B}[[POSTSUBSCRIPT]] ^{A}[[POSTSUPERSCRIPT]] δ[[UNKNOWN]] _{M}[[POSTSUBSCRIPT]] ^{N}[[POSTSUPERSCRIPT]]
Warning:not_parsed:>OPEN MathParser failed to match rule 'Anything'
	at 0302027.tex; line 370 col 8 - line 370 col 8
	In "$\displaystyle\left[G_{M}{}^{N},G_{L}{}^{K}\right\}=(-1)^{N}(-\delta_{L}^{N}G_%
	{M}{}^{K}+\delta_{M}^{K}G_{L}{}^{N})~{}~{}~{}\@@ENDINLINEMATH"
	> \left[[[OPEN]] G[[UNKNOWN]] _{M}[[POSTSUBSCRIPT]] {}^{N}[[FLOATSUPERSCRIPT]] ,[[PUNCT]] G[[UNKNOWN]] _{L}[[POSTSUBSCRIPT]] {}^{K}[[FLOATSUPERSCRIPT]] \right\}[[CLOSE]] =[[RELOP]] ([[OPEN]] -[[ADDOP]] 1[[NUMBER]] )[[CLOSE]] ^{N}[[POSTSUPERSCRIPT]] ([[OPEN]] -[[ADDOP]] δ[[UNKNOWN]] _{L}[[POSTSUBSCRIPT]] ^{N}[[POSTSUPERSCRIPT]] G[[UNKNOWN]] _{M}[[POSTSUBSCRIPT]] {}^{K}[[FLOATSUPERSCRIPT]] +[[ADDOP]] δ[[UNKNOWN]] _{M}[[POSTSUBSCRIPT]] ^{K}[[POSTSUPERSCRIPT]] G[[UNKNOWN]] _{L}[[POSTSUBSCRIPT]] {}^{N}[[FLOATSUPERSCRIPT]] )[[CLOSE]]
Warning:not_parsed:>OPEN MathParser failed to match rule 'Anything'
	at 0302027.tex; line 370 col 8 - line 372 col 4
	In "$\displaystyle\left[G_{M}{}^{N},G_{L}{}^{K}\right\}=(-1)^{N}(-\delta_{L}^{N}G_%
	{M}{}^{K}+\delta_{M}^{K}G_{L}{}^{N})~{}~{}~{}$"
	> \left[[[OPEN]] G[[UNKNOWN]] _{M}[[POSTSUBSCRIPT]] {}^{N}[[FLOATSUPERSCRIPT]] ,[[PUNCT]] G[[UNKNOWN]] _{L}[[POSTSUBSCRIPT]] {}^{K}[[FLOATSUPERSCRIPT]] \right\}[[CLOSE]] =[[RELOP]] ([[OPEN]] -[[ADDOP]] 1[[NUMBER]] )[[CLOSE]] ^{N}[[POSTSUPERSCRIPT]] ([[OPEN]] -[[ADDOP]] δ[[UNKNOWN]] _{L}[[POSTSUBSCRIPT]] ^{N}[[POSTSUPERSCRIPT]] G[[UNKNOWN]] _{M}[[POSTSUBSCRIPT]] {}^{K}[[FLOATSUPERSCRIPT]] +[[ADDOP]] δ[[UNKNOWN]] _{M}[[POSTSUBSCRIPT]] ^{K}[[POSTSUPERSCRIPT]] G[[UNKNOWN]] _{L}[[POSTSUBSCRIPT]] {}^{N}[[FLOATSUPERSCRIPT]] )[[CLOSE]]
Warning:not_parsed:>OPEN MathParser failed to match rule 'Anything'
	at 0302027.tex; line 378 col 19 - line 379 col 32
	In "$\left\{G_{\bar{1}}{}^{{1}},G_{1}{}^{\bar{1}}\right\}\propto P_{-}~{}\Rightarrow$"
	> \left\{[[OPEN]] G[[UNKNOWN]] _{\bar{1}}[[POSTSUBSCRIPT]] {}^{{1}}[[FLOATSUPERSCRIPT]] ,[[PUNCT]] G[[UNKNOWN]] _{1}[[POSTSUBSCRIPT]] {}^{\bar{1}}[[FLOATSUPERSCRIPT]] \right\}[[CLOSE]] ∝[[RELOP]] P[[UNKNOWN]] _{-}[[POSTSUBSCRIPT]] ⇒[[ARROW]]
Warning:not_parsed:UNKNOWN.POSTSUBSCRIPT>FLOATSUPERSCRIPT MathParser failed to match rule 'Anything'
	at 0302027.tex; line 379 col 0 - line 381 col 1
	In "$~{}G_{1}{}^{\bar{1}},G_{\bar{1}}{}^{1}~{}\in Q_{-}$"
	G[[UNKNOWN]] _{1}[[POSTSUBSCRIPT]]
	        > {}^{\bar{1}}[[FLOATSUPERSCRIPT]] ,[[PUNCT]] G[[UNKNOWN]] _{\bar{1}}[[POSTSUBSCRIPT]] {}^{1}[[FLOATSUPERSCRIPT]] ∈[[RELOP]] Q[[UNKNOWN]] _{-}[[POSTSUBSCRIPT]]
Warning:not_parsed:>OPEN MathParser failed to match rule 'Anything'
	at 0302027.tex; line 382 col 6 - line 383 col 32
	In "$\left\{G_{\bar{2}}{}^{1},G_{1}{}^{\bar{2}}\right\}\propto P_{+}~{}\Rightarrow$"
	> \left\{[[OPEN]] G[[UNKNOWN]] _{\bar{2}}[[POSTSUBSCRIPT]] {}^{1}[[FLOATSUPERSCRIPT]] ,[[PUNCT]] G[[UNKNOWN]] _{1}[[POSTSUBSCRIPT]] {}^{\bar{2}}[[FLOATSUPERSCRIPT]] \right\}[[CLOSE]] ∝[[RELOP]] P[[UNKNOWN]] _{+}[[POSTSUBSCRIPT]] ⇒[[ARROW]]
Warning:not_parsed:UNKNOWN.POSTSUBSCRIPT>FLOATSUPERSCRIPT MathParser failed to match rule 'Anything'
	at 0302027.tex; line 383 col 0 - line 385 col 1
	In "$G_{1}{}^{\bar{2}},G_{\bar{2}}{}^{1}~{}\in Q_{+}$"
	G[[UNKNOWN]] _{1}[[POSTSUBSCRIPT]]
	        > {}^{\bar{2}}[[FLOATSUPERSCRIPT]] ,[[PUNCT]] G[[UNKNOWN]] _{\bar{2}}[[POSTSUBSCRIPT]] {}^{1}[[FLOATSUPERSCRIPT]] ∈[[RELOP]] Q[[UNKNOWN]] _{+}[[POSTSUBSCRIPT]]
Warning:not_parsed:FLOATSUBSCRIPT>MULOP MathParser failed to match rule 'Anything'
	at 0302027.tex; line 511 col 39 - line 511 col 47
	In "${}_{2}\times$"
	{}_{2}[[FLOATSUBSCRIPT]]
	        > ×[[MULOP]]
Warning:not_parsed:UNKNOWN.POSTSUBSCRIPT>FLOATSUPERSCRIPT MathParser failed to match rule 'Anything'
	at 0302027.tex; line 603 col 1 - line 603 col 1
	In "$\displaystyle J_{A}{}^{B}=Z_{A}{}^{M}dZ_{M}{}^{B}~{}~{},~{}~{}Z_{M}{}^{A}=%
	\left(\begin{array}[]{cc}\hidden@noalign{}\hfil{\bf 1}&\\
	&{\bf 1}\end{array}\right)+\left(\begin{array}[]{cc}\hidden@noalign{}\hfil X&%
	\Theta\\
	\hidden@noalign{}\hfil\bar{\Theta}&\bar{X}\end{array}\right)~{}~{}~{}.\@@ENDINLINEMATH"
	J[[UNKNOWN]] _{A}[[POSTSUBSCRIPT]]
	        > {}^{B}[[FLOATSUPERSCRIPT]] =[[RELOP]] Z[[UNKNOWN]] _{A}[[POSTSUBSCRIPT]] {}^{M}[[FLOATSUPERSCRIPT]] d[[UNKNOWN]] Z[[UNKNOWN]] _{M}[[POSTSUBSCRIPT]] {}^{B}[[FLOATSUPERSCRIPT]] ,[[PUNCT]] Z[[UNKNOWN]] _{M}[[POSTSUBSCRIPT]] {}^{A}[[FLOATSUPERSCRIPT]] =[[RELOP]] \left([[OPEN]] Alignment[][[ARRAY]] \right)[[CLOSE]] +[[ADDOP]] \left([[OPEN]] Alignment[][[ARRAY]] \right)[[CLOSE]]
Warning:not_parsed:UNKNOWN.POSTSUBSCRIPT>FLOATSUPERSCRIPT MathParser failed to match rule 'Anything'
	at 0302027.tex; line 603 col 1 - line 615 col 4
	In "$\displaystyle J_{A}{}^{B}=Z_{A}{}^{M}dZ_{M}{}^{B}~{}~{},~{}~{}Z_{M}{}^{A}=%
	\left(\begin{array}[]{cc}\hidden@noalign{}\hfil{\bf 1}&\\
	&{\bf 1}\end{array}\right)+\left(\begin{array}[]{cc}\hidden@noalign{}\hfil X&%
	\Theta\\
	\hidden@noalign{}\hfil\bar{\Theta}&\bar{X}\end{array}\right)~{}~{}~{}.$"
	J[[UNKNOWN]] _{A}[[POSTSUBSCRIPT]]
	        > {}^{B}[[FLOATSUPERSCRIPT]] =[[RELOP]] Z[[UNKNOWN]] _{A}[[POSTSUBSCRIPT]] {}^{M}[[FLOATSUPERSCRIPT]] d[[UNKNOWN]] Z[[UNKNOWN]] _{M}[[POSTSUBSCRIPT]] {}^{B}[[FLOATSUPERSCRIPT]] ,[[PUNCT]] Z[[UNKNOWN]] _{M}[[POSTSUBSCRIPT]] {}^{A}[[FLOATSUPERSCRIPT]] =[[RELOP]] \left([[OPEN]] Alignment[][[ARRAY]] \right)[[CLOSE]] +[[ADDOP]] \left([[OPEN]] Alignment[][[ARRAY]] \right)[[CLOSE]]
Warning:not_parsed:UNKNOWN.POSTSUBSCRIPT>RELOP MathParser failed to match rule 'Anything'
	at 0302027.tex; line 660 col 1 - line 660 col 1
	In "$\displaystyle{\cal L}_{WZ,{\rm D0}}=\left\{K\epsilon_{ab}\left(J_{0}^{ab}-d(%
	\delta^{am}X_{m}{}^{b})\right)+\bar{K}\epsilon_{\bar{a}\bar{b}}\left(J_{0}^{%
	\bar{a}\bar{b}}-d(\delta^{\bar{a}\bar{m}}\bar{X}_{\bar{m}}{}^{\bar{b}})\right)%
	\right\}~{}~{}~{}\@@ENDINLINEMATH"
	L[[UNKNOWN]] _{WZ,{\rmD0}}[[POSTSUBSCRIPT]]
	        > =[[RELOP]] \left\{[[OPEN]] K[[UNKNOWN]] ϵ[[UNKNOWN]] _{ab}[[POSTSUBSCRIPT]] \left([[OPEN]] J[[UNKNOWN]] _{0}[[POSTSUBSCRIPT]] ^{ab}[[POSTSUPERSCRIPT]] -[[ADDOP]] d[[UNKNOWN]] ([[OPEN]] δ[[UNKNOWN]] ^{am}[[POSTSUPERSCRIPT]] X[[UNKNOWN]] _{m}[[POSTSUBSCRIPT]] {}^{b}[[FLOATSUPERSCRIPT]] )[[CLOSE]] \right)[[CLOSE]] +[[ADDOP]] \bar{K}[[UNKNOWN]] ϵ[[UNKNOWN]] _{\bar{a}\bar{b}}[[POSTSUBSCRIPT]] \left([[OPEN]] J[[UNKNOWN]] _{0}[[POSTSUBSCRIPT]] ^{\bar{a}\bar{b}}[[POSTSUPERSCRIPT]] -[[ADDOP]] d[[UNKNOWN]] ([[OPEN]] δ[[UNKNOWN]] ^{\bar{a}\bar{m}}[[POSTSUPERSCRIPT]] \bar{X}[[UNKNOWN]] _{\bar{m}}[[POSTSUBSCRIPT]] {}^{\bar{b}}[[FLOATSUPERSCRIPT]] )[[CLOSE]] \right)[[CLOSE]] \right\}[[CLOSE]]
Warning:not_parsed:>OPEN MathParser failed to match rule 'Anything'
	at 0302027.tex; line 660 col 32 - line 666 col 4
	In "$\displaystyle\left\{K\epsilon_{ab}\left(J_{0}^{ab}-d(\delta^{am}X_{m}{}^{b})%
	\right)+\bar{K}\epsilon_{\bar{a}\bar{b}}\left(J_{0}^{\bar{a}\bar{b}}-d(\delta^%
	{\bar{a}\bar{m}}\bar{X}_{\bar{m}}{}^{\bar{b}})\right)\right\}~{}~{}~{}$"
	> \left\{[[OPEN]] K[[UNKNOWN]] ϵ[[UNKNOWN]] _{ab}[[POSTSUBSCRIPT]] \left([[OPEN]] J[[UNKNOWN]] _{0}[[POSTSUBSCRIPT]] ^{ab}[[POSTSUPERSCRIPT]] -[[ADDOP]] d[[UNKNOWN]] ([[OPEN]] δ[[UNKNOWN]] ^{am}[[POSTSUPERSCRIPT]] X[[UNKNOWN]] _{m}[[POSTSUBSCRIPT]] {}^{b}[[FLOATSUPERSCRIPT]] )[[CLOSE]] \right)[[CLOSE]] +[[ADDOP]] \bar{K}[[UNKNOWN]] ϵ[[UNKNOWN]] _{\bar{a}\bar{b}}[[POSTSUBSCRIPT]] \left([[OPEN]] J[[UNKNOWN]] _{0}[[POSTSUBSCRIPT]] ^{\bar{a}\bar{b}}[[POSTSUPERSCRIPT]] -[[ADDOP]] d[[UNKNOWN]] ([[OPEN]] δ[[UNKNOWN]] ^{\bar{a}\bar{m}}[[POSTSUPERSCRIPT]] \bar{X}[[UNKNOWN]] _{\bar{m}}[[POSTSUBSCRIPT]] {}^{\bar{b}}[[FLOATSUPERSCRIPT]] )[[CLOSE]] \right)[[CLOSE]] \right\}[[CLOSE]]
Warning:not_parsed:UNKNOWN.UNKNOWN.POSTSUBSCRIPT>RELOP MathParser failed to match rule 'Anything'
	at 0302027.tex; line 677 col 1 - line 677 col 1
	In "$\displaystyle H_{[2]}=d{\cal L}_{WZ}=-\left\{K\epsilon_{ab}(J^{ac}J_{c}{}^{b}%
	+J^{a\bar{c}}J_{\bar{c}}{}^{b})+\bar{K}\epsilon_{\bar{a}\bar{b}}(J^{\bar{a}c}J%
	_{c}{}^{\bar{b}}+J^{\bar{a}\bar{c}}J_{\bar{c}}{}^{\bar{b}})\right\}\@@ENDINLINEMATH"
	H[[UNKNOWN]] _{[2]}[[POSTSUBSCRIPT]] =[[RELOP]] d[[UNKNOWN]] L[[UNKNOWN]] _{WZ}[[POSTSUBSCRIPT]]
	        > =[[RELOP]] -[[ADDOP]] \left\{[[OPEN]] K[[UNKNOWN]] ϵ[[UNKNOWN]] _{ab}[[POSTSUBSCRIPT]] ([[OPEN]] J[[UNKNOWN]] ^{ac}[[POSTSUPERSCRIPT]] J[[UNKNOWN]] _{c}[[POSTSUBSCRIPT]] {}^{b}[[FLOATSUPERSCRIPT]] +[[ADDOP]] J[[UNKNOWN]] ^{a\bar{c}}[[POSTSUPERSCRIPT]] J[[UNKNOWN]] _{\bar{c}}[[POSTSUBSCRIPT]] {}^{b}[[FLOATSUPERSCRIPT]] )[[CLOSE]] +[[ADDOP]] \bar{K}[[UNKNOWN]] ϵ[[UNKNOWN]] _{\bar{a}\bar{b}}[[POSTSUBSCRIPT]] ([[OPEN]] J[[UNKNOWN]] ^{\bar{a}c}[[POSTSUPERSCRIPT]] J[[UNKNOWN]] _{c}[[POSTSUBSCRIPT]] {}^{\bar{b}}[[FLOATSUPERSCRIPT]] +[[ADDOP]] J[[UNKNOWN]] ^{\bar{a}\bar{c}}[[POSTSUPERSCRIPT]] J[[UNKNOWN]] _{\bar{c}}[[POSTSUBSCRIPT]] {}^{\bar{b}}[[FLOATSUPERSCRIPT]] )[[CLOSE]] \right\}[[CLOSE]]
Warning:not_parsed:UNKNOWN.UNKNOWN.POSTSUBSCRIPT>RELOP MathParser failed to match rule 'Anything'
	at 0302027.tex; line 677 col 1 - line 681 col 4
	In "$\displaystyle H_{[2]}=d{\cal L}_{WZ}=-\left\{K\epsilon_{ab}(J^{ac}J_{c}{}^{b}%
	+J^{a\bar{c}}J_{\bar{c}}{}^{b})+\bar{K}\epsilon_{\bar{a}\bar{b}}(J^{\bar{a}c}J%
	_{c}{}^{\bar{b}}+J^{\bar{a}\bar{c}}J_{\bar{c}}{}^{\bar{b}})\right\}$"
	H[[UNKNOWN]] _{[2]}[[POSTSUBSCRIPT]] =[[RELOP]] d[[UNKNOWN]] L[[UNKNOWN]] _{WZ}[[POSTSUBSCRIPT]]
	        > =[[RELOP]] -[[ADDOP]] \left\{[[OPEN]] K[[UNKNOWN]] ϵ[[UNKNOWN]] _{ab}[[POSTSUBSCRIPT]] ([[OPEN]] J[[UNKNOWN]] ^{ac}[[POSTSUPERSCRIPT]] J[[UNKNOWN]] _{c}[[POSTSUBSCRIPT]] {}^{b}[[FLOATSUPERSCRIPT]] +[[ADDOP]] J[[UNKNOWN]] ^{a\bar{c}}[[POSTSUPERSCRIPT]] J[[UNKNOWN]] _{\bar{c}}[[POSTSUBSCRIPT]] {}^{b}[[FLOATSUPERSCRIPT]] )[[CLOSE]] +[[ADDOP]] \bar{K}[[UNKNOWN]] ϵ[[UNKNOWN]] _{\bar{a}\bar{b}}[[POSTSUBSCRIPT]] ([[OPEN]] J[[UNKNOWN]] ^{\bar{a}c}[[POSTSUPERSCRIPT]] J[[UNKNOWN]] _{c}[[POSTSUBSCRIPT]] {}^{\bar{b}}[[FLOATSUPERSCRIPT]] +[[ADDOP]] J[[UNKNOWN]] ^{\bar{a}\bar{c}}[[POSTSUPERSCRIPT]] J[[UNKNOWN]] _{\bar{c}}[[POSTSUBSCRIPT]] {}^{\bar{b}}[[FLOATSUPERSCRIPT]] )[[CLOSE]] \right\}[[CLOSE]]
Warning:not_parsed:FLOATSUPERSCRIPT>MULOP MathParser failed to match rule 'Anything'
	at 0302027.tex; line 685 col 40 - line 685 col 48
	In "${}^{2}\times$"
	{}^{2}[[FLOATSUPERSCRIPT]]
	        > ×[[MULOP]]
Warning:not_parsed:UNKNOWN.UNKNOWN.POSTSUBSCRIPT>FLOATSUPERSCRIPT MathParser failed to match rule 'Anything'
	at 0302027.tex; line 695 col 30 - line 695 col 39
	In "$\delta Z_{M}{}^{A}$"
	δ[[UNKNOWN]] Z[[UNKNOWN]] _{M}[[POSTSUBSCRIPT]]
	        > {}^{A}[[FLOATSUPERSCRIPT]]
Warning:not_parsed:UNKNOWN.UNKNOWN.POSTSUBSCRIPT>FLOATSUPERSCRIPT MathParser failed to match rule 'Anything'
	at 0302027.tex; line 697 col 6 - line 697 col 6
	In "$\displaystyle\Delta J^{AB}=Z^{AM}\delta Z_{M}{}^{B}~{}~{},\@@ENDINLINEMATH"
	Δ[[UNKNOWN]] J[[UNKNOWN]] ^{AB}[[POSTSUPERSCRIPT]] =[[RELOP]] Z[[UNKNOWN]] ^{AM}[[POSTSUPERSCRIPT]] δ[[UNKNOWN]] Z[[UNKNOWN]] _{M}[[POSTSUBSCRIPT]]
	        > {}^{B}[[FLOATSUPERSCRIPT]]
Warning:not_parsed:UNKNOWN.UNKNOWN.POSTSUBSCRIPT>FLOATSUPERSCRIPT MathParser failed to match rule 'Anything'
	at 0302027.tex; line 697 col 6 - line 698 col 4
	In "$\displaystyle\Delta J^{AB}=Z^{AM}\delta Z_{M}{}^{B}~{}~{},$"
	Δ[[UNKNOWN]] J[[UNKNOWN]] ^{AB}[[POSTSUPERSCRIPT]] =[[RELOP]] Z[[UNKNOWN]] ^{AM}[[POSTSUPERSCRIPT]] δ[[UNKNOWN]] Z[[UNKNOWN]] _{M}[[POSTSUBSCRIPT]]
	        > {}^{B}[[FLOATSUPERSCRIPT]]
Warning:not_parsed:OPERATOR.ATOM.POSTSUBSCRIPT>FLOATSUPERSCRIPT MathParser failed to match rule 'Anything'
	at 0302027.tex; line 730 col 1 - line 730 col 1
	In "$\displaystyle\tilde{D}_{\bar{a}b}=D_{\bar{a}b}+\frac{\partial{\cal L}_{WZ}}{%
	\partial\dot{\Theta}_{m}{}^{\bar{a}}}X_{m}{}^{b}=0~{}~{},~{}~{}\tilde{D}_{a%
	\bar{b}}=D_{a\bar{b}}+\frac{\partial{\cal L}_{WZ}}{\partial\dot{\bar{\Theta}}_%
	{\bar{m}}{}^{a}}\bar{X}_{\bar{m}}{}^{\bar{b}}=0~{}~{}\@@ENDINLINEMATH"
	∂[[OPERATOR]] \dot{\Theta}[[UNKNOWN]] _{m}[[POSTSUBSCRIPT]]
	        > {}^{\bar{a}}[[FLOATSUPERSCRIPT]]
Warning:not_parsed:OPERATOR.ATOM.POSTSUBSCRIPT>FLOATSUPERSCRIPT MathParser failed to match rule 'Anything'
	at 0302027.tex; line 730 col 1 - line 730 col 1
	∂[[OPERATOR]] \dot{\bar{\Theta}}[[UNKNOWN]] _{\bar{m}}[[POSTSUBSCRIPT]]
	        > {}^{a}[[FLOATSUPERSCRIPT]]
Warning:not_parsed:ATOM.UNKNOWN.POSTSUBSCRIPT>FLOATSUPERSCRIPT MathParser failed to match rule 'Anything'
	at 0302027.tex; line 730 col 1 - line 730 col 1
	\tilde{D}[[UNKNOWN]] _{\bar{a}b}[[POSTSUBSCRIPT]] =[[RELOP]] D[[UNKNOWN]] _{\bar{a}b}[[POSTSUBSCRIPT]] +[[ADDOP]] \frac{\partial{\calL}_{WZ}}{\partial\dot{\Theta}_{m}{}^{\bar{a}}}[[UNKNOWN]] X[[UNKNOWN]] _{m}[[POSTSUBSCRIPT]]
	        > {}^{b}[[FLOATSUPERSCRIPT]] =[[RELOP]] 0[[NUMBER]] ,[[PUNCT]] \tilde{D}[[UNKNOWN]] _{a\bar{b}}[[POSTSUBSCRIPT]] =[[RELOP]] D[[UNKNOWN]] _{a\bar{b}}[[POSTSUBSCRIPT]] +[[ADDOP]] \frac{\partial{\calL}_{WZ}}{\partial\dot{\bar{\Theta}}_{\bar{m}}{}^{a}}[[UNKNOWN]] \bar{X}[[UNKNOWN]] _{\bar{m}}[[POSTSUBSCRIPT]] {}^{\bar{b}}[[FLOATSUPERSCRIPT]] =[[RELOP]] 0[[NUMBER]]
Warning:not_parsed:OPERATOR.ATOM.POSTSUBSCRIPT>FLOATSUPERSCRIPT MathParser failed to match rule 'Anything'
	at 0302027.tex; line 730 col 1 - line 730 col 1
	In "$\displaystyle\tilde{D}_{\bar{a}b}=D_{\bar{a}b}+\displaystyle\frac{\partial{%
	\cal L}_{WZ}}{\partial\dot{\Theta}_{m}{}^{\bar{a}}}X_{m}{}^{b}=0~{}~{},~{}~{}%
	\tilde{D}_{a\bar{b}}=D_{a\bar{b}}+\displaystyle\frac{\partial{\cal L}_{WZ}}{%
	\partial\dot{\bar{\Theta}}_{\bar{m}}{}^{a}}\bar{X}_{\bar{m}}{}^{\bar{b}}=0~{}~%
	{}$"
	∂[[OPERATOR]] \dot{\Theta}[[UNKNOWN]] _{m}[[POSTSUBSCRIPT]]
	        > {}^{\bar{a}}[[FLOATSUPERSCRIPT]]
Warning:not_parsed:OPERATOR.ATOM.POSTSUBSCRIPT>FLOATSUPERSCRIPT MathParser failed to match rule 'Anything'
	at 0302027.tex; line 730 col 1 - line 730 col 1
	∂[[OPERATOR]] \dot{\bar{\Theta}}[[UNKNOWN]] _{\bar{m}}[[POSTSUBSCRIPT]]
	        > {}^{a}[[FLOATSUPERSCRIPT]]
Warning:not_parsed:ATOM.UNKNOWN.POSTSUBSCRIPT>FLOATSUPERSCRIPT MathParser failed to match rule 'Anything'
	at 0302027.tex; line 730 col 1 - line 730 col 1
	\tilde{D}[[UNKNOWN]] _{\bar{a}b}[[POSTSUBSCRIPT]] =[[RELOP]] D[[UNKNOWN]] _{\bar{a}b}[[POSTSUBSCRIPT]] +[[ADDOP]] \frac{\partial{\calL}_{WZ}}{\partial\dot{\Theta}_{m}{}^{\bar{a}}}[[UNKNOWN]] X[[UNKNOWN]] _{m}[[POSTSUBSCRIPT]]
	        > {}^{b}[[FLOATSUPERSCRIPT]] =[[RELOP]] 0[[NUMBER]] ,[[PUNCT]] \tilde{D}[[UNKNOWN]] _{a\bar{b}}[[POSTSUBSCRIPT]] =[[RELOP]] D[[UNKNOWN]] _{a\bar{b}}[[POSTSUBSCRIPT]] +[[ADDOP]] \frac{\partial{\calL}_{WZ}}{\partial\dot{\bar{\Theta}}_{\bar{m}}{}^{a}}[[UNKNOWN]] \bar{X}[[UNKNOWN]] _{\bar{m}}[[POSTSUBSCRIPT]] {}^{\bar{b}}[[FLOATSUPERSCRIPT]] =[[RELOP]] 0[[NUMBER]]
Warning:not_parsed:POSTSUBSCRIPT.UNKNOWN.POSTSUBSCRIPT>FLOATSUPERSCRIPT MathParser failed to match rule 'Anything'
	at 0302027.tex; line 730 col 1 - line 730 col 1
	In "$\displaystyle\delta_{\kappa}{\cal O}=\left[{\cal O},F_{\bar{a}b}{\kappa}^{b%
	\bar{a}}+F_{a\bar{b}}{\kappa}^{\bar{b}a}\right]~{}~{}~{},~{}~{}~{}\delta_{%
	\kappa}Z_{M}{}^{b}=Z_{M}{}^{\bar{a}}{\kappa}_{\bar{a}}{}^{b}~{}~{},~{}~{}%
	\delta_{\kappa}Z_{M}{}^{\bar{b}}=Z_{M}{}^{a}{\kappa}_{a}{}^{\bar{b}}~{}~{}\@@ENDINLINEMATH"
	δ[[UNKNOWN]] _{\kappa}[[POSTSUBSCRIPT]] O[[UNKNOWN]] =[[RELOP]] \left[[[OPEN]] O[[UNKNOWN]] ,[[PUNCT]] F[[UNKNOWN]] _{\bar{a}b}[[POSTSUBSCRIPT]] κ[[UNKNOWN]] ^{b\bar{a}}[[POSTSUPERSCRIPT]] +[[ADDOP]] F[[UNKNOWN]] _{a\bar{b}}[[POSTSUBSCRIPT]] κ[[UNKNOWN]] ^{\bar{b}a}[[POSTSUPERSCRIPT]] \right][[CLOSE]] ,[[PUNCT]] δ[[UNKNOWN]] _{\kappa}[[POSTSUBSCRIPT]] Z[[UNKNOWN]] _{M}[[POSTSUBSCRIPT]]
	        > {}^{b}[[FLOATSUPERSCRIPT]] =[[RELOP]] Z[[UNKNOWN]] _{M}[[POSTSUBSCRIPT]] {}^{\bar{a}}[[FLOATSUPERSCRIPT]] κ[[UNKNOWN]] _{\bar{a}}[[POSTSUBSCRIPT]] {}^{b}[[FLOATSUPERSCRIPT]] ,[[PUNCT]] δ[[UNKNOWN]] _{\kappa}[[POSTSUBSCRIPT]] Z[[UNKNOWN]] _{M}[[POSTSUBSCRIPT]] {}^{\bar{b}}[[FLOATSUPERSCRIPT]] =[[RELOP]] Z[[UNKNOWN]] _{M}[[POSTSUBSCRIPT]] {}^{a}[[FLOATSUPERSCRIPT]] κ[[UNKNOWN]] _{a}[[POSTSUBSCRIPT]] {}^{\bar{b}}[[FLOATSUPERSCRIPT]]
Warning:not_parsed:POSTSUBSCRIPT.UNKNOWN.POSTSUBSCRIPT>FLOATSUPERSCRIPT MathParser failed to match rule 'Anything'
	at 0302027.tex; line 730 col 1 - line 730 col 1
	In "$\displaystyle\delta_{\kappa}{\cal O}=\left[{\cal O},F_{\bar{a}b}{\kappa}^{b%
	\bar{a}}+F_{a\bar{b}}{\kappa}^{\bar{b}a}\right]~{}~{}~{},~{}~{}~{}\delta_{%
	\kappa}Z_{M}{}^{b}=Z_{M}{}^{\bar{a}}{\kappa}_{\bar{a}}{}^{b}~{}~{},~{}~{}%
	\delta_{\kappa}Z_{M}{}^{\bar{b}}=Z_{M}{}^{a}{\kappa}_{a}{}^{\bar{b}}~{}~{}$"
	δ[[UNKNOWN]] _{\kappa}[[POSTSUBSCRIPT]] O[[UNKNOWN]] =[[RELOP]] \left[[[OPEN]] O[[UNKNOWN]] ,[[PUNCT]] F[[UNKNOWN]] _{\bar{a}b}[[POSTSUBSCRIPT]] κ[[UNKNOWN]] ^{b\bar{a}}[[POSTSUPERSCRIPT]] +[[ADDOP]] F[[UNKNOWN]] _{a\bar{b}}[[POSTSUBSCRIPT]] κ[[UNKNOWN]] ^{\bar{b}a}[[POSTSUPERSCRIPT]] \right][[CLOSE]] ,[[PUNCT]] δ[[UNKNOWN]] _{\kappa}[[POSTSUBSCRIPT]] Z[[UNKNOWN]] _{M}[[POSTSUBSCRIPT]]
	        > {}^{b}[[FLOATSUPERSCRIPT]] =[[RELOP]] Z[[UNKNOWN]] _{M}[[POSTSUBSCRIPT]] {}^{\bar{a}}[[FLOATSUPERSCRIPT]] κ[[UNKNOWN]] _{\bar{a}}[[POSTSUBSCRIPT]] {}^{b}[[FLOATSUPERSCRIPT]] ,[[PUNCT]] δ[[UNKNOWN]] _{\kappa}[[POSTSUBSCRIPT]] Z[[UNKNOWN]] _{M}[[POSTSUBSCRIPT]] {}^{\bar{b}}[[FLOATSUPERSCRIPT]] =[[RELOP]] Z[[UNKNOWN]] _{M}[[POSTSUBSCRIPT]] {}^{a}[[FLOATSUPERSCRIPT]] κ[[UNKNOWN]] _{a}[[POSTSUBSCRIPT]] {}^{\bar{b}}[[FLOATSUPERSCRIPT]]
Warning:not_parsed:POSTSUBSCRIPT.UNKNOWN.POSTSUBSCRIPT>FLOATSUPERSCRIPT MathParser failed to match rule 'Anything'
	at 0302027.tex; line 733 col 6 - line 733 col 6
	In "$\displaystyle\delta_{{\kappa}}J^{ab}=J^{a\bar{c}}\Delta_{\kappa}J_{\bar{c}}{}%
	^{b}-(\Delta_{\kappa}J^{a\bar{c}})J_{\bar{c}}{}^{b}\@@ENDINLINEMATH"
	δ[[UNKNOWN]] _{{\kappa}}[[POSTSUBSCRIPT]] J[[UNKNOWN]] ^{ab}[[POSTSUPERSCRIPT]] =[[RELOP]] J[[UNKNOWN]] ^{a\bar{c}}[[POSTSUPERSCRIPT]] Δ[[UNKNOWN]] _{\kappa}[[POSTSUBSCRIPT]] J[[UNKNOWN]] _{\bar{c}}[[POSTSUBSCRIPT]]
	        > {}^{b}[[FLOATSUPERSCRIPT]] -[[ADDOP]] ([[OPEN]] Δ[[UNKNOWN]] _{\kappa}[[POSTSUBSCRIPT]] J[[UNKNOWN]] ^{a\bar{c}}[[POSTSUPERSCRIPT]] )[[CLOSE]] J[[UNKNOWN]] _{\bar{c}}[[POSTSUBSCRIPT]] {}^{b}[[FLOATSUPERSCRIPT]]
Warning:not_parsed:POSTSUBSCRIPT.UNKNOWN.POSTSUBSCRIPT>FLOATSUPERSCRIPT MathParser failed to match rule 'Anything'
	at 0302027.tex; line 733 col 27 - line 735 col 4
	In "$\displaystyle J^{a\bar{c}}\Delta_{\kappa}J_{\bar{c}}{}^{b}-(\Delta_{\kappa}J^%
	{a\bar{c}})J_{\bar{c}}{}^{b}$"
	J[[UNKNOWN]] ^{a\bar{c}}[[POSTSUPERSCRIPT]] Δ[[UNKNOWN]] _{\kappa}[[POSTSUBSCRIPT]] J[[UNKNOWN]] _{\bar{c}}[[POSTSUBSCRIPT]]
	        > {}^{b}[[FLOATSUPERSCRIPT]] -[[ADDOP]] ([[OPEN]] Δ[[UNKNOWN]] _{\kappa}[[POSTSUBSCRIPT]] J[[UNKNOWN]] ^{a\bar{c}}[[POSTSUPERSCRIPT]] )[[CLOSE]] J[[UNKNOWN]] _{\bar{c}}[[POSTSUBSCRIPT]] {}^{b}[[FLOATSUPERSCRIPT]]
Warning:not_parsed:POSTSUBSCRIPT.RELOP.ATOM>OPEN MathParser failed to match rule 'Anything'
	at 0302027.tex; line 740 col 6 - line 740 col 6
	In "$\displaystyle\delta_{\kappa}{\cal L}_{DBI}=\frac{T}{\sqrt{g_{00}}}\left\{%
	\Delta_{\kappa}J_{a\bar{b}}~{}\left(J^{ac}J^{\bar{b}}{}_{c}-J^{\bar{c}\bar{b}}%
	J_{\bar{c}}{}^{a}\right)+\Delta_{\kappa}J_{\bar{a}{b}}~{}\left(J^{cb}J_{c}{}^{%
	\bar{a}}-J^{\bar{a}\bar{b}}J^{b}{}_{\bar{b}}\right)\right\}\@@ENDINLINEMATH"
	δ[[UNKNOWN]] _{\kappa}[[POSTSUBSCRIPT]] L[[UNKNOWN]] _{DBI}[[POSTSUBSCRIPT]] =[[RELOP]] \frac{T}{\sqrt{g_{00}}}[[UNKNOWN]]
	        > \left\{[[OPEN]] Δ[[UNKNOWN]] _{\kappa}[[POSTSUBSCRIPT]] J[[UNKNOWN]] _{a\bar{b}}[[POSTSUBSCRIPT]] \left([[OPEN]] J[[UNKNOWN]] ^{ac}[[POSTSUPERSCRIPT]] J[[UNKNOWN]] ^{\bar{b}}[[POSTSUPERSCRIPT]] {}_{c}[[FLOATSUBSCRIPT]] -[[ADDOP]] J[[UNKNOWN]] ^{\bar{c}\bar{b}}[[POSTSUPERSCRIPT]] J[[UNKNOWN]] _{\bar{c}}[[POSTSUBSCRIPT]] {}^{a}[[FLOATSUPERSCRIPT]] \right)[[CLOSE]] +[[ADDOP]] Δ[[UNKNOWN]] _{\kappa}[[POSTSUBSCRIPT]] J[[UNKNOWN]] _{\bar{a}{b}}[[POSTSUBSCRIPT]] \left([[OPEN]] J[[UNKNOWN]] ^{cb}[[POSTSUPERSCRIPT]] J[[UNKNOWN]] _{c}[[POSTSUBSCRIPT]] {}^{\bar{a}}[[FLOATSUPERSCRIPT]] -[[ADDOP]] J[[UNKNOWN]] ^{\bar{a}\bar{b}}[[POSTSUPERSCRIPT]] J[[UNKNOWN]] ^{b}[[POSTSUPERSCRIPT]] {}_{\bar{b}}[[FLOATSUBSCRIPT]] \right)[[CLOSE]] \right\}[[CLOSE]]
Warning:not_parsed:ATOM>OPEN MathParser failed to match rule 'Anything'
	at 0302027.tex; line 740 col 37 - line 747 col 6
	In "$\displaystyle\frac{T}{\sqrt{g_{00}}}\left\{\Delta_{\kappa}J_{a\bar{b}}~{}%
	\left(J^{ac}J^{\bar{b}}{}_{c}-J^{\bar{c}\bar{b}}J_{\bar{c}}{}^{a}\right)+%
	\Delta_{\kappa}J_{\bar{a}{b}}~{}\left(J^{cb}J_{c}{}^{\bar{a}}-J^{\bar{a}\bar{b%
	}}J^{b}{}_{\bar{b}}\right)\right\}$"
	\frac{T}{\sqrt{g_{00}}}[[UNKNOWN]]
	        > \left\{[[OPEN]] Δ[[UNKNOWN]] _{\kappa}[[POSTSUBSCRIPT]] J[[UNKNOWN]] _{a\bar{b}}[[POSTSUBSCRIPT]] \left([[OPEN]] J[[UNKNOWN]] ^{ac}[[POSTSUPERSCRIPT]] J[[UNKNOWN]] ^{\bar{b}}[[POSTSUPERSCRIPT]] {}_{c}[[FLOATSUBSCRIPT]] -[[ADDOP]] J[[UNKNOWN]] ^{\bar{c}\bar{b}}[[POSTSUPERSCRIPT]] J[[UNKNOWN]] _{\bar{c}}[[POSTSUBSCRIPT]] {}^{a}[[FLOATSUPERSCRIPT]] \right)[[CLOSE]] +[[ADDOP]] Δ[[UNKNOWN]] _{\kappa}[[POSTSUBSCRIPT]] J[[UNKNOWN]] _{\bar{a}{b}}[[POSTSUBSCRIPT]] \left([[OPEN]] J[[UNKNOWN]] ^{cb}[[POSTSUPERSCRIPT]] J[[UNKNOWN]] _{c}[[POSTSUBSCRIPT]] {}^{\bar{a}}[[FLOATSUPERSCRIPT]] -[[ADDOP]] J[[UNKNOWN]] ^{\bar{a}\bar{b}}[[POSTSUPERSCRIPT]] J[[UNKNOWN]] ^{b}[[POSTSUPERSCRIPT]] {}_{\bar{b}}[[FLOATSUBSCRIPT]] \right)[[CLOSE]] \right\}[[CLOSE]]
Warning:not_parsed:POSTSUBSCRIPT.UNKNOWN.POSTSUBSCRIPT>OPEN MathParser failed to match rule 'Anything'
	at 0302027.tex; line 748 col 6 - line 748 col 6
	In "$\displaystyle\delta_{\kappa}{\cal L}_{WZ}=-\Delta_{\kappa}J_{a\bar{b}}~{}%
	\left(K\epsilon^{ab}J^{\bar{b}}{}_{b}+\bar{K}\epsilon^{\bar{a}\bar{b}}J_{\bar{%
	a}}{}^{a}\right)-\Delta_{\kappa}J_{\bar{a}{b}}~{}\left(K\epsilon^{ab}J_{a}{}^{%
	\bar{a}}+\bar{K}\epsilon^{\bar{a}\bar{b}}J^{b}{}_{\bar{b}}\right)~{}~{}~{}.\@@ENDINLINEMATH"
	δ[[UNKNOWN]] _{\kappa}[[POSTSUBSCRIPT]] L[[UNKNOWN]] _{WZ}[[POSTSUBSCRIPT]] =[[RELOP]] -[[ADDOP]] Δ[[UNKNOWN]] _{\kappa}[[POSTSUBSCRIPT]] J[[UNKNOWN]] _{a\bar{b}}[[POSTSUBSCRIPT]]
	        > \left([[OPEN]] K[[UNKNOWN]] ϵ[[UNKNOWN]] ^{ab}[[POSTSUPERSCRIPT]] J[[UNKNOWN]] ^{\bar{b}}[[POSTSUPERSCRIPT]] {}_{b}[[FLOATSUBSCRIPT]] +[[ADDOP]] \bar{K}[[UNKNOWN]] ϵ[[UNKNOWN]] ^{\bar{a}\bar{b}}[[POSTSUPERSCRIPT]] J[[UNKNOWN]] _{\bar{a}}[[POSTSUBSCRIPT]] {}^{a}[[FLOATSUPERSCRIPT]] \right)[[CLOSE]] -[[ADDOP]] Δ[[UNKNOWN]] _{\kappa}[[POSTSUBSCRIPT]] J[[UNKNOWN]] _{\bar{a}{b}}[[POSTSUBSCRIPT]] \left([[OPEN]] K[[UNKNOWN]] ϵ[[UNKNOWN]] ^{ab}[[POSTSUPERSCRIPT]] J[[UNKNOWN]] _{a}[[POSTSUBSCRIPT]] {}^{\bar{a}}[[FLOATSUPERSCRIPT]] +[[ADDOP]] \bar{K}[[UNKNOWN]] ϵ[[UNKNOWN]] ^{\bar{a}\bar{b}}[[POSTSUPERSCRIPT]] J[[UNKNOWN]] ^{b}[[POSTSUPERSCRIPT]] {}_{\bar{b}}[[FLOATSUBSCRIPT]] \right)[[CLOSE]]
Warning:not_parsed:POSTSUBSCRIPT.UNKNOWN.POSTSUBSCRIPT>OPEN MathParser failed to match rule 'Anything'
	at 0302027.tex; line 748 col 0 - line 754 col 4
	In "$\displaystyle-\Delta_{\kappa}J_{a\bar{b}}~{}\left(K\epsilon^{ab}J^{\bar{b}}{}%
	_{b}+\bar{K}\epsilon^{\bar{a}\bar{b}}J_{\bar{a}}{}^{a}\right)-\Delta_{\kappa}J%
	_{\bar{a}{b}}~{}\left(K\epsilon^{ab}J_{a}{}^{\bar{a}}+\bar{K}\epsilon^{\bar{a}%
	\bar{b}}J^{b}{}_{\bar{b}}\right)~{}~{}~{}.$"
	-[[ADDOP]] Δ[[UNKNOWN]] _{\kappa}[[POSTSUBSCRIPT]] J[[UNKNOWN]] _{a\bar{b}}[[POSTSUBSCRIPT]]
	        > \left([[OPEN]] K[[UNKNOWN]] ϵ[[UNKNOWN]] ^{ab}[[POSTSUPERSCRIPT]] J[[UNKNOWN]] ^{\bar{b}}[[POSTSUPERSCRIPT]] {}_{b}[[FLOATSUBSCRIPT]] +[[ADDOP]] \bar{K}[[UNKNOWN]] ϵ[[UNKNOWN]] ^{\bar{a}\bar{b}}[[POSTSUPERSCRIPT]] J[[UNKNOWN]] _{\bar{a}}[[POSTSUBSCRIPT]] {}^{a}[[FLOATSUPERSCRIPT]] \right)[[CLOSE]] -[[ADDOP]] Δ[[UNKNOWN]] _{\kappa}[[POSTSUBSCRIPT]] J[[UNKNOWN]] _{\bar{a}{b}}[[POSTSUBSCRIPT]] \left([[OPEN]] K[[UNKNOWN]] ϵ[[UNKNOWN]] ^{ab}[[POSTSUPERSCRIPT]] J[[UNKNOWN]] _{a}[[POSTSUBSCRIPT]] {}^{\bar{a}}[[FLOATSUPERSCRIPT]] +[[ADDOP]] \bar{K}[[UNKNOWN]] ϵ[[UNKNOWN]] ^{\bar{a}\bar{b}}[[POSTSUPERSCRIPT]] J[[UNKNOWN]] ^{b}[[POSTSUPERSCRIPT]] {}_{\bar{b}}[[FLOATSUBSCRIPT]] \right)[[CLOSE]]
Warning:not_parsed:RELOP.ADDOP.UNKNOWN>OPEN MathParser failed to match rule 'Anything'
	at 0302027.tex; line 784 col 1 - line 784 col 1
	In "$\displaystyle{\cal L}_{WZ,{\rm flat}}=-K\left\{\epsilon_{ab}\bar{\Theta}^{%
	\bar{m}a}d\bar{\Theta}_{\bar{m}}{}^{b}+\epsilon_{\bar{a}\bar{b}}{\Theta}^{{m}%
	\bar{a}}d{\Theta}_{{m}}{}^{\bar{b}}\right\}\@@ENDINLINEMATH"
	L[[UNKNOWN]] _{WZ,{\rmflat}}[[POSTSUBSCRIPT]] =[[RELOP]] -[[ADDOP]] K[[UNKNOWN]]
	        > \left\{[[OPEN]] ϵ[[UNKNOWN]] _{ab}[[POSTSUBSCRIPT]] \bar{\Theta}[[UNKNOWN]] ^{\bar{m}a}[[POSTSUPERSCRIPT]] d[[UNKNOWN]] \bar{\Theta}[[UNKNOWN]] _{\bar{m}}[[POSTSUBSCRIPT]] {}^{b}[[FLOATSUPERSCRIPT]] +[[ADDOP]] ϵ[[UNKNOWN]] _{\bar{a}\bar{b}}[[POSTSUBSCRIPT]] Θ[[UNKNOWN]] ^{{m}\bar{a}}[[POSTSUPERSCRIPT]] d[[UNKNOWN]] Θ[[UNKNOWN]] _{{m}}[[POSTSUBSCRIPT]] {}^{\bar{b}}[[FLOATSUPERSCRIPT]] \right\}[[CLOSE]]
Warning:not_parsed:ADDOP.UNKNOWN>OPEN MathParser failed to match rule 'Anything'
	at 0302027.tex; line 784 col 0 - line 788 col 4
	In "$\displaystyle-K\left\{\epsilon_{ab}\bar{\Theta}^{\bar{m}a}d\bar{\Theta}_{\bar%
	{m}}{}^{b}+\epsilon_{\bar{a}\bar{b}}{\Theta}^{{m}\bar{a}}d{\Theta}_{{m}}{}^{%
	\bar{b}}\right\}$"
	-[[ADDOP]] K[[UNKNOWN]]
	        > \left\{[[OPEN]] ϵ[[UNKNOWN]] _{ab}[[POSTSUBSCRIPT]] \bar{\Theta}[[UNKNOWN]] ^{\bar{m}a}[[POSTSUPERSCRIPT]] d[[UNKNOWN]] \bar{\Theta}[[UNKNOWN]] _{\bar{m}}[[POSTSUBSCRIPT]] {}^{b}[[FLOATSUPERSCRIPT]] +[[ADDOP]] ϵ[[UNKNOWN]] _{\bar{a}\bar{b}}[[POSTSUBSCRIPT]] Θ[[UNKNOWN]] ^{{m}\bar{a}}[[POSTSUPERSCRIPT]] d[[UNKNOWN]] Θ[[UNKNOWN]] _{{m}}[[POSTSUBSCRIPT]] {}^{\bar{b}}[[FLOATSUPERSCRIPT]] \right\}[[CLOSE]]
Warning:not_parsed:UNKNOWN.POSTSUBSCRIPT>RELOP MathParser failed to match rule 'Anything'
	at 0302027.tex; line 811 col 1 - line 811 col 1
	In "$\displaystyle{\cal L}_{WZ,{\rm pp}}=\left\{K\epsilon_{ab}\left(J_{{\rm pp}}^{%
	ab}-d(\delta^{am}X_{m}{}^{b})\right)+\bar{K}\epsilon_{\bar{a}\bar{b}}\left(J_{%
	{\rm pp}}^{\bar{a}\bar{b}}-d(\delta^{\bar{a}\bar{m}}\bar{X}_{\bar{m}}{}^{\bar{%
	b}})\right)\right\}~{}~{}~{}.\@@ENDINLINEMATH"
	L[[UNKNOWN]] _{WZ,{\rmpp}}[[POSTSUBSCRIPT]]
	        > =[[RELOP]] \left\{[[OPEN]] K[[UNKNOWN]] ϵ[[UNKNOWN]] _{ab}[[POSTSUBSCRIPT]] \left([[OPEN]] J[[UNKNOWN]] _{{\rmpp}}[[POSTSUBSCRIPT]] ^{ab}[[POSTSUPERSCRIPT]] -[[ADDOP]] d[[UNKNOWN]] ([[OPEN]] δ[[UNKNOWN]] ^{am}[[POSTSUPERSCRIPT]] X[[UNKNOWN]] _{m}[[POSTSUBSCRIPT]] {}^{b}[[FLOATSUPERSCRIPT]] )[[CLOSE]] \right)[[CLOSE]] +[[ADDOP]] \bar{K}[[UNKNOWN]] ϵ[[UNKNOWN]] _{\bar{a}\bar{b}}[[POSTSUBSCRIPT]] \left([[OPEN]] J[[UNKNOWN]] _{{\rmpp}}[[POSTSUBSCRIPT]] ^{\bar{a}\bar{b}}[[POSTSUPERSCRIPT]] -[[ADDOP]] d[[UNKNOWN]] ([[OPEN]] δ[[UNKNOWN]] ^{\bar{a}\bar{m}}[[POSTSUPERSCRIPT]] \bar{X}[[UNKNOWN]] _{\bar{m}}[[POSTSUBSCRIPT]] {}^{\bar{b}}[[FLOATSUPERSCRIPT]] )[[CLOSE]] \right)[[CLOSE]] \right\}[[CLOSE]]
Warning:not_parsed:>OPEN MathParser failed to match rule 'Anything'
	at 0302027.tex; line 812 col 10 - line 817 col 6
	In "$\displaystyle\left\{K\epsilon_{ab}\left(J_{{\rm pp}}^{ab}-d(\delta^{am}X_{m}{%
	}^{b})\right)+\bar{K}\epsilon_{\bar{a}\bar{b}}\left(J_{{\rm pp}}^{\bar{a}\bar{%
	b}}-d(\delta^{\bar{a}\bar{m}}\bar{X}_{\bar{m}}{}^{\bar{b}})\right)\right\}~{}~%
	{}~{}.$"
	> \left\{[[OPEN]] K[[UNKNOWN]] ϵ[[UNKNOWN]] _{ab}[[POSTSUBSCRIPT]] \left([[OPEN]] J[[UNKNOWN]] _{{\rmpp}}[[POSTSUBSCRIPT]] ^{ab}[[POSTSUPERSCRIPT]] -[[ADDOP]] d[[UNKNOWN]] ([[OPEN]] δ[[UNKNOWN]] ^{am}[[POSTSUPERSCRIPT]] X[[UNKNOWN]] _{m}[[POSTSUBSCRIPT]] {}^{b}[[FLOATSUPERSCRIPT]] )[[CLOSE]] \right)[[CLOSE]] +[[ADDOP]] \bar{K}[[UNKNOWN]] ϵ[[UNKNOWN]] _{\bar{a}\bar{b}}[[POSTSUBSCRIPT]] \left([[OPEN]] J[[UNKNOWN]] _{{\rmpp}}[[POSTSUBSCRIPT]] ^{\bar{a}\bar{b}}[[POSTSUPERSCRIPT]] -[[ADDOP]] d[[UNKNOWN]] ([[OPEN]] δ[[UNKNOWN]] ^{\bar{a}\bar{m}}[[POSTSUPERSCRIPT]] \bar{X}[[UNKNOWN]] _{\bar{m}}[[POSTSUBSCRIPT]] {}^{\bar{b}}[[FLOATSUPERSCRIPT]] )[[CLOSE]] \right)[[CLOSE]] \right\}[[CLOSE]]
Warning:not_parsed:UNKNOWN.POSTSUBSCRIPT>RELOP MathParser failed to match rule 'Anything'
	at 0302027.tex; line 835 col 1 - line 835 col 1
	In "$\displaystyle U_{\Lambda}=-\left(K\epsilon_{ab}\delta^{am}\delta_{\Lambda}X_{%
	m}{}^{b}+\bar{K}\epsilon_{\bar{a}\bar{b}}\delta^{\bar{a}\bar{m}}\delta_{%
	\Lambda}\bar{X}_{\bar{m}}{}^{\bar{b}}\right)~{}~{},\@@ENDINLINEMATH"
	U[[UNKNOWN]] _{\Lambda}[[POSTSUBSCRIPT]]
	        > =[[RELOP]] -[[ADDOP]] \left([[OPEN]] K[[UNKNOWN]] ϵ[[UNKNOWN]] _{ab}[[POSTSUBSCRIPT]] δ[[UNKNOWN]] ^{am}[[POSTSUPERSCRIPT]] δ[[UNKNOWN]] _{\Lambda}[[POSTSUBSCRIPT]] X[[UNKNOWN]] _{m}[[POSTSUBSCRIPT]] {}^{b}[[FLOATSUPERSCRIPT]] +[[ADDOP]] \bar{K}[[UNKNOWN]] ϵ[[UNKNOWN]] _{\bar{a}\bar{b}}[[POSTSUBSCRIPT]] δ[[UNKNOWN]] ^{\bar{a}\bar{m}}[[POSTSUPERSCRIPT]] δ[[UNKNOWN]] _{\Lambda}[[POSTSUBSCRIPT]] \bar{X}[[UNKNOWN]] _{\bar{m}}[[POSTSUBSCRIPT]] {}^{\bar{b}}[[FLOATSUPERSCRIPT]] \right)[[CLOSE]]
Warning:not_parsed:ADDOP>OPEN MathParser failed to match rule 'Anything'
	at 0302027.tex; line 835 col 15 - line 839 col 6
	In "$\displaystyle-\left(K\epsilon_{ab}\delta^{am}\delta_{\Lambda}X_{m}{}^{b}+\bar%
	{K}\epsilon_{\bar{a}\bar{b}}\delta^{\bar{a}\bar{m}}\delta_{\Lambda}\bar{X}_{%
	\bar{m}}{}^{\bar{b}}\right)~{}~{},$"
	-[[ADDOP]]
	        > \left([[OPEN]] K[[UNKNOWN]] ϵ[[UNKNOWN]] _{ab}[[POSTSUBSCRIPT]] δ[[UNKNOWN]] ^{am}[[POSTSUPERSCRIPT]] δ[[UNKNOWN]] _{\Lambda}[[POSTSUBSCRIPT]] X[[UNKNOWN]] _{m}[[POSTSUBSCRIPT]] {}^{b}[[FLOATSUPERSCRIPT]] +[[ADDOP]] \bar{K}[[UNKNOWN]] ϵ[[UNKNOWN]] _{\bar{a}\bar{b}}[[POSTSUBSCRIPT]] δ[[UNKNOWN]] ^{\bar{a}\bar{m}}[[POSTSUPERSCRIPT]] δ[[UNKNOWN]] _{\Lambda}[[POSTSUBSCRIPT]] \bar{X}[[UNKNOWN]] _{\bar{m}}[[POSTSUBSCRIPT]] {}^{\bar{b}}[[FLOATSUPERSCRIPT]] \right)[[CLOSE]]
Warning:not_parsed:POSTSUBSCRIPT.UNKNOWN.POSTSUBSCRIPT>FLOATSUPERSCRIPT MathParser failed to match rule 'Anything'
	at 0302027.tex; line 839 col 6 - line 839 col 6
	In "$\displaystyle\delta_{\Lambda}Z_{M}{}^{A}=\Lambda_{M}{}^{L}Z_{L}{}^{A}~{}~{}~{%
	}.\@@ENDINLINEMATH"
	δ[[UNKNOWN]] _{\Lambda}[[POSTSUBSCRIPT]] Z[[UNKNOWN]] _{M}[[POSTSUBSCRIPT]]
	        > {}^{A}[[FLOATSUPERSCRIPT]] =[[RELOP]] Λ[[UNKNOWN]] _{M}[[POSTSUBSCRIPT]] {}^{L}[[FLOATSUPERSCRIPT]] Z[[UNKNOWN]] _{L}[[POSTSUBSCRIPT]] {}^{A}[[FLOATSUPERSCRIPT]]
Warning:not_parsed:POSTSUBSCRIPT.UNKNOWN.POSTSUBSCRIPT>FLOATSUPERSCRIPT MathParser failed to match rule 'Anything'
	at 0302027.tex; line 839 col 6 - line 839 col 23
	In "$\displaystyle\delta_{\Lambda}Z_{M}{}^{A}$"
	δ[[UNKNOWN]] _{\Lambda}[[POSTSUBSCRIPT]] Z[[UNKNOWN]] _{M}[[POSTSUBSCRIPT]]
	        > {}^{A}[[FLOATSUPERSCRIPT]]
Warning:not_parsed:FLOATSUPERSCRIPT.UNKNOWN.POSTSUBSCRIPT>FLOATSUPERSCRIPT MathParser failed to match rule 'Anything'
	at 0302027.tex; line 839 col 32 - line 840 col 4
	In "$\displaystyle\Lambda_{M}{}^{L}Z_{L}{}^{A}~{}~{}~{}.$"
	Λ[[UNKNOWN]] _{M}[[POSTSUBSCRIPT]] {}^{L}[[FLOATSUPERSCRIPT]] Z[[UNKNOWN]] _{L}[[POSTSUBSCRIPT]]
	        > {}^{A}[[FLOATSUPERSCRIPT]]
Warning:not_parsed:RELOP.ADDOP.UNKNOWN>OPEN MathParser failed to match rule 'Anything'
	at 0302027.tex; line 845 col 1 - line 845 col 1
	In "$\displaystyle\left\{\begin{array}[]{lcl}\hidden@noalign{}{\cal T}_{mn}=-K(%
	\delta_{m}^{a}+X_{m}{}^{a})\epsilon_{ab}\delta^{b}_{n}&,&{\cal T}_{m\bar{n}}=-%
	\bar{K}\Theta_{m}{}^{\bar{a}}\epsilon_{\bar{a}\bar{b}}\delta^{\bar{b}}_{\bar{n%
	}}\\
	\hidden@noalign{}{\cal T}_{\bar{m}\bar{n}}=-\bar{K}(\delta_{\bar{m}}^{\bar{a}}%
	+\bar{X}_{\bar{m}}{}^{\bar{a}})\epsilon_{\bar{a}\bar{b}}\delta^{\bar{b}}_{\bar%
	{n}}&,&{\cal T}_{\bar{m}n}=-K\bar{\Theta}_{\bar{m}}{}^{a}\epsilon_{ab}\delta^{%
	b}_{n}\end{array}\right.~{}~{}~{}~{},\@@ENDINLINEMATH"
	T[[UNKNOWN]] _{mn}[[POSTSUBSCRIPT]] =[[RELOP]] -[[ADDOP]] K[[UNKNOWN]]
	        > ([[OPEN]] δ[[UNKNOWN]] _{m}[[POSTSUBSCRIPT]] ^{a}[[POSTSUPERSCRIPT]] +[[ADDOP]] X[[UNKNOWN]] _{m}[[POSTSUBSCRIPT]] {}^{a}[[FLOATSUPERSCRIPT]] )[[CLOSE]] ϵ[[UNKNOWN]] _{ab}[[POSTSUBSCRIPT]] δ[[UNKNOWN]] ^{b}[[POSTSUPERSCRIPT]] _{n}[[POSTSUBSCRIPT]]
Warning:not_parsed:RELOP.ADDOP.ATOM>OPEN MathParser failed to match rule 'Anything'
	at 0302027.tex; line 847 col 1 - line 847 col 1
	T[[UNKNOWN]] _{\bar{m}\bar{n}}[[POSTSUBSCRIPT]] =[[RELOP]] -[[ADDOP]] \bar{K}[[UNKNOWN]]
	        > ([[OPEN]] δ[[UNKNOWN]] _{\bar{m}}[[POSTSUBSCRIPT]] ^{\bar{a}}[[POSTSUPERSCRIPT]] +[[ADDOP]] \bar{X}[[UNKNOWN]] _{\bar{m}}[[POSTSUBSCRIPT]] {}^{\bar{a}}[[FLOATSUPERSCRIPT]] )[[CLOSE]] ϵ[[UNKNOWN]] _{\bar{a}\bar{b}}[[POSTSUBSCRIPT]] δ[[UNKNOWN]] ^{\bar{b}}[[POSTSUPERSCRIPT]] _{\bar{n}}[[POSTSUBSCRIPT]]
Warning:not_parsed:RELOP.ADDOP.UNKNOWN>OPEN MathParser failed to match rule 'Anything'
	at 0302027.tex; line 845 col 1 - line 845 col 1
	In "$\displaystyle\left\{\begin{array}[]{lcl}\hidden@noalign{}{\cal T}_{mn}=-K(%
	\delta_{m}^{a}+X_{m}{}^{a})\epsilon_{ab}\delta^{b}_{n}&,&{\cal T}_{m\bar{n}}=-%
	\bar{K}\Theta_{m}{}^{\bar{a}}\epsilon_{\bar{a}\bar{b}}\delta^{\bar{b}}_{\bar{n%
	}}\\
	\hidden@noalign{}{\cal T}_{\bar{m}\bar{n}}=-\bar{K}(\delta_{\bar{m}}^{\bar{a}}%
	+\bar{X}_{\bar{m}}{}^{\bar{a}})\epsilon_{\bar{a}\bar{b}}\delta^{\bar{b}}_{\bar%
	{n}}&,&{\cal T}_{\bar{m}n}=-K\bar{\Theta}_{\bar{m}}{}^{a}\epsilon_{ab}\delta^{%
	b}_{n}\end{array}\right.~{}~{}~{}~{},$"
	T[[UNKNOWN]] _{mn}[[POSTSUBSCRIPT]] =[[RELOP]] -[[ADDOP]] K[[UNKNOWN]]
	        > ([[OPEN]] δ[[UNKNOWN]] _{m}[[POSTSUBSCRIPT]] ^{a}[[POSTSUPERSCRIPT]] +[[ADDOP]] X[[UNKNOWN]] _{m}[[POSTSUBSCRIPT]] {}^{a}[[FLOATSUPERSCRIPT]] )[[CLOSE]] ϵ[[UNKNOWN]] _{ab}[[POSTSUBSCRIPT]] δ[[UNKNOWN]] ^{b}[[POSTSUPERSCRIPT]] _{n}[[POSTSUBSCRIPT]]
Warning:not_parsed:RELOP.ADDOP.ATOM>OPEN MathParser failed to match rule 'Anything'
	at 0302027.tex; line 847 col 1 - line 847 col 1
	T[[UNKNOWN]] _{\bar{m}\bar{n}}[[POSTSUBSCRIPT]] =[[RELOP]] -[[ADDOP]] \bar{K}[[UNKNOWN]]
	        > ([[OPEN]] δ[[UNKNOWN]] _{\bar{m}}[[POSTSUBSCRIPT]] ^{\bar{a}}[[POSTSUPERSCRIPT]] +[[ADDOP]] \bar{X}[[UNKNOWN]] _{\bar{m}}[[POSTSUBSCRIPT]] {}^{\bar{a}}[[FLOATSUPERSCRIPT]] )[[CLOSE]] ϵ[[UNKNOWN]] _{\bar{a}\bar{b}}[[POSTSUBSCRIPT]] δ[[UNKNOWN]] ^{\bar{b}}[[POSTSUPERSCRIPT]] _{\bar{n}}[[POSTSUBSCRIPT]]
Warning:not_parsed:FLOATSUBSCRIPT>MULOP MathParser failed to match rule 'Anything'
	at 0302027.tex; line 880 col 65 - line 880 col 73
	In "${}_{2}\times$"
	{}_{2}[[FLOATSUBSCRIPT]]
	        > ×[[MULOP]]
Warning:not_parsed:>OPEN MathParser failed to match rule 'Anything'
	at 0302027.tex; line 884 col 7 - line 884 col 7
	In "$\displaystyle\left\{\bar{Q}_{{\rm AdS},\bar{m}}{}^{n},Q_{{\rm AdS},l}{}^{\bar%
	{k}}\right\}=\left\{Q_{{\rm AdS},l}{}^{\bar{k}},\bar{Q}_{{\rm AdS},\bar{m}}{}^%
	{n}\right\}~{}=-\delta_{l}^{n}(P_{\bar{m}}{}^{\bar{k}}+{M}_{\bar{m}}{}^{\bar{k%
	}}+{\cal T}_{\bar{m}}{}^{\bar{k}})+\delta_{\bar{m}}^{\bar{k}}(P_{l}{}^{n}+M_{l%
	}{}^{n}+{\cal T}_{l}{}^{n})+\delta_{l}^{n}\delta_{\bar{m}}^{\bar{k}}(\bar{D}-D%
	)~{}~{}\@@ENDINLINEMATH"
	> \left\{[[OPEN]] \bar{Q}[[UNKNOWN]] _{{\rmAdS},\bar{m}}[[POSTSUBSCRIPT]] {}^{n}[[FLOATSUPERSCRIPT]] ,[[PUNCT]] Q[[UNKNOWN]] _{{\rmAdS},l}[[POSTSUBSCRIPT]] {}^{\bar{k}}[[FLOATSUPERSCRIPT]] \right\}[[CLOSE]] =[[RELOP]] \left\{[[OPEN]] Q[[UNKNOWN]] _{{\rmAdS},l}[[POSTSUBSCRIPT]] {}^{\bar{k}}[[FLOATSUPERSCRIPT]] ,[[PUNCT]] \bar{Q}[[UNKNOWN]] _{{\rmAdS},\bar{m}}[[POSTSUBSCRIPT]] {}^{n}[[FLOATSUPERSCRIPT]] \right\}[[CLOSE]] =[[RELOP]] -[[ADDOP]] δ[[UNKNOWN]] _{l}[[POSTSUBSCRIPT]] ^{n}[[POSTSUPERSCRIPT]] ([[OPEN]] P[[UNKNOWN]] _{\bar{m}}[[POSTSUBSCRIPT]] {}^{\bar{k}}[[FLOATSUPERSCRIPT]] +[[ADDOP]] M[[UNKNOWN]] _{\bar{m}}[[POSTSUBSCRIPT]] {}^{\bar{k}}[[FLOATSUPERSCRIPT]] +[[ADDOP]] T[[UNKNOWN]] _{\bar{m}}[[POSTSUBSCRIPT]] {}^{\bar{k}}[[FLOATSUPERSCRIPT]] )[[CLOSE]] +[[ADDOP]] δ[[UNKNOWN]] _{\bar{m}}[[POSTSUBSCRIPT]] ^{\bar{k}}[[POSTSUPERSCRIPT]] ([[OPEN]] P[[UNKNOWN]] _{l}[[POSTSUBSCRIPT]] {}^{n}[[FLOATSUPERSCRIPT]] +[[ADDOP]] M[[UNKNOWN]] _{l}[[POSTSUBSCRIPT]] {}^{n}[[FLOATSUPERSCRIPT]] +[[ADDOP]] T[[UNKNOWN]] ...
Warning:not_parsed:>OPEN MathParser failed to match rule 'Anything'
	at 0302027.tex; line 884 col 7 - line 885 col 9
	In "$\displaystyle\left\{\bar{Q}_{{\rm AdS},\bar{m}}{}^{n},Q_{{\rm AdS},l}{}^{\bar%
	{k}}\right\}$"
	> \left\{[[OPEN]] \bar{Q}[[UNKNOWN]] _{{\rmAdS},\bar{m}}[[POSTSUBSCRIPT]] {}^{n}[[FLOATSUPERSCRIPT]] ,[[PUNCT]] Q[[UNKNOWN]] _{{\rmAdS},l}[[POSTSUBSCRIPT]] {}^{\bar{k}}[[FLOATSUPERSCRIPT]] \right\}[[CLOSE]]
Warning:not_parsed:>OPEN MathParser failed to match rule 'Anything'
	at 0302027.tex; line 885 col 18 - line 886 col 19
	In "$\displaystyle\left\{Q_{{\rm AdS},l}{}^{\bar{k}},\bar{Q}_{{\rm AdS},\bar{m}}{}%
	^{n}\right\}~{}$"
	> \left\{[[OPEN]] Q[[UNKNOWN]] _{{\rmAdS},l}[[POSTSUBSCRIPT]] {}^{\bar{k}}[[FLOATSUPERSCRIPT]] ,[[PUNCT]] \bar{Q}[[UNKNOWN]] _{{\rmAdS},\bar{m}}[[POSTSUBSCRIPT]] {}^{n}[[FLOATSUPERSCRIPT]] \right\}[[CLOSE]]
Warning:not_parsed:UNKNOWN.POSTSUBSCRIPT.POSTSUPERSCRIPT>OPEN MathParser failed to match rule 'Anything'
	at 0302027.tex; line 887 col 1 - line 892 col 4
	In "$\displaystyle-\delta_{l}^{n}(P_{\bar{m}}{}^{\bar{k}}+{M}_{\bar{m}}{}^{\bar{k}%
	}+{\cal T}_{\bar{m}}{}^{\bar{k}})+\delta_{\bar{m}}^{\bar{k}}(P_{l}{}^{n}+M_{l}%
	{}^{n}+{\cal T}_{l}{}^{n})+\delta_{l}^{n}\delta_{\bar{m}}^{\bar{k}}(\bar{D}-D)%
	~{}~{}$"
	-[[ADDOP]] δ[[UNKNOWN]] _{l}[[POSTSUBSCRIPT]] ^{n}[[POSTSUPERSCRIPT]]
	        > ([[OPEN]] P[[UNKNOWN]] _{\bar{m}}[[POSTSUBSCRIPT]] {}^{\bar{k}}[[FLOATSUPERSCRIPT]] +[[ADDOP]] M[[UNKNOWN]] _{\bar{m}}[[POSTSUBSCRIPT]] {}^{\bar{k}}[[FLOATSUPERSCRIPT]] +[[ADDOP]] T[[UNKNOWN]] _{\bar{m}}[[POSTSUBSCRIPT]] {}^{\bar{k}}[[FLOATSUPERSCRIPT]] )[[CLOSE]] +[[ADDOP]] δ[[UNKNOWN]] _{\bar{m}}[[POSTSUBSCRIPT]] ^{\bar{k}}[[POSTSUPERSCRIPT]] ([[OPEN]] P[[UNKNOWN]] _{l}[[POSTSUBSCRIPT]] {}^{n}[[FLOATSUPERSCRIPT]] +[[ADDOP]] M[[UNKNOWN]] _{l}[[POSTSUBSCRIPT]] {}^{n}[[FLOATSUPERSCRIPT]] +[[ADDOP]] T[[UNKNOWN]] _{l}[[POSTSUBSCRIPT]] {}^{n}[[FLOATSUPERSCRIPT]] )[[CLOSE]] +[[ADDOP]] δ[[UNKNOWN]] _{l}[[POSTSUBSCRIPT]] ^{n}[[POSTSUPERSCRIPT]] δ[[UNKNOWN]] _{\bar{m}}[[POSTSUBSCRIPT]] ^{\bar{k}}[[POSTSUPERSCRIPT]] ([[OPEN]] \bar{D}[[UNKNOWN]] -[[ADDOP]] D[[UNKNOWN]] )[[CLOSE]]
Warning:not_parsed:UNKNOWN.POSTSUBSCRIPT>FLOATSUBSCRIPT MathParser failed to match rule 'Anything'
	at 0302027.tex; line 909 col 1 - line 909 col 1
	In "$\displaystyle\left\{\begin{array}[]{lcl}\hidden@noalign{}{\cal T}_{\rm flat,}%
	{}_{mn}=-K\delta_{m}^{a}\epsilon_{ab}\delta_{n}^{b}&,&{\cal T}_{\rm flat,}{}_{%
	m\bar{n}}=-\bar{K}\Theta_{m}^{\bar{a}}\epsilon_{\bar{a}\bar{b}}\delta_{\bar{n}%
	}^{\bar{b}}\\
	\\
	\hidden@noalign{}{\cal T}_{\rm flat,}{}_{\bar{m}\bar{n}}=-\bar{K}\delta_{\bar{%
	m}}^{\bar{a}}\epsilon_{\bar{a}\bar{b}}\delta_{\bar{n}}^{\bar{b}}&,&{\cal T}_{%
	\rm flat,}{}_{\bar{m}n}=-K\bar{\Theta}_{\bar{m}}^{a}\epsilon_{ab}\delta_{n}^{b%
	}\end{array}\right.~{}~{}\@@ENDINLINEMATH"
	T[[UNKNOWN]] _{\rmflat,}[[POSTSUBSCRIPT]]
	        > {}_{mn}[[FLOATSUBSCRIPT]] =[[RELOP]] -[[ADDOP]] K[[UNKNOWN]] δ[[UNKNOWN]] _{m}[[POSTSUBSCRIPT]] ^{a}[[POSTSUPERSCRIPT]] ϵ[[UNKNOWN]] _{ab}[[POSTSUBSCRIPT]] δ[[UNKNOWN]] _{n}[[POSTSUBSCRIPT]] ^{b}[[POSTSUPERSCRIPT]]
Warning:not_parsed:UNKNOWN.POSTSUBSCRIPT>FLOATSUBSCRIPT MathParser failed to match rule 'Anything'
	at 0302027.tex; line 910 col 1 - line 910 col 1
	T[[UNKNOWN]] _{\rmflat,}[[POSTSUBSCRIPT]]
	        > {}_{m\bar{n}}[[FLOATSUBSCRIPT]] =[[RELOP]] -[[ADDOP]] \bar{K}[[UNKNOWN]] Θ[[UNKNOWN]] _{m}[[POSTSUBSCRIPT]] ^{\bar{a}}[[POSTSUPERSCRIPT]] ϵ[[UNKNOWN]] _{\bar{a}\bar{b}}[[POSTSUBSCRIPT]] δ[[UNKNOWN]] _{\bar{n}}[[POSTSUBSCRIPT]] ^{\bar{b}}[[POSTSUPERSCRIPT]]
Warning:not_parsed:UNKNOWN.POSTSUBSCRIPT>FLOATSUBSCRIPT MathParser failed to match rule 'Anything'
	at 0302027.tex; line 912 col 1 - line 912 col 1
	T[[UNKNOWN]] _{\rmflat,}[[POSTSUBSCRIPT]]
	        > {}_{\bar{m}\bar{n}}[[FLOATSUBSCRIPT]] =[[RELOP]] -[[ADDOP]] \bar{K}[[UNKNOWN]] δ[[UNKNOWN]] _{\bar{m}}[[POSTSUBSCRIPT]] ^{\bar{a}}[[POSTSUPERSCRIPT]] ϵ[[UNKNOWN]] _{\bar{a}\bar{b}}[[POSTSUBSCRIPT]] δ[[UNKNOWN]] _{\bar{n}}[[POSTSUBSCRIPT]] ^{\bar{b}}[[POSTSUPERSCRIPT]]
Warning:not_parsed:UNKNOWN.POSTSUBSCRIPT>FLOATSUBSCRIPT MathParser failed to match rule 'Anything'
	at 0302027.tex; line 914 col 1 - line 914 col 1
	T[[UNKNOWN]] _{\rmflat,}[[POSTSUBSCRIPT]]
	        > {}_{\bar{m}n}[[FLOATSUBSCRIPT]] =[[RELOP]] -[[ADDOP]] K[[UNKNOWN]] \bar{\Theta}[[UNKNOWN]] _{\bar{m}}[[POSTSUBSCRIPT]] ^{a}[[POSTSUPERSCRIPT]] ϵ[[UNKNOWN]] _{ab}[[POSTSUBSCRIPT]] δ[[UNKNOWN]] _{n}[[POSTSUBSCRIPT]] ^{b}[[POSTSUPERSCRIPT]]
Warning:not_parsed:UNKNOWN.POSTSUBSCRIPT>FLOATSUBSCRIPT MathParser failed to match rule 'Anything'
	at 0302027.tex; line 909 col 1 - line 909 col 1
	In "$\displaystyle\left\{\begin{array}[]{lcl}\hidden@noalign{}{\cal T}_{\rm flat,}%
	{}_{mn}=-K\delta_{m}^{a}\epsilon_{ab}\delta_{n}^{b}&,&{\cal T}_{\rm flat,}{}_{%
	m\bar{n}}=-\bar{K}\Theta_{m}^{\bar{a}}\epsilon_{\bar{a}\bar{b}}\delta_{\bar{n}%
	}^{\bar{b}}\\
	\\
	\hidden@noalign{}{\cal T}_{\rm flat,}{}_{\bar{m}\bar{n}}=-\bar{K}\delta_{\bar{%
	m}}^{\bar{a}}\epsilon_{\bar{a}\bar{b}}\delta_{\bar{n}}^{\bar{b}}&,&{\cal T}_{%
	\rm flat,}{}_{\bar{m}n}=-K\bar{\Theta}_{\bar{m}}^{a}\epsilon_{ab}\delta_{n}^{b%
	}\end{array}\right.~{}~{}$"
	T[[UNKNOWN]] _{\rmflat,}[[POSTSUBSCRIPT]]
	        > {}_{mn}[[FLOATSUBSCRIPT]] =[[RELOP]] -[[ADDOP]] K[[UNKNOWN]] δ[[UNKNOWN]] _{m}[[POSTSUBSCRIPT]] ^{a}[[POSTSUPERSCRIPT]] ϵ[[UNKNOWN]] _{ab}[[POSTSUBSCRIPT]] δ[[UNKNOWN]] _{n}[[POSTSUBSCRIPT]] ^{b}[[POSTSUPERSCRIPT]]
Warning:not_parsed:UNKNOWN.POSTSUBSCRIPT>FLOATSUBSCRIPT MathParser failed to match rule 'Anything'
	at 0302027.tex; line 910 col 1 - line 910 col 1
	T[[UNKNOWN]] _{\rmflat,}[[POSTSUBSCRIPT]]
	        > {}_{m\bar{n}}[[FLOATSUBSCRIPT]] =[[RELOP]] -[[ADDOP]] \bar{K}[[UNKNOWN]] Θ[[UNKNOWN]] _{m}[[POSTSUBSCRIPT]] ^{\bar{a}}[[POSTSUPERSCRIPT]] ϵ[[UNKNOWN]] _{\bar{a}\bar{b}}[[POSTSUBSCRIPT]] δ[[UNKNOWN]] _{\bar{n}}[[POSTSUBSCRIPT]] ^{\bar{b}}[[POSTSUPERSCRIPT]]
Warning:not_parsed:UNKNOWN.POSTSUBSCRIPT>FLOATSUBSCRIPT MathParser failed to match rule 'Anything'
	at 0302027.tex; line 912 col 1 - line 912 col 1
	T[[UNKNOWN]] _{\rmflat,}[[POSTSUBSCRIPT]]
	        > {}_{\bar{m}\bar{n}}[[FLOATSUBSCRIPT]] =[[RELOP]] -[[ADDOP]] \bar{K}[[UNKNOWN]] δ[[UNKNOWN]] _{\bar{m}}[[POSTSUBSCRIPT]] ^{\bar{a}}[[POSTSUPERSCRIPT]] ϵ[[UNKNOWN]] _{\bar{a}\bar{b}}[[POSTSUBSCRIPT]] δ[[UNKNOWN]] _{\bar{n}}[[POSTSUBSCRIPT]] ^{\bar{b}}[[POSTSUPERSCRIPT]]
Warning:not_parsed:UNKNOWN.POSTSUBSCRIPT>FLOATSUBSCRIPT MathParser failed to match rule 'Anything'
	at 0302027.tex; line 914 col 1 - line 914 col 1
	T[[UNKNOWN]] _{\rmflat,}[[POSTSUBSCRIPT]]
	        > {}_{\bar{m}n}[[FLOATSUBSCRIPT]] =[[RELOP]] -[[ADDOP]] K[[UNKNOWN]] \bar{\Theta}[[UNKNOWN]] _{\bar{m}}[[POSTSUBSCRIPT]] ^{a}[[POSTSUPERSCRIPT]] ϵ[[UNKNOWN]] _{ab}[[POSTSUBSCRIPT]] δ[[UNKNOWN]] _{n}[[POSTSUBSCRIPT]] ^{b}[[POSTSUPERSCRIPT]]
Warning:not_parsed:>OPEN MathParser failed to match rule 'Anything'
	at 0302027.tex; line 924 col 7 - line 924 col 7
	In "$\displaystyle\left\{\bar{Q}_{\rm flat,}{}_{\bar{m}}{}^{n},Q_{\rm flat,}{}_{l}%
	{}^{\bar{k}}\right\}=\left\{Q_{\rm flat,}{}_{l}{}^{\bar{k}},\bar{Q}_{\rm flat,%
	}{}_{\bar{m}}{}^{n}\right\}=-\delta_{l}^{n}(P_{\bar{m}}{}^{\bar{k}}+{\cal T}_{%
	{\rm flat},\bar{m}}{}^{\bar{k}})+\delta_{\bar{m}}^{\bar{k}}(P_{l}{}^{n}+{\cal T%
	}_{{\rm flat},l}{}^{n})~{}~{}~{}.\@@ENDINLINEMATH"
	> \left\{[[OPEN]] \bar{Q}[[UNKNOWN]] _{\rmflat,}[[POSTSUBSCRIPT]] {}_{\bar{m}}[[FLOATSUBSCRIPT]] {}^{n}[[FLOATSUPERSCRIPT]] ,[[PUNCT]] Q[[UNKNOWN]] _{\rmflat,}[[POSTSUBSCRIPT]] {}_{l}[[FLOATSUBSCRIPT]] {}^{\bar{k}}[[FLOATSUPERSCRIPT]] \right\}[[CLOSE]] =[[RELOP]] \left\{[[OPEN]] Q[[UNKNOWN]] _{\rmflat,}[[POSTSUBSCRIPT]] {}_{l}[[FLOATSUBSCRIPT]] {}^{\bar{k}}[[FLOATSUPERSCRIPT]] ,[[PUNCT]] \bar{Q}[[UNKNOWN]] _{\rmflat,}[[POSTSUBSCRIPT]] {}_{\bar{m}}[[FLOATSUBSCRIPT]] {}^{n}[[FLOATSUPERSCRIPT]] \right\}[[CLOSE]] =[[RELOP]] -[[ADDOP]] δ[[UNKNOWN]] _{l}[[POSTSUBSCRIPT]] ^{n}[[POSTSUPERSCRIPT]] ([[OPEN]] P[[UNKNOWN]] _{\bar{m}}[[POSTSUBSCRIPT]] {}^{\bar{k}}[[FLOATSUPERSCRIPT]] +[[ADDOP]] T[[UNKNOWN]] _{{\rmflat},\bar{m}}[[POSTSUBSCRIPT]] {}^{\bar{k}}[[FLOATSUPERSCRIPT]] )[[CLOSE]] +[[ADDOP]] δ[[UNKNOWN]] _{\bar{m}}[[POSTSUBSCRIPT]] ^{\bar{k}}[[POSTSUPERSCRIPT]] ([[OPEN]] P[[UNKNOWN]] _{l}[[POSTSUBSCRIPT]] {}^{n}[[FLOATSUPERSCRIPT]] +[[ADDOP]] T[[UNKNOWN]] _{{\rmflat},l}[[POSTSUBSCRIPT]] {}^{n}[[FLOATSUPERSCRIPT]] )[[CLOSE]]
Warning:not_parsed:>OPEN MathParser failed to match rule 'Anything'
	at 0302027.tex; line 924 col 7 - line 925 col 1
	In "$\displaystyle\left\{\bar{Q}_{\rm flat,}{}_{\bar{m}}{}^{n},Q_{\rm flat,}{}_{l}%
	{}^{\bar{k}}\right\}$"
	> \left\{[[OPEN]] \bar{Q}[[UNKNOWN]] _{\rmflat,}[[POSTSUBSCRIPT]] {}_{\bar{m}}[[FLOATSUBSCRIPT]] {}^{n}[[FLOATSUPERSCRIPT]] ,[[PUNCT]] Q[[UNKNOWN]] _{\rmflat,}[[POSTSUBSCRIPT]] {}_{l}[[FLOATSUBSCRIPT]] {}^{\bar{k}}[[FLOATSUPERSCRIPT]] \right\}[[CLOSE]]
Warning:not_parsed:>OPEN MathParser failed to match rule 'Anything'
	at 0302027.tex; line 925 col 10 - line 926 col 1
	In "$\displaystyle\left\{Q_{\rm flat,}{}_{l}{}^{\bar{k}},\bar{Q}_{\rm flat,}{}_{%
	\bar{m}}{}^{n}\right\}$"
	> \left\{[[OPEN]] Q[[UNKNOWN]] _{\rmflat,}[[POSTSUBSCRIPT]] {}_{l}[[FLOATSUBSCRIPT]] {}^{\bar{k}}[[FLOATSUPERSCRIPT]] ,[[PUNCT]] \bar{Q}[[UNKNOWN]] _{\rmflat,}[[POSTSUBSCRIPT]] {}_{\bar{m}}[[FLOATSUBSCRIPT]] {}^{n}[[FLOATSUPERSCRIPT]] \right\}[[CLOSE]]
Warning:not_parsed:UNKNOWN.POSTSUBSCRIPT.POSTSUPERSCRIPT>OPEN MathParser failed to match rule 'Anything'
	at 0302027.tex; line 927 col 1 - line 930 col 4
	In "$\displaystyle-\delta_{l}^{n}(P_{\bar{m}}{}^{\bar{k}}+{\cal T}_{{\rm flat},%
	\bar{m}}{}^{\bar{k}})+\delta_{\bar{m}}^{\bar{k}}(P_{l}{}^{n}+{\cal T}_{{\rm
	flat%
	},l}{}^{n})~{}~{}~{}.$"
	-[[ADDOP]] δ[[UNKNOWN]] _{l}[[POSTSUBSCRIPT]] ^{n}[[POSTSUPERSCRIPT]]
	        > ([[OPEN]] P[[UNKNOWN]] _{\bar{m}}[[POSTSUBSCRIPT]] {}^{\bar{k}}[[FLOATSUPERSCRIPT]] +[[ADDOP]] T[[UNKNOWN]] _{{\rmflat},\bar{m}}[[POSTSUBSCRIPT]] {}^{\bar{k}}[[FLOATSUPERSCRIPT]] )[[CLOSE]] +[[ADDOP]] δ[[UNKNOWN]] _{\bar{m}}[[POSTSUBSCRIPT]] ^{\bar{k}}[[POSTSUPERSCRIPT]] ([[OPEN]] P[[UNKNOWN]] _{l}[[POSTSUBSCRIPT]] {}^{n}[[FLOATSUPERSCRIPT]] +[[ADDOP]] T[[UNKNOWN]] _{{\rmflat},l}[[POSTSUBSCRIPT]] {}^{n}[[FLOATSUPERSCRIPT]] )[[CLOSE]]
Warning:not_parsed:>OPEN MathParser failed to match rule 'Anything'
	at 0302027.tex; line 953 col 7 - line 953 col 7
	In "$\displaystyle\left\{\bar{Q}_{\rm pp,}{}_{\bar{m}}{}^{n},Q_{\rm pp,}{}_{l}{}^{%
	\bar{k}}\right\}=\left\{Q_{\rm pp,}{}_{l}{}^{\bar{k}},\bar{Q}_{\rm pp,}{}_{%
	\bar{m}}{}^{n}\right\}=-\delta_{l}^{n}(G_{\rm pp,}{}_{\bar{m}}{}^{\bar{k}}+{%
	\cal T}_{\rm pp,}{}_{\bar{m}}{}^{\bar{k}})+\delta_{\bar{m}}^{\bar{k}}(G_{\rm pp%
	,}{}_{l}{}^{n}+{\cal T}_{\rm pp,}{}_{l}{}^{n})~{}~{}~{},\@@ENDINLINEMATH"
	> \left\{[[OPEN]] \bar{Q}[[UNKNOWN]] _{\rmpp,}[[POSTSUBSCRIPT]] {}_{\bar{m}}[[FLOATSUBSCRIPT]] {}^{n}[[FLOATSUPERSCRIPT]] ,[[PUNCT]] Q[[UNKNOWN]] _{\rmpp,}[[POSTSUBSCRIPT]] {}_{l}[[FLOATSUBSCRIPT]] {}^{\bar{k}}[[FLOATSUPERSCRIPT]] \right\}[[CLOSE]] =[[RELOP]] \left\{[[OPEN]] Q[[UNKNOWN]] _{\rmpp,}[[POSTSUBSCRIPT]] {}_{l}[[FLOATSUBSCRIPT]] {}^{\bar{k}}[[FLOATSUPERSCRIPT]] ,[[PUNCT]] \bar{Q}[[UNKNOWN]] _{\rmpp,}[[POSTSUBSCRIPT]] {}_{\bar{m}}[[FLOATSUBSCRIPT]] {}^{n}[[FLOATSUPERSCRIPT]] \right\}[[CLOSE]] =[[RELOP]] -[[ADDOP]] δ[[UNKNOWN]] _{l}[[POSTSUBSCRIPT]] ^{n}[[POSTSUPERSCRIPT]] ([[OPEN]] G[[UNKNOWN]] _{\rmpp,}[[POSTSUBSCRIPT]] {}_{\bar{m}}[[FLOATSUBSCRIPT]] {}^{\bar{k}}[[FLOATSUPERSCRIPT]] +[[ADDOP]] T[[UNKNOWN]] _{\rmpp,}[[POSTSUBSCRIPT]] {}_{\bar{m}}[[FLOATSUBSCRIPT]] {}^{\bar{k}}[[FLOATSUPERSCRIPT]] )[[CLOSE]] +[[ADDOP]] δ[[UNKNOWN]] _{\bar{m}}[[POSTSUBSCRIPT]] ^{\bar{k}}[[POSTSUPERSCRIPT]] ([[OPEN]] G[[UNKNOWN]] _{\rmpp,}[[POSTSUBSCRIPT]] {}_{l}[[FLOATSUBSCRIPT]] {}^{n}[[FLOATSUPERSCRIPT]] +[[ADDOP]] T[[UNKNOWN]] _{\rmpp,}[[POSTSUBSCRIPT]] ...
Warning:not_parsed:>OPEN MathParser failed to match rule 'Anything'
	at 0302027.tex; line 953 col 7 - line 954 col 1
	In "$\displaystyle\left\{\bar{Q}_{\rm pp,}{}_{\bar{m}}{}^{n},Q_{\rm pp,}{}_{l}{}^{%
	\bar{k}}\right\}$"
	> \left\{[[OPEN]] \bar{Q}[[UNKNOWN]] _{\rmpp,}[[POSTSUBSCRIPT]] {}_{\bar{m}}[[FLOATSUBSCRIPT]] {}^{n}[[FLOATSUPERSCRIPT]] ,[[PUNCT]] Q[[UNKNOWN]] _{\rmpp,}[[POSTSUBSCRIPT]] {}_{l}[[FLOATSUBSCRIPT]] {}^{\bar{k}}[[FLOATSUPERSCRIPT]] \right\}[[CLOSE]]
Warning:not_parsed:>OPEN MathParser failed to match rule 'Anything'
	at 0302027.tex; line 954 col 10 - line 955 col 1
	In "$\displaystyle\left\{Q_{\rm pp,}{}_{l}{}^{\bar{k}},\bar{Q}_{\rm pp,}{}_{\bar{m%
	}}{}^{n}\right\}$"
	> \left\{[[OPEN]] Q[[UNKNOWN]] _{\rmpp,}[[POSTSUBSCRIPT]] {}_{l}[[FLOATSUBSCRIPT]] {}^{\bar{k}}[[FLOATSUPERSCRIPT]] ,[[PUNCT]] \bar{Q}[[UNKNOWN]] _{\rmpp,}[[POSTSUBSCRIPT]] {}_{\bar{m}}[[FLOATSUBSCRIPT]] {}^{n}[[FLOATSUPERSCRIPT]] \right\}[[CLOSE]]
Warning:not_parsed:UNKNOWN.POSTSUBSCRIPT.POSTSUPERSCRIPT>OPEN MathParser failed to match rule 'Anything'
	at 0302027.tex; line 956 col 1 - line 959 col 4
	In "$\displaystyle-\delta_{l}^{n}(G_{\rm pp,}{}_{\bar{m}}{}^{\bar{k}}+{\cal T}_{%
	\rm pp,}{}_{\bar{m}}{}^{\bar{k}})+\delta_{\bar{m}}^{\bar{k}}(G_{\rm pp,}{}_{l}%
	{}^{n}+{\cal T}_{\rm pp,}{}_{l}{}^{n})~{}~{}~{},$"
	-[[ADDOP]] δ[[UNKNOWN]] _{l}[[POSTSUBSCRIPT]] ^{n}[[POSTSUPERSCRIPT]]
	        > ([[OPEN]] G[[UNKNOWN]] _{\rmpp,}[[POSTSUBSCRIPT]] {}_{\bar{m}}[[FLOATSUBSCRIPT]] {}^{\bar{k}}[[FLOATSUPERSCRIPT]] +[[ADDOP]] T[[UNKNOWN]] _{\rmpp,}[[POSTSUBSCRIPT]] {}_{\bar{m}}[[FLOATSUBSCRIPT]] {}^{\bar{k}}[[FLOATSUPERSCRIPT]] )[[CLOSE]] +[[ADDOP]] δ[[UNKNOWN]] _{\bar{m}}[[POSTSUBSCRIPT]] ^{\bar{k}}[[POSTSUPERSCRIPT]] ([[OPEN]] G[[UNKNOWN]] _{\rmpp,}[[POSTSUBSCRIPT]] {}_{l}[[FLOATSUBSCRIPT]] {}^{n}[[FLOATSUPERSCRIPT]] +[[ADDOP]] T[[UNKNOWN]] _{\rmpp,}[[POSTSUBSCRIPT]] {}_{l}[[FLOATSUBSCRIPT]] {}^{n}[[FLOATSUPERSCRIPT]] )[[CLOSE]]
Warning:not_parsed:>OPEN MathParser failed to match rule 'Anything'
	at 0302027.tex; line 963 col 7 - line 963 col 7
	In "$\displaystyle\left\{\begin{array}[]{l}\hidden@noalign{}\left\{\bar{Q}_{{\rm pp%
	},+,}{}_{\bar{m}}{}^{n},Q_{{\rm pp},+,}{}_{l}{}^{\bar{k}}\right\}~{}~{}=~{}~{}%
	-\delta_{l}^{n}\left(\begin{array}[]{cc}\hidden@noalign{}\hfil\sqrt{2}P_{+}&\\
	&-\sqrt{2}P_{+}\end{array}\right){}_{\bar{m}}{}^{\bar{k}}\\
	\\
	\hidden@noalign{}\left\{\bar{Q}_{{\rm pp},-,}{}_{\bar{m}}{}^{n},Q_{{\rm pp},-,%
	}{}_{l}{}^{\bar{k}}\right\}~{}~{}=~{}~{}-\delta_{l}^{n}\left\{\left(\begin{%
	array}[]{cc}\hidden@noalign{}\hfil\sqrt{2}P_{-}&\\
	&-\sqrt{2}P_{-}\end{array}\right)\right.\\
	\\
	\hidden@noalign{}~{}~{}~{}~{}~{}~{}~{}~{}~{}\left.-\left(\begin{array}[]{cc}&%
	Kx^{1}-\bar{K}x^{2}\\
	\hidden@noalign{}\hfil Kx^{1}-\bar{K}x^{2}&\end{array}\right)\left(\par\begin{%
	array}[]{cc}&1\\
	\hidden@noalign{}\hfil-1&\end{array}\right)\right\}{}_{\bar{m}}{}^{\bar{k}}+%
	\delta^{n}_{l}\delta_{\bar{m}}^{\bar{k}}(D-\bar{D})\\
	\\
	\hidden@noalign{}\left\{\bar{Q}_{{\rm pp},+,}{}_{\bar{m}}{}^{n},Q_{{\rm pp},-,%
	}{}_{l}{}^{\bar{k}}\right\}\\
	\\
	\hidden@noalign{}~{}~{}~{}~{}~{}~{}~{}=-\delta_{l}^{n}\left\{\left(\begin{%
	array}[]{cc}&P_{2}+M_{32}\\
	\hidden@noalign{}\hfil P_{2}-M_{32}\end{array}\right)-\bar{K}\left(\begin{%
	array}[]{cc}\hidden@noalign{}\hfil 1+\frac{x^{-}}{\sqrt{2}}&\\
	&1-\frac{x^{-}}{\sqrt{2}}\end{array}\right)\left(\begin{array}[]{cc}&1\\
	\hidden@noalign{}\hfil-1&\end{array}\right)\right\}{}_{\bar{m}}{}^{\bar{k}}\\
	\\
	\hidden@noalign{}~{}~{}~{}~{}~{}~{}~{}~{}~{}+\delta_{\bar{m}}{}^{\bar{k}}\left%
	\{\left(\begin{array}[]{cc}&P_{1}+M_{01}\\
	\hidden@noalign{}\hfil P_{1}-M_{01}\end{array}\right)-K\left(\begin{array}[]{%
	cc}\hidden@noalign{}\hfil 1-\frac{x^{-}}{\sqrt{2}}&\\
	&1+\frac{x^{-}}{\sqrt{2}}\end{array}\right)\left(\begin{array}[]{cc}&1\\
	\hidden@noalign{}\hfil-1&\end{array}\right)\right\}{}_{l}{}^{n}\end{array}%
	\right.\@@ENDINLINEMATH"
	> \left\{[[OPEN]] \bar{Q}[[UNKNOWN]] _{{\rmpp},+,}[[POSTSUBSCRIPT]] {}_{\bar{m}}[[FLOATSUBSCRIPT]] {}^{n}[[FLOATSUPERSCRIPT]] ,[[PUNCT]] Q[[UNKNOWN]] _{{\rmpp},+,}[[POSTSUBSCRIPT]] {}_{l}[[FLOATSUBSCRIPT]] {}^{\bar{k}}[[FLOATSUPERSCRIPT]] \right\}[[CLOSE]] =[[RELOP]] -[[ADDOP]] δ[[UNKNOWN]] _{l}[[POSTSUBSCRIPT]] ^{n}[[POSTSUPERSCRIPT]] \left([[OPEN]] Alignment[][[ARRAY]] \right)[[CLOSE]] {}_{\bar{m}}[[FLOATSUBSCRIPT]] {}^{\bar{k}}[[FLOATSUPERSCRIPT]]
Warning:not_parsed:>OPEN MathParser failed to match rule 'Anything'
	at 0302027.tex; line 970 col 7 - line 970 col 7
	> \left\{[[OPEN]] \bar{Q}[[UNKNOWN]] _{{\rmpp},-,}[[POSTSUBSCRIPT]] {}_{\bar{m}}[[FLOATSUBSCRIPT]] {}^{n}[[FLOATSUPERSCRIPT]] ,[[PUNCT]] Q[[UNKNOWN]] _{{\rmpp},-,}[[POSTSUBSCRIPT]] {}_{l}[[FLOATSUBSCRIPT]] {}^{\bar{k}}[[FLOATSUPERSCRIPT]] \right\}[[CLOSE]] =[[RELOP]] -[[ADDOP]] δ[[UNKNOWN]] _{l}[[POSTSUBSCRIPT]] ^{n}[[POSTSUPERSCRIPT]] \left\{[[OPEN]] \left([[OPEN]] Alignment[][[ARRAY]] \right)[[CLOSE]]
Warning:not_parsed:OPEN.ARRAY.CLOSE>CLOSE MathParser failed to match rule 'Anything'
	at 0302027.tex; line 979 col 1 - line 979 col 1
	-[[ADDOP]] \left([[OPEN]] Alignment[][[ARRAY]] \right)[[CLOSE]] \left([[OPEN]] Alignment[][[ARRAY]] \right)[[CLOSE]]
	        > \right\}[[CLOSE]] {}_{\bar{m}}[[FLOATSUBSCRIPT]] {}^{\bar{k}}[[FLOATSUPERSCRIPT]] +[[ADDOP]] δ[[UNKNOWN]] ^{n}[[POSTSUPERSCRIPT]] _{l}[[POSTSUBSCRIPT]] δ[[UNKNOWN]] _{\bar{m}}[[POSTSUBSCRIPT]] ^{\bar{k}}[[POSTSUPERSCRIPT]] ([[OPEN]] D[[UNKNOWN]] -[[ADDOP]] \bar{D}[[UNKNOWN]] )[[CLOSE]]
Warning:not_parsed:>OPEN MathParser failed to match rule 'Anything'
	at 0302027.tex; line 994 col 7 - line 994 col 7
	> \left\{[[OPEN]] \bar{Q}[[UNKNOWN]] _{{\rmpp},+,}[[POSTSUBSCRIPT]] {}_{\bar{m}}[[FLOATSUBSCRIPT]] {}^{n}[[FLOATSUPERSCRIPT]] ,[[PUNCT]] Q[[UNKNOWN]] _{{\rmpp},-,}[[POSTSUBSCRIPT]] {}_{l}[[FLOATSUBSCRIPT]] {}^{\bar{k}}[[FLOATSUPERSCRIPT]] \right\}[[CLOSE]]
Warning:not_parsed:ARRAY.CLOSE.CLOSE>FLOATSUBSCRIPT MathParser failed to match rule 'Anything'
	at 0302027.tex; line 995 col 1 - line 995 col 1
	=[[RELOP]] -[[ADDOP]] δ[[UNKNOWN]] _{l}[[POSTSUBSCRIPT]] ^{n}[[POSTSUPERSCRIPT]] \left\{[[OPEN]] \left([[OPEN]] Alignment[][[ARRAY]] \right)[[CLOSE]] -[[ADDOP]] \bar{K}[[UNKNOWN]] \left([[OPEN]] Alignment[][[ARRAY]] \right)[[CLOSE]] \left([[OPEN]] Alignment[][[ARRAY]] \right)[[CLOSE]] \right\}[[CLOSE]]
	        > {}_{\bar{m}}[[FLOATSUBSCRIPT]] {}^{\bar{k}}[[FLOATSUPERSCRIPT]]
Warning:not_parsed:ADDOP.UNKNOWN.POSTSUBSCRIPT>FLOATSUPERSCRIPT MathParser failed to match rule 'Anything'
	at 0302027.tex; line 1014 col 2 - line 1014 col 2
	+[[ADDOP]] δ[[UNKNOWN]] _{\bar{m}}[[POSTSUBSCRIPT]]
	        > {}^{\bar{k}}[[FLOATSUPERSCRIPT]] \left\{[[OPEN]] \left([[OPEN]] Alignment[][[ARRAY]] \right)[[CLOSE]] -[[ADDOP]] K[[UNKNOWN]] \left([[OPEN]] Alignment[][[ARRAY]] \right)[[CLOSE]] \left([[OPEN]] Alignment[][[ARRAY]] \right)[[CLOSE]] \right\}[[CLOSE]] {}_{l}[[FLOATSUBSCRIPT]] {}^{n}[[FLOATSUPERSCRIPT]]
Warning:not_parsed:>OPEN MathParser failed to match rule 'Anything'
	at 0302027.tex; line 963 col 7 - line 963 col 7
	In "$\displaystyle\left\{\begin{array}[]{l}\hidden@noalign{}\left\{\bar{Q}_{{\rm pp%
	},+,}{}_{\bar{m}}{}^{n},Q_{{\rm pp},+,}{}_{l}{}^{\bar{k}}\right\}~{}~{}=~{}~{}%
	-\delta_{l}^{n}\left(\begin{array}[]{cc}\hidden@noalign{}\hfil\sqrt{2}P_{+}&\\
	&-\sqrt{2}P_{+}\end{array}\right){}_{\bar{m}}{}^{\bar{k}}\\
	\\
	\hidden@noalign{}\left\{\bar{Q}_{{\rm pp},-,}{}_{\bar{m}}{}^{n},Q_{{\rm pp},-,%
	}{}_{l}{}^{\bar{k}}\right\}~{}~{}=~{}~{}-\delta_{l}^{n}\left\{\left(\begin{%
	array}[]{cc}\hidden@noalign{}\hfil\sqrt{2}P_{-}&\\
	&-\sqrt{2}P_{-}\end{array}\right)\right.\\
	\\
	\hidden@noalign{}~{}~{}~{}~{}~{}~{}~{}~{}~{}\left.-\left(\begin{array}[]{cc}&%
	Kx^{1}-\bar{K}x^{2}\\
	\hidden@noalign{}\hfil Kx^{1}-\bar{K}x^{2}&\end{array}\right)\left(\par\begin{%
	array}[]{cc}&1\\
	\hidden@noalign{}\hfil-1&\end{array}\right)\right\}{}_{\bar{m}}{}^{\bar{k}}+%
	\delta^{n}_{l}\delta_{\bar{m}}^{\bar{k}}(D-\bar{D})\\
	\\
	\hidden@noalign{}\left\{\bar{Q}_{{\rm pp},+,}{}_{\bar{m}}{}^{n},Q_{{\rm pp},-,%
	}{}_{l}{}^{\bar{k}}\right\}\\
	\\
	\hidden@noalign{}~{}~{}~{}~{}~{}~{}~{}=-\delta_{l}^{n}\left\{\left(\begin{%
	array}[]{cc}&P_{2}+M_{32}\\
	\hidden@noalign{}\hfil P_{2}-M_{32}\end{array}\right)-\bar{K}\left(\begin{%
	array}[]{cc}\hidden@noalign{}\hfil 1+\frac{x^{-}}{\sqrt{2}}&\\
	&1-\frac{x^{-}}{\sqrt{2}}\end{array}\right)\left(\begin{array}[]{cc}&1\\
	\hidden@noalign{}\hfil-1&\end{array}\right)\right\}{}_{\bar{m}}{}^{\bar{k}}\\
	\\
	\hidden@noalign{}~{}~{}~{}~{}~{}~{}~{}~{}~{}+\delta_{\bar{m}}{}^{\bar{k}}\left%
	\{\left(\begin{array}[]{cc}&P_{1}+M_{01}\\
	\hidden@noalign{}\hfil P_{1}-M_{01}\end{array}\right)-K\left(\begin{array}[]{%
	cc}\hidden@noalign{}\hfil 1-\frac{x^{-}}{\sqrt{2}}&\\
	&1+\frac{x^{-}}{\sqrt{2}}\end{array}\right)\left(\begin{array}[]{cc}&1\\
	\hidden@noalign{}\hfil-1&\end{array}\right)\right\}{}_{l}{}^{n}\end{array}%
	\right.$"
	> \left\{[[OPEN]] \bar{Q}[[UNKNOWN]] _{{\rmpp},+,}[[POSTSUBSCRIPT]] {}_{\bar{m}}[[FLOATSUBSCRIPT]] {}^{n}[[FLOATSUPERSCRIPT]] ,[[PUNCT]] Q[[UNKNOWN]] _{{\rmpp},+,}[[POSTSUBSCRIPT]] {}_{l}[[FLOATSUBSCRIPT]] {}^{\bar{k}}[[FLOATSUPERSCRIPT]] \right\}[[CLOSE]] =[[RELOP]] -[[ADDOP]] δ[[UNKNOWN]] _{l}[[POSTSUBSCRIPT]] ^{n}[[POSTSUPERSCRIPT]] \left([[OPEN]] Alignment[][[ARRAY]] \right)[[CLOSE]] {}_{\bar{m}}[[FLOATSUBSCRIPT]] {}^{\bar{k}}[[FLOATSUPERSCRIPT]]
Warning:not_parsed:>OPEN MathParser failed to match rule 'Anything'
	at 0302027.tex; line 970 col 7 - line 970 col 7
	> \left\{[[OPEN]] \bar{Q}[[UNKNOWN]] _{{\rmpp},-,}[[POSTSUBSCRIPT]] {}_{\bar{m}}[[FLOATSUBSCRIPT]] {}^{n}[[FLOATSUPERSCRIPT]] ,[[PUNCT]] Q[[UNKNOWN]] _{{\rmpp},-,}[[POSTSUBSCRIPT]] {}_{l}[[FLOATSUBSCRIPT]] {}^{\bar{k}}[[FLOATSUPERSCRIPT]] \right\}[[CLOSE]] =[[RELOP]] -[[ADDOP]] δ[[UNKNOWN]] _{l}[[POSTSUBSCRIPT]] ^{n}[[POSTSUPERSCRIPT]] \left\{[[OPEN]] \left([[OPEN]] Alignment[][[ARRAY]] \right)[[CLOSE]]
Warning:not_parsed:OPEN.ARRAY.CLOSE>CLOSE MathParser failed to match rule 'Anything'
	at 0302027.tex; line 979 col 1 - line 979 col 1
	-[[ADDOP]] \left([[OPEN]] Alignment[][[ARRAY]] \right)[[CLOSE]] \left([[OPEN]] Alignment[][[ARRAY]] \right)[[CLOSE]]
	        > \right\}[[CLOSE]] {}_{\bar{m}}[[FLOATSUBSCRIPT]] {}^{\bar{k}}[[FLOATSUPERSCRIPT]] +[[ADDOP]] δ[[UNKNOWN]] ^{n}[[POSTSUPERSCRIPT]] _{l}[[POSTSUBSCRIPT]] δ[[UNKNOWN]] _{\bar{m}}[[POSTSUBSCRIPT]] ^{\bar{k}}[[POSTSUPERSCRIPT]] ([[OPEN]] D[[UNKNOWN]] -[[ADDOP]] \bar{D}[[UNKNOWN]] )[[CLOSE]]
Warning:not_parsed:>OPEN MathParser failed to match rule 'Anything'
	at 0302027.tex; line 994 col 7 - line 994 col 7
	> \left\{[[OPEN]] \bar{Q}[[UNKNOWN]] _{{\rmpp},+,}[[POSTSUBSCRIPT]] {}_{\bar{m}}[[FLOATSUBSCRIPT]] {}^{n}[[FLOATSUPERSCRIPT]] ,[[PUNCT]] Q[[UNKNOWN]] _{{\rmpp},-,}[[POSTSUBSCRIPT]] {}_{l}[[FLOATSUBSCRIPT]] {}^{\bar{k}}[[FLOATSUPERSCRIPT]] \right\}[[CLOSE]]
Warning:not_parsed:ARRAY.CLOSE.CLOSE>FLOATSUBSCRIPT MathParser failed to match rule 'Anything'
	at 0302027.tex; line 995 col 1 - line 995 col 1
	=[[RELOP]] -[[ADDOP]] δ[[UNKNOWN]] _{l}[[POSTSUBSCRIPT]] ^{n}[[POSTSUPERSCRIPT]] \left\{[[OPEN]] \left([[OPEN]] Alignment[][[ARRAY]] \right)[[CLOSE]] -[[ADDOP]] \bar{K}[[UNKNOWN]] \left([[OPEN]] Alignment[][[ARRAY]] \right)[[CLOSE]] \left([[OPEN]] Alignment[][[ARRAY]] \right)[[CLOSE]] \right\}[[CLOSE]]
	        > {}_{\bar{m}}[[FLOATSUBSCRIPT]] {}^{\bar{k}}[[FLOATSUPERSCRIPT]]
Warning:not_parsed:ADDOP.UNKNOWN.POSTSUBSCRIPT>FLOATSUPERSCRIPT MathParser failed to match rule 'Anything'
	at 0302027.tex; line 1014 col 2 - line 1014 col 2
	+[[ADDOP]] δ[[UNKNOWN]] _{\bar{m}}[[POSTSUBSCRIPT]]
	        > {}^{\bar{k}}[[FLOATSUPERSCRIPT]] \left\{[[OPEN]] \left([[OPEN]] Alignment[][[ARRAY]] \right)[[CLOSE]] -[[ADDOP]] K[[UNKNOWN]] \left([[OPEN]] Alignment[][[ARRAY]] \right)[[CLOSE]] \left([[OPEN]] Alignment[][[ARRAY]] \right)[[CLOSE]] \right\}[[CLOSE]] {}_{l}[[FLOATSUBSCRIPT]] {}^{n}[[FLOATSUPERSCRIPT]]
Warning:not_parsed:>OPEN MathParser failed to match rule 'Anything'
	at 0302027.tex; line 1034 col 0 - line 1035 col 85
	In "$\left\{\bar{Q}_{{\rm pp},-,}{}_{\bar{m}}{}^{n},Q_{{\rm pp},+,}{}_{l}{}^{\bar{%
	k}}\right\}$"
	> \left\{[[OPEN]] \bar{Q}[[UNKNOWN]] _{{\rmpp},-,}[[POSTSUBSCRIPT]] {}_{\bar{m}}[[FLOATSUBSCRIPT]] {}^{n}[[FLOATSUPERSCRIPT]] ,[[PUNCT]] Q[[UNKNOWN]] _{{\rmpp},+,}[[POSTSUBSCRIPT]] {}_{l}[[FLOATSUBSCRIPT]] {}^{\bar{k}}[[FLOATSUPERSCRIPT]] \right\}[[CLOSE]]
Warning:not_parsed:FLOATSUBSCRIPT>MULOP MathParser failed to match rule 'Anything'
	at 0302027.tex; line 1095 col 17 - line 1095 col 25
	In "${}_{2}\times$"
	{}_{2}[[FLOATSUBSCRIPT]]
	        > ×[[MULOP]]
Warning:not_parsed:FLOATSUBSCRIPT>MULOP MathParser failed to match rule 'Anything'
	at 0302027.tex; line 1145 col 59 - line 1145 col 67
	In "${}_{2}\times$"
	{}_{2}[[FLOATSUBSCRIPT]]
	        > ×[[MULOP]]
Warning:not_parsed:FLOATSUBSCRIPT>MULOP MathParser failed to match rule 'Anything'
	at 0302027.tex; line 1153 col 11 - line 1153 col 19
	In "${}_{2}\times$"
	{}_{2}[[FLOATSUBSCRIPT]]
	        > ×[[MULOP]]
Warning:not_parsed:FLOATSUBSCRIPT>MULOP MathParser failed to match rule 'Anything'
	at 0302027.tex; line 1348 col 53 - line 1348 col 61
	In "${}_{5}\times$"
	{}_{5}[[FLOATSUBSCRIPT]]
	        > ×[[MULOP]]
 24.07 sec)
Math parsing succeeded:
   ltx:XMath: 360/455
   ltx:XMArg: 3080/3112
Symbols assumed as simple identifiers (with # of occurences):
   '"' (2), 'AdS' (12), 'A{italic}' (9), 'B{italic}' (28), 'C{italic}' (4), 'D' (2), 'D0' (10), 'Delta' (42), 'D{italic}' (52), 'F{caligraphic}' (3), 'F{italic}' (8), 'Goldstone' (2), 'G{italic}' (125), 'H{italic}' (16), 'I{italic}' (29), 'J{italic}' (231), 'K{italic}' (74), 'Lambda' (11), 'L{caligraphic}' (64), 'L{italic}' (37), 'M{italic}' (84), 'Nambu' (2), 'N{italic}' (32), 'Omega' (33), 'O{caligraphic}' (8), 'O{italic}' (5), 'Pi' (16), 'P{caligraphic}' (29), 'P{italic}' (110), 'Q{italic}' (97), 'R{italic}' (58), 'S' (2), 'Str' (3), 'S{italic}' (7), 'Theta' (18), 'T{caligraphic}' (75), 'T{italic}' (14), 'U{italic}' (10), 'W{italic}' (34), 'X{italic}' (70), 'Z{italic}' (110), '`' (4), 'alpha' (9), 'away' (2), 'a{italic}' (136), 'beta' (9), 'boundary' (3), 'broken' (2), 'b{italic}' (87), 'class' (4), 'c{italic}' (17), 'delta' (246), 'd{italic}' (161), 'epsilon' (102), 'first' (2), 'flat' (22), 'gamma' (18), 'gauged' (2), 'g{italic}' (12), 'in' (2), 'independent' (2), 'i{italic}' (13), 'j{italic}' (48), 'kappa' (22), 'lambda' (12), 'l{italic}' (10), 'mode' (2), 'mu' (12), 'm{italic}' (44), 'nu' (1), 'n{italic}' (51), 'observables' (2), 'o{italic}' (1), 'phase' (2), 'physical' (2), 'pi' (8), 'pp' (41), 'p{italic}' (29), 'rescaling' (2), 'r{italic}' (8), 'sAdS' (2), 'second' (2), 'sigma' (3), 'space' (2), 'spp' (2), 'symmetry' (2), 's{italic}' (25), 'tau' (3), 'term' (3), 'theta' (9), 'tr' (2), 'unbroken' (2), 'w{italic}' (25), 'x{italic}' (153), 'z{italic}' (67)
Set MATHPARSER_SPECULATE to speculate on possible notations.
(Finalizing... 1.44 sec)
Conversion complete 127 warnings (See /home/user/latex-in-arxiv/0302027.latexml.log) (reqd. 47.97s)
