latexml (LaTeXML version 0.8.6) processing 2003/0302228.tex
(Digesting TeX 0302228...
(Loading /usr/share/perl5/LaTeXML/Package/TeX.pool.ltxml...
(Loading /usr/share/perl5/LaTeXML/Package/eTeX.pool.ltxml... 0.00 sec)
(Loading /usr/share/perl5/LaTeXML/Package/pdfTeX.pool.ltxml... 0.01 sec) 0.11 sec)
(Processing content /home/user/latex-in-arxiv/2003/0302228.tex...
(Loading /usr/share/perl5/LaTeXML/Package/LaTeX.pool.ltxml...
(Loading /usr/share/perl5/LaTeXML/Package/textcomp.sty.ltxml...
(Processing definitions /usr/share/texlive/texmf-dist/tex/latex-dev/base/ts1enc.dfu... 0.02 sec) 0.88 sec) 1.04 sec)
(Loading /usr/share/perl5/LaTeXML/Package/article.cls.ltxml... 0.01 sec) 2.89 sec) 3.03 sec)
(Building...
(Loading compiled schema /usr/share/perl5/LaTeXML/resources/RelaxNG/LaTeXML.model... 0.01 sec) 2.33 sec)
(Rewriting... 0.01 sec)
(Math Parsing 93 formulae ......
Warning:not_parsed:FLOATSUBSCRIPT>RELOP MathParser failed to match rule 'Anything'
	at 0302228.tex; line 462 col 7 - line 462 col 24
	In "${}_{\mathrm{H}}\ll$"
	{}_{\mathrm{H}}[[FLOATSUBSCRIPT]]
	        > ≪[[RELOP]]
Warning:not_parsed:FLOATSUBSCRIPT>RELOP MathParser failed to match rule 'Anything'
	at 0302228.tex; line 474 col 3 - line 474 col 22
	In "${}_{\mathrm{min}}\leq$"
	{}_{\mathrm{min}}[[FLOATSUBSCRIPT]]
	        > ≤[[RELOP]]
Warning:not_parsed:FLOATSUBSCRIPT>RELOP MathParser failed to match rule 'Anything'
	at 0302228.tex; line 474 col 26 - line 474 col 34
	In "${}_{+}\leq$"
	{}_{+}[[FLOATSUBSCRIPT]]
	        > ≤[[RELOP]]
Warning:not_parsed:FLOATSUBSCRIPT>RELOP MathParser failed to match rule 'Anything'
	at 0302228.tex; line 475 col 3 - line 475 col 22
	In "${}_{\mathrm{min}}\leq$"
	{}_{\mathrm{min}}[[FLOATSUBSCRIPT]]
	        > ≤[[RELOP]]
Warning:not_parsed:FLOATSUBSCRIPT>RELOP MathParser failed to match rule 'Anything'
	at 0302228.tex; line 475 col 26 - line 475 col 34
	In "${}_{+}\leq$"
	{}_{+}[[FLOATSUBSCRIPT]]
	        > ≤[[RELOP]]
Warning:not_parsed:FLOATSUBSCRIPT>RELOP MathParser failed to match rule 'Anything'
	at 0302228.tex; line 476 col 3 - line 476 col 22
	In "${}_{\mathrm{min}}\leq$"
	{}_{\mathrm{min}}[[FLOATSUBSCRIPT]]
	        > ≤[[RELOP]]
Warning:not_parsed:FLOATSUBSCRIPT>RELOP MathParser failed to match rule 'Anything'
	at 0302228.tex; line 476 col 26 - line 476 col 34
	In "${}_{+}\leq$"
	{}_{+}[[FLOATSUBSCRIPT]]
	        > ≤[[RELOP]]
 0.44 sec)
Math parsing succeeded:
   ltx:XMath: 86/93
   ltx:XMArg: 73/73
Symbols assumed as simple identifiers (with # of occurences):
   'A{italic}' (1), 'B{italic}' (1), 'G{italic}' (1), 'H{caligraphic}' (1), 'H{italic}' (1), 'KN{bold}' (1), 'L{italic}' (2), 'M{italic}' (3), 'N{bold}' (4), 'N{italic}' (9), 'Omega' (1), 'R{italic}' (2), 'S{italic}' (3), 'U{italic}' (2), 'X{italic}' (2), '`' (2), 'alpha' (3), 'beta' (7), 'delta' (1), 'd{italic}' (2), 'epsilon' (1), 'gamma' (1), 'h{italic}' (2), 'k{italic}' (3), 'large' (1), 'mu' (2), 'm{bold}' (4), 'm{italic}' (2), 'nu' (2), 'p{italic}' (1), 'rho' (3), 'tau' (1), 't{italic}' (2)
Set MATHPARSER_SPECULATE to speculate on possible notations.
(Finalizing... 0.07 sec)
Conversion complete 7 warnings (See /home/user/latex-in-arxiv/0302228.latexml.log) (reqd. 6.09s)
