latexml (LaTeXML version 0.8.6) processing 2003/0302184.tex
(Digesting TeX 0302184...
(Loading /usr/share/perl5/LaTeXML/Package/TeX.pool.ltxml...
(Loading /usr/share/perl5/LaTeXML/Package/eTeX.pool.ltxml... 0.01 sec)
(Loading /usr/share/perl5/LaTeXML/Package/pdfTeX.pool.ltxml... 0.01 sec) 0.19 sec)
(Processing content /home/user/latex-in-arxiv/2003/0302184.tex...
(Loading /usr/share/perl5/LaTeXML/Package/LaTeX.pool.ltxml...
(Loading /usr/share/perl5/LaTeXML/Package/textcomp.sty.ltxml...
(Processing definitions /usr/share/texlive/texmf-dist/tex/latex-dev/base/ts1enc.dfu... 0.03 sec) 1.59 sec) 1.90 sec)
Info:unexpected:\documentstyle Entering LaTeX 2.09 Compatibility mode
	at 0302184.tex; line 1 col 0 - line 1 col 36
(Loading /usr/share/perl5/LaTeXML/Package/article.cls.ltxml... 0.02 sec)
(Loading /usr/share/perl5/LaTeXML/Package/epsfig.sty.ltxml...
(Loading /usr/share/perl5/LaTeXML/Package/graphicx.sty.ltxml...
(Loading /usr/share/perl5/LaTeXML/Package/graphics.sty.ltxml... 0.01 sec) 0.02 sec) 0.05 sec)
Info:unexpected:titlepage When using titlepage, Frontmatter will not be well-structured
	at 0302184.tex; line 21 col 0 - line 21 col 17
 5.79 sec) 6.00 sec)
(Building...
(Loading compiled schema /usr/share/perl5/LaTeXML/resources/RelaxNG/LaTeXML.model... 0.01 sec) 3.99 sec)
(Rewriting... 0.14 sec)
(Math Parsing 222 formulae ......
Warning:not_parsed:UNKNOWN.POSTSUPERSCRIPT>CLOSE MathParser failed to match rule 'Anything'
	at 0302184.tex; line 301 col 71 - line 301 col 85
	In "$H^{(3)})(\eta)$"
	H[[UNKNOWN]] ^{(3)}[[POSTSUPERSCRIPT]]
	        > )[[CLOSE]] ([[OPEN]] η[[UNKNOWN]] )[[CLOSE]]
Warning:not_parsed:UNKNOWN.POSTSUPERSCRIPT.UNKNOWN>OPEN MathParser failed to match rule 'Anything'
	at 0302184.tex; line 461 col 9 - line 461 col 9
	In "$\displaystyle\langle 0^{(1)},\eta_{0}|\hat{h}(\vec{x},\eta)\hat{h}(\vec{y},%
	\eta)|\eta_{0},0^{(1)}\rangle=\frac{\ell_{\rm P}^{2}}{4\pi^{3}}\int d^{3}k\int
	d%
	^{3}p\biggl{[}A_{k}(\eta,\eta_{0})A_{p}(\eta,\eta_{0})\langle\hat{\Psi}_{\vec{%
	k}}(\eta_{0})\hat{\Psi}_{\vec{p}}(\eta_{0})\rangle\@@ENDINLINEMATH"
	\langle[[OPEN]] 0[[NUMBER]] ^{(1)}[[POSTSUPERSCRIPT]] ,[[PUNCT]] η[[UNKNOWN]] _{0}[[POSTSUBSCRIPT]] |[[VERTBAR]] \hat{h}[[UNKNOWN]] ([[OPEN]] \vec{x}[[UNKNOWN]] ,[[PUNCT]] η[[UNKNOWN]] )[[CLOSE]] \hat{h}[[UNKNOWN]] ([[OPEN]] \vec{y}[[UNKNOWN]] ,[[PUNCT]] η[[UNKNOWN]] )[[CLOSE]] |[[VERTBAR]] η[[UNKNOWN]] _{0}[[POSTSUBSCRIPT]] ,[[PUNCT]] 0[[NUMBER]] ^{(1)}[[POSTSUPERSCRIPT]] \rangle[[CLOSE]] =[[RELOP]] \frac{\ell_{\rmP}^{2}}{4\pi^{3}}[[UNKNOWN]] ∫[[INTOP]] d[[UNKNOWN]] ^{3}[[POSTSUPERSCRIPT]] k[[UNKNOWN]] ∫[[INTOP]] d[[UNKNOWN]] ^{3}[[POSTSUPERSCRIPT]] p[[UNKNOWN]]
	        > [[[OPEN]] A[[UNKNOWN]] _{k}[[POSTSUBSCRIPT]] ([[OPEN]] η[[UNKNOWN]] ,[[PUNCT]] η[[UNKNOWN]] _{0}[[POSTSUBSCRIPT]] )[[CLOSE]] A[[UNKNOWN]] _{p}[[POSTSUBSCRIPT]] ([[OPEN]] η[[UNKNOWN]] ,[[PUNCT]] η[[UNKNOWN]] _{0}[[POSTSUBSCRIPT]] )[[CLOSE]] \langle[[OPEN]] \hat{\Psi}[[UNKNOWN]] _{\vec{k}}[[POSTSUBSCRIPT]] ([[OPEN]] η[[UNKNOWN]] _{0}[[POSTSUBSCRIPT]] )[[CLOSE]] \hat{\Psi}[[UNKNOWN]] _{\vec{p}}[[POSTSUBSCRIPT]] ([[OPEN]] η[[UNKNOWN]] _{0}[[POSTSUBSCRIPT]] )[[CLOSE]] \rangle[[CLOSE]]
Warning:not_parsed:UNKNOWN.POSTSUPERSCRIPT.UNKNOWN>OPEN MathParser failed to match rule 'Anything'
	at 0302184.tex; line 461 col 9 - line 465 col 1
	In "$\displaystyle\langle 0^{(1)},\eta_{0}|\hat{h}(\vec{x},\eta)\hat{h}(\vec{y},%
	\eta)|\eta_{0},0^{(1)}\rangle=\frac{\ell_{\rm P}^{2}}{4\pi^{3}}\int d^{3}k\int
	d%
	^{3}p\biggl{[}A_{k}(\eta,\eta_{0})A_{p}(\eta,\eta_{0})\langle\hat{\Psi}_{\vec{%
	k}}(\eta_{0})\hat{\Psi}_{\vec{p}}(\eta_{0})\rangle$"
	\langle[[OPEN]] 0[[NUMBER]] ^{(1)}[[POSTSUPERSCRIPT]] ,[[PUNCT]] η[[UNKNOWN]] _{0}[[POSTSUBSCRIPT]] |[[VERTBAR]] \hat{h}[[UNKNOWN]] ([[OPEN]] \vec{x}[[UNKNOWN]] ,[[PUNCT]] η[[UNKNOWN]] )[[CLOSE]] \hat{h}[[UNKNOWN]] ([[OPEN]] \vec{y}[[UNKNOWN]] ,[[PUNCT]] η[[UNKNOWN]] )[[CLOSE]] |[[VERTBAR]] η[[UNKNOWN]] _{0}[[POSTSUBSCRIPT]] ,[[PUNCT]] 0[[NUMBER]] ^{(1)}[[POSTSUPERSCRIPT]] \rangle[[CLOSE]] =[[RELOP]] \frac{\ell_{\rmP}^{2}}{4\pi^{3}}[[UNKNOWN]] ∫[[INTOP]] d[[UNKNOWN]] ^{3}[[POSTSUPERSCRIPT]] k[[UNKNOWN]] ∫[[INTOP]] d[[UNKNOWN]] ^{3}[[POSTSUPERSCRIPT]] p[[UNKNOWN]]
	        > [[[OPEN]] A[[UNKNOWN]] _{k}[[POSTSUBSCRIPT]] ([[OPEN]] η[[UNKNOWN]] ,[[PUNCT]] η[[UNKNOWN]] _{0}[[POSTSUBSCRIPT]] )[[CLOSE]] A[[UNKNOWN]] _{p}[[POSTSUBSCRIPT]] ([[OPEN]] η[[UNKNOWN]] ,[[PUNCT]] η[[UNKNOWN]] _{0}[[POSTSUBSCRIPT]] )[[CLOSE]] \langle[[OPEN]] \hat{\Psi}[[UNKNOWN]] _{\vec{k}}[[POSTSUBSCRIPT]] ([[OPEN]] η[[UNKNOWN]] _{0}[[POSTSUBSCRIPT]] )[[CLOSE]] \hat{\Psi}[[UNKNOWN]] _{\vec{p}}[[POSTSUBSCRIPT]] ([[OPEN]] η[[UNKNOWN]] _{0}[[POSTSUBSCRIPT]] )[[CLOSE]] \rangle[[CLOSE]]
Warning:not_parsed:POSTSUBSCRIPT.CLOSE.CLOSE>CLOSE MathParser failed to match rule 'Anything'
	at 0302184.tex; line 471 col 3 - line 471 col 3
	In "$\displaystyle+A_{k}(\eta,\eta_{0})B_{p}(\eta,\eta_{0})\langle\hat{\Psi}_{\vec%
	{k}}(\eta_{0})\hat{\Pi}_{\vec{p}}(\eta_{0})\rangle\biggr{]}e^{-i(\vec{k}\cdot%
	\vec{x}+\vec{p}\cdot\vec{y})}.\@@ENDINLINEMATH"
	+[[ADDOP]] A[[UNKNOWN]] _{k}[[POSTSUBSCRIPT]] ([[OPEN]] η[[UNKNOWN]] ,[[PUNCT]] η[[UNKNOWN]] _{0}[[POSTSUBSCRIPT]] )[[CLOSE]] B[[UNKNOWN]] _{p}[[POSTSUBSCRIPT]] ([[OPEN]] η[[UNKNOWN]] ,[[PUNCT]] η[[UNKNOWN]] _{0}[[POSTSUBSCRIPT]] )[[CLOSE]] \langle[[OPEN]] \hat{\Psi}[[UNKNOWN]] _{\vec{k}}[[POSTSUBSCRIPT]] ([[OPEN]] η[[UNKNOWN]] _{0}[[POSTSUBSCRIPT]] )[[CLOSE]] \hat{\Pi}[[UNKNOWN]] _{\vec{p}}[[POSTSUBSCRIPT]] ([[OPEN]] η[[UNKNOWN]] _{0}[[POSTSUBSCRIPT]] )[[CLOSE]] \rangle[[CLOSE]]
	        > ][[CLOSE]] e[[UNKNOWN]] ^{-i(\vec{k}\cdot\vec{x}+\vec{p}\cdot\vec{y})}[[POSTSUPERSCRIPT]]
Warning:not_parsed:POSTSUBSCRIPT.CLOSE.CLOSE>CLOSE MathParser failed to match rule 'Anything'
	at 0302184.tex; line 471 col 3 - line 474 col 14
	In "$\displaystyle+A_{k}(\eta,\eta_{0})B_{p}(\eta,\eta_{0})\langle\hat{\Psi}_{\vec%
	{k}}(\eta_{0})\hat{\Pi}_{\vec{p}}(\eta_{0})\rangle\biggr{]}e^{-i(\vec{k}\cdot%
	\vec{x}+\vec{p}\cdot\vec{y})}.$"
	+[[ADDOP]] A[[UNKNOWN]] _{k}[[POSTSUBSCRIPT]] ([[OPEN]] η[[UNKNOWN]] ,[[PUNCT]] η[[UNKNOWN]] _{0}[[POSTSUBSCRIPT]] )[[CLOSE]] B[[UNKNOWN]] _{p}[[POSTSUBSCRIPT]] ([[OPEN]] η[[UNKNOWN]] ,[[PUNCT]] η[[UNKNOWN]] _{0}[[POSTSUBSCRIPT]] )[[CLOSE]] \langle[[OPEN]] \hat{\Psi}[[UNKNOWN]] _{\vec{k}}[[POSTSUBSCRIPT]] ([[OPEN]] η[[UNKNOWN]] _{0}[[POSTSUBSCRIPT]] )[[CLOSE]] \hat{\Pi}[[UNKNOWN]] _{\vec{p}}[[POSTSUBSCRIPT]] ([[OPEN]] η[[UNKNOWN]] _{0}[[POSTSUBSCRIPT]] )[[CLOSE]] \rangle[[CLOSE]]
	        > ][[CLOSE]] e[[UNKNOWN]] ^{-i(\vec{k}\cdot\vec{x}+\vec{p}\cdot\vec{y})}[[POSTSUPERSCRIPT]]
 14.12 sec)
Math parsing succeeded:
   ltx:XMath: 217/222
   ltx:XMArg: 1154/1154
Symbols assumed as simple identifiers (with # of occurences):
   'A{italic}' (18), 'B{italic}' (14), 'C{italic}' (4), 'D{caligraphic}' (3), 'D{italic}' (4), 'F{caligraphic}' (4), 'F{italic}' (5), 'Gamma' (3), 'G{italic}' (1), 'H{caligraphic}' (11), 'H{italic}' (52), 'Lambda' (10), 'L{caligraphic}' (3), 'M{italic}' (13), 'N{caligraphic}' (5), 'N{italic}' (1), 'O{caligraphic}' (2), 'O{italic}' (1), 'Phi' (6), 'Pi' (3), 'Psi' (5), 'Q{italic}' (2), 'S{italic}' (1), 'a{italic}' (32), 'beta' (30), 'delta' (13), 'd{italic}' (33), 'ell' (8), 'eta' (278), 'exp' (1), 'e{italic}' (14), 'f{italic}' (27), 'gamma' (7), 'g{italic}' (27), 'h{italic}' (3), 'i{italic}' (23), 'k{italic}' (65), 'l{italic}' (1), 'mu' (12), 'nu' (2), 'omega' (10), 'pi' (32), 'psi' (39), 'p{italic}' (8), 'r{italic}' (2), 's{italic}' (1), 't{italic}' (16), 'x{italic}' (63), 'y{italic}' (3)
Set MATHPARSER_SPECULATE to speculate on possible notations.
(Finalizing... 1.20 sec)
Conversion complete 5 warnings (See /home/user/latex-in-arxiv/0302184.latexml.log) (reqd. 26.24s)
