latexml (LaTeXML version 0.8.6) processing 2003/0303224.tex
(Digesting TeX 0303224...
(Loading /usr/share/perl5/LaTeXML/Package/TeX.pool.ltxml...
(Loading /usr/share/perl5/LaTeXML/Package/eTeX.pool.ltxml... 0.00 sec)
(Loading /usr/share/perl5/LaTeXML/Package/pdfTeX.pool.ltxml... 0.01 sec) 0.13 sec)
(Processing content /home/user/latex-in-arxiv/2003/0303224.tex...
(Loading /usr/share/perl5/LaTeXML/Package/LaTeX.pool.ltxml...
(Loading /usr/share/perl5/LaTeXML/Package/textcomp.sty.ltxml...
(Processing definitions /usr/share/texlive/texmf-dist/tex/latex-dev/base/ts1enc.dfu... 0.04 sec) 1.42 sec) 1.62 sec)
Info:unexpected:\documentstyle Entering LaTeX 2.09 Compatibility mode
	at 0303224.tex; line 5 col 0 - line 5 col 36
(Loading /usr/share/perl5/LaTeXML/Package/article.cls.ltxml... 0.02 sec)
(Loading /usr/share/perl5/LaTeXML/Package/revtex.sty.ltxml...
(Loading /usr/share/perl5/LaTeXML/Package/natbib.sty.ltxml... 0.03 sec)
(Loading /usr/share/perl5/LaTeXML/Package/revtex3_support.sty.ltxml...
(Loading /usr/share/perl5/LaTeXML/Package/revtex4_support.sty.ltxml...
(Loading /usr/share/perl5/LaTeXML/Package/hyperref.sty.ltxml...
(Loading /usr/share/perl5/LaTeXML/Package/keyval.sty.ltxml...
(Processing definitions /usr/share/texlive/texmf-dist/tex/latex-dev/graphics/keyval.sty... 0.02 sec) 0.03 sec)
(Loading /usr/share/perl5/LaTeXML/Package/nameref.sty.ltxml... 0.00 sec)
(Loading /usr/share/perl5/LaTeXML/Package/url.sty.ltxml... 0.00 sec) 0.11 sec)
(Loading /usr/share/perl5/LaTeXML/Package/revsymb.sty.ltxml... 0.00 sec)
(Loading /usr/share/perl5/LaTeXML/Package/longtable.sty.ltxml... 0.00 sec)
(Loading /usr/share/perl5/LaTeXML/Package/dcolumn.sty.ltxml...
(Loading /usr/share/perl5/LaTeXML/Package/array.sty.ltxml... 0.00 sec) 0.01 sec) 0.21 sec) 0.22 sec) 0.26 sec)
Info:unexpected:preprint Unexpected option 'preprint' passed to revtex.cls
	at 0303224.tex; line 6 col 6 - line 6 col 6
Info:unexpected:aps Unexpected option 'aps' passed to revtex.cls
	at 0303224.tex; line 6 col 6 - line 6 col 6
Info:note:OmniBus Loading OmniBus class to attempt to cover missing options
	at 0303224.tex; line 6 col 6 - line 6 col 6
(Loading /usr/share/perl5/LaTeXML/Package/OmniBus.cls.ltxml...
(Loading /usr/share/perl5/LaTeXML/Package/inst_support.sty.ltxml... 0.00 sec)
(Loading /usr/share/perl5/LaTeXML/Package/epsf.sty.ltxml... 0.01 sec)
(Loading /usr/share/perl5/LaTeXML/Package/graphicx.sty.ltxml...
(Loading /usr/share/perl5/LaTeXML/Package/graphics.sty.ltxml... 0.01 sec) 0.05 sec)
(Loading /usr/share/perl5/LaTeXML/Package/aas_macros.sty.ltxml... 0.00 sec) 0.11 sec) 7.50 sec) 7.66 sec)
(Building...
(Loading compiled schema /usr/share/perl5/LaTeXML/resources/RelaxNG/LaTeXML.model... 0.01 sec) 5.63 sec)
(Rewriting... 0.30 sec)
(Math Parsing 448 formulae ......
Warning:not_parsed:UNKNOWN.PUNCT.UNKNOWN>RELOP MathParser failed to match rule 'Anything'
	at 0303224.tex; line 93 col 70 - line 93 col 102
	In "$a,b\in\{0,1,2,3,5,\cdots\d{\}}$"
	a[[UNKNOWN]] ,[[PUNCT]] b[[UNKNOWN]]
	        > ∈[[RELOP]] \{[[OPEN]] 0[[NUMBER]] ,[[PUNCT]] 1[[NUMBER]] ,[[PUNCT]] 2[[NUMBER]] ,[[PUNCT]] 3[[NUMBER]] ,[[PUNCT]] 5[[NUMBER]] ,[[PUNCT]] ⋯[[ID]] \d{\}}[[UNKNOWN]]
Warning:not_parsed:UNKNOWN.PUNCT.UNKNOWN>PUNCT MathParser failed to match rule 'Anything'
	at 0303224.tex; line 112 col 0 - line 115 col 14
	In "\begin{equation}\{\gamma^{a},\gamma^{b}\}_{+}=I\;\;2\eta^{ab},\quad{\rm for}%
	\quad a,b\quad\in\{0,1,2,3,5,\cdots,d\},\end{equation}"
	\{[[OPEN]] γ[[UNKNOWN]] ^{a}[[POSTSUPERSCRIPT]] ,[[PUNCT]] γ[[UNKNOWN]] ^{b}[[POSTSUPERSCRIPT]] \}[[CLOSE]] _{+}[[POSTSUBSCRIPT]] =[[RELOP]] I[[UNKNOWN]]   2[[NUMBER]] η[[UNKNOWN]] ^{ab}[[POSTSUPERSCRIPT]] ,[[PUNCT]] for[[UNKNOWN]] \begin{equation}\{\gamma^{a},\gamma^{b}\}_{+}=I\;\;2\eta^{ab},\quad{\rmfor}\quada,b\quad\in\{0,1,2,3,5,\cdots,d\},\end{equation}[[PUNCT]] a[[UNKNOWN]] ,[[PUNCT]] b[[UNKNOWN]]
	        > \begin{equation}\{\gamma^{a},\gamma^{b}\}_{+}=I\;\;2\eta^{ab},\quad{\rmfor}\quada,b\quad\in\{0,1,2,3,5,\cdots,d\},\end{equation}[[PUNCT]] ∈[[RELOP]] \{[[OPEN]] 0[[NUMBER]] ,[[PUNCT]] 1[[NUMBER]] ,[[PUNCT]] 2[[NUMBER]] ,[[PUNCT]] 3[[NUMBER]] ,[[PUNCT]] 5[[NUMBER]] ,[[PUNCT]] ⋯[[ID]] ,[[PUNCT]] d[[UNKNOWN]] \}[[CLOSE]]
Warning:not_parsed:UNKNOWN>METARELOP MathParser failed to match rule 'Anything'
	at 0303224.tex; line 164 col 6 - line 164 col 6
	In "$\displaystyle\Gamma:=(i)^{d/2}\;\;\;\;\;\;\prod_{a}\quad(\sqrt{\eta^{aa}}%
	\gamma^{a}),\quad{\rm if}\quad d=2n,\@@ENDINLINEMATH"
	Γ[[UNKNOWN]]
	        > :[[METARELOP]] =[[RELOP]] ([[OPEN]] i[[UNKNOWN]] )[[CLOSE]] ^{d/2}[[POSTSUPERSCRIPT]] $\displaystyle\Gamma:=(i)^{d/2}\;\;\;\;\;\;\prod_{a}\quad(\sqrt{\eta^{aa}}\gamma^{a}),\quad{\rmif}\quadd=2n,\@@ENDINLINEMATH[[PUNCT]] ∏[[SUMOP]] _{a}[[POSTSUBSCRIPT]] $\displaystyle\Gamma:=(i)^{d/2}\;\;\;\;\;\;\prod_{a}\quad(\sqrt{\eta^{aa}}\gamma^{a}),\quad{\rmif}\quadd=2n,\@@ENDINLINEMATH[[PUNCT]] ([[OPEN]] \sqrt{\eta^{aa}}[[UNKNOWN]] γ[[UNKNOWN]] ^{a}[[POSTSUPERSCRIPT]] )[[CLOSE]] ,[[PUNCT]] if[[UNKNOWN]] $\displaystyle\Gamma:=(i)^{d/2}\;\;\;\;\;\;\prod_{a}\quad(\sqrt{\eta^{aa}}\gamma^{a}),\quad{\rmif}\quadd=2n,\@@ENDINLINEMATH[[PUNCT]] d[[UNKNOWN]] =[[RELOP]] 2[[NUMBER]] n[[UNKNOWN]]
Warning:not_parsed:UNKNOWN>METARELOP MathParser failed to match rule 'Anything'
	at 0303224.tex; line 166 col 6 - line 166 col 6
	In "$\displaystyle\Gamma:=(i)^{(d-1)/2}\;\prod_{a}\quad(\sqrt{\eta^{aa}}\gamma^{a}%
	),\quad{\rm if}\quad d=2n+1,\@@ENDINLINEMATH"
	Γ[[UNKNOWN]]
	        > :[[METARELOP]] =[[RELOP]] ([[OPEN]] i[[UNKNOWN]] )[[CLOSE]] ^{(d-1)/2}[[POSTSUPERSCRIPT]] ∏[[SUMOP]] _{a}[[POSTSUBSCRIPT]] $\displaystyle\Gamma:=(i)^{(d-1)/2}\;\prod_{a}\quad(\sqrt{\eta^{aa}}\gamma^{a}),\quad{\rmif}\quadd=2n+1,\@@ENDINLINEMATH[[PUNCT]] ([[OPEN]] \sqrt{\eta^{aa}}[[UNKNOWN]] γ[[UNKNOWN]] ^{a}[[POSTSUPERSCRIPT]] )[[CLOSE]] ,[[PUNCT]] if[[UNKNOWN]] $\displaystyle\Gamma:=(i)^{(d-1)/2}\;\prod_{a}\quad(\sqrt{\eta^{aa}}\gamma^{a}),\quad{\rmif}\quadd=2n+1,\@@ENDINLINEMATH[[PUNCT]] d[[UNKNOWN]] =[[RELOP]] 2[[NUMBER]] n[[UNKNOWN]] +[[ADDOP]] 1[[NUMBER]]
Warning:not_parsed:RELOP.METARELOP.RELOP>ATOM MathParser failed to match rule 'Anything'
	at 0303224.tex; line 185 col 18 - line 185 col 18
	In "$\displaystyle\stackrel{{\scriptstyle ab}}{{(k)}}:=\frac{1}{2}(\gamma^{a}+%
	\frac{\eta^{aa}}{ik}\gamma^{b}),\@@ENDINLINEMATH"
	\stackrel{{\scriptstyleab}}{{(k)}}[[RELOP]] :[[METARELOP]] =[[RELOP]]
	        > \frac{1}{2}[[UNKNOWN]] ([[OPEN]] γ[[UNKNOWN]] ^{a}[[POSTSUPERSCRIPT]] +[[ADDOP]] \frac{\eta^{aa}}{ik}[[UNKNOWN]] γ[[UNKNOWN]] ^{b}[[POSTSUPERSCRIPT]] )[[CLOSE]]
Warning:not_parsed:RELOP.METARELOP.RELOP>ATOM MathParser failed to match rule 'Anything'
	at 0303224.tex; line 187 col 18 - line 187 col 18
	In "$\displaystyle\stackrel{{\scriptstyle ab}}{{[k]}}:=\frac{1}{2}(1+\frac{i}{k}%
	\gamma^{a}\gamma^{b}),\@@ENDINLINEMATH"
	\stackrel{{\scriptstyleab}}{{[k]}}[[RELOP]] :[[METARELOP]] =[[RELOP]]
	        > \frac{1}{2}[[UNKNOWN]] ([[OPEN]] 1[[NUMBER]] +[[ADDOP]] \frac{i}{k}[[UNKNOWN]] γ[[UNKNOWN]] ^{a}[[POSTSUPERSCRIPT]] γ[[UNKNOWN]] ^{b}[[POSTSUPERSCRIPT]] )[[CLOSE]]
Warning:not_parsed:RELOP.METARELOP.RELOP>ATOM MathParser failed to match rule 'Anything'
	at 0303224.tex; line 189 col 19 - line 189 col 19
	In "$\displaystyle\stackrel{{\scriptstyle+}}{{\circ}}:=\frac{1}{2}(1+\Gamma),\@@ENDINLINEMATH"
	\stackrel{{\scriptstyle+}}{{\circ}}[[RELOP]] :[[METARELOP]] =[[RELOP]]
	        > \frac{1}{2}[[UNKNOWN]] ([[OPEN]] 1[[NUMBER]] +[[ADDOP]] Γ[[UNKNOWN]] )[[CLOSE]]
Warning:not_parsed:RELOP.METARELOP.RELOP>ATOM MathParser failed to match rule 'Anything'
	at 0303224.tex; line 190 col 21 - line 190 col 21
	In "$\displaystyle\stackrel{{\scriptstyle-}}{{\bullet}}:=\frac{1}{2}(1-\Gamma),\@@ENDINLINEMATH"
	\stackrel{{\scriptstyle-}}{{\bullet}}[[RELOP]] :[[METARELOP]] =[[RELOP]]
	        > \frac{1}{2}[[UNKNOWN]] ([[OPEN]] 1[[NUMBER]] -[[ADDOP]] Γ[[UNKNOWN]] )[[CLOSE]]
Warning:not_parsed:UNKNOWN.POSTSUPERSCRIPT>RELOP MathParser failed to match rule 'Anything'
	at 0303224.tex; line 202 col 1 - line 202 col 1
	In "$\displaystyle S^{ab}\stackrel{{\scriptstyle ab}}{{(k)}}=\frac{1}{2}k\stackrel%
	{{\scriptstyle ab}}{{(k)}},\@@ENDINLINEMATH"
	S[[UNKNOWN]] ^{ab}[[POSTSUPERSCRIPT]]
	        > \stackrel{{\scriptstyleab}}{{(k)}}[[RELOP]] =[[RELOP]] \frac{1}{2}[[UNKNOWN]] k[[UNKNOWN]] \stackrel{{\scriptstyleab}}{{(k)}}[[RELOP]]
Warning:not_parsed:UNKNOWN.POSTSUPERSCRIPT>RELOP MathParser failed to match rule 'Anything'
	at 0303224.tex; line 202 col 1 - line 203 col 1
	In "$\displaystyle S^{ab}\stackrel{{\scriptstyle ab}}{{(k)}}=\frac{1}{2}k\stackrel%
	{{\scriptstyle ab}}{{(k)}},$"
	S[[UNKNOWN]] ^{ab}[[POSTSUPERSCRIPT]]
	        > \stackrel{{\scriptstyleab}}{{(k)}}[[RELOP]] =[[RELOP]] \frac{1}{2}[[UNKNOWN]] k[[UNKNOWN]] \stackrel{{\scriptstyleab}}{{(k)}}[[RELOP]]
Warning:not_parsed:UNKNOWN.POSTSUPERSCRIPT>RELOP MathParser failed to match rule 'Anything'
	at 0303224.tex; line 203 col 1 - line 203 col 1
	In "$\displaystyle S^{ab}\stackrel{{\scriptstyle ab}}{{[k]}}=\frac{1}{2}k\stackrel%
	{{\scriptstyle ab}}{{[k]}},\@@ENDINLINEMATH"
	S[[UNKNOWN]] ^{ab}[[POSTSUPERSCRIPT]]
	        > \stackrel{{\scriptstyleab}}{{[k]}}[[RELOP]] =[[RELOP]] \frac{1}{2}[[UNKNOWN]] k[[UNKNOWN]] \stackrel{{\scriptstyleab}}{{[k]}}[[RELOP]]
Warning:not_parsed:UNKNOWN.POSTSUPERSCRIPT>RELOP MathParser failed to match rule 'Anything'
	at 0303224.tex; line 203 col 1 - line 205 col 14
	In "$\displaystyle S^{ab}\stackrel{{\scriptstyle ab}}{{[k]}}=\frac{1}{2}k\stackrel%
	{{\scriptstyle ab}}{{[k]}},$"
	S[[UNKNOWN]] ^{ab}[[POSTSUPERSCRIPT]]
	        > \stackrel{{\scriptstyleab}}{{[k]}}[[RELOP]] =[[RELOP]] \frac{1}{2}[[UNKNOWN]] k[[UNKNOWN]] \stackrel{{\scriptstyleab}}{{[k]}}[[RELOP]]
Warning:not_parsed:UNKNOWN.POSTSUPERSCRIPT>RELOP MathParser failed to match rule 'Anything'
	at 0303224.tex; line 216 col 6 - line 216 col 6
	In "$\displaystyle\gamma^{a}\stackrel{{\scriptstyle ab}}{{(k)}}=\eta^{aa}\stackrel%
	{{\scriptstyle ab}}{{[-k]}},\@@ENDINLINEMATH"
	γ[[UNKNOWN]] ^{a}[[POSTSUPERSCRIPT]]
	        > \stackrel{{\scriptstyleab}}{{(k)}}[[RELOP]] =[[RELOP]] η[[UNKNOWN]] ^{aa}[[POSTSUPERSCRIPT]] \stackrel{{\scriptstyleab}}{{[-k]}}[[RELOP]]
Warning:not_parsed:UNKNOWN.POSTSUPERSCRIPT>RELOP MathParser failed to match rule 'Anything'
	at 0303224.tex; line 217 col 6 - line 217 col 6
	In "$\displaystyle\gamma^{b}\stackrel{{\scriptstyle ab}}{{(k)}}=-ik\stackrel{{%
	\scriptstyle ab}}{{[-k]}},\@@ENDINLINEMATH"
	γ[[UNKNOWN]] ^{b}[[POSTSUPERSCRIPT]]
	        > \stackrel{{\scriptstyleab}}{{(k)}}[[RELOP]] =[[RELOP]] -[[ADDOP]] i[[UNKNOWN]] k[[UNKNOWN]] \stackrel{{\scriptstyleab}}{{[-k]}}[[RELOP]]
Warning:not_parsed:UNKNOWN.POSTSUPERSCRIPT>RELOP MathParser failed to match rule 'Anything'
	at 0303224.tex; line 218 col 6 - line 218 col 6
	In "$\displaystyle\gamma^{a}\stackrel{{\scriptstyle ab}}{{[k]}}=\stackrel{{%
	\scriptstyle ab}}{{(-k)}},\@@ENDINLINEMATH"
	γ[[UNKNOWN]] ^{a}[[POSTSUPERSCRIPT]]
	        > \stackrel{{\scriptstyleab}}{{[k]}}[[RELOP]] =[[RELOP]] \stackrel{{\scriptstyleab}}{{(-k)}}[[RELOP]]
Warning:not_parsed:UNKNOWN.POSTSUPERSCRIPT>RELOP MathParser failed to match rule 'Anything'
	at 0303224.tex; line 219 col 6 - line 219 col 6
	In "$\displaystyle\gamma^{b}\stackrel{{\scriptstyle ab}}{{[k]}}=-ik\eta^{aa}%
	\stackrel{{\scriptstyle ab}}{{(-k)}}\@@ENDINLINEMATH"
	γ[[UNKNOWN]] ^{b}[[POSTSUPERSCRIPT]]
	        > \stackrel{{\scriptstyleab}}{{[k]}}[[RELOP]] =[[RELOP]] -[[ADDOP]] i[[UNKNOWN]] k[[UNKNOWN]] η[[UNKNOWN]] ^{aa}[[POSTSUPERSCRIPT]] \stackrel{{\scriptstyleab}}{{(-k)}}[[RELOP]]
Warning:not_parsed:UNKNOWN.POSTSUPERSCRIPT>RELOP MathParser failed to match rule 'Anything'
	at 0303224.tex; line 225 col 0 - line 234 col 1
	In "$S^{ac}\stackrel{{\scriptstyle ab}}{{(k)}}\stackrel{{\scriptstyle cd}}{{(k)}}=%
	-\frac{i}{2}\eta^{aa}\eta^{cc}\stackrel{{\scriptstyle ab}}{{[-k]}}\stackrel{{%
	\scriptstyle cd}}{{[-k]}},S^{ac}\stackrel{{\scriptstyle ab}}{{[k]}}\stackrel{{%
	\scriptstyle cd}}{{[k]}}=\frac{i}{2}\stackrel{{\scriptstyle ab}}{{(-k)}}%
	\stackrel{{\scriptstyle cd}}{{(-k)}},S^{ac}\stackrel{{\scriptstyle ab}}{{(k)}}%
	\stackrel{{\scriptstyle cd}}{{[k]}}=-\frac{i}{2}\eta^{aa}\stackrel{{%
	\scriptstyle ab}}{{[-k]}}\stackrel{{\scriptstyle cd}}{{(-k)}},S^{ac}\stackrel{%
	{\scriptstyle ab}}{{[k]}}\stackrel{{\scriptstyle cd}}{{(k)}}=\frac{i}{2}\eta^{%
	cc}\stackrel{{\scriptstyle ab}}{{(-k)}}\stackrel{{\scriptstyle cd}}{{[-k]}}.$"
	S[[UNKNOWN]] ^{ac}[[POSTSUPERSCRIPT]]
	        > \stackrel{{\scriptstyleab}}{{(k)}}[[RELOP]] \stackrel{{\scriptstylecd}}{{(k)}}[[RELOP]] =[[RELOP]] -[[ADDOP]] \frac{i}{2}[[UNKNOWN]] η[[UNKNOWN]] ^{aa}[[POSTSUPERSCRIPT]] η[[UNKNOWN]] ^{cc}[[POSTSUPERSCRIPT]] \stackrel{{\scriptstyleab}}{{[-k]}}[[RELOP]] \stackrel{{\scriptstylecd}}{{[-k]}}[[RELOP]] ,[[PUNCT]] S[[UNKNOWN]] ^{ac}[[POSTSUPERSCRIPT]] \stackrel{{\scriptstyleab}}{{[k]}}[[RELOP]] \stackrel{{\scriptstylecd}}{{[k]}}[[RELOP]] =[[RELOP]] \frac{i}{2}[[UNKNOWN]] \stackrel{{\scriptstyleab}}{{(-k)}}[[RELOP]] \stackrel{{\scriptstylecd}}{{(-k)}}[[RELOP]] ,[[PUNCT]] S[[UNKNOWN]] ^{ac}[[POSTSUPERSCRIPT]] \stackrel{{\scriptstyleab}}{{(k)}}[[RELOP]] \stackrel{{\scriptstylecd}}{{[k]}}[[RELOP]] =[[RELOP]] -[[ADDOP]] \frac{i}{2}[[UNKNOWN]] η[[UNKNOWN]] ^{aa}[[POSTSUPERSCRIPT]] \stackrel{{\scriptstyleab}}{{[-k]}}[[RELOP]] \stackrel{{\scriptstylecd}}{{(-k)}}[[RELOP]] ,[[PUNCT]] S[[UNKNOWN]] ^{ac}[[POSTSUPERSCRIPT]] \stackrel{{\scriptstyleab}}{{[k]}}[[RELOP]] \stackrel{{\scriptstylecd}}{{(k)}}[[RELOP]] =[[RELOP]] \frac{i}{2}[[UNKNOWN]] η[[UNKNOWN]] ^{cc}[[POSTSUPERSCRIPT]] \stackrel{{\scriptstyleab}}{{(-k)}}[[RELOP]] \stackrel{{\scriptstylecd}}{{[-k]}}[[RELOP]]
Warning:not_parsed:RELOP.POSTSUPERSCRIPT.RELOP>UNKNOWN MathParser failed to match rule 'Anything'
	at 0303224.tex; line 239 col 18 - line 239 col 18
	In "$\displaystyle\stackrel{{\scriptstyle ab}}{{(k)}}^{\dagger}=\eta^{aa}\stackrel%
	{{\scriptstyle ab}}{{(-k)}},\quad\stackrel{{\scriptstyle ab}}{{[k]}}^{\dagger}%
	=\stackrel{{\scriptstyle ab}}{{[k]}},\@@ENDINLINEMATH"
	\stackrel{{\scriptstyleab}}{{(k)}}[[RELOP]] ^{\dagger}[[POSTSUPERSCRIPT]] =[[RELOP]]
	        > η[[UNKNOWN]] ^{aa}[[POSTSUPERSCRIPT]] \stackrel{{\scriptstyleab}}{{(-k)}}[[RELOP]] ,[[PUNCT]] \stackrel{{\scriptstyleab}}{{[k]}}[[RELOP]] ^{\dagger}[[POSTSUPERSCRIPT]] =[[RELOP]] \stackrel{{\scriptstyleab}}{{[k]}}[[RELOP]]
Warning:not_parsed:RELOP.POSTSUPERSCRIPT.RELOP>UNKNOWN MathParser failed to match rule 'Anything'
	at 0303224.tex; line 239 col 18 - line 242 col 14
	In "$\displaystyle\stackrel{{\scriptstyle ab}}{{(k)}}^{\dagger}=\eta^{aa}\stackrel%
	{{\scriptstyle ab}}{{(-k)}},\quad\stackrel{{\scriptstyle ab}}{{[k]}}^{\dagger}%
	=\stackrel{{\scriptstyle ab}}{{[k]}},$"
	\stackrel{{\scriptstyleab}}{{(k)}}[[RELOP]] ^{\dagger}[[POSTSUPERSCRIPT]] =[[RELOP]]
	        > η[[UNKNOWN]] ^{aa}[[POSTSUPERSCRIPT]] \stackrel{{\scriptstyleab}}{{(-k)}}[[RELOP]] ,[[PUNCT]] \stackrel{{\scriptstyleab}}{{[k]}}[[RELOP]] ^{\dagger}[[POSTSUPERSCRIPT]] =[[RELOP]] \stackrel{{\scriptstyleab}}{{[k]}}[[RELOP]]
Warning:not_parsed:RELOP.RELOP.RELOP>NUMBER MathParser failed to match rule 'Anything'
	at 0303224.tex; line 247 col 18 - line 247 col 18
	In "$\displaystyle\stackrel{{\scriptstyle ab}}{{(k)}}\stackrel{{\scriptstyle ab}}{%
	{(k)}}=0,\quad\quad\stackrel{{\scriptstyle ab}}{{(k)}}\stackrel{{\scriptstyle
	ab%
	}}{{(-k)}}=\eta^{aa}\stackrel{{\scriptstyle ab}}{{[k]}},\quad\stackrel{{%
	\scriptstyle ab}}{{(-k)}}\stackrel{{\scriptstyle ab}}{{(k)}}=\eta^{aa}%
	\stackrel{{\scriptstyle ab}}{{[-k]}},\quad\stackrel{{\scriptstyle ab}}{{(-k)}}%
	\stackrel{{\scriptstyle ab}}{{(-k)}}=0\@@ENDINLINEMATH"
	\stackrel{{\scriptstyleab}}{{(k)}}[[RELOP]] \stackrel{{\scriptstyleab}}{{(k)}}[[RELOP]] =[[RELOP]]
	        > 0[[NUMBER]] ,[[PUNCT]] \stackrel{{\scriptstyleab}}{{(k)}}[[RELOP]] \stackrel{{\scriptstyleab}}{{(-k)}}[[RELOP]] =[[RELOP]] η[[UNKNOWN]] ^{aa}[[POSTSUPERSCRIPT]] \stackrel{{\scriptstyleab}}{{[k]}}[[RELOP]] ,[[PUNCT]] \stackrel{{\scriptstyleab}}{{(-k)}}[[RELOP]] \stackrel{{\scriptstyleab}}{{(k)}}[[RELOP]] =[[RELOP]] η[[UNKNOWN]] ^{aa}[[POSTSUPERSCRIPT]] \stackrel{{\scriptstyleab}}{{[-k]}}[[RELOP]] ,[[PUNCT]] \stackrel{{\scriptstyleab}}{{(-k)}}[[RELOP]] \stackrel{{\scriptstyleab}}{{(-k)}}[[RELOP]] =[[RELOP]] 0[[NUMBER]]
Warning:not_parsed:NUMBER>PUNCT MathParser failed to match rule 'Anything'
	at 0303224.tex; line 247 col 42 - line 251 col 9
	In "$\displaystyle 0,\quad\quad\stackrel{{\scriptstyle ab}}{{(k)}}\stackrel{{%
	\scriptstyle ab}}{{(-k)}}=\eta^{aa}\stackrel{{\scriptstyle ab}}{{[k]}},\quad%
	\stackrel{{\scriptstyle ab}}{{(-k)}}\stackrel{{\scriptstyle ab}}{{(k)}}=\eta^{%
	aa}\stackrel{{\scriptstyle ab}}{{[-k]}},\quad\stackrel{{\scriptstyle ab}}{{(-k%
	)}}\stackrel{{\scriptstyle ab}}{{(-k)}}=0$"
	0[[NUMBER]]
	        > ,[[PUNCT]] \stackrel{{\scriptstyleab}}{{(k)}}[[RELOP]] \stackrel{{\scriptstyleab}}{{(-k)}}[[RELOP]] =[[RELOP]] η[[UNKNOWN]] ^{aa}[[POSTSUPERSCRIPT]] \stackrel{{\scriptstyleab}}{{[k]}}[[RELOP]] ,[[PUNCT]] \stackrel{{\scriptstyleab}}{{(-k)}}[[RELOP]] \stackrel{{\scriptstyleab}}{{(k)}}[[RELOP]] =[[RELOP]] η[[UNKNOWN]] ^{aa}[[POSTSUPERSCRIPT]] \stackrel{{\scriptstyleab}}{{[-k]}}[[RELOP]] ,[[PUNCT]] \stackrel{{\scriptstyleab}}{{(-k)}}[[RELOP]] \stackrel{{\scriptstyleab}}{{(-k)}}[[RELOP]] =[[RELOP]] 0[[NUMBER]]
Warning:not_parsed:RELOP.RELOP.RELOP>NUMBER MathParser failed to match rule 'Anything'
	at 0303224.tex; line 251 col 18 - line 251 col 18
	In "$\displaystyle\stackrel{{\scriptstyle ab}}{{[k]}}\stackrel{{\scriptstyle ab}}{%
	{[k]}}=\stackrel{{\scriptstyle ab}}{{[k]}},\quad\quad\stackrel{{\scriptstyle ab%
	}}{{[k]}}\stackrel{{\scriptstyle ab}}{{[-k]}}=0,\;\;\quad\quad\quad\stackrel{{%
	\scriptstyle ab}}{{[-k]}}\stackrel{{\scriptstyle ab}}{{[k]}}=0,\;\;\quad\quad%
	\quad\quad\stackrel{{\scriptstyle ab}}{{[-k]}}\stackrel{{\scriptstyle ab}}{{[-%
	k]}}=\stackrel{{\scriptstyle ab}}{{[-k]}}\@@ENDINLINEMATH"
	\stackrel{{\scriptstyleab}}{{[k]}}[[RELOP]] \stackrel{{\scriptstyleab}}{{[k]}}[[RELOP]] =[[RELOP]] \stackrel{{\scriptstyleab}}{{[k]}}[[RELOP]] ,[[PUNCT]] \stackrel{{\scriptstyleab}}{{[k]}}[[RELOP]] \stackrel{{\scriptstyleab}}{{[-k]}}[[RELOP]] =[[RELOP]]
	        > 0[[NUMBER]] ,[[PUNCT]] \stackrel{{\scriptstyleab}}{{[-k]}}[[RELOP]] \stackrel{{\scriptstyleab}}{{[k]}}[[RELOP]] =[[RELOP]] 0[[NUMBER]] ,[[PUNCT]] \stackrel{{\scriptstyleab}}{{[-k]}}[[RELOP]] \stackrel{{\scriptstyleab}}{{[-k]}}[[RELOP]] =[[RELOP]] \stackrel{{\scriptstyleab}}{{[-k]}}[[RELOP]]
Warning:not_parsed:RELOP>PUNCT MathParser failed to match rule 'Anything'
	at 0303224.tex; line 251 col 59 - line 255 col 9
	In "$\displaystyle\stackrel{{\scriptstyle ab}}{{[k]}},\quad\quad\stackrel{{%
	\scriptstyle ab}}{{[k]}}\stackrel{{\scriptstyle ab}}{{[-k]}}=0,\;\;\quad\quad%
	\quad\stackrel{{\scriptstyle ab}}{{[-k]}}\stackrel{{\scriptstyle ab}}{{[k]}}=0%
	,\;\;\quad\quad\quad\quad\stackrel{{\scriptstyle ab}}{{[-k]}}\stackrel{{%
	\scriptstyle ab}}{{[-k]}}=\stackrel{{\scriptstyle ab}}{{[-k]}}$"
	\stackrel{{\scriptstyleab}}{{[k]}}[[RELOP]]
	        > ,[[PUNCT]] \stackrel{{\scriptstyleab}}{{[k]}}[[RELOP]] \stackrel{{\scriptstyleab}}{{[-k]}}[[RELOP]] =[[RELOP]] 0[[NUMBER]] ,[[PUNCT]] \stackrel{{\scriptstyleab}}{{[-k]}}[[RELOP]] \stackrel{{\scriptstyleab}}{{[k]}}[[RELOP]] =[[RELOP]] 0[[NUMBER]] ,[[PUNCT]] \stackrel{{\scriptstyleab}}{{[-k]}}[[RELOP]] \stackrel{{\scriptstyleab}}{{[-k]}}[[RELOP]] =[[RELOP]] \stackrel{{\scriptstyleab}}{{[-k]}}[[RELOP]]
Warning:not_parsed:RELOP.RELOP.RELOP>NUMBER MathParser failed to match rule 'Anything'
	at 0303224.tex; line 255 col 18 - line 255 col 18
	In "$\displaystyle\stackrel{{\scriptstyle ab}}{{(k)}}\stackrel{{\scriptstyle ab}}{%
	{[k]}}=0,\quad\quad\quad\stackrel{{\scriptstyle ab}}{{[k]}}\stackrel{{%
	\scriptstyle ab}}{{(k)}}=\stackrel{{\scriptstyle ab}}{{(k)}},\quad\quad\quad%
	\stackrel{{\scriptstyle ab}}{{(-k)}}\stackrel{{\scriptstyle ab}}{{[k]}}=%
	\stackrel{{\scriptstyle ab}}{{(-k)}},\quad\quad\quad\stackrel{{\scriptstyle ab%
	}}{{(-k)}}\stackrel{{\scriptstyle ab}}{{[-k]}}=0\@@ENDINLINEMATH"
	\stackrel{{\scriptstyleab}}{{(k)}}[[RELOP]] \stackrel{{\scriptstyleab}}{{[k]}}[[RELOP]] =[[RELOP]]
	        > 0[[NUMBER]] ,[[PUNCT]] \stackrel{{\scriptstyleab}}{{[k]}}[[RELOP]] \stackrel{{\scriptstyleab}}{{(k)}}[[RELOP]] =[[RELOP]] \stackrel{{\scriptstyleab}}{{(k)}}[[RELOP]] ,[[PUNCT]] \stackrel{{\scriptstyleab}}{{(-k)}}[[RELOP]] \stackrel{{\scriptstyleab}}{{[k]}}[[RELOP]] =[[RELOP]] \stackrel{{\scriptstyleab}}{{(-k)}}[[RELOP]] ,[[PUNCT]] \stackrel{{\scriptstyleab}}{{(-k)}}[[RELOP]] \stackrel{{\scriptstyleab}}{{[-k]}}[[RELOP]] =[[RELOP]] 0[[NUMBER]]
Warning:not_parsed:NUMBER>PUNCT MathParser failed to match rule 'Anything'
	at 0303224.tex; line 255 col 42 - line 260 col 9
	In "$\displaystyle 0,\quad\quad\quad\stackrel{{\scriptstyle ab}}{{[k]}}\stackrel{{%
	\scriptstyle ab}}{{(k)}}=\stackrel{{\scriptstyle ab}}{{(k)}},\quad\quad\quad%
	\stackrel{{\scriptstyle ab}}{{(-k)}}\stackrel{{\scriptstyle ab}}{{[k]}}=%
	\stackrel{{\scriptstyle ab}}{{(-k)}},\quad\quad\quad\stackrel{{\scriptstyle ab%
	}}{{(-k)}}\stackrel{{\scriptstyle ab}}{{[-k]}}=0$"
	0[[NUMBER]]
	        > ,[[PUNCT]] \stackrel{{\scriptstyleab}}{{[k]}}[[RELOP]] \stackrel{{\scriptstyleab}}{{(k)}}[[RELOP]] =[[RELOP]] \stackrel{{\scriptstyleab}}{{(k)}}[[RELOP]] ,[[PUNCT]] \stackrel{{\scriptstyleab}}{{(-k)}}[[RELOP]] \stackrel{{\scriptstyleab}}{{[k]}}[[RELOP]] =[[RELOP]] \stackrel{{\scriptstyleab}}{{(-k)}}[[RELOP]] ,[[PUNCT]] \stackrel{{\scriptstyleab}}{{(-k)}}[[RELOP]] \stackrel{{\scriptstyleab}}{{[-k]}}[[RELOP]] =[[RELOP]] 0[[NUMBER]]
Warning:not_parsed:RELOP.RELOP.RELOP>NUMBER MathParser failed to match rule 'Anything'
	at 0303224.tex; line 260 col 18 - line 260 col 18
	In "$\displaystyle\stackrel{{\scriptstyle ab}}{{(k)}}\stackrel{{\scriptstyle ab}}{%
	{[-k]}}=\stackrel{{\scriptstyle ab}}{{(k)}},\quad\quad\stackrel{{\scriptstyle
	ab%
	}}{{[k]}}\stackrel{{\scriptstyle ab}}{{(-k)}}=0,\quad\quad\quad\stackrel{{%
	\scriptstyle ab}}{{[-k]}}\stackrel{{\scriptstyle ab}}{{(k)}}=0,\quad\quad\quad%
	\quad\stackrel{{\scriptstyle ab}}{{[-k]}}\stackrel{{\scriptstyle ab}}{{(-k)}}=%
	\stackrel{{\scriptstyle ab}}{{(-k)}}.\@@ENDINLINEMATH"
	\stackrel{{\scriptstyleab}}{{(k)}}[[RELOP]] \stackrel{{\scriptstyleab}}{{[-k]}}[[RELOP]] =[[RELOP]] \stackrel{{\scriptstyleab}}{{(k)}}[[RELOP]] ,[[PUNCT]] \stackrel{{\scriptstyleab}}{{[k]}}[[RELOP]] \stackrel{{\scriptstyleab}}{{(-k)}}[[RELOP]] =[[RELOP]]
	        > 0[[NUMBER]] ,[[PUNCT]] \stackrel{{\scriptstyleab}}{{[-k]}}[[RELOP]] \stackrel{{\scriptstyleab}}{{(k)}}[[RELOP]] =[[RELOP]] 0[[NUMBER]] ,[[PUNCT]] \stackrel{{\scriptstyleab}}{{[-k]}}[[RELOP]] \stackrel{{\scriptstyleab}}{{(-k)}}[[RELOP]] =[[RELOP]] \stackrel{{\scriptstyleab}}{{(-k)}}[[RELOP]]
Warning:not_parsed:RELOP>PUNCT MathParser failed to match rule 'Anything'
	at 0303224.tex; line 260 col 61 - line 265 col 14
	In "$\displaystyle\stackrel{{\scriptstyle ab}}{{(k)}},\quad\quad\stackrel{{%
	\scriptstyle ab}}{{[k]}}\stackrel{{\scriptstyle ab}}{{(-k)}}=0,\quad\quad\quad%
	\stackrel{{\scriptstyle ab}}{{[-k]}}\stackrel{{\scriptstyle ab}}{{(k)}}=0,%
	\quad\quad\quad\quad\stackrel{{\scriptstyle ab}}{{[-k]}}\stackrel{{%
	\scriptstyle ab}}{{(-k)}}=\stackrel{{\scriptstyle ab}}{{(-k)}}.$"
	\stackrel{{\scriptstyleab}}{{(k)}}[[RELOP]]
	        > ,[[PUNCT]] \stackrel{{\scriptstyleab}}{{[k]}}[[RELOP]] \stackrel{{\scriptstyleab}}{{(-k)}}[[RELOP]] =[[RELOP]] 0[[NUMBER]] ,[[PUNCT]] \stackrel{{\scriptstyleab}}{{[-k]}}[[RELOP]] \stackrel{{\scriptstyleab}}{{(k)}}[[RELOP]] =[[RELOP]] 0[[NUMBER]] ,[[PUNCT]] \stackrel{{\scriptstyleab}}{{[-k]}}[[RELOP]] \stackrel{{\scriptstyleab}}{{(-k)}}[[RELOP]] =[[RELOP]] \stackrel{{\scriptstyleab}}{{(-k)}}[[RELOP]]
Warning:not_parsed:RELOP.RELOP.RELOP>NUMBER MathParser failed to match rule 'Anything'
	at 0303224.tex; line 281 col 1 - line 281 col 1
	In "$\displaystyle<\;\stackrel{{\scriptstyle ab}}{{(k)}}^{\dagger}\stackrel{{%
	\scriptstyle ab}}{{(k)}}\;>=1\@@ENDINLINEMATH"
	<[[RELOP]] \stackrel{{\scriptstyleab}}{{(k)}}[[RELOP]] ^{\dagger}[[POSTSUPERSCRIPT]] \stackrel{{\scriptstyleab}}{{(k)}}[[RELOP]] >[[RELOP]] =[[RELOP]]
	        > 1[[NUMBER]]
Warning:not_parsed:RELOP.RELOP.RELOP>NUMBER MathParser failed to match rule 'Anything'
	at 0303224.tex; line 281 col 1 - line 283 col 1
	In "$\displaystyle<\;\stackrel{{\scriptstyle ab}}{{(k)}}^{\dagger}\stackrel{{%
	\scriptstyle ab}}{{(k)}}\;>=1$"
	<[[RELOP]] \stackrel{{\scriptstyleab}}{{(k)}}[[RELOP]] ^{\dagger}[[POSTSUPERSCRIPT]] \stackrel{{\scriptstyleab}}{{(k)}}[[RELOP]] >[[RELOP]] =[[RELOP]]
	        > 1[[NUMBER]]
Warning:not_parsed:RELOP.RELOP.RELOP>NUMBER MathParser failed to match rule 'Anything'
	at 0303224.tex; line 283 col 1 - line 283 col 1
	In "$\displaystyle<\;\stackrel{{\scriptstyle ab}}{{[k]}}^{\dagger}\stackrel{{%
	\scriptstyle ab}}{{[k]}}\;>=1.\@@ENDINLINEMATH"
	<[[RELOP]] \stackrel{{\scriptstyleab}}{{[k]}}[[RELOP]] ^{\dagger}[[POSTSUPERSCRIPT]] \stackrel{{\scriptstyleab}}{{[k]}}[[RELOP]] >[[RELOP]] =[[RELOP]]
	        > 1[[NUMBER]]
Warning:not_parsed:RELOP.RELOP.RELOP>NUMBER MathParser failed to match rule 'Anything'
	at 0303224.tex; line 283 col 1 - line 286 col 14
	In "$\displaystyle<\;\stackrel{{\scriptstyle ab}}{{[k]}}^{\dagger}\stackrel{{%
	\scriptstyle ab}}{{[k]}}\;>=1.$"
	<[[RELOP]] \stackrel{{\scriptstyleab}}{{[k]}}[[RELOP]] ^{\dagger}[[POSTSUPERSCRIPT]] \stackrel{{\scriptstyleab}}{{[k]}}[[RELOP]] >[[RELOP]] =[[RELOP]]
	        > 1[[NUMBER]]
Warning:not_parsed:RELOP.RELOP.RELOP>ID MathParser failed to match rule 'Anything'
	at 0303224.tex; line 303 col 23 - line 303 col 23
	In "$\displaystyle\stackrel{{\scriptstyle 0d}}{{(k_{0d})}}\stackrel{{\scriptstyle 1%
	2}}{{(k_{12})}}\stackrel{{\scriptstyle 35}}{{(k_{35})}}\cdots\stackrel{{%
	\scriptstyle d-1\;d-2}}{{(k_{d-1\;d-2})}}\psi_{0}\@@ENDINLINEMATH"
	\stackrel{{\scriptstyle0d}}{{(k_{0d})}}[[RELOP]] \stackrel{{\scriptstyle12}}{{(k_{12})}}[[RELOP]] \stackrel{{\scriptstyle35}}{{(k_{35})}}[[RELOP]]
	        > ⋯[[ID]] \stackrel{{\scriptstyled-1\;d-2}}{{(k_{d-1\;d-2})}}[[RELOP]] ψ[[UNKNOWN]] _{0}[[POSTSUBSCRIPT]]
Warning:not_parsed:RELOP.RELOP.RELOP>ID MathParser failed to match rule 'Anything'
	at 0303224.tex; line 303 col 23 - line 305 col 9
	In "$\displaystyle\stackrel{{\scriptstyle 0d}}{{(k_{0d})}}\stackrel{{\scriptstyle 1%
	2}}{{(k_{12})}}\stackrel{{\scriptstyle 35}}{{(k_{35})}}\cdots\stackrel{{%
	\scriptstyle d-1\;d-2}}{{(k_{d-1\;d-2})}}\psi_{0}$"
	\stackrel{{\scriptstyle0d}}{{(k_{0d})}}[[RELOP]] \stackrel{{\scriptstyle12}}{{(k_{12})}}[[RELOP]] \stackrel{{\scriptstyle35}}{{(k_{35})}}[[RELOP]]
	        > ⋯[[ID]] \stackrel{{\scriptstyled-1\;d-2}}{{(k_{d-1\;d-2})}}[[RELOP]] ψ[[UNKNOWN]] _{0}[[POSTSUBSCRIPT]]
Warning:not_parsed:RELOP.RELOP.RELOP>ID MathParser failed to match rule 'Anything'
	at 0303224.tex; line 305 col 24 - line 305 col 24
	In "$\displaystyle\stackrel{{\scriptstyle 0d}}{{[-k_{0d}]}}\stackrel{{\scriptstyle
	1%
	2}}{{[-k_{12}]}}\stackrel{{\scriptstyle 35}}{{(k_{35})}}\cdots\stackrel{{%
	\scriptstyle d-1\;d-2}}{{(k_{d-1\;d-2})}}\psi_{0}\@@ENDINLINEMATH"
	\stackrel{{\scriptstyle0d}}{{[-k_{0d}]}}[[RELOP]] \stackrel{{\scriptstyle12}}{{[-k_{12}]}}[[RELOP]] \stackrel{{\scriptstyle35}}{{(k_{35})}}[[RELOP]]
	        > ⋯[[ID]] \stackrel{{\scriptstyled-1\;d-2}}{{(k_{d-1\;d-2})}}[[RELOP]] ψ[[UNKNOWN]] _{0}[[POSTSUBSCRIPT]]
Warning:not_parsed:RELOP.RELOP.RELOP>ID MathParser failed to match rule 'Anything'
	at 0303224.tex; line 305 col 24 - line 307 col 9
	In "$\displaystyle\stackrel{{\scriptstyle 0d}}{{[-k_{0d}]}}\stackrel{{\scriptstyle
	1%
	2}}{{[-k_{12}]}}\stackrel{{\scriptstyle 35}}{{(k_{35})}}\cdots\stackrel{{%
	\scriptstyle d-1\;d-2}}{{(k_{d-1\;d-2})}}\psi_{0}$"
	\stackrel{{\scriptstyle0d}}{{[-k_{0d}]}}[[RELOP]] \stackrel{{\scriptstyle12}}{{[-k_{12}]}}[[RELOP]] \stackrel{{\scriptstyle35}}{{(k_{35})}}[[RELOP]]
	        > ⋯[[ID]] \stackrel{{\scriptstyled-1\;d-2}}{{(k_{d-1\;d-2})}}[[RELOP]] ψ[[UNKNOWN]] _{0}[[POSTSUBSCRIPT]]
Warning:not_parsed:RELOP.RELOP.RELOP>ID MathParser failed to match rule 'Anything'
	at 0303224.tex; line 307 col 24 - line 307 col 24
	In "$\displaystyle\stackrel{{\scriptstyle 0d}}{{[-k_{0d}]}}\stackrel{{\scriptstyle
	1%
	2}}{{(k_{12})}}\stackrel{{\scriptstyle 35}}{{[-k_{35}]}}\cdots\stackrel{{%
	\scriptstyle d-1\;d-2}}{{(k_{d-1\;d-2})}}\psi_{0}\@@ENDINLINEMATH"
	\stackrel{{\scriptstyle0d}}{{[-k_{0d}]}}[[RELOP]] \stackrel{{\scriptstyle12}}{{(k_{12})}}[[RELOP]] \stackrel{{\scriptstyle35}}{{[-k_{35}]}}[[RELOP]]
	        > ⋯[[ID]] \stackrel{{\scriptstyled-1\;d-2}}{{(k_{d-1\;d-2})}}[[RELOP]] ψ[[UNKNOWN]] _{0}[[POSTSUBSCRIPT]]
Warning:not_parsed:RELOP.RELOP.RELOP>ID MathParser failed to match rule 'Anything'
	at 0303224.tex; line 307 col 24 - line 309 col 6
	In "$\displaystyle\stackrel{{\scriptstyle 0d}}{{[-k_{0d}]}}\stackrel{{\scriptstyle
	1%
	2}}{{(k_{12})}}\stackrel{{\scriptstyle 35}}{{[-k_{35}]}}\cdots\stackrel{{%
	\scriptstyle d-1\;d-2}}{{(k_{d-1\;d-2})}}\psi_{0}$"
	\stackrel{{\scriptstyle0d}}{{[-k_{0d}]}}[[RELOP]] \stackrel{{\scriptstyle12}}{{(k_{12})}}[[RELOP]] \stackrel{{\scriptstyle35}}{{[-k_{35}]}}[[RELOP]]
	        > ⋯[[ID]] \stackrel{{\scriptstyled-1\;d-2}}{{(k_{d-1\;d-2})}}[[RELOP]] ψ[[UNKNOWN]] _{0}[[POSTSUBSCRIPT]]
Warning:not_parsed:RELOP.RELOP.RELOP>ID MathParser failed to match rule 'Anything'
	at 0303224.tex; line 310 col 24 - line 310 col 24
	In "$\displaystyle\stackrel{{\scriptstyle 0d}}{{[-k_{0d}]}}\stackrel{{\scriptstyle
	1%
	2}}{{(k_{12})}}\stackrel{{\scriptstyle 35}}{{(k_{35})}}\cdots\stackrel{{%
	\scriptstyle d-1\;d-2}}{{[-k_{d-1\;d-2}]}}\psi_{0}\@@ENDINLINEMATH"
	\stackrel{{\scriptstyle0d}}{{[-k_{0d}]}}[[RELOP]] \stackrel{{\scriptstyle12}}{{(k_{12})}}[[RELOP]] \stackrel{{\scriptstyle35}}{{(k_{35})}}[[RELOP]]
	        > ⋯[[ID]] \stackrel{{\scriptstyled-1\;d-2}}{{[-k_{d-1\;d-2}]}}[[RELOP]] ψ[[UNKNOWN]] _{0}[[POSTSUBSCRIPT]]
Warning:not_parsed:RELOP.RELOP.RELOP>ID MathParser failed to match rule 'Anything'
	at 0303224.tex; line 310 col 24 - line 312 col 9
	In "$\displaystyle\stackrel{{\scriptstyle 0d}}{{[-k_{0d}]}}\stackrel{{\scriptstyle
	1%
	2}}{{(k_{12})}}\stackrel{{\scriptstyle 35}}{{(k_{35})}}\cdots\stackrel{{%
	\scriptstyle d-1\;d-2}}{{[-k_{d-1\;d-2}]}}\psi_{0}$"
	\stackrel{{\scriptstyle0d}}{{[-k_{0d}]}}[[RELOP]] \stackrel{{\scriptstyle12}}{{(k_{12})}}[[RELOP]] \stackrel{{\scriptstyle35}}{{(k_{35})}}[[RELOP]]
	        > ⋯[[ID]] \stackrel{{\scriptstyled-1\;d-2}}{{[-k_{d-1\;d-2}]}}[[RELOP]] ψ[[UNKNOWN]] _{0}[[POSTSUBSCRIPT]]
Warning:not_parsed:RELOP.RELOP.RELOP>ID MathParser failed to match rule 'Anything'
	at 0303224.tex; line 312 col 23 - line 312 col 23
	In "$\displaystyle\stackrel{{\scriptstyle od}}{{(k_{0d})}}\stackrel{{\scriptstyle 1%
	2}}{{[-k_{12}]}}\stackrel{{\scriptstyle 35}}{{[-k_{35}]}}\cdots\stackrel{{%
	\scriptstyle d-1\;d-2}}{{(k_{d-1\;d-2})}}\psi_{0}\@@ENDINLINEMATH"
	\stackrel{{\scriptstyleod}}{{(k_{0d})}}[[RELOP]] \stackrel{{\scriptstyle12}}{{[-k_{12}]}}[[RELOP]] \stackrel{{\scriptstyle35}}{{[-k_{35}]}}[[RELOP]]
	        > ⋯[[ID]] \stackrel{{\scriptstyled-1\;d-2}}{{(k_{d-1\;d-2})}}[[RELOP]] ψ[[UNKNOWN]] _{0}[[POSTSUBSCRIPT]]
Warning:not_parsed:RELOP.RELOP.RELOP>ID MathParser failed to match rule 'Anything'
	at 0303224.tex; line 312 col 23 - line 314 col 6
	In "$\displaystyle\stackrel{{\scriptstyle od}}{{(k_{0d})}}\stackrel{{\scriptstyle 1%
	2}}{{[-k_{12}]}}\stackrel{{\scriptstyle 35}}{{[-k_{35}]}}\cdots\stackrel{{%
	\scriptstyle d-1\;d-2}}{{(k_{d-1\;d-2})}}\psi_{0}$"
	\stackrel{{\scriptstyleod}}{{(k_{0d})}}[[RELOP]] \stackrel{{\scriptstyle12}}{{[-k_{12}]}}[[RELOP]] \stackrel{{\scriptstyle35}}{{[-k_{35}]}}[[RELOP]]
	        > ⋯[[ID]] \stackrel{{\scriptstyled-1\;d-2}}{{(k_{d-1\;d-2})}}[[RELOP]] ψ[[UNKNOWN]] _{0}[[POSTSUBSCRIPT]]
Warning:not_parsed:RELOP.RELOP>ATOM MathParser failed to match rule 'Anything'
	at 0303224.tex; line 337 col 17 - line 337 col 53
	In "$\stackrel{{\scriptstyle+}}{{\circ}}:=\frac{1}{2}(1+\Gamma)$"
	\stackrel{{\scriptstyle+}}{{\circ}}[[RELOP]] :=[[RELOP]]
	        > \frac{1}{2}[[UNKNOWN]] ([[OPEN]] 1[[NUMBER]] +[[ADDOP]] Γ[[UNKNOWN]] )[[CLOSE]]
Warning:not_parsed:RELOP.RELOP>ATOM MathParser failed to match rule 'Anything'
	at 0303224.tex; line 338 col 10 - line 338 col 47
	In "$\stackrel{{\scriptstyle-}}{{\bullet}}:=\frac{1}{2}(1-\Gamma)$"
	\stackrel{{\scriptstyle-}}{{\bullet}}[[RELOP]] :=[[RELOP]]
	        > \frac{1}{2}[[UNKNOWN]] ([[OPEN]] 1[[NUMBER]] -[[ADDOP]] Γ[[UNKNOWN]] )[[CLOSE]]
Warning:not_parsed:UNKNOWN.POSTSUPERSCRIPT>RELOP MathParser failed to match rule 'Anything'
	at 0303224.tex; line 390 col 6 - line 390 col 6
	In "$\displaystyle\gamma^{a}\stackrel{{\scriptstyle ab}}{{(k_{ab})}}=\gamma^{a}\;%
	\frac{1}{2}(\gamma^{a}+\frac{\eta^{aa}}{ik}\gamma^{b})=\eta^{aa}\frac{1}{2}(1+%
	\frac{i}{-k}\gamma^{a}\gamma^{b})=\eta^{aa}\stackrel{{\scriptstyle ab}}{{[-k_{%
	ab}]}}.\@@ENDINLINEMATH"
	γ[[UNKNOWN]] ^{a}[[POSTSUPERSCRIPT]]
	        > \stackrel{{\scriptstyleab}}{{(k_{ab})}}[[RELOP]] =[[RELOP]] γ[[UNKNOWN]] ^{a}[[POSTSUPERSCRIPT]] \frac{1}{2}[[UNKNOWN]] ([[OPEN]] γ[[UNKNOWN]] ^{a}[[POSTSUPERSCRIPT]] +[[ADDOP]] \frac{\eta^{aa}}{ik}[[UNKNOWN]] γ[[UNKNOWN]] ^{b}[[POSTSUPERSCRIPT]] )[[CLOSE]] =[[RELOP]] η[[UNKNOWN]] ^{aa}[[POSTSUPERSCRIPT]] \frac{1}{2}[[UNKNOWN]] ([[OPEN]] 1[[NUMBER]] +[[ADDOP]] \frac{i}{-k}[[UNKNOWN]] γ[[UNKNOWN]] ^{a}[[POSTSUPERSCRIPT]] γ[[UNKNOWN]] ^{b}[[POSTSUPERSCRIPT]] )[[CLOSE]] =[[RELOP]] η[[UNKNOWN]] ^{aa}[[POSTSUPERSCRIPT]] \stackrel{{\scriptstyleab}}{{[-k_{ab}]}}[[RELOP]]
Warning:not_parsed:UNKNOWN.POSTSUPERSCRIPT>RELOP MathParser failed to match rule 'Anything'
	at 0303224.tex; line 390 col 6 - line 393 col 14
	In "$\displaystyle\gamma^{a}\stackrel{{\scriptstyle ab}}{{(k_{ab})}}=\gamma^{a}\;%
	\frac{1}{2}(\gamma^{a}+\frac{\eta^{aa}}{ik}\gamma^{b})=\eta^{aa}\frac{1}{2}(1+%
	\frac{i}{-k}\gamma^{a}\gamma^{b})=\eta^{aa}\stackrel{{\scriptstyle ab}}{{[-k_{%
	ab}]}}.$"
	γ[[UNKNOWN]] ^{a}[[POSTSUPERSCRIPT]]
	        > \stackrel{{\scriptstyleab}}{{(k_{ab})}}[[RELOP]] =[[RELOP]] γ[[UNKNOWN]] ^{a}[[POSTSUPERSCRIPT]] \frac{1}{2}[[UNKNOWN]] ([[OPEN]] γ[[UNKNOWN]] ^{a}[[POSTSUPERSCRIPT]] +[[ADDOP]] \frac{\eta^{aa}}{ik}[[UNKNOWN]] γ[[UNKNOWN]] ^{b}[[POSTSUPERSCRIPT]] )[[CLOSE]] =[[RELOP]] η[[UNKNOWN]] ^{aa}[[POSTSUPERSCRIPT]] \frac{1}{2}[[UNKNOWN]] ([[OPEN]] 1[[NUMBER]] +[[ADDOP]] \frac{i}{-k}[[UNKNOWN]] γ[[UNKNOWN]] ^{a}[[POSTSUPERSCRIPT]] γ[[UNKNOWN]] ^{b}[[POSTSUPERSCRIPT]] )[[CLOSE]] =[[RELOP]] η[[UNKNOWN]] ^{aa}[[POSTSUPERSCRIPT]] \stackrel{{\scriptstyleab}}{{[-k_{ab}]}}[[RELOP]]
Warning:not_parsed:UNKNOWN.POSTSUPERSCRIPT>RELOP MathParser failed to match rule 'Anything'
	at 0303224.tex; line 395 col 29 - line 395 col 76
	In "$\gamma^{b}\stackrel{{\scriptstyle ab}}{{(k)}}=-ik\stackrel{{\scriptstyle ab}}%
	{{[-k]}}$"
	γ[[UNKNOWN]] ^{b}[[POSTSUPERSCRIPT]]
	        > \stackrel{{\scriptstyleab}}{{(k)}}[[RELOP]] =[[RELOP]] -[[ADDOP]] i[[UNKNOWN]] k[[UNKNOWN]] \stackrel{{\scriptstyleab}}{{[-k]}}[[RELOP]]
Warning:not_parsed:UNKNOWN.POSTSUPERSCRIPT>RELOP MathParser failed to match rule 'Anything'
	at 0303224.tex; line 421 col 8 - line 421 col 71
	In "$S^{ab}\stackrel{{\scriptstyle ab}}{{(k_{ab})}}=k_{ab}/2\stackrel{{%
	\scriptstyle ab}}{{(k_{ab})}}$"
	S[[UNKNOWN]] ^{ab}[[POSTSUPERSCRIPT]]
	        > \stackrel{{\scriptstyleab}}{{(k_{ab})}}[[RELOP]] =[[RELOP]] k[[UNKNOWN]] _{ab}[[POSTSUBSCRIPT]] /[[MULOP]] 2[[NUMBER]] \stackrel{{\scriptstyleab}}{{(k_{ab})}}[[RELOP]]
Warning:not_parsed:UNKNOWN.POSTSUPERSCRIPT>RELOP MathParser failed to match rule 'Anything'
	at 0303224.tex; line 430 col 2 - line 433 col 1
	In "$S^{ab}\stackrel{{\scriptstyle ab}}{{(k_{ab})}}=\frac{i}{2}\frac{1}{2}(\gamma^%
	{a}\gamma^{b}\gamma^{a}+\frac{\eta^{aa}}{ik}\gamma^{a}\gamma^{b}\gamma^{b})=%
	\frac{1}{2}k\stackrel{{\scriptstyle ab}}{{(k_{ab})}},S^{ab}\stackrel{{%
	\scriptstyle ab}}{{[k_{ab}]}}=\frac{1}{2}k\stackrel{{\scriptstyle ab}}{{[k_{ab%
	}]}}.$"
	S[[UNKNOWN]] ^{ab}[[POSTSUPERSCRIPT]]
	        > \stackrel{{\scriptstyleab}}{{(k_{ab})}}[[RELOP]] =[[RELOP]] \frac{i}{2}[[UNKNOWN]] \frac{1}{2}[[UNKNOWN]] ([[OPEN]] γ[[UNKNOWN]] ^{a}[[POSTSUPERSCRIPT]] γ[[UNKNOWN]] ^{b}[[POSTSUPERSCRIPT]] γ[[UNKNOWN]] ^{a}[[POSTSUPERSCRIPT]] +[[ADDOP]] \frac{\eta^{aa}}{ik}[[UNKNOWN]] γ[[UNKNOWN]] ^{a}[[POSTSUPERSCRIPT]] γ[[UNKNOWN]] ^{b}[[POSTSUPERSCRIPT]] γ[[UNKNOWN]] ^{b}[[POSTSUPERSCRIPT]] )[[CLOSE]] =[[RELOP]] \frac{1}{2}[[UNKNOWN]] k[[UNKNOWN]] \stackrel{{\scriptstyleab}}{{(k_{ab})}}[[RELOP]] ,[[PUNCT]] S[[UNKNOWN]] ^{ab}[[POSTSUPERSCRIPT]] \stackrel{{\scriptstyleab}}{{[k_{ab}]}}[[RELOP]] =[[RELOP]] \frac{1}{2}[[UNKNOWN]] k[[UNKNOWN]] \stackrel{{\scriptstyleab}}{{[k_{ab}]}}[[RELOP]]
Warning:not_parsed:ATOM>RELOP MathParser failed to match rule 'Anything'
	at 0303224.tex; line 449 col 6 - line 449 col 6
	In "$\displaystyle\tilde{\gamma^{a}}\stackrel{{\scriptstyle ab}}{{(k_{ab})}}:=-%
	\stackrel{{\scriptstyle ab}}{{(k_{ab})}}\gamma^{a}=-\eta^{aa}\stackrel{{%
	\scriptstyle ab}}{{[k_{ab}]}}.\@@ENDINLINEMATH"
	\tilde{\gamma^{a}}[[UNKNOWN]]
	        > \stackrel{{\scriptstyleab}}{{(k_{ab})}}[[RELOP]] :=[[RELOP]] -[[ADDOP]] \stackrel{{\scriptstyleab}}{{(k_{ab})}}[[RELOP]] γ[[UNKNOWN]] ^{a}[[POSTSUPERSCRIPT]] =[[RELOP]] -[[ADDOP]] η[[UNKNOWN]] ^{aa}[[POSTSUPERSCRIPT]] \stackrel{{\scriptstyleab}}{{[k_{ab}]}}[[RELOP]]
Warning:not_parsed:ATOM>RELOP MathParser failed to match rule 'Anything'
	at 0303224.tex; line 449 col 6 - line 452 col 14
	In "$\displaystyle\tilde{\gamma^{a}}\stackrel{{\scriptstyle ab}}{{(k_{ab})}}:=-%
	\stackrel{{\scriptstyle ab}}{{(k_{ab})}}\gamma^{a}=-\eta^{aa}\stackrel{{%
	\scriptstyle ab}}{{[k_{ab}]}}.$"
	\tilde{\gamma^{a}}[[UNKNOWN]]
	        > \stackrel{{\scriptstyleab}}{{(k_{ab})}}[[RELOP]] :=[[RELOP]] -[[ADDOP]] \stackrel{{\scriptstyleab}}{{(k_{ab})}}[[RELOP]] γ[[UNKNOWN]] ^{a}[[POSTSUPERSCRIPT]] =[[RELOP]] -[[ADDOP]] η[[UNKNOWN]] ^{aa}[[POSTSUPERSCRIPT]] \stackrel{{\scriptstyleab}}{{[k_{ab}]}}[[RELOP]]
Warning:not_parsed:ATOM>RELOP MathParser failed to match rule 'Anything'
	at 0303224.tex; line 457 col 6 - line 457 col 6
	In "$\displaystyle\tilde{\gamma^{a}}\stackrel{{\scriptstyle ab}}{{[k_{ab}]}}:=%
	\stackrel{{\scriptstyle ab}}{{[k_{ab}]}}\gamma^{a}=\stackrel{{\scriptstyle ab}%
	}{{(k_{ab})}}.\@@ENDINLINEMATH"
	\tilde{\gamma^{a}}[[UNKNOWN]]
	        > \stackrel{{\scriptstyleab}}{{[k_{ab}]}}[[RELOP]] :=[[RELOP]] \stackrel{{\scriptstyleab}}{{[k_{ab}]}}[[RELOP]] γ[[UNKNOWN]] ^{a}[[POSTSUPERSCRIPT]] =[[RELOP]] \stackrel{{\scriptstyleab}}{{(k_{ab})}}[[RELOP]]
Warning:not_parsed:ATOM>RELOP MathParser failed to match rule 'Anything'
	at 0303224.tex; line 457 col 6 - line 460 col 14
	In "$\displaystyle\tilde{\gamma^{a}}\stackrel{{\scriptstyle ab}}{{[k_{ab}]}}:=%
	\stackrel{{\scriptstyle ab}}{{[k_{ab}]}}\gamma^{a}=\stackrel{{\scriptstyle ab}%
	}{{(k_{ab})}}.$"
	\tilde{\gamma^{a}}[[UNKNOWN]]
	        > \stackrel{{\scriptstyleab}}{{[k_{ab}]}}[[RELOP]] :=[[RELOP]] \stackrel{{\scriptstyleab}}{{[k_{ab}]}}[[RELOP]] γ[[UNKNOWN]] ^{a}[[POSTSUPERSCRIPT]] =[[RELOP]] \stackrel{{\scriptstyleab}}{{(k_{ab})}}[[RELOP]]
Warning:not_parsed:PUNCT.UNKNOWN.POSTSUPERSCRIPT>CLOSE MathParser failed to match rule 'Anything'
	at 0303224.tex; line 465 col 2 - line 465 col 2
	In "$\displaystyle\{\tilde{\gamma^{a}},\gamma^{b}\}_{+}=0,\quad{\rm while}\@@ENDINLINEMATH"
	{[[UNKNOWN]] \tilde{\gamma^{a}}[[UNKNOWN]] ,[[PUNCT]] γ[[UNKNOWN]] ^{b}[[POSTSUPERSCRIPT]]
	        > \}[[CLOSE]] _{+}[[POSTSUBSCRIPT]] =[[RELOP]] 0[[NUMBER]] ,[[PUNCT]] while[[UNKNOWN]]
Warning:not_parsed:PUNCT.UNKNOWN.POSTSUPERSCRIPT>CLOSE MathParser failed to match rule 'Anything'
	at 0303224.tex; line 465 col 2 - line 466 col 2
	In "$\displaystyle\{\tilde{\gamma^{a}},\gamma^{b}\}_{+}=0,\quad{\rm while}$"
	{[[UNKNOWN]] \tilde{\gamma^{a}}[[UNKNOWN]] ,[[PUNCT]] γ[[UNKNOWN]] ^{b}[[POSTSUPERSCRIPT]]
	        > \}[[CLOSE]] _{+}[[POSTSUBSCRIPT]] =[[RELOP]] 0[[NUMBER]] ,[[PUNCT]] while[[UNKNOWN]]
Warning:not_parsed:PUNCT.ATOM.POSTSUPERSCRIPT>CLOSE MathParser failed to match rule 'Anything'
	at 0303224.tex; line 466 col 2 - line 466 col 2
	In "$\displaystyle\{\tilde{\gamma}^{a},\tilde{\gamma}^{b}\}_{+}=2\eta^{ab}.\@@ENDINLINEMATH"
	{[[UNKNOWN]] \tilde{\gamma}[[UNKNOWN]] ^{a}[[POSTSUPERSCRIPT]] ,[[PUNCT]] \tilde{\gamma}[[UNKNOWN]] ^{b}[[POSTSUPERSCRIPT]]
	        > \}[[CLOSE]] _{+}[[POSTSUBSCRIPT]] =[[RELOP]] 2[[NUMBER]] η[[UNKNOWN]] ^{ab}[[POSTSUPERSCRIPT]]
Warning:not_parsed:PUNCT.ATOM.POSTSUPERSCRIPT>CLOSE MathParser failed to match rule 'Anything'
	at 0303224.tex; line 466 col 2 - line 468 col 14
	In "$\displaystyle\{\tilde{\gamma}^{a},\tilde{\gamma}^{b}\}_{+}=2\eta^{ab}.$"
	{[[UNKNOWN]] \tilde{\gamma}[[UNKNOWN]] ^{a}[[POSTSUPERSCRIPT]] ,[[PUNCT]] \tilde{\gamma}[[UNKNOWN]] ^{b}[[POSTSUPERSCRIPT]]
	        > \}[[CLOSE]] _{+}[[POSTSUBSCRIPT]] =[[RELOP]] 2[[NUMBER]] η[[UNKNOWN]] ^{ab}[[POSTSUPERSCRIPT]]
Warning:not_parsed:PUNCT.UNKNOWN.POSTSUPERSCRIPT>CLOSE MathParser failed to match rule 'Anything'
	at 0303224.tex; line 481 col 2 - line 481 col 2
	In "$\displaystyle\{\tilde{S}^{ab},S^{ab}\}_{-}=0,\quad\{\tilde{S}^{ab},\gamma^{c}%
	\}_{-}=0,\quad\{S^{ab},\tilde{\gamma}^{c}\}_{-}=0.\@@ENDINLINEMATH"
	{[[UNKNOWN]] \tilde{S}[[UNKNOWN]] ^{ab}[[POSTSUPERSCRIPT]] ,[[PUNCT]] S[[UNKNOWN]] ^{ab}[[POSTSUPERSCRIPT]]
	        > \}[[CLOSE]] _{-}[[POSTSUBSCRIPT]] =[[RELOP]] 0[[NUMBER]] ,[[PUNCT]] \{[[OPEN]] \tilde{S}[[UNKNOWN]] ^{ab}[[POSTSUPERSCRIPT]] ,[[PUNCT]] γ[[UNKNOWN]] ^{c}[[POSTSUPERSCRIPT]] \}[[CLOSE]] _{-}[[POSTSUBSCRIPT]] =[[RELOP]] 0[[NUMBER]] ,[[PUNCT]] \{[[OPEN]] S[[UNKNOWN]] ^{ab}[[POSTSUPERSCRIPT]] ,[[PUNCT]] \tilde{\gamma}[[UNKNOWN]] ^{c}[[POSTSUPERSCRIPT]] \}[[CLOSE]] _{-}[[POSTSUBSCRIPT]] =[[RELOP]] 0[[NUMBER]]
Warning:not_parsed:PUNCT.UNKNOWN.POSTSUPERSCRIPT>CLOSE MathParser failed to match rule 'Anything'
	at 0303224.tex; line 481 col 2 - line 485 col 14
	In "$\displaystyle\{\tilde{S}^{ab},S^{ab}\}_{-}=0,\quad\{\tilde{S}^{ab},\gamma^{c}%
	\}_{-}=0,\quad\{S^{ab},\tilde{\gamma}^{c}\}_{-}=0.$"
	{[[UNKNOWN]] \tilde{S}[[UNKNOWN]] ^{ab}[[POSTSUPERSCRIPT]] ,[[PUNCT]] S[[UNKNOWN]] ^{ab}[[POSTSUPERSCRIPT]]
	        > \}[[CLOSE]] _{-}[[POSTSUBSCRIPT]] =[[RELOP]] 0[[NUMBER]] ,[[PUNCT]] \{[[OPEN]] \tilde{S}[[UNKNOWN]] ^{ab}[[POSTSUPERSCRIPT]] ,[[PUNCT]] γ[[UNKNOWN]] ^{c}[[POSTSUPERSCRIPT]] \}[[CLOSE]] _{-}[[POSTSUBSCRIPT]] =[[RELOP]] 0[[NUMBER]] ,[[PUNCT]] \{[[OPEN]] S[[UNKNOWN]] ^{ab}[[POSTSUPERSCRIPT]] ,[[PUNCT]] \tilde{\gamma}[[UNKNOWN]] ^{c}[[POSTSUPERSCRIPT]] \}[[CLOSE]] _{-}[[POSTSUBSCRIPT]] =[[RELOP]] 0[[NUMBER]]
Warning:not_parsed:POSTSUPERSCRIPT.PUNCT.UNKNOWN>CLOSE MathParser failed to match rule 'Anything'
	at 0303224.tex; line 490 col 2 - line 490 col 2
	In "$\displaystyle\{\tilde{S}^{ab},\Gamma\}_{-}=0,\quad\{\tilde{\gamma}^{a},\Gamma%
	\}_{-}=0,\quad{\rm for\;\;d\;\;even,}\@@ENDINLINEMATH"
	{[[UNKNOWN]] \tilde{S}[[UNKNOWN]] ^{ab}[[POSTSUPERSCRIPT]] ,[[PUNCT]] Γ[[UNKNOWN]]
	        > \}[[CLOSE]] _{-}[[POSTSUBSCRIPT]] =[[RELOP]] 0[[NUMBER]] ,[[PUNCT]] \{[[OPEN]] \tilde{\gamma}[[UNKNOWN]] ^{a}[[POSTSUPERSCRIPT]] ,[[PUNCT]] Γ[[UNKNOWN]] \}[[CLOSE]] _{-}[[POSTSUBSCRIPT]] =[[RELOP]] 0[[NUMBER]] ,[[PUNCT]] for[[UNKNOWN]] d[[UNKNOWN]] even[[UNKNOWN]]
Warning:not_parsed:POSTSUPERSCRIPT.PUNCT.UNKNOWN>CLOSE MathParser failed to match rule 'Anything'
	at 0303224.tex; line 490 col 2 - line 491 col 2
	In "$\displaystyle\{\tilde{S}^{ab},\Gamma\}_{-}=0,\quad\{\tilde{\gamma}^{a},\Gamma%
	\}_{-}=0,\quad{\rm for\;\;d\;\;even,}$"
	{[[UNKNOWN]] \tilde{S}[[UNKNOWN]] ^{ab}[[POSTSUPERSCRIPT]] ,[[PUNCT]] Γ[[UNKNOWN]]
	        > \}[[CLOSE]] _{-}[[POSTSUBSCRIPT]] =[[RELOP]] 0[[NUMBER]] ,[[PUNCT]] \{[[OPEN]] \tilde{\gamma}[[UNKNOWN]] ^{a}[[POSTSUPERSCRIPT]] ,[[PUNCT]] Γ[[UNKNOWN]] \}[[CLOSE]] _{-}[[POSTSUBSCRIPT]] =[[RELOP]] 0[[NUMBER]] ,[[PUNCT]] for[[UNKNOWN]] d[[UNKNOWN]] even[[UNKNOWN]]
Warning:not_parsed:POSTSUPERSCRIPT.PUNCT.UNKNOWN>CLOSE MathParser failed to match rule 'Anything'
	at 0303224.tex; line 491 col 2 - line 491 col 2
	In "$\displaystyle\{\tilde{S}^{ab},\Gamma\}_{-}=0,\quad\{\tilde{\gamma}^{a},\Gamma%
	\}_{+}=0,\quad{\rm for\;\;d\;\;odd,}\@@ENDINLINEMATH"
	{[[UNKNOWN]] \tilde{S}[[UNKNOWN]] ^{ab}[[POSTSUPERSCRIPT]] ,[[PUNCT]] Γ[[UNKNOWN]]
	        > \}[[CLOSE]] _{-}[[POSTSUBSCRIPT]] =[[RELOP]] 0[[NUMBER]] ,[[PUNCT]] \{[[OPEN]] \tilde{\gamma}[[UNKNOWN]] ^{a}[[POSTSUPERSCRIPT]] ,[[PUNCT]] Γ[[UNKNOWN]] \}[[CLOSE]] _{+}[[POSTSUBSCRIPT]] =[[RELOP]] 0[[NUMBER]] ,[[PUNCT]] for[[UNKNOWN]] d[[UNKNOWN]] odd[[UNKNOWN]]
Warning:not_parsed:POSTSUPERSCRIPT.PUNCT.UNKNOWN>CLOSE MathParser failed to match rule 'Anything'
	at 0303224.tex; line 491 col 2 - line 493 col 14
	In "$\displaystyle\{\tilde{S}^{ab},\Gamma\}_{-}=0,\quad\{\tilde{\gamma}^{a},\Gamma%
	\}_{+}=0,\quad{\rm for\;\;d\;\;odd,}$"
	{[[UNKNOWN]] \tilde{S}[[UNKNOWN]] ^{ab}[[POSTSUPERSCRIPT]] ,[[PUNCT]] Γ[[UNKNOWN]]
	        > \}[[CLOSE]] _{-}[[POSTSUBSCRIPT]] =[[RELOP]] 0[[NUMBER]] ,[[PUNCT]] \{[[OPEN]] \tilde{\gamma}[[UNKNOWN]] ^{a}[[POSTSUPERSCRIPT]] ,[[PUNCT]] Γ[[UNKNOWN]] \}[[CLOSE]] _{+}[[POSTSUBSCRIPT]] =[[RELOP]] 0[[NUMBER]] ,[[PUNCT]] for[[UNKNOWN]] d[[UNKNOWN]] odd[[UNKNOWN]]
Warning:not_parsed:ATOM.POSTSUPERSCRIPT>RELOP MathParser failed to match rule 'Anything'
	at 0303224.tex; line 509 col 6 - line 509 col 6
	In "$\displaystyle\tilde{\gamma}^{a}\stackrel{{\scriptstyle ab}}{{(k)}}=-\eta^{aa}%
	\stackrel{{\scriptstyle ab}}{{[k]}},\@@ENDINLINEMATH"
	\tilde{\gamma}[[UNKNOWN]] ^{a}[[POSTSUPERSCRIPT]]
	        > \stackrel{{\scriptstyleab}}{{(k)}}[[RELOP]] =[[RELOP]] -[[ADDOP]] η[[UNKNOWN]] ^{aa}[[POSTSUPERSCRIPT]] \stackrel{{\scriptstyleab}}{{[k]}}[[RELOP]]
Warning:not_parsed:ATOM.POSTSUPERSCRIPT>RELOP MathParser failed to match rule 'Anything'
	at 0303224.tex; line 510 col 6 - line 510 col 6
	In "$\displaystyle\tilde{\gamma}^{b}\stackrel{{\scriptstyle ab}}{{(k)}}=ik%
	\stackrel{{\scriptstyle ab}}{{[k]}},\@@ENDINLINEMATH"
	\tilde{\gamma}[[UNKNOWN]] ^{b}[[POSTSUPERSCRIPT]]
	        > \stackrel{{\scriptstyleab}}{{(k)}}[[RELOP]] =[[RELOP]] i[[UNKNOWN]] k[[UNKNOWN]] \stackrel{{\scriptstyleab}}{{[k]}}[[RELOP]]
Warning:not_parsed:ATOM.POSTSUPERSCRIPT>RELOP MathParser failed to match rule 'Anything'
	at 0303224.tex; line 511 col 6 - line 511 col 6
	In "$\displaystyle\tilde{\gamma}^{a}\stackrel{{\scriptstyle ab}}{{[k]}}=\stackrel{%
	{\scriptstyle ab}}{{(k)}},\@@ENDINLINEMATH"
	\tilde{\gamma}[[UNKNOWN]] ^{a}[[POSTSUPERSCRIPT]]
	        > \stackrel{{\scriptstyleab}}{{[k]}}[[RELOP]] =[[RELOP]] \stackrel{{\scriptstyleab}}{{(k)}}[[RELOP]]
Warning:not_parsed:ATOM.POSTSUPERSCRIPT>RELOP MathParser failed to match rule 'Anything'
	at 0303224.tex; line 512 col 6 - line 512 col 6
	In "$\displaystyle\tilde{\gamma}^{b}\stackrel{{\scriptstyle ab}}{{[k]}}=ik\eta^{aa%
	}\stackrel{{\scriptstyle ab}}{{(k)}}\@@ENDINLINEMATH"
	\tilde{\gamma}[[UNKNOWN]] ^{b}[[POSTSUPERSCRIPT]]
	        > \stackrel{{\scriptstyleab}}{{[k]}}[[RELOP]] =[[RELOP]] i[[UNKNOWN]] k[[UNKNOWN]] η[[UNKNOWN]] ^{aa}[[POSTSUPERSCRIPT]] \stackrel{{\scriptstyleab}}{{(k)}}[[RELOP]]
Warning:not_parsed:ATOM.POSTSUPERSCRIPT>RELOP MathParser failed to match rule 'Anything'
	at 0303224.tex; line 519 col 6 - line 519 col 6
	In "$\displaystyle\tilde{S}^{ac}\stackrel{{\scriptstyle ab}}{{(k)}}\stackrel{{%
	\scriptstyle cd}}{{(k)}}=-\frac{i}{2}\eta^{aa}\eta^{cc}\stackrel{{\scriptstyle
	ab%
	}}{{[k]}}\stackrel{{\scriptstyle cd}}{{[k]}},\@@ENDINLINEMATH"
	\tilde{S}[[UNKNOWN]] ^{ac}[[POSTSUPERSCRIPT]]
	        > \stackrel{{\scriptstyleab}}{{(k)}}[[RELOP]] \stackrel{{\scriptstylecd}}{{(k)}}[[RELOP]] =[[RELOP]] -[[ADDOP]] \frac{i}{2}[[UNKNOWN]] η[[UNKNOWN]] ^{aa}[[POSTSUPERSCRIPT]] η[[UNKNOWN]] ^{cc}[[POSTSUPERSCRIPT]] \stackrel{{\scriptstyleab}}{{[k]}}[[RELOP]] \stackrel{{\scriptstylecd}}{{[k]}}[[RELOP]]
Warning:not_parsed:ATOM.POSTSUPERSCRIPT>RELOP MathParser failed to match rule 'Anything'
	at 0303224.tex; line 521 col 6 - line 521 col 6
	In "$\displaystyle\tilde{S}^{ac}\stackrel{{\scriptstyle ab}}{{[k]}}\stackrel{{%
	\scriptstyle cd}}{{[k]}}=\frac{i}{2}\stackrel{{\scriptstyle ab}}{{(k)}}%
	\stackrel{{\scriptstyle cd}}{{(k)}},\@@ENDINLINEMATH"
	\tilde{S}[[UNKNOWN]] ^{ac}[[POSTSUPERSCRIPT]]
	        > \stackrel{{\scriptstyleab}}{{[k]}}[[RELOP]] \stackrel{{\scriptstylecd}}{{[k]}}[[RELOP]] =[[RELOP]] \frac{i}{2}[[UNKNOWN]] \stackrel{{\scriptstyleab}}{{(k)}}[[RELOP]] \stackrel{{\scriptstylecd}}{{(k)}}[[RELOP]]
Warning:not_parsed:ATOM.POSTSUPERSCRIPT>RELOP MathParser failed to match rule 'Anything'
	at 0303224.tex; line 523 col 6 - line 523 col 6
	In "$\displaystyle\tilde{S}^{ac}\stackrel{{\scriptstyle ab}}{{(k)}}\stackrel{{%
	\scriptstyle cd}}{{[k]}}=\frac{i}{2}\eta^{aa}\stackrel{{\scriptstyle ab}}{{[k]%
	}}\stackrel{{\scriptstyle cd}}{{(k)}},\@@ENDINLINEMATH"
	\tilde{S}[[UNKNOWN]] ^{ac}[[POSTSUPERSCRIPT]]
	        > \stackrel{{\scriptstyleab}}{{(k)}}[[RELOP]] \stackrel{{\scriptstylecd}}{{[k]}}[[RELOP]] =[[RELOP]] \frac{i}{2}[[UNKNOWN]] η[[UNKNOWN]] ^{aa}[[POSTSUPERSCRIPT]] \stackrel{{\scriptstyleab}}{{[k]}}[[RELOP]] \stackrel{{\scriptstylecd}}{{(k)}}[[RELOP]]
Warning:not_parsed:ATOM.POSTSUPERSCRIPT>RELOP MathParser failed to match rule 'Anything'
	at 0303224.tex; line 525 col 6 - line 525 col 6
	In "$\displaystyle\tilde{S}^{ac}\stackrel{{\scriptstyle ab}}{{[k]}}\stackrel{{%
	\scriptstyle cd}}{{(k)}}=-\frac{i}{2}\eta^{cc}\stackrel{{\scriptstyle ab}}{{(k%
	)}}\stackrel{{\scriptstyle cd}}{{[k]}}.\@@ENDINLINEMATH"
	\tilde{S}[[UNKNOWN]] ^{ac}[[POSTSUPERSCRIPT]]
	        > \stackrel{{\scriptstyleab}}{{[k]}}[[RELOP]] \stackrel{{\scriptstylecd}}{{(k)}}[[RELOP]] =[[RELOP]] -[[ADDOP]] \frac{i}{2}[[UNKNOWN]] η[[UNKNOWN]] ^{cc}[[POSTSUPERSCRIPT]] \stackrel{{\scriptstyleab}}{{(k)}}[[RELOP]] \stackrel{{\scriptstylecd}}{{[k]}}[[RELOP]]
Warning:not_parsed:RELOP.RELOP.RELOP>ID MathParser failed to match rule 'Anything'
	at 0303224.tex; line 548 col 23 - line 548 col 23
	In "$\displaystyle\stackrel{{\scriptstyle 0d}}{{[k_{0d}]}}\stackrel{{\scriptstyle 1%
	2}}{{[k_{12}]}}\stackrel{{\scriptstyle 35}}{{(k_{35})}}\cdots\stackrel{{%
	\scriptstyle d-1\;d-2}}{{(k_{d-1\;d-2})}},\@@ENDINLINEMATH"
	\stackrel{{\scriptstyle0d}}{{[k_{0d}]}}[[RELOP]] \stackrel{{\scriptstyle12}}{{[k_{12}]}}[[RELOP]] \stackrel{{\scriptstyle35}}{{(k_{35})}}[[RELOP]]
	        > ⋯[[ID]] \stackrel{{\scriptstyled-1\;d-2}}{{(k_{d-1\;d-2})}}[[RELOP]]
Warning:not_parsed:RELOP.RELOP.RELOP>ID MathParser failed to match rule 'Anything'
	at 0303224.tex; line 548 col 23 - line 550 col 14
	In "$\displaystyle\stackrel{{\scriptstyle 0d}}{{[k_{0d}]}}\stackrel{{\scriptstyle 1%
	2}}{{[k_{12}]}}\stackrel{{\scriptstyle 35}}{{(k_{35})}}\cdots\stackrel{{%
	\scriptstyle d-1\;d-2}}{{(k_{d-1\;d-2})}},$"
	\stackrel{{\scriptstyle0d}}{{[k_{0d}]}}[[RELOP]] \stackrel{{\scriptstyle12}}{{[k_{12}]}}[[RELOP]] \stackrel{{\scriptstyle35}}{{(k_{35})}}[[RELOP]]
	        > ⋯[[ID]] \stackrel{{\scriptstyled-1\;d-2}}{{(k_{d-1\;d-2})}}[[RELOP]]
Warning:not_parsed:RELOP.RELOP.RELOP>OPEN MathParser failed to match rule 'Anything'
	at 0303224.tex; line 575 col 9 - line 575 col 9
	In "$\displaystyle\stackrel{{\scriptstyle 03}}{{(\pm i)}}\stackrel{{\scriptstyle 1%
	2}}{{(\pm)}}=(\frac{1}{2})^{2}\;(\gamma^{0}\mp\gamma^{3})\;(\gamma^{1}\pm i%
	\gamma^{2}),\quad\stackrel{{\scriptstyle 03}}{{(\pm i)}}\stackrel{{%
	\scriptstyle 12}}{{[\pm]}}\;=\;(\frac{1}{2})^{2}\;(\gamma^{0}\mp\gamma^{3})(1%
	\pm i\gamma^{1}\gamma^{2}),\@@ENDINLINEMATH"
	\stackrel{{\scriptstyle03}}{{(\pmi)}}[[RELOP]] \stackrel{{\scriptstyle12}}{{(\pm)}}[[RELOP]] =[[RELOP]]
	        > ([[OPEN]] \frac{1}{2}[[UNKNOWN]] )[[CLOSE]] ^{2}[[POSTSUPERSCRIPT]] ([[OPEN]] γ[[UNKNOWN]] ^{0}[[POSTSUPERSCRIPT]] ∓[[ADDOP]] γ[[UNKNOWN]] ^{3}[[POSTSUPERSCRIPT]] )[[CLOSE]] ([[OPEN]] γ[[UNKNOWN]] ^{1}[[POSTSUPERSCRIPT]] ±[[ADDOP]] i[[UNKNOWN]] γ[[UNKNOWN]] ^{2}[[POSTSUPERSCRIPT]] )[[CLOSE]] ,[[PUNCT]] \stackrel{{\scriptstyle03}}{{(\pmi)}}[[RELOP]] \stackrel{{\scriptstyle12}}{{[\pm]}}[[RELOP]] =[[RELOP]] ([[OPEN]] \frac{1}{2}[[UNKNOWN]] )[[CLOSE]] ^{2}[[POSTSUPERSCRIPT]] ([[OPEN]] γ[[UNKNOWN]] ^{0}[[POSTSUPERSCRIPT]] ∓[[ADDOP]] γ[[UNKNOWN]] ^{3}[[POSTSUPERSCRIPT]] )[[CLOSE]] ([[OPEN]] 1[[NUMBER]] ±[[ADDOP]] i[[UNKNOWN]] γ[[UNKNOWN]] ^{1}[[POSTSUPERSCRIPT]] γ[[UNKNOWN]] ^{2}[[POSTSUPERSCRIPT]] )[[CLOSE]]
Warning:not_parsed:UNKNOWN.POSTSUPERSCRIPT.CLOSE>PUNCT MathParser failed to match rule 'Anything'
	at 0303224.tex; line 575 col 34 - line 580 col 9
	In "$\displaystyle(\frac{1}{2})^{2}\;(\gamma^{0}\mp\gamma^{3})\;(\gamma^{1}\pm i%
	\gamma^{2}),\quad\stackrel{{\scriptstyle 03}}{{(\pm i)}}\stackrel{{%
	\scriptstyle 12}}{{[\pm]}}\;=\;(\frac{1}{2})^{2}\;(\gamma^{0}\mp\gamma^{3})(1%
	\pm i\gamma^{1}\gamma^{2}),$"
	([[OPEN]] \frac{1}{2}[[UNKNOWN]] )[[CLOSE]] ^{2}[[POSTSUPERSCRIPT]] ([[OPEN]] γ[[UNKNOWN]] ^{0}[[POSTSUPERSCRIPT]] ∓[[ADDOP]] γ[[UNKNOWN]] ^{3}[[POSTSUPERSCRIPT]] )[[CLOSE]] ([[OPEN]] γ[[UNKNOWN]] ^{1}[[POSTSUPERSCRIPT]] ±[[ADDOP]] i[[UNKNOWN]] γ[[UNKNOWN]] ^{2}[[POSTSUPERSCRIPT]] )[[CLOSE]]
	        > ,[[PUNCT]] \stackrel{{\scriptstyle03}}{{(\pmi)}}[[RELOP]] \stackrel{{\scriptstyle12}}{{[\pm]}}[[RELOP]] =[[RELOP]] ([[OPEN]] \frac{1}{2}[[UNKNOWN]] )[[CLOSE]] ^{2}[[POSTSUPERSCRIPT]] ([[OPEN]] γ[[UNKNOWN]] ^{0}[[POSTSUPERSCRIPT]] ∓[[ADDOP]] γ[[UNKNOWN]] ^{3}[[POSTSUPERSCRIPT]] )[[CLOSE]] ([[OPEN]] 1[[NUMBER]] ±[[ADDOP]] i[[UNKNOWN]] γ[[UNKNOWN]] ^{1}[[POSTSUPERSCRIPT]] γ[[UNKNOWN]] ^{2}[[POSTSUPERSCRIPT]] )[[CLOSE]]
Warning:not_parsed:RELOP.RELOP.RELOP>OPEN MathParser failed to match rule 'Anything'
	at 0303224.tex; line 581 col 9 - line 581 col 9
	In "$\displaystyle\stackrel{{\scriptstyle 03}}{{[\pm i]}}\stackrel{{\scriptstyle 1%
	2}}{{(\pm)}}=(\frac{1}{2})^{2}(1\pm\gamma^{0}\gamma^{3})\;(\gamma^{1}\pm i%
	\gamma^{2}),\quad\stackrel{{\scriptstyle 03}}{{[\pm i]}}\stackrel{{%
	\scriptstyle 12}}{{[\pm]}}\;=\;(\frac{1}{2})^{2}(1\pm\gamma^{0}\gamma^{3})(1%
	\pm i\gamma^{1}\gamma^{2}),\@@ENDINLINEMATH"
	\stackrel{{\scriptstyle03}}{{[\pmi]}}[[RELOP]] \stackrel{{\scriptstyle12}}{{(\pm)}}[[RELOP]] =[[RELOP]]
	        > ([[OPEN]] \frac{1}{2}[[UNKNOWN]] )[[CLOSE]] ^{2}[[POSTSUPERSCRIPT]] ([[OPEN]] 1[[NUMBER]] ±[[ADDOP]] γ[[UNKNOWN]] ^{0}[[POSTSUPERSCRIPT]] γ[[UNKNOWN]] ^{3}[[POSTSUPERSCRIPT]] )[[CLOSE]] ([[OPEN]] γ[[UNKNOWN]] ^{1}[[POSTSUPERSCRIPT]] ±[[ADDOP]] i[[UNKNOWN]] γ[[UNKNOWN]] ^{2}[[POSTSUPERSCRIPT]] )[[CLOSE]] ,[[PUNCT]] \stackrel{{\scriptstyle03}}{{[\pmi]}}[[RELOP]] \stackrel{{\scriptstyle12}}{{[\pm]}}[[RELOP]] =[[RELOP]] ([[OPEN]] \frac{1}{2}[[UNKNOWN]] )[[CLOSE]] ^{2}[[POSTSUPERSCRIPT]] ([[OPEN]] 1[[NUMBER]] ±[[ADDOP]] γ[[UNKNOWN]] ^{0}[[POSTSUPERSCRIPT]] γ[[UNKNOWN]] ^{3}[[POSTSUPERSCRIPT]] )[[CLOSE]] ([[OPEN]] 1[[NUMBER]] ±[[ADDOP]] i[[UNKNOWN]] γ[[UNKNOWN]] ^{1}[[POSTSUPERSCRIPT]] γ[[UNKNOWN]] ^{2}[[POSTSUPERSCRIPT]] )[[CLOSE]]
Warning:not_parsed:UNKNOWN.POSTSUPERSCRIPT.CLOSE>PUNCT MathParser failed to match rule 'Anything'
	at 0303224.tex; line 581 col 34 - line 586 col 14
	In "$\displaystyle(\frac{1}{2})^{2}(1\pm\gamma^{0}\gamma^{3})\;(\gamma^{1}\pm i%
	\gamma^{2}),\quad\stackrel{{\scriptstyle 03}}{{[\pm i]}}\stackrel{{%
	\scriptstyle 12}}{{[\pm]}}\;=\;(\frac{1}{2})^{2}(1\pm\gamma^{0}\gamma^{3})(1%
	\pm i\gamma^{1}\gamma^{2}),$"
	([[OPEN]] \frac{1}{2}[[UNKNOWN]] )[[CLOSE]] ^{2}[[POSTSUPERSCRIPT]] ([[OPEN]] 1[[NUMBER]] ±[[ADDOP]] γ[[UNKNOWN]] ^{0}[[POSTSUPERSCRIPT]] γ[[UNKNOWN]] ^{3}[[POSTSUPERSCRIPT]] )[[CLOSE]] ([[OPEN]] γ[[UNKNOWN]] ^{1}[[POSTSUPERSCRIPT]] ±[[ADDOP]] i[[UNKNOWN]] γ[[UNKNOWN]] ^{2}[[POSTSUPERSCRIPT]] )[[CLOSE]]
	        > ,[[PUNCT]] \stackrel{{\scriptstyle03}}{{[\pmi]}}[[RELOP]] \stackrel{{\scriptstyle12}}{{[\pm]}}[[RELOP]] =[[RELOP]] ([[OPEN]] \frac{1}{2}[[UNKNOWN]] )[[CLOSE]] ^{2}[[POSTSUPERSCRIPT]] ([[OPEN]] 1[[NUMBER]] ±[[ADDOP]] γ[[UNKNOWN]] ^{0}[[POSTSUPERSCRIPT]] γ[[UNKNOWN]] ^{3}[[POSTSUPERSCRIPT]] )[[CLOSE]] ([[OPEN]] 1[[NUMBER]] ±[[ADDOP]] i[[UNKNOWN]] γ[[UNKNOWN]] ^{1}[[POSTSUPERSCRIPT]] γ[[UNKNOWN]] ^{2}[[POSTSUPERSCRIPT]] )[[CLOSE]]
Warning:not_parsed:>OPEN MathParser failed to match rule 'Anything'
	at 0303224.tex; line 620 col 5 - line 620 col 18
	In "$(^{a}\psi_{i})_{1}$"
	> ([[OPEN]] ^{a}[[POSTSUPERSCRIPT]] ψ[[UNKNOWN]] _{i}[[POSTSUBSCRIPT]] )[[CLOSE]] _{1}[[POSTSUBSCRIPT]]
Warning:not_parsed:>OPEN MathParser failed to match rule 'Anything'
	at 0303224.tex; line 620 col 20 - line 620 col 33
	In "$(^{a}\psi_{i})_{2}$"
	> ([[OPEN]] ^{a}[[POSTSUPERSCRIPT]] ψ[[UNKNOWN]] _{i}[[POSTSUBSCRIPT]] )[[CLOSE]] _{2}[[POSTSUBSCRIPT]]
Warning:not_parsed:>OPEN MathParser failed to match rule 'Anything'
	at 0303224.tex; line 620 col 35 - line 620 col 48
	In "$(^{a}\psi_{i})_{3}$"
	> ([[OPEN]] ^{a}[[POSTSUPERSCRIPT]] ψ[[UNKNOWN]] _{i}[[POSTSUBSCRIPT]] )[[CLOSE]] _{3}[[POSTSUBSCRIPT]]
Warning:not_parsed:>OPEN MathParser failed to match rule 'Anything'
	at 0303224.tex; line 620 col 50 - line 620 col 63
	In "$(^{a}\psi_{i})_{4}$"
	> ([[OPEN]] ^{a}[[POSTSUPERSCRIPT]] ψ[[UNKNOWN]] _{i}[[POSTSUBSCRIPT]] )[[CLOSE]] _{4}[[POSTSUBSCRIPT]]
Warning:not_parsed:ATOM.POSTSUPERSCRIPT>FLOATSUBSCRIPT MathParser failed to match rule 'Anything'
	at 0303224.tex; line 719 col 7 - line 719 col 27
	In "$\tilde{\omega}^{ab}{}_{c}$"
	\tilde{\omega}[[UNKNOWN]] ^{ab}[[POSTSUPERSCRIPT]]
	        > {}_{c}[[FLOATSUBSCRIPT]]
Warning:not_parsed:UNKNOWN.POSTSUPERSCRIPT>FLOATSUBSCRIPT MathParser failed to match rule 'Anything'
	at 0303224.tex; line 722 col 1 - line 722 col 1
	In "$\displaystyle p^{a}{}_{o}=p^{a}-\frac{1}{2}\tilde{S}^{ab}\tilde{\omega}_{abc}%
	-\tau^{Ai}A^{Aia},\@@ENDINLINEMATH"
	p[[UNKNOWN]] ^{a}[[POSTSUPERSCRIPT]]
	        > {}_{o}[[FLOATSUBSCRIPT]] =[[RELOP]] p[[UNKNOWN]] ^{a}[[POSTSUPERSCRIPT]] -[[ADDOP]] \frac{1}{2}[[UNKNOWN]] \tilde{S}[[UNKNOWN]] ^{ab}[[POSTSUPERSCRIPT]] \tilde{\omega}[[UNKNOWN]] _{abc}[[POSTSUBSCRIPT]] -[[ADDOP]] τ[[UNKNOWN]] ^{Ai}[[POSTSUPERSCRIPT]] A[[UNKNOWN]] ^{Aia}[[POSTSUPERSCRIPT]]
Warning:not_parsed:UNKNOWN.POSTSUPERSCRIPT>FLOATSUBSCRIPT MathParser failed to match rule 'Anything'
	at 0303224.tex; line 722 col 1 - line 724 col 14
	In "$\displaystyle p^{a}{}_{o}=p^{a}-\frac{1}{2}\tilde{S}^{ab}\tilde{\omega}_{abc}%
	-\tau^{Ai}A^{Aia},$"
	p[[UNKNOWN]] ^{a}[[POSTSUPERSCRIPT]]
	        > {}_{o}[[FLOATSUBSCRIPT]] =[[RELOP]] p[[UNKNOWN]] ^{a}[[POSTSUPERSCRIPT]] -[[ADDOP]] \frac{1}{2}[[UNKNOWN]] \tilde{S}[[UNKNOWN]] ^{ab}[[POSTSUPERSCRIPT]] \tilde{\omega}[[UNKNOWN]] _{abc}[[POSTSUBSCRIPT]] -[[ADDOP]] τ[[UNKNOWN]] ^{Ai}[[POSTSUPERSCRIPT]] A[[UNKNOWN]] ^{Aia}[[POSTSUPERSCRIPT]]
 17.59 sec)
Math parsing succeeded:
   ltx:XMath: 365/448
   ltx:XMArg: 1634/1634
Symbols assumed as simple identifiers (with # of occurences):
   'A{italic}' (11), 'Gamma' (52), 'I{italic}' (4), 'O{italic}' (2), 'S{italic}' (110), 'U{italic}' (3), 'a{italic}' (490), 'b{italic}' (375), 'c{italic}' (63), 'd' (8), 'd{italic}' (151), 'eta' (95), 'even' (4), 'for' (10), 'gamma' (239), 'h{italic}' (1), 'if' (10), 'i{italic}' (82), 'k{italic}' (354), 'm{italic}' (10), 'n{italic}' (20), 'odd' (4), 'o{italic}' (2), 'psi' (30), 'p{italic}' (10), 'q{italic}' (2), 'tau' (5), 't{italic}' (1), 'while' (4), '{' (20)
Set MATHPARSER_SPECULATE to speculate on possible notations.
(Finalizing... 1.13 sec)
Conversion complete 83 warnings (See /home/user/latex-in-arxiv/0303224.latexml.log) (reqd. 33.27s)
