latexml (LaTeXML version 0.8.6) processing 2003/0303007.tex
(Digesting TeX 0303007...
(Loading /usr/share/perl5/LaTeXML/Package/TeX.pool.ltxml...
(Loading /usr/share/perl5/LaTeXML/Package/eTeX.pool.ltxml... 0.00 sec)
(Loading /usr/share/perl5/LaTeXML/Package/pdfTeX.pool.ltxml... 0.01 sec) 0.14 sec)
(Processing content /home/user/latex-in-arxiv/2003/0303007.tex...
(Processing content /usr/share/texlive/texmf-dist/tex/plain/harvmac/harvmac.tex...
 big or little (b/l)? 
(This will be reduced.
 0.19 sec)
(1. Introduction)
(2. Graviton axion-dilaton interaction from light cone string field theory)
(2.1. Some Key Results of the Light-Cone String Field Theory in PP-Wave)
(2.2. Graviton Dilaton-Axion Vertex)
(3. Graviton axion-dilaton coupling in pp-wave background from Type IIB supergavity in light-cone gauge)
(4. Conclusion)
(A. Three-Particle Bosonic Amplitudes)
(B. Integrals Involving Harmonic Oscillator Wave Functions)
(C. Some $\gamma $ matrix identities)
(Processing content refs.tmp... 0.31 sec) 10.25 sec) 10.45 sec)
(Building...
(Loading compiled schema /usr/share/perl5/LaTeXML/resources/RelaxNG/LaTeXML.model... 0.02 sec) 15.07 sec)
(Rewriting... 0.45 sec)
(Math Parsing 370 formulae ......
Warning:not_parsed:OPEN.UNKNOWN.UNKNOWN> MathParser failed to match rule 'Subscript'
	at 0303007.tex; line 259 col 0 - line 259 col 60
	In "$$t^{IJ}_{abcd}=\gamma^{IK}_{[ab}\gamma^{JK}_{cd]}$$"
	[[[OPEN]] a[[UNKNOWN]] b[[UNKNOWN]]
	        > 
Warning:not_parsed:UNKNOWN.UNKNOWN>CLOSE MathParser failed to match rule 'Subscript'
	at 0303007.tex; line 259 col 0 - line 259 col 60
	c[[UNKNOWN]] d[[UNKNOWN]]
	        > ][[CLOSE]]
Warning:not_parsed:>OPEN MathParser failed to match rule 'Anything'
	at 0303007.tex; line 278 col 0 - line 278 col 55
	In "$$\eqalign{{\tenrm P}^{I}{\tenrm P}^{J}|V\rangle=-\mu\alpha_{1}\alpha_{2}%
	\alpha_{3}&\biggl{[}\left(a_{1}^{I}+a_{1}^{\dagger I}\right)\left(a_{1}^{J}+a_%
	{1}^{\dagger J}\right)+\left(a_{2}^{I}+a_{2}^{\dagger I}\right)\left(a_{2}^{J}%
	+a_{2}^{\dagger J}\right)\cr&-\left(a_{3}^{I}+a_{3}^{\dagger I}\right)\left(a_%
	{3}^{J}+a_{3}^{\dagger J}\right)\biggr{]}|V\rangle\,.}$$"
	> [[[OPEN]] \left([[OPEN]] a[[UNKNOWN]] _{1}[[POSTSUBSCRIPT]] ^{I}[[POSTSUPERSCRIPT]] +[[ADDOP]] a[[UNKNOWN]] _{1}[[POSTSUBSCRIPT]] ^{\daggerI}[[POSTSUPERSCRIPT]] \right)[[CLOSE]] \left([[OPEN]] a[[UNKNOWN]] _{1}[[POSTSUBSCRIPT]] ^{J}[[POSTSUPERSCRIPT]] +[[ADDOP]] a[[UNKNOWN]] _{1}[[POSTSUBSCRIPT]] ^{\daggerJ}[[POSTSUPERSCRIPT]] \right)[[CLOSE]] +[[ADDOP]] \left([[OPEN]] a[[UNKNOWN]] _{2}[[POSTSUBSCRIPT]] ^{I}[[POSTSUPERSCRIPT]] +[[ADDOP]] a[[UNKNOWN]] _{2}[[POSTSUBSCRIPT]] ^{\daggerI}[[POSTSUPERSCRIPT]] \right)[[CLOSE]] \left([[OPEN]] a[[UNKNOWN]] _{2}[[POSTSUBSCRIPT]] ^{J}[[POSTSUPERSCRIPT]] +[[ADDOP]] a[[UNKNOWN]] _{2}[[POSTSUBSCRIPT]] ^{\daggerJ}[[POSTSUPERSCRIPT]] \right)[[CLOSE]]
Warning:not_parsed:POSTSUBSCRIPT.POSTSUPERSCRIPT.CLOSE>CLOSE MathParser failed to match rule 'Anything'
	at 0303007.tex; line 278 col 0 - line 278 col 55
	-[[ADDOP]] \left([[OPEN]] a[[UNKNOWN]] _{3}[[POSTSUBSCRIPT]] ^{I}[[POSTSUPERSCRIPT]] +[[ADDOP]] a[[UNKNOWN]] _{3}[[POSTSUBSCRIPT]] ^{\daggerI}[[POSTSUPERSCRIPT]] \right)[[CLOSE]] \left([[OPEN]] a[[UNKNOWN]] _{3}[[POSTSUBSCRIPT]] ^{J}[[POSTSUPERSCRIPT]] +[[ADDOP]] a[[UNKNOWN]] _{3}[[POSTSUBSCRIPT]] ^{\daggerJ}[[POSTSUPERSCRIPT]] \right)[[CLOSE]]
	        > ][[CLOSE]] |[[VERTBAR]] V[[UNKNOWN]] \rangle[[CLOSE]]
Warning:not_parsed:POSTSUBSCRIPT.VERTBAR.NUMBER>CLOSE MathParser failed to match rule 'Anything'
	at 0303007.tex; line 353 col 0 - line 353 col 46
	In "$$\eqalign{A_{h\tau\bar{\tau}}(1,2,3)&=\langle\{k^{1}_{I}\}|\hat{\theta}_{1}^{%
	a_{1}}\hat{\theta}_{1}^{a_{2}}\hat{\theta}_{1}^{a_{3}}\hat{\theta}_{1}^{a_{4}}%
	{1\over 4!}A_{a_{1}a_{2}a_{3}a_{4}}\left(\alpha_{1},\{k^{1}_{I}\}\right)\,%
	\langle\{k^{2}_{I}\}|{4\over\alpha_{2}^{2}}\bar{\tau}\left(\alpha_{2},\{k^{2}_%
	{I}\}\right)\cr&\times\langle\{k^{3}_{I}\}|\hat{\theta}_{3}^{b_{1}}\hat{\theta%
	}_{3}^{b_{2}}\hat{\theta}_{3}^{b_{3}}\hat{\theta}_{3}^{b_{4}}\hat{\theta}_{3}^%
	{b_{5}}\hat{\theta}_{3}^{b_{6}}\hat{\theta}_{3}^{b_{7}}\hat{\theta}_{3}^{b_{8}%
	}{1\over 8!}\epsilon_{b_{1}b_{2}b_{3}b_{4}b_{5}b_{6}b_{7}b_{8}}{\alpha_{3}^{2}%
	\over 4}\tau\left(\alpha_{3},\{k^{3}_{I}\}\right)\cr&\times{\alpha_{2}^{4}%
	\over{6(\alpha_{1}\alpha_{2}\alpha_{3})^{2}}}t^{JK}_{c_{1}c_{2}c_{3}c_{4}}\hat%
	{\lambda}^{c_{1}}_{1}\hat{\lambda}^{c_{2}}_{1}\hat{\lambda}^{c_{3}}_{1}\hat{%
	\lambda}^{c_{4}}_{1}\cr&\times{1\over 8!}\epsilon_{d_{1}d_{2}d_{3}d_{4}d_{5}d_%
	{6}d_{7}d_{8}}\hat{\lambda}_{3}^{d_{1}}\hat{\lambda}_{3}^{d_{2}}\hat{\lambda}_%
	{3}^{d_{3}}\hat{\lambda}_{3}^{d_{4}}\hat{\lambda}_{3}^{d_{5}}\hat{\lambda}_{3}%
	^{d_{6}}\hat{\lambda}_{3}^{d_{7}}\hat{\lambda}_{3}^{d_{8}}{\tenrm P}^{J}{%
	\tenrm P}^{K}E^{0}_{a}|0\rangle+c.c.\,\,,}$$"
	×[[MULOP]] 1\over8![[UNKNOWN]] ϵ[[UNKNOWN]] _{d_{1}d_{2}d_{3}d_{4}d_{5}d_{6}d_{7}d_{8}}[[POSTSUBSCRIPT]] \hat{\lambda}[[UNKNOWN]] _{3}[[POSTSUBSCRIPT]] ^{d_{1}}[[POSTSUPERSCRIPT]] \hat{\lambda}[[UNKNOWN]] _{3}[[POSTSUBSCRIPT]] ^{d_{2}}[[POSTSUPERSCRIPT]] \hat{\lambda}[[UNKNOWN]] _{3}[[POSTSUBSCRIPT]] ^{d_{3}}[[POSTSUPERSCRIPT]] \hat{\lambda}[[UNKNOWN]] _{3}[[POSTSUBSCRIPT]] ^{d_{4}}[[POSTSUPERSCRIPT]] \hat{\lambda}[[UNKNOWN]] _{3}[[POSTSUBSCRIPT]] ^{d_{5}}[[POSTSUPERSCRIPT]] \hat{\lambda}[[UNKNOWN]] _{3}[[POSTSUBSCRIPT]] ^{d_{6}}[[POSTSUPERSCRIPT]] \hat{\lambda}[[UNKNOWN]] _{3}[[POSTSUBSCRIPT]] ^{d_{7}}[[POSTSUPERSCRIPT]] \hat{\lambda}[[UNKNOWN]] _{3}[[POSTSUBSCRIPT]] ^{d_{8}}[[POSTSUPERSCRIPT]] P[[UNKNOWN]] ^{J}[[POSTSUPERSCRIPT]] P[[UNKNOWN]] ^{K}[[POSTSUPERSCRIPT]] E[[UNKNOWN]] ^{0}[[POSTSUPERSCRIPT]] _{a}[[POSTSUBSCRIPT]] |[[VERTBAR]] 0[[NUMBER]]
	        > \rangle[[CLOSE]] +[[ADDOP]] c[[UNKNOWN]] .[[PERIOD]] c[[UNKNOWN]]
Warning:not_parsed:CLOSE.ADDOP.UNKNOWN>PERIOD MathParser failed to match rule 'Anything'
	at 0303007.tex; line 369 col 0 - line 369 col 88
	In "$$\eqalign{A_{h\tau\bar{\tau}}(1,2,3)&={1\over 3\alpha_{1}^{2}}\langle\{k^{1}_%
	{I}\}|\langle\{k^{2}_{I}\}|\langle\{k^{3}_{I}\}|{\tenrm P}^{J}{\tenrm P}^{K}E^%
	{0}_{a}|0\rangle\cr&\times{1\over 2}t^{JK}_{c_{1}c_{2}c_{3}c_{4}}A^{c_{1}c_{2}%
	c_{3}c_{4}}\left(\alpha_{1},\{k^{1}_{I}\}\right)\bar{\tau}\left(\alpha_{2},\{k%
	^{2}_{I}\}\right)\tau\left(\alpha_{3},\{k^{3}_{I}\}\right)+c.c.\,\,\,.}$$"
	×[[MULOP]] 1\over2[[UNKNOWN]] t[[UNKNOWN]] ^{JK}[[POSTSUPERSCRIPT]] _{c_{1}c_{2}c_{3}c_{4}}[[POSTSUBSCRIPT]] A[[UNKNOWN]] ^{c_{1}c_{2}c_{3}c_{4}}[[POSTSUPERSCRIPT]] \left([[OPEN]] α[[UNKNOWN]] _{1}[[POSTSUBSCRIPT]] ,[[PUNCT]] \{[[OPEN]] k[[UNKNOWN]] ^{1}[[POSTSUPERSCRIPT]] _{I}[[POSTSUBSCRIPT]] \}[[CLOSE]] \right)[[CLOSE]] \bar{\tau}[[UNKNOWN]] \left([[OPEN]] α[[UNKNOWN]] _{2}[[POSTSUBSCRIPT]] ,[[PUNCT]] \{[[OPEN]] k[[UNKNOWN]] ^{2}[[POSTSUPERSCRIPT]] _{I}[[POSTSUBSCRIPT]] \}[[CLOSE]] \right)[[CLOSE]] τ[[UNKNOWN]] \left([[OPEN]] α[[UNKNOWN]] _{3}[[POSTSUBSCRIPT]] ,[[PUNCT]] \{[[OPEN]] k[[UNKNOWN]] ^{3}[[POSTSUPERSCRIPT]] _{I}[[POSTSUBSCRIPT]] \}[[CLOSE]] \right)[[CLOSE]] +[[ADDOP]] c[[UNKNOWN]]
	        > .[[PERIOD]] c[[UNKNOWN]]
Warning:not_parsed:CLOSE.ADDOP.UNKNOWN>PERIOD MathParser failed to match rule 'Anything'
	at 0303007.tex; line 378 col 0 - line 378 col 65
	In "$$\eqalign{A_{h\tau\bar{\tau}}(1,2,3)&={1\over 3\alpha_{1}^{2}}\prod_{I=1}^{8}%
	{i^{k^{1}_{I}+k^{2}_{I}+k^{3}_{I}}\over\sqrt{k^{1}_{I}!k^{2}_{I}!k^{3}_{I}!}}%
	\langle 0|\left(a^{I}_{1}\right)^{k^{1}_{I}}\left(a^{I}_{2}\right)^{k^{2}_{I}}%
	\left(a^{I}_{3}\right)^{k^{3}_{I}}{\tenrm P}^{J}{\tenrm P}^{K}E^{0}_{a}|0%
	\rangle\cr&\times h^{JK}\left(\alpha_{1},\{k^{1}_{I}\}\right)\bar{\tau}\left(%
	\alpha_{2},\{k^{2}_{I}\}\right)\tau\left(\alpha_{3},\{k^{3}_{I}\}\right)+c.c.%
	\,\,\,.}$$"
	×[[MULOP]] h[[UNKNOWN]] ^{JK}[[POSTSUPERSCRIPT]] \left([[OPEN]] α[[UNKNOWN]] _{1}[[POSTSUBSCRIPT]] ,[[PUNCT]] \{[[OPEN]] k[[UNKNOWN]] ^{1}[[POSTSUPERSCRIPT]] _{I}[[POSTSUBSCRIPT]] \}[[CLOSE]] \right)[[CLOSE]] \bar{\tau}[[UNKNOWN]] \left([[OPEN]] α[[UNKNOWN]] _{2}[[POSTSUBSCRIPT]] ,[[PUNCT]] \{[[OPEN]] k[[UNKNOWN]] ^{2}[[POSTSUPERSCRIPT]] _{I}[[POSTSUBSCRIPT]] \}[[CLOSE]] \right)[[CLOSE]] τ[[UNKNOWN]] \left([[OPEN]] α[[UNKNOWN]] _{3}[[POSTSUBSCRIPT]] ,[[PUNCT]] \{[[OPEN]] k[[UNKNOWN]] ^{3}[[POSTSUPERSCRIPT]] _{I}[[POSTSUBSCRIPT]] \}[[CLOSE]] \right)[[CLOSE]] +[[ADDOP]] c[[UNKNOWN]]
	        > .[[PERIOD]] c[[UNKNOWN]]
Warning:not_parsed:>OPEN MathParser failed to match rule 'Anything'
	at 0303007.tex; line 417 col 0 - line 417 col 67
	In "$$\eqalign{&A_{h\tau\bar{\tau}}(1,2,3)={1\over 3\alpha_{1}^{2}}\prod_{I=1}^{8}%
	{i^{k^{1}_{I}+k^{2}_{I}+k^{3}_{I}}\over\sqrt{k^{1}_{I}!k^{2}_{I}!k^{3}_{I}!}}%
	\cr\times&\biggl{(}\prod_{I=1}^{8}\langle 0|\left(a^{I}_{1}\right)^{k^{1}_{I}}%
	\left(a^{I}_{2}\right)^{k^{2}_{I}}\left(a^{I}_{3}\right)^{k^{3}_{I}}{\tenrm P}%
	^{i}{\tenrm P}^{j}E^{0}_{a}|0\rangle h^{\bot}_{1\,ij}\bar{\tau}_{2}\tau_{3}\cr%
	+&\prod_{I=1}^{8}\langle 0|\left(a^{I}_{1}\right)^{k^{1}_{I}}\left(a^{I}_{2}%
	\right)^{k^{2}_{I}}\left(a^{I}_{3}\right)^{k^{3}_{I}}{\tenrm P}^{i^{\prime}}{%
	\tenrm P}^{j^{\prime}}E^{0}_{a}|0\rangle h^{\bot}_{1\,i^{\prime}j^{\prime}}%
	\bar{\tau}_{2}\tau_{3}\cr+&\prod_{I=1}^{8}\langle 0|\left(a^{I}_{1}\right)^{k^%
	{1}_{I}}\left(a^{I}_{2}\right)^{k^{2}_{I}}\left(a^{I}_{3}\right)^{k^{3}_{I}}{%
	\tenrm P}^{i}{\tenrm P}^{j^{\prime}}E^{0}_{a}|0\rangle{\tenrm h_{1\,ij^{\prime%
	}}}\bar{\tau}_{2}\tau_{3}\cr+&\prod_{I=1}^{8}\langle 0|\left(a^{I}_{1}\right)^%
	{k^{1}_{I}}\left(a^{I}_{2}\right)^{k^{2}_{I}}\left(a^{I}_{3}\right)^{k^{3}_{I}%
	}{\tenrm P}^{i}{\tenrm P}^{j^{\prime}}E^{0}_{a}|0\rangle{\tenrm\bar{h}_{1\,ij^%
	{\prime}}}\bar{\tau}_{2}\tau_{3}\cr+&{1\over 8}\prod_{I=1}^{8}\langle 0|\left(%
	a^{I}_{1}\right)^{k^{1}_{I}}\left(a^{I}_{2}\right)^{k^{2}_{I}}\left(a^{I}_{3}%
	\right)^{k^{3}_{I}}\left({\tenrm P}^{i}{\tenrm P}^{i}-{\tenrm P}^{i^{\prime}}{%
	\tenrm P}^{i^{\prime}}\right)E^{0}_{a}|0\rangle{\tenrm h_{1}\bar{\tau}_{2}\tau%
	_{3}}\cr+&{1\over 8}\prod_{I=1}^{8}\langle 0|\left(a^{I}_{1}\right)^{k^{1}_{I}%
	}\left(a^{I}_{2}\right)^{k^{2}_{I}}\left(a^{I}_{3}\right)^{k^{3}_{I}}\left({%
	\tenrm P}^{i}{\tenrm P}^{i}-{\tenrm P}^{i^{\prime}}{\tenrm P}^{i^{\prime}}%
	\right)E^{0}_{a}|0\rangle{\tenrm\bar{h}_{1}\bar{\tau}_{2}\tau_{3}}\biggr{)}+c.%
	c.\,\,\,.}$$"
	> ([[OPEN]] ∏[[SUMOP]] _{I=1}[[POSTSUBSCRIPT]] ^{8}[[POSTSUPERSCRIPT]] \langle[[OPEN]] 0[[NUMBER]] |[[VERTBAR]] \left([[OPEN]] a[[UNKNOWN]] ^{I}[[POSTSUPERSCRIPT]] _{1}[[POSTSUBSCRIPT]] \right)[[CLOSE]] ^{k^{1}_{I}}[[POSTSUPERSCRIPT]] \left([[OPEN]] a[[UNKNOWN]] ^{I}[[POSTSUPERSCRIPT]] _{2}[[POSTSUBSCRIPT]] \right)[[CLOSE]] ^{k^{2}_{I}}[[POSTSUPERSCRIPT]] \left([[OPEN]] a[[UNKNOWN]] ^{I}[[POSTSUPERSCRIPT]] _{3}[[POSTSUBSCRIPT]] \right)[[CLOSE]] ^{k^{3}_{I}}[[POSTSUPERSCRIPT]] P[[UNKNOWN]] ^{i}[[POSTSUPERSCRIPT]] P[[UNKNOWN]] ^{j}[[POSTSUPERSCRIPT]] E[[UNKNOWN]] ^{0}[[POSTSUPERSCRIPT]] _{a}[[POSTSUBSCRIPT]] |[[VERTBAR]] 0[[NUMBER]] \rangle[[CLOSE]] h[[UNKNOWN]] ^{\bot}[[POSTSUPERSCRIPT]] _{1\,ij}[[POSTSUBSCRIPT]] \bar{\tau}[[UNKNOWN]] _{2}[[POSTSUBSCRIPT]] τ[[UNKNOWN]] _{3}[[POSTSUBSCRIPT]]
Warning:not_parsed:POSTSUBSCRIPT.UNKNOWN.POSTSUBSCRIPT>CLOSE MathParser failed to match rule 'Anything'
	at 0303007.tex; line 417 col 0 - line 417 col 67
	1\over8[[UNKNOWN]] ∏[[SUMOP]] _{I=1}[[POSTSUBSCRIPT]] ^{8}[[POSTSUPERSCRIPT]] \langle[[OPEN]] 0[[NUMBER]] |[[VERTBAR]] \left([[OPEN]] a[[UNKNOWN]] ^{I}[[POSTSUPERSCRIPT]] _{1}[[POSTSUBSCRIPT]] \right)[[CLOSE]] ^{k^{1}_{I}}[[POSTSUPERSCRIPT]] \left([[OPEN]] a[[UNKNOWN]] ^{I}[[POSTSUPERSCRIPT]] _{2}[[POSTSUBSCRIPT]] \right)[[CLOSE]] ^{k^{2}_{I}}[[POSTSUPERSCRIPT]] \left([[OPEN]] a[[UNKNOWN]] ^{I}[[POSTSUPERSCRIPT]] _{3}[[POSTSUBSCRIPT]] \right)[[CLOSE]] ^{k^{3}_{I}}[[POSTSUPERSCRIPT]] \left([[OPEN]] P[[UNKNOWN]] ^{i}[[POSTSUPERSCRIPT]] P[[UNKNOWN]] ^{i}[[POSTSUPERSCRIPT]] -[[ADDOP]] P[[UNKNOWN]] ^{i^{\prime}}[[POSTSUPERSCRIPT]] P[[UNKNOWN]] ^{i^{\prime}}[[POSTSUPERSCRIPT]] \right)[[CLOSE]] E[[UNKNOWN]] ^{0}[[POSTSUPERSCRIPT]] _{a}[[POSTSUBSCRIPT]] |[[VERTBAR]] 0[[NUMBER]] \rangle[[CLOSE]] \bar{h}[[UNKNOWN]] _{1}[[POSTSUBSCRIPT]] \bar{\tau}[[UNKNOWN]] _{2}[[POSTSUBSCRIPT]] τ[[UNKNOWN]] _{3}[[POSTSUBSCRIPT]]
	        > )[[CLOSE]] +[[ADDOP]] c[[UNKNOWN]] .[[PERIOD]] c[[UNKNOWN]]
Warning:not_parsed:NUMBER>VERTBAR MathParser failed to match rule 'Superscript'
	at 0303007.tex; line 422 col 0 - line 422 col 68
	In "$$\left({\tenrm P}^{i}{\tenrm P}^{i}-{\tenrm P}^{i^{\prime}}{\tenrm P}^{i^{%
	\prime}}\right)=-\alpha_{1}\alpha_{2}\alpha_{3}\left(\left(p^{1\,\|}_{+}+p^{2%
	\,\|}_{+}-p^{3\,\|}_{+}\right)-\left(p^{1\,\bot}_{+}+p^{2\,\bot}_{+}-p^{3\,%
	\bot}_{+}\right)\right)$$"
	1[[NUMBER]]
	        > ∥[[VERTBAR]]
Warning:not_parsed:NUMBER>VERTBAR MathParser failed to match rule 'Superscript'
	at 0303007.tex; line 422 col 0 - line 422 col 68
	2[[NUMBER]]
	        > ∥[[VERTBAR]]
Warning:not_parsed:NUMBER>VERTBAR MathParser failed to match rule 'Superscript'
	at 0303007.tex; line 422 col 0 - line 422 col 68
	3[[NUMBER]]
	        > ∥[[VERTBAR]]
Warning:not_parsed:NUMBER>VERTBAR MathParser failed to match rule 'Superscript'
	at 0303007.tex; line 425 col 0 - line 425 col 64
	In "$$E^{\|}_{123}=p^{1\,\|}_{+}+p^{2\,\|}_{+}-p^{3\,\|}_{+},\,\,\,E^{\bot}_{123}=%
	p^{1\,\bot}_{+}+p^{2\,\bot}_{+}-p^{3\,\bot}_{+},$$"
	1[[NUMBER]]
	        > ∥[[VERTBAR]]
Warning:not_parsed:NUMBER>VERTBAR MathParser failed to match rule 'Superscript'
	at 0303007.tex; line 425 col 0 - line 425 col 64
	2[[NUMBER]]
	        > ∥[[VERTBAR]]
Warning:not_parsed:NUMBER>VERTBAR MathParser failed to match rule 'Superscript'
	at 0303007.tex; line 425 col 0 - line 425 col 64
	3[[NUMBER]]
	        > ∥[[VERTBAR]]
Warning:not_parsed:UNKNOWN.RELOP.NUMBER>PUNCT MathParser failed to match rule 'Anything'
	at 0303007.tex; line 426 col 19 - line 426 col 27
	In "$i=1,..,4$"
	i[[UNKNOWN]] =[[RELOP]] 1[[NUMBER]]
	        > ,[[PUNCT]] .[[PERIOD]] .[[PERIOD]] ,[[PUNCT]] 4[[NUMBER]]
Warning:not_parsed:POSTSUPERSCRIPT.RELOP.NUMBER>PUNCT MathParser failed to match rule 'Anything'
	at 0303007.tex; line 426 col 47 - line 426 col 64
	In "$i^{\prime}=5,..,8$"
	i[[UNKNOWN]] ^{\prime}[[POSTSUPERSCRIPT]] =[[RELOP]] 5[[NUMBER]]
	        > ,[[PUNCT]] .[[PERIOD]] .[[PERIOD]] ,[[PUNCT]] 8[[NUMBER]]
Warning:not_parsed:MULOP.ATOM>OPEN MathParser failed to match rule 'Anything'
	at 0303007.tex; line 470 col 0 - line 470 col 89
	In "$$\eqalign{&A_{h\tau\bar{\tau}\,\{{\{n^{1}_{I}\},\{n^{2}_{I}\};\{n^{3}_{I}\}\}%
	}}\left(\alpha_{1},\alpha_{2};\alpha_{3}\right)=\left(-\mu\alpha_{1}\alpha_{2}%
	\alpha_{3}\right)\cr&\times{1\over 3\alpha_{1}^{2}}\biggl{[}\sum_{i\not=j}%
	\left[G^{i}_{1}G^{j}_{1}+G^{i}_{2}G^{j}_{2}-G^{i}_{3}G^{j}_{3}\right]h^{\bot}_%
	{1\,ij}\bar{\tau}_{2}\tau_{3}\prod_{\scriptstyle I=1\atop\scriptstyle I\not=i,%
	\,j}^{8}K_{\{n^{1}_{I},n^{2}_{I};n^{3}_{I}\}}\left(\alpha_{1},\,\alpha_{2};\,%
	\alpha_{3}\right)\cr&+\sum_{i}\left[n^{1}_{i}+n^{2}_{i}-n^{3}_{i}\right]h^{%
	\bot}_{1\,ii}\bar{\tau}_{2}\tau_{3}\prod_{\scriptstyle I=1}^{8}K_{\{n^{1}_{I},%
	n^{2}_{I};n^{3}_{I}\}}\left(\alpha_{1},\,\alpha_{2};\,\alpha_{3}\right)\cr&+%
	\sum_{i^{\prime}\not=j^{\prime}}\left[G^{i^{\prime}}_{1}G^{j^{\prime}}_{1}+G^{%
	i^{\prime}}_{2}G^{j^{\prime}}_{2}-G^{i^{\prime}}_{3}G^{j^{\prime}}_{3}\right]h%
	^{\bot}_{1\,i^{\prime}j^{\prime}}\bar{\tau}_{2}\tau_{3}\prod_{\scriptstyle I=1%
	\atop\scriptstyle I\not=i^{\prime},\,j^{\prime}}^{8}K_{\{n^{1}_{I},n^{2}_{I};n%
	^{3}_{I}\}}\left(\alpha_{1},\,\alpha_{2};\,\alpha_{3}\right)\cr&+\sum_{i^{%
	\prime}}\left[n^{1}_{i^{\prime}}+n^{2}_{i^{\prime}}-n^{3}_{i^{\prime}}\right]h%
	^{\bot}_{1\,i^{\prime}i^{\prime}}\bar{\tau}_{2}\tau_{3}\prod_{\scriptstyle I=1%
	}^{8}K_{\{n^{1}_{I},n^{2}_{I};n^{3}_{I}\}}\left(\alpha_{1},\,\alpha_{2};\,%
	\alpha_{3}\right)\cr&+\sum_{i\,j^{\prime}}\left[G^{i}_{1}G^{j^{\prime}}_{1}+G^%
	{i}_{2}G^{j^{\prime}}_{2}-G^{i}_{3}G^{j^{\prime}}_{3}\right]{\tenrm h_{1\,ij^{%
	\prime}}}\bar{\tau}_{2}\tau_{3}\prod_{\scriptstyle I=1\atop\scriptstyle I\not=%
	i,\,j^{\prime}}^{8}K_{\{n^{1}_{I},n^{2}_{I};n^{3}_{I}\}}\left(\alpha_{1},\,%
	\alpha_{2};\,\alpha_{3}\right)\cr&+\sum_{i\,j^{\prime}}\left[G^{i}_{1}G^{j^{%
	\prime}}_{1}+G^{i}_{2}G^{j^{\prime}}_{2}-G^{i}_{3}G^{j^{\prime}}_{3}\right]{%
	\tenrm\bar{h}_{1\,ij^{\prime}}}\bar{\tau}_{2}\tau_{3}\prod_{\scriptstyle I=1%
	\atop\scriptstyle I\not=i,\,j^{\prime}}^{8}K_{\{n^{1}_{I},n^{2}_{I};n^{3}_{I}%
	\}}\left(\alpha_{1},\,\alpha_{2};\,\alpha_{3}\right)\cr&+{1\over 8\mu}\left[E^%
	{\|}_{123}-E^{\bot}_{123}\right]{\tenrm h_{1}\bar{\tau}_{2}\tau_{3}}\prod_{%
	\scriptstyle I=1}^{8}K_{\{n^{1}_{I},n^{2}_{I};n^{3}_{I}\}}\left(\alpha_{1},\,%
	\alpha_{2};\,\alpha_{3}\right)\cr&+{1\over 8\mu}\left[E^{\|}_{123}-E^{\bot}_{1%
	23}\right]{\tenrm\bar{h}_{1}\bar{\tau}_{2}\tau_{3}}\prod_{\scriptstyle I=1}^{8%
	}K_{\{n^{1}_{I},n^{2}_{I};n^{3}_{I}\}}\left(\alpha_{1},\,\alpha_{2};\,\alpha_{%
	3}\right)\biggr{]}+c.c.\,\,\,.}$$"
	×[[MULOP]] 1\over3\alpha_{1}^{2}[[UNKNOWN]]
	        > [[[OPEN]] ∑[[SUMOP]] _{i\not=j}[[POSTSUBSCRIPT]] \left[[[OPEN]] G[[UNKNOWN]] ^{i}[[POSTSUPERSCRIPT]] _{1}[[POSTSUBSCRIPT]] G[[UNKNOWN]] ^{j}[[POSTSUPERSCRIPT]] _{1}[[POSTSUBSCRIPT]] +[[ADDOP]] G[[UNKNOWN]] ^{i}[[POSTSUPERSCRIPT]] _{2}[[POSTSUBSCRIPT]] G[[UNKNOWN]] ^{j}[[POSTSUPERSCRIPT]] _{2}[[POSTSUBSCRIPT]] -[[ADDOP]] G[[UNKNOWN]] ^{i}[[POSTSUPERSCRIPT]] _{3}[[POSTSUBSCRIPT]] G[[UNKNOWN]] ^{j}[[POSTSUPERSCRIPT]] _{3}[[POSTSUBSCRIPT]] \right][[CLOSE]] h[[UNKNOWN]] ^{\bot}[[POSTSUPERSCRIPT]] _{1\,ij}[[POSTSUBSCRIPT]] \bar{\tau}[[UNKNOWN]] _{2}[[POSTSUBSCRIPT]] τ[[UNKNOWN]] _{3}[[POSTSUBSCRIPT]] ∏[[SUMOP]] _{\scriptstyleI=1\atop\scriptstyleI\not=i,\,j}[[POSTSUBSCRIPT]] ^{8}[[POSTSUPERSCRIPT]] K[[UNKNOWN]] _{\{n^{1}_{I},n^{2}_{I};n^{3}_{I}\}}[[POSTSUBSCRIPT]] \left([[OPEN]] α[[UNKNOWN]] _{1}[[POSTSUBSCRIPT]] ,[[PUNCT]] α[[UNKNOWN]] _{2}[[POSTSUBSCRIPT]] ;[[PUNCT]] α[[UNKNOWN]] _{3}[[POSTSUBSCRIPT]] \right)[[CLOSE]]
Warning:not_parsed:UNKNOWN.POSTSUBSCRIPT.CLOSE>CLOSE MathParser failed to match rule 'Anything'
	at 0303007.tex; line 470 col 0 - line 470 col 89
	+[[ADDOP]] 1\over8\mu[[UNKNOWN]] \left[[[OPEN]] E[[UNKNOWN]] ^{\|}[[POSTSUPERSCRIPT]] _{123}[[POSTSUBSCRIPT]] -[[ADDOP]] E[[UNKNOWN]] ^{\bot}[[POSTSUPERSCRIPT]] _{123}[[POSTSUBSCRIPT]] \right][[CLOSE]] \bar{h}[[UNKNOWN]] _{1}[[POSTSUBSCRIPT]] \bar{\tau}[[UNKNOWN]] _{2}[[POSTSUBSCRIPT]] τ[[UNKNOWN]] _{3}[[POSTSUBSCRIPT]] ∏[[SUMOP]] _{\scriptstyleI=1}[[POSTSUBSCRIPT]] ^{8}[[POSTSUPERSCRIPT]] K[[UNKNOWN]] _{\{n^{1}_{I},n^{2}_{I};n^{3}_{I}\}}[[POSTSUBSCRIPT]] \left([[OPEN]] α[[UNKNOWN]] _{1}[[POSTSUBSCRIPT]] ,[[PUNCT]] α[[UNKNOWN]] _{2}[[POSTSUBSCRIPT]] ;[[PUNCT]] α[[UNKNOWN]] _{3}[[POSTSUBSCRIPT]] \right)[[CLOSE]]
	        > ][[CLOSE]] +[[ADDOP]] c[[UNKNOWN]] .[[PERIOD]] c[[UNKNOWN]]
Warning:not_parsed:MULOP>OPEN MathParser failed to match rule 'Anything'
	at 0303007.tex; line 512 col 0 - line 512 col 42
	In "$$\eqalign{&A_{h\tau\bar{\tau}\,\{{\{n^{1}_{I}\},\{n^{2}_{I}\};\{n^{3}_{I}\}\}%
	}}\left(\alpha_{1},\alpha_{2};\alpha_{3}\right)=\left(-{\mu\alpha_{1}\alpha_{2%
	}\alpha_{3}\over 3}\right)\cr&\times\biggl{(}{1\over\alpha_{1}^{2}}\sum_{i\,j^%
	{\prime}}\left[G^{i}_{1}G^{j^{\prime}}_{1}+G^{i}_{2}G^{j^{\prime}}_{2}-G^{i}_{%
	3}G^{j^{\prime}}_{3}\right]{\tenrm h}_{1\,ij^{\prime}}\bar{\tau}_{2}\tau_{3}%
	\prod_{\scriptstyle I=1\atop\scriptstyle I\not=i,\,j^{\prime}}^{8}K_{\{n^{1}_{%
	I},n^{2}_{I};n^{3}_{I}\}}\left(\alpha_{1},\,\alpha_{2};\,\alpha_{3}\right)\cr&%
	+{1\over 8\mu\alpha_{1}^{2}}\left[E^{\|}_{123}-E^{\bot}_{123}\right]{\tenrm h_%
	{1}}\bar{\tau}_{2}\tau_{3}\prod_{\scriptstyle I=1}^{8}K_{\{n^{1}_{I},n^{2}_{I}%
	;n^{3}_{I}\}}\left(\alpha_{1},\,\alpha_{2};\,\alpha_{3}\right)+(\tau%
	\leftrightarrow\bar{\tau})\biggr{)}\,.}$$"
	×[[MULOP]]
	        > ([[OPEN]] 1\over\alpha_{1}^{2}[[UNKNOWN]] ∑[[SUMOP]] _{i\,j^{\prime}}[[POSTSUBSCRIPT]] \left[[[OPEN]] G[[UNKNOWN]] ^{i}[[POSTSUPERSCRIPT]] _{1}[[POSTSUBSCRIPT]] G[[UNKNOWN]] ^{j^{\prime}}[[POSTSUPERSCRIPT]] _{1}[[POSTSUBSCRIPT]] +[[ADDOP]] G[[UNKNOWN]] ^{i}[[POSTSUPERSCRIPT]] _{2}[[POSTSUBSCRIPT]] G[[UNKNOWN]] ^{j^{\prime}}[[POSTSUPERSCRIPT]] _{2}[[POSTSUBSCRIPT]] -[[ADDOP]] G[[UNKNOWN]] ^{i}[[POSTSUPERSCRIPT]] _{3}[[POSTSUBSCRIPT]] G[[UNKNOWN]] ^{j^{\prime}}[[POSTSUPERSCRIPT]] _{3}[[POSTSUBSCRIPT]] \right][[CLOSE]] h[[UNKNOWN]] _{1\,ij^{\prime}}[[POSTSUBSCRIPT]] \bar{\tau}[[UNKNOWN]] _{2}[[POSTSUBSCRIPT]] τ[[UNKNOWN]] _{3}[[POSTSUBSCRIPT]] ∏[[SUMOP]] _{\scriptstyleI=1\atop\scriptstyleI\not=i,\,j^{\prime}}[[POSTSUBSCRIPT]] ^{8}[[POSTSUPERSCRIPT]] K[[UNKNOWN]] _{\{n^{1}_{I},n^{2}_{I};n^{3}_{I}\}}[[POSTSUBSCRIPT]] \left([[OPEN]] α[[UNKNOWN]] _{1}[[POSTSUBSCRIPT]] ,[[PUNCT]] α[[UNKNOWN]] _{2}[[POSTSUBSCRIPT]] ;[[PUNCT]] α[[UNKNOWN]] _{3}[[POSTSUBSCRIPT]] \right)[[CLOSE]]
Warning:not_parsed:POSTSUBSCRIPT.CLOSE.ADDOP>OPEN MathParser failed to match rule 'Anything'
	at 0303007.tex; line 512 col 0 - line 512 col 42
	+[[ADDOP]] 1\over8\mu\alpha_{1}^{2}[[UNKNOWN]] \left[[[OPEN]] E[[UNKNOWN]] ^{\|}[[POSTSUPERSCRIPT]] _{123}[[POSTSUBSCRIPT]] -[[ADDOP]] E[[UNKNOWN]] ^{\bot}[[POSTSUPERSCRIPT]] _{123}[[POSTSUBSCRIPT]] \right][[CLOSE]] h[[UNKNOWN]] _{1}[[POSTSUBSCRIPT]] \bar{\tau}[[UNKNOWN]] _{2}[[POSTSUBSCRIPT]] τ[[UNKNOWN]] _{3}[[POSTSUBSCRIPT]] ∏[[SUMOP]] _{\scriptstyleI=1}[[POSTSUBSCRIPT]] ^{8}[[POSTSUPERSCRIPT]] K[[UNKNOWN]] _{\{n^{1}_{I},n^{2}_{I};n^{3}_{I}\}}[[POSTSUBSCRIPT]] \left([[OPEN]] α[[UNKNOWN]] _{1}[[POSTSUBSCRIPT]] ,[[PUNCT]] α[[UNKNOWN]] _{2}[[POSTSUBSCRIPT]] ;[[PUNCT]] α[[UNKNOWN]] _{3}[[POSTSUBSCRIPT]] \right)[[CLOSE]] +[[ADDOP]]
	        > ([[OPEN]] τ[[UNKNOWN]] ↔[[METARELOP]] \bar{\tau}[[UNKNOWN]] )[[CLOSE]] )[[CLOSE]]
Warning:not_parsed:SUMOP.POSTSUBSCRIPT.POSTSUPERSCRIPT>ATOM MathParser failed to match rule 'Anything'
	at 0303007.tex; line 539 col 0 - line 539 col 80
	In "$$\eqalign{\left[{\alpha_{1}\over\alpha_{3}}+{\alpha_{2}\over\alpha_{3}}-{|%
	\alpha_{3}|\over\alpha_{3}}\right]\left(n^{1}_{i}+n^{2}_{i}+1\right)^{%
	\scriptstyle 1\over\scriptstyle 2}\left(n^{1}_{j^{\prime}}+n^{2}_{j^{\prime}}+%
	1\right)^{\scriptstyle 1\over\scriptstyle 2}&\cr\times\prod_{\scriptstyle I=1}%
	^{8}\sqrt{\left(n^{1}_{I}+n^{2}_{I}\right)!\over{n^{1}_{I}!\,n^{2}_{I}!}}\left%
	(-{\alpha_{1}\over\alpha_{3}}\right)^{\scriptstyle n^{1}_{I}\over\scriptstyle 2%
	}\left(-{\alpha_{2}\over\alpha_{3}}\right)^{\scriptstyle n^{2}_{I}\over%
	\scriptstyle 2}&}$$"
	×[[MULOP]] ∏[[SUMOP]] _{\scriptstyleI=1}[[POSTSUBSCRIPT]] ^{8}[[POSTSUPERSCRIPT]]
	        > \sqrt{\left(n^{1}_{I}+n^{2}_{I}\right)!\over{n^{1}_{I}!\,n^{2}_{I}!}}[[UNKNOWN]] \left([[OPEN]] -[[ADDOP]] \alpha_{1}\over\alpha_{3}[[UNKNOWN]] \right)[[CLOSE]] ^{\scriptstylen^{1}_{I}\over\scriptstyle2}[[POSTSUPERSCRIPT]] \left([[OPEN]] -[[ADDOP]] \alpha_{2}\over\alpha_{3}[[UNKNOWN]] \right)[[CLOSE]] ^{\scriptstylen^{2}_{I}\over\scriptstyle2}[[POSTSUPERSCRIPT]]
Warning:not_parsed:UNKNOWN.POSTSUPERSCRIPT.UNKNOWN>OPEN MathParser failed to match rule 'Anything'
	at 0303007.tex; line 594 col 0 - line 594 col 29
	In "$$\eqalign{S_{lc}&=4\kappa\int dx^{+}dx^{-}d^{8}x\biggl{[}\left({1\over(%
	\partial_{-})^{2}}\partial_{I}\partial_{J}h_{IJ}\right)\partial_{-}\bar{\tau}%
	\partial_{-}\tau-\left({1\over\partial_{-}}\partial_{J}h_{JI}\right)\partial_{%
	-}\bar{\tau}\partial_{I}\tau\cr&-\left({1\over\partial_{-}}\partial_{J}h_{JI}%
	\right)\partial_{I}\bar{\tau}\partial_{-}\tau+h_{IJ}\partial_{I}\bar{\tau}%
	\partial_{J}\tau\biggr{]}\,.}$$"
	=[[RELOP]] 4[[NUMBER]] κ[[UNKNOWN]] ∫[[INTOP]] d[[UNKNOWN]] x[[UNKNOWN]] ^{+}[[POSTSUPERSCRIPT]] d[[UNKNOWN]] x[[UNKNOWN]] ^{-}[[POSTSUPERSCRIPT]] d[[UNKNOWN]] ^{8}[[POSTSUPERSCRIPT]] x[[UNKNOWN]]
	        > [[[OPEN]] \left([[OPEN]] 1\over(\partial_{-})^{2}[[UNKNOWN]] ∂[[OPERATOR]] _{I}[[POSTSUBSCRIPT]] ∂[[OPERATOR]] _{J}[[POSTSUBSCRIPT]] h[[UNKNOWN]] _{IJ}[[POSTSUBSCRIPT]] \right)[[CLOSE]] ∂[[OPERATOR]] _{-}[[POSTSUBSCRIPT]] \bar{\tau}[[UNKNOWN]] ∂[[OPERATOR]] _{-}[[POSTSUBSCRIPT]] τ[[UNKNOWN]] -[[ADDOP]] \left([[OPEN]] 1\over\partial_{-}[[UNKNOWN]] ∂[[OPERATOR]] _{J}[[POSTSUBSCRIPT]] h[[UNKNOWN]] _{JI}[[POSTSUBSCRIPT]] \right)[[CLOSE]] ∂[[OPERATOR]] _{-}[[POSTSUBSCRIPT]] \bar{\tau}[[UNKNOWN]] ∂[[OPERATOR]] _{I}[[POSTSUBSCRIPT]] τ[[UNKNOWN]]
Warning:not_parsed:OPERATOR.POSTSUBSCRIPT.UNKNOWN>CLOSE MathParser failed to match rule 'Anything'
	at 0303007.tex; line 594 col 0 - line 594 col 29
	-[[ADDOP]] \left([[OPEN]] 1\over\partial_{-}[[UNKNOWN]] ∂[[OPERATOR]] _{J}[[POSTSUBSCRIPT]] h[[UNKNOWN]] _{JI}[[POSTSUBSCRIPT]] \right)[[CLOSE]] ∂[[OPERATOR]] _{I}[[POSTSUBSCRIPT]] \bar{\tau}[[UNKNOWN]] ∂[[OPERATOR]] _{-}[[POSTSUBSCRIPT]] τ[[UNKNOWN]] +[[ADDOP]] h[[UNKNOWN]] _{IJ}[[POSTSUBSCRIPT]] ∂[[OPERATOR]] _{I}[[POSTSUBSCRIPT]] \bar{\tau}[[UNKNOWN]] ∂[[OPERATOR]] _{J}[[POSTSUBSCRIPT]] τ[[UNKNOWN]]
	        > ][[CLOSE]]
Warning:not_parsed:UNKNOWN.POSTSUBSCRIPT.CLOSE>OPEN MathParser failed to match rule 'Anything'
	at 0303007.tex; line 630 col 0 - line 630 col 83
	In "$$\eqalign{S_{lc}&={2\kappa\over 3}{1\over{2\pi}}\int dp^{1}_{+}dp^{2}_{+}dp^{%
	3}_{+}\int{d\alpha_{1}\over\sqrt{|\alpha_{1}|}}{d\alpha_{2}\over\sqrt{|\alpha_%
	{2}|}}{d\alpha_{3}\over\sqrt{|\alpha_{3}|}}\int d^{8}x\delta(p^{1}_{+}+p^{2}_{%
	+}+p^{3}_{+})\cr&\times\delta(\alpha_{1}+\alpha_{2}+\alpha_{3})\biggl{[}{{%
	\alpha_{2}\alpha_{3}}\over{\alpha^{2}_{1}}}\left(\partial_{I}\partial_{J}h_{IJ%
	}(\alpha_{1},p^{1}_{+};\vec{x})\right)\bar{\tau}(\alpha_{2},p^{2}_{+};\vec{x})%
	\tau(\alpha_{3},p^{3}_{+};\vec{x})\cr&-{\alpha_{2}\over\alpha_{1}}\left(%
	\partial_{J}h_{JI}(\alpha_{1},p^{1}_{+};\vec{x})\right)\bar{\tau}(\alpha_{2},p%
	^{2}_{+};\vec{x})\partial_{I}\tau(\alpha_{3},p^{3}_{+};\vec{x})\cr&-{\alpha_{3%
	}\over\alpha_{1}}\left(\partial_{J}h_{JI}(\alpha_{1},p^{1}_{+};\vec{x})\right)%
	\left(\partial_{I}\bar{\tau}(\alpha_{2},p^{2}_{+};\vec{x})\right)\tau(\alpha_{%
	3},p^{3}_{+};\vec{x})\cr&+h_{IJ}(\alpha_{1},p^{1}_{+};\vec{x})\left(\partial_{%
	I}\bar{\tau}(\alpha_{2},p^{2}_{+};\vec{x})\right)\partial_{J}\tau(\alpha_{3},p%
	^{3}_{+};\vec{x})\biggr{]}+c.c.\,.\cr}$$"
	×[[MULOP]] δ[[UNKNOWN]] ([[OPEN]] α[[UNKNOWN]] _{1}[[POSTSUBSCRIPT]] +[[ADDOP]] α[[UNKNOWN]] _{2}[[POSTSUBSCRIPT]] +[[ADDOP]] α[[UNKNOWN]] _{3}[[POSTSUBSCRIPT]] )[[CLOSE]]
	        > [[[OPEN]] {\alpha_{2}\alpha_{3}}\over{\alpha^{2}_{1}}[[UNKNOWN]] \left([[OPEN]] ∂[[OPERATOR]] _{I}[[POSTSUBSCRIPT]] ∂[[OPERATOR]] _{J}[[POSTSUBSCRIPT]] h[[UNKNOWN]] _{IJ}[[POSTSUBSCRIPT]] ([[OPEN]] α[[UNKNOWN]] _{1}[[POSTSUBSCRIPT]] ,[[PUNCT]] p[[UNKNOWN]] ^{1}[[POSTSUPERSCRIPT]] _{+}[[POSTSUBSCRIPT]] ;[[PUNCT]] \vec{x}[[UNKNOWN]] )[[CLOSE]] \right)[[CLOSE]] \bar{\tau}[[UNKNOWN]] ([[OPEN]] α[[UNKNOWN]] _{2}[[POSTSUBSCRIPT]] ,[[PUNCT]] p[[UNKNOWN]] ^{2}[[POSTSUPERSCRIPT]] _{+}[[POSTSUBSCRIPT]] ;[[PUNCT]] \vec{x}[[UNKNOWN]] )[[CLOSE]] τ[[UNKNOWN]] ([[OPEN]] α[[UNKNOWN]] _{3}[[POSTSUBSCRIPT]] ,[[PUNCT]] p[[UNKNOWN]] ^{3}[[POSTSUPERSCRIPT]] _{+}[[POSTSUBSCRIPT]] ;[[PUNCT]] \vec{x}[[UNKNOWN]] )[[CLOSE]]
Warning:not_parsed:PUNCT.ATOM.CLOSE>CLOSE MathParser failed to match rule 'Anything'
	at 0303007.tex; line 630 col 0 - line 630 col 83
	+[[ADDOP]] h[[UNKNOWN]] _{IJ}[[POSTSUBSCRIPT]] ([[OPEN]] α[[UNKNOWN]] _{1}[[POSTSUBSCRIPT]] ,[[PUNCT]] p[[UNKNOWN]] ^{1}[[POSTSUPERSCRIPT]] _{+}[[POSTSUBSCRIPT]] ;[[PUNCT]] \vec{x}[[UNKNOWN]] )[[CLOSE]] \left([[OPEN]] ∂[[OPERATOR]] _{I}[[POSTSUBSCRIPT]] \bar{\tau}[[UNKNOWN]] ([[OPEN]] α[[UNKNOWN]] _{2}[[POSTSUBSCRIPT]] ,[[PUNCT]] p[[UNKNOWN]] ^{2}[[POSTSUPERSCRIPT]] _{+}[[POSTSUBSCRIPT]] ;[[PUNCT]] \vec{x}[[UNKNOWN]] )[[CLOSE]] \right)[[CLOSE]] ∂[[OPERATOR]] _{J}[[POSTSUBSCRIPT]] τ[[UNKNOWN]] ([[OPEN]] α[[UNKNOWN]] _{3}[[POSTSUBSCRIPT]] ,[[PUNCT]] p[[UNKNOWN]] ^{3}[[POSTSUPERSCRIPT]] _{+}[[POSTSUBSCRIPT]] ;[[PUNCT]] \vec{x}[[UNKNOWN]] )[[CLOSE]]
	        > ][[CLOSE]] +[[ADDOP]] c[[UNKNOWN]] .[[PERIOD]] c[[UNKNOWN]]
Warning:not_parsed:MULOP>OPEN MathParser failed to match rule 'Anything'
	at 0303007.tex; line 644 col 0 - line 644 col 70
	In "$$\eqalign{S_{lc}&={2\kappa\over 3}{1\over{2\pi}}\int dp^{1}_{+}dp^{2}_{+}dp^{%
	3}_{+}\int{d\alpha_{1}\over\sqrt{|\alpha_{1}|}}{d\alpha_{2}\over\sqrt{|\alpha_%
	{2}|}}{d\alpha_{3}\over\sqrt{|\alpha_{3}|}}\int d^{8}x\delta(p^{1}_{+}+p^{2}_{%
	+}+p^{3}_{+})\cr&\times\delta(\alpha_{1}+\alpha_{2}+\alpha_{3})(\alpha_{1}%
	\alpha_{2}\alpha_{3})\cr&\times\biggl{[}{1\over\alpha^{2}_{1}}\biggl{(}{1\over%
	\alpha_{1}}\left(\partial_{I}\partial_{J}h_{IJ}(\alpha_{1},p^{1}_{+};\vec{x})%
	\right)\bar{\tau}(\alpha_{2},p^{2}_{+};\vec{x})\tau(\alpha_{3},p^{3}_{+};\vec{%
	x})\cr&+{1\over\alpha_{2}}h_{IJ}(\alpha_{1},p^{1}_{+};\vec{x})\left(\partial_{%
	I}\partial_{J}\bar{\tau}(\alpha_{2},p^{2}_{+};\vec{x})\right)\tau(\alpha_{3},p%
	^{3}_{+};\vec{x})\cr&+{1\over\alpha_{3}}h_{IJ}(\alpha_{1},p^{1}_{+};\vec{x})%
	\bar{\tau}(\alpha_{2},p^{2}_{+};\vec{x})\partial_{I}\partial_{J}\tau(\alpha_{3%
	},p^{3}_{+};\vec{x})\biggr{)}\biggr{]}+c.c.}$$"
	×[[MULOP]]
	        > [[[OPEN]] 1\over\alpha^{2}_{1}[[UNKNOWN]] ([[OPEN]] 1\over\alpha_{1}[[UNKNOWN]] \left([[OPEN]] ∂[[OPERATOR]] _{I}[[POSTSUBSCRIPT]] ∂[[OPERATOR]] _{J}[[POSTSUBSCRIPT]] h[[UNKNOWN]] _{IJ}[[POSTSUBSCRIPT]] ([[OPEN]] α[[UNKNOWN]] _{1}[[POSTSUBSCRIPT]] ,[[PUNCT]] p[[UNKNOWN]] ^{1}[[POSTSUPERSCRIPT]] _{+}[[POSTSUBSCRIPT]] ;[[PUNCT]] \vec{x}[[UNKNOWN]] )[[CLOSE]] \right)[[CLOSE]] \bar{\tau}[[UNKNOWN]] ([[OPEN]] α[[UNKNOWN]] _{2}[[POSTSUBSCRIPT]] ,[[PUNCT]] p[[UNKNOWN]] ^{2}[[POSTSUPERSCRIPT]] _{+}[[POSTSUBSCRIPT]] ;[[PUNCT]] \vec{x}[[UNKNOWN]] )[[CLOSE]] τ[[UNKNOWN]] ([[OPEN]] α[[UNKNOWN]] _{3}[[POSTSUBSCRIPT]] ,[[PUNCT]] p[[UNKNOWN]] ^{3}[[POSTSUPERSCRIPT]] _{+}[[POSTSUBSCRIPT]] ;[[PUNCT]] \vec{x}[[UNKNOWN]] )[[CLOSE]]
Warning:not_parsed:PUNCT.ATOM.CLOSE>CLOSE MathParser failed to match rule 'Anything'
	at 0303007.tex; line 644 col 0 - line 644 col 70
	+[[ADDOP]] 1\over\alpha_{3}[[UNKNOWN]] h[[UNKNOWN]] _{IJ}[[POSTSUBSCRIPT]] ([[OPEN]] α[[UNKNOWN]] _{1}[[POSTSUBSCRIPT]] ,[[PUNCT]] p[[UNKNOWN]] ^{1}[[POSTSUPERSCRIPT]] _{+}[[POSTSUBSCRIPT]] ;[[PUNCT]] \vec{x}[[UNKNOWN]] )[[CLOSE]] \bar{\tau}[[UNKNOWN]] ([[OPEN]] α[[UNKNOWN]] _{2}[[POSTSUBSCRIPT]] ,[[PUNCT]] p[[UNKNOWN]] ^{2}[[POSTSUPERSCRIPT]] _{+}[[POSTSUBSCRIPT]] ;[[PUNCT]] \vec{x}[[UNKNOWN]] )[[CLOSE]] ∂[[OPERATOR]] _{I}[[POSTSUBSCRIPT]] ∂[[OPERATOR]] _{J}[[POSTSUBSCRIPT]] τ[[UNKNOWN]] ([[OPEN]] α[[UNKNOWN]] _{3}[[POSTSUBSCRIPT]] ,[[PUNCT]] p[[UNKNOWN]] ^{3}[[POSTSUPERSCRIPT]] _{+}[[POSTSUBSCRIPT]] ;[[PUNCT]] \vec{x}[[UNKNOWN]] )[[CLOSE]]
	        > )[[CLOSE]] ][[CLOSE]] +[[ADDOP]] c[[UNKNOWN]] .[[PERIOD]] c[[UNKNOWN]]
Warning:not_parsed:MULOP.ATOM>OPEN MathParser failed to match rule 'Anything'
	at 0303007.tex; line 682 col 0 - line 682 col 11
	In "$$\eqalign{S_{lc}&={2\kappa\over 3}{1\over{2\pi}}\int dp^{1}_{+}dp^{2}_{+}dp^{%
	3}_{+}\int{d\alpha_{1}\over\sqrt{|\alpha_{1}|}}{d\alpha_{2}\over\sqrt{|\alpha_%
	{2}|}}{d\alpha_{3}\over\sqrt{|\alpha_{3}|}}\int d^{8}x\delta(p^{1}_{+}+p^{2}_{%
	+}+p^{3}_{+})\cr&\times\delta(\alpha_{1}+\alpha_{2}+\alpha_{3})(\alpha_{1}%
	\alpha_{2}\alpha_{3})\cr&\times{1\over\alpha^{2}_{1}}\biggl{[}{1\over\alpha_{1%
	}}\left(\partial_{i}\partial_{j}h^{\bot}_{1\,ij}\right)\bar{\tau}_{2}\tau_{3}+%
	{1\over\alpha_{2}}h^{\bot}_{1\,ij}\left(\partial_{i}\partial_{j}\bar{\tau}_{2}%
	\right)\tau_{3}+{1\over\alpha_{3}}h^{\bot}_{1\,ij}\bar{\tau}_{2}\partial_{i}%
	\partial_{j}\tau_{3}\cr&+{1\over\alpha_{1}}\left(\partial_{i^{\prime}}\partial%
	_{j^{\prime}}h^{\bot}_{1\,i^{\prime}j^{\prime}}\right)\bar{\tau}_{2}\tau_{3}+{%
	1\over\alpha_{2}}h^{\bot}_{1\,i^{\prime}j^{\prime}}\left(\partial_{i^{\prime}}%
	\partial_{j^{\prime}}\bar{\tau}_{2}\right)\tau_{3}+{1\over\alpha_{3}}h^{\bot}_%
	{1\,i^{\prime}j^{\prime}}\bar{\tau}_{2}\partial_{i^{\prime}}\partial_{j^{%
	\prime}}\tau_{3}\cr&+{1\over\alpha_{1}}\left(\partial_{i}\partial_{j^{\prime}}%
	{\tenrm h}_{1\,ij^{\prime}}\right)\bar{\tau}_{2}\tau_{3}+{1\over\alpha_{2}}{%
	\tenrm h}_{1\,ij^{\prime}}\left(\partial_{i}\partial_{j^{\prime}}\bar{\tau}_{2%
	}\right)\tau_{3}+{1\over\alpha_{3}}{\tenrm h}_{1\,ij^{\prime}}\bar{\tau}_{2}%
	\partial_{i}\partial_{j^{\prime}}\tau_{3}\cr&+{1\over\alpha_{1}}\left(\partial%
	_{i}\partial_{j^{\prime}}\bar{\tenrm h}_{1\,ij^{\prime}}\right)\bar{\tau}_{2}%
	\tau_{3}+{1\over\alpha_{2}}\bar{\tenrm h}_{1\,ij^{\prime}}\left(\partial_{i}%
	\partial_{j^{\prime}}\bar{\tau}_{2}\right)\tau_{3}+{1\over\alpha_{3}}\bar{%
	\tenrm h}_{1\,ij^{\prime}}\bar{\tau}_{2}\partial_{i}\partial_{j^{\prime}}\tau_%
	{3}\cr&+{1\over{8\alpha_{1}}}\left((\partial_{i}^{2}-\partial_{i^{\prime}}^{2}%
	){\tenrm h_{1}}\right)\bar{\tau}_{2}\tau_{3}+{1\over{8\alpha_{2}}}{\tenrm h_{1%
	}}\left((\partial_{i}^{2}-\partial_{i^{\prime}}^{2})\bar{\tau}_{2}\right)\tau_%
	{3}+{1\over{8\alpha_{3}}}{\tenrm h}_{1}\bar{\tau}_{2}(\partial_{i}^{2}-%
	\partial_{i^{\prime}}^{2})\tau_{3}\cr&+{1\over{8\alpha_{1}}}\left((\partial_{i%
	}^{2}-\partial_{i^{\prime}}^{2})\bar{\tenrm h}_{1}\right)\bar{\tau}_{2}\tau_{3%
	}+{1\over{8\alpha_{2}}}\bar{\tenrm h}_{1}\left((\partial_{i}^{2}-\partial_{i^{%
	\prime}}^{2})\bar{\tau}_{2}\right)\tau_{3}+{1\over{8\alpha_{3}}}\bar{\tenrm h}%
	_{1}\bar{\tau}_{2}(\partial_{i}^{2}-\partial_{i^{\prime}}^{2})\tau_{3}\biggr{]%
	}\cr&+c.c.\,.}$$"
	×[[MULOP]] 1\over\alpha^{2}_{1}[[UNKNOWN]]
	        > [[[OPEN]] 1\over\alpha_{1}[[UNKNOWN]] \left([[OPEN]] ∂[[OPERATOR]] _{i}[[POSTSUBSCRIPT]] ∂[[OPERATOR]] _{j}[[POSTSUBSCRIPT]] h[[UNKNOWN]] ^{\bot}[[POSTSUPERSCRIPT]] _{1\,ij}[[POSTSUBSCRIPT]] \right)[[CLOSE]] \bar{\tau}[[UNKNOWN]] _{2}[[POSTSUBSCRIPT]] τ[[UNKNOWN]] _{3}[[POSTSUBSCRIPT]] +[[ADDOP]] 1\over\alpha_{2}[[UNKNOWN]] h[[UNKNOWN]] ^{\bot}[[POSTSUPERSCRIPT]] _{1\,ij}[[POSTSUBSCRIPT]] \left([[OPEN]] ∂[[OPERATOR]] _{i}[[POSTSUBSCRIPT]] ∂[[OPERATOR]] _{j}[[POSTSUBSCRIPT]] \bar{\tau}[[UNKNOWN]] _{2}[[POSTSUBSCRIPT]] \right)[[CLOSE]] τ[[UNKNOWN]] _{3}[[POSTSUBSCRIPT]] +[[ADDOP]] 1\over\alpha_{3}[[UNKNOWN]] h[[UNKNOWN]] ^{\bot}[[POSTSUPERSCRIPT]] _{1\,ij}[[POSTSUBSCRIPT]] \bar{\tau}[[UNKNOWN]] _{2}[[POSTSUBSCRIPT]] ∂[[OPERATOR]] _{i}[[POSTSUBSCRIPT]] ∂[[OPERATOR]] _{j}[[POSTSUBSCRIPT]] τ[[UNKNOWN]] _{3}[[POSTSUBSCRIPT]]
Warning:not_parsed:CLOSE.UNKNOWN.POSTSUBSCRIPT>CLOSE MathParser failed to match rule 'Anything'
	at 0303007.tex; line 682 col 0 - line 682 col 11
	... _{i}[[POSTSUBSCRIPT]] ^{2}[[POSTSUPERSCRIPT]] -[[ADDOP]] ∂[[OPERATOR]] _{i^{\prime}}[[POSTSUBSCRIPT]] ^{2}[[POSTSUPERSCRIPT]] )[[CLOSE]] \bar{\tenrmh}[[UNKNOWN]] _{1}[[POSTSUBSCRIPT]] \right)[[CLOSE]] \bar{\tau}[[UNKNOWN]] _{2}[[POSTSUBSCRIPT]] τ[[UNKNOWN]] _{3}[[POSTSUBSCRIPT]] +[[ADDOP]] 1\over{8\alpha_{2}}[[UNKNOWN]] \bar{\tenrmh}[[UNKNOWN]] _{1}[[POSTSUBSCRIPT]] \left([[OPEN]] ([[OPEN]] ∂[[OPERATOR]] _{i}[[POSTSUBSCRIPT]] ^{2}[[POSTSUPERSCRIPT]] -[[ADDOP]] ∂[[OPERATOR]] _{i^{\prime}}[[POSTSUBSCRIPT]] ^{2}[[POSTSUPERSCRIPT]] )[[CLOSE]] \bar{\tau}[[UNKNOWN]] _{2}[[POSTSUBSCRIPT]] \right)[[CLOSE]] τ[[UNKNOWN]] _{3}[[POSTSUBSCRIPT]] +[[ADDOP]] 1\over{8\alpha_{3}}[[UNKNOWN]] \bar{\tenrmh}[[UNKNOWN]] _{1}[[POSTSUBSCRIPT]] \bar{\tau}[[UNKNOWN]] _{2}[[POSTSUBSCRIPT]] ([[OPEN]] ∂[[OPERATOR]] _{i}[[POSTSUBSCRIPT]] ^{2}[[POSTSUPERSCRIPT]] -[[ADDOP]] ∂[[OPERATOR]] _{i^{\prime}}[[POSTSUBSCRIPT]] ^{2}[[POSTSUPERSCRIPT]] )[[CLOSE]] τ[[UNKNOWN]] _{3}[[POSTSUBSCRIPT]]
	        > ][[CLOSE]]
Warning:not_parsed:NUMBER>VERTBAR MathParser failed to match rule 'Superscript'
	at 0303007.tex; line 718 col 0 - line 718 col 30
	In "$$\eqalign{&-{1\over{8\alpha_{1}}}\left((\partial_{i}^{2}-\partial_{i^{\prime}%
	}^{2}){\tenrm h_{1}}\right)\bar{\tau}_{2}\tau_{3}-{1\over{8\alpha_{2}}}{\tenrm
	h%
	_{1}}\left((\partial_{i}^{2}-\partial_{i^{\prime}}^{2})\bar{\tau}_{2}\right)%
	\tau_{3}\cr&+{1\over{8\alpha_{3}}}{\tenrm h}_{1}\bar{\tau}_{2}(\partial_{i}^{2%
	}-\partial_{i^{\prime}}^{2})\tau_{3}={1\over 8}\left(\left({\tenrm P}_{+}^{\|}%
	-{\tenrm P}_{+}^{\bot}\right){\tenrm h_{1}}\right)\bar{\tau}_{2}\tau_{3}\cr&+{%
	1\over 8}{\tenrm h_{1}}\left(\left({\tenrm P}_{+}^{\|}-{\tenrm P}_{+}^{\bot}%
	\right)\bar{\tau}_{2}\right)\tau_{3}-{1\over 8}{\tenrm h}_{1}\bar{\tau}_{2}%
	\left({\tenrm P}_{+}^{\|}-{\tenrm P}_{+}^{\bot}\right)\tau_{3}\cr&={1\over 8}%
	\left(\left(p^{1\,\|}_{+}+p^{2\,\|}_{+}-p^{3\,\|}_{+}\right)-\left(p^{1\,\bot}%
	_{+}+p^{2\,\bot}_{+}-p^{3\,\bot}_{+}\right)\right){\tenrm h_{1}}\bar{\tau}_{2}%
	\tau_{3}\,,}$$"
	1[[NUMBER]]
	        > ∥[[VERTBAR]]
Warning:not_parsed:NUMBER>VERTBAR MathParser failed to match rule 'Superscript'
	at 0303007.tex; line 718 col 0 - line 718 col 30
	2[[NUMBER]]
	        > ∥[[VERTBAR]]
Warning:not_parsed:NUMBER>VERTBAR MathParser failed to match rule 'Superscript'
	at 0303007.tex; line 718 col 0 - line 718 col 30
	3[[NUMBER]]
	        > ∥[[VERTBAR]]
Warning:not_parsed:MULOP.ATOM>OPEN MathParser failed to match rule 'Anything'
	at 0303007.tex; line 751 col 0 - line 751 col 48
	In "$$\eqalign{S_{lc}&={2\kappa\over 3}{1\over{2\pi}}\int dp^{1}_{+}dp^{2}_{+}dp^{%
	3}_{+}\int{{d\alpha_{1}d\alpha_{2}d\alpha_{3}}\over\sqrt{\alpha_{1}\alpha_{2}%
	\alpha_{3}}}\int d^{8}x\delta(p^{1}_{+}+p^{2}_{+}-p^{3}_{+})\cr&\times\delta(%
	\alpha_{1}+\alpha_{2}-\alpha_{3})(\alpha_{1}\alpha_{2}\alpha_{3})\cr&\times{1%
	\over\alpha^{2}_{1}}\biggl{[}-{1\over\alpha_{1}}\left(\partial_{i}\partial_{j}%
	h^{\bot}_{1\,ij}\right)\bar{\tau}_{2}\tau_{3}-{1\over\alpha_{2}}h^{\bot}_{1\,%
	ij}\left(\partial_{i}\partial_{j}\bar{\tau}_{2}\right)\tau_{3}+{1\over\alpha_{%
	3}}h^{\bot}_{1\,ij}\bar{\tau}_{2}\partial_{i}\partial_{j}\tau_{3}\cr&-{1\over%
	\alpha_{1}}\left(\partial_{i^{\prime}}\partial_{j^{\prime}}h^{\bot}_{1\,i^{%
	\prime}j^{\prime}}\right)\bar{\tau}_{2}\tau_{3}-{1\over\alpha_{2}}h^{\bot}_{1%
	\,i^{\prime}j^{\prime}}\left(\partial_{i^{\prime}}\partial_{j^{\prime}}\bar{%
	\tau}_{2}\right)\tau_{3}+{1\over\alpha_{3}}h^{\bot}_{1\,i^{\prime}j^{\prime}}%
	\bar{\tau}_{2}\partial_{i^{\prime}}\partial_{j^{\prime}}\tau_{3}\cr&-{1\over%
	\alpha_{1}}\left(\partial_{i}\partial_{j^{\prime}}{\tenrm h}_{1\,ij^{\prime}}%
	\right)\bar{\tau}_{2}\tau_{3}-{1\over\alpha_{2}}{\tenrm h}_{1\,ij^{\prime}}%
	\left(\partial_{i}\partial_{j^{\prime}}\bar{\tau}_{2}\right)\tau_{3}+{1\over%
	\alpha_{3}}{\tenrm h}_{1\,ij^{\prime}}\bar{\tau}_{2}\partial_{i}\partial_{j^{%
	\prime}}\tau_{3}\cr&-{1\over\alpha_{1}}\left(\partial_{i}\partial_{j^{\prime}}%
	\bar{\tenrm h}_{1\,ij^{\prime}}\right)\bar{\tau}_{2}\tau_{3}-{1\over\alpha_{2}%
	}\bar{\tenrm h}_{1\,ij^{\prime}}\left(\partial_{i}\partial_{j^{\prime}}\bar{%
	\tau}_{2}\right)\tau_{3}+{1\over\alpha_{3}}\bar{\tenrm h}_{1\,ij^{\prime}}\bar%
	{\tau}_{2}\partial_{i}\partial_{j^{\prime}}\tau_{3}\cr&+{1\over 8}\left(\left(%
	p^{1\,\|}_{+}+p^{2\,\|}_{+}-p^{3\,\|}_{+}\right)-\left(p^{1\,\bot}_{+}+p^{2\,%
	\bot}_{+}-p^{3\,\bot}_{+}\right)\right){\tenrm h_{1}}\bar{\tau}_{2}\tau_{3}\cr%
	&+{1\over 8}\left(\left({p^{1}}_{+}^{\|}+{p^{2}}_{+}^{\|}-{p^{3}}_{+}^{\|}%
	\right)-\left(p^{1\,\bot}_{+}+p^{2\,\bot}_{+}-p^{3\,\bot}_{+}\right)\right){%
	\bar{\tenrm h}_{1}}\bar{\tau}_{2}\tau_{3}\biggr{]}+c.c.\,.}$$"
	×[[MULOP]] 1\over\alpha^{2}_{1}[[UNKNOWN]]
	        > [[[OPEN]] -[[ADDOP]] 1\over\alpha_{1}[[UNKNOWN]] \left([[OPEN]] ∂[[OPERATOR]] _{i}[[POSTSUBSCRIPT]] ∂[[OPERATOR]] _{j}[[POSTSUBSCRIPT]] h[[UNKNOWN]] ^{\bot}[[POSTSUPERSCRIPT]] _{1\,ij}[[POSTSUBSCRIPT]] \right)[[CLOSE]] \bar{\tau}[[UNKNOWN]] _{2}[[POSTSUBSCRIPT]] τ[[UNKNOWN]] _{3}[[POSTSUBSCRIPT]] -[[ADDOP]] 1\over\alpha_{2}[[UNKNOWN]] h[[UNKNOWN]] ^{\bot}[[POSTSUPERSCRIPT]] _{1\,ij}[[POSTSUBSCRIPT]] \left([[OPEN]] ∂[[OPERATOR]] _{i}[[POSTSUBSCRIPT]] ∂[[OPERATOR]] _{j}[[POSTSUBSCRIPT]] \bar{\tau}[[UNKNOWN]] _{2}[[POSTSUBSCRIPT]] \right)[[CLOSE]] τ[[UNKNOWN]] _{3}[[POSTSUBSCRIPT]] +[[ADDOP]] 1\over\alpha_{3}[[UNKNOWN]] h[[UNKNOWN]] ^{\bot}[[POSTSUPERSCRIPT]] _{1\,ij}[[POSTSUBSCRIPT]] \bar{\tau}[[UNKNOWN]] _{2}[[POSTSUBSCRIPT]] ∂[[OPERATOR]] _{i}[[POSTSUBSCRIPT]] ∂[[OPERATOR]] _{j}[[POSTSUBSCRIPT]] τ[[UNKNOWN]] _{3}[[POSTSUBSCRIPT]]
Warning:not_parsed:NUMBER>VERTBAR MathParser failed to match rule 'Superscript'
	at 0303007.tex; line 751 col 0 - line 751 col 48
	1[[NUMBER]]
	        > ∥[[VERTBAR]]
Warning:not_parsed:NUMBER>VERTBAR MathParser failed to match rule 'Superscript'
	at 0303007.tex; line 751 col 0 - line 751 col 48
	2[[NUMBER]]
	        > ∥[[VERTBAR]]
Warning:not_parsed:NUMBER>VERTBAR MathParser failed to match rule 'Superscript'
	at 0303007.tex; line 751 col 0 - line 751 col 48
	3[[NUMBER]]
	        > ∥[[VERTBAR]]
Warning:not_parsed:POSTSUBSCRIPT.UNKNOWN.POSTSUBSCRIPT>CLOSE MathParser failed to match rule 'Anything'
	at 0303007.tex; line 751 col 0 - line 751 col 48
	+[[ADDOP]] 1\over8[[UNKNOWN]] \left([[OPEN]] \left([[OPEN]] p[[UNKNOWN]] ^{1}[[POSTSUPERSCRIPT]] _{+}[[POSTSUBSCRIPT]] ^{\|}[[POSTSUPERSCRIPT]] +[[ADDOP]] p[[UNKNOWN]] ^{2}[[POSTSUPERSCRIPT]] _{+}[[POSTSUBSCRIPT]] ^{\|}[[POSTSUPERSCRIPT]] -[[ADDOP]] p[[UNKNOWN]] ^{3}[[POSTSUPERSCRIPT]] _{+}[[POSTSUBSCRIPT]] ^{\|}[[POSTSUPERSCRIPT]] \right)[[CLOSE]] -[[ADDOP]] \left([[OPEN]] p[[UNKNOWN]] ^{1\,\bot}[[POSTSUPERSCRIPT]] _{+}[[POSTSUBSCRIPT]] +[[ADDOP]] p[[UNKNOWN]] ^{2\,\bot}[[POSTSUPERSCRIPT]] _{+}[[POSTSUBSCRIPT]] -[[ADDOP]] p[[UNKNOWN]] ^{3\,\bot}[[POSTSUPERSCRIPT]] _{+}[[POSTSUBSCRIPT]] \right)[[CLOSE]] \right)[[CLOSE]] \bar{\tenrmh}[[UNKNOWN]] _{1}[[POSTSUBSCRIPT]] \bar{\tau}[[UNKNOWN]] _{2}[[POSTSUBSCRIPT]] τ[[UNKNOWN]] _{3}[[POSTSUBSCRIPT]]
	        > ][[CLOSE]] +[[ADDOP]] c[[UNKNOWN]] .[[PERIOD]] c[[UNKNOWN]]
Warning:not_parsed:MULOP>OPEN MathParser failed to match rule 'Anything'
	at 0303007.tex; line 814 col 0 - line 814 col 78
	In "$$\eqalign{S_{lc}&={2\kappa\over 3}{1\over{2\pi}}\int dp^{1}_{+}dp^{2}_{+}dp^{%
	3}_{+}\int{{d\alpha_{1}d\alpha_{2}d\alpha_{3}}\over\sqrt{\alpha_{1}\alpha_{2}%
	\alpha_{3}}}\int d^{8}x\delta(p^{1}_{+}+p^{2}_{+}-p^{3}_{+})\cr&\times\delta(%
	\alpha_{1}+\alpha_{2}-\alpha_{3})(\alpha_{1}\alpha_{2}\alpha_{3})\cr&\times%
	\biggl{[}{1\over\alpha^{2}_{1}}\left(-{1\over\alpha_{1}}\left(\partial_{i}%
	\partial_{j^{\prime}}{\tenrm h}_{1\,ij^{\prime}}\right)\bar{\tau}_{2}\tau_{3}-%
	{1\over\alpha_{2}}{\tenrm h}_{1\,ij^{\prime}}\left(\partial_{i}\partial_{j^{%
	\prime}}\bar{\tau}_{2}\right)\tau_{3}+{1\over\alpha_{3}}{\tenrm h}_{1\,ij^{%
	\prime}}\bar{\tau}_{2}\partial_{i}\partial_{j^{\prime}}\tau_{3}\right)\cr&+{1%
	\over{8\alpha^{2}_{1}}}\left(E_{123}^{\|}-E_{123}^{\bot}\right){\tenrm h_{1}}%
	\bar{\tau}_{2}\tau_{3}\biggr{]}+\left(\tau\leftrightarrow\bar{\tau}\right)\,.}$$"
	×[[MULOP]]
	        > [[[OPEN]] 1\over\alpha^{2}_{1}[[UNKNOWN]] \left([[OPEN]] -[[ADDOP]] 1\over\alpha_{1}[[UNKNOWN]] \left([[OPEN]] ∂[[OPERATOR]] _{i}[[POSTSUBSCRIPT]] ∂[[OPERATOR]] _{j^{\prime}}[[POSTSUBSCRIPT]] h[[UNKNOWN]] _{1\,ij^{\prime}}[[POSTSUBSCRIPT]] \right)[[CLOSE]] \bar{\tau}[[UNKNOWN]] _{2}[[POSTSUBSCRIPT]] τ[[UNKNOWN]] _{3}[[POSTSUBSCRIPT]] -[[ADDOP]] 1\over\alpha_{2}[[UNKNOWN]] h[[UNKNOWN]] _{1\,ij^{\prime}}[[POSTSUBSCRIPT]] \left([[OPEN]] ∂[[OPERATOR]] _{i}[[POSTSUBSCRIPT]] ∂[[OPERATOR]] _{j^{\prime}}[[POSTSUBSCRIPT]] \bar{\tau}[[UNKNOWN]] _{2}[[POSTSUBSCRIPT]] \right)[[CLOSE]] τ[[UNKNOWN]] _{3}[[POSTSUBSCRIPT]] +[[ADDOP]] 1\over\alpha_{3}[[UNKNOWN]] h[[UNKNOWN]] _{1\,ij^{\prime}}[[POSTSUBSCRIPT]] \bar{\tau}[[UNKNOWN]] _{2}[[POSTSUBSCRIPT]] ∂[[OPERATOR]] _{i}[[POSTSUBSCRIPT]] ∂[[OPERATOR]] _{j^{\prime}}[[POSTSUBSCRIPT]] τ[[UNKNOWN]] _{3}[[POSTSUBSCRIPT]] \right)[[CLOSE]]
Warning:not_parsed:POSTSUBSCRIPT.UNKNOWN.POSTSUBSCRIPT>CLOSE MathParser failed to match rule 'Anything'
	at 0303007.tex; line 814 col 0 - line 814 col 78
	+[[ADDOP]] 1\over{8\alpha^{2}_{1}}[[UNKNOWN]] \left([[OPEN]] E[[UNKNOWN]] _{123}[[POSTSUBSCRIPT]] ^{\|}[[POSTSUPERSCRIPT]] -[[ADDOP]] E[[UNKNOWN]] _{123}[[POSTSUBSCRIPT]] ^{\bot}[[POSTSUPERSCRIPT]] \right)[[CLOSE]] h[[UNKNOWN]] _{1}[[POSTSUBSCRIPT]] \bar{\tau}[[UNKNOWN]] _{2}[[POSTSUBSCRIPT]] τ[[UNKNOWN]] _{3}[[POSTSUBSCRIPT]]
	        > ][[CLOSE]] +[[ADDOP]] \left([[OPEN]] τ[[UNKNOWN]] ↔[[METARELOP]] \bar{\tau}[[UNKNOWN]] \right)[[CLOSE]]
Warning:not_parsed:NUMBER>VERTBAR MathParser failed to match rule 'Superscript'
	at 0303007.tex; line 817 col 0 - line 817 col 64
	In "$$E^{\|}_{123}=p^{1\,\|}_{+}+p^{2\,\|}_{+}-p^{3\,\|}_{+},\,\,\,E^{\bot}_{123}=%
	p^{1\,\bot}_{+}+p^{2\,\bot}_{+}-p^{3\,\bot}_{+}.$$"
	1[[NUMBER]]
	        > ∥[[VERTBAR]]
Warning:not_parsed:NUMBER>VERTBAR MathParser failed to match rule 'Superscript'
	at 0303007.tex; line 817 col 0 - line 817 col 64
	2[[NUMBER]]
	        > ∥[[VERTBAR]]
Warning:not_parsed:NUMBER>VERTBAR MathParser failed to match rule 'Superscript'
	at 0303007.tex; line 817 col 0 - line 817 col 64
	3[[NUMBER]]
	        > ∥[[VERTBAR]]
Warning:not_parsed:OPEN.UNKNOWN.UNKNOWN> MathParser failed to match rule 'Subscript'
	at 0303007.tex; line 1067 col 0 - line 1067 col 66
	In "$$t^{IJ}_{abcd}=\gamma^{IK}_{[ab}\gamma^{JK}_{cd]}\,.$$"
	[[[OPEN]] a[[UNKNOWN]] b[[UNKNOWN]]
	        > 
Warning:not_parsed:UNKNOWN.UNKNOWN>CLOSE MathParser failed to match rule 'Subscript'
	at 0303007.tex; line 1067 col 0 - line 1067 col 66
	c[[UNKNOWN]] d[[UNKNOWN]]
	        > ][[CLOSE]]
 48.40 sec)
Math parsing succeeded:
   ltx:XMArg: 4347/4390
   ltx:XMath: 374/376
   ltx:XMWrap: 0/1
Symbols assumed as simple identifiers (with # of occurences):
   'A{italic}' (25), 'B{italic}' (1), 'E{italic}' (64), 'F{italic}' (12), 'G{italic}' (48), 'H{italic}' (4), 'Im' (1), 'I{italic}' (185), 'J{italic}' (111), 'K{italic}' (100), 'Lambda' (15), 'L{italic}' (61), 'M{italic}' (61), 'N{caligraphic}' (2), 'N{italic}' (70), 'O{italic}' (9), 'P' (58), 'Phi' (6), 'P{italic}' (58), 'Q{italic}' (58), 'S{italic}' (24), 'V{italic}' (11), 'Y{italic}' (1), 'alpha' (488), 'and' (3), 'a{italic}' (138), 'b{italic}' (49), 'chi' (4), 'c{italic}' (84), 'delta' (255), 'd{italic}' (106), 'epsilon' (10), 'exp' (1), 'e{italic}' (12), 'for' (4), 'f{italic}' (7), 'gamma' (17), 'g{italic}' (10), 'h' (43), 'h{italic}' (90), 'if' (3), 'ij' (6), 'in' (4), 'i{italic}' (142), 'j{italic}' (113), 'kappa' (11), 'k{italic}' (166), 'lambda' (3), 'line' (2), 'lines' (2), 'l{italic}' (32), 'max' (1), 'mu' (66), 'nu' (6), 'n{italic}' (244), 'phi' (4), 'pi' (10), 'psi' (22), 'p{italic}' (148), 'rho' (2), 'r{italic}' (13), 's{italic}' (9), 'tau' (138), 'terms' (4), 'theta' (33), 't{italic}' (16), 'u{italic}' (2), 'v{italic}' (2), 'where' (1), 'with' (1), 'x{italic}' (94)
Set MATHPARSER_SPECULATE to speculate on possible notations.
(Finalizing... 2.68 sec)
Conversion complete 45 warnings (See /home/user/latex-in-arxiv/0303007.latexml.log) (reqd. 1m 18.34s)
