latexmlpost (LaTeXML version 0.8.6) paginating /home/user/latex-in-arxiv/2003/0303054.xml
(post-processing...
(Scan  processing...
Scan: DBStatus: 1072/0 objects
 0.23 sec)
(MakeBibliography  processing... 0.00 sec)
(CrossRef  processing...
Warning:expected:ids Missing File location for ID: S2.E10,bib.bib11,bib.bib2,S3.E12,S4.SS1,S3.F5,S4.SS5.SSS2,S3.F4,S4.E58,S3.E18,bib.bib8,S4.SS2,S3.E19,bib.bib1,bib.bib21,S2.E9,S3.F3,S4.E41,S4,S4.SS4,S4.E50,S4.E40,bib.bib18,bib.bib19,bib.bib4,S1.E2,S4.E44,S2.E8,S4.E25,S1.E6,bib.bib22,S3,bib.bib20,S1,S1.E4,bib.bib25,S1.E5,bib.bib6,S4.SS3,S2.F2,S4.SS5,S3.SS1,bib.bib10,bib.bib15,bib.bib9,S3.E13,S5.E63,bib.bib12,bib.bib24,bib.bib7,S3.E16,S4.E29,S2.E7,S2,S2.F1,S4.E28,bib.bib23,S4.SS5.SSS1,S5,bib.bib13,bib.bib16,bib.bib17,bib.bib3,bib.bib5,bib.bib14,S4.E22
	In Post::CrossRef[@0x55db977839a8] ->process
Warning:expected:ids Missing Target for Label: LABEL:SP,LABEL:isomf,LABEL:scalings
	In Post::CrossRef[@0x55db977839a8] ->process
 0.18 sec)
(SVG  6 to process...
(Loading compiled schema /usr/share/perl5/LaTeXML/resources/RelaxNG/LaTeXML.model... 0.01 sec) 0.02 sec)
(MathML::Presentation  429 to process...
converted 429 Maths
 1.16 sec)
(XSLT[using LaTeXML-html5.xsl]  processing... 0.22 sec)
(Writer  processing... 0.00 sec) 1.83 sec)
Postprocessing complete 2 warnings (See /home/user/latex-in-arxiv/0303054.latexmlpost.log) (reqd. 2.12s)
