latexmlpost (LaTeXML version 0.8.6) paginating /home/user/latex-in-arxiv/2003/0303113.xml
(post-processing...
(Scan  processing...
Scan: DBStatus: 1904/0 objects
 0.57 sec)
(MakeBibliography  processing...
Error:missing_file:eight Couldn't find Bibliography 'eight'
	at Post::MakeBibliography[@0x5567e86cde30]
	Searchpaths were /home/user/latex-in-arxiv/2003,/home/user/latex-in-arxiv,.
	In Post::MakeBibliography[@0x5567e86cde30] ->getBibliographies
Info:expected:eight Couldn't find usable Bibliography for 'eight'
	at Post::MakeBibliography[@0x5567e86cde30]
MakeBibliography: using bibliographies eight]
MakeBibliography: 40 bibentries, 0 cited
Warning:expected:bibkeys Missing bibkeys ads, alonso-alberca:2002tb, bakas:1997gf, bakas:1999fa, belinskii:1978, bergshoeff:2002mb, bergshoeff:2002nv, boonstra:1998mp, cowdall:1997tw, cowdall:2000, cremmer:1978km, deroo:2002jf, dewit:2002vt, eguchi:1978, fre:2002pd, gauntlett:1997pk, gibbons:1979, gibbons:1998ie, gibbons:2002, gunaydin:1984qu, hamermesh, hernandez:2002fb, hull:1985rt, hull:2002cv, itzhaki:1998dd, kallosh:2001gr, lavrinenko:1998qa, lu:1995cs, maldacena:1998re, nishino:2002zi, pernici:ju, pons:1998tt, randall:1999ee, randall:1999vf, salam:1985ft, scherk:1979ta, scherk:1979zr, schirmer:1995dy, townsend:2001ea, wald:1984rg
	In Post::MakeBibliography[@0x5567e86cde30] ->getBibEntries
Scan: DBStatus: 1905/0 objects
 1.99 sec)
(CrossRef  processing...
Warning:expected:ids Missing Entry for citation: Randall:1999ee,Hull:1985rt,Itzhaki:1998dd,Boonstra:1998mp,Salam:1985ft,Lu:1995cs,Alonso-Alberca:2002tb,AdS,Nishino:2002zi,Schirmer:1995dy,Pernici:ju,Gibbons:2002,Kallosh:2001gr,Cowdall:1997tw,Hull:2002cv,Bakas:1999fa,Hamermesh,Scherk:1979ta,Randall:1999vf,Gibbons:1979,Scherk:1979zr,Belinskii:1978,Bergshoeff:2002nv,Pons:1998tt,Gunaydin:1984qu,Lavrinenko:1998qa,Cremmer:1978km,Wald:1984rg,Hernandez:2002fb,Gibbons:1998ie,Townsend:2001ea,Maldacena:1998re,Fre:2002pd,Bergshoeff:2002mb,Gauntlett:1997pk,deWit:2002vt,Bakas:1997gf,deRoo:2002jf,Cowdall:2000,Eguchi:1978
	In Post::CrossRef[@0x5567e84c0c38] ->process
Warning:expected:ids Missing File location for ID: S3.T1,A4.E16,A4.F1,A2.E1,S2.E12,S5.E6,S5.E5,S4.E1,S4.E4,S5.E3,A4,S4.T2,S3,S5.E2,S2.E11,S2.E22,S2.E28,A2.E2,A1,S4.E5,S4,A3,A4.T3,S4.Ex3,S5.Ex2,S5.E4,A4.E17,S3.E7,S5.E1,A2,S2.E10
	In Post::CrossRef[@0x5567e84c0c38] ->process
 0.32 sec)
(Writer  processing... 0.02 sec) 2.91 sec)
Postprocessing complete 3 warnings; 1 error (See /home/user/latex-in-arxiv/0303113.latexmlpost.log) (reqd. 3.28s)
