latexml (LaTeXML version 0.8.6) processing 2003/0303206.tex
(Digesting TeX 0303206...
(Loading /usr/share/perl5/LaTeXML/Package/TeX.pool.ltxml...
(Loading /usr/share/perl5/LaTeXML/Package/eTeX.pool.ltxml... 0.01 sec)
(Loading /usr/share/perl5/LaTeXML/Package/pdfTeX.pool.ltxml... 0.01 sec) 0.20 sec)
(Processing content /home/user/latex-in-arxiv/2003/0303206.tex...
(Loading /usr/share/perl5/LaTeXML/Package/LaTeX.pool.ltxml...
(Loading /usr/share/perl5/LaTeXML/Package/textcomp.sty.ltxml...
(Processing definitions /usr/share/texlive/texmf-dist/tex/latex-dev/base/ts1enc.dfu... 0.04 sec) 1.62 sec) 1.93 sec)
(Loading /usr/share/perl5/LaTeXML/Package/revtex4.cls.ltxml...
(Loading /usr/share/perl5/LaTeXML/Package/article.cls.ltxml... 0.02 sec)
(Loading /usr/share/perl5/LaTeXML/Package/revtex4_support.sty.ltxml...
(Loading /usr/share/perl5/LaTeXML/Package/hyperref.sty.ltxml...
(Loading /usr/share/perl5/LaTeXML/Package/keyval.sty.ltxml...
(Processing definitions /usr/share/texlive/texmf-dist/tex/latex-dev/graphics/keyval.sty... 0.02 sec) 0.03 sec)
(Loading /usr/share/perl5/LaTeXML/Package/nameref.sty.ltxml... 0.00 sec)
(Loading /usr/share/perl5/LaTeXML/Package/url.sty.ltxml... 0.00 sec) 0.11 sec)
(Loading /usr/share/perl5/LaTeXML/Package/natbib.sty.ltxml... 0.03 sec)
(Loading /usr/share/perl5/LaTeXML/Package/revsymb.sty.ltxml... 0.00 sec)
(Loading /usr/share/perl5/LaTeXML/Package/longtable.sty.ltxml... 0.01 sec)
(Loading /usr/share/perl5/LaTeXML/Package/dcolumn.sty.ltxml...
(Loading /usr/share/perl5/LaTeXML/Package/array.sty.ltxml... 0.00 sec) 0.02 sec) 0.23 sec) 0.74 sec)
(Loading /usr/share/perl5/LaTeXML/Package/graphicx.sty.ltxml...
(Loading /usr/share/perl5/LaTeXML/Package/graphics.sty.ltxml... 0.02 sec) 0.04 sec)
Error:expected:{} Missing argument {} for Core::Definition::Expandable[\affiliation {}]
	at 0303206.tex; line 22 col 12 - line 22 col 12
	Ended at 0303206.tex; line 22 col 12 - line 22 col 12
	Input is empty
	In Core::Definition::Expandable[\affilia... /usr/share/perl5/LaTeXML/Package/revtex4_support.sty.ltxml; line 44
	 <= Core::Gullet[@0x5579c8ea2210] <= Core::Stomach[@0x5579c8ea20a8] <= Core::Definition::Constructor[\@@@ema... <= ...
 5.66 sec) 5.88 sec)
(Building...
(Loading compiled schema /usr/share/perl5/LaTeXML/resources/RelaxNG/LaTeXML.model... 0.01 sec) 3.27 sec)
(Rewriting... 0.09 sec)
(Math Parsing 104 formulae ......
Warning:not_parsed:POSTSUBSCRIPT.UNKNOWN.POSTSUPERSCRIPT>RELOP MathParser failed to match rule 'Anything'
	at 0303206.tex; line 243 col 15 - line 245 col 22
	In "\begin{equation}L_{ij}\,\delta_{A}q^{j}\equiv(-S,_{ij}+\kappa_{ij})\,\delta_{A%
	}q^{j}=\epsilon A,_{i}\;,\end{equation}"
	L[[UNKNOWN]] _{ij}[[POSTSUBSCRIPT]] δ[[UNKNOWN]] _{A}[[POSTSUBSCRIPT]] q[[UNKNOWN]] ^{j}[[POSTSUPERSCRIPT]]
	        > ≡[[RELOP]] ([[OPEN]] -[[ADDOP]] S[[UNKNOWN]] ,[[PUNCT]] _{ij}[[POSTSUBSCRIPT]] +[[ADDOP]] κ[[UNKNOWN]] _{ij}[[POSTSUBSCRIPT]] )[[CLOSE]] δ[[UNKNOWN]] _{A}[[POSTSUBSCRIPT]] q[[UNKNOWN]] ^{j}[[POSTSUPERSCRIPT]] =[[RELOP]] ϵ[[UNKNOWN]] A[[UNKNOWN]] ,[[PUNCT]] _{i}[[POSTSUBSCRIPT]]
Warning:not_parsed:UNKNOWN.PERIOD.UNKNOWN>PERIOD MathParser failed to match rule 'Anything'
	at 0303206.tex; line 265 col 3 - line 265 col 64
	In "\begin{equation}\{\{A,B\},C\}+{\rm c.p.}=A,_{i}B,_{j}C,_{k}{\cal T}^{ijk}\;,\end{equation}"
	\{[[OPEN]] \{[[OPEN]] A[[UNKNOWN]] ,[[PUNCT]] B[[UNKNOWN]] \}[[CLOSE]] ,[[PUNCT]] C[[UNKNOWN]] \}[[CLOSE]] +[[ADDOP]] c[[UNKNOWN]] .[[PERIOD]] p[[UNKNOWN]]
	        > .[[PERIOD]] =[[RELOP]] A[[UNKNOWN]] ,[[PUNCT]] _{i}[[POSTSUBSCRIPT]] B[[UNKNOWN]] ,[[PUNCT]] _{j}[[POSTSUBSCRIPT]] C[[UNKNOWN]] ,[[PUNCT]] _{k}[[POSTSUBSCRIPT]] T[[UNKNOWN]] ^{ijk}[[POSTSUPERSCRIPT]]
Warning:not_parsed:POSTSUPERSCRIPT.ATOM.POSTSUPERSCRIPT>PUNCT MathParser failed to match rule 'Anything'
	at 0303206.tex; line 271 col 43 - line 273 col 58
	In "\begin{equation}{\cal T}^{ijk}=\widetilde{G}^{il}\widetilde{G}^{jk}\!,_{l}+%
	\widetilde{G}^{jl}\widetilde{G}^{ki}\!,_{l}+\widetilde{G}^{kl}\widetilde{G}^{%
	ij}\!,_{l}\;.\end{equation}"
	T[[UNKNOWN]] ^{ijk}[[POSTSUPERSCRIPT]] =[[RELOP]] \widetilde{G}[[UNKNOWN]] ^{il}[[POSTSUPERSCRIPT]] \widetilde{G}[[UNKNOWN]] ^{jk}[[POSTSUPERSCRIPT]]
	        > ,[[PUNCT]] _{l}[[POSTSUBSCRIPT]] +[[ADDOP]] \widetilde{G}[[UNKNOWN]] ^{jl}[[POSTSUPERSCRIPT]] \widetilde{G}[[UNKNOWN]] ^{ki}[[POSTSUPERSCRIPT]] ,[[PUNCT]] _{l}[[POSTSUBSCRIPT]] +[[ADDOP]] \widetilde{G}[[UNKNOWN]] ^{kl}[[POSTSUPERSCRIPT]] \widetilde{G}[[UNKNOWN]] ^{ij}[[POSTSUPERSCRIPT]] ,[[PUNCT]] _{l}[[POSTSUBSCRIPT]]
Warning:not_parsed:UNKNOWN.POSTSUPERSCRIPT>PUNCT MathParser failed to match rule 'Anything'
	at 0303206.tex; line 277 col 25 - line 277 col 39
	In "${G}^{-jk}\!,_{l}$"
	G[[UNKNOWN]] ^{-jk}[[POSTSUPERSCRIPT]]
	        > ,[[PUNCT]] _{l}[[POSTSUBSCRIPT]]
Warning:not_parsed:UNKNOWN.POSTSUBSCRIPT>PUNCT MathParser failed to match rule 'Anything'
	at 0303206.tex; line 278 col 0 - line 279 col 47
	In "\begin{equation}L_{ij},_{l}G^{-jk}+L_{ij}\,G^{-jk}\!,_{l}=0\;.\end{equation}"
	L[[UNKNOWN]] _{ij}[[POSTSUBSCRIPT]]
	        > ,[[PUNCT]] _{l}[[POSTSUBSCRIPT]] G[[UNKNOWN]] ^{-jk}[[POSTSUPERSCRIPT]] +[[ADDOP]] L[[UNKNOWN]] _{ij}[[POSTSUBSCRIPT]] G[[UNKNOWN]] ^{-jk}[[POSTSUPERSCRIPT]] ,[[PUNCT]] _{l}[[POSTSUBSCRIPT]] =[[RELOP]] 0[[NUMBER]]
Warning:not_parsed:UNKNOWN.POSTSUPERSCRIPT>PUNCT MathParser failed to match rule 'Anything'
	at 0303206.tex; line 280 col 25 - line 281 col 40
	In "\begin{equation}G^{-mk}\!,_{l}=-G^{+mi}L_{ij},_{l}G^{-jk}\;=-G^{-im}L_{ij},_{l%
	}G^{-jk},\end{equation}"
	G[[UNKNOWN]] ^{-mk}[[POSTSUPERSCRIPT]]
	        > ,[[PUNCT]] _{l}[[POSTSUBSCRIPT]] =[[RELOP]] -[[ADDOP]] G[[UNKNOWN]] ^{+mi}[[POSTSUPERSCRIPT]] L[[UNKNOWN]] _{ij}[[POSTSUBSCRIPT]] ,[[PUNCT]] _{l}[[POSTSUBSCRIPT]] G[[UNKNOWN]] ^{-jk}[[POSTSUPERSCRIPT]] =[[RELOP]] -[[ADDOP]] G[[UNKNOWN]] ^{-im}[[POSTSUPERSCRIPT]] L[[UNKNOWN]] _{ij}[[POSTSUBSCRIPT]] ,[[PUNCT]] _{l}[[POSTSUBSCRIPT]] G[[UNKNOWN]] ^{-jk}[[POSTSUPERSCRIPT]]
Warning:not_parsed:UNKNOWN.POSTSUPERSCRIPT>RELOP MathParser failed to match rule 'Anything'
	at 0303206.tex; line 283 col 0 - line 285 col 28
	In "\begin{equation}{\cal T}^{ijk}=(G^{-li}G^{-mj}G^{-nk}+{\rm c.p.})(L_{mn},_{l}-%
	L_{nm},_{l})\;,\end{equation}"
	T[[UNKNOWN]] ^{ijk}[[POSTSUPERSCRIPT]]
	        > =[[RELOP]] ([[OPEN]] G[[UNKNOWN]] ^{-li}[[POSTSUPERSCRIPT]] G[[UNKNOWN]] ^{-mj}[[POSTSUPERSCRIPT]] G[[UNKNOWN]] ^{-nk}[[POSTSUPERSCRIPT]] +[[ADDOP]] c[[UNKNOWN]] .[[PERIOD]] p[[UNKNOWN]] .[[PERIOD]] )[[CLOSE]] ([[OPEN]] L[[UNKNOWN]] _{mn}[[POSTSUBSCRIPT]] ,[[PUNCT]] _{l}[[POSTSUBSCRIPT]] -[[ADDOP]] L[[UNKNOWN]] _{nm}[[POSTSUBSCRIPT]] ,[[PUNCT]] _{l}[[POSTSUBSCRIPT]] )[[CLOSE]]
Warning:not_parsed:UNKNOWN>PUNCT MathParser failed to match rule 'Anything'
	at 0303206.tex; line 289 col 7 - line 289 col 62
	In "\begin{equation}S,_{mnl}-S,_{nml}+\kappa_{mn},_{l}-\kappa_{nm},_{l}\;.\end{equation}"
	S[[UNKNOWN]]
	        > ,[[PUNCT]] _{mnl}[[POSTSUBSCRIPT]] -[[ADDOP]] S[[UNKNOWN]] ,[[PUNCT]] _{nml}[[POSTSUBSCRIPT]] +[[ADDOP]] κ[[UNKNOWN]] _{mn}[[POSTSUBSCRIPT]] ,[[PUNCT]] _{l}[[POSTSUBSCRIPT]] -[[ADDOP]] κ[[UNKNOWN]] _{nm}[[POSTSUBSCRIPT]] ,[[PUNCT]] _{l}[[POSTSUBSCRIPT]]
Warning:not_parsed:UNKNOWN.POSTSUPERSCRIPT.CLOSE>RELOP MathParser failed to match rule 'Anything'
	at 0303206.tex; line 301 col 18 - line 303 col 35
	In "$$\{F_{i},q^{k}\}=\{-S,_{i}+\kappa_{ij}\,q^{j},q^{k}\}=L_{ij}\{q^{j},q^{k}\}=L%
	_{ij}(G^{+jk}-G^{-jk})=(L-L^{T})_{ij}\,G^{+jk}+(L^{T})_{ij}G^{+jk}-L_{ij}G^{-%
	jk}=$$"
	\{[[OPEN]] F[[UNKNOWN]] _{i}[[POSTSUBSCRIPT]] ,[[PUNCT]] q[[UNKNOWN]] ^{k}[[POSTSUPERSCRIPT]] \}[[CLOSE]]
	        > =[[RELOP]] \{[[OPEN]] -[[ADDOP]] S[[UNKNOWN]] ,[[PUNCT]] _{i}[[POSTSUBSCRIPT]] +[[ADDOP]] κ[[UNKNOWN]] _{ij}[[POSTSUBSCRIPT]] q[[UNKNOWN]] ^{j}[[POSTSUPERSCRIPT]] ,[[PUNCT]] q[[UNKNOWN]] ^{k}[[POSTSUPERSCRIPT]] \}[[CLOSE]] =[[RELOP]] L[[UNKNOWN]] _{ij}[[POSTSUBSCRIPT]] \{[[OPEN]] q[[UNKNOWN]] ^{j}[[POSTSUPERSCRIPT]] ,[[PUNCT]] q[[UNKNOWN]] ^{k}[[POSTSUPERSCRIPT]] \}[[CLOSE]] =[[RELOP]] L[[UNKNOWN]] _{ij}[[POSTSUBSCRIPT]] ([[OPEN]] G[[UNKNOWN]] ^{+jk}[[POSTSUPERSCRIPT]] -[[ADDOP]] G[[UNKNOWN]] ^{-jk}[[POSTSUPERSCRIPT]] )[[CLOSE]] =[[RELOP]] ([[OPEN]] L[[UNKNOWN]] -[[ADDOP]] L[[UNKNOWN]] ^{T}[[POSTSUPERSCRIPT]] )[[CLOSE]] _{ij}[[POSTSUBSCRIPT]] G[[UNKNOWN]] ^{+jk}[[POSTSUPERSCRIPT]] +[[ADDOP]] ([[OPEN]] L[[UNKNOWN]] ^{T}[[POSTSUPERSCRIPT]] )[[CLOSE]] _{ij}[[POSTSUBSCRIPT]] ...
Warning:not_parsed:RELOP>OPEN MathParser failed to match rule 'Anything'
	at 0303206.tex; line 303 col 0 - line 304 col 89
	In "\begin{equation}=(S,_{ij}-S,_{ji}+\kappa_{ij}-\kappa_{ji})\,G^{-kj}=(\kappa-%
	\kappa^{T})_{ij}\,G^{-kj}\;,\end{equation}"
	=[[RELOP]]
	        > ([[OPEN]] S[[UNKNOWN]] ,[[PUNCT]] _{ij}[[POSTSUBSCRIPT]] -[[ADDOP]] S[[UNKNOWN]] ,[[PUNCT]] _{ji}[[POSTSUBSCRIPT]] +[[ADDOP]] κ[[UNKNOWN]] _{ij}[[POSTSUBSCRIPT]] -[[ADDOP]] κ[[UNKNOWN]] _{ji}[[POSTSUBSCRIPT]] )[[CLOSE]] G[[UNKNOWN]] ^{-kj}[[POSTSUPERSCRIPT]] =[[RELOP]] ([[OPEN]] κ[[UNKNOWN]] -[[ADDOP]] κ[[UNKNOWN]] ^{T}[[POSTSUPERSCRIPT]] )[[CLOSE]] _{ij}[[POSTSUBSCRIPT]] G[[UNKNOWN]] ^{-kj}[[POSTSUPERSCRIPT]]
Warning:not_parsed:UNKNOWN.POSTSUBSCRIPT.CLOSE>RELOP MathParser failed to match rule 'Anything'
	at 0303206.tex; line 308 col 2 - line 311 col 2
	In "$$\{F_{i},F_{j}\}=\{-S,_{i}+\kappa_{ik}\,q^{k},-S,_{j}+\kappa_{jl}\,q^{l}\}=L_%
	{ik}L_{jl}\{q^{k},q^{l}\}=L_{ik}L_{jl}({G}^{+kl}-G^{-kl})=$$"
	\{[[OPEN]] F[[UNKNOWN]] _{i}[[POSTSUBSCRIPT]] ,[[PUNCT]] F[[UNKNOWN]] _{j}[[POSTSUBSCRIPT]] \}[[CLOSE]]
	        > =[[RELOP]] \{[[OPEN]] -[[ADDOP]] S[[UNKNOWN]] ,[[PUNCT]] _{i}[[POSTSUBSCRIPT]] +[[ADDOP]] κ[[UNKNOWN]] _{ik}[[POSTSUBSCRIPT]] q[[UNKNOWN]] ^{k}[[POSTSUPERSCRIPT]] ,[[PUNCT]] -[[ADDOP]] S[[UNKNOWN]] ,[[PUNCT]] _{j}[[POSTSUBSCRIPT]] +[[ADDOP]] κ[[UNKNOWN]] _{jl}[[POSTSUBSCRIPT]] q[[UNKNOWN]] ^{l}[[POSTSUPERSCRIPT]] \}[[CLOSE]] =[[RELOP]] L[[UNKNOWN]] _{ik}[[POSTSUBSCRIPT]] L[[UNKNOWN]] _{jl}[[POSTSUBSCRIPT]] \{[[OPEN]] q[[UNKNOWN]] ^{k}[[POSTSUPERSCRIPT]] ,[[PUNCT]] q[[UNKNOWN]] ^{l}[[POSTSUPERSCRIPT]] \}[[CLOSE]] =[[RELOP]] L[[UNKNOWN]] _{ik}[[POSTSUBSCRIPT]] L[[UNKNOWN]] _{jl}[[POSTSUBSCRIPT]] ([[OPEN]] G[[UNKNOWN]] ^{+kl}[[POSTSUPERSCRIPT]] -[[ADDOP]] G[[UNKNOWN]] ^{-kl}[[POSTSUPERSCRIPT]] )[[CLOSE]] =[[RELOP]]
Warning:not_parsed:POSTSUBSCRIPT.RELOP.UNKNOWN>PUNCT MathParser failed to match rule 'Anything'
	at 0303206.tex; line 312 col 0 - line 314 col 52
	In "\begin{equation}=L_{ik}L_{jl}({G}^{-lk}-G^{-kl})=L_{ij}-L_{ji}=S,_{ij}-S,_{ji}%
	+\kappa_{ij}-\kappa_{ji}=(\kappa-\kappa^{T})_{ij}\;.\end{equation}"
	=[[RELOP]] L[[UNKNOWN]] _{ik}[[POSTSUBSCRIPT]] L[[UNKNOWN]] _{jl}[[POSTSUBSCRIPT]] ([[OPEN]] G[[UNKNOWN]] ^{-lk}[[POSTSUPERSCRIPT]] -[[ADDOP]] G[[UNKNOWN]] ^{-kl}[[POSTSUPERSCRIPT]] )[[CLOSE]] =[[RELOP]] L[[UNKNOWN]] _{ij}[[POSTSUBSCRIPT]] -[[ADDOP]] L[[UNKNOWN]] _{ji}[[POSTSUBSCRIPT]] =[[RELOP]] S[[UNKNOWN]]
	        > ,[[PUNCT]] _{ij}[[POSTSUBSCRIPT]] -[[ADDOP]] S[[UNKNOWN]] ,[[PUNCT]] _{ji}[[POSTSUBSCRIPT]] +[[ADDOP]] κ[[UNKNOWN]] _{ij}[[POSTSUBSCRIPT]] -[[ADDOP]] κ[[UNKNOWN]] _{ji}[[POSTSUBSCRIPT]] =[[RELOP]] ([[OPEN]] κ[[UNKNOWN]] -[[ADDOP]] κ[[UNKNOWN]] ^{T}[[POSTSUPERSCRIPT]] )[[CLOSE]] _{ij}[[POSTSUBSCRIPT]]
 6.78 sec)
Math parsing succeeded:
   ltx:XMArg: 397/397
   ltx:XMath: 92/104
Symbols assumed as simple identifiers (with # of occurences):
   'A{italic}' (24), 'B{italic}' (19), 'C{italic}' (14), 'F{italic}' (13), 'G{italic}' (72), 'L{caligraphic}' (5), 'L{italic}' (50), 'M{italic}' (3), 'S{italic}' (30), 'T{caligraphic}' (11), 'at' (2), 'c' (5), 'delta' (52), 'd{italic}' (15), 'early' (1), 'epsilon' (6), 'for' (2), 'gamma' (1), 'i{italic}' (89), 'j{italic}' (98), 'kappa' (30), 'k{italic}' (41), 'late' (1), 'l{italic}' (21), 'mu' (7), 'm{italic}' (11), 'n{italic}' (7), 'p' (5), 'p{italic}' (4), 'q{italic}' (79), 'times' (2), 't{italic}' (129)
Set MATHPARSER_SPECULATE to speculate on possible notations.
(Finalizing... 0.58 sec)
Conversion complete 12 warnings; 1 error (See /home/user/latex-in-arxiv/0303206.latexml.log) (reqd. 17.13s)
