latexml (LaTeXML version 0.8.6) processing 2003/0303141.tex
(Digesting TeX 0303141...
(Loading /usr/share/perl5/LaTeXML/Package/TeX.pool.ltxml...
(Loading /usr/share/perl5/LaTeXML/Package/eTeX.pool.ltxml... 0.00 sec)
(Loading /usr/share/perl5/LaTeXML/Package/pdfTeX.pool.ltxml... 0.01 sec) 0.15 sec)
(Processing content /home/user/latex-in-arxiv/2003/0303141.tex...
(Loading /usr/share/perl5/LaTeXML/Package/LaTeX.pool.ltxml...
(Loading /usr/share/perl5/LaTeXML/Package/textcomp.sty.ltxml...
(Processing definitions /usr/share/texlive/texmf-dist/tex/latex-dev/base/ts1enc.dfu... 0.03 sec) 1.20 sec) 1.43 sec)
(Loading /usr/share/perl5/LaTeXML/Package/revtex4.cls.ltxml...
(Loading /usr/share/perl5/LaTeXML/Package/article.cls.ltxml... 0.01 sec)
(Loading /usr/share/perl5/LaTeXML/Package/revtex4_support.sty.ltxml...
(Loading /usr/share/perl5/LaTeXML/Package/hyperref.sty.ltxml...
(Loading /usr/share/perl5/LaTeXML/Package/keyval.sty.ltxml...
(Processing definitions /usr/share/texlive/texmf-dist/tex/latex-dev/graphics/keyval.sty... 0.02 sec) 0.02 sec)
(Loading /usr/share/perl5/LaTeXML/Package/nameref.sty.ltxml... 0.00 sec)
(Loading /usr/share/perl5/LaTeXML/Package/url.sty.ltxml... 0.00 sec) 0.08 sec)
(Loading /usr/share/perl5/LaTeXML/Package/natbib.sty.ltxml... 0.02 sec)
(Loading /usr/share/perl5/LaTeXML/Package/revsymb.sty.ltxml... 0.00 sec)
(Loading /usr/share/perl5/LaTeXML/Package/longtable.sty.ltxml... 0.00 sec)
(Loading /usr/share/perl5/LaTeXML/Package/dcolumn.sty.ltxml...
(Loading /usr/share/perl5/LaTeXML/Package/array.sty.ltxml... 0.00 sec) 0.01 sec) 0.17 sec) 0.62 sec)
(Loading /usr/share/perl5/LaTeXML/Package/graphicx.sty.ltxml...
(Loading /usr/share/perl5/LaTeXML/Package/graphics.sty.ltxml... 0.01 sec) 0.03 sec) 5.96 sec) 6.14 sec)
(Building...
(Loading compiled schema /usr/share/perl5/LaTeXML/resources/RelaxNG/LaTeXML.model... 0.01 sec)
Info:malformed:id Duplicated attribute xml:id
	at 0303141.tex; line 249 col 16 - line 249 col 16
	Using id='S2.E17a' on <ltx:XMRow _box="Alignment[]" _font="Font[math,medium,italic,10,bla..."/>
	id='S2.E17' already set on <ltx:equation _box="LaTeXML::Core::Alignment=HASH(..." _font="Font[serif,medium,upright,10,b..." xml:id="S2.E17" _ID_counter_m_="1">...
Info:malformed:id Duplicated attribute xml:id
	at 0303141.tex; line 414 col 9 - line 414 col 9
	Using id='S3.E1a' on <ltx:equation _box="Alignment[]" _font="Font[serif,medium,upright,10,b..."/>
	id='S3.E1' already set on <ltx:equation _box="LaTeXML::Core::Alignment=HASH(..." _font="Font[serif,medium,upright,10,b..." xml:id="S3.E1" _ID_counter_m_="2">...
Info:malformed:id Duplicated attribute xml:id
	at 0303141.tex; line 414 col 9 - line 414 col 9
	Using id='S3.E2a' on <ltx:equation _box="Alignment[]" _font="Font[serif,medium,upright,10,b..."/>
	id='S3.E2' already set on <ltx:equation _box="LaTeXML::Core::Alignment=HASH(..." _font="Font[serif,medium,upright,10,b..." xml:id="S3.E2" _ID_counter_m_="2">...
 4.10 sec)
(Rewriting... 0.10 sec)
(Math Parsing 334 formulae ...... 7.16 sec)
Math parsing succeeded:
   ltx:XMath: 334/334
   ltx:XMArg: 617/617
Symbols assumed as simple identifiers (with # of occurences):
   'A{italic}' (13), 'C{caligraphic}' (5), 'G{italic}' (25), 'I{italic}' (27), 'K{italic}' (13), 'Lambda' (29), 'M{italic}' (10), 'N{caligraphic}' (36), 'N{italic}' (37), 'O{italic}' (12), 'Phi' (5), 'P{italic}' (2), 'R{italic}' (60), 'S{italic}' (16), 'T{italic}' (3), 'U{italic}' (7), 'V{italic}' (7), 'W{italic}' (5), 'X{italic}' (4), 'alpha' (21), 'beta' (2), 'chi' (15), 'c{italic}' (10), 'd{italic}' (30), 'epsilon' (16), 'e{italic}' (12), 'f{italic}' (66), 'g{italic}' (31), 'h{italic}' (6), 'independent' (2), 'i{italic}' (6), 'lambda' (15), 'l{italic}' (3), 'mu' (12), 'm{italic}' (16), 'of' (2), 'other' (2), 'pi' (6), 'psi' (2), 'r{italic}' (161), 'sigma' (4), 's{italic}' (15), 'tau' (24), 'terms' (2), 'theta' (6), 'x{italic}' (34)
Set MATHPARSER_SPECULATE to speculate on possible notations.
(Finalizing... 0.66 sec)
Conversion complete No obvious problems (reqd. 18.69s)
