latexml (LaTeXML version 0.8.6) processing 2003/0303058.tex
(Digesting TeX 0303058...
(Loading /usr/share/perl5/LaTeXML/Package/TeX.pool.ltxml...
(Loading /usr/share/perl5/LaTeXML/Package/eTeX.pool.ltxml... 0.01 sec)
(Loading /usr/share/perl5/LaTeXML/Package/pdfTeX.pool.ltxml... 0.01 sec) 0.26 sec)
(Processing content /home/user/latex-in-arxiv/2003/0303058.tex...
(Loading /usr/share/perl5/LaTeXML/Package/LaTeX.pool.ltxml...
(Loading /usr/share/perl5/LaTeXML/Package/textcomp.sty.ltxml...
(Processing definitions /usr/share/texlive/texmf-dist/tex/latex-dev/base/ts1enc.dfu... 0.05 sec) 1.92 sec) 2.30 sec)
(Loading /usr/share/perl5/LaTeXML/Package/article.cls.ltxml... 0.02 sec)
(Loading /usr/share/perl5/LaTeXML/Package/amsmath.sty.ltxml...
(Loading /usr/share/perl5/LaTeXML/Package/amsbsy.sty.ltxml...
(Loading /usr/share/perl5/LaTeXML/Package/amsgen.sty.ltxml... 0.01 sec) 0.01 sec)
(Loading /usr/share/perl5/LaTeXML/Package/amstext.sty.ltxml... 0.01 sec)
(Loading /usr/share/perl5/LaTeXML/Package/amsopn.sty.ltxml... 0.01 sec) 0.09 sec)
(Loading /usr/share/perl5/LaTeXML/Package/epsf.sty.ltxml... 0.01 sec)
(Loading /usr/share/perl5/LaTeXML/Package/amssymb.sty.ltxml...
(Loading /usr/share/perl5/LaTeXML/Package/amsfonts.sty.ltxml... 0.00 sec) 0.04 sec)
(Loading /usr/share/perl5/LaTeXML/Package/dsfont.sty.ltxml... 0.00 sec)
(Loading /usr/share/perl5/LaTeXML/Package/graphicx.sty.ltxml...
(Loading /usr/share/perl5/LaTeXML/Package/graphics.sty.ltxml... 0.01 sec) 0.05 sec)
(Loading /usr/share/perl5/LaTeXML/Package/color.sty.ltxml... 0.02 sec)
(Loading /usr/share/perl5/LaTeXML/Package/rotate.sty.ltxml... 0.01 sec)
Info:unexpected:options Unused global options: a4 paper,12 pt
	at 0303058.tex; line 41 col 0 - line 41 col 16
Error:missing_file:trom1.tex Can't find TeX file trom1.tex
	at 0303058.tex; line 489 col 0 - line 489 col 17
	search paths are /home/user/latex-in-arxiv/2003, /home/user/latex-in-arxiv
	Next token is T_SPACE[U+000a/LF] ( == T_SPACE[U+000a/LF])
	In Core::Definition::Primitive[\ltx@inpu... /usr/share/perl5/LaTeXML/Package/LaTeX.pool.ltxml; line 4014
	 <= Core::Stomach[@0x55c32b2932d0] <= ...
Fatal:perl:die Perl died
	at 0303058.tex; line 541 col 0 - line 541 col 67
	Illegal division by zero at /usr/share/perl5/LaTeXML/Package/graphics.sty.ltxml line 106, <$IN> line 541.
	In Core::Definition::Constructor[\Gscale... /usr/share/perl5/LaTeXML/Package/graphics.sty.ltxml; line 111
	 <= Core::Stomach[@0x55c32b2932d0] <= Core::Definition::Constructor[\rotate... <= Core::Stomach[@0x55c32b2932d0] <= Core::Gullet[@0x55c32da8b930] <= Core::Stomach[@0x55c32b2932d0] <= Core::Definition::Constructor[\put Pa... <= Core::Stomach[@0x55c32b2932d0] <= Core::Definition::Constructor[\begin{... <= Core::Stomach[@0x55c32b2932d0] <= Core::Definition::Constructor[\begin{... <= Core::Stomach[@0x55c32b2932d0] <= Core::Definition::Constructor[\begin{... <= Core::Stomach[@0x55c32b2932d0]
Conversion failed 1 error; 1 fatal error; 1 missing file[trom1.tex] (See /home/user/latex-in-arxiv/0303058.latexml.log) (reqd. 7.08s)
