latexml (LaTeXML version 0.8.6) processing 2003/0303014.tex
(Digesting TeX 0303014...
(Loading /usr/share/perl5/LaTeXML/Package/TeX.pool.ltxml...
(Loading /usr/share/perl5/LaTeXML/Package/eTeX.pool.ltxml... 0.01 sec)
(Loading /usr/share/perl5/LaTeXML/Package/pdfTeX.pool.ltxml... 0.01 sec) 0.23 sec)
(Processing content /home/user/latex-in-arxiv/2003/0303014.tex...
(Loading /usr/share/perl5/LaTeXML/Package/LaTeX.pool.ltxml...
(Loading /usr/share/perl5/LaTeXML/Package/textcomp.sty.ltxml...
(Processing definitions /usr/share/texlive/texmf-dist/tex/latex-dev/base/ts1enc.dfu... 0.04 sec) 1.76 sec) 2.09 sec)
Info:unexpected:\documentstyle Entering LaTeX 2.09 Compatibility mode
	at 0303014.tex; line 1 col 0 - line 1 col 29
(Loading /usr/share/perl5/LaTeXML/Package/article.cls.ltxml... 0.02 sec)
Warning:unexpected:\end{document} Attempt to end document with open groups, environments or conditionals
	at 0303014.tex; line 300 col 0 - line 300 col 14
	Group opened by { 0303014.tex; line 181 col 12 - line 181 col 12
	In Core::Definition::Constructor[\end{do... /usr/share/perl5/LaTeXML/Package/LaTeX.pool.ltxml; line 395
 4.94 sec) 5.18 sec)
(Building...
(Loading compiled schema /usr/share/perl5/LaTeXML/resources/RelaxNG/LaTeXML.model... 0.01 sec) 2.80 sec)
(Rewriting... 0.10 sec)
(Math Parsing 114 formulae ......
Warning:not_parsed:CLOSE.RELOP.ATOM>OPEN MathParser failed to match rule 'Anything'
	at 0303014.tex; line 110 col 2 - line 110 col 2
	In "$\displaystyle R^{(2)}_{a}(x)=\frac{1}{g^{2}}\left(gf_{abc}{\vec{A}}_{b}.%
	\nabla\int_{y}\frac{\nabla.{\vec{\Pi}}_{c}(y)}{4\pi\left|\vec{x}-\vec{y}\right%
	|}\right)=f_{abc}f_{cde}{\vec{A}}_{b}.\nabla\int_{y}\frac{{\vec{A}}_{d}.{\vec{%
	\Pi}}_{e}}{4\pi\left|\vec{x}-\vec{y}\right|}.\@@ENDINLINEMATH"
	R[[UNKNOWN]] ^{(2)}[[POSTSUPERSCRIPT]] _{a}[[POSTSUBSCRIPT]] ([[OPEN]] x[[UNKNOWN]] )[[CLOSE]] =[[RELOP]] \frac{1}{g^{2}}[[UNKNOWN]]
	        > \left([[OPEN]] g[[UNKNOWN]] f[[UNKNOWN]] _{abc}[[POSTSUBSCRIPT]] \vec{A}[[UNKNOWN]] _{b}[[POSTSUBSCRIPT]] .[[PERIOD]] ∇[[OPERATOR]] ∫[[INTOP]] _{y}[[POSTSUBSCRIPT]] \frac{\nabla.{\vec{\Pi}}_{c}(y)}{4\pi\left|\vec{x}-\vec{y}\right|}[[UNKNOWN]] \right)[[CLOSE]] =[[RELOP]] f[[UNKNOWN]] _{abc}[[POSTSUBSCRIPT]] f[[UNKNOWN]] _{cde}[[POSTSUBSCRIPT]] \vec{A}[[UNKNOWN]] _{b}[[POSTSUBSCRIPT]] .[[PERIOD]] ∇[[OPERATOR]] ∫[[INTOP]] _{y}[[POSTSUBSCRIPT]] \frac{{\vec{A}}_{d}.{\vec{\Pi}}_{e}}{4\pi\left|\vec{x}-\vec{y}\right|}[[UNKNOWN]]
Warning:not_parsed:ATOM>OPEN MathParser failed to match rule 'Anything'
	at 0303014.tex; line 110 col 21 - line 113 col 1
	In "$\displaystyle\frac{1}{g^{2}}\left(gf_{abc}{\vec{A}}_{b}.\nabla\int_{y}\frac{%
	\nabla.{\vec{\Pi}}_{c}(y)}{4\pi\left|\vec{x}-\vec{y}\right|}\right)$"
	\frac{1}{g^{2}}[[UNKNOWN]]
	        > \left([[OPEN]] g[[UNKNOWN]] f[[UNKNOWN]] _{abc}[[POSTSUBSCRIPT]] \vec{A}[[UNKNOWN]] _{b}[[POSTSUBSCRIPT]] .[[PERIOD]] ∇[[OPERATOR]] ∫[[INTOP]] _{y}[[POSTSUBSCRIPT]] \frac{\nabla.{\vec{\Pi}}_{c}(y)}{4\pi\left|\vec{x}-\vec{y}\right|}[[UNKNOWN]] \right)[[CLOSE]]
Warning:not_parsed:UNKNOWN.CLOSE.CLOSE>RELOP MathParser failed to match rule 'Anything'
	at 0303014.tex; line 202 col 20 - line 202 col 59
	In "$\{\nabla.{\vec{A}}(x),{\vec{\Pi}}^{t}(y)\}=0$"
	\{[[OPEN]] ∇[[OPERATOR]] .[[PERIOD]] \vec{A}[[UNKNOWN]] ([[OPEN]] x[[UNKNOWN]] )[[CLOSE]] ,[[PUNCT]] \vec{\Pi}[[UNKNOWN]] ^{t}[[POSTSUPERSCRIPT]] ([[OPEN]] y[[UNKNOWN]] )[[CLOSE]] \}[[CLOSE]]
	        > =[[RELOP]] 0[[NUMBER]]
Warning:not_parsed:UNKNOWN.POSTSUBSCRIPT>OPEN MathParser failed to match rule 'Anything'
	at 0303014.tex; line 205 col 7 - line 205 col 7
	In "$\displaystyle\delta_{\epsilon}\left(\nabla.{\vec{A}}_{a}(x)\right)=\left\{%
	\nabla.{\vec{A}}_{a}(x),G_{\epsilon}\right\}=\left\{\nabla.{\vec{A}}_{a}(x),%
	\int_{y}\epsilon_{a}(y)\nabla.{\vec{\Pi}}_{a}(y)\right\}=-\nabla^{2}\epsilon_{%
	a}(x).\@@ENDINLINEMATH"
	δ[[UNKNOWN]] _{\epsilon}[[POSTSUBSCRIPT]]
	        > \left([[OPEN]] ∇[[OPERATOR]] .[[PERIOD]] \vec{A}[[UNKNOWN]] _{a}[[POSTSUBSCRIPT]] ([[OPEN]] x[[UNKNOWN]] )[[CLOSE]] \right)[[CLOSE]] =[[RELOP]] \left\{[[OPEN]] ∇[[OPERATOR]] .[[PERIOD]] \vec{A}[[UNKNOWN]] _{a}[[POSTSUBSCRIPT]] ([[OPEN]] x[[UNKNOWN]] )[[CLOSE]] ,[[PUNCT]] G[[UNKNOWN]] _{\epsilon}[[POSTSUBSCRIPT]] \right\}[[CLOSE]] =[[RELOP]] \left\{[[OPEN]] ∇[[OPERATOR]] .[[PERIOD]] \vec{A}[[UNKNOWN]] _{a}[[POSTSUBSCRIPT]] ([[OPEN]] x[[UNKNOWN]] )[[CLOSE]] ,[[PUNCT]] ∫[[INTOP]] _{y}[[POSTSUBSCRIPT]] ϵ[[UNKNOWN]] _{a}[[POSTSUBSCRIPT]] ([[OPEN]] y[[UNKNOWN]] )[[CLOSE]] ∇[[OPERATOR]] .[[PERIOD]] \vec{\Pi}[[UNKNOWN]] _{a}[[POSTSUBSCRIPT]] ([[OPEN]] y[[UNKNOWN]] )[[CLOSE]] \right\}[[CLOSE]] =[[RELOP]] -[[ADDOP]] ∇[[OPERATOR]] ^{2}[[POSTSUPERSCRIPT]] ...
Warning:not_parsed:UNKNOWN.POSTSUBSCRIPT>OPEN MathParser failed to match rule 'Anything'
	at 0303014.tex; line 205 col 7 - line 205 col 51
	In "$\displaystyle\delta_{\epsilon}\left(\nabla.{\vec{A}}_{a}(x)\right)$"
	δ[[UNKNOWN]] _{\epsilon}[[POSTSUBSCRIPT]]
	        > \left([[OPEN]] ∇[[OPERATOR]] .[[PERIOD]] \vec{A}[[UNKNOWN]] _{a}[[POSTSUBSCRIPT]] ([[OPEN]] x[[UNKNOWN]] )[[CLOSE]] \right)[[CLOSE]]
 7.31 sec)
Math parsing succeeded:
   ltx:XMArg: 524/524
   ltx:XMath: 109/114
Symbols assumed as simple identifiers (with # of occurences):
   'A{italic}' (2), 'C{italic}' (1), 'D{italic}' (2), 'G{italic}' (5), 'H{italic}' (4), 'M{italic}' (4), 'N{italic}' (5), 'O{caligraphic}' (23), 'Pi' (3), 'R{italic}' (4), 'Y{italic}' (4), 'a{italic}' (41), 'b{italic}' (32), 'c{italic}' (32), 'delta' (10), 'd{italic}' (2), 'epsilon' (9), 'e{italic}' (2), 'f{italic}' (32), 'g{italic}' (40), 'i{italic}' (4), 'j{italic}' (4), 'n{italic}' (5), 'phi' (59), 'pi' (17), 'psi' (6), 'x{italic}' (66), 'y{italic}' (33), 'z{italic}' (6)
Set MATHPARSER_SPECULATE to speculate on possible notations.
(Finalizing... 0.63 sec)
Conversion complete 6 warnings (See /home/user/latex-in-arxiv/0303014.latexml.log) (reqd. 16.48s)
