latexml (LaTeXML version 0.8.6) processing 2003/0303051.tex
(Digesting TeX 0303051...
(Loading /usr/share/perl5/LaTeXML/Package/TeX.pool.ltxml...
(Loading /usr/share/perl5/LaTeXML/Package/eTeX.pool.ltxml... 0.00 sec)
(Loading /usr/share/perl5/LaTeXML/Package/pdfTeX.pool.ltxml... 0.01 sec) 0.11 sec)
(Processing content /home/user/latex-in-arxiv/2003/0303051.tex...
(Loading /usr/share/perl5/LaTeXML/Package/LaTeX.pool.ltxml...
(Loading /usr/share/perl5/LaTeXML/Package/textcomp.sty.ltxml...
(Processing definitions /usr/share/texlive/texmf-dist/tex/latex-dev/base/ts1enc.dfu... 0.03 sec) 1.38 sec) 1.54 sec)
(Loading /usr/share/perl5/LaTeXML/Package/article.cls.ltxml... 0.01 sec)
(Loading /usr/share/perl5/LaTeXML/Package/amsmath.sty.ltxml...
(Loading /usr/share/perl5/LaTeXML/Package/amsbsy.sty.ltxml...
(Loading /usr/share/perl5/LaTeXML/Package/amsgen.sty.ltxml... 0.00 sec) 0.01 sec)
(Loading /usr/share/perl5/LaTeXML/Package/amstext.sty.ltxml... 0.01 sec)
(Loading /usr/share/perl5/LaTeXML/Package/amsopn.sty.ltxml... 0.01 sec) 0.06 sec)
(Loading /usr/share/perl5/LaTeXML/Package/amsthm.sty.ltxml... 0.01 sec) 13.01 sec) 13.17 sec)
(Building...
(Loading compiled schema /usr/share/perl5/LaTeXML/resources/RelaxNG/LaTeXML.model... 0.01 sec)
Info:malformed:id Duplicated attribute xml:id
	at 0303051.tex; line 113 col 0 - line 113 col 48
	Using id='footnote1a' on <ltx:note _font="Font[serif,medium,upright,10,b..." mark="*" role="footnote"/>
	id='footnote1' already set on <ltx:note _font="Font[serif,medium,upright,10,b..." mark="†" role="footnote" xml:id="footnote1" _box="LaTeXML::Core::Whatsit=HASH(0x...">...
Info:malformed:id Duplicated attribute xml:id
	at 0303051.tex; line 161 col 222 - line 161 col 222
	Using id='footnote1b' on <ltx:note _font="Font[serif,medium,upright,10,b..." mark="1" role="footnote"/>
	id='footnote1' already set on <ltx:note _font="Font[serif,medium,upright,10,b..." mark="†" role="footnote" xml:id="footnote1" _box="LaTeXML::Core::Whatsit=HASH(0x...">...
Info:malformed:id Duplicated attribute xml:id
	at 0303051.tex; line 894 col 4 - line 894 col 4
	Using id='S4.Ex1a' on <ltx:equation _box="Alignment[]" _font="Font[serif,medium,upright,10,b..."/>
	id='S4.Ex1' already set on <ltx:equation _box="LaTeXML::Core::Whatsit=HASH(0x..." _font="Font[math,medium,italic,10,bla..." xml:id="S4.Ex1" _ID_counter_m_="1" class="ltx_centering">...
Info:malformed:id Duplicated attribute xml:id
	at 0303051.tex; line 1429 col 4 - line 1429 col 4
	Using id='S5.E73a' on <ltx:XMRow _box="Alignment[]" _font="Font[math,medium,italic,10,bla..."/>
	id='S5.E73' already set on <ltx:equation _box="LaTeXML::Core::Alignment=HASH(..." _font="Font[serif,medium,upright,10,b..." xml:id="S5.E73" _ID_counter_m_="2">...
 13.66 sec)
(Rewriting... 0.51 sec)
(Math Parsing 859 formulae ......
Warning:not_parsed:UNKNOWN.RELOP.NUMBER>CLOSE MathParser failed to match rule 'Anything'
	at 0303051.tex; line 293 col 1 - line 293 col 1
	In "$\displaystyle{\cal H}=\{\phi\in{\cal H}_{\rm total}:b_{0}\phi=0\},\@@ENDINLINEMATH"
	H[[UNKNOWN]] =[[RELOP]] {[[UNKNOWN]] ϕ[[UNKNOWN]] ∈[[RELOP]] H[[UNKNOWN]] _{\rmtotal}[[POSTSUBSCRIPT]] :[[METARELOP]] b[[UNKNOWN]] _{0}[[POSTSUBSCRIPT]] ϕ[[UNKNOWN]] =[[RELOP]] 0[[NUMBER]]
	        > \}[[CLOSE]]
Warning:not_parsed:UNKNOWN.RELOP.NUMBER>CLOSE MathParser failed to match rule 'Anything'
	at 0303051.tex; line 293 col 15 - line 294 col 4
	In "$\displaystyle\{\phi\in{\cal H}_{\rm total}:b_{0}\phi=0\},$"
	{[[UNKNOWN]] ϕ[[UNKNOWN]] ∈[[RELOP]] H[[UNKNOWN]] _{\rmtotal}[[POSTSUBSCRIPT]] :[[METARELOP]] b[[UNKNOWN]] _{0}[[POSTSUBSCRIPT]] ϕ[[UNKNOWN]] =[[RELOP]] 0[[NUMBER]]
	        > \}[[CLOSE]]
Warning:not_parsed:UNKNOWN.RELOP.NUMBER>CLOSE MathParser failed to match rule 'Anything'
	at 0303051.tex; line 305 col 1 - line 305 col 1
	In "$\displaystyle{\cal H}=\{\phi\in{\cal H}_{\rm total}:b_{0}\phi=\beta_{0}\phi=0%
	\},\@@ENDINLINEMATH"
	H[[UNKNOWN]] =[[RELOP]] {[[UNKNOWN]] ϕ[[UNKNOWN]] ∈[[RELOP]] H[[UNKNOWN]] _{\rmtotal}[[POSTSUBSCRIPT]] :[[METARELOP]] b[[UNKNOWN]] _{0}[[POSTSUBSCRIPT]] ϕ[[UNKNOWN]] =[[RELOP]] β[[UNKNOWN]] _{0}[[POSTSUBSCRIPT]] ϕ[[UNKNOWN]] =[[RELOP]] 0[[NUMBER]]
	        > \}[[CLOSE]]
Warning:not_parsed:UNKNOWN.RELOP.NUMBER>CLOSE MathParser failed to match rule 'Anything'
	at 0303051.tex; line 305 col 15 - line 307 col 4
	In "$\displaystyle\{\phi\in{\cal H}_{\rm total}:b_{0}\phi=\beta_{0}\phi=0\},$"
	{[[UNKNOWN]] ϕ[[UNKNOWN]] ∈[[RELOP]] H[[UNKNOWN]] _{\rmtotal}[[POSTSUBSCRIPT]] :[[METARELOP]] b[[UNKNOWN]] _{0}[[POSTSUBSCRIPT]] ϕ[[UNKNOWN]] =[[RELOP]] β[[UNKNOWN]] _{0}[[POSTSUBSCRIPT]] ϕ[[UNKNOWN]] =[[RELOP]] 0[[NUMBER]]
	        > \}[[CLOSE]]
Warning:not_parsed:UNKNOWN.POSTSUPERSCRIPT>FLOATSUPERSCRIPT MathParser failed to match rule 'Anything'
	at 0303051.tex; line 854 col 6 - line 854 col 26
	In "$d^{\prime}{}^{2}=d^{\prime\prime}{}^{2}=0$"
	d[[UNKNOWN]] ^{\prime}[[POSTSUPERSCRIPT]]
	        > {}^{2}[[FLOATSUPERSCRIPT]] =[[RELOP]] d[[UNKNOWN]] ^{\prime\prime}[[POSTSUPERSCRIPT]] {}^{2}[[FLOATSUPERSCRIPT]] =[[RELOP]] 0[[NUMBER]]
Warning:not_parsed:POSTSUPERSCRIPT.CLOSE.ATOM>PUNCT MathParser failed to match rule 'Anything'
	at 0303051.tex; line 1426 col 25 - line 1426 col 25
	In "$\displaystyle\mbox{tr}\,q^{L_{0}^{\rm osc}}C=\left\{\begin{array}[]{ll}%
	\hidden@noalign{}1&(\mbox{NS})\\
	\hidden@noalign{}\frac{1}{2}\times 2&(\mbox{R})\end{array}\right\}\times q^{%
	\frac{2\nu-9}{16}}\prod_{m,r>0}\left(\sum_{N^{\rm p}_{m}=0}^{1}q^{mN^{\rm p}_{%
	m}}\right)\left(\sum_{N^{\rm m}_{m}=0}^{1}q^{mN^{\rm m}_{m}}(-)^{N^{\rm m}_{m}%
	}\right)\left(\sum_{N^{0}_{m}=0}^{\infty}q^{mN^{0}_{m}}(-)^{N^{0}_{m}}\right)%
	\mbox{}\hskip 18.0675pt\times\left(\sum_{N^{\rm p}_{r}=0}^{\infty}q^{rN^{\rm p%
	}_{r}}\right)\left(\sum_{N^{\rm m}_{r}=0}^{\infty}q^{rN^{\rm m}_{r}}(-)^{N^{%
	\rm m}_{r}}\right)\left(\sum_{N^{0}_{r}=0}^{1}q^{rN^{0}_{r}}(-)^{N^{0}_{r}}%
	\right)\,\mbox{tr}_{{\cal H}_{K}}\,q^{L^{K}_{0}}=q^{\frac{2\nu-9}{16}}\prod_{m%
	,r}(1+q^{m})(1-q^{m})(1+q^{m})^{-1}(1-q^{r})^{-1}(1+q^{r})^{-1}(1-q^{r})\,%
	\mbox{tr}_{{\cal H}_{K}}\,q^{L^{K}_{0}}\@@ENDINLINEMATH"
	\mbox{tr}[[UNKNOWN]] q[[UNKNOWN]] ^{L_{0}^{\rmosc}}[[POSTSUPERSCRIPT]] C[[UNKNOWN]] =[[RELOP]] \left\{[[OPEN]] Alignment[][[ARRAY]] \right\}[[CLOSE]] ×[[MULOP]] q[[UNKNOWN]] ^{\frac{2\nu-9}{16}}[[POSTSUPERSCRIPT]] ∏[[SUMOP]] _{m,r>0}[[POSTSUBSCRIPT]] \left([[OPEN]] ∑[[SUMOP]] _{N^{\rmp}_{m}=0}[[POSTSUBSCRIPT]] ^{1}[[POSTSUPERSCRIPT]] q[[UNKNOWN]] ^{mN^{\rmp}_{m}}[[POSTSUPERSCRIPT]] \right)[[CLOSE]] \left([[OPEN]] ∑[[SUMOP]] _{N^{\rmm}_{m}=0}[[POSTSUBSCRIPT]] ^{1}[[POSTSUPERSCRIPT]] q[[UNKNOWN]] ^{mN^{\rmm}_{m}}[[POSTSUPERSCRIPT]] ([[OPEN]] -[[ADDOP]] )[[CLOSE]] ^{N^{\rmm}_{m}}[[POSTSUPERSCRIPT]] \right)[[CLOSE]] \left([[OPEN]] ∑[[SUMOP]] _{N^{0}_{m}=0}[[POSTSUBSCRIPT]] ^{\infty}[[POSTSUPERSCRIPT]] q[[UNKNOWN]] ^{mN^{0}_{m}}[[POSTSUPERSCRIPT]] ([[OPEN]] -[[ADDOP]] )[[CLOSE]] ^{N^{0}_{m}}[[POSTSUPERSCRIPT]] \right)[[CLOSE]] \mbox{}[[UNKNOWN]]
	        > $\displaystyle\mbox{tr}\,q^{L_{0}^{\rmosc}}C=\left\{\begin{array}[]{ll}\hidden@noalign{}1&(\mbox{NS})\\
	\hidden@noalign{}\frac{1}{2}\times2&(\mbox{R})\end{array}\right\}\timesq^{\frac{2\nu-9}{16}}\prod_{m,r>0}\left(\sum_{N^{\rmp}_{m}=0}^{1}q^{mN^{\rmp}_{m}}\right)\left(\sum_{N^{\rmm}_{m}=0}^{1}q^{mN^{\rmm}_{m}}(-)^{N^{\rmm}_{m}}\right)\left(\sum_{N^{0}_{m}=0}^{\infty}q^{mN^{0}_{m}}(-)^{N^{0}_{m}}\right)\mbox{}\hskip18.0675pt\times\left(\sum_{N^{\rmp}_{r}=0}^{\infty}q^{rN^{\rmp}_{r}}\right)\left(\sum_{N^{\rmm}_{r}=0}^{\infty}q^{rN^{\rmm}_{r}}(-)^{N^{\rmm}_{r}}\right)\left(\sum_{N^{0}_{r}=0}^{1}q^{rN^{0}_{r}}(-)^{N^{0}_{r}}\right)\,\mbox{tr}_{{\calH}_{K}}\,q^{L^{K}_{0}}=q^{\frac{2\nu-9}{16}}\prod_{m,r}(1+q^{m})(1-q^{m})(1+q^{m})^{-1}(1-q^{r})^{-1}(1+q^{r})^{-1}(1-q^{r})\,\mbox{tr}_{{\calH}_{K}}\,q^{L^{K}_{0}}\@@ENDINLINEMATH[[PUNCT]] ×[[MULOP]] \left([[OPEN]] ∑[[SUMOP]] _{N^{\rmp}_{r}=0}[[POSTSUBSCRIPT]] ^{\infty}[[POSTSUPERSCRIPT]] q[[UNKNOWN]] ^{rN^{\rmp}_{r}}[[POSTSUPERSCRIPT]] \right)[[CLOSE]] \left([[OPEN]] ∑[[SUMOP]] _{N^{\rmm}_{r}=0}[[POSTSUBSCRIPT]] ^{\infty}[[POSTSUPERSCRIPT]] q[[UNKNOWN]] ^{rN^{\rmm}_{r}}[[POSTSUPERSCRIPT]] ([[OPEN]] -[[ADDOP]] )[[CLOSE]] ^{N^{\rmm}_{r}}[[POSTSUPERSCRIPT]] \right)[[CLOSE]] \left([[OPEN]] ∑[[SUMOP]] _{N^{0}_{r}=0}[[POSTSUBSCRIPT]] ^{1}[[POSTSUPERSCRIPT]] q[[UNKNOWN]] ^{rN^{0}_{r}}[[POSTSUPERSCRIPT]] ([[OPEN]] -[[ADDOP]] )[[CLOSE]] ^{N^{0}_{r}}[[POSTSUPERSCRIPT]] \right)[[CLOSE]] \mbox{tr}[[UNKNOWN]] _{{\calH}_{K}}[[POSTSUBSCRIPT]] q[[UNKNOWN]] ^{L^{K}_{0}}[[POSTSUPERSCRIPT]] =[[RELOP]] q[[UNKNOWN]] ^{\frac{2\nu-9}{16}}[[POSTSUPERSCRIPT]] ∏[[SUMOP]] _{m,r}[[POSTSUBSCRIPT]] ([[OPEN]] 1[[NUMBER]] +[[ADDOP]] q[[UNKNOWN]] ^{m}[[POSTSUPERSCRIPT]] )[[CLOSE]] ([[OPEN]] 1[[NUMBER]] -[[ADDOP]] q[[UNKNOWN]] ^{m}[[POSTSUPERSCRIPT]] ...
Warning:not_parsed:ATOM>PUNCT MathParser failed to match rule 'Anything'
	at 0303051.tex; line 1440 col 9 - line 1449 col 2
	In "$\displaystyle\mbox{}\hskip 18.0675pt\times\left(\sum_{N^{\rm p}_{r}=0}^{%
	\infty}q^{rN^{\rm p}_{r}}\right)\left(\sum_{N^{\rm m}_{r}=0}^{\infty}q^{rN^{%
	\rm m}_{r}}(-)^{N^{\rm m}_{r}}\right)\left(\sum_{N^{0}_{r}=0}^{1}q^{rN^{0}_{r}%
	}(-)^{N^{0}_{r}}\right)\,\mbox{tr}_{{\cal H}_{K}}\,q^{L^{K}_{0}}$"
	\mbox{}[[UNKNOWN]]
	        > $\displaystyle\mbox{}\hskip18.0675pt\times\left(\sum_{N^{\rmp}_{r}=0}^{\infty}q^{rN^{\rmp}_{r}}\right)\left(\sum_{N^{\rmm}_{r}=0}^{\infty}q^{rN^{\rmm}_{r}}(-)^{N^{\rmm}_{r}}\right)\left(\sum_{N^{0}_{r}=0}^{1}q^{rN^{0}_{r}}(-)^{N^{0}_{r}}\right)\,\mbox{tr}_{{\calH}_{K}}\,q^{L^{K}_{0}}$[[PUNCT]] ×[[MULOP]] \left([[OPEN]] ∑[[SUMOP]] _{N^{\rmp}_{r}=0}[[POSTSUBSCRIPT]] ^{\infty}[[POSTSUPERSCRIPT]] q[[UNKNOWN]] ^{rN^{\rmp}_{r}}[[POSTSUPERSCRIPT]] \right)[[CLOSE]] \left([[OPEN]] ∑[[SUMOP]] _{N^{\rmm}_{r}=0}[[POSTSUBSCRIPT]] ^{\infty}[[POSTSUPERSCRIPT]] q[[UNKNOWN]] ^{rN^{\rmm}_{r}}[[POSTSUPERSCRIPT]] ([[OPEN]] -[[ADDOP]] )[[CLOSE]] ^{N^{\rmm}_{r}}[[POSTSUPERSCRIPT]] \right)[[CLOSE]] \left([[OPEN]] ∑[[SUMOP]] _{N^{0}_{r}=0}[[POSTSUBSCRIPT]] ^{1}[[POSTSUPERSCRIPT]] q[[UNKNOWN]] ^{rN^{0}_{r}}[[POSTSUPERSCRIPT]] ([[OPEN]] -[[ADDOP]] )[[CLOSE]] ^{N^{0}_{r}}[[POSTSUPERSCRIPT]] \right)[[CLOSE]] \mbox{tr}[[UNKNOWN]] _{{\calH}_{K}}[[POSTSUBSCRIPT]] q[[UNKNOWN]] ^{L^{K}_{0}}[[POSTSUPERSCRIPT]]
Warning:not_parsed:POSTSUPERSCRIPT.CLOSE.ATOM>PUNCT MathParser failed to match rule 'Anything'
	at 0303051.tex; line 1473 col 33 - line 1473 col 33
	In "$\displaystyle\mbox{tr}\,q^{L_{0}^{\rm osc}}(-)^{\hat{N}^{\rm g}}=q^{\frac{2%
	\nu-9}{16}}\prod_{m,r>0}\left(\sum_{N^{b}_{m}=0}^{1}q^{mN^{b}_{m}}(-)^{N^{b}_{%
	m}}\right)\left(\sum_{N^{c}_{m}=0}^{1}q^{mN^{c}_{m}}(-)^{N^{c}_{m}}\right)%
	\left(\sum_{N^{0}_{m}=0}^{\infty}q^{mN^{0}_{m}}\right)\mbox{}\hskip 18.0675pt%
	\times\left(\sum_{N^{\beta}_{r}=0}^{\infty}q^{rN^{\beta}_{r}}(-)^{N^{\gamma}_{%
	r}}\right)\left(\sum_{N^{\gamma}_{r}=0}^{\infty}q^{rN^{\gamma}_{r}}(-)^{N^{%
	\gamma}_{r}}\right)\left(\sum_{N^{0}_{r}=0}^{1}q^{rN^{0}_{r}}\right)\,\mbox{tr%
	}_{{\cal H}_{K}}\,q^{L^{K}_{0}}=q^{\frac{2\nu-9}{16}}\prod_{m,r}(1-q^{m})(1-q^%
	{m})(1-q^{m})^{-1}(1+q^{r})^{-1}(1+q^{r})^{-1}(1+q^{r})\,\mbox{tr}_{{\cal H}_{%
	K}}\,q^{L^{K}_{0}}=q^{\frac{2\nu-9}{16}}\prod_{m,r}\frac{1-q^{m}}{1+q^{r}}\,%
	\mbox{tr}_{{\cal H}_{K}}\,q^{L^{K}_{0}}.\@@ENDINLINEMATH"
	\mbox{tr}[[UNKNOWN]] q[[UNKNOWN]] ^{L_{0}^{\rmosc}}[[POSTSUPERSCRIPT]] ([[OPEN]] -[[ADDOP]] )[[CLOSE]] ^{\hat{N}^{\rmg}}[[POSTSUPERSCRIPT]] =[[RELOP]] q[[UNKNOWN]] ^{\frac{2\nu-9}{16}}[[POSTSUPERSCRIPT]] ∏[[SUMOP]] _{m,r>0}[[POSTSUBSCRIPT]] \left([[OPEN]] ∑[[SUMOP]] _{N^{b}_{m}=0}[[POSTSUBSCRIPT]] ^{1}[[POSTSUPERSCRIPT]] q[[UNKNOWN]] ^{mN^{b}_{m}}[[POSTSUPERSCRIPT]] ([[OPEN]] -[[ADDOP]] )[[CLOSE]] ^{N^{b}_{m}}[[POSTSUPERSCRIPT]] \right)[[CLOSE]] \left([[OPEN]] ∑[[SUMOP]] _{N^{c}_{m}=0}[[POSTSUBSCRIPT]] ^{1}[[POSTSUPERSCRIPT]] q[[UNKNOWN]] ^{mN^{c}_{m}}[[POSTSUPERSCRIPT]] ([[OPEN]] -[[ADDOP]] )[[CLOSE]] ^{N^{c}_{m}}[[POSTSUPERSCRIPT]] \right)[[CLOSE]] \left([[OPEN]] ∑[[SUMOP]] _{N^{0}_{m}=0}[[POSTSUBSCRIPT]] ^{\infty}[[POSTSUPERSCRIPT]] q[[UNKNOWN]] ^{mN^{0}_{m}}[[POSTSUPERSCRIPT]] \right)[[CLOSE]] \mbox{}[[UNKNOWN]]
	        > $\displaystyle\mbox{tr}\,q^{L_{0}^{\rmosc}}(-)^{\hat{N}^{\rmg}}=q^{\frac{2\nu-9}{16}}\prod_{m,r>0}\left(\sum_{N^{b}_{m}=0}^{1}q^{mN^{b}_{m}}(-)^{N^{b}_{m}}\right)\left(\sum_{N^{c}_{m}=0}^{1}q^{mN^{c}_{m}}(-)^{N^{c}_{m}}\right)\left(\sum_{N^{0}_{m}=0}^{\infty}q^{mN^{0}_{m}}\right)\mbox{}\hskip18.0675pt\times\left(\sum_{N^{\beta}_{r}=0}^{\infty}q^{rN^{\beta}_{r}}(-)^{N^{\gamma}_{r}}\right)\left(\sum_{N^{\gamma}_{r}=0}^{\infty}q^{rN^{\gamma}_{r}}(-)^{N^{\gamma}_{r}}\right)\left(\sum_{N^{0}_{r}=0}^{1}q^{rN^{0}_{r}}\right)\,\mbox{tr}_{{\calH}_{K}}\,q^{L^{K}_{0}}=q^{\frac{2\nu-9}{16}}\prod_{m,r}(1-q^{m})(1-q^{m})(1-q^{m})^{-1}(1+q^{r})^{-1}(1+q^{r})^{-1}(1+q^{r})\,\mbox{tr}_{{\calH}_{K}}\,q^{L^{K}_{0}}=q^{\frac{2\nu-9}{16}}\prod_{m,r}\frac{1-q^{m}}{1+q^{r}}\,\mbox{tr}_{{\calH}_{K}}\,q^{L^{K}_{0}}.\@@ENDINLINEMATH[[PUNCT]] ×[[MULOP]] \left([[OPEN]] ∑[[SUMOP]] _{N^{\beta}_{r}=0}[[POSTSUBSCRIPT]] ^{\infty}[[POSTSUPERSCRIPT]] q[[UNKNOWN]] ^{rN^{\beta}_{r}}[[POSTSUPERSCRIPT]] ([[OPEN]] -[[ADDOP]] )[[CLOSE]] ^{N^{\gamma}_{r}}[[POSTSUPERSCRIPT]] \right)[[CLOSE]] \left([[OPEN]] ∑[[SUMOP]] _{N^{\gamma}_{r}=0}[[POSTSUBSCRIPT]] ^{\infty}[[POSTSUPERSCRIPT]] q[[UNKNOWN]] ^{rN^{\gamma}_{r}}[[POSTSUPERSCRIPT]] ([[OPEN]] -[[ADDOP]] )[[CLOSE]] ^{N^{\gamma}_{r}}[[POSTSUPERSCRIPT]] \right)[[CLOSE]] \left([[OPEN]] ∑[[SUMOP]] _{N^{0}_{r}=0}[[POSTSUBSCRIPT]] ^{1}[[POSTSUPERSCRIPT]] q[[UNKNOWN]] ^{rN^{0}_{r}}[[POSTSUPERSCRIPT]] \right)[[CLOSE]] \mbox{tr}[[UNKNOWN]] _{{\calH}_{K}}[[POSTSUBSCRIPT]] q[[UNKNOWN]] ^{L^{K}_{0}}[[POSTSUPERSCRIPT]] =[[RELOP]] q[[UNKNOWN]] ^{\frac{2\nu-9}{16}}[[POSTSUPERSCRIPT]] ∏[[SUMOP]] _{m,r}[[POSTSUBSCRIPT]] ([[OPEN]] 1[[NUMBER]] -[[ADDOP]] q[[UNKNOWN]] ^{m}[[POSTSUPERSCRIPT]] )[[CLOSE]] ([[OPEN]] 1[[NUMBER]] -[[ADDOP]] q[[UNKNOWN]] ^{m}[[POSTSUPERSCRIPT]] ...
Warning:not_parsed:ATOM>PUNCT MathParser failed to match rule 'Anything'
	at 0303051.tex; line 1482 col 9 - line 1491 col 2
	In "$\displaystyle\mbox{}\hskip 18.0675pt\times\left(\sum_{N^{\beta}_{r}=0}^{%
	\infty}q^{rN^{\beta}_{r}}(-)^{N^{\gamma}_{r}}\right)\left(\sum_{N^{\gamma}_{r}%
	=0}^{\infty}q^{rN^{\gamma}_{r}}(-)^{N^{\gamma}_{r}}\right)\left(\sum_{N^{0}_{r%
	}=0}^{1}q^{rN^{0}_{r}}\right)\,\mbox{tr}_{{\cal H}_{K}}\,q^{L^{K}_{0}}$"
	\mbox{}[[UNKNOWN]]
	        > $\displaystyle\mbox{}\hskip18.0675pt\times\left(\sum_{N^{\beta}_{r}=0}^{\infty}q^{rN^{\beta}_{r}}(-)^{N^{\gamma}_{r}}\right)\left(\sum_{N^{\gamma}_{r}=0}^{\infty}q^{rN^{\gamma}_{r}}(-)^{N^{\gamma}_{r}}\right)\left(\sum_{N^{0}_{r}=0}^{1}q^{rN^{0}_{r}}\right)\,\mbox{tr}_{{\calH}_{K}}\,q^{L^{K}_{0}}$[[PUNCT]] ×[[MULOP]] \left([[OPEN]] ∑[[SUMOP]] _{N^{\beta}_{r}=0}[[POSTSUBSCRIPT]] ^{\infty}[[POSTSUPERSCRIPT]] q[[UNKNOWN]] ^{rN^{\beta}_{r}}[[POSTSUPERSCRIPT]] ([[OPEN]] -[[ADDOP]] )[[CLOSE]] ^{N^{\gamma}_{r}}[[POSTSUPERSCRIPT]] \right)[[CLOSE]] \left([[OPEN]] ∑[[SUMOP]] _{N^{\gamma}_{r}=0}[[POSTSUBSCRIPT]] ^{\infty}[[POSTSUPERSCRIPT]] q[[UNKNOWN]] ^{rN^{\gamma}_{r}}[[POSTSUPERSCRIPT]] ([[OPEN]] -[[ADDOP]] )[[CLOSE]] ^{N^{\gamma}_{r}}[[POSTSUPERSCRIPT]] \right)[[CLOSE]] \left([[OPEN]] ∑[[SUMOP]] _{N^{0}_{r}=0}[[POSTSUBSCRIPT]] ^{1}[[POSTSUPERSCRIPT]] q[[UNKNOWN]] ^{rN^{0}_{r}}[[POSTSUPERSCRIPT]] \right)[[CLOSE]] \mbox{tr}[[UNKNOWN]] _{{\calH}_{K}}[[POSTSUBSCRIPT]] q[[UNKNOWN]] ^{L^{K}_{0}}[[POSTSUPERSCRIPT]]
Warning:not_parsed:PUNCT.UNKNOWN.POSTSUBSCRIPT>CLOSE MathParser failed to match rule 'Anything'
	at 0303051.tex; line 1553 col 2 - line 1553 col 2
	In "$\displaystyle\{G_{r},G_{s}\}=2L_{r+s}+\frac{\hat{c}}{8}(4r^{2}-1)\delta_{r+s},\@@ENDINLINEMATH"
	{[[UNKNOWN]] G[[UNKNOWN]] _{r}[[POSTSUBSCRIPT]] ,[[PUNCT]] G[[UNKNOWN]] _{s}[[POSTSUBSCRIPT]]
	        > \}[[CLOSE]] =[[RELOP]] 2[[NUMBER]] L[[UNKNOWN]] _{r+s}[[POSTSUBSCRIPT]] +[[ADDOP]] \frac{\hat{c}}{8}[[UNKNOWN]] ([[OPEN]] 4[[NUMBER]] r[[UNKNOWN]] ^{2}[[POSTSUPERSCRIPT]] -[[ADDOP]] 1[[NUMBER]] )[[CLOSE]] δ[[UNKNOWN]] _{r+s}[[POSTSUBSCRIPT]]
Warning:not_parsed:PUNCT.UNKNOWN.POSTSUBSCRIPT>CLOSE MathParser failed to match rule 'Anything'
	at 0303051.tex; line 1553 col 2 - line 1553 col 18
	In "$\displaystyle\{G_{r},G_{s}\}$"
	{[[UNKNOWN]] G[[UNKNOWN]] _{r}[[POSTSUBSCRIPT]] ,[[PUNCT]] G[[UNKNOWN]] _{s}[[POSTSUBSCRIPT]]
	        > \}[[CLOSE]]
Warning:not_parsed:ADDOP.SUMOP.POSTSUBSCRIPT>OPEN MathParser failed to match rule 'Anything'
	at 0303051.tex; line 1611 col 9 - line 1611 col 9
	In "$\displaystyle+\sum_{m,r}\{\frac{1}{2}(2r-m)\stackrel{{\scriptstyle%
	\scriptscriptstyle\circ}}{{\scriptscriptstyle\circ}}\beta_{-m-r}c_{m}\gamma_{r%
	}\stackrel{{\scriptstyle\scriptscriptstyle\circ}}{{\scriptscriptstyle\circ}}-%
	\stackrel{{\scriptstyle\scriptscriptstyle\circ}}{{\scriptscriptstyle\circ}}b_{%
	-m}\gamma_{m-r}\gamma_{r}\stackrel{{\scriptstyle\scriptscriptstyle\circ}}{{%
	\scriptscriptstyle\circ}}\}+a^{\rm g}c_{0}\@@ENDINLINEMATH"
	+[[ADDOP]] ∑[[SUMOP]] _{m,r}[[POSTSUBSCRIPT]]
	        > \{[[OPEN]] \frac{1}{2}[[UNKNOWN]] ([[OPEN]] 2[[NUMBER]] r[[UNKNOWN]] -[[ADDOP]] m[[UNKNOWN]] )[[CLOSE]] \stackrel{{\scriptstyle\scriptscriptstyle\circ}}{{\scriptscriptstyle\circ}}[[RELOP]] β[[UNKNOWN]] _{-m-r}[[POSTSUBSCRIPT]] c[[UNKNOWN]] _{m}[[POSTSUBSCRIPT]] γ[[UNKNOWN]] _{r}[[POSTSUBSCRIPT]] \stackrel{{\scriptstyle\scriptscriptstyle\circ}}{{\scriptscriptstyle\circ}}[[RELOP]] -[[ADDOP]] \stackrel{{\scriptstyle\scriptscriptstyle\circ}}{{\scriptscriptstyle\circ}}[[RELOP]] b[[UNKNOWN]] _{-m}[[POSTSUBSCRIPT]] γ[[UNKNOWN]] _{m-r}[[POSTSUBSCRIPT]] γ[[UNKNOWN]] _{r}[[POSTSUBSCRIPT]] \stackrel{{\scriptstyle\scriptscriptstyle\circ}}{{\scriptscriptstyle\circ}}[[RELOP]] \}[[CLOSE]] +[[ADDOP]] a[[UNKNOWN]] ^{\rmg}[[POSTSUPERSCRIPT]] c[[UNKNOWN]] _{0}[[POSTSUBSCRIPT]]
Warning:not_parsed:ADDOP.SUMOP.POSTSUBSCRIPT>OPEN MathParser failed to match rule 'Anything'
	at 0303051.tex; line 1611 col 9 - line 1616 col 4
	In "$\displaystyle+\sum_{m,r}\{\frac{1}{2}(2r-m)\stackrel{{\scriptstyle%
	\scriptscriptstyle\circ}}{{\scriptscriptstyle\circ}}\beta_{-m-r}c_{m}\gamma_{r%
	}\stackrel{{\scriptstyle\scriptscriptstyle\circ}}{{\scriptscriptstyle\circ}}-%
	\stackrel{{\scriptstyle\scriptscriptstyle\circ}}{{\scriptscriptstyle\circ}}b_{%
	-m}\gamma_{m-r}\gamma_{r}\stackrel{{\scriptstyle\scriptscriptstyle\circ}}{{%
	\scriptscriptstyle\circ}}\}+a^{\rm g}c_{0}$"
	+[[ADDOP]] ∑[[SUMOP]] _{m,r}[[POSTSUBSCRIPT]]
	        > \{[[OPEN]] \frac{1}{2}[[UNKNOWN]] ([[OPEN]] 2[[NUMBER]] r[[UNKNOWN]] -[[ADDOP]] m[[UNKNOWN]] )[[CLOSE]] \stackrel{{\scriptstyle\scriptscriptstyle\circ}}{{\scriptscriptstyle\circ}}[[RELOP]] β[[UNKNOWN]] _{-m-r}[[POSTSUBSCRIPT]] c[[UNKNOWN]] _{m}[[POSTSUBSCRIPT]] γ[[UNKNOWN]] _{r}[[POSTSUBSCRIPT]] \stackrel{{\scriptstyle\scriptscriptstyle\circ}}{{\scriptscriptstyle\circ}}[[RELOP]] -[[ADDOP]] \stackrel{{\scriptstyle\scriptscriptstyle\circ}}{{\scriptscriptstyle\circ}}[[RELOP]] b[[UNKNOWN]] _{-m}[[POSTSUBSCRIPT]] γ[[UNKNOWN]] _{m-r}[[POSTSUBSCRIPT]] γ[[UNKNOWN]] _{r}[[POSTSUBSCRIPT]] \stackrel{{\scriptstyle\scriptscriptstyle\circ}}{{\scriptscriptstyle\circ}}[[RELOP]] \}[[CLOSE]] +[[ADDOP]] a[[UNKNOWN]] ^{\rmg}[[POSTSUPERSCRIPT]] c[[UNKNOWN]] _{0}[[POSTSUBSCRIPT]]
Warning:not_parsed:>OPEN MathParser failed to match rule 'Anything'
	at 0303051.tex; line 1728 col 51 - line 1728 col 51
	In "$\langle|$"
	> \langle[[OPEN]] |[[VERTBAR]]
Warning:not_parsed:>VERTBAR MathParser failed to match rule 'Anything'
	at 0303051.tex; line 1728 col 57 - line 1728 col 57
	In "$|\rangle$"
	> |[[VERTBAR]] \rangle[[CLOSE]]
Warning:not_parsed:>OPEN MathParser failed to match rule 'Anything'
	at 0303051.tex; line 1729 col 42 - line 1729 col 42
	In "$\langle|$"
	> \langle[[OPEN]] |[[VERTBAR]]
Warning:not_parsed:>VERTBAR MathParser failed to match rule 'Anything'
	at 0303051.tex; line 1729 col 48 - line 1729 col 48
	In "$|\rangle$"
	> |[[VERTBAR]] \rangle[[CLOSE]]
Warning:not_parsed:>OPEN MathParser failed to match rule 'Anything'
	at 0303051.tex; line 1729 col 70 - line 1729 col 70
	In "$\langle|\rangle$"
	> \langle[[OPEN]] |[[VERTBAR]] \rangle[[CLOSE]]
Warning:not_parsed:NUMBER.UNKNOWN.UNKNOWN>OPEN MathParser failed to match rule 'Anything'
	at 0303051.tex; line 1731 col 0 - line 1736 col 3
	In "\begin{equation}\mbox{$\langle 0,I;k,\uparrow,\frac{1}{2}|0,I^{\prime};k^{%
	\prime},\downarrow,\frac{1}{2}\rangle$}=2\pi\delta(k^{2}-k^{\prime}{}^{2})%
	\mbox{$\langle 0;k,0_{\rm g},I|$}\mbox{$|0;k^{\prime},0_{\rm g},I^{\prime}%
	\rangle$}.\end{equation}"
	\mbox{$\langle0,I;k,\uparrow,\frac{1}{2}|0,I^{\prime};k^{\prime},\downarrow,\frac{1}{2}\rangle$}[[UNKNOWN]] =[[RELOP]] 2[[NUMBER]] π[[UNKNOWN]] δ[[UNKNOWN]]
	        > ([[OPEN]] k[[UNKNOWN]] ^{2}[[POSTSUPERSCRIPT]] -[[ADDOP]] k[[UNKNOWN]] ^{\prime}[[POSTSUPERSCRIPT]] {}^{2}[[FLOATSUPERSCRIPT]] )[[CLOSE]] \mbox{$\langle0;k,0_{\rmg},I|$}\mbox{$|0;k^{\prime},0_{\rmg},I^{\prime}\rangle$}[[UNKNOWN]]
Warning:not_parsed:UNKNOWN.POSTSUBSCRIPT>FLOATSUPERSCRIPT MathParser failed to match rule 'Anything'
	at 0303051.tex; line 1750 col 8 - line 1750 col 17
	In "$G_{0}{}^{2}=0$"
	G[[UNKNOWN]] _{0}[[POSTSUBSCRIPT]]
	        > {}^{2}[[FLOATSUPERSCRIPT]] =[[RELOP]] 0[[NUMBER]]
Warning:not_parsed:PUNCT.UNKNOWN.POSTSUBSCRIPT>CLOSE MathParser failed to match rule 'Anything'
	at 0303051.tex; line 1887 col 2 - line 1887 col 2
	In "$\displaystyle[Q,L_{m}]=0,\{Q,G_{r}\}=0,\@@ENDINLINEMATH"
	[[[OPEN]] Q[[UNKNOWN]] ,[[PUNCT]] L[[UNKNOWN]] _{m}[[POSTSUBSCRIPT]] ][[CLOSE]] =[[RELOP]] 0[[NUMBER]] ,[[PUNCT]] {[[UNKNOWN]] Q[[UNKNOWN]] ,[[PUNCT]] G[[UNKNOWN]] _{r}[[POSTSUBSCRIPT]]
	        > \}[[CLOSE]] =[[RELOP]] 0[[NUMBER]]
Warning:not_parsed:PUNCT.UNKNOWN.POSTSUBSCRIPT>CLOSE MathParser failed to match rule 'Anything'
	at 0303051.tex; line 1888 col 5 - line 1888 col 36
	In "$\displaystyle\{Q,G_{r}\}=0,$"
	{[[UNKNOWN]] Q[[UNKNOWN]] ,[[PUNCT]] G[[UNKNOWN]] _{r}[[POSTSUBSCRIPT]]
	        > \}[[CLOSE]] =[[RELOP]] 0[[NUMBER]]
Warning:not_parsed:UNKNOWN.POSTSUPERSCRIPT.POSTSUBSCRIPT>CLOSE MathParser failed to match rule 'Anything'
	at 0303051.tex; line 1889 col 2 - line 1889 col 2
	In "$\displaystyle[Q,\alpha^{\nu}_{m}]=-\sum_{n}mc_{n}\alpha^{\nu}_{m-n}-\sum_{r}m%
	\gamma_{-r}\psi^{\nu}_{m+r},\{Q,\psi^{\nu}_{r}\}=\sum_{s}\gamma_{-s}\alpha^{%
	\nu}_{r+s}-\sum_{s}\frac{1}{2}(s+2r)c_{-s}\psi_{r+s},\@@ENDINLINEMATH"
	[[[OPEN]] Q[[UNKNOWN]] ,[[PUNCT]] α[[UNKNOWN]] ^{\nu}[[POSTSUPERSCRIPT]] _{m}[[POSTSUBSCRIPT]] ][[CLOSE]] =[[RELOP]] -[[ADDOP]] ∑[[SUMOP]] _{n}[[POSTSUBSCRIPT]] m[[UNKNOWN]] c[[UNKNOWN]] _{n}[[POSTSUBSCRIPT]] α[[UNKNOWN]] ^{\nu}[[POSTSUPERSCRIPT]] _{m-n}[[POSTSUBSCRIPT]] -[[ADDOP]] ∑[[SUMOP]] _{r}[[POSTSUBSCRIPT]] m[[UNKNOWN]] γ[[UNKNOWN]] _{-r}[[POSTSUBSCRIPT]] ψ[[UNKNOWN]] ^{\nu}[[POSTSUPERSCRIPT]] _{m+r}[[POSTSUBSCRIPT]] ,[[PUNCT]] {[[UNKNOWN]] Q[[UNKNOWN]] ,[[PUNCT]] ψ[[UNKNOWN]] ^{\nu}[[POSTSUPERSCRIPT]] _{r}[[POSTSUBSCRIPT]]
	        > \}[[CLOSE]] =[[RELOP]] ∑[[SUMOP]] _{s}[[POSTSUBSCRIPT]] γ[[UNKNOWN]] _{-s}[[POSTSUBSCRIPT]] α[[UNKNOWN]] ^{\nu}[[POSTSUPERSCRIPT]] _{r+s}[[POSTSUBSCRIPT]] -[[ADDOP]] ∑[[SUMOP]] _{s}[[POSTSUBSCRIPT]] \frac{1}{2}[[UNKNOWN]] ([[OPEN]] s[[UNKNOWN]] +[[ADDOP]] 2[[NUMBER]] r[[UNKNOWN]] )[[CLOSE]] c[[UNKNOWN]] _{-s}[[POSTSUBSCRIPT]] ψ[[UNKNOWN]] _{r+s}[[POSTSUBSCRIPT]]
Warning:not_parsed:UNKNOWN.POSTSUPERSCRIPT.POSTSUBSCRIPT>CLOSE MathParser failed to match rule 'Anything'
	at 0303051.tex; line 1890 col 4 - line 1891 col 13
	In "$\displaystyle\{Q,\psi^{\nu}_{r}\}=\sum_{s}\gamma_{-s}\alpha^{\nu}_{r+s}-\sum_%
	{s}\frac{1}{2}(s+2r)c_{-s}\psi_{r+s},$"
	{[[UNKNOWN]] Q[[UNKNOWN]] ,[[PUNCT]] ψ[[UNKNOWN]] ^{\nu}[[POSTSUPERSCRIPT]] _{r}[[POSTSUBSCRIPT]]
	        > \}[[CLOSE]] =[[RELOP]] ∑[[SUMOP]] _{s}[[POSTSUBSCRIPT]] γ[[UNKNOWN]] _{-s}[[POSTSUBSCRIPT]] α[[UNKNOWN]] ^{\nu}[[POSTSUPERSCRIPT]] _{r+s}[[POSTSUBSCRIPT]] -[[ADDOP]] ∑[[SUMOP]] _{s}[[POSTSUBSCRIPT]] \frac{1}{2}[[UNKNOWN]] ([[OPEN]] s[[UNKNOWN]] +[[ADDOP]] 2[[NUMBER]] r[[UNKNOWN]] )[[CLOSE]] c[[UNKNOWN]] _{-s}[[POSTSUBSCRIPT]] ψ[[UNKNOWN]] _{r+s}[[POSTSUBSCRIPT]]
Warning:not_parsed:PUNCT.UNKNOWN.POSTSUBSCRIPT>CLOSE MathParser failed to match rule 'Anything'
	at 0303051.tex; line 1892 col 3 - line 1892 col 3
	In "$\displaystyle\{Q,b_{m}\}=L_{m},\{Q,c_{m}\}=-\sum_{n}nc_{-n}c_{m+n}-\sum_{s}%
	\gamma_{-s}\gamma_{m+s},\@@ENDINLINEMATH"
	{[[UNKNOWN]] Q[[UNKNOWN]] ,[[PUNCT]] b[[UNKNOWN]] _{m}[[POSTSUBSCRIPT]]
	        > \}[[CLOSE]] =[[RELOP]] L[[UNKNOWN]] _{m}[[POSTSUBSCRIPT]] ,[[PUNCT]] {[[UNKNOWN]] Q[[UNKNOWN]] ,[[PUNCT]] c[[UNKNOWN]] _{m}[[POSTSUBSCRIPT]] \}[[CLOSE]] =[[RELOP]] -[[ADDOP]] ∑[[SUMOP]] _{n}[[POSTSUBSCRIPT]] n[[UNKNOWN]] c[[UNKNOWN]] _{-n}[[POSTSUBSCRIPT]] c[[UNKNOWN]] _{m+n}[[POSTSUBSCRIPT]] -[[ADDOP]] ∑[[SUMOP]] _{s}[[POSTSUBSCRIPT]] γ[[UNKNOWN]] _{-s}[[POSTSUBSCRIPT]] γ[[UNKNOWN]] _{m+s}[[POSTSUBSCRIPT]]
Warning:not_parsed:PUNCT.UNKNOWN.POSTSUBSCRIPT>CLOSE MathParser failed to match rule 'Anything'
	at 0303051.tex; line 1892 col 3 - line 1893 col 1
	In "$\displaystyle\{Q,b_{m}\}=L_{m},$"
	{[[UNKNOWN]] Q[[UNKNOWN]] ,[[PUNCT]] b[[UNKNOWN]] _{m}[[POSTSUBSCRIPT]]
	        > \}[[CLOSE]] =[[RELOP]] L[[UNKNOWN]] _{m}[[POSTSUBSCRIPT]]
Warning:not_parsed:PUNCT.UNKNOWN.POSTSUBSCRIPT>CLOSE MathParser failed to match rule 'Anything'
	at 0303051.tex; line 1893 col 4 - line 1894 col 13
	In "$\displaystyle\{Q,c_{m}\}=-\sum_{n}nc_{-n}c_{m+n}-\sum_{s}\gamma_{-s}\gamma_{m%
	+s},$"
	{[[UNKNOWN]] Q[[UNKNOWN]] ,[[PUNCT]] c[[UNKNOWN]] _{m}[[POSTSUBSCRIPT]]
	        > \}[[CLOSE]] =[[RELOP]] -[[ADDOP]] ∑[[SUMOP]] _{n}[[POSTSUBSCRIPT]] n[[UNKNOWN]] c[[UNKNOWN]] _{-n}[[POSTSUBSCRIPT]] c[[UNKNOWN]] _{m+n}[[POSTSUBSCRIPT]] -[[ADDOP]] ∑[[SUMOP]] _{s}[[POSTSUBSCRIPT]] γ[[UNKNOWN]] _{-s}[[POSTSUBSCRIPT]] γ[[UNKNOWN]] _{m+s}[[POSTSUBSCRIPT]]
Warning:not_parsed:UNKNOWN.POSTSUPERSCRIPT.POSTSUBSCRIPT>CLOSE MathParser failed to match rule 'Anything'
	at 0303051.tex; line 1898 col 2 - line 1898 col 2
	In "$\displaystyle[G_{r},\alpha^{\nu}_{m}]=-m\psi^{\nu}_{r+m},\{G_{r},\psi^{\nu}_{%
	s}\}=\alpha^{\nu}_{r+s},\@@ENDINLINEMATH"
	[[[OPEN]] G[[UNKNOWN]] _{r}[[POSTSUBSCRIPT]] ,[[PUNCT]] α[[UNKNOWN]] ^{\nu}[[POSTSUPERSCRIPT]] _{m}[[POSTSUBSCRIPT]] ][[CLOSE]] =[[RELOP]] -[[ADDOP]] m[[UNKNOWN]] ψ[[UNKNOWN]] ^{\nu}[[POSTSUPERSCRIPT]] _{r+m}[[POSTSUBSCRIPT]] ,[[PUNCT]] {[[UNKNOWN]] G[[UNKNOWN]] _{r}[[POSTSUBSCRIPT]] ,[[PUNCT]] ψ[[UNKNOWN]] ^{\nu}[[POSTSUPERSCRIPT]] _{s}[[POSTSUBSCRIPT]]
	        > \}[[CLOSE]] =[[RELOP]] α[[UNKNOWN]] ^{\nu}[[POSTSUPERSCRIPT]] _{r+s}[[POSTSUBSCRIPT]]
Warning:not_parsed:UNKNOWN.POSTSUPERSCRIPT.POSTSUBSCRIPT>CLOSE MathParser failed to match rule 'Anything'
	at 0303051.tex; line 1899 col 4 - line 1900 col 13
	In "$\displaystyle\{G_{r},\psi^{\nu}_{s}\}=\alpha^{\nu}_{r+s},$"
	{[[UNKNOWN]] G[[UNKNOWN]] _{r}[[POSTSUBSCRIPT]] ,[[PUNCT]] ψ[[UNKNOWN]] ^{\nu}[[POSTSUPERSCRIPT]] _{s}[[POSTSUBSCRIPT]]
	        > \}[[CLOSE]] =[[RELOP]] α[[UNKNOWN]] ^{\nu}[[POSTSUPERSCRIPT]] _{r+s}[[POSTSUBSCRIPT]]
Warning:not_parsed:PUNCT.UNKNOWN.POSTSUBSCRIPT>CLOSE MathParser failed to match rule 'Anything'
	at 0303051.tex; line 1901 col 3 - line 1901 col 3
	In "$\displaystyle\{G_{r},b_{m}\}=-\frac{1}{2}(2r-m)\beta_{r+m},\{G_{r},c_{m}\}=-2%
	\gamma_{r+m},\@@ENDINLINEMATH"
	{[[UNKNOWN]] G[[UNKNOWN]] _{r}[[POSTSUBSCRIPT]] ,[[PUNCT]] b[[UNKNOWN]] _{m}[[POSTSUBSCRIPT]]
	        > \}[[CLOSE]] =[[RELOP]] -[[ADDOP]] \frac{1}{2}[[UNKNOWN]] ([[OPEN]] 2[[NUMBER]] r[[UNKNOWN]] -[[ADDOP]] m[[UNKNOWN]] )[[CLOSE]] β[[UNKNOWN]] _{r+m}[[POSTSUBSCRIPT]] ,[[PUNCT]] {[[UNKNOWN]] G[[UNKNOWN]] _{r}[[POSTSUBSCRIPT]] ,[[PUNCT]] c[[UNKNOWN]] _{m}[[POSTSUBSCRIPT]] \}[[CLOSE]] =[[RELOP]] -[[ADDOP]] 2[[NUMBER]] γ[[UNKNOWN]] _{r+m}[[POSTSUBSCRIPT]]
Warning:not_parsed:PUNCT.UNKNOWN.POSTSUBSCRIPT>CLOSE MathParser failed to match rule 'Anything'
	at 0303051.tex; line 1901 col 3 - line 1902 col 1
	In "$\displaystyle\{G_{r},b_{m}\}=-\frac{1}{2}(2r-m)\beta_{r+m},$"
	{[[UNKNOWN]] G[[UNKNOWN]] _{r}[[POSTSUBSCRIPT]] ,[[PUNCT]] b[[UNKNOWN]] _{m}[[POSTSUBSCRIPT]]
	        > \}[[CLOSE]] =[[RELOP]] -[[ADDOP]] \frac{1}{2}[[UNKNOWN]] ([[OPEN]] 2[[NUMBER]] r[[UNKNOWN]] -[[ADDOP]] m[[UNKNOWN]] )[[CLOSE]] β[[UNKNOWN]] _{r+m}[[POSTSUBSCRIPT]]
Warning:not_parsed:PUNCT.UNKNOWN.POSTSUBSCRIPT>CLOSE MathParser failed to match rule 'Anything'
	at 0303051.tex; line 1902 col 4 - line 1903 col 13
	In "$\displaystyle\{G_{r},c_{m}\}=-2\gamma_{r+m},$"
	{[[UNKNOWN]] G[[UNKNOWN]] _{r}[[POSTSUBSCRIPT]] ,[[PUNCT]] c[[UNKNOWN]] _{m}[[POSTSUBSCRIPT]]
	        > \}[[CLOSE]] =[[RELOP]] -[[ADDOP]] 2[[NUMBER]] γ[[UNKNOWN]] _{r+m}[[POSTSUBSCRIPT]]
 32.67 sec)
Math parsing succeeded:
   ltx:XMArg: 3042/3042
   ltx:XMath: 839/871
   ltx:XMWrap: 108/108
Symbols assumed as simple identifiers (with # of occurences):
   '"' (31), 'A{italic}' (6), 'B{italic}' (5), 'C{italic}' (16), 'FGZ' (18), 'FK' (5), 'F{caligraphic}' (57), 'F{italic}' (2), 'Gamma' (6), 'G{italic}' (114), 'H{caligraphic}' (99), 'H{italic}' (31), 'IR' (2), 'I{italic}' (10), 'KO' (3), 'K{italic}' (15), 'L{caligraphic}' (1), 'L{italic}' (174), 'M{caligraphic}' (5), 'M{italic}' (15), 'NS' (4), 'N{caligraphic}' (1), 'N{italic}' (153), 'P{italic}' (11), 'Q{italic}' (80), 'R' (4), 'R{italic}' (1), 'S{italic}' (4), 'T{italic}' (1), 'V{caligraphic}' (9), 'V{italic}' (14), 'X{italic}' (1), 'Z{bold}' (14), '`' (62), 'alpha' (75), 'a{italic}' (35), 'beta' (77), 'b{italic}' (143), 'chi' (18), 'c{italic}' (120), 'delta' (26), 'd{italic}' (110), 'epsilon' (2), 'eta' (5), 'e{italic}' (7), 'gamma' (117), 'h{italic}' (36), 'i{italic}' (16), 'k{italic}' (82), 'lambda' (29), 'l{italic}' (22), 'mu' (3), 'm{italic}' (259), 'nu' (23), 'n{italic}' (121), 'phi' (82), 'pi' (4), 'psi' (61), 'p{italic}' (9), 'q{italic}' (162), 'r{italic}' (274), 's{italic}' (63), 'tau' (5), 'u{italic}' (2), 'varphi' (6), 'vartheta' (3), 'x{italic}' (2), '{' (40)
Set MATHPARSER_SPECULATE to speculate on possible notations.
(Finalizing... 1.65 sec)
Conversion complete 32 warnings (See /home/user/latex-in-arxiv/0303051.latexml.log) (reqd. 1m 2.68s)
