latexml (LaTeXML version 0.8.6) processing 2003/0303142.tex
(Digesting TeX 0303142...
(Loading /usr/share/perl5/LaTeXML/Package/TeX.pool.ltxml...
(Loading /usr/share/perl5/LaTeXML/Package/eTeX.pool.ltxml... 0.01 sec)
(Loading /usr/share/perl5/LaTeXML/Package/pdfTeX.pool.ltxml... 0.01 sec) 0.24 sec)
(Processing content /home/user/latex-in-arxiv/2003/0303142.tex...
(Loading /usr/share/perl5/LaTeXML/Package/LaTeX.pool.ltxml...
(Loading /usr/share/perl5/LaTeXML/Package/textcomp.sty.ltxml...
(Processing definitions /usr/share/texlive/texmf-dist/tex/latex-dev/base/ts1enc.dfu... 0.05 sec) 2.04 sec) 2.43 sec)
(Loading /usr/share/perl5/LaTeXML/Package/revtex4.cls.ltxml...
(Loading /usr/share/perl5/LaTeXML/Package/article.cls.ltxml... 0.02 sec)
(Loading /usr/share/perl5/LaTeXML/Package/revtex4_support.sty.ltxml...
(Loading /usr/share/perl5/LaTeXML/Package/hyperref.sty.ltxml...
(Loading /usr/share/perl5/LaTeXML/Package/keyval.sty.ltxml...
(Processing definitions /usr/share/texlive/texmf-dist/tex/latex-dev/graphics/keyval.sty... 0.03 sec) 0.03 sec)
(Loading /usr/share/perl5/LaTeXML/Package/nameref.sty.ltxml... 0.00 sec)
(Loading /usr/share/perl5/LaTeXML/Package/url.sty.ltxml... 0.00 sec) 0.14 sec)
(Loading /usr/share/perl5/LaTeXML/Package/natbib.sty.ltxml... 0.04 sec)
(Loading /usr/share/perl5/LaTeXML/Package/revsymb.sty.ltxml... 0.01 sec)
(Loading /usr/share/perl5/LaTeXML/Package/longtable.sty.ltxml... 0.01 sec)
(Loading /usr/share/perl5/LaTeXML/Package/dcolumn.sty.ltxml...
(Loading /usr/share/perl5/LaTeXML/Package/array.sty.ltxml... 0.00 sec) 0.01 sec) 0.27 sec)
(Loading /usr/share/perl5/LaTeXML/Package/amsmath.sty.ltxml...
(Loading /usr/share/perl5/LaTeXML/Package/amsbsy.sty.ltxml...
(Loading /usr/share/perl5/LaTeXML/Package/amsgen.sty.ltxml... 0.01 sec) 0.02 sec)
(Loading /usr/share/perl5/LaTeXML/Package/amstext.sty.ltxml... 0.01 sec)
(Loading /usr/share/perl5/LaTeXML/Package/amsopn.sty.ltxml... 0.01 sec) 0.10 sec) 0.95 sec)
(Loading /usr/share/perl5/LaTeXML/Package/graphicx.sty.ltxml...
(Loading /usr/share/perl5/LaTeXML/Package/graphics.sty.ltxml... 0.01 sec) 0.05 sec)
(Loading /usr/share/perl5/LaTeXML/Package/epsfig.sty.ltxml... 0.01 sec)
Info:ignore:\text Ignoring redefinition of \text
	at 0303142.tex; line 13 col 0 - line 13 col 22
 5.50 sec) 5.75 sec)
(Building...
(Loading compiled schema /usr/share/perl5/LaTeXML/resources/RelaxNG/LaTeXML.model... 0.01 sec) 1.25 sec)
(Rewriting... 0.02 sec)
(Math Parsing 48 formulae ...... 1.48 sec)
Math parsing succeeded:
   ltx:XMath: 48/48
   ltx:XMArg: 152/152
Symbols assumed as simple identifiers (with # of occurences):
   'B{italic}' (8), 'C{italic}' (1), 'E{italic}' (4), 'H{italic}' (1), 'I{italic}' (1), 'K{italic}' (3), 'M{italic}' (1), 'T{italic}' (3), 'U{italic}' (2), 'V{italic}' (1), 'Z{italic}' (4), 'a{italic}' (16), 'beta' (31), 'b{italic}' (10), 'c{italic}' (9), 'd{italic}' (2), 'e{italic}' (10), 'f{italic}' (8), 'i{italic}' (1), 'k{italic}' (3), 'm{italic}' (9), 'n{italic}' (9), 'omega' (9), 'p{bold}' (2), 'p{italic}' (18), 'r{bold}' (1), 't{italic}' (1), 'x{italic}' (6), 'z{italic}' (1)
Set MATHPARSER_SPECULATE to speculate on possible notations.
(Finalizing... 0.15 sec)
Conversion complete No obvious problems (reqd. 8.93s)
