latexml (LaTeXML version 0.8.6) processing 2003/0303261.tex
(Digesting TeX 0303261...
(Loading /usr/share/perl5/LaTeXML/Package/TeX.pool.ltxml...
(Loading /usr/share/perl5/LaTeXML/Package/eTeX.pool.ltxml... 0.01 sec)
(Loading /usr/share/perl5/LaTeXML/Package/pdfTeX.pool.ltxml... 0.01 sec) 0.21 sec)
(Processing content /home/user/latex-in-arxiv/2003/0303261.tex...
(Loading /usr/share/perl5/LaTeXML/Package/LaTeX.pool.ltxml...
(Loading /usr/share/perl5/LaTeXML/Package/textcomp.sty.ltxml...
(Processing definitions /usr/share/texlive/texmf-dist/tex/latex-dev/base/ts1enc.dfu... 0.05 sec) 1.63 sec) 1.94 sec)
(Loading /usr/share/perl5/LaTeXML/Package/revtex4.cls.ltxml...
(Loading /usr/share/perl5/LaTeXML/Package/article.cls.ltxml... 0.02 sec)
(Loading /usr/share/perl5/LaTeXML/Package/revtex4_support.sty.ltxml...
(Loading /usr/share/perl5/LaTeXML/Package/hyperref.sty.ltxml...
(Loading /usr/share/perl5/LaTeXML/Package/keyval.sty.ltxml...
(Processing definitions /usr/share/texlive/texmf-dist/tex/latex-dev/graphics/keyval.sty... 0.02 sec) 0.03 sec)
(Loading /usr/share/perl5/LaTeXML/Package/nameref.sty.ltxml... 0.00 sec)
(Loading /usr/share/perl5/LaTeXML/Package/url.sty.ltxml... 0.00 sec) 0.12 sec)
(Loading /usr/share/perl5/LaTeXML/Package/natbib.sty.ltxml... 0.03 sec)
(Loading /usr/share/perl5/LaTeXML/Package/revsymb.sty.ltxml... 0.00 sec)
(Loading /usr/share/perl5/LaTeXML/Package/longtable.sty.ltxml... 0.00 sec)
(Loading /usr/share/perl5/LaTeXML/Package/dcolumn.sty.ltxml...
(Loading /usr/share/perl5/LaTeXML/Package/array.sty.ltxml... 0.00 sec) 0.01 sec) 0.23 sec) 0.69 sec)
(Loading /usr/share/perl5/LaTeXML/Package/epsfig.sty.ltxml...
(Loading /usr/share/perl5/LaTeXML/Package/graphicx.sty.ltxml...
(Loading /usr/share/perl5/LaTeXML/Package/graphics.sty.ltxml... 0.01 sec) 0.02 sec) 0.05 sec) 4.26 sec) 4.50 sec)
(Building...
(Loading compiled schema /usr/share/perl5/LaTeXML/resources/RelaxNG/LaTeXML.model... 0.01 sec) 2.42 sec)
(Rewriting... 0.06 sec)
(Math Parsing 141 formulae ...... 3.51 sec)
Math parsing succeeded:
   ltx:XMArg: 318/318
   ltx:XMath: 141/141
Symbols assumed as simple identifiers (with # of occurences):
   'Gamma' (9), 'I{italic}' (2), 'O{italic}' (1), 'R{italic}' (13), 'S{italic}' (1), 'Theta' (1), 'U{italic}' (11), 'Z{italic}' (8), 'a{italic}' (10), 'b{italic}' (6), 'c{italic}' (9), 'delta' (2), 'd{italic}' (24), 'eta' (25), 'f{italic}' (1), 'kappa' (17), 'k{italic}' (7), 'lambda' (6), 'm{italic}' (3), 'pi' (3), 'q{italic}' (12), 'rho' (7), 'r{italic}' (1), 't{italic}' (3), 'u{italic}' (99), 'varphi' (4), 'v{italic}' (8), 'x{italic}' (51)
Set MATHPARSER_SPECULATE to speculate on possible notations.
(Finalizing... 0.34 sec)
Conversion complete No obvious problems (reqd. 11.23s)
