latexml (LaTeXML version 0.8.6) processing 2003/0303056.tex
(Digesting TeX 0303056...
(Loading /usr/share/perl5/LaTeXML/Package/TeX.pool.ltxml...
(Loading /usr/share/perl5/LaTeXML/Package/eTeX.pool.ltxml... 0.01 sec)
(Loading /usr/share/perl5/LaTeXML/Package/pdfTeX.pool.ltxml... 0.01 sec) 0.18 sec)
(Processing content /home/user/latex-in-arxiv/2003/0303056.tex...
(Loading /usr/share/perl5/LaTeXML/Package/LaTeX.pool.ltxml...
(Loading /usr/share/perl5/LaTeXML/Package/textcomp.sty.ltxml...
(Processing definitions /usr/share/texlive/texmf-dist/tex/latex-dev/base/ts1enc.dfu... 0.03 sec) 1.42 sec) 1.68 sec)
Info:unexpected:\documentstyle Entering LaTeX 2.09 Compatibility mode
	at 0303056.tex; line 1 col 0 - line 1 col 29
(Loading /usr/share/perl5/LaTeXML/Package/article.cls.ltxml... 0.01 sec) 7.34 sec) 7.56 sec)
(Building...
(Loading compiled schema /usr/share/perl5/LaTeXML/resources/RelaxNG/LaTeXML.model... 0.01 sec)
Error:malformed:ltx:picture Attempt to close </ltx:picture>, which isn't open
	at 0303056.tex; line 546 col 0 - line 546 col 22
	Currently in XMLDocument[94239233883504]<ltx:document _box="LaTeXML::Core::Whatsit=HASH(0x..." _font="Font[serif,medium,upright,10,b..." _ID_counter_m_="3" class="ltx_authors_1line" _ID_counter_p_="1" xmlns="http://dlmf.nist.gov/LaTeXML">...<ltx:section _box="LaTeXML::Core::Whatsit=HASH(0x..." _font="Font[serif,medium,upright,10,b..." inlist="toc" xml:id="S3" _ID_counter_p_="11">...
	In Core::Document[@0x55b5c2dc7808] /home/user/latex-in-arxiv/2003/0303056.tex; from line 546 col 0 to line 546 col 22
	 <= Core::Definition::Constructor[\begin{... <= Whatsit[\begin{picture},Pair[Float[25... <= Core::Document[@0x55b5c2dc7808] <= ...
Error:malformed:ltx:picture Attempt to close </ltx:picture>, which isn't open
	at 0303056.tex; line 546 col 0 - line 546 col 22
	Currently in XMLDocument[94239233883504]<ltx:document _box="LaTeXML::Core::Whatsit=HASH(0x..." _font="Font[serif,medium,upright,10,b..." _ID_counter_m_="3" class="ltx_authors_1line" _ID_counter_p_="1" xmlns="http://dlmf.nist.gov/LaTeXML">...<ltx:section _box="LaTeXML::Core::Whatsit=HASH(0x..." _font="Font[serif,medium,upright,10,b..." inlist="toc" xml:id="S3" _ID_counter_p_="17">...
	In Core::Document[@0x55b5c2dc7808] /home/user/latex-in-arxiv/2003/0303056.tex; from line 546 col 0 to line 546 col 22
	 <= Core::Definition::Constructor[\begin{... <= Whatsit[\begin{picture},Pair[Float[25... <= Core::Document[@0x55b5c2dc7808] <= ...
Error:malformed:ltx:picture Attempt to close </ltx:picture>, which isn't open
	at 0303056.tex; line 546 col 0 - line 546 col 22
	Currently in XMLDocument[94239233883504]<ltx:document _box="LaTeXML::Core::Whatsit=HASH(0x..." _font="Font[serif,medium,upright,10,b..." _ID_counter_m_="3" class="ltx_authors_1line" _ID_counter_p_="1" xmlns="http://dlmf.nist.gov/LaTeXML">...<ltx:section _box="LaTeXML::Core::Whatsit=HASH(0x..." _font="Font[serif,medium,upright,10,b..." inlist="toc" xml:id="S3" _ID_counter_p_="23">...
	In Core::Document[@0x55b5c2dc7808] /home/user/latex-in-arxiv/2003/0303056.tex; from line 546 col 0 to line 546 col 22
	 <= Core::Definition::Constructor[\begin{... <= Whatsit[\begin{picture},Pair[Float[25... <= Core::Document[@0x55b5c2dc7808] <= ...
Error:malformed:ltx:picture Attempt to close </ltx:picture>, which isn't open
	at 0303056.tex; line 754 col 0 - line 754 col 23
	Currently in XMLDocument[94239233883504]<ltx:document _box="LaTeXML::Core::Whatsit=HASH(0x..." _font="Font[serif,medium,upright,10,b..." _ID_counter_m_="3" class="ltx_authors_1line" _ID_counter_p_="1" xmlns="http://dlmf.nist.gov/LaTeXML">...<ltx:section _box="LaTeXML::Core::Whatsit=HASH(0x..." _font="Font[serif,medium,upright,10,b..." inlist="toc" xml:id="S4" _ID_counter_p_="11">...
	In Core::Document[@0x55b5c2dc7808] /home/user/latex-in-arxiv/2003/0303056.tex; from line 754 col 0 to line 754 col 23
	 <= Core::Definition::Constructor[\begin{... <= Whatsit[\begin{picture},Pair[Float[25... <= Core::Document[@0x55b5c2dc7808] <= ...
Error:malformed:ltx:picture Attempt to close </ltx:picture>, which isn't open
	at 0303056.tex; line 754 col 0 - line 754 col 23
	Currently in XMLDocument[94239233883504]<ltx:document _box="LaTeXML::Core::Whatsit=HASH(0x..." _font="Font[serif,medium,upright,10,b..." _ID_counter_m_="3" class="ltx_authors_1line" _ID_counter_p_="1" xmlns="http://dlmf.nist.gov/LaTeXML">...<ltx:section _box="LaTeXML::Core::Whatsit=HASH(0x..." _font="Font[serif,medium,upright,10,b..." inlist="toc" xml:id="S4" _ID_counter_p_="19">...
	In Core::Document[@0x55b5c2dc7808] /home/user/latex-in-arxiv/2003/0303056.tex; from line 754 col 0 to line 754 col 23
	 <= Core::Definition::Constructor[\begin{... <= Whatsit[\begin{picture},Pair[Float[25... <= Core::Document[@0x55b5c2dc7808] <= ...
 8.00 sec)
(Rewriting... 0.31 sec)
(Math Parsing 397 formulae ......
Warning:not_parsed:ADDOP.UNKNOWN.POSTSUBSCRIPT>OPEN MathParser failed to match rule 'Anything'
	at 0303056.tex; line 310 col 1 - line 310 col 1
	In "\begin{equation}\begin{array}[]{c}(D-2\alpha_{2}-\alpha_{1}-\alpha_{3})\,%
	\langle x|\alpha_{1},\alpha_{2},\alpha_{3}|y\rangle=\\
	=\alpha_{1}\,[\langle x|\alpha_{1}^{+},\alpha_{2}^{-},\alpha_{3}|y\rangle-x^{2%
	}\,\langle x|\alpha_{1}^{+},\alpha_{2},\alpha_{3}|y\rangle]+\\
	+\alpha_{3}\,[\langle x|\alpha_{1},\alpha_{2}^{-},\alpha_{3}^{+}|y\rangle-y^{2%
	}\,\langle x|\alpha_{1},\alpha_{2},\alpha_{3}^{+}|y\rangle)]\end{array}\end{equation}"
	+[[ADDOP]] α[[UNKNOWN]] _{3}[[POSTSUBSCRIPT]]
	        > [[[OPEN]] \langle[[OPEN]] x[[UNKNOWN]] |[[VERTBAR]] α[[UNKNOWN]] _{1}[[POSTSUBSCRIPT]] ,[[PUNCT]] α[[UNKNOWN]] _{2}[[POSTSUBSCRIPT]] ^{-}[[POSTSUPERSCRIPT]] ,[[PUNCT]] α[[UNKNOWN]] _{3}[[POSTSUBSCRIPT]] ^{+}[[POSTSUPERSCRIPT]] |[[VERTBAR]] y[[UNKNOWN]] \rangle[[CLOSE]] -[[ADDOP]] y[[UNKNOWN]] ^{2}[[POSTSUPERSCRIPT]] \langle[[OPEN]] x[[UNKNOWN]] |[[VERTBAR]] α[[UNKNOWN]] _{1}[[POSTSUBSCRIPT]] ,[[PUNCT]] α[[UNKNOWN]] _{2}[[POSTSUBSCRIPT]] ,[[PUNCT]] α[[UNKNOWN]] _{3}[[POSTSUBSCRIPT]] ^{+}[[POSTSUPERSCRIPT]] |[[VERTBAR]] y[[UNKNOWN]] \rangle[[CLOSE]] )[[CLOSE]] ][[CLOSE]]
Warning:not_parsed:UNKNOWN.POSTSUPERSCRIPT.POSTSUBSCRIPT>OPEN MathParser failed to match rule 'Anything'
	at 0303056.tex; line 499 col 8 - line 499 col 34
	In "$h^{(a)}_{i_{1}\dots i_{k}}(.)$"
	h[[UNKNOWN]] ^{(a)}[[POSTSUPERSCRIPT]] _{i_{1}\dotsi_{k}}[[POSTSUBSCRIPT]]
	        > ([[OPEN]] .[[PERIOD]] )[[CLOSE]]
Warning:not_parsed:OPEN.ATOM.CLOSE>POSTSUPERSCRIPT MathParser failed to match rule 'Anything'
	at 0303056.tex; line 1038 col 0 - line 1045 col 3
	In "\begin{equation}=-a(1)\,\int^{\infty}_{0}\,dt\,t^{L}\left[\left(\frac{u^{2}}{v%
	^{2}}\right)^{\alpha}\,e^{t\alpha}\right]_{\alpha^{L}}\,\partial_{t}\left(%
	\frac{e^{-t}}{\left(u-e^{-t}v\right)^{2}}\right)^{({D\over 2}-1)}\end{equation}"
	=[[RELOP]] -[[ADDOP]] a[[UNKNOWN]] ([[OPEN]] 1[[NUMBER]] )[[CLOSE]] ∫[[INTOP]] ^{\infty}[[POSTSUPERSCRIPT]] _{0}[[POSTSUBSCRIPT]] d[[UNKNOWN]] t[[UNKNOWN]] t[[UNKNOWN]] ^{L}[[POSTSUPERSCRIPT]] \left[[[OPEN]] \left([[OPEN]] \frac{u^{2}}{v^{2}}[[UNKNOWN]] \right)[[CLOSE]] ^{\alpha}[[POSTSUPERSCRIPT]] e[[UNKNOWN]] ^{t\alpha}[[POSTSUPERSCRIPT]] \right][[CLOSE]] _{\alpha^{L}}[[POSTSUBSCRIPT]] ∂[[OPERATOR]] _{t}[[POSTSUBSCRIPT]] \left([[OPEN]] \frac{e^{-t}}{\left(u-e^{-t}v\right)^{2}}[[UNKNOWN]] \right)[[CLOSE]]
	        > ^{({D\over2}-1)}[[POSTSUPERSCRIPT]]
Warning:not_parsed:CLOSE.RELOP.ATOM>OPEN MathParser failed to match rule 'Anything'
	at 0303056.tex; line 1088 col 3 - line 1088 col 3
	In "$$\begin{array}[]{c}{\bf Z}_{0}(z_{1},z_{2};k)=\frac{\Gamma(k)}{z_{1}-z_{2}}\,%
	\left({\rm Li}_{k}(z_{1})-{\rm Li}_{k}(z_{2})\right)\;,\\
	\\
	{\bf Z}_{1}(z_{1},z_{2};k)=\frac{\Gamma(k-1)}{z_{1}-z_{2}}\,\left({\rm Li}_{k-%
	1,1}(z_{1},1)+{\rm Li}_{k-1,1}(z_{1},{z_{2}\over z_{1}})-(z_{1}\leftrightarrow
	z%
	_{2})\right)\;,\end{array}$$"
	Z[[UNKNOWN]] _{1}[[POSTSUBSCRIPT]] ([[OPEN]] z[[UNKNOWN]] _{1}[[POSTSUBSCRIPT]] ,[[PUNCT]] z[[UNKNOWN]] _{2}[[POSTSUBSCRIPT]] ;[[PUNCT]] k[[UNKNOWN]] )[[CLOSE]] =[[RELOP]] \frac{\Gamma(k-1)}{z_{1}-z_{2}}[[UNKNOWN]]
	        > \left([[OPEN]] Li[[UNKNOWN]] _{k-1,1}[[POSTSUBSCRIPT]] ([[OPEN]] z[[UNKNOWN]] _{1}[[POSTSUBSCRIPT]] ,[[PUNCT]] 1[[NUMBER]] )[[CLOSE]] +[[ADDOP]] Li[[UNKNOWN]] _{k-1,1}[[POSTSUBSCRIPT]] ([[OPEN]] z[[UNKNOWN]] _{1}[[POSTSUBSCRIPT]] ,[[PUNCT]] z_{2}\overz_{1}[[UNKNOWN]] )[[CLOSE]] -[[ADDOP]] ([[OPEN]] z[[UNKNOWN]] _{1}[[POSTSUBSCRIPT]] ↔[[METARELOP]] z[[UNKNOWN]] _{2}[[POSTSUBSCRIPT]] )[[CLOSE]] \right)[[CLOSE]]
Warning:not_parsed:>OPEN MathParser failed to match rule 'Anything'
	at 0303056.tex; line 1119 col 20 - line 1119 col 24
	In "$(x=y$"
	> ([[OPEN]] x[[UNKNOWN]] =[[RELOP]] y[[UNKNOWN]]
Warning:not_parsed:POSTSUPERSCRIPT.ATOM.POSTSUPERSCRIPT>OPEN MathParser failed to match rule 'Anything'
	at 0303056.tex; line 1227 col 0 - line 1233 col 3
	In "\begin{equation}\frac{1}{a(\alpha^{\prime})}\,\frac{1}{\hat{p}^{2\alpha^{%
	\prime}}}=\sum_{n=0}^{\infty}\,\hat{q}^{n}\left[\int_{w^{2}>z^{2}}d^{D}z\,d^{D%
	}w\;|z\rangle\;C^{\alpha}_{n}(\tilde{z}\tilde{w})\;\langle w|+(w%
	\leftrightarrow z)\right]\,\hat{q}^{-n-2\alpha}\;,\end{equation}"
	\frac{1}{a(\alpha^{\prime})}[[UNKNOWN]] \frac{1}{\hat{p}^{2\alpha^{\prime}}}[[UNKNOWN]] =[[RELOP]] ∑[[SUMOP]] _{n=0}[[POSTSUBSCRIPT]] ^{\infty}[[POSTSUPERSCRIPT]] \hat{q}[[UNKNOWN]] ^{n}[[POSTSUPERSCRIPT]]
	        > \left[[[OPEN]] ∫[[INTOP]] _{w^{2}>z^{2}}[[POSTSUBSCRIPT]] d[[UNKNOWN]] ^{D}[[POSTSUPERSCRIPT]] z[[UNKNOWN]] d[[UNKNOWN]] ^{D}[[POSTSUPERSCRIPT]] w[[UNKNOWN]] |[[VERTBAR]] z[[UNKNOWN]] \rangle[[CLOSE]] C[[UNKNOWN]] ^{\alpha}[[POSTSUPERSCRIPT]] _{n}[[POSTSUBSCRIPT]] ([[OPEN]] \tilde{z}[[UNKNOWN]] \tilde{w}[[UNKNOWN]] )[[CLOSE]] \langle[[OPEN]] w[[UNKNOWN]] |[[VERTBAR]] +[[ADDOP]] ([[OPEN]] w[[UNKNOWN]] ↔[[METARELOP]] z[[UNKNOWN]] )[[CLOSE]] \right][[CLOSE]] \hat{q}[[UNKNOWN]] ^{-n-2\alpha}[[POSTSUPERSCRIPT]]
 19.56 sec)
Math parsing succeeded:
   ltx:XMath: 393/397
   ltx:XMArg: 1791/1793
Symbols assumed as simple identifiers (with # of occurences):
   'C{italic}' (5), 'D{italic}' (54), 'E{italic}' (5), 'F{italic}' (1), 'Gamma' (10), 'G{italic}' (7), 'H{caligraphic}' (4), 'H{italic}' (47), 'K{italic}' (2), 'Li' (9), 'L{italic}' (47), 'M{italic}' (1), 'N{italic}' (1), 'Omega' (5), 'Phi' (19), 'R{italic}' (25), 'S{italic}' (5), 'T{italic}' (9), 'V{italic}' (3), 'Z{bold}' (8), 'Z{italic}' (4), 'alpha' (336), 'a{italic}' (35), 'beta' (107), 'b{italic}' (3), 'c{italic}' (5), 'deg' (6), 'delta' (11), 'd{italic}' (27), 'epsilon' (5), 'e{italic}' (27), 'f{italic}' (19), 'gamma' (78), 'g{italic}' (16), 'h{italic}' (14), 'i{italic}' (59), 'j{italic}' (3), 'k{italic}' (51), 'l{italic}' (10), 'mu' (3), 'm{italic}' (18), 'n{italic}' (27), 'o{italic}' (3), 'phi' (9), 'pi' (9), 'psi' (22), 'p{italic}' (29), 'r{italic}' (13), 'sigma' (6), 's{italic}' (21), 't{italic}' (26), 'u{italic}' (32), 'v{italic}' (25), 'w{italic}' (16), 'x{italic}' (105), 'y{italic}' (56), 'zeta' (1), 'z{italic}' (117)
Set MATHPARSER_SPECULATE to speculate on possible notations.
(Finalizing... 1.01 sec)
Conversion complete 6 warnings; 5 errors (See /home/user/latex-in-arxiv/0303056.latexml.log) (reqd. 37.16s)
