latexml (LaTeXML version 0.8.6) processing 2003/0303127.tex
(Digesting TeX 0303127...
(Loading /usr/share/perl5/LaTeXML/Package/TeX.pool.ltxml...
(Loading /usr/share/perl5/LaTeXML/Package/eTeX.pool.ltxml... 0.00 sec)
(Loading /usr/share/perl5/LaTeXML/Package/pdfTeX.pool.ltxml... 0.01 sec) 0.16 sec)
(Processing content /home/user/latex-in-arxiv/2003/0303127.tex...
(Loading /usr/share/perl5/LaTeXML/Package/LaTeX.pool.ltxml...
(Loading /usr/share/perl5/LaTeXML/Package/textcomp.sty.ltxml...
(Processing definitions /usr/share/texlive/texmf-dist/tex/latex-dev/base/ts1enc.dfu... 0.05 sec) 1.88 sec) 2.12 sec)
(Loading /usr/share/perl5/LaTeXML/Package/article.cls.ltxml... 0.02 sec)
(Loading /usr/share/perl5/LaTeXML/Package/cite.sty.ltxml... 0.00 sec)
(Loading /usr/share/perl5/LaTeXML/Package/amssymb.sty.ltxml...
(Loading /usr/share/perl5/LaTeXML/Package/amsfonts.sty.ltxml... 0.00 sec) 0.04 sec)
(Loading /usr/share/perl5/LaTeXML/Package/amsmath.sty.ltxml...
(Loading /usr/share/perl5/LaTeXML/Package/amsbsy.sty.ltxml...
(Loading /usr/share/perl5/LaTeXML/Package/amsgen.sty.ltxml... 0.01 sec) 0.01 sec)
(Loading /usr/share/perl5/LaTeXML/Package/amstext.sty.ltxml... 0.01 sec)
(Loading /usr/share/perl5/LaTeXML/Package/amsopn.sty.ltxml... 0.01 sec) 0.09 sec)
(Loading /usr/share/perl5/LaTeXML/Package/epsf.sty.ltxml... 0.01 sec)
(Loading /usr/share/perl5/LaTeXML/Package/graphics.sty.ltxml... 0.03 sec) 9.83 sec) 10.09 sec)
(Building...
(Loading compiled schema /usr/share/perl5/LaTeXML/resources/RelaxNG/LaTeXML.model... 0.02 sec)
Info:malformed:id Duplicated attribute xml:id
	at 0303127.tex; line 850 col 0 - line 853 col 2
	Using id='S3.Ex1a' on <ltx:equation _box="$$D_{\alpha}\psi_{\pm}=0$$" _font="Font[math,medium,italic,12,bla..."/>
	id='S3.Ex1' already set on <ltx:equation _box="LaTeXML::Core::Whatsit=HASH(0x..." _font="Font[math,medium,italic,12,bla..." xml:id="S3.Ex1" _ID_counter_m_="1">...
Info:malformed:id Duplicated attribute xml:id
	at 0303127.tex; line 907 col 0 - line 909 col 2
	Using id='S3.Ex1b' on <ltx:equation _box="$$\gamma_{ab}\vartheta=~{}i\Ph..." _font="Font[math,medium,italic,12,bla..."/>
	id='S3.Ex1' already set on <ltx:equation _box="LaTeXML::Core::Whatsit=HASH(0x..." _font="Font[math,medium,italic,12,bla..." xml:id="S3.Ex1" _ID_counter_m_="1">...
Info:malformed:id Duplicated attribute xml:id
	at 0303127.tex; line 918 col 0 - line 918 col 13
	Using id='S3.Ex2a' on <ltx:equation _box="Alignment[]" _font="Font[serif,medium,upright,12,b..."/>
	id='S3.Ex2' already set on <ltx:equation _box="LaTeXML::Core::Alignment=HASH(..." _font="Font[serif,medium,upright,12,b..." xml:id="S3.Ex2" _ID_counter_m_="3">...
Info:malformed:id Duplicated attribute xml:id
	at 0303127.tex; line 918 col 0 - line 918 col 13
	Using id='S3.Ex3a' on <ltx:equation _box="Alignment[]" _font="Font[serif,medium,upright,12,b..."/>
	id='S3.Ex3' already set on <ltx:equation _box="LaTeXML::Core::Alignment=HASH(..." _font="Font[serif,medium,upright,12,b..." xml:id="S3.Ex3" _ID_counter_m_="2">...
Info:malformed:id Duplicated attribute xml:id
	at 0303127.tex; line 1239 col 0 - line 1241 col 2
	Using id='S3.Ex1c' on <ltx:equation _box="$$ds^{2}_{7}=ds^{2}_{6}+e^{-4\..." _font="Font[math,medium,italic,12,bla..."/>
	id='S3.Ex1' already set on <ltx:equation _box="LaTeXML::Core::Whatsit=HASH(0x..." _font="Font[math,medium,italic,12,bla..." xml:id="S3.Ex1" _ID_counter_m_="1">...
 8.64 sec)
(Rewriting... 0.18 sec)
(Math Parsing 573 formulae ......
Warning:not_parsed:FLOATSUBSCRIPT>RELOP MathParser failed to match rule 'Anything'
	at 0303127.tex; line 600 col 9 - line 600 col 20
	In "${}_{2}\subset$"
	{}_{2}[[FLOATSUBSCRIPT]]
	        > ⊂[[RELOP]]
Warning:not_parsed:POSTSUBSCRIPT.POSTSUPERSCRIPT.ADDOP>OPEN MathParser failed to match rule 'Anything'
	at 0303127.tex; line 639 col 0 - line 641 col 2
	In "$$\Phi_{abe}\Phi^{cd}_{\ \ e}=2\delta_{ab}^{\ \ [cd]}-(*\Phi)_{ab}^{\ \ cd}\ .$$"
	Φ[[UNKNOWN]] _{abe}[[POSTSUBSCRIPT]] Φ[[UNKNOWN]] ^{cd}[[POSTSUPERSCRIPT]] _{\ \ e}[[POSTSUBSCRIPT]] =[[RELOP]] 2[[NUMBER]] δ[[UNKNOWN]] _{ab}[[POSTSUBSCRIPT]] ^{\ \ [cd]}[[POSTSUPERSCRIPT]] -[[ADDOP]]
	        > ([[OPEN]] *[[MULOP]] Φ[[UNKNOWN]] )[[CLOSE]] _{ab}[[POSTSUBSCRIPT]] ^{\ \ cd}[[POSTSUPERSCRIPT]]
Warning:not_parsed:FLOATSUBSCRIPT.POSTSUPERSCRIPT>MULOP MathParser failed to match rule 'Anything'
	at 0303127.tex; line 729 col 10 - line 729 col 28
	In "${}_{2}^{\perp}\otimes TY$"
	{}_{2}[[FLOATSUBSCRIPT]] ^{\perp}[[POSTSUPERSCRIPT]]
	        > ⊗[[MULOP]] T[[UNKNOWN]] Y[[UNKNOWN]]
Warning:not_parsed:>OPEN MathParser failed to match rule 'Anything'
	at 0303127.tex; line 799 col 2 - line 799 col 15
	In "$(-++\ldots+)$"
	> ([[OPEN]] -[[ADDOP]] +[[ADDOP]] +[[ADDOP]] \ldots[[ID]] +[[ADDOP]] )[[CLOSE]]
Warning:not_parsed:RELOP>OPEN MathParser failed to match rule 'Anything'
	at 0303127.tex; line 872 col 2 - line 872 col 2
	In "$\displaystyle=\left[\pm\left(\frac{i}{12}(*G)_{abc}\gamma^{bc}+\frac{1}{18}G_%
	{abcd}\gamma^{bcd}\right)\right]\vartheta_{\pm}\@@ENDINLINEMATH"
	=[[RELOP]]
	        > \left[[[OPEN]] ±[[ADDOP]] \left([[OPEN]] \frac{i}{12}[[UNKNOWN]] ([[OPEN]] *[[MULOP]] G[[UNKNOWN]] )[[CLOSE]] _{abc}[[POSTSUBSCRIPT]] γ[[UNKNOWN]] ^{bc}[[POSTSUPERSCRIPT]] +[[ADDOP]] \frac{1}{18}[[UNKNOWN]] G[[UNKNOWN]] _{abcd}[[POSTSUBSCRIPT]] γ[[UNKNOWN]] ^{bcd}[[POSTSUPERSCRIPT]] \right)[[CLOSE]] \right][[CLOSE]] ϑ[[UNKNOWN]] _{\pm}[[POSTSUBSCRIPT]]
Warning:not_parsed:RELOP>OPEN MathParser failed to match rule 'Anything'
	at 0303127.tex; line 872 col 2 - line 876 col 11
	In "$\displaystyle=\left[\pm\left(\frac{i}{12}(*G)_{abc}\gamma^{bc}+\frac{1}{18}G_%
	{abcd}\gamma^{bcd}\right)\right]\vartheta_{\pm}$"
	=[[RELOP]]
	        > \left[[[OPEN]] ±[[ADDOP]] \left([[OPEN]] \frac{i}{12}[[UNKNOWN]] ([[OPEN]] *[[MULOP]] G[[UNKNOWN]] )[[CLOSE]] _{abc}[[POSTSUBSCRIPT]] γ[[UNKNOWN]] ^{bc}[[POSTSUPERSCRIPT]] +[[ADDOP]] \frac{1}{18}[[UNKNOWN]] G[[UNKNOWN]] _{abcd}[[POSTSUBSCRIPT]] γ[[UNKNOWN]] ^{bcd}[[POSTSUPERSCRIPT]] \right)[[CLOSE]] \right][[CLOSE]] ϑ[[UNKNOWN]] _{\pm}[[POSTSUBSCRIPT]]
Warning:not_parsed:>OPEN MathParser failed to match rule 'Anything'
	at 0303127.tex; line 880 col 10 - line 880 col 61
	In "$(*G)_{abc}\equiv\frac{1}{4!}\epsilon_{abcdefg}G^{defg}$"
	> ([[OPEN]] *[[MULOP]] G[[UNKNOWN]] )[[CLOSE]] _{abc}[[POSTSUBSCRIPT]] ≡[[RELOP]] \frac{1}{4!}[[UNKNOWN]] ϵ[[UNKNOWN]] _{abcdefg}[[POSTSUBSCRIPT]] G[[UNKNOWN]] ^{defg}[[POSTSUPERSCRIPT]]
Warning:not_parsed:>OPEN MathParser failed to match rule 'Anything'
	at 0303127.tex; line 890 col 22 - line 890 col 58
	In "$\{\,,\,\}\rightarrow[\,,\,]$"
	> \{[[OPEN]] ,[[PUNCT]] \}[[CLOSE]] →[[ARROW]] [[[OPEN]] ,[[PUNCT]] ][[CLOSE]]
Warning:not_parsed:POSTSUBSCRIPT.UNKNOWN.ADDOP>OPEN MathParser failed to match rule 'Anything'
	at 0303127.tex; line 921 col 3 - line 921 col 3
	In "$\displaystyle\gamma_{abc}\vartheta=~{}i\Phi_{abc}\vartheta-(*\Phi)_{abcd}%
	\gamma^{d}\vartheta\@@ENDINLINEMATH"
	γ[[UNKNOWN]] _{abc}[[POSTSUBSCRIPT]] ϑ[[UNKNOWN]] =[[RELOP]] i[[UNKNOWN]] Φ[[UNKNOWN]] _{abc}[[POSTSUBSCRIPT]] ϑ[[UNKNOWN]] -[[ADDOP]]
	        > ([[OPEN]] *[[MULOP]] Φ[[UNKNOWN]] )[[CLOSE]] _{abcd}[[POSTSUBSCRIPT]] γ[[UNKNOWN]] ^{d}[[POSTSUPERSCRIPT]] ϑ[[UNKNOWN]]
Warning:not_parsed:POSTSUBSCRIPT.UNKNOWN.ADDOP>OPEN MathParser failed to match rule 'Anything'
	at 0303127.tex; line 921 col 20 - line 922 col 2
	In "$\displaystyle~{}i\Phi_{abc}\vartheta-(*\Phi)_{abcd}\gamma^{d}\vartheta$"
	i[[UNKNOWN]] Φ[[UNKNOWN]] _{abc}[[POSTSUBSCRIPT]] ϑ[[UNKNOWN]] -[[ADDOP]]
	        > ([[OPEN]] *[[MULOP]] Φ[[UNKNOWN]] )[[CLOSE]] _{abcd}[[POSTSUBSCRIPT]] γ[[UNKNOWN]] ^{d}[[POSTSUPERSCRIPT]] ϑ[[UNKNOWN]]
Warning:not_parsed:UNKNOWN.UNKNOWN.UNKNOWN> MathParser failed to match rule 'Subscript'
	at 0303127.tex; line 924 col 57 - line 924 col 57
	In "$\displaystyle\gamma_{abcd}\vartheta=~{}(*\Phi)_{abcd}\vartheta-4i\Phi_{[abc}%
	\gamma_{d]}\vartheta\@@ENDINLINEMATH"
	[[[OPEN]] a[[UNKNOWN]] b[[UNKNOWN]] c[[UNKNOWN]]
	        > 
Warning:not_parsed:UNKNOWN>CLOSE MathParser failed to match rule 'Subscript'
	at 0303127.tex; line 924 col 66 - line 924 col 66
	d[[UNKNOWN]]
	        > ][[CLOSE]]
Warning:not_parsed:UNKNOWN.POSTSUBSCRIPT.UNKNOWN>RELOP MathParser failed to match rule 'Anything'
	at 0303127.tex; line 924 col 3 - line 924 col 3
	γ[[UNKNOWN]] _{abcd}[[POSTSUBSCRIPT]] ϑ[[UNKNOWN]]
	        > =[[RELOP]] ([[OPEN]] *[[MULOP]] Φ[[UNKNOWN]] )[[CLOSE]] _{abcd}[[POSTSUBSCRIPT]] ϑ[[UNKNOWN]] -[[ADDOP]] 4[[NUMBER]] i[[UNKNOWN]] Φ[[UNKNOWN]] _{[abc}[[POSTSUBSCRIPT]] γ[[UNKNOWN]] _{d]}[[POSTSUBSCRIPT]] ϑ[[UNKNOWN]]
Warning:not_parsed:UNKNOWN.UNKNOWN.UNKNOWN> MathParser failed to match rule 'Subscript'
	at 0303127.tex; line 924 col 57 - line 924 col 57
	In "$\displaystyle~{}(*\Phi)_{abcd}\vartheta-4i\Phi_{[abc}\gamma_{d]}\vartheta$"
	[[[OPEN]] a[[UNKNOWN]] b[[UNKNOWN]] c[[UNKNOWN]]
	        > 
Warning:not_parsed:UNKNOWN>CLOSE MathParser failed to match rule 'Subscript'
	at 0303127.tex; line 924 col 66 - line 924 col 66
	d[[UNKNOWN]]
	        > ][[CLOSE]]
Warning:not_parsed:>OPEN MathParser failed to match rule 'Anything'
	at 0303127.tex; line 924 col 21 - line 924 col 73
	> ([[OPEN]] *[[MULOP]] Φ[[UNKNOWN]] )[[CLOSE]] _{abcd}[[POSTSUBSCRIPT]] ϑ[[UNKNOWN]] -[[ADDOP]] 4[[NUMBER]] i[[UNKNOWN]] Φ[[UNKNOWN]] _{[abc}[[POSTSUBSCRIPT]] γ[[UNKNOWN]] _{d]}[[POSTSUBSCRIPT]] ϑ[[UNKNOWN]]
Warning:not_parsed:UNKNOWN.UNKNOWN.UNKNOWN> MathParser failed to match rule 'Subscript'
	at 0303127.tex; line 926 col 39 - line 926 col 39
	In "$\displaystyle\gamma_{abcde}\vartheta=~{}5(*\Phi)_{[abcd}\gamma_{e]}\vartheta\@@ENDINLINEMATH"
	[[[OPEN]] a[[UNKNOWN]] b[[UNKNOWN]] c[[UNKNOWN]] d[[UNKNOWN]]
	        > 
Warning:not_parsed:UNKNOWN>CLOSE MathParser failed to match rule 'Subscript'
	at 0303127.tex; line 926 col 48 - line 926 col 48
	e[[UNKNOWN]]
	        > ][[CLOSE]]
Warning:not_parsed:UNKNOWN.RELOP.NUMBER>OPEN MathParser failed to match rule 'Anything'
	at 0303127.tex; line 926 col 3 - line 926 col 3
	γ[[UNKNOWN]] _{abcde}[[POSTSUBSCRIPT]] ϑ[[UNKNOWN]] =[[RELOP]] 5[[NUMBER]]
	        > ([[OPEN]] *[[MULOP]] Φ[[UNKNOWN]] )[[CLOSE]] _{[abcd}[[POSTSUBSCRIPT]] γ[[UNKNOWN]] _{e]}[[POSTSUBSCRIPT]] ϑ[[UNKNOWN]]
Warning:not_parsed:UNKNOWN.UNKNOWN.UNKNOWN> MathParser failed to match rule 'Subscript'
	at 0303127.tex; line 926 col 39 - line 926 col 39
	In "$\displaystyle~{}5(*\Phi)_{[abcd}\gamma_{e]}\vartheta$"
	[[[OPEN]] a[[UNKNOWN]] b[[UNKNOWN]] c[[UNKNOWN]] d[[UNKNOWN]]
	        > 
Warning:not_parsed:UNKNOWN>CLOSE MathParser failed to match rule 'Subscript'
	at 0303127.tex; line 926 col 48 - line 926 col 48
	e[[UNKNOWN]]
	        > ][[CLOSE]]
Warning:not_parsed:NUMBER>OPEN MathParser failed to match rule 'Anything'
	at 0303127.tex; line 926 col 22 - line 926 col 55
	5[[NUMBER]]
	        > ([[OPEN]] *[[MULOP]] Φ[[UNKNOWN]] )[[CLOSE]] _{[abcd}[[POSTSUBSCRIPT]] γ[[UNKNOWN]] _{e]}[[POSTSUBSCRIPT]] ϑ[[UNKNOWN]]
Warning:not_parsed:>OPEN MathParser failed to match rule 'Anything'
	at 0303127.tex; line 939 col 37 - line 940 col 29
	In "$(*\Phi)_{abcd}=\vartheta^{\dagger}\gamma_{abcd}\vartheta$"
	> ([[OPEN]] *[[MULOP]] Φ[[UNKNOWN]] )[[CLOSE]] _{abcd}[[POSTSUBSCRIPT]] =[[RELOP]] ϑ[[UNKNOWN]] ^{\dagger}[[POSTSUPERSCRIPT]] γ[[UNKNOWN]] _{abcd}[[POSTSUBSCRIPT]] ϑ[[UNKNOWN]]
Warning:not_parsed:ATOM.UNKNOWN.POSTSUBSCRIPT>OPEN MathParser failed to match rule 'Anything'
	at 0303127.tex; line 957 col 0 - line 961 col 14
	In "\begin{equation}Q\equiv\frac{1}{4!}G_{abcd}(*\Phi)^{abcd}\ ,\qquad Q_{a}\equiv%
	\frac{1}{3!}G_{abcd}\Phi^{bcd}\ ,\qquad Q_{ae}\equiv\frac{1}{3!}G_{abcd}(*\Phi%
	)^{bcd}_{~{}~{}~{}e}\ ;\end{equation}"
	Q[[UNKNOWN]] ≡[[RELOP]] \frac{1}{4!}[[UNKNOWN]] G[[UNKNOWN]] _{abcd}[[POSTSUBSCRIPT]]
	        > ([[OPEN]] *[[MULOP]] Φ[[UNKNOWN]] )[[CLOSE]] ^{abcd}[[POSTSUPERSCRIPT]] ,[[PUNCT]] Q[[UNKNOWN]] _{a}[[POSTSUBSCRIPT]] ≡[[RELOP]] \frac{1}{3!}[[UNKNOWN]] G[[UNKNOWN]] _{abcd}[[POSTSUBSCRIPT]] Φ[[UNKNOWN]] ^{bcd}[[POSTSUPERSCRIPT]] ,[[PUNCT]] Q[[UNKNOWN]] _{ae}[[POSTSUBSCRIPT]] ≡[[RELOP]] \frac{1}{3!}[[UNKNOWN]] G[[UNKNOWN]] _{abcd}[[POSTSUBSCRIPT]] ([[OPEN]] *[[MULOP]] Φ[[UNKNOWN]] )[[CLOSE]] ^{bcd}[[POSTSUPERSCRIPT]] _{~{}~{}~{}e}[[POSTSUBSCRIPT]]
Warning:not_parsed:OPEN.UNKNOWN> MathParser failed to match rule 'Subscript'
	at 0303127.tex; line 965 col 0 - line 965 col 48
	In "\begin{equation}G_{abcd}=\frac{4}{7}Q(*\Phi)_{abcd}+Q_{[a}\Phi_{bcd]}-2\hat{Q}%
	_{e[a}(*\Phi)^{e}_{\ bcd]}\ .\end{equation}"
	[[[OPEN]] a[[UNKNOWN]]
	        > 
Warning:not_parsed:UNKNOWN.UNKNOWN.UNKNOWN>CLOSE MathParser failed to match rule 'Subscript'
	at 0303127.tex; line 966 col 11 - line 966 col 11
	b[[UNKNOWN]] c[[UNKNOWN]] d[[UNKNOWN]]
	        > ][[CLOSE]]
Warning:not_parsed:UNKNOWN>OPEN MathParser failed to match rule 'Subscript'
	at 0303127.tex; line 967 col 12 - line 967 col 12
	e[[UNKNOWN]]
	        > [[[OPEN]] a[[UNKNOWN]]
Warning:not_parsed:UNKNOWN.UNKNOWN.UNKNOWN>CLOSE MathParser failed to match rule 'Subscript'
	at 0303127.tex; line 967 col 31 - line 967 col 31
	b[[UNKNOWN]] c[[UNKNOWN]] d[[UNKNOWN]]
	        > ][[CLOSE]]
Warning:not_parsed:RELOP.ATOM.UNKNOWN>OPEN MathParser failed to match rule 'Anything'
	at 0303127.tex; line 963 col 0 - line 968 col 14
	G[[UNKNOWN]] _{abcd}[[POSTSUBSCRIPT]] =[[RELOP]] \frac{4}{7}[[UNKNOWN]] Q[[UNKNOWN]]
	        > ([[OPEN]] *[[MULOP]] Φ[[UNKNOWN]] )[[CLOSE]] _{abcd}[[POSTSUBSCRIPT]] +[[ADDOP]] Q[[UNKNOWN]] _{[a}[[POSTSUBSCRIPT]] Φ[[UNKNOWN]] _{bcd]}[[POSTSUBSCRIPT]] -[[ADDOP]] 2[[NUMBER]] \hat{Q}[[UNKNOWN]] _{e[a}[[POSTSUBSCRIPT]] ([[OPEN]] *[[MULOP]] Φ[[UNKNOWN]] )[[CLOSE]] ^{e}[[POSTSUPERSCRIPT]] _{\ bcd]}[[POSTSUBSCRIPT]]
Warning:not_parsed:ATOM>FLOATSUBSCRIPT MathParser failed to match rule 'Anything'
	at 0303127.tex; line 974 col 0 - line 975 col 7
	In "$\hat{Q}{}_{ab}$"
	\hat{Q}[[UNKNOWN]]
	        > {}_{ab}[[FLOATSUBSCRIPT]]
Warning:not_parsed:RELOP.UNKNOWN.POSTSUPERSCRIPT>OPEN MathParser failed to match rule 'Anything'
	at 0303127.tex; line 1081 col 6 - line 1081 col 6
	In "$\displaystyle\tilde{\Xi}_{3}=e^{\Delta+2i\xi}\left[i\Phi-iv\wedge(v\,%
	\lrcorner\,\Phi)-v\,\lrcorner\,(*\Phi)\right]\@@ENDINLINEMATH"
	\tilde{\Xi}[[UNKNOWN]] _{3}[[POSTSUBSCRIPT]] =[[RELOP]] e[[UNKNOWN]] ^{\Delta+2i\xi}[[POSTSUPERSCRIPT]]
	        > \left[[[OPEN]] i[[UNKNOWN]] Φ[[UNKNOWN]] -[[ADDOP]] i[[UNKNOWN]] v[[UNKNOWN]] ∧[[ADDOP]] ([[OPEN]] v[[UNKNOWN]] ⌟[[UNKNOWN]] Φ[[UNKNOWN]] )[[CLOSE]] -[[ADDOP]] v[[UNKNOWN]] ⌟[[UNKNOWN]] ([[OPEN]] *[[MULOP]] Φ[[UNKNOWN]] )[[CLOSE]] \right][[CLOSE]]
Warning:not_parsed:RELOP.UNKNOWN.POSTSUPERSCRIPT>OPEN MathParser failed to match rule 'Anything'
	at 0303127.tex; line 1081 col 16 - line 1083 col 40
	In "$\displaystyle=e^{\Delta+2i\xi}\left[i\Phi-iv\wedge(v\,\lrcorner\,\Phi)-v\,%
	\lrcorner\,(*\Phi)\right]$"
	=[[RELOP]] e[[UNKNOWN]] ^{\Delta+2i\xi}[[POSTSUPERSCRIPT]]
	        > \left[[[OPEN]] i[[UNKNOWN]] Φ[[UNKNOWN]] -[[ADDOP]] i[[UNKNOWN]] v[[UNKNOWN]] ∧[[ADDOP]] ([[OPEN]] v[[UNKNOWN]] ⌟[[UNKNOWN]] Φ[[UNKNOWN]] )[[CLOSE]] -[[ADDOP]] v[[UNKNOWN]] ⌟[[UNKNOWN]] ([[OPEN]] *[[MULOP]] Φ[[UNKNOWN]] )[[CLOSE]] \right][[CLOSE]]
Warning:not_parsed:RELOP.UNKNOWN.POSTSUPERSCRIPT>OPEN MathParser failed to match rule 'Anything'
	at 0303127.tex; line 1084 col 2 - line 1084 col 2
	In "$\displaystyle=e^{\Delta+2i\xi}\left[i\Phi-e^{-2\Delta}\Xi_{1}\wedge\Xi_{2}-v%
	\,\lrcorner\,(*\Phi)\right],\@@ENDINLINEMATH"
	=[[RELOP]] e[[UNKNOWN]] ^{\Delta+2i\xi}[[POSTSUPERSCRIPT]]
	        > \left[[[OPEN]] i[[UNKNOWN]] Φ[[UNKNOWN]] -[[ADDOP]] e[[UNKNOWN]] ^{-2\Delta}[[POSTSUPERSCRIPT]] Ξ[[UNKNOWN]] _{1}[[POSTSUBSCRIPT]] ∧[[ADDOP]] Ξ[[UNKNOWN]] _{2}[[POSTSUBSCRIPT]] -[[ADDOP]] v[[UNKNOWN]] ⌟[[UNKNOWN]] ([[OPEN]] *[[MULOP]] Φ[[UNKNOWN]] )[[CLOSE]] \right][[CLOSE]]
Warning:not_parsed:RELOP.UNKNOWN.POSTSUPERSCRIPT>OPEN MathParser failed to match rule 'Anything'
	at 0303127.tex; line 1084 col 2 - line 1086 col 41
	In "$\displaystyle=e^{\Delta+2i\xi}\left[i\Phi-e^{-2\Delta}\Xi_{1}\wedge\Xi_{2}-v%
	\,\lrcorner\,(*\Phi)\right],$"
	=[[RELOP]] e[[UNKNOWN]] ^{\Delta+2i\xi}[[POSTSUPERSCRIPT]]
	        > \left[[[OPEN]] i[[UNKNOWN]] Φ[[UNKNOWN]] -[[ADDOP]] e[[UNKNOWN]] ^{-2\Delta}[[POSTSUPERSCRIPT]] Ξ[[UNKNOWN]] _{1}[[POSTSUBSCRIPT]] ∧[[ADDOP]] Ξ[[UNKNOWN]] _{2}[[POSTSUBSCRIPT]] -[[ADDOP]] v[[UNKNOWN]] ⌟[[UNKNOWN]] ([[OPEN]] *[[MULOP]] Φ[[UNKNOWN]] )[[CLOSE]] \right][[CLOSE]]
Warning:not_parsed:RELOP.UNKNOWN.POSTSUPERSCRIPT>OPEN MathParser failed to match rule 'Anything'
	at 0303127.tex; line 1087 col 3 - line 1087 col 3
	In "$\displaystyle\Xi_{4}=e^{\Delta}\left[(*\Phi)-v\wedge(v\,\lrcorner\,(*\Phi))%
	\right],\@@ENDINLINEMATH"
	Ξ[[UNKNOWN]] _{4}[[POSTSUBSCRIPT]] =[[RELOP]] e[[UNKNOWN]] ^{\Delta}[[POSTSUPERSCRIPT]]
	        > \left[[[OPEN]] ([[OPEN]] *[[MULOP]] Φ[[UNKNOWN]] )[[CLOSE]] -[[ADDOP]] v[[UNKNOWN]] ∧[[ADDOP]] ([[OPEN]] v[[UNKNOWN]] ⌟[[UNKNOWN]] ([[OPEN]] *[[MULOP]] Φ[[UNKNOWN]] )[[CLOSE]] )[[CLOSE]] \right][[CLOSE]]
Warning:not_parsed:RELOP.UNKNOWN.POSTSUPERSCRIPT>OPEN MathParser failed to match rule 'Anything'
	at 0303127.tex; line 1087 col 10 - line 1088 col 59
	In "$\displaystyle=e^{\Delta}\left[(*\Phi)-v\wedge(v\,\lrcorner\,(*\Phi))\right],$"
	=[[RELOP]] e[[UNKNOWN]] ^{\Delta}[[POSTSUPERSCRIPT]]
	        > \left[[[OPEN]] ([[OPEN]] *[[MULOP]] Φ[[UNKNOWN]] )[[CLOSE]] -[[ADDOP]] v[[UNKNOWN]] ∧[[ADDOP]] ([[OPEN]] v[[UNKNOWN]] ⌟[[UNKNOWN]] ([[OPEN]] *[[MULOP]] Φ[[UNKNOWN]] )[[CLOSE]] )[[CLOSE]] \right][[CLOSE]]
Warning:not_parsed:RELOP.UNKNOWN.POSTSUPERSCRIPT>OPEN MathParser failed to match rule 'Anything'
	at 0303127.tex; line 1089 col 6 - line 1089 col 6
	In "$\displaystyle\tilde{\Xi}_{4}=e^{\Delta+2i\xi}\left[v\wedge(v\,\lrcorner(*\Phi%
	))-iv\wedge\Phi\right]=-e^{-\Delta}\Xi_{1}\wedge\tilde{\Xi}_{3}\ ;\@@ENDINLINEMATH"
	\tilde{\Xi}[[UNKNOWN]] _{4}[[POSTSUBSCRIPT]] =[[RELOP]] e[[UNKNOWN]] ^{\Delta+2i\xi}[[POSTSUPERSCRIPT]]
	        > \left[[[OPEN]] v[[UNKNOWN]] ∧[[ADDOP]] ([[OPEN]] v[[UNKNOWN]] ⌟[[UNKNOWN]] ([[OPEN]] *[[MULOP]] Φ[[UNKNOWN]] )[[CLOSE]] )[[CLOSE]] -[[ADDOP]] i[[UNKNOWN]] v[[UNKNOWN]] ∧[[ADDOP]] Φ[[UNKNOWN]] \right][[CLOSE]] =[[RELOP]] -[[ADDOP]] e[[UNKNOWN]] ^{-\Delta}[[POSTSUPERSCRIPT]] Ξ[[UNKNOWN]] _{1}[[POSTSUBSCRIPT]] ∧[[ADDOP]] \tilde{\Xi}[[UNKNOWN]] _{3}[[POSTSUBSCRIPT]]
Warning:not_parsed:RELOP.UNKNOWN.POSTSUPERSCRIPT>OPEN MathParser failed to match rule 'Anything'
	at 0303127.tex; line 1089 col 16 - line 1092 col 11
	In "$\displaystyle=e^{\Delta+2i\xi}\left[v\wedge(v\,\lrcorner(*\Phi))-iv\wedge\Phi%
	\right]=-e^{-\Delta}\Xi_{1}\wedge\tilde{\Xi}_{3}\ ;$"
	=[[RELOP]] e[[UNKNOWN]] ^{\Delta+2i\xi}[[POSTSUPERSCRIPT]]
	        > \left[[[OPEN]] v[[UNKNOWN]] ∧[[ADDOP]] ([[OPEN]] v[[UNKNOWN]] ⌟[[UNKNOWN]] ([[OPEN]] *[[MULOP]] Φ[[UNKNOWN]] )[[CLOSE]] )[[CLOSE]] -[[ADDOP]] i[[UNKNOWN]] v[[UNKNOWN]] ∧[[ADDOP]] Φ[[UNKNOWN]] \right][[CLOSE]] =[[RELOP]] -[[ADDOP]] e[[UNKNOWN]] ^{-\Delta}[[POSTSUPERSCRIPT]] Ξ[[UNKNOWN]] _{1}[[POSTSUBSCRIPT]] ∧[[ADDOP]] \tilde{\Xi}[[UNKNOWN]] _{3}[[POSTSUBSCRIPT]]
Warning:not_parsed:NUMBER.UNKNOWN.UNKNOWN>OPEN MathParser failed to match rule 'Anything'
	at 0303127.tex; line 1108 col 3 - line 1108 col 3
	In "$\displaystyle e^{-3\Delta}d\left(e^{3\Delta}\Xi_{2}\right)=-2i\,\Xi(*G)\@@ENDINLINEMATH"
	e[[UNKNOWN]] ^{-3\Delta}[[POSTSUPERSCRIPT]] d[[UNKNOWN]] \left([[OPEN]] e[[UNKNOWN]] ^{3\Delta}[[POSTSUPERSCRIPT]] Ξ[[UNKNOWN]] _{2}[[POSTSUBSCRIPT]] \right)[[CLOSE]] =[[RELOP]] -[[ADDOP]] 2[[NUMBER]] i[[UNKNOWN]] Ξ[[UNKNOWN]]
	        > ([[OPEN]] *[[MULOP]] G[[UNKNOWN]] )[[CLOSE]]
Warning:not_parsed:NUMBER.UNKNOWN.UNKNOWN>OPEN MathParser failed to match rule 'Anything'
	at 0303127.tex; line 1108 col 0 - line 1110 col 11
	In "$\displaystyle=-2i\,\Xi(*G)$"
	=[[RELOP]] -[[ADDOP]] 2[[NUMBER]] i[[UNKNOWN]] Ξ[[UNKNOWN]]
	        > ([[OPEN]] *[[MULOP]] G[[UNKNOWN]] )[[CLOSE]]
Warning:not_parsed:UNKNOWN.POSTSUBSCRIPT.ADDOP>OPEN MathParser failed to match rule 'Anything'
	at 0303127.tex; line 1113 col 1 - line 1113 col 1
	In "$\displaystyle e^{-5\Delta}d\left(e^{5\Delta}\Xi_{3}\right)=2i\,\Xi_{1}\wedge(%
	*G)\ ,\@@ENDINLINEMATH"
	e[[UNKNOWN]] ^{-5\Delta}[[POSTSUPERSCRIPT]] d[[UNKNOWN]] \left([[OPEN]] e[[UNKNOWN]] ^{5\Delta}[[POSTSUPERSCRIPT]] Ξ[[UNKNOWN]] _{3}[[POSTSUBSCRIPT]] \right)[[CLOSE]] =[[RELOP]] 2[[NUMBER]] i[[UNKNOWN]] Ξ[[UNKNOWN]] _{1}[[POSTSUBSCRIPT]] ∧[[ADDOP]]
	        > ([[OPEN]] *[[MULOP]] G[[UNKNOWN]] )[[CLOSE]]
Warning:not_parsed:UNKNOWN.POSTSUBSCRIPT.ADDOP>OPEN MathParser failed to match rule 'Anything'
	at 0303127.tex; line 1114 col 3 - line 1115 col 29
	In "$\displaystyle=2i\,\Xi_{1}\wedge(*G)\ ,$"
	=[[RELOP]] 2[[NUMBER]] i[[UNKNOWN]] Ξ[[UNKNOWN]] _{1}[[POSTSUBSCRIPT]] ∧[[ADDOP]]
	        > ([[OPEN]] *[[MULOP]] G[[UNKNOWN]] )[[CLOSE]]
Warning:not_parsed:ADDOP.NUMBER.UNKNOWN>OPEN MathParser failed to match rule 'Anything'
	at 0303127.tex; line 1142 col 0 - line 1145 col 14
	In "\begin{equation}6d\Delta\wedge\Xi_{4}=-2i(*G)\wedge\Xi_{2}-3\,G\wedge\Xi_{1}\ .\end{equation}"
	6[[NUMBER]] d[[UNKNOWN]] Δ[[UNKNOWN]] ∧[[ADDOP]] Ξ[[UNKNOWN]] _{4}[[POSTSUBSCRIPT]] =[[RELOP]] -[[ADDOP]] 2[[NUMBER]] i[[UNKNOWN]]
	        > ([[OPEN]] *[[MULOP]] G[[UNKNOWN]] )[[CLOSE]] ∧[[ADDOP]] Ξ[[UNKNOWN]] _{2}[[POSTSUBSCRIPT]] -[[ADDOP]] 3[[NUMBER]] G[[UNKNOWN]] ∧[[ADDOP]] Ξ[[UNKNOWN]] _{1}[[POSTSUBSCRIPT]]
Warning:not_parsed:RELOP.ADDOP.NUMBER>OPEN MathParser failed to match rule 'Anything'
	at 0303127.tex; line 1161 col 1 - line 1161 col 1
	In "$\displaystyle(v\lrcorner\Phi)\wedge(v\lrcorner\Phi)=-2\left(*\Phi-v\wedge(v%
	\lrcorner(*\Phi))\right).\@@ENDINLINEMATH"
	([[OPEN]] v[[UNKNOWN]] ⌟[[UNKNOWN]] Φ[[UNKNOWN]] )[[CLOSE]] ∧[[ADDOP]] ([[OPEN]] v[[UNKNOWN]] ⌟[[UNKNOWN]] Φ[[UNKNOWN]] )[[CLOSE]] =[[RELOP]] -[[ADDOP]] 2[[NUMBER]]
	        > \left([[OPEN]] *[[MULOP]] Φ[[UNKNOWN]] -[[ADDOP]] v[[UNKNOWN]] ∧[[ADDOP]] ([[OPEN]] v[[UNKNOWN]] ⌟[[UNKNOWN]] ([[OPEN]] *[[MULOP]] Φ[[UNKNOWN]] )[[CLOSE]] )[[CLOSE]] \right)[[CLOSE]]
Warning:not_parsed:RELOP.ADDOP.NUMBER>OPEN MathParser failed to match rule 'Anything'
	at 0303127.tex; line 1161 col 47 - line 1164 col 11
	In "$\displaystyle=-2\left(*\Phi-v\wedge(v\lrcorner(*\Phi))\right).$"
	=[[RELOP]] -[[ADDOP]] 2[[NUMBER]]
	        > \left([[OPEN]] *[[MULOP]] Φ[[UNKNOWN]] -[[ADDOP]] v[[UNKNOWN]] ∧[[ADDOP]] ([[OPEN]] v[[UNKNOWN]] ⌟[[UNKNOWN]] ([[OPEN]] *[[MULOP]] Φ[[UNKNOWN]] )[[CLOSE]] )[[CLOSE]] \right)[[CLOSE]]
Warning:not_parsed:MULOP.UNKNOWN>RELOP MathParser failed to match rule 'Anything'
	at 0303127.tex; line 1182 col 1 - line 1182 col 1
	In "$\displaystyle*\Phi=e^{-\Delta}\Xi_{4}-e^{-2\Delta}\Xi_{1}\wedge{\rm Re}(e^{-2%
	i\xi}\tilde{\Xi}_{3}).\@@ENDINLINEMATH"
	*[[MULOP]] Φ[[UNKNOWN]]
	        > =[[RELOP]] e[[UNKNOWN]] ^{-\Delta}[[POSTSUPERSCRIPT]] Ξ[[UNKNOWN]] _{4}[[POSTSUBSCRIPT]] -[[ADDOP]] e[[UNKNOWN]] ^{-2\Delta}[[POSTSUPERSCRIPT]] Ξ[[UNKNOWN]] _{1}[[POSTSUBSCRIPT]] ∧[[ADDOP]] Re[[UNKNOWN]] ([[OPEN]] e[[UNKNOWN]] ^{-2i\xi}[[POSTSUPERSCRIPT]] \tilde{\Xi}[[UNKNOWN]] _{3}[[POSTSUBSCRIPT]] )[[CLOSE]]
Warning:not_parsed:UNKNOWN.UNKNOWN.UNKNOWN>OPEN MathParser failed to match rule 'Anything'
	at 0303127.tex; line 1187 col 7 - line 1187 col 43
	In "$\Omega\equiv\psi_{3}+iv\lrcorner(*\psi_{3})$"
	Ω[[UNKNOWN]] ≡[[RELOP]] ψ[[UNKNOWN]] _{3}[[POSTSUBSCRIPT]] +[[ADDOP]] i[[UNKNOWN]] v[[UNKNOWN]] ⌟[[UNKNOWN]]
	        > ([[OPEN]] *[[MULOP]] ψ[[UNKNOWN]] _{3}[[POSTSUBSCRIPT]] )[[CLOSE]]
Warning:not_parsed:UNKNOWN.UNKNOWN.ADDOP>OPEN MathParser failed to match rule 'Anything'
	at 0303127.tex; line 1192 col 1 - line 1192 col 1
	In "$\displaystyle d\Phi=-3d\Delta\wedge[\Phi+v\wedge(v\,\lrcorner\,\Phi)]+2d\xi%
	\wedge[v\,\lrcorner\,(*\Phi)]+2v\wedge(*G),\@@ENDINLINEMATH"
	d[[UNKNOWN]] Φ[[UNKNOWN]] =[[RELOP]] -[[ADDOP]] 3[[NUMBER]] d[[UNKNOWN]] Δ[[UNKNOWN]] ∧[[ADDOP]] [[[OPEN]] Φ[[UNKNOWN]] +[[ADDOP]] v[[UNKNOWN]] ∧[[ADDOP]] ([[OPEN]] v[[UNKNOWN]] ⌟[[UNKNOWN]] Φ[[UNKNOWN]] )[[CLOSE]] ][[CLOSE]] +[[ADDOP]] 2[[NUMBER]] d[[UNKNOWN]] ξ[[UNKNOWN]] ∧[[ADDOP]]
	        > [[[OPEN]] v[[UNKNOWN]] ⌟[[UNKNOWN]] ([[OPEN]] *[[MULOP]] Φ[[UNKNOWN]] )[[CLOSE]] ][[CLOSE]] +[[ADDOP]] 2[[NUMBER]] v[[UNKNOWN]] ∧[[ADDOP]] ([[OPEN]] *[[MULOP]] G[[UNKNOWN]] )[[CLOSE]]
Warning:not_parsed:UNKNOWN.UNKNOWN.ADDOP>OPEN MathParser failed to match rule 'Anything'
	at 0303127.tex; line 1192 col 8 - line 1194 col 24
	In "$\displaystyle=-3d\Delta\wedge[\Phi+v\wedge(v\,\lrcorner\,\Phi)]+2d\xi\wedge[v%
	\,\lrcorner\,(*\Phi)]+2v\wedge(*G),$"
	=[[RELOP]] -[[ADDOP]] 3[[NUMBER]] d[[UNKNOWN]] Δ[[UNKNOWN]] ∧[[ADDOP]] [[[OPEN]] Φ[[UNKNOWN]] +[[ADDOP]] v[[UNKNOWN]] ∧[[ADDOP]] ([[OPEN]] v[[UNKNOWN]] ⌟[[UNKNOWN]] Φ[[UNKNOWN]] )[[CLOSE]] ][[CLOSE]] +[[ADDOP]] 2[[NUMBER]] d[[UNKNOWN]] ξ[[UNKNOWN]] ∧[[ADDOP]]
	        > [[[OPEN]] v[[UNKNOWN]] ⌟[[UNKNOWN]] ([[OPEN]] *[[MULOP]] Φ[[UNKNOWN]] )[[CLOSE]] ][[CLOSE]] +[[ADDOP]] 2[[NUMBER]] v[[UNKNOWN]] ∧[[ADDOP]] ([[OPEN]] *[[MULOP]] G[[UNKNOWN]] )[[CLOSE]]
Warning:not_parsed:UNKNOWN>OPEN MathParser failed to match rule 'Anything'
	at 0303127.tex; line 1195 col 1 - line 1195 col 1
	In "$\displaystyle d(*\Phi)=-2d\Delta\wedge(*\Phi)-3d\Delta\wedge v\wedge[v\,%
	\lrcorner\,(*\Phi)]-2d\xi\wedge v\wedge\Phi+3G\wedge v\@@ENDINLINEMATH"
	d[[UNKNOWN]]
	        > ([[OPEN]] *[[MULOP]] Φ[[UNKNOWN]] )[[CLOSE]] =[[RELOP]] -[[ADDOP]] 2[[NUMBER]] d[[UNKNOWN]] Δ[[UNKNOWN]] ∧[[ADDOP]] ([[OPEN]] *[[MULOP]] Φ[[UNKNOWN]] )[[CLOSE]] -[[ADDOP]] 3[[NUMBER]] d[[UNKNOWN]] Δ[[UNKNOWN]] ∧[[ADDOP]] v[[UNKNOWN]] ∧[[ADDOP]] [[[OPEN]] v[[UNKNOWN]] ⌟[[UNKNOWN]] ([[OPEN]] *[[MULOP]] Φ[[UNKNOWN]] )[[CLOSE]] ][[CLOSE]] -[[ADDOP]] 2[[NUMBER]] d[[UNKNOWN]] ξ[[UNKNOWN]] ∧[[ADDOP]] v[[UNKNOWN]] ∧[[ADDOP]] Φ[[UNKNOWN]] +[[ADDOP]] 3[[NUMBER]] G[[UNKNOWN]] ∧[[ADDOP]] v[[UNKNOWN]]
Warning:not_parsed:UNKNOWN>OPEN MathParser failed to match rule 'Anything'
	at 0303127.tex; line 1195 col 1 - line 1195 col 10
	In "$\displaystyle d(*\Phi)$"
	d[[UNKNOWN]]
	        > ([[OPEN]] *[[MULOP]] Φ[[UNKNOWN]] )[[CLOSE]]
Warning:not_parsed:UNKNOWN.UNKNOWN.ADDOP>OPEN MathParser failed to match rule 'Anything'
	at 0303127.tex; line 1195 col 11 - line 1199 col 11
	In "$\displaystyle=-2d\Delta\wedge(*\Phi)-3d\Delta\wedge v\wedge[v\,\lrcorner\,(*%
	\Phi)]-2d\xi\wedge v\wedge\Phi+3G\wedge v$"
	=[[RELOP]] -[[ADDOP]] 2[[NUMBER]] d[[UNKNOWN]] Δ[[UNKNOWN]] ∧[[ADDOP]]
	        > ([[OPEN]] *[[MULOP]] Φ[[UNKNOWN]] )[[CLOSE]] -[[ADDOP]] 3[[NUMBER]] d[[UNKNOWN]] Δ[[UNKNOWN]] ∧[[ADDOP]] v[[UNKNOWN]] ∧[[ADDOP]] [[[OPEN]] v[[UNKNOWN]] ⌟[[UNKNOWN]] ([[OPEN]] *[[MULOP]] Φ[[UNKNOWN]] )[[CLOSE]] ][[CLOSE]] -[[ADDOP]] 2[[NUMBER]] d[[UNKNOWN]] ξ[[UNKNOWN]] ∧[[ADDOP]] v[[UNKNOWN]] ∧[[ADDOP]] Φ[[UNKNOWN]] +[[ADDOP]] 3[[NUMBER]] G[[UNKNOWN]] ∧[[ADDOP]] v[[UNKNOWN]]
Warning:not_parsed:OPEN.UNKNOWN> MathParser failed to match rule 'Subscript'
	at 0303127.tex; line 1205 col 53 - line 1205 col 53
	In "$\displaystyle(X_{\bf 14})_{ab}=\frac{1}{2}\Phi_{abef}v^{e}Q^{f}+2v_{[a}Q_{b]}%
	-\frac{1}{2}\Phi_{abc}\hat{Q}^{c}_{\ e}v^{e}+\hat{Q}^{c}_{\ [a}\Phi_{b]ec}v^{e%
	}\ ,\@@ENDINLINEMATH"
	[[[OPEN]] a[[UNKNOWN]]
	        > 
Warning:not_parsed:UNKNOWN>CLOSE MathParser failed to match rule 'Subscript'
	at 0303127.tex; line 1205 col 0 - line 1205 col 59
	b[[UNKNOWN]]
	        > ][[CLOSE]]
Warning:not_parsed:OPEN.UNKNOWN> MathParser failed to match rule 'Subscript'
	at 0303127.tex; line 1206 col 54 - line 1206 col 54
	[[[OPEN]] a[[UNKNOWN]]
	        > 
Warning:not_parsed:UNKNOWN>CLOSE MathParser failed to match rule 'Subscript'
	at 0303127.tex; line 1206 col 65 - line 1206 col 65
	b[[UNKNOWN]]
	        > ][[CLOSE]] e[[UNKNOWN]] c[[UNKNOWN]]
Warning:not_parsed:OPEN.UNKNOWN> MathParser failed to match rule 'Subscript'
	at 0303127.tex; line 1205 col 53 - line 1205 col 53
	In "$\displaystyle=\frac{1}{2}\Phi_{abef}v^{e}Q^{f}+2v_{[a}Q_{b]}-\frac{1}{2}\Phi_%
	{abc}\hat{Q}^{c}_{\ e}v^{e}+\hat{Q}^{c}_{\ [a}\Phi_{b]ec}v^{e}\ ,$"
	[[[OPEN]] a[[UNKNOWN]]
	        > 
Warning:not_parsed:UNKNOWN>CLOSE MathParser failed to match rule 'Subscript'
	at 0303127.tex; line 1205 col 0 - line 1205 col 59
	b[[UNKNOWN]]
	        > ][[CLOSE]]
Warning:not_parsed:OPEN.UNKNOWN> MathParser failed to match rule 'Subscript'
	at 0303127.tex; line 1206 col 54 - line 1206 col 54
	[[[OPEN]] a[[UNKNOWN]]
	        > 
Warning:not_parsed:UNKNOWN>CLOSE MathParser failed to match rule 'Subscript'
	at 0303127.tex; line 1206 col 65 - line 1206 col 65
	b[[UNKNOWN]]
	        > ][[CLOSE]] e[[UNKNOWN]] c[[UNKNOWN]]
Warning:not_parsed:OPEN.UNKNOWN> MathParser failed to match rule 'Subscript'
	at 0303127.tex; line 1210 col 44 - line 1210 col 44
	In "$\displaystyle(X_{\bf 27})_{ab}=-4\left(\partial_{\{a}\xi v_{b\}}-\frac{1}{7}%
	\delta_{ab}(\partial_{c}\xi v^{c})\right)-Q_{\{a}v_{b\}}+\hat{Q}_{\{a}^{\ \ e}%
	\Phi_{b\}ec}v^{c}\ .\@@ENDINLINEMATH"
	\{[[OPEN]] a[[UNKNOWN]]
	        > 
Warning:not_parsed:UNKNOWN>CLOSE MathParser failed to match rule 'Subscript'
	at 0303127.tex; line 1211 col 7 - line 1211 col 7
	b[[UNKNOWN]]
	        > \}[[CLOSE]]
Warning:not_parsed:OPEN.UNKNOWN> MathParser failed to match rule 'Subscript'
	at 0303127.tex; line 1211 col 62 - line 1211 col 62
	\{[[OPEN]] a[[UNKNOWN]]
	        > 
Warning:not_parsed:UNKNOWN>CLOSE MathParser failed to match rule 'Subscript'
	at 0303127.tex; line 1211 col 69 - line 1211 col 69
	b[[UNKNOWN]]
	        > \}[[CLOSE]]
Warning:not_parsed:OPEN.UNKNOWN> MathParser failed to match rule 'Subscript'
	at 0303127.tex; line 1212 col 12 - line 1212 col 12
	\{[[OPEN]] a[[UNKNOWN]]
	        > 
Warning:not_parsed:UNKNOWN>CLOSE MathParser failed to match rule 'Subscript'
	at 0303127.tex; line 1212 col 33 - line 1212 col 33
	b[[UNKNOWN]]
	        > \}[[CLOSE]] e[[UNKNOWN]] c[[UNKNOWN]]
Warning:not_parsed:OPEN.UNKNOWN> MathParser failed to match rule 'Subscript'
	at 0303127.tex; line 1210 col 44 - line 1210 col 44
	In "$\displaystyle-4\left(\partial_{\{a}\xi v_{b\}}-\frac{1}{7}\delta_{ab}(%
	\partial_{c}\xi v^{c})\right)-Q_{\{a}v_{b\}}+\hat{Q}_{\{a}^{\ \ e}\Phi_{b\}ec}%
	v^{c}\ .$"
	\{[[OPEN]] a[[UNKNOWN]]
	        > 
Warning:not_parsed:UNKNOWN>CLOSE MathParser failed to match rule 'Subscript'
	at 0303127.tex; line 1211 col 7 - line 1211 col 7
	b[[UNKNOWN]]
	        > \}[[CLOSE]]
Warning:not_parsed:OPEN.UNKNOWN> MathParser failed to match rule 'Subscript'
	at 0303127.tex; line 1211 col 62 - line 1211 col 62
	\{[[OPEN]] a[[UNKNOWN]]
	        > 
Warning:not_parsed:UNKNOWN>CLOSE MathParser failed to match rule 'Subscript'
	at 0303127.tex; line 1211 col 69 - line 1211 col 69
	b[[UNKNOWN]]
	        > \}[[CLOSE]]
Warning:not_parsed:OPEN.UNKNOWN> MathParser failed to match rule 'Subscript'
	at 0303127.tex; line 1212 col 12 - line 1212 col 12
	\{[[OPEN]] a[[UNKNOWN]]
	        > 
Warning:not_parsed:UNKNOWN>CLOSE MathParser failed to match rule 'Subscript'
	at 0303127.tex; line 1212 col 33 - line 1212 col 33
	b[[UNKNOWN]]
	        > \}[[CLOSE]] e[[UNKNOWN]] c[[UNKNOWN]]
Warning:not_parsed:OPEN.UNKNOWN> MathParser failed to match rule 'Subscript'
	at 0303127.tex; line 1248 col 8 - line 1248 col 8
	In "\begin{equation}D_{\{a}\Xi_{b\}}=\frac{1}{3}Q\delta_{ab}-Q_{\{ab\}}\ .\end{equation}"
	\{[[OPEN]] a[[UNKNOWN]]
	        > 
Warning:not_parsed:UNKNOWN>CLOSE MathParser failed to match rule 'Subscript'
	at 0303127.tex; line 1248 col 18 - line 1248 col 18
	b[[UNKNOWN]]
	        > \}[[CLOSE]]
Warning:not_parsed:OPEN.UNKNOWN> MathParser failed to match rule 'Subscript'
	at 0303127.tex; line 1299 col 22 - line 1299 col 22
	In "$\hat{Q}^{c}_{\ [a}\Phi_{b]ec}v^{e}=0$"
	[[[OPEN]] a[[UNKNOWN]]
	        > 
Warning:not_parsed:UNKNOWN>CLOSE MathParser failed to match rule 'Subscript'
	at 0303127.tex; line 1299 col 33 - line 1299 col 33
	b[[UNKNOWN]]
	        > ][[CLOSE]] e[[UNKNOWN]] c[[UNKNOWN]]
 12.24 sec)
Math parsing succeeded:
   ltx:XMath: 533/573
   ltx:XMArg: 1025/1061
Symbols assumed as simple identifiers (with # of occurences):
   'A{italic}' (3), 'B{italic}' (6), 'C{italic}' (5), 'Delta' (92), 'D{italic}' (9), 'E{italic}' (3), 'F{italic}' (7), 'G{italic}' (76), 'Im' (3), 'I{blackboard}' (2), 'J{italic}' (17), 'K{italic}' (2), 'M{italic}' (1), 'N{caligraphic}' (10), 'N{italic}' (1), 'Omega' (7), 'Phi' (180), 'P{italic}' (2), 'Q{italic}' (47), 'Re' (5), 'R{italic}' (1), 'S{italic}' (1), 'T{italic}' (12), 'V{italic}' (1), 'Xi' (81), 'X{italic}' (20), 'Y{italic}' (23), 'Z{blackboard}' (1), 'Z{italic}' (4), 'alpha' (12), 'a{italic}' (187), 'beta' (9), 'b{italic}' (182), 'c{italic}' (111), 'delta' (19), 'd{italic}' (155), 'epsilon' (17), 'eta' (2), 'e{italic}' (154), 'f{italic}' (8), 'gamma' (89), 'g{italic}' (4), 'i{italic}' (101), 'k{italic}' (3), 'lrcorner' (65), 'mu' (14), 'm{italic}' (5), 'nu' (5), 'n{italic}' (12), 'omega' (2), 'phi' (2), 'pi' (2), 'psi' (29), 'p{italic}' (4), 'q{italic}' (10), 'rho' (4), 'sigma' (4), 's{italic}' (6), 'vartheta' (156), 'v{italic}' (199), 'xi' (39), 'x{italic}' (8)
Set MATHPARSER_SPECULATE to speculate on possible notations.
(Finalizing... 1.76 sec)
Conversion complete 76 warnings (See /home/user/latex-in-arxiv/0303127.latexml.log) (reqd. 34.10s)
