latexml (LaTeXML version 0.8.6) processing 2003/0303029.tex
(Digesting TeX 0303029...
(Loading /usr/share/perl5/LaTeXML/Package/TeX.pool.ltxml...
(Loading /usr/share/perl5/LaTeXML/Package/eTeX.pool.ltxml... 0.01 sec)
(Loading /usr/share/perl5/LaTeXML/Package/pdfTeX.pool.ltxml... 0.01 sec) 0.20 sec)
(Processing content /home/user/latex-in-arxiv/2003/0303029.tex...
(Loading /usr/share/perl5/LaTeXML/Package/LaTeX.pool.ltxml...
(Loading /usr/share/perl5/LaTeXML/Package/textcomp.sty.ltxml...
(Processing definitions /usr/share/texlive/texmf-dist/tex/latex-dev/base/ts1enc.dfu... 0.04 sec) 1.77 sec) 2.04 sec)
(Loading /usr/share/perl5/LaTeXML/Package/revtex4.cls.ltxml...
(Loading /usr/share/perl5/LaTeXML/Package/article.cls.ltxml...
Error:undefined:\parprd The token T_CS[\parprd] is not defined.
	at article.cls.ltxml; line 36
	Defining it now as <ltx:ERROR/>
	Input is empty
	In Core::Gullet[@0x55d794a06890] /usr/share/perl5/LaTeXML/Package/article.cls.ltxml; line 36
	 <= Core::Definition::Primitive[\OptionNo... <= Core::Stomach[@0x55d79220e378] <= Core::Gullet[@0x55d794a06890] <= ...
 0.02 sec)
(Loading /usr/share/perl5/LaTeXML/Package/revtex4_support.sty.ltxml...
(Loading /usr/share/perl5/LaTeXML/Package/hyperref.sty.ltxml...
(Loading /usr/share/perl5/LaTeXML/Package/keyval.sty.ltxml...
(Processing definitions /usr/share/texlive/texmf-dist/tex/latex-dev/graphics/keyval.sty... 0.03 sec) 0.03 sec)
(Loading /usr/share/perl5/LaTeXML/Package/nameref.sty.ltxml... 0.00 sec)
(Loading /usr/share/perl5/LaTeXML/Package/url.sty.ltxml... 0.00 sec) 0.12 sec)
(Loading /usr/share/perl5/LaTeXML/Package/natbib.sty.ltxml... 0.03 sec)
(Loading /usr/share/perl5/LaTeXML/Package/revsymb.sty.ltxml... 0.01 sec)
(Loading /usr/share/perl5/LaTeXML/Package/longtable.sty.ltxml... 0.00 sec)
(Loading /usr/share/perl5/LaTeXML/Package/dcolumn.sty.ltxml...
(Loading /usr/share/perl5/LaTeXML/Package/array.sty.ltxml... 0.00 sec) 0.01 sec) 0.24 sec)
(Loading /usr/share/perl5/LaTeXML/Package/amssymb.sty.ltxml...
(Loading /usr/share/perl5/LaTeXML/Package/amsfonts.sty.ltxml... 0.00 sec) 0.03 sec) 0.83 sec)
(Loading /usr/share/perl5/LaTeXML/Package/amsmath.sty.ltxml...
(Loading /usr/share/perl5/LaTeXML/Package/amsbsy.sty.ltxml...
(Loading /usr/share/perl5/LaTeXML/Package/amsgen.sty.ltxml... 0.01 sec) 0.02 sec)
(Loading /usr/share/perl5/LaTeXML/Package/amstext.sty.ltxml... 0.01 sec)
(Loading /usr/share/perl5/LaTeXML/Package/amsopn.sty.ltxml... 0.01 sec) 0.09 sec)
(Loading /usr/share/perl5/LaTeXML/Package/graphicx.sty.ltxml...
(Loading /usr/share/perl5/LaTeXML/Package/graphics.sty.ltxml... 0.01 sec) 0.04 sec)
(Loading /usr/share/perl5/LaTeXML/Package/epsf.tex.ltxml...
(Loading /usr/share/perl5/LaTeXML/Package/epsf.sty.ltxml... 0.01 sec) 0.02 sec)
Info:unexpected:options Unused global options: \parprd
	at 0303029.tex; line 46 col 0 - line 46 col 16
 10.43 sec) 10.72 sec)
(Building...
(Loading compiled schema /usr/share/perl5/LaTeXML/resources/RelaxNG/LaTeXML.model... 0.02 sec)
Warning:unexpected:eqnarray Unrecognized equation patterns (1) in eqnarray
	at 0303029.tex; line 393 col 10 - line 393 col 10
	In Core::Definition::Constructor[\@@eqna... /usr/share/perl5/LaTeXML/Package/LaTeX.pool.ltxml; line 2290
 7.54 sec)
(Rewriting... 0.11 sec)
(Math Parsing 293 formulae ......
Warning:not_parsed:ATOM.ID.ATOM>RELOP MathParser failed to match rule 'Anything'
	at 0303029.tex; line 394 col 7 - line 394 col 7
	In "$\displaystyle\beta_{n}-{\alpha_{n-1}\gamma_{n}\over\beta_{n-1}-}{\alpha_{n-2}%
	\gamma_{n-1}\over\beta_{n-2}-}\dots\alpha_{0}\gamma_{1}\over\beta_{0}=={\alpha%
	_{n}\gamma_{n+1}\over\beta_{n+1}-}{\alpha_{n+1}\gamma_{n+2}\over\beta_{n+2}-}%
	\dots\qquad(n=1,2,\dots).\@@ENDINLINEMATH"
	β[[UNKNOWN]] _{n}[[POSTSUBSCRIPT]] -[[ADDOP]] \alpha_{n-1}\gamma_{n}\over\beta_{n-1}-[[UNKNOWN]] \alpha_{n-2}\gamma_{n-1}\over\beta_{n-2}-[[UNKNOWN]] …[[ID]] \alpha_{0}\gamma_{1}\over\beta_{0}[[UNKNOWN]]
	        > =[[RELOP]] =[[RELOP]] \alpha_{n}\gamma_{n+1}\over\beta_{n+1}-[[UNKNOWN]] \alpha_{n+1}\gamma_{n+2}\over\beta_{n+2}-[[UNKNOWN]] …[[ID]] $\displaystyle\beta_{n}-{\alpha_{n-1}\gamma_{n}\over\beta_{n-1}-}{\alpha_{n-2}\gamma_{n-1}\over\beta_{n-2}-}\dots\alpha_{0}\gamma_{1}\over\beta_{0}=={\alpha_{n}\gamma_{n+1}\over\beta_{n+1}-}{\alpha_{n+1}\gamma_{n+2}\over\beta_{n+2}-}\dots\qquad(n=1,2,\dots).\@@ENDINLINEMATH[[PUNCT]] ([[OPEN]] n[[UNKNOWN]] =[[RELOP]] 1[[NUMBER]] ,[[PUNCT]] 2[[NUMBER]] ,[[PUNCT]] …[[ID]] )[[CLOSE]]
Warning:not_parsed:>PUNCT MathParser failed to match rule 'Subscript'
	at 0303029.tex; line 446 col 0 - line 446 col 12
	In "\begin{equation}\left[(1-u^{2})S_{lm,u}\right]_{,u}+\left[(a\omega u)^{2}-2a%
	\omega su+s+A_{lm}-{(m+su)^{2}\over 1-u^{2}}\right]S_{lm}=0,\end{equation}"
	> ,[[PUNCT]] u[[UNKNOWN]]
Warning:not_parsed:>OPEN MathParser failed to match rule 'Anything'
	at 0303029.tex; line 458 col 0 - line 463 col 1
	In "$\displaystyle\left\{\left[(r^{2}+a^{2})^{2}\omega^{2}-2am\omega r+a^{2}m^{2}+%
	is(am(2r-1)-\omega(r^{2}-a^{2}))\right]\Delta^{-1}\right.$"
	> \left\{[[OPEN]] \left[[[OPEN]] ([[OPEN]] r[[UNKNOWN]] ^{2}[[POSTSUPERSCRIPT]] +[[ADDOP]] a[[UNKNOWN]] ^{2}[[POSTSUPERSCRIPT]] )[[CLOSE]] ^{2}[[POSTSUPERSCRIPT]] ω[[UNKNOWN]] ^{2}[[POSTSUPERSCRIPT]] -[[ADDOP]] 2[[NUMBER]] a[[UNKNOWN]] m[[UNKNOWN]] ω[[UNKNOWN]] r[[UNKNOWN]] +[[ADDOP]] a[[UNKNOWN]] ^{2}[[POSTSUPERSCRIPT]] m[[UNKNOWN]] ^{2}[[POSTSUPERSCRIPT]] +[[ADDOP]] i[[UNKNOWN]] s[[UNKNOWN]] ([[OPEN]] a[[UNKNOWN]] m[[UNKNOWN]] ([[OPEN]] 2[[NUMBER]] r[[UNKNOWN]] -[[ADDOP]] 1[[NUMBER]] )[[CLOSE]] -[[ADDOP]] ω[[UNKNOWN]] ([[OPEN]] r[[UNKNOWN]] ^{2}[[POSTSUPERSCRIPT]] -[[ADDOP]] a[[UNKNOWN]] ^{2}[[POSTSUPERSCRIPT]] )[[CLOSE]] )[[CLOSE]] \right][[CLOSE]] Δ[[UNKNOWN]] ^{-1}[[POSTSUPERSCRIPT]]
Warning:not_parsed:UNKNOWN.POSTSUBSCRIPT.CLOSE>CLOSE MathParser failed to match rule 'Anything'
	at 0303029.tex; line 464 col 0 - line 469 col 4
	In "$\displaystyle\left.\left[2is\omega r-a^{2}\omega^{2}-A_{lm}\right]\right\}.$"
	\left[[[OPEN]] 2[[NUMBER]] i[[UNKNOWN]] s[[UNKNOWN]] ω[[UNKNOWN]] r[[UNKNOWN]] -[[ADDOP]] a[[UNKNOWN]] ^{2}[[POSTSUPERSCRIPT]] ω[[UNKNOWN]] ^{2}[[POSTSUPERSCRIPT]] -[[ADDOP]] A[[UNKNOWN]] _{lm}[[POSTSUBSCRIPT]] \right][[CLOSE]]
	        > \right\}[[CLOSE]]
 8.64 sec)
Math parsing succeeded:
   ltx:XMArg: 316/317
   ltx:XMath: 290/293
Symbols assumed as simple identifiers (with # of occurences):
   'A{italic}' (12), 'C{italic}' (7), 'Delta' (10), 'E{italic}' (2), 'Gamma' (1), 'G{italic}' (1), 'J{italic}' (2), 'K{italic}' (1), 'M{italic}' (14), 'N{italic}' (6), 'Omega' (6), 'O{caligraphic}' (1), 'Q{italic}' (10), 'R{italic}' (9), 'S{italic}' (4), 'T{italic}' (6), 'V{italic}' (6), 'Z{italic}' (2), 'alpha' (20), 'a{italic}' (49), 'beta' (29), 'b{italic}' (3), 'c{italic}' (1), 'delta' (2), 'd{italic}' (4), 'ell' (1), 'e{italic}' (3), 'gamma' (18), 'i{italic}' (12), 'j{italic}' (4), 'k{italic}' (19), 'lambda' (11), 'l{italic}' (45), 'm{italic}' (51), 'n{italic}' (74), 'omega' (54), 'pi' (10), 'rho' (5), 'r{italic}' (38), 's{italic}' (23), 'theta' (1), 'u{italic}' (9)
Set MATHPARSER_SPECULATE to speculate on possible notations.
(Finalizing... 0.66 sec)
Conversion complete 5 warnings; 1 error; 1 undefined macro[\parprd] (See /home/user/latex-in-arxiv/0303029.latexml.log) (reqd. 28.37s)
