latexml (LaTeXML version 0.8.6) processing 2003/0303019.tex
(Digesting TeX 0303019...
(Loading /usr/share/perl5/LaTeXML/Package/TeX.pool.ltxml...
(Loading /usr/share/perl5/LaTeXML/Package/eTeX.pool.ltxml... 0.01 sec)
(Loading /usr/share/perl5/LaTeXML/Package/pdfTeX.pool.ltxml... 0.01 sec) 0.22 sec)
(Processing content /home/user/latex-in-arxiv/2003/0303019.tex...
(Loading /usr/share/perl5/LaTeXML/Package/LaTeX.pool.ltxml...
(Loading /usr/share/perl5/LaTeXML/Package/textcomp.sty.ltxml...
(Processing definitions /usr/share/texlive/texmf-dist/tex/latex-dev/base/ts1enc.dfu... 0.04 sec) 1.89 sec) 2.21 sec)
(Loading /usr/share/perl5/LaTeXML/Package/revtex4.cls.ltxml...
(Loading /usr/share/perl5/LaTeXML/Package/article.cls.ltxml... 0.02 sec)
(Loading /usr/share/perl5/LaTeXML/Package/revtex4_support.sty.ltxml...
(Loading /usr/share/perl5/LaTeXML/Package/hyperref.sty.ltxml...
(Loading /usr/share/perl5/LaTeXML/Package/keyval.sty.ltxml...
(Processing definitions /usr/share/texlive/texmf-dist/tex/latex-dev/graphics/keyval.sty... 0.03 sec) 0.03 sec)
(Loading /usr/share/perl5/LaTeXML/Package/nameref.sty.ltxml... 0.00 sec)
(Loading /usr/share/perl5/LaTeXML/Package/url.sty.ltxml... 0.00 sec) 0.12 sec)
(Loading /usr/share/perl5/LaTeXML/Package/natbib.sty.ltxml... 0.03 sec)
(Loading /usr/share/perl5/LaTeXML/Package/revsymb.sty.ltxml... 0.01 sec)
(Loading /usr/share/perl5/LaTeXML/Package/longtable.sty.ltxml... 0.00 sec)
(Loading /usr/share/perl5/LaTeXML/Package/dcolumn.sty.ltxml...
(Loading /usr/share/perl5/LaTeXML/Package/array.sty.ltxml... 0.00 sec) 0.01 sec) 0.24 sec) 0.76 sec)
(Loading /usr/share/perl5/LaTeXML/Package/graphicx.sty.ltxml...
(Loading /usr/share/perl5/LaTeXML/Package/graphics.sty.ltxml... 0.01 sec) 0.05 sec)
(Loading /usr/share/perl5/LaTeXML/Package/caption.sty.ltxml... 0.01 sec)
(Loading /usr/share/perl5/LaTeXML/Package/amsmath.sty.ltxml...
(Loading /usr/share/perl5/LaTeXML/Package/amsbsy.sty.ltxml...
(Loading /usr/share/perl5/LaTeXML/Package/amsgen.sty.ltxml... 0.01 sec) 0.02 sec)
(Loading /usr/share/perl5/LaTeXML/Package/amstext.sty.ltxml... 0.01 sec)
(Loading /usr/share/perl5/LaTeXML/Package/amsopn.sty.ltxml... 0.02 sec) 0.09 sec)
(Loading /usr/share/perl5/LaTeXML/Package/amssymb.sty.ltxml...
(Loading /usr/share/perl5/LaTeXML/Package/amsfonts.sty.ltxml... 0.00 sec) 0.03 sec) 11.71 sec) 11.99 sec)
(Building...
(Loading compiled schema /usr/share/perl5/LaTeXML/resources/RelaxNG/LaTeXML.model... 0.02 sec)
Warning:unexpected:ltx:para Don't know how to synthesize equation with ltx:para in column
	at 0303019.tex; line 354 col 5 - line 354 col 5
	In Core::Definition::Constructor[\@@eqna... /usr/share/perl5/LaTeXML/Package/LaTeX.pool.ltxml; line 2290
 10.50 sec)
(Rewriting... 0.33 sec)
(Math Parsing 506 formulae ......
Warning:not_parsed:ATOM.ADDOP.NUMBER>OPEN MathParser failed to match rule 'Anything'
	at 0303019.tex; line 415 col 35 - line 418 col 1
	In "$\displaystyle 2\overline{y_{n}}+2\Big{[}-3H\overline{(\nabla^{n}x)(\nabla^{n}%
	\dot{x})}+\frac{1}{a^{2}}\overline{(\nabla^{n}x)(\nabla^{n+2}x)}$"
	2[[NUMBER]] \overline{y_{n}}[[UNKNOWN]] +[[ADDOP]] 2[[NUMBER]]
	        > [[[OPEN]] -[[ADDOP]] 3[[NUMBER]] H[[UNKNOWN]] \overline{(\nabla^{n}x)(\nabla^{n}\dot{x})}[[UNKNOWN]] +[[ADDOP]] \frac{1}{a^{2}}[[UNKNOWN]] \overline{(\nabla^{n}x)(\nabla^{n+2}x)}[[UNKNOWN]]
Warning:not_parsed:POSTSUPERSCRIPT.CLOSE.ATOM>CLOSE MathParser failed to match rule 'Anything'
	at 0303019.tex; line 418 col 3 - line 420 col 9
	In "$\displaystyle-(\alpha\varphi_{\text{h}}^{2}+m_{\chi}^{2})\overline{(\nabla^{n%
	}x)(\nabla^{n}x)}\Big{]}$"
	-[[ADDOP]] ([[OPEN]] α[[UNKNOWN]] φ[[UNKNOWN]] _{\text{h}}[[POSTSUBSCRIPT]] ^{2}[[POSTSUPERSCRIPT]] +[[ADDOP]] m[[UNKNOWN]] _{\chi}[[POSTSUBSCRIPT]] ^{2}[[POSTSUPERSCRIPT]] )[[CLOSE]] \overline{(\nabla^{n}x)(\nabla^{n}x)}[[UNKNOWN]]
	        > ][[CLOSE]]
 16.72 sec)
Math parsing succeeded:
   ltx:XMath: 504/506
   ltx:XMArg: 1698/1698
Symbols assumed as simple identifiers (with # of occurences):
   'Delta' (3), 'H{italic}' (77), 'L{caligraphic}' (2), 'Phi' (55), 'U{italic}' (14), 'V{italic}' (75), 'X{italic}' (31), 'Z{italic}' (5), 'alpha' (77), 'a{italic}' (65), 'beta' (3), 'chi' (96), 'd{italic}' (11), 'epsilon' (10), 'f{italic}' (1), 'gamma' (18), 'k{italic}' (4), 'lambda' (39), 'm{italic}' (53), 'nu' (3), 'n{italic}' (19), 'omega' (15), 'phi' (1), 'pi' (8), 'p{italic}' (46), 'rho' (164), 'tau' (41), 't{italic}' (78), 'varepsilon' (4), 'varphi' (150), 'varrho' (2), 'x{italic}' (91), 'y{italic}' (39)
Set MATHPARSER_SPECULATE to speculate on possible notations.
(Finalizing... 1.13 sec)
Conversion complete 3 warnings (See /home/user/latex-in-arxiv/0303019.latexml.log) (reqd. 41.77s)
