latexml (LaTeXML version 0.8.6) processing 2003/0303090.tex
(Digesting TeX 0303090...
(Loading /usr/share/perl5/LaTeXML/Package/TeX.pool.ltxml...
(Loading /usr/share/perl5/LaTeXML/Package/eTeX.pool.ltxml... 0.01 sec)
(Loading /usr/share/perl5/LaTeXML/Package/pdfTeX.pool.ltxml... 0.01 sec) 0.24 sec)
(Processing content /home/user/latex-in-arxiv/2003/0303090.tex...
(Loading /usr/share/perl5/LaTeXML/Package/LaTeX.pool.ltxml...
(Loading /usr/share/perl5/LaTeXML/Package/textcomp.sty.ltxml...
(Processing definitions /usr/share/texlive/texmf-dist/tex/latex-dev/base/ts1enc.dfu... 0.03 sec) 1.11 sec) 1.46 sec)
(Loading /usr/share/perl5/LaTeXML/Package/article.cls.ltxml... 0.01 sec)
(Loading /usr/share/perl5/LaTeXML/Package/amsmath.sty.ltxml...
(Loading /usr/share/perl5/LaTeXML/Package/amsbsy.sty.ltxml...
(Loading /usr/share/perl5/LaTeXML/Package/amsgen.sty.ltxml... 0.00 sec) 0.01 sec)
(Loading /usr/share/perl5/LaTeXML/Package/amstext.sty.ltxml... 0.01 sec)
(Loading /usr/share/perl5/LaTeXML/Package/amsopn.sty.ltxml... 0.01 sec) 0.05 sec)
Warning:unexpected:\end{document} Attempt to end document with open groups, environments or conditionals
	at 0303090.tex; line 429 col 0 - line 429 col 14
	Group opened by \begingroup 0303090.tex; line 366 col 40 - line 366 col 40
	In Core::Definition::Constructor[\end{do... /usr/share/perl5/LaTeXML/Package/LaTeX.pool.ltxml; line 395
 3.24 sec) 3.49 sec)
(Building...
(Loading compiled schema /usr/share/perl5/LaTeXML/resources/RelaxNG/LaTeXML.model... 0.01 sec) 1.61 sec)
(Rewriting... 0.05 sec)
(Math Parsing 101 formulae ......
Warning:not_parsed:ADDOP.UNKNOWN.POSTSUPERSCRIPT>OPEN MathParser failed to match rule 'Anything'
	at 0303090.tex; line 102 col 15 - line 102 col 58
	In "$\partial_{z}=-\theta^{-1}\left[\bar{z},\ \right]$"
	∂[[OPERATOR]] _{z}[[POSTSUBSCRIPT]] =[[RELOP]] -[[ADDOP]] θ[[UNKNOWN]] ^{-1}[[POSTSUPERSCRIPT]]
	        > \left[[[OPEN]] \bar{z}[[UNKNOWN]] ,[[PUNCT]] \right][[CLOSE]]
Warning:not_parsed:RELOP.UNKNOWN.POSTSUPERSCRIPT>OPEN MathParser failed to match rule 'Anything'
	at 0303090.tex; line 103 col 9 - line 103 col 51
	In "$\partial_{\bar{z}}=\theta^{-1}\left[z,\ \right]$"
	∂[[OPERATOR]] _{\bar{z}}[[POSTSUBSCRIPT]] =[[RELOP]] θ[[UNKNOWN]] ^{-1}[[POSTSUPERSCRIPT]]
	        > \left[[[OPEN]] z[[UNKNOWN]] ,[[PUNCT]] \right][[CLOSE]]
 5.95 sec)
Math parsing succeeded:
   ltx:XMath: 99/101
   ltx:XMArg: 307/307
Symbols assumed as simple identifiers (with # of occurences):
   'A{italic}' (2), 'CP{italic}' (3), 'C{italic}' (8), 'D{italic}' (10), 'E{italic}' (6), 'L{italic}' (1), 'O{caligraphic}' (2), 'Phi' (47), 'P{italic}' (27), 'Q{italic}' (11), 'R{italic}' (1), 'Tr' (4), 'W{italic}' (7), 'a{italic}' (6), 'e{italic}' (3), 'i{italic}' (8), 'k{italic}' (6), 'l{italic}' (48), 'm{italic}' (33), 'n{italic}' (60), 'pi' (12), 'theta' (41), 't{italic}' (1), 'varphi' (3), 'x{italic}' (3), 'y{italic}' (3), 'z{italic}' (37)
Set MATHPARSER_SPECULATE to speculate on possible notations.
(Finalizing... 0.34 sec)
Conversion complete 3 warnings (See /home/user/latex-in-arxiv/0303090.latexml.log) (reqd. 11.78s)
