latexml (LaTeXML version 0.8.6) processing 2003/0303065.tex
(Digesting TeX 0303065...
(Loading /usr/share/perl5/LaTeXML/Package/TeX.pool.ltxml...
(Loading /usr/share/perl5/LaTeXML/Package/eTeX.pool.ltxml... 0.01 sec)
(Loading /usr/share/perl5/LaTeXML/Package/pdfTeX.pool.ltxml... 0.01 sec) 0.18 sec)
(Processing content /home/user/latex-in-arxiv/2003/0303065.tex...
(Loading /usr/share/perl5/LaTeXML/Package/LaTeX.pool.ltxml...
(Loading /usr/share/perl5/LaTeXML/Package/textcomp.sty.ltxml...
(Processing definitions /usr/share/texlive/texmf-dist/tex/latex-dev/base/ts1enc.dfu... 0.03 sec) 1.41 sec) 1.68 sec)
(Loading /usr/share/perl5/LaTeXML/Package/JHEP.cls.ltxml...
(Loading /usr/share/perl5/LaTeXML/Package/article.cls.ltxml... 0.01 sec)
(Loading /usr/share/perl5/LaTeXML/Package/amssymb.sty.ltxml...
(Loading /usr/share/perl5/LaTeXML/Package/amsfonts.sty.ltxml... 0.00 sec) 0.02 sec)
(Loading /usr/share/perl5/LaTeXML/Package/floatflt.sty.ltxml... 0.01 sec) 0.08 sec)
(Loading /usr/share/perl5/LaTeXML/Package/rotating.sty.ltxml...
(Loading /usr/share/perl5/LaTeXML/Package/graphicx.sty.ltxml...
(Loading /usr/share/perl5/LaTeXML/Package/graphics.sty.ltxml... 0.01 sec) 0.03 sec) 0.04 sec)
Info:unexpected:JHEP Unknown bibstyle 'JHEP', it will be ignored
	at 0303065.tex; line 2248 col 0 - line 2248 col 24
 21.20 sec) 21.54 sec)
(Building...
(Loading compiled schema /usr/share/perl5/LaTeXML/resources/RelaxNG/LaTeXML.model... 0.01 sec)
Error:malformed:ltx:equation <ltx:equation> isn't allowed in <ltx:personname>
	at 0303065.tex; line 84 col 0 - line 84 col 1
	Currently in XMLDocument[94128392147824]<ltx:document _box="LaTeXML::Core::Whatsit=HASH(0x..." _font="Font[serif,medium,upright,10,b..." _ID_counter_m_="5" xmlns="http://dlmf.nist.gov/LaTeXML">...<ltx:creator _font="Font[serif,medium,upright,10,b..." role="author" _box="LaTeXML::Core::Box=HASH(0x559b...">...<ltx:personname _box="LaTeXML::Core::Whatsit=HASH(0x..." _font="Font[serif,medium,upright,10,b...">...
	In Core::Document[@0x559be9888810] /home/user/latex-in-arxiv/2003/0303065.tex; from line 84 col 0 to line 84 col 1
	 <= Core::Definition::Constructor[$$] <= Whatsit[\@@BEGINDISPLAYMATH,Whatsit[\... <= Core::Document[@0x559be9888810] <= ...
Info:malformed:id Duplicated attribute xml:id
	at 0303065.tex; line 248 col 1 - line 248 col 1
	Using id='S2.E17a' on <ltx:XMRow _box="Alignment[]" _font="Font[math,medium,italic,10,bla..."/>
	id='S2.E17' already set on <ltx:equation _box="LaTeXML::Core::Alignment=HASH(..." _font="Font[serif,medium,upright,10,b..." xml:id="S2.E17" _ID_counter_m_="3">...
Info:malformed:id Duplicated attribute xml:id
	at 0303065.tex; line 252 col 2 - line 252 col 2
	Using id='S2.E20a' on <ltx:XMRow _box="Alignment[]" _font="Font[math,medium,italic,10,bla..."/>
	id='S2.E20' already set on <ltx:equation _box="LaTeXML::Core::Alignment=HASH(..." _font="Font[serif,medium,upright,10,b..." xml:id="S2.E20" _ID_counter_m_="3">...
Info:malformed:id Duplicated attribute xml:id
	at 0303065.tex; line 528 col 1 - line 528 col 1
	Using id='S3.E43a' on <ltx:XMRow _box="Alignment[]" _font="Font[math,medium,italic,10,bla..."/>
	id='S3.E43' already set on <ltx:equation _box="LaTeXML::Core::Alignment=HASH(..." _font="Font[serif,medium,upright,10,b..." xml:id="S3.E43" _ID_counter_m_="3">...
Info:malformed:id Duplicated attribute xml:id
	at 0303065.tex; line 533 col 10 - line 533 col 10
	Using id='S3.E48a' on <ltx:XMRow _box="Alignment[]" _font="Font[math,medium,italic,10,bla..."/>
	id='S3.E48' already set on <ltx:equation _box="LaTeXML::Core::Alignment=HASH(..." _font="Font[serif,medium,upright,10,b..." xml:id="S3.E48" _ID_counter_m_="3">...
Warning:unexpected:eqnarray Unrecognized equation patterns (1) in eqnarray
	at 0303065.tex; line 2099 col 1 - line 2099 col 1
	In Core::Definition::Constructor[\@@eqna... /usr/share/perl5/LaTeXML/Package/LaTeX.pool.ltxml; line 2290
 29.14 sec)
(Rewriting... 1.10 sec)
(Math Parsing 2365 formulae ......
Warning:not_parsed:UNKNOWN>RELOP MathParser failed to match rule 'Anything'
	at 0303065.tex; line 209 col 108 - line 213 col 3
	In "\begin{equation}\Phi=[\lambda_{1}I_{N_{1}},\lambda_{2}I_{N_{2}},....,\lambda_{%
	s}I_{N_{s}}],~{}~{}~{}\sum_{i=1}^{s}N_{i}=N.\end{equation}"
	Φ[[UNKNOWN]]
	        > =[[RELOP]] [[[OPEN]] λ[[UNKNOWN]] _{1}[[POSTSUBSCRIPT]] I[[UNKNOWN]] _{N_{1}}[[POSTSUBSCRIPT]] ,[[PUNCT]] λ[[UNKNOWN]] _{2}[[POSTSUBSCRIPT]] I[[UNKNOWN]] _{N_{2}}[[POSTSUBSCRIPT]] ,[[PUNCT]] ...[[ID]] .[[PERIOD]] ,[[PUNCT]] λ[[UNKNOWN]] _{s}[[POSTSUBSCRIPT]] I[[UNKNOWN]] _{N_{s}}[[POSTSUBSCRIPT]] ][[CLOSE]] ,[[PUNCT]] ∑[[SUMOP]] _{i=1}[[POSTSUBSCRIPT]] ^{s}[[POSTSUPERSCRIPT]] N[[UNKNOWN]] _{i}[[POSTSUBSCRIPT]] =[[RELOP]] N[[UNKNOWN]]
Warning:not_parsed:NUMBER.PUNCT.ID>PERIOD MathParser failed to match rule 'Anything'
	at 0303065.tex; line 232 col 1 - line 232 col 1
	In "$\displaystyle{-1\over\sqrt{2}}W^{\prime}(-m_{u})\delta_{a}^{b}=(Q_{u})^{i}_{a%
	}(\widetilde{Q}_{u})^{b}_{i},~{}~{}~{}~{}~{}~{}u=1,....,h\@@ENDINLINEMATH"
	-1\over\sqrt{2}[[UNKNOWN]] W[[UNKNOWN]] ^{\prime}[[POSTSUPERSCRIPT]] ([[OPEN]] -[[ADDOP]] m[[UNKNOWN]] _{u}[[POSTSUBSCRIPT]] )[[CLOSE]] δ[[UNKNOWN]] _{a}[[POSTSUBSCRIPT]] ^{b}[[POSTSUPERSCRIPT]] =[[RELOP]] ([[OPEN]] Q[[UNKNOWN]] _{u}[[POSTSUBSCRIPT]] )[[CLOSE]] ^{i}[[POSTSUPERSCRIPT]] _{a}[[POSTSUBSCRIPT]] ([[OPEN]] \widetilde{Q}[[UNKNOWN]] _{u}[[POSTSUBSCRIPT]] )[[CLOSE]] ^{b}[[POSTSUPERSCRIPT]] _{i}[[POSTSUBSCRIPT]] ,[[PUNCT]] u[[UNKNOWN]] =[[RELOP]] 1[[NUMBER]] ,[[PUNCT]] ...[[ID]]
	        > .[[PERIOD]] ,[[PUNCT]] h[[UNKNOWN]]
Warning:not_parsed:NUMBER.PUNCT.ID>PERIOD MathParser failed to match rule 'Anything'
	at 0303065.tex; line 233 col 3 - line 234 col 1
	In "$\displaystyle(Q_{u})^{i}_{a}(\widetilde{Q}_{u})^{b}_{i},~{}~{}~{}~{}~{}~{}u=1%
	,....,h$"
	([[OPEN]] Q[[UNKNOWN]] _{u}[[POSTSUBSCRIPT]] )[[CLOSE]] ^{i}[[POSTSUPERSCRIPT]] _{a}[[POSTSUBSCRIPT]] ([[OPEN]] \widetilde{Q}[[UNKNOWN]] _{u}[[POSTSUBSCRIPT]] )[[CLOSE]] ^{b}[[POSTSUPERSCRIPT]] _{i}[[POSTSUBSCRIPT]] ,[[PUNCT]] u[[UNKNOWN]] =[[RELOP]] 1[[NUMBER]] ,[[PUNCT]] ...[[ID]]
	        > .[[PERIOD]] ,[[PUNCT]] h[[UNKNOWN]]
Warning:not_parsed:UNKNOWN>PUNCT MathParser failed to match rule 'Anything'
	at 0303065.tex; line 366 col 42 - line 366 col 42
	In "$\displaystyle M=\mathop{\rm diag}\Bigl{(}\alpha_{1},\dots\alpha_{1},\alpha_{2%
	},\alpha_{2}\dots\alpha_{2}\Bigr{)}.~{}~{}~{}~{}~{}~{}~{}\underbrace{~{}~{}~{}%
	~{}r~{}~{}~{}~{}}~{}~{}~{}~{}~{}~{}\underbrace{M_{i}-r}\@@ENDINLINEMATH"
	r[[UNKNOWN]]
	        > \underbrace{~{}~{}~{}~{}r~{}~{}~{}~{}}[[PUNCT]]
Warning:not_parsed:UNKNOWN.POSTSUBSCRIPT.CLOSE>PERIOD MathParser failed to match rule 'Anything'
	at 0303065.tex; line 365 col 1 - line 365 col 1
	M[[UNKNOWN]] =[[RELOP]] diag[[BIGOP]] ([[OPEN]] α[[UNKNOWN]] _{1}[[POSTSUBSCRIPT]] ,[[PUNCT]] \dots[[ID]] α[[UNKNOWN]] _{1}[[POSTSUBSCRIPT]] ,[[PUNCT]] α[[UNKNOWN]] _{2}[[POSTSUBSCRIPT]] ,[[PUNCT]] α[[UNKNOWN]] _{2}[[POSTSUBSCRIPT]] \dots[[ID]] α[[UNKNOWN]] _{2}[[POSTSUBSCRIPT]] )[[CLOSE]]
	        > .[[PERIOD]] $\displaystyleM=\mathop{\rmdiag}\Bigl{(}\alpha_{1},\dots\alpha_{1},\alpha_{2},\alpha_{2}\dots\alpha_{2}\Bigr{)}.~{}~{}~{}~{}~{}~{}~{}\underbrace{~{}~{}~{}~{}r~{}~{}~{}~{}}~{}~{}~{}~{}~{}~{}\underbrace{M_{i}-r}\@@ENDINLINEMATH[[PUNCT]] \underbrace{~{}~{}~{}~{}r~{}~{}~{}~{}}[[UNKNOWN]] $\displaystyleM=\mathop{\rmdiag}\Bigl{(}\alpha_{1},\dots\alpha_{1},\alpha_{2},\alpha_{2}\dots\alpha_{2}\Bigr{)}.~{}~{}~{}~{}~{}~{}~{}\underbrace{~{}~{}~{}~{}r~{}~{}~{}~{}}~{}~{}~{}~{}~{}~{}\underbrace{M_{i}-r}\@@ENDINLINEMATH[[PUNCT]] \underbrace{M_{i}-r}[[UNKNOWN]]
Warning:not_parsed:UNKNOWN>PUNCT MathParser failed to match rule 'Anything'
	at 0303065.tex; line 366 col 42 - line 366 col 42
	In "$\displaystyle~{}~{}~{}~{}~{}~{}~{}\underbrace{~{}~{}~{}~{}r~{}~{}~{}~{}}~{}~{%
	}~{}~{}~{}~{}\underbrace{M_{i}-r}$"
	r[[UNKNOWN]]
	        > \underbrace{~{}~{}~{}~{}r~{}~{}~{}~{}}[[PUNCT]]
Warning:not_parsed:NUMBER.PUNCT.NUMBER>PUNCT MathParser failed to match rule 'Anything'
	at 0303065.tex; line 410 col 127 - line 410 col 152
	In "$l=0,1,..,\widetilde{N}_{i}$"
	l[[UNKNOWN]] =[[RELOP]] 0[[NUMBER]] ,[[PUNCT]] 1[[NUMBER]]
	        > ,[[PUNCT]] .[[PERIOD]] .[[PERIOD]] ,[[PUNCT]] \widetilde{N}[[UNKNOWN]] _{i}[[POSTSUBSCRIPT]]
Warning:not_parsed:NUMBER.PUNCT.ID>PERIOD MathParser failed to match rule 'Anything'
	at 0303065.tex; line 497 col 5 - line 497 col 26
	In "$\psi_{k},~{}k=1,....,N_{i}-r-1$"
	ψ[[UNKNOWN]] _{k}[[POSTSUBSCRIPT]] ,[[PUNCT]] k[[UNKNOWN]] =[[RELOP]] 1[[NUMBER]] ,[[PUNCT]] ...[[ID]]
	        > .[[PERIOD]] ,[[PUNCT]] N[[UNKNOWN]] _{i}[[POSTSUBSCRIPT]] -[[ADDOP]] r[[UNKNOWN]] -[[ADDOP]] 1[[NUMBER]]
Warning:not_parsed:UNKNOWN.RELOP.NUMBER>PUNCT MathParser failed to match rule 'Anything'
	at 0303065.tex; line 499 col 7 - line 499 col 50
	In "$e_{k},\widetilde{e}_{k},\psi_{k},~{}k=1,..,N_{i}-r-1$"
	e[[UNKNOWN]] _{k}[[POSTSUBSCRIPT]] ,[[PUNCT]] \widetilde{e}[[UNKNOWN]] _{k}[[POSTSUBSCRIPT]] ,[[PUNCT]] ψ[[UNKNOWN]] _{k}[[POSTSUBSCRIPT]] ,[[PUNCT]] k[[UNKNOWN]] =[[RELOP]] 1[[NUMBER]]
	        > ,[[PUNCT]] .[[PERIOD]] .[[PERIOD]] ,[[PUNCT]] N[[UNKNOWN]] _{i}[[POSTSUBSCRIPT]] -[[ADDOP]] r[[UNKNOWN]] -[[ADDOP]] 1[[NUMBER]]
Warning:not_parsed:ADDOP.NUMBER.CLOSE>PUNCT MathParser failed to match rule 'Anything'
	at 0303065.tex; line 861 col 2 - line 861 col 2
	In "$\displaystyle P_{tN}(x)^{2}-4\Lambda^{2t(N-l)}x^{2tl}=4\Lambda^{2t(N-l)}x^{2%
	tl}[{\cal T}_{t}(\widetilde{x})^{2}-1],=4\eta^{2t}\Lambda^{2t(N-l)}x^{2tl}(%
	\widetilde{x}^{2}-1){\cal U}_{t-1}(\widetilde{x})^{2},=[(\eta\Lambda^{(N-l)}x^%
	{l})^{t-1}{\cal U}_{t-1}(\widetilde{x})]^{2}[P_{N}(x)^{2}-4\eta^{2}\Lambda^{2(%
	N-l)}x^{2l}],=[(\eta\Lambda^{(N-l)}x^{l})^{t-1}{\cal U}_{t-1}(\widetilde{x})H_%
	{N-n}(x)]^{2}F_{2n}(x),\@@ENDINLINEMATH"
	P[[UNKNOWN]] _{tN}[[POSTSUBSCRIPT]] ([[OPEN]] x[[UNKNOWN]] )[[CLOSE]] ^{2}[[POSTSUPERSCRIPT]] -[[ADDOP]] 4[[NUMBER]] Λ[[UNKNOWN]] ^{2t(N-l)}[[POSTSUPERSCRIPT]] x[[UNKNOWN]] ^{2tl}[[POSTSUPERSCRIPT]] =[[RELOP]] 4[[NUMBER]] Λ[[UNKNOWN]] ^{2t(N-l)}[[POSTSUPERSCRIPT]] x[[UNKNOWN]] ^{2tl}[[POSTSUPERSCRIPT]] [[[OPEN]] T[[UNKNOWN]] _{t}[[POSTSUBSCRIPT]] ([[OPEN]] \widetilde{x}[[UNKNOWN]] )[[CLOSE]] ^{2}[[POSTSUPERSCRIPT]] -[[ADDOP]] 1[[NUMBER]] ][[CLOSE]]
	        > ,[[PUNCT]] =[[RELOP]] 4[[NUMBER]] η[[UNKNOWN]] ^{2t}[[POSTSUPERSCRIPT]] Λ[[UNKNOWN]] ^{2t(N-l)}[[POSTSUPERSCRIPT]] x[[UNKNOWN]] ^{2tl}[[POSTSUPERSCRIPT]] ([[OPEN]] \widetilde{x}[[UNKNOWN]] ^{2}[[POSTSUPERSCRIPT]] -[[ADDOP]] 1[[NUMBER]] )[[CLOSE]] U[[UNKNOWN]] _{t-1}[[POSTSUBSCRIPT]] ([[OPEN]] \widetilde{x}[[UNKNOWN]] )[[CLOSE]] ^{2}[[POSTSUPERSCRIPT]] ,[[PUNCT]] =[[RELOP]] [[[OPEN]] ([[OPEN]] η[[UNKNOWN]] Λ[[UNKNOWN]] ^{(N-l)}[[POSTSUPERSCRIPT]] x[[UNKNOWN]] ^{l}[[POSTSUPERSCRIPT]] )[[CLOSE]] ^{t-1}[[POSTSUPERSCRIPT]] U[[UNKNOWN]] _{t-1}[[POSTSUBSCRIPT]] ([[OPEN]] \widetilde{x}[[UNKNOWN]] )[[CLOSE]] ][[CLOSE]] ^{2}[[POSTSUPERSCRIPT]] [[[OPEN]] P[[UNKNOWN]] _{N}[[POSTSUBSCRIPT]] ([[OPEN]] x[[UNKNOWN]] )[[CLOSE]] ^{2}[[POSTSUPERSCRIPT]] -[[ADDOP]] 4[[NUMBER]] η[[UNKNOWN]] ^{2}[[POSTSUPERSCRIPT]] Λ[[UNKNOWN]] ...
Warning:not_parsed:NUMBER.UNKNOWN.POSTSUPERSCRIPT>CLOSE MathParser failed to match rule 'Anything'
	at 0303065.tex; line 1027 col 1 - line 1027 col 1
	In "$\displaystyle y^{2}=(x+m-\frac{a^{3}}{\Lambda^{2}}+a)^{2}(x+m-\frac{a^{3}}{%
	\Lambda^{2}}-a)^{2}((x+m-\frac{a^{3}}{\Lambda^{2}}-\frac{\Lambda^{2}}{a}))^{2}%
	-4a^{2})\@@ENDINLINEMATH"
	y[[UNKNOWN]] ^{2}[[POSTSUPERSCRIPT]] =[[RELOP]] ([[OPEN]] x[[UNKNOWN]] +[[ADDOP]] m[[UNKNOWN]] -[[ADDOP]] \frac{a^{3}}{\Lambda^{2}}[[UNKNOWN]] +[[ADDOP]] a[[UNKNOWN]] )[[CLOSE]] ^{2}[[POSTSUPERSCRIPT]] ([[OPEN]] x[[UNKNOWN]] +[[ADDOP]] m[[UNKNOWN]] -[[ADDOP]] \frac{a^{3}}{\Lambda^{2}}[[UNKNOWN]] -[[ADDOP]] a[[UNKNOWN]] )[[CLOSE]] ^{2}[[POSTSUPERSCRIPT]] ([[OPEN]] ([[OPEN]] x[[UNKNOWN]] +[[ADDOP]] m[[UNKNOWN]] -[[ADDOP]] \frac{a^{3}}{\Lambda^{2}}[[UNKNOWN]] -[[ADDOP]] \frac{\Lambda^{2}}{a}[[UNKNOWN]] )[[CLOSE]] )[[CLOSE]] ^{2}[[POSTSUPERSCRIPT]] -[[ADDOP]] 4[[NUMBER]] a[[UNKNOWN]] ^{2}[[POSTSUPERSCRIPT]]
	        > )[[CLOSE]]
Warning:not_parsed:NUMBER.UNKNOWN.POSTSUPERSCRIPT>CLOSE MathParser failed to match rule 'Anything'
	at 0303065.tex; line 1027 col 1 - line 1029 col 14
	In "$\displaystyle y^{2}=(x+m-\frac{a^{3}}{\Lambda^{2}}+a)^{2}(x+m-\frac{a^{3}}{%
	\Lambda^{2}}-a)^{2}((x+m-\frac{a^{3}}{\Lambda^{2}}-\frac{\Lambda^{2}}{a}))^{2}%
	-4a^{2})$"
	y[[UNKNOWN]] ^{2}[[POSTSUPERSCRIPT]] =[[RELOP]] ([[OPEN]] x[[UNKNOWN]] +[[ADDOP]] m[[UNKNOWN]] -[[ADDOP]] \frac{a^{3}}{\Lambda^{2}}[[UNKNOWN]] +[[ADDOP]] a[[UNKNOWN]] )[[CLOSE]] ^{2}[[POSTSUPERSCRIPT]] ([[OPEN]] x[[UNKNOWN]] +[[ADDOP]] m[[UNKNOWN]] -[[ADDOP]] \frac{a^{3}}{\Lambda^{2}}[[UNKNOWN]] -[[ADDOP]] a[[UNKNOWN]] )[[CLOSE]] ^{2}[[POSTSUPERSCRIPT]] ([[OPEN]] ([[OPEN]] x[[UNKNOWN]] +[[ADDOP]] m[[UNKNOWN]] -[[ADDOP]] \frac{a^{3}}{\Lambda^{2}}[[UNKNOWN]] -[[ADDOP]] \frac{\Lambda^{2}}{a}[[UNKNOWN]] )[[CLOSE]] )[[CLOSE]] ^{2}[[POSTSUPERSCRIPT]] -[[ADDOP]] 4[[NUMBER]] a[[UNKNOWN]] ^{2}[[POSTSUPERSCRIPT]]
	        > )[[CLOSE]]
Warning:not_parsed:CLOSE.CLOSE.CLOSE>OPEN MathParser failed to match rule 'Anything'
	at 0303065.tex; line 1891 col 16 - line 1892 col 28
	In "$\displaystyle\Bigl{(}(x+a)^{2}+\frac{\Lambda^{2}}{a^{3}}((m^{2}-a^{2})x+2ma(m%
	-a))\Bigr{)}\Bigl{(}(x-a)^{2}$"
	([[OPEN]] ([[OPEN]] x[[UNKNOWN]] +[[ADDOP]] a[[UNKNOWN]] )[[CLOSE]] ^{2}[[POSTSUPERSCRIPT]] +[[ADDOP]] \frac{\Lambda^{2}}{a^{3}}[[UNKNOWN]] ([[OPEN]] ([[OPEN]] m[[UNKNOWN]] ^{2}[[POSTSUPERSCRIPT]] -[[ADDOP]] a[[UNKNOWN]] ^{2}[[POSTSUPERSCRIPT]] )[[CLOSE]] x[[UNKNOWN]] +[[ADDOP]] 2[[NUMBER]] m[[UNKNOWN]] a[[UNKNOWN]] ([[OPEN]] m[[UNKNOWN]] -[[ADDOP]] a[[UNKNOWN]] )[[CLOSE]] )[[CLOSE]] )[[CLOSE]]
	        > ([[OPEN]] ([[OPEN]] x[[UNKNOWN]] -[[ADDOP]] a[[UNKNOWN]] )[[CLOSE]] ^{2}[[POSTSUPERSCRIPT]]
Warning:not_parsed:UNKNOWN.CLOSE.CLOSE>CLOSE MathParser failed to match rule 'Anything'
	at 0303065.tex; line 1892 col 31 - line 1893 col 1
	In "$\displaystyle+\frac{\Lambda^{2}}{a^{3}}((m^{2}-a^{2})x+2ma(-m-a))\Bigr{)}$"
	+[[ADDOP]] \frac{\Lambda^{2}}{a^{3}}[[UNKNOWN]] ([[OPEN]] ([[OPEN]] m[[UNKNOWN]] ^{2}[[POSTSUPERSCRIPT]] -[[ADDOP]] a[[UNKNOWN]] ^{2}[[POSTSUPERSCRIPT]] )[[CLOSE]] x[[UNKNOWN]] +[[ADDOP]] 2[[NUMBER]] m[[UNKNOWN]] a[[UNKNOWN]] ([[OPEN]] -[[ADDOP]] m[[UNKNOWN]] -[[ADDOP]] a[[UNKNOWN]] )[[CLOSE]] )[[CLOSE]]
	        > )[[CLOSE]]
 66.92 sec)
Math parsing succeeded:
   ltx:XMath: 2353/2365
   ltx:XMArg: 4649/4651
Symbols assumed as simple identifiers (with # of occurences):
   '#' (1), 'A{italic}' (6), 'B{italic}' (16), 'C{italic}' (11), 'D' (2), 'F' (2), 'F{italic}' (47), 'G{italic}' (10), 'H{italic}' (25), 'I{italic}' (13), 'K{italic}' (10), 'Lambda' (572), 'L{italic}' (13), 'M{bold}' (5), 'M{italic}' (191), 'N{bold}' (21), 'N{caligraphic}' (101), 'N{italic}' (741), 'O{caligraphic}' (19), 'Phi' (55), 'P{italic}' (204), 'Q{caligraphic}' (18), 'Q{italic}' (25), 'S{italic}' (51), 'T{caligraphic}' (7), 'T{italic}' (5), 'U{bold}' (10), 'U{caligraphic}' (15), 'U{italic}' (798), 'W{bold}' (1), 'W{italic}' (105), 'X{italic}' (2), 'Z{italic}' (4), 'alpha' (164), 'and' (1), 'and{bold}' (1), 'a{italic}' (671), 'baryonic' (1), 'b{italic}' (126), 'c{italic}' (34), 'delta' (16), 'diag' (1), 'd{italic}' (19), 'epsilon' (2), 'eta' (108), 'e{italic}' (22), 'f' (1), 'f{italic}' (6), 'g{italic}' (7), 'h{italic}' (8), 'i{italic}' (22), 'j{italic}' (18), 'k{italic}' (34), 'lambda' (15), 'l{italic}' (159), 'min' (1), 'mu' (35), 'm{italic}' (591), 'nu' (1), 'n{italic}' (58), 'o{italic}' (5), 'phi' (36), 'pi' (2), 'psi' (62), 'p{italic}' (39), 'q{italic}' (46), 'rho' (3), 'r{bold}' (4), 'r{italic}' (528), 's{italic}' (11), 'terms' (4), 't{italic}' (89), 'u{italic}' (62), 'v{italic}' (18), 'with' (3), 'with{bold}' (3), 'w{italic}' (2), 'x{italic}' (968), 'y{italic}' (57), 'z{italic}' (19)
Set MATHPARSER_SPECULATE to speculate on possible notations.
(Finalizing... 5.84 sec)
Conversion complete 15 warnings; 1 error (See /home/user/latex-in-arxiv/0303065.latexml.log) (reqd. 2m 7.73s)
