latexml (LaTeXML version 0.8.6) processing 2003/0303052.tex
(Digesting TeX 0303052...
(Loading /usr/share/perl5/LaTeXML/Package/TeX.pool.ltxml...
(Loading /usr/share/perl5/LaTeXML/Package/eTeX.pool.ltxml... 0.01 sec)
(Loading /usr/share/perl5/LaTeXML/Package/pdfTeX.pool.ltxml... 0.01 sec) 0.23 sec)
(Processing content /home/user/latex-in-arxiv/2003/0303052.tex...
(Loading /usr/share/perl5/LaTeXML/Package/LaTeX.pool.ltxml...
(Loading /usr/share/perl5/LaTeXML/Package/textcomp.sty.ltxml...
(Processing definitions /usr/share/texlive/texmf-dist/tex/latex-dev/base/ts1enc.dfu... 0.06 sec) 1.80 sec) 2.17 sec)
Info:unexpected:\documentstyle Entering LaTeX 2.09 Compatibility mode
	at 0303052.tex; line 15 col 0 - line 15 col 57
(Loading /usr/share/perl5/LaTeXML/Package/article.cls.ltxml... 0.02 sec)
(Loading /usr/share/perl5/LaTeXML/Package/revtex.sty.ltxml...
(Loading /usr/share/perl5/LaTeXML/Package/natbib.sty.ltxml... 0.04 sec)
(Loading /usr/share/perl5/LaTeXML/Package/revtex3_support.sty.ltxml...
(Loading /usr/share/perl5/LaTeXML/Package/revtex4_support.sty.ltxml...
(Loading /usr/share/perl5/LaTeXML/Package/hyperref.sty.ltxml...
(Loading /usr/share/perl5/LaTeXML/Package/keyval.sty.ltxml...
(Processing definitions /usr/share/texlive/texmf-dist/tex/latex-dev/graphics/keyval.sty... 0.03 sec) 0.03 sec)
(Loading /usr/share/perl5/LaTeXML/Package/nameref.sty.ltxml... 0.00 sec)
(Loading /usr/share/perl5/LaTeXML/Package/url.sty.ltxml... 0.00 sec) 0.13 sec)
(Loading /usr/share/perl5/LaTeXML/Package/revsymb.sty.ltxml... 0.01 sec)
(Loading /usr/share/perl5/LaTeXML/Package/longtable.sty.ltxml... 0.01 sec)
(Loading /usr/share/perl5/LaTeXML/Package/dcolumn.sty.ltxml...
(Loading /usr/share/perl5/LaTeXML/Package/array.sty.ltxml... 0.00 sec) 0.01 sec) 0.23 sec) 0.24 sec) 0.29 sec)
Info:unexpected:prd Unexpected option 'prd' passed to revtex.cls
	at 0303052.tex; line 16 col 0 - line 16 col 1
Info:unexpected:aps Unexpected option 'aps' passed to revtex.cls
	at 0303052.tex; line 16 col 0 - line 16 col 1
Info:unexpected:preprint Unexpected option 'preprint' passed to revtex.cls
	at 0303052.tex; line 16 col 0 - line 16 col 1
Info:unexpected:eqsecnum Unexpected option 'eqsecnum' passed to revtex.cls
	at 0303052.tex; line 16 col 0 - line 16 col 1
Info:unexpected:tighten Unexpected option 'tighten' passed to revtex.cls
	at 0303052.tex; line 16 col 0 - line 16 col 1
Info:note:OmniBus Loading OmniBus class to attempt to cover missing options
	at 0303052.tex; line 16 col 0 - line 16 col 1
(Loading /usr/share/perl5/LaTeXML/Package/OmniBus.cls.ltxml...
(Loading /usr/share/perl5/LaTeXML/Package/inst_support.sty.ltxml... 0.01 sec)
(Loading /usr/share/perl5/LaTeXML/Package/epsf.sty.ltxml... 0.01 sec)
(Loading /usr/share/perl5/LaTeXML/Package/graphicx.sty.ltxml...
(Loading /usr/share/perl5/LaTeXML/Package/graphics.sty.ltxml... 0.01 sec) 0.05 sec)
(Loading /usr/share/perl5/LaTeXML/Package/aas_macros.sty.ltxml... 0.00 sec) 0.12 sec) 5.56 sec) 5.82 sec)
(Building...
(Loading compiled schema /usr/share/perl5/LaTeXML/resources/RelaxNG/LaTeXML.model... 0.02 sec) 1.64 sec)
(Rewriting... 0.02 sec)
(Math Parsing 72 formulae ...... 1.99 sec)
Math parsing succeeded:
   ltx:XMath: 72/72
   ltx:XMArg: 147/147
Symbols assumed as simple identifiers (with # of occurences):
   'A{italic}' (5), 'C{italic}' (2), 'E{italic}' (4), 'J{italic}' (1), 'Lambda' (6), 'M{italic}' (5), 'Omega' (4), 'Phi' (5), 'Psi' (25), 'P{italic}' (7), 'S{italic}' (2), 'Z{italic}' (4), 'a{italic}' (3), 'delta' (2), 'd{italic}' (1), 'e' (1), 'epsilon' (5), 'eta' (2), 'e{italic}' (11), 'f{italic}' (3), 'gamma' (1), 'g{italic}' (5), 'i{italic}' (14), 'kappa' (2), 'mu' (8), 'm{italic}' (3), 'n{italic}' (6), 'phi' (2), 'pi' (5), 'psi' (2), 'p{italic}' (2), 'q{italic}' (3), 'sigma' (2), 'theta' (4), 't{italic}' (10), 'u{italic}' (3), 'x{italic}' (17), 'y{italic}' (3)
Set MATHPARSER_SPECULATE to speculate on possible notations.
(Finalizing... 0.19 sec)
Conversion complete No obvious problems (reqd. 9.97s)
