latexml (LaTeXML version 0.8.6) processing 2003/0303012.tex
(Digesting TeX 0303012...
(Loading /usr/share/perl5/LaTeXML/Package/TeX.pool.ltxml...
(Loading /usr/share/perl5/LaTeXML/Package/eTeX.pool.ltxml... 0.01 sec)
(Loading /usr/share/perl5/LaTeXML/Package/pdfTeX.pool.ltxml... 0.01 sec) 0.24 sec)
(Processing content /home/user/latex-in-arxiv/2003/0303012.tex...
(Loading /usr/share/perl5/LaTeXML/Package/LaTeX.pool.ltxml...
(Loading /usr/share/perl5/LaTeXML/Package/textcomp.sty.ltxml...
(Processing definitions /usr/share/texlive/texmf-dist/tex/latex-dev/base/ts1enc.dfu... 0.04 sec) 1.85 sec) 2.20 sec)
(Loading /usr/share/perl5/LaTeXML/Package/revtex4.cls.ltxml...
(Loading /usr/share/perl5/LaTeXML/Package/article.cls.ltxml... 0.02 sec)
(Loading /usr/share/perl5/LaTeXML/Package/revtex4_support.sty.ltxml...
(Loading /usr/share/perl5/LaTeXML/Package/hyperref.sty.ltxml...
(Loading /usr/share/perl5/LaTeXML/Package/keyval.sty.ltxml...
(Processing definitions /usr/share/texlive/texmf-dist/tex/latex-dev/graphics/keyval.sty... 0.02 sec) 0.03 sec)
(Loading /usr/share/perl5/LaTeXML/Package/nameref.sty.ltxml... 0.00 sec)
(Loading /usr/share/perl5/LaTeXML/Package/url.sty.ltxml... 0.00 sec) 0.12 sec)
(Loading /usr/share/perl5/LaTeXML/Package/natbib.sty.ltxml... 0.03 sec)
(Loading /usr/share/perl5/LaTeXML/Package/revsymb.sty.ltxml... 0.01 sec)
(Loading /usr/share/perl5/LaTeXML/Package/longtable.sty.ltxml... 0.00 sec)
(Loading /usr/share/perl5/LaTeXML/Package/dcolumn.sty.ltxml...
(Loading /usr/share/perl5/LaTeXML/Package/array.sty.ltxml... 0.00 sec) 0.01 sec) 0.24 sec) 0.74 sec)
(Loading /usr/share/perl5/LaTeXML/Package/amssymb.sty.ltxml...
(Loading /usr/share/perl5/LaTeXML/Package/amsfonts.sty.ltxml... 0.00 sec) 0.04 sec)
(Loading /usr/share/perl5/LaTeXML/Package/amsmath.sty.ltxml...
(Loading /usr/share/perl5/LaTeXML/Package/amsbsy.sty.ltxml...
(Loading /usr/share/perl5/LaTeXML/Package/amsgen.sty.ltxml... 0.01 sec) 0.02 sec)
(Loading /usr/share/perl5/LaTeXML/Package/amstext.sty.ltxml... 0.01 sec)
(Loading /usr/share/perl5/LaTeXML/Package/amsopn.sty.ltxml... 0.01 sec) 0.09 sec)
(Loading /usr/share/perl5/LaTeXML/Package/tcilatex.tex.ltxml...
TCILATEX Macros for Scientific Word 2.5 <22 Dec 95>.
NOTICE: This macro file is NOT proprietary and may be freely copied and distributed.
(Loading /usr/share/perl5/LaTeXML/Package/latexsym.sty.ltxml... 0.00 sec) 0.19 sec) 7.00 sec) 7.28 sec)
(Building...
(Loading compiled schema /usr/share/perl5/LaTeXML/resources/RelaxNG/LaTeXML.model... 0.02 sec) 4.84 sec)
(Rewriting... 0.12 sec)
(Math Parsing 147 formulae ......
Warning:not_parsed:POSTSUBSCRIPT.VERTBAR.UNKNOWN>CLOSE MathParser failed to match rule 'Anything'
	at 0303012.tex; line 192 col 0 - line 196 col 14
	In "\begin{equation}\text{Type I}:L_{-1}\left|x\right\rangle,\text{ where }L_{1}%
	\left|x\right\rangle=L_{2}\left|x\right\rangle=0,\text{ }L_{0}\left|x\right%
	\rangle=0;\end{equation}"
	\text{Type I}[[UNKNOWN]] :[[METARELOP]] L[[UNKNOWN]] _{-1}[[POSTSUBSCRIPT]] \left|[[VERTBAR]] x[[UNKNOWN]]
	        > \right\rangle[[CLOSE]] ,[[PUNCT]] \text{ where }[[UNKNOWN]] L[[UNKNOWN]] _{1}[[POSTSUBSCRIPT]] \left|[[VERTBAR]] x[[UNKNOWN]] \right\rangle[[CLOSE]] =[[RELOP]] L[[UNKNOWN]] _{2}[[POSTSUBSCRIPT]] \left|[[VERTBAR]] x[[UNKNOWN]] \right\rangle[[CLOSE]] =[[RELOP]] 0[[NUMBER]] ,[[PUNCT]] \text{ }[[UNKNOWN]] L[[UNKNOWN]] _{0}[[POSTSUBSCRIPT]] \left|[[VERTBAR]] x[[UNKNOWN]] \right\rangle[[CLOSE]] =[[RELOP]] 0[[NUMBER]]
Warning:not_parsed:CLOSE.VERTBAR.ATOM>CLOSE MathParser failed to match rule 'Anything'
	at 0303012.tex; line 198 col 0 - line 203 col 14
	In "\begin{equation}\text{Type II}:(L_{-2}+\frac{3}{2}L_{-1}^{2})\left|\widetilde{%
	x}\right\rangle,\text{ where }L_{1}\left|\widetilde{x}\right\rangle=L_{2}\left%
	|\widetilde{x}\right\rangle=0,\text{ }(L_{0}+1)\left|\widetilde{x}\right%
	\rangle=0.\end{equation}"
	\text{Type II}[[UNKNOWN]] :[[METARELOP]] ([[OPEN]] L[[UNKNOWN]] _{-2}[[POSTSUBSCRIPT]] +[[ADDOP]] \frac{3}{2}[[UNKNOWN]] L[[UNKNOWN]] _{-1}[[POSTSUBSCRIPT]] ^{2}[[POSTSUPERSCRIPT]] )[[CLOSE]] \left|[[VERTBAR]] \widetilde{x}[[UNKNOWN]]
	        > \right\rangle[[CLOSE]] ,[[PUNCT]] \text{ where }[[UNKNOWN]] L[[UNKNOWN]] _{1}[[POSTSUBSCRIPT]] \left|[[VERTBAR]] \widetilde{x}[[UNKNOWN]] \right\rangle[[CLOSE]] =[[RELOP]] L[[UNKNOWN]] _{2}[[POSTSUBSCRIPT]] \left|[[VERTBAR]] \widetilde{x}[[UNKNOWN]] \right\rangle[[CLOSE]] =[[RELOP]] 0[[NUMBER]] ,[[PUNCT]] \text{ }[[UNKNOWN]] ([[OPEN]] L[[UNKNOWN]] _{0}[[POSTSUBSCRIPT]] +[[ADDOP]] 1[[NUMBER]] )[[CLOSE]] \left|[[VERTBAR]] \widetilde{x}[[UNKNOWN]] \right\rangle[[CLOSE]] =[[RELOP]] 0[[NUMBER]]
Warning:not_parsed:OPEN.UNKNOWN> MathParser failed to match rule 'Subscript'
	at 0303012.tex; line 252 col 12 - line 252 col 12
	In "$\displaystyle\{(\frac{1}{2}k_{\mu}k_{\nu}\theta_{\lambda}+2\eta_{\mu\nu\theta%
	_{\lambda}})\alpha_{-1}^{\mu}\alpha_{-1}^{\nu}\alpha_{-1}^{\lambda}+9k_{[\mu}%
	\theta_{\nu]}\alpha_{-2}^{[\mu}\alpha_{-1}^{\nu]}+12\theta_{\mu}\alpha_{-3}^{%
	\mu}\}\left|0,k\right\rangle,$"
	[[[OPEN]] μ[[UNKNOWN]]
	        > 
Warning:not_parsed:UNKNOWN>CLOSE MathParser failed to match rule 'Subscript'
	at 0303012.tex; line 252 col 27 - line 252 col 27
	ν[[UNKNOWN]]
	        > ][[CLOSE]]
Warning:not_parsed:OPEN.UNKNOWN> MathParser failed to match rule 'Superscript'
	at 0303012.tex; line 252 col 47 - line 252 col 47
	[[[OPEN]] μ[[UNKNOWN]]
	        > 
Warning:not_parsed:UNKNOWN>CLOSE MathParser failed to match rule 'Superscript'
	at 0303012.tex; line 252 col 67 - line 252 col 67
	ν[[UNKNOWN]]
	        > ][[CLOSE]]
Warning:not_parsed:UNKNOWN.POSTSUBSCRIPT.POSTSUPERSCRIPT>CLOSE MathParser failed to match rule 'Anything'
	at 0303012.tex; line 250 col 2 - line 253 col 69
	{[[UNKNOWN]] ([[OPEN]] \frac{1}{2}[[UNKNOWN]] k[[UNKNOWN]] _{\mu}[[POSTSUBSCRIPT]] k[[UNKNOWN]] _{\nu}[[POSTSUBSCRIPT]] θ[[UNKNOWN]] _{\lambda}[[POSTSUBSCRIPT]] +[[ADDOP]] 2[[NUMBER]] η[[UNKNOWN]] _{\mu\nu\theta_{\lambda}}[[POSTSUBSCRIPT]] )[[CLOSE]] α[[UNKNOWN]] _{-1}[[POSTSUBSCRIPT]] ^{\mu}[[POSTSUPERSCRIPT]] α[[UNKNOWN]] _{-1}[[POSTSUBSCRIPT]] ^{\nu}[[POSTSUPERSCRIPT]] α[[UNKNOWN]] _{-1}[[POSTSUBSCRIPT]] ^{\lambda}[[POSTSUPERSCRIPT]] +[[ADDOP]] 9[[NUMBER]] k[[UNKNOWN]] _{[\mu}[[POSTSUBSCRIPT]] θ[[UNKNOWN]] _{\nu]}[[POSTSUBSCRIPT]] α[[UNKNOWN]] _{-2}[[POSTSUBSCRIPT]] ^{[\mu}[[POSTSUPERSCRIPT]] α[[UNKNOWN]] _{-1}[[POSTSUBSCRIPT]] ^{\nu]}[[POSTSUPERSCRIPT]] +[[ADDOP]] 12[[NUMBER]] θ[[UNKNOWN]] _{\mu}[[POSTSUBSCRIPT]] α[[UNKNOWN]] _{-3}[[POSTSUBSCRIPT]] ^{\mu}[[POSTSUPERSCRIPT]]
	        > \}[[CLOSE]] \left|[[VERTBAR]] 0[[NUMBER]] ,[[PUNCT]] k[[UNKNOWN]] \right\rangle[[CLOSE]]
Warning:not_parsed:OPEN.UNKNOWN> MathParser failed to match rule 'Subscript'
	at 0303012.tex; line 453 col 1 - line 453 col 1
	In "\begin{equation}(\frac{1}{3}k_{\lambda}\epsilon_{\mu\nu}+\frac{1}{2}k_{(%
	\lambda}\epsilon_{\mu\nu)})\mathcal{T}_{3,\chi}^{\lambda\mu\nu}+(\frac{13}{174%
	}k_{\alpha}k_{\beta}\epsilon_{\mu\nu}+\frac{3}{58}\eta_{\alpha\beta}\epsilon_{%
	\mu\nu})\mathcal{T}_{3,\chi}^{\mu\nu\alpha\beta},\end{equation}"
	([[OPEN]] λ[[UNKNOWN]]
	        > 
Warning:not_parsed:UNKNOWN.UNKNOWN>CLOSE MathParser failed to match rule 'Subscript'
	at 0303012.tex; line 453 col 22 - line 453 col 22
	μ[[UNKNOWN]] ν[[UNKNOWN]]
	        > )[[CLOSE]]
Warning:not_parsed:OPEN.UNKNOWN> MathParser failed to match rule 'Subscript'
	at 0303012.tex; line 469 col 23 - line 469 col 23
	In "$\displaystyle 2\theta_{\mu\nu}^{1}\mathcal{T}_{3,\chi}^{\mu\nu}+4\theta_{\mu%
	\nu}^{1}\widetilde{\mathcal{T}}_{3,\chi}^{\mu\nu}+2(k_{\lambda}\theta_{\mu\nu}%
	^{1}+k_{(\lambda}\theta_{\mu\nu)}^{1})\mathcal{T}_{3,\chi}^{\lambda\mu\nu}+%
	\frac{2}{3}k_{\lambda}k_{\beta}\theta_{\mu\nu}^{1}\mathcal{T}_{3,\chi}^{\mu\nu%
	\lambda\beta}=0,$"
	([[OPEN]] λ[[UNKNOWN]]
	        > 
Warning:not_parsed:UNKNOWN.UNKNOWN>CLOSE MathParser failed to match rule 'Subscript'
	at 0303012.tex; line 469 col 42 - line 469 col 42
	μ[[UNKNOWN]] ν[[UNKNOWN]]
	        > )[[CLOSE]]
Warning:not_parsed:OPEN.UNKNOWN> MathParser failed to match rule 'Subscript'
	at 0303012.tex; line 480 col 35 - line 480 col 35
	In "$\displaystyle 3\theta_{\mu\nu}^{2}\mathcal{T}_{3,\chi}^{\mu\nu}+8\theta_{\mu%
	\nu}^{2}\widetilde{\mathcal{T}}_{3,\chi}^{\mu\nu}+(k_{\lambda}\theta_{\mu\nu}^%
	{2}+\frac{15}{2}k_{(\lambda}\theta_{\mu\nu)}^{2})\mathcal{T}_{3,\chi}^{\lambda%
	\mu\nu}+(\frac{1}{2}\eta_{\lambda\beta}\theta_{\mu\nu}^{2}+\frac{3}{2}k_{%
	\lambda}k_{\beta}\theta_{\mu\nu}^{2})\mathcal{T}_{3,\chi}^{\mu\nu\lambda\beta}%
	=0,$"
	([[OPEN]] λ[[UNKNOWN]]
	        > 
Warning:not_parsed:UNKNOWN.UNKNOWN>CLOSE MathParser failed to match rule 'Subscript'
	at 0303012.tex; line 480 col 54 - line 480 col 54
	μ[[UNKNOWN]] ν[[UNKNOWN]]
	        > )[[CLOSE]]
 7.58 sec)
Math parsing succeeded:
   ltx:XMath: 144/147
   ltx:XMArg: 573/583
   ltx:XMWrap: 7/7
Symbols assumed as simple identifiers (with # of occurences):
   'C{italic}' (9), 'D{italic}' (2), 'E{italic}' (4), 'G{italic}' (6), 'L{italic}' (25), 'M{italic}' (9), 'O{italic}' (1), 'S{italic}' (1), 'T{caligraphic}' (52), 'T{italic}' (28), 'X{italic}' (10), 'alpha' (57), 'a{italic}' (17), 'beta' (9), 'chi' (55), 'c{italic}' (1), 'd{italic}' (1), 'epsilon' (12), 'eta' (23), 'e{italic}' (4), 'g{italic}' (7), 'i{italic}' (2), 'k{italic}' (94), 'lambda' (32), 'mu' (96), 'm{italic}' (2), 'nu' (92), 'n{italic}' (7), 'omega' (5), 'phi' (9), 'pi' (1), 'rho' (14), 'sigma' (8), 's{italic}' (5), 'theta' (38), 't{italic}' (3), 'u{italic}' (3), 'varepsilon' (2), 'v{italic}' (5), 'xi' (3), 'x{italic}' (9), 'z{italic}' (2), '{' (2)
Set MATHPARSER_SPECULATE to speculate on possible notations.
(Finalizing... 0.75 sec)
Conversion complete 13 warnings (See /home/user/latex-in-arxiv/0303012.latexml.log) (reqd. 21.26s)
