latexml (LaTeXML version 0.8.6) processing 2003/0303217.tex
(Digesting TeX 0303217...
(Loading /usr/share/perl5/LaTeXML/Package/TeX.pool.ltxml...
(Loading /usr/share/perl5/LaTeXML/Package/eTeX.pool.ltxml... 0.01 sec)
(Loading /usr/share/perl5/LaTeXML/Package/pdfTeX.pool.ltxml... 0.01 sec) 0.14 sec)
(Processing content /home/user/latex-in-arxiv/2003/0303217.tex...
(Loading /usr/share/perl5/LaTeXML/Package/LaTeX.pool.ltxml...
(Loading /usr/share/perl5/LaTeXML/Package/textcomp.sty.ltxml...
(Processing definitions /usr/share/texlive/texmf-dist/tex/latex-dev/base/ts1enc.dfu... 0.03 sec) 1.44 sec) 1.64 sec)
(Loading /usr/share/perl5/LaTeXML/Package/article.cls.ltxml... 0.01 sec)
Info:unexpected:titlepage When using titlepage, Frontmatter will not be well-structured
	at 0303217.tex; line 27 col 0 - line 27 col 17
 9.54 sec) 9.73 sec)
(Building...
(Loading compiled schema /usr/share/perl5/LaTeXML/resources/RelaxNG/LaTeXML.model... 0.01 sec) 9.72 sec)
(Rewriting... 0.35 sec)
(Math Parsing 540 formulae ......
Warning:not_parsed:POSTSUPERSCRIPT.UNKNOWN.POSTSUBSCRIPT>OPEN MathParser failed to match rule 'Anything'
	at 0303217.tex; line 410 col 0 - line 413 col 14
	In "\begin{equation}\left\{b_{r}^{i},b_{s}^{j}\right\}=\delta^{ij}\delta_{r+s}(r,s%
	:odd)\end{equation}"
	\left\{[[OPEN]] b[[UNKNOWN]] _{r}[[POSTSUBSCRIPT]] ^{i}[[POSTSUPERSCRIPT]] ,[[PUNCT]] b[[UNKNOWN]] _{s}[[POSTSUBSCRIPT]] ^{j}[[POSTSUPERSCRIPT]] \right\}[[CLOSE]] =[[RELOP]] δ[[UNKNOWN]] ^{ij}[[POSTSUPERSCRIPT]] δ[[UNKNOWN]] _{r+s}[[POSTSUBSCRIPT]]
	        > ([[OPEN]] r[[UNKNOWN]] ,[[PUNCT]] s[[UNKNOWN]] :[[METARELOP]] o[[UNKNOWN]] d[[UNKNOWN]] d[[UNKNOWN]] )[[CLOSE]]
Warning:not_parsed:POSTSUPERSCRIPT.UNKNOWN.POSTSUBSCRIPT>OPEN MathParser failed to match rule 'Anything'
	at 0303217.tex; line 416 col 0 - line 419 col 14
	In "\begin{equation}\left\{d_{m}^{i},d_{n}^{j}\right\}=\delta^{ij}\delta_{m+n}(m,n%
	:even)\end{equation}"
	\left\{[[OPEN]] d[[UNKNOWN]] _{m}[[POSTSUBSCRIPT]] ^{i}[[POSTSUPERSCRIPT]] ,[[PUNCT]] d[[UNKNOWN]] _{n}[[POSTSUBSCRIPT]] ^{j}[[POSTSUPERSCRIPT]] \right\}[[CLOSE]] =[[RELOP]] δ[[UNKNOWN]] ^{ij}[[POSTSUPERSCRIPT]] δ[[UNKNOWN]] _{m+n}[[POSTSUBSCRIPT]]
	        > ([[OPEN]] m[[UNKNOWN]] ,[[PUNCT]] n[[UNKNOWN]] :[[METARELOP]] e[[UNKNOWN]] v[[UNKNOWN]] e[[UNKNOWN]] n[[UNKNOWN]] )[[CLOSE]]
Warning:not_parsed:>VERTBAR MathParser failed to match rule 'Anything'
	at 0303217.tex; line 916 col 4 - line 916 col 4
	In "$\displaystyle\mid 1\rangle\equiv\{\alpha_{-1}^{i}\alpha_{-1}^{j}\alpha_{-1}^{%
	k}-\frac{\delta^{ij}}{D+1}\alpha_{-1}^{n}\alpha_{-1}^{n}\alpha_{-1}^{k}-\frac{%
	\delta^{ik}}{D+1}\alpha_{-1}^{n}\alpha_{-1}^{n}\alpha_{-1}^{j}\phantom{\{%
	\alpha_{-1}^{i}\alpha_{-1}^{j}\alpha_{-1}^{k}-\frac{\delta^{ij}}{D+1}\alpha_{-%
	1}^{n}\alpha_{-1}^{n}\alpha_{-1}^{k}}-\frac{\delta^{jk}}{D+1}\alpha_{-1}^{n}%
	\alpha_{-1}^{n}\alpha_{-1}^{i}\}\mid 0\rangle,{\bf 112_{v}}\@@ENDINLINEMATH"
	> ∣[[VERTBAR]] 1[[NUMBER]] \rangle[[CLOSE]] ≡[[RELOP]] {[[UNKNOWN]] α[[UNKNOWN]] _{-1}[[POSTSUBSCRIPT]] ^{i}[[POSTSUPERSCRIPT]] α[[UNKNOWN]] _{-1}[[POSTSUBSCRIPT]] ^{j}[[POSTSUPERSCRIPT]] α[[UNKNOWN]] _{-1}[[POSTSUBSCRIPT]] ^{k}[[POSTSUPERSCRIPT]] -[[ADDOP]] \frac{\delta^{ij}}{D+1}[[UNKNOWN]] α[[UNKNOWN]] _{-1}[[POSTSUBSCRIPT]] ^{n}[[POSTSUPERSCRIPT]] α[[UNKNOWN]] _{-1}[[POSTSUBSCRIPT]] ^{n}[[POSTSUPERSCRIPT]] α[[UNKNOWN]] _{-1}[[POSTSUBSCRIPT]] ^{k}[[POSTSUPERSCRIPT]] -[[ADDOP]] \frac{\delta^{ik}}{D+1}[[UNKNOWN]] α[[UNKNOWN]] _{-1}[[POSTSUBSCRIPT]] ^{n}[[POSTSUPERSCRIPT]] α[[UNKNOWN]] _{-1}[[POSTSUBSCRIPT]] ^{n}[[POSTSUPERSCRIPT]] α[[UNKNOWN]] _{-1}[[POSTSUBSCRIPT]] ^{j}[[POSTSUPERSCRIPT]] -[[ADDOP]] \frac{\delta^{jk}}{D+1}[[UNKNOWN]] α[[UNKNOWN]] _{-1}[[POSTSUBSCRIPT]] ^{n}[[POSTSUPERSCRIPT]] α[[UNKNOWN]] _{-1}[[POSTSUBSCRIPT]] ^{n}[[POSTSUPERSCRIPT]] α[[UNKNOWN]] _{-1}[[POSTSUBSCRIPT]] ^{i}[[POSTSUPERSCRIPT]] \}[[CLOSE]] ∣[[VERTBAR]] 0[[NUMBER]] \rangle[[CLOSE]] ...
Warning:not_parsed:UNKNOWN.POSTSUBSCRIPT.POSTSUPERSCRIPT>CLOSE MathParser failed to match rule 'Anything'
	at 0303217.tex; line 918 col 21 - line 919 col 5
	In "$\displaystyle\phantom{\{\alpha_{-1}^{i}\alpha_{-1}^{j}\alpha_{-1}^{k}-\frac{%
	\delta^{ij}}{D+1}\alpha_{-1}^{n}\alpha_{-1}^{n}\alpha_{-1}^{k}}-\frac{\delta^{%
	jk}}{D+1}\alpha_{-1}^{n}\alpha_{-1}^{n}\alpha_{-1}^{i}\}\mid 0\rangle,{\bf 112%
	_{v}}$"
	-[[ADDOP]] \frac{\delta^{jk}}{D+1}[[UNKNOWN]] α[[UNKNOWN]] _{-1}[[POSTSUBSCRIPT]] ^{n}[[POSTSUPERSCRIPT]] α[[UNKNOWN]] _{-1}[[POSTSUBSCRIPT]] ^{n}[[POSTSUPERSCRIPT]] α[[UNKNOWN]] _{-1}[[POSTSUBSCRIPT]] ^{i}[[POSTSUPERSCRIPT]]
	        > \}[[CLOSE]] ∣[[VERTBAR]] 0[[NUMBER]] \rangle[[CLOSE]] ,[[PUNCT]] 112[[NUMBER]] _{v}[[POSTSUBSCRIPT]]
Warning:not_parsed:>VERTBAR MathParser failed to match rule 'Anything'
	at 0303217.tex; line 919 col 5 - line 919 col 5
	In "$\displaystyle\mid 2\rangle\equiv\{b_{-1}^{i}b_{-1}^{j}\alpha_{-1}^{k}+b_{-1}^%
	{k}b_{-1}^{j}\alpha_{-1}^{i}+b_{-1}^{i}b_{-1}^{k}\alpha_{-1}^{j}+\frac{2\delta%
	^{jk}}{2-D}b_{-1}^{i}b_{-1}^{n}\alpha_{-1}^{n}\}\phantom{\{b_{-1}^{i}b_{-1}^{j%
	}\alpha_{-1}^{k}+b_{-1}^{k}b_{-1}^{j}\alpha_{-1}^{i}+b_{-1}^{i}b_{-1}^{k}%
	\alpha_{-1}^{j}}-\frac{2\delta^{ik}}{2-D}b_{-1}^{j}b_{-1}^{n}\alpha_{-1}^{n}\}%
	\mid 0\rangle,{\bf 160_{v}}\@@ENDINLINEMATH"
	> ∣[[VERTBAR]] 2[[NUMBER]] \rangle[[CLOSE]] ≡[[RELOP]] {[[UNKNOWN]] b[[UNKNOWN]] _{-1}[[POSTSUBSCRIPT]] ^{i}[[POSTSUPERSCRIPT]] b[[UNKNOWN]] _{-1}[[POSTSUBSCRIPT]] ^{j}[[POSTSUPERSCRIPT]] α[[UNKNOWN]] _{-1}[[POSTSUBSCRIPT]] ^{k}[[POSTSUPERSCRIPT]] +[[ADDOP]] b[[UNKNOWN]] _{-1}[[POSTSUBSCRIPT]] ^{k}[[POSTSUPERSCRIPT]] b[[UNKNOWN]] _{-1}[[POSTSUBSCRIPT]] ^{j}[[POSTSUPERSCRIPT]] α[[UNKNOWN]] _{-1}[[POSTSUBSCRIPT]] ^{i}[[POSTSUPERSCRIPT]] +[[ADDOP]] b[[UNKNOWN]] _{-1}[[POSTSUBSCRIPT]] ^{i}[[POSTSUPERSCRIPT]] b[[UNKNOWN]] _{-1}[[POSTSUBSCRIPT]] ^{k}[[POSTSUPERSCRIPT]] α[[UNKNOWN]] _{-1}[[POSTSUBSCRIPT]] ^{j}[[POSTSUPERSCRIPT]] +[[ADDOP]] \frac{2\delta^{jk}}{2-D}[[UNKNOWN]] b[[UNKNOWN]] _{-1}[[POSTSUBSCRIPT]] ^{i}[[POSTSUPERSCRIPT]] b[[UNKNOWN]] _{-1}[[POSTSUBSCRIPT]] ^{n}[[POSTSUPERSCRIPT]] α[[UNKNOWN]] _{-1}[[POSTSUBSCRIPT]] ^{n}[[POSTSUPERSCRIPT]] \}[[CLOSE]] -[[ADDOP]] \frac{2\delta^{ik}}{2-D}[[UNKNOWN]] b[[UNKNOWN]] _{-1}[[POSTSUBSCRIPT]] ^{j}[[POSTSUPERSCRIPT]] ...
Warning:not_parsed:UNKNOWN.POSTSUBSCRIPT.POSTSUPERSCRIPT>CLOSE MathParser failed to match rule 'Anything'
	at 0303217.tex; line 920 col 2 - line 921 col 1
	In "$\displaystyle\{b_{-1}^{i}b_{-1}^{j}\alpha_{-1}^{k}+b_{-1}^{k}b_{-1}^{j}\alpha%
	_{-1}^{i}+b_{-1}^{i}b_{-1}^{k}\alpha_{-1}^{j}+\frac{2\delta^{jk}}{2-D}b_{-1}^{%
	i}b_{-1}^{n}\alpha_{-1}^{n}\}$"
	{[[UNKNOWN]] b[[UNKNOWN]] _{-1}[[POSTSUBSCRIPT]] ^{i}[[POSTSUPERSCRIPT]] b[[UNKNOWN]] _{-1}[[POSTSUBSCRIPT]] ^{j}[[POSTSUPERSCRIPT]] α[[UNKNOWN]] _{-1}[[POSTSUBSCRIPT]] ^{k}[[POSTSUPERSCRIPT]] +[[ADDOP]] b[[UNKNOWN]] _{-1}[[POSTSUBSCRIPT]] ^{k}[[POSTSUPERSCRIPT]] b[[UNKNOWN]] _{-1}[[POSTSUBSCRIPT]] ^{j}[[POSTSUPERSCRIPT]] α[[UNKNOWN]] _{-1}[[POSTSUBSCRIPT]] ^{i}[[POSTSUPERSCRIPT]] +[[ADDOP]] b[[UNKNOWN]] _{-1}[[POSTSUBSCRIPT]] ^{i}[[POSTSUPERSCRIPT]] b[[UNKNOWN]] _{-1}[[POSTSUBSCRIPT]] ^{k}[[POSTSUPERSCRIPT]] α[[UNKNOWN]] _{-1}[[POSTSUBSCRIPT]] ^{j}[[POSTSUPERSCRIPT]] +[[ADDOP]] \frac{2\delta^{jk}}{2-D}[[UNKNOWN]] b[[UNKNOWN]] _{-1}[[POSTSUBSCRIPT]] ^{i}[[POSTSUPERSCRIPT]] b[[UNKNOWN]] _{-1}[[POSTSUBSCRIPT]] ^{n}[[POSTSUPERSCRIPT]] α[[UNKNOWN]] _{-1}[[POSTSUBSCRIPT]] ^{n}[[POSTSUPERSCRIPT]]
	        > \}[[CLOSE]]
Warning:not_parsed:UNKNOWN.POSTSUBSCRIPT.POSTSUPERSCRIPT>CLOSE MathParser failed to match rule 'Anything'
	at 0303217.tex; line 921 col 21 - line 922 col 4
	In "$\displaystyle\phantom{\{b_{-1}^{i}b_{-1}^{j}\alpha_{-1}^{k}+b_{-1}^{k}b_{-1}^%
	{j}\alpha_{-1}^{i}+b_{-1}^{i}b_{-1}^{k}\alpha_{-1}^{j}}-\frac{2\delta^{ik}}{2-%
	D}b_{-1}^{j}b_{-1}^{n}\alpha_{-1}^{n}\}\mid 0\rangle,{\bf 160_{v}}$"
	-[[ADDOP]] \frac{2\delta^{ik}}{2-D}[[UNKNOWN]] b[[UNKNOWN]] _{-1}[[POSTSUBSCRIPT]] ^{j}[[POSTSUPERSCRIPT]] b[[UNKNOWN]] _{-1}[[POSTSUBSCRIPT]] ^{n}[[POSTSUPERSCRIPT]] α[[UNKNOWN]] _{-1}[[POSTSUBSCRIPT]] ^{n}[[POSTSUPERSCRIPT]]
	        > \}[[CLOSE]] ∣[[VERTBAR]] 0[[NUMBER]] \rangle[[CLOSE]] ,[[PUNCT]] 160[[NUMBER]] _{v}[[POSTSUBSCRIPT]]
Warning:not_parsed:>VERTBAR MathParser failed to match rule 'Anything'
	at 0303217.tex; line 924 col 4 - line 924 col 4
	In "$\displaystyle\mid 3\rangle\equiv\{b_{-1}^{i}b_{-1}^{j}b_{-1}^{k}\}\mid 0%
	\rangle,{\bf 56_{v}}\@@ENDINLINEMATH"
	> ∣[[VERTBAR]] 3[[NUMBER]] \rangle[[CLOSE]] ≡[[RELOP]] {[[UNKNOWN]] b[[UNKNOWN]] _{-1}[[POSTSUBSCRIPT]] ^{i}[[POSTSUPERSCRIPT]] b[[UNKNOWN]] _{-1}[[POSTSUBSCRIPT]] ^{j}[[POSTSUPERSCRIPT]] b[[UNKNOWN]] _{-1}[[POSTSUBSCRIPT]] ^{k}[[POSTSUPERSCRIPT]] \}[[CLOSE]] ∣[[VERTBAR]] 0[[NUMBER]] \rangle[[CLOSE]] ,[[PUNCT]] 56[[NUMBER]] _{v}[[POSTSUBSCRIPT]]
Warning:not_parsed:UNKNOWN.POSTSUBSCRIPT.POSTSUPERSCRIPT>CLOSE MathParser failed to match rule 'Anything'
	at 0303217.tex; line 925 col 2 - line 926 col 4
	In "$\displaystyle\{b_{-1}^{i}b_{-1}^{j}b_{-1}^{k}\}\mid 0\rangle,{\bf 56_{v}}$"
	{[[UNKNOWN]] b[[UNKNOWN]] _{-1}[[POSTSUBSCRIPT]] ^{i}[[POSTSUPERSCRIPT]] b[[UNKNOWN]] _{-1}[[POSTSUBSCRIPT]] ^{j}[[POSTSUPERSCRIPT]] b[[UNKNOWN]] _{-1}[[POSTSUBSCRIPT]] ^{k}[[POSTSUPERSCRIPT]]
	        > \}[[CLOSE]] ∣[[VERTBAR]] 0[[NUMBER]] \rangle[[CLOSE]] ,[[PUNCT]] 56[[NUMBER]] _{v}[[POSTSUBSCRIPT]]
Warning:not_parsed:>VERTBAR MathParser failed to match rule 'Anything'
	at 0303217.tex; line 926 col 4 - line 926 col 4
	In "$\displaystyle\mid 4\rangle\equiv\{b_{-1}^{i}b_{-1}^{j}\alpha_{-1}^{k}-b_{-1}^%
	{i}b_{-1}^{k}\alpha_{-1}^{j}-b_{-1}^{k}b_{-1}^{j}\alpha_{-1}^{i}\}\mid 0%
	\rangle,{\bf 56_{v}}\@@ENDINLINEMATH"
	> ∣[[VERTBAR]] 4[[NUMBER]] \rangle[[CLOSE]] ≡[[RELOP]] {[[UNKNOWN]] b[[UNKNOWN]] _{-1}[[POSTSUBSCRIPT]] ^{i}[[POSTSUPERSCRIPT]] b[[UNKNOWN]] _{-1}[[POSTSUBSCRIPT]] ^{j}[[POSTSUPERSCRIPT]] α[[UNKNOWN]] _{-1}[[POSTSUBSCRIPT]] ^{k}[[POSTSUPERSCRIPT]] -[[ADDOP]] b[[UNKNOWN]] _{-1}[[POSTSUBSCRIPT]] ^{i}[[POSTSUPERSCRIPT]] b[[UNKNOWN]] _{-1}[[POSTSUBSCRIPT]] ^{k}[[POSTSUPERSCRIPT]] α[[UNKNOWN]] _{-1}[[POSTSUBSCRIPT]] ^{j}[[POSTSUPERSCRIPT]] -[[ADDOP]] b[[UNKNOWN]] _{-1}[[POSTSUBSCRIPT]] ^{k}[[POSTSUPERSCRIPT]] b[[UNKNOWN]] _{-1}[[POSTSUBSCRIPT]] ^{j}[[POSTSUPERSCRIPT]] α[[UNKNOWN]] _{-1}[[POSTSUBSCRIPT]] ^{i}[[POSTSUPERSCRIPT]] \}[[CLOSE]] ∣[[VERTBAR]] 0[[NUMBER]] \rangle[[CLOSE]] ,[[PUNCT]] 56[[NUMBER]] _{v}[[POSTSUBSCRIPT]]
Warning:not_parsed:UNKNOWN.POSTSUBSCRIPT.POSTSUPERSCRIPT>CLOSE MathParser failed to match rule 'Anything'
	at 0303217.tex; line 927 col 2 - line 928 col 15
	In "$\displaystyle\{b_{-1}^{i}b_{-1}^{j}\alpha_{-1}^{k}-b_{-1}^{i}b_{-1}^{k}\alpha%
	_{-1}^{j}-b_{-1}^{k}b_{-1}^{j}\alpha_{-1}^{i}\}\mid 0\rangle,{\bf 56_{v}}$"
	{[[UNKNOWN]] b[[UNKNOWN]] _{-1}[[POSTSUBSCRIPT]] ^{i}[[POSTSUPERSCRIPT]] b[[UNKNOWN]] _{-1}[[POSTSUBSCRIPT]] ^{j}[[POSTSUPERSCRIPT]] α[[UNKNOWN]] _{-1}[[POSTSUBSCRIPT]] ^{k}[[POSTSUPERSCRIPT]] -[[ADDOP]] b[[UNKNOWN]] _{-1}[[POSTSUBSCRIPT]] ^{i}[[POSTSUPERSCRIPT]] b[[UNKNOWN]] _{-1}[[POSTSUBSCRIPT]] ^{k}[[POSTSUPERSCRIPT]] α[[UNKNOWN]] _{-1}[[POSTSUBSCRIPT]] ^{j}[[POSTSUPERSCRIPT]] -[[ADDOP]] b[[UNKNOWN]] _{-1}[[POSTSUBSCRIPT]] ^{k}[[POSTSUPERSCRIPT]] b[[UNKNOWN]] _{-1}[[POSTSUBSCRIPT]] ^{j}[[POSTSUPERSCRIPT]] α[[UNKNOWN]] _{-1}[[POSTSUBSCRIPT]] ^{i}[[POSTSUPERSCRIPT]]
	        > \}[[CLOSE]] ∣[[VERTBAR]] 0[[NUMBER]] \rangle[[CLOSE]] ,[[PUNCT]] 56[[NUMBER]] _{v}[[POSTSUBSCRIPT]]
Warning:not_parsed:>VERTBAR MathParser failed to match rule 'Anything'
	at 0303217.tex; line 1000 col 4 - line 1000 col 4
	In "$\displaystyle\mid\psi^{ij}_{\beta}(\alpha\alpha)\rangle+\mid\psi^{ij}_{\beta}%
	(dd)\rangle\equiv(\alpha_{-1}^{i}\alpha_{-1}^{j}-\frac{\delta^{ij}}{D-1}\alpha%
	_{-1}^{k}\alpha_{-1}^{k}-d_{-2}^{i}d_{0}^{j}-d_{-2}^{j}d_{0}^{i}+\frac{2\delta%
	^{ij}}{D-1}d_{-2}^{k}d_{0}^{k})\mid\psi_{\beta}\rangle,\sim{\bf 35_{v}\otimes%
	\bf 8_{s}}\@@ENDINLINEMATH"
	> ∣[[VERTBAR]] ψ[[UNKNOWN]] ^{ij}[[POSTSUPERSCRIPT]] _{\beta}[[POSTSUBSCRIPT]] ([[OPEN]] α[[UNKNOWN]] α[[UNKNOWN]] )[[CLOSE]] \rangle[[CLOSE]] +[[ADDOP]] ∣[[VERTBAR]] ψ[[UNKNOWN]] ^{ij}[[POSTSUPERSCRIPT]] _{\beta}[[POSTSUBSCRIPT]] ([[OPEN]] d[[UNKNOWN]] d[[UNKNOWN]] )[[CLOSE]] \rangle[[CLOSE]] ≡[[RELOP]] ([[OPEN]] α[[UNKNOWN]] _{-1}[[POSTSUBSCRIPT]] ^{i}[[POSTSUPERSCRIPT]] α[[UNKNOWN]] _{-1}[[POSTSUBSCRIPT]] ^{j}[[POSTSUPERSCRIPT]] -[[ADDOP]] \frac{\delta^{ij}}{D-1}[[UNKNOWN]] α[[UNKNOWN]] _{-1}[[POSTSUBSCRIPT]] ^{k}[[POSTSUPERSCRIPT]] α[[UNKNOWN]] _{-1}[[POSTSUBSCRIPT]] ^{k}[[POSTSUPERSCRIPT]] -[[ADDOP]] d[[UNKNOWN]] _{-2}[[POSTSUBSCRIPT]] ^{i}[[POSTSUPERSCRIPT]] d[[UNKNOWN]] _{0}[[POSTSUBSCRIPT]] ^{j}[[POSTSUPERSCRIPT]] -[[ADDOP]] d[[UNKNOWN]] _{-2}[[POSTSUBSCRIPT]] ^{j}[[POSTSUPERSCRIPT]] d[[UNKNOWN]] _{0}[[POSTSUBSCRIPT]] ^{i}[[POSTSUPERSCRIPT]] +[[ADDOP]] \frac{2\delta^{ij}}{D-1}[[UNKNOWN]] ...
Warning:not_parsed:>OPEN MathParser failed to match rule 'Anything'
	at 0303217.tex; line 1002 col 1 - line 1003 col 38
	In "$\displaystyle(\alpha_{-1}^{i}\alpha_{-1}^{j}-\frac{\delta^{ij}}{D-1}\alpha_{-%
	1}^{k}\alpha_{-1}^{k}$"
	> ([[OPEN]] α[[UNKNOWN]] _{-1}[[POSTSUBSCRIPT]] ^{i}[[POSTSUPERSCRIPT]] α[[UNKNOWN]] _{-1}[[POSTSUBSCRIPT]] ^{j}[[POSTSUPERSCRIPT]] -[[ADDOP]] \frac{\delta^{ij}}{D-1}[[UNKNOWN]] α[[UNKNOWN]] _{-1}[[POSTSUBSCRIPT]] ^{k}[[POSTSUPERSCRIPT]] α[[UNKNOWN]] _{-1}[[POSTSUBSCRIPT]] ^{k}[[POSTSUPERSCRIPT]]
Warning:not_parsed:UNKNOWN.POSTSUBSCRIPT.POSTSUPERSCRIPT>CLOSE MathParser failed to match rule 'Anything'
	at 0303217.tex; line 1003 col 41 - line 1006 col 15
	In "$\displaystyle d_{-2}^{i}d_{0}^{j}-d_{-2}^{j}d_{0}^{i}+\frac{2\delta^{ij}}{D-1%
	}d_{-2}^{k}d_{0}^{k})\mid\psi_{\beta}\rangle,\sim{\bf 35_{v}\otimes\bf 8_{s}}$"
	d[[UNKNOWN]] _{-2}[[POSTSUBSCRIPT]] ^{i}[[POSTSUPERSCRIPT]] d[[UNKNOWN]] _{0}[[POSTSUBSCRIPT]] ^{j}[[POSTSUPERSCRIPT]] -[[ADDOP]] d[[UNKNOWN]] _{-2}[[POSTSUBSCRIPT]] ^{j}[[POSTSUPERSCRIPT]] d[[UNKNOWN]] _{0}[[POSTSUBSCRIPT]] ^{i}[[POSTSUPERSCRIPT]] +[[ADDOP]] \frac{2\delta^{ij}}{D-1}[[UNKNOWN]] d[[UNKNOWN]] _{-2}[[POSTSUBSCRIPT]] ^{k}[[POSTSUPERSCRIPT]] d[[UNKNOWN]] _{0}[[POSTSUBSCRIPT]] ^{k}[[POSTSUPERSCRIPT]]
	        > )[[CLOSE]] ∣[[VERTBAR]] ψ[[UNKNOWN]] _{\beta}[[POSTSUBSCRIPT]] \rangle[[CLOSE]] ,[[PUNCT]] ∼[[RELOP]] 35[[NUMBER]] _{v}[[POSTSUBSCRIPT]] ⊗[[MULOP]] 8[[NUMBER]] _{s}[[POSTSUBSCRIPT]]
 20.57 sec)
Math parsing succeeded:
   ltx:XMath: 526/540
   ltx:XMArg: 1648/1648
Symbols assumed as simple identifiers (with # of occurences):
   'A{italic}' (19), 'B{italic}' (9), 'D{italic}' (83), 'F{italic}' (18), 'Gamma' (8), 'G{italic}' (33), 'I{italic}' (7), 'J{italic}' (16), 'L{italic}' (82), 'M{italic}' (17), 'N{italic}' (45), 'O{italic}' (13), 'Psi' (69), 'Sigma' (1), 'S{italic}' (17), 'T{italic}' (21), 'V{italic}' (2), 'X{italic}' (25), 'alpha' (205), 'a{italic}' (4), 'beta' (12), 'b{italic}' (173), 'c{italic}' (13), 'delta' (61), 'd{italic}' (134), 'epsilon' (21), 'eta' (3), 'e{italic}' (63), 'f{italic}' (11), 'g{italic}' (9), 'h{italic}' (18), 'i{italic}' (101), 'j{italic}' (29), 'k{italic}' (32), 'l{italic}' (4), 'm{italic}' (130), 'n{italic}' (98), 'o{italic}' (27), 'phi' (12), 'pi' (11), 'psi' (29), 'p{italic}' (11), 'rho' (12), 'r{italic}' (69), 'sigma' (60), 's{italic}' (50), 'tau' (48), 'theta' (2), 'v{italic}' (20), 'x{italic}' (6), 'y{italic}' (9), 'zeta' (9), 'z{italic}' (3), '{' (15)
Set MATHPARSER_SPECULATE to speculate on possible notations.
(Finalizing... 1.13 sec)
Conversion complete 14 warnings (See /home/user/latex-in-arxiv/0303217.latexml.log) (reqd. 42.26s)
