latexml (LaTeXML version 0.8.6) processing 2003/0303015.tex
(Digesting TeX 0303015...
(Loading /usr/share/perl5/LaTeXML/Package/TeX.pool.ltxml...
(Loading /usr/share/perl5/LaTeXML/Package/eTeX.pool.ltxml... 0.01 sec)
(Loading /usr/share/perl5/LaTeXML/Package/pdfTeX.pool.ltxml... 0.01 sec) 0.19 sec)
(Processing content /home/user/latex-in-arxiv/2003/0303015.tex...
(Loading /usr/share/perl5/LaTeXML/Package/LaTeX.pool.ltxml...
(Loading /usr/share/perl5/LaTeXML/Package/textcomp.sty.ltxml...
(Processing definitions /usr/share/texlive/texmf-dist/tex/latex-dev/base/ts1enc.dfu... 0.03 sec) 1.52 sec) 1.79 sec)
Error:undefined:\includegraphics The token T_CS[\includegraphics] is not defined.
	at 0303015.tex; line 2 col 16 - line 2 col 16
	Defining it now as <ltx:ERROR/>
	Next token is T_BEGIN[{] ( == T_BEGIN[{])
	In Core::Gullet[@0x55d443d0dd58] /home/user/latex-in-arxiv/2003/0303015.tex; from line 2 col 17 to line 2 col 17
	 <= Core::Stomach[@0x55d443d0daa0] <= Core::Definition::Constructor[\begin{... <= Core::Stomach[@0x55d443d0daa0] <= ...
(Loading /usr/share/perl5/LaTeXML/Package/article.cls.ltxml... 0.01 sec)
(Loading /usr/share/perl5/LaTeXML/Package/a4wide.sty.ltxml... 0.00 sec)
(Loading /usr/share/perl5/LaTeXML/Package/graphicx.sty.ltxml...
(Loading /usr/share/perl5/LaTeXML/Package/graphics.sty.ltxml... 0.01 sec) 0.03 sec)
(Loading /usr/share/perl5/LaTeXML/Package/subfigure.sty.ltxml... 0.03 sec)
(Loading /usr/share/perl5/LaTeXML/Package/amsmath.sty.ltxml...
(Loading /usr/share/perl5/LaTeXML/Package/amsbsy.sty.ltxml...
(Loading /usr/share/perl5/LaTeXML/Package/amsgen.sty.ltxml... 0.00 sec) 0.01 sec)
(Loading /usr/share/perl5/LaTeXML/Package/amstext.sty.ltxml... 0.01 sec)
(Loading /usr/share/perl5/LaTeXML/Package/amsopn.sty.ltxml... 0.01 sec) 0.06 sec)
(Loading /usr/share/perl5/LaTeXML/Package/amssymb.sty.ltxml...
(Loading /usr/share/perl5/LaTeXML/Package/amsfonts.sty.ltxml... 0.00 sec) 0.03 sec)
(Loading /usr/share/perl5/LaTeXML/Package/dsfont.sty.ltxml... 0.00 sec)
Info:unexpected:options Unused global options: psfig
	at 0303015.tex; line 224 col 0 - line 224 col 16
Error:missing_file:Z4xZ2fixedpoints.pstex_t Can't find TeX file Z4xZ2fixedpoints.pstex_t
	at 0303015.tex; line 403 col 0 - line 403 col 32
	search paths are /home/user/latex-in-arxiv/2003, /home/user/latex-in-arxiv
	Next token is T_CS[\end] ( == Core::Definition::Expandable[\end {}])
	In Core::Definition::Expandable[\input T... /usr/share/perl5/LaTeXML/Package/TeX.pool.ltxml; line 994
	 <= Core::Gullet[@0x55d443d0dd58] <= Core::Stomach[@0x55d443d0daa0] <= Core::Definition::Constructor[\begin{... <= ...
Error:missing_file:Z4xZ2Oplanes.pstex_t Can't find TeX file Z4xZ2Oplanes.pstex_t
	at 0303015.tex; line 456 col 0 - line 456 col 28
	Next token is T_CS[\end] ( == Core::Definition::Expandable[\end {}])
	In Core::Definition::Expandable[\input T... /usr/share/perl5/LaTeXML/Package/TeX.pool.ltxml; line 994
	 <= Core::Gullet[@0x55d443d0dd58] <= Core::Stomach[@0x55d443d0daa0] <= Core::Definition::Constructor[\begin{... <= ...
Error:missing_file:Z4xZ2braneimages.pstex_t Can't find TeX file Z4xZ2braneimages.pstex_t
	at 0303015.tex; line 500 col 0 - line 500 col 32
	Next token is T_CS[\end] ( == Core::Definition::Expandable[\end {}])
	In Core::Definition::Expandable[\input T... /usr/share/perl5/LaTeXML/Package/TeX.pool.ltxml; line 994
	 <= Core::Gullet[@0x55d443d0dd58] <= Core::Stomach[@0x55d443d0daa0] <= Core::Definition::Constructor[\begin{... <= ...
Error:missing_file:Z4xZ2branerecomb.pstex_t Can't find TeX file Z4xZ2branerecomb.pstex_t
	at 0303015.tex; line 735 col 0 - line 735 col 32
	Next token is T_CS[\end] ( == Core::Definition::Expandable[\end {}])
	In Core::Definition::Expandable[\input T... /usr/share/perl5/LaTeXML/Package/TeX.pool.ltxml; line 994
	 <= Core::Gullet[@0x55d443d0dd58] <= Core::Stomach[@0x55d443d0daa0] <= Core::Definition::Constructor[\begin{... <= ...
Error:missing_file:Z4xZ2specialbranes.pstex_t Can't find TeX file Z4xZ2specialbranes.pstex_t
	at 0303015.tex; line 1012 col 0 - line 1012 col 34
	Next token is T_CS[\end] ( == Core::Definition::Expandable[\end {}])
	In Core::Definition::Expandable[\input T... /usr/share/perl5/LaTeXML/Package/TeX.pool.ltxml; line 994
	 <= Core::Gullet[@0x55d443d0dd58] <= Core::Stomach[@0x55d443d0daa0] <= Core::Definition::Constructor[\begin{... <= ...
 11.90 sec) 12.15 sec)
(Building...
(Loading compiled schema /usr/share/perl5/LaTeXML/resources/RelaxNG/LaTeXML.model... 0.01 sec) 11.66 sec)
(Rewriting... 0.30 sec)
(Math Parsing 654 formulae ......
Warning:not_parsed:UNKNOWN>METARELOP MathParser failed to match rule 'Anything'
	In "$\@@ENDINLINEMATH"
	Θ[[UNKNOWN]]
	        > :[[METARELOP]] $\@@ENDINLINEMATH[[PUNCT]] ([[OPEN]] z[[UNKNOWN]] ^{1}[[POSTSUPERSCRIPT]] ,[[PUNCT]] z[[UNKNOWN]] ^{2}[[POSTSUPERSCRIPT]] ,[[PUNCT]] z[[UNKNOWN]] ^{3}[[POSTSUPERSCRIPT]] )[[CLOSE]] →[[ARROW]] ([[OPEN]] i[[UNKNOWN]] z[[UNKNOWN]] ^{1}[[POSTSUPERSCRIPT]] ,[[PUNCT]] -[[ADDOP]] i[[UNKNOWN]] z[[UNKNOWN]] ^{2}[[POSTSUPERSCRIPT]] ,[[PUNCT]] z[[UNKNOWN]] ^{3}[[POSTSUPERSCRIPT]] )[[CLOSE]]
Warning:not_parsed:UNKNOWN>METARELOP MathParser failed to match rule 'Anything'
	In "$\@@ENDINLINEMATH"
	ω[[UNKNOWN]]
	        > :[[METARELOP]] $\@@ENDINLINEMATH[[PUNCT]] ([[OPEN]] z[[UNKNOWN]] ^{1}[[POSTSUPERSCRIPT]] ,[[PUNCT]] z[[UNKNOWN]] ^{2}[[POSTSUPERSCRIPT]] ,[[PUNCT]] z[[UNKNOWN]] ^{3}[[POSTSUPERSCRIPT]] )[[CLOSE]] →[[ARROW]] ([[OPEN]] z[[UNKNOWN]] ^{1}[[POSTSUPERSCRIPT]] ,[[PUNCT]] -[[ADDOP]] z[[UNKNOWN]] ^{2}[[POSTSUPERSCRIPT]] ,[[PUNCT]] -[[ADDOP]] z[[UNKNOWN]] ^{3}[[POSTSUPERSCRIPT]] )[[CLOSE]]
Warning:not_parsed:UNKNOWN>METARELOP MathParser failed to match rule 'Anything'
	at 0303015.tex; line 371 col 0 - line 373 col 14
	In "\begin{equation}{\cal R}:\qquad z^{i}\longrightarrow z^{\overline{i}},\qquad i%
	=1,2,3.\end{equation}"
	R[[UNKNOWN]]
	        > :[[METARELOP]] \begin{equation}{\calR}:\qquadz^{i}\longrightarrowz^{\overline{i}},\qquadi=1,2,3.\end{equation}[[PUNCT]] z[[UNKNOWN]] ^{i}[[POSTSUPERSCRIPT]] ⟶[[ARROW]] z[[UNKNOWN]] ^{\overline{i}}[[POSTSUPERSCRIPT]] ,[[PUNCT]] i[[UNKNOWN]] =[[RELOP]] 1[[NUMBER]] ,[[PUNCT]] 2[[NUMBER]] ,[[PUNCT]] 3[[NUMBER]]
Warning:not_parsed:UNKNOWN.UNKNOWN.CLOSE>METARELOP MathParser failed to match rule 'Anything'
	at String; line 0 col 0 - line 0 col 0
	In "$\displaystyle\Leftrightarrow\left(\begin{array}[]{cc}n^{a}_{1},&m^{a}_{1}\\
	n^{a}_{2},&m^{a}_{2}\\
	n^{a}_{3},&m^{a}_{3}\end{array}\right),\qquad(\Theta a)\Leftrightarrow\left(%
	\begin{array}[]{cc}-m^{a}_{1},&n^{a}_{1}\\
	m^{a}_{2},&-n^{a}_{2}\\
	n^{a}_{3},&m^{a}_{3}\end{array}\right),\@@ENDINLINEMATH"
	⇔[[METARELOP]] \left([[OPEN]] Alignment[][[ARRAY]] \right)[[CLOSE]] ,[[PUNCT]] ([[OPEN]] Θ[[UNKNOWN]] a[[UNKNOWN]] )[[CLOSE]]
	        > ⇔[[METARELOP]] \left([[OPEN]] Alignment[][[ARRAY]] \right)[[CLOSE]]
Warning:not_parsed:UNKNOWN.CLOSE.POSTSUPERSCRIPT>METARELOP MathParser failed to match rule 'Anything'
	at String; line 0 col 0 - line 0 col 0
	In "$\displaystyle\Leftrightarrow\left(\begin{array}[]{cc}n^{a}_{1},&-m^{a}_{1}\\
	m^{a}_{2},&n^{a}_{2}\\
	n^{a}_{3},&-m^{a}_{3}-2bn^{a}_{3}\end{array}\right),\qquad(\Theta a)^{\prime}%
	\Leftrightarrow\left(\begin{array}[]{cc}-m^{a}_{1},&-n^{a}_{1}\\
	-n^{a}_{2},&m^{a}_{2}\\
	n^{a}_{3},&-m^{a}_{3}-2bn^{a}_{3}\end{array}\right).\@@ENDINLINEMATH"
	⇔[[METARELOP]] \left([[OPEN]] Alignment[][[ARRAY]] \right)[[CLOSE]] ,[[PUNCT]] ([[OPEN]] Θ[[UNKNOWN]] a[[UNKNOWN]] )[[CLOSE]] ^{\prime}[[POSTSUPERSCRIPT]]
	        > ⇔[[METARELOP]] \left([[OPEN]] Alignment[][[ARRAY]] \right)[[CLOSE]]
Warning:not_parsed:INTOP.POSTSUBSCRIPT.POSTSUPERSCRIPT>ATOM MathParser failed to match rule 'Anything'
	In "$\@@ENDINLINEMATH"
	×[[MULOP]] ∫[[INTOP]] _{0}[[POSTSUBSCRIPT]] ^{\infty}[[POSTSUPERSCRIPT]]
	        > \frac{dt}{t^{3}}[[UNKNOWN]] \frac{\vartheta\Bigl{[}\begin{array}[]{c}\scriptstyle\frac{1}{2}\\
	\scriptstyle0\end{array}\Bigr{]}}{\eta^{3}}[[UNKNOWN]] ∏[[SUMOP]] _{j=1}[[POSTSUBSCRIPT]] ^{3}[[POSTSUPERSCRIPT]] \frac{\vartheta\Bigl{[}\!\!\begin{array}[]{c}\scriptstyle\frac{1}{2}+2\frac{\varphi_{j}}{\pi}\\
	\scriptstyle\frac{1-\delta^{(k,l)}_{j}}{4}-\frac{\varphi_{j}}{\pi}\end{array}\!\!\Bigr{]}}{\vartheta\Bigl{[}\!\!\begin{array}[]{c}\scriptstyle\frac{1}{2}+2\frac{\varphi_{j}}{\pi}\\
	\scriptstyle\frac{1+\delta^{(k,l)}_{j}}{4}-\frac{\varphi_{j}}{\pi}\end{array}\!\!\Bigr{]}}[[UNKNOWN]] ([[OPEN]] t[[UNKNOWN]] -[[ADDOP]] \frac{i}{2}[[UNKNOWN]] )[[CLOSE]]
Warning:not_parsed:INTOP.POSTSUBSCRIPT.POSTSUPERSCRIPT>ATOM MathParser failed to match rule 'Anything'
	at String; line 0 col 0 - line 0 col 0
	In "$\displaystyle\times\int_{0}^{\infty}\frac{dt}{t^{3}}\frac{\vartheta\Bigl{[}%
	\begin{array}[]{c}\scriptstyle\frac{1}{2}\\
	\scriptstyle 0\end{array}\Bigr{]}}{\eta^{3}}\prod_{j=1}^{3}\frac{\vartheta%
	\Bigl{[}\!\!\begin{array}[]{c}\scriptstyle\frac{1}{2}+2\frac{\varphi_{j}}{\pi}%
	\\
	\scriptstyle\frac{1-\delta^{(k,l)}_{j}}{4}-\frac{\varphi_{j}}{\pi}\end{array}%
	\!\!\Bigr{]}}{\vartheta\Bigl{[}\!\!\begin{array}[]{c}\scriptstyle\frac{1}{2}+2%
	\frac{\varphi_{j}}{\pi}\\
	\scriptstyle\frac{1+\delta^{(k,l)}_{j}}{4}-\frac{\varphi_{j}}{\pi}\end{array}%
	\!\!\Bigr{]}}(t-\frac{i}{2})\@@ENDINLINEMATH"
	×[[MULOP]] ∫[[INTOP]] _{0}[[POSTSUBSCRIPT]] ^{\infty}[[POSTSUPERSCRIPT]]
	        > \frac{dt}{t^{3}}[[UNKNOWN]] \frac{\vartheta\Bigl{[}\begin{array}[]{c}\scriptstyle\frac{1}{2}\\
	\scriptstyle0\end{array}\Bigr{]}}{\eta^{3}}[[UNKNOWN]] ∏[[SUMOP]] _{j=1}[[POSTSUBSCRIPT]] ^{3}[[POSTSUPERSCRIPT]] \frac{\vartheta\Bigl{[}\!\!\begin{array}[]{c}\scriptstyle\frac{1}{2}+2\frac{\varphi_{j}}{\pi}\\
	\scriptstyle\frac{1-\delta^{(k,l)}_{j}}{4}-\frac{\varphi_{j}}{\pi}\end{array}\!\!\Bigr{]}}{\vartheta\Bigl{[}\!\!\begin{array}[]{c}\scriptstyle\frac{1}{2}+2\frac{\varphi_{j}}{\pi}\\
	\scriptstyle\frac{1+\delta^{(k,l)}_{j}}{4}-\frac{\varphi_{j}}{\pi}\end{array}\!\!\Bigr{]}}[[UNKNOWN]] ([[OPEN]] t[[UNKNOWN]] -[[ADDOP]] \frac{i}{2}[[UNKNOWN]] )[[CLOSE]]
Warning:not_parsed:INTOP.POSTSUBSCRIPT.POSTSUPERSCRIPT>ATOM MathParser failed to match rule 'Anything'
	In "$\@@ENDINLINEMATH"
	×[[MULOP]] ∫[[INTOP]] _{0}[[POSTSUBSCRIPT]] ^{\infty}[[POSTSUPERSCRIPT]]
	        > \frac{dt}{t^{3}}[[UNKNOWN]] \frac{\vartheta\Bigl{[}\begin{array}[]{c}\scriptstyle\frac{1}{2}\\
	\scriptstyle0\end{array}\Bigr{]}}{\eta^{3}}[[UNKNOWN]] \left([[OPEN]] ∏[[SUMOP]] _{j=1}[[POSTSUBSCRIPT]] ^{2}[[POSTSUPERSCRIPT]] \frac{\vartheta\Bigl{[}\!\!\begin{array}[]{c}\scriptstyle\frac{1}{2}+2\frac{\varphi_{j}}{\pi}\\
	\scriptstyle-\frac{\epsilon^{(k,l)}_{j}}{4}-\frac{\varphi_{j}}{\pi}\end{array}\!\!\Bigr{]}}{\vartheta\Bigl{[}\!\!\begin{array}[]{c}\scriptstyle\frac{1}{2}+2\frac{\varphi_{j}}{\pi}\\
	\scriptstyle\frac{\epsilon^{(k,l)}_{j}}{4}-\frac{\varphi_{j}}{\pi}\end{array}\!\!\Bigr{]}}[[UNKNOWN]] \right)[[CLOSE]] \frac{\vartheta\Bigl{[}\!\!\begin{array}[]{c}\scriptstyle\frac{1}{2}+2\frac{\varphi_{3}}{\pi}\\
	\scriptstyle\frac{1-\epsilon^{(k,l)}_{3}}{4}-\frac{\varphi_{3}}{\pi}\end{array}\!\!\Bigr{]}}{\vartheta\Bigl{[}\!\!\begin{array}[]{c}\scriptstyle\frac{1}{2}+2\frac{\varphi_{3}}{\pi}\\
	\scriptstyle\frac{1+\epsilon^{(k,l)}_{3}}{4}-\frac{\varphi_{3}}{\pi}\end{array}\!\!\Bigr{]}}[[UNKNOWN]] ([[OPEN]] t[[UNKNOWN]] -[[ADDOP]] \frac{i}{2}[[UNKNOWN]] )[[CLOSE]]
Warning:not_parsed:INTOP.POSTSUBSCRIPT.POSTSUPERSCRIPT>ATOM MathParser failed to match rule 'Anything'
	at String; line 0 col 0 - line 0 col 0
	In "$\displaystyle\times\int_{0}^{\infty}\frac{dt}{t^{3}}\frac{\vartheta\Bigl{[}%
	\begin{array}[]{c}\scriptstyle\frac{1}{2}\\
	\scriptstyle 0\end{array}\Bigr{]}}{\eta^{3}}\left(\prod_{j=1}^{2}\frac{%
	\vartheta\Bigl{[}\!\!\begin{array}[]{c}\scriptstyle\frac{1}{2}+2\frac{\varphi_%
	{j}}{\pi}\\
	\scriptstyle-\frac{\epsilon^{(k,l)}_{j}}{4}-\frac{\varphi_{j}}{\pi}\end{array}%
	\!\!\Bigr{]}}{\vartheta\Bigl{[}\!\!\begin{array}[]{c}\scriptstyle\frac{1}{2}+2%
	\frac{\varphi_{j}}{\pi}\\
	\scriptstyle\frac{\epsilon^{(k,l)}_{j}}{4}-\frac{\varphi_{j}}{\pi}\end{array}%
	\!\!\Bigr{]}}\right)\frac{\vartheta\Bigl{[}\!\!\begin{array}[]{c}\scriptstyle%
	\frac{1}{2}+2\frac{\varphi_{3}}{\pi}\\
	\scriptstyle\frac{1-\epsilon^{(k,l)}_{3}}{4}-\frac{\varphi_{3}}{\pi}\end{array%
	}\!\!\Bigr{]}}{\vartheta\Bigl{[}\!\!\begin{array}[]{c}\scriptstyle\frac{1}{2}+%
	2\frac{\varphi_{3}}{\pi}\\
	\scriptstyle\frac{1+\epsilon^{(k,l)}_{3}}{4}-\frac{\varphi_{3}}{\pi}\end{array%
	}\!\!\Bigr{]}}(t-\frac{i}{2})\@@ENDINLINEMATH"
	×[[MULOP]] ∫[[INTOP]] _{0}[[POSTSUBSCRIPT]] ^{\infty}[[POSTSUPERSCRIPT]]
	        > \frac{dt}{t^{3}}[[UNKNOWN]] \frac{\vartheta\Bigl{[}\begin{array}[]{c}\scriptstyle\frac{1}{2}\\
	\scriptstyle0\end{array}\Bigr{]}}{\eta^{3}}[[UNKNOWN]] \left([[OPEN]] ∏[[SUMOP]] _{j=1}[[POSTSUBSCRIPT]] ^{2}[[POSTSUPERSCRIPT]] \frac{\vartheta\Bigl{[}\!\!\begin{array}[]{c}\scriptstyle\frac{1}{2}+2\frac{\varphi_{j}}{\pi}\\
	\scriptstyle-\frac{\epsilon^{(k,l)}_{j}}{4}-\frac{\varphi_{j}}{\pi}\end{array}\!\!\Bigr{]}}{\vartheta\Bigl{[}\!\!\begin{array}[]{c}\scriptstyle\frac{1}{2}+2\frac{\varphi_{j}}{\pi}\\
	\scriptstyle\frac{\epsilon^{(k,l)}_{j}}{4}-\frac{\varphi_{j}}{\pi}\end{array}\!\!\Bigr{]}}[[UNKNOWN]] \right)[[CLOSE]] \frac{\vartheta\Bigl{[}\!\!\begin{array}[]{c}\scriptstyle\frac{1}{2}+2\frac{\varphi_{3}}{\pi}\\
	\scriptstyle\frac{1-\epsilon^{(k,l)}_{3}}{4}-\frac{\varphi_{3}}{\pi}\end{array}\!\!\Bigr{]}}{\vartheta\Bigl{[}\!\!\begin{array}[]{c}\scriptstyle\frac{1}{2}+2\frac{\varphi_{3}}{\pi}\\
	\scriptstyle\frac{1+\epsilon^{(k,l)}_{3}}{4}-\frac{\varphi_{3}}{\pi}\end{array}\!\!\Bigr{]}}[[UNKNOWN]] ([[OPEN]] t[[UNKNOWN]] -[[ADDOP]] \frac{i}{2}[[UNKNOWN]] )[[CLOSE]]
Warning:not_parsed:INTOP.POSTSUBSCRIPT.POSTSUPERSCRIPT>UNKNOWN MathParser failed to match rule 'Anything'
	In "$\@@ENDINLINEMATH"
	×[[MULOP]] ∫[[INTOP]] _{0}[[POSTSUBSCRIPT]] ^{\infty}[[POSTSUPERSCRIPT]]
	        > d[[UNKNOWN]] l[[UNKNOWN]] \frac{\vartheta\Bigl{[}\begin{array}[]{c}\scriptstyle\frac{1}{2}\\
	\scriptstyle0\end{array}\Bigr{]}}{\eta^{3}}[[UNKNOWN]] \left([[OPEN]] ∏[[SUMOP]] _{j=1}[[POSTSUBSCRIPT]] ^{2}[[POSTSUPERSCRIPT]] \frac{\vartheta\Bigl{[}\!\!\begin{array}[]{c}\scriptstyle\frac{1}{2}\\
	\scriptstyle\frac{\epsilon^{(k,l)}_{j}}{4}+\frac{\varphi_{j}}{\pi}\end{array}\!\!\Bigr{]}}{\vartheta\Bigl{[}\!\!\begin{array}[]{c}\scriptstyle\frac{1}{2}\\
	\scriptstyle-\frac{\epsilon^{(k,l)}_{j}}{4}+\frac{\varphi_{j}}{\pi}\end{array}\!\!\Bigr{]}}[[UNKNOWN]] \right)[[CLOSE]] \frac{\vartheta\Bigl{[}\!\!\begin{array}[]{c}\scriptstyle\frac{1}{2}\\
	\scriptstyle\frac{1-\epsilon^{(k,l)}_{3}}{4}+\frac{\varphi_{3}}{\pi}\end{array}\!\!\Bigr{]}}{\vartheta\Bigl{[}\!\!\begin{array}[]{c}\scriptstyle\frac{1}{2}\\
	\scriptstyle\frac{1+\epsilon^{(k,l)}_{3}}{4}+\frac{\varphi_{3}}{\pi}\end{array}\!\!\Bigr{]}}[[UNKNOWN]] ([[OPEN]] t[[UNKNOWN]] -[[ADDOP]] \frac{i}{2}[[UNKNOWN]] )[[CLOSE]]
Warning:not_parsed:INTOP.POSTSUBSCRIPT.POSTSUPERSCRIPT>UNKNOWN MathParser failed to match rule 'Anything'
	at String; line 0 col 0 - line 0 col 0
	In "$\displaystyle\times\int_{0}^{\infty}dl\frac{\vartheta\Bigl{[}\begin{array}[]{%
	c}\scriptstyle\frac{1}{2}\\
	\scriptstyle 0\end{array}\Bigr{]}}{\eta^{3}}\left(\prod_{j=1}^{2}\frac{%
	\vartheta\Bigl{[}\!\!\begin{array}[]{c}\scriptstyle\frac{1}{2}\\
	\scriptstyle\frac{\epsilon^{(k,l)}_{j}}{4}+\frac{\varphi_{j}}{\pi}\end{array}%
	\!\!\Bigr{]}}{\vartheta\Bigl{[}\!\!\begin{array}[]{c}\scriptstyle\frac{1}{2}\\
	\scriptstyle-\frac{\epsilon^{(k,l)}_{j}}{4}+\frac{\varphi_{j}}{\pi}\end{array}%
	\!\!\Bigr{]}}\right)\frac{\vartheta\Bigl{[}\!\!\begin{array}[]{c}\scriptstyle%
	\frac{1}{2}\\
	\scriptstyle\frac{1-\epsilon^{(k,l)}_{3}}{4}+\frac{\varphi_{3}}{\pi}\end{array%
	}\!\!\Bigr{]}}{\vartheta\Bigl{[}\!\!\begin{array}[]{c}\scriptstyle\frac{1}{2}%
	\\
	\scriptstyle\frac{1+\epsilon^{(k,l)}_{3}}{4}+\frac{\varphi_{3}}{\pi}\end{array%
	}\!\!\Bigr{]}}(t-\frac{i}{2}).\@@ENDINLINEMATH"
	×[[MULOP]] ∫[[INTOP]] _{0}[[POSTSUBSCRIPT]] ^{\infty}[[POSTSUPERSCRIPT]]
	        > d[[UNKNOWN]] l[[UNKNOWN]] \frac{\vartheta\Bigl{[}\begin{array}[]{c}\scriptstyle\frac{1}{2}\\
	\scriptstyle0\end{array}\Bigr{]}}{\eta^{3}}[[UNKNOWN]] \left([[OPEN]] ∏[[SUMOP]] _{j=1}[[POSTSUBSCRIPT]] ^{2}[[POSTSUPERSCRIPT]] \frac{\vartheta\Bigl{[}\!\!\begin{array}[]{c}\scriptstyle\frac{1}{2}\\
	\scriptstyle\frac{\epsilon^{(k,l)}_{j}}{4}+\frac{\varphi_{j}}{\pi}\end{array}\!\!\Bigr{]}}{\vartheta\Bigl{[}\!\!\begin{array}[]{c}\scriptstyle\frac{1}{2}\\
	\scriptstyle-\frac{\epsilon^{(k,l)}_{j}}{4}+\frac{\varphi_{j}}{\pi}\end{array}\!\!\Bigr{]}}[[UNKNOWN]] \right)[[CLOSE]] \frac{\vartheta\Bigl{[}\!\!\begin{array}[]{c}\scriptstyle\frac{1}{2}\\
	\scriptstyle\frac{1-\epsilon^{(k,l)}_{3}}{4}+\frac{\varphi_{3}}{\pi}\end{array}\!\!\Bigr{]}}{\vartheta\Bigl{[}\!\!\begin{array}[]{c}\scriptstyle\frac{1}{2}\\
	\scriptstyle\frac{1+\epsilon^{(k,l)}_{3}}{4}+\frac{\varphi_{3}}{\pi}\end{array}\!\!\Bigr{]}}[[UNKNOWN]] ([[OPEN]] t[[UNKNOWN]] -[[ADDOP]] \frac{i}{2}[[UNKNOWN]] )[[CLOSE]]
Warning:not_parsed:UNKNOWN.POSTSUPERSCRIPT.POSTSUBSCRIPT>CLOSE MathParser failed to match rule 'Anything'
	at 0303015.tex; line 769 col 2 - line 769 col 2
	In "\begin{equation*}\begin{array}[]{|c|c|c|}\hline\cr\vrule\hfil\rule[-8.535827pt%
	]{0.0pt}{22.762205pt}\text{\bf General chiral spectrum}\hfil\vrule\\
	\hline\cr\hline\cr&\text{multiplicity}&\text{representation}\\
	\hline\cr\hline\cr aa&&U(N_{a}/2)\\
	&3+\frac{1}{2}((n^{a}_{1})^{2}+(m^{a}_{1})^{2})((N^{a}_{2})^{2}+(M^{a}_{2})^{2%
	})&{\bf Adj}_{a}\\
	ab&I_{ab}+I_{a(\Theta b)}&({\bf F}_{a},\overline{\bf F}_{b})\\
	ab^{\prime}&I_{ab^{\prime}}+I_{a(\Theta b)^{\prime}}&({\bf F}_{a},{\bf F}_{b})%
	\\
	aa^{\prime}&\frac{1}{2}(I_{aa^{\prime}}+I_{a(\Theta a)^{\prime}})&{\bf Sym}_{a%
	}\\
	&-\frac{1}{2}(I^{\Omega{\mathcal{R}}\Theta}_{a(\Theta a)^{\prime}}+I^{\Omega{%
	\mathcal{R}}\Theta^{3}}_{a(\Theta a)^{\prime}}+I^{\Omega{\mathcal{R}}\Theta%
	\omega}_{a(\Theta a)^{\prime}}+I^{\Omega{\mathcal{R}}\Theta^{3}\omega}_{a(%
	\Theta a)^{\prime}})&\\
	&\frac{1}{2}(I_{aa^{\prime}}+I_{a(\Theta a)^{\prime}})&{\bf Anti}_{a}\\
	&+\frac{1}{2}(I^{\Omega{\mathcal{R}}\Theta}_{a(\Theta a)^{\prime}}+I^{\Omega{%
	\mathcal{R}}\Theta^{3}}_{a(\Theta a)^{\prime}})+I^{\Omega{\mathcal{R}}\Theta%
	\omega}_{a(\Theta a)^{\prime}}+I^{\Omega{\mathcal{R}}\Theta^{3}\omega}_{a(%
	\Theta a)^{\prime}})&\\
	\hline\cr\end{array}\end{equation*}"
	+[[ADDOP]] \frac{1}{2}[[UNKNOWN]] ([[OPEN]] I[[UNKNOWN]] ^{\Omega{\mathcal{R}}\Theta}[[POSTSUPERSCRIPT]] _{a(\Thetaa)^{\prime}}[[POSTSUBSCRIPT]] +[[ADDOP]] I[[UNKNOWN]] ^{\Omega{\mathcal{R}}\Theta^{3}}[[POSTSUPERSCRIPT]] _{a(\Thetaa)^{\prime}}[[POSTSUBSCRIPT]] )[[CLOSE]] +[[ADDOP]] I[[UNKNOWN]] ^{\Omega{\mathcal{R}}\Theta\omega}[[POSTSUPERSCRIPT]] _{a(\Thetaa)^{\prime}}[[POSTSUBSCRIPT]] +[[ADDOP]] I[[UNKNOWN]] ^{\Omega{\mathcal{R}}\Theta^{3}\omega}[[POSTSUPERSCRIPT]] _{a(\Thetaa)^{\prime}}[[POSTSUBSCRIPT]]
	        > )[[CLOSE]]
Warning:not_parsed:UNKNOWN.POSTSUBSCRIPT>METARELOP MathParser failed to match rule 'Anything'
	In "$\@@ENDINLINEMATH"
	a[[UNKNOWN]] _{1}[[POSTSUBSCRIPT]]
	        > :[[METARELOP]] $\@@ENDINLINEMATH[[PUNCT]] φ[[UNKNOWN]] _{1}[[POSTSUBSCRIPT]] =[[RELOP]] 0[[NUMBER]] ,[[PUNCT]] φ[[UNKNOWN]] _{2}[[POSTSUBSCRIPT]] =[[RELOP]] ϑ[[UNKNOWN]] _{1}[[POSTSUBSCRIPT]] ,[[PUNCT]] φ[[UNKNOWN]] _{3}[[POSTSUBSCRIPT]] =[[RELOP]] -[[ADDOP]] ϑ[[UNKNOWN]] _{1}[[POSTSUBSCRIPT]]
Warning:not_parsed:UNKNOWN.POSTSUBSCRIPT>METARELOP MathParser failed to match rule 'Anything'
	In "$\@@ENDINLINEMATH"
	a[[UNKNOWN]] _{2}[[POSTSUBSCRIPT]]
	        > :[[METARELOP]] $\@@ENDINLINEMATH[[PUNCT]] φ[[UNKNOWN]] _{1}[[POSTSUBSCRIPT]] =[[RELOP]] ϑ[[UNKNOWN]] _{2}[[POSTSUBSCRIPT]] ,[[PUNCT]] φ[[UNKNOWN]] _{2}[[POSTSUBSCRIPT]] =[[RELOP]] 0[[NUMBER]] ,[[PUNCT]] φ[[UNKNOWN]] _{3}[[POSTSUBSCRIPT]] =[[RELOP]] -[[ADDOP]] ϑ[[UNKNOWN]] _{2}[[POSTSUBSCRIPT]]
Warning:not_parsed:UNKNOWN.POSTSUBSCRIPT>METARELOP MathParser failed to match rule 'Anything'
	In "$\@@ENDINLINEMATH"
	a[[UNKNOWN]] _{3}[[POSTSUBSCRIPT]]
	        > :[[METARELOP]] $\@@ENDINLINEMATH[[PUNCT]] φ[[UNKNOWN]] _{1}[[POSTSUBSCRIPT]] =[[RELOP]] ϑ[[UNKNOWN]] _{3}[[POSTSUBSCRIPT]] ,[[PUNCT]] φ[[UNKNOWN]] _{2}[[POSTSUBSCRIPT]] =[[RELOP]] -[[ADDOP]] ϑ[[UNKNOWN]] _{3}[[POSTSUBSCRIPT]] ,[[PUNCT]] φ[[UNKNOWN]] _{3}[[POSTSUBSCRIPT]] =[[RELOP]] 0[[NUMBER]]
Warning:not_parsed:UNKNOWN.POSTSUBSCRIPT>METARELOP MathParser failed to match rule 'Anything'
	In "$\@@ENDINLINEMATH"
	a[[UNKNOWN]] _{4}[[POSTSUBSCRIPT]]
	        > :[[METARELOP]] $\@@ENDINLINEMATH[[PUNCT]] φ[[UNKNOWN]] _{1}[[POSTSUBSCRIPT]] =[[RELOP]] \frac{\pi}{4}[[UNKNOWN]] ,[[PUNCT]] φ[[UNKNOWN]] _{2}[[POSTSUBSCRIPT]] =[[RELOP]] ϑ[[UNKNOWN]] _{4}[[POSTSUBSCRIPT]] ,[[PUNCT]] φ[[UNKNOWN]] _{3}[[POSTSUBSCRIPT]] =[[RELOP]] -[[ADDOP]] ϑ[[UNKNOWN]] _{4}[[POSTSUBSCRIPT]] -[[ADDOP]] \frac{\pi}{4}[[UNKNOWN]]
Warning:not_parsed:UNKNOWN.POSTSUBSCRIPT>METARELOP MathParser failed to match rule 'Anything'
	In "$\@@ENDINLINEMATH"
	a[[UNKNOWN]] _{5}[[POSTSUBSCRIPT]]
	        > :[[METARELOP]] $\@@ENDINLINEMATH[[PUNCT]] φ[[UNKNOWN]] _{1}[[POSTSUBSCRIPT]] =[[RELOP]] ϑ[[UNKNOWN]] _{5}[[POSTSUBSCRIPT]] ,[[PUNCT]] φ[[UNKNOWN]] _{2}[[POSTSUBSCRIPT]] =[[RELOP]] \frac{\pi}{4}[[UNKNOWN]] ,[[PUNCT]] φ[[UNKNOWN]] _{3}[[POSTSUBSCRIPT]] =[[RELOP]] -[[ADDOP]] ϑ[[UNKNOWN]] _{5}[[POSTSUBSCRIPT]] -[[ADDOP]] \frac{\pi}{4}[[UNKNOWN]]
Warning:not_parsed:UNKNOWN.POSTSUBSCRIPT>METARELOP MathParser failed to match rule 'Anything'
	In "$\@@ENDINLINEMATH"
	a[[UNKNOWN]] _{6}[[POSTSUBSCRIPT]]
	        > :[[METARELOP]] $\@@ENDINLINEMATH[[PUNCT]] φ[[UNKNOWN]] _{1}[[POSTSUBSCRIPT]] =[[RELOP]] ϑ[[UNKNOWN]] _{6}[[POSTSUBSCRIPT]] ,[[PUNCT]] φ[[UNKNOWN]] _{2}[[POSTSUBSCRIPT]] =[[RELOP]] -[[ADDOP]] ϑ[[UNKNOWN]] _{6}[[POSTSUBSCRIPT]] -[[ADDOP]] \frac{\pi}{2}[[UNKNOWN]] ,[[PUNCT]] φ[[UNKNOWN]] _{3}[[POSTSUBSCRIPT]] =[[RELOP]] \frac{\pi}{2}[[UNKNOWN]]
Warning:not_parsed:UNKNOWN.POSTSUBSCRIPT>METARELOP MathParser failed to match rule 'Anything'
	In "$\@@ENDINLINEMATH"
	A[[UNKNOWN]] _{1}[[POSTSUBSCRIPT]]
	        > :[[METARELOP]] $\@@ENDINLINEMATH[[PUNCT]] ([[OPEN]] 1[[NUMBER]] ,[[PUNCT]] 0[[NUMBER]] )[[CLOSE]] ×[[MULOP]] ([[OPEN]] 1[[NUMBER]] ,[[PUNCT]] -[[ADDOP]] 1[[NUMBER]] )[[CLOSE]] ×[[MULOP]] ([[OPEN]] 1[[NUMBER]] ,[[PUNCT]] -[[ADDOP]] \frac{1}{4^{b}}[[UNKNOWN]] )[[CLOSE]]
Warning:not_parsed:UNKNOWN.POSTSUBSCRIPT>METARELOP MathParser failed to match rule 'Anything'
	In "$\@@ENDINLINEMATH"
	A[[UNKNOWN]] _{2}[[POSTSUBSCRIPT]]
	        > :[[METARELOP]] $\@@ENDINLINEMATH[[PUNCT]] ([[OPEN]] 1[[NUMBER]] ,[[PUNCT]] 1[[NUMBER]] )[[CLOSE]] ×[[MULOP]] ([[OPEN]] 2[[NUMBER]] ,[[PUNCT]] 0[[NUMBER]] )[[CLOSE]] ×[[MULOP]] ([[OPEN]] 1[[NUMBER]] ,[[PUNCT]] -[[ADDOP]] \frac{1}{4^{b}}[[UNKNOWN]] )[[CLOSE]]
Warning:not_parsed:UNKNOWN.POSTSUBSCRIPT>METARELOP MathParser failed to match rule 'Anything'
	In "$\@@ENDINLINEMATH"
	c[[UNKNOWN]] _{1}[[POSTSUBSCRIPT]]
	        > :[[METARELOP]] $\@@ENDINLINEMATH[[PUNCT]] ([[OPEN]] 1[[NUMBER]] ,[[PUNCT]] 0[[NUMBER]] )[[CLOSE]] ×[[MULOP]] ([[OPEN]] 2[[NUMBER]] ,[[PUNCT]] 0[[NUMBER]] )[[CLOSE]] ×[[MULOP]] ([[OPEN]] 4[[NUMBER]] ^{b}[[POSTSUPERSCRIPT]] ,[[PUNCT]] 0[[NUMBER]] )[[CLOSE]]
Warning:not_parsed:UNKNOWN.POSTSUBSCRIPT>METARELOP MathParser failed to match rule 'Anything'
	In "$\@@ENDINLINEMATH"
	c[[UNKNOWN]] _{2}[[POSTSUBSCRIPT]]
	        > :[[METARELOP]] $\@@ENDINLINEMATH[[PUNCT]] ([[OPEN]] 1[[NUMBER]] ,[[PUNCT]] 0[[NUMBER]] )[[CLOSE]] ×[[MULOP]] ([[OPEN]] 0[[NUMBER]] ,[[PUNCT]] -[[ADDOP]] 2[[NUMBER]] )[[CLOSE]] ×[[MULOP]] ([[OPEN]] 0[[NUMBER]] ,[[PUNCT]] -[[ADDOP]] 1[[NUMBER]] )[[CLOSE]]
Warning:not_parsed:UNKNOWN.POSTSUBSCRIPT>METARELOP MathParser failed to match rule 'Anything'
	In "$\@@ENDINLINEMATH"
	c[[UNKNOWN]] _{3}[[POSTSUBSCRIPT]]
	        > :[[METARELOP]] $\@@ENDINLINEMATH[[PUNCT]] ([[OPEN]] 1[[NUMBER]] ,[[PUNCT]] 1[[NUMBER]] )[[CLOSE]] ×[[MULOP]] ([[OPEN]] 1[[NUMBER]] ,[[PUNCT]] 1[[NUMBER]] )[[CLOSE]] ×[[MULOP]] ([[OPEN]] 4[[NUMBER]] ^{b}[[POSTSUPERSCRIPT]] ,[[PUNCT]] 0[[NUMBER]] )[[CLOSE]]
Warning:not_parsed:UNKNOWN.POSTSUBSCRIPT>METARELOP MathParser failed to match rule 'Anything'
	In "$\@@ENDINLINEMATH"
	c[[UNKNOWN]] _{4}[[POSTSUBSCRIPT]]
	        > :[[METARELOP]] $\@@ENDINLINEMATH[[PUNCT]] ([[OPEN]] 1[[NUMBER]] ,[[PUNCT]] 1[[NUMBER]] )[[CLOSE]] ×[[MULOP]] ([[OPEN]] 1[[NUMBER]] ,[[PUNCT]] -[[ADDOP]] 1[[NUMBER]] )[[CLOSE]] ×[[MULOP]] ([[OPEN]] 0[[NUMBER]] ,[[PUNCT]] -[[ADDOP]] 1[[NUMBER]] )[[CLOSE]]
Warning:not_parsed:UNKNOWN.POSTSUBSCRIPT>METARELOP MathParser failed to match rule 'Anything'
	In "$\@@ENDINLINEMATH"
	a[[UNKNOWN]] _{1}[[POSTSUBSCRIPT]]
	        > :[[METARELOP]] $\@@ENDINLINEMATH[[PUNCT]] ([[OPEN]] n[[UNKNOWN]] _{1}[[POSTSUBSCRIPT]] ,[[PUNCT]] m[[UNKNOWN]] _{1}[[POSTSUBSCRIPT]] )[[CLOSE]] =[[RELOP]] ([[OPEN]] 1[[NUMBER]] ,[[PUNCT]] 0[[NUMBER]] )[[CLOSE]] ,[[PUNCT]] M[[UNKNOWN]] _{2}[[POSTSUBSCRIPT]] =[[RELOP]] \frac{M_{3}R_{2}}{n_{3}R_{1}}[[UNKNOWN]] N[[UNKNOWN]] _{2}[[POSTSUBSCRIPT]]
Warning:not_parsed:UNKNOWN.POSTSUBSCRIPT>METARELOP MathParser failed to match rule 'Anything'
	In "$\@@ENDINLINEMATH"
	a[[UNKNOWN]] _{2}[[POSTSUBSCRIPT]]
	        > :[[METARELOP]] $\@@ENDINLINEMATH[[PUNCT]] ([[OPEN]] N[[UNKNOWN]] _{2}[[POSTSUBSCRIPT]] ,[[PUNCT]] M[[UNKNOWN]] _{2}[[POSTSUBSCRIPT]] )[[CLOSE]] =[[RELOP]] ([[OPEN]] 2[[NUMBER]] ,[[PUNCT]] 0[[NUMBER]] )[[CLOSE]] ,[[PUNCT]] m[[UNKNOWN]] _{1}[[POSTSUBSCRIPT]] =[[RELOP]] -[[ADDOP]] \frac{M_{3}R_{2}}{n_{3}R_{1}}[[UNKNOWN]] n[[UNKNOWN]] _{1}[[POSTSUBSCRIPT]]
Warning:not_parsed:UNKNOWN.POSTSUBSCRIPT>METARELOP MathParser failed to match rule 'Anything'
	In "$\@@ENDINLINEMATH"
	a[[UNKNOWN]] _{3}[[POSTSUBSCRIPT]]
	        > :[[METARELOP]] $\@@ENDINLINEMATH[[PUNCT]] ([[OPEN]] n[[UNKNOWN]] _{3}[[POSTSUBSCRIPT]] ,[[PUNCT]] M[[UNKNOWN]] _{3}[[POSTSUBSCRIPT]] )[[CLOSE]] =[[RELOP]] ([[OPEN]] 4[[NUMBER]] ^{b}[[POSTSUPERSCRIPT]] ,[[PUNCT]] 0[[NUMBER]] )[[CLOSE]] ,[[PUNCT]] m[[UNKNOWN]] _{1}[[POSTSUBSCRIPT]] =[[RELOP]] \frac{M_{2}}{N_{2}}[[UNKNOWN]] n[[UNKNOWN]] _{1}[[POSTSUBSCRIPT]]
Warning:not_parsed:UNKNOWN.POSTSUBSCRIPT>METARELOP MathParser failed to match rule 'Anything'
	In "$\@@ENDINLINEMATH"
	a[[UNKNOWN]] _{4}[[POSTSUBSCRIPT]]
	        > :[[METARELOP]] $\@@ENDINLINEMATH[[PUNCT]] ([[OPEN]] n[[UNKNOWN]] _{1}[[POSTSUBSCRIPT]] ,[[PUNCT]] m[[UNKNOWN]] _{1}[[POSTSUBSCRIPT]] )[[CLOSE]] =[[RELOP]] ([[OPEN]] 1[[NUMBER]] ,[[PUNCT]] 1[[NUMBER]] )[[CLOSE]] ,[[PUNCT]] M[[UNKNOWN]] _{2}[[POSTSUBSCRIPT]] =[[RELOP]] \frac{n_{3}R_{1}+M_{3}R_{2}}{n_{3}R_{1}-M_{3}R_{2}}[[UNKNOWN]] N[[UNKNOWN]] _{2}[[POSTSUBSCRIPT]]
Warning:not_parsed:UNKNOWN.POSTSUBSCRIPT>METARELOP MathParser failed to match rule 'Anything'
	In "$\@@ENDINLINEMATH"
	a[[UNKNOWN]] _{5}[[POSTSUBSCRIPT]]
	        > :[[METARELOP]] $\@@ENDINLINEMATH[[PUNCT]] ([[OPEN]] N[[UNKNOWN]] _{2}[[POSTSUBSCRIPT]] ,[[PUNCT]] M[[UNKNOWN]] _{2}[[POSTSUBSCRIPT]] )[[CLOSE]] =[[RELOP]] ([[OPEN]] 1[[NUMBER]] ,[[PUNCT]] -[[ADDOP]] 1[[NUMBER]] )[[CLOSE]] ,[[PUNCT]] m[[UNKNOWN]] _{1}[[POSTSUBSCRIPT]] =[[RELOP]] -[[ADDOP]] \frac{n_{3}R_{1}+M_{3}R_{2}}{n_{3}R_{1}-M_{3}R_{2}}[[UNKNOWN]] n[[UNKNOWN]] _{1}[[POSTSUBSCRIPT]]
Warning:not_parsed:UNKNOWN.POSTSUBSCRIPT>METARELOP MathParser failed to match rule 'Anything'
	In "$\@@ENDINLINEMATH"
	a[[UNKNOWN]] _{6}[[POSTSUBSCRIPT]]
	        > :[[METARELOP]] $\@@ENDINLINEMATH[[PUNCT]] ([[OPEN]] n[[UNKNOWN]] _{3}[[POSTSUBSCRIPT]] ,[[PUNCT]] M[[UNKNOWN]] _{3}[[POSTSUBSCRIPT]] )[[CLOSE]] =[[RELOP]] ([[OPEN]] 0[[NUMBER]] ,[[PUNCT]] -[[ADDOP]] 1[[NUMBER]] )[[CLOSE]] ,[[PUNCT]] m[[UNKNOWN]] _{1}[[POSTSUBSCRIPT]] =[[RELOP]] -[[ADDOP]] \frac{N_{2}}{M_{2}}[[UNKNOWN]] n[[UNKNOWN]] _{1}[[POSTSUBSCRIPT]]
 14.91 sec)
Math parsing succeeded:
   ltx:XMath: 627/656
   ltx:XMArg: 3532/3533
Symbols assumed as simple identifiers (with # of occurences):
   'Adj{bold}' (3), 'Anti{bold}' (6), 'A{bold}' (2), 'A{caligraphic}' (1), 'A{italic}' (62), 'B{bold}' (2), 'B{italic}' (6), 'C{italic}' (6), 'F{bold}' (51), 'F{italic}' (6), 'G{italic}' (1), 'H{italic}' (25), 'I{italic}' (94), 'K{caligraphic}' (1), 'L{caligraphic}' (4), 'L{italic}' (16), 'M{caligraphic}' (8), 'M{italic}' (144), 'N{blackboard}' (1), 'N{bold}' (2), 'N{caligraphic}' (4), 'N{italic}' (158), 'Omega' (68), 'Phi' (6), 'R{blackboard}' (4), 'R{caligraphic}' (75), 'R{italic}' (110), 'Sym{bold}' (5), 'S{italic}' (42), 'Theta' (156), 'T{bold}' (6), 'T{italic}' (83), 'U{italic}' (62), 'V{italic}' (2), 'W{italic}' (1), 'Z{blackboard}' (75), 'Z{italic}' (1), 'a{italic}' (283), 'b{bold}' (2), 'b{italic}' (51), 'c{italic}' (113), 'delta' (11), 'd{italic}' (14), 'epsilon' (21), 'eta' (7), 'e{italic}' (29), 'gamma' (25), 'g{italic}' (1), 'h{italic}' (15), 'i{italic}' (57), 'j{italic}' (14), 'k{italic}' (72), 'l{italic}' (56), 'm{italic}' (123), 'n{italic}' (197), 'omega' (52), 'pi' (8), 'p{italic}' (15), 't{italic}' (29), 'u{italic}' (12), 'varphi' (107), 'vartheta' (83), 'v{italic}' (4), 'x{italic}' (29), 'y{italic}' (6), 'z{italic}' (43)
Set MATHPARSER_SPECULATE to speculate on possible notations.
(Finalizing... 1.75 sec)
Conversion complete 30 warnings; 6 errors; 1 undefined macro[\includegraphics]; 5 missing files[Z4xZ2specialbranes.pstex_t, Z4xZ2braneimages.pstex_t, Z4xZ2Oplanes.pstex_t, Z4xZ2fixedpoints.pstex_t, Z4xZ2branerecomb.pstex_t] (See /home/user/latex-in-arxiv/0303015.latexml.log) (reqd. 41.93s)
