latexml (LaTeXML version 0.8.6) processing 2003/0303082.tex
(Digesting TeX 0303082...
(Loading /usr/share/perl5/LaTeXML/Package/TeX.pool.ltxml...
(Loading /usr/share/perl5/LaTeXML/Package/eTeX.pool.ltxml... 0.01 sec)
(Loading /usr/share/perl5/LaTeXML/Package/pdfTeX.pool.ltxml... 0.01 sec) 0.24 sec)
(Processing content /home/user/latex-in-arxiv/2003/0303082.tex...
(Loading /usr/share/perl5/LaTeXML/Package/LaTeX.pool.ltxml...
(Loading /usr/share/perl5/LaTeXML/Package/textcomp.sty.ltxml...
(Processing definitions /usr/share/texlive/texmf-dist/tex/latex-dev/base/ts1enc.dfu... 0.06 sec) 1.83 sec) 2.17 sec)
(Loading /usr/share/perl5/LaTeXML/Package/article.cls.ltxml... 0.02 sec)
(Loading /usr/share/perl5/LaTeXML/Package/theorem.sty.ltxml...
(Loading /usr/share/perl5/LaTeXML/Package/amsthm.sty.ltxml... 0.01 sec) 0.02 sec)
(Loading /usr/share/perl5/LaTeXML/Package/amssymb.sty.ltxml...
(Loading /usr/share/perl5/LaTeXML/Package/amsfonts.sty.ltxml... 0.00 sec) 0.03 sec)
(Loading /usr/share/perl5/LaTeXML/Package/amsbsy.sty.ltxml...
(Loading /usr/share/perl5/LaTeXML/Package/amsgen.sty.ltxml... 0.01 sec) 0.02 sec)
(Loading /usr/share/perl5/LaTeXML/Package/latexsym.sty.ltxml... 0.00 sec)
Info:unexpected:titlepage When using titlepage, Frontmatter will not be well-structured
	at 0303082.tex; line 189 col 0 - line 189 col 17
(Loading /usr/share/perl5/LaTeXML/Package/amsb.fontmap.ltxml... 0.00 sec) 6.08 sec) 6.36 sec)
(Building...
(Loading compiled schema /usr/share/perl5/LaTeXML/resources/RelaxNG/LaTeXML.model... 0.02 sec) 5.93 sec)
(Rewriting... 0.17 sec)
(Math Parsing 193 formulae ...... 10.71 sec)
Math parsing succeeded:
   ltx:XMath: 193/193
   ltx:XMArg: 650/650
   ltx:XMWrap: 4/4
Symbols assumed as simple identifiers (with # of occurences):
   'A{italic}' (35), 'B{italic}' (15), 'D{italic}' (2), 'E{italic}' (8), 'F{italic}' (8), 'G{italic}' (7), 'H{italic}' (9), 'Im' (1), 'J{italic}' (6), 'Lambda' (67), 'L{italic}' (2), 'M{italic}' (8), 'N{italic}' (22), 'O{italic}' (3), 'Phi' (23), 'S{italic}' (4), 'Tr' (7), 'U{italic}' (6), 'W{italic}' (23), 'Z{italic}' (5), 'a{italic}' (23), 'b{italic}' (19), 'd' (27), 'delta' (4), 'e' (21), 'ell' (62), 'epsilon' (6), 'g{italic}' (23), 'i' (18), 'k{italic}' (8), 'lambda' (44), 'mu' (12), 'm{italic}' (41), 'nu' (12), 'n{italic}' (56), 'phi' (24), 'pi' (56), 'p{italic}' (35), 'q{italic}' (8), 'r{italic}' (12), 'sigma' (3), 's{italic}' (8), 'theta' (33), 't{italic}' (8), 'u{italic}' (6), 'varphi' (6), 'xi' (34), 'x{italic}' (57), 'y{italic}' (37), 'z{italic}' (11)
Set MATHPARSER_SPECULATE to speculate on possible notations.
(Finalizing... 1.00 sec)
Conversion complete No obvious problems (reqd. 25.01s)
