latexmlpost (LaTeXML version 0.8.6) paginating /home/user/latex-in-arxiv/2003/0303267.xml
Error:malformed:document Document fails RelaxNG validation (LaTeXML)
	Validation reports: /home/user/latex-in-arxiv/2003/0303267.xml:0: Relax-NG validity error : Element document has extra content: resource
	(Jing may provide a more precise report; https://relaxng.org/jclark/jing.html)
	In Post::Document[] /home/user/latex-in-arxiv/2003/0303267.xml
(post-processing...
(Scan  processing...
Scan: DBStatus: 843/0 objects
 0.28 sec)
(MakeBibliography  processing... 0.00 sec)
(CrossRef  processing...
Warning:expected:ids Missing File location for ID: S3.E6,S3.E1,bib.bib1,bib.bib10,bib.bib9,bib.bib2,S3.E12,bib.bib7,S3.E18,bib.bib3,S3.E7,S3.E13,S3.E9,bib.bib6,S3.E5,bib.bib5,S3.E11,bib.bib4,bib.bib8
	In Post::CrossRef[@0x55e875591c40] ->process
 0.17 sec)
(MathML::Presentation  401 to process...
Warning:unexpected:nested-math We're getting m:math nested within an m:mtext
	In Post::MathML::Presentation[@0x55e8752... ->pmml_top
Warning:unexpected:nested-math We're getting m:math nested within an m:mtext
	In Post::MathML::Presentation[@0x55e8752... ->pmml_top
Warning:unexpected:nested-math We're getting m:math nested within an m:mtext
	In Post::MathML::Presentation[@0x55e8752... ->pmml_top
Warning:unexpected:nested-math We're getting m:math nested within an m:mtext
	In Post::MathML::Presentation[@0x55e8752... ->pmml_top
Warning:unexpected:nested-math We're getting m:math nested within an m:mtext
	In Post::MathML::Presentation[@0x55e8752... ->pmml_top
converted 401 Maths
 1.66 sec)
(XSLT[using LaTeXML-html5.xsl]  processing... 0.22 sec)
(Writer  processing... 0.01 sec) 2.34 sec)
Postprocessing complete 6 warnings; 1 error (See /home/user/latex-in-arxiv/0303267.latexmlpost.log) (reqd. 2.60s)
