latexml (LaTeXML version 0.8.6) processing 2003/0303080_cleaned.tex
(Digesting TeX 0303080_cleaned...
(Loading /usr/share/perl5/LaTeXML/Package/TeX.pool.ltxml...
(Loading /usr/share/perl5/LaTeXML/Package/eTeX.pool.ltxml... 0.00 sec)
(Loading /usr/share/perl5/LaTeXML/Package/pdfTeX.pool.ltxml... 0.01 sec) 0.11 sec)
(Processing content /home/user/latex-in-arxiv/2003/0303080_cleaned.tex...
(Loading /usr/share/perl5/LaTeXML/Package/LaTeX.pool.ltxml...
(Loading /usr/share/perl5/LaTeXML/Package/textcomp.sty.ltxml...
(Processing definitions /usr/share/texlive/texmf-dist/tex/latex-dev/base/ts1enc.dfu... 0.02 sec) 0.85 sec) 1.01 sec)
(Loading /usr/share/perl5/LaTeXML/Package/article.cls.ltxml... 0.01 sec)
(Loading /usr/share/perl5/LaTeXML/Package/amssymb.sty.ltxml...
(Loading /usr/share/perl5/LaTeXML/Package/amsfonts.sty.ltxml... 0.00 sec) 0.01 sec)
(Loading /usr/share/perl5/LaTeXML/Package/latexsym.sty.ltxml... 0.00 sec)
(Loading /usr/share/perl5/LaTeXML/Package/amsmath.sty.ltxml...
(Loading /usr/share/perl5/LaTeXML/Package/amsbsy.sty.ltxml...
(Loading /usr/share/perl5/LaTeXML/Package/amsgen.sty.ltxml... 0.00 sec) 0.01 sec)
(Loading /usr/share/perl5/LaTeXML/Package/amstext.sty.ltxml... 0.00 sec)
(Loading /usr/share/perl5/LaTeXML/Package/amsopn.sty.ltxml... 0.00 sec) 0.04 sec)
(Loading /usr/share/perl5/LaTeXML/Package/amscd.sty.ltxml... 0.01 sec)
(Loading /usr/share/perl5/LaTeXML/Package/theorem.sty.ltxml...
(Loading /usr/share/perl5/LaTeXML/Package/amsthm.sty.ltxml... 0.00 sec) 0.01 sec)
(Loading /usr/share/perl5/LaTeXML/Package/citesort.sty.ltxml... 0.00 sec)
(Loading /usr/share/perl5/LaTeXML/Package/eucal.sty.ltxml... 0.00 sec)
(Loading /usr/share/perl5/LaTeXML/Package/inputenc.sty.ltxml...
(Processing definitions /usr/share/texlive/texmf-dist/tex/latex-dev/base/latin1.def... 0.03 sec) 0.04 sec)
(Loading /usr/share/perl5/LaTeXML/Package/bbm.sty.ltxml... 0.00 sec)
Info:ignore:proof Ignoring redefinition (\newenvironment) of Environment 'proof'
	at 0303080_cleaned.tex; line 131 col 0 - line 131 col 73
 6.23 sec) 6.37 sec)
(Building...
(Loading compiled schema /usr/share/perl5/LaTeXML/resources/RelaxNG/LaTeXML.model... 0.01 sec) 4.90 sec)
(Rewriting... 0.11 sec)
(Math Parsing 566 formulae ......
Warning:not_parsed:FLOATSUPERSCRIPT>METARELOP MathParser failed to match rule 'Anything'
	at 0303080_cleaned.tex; line 910 col 24 - line 910 col 54
	In "${}^{*}:\mathcal{A}\to\mathcal{A}$"
	{}^{*}[[FLOATSUPERSCRIPT]]
	        > :[[METARELOP]] A[[UNKNOWN]] →[[ARROW]] A[[UNKNOWN]]
 8.50 sec)
Math parsing succeeded:
   ltx:XMWrap: 22/22
   ltx:XMath: 565/566
   ltx:XMArg: 590/590
Symbols assumed as simple identifiers (with # of occurences):
   'A{caligraphic}' (44), 'A{italic}' (64), 'BCH' (2), 'B{caligraphic}' (22), 'B{italic}' (24), 'C{blackboard}' (6), 'C{italic}' (35), 'C{sansserif}' (12), 'Delta' (2), 'Diffops' (3), 'D{italic}' (2), 'End{sansserif}' (2), 'Exp' (1), 'E{caligraphic}' (12), 'E{italic}' (8), 'Gamma' (4), 'G{italic}' (1), 'H{caligraphic}' (36), 'H{italic}' (6), 'J{caligraphic}' (4), 'K{caligraphic}' (7), 'L{caligraphic}' (1), 'M{italic}' (28), 'N{italic}' (6), 'O{italic}' (1), 'Phi' (3), 'Pol' (5), 'P{bold}' (4), 'P{italic}' (10), 'P{sansserif}' (9), 'Q{italic}' (12), 'R{blackboard}' (22), 'R{sansserif}' (10), 'S{italic}' (13), 'Theta' (6), 'T{italic}' (12), 'U{caligraphic}' (2), 'U{italic}' (2), 'V{italic}' (1), 'W{italic}' (2), 'alpha' (17), 'a{italic}' (5), 'beta' (1), 'b{italic}' (2), 'chi' (3), 'c{italic}' (2), 'delta' (1), 'd{italic}' (11), 'e' (10), 'ell' (3), 'f{italic}' (70), 'g{fraktur}' (15), 'g{italic}' (51), 'h{italic}' (6), 'i' (15), 'id{sansserif}' (2), 'i{italic}' (18), 'j{italic}' (16), 'k{italic}' (6), 'lambda' (42), 'mu' (3), 'm{italic}' (2), 'n{italic}' (7), 'omega' (36), 'phi' (41), 'pi' (15), 'psi' (24), 'p{italic}' (15), 'q{italic}' (19), 'r{italic}' (19), 'sigma' (4), 's{italic}' (4), 'varrho' (31), 'v{italic}' (4), 'w{italic}' (6), 'xi' (3), 'x{italic}' (78), 'y{italic}' (41), 'z{italic}' (8)
Set MATHPARSER_SPECULATE to speculate on possible notations.
(Finalizing... 1.26 sec)
Conversion complete 1 warning (See /home/user/latex-in-arxiv/0303080_cleaned.latexml.log) (reqd. 21.93s)
