latexml (LaTeXML version 0.8.6) processing 2003/0303070.tex
(Digesting TeX 0303070...
(Loading /usr/share/perl5/LaTeXML/Package/TeX.pool.ltxml...
(Loading /usr/share/perl5/LaTeXML/Package/eTeX.pool.ltxml... 0.01 sec)
(Loading /usr/share/perl5/LaTeXML/Package/pdfTeX.pool.ltxml... 0.01 sec) 0.25 sec)
(Processing content /home/user/latex-in-arxiv/2003/0303070.tex...
(Loading /usr/share/perl5/LaTeXML/Package/LaTeX.pool.ltxml...
(Loading /usr/share/perl5/LaTeXML/Package/textcomp.sty.ltxml...
(Processing definitions /usr/share/texlive/texmf-dist/tex/latex-dev/base/ts1enc.dfu... 0.05 sec) 1.97 sec) 2.35 sec)
(Loading /usr/share/perl5/LaTeXML/Package/revtex4.cls.ltxml...
(Loading /usr/share/perl5/LaTeXML/Package/article.cls.ltxml... 0.02 sec)
(Loading /usr/share/perl5/LaTeXML/Package/revtex4_support.sty.ltxml...
(Loading /usr/share/perl5/LaTeXML/Package/hyperref.sty.ltxml...
(Loading /usr/share/perl5/LaTeXML/Package/keyval.sty.ltxml...
(Processing definitions /usr/share/texlive/texmf-dist/tex/latex-dev/graphics/keyval.sty... 0.03 sec) 0.03 sec)
(Loading /usr/share/perl5/LaTeXML/Package/nameref.sty.ltxml... 0.00 sec)
(Loading /usr/share/perl5/LaTeXML/Package/url.sty.ltxml... 0.00 sec) 0.13 sec)
(Loading /usr/share/perl5/LaTeXML/Package/natbib.sty.ltxml... 0.03 sec)
(Loading /usr/share/perl5/LaTeXML/Package/revsymb.sty.ltxml... 0.01 sec)
(Loading /usr/share/perl5/LaTeXML/Package/longtable.sty.ltxml... 0.01 sec)
(Loading /usr/share/perl5/LaTeXML/Package/dcolumn.sty.ltxml...
(Loading /usr/share/perl5/LaTeXML/Package/array.sty.ltxml... 0.00 sec) 0.01 sec) 0.26 sec) 0.82 sec) 5.85 sec) 6.12 sec)
(Building...
(Loading compiled schema /usr/share/perl5/LaTeXML/resources/RelaxNG/LaTeXML.model... 0.02 sec) 5.50 sec)
(Rewriting... 0.24 sec)
(Math Parsing 223 formulae ......
Warning:not_parsed:UNKNOWN.POSTSUPERSCRIPT.UNKNOWN>OPEN MathParser failed to match rule 'Anything'
	at 0303070.tex; line 126 col 11 - line 126 col 54
	In "$\Gamma_{k}=\int\limits d^{D}x\{U_{k}(\rho)$"
	Γ[[UNKNOWN]] _{k}[[POSTSUBSCRIPT]] =[[RELOP]] ∫[[INTOP]] d[[UNKNOWN]] ^{D}[[POSTSUPERSCRIPT]] x[[UNKNOWN]]
	        > \{[[OPEN]] U[[UNKNOWN]] _{k}[[POSTSUBSCRIPT]] ([[OPEN]] ρ[[UNKNOWN]] )[[CLOSE]]
Warning:not_parsed:OPERATOR.POSTSUPERSCRIPT.CLOSE>CLOSE MathParser failed to match rule 'Anything'
	at 0303070.tex; line 130 col 2 - line 130 col 158
	In "$~{}~{}~{}~{}~{}~{}~{}~{}~{}~{}~{}~{}~{}~{}\;+Z_{D,k}(\rho)\cdot\frac{1}{4!}%
	\varphi\varphi\partial_{\mu}\partial^{\mu}\varphi\partial_{\nu}\partial^{\nu}%
	\varphi+O(\partial^{6})\}$"
	+[[ADDOP]] Z[[UNKNOWN]] _{D,k}[[POSTSUBSCRIPT]] ([[OPEN]] ρ[[UNKNOWN]] )[[CLOSE]] ⋅[[MULOP]] \frac{1}{4!}[[UNKNOWN]] φ[[UNKNOWN]] φ[[UNKNOWN]] ∂[[OPERATOR]] _{\mu}[[POSTSUBSCRIPT]] ∂[[OPERATOR]] ^{\mu}[[POSTSUPERSCRIPT]] φ[[UNKNOWN]] ∂[[OPERATOR]] _{\nu}[[POSTSUBSCRIPT]] ∂[[OPERATOR]] ^{\nu}[[POSTSUPERSCRIPT]] φ[[UNKNOWN]] +[[ADDOP]] O[[UNKNOWN]] ([[OPEN]] ∂[[OPERATOR]] ^{6}[[POSTSUPERSCRIPT]] )[[CLOSE]]
	        > \}[[CLOSE]]
Warning:not_parsed:UNKNOWN.POSTSUPERSCRIPT.UNKNOWN>OPEN MathParser failed to match rule 'Anything'
	at 0303070.tex; line 158 col 11 - line 158 col 52
	In "$\Gamma_{k}=\int\limits d^{D}x\{U(\rho)$"
	Γ[[UNKNOWN]] _{k}[[POSTSUBSCRIPT]] =[[RELOP]] ∫[[INTOP]] d[[UNKNOWN]] ^{D}[[POSTSUPERSCRIPT]] x[[UNKNOWN]]
	        > \{[[OPEN]] U[[UNKNOWN]] ([[OPEN]] ρ[[UNKNOWN]] )[[CLOSE]]
Warning:not_parsed:OPERATOR.POSTSUPERSCRIPT.CLOSE>CLOSE MathParser failed to match rule 'Anything'
	at 0303070.tex; line 160 col 2 - line 160 col 138
	In "$~{}~{}~{}~{}~{}~{}~{}~{}~{}~{}~{}~{}~{}~{}~{}~{}+Z_{1}(\rho)\cdot\frac{1}{2!}%
	\partial_{\mu}\partial^{\mu}\varphi\partial_{\nu}\partial^{\nu}\varphi+O(%
	\partial^{4})\}$"
	+[[ADDOP]] Z[[UNKNOWN]] _{1}[[POSTSUBSCRIPT]] ([[OPEN]] ρ[[UNKNOWN]] )[[CLOSE]] ⋅[[MULOP]] \frac{1}{2!}[[UNKNOWN]] ∂[[OPERATOR]] _{\mu}[[POSTSUBSCRIPT]] ∂[[OPERATOR]] ^{\mu}[[POSTSUPERSCRIPT]] φ[[UNKNOWN]] ∂[[OPERATOR]] _{\nu}[[POSTSUBSCRIPT]] ∂[[OPERATOR]] ^{\nu}[[POSTSUPERSCRIPT]] φ[[UNKNOWN]] +[[ADDOP]] O[[UNKNOWN]] ([[OPEN]] ∂[[OPERATOR]] ^{4}[[POSTSUPERSCRIPT]] )[[CLOSE]]
	        > \}[[CLOSE]]
Warning:not_parsed:CLOSE.RELOP.ATOM>MULOP MathParser failed to match rule 'Anything'
	at 0303070.tex; line 177 col 2 - line 177 col 241
	In "$\Gamma^{(n)}(q_{1},...,q_{n})=\frac{\delta}{\delta\varphi(q_{1})}\cdot\!\cdot%
	\!\cdot\frac{\delta}{\delta\varphi(q_{n})}\;\Gamma=\frac{\delta}{\delta\chi(q_%
	{1})}\cdot\!\cdot\!\cdot\frac{\delta}{\delta\chi(q_{n})}\;\Gamma\mid_{\chi=0}$"
	Γ[[UNKNOWN]] ^{(n)}[[POSTSUPERSCRIPT]] ([[OPEN]] q[[UNKNOWN]] _{1}[[POSTSUBSCRIPT]] ,[[PUNCT]] ...[[ID]] ,[[PUNCT]] q[[UNKNOWN]] _{n}[[POSTSUBSCRIPT]] )[[CLOSE]] =[[RELOP]] \frac{\delta}{\delta\varphi(q_{1})}[[UNKNOWN]]
	        > ⋅[[MULOP]] ⋅[[MULOP]] ⋅[[MULOP]] \frac{\delta}{\delta\varphi(q_{n})}[[UNKNOWN]] Γ[[UNKNOWN]] =[[RELOP]] \frac{\delta}{\delta\chi(q_{1})}[[UNKNOWN]] ⋅[[MULOP]] ⋅[[MULOP]] ⋅[[MULOP]] \frac{\delta}{\delta\chi(q_{n})}[[UNKNOWN]] Γ[[UNKNOWN]] ∣[[VERTBAR]] _{\chi=0}[[POSTSUBSCRIPT]]
Warning:not_parsed:CLOSE.RELOP.ATOM>OPEN MathParser failed to match rule 'Anything'
	at 0303070.tex; line 185 col 2 - line 185 col 76
	In "$~{}~{}~{}~{}\Gamma^{(3)}(p+q,-q,-p)=\sqrt{2\rho}~{}\{~{}3U^{\prime\prime}+2%
	\rho U^{\prime\prime\prime}$"
	Γ[[UNKNOWN]] ^{(3)}[[POSTSUPERSCRIPT]] ([[OPEN]] p[[UNKNOWN]] +[[ADDOP]] q[[UNKNOWN]] ,[[PUNCT]] -[[ADDOP]] q[[UNKNOWN]] ,[[PUNCT]] -[[ADDOP]] p[[UNKNOWN]] )[[CLOSE]] =[[RELOP]] \sqrt{2\rho}[[UNKNOWN]]
	        > \{[[OPEN]] 3[[NUMBER]] U[[UNKNOWN]] ^{\prime\prime}[[POSTSUPERSCRIPT]] +[[ADDOP]] 2[[NUMBER]] ρ[[UNKNOWN]] U[[UNKNOWN]] ^{\prime\prime\prime}[[POSTSUPERSCRIPT]]
Warning:not_parsed:UNKNOWN.POSTSUBSCRIPT.POSTSUPERSCRIPT>CLOSE MathParser failed to match rule 'Anything'
	at 0303070.tex; line 187 col 2 - line 187 col 67
	In "$~{}~{}~{}~{}~{}~{}~{}~{}~{}+(p^{4}+2p^{2}(pq)+3p^{2}q^{2}+2(pq)q^{2}+q^{4})%
	\cdot{Z_{1}^{\prime}}~{}\}$"
	+[[ADDOP]] ([[OPEN]] p[[UNKNOWN]] ^{4}[[POSTSUPERSCRIPT]] +[[ADDOP]] 2[[NUMBER]] p[[UNKNOWN]] ^{2}[[POSTSUPERSCRIPT]] ([[OPEN]] p[[UNKNOWN]] q[[UNKNOWN]] )[[CLOSE]] +[[ADDOP]] 3[[NUMBER]] p[[UNKNOWN]] ^{2}[[POSTSUPERSCRIPT]] q[[UNKNOWN]] ^{2}[[POSTSUPERSCRIPT]] +[[ADDOP]] 2[[NUMBER]] ([[OPEN]] p[[UNKNOWN]] q[[UNKNOWN]] )[[CLOSE]] q[[UNKNOWN]] ^{2}[[POSTSUPERSCRIPT]] +[[ADDOP]] q[[UNKNOWN]] ^{4}[[POSTSUPERSCRIPT]] )[[CLOSE]] ⋅[[MULOP]] Z[[UNKNOWN]] _{1}[[POSTSUBSCRIPT]] ^{\prime}[[POSTSUPERSCRIPT]]
	        > \}[[CLOSE]]
Warning:not_parsed:NUMBER.ADDOP.UNKNOWN>PUNCT MathParser failed to match rule 'Anything'
	at 0303070.tex; line 279 col 108 - line 279 col 108
	In "$~{}~{}~{}~{}+4\sigma c_{0}c_{1}\cdot(~{}~{}~{}~{}~{}~{}~{}~{}~{}~{}~{}~{}-%
	\frac{~{}0+~{}2D}{D}J_{4}^{0}+\frac{~{}~{}~{}~{}~{}8+D~{}~{}~{}\;}{D}K_{4}^{1})$"
	8[[NUMBER]] +[[ADDOP]] D[[UNKNOWN]]
	        > \frac{~{}~{}~{}~{}~{}8+D~{}~{}~{}\;}{D}[[PUNCT]]
Warning:not_parsed:NUMBER.ADDOP.UNKNOWN>PUNCT MathParser failed to match rule 'Anything'
	at 0303070.tex; line 280 col 107 - line 280 col 107
	In "$~{}~{}~{}~{}+2\sigma c_{1}c_{1}\cdot(\frac{~{}0+~{}2D}{D}I_{3}^{0}-\frac{10+~%
	{}4D}{D}J_{4}^{1}+\frac{~{}~{}~{}~{}20+D~{}~{}~{}\,}{D}K_{4}^{2})$"
	20[[NUMBER]] +[[ADDOP]] D[[UNKNOWN]]
	        > \frac{~{}~{}~{}~{}20+D~{}~{}~{}\,}{D}[[PUNCT]]
 13.91 sec)
Math parsing succeeded:
   ltx:XMath: 216/223
   ltx:XMArg: 954/956
Symbols assumed as simple identifiers (with # of occurences):
   'A{italic}' (4), 'B{italic}' (3), 'C{italic}' (6), 'D{italic}' (53), 'Gamma' (57), 'H{italic}' (3), 'I{italic}' (28), 'J{italic}' (13), 'K{italic}' (14), 'Lambda' (1), 'M{italic}' (1), 'N{italic}' (9), 'O{italic}' (6), 'R{italic}' (28), 'S{italic}' (1), 'Theta' (5), 'T{italic}' (4), 'U{italic}' (32), 'Z{italic}' (48), 'a{italic}' (3), 'b{italic}' (6), 'chi' (6), 'c{italic}' (41), 'delta' (5), 'd{italic}' (27), 'eta' (15), 'e{italic}' (1), 'f{italic}' (7), 'i{italic}' (1), 'kappa' (10), 'k{italic}' (43), 'l{italic}' (15), 'm{italic}' (8), 'n{italic}' (13), 'pi' (16), 'p{italic}' (107), 'q{italic}' (90), 'rho' (43), 'r{italic}' (14), 'sigma' (21), 't{italic}' (1), 'u{italic}' (9), 'varphi' (37), 'v{italic}' (7), 'w{italic}' (21), 'x{italic}' (27), 'z{italic}' (55)
Set MATHPARSER_SPECULATE to speculate on possible notations.
(Finalizing... 1.24 sec)
Conversion complete 9 warnings (See /home/user/latex-in-arxiv/0303070.latexml.log) (reqd. 27.91s)
