latexml (LaTeXML version 0.8.6) processing 2003/0303092.tex
(Digesting TeX 0303092...
(Loading /usr/share/perl5/LaTeXML/Package/TeX.pool.ltxml...
(Loading /usr/share/perl5/LaTeXML/Package/eTeX.pool.ltxml... 0.00 sec)
(Loading /usr/share/perl5/LaTeXML/Package/pdfTeX.pool.ltxml... 0.01 sec) 0.15 sec)
(Processing content /home/user/latex-in-arxiv/2003/0303092.tex...
(Loading /usr/share/perl5/LaTeXML/Package/LaTeX.pool.ltxml...
(Loading /usr/share/perl5/LaTeXML/Package/textcomp.sty.ltxml...
(Processing definitions /usr/share/texlive/texmf-dist/tex/latex-dev/base/ts1enc.dfu... 0.03 sec) 1.11 sec) 1.31 sec)
(Loading /usr/share/perl5/LaTeXML/Package/revtex4.cls.ltxml...
(Loading /usr/share/perl5/LaTeXML/Package/article.cls.ltxml... 0.01 sec)
(Loading /usr/share/perl5/LaTeXML/Package/revtex4_support.sty.ltxml...
(Loading /usr/share/perl5/LaTeXML/Package/hyperref.sty.ltxml...
(Loading /usr/share/perl5/LaTeXML/Package/keyval.sty.ltxml...
(Processing definitions /usr/share/texlive/texmf-dist/tex/latex-dev/graphics/keyval.sty... 0.01 sec) 0.02 sec)
(Loading /usr/share/perl5/LaTeXML/Package/nameref.sty.ltxml... 0.00 sec)
(Loading /usr/share/perl5/LaTeXML/Package/url.sty.ltxml... 0.00 sec) 0.08 sec)
(Loading /usr/share/perl5/LaTeXML/Package/natbib.sty.ltxml... 0.02 sec)
(Loading /usr/share/perl5/LaTeXML/Package/revsymb.sty.ltxml... 0.00 sec)
(Loading /usr/share/perl5/LaTeXML/Package/longtable.sty.ltxml... 0.00 sec)
(Loading /usr/share/perl5/LaTeXML/Package/dcolumn.sty.ltxml...
(Loading /usr/share/perl5/LaTeXML/Package/array.sty.ltxml... 0.00 sec) 0.01 sec) 0.16 sec)
(Loading /usr/share/perl5/LaTeXML/Package/amssymb.sty.ltxml...
(Loading /usr/share/perl5/LaTeXML/Package/amsfonts.sty.ltxml... 0.00 sec) 0.02 sec)
(Loading /usr/share/perl5/LaTeXML/Package/amsmath.sty.ltxml...
(Loading /usr/share/perl5/LaTeXML/Package/amsbsy.sty.ltxml...
(Loading /usr/share/perl5/LaTeXML/Package/amsgen.sty.ltxml... 0.00 sec) 0.01 sec)
(Loading /usr/share/perl5/LaTeXML/Package/amstext.sty.ltxml... 0.01 sec)
(Loading /usr/share/perl5/LaTeXML/Package/amsopn.sty.ltxml... 0.01 sec) 0.06 sec) 0.68 sec)
(Loading /usr/share/perl5/LaTeXML/Package/graphicx.sty.ltxml...
(Loading /usr/share/perl5/LaTeXML/Package/graphics.sty.ltxml... 0.01 sec) 0.03 sec)
(Loading /usr/share/perl5/LaTeXML/Package/bm.sty.ltxml... 0.00 sec) 9.13 sec) 9.29 sec)
(Building...
(Loading compiled schema /usr/share/perl5/LaTeXML/resources/RelaxNG/LaTeXML.model... 0.01 sec) 9.89 sec)
(Rewriting... 0.65 sec)
(Math Parsing 814 formulae ......
Warning:not_parsed:>PUNCT MathParser failed to match rule 'Anything'
	at 0303092.tex; line 204 col 3 - line 204 col 3
	In "$\displaystyle\frac{k^{i}\cdot k^{j}}{\kappa^{i}\kappa^{j}}=\left\{\begin{%
	array}[]{ll}\hidden@noalign{}0&;\quad i=j,\\
	\hidden@noalign{}\displaystyle{\frac{c_{2}}{c_{4}}}&;\quad i\neq j.\end{array}%
	\right.\@@ENDINLINEMATH"
	> ;[[PUNCT]] i[[UNKNOWN]] =[[RELOP]] j[[UNKNOWN]]
Warning:not_parsed:>PUNCT MathParser failed to match rule 'Anything'
	at 0303092.tex; line 205 col 32 - line 205 col 32
	> ;[[PUNCT]] i[[UNKNOWN]] ≠[[RELOP]] j[[UNKNOWN]]
Warning:not_parsed:>PUNCT MathParser failed to match rule 'Anything'
	at 0303092.tex; line 204 col 3 - line 204 col 3
	In "$\displaystyle\frac{k^{i}\cdot k^{j}}{\kappa^{i}\kappa^{j}}=\left\{\begin{%
	array}[]{ll}\hidden@noalign{}0&;\quad i=j,\\
	\hidden@noalign{}\displaystyle{\frac{c_{2}}{c_{4}}}&;\quad i\neq j.\end{array}%
	\right.$"
	> ;[[PUNCT]] i[[UNKNOWN]] =[[RELOP]] j[[UNKNOWN]]
Warning:not_parsed:>PUNCT MathParser failed to match rule 'Anything'
	at 0303092.tex; line 205 col 32 - line 205 col 32
	> ;[[PUNCT]] i[[UNKNOWN]] ≠[[RELOP]] j[[UNKNOWN]]
Warning:not_parsed:OPEN.ATOM.CLOSE>OPEN MathParser failed to match rule 'Anything'
	at 0303092.tex; line 337 col 5 - line 337 col 5
	In "$\displaystyle\frac{\partial}{\partial\xi^{i}}\left(\frac{\partial A}{\partial%
	\xi^{j}}\right)=\frac{\partial}{\partial\xi^{j}}\left(\frac{\partial A}{%
	\partial\xi^{i}}\right)\hskip 8.535827pt(i,j=1,2,3,A=\mbox{\boldmath$a$}\cdot%
	\mbox{\boldmath$b$},\hskip 8.535827pt\mbox{\boldmath$b$}\cdot\mbox{\boldmath$c%
	$},\hskip 8.535827pt\mbox{\boldmath$c$}\cdot\mbox{\boldmath$a$}),\@@ENDINLINEMATH"
	\frac{\partial}{\partial\xi^{i}}[[UNKNOWN]] \left([[OPEN]] \frac{\partialA}{\partial\xi^{j}}[[UNKNOWN]] \right)[[CLOSE]] =[[RELOP]] \frac{\partial}{\partial\xi^{j}}[[UNKNOWN]] \left([[OPEN]] \frac{\partialA}{\partial\xi^{i}}[[UNKNOWN]] \right)[[CLOSE]]
	        > ([[OPEN]] i[[UNKNOWN]] ,[[PUNCT]] j[[UNKNOWN]] =[[RELOP]] 1[[NUMBER]] ,[[PUNCT]] 2[[NUMBER]] ,[[PUNCT]] 3[[NUMBER]] ,[[PUNCT]] A[[UNKNOWN]] =[[RELOP]] a[[UNKNOWN]] ⋅[[MULOP]] b[[UNKNOWN]] ,[[PUNCT]] b[[UNKNOWN]] ⋅[[MULOP]] c[[UNKNOWN]] ,[[PUNCT]] c[[UNKNOWN]] ⋅[[MULOP]] a[[UNKNOWN]] )[[CLOSE]]
Warning:not_parsed:OPEN.ATOM.CLOSE>OPEN MathParser failed to match rule 'Anything'
	at 0303092.tex; line 337 col 5 - line 338 col 11
	In "$\displaystyle\frac{\partial}{\partial\xi^{i}}\left(\frac{\partial A}{\partial%
	\xi^{j}}\right)=\frac{\partial}{\partial\xi^{j}}\left(\frac{\partial A}{%
	\partial\xi^{i}}\right)\hskip 8.535827pt(i,j=1,2,3,A=\mbox{\boldmath$a$}\cdot%
	\mbox{\boldmath$b$},\hskip 8.535827pt\mbox{\boldmath$b$}\cdot\mbox{\boldmath$c%
	$},\hskip 8.535827pt\mbox{\boldmath$c$}\cdot\mbox{\boldmath$a$}),$"
	\frac{\partial}{\partial\xi^{i}}[[UNKNOWN]] \left([[OPEN]] \frac{\partialA}{\partial\xi^{j}}[[UNKNOWN]] \right)[[CLOSE]] =[[RELOP]] \frac{\partial}{\partial\xi^{j}}[[UNKNOWN]] \left([[OPEN]] \frac{\partialA}{\partial\xi^{i}}[[UNKNOWN]] \right)[[CLOSE]]
	        > ([[OPEN]] i[[UNKNOWN]] ,[[PUNCT]] j[[UNKNOWN]] =[[RELOP]] 1[[NUMBER]] ,[[PUNCT]] 2[[NUMBER]] ,[[PUNCT]] 3[[NUMBER]] ,[[PUNCT]] A[[UNKNOWN]] =[[RELOP]] a[[UNKNOWN]] ⋅[[MULOP]] b[[UNKNOWN]] ,[[PUNCT]] b[[UNKNOWN]] ⋅[[MULOP]] c[[UNKNOWN]] ,[[PUNCT]] c[[UNKNOWN]] ⋅[[MULOP]] a[[UNKNOWN]] )[[CLOSE]]
Warning:not_parsed:UNKNOWN>RELOP MathParser failed to match rule 'Anything'
	at 0303092.tex; line 443 col 3 - line 443 col 3
	In "$\displaystyle\mbox{\boldmath$Q$}=\left[(\mbox{\boldmath$a$}\cdot(\mbox{%
	\boldmath$b$}\times\mbox{\boldmath$c$})\right]\left(A\mbox{\boldmath$a$}+B%
	\mbox{\boldmath$b$}+C\mbox{\boldmath$c$}\right)+D(\mbox{\boldmath$a$}\times%
	\mbox{\boldmath$b$})+E(\mbox{\boldmath$b$}\times\mbox{\boldmath$c$})+F(\mbox{%
	\boldmath$c$}\times\mbox{\boldmath$a$}),\@@ENDINLINEMATH"
	Q[[UNKNOWN]]
	        > =[[RELOP]] \left[[[OPEN]] ([[OPEN]] a[[UNKNOWN]] ⋅[[MULOP]] ([[OPEN]] b[[UNKNOWN]] ×[[MULOP]] c[[UNKNOWN]] )[[CLOSE]] \right][[CLOSE]] \left([[OPEN]] A[[UNKNOWN]] a[[UNKNOWN]] +[[ADDOP]] B[[UNKNOWN]] b[[UNKNOWN]] +[[ADDOP]] C[[UNKNOWN]] c[[UNKNOWN]] \right)[[CLOSE]] +[[ADDOP]] D[[UNKNOWN]] ([[OPEN]] a[[UNKNOWN]] ×[[MULOP]] b[[UNKNOWN]] )[[CLOSE]] +[[ADDOP]] E[[UNKNOWN]] ([[OPEN]] b[[UNKNOWN]] ×[[MULOP]] c[[UNKNOWN]] )[[CLOSE]] +[[ADDOP]] F[[UNKNOWN]] ([[OPEN]] c[[UNKNOWN]] ×[[MULOP]] a[[UNKNOWN]] )[[CLOSE]]
Warning:not_parsed:RELOP>OPEN MathParser failed to match rule 'Anything'
	at 0303092.tex; line 443 col 5 - line 444 col 11
	In "$\displaystyle=\left[(\mbox{\boldmath$a$}\cdot(\mbox{\boldmath$b$}\times\mbox{%
	\boldmath$c$})\right]\left(A\mbox{\boldmath$a$}+B\mbox{\boldmath$b$}+C\mbox{%
	\boldmath$c$}\right)+D(\mbox{\boldmath$a$}\times\mbox{\boldmath$b$})+E(\mbox{%
	\boldmath$b$}\times\mbox{\boldmath$c$})+F(\mbox{\boldmath$c$}\times\mbox{%
	\boldmath$a$}),$"
	=[[RELOP]]
	        > \left[[[OPEN]] ([[OPEN]] a[[UNKNOWN]] ⋅[[MULOP]] ([[OPEN]] b[[UNKNOWN]] ×[[MULOP]] c[[UNKNOWN]] )[[CLOSE]] \right][[CLOSE]] \left([[OPEN]] A[[UNKNOWN]] a[[UNKNOWN]] +[[ADDOP]] B[[UNKNOWN]] b[[UNKNOWN]] +[[ADDOP]] C[[UNKNOWN]] c[[UNKNOWN]] \right)[[CLOSE]] +[[ADDOP]] D[[UNKNOWN]] ([[OPEN]] a[[UNKNOWN]] ×[[MULOP]] b[[UNKNOWN]] )[[CLOSE]] +[[ADDOP]] E[[UNKNOWN]] ([[OPEN]] b[[UNKNOWN]] ×[[MULOP]] c[[UNKNOWN]] )[[CLOSE]] +[[ADDOP]] F[[UNKNOWN]] ([[OPEN]] c[[UNKNOWN]] ×[[MULOP]] a[[UNKNOWN]] )[[CLOSE]]
 30.18 sec)
Math parsing succeeded:
   ltx:XMWrap: 2/2
   ltx:XMath: 810/814
   ltx:XMArg: 2433/2437
Symbols assumed as simple identifiers (with # of occurences):
   'A{bold italic}' (24), 'A{italic}' (98), 'B{bold italic}' (21), 'B{italic}' (40), 'C{italic}' (38), 'D{bold italic}' (7), 'D{italic}' (18), 'E{bold italic}' (7), 'E{italic}' (7), 'F{bold italic}' (7), 'F{italic}' (48), 'G{italic}' (39), 'H{italic}' (11), 'J{italic}' (24), 'K{italic}' (22), 'L{caligraphic}' (12), 'L{italic}' (9), 'N{italic}' (9), 'Q{bold italic}' (12), 'Q{italic}' (49), 'R{bold italic}' (10), 'R{italic}' (43), 'S{caligraphic}' (4), 'S{italic}' (1), 'T{caligraphic}' (4), 'T{italic}' (9), 'U{caligraphic}' (4), 'U{italic}' (14), 'V{italic}' (14), 'W{italic}' (13), 'X{italic}' (13), 'Y{italic}' (13), 'Z{italic}' (13), 'alpha' (244), 'a{bold italic}' (228), 'a{italic}' (45), 'beta' (235), 'b{bold italic}' (219), 'b{italic}' (25), 'c{bold italic}' (215), 'c{italic}' (91), 'd{italic}' (80), 'eta' (39), 'e{bold italic}' (3), 'e{italic}' (104), 'f{bold italic}' (9), 'f{italic}' (30), 'gamma' (62), 'g{bold italic}' (6), 'g{italic}' (78), 'h{bold italic}' (18), 'h{italic}' (20), 'i{bold italic}' (16), 'i{italic}' (41), 'j{bold italic}' (8), 'j{italic}' (28), 'kappa' (79), 'k{bold italic}' (9), 'k{italic}' (81), 'lambda' (40), 'l{bold italic}' (2), 'l{italic}' (41), 'mu' (134), 'm{bold italic}' (2), 'm{italic}' (33), 'nu' (142), 'n{bold italic}' (20), 'n{italic}' (17), 'omega' (237), 'phi' (5), 'pi' (4), 'psi' (18), 'p{bold italic}' (18), 'p{italic}' (12), 'q{bold italic}' (18), 'q{italic}' (12), 'rho' (45), 'r{bold italic}' (6), 'r{italic}' (9), 'sigma' (37), 's{italic}' (29), 'tau' (7), 'theta' (18), 't{italic}' (29), 'u{italic}' (57), 'varepsilon' (14), 'wp' (20), 'xi' (64), 'x{italic}' (79), 'zeta' (35), 'z{italic}' (53)
Set MATHPARSER_SPECULATE to speculate on possible notations.
(Finalizing... 4.25 sec)
Conversion complete 8 warnings (See /home/user/latex-in-arxiv/0303092.latexml.log) (reqd. 56.36s)
