latexml (LaTeXML version 0.8.6) processing 2003/0303173.tex
(Digesting TeX 0303173...
(Loading /usr/share/perl5/LaTeXML/Package/TeX.pool.ltxml...
(Loading /usr/share/perl5/LaTeXML/Package/eTeX.pool.ltxml... 0.00 sec)
(Loading /usr/share/perl5/LaTeXML/Package/pdfTeX.pool.ltxml... 0.01 sec) 0.16 sec)
(Processing content /home/user/latex-in-arxiv/2003/0303173.tex...
(Loading /usr/share/perl5/LaTeXML/Package/LaTeX.pool.ltxml...
(Loading /usr/share/perl5/LaTeXML/Package/textcomp.sty.ltxml...
(Processing definitions /usr/share/texlive/texmf-dist/tex/latex-dev/base/ts1enc.dfu... 0.03 sec) 1.25 sec) 1.49 sec)
(Loading /usr/share/perl5/LaTeXML/Package/article.cls.ltxml... 0.01 sec)
(Loading /usr/share/perl5/LaTeXML/Package/amsmath.sty.ltxml...
(Loading /usr/share/perl5/LaTeXML/Package/amsbsy.sty.ltxml...
(Loading /usr/share/perl5/LaTeXML/Package/amsgen.sty.ltxml... 0.00 sec) 0.01 sec)
(Loading /usr/share/perl5/LaTeXML/Package/amstext.sty.ltxml... 0.01 sec)
(Loading /usr/share/perl5/LaTeXML/Package/amsopn.sty.ltxml... 0.01 sec) 0.05 sec)
(Loading /usr/share/perl5/LaTeXML/Package/amsfonts.sty.ltxml... 0.00 sec)
(Loading /usr/share/perl5/LaTeXML/Package/epsfig.sty.ltxml...
(Loading /usr/share/perl5/LaTeXML/Package/graphicx.sty.ltxml...
(Loading /usr/share/perl5/LaTeXML/Package/graphics.sty.ltxml... 0.01 sec) 0.02 sec) 0.04 sec)
(Loading /usr/share/perl5/LaTeXML/Package/color.sty.ltxml... 0.01 sec)
(Loading /usr/share/perl5/LaTeXML/Package/latexsym.sty.ltxml... 0.00 sec)
(Loading /usr/share/perl5/LaTeXML/Package/cite.sty.ltxml... 0.00 sec)
Info:unexpected:utphys Unknown bibstyle 'utphys', it will be ignored
	at 0303173.tex; line 2441 col 0 - line 2441 col 26
 15.17 sec) 15.44 sec)
(Building...
(Loading compiled schema /usr/share/perl5/LaTeXML/resources/RelaxNG/LaTeXML.model... 0.01 sec)
Info:malformed:id Duplicated attribute xml:id
	at 0303173.tex; line 563 col 23 - line 563 col 23
	Using id='S3.E38a' on <ltx:XMRow _box="Alignment[]" _font="Font[math,medium,italic,10,bla..."/>
	id='S3.E38' already set on <ltx:equation _box="LaTeXML::Core::Alignment=HASH(..." _font="Font[serif,medium,upright,10,b..." xml:id="S3.E38" _ID_counter_m_="1">...
Info:malformed:id Duplicated attribute xml:id
	at 0303173.tex; line 569 col 23 - line 569 col 23
	Using id='S3.E41a' on <ltx:XMRow _box="Alignment[]" _font="Font[math,medium,italic,10,bla..."/>
	id='S3.E41' already set on <ltx:equation _box="LaTeXML::Core::Alignment=HASH(..." _font="Font[serif,medium,upright,10,b..." xml:id="S3.E41" _ID_counter_m_="1">...
Info:malformed:id Duplicated attribute xml:id
	at 0303173.tex; line 587 col 23 - line 587 col 23
	Using id='S3.E45a' on <ltx:XMRow _box="Alignment[]" _font="Font[math,medium,italic,10,bla..."/>
	id='S3.E45' already set on <ltx:equation _box="LaTeXML::Core::Alignment=HASH(..." _font="Font[serif,medium,upright,10,b..." xml:id="S3.E45" _ID_counter_m_="3">...
Info:malformed:id Duplicated attribute xml:id
	at 0303173.tex; line 599 col 24 - line 599 col 24
	Using id='S3.E50a' on <ltx:XMRow _box="Alignment[]" _font="Font[math,medium,italic,10,bla..."/>
	id='S3.E50' already set on <ltx:equation _box="LaTeXML::Core::Alignment=HASH(..." _font="Font[serif,medium,upright,10,b..." xml:id="S3.E50" _ID_counter_m_="3">...
Info:malformed:id Duplicated attribute xml:id
	at 0303173.tex; line 606 col 24 - line 606 col 24
	Using id='S3.E53a' on <ltx:XMRow _box="Alignment[]" _font="Font[math,medium,italic,10,bla..."/>
	id='S3.E53' already set on <ltx:equation _box="LaTeXML::Core::Alignment=HASH(..." _font="Font[serif,medium,upright,10,b..." xml:id="S3.E53" _ID_counter_m_="3">...
Info:malformed:id Duplicated attribute xml:id
	at 0303173.tex; line 607 col 23 - line 607 col 23
	Using id='S3.E56a' on <ltx:XMRow _box="Alignment[]" _font="Font[math,medium,italic,10,bla..."/>
	id='S3.E56' already set on <ltx:equation _box="LaTeXML::Core::Alignment=HASH(..." _font="Font[serif,medium,upright,10,b..." xml:id="S3.E56" _ID_counter_m_="3">...
Info:malformed:id Duplicated attribute xml:id
	at 0303173.tex; line 608 col 23 - line 608 col 23
	Using id='S3.E59a' on <ltx:XMRow _box="Alignment[]" _font="Font[math,medium,italic,10,bla..."/>
	id='S3.E59' already set on <ltx:equation _box="LaTeXML::Core::Alignment=HASH(..." _font="Font[serif,medium,upright,10,b..." xml:id="S3.E59" _ID_counter_m_="3">...
Info:malformed:id Duplicated attribute xml:id
	at 0303173.tex; line 609 col 23 - line 609 col 23
	Using id='S3.E62a' on <ltx:XMRow _box="Alignment[]" _font="Font[math,medium,italic,10,bla..."/>
	id='S3.E62' already set on <ltx:equation _box="LaTeXML::Core::Alignment=HASH(..." _font="Font[serif,medium,upright,10,b..." xml:id="S3.E62" _ID_counter_m_="3">...
 18.60 sec)
(Rewriting... 0.69 sec)
(Math Parsing 1171 formulae ......
Warning:not_parsed:UNKNOWN.POSTSUBSCRIPT>RELOP MathParser failed to match rule 'Anything'
	at 0303173.tex; line 280 col 38 - line 280 col 55
	In "$F_{10}=*\tilde{M}$"
	F[[UNKNOWN]] _{10}[[POSTSUBSCRIPT]]
	        > =[[RELOP]] *[[MULOP]] \tilde{M}[[UNKNOWN]]
Warning:not_parsed:ADDOP.NUMBER.CLOSE>RELOP MathParser failed to match rule 'Anything'
	at 0303173.tex; line 622 col 1 - line 622 col 1
	In "$\displaystyle g_{YM}(x_{1}+1)==g_{YM}(x_{1})\left({\rm det}(a+b\Theta)\right)%
	^{\frac{1}{4}}\@@ENDINLINEMATH"
	g[[UNKNOWN]] _{YM}[[POSTSUBSCRIPT]] ([[OPEN]] x[[UNKNOWN]] _{1}[[POSTSUBSCRIPT]] +[[ADDOP]] 1[[NUMBER]] )[[CLOSE]]
	        > =[[RELOP]] =[[RELOP]] g[[UNKNOWN]] _{YM}[[POSTSUBSCRIPT]] ([[OPEN]] x[[UNKNOWN]] _{1}[[POSTSUBSCRIPT]] )[[CLOSE]] \left([[OPEN]] det[[UNKNOWN]] ([[OPEN]] a[[UNKNOWN]] +[[ADDOP]] b[[UNKNOWN]] Θ[[UNKNOWN]] )[[CLOSE]] \right)[[CLOSE]] ^{\frac{1}{4}}[[POSTSUPERSCRIPT]]
Warning:not_parsed:UNKNOWN.POSTSUBSCRIPT.POSTSUPERSCRIPT>OPEN MathParser failed to match rule 'Anything'
	at 0303173.tex; line 1790 col 9 - line 1794 col 1
	In "$\displaystyle l_{s}^{4}[-dt^{2}l_{s}^{-4}H_{1}^{-1/2}+H_{1}^{1/2}l_{s}^{-4}d%
	\vec{\sigma}^{2}_{5}+HH_{1}^{-1/2}dx_{1}^{2}/r_{1}^{2}+HH_{1}^{1/2}l_{s}^{-4}%
	dx^{2}$"
	l[[UNKNOWN]] _{s}[[POSTSUBSCRIPT]] ^{4}[[POSTSUPERSCRIPT]]
	        > [[[OPEN]] -[[ADDOP]] d[[UNKNOWN]] t[[UNKNOWN]] ^{2}[[POSTSUPERSCRIPT]] l[[UNKNOWN]] _{s}[[POSTSUBSCRIPT]] ^{-4}[[POSTSUPERSCRIPT]] H[[UNKNOWN]] _{1}[[POSTSUBSCRIPT]] ^{-1/2}[[POSTSUPERSCRIPT]] +[[ADDOP]] H[[UNKNOWN]] _{1}[[POSTSUBSCRIPT]] ^{1/2}[[POSTSUPERSCRIPT]] l[[UNKNOWN]] _{s}[[POSTSUBSCRIPT]] ^{-4}[[POSTSUPERSCRIPT]] d[[UNKNOWN]] \vec{\sigma}[[UNKNOWN]] ^{2}[[POSTSUPERSCRIPT]] _{5}[[POSTSUBSCRIPT]] +[[ADDOP]] H[[UNKNOWN]] H[[UNKNOWN]] _{1}[[POSTSUBSCRIPT]] ^{-1/2}[[POSTSUPERSCRIPT]] d[[UNKNOWN]] x[[UNKNOWN]] _{1}[[POSTSUBSCRIPT]] ^{2}[[POSTSUPERSCRIPT]] /[[MULOP]] r[[UNKNOWN]] _{1}[[POSTSUBSCRIPT]] ^{2}[[POSTSUPERSCRIPT]] +[[ADDOP]] H[[UNKNOWN]] H[[UNKNOWN]] _{1}[[POSTSUBSCRIPT]] ^{1/2}[[POSTSUPERSCRIPT]] l[[UNKNOWN]] _{s}[[POSTSUBSCRIPT]] ^{-4}[[POSTSUPERSCRIPT]] d[[UNKNOWN]] x[[UNKNOWN]] ^{2}[[POSTSUPERSCRIPT]]
Warning:not_parsed:POSTSUBSCRIPT.POSTSUPERSCRIPT.CLOSE>CLOSE MathParser failed to match rule 'Anything'
	at 0303173.tex; line 1794 col 3 - line 1797 col 1
	In "$\displaystyle+\frac{H^{-1}H_{1}^{-1/2}}{1+l_{s}^{4}(\frac{r_{1}}{r_{2}r_{3}})%
	^{2}\frac{m^{2}x_{1}^{2}/r_{1}^{2}}{H^{2}H_{1}}}(dx_{2}^{2}/r_{2}^{2}+dx_{3}^{%
	2}/r_{3}^{2})]$"
	+[[ADDOP]] \frac{H^{-1}H_{1}^{-1/2}}{1+l_{s}^{4}(\frac{r_{1}}{r_{2}r_{3}})^{2}\frac{m^{2}x_{1}^{2}/r_{1}^{2}}{H^{2}H_{1}}}[[UNKNOWN]] ([[OPEN]] d[[UNKNOWN]] x[[UNKNOWN]] _{2}[[POSTSUBSCRIPT]] ^{2}[[POSTSUPERSCRIPT]] /[[MULOP]] r[[UNKNOWN]] _{2}[[POSTSUBSCRIPT]] ^{2}[[POSTSUPERSCRIPT]] +[[ADDOP]] d[[UNKNOWN]] x[[UNKNOWN]] _{3}[[POSTSUBSCRIPT]] ^{2}[[POSTSUPERSCRIPT]] /[[MULOP]] r[[UNKNOWN]] _{3}[[POSTSUBSCRIPT]] ^{2}[[POSTSUPERSCRIPT]] )[[CLOSE]]
	        > ][[CLOSE]]
 66.16 sec)
Math parsing succeeded:
   ltx:XMWrap: 26/26
   ltx:XMath: 1167/1171
   ltx:XMArg: 5861/5861
Symbols assumed as simple identifiers (with # of occurences):
   'A{italic}' (38), 'Box' (1), 'B{italic}' (47), 'Delta' (2), 'D{caligraphic}' (1), 'D{italic}' (11), 'E{italic}' (28), 'F{italic}' (43), 'Gamma' (21), 'G{italic}' (21), 'H{italic}' (194), 'Im' (2), 'I{italic}' (7), 'K{italic}' (11), 'Lambda' (2), 'L{italic}' (3), 'M{italic}' (120), 'N{italic}' (33), 'Omega' (88), 'O{caligraphic}' (2), 'O{italic}' (26), 'Phi' (5), 'Psi' (5), 'P{italic}' (9), 'Q{italic}' (13), 'R{blackboard}' (1), 'R{italic}' (257), 'STr' (4), 'S{italic}' (47), 'Theta' (13), 'T{italic}' (58), 'U{italic}' (27), 'V{italic}' (8), 'X{italic}' (136), 'Y{italic}' (61), 'Z{blackboard}' (6), 'Z{italic}' (1), 'alpha' (58), 'and' (2), 'a{italic}' (68), 'beta' (4), 'b{italic}' (34), 'c{italic}' (36), 'delta' (17), 'det' (13), 'd{italic}' (332), 'epsilon' (4), 'e{italic}' (151), 'finite' (2), 'fixed' (14), 'f{italic}' (25), 'g{italic}' (138), 'h{italic}' (4), 'if' (2), 'i{italic}' (240), 'j{italic}' (83), 'k{italic}' (23), 'lambda' (7), 'l{italic}' (150), 'mu' (9), 'm{italic}' (151), 'nu' (9), 'n{italic}' (75), 'or' (2), 'phi' (60), 'pi' (11), 'psi' (5), 'p{italic}' (66), 'q{italic}' (3), 'rho' (2), 'r{italic}' (106), 'sigma' (12), 's{italic}' (52), 'tau' (10), 'theta' (76), 'tr' (13), 't{italic}' (29), 'w{italic}' (24), 'x{italic}' (420), 'y{italic}' (227), 'z{italic}' (71)
Set MATHPARSER_SPECULATE to speculate on possible notations.
(Finalizing... 9.80 sec)
Conversion complete 4 warnings (See /home/user/latex-in-arxiv/0303173.latexml.log) (reqd. 1m 55.04s)
