latexml (LaTeXML version 0.8.6) processing 2003/0303035.tex
(Digesting TeX 0303035...
(Loading /usr/share/perl5/LaTeXML/Package/TeX.pool.ltxml...
(Loading /usr/share/perl5/LaTeXML/Package/eTeX.pool.ltxml... 0.01 sec)
(Loading /usr/share/perl5/LaTeXML/Package/pdfTeX.pool.ltxml... 0.01 sec) 0.24 sec)
(Processing content /home/user/latex-in-arxiv/2003/0303035.tex...
(Loading /usr/share/perl5/LaTeXML/Package/LaTeX.pool.ltxml...
(Loading /usr/share/perl5/LaTeXML/Package/textcomp.sty.ltxml...
(Processing definitions /usr/share/texlive/texmf-dist/tex/latex-dev/base/ts1enc.dfu... 0.05 sec) 1.83 sec) 2.18 sec)
(Loading /usr/share/perl5/LaTeXML/Package/JHEP3.cls.ltxml...
(Loading /usr/share/perl5/LaTeXML/Package/JHEP.cls.ltxml...
(Loading /usr/share/perl5/LaTeXML/Package/article.cls.ltxml... 0.02 sec)
(Loading /usr/share/perl5/LaTeXML/Package/amssymb.sty.ltxml...
(Loading /usr/share/perl5/LaTeXML/Package/amsfonts.sty.ltxml... 0.00 sec) 0.03 sec)
(Loading /usr/share/perl5/LaTeXML/Package/floatflt.sty.ltxml... 0.01 sec) 0.11 sec) 0.12 sec)
(Loading /usr/share/perl5/LaTeXML/Package/epsfig.sty.ltxml...
(Loading /usr/share/perl5/LaTeXML/Package/graphicx.sty.ltxml...
(Loading /usr/share/perl5/LaTeXML/Package/graphics.sty.ltxml... 0.01 sec) 0.02 sec) 0.06 sec) 21.41 sec) 21.85 sec)
(Building...
(Loading compiled schema /usr/share/perl5/LaTeXML/resources/RelaxNG/LaTeXML.model... 0.02 sec)
Info:malformed:id Duplicated attribute xml:id
	at 0303035.tex; line 101 col 0 - line 101 col 54
	Using id='footnote1a' on <ltx:note _font="Font[serif,medium,upright,10,b..." mark="1" role="footnote"/>
	id='footnote1' already set on <ltx:note _font="Font[serif,medium,upright,10,b..." mark="1" role="footnote" xml:id="footnote1" _box="LaTeXML::Core::Whatsit=HASH(0x...">...
Info:malformed:id Duplicated attribute xml:id
	at 0303035.tex; line 118 col 0 - line 118 col 53
	Using id='footnote2a' on <ltx:note _font="Font[serif,medium,upright,10,b..." mark="2" role="footnote"/>
	id='footnote2' already set on <ltx:note _font="Font[serif,medium,upright,10,b..." mark="2" role="footnote" xml:id="footnote2" _box="LaTeXML::Core::Whatsit=HASH(0x...">...
Warning:unexpected:eqnarray Unrecognized equation patterns (1) in eqnarray
	at 0303035.tex; line 438 col 22 - line 438 col 22
	In Core::Definition::Constructor[\@@eqna... /usr/share/perl5/LaTeXML/Package/LaTeX.pool.ltxml; line 2290
Warning:unexpected:eqnarray Unrecognized equation patterns (1) in eqnarray
	at 0303035.tex; line 640 col 22 - line 640 col 22
	In Core::Definition::Constructor[\@@eqna... /usr/share/perl5/LaTeXML/Package/LaTeX.pool.ltxml; line 2290
 20.25 sec)
(Rewriting... 0.52 sec)
(Math Parsing 701 formulae ......
Warning:not_parsed:UNKNOWN.ADDOP.NUMBER> MathParser failed to match rule 'Subscript'
	at 0303035.tex; line 744 col 34 - line 744 col 34
	In "\begin{equation}S_{{\rm{brane}}}={\frac{\Lambda}{16\pi G_{10}}}\int d^{10}x%
	\rho_{\perp}\left\{-V(T)\sqrt{-A}e^{-\Phi}+f(T)\epsilon^{\lambda_{1}\ldots%
	\lambda_{p+2}}C_{[\lambda_{2}\ldots\lambda{p+2}}\partial_{\lambda_{1}]}T\right%
	\},\end{equation}"
	[[[OPEN]] λ[[UNKNOWN]] _{2}[[POSTSUBSCRIPT]] \ldots[[ID]] λ[[UNKNOWN]] p[[UNKNOWN]] +[[ADDOP]] 2[[NUMBER]]
	        > 
Warning:not_parsed:UNKNOWN.POSTSUBSCRIPT>CLOSE MathParser failed to match rule 'Subscript'
	at 0303035.tex; line 744 col 58 - line 744 col 58
	λ[[UNKNOWN]] _{1}[[POSTSUBSCRIPT]]
	        > ][[CLOSE]]
Warning:not_parsed:ATOM>OPEN MathParser failed to match rule 'Anything'
	at 0303035.tex; line 1117 col 0 - line 1117 col 40
	In "\begin{equation}\begin{array}[]{l}{\displaystyle{\frac{1}{\lambda e^{\Phi}}%
	\left\{2(p+1)(8-p)\frac{\dot{a}}{a}\frac{\dot{R}}{R}+p(p+1)\left[\left(\frac{%
	\dot{a}}{a}\right)^{2}+\frac{k_{\parallel}}{a^{2}}\right]+(7-p)(8-p)\left[%
	\left(\frac{\dot{R}}{R}\right)^{2}+\frac{k_{\perp}}{R^{2}}\right]\right.}}\\
	\qquad\qquad{\displaystyle{\left.-4\dot{\phi}\left[(p+1)\frac{\dot{a}}{a}+(8-p%
	)\frac{\dot{R}}{R}-\dot{\phi}\right]-\frac{1}{2}\left(\frac{e^{\Phi}\dot{C}}{a%
	^{p+1}}\right)^{2}\right\}}}={\displaystyle{\frac{V(T)}{\sqrt{\Delta}}}}\end{%
	array}\end{equation}"
	\frac{1}{\lambdae^{\Phi}}[[UNKNOWN]]
	        > \left\{[[OPEN]] 2[[NUMBER]] ([[OPEN]] p[[UNKNOWN]] +[[ADDOP]] 1[[NUMBER]] )[[CLOSE]] ([[OPEN]] 8[[NUMBER]] -[[ADDOP]] p[[UNKNOWN]] )[[CLOSE]] \frac{\dot{a}}{a}[[UNKNOWN]] \frac{\dot{R}}{R}[[UNKNOWN]] +[[ADDOP]] p[[UNKNOWN]] ([[OPEN]] p[[UNKNOWN]] +[[ADDOP]] 1[[NUMBER]] )[[CLOSE]] \left[[[OPEN]] \left([[OPEN]] \frac{\dot{a}}{a}[[UNKNOWN]] \right)[[CLOSE]] ^{2}[[POSTSUPERSCRIPT]] +[[ADDOP]] \frac{k_{\parallel}}{a^{2}}[[UNKNOWN]] \right][[CLOSE]] +[[ADDOP]] ([[OPEN]] 7[[NUMBER]] -[[ADDOP]] p[[UNKNOWN]] )[[CLOSE]] ([[OPEN]] 8[[NUMBER]] -[[ADDOP]] p[[UNKNOWN]] )[[CLOSE]] \left[[[OPEN]] \left([[OPEN]] \frac{\dot{R}}{R}[[UNKNOWN]] \right)[[CLOSE]] ^{2}[[POSTSUPERSCRIPT]] +[[ADDOP]] \frac{k_{\perp}}{R^{2}}[[UNKNOWN]] \right][[CLOSE]]
Warning:not_parsed:ATOM.CLOSE.POSTSUPERSCRIPT>CLOSE MathParser failed to match rule 'Anything'
	at 0303035.tex; line 1125 col 20 - line 1125 col 20
	-[[ADDOP]] 4[[NUMBER]] \dot{\phi}[[UNKNOWN]] \left[[[OPEN]] ([[OPEN]] p[[UNKNOWN]] +[[ADDOP]] 1[[NUMBER]] )[[CLOSE]] \frac{\dot{a}}{a}[[UNKNOWN]] +[[ADDOP]] ([[OPEN]] 8[[NUMBER]] -[[ADDOP]] p[[UNKNOWN]] )[[CLOSE]] \frac{\dot{R}}{R}[[UNKNOWN]] -[[ADDOP]] \dot{\phi}[[UNKNOWN]] \right][[CLOSE]] -[[ADDOP]] \frac{1}{2}[[UNKNOWN]] \left([[OPEN]] \frac{e^{\Phi}\dot{C}}{a^{p+1}}[[UNKNOWN]] \right)[[CLOSE]] ^{2}[[POSTSUPERSCRIPT]]
	        > \right\}[[CLOSE]] =[[RELOP]] \frac{V(T)}{\sqrt{\Delta}}[[UNKNOWN]]
Warning:not_parsed:CLOSE.RELOP.UNKNOWN>PERIOD MathParser failed to match rule 'Anything'
	at 0303035.tex; line 1167 col 30 - line 1168 col 42
	In "\begin{equation}\dot{T}(0)={\rm const.}\,,\;\;\;\;\;\;T(0)=0\,.\end{equation}"
	\dot{T}[[UNKNOWN]] ([[OPEN]] 0[[NUMBER]] )[[CLOSE]] =[[RELOP]] const[[UNKNOWN]]
	        > .[[PERIOD]] ,[[PUNCT]] T[[UNKNOWN]] ([[OPEN]] 0[[NUMBER]] )[[CLOSE]] =[[RELOP]] 0[[NUMBER]]
Warning:not_parsed:FLOATSUBSCRIPT>MULOP MathParser failed to match rule 'Anything'
	at 0303035.tex; line 1239 col 36 - line 1239 col 36
	In "${}_{5}\times S^{5}$"
	{}_{5}[[FLOATSUBSCRIPT]]
	        > ×[[MULOP]] S[[UNKNOWN]] ^{5}[[POSTSUPERSCRIPT]]
Warning:not_parsed:>OPEN MathParser failed to match rule 'Anything'
	at 0303035.tex; line 1854 col 33 - line 1854 col 49
	In "$\{k_{\parallel}=0$"
	> \{[[OPEN]] k[[UNKNOWN]] _{\parallel}[[POSTSUBSCRIPT]] =[[RELOP]] 0[[NUMBER]]
Warning:not_parsed:RELOP.ADDOP.NUMBER>CLOSE MathParser failed to match rule 'Anything'
	at 0303035.tex; line 1855 col 2 - line 1855 col 16
	In "$k_{\perp}=-1\}$"
	k[[UNKNOWN]] _{\perp}[[POSTSUBSCRIPT]] =[[RELOP]] -[[ADDOP]] 1[[NUMBER]]
	        > \}[[CLOSE]]
 38.79 sec)
Math parsing succeeded:
   ltx:XMath: 697/701
   ltx:XMArg: 1923/1927
Symbols assumed as simple identifiers (with # of occurences):
   'A{italic}' (18), 'B{italic}' (2), 'C{italic}' (46), 'Delta' (25), 'D{italic}' (1), 'E{italic}' (3), 'F{italic}' (20), 'Gamma' (1), 'G{italic}' (24), 'H{italic}' (22), 'I{italic}' (5), 'Lambda' (8), 'N{italic}' (12), 'Omega' (3), 'O{caligraphic}' (1), 'O{italic}' (12), 'Phi' (116), 'P{caligraphic}' (2), 'Q{italic}' (3), 'R{caligraphic}' (32), 'R{italic}' (36), 'Sigma' (4), 'S{italic}' (30), 'T{italic}' (152), 'U{italic}' (1), 'V{italic}' (65), 'alpha' (38), 'arc' (2), 'arcsinh' (3), 'a{italic}' (69), 'beta' (26), 'b{italic}' (13), 'const' (9), 'constant' (1), 'c{italic}' (18), 'delta' (5), 'd{italic}' (116), 'ell' (6), 'epsilon' (4), 'eta' (1), 'e{italic}' (92), 'for' (6), 'f{italic}' (21), 'g{italic}' (97), 'h{italic}' (1), 'i{italic}' (14), 'kappa' (11), 'k{italic}' (89), 'lambda' (63), 'l{italic}' (2), 'mu' (54), 'nu' (47), 'n{italic}' (6), 'omega' (44), 'o{italic}' (8), 'phi' (2), 'pi' (11), 'p{italic}' (264), 'rho' (25), 'r{italic}' (22), 'sigma' (10), 'sinh' (2), 'small' (1), 's{italic}' (14), 'tau' (17), 'theta' (23), 't{italic}' (385), 'x{italic}' (11), 'y{italic}' (34)
Set MATHPARSER_SPECULATE to speculate on possible notations.
(Finalizing... 3.02 sec)
Conversion complete 10 warnings (See /home/user/latex-in-arxiv/0303035.latexml.log) (reqd. 1m 26.30s)
