latexml (LaTeXML version 0.8.6) processing 2003/0303028.tex
(Digesting TeX 0303028...
(Loading /usr/share/perl5/LaTeXML/Package/TeX.pool.ltxml...
(Loading /usr/share/perl5/LaTeXML/Package/eTeX.pool.ltxml... 0.00 sec)
(Loading /usr/share/perl5/LaTeXML/Package/pdfTeX.pool.ltxml... 0.01 sec) 0.11 sec)
(Processing content /home/user/latex-in-arxiv/2003/0303028.tex...
(Loading /usr/share/perl5/LaTeXML/Package/LaTeX.pool.ltxml...
(Loading /usr/share/perl5/LaTeXML/Package/textcomp.sty.ltxml...
(Processing definitions /usr/share/texlive/texmf-dist/tex/latex-dev/base/ts1enc.dfu... 0.03 sec) 1.37 sec) 1.53 sec)
(Loading /usr/share/perl5/LaTeXML/Package/article.cls.ltxml... 0.01 sec)
(Loading /usr/share/perl5/LaTeXML/Package/epsf.sty.ltxml... 0.01 sec)
(Loading /usr/share/perl5/LaTeXML/Package/amsmath.sty.ltxml...
(Loading /usr/share/perl5/LaTeXML/Package/amsbsy.sty.ltxml...
(Loading /usr/share/perl5/LaTeXML/Package/amsgen.sty.ltxml... 0.00 sec) 0.01 sec)
(Loading /usr/share/perl5/LaTeXML/Package/amstext.sty.ltxml... 0.00 sec)
(Loading /usr/share/perl5/LaTeXML/Package/amsopn.sty.ltxml... 0.01 sec) 0.06 sec)
(Loading /usr/share/perl5/LaTeXML/Package/graphicx.sty.ltxml...
(Loading /usr/share/perl5/LaTeXML/Package/graphics.sty.ltxml... 0.01 sec) 0.03 sec) 3.99 sec) 4.12 sec)
(Building...
(Loading compiled schema /usr/share/perl5/LaTeXML/resources/RelaxNG/LaTeXML.model... 0.01 sec) 3.35 sec)
(Rewriting... 0.08 sec)
(Math Parsing 198 formulae ...... 6.45 sec)
Math parsing succeeded:
   ltx:XMArg: 828/828
   ltx:XMath: 198/198
Symbols assumed as simple identifiers (with # of occurences):
   'I{italic}' (39), 'J{italic}' (3), 'K{italic}' (3), 'S{italic}' (5), 'a{italic}' (1), 'b{italic}' (1), 'c{italic}' (15), 'delta' (28), 'd{italic}' (55), 'ell' (39), 'f{italic}' (6), 'k{italic}' (34), 'm{italic}' (2), 'n{italic}' (78), 'pi' (65), 'psi' (10), 'r{italic}' (159), 'tau' (50), 'theta' (3), 't{italic}' (186), 'w{italic}' (3), 'z{italic}' (21)
Set MATHPARSER_SPECULATE to speculate on possible notations.
(Finalizing... 0.76 sec)
Conversion complete No obvious problems (reqd. 15.28s)
