latexml (LaTeXML version 0.8.6) processing 2003/0303093.tex
(Digesting TeX 0303093...
(Loading /usr/share/perl5/LaTeXML/Package/TeX.pool.ltxml...
(Loading /usr/share/perl5/LaTeXML/Package/eTeX.pool.ltxml... 0.01 sec)
(Loading /usr/share/perl5/LaTeXML/Package/pdfTeX.pool.ltxml... 0.01 sec) 0.23 sec)
(Processing content /home/user/latex-in-arxiv/2003/0303093.tex...
(Loading /usr/share/perl5/LaTeXML/Package/LaTeX.pool.ltxml...
(Loading /usr/share/perl5/LaTeXML/Package/textcomp.sty.ltxml...
(Processing definitions /usr/share/texlive/texmf-dist/tex/latex-dev/base/ts1enc.dfu... 0.05 sec) 1.90 sec) 2.24 sec)
(Loading /usr/share/perl5/LaTeXML/Package/revtex4.cls.ltxml...
(Loading /usr/share/perl5/LaTeXML/Package/article.cls.ltxml... 0.02 sec)
(Loading /usr/share/perl5/LaTeXML/Package/revtex4_support.sty.ltxml...
(Loading /usr/share/perl5/LaTeXML/Package/hyperref.sty.ltxml...
(Loading /usr/share/perl5/LaTeXML/Package/keyval.sty.ltxml...
(Processing definitions /usr/share/texlive/texmf-dist/tex/latex-dev/graphics/keyval.sty... 0.02 sec) 0.03 sec)
(Loading /usr/share/perl5/LaTeXML/Package/nameref.sty.ltxml... 0.00 sec)
(Loading /usr/share/perl5/LaTeXML/Package/url.sty.ltxml... 0.00 sec) 0.12 sec)
(Loading /usr/share/perl5/LaTeXML/Package/natbib.sty.ltxml... 0.03 sec)
(Loading /usr/share/perl5/LaTeXML/Package/revsymb.sty.ltxml... 0.01 sec)
(Loading /usr/share/perl5/LaTeXML/Package/longtable.sty.ltxml... 0.01 sec)
(Loading /usr/share/perl5/LaTeXML/Package/dcolumn.sty.ltxml...
(Loading /usr/share/perl5/LaTeXML/Package/array.sty.ltxml... 0.00 sec) 0.01 sec) 0.25 sec) 0.77 sec)
(Loading /usr/share/perl5/LaTeXML/Package/psfig.sty.ltxml...
(Loading /usr/share/perl5/LaTeXML/Package/epsfig.sty.ltxml...
(Loading /usr/share/perl5/LaTeXML/Package/graphicx.sty.ltxml...
(Loading /usr/share/perl5/LaTeXML/Package/graphics.sty.ltxml... 0.02 sec) 0.03 sec) 0.07 sec) 0.08 sec)
(Loading /usr/share/perl5/LaTeXML/Package/amsmath.sty.ltxml...
(Loading /usr/share/perl5/LaTeXML/Package/amsbsy.sty.ltxml...
(Loading /usr/share/perl5/LaTeXML/Package/amsgen.sty.ltxml... 0.01 sec) 0.02 sec)
(Loading /usr/share/perl5/LaTeXML/Package/amstext.sty.ltxml... 0.01 sec)
(Loading /usr/share/perl5/LaTeXML/Package/amsopn.sty.ltxml... 0.02 sec) 0.09 sec) 7.84 sec) 8.08 sec)
(Building...
(Loading compiled schema /usr/share/perl5/LaTeXML/resources/RelaxNG/LaTeXML.model... 0.01 sec)
Warning:unexpected:eqnarray Unrecognized equation patterns (1) in eqnarray
	at 0303093.tex; line 192 col 1 - line 192 col 1
	In Core::Definition::Constructor[\@@eqna... /usr/share/perl5/LaTeXML/Package/LaTeX.pool.ltxml; line 2290
 2.73 sec)
(Rewriting... 0.10 sec)
(Math Parsing 178 formulae ......
Warning:not_parsed:ATOM>OPEN MathParser failed to match rule 'Anything'
	at 0303093.tex; line 124 col 17 - line 126 col 1
	In "$\displaystyle\frac{1}{2}(\dot{R}^{2}+R^{2}\dot{\varphi}_{1}^{2}+R^{2}\sin^{2}%
	\varphi_{1}\dot{\varphi}_{2}^{2}+\cdots$"
	\frac{1}{2}[[UNKNOWN]]
	        > ([[OPEN]] \dot{R}[[UNKNOWN]] ^{2}[[POSTSUPERSCRIPT]] +[[ADDOP]] R[[UNKNOWN]] ^{2}[[POSTSUPERSCRIPT]] \dot{\varphi}[[UNKNOWN]] _{1}[[POSTSUBSCRIPT]] ^{2}[[POSTSUPERSCRIPT]] +[[ADDOP]] R[[UNKNOWN]] ^{2}[[POSTSUPERSCRIPT]] sin[[TRIGFUNCTION]] ^{2}[[POSTSUPERSCRIPT]] φ[[UNKNOWN]] _{1}[[POSTSUBSCRIPT]] \dot{\varphi}[[UNKNOWN]] _{2}[[POSTSUBSCRIPT]] ^{2}[[POSTSUPERSCRIPT]] +[[ADDOP]] ⋯[[ID]]
Warning:not_parsed:ATOM.POSTSUBSCRIPT.POSTSUPERSCRIPT>CLOSE MathParser failed to match rule 'Anything'
	at 0303093.tex; line 126 col 4 - line 128 col 14
	In "$\displaystyle R^{2}\sin^{2}\varphi_{1}\sin^{2}\varphi_{2}\cdots\sin^{2}%
	\varphi_{N-2}\dot{\varphi}_{N-1}^{2})-V(R)$"
	R[[UNKNOWN]] ^{2}[[POSTSUPERSCRIPT]] sin[[TRIGFUNCTION]] ^{2}[[POSTSUPERSCRIPT]] φ[[UNKNOWN]] _{1}[[POSTSUBSCRIPT]] sin[[TRIGFUNCTION]] ^{2}[[POSTSUPERSCRIPT]] φ[[UNKNOWN]] _{2}[[POSTSUBSCRIPT]] ⋯[[ID]] sin[[TRIGFUNCTION]] ^{2}[[POSTSUPERSCRIPT]] φ[[UNKNOWN]] _{N-2}[[POSTSUBSCRIPT]] \dot{\varphi}[[UNKNOWN]] _{N-1}[[POSTSUBSCRIPT]] ^{2}[[POSTSUPERSCRIPT]]
	        > )[[CLOSE]] -[[ADDOP]] V[[UNKNOWN]] ([[OPEN]] R[[UNKNOWN]] )[[CLOSE]]
Warning:not_parsed:TRIGFUNCTION.UNKNOWN.POSTSUBSCRIPT>OPEN MathParser failed to match rule 'Anything'
	at 0303093.tex; line 164 col 5 - line 164 col 5
	In "$\displaystyle\ddot{\varphi}_{1}+(2\frac{\dot{R}}{R}+3H)\dot{\varphi}_{1}-\cos%
	\varphi_{1}\sin\varphi_{1}(\dot{\varphi}^{2}_{2}+\sin^{2}\varphi_{2}\dot{%
	\varphi}^{2}_{3}\hskip 28.452756pt\@@ENDINLINEMATH"
	\ddot{\varphi}[[UNKNOWN]] _{1}[[POSTSUBSCRIPT]] +[[ADDOP]] ([[OPEN]] 2[[NUMBER]] \frac{\dot{R}}{R}[[UNKNOWN]] +[[ADDOP]] 3[[NUMBER]] H[[UNKNOWN]] )[[CLOSE]] \dot{\varphi}[[UNKNOWN]] _{1}[[POSTSUBSCRIPT]] -[[ADDOP]] cos[[TRIGFUNCTION]] φ[[UNKNOWN]] _{1}[[POSTSUBSCRIPT]] sin[[TRIGFUNCTION]] φ[[UNKNOWN]] _{1}[[POSTSUBSCRIPT]]
	        > ([[OPEN]] \dot{\varphi}[[UNKNOWN]] ^{2}[[POSTSUPERSCRIPT]] _{2}[[POSTSUBSCRIPT]] +[[ADDOP]] sin[[TRIGFUNCTION]] ^{2}[[POSTSUPERSCRIPT]] φ[[UNKNOWN]] _{2}[[POSTSUBSCRIPT]] \dot{\varphi}[[UNKNOWN]] ^{2}[[POSTSUPERSCRIPT]] _{3}[[POSTSUBSCRIPT]]
Warning:not_parsed:TRIGFUNCTION.UNKNOWN.POSTSUBSCRIPT>OPEN MathParser failed to match rule 'Anything'
	at 0303093.tex; line 164 col 5 - line 165 col 87
	In "$\displaystyle\ddot{\varphi}_{1}+(2\frac{\dot{R}}{R}+3H)\dot{\varphi}_{1}-\cos%
	\varphi_{1}\sin\varphi_{1}(\dot{\varphi}^{2}_{2}+\sin^{2}\varphi_{2}\dot{%
	\varphi}^{2}_{3}\hskip 28.452756pt$"
	\ddot{\varphi}[[UNKNOWN]] _{1}[[POSTSUBSCRIPT]] +[[ADDOP]] ([[OPEN]] 2[[NUMBER]] \frac{\dot{R}}{R}[[UNKNOWN]] +[[ADDOP]] 3[[NUMBER]] H[[UNKNOWN]] )[[CLOSE]] \dot{\varphi}[[UNKNOWN]] _{1}[[POSTSUBSCRIPT]] -[[ADDOP]] cos[[TRIGFUNCTION]] φ[[UNKNOWN]] _{1}[[POSTSUBSCRIPT]] sin[[TRIGFUNCTION]] φ[[UNKNOWN]] _{1}[[POSTSUBSCRIPT]]
	        > ([[OPEN]] \dot{\varphi}[[UNKNOWN]] ^{2}[[POSTSUPERSCRIPT]] _{2}[[POSTSUBSCRIPT]] +[[ADDOP]] sin[[TRIGFUNCTION]] ^{2}[[POSTSUPERSCRIPT]] φ[[UNKNOWN]] _{2}[[POSTSUBSCRIPT]] \dot{\varphi}[[UNKNOWN]] ^{2}[[POSTSUPERSCRIPT]] _{3}[[POSTSUBSCRIPT]]
Warning:not_parsed:ATOM.POSTSUPERSCRIPT.POSTSUBSCRIPT>CLOSE MathParser failed to match rule 'Anything'
	at 0303093.tex; line 165 col 87 - line 165 col 87
	In "$\displaystyle+\cdots+\sin^{2}\varphi_{2}\sin^{2}\varphi_{3}\cdots\sin^{2}%
	\varphi_{N-2}\dot{\varphi}^{2}_{N-1})=0\hskip 28.452756pt\@@ENDINLINEMATH"
	+[[ADDOP]] ⋯[[ID]] +[[ADDOP]] sin[[TRIGFUNCTION]] ^{2}[[POSTSUPERSCRIPT]] φ[[UNKNOWN]] _{2}[[POSTSUBSCRIPT]] sin[[TRIGFUNCTION]] ^{2}[[POSTSUPERSCRIPT]] φ[[UNKNOWN]] _{3}[[POSTSUBSCRIPT]] ⋯[[ID]] sin[[TRIGFUNCTION]] ^{2}[[POSTSUPERSCRIPT]] φ[[UNKNOWN]] _{N-2}[[POSTSUBSCRIPT]] \dot{\varphi}[[UNKNOWN]] ^{2}[[POSTSUPERSCRIPT]] _{N-1}[[POSTSUBSCRIPT]]
	        > )[[CLOSE]] =[[RELOP]] 0[[NUMBER]]
Warning:not_parsed:ATOM.POSTSUPERSCRIPT.POSTSUBSCRIPT>CLOSE MathParser failed to match rule 'Anything'
	at 0303093.tex; line 165 col 87 - line 167 col 5
	In "$\displaystyle+\cdots+\sin^{2}\varphi_{2}\sin^{2}\varphi_{3}\cdots\sin^{2}%
	\varphi_{N-2}\dot{\varphi}^{2}_{N-1})=0\hskip 28.452756pt$"
	+[[ADDOP]] ⋯[[ID]] +[[ADDOP]] sin[[TRIGFUNCTION]] ^{2}[[POSTSUPERSCRIPT]] φ[[UNKNOWN]] _{2}[[POSTSUBSCRIPT]] sin[[TRIGFUNCTION]] ^{2}[[POSTSUPERSCRIPT]] φ[[UNKNOWN]] _{3}[[POSTSUBSCRIPT]] ⋯[[ID]] sin[[TRIGFUNCTION]] ^{2}[[POSTSUPERSCRIPT]] φ[[UNKNOWN]] _{N-2}[[POSTSUBSCRIPT]] \dot{\varphi}[[UNKNOWN]] ^{2}[[POSTSUPERSCRIPT]] _{N-1}[[POSTSUBSCRIPT]]
	        > )[[CLOSE]] =[[RELOP]] 0[[NUMBER]]
Warning:not_parsed:TRIGFUNCTION.UNKNOWN.POSTSUBSCRIPT>OPEN MathParser failed to match rule 'Anything'
	at 0303093.tex; line 167 col 5 - line 167 col 5
	In "$\displaystyle\ddot{\varphi}_{2}+(2\frac{\dot{R}}{R}+3H+2\cot\varphi_{1}\dot{%
	\varphi}_{1})\dot{\varphi}_{2}-\cos\varphi_{2}\sin\varphi_{2}(\dot{\varphi}^{2%
	}_{3}+\hskip 22.762205pt\@@ENDINLINEMATH"
	\ddot{\varphi}[[UNKNOWN]] _{2}[[POSTSUBSCRIPT]] +[[ADDOP]] ([[OPEN]] 2[[NUMBER]] \frac{\dot{R}}{R}[[UNKNOWN]] +[[ADDOP]] 3[[NUMBER]] H[[UNKNOWN]] +[[ADDOP]] 2[[NUMBER]] cot[[TRIGFUNCTION]] φ[[UNKNOWN]] _{1}[[POSTSUBSCRIPT]] \dot{\varphi}[[UNKNOWN]] _{1}[[POSTSUBSCRIPT]] )[[CLOSE]] \dot{\varphi}[[UNKNOWN]] _{2}[[POSTSUBSCRIPT]] -[[ADDOP]] cos[[TRIGFUNCTION]] φ[[UNKNOWN]] _{2}[[POSTSUBSCRIPT]] sin[[TRIGFUNCTION]] φ[[UNKNOWN]] _{2}[[POSTSUBSCRIPT]]
	        > ([[OPEN]] \dot{\varphi}[[UNKNOWN]] ^{2}[[POSTSUPERSCRIPT]] _{3}[[POSTSUBSCRIPT]] +[[ADDOP]]
Warning:not_parsed:TRIGFUNCTION.UNKNOWN.POSTSUBSCRIPT>OPEN MathParser failed to match rule 'Anything'
	at 0303093.tex; line 167 col 5 - line 168 col 83
	In "$\displaystyle\ddot{\varphi}_{2}+(2\frac{\dot{R}}{R}+3H+2\cot\varphi_{1}\dot{%
	\varphi}_{1})\dot{\varphi}_{2}-\cos\varphi_{2}\sin\varphi_{2}(\dot{\varphi}^{2%
	}_{3}+\hskip 22.762205pt$"
	\ddot{\varphi}[[UNKNOWN]] _{2}[[POSTSUBSCRIPT]] +[[ADDOP]] ([[OPEN]] 2[[NUMBER]] \frac{\dot{R}}{R}[[UNKNOWN]] +[[ADDOP]] 3[[NUMBER]] H[[UNKNOWN]] +[[ADDOP]] 2[[NUMBER]] cot[[TRIGFUNCTION]] φ[[UNKNOWN]] _{1}[[POSTSUBSCRIPT]] \dot{\varphi}[[UNKNOWN]] _{1}[[POSTSUBSCRIPT]] )[[CLOSE]] \dot{\varphi}[[UNKNOWN]] _{2}[[POSTSUBSCRIPT]] -[[ADDOP]] cos[[TRIGFUNCTION]] φ[[UNKNOWN]] _{2}[[POSTSUBSCRIPT]] sin[[TRIGFUNCTION]] φ[[UNKNOWN]] _{2}[[POSTSUBSCRIPT]]
	        > ([[OPEN]] \dot{\varphi}[[UNKNOWN]] ^{2}[[POSTSUPERSCRIPT]] _{3}[[POSTSUBSCRIPT]] +[[ADDOP]]
Warning:not_parsed:ATOM.POSTSUPERSCRIPT.POSTSUBSCRIPT>CLOSE MathParser failed to match rule 'Anything'
	at 0303093.tex; line 168 col 83 - line 168 col 83
	In "$\displaystyle\sin^{2}\varphi_{3}\dot{\varphi}^{2}_{4}+\cdots+\sin^{2}\varphi_%
	{3}\sin^{2}\varphi_{4}\cdots\sin^{2}\varphi_{N-2}\dot{\varphi}^{2}_{N-1})=0%
	\hskip 14.226378pt\@@ENDINLINEMATH"
	sin[[TRIGFUNCTION]] ^{2}[[POSTSUPERSCRIPT]] φ[[UNKNOWN]] _{3}[[POSTSUBSCRIPT]] \dot{\varphi}[[UNKNOWN]] ^{2}[[POSTSUPERSCRIPT]] _{4}[[POSTSUBSCRIPT]] +[[ADDOP]] ⋯[[ID]] +[[ADDOP]] sin[[TRIGFUNCTION]] ^{2}[[POSTSUPERSCRIPT]] φ[[UNKNOWN]] _{3}[[POSTSUBSCRIPT]] sin[[TRIGFUNCTION]] ^{2}[[POSTSUPERSCRIPT]] φ[[UNKNOWN]] _{4}[[POSTSUBSCRIPT]] ⋯[[ID]] sin[[TRIGFUNCTION]] ^{2}[[POSTSUPERSCRIPT]] φ[[UNKNOWN]] _{N-2}[[POSTSUBSCRIPT]] \dot{\varphi}[[UNKNOWN]] ^{2}[[POSTSUPERSCRIPT]] _{N-1}[[POSTSUBSCRIPT]]
	        > )[[CLOSE]] =[[RELOP]] 0[[NUMBER]]
Warning:not_parsed:ATOM.POSTSUPERSCRIPT.POSTSUBSCRIPT>CLOSE MathParser failed to match rule 'Anything'
	at 0303093.tex; line 168 col 83 - line 171 col 6
	In "$\displaystyle\sin^{2}\varphi_{3}\dot{\varphi}^{2}_{4}+\cdots+\sin^{2}\varphi_%
	{3}\sin^{2}\varphi_{4}\cdots\sin^{2}\varphi_{N-2}\dot{\varphi}^{2}_{N-1})=0%
	\hskip 14.226378pt$"
	sin[[TRIGFUNCTION]] ^{2}[[POSTSUPERSCRIPT]] φ[[UNKNOWN]] _{3}[[POSTSUBSCRIPT]] \dot{\varphi}[[UNKNOWN]] ^{2}[[POSTSUPERSCRIPT]] _{4}[[POSTSUBSCRIPT]] +[[ADDOP]] ⋯[[ID]] +[[ADDOP]] sin[[TRIGFUNCTION]] ^{2}[[POSTSUPERSCRIPT]] φ[[UNKNOWN]] _{3}[[POSTSUBSCRIPT]] sin[[TRIGFUNCTION]] ^{2}[[POSTSUPERSCRIPT]] φ[[UNKNOWN]] _{4}[[POSTSUBSCRIPT]] ⋯[[ID]] sin[[TRIGFUNCTION]] ^{2}[[POSTSUPERSCRIPT]] φ[[UNKNOWN]] _{N-2}[[POSTSUBSCRIPT]] \dot{\varphi}[[UNKNOWN]] ^{2}[[POSTSUPERSCRIPT]] _{N-1}[[POSTSUBSCRIPT]]
	        > )[[CLOSE]] =[[RELOP]] 0[[NUMBER]]
Warning:not_parsed:ATOM.POSTSUBSCRIPT.ADDOP>OPEN MathParser failed to match rule 'Anything'
	at 0303093.tex; line 172 col 5 - line 172 col 5
	In "$\displaystyle\ddot{\varphi}_{N-2}+(2\frac{\dot{R}}{R}+3H+2\cot\varphi_{1}\dot%
	{\varphi}_{1}+\cdots+\hskip 56.905512pt\@@ENDINLINEMATH"
	\ddot{\varphi}[[UNKNOWN]] _{N-2}[[POSTSUBSCRIPT]] +[[ADDOP]]
	        > ([[OPEN]] 2[[NUMBER]] \frac{\dot{R}}{R}[[UNKNOWN]] +[[ADDOP]] 3[[NUMBER]] H[[UNKNOWN]] +[[ADDOP]] 2[[NUMBER]] cot[[TRIGFUNCTION]] φ[[UNKNOWN]] _{1}[[POSTSUBSCRIPT]] \dot{\varphi}[[UNKNOWN]] _{1}[[POSTSUBSCRIPT]] +[[ADDOP]] ⋯[[ID]] +[[ADDOP]]
Warning:not_parsed:ATOM.POSTSUBSCRIPT.ADDOP>OPEN MathParser failed to match rule 'Anything'
	at 0303093.tex; line 172 col 5 - line 173 col 1
	In "$\displaystyle\ddot{\varphi}_{N-2}+(2\frac{\dot{R}}{R}+3H+2\cot\varphi_{1}\dot%
	{\varphi}_{1}+\cdots+\hskip 56.905512pt$"
	\ddot{\varphi}[[UNKNOWN]] _{N-2}[[POSTSUBSCRIPT]] +[[ADDOP]]
	        > ([[OPEN]] 2[[NUMBER]] \frac{\dot{R}}{R}[[UNKNOWN]] +[[ADDOP]] 3[[NUMBER]] H[[UNKNOWN]] +[[ADDOP]] 2[[NUMBER]] cot[[TRIGFUNCTION]] φ[[UNKNOWN]] _{1}[[POSTSUBSCRIPT]] \dot{\varphi}[[UNKNOWN]] _{1}[[POSTSUBSCRIPT]] +[[ADDOP]] ⋯[[ID]] +[[ADDOP]]
Warning:not_parsed:POSTSUBSCRIPT.ATOM.POSTSUBSCRIPT>CLOSE MathParser failed to match rule 'Anything'
	at 0303093.tex; line 173 col 1 - line 173 col 1
	In "$\displaystyle 2\cot\varphi_{N-3}\dot{\varphi}_{N-3})\dot{\varphi}_{N-2}-\cos%
	\varphi_{N-2}\sin\varphi_{N-2}\dot{\varphi}^{2}_{N-1}=0\hskip 14.226378pt\@@ENDINLINEMATH"
	2[[NUMBER]] cot[[TRIGFUNCTION]] φ[[UNKNOWN]] _{N-3}[[POSTSUBSCRIPT]] \dot{\varphi}[[UNKNOWN]] _{N-3}[[POSTSUBSCRIPT]]
	        > )[[CLOSE]] \dot{\varphi}[[UNKNOWN]] _{N-2}[[POSTSUBSCRIPT]] -[[ADDOP]] cos[[TRIGFUNCTION]] φ[[UNKNOWN]] _{N-2}[[POSTSUBSCRIPT]] sin[[TRIGFUNCTION]] φ[[UNKNOWN]] _{N-2}[[POSTSUBSCRIPT]] \dot{\varphi}[[UNKNOWN]] ^{2}[[POSTSUPERSCRIPT]] _{N-1}[[POSTSUBSCRIPT]] =[[RELOP]] 0[[NUMBER]]
Warning:not_parsed:POSTSUBSCRIPT.ATOM.POSTSUBSCRIPT>CLOSE MathParser failed to match rule 'Anything'
	at 0303093.tex; line 173 col 1 - line 175 col 5
	In "$\displaystyle 2\cot\varphi_{N-3}\dot{\varphi}_{N-3})\dot{\varphi}_{N-2}-\cos%
	\varphi_{N-2}\sin\varphi_{N-2}\dot{\varphi}^{2}_{N-1}=0\hskip 14.226378pt$"
	2[[NUMBER]] cot[[TRIGFUNCTION]] φ[[UNKNOWN]] _{N-3}[[POSTSUBSCRIPT]] \dot{\varphi}[[UNKNOWN]] _{N-3}[[POSTSUBSCRIPT]]
	        > )[[CLOSE]] \dot{\varphi}[[UNKNOWN]] _{N-2}[[POSTSUBSCRIPT]] -[[ADDOP]] cos[[TRIGFUNCTION]] φ[[UNKNOWN]] _{N-2}[[POSTSUBSCRIPT]] sin[[TRIGFUNCTION]] φ[[UNKNOWN]] _{N-2}[[POSTSUBSCRIPT]] \dot{\varphi}[[UNKNOWN]] ^{2}[[POSTSUPERSCRIPT]] _{N-1}[[POSTSUBSCRIPT]] =[[RELOP]] 0[[NUMBER]]
Warning:not_parsed:ATOM.POSTSUBSCRIPT.ADDOP>OPEN MathParser failed to match rule 'Anything'
	at 0303093.tex; line 175 col 5 - line 175 col 5
	In "$\displaystyle\ddot{\varphi}_{N-1}+(2\frac{\dot{R}}{R}+3H+2\cot\varphi_{1}\dot%
	{\varphi}_{1}+\cdots+\hskip 56.905512pt\@@ENDINLINEMATH"
	\ddot{\varphi}[[UNKNOWN]] _{N-1}[[POSTSUBSCRIPT]] +[[ADDOP]]
	        > ([[OPEN]] 2[[NUMBER]] \frac{\dot{R}}{R}[[UNKNOWN]] +[[ADDOP]] 3[[NUMBER]] H[[UNKNOWN]] +[[ADDOP]] 2[[NUMBER]] cot[[TRIGFUNCTION]] φ[[UNKNOWN]] _{1}[[POSTSUBSCRIPT]] \dot{\varphi}[[UNKNOWN]] _{1}[[POSTSUBSCRIPT]] +[[ADDOP]] ⋯[[ID]] +[[ADDOP]]
Warning:not_parsed:ATOM.POSTSUBSCRIPT.ADDOP>OPEN MathParser failed to match rule 'Anything'
	at 0303093.tex; line 175 col 5 - line 176 col 1
	In "$\displaystyle\ddot{\varphi}_{N-1}+(2\frac{\dot{R}}{R}+3H+2\cot\varphi_{1}\dot%
	{\varphi}_{1}+\cdots+\hskip 56.905512pt$"
	\ddot{\varphi}[[UNKNOWN]] _{N-1}[[POSTSUBSCRIPT]] +[[ADDOP]]
	        > ([[OPEN]] 2[[NUMBER]] \frac{\dot{R}}{R}[[UNKNOWN]] +[[ADDOP]] 3[[NUMBER]] H[[UNKNOWN]] +[[ADDOP]] 2[[NUMBER]] cot[[TRIGFUNCTION]] φ[[UNKNOWN]] _{1}[[POSTSUBSCRIPT]] \dot{\varphi}[[UNKNOWN]] _{1}[[POSTSUBSCRIPT]] +[[ADDOP]] ⋯[[ID]] +[[ADDOP]]
Warning:not_parsed:POSTSUBSCRIPT.ATOM.POSTSUBSCRIPT>CLOSE MathParser failed to match rule 'Anything'
	at 0303093.tex; line 176 col 1 - line 176 col 1
	In "$\displaystyle 2\cot\varphi_{N-2}\dot{\varphi}_{N-2})\dot{\varphi}_{N-1}=0%
	\hskip 42.679134pt\@@ENDINLINEMATH"
	2[[NUMBER]] cot[[TRIGFUNCTION]] φ[[UNKNOWN]] _{N-2}[[POSTSUBSCRIPT]] \dot{\varphi}[[UNKNOWN]] _{N-2}[[POSTSUBSCRIPT]]
	        > )[[CLOSE]] \dot{\varphi}[[UNKNOWN]] _{N-1}[[POSTSUBSCRIPT]] =[[RELOP]] 0[[NUMBER]]
Warning:not_parsed:POSTSUBSCRIPT.ATOM.POSTSUBSCRIPT>CLOSE MathParser failed to match rule 'Anything'
	at 0303093.tex; line 176 col 1 - line 177 col 14
	In "$\displaystyle 2\cot\varphi_{N-2}\dot{\varphi}_{N-2})\dot{\varphi}_{N-1}=0%
	\hskip 42.679134pt$"
	2[[NUMBER]] cot[[TRIGFUNCTION]] φ[[UNKNOWN]] _{N-2}[[POSTSUBSCRIPT]] \dot{\varphi}[[UNKNOWN]] _{N-2}[[POSTSUBSCRIPT]]
	        > )[[CLOSE]] \dot{\varphi}[[UNKNOWN]] _{N-1}[[POSTSUBSCRIPT]] =[[RELOP]] 0[[NUMBER]]
Warning:not_parsed:ATOM.CLOSE.POSTSUPERSCRIPT>OPEN MathParser failed to match rule 'Anything'
	at 0303093.tex; line 193 col 4 - line 193 col 4
	In "$\displaystyle\dot{\varphi}_{N-2}=(\Omega^{2}_{N-3}-\frac{\Omega^{2}_{N-2}}{%
	\sin^{2}\varphi_{N-2}})^{\frac{1}{2}}(a^{3}R^{2}\sin^{2}\varphi_{1}\cdots\@@ENDINLINEMATH"
	\dot{\varphi}[[UNKNOWN]] _{N-2}[[POSTSUBSCRIPT]] =[[RELOP]] ([[OPEN]] Ω[[UNKNOWN]] ^{2}[[POSTSUPERSCRIPT]] _{N-3}[[POSTSUBSCRIPT]] -[[ADDOP]] \frac{\Omega^{2}_{N-2}}{\sin^{2}\varphi_{N-2}}[[UNKNOWN]] )[[CLOSE]] ^{\frac{1}{2}}[[POSTSUPERSCRIPT]]
	        > ([[OPEN]] a[[UNKNOWN]] ^{3}[[POSTSUPERSCRIPT]] R[[UNKNOWN]] ^{2}[[POSTSUPERSCRIPT]] sin[[TRIGFUNCTION]] ^{2}[[POSTSUPERSCRIPT]] φ[[UNKNOWN]] _{1}[[POSTSUBSCRIPT]] ⋯[[ID]]
Warning:not_parsed:ATOM.CLOSE.POSTSUPERSCRIPT>OPEN MathParser failed to match rule 'Anything'
	at 0303093.tex; line 193 col 23 - line 194 col 51
	In "$\displaystyle(\Omega^{2}_{N-3}-\frac{\Omega^{2}_{N-2}}{\sin^{2}\varphi_{N-2}}%
	)^{\frac{1}{2}}(a^{3}R^{2}\sin^{2}\varphi_{1}\cdots$"
	([[OPEN]] Ω[[UNKNOWN]] ^{2}[[POSTSUPERSCRIPT]] _{N-3}[[POSTSUBSCRIPT]] -[[ADDOP]] \frac{\Omega^{2}_{N-2}}{\sin^{2}\varphi_{N-2}}[[UNKNOWN]] )[[CLOSE]] ^{\frac{1}{2}}[[POSTSUPERSCRIPT]]
	        > ([[OPEN]] a[[UNKNOWN]] ^{3}[[POSTSUPERSCRIPT]] R[[UNKNOWN]] ^{2}[[POSTSUPERSCRIPT]] sin[[TRIGFUNCTION]] ^{2}[[POSTSUPERSCRIPT]] φ[[UNKNOWN]] _{1}[[POSTSUBSCRIPT]] ⋯[[ID]]
Warning:not_parsed:POSTSUPERSCRIPT.UNKNOWN.POSTSUBSCRIPT>CLOSE MathParser failed to match rule 'Anything'
	at 0303093.tex; line 194 col 51 - line 194 col 51
	In "$\displaystyle\sin^{2}\varphi_{N-3})^{-1}\@@ENDINLINEMATH"
	sin[[TRIGFUNCTION]] ^{2}[[POSTSUPERSCRIPT]] φ[[UNKNOWN]] _{N-3}[[POSTSUBSCRIPT]]
	        > )[[CLOSE]] ^{-1}[[POSTSUPERSCRIPT]]
Warning:not_parsed:POSTSUPERSCRIPT.UNKNOWN.POSTSUBSCRIPT>CLOSE MathParser failed to match rule 'Anything'
	at 0303093.tex; line 194 col 51 - line 195 col 4
	In "$\displaystyle\sin^{2}\varphi_{N-3})^{-1}$"
	sin[[TRIGFUNCTION]] ^{2}[[POSTSUPERSCRIPT]] φ[[UNKNOWN]] _{N-3}[[POSTSUBSCRIPT]]
	        > )[[CLOSE]] ^{-1}[[POSTSUPERSCRIPT]]
 5.86 sec)
Math parsing succeeded:
   ltx:XMArg: 834/834
   ltx:XMath: 156/178
Symbols assumed as simple identifiers (with # of occurences):
   'G{italic}' (7), 'H{italic}' (37), 'L{italic}' (4), 'N{italic}' (72), 'Omega' (43), 'Phi' (15), 'R{italic}' (79), 'S{italic}' (1), 'V{italic}' (25), 'alpha' (2), 'a{italic}' (51), 'beta' (1), 'b{italic}' (15), 'c{italic}' (15), 'delta' (7), 'd{italic}' (56), 'e{italic}' (11), 'gamma' (4), 'g{italic}' (3), 'h{italic}' (2), 'i{italic}' (22), 'j{italic}' (3), 'kappa' (13), 'k{italic}' (5), 'lambda' (16), 'l{italic}' (2), 'mu' (2), 'nu' (2), 'n{italic}' (1), 'phi' (3), 'pi' (8), 'p{italic}' (7), 'rho' (18), 'r{italic}' (19), 's{italic}' (10), 't{italic}' (47), 'u{italic}' (2), 'varphi' (140), 'w{italic}' (16), 'xi' (7), 'x{italic}' (24), 'y{italic}' (13), 'z{italic}' (46)
Set MATHPARSER_SPECULATE to speculate on possible notations.
(Finalizing... 0.50 sec)
Conversion complete 23 warnings (See /home/user/latex-in-arxiv/0303093.latexml.log) (reqd. 17.71s)
