latexml (LaTeXML version 0.8.6) processing 2003/0303125.tex
(Digesting TeX 0303125...
(Loading /usr/share/perl5/LaTeXML/Package/TeX.pool.ltxml...
(Loading /usr/share/perl5/LaTeXML/Package/eTeX.pool.ltxml... 0.00 sec)
(Loading /usr/share/perl5/LaTeXML/Package/pdfTeX.pool.ltxml... 0.01 sec) 0.20 sec)
(Processing content /home/user/latex-in-arxiv/2003/0303125.tex...
(Loading /usr/share/perl5/LaTeXML/Package/LaTeX.pool.ltxml...
(Loading /usr/share/perl5/LaTeXML/Package/textcomp.sty.ltxml...
(Processing definitions /usr/share/texlive/texmf-dist/tex/latex-dev/base/ts1enc.dfu... 0.04 sec) 1.81 sec) 2.05 sec)
Info:unexpected:\documentstyle Entering LaTeX 2.09 Compatibility mode
	at 0303125.tex; line 1 col 0 - line 1 col 29
(Loading /usr/share/perl5/LaTeXML/Package/article.cls.ltxml... 0.02 sec) 8.83 sec) 9.06 sec)
(Building...
(Loading compiled schema /usr/share/perl5/LaTeXML/resources/RelaxNG/LaTeXML.model... 0.02 sec) 7.45 sec)
(Rewriting... 0.30 sec)
(Math Parsing 250 formulae ......
Warning:not_parsed:UNKNOWN.POSTSUBSCRIPT.POSTSUPERSCRIPT>MULOP MathParser failed to match rule 'Anything'
	at 0303125.tex; line 173 col 1 - line 173 col 1
	In "$\displaystyle G^{\nu\rho}_{\mu\lambda}=\frac{1}{M^{3}}D_{5}\left[\frac{1}{2}%
	\left(\eta^{\nu\rho}\eta_{\mu\lambda}+\eta^{\nu}_{\lambda}\eta_{\mu}^{\rho}%
	\right)-\frac{1}{3}\eta^{\nu}_{\mu}\eta^{\rho}_{\lambda}\right]+\frac{M_{Pl}^{%
	2}}{M^{3}}\frac{1}{M^{3}+M_{Pl}^{2}p^{2}D_{00}}\cdot D_{0}D_{0}^{\prime}\times%
	\left[-p^{2}\left(\frac{1}{2}\eta^{\nu\rho}\eta_{\mu\lambda}+\frac{1}{2}\eta^{%
	\nu}_{\lambda}\eta_{\mu}^{\rho}-\frac{1}{3}\eta^{\nu}_{\mu}\eta^{\rho}_{%
	\lambda}\right)\right.+\left.\frac{1}{2}(p_{\mu}p^{\rho}\eta^{\nu}_{\lambda}+p%
	^{\nu}p^{\rho}\eta_{\mu\lambda}+(\lambda\leftrightarrow\rho))\right.-\left.%
	\frac{1}{3}p_{\mu}p^{\nu}\eta^{\rho}_{\lambda}-\frac{1}{3}\eta^{\nu}_{\mu}p^{%
	\rho}p_{\lambda}-\frac{2}{3}\frac{p_{\mu}p^{\nu}p^{\rho}p_{\lambda}}{p^{2}}%
	\right]+\frac{M_{Pl}^{2}}{M^{6}}\frac{2}{3}\frac{p_{\mu}p^{\nu}p^{\rho}p_{%
	\lambda}}{p^{2}}\cdot D_{0}D_{0}^{\prime}\@@ENDINLINEMATH"
	G[[UNKNOWN]] ^{\nu\rho}[[POSTSUPERSCRIPT]] _{\mu\lambda}[[POSTSUBSCRIPT]] =[[RELOP]] \frac{1}{M^{3}}[[UNKNOWN]] D[[UNKNOWN]] _{5}[[POSTSUBSCRIPT]] \left[[[OPEN]] \frac{1}{2}[[UNKNOWN]] \left([[OPEN]] η[[UNKNOWN]] ^{\nu\rho}[[POSTSUPERSCRIPT]] η[[UNKNOWN]] _{\mu\lambda}[[POSTSUBSCRIPT]] +[[ADDOP]] η[[UNKNOWN]] ^{\nu}[[POSTSUPERSCRIPT]] _{\lambda}[[POSTSUBSCRIPT]] η[[UNKNOWN]] _{\mu}[[POSTSUBSCRIPT]] ^{\rho}[[POSTSUPERSCRIPT]] \right)[[CLOSE]] -[[ADDOP]] \frac{1}{3}[[UNKNOWN]] η[[UNKNOWN]] ^{\nu}[[POSTSUPERSCRIPT]] _{\mu}[[POSTSUBSCRIPT]] η[[UNKNOWN]] ^{\rho}[[POSTSUPERSCRIPT]] _{\lambda}[[POSTSUBSCRIPT]] \right][[CLOSE]] +[[ADDOP]] \frac{M_{Pl}^{2}}{M^{3}}[[UNKNOWN]] \frac{1}{M^{3}+M_{Pl}^{2}p^{2}D_{00}}[[UNKNOWN]] ⋅[[MULOP]] D[[UNKNOWN]] _{0}[[POSTSUBSCRIPT]] D[[UNKNOWN]] _{0}[[POSTSUBSCRIPT]] ^{\prime}[[POSTSUPERSCRIPT]]
	        > ×[[MULOP]] \left[[[OPEN]] -[[ADDOP]] p[[UNKNOWN]] ^{2}[[POSTSUPERSCRIPT]] \left([[OPEN]] \frac{1}{2}[[UNKNOWN]] η[[UNKNOWN]] ^{\nu\rho}[[POSTSUPERSCRIPT]] η[[UNKNOWN]] _{\mu\lambda}[[POSTSUBSCRIPT]] +[[ADDOP]] \frac{1}{2}[[UNKNOWN]] η[[UNKNOWN]] ^{\nu}[[POSTSUPERSCRIPT]] _{\lambda}[[POSTSUBSCRIPT]] η[[UNKNOWN]] _{\mu}[[POSTSUBSCRIPT]] ^{\rho}[[POSTSUPERSCRIPT]] -[[ADDOP]] \frac{1}{3}[[UNKNOWN]] η[[UNKNOWN]] ^{\nu}[[POSTSUPERSCRIPT]] _{\mu}[[POSTSUBSCRIPT]] η[[UNKNOWN]] ^{\rho}[[POSTSUPERSCRIPT]] _{\lambda}[[POSTSUBSCRIPT]] \right)[[CLOSE]] +[[ADDOP]] \frac{1}{2}[[UNKNOWN]] ([[OPEN]] p[[UNKNOWN]] _{\mu}[[POSTSUBSCRIPT]] p[[UNKNOWN]] ^{\rho}[[POSTSUPERSCRIPT]] η[[UNKNOWN]] ^{\nu}[[POSTSUPERSCRIPT]] _{\lambda}[[POSTSUBSCRIPT]] +[[ADDOP]] p[[UNKNOWN]] ^{\nu}[[POSTSUPERSCRIPT]] p[[UNKNOWN]] ^{\rho}[[POSTSUPERSCRIPT]] η[[UNKNOWN]] _{\mu\lambda}[[POSTSUBSCRIPT]] +[[ADDOP]] ([[OPEN]] λ[[UNKNOWN]] ↔[[METARELOP]] ρ[[UNKNOWN]] )[[CLOSE]] ...
Warning:not_parsed:>OPEN MathParser failed to match rule 'Anything'
	at 0303125.tex; line 182 col 0 - line 187 col 1
	In "$\displaystyle\left[-p^{2}\left(\frac{1}{2}\eta^{\nu\rho}\eta_{\mu\lambda}+%
	\frac{1}{2}\eta^{\nu}_{\lambda}\eta_{\mu}^{\rho}-\frac{1}{3}\eta^{\nu}_{\mu}%
	\eta^{\rho}_{\lambda}\right)\right.$"
	> \left[[[OPEN]] -[[ADDOP]] p[[UNKNOWN]] ^{2}[[POSTSUPERSCRIPT]] \left([[OPEN]] \frac{1}{2}[[UNKNOWN]] η[[UNKNOWN]] ^{\nu\rho}[[POSTSUPERSCRIPT]] η[[UNKNOWN]] _{\mu\lambda}[[POSTSUBSCRIPT]] +[[ADDOP]] \frac{1}{2}[[UNKNOWN]] η[[UNKNOWN]] ^{\nu}[[POSTSUPERSCRIPT]] _{\lambda}[[POSTSUBSCRIPT]] η[[UNKNOWN]] _{\mu}[[POSTSUBSCRIPT]] ^{\rho}[[POSTSUPERSCRIPT]] -[[ADDOP]] \frac{1}{3}[[UNKNOWN]] η[[UNKNOWN]] ^{\nu}[[POSTSUPERSCRIPT]] _{\mu}[[POSTSUBSCRIPT]] η[[UNKNOWN]] ^{\rho}[[POSTSUPERSCRIPT]] _{\lambda}[[POSTSUBSCRIPT]] \right)[[CLOSE]]
Warning:not_parsed:ATOM>OPEN MathParser failed to match rule 'Anything'
	at 0303125.tex; line 187 col 10 - line 191 col 1
	In "$\displaystyle\left.\frac{1}{2}(p_{\mu}p^{\rho}\eta^{\nu}_{\lambda}+p^{\nu}p^{%
	\rho}\eta_{\mu\lambda}+(\lambda\leftrightarrow\rho))\right.$"
	\frac{1}{2}[[UNKNOWN]]
	        > ([[OPEN]] p[[UNKNOWN]] _{\mu}[[POSTSUBSCRIPT]] p[[UNKNOWN]] ^{\rho}[[POSTSUPERSCRIPT]] η[[UNKNOWN]] ^{\nu}[[POSTSUPERSCRIPT]] _{\lambda}[[POSTSUBSCRIPT]] +[[ADDOP]] p[[UNKNOWN]] ^{\nu}[[POSTSUPERSCRIPT]] p[[UNKNOWN]] ^{\rho}[[POSTSUPERSCRIPT]] η[[UNKNOWN]] _{\mu\lambda}[[POSTSUBSCRIPT]] +[[ADDOP]] ([[OPEN]] λ[[UNKNOWN]] ↔[[METARELOP]] ρ[[UNKNOWN]] )[[CLOSE]] )[[CLOSE]]
Warning:not_parsed:ADDOP.ATOM.ATOM>CLOSE MathParser failed to match rule 'Anything'
	at 0303125.tex; line 191 col 10 - line 195 col 1
	In "$\displaystyle\left.\frac{1}{3}p_{\mu}p^{\nu}\eta^{\rho}_{\lambda}-\frac{1}{3}%
	\eta^{\nu}_{\mu}p^{\rho}p_{\lambda}-\frac{2}{3}\frac{p_{\mu}p^{\nu}p^{\rho}p_{%
	\lambda}}{p^{2}}\right]$"
	\frac{1}{3}[[UNKNOWN]] p[[UNKNOWN]] _{\mu}[[POSTSUBSCRIPT]] p[[UNKNOWN]] ^{\nu}[[POSTSUPERSCRIPT]] η[[UNKNOWN]] ^{\rho}[[POSTSUPERSCRIPT]] _{\lambda}[[POSTSUBSCRIPT]] -[[ADDOP]] \frac{1}{3}[[UNKNOWN]] η[[UNKNOWN]] ^{\nu}[[POSTSUPERSCRIPT]] _{\mu}[[POSTSUBSCRIPT]] p[[UNKNOWN]] ^{\rho}[[POSTSUPERSCRIPT]] p[[UNKNOWN]] _{\lambda}[[POSTSUBSCRIPT]] -[[ADDOP]] \frac{2}{3}[[UNKNOWN]] \frac{p_{\mu}p^{\nu}p^{\rho}p_{\lambda}}{p^{2}}[[UNKNOWN]]
	        > \right][[CLOSE]]
Warning:not_parsed:CLOSE.ADDOP.ATOM>OPEN MathParser failed to match rule 'Anything'
	at 0303125.tex; line 202 col 1 - line 202 col 1
	In "$\displaystyle G^{\nu\rho}_{\mu\lambda}(y=y^{\prime}=0)=\frac{D_{00}}{M^{3}+M_%
	{Pl}^{2}p^{2}D_{00}}\left[\frac{1}{2}\left(\eta^{\nu\rho}\eta_{\mu\lambda}+%
	\eta^{\nu}_{\lambda}\eta_{\mu}^{\rho}\right)-\frac{1}{3}\eta^{\nu}_{\mu}\eta^{%
	\rho}_{\lambda}\right]+\frac{M_{Pl}^{2}D_{00}^{2}}{M^{3}(M^{3}+M_{Pl}^{2}p^{2}%
	D_{00})}\left[\frac{1}{2}(p_{\mu}p^{\rho}\eta^{\nu}_{\lambda}+p^{\nu}p^{\rho}%
	\eta_{\mu\lambda}+(\lambda\leftrightarrow\rho))\right.-\left.\frac{1}{3}p_{\mu%
	}p^{\nu}\eta^{\rho}_{\lambda}-\frac{1}{3}\eta^{\nu}_{\mu}p^{\rho}p_{\lambda}-%
	\frac{2}{3}\frac{p_{\mu}p^{\nu}p^{\rho}p_{\lambda}}{p^{2}}\right]+\frac{M_{Pl}%
	^{2}}{M^{6}}\frac{2}{3}\frac{p_{\mu}p^{\nu}p^{\rho}p_{\lambda}}{p^{2}}\cdot D_%
	{00}^{2}\@@ENDINLINEMATH"
	G[[UNKNOWN]] ^{\nu\rho}[[POSTSUPERSCRIPT]] _{\mu\lambda}[[POSTSUBSCRIPT]] ([[OPEN]] y[[UNKNOWN]] =[[RELOP]] y[[UNKNOWN]] ^{\prime}[[POSTSUPERSCRIPT]] =[[RELOP]] 0[[NUMBER]] )[[CLOSE]] =[[RELOP]] \frac{D_{00}}{M^{3}+M_{Pl}^{2}p^{2}D_{00}}[[UNKNOWN]] \left[[[OPEN]] \frac{1}{2}[[UNKNOWN]] \left([[OPEN]] η[[UNKNOWN]] ^{\nu\rho}[[POSTSUPERSCRIPT]] η[[UNKNOWN]] _{\mu\lambda}[[POSTSUBSCRIPT]] +[[ADDOP]] η[[UNKNOWN]] ^{\nu}[[POSTSUPERSCRIPT]] _{\lambda}[[POSTSUBSCRIPT]] η[[UNKNOWN]] _{\mu}[[POSTSUBSCRIPT]] ^{\rho}[[POSTSUPERSCRIPT]] \right)[[CLOSE]] -[[ADDOP]] \frac{1}{3}[[UNKNOWN]] η[[UNKNOWN]] ^{\nu}[[POSTSUPERSCRIPT]] _{\mu}[[POSTSUBSCRIPT]] η[[UNKNOWN]] ^{\rho}[[POSTSUPERSCRIPT]] _{\lambda}[[POSTSUBSCRIPT]] \right][[CLOSE]] +[[ADDOP]] \frac{M_{Pl}^{2}D_{00}^{2}}{M^{3}(M^{3}+M_{Pl}^{2}p^{2}D_{00})}[[UNKNOWN]]
	        > \left[[[OPEN]] \frac{1}{2}[[UNKNOWN]] ([[OPEN]] p[[UNKNOWN]] _{\mu}[[POSTSUBSCRIPT]] p[[UNKNOWN]] ^{\rho}[[POSTSUPERSCRIPT]] η[[UNKNOWN]] ^{\nu}[[POSTSUPERSCRIPT]] _{\lambda}[[POSTSUBSCRIPT]] +[[ADDOP]] p[[UNKNOWN]] ^{\nu}[[POSTSUPERSCRIPT]] p[[UNKNOWN]] ^{\rho}[[POSTSUPERSCRIPT]] η[[UNKNOWN]] _{\mu\lambda}[[POSTSUBSCRIPT]] +[[ADDOP]] ([[OPEN]] λ[[UNKNOWN]] ↔[[METARELOP]] ρ[[UNKNOWN]] )[[CLOSE]] )[[CLOSE]] -[[ADDOP]] \frac{1}{3}[[UNKNOWN]] p[[UNKNOWN]] _{\mu}[[POSTSUBSCRIPT]] p[[UNKNOWN]] ^{\nu}[[POSTSUPERSCRIPT]] η[[UNKNOWN]] ^{\rho}[[POSTSUPERSCRIPT]] _{\lambda}[[POSTSUBSCRIPT]] -[[ADDOP]] \frac{1}{3}[[UNKNOWN]] η[[UNKNOWN]] ^{\nu}[[POSTSUPERSCRIPT]] _{\mu}[[POSTSUBSCRIPT]] p[[UNKNOWN]] ^{\rho}[[POSTSUPERSCRIPT]] p[[UNKNOWN]] _{\lambda}[[POSTSUBSCRIPT]] -[[ADDOP]] \frac{2}{3}[[UNKNOWN]] \frac{p_{\mu}p^{\nu}p^{\rho}p_{\lambda}}{p^{2}}[[UNKNOWN]] \right][[CLOSE]] +[[ADDOP]] \frac{M_{Pl}^{2}}{M^{6}}[[UNKNOWN]] \frac{2}{3}[[UNKNOWN]] \frac{p_{\mu}p^{\nu}p^{\rho}p_{\lambda}}{p^{2}}[[UNKNOWN]] ⋅[[MULOP]] ...
Warning:not_parsed:ATOM>OPEN MathParser failed to match rule 'Anything'
	at 0303125.tex; line 209 col 9 - line 214 col 1
	In "$\displaystyle\frac{M_{Pl}^{2}D_{00}^{2}}{M^{3}(M^{3}+M_{Pl}^{2}p^{2}D_{00})}%
	\left[\frac{1}{2}(p_{\mu}p^{\rho}\eta^{\nu}_{\lambda}+p^{\nu}p^{\rho}\eta_{\mu%
	\lambda}+(\lambda\leftrightarrow\rho))\right.$"
	\frac{M_{Pl}^{2}D_{00}^{2}}{M^{3}(M^{3}+M_{Pl}^{2}p^{2}D_{00})}[[UNKNOWN]]
	        > \left[[[OPEN]] \frac{1}{2}[[UNKNOWN]] ([[OPEN]] p[[UNKNOWN]] _{\mu}[[POSTSUBSCRIPT]] p[[UNKNOWN]] ^{\rho}[[POSTSUPERSCRIPT]] η[[UNKNOWN]] ^{\nu}[[POSTSUPERSCRIPT]] _{\lambda}[[POSTSUBSCRIPT]] +[[ADDOP]] p[[UNKNOWN]] ^{\nu}[[POSTSUPERSCRIPT]] p[[UNKNOWN]] ^{\rho}[[POSTSUPERSCRIPT]] η[[UNKNOWN]] _{\mu\lambda}[[POSTSUBSCRIPT]] +[[ADDOP]] ([[OPEN]] λ[[UNKNOWN]] ↔[[METARELOP]] ρ[[UNKNOWN]] )[[CLOSE]] )[[CLOSE]]
Warning:not_parsed:ADDOP.ATOM.ATOM>CLOSE MathParser failed to match rule 'Anything'
	at 0303125.tex; line 214 col 10 - line 218 col 1
	In "$\displaystyle\left.\frac{1}{3}p_{\mu}p^{\nu}\eta^{\rho}_{\lambda}-\frac{1}{3}%
	\eta^{\nu}_{\mu}p^{\rho}p_{\lambda}-\frac{2}{3}\frac{p_{\mu}p^{\nu}p^{\rho}p_{%
	\lambda}}{p^{2}}\right]$"
	\frac{1}{3}[[UNKNOWN]] p[[UNKNOWN]] _{\mu}[[POSTSUBSCRIPT]] p[[UNKNOWN]] ^{\nu}[[POSTSUPERSCRIPT]] η[[UNKNOWN]] ^{\rho}[[POSTSUPERSCRIPT]] _{\lambda}[[POSTSUBSCRIPT]] -[[ADDOP]] \frac{1}{3}[[UNKNOWN]] η[[UNKNOWN]] ^{\nu}[[POSTSUPERSCRIPT]] _{\mu}[[POSTSUBSCRIPT]] p[[UNKNOWN]] ^{\rho}[[POSTSUPERSCRIPT]] p[[UNKNOWN]] _{\lambda}[[POSTSUBSCRIPT]] -[[ADDOP]] \frac{2}{3}[[UNKNOWN]] \frac{p_{\mu}p^{\nu}p^{\rho}p_{\lambda}}{p^{2}}[[UNKNOWN]]
	        > \right][[CLOSE]]
Warning:not_parsed:ATOM.OPERATOR.POSTSUBSCRIPT>OPEN MathParser failed to match rule 'Anything'
	at 0303125.tex; line 529 col 9 - line 533 col 1
	In "$\displaystyle\frac{1}{2}\partial_{A}[\partial_{B}(\sqrt{\hat{g}}\hat{R}^{(5)}%
	)\xi^{A}\xi^{B}+\sqrt{\hat{g}}\hat{R}^{(5)}\xi^{A}\partial_{B}\xi^{B}$"
	\frac{1}{2}[[UNKNOWN]] ∂[[OPERATOR]] _{A}[[POSTSUBSCRIPT]]
	        > [[[OPEN]] ∂[[OPERATOR]] _{B}[[POSTSUBSCRIPT]] ([[OPEN]] \sqrt{\hat{g}}[[UNKNOWN]] \hat{R}[[UNKNOWN]] ^{(5)}[[POSTSUPERSCRIPT]] )[[CLOSE]] ξ[[UNKNOWN]] ^{A}[[POSTSUPERSCRIPT]] ξ[[UNKNOWN]] ^{B}[[POSTSUPERSCRIPT]] +[[ADDOP]] \sqrt{\hat{g}}[[UNKNOWN]] \hat{R}[[UNKNOWN]] ^{(5)}[[POSTSUPERSCRIPT]] ξ[[UNKNOWN]] ^{A}[[POSTSUPERSCRIPT]] ∂[[OPERATOR]] _{B}[[POSTSUBSCRIPT]] ξ[[UNKNOWN]] ^{B}[[POSTSUPERSCRIPT]]
Warning:not_parsed:POSTSUBSCRIPT.UNKNOWN.POSTSUPERSCRIPT>CLOSE MathParser failed to match rule 'Anything'
	at 0303125.tex; line 533 col 9 - line 535 col 14
	In "$\displaystyle\sqrt{\hat{g}}\hat{R}^{(5)}\xi^{B}\partial_{B}\xi^{A}]$"
	\sqrt{\hat{g}}[[UNKNOWN]] \hat{R}[[UNKNOWN]] ^{(5)}[[POSTSUPERSCRIPT]] ξ[[UNKNOWN]] ^{B}[[POSTSUPERSCRIPT]] ∂[[OPERATOR]] _{B}[[POSTSUBSCRIPT]] ξ[[UNKNOWN]] ^{A}[[POSTSUPERSCRIPT]]
	        > ][[CLOSE]]
Warning:not_parsed:UNKNOWN.POSTSUPERSCRIPT.UNKNOWN>OPEN MathParser failed to match rule 'Anything'
	at 0303125.tex; line 678 col 4 - line 681 col 12
	In "$\displaystyle S_{\epsilon}=\int~{}d^{4}x~{}\left[12M^{3}\epsilon\cdot\Box^{(4%
	)}\phi\right.$"
	S[[UNKNOWN]] _{\epsilon}[[POSTSUBSCRIPT]] =[[RELOP]] ∫[[INTOP]] d[[UNKNOWN]] ^{4}[[POSTSUPERSCRIPT]] x[[UNKNOWN]]
	        > \left[[[OPEN]] 12[[NUMBER]] M[[UNKNOWN]] ^{3}[[POSTSUPERSCRIPT]] ϵ[[UNKNOWN]] ⋅[[MULOP]] □[[UNKNOWN]] ^{(4)}[[POSTSUPERSCRIPT]] ϕ[[UNKNOWN]]
Warning:not_parsed:UNKNOWN.POSTSUPERSCRIPT.CLOSE>CLOSE MathParser failed to match rule 'Anything'
	at 0303125.tex; line 686 col 12 - line 687 col 14
	In "$\displaystyle\left.2M^{3}\epsilon\cdot{\cal L}_{2}(\phi,\pi^{\mu})\right]$"
	2[[NUMBER]] M[[UNKNOWN]] ^{3}[[POSTSUPERSCRIPT]] ϵ[[UNKNOWN]] ⋅[[MULOP]] L[[UNKNOWN]] _{2}[[POSTSUBSCRIPT]] ([[OPEN]] ϕ[[UNKNOWN]] ,[[PUNCT]] π[[UNKNOWN]] ^{\mu}[[POSTSUPERSCRIPT]] )[[CLOSE]]
	        > \right][[CLOSE]]
Warning:not_parsed:>OPEN MathParser failed to match rule 'Anything'
	at 0303125.tex; line 724 col 21 - line 727 col 1
	In "$\displaystyle\left[12M^{3}\epsilon^{(2)}\cdot\Box^{(4)}\phi\right.$"
	> \left[[[OPEN]] 12[[NUMBER]] M[[UNKNOWN]] ^{3}[[POSTSUPERSCRIPT]] ϵ[[UNKNOWN]] ^{(2)}[[POSTSUPERSCRIPT]] ⋅[[MULOP]] □[[UNKNOWN]] ^{(4)}[[POSTSUPERSCRIPT]] ϕ[[UNKNOWN]]
Warning:not_parsed:POSTSUPERSCRIPT.UNKNOWN.CLOSE>CLOSE MathParser failed to match rule 'Anything'
	at 0303125.tex; line 727 col 4 - line 731 col 14
	In "$\displaystyle+\left.\frac{M_{Pl}^{6}}{4M^{6}}\cdot\partial^{\mu}\phi\partial^%
	{\nu}\phi\cdot(-2\partial_{\mu}\partial_{\nu}\phi+2\eta_{\mu\nu}\Box^{(4)}\phi%
	)\right]$"
	+[[ADDOP]] \frac{M_{Pl}^{6}}{4M^{6}}[[UNKNOWN]] ⋅[[MULOP]] ∂[[OPERATOR]] ^{\mu}[[POSTSUPERSCRIPT]] ϕ[[UNKNOWN]] ∂[[OPERATOR]] ^{\nu}[[POSTSUPERSCRIPT]] ϕ[[UNKNOWN]] ⋅[[MULOP]] ([[OPEN]] -[[ADDOP]] 2[[NUMBER]] ∂[[OPERATOR]] _{\mu}[[POSTSUBSCRIPT]] ∂[[OPERATOR]] _{\nu}[[POSTSUBSCRIPT]] ϕ[[UNKNOWN]] +[[ADDOP]] 2[[NUMBER]] η[[UNKNOWN]] _{\mu\nu}[[POSTSUBSCRIPT]] □[[UNKNOWN]] ^{(4)}[[POSTSUPERSCRIPT]] ϕ[[UNKNOWN]] )[[CLOSE]]
	        > \right][[CLOSE]]
Warning:not_parsed:POSTSUPERSCRIPT.UNKNOWN.UNKNOWN>MULOP MathParser failed to match rule 'Anything'
	at 0303125.tex; line 757 col 13 - line 762 col 1
	In "$\displaystyle S_{bulk}(\phi,\pi^{\mu})+M_{Pl}^{2}\int_{brane}~{}d^{4}x~{}\phi%
	\cdot\left[12(\partial_{5}\phi)^{2}+6\partial_{5}\phi\partial_{5}\partial_{\mu%
	}\pi^{\mu}\right.$"
	S[[UNKNOWN]] _{bulk}[[POSTSUBSCRIPT]] ([[OPEN]] ϕ[[UNKNOWN]] ,[[PUNCT]] π[[UNKNOWN]] ^{\mu}[[POSTSUPERSCRIPT]] )[[CLOSE]] +[[ADDOP]] M[[UNKNOWN]] _{Pl}[[POSTSUBSCRIPT]] ^{2}[[POSTSUPERSCRIPT]] ∫[[INTOP]] _{brane}[[POSTSUBSCRIPT]] d[[UNKNOWN]] ^{4}[[POSTSUPERSCRIPT]] x[[UNKNOWN]] ϕ[[UNKNOWN]]
	        > ⋅[[MULOP]] \left[[[OPEN]] 12[[NUMBER]] ([[OPEN]] ∂[[OPERATOR]] _{5}[[POSTSUBSCRIPT]] ϕ[[UNKNOWN]] )[[CLOSE]] ^{2}[[POSTSUPERSCRIPT]] +[[ADDOP]] 6[[NUMBER]] ∂[[OPERATOR]] _{5}[[POSTSUBSCRIPT]] ϕ[[UNKNOWN]] ∂[[OPERATOR]] _{5}[[POSTSUBSCRIPT]] ∂[[OPERATOR]] _{\mu}[[POSTSUBSCRIPT]] π[[UNKNOWN]] ^{\mu}[[POSTSUPERSCRIPT]]
Warning:not_parsed:POSTSUBSCRIPT.UNKNOWN.POSTSUPERSCRIPT>CLOSE MathParser failed to match rule 'Anything'
	at 0303125.tex; line 762 col 10 - line 768 col 14
	In "$\displaystyle\left.(\partial_{5}\partial_{\mu}\pi^{\mu})^{2}-\frac{1}{2}%
	\partial_{\mu}\partial_{5}\pi_{\nu}\partial^{\nu}\partial_{5}\pi^{\mu}-\frac{1%
	}{2}\partial_{\mu}\partial_{5}\pi_{\nu}\partial^{\mu}\partial_{5}\pi^{\nu}%
	\right]$"
	([[OPEN]] ∂[[OPERATOR]] _{5}[[POSTSUBSCRIPT]] ∂[[OPERATOR]] _{\mu}[[POSTSUBSCRIPT]] π[[UNKNOWN]] ^{\mu}[[POSTSUPERSCRIPT]] )[[CLOSE]] ^{2}[[POSTSUPERSCRIPT]] -[[ADDOP]] \frac{1}{2}[[UNKNOWN]] ∂[[OPERATOR]] _{\mu}[[POSTSUBSCRIPT]] ∂[[OPERATOR]] _{5}[[POSTSUBSCRIPT]] π[[UNKNOWN]] _{\nu}[[POSTSUBSCRIPT]] ∂[[OPERATOR]] ^{\nu}[[POSTSUPERSCRIPT]] ∂[[OPERATOR]] _{5}[[POSTSUBSCRIPT]] π[[UNKNOWN]] ^{\mu}[[POSTSUPERSCRIPT]] -[[ADDOP]] \frac{1}{2}[[UNKNOWN]] ∂[[OPERATOR]] _{\mu}[[POSTSUBSCRIPT]] ∂[[OPERATOR]] _{5}[[POSTSUBSCRIPT]] π[[UNKNOWN]] _{\nu}[[POSTSUBSCRIPT]] ∂[[OPERATOR]] ^{\mu}[[POSTSUPERSCRIPT]] ∂[[OPERATOR]] _{5}[[POSTSUBSCRIPT]] π[[UNKNOWN]] ^{\nu}[[POSTSUPERSCRIPT]]
	        > \right][[CLOSE]]
 17.37 sec)
Math parsing succeeded:
   ltx:XMArg: 1502/1502
   ltx:XMath: 235/250
Symbols assumed as simple identifiers (with # of occurences):
   'A{italic}' (6), 'Box' (23), 'B{italic}' (5), 'C{italic}' (3), 'Delta' (4), 'D{italic}' (53), 'E{italic}' (2), 'G{italic}' (9), 'L{caligraphic}' (7), 'L{italic}' (11), 'M{italic}' (143), 'N{italic}' (3), 'P{italic}' (61), 'R{italic}' (11), 'S{italic}' (24), 'T{italic}' (17), 'X{italic}' (13), 'a{italic}' (18), 'b{italic}' (21), 'c{italic}' (4), 'delta' (7), 'd{italic}' (24), 'epsilon' (44), 'eta' (103), 'e{italic}' (15), 'g{italic}' (34), 'h{italic}' (26), 'k{italic}' (9), 'lambda' (35), 'l{italic}' (73), 'mu' (89), 'nu' (80), 'n{italic}' (17), 'o{italic}' (9), 'phi' (109), 'pi' (48), 'p{italic}' (174), 'rho' (27), 'r{italic}' (26), 's{italic}' (3), 't{italic}' (16), 'u{italic}' (21), 'varphi' (5), 'v{italic}' (5), 'xi' (98), 'x{italic}' (55), 'y{italic}' (69)
Set MATHPARSER_SPECULATE to speculate on possible notations.
(Finalizing... 0.94 sec)
Conversion complete 15 warnings (See /home/user/latex-in-arxiv/0303125.latexml.log) (reqd. 35.90s)
