latexml (LaTeXML version 0.8.6) processing 2003/0303163_cleaned.tex
(Digesting TeX 0303163_cleaned...
(Loading /usr/share/perl5/LaTeXML/Package/TeX.pool.ltxml...
(Loading /usr/share/perl5/LaTeXML/Package/eTeX.pool.ltxml... 0.01 sec)
(Loading /usr/share/perl5/LaTeXML/Package/pdfTeX.pool.ltxml... 0.01 sec) 0.18 sec)
(Processing content /home/user/latex-in-arxiv/2003/0303163_cleaned.tex...
(Loading /usr/share/perl5/LaTeXML/Package/LaTeX.pool.ltxml...
(Loading /usr/share/perl5/LaTeXML/Package/textcomp.sty.ltxml...
(Processing definitions /usr/share/texlive/texmf-dist/tex/latex-dev/base/ts1enc.dfu... 0.03 sec) 1.42 sec) 1.67 sec)
(Loading /usr/share/perl5/LaTeXML/Package/revtex4.cls.ltxml...
(Loading /usr/share/perl5/LaTeXML/Package/article.cls.ltxml... 0.01 sec)
(Loading /usr/share/perl5/LaTeXML/Package/revtex4_support.sty.ltxml...
(Loading /usr/share/perl5/LaTeXML/Package/hyperref.sty.ltxml...
(Loading /usr/share/perl5/LaTeXML/Package/keyval.sty.ltxml...
(Processing definitions /usr/share/texlive/texmf-dist/tex/latex-dev/graphics/keyval.sty... 0.02 sec) 0.02 sec)
(Loading /usr/share/perl5/LaTeXML/Package/nameref.sty.ltxml... 0.00 sec)
(Loading /usr/share/perl5/LaTeXML/Package/url.sty.ltxml... 0.00 sec) 0.09 sec)
(Loading /usr/share/perl5/LaTeXML/Package/natbib.sty.ltxml... 0.02 sec)
(Loading /usr/share/perl5/LaTeXML/Package/revsymb.sty.ltxml... 0.00 sec)
(Loading /usr/share/perl5/LaTeXML/Package/longtable.sty.ltxml... 0.00 sec)
(Loading /usr/share/perl5/LaTeXML/Package/dcolumn.sty.ltxml...
(Loading /usr/share/perl5/LaTeXML/Package/array.sty.ltxml... 0.00 sec) 0.01 sec) 0.17 sec)
(Loading /usr/share/perl5/LaTeXML/Package/amsfonts.sty.ltxml... 0.00 sec)
(Loading /usr/share/perl5/LaTeXML/Package/amssymb.sty.ltxml... 0.02 sec)
(Loading /usr/share/perl5/LaTeXML/Package/amsmath.sty.ltxml...
(Loading /usr/share/perl5/LaTeXML/Package/amsbsy.sty.ltxml...
(Loading /usr/share/perl5/LaTeXML/Package/amsgen.sty.ltxml... 0.00 sec) 0.01 sec)
(Loading /usr/share/perl5/LaTeXML/Package/amstext.sty.ltxml... 0.01 sec)
(Loading /usr/share/perl5/LaTeXML/Package/amsopn.sty.ltxml... 0.01 sec) 0.06 sec) 0.69 sec)
(Loading /usr/share/perl5/LaTeXML/Package/inputenc.sty.ltxml...
(Processing definitions /usr/share/texlive/texmf-dist/tex/latex-dev/base/latin1.def... 0.05 sec) 0.06 sec)
(Loading /usr/share/perl5/LaTeXML/Package/graphics.sty.ltxml... 0.02 sec)
Warning:missing_file:showlabels Can't find binding for package showlabels
	at 0303163_cleaned.tex; line 6 col 11 - line 6 col 11
	Anticipate undefined macros or environments
	search paths are /home/user/latex-in-arxiv/2003, /home/user/latex-in-arxiv
	In Core::Definition::Constructor[\usepac... /usr/share/perl5/LaTeXML/Package/LaTeX.pool.ltxml; line 806
(Loading /usr/share/perl5/LaTeXML/Package/latexsym.sty.ltxml... 0.00 sec)
Info:unexpected:options Unused global options: epsf,feynmp,graphics,latexsym
	at 0303163_cleaned.tex; line 10 col 0 - line 10 col 16
 7.67 sec) 7.88 sec)
(Building...
(Loading compiled schema /usr/share/perl5/LaTeXML/resources/RelaxNG/LaTeXML.model... 0.01 sec) 7.39 sec)
(Rewriting... 0.22 sec)
(Math Parsing 495 formulae ......
Warning:not_parsed:UNKNOWN>CLOSE MathParser failed to match rule 'Superscript'
	at 0303163_cleaned.tex; line 1112 col 0 - line 1112 col 10
	In "$\log{(\sqrt{-\pi g/2}\ E_{0,\rm var}^{L)}(g))}-1/3g$"
	L[[UNKNOWN]]
	        > )[[CLOSE]]
Warning:not_parsed:UNKNOWN.POSTSUBSCRIPT>RELOP MathParser failed to match rule 'Anything'
	at 0303163_cleaned.tex; line 1252 col 6 - line 1252 col 6
	In "$\displaystyle\beta_{-1,\ 0,\ 1,\ \dots}=\left\{\ 3,\ -\frac{3}{2},\ \frac{95}%
	{24},\ \frac{113}{6},\ \frac{391691}{3456},\ \frac{40783}{48},\ \frac{19151213%
	57}{248832},\ \frac{10158832895}{124416},\ \frac{70884236139235}{71663616},%
	\right.\@@ENDINLINEMATH"
	β[[UNKNOWN]] _{-1,\ 0,\ 1,\ \dots}[[POSTSUBSCRIPT]]
	        > =[[RELOP]] \left\{[[OPEN]]  3[[NUMBER]] ,[[PUNCT]] -[[ADDOP]] \frac{3}{2}[[UNKNOWN]] ,[[PUNCT]] \frac{95}{24}[[UNKNOWN]] ,[[PUNCT]] \frac{113}{6}[[UNKNOWN]] ,[[PUNCT]] \frac{391691}{3456}[[UNKNOWN]] ,[[PUNCT]] \frac{40783}{48}[[UNKNOWN]] ,[[PUNCT]] \frac{1915121357}{248832}[[UNKNOWN]] ,[[PUNCT]] \frac{10158832895}{124416}[[UNKNOWN]] ,[[PUNCT]] \frac{70884236139235}{71663616}[[UNKNOWN]]
Warning:not_parsed:>OPEN MathParser failed to match rule 'Anything'
	at 0303163_cleaned.tex; line 1253 col 35 - line 1257 col 48
	In "$\displaystyle\left\{\ 3,\ -\frac{3}{2},\ \frac{95}{24},\ \frac{113}{6},\ %
	\frac{391691}{3456},\ \frac{40783}{48},\ \frac{1915121357}{248832},\ \frac{101%
	58832895}{124416},\ \frac{70884236139235}{71663616},\right.$"
	> \left\{[[OPEN]]  3[[NUMBER]] ,[[PUNCT]] -[[ADDOP]] \frac{3}{2}[[UNKNOWN]] ,[[PUNCT]] \frac{95}{24}[[UNKNOWN]] ,[[PUNCT]] \frac{113}{6}[[UNKNOWN]] ,[[PUNCT]] \frac{391691}{3456}[[UNKNOWN]] ,[[PUNCT]] \frac{40783}{48}[[UNKNOWN]] ,[[PUNCT]] \frac{1915121357}{248832}[[UNKNOWN]] ,[[PUNCT]] \frac{10158832895}{124416}[[UNKNOWN]] ,[[PUNCT]] \frac{70884236139235}{71663616}[[UNKNOWN]]
Warning:not_parsed:ATOM.PUNCT.ID>CLOSE MathParser failed to match rule 'Anything'
	at 0303163_cleaned.tex; line 1262 col 47 - line 1262 col 47
	In "$\displaystyle\left.\quad\frac{230619387597863}{10},\ \frac{12122186977970425}%
	{24},\ \frac{41831507430222441029}{3550},\ \dots\right\}\ ,\@@ENDINLINEMATH"
	\frac{230619387597863}{10}[[UNKNOWN]] ,[[PUNCT]] \frac{12122186977970425}{24}[[UNKNOWN]] ,[[PUNCT]] \frac{41831507430222441029}{3550}[[UNKNOWN]] ,[[PUNCT]] …[[ID]]
	        > \right\}[[CLOSE]]
Warning:not_parsed:ATOM.PUNCT.ID>CLOSE MathParser failed to match rule 'Anything'
	at 0303163_cleaned.tex; line 1262 col 47 - line 1266 col 11
	In "$\displaystyle\left.\quad\frac{230619387597863}{10},\ \frac{12122186977970425}%
	{24},\ \frac{41831507430222441029}{3550},\ \dots\right\}\ ,$"
	\frac{230619387597863}{10}[[UNKNOWN]] ,[[PUNCT]] \frac{12122186977970425}{24}[[UNKNOWN]] ,[[PUNCT]] \frac{41831507430222441029}{3550}[[UNKNOWN]] ,[[PUNCT]] …[[ID]]
	        > \right\}[[CLOSE]]
Warning:not_parsed:UNKNOWN.POSTSUBSCRIPT>RELOP MathParser failed to match rule 'Anything'
	at 0303163_cleaned.tex; line 1289 col 6 - line 1289 col 6
	In "$\displaystyle b_{1,2,3,\dots}=\left\{\;\frac{95}{24},\ \frac{619}{32}\right.,%
	\ \frac{200689}{1152},\ \frac{2229541}{1024},\ \frac{104587909}{3072},\ \frac{%
	7776055955}{12288},\ \frac{9339313153349}{688128},\ \frac{172713593813181}{524%
	288},\@@ENDINLINEMATH"
	b[[UNKNOWN]] _{1,2,3,\dots}[[POSTSUBSCRIPT]]
	        > =[[RELOP]] \left\{[[OPEN]] \frac{95}{24}[[UNKNOWN]] ,[[PUNCT]] \frac{619}{32}[[UNKNOWN]] ,[[PUNCT]] \frac{200689}{1152}[[UNKNOWN]] ,[[PUNCT]] \frac{2229541}{1024}[[UNKNOWN]] ,[[PUNCT]] \frac{104587909}{3072}[[UNKNOWN]] ,[[PUNCT]] \frac{7776055955}{12288}[[UNKNOWN]] ,[[PUNCT]] \frac{9339313153349}{688128}[[UNKNOWN]] ,[[PUNCT]] \frac{172713593813181}{524288}[[UNKNOWN]]
Warning:not_parsed:>OPEN MathParser failed to match rule 'Anything'
	at 0303163_cleaned.tex; line 1290 col 24 - line 1296 col 37
	In "$\displaystyle\left\{\;\frac{95}{24},\ \frac{619}{32}\right.,\ \frac{200689}{1%
	152},\ \frac{2229541}{1024},\ \frac{104587909}{3072},\ \frac{7776055955}{12288%
	},\ \frac{9339313153349}{688128},\ \frac{172713593813181}{524288},$"
	> \left\{[[OPEN]] \frac{95}{24}[[UNKNOWN]] ,[[PUNCT]] \frac{619}{32}[[UNKNOWN]] ,[[PUNCT]] \frac{200689}{1152}[[UNKNOWN]] ,[[PUNCT]] \frac{2229541}{1024}[[UNKNOWN]] ,[[PUNCT]] \frac{104587909}{3072}[[UNKNOWN]] ,[[PUNCT]] \frac{7776055955}{12288}[[UNKNOWN]] ,[[PUNCT]] \frac{9339313153349}{688128}[[UNKNOWN]] ,[[PUNCT]] \frac{172713593813181}{524288}[[UNKNOWN]]
Warning:not_parsed:PUNCT.ATOM.ID>CLOSE MathParser failed to match rule 'Anything'
	at 0303163_cleaned.tex; line 1302 col 0 - line 1302 col 36
	In "$\displaystyle\left.\quad\frac{109051824717547897884794645746723}{348951880031%
	797248},\ \frac{45574017678173074497482074500364087}{3780312033677803520}\ %
	\dots\right\}\ .\@@ENDINLINEMATH"
	\frac{109051824717547897884794645746723}{348951880031797248}[[UNKNOWN]] ,[[PUNCT]] \frac{45574017678173074497482074500364087}{3780312033677803520}[[UNKNOWN]] …[[ID]]
	        > \right\}[[CLOSE]]
Warning:not_parsed:PUNCT.ATOM.ID>CLOSE MathParser failed to match rule 'Anything'
	at 0303163_cleaned.tex; line 1302 col 0 - line 1305 col 11
	In "$\displaystyle\left.\quad\frac{109051824717547897884794645746723}{348951880031%
	797248},\ \frac{45574017678173074497482074500364087}{3780312033677803520}\ %
	\dots\right\}\ .$"
	\frac{109051824717547897884794645746723}{348951880031797248}[[UNKNOWN]] ,[[PUNCT]] \frac{45574017678173074497482074500364087}{3780312033677803520}[[UNKNOWN]] …[[ID]]
	        > \right\}[[CLOSE]]
 16.44 sec)
Math parsing succeeded:
   ltx:XMArg: 812/813
   ltx:XMath: 489/497
   ltx:XMWrap: 4/4
Symbols assumed as simple identifiers (with # of occurences):
   'Delta' (9), 'E{italic}' (54), 'Gamma' (14), 'H{italic}' (6), 'Im' (6), 'K{italic}' (3), 'L{italic}' (59), 'N{italic}' (4), 'Omega' (19), 'Phi' (1), 'P{italic}' (7), 'V{italic}' (57), 'Z{italic}' (61), 'alpha' (5), 'a{italic}' (31), 'beta' (21), 'b{italic}' (67), 'corresponding' (2), 'c{italic}' (1), 'd{italic}' (22), 'epsilon' (4), 'exact' (2), 'e{italic}' (1), 'f{italic}' (4), 'g{italic}' (324), 'i{italic}' (5), 'j{italic}' (32), 'k{italic}' (56), 'l{italic}' (95), 'm{italic}' (48), 'n{italic}' (108), 'omega' (2), 'phi' (2), 'pi' (15), 'p{italic}' (7), 'q{italic}' (6), 'sigma' (17), 'to' (2), 't{italic}' (1), 'u{italic}' (13), 'var' (4), 'varphi' (3), 'weak' (3), 'x{italic}' (33), 'zeta' (18), 'z{italic}' (17)
Set MATHPARSER_SPECULATE to speculate on possible notations.
(Finalizing... 1.38 sec)
Conversion complete 10 warnings; 1 missing file[showlabels.sty] (See /home/user/latex-in-arxiv/0303163_cleaned.latexml.log) (reqd. 34.20s)
