latexml (LaTeXML version 0.8.6) processing 2003/0303054.tex
(Digesting TeX 0303054...
(Loading /usr/share/perl5/LaTeXML/Package/TeX.pool.ltxml...
(Loading /usr/share/perl5/LaTeXML/Package/eTeX.pool.ltxml... 0.00 sec)
(Loading /usr/share/perl5/LaTeXML/Package/pdfTeX.pool.ltxml... 0.01 sec) 0.11 sec)
(Processing content /home/user/latex-in-arxiv/2003/0303054.tex...
(Loading /usr/share/perl5/LaTeXML/Package/LaTeX.pool.ltxml...
(Loading /usr/share/perl5/LaTeXML/Package/textcomp.sty.ltxml...
(Processing definitions /usr/share/texlive/texmf-dist/tex/latex-dev/base/ts1enc.dfu... 0.03 sec) 1.29 sec) 1.44 sec)
Error:undefined:\includegraphics The token T_CS[\includegraphics] is not defined.
	at 0303054.tex; line 2 col 16 - line 2 col 16
	Defining it now as <ltx:ERROR/>
	Next token is T_BEGIN[{] ( == T_BEGIN[{])
	In Core::Gullet[@0x55fb9507cf30] /home/user/latex-in-arxiv/2003/0303054.tex; from line 2 col 17 to line 2 col 17
	 <= Core::Stomach[@0x55fb9507d308] <= Core::Definition::Constructor[\begin{... <= Core::Stomach[@0x55fb9507d308] <= ...
(Loading /usr/share/perl5/LaTeXML/Package/JHEP.cls.ltxml...
(Loading /usr/share/perl5/LaTeXML/Package/article.cls.ltxml... 0.01 sec)
(Loading /usr/share/perl5/LaTeXML/Package/amssymb.sty.ltxml...
(Loading /usr/share/perl5/LaTeXML/Package/amsfonts.sty.ltxml... 0.00 sec) 0.03 sec)
(Loading /usr/share/perl5/LaTeXML/Package/floatflt.sty.ltxml... 0.01 sec) 0.08 sec)
(Loading /usr/share/perl5/LaTeXML/Package/epsf.tex.ltxml...
(Loading /usr/share/perl5/LaTeXML/Package/epsf.sty.ltxml... 0.01 sec) 0.01 sec)
(Loading /usr/share/perl5/LaTeXML/Package/graphics.sty.ltxml... 0.02 sec)
(Loading /usr/share/perl5/LaTeXML/Package/epsfig.sty.ltxml...
(Loading /usr/share/perl5/LaTeXML/Package/graphicx.sty.ltxml... 0.01 sec) 0.02 sec)
(Loading /usr/share/perl5/LaTeXML/Package/amsmath.sty.ltxml...
(Loading /usr/share/perl5/LaTeXML/Package/amsbsy.sty.ltxml...
(Loading /usr/share/perl5/LaTeXML/Package/amsgen.sty.ltxml... 0.00 sec) 0.01 sec)
(Loading /usr/share/perl5/LaTeXML/Package/amstext.sty.ltxml... 0.01 sec)
(Loading /usr/share/perl5/LaTeXML/Package/amsopn.sty.ltxml... 0.01 sec) 0.06 sec)
Info:unexpected:ygoth Unrecognized font name 'ygoth'
	at 0303054.tex; line 137 col 33 - line 137 col 33
	Font switch macro \gothics will have no effect
Info:unexpected:ygoth Unrecognized font name 'ygoth'
	at 0303054.tex; line 138 col 4 - line 138 col 4
	Font switch macro \gothicl will have no effect
Info:unexpected:options Unused global options: paper
	at 0303054.tex; line 226 col 0 - line 226 col 16
Error:missing_file:cuts.pstex_t Can't find TeX file cuts.pstex_t
	at 0303054.tex; line 407 col 0 - line 407 col 36
	search paths are /home/user/latex-in-arxiv/2003, /home/user/latex-in-arxiv
	Input is empty
	In Core::Definition::Primitive[\ltx@inpu... /usr/share/perl5/LaTeXML/Package/LaTeX.pool.ltxml; line 4014
	 <= Core::Stomach[@0x55fb9507d308] <= Core::Gullet[@0x55fb9507cf30] <= Core::Stomach[@0x55fb9507d308] <= ...
Error:missing_file:cyl.pstex_t Can't find TeX file cyl.pstex_t
	at 0303054.tex; line 458 col 0 - line 458 col 35
	Input is empty
	In Core::Definition::Primitive[\ltx@inpu... /usr/share/perl5/LaTeXML/Package/LaTeX.pool.ltxml; line 4014
	 <= Core::Stomach[@0x55fb9507d308] <= Core::Gullet[@0x55fb9507cf30] <= Core::Stomach[@0x55fb9507d308] <= ...
Error:missing_file:reg_cuts.pstex_t Can't find TeX file reg_cuts.pstex_t
	at 0303054.tex; line 513 col 0 - line 513 col 40
	Input is empty
	In Core::Definition::Primitive[\ltx@inpu... /usr/share/perl5/LaTeXML/Package/LaTeX.pool.ltxml; line 4014
	 <= Core::Stomach[@0x55fb9507d308] <= Core::Gullet[@0x55fb9507cf30] <= Core::Stomach[@0x55fb9507d308] <= ...
Error:missing_file:torus.pstex_t Can't find TeX file torus.pstex_t
	at 0303054.tex; line 534 col 0 - line 534 col 37
	Input is empty
	In Core::Definition::Primitive[\ltx@inpu... /usr/share/perl5/LaTeXML/Package/LaTeX.pool.ltxml; line 4014
	 <= Core::Stomach[@0x55fb9507d308] <= Core::Gullet[@0x55fb9507cf30] <= Core::Stomach[@0x55fb9507d308] <= ...
Error:missing_file:cdegs.pstex_t Can't find TeX file cdegs.pstex_t
	at 0303054.tex; line 619 col 0 - line 619 col 37
	Input is empty
	In Core::Definition::Primitive[\ltx@inpu... /usr/share/perl5/LaTeXML/Package/LaTeX.pool.ltxml; line 4014
	 <= Core::Stomach[@0x55fb9507d308] <= Core::Gullet[@0x55fb9507cf30] <= Core::Stomach[@0x55fb9507d308] <= ...
 9.61 sec) 9.76 sec)
(Building...
(Loading compiled schema /usr/share/perl5/LaTeXML/resources/RelaxNG/LaTeXML.model... 0.01 sec)
Info:malformed:id Duplicated attribute xml:id
	at 0303054.tex; line 759 col 37 - line 759 col 37
	Using id='S4.E34a' on <ltx:XMRow _box="Alignment[]" _font="Font[math,medium,italic,7,blac..."/>
	id='S4.E34' already set on <ltx:equation _box="LaTeXML::Core::Alignment=HASH(..." _font="Font[serif,medium,upright,10,b..." xml:id="S4.E34" _ID_counter_m_="3">...
Info:malformed:id Duplicated attribute xml:id
	at 0303054.tex; line 764 col 36 - line 764 col 36
	Using id='S4.E38a' on <ltx:XMRow _box="Alignment[]" _font="Font[math,medium,italic,7,blac..."/>
	id='S4.E38' already set on <ltx:equation _box="LaTeXML::Core::Alignment=HASH(..." _font="Font[serif,medium,upright,10,b..." xml:id="S4.E38" _ID_counter_m_="3">...
 6.07 sec)
(Rewriting... 0.17 sec)
(Math Parsing 427 formulae ......
Warning:not_parsed:OPEN.UNKNOWN.CLOSE>FLOATSUBSCRIPT MathParser failed to match rule 'Anything'
	at 0303054.tex; line 732 col 0 - line 736 col 3
	In "\begin{equation}U_{2}(\nu)~{}_{\stackrel{{\scriptstyle=}}{{{\tiny(|\nu|<1)}}}}%
	1+U_{1}(\nu)\ln\nu+\Phi(\nu)~{}~{},\end{equation}"
	U[[UNKNOWN]] _{2}[[POSTSUBSCRIPT]] ([[OPEN]] ν[[UNKNOWN]] )[[CLOSE]]
	        > {}_{\stackrel{{\scriptstyle=}}{{{\tiny(|\nu|<1)}}}}[[FLOATSUBSCRIPT]] 1[[NUMBER]] +[[ADDOP]] U[[UNKNOWN]] _{1}[[POSTSUBSCRIPT]] ([[OPEN]] ν[[UNKNOWN]] )[[CLOSE]] ln[[OPFUNCTION]] ν[[UNKNOWN]] +[[ADDOP]] Φ[[UNKNOWN]] ([[OPEN]] ν[[UNKNOWN]] )[[CLOSE]]
 10.15 sec)
Math parsing succeeded:
   ltx:XMArg: 790/790
   ltx:XMath: 426/427
Symbols assumed as simple identifiers (with # of occurences):
   'A{italic}' (14), 'B{italic}' (13), 'C{italic}' (1), 'Delta' (1), 'D{italic}' (3), 'E{italic}' (1), 'F{italic}' (7), 'Gamma' (58), 'H{italic}' (2), 'I{italic}' (1), 'J{italic}' (5), 'Lambda' (24), 'L{italic}' (18), 'M{caligraphic}' (1), 'N{caligraphic}' (4), 'N{italic}' (24), 'Omega' (3), 'O{italic}' (14), 'Phi' (18), 'Pi' (8), 'P{blackboard}' (5), 'S{italic}' (39), 'T{italic}' (13), 'U{italic}' (47), 'V{italic}' (3), 'W{italic}' (12), 'X{italic}' (8), 'Y{italic}' (9), 'Z{blackboard}' (20), 'Z{italic}' (21), 'alpha' (11), 'and' (1), 'delta' (5), 'diag' (1), 'd{italic}' (38), 'epsilon' (55), 'e{italic}' (14), 'for' (4), 'f{italic}' (10), 'gamma' (8), 'g{italic}' (7), 'i{italic}' (41), 'j{italic}' (1), 'kappa' (3), 'k{italic}' (1), 'mu' (42), 'nu' (107), 'n{italic}' (48), 'omega' (9), 'pi' (36), 'psi' (7), 'p{italic}' (13), 's{italic}' (38), 'tau' (1), 'tr' (1), 't{italic}' (13), 'w{italic}' (3), 'x{italic}' (92), 'y{italic}' (26), 'zeta' (9), 'z{italic}' (12)
Set MATHPARSER_SPECULATE to speculate on possible notations.
(Finalizing... 1.02 sec)
Conversion complete 1 warning; 6 errors; 1 undefined macro[\includegraphics]; 5 missing files[torus.pstex_t, reg_cuts.pstex_t, cyl.pstex_t, cdegs.pstex_t, cuts.pstex_t] (See /home/user/latex-in-arxiv/0303054.latexml.log) (reqd. 27.94s)
