latexml (LaTeXML version 0.8.6) processing 2003/0303072.tex
(Digesting TeX 0303072...
(Loading /usr/share/perl5/LaTeXML/Package/TeX.pool.ltxml...
(Loading /usr/share/perl5/LaTeXML/Package/eTeX.pool.ltxml... 0.00 sec)
(Loading /usr/share/perl5/LaTeXML/Package/pdfTeX.pool.ltxml... 0.01 sec) 0.15 sec)
(Processing content /home/user/latex-in-arxiv/2003/0303072.tex...
(Loading /usr/share/perl5/LaTeXML/Package/LaTeX.pool.ltxml...
(Loading /usr/share/perl5/LaTeXML/Package/textcomp.sty.ltxml...
(Processing definitions /usr/share/texlive/texmf-dist/tex/latex-dev/base/ts1enc.dfu... 0.05 sec) 1.78 sec) 2.00 sec)
(Loading /usr/share/perl5/LaTeXML/Package/iopart.cls.ltxml...
(Loading /usr/share/perl5/LaTeXML/Package/article.cls.ltxml... 0.02 sec)
(Loading /usr/share/perl5/LaTeXML/Package/iopart_support.sty.ltxml... 0.02 sec) 0.05 sec)
(Loading /usr/share/perl5/LaTeXML/Package/amsfonts.sty.ltxml... 0.00 sec) 15.35 sec) 15.61 sec)
(Building...
(Loading compiled schema /usr/share/perl5/LaTeXML/resources/RelaxNG/LaTeXML.model... 0.01 sec) 9.96 sec)
(Rewriting... 0.20 sec)
(Math Parsing 499 formulae ......
Warning:not_parsed:FLOATSUBSCRIPT>MULOP MathParser failed to match rule 'Anything'
	at 0303072.tex; line 213 col 5 - line 213 col 18
	In "${}_{5}\times{\rm S}^{5}$"
	{}_{5}[[FLOATSUBSCRIPT]]
	        > ×[[MULOP]] S[[UNKNOWN]] ^{5}[[POSTSUPERSCRIPT]]
Warning:not_parsed:FLOATSUBSCRIPT>MULOP MathParser failed to match rule 'Anything'
	at 0303072.tex; line 260 col 5 - line 260 col 17
	In "${}_{5}\times{\rm S}^{5}$"
	{}_{5}[[FLOATSUBSCRIPT]]
	        > ×[[MULOP]] S[[UNKNOWN]] ^{5}[[POSTSUPERSCRIPT]]
Warning:not_parsed:LIMITOP>OPEN MathParser failed to match rule 'Anything'
	at 0303072.tex; line 529 col 0 - line 529 col 78
	In "$\displaystyle{S}_{BI}=-T_{p}\int d^{p+1}\sigma\,{\rm STr}\left(e^{-\phi}\,%
	\sqrt{\det(Q^{i}{}_{j})}\right.\left.\qquad\qquad\times\ \sqrt{-\det\left(P%
	\left[E_{ab}+E_{ai}(Q^{-1}-\delta)^{ij}E_{jb}\right]+\lambda\,F_{ab}\right)}%
	\right),\@@ENDINLINEMATH"
	det[[LIMITOP]]
	        > ([[OPEN]] Q[[UNKNOWN]] ^{i}[[POSTSUPERSCRIPT]] {}_{j}[[FLOATSUBSCRIPT]] )[[CLOSE]]
Warning:not_parsed:POSTSUPERSCRIPT.UNKNOWN.UNKNOWN>OPEN MathParser failed to match rule 'Anything'
	at 0303072.tex; line 529 col 1 - line 529 col 1
	S[[UNKNOWN]] _{BI}[[POSTSUBSCRIPT]] =[[RELOP]] -[[ADDOP]] T[[UNKNOWN]] _{p}[[POSTSUBSCRIPT]] ∫[[INTOP]] d[[UNKNOWN]] ^{p+1}[[POSTSUPERSCRIPT]] σ[[UNKNOWN]] STr[[UNKNOWN]]
	        > \left([[OPEN]] e[[UNKNOWN]] ^{-\phi}[[POSTSUPERSCRIPT]] \sqrt{\det(Q^{i}{}_{j})}[[UNKNOWN]] $\displaystyle{S}_{BI}=-T_{p}\intd^{p+1}\sigma\,{\rmSTr}\left(e^{-\phi}\,\sqrt{\det(Q^{i}{}_{j})}\right.\left.\qquad\qquad\times\ \sqrt{-\det\left(P\left[E_{ab}+E_{ai}(Q^{-1}-\delta)^{ij}E_{jb}\right]+\lambda\,F_{ab}\right)}\right),\@@ENDINLINEMATH[[PUNCT]] ×[[MULOP]] \sqrt{-\det\left(P\left[E_{ab}+E_{ai}(Q^{-1}-\delta)^{ij}E_{jb}\right]+\lambda\,F_{ab}\right)}[[UNKNOWN]] \right)[[CLOSE]]
Warning:not_parsed:LIMITOP>OPEN MathParser failed to match rule 'Anything'
	at 0303072.tex; line 529 col 0 - line 529 col 78
	In "$\displaystyle-T_{p}\int d^{p+1}\sigma\,{\rm STr}\left(e^{-\phi}\,\sqrt{\det(Q%
	^{i}{}_{j})}\right.$"
	det[[LIMITOP]]
	        > ([[OPEN]] Q[[UNKNOWN]] ^{i}[[POSTSUPERSCRIPT]] {}_{j}[[FLOATSUBSCRIPT]] )[[CLOSE]]
Warning:not_parsed:POSTSUPERSCRIPT.UNKNOWN.UNKNOWN>OPEN MathParser failed to match rule 'Anything'
	at 0303072.tex; line 529 col 12 - line 531 col 1
	-[[ADDOP]] T[[UNKNOWN]] _{p}[[POSTSUBSCRIPT]] ∫[[INTOP]] d[[UNKNOWN]] ^{p+1}[[POSTSUPERSCRIPT]] σ[[UNKNOWN]] STr[[UNKNOWN]]
	        > \left([[OPEN]] e[[UNKNOWN]] ^{-\phi}[[POSTSUPERSCRIPT]] \sqrt{\det(Q^{i}{}_{j})}[[UNKNOWN]]
Warning:not_parsed:MULOP.ATOM>CLOSE MathParser failed to match rule 'Anything'
	at 0303072.tex; line 531 col 8 - line 533 col 55
	In "$\displaystyle\left.\qquad\qquad\times\ \sqrt{-\det\left(P\left[E_{ab}+E_{ai}(%
	Q^{-1}-\delta)^{ij}E_{jb}\right]+\lambda\,F_{ab}\right)}\right),$"
	×[[MULOP]] \sqrt{-\det\left(P\left[E_{ab}+E_{ai}(Q^{-1}-\delta)^{ij}E_{jb}\right]+\lambda\,F_{ab}\right)}[[UNKNOWN]]
	        > \right)[[CLOSE]]
Warning:not_parsed:UNKNOWN.POSTSUPERSCRIPT>FLOATSUBSCRIPT MathParser failed to match rule 'Anything'
	at 0303072.tex; line 537 col 6 - line 537 col 65
	In "$Q^{i}{}_{j}\equiv\delta^{i}{}_{j}+i\lambda\,[\Phi^{i},\Phi^{k}]\,E_{kj}$"
	Q[[UNKNOWN]] ^{i}[[POSTSUPERSCRIPT]]
	        > {}_{j}[[FLOATSUBSCRIPT]] ≡[[RELOP]] δ[[UNKNOWN]] ^{i}[[POSTSUPERSCRIPT]] {}_{j}[[FLOATSUBSCRIPT]] +[[ADDOP]] i[[UNKNOWN]] λ[[UNKNOWN]] [[[OPEN]] Φ[[UNKNOWN]] ^{i}[[POSTSUPERSCRIPT]] ,[[PUNCT]] Φ[[UNKNOWN]] ^{k}[[POSTSUPERSCRIPT]] ][[CLOSE]] E[[UNKNOWN]] _{kj}[[POSTSUBSCRIPT]]
Warning:not_parsed:POSTSUBSCRIPT.INTOP.UNKNOWN>OPEN MathParser failed to match rule 'Anything'
	at 0303072.tex; line 705 col 29 - line 709 col 1
	In "$\displaystyle\mu_{0}\int{\rm STr}\left(P\left[C^{(1)}+i\lambda\,{\rm i}_{\Phi%
	}{\rm i}_{\Phi}\left(C^{(3)}+C^{(1)}B\right)\vphantom{\lambda^{4}\over 24}%
	\right.\right.$"
	μ[[UNKNOWN]] _{0}[[POSTSUBSCRIPT]] ∫[[INTOP]] STr[[UNKNOWN]]
	        > \left([[OPEN]] P[[UNKNOWN]] \left[[[OPEN]] C[[UNKNOWN]] ^{(1)}[[POSTSUPERSCRIPT]] +[[ADDOP]] i[[UNKNOWN]] λ[[UNKNOWN]] i[[UNKNOWN]] _{\Phi}[[POSTSUBSCRIPT]] i[[UNKNOWN]] _{\Phi}[[POSTSUBSCRIPT]] \left([[OPEN]] C[[UNKNOWN]] ^{(3)}[[POSTSUPERSCRIPT]] +[[ADDOP]] C[[UNKNOWN]] ^{(1)}[[POSTSUPERSCRIPT]] B[[UNKNOWN]] \right)[[CLOSE]]
Warning:not_parsed:UNKNOWN.POSTSUPERSCRIPT.CLOSE>CLOSE MathParser failed to match rule 'Anything'
	at 0303072.tex; line 715 col 7 - line 718 col 15
	In "$\displaystyle\quad\left.\left.+{\lambda^{4}\over 24}({\rm i}_{\Phi}{\rm i}_{%
	\Phi})^{4}\left(C^{(9)}+C^{(7)}B+{1\over 2}C^{(5)}B^{2}+{1\over 6}C^{(3)}B^{3}%
	+{1\over 24}C^{(1)}B^{4}\right)\right]\right).$"
	+[[ADDOP]] \lambda^{4}\over24[[UNKNOWN]] ([[OPEN]] i[[UNKNOWN]] _{\Phi}[[POSTSUBSCRIPT]] i[[UNKNOWN]] _{\Phi}[[POSTSUBSCRIPT]] )[[CLOSE]] ^{4}[[POSTSUPERSCRIPT]] \left([[OPEN]] C[[UNKNOWN]] ^{(9)}[[POSTSUPERSCRIPT]] +[[ADDOP]] C[[UNKNOWN]] ^{(7)}[[POSTSUPERSCRIPT]] B[[UNKNOWN]] +[[ADDOP]] 1\over2[[UNKNOWN]] C[[UNKNOWN]] ^{(5)}[[POSTSUPERSCRIPT]] B[[UNKNOWN]] ^{2}[[POSTSUPERSCRIPT]] +[[ADDOP]] 1\over6[[UNKNOWN]] C[[UNKNOWN]] ^{(3)}[[POSTSUPERSCRIPT]] B[[UNKNOWN]] ^{3}[[POSTSUPERSCRIPT]] +[[ADDOP]] 1\over24[[UNKNOWN]] C[[UNKNOWN]] ^{(1)}[[POSTSUPERSCRIPT]] B[[UNKNOWN]] ^{4}[[POSTSUPERSCRIPT]] \right)[[CLOSE]]
	        > \right][[CLOSE]] \right)[[CLOSE]]
Warning:not_parsed:OPEN.UNKNOWN.CLOSE>CLOSE MathParser failed to match rule 'Anything'
	at 0303072.tex; line 735 col 37 - line 736 col 10
	In "$[\Phi^{k},\Phi^{j}]\in{\rm SU(N)}\,)$"
	[[[OPEN]] Φ[[UNKNOWN]] ^{k}[[POSTSUPERSCRIPT]] ,[[PUNCT]] Φ[[UNKNOWN]] ^{j}[[POSTSUPERSCRIPT]] ][[CLOSE]] ∈[[RELOP]] SU[[UNKNOWN]] ([[OPEN]] N[[UNKNOWN]] )[[CLOSE]]
	        > )[[CLOSE]]
Warning:not_parsed:UNKNOWN.UNKNOWN.UNKNOWN>OPEN MathParser failed to match rule 'Anything'
	at 0303072.tex; line 753 col 29 - line 753 col 29
	In "\begin{equation}V=T_{p}\,{\rm Tr}\sqrt{det(Q^{i}{}_{j})}={\rm N}T_{p}-{T_{p}%
	\lambda^{2}\over 4}{\rm Tr}([\Phi^{i},\Phi^{j}]\,[\Phi^{i},\Phi^{j}])+\ldots\end{equation}"
	d[[UNKNOWN]] e[[UNKNOWN]] t[[UNKNOWN]]
	        > ([[OPEN]] Q[[UNKNOWN]] ^{i}[[POSTSUPERSCRIPT]] {}_{j}[[FLOATSUBSCRIPT]] )[[CLOSE]]
Warning:not_parsed:FLOATSUBSCRIPT>MULOP MathParser failed to match rule 'Anything'
	at 0303072.tex; line 989 col 61 - line 989 col 69
	In "${}_{4}\times$"
	{}_{4}[[FLOATSUBSCRIPT]]
	        > ×[[MULOP]]
Warning:not_parsed:FLOATSUBSCRIPT>MULOP MathParser failed to match rule 'Anything'
	at 0303072.tex; line 990 col 9 - line 990 col 17
	In "${}_{7}\times$"
	{}_{7}[[FLOATSUBSCRIPT]]
	        > ×[[MULOP]]
Warning:not_parsed:FLOATSUBSCRIPT>MULOP MathParser failed to match rule 'Anything'
	at 0303072.tex; line 1011 col 20 - line 1011 col 35
	In "${}_{4}\times{\rm S}^{7}$"
	{}_{4}[[FLOATSUBSCRIPT]]
	        > ×[[MULOP]] S[[UNKNOWN]] ^{7}[[POSTSUPERSCRIPT]]
Warning:not_parsed:FLOATSUBSCRIPT>MULOP MathParser failed to match rule 'Anything'
	at 0303072.tex; line 1011 col 44 - line 1011 col 59
	In "${}_{7}\times{\rm S}^{4}$"
	{}_{7}[[FLOATSUBSCRIPT]]
	        > ×[[MULOP]] S[[UNKNOWN]] ^{4}[[POSTSUPERSCRIPT]]
Warning:not_parsed:FLOATSUBSCRIPT>MULOP MathParser failed to match rule 'Anything'
	at 0303072.tex; line 1022 col 16 - line 1022 col 31
	In "${}_{5}\times{\rm S}^{5}$"
	{}_{5}[[FLOATSUBSCRIPT]]
	        > ×[[MULOP]] S[[UNKNOWN]] ^{5}[[POSTSUPERSCRIPT]]
Warning:not_parsed:FLOATSUBSCRIPT>MULOP MathParser failed to match rule 'Anything'
	at 0303072.tex; line 1170 col 9 - line 1170 col 23
	In "${}_{5}\times{\rm S}^{5}$"
	{}_{5}[[FLOATSUBSCRIPT]]
	        > ×[[MULOP]] S[[UNKNOWN]] ^{5}[[POSTSUPERSCRIPT]]
Warning:not_parsed:FLOATSUBSCRIPT>MULOP MathParser failed to match rule 'Anything'
	at 0303072.tex; line 1221 col 39 - line 1221 col 51
	In "${}_{5}\times{\rm S}^{5}$"
	{}_{5}[[FLOATSUBSCRIPT]]
	        > ×[[MULOP]] S[[UNKNOWN]] ^{5}[[POSTSUPERSCRIPT]]
Warning:not_parsed:PUNCT.UNKNOWN.POSTSUPERSCRIPT>FLOATSUBSCRIPT MathParser failed to match rule 'Anything'
	at 0303072.tex; line 1547 col 0 - line 1550 col 2
	In "$${\hat{x}}^{\mu}\,{\hat{x}}^{\nu}=q^{-1}\,R^{\mu\nu}{}_{\rho\tau}\,{\hat{x}}^%
	{\rho}\,{\hat{x}}^{\tau}\qquad R^{\mu\nu}{}_{\rho\tau}\in{\mathbb{C}}$$"
	\hat{x}[[UNKNOWN]] ^{\mu}[[POSTSUPERSCRIPT]] \hat{x}[[UNKNOWN]] ^{\nu}[[POSTSUPERSCRIPT]] =[[RELOP]] q[[UNKNOWN]] ^{-1}[[POSTSUPERSCRIPT]] R[[UNKNOWN]] ^{\mu\nu}[[POSTSUPERSCRIPT]] {}_{\rho\tau}[[FLOATSUBSCRIPT]] \hat{x}[[UNKNOWN]] ^{\rho}[[POSTSUPERSCRIPT]] \hat{x}[[UNKNOWN]] ^{\tau}[[POSTSUPERSCRIPT]] $${\hat{x}}^{\mu}\,{\hat{x}}^{\nu}=q^{-1}\,R^{\mu\nu}{}_{\rho\tau}\,{\hat{x}}^{\rho}\,{\hat{x}}^{\tau}\qquadR^{\mu\nu}{}_{\rho\tau}\in{\mathbb{C}}$$[[PUNCT]] R[[UNKNOWN]] ^{\mu\nu}[[POSTSUPERSCRIPT]]
	        > {}_{\rho\tau}[[FLOATSUBSCRIPT]] ∈[[RELOP]] C[[UNKNOWN]]
Warning:not_parsed:PUNCT.UNKNOWN.POSTSUPERSCRIPT>FLOATSUBSCRIPT MathParser failed to match rule 'Anything'
	at 0303072.tex; line 1557 col 0 - line 1560 col 2
	In "$$[{\hat{x}}^{\mu},{\hat{x}}^{\nu}]=if^{\mu\nu}{}_{\rho}\,{\hat{x}}^{\rho}%
	\qquad f^{\mu\nu}{}_{\rho}\in{\mathbb{C}}$$"
	[[[OPEN]] \hat{x}[[UNKNOWN]] ^{\mu}[[POSTSUPERSCRIPT]] ,[[PUNCT]] \hat{x}[[UNKNOWN]] ^{\nu}[[POSTSUPERSCRIPT]] ][[CLOSE]] =[[RELOP]] i[[UNKNOWN]] f[[UNKNOWN]] ^{\mu\nu}[[POSTSUPERSCRIPT]] {}_{\rho}[[FLOATSUBSCRIPT]] \hat{x}[[UNKNOWN]] ^{\rho}[[POSTSUPERSCRIPT]] $$[{\hat{x}}^{\mu},{\hat{x}}^{\nu}]=if^{\mu\nu}{}_{\rho}\,{\hat{x}}^{\rho}\qquadf^{\mu\nu}{}_{\rho}\in{\mathbb{C}}$$[[PUNCT]] f[[UNKNOWN]] ^{\mu\nu}[[POSTSUPERSCRIPT]]
	        > {}_{\rho}[[FLOATSUBSCRIPT]] ∈[[RELOP]] C[[UNKNOWN]]
Warning:not_parsed:>OPEN MathParser failed to match rule 'Anything'
	at 0303072.tex; line 1730 col 14 - line 1734 col 1
	In "$\displaystyle\left(\Gamma^{i}\otimes{\mathbf{1}}\otimes\cdots\otimes{\mathbf{%
	1}}+{\mathbf{1}}\otimes\Gamma^{i}\otimes{\mathbf{1}}\otimes\cdots\otimes{%
	\mathbf{1}}\right.$"
	> \left([[OPEN]] Γ[[UNKNOWN]] ^{i}[[POSTSUPERSCRIPT]] ⊗[[MULOP]] 1[[NUMBER]] ⊗[[MULOP]] ⋯[[ID]] ⊗[[MULOP]] 1[[NUMBER]] +[[ADDOP]] 1[[NUMBER]] ⊗[[MULOP]] Γ[[UNKNOWN]] ^{i}[[POSTSUPERSCRIPT]] ⊗[[MULOP]] 1[[NUMBER]] ⊗[[MULOP]] ⋯[[ID]] ⊗[[MULOP]] 1[[NUMBER]]
Warning:not_parsed:MULOP.UNKNOWN.POSTSUPERSCRIPT>CLOSE MathParser failed to match rule 'Anything'
	at 0303072.tex; line 1734 col 8 - line 1736 col 15
	In "$\displaystyle\left.\qquad\qquad\qquad\qquad\qquad+\cdots+{\mathbf{1}}\otimes%
	\cdots\otimes{\mathbf{1}}\otimes\Gamma^{i}\right)_{\rm Sym}\ ,$"
	+[[ADDOP]] ⋯[[ID]] +[[ADDOP]] 1[[NUMBER]] ⊗[[MULOP]] ⋯[[ID]] ⊗[[MULOP]] 1[[NUMBER]] ⊗[[MULOP]] Γ[[UNKNOWN]] ^{i}[[POSTSUPERSCRIPT]]
	        > \right)[[CLOSE]] _{\rmSym}[[POSTSUBSCRIPT]]
 12.94 sec)
Math parsing succeeded:
   ltx:XMArg: 1279/1282
   ltx:XMath: 479/499
Symbols assumed as simple identifiers (with # of occurences):
   'AdS' (2), 'A{italic}' (12), 'B{italic}' (35), 'C{blackboard}' (5), 'C{italic}' (71), 'Delta' (1), 'D{italic}' (12), 'E{italic}' (26), 'F{italic}' (49), 'Gamma' (17), 'G{italic}' (62), 'H{caligraphic}' (6), 'H{italic}' (2), 'I{italic}' (5), 'L{caligraphic}' (3), 'L{italic}' (20), 'M{italic}' (6), 'N' (37), 'N{italic}' (7), 'Omega' (4), 'O{italic}' (6), 'Phi' (121), 'Psi' (1), 'P{italic}' (30), 'Q{italic}' (18), 'R{blackboard}' (3), 'R{italic}' (42), 'S' (27), 'STr' (12), 'SU' (2), 'S{italic}' (25), 'Tr' (19), 'T{italic}' (32), 'V{italic}' (5), 'W{italic}' (2), 'X{italic}' (2), 'Z{italic}' (2), 'alpha' (20), 'a{italic}' (49), 'b{italic}' (31), 'constant' (2), 'c{italic}' (10), 'delta' (31), 'd{italic}' (59), 'ell' (52), 'epsilon' (9), 'eta' (4), 'e{italic}' (24), 'for' (2), 'f{italic}' (24), 'g{italic}' (7), 'h{italic}' (2), 'i' (33), 'i{italic}' (118), 'j{italic}' (45), 'k{italic}' (37), 'lambda' (59), 'l{italic}' (13), 'mu' (45), 'm{italic}' (9), 'nu' (21), 'n{italic}' (33), 'omega' (2), 'phi' (12), 'pi' (18), 'psi' (2), 'p{italic}' (44), 'q{italic}' (3), 'rho' (2), 'r{italic}' (18), 'sigma' (46), 's{italic}' (3), 'tau' (5), 'theta' (23), 't{italic}' (55), 'varepsilon' (11), 'v{italic}' (1), 'with' (1), 'x{italic}' (52), 'y{italic}' (2)
Set MATHPARSER_SPECULATE to speculate on possible notations.
(Finalizing... 1.15 sec)
Conversion complete 23 warnings (See /home/user/latex-in-arxiv/0303072.latexml.log) (reqd. 40.73s)
