latexml (LaTeXML version 0.8.6) processing 2003/0303034.tex
(Digesting TeX 0303034...
(Loading /usr/share/perl5/LaTeXML/Package/TeX.pool.ltxml...
(Loading /usr/share/perl5/LaTeXML/Package/eTeX.pool.ltxml... 0.00 sec)
(Loading /usr/share/perl5/LaTeXML/Package/pdfTeX.pool.ltxml... 0.01 sec) 0.15 sec)
(Processing content /home/user/latex-in-arxiv/2003/0303034.tex...
(Loading /usr/share/perl5/LaTeXML/Package/LaTeX.pool.ltxml...
(Loading /usr/share/perl5/LaTeXML/Package/textcomp.sty.ltxml...
(Processing definitions /usr/share/texlive/texmf-dist/tex/latex-dev/base/ts1enc.dfu... 0.03 sec) 1.10 sec) 1.32 sec)
Info:unexpected:\documentstyle Entering LaTeX 2.09 Compatibility mode
	at 0303034.tex; line 3 col 0 - line 3 col 58
(Loading /usr/share/perl5/LaTeXML/Package/article.cls.ltxml... 0.01 sec)
(Loading /usr/share/perl5/LaTeXML/Package/revtex.sty.ltxml...
(Loading /usr/share/perl5/LaTeXML/Package/natbib.sty.ltxml... 0.02 sec)
(Loading /usr/share/perl5/LaTeXML/Package/revtex3_support.sty.ltxml...
(Loading /usr/share/perl5/LaTeXML/Package/revtex4_support.sty.ltxml...
(Loading /usr/share/perl5/LaTeXML/Package/hyperref.sty.ltxml...
(Loading /usr/share/perl5/LaTeXML/Package/keyval.sty.ltxml...
(Processing definitions /usr/share/texlive/texmf-dist/tex/latex-dev/graphics/keyval.sty... 0.02 sec) 0.02 sec)
(Loading /usr/share/perl5/LaTeXML/Package/nameref.sty.ltxml... 0.00 sec)
(Loading /usr/share/perl5/LaTeXML/Package/url.sty.ltxml... 0.00 sec) 0.07 sec)
(Loading /usr/share/perl5/LaTeXML/Package/revsymb.sty.ltxml... 0.00 sec)
(Loading /usr/share/perl5/LaTeXML/Package/longtable.sty.ltxml... 0.00 sec)
(Loading /usr/share/perl5/LaTeXML/Package/dcolumn.sty.ltxml...
(Loading /usr/share/perl5/LaTeXML/Package/array.sty.ltxml... 0.00 sec) 0.01 sec) 0.14 sec) 0.14 sec) 0.17 sec)
(Loading /usr/share/perl5/LaTeXML/Package/epsfig.sty.ltxml...
(Loading /usr/share/perl5/LaTeXML/Package/graphicx.sty.ltxml...
(Loading /usr/share/perl5/LaTeXML/Package/graphics.sty.ltxml... 0.01 sec) 0.01 sec) 0.04 sec)
Info:unexpected:aps Unexpected option 'aps' passed to revtex.cls
	at 0303034.tex; line 4 col 7 - line 4 col 7
Warning:missing_file:manuscript Can't find binding for package manuscript
	at 0303034.tex; line 4 col 7 - line 4 col 7
	Anticipate undefined macros or environments
	search paths are /home/user/latex-in-arxiv/2003, /home/user/latex-in-arxiv
	In Core::Definition::Primitive[\compat@l... /usr/share/perl5/LaTeXML/Package/LaTeX.pool.ltxml; line 121
Info:dependencies:dependencies Loading dependencies for /usr/share/texlive/texmf-dist/tex/latex/manuscript/manuscript.sty: setspace,fontenc,ragged2e,soul,fullpage
	at 0303034.tex; line 4 col 7 - line 4 col 7
(Loading /usr/share/perl5/LaTeXML/Package/setspace.sty.ltxml... 0.00 sec)
(Loading /usr/share/perl5/LaTeXML/Package/fontenc.sty.ltxml...
(Loading /usr/share/perl5/LaTeXML/Package/t1enc.def.ltxml...
(Processing definitions /usr/share/texlive/texmf-dist/tex/latex-dev/base/t1enc.def...
(Processing definitions /usr/share/texlive/texmf-dist/tex/latex-dev/base/t1enc.dfu... 0.08 sec)
(Loading /usr/share/perl5/LaTeXML/Package/t1.fontmap.ltxml... 0.00 sec) 0.18 sec) 0.18 sec) 0.19 sec)
(Loading /usr/share/perl5/LaTeXML/Package/ragged2e.sty.ltxml... 0.00 sec)
(Loading /usr/share/perl5/LaTeXML/Package/soul.sty.ltxml... 0.01 sec)
(Loading /usr/share/perl5/LaTeXML/Package/fullpage.sty.ltxml... 0.00 sec)
(Loading /usr/share/perl5/LaTeXML/Package/amsbsy.sty.ltxml...
(Loading /usr/share/perl5/LaTeXML/Package/amsgen.sty.ltxml... 0.00 sec) 0.01 sec)
Info:note:OmniBus Loading OmniBus class to attempt to cover missing options
	at 0303034.tex; line 4 col 7 - line 4 col 7
(Loading /usr/share/perl5/LaTeXML/Package/OmniBus.cls.ltxml...
(Loading /usr/share/perl5/LaTeXML/Package/inst_support.sty.ltxml... 0.00 sec)
(Loading /usr/share/perl5/LaTeXML/Package/epsf.sty.ltxml... 0.00 sec)
(Loading /usr/share/perl5/LaTeXML/Package/aas_macros.sty.ltxml... 0.00 sec) 0.04 sec)
Error:undefined:\firstfigfalse The token T_CS[\firstfigfalse] is not defined.
	at 0303034.tex; line 4 col 0 - line 4 col 21
	Defining it now as <ltx:ERROR/>
	Next token is T_CS[\tighten] ( == Core::Definition::Expandable[\tighten])
	In Core::Gullet[@0x559e21824220] /home/user/latex-in-arxiv/2003/0303034.tex; from line 5 col 0 to line 5 col 8
	 <= Core::Stomach[@0x559e21824358] <= ...
Warning:unexpected:\end{document} Attempt to end document with open groups, environments or conditionals
	at 0303034.tex; line 1105 col 0 - line 1105 col 14
	Group opened by { 0303034.tex; line 897 col 33 - line 897 col 33
	In Core::Definition::Constructor[\end{do... /usr/share/perl5/LaTeXML/Package/LaTeX.pool.ltxml; line 395
 8.10 sec) 8.28 sec)
(Building...
(Loading compiled schema /usr/share/perl5/LaTeXML/resources/RelaxNG/LaTeXML.model... 0.01 sec)
Info:malformed:id Duplicated attribute xml:id
	at 0303034.tex; line 177 col 30 - line 177 col 30
	Using id='S2.E8a' on <ltx:XMRow _box="Alignment[]" _font="Font[math,medium,italic,10,bla..."/>
	id='S2.E8' already set on <ltx:equation _box="LaTeXML::Core::Alignment=HASH(..." _font="Font[serif,medium,upright,10,b..." xml:id="S2.E8" _ID_counter_m_="1">...
 7.27 sec)
(Rewriting... 0.34 sec)
(Math Parsing 430 formulae ......
Warning:not_parsed:OPEN.UNKNOWN> MathParser failed to match rule 'Subscript'
	at 0303034.tex; line 149 col 62 - line 149 col 62
	In "$H_{\mu\nu\rho}=3\partial_{[\mu}B_{\nu\rho]}$"
	[[[OPEN]] μ[[UNKNOWN]]
	        > 
Warning:not_parsed:UNKNOWN.UNKNOWN>CLOSE MathParser failed to match rule 'Subscript'
	at 0303034.tex; line 149 col 74 - line 149 col 74
	ν[[UNKNOWN]] ρ[[UNKNOWN]]
	        > ][[CLOSE]]
Warning:not_parsed:OPEN.UNKNOWN> MathParser failed to match rule 'Subscript'
	at 0303034.tex; line 273 col 62 - line 273 col 62
	In "${\cal H}_{t\phi r}=\partial_{[t}{\cal B}_{\phi r]}$"
	[[[OPEN]] t[[UNKNOWN]]
	        > 
Warning:not_parsed:UNKNOWN.UNKNOWN>CLOSE MathParser failed to match rule 'Subscript'
	at 0303034.tex; line 274 col 3 - line 274 col 3
	ϕ[[UNKNOWN]] r[[UNKNOWN]]
	        > ][[CLOSE]]
Warning:not_parsed:UNKNOWN>OPEN MathParser failed to match rule 'Subscript'
	at 0303034.tex; line 306 col 25 - line 306 col 25
	In "$\displaystyle\delta R_{\mu\nu}=-{1\over 2}\bar{\nabla}^{2}h_{\mu\nu}+{\bar{R}%
	}_{\sigma(\nu}h^{\sigma}_{~{}\mu)}-{\bar{R}}_{\sigma\mu\rho\nu}h^{\sigma\rho}+%
	\bar{\nabla}_{(\nu}\bar{\nabla}_{|\rho|}{\hat{h}}^{\rho}_{~{}\mu)}.\@@ENDINLINEMATH"
	σ[[UNKNOWN]]
	        > ([[OPEN]] ν[[UNKNOWN]]
Warning:not_parsed:UNKNOWN>CLOSE MathParser failed to match rule 'Subscript'
	at 0303034.tex; line 306 col 0 - line 306 col 43
	μ[[UNKNOWN]]
	        > )[[CLOSE]]
Warning:not_parsed:OPEN.UNKNOWN> MathParser failed to match rule 'Subscript'
	at 0303034.tex; line 308 col 22 - line 308 col 22
	([[OPEN]] ν[[UNKNOWN]]
	        > 
Warning:not_parsed:UNKNOWN>CLOSE MathParser failed to match rule 'Subscript'
	at 0303034.tex; line 308 col 65 - line 308 col 65
	μ[[UNKNOWN]]
	        > )[[CLOSE]]
Warning:not_parsed:UNKNOWN>OPEN MathParser failed to match rule 'Subscript'
	at 0303034.tex; line 306 col 25 - line 306 col 25
	In "$\displaystyle\delta R_{\mu\nu}=-{1\over 2}\bar{\nabla}^{2}h_{\mu\nu}+{\bar{R}%
	}_{\sigma(\nu}h^{\sigma}_{~{}\mu)}-{\bar{R}}_{\sigma\mu\rho\nu}h^{\sigma\rho}+%
	\bar{\nabla}_{(\nu}\bar{\nabla}_{|\rho|}{\hat{h}}^{\rho}_{~{}\mu)}.$"
	σ[[UNKNOWN]]
	        > ([[OPEN]] ν[[UNKNOWN]]
Warning:not_parsed:UNKNOWN>CLOSE MathParser failed to match rule 'Subscript'
	at 0303034.tex; line 306 col 0 - line 306 col 43
	μ[[UNKNOWN]]
	        > )[[CLOSE]]
Warning:not_parsed:OPEN.UNKNOWN> MathParser failed to match rule 'Subscript'
	at 0303034.tex; line 308 col 22 - line 308 col 22
	([[OPEN]] ν[[UNKNOWN]]
	        > 
Warning:not_parsed:UNKNOWN>CLOSE MathParser failed to match rule 'Subscript'
	at 0303034.tex; line 308 col 65 - line 308 col 65
	μ[[UNKNOWN]]
	        > )[[CLOSE]]
 26.37 sec)
Math parsing succeeded:
   ltx:XMath: 430/430
   ltx:XMArg: 2015/2027
Symbols assumed as simple identifiers (with # of occurences):
   'A{caligraphic}' (5), 'A{italic}' (44), 'B{caligraphic}' (2), 'B{italic}' (44), 'C{italic}' (92), 'E{italic}' (8), 'F{caligraphic}' (13), 'F{italic}' (7), 'Gamma' (33), 'H{caligraphic}' (24), 'H{italic}' (14), 'I{caligraphic}' (8), 'J{italic}' (49), 'Lambda' (1), 'M{caligraphic}' (2), 'M{italic}' (39), 'Omega' (3), 'O{caligraphic}' (3), 'Phi' (10), 'R{italic}' (8), 'S{italic}' (2), 'T{italic}' (3), 'V{italic}' (1), 'alpha' (19), 'a{italic}' (32), 'beta' (13), 'b{italic}' (32), 'c{italic}' (40), 'delta' (5), 'd{italic}' (6), 'ell' (83), 'e{italic}' (46), 'f{italic}' (81), 'g{italic}' (2), 'h{italic}' (94), 'i{italic}' (145), 'j{italic}' (2), 'k{italic}' (2), 'l{italic}' (6), 'mu' (148), 'm{italic}' (32), 'nu' (57), 'n{italic}' (10), 'omega' (74), 'o{italic}' (16), 'phi' (53), 'pi' (8), 'rho' (47), 'r{italic}' (604), 'sigma' (30), 's{italic}' (1), 't{italic}' (74), 'u{italic}' (16), 'varphi' (22), 'x{italic}' (3), 'z{italic}' (45)
Set MATHPARSER_SPECULATE to speculate on possible notations.
(Finalizing... 2.67 sec)
Conversion complete 14 warnings; 1 error; 1 undefined macro[\firstfigfalse]; 1 missing file[manuscript.sty] (See /home/user/latex-in-arxiv/0303034.latexml.log) (reqd. 46.41s)
