latexml (LaTeXML version 0.8.6) processing 2003/0303166.tex
(Digesting TeX 0303166...
(Loading /usr/share/perl5/LaTeXML/Package/TeX.pool.ltxml...
(Loading /usr/share/perl5/LaTeXML/Package/eTeX.pool.ltxml... 0.01 sec)
(Loading /usr/share/perl5/LaTeXML/Package/pdfTeX.pool.ltxml... 0.01 sec) 0.28 sec)
(Processing content /home/user/latex-in-arxiv/2003/0303166.tex...
(Loading /usr/share/perl5/LaTeXML/Package/LaTeX.pool.ltxml...
(Loading /usr/share/perl5/LaTeXML/Package/textcomp.sty.ltxml...
(Processing definitions /usr/share/texlive/texmf-dist/tex/latex-dev/base/ts1enc.dfu... 0.06 sec) 2.31 sec) 2.73 sec)
(Loading /usr/share/perl5/LaTeXML/Package/revtex4.cls.ltxml...
(Loading /usr/share/perl5/LaTeXML/Package/article.cls.ltxml... 0.02 sec)
(Loading /usr/share/perl5/LaTeXML/Package/revtex4_support.sty.ltxml...
(Loading /usr/share/perl5/LaTeXML/Package/hyperref.sty.ltxml...
(Loading /usr/share/perl5/LaTeXML/Package/keyval.sty.ltxml...
(Processing definitions /usr/share/texlive/texmf-dist/tex/latex-dev/graphics/keyval.sty... 0.03 sec) 0.04 sec)
(Loading /usr/share/perl5/LaTeXML/Package/nameref.sty.ltxml... 0.00 sec)
(Loading /usr/share/perl5/LaTeXML/Package/url.sty.ltxml... 0.00 sec) 0.15 sec)
(Loading /usr/share/perl5/LaTeXML/Package/natbib.sty.ltxml... 0.04 sec)
(Loading /usr/share/perl5/LaTeXML/Package/revsymb.sty.ltxml... 0.01 sec)
(Loading /usr/share/perl5/LaTeXML/Package/longtable.sty.ltxml... 0.01 sec)
(Loading /usr/share/perl5/LaTeXML/Package/dcolumn.sty.ltxml...
(Loading /usr/share/perl5/LaTeXML/Package/array.sty.ltxml... 0.00 sec) 0.02 sec) 0.31 sec)
(Loading /usr/share/perl5/LaTeXML/Package/amssymb.sty.ltxml...
(Loading /usr/share/perl5/LaTeXML/Package/amsfonts.sty.ltxml... 0.00 sec) 0.04 sec) 1.01 sec) 8.08 sec) 8.39 sec)
(Building...
(Loading compiled schema /usr/share/perl5/LaTeXML/resources/RelaxNG/LaTeXML.model... 0.02 sec) 4.57 sec)
(Rewriting... 0.12 sec)
(Math Parsing 132 formulae ...... 8.42 sec)
Math parsing succeeded:
   ltx:XMArg: 295/295
   ltx:XMath: 132/132
Symbols assumed as simple identifiers (with # of occurences):
   '1{blackboard}' (5), 'A{caligraphic}' (9), 'A{italic}' (3), 'B{italic}' (3), 'D{italic}' (15), 'E{caligraphic}' (9), 'E{italic}' (2), 'H{italic}' (10), 'J{caligraphic}' (2), 'K{caligraphic}' (2), 'K{italic}' (10), 'L{caligraphic}' (8), 'M{caligraphic}' (6), 'Omega' (11), 'Psi' (7), 'S{italic}' (3), 'Theta' (19), 'U{caligraphic}' (2), 'U{italic}' (2), 'V{italic}' (18), 'a{italic}' (22), 'b{italic}' (2), 'c{italic}' (1), 'delta' (5), 'd{italic}' (40), 'f{italic}' (5), 'g{italic}' (10), 'i{italic}' (21), 'kappa' (3), 'lambda' (6), 'l{italic}' (31), 'min' (1), 'mu' (1), 'm{italic}' (9), 'nu' (31), 'omega' (1), 'phi' (3), 'p{bold}' (2), 'p{italic}' (1), 'r{bold}' (35), 'r{italic}' (57), 's{italic}' (1), 'theta' (6), 't{italic}' (7), 'v{italic}' (3), 'w{italic}' (7), 'xi' (17), 'x{italic}' (5), 'z{italic}' (14)
Set MATHPARSER_SPECULATE to speculate on possible notations.
(Finalizing... 1.54 sec)
Conversion complete No obvious problems (reqd. 24.20s)
