latexml (LaTeXML version 0.8.6) processing 2003/0303136.tex
(Digesting TeX 0303136...
(Loading /usr/share/perl5/LaTeXML/Package/TeX.pool.ltxml...
(Loading /usr/share/perl5/LaTeXML/Package/eTeX.pool.ltxml... 0.00 sec)
(Loading /usr/share/perl5/LaTeXML/Package/pdfTeX.pool.ltxml... 0.01 sec) 0.11 sec)
(Processing content /home/user/latex-in-arxiv/2003/0303136.tex...
(Loading /usr/share/perl5/LaTeXML/Package/LaTeX.pool.ltxml...
(Loading /usr/share/perl5/LaTeXML/Package/textcomp.sty.ltxml...
(Processing definitions /usr/share/texlive/texmf-dist/tex/latex-dev/base/ts1enc.dfu... 0.03 sec) 1.35 sec) 1.51 sec)
(Loading /usr/share/perl5/LaTeXML/Package/article.cls.ltxml... 0.01 sec)
(Loading /usr/share/perl5/LaTeXML/Package/amsmath.sty.ltxml...
(Loading /usr/share/perl5/LaTeXML/Package/amsbsy.sty.ltxml...
(Loading /usr/share/perl5/LaTeXML/Package/amsgen.sty.ltxml... 0.00 sec) 0.01 sec)
(Loading /usr/share/perl5/LaTeXML/Package/amstext.sty.ltxml... 0.00 sec)
(Loading /usr/share/perl5/LaTeXML/Package/amsopn.sty.ltxml... 0.01 sec) 0.05 sec)
(Loading /usr/share/perl5/LaTeXML/Package/amssymb.sty.ltxml...
(Loading /usr/share/perl5/LaTeXML/Package/amsfonts.sty.ltxml... 0.00 sec) 0.02 sec)
(Loading /usr/share/perl5/LaTeXML/Package/graphicx.sty.ltxml...
(Loading /usr/share/perl5/LaTeXML/Package/graphics.sty.ltxml... 0.01 sec) 0.03 sec)
Info:unexpected:h-physrev4 Unknown bibstyle 'h-physrev4', it will be ignored
	at 0303136.tex; line 580 col 0 - line 580 col 30
 5.19 sec) 5.32 sec)
(Building...
(Loading compiled schema /usr/share/perl5/LaTeXML/resources/RelaxNG/LaTeXML.model... 0.01 sec)
Info:malformed:id Duplicated attribute xml:id
	at 0303136.tex; line 388 col 0 - line 388 col 9
	Using id='S3.Ex3a' on <ltx:equation _box="Alignment[]" _font="Font[serif,medium,upright,10,b..."/>
	id='S3.Ex3' already set on <ltx:equation _box="LaTeXML::Core::Alignment=HASH(..." _font="Font[serif,medium,upright,10,b..." xml:id="S3.Ex3" _ID_counter_m_="2">...
Info:malformed:id Duplicated attribute xml:id
	at 0303136.tex; line 558 col 0 - line 560 col 2
	Using id='S3.Ex3b' on <ltx:equation _box="$$W\equiv(F+16\pi^{2}/g^{2})/f$$" _font="Font[math,medium,italic,10,bla..."/>
	id='S3.Ex3' already set on <ltx:equation _box="LaTeXML::Core::Alignment=HASH(..." _font="Font[serif,medium,upright,10,b..." xml:id="S3.Ex3" _ID_counter_m_="2">...
 4.12 sec)
(Rewriting... 0.13 sec)
(Math Parsing 234 formulae ......
Warning:not_parsed:UNKNOWN.POSTSUPERSCRIPT.CLOSE>MULOP MathParser failed to match rule 'Anything'
	at 0303136.tex; line 306 col 55 - line 309 col 6
	In "$\displaystyle\frac{\rho^{2}\sqrt{2\pi}}{g[1-\mathrm{e}^{-kT-\theta}]}\left[%
	\mathrm{e}^{ikt}+\mathrm{e}^{-ikt-kT-\theta}\right]\;\times$"
	\frac{\rho^{2}\sqrt{2\pi}}{g[1-\mathrm{e}^{-kT-\theta}]}[[UNKNOWN]] \left[[[OPEN]] e[[UNKNOWN]] ^{ikt}[[POSTSUPERSCRIPT]] +[[ADDOP]] e[[UNKNOWN]] ^{-ikt-kT-\theta}[[POSTSUPERSCRIPT]] \right][[CLOSE]]
	        > ×[[MULOP]]
Warning:not_parsed:ADDOP.ATOM>MULOP MathParser failed to match rule 'Anything'
	at 0303136.tex; line 313 col 51 - line 317 col 6
	In "$\displaystyle-\frac{\rho^{2}\sqrt{2\pi}\cos(kt)}{g[1-\mathrm{e}^{-kT-\theta}]%
	}\;\times\left\{(\delta_{ia}-\frac{k_{i}k_{a}}{k^{2}})\left[\mathrm{e}^{-kT_{1%
	}}-\mathrm{e}^{kT_{1}-kT-\theta}\right]-\right.$"
	-[[ADDOP]] \frac{\rho^{2}\sqrt{2\pi}\cos(kt)}{g[1-\mathrm{e}^{-kT-\theta}]}[[UNKNOWN]]
	        > ×[[MULOP]] \left\{[[OPEN]] ([[OPEN]] δ[[UNKNOWN]] _{ia}[[POSTSUBSCRIPT]] -[[ADDOP]] \frac{k_{i}k_{a}}{k^{2}}[[UNKNOWN]] )[[CLOSE]] \left[[[OPEN]] e[[UNKNOWN]] ^{-kT_{1}}[[POSTSUPERSCRIPT]] -[[ADDOP]] e[[UNKNOWN]] ^{kT_{1}-kT-\theta}[[POSTSUPERSCRIPT]] \right][[CLOSE]] -[[ADDOP]]
Warning:not_parsed:UNKNOWN.POSTSUPERSCRIPT.CLOSE>CLOSE MathParser failed to match rule 'Anything'
	at 0303136.tex; line 317 col 16 - line 320 col 14
	In "$\displaystyle\;\;\;\;\left.i\epsilon_{ija}\frac{k_{j}}{k}\left[\mathrm{e}^{-%
	kT_{1}}+\mathrm{e}^{kT_{1}-kT-\theta}\right]\right\}\;.$"
	i[[UNKNOWN]] ϵ[[UNKNOWN]] _{ija}[[POSTSUBSCRIPT]] \frac{k_{j}}{k}[[UNKNOWN]] \left[[[OPEN]] e[[UNKNOWN]] ^{-kT_{1}}[[POSTSUPERSCRIPT]] +[[ADDOP]] e[[UNKNOWN]] ^{kT_{1}-kT-\theta}[[POSTSUPERSCRIPT]] \right][[CLOSE]]
	        > \right\}[[CLOSE]]
 7.47 sec)
Math parsing succeeded:
   ltx:XMArg: 752/752
   ltx:XMath: 231/234
Symbols assumed as simple identifiers (with # of occurences):
   'A' (1), 'A{italic}' (35), 'B' (1), 'C' (1), 'D' (1), 'E{italic}' (59), 'F{italic}' (21), 'I' (3), 'Im' (8), 'I{italic}' (41), 'N{italic}' (27), 'O{italic}' (17), 'Phi' (5), 'S{italic}' (23), 'T' (1), 'T{italic}' (85), 'V' (1), 'W{italic}' (4), 'a{italic}' (29), 'delta' (9), 'd{italic}' (14), 'e' (54), 'epsilon' (7), 'eta' (2), 'f{italic}' (16), 'g{italic}' (64), 'i{italic}' (33), 'j{italic}' (6), 'k{bold italic}' (19), 'k{italic}' (73), 'l{italic}' (6), 'm' (3), 'mu' (4), 'nu' (4), 'n{italic}' (14), 'omega' (5), 'pi' (46), 'q{italic}' (26), 'rho' (41), 'sigma' (2), 'tau' (25), 'theta' (78), 't{italic}' (33), 'varphi' (4), 'v{italic}' (28), 'x{bold italic}' (13), 'x{italic}' (31)
Set MATHPARSER_SPECULATE to speculate on possible notations.
(Finalizing... 0.87 sec)
Conversion complete 3 warnings (See /home/user/latex-in-arxiv/0303136.latexml.log) (reqd. 18.55s)
