latexml (LaTeXML version 0.8.6) processing 2003/0303036.tex
(Digesting TeX 0303036...
(Loading /usr/share/perl5/LaTeXML/Package/TeX.pool.ltxml...
(Loading /usr/share/perl5/LaTeXML/Package/eTeX.pool.ltxml... 0.00 sec)
(Loading /usr/share/perl5/LaTeXML/Package/pdfTeX.pool.ltxml... 0.01 sec) 0.14 sec)
(Processing content /home/user/latex-in-arxiv/2003/0303036.tex...
(Loading /usr/share/perl5/LaTeXML/Package/LaTeX.pool.ltxml...
(Loading /usr/share/perl5/LaTeXML/Package/textcomp.sty.ltxml...
(Processing definitions /usr/share/texlive/texmf-dist/tex/latex-dev/base/ts1enc.dfu... 0.03 sec) 1.14 sec) 1.36 sec)
(Loading /usr/share/perl5/LaTeXML/Package/article.cls.ltxml... 0.01 sec)
(Loading /usr/share/perl5/LaTeXML/Package/amssymb.sty.ltxml...
(Loading /usr/share/perl5/LaTeXML/Package/amsfonts.sty.ltxml... 0.00 sec) 0.02 sec)
(Loading /usr/share/perl5/LaTeXML/Package/amstext.sty.ltxml...
(Loading /usr/share/perl5/LaTeXML/Package/amsgen.sty.ltxml... 0.00 sec) 0.01 sec) 9.96 sec) 10.17 sec)
(Building...
(Loading compiled schema /usr/share/perl5/LaTeXML/resources/RelaxNG/LaTeXML.model... 0.01 sec)
Warning:unexpected:eqnarray Unrecognized equation patterns (1) in eqnarray
	at 0303036.tex; line 1911 col 1 - line 1911 col 1
	In Core::Definition::Constructor[\@@eqna... /usr/share/perl5/LaTeXML/Package/LaTeX.pool.ltxml; line 2290
 12.64 sec)
(Rewriting... 0.41 sec)
(Math Parsing 984 formulae ......
Warning:not_parsed:OPEN.UNKNOWN> MathParser failed to match rule 'Subscript'
	at 0303036.tex; line 201 col 56 - line 201 col 56
	In "\begin{equation}\delta A_{\mu\nu\rho\sigma}\;\;=\;\;4\,{\partial}_{(\mu}%
	\Lambda_{\nu\rho\sigma)}\end{equation}"
	([[OPEN]] μ[[UNKNOWN]]
	        > 
Warning:not_parsed:UNKNOWN.UNKNOWN.UNKNOWN>CLOSE MathParser failed to match rule 'Subscript'
	at 0303036.tex; line 201 col 0 - line 201 col 78
	ν[[UNKNOWN]] ρ[[UNKNOWN]] σ[[UNKNOWN]]
	        > )[[CLOSE]]
Warning:not_parsed:UNKNOWN.POSTSUBSCRIPT.ADDOP>OPEN MathParser failed to match rule 'Anything'
	at 0303036.tex; line 210 col 0 - line 215 col 3
	In "\begin{equation}F_{\mu_{1}\mu_{2}\nu_{1}\nu_{2}\rho_{1}\rho_{2}\sigma_{1}%
	\sigma_{2}}\;\;=\;\;\partial_{\mu_{1}}\partial_{\nu_{1}}\partial_{\rho_{1}}%
	\partial_{\sigma_{1}}A_{\mu_{2}\nu_{2}\rho_{2}\sigma_{2}}\;-\;(\mu_{1}%
	\leftrightarrow\mu_{2})\;-\;...\end{equation}"
	F[[UNKNOWN]] _{\mu_{1}\mu_{2}\nu_{1}\nu_{2}\rho_{1}\rho_{2}\sigma_{1}\sigma_{2}}[[POSTSUBSCRIPT]] =[[RELOP]] ∂[[OPERATOR]] _{\mu_{1}}[[POSTSUBSCRIPT]] ∂[[OPERATOR]] _{\nu_{1}}[[POSTSUBSCRIPT]] ∂[[OPERATOR]] _{\rho_{1}}[[POSTSUBSCRIPT]] ∂[[OPERATOR]] _{\sigma_{1}}[[POSTSUBSCRIPT]] A[[UNKNOWN]] _{\mu_{2}\nu_{2}\rho_{2}\sigma_{2}}[[POSTSUBSCRIPT]] -[[ADDOP]]
	        > ([[OPEN]] μ[[UNKNOWN]] _{1}[[POSTSUBSCRIPT]] ↔[[METARELOP]] μ[[UNKNOWN]] _{2}[[POSTSUBSCRIPT]] )[[CLOSE]] -[[ADDOP]] ...[[ID]]
Warning:not_parsed:OPEN.UNKNOWN.UNKNOWN> MathParser failed to match rule 'Subscript'
	at 0303036.tex; line 288 col 74 - line 288 col 74
	In "\begin{equation}E_{\mu\nu\rho\sigma}\;\;:=\;\;G_{(\mu\nu\rho\sigma)}-{\eta}_{(%
	\mu\nu}\,G_{\rho\sigma)\alpha\beta}\;{\eta}^{\alpha\beta}+{1\over 4}\,{\eta}_{%
	(\mu\nu}{\eta}_{\rho\sigma)}\,G_{\alpha\beta\gamma\delta}\;{\eta}^{\alpha\beta%
	}{\eta}^{\gamma\delta}\end{equation}"
	([[OPEN]] μ[[UNKNOWN]] ν[[UNKNOWN]]
	        > 
Warning:not_parsed:UNKNOWN.UNKNOWN>CLOSE MathParser failed to match rule 'Subscript'
	at 0303036.tex; line 289 col 21 - line 289 col 21
	ρ[[UNKNOWN]] σ[[UNKNOWN]]
	        > )[[CLOSE]] α[[UNKNOWN]] β[[UNKNOWN]]
Warning:not_parsed:OPEN.UNKNOWN.UNKNOWN> MathParser failed to match rule 'Subscript'
	at 0303036.tex; line 289 col 0 - line 289 col 73
	([[OPEN]] μ[[UNKNOWN]] ν[[UNKNOWN]]
	        > 
Warning:not_parsed:UNKNOWN.UNKNOWN>CLOSE MathParser failed to match rule 'Subscript'
	at 0303036.tex; line 290 col 20 - line 290 col 20
	ρ[[UNKNOWN]] σ[[UNKNOWN]]
	        > )[[CLOSE]]
Warning:not_parsed:UNKNOWN.POSTSUBSCRIPT.ADDOP>OPEN MathParser failed to match rule 'Anything'
	at 0303036.tex; line 326 col 0 - line 333 col 3
	In "\begin{equation}F_{{\mu}^{1}_{1}\,{\mu}^{1}_{2}\,{\mu}^{2}_{1}\,{\mu}^{2}_{2}%
	\,...\,{\mu}^{s}_{1}\,{\mu}^{s}_{2}}\;\;=\;\;\partial_{{\mu}^{1}_{1}}\partial_%
	{{\mu}^{2}_{1}}...\partial_{{\mu}^{s}_{1}}A_{{\mu}^{1}_{2}\,{\mu}^{2}_{2}\,...%
	\,{\mu}^{s}_{2}}\;-\;({\mu}^{1}_{1}\leftrightarrow{\mu}^{1}_{2})\;-\;...\end{equation}"
	F[[UNKNOWN]] _{{\mu}^{1}_{1}\,{\mu}^{1}_{2}\,{\mu}^{2}_{1}\,{\mu}^{2}_{2}\,...\,{\mu}^{s}_{1}\,{\mu}^{s}_{2}}[[POSTSUBSCRIPT]] =[[RELOP]] ∂[[OPERATOR]] _{{\mu}^{1}_{1}}[[POSTSUBSCRIPT]] ∂[[OPERATOR]] _{{\mu}^{2}_{1}}[[POSTSUBSCRIPT]] ...[[ID]] ∂[[OPERATOR]] _{{\mu}^{s}_{1}}[[POSTSUBSCRIPT]] A[[UNKNOWN]] _{{\mu}^{1}_{2}\,{\mu}^{2}_{2}\,...\,{\mu}^{s}_{2}}[[POSTSUBSCRIPT]] -[[ADDOP]]
	        > ([[OPEN]] μ[[UNKNOWN]] ^{1}[[POSTSUPERSCRIPT]] _{1}[[POSTSUBSCRIPT]] ↔[[METARELOP]] μ[[UNKNOWN]] ^{1}[[POSTSUPERSCRIPT]] _{2}[[POSTSUBSCRIPT]] )[[CLOSE]] -[[ADDOP]] ...[[ID]]
Warning:not_parsed:UNKNOWN>FLOATSUPERSCRIPT MathParser failed to match rule 'Anything'
	at 0303036.tex; line 349 col 0 - line 350 col 30
	In "$\eta{}^{{\mu}^{i}_{2}\,{\mu}^{j}_{2}}$"
	η[[UNKNOWN]]
	        > {}^{{\mu}^{i}_{2}\,{\mu}^{j}_{2}}[[FLOATSUPERSCRIPT]]
Warning:not_parsed:UNKNOWN.POSTSUBSCRIPT.ADDOP>OPEN MathParser failed to match rule 'Anything'
	at 0303036.tex; line 438 col 0 - line 444 col 3
	In "\begin{equation}F_{\mu_{1}\mu_{2}\mu_{3}\nu_{1}\nu_{2}\rho_{1}\rho_{2}\sigma_{%
	1}\sigma_{2}}\;\;=\;\;\partial_{\mu_{1}}\partial_{\nu_{1}}\partial_{\rho_{1}}%
	\partial_{\sigma_{1}}A_{\mu_{2}\mu_{3}\nu_{2}\rho_{2}\sigma_{2}}\;-\;(\nu_{1}%
	\leftrightarrow\nu_{2})\;-\;...\end{equation}"
	F[[UNKNOWN]] _{\mu_{1}\mu_{2}\mu_{3}\nu_{1}\nu_{2}\rho_{1}\rho_{2}\sigma_{1}\sigma_{2}}[[POSTSUBSCRIPT]] =[[RELOP]] ∂[[OPERATOR]] _{\mu_{1}}[[POSTSUBSCRIPT]] ∂[[OPERATOR]] _{\nu_{1}}[[POSTSUBSCRIPT]] ∂[[OPERATOR]] _{\rho_{1}}[[POSTSUBSCRIPT]] ∂[[OPERATOR]] _{\sigma_{1}}[[POSTSUBSCRIPT]] A[[UNKNOWN]] _{\mu_{2}\mu_{3}\nu_{2}\rho_{2}\sigma_{2}}[[POSTSUBSCRIPT]] -[[ADDOP]]
	        > ([[OPEN]] ν[[UNKNOWN]] _{1}[[POSTSUBSCRIPT]] ↔[[METARELOP]] ν[[UNKNOWN]] _{2}[[POSTSUBSCRIPT]] )[[CLOSE]] -[[ADDOP]] ...[[ID]]
Warning:not_parsed:POSTSUBSCRIPT.UNKNOWN.POSTSUBSCRIPT> MathParser failed to match rule 'Superscript'
	at 0303036.tex; line 480 col 0 - line 480 col 58
	In "${\cal{Y}}_{[2,1,1,1]}\circ G_{\mu_{1}\mu_{2}\nu_{1}\rho_{1}\sigma_{1}}=3\,%
	\eta^{(\mu_{3}\nu_{2}}\eta^{\rho_{2}\sigma_{2})}F_{\mu_{1}\mu_{2}\mu_{3}\nu_{1%
	}\nu_{2}\rho_{1}\rho_{2}\sigma_{1}\sigma_{2}}=0$"
	([[OPEN]] μ[[UNKNOWN]] _{3}[[POSTSUBSCRIPT]] ν[[UNKNOWN]] _{2}[[POSTSUBSCRIPT]]
	        > 
Warning:not_parsed:POSTSUBSCRIPT.UNKNOWN.POSTSUBSCRIPT>CLOSE MathParser failed to match rule 'Superscript'
	at 0303036.tex; line 481 col 22 - line 481 col 22
	ρ[[UNKNOWN]] _{2}[[POSTSUBSCRIPT]] σ[[UNKNOWN]] _{2}[[POSTSUBSCRIPT]]
	        > )[[CLOSE]]
Warning:not_parsed:POSTSUBSCRIPT.RELOP.NUMBER>PUNCT MathParser failed to match rule 'Anything'
	at 0303036.tex; line 506 col 0 - line 511 col 3
	In "\begin{equation}\partial^{\mu_{1}}A_{\mu_{1}\mu_{2}\nu_{1}\rho_{1}\sigma_{1}}%
	\;\;=\;\;0\quad,\quad\partial^{\nu_{1}}A_{\mu_{1}\mu_{2}\nu_{1}\rho_{1}\sigma_%
	{1}}\;\;=\;\;0\quad,\quad\eta^{\mu_{1}\nu_{1}}A_{\mu_{1}\mu_{2}\nu_{1}\rho_{1}%
	\sigma_{1}}\;\;=\;\;0\end{equation}"
	∂[[OPERATOR]] ^{\mu_{1}}[[POSTSUPERSCRIPT]] A[[UNKNOWN]] _{\mu_{1}\mu_{2}\nu_{1}\rho_{1}\sigma_{1}}[[POSTSUBSCRIPT]] =[[RELOP]]   0[[NUMBER]]
	        > \begin{equation}\partial^{\mu_{1}}A_{\mu_{1}\mu_{2}\nu_{1}\rho_{1}\sigma_{1}}\;\;=\;\;0\quad,\quad\partial^{\nu_{1}}A_{\mu_{1}\mu_{2}\nu_{1}\rho_{1}\sigma_{1}}\;\;=\;\;0\quad,\quad\eta^{\mu_{1}\nu_{1}}A_{\mu_{1}\mu_{2}\nu_{1}\rho_{1}\sigma_{1}}\;\;=\;\;0\end{equation}[[PUNCT]] ,[[PUNCT]] ∂[[OPERATOR]] ^{\nu_{1}}[[POSTSUPERSCRIPT]] A[[UNKNOWN]] _{\mu_{1}\mu_{2}\nu_{1}\rho_{1}\sigma_{1}}[[POSTSUBSCRIPT]] =[[RELOP]]   0[[NUMBER]] \begin{equation}\partial^{\mu_{1}}A_{\mu_{1}\mu_{2}\nu_{1}\rho_{1}\sigma_{1}}\;\;=\;\;0\quad,\quad\partial^{\nu_{1}}A_{\mu_{1}\mu_{2}\nu_{1}\rho_{1}\sigma_{1}}\;\;=\;\;0\quad,\quad\eta^{\mu_{1}\nu_{1}}A_{\mu_{1}\mu_{2}\nu_{1}\rho_{1}\sigma_{1}}\;\;=\;\;0\end{equation}[[PUNCT]] ,[[PUNCT]] η[[UNKNOWN]] ^{\mu_{1}\nu_{1}}[[POSTSUPERSCRIPT]] A[[UNKNOWN]] _{\mu_{1}\mu_{2}\nu_{1}\rho_{1}\sigma_{1}}[[POSTSUBSCRIPT]] =[[RELOP]]   0[[NUMBER]]
Warning:not_parsed:MULOP.METARELOP>UNKNOWN MathParser failed to match rule 'Anything'
	at 0303036.tex; line 614 col 0 - line 617 col 3
	In "\begin{equation}\odot:X^{p_{1},...,p_{N}}\times X^{{p^{\prime}}_{1},...,{p^{%
	\prime}}_{N}}\rightarrow X^{p_{1}+{p^{\prime}}_{1},...,p_{N}+{p^{\prime}}_{N}}\end{equation}"
	⊙[[MULOP]] :[[METARELOP]]
	        > X[[UNKNOWN]] ^{p_{1},...,p_{N}}[[POSTSUPERSCRIPT]] ×[[MULOP]] X[[UNKNOWN]] ^{{p^{\prime}}_{1},...,{p^{\prime}}_{N}}[[POSTSUPERSCRIPT]] →[[ARROW]] X[[UNKNOWN]] ^{p_{1}+{p^{\prime}}_{1},...,p_{N}+{p^{\prime}}_{N}}[[POSTSUPERSCRIPT]]
Warning:not_parsed:POSTSUPERSCRIPT.UNKNOWN.POSTSUPERSCRIPT>PUNCT MathParser failed to match rule 'Anything'
	at 0303036.tex; line 656 col 0 - line 661 col 3
	In "\begin{equation}{\cal{D}}\;:=\;\sum_{i=1}^{N}d^{(i)}\qquad,\qquad{\cal{D}}:X^{%
	p_{1},...,p_{i},...p_{N}}\rightarrow\sum_{i=1}^{N}\oplus\,X^{p_{1},...,p_{i}+1%
	,...,p_{N}}\end{equation}"
	D[[UNKNOWN]] :=[[RELOP]] ∑[[SUMOP]] _{i=1}[[POSTSUBSCRIPT]] ^{N}[[POSTSUPERSCRIPT]] d[[UNKNOWN]] ^{(i)}[[POSTSUPERSCRIPT]]
	        > \begin{equation}{\cal{D}}\;:=\;\sum_{i=1}^{N}d^{(i)}\qquad,\qquad{\cal{D}}:X^{p_{1},...,p_{i},...p_{N}}\rightarrow\sum_{i=1}^{N}\oplus\,X^{p_{1},...,p_{i}+1,...,p_{N}}\end{equation}[[PUNCT]] ,[[PUNCT]] D[[UNKNOWN]] :[[METARELOP]] X[[UNKNOWN]] ^{p_{1},...,p_{i},...p_{N}}[[POSTSUPERSCRIPT]] →[[ARROW]] ∑[[SUMOP]] _{i=1}[[POSTSUBSCRIPT]] ^{N}[[POSTSUPERSCRIPT]] ⊕[[ADDOP]] X[[UNKNOWN]] ^{p_{1},...,p_{i}+1,...,p_{N}}[[POSTSUPERSCRIPT]]
Warning:not_parsed:MULOP.POSTSUPERSCRIPT.METARELOP>UNKNOWN MathParser failed to match rule 'Anything'
	at 0303036.tex; line 671 col 0 - line 674 col 3
	In "\begin{equation}*^{(i)}:X^{p_{1},...,p_{i},...p_{N}}\to X^{p_{1},...,D-p_{i},.%
	..p_{N}}\end{equation}"
	*[[MULOP]] ^{(i)}[[POSTSUPERSCRIPT]] :[[METARELOP]]
	        > X[[UNKNOWN]] ^{p_{1},...,p_{i},...p_{N}}[[POSTSUPERSCRIPT]] →[[ARROW]] X[[UNKNOWN]] ^{p_{1},...,D-p_{i},...p_{N}}[[POSTSUPERSCRIPT]]
Warning:not_parsed:POSTSUPERSCRIPT.POSTSUPERSCRIPT.RELOP>OPEN MathParser failed to match rule 'Anything'
	at 0303036.tex; line 677 col 52 - line 678 col 23
	In "${*^{(i)}}^{2}=(-1)^{1+p_{i}(D-p_{i})}$"
	*[[MULOP]] ^{(i)}[[POSTSUPERSCRIPT]] ^{2}[[POSTSUPERSCRIPT]] =[[RELOP]]
	        > ([[OPEN]] -[[ADDOP]] 1[[NUMBER]] )[[CLOSE]] ^{1+p_{i}(D-p_{i})}[[POSTSUPERSCRIPT]]
Warning:not_parsed:POSTSUPERSCRIPT.UNKNOWN.POSTSUPERSCRIPT>MULOP MathParser failed to match rule 'Anything'
	at 0303036.tex; line 686 col 0 - line 690 col 3
	In "\begin{equation}{d^{\dagger}}^{(i)}\;:=\;{(-1)}^{1+D(p_{i}+1)}*^{(i)}d^{(i)}*^%
	{(i)}:X^{p_{1},...,p_{i},...p_{N}}\rightarrow X^{p_{1},...,p_{i}-1,...,p_{N}}\end{equation}"
	d[[UNKNOWN]] ^{\dagger}[[POSTSUPERSCRIPT]] ^{(i)}[[POSTSUPERSCRIPT]] :=[[RELOP]] ([[OPEN]] -[[ADDOP]] 1[[NUMBER]] )[[CLOSE]] ^{1+D(p_{i}+1)}[[POSTSUPERSCRIPT]] *[[MULOP]] ^{(i)}[[POSTSUPERSCRIPT]] d[[UNKNOWN]] ^{(i)}[[POSTSUPERSCRIPT]]
	        > *[[MULOP]] ^{(i)}[[POSTSUPERSCRIPT]] :[[METARELOP]] X[[UNKNOWN]] ^{p_{1},...,p_{i},...p_{N}}[[POSTSUPERSCRIPT]] →[[ARROW]] X[[UNKNOWN]] ^{p_{1},...,p_{i}-1,...,p_{N}}[[POSTSUPERSCRIPT]]
Warning:not_parsed:POSTSUPERSCRIPT.UNKNOWN.POSTSUPERSCRIPT>MULOP MathParser failed to match rule 'Anything'
	at 0303036.tex; line 730 col 0 - line 735 col 3
	In "\begin{equation}\sigma^{(ij)}\;:=\;{(-1)}^{1+D(p_{i}+1)}*^{(i)}\tau^{(ij)}*^{(%
	i)}:X^{p_{1},...,p_{i},...,p_{j},...p_{N}}\rightarrow X^{p_{1},...,p_{i}+1,...%
	,p_{j}-1,...,p_{N}}\end{equation}"
	σ[[UNKNOWN]] ^{(ij)}[[POSTSUPERSCRIPT]] :=[[RELOP]] ([[OPEN]] -[[ADDOP]] 1[[NUMBER]] )[[CLOSE]] ^{1+D(p_{i}+1)}[[POSTSUPERSCRIPT]] *[[MULOP]] ^{(i)}[[POSTSUPERSCRIPT]] τ[[UNKNOWN]] ^{(ij)}[[POSTSUPERSCRIPT]]
	        > *[[MULOP]] ^{(i)}[[POSTSUPERSCRIPT]] :[[METARELOP]] X[[UNKNOWN]] ^{p_{1},...,p_{i},...,p_{j},...p_{N}}[[POSTSUPERSCRIPT]] →[[ARROW]] X[[UNKNOWN]] ^{p_{1},...,p_{i}+1,...,p_{j}-1,...,p_{N}}[[POSTSUPERSCRIPT]]
Warning:not_parsed:POSTSUPERSCRIPT.UNKNOWN.POSTSUPERSCRIPT>MULOP MathParser failed to match rule 'Anything'
	at 0303036.tex; line 741 col 0 - line 746 col 3
	In "\begin{equation}{\tilde{\sigma}^{(ij)}}\;:=\;{(-1)}^{1+D(p_{j}+1)}*^{(j)}\tau^%
	{(ij)}*^{(j)}:X^{p_{1},...,p_{i},...,p_{j},...p_{N}}\rightarrow X^{p_{1},...,p%
	_{i}-1,...,p_{j}+1,...,p_{N}}\end{equation}"
	\tilde{\sigma}[[UNKNOWN]] ^{(ij)}[[POSTSUPERSCRIPT]] :=[[RELOP]] ([[OPEN]] -[[ADDOP]] 1[[NUMBER]] )[[CLOSE]] ^{1+D(p_{j}+1)}[[POSTSUPERSCRIPT]] *[[MULOP]] ^{(j)}[[POSTSUPERSCRIPT]] τ[[UNKNOWN]] ^{(ij)}[[POSTSUPERSCRIPT]]
	        > *[[MULOP]] ^{(j)}[[POSTSUPERSCRIPT]] :[[METARELOP]] X[[UNKNOWN]] ^{p_{1},...,p_{i},...,p_{j},...p_{N}}[[POSTSUPERSCRIPT]] →[[ARROW]] X[[UNKNOWN]] ^{p_{1},...,p_{i}-1,...,p_{j}+1,...,p_{N}}[[POSTSUPERSCRIPT]]
Warning:not_parsed:UNKNOWN.RELOP.NUMBER>PUNCT MathParser failed to match rule 'Anything'
	at 0303036.tex; line 1031 col 0 - line 1035 col 14
	In "\begin{equation}{d^{\dagger}}^{(i)}A\;\;=\;\;0\quad\quad,\quad\quad\tau^{(ij)}%
	A\;\;=\;\;0\end{equation}"
	d[[UNKNOWN]] ^{\dagger}[[POSTSUPERSCRIPT]] ^{(i)}[[POSTSUPERSCRIPT]] A[[UNKNOWN]] =[[RELOP]]   0[[NUMBER]]
	        > \begin{equation}{d^{\dagger}}^{(i)}A\;\;=\;\;0\quad\quad,\quad\quad\tau^{(ij)}A\;\;=\;\;0\end{equation}[[PUNCT]] ,[[PUNCT]] τ[[UNKNOWN]] ^{(ij)}[[POSTSUPERSCRIPT]] A[[UNKNOWN]] =[[RELOP]]   0[[NUMBER]]
Warning:not_parsed:OPEN.UNKNOWN> MathParser failed to match rule 'Subscript'
	at 0303036.tex; line 1078 col 0 - line 1078 col 49
	In "$\partial_{[\alpha}R_{\mu\nu]\rho\sigma}=0$"
	[[[OPEN]] α[[UNKNOWN]]
	        > 
Warning:not_parsed:UNKNOWN.UNKNOWN>CLOSE MathParser failed to match rule 'Subscript'
	at 0303036.tex; line 1078 col 0 - line 1078 col 49
	μ[[UNKNOWN]] ν[[UNKNOWN]]
	        > ][[CLOSE]] ρ[[UNKNOWN]] σ[[UNKNOWN]]
Warning:not_parsed:OPEN.UNKNOWN> MathParser failed to match rule 'Subscript'
	at 0303036.tex; line 1099 col 42 - line 1099 col 42
	In "$R_{\mu\nu\rho\sigma}=4\partial_{[\mu}\Gamma_{\nu][\rho\sigma]}$"
	[[[OPEN]] μ[[UNKNOWN]]
	        > 
Warning:not_parsed:UNKNOWN>CLOSE MathParser failed to match rule 'Subscript'
	at 0303036.tex; line 1100 col 2 - line 1100 col 2
	ν[[UNKNOWN]]
	        > ][[CLOSE]] [[[OPEN]] ρ[[UNKNOWN]] σ[[UNKNOWN]] ][[CLOSE]]
Warning:not_parsed:OPEN.UNKNOWN> MathParser failed to match rule 'Subscript'
	at 0303036.tex; line 1161 col 72 - line 1161 col 72
	In "$\delta h_{\mu\nu}=2\partial_{(\mu}\xi_{\nu)}$"
	([[OPEN]] μ[[UNKNOWN]]
	        > 
Warning:not_parsed:UNKNOWN>CLOSE MathParser failed to match rule 'Subscript'
	at 0303036.tex; line 1161 col 84 - line 1161 col 84
	ν[[UNKNOWN]]
	        > )[[CLOSE]]
Warning:not_parsed:OPEN.UNKNOWN> MathParser failed to match rule 'Superscript'
	at 0303036.tex; line 1226 col 0 - line 1226 col 61
	In "$\gamma^{\mu\nu\rho}:=\gamma^{[\mu}\gamma^{\nu}\gamma^{\rho]}$"
	[[[OPEN]] μ[[UNKNOWN]]
	        > 
Warning:not_parsed:UNKNOWN>CLOSE MathParser failed to match rule 'Superscript'
	at 0303036.tex; line 1227 col 28 - line 1227 col 28
	ρ[[UNKNOWN]]
	        > ][[CLOSE]]
Warning:not_parsed:OPEN.UNKNOWN> MathParser failed to match rule 'Subscript'
	at 0303036.tex; line 1228 col 61 - line 1228 col 61
	In "$\partial^{\mu}\partial_{[\mu}\psi_{\nu]}=0$"
	[[[OPEN]] μ[[UNKNOWN]]
	        > 
Warning:not_parsed:UNKNOWN>CLOSE MathParser failed to match rule 'Subscript'
	at 0303036.tex; line 1229 col 2 - line 1229 col 2
	ν[[UNKNOWN]]
	        > ][[CLOSE]]
Warning:not_parsed:OPEN.UNKNOWN> MathParser failed to match rule 'Subscript'
	at 0303036.tex; line 1245 col 44 - line 1245 col 44
	In "\begin{equation}\partial{{\not}}\;\;\,\psi_{\mu\nu}-2\partial_{(\mu}{{\not}%
	\psi}_{\nu)}\;\;=\;\;0\end{equation}"
	([[OPEN]] μ[[UNKNOWN]]
	        > 
Warning:not_parsed:UNKNOWN>CLOSE MathParser failed to match rule 'Subscript'
	at 0303036.tex; line 1245 col 65 - line 1245 col 65
	ν[[UNKNOWN]]
	        > )[[CLOSE]]
Warning:not_parsed:OPEN.UNKNOWN> MathParser failed to match rule 'Subscript'
	at 0303036.tex; line 1254 col 34 - line 1254 col 34
	In "\begin{equation}\delta\psi_{\mu\nu}=2\partial_{(\mu}\xi_{\nu)}\end{equation}"
	([[OPEN]] μ[[UNKNOWN]]
	        > 
Warning:not_parsed:UNKNOWN>CLOSE MathParser failed to match rule 'Subscript'
	at 0303036.tex; line 1254 col 0 - line 1254 col 46
	ν[[UNKNOWN]]
	        > )[[CLOSE]]
Warning:not_parsed:OPEN.UNKNOWN> MathParser failed to match rule 'Subscript'
	at 0303036.tex; line 1265 col 44 - line 1265 col 44
	In "\begin{equation}\partial{{\not}}\;\;\,\psi_{\mu\nu}-2\partial_{(\mu}{{\not}%
	\psi}_{\nu)}-{\partial_{\mu}\partial_{\nu}\over\square}\left(\partial{{\not}}%
	\;\;\,\psi^{\rho}_{\;\;\rho}-2\partial^{\rho}{{\not}\psi}_{\rho}\right)\;\;=\;%
	\;0\end{equation}"
	([[OPEN]] μ[[UNKNOWN]]
	        > 
Warning:not_parsed:UNKNOWN>CLOSE MathParser failed to match rule 'Subscript'
	at 0303036.tex; line 1265 col 65 - line 1265 col 65
	ν[[UNKNOWN]]
	        > )[[CLOSE]]
Warning:not_parsed:OPEN.UNKNOWN> MathParser failed to match rule 'Subscript'
	at 0303036.tex; line 1283 col 31 - line 1283 col 31
	In "\begin{equation}\eta^{\mu\rho}\partial_{[\mu}\psi_{\nu][\rho,\sigma]}\;\;=\;\;0\end{equation}"
	[[[OPEN]] μ[[UNKNOWN]]
	        > 
Warning:not_parsed:UNKNOWN>CLOSE MathParser failed to match rule 'Subscript'
	at 0303036.tex; line 1283 col 61 - line 1283 col 61
	ν[[UNKNOWN]]
	        > ][[CLOSE]] [[[OPEN]] ρ[[UNKNOWN]] ,[[PUNCT]] σ[[UNKNOWN]] ][[CLOSE]]
Warning:not_parsed:OPEN.UNKNOWN.POSTSUBSCRIPT> MathParser failed to match rule 'Subscript'
	at 0303036.tex; line 1298 col 0 - line 1298 col 55
	In "\begin{equation}\partial{{\not}}\;\;\,\psi_{\mu_{1}...\mu_{s}}-s\partial_{(\mu%
	_{1}}{{\not}\psi}_{\mu_{2}...\mu_{s})}\;\;=\;\;0\end{equation}"
	([[OPEN]] μ[[UNKNOWN]] _{1}[[POSTSUBSCRIPT]]
	        > 
Warning:not_parsed:ID.UNKNOWN.POSTSUBSCRIPT>CLOSE MathParser failed to match rule 'Subscript'
	at 0303036.tex; line 1299 col 32 - line 1299 col 32
	μ[[UNKNOWN]] _{2}[[POSTSUBSCRIPT]] ...[[ID]] μ[[UNKNOWN]] _{s}[[POSTSUBSCRIPT]]
	        > )[[CLOSE]]
Warning:not_parsed:UNKNOWN.RELOP.NUMBER>PUNCT MathParser failed to match rule 'Anything'
	at 0303036.tex; line 1442 col 0 - line 1445 col 14
	In "\begin{equation}{d^{\dagger}}^{(i)}\psi\;\;=\;\;0\quad\quad,\quad\quad\gamma^{%
	\mu^{i}_{1}}\psi_{{\mu}^{1}_{1}...{\mu}^{1}_{p_{1}}...{\mu}^{i}_{1}...{\mu}^{i%
	}_{p_{i}}...{\mu}^{N}_{p_{N}}}\;\;=\;\;0\end{equation}"
	d[[UNKNOWN]] ^{\dagger}[[POSTSUPERSCRIPT]] ^{(i)}[[POSTSUPERSCRIPT]] ψ[[UNKNOWN]] =[[RELOP]]   0[[NUMBER]]
	        > \begin{equation}{d^{\dagger}}^{(i)}\psi\;\;=\;\;0\quad\quad,\quad\quad\gamma^{\mu^{i}_{1}}\psi_{{\mu}^{1}_{1}...{\mu}^{1}_{p_{1}}...{\mu}^{i}_{1}...{\mu}^{i}_{p_{i}}...{\mu}^{N}_{p_{N}}}\;\;=\;\;0\end{equation}[[PUNCT]] ,[[PUNCT]] γ[[UNKNOWN]] ^{\mu^{i}_{1}}[[POSTSUPERSCRIPT]] ψ[[UNKNOWN]] _{{\mu}^{1}_{1}...{\mu}^{1}_{p_{1}}...{\mu}^{i}_{1}...{\mu}^{i}_{p_{i}}...{\mu}^{N}_{p_{N}}}[[POSTSUBSCRIPT]] =[[RELOP]]   0[[NUMBER]]
Warning:not_parsed:POSTSUBSCRIPT.RELOP.NUMBER>PUNCT MathParser failed to match rule 'Anything'
	at 0303036.tex; line 1500 col 0 - line 1505 col 14
	In "\begin{equation}\square\,\phi_{\mu_{1}...\mu_{s}}\;\;=\;\;0\quad\quad,\quad%
	\quad\partial^{\mu_{1}}\phi_{\mu_{1}\mu_{2}...\mu_{s}}\;\;=\;\;0\quad\quad,%
	\quad\quad\eta^{\mu_{1}\mu_{2}}\phi_{\mu_{1}\mu_{2}...\mu_{s}}\;\;=\;\;0\end{equation}"
	□[[UNKNOWN]] ϕ[[UNKNOWN]] _{\mu_{1}...\mu_{s}}[[POSTSUBSCRIPT]] =[[RELOP]]   0[[NUMBER]]
	        > \begin{equation}\square\,\phi_{\mu_{1}...\mu_{s}}\;\;=\;\;0\quad\quad,\quad\quad\partial^{\mu_{1}}\phi_{\mu_{1}\mu_{2}...\mu_{s}}\;\;=\;\;0\quad\quad,\quad\quad\eta^{\mu_{1}\mu_{2}}\phi_{\mu_{1}\mu_{2}...\mu_{s}}\;\;=\;\;0\end{equation}[[PUNCT]] ,[[PUNCT]] ∂[[OPERATOR]] ^{\mu_{1}}[[POSTSUPERSCRIPT]] ϕ[[UNKNOWN]] _{\mu_{1}\mu_{2}...\mu_{s}}[[POSTSUBSCRIPT]] =[[RELOP]]   0[[NUMBER]] \begin{equation}\square\,\phi_{\mu_{1}...\mu_{s}}\;\;=\;\;0\quad\quad,\quad\quad\partial^{\mu_{1}}\phi_{\mu_{1}\mu_{2}...\mu_{s}}\;\;=\;\;0\quad\quad,\quad\quad\eta^{\mu_{1}\mu_{2}}\phi_{\mu_{1}\mu_{2}...\mu_{s}}\;\;=\;\;0\end{equation}[[PUNCT]] ,[[PUNCT]] η[[UNKNOWN]] ^{\mu_{1}\mu_{2}}[[POSTSUPERSCRIPT]] ϕ[[UNKNOWN]] _{\mu_{1}\mu_{2}...\mu_{s}}[[POSTSUBSCRIPT]] =[[RELOP]]   0[[NUMBER]]
Warning:not_parsed:OPEN.UNKNOWN> MathParser failed to match rule 'Subscript'
	at 0303036.tex; line 1514 col 16 - line 1514 col 16
	In "\begin{equation}{\cal{G}}_{\mu\nu}\;\;:=\;\;\square h_{\mu\nu}-2\partial^{\rho%
	}\partial_{(\mu}h_{\nu)\rho}+\partial_{\mu}\partial_{\nu}h^{\prime}\;\;=\;\;0\end{equation}"
	([[OPEN]] μ[[UNKNOWN]]
	        > 
Warning:not_parsed:UNKNOWN>CLOSE MathParser failed to match rule 'Subscript'
	at 0303036.tex; line 1514 col 31 - line 1514 col 31
	ν[[UNKNOWN]]
	        > )[[CLOSE]] ρ[[UNKNOWN]]
Warning:not_parsed:OPEN.UNKNOWN> MathParser failed to match rule 'Subscript'
	at 0303036.tex; line 1523 col 42 - line 1523 col 42
	In "\begin{equation}\begin{array}[]{rcl}\delta h_{\mu\nu}&=&2\partial_{(\mu}\xi_{%
	\nu)}\\
	\delta h^{\prime}&=&2\partial^{\mu}\xi_{\mu}\\
	\end{array}\end{equation}"
	([[OPEN]] μ[[UNKNOWN]]
	        > 
Warning:not_parsed:UNKNOWN>CLOSE MathParser failed to match rule 'Subscript'
	at 0303036.tex; line 1523 col 54 - line 1523 col 54
	ν[[UNKNOWN]]
	        > )[[CLOSE]]
Warning:not_parsed:OPEN.UNKNOWN> MathParser failed to match rule 'Subscript'
	at 0303036.tex; line 1564 col 34 - line 1564 col 34
	In "\begin{equation}{\cal{G}}_{\mu\nu\rho}\;\;:=\;\;\square\phi_{\mu\nu\rho}-3%
	\partial^{\alpha}\partial_{(\mu}\phi_{\nu\rho)\alpha}+\partial_{(\mu}\partial_%
	{\nu}{\phi}^{\prime}_{\rho)}+\frac{1}{\square}\left(2\partial^{\alpha}\partial%
	^{\beta}\partial_{(\mu}\partial_{\nu}\phi_{\rho)\alpha\beta}-\partial_{\mu}%
	\partial_{\nu}\partial_{\rho}\partial^{\alpha}\phi^{\prime}_{\alpha}\right)\;%
	\;=\;\;0\end{equation}"
	([[OPEN]] μ[[UNKNOWN]]
	        > 
Warning:not_parsed:UNKNOWN.UNKNOWN>CLOSE MathParser failed to match rule 'Subscript'
	at 0303036.tex; line 1564 col 58 - line 1564 col 58
	ν[[UNKNOWN]] ρ[[UNKNOWN]]
	        > )[[CLOSE]] α[[UNKNOWN]]
Warning:not_parsed:OPEN.UNKNOWN> MathParser failed to match rule 'Subscript'
	at 0303036.tex; line 1565 col 16 - line 1565 col 16
	([[OPEN]] μ[[UNKNOWN]]
	        > 
Warning:not_parsed:UNKNOWN>CLOSE MathParser failed to match rule 'Subscript'
	at 0303036.tex; line 1565 col 56 - line 1565 col 56
	ρ[[UNKNOWN]]
	        > )[[CLOSE]]
Warning:not_parsed:OPEN.UNKNOWN> MathParser failed to match rule 'Subscript'
	at 0303036.tex; line 1567 col 16 - line 1567 col 16
	([[OPEN]] μ[[UNKNOWN]]
	        > 
Warning:not_parsed:UNKNOWN>CLOSE MathParser failed to match rule 'Subscript'
	at 0303036.tex; line 1567 col 57 - line 1567 col 57
	ρ[[UNKNOWN]]
	        > )[[CLOSE]] α[[UNKNOWN]] β[[UNKNOWN]]
Warning:not_parsed:OPEN.UNKNOWN> MathParser failed to match rule 'Subscript'
	at 0303036.tex; line 1578 col 49 - line 1578 col 49
	In "\begin{equation}\begin{array}[]{rcl}\delta\phi_{\mu\nu\rho}&=&3\partial_{(\mu}%
	\xi_{\nu\rho)}\\
	\delta\phi^{\prime}_{\mu}&=&\partial_{\mu}\xi^{\,\prime}+2\partial^{\nu}\xi_{%
	\nu\mu}\\
	\end{array}\end{equation}"
	([[OPEN]] μ[[UNKNOWN]]
	        > 
Warning:not_parsed:UNKNOWN.UNKNOWN>CLOSE MathParser failed to match rule 'Subscript'
	at 0303036.tex; line 1578 col 65 - line 1578 col 65
	ν[[UNKNOWN]] ρ[[UNKNOWN]]
	        > )[[CLOSE]]
Warning:not_parsed:OPEN.UNKNOWN> MathParser failed to match rule 'Subscript'
	at 0303036.tex; line 1589 col 4 - line 1589 col 4
	In "\begin{equation}T_{\mu\nu}\;\;:=\;\;\partial^{\rho}\phi_{\mu\nu\rho}-\partial_%
	{(\mu}\phi^{\prime}_{\nu)}\;\;=\;\;0\end{equation}"
	([[OPEN]] μ[[UNKNOWN]]
	        > 
Warning:not_parsed:UNKNOWN>CLOSE MathParser failed to match rule 'Subscript'
	at 0303036.tex; line 1589 col 26 - line 1589 col 26
	ν[[UNKNOWN]]
	        > )[[CLOSE]]
Warning:not_parsed:OPEN.UNKNOWN> MathParser failed to match rule 'Subscript'
	at 0303036.tex; line 1688 col 34 - line 1688 col 34
	In "\begin{equation}\begin{array}[]{rcl}{\cal{G}}_{\mu\nu\rho\sigma}&:=&\square%
	\phi_{\mu\nu\rho\sigma}-4\partial^{\alpha}\partial_{(\mu}\phi_{\nu\rho\sigma)%
	\alpha}+2\partial_{(\mu}\partial_{\nu}{\phi}^{\prime}_{\rho\sigma)}\\
	&&+\frac{1}{\square}\left(4\partial^{\alpha}\partial^{\beta}\partial_{(\mu}%
	\partial_{\nu}\phi_{\rho\sigma)\alpha\beta}-4\partial_{(\mu}\partial_{\nu}%
	\partial_{\rho}\partial^{\alpha}\phi^{\prime}_{\sigma)\alpha}+\partial_{\mu}%
	\partial_{\nu}\partial_{\rho}\partial_{\sigma}\phi^{\prime\prime}\right)\;\;=%
	\;\;0\\
	\end{array}\end{equation}"
	([[OPEN]] μ[[UNKNOWN]]
	        > 
Warning:not_parsed:UNKNOWN.UNKNOWN.UNKNOWN>CLOSE MathParser failed to match rule 'Subscript'
	at 0303036.tex; line 1688 col 64 - line 1688 col 64
	ν[[UNKNOWN]] ρ[[UNKNOWN]] σ[[UNKNOWN]]
	        > )[[CLOSE]] α[[UNKNOWN]]
Warning:not_parsed:OPEN.UNKNOWN> MathParser failed to match rule 'Subscript'
	at 0303036.tex; line 1689 col 16 - line 1689 col 16
	([[OPEN]] μ[[UNKNOWN]]
	        > 
Warning:not_parsed:UNKNOWN.UNKNOWN>CLOSE MathParser failed to match rule 'Subscript'
	at 0303036.tex; line 1689 col 62 - line 1689 col 62
	ρ[[UNKNOWN]] σ[[UNKNOWN]]
	        > )[[CLOSE]]
Warning:not_parsed:OPEN.UNKNOWN> MathParser failed to match rule 'Subscript'
	at 0303036.tex; line 1691 col 16 - line 1691 col 16
	([[OPEN]] μ[[UNKNOWN]]
	        > 
Warning:not_parsed:UNKNOWN.UNKNOWN>CLOSE MathParser failed to match rule 'Subscript'
	at 0303036.tex; line 1691 col 63 - line 1691 col 63
	ρ[[UNKNOWN]] σ[[UNKNOWN]]
	        > )[[CLOSE]] α[[UNKNOWN]] β[[UNKNOWN]]
Warning:not_parsed:OPEN.UNKNOWN> MathParser failed to match rule 'Subscript'
	at 0303036.tex; line 1692 col 16 - line 1692 col 16
	([[OPEN]] μ[[UNKNOWN]]
	        > 
Warning:not_parsed:UNKNOWN>CLOSE MathParser failed to match rule 'Subscript'
	at 0303036.tex; line 1693 col 31 - line 1693 col 31
	σ[[UNKNOWN]]
	        > )[[CLOSE]] α[[UNKNOWN]]
Warning:not_parsed:OPEN.UNKNOWN> MathParser failed to match rule 'Subscript'
	at 0303036.tex; line 1705 col 0 - line 1705 col 55
	In "\begin{equation}\begin{array}[]{rcl}\delta\phi_{\mu\nu\rho\sigma}&=&4\partial_%
	{(\mu}\xi_{\nu\rho\sigma)}\\
	\delta\phi^{\prime}_{\mu\nu}&=&2\partial_{(\mu}\xi^{\,\prime}_{\nu)}+2\partial%
	^{\rho}\xi_{\mu\nu\rho}\\
	\delta\phi^{\prime\prime}&=&4\partial^{\mu}\xi^{\,\prime}_{\mu}\end{array}\end{equation}"
	([[OPEN]] μ[[UNKNOWN]]
	        > 
Warning:not_parsed:UNKNOWN.UNKNOWN.UNKNOWN>CLOSE MathParser failed to match rule 'Subscript'
	at 0303036.tex; line 1706 col 21 - line 1706 col 21
	ν[[UNKNOWN]] ρ[[UNKNOWN]] σ[[UNKNOWN]]
	        > )[[CLOSE]]
Warning:not_parsed:OPEN.UNKNOWN> MathParser failed to match rule 'Subscript'
	at 0303036.tex; line 1707 col 0 - line 1707 col 54
	([[OPEN]] μ[[UNKNOWN]]
	        > 
Warning:not_parsed:UNKNOWN>CLOSE MathParser failed to match rule 'Subscript'
	at 0303036.tex; line 1708 col 22 - line 1708 col 22
	ν[[UNKNOWN]]
	        > )[[CLOSE]]
Warning:not_parsed:OPEN.UNKNOWN> MathParser failed to match rule 'Subscript'
	at 0303036.tex; line 1718 col 28 - line 1718 col 28
	In "\begin{equation}T_{\mu\nu\rho}\;\;:=\;\;\partial^{\sigma}\phi_{\mu\nu\rho%
	\sigma}-\frac{3}{2}\partial_{(\mu}\phi^{\prime}_{\nu\rho)}\;\;=\;\;0\end{equation}"
	([[OPEN]] μ[[UNKNOWN]]
	        > 
Warning:not_parsed:UNKNOWN.UNKNOWN>CLOSE MathParser failed to match rule 'Subscript'
	at 0303036.tex; line 1718 col 55 - line 1718 col 55
	ν[[UNKNOWN]] ρ[[UNKNOWN]]
	        > )[[CLOSE]]
Warning:not_parsed:OPEN.UNKNOWN> MathParser failed to match rule 'Subscript'
	at 0303036.tex; line 1726 col 16 - line 1726 col 16
	In "\begin{equation}\delta T_{\mu\nu\rho}\;\;=\;\;\square\xi_{\mu\nu\rho}-3%
	\partial_{(\mu}\partial_{\nu}\xi^{\,\prime}_{\rho)}\;\;=\;\;0\end{equation}"
	([[OPEN]] μ[[UNKNOWN]]
	        > 
Warning:not_parsed:UNKNOWN>CLOSE MathParser failed to match rule 'Subscript'
	at 0303036.tex; line 1726 col 55 - line 1726 col 55
	ρ[[UNKNOWN]]
	        > )[[CLOSE]]
Warning:not_parsed:OPEN.UNKNOWN> MathParser failed to match rule 'Subscript'
	at 0303036.tex; line 1734 col 76 - line 1734 col 76
	In "\begin{equation}\square\phi^{\prime}_{\mu\nu}\;\;=\;\;2\partial^{\rho}\partial%
	_{(\mu}\phi^{\prime}_{\nu)\rho}\end{equation}"
	([[OPEN]] μ[[UNKNOWN]]
	        > 
Warning:not_parsed:UNKNOWN>CLOSE MathParser failed to match rule 'Subscript'
	at 0303036.tex; line 1734 col 0 - line 1734 col 102
	ν[[UNKNOWN]]
	        > )[[CLOSE]] ρ[[UNKNOWN]]
Warning:not_parsed:POSTSUPERSCRIPT.RELOP.NUMBER>PUNCT MathParser failed to match rule 'Anything'
	at 0303036.tex; line 1740 col 0 - line 1744 col 14
	In "\begin{equation}\partial_{\mu}\phi^{\prime\prime}\;\;=\;\;0\qquad,\qquad%
	\partial^{\mu}\partial^{\nu}\phi^{\prime}_{\mu\nu}\;\;=\;\;0\end{equation}"
	∂[[OPERATOR]] _{\mu}[[POSTSUBSCRIPT]] ϕ[[UNKNOWN]] ^{\prime\prime}[[POSTSUPERSCRIPT]] =[[RELOP]]   0[[NUMBER]]
	        > \begin{equation}\partial_{\mu}\phi^{\prime\prime}\;\;=\;\;0\qquad,\qquad\partial^{\mu}\partial^{\nu}\phi^{\prime}_{\mu\nu}\;\;=\;\;0\end{equation}[[PUNCT]] ,[[PUNCT]] ∂[[OPERATOR]] ^{\mu}[[POSTSUPERSCRIPT]] ∂[[OPERATOR]] ^{\nu}[[POSTSUPERSCRIPT]] ϕ[[UNKNOWN]] ^{\prime}[[POSTSUPERSCRIPT]] _{\mu\nu}[[POSTSUBSCRIPT]] =[[RELOP]]   0[[NUMBER]]
Warning:not_parsed:OPEN.UNKNOWN> MathParser failed to match rule 'Subscript'
	at 0303036.tex; line 1750 col 52 - line 1750 col 52
	In "\begin{equation}\phi^{\prime}_{\mu\nu}\;\;=\;\;2\partial_{(\mu}\zeta^{\,\prime%
	}_{\nu)}+2\partial^{\rho}\zeta_{\mu\nu\rho}\end{equation}"
	([[OPEN]] μ[[UNKNOWN]]
	        > 
Warning:not_parsed:UNKNOWN>CLOSE MathParser failed to match rule 'Subscript'
	at 0303036.tex; line 1750 col 77 - line 1750 col 77
	ν[[UNKNOWN]]
	        > )[[CLOSE]]
Warning:not_parsed:OPEN.UNKNOWN> MathParser failed to match rule 'Subscript'
	at 0303036.tex; line 1757 col 47 - line 1757 col 47
	In "\begin{equation}\square\zeta_{\mu\nu\rho}-3\partial_{(\mu}\partial_{\nu}\zeta^%
	{\,\prime}_{\rho)}\;\;=\;\;0\end{equation}"
	([[OPEN]] μ[[UNKNOWN]]
	        > 
Warning:not_parsed:UNKNOWN>CLOSE MathParser failed to match rule 'Subscript'
	at 0303036.tex; line 1757 col 89 - line 1757 col 89
	ρ[[UNKNOWN]]
	        > )[[CLOSE]]
Warning:not_parsed:OPEN.UNKNOWN> MathParser failed to match rule 'Subscript'
	at 0303036.tex; line 1783 col 0 - line 1783 col 66
	In "\begin{equation}f_{\mu\nu}\;\;:=\;\;\phi^{\prime}_{\mu\nu}-2\partial_{(\mu}%
	\zeta^{\,\prime}_{\nu)}-2\partial^{\rho}\zeta_{\mu\nu\rho}\end{equation}"
	([[OPEN]] μ[[UNKNOWN]]
	        > 
Warning:not_parsed:UNKNOWN>CLOSE MathParser failed to match rule 'Subscript'
	at 0303036.tex; line 1784 col 24 - line 1784 col 24
	ν[[UNKNOWN]]
	        > )[[CLOSE]]
Warning:not_parsed:POSTSUBSCRIPT.UNKNOWN.POSTSUBSCRIPT> MathParser failed to match rule 'Superscript'
	at 0303036.tex; line 2006 col 68 - line 2006 col 68
	In "\begin{equation}{\cal{G}}_{\mu_{1}...\mu_{s}}\;\;:=\;\;f_{s}\,\eta^{(\nu_{1}%
	\nu_{2}}...\eta^{\nu_{s-1}\nu_{s})}F_{\mu_{1}\nu_{1}...\mu_{s}\nu_{s}}\end{equation}"
	([[OPEN]] ν[[UNKNOWN]] _{1}[[POSTSUBSCRIPT]] ν[[UNKNOWN]] _{2}[[POSTSUBSCRIPT]]
	        > 
Warning:not_parsed:POSTSUBSCRIPT.UNKNOWN.POSTSUBSCRIPT>CLOSE MathParser failed to match rule 'Superscript'
	at 0303036.tex; line 2006 col 97 - line 2006 col 97
	ν[[UNKNOWN]] _{s-1}[[POSTSUBSCRIPT]] ν[[UNKNOWN]] _{s}[[POSTSUBSCRIPT]]
	        > )[[CLOSE]]
Warning:not_parsed:POSTSUBSCRIPT.UNKNOWN.POSTSUBSCRIPT> MathParser failed to match rule 'Subscript'
	at 0303036.tex; line 2015 col 98 - line 2015 col 98
	In "\begin{equation}{({\eta^{n}\cdot\tau^{n}{\cal{G}}})}_{\mu_{1}...\mu_{s}}\;\;:=%
	\;\;g_{s,n}\,\eta_{(\mu_{1}\mu_{2}}...\eta_{\mu_{2n-1}\mu_{2n}}\,{\cal{G}}^{\{%
	n\}}_{\mu_{2n+1}...\mu_{s})}\end{equation}"
	([[OPEN]] μ[[UNKNOWN]] _{1}[[POSTSUBSCRIPT]] μ[[UNKNOWN]] _{2}[[POSTSUBSCRIPT]]
	        > 
Warning:not_parsed:ID.UNKNOWN.POSTSUBSCRIPT>CLOSE MathParser failed to match rule 'Subscript'
	at 0303036.tex; line 2015 col 0 - line 2015 col 177
	μ[[UNKNOWN]] _{2n+1}[[POSTSUBSCRIPT]] ...[[ID]] μ[[UNKNOWN]] _{s}[[POSTSUBSCRIPT]]
	        > )[[CLOSE]]
Warning:not_parsed:OPEN.UNKNOWN.POSTSUBSCRIPT> MathParser failed to match rule 'Subscript'
	at 0303036.tex; line 2036 col 122 - line 2036 col 122
	In "\begin{equation}\partial^{\mu}{\cal{G}}^{\{n-1\}}_{\mu\mu_{2n}...\mu_{s}}\;\;=%
	\;\;{(s+1-2n)\over(s+2-2n)}\,\partial_{(\mu_{2n}}\,{\cal{G}}^{\{n\}}_{\mu_{2n+%
	1}...\mu_{s})}\end{equation}"
	([[OPEN]] μ[[UNKNOWN]] _{2n}[[POSTSUBSCRIPT]]
	        > 
Warning:not_parsed:ID.UNKNOWN.POSTSUBSCRIPT>CLOSE MathParser failed to match rule 'Subscript'
	at 0303036.tex; line 2036 col 0 - line 2036 col 170
	μ[[UNKNOWN]] _{2n+1}[[POSTSUBSCRIPT]] ...[[ID]] μ[[UNKNOWN]] _{s}[[POSTSUBSCRIPT]]
	        > )[[CLOSE]]
 27.28 sec)
Math parsing succeeded:
   ltx:XMArg: 2799/2871
   ltx:XMath: 968/984
Symbols assumed as simple identifiers (with # of occurences):
   'A{italic}' (73), 'Delta' (2), 'D{caligraphic}' (6), 'D{italic}' (40), 'E{italic}' (35), 'F{italic}' (72), 'Gamma' (4), 'G{caligraphic}' (79), 'G{italic}' (36), 'I{italic}' (29), 'Lambda' (12), 'L{italic}' (17), 'N{italic}' (120), 'O{italic}' (7), 'R{blackboard}' (19), 'R{italic}' (8), 'S{caligraphic}' (12), 'S{italic}' (33), 'T{italic}' (31), 'X{italic}' (70), 'Y{caligraphic}' (17), 'alpha' (22), 'a{italic}' (6), 'beta' (9), 'delta' (18), 'd{italic}' (117), 'eta' (119), 'f{italic}' (19), 'gamma' (18), 'g{italic}' (3), 'h{italic}' (23), 'i{italic}' (354), 'j{italic}' (167), 'k{italic}' (44), 'l{italic}' (4), 'mu' (638), 'm{italic}' (12), 'not-psi' (6), 'nu' (270), 'n{italic}' (123), 'phi' (68), 'pi' (4), 'psi' (45), 'p{italic}' (385), 'q{italic}' (10), 'rho' (174), 'r{italic}' (24), 'sigma' (165), 'square' (69), 's{italic}' (38), 'tau' (162), 't{italic}' (19), 'xi' (28), 'x{italic}' (15), 'zeta' (43)
Set MATHPARSER_SPECULATE to speculate on possible notations.
(Finalizing... 2.25 sec)
Conversion complete 89 warnings (See /home/user/latex-in-arxiv/0303036.latexml.log) (reqd. 54.08s)
