latexml (LaTeXML version 0.8.6) processing 2003/0303248.tex
(Digesting TeX 0303248...
(Loading /usr/share/perl5/LaTeXML/Package/TeX.pool.ltxml...
(Loading /usr/share/perl5/LaTeXML/Package/eTeX.pool.ltxml... 0.00 sec)
(Loading /usr/share/perl5/LaTeXML/Package/pdfTeX.pool.ltxml... 0.01 sec) 0.11 sec)
(Processing content /home/user/latex-in-arxiv/2003/0303248.tex...
(Loading /usr/share/perl5/LaTeXML/Package/LaTeX.pool.ltxml...
(Loading /usr/share/perl5/LaTeXML/Package/textcomp.sty.ltxml...
(Processing definitions /usr/share/texlive/texmf-dist/tex/latex-dev/base/ts1enc.dfu... 0.02 sec) 0.85 sec) 1.01 sec)
(Loading /usr/share/perl5/LaTeXML/Package/article.cls.ltxml... 0.01 sec)
(Loading /usr/share/perl5/LaTeXML/Package/amssymb.sty.ltxml...
(Loading /usr/share/perl5/LaTeXML/Package/amsfonts.sty.ltxml... 0.00 sec) 0.01 sec)
(Loading /usr/share/perl5/LaTeXML/Package/amsmath.sty.ltxml...
(Loading /usr/share/perl5/LaTeXML/Package/amsbsy.sty.ltxml...
(Loading /usr/share/perl5/LaTeXML/Package/amsgen.sty.ltxml... 0.00 sec) 0.01 sec)
(Loading /usr/share/perl5/LaTeXML/Package/amstext.sty.ltxml... 0.00 sec)
(Loading /usr/share/perl5/LaTeXML/Package/amsopn.sty.ltxml... 0.00 sec) 0.03 sec) 2.50 sec) 2.62 sec)
(Building...
(Loading compiled schema /usr/share/perl5/LaTeXML/resources/RelaxNG/LaTeXML.model... 0.01 sec) 1.33 sec)
(Rewriting... 0.02 sec)
(Math Parsing 91 formulae ...... 1.24 sec)
Math parsing succeeded:
   ltx:XMArg: 174/174
   ltx:XMath: 91/91
Symbols assumed as simple identifiers (with # of occurences):
   'B{bold}' (20), 'B{italic}' (10), 'C{caligraphic}' (1), 'D{bold}' (9), 'D{italic}' (5), 'E{bold}' (13), 'E{caligraphic}' (3), 'E{italic}' (3), 'F{italic}' (5), 'Gamma' (8), 'H{bold}' (2), 'H{caligraphic}' (3), 'H{italic}' (1), 'I{italic}' (4), 'J{italic}' (4), 'L{caligraphic}' (4), 'O{italic}' (1), 'R{blackboard}' (5), 'S{blackboard}' (5), 'S{italic}' (2), 'T{italic}' (8), '`' (1), 'alpha' (1), 'a{italic}' (1), 'beta' (1), 'const' (1), 'c{italic}' (1), 'd{italic}' (26), 'epsilon' (2), 'e{italic}' (1), 'f{italic}' (3), 'gamma' (26), 'g{italic}' (13), 'i{italic}' (6), 'j{italic}' (4), 'k{italic}' (4), 'l{italic}' (1), 'm{italic}' (12), 'n{italic}' (8), 'o{italic}' (1), 'pi' (13), 'p{italic}' (2), 'q{italic}' (2), 'r{italic}' (12), 'sigma' (2), 's{italic}' (2), 'theta' (21), 't{italic}' (8), 'varepsilon' (3), 'varphi' (9), 'x{italic}' (4), 'z{italic}' (13)
Set MATHPARSER_SPECULATE to speculate on possible notations.
(Finalizing... 0.13 sec)
Conversion complete No obvious problems (reqd. 5.56s)
