latexml (LaTeXML version 0.8.6) processing 2003/0303235.tex
(Digesting TeX 0303235...
(Loading /usr/share/perl5/LaTeXML/Package/TeX.pool.ltxml...
(Loading /usr/share/perl5/LaTeXML/Package/eTeX.pool.ltxml... 0.00 sec)
(Loading /usr/share/perl5/LaTeXML/Package/pdfTeX.pool.ltxml... 0.01 sec) 0.11 sec)
(Processing content /home/user/latex-in-arxiv/2003/0303235.tex...
(Loading /usr/share/perl5/LaTeXML/Package/LaTeX.pool.ltxml...
(Loading /usr/share/perl5/LaTeXML/Package/textcomp.sty.ltxml...
(Processing definitions /usr/share/texlive/texmf-dist/tex/latex-dev/base/ts1enc.dfu... 0.02 sec) 0.85 sec) 1.00 sec)
Info:unexpected:\documentstyle Entering LaTeX 2.09 Compatibility mode
	at 0303235.tex; line 2 col 0 - line 2 col 36
(Loading /usr/share/perl5/LaTeXML/Package/article.cls.ltxml... 0.01 sec)
(Loading /usr/share/perl5/LaTeXML/Package/epsfig.sty.ltxml...
(Loading /usr/share/perl5/LaTeXML/Package/graphicx.sty.ltxml...
(Loading /usr/share/perl5/LaTeXML/Package/graphics.sty.ltxml... 0.01 sec) 0.01 sec) 0.02 sec) 2.66 sec) 2.78 sec)
(Building...
(Loading compiled schema /usr/share/perl5/LaTeXML/resources/RelaxNG/LaTeXML.model... 0.01 sec)
Info:malformed:id Duplicated attribute xml:id
	at 0303235.tex; line 381 col 2 - line 381 col 2
	Using id='S0.E11a' on <ltx:XMRow _box="Alignment[]" _font="Font[math,medium,italic,10,bla..."/>
	id='S0.E11' already set on <ltx:equation _box="LaTeXML::Core::Alignment=HASH(..." _font="Font[serif,medium,upright,10,b..." xml:id="S0.E11" _ID_counter_m_="1">...
 2.18 sec)
(Rewriting... 0.06 sec)
(Math Parsing 148 formulae ......
Warning:not_parsed:UNKNOWN.POSTSUPERSCRIPT.CLOSE>POSTSUPERSCRIPT MathParser failed to match rule 'Anything'
	at 0303235.tex; line 186 col 3 - line 186 col 3
	In "$\displaystyle e^{2\phi}=g_{\rm st}^{2}\left(1+a^{4}u^{4}\right)^{-1}\qquad%
	\qquad G_{0123u}={1\over g_{\rm st}}\partial_{u}\left({\ell^{4}_{\rm st}\over R%
	^{4}}u^{4}\right)\left(1+a^{4}u^{4}\right)^{-1}\@@ENDINLINEMATH"
	e[[UNKNOWN]] ^{2\phi}[[POSTSUPERSCRIPT]] =[[RELOP]] g[[UNKNOWN]] _{\rmst}[[POSTSUBSCRIPT]] ^{2}[[POSTSUPERSCRIPT]] \left([[OPEN]] 1[[NUMBER]] +[[ADDOP]] a[[UNKNOWN]] ^{4}[[POSTSUPERSCRIPT]] u[[UNKNOWN]] ^{4}[[POSTSUPERSCRIPT]] \right)[[CLOSE]] ^{-1}[[POSTSUPERSCRIPT]] $\displaystylee^{2\phi}=g_{\rmst}^{2}\left(1+a^{4}u^{4}\right)^{-1}\qquad\qquadG_{0123u}={1\overg_{\rmst}}\partial_{u}\left({\ell^{4}_{\rmst}\overR^{4}}u^{4}\right)\left(1+a^{4}u^{4}\right)^{-1}\@@ENDINLINEMATH[[PUNCT]] G[[UNKNOWN]] _{0123u}[[POSTSUBSCRIPT]] =[[RELOP]] 1\overg_{\rmst}[[UNKNOWN]] ∂[[OPERATOR]] _{u}[[POSTSUBSCRIPT]] \left([[OPEN]] \ell^{4}_{\rmst}\overR^{4}[[UNKNOWN]] u[[UNKNOWN]] ^{4}[[POSTSUPERSCRIPT]] \right)[[CLOSE]] \left([[OPEN]] 1[[NUMBER]] +[[ADDOP]] a[[UNKNOWN]] ^{4}[[POSTSUPERSCRIPT]] u[[UNKNOWN]] ^{4}[[POSTSUPERSCRIPT]] \right)[[CLOSE]]
	        > ^{-1}[[POSTSUPERSCRIPT]]
Warning:not_parsed:UNKNOWN.POSTSUPERSCRIPT.CLOSE>POSTSUPERSCRIPT MathParser failed to match rule 'Anything'
	at 0303235.tex; line 186 col 18 - line 193 col 3
	In "$\displaystyle g_{\rm st}^{2}\left(1+a^{4}u^{4}\right)^{-1}\qquad\qquad G_{012%
	3u}={1\over g_{\rm st}}\partial_{u}\left({\ell^{4}_{\rm st}\over R^{4}}u^{4}%
	\right)\left(1+a^{4}u^{4}\right)^{-1}$"
	g[[UNKNOWN]] _{\rmst}[[POSTSUBSCRIPT]] ^{2}[[POSTSUPERSCRIPT]] \left([[OPEN]] 1[[NUMBER]] +[[ADDOP]] a[[UNKNOWN]] ^{4}[[POSTSUPERSCRIPT]] u[[UNKNOWN]] ^{4}[[POSTSUPERSCRIPT]] \right)[[CLOSE]] ^{-1}[[POSTSUPERSCRIPT]] $\displaystyleg_{\rmst}^{2}\left(1+a^{4}u^{4}\right)^{-1}\qquad\qquadG_{0123u}={1\overg_{\rmst}}\partial_{u}\left({\ell^{4}_{\rmst}\overR^{4}}u^{4}\right)\left(1+a^{4}u^{4}\right)^{-1}$[[PUNCT]] G[[UNKNOWN]] _{0123u}[[POSTSUBSCRIPT]] =[[RELOP]] 1\overg_{\rmst}[[UNKNOWN]] ∂[[OPERATOR]] _{u}[[POSTSUBSCRIPT]] \left([[OPEN]] \ell^{4}_{\rmst}\overR^{4}[[UNKNOWN]] u[[UNKNOWN]] ^{4}[[POSTSUPERSCRIPT]] \right)[[CLOSE]] \left([[OPEN]] 1[[NUMBER]] +[[ADDOP]] a[[UNKNOWN]] ^{4}[[POSTSUPERSCRIPT]] u[[UNKNOWN]] ^{4}[[POSTSUPERSCRIPT]] \right)[[CLOSE]]
	        > ^{-1}[[POSTSUPERSCRIPT]]
 3.51 sec)
Math parsing succeeded:
   ltx:XMWrap: 2/2
   ltx:XMath: 146/148
   ltx:XMArg: 675/675
Symbols assumed as simple identifiers (with # of occurences):
   'A{caligraphic}' (13), 'A{italic}' (3), 'B{italic}' (2), 'C{italic}' (12), 'F{italic}' (2), 'Gamma' (12), 'G{italic}' (4), 'H{italic}' (2), 'K{caligraphic}' (6), 'K{italic}' (3), 'M{italic}' (1), 'N{caligraphic}' (2), 'N{italic}' (6), 'Omega' (9), 'O{caligraphic}' (4), 'Psi' (11), 'R{italic}' (40), 'S{italic}' (3), 'Theta' (29), 'a{italic}' (16), 'b{italic}' (1), 'c{italic}' (1), 'd' (5), 'd{bold}' (2), 'd{italic}' (15), 'ell' (46), 'e{italic}' (11), 'for' (2), 'f{italic}' (7), 'g{italic}' (26), 'h{italic}' (10), 'i{italic}' (7), 'mu' (2), 'm{italic}' (2), 'nu' (2), 'n{italic}' (2), 'phi' (3), 'pi' (2), 'psi' (6), 'p{bold}' (69), 's{italic}' (12), 'theta' (13), 't{italic}' (2), 'u{italic}' (134), 'where' (2), 'x{italic}' (14)
Set MATHPARSER_SPECULATE to speculate on possible notations.
(Finalizing... 0.41 sec)
Conversion complete 2 warnings (See /home/user/latex-in-arxiv/0303235.latexml.log) (reqd. 9.24s)
