latexml (LaTeXML version 0.8.6) processing 2003/0303170.tex
(Digesting TeX 0303170...
(Loading /usr/share/perl5/LaTeXML/Package/TeX.pool.ltxml...
(Loading /usr/share/perl5/LaTeXML/Package/eTeX.pool.ltxml... 0.01 sec)
(Loading /usr/share/perl5/LaTeXML/Package/pdfTeX.pool.ltxml... 0.02 sec) 0.30 sec)
(Processing content /home/user/latex-in-arxiv/2003/0303170.tex...
(Loading /usr/share/perl5/LaTeXML/Package/LaTeX.pool.ltxml...
(Loading /usr/share/perl5/LaTeXML/Package/textcomp.sty.ltxml...
(Processing definitions /usr/share/texlive/texmf-dist/tex/latex-dev/base/ts1enc.dfu... 0.06 sec) 2.09 sec) 2.51 sec)
(Loading /usr/share/perl5/LaTeXML/Package/JHEP3.cls.ltxml...
(Loading /usr/share/perl5/LaTeXML/Package/JHEP.cls.ltxml...
(Loading /usr/share/perl5/LaTeXML/Package/article.cls.ltxml... 0.02 sec)
(Loading /usr/share/perl5/LaTeXML/Package/amssymb.sty.ltxml...
(Loading /usr/share/perl5/LaTeXML/Package/amsfonts.sty.ltxml... 0.00 sec) 0.04 sec)
(Loading /usr/share/perl5/LaTeXML/Package/floatflt.sty.ltxml... 0.02 sec) 0.14 sec) 0.14 sec)
(Loading /usr/share/perl5/LaTeXML/Package/epsfig.sty.ltxml...
(Loading /usr/share/perl5/LaTeXML/Package/graphicx.sty.ltxml...
(Loading /usr/share/perl5/LaTeXML/Package/graphics.sty.ltxml... 0.01 sec) 0.03 sec) 0.07 sec) 19.48 sec) 19.89 sec)
(Building...
(Loading compiled schema /usr/share/perl5/LaTeXML/resources/RelaxNG/LaTeXML.model... 0.01 sec)
Info:malformed:id Duplicated attribute xml:id
	at 0303170.tex; line 618 col 22 - line 618 col 22
	Using id='S2.E29a' on <ltx:XMRow _box="Alignment[]" _font="Font[math,medium,italic,10,bla..."/>
	id='S2.E29' already set on <ltx:equation _box="LaTeXML::Core::Alignment=HASH(..." _font="Font[serif,medium,upright,10,b..." xml:id="S2.E29" _ID_counter_m_="3">...
 18.37 sec)
(Rewriting... 0.52 sec)
(Math Parsing 743 formulae ......
Warning:not_parsed:ATOM.RELOP.ATOM>PUNCT MathParser failed to match rule 'Anything'
	at 0303170.tex; line 534 col 8 - line 534 col 8
	In "$\displaystyle\rho_{r}=\frac{p_{r}}{m}=\frac{\dot{r}}{h^{\eta-\omega}\,\sqrt{1%
	-h^{\omega}\,(\dot{r}^{2}+r^{2}\dot{\theta}^{2})}}\,,=\frac{\dot{r}}{h^{\eta-%
	\omega}}\;\left(\frac{1+\ell^{2}\,h^{2\eta-\omega}/r^{2}}{1-h^{\omega}\,\dot{r%
	}^{2}}\right)^{1/2}\,.\@@ENDINLINEMATH"
	ρ[[UNKNOWN]] _{r}[[POSTSUBSCRIPT]] =[[RELOP]] \frac{p_{r}}{m}[[UNKNOWN]] =[[RELOP]] \frac{\dot{r}}{h^{\eta-\omega}\,\sqrt{1-h^{\omega}\,(\dot{r}^{2}+r^{2}\dot{\theta}^{2})}}[[UNKNOWN]]
	        > ,[[PUNCT]] =[[RELOP]] \frac{\dot{r}}{h^{\eta-\omega}}[[UNKNOWN]] \left([[OPEN]] \frac{1+\ell^{2}\,h^{2\eta-\omega}/r^{2}}{1-h^{\omega}\,\dot{r}^{2}}[[UNKNOWN]] \right)[[CLOSE]] ^{1/2}[[POSTSUPERSCRIPT]]
Warning:not_parsed:INTOP.UNKNOWN.UNKNOWN>OPEN MathParser failed to match rule 'Anything'
	at 0303170.tex; line 829 col 11 - line 832 col 5
	In "$\displaystyle T_{p}V_{p}\,\int dt\left\{\left[(\eta-\hat{q})\,\frac{k}{r^{%
	\tilde{d}}}+\frac{v^{2}}{2}\right]\right.$"
	T[[UNKNOWN]] _{p}[[POSTSUBSCRIPT]] V[[UNKNOWN]] _{p}[[POSTSUBSCRIPT]] ∫[[INTOP]] d[[UNKNOWN]] t[[UNKNOWN]]
	        > \left\{[[OPEN]] \left[[[OPEN]] ([[OPEN]] η[[UNKNOWN]] -[[ADDOP]] \hat{q}[[UNKNOWN]] )[[CLOSE]] \frac{k}{r^{\tilde{d}}}[[UNKNOWN]] +[[ADDOP]] \frac{v^{2}}{2}[[UNKNOWN]] \right][[CLOSE]]
Warning:not_parsed:CLOSE.ADDOP.ID>CLOSE MathParser failed to match rule 'Anything'
	at 0303170.tex; line 832 col 13 - line 836 col 4
	In "$\displaystyle\qquad\qquad\left.+\left[\left(\hat{q}-\,\frac{\eta\,(\eta+1)}{2%
	}\right)\left(\frac{k}{r^{\tilde{d}}}\right)^{2}+(\omega-\eta)\,\frac{k\,v^{2}%
	}{r^{\tilde{d}}}+\,\frac{v^{4}}{8}\right]+\cdots\right\}\,.$"
	+[[ADDOP]] \left[[[OPEN]] \left([[OPEN]] \hat{q}[[UNKNOWN]] -[[ADDOP]] \frac{\eta\,(\eta+1)}{2}[[UNKNOWN]] \right)[[CLOSE]] \left([[OPEN]] \frac{k}{r^{\tilde{d}}}[[UNKNOWN]] \right)[[CLOSE]] ^{2}[[POSTSUPERSCRIPT]] +[[ADDOP]] ([[OPEN]] ω[[UNKNOWN]] -[[ADDOP]] η[[UNKNOWN]] )[[CLOSE]] \frac{k\,v^{2}}{r^{\tilde{d}}}[[UNKNOWN]] +[[ADDOP]] \frac{v^{4}}{8}[[UNKNOWN]] \right][[CLOSE]] +[[ADDOP]] ⋯[[ID]]
	        > \right\}[[CLOSE]]
Warning:not_parsed:>FLOATSUPERSCRIPT MathParser failed to match rule 'Superscript'
	at 0303170.tex; line 1255 col 28 - line 1255 col 28
	In "$\displaystyle S_{D^{\prime}}=-\int d^{D^{\prime}}x\,\sqrt{-g_{D^{\prime}}}\,%
	\left[{\textstyle\frac{1}{2}}\,R_{D^{\prime}}+{\textstyle\frac{1}{2}}\,(%
	\partial\phi)^{2}+{\textstyle\frac{1}{2}}\,(\partial\varphi)^{2}+{\textstyle%
	\frac{1}{4}}\,e^{-2(D^{\prime}-1)\hat{a}\varphi}\,{\cal B}_{[2]}^{2}\right.%
	\qquad\left.+\frac{1}{2n!}\,e^{-2(n-1)\hat{a}\varphi+\alpha\,\phi}G^{{}^{%
	\prime}2}_{[n]}-\frac{1}{2(n-1)!}\,e^{2(D^{\prime}-n)\hat{a}\varphi+\alpha\,%
	\phi}\,G^{2}_{[n-1]}\right]\,,\@@ENDINLINEMATH"
	> {}^{\prime}[[FLOATSUPERSCRIPT]] 2[[NUMBER]]
Warning:not_parsed:POSTSUPERSCRIPT.UNKNOWN.ATOM>OPEN MathParser failed to match rule 'Anything'
	at 0303170.tex; line 1250 col 16 - line 1254 col 5
	In "$\displaystyle-\int d^{D^{\prime}}x\,\sqrt{-g_{D^{\prime}}}\,\left[{\textstyle%
	\frac{1}{2}}\,R_{D^{\prime}}+{\textstyle\frac{1}{2}}\,(\partial\phi)^{2}+{%
	\textstyle\frac{1}{2}}\,(\partial\varphi)^{2}+{\textstyle\frac{1}{4}}\,e^{-2(D%
	^{\prime}-1)\hat{a}\varphi}\,{\cal B}_{[2]}^{2}\right.$"
	-[[ADDOP]] ∫[[INTOP]] d[[UNKNOWN]] ^{D^{\prime}}[[POSTSUPERSCRIPT]] x[[UNKNOWN]] \sqrt{-g_{D^{\prime}}}[[UNKNOWN]]
	        > \left[[[OPEN]] \frac{1}{2}[[UNKNOWN]] R[[UNKNOWN]] _{D^{\prime}}[[POSTSUBSCRIPT]] +[[ADDOP]] \frac{1}{2}[[UNKNOWN]] ([[OPEN]] ∂[[OPERATOR]] ϕ[[UNKNOWN]] )[[CLOSE]] ^{2}[[POSTSUPERSCRIPT]] +[[ADDOP]] \frac{1}{2}[[UNKNOWN]] ([[OPEN]] ∂[[OPERATOR]] φ[[UNKNOWN]] )[[CLOSE]] ^{2}[[POSTSUPERSCRIPT]] +[[ADDOP]] \frac{1}{4}[[UNKNOWN]] e[[UNKNOWN]] ^{-2(D^{\prime}-1)\hat{a}\varphi}[[POSTSUPERSCRIPT]] B[[UNKNOWN]] _{[2]}[[POSTSUBSCRIPT]] ^{2}[[POSTSUPERSCRIPT]]
Warning:not_parsed:>FLOATSUPERSCRIPT MathParser failed to match rule 'Superscript'
	at 0303170.tex; line 1255 col 28 - line 1255 col 28
	In "$\displaystyle\qquad\left.+\frac{1}{2n!}\,e^{-2(n-1)\hat{a}\varphi+\alpha\,%
	\phi}G^{{}^{\prime}2}_{[n]}-\frac{1}{2(n-1)!}\,e^{2(D^{\prime}-n)\hat{a}%
	\varphi+\alpha\,\phi}\,G^{2}_{[n-1]}\right]\,,$"
	> {}^{\prime}[[FLOATSUPERSCRIPT]] 2[[NUMBER]]
Warning:not_parsed:UNKNOWN.POSTSUPERSCRIPT.POSTSUBSCRIPT>CLOSE MathParser failed to match rule 'Anything'
	at 0303170.tex; line 1254 col 13 - line 1258 col 4
	+[[ADDOP]] \frac{1}{2n!}[[UNKNOWN]] e[[UNKNOWN]] ^{-2(n-1)\hat{a}\varphi+\alpha\,\phi}[[POSTSUPERSCRIPT]] G[[UNKNOWN]] ^{{}^{\prime}2}[[POSTSUPERSCRIPT]] _{[n]}[[POSTSUBSCRIPT]] -[[ADDOP]] \frac{1}{2(n-1)!}[[UNKNOWN]] e[[UNKNOWN]] ^{2(D^{\prime}-n)\hat{a}\varphi+\alpha\,\phi}[[POSTSUPERSCRIPT]] G[[UNKNOWN]] ^{2}[[POSTSUPERSCRIPT]] _{[n-1]}[[POSTSUBSCRIPT]]
	        > \right][[CLOSE]]
Warning:not_parsed:>PUNCT MathParser failed to match rule 'Subscript'
	at 0303170.tex; line 2110 col 23 - line 2110 col 23
	In "$\displaystyle\langle\,T_{\mu\nu}\rangle=\frac{1}{1440\pi^{2}}\left[aR_{;\mu%
	\nu}-ag_{\mu\nu}{\Box}R+\left(a-\frac{b}{3}\right)RR_{\mu\nu}\right.\qquad+%
	\left.\left(-\frac{a}{4}+\frac{b}{8}\right)g_{\mu\nu}R^{2}+\frac{b}{2}R_{\mu%
	\alpha}R_{\nu}^{\alpha}-\frac{b}{4}g_{\mu\nu}R_{\alpha\beta}R^{\alpha\beta}%
	\right]\,.\@@ENDINLINEMATH"
	> ;[[PUNCT]] μ[[UNKNOWN]] ν[[UNKNOWN]]
Warning:not_parsed:>PUNCT MathParser failed to match rule 'Subscript'
	at 0303170.tex; line 2110 col 23 - line 2110 col 23
	In "$\displaystyle\frac{1}{1440\pi^{2}}\left[aR_{;\mu\nu}-ag_{\mu\nu}{\Box}R+\left%
	(a-\frac{b}{3}\right)RR_{\mu\nu}\right.$"
	> ;[[PUNCT]] μ[[UNKNOWN]] ν[[UNKNOWN]]
Warning:not_parsed:ATOM>OPEN MathParser failed to match rule 'Anything'
	at 0303170.tex; line 2109 col 43 - line 2112 col 5
	\frac{1}{1440\pi^{2}}[[UNKNOWN]]
	        > \left[[[OPEN]] a[[UNKNOWN]] R[[UNKNOWN]] _{;\mu\nu}[[POSTSUBSCRIPT]] -[[ADDOP]] a[[UNKNOWN]] g[[UNKNOWN]] _{\mu\nu}[[POSTSUBSCRIPT]] □[[UNKNOWN]] R[[UNKNOWN]] +[[ADDOP]] \left([[OPEN]] a[[UNKNOWN]] -[[ADDOP]] \frac{b}{3}[[UNKNOWN]] \right)[[CLOSE]] R[[UNKNOWN]] R[[UNKNOWN]] _{\mu\nu}[[POSTSUBSCRIPT]]
Warning:not_parsed:POSTSUBSCRIPT.UNKNOWN.POSTSUPERSCRIPT>CLOSE MathParser failed to match rule 'Anything'
	at 0303170.tex; line 2112 col 12 - line 2116 col 14
	In "$\displaystyle\qquad+\left.\left(-\frac{a}{4}+\frac{b}{8}\right)g_{\mu\nu}R^{2%
	}+\frac{b}{2}R_{\mu\alpha}R_{\nu}^{\alpha}-\frac{b}{4}g_{\mu\nu}R_{\alpha\beta%
	}R^{\alpha\beta}\right]\,.$"
	+[[ADDOP]] \left([[OPEN]] -[[ADDOP]] \frac{a}{4}[[UNKNOWN]] +[[ADDOP]] \frac{b}{8}[[UNKNOWN]] \right)[[CLOSE]] g[[UNKNOWN]] _{\mu\nu}[[POSTSUBSCRIPT]] R[[UNKNOWN]] ^{2}[[POSTSUPERSCRIPT]] +[[ADDOP]] \frac{b}{2}[[UNKNOWN]] R[[UNKNOWN]] _{\mu\alpha}[[POSTSUBSCRIPT]] R[[UNKNOWN]] _{\nu}[[POSTSUBSCRIPT]] ^{\alpha}[[POSTSUPERSCRIPT]] -[[ADDOP]] \frac{b}{4}[[UNKNOWN]] g[[UNKNOWN]] _{\mu\nu}[[POSTSUBSCRIPT]] R[[UNKNOWN]] _{\alpha\beta}[[POSTSUBSCRIPT]] R[[UNKNOWN]] ^{\alpha\beta}[[POSTSUPERSCRIPT]]
	        > \right][[CLOSE]]
 36.53 sec)
Math parsing succeeded:
   ltx:XMArg: 2038/2042
   ltx:XMath: 780/787
   ltx:XMWrap: 6/10
Symbols assumed as simple identifiers (with # of occurences):
   'A{bold}' (3), 'A{caligraphic}' (2), 'A{italic}' (32), 'Box' (3), 'B{caligraphic}' (12), 'B{italic}' (31), 'C{caligraphic}' (1), 'C{italic}' (4), 'Delta' (16), 'D{italic}' (71), 'E{italic}' (46), 'F{caligraphic}' (5), 'F{italic}' (7), 'Gamma' (1), 'G{italic}' (11), 'H{caligraphic}' (2), 'I{italic}' (2), 'K{italic}' (7), 'Lambda' (3), 'L{bold}' (5), 'L{caligraphic}' (1), 'L{italic}' (13), 'M{italic}' (16), 'N{caligraphic}' (3), 'N{italic}' (30), 'Omega' (22), 'O{italic}' (2), 'Psi' (10), 'P{caligraphic}' (2), 'P{italic}' (10), 'R{italic}' (46), 'S{italic}' (14), 'T{italic}' (27), 'V{italic}' (48), 'W{italic}' (1), 'Z{italic}' (1), 'alpha' (56), 'a{italic}' (40), 'beta' (8), 'b{italic}' (4), 'c{italic}' (9), 'delta' (24), 'd{italic}' (97), 'ell' (38), 'eta' (40), 'e{italic}' (54), 'f{italic}' (11), 'gamma' (5), 'g{italic}' (64), 'h{italic}' (100), 'i{italic}' (23), 'j{italic}' (19), 'kappa' (24), 'k{italic}' (100), 'lambda' (8), 'l{italic}' (32), 'mu' (31), 'm{italic}' (59), 'nu' (25), 'n{italic}' (73), 'omega' (34), 'phi' (33), 'pi' (36), 'psi' (7), 'p{bold}' (4), 'p{italic}' (58), 'q{italic}' (49), 'rho' (27), 'r{italic}' (156), 's{italic}' (8), 'tau' (1), 'theta' (11), 't{italic}' (41), 'u{italic}' (9), 'varepsilon' (63), 'varphi' (17), 'v{italic}' (34), 'xi' (15), 'x{bold}' (9), 'x{italic}' (39), 'y{bold}' (4), 'y{italic}' (59), 'zeta' (8), 'z{italic}' (3)
Set MATHPARSER_SPECULATE to speculate on possible notations.
(Finalizing... 3.33 sec)
Conversion complete 11 warnings (See /home/user/latex-in-arxiv/0303170.latexml.log) (reqd. 1m 20.71s)
