latexml (LaTeXML version 0.8.6) processing 2003/0303225.tex
(Digesting TeX 0303225...
(Loading /usr/share/perl5/LaTeXML/Package/TeX.pool.ltxml...
(Loading /usr/share/perl5/LaTeXML/Package/eTeX.pool.ltxml... 0.00 sec)
(Loading /usr/share/perl5/LaTeXML/Package/pdfTeX.pool.ltxml... 0.01 sec) 0.11 sec)
(Processing content /home/user/latex-in-arxiv/2003/0303225.tex...
(Loading /usr/share/perl5/LaTeXML/Package/LaTeX.pool.ltxml...
(Loading /usr/share/perl5/LaTeXML/Package/textcomp.sty.ltxml...
(Processing definitions /usr/share/texlive/texmf-dist/tex/latex-dev/base/ts1enc.dfu... 0.02 sec) 0.84 sec) 1.00 sec)
(Loading /usr/share/perl5/LaTeXML/Package/JHEP3.cls.ltxml...
(Loading /usr/share/perl5/LaTeXML/Package/JHEP.cls.ltxml...
(Loading /usr/share/perl5/LaTeXML/Package/article.cls.ltxml... 0.01 sec)
(Loading /usr/share/perl5/LaTeXML/Package/amssymb.sty.ltxml...
(Loading /usr/share/perl5/LaTeXML/Package/amsfonts.sty.ltxml... 0.00 sec) 0.01 sec)
(Loading /usr/share/perl5/LaTeXML/Package/floatflt.sty.ltxml... 0.01 sec) 0.05 sec) 0.05 sec)
(Loading /usr/share/perl5/LaTeXML/Package/amsmath.sty.ltxml...
(Loading /usr/share/perl5/LaTeXML/Package/amsbsy.sty.ltxml...
(Loading /usr/share/perl5/LaTeXML/Package/amsgen.sty.ltxml... 0.00 sec) 0.01 sec)
(Loading /usr/share/perl5/LaTeXML/Package/amstext.sty.ltxml... 0.00 sec)
(Loading /usr/share/perl5/LaTeXML/Package/amsopn.sty.ltxml... 0.00 sec) 0.03 sec)
(Loading /usr/share/perl5/LaTeXML/Package/inputenc.sty.ltxml...
(Processing definitions /usr/share/texlive/texmf-dist/tex/latex-dev/base/latin1.def... 0.03 sec) 0.03 sec)
(Loading /usr/share/perl5/LaTeXML/Package/bbm.sty.ltxml... 0.00 sec) 2.80 sec) 2.92 sec)
(Building...
(Loading compiled schema /usr/share/perl5/LaTeXML/resources/RelaxNG/LaTeXML.model... 0.01 sec) 2.06 sec)
(Rewriting... 0.06 sec)
(Math Parsing 136 formulae ...... 4.97 sec)
Math parsing succeeded:
   ltx:XMArg: 603/603
   ltx:XMWrap: 1/1
   ltx:XMath: 136/136
Symbols assumed as simple identifiers (with # of occurences):
   'A{italic}' (20), 'B{caligraphic}' (21), 'Delta' (34), 'D{italic}' (2), 'E{italic}' (1), 'F{italic}' (2), 'G{italic}' (12), 'H{caligraphic}' (7), 'H{italic}' (4), 'K{italic}' (5), 'Lambda' (8), 'L{italic}' (8), 'M{caligraphic}' (21), 'Omega' (2), 'Q{italic}' (20), 'R{blackboard}' (2), 'R{italic}' (4), 'S{italic}' (17), 'T{italic}' (12), 'V{italic}' (16), 'X{italic}' (43), 'Z{blackboard}' (6), 'Z{italic}' (1), 'alpha' (6), 'a{italic}' (2), 'b{italic}' (2), 'chi' (5), 'd' (72), 'delta' (26), 'e' (6), 'epsilon' (4), 'gamma' (19), 'g{italic}' (2), 'i' (4), 'ie' (1), 'i{italic}' (2), 'kappa' (2), 'lambda' (8), 'mu' (16), 'nu' (16), 'phi' (7), 'pi' (15), 'q{bold}' (14), 'q{italic}' (30), 'rho' (25), 'r{italic}' (12), 'sigma' (4), 's{italic}' (9), 'tau' (2), 't{italic}' (23), 'u{italic}' (36), 'v{italic}' (25), 'xi' (2), 'x{italic}' (36), 'z{italic}' (20)
Set MATHPARSER_SPECULATE to speculate on possible notations.
(Finalizing... 0.75 sec)
Conversion complete No obvious problems (reqd. 11.25s)
