latexml (LaTeXML version 0.8.6) processing 2003/0303230.tex
(Digesting TeX 0303230...
(Loading /usr/share/perl5/LaTeXML/Package/TeX.pool.ltxml...
(Loading /usr/share/perl5/LaTeXML/Package/eTeX.pool.ltxml... 0.01 sec)
(Loading /usr/share/perl5/LaTeXML/Package/pdfTeX.pool.ltxml... 0.01 sec) 0.18 sec)
(Processing content /home/user/latex-in-arxiv/2003/0303230.tex...
(Loading /usr/share/perl5/LaTeXML/Package/LaTeX.pool.ltxml...
(Loading /usr/share/perl5/LaTeXML/Package/textcomp.sty.ltxml...
(Processing definitions /usr/share/texlive/texmf-dist/tex/latex-dev/base/ts1enc.dfu... 0.03 sec) 1.39 sec) 1.66 sec)
(Loading /usr/share/perl5/LaTeXML/Package/JHEP3.cls.ltxml...
(Loading /usr/share/perl5/LaTeXML/Package/JHEP.cls.ltxml...
(Loading /usr/share/perl5/LaTeXML/Package/article.cls.ltxml... 0.01 sec)
(Loading /usr/share/perl5/LaTeXML/Package/amssymb.sty.ltxml...
(Loading /usr/share/perl5/LaTeXML/Package/amsfonts.sty.ltxml... 0.00 sec) 0.03 sec)
(Loading /usr/share/perl5/LaTeXML/Package/floatflt.sty.ltxml... 0.01 sec) 0.08 sec) 0.09 sec)
(Loading /usr/share/perl5/LaTeXML/Package/amsmath.sty.ltxml...
(Loading /usr/share/perl5/LaTeXML/Package/amsbsy.sty.ltxml...
(Loading /usr/share/perl5/LaTeXML/Package/amsgen.sty.ltxml... 0.00 sec) 0.01 sec)
(Loading /usr/share/perl5/LaTeXML/Package/amstext.sty.ltxml... 0.01 sec)
(Loading /usr/share/perl5/LaTeXML/Package/amsopn.sty.ltxml... 0.01 sec) 0.06 sec)
(Loading /usr/share/perl5/LaTeXML/Package/epsfig.sty.ltxml...
(Loading /usr/share/perl5/LaTeXML/Package/graphicx.sty.ltxml...
(Loading /usr/share/perl5/LaTeXML/Package/graphics.sty.ltxml... 0.01 sec) 0.02 sec) 0.04 sec) 5.79 sec) 6.02 sec)
(Building...
(Loading compiled schema /usr/share/perl5/LaTeXML/resources/RelaxNG/LaTeXML.model... 0.01 sec) 5.00 sec)
(Rewriting... 0.09 sec)
(Math Parsing 255 formulae ......
Warning:not_parsed:UNKNOWN>OPEN MathParser failed to match rule 'Anything'
	at 0303230.tex; line 786 col 9 - line 787 col 1
	In "$\displaystyle{\rm tr}~{}(\phi_{AB}\phi_{BD}\phi_{DA}-\phi_{AB}\phi_{BC}\phi_{%
	CA}$"
	tr[[UNKNOWN]]
	        > ([[OPEN]] ϕ[[UNKNOWN]] _{AB}[[POSTSUBSCRIPT]] ϕ[[UNKNOWN]] _{BD}[[POSTSUBSCRIPT]] ϕ[[UNKNOWN]] _{DA}[[POSTSUBSCRIPT]] -[[ADDOP]] ϕ[[UNKNOWN]] _{AB}[[POSTSUBSCRIPT]] ϕ[[UNKNOWN]] _{BC}[[POSTSUBSCRIPT]] ϕ[[UNKNOWN]] _{CA}[[POSTSUBSCRIPT]]
Warning:not_parsed:POSTSUBSCRIPT.UNKNOWN.POSTSUBSCRIPT>CLOSE MathParser failed to match rule 'Anything'
	at 0303230.tex; line 789 col 3 - line 790 col 14
	In "$\displaystyle+\phi_{DC}\phi_{CA}\phi_{AD}-\phi_{DC}\phi_{CB}\phi_{BD})$"
	+[[ADDOP]] ϕ[[UNKNOWN]] _{DC}[[POSTSUBSCRIPT]] ϕ[[UNKNOWN]] _{CA}[[POSTSUBSCRIPT]] ϕ[[UNKNOWN]] _{AD}[[POSTSUBSCRIPT]] -[[ADDOP]] ϕ[[UNKNOWN]] _{DC}[[POSTSUBSCRIPT]] ϕ[[UNKNOWN]] _{CB}[[POSTSUBSCRIPT]] ϕ[[UNKNOWN]] _{BD}[[POSTSUBSCRIPT]]
	        > )[[CLOSE]]
 5.96 sec)
Math parsing succeeded:
   ltx:XMWrap: 1/1
   ltx:XMArg: 459/459
   ltx:XMath: 253/255
Symbols assumed as simple identifiers (with # of occurences):
   'A{italic}' (102), 'B{italic}' (103), 'C{blackboard}' (8), 'C{italic}' (69), 'D{italic}' (53), 'Lambda' (24), 'L{italic}' (1), 'M{italic}' (10), 'N{caligraphic}' (13), 'N{italic}' (108), 'Q{italic}' (5), 'S{italic}' (80), 'U{italic}' (26), 'W{italic}' (24), 'X{italic}' (3), 'Y{italic}' (1), 'Z{blackboard}' (11), 'Z{italic}' (1), 'c{italic}' (3), 'd{italic}' (2), 'e{italic}' (21), 'f{italic}' (34), 'g{italic}' (3), 'i{italic}' (5), 'j{italic}' (1), 'k{italic}' (6), 'lambda' (3), 'm{italic}' (14), 'phi' (180), 'pi' (4), 'q{italic}' (3), 'tau' (23), 'theta' (2), 'tr' (5), 't{italic}' (14), 'u{italic}' (12), 'v{italic}' (11), 'w{italic}' (11)
Set MATHPARSER_SPECULATE to speculate on possible notations.
(Finalizing... 0.61 sec)
Conversion complete 2 warnings (See /home/user/latex-in-arxiv/0303230.latexml.log) (reqd. 18.24s)
