latexml (LaTeXML version 0.8.6) processing 2003/0303079.tex
(Digesting TeX 0303079...
(Loading /usr/share/perl5/LaTeXML/Package/TeX.pool.ltxml...
(Loading /usr/share/perl5/LaTeXML/Package/eTeX.pool.ltxml... 0.00 sec)
(Loading /usr/share/perl5/LaTeXML/Package/pdfTeX.pool.ltxml... 0.01 sec) 0.11 sec)
(Processing content /home/user/latex-in-arxiv/2003/0303079.tex...
(Loading /usr/share/perl5/LaTeXML/Package/LaTeX.pool.ltxml...
(Loading /usr/share/perl5/LaTeXML/Package/textcomp.sty.ltxml...
(Processing definitions /usr/share/texlive/texmf-dist/tex/latex-dev/base/ts1enc.dfu... 0.03 sec) 1.27 sec) 1.43 sec)
(Loading /usr/share/perl5/LaTeXML/Package/article.cls.ltxml... 0.01 sec) 4.88 sec) 5.00 sec)
(Building...
(Loading compiled schema /usr/share/perl5/LaTeXML/resources/RelaxNG/LaTeXML.model... 0.01 sec) 4.54 sec)
(Rewriting... 0.18 sec)
(Math Parsing 182 formulae ......
Warning:not_parsed:OPEN.UNKNOWN> MathParser failed to match rule 'Subscript'
	at 0303079.tex; line 44 col 46 - line 44 col 46
	In "\begin{equation}S_{0}^{L}\left[A_{\alpha(\lambda)},B^{\alpha\beta(\lambda)}%
	\right]=\int d^{4}x\partial_{\left[\alpha\right.}A_{\left.\beta\right](\lambda%
	)}B^{\alpha\beta(\lambda)},\end{equation}"
	\left[[[OPEN]] α[[UNKNOWN]]
	        > 
Warning:not_parsed:UNKNOWN>CLOSE MathParser failed to match rule 'Subscript'
	at 0303079.tex; line 45 col 11 - line 45 col 11
	β[[UNKNOWN]]
	        > \right][[CLOSE]] ([[OPEN]] λ[[UNKNOWN]] )[[CLOSE]]
Warning:not_parsed:OPEN.UNKNOWN> MathParser failed to match rule 'Subscript'
	at 0303079.tex; line 145 col 1 - line 145 col 1
	In "\begin{equation}\delta B_{\alpha\beta(\lambda)}^{*}=-\partial_{\left[\alpha%
	\right.}A_{\left.\beta\right](\lambda)},\;\delta A^{*\alpha(\lambda)}=2%
	\partial_{\beta}B^{\beta\alpha(\lambda)},\end{equation}"
	\left[[[OPEN]] α[[UNKNOWN]]
	        > 
Warning:not_parsed:UNKNOWN>CLOSE MathParser failed to match rule 'Subscript'
	at 0303079.tex; line 145 col 36 - line 145 col 36
	β[[UNKNOWN]]
	        > \right][[CLOSE]] ([[OPEN]] λ[[UNKNOWN]] )[[CLOSE]]
Warning:not_parsed:>OPEN MathParser failed to match rule 'Anything'
	at 0303079.tex; line 172 col 60 - line 172 col 72
	In "$\left(,\right)$"
	> \left([[OPEN]] ,[[PUNCT]] \right)[[CLOSE]]
Warning:not_parsed:OPEN.UNKNOWN> MathParser failed to match rule 'Subscript'
	at 0303079.tex; line 230 col 52 - line 230 col 52
	In "$F_{\alpha\beta(\lambda)}\equiv\partial_{\left[\alpha\right.}A_{\left.\beta%
	\right](\lambda)}$"
	\left[[[OPEN]] α[[UNKNOWN]]
	        > 
Warning:not_parsed:UNKNOWN>CLOSE MathParser failed to match rule 'Subscript'
	at 0303079.tex; line 231 col 11 - line 231 col 11
	β[[UNKNOWN]]
	        > \right][[CLOSE]] ([[OPEN]] λ[[UNKNOWN]] )[[CLOSE]]
Warning:not_parsed:POSTSUPERSCRIPT.ADDOP.UNKNOWN>OPEN MathParser failed to match rule 'Anything'
	at 0303079.tex; line 344 col 7 - line 344 col 7
	In "$\displaystyle\frac{1}{2}\Delta=\partial_{\mu}t^{\mu}+\xi\left(\varepsilon^{%
	\lambda\mu\nu\rho}\left(\frac{1}{3}C_{(\lambda)}^{*}C_{(\rho)}+\eta_{(\lambda)%
	}^{*}\eta_{(\rho)}+B_{\gamma\delta(\lambda)}^{*}B_{\;\;\;(\rho)}^{\gamma\delta%
	}\right)C_{(\mu)}C_{(\nu)}+\right.\@@ENDINLINEMATH"
	\frac{1}{2}[[UNKNOWN]] Δ[[UNKNOWN]] =[[RELOP]] ∂[[OPERATOR]] _{\mu}[[POSTSUBSCRIPT]] t[[UNKNOWN]] ^{\mu}[[POSTSUPERSCRIPT]] +[[ADDOP]] ξ[[UNKNOWN]]
	        > \left([[OPEN]] ε[[UNKNOWN]] ^{\lambda\mu\nu\rho}[[POSTSUPERSCRIPT]] \left([[OPEN]] \frac{1}{3}[[UNKNOWN]] C[[UNKNOWN]] _{(\lambda)}[[POSTSUBSCRIPT]] ^{*}[[POSTSUPERSCRIPT]] C[[UNKNOWN]] _{(\rho)}[[POSTSUBSCRIPT]] +[[ADDOP]] η[[UNKNOWN]] _{(\lambda)}[[POSTSUBSCRIPT]] ^{*}[[POSTSUPERSCRIPT]] η[[UNKNOWN]] _{(\rho)}[[POSTSUBSCRIPT]] +[[ADDOP]] B[[UNKNOWN]] _{\gamma\delta(\lambda)}[[POSTSUBSCRIPT]] ^{*}[[POSTSUPERSCRIPT]] B[[UNKNOWN]] _{\;\;\;(\rho)}[[POSTSUBSCRIPT]] ^{\gamma\delta}[[POSTSUPERSCRIPT]] \right)[[CLOSE]] C[[UNKNOWN]] _{(\mu)}[[POSTSUBSCRIPT]] C[[UNKNOWN]] _{(\nu)}[[POSTSUBSCRIPT]] +[[ADDOP]]
Warning:not_parsed:POSTSUPERSCRIPT.ADDOP.UNKNOWN>OPEN MathParser failed to match rule 'Anything'
	at 0303079.tex; line 344 col 7 - line 349 col 1
	In "$\displaystyle\frac{1}{2}\Delta=\partial_{\mu}t^{\mu}+\xi\left(\varepsilon^{%
	\lambda\mu\nu\rho}\left(\frac{1}{3}C_{(\lambda)}^{*}C_{(\rho)}+\eta_{(\lambda)%
	}^{*}\eta_{(\rho)}+B_{\gamma\delta(\lambda)}^{*}B_{\;\;\;(\rho)}^{\gamma\delta%
	}\right)C_{(\mu)}C_{(\nu)}+\right.$"
	\frac{1}{2}[[UNKNOWN]] Δ[[UNKNOWN]] =[[RELOP]] ∂[[OPERATOR]] _{\mu}[[POSTSUBSCRIPT]] t[[UNKNOWN]] ^{\mu}[[POSTSUPERSCRIPT]] +[[ADDOP]] ξ[[UNKNOWN]]
	        > \left([[OPEN]] ε[[UNKNOWN]] ^{\lambda\mu\nu\rho}[[POSTSUPERSCRIPT]] \left([[OPEN]] \frac{1}{3}[[UNKNOWN]] C[[UNKNOWN]] _{(\lambda)}[[POSTSUBSCRIPT]] ^{*}[[POSTSUPERSCRIPT]] C[[UNKNOWN]] _{(\rho)}[[POSTSUBSCRIPT]] +[[ADDOP]] η[[UNKNOWN]] _{(\lambda)}[[POSTSUBSCRIPT]] ^{*}[[POSTSUPERSCRIPT]] η[[UNKNOWN]] _{(\rho)}[[POSTSUBSCRIPT]] +[[ADDOP]] B[[UNKNOWN]] _{\gamma\delta(\lambda)}[[POSTSUBSCRIPT]] ^{*}[[POSTSUPERSCRIPT]] B[[UNKNOWN]] _{\;\;\;(\rho)}[[POSTSUBSCRIPT]] ^{\gamma\delta}[[POSTSUPERSCRIPT]] \right)[[CLOSE]] C[[UNKNOWN]] _{(\mu)}[[POSTSUBSCRIPT]] C[[UNKNOWN]] _{(\nu)}[[POSTSUBSCRIPT]] +[[ADDOP]]
Warning:not_parsed:UNKNOWN.POSTSUBSCRIPT.POSTSUPERSCRIPT>CLOSE MathParser failed to match rule 'Anything'
	at 0303079.tex; line 371 col 8 - line 371 col 8
	In "$\displaystyle\left.2\left(\frac{1}{3}\varepsilon^{\lambda\mu\nu\rho}%
	\varepsilon^{\alpha\beta\gamma\delta}A_{\alpha(\lambda)}A_{\beta(\mu)}A_{%
	\gamma(\nu)}-\varepsilon^{\alpha\mu\delta\rho}A_{\alpha(\mu)}\right)\eta_{%
	\delta(\rho)}-A_{\;\;(\mu)}^{\mu}\eta_{\;\;(\nu)}^{\nu}\right).\@@ENDINLINEMATH"
	2[[NUMBER]] \left([[OPEN]] \frac{1}{3}[[UNKNOWN]] ε[[UNKNOWN]] ^{\lambda\mu\nu\rho}[[POSTSUPERSCRIPT]] ε[[UNKNOWN]] ^{\alpha\beta\gamma\delta}[[POSTSUPERSCRIPT]] A[[UNKNOWN]] _{\alpha(\lambda)}[[POSTSUBSCRIPT]] A[[UNKNOWN]] _{\beta(\mu)}[[POSTSUBSCRIPT]] A[[UNKNOWN]] _{\gamma(\nu)}[[POSTSUBSCRIPT]] -[[ADDOP]] ε[[UNKNOWN]] ^{\alpha\mu\delta\rho}[[POSTSUPERSCRIPT]] A[[UNKNOWN]] _{\alpha(\mu)}[[POSTSUBSCRIPT]] \right)[[CLOSE]] η[[UNKNOWN]] _{\delta(\rho)}[[POSTSUBSCRIPT]] -[[ADDOP]] A[[UNKNOWN]] _{\;\;(\mu)}[[POSTSUBSCRIPT]] ^{\mu}[[POSTSUPERSCRIPT]] η[[UNKNOWN]] _{\;\;(\nu)}[[POSTSUBSCRIPT]] ^{\nu}[[POSTSUPERSCRIPT]]
	        > \right)[[CLOSE]]
Warning:not_parsed:UNKNOWN.POSTSUBSCRIPT.POSTSUPERSCRIPT>CLOSE MathParser failed to match rule 'Anything'
	at 0303079.tex; line 371 col 8 - line 377 col 14
	In "$\displaystyle\left.2\left(\frac{1}{3}\varepsilon^{\lambda\mu\nu\rho}%
	\varepsilon^{\alpha\beta\gamma\delta}A_{\alpha(\lambda)}A_{\beta(\mu)}A_{%
	\gamma(\nu)}-\varepsilon^{\alpha\mu\delta\rho}A_{\alpha(\mu)}\right)\eta_{%
	\delta(\rho)}-A_{\;\;(\mu)}^{\mu}\eta_{\;\;(\nu)}^{\nu}\right).$"
	2[[NUMBER]] \left([[OPEN]] \frac{1}{3}[[UNKNOWN]] ε[[UNKNOWN]] ^{\lambda\mu\nu\rho}[[POSTSUPERSCRIPT]] ε[[UNKNOWN]] ^{\alpha\beta\gamma\delta}[[POSTSUPERSCRIPT]] A[[UNKNOWN]] _{\alpha(\lambda)}[[POSTSUBSCRIPT]] A[[UNKNOWN]] _{\beta(\mu)}[[POSTSUBSCRIPT]] A[[UNKNOWN]] _{\gamma(\nu)}[[POSTSUBSCRIPT]] -[[ADDOP]] ε[[UNKNOWN]] ^{\alpha\mu\delta\rho}[[POSTSUPERSCRIPT]] A[[UNKNOWN]] _{\alpha(\mu)}[[POSTSUBSCRIPT]] \right)[[CLOSE]] η[[UNKNOWN]] _{\delta(\rho)}[[POSTSUBSCRIPT]] -[[ADDOP]] A[[UNKNOWN]] _{\;\;(\mu)}[[POSTSUBSCRIPT]] ^{\mu}[[POSTSUPERSCRIPT]] η[[UNKNOWN]] _{\;\;(\nu)}[[POSTSUBSCRIPT]] ^{\nu}[[POSTSUPERSCRIPT]]
	        > \right)[[CLOSE]]
Warning:not_parsed:UNKNOWN.POSTSUPERSCRIPT.UNKNOWN>OPEN MathParser failed to match rule 'Anything'
	at 0303079.tex; line 391 col 6 - line 391 col 6
	In "$\displaystyle\bar{S}=S_{0}^{L}+\int d^{4}x\left(g\varepsilon^{\lambda\mu\nu%
	\rho}\left(A_{\lambda(\mu)}A_{\nu(\rho)}-\frac{1}{3!}\varepsilon^{\alpha\beta%
	\gamma\delta}A_{\alpha(\lambda)}A_{\beta(\mu)}A_{\gamma(\nu)}A_{\delta(\rho)}%
	\right)+\right.\@@ENDINLINEMATH"
	\bar{S}[[UNKNOWN]] =[[RELOP]] S[[UNKNOWN]] _{0}[[POSTSUBSCRIPT]] ^{L}[[POSTSUPERSCRIPT]] +[[ADDOP]] ∫[[INTOP]] d[[UNKNOWN]] ^{4}[[POSTSUPERSCRIPT]] x[[UNKNOWN]]
	        > \left([[OPEN]] g[[UNKNOWN]] ε[[UNKNOWN]] ^{\lambda\mu\nu\rho}[[POSTSUPERSCRIPT]] \left([[OPEN]] A[[UNKNOWN]] _{\lambda(\mu)}[[POSTSUBSCRIPT]] A[[UNKNOWN]] _{\nu(\rho)}[[POSTSUBSCRIPT]] -[[ADDOP]] \frac{1}{3!}[[UNKNOWN]] ε[[UNKNOWN]] ^{\alpha\beta\gamma\delta}[[POSTSUPERSCRIPT]] A[[UNKNOWN]] _{\alpha(\lambda)}[[POSTSUBSCRIPT]] A[[UNKNOWN]] _{\beta(\mu)}[[POSTSUBSCRIPT]] A[[UNKNOWN]] _{\gamma(\nu)}[[POSTSUBSCRIPT]] A[[UNKNOWN]] _{\delta(\rho)}[[POSTSUBSCRIPT]] \right)[[CLOSE]] +[[ADDOP]]
Warning:not_parsed:UNKNOWN.POSTSUPERSCRIPT.UNKNOWN>OPEN MathParser failed to match rule 'Anything'
	at 0303079.tex; line 391 col 6 - line 396 col 1
	In "$\displaystyle\bar{S}=S_{0}^{L}+\int d^{4}x\left(g\varepsilon^{\lambda\mu\nu%
	\rho}\left(A_{\lambda(\mu)}A_{\nu(\rho)}-\frac{1}{3!}\varepsilon^{\alpha\beta%
	\gamma\delta}A_{\alpha(\lambda)}A_{\beta(\mu)}A_{\gamma(\nu)}A_{\delta(\rho)}%
	\right)+\right.$"
	\bar{S}[[UNKNOWN]] =[[RELOP]] S[[UNKNOWN]] _{0}[[POSTSUBSCRIPT]] ^{L}[[POSTSUPERSCRIPT]] +[[ADDOP]] ∫[[INTOP]] d[[UNKNOWN]] ^{4}[[POSTSUPERSCRIPT]] x[[UNKNOWN]]
	        > \left([[OPEN]] g[[UNKNOWN]] ε[[UNKNOWN]] ^{\lambda\mu\nu\rho}[[POSTSUPERSCRIPT]] \left([[OPEN]] A[[UNKNOWN]] _{\lambda(\mu)}[[POSTSUBSCRIPT]] A[[UNKNOWN]] _{\nu(\rho)}[[POSTSUBSCRIPT]] -[[ADDOP]] \frac{1}{3!}[[UNKNOWN]] ε[[UNKNOWN]] ^{\alpha\beta\gamma\delta}[[POSTSUPERSCRIPT]] A[[UNKNOWN]] _{\alpha(\lambda)}[[POSTSUBSCRIPT]] A[[UNKNOWN]] _{\beta(\mu)}[[POSTSUBSCRIPT]] A[[UNKNOWN]] _{\gamma(\nu)}[[POSTSUBSCRIPT]] A[[UNKNOWN]] _{\delta(\rho)}[[POSTSUBSCRIPT]] \right)[[CLOSE]] +[[ADDOP]]
Warning:not_parsed:POSTSUBSCRIPT.UNKNOWN.POSTSUBSCRIPT>CLOSE MathParser failed to match rule 'Anything'
	at 0303079.tex; line 413 col 8 - line 413 col 8
	In "$\displaystyle\left.\frac{g}{3}\varepsilon^{\lambda\mu\nu\rho}\eta_{(\lambda)}%
	^{*}C_{(\mu)}C_{(\nu)}C_{(\rho)}\right).\@@ENDINLINEMATH"
	\frac{g}{3}[[UNKNOWN]] ε[[UNKNOWN]] ^{\lambda\mu\nu\rho}[[POSTSUPERSCRIPT]] η[[UNKNOWN]] _{(\lambda)}[[POSTSUBSCRIPT]] ^{*}[[POSTSUPERSCRIPT]] C[[UNKNOWN]] _{(\mu)}[[POSTSUBSCRIPT]] C[[UNKNOWN]] _{(\nu)}[[POSTSUBSCRIPT]] C[[UNKNOWN]] _{(\rho)}[[POSTSUBSCRIPT]]
	        > \right)[[CLOSE]]
Warning:not_parsed:POSTSUBSCRIPT.UNKNOWN.POSTSUBSCRIPT>CLOSE MathParser failed to match rule 'Anything'
	at 0303079.tex; line 413 col 8 - line 416 col 14
	In "$\displaystyle\left.\frac{g}{3}\varepsilon^{\lambda\mu\nu\rho}\eta_{(\lambda)}%
	^{*}C_{(\mu)}C_{(\nu)}C_{(\rho)}\right).$"
	\frac{g}{3}[[UNKNOWN]] ε[[UNKNOWN]] ^{\lambda\mu\nu\rho}[[POSTSUPERSCRIPT]] η[[UNKNOWN]] _{(\lambda)}[[POSTSUBSCRIPT]] ^{*}[[POSTSUPERSCRIPT]] C[[UNKNOWN]] _{(\mu)}[[POSTSUBSCRIPT]] C[[UNKNOWN]] _{(\nu)}[[POSTSUBSCRIPT]] C[[UNKNOWN]] _{(\rho)}[[POSTSUBSCRIPT]]
	        > \right)[[CLOSE]]
Warning:not_parsed:OPEN.UNKNOWN> MathParser failed to match rule 'Subscript'
	at 0303079.tex; line 425 col 9 - line 425 col 9
	In "$\displaystyle\bar{S}_{0}^{L}\left[A_{\alpha(\lambda)},B^{\alpha\beta(\lambda)%
	}\right]=\int d^{4}x\left(\partial_{\left[\alpha\right.}A_{\left.\beta\right](%
	\lambda)}B^{\alpha\beta(\lambda)}+g\varepsilon^{\lambda\mu\nu\rho}A_{\lambda(%
	\mu)}A_{\nu(\rho)}+\right.\@@ENDINLINEMATH"
	\left[[[OPEN]] α[[UNKNOWN]]
	        > 
Warning:not_parsed:UNKNOWN>CLOSE MathParser failed to match rule 'Subscript'
	at 0303079.tex; line 425 col 44 - line 425 col 44
	β[[UNKNOWN]]
	        > \right][[CLOSE]] ([[OPEN]] λ[[UNKNOWN]] )[[CLOSE]]
Warning:not_parsed:UNKNOWN.POSTSUPERSCRIPT.UNKNOWN>OPEN MathParser failed to match rule 'Anything'
	at 0303079.tex; line 423 col 6 - line 423 col 6
	\bar{S}[[UNKNOWN]] _{0}[[POSTSUBSCRIPT]] ^{L}[[POSTSUPERSCRIPT]] \left[[[OPEN]] A[[UNKNOWN]] _{\alpha(\lambda)}[[POSTSUBSCRIPT]] ,[[PUNCT]] B[[UNKNOWN]] ^{\alpha\beta(\lambda)}[[POSTSUPERSCRIPT]] \right][[CLOSE]] =[[RELOP]] ∫[[INTOP]] d[[UNKNOWN]] ^{4}[[POSTSUPERSCRIPT]] x[[UNKNOWN]]
	        > \left([[OPEN]] ∂[[OPERATOR]] _{\left[\alpha\right.}[[POSTSUBSCRIPT]] A[[UNKNOWN]] _{\left.\beta\right](\lambda)}[[POSTSUBSCRIPT]] B[[UNKNOWN]] ^{\alpha\beta(\lambda)}[[POSTSUPERSCRIPT]] +[[ADDOP]] g[[UNKNOWN]] ε[[UNKNOWN]] ^{\lambda\mu\nu\rho}[[POSTSUPERSCRIPT]] A[[UNKNOWN]] _{\lambda(\mu)}[[POSTSUBSCRIPT]] A[[UNKNOWN]] _{\nu(\rho)}[[POSTSUBSCRIPT]] +[[ADDOP]]
Warning:not_parsed:OPEN.UNKNOWN> MathParser failed to match rule 'Subscript'
	at 0303079.tex; line 425 col 9 - line 425 col 9
	In "$\displaystyle\bar{S}_{0}^{L}\left[A_{\alpha(\lambda)},B^{\alpha\beta(\lambda)%
	}\right]=\int d^{4}x\left(\partial_{\left[\alpha\right.}A_{\left.\beta\right](%
	\lambda)}B^{\alpha\beta(\lambda)}+g\varepsilon^{\lambda\mu\nu\rho}A_{\lambda(%
	\mu)}A_{\nu(\rho)}+\right.$"
	\left[[[OPEN]] α[[UNKNOWN]]
	        > 
Warning:not_parsed:UNKNOWN>CLOSE MathParser failed to match rule 'Subscript'
	at 0303079.tex; line 425 col 44 - line 425 col 44
	β[[UNKNOWN]]
	        > \right][[CLOSE]] ([[OPEN]] λ[[UNKNOWN]] )[[CLOSE]]
Warning:not_parsed:UNKNOWN.POSTSUPERSCRIPT.UNKNOWN>OPEN MathParser failed to match rule 'Anything'
	at 0303079.tex; line 423 col 6 - line 428 col 1
	\bar{S}[[UNKNOWN]] _{0}[[POSTSUBSCRIPT]] ^{L}[[POSTSUPERSCRIPT]] \left[[[OPEN]] A[[UNKNOWN]] _{\alpha(\lambda)}[[POSTSUBSCRIPT]] ,[[PUNCT]] B[[UNKNOWN]] ^{\alpha\beta(\lambda)}[[POSTSUPERSCRIPT]] \right][[CLOSE]] =[[RELOP]] ∫[[INTOP]] d[[UNKNOWN]] ^{4}[[POSTSUPERSCRIPT]] x[[UNKNOWN]]
	        > \left([[OPEN]] ∂[[OPERATOR]] _{\left[\alpha\right.}[[POSTSUBSCRIPT]] A[[UNKNOWN]] _{\left.\beta\right](\lambda)}[[POSTSUBSCRIPT]] B[[UNKNOWN]] ^{\alpha\beta(\lambda)}[[POSTSUPERSCRIPT]] +[[ADDOP]] g[[UNKNOWN]] ε[[UNKNOWN]] ^{\lambda\mu\nu\rho}[[POSTSUPERSCRIPT]] A[[UNKNOWN]] _{\lambda(\mu)}[[POSTSUBSCRIPT]] A[[UNKNOWN]] _{\nu(\rho)}[[POSTSUBSCRIPT]] +[[ADDOP]]
Warning:not_parsed:POSTSUBSCRIPT.UNKNOWN.POSTSUBSCRIPT>CLOSE MathParser failed to match rule 'Anything'
	at 0303079.tex; line 428 col 8 - line 428 col 8
	In "$\displaystyle\left.\frac{g}{2}\left(A_{\;\;(\mu)}^{\mu}A_{\;\;(\nu)}^{\nu}-A^%
	{\alpha(\mu)}A_{\mu(\alpha)}\right)-\frac{g}{3!}\varepsilon^{\lambda\mu\nu\rho%
	}\varepsilon^{\alpha\beta\gamma\delta}A_{\alpha(\lambda)}A_{\beta(\mu)}A_{%
	\gamma(\nu)}A_{\delta(\rho)}\right).\@@ENDINLINEMATH"
	\frac{g}{2}[[UNKNOWN]] \left([[OPEN]] A[[UNKNOWN]] _{\;\;(\mu)}[[POSTSUBSCRIPT]] ^{\mu}[[POSTSUPERSCRIPT]] A[[UNKNOWN]] _{\;\;(\nu)}[[POSTSUBSCRIPT]] ^{\nu}[[POSTSUPERSCRIPT]] -[[ADDOP]] A[[UNKNOWN]] ^{\alpha(\mu)}[[POSTSUPERSCRIPT]] A[[UNKNOWN]] _{\mu(\alpha)}[[POSTSUBSCRIPT]] \right)[[CLOSE]] -[[ADDOP]] \frac{g}{3!}[[UNKNOWN]] ε[[UNKNOWN]] ^{\lambda\mu\nu\rho}[[POSTSUPERSCRIPT]] ε[[UNKNOWN]] ^{\alpha\beta\gamma\delta}[[POSTSUPERSCRIPT]] A[[UNKNOWN]] _{\alpha(\lambda)}[[POSTSUBSCRIPT]] A[[UNKNOWN]] _{\beta(\mu)}[[POSTSUBSCRIPT]] A[[UNKNOWN]] _{\gamma(\nu)}[[POSTSUBSCRIPT]] A[[UNKNOWN]] _{\delta(\rho)}[[POSTSUBSCRIPT]]
	        > \right)[[CLOSE]]
Warning:not_parsed:POSTSUBSCRIPT.UNKNOWN.POSTSUBSCRIPT>CLOSE MathParser failed to match rule 'Anything'
	at 0303079.tex; line 428 col 8 - line 433 col 14
	In "$\displaystyle\left.\frac{g}{2}\left(A_{\;\;(\mu)}^{\mu}A_{\;\;(\nu)}^{\nu}-A^%
	{\alpha(\mu)}A_{\mu(\alpha)}\right)-\frac{g}{3!}\varepsilon^{\lambda\mu\nu\rho%
	}\varepsilon^{\alpha\beta\gamma\delta}A_{\alpha(\lambda)}A_{\beta(\mu)}A_{%
	\gamma(\nu)}A_{\delta(\rho)}\right).$"
	\frac{g}{2}[[UNKNOWN]] \left([[OPEN]] A[[UNKNOWN]] _{\;\;(\mu)}[[POSTSUBSCRIPT]] ^{\mu}[[POSTSUPERSCRIPT]] A[[UNKNOWN]] _{\;\;(\nu)}[[POSTSUBSCRIPT]] ^{\nu}[[POSTSUPERSCRIPT]] -[[ADDOP]] A[[UNKNOWN]] ^{\alpha(\mu)}[[POSTSUPERSCRIPT]] A[[UNKNOWN]] _{\mu(\alpha)}[[POSTSUBSCRIPT]] \right)[[CLOSE]] -[[ADDOP]] \frac{g}{3!}[[UNKNOWN]] ε[[UNKNOWN]] ^{\lambda\mu\nu\rho}[[POSTSUPERSCRIPT]] ε[[UNKNOWN]] ^{\alpha\beta\gamma\delta}[[POSTSUPERSCRIPT]] A[[UNKNOWN]] _{\alpha(\lambda)}[[POSTSUBSCRIPT]] A[[UNKNOWN]] _{\beta(\mu)}[[POSTSUBSCRIPT]] A[[UNKNOWN]] _{\gamma(\nu)}[[POSTSUBSCRIPT]] A[[UNKNOWN]] _{\delta(\rho)}[[POSTSUBSCRIPT]]
	        > \right)[[CLOSE]]
Warning:not_parsed:OPEN.UNKNOWN.CLOSE> MathParser failed to match rule 'Superscript'
	at 0303079.tex; line 443 col 18 - line 443 col 18
	In "$\displaystyle\bar{\delta}_{\epsilon}A_{\alpha(\lambda)}=\partial_{\alpha}%
	\epsilon_{(\lambda)}\equiv\left(Z_{\alpha\lambda}^{(A)}\right)^{\rho}\epsilon_%
	{(\rho)},\;\bar{\delta}_{\epsilon}B^{\alpha\beta(\lambda)}=\varepsilon^{\alpha%
	\beta\gamma\delta}\partial_{\gamma}\epsilon_{\delta}^{\;\;(\lambda)}+\frac{g}{%
	2}\epsilon^{\left[(\alpha)\right.}g^{\left.\beta\right]\lambda}+\@@ENDINLINEMATH"
	\left[[[OPEN]] ([[OPEN]] α[[UNKNOWN]] )[[CLOSE]]
	        > 
Warning:not_parsed:UNKNOWN>CLOSE MathParser failed to match rule 'Superscript'
	at 0303079.tex; line 443 col 51 - line 443 col 51
	β[[UNKNOWN]]
	        > \right][[CLOSE]] λ[[UNKNOWN]]
Warning:not_parsed:OPEN.UNKNOWN.CLOSE> MathParser failed to match rule 'Superscript'
	at 0303079.tex; line 443 col 18 - line 443 col 18
	In "$\displaystyle\bar{\delta}_{\epsilon}A_{\alpha(\lambda)}=\partial_{\alpha}%
	\epsilon_{(\lambda)}\equiv\left(Z_{\alpha\lambda}^{(A)}\right)^{\rho}\epsilon_%
	{(\rho)},\;\bar{\delta}_{\epsilon}B^{\alpha\beta(\lambda)}=\varepsilon^{\alpha%
	\beta\gamma\delta}\partial_{\gamma}\epsilon_{\delta}^{\;\;(\lambda)}+\frac{g}{%
	2}\epsilon^{\left[(\alpha)\right.}g^{\left.\beta\right]\lambda}+$"
	\left[[[OPEN]] ([[OPEN]] α[[UNKNOWN]] )[[CLOSE]]
	        > 
Warning:not_parsed:UNKNOWN>CLOSE MathParser failed to match rule 'Superscript'
	at 0303079.tex; line 443 col 51 - line 443 col 51
	β[[UNKNOWN]]
	        > \right][[CLOSE]] λ[[UNKNOWN]]
 15.11 sec)
Math parsing succeeded:
   ltx:XMath: 169/182
   ltx:XMArg: 914/928
Symbols assumed as simple identifiers (with # of occurences):
   'A{italic}' (195), 'B{italic}' (90), 'C{italic}' (82), 'Delta' (6), 'D{italic}' (1), 'F{italic}' (4), 'G{italic}' (1), 'H{italic}' (7), 'I{italic}' (8), 'J{italic}' (1), 'K{italic}' (1), 'L{italic}' (1), 'O{italic}' (4), 'R{bold}' (1), 'S{italic}' (18), 'Z{italic}' (19), '`' (1), 'agh' (14), 'alpha' (260), 'a{italic}' (6), 'beta' (153), 'chi' (2), 'delta' (130), 'd{italic}' (22), 'epsilon' (23), 'eta' (85), 'e{italic}' (3), 'f{italic}' (8), 'gamma' (101), 'gh' (2), 'g{italic}' (43), 'j{italic}' (2), 'lambda' (287), 'l{italic}' (1), 'more' (1), 'mu' (129), 'nu' (102), 'pgh' (12), 'q{italic}' (1), 'rho' (110), 'sigma' (4), 's{italic}' (6), 'tau' (12), 'theta' (2), 't{italic}' (5), 'varepsilon' (112), 'xi' (10), 'x{italic}' (18)
Set MATHPARSER_SPECULATE to speculate on possible notations.
(Finalizing... 1.24 sec)
Conversion complete 27 warnings (See /home/user/latex-in-arxiv/0303079.latexml.log) (reqd. 26.85s)
