latexml (LaTeXML version 0.8.6) processing 2003/0303227.tex
(Digesting TeX 0303227...
(Loading /usr/share/perl5/LaTeXML/Package/TeX.pool.ltxml...
(Loading /usr/share/perl5/LaTeXML/Package/eTeX.pool.ltxml... 0.01 sec)
(Loading /usr/share/perl5/LaTeXML/Package/pdfTeX.pool.ltxml... 0.01 sec) 0.20 sec)
(Processing content /home/user/latex-in-arxiv/2003/0303227.tex...
(Loading /usr/share/perl5/LaTeXML/Package/LaTeX.pool.ltxml...
(Loading /usr/share/perl5/LaTeXML/Package/textcomp.sty.ltxml...
(Processing definitions /usr/share/texlive/texmf-dist/tex/latex-dev/base/ts1enc.dfu... 0.02 sec) 1.32 sec) 1.64 sec)
(Loading /usr/share/perl5/LaTeXML/Package/article.cls.ltxml... 0.01 sec)
(Loading /usr/share/perl5/LaTeXML/Package/epsf.sty.ltxml... 0.01 sec)
(Loading /usr/share/perl5/LaTeXML/Package/amsfonts.sty.ltxml... 0.00 sec)
(Loading /usr/share/perl5/LaTeXML/Package/amsmath.sty.ltxml...
(Loading /usr/share/perl5/LaTeXML/Package/amsbsy.sty.ltxml...
(Loading /usr/share/perl5/LaTeXML/Package/amsgen.sty.ltxml... 0.00 sec) 0.01 sec)
(Loading /usr/share/perl5/LaTeXML/Package/amstext.sty.ltxml... 0.00 sec)
(Loading /usr/share/perl5/LaTeXML/Package/amsopn.sty.ltxml... 0.01 sec) 0.05 sec)
(Loading /usr/share/perl5/LaTeXML/Package/inputenc.sty.ltxml...
(Processing definitions /usr/share/texlive/texmf-dist/tex/latex-dev/base/latin2.def... 0.03 sec) 0.04 sec)
(Loading /usr/share/perl5/LaTeXML/Package/fontenc.sty.ltxml...
(Loading /usr/share/perl5/LaTeXML/Package/t1enc.def.ltxml...
(Processing definitions /usr/share/texlive/texmf-dist/tex/latex-dev/base/t1enc.def...
(Processing definitions /usr/share/texlive/texmf-dist/tex/latex-dev/base/t1enc.dfu... 0.06 sec)
(Loading /usr/share/perl5/LaTeXML/Package/t1.fontmap.ltxml... 0.00 sec) 0.12 sec) 0.12 sec) 0.13 sec)
(Loading /usr/share/perl5/LaTeXML/Package/epsfig.sty.ltxml...
(Loading /usr/share/perl5/LaTeXML/Package/graphicx.sty.ltxml...
(Loading /usr/share/perl5/LaTeXML/Package/graphics.sty.ltxml... 0.01 sec) 0.01 sec) 0.03 sec) 5.94 sec) 6.17 sec)
(Building...
(Loading compiled schema /usr/share/perl5/LaTeXML/resources/RelaxNG/LaTeXML.model... 0.01 sec)
Warning:unexpected:eqnarray Unrecognized equation patterns (1) in eqnarray
	at 0303227.tex; line 108 col 9 - line 108 col 9
	In Core::Definition::Constructor[\@@eqna... /usr/share/perl5/LaTeXML/Package/LaTeX.pool.ltxml; line 2290
Info:malformed:id Duplicated attribute xml:id
	at 0303227.tex; line 486 col 83 - line 486 col 83
	Using id='S4.E72a' on <ltx:XMRow _box="Alignment[]" _font="Font[math,medium,italic,10,bla..."/>
	id='S4.E72' already set on <ltx:equation _box="LaTeXML::Core::Alignment=HASH(..." _font="Font[serif,medium,upright,10,b..." xml:id="S4.E72" _ID_counter_m_="1">...
Info:malformed:id Duplicated attribute xml:id
	at 0303227.tex; line 486 col 227 - line 486 col 227
	Using id='S4.E75a' on <ltx:XMRow _box="Alignment[]" _font="Font[math,medium,italic,10,bla..."/>
	id='S4.E75' already set on <ltx:equation _box="LaTeXML::Core::Alignment=HASH(..." _font="Font[serif,medium,upright,10,b..." xml:id="S4.E75" _ID_counter_m_="1">...
 5.14 sec)
(Rewriting... 0.25 sec)
(Math Parsing 255 formulae ......
Warning:not_parsed:POSTSUPERSCRIPT.UNKNOWN.POSTSUPERSCRIPT>OPEN MathParser failed to match rule 'Anything'
	at 0303227.tex; line 181 col 13 - line 181 col 49
	In "$\displaystyle\delta(y)\bar{\Psi}_{\mu}^{A}\gamma^{\mu}\Bigg{[}$"
	δ[[UNKNOWN]] ([[OPEN]] y[[UNKNOWN]] )[[CLOSE]] \bar{\Psi}[[UNKNOWN]] _{\mu}[[POSTSUBSCRIPT]] ^{A}[[POSTSUPERSCRIPT]] γ[[UNKNOWN]] ^{\mu}[[POSTSUPERSCRIPT]]
	        > [[[OPEN]]
Warning:not_parsed:POSTSUBSCRIPT.POSTSUPERSCRIPT.CLOSE>CLOSE MathParser failed to match rule 'Anything'
	at 0303227.tex; line 181 col 237 - line 183 col 16
	In "$\displaystyle+\frac{{\rm i}}{4\sqrt{2}}\lambda_{0}\epsilon(y)\left(\gamma_{5}%
	M_{A}^{\;C}-\bar{M}_{A}^{\;C}-\frac{1}{2}\gamma_{5}\omega_{A}^{\;C}-\frac{1}{2%
	}\bar{\omega}_{A}^{\;C}\right)\Bigg{]}\eta_{C}$"
	+[[ADDOP]] \frac{{\rmi}}{4\sqrt{2}}[[UNKNOWN]] λ[[UNKNOWN]] _{0}[[POSTSUBSCRIPT]] ϵ[[UNKNOWN]] ([[OPEN]] y[[UNKNOWN]] )[[CLOSE]] \left([[OPEN]] γ[[UNKNOWN]] _{5}[[POSTSUBSCRIPT]] M[[UNKNOWN]] _{A}[[POSTSUBSCRIPT]] ^{\;C}[[POSTSUPERSCRIPT]] -[[ADDOP]] \bar{M}[[UNKNOWN]] _{A}[[POSTSUBSCRIPT]] ^{\;C}[[POSTSUPERSCRIPT]] -[[ADDOP]] \frac{1}{2}[[UNKNOWN]] γ[[UNKNOWN]] _{5}[[POSTSUBSCRIPT]] ω[[UNKNOWN]] _{A}[[POSTSUBSCRIPT]] ^{\;C}[[POSTSUPERSCRIPT]] -[[ADDOP]] \frac{1}{2}[[UNKNOWN]] \bar{\omega}[[UNKNOWN]] _{A}[[POSTSUBSCRIPT]] ^{\;C}[[POSTSUPERSCRIPT]] \right)[[CLOSE]]
	        > ][[CLOSE]] η[[UNKNOWN]] _{C}[[POSTSUBSCRIPT]]
Warning:not_parsed:POSTSUPERSCRIPT.UNKNOWN.POSTSUPERSCRIPT>OPEN MathParser failed to match rule 'Anything'
	at 0303227.tex; line 211 col 13 - line 211 col 49
	In "$\displaystyle\delta(y)\bar{\Psi}_{\mu}^{A}\gamma^{\mu}\Bigg{[}$"
	δ[[UNKNOWN]] ([[OPEN]] y[[UNKNOWN]] )[[CLOSE]] \bar{\Psi}[[UNKNOWN]] _{\mu}[[POSTSUBSCRIPT]] ^{A}[[POSTSUPERSCRIPT]] γ[[UNKNOWN]] ^{\mu}[[POSTSUPERSCRIPT]]
	        > [[[OPEN]]
Warning:not_parsed:POSTSUBSCRIPT.POSTSUPERSCRIPT.CLOSE>CLOSE MathParser failed to match rule 'Anything'
	at 0303227.tex; line 211 col 353 - line 212 col 16
	In "$\displaystyle+\frac{{\rm i}}{4\sqrt{2}}\lambda_{0}\left(\frac{1}{2}\gamma_{5}%
	(Q_{0})_{A}^{\;C}+\frac{1}{2}\delta_{A}^{\;C}\right)\Bigg{]}\eta_{C}\ .$"
	+[[ADDOP]] \frac{{\rmi}}{4\sqrt{2}}[[UNKNOWN]] λ[[UNKNOWN]] _{0}[[POSTSUBSCRIPT]] \left([[OPEN]] \frac{1}{2}[[UNKNOWN]] γ[[UNKNOWN]] _{5}[[POSTSUBSCRIPT]] ([[OPEN]] Q[[UNKNOWN]] _{0}[[POSTSUBSCRIPT]] )[[CLOSE]] _{A}[[POSTSUBSCRIPT]] ^{\;C}[[POSTSUPERSCRIPT]] +[[ADDOP]] \frac{1}{2}[[UNKNOWN]] δ[[UNKNOWN]] _{A}[[POSTSUBSCRIPT]] ^{\;C}[[POSTSUPERSCRIPT]] \right)[[CLOSE]]
	        > ][[CLOSE]] η[[UNKNOWN]] _{C}[[POSTSUBSCRIPT]]
Warning:not_parsed:POSTSUPERSCRIPT.UNKNOWN.POSTSUPERSCRIPT>OPEN MathParser failed to match rule 'Anything'
	at 0303227.tex; line 216 col 13 - line 216 col 59
	In "$\displaystyle\delta(y-\pi r_{c})\bar{\Psi}_{\mu}^{A}\gamma^{\mu}\Bigg{[}$"
	δ[[UNKNOWN]] ([[OPEN]] y[[UNKNOWN]] -[[ADDOP]] π[[UNKNOWN]] r[[UNKNOWN]] _{c}[[POSTSUBSCRIPT]] )[[CLOSE]] \bar{\Psi}[[UNKNOWN]] _{\mu}[[POSTSUBSCRIPT]] ^{A}[[POSTSUPERSCRIPT]] γ[[UNKNOWN]] ^{\mu}[[POSTSUPERSCRIPT]]
	        > [[[OPEN]]
Warning:not_parsed:POSTSUBSCRIPT.POSTSUPERSCRIPT.CLOSE>CLOSE MathParser failed to match rule 'Anything'
	at 0303227.tex; line 216 col 393 - line 217 col 16
	In "$\displaystyle+\frac{{\rm i}}{4\sqrt{2}}\lambda_{0}\left(\frac{1}{2}\gamma_{5}%
	(Q_{\pi})_{A}^{\;C}+\frac{1}{2}\delta_{A}^{\;C}\right)\Bigg{]}\eta_{C}\ ,$"
	+[[ADDOP]] \frac{{\rmi}}{4\sqrt{2}}[[UNKNOWN]] λ[[UNKNOWN]] _{0}[[POSTSUBSCRIPT]] \left([[OPEN]] \frac{1}{2}[[UNKNOWN]] γ[[UNKNOWN]] _{5}[[POSTSUBSCRIPT]] ([[OPEN]] Q[[UNKNOWN]] _{\pi}[[POSTSUBSCRIPT]] )[[CLOSE]] _{A}[[POSTSUBSCRIPT]] ^{\;C}[[POSTSUPERSCRIPT]] +[[ADDOP]] \frac{1}{2}[[UNKNOWN]] δ[[UNKNOWN]] _{A}[[POSTSUBSCRIPT]] ^{\;C}[[POSTSUPERSCRIPT]] \right)[[CLOSE]]
	        > ][[CLOSE]] η[[UNKNOWN]] _{C}[[POSTSUBSCRIPT]]
Warning:not_parsed:POSTSUPERSCRIPT.UNKNOWN.POSTSUPERSCRIPT>OPEN MathParser failed to match rule 'Anything'
	at 0303227.tex; line 269 col 13 - line 269 col 56
	In "$\displaystyle\delta(y){\rm i}\bar{\Psi}_{\mu}^{A}\gamma^{\mu}\Bigg{[}$"
	δ[[UNKNOWN]] ([[OPEN]] y[[UNKNOWN]] )[[CLOSE]] i[[UNKNOWN]] \bar{\Psi}[[UNKNOWN]] _{\mu}[[POSTSUBSCRIPT]] ^{A}[[POSTSUPERSCRIPT]] γ[[UNKNOWN]] ^{\mu}[[POSTSUPERSCRIPT]]
	        > [[[OPEN]]
Warning:not_parsed:CLOSE.POSTSUBSCRIPT.POSTSUPERSCRIPT>CLOSE MathParser failed to match rule 'Anything'
	at 0303227.tex; line 269 col 193 - line 270 col 16
	In "$\displaystyle+\frac{1}{4\sqrt{2}}\lambda_{0}\left(2\delta+\epsilon(y)\alpha_{%
	0}\gamma_{5}\sigma_{1}(\delta+\gamma_{5}\sigma_{3})+(\delta+\gamma_{5}\sigma_{%
	3})\right)_{A}^{\;B}\Bigg{]}\eta_{B}\ ,$"
	+[[ADDOP]] \frac{1}{4\sqrt{2}}[[UNKNOWN]] λ[[UNKNOWN]] _{0}[[POSTSUBSCRIPT]] \left([[OPEN]] 2[[NUMBER]] δ[[UNKNOWN]] +[[ADDOP]] ϵ[[UNKNOWN]] ([[OPEN]] y[[UNKNOWN]] )[[CLOSE]] α[[UNKNOWN]] _{0}[[POSTSUBSCRIPT]] γ[[UNKNOWN]] _{5}[[POSTSUBSCRIPT]] σ[[UNKNOWN]] _{1}[[POSTSUBSCRIPT]] ([[OPEN]] δ[[UNKNOWN]] +[[ADDOP]] γ[[UNKNOWN]] _{5}[[POSTSUBSCRIPT]] σ[[UNKNOWN]] _{3}[[POSTSUBSCRIPT]] )[[CLOSE]] +[[ADDOP]] ([[OPEN]] δ[[UNKNOWN]] +[[ADDOP]] γ[[UNKNOWN]] _{5}[[POSTSUBSCRIPT]] σ[[UNKNOWN]] _{3}[[POSTSUBSCRIPT]] )[[CLOSE]] \right)[[CLOSE]] _{A}[[POSTSUBSCRIPT]] ^{\;B}[[POSTSUPERSCRIPT]]
	        > ][[CLOSE]] η[[UNKNOWN]] _{B}[[POSTSUBSCRIPT]]
Warning:not_parsed:POSTSUPERSCRIPT.POSTSUBSCRIPT.CLOSE>POSTSUPERSCRIPT MathParser failed to match rule 'Anything'
	at 0303227.tex; line 477 col 0 - line 479 col 21
	In "\begin{equation}\gamma^{\mu\rho\nu}\nabla_{\rho}(\Psi^{\mp}_{\nu})^{A}-\gamma^%
	{\mu\nu}\gamma^{5}\partial_{5}(\Psi^{\pm}_{\nu})^{A}-k\epsilon\tanh\left(k|y|-%
	\frac{k\pi r_{c}}{2}\right)\gamma^{\mu\nu}\gamma^{\hat{5}}(\Psi^{\pm}_{\nu})^{%
	A}-\frac{3}{2}k(\sigma_{1})^{A}_{\;B}\gamma^{\mu\nu}(\Psi^{\mp}_{\nu})^{B}=0\ .\end{equation}"
	γ[[UNKNOWN]] ^{\mu\rho\nu}[[POSTSUPERSCRIPT]] ∇[[OPERATOR]] _{\rho}[[POSTSUBSCRIPT]] ([[OPEN]] Ψ[[UNKNOWN]] ^{\mp}[[POSTSUPERSCRIPT]] _{\nu}[[POSTSUBSCRIPT]] )[[CLOSE]]
	        > ^{A}[[POSTSUPERSCRIPT]] -[[ADDOP]] γ[[UNKNOWN]] ^{\mu\nu}[[POSTSUPERSCRIPT]] γ[[UNKNOWN]] ^{5}[[POSTSUPERSCRIPT]] ∂[[OPERATOR]] _{5}[[POSTSUBSCRIPT]] ([[OPEN]] Ψ[[UNKNOWN]] ^{\pm}[[POSTSUPERSCRIPT]] _{\nu}[[POSTSUBSCRIPT]] )[[CLOSE]] ^{A}[[POSTSUPERSCRIPT]] -[[ADDOP]] k[[UNKNOWN]] ϵ[[UNKNOWN]] tanh[[TRIGFUNCTION]] \left([[OPEN]] k[[UNKNOWN]] |[[VERTBAR]] y[[UNKNOWN]] |[[VERTBAR]] -[[ADDOP]] \frac{k\pir_{c}}{2}[[UNKNOWN]] \right)[[CLOSE]] γ[[UNKNOWN]] ^{\mu\nu}[[POSTSUPERSCRIPT]] γ[[UNKNOWN]] ^{\hat{5}}[[POSTSUPERSCRIPT]] ([[OPEN]] Ψ[[UNKNOWN]] ^{\pm}[[POSTSUPERSCRIPT]] _{\nu}[[POSTSUBSCRIPT]] )[[CLOSE]] ^{A}[[POSTSUPERSCRIPT]] -[[ADDOP]] \frac{3}{2}[[UNKNOWN]] k[[UNKNOWN]] ([[OPEN]] σ[[UNKNOWN]] _{1}[[POSTSUBSCRIPT]] )[[CLOSE]] ^{A}[[POSTSUPERSCRIPT]] _{\;B}[[POSTSUBSCRIPT]] γ[[UNKNOWN]] ^{\mu\nu}[[POSTSUPERSCRIPT]] ([[OPEN]] Ψ[[UNKNOWN]] ^{\mp}[[POSTSUPERSCRIPT]] _{\nu}[[POSTSUBSCRIPT]] ...
Warning:not_parsed:>OPEN MathParser failed to match rule 'Anything'
	at 0303227.tex; line 494 col 144 - line 494 col 148
	In "$(++)$"
	> ([[OPEN]] +[[ADDOP]] +[[ADDOP]] )[[CLOSE]]
 12.26 sec)
Math parsing succeeded:
   ltx:XMArg: 2346/2346
   ltx:XMath: 245/255
Symbols assumed as simple identifiers (with # of occurences):
   'A{italic}' (36), 'B{italic}' (20), 'C{italic}' (1), 'D{italic}' (5), 'F{caligraphic}' (12), 'F{italic}' (7), 'L{caligraphic}' (12), 'M{italic}' (31), 'N{italic}' (27), 'O{italic}' (2), 'Pi' (1), 'Psi' (78), 'P{caligraphic}' (10), 'P{italic}' (22), 'Q{italic}' (43), 'R{bold}' (1), 'R{italic}' (10), 'S{italic}' (18), 'Tr' (2), 'T{italic}' (5), 'U{italic}' (6), 'Z{bold}' (4), 'alpha' (66), 'a{italic}' (15), 'beta' (20), 'chi' (12), 'delta' (186), 'd{italic}' (20), 'epsilon' (112), 'eta' (144), 'e{italic}' (39), 'f{italic}' (2), 'gamma' (257), 'g{italic}' (53), 'h{italic}' (2), 'i' (37), 'k{italic}' (81), 'lambda' (42), 'mu' (40), 'nu' (29), 'omega' (20), 'phi' (14), 'pi' (73), 'q{italic}' (2), 'rho' (2), 'r{italic}' (73), 'sigma' (90), 's{italic}' (2), 't{italic}' (1), 'v{italic}' (12), 'xi' (6), 'x{italic}' (14), 'y{italic}' (240)
Set MATHPARSER_SPECULATE to speculate on possible notations.
(Finalizing... 1.53 sec)
Conversion complete 11 warnings (See /home/user/latex-in-arxiv/0303227.latexml.log) (reqd. 26.38s)
