latexml (LaTeXML version 0.8.6) processing 2003/0303059.tex
(Digesting TeX 0303059...
(Loading /usr/share/perl5/LaTeXML/Package/TeX.pool.ltxml...
(Loading /usr/share/perl5/LaTeXML/Package/eTeX.pool.ltxml... 0.01 sec)
(Loading /usr/share/perl5/LaTeXML/Package/pdfTeX.pool.ltxml... 0.01 sec) 0.25 sec)
(Processing content /home/user/latex-in-arxiv/2003/0303059.tex...
(Loading /usr/share/perl5/LaTeXML/Package/LaTeX.pool.ltxml...
(Loading /usr/share/perl5/LaTeXML/Package/textcomp.sty.ltxml...
(Processing definitions /usr/share/texlive/texmf-dist/tex/latex-dev/base/ts1enc.dfu... 0.05 sec) 1.98 sec) 2.35 sec)
Info:unexpected:\documentstyle Entering LaTeX 2.09 Compatibility mode
	at 0303059.tex; line 3 col 0 - line 3 col 29
(Loading /usr/share/perl5/LaTeXML/Package/article.cls.ltxml... 0.02 sec)
Info:ignore:\thebibliography Ignoring redefinition of \thebibliography
	at 0303059.tex; line 54 col 0 - line 54 col 26
 7.02 sec) 7.29 sec)
(Building...
(Loading compiled schema /usr/share/perl5/LaTeXML/resources/RelaxNG/LaTeXML.model... 0.02 sec) 5.59 sec)
(Rewriting... 0.25 sec)
(Math Parsing 291 formulae ......
Warning:not_parsed:UNKNOWN.RELOP.UNKNOWN>CLOSE MathParser failed to match rule 'Anything'
	at 0303059.tex; line 365 col 0 - line 367 col 4
	In "\begin{equation}{\bf L}_{J^{r}u}L=u\rfloor\delta L+d_{H}(J^{r}u\rfloor H_{L}),\end{equation}"
	L[[UNKNOWN]] _{J^{r}u}[[POSTSUBSCRIPT]] L[[UNKNOWN]] =[[RELOP]] u[[UNKNOWN]]
	        > \rfloor[[CLOSE]] δ[[UNKNOWN]] L[[UNKNOWN]] +[[ADDOP]] d[[UNKNOWN]] _{H}[[POSTSUBSCRIPT]] ([[OPEN]] J[[UNKNOWN]] ^{r}[[POSTSUPERSCRIPT]] u[[UNKNOWN]] \rfloor[[CLOSE]] H[[UNKNOWN]] _{L}[[POSTSUBSCRIPT]] )[[CLOSE]]
Warning:not_parsed:UNKNOWN.POSTSUPERSCRIPT.UNKNOWN>CLOSE MathParser failed to match rule 'Anything'
	at 0303059.tex; line 371 col 4 - line 371 col 23
	In "${\twlgot J}_{u}=J^{r}u\rfloor H_{L}$"
	J[[UNKNOWN]] _{u}[[POSTSUBSCRIPT]] =[[RELOP]] J[[UNKNOWN]] ^{r}[[POSTSUPERSCRIPT]] u[[UNKNOWN]]
	        > \rfloor[[CLOSE]] H[[UNKNOWN]] _{L}[[POSTSUBSCRIPT]]
Warning:not_parsed:RELOP.OPERATOR.POSTSUBSCRIPT>CLOSE MathParser failed to match rule 'Anything'
	at 0303059.tex; line 423 col 4 - line 423 col 28
	In "$\omega_{\lambda}=\partial_{\lambda}\rfloor\omega$"
	ω[[UNKNOWN]] _{\lambda}[[POSTSUBSCRIPT]] =[[RELOP]] ∂[[OPERATOR]] _{\lambda}[[POSTSUBSCRIPT]]
	        > \rfloor[[CLOSE]] ω[[UNKNOWN]]
Warning:not_parsed:UNKNOWN.RELOP.UNKNOWN>OPEN MathParser failed to match rule 'Anything'
	at 0303059.tex; line 465 col 0 - line 468 col 4
	In "\begin{equation}{\bf L}_{J^{1}u}L=d(J^{1}u\rfloor L)+J^{1}u\rfloor dL=(u^{i}%
	\partial_{i}+d_{\lambda}u^{i}\partial^{\lambda}_{i}){\cal L}\omega.\end{equation}"
	L[[UNKNOWN]] _{J^{1}u}[[POSTSUBSCRIPT]] L[[UNKNOWN]] =[[RELOP]] d[[UNKNOWN]]
	        > ([[OPEN]] J[[UNKNOWN]] ^{1}[[POSTSUPERSCRIPT]] u[[UNKNOWN]] \rfloor[[CLOSE]] L[[UNKNOWN]] )[[CLOSE]] +[[ADDOP]] J[[UNKNOWN]] ^{1}[[POSTSUPERSCRIPT]] u[[UNKNOWN]] \rfloor[[CLOSE]] d[[UNKNOWN]] L[[UNKNOWN]] =[[RELOP]] ([[OPEN]] u[[UNKNOWN]] ^{i}[[POSTSUPERSCRIPT]] ∂[[OPERATOR]] _{i}[[POSTSUBSCRIPT]] +[[ADDOP]] d[[UNKNOWN]] _{\lambda}[[POSTSUBSCRIPT]] u[[UNKNOWN]] ^{i}[[POSTSUPERSCRIPT]] ∂[[OPERATOR]] ^{\lambda}[[POSTSUPERSCRIPT]] _{i}[[POSTSUBSCRIPT]] )[[CLOSE]] L[[UNKNOWN]] ω[[UNKNOWN]]
Warning:not_parsed:PUNCT.UNKNOWN.CLOSE>RELOP MathParser failed to match rule 'Anything'
	at 0303059.tex; line 596 col 6 - line 596 col 6
	In "$\displaystyle{\twlgot F}^{r_{j}}(t,B)=[d(ta^{r_{j}}_{\mu_{j}}+(1-t)B^{r_{j}}_%
	{\mu_{j}})\wedge dx^{\mu_{j}}+\@@ENDINLINEMATH"
	F[[UNKNOWN]] ^{r_{j}}[[POSTSUPERSCRIPT]] ([[OPEN]] t[[UNKNOWN]] ,[[PUNCT]] B[[UNKNOWN]] )[[CLOSE]]
	        > =[[RELOP]] [[[OPEN]] d[[UNKNOWN]] ([[OPEN]] t[[UNKNOWN]] a[[UNKNOWN]] ^{r_{j}}[[POSTSUPERSCRIPT]] _{\mu_{j}}[[POSTSUBSCRIPT]] +[[ADDOP]] ([[OPEN]] 1[[NUMBER]] -[[ADDOP]] t[[UNKNOWN]] )[[CLOSE]] B[[UNKNOWN]] ^{r_{j}}[[POSTSUPERSCRIPT]] _{\mu_{j}}[[POSTSUBSCRIPT]] )[[CLOSE]] ∧[[ADDOP]] d[[UNKNOWN]] x[[UNKNOWN]] ^{\mu_{j}}[[POSTSUPERSCRIPT]] +[[ADDOP]]
Warning:not_parsed:PUNCT.UNKNOWN.CLOSE>RELOP MathParser failed to match rule 'Anything'
	at 0303059.tex; line 596 col 6 - line 598 col 1
	In "$\displaystyle{\twlgot F}^{r_{j}}(t,B)=[d(ta^{r_{j}}_{\mu_{j}}+(1-t)B^{r_{j}}_%
	{\mu_{j}})\wedge dx^{\mu_{j}}+$"
	F[[UNKNOWN]] ^{r_{j}}[[POSTSUPERSCRIPT]] ([[OPEN]] t[[UNKNOWN]] ,[[PUNCT]] B[[UNKNOWN]] )[[CLOSE]]
	        > =[[RELOP]] [[[OPEN]] d[[UNKNOWN]] ([[OPEN]] t[[UNKNOWN]] a[[UNKNOWN]] ^{r_{j}}[[POSTSUPERSCRIPT]] _{\mu_{j}}[[POSTSUBSCRIPT]] +[[ADDOP]] ([[OPEN]] 1[[NUMBER]] -[[ADDOP]] t[[UNKNOWN]] )[[CLOSE]] B[[UNKNOWN]] ^{r_{j}}[[POSTSUPERSCRIPT]] _{\mu_{j}}[[POSTSUBSCRIPT]] )[[CLOSE]] ∧[[ADDOP]] d[[UNKNOWN]] x[[UNKNOWN]] ^{\mu_{j}}[[POSTSUPERSCRIPT]] +[[ADDOP]]
Warning:not_parsed:UNKNOWN.UNKNOWN.POSTSUPERSCRIPT>CLOSE MathParser failed to match rule 'Anything'
	at 0303059.tex; line 598 col 9 - line 598 col 9
	In "$\displaystyle\qquad\frac{1}{2}c^{r_{j}}_{pq}(ta^{p}_{\lambda_{j}}+(1-t)B^{p}_%
	{\lambda_{j}})(ta^{q}_{\mu_{j}}+(1-t)B^{q}_{\mu_{j}})dx^{\lambda_{j}}\wedge dx%
	^{\mu_{j}}]\otimes e_{r}.\@@ENDINLINEMATH"
	\frac{1}{2}[[UNKNOWN]] c[[UNKNOWN]] ^{r_{j}}[[POSTSUPERSCRIPT]] _{pq}[[POSTSUBSCRIPT]] ([[OPEN]] t[[UNKNOWN]] a[[UNKNOWN]] ^{p}[[POSTSUPERSCRIPT]] _{\lambda_{j}}[[POSTSUBSCRIPT]] +[[ADDOP]] ([[OPEN]] 1[[NUMBER]] -[[ADDOP]] t[[UNKNOWN]] )[[CLOSE]] B[[UNKNOWN]] ^{p}[[POSTSUPERSCRIPT]] _{\lambda_{j}}[[POSTSUBSCRIPT]] )[[CLOSE]] ([[OPEN]] t[[UNKNOWN]] a[[UNKNOWN]] ^{q}[[POSTSUPERSCRIPT]] _{\mu_{j}}[[POSTSUBSCRIPT]] +[[ADDOP]] ([[OPEN]] 1[[NUMBER]] -[[ADDOP]] t[[UNKNOWN]] )[[CLOSE]] B[[UNKNOWN]] ^{q}[[POSTSUPERSCRIPT]] _{\mu_{j}}[[POSTSUBSCRIPT]] )[[CLOSE]] d[[UNKNOWN]] x[[UNKNOWN]] ^{\lambda_{j}}[[POSTSUPERSCRIPT]] ∧[[ADDOP]] d[[UNKNOWN]] x[[UNKNOWN]] ^{\mu_{j}}[[POSTSUPERSCRIPT]]
	        > ][[CLOSE]] ⊗[[MULOP]] e[[UNKNOWN]] _{r}[[POSTSUBSCRIPT]]
Warning:not_parsed:UNKNOWN.UNKNOWN.POSTSUPERSCRIPT>CLOSE MathParser failed to match rule 'Anything'
	at 0303059.tex; line 598 col 9 - line 602 col 4
	In "$\displaystyle\qquad\frac{1}{2}c^{r_{j}}_{pq}(ta^{p}_{\lambda_{j}}+(1-t)B^{p}_%
	{\lambda_{j}})(ta^{q}_{\mu_{j}}+(1-t)B^{q}_{\mu_{j}})dx^{\lambda_{j}}\wedge dx%
	^{\mu_{j}}]\otimes e_{r}.$"
	\frac{1}{2}[[UNKNOWN]] c[[UNKNOWN]] ^{r_{j}}[[POSTSUPERSCRIPT]] _{pq}[[POSTSUBSCRIPT]] ([[OPEN]] t[[UNKNOWN]] a[[UNKNOWN]] ^{p}[[POSTSUPERSCRIPT]] _{\lambda_{j}}[[POSTSUBSCRIPT]] +[[ADDOP]] ([[OPEN]] 1[[NUMBER]] -[[ADDOP]] t[[UNKNOWN]] )[[CLOSE]] B[[UNKNOWN]] ^{p}[[POSTSUPERSCRIPT]] _{\lambda_{j}}[[POSTSUBSCRIPT]] )[[CLOSE]] ([[OPEN]] t[[UNKNOWN]] a[[UNKNOWN]] ^{q}[[POSTSUPERSCRIPT]] _{\mu_{j}}[[POSTSUBSCRIPT]] +[[ADDOP]] ([[OPEN]] 1[[NUMBER]] -[[ADDOP]] t[[UNKNOWN]] )[[CLOSE]] B[[UNKNOWN]] ^{q}[[POSTSUPERSCRIPT]] _{\mu_{j}}[[POSTSUBSCRIPT]] )[[CLOSE]] d[[UNKNOWN]] x[[UNKNOWN]] ^{\lambda_{j}}[[POSTSUPERSCRIPT]] ∧[[ADDOP]] d[[UNKNOWN]] x[[UNKNOWN]] ^{\mu_{j}}[[POSTSUPERSCRIPT]]
	        > ][[CLOSE]] ⊗[[MULOP]] e[[UNKNOWN]] _{r}[[POSTSUBSCRIPT]]
Warning:not_parsed:CLOSE.RELOP.ATOM>OPEN MathParser failed to match rule 'Anything'
	at 0303059.tex; line 635 col 6 - line 635 col 6
	In "$\displaystyle{\twlgot F}^{r_{j}}(t,B)=\frac{1}{2}[ta^{r_{j}}_{\lambda_{j}\mu_%
	{j}}+(1-t)\partial_{\lambda_{j}}B^{r_{j}}_{\mu_{j}}-ta^{r_{j}}_{\mu_{j}\lambda%
	_{j}}-(1-t)\partial_{\mu_{j}}B^{r_{j}}_{\lambda_{j}})+\@@ENDINLINEMATH"
	F[[UNKNOWN]] ^{r_{j}}[[POSTSUPERSCRIPT]] ([[OPEN]] t[[UNKNOWN]] ,[[PUNCT]] B[[UNKNOWN]] )[[CLOSE]] =[[RELOP]] \frac{1}{2}[[UNKNOWN]]
	        > [[[OPEN]] t[[UNKNOWN]] a[[UNKNOWN]] ^{r_{j}}[[POSTSUPERSCRIPT]] _{\lambda_{j}\mu_{j}}[[POSTSUBSCRIPT]] +[[ADDOP]] ([[OPEN]] 1[[NUMBER]] -[[ADDOP]] t[[UNKNOWN]] )[[CLOSE]] ∂[[OPERATOR]] _{\lambda_{j}}[[POSTSUBSCRIPT]] B[[UNKNOWN]] ^{r_{j}}[[POSTSUPERSCRIPT]] _{\mu_{j}}[[POSTSUBSCRIPT]] -[[ADDOP]] t[[UNKNOWN]] a[[UNKNOWN]] ^{r_{j}}[[POSTSUPERSCRIPT]] _{\mu_{j}\lambda_{j}}[[POSTSUBSCRIPT]] -[[ADDOP]] ([[OPEN]] 1[[NUMBER]] -[[ADDOP]] t[[UNKNOWN]] )[[CLOSE]] ∂[[OPERATOR]] _{\mu_{j}}[[POSTSUBSCRIPT]] B[[UNKNOWN]] ^{r_{j}}[[POSTSUPERSCRIPT]] _{\lambda_{j}}[[POSTSUBSCRIPT]] )[[CLOSE]] +[[ADDOP]]
Warning:not_parsed:CLOSE.RELOP.ATOM>OPEN MathParser failed to match rule 'Anything'
	at 0303059.tex; line 635 col 6 - line 638 col 1
	In "$\displaystyle{\twlgot F}^{r_{j}}(t,B)=\frac{1}{2}[ta^{r_{j}}_{\lambda_{j}\mu_%
	{j}}+(1-t)\partial_{\lambda_{j}}B^{r_{j}}_{\mu_{j}}-ta^{r_{j}}_{\mu_{j}\lambda%
	_{j}}-(1-t)\partial_{\mu_{j}}B^{r_{j}}_{\lambda_{j}})+$"
	F[[UNKNOWN]] ^{r_{j}}[[POSTSUPERSCRIPT]] ([[OPEN]] t[[UNKNOWN]] ,[[PUNCT]] B[[UNKNOWN]] )[[CLOSE]] =[[RELOP]] \frac{1}{2}[[UNKNOWN]]
	        > [[[OPEN]] t[[UNKNOWN]] a[[UNKNOWN]] ^{r_{j}}[[POSTSUPERSCRIPT]] _{\lambda_{j}\mu_{j}}[[POSTSUBSCRIPT]] +[[ADDOP]] ([[OPEN]] 1[[NUMBER]] -[[ADDOP]] t[[UNKNOWN]] )[[CLOSE]] ∂[[OPERATOR]] _{\lambda_{j}}[[POSTSUBSCRIPT]] B[[UNKNOWN]] ^{r_{j}}[[POSTSUPERSCRIPT]] _{\mu_{j}}[[POSTSUBSCRIPT]] -[[ADDOP]] t[[UNKNOWN]] a[[UNKNOWN]] ^{r_{j}}[[POSTSUPERSCRIPT]] _{\mu_{j}\lambda_{j}}[[POSTSUBSCRIPT]] -[[ADDOP]] ([[OPEN]] 1[[NUMBER]] -[[ADDOP]] t[[UNKNOWN]] )[[CLOSE]] ∂[[OPERATOR]] _{\mu_{j}}[[POSTSUBSCRIPT]] B[[UNKNOWN]] ^{r_{j}}[[POSTSUPERSCRIPT]] _{\lambda_{j}}[[POSTSUBSCRIPT]] )[[CLOSE]] +[[ADDOP]]
Warning:not_parsed:POSTSUPERSCRIPT.POSTSUBSCRIPT.CLOSE>OPEN MathParser failed to match rule 'Anything'
	at 0303059.tex; line 638 col 9 - line 638 col 9
	In "$\displaystyle\qquad\frac{1}{2}c^{r_{j}}_{pq}(ta^{p}_{\lambda_{j}}+(1-t)B^{p}_%
	{\lambda_{j}})(ta^{q}_{\mu_{j}}+(1-t)B^{q}_{\mu_{j}}]dx^{\lambda_{j}}\wedge dx%
	^{\mu_{j}}\otimes e_{r}.\@@ENDINLINEMATH"
	\frac{1}{2}[[UNKNOWN]] c[[UNKNOWN]] ^{r_{j}}[[POSTSUPERSCRIPT]] _{pq}[[POSTSUBSCRIPT]] ([[OPEN]] t[[UNKNOWN]] a[[UNKNOWN]] ^{p}[[POSTSUPERSCRIPT]] _{\lambda_{j}}[[POSTSUBSCRIPT]] +[[ADDOP]] ([[OPEN]] 1[[NUMBER]] -[[ADDOP]] t[[UNKNOWN]] )[[CLOSE]] B[[UNKNOWN]] ^{p}[[POSTSUPERSCRIPT]] _{\lambda_{j}}[[POSTSUBSCRIPT]] )[[CLOSE]]
	        > ([[OPEN]] t[[UNKNOWN]] a[[UNKNOWN]] ^{q}[[POSTSUPERSCRIPT]] _{\mu_{j}}[[POSTSUBSCRIPT]] +[[ADDOP]] ([[OPEN]] 1[[NUMBER]] -[[ADDOP]] t[[UNKNOWN]] )[[CLOSE]] B[[UNKNOWN]] ^{q}[[POSTSUPERSCRIPT]] _{\mu_{j}}[[POSTSUBSCRIPT]] ][[CLOSE]] d[[UNKNOWN]] x[[UNKNOWN]] ^{\lambda_{j}}[[POSTSUPERSCRIPT]] ∧[[ADDOP]] d[[UNKNOWN]] x[[UNKNOWN]] ^{\mu_{j}}[[POSTSUPERSCRIPT]] ⊗[[MULOP]] e[[UNKNOWN]] _{r}[[POSTSUBSCRIPT]]
Warning:not_parsed:POSTSUPERSCRIPT.POSTSUBSCRIPT.CLOSE>OPEN MathParser failed to match rule 'Anything'
	at 0303059.tex; line 638 col 9 - line 641 col 3
	In "$\displaystyle\qquad\frac{1}{2}c^{r_{j}}_{pq}(ta^{p}_{\lambda_{j}}+(1-t)B^{p}_%
	{\lambda_{j}})(ta^{q}_{\mu_{j}}+(1-t)B^{q}_{\mu_{j}}]dx^{\lambda_{j}}\wedge dx%
	^{\mu_{j}}\otimes e_{r}.$"
	\frac{1}{2}[[UNKNOWN]] c[[UNKNOWN]] ^{r_{j}}[[POSTSUPERSCRIPT]] _{pq}[[POSTSUBSCRIPT]] ([[OPEN]] t[[UNKNOWN]] a[[UNKNOWN]] ^{p}[[POSTSUPERSCRIPT]] _{\lambda_{j}}[[POSTSUBSCRIPT]] +[[ADDOP]] ([[OPEN]] 1[[NUMBER]] -[[ADDOP]] t[[UNKNOWN]] )[[CLOSE]] B[[UNKNOWN]] ^{p}[[POSTSUPERSCRIPT]] _{\lambda_{j}}[[POSTSUBSCRIPT]] )[[CLOSE]]
	        > ([[OPEN]] t[[UNKNOWN]] a[[UNKNOWN]] ^{q}[[POSTSUPERSCRIPT]] _{\mu_{j}}[[POSTSUBSCRIPT]] +[[ADDOP]] ([[OPEN]] 1[[NUMBER]] -[[ADDOP]] t[[UNKNOWN]] )[[CLOSE]] B[[UNKNOWN]] ^{q}[[POSTSUPERSCRIPT]] _{\mu_{j}}[[POSTSUBSCRIPT]] ][[CLOSE]] d[[UNKNOWN]] x[[UNKNOWN]] ^{\lambda_{j}}[[POSTSUPERSCRIPT]] ∧[[ADDOP]] d[[UNKNOWN]] x[[UNKNOWN]] ^{\mu_{j}}[[POSTSUPERSCRIPT]] ⊗[[MULOP]] e[[UNKNOWN]] _{r}[[POSTSUBSCRIPT]]
Warning:not_parsed:POSTSUPERSCRIPT.UNKNOWN.POSTSUBSCRIPT>CLOSE MathParser failed to match rule 'Anything'
	at 0303059.tex; line 658 col 0 - line 662 col 4
	In "\begin{equation}{\bf L}_{J^{1}\xi_{C}}{\cal S}_{2k-1}(B)=J^{1}\xi_{C}\rfloor d%
	(h_{0}{\twlgot S}_{2k-1}(B))={\bf L}_{J^{1}\xi_{C}}(h_{0}{\twlgot S}_{2k-1}(B)%
	).\end{equation}"
	L[[UNKNOWN]] _{J^{1}\xi_{C}}[[POSTSUBSCRIPT]] S[[UNKNOWN]] _{2k-1}[[POSTSUBSCRIPT]] ([[OPEN]] B[[UNKNOWN]] )[[CLOSE]] =[[RELOP]] J[[UNKNOWN]] ^{1}[[POSTSUPERSCRIPT]] ξ[[UNKNOWN]] _{C}[[POSTSUBSCRIPT]]
	        > \rfloor[[CLOSE]] d[[UNKNOWN]] ([[OPEN]] h[[UNKNOWN]] _{0}[[POSTSUBSCRIPT]] S[[UNKNOWN]] _{2k-1}[[POSTSUBSCRIPT]] ([[OPEN]] B[[UNKNOWN]] )[[CLOSE]] )[[CLOSE]] =[[RELOP]] L[[UNKNOWN]] _{J^{1}\xi_{C}}[[POSTSUBSCRIPT]] ([[OPEN]] h[[UNKNOWN]] _{0}[[POSTSUBSCRIPT]] S[[UNKNOWN]] _{2k-1}[[POSTSUBSCRIPT]] ([[OPEN]] B[[UNKNOWN]] )[[CLOSE]] )[[CLOSE]]
Warning:not_parsed:RELOP.UNKNOWN.POSTSUBSCRIPT>OPEN MathParser failed to match rule 'Anything'
	at 0303059.tex; line 665 col 3 - line 665 col 3
	In "$\displaystyle{\bf L}_{J^{1}\xi_{C}}(h_{0}{\twlgot S}_{2k-1}(B))=h_{0}({\bf L}%
	_{\xi_{C}}{\twlgot S}_{2k-1}(B))=h_{0}(\xi_{C}\rfloor d{\twlgot S}_{2k-1}(B)+d%
	(\xi_{C}\rfloor{\twlgot S}_{2k-1}(B)).\@@ENDINLINEMATH"
	L[[UNKNOWN]] _{J^{1}\xi_{C}}[[POSTSUBSCRIPT]] ([[OPEN]] h[[UNKNOWN]] _{0}[[POSTSUBSCRIPT]] S[[UNKNOWN]] _{2k-1}[[POSTSUBSCRIPT]] ([[OPEN]] B[[UNKNOWN]] )[[CLOSE]] )[[CLOSE]] =[[RELOP]] h[[UNKNOWN]] _{0}[[POSTSUBSCRIPT]] ([[OPEN]] L[[UNKNOWN]] _{\xi_{C}}[[POSTSUBSCRIPT]] S[[UNKNOWN]] _{2k-1}[[POSTSUBSCRIPT]] ([[OPEN]] B[[UNKNOWN]] )[[CLOSE]] )[[CLOSE]] =[[RELOP]] h[[UNKNOWN]] _{0}[[POSTSUBSCRIPT]]
	        > ([[OPEN]] ξ[[UNKNOWN]] _{C}[[POSTSUBSCRIPT]] \rfloor[[CLOSE]] d[[UNKNOWN]] S[[UNKNOWN]] _{2k-1}[[POSTSUBSCRIPT]] ([[OPEN]] B[[UNKNOWN]] )[[CLOSE]] +[[ADDOP]] d[[UNKNOWN]] ([[OPEN]] ξ[[UNKNOWN]] _{C}[[POSTSUBSCRIPT]] \rfloor[[CLOSE]] S[[UNKNOWN]] _{2k-1}[[POSTSUBSCRIPT]] ([[OPEN]] B[[UNKNOWN]] )[[CLOSE]] )[[CLOSE]]
Warning:not_parsed:RELOP.UNKNOWN.POSTSUBSCRIPT>OPEN MathParser failed to match rule 'Anything'
	at 0303059.tex; line 665 col 3 - line 667 col 3
	In "$\displaystyle{\bf L}_{J^{1}\xi_{C}}(h_{0}{\twlgot S}_{2k-1}(B))=h_{0}({\bf L}%
	_{\xi_{C}}{\twlgot S}_{2k-1}(B))=h_{0}(\xi_{C}\rfloor d{\twlgot S}_{2k-1}(B)+d%
	(\xi_{C}\rfloor{\twlgot S}_{2k-1}(B)).$"
	L[[UNKNOWN]] _{J^{1}\xi_{C}}[[POSTSUBSCRIPT]] ([[OPEN]] h[[UNKNOWN]] _{0}[[POSTSUBSCRIPT]] S[[UNKNOWN]] _{2k-1}[[POSTSUBSCRIPT]] ([[OPEN]] B[[UNKNOWN]] )[[CLOSE]] )[[CLOSE]] =[[RELOP]] h[[UNKNOWN]] _{0}[[POSTSUBSCRIPT]] ([[OPEN]] L[[UNKNOWN]] _{\xi_{C}}[[POSTSUBSCRIPT]] S[[UNKNOWN]] _{2k-1}[[POSTSUBSCRIPT]] ([[OPEN]] B[[UNKNOWN]] )[[CLOSE]] )[[CLOSE]] =[[RELOP]] h[[UNKNOWN]] _{0}[[POSTSUBSCRIPT]]
	        > ([[OPEN]] ξ[[UNKNOWN]] _{C}[[POSTSUBSCRIPT]] \rfloor[[CLOSE]] d[[UNKNOWN]] S[[UNKNOWN]] _{2k-1}[[POSTSUBSCRIPT]] ([[OPEN]] B[[UNKNOWN]] )[[CLOSE]] +[[ADDOP]] d[[UNKNOWN]] ([[OPEN]] ξ[[UNKNOWN]] _{C}[[POSTSUBSCRIPT]] \rfloor[[CLOSE]] S[[UNKNOWN]] _{2k-1}[[POSTSUBSCRIPT]] ([[OPEN]] B[[UNKNOWN]] )[[CLOSE]] )[[CLOSE]]
Warning:not_parsed:UNKNOWN>OPEN MathParser failed to match rule 'Anything'
	at 0303059.tex; line 670 col 1 - line 670 col 1
	In "$\displaystyle d(\xi_{C}\rfloor d{\twlgot S}_{2k-1}(B))={\bf L}_{\xi_{C}}(d{%
	\twlgot S}_{2k-1}(B))={\bf L}_{\xi_{C}}P_{2k}({\twlgot F})=0.\@@ENDINLINEMATH"
	d[[UNKNOWN]]
	        > ([[OPEN]] ξ[[UNKNOWN]] _{C}[[POSTSUBSCRIPT]] \rfloor[[CLOSE]] d[[UNKNOWN]] S[[UNKNOWN]] _{2k-1}[[POSTSUBSCRIPT]] ([[OPEN]] B[[UNKNOWN]] )[[CLOSE]] )[[CLOSE]] =[[RELOP]] L[[UNKNOWN]] _{\xi_{C}}[[POSTSUBSCRIPT]] ([[OPEN]] d[[UNKNOWN]] S[[UNKNOWN]] _{2k-1}[[POSTSUBSCRIPT]] ([[OPEN]] B[[UNKNOWN]] )[[CLOSE]] )[[CLOSE]] =[[RELOP]] L[[UNKNOWN]] _{\xi_{C}}[[POSTSUBSCRIPT]] P[[UNKNOWN]] _{2k}[[POSTSUBSCRIPT]] ([[OPEN]] F[[UNKNOWN]] )[[CLOSE]] =[[RELOP]] 0[[NUMBER]]
Warning:not_parsed:UNKNOWN>OPEN MathParser failed to match rule 'Anything'
	at 0303059.tex; line 670 col 1 - line 672 col 3
	In "$\displaystyle d(\xi_{C}\rfloor d{\twlgot S}_{2k-1}(B))={\bf L}_{\xi_{C}}(d{%
	\twlgot S}_{2k-1}(B))={\bf L}_{\xi_{C}}P_{2k}({\twlgot F})=0.$"
	d[[UNKNOWN]]
	        > ([[OPEN]] ξ[[UNKNOWN]] _{C}[[POSTSUBSCRIPT]] \rfloor[[CLOSE]] d[[UNKNOWN]] S[[UNKNOWN]] _{2k-1}[[POSTSUBSCRIPT]] ([[OPEN]] B[[UNKNOWN]] )[[CLOSE]] )[[CLOSE]] =[[RELOP]] L[[UNKNOWN]] _{\xi_{C}}[[POSTSUBSCRIPT]] ([[OPEN]] d[[UNKNOWN]] S[[UNKNOWN]] _{2k-1}[[POSTSUBSCRIPT]] ([[OPEN]] B[[UNKNOWN]] )[[CLOSE]] )[[CLOSE]] =[[RELOP]] L[[UNKNOWN]] _{\xi_{C}}[[POSTSUBSCRIPT]] P[[UNKNOWN]] _{2k}[[POSTSUBSCRIPT]] ([[OPEN]] F[[UNKNOWN]] )[[CLOSE]] =[[RELOP]] 0[[NUMBER]]
Warning:not_parsed:UNKNOWN.POSTSUBSCRIPT>CLOSE MathParser failed to match rule 'Anything'
	at 0303059.tex; line 673 col 20 - line 673 col 45
	In "$\xi_{C}\rfloor d{\twlgot S}_{2k-1}(B)$"
	ξ[[UNKNOWN]] _{C}[[POSTSUBSCRIPT]]
	        > \rfloor[[CLOSE]] d[[UNKNOWN]] S[[UNKNOWN]] _{2k-1}[[POSTSUBSCRIPT]] ([[OPEN]] B[[UNKNOWN]] )[[CLOSE]]
Warning:not_parsed:UNKNOWN.POSTSUBSCRIPT>CLOSE MathParser failed to match rule 'Anything'
	at 0303059.tex; line 676 col 3 - line 676 col 3
	In "$\displaystyle\xi_{C}\rfloor d{\twlgot S}_{2k-1}(B)=d\psi+\varphi,\@@ENDINLINEMATH"
	ξ[[UNKNOWN]] _{C}[[POSTSUBSCRIPT]]
	        > \rfloor[[CLOSE]] d[[UNKNOWN]] S[[UNKNOWN]] _{2k-1}[[POSTSUBSCRIPT]] ([[OPEN]] B[[UNKNOWN]] )[[CLOSE]] =[[RELOP]] d[[UNKNOWN]] ψ[[UNKNOWN]] +[[ADDOP]] φ[[UNKNOWN]]
Warning:not_parsed:UNKNOWN.POSTSUBSCRIPT>CLOSE MathParser failed to match rule 'Anything'
	at 0303059.tex; line 676 col 3 - line 677 col 3
	In "$\displaystyle\xi_{C}\rfloor d{\twlgot S}_{2k-1}(B)=d\psi+\varphi,$"
	ξ[[UNKNOWN]] _{C}[[POSTSUBSCRIPT]]
	        > \rfloor[[CLOSE]] d[[UNKNOWN]] S[[UNKNOWN]] _{2k-1}[[POSTSUBSCRIPT]] ([[OPEN]] B[[UNKNOWN]] )[[CLOSE]] =[[RELOP]] d[[UNKNOWN]] ψ[[UNKNOWN]] +[[ADDOP]] φ[[UNKNOWN]]
Warning:not_parsed:RELOP.UNKNOWN.POSTSUBSCRIPT>OPEN MathParser failed to match rule 'Anything'
	at 0303059.tex; line 682 col 3 - line 682 col 3
	In "$\displaystyle{\bf L}_{J^{1}\xi_{C}}{\cal S}_{2k-1}(B)=d_{H}\sigma,\qquad%
	\sigma=h_{0}(\psi+\xi_{C}\rfloor{\twlgot S}_{2k-1}(B)).\@@ENDINLINEMATH"
	L[[UNKNOWN]] _{J^{1}\xi_{C}}[[POSTSUBSCRIPT]] S[[UNKNOWN]] _{2k-1}[[POSTSUBSCRIPT]] ([[OPEN]] B[[UNKNOWN]] )[[CLOSE]] =[[RELOP]] d[[UNKNOWN]] _{H}[[POSTSUBSCRIPT]] σ[[UNKNOWN]] ,[[PUNCT]] σ[[UNKNOWN]] =[[RELOP]] h[[UNKNOWN]] _{0}[[POSTSUBSCRIPT]]
	        > ([[OPEN]] ψ[[UNKNOWN]] +[[ADDOP]] ξ[[UNKNOWN]] _{C}[[POSTSUBSCRIPT]] \rfloor[[CLOSE]] S[[UNKNOWN]] _{2k-1}[[POSTSUBSCRIPT]] ([[OPEN]] B[[UNKNOWN]] )[[CLOSE]] )[[CLOSE]]
Warning:not_parsed:RELOP.UNKNOWN.POSTSUBSCRIPT>OPEN MathParser failed to match rule 'Anything'
	at 0303059.tex; line 682 col 3 - line 684 col 3
	In "$\displaystyle{\bf L}_{J^{1}\xi_{C}}{\cal S}_{2k-1}(B)=d_{H}\sigma,\qquad%
	\sigma=h_{0}(\psi+\xi_{C}\rfloor{\twlgot S}_{2k-1}(B)).$"
	L[[UNKNOWN]] _{J^{1}\xi_{C}}[[POSTSUBSCRIPT]] S[[UNKNOWN]] _{2k-1}[[POSTSUBSCRIPT]] ([[OPEN]] B[[UNKNOWN]] )[[CLOSE]] =[[RELOP]] d[[UNKNOWN]] _{H}[[POSTSUBSCRIPT]] σ[[UNKNOWN]] ,[[PUNCT]] σ[[UNKNOWN]] =[[RELOP]] h[[UNKNOWN]] _{0}[[POSTSUBSCRIPT]]
	        > ([[OPEN]] ψ[[UNKNOWN]] +[[ADDOP]] ξ[[UNKNOWN]] _{C}[[POSTSUBSCRIPT]] \rfloor[[CLOSE]] S[[UNKNOWN]] _{2k-1}[[POSTSUBSCRIPT]] ([[OPEN]] B[[UNKNOWN]] )[[CLOSE]] )[[CLOSE]]
Warning:not_parsed:POSTSUBSCRIPT.UNKNOWN.POSTSUPERSCRIPT>OPEN MathParser failed to match rule 'Anything'
	at 0303059.tex; line 711 col 3 - line 711 col 3
	In "$\displaystyle L_{\rm CS}=h_{0}({\twlgot S}_{3}(B))=ha^{G}_{mn}\varepsilon^{%
	\alpha\beta\gamma}[\frac{1}{2}a^{m}_{\alpha}({\cal F}^{n}_{\beta\gamma}-\frac{%
	1}{3}c^{n}_{pq}a^{p}_{\beta}a^{q}_{\gamma})-\@@ENDINLINEMATH"
	L[[UNKNOWN]] _{\rmCS}[[POSTSUBSCRIPT]] =[[RELOP]] h[[UNKNOWN]] _{0}[[POSTSUBSCRIPT]] ([[OPEN]] S[[UNKNOWN]] _{3}[[POSTSUBSCRIPT]] ([[OPEN]] B[[UNKNOWN]] )[[CLOSE]] )[[CLOSE]] =[[RELOP]] h[[UNKNOWN]] a[[UNKNOWN]] ^{G}[[POSTSUPERSCRIPT]] _{mn}[[POSTSUBSCRIPT]] ε[[UNKNOWN]] ^{\alpha\beta\gamma}[[POSTSUPERSCRIPT]]
	        > [[[OPEN]] \frac{1}{2}[[UNKNOWN]] a[[UNKNOWN]] ^{m}[[POSTSUPERSCRIPT]] _{\alpha}[[POSTSUBSCRIPT]] ([[OPEN]] F[[UNKNOWN]] ^{n}[[POSTSUPERSCRIPT]] _{\beta\gamma}[[POSTSUBSCRIPT]] -[[ADDOP]] \frac{1}{3}[[UNKNOWN]] c[[UNKNOWN]] ^{n}[[POSTSUPERSCRIPT]] _{pq}[[POSTSUBSCRIPT]] a[[UNKNOWN]] ^{p}[[POSTSUPERSCRIPT]] _{\beta}[[POSTSUBSCRIPT]] a[[UNKNOWN]] ^{q}[[POSTSUPERSCRIPT]] _{\gamma}[[POSTSUBSCRIPT]] )[[CLOSE]] -[[ADDOP]]
Warning:not_parsed:POSTSUBSCRIPT.UNKNOWN.POSTSUPERSCRIPT>OPEN MathParser failed to match rule 'Anything'
	at 0303059.tex; line 711 col 3 - line 714 col 1
	In "$\displaystyle L_{\rm CS}=h_{0}({\twlgot S}_{3}(B))=ha^{G}_{mn}\varepsilon^{%
	\alpha\beta\gamma}[\frac{1}{2}a^{m}_{\alpha}({\cal F}^{n}_{\beta\gamma}-\frac{%
	1}{3}c^{n}_{pq}a^{p}_{\beta}a^{q}_{\gamma})-$"
	L[[UNKNOWN]] _{\rmCS}[[POSTSUBSCRIPT]] =[[RELOP]] h[[UNKNOWN]] _{0}[[POSTSUBSCRIPT]] ([[OPEN]] S[[UNKNOWN]] _{3}[[POSTSUBSCRIPT]] ([[OPEN]] B[[UNKNOWN]] )[[CLOSE]] )[[CLOSE]] =[[RELOP]] h[[UNKNOWN]] a[[UNKNOWN]] ^{G}[[POSTSUPERSCRIPT]] _{mn}[[POSTSUBSCRIPT]] ε[[UNKNOWN]] ^{\alpha\beta\gamma}[[POSTSUPERSCRIPT]]
	        > [[[OPEN]] \frac{1}{2}[[UNKNOWN]] a[[UNKNOWN]] ^{m}[[POSTSUPERSCRIPT]] _{\alpha}[[POSTSUBSCRIPT]] ([[OPEN]] F[[UNKNOWN]] ^{n}[[POSTSUPERSCRIPT]] _{\beta\gamma}[[POSTSUBSCRIPT]] -[[ADDOP]] \frac{1}{3}[[UNKNOWN]] c[[UNKNOWN]] ^{n}[[POSTSUPERSCRIPT]] _{pq}[[POSTSUBSCRIPT]] a[[UNKNOWN]] ^{p}[[POSTSUPERSCRIPT]] _{\beta}[[POSTSUBSCRIPT]] a[[UNKNOWN]] ^{q}[[POSTSUPERSCRIPT]] _{\gamma}[[POSTSUBSCRIPT]] )[[CLOSE]] -[[ADDOP]]
Warning:not_parsed:POSTSUPERSCRIPT.POSTSUBSCRIPT.CLOSE>CLOSE MathParser failed to match rule 'Anything'
	at 0303059.tex; line 714 col 9 - line 714 col 9
	In "$\displaystyle\qquad\frac{1}{2}B^{m}_{\alpha}(F(B)^{n}_{\beta\gamma}-\frac{1}{%
	3}c^{n}_{pq}B^{p}_{\beta}B^{q}_{\gamma})-d_{\alpha}(a^{m}_{\beta}B^{n}_{\gamma%
	})]d^{3}x,\@@ENDINLINEMATH"
	\frac{1}{2}[[UNKNOWN]] B[[UNKNOWN]] ^{m}[[POSTSUPERSCRIPT]] _{\alpha}[[POSTSUBSCRIPT]] ([[OPEN]] F[[UNKNOWN]] ([[OPEN]] B[[UNKNOWN]] )[[CLOSE]] ^{n}[[POSTSUPERSCRIPT]] _{\beta\gamma}[[POSTSUBSCRIPT]] -[[ADDOP]] \frac{1}{3}[[UNKNOWN]] c[[UNKNOWN]] ^{n}[[POSTSUPERSCRIPT]] _{pq}[[POSTSUBSCRIPT]] B[[UNKNOWN]] ^{p}[[POSTSUPERSCRIPT]] _{\beta}[[POSTSUBSCRIPT]] B[[UNKNOWN]] ^{q}[[POSTSUPERSCRIPT]] _{\gamma}[[POSTSUBSCRIPT]] )[[CLOSE]] -[[ADDOP]] d[[UNKNOWN]] _{\alpha}[[POSTSUBSCRIPT]] ([[OPEN]] a[[UNKNOWN]] ^{m}[[POSTSUPERSCRIPT]] _{\beta}[[POSTSUBSCRIPT]] B[[UNKNOWN]] ^{n}[[POSTSUPERSCRIPT]] _{\gamma}[[POSTSUBSCRIPT]] )[[CLOSE]]
	        > ][[CLOSE]] d[[UNKNOWN]] ^{3}[[POSTSUPERSCRIPT]] x[[UNKNOWN]]
Warning:not_parsed:POSTSUPERSCRIPT.POSTSUBSCRIPT.CLOSE>CLOSE MathParser failed to match rule 'Anything'
	at 0303059.tex; line 714 col 9 - line 717 col 1
	In "$\displaystyle\qquad\frac{1}{2}B^{m}_{\alpha}(F(B)^{n}_{\beta\gamma}-\frac{1}{%
	3}c^{n}_{pq}B^{p}_{\beta}B^{q}_{\gamma})-d_{\alpha}(a^{m}_{\beta}B^{n}_{\gamma%
	})]d^{3}x,$"
	\frac{1}{2}[[UNKNOWN]] B[[UNKNOWN]] ^{m}[[POSTSUPERSCRIPT]] _{\alpha}[[POSTSUBSCRIPT]] ([[OPEN]] F[[UNKNOWN]] ([[OPEN]] B[[UNKNOWN]] )[[CLOSE]] ^{n}[[POSTSUPERSCRIPT]] _{\beta\gamma}[[POSTSUBSCRIPT]] -[[ADDOP]] \frac{1}{3}[[UNKNOWN]] c[[UNKNOWN]] ^{n}[[POSTSUPERSCRIPT]] _{pq}[[POSTSUBSCRIPT]] B[[UNKNOWN]] ^{p}[[POSTSUPERSCRIPT]] _{\beta}[[POSTSUBSCRIPT]] B[[UNKNOWN]] ^{q}[[POSTSUPERSCRIPT]] _{\gamma}[[POSTSUBSCRIPT]] )[[CLOSE]] -[[ADDOP]] d[[UNKNOWN]] _{\alpha}[[POSTSUBSCRIPT]] ([[OPEN]] a[[UNKNOWN]] ^{m}[[POSTSUPERSCRIPT]] _{\beta}[[POSTSUBSCRIPT]] B[[UNKNOWN]] ^{n}[[POSTSUPERSCRIPT]] _{\gamma}[[POSTSUBSCRIPT]] )[[CLOSE]]
	        > ][[CLOSE]] d[[UNKNOWN]] ^{3}[[POSTSUPERSCRIPT]] x[[UNKNOWN]]
 15.24 sec)
Math parsing succeeded:
   ltx:XMath: 265/291
   ltx:XMArg: 1118/1118
Symbols assumed as simple identifiers (with # of occurences):
   'A{italic}' (18), 'B{italic}' (151), 'C{italic}' (17), 'F{caligraphic}' (14), 'F{fraktur}' (56), 'F{italic}' (24), 'G{italic}' (2), 'H{italic}' (6), 'I{italic}' (5), 'J{fraktur}' (17), 'J{italic}' (52), 'K{italic}' (1), 'L{bold}' (39), 'L{caligraphic}' (11), 'L{italic}' (43), 'P{caligraphic}' (4), 'P{fraktur}' (4), 'P{italic}' (47), 'S{caligraphic}' (10), 'S{fraktur}' (56), 'S{italic}' (6), 'T{italic}' (1), 'V{italic}' (9), 'X{italic}' (27), 'Y{italic}' (16), 'alpha' (10), 'a{italic}' (106), 'beta' (14), 'b{italic}' (16), 'c{italic}' (41), 'delta' (13), 'd{italic}' (152), 'epsilon' (19), 'eta' (6), 'e{italic}' (21), 'gamma' (14), 'g{fraktur}' (5), 'h{italic}' (52), 'k{italic}' (92), 'lambda' (39), 'mu' (57), 'm{italic}' (11), 'n{italic}' (12), 'omega' (14), 'phi' (1), 'psi' (8), 'p{italic}' (33), 'q{italic}' (33), 'r{italic}' (104), 'sigma' (12), 't{italic}' (84), 'u{italic}' (36), 'varepsilon' (14), 'varphi' (9), 'xi' (78), 'x{italic}' (63), 'y{italic}' (16), 'zeta' (1), 'z{italic}' (2)
Set MATHPARSER_SPECULATE to speculate on possible notations.
(Finalizing... 1.39 sec)
Conversion complete 26 warnings (See /home/user/latex-in-arxiv/0303059.latexml.log) (reqd. 30.69s)
