latexml (LaTeXML version 0.8.6) processing 2003/0303200.tex
(Digesting TeX 0303200...
(Loading /usr/share/perl5/LaTeXML/Package/TeX.pool.ltxml...
(Loading /usr/share/perl5/LaTeXML/Package/eTeX.pool.ltxml... 0.01 sec)
(Loading /usr/share/perl5/LaTeXML/Package/pdfTeX.pool.ltxml... 0.01 sec) 0.18 sec)
(Processing content /home/user/latex-in-arxiv/2003/0303200.tex...
(Loading /usr/share/perl5/LaTeXML/Package/LaTeX.pool.ltxml...
(Loading /usr/share/perl5/LaTeXML/Package/textcomp.sty.ltxml...
(Processing definitions /usr/share/texlive/texmf-dist/tex/latex-dev/base/ts1enc.dfu... 0.04 sec) 1.46 sec) 1.72 sec)
(Loading /usr/share/perl5/LaTeXML/Package/article.cls.ltxml... 0.01 sec)
(Loading /usr/share/perl5/LaTeXML/Package/amsthm.sty.ltxml... 0.01 sec)
(Loading /usr/share/perl5/LaTeXML/Package/amsmath.sty.ltxml...
(Loading /usr/share/perl5/LaTeXML/Package/amsbsy.sty.ltxml...
(Loading /usr/share/perl5/LaTeXML/Package/amsgen.sty.ltxml... 0.00 sec) 0.01 sec)
(Loading /usr/share/perl5/LaTeXML/Package/amstext.sty.ltxml... 0.01 sec)
(Loading /usr/share/perl5/LaTeXML/Package/amsopn.sty.ltxml... 0.01 sec) 0.06 sec)
(Loading /usr/share/perl5/LaTeXML/Package/amsfonts.sty.ltxml... 0.00 sec)
Warning:missing_file:emlines Can't find binding for package emlines
	at 0303200.tex; line 4 col 0 - line 4 col 1
	Anticipate undefined macros or environments
	search paths are /home/user/latex-in-arxiv/2003, /home/user/latex-in-arxiv
	In Core::Definition::Constructor[\usepac... /usr/share/perl5/LaTeXML/Package/LaTeX.pool.ltxml; line 806
(Loading /usr/share/perl5/LaTeXML/Package/epsf.sty.ltxml... 0.01 sec)
Error:undefined:\emline The token T_CS[\emline] is not defined.
	at 0303200.tex; line 470 col 7 - line 470 col 7
	Defining it now as <ltx:ERROR/>
	Next token is T_BEGIN[{] ( == T_BEGIN[{])
	In Core::Gullet[@0x55cb8f6318c0] /home/user/latex-in-arxiv/2003/0303200.tex; from line 470 col 8 to line 470 col 8
	 <= Core::Stomach[@0x55cb91e090f0] <= Core::Definition::Constructor[\begin{... <= Core::Stomach[@0x55cb91e090f0] <= ...
 5.10 sec) 5.30 sec)
(Building...
(Loading compiled schema /usr/share/perl5/LaTeXML/resources/RelaxNG/LaTeXML.model... 0.01 sec)
Info:malformed:id Duplicated attribute xml:id
	at 0303200.tex; line 106 col 0 - line 106 col 3
	Using id='S1.E2a' on <ltx:XMRow _box="Alignment[]" _font="Font[math,medium,italic,10,bla..."/>
	id='S1.E2' already set on <ltx:equation _box="LaTeXML::Core::Alignment=HASH(..." _font="Font[serif,medium,upright,10,b..." xml:id="S1.E2" _ID_counter_m_="1">...
Info:malformed:id Duplicated attribute xml:id
	at 0303200.tex; line 125 col 0 - line 125 col 3
	Using id='S1.E6a' on <ltx:XMRow _box="Alignment[]" _font="Font[math,medium,italic,10,bla..."/>
	id='S1.E6' already set on <ltx:equation _box="LaTeXML::Core::Alignment=HASH(..." _font="Font[serif,medium,upright,10,b..." xml:id="S1.E6" _ID_counter_m_="1" labels="LABEL:tau_sing">...
Info:malformed:id Duplicated attribute xml:id
	at 0303200.tex; line 186 col 0 - line 186 col 3
	Using id='S2.E10a' on <ltx:XMRow _box="Alignment[]" _font="Font[math,medium,italic,10,bla..."/>
	id='S2.E10' already set on <ltx:equation _box="LaTeXML::Core::Alignment=HASH(..." _font="Font[serif,medium,upright,10,b..." xml:id="S2.E10" _ID_counter_m_="1" labels="LABEL:Dirac_eq">...
Info:malformed:id Duplicated attribute xml:id
	at 0303200.tex; line 193 col 0 - line 193 col 3
	Using id='S2.E14a' on <ltx:XMRow _box="Alignment[]" _font="Font[math,medium,italic,10,bla..."/>
	id='S2.E14' already set on <ltx:equation _box="LaTeXML::Core::Alignment=HASH(..." _font="Font[serif,medium,upright,10,b..." xml:id="S2.E14" _ID_counter_m_="1">...
Info:malformed:id Duplicated attribute xml:id
	at 0303200.tex; line 197 col 0 - line 197 col 4
	Using id='S2.E14b' on <ltx:XMRow _box="Alignment[]" _font="Font[math,medium,italic,10,bla..."/>
	id='S2.E14' already set on <ltx:equation _box="LaTeXML::Core::Alignment=HASH(..." _font="Font[serif,medium,upright,10,b..." xml:id="S2.E14" _ID_counter_m_="1" labels="LABEL:Psi">...
Info:malformed:id Duplicated attribute xml:id
	at 0303200.tex; line 211 col 0 - line 211 col 3
	Using id='S2.E18a' on <ltx:XMRow _box="Alignment[]" _font="Font[math,medium,italic,10,bla..."/>
	id='S2.E18' already set on <ltx:equation _box="LaTeXML::Core::Alignment=HASH(..." _font="Font[serif,medium,upright,10,b..." xml:id="S2.E18" _ID_counter_m_="1" labels="LABEL:chiral_eq">...
Info:malformed:id Duplicated attribute xml:id
	at 0303200.tex; line 223 col 0 - line 223 col 3
	Using id='S2.E24a' on <ltx:XMRow _box="Alignment[]" _font="Font[math,medium,italic,10,bla..."/>
	id='S2.E24' already set on <ltx:equation _box="LaTeXML::Core::Alignment=HASH(..." _font="Font[serif,medium,upright,10,b..." xml:id="S2.E24" _ID_counter_m_="1">...
Info:malformed:id Duplicated attribute xml:id
	at 0303200.tex; line 242 col 0 - line 242 col 3
	Using id='S2.E28a' on <ltx:XMRow _box="Alignment[]" _font="Font[math,medium,italic,10,bla..."/>
	id='S2.E28' already set on <ltx:equation _box="LaTeXML::Core::Alignment=HASH(..." _font="Font[serif,medium,upright,10,b..." xml:id="S2.E28" _ID_counter_m_="1" labels="LABEL:BPS_mon">...
Info:malformed:id Duplicated attribute xml:id
	at 0303200.tex; line 259 col 0 - line 259 col 3
	Using id='S2.E30a' on <ltx:XMRow _box="Alignment[]" _font="Font[math,medium,italic,10,bla..."/>
	id='S2.E30' already set on <ltx:equation _box="LaTeXML::Core::Alignment=HASH(..." _font="Font[serif,medium,upright,10,b..." xml:id="S2.E30" _ID_counter_m_="1">...
Info:malformed:id Duplicated attribute xml:id
	at 0303200.tex; line 270 col 0 - line 270 col 3
	Using id='S2.E34a' on <ltx:XMRow _box="Alignment[]" _font="Font[math,medium,italic,10,bla..."/>
	id='S2.E34' already set on <ltx:equation _box="LaTeXML::Core::Alignment=HASH(..." _font="Font[serif,medium,upright,10,b..." xml:id="S2.E34" _ID_counter_m_="1" labels="LABEL:sol_homog">...
Info:malformed:id Duplicated attribute xml:id
	at 0303200.tex; line 279 col 0 - line 279 col 3
	Using id='S2.E38a' on <ltx:XMRow _box="Alignment[]" _font="Font[math,medium,italic,10,bla..."/>
	id='S2.E38' already set on <ltx:equation _box="LaTeXML::Core::Alignment=HASH(..." _font="Font[serif,medium,upright,10,b..." xml:id="S2.E38" _ID_counter_m_="1" labels="LABEL:xieq">...
Info:malformed:id Duplicated attribute xml:id
	at 0303200.tex; line 287 col 0 - line 287 col 3
	Using id='S2.E42a' on <ltx:XMRow _box="Alignment[]" _font="Font[math,medium,italic,10,bla..."/>
	id='S2.E42' already set on <ltx:equation _box="LaTeXML::Core::Alignment=HASH(..." _font="Font[serif,medium,upright,10,b..." xml:id="S2.E42" _ID_counter_m_="1" labels="LABEL:der_eq2">...
Info:malformed:id Duplicated attribute xml:id
	at 0303200.tex; line 313 col 0 - line 313 col 3
	Using id='S2.E44a' on <ltx:XMRow _box="Alignment[]" _font="Font[math,medium,italic,10,bla..."/>
	id='S2.E44' already set on <ltx:equation _box="LaTeXML::Core::Alignment=HASH(..." _font="Font[serif,medium,upright,10,b..." xml:id="S2.E44" _ID_counter_m_="1">...
Info:malformed:id Duplicated attribute xml:id
	at 0303200.tex; line 323 col 0 - line 323 col 3
	Using id='S2.E48a' on <ltx:XMRow _box="Alignment[]" _font="Font[math,medium,italic,10,bla..."/>
	id='S2.E48' already set on <ltx:equation _box="LaTeXML::Core::Alignment=HASH(..." _font="Font[serif,medium,upright,10,b..." xml:id="S2.E48" _ID_counter_m_="1" labels="LABEL:zero_asympt1">...
Info:malformed:id Duplicated attribute xml:id
	at 0303200.tex; line 330 col 0 - line 330 col 3
	Using id='S2.E52a' on <ltx:XMRow _box="Alignment[]" _font="Font[math,medium,italic,10,bla..."/>
	id='S2.E52' already set on <ltx:equation _box="LaTeXML::Core::Alignment=HASH(..." _font="Font[serif,medium,upright,10,b..." xml:id="S2.E52" _ID_counter_m_="1" labels="LABEL:zero_asympt2">...
Info:malformed:id Duplicated attribute xml:id
	at 0303200.tex; line 351 col 0 - line 351 col 3
	Using id='S2.E54a' on <ltx:XMRow _box="Alignment[]" _font="Font[math,medium,italic,10,bla..."/>
	id='S2.E54' already set on <ltx:equation _box="LaTeXML::Core::Alignment=HASH(..." _font="Font[serif,medium,upright,10,b..." xml:id="S2.E54" _ID_counter_m_="1">...
Info:malformed:id Duplicated attribute xml:id
	at 0303200.tex; line 357 col 0 - line 357 col 3
	Using id='S2.E56a' on <ltx:XMRow _box="Alignment[]" _font="Font[math,medium,italic,10,bla..."/>
	id='S2.E56' already set on <ltx:equation _box="LaTeXML::Core::Alignment=HASH(..." _font="Font[serif,medium,upright,10,b..." xml:id="S2.E56" _ID_counter_m_="1">...
Info:malformed:id Duplicated attribute xml:id
	at 0303200.tex; line 362 col 0 - line 362 col 3
	Using id='S2.E58a' on <ltx:XMRow _box="Alignment[]" _font="Font[math,medium,italic,10,bla..."/>
	id='S2.E58' already set on <ltx:equation _box="LaTeXML::Core::Alignment=HASH(..." _font="Font[serif,medium,upright,10,b..." xml:id="S2.E58" _ID_counter_m_="1">...
Info:malformed:id Duplicated attribute xml:id
	at 0303200.tex; line 368 col 0 - line 368 col 3
	Using id='S2.E60a' on <ltx:XMRow _box="Alignment[]" _font="Font[math,medium,italic,10,bla..."/>
	id='S2.E60' already set on <ltx:equation _box="LaTeXML::Core::Alignment=HASH(..." _font="Font[serif,medium,upright,10,b..." xml:id="S2.E60" _ID_counter_m_="1">...
Info:malformed:id Duplicated attribute xml:id
	at 0303200.tex; line 379 col 0 - line 379 col 3
	Using id='S2.E64a' on <ltx:XMRow _box="Alignment[]" _font="Font[math,medium,italic,10,bla..."/>
	id='S2.E64' already set on <ltx:equation _box="LaTeXML::Core::Alignment=HASH(..." _font="Font[serif,medium,upright,10,b..." xml:id="S2.E64" _ID_counter_m_="1" labels="LABEL:hypgeom2">...
Info:malformed:id Duplicated attribute xml:id
	at 0303200.tex; line 387 col 0 - line 387 col 3
	Using id='S2.E68a' on <ltx:XMRow _box="Alignment[]" _font="Font[math,medium,italic,10,bla..."/>
	id='S2.E68' already set on <ltx:equation _box="LaTeXML::Core::Alignment=HASH(..." _font="Font[serif,medium,upright,10,b..." xml:id="S2.E68" _ID_counter_m_="1" labels="LABEL:sol_xi,zeta">...
Info:malformed:id Duplicated attribute xml:id
	at 0303200.tex; line 405 col 0 - line 405 col 3
	Using id='S2.E70a' on <ltx:XMRow _box="Alignment[]" _font="Font[math,medium,italic,10,bla..."/>
	id='S2.E70' already set on <ltx:equation _box="LaTeXML::Core::Alignment=HASH(..." _font="Font[serif,medium,upright,10,b..." xml:id="S2.E70" _ID_counter_m_="1">...
Info:malformed:id Duplicated attribute xml:id
	at 0303200.tex; line 416 col 0 - line 416 col 3
	Using id='S2.E72a' on <ltx:XMRow _box="Alignment[]" _font="Font[math,medium,italic,10,bla..."/>
	id='S2.E72' already set on <ltx:equation _box="LaTeXML::Core::Alignment=HASH(..." _font="Font[serif,medium,upright,10,b..." xml:id="S2.E72" _ID_counter_m_="1">...
 1.90 sec)
(Rewriting... 0.05 sec)
(Math Parsing 158 formulae ...... 3.02 sec)
Math parsing succeeded:
   ltx:XMArg: 508/508
   ltx:XMath: 158/158
Symbols assumed as simple identifiers (with # of occurences):
   'A{italic}' (19), 'C{italic}' (9), 'D{italic}' (5), 'E{italic}' (13), 'F{italic}' (6), 'Gamma' (1), 'H{italic}' (2), 'Lambda' (1), 'M{caligraphic}' (8), 'N{italic}' (7), 'Psi' (14), 'S{italic}' (9), 'U{italic}' (5), 'Z{italic}' (2), 'alpha' (6), 'a{italic}' (45), 'ch' (5), 'chi' (16), 'const' (1), 'cth' (4), 'c{italic}' (2), 'delta' (4), 'epsilon' (2), 'eta' (16), 'e{italic}' (23), 'gamma' (8), 'i{italic}' (15), 'j{italic}' (2), 'l{italic}' (4), 'm{italic}' (72), 'n{italic}' (29), 'or' (2), 'pi' (14), 'psi' (11), 'rho' (35), 'r{italic}' (38), 'sh' (10), 'sigma' (4), 'tau' (2), 'th' (4), 'varphi' (6), 'v{italic}' (2), 'xi' (26), 'x{italic}' (13), 'y{italic}' (12), 'zeta' (26)
Set MATHPARSER_SPECULATE to speculate on possible notations.
(Finalizing... 0.30 sec)
Conversion complete 1 warning; 1 error; 1 undefined macro[\emline]; 1 missing file[emlines.sty] (See /home/user/latex-in-arxiv/0303200.latexml.log) (reqd. 10.84s)
