latexmlpost (LaTeXML version 0.8.6) paginating /home/user/latex-in-arxiv/2003/0303085.xml
Error:malformed:document Document fails RelaxNG validation (LaTeXML)
	Validation reports: /home/user/latex-in-arxiv/2003/0303085.xml:0: Relax-NG validity error : Element document has extra content: resource
	(Jing may provide a more precise report; https://relaxng.org/jclark/jing.html)
	In Post::Document[] /home/user/latex-in-arxiv/2003/0303085.xml
(post-processing...
(Scan  processing...
Scan: DBStatus: 527/0 objects
 0.20 sec)
(MakeBibliography  processing... 0.00 sec)
(CrossRef  processing...
Warning:expected:ids Missing File location for ID: bib.bib1,bib.bib2,S1.E3,S1.E4,A2,id1,bib.bib3
	In Post::CrossRef[@0x55fc456ae370] ->process
Warning:expected:ids Missing Target for Label: LABEL:necessary,LABEL:KSE
	In Post::CrossRef[@0x55fc456ae370] ->process
 0.11 sec)
(MathML::Presentation  190 to process...
converted 190 Maths
 1.20 sec)
(XSLT[using LaTeXML-html5.xsl]  processing... 0.16 sec)
(Writer  processing... 0.00 sec) 1.68 sec)
Postprocessing complete 2 warnings; 1 error (See /home/user/latex-in-arxiv/0303085.latexmlpost.log) (reqd. 1.95s)
