latexml (LaTeXML version 0.8.6) processing 2003/0303139.tex
(Digesting TeX 0303139...
(Loading /usr/share/perl5/LaTeXML/Package/TeX.pool.ltxml...
(Loading /usr/share/perl5/LaTeXML/Package/eTeX.pool.ltxml... 0.00 sec)
(Loading /usr/share/perl5/LaTeXML/Package/pdfTeX.pool.ltxml... 0.01 sec) 0.11 sec)
(Processing content /home/user/latex-in-arxiv/2003/0303139.tex...
(Processing content /usr/share/texlive/texmf-dist/tex/plain/harvmac/harvmac.tex...
 big or little (b/l)? 
(This will be reduced.
 0.08 sec)
(Loading /usr/share/perl5/LaTeXML/Package/epsf.tex.ltxml...
(Loading /usr/share/perl5/LaTeXML/Package/epsf.sty.ltxml... 0.00 sec) 0.01 sec)
(1. Introduction)
(2.  Closed string emission from a rolling tachyon)
(2.1. Review of Sen's computation)
(2.2. Closed string radiation)
(2.3. Remarks on the fate of branes)
(2.4. Superstring case)
(2.5. One loop diagram)
(FIGURES WILL BE INCLUDED)
(3. D-instantons and the closed string final state)
(4.  Attempts of computing the back reaction)
(5. Conclusion)
(A. Particle production from a source)
(B.  Field theory model)
(\hbox {B.}1. Static solitons)
(\hbox {B.}2. Coupling to closed string modes)
(C.  Brane deformation due to closed string backgrounds )
(Processing content refs.tmp... 0.22 sec) 4.80 sec) 4.99 sec)
(Building...
(Loading compiled schema /usr/share/perl5/LaTeXML/resources/RelaxNG/LaTeXML.model... 0.01 sec) 7.33 sec)
(Rewriting... 0.24 sec)
(Math Parsing 564 formulae ......
Warning:not_parsed:RELOP.METARELOP>UNKNOWN MathParser failed to match rule 'Anything'
	at 0303139.tex; line 2185 col 0 - line 2185 col 2
	In "$$\eqalign{\widehat{S}&=T{\tenrm exp}\left[-i\int d^{d}x\,\phi^{in}(x)\cdot J(%
	x)\right]\cr&=:{\tenrm exp}\left[-i\int d^{d}x\,\vec{\phi}^{in}(x)\cdot\vec{J}%
	(x)\right]:{\tenrm exp}\left[i\,W\right]}$$"
	=[[RELOP]] :[[METARELOP]]
	        > exp[[UNKNOWN]] \left[[[OPEN]] -[[ADDOP]] i[[UNKNOWN]] ∫[[INTOP]] d[[UNKNOWN]] ^{d}[[POSTSUPERSCRIPT]] x[[UNKNOWN]] \vec{\phi}[[UNKNOWN]] ^{in}[[POSTSUPERSCRIPT]] ([[OPEN]] x[[UNKNOWN]] )[[CLOSE]] ⋅[[MULOP]] \vec{J}[[UNKNOWN]] ([[OPEN]] x[[UNKNOWN]] )[[CLOSE]] \right][[CLOSE]] :[[METARELOP]] exp[[UNKNOWN]] \left[[[OPEN]] i[[UNKNOWN]] W[[UNKNOWN]] \right][[CLOSE]]
 17.80 sec)
Math parsing succeeded:
   ltx:XMath: 564/564
   ltx:XMArg: 1156/1157
   ltx:XMWrap: 6/9
Symbols assumed as simple identifiers (with # of occurences):
   'A{caligraphic}' (4), 'A{italic}' (2), 'B{italic}' (44), 'C{caligraphic}' (6), 'C{italic}' (2), 'Delta' (2), 'D{italic}' (2), 'E{italic}' (67), 'G{italic}' (15), 'H{caligraphic}' (4), 'H{italic}' (4), 'Im' (7), 'I{italic}' (9), 'J{italic}' (20), 'K{italic}' (5), 'L{italic}' (24), 'M{italic}' (12), 'N{caligraphic}' (9), 'N{italic}' (4), 'O{caligraphic}' (4), 'O{italic}' (2), 'Phi' (2), 'Psi' (5), 'P{italic}' (2), 'Q{italic}' (2), 'R{italic}' (1), 'S{italic}' (14), 'T{italic}' (41), 'V{italic}' (46), 'W{italic}' (6), 'X{italic}' (38), 'Y{italic}' (10), 'Z{bold}' (1), 'Z{caligraphic}' (1), 'Z{italic}' (1), 'alpha' (16), 'a{italic}' (47), 'beta' (1), 'b{italic}' (13), 'cosh' (7), 'c{italic}' (16), 'delta' (8), 'det' (1), 'd{italic}' (85), 'epsilon' (18), 'eta' (2), 'exp' (8), 'e{italic}' (74), 'f{italic}' (16), 'g{italic}' (22), 'h{italic}' (8), 'in' (9), 'i{italic}' (82), 'j{italic}' (9), 'k{italic}' (28), 'lambda' (30), 'l{italic}' (22), 'mu' (1), 'm{italic}' (21), 'nu' (1), 'n{italic}' (47), 'out' (4), 'o{italic}' (10), 'phi' (22), 'pi' (53), 'psi' (7), 'p{italic}' (47), 'q{italic}' (15), 'rho' (23), 'r{italic}' (21), 'sigma' (9), 'sinh' (6), 's{italic}' (41), 'tau' (7), 't{italic}' (157), 'u{italic}' (15), 'varphi' (1), 'v{italic}' (3), 'with' (1), 'x{italic}' (53), 'y{italic}' (19), 'z{italic}' (9)
Set MATHPARSER_SPECULATE to speculate on possible notations.
(Finalizing... 1.47 sec)
Conversion complete 1 warning (See /home/user/latex-in-arxiv/0303139.latexml.log) (reqd. 32.83s)
