latexmlpost (LaTeXML version 0.8.6) paginating /home/user/latex-in-arxiv/2003/0303213.xml
Error:malformed:document Document fails RelaxNG validation (LaTeXML)
	Validation reports: /home/user/latex-in-arxiv/2003/0303213.xml:0: Relax-NG validity error : Element document has extra content: resource
	(Jing may provide a more precise report; https://relaxng.org/jclark/jing.html)
	In Post::Document[] /home/user/latex-in-arxiv/2003/0303213.xml
(post-processing...
(Scan  processing...
Scan: DBStatus: 1003/0 objects
 0.37 sec)
(MakeBibliography  processing... 0.00 sec)
(CrossRef  processing...
Warning:expected:ids Missing File location for ID: bib.bib9,bib.bib15,S2.E8,bib.bib10,S2.E9,bib.bib5,bib.bib4,bib.bib8,bib.bib2,S2.E21,bib.bib26,bib.bib12,bib.bib13,S3.E7,bib.bib19,bib.bib11,S2.E17,S2.E13,bib.bib14,bib.bib3,S2.E22,bib.bib6,S3.Ex6,S2.E7,bib.bib24,S2.E18,bib.bib21,S2.E11,bib.bib23,S2.E4,S1.F1,S3,S2.E6,S3.E6,S2,S2.E19,bib.bib17,S2.E3,bib.bib20,S2.E14,bib.bib25,bib.bib7,S2.E12,S2.E1,S2.E23,S3.E1,bib.bib18,S2.E5,bib.bib16,bib.bib22,S3.E3,bib.bib1
	In Post::CrossRef[@0x55cc5c921970] ->process
Warning:expected:ids Missing Target for Label: LABEL:matching
	In Post::CrossRef[@0x55cc5c921970] ->process
 0.27 sec)
(SVG  4 to process...
(Loading compiled schema /usr/share/perl5/LaTeXML/resources/RelaxNG/LaTeXML.model... 0.01 sec) 0.03 sec)
(MathML::Presentation  479 to process...
converted 479 Maths
 2.54 sec)
(XSLT[using LaTeXML-html5.xsl]  processing... 0.36 sec)
(Writer  processing... 0.01 sec) 3.59 sec)
Postprocessing complete 2 warnings; 1 error (See /home/user/latex-in-arxiv/0303213.latexmlpost.log) (reqd. 3.88s)
