latexml (LaTeXML version 0.8.6) processing 2003/0303258.tex
(Digesting TeX 0303258...
(Loading /usr/share/perl5/LaTeXML/Package/TeX.pool.ltxml...
(Loading /usr/share/perl5/LaTeXML/Package/eTeX.pool.ltxml... 0.01 sec)
(Loading /usr/share/perl5/LaTeXML/Package/pdfTeX.pool.ltxml... 0.01 sec) 0.19 sec)
(Processing content /home/user/latex-in-arxiv/2003/0303258.tex...
(Loading /usr/share/perl5/LaTeXML/Package/LaTeX.pool.ltxml...
(Loading /usr/share/perl5/LaTeXML/Package/textcomp.sty.ltxml...
(Processing definitions /usr/share/texlive/texmf-dist/tex/latex-dev/base/ts1enc.dfu... 0.03 sec) 1.42 sec) 1.70 sec)
Info:unexpected:\documentstyle Entering LaTeX 2.09 Compatibility mode
	at 0303258.tex; line 1 col 0 - line 1 col 38
(Loading /usr/share/perl5/LaTeXML/Package/article.cls.ltxml... 0.01 sec)
(Loading /usr/share/perl5/LaTeXML/Package/amsfonts.sty.ltxml... 0.00 sec) 9.99 sec) 10.23 sec)
(Building...
(Loading compiled schema /usr/share/perl5/LaTeXML/resources/RelaxNG/LaTeXML.model... 0.01 sec) 9.23 sec)
(Rewriting... 0.30 sec)
(Math Parsing 228 formulae ......
Warning:not_parsed:POSTSUPERSCRIPT.POSTSUBSCRIPT.ADDOP>OPEN MathParser failed to match rule 'Anything'
	at 0303258.tex; line 1279 col 0 - line 1279 col 17
	In "\begin{equation}\begin{array}[]{rcl}G^{\delta}_{(1)\alpha\beta\gamma}&=&\frac{%
	1}{2}\frac{\partial\xi^{\nu}}{\partial x^{\beta}}\frac{\partial x^{\delta}}{%
	\partial\xi^{\kappa}}\left(\frac{\partial^{2}\xi^{\mu}}{\partial x^{\gamma}%
	\partial x^{\alpha}}-\frac{\partial^{2}\xi^{\mu}}{\partial x^{\alpha}\partial x%
	^{\gamma}}\right)\Gamma^{\kappa}_{\mu\nu}-(\beta\leftrightarrow\gamma)\\
	&&\\
	&&+\frac{\partial\xi^{\mu}}{\partial x^{\alpha}}\frac{\partial x^{\delta}}{%
	\partial\xi^{\kappa}}\left(\frac{\partial^{2}\xi^{\nu}}{\partial x^{\gamma}%
	\partial x^{\beta}}-\frac{\partial^{2}\xi^{\nu}}{\partial x^{\beta}\partial x^%
	{\gamma}}\right)\Gamma^{\kappa}_{\mu\nu},\end{array}\end{equation}"
	\frac{1}{2}[[UNKNOWN]] \frac{\partial\xi^{\nu}}{\partialx^{\beta}}[[UNKNOWN]] \frac{\partialx^{\delta}}{\partial\xi^{\kappa}}[[UNKNOWN]] \left([[OPEN]] \frac{\partial^{2}\xi^{\mu}}{\partialx^{\gamma}\partialx^{\alpha}}[[UNKNOWN]] -[[ADDOP]] \frac{\partial^{2}\xi^{\mu}}{\partialx^{\alpha}\partialx^{\gamma}}[[UNKNOWN]] \right)[[CLOSE]] Γ[[UNKNOWN]] ^{\kappa}[[POSTSUPERSCRIPT]] _{\mu\nu}[[POSTSUBSCRIPT]] -[[ADDOP]]
	        > ([[OPEN]] β[[UNKNOWN]] ↔[[METARELOP]] γ[[UNKNOWN]] )[[CLOSE]]
Warning:not_parsed:POSTSUPERSCRIPT.POSTSUBSCRIPT.ADDOP>OPEN MathParser failed to match rule 'Anything'
	at 0303258.tex; line 1304 col 0 - line 1304 col 52
	In "\begin{equation}\begin{array}[]{rcl}G^{\delta}_{(2)\alpha\beta\gamma}&=&\frac{%
	\partial\xi^{\mu}}{\partial x^{\alpha}}\frac{\partial\xi^{\nu}}{\partial x^{%
	\beta}}\frac{\partial\xi^{\lambda}}{\partial x^{\gamma}}\left(\frac{\partial^{%
	2}x^{\delta}}{\partial\xi^{\lambda}\partial\xi^{\kappa}}-\frac{\partial^{2}x^{%
	\delta}}{\partial\xi^{\kappa}\partial\xi^{\lambda}}\right)\Gamma^{\kappa}_{\mu%
	\nu}-(\beta\leftrightarrow\gamma)\\
	&&\\
	&&+\frac{1}{2}\frac{\partial\xi^{\mu}}{\partial x^{\alpha}}\frac{\partial\xi^{%
	\nu}}{\partial x^{\beta}}\frac{\partial x^{\alpha_{1}}}{\partial\xi^{\mu_{1}}}%
	\frac{\partial x^{\delta}}{\partial\xi^{\kappa}}\left(\frac{\partial^{2}\xi^{%
	\kappa}}{\partial x^{\gamma}\partial x^{\alpha_{1}}}-\frac{\partial^{2}\xi^{%
	\kappa}}{\partial x^{\alpha_{1}}\partial x^{\gamma}}\right)\Gamma^{\mu_{1}}_{%
	\mu\nu}-(\beta\leftrightarrow\gamma),\end{array}\end{equation}"
	\frac{\partial\xi^{\mu}}{\partialx^{\alpha}}[[UNKNOWN]] \frac{\partial\xi^{\nu}}{\partialx^{\beta}}[[UNKNOWN]] \frac{\partial\xi^{\lambda}}{\partialx^{\gamma}}[[UNKNOWN]] \left([[OPEN]] \frac{\partial^{2}x^{\delta}}{\partial\xi^{\lambda}\partial\xi^{\kappa}}[[UNKNOWN]] -[[ADDOP]] \frac{\partial^{2}x^{\delta}}{\partial\xi^{\kappa}\partial\xi^{\lambda}}[[UNKNOWN]] \right)[[CLOSE]] Γ[[UNKNOWN]] ^{\kappa}[[POSTSUPERSCRIPT]] _{\mu\nu}[[POSTSUBSCRIPT]] -[[ADDOP]]
	        > ([[OPEN]] β[[UNKNOWN]] ↔[[METARELOP]] γ[[UNKNOWN]] )[[CLOSE]]
Warning:not_parsed:POSTSUPERSCRIPT.POSTSUBSCRIPT.ADDOP>OPEN MathParser failed to match rule 'Anything'
	at 0303258.tex; line 1316 col 1 - line 1316 col 1
	+[[ADDOP]] \frac{1}{2}[[UNKNOWN]] \frac{\partial\xi^{\mu}}{\partialx^{\alpha}}[[UNKNOWN]] \frac{\partial\xi^{\nu}}{\partialx^{\beta}}[[UNKNOWN]] \frac{\partialx^{\alpha_{1}}}{\partial\xi^{\mu_{1}}}[[UNKNOWN]] \frac{\partialx^{\delta}}{\partial\xi^{\kappa}}[[UNKNOWN]] \left([[OPEN]] \frac{\partial^{2}\xi^{\kappa}}{\partialx^{\gamma}\partialx^{\alpha_{1}}}[[UNKNOWN]] -[[ADDOP]] \frac{\partial^{2}\xi^{\kappa}}{\partialx^{\alpha_{1}}\partialx^{\gamma}}[[UNKNOWN]] \right)[[CLOSE]] Γ[[UNKNOWN]] ^{\mu_{1}}[[POSTSUPERSCRIPT]] _{\mu\nu}[[POSTSUBSCRIPT]] -[[ADDOP]]
	        > ([[OPEN]] β[[UNKNOWN]] ↔[[METARELOP]] γ[[UNKNOWN]] )[[CLOSE]]
Warning:not_parsed:POSTSUPERSCRIPT.POSTSUBSCRIPT.ADDOP>OPEN MathParser failed to match rule 'Anything'
	at 0303258.tex; line 1334 col 0 - line 1334 col 17
	In "\begin{equation}\begin{array}[]{rcl}G^{\delta}_{(3)\alpha\beta\gamma}&=&\frac{%
	1}{2}\frac{\partial\xi^{\mu}}{\partial x^{\alpha}}\frac{\partial\xi^{\nu}}{%
	\partial x^{\beta}}\frac{\partial\xi^{\lambda}}{\partial x^{\gamma}}\frac{%
	\partial x^{\alpha_{1}}}{\partial\xi^{\mu_{1}}}g^{\delta\varepsilon}\eta_{%
	\lambda\mu_{2}}\left(\frac{\partial^{2}\xi^{\mu_{2}}}{\partial x^{\alpha_{1}}%
	\partial x^{\varepsilon}}-\frac{\partial^{2}\xi^{\mu_{2}}}{\partial x^{%
	\varepsilon}\partial x^{\alpha_{1}}}\right)\Gamma^{\mu_{1}}_{\mu\nu}-(\beta%
	\leftrightarrow\gamma)\\
	&&\\
	&&+\frac{1}{2}\frac{\partial\xi^{\mu}}{\partial x^{\alpha}}\frac{\partial\xi^{%
	\nu}}{\partial x^{\beta}}g^{\delta\varepsilon}\eta_{\lambda\mu_{1}}\left(\frac%
	{\partial^{2}\xi^{\lambda}}{\partial x^{\gamma}\partial x^{\varepsilon}}-\frac%
	{\partial^{2}\xi^{\lambda}}{\partial x^{\varepsilon}\partial x^{\gamma}}\right%
	)\Gamma^{\mu_{1}}_{\mu\nu}-(\beta\leftrightarrow\gamma)\\
	&&\\
	&&+\frac{1}{2}\frac{\partial\xi^{\mu}}{\partial x^{\alpha}}\frac{\partial\xi^{%
	\mu_{1}}}{\partial x^{\alpha_{1}}}\frac{\partial\xi^{\lambda}}{\partial x^{%
	\gamma}}\frac{\partial x^{\delta}}{\partial\xi^{\kappa}}g^{\alpha_{1}%
	\varepsilon}\eta_{\mu\nu}\left(\frac{\partial^{2}\xi^{\nu}}{\partial x^{\beta}%
	\partial x^{\varepsilon}}-\frac{\partial^{2}\xi^{\nu}}{\partial x^{\varepsilon%
	}\partial x^{\beta}}\right)\Gamma^{\kappa}_{\lambda\mu_{1}}-(\beta%
	\leftrightarrow\gamma)\\
	&&\\
	&&+\frac{1}{2}\frac{\partial\xi^{\nu}}{\partial x^{\beta}}\frac{\partial\xi^{%
	\mu_{1}}}{\partial x^{\alpha_{1}}}\frac{\partial\xi^{\lambda}}{\partial x^{%
	\gamma}}\frac{\partial x^{\delta}}{\partial\xi^{\kappa}}g^{\alpha_{1}%
	\varepsilon}\eta_{\mu\nu}\left(\frac{\partial^{2}\xi^{\mu}}{\partial x^{\alpha%
	}\partial x^{\varepsilon}}-\frac{\partial^{2}\xi^{\mu}}{\partial x^{%
	\varepsilon}\partial x^{\alpha}}\right)\Gamma^{\kappa}_{\lambda\mu_{1}}-(\beta%
	\leftrightarrow\gamma),\end{array}\end{equation}"
	\frac{1}{2}[[UNKNOWN]] \frac{\partial\xi^{\mu}}{\partialx^{\alpha}}[[UNKNOWN]] \frac{\partial\xi^{\nu}}{\partialx^{\beta}}[[UNKNOWN]] \frac{\partial\xi^{\lambda}}{\partialx^{\gamma}}[[UNKNOWN]] \frac{\partialx^{\alpha_{1}}}{\partial\xi^{\mu_{1}}}[[UNKNOWN]] g[[UNKNOWN]] ^{\delta\varepsilon}[[POSTSUPERSCRIPT]] η[[UNKNOWN]] _{\lambda\mu_{2}}[[POSTSUBSCRIPT]] \left([[OPEN]] \frac{\partial^{2}\xi^{\mu_{2}}}{\partialx^{\alpha_{1}}\partialx^{\varepsilon}}[[UNKNOWN]] -[[ADDOP]] \frac{\partial^{2}\xi^{\mu_{2}}}{\partialx^{\varepsilon}\partialx^{\alpha_{1}}}[[UNKNOWN]] \right)[[CLOSE]] Γ[[UNKNOWN]] ^{\mu_{1}}[[POSTSUPERSCRIPT]] _{\mu\nu}[[POSTSUBSCRIPT]] -[[ADDOP]]
	        > ([[OPEN]] β[[UNKNOWN]] ↔[[METARELOP]] γ[[UNKNOWN]] )[[CLOSE]]
Warning:not_parsed:POSTSUPERSCRIPT.POSTSUBSCRIPT.ADDOP>OPEN MathParser failed to match rule 'Anything'
	at 0303258.tex; line 1349 col 1 - line 1349 col 1
	+[[ADDOP]] \frac{1}{2}[[UNKNOWN]] \frac{\partial\xi^{\mu}}{\partialx^{\alpha}}[[UNKNOWN]] \frac{\partial\xi^{\nu}}{\partialx^{\beta}}[[UNKNOWN]] g[[UNKNOWN]] ^{\delta\varepsilon}[[POSTSUPERSCRIPT]] η[[UNKNOWN]] _{\lambda\mu_{1}}[[POSTSUBSCRIPT]] \left([[OPEN]] \frac{\partial^{2}\xi^{\lambda}}{\partialx^{\gamma}\partialx^{\varepsilon}}[[UNKNOWN]] -[[ADDOP]] \frac{\partial^{2}\xi^{\lambda}}{\partialx^{\varepsilon}\partialx^{\gamma}}[[UNKNOWN]] \right)[[CLOSE]] Γ[[UNKNOWN]] ^{\mu_{1}}[[POSTSUPERSCRIPT]] _{\mu\nu}[[POSTSUBSCRIPT]] -[[ADDOP]]
	        > ([[OPEN]] β[[UNKNOWN]] ↔[[METARELOP]] γ[[UNKNOWN]] )[[CLOSE]]
Warning:not_parsed:POSTSUPERSCRIPT.POSTSUBSCRIPT.ADDOP>OPEN MathParser failed to match rule 'Anything'
	at 0303258.tex; line 1361 col 4 - line 1361 col 4
	+[[ADDOP]] \frac{1}{2}[[UNKNOWN]] \frac{\partial\xi^{\mu}}{\partialx^{\alpha}}[[UNKNOWN]] \frac{\partial\xi^{\mu_{1}}}{\partialx^{\alpha_{1}}}[[UNKNOWN]] \frac{\partial\xi^{\lambda}}{\partialx^{\gamma}}[[UNKNOWN]] \frac{\partialx^{\delta}}{\partial\xi^{\kappa}}[[UNKNOWN]] g[[UNKNOWN]] ^{\alpha_{1}\varepsilon}[[POSTSUPERSCRIPT]] η[[UNKNOWN]] _{\mu\nu}[[POSTSUBSCRIPT]] \left([[OPEN]] \frac{\partial^{2}\xi^{\nu}}{\partialx^{\beta}\partialx^{\varepsilon}}[[UNKNOWN]] -[[ADDOP]] \frac{\partial^{2}\xi^{\nu}}{\partialx^{\varepsilon}\partialx^{\beta}}[[UNKNOWN]] \right)[[CLOSE]] Γ[[UNKNOWN]] ^{\kappa}[[POSTSUPERSCRIPT]] _{\lambda\mu_{1}}[[POSTSUBSCRIPT]] -[[ADDOP]]
	        > ([[OPEN]] β[[UNKNOWN]] ↔[[METARELOP]] γ[[UNKNOWN]] )[[CLOSE]]
Warning:not_parsed:POSTSUPERSCRIPT.POSTSUBSCRIPT.ADDOP>OPEN MathParser failed to match rule 'Anything'
	at 0303258.tex; line 1375 col 4 - line 1375 col 4
	+[[ADDOP]] \frac{1}{2}[[UNKNOWN]] \frac{\partial\xi^{\nu}}{\partialx^{\beta}}[[UNKNOWN]] \frac{\partial\xi^{\mu_{1}}}{\partialx^{\alpha_{1}}}[[UNKNOWN]] \frac{\partial\xi^{\lambda}}{\partialx^{\gamma}}[[UNKNOWN]] \frac{\partialx^{\delta}}{\partial\xi^{\kappa}}[[UNKNOWN]] g[[UNKNOWN]] ^{\alpha_{1}\varepsilon}[[POSTSUPERSCRIPT]] η[[UNKNOWN]] _{\mu\nu}[[POSTSUBSCRIPT]] \left([[OPEN]] \frac{\partial^{2}\xi^{\mu}}{\partialx^{\alpha}\partialx^{\varepsilon}}[[UNKNOWN]] -[[ADDOP]] \frac{\partial^{2}\xi^{\mu}}{\partialx^{\varepsilon}\partialx^{\alpha}}[[UNKNOWN]] \right)[[CLOSE]] Γ[[UNKNOWN]] ^{\kappa}[[POSTSUPERSCRIPT]] _{\lambda\mu_{1}}[[POSTSUBSCRIPT]] -[[ADDOP]]
	        > ([[OPEN]] β[[UNKNOWN]] ↔[[METARELOP]] γ[[UNKNOWN]] )[[CLOSE]]
Warning:not_parsed:ATOM.CLOSE.ADDOP>OPEN MathParser failed to match rule 'Anything'
	at 0303258.tex; line 1394 col 0 - line 1394 col 17
	In "\begin{equation}\begin{array}[]{rcl}G^{\delta}_{(4)\alpha\beta\gamma}&=&\frac{%
	1}{2}\frac{\partial\xi^{\nu}}{\partial x^{\beta}}g^{\delta\varepsilon}\eta_{%
	\mu\nu}\frac{\partial}{\partial x^{\gamma}}\left(\frac{\partial^{2}\xi^{\mu}}{%
	\partial x^{\alpha}\partial x^{\varepsilon}}-\frac{\partial^{2}\xi^{\mu}}{%
	\partial x^{\varepsilon}\partial x^{\alpha}}\right)-(\beta\leftrightarrow%
	\gamma)\\
	&&\\
	&&+\frac{1}{2}\frac{\partial\xi^{\mu}}{\partial x^{\alpha}}g^{\delta%
	\varepsilon}\eta_{\mu\nu}\frac{\partial}{\partial x^{\gamma}}\left(\frac{%
	\partial^{2}\xi^{\nu}}{\partial x^{\beta}\partial x^{\varepsilon}}-\frac{%
	\partial^{2}\xi^{\nu}}{\partial x^{\varepsilon}\partial x^{\beta}}\right)-(%
	\beta\leftrightarrow\gamma)\\
	&&\\
	&&+\frac{1}{2}\frac{\partial x^{\delta}}{\partial\xi^{\kappa}}\left(\frac{%
	\partial^{3}\xi^{\kappa}}{\partial x^{\gamma}\partial x^{\alpha}\partial x^{%
	\beta}}+\frac{\partial^{3}\xi^{\kappa}}{\partial x^{\gamma}\partial x^{\beta}%
	\partial x^{\alpha}}-\frac{\partial^{3}\xi^{\kappa}}{\partial x^{\beta}%
	\partial x^{\alpha}\partial x^{\gamma}}-\frac{\partial^{3}\xi^{\kappa}}{%
	\partial x^{\beta}\partial x^{\gamma}\partial x^{\alpha}}\right),\end{array}\end{equation}"
	\frac{1}{2}[[UNKNOWN]] \frac{\partial\xi^{\nu}}{\partialx^{\beta}}[[UNKNOWN]] g[[UNKNOWN]] ^{\delta\varepsilon}[[POSTSUPERSCRIPT]] η[[UNKNOWN]] _{\mu\nu}[[POSTSUBSCRIPT]] \frac{\partial}{\partialx^{\gamma}}[[UNKNOWN]] \left([[OPEN]] \frac{\partial^{2}\xi^{\mu}}{\partialx^{\alpha}\partialx^{\varepsilon}}[[UNKNOWN]] -[[ADDOP]] \frac{\partial^{2}\xi^{\mu}}{\partialx^{\varepsilon}\partialx^{\alpha}}[[UNKNOWN]] \right)[[CLOSE]] -[[ADDOP]]
	        > ([[OPEN]] β[[UNKNOWN]] ↔[[METARELOP]] γ[[UNKNOWN]] )[[CLOSE]]
Warning:not_parsed:ATOM.CLOSE.ADDOP>OPEN MathParser failed to match rule 'Anything'
	at 0303258.tex; line 1406 col 1 - line 1406 col 1
	+[[ADDOP]] \frac{1}{2}[[UNKNOWN]] \frac{\partial\xi^{\mu}}{\partialx^{\alpha}}[[UNKNOWN]] g[[UNKNOWN]] ^{\delta\varepsilon}[[POSTSUPERSCRIPT]] η[[UNKNOWN]] _{\mu\nu}[[POSTSUBSCRIPT]] \frac{\partial}{\partialx^{\gamma}}[[UNKNOWN]] \left([[OPEN]] \frac{\partial^{2}\xi^{\nu}}{\partialx^{\beta}\partialx^{\varepsilon}}[[UNKNOWN]] -[[ADDOP]] \frac{\partial^{2}\xi^{\nu}}{\partialx^{\varepsilon}\partialx^{\beta}}[[UNKNOWN]] \right)[[CLOSE]] -[[ADDOP]]
	        > ([[OPEN]] β[[UNKNOWN]] ↔[[METARELOP]] γ[[UNKNOWN]] )[[CLOSE]]
Warning:not_parsed:ATOM.CLOSE.ADDOP>OPEN MathParser failed to match rule 'Anything'
	at 0303258.tex; line 1435 col 0 - line 1435 col 17
	In "\begin{equation}\begin{array}[]{rcl}G^{\delta}_{(5)\alpha\beta\gamma}&=&\frac{%
	1}{2}\frac{\partial\xi^{\lambda}}{\partial x^{\gamma}}\left(\frac{\partial^{2}%
	x^{\delta}}{\partial\xi^{\lambda}\partial\xi^{\kappa}}-\frac{\partial^{2}x^{%
	\delta}}{\partial\xi^{\kappa}\partial\xi^{\lambda}}\right)\left(\frac{\partial%
	^{2}\xi^{\kappa}}{\partial x^{\alpha}\partial x^{\beta}}+\frac{\partial^{2}\xi%
	^{\kappa}}{\partial x^{\beta}\partial x^{\alpha}}\right)-(\beta\leftrightarrow%
	\gamma)\\
	&&\\
	&&+\frac{1}{4}\frac{\partial x^{\alpha_{1}}}{\partial\xi^{\mu_{1}}}\frac{%
	\partial x^{\delta}}{\partial\xi^{\kappa}}\left(\frac{\partial^{2}\xi^{\kappa}%
	}{\partial x^{\gamma}\partial x^{\alpha_{1}}}-\frac{\partial^{2}\xi^{\kappa}}{%
	\partial x^{\alpha_{1}}\partial x^{\gamma}}\right)\left(\frac{\partial^{2}\xi^%
	{\mu_{1}}}{\partial x^{\alpha}\partial x^{\beta}}+\frac{\partial^{2}\xi^{\mu_{%
	1}}}{\partial x^{\beta}\partial x^{\alpha}}\right)-(\beta\leftrightarrow\gamma%
	),\end{array}\end{equation}"
	\frac{1}{2}[[UNKNOWN]] \frac{\partial\xi^{\lambda}}{\partialx^{\gamma}}[[UNKNOWN]] \left([[OPEN]] \frac{\partial^{2}x^{\delta}}{\partial\xi^{\lambda}\partial\xi^{\kappa}}[[UNKNOWN]] -[[ADDOP]] \frac{\partial^{2}x^{\delta}}{\partial\xi^{\kappa}\partial\xi^{\lambda}}[[UNKNOWN]] \right)[[CLOSE]] \left([[OPEN]] \frac{\partial^{2}\xi^{\kappa}}{\partialx^{\alpha}\partialx^{\beta}}[[UNKNOWN]] +[[ADDOP]] \frac{\partial^{2}\xi^{\kappa}}{\partialx^{\beta}\partialx^{\alpha}}[[UNKNOWN]] \right)[[CLOSE]] -[[ADDOP]]
	        > ([[OPEN]] β[[UNKNOWN]] ↔[[METARELOP]] γ[[UNKNOWN]] )[[CLOSE]]
Warning:not_parsed:ATOM.CLOSE.ADDOP>OPEN MathParser failed to match rule 'Anything'
	at 0303258.tex; line 1450 col 1 - line 1450 col 1
	+[[ADDOP]] \frac{1}{4}[[UNKNOWN]] \frac{\partialx^{\alpha_{1}}}{\partial\xi^{\mu_{1}}}[[UNKNOWN]] \frac{\partialx^{\delta}}{\partial\xi^{\kappa}}[[UNKNOWN]] \left([[OPEN]] \frac{\partial^{2}\xi^{\kappa}}{\partialx^{\gamma}\partialx^{\alpha_{1}}}[[UNKNOWN]] -[[ADDOP]] \frac{\partial^{2}\xi^{\kappa}}{\partialx^{\alpha_{1}}\partialx^{\gamma}}[[UNKNOWN]] \right)[[CLOSE]] \left([[OPEN]] \frac{\partial^{2}\xi^{\mu_{1}}}{\partialx^{\alpha}\partialx^{\beta}}[[UNKNOWN]] +[[ADDOP]] \frac{\partial^{2}\xi^{\mu_{1}}}{\partialx^{\beta}\partialx^{\alpha}}[[UNKNOWN]] \right)[[CLOSE]] -[[ADDOP]]
	        > ([[OPEN]] β[[UNKNOWN]] ↔[[METARELOP]] γ[[UNKNOWN]] )[[CLOSE]]
Warning:not_parsed:ATOM.CLOSE.ADDOP>OPEN MathParser failed to match rule 'Anything'
	at 0303258.tex; line 1470 col 17 - line 1470 col 17
	In "\begin{equation}\begin{array}[]{rcl}G^{\delta}_{(6)\alpha\beta\gamma}&=&\frac{%
	1}{2}\left[\frac{\partial}{\partial x^{\gamma}}\left(\frac{\partial\xi^{\mu}}{%
	\partial x^{\alpha}}g^{\delta\varepsilon}\eta_{\mu\nu}\right)\right]\left(%
	\frac{\partial^{2}\xi^{\nu}}{\partial x^{\beta}\partial x^{\varepsilon}}-\frac%
	{\partial^{2}\xi^{\nu}}{\partial x^{\varepsilon}\partial x^{\beta}}\right)-(%
	\beta\leftrightarrow\gamma)\\
	&&\\
	&&+\frac{1}{2}\left[\frac{\partial}{\partial x^{\gamma}}\left(\frac{\partial%
	\xi^{\nu}}{\partial x^{\beta}}g^{\delta\varepsilon}\eta_{\mu\nu}\right)\right]%
	\left(\frac{\partial^{2}\xi^{\mu}}{\partial x^{\alpha}\partial x^{\varepsilon}%
	}-\frac{\partial^{2}\xi^{\mu}}{\partial x^{\varepsilon}\partial x^{\alpha}}%
	\right)-(\beta\leftrightarrow\gamma),\end{array}\end{equation}"
	\frac{1}{2}[[UNKNOWN]] \left[[[OPEN]] \frac{\partial}{\partialx^{\gamma}}[[UNKNOWN]] \left([[OPEN]] \frac{\partial\xi^{\mu}}{\partialx^{\alpha}}[[UNKNOWN]] g[[UNKNOWN]] ^{\delta\varepsilon}[[POSTSUPERSCRIPT]] η[[UNKNOWN]] _{\mu\nu}[[POSTSUBSCRIPT]] \right)[[CLOSE]] \right][[CLOSE]] \left([[OPEN]] \frac{\partial^{2}\xi^{\nu}}{\partialx^{\beta}\partialx^{\varepsilon}}[[UNKNOWN]] -[[ADDOP]] \frac{\partial^{2}\xi^{\nu}}{\partialx^{\varepsilon}\partialx^{\beta}}[[UNKNOWN]] \right)[[CLOSE]] -[[ADDOP]]
	        > ([[OPEN]] β[[UNKNOWN]] ↔[[METARELOP]] γ[[UNKNOWN]] )[[CLOSE]]
Warning:not_parsed:ATOM.CLOSE.ADDOP>OPEN MathParser failed to match rule 'Anything'
	at 0303258.tex; line 1484 col 1 - line 1484 col 1
	+[[ADDOP]] \frac{1}{2}[[UNKNOWN]] \left[[[OPEN]] \frac{\partial}{\partialx^{\gamma}}[[UNKNOWN]] \left([[OPEN]] \frac{\partial\xi^{\nu}}{\partialx^{\beta}}[[UNKNOWN]] g[[UNKNOWN]] ^{\delta\varepsilon}[[POSTSUPERSCRIPT]] η[[UNKNOWN]] _{\mu\nu}[[POSTSUBSCRIPT]] \right)[[CLOSE]] \right][[CLOSE]] \left([[OPEN]] \frac{\partial^{2}\xi^{\mu}}{\partialx^{\alpha}\partialx^{\varepsilon}}[[UNKNOWN]] -[[ADDOP]] \frac{\partial^{2}\xi^{\mu}}{\partialx^{\varepsilon}\partialx^{\alpha}}[[UNKNOWN]] \right)[[CLOSE]] -[[ADDOP]]
	        > ([[OPEN]] β[[UNKNOWN]] ↔[[METARELOP]] γ[[UNKNOWN]] )[[CLOSE]]
Warning:not_parsed:ATOM.CLOSE.ADDOP>OPEN MathParser failed to match rule 'Anything'
	at 0303258.tex; line 1502 col 0 - line 1502 col 17
	In "\begin{equation}\begin{array}[]{rcl}G^{\delta}_{(7)\alpha\beta\gamma}&=&\frac{%
	1}{4}\frac{\partial x^{\alpha_{1}}}{\partial\xi^{\mu_{1}}}\frac{\partial\xi^{%
	\lambda}}{\partial x^{\gamma}}g^{\delta\varepsilon}\eta_{\lambda\mu_{2}}\left(%
	\frac{\partial^{2}\xi^{\mu_{2}}}{\partial x^{\alpha_{1}}\partial x^{%
	\varepsilon}}-\frac{\partial^{2}\xi^{\mu_{2}}}{\partial x^{\varepsilon}%
	\partial x^{\alpha_{1}}}\right)\left(\frac{\partial^{2}\xi^{\mu_{1}}}{\partial
	x%
	^{\alpha}\partial x^{\beta}}+\frac{\partial^{2}\xi^{\mu_{1}}}{\partial x^{%
	\beta}\partial x^{\alpha}}\right)-(\beta\leftrightarrow\gamma)\\
	&&\\
	&&+\frac{1}{4}\frac{\partial x^{\delta}}{\partial\xi^{\kappa}}\frac{\partial%
	\xi^{\mu}}{\partial x^{\alpha}}g^{\alpha_{1}\varepsilon}\eta_{\mu\nu}\left(%
	\frac{\partial^{2}\xi^{\nu}}{\partial x^{\beta}\partial x^{\varepsilon}}-\frac%
	{\partial^{2}\xi^{\nu}}{\partial x^{\varepsilon}\partial x^{\beta}}\right)%
	\left(\frac{\partial^{2}\xi^{\kappa}}{\partial x^{\gamma}\partial x^{\alpha_{1%
	}}}+\frac{\partial^{2}\xi^{\kappa}}{\partial x^{\alpha_{1}}\partial x^{\gamma}%
	}\right)-(\beta\leftrightarrow\gamma)\\
	&&\\
	&&+\frac{1}{4}\frac{\partial x^{\delta}}{\partial\xi^{\kappa}}\frac{\partial%
	\xi^{\nu}}{\partial x^{\beta}}g^{\alpha_{1}\varepsilon}\eta_{\mu\nu}\left(%
	\frac{\partial^{2}\xi^{\mu}}{\partial x^{\alpha}\partial x^{\varepsilon}}-%
	\frac{\partial^{2}\xi^{\mu}}{\partial x^{\varepsilon}\partial x^{\alpha}}%
	\right)\left(\frac{\partial^{2}\xi^{\kappa}}{\partial x^{\gamma}\partial x^{%
	\alpha_{1}}}+\frac{\partial^{2}\xi^{\kappa}}{\partial x^{\alpha_{1}}\partial x%
	^{\gamma}}\right)-(\beta\leftrightarrow\gamma)\\
	&&\\
	&&+\frac{1}{4}g^{\delta\varepsilon}\eta_{\lambda\mu_{1}}\left(\frac{\partial^{%
	2}\xi^{\lambda}}{\partial x^{\gamma}\partial x^{\varepsilon}}-\frac{\partial^{%
	2}\xi^{\lambda}}{\partial x^{\varepsilon}\partial x^{\gamma}}\right)\left(%
	\frac{\partial^{2}\xi^{\mu_{1}}}{\partial x^{\alpha}\partial x^{\beta}}+\frac{%
	\partial^{2}\xi^{\mu_{1}}}{\partial x^{\beta}\partial x^{\alpha}}\right)-(%
	\beta\leftrightarrow\gamma),\end{array}\end{equation}"
	\frac{1}{4}[[UNKNOWN]] \frac{\partialx^{\alpha_{1}}}{\partial\xi^{\mu_{1}}}[[UNKNOWN]] \frac{\partial\xi^{\lambda}}{\partialx^{\gamma}}[[UNKNOWN]] g[[UNKNOWN]] ^{\delta\varepsilon}[[POSTSUPERSCRIPT]] η[[UNKNOWN]] _{\lambda\mu_{2}}[[POSTSUBSCRIPT]] \left([[OPEN]] \frac{\partial^{2}\xi^{\mu_{2}}}{\partialx^{\alpha_{1}}\partialx^{\varepsilon}}[[UNKNOWN]] -[[ADDOP]] \frac{\partial^{2}\xi^{\mu_{2}}}{\partialx^{\varepsilon}\partialx^{\alpha_{1}}}[[UNKNOWN]] \right)[[CLOSE]] \left([[OPEN]] \frac{\partial^{2}\xi^{\mu_{1}}}{\partialx^{\alpha}\partialx^{\beta}}[[UNKNOWN]] +[[ADDOP]] \frac{\partial^{2}\xi^{\mu_{1}}}{\partialx^{\beta}\partialx^{\alpha}}[[UNKNOWN]] \right)[[CLOSE]] -[[ADDOP]]
	        > ([[OPEN]] β[[UNKNOWN]] ↔[[METARELOP]] γ[[UNKNOWN]] )[[CLOSE]]
Warning:not_parsed:ATOM.CLOSE.ADDOP>OPEN MathParser failed to match rule 'Anything'
	at 0303258.tex; line 1519 col 1 - line 1519 col 1
	+[[ADDOP]] \frac{1}{4}[[UNKNOWN]] \frac{\partialx^{\delta}}{\partial\xi^{\kappa}}[[UNKNOWN]] \frac{\partial\xi^{\mu}}{\partialx^{\alpha}}[[UNKNOWN]] g[[UNKNOWN]] ^{\alpha_{1}\varepsilon}[[POSTSUPERSCRIPT]] η[[UNKNOWN]] _{\mu\nu}[[POSTSUBSCRIPT]] \left([[OPEN]] \frac{\partial^{2}\xi^{\nu}}{\partialx^{\beta}\partialx^{\varepsilon}}[[UNKNOWN]] -[[ADDOP]] \frac{\partial^{2}\xi^{\nu}}{\partialx^{\varepsilon}\partialx^{\beta}}[[UNKNOWN]] \right)[[CLOSE]] \left([[OPEN]] \frac{\partial^{2}\xi^{\kappa}}{\partialx^{\gamma}\partialx^{\alpha_{1}}}[[UNKNOWN]] +[[ADDOP]] \frac{\partial^{2}\xi^{\kappa}}{\partialx^{\alpha_{1}}\partialx^{\gamma}}[[UNKNOWN]] \right)[[CLOSE]] -[[ADDOP]]
	        > ([[OPEN]] β[[UNKNOWN]] ↔[[METARELOP]] γ[[UNKNOWN]] )[[CLOSE]]
Warning:not_parsed:ATOM.CLOSE.ADDOP>OPEN MathParser failed to match rule 'Anything'
	at 0303258.tex; line 1536 col 1 - line 1536 col 1
	+[[ADDOP]] \frac{1}{4}[[UNKNOWN]] \frac{\partialx^{\delta}}{\partial\xi^{\kappa}}[[UNKNOWN]] \frac{\partial\xi^{\nu}}{\partialx^{\beta}}[[UNKNOWN]] g[[UNKNOWN]] ^{\alpha_{1}\varepsilon}[[POSTSUPERSCRIPT]] η[[UNKNOWN]] _{\mu\nu}[[POSTSUBSCRIPT]] \left([[OPEN]] \frac{\partial^{2}\xi^{\mu}}{\partialx^{\alpha}\partialx^{\varepsilon}}[[UNKNOWN]] -[[ADDOP]] \frac{\partial^{2}\xi^{\mu}}{\partialx^{\varepsilon}\partialx^{\alpha}}[[UNKNOWN]] \right)[[CLOSE]] \left([[OPEN]] \frac{\partial^{2}\xi^{\kappa}}{\partialx^{\gamma}\partialx^{\alpha_{1}}}[[UNKNOWN]] +[[ADDOP]] \frac{\partial^{2}\xi^{\kappa}}{\partialx^{\alpha_{1}}\partialx^{\gamma}}[[UNKNOWN]] \right)[[CLOSE]] -[[ADDOP]]
	        > ([[OPEN]] β[[UNKNOWN]] ↔[[METARELOP]] γ[[UNKNOWN]] )[[CLOSE]]
Warning:not_parsed:ATOM.CLOSE.ADDOP>OPEN MathParser failed to match rule 'Anything'
	at 0303258.tex; line 1553 col 1 - line 1553 col 1
	+[[ADDOP]] \frac{1}{4}[[UNKNOWN]] g[[UNKNOWN]] ^{\delta\varepsilon}[[POSTSUPERSCRIPT]] η[[UNKNOWN]] _{\lambda\mu_{1}}[[POSTSUBSCRIPT]] \left([[OPEN]] \frac{\partial^{2}\xi^{\lambda}}{\partialx^{\gamma}\partialx^{\varepsilon}}[[UNKNOWN]] -[[ADDOP]] \frac{\partial^{2}\xi^{\lambda}}{\partialx^{\varepsilon}\partialx^{\gamma}}[[UNKNOWN]] \right)[[CLOSE]] \left([[OPEN]] \frac{\partial^{2}\xi^{\mu_{1}}}{\partialx^{\alpha}\partialx^{\beta}}[[UNKNOWN]] +[[ADDOP]] \frac{\partial^{2}\xi^{\mu_{1}}}{\partialx^{\beta}\partialx^{\alpha}}[[UNKNOWN]] \right)[[CLOSE]] -[[ADDOP]]
	        > ([[OPEN]] β[[UNKNOWN]] ↔[[METARELOP]] γ[[UNKNOWN]] )[[CLOSE]]
Warning:not_parsed:ATOM.CLOSE.ADDOP>OPEN MathParser failed to match rule 'Anything'
	at 0303258.tex; line 1573 col 0 - line 1573 col 11
	In "\begin{equation}\begin{array}[]{rcl}G^{\delta}_{(8)\alpha\beta\gamma}&=&\frac{%
	1}{4}\frac{\partial\xi^{\mu}}{\partial x^{\alpha}}\frac{\partial\xi^{\lambda}}%
	{\partial x^{\gamma}}g^{\alpha_{1}\varepsilon}g^{\delta\varepsilon_{1}}\eta_{%
	\mu\nu}\eta_{\lambda\mu_{1}}\left(\frac{\partial^{2}\xi^{\nu}}{\partial x^{%
	\beta}\partial x^{\varepsilon}}-\frac{\partial^{2}\xi^{\nu}}{\partial x^{%
	\varepsilon}\partial x^{\beta}}\right)\left(\frac{\partial^{2}\xi^{\mu_{1}}}{%
	\partial x^{\alpha_{1}}\partial x^{\varepsilon_{1}}}-\frac{\partial^{2}\xi^{%
	\mu_{1}}}{\partial x^{\varepsilon_{1}}\partial x^{\alpha_{1}}}\right)-(\beta%
	\leftrightarrow\gamma)\\
	&&\\
	&&+\frac{1}{4}\frac{\partial\xi^{\mu}}{\partial x^{\alpha}}\frac{\partial\xi^{%
	\mu_{1}}}{\partial x^{\alpha_{1}}}g^{\alpha_{1}\varepsilon_{1}}g^{\delta%
	\varepsilon}\eta_{\mu\nu}\eta_{\lambda\mu_{1}}\left(\frac{\partial^{2}\xi^{\nu%
	}}{\partial x^{\beta}\partial x^{\varepsilon_{1}}}-\frac{\partial^{2}\xi^{\nu}%
	}{\partial x^{\varepsilon_{1}}\partial x^{\beta}}\right)\left(\frac{\partial^{%
	2}\xi^{\lambda}}{\partial x^{\gamma}\partial x^{\varepsilon}}-\frac{\partial^{%
	2}\xi^{\lambda}}{\partial x^{\varepsilon}\partial x^{\gamma}}\right)-(\beta%
	\leftrightarrow\gamma)\\
	&&\\
	&&+\frac{1}{4}\frac{\partial\xi^{\nu}}{\partial x^{\beta}}\frac{\partial\xi^{%
	\lambda}}{\partial x^{\gamma}}g^{\alpha_{1}\varepsilon}g^{\delta\varepsilon_{1%
	}}\eta_{\mu\nu}\eta_{\lambda\mu_{1}}\left(\frac{\partial^{2}\xi^{\mu}}{%
	\partial x^{\alpha}\partial x^{\varepsilon}}-\frac{\partial^{2}\xi^{\mu}}{%
	\partial x^{\varepsilon}\partial x^{\alpha}}\right)\left(\frac{\partial^{2}\xi%
	^{\mu_{1}}}{\partial x^{\alpha_{1}}\partial x^{\varepsilon_{1}}}-\frac{%
	\partial^{2}\xi^{\mu_{1}}}{\partial x^{\varepsilon_{1}}\partial x^{\alpha_{1}}%
	}\right)-(\beta\leftrightarrow\gamma)\\
	&&\\
	&&+\frac{1}{4}\frac{\partial\xi^{\nu}}{\partial x^{\beta}}\frac{\partial\xi^{%
	\mu_{1}}}{\partial x^{\alpha_{1}}}g^{\alpha_{1}\varepsilon}g^{\delta%
	\varepsilon_{1}}\eta_{\mu\nu}\eta_{\lambda\mu_{1}}\left(\frac{\partial^{2}\xi^%
	{\mu}}{\partial x^{\alpha}\partial x^{\varepsilon}}-\frac{\partial^{2}\xi^{\mu%
	}}{\partial x^{\varepsilon}\partial x^{\alpha}}\right)\left(\frac{\partial^{2}%
	\xi^{\lambda}}{\partial x^{\gamma}\partial x^{\varepsilon_{1}}}-\frac{\partial%
	^{2}\xi^{\lambda}}{\partial x^{\varepsilon_{1}}\partial x^{\gamma}}\right)-(%
	\beta\leftrightarrow\gamma).\end{array}\end{equation}"
	\frac{1}{4}[[UNKNOWN]] \frac{\partial\xi^{\mu}}{\partialx^{\alpha}}[[UNKNOWN]] \frac{\partial\xi^{\lambda}}{\partialx^{\gamma}}[[UNKNOWN]] g[[UNKNOWN]] ^{\alpha_{1}\varepsilon}[[POSTSUPERSCRIPT]] g[[UNKNOWN]] ^{\delta\varepsilon_{1}}[[POSTSUPERSCRIPT]] η[[UNKNOWN]] _{\mu\nu}[[POSTSUBSCRIPT]] η[[UNKNOWN]] _{\lambda\mu_{1}}[[POSTSUBSCRIPT]] \left([[OPEN]] \frac{\partial^{2}\xi^{\nu}}{\partialx^{\beta}\partialx^{\varepsilon}}[[UNKNOWN]] -[[ADDOP]] \frac{\partial^{2}\xi^{\nu}}{\partialx^{\varepsilon}\partialx^{\beta}}[[UNKNOWN]] \right)[[CLOSE]] \left([[OPEN]] \frac{\partial^{2}\xi^{\mu_{1}}}{\partialx^{\alpha_{1}}\partialx^{\varepsilon_{1}}}[[UNKNOWN]] -[[ADDOP]] \frac{\partial^{2}\xi^{\mu_{1}}}{\partialx^{\varepsilon_{1}}\partialx^{\alpha_{1}}}[[UNKNOWN]] \right)[[CLOSE]] -[[ADDOP]]
	        > ([[OPEN]] β[[UNKNOWN]] ↔[[METARELOP]] γ[[UNKNOWN]] )[[CLOSE]]
Warning:not_parsed:ATOM.CLOSE.ADDOP>OPEN MathParser failed to match rule 'Anything'
	at 0303258.tex; line 1590 col 4 - line 1590 col 4
	+[[ADDOP]] \frac{1}{4}[[UNKNOWN]] \frac{\partial\xi^{\mu}}{\partialx^{\alpha}}[[UNKNOWN]] \frac{\partial\xi^{\mu_{1}}}{\partialx^{\alpha_{1}}}[[UNKNOWN]] g[[UNKNOWN]] ^{\alpha_{1}\varepsilon_{1}}[[POSTSUPERSCRIPT]] g[[UNKNOWN]] ^{\delta\varepsilon}[[POSTSUPERSCRIPT]] η[[UNKNOWN]] _{\mu\nu}[[POSTSUBSCRIPT]] η[[UNKNOWN]] _{\lambda\mu_{1}}[[POSTSUBSCRIPT]] \left([[OPEN]] \frac{\partial^{2}\xi^{\nu}}{\partialx^{\beta}\partialx^{\varepsilon_{1}}}[[UNKNOWN]] -[[ADDOP]] \frac{\partial^{2}\xi^{\nu}}{\partialx^{\varepsilon_{1}}\partialx^{\beta}}[[UNKNOWN]] \right)[[CLOSE]] \left([[OPEN]] \frac{\partial^{2}\xi^{\lambda}}{\partialx^{\gamma}\partialx^{\varepsilon}}[[UNKNOWN]] -[[ADDOP]] \frac{\partial^{2}\xi^{\lambda}}{\partialx^{\varepsilon}\partialx^{\gamma}}[[UNKNOWN]] \right)[[CLOSE]] -[[ADDOP]]
	        > ([[OPEN]] β[[UNKNOWN]] ↔[[METARELOP]] γ[[UNKNOWN]] )[[CLOSE]]
Warning:not_parsed:ATOM.CLOSE.ADDOP>OPEN MathParser failed to match rule 'Anything'
	at 0303258.tex; line 1607 col 4 - line 1607 col 4
	+[[ADDOP]] \frac{1}{4}[[UNKNOWN]] \frac{\partial\xi^{\nu}}{\partialx^{\beta}}[[UNKNOWN]] \frac{\partial\xi^{\lambda}}{\partialx^{\gamma}}[[UNKNOWN]] g[[UNKNOWN]] ^{\alpha_{1}\varepsilon}[[POSTSUPERSCRIPT]] g[[UNKNOWN]] ^{\delta\varepsilon_{1}}[[POSTSUPERSCRIPT]] η[[UNKNOWN]] _{\mu\nu}[[POSTSUBSCRIPT]] η[[UNKNOWN]] _{\lambda\mu_{1}}[[POSTSUBSCRIPT]] \left([[OPEN]] \frac{\partial^{2}\xi^{\mu}}{\partialx^{\alpha}\partialx^{\varepsilon}}[[UNKNOWN]] -[[ADDOP]] \frac{\partial^{2}\xi^{\mu}}{\partialx^{\varepsilon}\partialx^{\alpha}}[[UNKNOWN]] \right)[[CLOSE]] \left([[OPEN]] \frac{\partial^{2}\xi^{\mu_{1}}}{\partialx^{\alpha_{1}}\partialx^{\varepsilon_{1}}}[[UNKNOWN]] -[[ADDOP]] \frac{\partial^{2}\xi^{\mu_{1}}}{\partialx^{\varepsilon_{1}}\partialx^{\alpha_{1}}}[[UNKNOWN]] \right)[[CLOSE]] -[[ADDOP]]
	        > ([[OPEN]] β[[UNKNOWN]] ↔[[METARELOP]] γ[[UNKNOWN]] )[[CLOSE]]
Warning:not_parsed:ATOM.CLOSE.ADDOP>OPEN MathParser failed to match rule 'Anything'
	at 0303258.tex; line 1624 col 3 - line 1624 col 3
	+[[ADDOP]] \frac{1}{4}[[UNKNOWN]] \frac{\partial\xi^{\nu}}{\partialx^{\beta}}[[UNKNOWN]] \frac{\partial\xi^{\mu_{1}}}{\partialx^{\alpha_{1}}}[[UNKNOWN]] g[[UNKNOWN]] ^{\alpha_{1}\varepsilon}[[POSTSUPERSCRIPT]] g[[UNKNOWN]] ^{\delta\varepsilon_{1}}[[POSTSUPERSCRIPT]] η[[UNKNOWN]] _{\mu\nu}[[POSTSUBSCRIPT]] η[[UNKNOWN]] _{\lambda\mu_{1}}[[POSTSUBSCRIPT]] \left([[OPEN]] \frac{\partial^{2}\xi^{\mu}}{\partialx^{\alpha}\partialx^{\varepsilon}}[[UNKNOWN]] -[[ADDOP]] \frac{\partial^{2}\xi^{\mu}}{\partialx^{\varepsilon}\partialx^{\alpha}}[[UNKNOWN]] \right)[[CLOSE]] \left([[OPEN]] \frac{\partial^{2}\xi^{\lambda}}{\partialx^{\gamma}\partialx^{\varepsilon_{1}}}[[UNKNOWN]] -[[ADDOP]] \frac{\partial^{2}\xi^{\lambda}}{\partialx^{\varepsilon_{1}}\partialx^{\gamma}}[[UNKNOWN]] \right)[[CLOSE]] -[[ADDOP]]
	        > ([[OPEN]] β[[UNKNOWN]] ↔[[METARELOP]] γ[[UNKNOWN]] )[[CLOSE]]
 16.39 sec)
Math parsing succeeded:
   ltx:XMath: 228/228
   ltx:XMArg: 2352/2373
Symbols assumed as simple identifiers (with # of occurences):
   'A{italic}' (41), 'B{italic}' (34), 'D' (29), 'Gamma' (32), 'G{italic}' (61), 'J{italic}' (10), 'R{blackboard}' (21), 'R{italic}' (15), 'S{italic}' (1), 'T{italic}' (22), 'U{italic}' (2), 'alpha' (113), 'beta' (126), 'd' (83), 'delta' (18), 'eta' (56), 'gamma' (86), 'g{italic}' (54), 'i{italic}' (2), 'lambda' (20), 'mu' (84), 'nu' (50), 'pi' (6), 'r{italic}' (69), 'sigma' (6), 'sin' (7), 'tau' (51), 'theta' (32), 't{italic}' (73), 'u{italic}' (169), 'varepsilon' (28), 'varphi' (25), 'xi' (271), 'x{italic}' (338)
Set MATHPARSER_SPECULATE to speculate on possible notations.
(Finalizing... 0.95 sec)
Conversion complete 21 warnings (See /home/user/latex-in-arxiv/0303258.latexml.log) (reqd. 37.82s)
