latexml (LaTeXML version 0.8.6) processing 2003/0303246_cleaned.tex
(Digesting TeX 0303246_cleaned...
(Loading /usr/share/perl5/LaTeXML/Package/TeX.pool.ltxml...
(Loading /usr/share/perl5/LaTeXML/Package/eTeX.pool.ltxml... 0.00 sec)
(Loading /usr/share/perl5/LaTeXML/Package/pdfTeX.pool.ltxml... 0.01 sec) 0.14 sec)
(Processing content /home/user/latex-in-arxiv/2003/0303246_cleaned.tex...
(Loading /usr/share/perl5/LaTeXML/Package/LaTeX.pool.ltxml...
(Loading /usr/share/perl5/LaTeXML/Package/textcomp.sty.ltxml...
(Processing definitions /usr/share/texlive/texmf-dist/tex/latex-dev/base/ts1enc.dfu... 0.02 sec) 0.93 sec) 1.12 sec)
(Loading /usr/share/perl5/LaTeXML/Package/JHEP3.cls.ltxml...
(Loading /usr/share/perl5/LaTeXML/Package/JHEP.cls.ltxml...
(Loading /usr/share/perl5/LaTeXML/Package/article.cls.ltxml... 0.01 sec)
(Loading /usr/share/perl5/LaTeXML/Package/amssymb.sty.ltxml...
(Loading /usr/share/perl5/LaTeXML/Package/amsfonts.sty.ltxml... 0.00 sec) 0.02 sec)
(Loading /usr/share/perl5/LaTeXML/Package/floatflt.sty.ltxml... 0.01 sec) 0.06 sec) 0.07 sec)
(Loading /usr/share/perl5/LaTeXML/Package/amsmath.sty.ltxml...
(Loading /usr/share/perl5/LaTeXML/Package/amsbsy.sty.ltxml...
(Loading /usr/share/perl5/LaTeXML/Package/amsgen.sty.ltxml... 0.00 sec) 0.01 sec)
(Loading /usr/share/perl5/LaTeXML/Package/amstext.sty.ltxml... 0.00 sec)
(Loading /usr/share/perl5/LaTeXML/Package/amsopn.sty.ltxml... 0.01 sec) 0.04 sec)
(Loading /usr/share/perl5/LaTeXML/Package/inputenc.sty.ltxml...
(Processing definitions /usr/share/texlive/texmf-dist/tex/latex-dev/base/latin1.def... 0.04 sec) 0.04 sec) 9.60 sec) 9.80 sec)
(Building...
(Loading compiled schema /usr/share/perl5/LaTeXML/resources/RelaxNG/LaTeXML.model... 0.01 sec)
Info:malformed:id Duplicated attribute xml:id
	at 0303246_cleaned.tex; line 1436 col 7 - line 1436 col 7
	Using id='S5.E26a' on <ltx:XMRow _box="Alignment[]" _font="Font[math,medium,italic,10,bla..."/>
	id='S5.E26' already set on <ltx:equation _box="LaTeXML::Core::Alignment=HASH(..." _font="Font[serif,medium,upright,10,b..." xml:id="S5.E26" _ID_counter_m_="2">...
 12.21 sec)
(Rewriting... 0.84 sec)
(Math Parsing 1042 formulae ......
Warning:not_parsed:UNKNOWN.POSTSUPERSCRIPT.UNKNOWN>OPEN MathParser failed to match rule 'Anything'
	at 0303246_cleaned.tex; line 155 col 24 - line 159 col 1
	In "$\displaystyle\mathrm{Tr}\int d^{10}x\left[\frac{1}{4}F^{\mu\nu}F_{\mu\nu}+T%
	\Box T+\frac{1}{2}T^{2}+[T,A^{\mu}][T,A_{\mu}]-T^{4}\right.$"
	Tr[[UNKNOWN]] ∫[[INTOP]] d[[UNKNOWN]] ^{10}[[POSTSUPERSCRIPT]] x[[UNKNOWN]]
	        > \left[[[OPEN]] \frac{1}{4}[[UNKNOWN]] F[[UNKNOWN]] ^{\mu\nu}[[POSTSUPERSCRIPT]] F[[UNKNOWN]] _{\mu\nu}[[POSTSUBSCRIPT]] +[[ADDOP]] T[[UNKNOWN]] □[[UNKNOWN]] T[[UNKNOWN]] +[[ADDOP]] \frac{1}{2}[[UNKNOWN]] T[[UNKNOWN]] ^{2}[[POSTSUPERSCRIPT]] +[[ADDOP]] [[[OPEN]] T[[UNKNOWN]] ,[[PUNCT]] A[[UNKNOWN]] ^{\mu}[[POSTSUPERSCRIPT]] ][[CLOSE]] [[[OPEN]] T[[UNKNOWN]] ,[[PUNCT]] A[[UNKNOWN]] _{\mu}[[POSTSUBSCRIPT]] ][[CLOSE]] -[[ADDOP]] T[[UNKNOWN]] ^{4}[[POSTSUPERSCRIPT]]
Warning:not_parsed:CLOSE.ADDOP.ID>CLOSE MathParser failed to match rule 'Anything'
	at 0303246_cleaned.tex; line 164 col 8 - line 165 col 14
	In "$\displaystyle\left.+3^{\frac{3}{4}}T(\chi^{a\;+}\chi^{-}_{a})+\cdots\right]$"
	+[[ADDOP]] 3[[NUMBER]] ^{\frac{3}{4}}[[POSTSUPERSCRIPT]] T[[UNKNOWN]] ([[OPEN]] χ[[UNKNOWN]] ^{a\;+}[[POSTSUPERSCRIPT]] χ[[UNKNOWN]] ^{-}[[POSTSUPERSCRIPT]] _{a}[[POSTSUBSCRIPT]] )[[CLOSE]] +[[ADDOP]] ⋯[[ID]]
	        > \right][[CLOSE]]
Warning:not_parsed:UNKNOWN.POSTSUPERSCRIPT.CLOSE>RELOP MathParser failed to match rule 'Anything'
	at 0303246_cleaned.tex; line 220 col 1 - line 220 col 1
	In "$\displaystyle J=\partial H=i\left(\psi^{4}\psi^{5}+\psi^{6}\psi^{7}+\psi^{8}%
	\psi^{9}\right)=:\psi^{+j}\psi^{-j}:,\@@ENDINLINEMATH"
	J[[UNKNOWN]] =[[RELOP]] ∂[[OPERATOR]] H[[UNKNOWN]] =[[RELOP]] i[[UNKNOWN]] \left([[OPEN]] ψ[[UNKNOWN]] ^{4}[[POSTSUPERSCRIPT]] ψ[[UNKNOWN]] ^{5}[[POSTSUPERSCRIPT]] +[[ADDOP]] ψ[[UNKNOWN]] ^{6}[[POSTSUPERSCRIPT]] ψ[[UNKNOWN]] ^{7}[[POSTSUPERSCRIPT]] +[[ADDOP]] ψ[[UNKNOWN]] ^{8}[[POSTSUPERSCRIPT]] ψ[[UNKNOWN]] ^{9}[[POSTSUPERSCRIPT]] \right)[[CLOSE]]
	        > =[[RELOP]] :[[METARELOP]] ψ[[UNKNOWN]] ^{+j}[[POSTSUPERSCRIPT]] ψ[[UNKNOWN]] ^{-j}[[POSTSUPERSCRIPT]] :[[METARELOP]]
Warning:not_parsed:UNKNOWN.POSTSUPERSCRIPT.CLOSE>RELOP MathParser failed to match rule 'Anything'
	at 0303246_cleaned.tex; line 220 col 14 - line 223 col 4
	In "$\displaystyle\partial H=i\left(\psi^{4}\psi^{5}+\psi^{6}\psi^{7}+\psi^{8}\psi%
	^{9}\right)=:\psi^{+j}\psi^{-j}:,$"
	∂[[OPERATOR]] H[[UNKNOWN]] =[[RELOP]] i[[UNKNOWN]] \left([[OPEN]] ψ[[UNKNOWN]] ^{4}[[POSTSUPERSCRIPT]] ψ[[UNKNOWN]] ^{5}[[POSTSUPERSCRIPT]] +[[ADDOP]] ψ[[UNKNOWN]] ^{6}[[POSTSUPERSCRIPT]] ψ[[UNKNOWN]] ^{7}[[POSTSUPERSCRIPT]] +[[ADDOP]] ψ[[UNKNOWN]] ^{8}[[POSTSUPERSCRIPT]] ψ[[UNKNOWN]] ^{9}[[POSTSUPERSCRIPT]] \right)[[CLOSE]]
	        > =[[RELOP]] :[[METARELOP]] ψ[[UNKNOWN]] ^{+j}[[POSTSUPERSCRIPT]] ψ[[UNKNOWN]] ^{-j}[[POSTSUPERSCRIPT]] :[[METARELOP]]
Warning:not_parsed:OPEN.ATOM.CLOSE>POSTSUPERSCRIPT MathParser failed to match rule 'Anything'
	at 0303246_cleaned.tex; line 342 col 1 - line 342 col 1
	In "$\displaystyle d_{\alpha}(z)=p_{\alpha}(z)+\frac{i}{2}\bar{\theta}^{\dot{%
	\alpha}}\sigma^{m}_{\alpha\dot{\alpha}}\partial X_{m}(z)-\frac{1}{4}(\bar{%
	\theta})^{2}\partial\theta_{\alpha}(z)+\frac{1}{8}\theta_{\alpha}\partial(\bar%
	{\theta})^{2}(z)\@@ENDINLINEMATH"
	d[[UNKNOWN]] _{\alpha}[[POSTSUBSCRIPT]] ([[OPEN]] z[[UNKNOWN]] )[[CLOSE]] =[[RELOP]] p[[UNKNOWN]] _{\alpha}[[POSTSUBSCRIPT]] ([[OPEN]] z[[UNKNOWN]] )[[CLOSE]] +[[ADDOP]] \frac{i}{2}[[UNKNOWN]] \bar{\theta}[[UNKNOWN]] ^{\dot{\alpha}}[[POSTSUPERSCRIPT]] σ[[UNKNOWN]] ^{m}[[POSTSUPERSCRIPT]] _{\alpha\dot{\alpha}}[[POSTSUBSCRIPT]] ∂[[OPERATOR]] X[[UNKNOWN]] _{m}[[POSTSUBSCRIPT]] ([[OPEN]] z[[UNKNOWN]] )[[CLOSE]] -[[ADDOP]] \frac{1}{4}[[UNKNOWN]] ([[OPEN]] \bar{\theta}[[UNKNOWN]] )[[CLOSE]] ^{2}[[POSTSUPERSCRIPT]] ∂[[OPERATOR]] θ[[UNKNOWN]] _{\alpha}[[POSTSUBSCRIPT]] ([[OPEN]] z[[UNKNOWN]] )[[CLOSE]] +[[ADDOP]] \frac{1}{8}[[UNKNOWN]] θ[[UNKNOWN]] _{\alpha}[[POSTSUBSCRIPT]] ∂[[OPERATOR]] ([[OPEN]] \bar{\theta}[[UNKNOWN]] )[[CLOSE]]
	        > ^{2}[[POSTSUPERSCRIPT]] ([[OPEN]] z[[UNKNOWN]] )[[CLOSE]]
Warning:not_parsed:OPEN.ATOM.CLOSE>POSTSUPERSCRIPT MathParser failed to match rule 'Anything'
	at 0303246_cleaned.tex; line 342 col 17 - line 347 col 14
	In "$\displaystyle p_{\alpha}(z)+\frac{i}{2}\bar{\theta}^{\dot{\alpha}}\sigma^{m}_%
	{\alpha\dot{\alpha}}\partial X_{m}(z)-\frac{1}{4}(\bar{\theta})^{2}\partial%
	\theta_{\alpha}(z)+\frac{1}{8}\theta_{\alpha}\partial(\bar{\theta})^{2}(z)$"
	p[[UNKNOWN]] _{\alpha}[[POSTSUBSCRIPT]] ([[OPEN]] z[[UNKNOWN]] )[[CLOSE]] +[[ADDOP]] \frac{i}{2}[[UNKNOWN]] \bar{\theta}[[UNKNOWN]] ^{\dot{\alpha}}[[POSTSUPERSCRIPT]] σ[[UNKNOWN]] ^{m}[[POSTSUPERSCRIPT]] _{\alpha\dot{\alpha}}[[POSTSUBSCRIPT]] ∂[[OPERATOR]] X[[UNKNOWN]] _{m}[[POSTSUBSCRIPT]] ([[OPEN]] z[[UNKNOWN]] )[[CLOSE]] -[[ADDOP]] \frac{1}{4}[[UNKNOWN]] ([[OPEN]] \bar{\theta}[[UNKNOWN]] )[[CLOSE]] ^{2}[[POSTSUPERSCRIPT]] ∂[[OPERATOR]] θ[[UNKNOWN]] _{\alpha}[[POSTSUBSCRIPT]] ([[OPEN]] z[[UNKNOWN]] )[[CLOSE]] +[[ADDOP]] \frac{1}{8}[[UNKNOWN]] θ[[UNKNOWN]] _{\alpha}[[POSTSUBSCRIPT]] ∂[[OPERATOR]] ([[OPEN]] \bar{\theta}[[UNKNOWN]] )[[CLOSE]]
	        > ^{2}[[POSTSUPERSCRIPT]] ([[OPEN]] z[[UNKNOWN]] )[[CLOSE]]
Warning:not_parsed:>OPEN MathParser failed to match rule 'Anything'
	at 0303246_cleaned.tex; line 429 col 2 - line 430 col 77
	In "$(+=\frac{1}{2}),\;(-=-\frac{1}{2}),\;(\oplus=\frac{3}{2}),\;(\ominus=-\frac{3%
	}{2}),\;(\boxplus=\frac{5}{2}),\;(\boxminus=-\frac{5}{2})$"
	> ([[OPEN]] +[[ADDOP]] =[[RELOP]] \frac{1}{2}[[UNKNOWN]] )[[CLOSE]] ,[[PUNCT]] ([[OPEN]] -[[ADDOP]] =[[RELOP]] -[[ADDOP]] \frac{1}{2}[[UNKNOWN]] )[[CLOSE]] ,[[PUNCT]] ([[OPEN]] ⊕[[ADDOP]] =[[RELOP]] \frac{3}{2}[[UNKNOWN]] )[[CLOSE]] ,[[PUNCT]] ([[OPEN]] ⊖[[ADDOP]] =[[RELOP]] -[[ADDOP]] \frac{3}{2}[[UNKNOWN]] )[[CLOSE]] ,[[PUNCT]] ([[OPEN]] ⊞[[ADDOP]] =[[RELOP]] \frac{5}{2}[[UNKNOWN]] )[[CLOSE]] ,[[PUNCT]] ([[OPEN]] ⊟[[ADDOP]] =[[RELOP]] -[[ADDOP]] \frac{5}{2}[[UNKNOWN]] )[[CLOSE]]
Warning:not_parsed:>VERTBAR MathParser failed to match rule 'Anything'
	at 0303246_cleaned.tex; line 435 col 0 - line 439 col 14
	In "\begin{equation}|\Lambda\rangle=\Lambda^{++++}|0\rangle=:e^{(\frac{1}{2}\sigma%
	_{1}+\frac{1}{2}\sigma_{2}+\frac{1}{2}\bar{\sigma}_{1}+\frac{1}{2}\bar{\sigma}%
	_{2})}(0):|0\rangle.\end{equation}"
	> |[[VERTBAR]] Λ[[UNKNOWN]] \rangle[[CLOSE]] =[[RELOP]] Λ[[UNKNOWN]] ^{++++}[[POSTSUPERSCRIPT]] |[[VERTBAR]] 0[[NUMBER]] \rangle[[CLOSE]] =[[RELOP]] :[[METARELOP]] e[[UNKNOWN]] ^{(\frac{1}{2}\sigma_{1}+\frac{1}{2}\sigma_{2}+\frac{1}{2}\bar{\sigma}_{1}+\frac{1}{2}\bar{\sigma}_{2})}[[POSTSUPERSCRIPT]] ([[OPEN]] 0[[NUMBER]] )[[CLOSE]] :[[METARELOP]] |[[VERTBAR]] 0[[NUMBER]] \rangle[[CLOSE]]
Warning:not_parsed:UNKNOWN.POSTSUPERSCRIPT.CLOSE>CLOSE MathParser failed to match rule 'Anything'
	at 0303246_cleaned.tex; line 483 col 1 - line 483 col 1
	In "$\displaystyle U=\int dz[\;c\xi\;e^{-\phi}i\psi^{m}\partial x_{m}+\frac{1}{2}(%
	\partial\phi+\partial H)c\partial c\xi\partial\xi e^{-2\phi}]).\@@ENDINLINEMATH"
	U[[UNKNOWN]] =[[RELOP]] ∫[[INTOP]] d[[UNKNOWN]] z[[UNKNOWN]] [[[OPEN]] c[[UNKNOWN]] ξ[[UNKNOWN]] e[[UNKNOWN]] ^{-\phi}[[POSTSUPERSCRIPT]] i[[UNKNOWN]] ψ[[UNKNOWN]] ^{m}[[POSTSUPERSCRIPT]] ∂[[OPERATOR]] x[[UNKNOWN]] _{m}[[POSTSUBSCRIPT]] +[[ADDOP]] \frac{1}{2}[[UNKNOWN]] ([[OPEN]] ∂[[OPERATOR]] ϕ[[UNKNOWN]] +[[ADDOP]] ∂[[OPERATOR]] H[[UNKNOWN]] )[[CLOSE]] c[[UNKNOWN]] ∂[[OPERATOR]] c[[UNKNOWN]] ξ[[UNKNOWN]] ∂[[OPERATOR]] ξ[[UNKNOWN]] e[[UNKNOWN]] ^{-2\phi}[[POSTSUPERSCRIPT]] ][[CLOSE]]
	        > )[[CLOSE]]
Warning:not_parsed:UNKNOWN.POSTSUPERSCRIPT.CLOSE>CLOSE MathParser failed to match rule 'Anything'
	at 0303246_cleaned.tex; line 483 col 9 - line 486 col 14
	In "$\displaystyle\int dz[\;c\xi\;e^{-\phi}i\psi^{m}\partial x_{m}+\frac{1}{2}(%
	\partial\phi+\partial H)c\partial c\xi\partial\xi e^{-2\phi}]).$"
	∫[[INTOP]] d[[UNKNOWN]] z[[UNKNOWN]] [[[OPEN]] c[[UNKNOWN]] ξ[[UNKNOWN]] e[[UNKNOWN]] ^{-\phi}[[POSTSUPERSCRIPT]] i[[UNKNOWN]] ψ[[UNKNOWN]] ^{m}[[POSTSUPERSCRIPT]] ∂[[OPERATOR]] x[[UNKNOWN]] _{m}[[POSTSUBSCRIPT]] +[[ADDOP]] \frac{1}{2}[[UNKNOWN]] ([[OPEN]] ∂[[OPERATOR]] ϕ[[UNKNOWN]] +[[ADDOP]] ∂[[OPERATOR]] H[[UNKNOWN]] )[[CLOSE]] c[[UNKNOWN]] ∂[[OPERATOR]] c[[UNKNOWN]] ξ[[UNKNOWN]] ∂[[OPERATOR]] ξ[[UNKNOWN]] e[[UNKNOWN]] ^{-2\phi}[[POSTSUPERSCRIPT]] ][[CLOSE]]
	        > )[[CLOSE]]
Warning:not_parsed:ATOM>OPEN MathParser failed to match rule 'Anything'
	at 0303246_cleaned.tex; line 870 col 29 - line 870 col 29
	In "$$\begin{array}[]{rcl}(e^{\rho}(d)^{2}+\Gamma^{-j}\partial X^{+j})(z)\Lambda^{%
	++++}e^{ikX}(w)&=&\frac{1}{(z-w)}\{[-2\Lambda^{--++}+k_{m}(p\sigma^{m}\bar{%
	\theta}\Lambda^{++++})\\
	&&+\frac{1}{2}(k^{m}k_{m}-1)\Lambda^{++\oplus\oplus}]e^{\rho}\\
	&&+k^{+j}\Gamma^{-j}\Lambda^{++++}]e^{ikX}\}+\cdots\end{array}$$"
	\frac{1}{(z-w)}[[UNKNOWN]]
	        > \{[[OPEN]] [[[OPEN]] -[[ADDOP]] 2[[NUMBER]] Λ[[UNKNOWN]] ^{--++}[[POSTSUPERSCRIPT]] +[[ADDOP]] k[[UNKNOWN]] _{m}[[POSTSUBSCRIPT]] ([[OPEN]] p[[UNKNOWN]] σ[[UNKNOWN]] ^{m}[[POSTSUPERSCRIPT]] \bar{\theta}[[UNKNOWN]] Λ[[UNKNOWN]] ^{++++}[[POSTSUPERSCRIPT]] )[[CLOSE]]
Warning:not_parsed:CLOSE.UNKNOWN.POSTSUPERSCRIPT>CLOSE MathParser failed to match rule 'Anything'
	at 0303246_cleaned.tex; line 873 col 3 - line 873 col 3
	+[[ADDOP]] \frac{1}{2}[[UNKNOWN]] ([[OPEN]] k[[UNKNOWN]] ^{m}[[POSTSUPERSCRIPT]] k[[UNKNOWN]] _{m}[[POSTSUBSCRIPT]] -[[ADDOP]] 1[[NUMBER]] )[[CLOSE]] Λ[[UNKNOWN]] ^{++\oplus\oplus}[[POSTSUPERSCRIPT]]
	        > ][[CLOSE]] e[[UNKNOWN]] ^{\rho}[[POSTSUPERSCRIPT]]
Warning:not_parsed:POSTSUPERSCRIPT.UNKNOWN.POSTSUPERSCRIPT>CLOSE MathParser failed to match rule 'Anything'
	at 0303246_cleaned.tex; line 874 col 3 - line 874 col 3
	+[[ADDOP]] k[[UNKNOWN]] ^{+j}[[POSTSUPERSCRIPT]] Γ[[UNKNOWN]] ^{-j}[[POSTSUPERSCRIPT]] Λ[[UNKNOWN]] ^{++++}[[POSTSUPERSCRIPT]]
	        > ][[CLOSE]] e[[UNKNOWN]] ^{ikX}[[POSTSUPERSCRIPT]] \}[[CLOSE]] +[[ADDOP]] ⋯[[ID]]
Warning:not_parsed:ATOM>OPEN MathParser failed to match rule 'Anything'
	at 0303246_cleaned.tex; line 882 col 54 - line 882 col 54
	In "$$\begin{array}[]{rcl}(e^{-\rho}(\bar{d})^{2}+\Gamma^{+j}\partial X^{-j})(z)%
	\Lambda^{++++}e^{ikX}(w)&=&\frac{1}{(z-w)}\{[-2\Lambda^{++--}+k_{m}(\bar{p}%
	\bar{\sigma}^{m}\theta\Lambda^{++++})\\
	&&+\frac{1}{2}(k^{m}k_{m}+1)\Lambda^{\oplus\oplus--}]e^{-\rho}\\
	&&+k^{+j}\Gamma^{-j}\Lambda^{++++}\}e^{ikX}+\cdots\end{array}$$"
	\frac{1}{(z-w)}[[UNKNOWN]]
	        > \{[[OPEN]] [[[OPEN]] -[[ADDOP]] 2[[NUMBER]] Λ[[UNKNOWN]] ^{++--}[[POSTSUPERSCRIPT]] +[[ADDOP]] k[[UNKNOWN]] _{m}[[POSTSUBSCRIPT]] ([[OPEN]] \bar{p}[[UNKNOWN]] \bar{\sigma}[[UNKNOWN]] ^{m}[[POSTSUPERSCRIPT]] θ[[UNKNOWN]] Λ[[UNKNOWN]] ^{++++}[[POSTSUPERSCRIPT]] )[[CLOSE]]
Warning:not_parsed:CLOSE.UNKNOWN.POSTSUPERSCRIPT>CLOSE MathParser failed to match rule 'Anything'
	at 0303246_cleaned.tex; line 885 col 3 - line 885 col 3
	+[[ADDOP]] \frac{1}{2}[[UNKNOWN]] ([[OPEN]] k[[UNKNOWN]] ^{m}[[POSTSUPERSCRIPT]] k[[UNKNOWN]] _{m}[[POSTSUBSCRIPT]] +[[ADDOP]] 1[[NUMBER]] )[[CLOSE]] Λ[[UNKNOWN]] ^{\oplus\oplus--}[[POSTSUPERSCRIPT]]
	        > ][[CLOSE]] e[[UNKNOWN]] ^{-\rho}[[POSTSUPERSCRIPT]]
Warning:not_parsed:POSTSUPERSCRIPT.UNKNOWN.POSTSUPERSCRIPT>CLOSE MathParser failed to match rule 'Anything'
	at 0303246_cleaned.tex; line 885 col 0 - line 885 col 64
	+[[ADDOP]] k[[UNKNOWN]] ^{+j}[[POSTSUPERSCRIPT]] Γ[[UNKNOWN]] ^{-j}[[POSTSUPERSCRIPT]] Λ[[UNKNOWN]] ^{++++}[[POSTSUPERSCRIPT]]
	        > \}[[CLOSE]] e[[UNKNOWN]] ^{ikX}[[POSTSUPERSCRIPT]] +[[ADDOP]] ⋯[[ID]]
Warning:not_parsed:UNKNOWN.POSTSUBSCRIPT>RELOP MathParser failed to match rule 'Anything'
	at 0303246_cleaned.tex; line 950 col 8 - line 950 col 8
	In "$\displaystyle\Theta_{\alpha}\equiv:\theta_{\alpha}\Lambda^{++++}:=\Lambda^{%
	\stackrel{{\scriptstyle\oplus}}{{+}}\stackrel{{\scriptstyle+}}{{\oplus}}%
	\raisebox{3.01pt}{$\scriptscriptstyle++$}},\@@ENDINLINEMATH"
	Θ[[UNKNOWN]] _{\alpha}[[POSTSUBSCRIPT]]
	        > ≡[[RELOP]] :[[METARELOP]] θ[[UNKNOWN]] _{\alpha}[[POSTSUBSCRIPT]] Λ[[UNKNOWN]] ^{++++}[[POSTSUPERSCRIPT]] :=[[RELOP]] Λ[[UNKNOWN]] ^{\stackrel{{\scriptstyle\oplus}}{{+}}\stackrel{{\scriptstyle+}}{{\oplus}}\raisebox{3.01pt}{$\scriptscriptstyle++$}}[[POSTSUPERSCRIPT]]
Warning:not_parsed:ATOM.POSTSUBSCRIPT>RELOP MathParser failed to match rule 'Anything'
	at 0303246_cleaned.tex; line 952 col 6 - line 952 col 6
	In "$\displaystyle\bar{\Theta}_{\dot{\alpha}}\equiv:\bar{\theta}_{\dot{\alpha}}%
	\Lambda^{++++}:=\Lambda^{\raisebox{3.01pt}{$\scriptscriptstyle++$}\stackrel{{%
	\scriptstyle\oplus}}{{+}}\stackrel{{\scriptstyle+}}{{\oplus}}},\@@ENDINLINEMATH"
	\bar{\Theta}[[UNKNOWN]] _{\dot{\alpha}}[[POSTSUBSCRIPT]]
	        > ≡[[RELOP]] :[[METARELOP]] \bar{\theta}[[UNKNOWN]] _{\dot{\alpha}}[[POSTSUBSCRIPT]] Λ[[UNKNOWN]] ^{++++}[[POSTSUPERSCRIPT]] :=[[RELOP]] Λ[[UNKNOWN]] ^{\raisebox{3.01pt}{$\scriptscriptstyle++$}\stackrel{{\scriptstyle\oplus}}{{+}}\stackrel{{\scriptstyle+}}{{\oplus}}}[[POSTSUPERSCRIPT]]
Warning:not_parsed:UNKNOWN.POSTSUBSCRIPT>RELOP MathParser failed to match rule 'Anything'
	at 0303246_cleaned.tex; line 954 col 5 - line 954 col 5
	In "$\displaystyle\Pi_{\alpha}\equiv:p_{\alpha}\Lambda^{++++}:=\Lambda^{\stackrel{%
	{\scriptstyle-}}{{+}}\stackrel{{\scriptstyle+}}{{-}}\raisebox{3.01pt}{$%
	\scriptscriptstyle++$}},\@@ENDINLINEMATH"
	Π[[UNKNOWN]] _{\alpha}[[POSTSUBSCRIPT]]
	        > ≡[[RELOP]] :[[METARELOP]] p[[UNKNOWN]] _{\alpha}[[POSTSUBSCRIPT]] Λ[[UNKNOWN]] ^{++++}[[POSTSUPERSCRIPT]] :=[[RELOP]] Λ[[UNKNOWN]] ^{\stackrel{{\scriptstyle-}}{{+}}\stackrel{{\scriptstyle+}}{{-}}\raisebox{3.01pt}{$\scriptscriptstyle++$}}[[POSTSUPERSCRIPT]]
Warning:not_parsed:ATOM.POSTSUBSCRIPT>RELOP MathParser failed to match rule 'Anything'
	at 0303246_cleaned.tex; line 956 col 6 - line 956 col 6
	In "$\displaystyle\bar{\Pi}_{\dot{\alpha}}\equiv:\bar{p}_{\dot{\alpha}}\Lambda^{++%
	++}:=\Lambda^{\raisebox{3.01pt}{$\scriptscriptstyle++$}\stackrel{{\scriptstyle%
	-}}{{+}}\stackrel{{\scriptstyle+}}{{-}}}.\@@ENDINLINEMATH"
	\bar{\Pi}[[UNKNOWN]] _{\dot{\alpha}}[[POSTSUBSCRIPT]]
	        > ≡[[RELOP]] :[[METARELOP]] \bar{p}[[UNKNOWN]] _{\dot{\alpha}}[[POSTSUBSCRIPT]] Λ[[UNKNOWN]] ^{++++}[[POSTSUPERSCRIPT]] :=[[RELOP]] Λ[[UNKNOWN]] ^{\raisebox{3.01pt}{$\scriptscriptstyle++$}\stackrel{{\scriptstyle-}}{{+}}\stackrel{{\scriptstyle+}}{{-}}}[[POSTSUPERSCRIPT]]
Warning:not_parsed:UNKNOWN.CLOSE.CLOSE>OPEN MathParser failed to match rule 'Anything'
	at 0303246_cleaned.tex; line 1335 col 8 - line 1335 col 8
	In "$\displaystyle\Omega^{+}=G_{-1}\Psi^{+}=\oint dw\left(\frac{1}{12}\bar{d}^{%
	\dot{\alpha}}\bar{d}_{\dot{\alpha}}e^{-2\rho}\epsilon^{jkl}\Gamma^{-j}\Gamma^{%
	-k}\Gamma^{-l}(w)\right)\left(e^{\rho}\Gamma^{+j}\omega^{-j}(x,\theta)\bar{%
	\theta}^{2}\right(z))=\oint dw\frac{1}{12}\frac{2}{(w-z)^{2}}(w-z)^{2}e^{-\rho%
	}6\epsilon^{jkl}\Gamma^{-j}\Gamma^{-k}\frac{1}{z}\omega^{-l}=e^{-\rho}\Gamma^{%
	-j}\Gamma^{-k}\omega^{-l}\epsilon^{jkl}.\@@ENDINLINEMATH"
	Ω[[UNKNOWN]] ^{+}[[POSTSUPERSCRIPT]] =[[RELOP]] G[[UNKNOWN]] _{-1}[[POSTSUBSCRIPT]] Ψ[[UNKNOWN]] ^{+}[[POSTSUPERSCRIPT]] =[[RELOP]] ∮[[INTOP]] d[[UNKNOWN]] w[[UNKNOWN]] \left([[OPEN]] \frac{1}{12}[[UNKNOWN]] \bar{d}[[UNKNOWN]] ^{\dot{\alpha}}[[POSTSUPERSCRIPT]] \bar{d}[[UNKNOWN]] _{\dot{\alpha}}[[POSTSUBSCRIPT]] e[[UNKNOWN]] ^{-2\rho}[[POSTSUPERSCRIPT]] ϵ[[UNKNOWN]] ^{jkl}[[POSTSUPERSCRIPT]] Γ[[UNKNOWN]] ^{-j}[[POSTSUPERSCRIPT]] Γ[[UNKNOWN]] ^{-k}[[POSTSUPERSCRIPT]] Γ[[UNKNOWN]] ^{-l}[[POSTSUPERSCRIPT]] ([[OPEN]] w[[UNKNOWN]] )[[CLOSE]] \right)[[CLOSE]]
	        > \left([[OPEN]] e[[UNKNOWN]] ^{\rho}[[POSTSUPERSCRIPT]] Γ[[UNKNOWN]] ^{+j}[[POSTSUPERSCRIPT]] ω[[UNKNOWN]] ^{-j}[[POSTSUPERSCRIPT]] ([[OPEN]] x[[UNKNOWN]] ,[[PUNCT]] θ[[UNKNOWN]] )[[CLOSE]] \bar{\theta}[[UNKNOWN]] ^{2}[[POSTSUPERSCRIPT]] \right([[CLOSE]] z[[UNKNOWN]] )[[CLOSE]] )[[CLOSE]] =[[RELOP]] ∮[[INTOP]] d[[UNKNOWN]] w[[UNKNOWN]] \frac{1}{12}[[UNKNOWN]] \frac{2}{(w-z)^{2}}[[UNKNOWN]] ([[OPEN]] w[[UNKNOWN]] -[[ADDOP]] z[[UNKNOWN]] )[[CLOSE]] ^{2}[[POSTSUPERSCRIPT]] e[[UNKNOWN]] ^{-\rho}[[POSTSUPERSCRIPT]] 6[[NUMBER]] ϵ[[UNKNOWN]] ^{jkl}[[POSTSUPERSCRIPT]] Γ[[UNKNOWN]] ^{-j}[[POSTSUPERSCRIPT]] Γ[[UNKNOWN]] ^{-k}[[POSTSUPERSCRIPT]] \frac{1}{z}[[UNKNOWN]] ω[[UNKNOWN]] ^{-l}[[POSTSUPERSCRIPT]] =[[RELOP]] e[[UNKNOWN]] ^{-\rho}[[POSTSUPERSCRIPT]] Γ[[UNKNOWN]] ^{-j}[[POSTSUPERSCRIPT]] Γ[[UNKNOWN]] ^{-k}[[POSTSUPERSCRIPT]] ω[[UNKNOWN]] ^{-l}[[POSTSUPERSCRIPT]] ...
Warning:not_parsed:UNKNOWN.CLOSE.CLOSE>OPEN MathParser failed to match rule 'Anything'
	at 0303246_cleaned.tex; line 1335 col 16 - line 1341 col 1
	In "$\displaystyle G_{-1}\Psi^{+}=\oint dw\left(\frac{1}{12}\bar{d}^{\dot{\alpha}}%
	\bar{d}_{\dot{\alpha}}e^{-2\rho}\epsilon^{jkl}\Gamma^{-j}\Gamma^{-k}\Gamma^{-l%
	}(w)\right)\left(e^{\rho}\Gamma^{+j}\omega^{-j}(x,\theta)\bar{\theta}^{2}%
	\right(z))$"
	G[[UNKNOWN]] _{-1}[[POSTSUBSCRIPT]] Ψ[[UNKNOWN]] ^{+}[[POSTSUPERSCRIPT]] =[[RELOP]] ∮[[INTOP]] d[[UNKNOWN]] w[[UNKNOWN]] \left([[OPEN]] \frac{1}{12}[[UNKNOWN]] \bar{d}[[UNKNOWN]] ^{\dot{\alpha}}[[POSTSUPERSCRIPT]] \bar{d}[[UNKNOWN]] _{\dot{\alpha}}[[POSTSUBSCRIPT]] e[[UNKNOWN]] ^{-2\rho}[[POSTSUPERSCRIPT]] ϵ[[UNKNOWN]] ^{jkl}[[POSTSUPERSCRIPT]] Γ[[UNKNOWN]] ^{-j}[[POSTSUPERSCRIPT]] Γ[[UNKNOWN]] ^{-k}[[POSTSUPERSCRIPT]] Γ[[UNKNOWN]] ^{-l}[[POSTSUPERSCRIPT]] ([[OPEN]] w[[UNKNOWN]] )[[CLOSE]] \right)[[CLOSE]]
	        > \left([[OPEN]] e[[UNKNOWN]] ^{\rho}[[POSTSUPERSCRIPT]] Γ[[UNKNOWN]] ^{+j}[[POSTSUPERSCRIPT]] ω[[UNKNOWN]] ^{-j}[[POSTSUPERSCRIPT]] ([[OPEN]] x[[UNKNOWN]] ,[[PUNCT]] θ[[UNKNOWN]] )[[CLOSE]] \bar{\theta}[[UNKNOWN]] ^{2}[[POSTSUPERSCRIPT]] \right([[CLOSE]] z[[UNKNOWN]] )[[CLOSE]] )[[CLOSE]]
Warning:not_parsed:NUMBER>OPEN MathParser failed to match rule 'Anything'
	at 0303246_cleaned.tex; line 1442 col 7 - line 1448 col 33
	In "$\displaystyle 2\left[\frac{1}{2}\langle\left(\hat{G}_{-1}\hat{\Phi}\right)%
	\left(\hat{G}_{0}\hat{\Phi}\right)\rangle_{D}-\frac{1}{6}\langle\hat{\Phi}%
	\left\{\hat{G}_{-1}\hat{\Phi}\right\}\left\{\hat{G}_{0}\hat{\Phi}\right\}%
	\rangle_{D}\right.$"
	2[[NUMBER]]
	        > \left[[[OPEN]] \frac{1}{2}[[UNKNOWN]] \langle[[OPEN]] \left([[OPEN]] \hat{G}[[UNKNOWN]] _{-1}[[POSTSUBSCRIPT]] \hat{\Phi}[[UNKNOWN]] \right)[[CLOSE]] \left([[OPEN]] \hat{G}[[UNKNOWN]] _{0}[[POSTSUBSCRIPT]] \hat{\Phi}[[UNKNOWN]] \right)[[CLOSE]] \rangle[[CLOSE]] _{D}[[POSTSUBSCRIPT]] -[[ADDOP]] \frac{1}{6}[[UNKNOWN]] \langle[[OPEN]] \hat{\Phi}[[UNKNOWN]] \left\{[[OPEN]] \hat{G}[[UNKNOWN]] _{-1}[[POSTSUBSCRIPT]] \hat{\Phi}[[UNKNOWN]] \right\}[[CLOSE]] \left\{[[OPEN]] \hat{G}[[UNKNOWN]] _{0}[[POSTSUBSCRIPT]] \hat{\Phi}[[UNKNOWN]] \right\}[[CLOSE]] \rangle[[CLOSE]] _{D}[[POSTSUBSCRIPT]]
Warning:not_parsed:POSTSUBSCRIPT.ADDOP.ID>CLOSE MathParser failed to match rule 'Anything'
	at 0303246_cleaned.tex; line 1448 col 40 - line 1453 col 3
	In "$\displaystyle\left.-\frac{1}{24}\langle\left[\hat{\Phi},\hat{G}_{-1}\hat{\Phi%
	}\right]\left[\hat{\Phi},\hat{G}_{0}\hat{\Phi}\right]\rangle_{D}+\cdots\right]$"
	-[[ADDOP]] \frac{1}{24}[[UNKNOWN]] \langle[[OPEN]] \left[[[OPEN]] \hat{\Phi}[[UNKNOWN]] ,[[PUNCT]] \hat{G}[[UNKNOWN]] _{-1}[[POSTSUBSCRIPT]] \hat{\Phi}[[UNKNOWN]] \right][[CLOSE]] \left[[[OPEN]] \hat{\Phi}[[UNKNOWN]] ,[[PUNCT]] \hat{G}[[UNKNOWN]] _{0}[[POSTSUBSCRIPT]] \hat{\Phi}[[UNKNOWN]] \right][[CLOSE]] \rangle[[CLOSE]] _{D}[[POSTSUBSCRIPT]] +[[ADDOP]] ⋯[[ID]]
	        > \right][[CLOSE]]
Warning:not_parsed:CLOSE.POSTSUBSCRIPT.ADDOP>ADDOP MathParser failed to match rule 'Anything'
	at 0303246_cleaned.tex; line 1475 col 7 - line 1475 col 7
	In "$\displaystyle\langle-\frac{1}{3}\hat{\Phi}\left\{\hat{G}_{-1}\hat{\Phi},\hat{%
	G}_{0}\hat{\Phi}\right\}\rangle_{D}=\underbrace{\langle\frac{1}{3}\Phi^{+}%
	\left\{G_{-1}\Phi^{+},G_{0}\Phi^{+}\right\}\rangle_{D}}_{GSO(+)}+\langle\frac{%
	1}{3}\Phi^{+}\left\{\hat{G}_{-1}\Phi^{-},\hat{G}_{0}\Phi^{-}\right\}\rangle_{D%
	}-\langle\frac{1}{3}\Phi^{-}\left[G_{-1}\Phi^{+},G_{0}\Phi^{-}\right]\rangle_{%
	D}++\langle\frac{1}{3}\Phi^{-}\left[G_{-1}\Phi^{-},G_{0}\Phi^{+}\right]\rangle%
	_{D},\@@ENDINLINEMATH"
	... \hat{G}[[UNKNOWN]] _{-1}[[POSTSUBSCRIPT]] \hat{\Phi}[[UNKNOWN]] ,[[PUNCT]] \hat{G}[[UNKNOWN]] _{0}[[POSTSUBSCRIPT]] \hat{\Phi}[[UNKNOWN]] \right\}[[CLOSE]] \rangle[[CLOSE]] _{D}[[POSTSUBSCRIPT]] =[[RELOP]] \underbrace{\langle\frac{1}{3}\Phi^{+}\left\{G_{-1}\Phi^{+},G_{0}\Phi^{+}\right\}\rangle_{D}}[[UNKNOWN]] _{GSO(+)}[[POSTSUBSCRIPT]] +[[ADDOP]] \langle[[OPEN]] \frac{1}{3}[[UNKNOWN]] Φ[[UNKNOWN]] ^{+}[[POSTSUPERSCRIPT]] \left\{[[OPEN]] \hat{G}[[UNKNOWN]] _{-1}[[POSTSUBSCRIPT]] Φ[[UNKNOWN]] ^{-}[[POSTSUPERSCRIPT]] ,[[PUNCT]] \hat{G}[[UNKNOWN]] _{0}[[POSTSUBSCRIPT]] Φ[[UNKNOWN]] ^{-}[[POSTSUPERSCRIPT]] \right\}[[CLOSE]] \rangle[[CLOSE]] _{D}[[POSTSUBSCRIPT]] -[[ADDOP]] \langle[[OPEN]] \frac{1}{3}[[UNKNOWN]] Φ[[UNKNOWN]] ^{-}[[POSTSUPERSCRIPT]] \left[[[OPEN]] G[[UNKNOWN]] _{-1}[[POSTSUBSCRIPT]] Φ[[UNKNOWN]] ^{+}[[POSTSUPERSCRIPT]] ,[[PUNCT]] G[[UNKNOWN]] _{0}[[POSTSUBSCRIPT]] Φ[[UNKNOWN]] ^{-}[[POSTSUPERSCRIPT]] \right][[CLOSE]] \rangle[[CLOSE]] _{D}[[POSTSUBSCRIPT]] +[[ADDOP]]
	        > +[[ADDOP]] \langle[[OPEN]] \frac{1}{3}[[UNKNOWN]] Φ[[UNKNOWN]] ^{-}[[POSTSUPERSCRIPT]] \left[[[OPEN]] G[[UNKNOWN]] _{-1}[[POSTSUBSCRIPT]] Φ[[UNKNOWN]] ^{-}[[POSTSUPERSCRIPT]] ,[[PUNCT]] G[[UNKNOWN]] _{0}[[POSTSUBSCRIPT]] Φ[[UNKNOWN]] ^{+}[[POSTSUPERSCRIPT]] \right][[CLOSE]] \rangle[[CLOSE]] _{D}[[POSTSUBSCRIPT]]
Warning:not_parsed:POSTSUPERSCRIPT.CLOSE.POSTSUBSCRIPT>PUNCT MathParser failed to match rule 'Anything'
	at 0303246_cleaned.tex; line 1686 col 6 - line 1686 col 6
	In "$\displaystyle\bar{S}_{CS}=-\langle\frac{1}{2}\hat{\bar{\Omega}}\hat{G}_{-1/3}%
	\hat{\bar{\Omega}}\rangle_{\bar{F}}-\langle\frac{1}{3}\hat{\bar{\Omega}}\hat{%
	\bar{\Omega}}\hat{\bar{\Omega}}\rangle_{\bar{F}}=\underbrace{-\langle\frac{1}{%
	2}\bar{\Omega}^{+}G_{-1/3}\bar{\Omega}^{+}\rangle_{\bar{F}}-\langle\frac{1}{3}%
	\bar{\Omega}^{+}\bar{\Omega}^{+}\bar{\Omega}^{+}\rangle_{\bar{F}}}_{GSO(+)}-%
	\langle\frac{1}{2}\bar{\Omega}^{-}G_{-1/3}\bar{\Omega}^{-}\rangle_{\bar{F}}-%
	\langle\frac{1}{3}\bar{\Omega}^{+}\bar{\Omega}^{-}\bar{\Omega}^{-}\rangle_{%
	\bar{F}},=-\frac{1}{2}\epsilon_{ijk}\lambda^{+}_{+i}\partial_{-j}\lambda^{+}_{%
	+k}-\frac{1}{3}\epsilon_{ijk}A_{+i}\lambda^{+}_{+j}\lambda^{+}_{+k}-\frac{1}{2%
	}\epsilon_{ijk}\lambda^{-}_{+i}\partial_{-j}\lambda^{-}_{+k}-\frac{1}{3}%
	\epsilon_{ijk}A_{+i}\lambda^{-}_{+j}\lambda^{-}_{+k}.\@@ENDINLINEMATH"
	\bar{S}[[UNKNOWN]] _{CS}[[POSTSUBSCRIPT]] =[[RELOP]] -[[ADDOP]] \langle[[OPEN]] \frac{1}{2}[[UNKNOWN]] \hat{\bar{\Omega}}[[UNKNOWN]] \hat{G}[[UNKNOWN]] _{-1/3}[[POSTSUBSCRIPT]] \hat{\bar{\Omega}}[[UNKNOWN]] \rangle[[CLOSE]] _{\bar{F}}[[POSTSUBSCRIPT]] -[[ADDOP]] \langle[[OPEN]] \frac{1}{3}[[UNKNOWN]] \hat{\bar{\Omega}}[[UNKNOWN]] \hat{\bar{\Omega}}[[UNKNOWN]] \hat{\bar{\Omega}}[[UNKNOWN]] \rangle[[CLOSE]] _{\bar{F}}[[POSTSUBSCRIPT]] =[[RELOP]] \underbrace{-\langle\frac{1}{2}\bar{\Omega}^{+}G_{-1/3}\bar{\Omega}^{+}\rangle_{\bar{F}}-\langle\frac{1}{3}\bar{\Omega}^{+}\bar{\Omega}^{+}\bar{\Omega}^{+}\rangle_{\bar{F}}}[[UNKNOWN]] _{GSO(+)}[[POSTSUBSCRIPT]] -[[ADDOP]] \langle[[OPEN]] \frac{1}{2}[[UNKNOWN]] \bar{\Omega}[[UNKNOWN]] ^{-}[[POSTSUPERSCRIPT]] G[[UNKNOWN]] _{-1/3}[[POSTSUBSCRIPT]] \bar{\Omega}[[UNKNOWN]] ^{-}[[POSTSUPERSCRIPT]] \rangle[[CLOSE]] _{\bar{F}}[[POSTSUBSCRIPT]] -[[ADDOP]] \langle[[OPEN]] \frac{1}{3}[[UNKNOWN]] \bar{\Omega}[[UNKNOWN]] ^{+}[[POSTSUPERSCRIPT]] \bar{\Omega}[[UNKNOWN]] ^{-}[[POSTSUPERSCRIPT]] \bar{\Omega}[[UNKNOWN]] ^{-}[[POSTSUPERSCRIPT]] \rangle[[CLOSE]] _{\bar{F}}[[POSTSUBSCRIPT]]
	        > ,[[PUNCT]] =[[RELOP]] -[[ADDOP]] \frac{1}{2}[[UNKNOWN]] ϵ[[UNKNOWN]] _{ijk}[[POSTSUBSCRIPT]] λ[[UNKNOWN]] ^{+}[[POSTSUPERSCRIPT]] _{+i}[[POSTSUBSCRIPT]] ∂[[OPERATOR]] _{-j}[[POSTSUBSCRIPT]] λ[[UNKNOWN]] ^{+}[[POSTSUPERSCRIPT]] _{+k}[[POSTSUBSCRIPT]] -[[ADDOP]] \frac{1}{3}[[UNKNOWN]] ϵ[[UNKNOWN]] _{ijk}[[POSTSUBSCRIPT]] A[[UNKNOWN]] _{+i}[[POSTSUBSCRIPT]] λ[[UNKNOWN]] ^{+}[[POSTSUPERSCRIPT]] _{+j}[[POSTSUBSCRIPT]] λ[[UNKNOWN]] ^{+}[[POSTSUPERSCRIPT]] _{+k}[[POSTSUBSCRIPT]] -[[ADDOP]] \frac{1}{2}[[UNKNOWN]] ϵ[[UNKNOWN]] _{ijk}[[POSTSUBSCRIPT]] λ[[UNKNOWN]] ^{-}[[POSTSUPERSCRIPT]] _{+i}[[POSTSUBSCRIPT]] ∂[[OPERATOR]] _{-j}[[POSTSUBSCRIPT]] λ[[UNKNOWN]] ^{-}[[POSTSUPERSCRIPT]] _{+k}[[POSTSUBSCRIPT]] -[[ADDOP]] \frac{1}{3}[[UNKNOWN]] ϵ[[UNKNOWN]] _{ijk}[[POSTSUBSCRIPT]] A[[UNKNOWN]] _{+i}[[POSTSUBSCRIPT]] λ[[UNKNOWN]] ^{-}[[POSTSUPERSCRIPT]] _{+j}[[POSTSUBSCRIPT]] λ[[UNKNOWN]] ^{-}[[POSTSUPERSCRIPT]] _{+k}[[POSTSUBSCRIPT]]
Warning:not_parsed:UNKNOWN.POSTSUPERSCRIPT.UNKNOWN>OPEN MathParser failed to match rule 'Anything'
	at 0303246_cleaned.tex; line 1758 col 24 - line 1762 col 1
	In "$\displaystyle\mathrm{Tr}\int d^{10}x\left[\frac{1}{4}F^{\mu\nu}F_{\mu\nu}+T%
	\Box T+\frac{1}{2}T^{2}+[T,A^{\mu}][T,A_{\mu}]-T^{4}\right.$"
	Tr[[UNKNOWN]] ∫[[INTOP]] d[[UNKNOWN]] ^{10}[[POSTSUPERSCRIPT]] x[[UNKNOWN]]
	        > \left[[[OPEN]] \frac{1}{4}[[UNKNOWN]] F[[UNKNOWN]] ^{\mu\nu}[[POSTSUPERSCRIPT]] F[[UNKNOWN]] _{\mu\nu}[[POSTSUBSCRIPT]] +[[ADDOP]] T[[UNKNOWN]] □[[UNKNOWN]] T[[UNKNOWN]] +[[ADDOP]] \frac{1}{2}[[UNKNOWN]] T[[UNKNOWN]] ^{2}[[POSTSUPERSCRIPT]] +[[ADDOP]] [[[OPEN]] T[[UNKNOWN]] ,[[PUNCT]] A[[UNKNOWN]] ^{\mu}[[POSTSUPERSCRIPT]] ][[CLOSE]] [[[OPEN]] T[[UNKNOWN]] ,[[PUNCT]] A[[UNKNOWN]] _{\mu}[[POSTSUBSCRIPT]] ][[CLOSE]] -[[ADDOP]] T[[UNKNOWN]] ^{4}[[POSTSUPERSCRIPT]]
Warning:not_parsed:CLOSE.ADDOP.ID>CLOSE MathParser failed to match rule 'Anything'
	at 0303246_cleaned.tex; line 1767 col 8 - line 1768 col 14
	In "$\displaystyle\left.+3^{\frac{3}{4}}T(\chi^{a\;+}\chi^{-}_{a})+\cdots\right]$"
	+[[ADDOP]] 3[[NUMBER]] ^{\frac{3}{4}}[[POSTSUPERSCRIPT]] T[[UNKNOWN]] ([[OPEN]] χ[[UNKNOWN]] ^{a\;+}[[POSTSUPERSCRIPT]] χ[[UNKNOWN]] ^{-}[[POSTSUPERSCRIPT]] _{a}[[POSTSUBSCRIPT]] )[[CLOSE]] +[[ADDOP]] ⋯[[ID]]
	        > \right][[CLOSE]]
Warning:not_parsed:NUMBER>RELOP MathParser failed to match rule 'Anything'
	at 0303246_cleaned.tex; line 1942 col 2 - line 1942 col 2
	In "$$\begin{array}[]{|c|c|}\hline\cr\alpha&\dot{\alpha}\\
	\hline\cr 1\equiv++&\dot{1}\equiv+-\\
	2\equiv--&\dot{2}\equiv-+\\
	\hline\cr\end{array}$$"
	1[[NUMBER]]
	        > ≡[[RELOP]] +[[ADDOP]] +[[ADDOP]]
Warning:not_parsed:ATOM>RELOP MathParser failed to match rule 'Anything'
	at 0303246_cleaned.tex; line 1942 col 21 - line 1942 col 21
	\dot{1}[[UNKNOWN]]
	        > ≡[[RELOP]] +[[ADDOP]] -[[ADDOP]]
Warning:not_parsed:NUMBER>RELOP MathParser failed to match rule 'Anything'
	at 0303246_cleaned.tex; line 1943 col 2 - line 1943 col 2
	2[[NUMBER]]
	        > ≡[[RELOP]] -[[ADDOP]] -[[ADDOP]]
Warning:not_parsed:ATOM>RELOP MathParser failed to match rule 'Anything'
	at 0303246_cleaned.tex; line 1943 col 21 - line 1943 col 21
	\dot{2}[[UNKNOWN]]
	        > ≡[[RELOP]] -[[ADDOP]] +[[ADDOP]]
Warning:not_parsed:OPEN.ATOM.CLOSE>POSTSUPERSCRIPT MathParser failed to match rule 'Anything'
	at 0303246_cleaned.tex; line 2019 col 1 - line 2019 col 1
	In "$\displaystyle d^{\alpha}d_{\alpha}(z)=p^{\alpha}p_{\alpha}(z)+p^{\alpha}%
	\sigma^{m}_{\alpha\dot{\alpha}}\bar{\theta}^{\dot{\alpha}}i\partial X_{m}(z)+%
	\frac{1}{8}\partial(\bar{\theta})^{2}\bar{\theta}_{\dot{\alpha}}\bar{\sigma}^{%
	m\dot{\alpha}\alpha}\theta_{\alpha}i\partial X_{m}(z)+\frac{1}{64}(\theta)^{2}%
	\partial(\bar{\theta})^{2}\partial(\bar{\theta})^{2}(z)-\frac{1}{2}(\bar{%
	\theta})^{2}:p^{\alpha}\partial\theta_{\alpha}(z):+\frac{1}{4}\partial(\bar{%
	\theta})^{2}:p^{\alpha}\theta_{\alpha}(z):+\frac{1}{4}(\bar{\theta})^{2}:%
	\partial X^{m}\partial X_{m}(z):-\frac{1}{2}\partial\bar{\theta}_{\dot{\alpha}%
	}\partial\bar{\theta}^{\dot{\alpha}}(z)+\frac{1}{2}\partial^{2}\bar{\theta}_{%
	\dot{\alpha}}\bar{\theta}^{\dot{\alpha}}(z).\@@ENDINLINEMATH"
	d[[UNKNOWN]] ^{\alpha}[[POSTSUPERSCRIPT]] d[[UNKNOWN]] _{\alpha}[[POSTSUBSCRIPT]] ([[OPEN]] z[[UNKNOWN]] )[[CLOSE]] =[[RELOP]] p[[UNKNOWN]] ^{\alpha}[[POSTSUPERSCRIPT]] p[[UNKNOWN]] _{\alpha}[[POSTSUBSCRIPT]] ([[OPEN]] z[[UNKNOWN]] )[[CLOSE]] +[[ADDOP]] p[[UNKNOWN]] ^{\alpha}[[POSTSUPERSCRIPT]] σ[[UNKNOWN]] ^{m}[[POSTSUPERSCRIPT]] _{\alpha\dot{\alpha}}[[POSTSUBSCRIPT]] \bar{\theta}[[UNKNOWN]] ^{\dot{\alpha}}[[POSTSUPERSCRIPT]] i[[UNKNOWN]] ∂[[OPERATOR]] X[[UNKNOWN]] _{m}[[POSTSUBSCRIPT]] ([[OPEN]] z[[UNKNOWN]] )[[CLOSE]] +[[ADDOP]] \frac{1}{8}[[UNKNOWN]] ∂[[OPERATOR]] ([[OPEN]] \bar{\theta}[[UNKNOWN]] )[[CLOSE]]
	        > ^{2}[[POSTSUPERSCRIPT]] \bar{\theta}[[UNKNOWN]] _{\dot{\alpha}}[[POSTSUBSCRIPT]] \bar{\sigma}[[UNKNOWN]] ^{m\dot{\alpha}\alpha}[[POSTSUPERSCRIPT]] θ[[UNKNOWN]] _{\alpha}[[POSTSUBSCRIPT]] i[[UNKNOWN]] ∂[[OPERATOR]] X[[UNKNOWN]] _{m}[[POSTSUBSCRIPT]] ([[OPEN]] z[[UNKNOWN]] )[[CLOSE]] +[[ADDOP]] \frac{1}{64}[[UNKNOWN]] ([[OPEN]] θ[[UNKNOWN]] )[[CLOSE]] ^{2}[[POSTSUPERSCRIPT]] ∂[[OPERATOR]] ([[OPEN]] \bar{\theta}[[UNKNOWN]] )[[CLOSE]] ^{2}[[POSTSUPERSCRIPT]] ∂[[OPERATOR]] ([[OPEN]] \bar{\theta}[[UNKNOWN]] )[[CLOSE]] ^{2}[[POSTSUPERSCRIPT]] ([[OPEN]] z[[UNKNOWN]] )[[CLOSE]] -[[ADDOP]] \frac{1}{2}[[UNKNOWN]] ([[OPEN]] \bar{\theta}[[UNKNOWN]] )[[CLOSE]] ^{2}[[POSTSUPERSCRIPT]] :[[METARELOP]] p[[UNKNOWN]] ^{\alpha}[[POSTSUPERSCRIPT]] ∂[[OPERATOR]] θ[[UNKNOWN]] _{\alpha}[[POSTSUBSCRIPT]] ([[OPEN]] z[[UNKNOWN]] )[[CLOSE]] :[[METARELOP]] +[[ADDOP]] \frac{1}{4}[[UNKNOWN]] ...
Warning:not_parsed:OPEN.ATOM.CLOSE>POSTSUPERSCRIPT MathParser failed to match rule 'Anything'
	at 0303246_cleaned.tex; line 2019 col 28 - line 2024 col 1
	In "$\displaystyle p^{\alpha}p_{\alpha}(z)+p^{\alpha}\sigma^{m}_{\alpha\dot{\alpha%
	}}\bar{\theta}^{\dot{\alpha}}i\partial X_{m}(z)+\frac{1}{8}\partial(\bar{%
	\theta})^{2}\bar{\theta}_{\dot{\alpha}}\bar{\sigma}^{m\dot{\alpha}\alpha}%
	\theta_{\alpha}i\partial X_{m}(z)$"
	p[[UNKNOWN]] ^{\alpha}[[POSTSUPERSCRIPT]] p[[UNKNOWN]] _{\alpha}[[POSTSUBSCRIPT]] ([[OPEN]] z[[UNKNOWN]] )[[CLOSE]] +[[ADDOP]] p[[UNKNOWN]] ^{\alpha}[[POSTSUPERSCRIPT]] σ[[UNKNOWN]] ^{m}[[POSTSUPERSCRIPT]] _{\alpha\dot{\alpha}}[[POSTSUBSCRIPT]] \bar{\theta}[[UNKNOWN]] ^{\dot{\alpha}}[[POSTSUPERSCRIPT]] i[[UNKNOWN]] ∂[[OPERATOR]] X[[UNKNOWN]] _{m}[[POSTSUBSCRIPT]] ([[OPEN]] z[[UNKNOWN]] )[[CLOSE]] +[[ADDOP]] \frac{1}{8}[[UNKNOWN]] ∂[[OPERATOR]] ([[OPEN]] \bar{\theta}[[UNKNOWN]] )[[CLOSE]]
	        > ^{2}[[POSTSUPERSCRIPT]] \bar{\theta}[[UNKNOWN]] _{\dot{\alpha}}[[POSTSUBSCRIPT]] \bar{\sigma}[[UNKNOWN]] ^{m\dot{\alpha}\alpha}[[POSTSUPERSCRIPT]] θ[[UNKNOWN]] _{\alpha}[[POSTSUBSCRIPT]] i[[UNKNOWN]] ∂[[OPERATOR]] X[[UNKNOWN]] _{m}[[POSTSUBSCRIPT]] ([[OPEN]] z[[UNKNOWN]] )[[CLOSE]]
Warning:not_parsed:OPEN.ATOM.CLOSE>POSTSUPERSCRIPT MathParser failed to match rule 'Anything'
	at 0303246_cleaned.tex; line 2024 col 3 - line 2029 col 1
	In "$\displaystyle+\frac{1}{64}(\theta)^{2}\partial(\bar{\theta})^{2}\partial(\bar%
	{\theta})^{2}(z)-\frac{1}{2}(\bar{\theta})^{2}:p^{\alpha}\partial\theta_{%
	\alpha}(z):+\frac{1}{4}\partial(\bar{\theta})^{2}:p^{\alpha}\theta_{\alpha}(z):$"
	+[[ADDOP]] \frac{1}{64}[[UNKNOWN]] ([[OPEN]] θ[[UNKNOWN]] )[[CLOSE]] ^{2}[[POSTSUPERSCRIPT]] ∂[[OPERATOR]] ([[OPEN]] \bar{\theta}[[UNKNOWN]] )[[CLOSE]]
	        > ^{2}[[POSTSUPERSCRIPT]] ∂[[OPERATOR]] ([[OPEN]] \bar{\theta}[[UNKNOWN]] )[[CLOSE]] ^{2}[[POSTSUPERSCRIPT]] ([[OPEN]] z[[UNKNOWN]] )[[CLOSE]] -[[ADDOP]] \frac{1}{2}[[UNKNOWN]] ([[OPEN]] \bar{\theta}[[UNKNOWN]] )[[CLOSE]] ^{2}[[POSTSUPERSCRIPT]] :[[METARELOP]] p[[UNKNOWN]] ^{\alpha}[[POSTSUPERSCRIPT]] ∂[[OPERATOR]] θ[[UNKNOWN]] _{\alpha}[[POSTSUBSCRIPT]] ([[OPEN]] z[[UNKNOWN]] )[[CLOSE]] :[[METARELOP]] +[[ADDOP]] \frac{1}{4}[[UNKNOWN]] ∂[[OPERATOR]] ([[OPEN]] \bar{\theta}[[UNKNOWN]] )[[CLOSE]] ^{2}[[POSTSUPERSCRIPT]] :[[METARELOP]] p[[UNKNOWN]] ^{\alpha}[[POSTSUPERSCRIPT]] θ[[UNKNOWN]] _{\alpha}[[POSTSUBSCRIPT]] ([[OPEN]] z[[UNKNOWN]] )[[CLOSE]] :[[METARELOP]]
 52.83 sec)
Math parsing succeeded:
   ltx:XMWrap: 24/24
   ltx:XMArg: 5029/5039
   ltx:XMath: 1019/1044
Symbols assumed as simple identifiers (with # of occurences):
   'A{italic}' (86), 'Box' (8), 'B{italic}' (26), 'C{italic}' (10), 'D{italic}' (17), 'F{italic}' (21), 'Gamma' (174), 'G{italic}' (279), 'H{italic}' (22), 'I{italic}' (3), 'J{italic}' (20), 'K{italic}' (3), 'Lambda' (99), 'L{italic}' (8), 'M{italic}' (4), 'N{italic}' (55), 'Omega' (44), 'O{caligraphic}' (2), 'O{italic}' (49), 'Phi' (237), 'Pi' (33), 'Psi' (17), 'P{italic}' (3), 'Q{italic}' (4), 'R{italic}' (41), 'SO' (10), 'SU' (2), 'Sigma' (30), 'S{italic}' (92), 'Theta' (29), 'Tr' (6), 'T{italic}' (102), 'U' (2), 'U{italic}' (35), 'V{italic}' (18), 'W{italic}' (9), 'Xi' (23), 'X{italic}' (97), 'Y{italic}' (2), 'Z{italic}' (7), 'alpha' (15), 'a{italic}' (20), 'b{italic}' (44), 'chi' (118), 'c{italic}' (57), 'delta' (20), 'd{italic}' (73), 'epsilon' (56), 'eta' (27), 'e{italic}' (355), 'f{italic}' (8), 'gamma' (8), 'g{italic}' (11), 'h{italic}' (18), 'i{italic}' (201), 'j{italic}' (282), 'k{italic}' (287), 'lambda' (70), 'l{italic}' (50), 'mu' (8), 'm{italic}' (10), 'nu' (8), 'n{italic}' (12), 'omega' (12), 'o{italic}' (6), 'phi' (50), 'pi' (5), 'psi' (87), 'p{italic}' (50), 'q{italic}' (8), 'rho' (69), 'r{italic}' (3), 'sigma' (84), 'tau' (26), 'theta' (90), 't{italic}' (10), 'v{italic}' (8), 'w{italic}' (89), 'xi' (53), 'x{italic}' (62), 'y{italic}' (3), 'zeta' (2), 'z{italic}' (180)
Set MATHPARSER_SPECULATE to speculate on possible notations.
(Finalizing... 4.47 sec)
Conversion complete 35 warnings (See /home/user/latex-in-arxiv/0303246_cleaned.latexml.log) (reqd. 1m 22.57s)
