latexml (LaTeXML version 0.8.6) processing 2003/0303189_cleaned.tex
(Digesting TeX 0303189_cleaned...
(Loading /usr/share/perl5/LaTeXML/Package/TeX.pool.ltxml...
(Loading /usr/share/perl5/LaTeXML/Package/eTeX.pool.ltxml... 0.01 sec)
(Loading /usr/share/perl5/LaTeXML/Package/pdfTeX.pool.ltxml... 0.01 sec) 0.19 sec)
(Processing content /home/user/latex-in-arxiv/2003/0303189_cleaned.tex...
(Loading /usr/share/perl5/LaTeXML/Package/LaTeX.pool.ltxml...
(Loading /usr/share/perl5/LaTeXML/Package/textcomp.sty.ltxml...
(Processing definitions /usr/share/texlive/texmf-dist/tex/latex-dev/base/ts1enc.dfu... 0.03 sec) 1.41 sec) 1.68 sec)
(Loading /usr/share/perl5/LaTeXML/Package/revtex4.cls.ltxml...
(Loading /usr/share/perl5/LaTeXML/Package/article.cls.ltxml... 0.01 sec)
(Loading /usr/share/perl5/LaTeXML/Package/revtex4_support.sty.ltxml...
(Loading /usr/share/perl5/LaTeXML/Package/hyperref.sty.ltxml...
(Loading /usr/share/perl5/LaTeXML/Package/keyval.sty.ltxml...
(Processing definitions /usr/share/texlive/texmf-dist/tex/latex-dev/graphics/keyval.sty... 0.02 sec) 0.02 sec)
(Loading /usr/share/perl5/LaTeXML/Package/nameref.sty.ltxml... 0.00 sec)
(Loading /usr/share/perl5/LaTeXML/Package/url.sty.ltxml... 0.00 sec) 0.09 sec)
(Loading /usr/share/perl5/LaTeXML/Package/natbib.sty.ltxml... 0.02 sec)
(Loading /usr/share/perl5/LaTeXML/Package/revsymb.sty.ltxml... 0.00 sec)
(Loading /usr/share/perl5/LaTeXML/Package/longtable.sty.ltxml... 0.00 sec)
(Loading /usr/share/perl5/LaTeXML/Package/dcolumn.sty.ltxml...
(Loading /usr/share/perl5/LaTeXML/Package/array.sty.ltxml... 0.00 sec) 0.01 sec) 0.17 sec) 0.59 sec)
(Loading /usr/share/perl5/LaTeXML/Package/amsfonts.sty.ltxml... 0.00 sec) 8.30 sec) 8.51 sec)
(Building...
(Loading compiled schema /usr/share/perl5/LaTeXML/resources/RelaxNG/LaTeXML.model... 0.01 sec) 6.36 sec)
(Rewriting... 0.26 sec)
(Math Parsing 176 formulae ......
Warning:not_parsed:RELOP.POSTSUPERSCRIPT.RELOP>ATOM MathParser failed to match rule 'Anything'
	at 0303189_cleaned.tex; line 132 col 0 - line 134 col 14
	In "\begin{equation}\stackrel{{\scriptstyle.}}{{x}}^{\mu}=\frac{d}{d\tau}g^{\tau}x%
	^{\mu},\end{equation}"
	\stackrel{{\scriptstyle.}}{{x}}[[RELOP]] ^{\mu}[[POSTSUPERSCRIPT]] =[[RELOP]]
	        > \frac{d}{d\tau}[[UNKNOWN]] g[[UNKNOWN]] ^{\tau}[[POSTSUPERSCRIPT]] x[[UNKNOWN]] ^{\mu}[[POSTSUPERSCRIPT]]
Warning:not_parsed:RELOP.POSTSUPERSCRIPT.RELOP>ATOM MathParser failed to match rule 'Anything'
	at 0303189_cleaned.tex; line 136 col 0 - line 139 col 14
	In "\begin{equation}\stackrel{{\scriptstyle.}}{{x}}^{\mu}=\frac{dx^{\mu}}{d\tau}=%
	\left[x^{\mu},H\right]\end{equation}"
	\stackrel{{\scriptstyle.}}{{x}}[[RELOP]] ^{\mu}[[POSTSUPERSCRIPT]] =[[RELOP]]
	        > \frac{dx^{\mu}}{d\tau}[[UNKNOWN]] =[[RELOP]] \left[[[OPEN]] x[[UNKNOWN]] ^{\mu}[[POSTSUPERSCRIPT]] ,[[PUNCT]] H[[UNKNOWN]] \right][[CLOSE]]
Warning:not_parsed:RELOP.POSTSUPERSCRIPT.RELOP>OPEN MathParser failed to match rule 'Anything'
	at 0303189_cleaned.tex; line 160 col 0 - line 163 col 14
	In "\begin{equation}\stackrel{{\scriptstyle.}}{{x}}^{\mu}=\left[x^{\mu},H\right]=m%
	\left[x^{\mu},\stackrel{{\scriptstyle.}}{{x}}^{\nu}\right]\stackrel{{%
	\scriptstyle.}}{{x}}_{\nu},\end{equation}"
	\stackrel{{\scriptstyle.}}{{x}}[[RELOP]] ^{\mu}[[POSTSUPERSCRIPT]] =[[RELOP]]
	        > \left[[[OPEN]] x[[UNKNOWN]] ^{\mu}[[POSTSUPERSCRIPT]] ,[[PUNCT]] H[[UNKNOWN]] \right][[CLOSE]] =[[RELOP]] m[[UNKNOWN]] \left[[[OPEN]] x[[UNKNOWN]] ^{\mu}[[POSTSUPERSCRIPT]] ,[[PUNCT]] \stackrel{{\scriptstyle.}}{{x}}[[RELOP]] ^{\nu}[[POSTSUPERSCRIPT]] \right][[CLOSE]] \stackrel{{\scriptstyle.}}{{x}}[[RELOP]] _{\nu}[[POSTSUBSCRIPT]]
Warning:not_parsed:RELOP.POSTSUPERSCRIPT.RELOP>UNKNOWN MathParser failed to match rule 'Anything'
	at 0303189_cleaned.tex; line 218 col 0 - line 221 col 14
	In "\begin{equation}\stackrel{{\scriptstyle.}}{{x}}^{2}=g^{\mu\nu}\frac{dx^{\mu}}{%
	dt_{p}}\frac{dx^{\nu}}{dt_{p}}=1,\end{equation}"
	\stackrel{{\scriptstyle.}}{{x}}[[RELOP]] ^{2}[[POSTSUPERSCRIPT]] =[[RELOP]]
	        > g[[UNKNOWN]] ^{\mu\nu}[[POSTSUPERSCRIPT]] \frac{dx^{\mu}}{dt_{p}}[[UNKNOWN]] \frac{dx^{\nu}}{dt_{p}}[[UNKNOWN]] =[[RELOP]] 1[[NUMBER]]
Warning:not_parsed:RELOP.POSTSUPERSCRIPT.RELOP>OPEN MathParser failed to match rule 'Anything'
	at 0303189_cleaned.tex; line 235 col 15 - line 235 col 15
	In "$\displaystyle\stackrel{{\scriptstyle.}}{{x}}^{2}=\left(\frac{dx^{0}}{d\tau}%
	\right)^{2}-\left(\frac{dx^{i}}{d\tau}\right)^{2}=\left\{\left(\frac{dx^{0}}{%
	dt_{p}}\right)^{2}-\left(\frac{dx^{i}}{dt_{p}}\right)^{2}\right\}\left(\frac{%
	dt_{p}}{d\tau}\right)^{2}=\left(\frac{dt_{p}}{d\tau}\right)^{2}=\left(1-\beta^%
	{2}\right)\left(\frac{dt}{d\tau}\right)^{2},\@@ENDINLINEMATH"
	\stackrel{{\scriptstyle.}}{{x}}[[RELOP]] ^{2}[[POSTSUPERSCRIPT]] =[[RELOP]]
	        > \left([[OPEN]] \frac{dx^{0}}{d\tau}[[UNKNOWN]] \right)[[CLOSE]] ^{2}[[POSTSUPERSCRIPT]] -[[ADDOP]] \left([[OPEN]] \frac{dx^{i}}{d\tau}[[UNKNOWN]] \right)[[CLOSE]] ^{2}[[POSTSUPERSCRIPT]] =[[RELOP]] \left\{[[OPEN]] \left([[OPEN]] \frac{dx^{0}}{dt_{p}}[[UNKNOWN]] \right)[[CLOSE]] ^{2}[[POSTSUPERSCRIPT]] -[[ADDOP]] \left([[OPEN]] \frac{dx^{i}}{dt_{p}}[[UNKNOWN]] \right)[[CLOSE]] ^{2}[[POSTSUPERSCRIPT]] \right\}[[CLOSE]] \left([[OPEN]] \frac{dt_{p}}{d\tau}[[UNKNOWN]] \right)[[CLOSE]] ^{2}[[POSTSUPERSCRIPT]] =[[RELOP]] \left([[OPEN]] \frac{dt_{p}}{d\tau}[[UNKNOWN]] \right)[[CLOSE]] ^{2}[[POSTSUPERSCRIPT]] =[[RELOP]] \left([[OPEN]] 1[[NUMBER]] -[[ADDOP]] β[[UNKNOWN]] ^{2}[[POSTSUPERSCRIPT]] \right)[[CLOSE]] \left([[OPEN]] \frac{dt}{d\tau}[[UNKNOWN]] \right)[[CLOSE]] ^{2}[[POSTSUPERSCRIPT]]
Warning:not_parsed:ATOM.CLOSE.POSTSUPERSCRIPT>RELOP MathParser failed to match rule 'Anything'
	at 0303189_cleaned.tex; line 247 col 0 - line 249 col 14
	In "\begin{equation}\left(\frac{dx}{d\tau}\right)^{2}=\stackrel{{\scriptstyle.}}{{%
	x}}^{2}=\frac{2H}{m}.\end{equation}"
	\left([[OPEN]] \frac{dx}{d\tau}[[UNKNOWN]] \right)[[CLOSE]] ^{2}[[POSTSUPERSCRIPT]]
	        > =[[RELOP]] \stackrel{{\scriptstyle.}}{{x}}[[RELOP]] ^{2}[[POSTSUPERSCRIPT]] =[[RELOP]] \frac{2H}{m}[[UNKNOWN]]
Warning:not_parsed:RELOP.POSTSUPERSCRIPT.RELOP>NUMBER MathParser failed to match rule 'Anything'
	at 0303189_cleaned.tex; line 314 col 0 - line 316 col 14
	In "\begin{equation}\stackrel{{\scriptstyle.}}{{x}}^{2}=1,\end{equation}"
	\stackrel{{\scriptstyle.}}{{x}}[[RELOP]] ^{2}[[POSTSUPERSCRIPT]] =[[RELOP]]
	        > 1[[NUMBER]]
Warning:not_parsed:UNKNOWN.POSTSUPERSCRIPT.ADDOP>OPEN MathParser failed to match rule 'Anything'
	at 0303189_cleaned.tex; line 358 col 0 - line 363 col 14
	In "\begin{equation}\left[\mathbb{S}^{\mu},\mathcal{S}^{\rho\sigma}\right]=g^{\mu%
	\sigma}\mathbb{S}^{\rho}-g^{\mu\rho}\mathbb{S}^{\sigma}-\left({}^{*}\mathcal{S%
	}^{\mu\rho}\stackrel{{\scriptstyle.}}{{x}}^{\sigma}-^{*}\mathcal{S}^{\mu\sigma%
	}\stackrel{{\scriptstyle.}}{{x}}^{\rho}\right).\end{equation}"
	\left[[[OPEN]] S[[UNKNOWN]] ^{\mu}[[POSTSUPERSCRIPT]] ,[[PUNCT]] S[[UNKNOWN]] ^{\rho\sigma}[[POSTSUPERSCRIPT]] \right][[CLOSE]] =[[RELOP]] g[[UNKNOWN]] ^{\mu\sigma}[[POSTSUPERSCRIPT]] S[[UNKNOWN]] ^{\rho}[[POSTSUPERSCRIPT]] -[[ADDOP]] g[[UNKNOWN]] ^{\mu\rho}[[POSTSUPERSCRIPT]] S[[UNKNOWN]] ^{\sigma}[[POSTSUPERSCRIPT]] -[[ADDOP]]
	        > \left([[OPEN]] {}^{*}[[FLOATSUPERSCRIPT]] S[[UNKNOWN]] ^{\mu\rho}[[POSTSUPERSCRIPT]] \stackrel{{\scriptstyle.}}{{x}}[[RELOP]] ^{\sigma}[[POSTSUPERSCRIPT]] -[[ADDOP]] ^{*}[[POSTSUPERSCRIPT]] S[[UNKNOWN]] ^{\mu\sigma}[[POSTSUPERSCRIPT]] \stackrel{{\scriptstyle.}}{{x}}[[RELOP]] ^{\rho}[[POSTSUPERSCRIPT]] \right)[[CLOSE]]
Warning:not_parsed:RELOP.ATOM.UNKNOWN>RELOP MathParser failed to match rule 'Anything'
	at 0303189_cleaned.tex; line 464 col 0 - line 468 col 14
	In "\begin{equation}H=\frac{1}{2}m\stackrel{{\scriptstyle.}}{{x}}^{2}-\frac{q}{2m}%
	F\mathcal{S}=\frac{1}{2}m\stackrel{{\scriptstyle.}}{{x}}^{\mu}\stackrel{{%
	\scriptstyle.}}{{x}}_{\mu}-\frac{q}{2m}F^{\mu\nu}\mathcal{S}_{\mu\nu}\end{equation}"
	H[[UNKNOWN]] =[[RELOP]] \frac{1}{2}[[UNKNOWN]] m[[UNKNOWN]] \stackrel{{\scriptstyle.}}{{x}}[[RELOP]] ^{2}[[POSTSUPERSCRIPT]] -[[ADDOP]] \frac{q}{2m}[[UNKNOWN]] F[[UNKNOWN]] S[[UNKNOWN]] =[[RELOP]] \frac{1}{2}[[UNKNOWN]] m[[UNKNOWN]]
	        > \stackrel{{\scriptstyle.}}{{x}}[[RELOP]] ^{\mu}[[POSTSUPERSCRIPT]] \stackrel{{\scriptstyle.}}{{x}}[[RELOP]] _{\mu}[[POSTSUBSCRIPT]] -[[ADDOP]] \frac{q}{2m}[[UNKNOWN]] F[[UNKNOWN]] ^{\mu\nu}[[POSTSUPERSCRIPT]] S[[UNKNOWN]] _{\mu\nu}[[POSTSUBSCRIPT]]
Warning:not_parsed:>PERIOD MathParser failed to match rule 'Anything'
	at 0303189_cleaned.tex; line 472 col 16 - line 472 col 16
	In "\begin{equation}\stackrel{{\scriptstyle..}}{{x}}^{\mu}=\left[\stackrel{{%
	\scriptstyle.}}{{x}}^{\mu},H\right]=\frac{q}{m}F^{\mu\nu}\stackrel{{%
	\scriptstyle.}}{{x}}_{\nu}+\frac{q}{2m^{2}}\mathcal{S}_{\rho\sigma}\partial^{%
	\mu}F^{\rho\sigma},\end{equation}"
	> .[[PERIOD]] .[[PERIOD]]
Warning:not_parsed:RELOP.POSTSUPERSCRIPT.RELOP>OPEN MathParser failed to match rule 'Anything'
	at 0303189_cleaned.tex; line 471 col 0 - line 475 col 14
	\stackrel{{\scriptstyle..}}{{x}}[[RELOP]] ^{\mu}[[POSTSUPERSCRIPT]] =[[RELOP]]
	        > \left[[[OPEN]] \stackrel{{\scriptstyle.}}{{x}}[[RELOP]] ^{\mu}[[POSTSUPERSCRIPT]] ,[[PUNCT]] H[[UNKNOWN]] \right][[CLOSE]] =[[RELOP]] \frac{q}{m}[[UNKNOWN]] F[[UNKNOWN]] ^{\mu\nu}[[POSTSUPERSCRIPT]] \stackrel{{\scriptstyle.}}{{x}}[[RELOP]] _{\nu}[[POSTSUBSCRIPT]] +[[ADDOP]] \frac{q}{2m^{2}}[[UNKNOWN]] S[[UNKNOWN]] _{\rho\sigma}[[POSTSUBSCRIPT]] ∂[[OPERATOR]] ^{\mu}[[POSTSUPERSCRIPT]] F[[UNKNOWN]] ^{\rho\sigma}[[POSTSUPERSCRIPT]]
Warning:not_parsed:RELOP.POSTSUPERSCRIPT.RELOP>OPEN MathParser failed to match rule 'Anything'
	at 0303189_cleaned.tex; line 477 col 0 - line 483 col 14
	In "\begin{equation}\stackrel{{\scriptstyle.}}{{\mathcal{S}}}^{\mu\nu}=\left[%
	\mathcal{S}^{\mu\nu},H\right]=\frac{q}{2m}F_{\rho\sigma}\left[\mathcal{S}^{%
	\rho\sigma},\mathcal{S}^{\mu\nu}\right]=\frac{q}{m}\left(F^{\mu}{}_{\rho}%
	\mathcal{S}^{\rho\nu}-\mathcal{S}^{\mu}{}_{\rho}F^{\rho\nu}\right)=\frac{q}{m}%
	\left(F\mathcal{S}-\mathcal{S}F\right)^{\mu\nu},\end{equation}"
	\stackrel{{\scriptstyle.}}{{\mathcal{S}}}[[RELOP]] ^{\mu\nu}[[POSTSUPERSCRIPT]] =[[RELOP]]
	        > \left[[[OPEN]] S[[UNKNOWN]] ^{\mu\nu}[[POSTSUPERSCRIPT]] ,[[PUNCT]] H[[UNKNOWN]] \right][[CLOSE]] =[[RELOP]] \frac{q}{2m}[[UNKNOWN]] F[[UNKNOWN]] _{\rho\sigma}[[POSTSUBSCRIPT]] \left[[[OPEN]] S[[UNKNOWN]] ^{\rho\sigma}[[POSTSUPERSCRIPT]] ,[[PUNCT]] S[[UNKNOWN]] ^{\mu\nu}[[POSTSUPERSCRIPT]] \right][[CLOSE]] =[[RELOP]] \frac{q}{m}[[UNKNOWN]] \left([[OPEN]] F[[UNKNOWN]] ^{\mu}[[POSTSUPERSCRIPT]] {}_{\rho}[[FLOATSUBSCRIPT]] S[[UNKNOWN]] ^{\rho\nu}[[POSTSUPERSCRIPT]] -[[ADDOP]] S[[UNKNOWN]] ^{\mu}[[POSTSUPERSCRIPT]] {}_{\rho}[[FLOATSUBSCRIPT]] F[[UNKNOWN]] ^{\rho\nu}[[POSTSUPERSCRIPT]] \right)[[CLOSE]] =[[RELOP]] \frac{q}{m}[[UNKNOWN]] \left([[OPEN]] F[[UNKNOWN]] S[[UNKNOWN]] -[[ADDOP]] S[[UNKNOWN]] F[[UNKNOWN]] \right)[[CLOSE]] ^{\mu\nu}[[POSTSUPERSCRIPT]]
Warning:not_parsed:RELOP.POSTSUPERSCRIPT.RELOP>ATOM MathParser failed to match rule 'Anything'
	at 0303189_cleaned.tex; line 486 col 21 - line 486 col 21
	In "$\displaystyle\stackrel{{\scriptstyle.}}{{\mathbb{S}}}^{\mu}=\frac{1}{2}%
	\varepsilon^{\mu}{}_{\nu\rho\sigma}\left[\stackrel{{\scriptstyle.}}{{x}}^{\nu}%
	\mathcal{S}^{\rho\sigma},H\right]=\frac{q}{2m}\varepsilon^{\mu\nu\rho\sigma}F_%
	{\nu\alpha}\stackrel{{\scriptstyle.}}{{x}}^{\alpha}\mathcal{S}_{\rho\sigma}+%
	\frac{q}{4m^{2}}\varepsilon^{\mu\nu\rho\sigma}\mathcal{S}_{\rho\sigma}\mathcal%
	{S}^{\alpha\beta}\partial_{\nu}F_{\alpha\beta}+\frac{q}{4m}\varepsilon^{\mu}{}%
	_{\nu\rho\sigma}\stackrel{{\scriptstyle.}}{{x}}^{\nu}\left[\mathcal{S}^{\rho%
	\sigma},\mathcal{S}^{\alpha\beta}\right]F_{\alpha\beta}.\@@ENDINLINEMATH"
	\stackrel{{\scriptstyle.}}{{\mathbb{S}}}[[RELOP]] ^{\mu}[[POSTSUPERSCRIPT]] =[[RELOP]]
	        > \frac{1}{2}[[UNKNOWN]] ε[[UNKNOWN]] ^{\mu}[[POSTSUPERSCRIPT]] {}_{\nu\rho\sigma}[[FLOATSUBSCRIPT]] \left[[[OPEN]] \stackrel{{\scriptstyle.}}{{x}}[[RELOP]] ^{\nu}[[POSTSUPERSCRIPT]] S[[UNKNOWN]] ^{\rho\sigma}[[POSTSUPERSCRIPT]] ,[[PUNCT]] H[[UNKNOWN]] \right][[CLOSE]] =[[RELOP]] \frac{q}{2m}[[UNKNOWN]] ε[[UNKNOWN]] ^{\mu\nu\rho\sigma}[[POSTSUPERSCRIPT]] F[[UNKNOWN]] _{\nu\alpha}[[POSTSUBSCRIPT]] \stackrel{{\scriptstyle.}}{{x}}[[RELOP]] ^{\alpha}[[POSTSUPERSCRIPT]] S[[UNKNOWN]] _{\rho\sigma}[[POSTSUBSCRIPT]] +[[ADDOP]] \frac{q}{4m^{2}}[[UNKNOWN]] ε[[UNKNOWN]] ^{\mu\nu\rho\sigma}[[POSTSUPERSCRIPT]] S[[UNKNOWN]] _{\rho\sigma}[[POSTSUBSCRIPT]] S[[UNKNOWN]] ^{\alpha\beta}[[POSTSUPERSCRIPT]] ∂[[OPERATOR]] _{\nu}[[POSTSUBSCRIPT]] F[[UNKNOWN]] _{\alpha\beta}[[POSTSUBSCRIPT]] +[[ADDOP]] \frac{q}{4m}[[UNKNOWN]] ε[[UNKNOWN]] ^{\mu}[[POSTSUPERSCRIPT]] {}_{\nu\rho\sigma}[[FLOATSUBSCRIPT]] \stackrel{{\scriptstyle.}}{{x}}[[RELOP]] ^{\nu}[[POSTSUPERSCRIPT]] \left[[[OPEN]] S[[UNKNOWN]] ^{\rho\sigma}[[POSTSUPERSCRIPT]] ,[[PUNCT]] S[[UNKNOWN]] ^{\alpha\beta}[[POSTSUPERSCRIPT]] \right][[CLOSE]] F[[UNKNOWN]] _{\alpha\beta}[[POSTSUBSCRIPT]]
Warning:not_parsed:ATOM.UNKNOWN.POSTSUPERSCRIPT>FLOATSUBSCRIPT MathParser failed to match rule 'Anything'
	at 0303189_cleaned.tex; line 486 col 37 - line 489 col 1
	In "$\displaystyle\frac{1}{2}\varepsilon^{\mu}{}_{\nu\rho\sigma}\left[\stackrel{{%
	\scriptstyle.}}{{x}}^{\nu}\mathcal{S}^{\rho\sigma},H\right]$"
	\frac{1}{2}[[UNKNOWN]] ε[[UNKNOWN]] ^{\mu}[[POSTSUPERSCRIPT]]
	        > {}_{\nu\rho\sigma}[[FLOATSUBSCRIPT]] \left[[[OPEN]] \stackrel{{\scriptstyle.}}{{x}}[[RELOP]] ^{\nu}[[POSTSUPERSCRIPT]] S[[UNKNOWN]] ^{\rho\sigma}[[POSTSUPERSCRIPT]] ,[[PUNCT]] H[[UNKNOWN]] \right][[CLOSE]]
Warning:not_parsed:ATOM.UNKNOWN.POSTSUPERSCRIPT>FLOATSUBSCRIPT MathParser failed to match rule 'Anything'
	at 0303189_cleaned.tex; line 493 col 3 - line 496 col 14
	In "$\displaystyle+\frac{q}{4m}\varepsilon^{\mu}{}_{\nu\rho\sigma}\stackrel{{%
	\scriptstyle.}}{{x}}^{\nu}\left[\mathcal{S}^{\rho\sigma},\mathcal{S}^{\alpha%
	\beta}\right]F_{\alpha\beta}.$"
	+[[ADDOP]] \frac{q}{4m}[[UNKNOWN]] ε[[UNKNOWN]] ^{\mu}[[POSTSUPERSCRIPT]]
	        > {}_{\nu\rho\sigma}[[FLOATSUBSCRIPT]] \stackrel{{\scriptstyle.}}{{x}}[[RELOP]] ^{\nu}[[POSTSUPERSCRIPT]] \left[[[OPEN]] S[[UNKNOWN]] ^{\rho\sigma}[[POSTSUPERSCRIPT]] ,[[PUNCT]] S[[UNKNOWN]] ^{\alpha\beta}[[POSTSUPERSCRIPT]] \right][[CLOSE]] F[[UNKNOWN]] _{\alpha\beta}[[POSTSUBSCRIPT]]
Warning:not_parsed:ATOM.UNKNOWN.POSTSUPERSCRIPT>FLOATSUBSCRIPT MathParser failed to match rule 'Anything'
	at 0303189_cleaned.tex; line 500 col 0 - line 506 col 14
	In "\begin{equation}\frac{q}{4m}\varepsilon^{\mu}{}_{\nu\rho\sigma}\stackrel{{%
	\scriptstyle.}}{{x}}^{\nu}\left[\mathcal{S}^{\rho\sigma},\mathcal{S}^{\alpha%
	\beta}\right]F_{\alpha\beta}=\frac{q}{2m}\varepsilon^{\mu}{}_{\nu\rho\sigma}%
	\stackrel{{\scriptstyle.}}{{x}}^{\nu}\left(F_{\alpha}{}^{\sigma}\mathcal{S}^{%
	\alpha\rho}-F_{\alpha}{}^{\rho}\mathcal{S}^{\alpha\sigma}\right),\end{equation}"
	\frac{q}{4m}[[UNKNOWN]] ε[[UNKNOWN]] ^{\mu}[[POSTSUPERSCRIPT]]
	        > {}_{\nu\rho\sigma}[[FLOATSUBSCRIPT]] \stackrel{{\scriptstyle.}}{{x}}[[RELOP]] ^{\nu}[[POSTSUPERSCRIPT]] \left[[[OPEN]] S[[UNKNOWN]] ^{\rho\sigma}[[POSTSUPERSCRIPT]] ,[[PUNCT]] S[[UNKNOWN]] ^{\alpha\beta}[[POSTSUPERSCRIPT]] \right][[CLOSE]] F[[UNKNOWN]] _{\alpha\beta}[[POSTSUBSCRIPT]] =[[RELOP]] \frac{q}{2m}[[UNKNOWN]] ε[[UNKNOWN]] ^{\mu}[[POSTSUPERSCRIPT]] {}_{\nu\rho\sigma}[[FLOATSUBSCRIPT]] \stackrel{{\scriptstyle.}}{{x}}[[RELOP]] ^{\nu}[[POSTSUPERSCRIPT]] \left([[OPEN]] F[[UNKNOWN]] _{\alpha}[[POSTSUBSCRIPT]] {}^{\sigma}[[FLOATSUPERSCRIPT]] S[[UNKNOWN]] ^{\alpha\rho}[[POSTSUPERSCRIPT]] -[[ADDOP]] F[[UNKNOWN]] _{\alpha}[[POSTSUBSCRIPT]] {}^{\rho}[[FLOATSUPERSCRIPT]] S[[UNKNOWN]] ^{\alpha\sigma}[[POSTSUPERSCRIPT]] \right)[[CLOSE]]
Warning:not_parsed:RELOP.POSTSUPERSCRIPT.RELOP>ATOM MathParser failed to match rule 'Anything'
	at 0303189_cleaned.tex; line 510 col 21 - line 510 col 21
	In "$\displaystyle\stackrel{{\scriptstyle.}}{{\mathbb{S}}}^{\mu}=\frac{q}{2m}%
	\varepsilon^{\mu\nu\rho\sigma}F_{\nu\alpha}\stackrel{{\scriptstyle.}}{{x}}^{%
	\alpha}\mathcal{S}_{\rho\sigma}+\frac{q}{2m}\varepsilon^{\mu}{}_{\nu\rho\sigma%
	}\stackrel{{\scriptstyle.}}{{x}}^{\nu}\left(F_{\alpha}{}^{\sigma}\mathcal{S}^{%
	\alpha\rho}-F_{\alpha}{}^{\rho}\mathcal{S}^{\alpha\sigma}\right)+\frac{q}{4m^{%
	2}}\varepsilon^{\mu\nu\rho\sigma}\mathcal{S}_{\rho\sigma}\mathcal{S}^{\alpha%
	\beta}\partial_{\nu}F_{\alpha\beta}=\frac{q}{2m}F^{\mu\nu}\mathbb{S}_{\nu}+%
	\frac{q}{4m^{2}}\varepsilon^{\mu\nu\rho\sigma}\mathcal{S}_{\rho\sigma}\mathcal%
	{S}^{\alpha\beta}\partial_{\nu}F_{\alpha\beta},\@@ENDINLINEMATH"
	\stackrel{{\scriptstyle.}}{{\mathbb{S}}}[[RELOP]] ^{\mu}[[POSTSUPERSCRIPT]] =[[RELOP]]
	        > \frac{q}{2m}[[UNKNOWN]] ε[[UNKNOWN]] ^{\mu\nu\rho\sigma}[[POSTSUPERSCRIPT]] F[[UNKNOWN]] _{\nu\alpha}[[POSTSUBSCRIPT]] \stackrel{{\scriptstyle.}}{{x}}[[RELOP]] ^{\alpha}[[POSTSUPERSCRIPT]] S[[UNKNOWN]] _{\rho\sigma}[[POSTSUBSCRIPT]] +[[ADDOP]] \frac{q}{2m}[[UNKNOWN]] ε[[UNKNOWN]] ^{\mu}[[POSTSUPERSCRIPT]] {}_{\nu\rho\sigma}[[FLOATSUBSCRIPT]] \stackrel{{\scriptstyle.}}{{x}}[[RELOP]] ^{\nu}[[POSTSUPERSCRIPT]] \left([[OPEN]] F[[UNKNOWN]] _{\alpha}[[POSTSUBSCRIPT]] {}^{\sigma}[[FLOATSUPERSCRIPT]] S[[UNKNOWN]] ^{\alpha\rho}[[POSTSUPERSCRIPT]] -[[ADDOP]] F[[UNKNOWN]] _{\alpha}[[POSTSUBSCRIPT]] {}^{\rho}[[FLOATSUPERSCRIPT]] S[[UNKNOWN]] ^{\alpha\sigma}[[POSTSUPERSCRIPT]] \right)[[CLOSE]] +[[ADDOP]] \frac{q}{4m^{2}}[[UNKNOWN]] ε[[UNKNOWN]] ^{\mu\nu\rho\sigma}[[POSTSUPERSCRIPT]] S[[UNKNOWN]] _{\rho\sigma}[[POSTSUBSCRIPT]] S[[UNKNOWN]] ^{\alpha\beta}[[POSTSUPERSCRIPT]] ∂[[OPERATOR]] _{\nu}[[POSTSUBSCRIPT]] F[[UNKNOWN]] _{\alpha\beta}[[POSTSUBSCRIPT]] =[[RELOP]] \frac{q}{2m}[[UNKNOWN]] F[[UNKNOWN]] ^{\mu\nu}[[POSTSUPERSCRIPT]] S[[UNKNOWN]] _{\nu}[[POSTSUBSCRIPT]] +[[ADDOP]] \frac{q}{4m^{2}}[[UNKNOWN]] ε[[UNKNOWN]] ^{\mu\nu\rho\sigma}[[POSTSUPERSCRIPT]] ...
Warning:not_parsed:ATOM.UNKNOWN.POSTSUPERSCRIPT>FLOATSUBSCRIPT MathParser failed to match rule 'Anything'
	at 0303189_cleaned.tex; line 510 col 37 - line 515 col 1
	In "$\displaystyle\frac{q}{2m}\varepsilon^{\mu\nu\rho\sigma}F_{\nu\alpha}\stackrel%
	{{\scriptstyle.}}{{x}}^{\alpha}\mathcal{S}_{\rho\sigma}+\frac{q}{2m}%
	\varepsilon^{\mu}{}_{\nu\rho\sigma}\stackrel{{\scriptstyle.}}{{x}}^{\nu}\left(%
	F_{\alpha}{}^{\sigma}\mathcal{S}^{\alpha\rho}-F_{\alpha}{}^{\rho}\mathcal{S}^{%
	\alpha\sigma}\right)$"
	\frac{q}{2m}[[UNKNOWN]] ε[[UNKNOWN]] ^{\mu\nu\rho\sigma}[[POSTSUPERSCRIPT]] F[[UNKNOWN]] _{\nu\alpha}[[POSTSUBSCRIPT]] \stackrel{{\scriptstyle.}}{{x}}[[RELOP]] ^{\alpha}[[POSTSUPERSCRIPT]] S[[UNKNOWN]] _{\rho\sigma}[[POSTSUBSCRIPT]] +[[ADDOP]] \frac{q}{2m}[[UNKNOWN]] ε[[UNKNOWN]] ^{\mu}[[POSTSUPERSCRIPT]]
	        > {}_{\nu\rho\sigma}[[FLOATSUBSCRIPT]] \stackrel{{\scriptstyle.}}{{x}}[[RELOP]] ^{\nu}[[POSTSUPERSCRIPT]] \left([[OPEN]] F[[UNKNOWN]] _{\alpha}[[POSTSUBSCRIPT]] {}^{\sigma}[[FLOATSUPERSCRIPT]] S[[UNKNOWN]] ^{\alpha\rho}[[POSTSUPERSCRIPT]] -[[ADDOP]] F[[UNKNOWN]] _{\alpha}[[POSTSUBSCRIPT]] {}^{\rho}[[FLOATSUPERSCRIPT]] S[[UNKNOWN]] ^{\alpha\sigma}[[POSTSUPERSCRIPT]] \right)[[CLOSE]]
Warning:not_parsed:>PERIOD MathParser failed to match rule 'Anything'
	at 0303189_cleaned.tex; line 545 col 16 - line 545 col 16
	In "\begin{equation}\stackrel{{\scriptstyle..}}{{x}}^{\mu}=\frac{q}{m}F^{\mu\nu}%
	\stackrel{{\scriptstyle.}}{{x}}_{\nu}+\frac{q}{2m^{2}}\mathcal{S}_{\rho\sigma}%
	\partial^{\mu}F^{\rho\sigma}-\frac{a}{m}\stackrel{{\scriptstyle.}}{{x}}_{\rho}%
	\partial^{\mu}F^{\rho\sigma}\mathcal{S}_{\sigma\tau}\stackrel{{\scriptstyle.}}%
	{{x}}^{\tau}+....\end{equation}"
	> .[[PERIOD]] .[[PERIOD]]
Warning:not_parsed:RELOP.POSTSUPERSCRIPT.RELOP>ATOM MathParser failed to match rule 'Anything'
	at 0303189_cleaned.tex; line 544 col 0 - line 549 col 14
	\stackrel{{\scriptstyle..}}{{x}}[[RELOP]] ^{\mu}[[POSTSUPERSCRIPT]] =[[RELOP]]
	        > \frac{q}{m}[[UNKNOWN]] F[[UNKNOWN]] ^{\mu\nu}[[POSTSUPERSCRIPT]] \stackrel{{\scriptstyle.}}{{x}}[[RELOP]] _{\nu}[[POSTSUBSCRIPT]] +[[ADDOP]] \frac{q}{2m^{2}}[[UNKNOWN]] S[[UNKNOWN]] _{\rho\sigma}[[POSTSUBSCRIPT]] ∂[[OPERATOR]] ^{\mu}[[POSTSUPERSCRIPT]] F[[UNKNOWN]] ^{\rho\sigma}[[POSTSUPERSCRIPT]] -[[ADDOP]] \frac{a}{m}[[UNKNOWN]] \stackrel{{\scriptstyle.}}{{x}}[[RELOP]] _{\rho}[[POSTSUBSCRIPT]] ∂[[OPERATOR]] ^{\mu}[[POSTSUPERSCRIPT]] F[[UNKNOWN]] ^{\rho\sigma}[[POSTSUPERSCRIPT]] S[[UNKNOWN]] _{\sigma\tau}[[POSTSUBSCRIPT]] \stackrel{{\scriptstyle.}}{{x}}[[RELOP]] ^{\tau}[[POSTSUPERSCRIPT]] +[[ADDOP]] ...[[ID]]
Warning:not_parsed:RELOP.POSTSUPERSCRIPT.RELOP>ATOM MathParser failed to match rule 'Anything'
	at 0303189_cleaned.tex; line 552 col 0 - line 557 col 14
	In "\begin{equation}\stackrel{{\scriptstyle.}}{{\mathcal{S}}}^{\mu\nu}=\frac{q}{m}%
	\left(F^{\mu}{}_{\rho}\mathcal{S}^{\rho\nu}-\mathcal{S}^{\mu}{}_{\rho}F^{\rho%
	\nu}\right)+2a\left(\stackrel{{\scriptstyle.}}{{x}}^{\mu}F^{\rho\nu}{}-%
	\stackrel{{\scriptstyle.}}{{x}}^{\nu}F^{\rho\mu}\right)\stackrel{{\scriptstyle%
	.}}{{x}}_{\rho}.\end{equation}"
	\stackrel{{\scriptstyle.}}{{\mathcal{S}}}[[RELOP]] ^{\mu\nu}[[POSTSUPERSCRIPT]] =[[RELOP]]
	        > \frac{q}{m}[[UNKNOWN]] \left([[OPEN]] F[[UNKNOWN]] ^{\mu}[[POSTSUPERSCRIPT]] {}_{\rho}[[FLOATSUBSCRIPT]] S[[UNKNOWN]] ^{\rho\nu}[[POSTSUPERSCRIPT]] -[[ADDOP]] S[[UNKNOWN]] ^{\mu}[[POSTSUPERSCRIPT]] {}_{\rho}[[FLOATSUBSCRIPT]] F[[UNKNOWN]] ^{\rho\nu}[[POSTSUPERSCRIPT]] \right)[[CLOSE]] +[[ADDOP]] 2[[NUMBER]] a[[UNKNOWN]] \left([[OPEN]] \stackrel{{\scriptstyle.}}{{x}}[[RELOP]] ^{\mu}[[POSTSUPERSCRIPT]] F[[UNKNOWN]] ^{\rho\nu}[[POSTSUPERSCRIPT]] -[[ADDOP]] \stackrel{{\scriptstyle.}}{{x}}[[RELOP]] ^{\nu}[[POSTSUPERSCRIPT]] F[[UNKNOWN]] ^{\rho\mu}[[POSTSUPERSCRIPT]] \right)[[CLOSE]] \stackrel{{\scriptstyle.}}{{x}}[[RELOP]] _{\rho}[[POSTSUBSCRIPT]]
Warning:not_parsed:RELOP.POSTSUPERSCRIPT.RELOP>ATOM MathParser failed to match rule 'Anything'
	at 0303189_cleaned.tex; line 559 col 0 - line 565 col 14
	In "\begin{equation}\stackrel{{\scriptstyle.}}{{\mathbb{S}}}^{\mu}=\frac{q}{m}F^{%
	\mu\nu}\mathbb{S}_{\nu}+\frac{q}{4m^{2}}\varepsilon^{\mu\nu\rho\sigma}\mathcal%
	{S}_{\rho\sigma}\mathcal{S}^{\alpha\beta}\partial_{\nu}F_{\alpha\beta}+a\left[%
	\stackrel{{\scriptstyle.}}{{x}}_{\rho}F^{\rho\sigma}\mathcal{S}_{\sigma\tau}%
	\stackrel{{\scriptstyle.}}{{x}}^{\tau},\mathbb{S}^{\mu}\right]+.....\end{equation}"
	\stackrel{{\scriptstyle.}}{{\mathbb{S}}}[[RELOP]] ^{\mu}[[POSTSUPERSCRIPT]] =[[RELOP]]
	        > \frac{q}{m}[[UNKNOWN]] F[[UNKNOWN]] ^{\mu\nu}[[POSTSUPERSCRIPT]] S[[UNKNOWN]] _{\nu}[[POSTSUBSCRIPT]] +[[ADDOP]] \frac{q}{4m^{2}}[[UNKNOWN]] ε[[UNKNOWN]] ^{\mu\nu\rho\sigma}[[POSTSUPERSCRIPT]] S[[UNKNOWN]] _{\rho\sigma}[[POSTSUBSCRIPT]] S[[UNKNOWN]] ^{\alpha\beta}[[POSTSUPERSCRIPT]] ∂[[OPERATOR]] _{\nu}[[POSTSUBSCRIPT]] F[[UNKNOWN]] _{\alpha\beta}[[POSTSUBSCRIPT]] +[[ADDOP]] a[[UNKNOWN]] \left[[[OPEN]] \stackrel{{\scriptstyle.}}{{x}}[[RELOP]] _{\rho}[[POSTSUBSCRIPT]] F[[UNKNOWN]] ^{\rho\sigma}[[POSTSUPERSCRIPT]] S[[UNKNOWN]] _{\sigma\tau}[[POSTSUBSCRIPT]] \stackrel{{\scriptstyle.}}{{x}}[[RELOP]] ^{\tau}[[POSTSUPERSCRIPT]] ,[[PUNCT]] S[[UNKNOWN]] ^{\mu}[[POSTSUPERSCRIPT]] \right][[CLOSE]] +[[ADDOP]] ...[[ID]]
Warning:not_parsed:>OPEN MathParser failed to match rule 'Anything'
	at 0303189_cleaned.tex; line 567 col 0 - line 575 col 14
	In "\begin{equation}\left[\mathbb{S}^{\mu},\stackrel{{\scriptstyle.}}{{x}}_{\rho}F%
	^{\rho\sigma}\mathcal{S}_{\sigma\tau}\stackrel{{\scriptstyle.}}{{x}}^{\tau}%
	\right]=-\frac{1}{2}\varepsilon^{\mu\alpha\beta\gamma}\left\{\frac{1}{m}%
	\mathcal{S}_{\beta\gamma}\stackrel{{\scriptstyle.}}{{x}}_{\rho}\partial_{%
	\alpha}F^{\rho\sigma}\mathcal{S}_{\sigma\tau}\stackrel{{\scriptstyle.}}{{x}}^{%
	\tau}+\stackrel{{\scriptstyle.}}{{x}}_{\alpha}\left[\mathcal{S}_{\beta\gamma},%
	\mathcal{S}_{\sigma\tau}\right]\stackrel{{\scriptstyle.}}{{x}}_{\rho}F^{\rho%
	\sigma}\stackrel{{\scriptstyle.}}{{x}}^{\tau}\right\},\end{equation}"
	> \left[[[OPEN]] S[[UNKNOWN]] ^{\mu}[[POSTSUPERSCRIPT]] ,[[PUNCT]] \stackrel{{\scriptstyle.}}{{x}}[[RELOP]] _{\rho}[[POSTSUBSCRIPT]] F[[UNKNOWN]] ^{\rho\sigma}[[POSTSUPERSCRIPT]] S[[UNKNOWN]] _{\sigma\tau}[[POSTSUBSCRIPT]] \stackrel{{\scriptstyle.}}{{x}}[[RELOP]] ^{\tau}[[POSTSUPERSCRIPT]] \right][[CLOSE]] =[[RELOP]] -[[ADDOP]] \frac{1}{2}[[UNKNOWN]] ε[[UNKNOWN]] ^{\mu\alpha\beta\gamma}[[POSTSUPERSCRIPT]] \left\{[[OPEN]] \frac{1}{m}[[UNKNOWN]] S[[UNKNOWN]] _{\beta\gamma}[[POSTSUBSCRIPT]] \stackrel{{\scriptstyle.}}{{x}}[[RELOP]] _{\rho}[[POSTSUBSCRIPT]] ∂[[OPERATOR]] _{\alpha}[[POSTSUBSCRIPT]] F[[UNKNOWN]] ^{\rho\sigma}[[POSTSUPERSCRIPT]] S[[UNKNOWN]] _{\sigma\tau}[[POSTSUBSCRIPT]] \stackrel{{\scriptstyle.}}{{x}}[[RELOP]] ^{\tau}[[POSTSUPERSCRIPT]] +[[ADDOP]] \stackrel{{\scriptstyle.}}{{x}}[[RELOP]] _{\alpha}[[POSTSUBSCRIPT]] \left[[[OPEN]] S[[UNKNOWN]] _{\beta\gamma}[[POSTSUBSCRIPT]] ,[[PUNCT]] S[[UNKNOWN]] _{\sigma\tau}[[POSTSUBSCRIPT]] \right][[CLOSE]] \stackrel{{\scriptstyle.}}{{x}}[[RELOP]] _{\rho}[[POSTSUBSCRIPT]] F[[UNKNOWN]] ^{\rho\sigma}[[POSTSUPERSCRIPT]] \stackrel{{\scriptstyle.}}{{x}}[[RELOP]] ^{\tau}[[POSTSUPERSCRIPT]] \right\}[[CLOSE]]
Warning:not_parsed:POSTSUBSCRIPT.UNKNOWN.POSTSUPERSCRIPT>RELOP MathParser failed to match rule 'Anything'
	at 0303189_cleaned.tex; line 578 col 0 - line 586 col 14
	In "\begin{equation}\frac{1}{2}\varepsilon^{\mu\alpha\beta\gamma}\stackrel{{%
	\scriptstyle.}}{{x}}_{\alpha}\left[\mathcal{S}_{\beta\gamma},\mathcal{S}_{%
	\sigma\tau}\right]\stackrel{{\scriptstyle.}}{{x}}_{\rho}F^{\rho\sigma}%
	\stackrel{{\scriptstyle.}}{{x}}^{\tau}=-\varepsilon^{\mu\alpha\beta\gamma}%
	\stackrel{{\scriptstyle.}}{{x}}^{2}\stackrel{{\scriptstyle.}}{{x}}_{\alpha}F^{%
	\rho}{}_{\gamma}\mathcal{S}_{\beta\rho}-2\stackrel{{\scriptstyle.}}{{x}}^{2}F^%
	{\mu\nu}{}\mathbb{S}_{\nu}-2\left(\stackrel{{\scriptstyle.}}{{x}}F\mathbb{S}%
	\right)\stackrel{{\scriptstyle.}}{{x}}^{\mu}.\end{equation}"
	\frac{1}{2}[[UNKNOWN]] ε[[UNKNOWN]] ^{\mu\alpha\beta\gamma}[[POSTSUPERSCRIPT]] \stackrel{{\scriptstyle.}}{{x}}[[RELOP]] _{\alpha}[[POSTSUBSCRIPT]] \left[[[OPEN]] S[[UNKNOWN]] _{\beta\gamma}[[POSTSUBSCRIPT]] ,[[PUNCT]] S[[UNKNOWN]] _{\sigma\tau}[[POSTSUBSCRIPT]] \right][[CLOSE]] \stackrel{{\scriptstyle.}}{{x}}[[RELOP]] _{\rho}[[POSTSUBSCRIPT]] F[[UNKNOWN]] ^{\rho\sigma}[[POSTSUPERSCRIPT]]
	        > \stackrel{{\scriptstyle.}}{{x}}[[RELOP]] ^{\tau}[[POSTSUPERSCRIPT]] =[[RELOP]] -[[ADDOP]] ε[[UNKNOWN]] ^{\mu\alpha\beta\gamma}[[POSTSUPERSCRIPT]] \stackrel{{\scriptstyle.}}{{x}}[[RELOP]] ^{2}[[POSTSUPERSCRIPT]] \stackrel{{\scriptstyle.}}{{x}}[[RELOP]] _{\alpha}[[POSTSUBSCRIPT]] F[[UNKNOWN]] ^{\rho}[[POSTSUPERSCRIPT]] {}_{\gamma}[[FLOATSUBSCRIPT]] S[[UNKNOWN]] _{\beta\rho}[[POSTSUBSCRIPT]] -[[ADDOP]] 2[[NUMBER]] \stackrel{{\scriptstyle.}}{{x}}[[RELOP]] ^{2}[[POSTSUPERSCRIPT]] F[[UNKNOWN]] ^{\mu\nu}[[POSTSUPERSCRIPT]] S[[UNKNOWN]] _{\nu}[[POSTSUBSCRIPT]] -[[ADDOP]] 2[[NUMBER]] \left([[OPEN]] \stackrel{{\scriptstyle.}}{{x}}[[RELOP]] F[[UNKNOWN]] S[[UNKNOWN]] \right)[[CLOSE]] \stackrel{{\scriptstyle.}}{{x}}[[RELOP]] ^{\mu}[[POSTSUPERSCRIPT]]
Warning:not_parsed:RELOP.POSTSUPERSCRIPT.RELOP>OPEN MathParser failed to match rule 'Anything'
	at 0303189_cleaned.tex; line 590 col 21 - line 590 col 21
	In "$\displaystyle\stackrel{{\scriptstyle.}}{{\mathbb{S}}}^{\mu}=\left(\frac{q}{m}%
	+2a\stackrel{{\scriptstyle.}}{{x}}^{2}\right)F^{\mu\nu}\mathbb{S}_{\nu}-2a%
	\left(\mathbb{S}F\stackrel{{\scriptstyle.}}{{x}}\right)\stackrel{{\scriptstyle%
	.}}{{x}}^{\mu}+\frac{q}{2m^{2}}\left({}^{*}\mathcal{S}\right)^{\mu\nu}\mathcal%
	{S}^{\alpha\beta}\partial_{\nu}F_{\alpha\beta}-\frac{a}{2}\left\{\frac{1}{m}%
	\left({}^{*}\mathcal{S}\right)^{\mu\alpha}\partial_{\alpha}F^{\rho\sigma}%
	\mathcal{S}_{\sigma\tau}\stackrel{{\scriptstyle.}}{{x}}^{\tau}\stackrel{{%
	\scriptstyle.}}{{x}}_{\rho}-4^{*}\left(F\mathcal{S}\right)^{\mu\alpha}%
	\stackrel{{\scriptstyle.}}{{x}}_{\alpha}\stackrel{{\scriptstyle.}}{{x}}^{2}%
	\right\}.\@@ENDINLINEMATH"
	\stackrel{{\scriptstyle.}}{{\mathbb{S}}}[[RELOP]] ^{\mu}[[POSTSUPERSCRIPT]] =[[RELOP]]
	        > \left([[OPEN]] \frac{q}{m}[[UNKNOWN]] +[[ADDOP]] 2[[NUMBER]] a[[UNKNOWN]] \stackrel{{\scriptstyle.}}{{x}}[[RELOP]] ^{2}[[POSTSUPERSCRIPT]] \right)[[CLOSE]] F[[UNKNOWN]] ^{\mu\nu}[[POSTSUPERSCRIPT]] S[[UNKNOWN]] _{\nu}[[POSTSUBSCRIPT]] -[[ADDOP]] 2[[NUMBER]] a[[UNKNOWN]] \left([[OPEN]] S[[UNKNOWN]] F[[UNKNOWN]] \stackrel{{\scriptstyle.}}{{x}}[[RELOP]] \right)[[CLOSE]] \stackrel{{\scriptstyle.}}{{x}}[[RELOP]] ^{\mu}[[POSTSUPERSCRIPT]] +[[ADDOP]] \frac{q}{2m^{2}}[[UNKNOWN]] \left([[OPEN]] {}^{*}[[FLOATSUPERSCRIPT]] S[[UNKNOWN]] \right)[[CLOSE]] ^{\mu\nu}[[POSTSUPERSCRIPT]] S[[UNKNOWN]] ^{\alpha\beta}[[POSTSUPERSCRIPT]] ∂[[OPERATOR]] _{\nu}[[POSTSUBSCRIPT]] F[[UNKNOWN]] _{\alpha\beta}[[POSTSUBSCRIPT]] -[[ADDOP]] \frac{a}{2}[[UNKNOWN]] \left\{[[OPEN]] \frac{1}{m}[[UNKNOWN]] \left([[OPEN]] {}^{*}[[FLOATSUPERSCRIPT]] S[[UNKNOWN]] \right)[[CLOSE]] ^{\mu\alpha}[[POSTSUPERSCRIPT]] ∂[[OPERATOR]] _{\alpha}[[POSTSUBSCRIPT]] F[[UNKNOWN]] ^{\rho\sigma}[[POSTSUPERSCRIPT]] S[[UNKNOWN]] _{\sigma\tau}[[POSTSUBSCRIPT]] \stackrel{{\scriptstyle.}}{{x}}[[RELOP]] ...
Warning:not_parsed:>OPEN MathParser failed to match rule 'Anything'
	at 0303189_cleaned.tex; line 590 col 38 - line 595 col 1
	In "$\displaystyle\left(\frac{q}{m}+2a\stackrel{{\scriptstyle.}}{{x}}^{2}\right)F^%
	{\mu\nu}\mathbb{S}_{\nu}-2a\left(\mathbb{S}F\stackrel{{\scriptstyle.}}{{x}}%
	\right)\stackrel{{\scriptstyle.}}{{x}}^{\mu}+\frac{q}{2m^{2}}\left({}^{*}%
	\mathcal{S}\right)^{\mu\nu}\mathcal{S}^{\alpha\beta}\partial_{\nu}F_{\alpha%
	\beta}$"
	> \left([[OPEN]] \frac{q}{m}[[UNKNOWN]] +[[ADDOP]] 2[[NUMBER]] a[[UNKNOWN]] \stackrel{{\scriptstyle.}}{{x}}[[RELOP]] ^{2}[[POSTSUPERSCRIPT]] \right)[[CLOSE]] F[[UNKNOWN]] ^{\mu\nu}[[POSTSUPERSCRIPT]] S[[UNKNOWN]] _{\nu}[[POSTSUBSCRIPT]] -[[ADDOP]] 2[[NUMBER]] a[[UNKNOWN]] \left([[OPEN]] S[[UNKNOWN]] F[[UNKNOWN]] \stackrel{{\scriptstyle.}}{{x}}[[RELOP]] \right)[[CLOSE]] \stackrel{{\scriptstyle.}}{{x}}[[RELOP]] ^{\mu}[[POSTSUPERSCRIPT]] +[[ADDOP]] \frac{q}{2m^{2}}[[UNKNOWN]] \left([[OPEN]] {}^{*}[[FLOATSUPERSCRIPT]] S[[UNKNOWN]] \right)[[CLOSE]] ^{\mu\nu}[[POSTSUPERSCRIPT]] S[[UNKNOWN]] ^{\alpha\beta}[[POSTSUPERSCRIPT]] ∂[[OPERATOR]] _{\nu}[[POSTSUBSCRIPT]] F[[UNKNOWN]] _{\alpha\beta}[[POSTSUBSCRIPT]]
Warning:not_parsed:ADDOP.ATOM>OPEN MathParser failed to match rule 'Anything'
	at 0303189_cleaned.tex; line 595 col 3 - line 599 col 14
	In "$\displaystyle-\frac{a}{2}\left\{\frac{1}{m}\left({}^{*}\mathcal{S}\right)^{%
	\mu\alpha}\partial_{\alpha}F^{\rho\sigma}\mathcal{S}_{\sigma\tau}\stackrel{{%
	\scriptstyle.}}{{x}}^{\tau}\stackrel{{\scriptstyle.}}{{x}}_{\rho}-4^{*}\left(F%
	\mathcal{S}\right)^{\mu\alpha}\stackrel{{\scriptstyle.}}{{x}}_{\alpha}%
	\stackrel{{\scriptstyle.}}{{x}}^{2}\right\}.$"
	-[[ADDOP]] \frac{a}{2}[[UNKNOWN]]
	        > \left\{[[OPEN]] \frac{1}{m}[[UNKNOWN]] \left([[OPEN]] {}^{*}[[FLOATSUPERSCRIPT]] S[[UNKNOWN]] \right)[[CLOSE]] ^{\mu\alpha}[[POSTSUPERSCRIPT]] ∂[[OPERATOR]] _{\alpha}[[POSTSUBSCRIPT]] F[[UNKNOWN]] ^{\rho\sigma}[[POSTSUPERSCRIPT]] S[[UNKNOWN]] _{\sigma\tau}[[POSTSUBSCRIPT]] \stackrel{{\scriptstyle.}}{{x}}[[RELOP]] ^{\tau}[[POSTSUPERSCRIPT]] \stackrel{{\scriptstyle.}}{{x}}[[RELOP]] _{\rho}[[POSTSUBSCRIPT]] -[[ADDOP]] 4[[NUMBER]] ^{*}[[POSTSUPERSCRIPT]] \left([[OPEN]] F[[UNKNOWN]] S[[UNKNOWN]] \right)[[CLOSE]] ^{\mu\alpha}[[POSTSUPERSCRIPT]] \stackrel{{\scriptstyle.}}{{x}}[[RELOP]] _{\alpha}[[POSTSUBSCRIPT]] \stackrel{{\scriptstyle.}}{{x}}[[RELOP]] ^{2}[[POSTSUPERSCRIPT]] \right\}[[CLOSE]]
Warning:not_parsed:RELOP.POSTSUPERSCRIPT.RELOP>OPEN MathParser failed to match rule 'Anything'
	at 0303189_cleaned.tex; line 602 col 21 - line 602 col 21
	In "$\displaystyle\stackrel{{\scriptstyle.}}{{\mathbb{S}}}^{\mu}=\left(\frac{q}{m}%
	+2a\stackrel{{\scriptstyle.}}{{x}}^{2}\right)F^{\mu\nu}\mathbb{S}_{\nu}+2a%
	\left(\mathbb{S}F\stackrel{{\scriptstyle.}}{{x}}\right)\stackrel{{\scriptstyle%
	.}}{{x}}^{\mu}+2a^{*}\left(F\mathcal{S}\right)^{\mu\alpha}\stackrel{{%
	\scriptstyle.}}{{x}}_{\alpha}\stackrel{{\scriptstyle.}}{{x}}^{2},\@@ENDINLINEMATH"
	\stackrel{{\scriptstyle.}}{{\mathbb{S}}}[[RELOP]] ^{\mu}[[POSTSUPERSCRIPT]] =[[RELOP]]
	        > \left([[OPEN]] \frac{q}{m}[[UNKNOWN]] +[[ADDOP]] 2[[NUMBER]] a[[UNKNOWN]] \stackrel{{\scriptstyle.}}{{x}}[[RELOP]] ^{2}[[POSTSUPERSCRIPT]] \right)[[CLOSE]] F[[UNKNOWN]] ^{\mu\nu}[[POSTSUPERSCRIPT]] S[[UNKNOWN]] _{\nu}[[POSTSUBSCRIPT]] +[[ADDOP]] 2[[NUMBER]] a[[UNKNOWN]] \left([[OPEN]] S[[UNKNOWN]] F[[UNKNOWN]] \stackrel{{\scriptstyle.}}{{x}}[[RELOP]] \right)[[CLOSE]] \stackrel{{\scriptstyle.}}{{x}}[[RELOP]] ^{\mu}[[POSTSUPERSCRIPT]] +[[ADDOP]] 2[[NUMBER]] a[[UNKNOWN]] ^{*}[[POSTSUPERSCRIPT]] \left([[OPEN]] F[[UNKNOWN]] S[[UNKNOWN]] \right)[[CLOSE]] ^{\mu\alpha}[[POSTSUPERSCRIPT]] \stackrel{{\scriptstyle.}}{{x}}[[RELOP]] _{\alpha}[[POSTSUBSCRIPT]] \stackrel{{\scriptstyle.}}{{x}}[[RELOP]] ^{2}[[POSTSUPERSCRIPT]]
Warning:not_parsed:>OPEN MathParser failed to match rule 'Anything'
	at 0303189_cleaned.tex; line 602 col 38 - line 605 col 1
	In "$\displaystyle\left(\frac{q}{m}+2a\stackrel{{\scriptstyle.}}{{x}}^{2}\right)F^%
	{\mu\nu}\mathbb{S}_{\nu}+2a\left(\mathbb{S}F\stackrel{{\scriptstyle.}}{{x}}%
	\right)\stackrel{{\scriptstyle.}}{{x}}^{\mu}$"
	> \left([[OPEN]] \frac{q}{m}[[UNKNOWN]] +[[ADDOP]] 2[[NUMBER]] a[[UNKNOWN]] \stackrel{{\scriptstyle.}}{{x}}[[RELOP]] ^{2}[[POSTSUPERSCRIPT]] \right)[[CLOSE]] F[[UNKNOWN]] ^{\mu\nu}[[POSTSUPERSCRIPT]] S[[UNKNOWN]] _{\nu}[[POSTSUBSCRIPT]] +[[ADDOP]] 2[[NUMBER]] a[[UNKNOWN]] \left([[OPEN]] S[[UNKNOWN]] F[[UNKNOWN]] \stackrel{{\scriptstyle.}}{{x}}[[RELOP]] \right)[[CLOSE]] \stackrel{{\scriptstyle.}}{{x}}[[RELOP]] ^{\mu}[[POSTSUPERSCRIPT]]
Warning:not_parsed:RELOP.POSTSUPERSCRIPT.RELOP>ATOM MathParser failed to match rule 'Anything'
	at 0303189_cleaned.tex; line 610 col 0 - line 614 col 14
	In "\begin{equation}\stackrel{{\scriptstyle.}}{{\mathbb{S}}}^{\mu}=\frac{gq}{2m}F^%
	{\mu\nu}\mathbb{S}_{\nu}+\frac{q}{2m}(g-2)\left(\mathbb{S}F\stackrel{{%
	\scriptstyle.}}{{x}}\right)\stackrel{{\scriptstyle.}}{{x}}^{\mu}.\end{equation}"
	\stackrel{{\scriptstyle.}}{{\mathbb{S}}}[[RELOP]] ^{\mu}[[POSTSUPERSCRIPT]] =[[RELOP]]
	        > \frac{gq}{2m}[[UNKNOWN]] F[[UNKNOWN]] ^{\mu\nu}[[POSTSUPERSCRIPT]] S[[UNKNOWN]] _{\nu}[[POSTSUBSCRIPT]] +[[ADDOP]] \frac{q}{2m}[[UNKNOWN]] ([[OPEN]] g[[UNKNOWN]] -[[ADDOP]] 2[[NUMBER]] )[[CLOSE]] \left([[OPEN]] S[[UNKNOWN]] F[[UNKNOWN]] \stackrel{{\scriptstyle.}}{{x}}[[RELOP]] \right)[[CLOSE]] \stackrel{{\scriptstyle.}}{{x}}[[RELOP]] ^{\mu}[[POSTSUPERSCRIPT]]
Warning:not_parsed:>PERIOD MathParser failed to match rule 'Anything'
	at 0303189_cleaned.tex; line 622 col 16 - line 622 col 16
	In "\begin{equation}\stackrel{{\scriptstyle..}}{{x}}^{\mu}=\frac{q}{m}F^{\mu\nu}%
	\stackrel{{\scriptstyle.}}{{x}}_{\nu}+\frac{q}{2m^{2}}\mathcal{S}_{\rho\sigma}%
	\partial^{\mu}F^{\rho\sigma}-\frac{q}{4m^{2}}(g-2)\stackrel{{\scriptstyle.}}{{%
	x}}_{\rho}\partial^{\mu}F^{\rho\sigma}\mathcal{S}_{\sigma\tau}\stackrel{{%
	\scriptstyle.}}{{x}}^{\tau}+....,\end{equation}"
	> .[[PERIOD]] .[[PERIOD]]
Warning:not_parsed:RELOP.POSTSUPERSCRIPT.RELOP>ATOM MathParser failed to match rule 'Anything'
	at 0303189_cleaned.tex; line 621 col 0 - line 626 col 14
	\stackrel{{\scriptstyle..}}{{x}}[[RELOP]] ^{\mu}[[POSTSUPERSCRIPT]] =[[RELOP]]
	        > \frac{q}{m}[[UNKNOWN]] F[[UNKNOWN]] ^{\mu\nu}[[POSTSUPERSCRIPT]] \stackrel{{\scriptstyle.}}{{x}}[[RELOP]] _{\nu}[[POSTSUBSCRIPT]] +[[ADDOP]] \frac{q}{2m^{2}}[[UNKNOWN]] S[[UNKNOWN]] _{\rho\sigma}[[POSTSUBSCRIPT]] ∂[[OPERATOR]] ^{\mu}[[POSTSUPERSCRIPT]] F[[UNKNOWN]] ^{\rho\sigma}[[POSTSUPERSCRIPT]] -[[ADDOP]] \frac{q}{4m^{2}}[[UNKNOWN]] ([[OPEN]] g[[UNKNOWN]] -[[ADDOP]] 2[[NUMBER]] )[[CLOSE]] \stackrel{{\scriptstyle.}}{{x}}[[RELOP]] _{\rho}[[POSTSUBSCRIPT]] ∂[[OPERATOR]] ^{\mu}[[POSTSUPERSCRIPT]] F[[UNKNOWN]] ^{\rho\sigma}[[POSTSUPERSCRIPT]] S[[UNKNOWN]] _{\sigma\tau}[[POSTSUBSCRIPT]] \stackrel{{\scriptstyle.}}{{x}}[[RELOP]] ^{\tau}[[POSTSUPERSCRIPT]] +[[ADDOP]] ...[[ID]]
Warning:not_parsed:RELOP.POSTSUPERSCRIPT.RELOP>ATOM MathParser failed to match rule 'Anything'
	at 0303189_cleaned.tex; line 628 col 0 - line 633 col 14
	In "\begin{equation}\stackrel{{\scriptstyle.}}{{S}}^{\mu\nu}=\frac{q}{m}\left(F^{%
	\mu}{}_{\rho}\mathcal{S}^{\rho\nu}-\mathcal{S}^{\mu}{}_{\rho}F^{\rho\nu}\right%
	)+\frac{q}{2m}(g-2)\left(\stackrel{{\scriptstyle.}}{{x}}^{\mu}F^{\rho\nu}{}-%
	\stackrel{{\scriptstyle.}}{{x}}^{\nu}F^{\rho\mu}\right)\stackrel{{\scriptstyle%
	.}}{{x}}_{\rho},\end{equation}"
	\stackrel{{\scriptstyle.}}{{S}}[[RELOP]] ^{\mu\nu}[[POSTSUPERSCRIPT]] =[[RELOP]]
	        > \frac{q}{m}[[UNKNOWN]] \left([[OPEN]] F[[UNKNOWN]] ^{\mu}[[POSTSUPERSCRIPT]] {}_{\rho}[[FLOATSUBSCRIPT]] S[[UNKNOWN]] ^{\rho\nu}[[POSTSUPERSCRIPT]] -[[ADDOP]] S[[UNKNOWN]] ^{\mu}[[POSTSUPERSCRIPT]] {}_{\rho}[[FLOATSUBSCRIPT]] F[[UNKNOWN]] ^{\rho\nu}[[POSTSUPERSCRIPT]] \right)[[CLOSE]] +[[ADDOP]] \frac{q}{2m}[[UNKNOWN]] ([[OPEN]] g[[UNKNOWN]] -[[ADDOP]] 2[[NUMBER]] )[[CLOSE]] \left([[OPEN]] \stackrel{{\scriptstyle.}}{{x}}[[RELOP]] ^{\mu}[[POSTSUPERSCRIPT]] F[[UNKNOWN]] ^{\rho\nu}[[POSTSUPERSCRIPT]] -[[ADDOP]] \stackrel{{\scriptstyle.}}{{x}}[[RELOP]] ^{\nu}[[POSTSUPERSCRIPT]] F[[UNKNOWN]] ^{\rho\mu}[[POSTSUPERSCRIPT]] \right)[[CLOSE]] \stackrel{{\scriptstyle.}}{{x}}[[RELOP]] _{\rho}[[POSTSUBSCRIPT]]
Warning:not_parsed:RELOP.POSTSUPERSCRIPT.RELOP>ATOM MathParser failed to match rule 'Anything'
	at 0303189_cleaned.tex; line 635 col 0 - line 640 col 14
	In "\begin{equation}\stackrel{{\scriptstyle.}}{{\mathbb{S}}}^{\mu}=\frac{q}{2m}%
	\left\{\left(2+(g-2)\stackrel{{\scriptstyle.}}{{x}}^{2}\right)F^{\mu\nu}%
	\mathbb{S}_{\nu}+(g-2)\left(\mathbb{S}F\stackrel{{\scriptstyle.}}{{x}}\right)%
	\stackrel{{\scriptstyle.}}{{x}}^{\mu}+(g-2)^{*}\left(F\mathcal{S}\right)^{\mu%
	\alpha}\stackrel{{\scriptstyle.}}{{x}}_{\alpha}\stackrel{{\scriptstyle.}}{{x}}%
	^{2}\right\}.\end{equation}"
	\stackrel{{\scriptstyle.}}{{\mathbb{S}}}[[RELOP]] ^{\mu}[[POSTSUPERSCRIPT]] =[[RELOP]]
	        > \frac{q}{2m}[[UNKNOWN]] \left\{[[OPEN]] \left([[OPEN]] 2[[NUMBER]] +[[ADDOP]] ([[OPEN]] g[[UNKNOWN]] -[[ADDOP]] 2[[NUMBER]] )[[CLOSE]] \stackrel{{\scriptstyle.}}{{x}}[[RELOP]] ^{2}[[POSTSUPERSCRIPT]] \right)[[CLOSE]] F[[UNKNOWN]] ^{\mu\nu}[[POSTSUPERSCRIPT]] S[[UNKNOWN]] _{\nu}[[POSTSUBSCRIPT]] +[[ADDOP]] ([[OPEN]] g[[UNKNOWN]] -[[ADDOP]] 2[[NUMBER]] )[[CLOSE]] \left([[OPEN]] S[[UNKNOWN]] F[[UNKNOWN]] \stackrel{{\scriptstyle.}}{{x}}[[RELOP]] \right)[[CLOSE]] \stackrel{{\scriptstyle.}}{{x}}[[RELOP]] ^{\mu}[[POSTSUPERSCRIPT]] +[[ADDOP]] ([[OPEN]] g[[UNKNOWN]] -[[ADDOP]] 2[[NUMBER]] )[[CLOSE]] ^{*}[[POSTSUPERSCRIPT]] \left([[OPEN]] F[[UNKNOWN]] S[[UNKNOWN]] \right)[[CLOSE]] ^{\mu\alpha}[[POSTSUPERSCRIPT]] \stackrel{{\scriptstyle.}}{{x}}[[RELOP]] _{\alpha}[[POSTSUBSCRIPT]] \stackrel{{\scriptstyle.}}{{x}}[[RELOP]] ^{2}[[POSTSUPERSCRIPT]] \right\}[[CLOSE]]
Warning:not_parsed:RELOP.POSTSUPERSCRIPT.RELOP>ATOM MathParser failed to match rule 'Anything'
	at 0303189_cleaned.tex; line 644 col 0 - line 649 col 14
	In "\begin{equation}\stackrel{{\scriptstyle.}}{{\mathbb{S}}}^{\mu}=\frac{q}{2m}%
	\left\{gF^{\mu\nu}\mathbb{S}_{\nu}+(g-2)\left(\mathbb{S}F\stackrel{{%
	\scriptstyle.}}{{x}}\right)\stackrel{{\scriptstyle.}}{{x}}^{\mu}+(g-2)^{*}%
	\left(F\mathcal{S}\right)^{\mu\alpha}\stackrel{{\scriptstyle.}}{{x}}_{\alpha}%
	\right\}.\end{equation}"
	\stackrel{{\scriptstyle.}}{{\mathbb{S}}}[[RELOP]] ^{\mu}[[POSTSUPERSCRIPT]] =[[RELOP]]
	        > \frac{q}{2m}[[UNKNOWN]] \left\{[[OPEN]] g[[UNKNOWN]] F[[UNKNOWN]] ^{\mu\nu}[[POSTSUPERSCRIPT]] S[[UNKNOWN]] _{\nu}[[POSTSUBSCRIPT]] +[[ADDOP]] ([[OPEN]] g[[UNKNOWN]] -[[ADDOP]] 2[[NUMBER]] )[[CLOSE]] \left([[OPEN]] S[[UNKNOWN]] F[[UNKNOWN]] \stackrel{{\scriptstyle.}}{{x}}[[RELOP]] \right)[[CLOSE]] \stackrel{{\scriptstyle.}}{{x}}[[RELOP]] ^{\mu}[[POSTSUPERSCRIPT]] +[[ADDOP]] ([[OPEN]] g[[UNKNOWN]] -[[ADDOP]] 2[[NUMBER]] )[[CLOSE]] ^{*}[[POSTSUPERSCRIPT]] \left([[OPEN]] F[[UNKNOWN]] S[[UNKNOWN]] \right)[[CLOSE]] ^{\mu\alpha}[[POSTSUPERSCRIPT]] \stackrel{{\scriptstyle.}}{{x}}[[RELOP]] _{\alpha}[[POSTSUBSCRIPT]] \right\}[[CLOSE]]
Warning:not_parsed:ATOM.UNKNOWN.POSTSUPERSCRIPT>FLOATSUBSCRIPT MathParser failed to match rule 'Anything'
	at 0303189_cleaned.tex; line 683 col 6 - line 683 col 6
	In "\begin{equation}\left\{\begin{array}[]{l}m\left[x^{\mu},\stackrel{{%
	\scriptstyle.}}{{x}}^{\nu}\right]=g^{\mu\nu}(x),\\
	\\
	m\left[x_{\mu},\stackrel{{\scriptstyle.}}{{x}}_{\nu}\right]=g_{\mu\nu}(x)+x^{%
	\rho}\frac{\partial g_{\mu\rho}(x)}{\partial x^{\nu}},\\
	\\
	\left[\stackrel{{\scriptstyle.}}{{x}}^{\mu},\stackrel{{\scriptstyle.}}{{x}}^{%
	\nu}\right]=\frac{q}{m^{2}}\mathcal{F}^{\mu\nu}(x,\stackrel{{\scriptstyle.}}{{%
	x}})=\frac{q}{m^{2}}F^{\mu\nu}(x)-\frac{1}{m}(\partial^{\mu}g^{\rho\nu}-%
	\partial^{\nu}g^{\rho\mu})\stackrel{{\scriptstyle.}}{{x}}_{\rho},\\
	\\
	\left[\stackrel{{\scriptstyle.}}{{x}}^{\mu},\stackrel{{\scriptstyle.}}{{x}}_{%
	\nu}\right]=\frac{q}{m^{2}}F^{\mu}{}_{\nu}(x)+\frac{1}{m}\partial_{\nu}g^{\mu%
	\rho}\stackrel{{\scriptstyle.}}{{x}}_{\rho}\\
	\\
	\left[\stackrel{{\scriptstyle.}}{{x}}_{\mu},\stackrel{{\scriptstyle.}}{{x}}_{%
	\nu}\right]=\frac{q}{m^{2}}F_{\mu\nu}(x).\\
	\\
	\left[f(x,\stackrel{{\scriptstyle.}}{{x}}),h(x,\stackrel{{\scriptstyle.}}{{x}}%
	)\right]=\left\{f(x,\stackrel{{\scriptstyle.}}{{x}}),h(x,\stackrel{{%
	\scriptstyle.}}{{x}})\right\}+\frac{q}{m^{2}}\mathcal{F}^{\mu\nu}(x,\stackrel{%
	{\scriptstyle.}}{{x}})\frac{\partial f(x,\stackrel{{\scriptstyle.}}{{x}})}{%
	\partial\stackrel{{\scriptstyle.}}{{x}}^{\mu}}\frac{\partial h(x,\stackrel{{%
	\scriptstyle.}}{{x}})}{\partial\stackrel{{\scriptstyle.}}{{x}}^{\nu}}\end{%
	array}\right.\end{equation}"
	\left[[[OPEN]] \stackrel{{\scriptstyle.}}{{x}}[[RELOP]] ^{\mu}[[POSTSUPERSCRIPT]] ,[[PUNCT]] \stackrel{{\scriptstyle.}}{{x}}[[RELOP]] _{\nu}[[POSTSUBSCRIPT]] \right][[CLOSE]] =[[RELOP]] \frac{q}{m^{2}}[[UNKNOWN]] F[[UNKNOWN]] ^{\mu}[[POSTSUPERSCRIPT]]
	        > {}_{\nu}[[FLOATSUBSCRIPT]] ([[OPEN]] x[[UNKNOWN]] )[[CLOSE]] +[[ADDOP]] \frac{1}{m}[[UNKNOWN]] ∂[[OPERATOR]] _{\nu}[[POSTSUBSCRIPT]] g[[UNKNOWN]] ^{\mu\rho}[[POSTSUPERSCRIPT]] \stackrel{{\scriptstyle.}}{{x}}[[RELOP]] _{\rho}[[POSTSUBSCRIPT]]
Warning:not_parsed:CLOSE.ADDOP.ATOM>OPEN MathParser failed to match rule 'Anything'
	at 0303189_cleaned.tex; line 700 col 0 - line 705 col 14
	In "\begin{equation}\mathcal{F}^{\mu\nu}(x,\stackrel{{\scriptstyle.}}{{x}})=F^{\mu%
	\nu}(x)-\frac{m}{q}\left\{\left(\Gamma^{\mu\rho\upsilon}-\Gamma^{\rho\upsilon%
	\mu}\right)+2(K^{\mu}{}^{\nu\rho}+\Omega^{\mu\rho\nu})\right\}\stackrel{{%
	\scriptstyle.}}{{x}}_{\rho}\end{equation}"
	F[[UNKNOWN]] ^{\mu\nu}[[POSTSUPERSCRIPT]] ([[OPEN]] x[[UNKNOWN]] ,[[PUNCT]] \stackrel{{\scriptstyle.}}{{x}}[[RELOP]] )[[CLOSE]] =[[RELOP]] F[[UNKNOWN]] ^{\mu\nu}[[POSTSUPERSCRIPT]] ([[OPEN]] x[[UNKNOWN]] )[[CLOSE]] -[[ADDOP]] \frac{m}{q}[[UNKNOWN]]
	        > \left\{[[OPEN]] \left([[OPEN]] Γ[[UNKNOWN]] ^{\mu\rho\upsilon}[[POSTSUPERSCRIPT]] -[[ADDOP]] Γ[[UNKNOWN]] ^{\rho\upsilon\mu}[[POSTSUPERSCRIPT]] \right)[[CLOSE]] +[[ADDOP]] 2[[NUMBER]] ([[OPEN]] K[[UNKNOWN]] ^{\mu}[[POSTSUPERSCRIPT]] {}^{\nu\rho}[[FLOATSUPERSCRIPT]] +[[ADDOP]] Ω[[UNKNOWN]] ^{\mu\rho\nu}[[POSTSUPERSCRIPT]] )[[CLOSE]] \right\}[[CLOSE]] \stackrel{{\scriptstyle.}}{{x}}[[RELOP]] _{\rho}[[POSTSUBSCRIPT]]
Warning:not_parsed:UNKNOWN.POSTSUPERSCRIPT>FLOATSUPERSCRIPT MathParser failed to match rule 'Anything'
	at 0303189_cleaned.tex; line 713 col 1 - line 713 col 1
	In "\begin{equation}\left\{\begin{array}[]{c}\Omega^{\mu\nu\rho}=\frac{1}{2}\left(%
	\Gamma^{\mu\nu\rho}-\Gamma^{\nu\mu\rho}\right)\\
	\\
	K^{\mu}{}^{\nu\rho}=\Omega^{\mu\nu\rho}+\Omega^{\rho\mu\nu}-\Omega^{\nu\rho\mu%
	}\end{array}\right.\end{equation}"
	K[[UNKNOWN]] ^{\mu}[[POSTSUPERSCRIPT]]
	        > {}^{\nu\rho}[[FLOATSUPERSCRIPT]] =[[RELOP]] Ω[[UNKNOWN]] ^{\mu\nu\rho}[[POSTSUPERSCRIPT]] +[[ADDOP]] Ω[[UNKNOWN]] ^{\rho\mu\nu}[[POSTSUPERSCRIPT]] -[[ADDOP]] Ω[[UNKNOWN]] ^{\nu\rho\mu}[[POSTSUPERSCRIPT]]
Warning:not_parsed:OPEN.UNKNOWN.CLOSE>RELOP MathParser failed to match rule 'Anything'
	at 0303189_cleaned.tex; line 725 col 0 - line 728 col 14
	In "\begin{equation}H=\frac{1}{2}mg_{\mu\nu}(x)\stackrel{{\scriptstyle.}}{{x}}^{%
	\mu}\stackrel{{\scriptstyle.}}{{x}}^{\nu}-\frac{q}{2m}F^{ab}\mathcal{S}_{ab},\end{equation}"
	H[[UNKNOWN]] =[[RELOP]] \frac{1}{2}[[UNKNOWN]] m[[UNKNOWN]] g[[UNKNOWN]] _{\mu\nu}[[POSTSUBSCRIPT]] ([[OPEN]] x[[UNKNOWN]] )[[CLOSE]]
	        > \stackrel{{\scriptstyle.}}{{x}}[[RELOP]] ^{\mu}[[POSTSUPERSCRIPT]] \stackrel{{\scriptstyle.}}{{x}}[[RELOP]] ^{\nu}[[POSTSUPERSCRIPT]] -[[ADDOP]] \frac{q}{2m}[[UNKNOWN]] F[[UNKNOWN]] ^{ab}[[POSTSUPERSCRIPT]] S[[UNKNOWN]] _{ab}[[POSTSUBSCRIPT]]
Warning:not_parsed:POSTSUPERSCRIPT.UNKNOWN.POSTSUBSCRIPT>FLOATSUPERSCRIPT MathParser failed to match rule 'Anything'
	at 0303189_cleaned.tex; line 742 col 0 - line 746 col 14
	In "\begin{equation}m\left[\mathcal{S}^{ab},\stackrel{{\scriptstyle.}}{{x}}_{\mu}%
	\right]=\omega_{\mu}^{ac}\mathcal{S}_{c}{}^{b}+\omega_{\mu}^{cb}\mathcal{S}^{a%
	}{}_{c}{},\end{equation}"
	m[[UNKNOWN]] \left[[[OPEN]] S[[UNKNOWN]] ^{ab}[[POSTSUPERSCRIPT]] ,[[PUNCT]] \stackrel{{\scriptstyle.}}{{x}}[[RELOP]] _{\mu}[[POSTSUBSCRIPT]] \right][[CLOSE]] =[[RELOP]] ω[[UNKNOWN]] _{\mu}[[POSTSUBSCRIPT]] ^{ac}[[POSTSUPERSCRIPT]] S[[UNKNOWN]] _{c}[[POSTSUBSCRIPT]]
	        > {}^{b}[[FLOATSUPERSCRIPT]] +[[ADDOP]] ω[[UNKNOWN]] _{\mu}[[POSTSUBSCRIPT]] ^{cb}[[POSTSUPERSCRIPT]] S[[UNKNOWN]] ^{a}[[POSTSUPERSCRIPT]] {}_{c}[[FLOATSUBSCRIPT]]
Warning:not_parsed:RELOP.POSTSUPERSCRIPT.RELOP>UNKNOWN MathParser failed to match rule 'Anything'
	at 0303189_cleaned.tex; line 749 col 25 - line 749 col 25
	In "$\displaystyle\stackrel{{\scriptstyle.}}{{\mathcal{S}}}^{ab}=m\left[\mathcal{S%
	}^{ab},\stackrel{{\scriptstyle.}}{{x}}{}_{\mu}\right]\stackrel{{\scriptstyle.}%
	}{{x}}^{\mu}-\frac{q}{2m}\left[\mathcal{S}^{ab},\mathcal{S}^{cd}\right]F_{cd}=%
	\left(\omega_{\mu}^{ac}\mathcal{S}_{c}{}^{b}+\omega_{\mu}^{cb}\mathcal{S}{}^{a%
	}{}_{c}\right)\stackrel{{\scriptstyle.}}{{x}}^{\mu}-\frac{q}{m}\left(\mathcal{%
	S}F-F\mathcal{S}\right)^{ab}.\@@ENDINLINEMATH"
	\stackrel{{\scriptstyle.}}{{\mathcal{S}}}[[RELOP]] ^{ab}[[POSTSUPERSCRIPT]] =[[RELOP]]
	        > m[[UNKNOWN]] \left[[[OPEN]] S[[UNKNOWN]] ^{ab}[[POSTSUPERSCRIPT]] ,[[PUNCT]] \stackrel{{\scriptstyle.}}{{x}}[[RELOP]] {}_{\mu}[[FLOATSUBSCRIPT]] \right][[CLOSE]] \stackrel{{\scriptstyle.}}{{x}}[[RELOP]] ^{\mu}[[POSTSUPERSCRIPT]] -[[ADDOP]] \frac{q}{2m}[[UNKNOWN]] \left[[[OPEN]] S[[UNKNOWN]] ^{ab}[[POSTSUPERSCRIPT]] ,[[PUNCT]] S[[UNKNOWN]] ^{cd}[[POSTSUPERSCRIPT]] \right][[CLOSE]] F[[UNKNOWN]] _{cd}[[POSTSUBSCRIPT]] =[[RELOP]] \left([[OPEN]] ω[[UNKNOWN]] _{\mu}[[POSTSUBSCRIPT]] ^{ac}[[POSTSUPERSCRIPT]] S[[UNKNOWN]] _{c}[[POSTSUBSCRIPT]] {}^{b}[[FLOATSUPERSCRIPT]] +[[ADDOP]] ω[[UNKNOWN]] _{\mu}[[POSTSUBSCRIPT]] ^{cb}[[POSTSUPERSCRIPT]] S[[UNKNOWN]] {}^{a}[[FLOATSUPERSCRIPT]] {}_{c}[[FLOATSUBSCRIPT]] \right)[[CLOSE]] \stackrel{{\scriptstyle.}}{{x}}[[RELOP]] ^{\mu}[[POSTSUPERSCRIPT]] -[[ADDOP]] \frac{q}{m}[[UNKNOWN]] \left([[OPEN]] S[[UNKNOWN]] F[[UNKNOWN]] -[[ADDOP]] F[[UNKNOWN]] S[[UNKNOWN]] \right)[[CLOSE]] ^{ab}[[POSTSUPERSCRIPT]]
Warning:not_parsed:UNKNOWN>OPEN MathParser failed to match rule 'Anything'
	at 0303189_cleaned.tex; line 749 col 35 - line 752 col 1
	In "$\displaystyle m\left[\mathcal{S}^{ab},\stackrel{{\scriptstyle.}}{{x}}{}_{\mu}%
	\right]\stackrel{{\scriptstyle.}}{{x}}^{\mu}-\frac{q}{2m}\left[\mathcal{S}^{ab%
	},\mathcal{S}^{cd}\right]F_{cd}$"
	m[[UNKNOWN]]
	        > \left[[[OPEN]] S[[UNKNOWN]] ^{ab}[[POSTSUPERSCRIPT]] ,[[PUNCT]] \stackrel{{\scriptstyle.}}{{x}}[[RELOP]] {}_{\mu}[[FLOATSUBSCRIPT]] \right][[CLOSE]] \stackrel{{\scriptstyle.}}{{x}}[[RELOP]] ^{\mu}[[POSTSUPERSCRIPT]] -[[ADDOP]] \frac{q}{2m}[[UNKNOWN]] \left[[[OPEN]] S[[UNKNOWN]] ^{ab}[[POSTSUPERSCRIPT]] ,[[PUNCT]] S[[UNKNOWN]] ^{cd}[[POSTSUPERSCRIPT]] \right][[CLOSE]] F[[UNKNOWN]] _{cd}[[POSTSUBSCRIPT]]
Warning:not_parsed:>OPEN MathParser failed to match rule 'Anything'
	at 0303189_cleaned.tex; line 752 col 9 - line 755 col 14
	In "$\displaystyle\left(\omega_{\mu}^{ac}\mathcal{S}_{c}{}^{b}+\omega_{\mu}^{cb}%
	\mathcal{S}{}^{a}{}_{c}\right)\stackrel{{\scriptstyle.}}{{x}}^{\mu}-\frac{q}{m%
	}\left(\mathcal{S}F-F\mathcal{S}\right)^{ab}.$"
	> \left([[OPEN]] ω[[UNKNOWN]] _{\mu}[[POSTSUBSCRIPT]] ^{ac}[[POSTSUPERSCRIPT]] S[[UNKNOWN]] _{c}[[POSTSUBSCRIPT]] {}^{b}[[FLOATSUPERSCRIPT]] +[[ADDOP]] ω[[UNKNOWN]] _{\mu}[[POSTSUBSCRIPT]] ^{cb}[[POSTSUPERSCRIPT]] S[[UNKNOWN]] {}^{a}[[FLOATSUPERSCRIPT]] {}_{c}[[FLOATSUBSCRIPT]] \right)[[CLOSE]] \stackrel{{\scriptstyle.}}{{x}}[[RELOP]] ^{\mu}[[POSTSUPERSCRIPT]] -[[ADDOP]] \frac{q}{m}[[UNKNOWN]] \left([[OPEN]] S[[UNKNOWN]] F[[UNKNOWN]] -[[ADDOP]] F[[UNKNOWN]] S[[UNKNOWN]] \right)[[CLOSE]] ^{ab}[[POSTSUPERSCRIPT]]
Warning:not_parsed:ATOM>RELOP MathParser failed to match rule 'Anything'
	at 0303189_cleaned.tex; line 757 col 0 - line 762 col 14
	In "\begin{equation}\frac{D\mathcal{S}^{ab}}{D\tau}=\stackrel{{\scriptstyle.}}{{%
	\mathcal{S}}}^{ab}-\left(\omega_{\mu}^{ac}\mathcal{S}_{c}{}^{b}+\omega_{\mu}^{%
	cb}\mathcal{S}{}^{a}{}_{c}\right)\stackrel{{\scriptstyle.}}{{x}}^{\mu}=-\frac{%
	q}{m}\left(\mathcal{S}F-F\mathcal{S}\right)^{ab}.\end{equation}"
	\frac{D\mathcal{S}^{ab}}{D\tau}[[UNKNOWN]]
	        > =[[RELOP]] \stackrel{{\scriptstyle.}}{{\mathcal{S}}}[[RELOP]] ^{ab}[[POSTSUPERSCRIPT]] -[[ADDOP]] \left([[OPEN]] ω[[UNKNOWN]] _{\mu}[[POSTSUBSCRIPT]] ^{ac}[[POSTSUPERSCRIPT]] S[[UNKNOWN]] _{c}[[POSTSUBSCRIPT]] {}^{b}[[FLOATSUPERSCRIPT]] +[[ADDOP]] ω[[UNKNOWN]] _{\mu}[[POSTSUBSCRIPT]] ^{cb}[[POSTSUPERSCRIPT]] S[[UNKNOWN]] {}^{a}[[FLOATSUPERSCRIPT]] {}_{c}[[FLOATSUBSCRIPT]] \right)[[CLOSE]] \stackrel{{\scriptstyle.}}{{x}}[[RELOP]] ^{\mu}[[POSTSUPERSCRIPT]] =[[RELOP]] -[[ADDOP]] \frac{q}{m}[[UNKNOWN]] \left([[OPEN]] S[[UNKNOWN]] F[[UNKNOWN]] -[[ADDOP]] F[[UNKNOWN]] S[[UNKNOWN]] \right)[[CLOSE]] ^{ab}[[POSTSUPERSCRIPT]]
Warning:not_parsed:>PERIOD MathParser failed to match rule 'Anything'
	at 0303189_cleaned.tex; line 768 col 29 - line 768 col 29
	In "\begin{equation}mg_{\mu\nu}\stackrel{{\scriptstyle..}}{{x}}^{\nu}=mg_{\mu\nu}%
	\left[\stackrel{{\scriptstyle.}}{{x}}^{\nu},H\right]=-mg_{\mu\nu}\Gamma_{\nu%
	\rho}^{\mu}\stackrel{{\scriptstyle.}}{{x}}^{\nu}\stackrel{{\scriptstyle.}}{{x}%
	}^{\rho}+qF^{\mu\nu}\stackrel{{\scriptstyle.}}{{x}}_{\upsilon}+\frac{q}{2}g_{%
	\mu\nu}\left[\stackrel{{\scriptstyle.}}{{x}}^{\nu},F^{ab}\mathcal{S}_{ab}%
	\right],\end{equation}"
	> .[[PERIOD]] .[[PERIOD]]
Warning:not_parsed:UNKNOWN.UNKNOWN.POSTSUBSCRIPT>RELOP MathParser failed to match rule 'Anything'
	at 0303189_cleaned.tex; line 767 col 0 - line 773 col 14
	m[[UNKNOWN]] g[[UNKNOWN]] _{\mu\nu}[[POSTSUBSCRIPT]]
	        > \stackrel{{\scriptstyle..}}{{x}}[[RELOP]] ^{\nu}[[POSTSUPERSCRIPT]] =[[RELOP]] m[[UNKNOWN]] g[[UNKNOWN]] _{\mu\nu}[[POSTSUBSCRIPT]] \left[[[OPEN]] \stackrel{{\scriptstyle.}}{{x}}[[RELOP]] ^{\nu}[[POSTSUPERSCRIPT]] ,[[PUNCT]] H[[UNKNOWN]] \right][[CLOSE]] =[[RELOP]] -[[ADDOP]] m[[UNKNOWN]] g[[UNKNOWN]] _{\mu\nu}[[POSTSUBSCRIPT]] Γ[[UNKNOWN]] _{\nu\rho}[[POSTSUBSCRIPT]] ^{\mu}[[POSTSUPERSCRIPT]] \stackrel{{\scriptstyle.}}{{x}}[[RELOP]] ^{\nu}[[POSTSUPERSCRIPT]] \stackrel{{\scriptstyle.}}{{x}}[[RELOP]] ^{\rho}[[POSTSUPERSCRIPT]] +[[ADDOP]] q[[UNKNOWN]] F[[UNKNOWN]] ^{\mu\nu}[[POSTSUPERSCRIPT]] \stackrel{{\scriptstyle.}}{{x}}[[RELOP]] _{\upsilon}[[POSTSUBSCRIPT]] +[[ADDOP]] \frac{q}{2}[[UNKNOWN]] g[[UNKNOWN]] _{\mu\nu}[[POSTSUBSCRIPT]] \left[[[OPEN]] \stackrel{{\scriptstyle.}}{{x}}[[RELOP]] ^{\nu}[[POSTSUPERSCRIPT]] ,[[PUNCT]] F[[UNKNOWN]] ^{ab}[[POSTSUPERSCRIPT]] S[[UNKNOWN]] _{ab}[[POSTSUBSCRIPT]] \right][[CLOSE]]
Warning:not_parsed:RELOP.POSTSUPERSCRIPT.RELOP>UNKNOWN MathParser failed to match rule 'Anything'
	at 0303189_cleaned.tex; line 843 col 19 - line 843 col 19
	In "\begin{equation}\left\{\begin{array}[]{c}m\left[\psi^{a},\stackrel{{%
	\scriptstyle.}}{{x}}_{\mu}\right]=\omega_{\mu}^{ab}\psi_{b}\\
	\\
	\stackrel{{\scriptstyle.}}{{\psi}}^{a}=\omega_{\mu}^{ab}\psi_{b}\stackrel{{%
	\scriptstyle.}}{{x}}^{\mu}-\frac{q}{m}F^{ab}\psi^{b}\end{array}\right.\end{equation}"
	\stackrel{{\scriptstyle.}}{{\psi}}[[RELOP]] ^{a}[[POSTSUPERSCRIPT]] =[[RELOP]]
	        > ω[[UNKNOWN]] _{\mu}[[POSTSUBSCRIPT]] ^{ab}[[POSTSUPERSCRIPT]] ψ[[UNKNOWN]] _{b}[[POSTSUBSCRIPT]] \stackrel{{\scriptstyle.}}{{x}}[[RELOP]] ^{\mu}[[POSTSUPERSCRIPT]] -[[ADDOP]] \frac{q}{m}[[UNKNOWN]] F[[UNKNOWN]] ^{ab}[[POSTSUPERSCRIPT]] ψ[[UNKNOWN]] ^{b}[[POSTSUPERSCRIPT]]
 14.23 sec)
Math parsing succeeded:
   ltx:XMArg: 1969/1976
   ltx:XMath: 136/176
Symbols assumed as simple identifiers (with # of occurences):
   'D{italic}' (10), 'F{caligraphic}' (7), 'F{italic}' (214), 'Gamma' (9), 'H{italic}' (26), 'J{caligraphic}' (3), 'J{italic}' (4), 'K{italic}' (5), 'L{caligraphic}' (4), 'L{italic}' (9), 'M{italic}' (20), 'Omega' (9), 'O{italic}' (1), 'P{italic}' (2), 'R{blackboard}' (1), 'S{blackboard}' (68), 'S{caligraphic}' (238), 'S{italic}' (5), 'T{italic}' (1), 'V{italic}' (4), 'W{italic}' (5), 'alpha' (50), 'a{italic}' (87), 'beta' (41), 'b{italic}' (53), 'c{italic}' (18), 'delta' (2), 'd{italic}' (61), 'eta' (9), 'e{italic}' (6), 'f{italic}' (45), 'gamma' (11), 'g{italic}' (78), 'h{italic}' (37), 'mu' (183), 'm{italic}' (91), 'nu' (162), 'omega' (28), 'psi' (65), 'p{italic}' (2), 'q{italic}' (8), 'rho' (139), 'sigma' (116), 's{italic}' (3), 'tau' (31), 't{italic}' (14), 'upsilon' (2), 'varepsilon' (51), 'xi' (3), 'x{italic}' (156), 'y{italic}' (8), 'zeta' (2), 'z{italic}' (6)
Set MATHPARSER_SPECULATE to speculate on possible notations.
(Finalizing... 1.48 sec)
Conversion complete 47 warnings (See /home/user/latex-in-arxiv/0303189_cleaned.latexml.log) (reqd. 31.74s)
