latexml (LaTeXML version 0.8.6) processing 2003/0303030.tex
(Digesting TeX 0303030...
(Loading /usr/share/perl5/LaTeXML/Package/TeX.pool.ltxml...
(Loading /usr/share/perl5/LaTeXML/Package/eTeX.pool.ltxml... 0.00 sec)
(Loading /usr/share/perl5/LaTeXML/Package/pdfTeX.pool.ltxml... 0.01 sec) 0.11 sec)
(Processing content /home/user/latex-in-arxiv/2003/0303030.tex...
(Loading /usr/share/perl5/LaTeXML/Package/LaTeX.pool.ltxml...
(Loading /usr/share/perl5/LaTeXML/Package/textcomp.sty.ltxml...
(Processing definitions /usr/share/texlive/texmf-dist/tex/latex-dev/base/ts1enc.dfu... 0.02 sec) 1.01 sec) 1.17 sec)
(Loading /usr/share/perl5/LaTeXML/Package/revtex4.cls.ltxml...
(Loading /usr/share/perl5/LaTeXML/Package/article.cls.ltxml... 0.01 sec)
(Loading /usr/share/perl5/LaTeXML/Package/revtex4_support.sty.ltxml...
(Loading /usr/share/perl5/LaTeXML/Package/hyperref.sty.ltxml...
(Loading /usr/share/perl5/LaTeXML/Package/keyval.sty.ltxml...
(Processing definitions /usr/share/texlive/texmf-dist/tex/latex-dev/graphics/keyval.sty... 0.01 sec) 0.01 sec)
(Loading /usr/share/perl5/LaTeXML/Package/nameref.sty.ltxml... 0.00 sec)
(Loading /usr/share/perl5/LaTeXML/Package/url.sty.ltxml... 0.00 sec) 0.05 sec)
(Loading /usr/share/perl5/LaTeXML/Package/natbib.sty.ltxml... 0.01 sec)
(Loading /usr/share/perl5/LaTeXML/Package/revsymb.sty.ltxml... 0.00 sec)
(Loading /usr/share/perl5/LaTeXML/Package/longtable.sty.ltxml... 0.00 sec)
(Loading /usr/share/perl5/LaTeXML/Package/dcolumn.sty.ltxml...
(Loading /usr/share/perl5/LaTeXML/Package/array.sty.ltxml... 0.00 sec) 0.01 sec) 0.10 sec) 0.40 sec)
(Loading /usr/share/perl5/LaTeXML/Package/epsfig.sty.ltxml...
(Loading /usr/share/perl5/LaTeXML/Package/graphicx.sty.ltxml...
(Loading /usr/share/perl5/LaTeXML/Package/graphics.sty.ltxml... 0.01 sec) 0.01 sec) 0.03 sec)
Info:unexpected:titlepage When using titlepage, Frontmatter will not be well-structured
	at 0303030.tex; line 64 col 0 - line 64 col 17
 5.43 sec) 5.56 sec)
(Building...
(Loading compiled schema /usr/share/perl5/LaTeXML/resources/RelaxNG/LaTeXML.model... 0.01 sec) 5.65 sec)
(Rewriting... 0.21 sec)
(Math Parsing 352 formulae ......
Warning:not_parsed:UNKNOWN.RELOP.NUMBER>PUNCT MathParser failed to match rule 'Anything'
	at 0303030.tex; line 358 col 41 - line 358 col 51
	In "$i,j=1,.,4$"
	i[[UNKNOWN]] ,[[PUNCT]] j[[UNKNOWN]] =[[RELOP]] 1[[NUMBER]]
	        > ,[[PUNCT]] .[[PERIOD]] ,[[PUNCT]] 4[[NUMBER]]
Warning:not_parsed:POSTSUBSCRIPT.CLOSE.CLOSE>VERTBAR MathParser failed to match rule 'Anything'
	at 0303030.tex; line 364 col 6 - line 364 col 6
	In "$\displaystyle\exp\left[{i\over 2}\sum_{i<j}\theta_{\mu\nu}\partial^{\mu}_{x_{%
	i}}\partial^{\nu}_{x_{j}}\right]\Bigl{(}\phi(x_{1})\phi(x_{2})\phi(x_{3})\phi(%
	x_{4})\Bigr{)}\left|{}_{x_{i}=x}\right.\@@ENDINLINEMATH"
	exp[[OPFUNCTION]] \left[[[OPEN]] i\over2[[UNKNOWN]] ∑[[SUMOP]] _{i<j}[[POSTSUBSCRIPT]] θ[[UNKNOWN]] _{\mu\nu}[[POSTSUBSCRIPT]] ∂[[OPERATOR]] ^{\mu}[[POSTSUPERSCRIPT]] _{x_{i}}[[POSTSUBSCRIPT]] ∂[[OPERATOR]] ^{\nu}[[POSTSUPERSCRIPT]] _{x_{j}}[[POSTSUBSCRIPT]] \right][[CLOSE]] ([[OPEN]] ϕ[[UNKNOWN]] ([[OPEN]] x[[UNKNOWN]] _{1}[[POSTSUBSCRIPT]] )[[CLOSE]] ϕ[[UNKNOWN]] ([[OPEN]] x[[UNKNOWN]] _{2}[[POSTSUBSCRIPT]] )[[CLOSE]] ϕ[[UNKNOWN]] ([[OPEN]] x[[UNKNOWN]] _{3}[[POSTSUBSCRIPT]] )[[CLOSE]] ϕ[[UNKNOWN]] ([[OPEN]] x[[UNKNOWN]] _{4}[[POSTSUBSCRIPT]] )[[CLOSE]] )[[CLOSE]]
	        > \left|[[VERTBAR]] {}_{x_{i}=x}[[FLOATSUBSCRIPT]]
Warning:not_parsed:POSTSUBSCRIPT.CLOSE.CLOSE>VERTBAR MathParser failed to match rule 'Anything'
	at 0303030.tex; line 364 col 6 - line 366 col 4
	In "$\displaystyle\exp\left[{i\over 2}\sum_{i<j}\theta_{\mu\nu}\partial^{\mu}_{x_{%
	i}}\partial^{\nu}_{x_{j}}\right]\Bigl{(}\phi(x_{1})\phi(x_{2})\phi(x_{3})\phi(%
	x_{4})\Bigr{)}\left|{}_{x_{i}=x}\right.$"
	exp[[OPFUNCTION]] \left[[[OPEN]] i\over2[[UNKNOWN]] ∑[[SUMOP]] _{i<j}[[POSTSUBSCRIPT]] θ[[UNKNOWN]] _{\mu\nu}[[POSTSUBSCRIPT]] ∂[[OPERATOR]] ^{\mu}[[POSTSUPERSCRIPT]] _{x_{i}}[[POSTSUBSCRIPT]] ∂[[OPERATOR]] ^{\nu}[[POSTSUPERSCRIPT]] _{x_{j}}[[POSTSUBSCRIPT]] \right][[CLOSE]] ([[OPEN]] ϕ[[UNKNOWN]] ([[OPEN]] x[[UNKNOWN]] _{1}[[POSTSUBSCRIPT]] )[[CLOSE]] ϕ[[UNKNOWN]] ([[OPEN]] x[[UNKNOWN]] _{2}[[POSTSUBSCRIPT]] )[[CLOSE]] ϕ[[UNKNOWN]] ([[OPEN]] x[[UNKNOWN]] _{3}[[POSTSUBSCRIPT]] )[[CLOSE]] ϕ[[UNKNOWN]] ([[OPEN]] x[[UNKNOWN]] _{4}[[POSTSUBSCRIPT]] )[[CLOSE]] )[[CLOSE]]
	        > \left|[[VERTBAR]] {}_{x_{i}=x}[[FLOATSUBSCRIPT]]
Warning:not_parsed:RELOP.ADDOP.ATOM>OPEN MathParser failed to match rule 'Anything'
	at 0303030.tex; line 606 col 3 - line 606 col 3
	In "$\displaystyle A^{2}=-\frac{8}{\lambda}\Biggl{\{}Q^{2}+\mu^{2}\@@ENDINLINEMATH"
	A[[UNKNOWN]] ^{2}[[POSTSUPERSCRIPT]] =[[RELOP]] -[[ADDOP]] \frac{8}{\lambda}[[UNKNOWN]]
	        > \{[[OPEN]] Q[[UNKNOWN]] ^{2}[[POSTSUPERSCRIPT]] +[[ADDOP]] μ[[UNKNOWN]] ^{2}[[POSTSUPERSCRIPT]]
Warning:not_parsed:RELOP.ADDOP.ATOM>OPEN MathParser failed to match rule 'Anything'
	at 0303030.tex; line 606 col 3 - line 607 col 6
	In "$\displaystyle A^{2}=-\frac{8}{\lambda}\Biggl{\{}Q^{2}+\mu^{2}$"
	A[[UNKNOWN]] ^{2}[[POSTSUPERSCRIPT]] =[[RELOP]] -[[ADDOP]] \frac{8}{\lambda}[[UNKNOWN]]
	        > \{[[OPEN]] Q[[UNKNOWN]] ^{2}[[POSTSUPERSCRIPT]] +[[ADDOP]] μ[[UNKNOWN]] ^{2}[[POSTSUPERSCRIPT]]
Warning:not_parsed:CLOSE.CLOSE.CLOSE>CLOSE MathParser failed to match rule 'Anything'
	at 0303030.tex; line 608 col 4 - line 608 col 4
	In "$\displaystyle+\frac{\lambda}{3}\int\frac{d^{3}k}{(2\pi)^{3}}\frac{1}{2\sqrt{%
	\vec{k}^{2}+M^{2}(\vec{k})}}\left(1-\frac{\sqrt{\vec{k}^{2}+M^{2}(\vec{k})}}{|%
	\vec{k}|}+{1\over 2}\cos\left(\vec{k}\cdot(\vec{Q}\times\vec{\theta})\right)%
	\right)\Biggr{\}}\@@ENDINLINEMATH"
	+[[ADDOP]] \frac{\lambda}{3}[[UNKNOWN]] ∫[[INTOP]] \frac{d^{3}k}{(2\pi)^{3}}[[UNKNOWN]] \frac{1}{2\sqrt{\vec{k}^{2}+M^{2}(\vec{k})}}[[UNKNOWN]] \left([[OPEN]] 1[[NUMBER]] -[[ADDOP]] \frac{\sqrt{\vec{k}^{2}+M^{2}(\vec{k})}}{|\vec{k}|}[[UNKNOWN]] +[[ADDOP]] 1\over2[[UNKNOWN]] cos[[TRIGFUNCTION]] \left([[OPEN]] \vec{k}[[UNKNOWN]] ⋅[[MULOP]] ([[OPEN]] \vec{Q}[[UNKNOWN]] ×[[MULOP]] \vec{\theta}[[UNKNOWN]] )[[CLOSE]] \right)[[CLOSE]] \right)[[CLOSE]]
	        > \}[[CLOSE]]
Warning:not_parsed:CLOSE.CLOSE.CLOSE>CLOSE MathParser failed to match rule 'Anything'
	at 0303030.tex; line 608 col 4 - line 610 col 4
	In "$\displaystyle+\frac{\lambda}{3}\int\frac{d^{3}k}{(2\pi)^{3}}\frac{1}{2\sqrt{%
	\vec{k}^{2}+M^{2}(\vec{k})}}\left(1-\frac{\sqrt{\vec{k}^{2}+M^{2}(\vec{k})}}{|%
	\vec{k}|}+{1\over 2}\cos\left(\vec{k}\cdot(\vec{Q}\times\vec{\theta})\right)%
	\right)\Biggr{\}}$"
	+[[ADDOP]] \frac{\lambda}{3}[[UNKNOWN]] ∫[[INTOP]] \frac{d^{3}k}{(2\pi)^{3}}[[UNKNOWN]] \frac{1}{2\sqrt{\vec{k}^{2}+M^{2}(\vec{k})}}[[UNKNOWN]] \left([[OPEN]] 1[[NUMBER]] -[[ADDOP]] \frac{\sqrt{\vec{k}^{2}+M^{2}(\vec{k})}}{|\vec{k}|}[[UNKNOWN]] +[[ADDOP]] 1\over2[[UNKNOWN]] cos[[TRIGFUNCTION]] \left([[OPEN]] \vec{k}[[UNKNOWN]] ⋅[[MULOP]] ([[OPEN]] \vec{Q}[[UNKNOWN]] ×[[MULOP]] \vec{\theta}[[UNKNOWN]] )[[CLOSE]] \right)[[CLOSE]] \right)[[CLOSE]]
	        > \}[[CLOSE]]
 10.72 sec)
Math parsing succeeded:
   ltx:XMath: 345/352
   ltx:XMArg: 1114/1114
Symbols assumed as simple identifiers (with # of occurences):
   'A{italic}' (21), 'Delta' (14), 'D{italic}' (4), 'E{italic}' (16), 'Gamma' (15), 'G{italic}' (42), 'I{italic}' (11), 'Lambda' (16), 'L{italic}' (2), 'M{italic}' (99), 'Phi' (13), 'Q{italic}' (25), 'T{italic}' (3), 'alpha' (1), 'a{italic}' (4), 'c{italic}' (3), 'delta' (25), 'd{italic}' (48), 'e{italic}' (9), 'f{italic}' (2), 'i{italic}' (32), 'j{italic}' (7), 'k{italic}' (33), 'lambda' (24), 'mu' (45), 'm{italic}' (23), 'nu' (6), 'n{italic}' (9), 'o{italic}' (5), 'phi' (143), 'pi' (60), 'p{italic}' (123), 'q{italic}' (70), 'r{italic}' (5), 's{italic}' (3), 'theta' (33), 't{italic}' (9), 'varepsilon' (1), 'x{italic}' (66), 'y{italic}' (12)
Set MATHPARSER_SPECULATE to speculate on possible notations.
(Finalizing... 1.21 sec)
Conversion complete 7 warnings (See /home/user/latex-in-arxiv/0303030.latexml.log) (reqd. 23.92s)
