latexml (LaTeXML version 0.8.6) processing 2003/0303067.tex
(Digesting TeX 0303067...
(Loading /usr/share/perl5/LaTeXML/Package/TeX.pool.ltxml...
(Loading /usr/share/perl5/LaTeXML/Package/eTeX.pool.ltxml... 0.01 sec)
(Loading /usr/share/perl5/LaTeXML/Package/pdfTeX.pool.ltxml... 0.01 sec) 0.24 sec)
(Processing content /home/user/latex-in-arxiv/2003/0303067.tex...
(Loading /usr/share/perl5/LaTeXML/Package/LaTeX.pool.ltxml...
(Loading /usr/share/perl5/LaTeXML/Package/textcomp.sty.ltxml...
(Processing definitions /usr/share/texlive/texmf-dist/tex/latex-dev/base/ts1enc.dfu... 0.05 sec) 1.85 sec) 2.20 sec)
(Loading /usr/share/perl5/LaTeXML/Package/article.cls.ltxml... 0.02 sec)
Warning:missing_file:simplemargins Can't find binding for package simplemargins
	at 0303067.tex; line 13 col 14 - line 13 col 14
	Anticipate undefined macros or environments
	search paths are /home/user/latex-in-arxiv/2003, /home/user/latex-in-arxiv
	In Core::Definition::Constructor[\usepac... /usr/share/perl5/LaTeXML/Package/LaTeX.pool.ltxml; line 806
(Loading /usr/share/perl5/LaTeXML/Package/amsmath.sty.ltxml...
(Loading /usr/share/perl5/LaTeXML/Package/amsbsy.sty.ltxml...
(Loading /usr/share/perl5/LaTeXML/Package/amsgen.sty.ltxml... 0.01 sec) 0.02 sec)
(Loading /usr/share/perl5/LaTeXML/Package/amstext.sty.ltxml... 0.01 sec)
(Loading /usr/share/perl5/LaTeXML/Package/amsopn.sty.ltxml... 0.01 sec) 0.09 sec)
(Loading /usr/share/perl5/LaTeXML/Package/array.sty.ltxml... 0.00 sec)
Warning:missing_file:delarray Can't find binding for package delarray
	at 0303067.tex; line 13 col 14 - line 13 col 14
	Anticipate undefined macros or environments
	In Core::Definition::Constructor[\usepac... /usr/share/perl5/LaTeXML/Package/LaTeX.pool.ltxml; line 806
Warning:missing_file:emlines2 Can't find binding for package emlines2
	at 0303067.tex; line 13 col 14 - line 13 col 14
	Anticipate undefined macros or environments
	In Core::Definition::Constructor[\usepac... /usr/share/perl5/LaTeXML/Package/LaTeX.pool.ltxml; line 806
(Loading /usr/share/perl5/LaTeXML/Package/epsfig.sty.ltxml...
(Loading /usr/share/perl5/LaTeXML/Package/graphicx.sty.ltxml...
(Loading /usr/share/perl5/LaTeXML/Package/graphics.sty.ltxml... 0.01 sec) 0.03 sec) 0.06 sec)
(Loading /usr/share/perl5/LaTeXML/Package/newlfont.sty.ltxml...
(Loading /usr/share/perl5/LaTeXML/Package/latexsym.sty.ltxml... 0.00 sec) 0.01 sec)
Error:undefined:\setallmargins The token T_CS[\setallmargins] is not defined.
	at 0303067.tex; line 13 col 14 - line 13 col 14
	Defining it now as <ltx:ERROR/>
	Next token is T_BEGIN[{] ( == T_BEGIN[{])
	In Core::Gullet[@0x561315dd0a78] /home/user/latex-in-arxiv/2003/0303067.tex; from line 13 col 15 to line 13 col 15
	 <= Core::Stomach[@0x5613185a90a0] <= ...
 11.02 sec) 11.32 sec)
(Building...
(Loading compiled schema /usr/share/perl5/LaTeXML/resources/RelaxNG/LaTeXML.model... 0.02 sec) 8.82 sec)
(Rewriting... 0.27 sec)
(Math Parsing 297 formulae ......
Warning:not_parsed:OPEN.ATOM.CLOSE>POSTSUPERSCRIPT MathParser failed to match rule 'Anything'
	at 0303067.tex; line 139 col 7 - line 139 col 64
	In "$\theta_{i}(\lambda)=\nabla_{a}\left(\frac{d}{d\lambda}\right)^{a}$"
	θ[[UNKNOWN]] _{i}[[POSTSUBSCRIPT]] ([[OPEN]] λ[[UNKNOWN]] )[[CLOSE]] =[[RELOP]] ∇[[OPERATOR]] _{a}[[POSTSUBSCRIPT]] \left([[OPEN]] \frac{d}{d\lambda}[[UNKNOWN]] \right)[[CLOSE]]
	        > ^{a}[[POSTSUPERSCRIPT]]
Warning:not_parsed:OPEN.UNKNOWN.CLOSE>PUNCT MathParser failed to match rule 'Anything'
	at 0303067.tex; line 528 col 1 - line 528 col 1
	In "$\displaystyle(i)\quad\leq 2\pi\int_{0}^{\lambda}d\tilde{\lambda}T_{ab}k^{a}k^%
	{b}+s(0)\@@ENDINLINEMATH"
	([[OPEN]] i[[UNKNOWN]] )[[CLOSE]]
	        > $\displaystyle(i)\quad\leq2\pi\int_{0}^{\lambda}d\tilde{\lambda}T_{ab}k^{a}k^{b}+s(0)\@@ENDINLINEMATH[[PUNCT]] ≤[[RELOP]] 2[[NUMBER]] π[[UNKNOWN]] ∫[[INTOP]] _{0}[[POSTSUBSCRIPT]] ^{\lambda}[[POSTSUPERSCRIPT]] d[[UNKNOWN]] \tilde{\lambda}[[UNKNOWN]] T[[UNKNOWN]] _{ab}[[POSTSUBSCRIPT]] k[[UNKNOWN]] ^{a}[[POSTSUPERSCRIPT]] k[[UNKNOWN]] ^{b}[[POSTSUPERSCRIPT]] +[[ADDOP]] s[[UNKNOWN]] ([[OPEN]] 0[[NUMBER]] )[[CLOSE]]
Warning:not_parsed:UNKNOWN.UNKNOWN.CLOSE>PUNCT MathParser failed to match rule 'Anything'
	at 0303067.tex; line 530 col 1 - line 530 col 1
	In "$\displaystyle(eom)\quad\leq 2\pi\int_{0}^{\lambda}d\tilde{\lambda}\left(-%
	\frac{1}{4\pi}\frac{G^{\prime\prime}(\tilde{\lambda})}{G(\tilde{\lambda})}%
	\right)+s(0)=\frac{1}{2}\left(\frac{G^{\prime}(0)}{G(0)}-\frac{G^{\prime}(%
	\lambda)}{G(\lambda)}\right)-\frac{1}{2}\int_{0}^{\lambda}d\tilde{\lambda}%
	\frac{G^{\prime}(\tilde{\lambda})^{2}}{G(\tilde{\lambda})^{2}}+s(0)\@@ENDINLINEMATH"
	([[OPEN]] e[[UNKNOWN]] o[[UNKNOWN]] m[[UNKNOWN]] )[[CLOSE]]
	        > $\displaystyle(eom)\quad\leq2\pi\int_{0}^{\lambda}d\tilde{\lambda}\left(-\frac{1}{4\pi}\frac{G^{\prime\prime}(\tilde{\lambda})}{G(\tilde{\lambda})}\right)+s(0)=\frac{1}{2}\left(\frac{G^{\prime}(0)}{G(0)}-\frac{G^{\prime}(\lambda)}{G(\lambda)}\right)-\frac{1}{2}\int_{0}^{\lambda}d\tilde{\lambda}\frac{G^{\prime}(\tilde{\lambda})^{2}}{G(\tilde{\lambda})^{2}}+s(0)\@@ENDINLINEMATH[[PUNCT]] ≤[[RELOP]] 2[[NUMBER]] π[[UNKNOWN]] ∫[[INTOP]] _{0}[[POSTSUBSCRIPT]] ^{\lambda}[[POSTSUPERSCRIPT]] d[[UNKNOWN]] \tilde{\lambda}[[UNKNOWN]] \left([[OPEN]] -[[ADDOP]] \frac{1}{4\pi}[[UNKNOWN]] \frac{G^{\prime\prime}(\tilde{\lambda})}{G(\tilde{\lambda})}[[UNKNOWN]] \right)[[CLOSE]] +[[ADDOP]] s[[UNKNOWN]] ([[OPEN]] 0[[NUMBER]] )[[CLOSE]] =[[RELOP]] \frac{1}{2}[[UNKNOWN]] \left([[OPEN]] \frac{G^{\prime}(0)}{G(0)}[[UNKNOWN]] -[[ADDOP]] \frac{G^{\prime}(\lambda)}{G(\lambda)}[[UNKNOWN]] \right)[[CLOSE]] -[[ADDOP]] \frac{1}{2}[[UNKNOWN]] ∫[[INTOP]] _{0}[[POSTSUBSCRIPT]] ^{\lambda}[[POSTSUPERSCRIPT]] d[[UNKNOWN]] \tilde{\lambda}[[UNKNOWN]] \frac{G^{\prime}(\tilde{\lambda})^{2}}{G(\tilde{\lambda})^{2}}[[UNKNOWN]] +[[ADDOP]] s[[UNKNOWN]] ([[OPEN]] 0[[NUMBER]] )[[CLOSE]]
Warning:not_parsed:UNKNOWN.UNKNOWN.CLOSE>PUNCT MathParser failed to match rule 'Anything'
	at 0303067.tex; line 537 col 1 - line 537 col 1
	In "$\displaystyle(ii)\quad\leq-\frac{1}{2}\frac{G^{\prime}(\lambda)}{G(\lambda)}-%
	\frac{1}{2}\int_{0}^{\lambda}d\tilde{\lambda}\frac{G^{\prime}(\tilde{\lambda})%
	^{2}}{G(\tilde{\lambda})^{2}}\leq-\frac{1}{2}\frac{G^{\prime}(\lambda)}{G(%
	\lambda)}\,.\@@ENDINLINEMATH"
	([[OPEN]] i[[UNKNOWN]] i[[UNKNOWN]] )[[CLOSE]]
	        > $\displaystyle(ii)\quad\leq-\frac{1}{2}\frac{G^{\prime}(\lambda)}{G(\lambda)}-\frac{1}{2}\int_{0}^{\lambda}d\tilde{\lambda}\frac{G^{\prime}(\tilde{\lambda})^{2}}{G(\tilde{\lambda})^{2}}\leq-\frac{1}{2}\frac{G^{\prime}(\lambda)}{G(\lambda)}\,.\@@ENDINLINEMATH[[PUNCT]] ≤[[RELOP]] -[[ADDOP]] \frac{1}{2}[[UNKNOWN]] \frac{G^{\prime}(\lambda)}{G(\lambda)}[[UNKNOWN]] -[[ADDOP]] \frac{1}{2}[[UNKNOWN]] ∫[[INTOP]] _{0}[[POSTSUBSCRIPT]] ^{\lambda}[[POSTSUPERSCRIPT]] d[[UNKNOWN]] \tilde{\lambda}[[UNKNOWN]] \frac{G^{\prime}(\tilde{\lambda})^{2}}{G(\tilde{\lambda})^{2}}[[UNKNOWN]] ≤[[RELOP]] -[[ADDOP]] \frac{1}{2}[[UNKNOWN]] \frac{G^{\prime}(\lambda)}{G(\lambda)}[[UNKNOWN]]
Warning:not_parsed:OPEN.UNKNOWN.CLOSE>PUNCT MathParser failed to match rule 'Anything'
	at 0303067.tex; line 650 col 1 - line 650 col 1
	In "$\displaystyle(i)\quad\leq e^{-2\phi(\lambda)}\int_{0}^{\lambda}d\tilde{%
	\lambda}\,2\pi\,e^{2\phi(\tilde{\lambda})}k^{a}k^{b}T_{ab}(\tilde{\lambda})+e^%
	{-2\phi(\lambda)}s(0)e^{2\phi(0)}\@@ENDINLINEMATH"
	([[OPEN]] i[[UNKNOWN]] )[[CLOSE]]
	        > $\displaystyle(i)\quad\leqe^{-2\phi(\lambda)}\int_{0}^{\lambda}d\tilde{\lambda}\,2\pi\,e^{2\phi(\tilde{\lambda})}k^{a}k^{b}T_{ab}(\tilde{\lambda})+e^{-2\phi(\lambda)}s(0)e^{2\phi(0)}\@@ENDINLINEMATH[[PUNCT]] ≤[[RELOP]] e[[UNKNOWN]] ^{-2\phi(\lambda)}[[POSTSUPERSCRIPT]] ∫[[INTOP]] _{0}[[POSTSUBSCRIPT]] ^{\lambda}[[POSTSUPERSCRIPT]] d[[UNKNOWN]] \tilde{\lambda}[[UNKNOWN]]  2[[NUMBER]] π[[UNKNOWN]] e[[UNKNOWN]] ^{2\phi(\tilde{\lambda})}[[POSTSUPERSCRIPT]] k[[UNKNOWN]] ^{a}[[POSTSUPERSCRIPT]] k[[UNKNOWN]] ^{b}[[POSTSUPERSCRIPT]] T[[UNKNOWN]] _{ab}[[POSTSUBSCRIPT]] ([[OPEN]] \tilde{\lambda}[[UNKNOWN]] )[[CLOSE]] +[[ADDOP]] e[[UNKNOWN]] ^{-2\phi(\lambda)}[[POSTSUPERSCRIPT]] s[[UNKNOWN]] ([[OPEN]] 0[[NUMBER]] )[[CLOSE]] e[[UNKNOWN]] ^{2\phi(0)}[[POSTSUPERSCRIPT]]
Warning:not_parsed:UNKNOWN.UNKNOWN.CLOSE>PUNCT MathParser failed to match rule 'Anything'
	at 0303067.tex; line 654 col 1 - line 654 col 1
	In "$\displaystyle(eom)\quad=-2\pi e^{-2\phi(\lambda)}\int^{\lambda}_{0}d\tilde{%
	\lambda}\left(e^{-\phi(\tilde{\lambda})}\right)^{\prime\prime}e^{\phi(\tilde{%
	\lambda})}+e^{-2\phi(\lambda)}s(0)e^{2\phi(0)}=-2\pi e^{-2\phi(\lambda)}\left(%
	-\phi^{\prime}(\lambda)+\phi^{\prime}(0)\right)-2\pi e^{-2\phi(\lambda)}\int_{%
	0}^{\lambda}d\tilde{\lambda}\left(\phi^{\prime}(\tilde{\lambda})\right)^{2}+e^%
	{-2\phi(\lambda)}s(0)e^{2\phi(0)}\@@ENDINLINEMATH"
	([[OPEN]] e[[UNKNOWN]] o[[UNKNOWN]] m[[UNKNOWN]] )[[CLOSE]]
	        > $\displaystyle(eom)\quad=-2\pie^{-2\phi(\lambda)}\int^{\lambda}_{0}d\tilde{\lambda}\left(e^{-\phi(\tilde{\lambda})}\right)^{\prime\prime}e^{\phi(\tilde{\lambda})}+e^{-2\phi(\lambda)}s(0)e^{2\phi(0)}=-2\pie^{-2\phi(\lambda)}\left(-\phi^{\prime}(\lambda)+\phi^{\prime}(0)\right)-2\pie^{-2\phi(\lambda)}\int_{0}^{\lambda}d\tilde{\lambda}\left(\phi^{\prime}(\tilde{\lambda})\right)^{2}+e^{-2\phi(\lambda)}s(0)e^{2\phi(0)}\@@ENDINLINEMATH[[PUNCT]] =[[RELOP]] -[[ADDOP]] 2[[NUMBER]] π[[UNKNOWN]] e[[UNKNOWN]] ^{-2\phi(\lambda)}[[POSTSUPERSCRIPT]] ∫[[INTOP]] ^{\lambda}[[POSTSUPERSCRIPT]] _{0}[[POSTSUBSCRIPT]] d[[UNKNOWN]] \tilde{\lambda}[[UNKNOWN]] \left([[OPEN]] e[[UNKNOWN]] ^{-\phi(\tilde{\lambda})}[[POSTSUPERSCRIPT]] \right)[[CLOSE]] ^{\prime\prime}[[POSTSUPERSCRIPT]] e[[UNKNOWN]] ^{\phi(\tilde{\lambda})}[[POSTSUPERSCRIPT]] +[[ADDOP]] e[[UNKNOWN]] ^{-2\phi(\lambda)}[[POSTSUPERSCRIPT]] s[[UNKNOWN]] ([[OPEN]] 0[[NUMBER]] )[[CLOSE]] e[[UNKNOWN]] ^{2\phi(0)}[[POSTSUPERSCRIPT]] =[[RELOP]] -[[ADDOP]] 2[[NUMBER]] π[[UNKNOWN]] e[[UNKNOWN]] ^{-2\phi(\lambda)}[[POSTSUPERSCRIPT]] \left([[OPEN]] -[[ADDOP]] ϕ[[UNKNOWN]] ^{\prime}[[POSTSUPERSCRIPT]] ([[OPEN]] λ[[UNKNOWN]] )[[CLOSE]] +[[ADDOP]] ϕ[[UNKNOWN]] ^{\prime}[[POSTSUPERSCRIPT]] ([[OPEN]] 0[[NUMBER]] )[[CLOSE]] \right)[[CLOSE]] -[[ADDOP]] 2[[NUMBER]] π[[UNKNOWN]] ...
Warning:not_parsed:UNKNOWN.UNKNOWN.CLOSE>PUNCT MathParser failed to match rule 'Anything'
	at 0303067.tex; line 661 col 1 - line 661 col 1
	In "$\displaystyle(ii)\quad\leq-\pi\left(e^{-2\phi(\lambda)}\right)^{\prime}-2\pi e%
	^{-2\phi(\lambda)}\int_{0}^{\lambda}d\tilde{\lambda}\left(\phi^{\prime}(\tilde%
	{\lambda})\right)^{2}\leq-\pi\left(e^{-2\phi(\lambda)}\right)^{\prime}\@@ENDINLINEMATH"
	([[OPEN]] i[[UNKNOWN]] i[[UNKNOWN]] )[[CLOSE]]
	        > $\displaystyle(ii)\quad\leq-\pi\left(e^{-2\phi(\lambda)}\right)^{\prime}-2\pie^{-2\phi(\lambda)}\int_{0}^{\lambda}d\tilde{\lambda}\left(\phi^{\prime}(\tilde{\lambda})\right)^{2}\leq-\pi\left(e^{-2\phi(\lambda)}\right)^{\prime}\@@ENDINLINEMATH[[PUNCT]] ≤[[RELOP]] -[[ADDOP]] π[[UNKNOWN]] \left([[OPEN]] e[[UNKNOWN]] ^{-2\phi(\lambda)}[[POSTSUPERSCRIPT]] \right)[[CLOSE]] ^{\prime}[[POSTSUPERSCRIPT]] -[[ADDOP]] 2[[NUMBER]] π[[UNKNOWN]] e[[UNKNOWN]] ^{-2\phi(\lambda)}[[POSTSUPERSCRIPT]] ∫[[INTOP]] _{0}[[POSTSUBSCRIPT]] ^{\lambda}[[POSTSUPERSCRIPT]] d[[UNKNOWN]] \tilde{\lambda}[[UNKNOWN]] \left([[OPEN]] ϕ[[UNKNOWN]] ^{\prime}[[POSTSUPERSCRIPT]] ([[OPEN]] \tilde{\lambda}[[UNKNOWN]] )[[CLOSE]] \right)[[CLOSE]] ^{2}[[POSTSUPERSCRIPT]] ≤[[RELOP]] -[[ADDOP]] π[[UNKNOWN]] \left([[OPEN]] e[[UNKNOWN]] ^{-2\phi(\lambda)}[[POSTSUPERSCRIPT]] \right)[[CLOSE]] ^{\prime}[[POSTSUPERSCRIPT]]
Warning:not_parsed:OPEN.UNKNOWN.CLOSE>PUNCT MathParser failed to match rule 'Anything'
	at 0303067.tex; line 717 col 1 - line 717 col 1
	In "$\displaystyle(i)\quad\leq 2\,e^{-2\phi(\lambda)}\int_{0}^{\lambda}d\tilde{%
	\lambda}\,e^{2\phi(\tilde{\lambda})}k^{a}k^{b}T_{ab}(\tilde{\lambda})+e^{-2%
	\phi(\lambda)}s(0)e^{2\phi(0)}\@@ENDINLINEMATH"
	([[OPEN]] i[[UNKNOWN]] )[[CLOSE]]
	        > $\displaystyle(i)\quad\leq2\,e^{-2\phi(\lambda)}\int_{0}^{\lambda}d\tilde{\lambda}\,e^{2\phi(\tilde{\lambda})}k^{a}k^{b}T_{ab}(\tilde{\lambda})+e^{-2\phi(\lambda)}s(0)e^{2\phi(0)}\@@ENDINLINEMATH[[PUNCT]] ≤[[RELOP]] 2[[NUMBER]] e[[UNKNOWN]] ^{-2\phi(\lambda)}[[POSTSUPERSCRIPT]] ∫[[INTOP]] _{0}[[POSTSUBSCRIPT]] ^{\lambda}[[POSTSUPERSCRIPT]] d[[UNKNOWN]] \tilde{\lambda}[[UNKNOWN]] e[[UNKNOWN]] ^{2\phi(\tilde{\lambda})}[[POSTSUPERSCRIPT]] k[[UNKNOWN]] ^{a}[[POSTSUPERSCRIPT]] k[[UNKNOWN]] ^{b}[[POSTSUPERSCRIPT]] T[[UNKNOWN]] _{ab}[[POSTSUBSCRIPT]] ([[OPEN]] \tilde{\lambda}[[UNKNOWN]] )[[CLOSE]] +[[ADDOP]] e[[UNKNOWN]] ^{-2\phi(\lambda)}[[POSTSUPERSCRIPT]] s[[UNKNOWN]] ([[OPEN]] 0[[NUMBER]] )[[CLOSE]] e[[UNKNOWN]] ^{2\phi(0)}[[POSTSUPERSCRIPT]]
Warning:not_parsed:UNKNOWN.UNKNOWN.CLOSE>PUNCT MathParser failed to match rule 'Anything'
	at 0303067.tex; line 721 col 1 - line 721 col 1
	In "$\displaystyle(eom)\quad=-4\,e^{-2\phi(\lambda)}\int_{0}^{\lambda}d\tilde{%
	\lambda}\left(e^{-\phi(\tilde{\lambda})}\right)^{\prime\prime}e^{\phi(\tilde{%
	\lambda})}+4\,e^{-2\phi(\lambda)}\int_{0}^{\lambda}d\tilde{\lambda}\left(\phi^%
	{\prime}(\tilde{\lambda})\right)^{2}+e^{-2\phi(\lambda)}s(0)e^{2\phi(0)}=-4\,e%
	^{-2\phi(\lambda)}\left(-\phi^{\prime}(\lambda)+\phi^{\prime}(0)\right)+e^{-2%
	\phi(\lambda)}s(0)e^{2\phi(0)}\@@ENDINLINEMATH"
	([[OPEN]] e[[UNKNOWN]] o[[UNKNOWN]] m[[UNKNOWN]] )[[CLOSE]]
	        > $\displaystyle(eom)\quad=-4\,e^{-2\phi(\lambda)}\int_{0}^{\lambda}d\tilde{\lambda}\left(e^{-\phi(\tilde{\lambda})}\right)^{\prime\prime}e^{\phi(\tilde{\lambda})}+4\,e^{-2\phi(\lambda)}\int_{0}^{\lambda}d\tilde{\lambda}\left(\phi^{\prime}(\tilde{\lambda})\right)^{2}+e^{-2\phi(\lambda)}s(0)e^{2\phi(0)}=-4\,e^{-2\phi(\lambda)}\left(-\phi^{\prime}(\lambda)+\phi^{\prime}(0)\right)+e^{-2\phi(\lambda)}s(0)e^{2\phi(0)}\@@ENDINLINEMATH[[PUNCT]] =[[RELOP]] -[[ADDOP]] 4[[NUMBER]] e[[UNKNOWN]] ^{-2\phi(\lambda)}[[POSTSUPERSCRIPT]] ∫[[INTOP]] _{0}[[POSTSUBSCRIPT]] ^{\lambda}[[POSTSUPERSCRIPT]] d[[UNKNOWN]] \tilde{\lambda}[[UNKNOWN]] \left([[OPEN]] e[[UNKNOWN]] ^{-\phi(\tilde{\lambda})}[[POSTSUPERSCRIPT]] \right)[[CLOSE]] ^{\prime\prime}[[POSTSUPERSCRIPT]] e[[UNKNOWN]] ^{\phi(\tilde{\lambda})}[[POSTSUPERSCRIPT]] +[[ADDOP]] 4[[NUMBER]] e[[UNKNOWN]] ^{-2\phi(\lambda)}[[POSTSUPERSCRIPT]] ∫[[INTOP]] _{0}[[POSTSUBSCRIPT]] ^{\lambda}[[POSTSUPERSCRIPT]] d[[UNKNOWN]] \tilde{\lambda}[[UNKNOWN]] \left([[OPEN]] ϕ[[UNKNOWN]] ^{\prime}[[POSTSUPERSCRIPT]] ([[OPEN]] \tilde{\lambda}[[UNKNOWN]] )[[CLOSE]] \right)[[CLOSE]] ^{2}[[POSTSUPERSCRIPT]] +[[ADDOP]] e[[UNKNOWN]] ^{-2\phi(\lambda)}[[POSTSUPERSCRIPT]] s[[UNKNOWN]] ([[OPEN]] 0[[NUMBER]] )[[CLOSE]] e[[UNKNOWN]] ^{2\phi(0)}[[POSTSUPERSCRIPT]] =[[RELOP]] -[[ADDOP]] 4[[NUMBER]] e[[UNKNOWN]] ^{-2\phi(\lambda)}[[POSTSUPERSCRIPT]] \left([[OPEN]] -[[ADDOP]] ...
Warning:not_parsed:UNKNOWN.UNKNOWN.CLOSE>PUNCT MathParser failed to match rule 'Anything'
	at 0303067.tex; line 729 col 1 - line 729 col 1
	In "$\displaystyle(ii)\quad\leq-2\left(e^{-2\phi(\lambda)}\right)^{\prime}\,.\@@ENDINLINEMATH"
	([[OPEN]] i[[UNKNOWN]] i[[UNKNOWN]] )[[CLOSE]]
	        > $\displaystyle(ii)\quad\leq-2\left(e^{-2\phi(\lambda)}\right)^{\prime}\,.\@@ENDINLINEMATH[[PUNCT]] ≤[[RELOP]] -[[ADDOP]] 2[[NUMBER]] \left([[OPEN]] e[[UNKNOWN]] ^{-2\phi(\lambda)}[[POSTSUPERSCRIPT]] \right)[[CLOSE]] ^{\prime}[[POSTSUPERSCRIPT]]
Warning:not_parsed:OPEN.UNKNOWN.CLOSE>PUNCT MathParser failed to match rule 'Anything'
	at 0303067.tex; line 789 col 1 - line 789 col 1
	In "$\displaystyle(i)\quad\leq 2\int_{x^{+}}^{x_{0}^{+}}d\tilde{x}^{+}T_{++}(%
	\tilde{x}^{+})-s_{+}(x_{0}^{+})\@@ENDINLINEMATH"
	([[OPEN]] i[[UNKNOWN]] )[[CLOSE]]
	        > $\displaystyle(i)\quad\leq2\int_{x^{+}}^{x_{0}^{+}}d\tilde{x}^{+}T_{++}(\tilde{x}^{+})-s_{+}(x_{0}^{+})\@@ENDINLINEMATH[[PUNCT]] ≤[[RELOP]] 2[[NUMBER]] ∫[[INTOP]] _{x^{+}}[[POSTSUBSCRIPT]] ^{x_{0}^{+}}[[POSTSUPERSCRIPT]] d[[UNKNOWN]] \tilde{x}[[UNKNOWN]] ^{+}[[POSTSUPERSCRIPT]] T[[UNKNOWN]] _{++}[[POSTSUBSCRIPT]] ([[OPEN]] \tilde{x}[[UNKNOWN]] ^{+}[[POSTSUPERSCRIPT]] )[[CLOSE]] -[[ADDOP]] s[[UNKNOWN]] _{+}[[POSTSUBSCRIPT]] ([[OPEN]] x[[UNKNOWN]] _{0}[[POSTSUBSCRIPT]] ^{+}[[POSTSUPERSCRIPT]] )[[CLOSE]]
Warning:not_parsed:UNKNOWN.UNKNOWN.CLOSE>PUNCT MathParser failed to match rule 'Anything'
	at 0303067.tex; line 791 col 1 - line 791 col 1
	In "$\displaystyle(eom)\quad=2\left.\partial_{+}e^{-2\phi}\right]_{x_{0}^{+}}^{x^{%
	+}}-s_{+}(x_{0}^{+})\@@ENDINLINEMATH"
	([[OPEN]] e[[UNKNOWN]] o[[UNKNOWN]] m[[UNKNOWN]] )[[CLOSE]]
	        > $\displaystyle(eom)\quad=2\left.\partial_{+}e^{-2\phi}\right]_{x_{0}^{+}}^{x^{+}}-s_{+}(x_{0}^{+})\@@ENDINLINEMATH[[PUNCT]] =[[RELOP]] 2[[NUMBER]] ∂[[OPERATOR]] _{+}[[POSTSUBSCRIPT]] e[[UNKNOWN]] ^{-2\phi}[[POSTSUPERSCRIPT]] \right][[CLOSE]] _{x_{0}^{+}}[[POSTSUBSCRIPT]] ^{x^{+}}[[POSTSUPERSCRIPT]] -[[ADDOP]] s[[UNKNOWN]] _{+}[[POSTSUBSCRIPT]] ([[OPEN]] x[[UNKNOWN]] _{0}[[POSTSUBSCRIPT]] ^{+}[[POSTSUPERSCRIPT]] )[[CLOSE]]
Warning:not_parsed:POSTSUBSCRIPT.UNKNOWN.POSTSUPERSCRIPT>CLOSE MathParser failed to match rule 'Anything'
	at 0303067.tex; line 791 col 17 - line 793 col 1
	In "$\displaystyle 2\left.\partial_{+}e^{-2\phi}\right]_{x_{0}^{+}}^{x^{+}}-s_{+}(%
	x_{0}^{+})$"
	2[[NUMBER]] ∂[[OPERATOR]] _{+}[[POSTSUBSCRIPT]] e[[UNKNOWN]] ^{-2\phi}[[POSTSUPERSCRIPT]]
	        > \right][[CLOSE]] _{x_{0}^{+}}[[POSTSUBSCRIPT]] ^{x^{+}}[[POSTSUPERSCRIPT]] -[[ADDOP]] s[[UNKNOWN]] _{+}[[POSTSUBSCRIPT]] ([[OPEN]] x[[UNKNOWN]] _{0}[[POSTSUBSCRIPT]] ^{+}[[POSTSUPERSCRIPT]] )[[CLOSE]]
Warning:not_parsed:UNKNOWN.UNKNOWN.CLOSE>PUNCT MathParser failed to match rule 'Anything'
	at 0303067.tex; line 793 col 1 - line 793 col 1
	In "$\displaystyle(ii)\quad\leq 2\,\partial_{+}e^{-2\phi(x^{+})}\,.\@@ENDINLINEMATH"
	([[OPEN]] i[[UNKNOWN]] i[[UNKNOWN]] )[[CLOSE]]
	        > $\displaystyle(ii)\quad\leq2\,\partial_{+}e^{-2\phi(x^{+})}\,.\@@ENDINLINEMATH[[PUNCT]] ≤[[RELOP]] 2[[NUMBER]] ∂[[OPERATOR]] _{+}[[POSTSUBSCRIPT]] e[[UNKNOWN]] ^{-2\phi(x^{+})}[[POSTSUPERSCRIPT]]
Warning:not_parsed:OPEN.UNKNOWN.CLOSE>PUNCT MathParser failed to match rule 'Anything'
	at 0303067.tex; line 938 col 1 - line 938 col 1
	In "$\displaystyle(i)\quad\leq 2\int_{x^{+}}^{x_{0}^{+}}d\tilde{x}^{+}T_{++}(%
	\tilde{x}^{+})-s_{+}(x_{0}^{+})\@@ENDINLINEMATH"
	([[OPEN]] i[[UNKNOWN]] )[[CLOSE]]
	        > $\displaystyle(i)\quad\leq2\int_{x^{+}}^{x_{0}^{+}}d\tilde{x}^{+}T_{++}(\tilde{x}^{+})-s_{+}(x_{0}^{+})\@@ENDINLINEMATH[[PUNCT]] ≤[[RELOP]] 2[[NUMBER]] ∫[[INTOP]] _{x^{+}}[[POSTSUBSCRIPT]] ^{x_{0}^{+}}[[POSTSUPERSCRIPT]] d[[UNKNOWN]] \tilde{x}[[UNKNOWN]] ^{+}[[POSTSUPERSCRIPT]] T[[UNKNOWN]] _{++}[[POSTSUBSCRIPT]] ([[OPEN]] \tilde{x}[[UNKNOWN]] ^{+}[[POSTSUPERSCRIPT]] )[[CLOSE]] -[[ADDOP]] s[[UNKNOWN]] _{+}[[POSTSUBSCRIPT]] ([[OPEN]] x[[UNKNOWN]] _{0}[[POSTSUBSCRIPT]] ^{+}[[POSTSUPERSCRIPT]] )[[CLOSE]]
Warning:not_parsed:UNKNOWN.UNKNOWN.CLOSE>PUNCT MathParser failed to match rule 'Anything'
	at 0303067.tex; line 940 col 1 - line 940 col 1
	In "$\displaystyle(eom)\quad=\frac{N}{6}\left.\left(\partial_{+}\Omega+\frac{1}{4x%
	^{+}}\right)\right]_{x_{0}^{+}}^{x^{+}}-s_{+}(x_{0}^{+})=\left.\left(\frac{1}{%
	4}\partial_{+}A_{\text{qu}}-\frac{N}{24x^{+}}\right)\right]_{x_{0}^{+}}^{x^{+}%
	}-s_{+}(x_{0}^{+})\@@ENDINLINEMATH"
	([[OPEN]] e[[UNKNOWN]] o[[UNKNOWN]] m[[UNKNOWN]] )[[CLOSE]]
	        > $\displaystyle(eom)\quad=\frac{N}{6}\left.\left(\partial_{+}\Omega+\frac{1}{4x^{+}}\right)\right]_{x_{0}^{+}}^{x^{+}}-s_{+}(x_{0}^{+})=\left.\left(\frac{1}{4}\partial_{+}A_{\text{qu}}-\frac{N}{24x^{+}}\right)\right]_{x_{0}^{+}}^{x^{+}}-s_{+}(x_{0}^{+})\@@ENDINLINEMATH[[PUNCT]] =[[RELOP]] \frac{N}{6}[[UNKNOWN]] \left([[OPEN]] ∂[[OPERATOR]] _{+}[[POSTSUBSCRIPT]] Ω[[UNKNOWN]] +[[ADDOP]] \frac{1}{4x^{+}}[[UNKNOWN]] \right)[[CLOSE]] \right][[CLOSE]] _{x_{0}^{+}}[[POSTSUBSCRIPT]] ^{x^{+}}[[POSTSUPERSCRIPT]] -[[ADDOP]] s[[UNKNOWN]] _{+}[[POSTSUBSCRIPT]] ([[OPEN]] x[[UNKNOWN]] _{0}[[POSTSUBSCRIPT]] ^{+}[[POSTSUPERSCRIPT]] )[[CLOSE]] =[[RELOP]] \left([[OPEN]] \frac{1}{4}[[UNKNOWN]] ∂[[OPERATOR]] _{+}[[POSTSUBSCRIPT]] A[[UNKNOWN]] _{\text{qu}}[[POSTSUBSCRIPT]] -[[ADDOP]] \frac{N}{24x^{+}}[[UNKNOWN]] \right)[[CLOSE]] \right][[CLOSE]] _{x_{0}^{+}}[[POSTSUBSCRIPT]] ^{x^{+}}[[POSTSUPERSCRIPT]] -[[ADDOP]] s[[UNKNOWN]] _{+}[[POSTSUBSCRIPT]] ([[OPEN]] x[[UNKNOWN]] _{0}[[POSTSUBSCRIPT]] ^{+}[[POSTSUPERSCRIPT]] )[[CLOSE]]
Warning:not_parsed:ADDOP.ATOM.CLOSE>CLOSE MathParser failed to match rule 'Anything'
	at 0303067.tex; line 940 col 21 - line 942 col 1
	In "$\displaystyle\frac{N}{6}\left.\left(\partial_{+}\Omega+\frac{1}{4x^{+}}\right%
	)\right]_{x_{0}^{+}}^{x^{+}}-s_{+}(x_{0}^{+})$"
	\frac{N}{6}[[UNKNOWN]] \left([[OPEN]] ∂[[OPERATOR]] _{+}[[POSTSUBSCRIPT]] Ω[[UNKNOWN]] +[[ADDOP]] \frac{1}{4x^{+}}[[UNKNOWN]] \right)[[CLOSE]]
	        > \right][[CLOSE]] _{x_{0}^{+}}[[POSTSUBSCRIPT]] ^{x^{+}}[[POSTSUPERSCRIPT]] -[[ADDOP]] s[[UNKNOWN]] _{+}[[POSTSUBSCRIPT]] ([[OPEN]] x[[UNKNOWN]] _{0}[[POSTSUBSCRIPT]] ^{+}[[POSTSUPERSCRIPT]] )[[CLOSE]]
Warning:not_parsed:ADDOP.ATOM.CLOSE>CLOSE MathParser failed to match rule 'Anything'
	at 0303067.tex; line 942 col 10 - line 945 col 1
	In "$\displaystyle\left.\left(\frac{1}{4}\partial_{+}A_{\text{qu}}-\frac{N}{24x^{+%
	}}\right)\right]_{x_{0}^{+}}^{x^{+}}-s_{+}(x_{0}^{+})$"
	\left([[OPEN]] \frac{1}{4}[[UNKNOWN]] ∂[[OPERATOR]] _{+}[[POSTSUBSCRIPT]] A[[UNKNOWN]] _{\text{qu}}[[POSTSUBSCRIPT]] -[[ADDOP]] \frac{N}{24x^{+}}[[UNKNOWN]] \right)[[CLOSE]]
	        > \right][[CLOSE]] _{x_{0}^{+}}[[POSTSUBSCRIPT]] ^{x^{+}}[[POSTSUPERSCRIPT]] -[[ADDOP]] s[[UNKNOWN]] _{+}[[POSTSUBSCRIPT]] ([[OPEN]] x[[UNKNOWN]] _{0}[[POSTSUBSCRIPT]] ^{+}[[POSTSUPERSCRIPT]] )[[CLOSE]]
Warning:not_parsed:UNKNOWN.UNKNOWN.CLOSE>PUNCT MathParser failed to match rule 'Anything'
	at 0303067.tex; line 945 col 1 - line 945 col 1
	In "$\displaystyle(ii)\quad\leq\frac{1}{4}\partial_{+}A_{\text{qu}}(x^{+})-\frac{N%
	}{24}\frac{1}{x^{+}}+\frac{N}{24}\frac{1}{x_{0}^{+}}\leq\frac{1}{4}\partial_{+%
	}A_{\text{qu}}(x^{+})\,.\@@ENDINLINEMATH"
	([[OPEN]] i[[UNKNOWN]] i[[UNKNOWN]] )[[CLOSE]]
	        > $\displaystyle(ii)\quad\leq\frac{1}{4}\partial_{+}A_{\text{qu}}(x^{+})-\frac{N}{24}\frac{1}{x^{+}}+\frac{N}{24}\frac{1}{x_{0}^{+}}\leq\frac{1}{4}\partial_{+}A_{\text{qu}}(x^{+})\,.\@@ENDINLINEMATH[[PUNCT]] ≤[[RELOP]] \frac{1}{4}[[UNKNOWN]] ∂[[OPERATOR]] _{+}[[POSTSUBSCRIPT]] A[[UNKNOWN]] _{\text{qu}}[[POSTSUBSCRIPT]] ([[OPEN]] x[[UNKNOWN]] ^{+}[[POSTSUPERSCRIPT]] )[[CLOSE]] -[[ADDOP]] \frac{N}{24}[[UNKNOWN]] \frac{1}{x^{+}}[[UNKNOWN]] +[[ADDOP]] \frac{N}{24}[[UNKNOWN]] \frac{1}{x_{0}^{+}}[[UNKNOWN]] ≤[[RELOP]] \frac{1}{4}[[UNKNOWN]] ∂[[OPERATOR]] _{+}[[POSTSUBSCRIPT]] A[[UNKNOWN]] _{\text{qu}}[[POSTSUBSCRIPT]] ([[OPEN]] x[[UNKNOWN]] ^{+}[[POSTSUPERSCRIPT]] )[[CLOSE]]
 10.97 sec)
Math parsing succeeded:
   ltx:XMArg: 1139/1139
   ltx:XMath: 278/297
Symbols assumed as simple identifiers (with # of occurences):
   'A{caligraphic}' (10), 'A{italic}' (43), 'B{italic}' (27), 'Delta' (12), 'D{italic}' (3), 'G{italic}' (41), 'I{caligraphic}' (1), 'L{caligraphic}' (12), 'L{italic}' (8), 'M{italic}' (1), 'N{italic}' (4), 'Omega' (9), 'R{italic}' (7), 'S{italic}' (25), 'T{italic}' (33), 'a{italic}' (29), 'b{italic}' (29), 'd{italic}' (96), 'e{italic}' (166), 'g{italic}' (9), 'h{italic}' (5), 'i{italic}' (60), 'k{italic}' (52), 'lambda' (115), 'mu' (3), 'm{italic}' (20), 'nu' (3), 'omega' (3), 'o{italic}' (20), 'phi' (148), 'pi' (41), 'psi' (2), 'rho' (6), 'sigma' (12), 's{italic}' (122), 'theta' (15), 't{italic}' (5), 'varphi' (1), 'vartheta' (2), 'x{italic}' (142)
Set MATHPARSER_SPECULATE to speculate on possible notations.
(Finalizing... 0.92 sec)
Conversion complete 22 warnings; 1 error; 1 undefined macro[\setallmargins]; 3 missing files[emlines2.sty, simplemargins.sty, delarray.sty] (See /home/user/latex-in-arxiv/0303067.latexml.log) (reqd. 33.06s)
