latexml (LaTeXML version 0.8.6) processing 2003/0303089.tex
(Digesting TeX 0303089...
(Loading /usr/share/perl5/LaTeXML/Package/TeX.pool.ltxml...
(Loading /usr/share/perl5/LaTeXML/Package/eTeX.pool.ltxml... 0.01 sec)
(Loading /usr/share/perl5/LaTeXML/Package/pdfTeX.pool.ltxml... 0.01 sec) 0.26 sec)
(Processing content /home/user/latex-in-arxiv/2003/0303089.tex...
(Loading /usr/share/perl5/LaTeXML/Package/LaTeX.pool.ltxml...
(Loading /usr/share/perl5/LaTeXML/Package/textcomp.sty.ltxml...
(Processing definitions /usr/share/texlive/texmf-dist/tex/latex-dev/base/ts1enc.dfu... 0.05 sec) 1.84 sec) 2.20 sec)
Info:unexpected:\documentstyle Entering LaTeX 2.09 Compatibility mode
	at 0303089.tex; line 5 col 0 - line 5 col 36
(Loading /usr/share/perl5/LaTeXML/Package/article.cls.ltxml... 0.02 sec)
(Loading /usr/share/perl5/LaTeXML/Package/revtex.sty.ltxml...
(Loading /usr/share/perl5/LaTeXML/Package/natbib.sty.ltxml... 0.03 sec)
(Loading /usr/share/perl5/LaTeXML/Package/revtex3_support.sty.ltxml...
(Loading /usr/share/perl5/LaTeXML/Package/revtex4_support.sty.ltxml...
(Loading /usr/share/perl5/LaTeXML/Package/hyperref.sty.ltxml...
(Loading /usr/share/perl5/LaTeXML/Package/keyval.sty.ltxml...
(Processing definitions /usr/share/texlive/texmf-dist/tex/latex-dev/graphics/keyval.sty... 0.02 sec) 0.03 sec)
(Loading /usr/share/perl5/LaTeXML/Package/nameref.sty.ltxml... 0.00 sec)
(Loading /usr/share/perl5/LaTeXML/Package/url.sty.ltxml... 0.00 sec) 0.12 sec)
(Loading /usr/share/perl5/LaTeXML/Package/revsymb.sty.ltxml... 0.01 sec)
(Loading /usr/share/perl5/LaTeXML/Package/longtable.sty.ltxml... 0.01 sec)
(Loading /usr/share/perl5/LaTeXML/Package/dcolumn.sty.ltxml...
(Loading /usr/share/perl5/LaTeXML/Package/array.sty.ltxml... 0.00 sec) 0.02 sec) 0.22 sec) 0.24 sec) 0.28 sec)
(Loading /usr/share/perl5/LaTeXML/Package/multicol.sty.ltxml... 0.00 sec)
Info:unexpected:aps Unexpected option 'aps' passed to revtex.cls
	at 0303089.tex; line 6 col 0 - line 6 col 1
Info:note:OmniBus Loading OmniBus class to attempt to cover missing options
	at 0303089.tex; line 6 col 0 - line 6 col 1
(Loading /usr/share/perl5/LaTeXML/Package/OmniBus.cls.ltxml...
(Loading /usr/share/perl5/LaTeXML/Package/inst_support.sty.ltxml... 0.01 sec)
(Loading /usr/share/perl5/LaTeXML/Package/epsf.sty.ltxml... 0.01 sec)
(Loading /usr/share/perl5/LaTeXML/Package/graphicx.sty.ltxml...
(Loading /usr/share/perl5/LaTeXML/Package/graphics.sty.ltxml... 0.01 sec) 0.05 sec)
(Loading /usr/share/perl5/LaTeXML/Package/aas_macros.sty.ltxml... 0.00 sec) 0.11 sec) 8.40 sec) 8.66 sec)
(Building...
(Loading compiled schema /usr/share/perl5/LaTeXML/resources/RelaxNG/LaTeXML.model... 0.01 sec)
Warning:unexpected:eqnarray Unrecognized equation patterns (1) in eqnarray
	at 0303089.tex; line 376 col 1 - line 376 col 1
	In Core::Definition::Constructor[\@@eqna... /usr/share/perl5/LaTeXML/Package/LaTeX.pool.ltxml; line 2290
 5.14 sec)
(Rewriting... 0.16 sec)
(Math Parsing 325 formulae ......
Warning:not_parsed:>PUNCT MathParser failed to match rule 'Subscript'
	at 0303089.tex; line 254 col 54 - line 254 col 54
	In "$S_{0}^{\prime\prime}=S_{,\beta\beta|\beta_{0}}$"
	> ,[[PUNCT]] β[[UNKNOWN]] β[[UNKNOWN]] |[[VERTBAR]] β[[UNKNOWN]] _{0}[[POSTSUBSCRIPT]]
Warning:not_parsed:ATOM>MULOP MathParser failed to match rule 'Anything'
	at 0303089.tex; line 519 col 10 - line 521 col 1
	In "$\displaystyle\frac{\Omega_{\Delta-2}}{(\Delta-1)\kappa^{(\Delta-1)/\alpha}(2%
	\pi\hbar)^{(\Delta-1)}}\times$"
	\frac{\Omega_{\Delta-2}}{(\Delta-1)\kappa^{(\Delta-1)/\alpha}(2\pi\hbar)^{(\Delta-1)}}[[UNKNOWN]]
	        > ×[[MULOP]]
Warning:not_parsed:ADDOP.NUMBER.CLOSE>MULOP MathParser failed to match rule 'Anything'
	at 0303089.tex; line 521 col 8 - line 523 col 1
	In "$\displaystyle\zeta\left(\frac{\Delta-1}{\alpha}+1\right)\Gamma\left(\frac{%
	\Delta-1}{\alpha}+1\right)\times$"
	ζ[[UNKNOWN]] \left([[OPEN]] \frac{\Delta-1}{\alpha}[[UNKNOWN]] +[[ADDOP]] 1[[NUMBER]] \right)[[CLOSE]] Γ[[UNKNOWN]] \left([[OPEN]] \frac{\Delta-1}{\alpha}[[UNKNOWN]] +[[ADDOP]] 1[[NUMBER]] \right)[[CLOSE]]
	        > ×[[MULOP]]
Warning:not_parsed:MULOP.SUMOP.POSTSUBSCRIPT>UNKNOWN MathParser failed to match rule 'Anything'
	at 0303089.tex; line 814 col 9 - line 815 col 3
	In "$\displaystyle\times\sum_{i}M_{i}^{(d-2)/(d-1)}~{},$"
	×[[MULOP]] ∑[[SUMOP]] _{i}[[POSTSUBSCRIPT]]
	        > M[[UNKNOWN]] _{i}[[POSTSUBSCRIPT]] ^{(d-2)/(d-1)}[[POSTSUPERSCRIPT]]
 14.56 sec)
Math parsing succeeded:
   ltx:XMath: 322/325
   ltx:XMArg: 1090/1091
Symbols assumed as simple identifiers (with # of occurences):
   'A{italic}' (12), 'B{italic}' (62), 'C{italic}' (13), 'Delta' (81), 'E{caligraphic}' (1), 'E{italic}' (36), 'F{italic}' (8), 'Gamma' (7), 'G{italic}' (24), 'H{italic}' (62), 'Lambda' (1), 'M{italic}' (29), 'N{caligraphic}' (2), 'N{italic}' (3), 'Omega' (47), 'P{italic}' (27), 'R{italic}' (10), 'Sigma' (2), 'S{caligraphic}' (8), 'S{italic}' (108), 'T{italic}' (63), 'V{italic}' (23), 'Z{italic}' (24), 'alpha' (59), 'a{italic}' (29), 'beta' (52), 'b{italic}' (2), 'c{italic}' (75), 'delta' (4), 'd{italic}' (265), 'ell' (81), 'epsilon' (26), 'e{italic}' (22), 'f{italic}' (1), 'g{italic}' (16), 'i{italic}' (14), 'kappa' (4), 'k{italic}' (13), 'lambda' (3), 'ln' (1), 'l{italic}' (33), 'mu' (7), 'm{italic}' (6), 'n{italic}' (26), 'o{italic}' (7), 'pi' (47), 'p{italic}' (12), 'rho' (8), 'r{italic}' (76), 's{italic}' (31), 'theta' (2), 't{italic}' (28), 'x{italic}' (9), 'zeta' (5), 'z{italic}' (1)
Set MATHPARSER_SPECULATE to speculate on possible notations.
(Finalizing... 0.97 sec)
Conversion complete 5 warnings (See /home/user/latex-in-arxiv/0303089.latexml.log) (reqd. 30.13s)
