latexml (LaTeXML version 0.8.6) processing 2003/0303215.tex
(Digesting TeX 0303215...
(Loading /usr/share/perl5/LaTeXML/Package/TeX.pool.ltxml...
(Loading /usr/share/perl5/LaTeXML/Package/eTeX.pool.ltxml... 0.00 sec)
(Loading /usr/share/perl5/LaTeXML/Package/pdfTeX.pool.ltxml... 0.01 sec) 0.18 sec)
(Processing content /home/user/latex-in-arxiv/2003/0303215.tex...
(Loading /usr/share/perl5/LaTeXML/Package/LaTeX.pool.ltxml...
(Loading /usr/share/perl5/LaTeXML/Package/textcomp.sty.ltxml...
(Processing definitions /usr/share/texlive/texmf-dist/tex/latex-dev/base/ts1enc.dfu... 0.03 sec) 1.39 sec) 1.65 sec)
(Loading /usr/share/perl5/LaTeXML/Package/article.cls.ltxml... 0.01 sec)
Info:unexpected:options Unused global options: thmsa
	at 0303215.tex; line 13 col 0 - line 13 col 16
 6.41 sec) 6.60 sec)
(Building...
(Loading compiled schema /usr/share/perl5/LaTeXML/resources/RelaxNG/LaTeXML.model... 0.01 sec) 5.06 sec)
(Rewriting... 0.20 sec)
(Math Parsing 428 formulae ......
Warning:not_parsed:UNKNOWN.POSTSUBSCRIPT>OPEN MathParser failed to match rule 'Anything'
	at 0303215.tex; line 62 col 42 - line 62 col 51
	In "$U_{q}(sl(2)$"
	U[[UNKNOWN]] _{q}[[POSTSUBSCRIPT]]
	        > ([[OPEN]] s[[UNKNOWN]] l[[UNKNOWN]] ([[OPEN]] 2[[NUMBER]] )[[CLOSE]]
Warning:not_parsed:UNKNOWN.RELOP.UNKNOWN>CLOSE MathParser failed to match rule 'Anything'
	at 0303215.tex; line 62 col 57 - line 62 col 61
	In "$Q=q)$"
	Q[[UNKNOWN]] =[[RELOP]] q[[UNKNOWN]]
	        > )[[CLOSE]]
Warning:not_parsed:>OPEN MathParser failed to match rule 'Anything'
	at 0303215.tex; line 122 col 21 - line 122 col 23
	In "$[[$"
	> [[[OPEN]] [[[OPEN]]
Warning:not_parsed:>CLOSE MathParser failed to match rule 'Anything'
	at 0303215.tex; line 122 col 26 - line 122 col 28
	In "$]]$"
	> ][[CLOSE]] ][[CLOSE]]
Warning:not_parsed:RELOP.ADDOP.NUMBER>CLOSE MathParser failed to match rule 'Anything'
	at 0303215.tex; line 136 col 68 - line 136 col 76
	In "$q^{k}=-1).$"
	q[[UNKNOWN]] ^{k}[[POSTSUPERSCRIPT]] =[[RELOP]] -[[ADDOP]] 1[[NUMBER]]
	        > )[[CLOSE]]
Warning:not_parsed:UNKNOWN.UNKNOWN.UNKNOWN>OPEN MathParser failed to match rule 'Anything'
	at 0303215.tex; line 137 col 32 - line 137 col 38
	In "$eqs(6,$"
	e[[UNKNOWN]] q[[UNKNOWN]] s[[UNKNOWN]]
	        > ([[OPEN]] 6[[NUMBER]]
Warning:not_parsed:NUMBER>CLOSE MathParser failed to match rule 'Anything'
	at 0303215.tex; line 137 col 41 - line 137 col 43
	In "$7)$"
	7[[NUMBER]]
	        > )[[CLOSE]]
Warning:not_parsed:>OPEN MathParser failed to match rule 'Anything'
	at 0303215.tex; line 199 col 27 - line 199 col 29
	In "$(k$"
	> ([[OPEN]] k[[UNKNOWN]]
Warning:not_parsed:>OPEN MathParser failed to match rule 'Anything'
	at 0303215.tex; line 231 col 0 - line 235 col 14
	In "\begin{equation}[Q^{-N_{B}}B^{-},[Q^{-N_{B}}B^{-},[....[Q^{-N_{B}}B^{-},(B^{+}%
	)^{k}]_{Q^{2k}}...]_{Q^{4}}]_{Q^{2}}]=Q^{\frac{k(k-1)}{2}}[k]!\end{equation}"
	> [[[OPEN]] Q[[UNKNOWN]] ^{-N_{B}}[[POSTSUPERSCRIPT]] B[[UNKNOWN]] ^{-}[[POSTSUPERSCRIPT]] ,[[PUNCT]] [[[OPEN]] Q[[UNKNOWN]] ^{-N_{B}}[[POSTSUPERSCRIPT]] B[[UNKNOWN]] ^{-}[[POSTSUPERSCRIPT]] ,[[PUNCT]] [[[OPEN]] ...[[ID]] .[[PERIOD]] [[[OPEN]] Q[[UNKNOWN]] ^{-N_{B}}[[POSTSUPERSCRIPT]] B[[UNKNOWN]] ^{-}[[POSTSUPERSCRIPT]] ,[[PUNCT]] ([[OPEN]] B[[UNKNOWN]] ^{+}[[POSTSUPERSCRIPT]] )[[CLOSE]] ^{k}[[POSTSUPERSCRIPT]] ][[CLOSE]] _{Q^{2k}}[[POSTSUBSCRIPT]] ...[[ID]] ][[CLOSE]] _{Q^{4}}[[POSTSUBSCRIPT]] ][[CLOSE]] _{Q^{2}}[[POSTSUBSCRIPT]] ][[CLOSE]] =[[RELOP]] Q[[UNKNOWN]] ^{\frac{k(k-1)}{2}}[[POSTSUPERSCRIPT]] [[[OPEN]] k[[UNKNOWN]] ][[CLOSE]] ![[POSTFIX]]
Warning:not_parsed:ATOM.UNKNOWN.POSTSUPERSCRIPT>OPEN MathParser failed to match rule 'Anything'
	at 0303215.tex; line 261 col 0 - line 264 col 2
	In "$$lim\,_{Q\rightarrow q}\frac{1}{k}Q^{-N_{B}}[Q^{-N_{B}}B^{-},[Q^{-N_{B}}B^{-}%
	,[....[Q^{-N_{B}}B^{-},(B^{+})^{k}]_{Q^{2k}}...]_{Q^{4}}]_{Q^{2}}]$$"
	l[[UNKNOWN]] i[[UNKNOWN]] m[[UNKNOWN]] _{Q\rightarrowq}[[POSTSUBSCRIPT]] \frac{1}{k}[[UNKNOWN]] Q[[UNKNOWN]] ^{-N_{B}}[[POSTSUPERSCRIPT]]
	        > [[[OPEN]] Q[[UNKNOWN]] ^{-N_{B}}[[POSTSUPERSCRIPT]] B[[UNKNOWN]] ^{-}[[POSTSUPERSCRIPT]] ,[[PUNCT]] [[[OPEN]] Q[[UNKNOWN]] ^{-N_{B}}[[POSTSUPERSCRIPT]] B[[UNKNOWN]] ^{-}[[POSTSUPERSCRIPT]] ,[[PUNCT]] [[[OPEN]] ...[[ID]] .[[PERIOD]] [[[OPEN]] Q[[UNKNOWN]] ^{-N_{B}}[[POSTSUPERSCRIPT]] B[[UNKNOWN]] ^{-}[[POSTSUPERSCRIPT]] ,[[PUNCT]] ([[OPEN]] B[[UNKNOWN]] ^{+}[[POSTSUPERSCRIPT]] )[[CLOSE]] ^{k}[[POSTSUPERSCRIPT]] ][[CLOSE]] _{Q^{2k}}[[POSTSUBSCRIPT]] ...[[ID]] ][[CLOSE]] _{Q^{4}}[[POSTSUBSCRIPT]] ][[CLOSE]] _{Q^{2}}[[POSTSUBSCRIPT]] ][[CLOSE]]
Warning:not_parsed:>OPEN MathParser failed to match rule 'Anything'
	at 0303215.tex; line 335 col 13 - line 335 col 26
	In "$\{b^{+},b^{-},$"
	> \{[[OPEN]] b[[UNKNOWN]] ^{+}[[POSTSUPERSCRIPT]] ,[[PUNCT]] b[[UNKNOWN]] ^{-}[[POSTSUPERSCRIPT]]
Warning:not_parsed:UNKNOWN.POSTSUBSCRIPT>CLOSE MathParser failed to match rule 'Anything'
	at 0303215.tex; line 335 col 29 - line 335 col 35
	In "$N_{b}\}.$"
	N[[UNKNOWN]] _{b}[[POSTSUBSCRIPT]]
	        > \}[[CLOSE]]
Warning:not_parsed:>OPEN MathParser failed to match rule 'Anything'
	at 0303215.tex; line 399 col 14 - line 399 col 19
	In "$\{e_{i},$"
	> \{[[OPEN]] e[[UNKNOWN]] _{i}[[POSTSUBSCRIPT]]
Warning:not_parsed:UNKNOWN>CLOSE MathParser failed to match rule 'Anything'
	at 0303215.tex; line 400 col 2 - line 400 col 5
	In "$n\}$"
	n[[UNKNOWN]]
	        > \}[[CLOSE]]
Warning:not_parsed:>OPEN MathParser failed to match rule 'Anything'
	at 0303215.tex; line 474 col 52 - line 474 col 77
	In "$\{b_{i}^{+},b_{i}^{-},N_{b_{i}},$"
	> \{[[OPEN]] b[[UNKNOWN]] _{i}[[POSTSUBSCRIPT]] ^{+}[[POSTSUPERSCRIPT]] ,[[PUNCT]] b[[UNKNOWN]] _{i}[[POSTSUBSCRIPT]] ^{-}[[POSTSUPERSCRIPT]] ,[[PUNCT]] N[[UNKNOWN]] _{b_{i}}[[POSTSUBSCRIPT]]
Warning:not_parsed:UNKNOWN.RELOP.UNKNOWN>CLOSE MathParser failed to match rule 'Anything'
	at 0303215.tex; line 475 col 2 - line 475 col 17
	In "$1\leq i\leq n\}$"
	1[[NUMBER]] ≤[[RELOP]] i[[UNKNOWN]] ≤[[RELOP]] n[[UNKNOWN]]
	        > \}[[CLOSE]]
Warning:not_parsed:UNKNOWN.UNKNOWN.UNKNOWN>OPEN MathParser failed to match rule 'Anything'
	at 0303215.tex; line 475 col 33 - line 475 col 40
	In "$eqs(26,$"
	e[[UNKNOWN]] q[[UNKNOWN]] s[[UNKNOWN]]
	        > ([[OPEN]] 26[[NUMBER]]
Warning:not_parsed:NUMBER>CLOSE MathParser failed to match rule 'Anything'
	at 0303215.tex; line 475 col 43 - line 475 col 46
	In "$27)$"
	27[[NUMBER]]
	        > )[[CLOSE]]
Warning:not_parsed:>OPEN MathParser failed to match rule 'Anything'
	at 0303215.tex; line 476 col 2 - line 476 col 27
	In "$\{A_{i}^{+},A_{i}^{-},N_{A_{i}},$"
	> \{[[OPEN]] A[[UNKNOWN]] _{i}[[POSTSUBSCRIPT]] ^{+}[[POSTSUPERSCRIPT]] ,[[PUNCT]] A[[UNKNOWN]] _{i}[[POSTSUBSCRIPT]] ^{-}[[POSTSUPERSCRIPT]] ,[[PUNCT]] N[[UNKNOWN]] _{A_{i}}[[POSTSUBSCRIPT]]
Warning:not_parsed:UNKNOWN.RELOP.UNKNOWN>CLOSE MathParser failed to match rule 'Anything'
	at 0303215.tex; line 476 col 30 - line 476 col 45
	In "$1\leq i\leq n\}$"
	1[[NUMBER]] ≤[[RELOP]] i[[UNKNOWN]] ≤[[RELOP]] n[[UNKNOWN]]
	        > \}[[CLOSE]]
Warning:not_parsed:>OPEN MathParser failed to match rule 'Anything'
	at 0303215.tex; line 503 col 48 - line 503 col 73
	In "$\{A_{i}^{+},A_{i}^{-},N_{A_{i}},$"
	> \{[[OPEN]] A[[UNKNOWN]] _{i}[[POSTSUBSCRIPT]] ^{+}[[POSTSUPERSCRIPT]] ,[[PUNCT]] A[[UNKNOWN]] _{i}[[POSTSUBSCRIPT]] ^{-}[[POSTSUPERSCRIPT]] ,[[PUNCT]] N[[UNKNOWN]] _{A_{i}}[[POSTSUBSCRIPT]]
Warning:not_parsed:UNKNOWN.ADDOP.NUMBER>CLOSE MathParser failed to match rule 'Anything'
	at 0303215.tex; line 504 col 1 - line 504 col 18
	In "$1\leq i\leq n+1\}$"
	1[[NUMBER]] ≤[[RELOP]] i[[UNKNOWN]] ≤[[RELOP]] n[[UNKNOWN]] +[[ADDOP]] 1[[NUMBER]]
	        > \}[[CLOSE]]
Warning:not_parsed:>OPEN MathParser failed to match rule 'Anything'
	at 0303215.tex; line 611 col 11 - line 611 col 23
	In "$\{E_{i},F_{i},H_{i}$"
	> \{[[OPEN]] E[[UNKNOWN]] _{i}[[POSTSUBSCRIPT]] ,[[PUNCT]] F[[UNKNOWN]] _{i}[[POSTSUBSCRIPT]] ,[[PUNCT]] H[[UNKNOWN]] _{i}[[POSTSUBSCRIPT]]
Warning:not_parsed:UNKNOWN.RELOP.UNKNOWN>CLOSE MathParser failed to match rule 'Anything'
	at 0303215.tex; line 611 col 30 - line 611 col 45
	In "$0\leq i\leq n\}$"
	0[[NUMBER]] ≤[[RELOP]] i[[UNKNOWN]] ≤[[RELOP]] n[[UNKNOWN]]
	        > \}[[CLOSE]]
Warning:not_parsed:>OPEN MathParser failed to match rule 'Anything'
	at 0303215.tex; line 858 col 2 - line 858 col 5
	In "$[14$"
	> [[[OPEN]] 14[[NUMBER]]
 8.75 sec)
Math parsing succeeded:
   ltx:XMath: 403/428
   ltx:XMArg: 1093/1093
Symbols assumed as simple identifiers (with # of occurences):
   'A{italic}' (86), 'B{italic}' (86), 'C{italic}' (4), 'Delta' (7), 'D{italic}' (2), 'E{italic}' (14), 'F{italic}' (70), 'H{italic}' (7), 'I{italic}' (2), 'K{italic}' (7), 'N{italic}' (118), 'Q{italic}' (129), 'Sigma' (3), 'U{italic}' (64), 'Xi' (2), 'alpha' (4), 'a{italic}' (12), 'beta' (4), 'b{italic}' (59), 'delta' (3), 'd{italic}' (11), 'e{italic}' (41), 'f{italic}' (47), 'h{italic}' (15), 'i{italic}' (117), 'j{italic}' (16), 'k{italic}' (84), 'l{italic}' (21), 'm{italic}' (12), 'n{italic}' (153), 'pi' (4), 'q{italic}' (75), 's{italic}' (16)
Set MATHPARSER_SPECULATE to speculate on possible notations.
(Finalizing... 0.64 sec)
Conversion complete 25 warnings (See /home/user/latex-in-arxiv/0303215.latexml.log) (reqd. 21.80s)
