latexml (LaTeXML version 0.8.6) processing 2003/0303195.tex
(Digesting TeX 0303195...
(Loading /usr/share/perl5/LaTeXML/Package/TeX.pool.ltxml...
(Loading /usr/share/perl5/LaTeXML/Package/eTeX.pool.ltxml... 0.01 sec)
(Loading /usr/share/perl5/LaTeXML/Package/pdfTeX.pool.ltxml... 0.01 sec) 0.28 sec)
(Processing content /home/user/latex-in-arxiv/2003/0303195.tex...
(Loading /usr/share/perl5/LaTeXML/Package/LaTeX.pool.ltxml...
(Loading /usr/share/perl5/LaTeXML/Package/textcomp.sty.ltxml...
(Processing definitions /usr/share/texlive/texmf-dist/tex/latex-dev/base/ts1enc.dfu... 0.05 sec) 1.99 sec) 2.35 sec)
(Loading /usr/share/perl5/LaTeXML/Package/revtex4.cls.ltxml...
(Loading /usr/share/perl5/LaTeXML/Package/article.cls.ltxml... 0.02 sec)
(Loading /usr/share/perl5/LaTeXML/Package/revtex4_support.sty.ltxml...
(Loading /usr/share/perl5/LaTeXML/Package/hyperref.sty.ltxml...
(Loading /usr/share/perl5/LaTeXML/Package/keyval.sty.ltxml...
(Processing definitions /usr/share/texlive/texmf-dist/tex/latex-dev/graphics/keyval.sty... 0.03 sec) 0.03 sec)
(Loading /usr/share/perl5/LaTeXML/Package/nameref.sty.ltxml... 0.00 sec)
(Loading /usr/share/perl5/LaTeXML/Package/url.sty.ltxml... 0.00 sec) 0.13 sec)
(Loading /usr/share/perl5/LaTeXML/Package/natbib.sty.ltxml... 0.03 sec)
(Loading /usr/share/perl5/LaTeXML/Package/revsymb.sty.ltxml... 0.01 sec)
(Loading /usr/share/perl5/LaTeXML/Package/longtable.sty.ltxml... 0.01 sec)
(Loading /usr/share/perl5/LaTeXML/Package/dcolumn.sty.ltxml...
(Loading /usr/share/perl5/LaTeXML/Package/array.sty.ltxml... 0.00 sec) 0.02 sec) 0.26 sec) 0.84 sec)
(Loading /usr/share/perl5/LaTeXML/Package/graphicx.sty.ltxml...
(Loading /usr/share/perl5/LaTeXML/Package/graphics.sty.ltxml... 0.01 sec) 0.05 sec) 5.89 sec) 6.18 sec)
(Building...
(Loading compiled schema /usr/share/perl5/LaTeXML/resources/RelaxNG/LaTeXML.model... 0.02 sec) 3.02 sec)
(Rewriting... 0.09 sec)
(Math Parsing 112 formulae ...... 5.64 sec)
Math parsing succeeded:
   ltx:XMath: 112/112
   ltx:XMArg: 372/372
Symbols assumed as simple identifiers (with # of occurences):
   'A{italic}' (33), 'Delta' (4), 'E{italic}' (20), 'F{italic}' (21), 'G{italic}' (14), 'H{italic}' (16), 'I{italic}' (4), 'J{italic}' (19), 'K{italic}' (17), 'L{caligraphic}' (8), 'R{italic}' (32), 'S{italic}' (3), 'T{italic}' (2), 'U{italic}' (1), 'alpha' (5), 'a{italic}' (8), 'beta' (1), 'delta' (7), 'epsilon' (9), 'f{italic}' (17), 'g{italic}' (1), 'i{italic}' (23), 'j{italic}' (12), 'k{italic}' (4), 'mu' (25), 'nu' (17), 'pi' (3), 'r{italic}' (26), 'theta' (18), 't{italic}' (41), 'xi' (22), 'x{bold}' (5), 'x{italic}' (36)
Set MATHPARSER_SPECULATE to speculate on possible notations.
(Finalizing... 0.54 sec)
Conversion complete No obvious problems (reqd. 16.03s)
