latexml (LaTeXML version 0.8.6) processing 2003/0303187.tex
(Digesting TeX 0303187...
(Loading /usr/share/perl5/LaTeXML/Package/TeX.pool.ltxml...
(Loading /usr/share/perl5/LaTeXML/Package/eTeX.pool.ltxml... 0.00 sec)
(Loading /usr/share/perl5/LaTeXML/Package/pdfTeX.pool.ltxml... 0.01 sec) 0.11 sec)
(Processing content /home/user/latex-in-arxiv/2003/0303187.tex...
(Loading /usr/share/perl5/LaTeXML/Package/LaTeX.pool.ltxml...
(Loading /usr/share/perl5/LaTeXML/Package/textcomp.sty.ltxml...
(Processing definitions /usr/share/texlive/texmf-dist/tex/latex-dev/base/ts1enc.dfu... 0.02 sec) 0.99 sec) 1.15 sec)
(Loading /usr/share/perl5/LaTeXML/Package/article.cls.ltxml... 0.01 sec)
(Loading /usr/share/perl5/LaTeXML/Package/amssymb.sty.ltxml...
(Loading /usr/share/perl5/LaTeXML/Package/amsfonts.sty.ltxml... 0.00 sec) 0.01 sec) 9.82 sec) 9.97 sec)
(Building...
(Loading compiled schema /usr/share/perl5/LaTeXML/resources/RelaxNG/LaTeXML.model... 0.01 sec)
Info:malformed:id Duplicated attribute xml:id
	at 0303187.tex; line 2259 col 37 - line 2259 col 37
	Using id='S4.E43a' on <ltx:XMRow _box="Alignment[]" _font="Font[math,medium,italic,10,bla..."/>
	id='S4.E43' already set on <ltx:equation _box="LaTeXML::Core::Alignment=HASH(..." _font="Font[serif,medium,upright,10,b..." xml:id="S4.E43" _ID_counter_m_="1">...
 10.69 sec)
(Rewriting... 0.48 sec)
(Math Parsing 797 formulae ......
Warning:not_parsed:FLOATSUPERSCRIPT>OPEN MathParser failed to match rule 'Anything'
	at 0303187.tex; line 319 col 2 - line 319 col 2
	In "$\displaystyle{}^{\rm out}\langle p|k\rangle^{\rm in}={}^{\rm out}\langle p|{%
	\bf S}^{(1)}|k\rangle^{\rm out}=\@@ENDINLINEMATH"
	{}^{\rmout}[[FLOATSUPERSCRIPT]]
	        > \langle[[OPEN]] p[[UNKNOWN]] |[[VERTBAR]] k[[UNKNOWN]] \rangle[[CLOSE]] ^{\rmin}[[POSTSUPERSCRIPT]] =[[RELOP]] {}^{\rmout}[[FLOATSUPERSCRIPT]] \langle[[OPEN]] p[[UNKNOWN]] |[[VERTBAR]] S[[UNKNOWN]] ^{(1)}[[POSTSUPERSCRIPT]] |[[VERTBAR]] k[[UNKNOWN]] \rangle[[CLOSE]] ^{\rmout}[[POSTSUPERSCRIPT]] =[[RELOP]]
Warning:not_parsed:FLOATSUPERSCRIPT>OPEN MathParser failed to match rule 'Anything'
	at 0303187.tex; line 319 col 2 - line 321 col 1
	In "$\displaystyle{}^{\rm out}\langle p|k\rangle^{\rm in}={}^{\rm out}\langle p|{%
	\bf S}^{(1)}|k\rangle^{\rm out}=$"
	{}^{\rmout}[[FLOATSUPERSCRIPT]]
	        > \langle[[OPEN]] p[[UNKNOWN]] |[[VERTBAR]] k[[UNKNOWN]] \rangle[[CLOSE]] ^{\rmin}[[POSTSUPERSCRIPT]] =[[RELOP]] {}^{\rmout}[[FLOATSUPERSCRIPT]] \langle[[OPEN]] p[[UNKNOWN]] |[[VERTBAR]] S[[UNKNOWN]] ^{(1)}[[POSTSUPERSCRIPT]] |[[VERTBAR]] k[[UNKNOWN]] \rangle[[CLOSE]] ^{\rmout}[[POSTSUPERSCRIPT]] =[[RELOP]]
Warning:not_parsed:FLOATSUPERSCRIPT>OPEN MathParser failed to match rule 'Anything'
	at 0303187.tex; line 337 col 0 - line 342 col 3
	In "\begin{equation}{}^{\rm out}\langle p_{1},...,p_{n}|k_{1},...,k_{n}\rangle^{%
	\rm in}={}^{\rm out}\langle p_{1},...,p_{n}|{\bf S}^{(n)}|k_{1},...,k_{n}%
	\rangle^{\rm out}=\prod_{i=1}^{n}{}^{\rm out}\langle p_{i}|k_{i}\rangle^{\rm in%
	}\,.\end{equation}"
	{}^{\rmout}[[FLOATSUPERSCRIPT]]
	        > \langle[[OPEN]] p[[UNKNOWN]] _{1}[[POSTSUBSCRIPT]] ,[[PUNCT]] ...[[ID]] ,[[PUNCT]] p[[UNKNOWN]] _{n}[[POSTSUBSCRIPT]] |[[VERTBAR]] k[[UNKNOWN]] _{1}[[POSTSUBSCRIPT]] ,[[PUNCT]] ...[[ID]] ,[[PUNCT]] k[[UNKNOWN]] _{n}[[POSTSUBSCRIPT]] \rangle[[CLOSE]] ^{\rmin}[[POSTSUPERSCRIPT]] =[[RELOP]] {}^{\rmout}[[FLOATSUPERSCRIPT]] \langle[[OPEN]] p[[UNKNOWN]] _{1}[[POSTSUBSCRIPT]] ,[[PUNCT]] ...[[ID]] ,[[PUNCT]] p[[UNKNOWN]] _{n}[[POSTSUBSCRIPT]] |[[VERTBAR]] S[[UNKNOWN]] ^{(n)}[[POSTSUPERSCRIPT]] |[[VERTBAR]] k[[UNKNOWN]] _{1}[[POSTSUBSCRIPT]] ,[[PUNCT]] ...[[ID]] ,[[PUNCT]] k[[UNKNOWN]] _{n}[[POSTSUBSCRIPT]] \rangle[[CLOSE]] ^{\rmout}[[POSTSUPERSCRIPT]] =[[RELOP]] ∏[[SUMOP]] _{i=1}[[POSTSUBSCRIPT]] ^{n}[[POSTSUPERSCRIPT]] {}^{\rmout}[[FLOATSUPERSCRIPT]] \langle[[OPEN]] p[[UNKNOWN]] _{i}[[POSTSUBSCRIPT]] |[[VERTBAR]] k[[UNKNOWN]] ...
Warning:not_parsed:POSTSUPERSCRIPT.UNKNOWN.UNKNOWN>OPEN MathParser failed to match rule 'Anything'
	at 0303187.tex; line 447 col 2 - line 447 col 2
	In "$\displaystyle S[\varphi]=\frac{1}{2}\int_{-\infty}^{+\infty}dt\int_{-\infty}^%
	{+\infty}dx[(\partial_{t}\varphi)^{2}(t,x)-(\partial_{x}\varphi)^{2}(t,x)\@@ENDINLINEMATH"
	S[[UNKNOWN]] [[[OPEN]] φ[[UNKNOWN]] ][[CLOSE]] =[[RELOP]] \frac{1}{2}[[UNKNOWN]] ∫[[INTOP]] _{-\infty}[[POSTSUBSCRIPT]] ^{+\infty}[[POSTSUPERSCRIPT]] d[[UNKNOWN]] t[[UNKNOWN]] ∫[[INTOP]] _{-\infty}[[POSTSUBSCRIPT]] ^{+\infty}[[POSTSUPERSCRIPT]] d[[UNKNOWN]] x[[UNKNOWN]]
	        > [[[OPEN]] ([[OPEN]] ∂[[OPERATOR]] _{t}[[POSTSUBSCRIPT]] φ[[UNKNOWN]] )[[CLOSE]] ^{2}[[POSTSUPERSCRIPT]] ([[OPEN]] t[[UNKNOWN]] ,[[PUNCT]] x[[UNKNOWN]] )[[CLOSE]] -[[ADDOP]] ([[OPEN]] ∂[[OPERATOR]] _{x}[[POSTSUBSCRIPT]] φ[[UNKNOWN]] )[[CLOSE]] ^{2}[[POSTSUPERSCRIPT]] ([[OPEN]] t[[UNKNOWN]] ,[[PUNCT]] x[[UNKNOWN]] )[[CLOSE]]
Warning:not_parsed:POSTSUPERSCRIPT.UNKNOWN.UNKNOWN>OPEN MathParser failed to match rule 'Anything'
	at 0303187.tex; line 447 col 2 - line 450 col 1
	In "$\displaystyle S[\varphi]=\frac{1}{2}\int_{-\infty}^{+\infty}dt\int_{-\infty}^%
	{+\infty}dx[(\partial_{t}\varphi)^{2}(t,x)-(\partial_{x}\varphi)^{2}(t,x)$"
	S[[UNKNOWN]] [[[OPEN]] φ[[UNKNOWN]] ][[CLOSE]] =[[RELOP]] \frac{1}{2}[[UNKNOWN]] ∫[[INTOP]] _{-\infty}[[POSTSUBSCRIPT]] ^{+\infty}[[POSTSUPERSCRIPT]] d[[UNKNOWN]] t[[UNKNOWN]] ∫[[INTOP]] _{-\infty}[[POSTSUBSCRIPT]] ^{+\infty}[[POSTSUPERSCRIPT]] d[[UNKNOWN]] x[[UNKNOWN]]
	        > [[[OPEN]] ([[OPEN]] ∂[[OPERATOR]] _{t}[[POSTSUBSCRIPT]] φ[[UNKNOWN]] )[[CLOSE]] ^{2}[[POSTSUPERSCRIPT]] ([[OPEN]] t[[UNKNOWN]] ,[[PUNCT]] x[[UNKNOWN]] )[[CLOSE]] -[[ADDOP]] ([[OPEN]] ∂[[OPERATOR]] _{x}[[POSTSUBSCRIPT]] φ[[UNKNOWN]] )[[CLOSE]] ^{2}[[POSTSUPERSCRIPT]] ([[OPEN]] t[[UNKNOWN]] ,[[PUNCT]] x[[UNKNOWN]] )[[CLOSE]]
Warning:not_parsed:PUNCT.UNKNOWN.CLOSE>CLOSE MathParser failed to match rule 'Anything'
	at 0303187.tex; line 450 col 2 - line 450 col 2
	In "$\displaystyle-m^{2}\varphi^{2}(t,x)-2\eta\delta(x)\varphi^{2}(t,x)]\,,\@@ENDINLINEMATH"
	-[[ADDOP]] m[[UNKNOWN]] ^{2}[[POSTSUPERSCRIPT]] φ[[UNKNOWN]] ^{2}[[POSTSUPERSCRIPT]] ([[OPEN]] t[[UNKNOWN]] ,[[PUNCT]] x[[UNKNOWN]] )[[CLOSE]] -[[ADDOP]] 2[[NUMBER]] η[[UNKNOWN]] δ[[UNKNOWN]] ([[OPEN]] x[[UNKNOWN]] )[[CLOSE]] φ[[UNKNOWN]] ^{2}[[POSTSUPERSCRIPT]] ([[OPEN]] t[[UNKNOWN]] ,[[PUNCT]] x[[UNKNOWN]] )[[CLOSE]]
	        > ][[CLOSE]]
Warning:not_parsed:PUNCT.UNKNOWN.CLOSE>CLOSE MathParser failed to match rule 'Anything'
	at 0303187.tex; line 450 col 2 - line 452 col 4
	In "$\displaystyle-m^{2}\varphi^{2}(t,x)-2\eta\delta(x)\varphi^{2}(t,x)]\,,$"
	-[[ADDOP]] m[[UNKNOWN]] ^{2}[[POSTSUPERSCRIPT]] φ[[UNKNOWN]] ^{2}[[POSTSUPERSCRIPT]] ([[OPEN]] t[[UNKNOWN]] ,[[PUNCT]] x[[UNKNOWN]] )[[CLOSE]] -[[ADDOP]] 2[[NUMBER]] η[[UNKNOWN]] δ[[UNKNOWN]] ([[OPEN]] x[[UNKNOWN]] )[[CLOSE]] φ[[UNKNOWN]] ^{2}[[POSTSUPERSCRIPT]] ([[OPEN]] t[[UNKNOWN]] ,[[PUNCT]] x[[UNKNOWN]] )[[CLOSE]]
	        > ][[CLOSE]]
Warning:not_parsed:ATOM.UNKNOWN.POSTSUPERSCRIPT>OPEN MathParser failed to match rule 'Anything'
	at 0303187.tex; line 508 col 6 - line 508 col 6
	In "$\displaystyle\int_{-\infty}^{+\infty}\frac{dk}{4\pi\omega(k)}{\rm e}^{-i%
	\omega(k)t_{12}}\Big{\{}\theta(x_{1})\theta(-x_{2})T(k){\rm e}^{ikx_{12}}+%
	\theta(-x_{1})\theta(x_{2}){\overline{T}}(k){\rm e}^{ikx_{12}}+\@@ENDINLINEMATH"
	∫[[INTOP]] _{-\infty}[[POSTSUBSCRIPT]] ^{+\infty}[[POSTSUPERSCRIPT]] \frac{dk}{4\pi\omega(k)}[[UNKNOWN]] e[[UNKNOWN]] ^{-i\omega(k)t_{12}}[[POSTSUPERSCRIPT]]
	        > \{[[OPEN]] θ[[UNKNOWN]] ([[OPEN]] x[[UNKNOWN]] _{1}[[POSTSUBSCRIPT]] )[[CLOSE]] θ[[UNKNOWN]] ([[OPEN]] -[[ADDOP]] x[[UNKNOWN]] _{2}[[POSTSUBSCRIPT]] )[[CLOSE]] T[[UNKNOWN]] ([[OPEN]] k[[UNKNOWN]] )[[CLOSE]] e[[UNKNOWN]] ^{ikx_{12}}[[POSTSUPERSCRIPT]] +[[ADDOP]] θ[[UNKNOWN]] ([[OPEN]] -[[ADDOP]] x[[UNKNOWN]] _{1}[[POSTSUBSCRIPT]] )[[CLOSE]] θ[[UNKNOWN]] ([[OPEN]] x[[UNKNOWN]] _{2}[[POSTSUBSCRIPT]] )[[CLOSE]] \overline{T}[[UNKNOWN]] ([[OPEN]] k[[UNKNOWN]] )[[CLOSE]] e[[UNKNOWN]] ^{ikx_{12}}[[POSTSUPERSCRIPT]] +[[ADDOP]]
Warning:not_parsed:ATOM.UNKNOWN.POSTSUPERSCRIPT>OPEN MathParser failed to match rule 'Anything'
	at 0303187.tex; line 508 col 6 - line 511 col 9
	In "$\displaystyle\int_{-\infty}^{+\infty}\frac{dk}{4\pi\omega(k)}{\rm e}^{-i%
	\omega(k)t_{12}}\Big{\{}\theta(x_{1})\theta(-x_{2})T(k){\rm e}^{ikx_{12}}+%
	\theta(-x_{1})\theta(x_{2}){\overline{T}}(k){\rm e}^{ikx_{12}}+$"
	∫[[INTOP]] _{-\infty}[[POSTSUBSCRIPT]] ^{+\infty}[[POSTSUPERSCRIPT]] \frac{dk}{4\pi\omega(k)}[[UNKNOWN]] e[[UNKNOWN]] ^{-i\omega(k)t_{12}}[[POSTSUPERSCRIPT]]
	        > \{[[OPEN]] θ[[UNKNOWN]] ([[OPEN]] x[[UNKNOWN]] _{1}[[POSTSUBSCRIPT]] )[[CLOSE]] θ[[UNKNOWN]] ([[OPEN]] -[[ADDOP]] x[[UNKNOWN]] _{2}[[POSTSUBSCRIPT]] )[[CLOSE]] T[[UNKNOWN]] ([[OPEN]] k[[UNKNOWN]] )[[CLOSE]] e[[UNKNOWN]] ^{ikx_{12}}[[POSTSUPERSCRIPT]] +[[ADDOP]] θ[[UNKNOWN]] ([[OPEN]] -[[ADDOP]] x[[UNKNOWN]] _{1}[[POSTSUBSCRIPT]] )[[CLOSE]] θ[[UNKNOWN]] ([[OPEN]] x[[UNKNOWN]] _{2}[[POSTSUBSCRIPT]] )[[CLOSE]] \overline{T}[[UNKNOWN]] ([[OPEN]] k[[UNKNOWN]] )[[CLOSE]] e[[UNKNOWN]] ^{ikx_{12}}[[POSTSUPERSCRIPT]] +[[ADDOP]]
Warning:not_parsed:UNKNOWN.POSTSUPERSCRIPT.CLOSE>CLOSE MathParser failed to match rule 'Anything'
	at 0303187.tex; line 512 col 8 - line 512 col 8
	In "$\displaystyle\theta(x_{1})\theta(x_{2})\left[{\rm e}^{ikx_{12}}+R(k){\rm e}^{%
	ik{\widetilde{x}}_{12}}\right]+\theta(-x_{1})\theta(-x_{2})\left[{\rm e}^{ikx_%
	{12}}+{\overline{R}}(k){\rm e}^{ik{\widetilde{x}}_{12}}\right]\Big{\}}+\@@ENDINLINEMATH"
	θ[[UNKNOWN]] ([[OPEN]] x[[UNKNOWN]] _{1}[[POSTSUBSCRIPT]] )[[CLOSE]] θ[[UNKNOWN]] ([[OPEN]] x[[UNKNOWN]] _{2}[[POSTSUBSCRIPT]] )[[CLOSE]] \left[[[OPEN]] e[[UNKNOWN]] ^{ikx_{12}}[[POSTSUPERSCRIPT]] +[[ADDOP]] R[[UNKNOWN]] ([[OPEN]] k[[UNKNOWN]] )[[CLOSE]] e[[UNKNOWN]] ^{ik{\widetilde{x}}_{12}}[[POSTSUPERSCRIPT]] \right][[CLOSE]] +[[ADDOP]] θ[[UNKNOWN]] ([[OPEN]] -[[ADDOP]] x[[UNKNOWN]] _{1}[[POSTSUBSCRIPT]] )[[CLOSE]] θ[[UNKNOWN]] ([[OPEN]] -[[ADDOP]] x[[UNKNOWN]] _{2}[[POSTSUBSCRIPT]] )[[CLOSE]] \left[[[OPEN]] e[[UNKNOWN]] ^{ikx_{12}}[[POSTSUPERSCRIPT]] +[[ADDOP]] \overline{R}[[UNKNOWN]] ([[OPEN]] k[[UNKNOWN]] )[[CLOSE]] e[[UNKNOWN]] ^{ik{\widetilde{x}}_{12}}[[POSTSUPERSCRIPT]] \right][[CLOSE]]
	        > \}[[CLOSE]] +[[ADDOP]]
Warning:not_parsed:UNKNOWN.POSTSUPERSCRIPT.CLOSE>CLOSE MathParser failed to match rule 'Anything'
	at 0303187.tex; line 512 col 8 - line 516 col 44
	In "$\displaystyle\theta(x_{1})\theta(x_{2})\left[{\rm e}^{ikx_{12}}+R(k){\rm e}^{%
	ik{\widetilde{x}}_{12}}\right]+\theta(-x_{1})\theta(-x_{2})\left[{\rm e}^{ikx_%
	{12}}+{\overline{R}}(k){\rm e}^{ik{\widetilde{x}}_{12}}\right]\Big{\}}+$"
	θ[[UNKNOWN]] ([[OPEN]] x[[UNKNOWN]] _{1}[[POSTSUBSCRIPT]] )[[CLOSE]] θ[[UNKNOWN]] ([[OPEN]] x[[UNKNOWN]] _{2}[[POSTSUBSCRIPT]] )[[CLOSE]] \left[[[OPEN]] e[[UNKNOWN]] ^{ikx_{12}}[[POSTSUPERSCRIPT]] +[[ADDOP]] R[[UNKNOWN]] ([[OPEN]] k[[UNKNOWN]] )[[CLOSE]] e[[UNKNOWN]] ^{ik{\widetilde{x}}_{12}}[[POSTSUPERSCRIPT]] \right][[CLOSE]] +[[ADDOP]] θ[[UNKNOWN]] ([[OPEN]] -[[ADDOP]] x[[UNKNOWN]] _{1}[[POSTSUBSCRIPT]] )[[CLOSE]] θ[[UNKNOWN]] ([[OPEN]] -[[ADDOP]] x[[UNKNOWN]] _{2}[[POSTSUBSCRIPT]] )[[CLOSE]] \left[[[OPEN]] e[[UNKNOWN]] ^{ikx_{12}}[[POSTSUPERSCRIPT]] +[[ADDOP]] \overline{R}[[UNKNOWN]] ([[OPEN]] k[[UNKNOWN]] )[[CLOSE]] e[[UNKNOWN]] ^{ik{\widetilde{x}}_{12}}[[POSTSUPERSCRIPT]] \right][[CLOSE]]
	        > \}[[CLOSE]] +[[ADDOP]]
Warning:not_parsed:>VERTBAR MathParser failed to match rule 'Anything'
	at 0303187.tex; line 670 col 10 - line 670 col 27
	In "$\parallel\cdot\parallel$"
	> ∥[[VERTBAR]] ⋅[[MULOP]] ∥[[VERTBAR]]
Warning:not_parsed:PUNCT.UNKNOWN.POSTSUBSCRIPT>CLOSE MathParser failed to match rule 'Anything'
	at 0303187.tex; line 683 col 3 - line 683 col 3
	In "$\displaystyle\{|g_{1},...,g_{m}\rangle^{\rm in}\,:g_{1}\prec\cdots\prec g_{m}%
	\,,\,m=1,2,...\}\,,\@@ENDINLINEMATH"
	{[[UNKNOWN]] |[[VERTBAR]] g[[UNKNOWN]] _{1}[[POSTSUBSCRIPT]] ,[[PUNCT]] ...[[ID]] ,[[PUNCT]] g[[UNKNOWN]] _{m}[[POSTSUBSCRIPT]]
	        > \rangle[[CLOSE]] ^{\rmin}[[POSTSUPERSCRIPT]] :[[METARELOP]] g[[UNKNOWN]] _{1}[[POSTSUBSCRIPT]] ≺[[RELOP]] ⋯[[ID]] ≺[[RELOP]] g[[UNKNOWN]] _{m}[[POSTSUBSCRIPT]] ,[[PUNCT]] m[[UNKNOWN]] =[[RELOP]] 1[[NUMBER]] ,[[PUNCT]] 2[[NUMBER]] ,[[PUNCT]] ...[[ID]] \}[[CLOSE]]
Warning:not_parsed:PUNCT.UNKNOWN.POSTSUBSCRIPT>CLOSE MathParser failed to match rule 'Anything'
	at 0303187.tex; line 683 col 3 - line 685 col 1
	In "$\displaystyle\{|g_{1},...,g_{m}\rangle^{\rm in}\,:g_{1}\prec\cdots\prec g_{m}%
	\,,\,m=1,2,...\}\,,$"
	{[[UNKNOWN]] |[[VERTBAR]] g[[UNKNOWN]] _{1}[[POSTSUBSCRIPT]] ,[[PUNCT]] ...[[ID]] ,[[PUNCT]] g[[UNKNOWN]] _{m}[[POSTSUBSCRIPT]]
	        > \rangle[[CLOSE]] ^{\rmin}[[POSTSUPERSCRIPT]] :[[METARELOP]] g[[UNKNOWN]] _{1}[[POSTSUBSCRIPT]] ≺[[RELOP]] ⋯[[ID]] ≺[[RELOP]] g[[UNKNOWN]] _{m}[[POSTSUBSCRIPT]] ,[[PUNCT]] m[[UNKNOWN]] =[[RELOP]] 1[[NUMBER]] ,[[PUNCT]] 2[[NUMBER]] ,[[PUNCT]] ...[[ID]] \}[[CLOSE]]
Warning:not_parsed:PUNCT.UNKNOWN.POSTSUBSCRIPT>CLOSE MathParser failed to match rule 'Anything'
	at 0303187.tex; line 685 col 3 - line 685 col 3
	In "$\displaystyle\{|h_{1},...,h_{n}\rangle^{\rm out}\,:\,h_{n}\prec\cdots\prec h_%
	{1}\,,\,n=1,2,...\}\@@ENDINLINEMATH"
	{[[UNKNOWN]] |[[VERTBAR]] h[[UNKNOWN]] _{1}[[POSTSUBSCRIPT]] ,[[PUNCT]] ...[[ID]] ,[[PUNCT]] h[[UNKNOWN]] _{n}[[POSTSUBSCRIPT]]
	        > \rangle[[CLOSE]] ^{\rmout}[[POSTSUPERSCRIPT]] :[[METARELOP]] h[[UNKNOWN]] _{n}[[POSTSUBSCRIPT]] ≺[[RELOP]] ⋯[[ID]] ≺[[RELOP]] h[[UNKNOWN]] _{1}[[POSTSUBSCRIPT]] ,[[PUNCT]] n[[UNKNOWN]] =[[RELOP]] 1[[NUMBER]] ,[[PUNCT]] 2[[NUMBER]] ,[[PUNCT]] ...[[ID]] \}[[CLOSE]]
Warning:not_parsed:PUNCT.UNKNOWN.POSTSUBSCRIPT>CLOSE MathParser failed to match rule 'Anything'
	at 0303187.tex; line 685 col 3 - line 687 col 4
	In "$\displaystyle\{|h_{1},...,h_{n}\rangle^{\rm out}\,:\,h_{n}\prec\cdots\prec h_%
	{1}\,,\,n=1,2,...\}$"
	{[[UNKNOWN]] |[[VERTBAR]] h[[UNKNOWN]] _{1}[[POSTSUBSCRIPT]] ,[[PUNCT]] ...[[ID]] ,[[PUNCT]] h[[UNKNOWN]] _{n}[[POSTSUBSCRIPT]]
	        > \rangle[[CLOSE]] ^{\rmout}[[POSTSUPERSCRIPT]] :[[METARELOP]] h[[UNKNOWN]] _{n}[[POSTSUBSCRIPT]] ≺[[RELOP]] ⋯[[ID]] ≺[[RELOP]] h[[UNKNOWN]] _{1}[[POSTSUBSCRIPT]] ,[[PUNCT]] n[[UNKNOWN]] =[[RELOP]] 1[[NUMBER]] ,[[PUNCT]] 2[[NUMBER]] ,[[PUNCT]] ...[[ID]] \}[[CLOSE]]
Warning:not_parsed:FLOATSUPERSCRIPT>OPEN MathParser failed to match rule 'Anything'
	at 0303187.tex; line 694 col 0 - line 699 col 3
	In "\begin{equation}{}^{\rm out}\langle h_{1},...,h_{n}|g_{1},...,g_{m}\rangle^{%
	\rm in}=\delta_{mn}\,\prod_{i=1}^{n}\int_{-\infty}^{+\infty}\frac{dp_{i}}{2\pi%
	}\frac{dk_{i}}{2\pi}{\overline{h}}_{i}(p_{i})\,{}^{\rm out}\langle p_{i}|k_{i}%
	\rangle^{\rm in}\,g_{i}(k_{i})\,,\end{equation}"
	{}^{\rmout}[[FLOATSUPERSCRIPT]]
	        > \langle[[OPEN]] h[[UNKNOWN]] _{1}[[POSTSUBSCRIPT]] ,[[PUNCT]] ...[[ID]] ,[[PUNCT]] h[[UNKNOWN]] _{n}[[POSTSUBSCRIPT]] |[[VERTBAR]] g[[UNKNOWN]] _{1}[[POSTSUBSCRIPT]] ,[[PUNCT]] ...[[ID]] ,[[PUNCT]] g[[UNKNOWN]] _{m}[[POSTSUBSCRIPT]] \rangle[[CLOSE]] ^{\rmin}[[POSTSUPERSCRIPT]] =[[RELOP]] δ[[UNKNOWN]] _{mn}[[POSTSUBSCRIPT]] ∏[[SUMOP]] _{i=1}[[POSTSUBSCRIPT]] ^{n}[[POSTSUPERSCRIPT]] ∫[[INTOP]] _{-\infty}[[POSTSUBSCRIPT]] ^{+\infty}[[POSTSUPERSCRIPT]] \frac{dp_{i}}{2\pi}[[UNKNOWN]] \frac{dk_{i}}{2\pi}[[UNKNOWN]] \overline{h}[[UNKNOWN]] _{i}[[POSTSUBSCRIPT]] ([[OPEN]] p[[UNKNOWN]] _{i}[[POSTSUBSCRIPT]] )[[CLOSE]] {}^{\rmout}[[FLOATSUPERSCRIPT]] \langle[[OPEN]] p[[UNKNOWN]] _{i}[[POSTSUBSCRIPT]] |[[VERTBAR]] k[[UNKNOWN]] _{i}[[POSTSUBSCRIPT]] \rangle[[CLOSE]] ^{\rmin}[[POSTSUPERSCRIPT]] g[[UNKNOWN]] _{i}[[POSTSUBSCRIPT]] ([[OPEN]] k[[UNKNOWN]] _{i}[[POSTSUBSCRIPT]] )[[CLOSE]]
Warning:not_parsed:FLOATSUPERSCRIPT>OPEN MathParser failed to match rule 'Anything'
	at 0303187.tex; line 700 col 8 - line 700 col 47
	In "${}^{\rm out}\langle p|k\rangle^{\rm in}$"
	{}^{\rmout}[[FLOATSUPERSCRIPT]]
	        > \langle[[OPEN]] p[[UNKNOWN]] |[[VERTBAR]] k[[UNKNOWN]] \rangle[[CLOSE]] ^{\rmin}[[POSTSUPERSCRIPT]]
Warning:not_parsed:UNKNOWN.POSTSUBSCRIPT.CLOSE>RELOP MathParser failed to match rule 'Anything'
	at 0303187.tex; line 1426 col 3 - line 1426 col 3
	In "$\displaystyle\!\!\!\!\left[r_{\alpha}^{\beta}(\chi)\varphi\right]_{\gamma_{1}%
	...\gamma_{n}}^{(n)}(\chi_{1},...,\chi_{n})=[{\cal S}_{01}(\chi,\chi_{1})\,{%
	\cal S}_{12}(\chi,\chi_{2})\cdots{\cal S}_{(n-1)\,n}(\chi,\chi_{n})\,{\cal R}_%
	{n}(\chi)\cdot\@@ENDINLINEMATH"
	\left[[[OPEN]] r[[UNKNOWN]] _{\alpha}[[POSTSUBSCRIPT]] ^{\beta}[[POSTSUPERSCRIPT]] ([[OPEN]] χ[[UNKNOWN]] )[[CLOSE]] φ[[UNKNOWN]] \right][[CLOSE]] _{\gamma_{1}...\gamma_{n}}[[POSTSUBSCRIPT]] ^{(n)}[[POSTSUPERSCRIPT]] ([[OPEN]] χ[[UNKNOWN]] _{1}[[POSTSUBSCRIPT]] ,[[PUNCT]] ...[[ID]] ,[[PUNCT]] χ[[UNKNOWN]] _{n}[[POSTSUBSCRIPT]] )[[CLOSE]]
	        > =[[RELOP]] [[[OPEN]] S[[UNKNOWN]] _{01}[[POSTSUBSCRIPT]] ([[OPEN]] χ[[UNKNOWN]] ,[[PUNCT]] χ[[UNKNOWN]] _{1}[[POSTSUBSCRIPT]] )[[CLOSE]] S[[UNKNOWN]] _{12}[[POSTSUBSCRIPT]] ([[OPEN]] χ[[UNKNOWN]] ,[[PUNCT]] χ[[UNKNOWN]] _{2}[[POSTSUBSCRIPT]] )[[CLOSE]] ⋯[[ID]] S[[UNKNOWN]] _{(n-1)\,n}[[POSTSUBSCRIPT]] ([[OPEN]] χ[[UNKNOWN]] ,[[PUNCT]] χ[[UNKNOWN]] _{n}[[POSTSUBSCRIPT]] )[[CLOSE]] R[[UNKNOWN]] _{n}[[POSTSUBSCRIPT]] ([[OPEN]] χ[[UNKNOWN]] )[[CLOSE]] ⋅[[MULOP]]
Warning:not_parsed:UNKNOWN.POSTSUBSCRIPT.CLOSE>RELOP MathParser failed to match rule 'Anything'
	at 0303187.tex; line 1426 col 3 - line 1431 col 1
	In "$\displaystyle\!\!\!\!\left[r_{\alpha}^{\beta}(\chi)\varphi\right]_{\gamma_{1}%
	...\gamma_{n}}^{(n)}(\chi_{1},...,\chi_{n})=[{\cal S}_{01}(\chi,\chi_{1})\,{%
	\cal S}_{12}(\chi,\chi_{2})\cdots{\cal S}_{(n-1)\,n}(\chi,\chi_{n})\,{\cal R}_%
	{n}(\chi)\cdot$"
	\left[[[OPEN]] r[[UNKNOWN]] _{\alpha}[[POSTSUBSCRIPT]] ^{\beta}[[POSTSUPERSCRIPT]] ([[OPEN]] χ[[UNKNOWN]] )[[CLOSE]] φ[[UNKNOWN]] \right][[CLOSE]] _{\gamma_{1}...\gamma_{n}}[[POSTSUBSCRIPT]] ^{(n)}[[POSTSUPERSCRIPT]] ([[OPEN]] χ[[UNKNOWN]] _{1}[[POSTSUBSCRIPT]] ,[[PUNCT]] ...[[ID]] ,[[PUNCT]] χ[[UNKNOWN]] _{n}[[POSTSUBSCRIPT]] )[[CLOSE]]
	        > =[[RELOP]] [[[OPEN]] S[[UNKNOWN]] _{01}[[POSTSUBSCRIPT]] ([[OPEN]] χ[[UNKNOWN]] ,[[PUNCT]] χ[[UNKNOWN]] _{1}[[POSTSUBSCRIPT]] )[[CLOSE]] S[[UNKNOWN]] _{12}[[POSTSUBSCRIPT]] ([[OPEN]] χ[[UNKNOWN]] ,[[PUNCT]] χ[[UNKNOWN]] _{2}[[POSTSUBSCRIPT]] )[[CLOSE]] ⋯[[ID]] S[[UNKNOWN]] _{(n-1)\,n}[[POSTSUBSCRIPT]] ([[OPEN]] χ[[UNKNOWN]] ,[[PUNCT]] χ[[UNKNOWN]] _{n}[[POSTSUBSCRIPT]] )[[CLOSE]] R[[UNKNOWN]] _{n}[[POSTSUBSCRIPT]] ([[OPEN]] χ[[UNKNOWN]] )[[CLOSE]] ⋅[[MULOP]]
Warning:not_parsed:ADDOP.UNKNOWN.CLOSE>CLOSE MathParser failed to match rule 'Anything'
	at 0303187.tex; line 1431 col 6 - line 1431 col 6
	In "$\displaystyle\cdot{\cal S}_{(n-1)\,n}(\chi_{n},-\chi)\cdots{\cal S}_{12}(\chi%
	_{2},-\chi)\,{\cal S}_{01}(\chi_{1},-\chi)]_{\alpha\gamma_{1}...\gamma_{n}}^{%
	\beta\delta_{1}...\delta_{n}}\varphi^{(n)}_{\delta_{1}...\delta_{n}}(\chi_{1},%
	...,\chi_{n})\,,\@@ENDINLINEMATH"
	⋅[[MULOP]] S[[UNKNOWN]] _{(n-1)\,n}[[POSTSUBSCRIPT]] ([[OPEN]] χ[[UNKNOWN]] _{n}[[POSTSUBSCRIPT]] ,[[PUNCT]] -[[ADDOP]] χ[[UNKNOWN]] )[[CLOSE]] ⋯[[ID]] S[[UNKNOWN]] _{12}[[POSTSUBSCRIPT]] ([[OPEN]] χ[[UNKNOWN]] _{2}[[POSTSUBSCRIPT]] ,[[PUNCT]] -[[ADDOP]] χ[[UNKNOWN]] )[[CLOSE]] S[[UNKNOWN]] _{01}[[POSTSUBSCRIPT]] ([[OPEN]] χ[[UNKNOWN]] _{1}[[POSTSUBSCRIPT]] ,[[PUNCT]] -[[ADDOP]] χ[[UNKNOWN]] )[[CLOSE]]
	        > ][[CLOSE]] _{\alpha\gamma_{1}...\gamma_{n}}[[POSTSUBSCRIPT]] ^{\beta\delta_{1}...\delta_{n}}[[POSTSUPERSCRIPT]] φ[[UNKNOWN]] ^{(n)}[[POSTSUPERSCRIPT]] _{\delta_{1}...\delta_{n}}[[POSTSUBSCRIPT]] ([[OPEN]] χ[[UNKNOWN]] _{1}[[POSTSUBSCRIPT]] ,[[PUNCT]] ...[[ID]] ,[[PUNCT]] χ[[UNKNOWN]] _{n}[[POSTSUBSCRIPT]] )[[CLOSE]]
Warning:not_parsed:ADDOP.UNKNOWN.CLOSE>CLOSE MathParser failed to match rule 'Anything'
	at 0303187.tex; line 1431 col 6 - line 1435 col 6
	In "$\displaystyle\cdot{\cal S}_{(n-1)\,n}(\chi_{n},-\chi)\cdots{\cal S}_{12}(\chi%
	_{2},-\chi)\,{\cal S}_{01}(\chi_{1},-\chi)]_{\alpha\gamma_{1}...\gamma_{n}}^{%
	\beta\delta_{1}...\delta_{n}}\varphi^{(n)}_{\delta_{1}...\delta_{n}}(\chi_{1},%
	...,\chi_{n})\,,$"
	⋅[[MULOP]] S[[UNKNOWN]] _{(n-1)\,n}[[POSTSUBSCRIPT]] ([[OPEN]] χ[[UNKNOWN]] _{n}[[POSTSUBSCRIPT]] ,[[PUNCT]] -[[ADDOP]] χ[[UNKNOWN]] )[[CLOSE]] ⋯[[ID]] S[[UNKNOWN]] _{12}[[POSTSUBSCRIPT]] ([[OPEN]] χ[[UNKNOWN]] _{2}[[POSTSUBSCRIPT]] ,[[PUNCT]] -[[ADDOP]] χ[[UNKNOWN]] )[[CLOSE]] S[[UNKNOWN]] _{01}[[POSTSUBSCRIPT]] ([[OPEN]] χ[[UNKNOWN]] _{1}[[POSTSUBSCRIPT]] ,[[PUNCT]] -[[ADDOP]] χ[[UNKNOWN]] )[[CLOSE]]
	        > ][[CLOSE]] _{\alpha\gamma_{1}...\gamma_{n}}[[POSTSUBSCRIPT]] ^{\beta\delta_{1}...\delta_{n}}[[POSTSUPERSCRIPT]] φ[[UNKNOWN]] ^{(n)}[[POSTSUPERSCRIPT]] _{\delta_{1}...\delta_{n}}[[POSTSUBSCRIPT]] ([[OPEN]] χ[[UNKNOWN]] _{1}[[POSTSUBSCRIPT]] ,[[PUNCT]] ...[[ID]] ,[[PUNCT]] χ[[UNKNOWN]] _{n}[[POSTSUBSCRIPT]] )[[CLOSE]]
Warning:not_parsed:UNKNOWN.POSTSUBSCRIPT.CLOSE>RELOP MathParser failed to match rule 'Anything'
	at 0303187.tex; line 1438 col 8 - line 1438 col 8
	In "$\displaystyle\left[t_{\alpha}^{\beta}(\chi)\varphi\right]_{\gamma_{1}...%
	\gamma_{n}}^{(n)}(\chi_{1},...,\chi_{n})=[{\cal S}_{01}(\chi,\chi_{1})\,{\cal S%
	}_{12}(\chi,\chi_{2})\cdots{\cal S}_{(n-1)\,n}(\chi,\chi_{n}){\cal T}_{n}(\chi%
	)\cdot\@@ENDINLINEMATH"
	\left[[[OPEN]] t[[UNKNOWN]] _{\alpha}[[POSTSUBSCRIPT]] ^{\beta}[[POSTSUPERSCRIPT]] ([[OPEN]] χ[[UNKNOWN]] )[[CLOSE]] φ[[UNKNOWN]] \right][[CLOSE]] _{\gamma_{1}...\gamma_{n}}[[POSTSUBSCRIPT]] ^{(n)}[[POSTSUPERSCRIPT]] ([[OPEN]] χ[[UNKNOWN]] _{1}[[POSTSUBSCRIPT]] ,[[PUNCT]] ...[[ID]] ,[[PUNCT]] χ[[UNKNOWN]] _{n}[[POSTSUBSCRIPT]] )[[CLOSE]]
	        > =[[RELOP]] [[[OPEN]] S[[UNKNOWN]] _{01}[[POSTSUBSCRIPT]] ([[OPEN]] χ[[UNKNOWN]] ,[[PUNCT]] χ[[UNKNOWN]] _{1}[[POSTSUBSCRIPT]] )[[CLOSE]] S[[UNKNOWN]] _{12}[[POSTSUBSCRIPT]] ([[OPEN]] χ[[UNKNOWN]] ,[[PUNCT]] χ[[UNKNOWN]] _{2}[[POSTSUBSCRIPT]] )[[CLOSE]] ⋯[[ID]] S[[UNKNOWN]] _{(n-1)\,n}[[POSTSUBSCRIPT]] ([[OPEN]] χ[[UNKNOWN]] ,[[PUNCT]] χ[[UNKNOWN]] _{n}[[POSTSUBSCRIPT]] )[[CLOSE]] T[[UNKNOWN]] _{n}[[POSTSUBSCRIPT]] ([[OPEN]] χ[[UNKNOWN]] )[[CLOSE]] ⋅[[MULOP]]
Warning:not_parsed:UNKNOWN.POSTSUBSCRIPT.CLOSE>RELOP MathParser failed to match rule 'Anything'
	at 0303187.tex; line 1438 col 8 - line 1443 col 1
	In "$\displaystyle\left[t_{\alpha}^{\beta}(\chi)\varphi\right]_{\gamma_{1}...%
	\gamma_{n}}^{(n)}(\chi_{1},...,\chi_{n})=[{\cal S}_{01}(\chi,\chi_{1})\,{\cal S%
	}_{12}(\chi,\chi_{2})\cdots{\cal S}_{(n-1)\,n}(\chi,\chi_{n}){\cal T}_{n}(\chi%
	)\cdot$"
	\left[[[OPEN]] t[[UNKNOWN]] _{\alpha}[[POSTSUBSCRIPT]] ^{\beta}[[POSTSUPERSCRIPT]] ([[OPEN]] χ[[UNKNOWN]] )[[CLOSE]] φ[[UNKNOWN]] \right][[CLOSE]] _{\gamma_{1}...\gamma_{n}}[[POSTSUBSCRIPT]] ^{(n)}[[POSTSUPERSCRIPT]] ([[OPEN]] χ[[UNKNOWN]] _{1}[[POSTSUBSCRIPT]] ,[[PUNCT]] ...[[ID]] ,[[PUNCT]] χ[[UNKNOWN]] _{n}[[POSTSUBSCRIPT]] )[[CLOSE]]
	        > =[[RELOP]] [[[OPEN]] S[[UNKNOWN]] _{01}[[POSTSUBSCRIPT]] ([[OPEN]] χ[[UNKNOWN]] ,[[PUNCT]] χ[[UNKNOWN]] _{1}[[POSTSUBSCRIPT]] )[[CLOSE]] S[[UNKNOWN]] _{12}[[POSTSUBSCRIPT]] ([[OPEN]] χ[[UNKNOWN]] ,[[PUNCT]] χ[[UNKNOWN]] _{2}[[POSTSUBSCRIPT]] )[[CLOSE]] ⋯[[ID]] S[[UNKNOWN]] _{(n-1)\,n}[[POSTSUBSCRIPT]] ([[OPEN]] χ[[UNKNOWN]] ,[[PUNCT]] χ[[UNKNOWN]] _{n}[[POSTSUBSCRIPT]] )[[CLOSE]] T[[UNKNOWN]] _{n}[[POSTSUBSCRIPT]] ([[OPEN]] χ[[UNKNOWN]] )[[CLOSE]] ⋅[[MULOP]]
Warning:not_parsed:PUNCT.UNKNOWN.CLOSE>CLOSE MathParser failed to match rule 'Anything'
	at 0303187.tex; line 1443 col 6 - line 1443 col 6
	In "$\displaystyle\cdot{\cal S}_{(n-1)\,n}(\chi_{n},\chi)\cdots{\cal S}_{12}(\chi_%
	{2},\chi)\,{\cal S}_{01}(\chi_{1},\chi)]_{\alpha\gamma_{1}...\gamma_{n}}^{%
	\beta\delta_{1}...\delta_{n}}\varphi^{(n)}_{\delta_{1}...\delta_{n}}(\chi_{1},%
	...,\chi_{n})\,,\quad\qquad\@@ENDINLINEMATH"
	⋅[[MULOP]] S[[UNKNOWN]] _{(n-1)\,n}[[POSTSUBSCRIPT]] ([[OPEN]] χ[[UNKNOWN]] _{n}[[POSTSUBSCRIPT]] ,[[PUNCT]] χ[[UNKNOWN]] )[[CLOSE]] ⋯[[ID]] S[[UNKNOWN]] _{12}[[POSTSUBSCRIPT]] ([[OPEN]] χ[[UNKNOWN]] _{2}[[POSTSUBSCRIPT]] ,[[PUNCT]] χ[[UNKNOWN]] )[[CLOSE]] S[[UNKNOWN]] _{01}[[POSTSUBSCRIPT]] ([[OPEN]] χ[[UNKNOWN]] _{1}[[POSTSUBSCRIPT]] ,[[PUNCT]] χ[[UNKNOWN]] )[[CLOSE]]
	        > ][[CLOSE]] _{\alpha\gamma_{1}...\gamma_{n}}[[POSTSUBSCRIPT]] ^{\beta\delta_{1}...\delta_{n}}[[POSTSUPERSCRIPT]] φ[[UNKNOWN]] ^{(n)}[[POSTSUPERSCRIPT]] _{\delta_{1}...\delta_{n}}[[POSTSUBSCRIPT]] ([[OPEN]] χ[[UNKNOWN]] _{1}[[POSTSUBSCRIPT]] ,[[PUNCT]] ...[[ID]] ,[[PUNCT]] χ[[UNKNOWN]] _{n}[[POSTSUBSCRIPT]] )[[CLOSE]]
Warning:not_parsed:PUNCT.UNKNOWN.CLOSE>CLOSE MathParser failed to match rule 'Anything'
	at 0303187.tex; line 1443 col 6 - line 1449 col 4
	In "$\displaystyle\cdot{\cal S}_{(n-1)\,n}(\chi_{n},\chi)\cdots{\cal S}_{12}(\chi_%
	{2},\chi)\,{\cal S}_{01}(\chi_{1},\chi)]_{\alpha\gamma_{1}...\gamma_{n}}^{%
	\beta\delta_{1}...\delta_{n}}\varphi^{(n)}_{\delta_{1}...\delta_{n}}(\chi_{1},%
	...,\chi_{n})\,,\quad\qquad$"
	⋅[[MULOP]] S[[UNKNOWN]] _{(n-1)\,n}[[POSTSUBSCRIPT]] ([[OPEN]] χ[[UNKNOWN]] _{n}[[POSTSUBSCRIPT]] ,[[PUNCT]] χ[[UNKNOWN]] )[[CLOSE]] ⋯[[ID]] S[[UNKNOWN]] _{12}[[POSTSUBSCRIPT]] ([[OPEN]] χ[[UNKNOWN]] _{2}[[POSTSUBSCRIPT]] ,[[PUNCT]] χ[[UNKNOWN]] )[[CLOSE]] S[[UNKNOWN]] _{01}[[POSTSUBSCRIPT]] ([[OPEN]] χ[[UNKNOWN]] _{1}[[POSTSUBSCRIPT]] ,[[PUNCT]] χ[[UNKNOWN]] )[[CLOSE]]
	        > ][[CLOSE]] _{\alpha\gamma_{1}...\gamma_{n}}[[POSTSUBSCRIPT]] ^{\beta\delta_{1}...\delta_{n}}[[POSTSUPERSCRIPT]] φ[[UNKNOWN]] ^{(n)}[[POSTSUPERSCRIPT]] _{\delta_{1}...\delta_{n}}[[POSTSUBSCRIPT]] ([[OPEN]] χ[[UNKNOWN]] _{1}[[POSTSUBSCRIPT]] ,[[PUNCT]] ...[[ID]] ,[[PUNCT]] χ[[UNKNOWN]] _{n}[[POSTSUBSCRIPT]] )[[CLOSE]]
Warning:not_parsed:FLOATSUPERSCRIPT>OPEN MathParser failed to match rule 'Anything'
	at 0303187.tex; line 2318 col 0 - line 2322 col 3
	In "\begin{equation}{}^{\rm out}\langle h_{1},j_{1};...;h_{n},j_{n}|=a^{\ast(\eta_%
	{1},j_{1})}(h_{1})\cdots a^{\ast(\eta_{n},j_{n})}(h_{n})\Omega\,,\end{equation}"
	{}^{\rmout}[[FLOATSUPERSCRIPT]]
	        > \langle[[OPEN]] h[[UNKNOWN]] _{1}[[POSTSUBSCRIPT]] ,[[PUNCT]] j[[UNKNOWN]] _{1}[[POSTSUBSCRIPT]] ;[[PUNCT]] ...[[ID]] ;[[PUNCT]] h[[UNKNOWN]] _{n}[[POSTSUBSCRIPT]] ,[[PUNCT]] j[[UNKNOWN]] _{n}[[POSTSUBSCRIPT]] |[[VERTBAR]] =[[RELOP]] a[[UNKNOWN]] ^{\ast(\eta_{1},j_{1})}[[POSTSUPERSCRIPT]] ([[OPEN]] h[[UNKNOWN]] _{1}[[POSTSUBSCRIPT]] )[[CLOSE]] ⋯[[ID]] a[[UNKNOWN]] ^{\ast(\eta_{n},j_{n})}[[POSTSUPERSCRIPT]] ([[OPEN]] h[[UNKNOWN]] _{n}[[POSTSUBSCRIPT]] )[[CLOSE]] Ω[[UNKNOWN]]
Warning:not_parsed:FLOATSUPERSCRIPT>OPEN MathParser failed to match rule 'Anything'
	at 0303187.tex; line 2366 col 2 - line 2366 col 2
	In "$\displaystyle{}^{\rm out}\langle h_{1},j_{1};...;h_{n},j_{n}|g_{1},i_{1};...;%
	g_{m},i_{m}\rangle^{\rm in}=\@@ENDINLINEMATH"
	{}^{\rmout}[[FLOATSUPERSCRIPT]]
	        > \langle[[OPEN]] h[[UNKNOWN]] _{1}[[POSTSUBSCRIPT]] ,[[PUNCT]] j[[UNKNOWN]] _{1}[[POSTSUBSCRIPT]] ;[[PUNCT]] ...[[ID]] ;[[PUNCT]] h[[UNKNOWN]] _{n}[[POSTSUBSCRIPT]] ,[[PUNCT]] j[[UNKNOWN]] _{n}[[POSTSUBSCRIPT]] |[[VERTBAR]] g[[UNKNOWN]] _{1}[[POSTSUBSCRIPT]] ,[[PUNCT]] i[[UNKNOWN]] _{1}[[POSTSUBSCRIPT]] ;[[PUNCT]] ...[[ID]] ;[[PUNCT]] g[[UNKNOWN]] _{m}[[POSTSUBSCRIPT]] ,[[PUNCT]] i[[UNKNOWN]] _{m}[[POSTSUBSCRIPT]] \rangle[[CLOSE]] ^{\rmin}[[POSTSUPERSCRIPT]] =[[RELOP]]
Warning:not_parsed:FLOATSUPERSCRIPT>OPEN MathParser failed to match rule 'Anything'
	at 0303187.tex; line 2366 col 2 - line 2368 col 1
	In "$\displaystyle{}^{\rm out}\langle h_{1},j_{1};...;h_{n},j_{n}|g_{1},i_{1};...;%
	g_{m},i_{m}\rangle^{\rm in}=$"
	{}^{\rmout}[[FLOATSUPERSCRIPT]]
	        > \langle[[OPEN]] h[[UNKNOWN]] _{1}[[POSTSUBSCRIPT]] ,[[PUNCT]] j[[UNKNOWN]] _{1}[[POSTSUBSCRIPT]] ;[[PUNCT]] ...[[ID]] ;[[PUNCT]] h[[UNKNOWN]] _{n}[[POSTSUBSCRIPT]] ,[[PUNCT]] j[[UNKNOWN]] _{n}[[POSTSUBSCRIPT]] |[[VERTBAR]] g[[UNKNOWN]] _{1}[[POSTSUBSCRIPT]] ,[[PUNCT]] i[[UNKNOWN]] _{1}[[POSTSUBSCRIPT]] ;[[PUNCT]] ...[[ID]] ;[[PUNCT]] g[[UNKNOWN]] _{m}[[POSTSUBSCRIPT]] ,[[PUNCT]] i[[UNKNOWN]] _{m}[[POSTSUBSCRIPT]] \rangle[[CLOSE]] ^{\rmin}[[POSTSUPERSCRIPT]] =[[RELOP]]
Warning:not_parsed:FLOATSUPERSCRIPT>OPEN MathParser failed to match rule 'Anything'
	at 0303187.tex; line 2387 col 0 - line 2402 col 14
	In "\begin{equation}\!\!\!{}^{\rm out}\langle h,j|g,i\rangle^{\rm in}=\left\{\!\!%
	\!\!\!\!\!\!\begin{array}[]{cc}\int_{0}^{\infty}d\chi\overline{h}(\chi){T^{+}}%
	^{i}_{j}(\chi)g(\chi),&\quad\mbox{$\xi=-,\,\eta=+$}\,,\\[4.3pt]
	\qquad\int_{0}^{\infty}d\chi\overline{h}(-\chi){T^{-}}^{i}_{j}(-\chi)g(-\chi),%
	&\quad\mbox{$\xi=+,\,\eta=-$}\,,\\[4.3pt]
	\int_{0}^{\infty}d\chi\overline{h}(\chi){R^{+}}^{i}_{j}(\chi)g(-\chi),&\quad%
	\mbox{$\xi=+,\,\eta=+$}\,,\\[4.3pt]
	\quad\int_{0}^{\infty}d\chi\overline{h}(-\chi){R^{-}}^{i}_{j}(-\chi)g(\chi),&%
	\quad\mbox{$\xi=-,\,\eta=-$}\,,\end{array}\right.\end{equation}"
	{}^{\rmout}[[FLOATSUPERSCRIPT]]
	        > \langle[[OPEN]] h[[UNKNOWN]] ,[[PUNCT]] j[[UNKNOWN]] |[[VERTBAR]] g[[UNKNOWN]] ,[[PUNCT]] i[[UNKNOWN]] \rangle[[CLOSE]] ^{\rmin}[[POSTSUPERSCRIPT]] =[[RELOP]] \left\{[[OPEN]] Alignment[][[ARRAY]]
Warning:not_parsed:FLOATSUPERSCRIPT>OPEN MathParser failed to match rule 'Anything'
	at 0303187.tex; line 2448 col 0 - line 2451 col 14
	In "\begin{equation}{}^{\rm out}\langle h_{1},j_{1};h_{2},j_{2}|\,,\qquad\eta_{1}=%
	+,\quad\eta_{2}=+\,.\end{equation}"
	{}^{\rmout}[[FLOATSUPERSCRIPT]]
	        > \langle[[OPEN]] h[[UNKNOWN]] _{1}[[POSTSUBSCRIPT]] ,[[PUNCT]] j[[UNKNOWN]] _{1}[[POSTSUBSCRIPT]] ;[[PUNCT]] h[[UNKNOWN]] _{2}[[POSTSUBSCRIPT]] ,[[PUNCT]] j[[UNKNOWN]] _{2}[[POSTSUBSCRIPT]] |[[VERTBAR]] ,[[PUNCT]] η[[UNKNOWN]] _{1}[[POSTSUBSCRIPT]] =[[RELOP]] +[[ADDOP]] ,[[PUNCT]] η[[UNKNOWN]] _{2}[[POSTSUBSCRIPT]] =[[RELOP]] +[[ADDOP]]
Warning:not_parsed:FLOATSUPERSCRIPT>OPEN MathParser failed to match rule 'Anything'
	at 0303187.tex; line 2456 col 2 - line 2456 col 2
	In "$\displaystyle{}^{\rm out}\langle h_{1},j_{1};h_{2},j_{2}|g_{1},i_{1};g_{2},i_%
	{2}\rangle^{\rm in}=\@@ENDINLINEMATH"
	{}^{\rmout}[[FLOATSUPERSCRIPT]]
	        > \langle[[OPEN]] h[[UNKNOWN]] _{1}[[POSTSUBSCRIPT]] ,[[PUNCT]] j[[UNKNOWN]] _{1}[[POSTSUBSCRIPT]] ;[[PUNCT]] h[[UNKNOWN]] _{2}[[POSTSUBSCRIPT]] ,[[PUNCT]] j[[UNKNOWN]] _{2}[[POSTSUBSCRIPT]] |[[VERTBAR]] g[[UNKNOWN]] _{1}[[POSTSUBSCRIPT]] ,[[PUNCT]] i[[UNKNOWN]] _{1}[[POSTSUBSCRIPT]] ;[[PUNCT]] g[[UNKNOWN]] _{2}[[POSTSUBSCRIPT]] ,[[PUNCT]] i[[UNKNOWN]] _{2}[[POSTSUBSCRIPT]] \rangle[[CLOSE]] ^{\rmin}[[POSTSUPERSCRIPT]] =[[RELOP]]
Warning:not_parsed:FLOATSUPERSCRIPT>OPEN MathParser failed to match rule 'Anything'
	at 0303187.tex; line 2456 col 2 - line 2458 col 1
	In "$\displaystyle{}^{\rm out}\langle h_{1},j_{1};h_{2},j_{2}|g_{1},i_{1};g_{2},i_%
	{2}\rangle^{\rm in}=$"
	{}^{\rmout}[[FLOATSUPERSCRIPT]]
	        > \langle[[OPEN]] h[[UNKNOWN]] _{1}[[POSTSUBSCRIPT]] ,[[PUNCT]] j[[UNKNOWN]] _{1}[[POSTSUBSCRIPT]] ;[[PUNCT]] h[[UNKNOWN]] _{2}[[POSTSUBSCRIPT]] ,[[PUNCT]] j[[UNKNOWN]] _{2}[[POSTSUBSCRIPT]] |[[VERTBAR]] g[[UNKNOWN]] _{1}[[POSTSUBSCRIPT]] ,[[PUNCT]] i[[UNKNOWN]] _{1}[[POSTSUBSCRIPT]] ;[[PUNCT]] g[[UNKNOWN]] _{2}[[POSTSUBSCRIPT]] ,[[PUNCT]] i[[UNKNOWN]] _{2}[[POSTSUBSCRIPT]] \rangle[[CLOSE]] ^{\rmin}[[POSTSUPERSCRIPT]] =[[RELOP]]
Warning:not_parsed:UNKNOWN.POSTSUBSCRIPT.CLOSE>OPEN MathParser failed to match rule 'Anything'
	at 0303187.tex; line 2458 col 5 - line 2458 col 5
	In "$\displaystyle\int_{0}^{\infty}d\chi_{1}d\chi_{2}{\overline{h}_{1}}(\chi_{1}){%
	\overline{h}_{2}}(\chi_{2})[{{R^{+}}}^{k}_{j_{2}}(\chi_{2}){S}_{j_{1}k}^{i_{1}%
	l}(\chi_{1},-\chi_{2}){{T^{+}}}^{i_{2}}_{l}(\chi_{1})g_{1}(-\chi_{2})g_{2}(%
	\chi_{1})+\@@ENDINLINEMATH"
	∫[[INTOP]] _{0}[[POSTSUBSCRIPT]] ^{\infty}[[POSTSUPERSCRIPT]] d[[UNKNOWN]] χ[[UNKNOWN]] _{1}[[POSTSUBSCRIPT]] d[[UNKNOWN]] χ[[UNKNOWN]] _{2}[[POSTSUBSCRIPT]] \overline{h}[[UNKNOWN]] _{1}[[POSTSUBSCRIPT]] ([[OPEN]] χ[[UNKNOWN]] _{1}[[POSTSUBSCRIPT]] )[[CLOSE]] \overline{h}[[UNKNOWN]] _{2}[[POSTSUBSCRIPT]] ([[OPEN]] χ[[UNKNOWN]] _{2}[[POSTSUBSCRIPT]] )[[CLOSE]]
	        > [[[OPEN]] R[[UNKNOWN]] ^{+}[[POSTSUPERSCRIPT]] ^{k}[[POSTSUPERSCRIPT]] _{j_{2}}[[POSTSUBSCRIPT]] ([[OPEN]] χ[[UNKNOWN]] _{2}[[POSTSUBSCRIPT]] )[[CLOSE]] S[[UNKNOWN]] _{j_{1}k}[[POSTSUBSCRIPT]] ^{i_{1}l}[[POSTSUPERSCRIPT]] ([[OPEN]] χ[[UNKNOWN]] _{1}[[POSTSUBSCRIPT]] ,[[PUNCT]] -[[ADDOP]] χ[[UNKNOWN]] _{2}[[POSTSUBSCRIPT]] )[[CLOSE]] T[[UNKNOWN]] ^{+}[[POSTSUPERSCRIPT]] ^{i_{2}}[[POSTSUPERSCRIPT]] _{l}[[POSTSUBSCRIPT]] ([[OPEN]] χ[[UNKNOWN]] _{1}[[POSTSUBSCRIPT]] )[[CLOSE]] g[[UNKNOWN]] _{1}[[POSTSUBSCRIPT]] ([[OPEN]] -[[ADDOP]] χ[[UNKNOWN]] _{2}[[POSTSUBSCRIPT]] )[[CLOSE]] g[[UNKNOWN]] _{2}[[POSTSUBSCRIPT]] ([[OPEN]] χ[[UNKNOWN]] _{1}[[POSTSUBSCRIPT]] )[[CLOSE]] +[[ADDOP]]
Warning:not_parsed:UNKNOWN.POSTSUBSCRIPT.CLOSE>OPEN MathParser failed to match rule 'Anything'
	at 0303187.tex; line 2458 col 5 - line 2461 col 1
	In "$\displaystyle\int_{0}^{\infty}d\chi_{1}d\chi_{2}{\overline{h}_{1}}(\chi_{1}){%
	\overline{h}_{2}}(\chi_{2})[{{R^{+}}}^{k}_{j_{2}}(\chi_{2}){S}_{j_{1}k}^{i_{1}%
	l}(\chi_{1},-\chi_{2}){{T^{+}}}^{i_{2}}_{l}(\chi_{1})g_{1}(-\chi_{2})g_{2}(%
	\chi_{1})+$"
	∫[[INTOP]] _{0}[[POSTSUBSCRIPT]] ^{\infty}[[POSTSUPERSCRIPT]] d[[UNKNOWN]] χ[[UNKNOWN]] _{1}[[POSTSUBSCRIPT]] d[[UNKNOWN]] χ[[UNKNOWN]] _{2}[[POSTSUBSCRIPT]] \overline{h}[[UNKNOWN]] _{1}[[POSTSUBSCRIPT]] ([[OPEN]] χ[[UNKNOWN]] _{1}[[POSTSUBSCRIPT]] )[[CLOSE]] \overline{h}[[UNKNOWN]] _{2}[[POSTSUBSCRIPT]] ([[OPEN]] χ[[UNKNOWN]] _{2}[[POSTSUBSCRIPT]] )[[CLOSE]]
	        > [[[OPEN]] R[[UNKNOWN]] ^{+}[[POSTSUPERSCRIPT]] ^{k}[[POSTSUPERSCRIPT]] _{j_{2}}[[POSTSUBSCRIPT]] ([[OPEN]] χ[[UNKNOWN]] _{2}[[POSTSUBSCRIPT]] )[[CLOSE]] S[[UNKNOWN]] _{j_{1}k}[[POSTSUBSCRIPT]] ^{i_{1}l}[[POSTSUPERSCRIPT]] ([[OPEN]] χ[[UNKNOWN]] _{1}[[POSTSUBSCRIPT]] ,[[PUNCT]] -[[ADDOP]] χ[[UNKNOWN]] _{2}[[POSTSUBSCRIPT]] )[[CLOSE]] T[[UNKNOWN]] ^{+}[[POSTSUPERSCRIPT]] ^{i_{2}}[[POSTSUPERSCRIPT]] _{l}[[POSTSUBSCRIPT]] ([[OPEN]] χ[[UNKNOWN]] _{1}[[POSTSUBSCRIPT]] )[[CLOSE]] g[[UNKNOWN]] _{1}[[POSTSUBSCRIPT]] ([[OPEN]] -[[ADDOP]] χ[[UNKNOWN]] _{2}[[POSTSUBSCRIPT]] )[[CLOSE]] g[[UNKNOWN]] _{2}[[POSTSUBSCRIPT]] ([[OPEN]] χ[[UNKNOWN]] _{1}[[POSTSUBSCRIPT]] )[[CLOSE]] +[[ADDOP]]
Warning:not_parsed:UNKNOWN.POSTSUBSCRIPT.CLOSE>CLOSE MathParser failed to match rule 'Anything'
	at 0303187.tex; line 2461 col 2 - line 2461 col 2
	In "$\displaystyle{R^{+}}^{i_{1}}_{j_{1}}(\chi_{1}){T^{+}}^{i_{2}}_{j_{2}}(\chi_{2%
	})g_{1}(-\chi_{1})g_{2}(\chi_{2})]\,.\@@ENDINLINEMATH"
	R[[UNKNOWN]] ^{+}[[POSTSUPERSCRIPT]] ^{i_{1}}[[POSTSUPERSCRIPT]] _{j_{1}}[[POSTSUBSCRIPT]] ([[OPEN]] χ[[UNKNOWN]] _{1}[[POSTSUBSCRIPT]] )[[CLOSE]] T[[UNKNOWN]] ^{+}[[POSTSUPERSCRIPT]] ^{i_{2}}[[POSTSUPERSCRIPT]] _{j_{2}}[[POSTSUBSCRIPT]] ([[OPEN]] χ[[UNKNOWN]] _{2}[[POSTSUBSCRIPT]] )[[CLOSE]] g[[UNKNOWN]] _{1}[[POSTSUBSCRIPT]] ([[OPEN]] -[[ADDOP]] χ[[UNKNOWN]] _{1}[[POSTSUBSCRIPT]] )[[CLOSE]] g[[UNKNOWN]] _{2}[[POSTSUBSCRIPT]] ([[OPEN]] χ[[UNKNOWN]] _{2}[[POSTSUBSCRIPT]] )[[CLOSE]]
	        > ][[CLOSE]]
Warning:not_parsed:UNKNOWN.POSTSUBSCRIPT.CLOSE>CLOSE MathParser failed to match rule 'Anything'
	at 0303187.tex; line 2461 col 2 - line 2463 col 4
	In "$\displaystyle{R^{+}}^{i_{1}}_{j_{1}}(\chi_{1}){T^{+}}^{i_{2}}_{j_{2}}(\chi_{2%
	})g_{1}(-\chi_{1})g_{2}(\chi_{2})]\,.$"
	R[[UNKNOWN]] ^{+}[[POSTSUPERSCRIPT]] ^{i_{1}}[[POSTSUPERSCRIPT]] _{j_{1}}[[POSTSUBSCRIPT]] ([[OPEN]] χ[[UNKNOWN]] _{1}[[POSTSUBSCRIPT]] )[[CLOSE]] T[[UNKNOWN]] ^{+}[[POSTSUPERSCRIPT]] ^{i_{2}}[[POSTSUPERSCRIPT]] _{j_{2}}[[POSTSUBSCRIPT]] ([[OPEN]] χ[[UNKNOWN]] _{2}[[POSTSUBSCRIPT]] )[[CLOSE]] g[[UNKNOWN]] _{1}[[POSTSUBSCRIPT]] ([[OPEN]] -[[ADDOP]] χ[[UNKNOWN]] _{1}[[POSTSUBSCRIPT]] )[[CLOSE]] g[[UNKNOWN]] _{2}[[POSTSUBSCRIPT]] ([[OPEN]] χ[[UNKNOWN]] _{2}[[POSTSUBSCRIPT]] )[[CLOSE]]
	        > ][[CLOSE]]
 30.98 sec)
Math parsing succeeded:
   ltx:XMWrap: 12/12
   ltx:XMath: 760/797
   ltx:XMArg: 4119/4119
Symbols assumed as simple identifiers (with # of occurences):
   'B{caligraphic}' (4), 'B{italic}' (1), 'C{blackboard}' (1), 'C{caligraphic}' (70), 'D{caligraphic}' (12), 'E{italic}' (5), 'F{caligraphic}' (25), 'H{caligraphic}' (19), 'H{italic}' (4), 'I{blackboard}' (19), 'I{italic}' (6), 'K{italic}' (1), 'L{caligraphic}' (10), 'L{italic}' (6), 'N{italic}' (4), 'Omega' (60), 'Phi' (3), 'Psi' (3), 'P{italic}' (14), 'R{blackboard}' (44), 'R{caligraphic}' (104), 'R{italic}' (126), 'S{bold}' (22), 'S{caligraphic}' (165), 'S{italic}' (99), 'T{caligraphic}' (107), 'T{italic}' (138), 'U{italic}' (1), 'W{caligraphic}' (5), 'alpha' (212), 'a{italic}' (207), 'beta' (148), 'b{italic}' (14), 'chi' (1318), 'delta' (173), 'd{italic}' (43), 'e' (47), 'epsilon' (6), 'eta' (80), 'f{italic}' (35), 'gamma' (82), 'g{italic}' (113), 'h{italic}' (90), 'i{italic}' (154), 'j{italic}' (66), 'k{italic}' (218), 'lambda' (2), 'l{italic}' (3), 'mu' (10), 'm{italic}' (26), 'nu' (10), 'n{italic}' (160), 'omega' (24), 'phi' (4), 'pi' (21), 'psi' (23), 'p{italic}' (70), 'q{italic}' (8), 'r{italic}' (51), 'sigma' (40), 'supp' (12), 's{italic}' (13), 'tau' (27), 'theta' (56), 't{italic}' (135), 'varphi' (145), 'varrho' (11), 'w{italic}' (11), 'xi' (91), 'x{italic}' (180), 'zeta' (3), '{' (8)
Set MATHPARSER_SPECULATE to speculate on possible notations.
(Finalizing... 2.52 sec)
Conversion complete 37 warnings (See /home/user/latex-in-arxiv/0303187.latexml.log) (reqd. 56.39s)
