latexmlpost (LaTeXML version 0.8.6) paginating /home/user/latex-in-arxiv/2003/0303136.xml
(post-processing...
(Scan  processing...
Scan: DBStatus: 712/0 objects
 0.21 sec)
(MakeBibliography  processing...
Error:missing_file:slac Couldn't find Bibliography 'slac'
	at Post::MakeBibliography[@0x5604890eb9d8]
	Searchpaths were /home/user/latex-in-arxiv/2003,/home/user/latex-in-arxiv,.
	In Post::MakeBibliography[@0x5604890eb9d8] ->getBibliographies
Info:expected:slac Couldn't find usable Bibliography for 'slac'
	at Post::MakeBibliography[@0x5604890eb9d8]
MakeBibliography: using bibliographies slac]
MakeBibliography: 26 bibentries, 0 cited
Warning:expected:bibkeys Missing bibkeys 'thooft:1976fv, affleck:1981mp, arnold:1991pe, belavin:1975fg, bezrukov:2001dg, bezrukov:2003dg, bezrukov:2003yf, bonini:1999kj, callan:1978gz, diakonov:1984hh, espinosa:1990qn, forster:1977ip, khlebnikov:1991th, khlebnikov:1991ue, khoze:1991sa, kuznetsov:1996cm, kuznetsov:1997sf, mattis:1992bj, mueller:1991fa, mueller:1993sc, porrati:1990rk, ringwald:1990ee, rubakov:1992ec, tinyakov:1992fn, tinyakov:1993dr, zakharov:1992dj
	In Post::MakeBibliography[@0x5604890eb9d8] ->getBibEntries
Scan: DBStatus: 713/0 objects
 1.72 sec)
(CrossRef  processing...
Warning:expected:ids Missing Entry for citation: Ringwald:1990ee,Callan:1978gz,Bezrukov:2001dg,Forster:1977ip,Tinyakov:1993dr,Arnold:1991pe,Zakharov:1992dj,Bezrukov:2003yf,Khlebnikov:1991th,Mueller:1993sc,Tinyakov:1992fn,Khoze:1991sa,Porrati:1990rk,Belavin:1975fg,Bonini:1999kj,Kuznetsov:1997sf,Khlebnikov:1991ue,Mueller:1991fa,Affleck:1981mp,Bezrukov:2003dg,'tHooft:1976fv,Kuznetsov:1996cm,Mattis:1992bj,Espinosa:1990qn,Diakonov:1984hh,Rubakov:1992ec
	In Post::CrossRef[@0x560489186c10] ->process
Warning:expected:ids Missing File location for ID: S3.F3,S3.F5,S3.E22,S3.E10,S2.E3.2,S2.E5.2,S3.E20,S1.E1,S2.F1,S3.E7.3,S3.F2,S1.E2,S3.E14,S2.E3.3,S3.F4,S2.E4,S3.E24,S3.E23,S3.E11,S2.E3.1,S3.E6
	In Post::CrossRef[@0x560489186c10] ->process
Warning:expected:ids Missing Target for Label: LABEL:2-3a,LABEL:3-14
	In Post::CrossRef[@0x560489186c10] ->process
 0.15 sec)
(Writer  processing... 0.01 sec) 2.09 sec)
Postprocessing complete 4 warnings; 1 error (See /home/user/latex-in-arxiv/0303136.latexmlpost.log) (reqd. 2.30s)
