latexml (LaTeXML version 0.8.6) processing 2003/0303048.tex
(Digesting TeX 0303048...
(Loading /usr/share/perl5/LaTeXML/Package/TeX.pool.ltxml...
(Loading /usr/share/perl5/LaTeXML/Package/eTeX.pool.ltxml... 0.00 sec)
(Loading /usr/share/perl5/LaTeXML/Package/pdfTeX.pool.ltxml... 0.01 sec) 0.11 sec)
(Processing content /home/user/latex-in-arxiv/2003/0303048.tex...
(Loading /usr/share/perl5/LaTeXML/Package/LaTeX.pool.ltxml...
(Loading /usr/share/perl5/LaTeXML/Package/textcomp.sty.ltxml...
(Processing definitions /usr/share/texlive/texmf-dist/tex/latex-dev/base/ts1enc.dfu... 0.02 sec) 0.84 sec) 0.99 sec)
(Loading /usr/share/perl5/LaTeXML/Package/article.cls.ltxml... 0.01 sec)
(Loading /usr/share/perl5/LaTeXML/Package/amsmath.sty.ltxml...
(Loading /usr/share/perl5/LaTeXML/Package/amsbsy.sty.ltxml...
(Loading /usr/share/perl5/LaTeXML/Package/amsgen.sty.ltxml... 0.00 sec) 0.01 sec)
(Loading /usr/share/perl5/LaTeXML/Package/amstext.sty.ltxml... 0.00 sec)
(Loading /usr/share/perl5/LaTeXML/Package/amsopn.sty.ltxml... 0.00 sec) 0.03 sec)
Info:unexpected:options Unused global options: reqno
	at 0303048.tex; line 63 col 16 - line 63 col 16
 6.77 sec) 6.91 sec)
(Building...
(Loading compiled schema /usr/share/perl5/LaTeXML/resources/RelaxNG/LaTeXML.model... 0.01 sec) 12.86 sec)
(Rewriting... 0.59 sec)
(Math Parsing 518 formulae ......
Warning:not_parsed:UNKNOWN.POSTSUBSCRIPT.POSTSUPERSCRIPT>FLOATSUBSCRIPT MathParser failed to match rule 'Anything'
	at 0303048.tex; line 239 col 49 - line 239 col 66
	In "${\Omega_{\hat{A}}}^{a}{}_{b}$"
	Ω[[UNKNOWN]] _{\hat{A}}[[POSTSUBSCRIPT]] ^{a}[[POSTSUPERSCRIPT]]
	        > {}_{b}[[FLOATSUBSCRIPT]]
Warning:not_parsed:ARROW.UNKNOWN.POSTSUPERSCRIPT>FLOATSUBSCRIPT MathParser failed to match rule 'Anything'
	at 0303048.tex; line 247 col 25 - line 247 col 64
	In "$\lambda^{a}\rightarrow S^{a}{}_{b}(\phi)\,\lambda^{b}$"
	λ[[UNKNOWN]] ^{a}[[POSTSUPERSCRIPT]] →[[ARROW]] S[[UNKNOWN]] ^{a}[[POSTSUPERSCRIPT]]
	        > {}_{b}[[FLOATSUBSCRIPT]] ([[OPEN]] ϕ[[UNKNOWN]] )[[CLOSE]] λ[[UNKNOWN]] ^{b}[[POSTSUPERSCRIPT]]
Warning:not_parsed:ATOM>OPEN MathParser failed to match rule 'Subscript'
	at 0303048.tex; line 278 col 33 - line 278 col 33
	In "\begin{equation}\gamma^{\hat{A}}_{ia}\,V_{\!{\hat{B}}}^{aj}+\bar{\gamma}^{j}{}%
	^{\hat{A}}_{\bar{a}}\,\bar{V}_{\!{\hat{B}}i}^{{\bar{a}}}=\delta_{i}^{j}\,%
	\delta^{\hat{A}}_{\hat{B}}\ ,\qquad\gamma_{ib}^{\hat{A}}\,V_{\!{\hat{A}}}^{aj}%
	=\delta_{i}^{j}\,\delta_{b}^{a}\ ,\qquad\bar{V}_{\!{\hat{A}}(i}^{{\bar{a}}}\,%
	\gamma_{j)b}^{\hat{A}}=0\ .\end{equation}"
	\hat{A}[[UNKNOWN]]
	        > ([[OPEN]] i[[UNKNOWN]]
Warning:not_parsed:UNKNOWN>CLOSE MathParser failed to match rule 'Subscript'
	at 0303048.tex; line 278 col 45 - line 278 col 45
	j[[UNKNOWN]]
	        > )[[CLOSE]] b[[UNKNOWN]]
Warning:not_parsed:POSTSUPERSCRIPT.ATOM.POSTSUPERSCRIPT>FLOATSUBSCRIPT MathParser failed to match rule 'Anything'
	at 0303048.tex; line 282 col 17 - line 285 col 15
	In "\begin{equation}G_{{\hat{A}}{\hat{B}}}=h_{a{\bar{b}}}\,V_{\!{\hat{A}}}^{ai}\,%
	\bar{V}_{\!{\hat{B}}i}^{{\bar{b}}}\ ,\qquad h_{a{\bar{b}}}=\tfrac{1}{2}\,G_{{%
	\hat{A}}{\hat{B}}}\,\gamma_{ia}^{\hat{A}}\,\bar{\gamma}^{i}{}_{\bar{b}}^{\hat{%
	B}}\ .\end{equation}"
	G[[UNKNOWN]] _{{\hat{A}}{\hat{B}}}[[POSTSUBSCRIPT]] =[[RELOP]] h[[UNKNOWN]] _{a{\bar{b}}}[[POSTSUBSCRIPT]] V[[UNKNOWN]] _{\!{\hat{A}}}[[POSTSUBSCRIPT]] ^{ai}[[POSTSUPERSCRIPT]] \bar{V}[[UNKNOWN]] _{\!{\hat{B}}i}[[POSTSUBSCRIPT]] ^{{\bar{b}}}[[POSTSUPERSCRIPT]] ,[[PUNCT]] h[[UNKNOWN]] _{a{\bar{b}}}[[POSTSUBSCRIPT]] =[[RELOP]] \tfrac{1}{2}[[UNKNOWN]] G[[UNKNOWN]] _{{\hat{A}}{\hat{B}}}[[POSTSUBSCRIPT]] γ[[UNKNOWN]] _{ia}[[POSTSUBSCRIPT]] ^{\hat{A}}[[POSTSUPERSCRIPT]] \bar{\gamma}[[UNKNOWN]] ^{i}[[POSTSUPERSCRIPT]]
	        > {}_{\bar{b}}[[FLOATSUBSCRIPT]] ^{\hat{B}}[[POSTSUPERSCRIPT]]
Warning:not_parsed:POSTSUPERSCRIPT.UNKNOWN.POSTSUBSCRIPT>FLOATSUPERSCRIPT MathParser failed to match rule 'Anything'
	at 0303048.tex; line 301 col 16 - line 305 col 15
	In "\begin{equation}W_{ab\,{\bar{a}}{\bar{b}}}=-\tfrac{1}{2}\,h_{c{\bar{a}}}\,%
	\gamma_{ia}^{\hat{A}}\,\bar{\gamma}^{i}{}_{\bar{b}}^{\hat{B}}\,R_{{\hat{A}}{%
	\hat{B}}}{}^{c}{}_{b}=-\tfrac{1}{4}\,\gamma^{\hat{A}}_{ia}\,\bar{\gamma}^{i}{}%
	^{\hat{B}}_{\bar{b}}\,\gamma^{\hat{C}}_{jb}\,\bar{\gamma}^{j}{}^{\hat{D}}_{%
	\bar{a}}\,R_{{\hat{A}}{\hat{B}}{\hat{C}}{\hat{D}}}\ ,\end{equation}"
	W[[UNKNOWN]] _{ab\,{\bar{a}}{\bar{b}}}[[POSTSUBSCRIPT]] =[[RELOP]] -[[ADDOP]] \tfrac{1}{2}[[UNKNOWN]] h[[UNKNOWN]] _{c{\bar{a}}}[[POSTSUBSCRIPT]] γ[[UNKNOWN]] _{ia}[[POSTSUBSCRIPT]] ^{\hat{A}}[[POSTSUPERSCRIPT]] \bar{\gamma}[[UNKNOWN]] ^{i}[[POSTSUPERSCRIPT]] {}_{\bar{b}}[[FLOATSUBSCRIPT]] ^{\hat{B}}[[POSTSUPERSCRIPT]] R[[UNKNOWN]] _{{\hat{A}}{\hat{B}}}[[POSTSUBSCRIPT]]
	        > {}^{c}[[FLOATSUPERSCRIPT]] {}_{b}[[FLOATSUBSCRIPT]] =[[RELOP]] -[[ADDOP]] \tfrac{1}{4}[[UNKNOWN]] γ[[UNKNOWN]] ^{\hat{A}}[[POSTSUPERSCRIPT]] _{ia}[[POSTSUBSCRIPT]] \bar{\gamma}[[UNKNOWN]] ^{i}[[POSTSUPERSCRIPT]] {}^{\hat{B}}[[FLOATSUPERSCRIPT]] _{\bar{b}}[[POSTSUBSCRIPT]] γ[[UNKNOWN]] ^{\hat{C}}[[POSTSUPERSCRIPT]] _{jb}[[POSTSUBSCRIPT]] \bar{\gamma}[[UNKNOWN]] ^{j}[[POSTSUPERSCRIPT]] {}^{\hat{D}}[[FLOATSUPERSCRIPT]] _{\bar{a}}[[POSTSUBSCRIPT]] R[[UNKNOWN]] _{{\hat{A}}{\hat{B}}{\hat{C}}{\hat{D}}}[[POSTSUBSCRIPT]]
Warning:not_parsed:OPEN.ATOM> MathParser failed to match rule 'Subscript'
	at 0303048.tex; line 306 col 42 - line 306 col 42
	In "$R_{{\hat{A}}{\hat{B}}}=2(\partial_{[{\hat{A}}}+\Omega_{[{\hat{A}}})\,\Omega_{%
	{\hat{B}}]}$"
	[[[OPEN]] \hat{A}[[UNKNOWN]]
	        > 
Warning:not_parsed:OPEN.ATOM> MathParser failed to match rule 'Subscript'
	at 0303048.tex; line 306 col 55 - line 306 col 55
	[[[OPEN]] \hat{A}[[UNKNOWN]]
	        > 
Warning:not_parsed:ATOM>CLOSE MathParser failed to match rule 'Subscript'
	at 0303048.tex; line 306 col 70 - line 306 col 70
	\hat{B}[[UNKNOWN]]
	        > ][[CLOSE]]
Warning:not_parsed:UNKNOWN.POSTSUBSCRIPT.POSTSUPERSCRIPT>FLOATSUBSCRIPT MathParser failed to match rule 'Anything'
	at 0303048.tex; line 355 col 17 - line 357 col 15
	In "\begin{equation}{t_{I}}^{a}{}_{b}(\phi)=\tfrac{1}{2}\,V_{\!{\hat{B}}}^{ai}\,%
	\gamma^{\hat{A}}_{ib}\,D_{\hat{A}}k^{\hat{B}}_{I}\ .\end{equation}"
	t[[UNKNOWN]] _{I}[[POSTSUBSCRIPT]] ^{a}[[POSTSUPERSCRIPT]]
	        > {}_{b}[[FLOATSUBSCRIPT]] ([[OPEN]] ϕ[[UNKNOWN]] )[[CLOSE]] =[[RELOP]] \tfrac{1}{2}[[UNKNOWN]] V[[UNKNOWN]] _{\!{\hat{B}}}[[POSTSUBSCRIPT]] ^{ai}[[POSTSUPERSCRIPT]] γ[[UNKNOWN]] ^{\hat{A}}[[POSTSUPERSCRIPT]] _{ib}[[POSTSUBSCRIPT]] D[[UNKNOWN]] _{\hat{A}}[[POSTSUBSCRIPT]] k[[UNKNOWN]] ^{\hat{B}}[[POSTSUPERSCRIPT]] _{I}[[POSTSUBSCRIPT]]
Warning:not_parsed:ARROW.UNKNOWN.POSTSUPERSCRIPT>FLOATSUBSCRIPT MathParser failed to match rule 'Anything'
	at 0303048.tex; line 371 col 63 - line 372 col 31
	In "$\lambda^{a}\rightarrow S^{a}{}_{b}(\phi)\lambda^{b}$"
	λ[[UNKNOWN]] ^{a}[[POSTSUPERSCRIPT]] →[[ARROW]] S[[UNKNOWN]] ^{a}[[POSTSUPERSCRIPT]]
	        > {}_{b}[[FLOATSUBSCRIPT]] ([[OPEN]] ϕ[[UNKNOWN]] )[[CLOSE]] λ[[UNKNOWN]] ^{b}[[POSTSUPERSCRIPT]]
Warning:not_parsed:POSTSUBSCRIPT.UNKNOWN.POSTSUPERSCRIPT>FLOATSUBSCRIPT MathParser failed to match rule 'Anything'
	at 0303048.tex; line 375 col 17 - line 377 col 15
	In "\begin{equation}\partial_{I}\,S^{a}{}_{b}=-S^{a}{}_{c}(t_{I}-\Omega_{I})^{c}{}%
	_{b}\ .\end{equation}"
	∂[[OPERATOR]] _{I}[[POSTSUBSCRIPT]] S[[UNKNOWN]] ^{a}[[POSTSUPERSCRIPT]]
	        > {}_{b}[[FLOATSUBSCRIPT]] =[[RELOP]] -[[ADDOP]] S[[UNKNOWN]] ^{a}[[POSTSUPERSCRIPT]] {}_{c}[[FLOATSUBSCRIPT]] ([[OPEN]] t[[UNKNOWN]] _{I}[[POSTSUBSCRIPT]] -[[ADDOP]] Ω[[UNKNOWN]] _{I}[[POSTSUBSCRIPT]] )[[CLOSE]] ^{c}[[POSTSUPERSCRIPT]] {}_{b}[[FLOATSUBSCRIPT]]
Warning:not_parsed:UNKNOWN.POSTSUBSCRIPT.POSTSUPERSCRIPT>FLOATSUBSCRIPT MathParser failed to match rule 'Anything'
	at 0303048.tex; line 381 col 0 - line 383 col 15
	In "\begin{equation}D_{\hat{A}}{t_{I}}^{a}{}_{b}=k^{\hat{B}}_{I}\,{R_{{\hat{A}}{%
	\hat{B}}}}^{a}{}_{b}\ .\end{equation}"
	D[[UNKNOWN]] _{\hat{A}}[[POSTSUBSCRIPT]] t[[UNKNOWN]] _{I}[[POSTSUBSCRIPT]] ^{a}[[POSTSUPERSCRIPT]]
	        > {}_{b}[[FLOATSUBSCRIPT]] =[[RELOP]] k[[UNKNOWN]] ^{\hat{B}}[[POSTSUPERSCRIPT]] _{I}[[POSTSUBSCRIPT]] R[[UNKNOWN]] _{{\hat{A}}{\hat{B}}}[[POSTSUBSCRIPT]] ^{a}[[POSTSUPERSCRIPT]] {}_{b}[[FLOATSUBSCRIPT]]
Warning:not_parsed:UNKNOWN.POSTSUBSCRIPT.POSTSUPERSCRIPT>FLOATSUBSCRIPT MathParser failed to match rule 'Anything'
	at 0303048.tex; line 393 col 0 - line 396 col 15
	In "\begin{equation}{\Omega_{I}}^{a}{}_{b}=\tfrac{1}{2}\,\Gamma_{\!I{\hat{A}}}{}^{%
	\hat{B}}\,V_{\hat{B}}^{ai}\,\gamma^{\hat{A}}_{ib}={t_{I}}^{a}{}_{b}\ .\end{equation}"
	Ω[[UNKNOWN]] _{I}[[POSTSUBSCRIPT]] ^{a}[[POSTSUPERSCRIPT]]
	        > {}_{b}[[FLOATSUBSCRIPT]] =[[RELOP]] \tfrac{1}{2}[[UNKNOWN]] Γ[[UNKNOWN]] _{\!I{\hat{A}}}[[POSTSUBSCRIPT]] {}^{\hat{B}}[[FLOATSUPERSCRIPT]] V[[UNKNOWN]] _{\hat{B}}[[POSTSUBSCRIPT]] ^{ai}[[POSTSUPERSCRIPT]] γ[[UNKNOWN]] ^{\hat{A}}[[POSTSUPERSCRIPT]] _{ib}[[POSTSUBSCRIPT]] =[[RELOP]] t[[UNKNOWN]] _{I}[[POSTSUBSCRIPT]] ^{a}[[POSTSUPERSCRIPT]] {}_{b}[[FLOATSUBSCRIPT]]
Warning:not_parsed:ARROW.UNKNOWN.POSTSUPERSCRIPT>FLOATSUBSCRIPT MathParser failed to match rule 'Anything'
	at 0303048.tex; line 398 col 61 - line 399 col 33
	In "$\lambda^{a}\rightarrow S^{a}{}_{b}(\phi^{A})\lambda^{b}$"
	λ[[UNKNOWN]] ^{a}[[POSTSUPERSCRIPT]] →[[ARROW]] S[[UNKNOWN]] ^{a}[[POSTSUPERSCRIPT]]
	        > {}_{b}[[FLOATSUBSCRIPT]] ([[OPEN]] ϕ[[UNKNOWN]] ^{A}[[POSTSUPERSCRIPT]] )[[CLOSE]] λ[[UNKNOWN]] ^{b}[[POSTSUPERSCRIPT]]
Warning:not_parsed:OPEN.UNKNOWN> MathParser failed to match rule 'Subscript'
	at 0303048.tex; line 417 col 28 - line 417 col 28
	In "\begin{equation}{\Omega_{I}}^{b}{}_{a}h_{b{\bar{a}}}+\bar{\Omega}_{I}{}^{\bar{%
	b}}{}_{\bar{a}}h_{a{\bar{b}}}=0\ ,\qquad{\Omega_{I}}^{c}{}_{[a}\,\mathcal{E}_{%
	b]c}=0\ ,\end{equation}"
	[[[OPEN]] a[[UNKNOWN]]
	        > 
Warning:not_parsed:UNKNOWN>CLOSE MathParser failed to match rule 'Subscript'
	at 0303048.tex; line 417 col 40 - line 417 col 40
	b[[UNKNOWN]]
	        > ][[CLOSE]] c[[UNKNOWN]]
Warning:not_parsed:UNKNOWN.POSTSUBSCRIPT>FLOATSUPERSCRIPT MathParser failed to match rule 'Anything'
	at 0303048.tex; line 513 col 17 - line 515 col 15
	In "\begin{equation}\Gamma_{\!A}{}^{a}{}_{b}={\Omega_{A}}^{a}{}_{b}-A^{I}_{A}{%
	\Omega_{I}}^{a}{}_{b}\ .\end{equation}"
	Γ[[UNKNOWN]] _{\!A}[[POSTSUBSCRIPT]]
	        > {}^{a}[[FLOATSUPERSCRIPT]] {}_{b}[[FLOATSUBSCRIPT]] =[[RELOP]] Ω[[UNKNOWN]] _{A}[[POSTSUBSCRIPT]] ^{a}[[POSTSUPERSCRIPT]] {}_{b}[[FLOATSUBSCRIPT]] -[[ADDOP]] A[[UNKNOWN]] ^{I}[[POSTSUPERSCRIPT]] _{A}[[POSTSUBSCRIPT]] Ω[[UNKNOWN]] _{I}[[POSTSUBSCRIPT]] ^{a}[[POSTSUPERSCRIPT]] {}_{b}[[FLOATSUBSCRIPT]]
Warning:not_parsed:UNKNOWN.POSTSUBSCRIPT>FLOATSUPERSCRIPT MathParser failed to match rule 'Anything'
	at 0303048.tex; line 516 col 3 - line 516 col 13
	In "$\Gamma_{\!A}{}^{a}{}_{b}$"
	Γ[[UNKNOWN]] _{\!A}[[POSTSUBSCRIPT]]
	        > {}^{a}[[FLOATSUPERSCRIPT]] {}_{b}[[FLOATSUBSCRIPT]]
Warning:not_parsed:UNKNOWN.POSTSUBSCRIPT.POSTSUPERSCRIPT>FLOATSUBSCRIPT MathParser failed to match rule 'Anything'
	at 0303048.tex; line 518 col 7 - line 518 col 23
	In "${\Omega_{A}}^{a}{}_{b}$"
	Ω[[UNKNOWN]] _{A}[[POSTSUBSCRIPT]] ^{a}[[POSTSUPERSCRIPT]]
	        > {}_{b}[[FLOATSUBSCRIPT]]
Warning:not_parsed:OPEN.UNKNOWN> MathParser failed to match rule 'Subscript'
	at 0303048.tex; line 522 col 0 - line 522 col 68
	In "\begin{equation}V_{ab\,{\bar{a}}{\bar{b}}}=W_{ab\,{\bar{a}}{\bar{b}}}+4h_{c{%
	\bar{a}}}\,{\Omega_{I}}^{c}{}_{(a}M^{IJ}{\Omega_{J}}^{d}{}_{b)}\,h_{d{\bar{b}}%
	}\ .\end{equation}"
	([[OPEN]] a[[UNKNOWN]]
	        > 
Warning:not_parsed:UNKNOWN>CLOSE MathParser failed to match rule 'Subscript'
	at 0303048.tex; line 523 col 28 - line 523 col 28
	b[[UNKNOWN]]
	        > )[[CLOSE]]
Warning:not_parsed:ADDOP>OPEN MathParser failed to match rule 'Anything'
	at 0303048.tex; line 568 col 8 - line 568 col 8
	In "$\displaystyle\quad\,-\big{[}\delta_{\epsilon}\phi^{\hat{A}}\,{\Omega_{\hat{A}%
	}}^{a}{}_{b}-2M^{IJ}V_{\!I}^{ai}h_{c{\bar{b}}}\,{\Omega_{J}}^{c}{}_{b}\,\bar{%
	\epsilon}_{i}\bar{\lambda}^{\bar{b}}\,\big{]}\lambda^{b}\ .\@@ENDINLINEMATH"
	-[[ADDOP]]
	        > [[[OPEN]] δ[[UNKNOWN]] _{\epsilon}[[POSTSUBSCRIPT]] ϕ[[UNKNOWN]] ^{\hat{A}}[[POSTSUPERSCRIPT]] Ω[[UNKNOWN]] _{\hat{A}}[[POSTSUBSCRIPT]] ^{a}[[POSTSUPERSCRIPT]] {}_{b}[[FLOATSUBSCRIPT]] -[[ADDOP]] 2[[NUMBER]] M[[UNKNOWN]] ^{IJ}[[POSTSUPERSCRIPT]] V[[UNKNOWN]] _{\!I}[[POSTSUBSCRIPT]] ^{ai}[[POSTSUPERSCRIPT]] h[[UNKNOWN]] _{c{\bar{b}}}[[POSTSUBSCRIPT]] Ω[[UNKNOWN]] _{J}[[POSTSUBSCRIPT]] ^{c}[[POSTSUPERSCRIPT]] {}_{b}[[FLOATSUBSCRIPT]] \bar{\epsilon}[[UNKNOWN]] _{i}[[POSTSUBSCRIPT]] \bar{\lambda}[[UNKNOWN]] ^{\bar{b}}[[POSTSUPERSCRIPT]] ][[CLOSE]] λ[[UNKNOWN]] ^{b}[[POSTSUPERSCRIPT]]
Warning:not_parsed:ADDOP>OPEN MathParser failed to match rule 'Anything'
	at 0303048.tex; line 568 col 8 - line 571 col 12
	In "$\displaystyle\quad\,-\big{[}\delta_{\epsilon}\phi^{\hat{A}}\,{\Omega_{\hat{A}%
	}}^{a}{}_{b}-2M^{IJ}V_{\!I}^{ai}h_{c{\bar{b}}}\,{\Omega_{J}}^{c}{}_{b}\,\bar{%
	\epsilon}_{i}\bar{\lambda}^{\bar{b}}\,\big{]}\lambda^{b}\ .$"
	-[[ADDOP]]
	        > [[[OPEN]] δ[[UNKNOWN]] _{\epsilon}[[POSTSUBSCRIPT]] ϕ[[UNKNOWN]] ^{\hat{A}}[[POSTSUPERSCRIPT]] Ω[[UNKNOWN]] _{\hat{A}}[[POSTSUBSCRIPT]] ^{a}[[POSTSUPERSCRIPT]] {}_{b}[[FLOATSUBSCRIPT]] -[[ADDOP]] 2[[NUMBER]] M[[UNKNOWN]] ^{IJ}[[POSTSUPERSCRIPT]] V[[UNKNOWN]] _{\!I}[[POSTSUBSCRIPT]] ^{ai}[[POSTSUPERSCRIPT]] h[[UNKNOWN]] _{c{\bar{b}}}[[POSTSUBSCRIPT]] Ω[[UNKNOWN]] _{J}[[POSTSUBSCRIPT]] ^{c}[[POSTSUPERSCRIPT]] {}_{b}[[FLOATSUBSCRIPT]] \bar{\epsilon}[[UNKNOWN]] _{i}[[POSTSUBSCRIPT]] \bar{\lambda}[[UNKNOWN]] ^{\bar{b}}[[POSTSUPERSCRIPT]] ][[CLOSE]] λ[[UNKNOWN]] ^{b}[[POSTSUPERSCRIPT]]
Warning:not_parsed:PUNCT.UNKNOWN.POSTSUPERSCRIPT>FLOATSUBSCRIPT MathParser failed to match rule 'Anything'
	at 0303048.tex; line 623 col 11 - line 626 col 13
	In "$\displaystyle W_{\!A}^{ai}=V_{\!A}^{ai}-A_{A}^{I}V_{\!I}^{ai}\ ,\qquad\Gamma^%
	{Ia}{}_{b}=M^{IJ}{\Omega_{J}}^{a}{}_{b}\ ,\qquad k_{Ib{\bar{b}}}=\mathrm{i}h_{%
	c{\bar{b}}}\,{\Omega_{I}}^{c}{}_{b}\ .$"
	W[[UNKNOWN]] _{\!A}[[POSTSUBSCRIPT]] ^{ai}[[POSTSUPERSCRIPT]] =[[RELOP]] V[[UNKNOWN]] _{\!A}[[POSTSUBSCRIPT]] ^{ai}[[POSTSUPERSCRIPT]] -[[ADDOP]] A[[UNKNOWN]] _{A}[[POSTSUBSCRIPT]] ^{I}[[POSTSUPERSCRIPT]] V[[UNKNOWN]] _{\!I}[[POSTSUBSCRIPT]] ^{ai}[[POSTSUPERSCRIPT]] ,[[PUNCT]] Γ[[UNKNOWN]] ^{Ia}[[POSTSUPERSCRIPT]]
	        > {}_{b}[[FLOATSUBSCRIPT]] =[[RELOP]] M[[UNKNOWN]] ^{IJ}[[POSTSUPERSCRIPT]] Ω[[UNKNOWN]] _{J}[[POSTSUBSCRIPT]] ^{a}[[POSTSUPERSCRIPT]] {}_{b}[[FLOATSUBSCRIPT]] ,[[PUNCT]] k[[UNKNOWN]] _{Ib{\bar{b}}}[[POSTSUBSCRIPT]] =[[RELOP]] i[[UNKNOWN]] h[[UNKNOWN]] _{c{\bar{b}}}[[POSTSUBSCRIPT]] Ω[[UNKNOWN]] _{I}[[POSTSUBSCRIPT]] ^{c}[[POSTSUPERSCRIPT]] {}_{b}[[FLOATSUBSCRIPT]]
Warning:not_parsed:ARROW.UNKNOWN.POSTSUPERSCRIPT>FLOATSUBSCRIPT MathParser failed to match rule 'Anything'
	at 0303048.tex; line 648 col 23 - line 648 col 56
	In "$\lambda^{a}\rightarrow S^{a}{}_{b}(\phi)\lambda^{b}$"
	λ[[UNKNOWN]] ^{a}[[POSTSUPERSCRIPT]] →[[ARROW]] S[[UNKNOWN]] ^{a}[[POSTSUPERSCRIPT]]
	        > {}_{b}[[FLOATSUBSCRIPT]] ([[OPEN]] ϕ[[UNKNOWN]] )[[CLOSE]] λ[[UNKNOWN]] ^{b}[[POSTSUPERSCRIPT]]
Warning:not_parsed:POSTSUBSCRIPT.ATOM.POSTSUPERSCRIPT>FLOATSUBSCRIPT MathParser failed to match rule 'Anything'
	at 0303048.tex; line 661 col 5 - line 663 col 13
	In "$\displaystyle\gamma_{ia}^{A}\,\bar{W}_{\!Aj}^{{\bar{a}}}+g_{Iia}\,\bar{f}^{I{%
	\bar{a}}}{}_{j}+(i\leftrightarrow j)=0\ ,$"
	γ[[UNKNOWN]] _{ia}[[POSTSUBSCRIPT]] ^{A}[[POSTSUPERSCRIPT]] \bar{W}[[UNKNOWN]] _{\!Aj}[[POSTSUBSCRIPT]] ^{{\bar{a}}}[[POSTSUPERSCRIPT]] +[[ADDOP]] g[[UNKNOWN]] _{Iia}[[POSTSUBSCRIPT]] \bar{f}[[UNKNOWN]] ^{I{\bar{a}}}[[POSTSUPERSCRIPT]]
	        > {}_{j}[[FLOATSUBSCRIPT]] +[[ADDOP]] ([[OPEN]] i[[UNKNOWN]] ↔[[METARELOP]] j[[UNKNOWN]] )[[CLOSE]] =[[RELOP]] 0[[NUMBER]]
Warning:not_parsed:ATOM.ADDOP.ATOM>OPEN MathParser failed to match rule 'Anything'
	at 0303048.tex; line 665 col 0 - line 670 col 15
	In "\begin{equation}\begin{pmatrix}\gamma_{ia}^{A}\,W_{\!B}^{aj}&\gamma_{ia}^{A}\,%
	f^{Jaj}\\[2.0pt]
	g_{Iia}\,W_{\!B}^{aj}&g_{Iia}\,f^{Jaj}\end{pmatrix}+\text{c.c.}(i%
	\leftrightarrow j)=\delta_{i}^{j}\begin{pmatrix}\delta_{B}^{A}&0\\[2.0pt]
	0&\delta_{I}^{J}\end{pmatrix}\ .\end{equation}"
	\begin{pmatrix}\gamma_{ia}^{A}\,W_{\!B}^{aj}&\gamma_{ia}^{A}\,f^{Jaj}\\[2.0pt]
	g_{Iia}\,W_{\!B}^{aj}&g_{Iia}\,f^{Jaj}\end{pmatrix}[[UNKNOWN]] +[[ADDOP]] \text{c.c.}[[UNKNOWN]]
	        > ([[OPEN]] i[[UNKNOWN]] ↔[[METARELOP]] j[[UNKNOWN]] )[[CLOSE]] =[[RELOP]] δ[[UNKNOWN]] _{i}[[POSTSUBSCRIPT]] ^{j}[[POSTSUPERSCRIPT]] \begin{pmatrix}\delta_{B}^{A}&0\\[2.0pt]
	0&\delta_{I}^{J}\end{pmatrix}[[UNKNOWN]]
Warning:not_parsed:POSTSUBSCRIPT.ATOM.POSTSUPERSCRIPT>FLOATSUBSCRIPT MathParser failed to match rule 'Anything'
	at 0303048.tex; line 674 col 0 - line 677 col 15
	In "\begin{equation}\mathcal{G}_{AB}\,\gamma_{ia}^{B}=h_{a{\bar{b}}}\,\bar{W}_{\!%
	Ai}^{{\bar{b}}}\ ,\qquad M^{IJ}g_{Jia}=h_{a{\bar{a}}}\bar{f}^{I{\bar{a}}}{}_{i%
	}\ .\end{equation}"
	G[[UNKNOWN]] _{AB}[[POSTSUBSCRIPT]] γ[[UNKNOWN]] _{ia}[[POSTSUBSCRIPT]] ^{B}[[POSTSUPERSCRIPT]] =[[RELOP]] h[[UNKNOWN]] _{a{\bar{b}}}[[POSTSUBSCRIPT]] \bar{W}[[UNKNOWN]] _{\!Ai}[[POSTSUBSCRIPT]] ^{{\bar{b}}}[[POSTSUPERSCRIPT]] ,[[PUNCT]] M[[UNKNOWN]] ^{IJ}[[POSTSUPERSCRIPT]] g[[UNKNOWN]] _{Jia}[[POSTSUBSCRIPT]] =[[RELOP]] h[[UNKNOWN]] _{a{\bar{a}}}[[POSTSUBSCRIPT]] \bar{f}[[UNKNOWN]] ^{I{\bar{a}}}[[POSTSUPERSCRIPT]]
	        > {}_{i}[[FLOATSUBSCRIPT]]
Warning:not_parsed:POSTSUPERSCRIPT.ATOM.POSTSUPERSCRIPT>FLOATSUBSCRIPT MathParser failed to match rule 'Anything'
	at 0303048.tex; line 680 col 5 - line 681 col 65
	In "$\displaystyle\mathcal{G}_{AB}=h_{a{\bar{b}}}\,W_{\!A}^{ai}\,\bar{W}_{\!Bi}^{{%
	\bar{b}}}\ ,\qquad M^{IJ}=h_{a{\bar{b}}}\,f^{Iai}\bar{f}^{J{\bar{b}}}{}_{i}$"
	G[[UNKNOWN]] _{AB}[[POSTSUBSCRIPT]] =[[RELOP]] h[[UNKNOWN]] _{a{\bar{b}}}[[POSTSUBSCRIPT]] W[[UNKNOWN]] _{\!A}[[POSTSUBSCRIPT]] ^{ai}[[POSTSUPERSCRIPT]] \bar{W}[[UNKNOWN]] _{\!Bi}[[POSTSUBSCRIPT]] ^{{\bar{b}}}[[POSTSUPERSCRIPT]] ,[[PUNCT]] M[[UNKNOWN]] ^{IJ}[[POSTSUPERSCRIPT]] =[[RELOP]] h[[UNKNOWN]] _{a{\bar{b}}}[[POSTSUBSCRIPT]] f[[UNKNOWN]] ^{Iai}[[POSTSUPERSCRIPT]] \bar{f}[[UNKNOWN]] ^{J{\bar{b}}}[[POSTSUPERSCRIPT]]
	        > {}_{i}[[FLOATSUBSCRIPT]]
Warning:not_parsed:POSTSUBSCRIPT.ATOM.POSTSUPERSCRIPT>FLOATSUPERSCRIPT MathParser failed to match rule 'Anything'
	at 0303048.tex; line 682 col 5 - line 683 col 54
	In "$\displaystyle\delta_{i}^{j}\,h_{a{\bar{b}}}=\mathcal{G}_{AB}\,\gamma^{A}_{ia}%
	\,\bar{\gamma}^{j}{}^{B}_{\bar{b}}+M^{IJ}g_{Iia}\,\bar{g}^{j}_{J{\bar{b}}}$"
	δ[[UNKNOWN]] _{i}[[POSTSUBSCRIPT]] ^{j}[[POSTSUPERSCRIPT]] h[[UNKNOWN]] _{a{\bar{b}}}[[POSTSUBSCRIPT]] =[[RELOP]] G[[UNKNOWN]] _{AB}[[POSTSUBSCRIPT]] γ[[UNKNOWN]] ^{A}[[POSTSUPERSCRIPT]] _{ia}[[POSTSUBSCRIPT]] \bar{\gamma}[[UNKNOWN]] ^{j}[[POSTSUPERSCRIPT]]
	        > {}^{B}[[FLOATSUPERSCRIPT]] _{\bar{b}}[[POSTSUBSCRIPT]] +[[ADDOP]] M[[UNKNOWN]] ^{IJ}[[POSTSUPERSCRIPT]] g[[UNKNOWN]] _{Iia}[[POSTSUBSCRIPT]] \bar{g}[[UNKNOWN]] ^{j}[[POSTSUPERSCRIPT]] _{J{\bar{b}}}[[POSTSUBSCRIPT]]
Warning:not_parsed:OPEN.UNKNOWN> MathParser failed to match rule 'Subscript'
	at 0303048.tex; line 702 col 55 - line 702 col 55
	In "$F_{AB}{}^{I}=2\partial_{[A}A_{B]}^{I}$"
	[[[OPEN]] A[[UNKNOWN]]
	        > 
Warning:not_parsed:UNKNOWN>CLOSE MathParser failed to match rule 'Subscript'
	at 0303048.tex; line 702 col 64 - line 702 col 64
	B[[UNKNOWN]]
	        > ][[CLOSE]]
Warning:not_parsed:UNKNOWN.POSTSUBSCRIPT>FLOATSUPERSCRIPT MathParser failed to match rule 'Anything'
	at 0303048.tex; line 702 col 37 - line 702 col 67
	F[[UNKNOWN]] _{AB}[[POSTSUBSCRIPT]]
	        > {}^{I}[[FLOATSUPERSCRIPT]] =[[RELOP]] 2[[NUMBER]] ∂[[OPERATOR]] _{[A}[[POSTSUBSCRIPT]] A[[UNKNOWN]] _{B]}[[POSTSUBSCRIPT]] ^{I}[[POSTSUPERSCRIPT]]
Warning:not_parsed:UNKNOWN.POSTSUBSCRIPT>FLOATSUPERSCRIPT MathParser failed to match rule 'Anything'
	at 0303048.tex; line 704 col 15 - line 704 col 25
	In "$\Gamma_{\!A}{}^{a}{}_{b}$"
	Γ[[UNKNOWN]] _{\!A}[[POSTSUBSCRIPT]]
	        > {}^{a}[[FLOATSUPERSCRIPT]] {}_{b}[[FLOATSUBSCRIPT]]
Warning:not_parsed:UNKNOWN.POSTSUBSCRIPT>FLOATSUPERSCRIPT MathParser failed to match rule 'Anything'
	at 0303048.tex; line 704 col 61 - line 705 col 5
	In "$\Gamma_{\!AB}{}^{C}$"
	Γ[[UNKNOWN]] _{\!AB}[[POSTSUBSCRIPT]]
	        > {}^{C}[[FLOATSUPERSCRIPT]]
Warning:not_parsed:OPEN.UNKNOWN> MathParser failed to match rule 'Subscript'
	at 0303048.tex; line 706 col 52 - line 706 col 52
	In "$\mathcal{D}_{\!(A}W_{\!B)}^{ai}=0$"
	([[OPEN]] A[[UNKNOWN]]
	        > 
Warning:not_parsed:UNKNOWN>CLOSE MathParser failed to match rule 'Subscript'
	at 0303048.tex; line 706 col 62 - line 706 col 62
	B[[UNKNOWN]]
	        > )[[CLOSE]]
Warning:not_parsed:POSTSUBSCRIPT.UNKNOWN.POSTSUPERSCRIPT>FLOATSUBSCRIPT MathParser failed to match rule 'Anything'
	at 0303048.tex; line 712 col 21 - line 712 col 21
	In "$\displaystyle g_{Jia}\partial_{A}M^{IJ}-\mathcal{G}_{AB}\gamma^{B}_{ib}\,%
	\Gamma^{Ib}{}_{a}-h_{a{\bar{a}}}\,\mathcal{D}_{\!A}\bar{f}^{I{\bar{a}}}{}_{i}=0\@@ENDINLINEMATH"
	g[[UNKNOWN]] _{Jia}[[POSTSUBSCRIPT]] ∂[[OPERATOR]] _{A}[[POSTSUBSCRIPT]] M[[UNKNOWN]] ^{IJ}[[POSTSUPERSCRIPT]] -[[ADDOP]] G[[UNKNOWN]] _{AB}[[POSTSUBSCRIPT]] γ[[UNKNOWN]] ^{B}[[POSTSUPERSCRIPT]] _{ib}[[POSTSUBSCRIPT]] Γ[[UNKNOWN]] ^{Ib}[[POSTSUPERSCRIPT]]
	        > {}_{a}[[FLOATSUBSCRIPT]] -[[ADDOP]] h[[UNKNOWN]] _{a{\bar{a}}}[[POSTSUBSCRIPT]] D[[UNKNOWN]] _{\!A}[[POSTSUBSCRIPT]] \bar{f}[[UNKNOWN]] ^{I{\bar{a}}}[[POSTSUPERSCRIPT]] {}_{i}[[FLOATSUBSCRIPT]] =[[RELOP]] 0[[NUMBER]]
Warning:not_parsed:POSTSUBSCRIPT.UNKNOWN.POSTSUPERSCRIPT>FLOATSUBSCRIPT MathParser failed to match rule 'Anything'
	at 0303048.tex; line 712 col 21 - line 714 col 42
	In "$\displaystyle g_{Jia}\partial_{A}M^{IJ}-\mathcal{G}_{AB}\gamma^{B}_{ib}\,%
	\Gamma^{Ib}{}_{a}-h_{a{\bar{a}}}\,\mathcal{D}_{\!A}\bar{f}^{I{\bar{a}}}{}_{i}$"
	g[[UNKNOWN]] _{Jia}[[POSTSUBSCRIPT]] ∂[[OPERATOR]] _{A}[[POSTSUBSCRIPT]] M[[UNKNOWN]] ^{IJ}[[POSTSUPERSCRIPT]] -[[ADDOP]] G[[UNKNOWN]] _{AB}[[POSTSUBSCRIPT]] γ[[UNKNOWN]] ^{B}[[POSTSUPERSCRIPT]] _{ib}[[POSTSUBSCRIPT]] Γ[[UNKNOWN]] ^{Ib}[[POSTSUPERSCRIPT]]
	        > {}_{a}[[FLOATSUBSCRIPT]] -[[ADDOP]] h[[UNKNOWN]] _{a{\bar{a}}}[[POSTSUBSCRIPT]] D[[UNKNOWN]] _{\!A}[[POSTSUBSCRIPT]] \bar{f}[[UNKNOWN]] ^{I{\bar{a}}}[[POSTSUPERSCRIPT]] {}_{i}[[FLOATSUBSCRIPT]]
Warning:not_parsed:POSTSUBSCRIPT.UNKNOWN.POSTSUPERSCRIPT>FLOATSUBSCRIPT MathParser failed to match rule 'Anything'
	at 0303048.tex; line 715 col 3 - line 715 col 3
	In "$\displaystyle F_{AB}{}^{I}\gamma^{B}_{ia}+\mathcal{G}_{AB}\gamma^{B}_{ib}\,{%
	\Gamma}^{Ib}{}_{a}-h_{a{\bar{a}}}\,\mathcal{D}_{\!A}\bar{f}^{I{\bar{a}}}{}_{i}%
	=0\ ,\@@ENDINLINEMATH"
	F[[UNKNOWN]] _{AB}[[POSTSUBSCRIPT]] {}^{I}[[FLOATSUPERSCRIPT]] γ[[UNKNOWN]] ^{B}[[POSTSUPERSCRIPT]] _{ia}[[POSTSUBSCRIPT]] +[[ADDOP]] G[[UNKNOWN]] _{AB}[[POSTSUBSCRIPT]] γ[[UNKNOWN]] ^{B}[[POSTSUPERSCRIPT]] _{ib}[[POSTSUBSCRIPT]] Γ[[UNKNOWN]] ^{Ib}[[POSTSUPERSCRIPT]]
	        > {}_{a}[[FLOATSUBSCRIPT]] -[[ADDOP]] h[[UNKNOWN]] _{a{\bar{a}}}[[POSTSUBSCRIPT]] D[[UNKNOWN]] _{\!A}[[POSTSUBSCRIPT]] \bar{f}[[UNKNOWN]] ^{I{\bar{a}}}[[POSTSUPERSCRIPT]] {}_{i}[[FLOATSUBSCRIPT]] =[[RELOP]] 0[[NUMBER]]
Warning:not_parsed:POSTSUBSCRIPT.UNKNOWN.POSTSUPERSCRIPT>FLOATSUBSCRIPT MathParser failed to match rule 'Anything'
	at 0303048.tex; line 715 col 3 - line 716 col 42
	In "$\displaystyle F_{AB}{}^{I}\gamma^{B}_{ia}+\mathcal{G}_{AB}\gamma^{B}_{ib}\,{%
	\Gamma}^{Ib}{}_{a}-h_{a{\bar{a}}}\,\mathcal{D}_{\!A}\bar{f}^{I{\bar{a}}}{}_{i}$"
	F[[UNKNOWN]] _{AB}[[POSTSUBSCRIPT]] {}^{I}[[FLOATSUPERSCRIPT]] γ[[UNKNOWN]] ^{B}[[POSTSUPERSCRIPT]] _{ia}[[POSTSUBSCRIPT]] +[[ADDOP]] G[[UNKNOWN]] _{AB}[[POSTSUBSCRIPT]] γ[[UNKNOWN]] ^{B}[[POSTSUPERSCRIPT]] _{ib}[[POSTSUBSCRIPT]] Γ[[UNKNOWN]] ^{Ib}[[POSTSUPERSCRIPT]]
	        > {}_{a}[[FLOATSUBSCRIPT]] -[[ADDOP]] h[[UNKNOWN]] _{a{\bar{a}}}[[POSTSUBSCRIPT]] D[[UNKNOWN]] _{\!A}[[POSTSUBSCRIPT]] \bar{f}[[UNKNOWN]] ^{I{\bar{a}}}[[POSTSUPERSCRIPT]] {}_{i}[[FLOATSUBSCRIPT]]
Warning:not_parsed:POSTSUBSCRIPT.UNKNOWN.POSTSUPERSCRIPT>FLOATSUBSCRIPT MathParser failed to match rule 'Anything'
	at 0303048.tex; line 719 col 17 - line 721 col 15
	In "\begin{equation}\gamma^{A}_{ia}\,\partial_{A}M^{IJ}=-2M^{IK}g_{Kib}\Gamma^{Jb}%
	{}_{a}\ .\end{equation}"
	γ[[UNKNOWN]] ^{A}[[POSTSUPERSCRIPT]] _{ia}[[POSTSUBSCRIPT]] ∂[[OPERATOR]] _{A}[[POSTSUBSCRIPT]] M[[UNKNOWN]] ^{IJ}[[POSTSUPERSCRIPT]] =[[RELOP]] -[[ADDOP]] 2[[NUMBER]] M[[UNKNOWN]] ^{IK}[[POSTSUPERSCRIPT]] g[[UNKNOWN]] _{Kib}[[POSTSUBSCRIPT]] Γ[[UNKNOWN]] ^{Jb}[[POSTSUPERSCRIPT]]
	        > {}_{a}[[FLOATSUBSCRIPT]]
Warning:not_parsed:UNKNOWN.POSTSUPERSCRIPT>FLOATSUBSCRIPT MathParser failed to match rule 'Anything'
	at 0303048.tex; line 723 col 33 - line 723 col 43
	In "$\Gamma^{Ia}{}_{b}$"
	Γ[[UNKNOWN]] ^{Ia}[[POSTSUPERSCRIPT]]
	        > {}_{b}[[FLOATSUBSCRIPT]]
Warning:not_parsed:UNKNOWN.POSTSUBSCRIPT>FLOATSUPERSCRIPT MathParser failed to match rule 'Anything'
	at 0303048.tex; line 725 col 2 - line 726 col 9
	In "$F_{AB}{}^{I}=-2\,h_{b{\bar{a}}}\,{\bar{W}}^{{\bar{a}}}_{Ai}\,{\Gamma}^{Ib}{}_%
	{a}\,W_{B}^{ai}$"
	F[[UNKNOWN]] _{AB}[[POSTSUBSCRIPT]]
	        > {}^{I}[[FLOATSUPERSCRIPT]] =[[RELOP]] -[[ADDOP]] 2[[NUMBER]] h[[UNKNOWN]] _{b{\bar{a}}}[[POSTSUBSCRIPT]] \bar{W}[[UNKNOWN]] ^{{\bar{a}}}[[POSTSUPERSCRIPT]] _{Ai}[[POSTSUBSCRIPT]] Γ[[UNKNOWN]] ^{Ib}[[POSTSUPERSCRIPT]] {}_{a}[[FLOATSUBSCRIPT]] W[[UNKNOWN]] _{B}[[POSTSUBSCRIPT]] ^{ai}[[POSTSUPERSCRIPT]]
Warning:not_parsed:POSTSUBSCRIPT.UNKNOWN.POSTSUPERSCRIPT>FLOATSUBSCRIPT MathParser failed to match rule 'Anything'
	at 0303048.tex; line 731 col 17 - line 735 col 15
	In "\begin{equation}\mathcal{D}_{\!A}\gamma^{B}_{ia}=-\tfrac{1}{2}F_{\!AC}{}^{I}\,%
	\mathcal{G}^{CB}g_{Iia}\ ,\qquad\mathcal{D}_{\!A}\,g_{Iia}=-M_{IJ}\,\mathcal{G%
	}_{AB}\gamma^{B}_{ib}\,\Gamma^{Jb}{}_{a}\ ,\end{equation}"
	D[[UNKNOWN]] _{\!A}[[POSTSUBSCRIPT]] γ[[UNKNOWN]] ^{B}[[POSTSUPERSCRIPT]] _{ia}[[POSTSUBSCRIPT]] =[[RELOP]] -[[ADDOP]] \tfrac{1}{2}[[UNKNOWN]] F[[UNKNOWN]] _{\!AC}[[POSTSUBSCRIPT]] {}^{I}[[FLOATSUPERSCRIPT]] G[[UNKNOWN]] ^{CB}[[POSTSUPERSCRIPT]] g[[UNKNOWN]] _{Iia}[[POSTSUBSCRIPT]] ,[[PUNCT]] D[[UNKNOWN]] _{\!A}[[POSTSUBSCRIPT]] g[[UNKNOWN]] _{Iia}[[POSTSUBSCRIPT]] =[[RELOP]] -[[ADDOP]] M[[UNKNOWN]] _{IJ}[[POSTSUBSCRIPT]] G[[UNKNOWN]] _{AB}[[POSTSUBSCRIPT]] γ[[UNKNOWN]] ^{B}[[POSTSUPERSCRIPT]] _{ib}[[POSTSUBSCRIPT]] Γ[[UNKNOWN]] ^{Jb}[[POSTSUPERSCRIPT]]
	        > {}_{a}[[FLOATSUBSCRIPT]]
Warning:not_parsed:POSTSUBSCRIPT.UNKNOWN.POSTSUPERSCRIPT>FLOATSUBSCRIPT MathParser failed to match rule 'Anything'
	at 0303048.tex; line 737 col 0 - line 739 col 15
	In "\begin{equation}k_{Ia{\bar{b}}}=\mathrm{i}h_{c{\bar{b}}}\,M_{IJ}\,\Gamma^{Jc}{%
	}_{a}\ .\end{equation}"
	k[[UNKNOWN]] _{Ia{\bar{b}}}[[POSTSUBSCRIPT]] =[[RELOP]] i[[UNKNOWN]] h[[UNKNOWN]] _{c{\bar{b}}}[[POSTSUBSCRIPT]] M[[UNKNOWN]] _{IJ}[[POSTSUBSCRIPT]] Γ[[UNKNOWN]] ^{Jc}[[POSTSUPERSCRIPT]]
	        > {}_{a}[[FLOATSUBSCRIPT]]
Warning:not_parsed:UNKNOWN.POSTSUBSCRIPT>FLOATSUPERSCRIPT MathParser failed to match rule 'Anything'
	at 0303048.tex; line 742 col 21 - line 742 col 31
	In "$F_{AB}{}^{I}$"
	F[[UNKNOWN]] _{AB}[[POSTSUBSCRIPT]]
	        > {}^{I}[[FLOATSUPERSCRIPT]]
Warning:not_parsed:UNKNOWN.POSTSUBSCRIPT>FLOATSUPERSCRIPT MathParser failed to match rule 'Anything'
	at 0303048.tex; line 746 col 3 - line 746 col 13
	In "$\Gamma_{\!A}{}^{a}{}_{b}$"
	Γ[[UNKNOWN]] _{\!A}[[POSTSUBSCRIPT]]
	        > {}^{a}[[FLOATSUPERSCRIPT]] {}_{b}[[FLOATSUBSCRIPT]]
Warning:not_parsed:OPEN.UNKNOWN> MathParser failed to match rule 'Subscript'
	at 0303048.tex; line 746 col 0 - line 746 col 66
	In "$\mathcal{R}_{AB}=2(\partial_{[A}+\Gamma_{[A})\,\Gamma_{B]}$"
	[[[OPEN]] A[[UNKNOWN]]
	        > 
Warning:not_parsed:OPEN.UNKNOWN> MathParser failed to match rule 'Subscript'
	at 0303048.tex; line 747 col 12 - line 747 col 12
	[[[OPEN]] A[[UNKNOWN]]
	        > 
Warning:not_parsed:UNKNOWN>CLOSE MathParser failed to match rule 'Subscript'
	at 0303048.tex; line 747 col 26 - line 747 col 26
	B[[UNKNOWN]]
	        > ][[CLOSE]]
Warning:not_parsed:OPEN.UNKNOWN> MathParser failed to match rule 'Subscript'
	at 0303048.tex; line 749 col 21 - line 749 col 21
	In "\begin{equation}{\mathcal{R}_{AB}}^{c}{}_{[a}\,\mathcal{E}_{b]c}=0\ ,\qquad{%
	\mathcal{R}_{AB}}^{\bar{a}}{}_{\bar{b}}=-h_{c{\bar{b}}}\,h^{{\bar{a}}d}\,{%
	\mathcal{R}_{AB}}^{c}{}_{d}\ .\end{equation}"
	[[[OPEN]] a[[UNKNOWN]]
	        > 
Warning:not_parsed:UNKNOWN>CLOSE MathParser failed to match rule 'Subscript'
	at 0303048.tex; line 749 col 33 - line 749 col 33
	b[[UNKNOWN]]
	        > ][[CLOSE]] c[[UNKNOWN]]
Warning:not_parsed:UNKNOWN.POSTSUBSCRIPT.POSTSUPERSCRIPT>FLOATSUBSCRIPT MathParser failed to match rule 'Anything'
	at 0303048.tex; line 748 col 0 - line 751 col 15
	R[[UNKNOWN]] _{AB}[[POSTSUBSCRIPT]] ^{c}[[POSTSUPERSCRIPT]] {}_{[a}[[FLOATSUBSCRIPT]] E[[UNKNOWN]] _{b]c}[[POSTSUBSCRIPT]] =[[RELOP]] 0[[NUMBER]] ,[[PUNCT]] R[[UNKNOWN]] _{AB}[[POSTSUBSCRIPT]] ^{\bar{a}}[[POSTSUPERSCRIPT]]
	        > {}_{\bar{b}}[[FLOATSUBSCRIPT]] =[[RELOP]] -[[ADDOP]] h[[UNKNOWN]] _{c{\bar{b}}}[[POSTSUBSCRIPT]] h[[UNKNOWN]] ^{{\bar{a}}d}[[POSTSUPERSCRIPT]] R[[UNKNOWN]] _{AB}[[POSTSUBSCRIPT]] ^{c}[[POSTSUPERSCRIPT]] {}_{d}[[FLOATSUBSCRIPT]]
Warning:not_parsed:UNKNOWN>OPEN MathParser failed to match rule 'Subscript'
	at 0303048.tex; line 758 col 26 - line 758 col 26
	In "\begin{equation}\mathcal{R}_{ABCD}=h_{a{\bar{a}}}\,\mathcal{R}_{AB}{}^{a}{}_{b%
	}\,W_{\!C}^{bi}\,\bar{W}_{\!Di}^{{\bar{a}}}+\tfrac{1}{2}M_{IJ}\,F_{C[A}{}^{I}F%
	_{B]D}{}^{J}\ .\end{equation}"
	C[[UNKNOWN]]
	        > [[[OPEN]] A[[UNKNOWN]]
Warning:not_parsed:UNKNOWN>CLOSE MathParser failed to match rule 'Subscript'
	at 0303048.tex; line 758 col 38 - line 758 col 38
	B[[UNKNOWN]]
	        > ][[CLOSE]] D[[UNKNOWN]]
Warning:not_parsed:FLOATSUPERSCRIPT.UNKNOWN.POSTSUBSCRIPT>FLOATSUPERSCRIPT MathParser failed to match rule 'Anything'
	at 0303048.tex; line 756 col 0 - line 759 col 15
	R[[UNKNOWN]] _{ABCD}[[POSTSUBSCRIPT]] =[[RELOP]] h[[UNKNOWN]] _{a{\bar{a}}}[[POSTSUBSCRIPT]] R[[UNKNOWN]] _{AB}[[POSTSUBSCRIPT]] {}^{a}[[FLOATSUPERSCRIPT]] {}_{b}[[FLOATSUBSCRIPT]] W[[UNKNOWN]] _{\!C}[[POSTSUBSCRIPT]] ^{bi}[[POSTSUPERSCRIPT]] \bar{W}[[UNKNOWN]] _{\!Di}[[POSTSUBSCRIPT]] ^{{\bar{a}}}[[POSTSUPERSCRIPT]] +[[ADDOP]] \tfrac{1}{2}[[UNKNOWN]] M[[UNKNOWN]] _{IJ}[[POSTSUBSCRIPT]] F[[UNKNOWN]] _{C[A}[[POSTSUBSCRIPT]] {}^{I}[[FLOATSUPERSCRIPT]] F[[UNKNOWN]] _{B]D}[[POSTSUBSCRIPT]]
	        > {}^{J}[[FLOATSUPERSCRIPT]]
Warning:not_parsed:UNKNOWN.POSTSUBSCRIPT>FLOATSUPERSCRIPT MathParser failed to match rule 'Anything'
	at 0303048.tex; line 760 col 12 - line 760 col 24
	In "$F_{AB}{}^{I}=0$"
	F[[UNKNOWN]] _{AB}[[POSTSUBSCRIPT]]
	        > {}^{I}[[FLOATSUPERSCRIPT]] =[[RELOP]] 0[[NUMBER]]
Warning:not_parsed:POSTSUBSCRIPT.ATOM.POSTSUPERSCRIPT>FLOATSUBSCRIPT MathParser failed to match rule 'Anything'
	at 0303048.tex; line 769 col 0 - line 773 col 15
	In "\begin{equation}V_{ab\,{\bar{a}}{\bar{b}}}\,\bar{f}^{I{\bar{b}}}{}_{i}=-h_{c{%
	\bar{a}}}\big{(}\gamma^{A}_{ia}\,\mathcal{D}_{\!A}\,\Gamma^{Ic}{}_{b}-g_{Jia}%
	\,[\Gamma^{I}\,,\,\Gamma^{J}]^{c}{}_{b}-2g_{Jid}\,\Gamma^{Id}{}_{b}\Gamma^{Jc}%
	{}_{a}\big{)}\ .\end{equation}"
	V[[UNKNOWN]] _{ab\,{\bar{a}}{\bar{b}}}[[POSTSUBSCRIPT]] \bar{f}[[UNKNOWN]] ^{I{\bar{b}}}[[POSTSUPERSCRIPT]]
	        > {}_{i}[[FLOATSUBSCRIPT]] =[[RELOP]] -[[ADDOP]] h[[UNKNOWN]] _{c{\bar{a}}}[[POSTSUBSCRIPT]] ([[OPEN]] γ[[UNKNOWN]] ^{A}[[POSTSUPERSCRIPT]] _{ia}[[POSTSUBSCRIPT]] D[[UNKNOWN]] _{\!A}[[POSTSUBSCRIPT]] Γ[[UNKNOWN]] ^{Ic}[[POSTSUPERSCRIPT]] {}_{b}[[FLOATSUBSCRIPT]] -[[ADDOP]] g[[UNKNOWN]] _{Jia}[[POSTSUBSCRIPT]] [[[OPEN]] Γ[[UNKNOWN]] ^{I}[[POSTSUPERSCRIPT]] ,[[PUNCT]] Γ[[UNKNOWN]] ^{J}[[POSTSUPERSCRIPT]] ][[CLOSE]] ^{c}[[POSTSUPERSCRIPT]] {}_{b}[[FLOATSUBSCRIPT]] -[[ADDOP]] 2[[NUMBER]] g[[UNKNOWN]] _{Jid}[[POSTSUBSCRIPT]] Γ[[UNKNOWN]] ^{Id}[[POSTSUPERSCRIPT]] {}_{b}[[FLOATSUBSCRIPT]] Γ[[UNKNOWN]] ^{Jc}[[POSTSUPERSCRIPT]] {}_{a}[[FLOATSUBSCRIPT]] )[[CLOSE]]
Warning:not_parsed:RELOP.UNKNOWN.POSTSUBSCRIPT>OPEN MathParser failed to match rule 'Anything'
	at 0303048.tex; line 776 col 0 - line 780 col 15
	In "\begin{equation}V_{ab\,{\bar{a}}{\bar{b}}}\,\bar{W}_{\!Ai}^{{\bar{b}}}=h_{c{%
	\bar{a}}}\big{(}\gamma^{B}_{ia}\,\mathcal{R}_{AB}{}^{c}{}_{b}-2\Gamma^{Ic}{}_{%
	a}\,\mathcal{D}_{\!A}\,g_{Iib}+g_{Iia}\,\mathcal{D}_{\!A}\Gamma^{Ic}{}_{b}\big%
	{)}\ ,\end{equation}"
	V[[UNKNOWN]] _{ab\,{\bar{a}}{\bar{b}}}[[POSTSUBSCRIPT]] \bar{W}[[UNKNOWN]] _{\!Ai}[[POSTSUBSCRIPT]] ^{{\bar{b}}}[[POSTSUPERSCRIPT]] =[[RELOP]] h[[UNKNOWN]] _{c{\bar{a}}}[[POSTSUBSCRIPT]]
	        > ([[OPEN]] γ[[UNKNOWN]] ^{B}[[POSTSUPERSCRIPT]] _{ia}[[POSTSUBSCRIPT]] R[[UNKNOWN]] _{AB}[[POSTSUBSCRIPT]] {}^{c}[[FLOATSUPERSCRIPT]] {}_{b}[[FLOATSUBSCRIPT]] -[[ADDOP]] 2[[NUMBER]] Γ[[UNKNOWN]] ^{Ic}[[POSTSUPERSCRIPT]] {}_{a}[[FLOATSUBSCRIPT]] D[[UNKNOWN]] _{\!A}[[POSTSUBSCRIPT]] g[[UNKNOWN]] _{Iib}[[POSTSUBSCRIPT]] +[[ADDOP]] g[[UNKNOWN]] _{Iia}[[POSTSUBSCRIPT]] D[[UNKNOWN]] _{\!A}[[POSTSUBSCRIPT]] Γ[[UNKNOWN]] ^{Ic}[[POSTSUPERSCRIPT]] {}_{b}[[FLOATSUBSCRIPT]] )[[CLOSE]]
Warning:not_parsed:UNKNOWN.POSTSUBSCRIPT>FLOATSUPERSCRIPT MathParser failed to match rule 'Anything'
	at 0303048.tex; line 783 col 0 - line 787 col 15
	In "\begin{equation}{\mathcal{R}_{AB}}{}^{a}{}_{b}=h^{{\bar{a}}a}V_{bc\,{\bar{a}}{%
	\bar{b}}}\,\bar{W}_{\!Ai}^{{\bar{b}}}W_{\!B}^{ci}-2h_{c{\bar{b}}}\,\bar{W}_{\!%
	Ai}^{{\bar{b}}}W_{\!B}^{di}\,M_{IJ}\,\Gamma^{Ia}{}_{d}\,\Gamma^{Jc}{}_{b}\ .\end{equation}"
	R[[UNKNOWN]] _{AB}[[POSTSUBSCRIPT]]
	        > {}^{a}[[FLOATSUPERSCRIPT]] {}_{b}[[FLOATSUBSCRIPT]] =[[RELOP]] h[[UNKNOWN]] ^{{\bar{a}}a}[[POSTSUPERSCRIPT]] V[[UNKNOWN]] _{bc\,{\bar{a}}{\bar{b}}}[[POSTSUBSCRIPT]] \bar{W}[[UNKNOWN]] _{\!Ai}[[POSTSUBSCRIPT]] ^{{\bar{b}}}[[POSTSUPERSCRIPT]] W[[UNKNOWN]] _{\!B}[[POSTSUBSCRIPT]] ^{ci}[[POSTSUPERSCRIPT]] -[[ADDOP]] 2[[NUMBER]] h[[UNKNOWN]] _{c{\bar{b}}}[[POSTSUBSCRIPT]] \bar{W}[[UNKNOWN]] _{\!Ai}[[POSTSUBSCRIPT]] ^{{\bar{b}}}[[POSTSUPERSCRIPT]] W[[UNKNOWN]] _{\!B}[[POSTSUBSCRIPT]] ^{di}[[POSTSUPERSCRIPT]] M[[UNKNOWN]] _{IJ}[[POSTSUBSCRIPT]] Γ[[UNKNOWN]] ^{Ia}[[POSTSUPERSCRIPT]] {}_{d}[[FLOATSUBSCRIPT]] Γ[[UNKNOWN]] ^{Jc}[[POSTSUPERSCRIPT]] {}_{b}[[FLOATSUBSCRIPT]]
Warning:not_parsed:ATOM.POSTSUPERSCRIPT>FLOATSUPERSCRIPT MathParser failed to match rule 'Anything'
	at 0303048.tex; line 789 col 5 - line 789 col 26
	In "$\bar{\gamma}^{j}{}^{A}_{\bar{e}}$"
	\bar{\gamma}[[UNKNOWN]] ^{j}[[POSTSUPERSCRIPT]]
	        > {}^{A}[[FLOATSUPERSCRIPT]] _{\bar{e}}[[POSTSUBSCRIPT]]
Warning:not_parsed:RELOP.UNKNOWN.POSTSUBSCRIPT>OPEN MathParser failed to match rule 'Anything'
	at 0303048.tex; line 792 col 3 - line 792 col 3
	In "$\displaystyle V_{ab\,{\bar{a}}{\bar{b}}}\,\delta_{i}^{j}=h_{c{\bar{a}}}\big{(%
	}\bar{\gamma}^{j}{}^{A}_{\bar{b}}\,\gamma^{B}_{ia}\,\mathcal{R}_{AB}{}^{c}{}_{%
	b}+2\,\delta_{i}^{j}M_{IJ}\,\Gamma^{Ic}{}_{a}\Gamma^{Jd}{}_{b}\,h_{d{\bar{b}}}\@@ENDINLINEMATH"
	V[[UNKNOWN]] _{ab\,{\bar{a}}{\bar{b}}}[[POSTSUBSCRIPT]] δ[[UNKNOWN]] _{i}[[POSTSUBSCRIPT]] ^{j}[[POSTSUPERSCRIPT]] =[[RELOP]] h[[UNKNOWN]] _{c{\bar{a}}}[[POSTSUBSCRIPT]]
	        > ([[OPEN]] \bar{\gamma}[[UNKNOWN]] ^{j}[[POSTSUPERSCRIPT]] {}^{A}[[FLOATSUPERSCRIPT]] _{\bar{b}}[[POSTSUBSCRIPT]] γ[[UNKNOWN]] ^{B}[[POSTSUPERSCRIPT]] _{ia}[[POSTSUBSCRIPT]] R[[UNKNOWN]] _{AB}[[POSTSUBSCRIPT]] {}^{c}[[FLOATSUPERSCRIPT]] {}_{b}[[FLOATSUBSCRIPT]] +[[ADDOP]] 2[[NUMBER]] δ[[UNKNOWN]] _{i}[[POSTSUBSCRIPT]] ^{j}[[POSTSUPERSCRIPT]] M[[UNKNOWN]] _{IJ}[[POSTSUBSCRIPT]] Γ[[UNKNOWN]] ^{Ic}[[POSTSUPERSCRIPT]] {}_{a}[[FLOATSUBSCRIPT]] Γ[[UNKNOWN]] ^{Jd}[[POSTSUPERSCRIPT]] {}_{b}[[FLOATSUBSCRIPT]] h[[UNKNOWN]] _{d{\bar{b}}}[[POSTSUBSCRIPT]]
Warning:not_parsed:RELOP.UNKNOWN.POSTSUBSCRIPT>OPEN MathParser failed to match rule 'Anything'
	at 0303048.tex; line 792 col 3 - line 792 col 48
	In "$\displaystyle V_{ab\,{\bar{a}}{\bar{b}}}\,\delta_{i}^{j}=h_{c{\bar{a}}}\big{(}$"
	V[[UNKNOWN]] _{ab\,{\bar{a}}{\bar{b}}}[[POSTSUBSCRIPT]] δ[[UNKNOWN]] _{i}[[POSTSUBSCRIPT]] ^{j}[[POSTSUPERSCRIPT]] =[[RELOP]] h[[UNKNOWN]] _{c{\bar{a}}}[[POSTSUBSCRIPT]]
	        > ([[OPEN]]
Warning:not_parsed:POSTSUBSCRIPT.UNKNOWN.POSTSUBSCRIPT>FLOATSUPERSCRIPT MathParser failed to match rule 'Anything'
	at 0303048.tex; line 792 col 53 - line 794 col 58
	In "$\displaystyle\bar{\gamma}^{j}{}^{A}_{\bar{b}}\,\gamma^{B}_{ia}\,\mathcal{R}_{%
	AB}{}^{c}{}_{b}+2\,\delta_{i}^{j}M_{IJ}\,\Gamma^{Ic}{}_{a}\Gamma^{Jd}{}_{b}\,h%
	_{d{\bar{b}}}$"
	\bar{\gamma}[[UNKNOWN]] ^{j}[[POSTSUPERSCRIPT]] {}^{A}[[FLOATSUPERSCRIPT]] _{\bar{b}}[[POSTSUBSCRIPT]] γ[[UNKNOWN]] ^{B}[[POSTSUPERSCRIPT]] _{ia}[[POSTSUBSCRIPT]] R[[UNKNOWN]] _{AB}[[POSTSUBSCRIPT]]
	        > {}^{c}[[FLOATSUPERSCRIPT]] {}_{b}[[FLOATSUBSCRIPT]] +[[ADDOP]] 2[[NUMBER]] δ[[UNKNOWN]] _{i}[[POSTSUBSCRIPT]] ^{j}[[POSTSUPERSCRIPT]] M[[UNKNOWN]] _{IJ}[[POSTSUBSCRIPT]] Γ[[UNKNOWN]] ^{Ic}[[POSTSUPERSCRIPT]] {}_{a}[[FLOATSUBSCRIPT]] Γ[[UNKNOWN]] ^{Jd}[[POSTSUPERSCRIPT]] {}_{b}[[FLOATSUBSCRIPT]] h[[UNKNOWN]] _{d{\bar{b}}}[[POSTSUBSCRIPT]]
Warning:not_parsed:ADDOP>OPEN MathParser failed to match rule 'Anything'
	at 0303048.tex; line 795 col 5 - line 795 col 5
	In "$\displaystyle+(g_{Iia}\bar{\gamma}^{j}{}^{A}_{\bar{b}}-\bar{g}^{j}_{I{\bar{b}%
	}}\gamma^{A}_{ia})\,\mathcal{D}_{\!A}\Gamma^{Ic}{}_{b}-g_{Iia}\,\bar{g}^{j}_{J%
	{\bar{b}}}\,[\,\Gamma^{I},\,\Gamma^{J}\,]^{c}{}_{b}\big{)}\ .\@@ENDINLINEMATH"
	+[[ADDOP]]
	        > ([[OPEN]] g[[UNKNOWN]] _{Iia}[[POSTSUBSCRIPT]] \bar{\gamma}[[UNKNOWN]] ^{j}[[POSTSUPERSCRIPT]] {}^{A}[[FLOATSUPERSCRIPT]] _{\bar{b}}[[POSTSUBSCRIPT]] -[[ADDOP]] \bar{g}[[UNKNOWN]] ^{j}[[POSTSUPERSCRIPT]] _{I{\bar{b}}}[[POSTSUBSCRIPT]] γ[[UNKNOWN]] ^{A}[[POSTSUPERSCRIPT]] _{ia}[[POSTSUBSCRIPT]] )[[CLOSE]] D[[UNKNOWN]] _{\!A}[[POSTSUBSCRIPT]] Γ[[UNKNOWN]] ^{Ic}[[POSTSUPERSCRIPT]] {}_{b}[[FLOATSUBSCRIPT]] -[[ADDOP]] g[[UNKNOWN]] _{Iia}[[POSTSUBSCRIPT]] \bar{g}[[UNKNOWN]] ^{j}[[POSTSUPERSCRIPT]] _{J{\bar{b}}}[[POSTSUBSCRIPT]] [[[OPEN]] Γ[[UNKNOWN]] ^{I}[[POSTSUPERSCRIPT]] ,[[PUNCT]] Γ[[UNKNOWN]] ^{J}[[POSTSUPERSCRIPT]] ][[CLOSE]] ^{c}[[POSTSUPERSCRIPT]] {}_{b}[[FLOATSUBSCRIPT]] )[[CLOSE]]
Warning:not_parsed:ADDOP>OPEN MathParser failed to match rule 'Anything'
	at 0303048.tex; line 795 col 5 - line 798 col 12
	In "$\displaystyle+(g_{Iia}\bar{\gamma}^{j}{}^{A}_{\bar{b}}-\bar{g}^{j}_{I{\bar{b}%
	}}\gamma^{A}_{ia})\,\mathcal{D}_{\!A}\Gamma^{Ic}{}_{b}-g_{Iia}\,\bar{g}^{j}_{J%
	{\bar{b}}}\,[\,\Gamma^{I},\,\Gamma^{J}\,]^{c}{}_{b}\big{)}\ .$"
	+[[ADDOP]]
	        > ([[OPEN]] g[[UNKNOWN]] _{Iia}[[POSTSUBSCRIPT]] \bar{\gamma}[[UNKNOWN]] ^{j}[[POSTSUPERSCRIPT]] {}^{A}[[FLOATSUPERSCRIPT]] _{\bar{b}}[[POSTSUBSCRIPT]] -[[ADDOP]] \bar{g}[[UNKNOWN]] ^{j}[[POSTSUPERSCRIPT]] _{I{\bar{b}}}[[POSTSUBSCRIPT]] γ[[UNKNOWN]] ^{A}[[POSTSUPERSCRIPT]] _{ia}[[POSTSUBSCRIPT]] )[[CLOSE]] D[[UNKNOWN]] _{\!A}[[POSTSUBSCRIPT]] Γ[[UNKNOWN]] ^{Ic}[[POSTSUPERSCRIPT]] {}_{b}[[FLOATSUBSCRIPT]] -[[ADDOP]] g[[UNKNOWN]] _{Iia}[[POSTSUBSCRIPT]] \bar{g}[[UNKNOWN]] ^{j}[[POSTSUPERSCRIPT]] _{J{\bar{b}}}[[POSTSUBSCRIPT]] [[[OPEN]] Γ[[UNKNOWN]] ^{I}[[POSTSUPERSCRIPT]] ,[[PUNCT]] Γ[[UNKNOWN]] ^{J}[[POSTSUPERSCRIPT]] ][[CLOSE]] ^{c}[[POSTSUPERSCRIPT]] {}_{b}[[FLOATSUBSCRIPT]] )[[CLOSE]]
Warning:not_parsed:OPEN.UNKNOWN> MathParser failed to match rule 'Subscript'
	at 0303048.tex; line 812 col 10 - line 812 col 10
	In "\begin{equation*}H_{[\mu}\,\sigma_{\nu]}=\sigma^{\rho}x_{\rho}\,\partial_{[\mu%
	}H_{\nu]}-\partial_{[\mu}(H_{\nu]}\sigma^{\rho}x_{\rho})\ ,\end{equation*}"
	[[[OPEN]] μ[[UNKNOWN]]
	        > 
Warning:not_parsed:UNKNOWN>CLOSE MathParser failed to match rule 'Subscript'
	at 0303048.tex; line 812 col 23 - line 812 col 23
	ν[[UNKNOWN]]
	        > ][[CLOSE]]
Warning:not_parsed:OPEN.UNKNOWN> MathParser failed to match rule 'Subscript'
	at 0303048.tex; line 812 col 53 - line 812 col 53
	[[[OPEN]] μ[[UNKNOWN]]
	        > 
Warning:not_parsed:UNKNOWN>CLOSE MathParser failed to match rule 'Subscript'
	at 0303048.tex; line 812 col 62 - line 812 col 62
	ν[[UNKNOWN]]
	        > ][[CLOSE]]
Warning:not_parsed:OPEN.UNKNOWN> MathParser failed to match rule 'Subscript'
	at 0303048.tex; line 813 col 11 - line 813 col 11
	[[[OPEN]] μ[[UNKNOWN]]
	        > 
Warning:not_parsed:UNKNOWN>CLOSE MathParser failed to match rule 'Subscript'
	at 0303048.tex; line 813 col 21 - line 813 col 21
	ν[[UNKNOWN]]
	        > ][[CLOSE]]
Warning:not_parsed:OPEN.UNKNOWN> MathParser failed to match rule 'Subscript'
	at 0303048.tex; line 824 col 30 - line 824 col 30
	In "\begin{equation}[\,\delta_{\epsilon}\,,\,\delta_{\epsilon^{\prime}}\,]B_{\mu%
	\nu I}=-a^{\rho}\partial_{\rho}\,B_{\mu\nu I}+2\,\partial_{[\mu}\Lambda_{\nu]I%
	}+E_{IJ}\,\varepsilon_{\mu\nu\rho\sigma}\,\frac{\raisebox{-2.0pt}{$\delta S_{%
	\mathrm{T}}$}}{\delta B_{\rho\sigma J}}\ ,\end{equation}"
	[[[OPEN]] μ[[UNKNOWN]]
	        > 
Warning:not_parsed:UNKNOWN>CLOSE MathParser failed to match rule 'Subscript'
	at 0303048.tex; line 824 col 46 - line 824 col 46
	ν[[UNKNOWN]]
	        > ][[CLOSE]] I[[UNKNOWN]]
Warning:not_parsed:UNKNOWN.POSTSUBSCRIPT.ATOM>FLOATSUPERSCRIPT MathParser failed to match rule 'Anything'
	at 0303048.tex; line 831 col 9 - line 831 col 9
	In "$\displaystyle\Lambda_{\nu I}=a^{\rho}B_{\rho\nu I}+\mathrm{i}(\epsilon^{i}%
	\sigma^{\rho}\bar{\epsilon}^{\prime}_{j}-{\epsilon^{\prime}}^{i}\sigma^{\rho}%
	\bar{\epsilon}_{j})\,x_{\rho}\,\vec{\tau}\,{}^{j}{}_{i}\cdot\big{[}(\vec{J}_{%
	IA}-\vec{J}_{IJ}A_{A}^{J})\,\partial_{\nu}\phi^{A}\@@ENDINLINEMATH"
	Λ[[UNKNOWN]] _{\nuI}[[POSTSUBSCRIPT]] =[[RELOP]] a[[UNKNOWN]] ^{\rho}[[POSTSUPERSCRIPT]] B[[UNKNOWN]] _{\rho\nuI}[[POSTSUBSCRIPT]] +[[ADDOP]] i[[UNKNOWN]] ([[OPEN]] ϵ[[UNKNOWN]] ^{i}[[POSTSUPERSCRIPT]] σ[[UNKNOWN]] ^{\rho}[[POSTSUPERSCRIPT]] \bar{\epsilon}[[UNKNOWN]] ^{\prime}[[POSTSUPERSCRIPT]] _{j}[[POSTSUBSCRIPT]] -[[ADDOP]] ϵ[[UNKNOWN]] ^{\prime}[[POSTSUPERSCRIPT]] ^{i}[[POSTSUPERSCRIPT]] σ[[UNKNOWN]] ^{\rho}[[POSTSUPERSCRIPT]] \bar{\epsilon}[[UNKNOWN]] _{j}[[POSTSUBSCRIPT]] )[[CLOSE]] x[[UNKNOWN]] _{\rho}[[POSTSUBSCRIPT]] \vec{\tau}[[UNKNOWN]]
	        > {}^{j}[[FLOATSUPERSCRIPT]] {}_{i}[[FLOATSUBSCRIPT]] ⋅[[MULOP]] [[[OPEN]] ([[OPEN]] \vec{J}[[UNKNOWN]] _{IA}[[POSTSUBSCRIPT]] -[[ADDOP]] \vec{J}[[UNKNOWN]] _{IJ}[[POSTSUBSCRIPT]] A[[UNKNOWN]] _{A}[[POSTSUBSCRIPT]] ^{J}[[POSTSUPERSCRIPT]] )[[CLOSE]] ∂[[OPERATOR]] _{\nu}[[POSTSUBSCRIPT]] ϕ[[UNKNOWN]] ^{A}[[POSTSUPERSCRIPT]]
Warning:not_parsed:UNKNOWN.POSTSUBSCRIPT.ATOM>FLOATSUPERSCRIPT MathParser failed to match rule 'Anything'
	at 0303048.tex; line 831 col 21 - line 834 col 35
	In "$\displaystyle=a^{\rho}B_{\rho\nu I}+\mathrm{i}(\epsilon^{i}\sigma^{\rho}\bar{%
	\epsilon}^{\prime}_{j}-{\epsilon^{\prime}}^{i}\sigma^{\rho}\bar{\epsilon}_{j})%
	\,x_{\rho}\,\vec{\tau}\,{}^{j}{}_{i}\cdot\big{[}(\vec{J}_{IA}-\vec{J}_{IJ}A_{A%
	}^{J})\,\partial_{\nu}\phi^{A}$"
	=[[RELOP]] a[[UNKNOWN]] ^{\rho}[[POSTSUPERSCRIPT]] B[[UNKNOWN]] _{\rho\nuI}[[POSTSUBSCRIPT]] +[[ADDOP]] i[[UNKNOWN]] ([[OPEN]] ϵ[[UNKNOWN]] ^{i}[[POSTSUPERSCRIPT]] σ[[UNKNOWN]] ^{\rho}[[POSTSUPERSCRIPT]] \bar{\epsilon}[[UNKNOWN]] ^{\prime}[[POSTSUPERSCRIPT]] _{j}[[POSTSUBSCRIPT]] -[[ADDOP]] ϵ[[UNKNOWN]] ^{\prime}[[POSTSUPERSCRIPT]] ^{i}[[POSTSUPERSCRIPT]] σ[[UNKNOWN]] ^{\rho}[[POSTSUPERSCRIPT]] \bar{\epsilon}[[UNKNOWN]] _{j}[[POSTSUBSCRIPT]] )[[CLOSE]] x[[UNKNOWN]] _{\rho}[[POSTSUBSCRIPT]] \vec{\tau}[[UNKNOWN]]
	        > {}^{j}[[FLOATSUPERSCRIPT]] {}_{i}[[FLOATSUBSCRIPT]] ⋅[[MULOP]] [[[OPEN]] ([[OPEN]] \vec{J}[[UNKNOWN]] _{IA}[[POSTSUBSCRIPT]] -[[ADDOP]] \vec{J}[[UNKNOWN]] _{IJ}[[POSTSUBSCRIPT]] A[[UNKNOWN]] _{A}[[POSTSUBSCRIPT]] ^{J}[[POSTSUPERSCRIPT]] )[[CLOSE]] ∂[[OPERATOR]] _{\nu}[[POSTSUBSCRIPT]] ϕ[[UNKNOWN]] ^{A}[[POSTSUPERSCRIPT]]
Warning:not_parsed:ATOM.POSTSUPERSCRIPT.CLOSE>CLOSE MathParser failed to match rule 'Anything'
	at 0303048.tex; line 835 col 8 - line 835 col 8
	In "$\displaystyle\quad\,+\vec{J}_{IJ}M^{JK}(H_{\nu K}+k_{Ka{\bar{a}}}\,\lambda^{a%
	}\sigma_{\nu}\bar{\lambda}^{\bar{a}})\big{]}\@@ENDINLINEMATH"
	+[[ADDOP]] \vec{J}[[UNKNOWN]] _{IJ}[[POSTSUBSCRIPT]] M[[UNKNOWN]] ^{JK}[[POSTSUPERSCRIPT]] ([[OPEN]] H[[UNKNOWN]] _{\nuK}[[POSTSUBSCRIPT]] +[[ADDOP]] k[[UNKNOWN]] _{Ka{\bar{a}}}[[POSTSUBSCRIPT]] λ[[UNKNOWN]] ^{a}[[POSTSUPERSCRIPT]] σ[[UNKNOWN]] _{\nu}[[POSTSUBSCRIPT]] \bar{\lambda}[[UNKNOWN]] ^{\bar{a}}[[POSTSUPERSCRIPT]] )[[CLOSE]]
	        > ][[CLOSE]]
Warning:not_parsed:ATOM.POSTSUPERSCRIPT.CLOSE>CLOSE MathParser failed to match rule 'Anything'
	at 0303048.tex; line 835 col 8 - line 836 col 31
	In "$\displaystyle\quad\,+\vec{J}_{IJ}M^{JK}(H_{\nu K}+k_{Ka{\bar{a}}}\,\lambda^{a%
	}\sigma_{\nu}\bar{\lambda}^{\bar{a}})\big{]}$"
	+[[ADDOP]] \vec{J}[[UNKNOWN]] _{IJ}[[POSTSUBSCRIPT]] M[[UNKNOWN]] ^{JK}[[POSTSUPERSCRIPT]] ([[OPEN]] H[[UNKNOWN]] _{\nuK}[[POSTSUBSCRIPT]] +[[ADDOP]] k[[UNKNOWN]] _{Ka{\bar{a}}}[[POSTSUBSCRIPT]] λ[[UNKNOWN]] ^{a}[[POSTSUPERSCRIPT]] σ[[UNKNOWN]] _{\nu}[[POSTSUBSCRIPT]] \bar{\lambda}[[UNKNOWN]] ^{\bar{a}}[[POSTSUPERSCRIPT]] )[[CLOSE]]
	        > ][[CLOSE]]
Warning:not_parsed:UNKNOWN.POSTSUBSCRIPT.ATOM>FLOATSUPERSCRIPT MathParser failed to match rule 'Anything'
	at 0303048.tex; line 837 col 3 - line 837 col 3
	In "$\displaystyle E_{IJ}=\mathrm{i}(\epsilon^{i}\sigma^{\rho}\bar{\epsilon}^{%
	\prime}_{j}-{\epsilon^{\prime}}^{i}\sigma^{\rho}\bar{\epsilon}_{j})\,x_{\rho}%
	\,\vec{\tau}\,{}^{j}{}_{i}\cdot\vec{J}_{IJ}\ .\@@ENDINLINEMATH"
	E[[UNKNOWN]] _{IJ}[[POSTSUBSCRIPT]] =[[RELOP]] i[[UNKNOWN]] ([[OPEN]] ϵ[[UNKNOWN]] ^{i}[[POSTSUPERSCRIPT]] σ[[UNKNOWN]] ^{\rho}[[POSTSUPERSCRIPT]] \bar{\epsilon}[[UNKNOWN]] ^{\prime}[[POSTSUPERSCRIPT]] _{j}[[POSTSUBSCRIPT]] -[[ADDOP]] ϵ[[UNKNOWN]] ^{\prime}[[POSTSUPERSCRIPT]] ^{i}[[POSTSUPERSCRIPT]] σ[[UNKNOWN]] ^{\rho}[[POSTSUPERSCRIPT]] \bar{\epsilon}[[UNKNOWN]] _{j}[[POSTSUBSCRIPT]] )[[CLOSE]] x[[UNKNOWN]] _{\rho}[[POSTSUBSCRIPT]] \vec{\tau}[[UNKNOWN]]
	        > {}^{j}[[FLOATSUPERSCRIPT]] {}_{i}[[FLOATSUBSCRIPT]] ⋅[[MULOP]] \vec{J}[[UNKNOWN]] _{IJ}[[POSTSUBSCRIPT]]
Warning:not_parsed:UNKNOWN.POSTSUBSCRIPT.ATOM>FLOATSUPERSCRIPT MathParser failed to match rule 'Anything'
	at 0303048.tex; line 837 col 12 - line 840 col 12
	In "$\displaystyle=\mathrm{i}(\epsilon^{i}\sigma^{\rho}\bar{\epsilon}^{\prime}_{j}%
	-{\epsilon^{\prime}}^{i}\sigma^{\rho}\bar{\epsilon}_{j})\,x_{\rho}\,\vec{\tau}%
	\,{}^{j}{}_{i}\cdot\vec{J}_{IJ}\ .$"
	=[[RELOP]] i[[UNKNOWN]] ([[OPEN]] ϵ[[UNKNOWN]] ^{i}[[POSTSUPERSCRIPT]] σ[[UNKNOWN]] ^{\rho}[[POSTSUPERSCRIPT]] \bar{\epsilon}[[UNKNOWN]] ^{\prime}[[POSTSUPERSCRIPT]] _{j}[[POSTSUBSCRIPT]] -[[ADDOP]] ϵ[[UNKNOWN]] ^{\prime}[[POSTSUPERSCRIPT]] ^{i}[[POSTSUPERSCRIPT]] σ[[UNKNOWN]] ^{\rho}[[POSTSUPERSCRIPT]] \bar{\epsilon}[[UNKNOWN]] _{j}[[POSTSUBSCRIPT]] )[[CLOSE]] x[[UNKNOWN]] _{\rho}[[POSTSUBSCRIPT]] \vec{\tau}[[UNKNOWN]]
	        > {}^{j}[[FLOATSUPERSCRIPT]] {}_{i}[[FLOATSUBSCRIPT]] ⋅[[MULOP]] \vec{J}[[UNKNOWN]] _{IJ}[[POSTSUBSCRIPT]]
Warning:not_parsed:OPEN.UNKNOWN> MathParser failed to match rule 'Subscript'
	at 0303048.tex; line 849 col 33 - line 849 col 33
	In "\begin{equation}\partial_{A}\vec{J}_{IJ}=3\,\partial_{[A}\vec{J}_{IJ]}=3\,D_{[%
	A}\vec{J}_{IJ]}=0\ .\end{equation}"
	[[[OPEN]] A[[UNKNOWN]]
	        > 
Warning:not_parsed:UNKNOWN.UNKNOWN>CLOSE MathParser failed to match rule 'Subscript'
	at 0303048.tex; line 849 col 47 - line 849 col 47
	I[[UNKNOWN]] J[[UNKNOWN]]
	        > ][[CLOSE]]
Warning:not_parsed:OPEN.UNKNOWN> MathParser failed to match rule 'Subscript'
	at 0303048.tex; line 849 col 0 - line 849 col 60
	[[[OPEN]] A[[UNKNOWN]]
	        > 
Warning:not_parsed:UNKNOWN.UNKNOWN>CLOSE MathParser failed to match rule 'Subscript'
	at 0303048.tex; line 850 col 15 - line 850 col 15
	I[[UNKNOWN]] J[[UNKNOWN]]
	        > ][[CLOSE]]
Warning:not_parsed:UNKNOWN.POSTSUBSCRIPT>FLOATSUPERSCRIPT MathParser failed to match rule 'Anything'
	at 0303048.tex; line 871 col 53 - line 871 col 62
	In "$e_{\mu}{}^{m}$"
	e[[UNKNOWN]] _{\mu}[[POSTSUBSCRIPT]]
	        > {}^{m}[[FLOATSUPERSCRIPT]]
Warning:not_parsed:UNKNOWN.POSTSUBSCRIPT.POSTSUPERSCRIPT>FLOATSUBSCRIPT MathParser failed to match rule 'Anything'
	at 0303048.tex; line 919 col 2 - line 919 col 19
	In "${\Omega_{\hat{A}}}^{i}{}_{j}$"
	Ω[[UNKNOWN]] _{\hat{A}}[[POSTSUBSCRIPT]] ^{i}[[POSTSUPERSCRIPT]]
	        > {}_{j}[[FLOATSUBSCRIPT]]
Warning:not_parsed:OPEN.ATOM> MathParser failed to match rule 'Subscript'
	at 0303048.tex; line 923 col 60 - line 923 col 60
	In "\begin{equation}{R_{{\hat{A}}{\hat{B}}}}^{i}{}_{j}=-\tfrac{\mathrm{i}}{2}%
	\kappa^{2}\,\vec{J}_{{\hat{A}}{\hat{B}}}\cdot\vec{\tau}\,{}^{i}{}_{j}=-\kappa^%
	{2}\,h_{a{\bar{a}}}\,V_{\![{\hat{A}}}^{ai}\,\bar{V}_{\!{\hat{B}}]j}^{{\bar{a}}%
	}\ .\end{equation}"
	[[[OPEN]] \hat{A}[[UNKNOWN]]
	        > 
Warning:not_parsed:ATOM>CLOSE MathParser failed to match rule 'Subscript'
	at 0303048.tex; line 924 col 16 - line 924 col 16
	\hat{B}[[UNKNOWN]]
	        > ][[CLOSE]] j[[UNKNOWN]]
Warning:not_parsed:UNKNOWN.POSTSUBSCRIPT.POSTSUPERSCRIPT>FLOATSUBSCRIPT MathParser failed to match rule 'Anything'
	at 0303048.tex; line 921 col 0 - line 925 col 15
	R[[UNKNOWN]] _{{\hat{A}}{\hat{B}}}[[POSTSUBSCRIPT]] ^{i}[[POSTSUPERSCRIPT]]
	        > {}_{j}[[FLOATSUBSCRIPT]] =[[RELOP]] -[[ADDOP]] \tfrac{\mathrm{i}}{2}[[UNKNOWN]] κ[[UNKNOWN]] ^{2}[[POSTSUPERSCRIPT]] \vec{J}[[UNKNOWN]] _{{\hat{A}}{\hat{B}}}[[POSTSUBSCRIPT]] ⋅[[MULOP]] \vec{\tau}[[UNKNOWN]] {}^{i}[[FLOATSUPERSCRIPT]] {}_{j}[[FLOATSUBSCRIPT]] =[[RELOP]] -[[ADDOP]] κ[[UNKNOWN]] ^{2}[[POSTSUPERSCRIPT]] h[[UNKNOWN]] _{a{\bar{a}}}[[POSTSUBSCRIPT]] V[[UNKNOWN]] _{\![{\hat{A}}}[[POSTSUBSCRIPT]] ^{ai}[[POSTSUPERSCRIPT]] \bar{V}[[UNKNOWN]] _{\!{\hat{B}}]j}[[POSTSUBSCRIPT]] ^{{\bar{a}}}[[POSTSUPERSCRIPT]]
Warning:not_parsed:UNKNOWN>OPEN MathParser failed to match rule 'Subscript'
	at 0303048.tex; line 937 col 33 - line 937 col 33
	In "$\mathcal{E}_{a(c}\mathcal{E}_{d)b}$"
	a[[UNKNOWN]]
	        > ([[OPEN]] c[[UNKNOWN]]
Warning:not_parsed:UNKNOWN>CLOSE MathParser failed to match rule 'Subscript'
	at 0303048.tex; line 937 col 42 - line 937 col 42
	d[[UNKNOWN]]
	        > )[[CLOSE]] b[[UNKNOWN]]
Warning:not_parsed:UNKNOWN>OPEN MathParser failed to match rule 'Subscript'
	at 0303048.tex; line 938 col 36 - line 938 col 36
	In "$h_{a({\bar{a}}}h^{t}_{{\bar{b}})b}$"
	a[[UNKNOWN]]
	        > ([[OPEN]] \bar{a}[[UNKNOWN]]
Warning:not_parsed:ATOM>CLOSE MathParser failed to match rule 'Subscript'
	at 0303048.tex; line 938 col 47 - line 938 col 47
	\bar{b}[[UNKNOWN]]
	        > )[[CLOSE]] b[[UNKNOWN]]
Warning:not_parsed:POSTSUBSCRIPT.UNKNOWN.POSTSUBSCRIPT>FLOATSUPERSCRIPT MathParser failed to match rule 'Anything'
	at 0303048.tex; line 947 col 5 - line 947 col 5
	In "$\displaystyle\delta_{\epsilon}e_{\mu}{}^{m}=\mathrm{i}\kappa\,(\epsilon^{i}%
	\sigma^{m}\bar{\psi}_{\mu i}-\psi_{\mu}^{i}\sigma^{m}\bar{\epsilon}_{i})\@@ENDINLINEMATH"
	δ[[UNKNOWN]] _{\epsilon}[[POSTSUBSCRIPT]] e[[UNKNOWN]] _{\mu}[[POSTSUBSCRIPT]]
	        > {}^{m}[[FLOATSUPERSCRIPT]] =[[RELOP]] i[[UNKNOWN]] κ[[UNKNOWN]] ([[OPEN]] ϵ[[UNKNOWN]] ^{i}[[POSTSUPERSCRIPT]] σ[[UNKNOWN]] ^{m}[[POSTSUPERSCRIPT]] \bar{\psi}[[UNKNOWN]] _{\mui}[[POSTSUBSCRIPT]] -[[ADDOP]] ψ[[UNKNOWN]] _{\mu}[[POSTSUBSCRIPT]] ^{i}[[POSTSUPERSCRIPT]] σ[[UNKNOWN]] ^{m}[[POSTSUPERSCRIPT]] \bar{\epsilon}[[UNKNOWN]] _{i}[[POSTSUBSCRIPT]] )[[CLOSE]]
Warning:not_parsed:POSTSUBSCRIPT.UNKNOWN.POSTSUBSCRIPT>FLOATSUPERSCRIPT MathParser failed to match rule 'Anything'
	at 0303048.tex; line 947 col 5 - line 947 col 22
	In "$\displaystyle\delta_{\epsilon}e_{\mu}{}^{m}$"
	δ[[UNKNOWN]] _{\epsilon}[[POSTSUBSCRIPT]] e[[UNKNOWN]] _{\mu}[[POSTSUBSCRIPT]]
	        > {}^{m}[[FLOATSUPERSCRIPT]]
Warning:not_parsed:UNKNOWN.POSTSUBSCRIPT.POSTSUPERSCRIPT>FLOATSUBSCRIPT MathParser failed to match rule 'Anything'
	at 0303048.tex; line 973 col 19 - line 973 col 30
	In "${t_{I}}^{a}{}_{b}$"
	t[[UNKNOWN]] _{I}[[POSTSUBSCRIPT]] ^{a}[[POSTSUPERSCRIPT]]
	        > {}_{b}[[FLOATSUBSCRIPT]]
Warning:not_parsed:UNKNOWN.POSTSUBSCRIPT.POSTSUPERSCRIPT>FLOATSUBSCRIPT MathParser failed to match rule 'Anything'
	at 0303048.tex; line 973 col 37 - line 973 col 48
	In "${t_{I}}^{i}{}_{j}$"
	t[[UNKNOWN]] _{I}[[POSTSUBSCRIPT]] ^{i}[[POSTSUPERSCRIPT]]
	        > {}_{j}[[FLOATSUBSCRIPT]]
Warning:not_parsed:OPEN.UNKNOWN> MathParser failed to match rule 'Subscript'
	at 0303048.tex; line 985 col 25 - line 985 col 25
	In "${t_{I}}^{c}{}_{[a}\,\mathcal{E}_{b]c}={t_{I}}^{k}{}_{[i}\,\varepsilon_{j]k}=0$"
	[[[OPEN]] a[[UNKNOWN]]
	        > 
Warning:not_parsed:UNKNOWN>CLOSE MathParser failed to match rule 'Subscript'
	at 0303048.tex; line 985 col 36 - line 985 col 36
	b[[UNKNOWN]]
	        > ][[CLOSE]] c[[UNKNOWN]]
Warning:not_parsed:OPEN.UNKNOWN> MathParser failed to match rule 'Subscript'
	at 0303048.tex; line 985 col 51 - line 985 col 51
	[[[OPEN]] i[[UNKNOWN]]
	        > 
Warning:not_parsed:UNKNOWN>CLOSE MathParser failed to match rule 'Subscript'
	at 0303048.tex; line 985 col 62 - line 985 col 62
	j[[UNKNOWN]]
	        > ][[CLOSE]] k[[UNKNOWN]]
Warning:not_parsed:UNKNOWN.POSTSUBSCRIPT.POSTSUPERSCRIPT>FLOATSUBSCRIPT MathParser failed to match rule 'Anything'
	at 0303048.tex; line 987 col 0 - line 991 col 15
	In "\begin{equation}{t_{I}}^{a}{}_{b}=\frac{\raisebox{-2.0pt}{$1$}}{2}\,V_{\!{\hat%
	{B}}}^{ai}\,\gamma^{\hat{A}}_{ib}\,D_{\hat{A}}k^{\hat{B}}_{I}\ ,\qquad{t_{I}}^%
	{i}{}_{j}=\frac{\raisebox{-2.0pt}{$1$}}{2n}\,V_{\!{\hat{B}}}^{ai}\,\gamma^{%
	\hat{A}}_{ja}\,D_{\hat{A}}k^{\hat{B}}_{I}\ .\end{equation}"
	t[[UNKNOWN]] _{I}[[POSTSUBSCRIPT]] ^{a}[[POSTSUPERSCRIPT]]
	        > {}_{b}[[FLOATSUBSCRIPT]] =[[RELOP]] \frac{\raisebox{-2.0pt}{$1$}}{2}[[UNKNOWN]] V[[UNKNOWN]] _{\!{\hat{B}}}[[POSTSUBSCRIPT]] ^{ai}[[POSTSUPERSCRIPT]] γ[[UNKNOWN]] ^{\hat{A}}[[POSTSUPERSCRIPT]] _{ib}[[POSTSUBSCRIPT]] D[[UNKNOWN]] _{\hat{A}}[[POSTSUBSCRIPT]] k[[UNKNOWN]] ^{\hat{B}}[[POSTSUPERSCRIPT]] _{I}[[POSTSUBSCRIPT]] ,[[PUNCT]] t[[UNKNOWN]] _{I}[[POSTSUBSCRIPT]] ^{i}[[POSTSUPERSCRIPT]] {}_{j}[[FLOATSUBSCRIPT]] =[[RELOP]] \frac{\raisebox{-2.0pt}{$1$}}{2n}[[UNKNOWN]] V[[UNKNOWN]] _{\!{\hat{B}}}[[POSTSUBSCRIPT]] ^{ai}[[POSTSUPERSCRIPT]] γ[[UNKNOWN]] ^{\hat{A}}[[POSTSUPERSCRIPT]] _{ja}[[POSTSUBSCRIPT]] D[[UNKNOWN]] _{\hat{A}}[[POSTSUBSCRIPT]] k[[UNKNOWN]] ^{\hat{B}}[[POSTSUPERSCRIPT]] _{I}[[POSTSUBSCRIPT]]
Warning:not_parsed:UNKNOWN.POSTSUBSCRIPT.POSTSUPERSCRIPT>FLOATSUBSCRIPT MathParser failed to match rule 'Anything'
	at 0303048.tex; line 992 col 15 - line 992 col 26
	In "${t_{I}}^{a}{}_{b}$"
	t[[UNKNOWN]] _{I}[[POSTSUBSCRIPT]] ^{a}[[POSTSUPERSCRIPT]]
	        > {}_{b}[[FLOATSUBSCRIPT]]
Warning:not_parsed:UNKNOWN.POSTSUBSCRIPT.POSTSUPERSCRIPT>FLOATSUBSCRIPT MathParser failed to match rule 'Anything'
	at 0303048.tex; line 993 col 15 - line 993 col 26
	In "${t_{I}}^{i}{}_{j}$"
	t[[UNKNOWN]] _{I}[[POSTSUBSCRIPT]] ^{i}[[POSTSUPERSCRIPT]]
	        > {}_{j}[[FLOATSUBSCRIPT]]
Warning:not_parsed:UNKNOWN.POSTSUBSCRIPT.POSTSUPERSCRIPT>FLOATSUBSCRIPT MathParser failed to match rule 'Anything'
	at 0303048.tex; line 1000 col 17 - line 1003 col 15
	In "\begin{equation}{t_{I}}^{a}{}_{b}={\Omega_{I}}^{a}{}_{b}\ ,\qquad{t_{I}}^{i}{}%
	_{j}={\Omega_{I}}^{i}{}_{j}\ .\end{equation}"
	t[[UNKNOWN]] _{I}[[POSTSUBSCRIPT]] ^{a}[[POSTSUPERSCRIPT]]
	        > {}_{b}[[FLOATSUBSCRIPT]] =[[RELOP]] Ω[[UNKNOWN]] _{I}[[POSTSUBSCRIPT]] ^{a}[[POSTSUPERSCRIPT]] {}_{b}[[FLOATSUBSCRIPT]] ,[[PUNCT]] t[[UNKNOWN]] _{I}[[POSTSUBSCRIPT]] ^{i}[[POSTSUPERSCRIPT]] {}_{j}[[FLOATSUBSCRIPT]] =[[RELOP]] Ω[[UNKNOWN]] _{I}[[POSTSUBSCRIPT]] ^{i}[[POSTSUPERSCRIPT]] {}_{j}[[FLOATSUBSCRIPT]]
Warning:not_parsed:OPEN.UNKNOWN> MathParser failed to match rule 'Subscript'
	at 0303048.tex; line 1043 col 54 - line 1043 col 54
	In "\begin{equation}\delta_{\epsilon}B_{\mu\nu I}=2\mathrm{i}\,g_{Iia}\,\epsilon^{%
	i}\sigma_{\mu\nu}\lambda^{a}-4\kappa^{-1}{\Omega_{I}}^{i}{}_{j}\,\epsilon^{j}%
	\sigma_{[\mu}\bar{\psi}_{\nu]i}+\text{c.c.}\end{equation}"
	[[[OPEN]] μ[[UNKNOWN]]
	        > 
Warning:not_parsed:UNKNOWN>CLOSE MathParser failed to match rule 'Subscript'
	at 0303048.tex; line 1043 col 0 - line 1043 col 68
	ν[[UNKNOWN]]
	        > ][[CLOSE]] i[[UNKNOWN]]
Warning:not_parsed:UNKNOWN.POSTSUBSCRIPT>FLOATSUPERSCRIPT MathParser failed to match rule 'Anything'
	at 0303048.tex; line 1057 col 44 - line 1057 col 53
	In "$e_{\mu}{}^{m}$"
	e[[UNKNOWN]] _{\mu}[[POSTSUBSCRIPT]]
	        > {}^{m}[[FLOATSUPERSCRIPT]]
Warning:not_parsed:UNKNOWN.POSTSUPERSCRIPT>FLOATSUBSCRIPT MathParser failed to match rule 'Anything'
	at 0303048.tex; line 1077 col 0 - line 1079 col 15
	In "\begin{equation}\Gamma^{Ii}{}_{j}=M^{IJ}{\Omega_{J}}^{i}{}_{j}\end{equation}"
	Γ[[UNKNOWN]] ^{Ii}[[POSTSUPERSCRIPT]]
	        > {}_{j}[[FLOATSUBSCRIPT]] =[[RELOP]] M[[UNKNOWN]] ^{IJ}[[POSTSUPERSCRIPT]] Ω[[UNKNOWN]] _{J}[[POSTSUBSCRIPT]] ^{i}[[POSTSUPERSCRIPT]] {}_{j}[[FLOATSUBSCRIPT]]
Warning:not_parsed:UNKNOWN.POSTSUBSCRIPT>FLOATSUPERSCRIPT MathParser failed to match rule 'Anything'
	at 0303048.tex; line 1113 col 3 - line 1113 col 13
	In "$\Gamma_{\!A}{}^{a}{}_{b}$"
	Γ[[UNKNOWN]] _{\!A}[[POSTSUBSCRIPT]]
	        > {}^{a}[[FLOATSUPERSCRIPT]] {}_{b}[[FLOATSUBSCRIPT]]
Warning:not_parsed:UNKNOWN.POSTSUBSCRIPT>FLOATSUPERSCRIPT MathParser failed to match rule 'Anything'
	at 0303048.tex; line 1113 col 21 - line 1113 col 31
	In "$\Gamma_{\!A}{}^{i}{}_{j}$"
	Γ[[UNKNOWN]] _{\!A}[[POSTSUBSCRIPT]]
	        > {}^{i}[[FLOATSUPERSCRIPT]] {}_{j}[[FLOATSUBSCRIPT]]
Warning:not_parsed:UNKNOWN.POSTSUBSCRIPT>FLOATSUPERSCRIPT MathParser failed to match rule 'Anything'
	at 0303048.tex; line 1115 col 0 - line 1117 col 15
	In "\begin{equation}\Gamma_{\!A}{}^{i}{}_{j}={\Omega_{A}}^{i}{}_{j}-A_{A}^{I}\,{%
	\Omega_{I}}^{i}{}_{j}\ .\end{equation}"
	Γ[[UNKNOWN]] _{\!A}[[POSTSUBSCRIPT]]
	        > {}^{i}[[FLOATSUPERSCRIPT]] {}_{j}[[FLOATSUBSCRIPT]] =[[RELOP]] Ω[[UNKNOWN]] _{A}[[POSTSUBSCRIPT]] ^{i}[[POSTSUPERSCRIPT]] {}_{j}[[FLOATSUBSCRIPT]] -[[ADDOP]] A[[UNKNOWN]] _{A}[[POSTSUBSCRIPT]] ^{I}[[POSTSUPERSCRIPT]] Ω[[UNKNOWN]] _{I}[[POSTSUBSCRIPT]] ^{i}[[POSTSUPERSCRIPT]] {}_{j}[[FLOATSUBSCRIPT]]
Warning:not_parsed:NUMBER.UNKNOWN.POSTSUPERSCRIPT>OPEN MathParser failed to match rule 'Anything'
	at 0303048.tex; line 1131 col 5 - line 1131 col 5
	In "$\displaystyle\gamma^{A}_{ia}\,\partial_{A}M^{IJ}=-2M^{IK}(g_{Kib}\Gamma^{Jb}{%
	}_{a}+g_{Kja}\Gamma^{Jj}{}_{i})\ \@@ENDINLINEMATH"
	γ[[UNKNOWN]] ^{A}[[POSTSUPERSCRIPT]] _{ia}[[POSTSUBSCRIPT]] ∂[[OPERATOR]] _{A}[[POSTSUBSCRIPT]] M[[UNKNOWN]] ^{IJ}[[POSTSUPERSCRIPT]] =[[RELOP]] -[[ADDOP]] 2[[NUMBER]] M[[UNKNOWN]] ^{IK}[[POSTSUPERSCRIPT]]
	        > ([[OPEN]] g[[UNKNOWN]] _{Kib}[[POSTSUBSCRIPT]] Γ[[UNKNOWN]] ^{Jb}[[POSTSUPERSCRIPT]] {}_{a}[[FLOATSUBSCRIPT]] +[[ADDOP]] g[[UNKNOWN]] _{Kja}[[POSTSUBSCRIPT]] Γ[[UNKNOWN]] ^{Jj}[[POSTSUPERSCRIPT]] {}_{i}[[FLOATSUBSCRIPT]] )[[CLOSE]]
Warning:not_parsed:NUMBER.UNKNOWN.POSTSUPERSCRIPT>OPEN MathParser failed to match rule 'Anything'
	at 0303048.tex; line 1131 col 5 - line 1132 col 41
	In "$\displaystyle\gamma^{A}_{ia}\,\partial_{A}M^{IJ}=-2M^{IK}(g_{Kib}\Gamma^{Jb}{%
	}_{a}+g_{Kja}\Gamma^{Jj}{}_{i})\ $"
	γ[[UNKNOWN]] ^{A}[[POSTSUPERSCRIPT]] _{ia}[[POSTSUBSCRIPT]] ∂[[OPERATOR]] _{A}[[POSTSUBSCRIPT]] M[[UNKNOWN]] ^{IJ}[[POSTSUPERSCRIPT]] =[[RELOP]] -[[ADDOP]] 2[[NUMBER]] M[[UNKNOWN]] ^{IK}[[POSTSUPERSCRIPT]]
	        > ([[OPEN]] g[[UNKNOWN]] _{Kib}[[POSTSUBSCRIPT]] Γ[[UNKNOWN]] ^{Jb}[[POSTSUPERSCRIPT]] {}_{a}[[FLOATSUBSCRIPT]] +[[ADDOP]] g[[UNKNOWN]] _{Kja}[[POSTSUBSCRIPT]] Γ[[UNKNOWN]] ^{Jj}[[POSTSUPERSCRIPT]] {}_{i}[[FLOATSUBSCRIPT]] )[[CLOSE]]
Warning:not_parsed:POSTSUBSCRIPT.UNKNOWN.POSTSUBSCRIPT>OPEN MathParser failed to match rule 'Anything'
	at 0303048.tex; line 1133 col 5 - line 1133 col 5
	In "$\displaystyle\mathcal{D}_{\!A}\,g_{Iia}=-M_{IJ}\,\mathcal{G}_{AB}\,(\gamma^{B%
	}_{ib}\,\Gamma^{Jb}{}_{a}+\gamma^{B}_{ja}\,\Gamma^{Jj}{}_{i})\ .\@@ENDINLINEMATH"
	D[[UNKNOWN]] _{\!A}[[POSTSUBSCRIPT]] g[[UNKNOWN]] _{Iia}[[POSTSUBSCRIPT]] =[[RELOP]] -[[ADDOP]] M[[UNKNOWN]] _{IJ}[[POSTSUBSCRIPT]] G[[UNKNOWN]] _{AB}[[POSTSUBSCRIPT]]
	        > ([[OPEN]] γ[[UNKNOWN]] ^{B}[[POSTSUPERSCRIPT]] _{ib}[[POSTSUBSCRIPT]] Γ[[UNKNOWN]] ^{Jb}[[POSTSUPERSCRIPT]] {}_{a}[[FLOATSUBSCRIPT]] +[[ADDOP]] γ[[UNKNOWN]] ^{B}[[POSTSUPERSCRIPT]] _{ja}[[POSTSUBSCRIPT]] Γ[[UNKNOWN]] ^{Jj}[[POSTSUPERSCRIPT]] {}_{i}[[FLOATSUBSCRIPT]] )[[CLOSE]]
Warning:not_parsed:POSTSUBSCRIPT.UNKNOWN.POSTSUBSCRIPT>OPEN MathParser failed to match rule 'Anything'
	at 0303048.tex; line 1133 col 5 - line 1135 col 12
	In "$\displaystyle\mathcal{D}_{\!A}\,g_{Iia}=-M_{IJ}\,\mathcal{G}_{AB}\,(\gamma^{B%
	}_{ib}\,\Gamma^{Jb}{}_{a}+\gamma^{B}_{ja}\,\Gamma^{Jj}{}_{i})\ .$"
	D[[UNKNOWN]] _{\!A}[[POSTSUBSCRIPT]] g[[UNKNOWN]] _{Iia}[[POSTSUBSCRIPT]] =[[RELOP]] -[[ADDOP]] M[[UNKNOWN]] _{IJ}[[POSTSUBSCRIPT]] G[[UNKNOWN]] _{AB}[[POSTSUBSCRIPT]]
	        > ([[OPEN]] γ[[UNKNOWN]] ^{B}[[POSTSUPERSCRIPT]] _{ib}[[POSTSUBSCRIPT]] Γ[[UNKNOWN]] ^{Jb}[[POSTSUPERSCRIPT]] {}_{a}[[FLOATSUBSCRIPT]] +[[ADDOP]] γ[[UNKNOWN]] ^{B}[[POSTSUPERSCRIPT]] _{ja}[[POSTSUBSCRIPT]] Γ[[UNKNOWN]] ^{Jj}[[POSTSUPERSCRIPT]] {}_{i}[[FLOATSUBSCRIPT]] )[[CLOSE]]
Warning:not_parsed:UNKNOWN.POSTSUPERSCRIPT>FLOATSUBSCRIPT MathParser failed to match rule 'Anything'
	at 0303048.tex; line 1136 col 41 - line 1136 col 51
	In "$\Gamma^{Ia}{}_{b}$"
	Γ[[UNKNOWN]] ^{Ia}[[POSTSUPERSCRIPT]]
	        > {}_{b}[[FLOATSUBSCRIPT]]
Warning:not_parsed:UNKNOWN.POSTSUPERSCRIPT>FLOATSUBSCRIPT MathParser failed to match rule 'Anything'
	at 0303048.tex; line 1136 col 63 - line 1136 col 73
	In "$\Gamma^{Ii}{}_{j}$"
	Γ[[UNKNOWN]] ^{Ii}[[POSTSUPERSCRIPT]]
	        > {}_{j}[[FLOATSUBSCRIPT]]
Warning:not_parsed:UNKNOWN>OPEN MathParser failed to match rule 'Subscript'
	at 0303048.tex; line 1144 col 18 - line 1144 col 18
	In "\begin{equation}\mathcal{R}_{ABCD}=h_{a{\bar{a}}}\,\mathcal{R}_{AB}{}^{a}{}_{b%
	}\,W_{\!C}^{bi}\,\bar{W}_{\!Di}^{{\bar{a}}}+\mathcal{R}_{AB}{}^{i}{}_{j}\,W_{%
	\!C}^{aj}h_{a{\bar{a}}}\bar{W}_{\!Di}^{\bar{a}}+\tfrac{1}{2}M_{IJ}\,F_{C[A}{}^%
	{I}F_{B]D}{}^{J}\ .\end{equation}"
	C[[UNKNOWN]]
	        > [[[OPEN]] A[[UNKNOWN]]
Warning:not_parsed:UNKNOWN>CLOSE MathParser failed to match rule 'Subscript'
	at 0303048.tex; line 1144 col 30 - line 1144 col 30
	B[[UNKNOWN]]
	        > ][[CLOSE]] D[[UNKNOWN]]
Warning:not_parsed:FLOATSUPERSCRIPT.UNKNOWN.POSTSUBSCRIPT>FLOATSUPERSCRIPT MathParser failed to match rule 'Anything'
	at 0303048.tex; line 1141 col 0 - line 1145 col 15
	R[[UNKNOWN]] _{ABCD}[[POSTSUBSCRIPT]] =[[RELOP]] h[[UNKNOWN]] _{a{\bar{a}}}[[POSTSUBSCRIPT]] R[[UNKNOWN]] _{AB}[[POSTSUBSCRIPT]] {}^{a}[[FLOATSUPERSCRIPT]] {}_{b}[[FLOATSUBSCRIPT]] W[[UNKNOWN]] _{\!C}[[POSTSUBSCRIPT]] ^{bi}[[POSTSUPERSCRIPT]] \bar{W}[[UNKNOWN]] _{\!Di}[[POSTSUBSCRIPT]] ^{{\bar{a}}}[[POSTSUPERSCRIPT]] +[[ADDOP]] R[[UNKNOWN]] _{AB}[[POSTSUBSCRIPT]] {}^{i}[[FLOATSUPERSCRIPT]] {}_{j}[[FLOATSUBSCRIPT]] W[[UNKNOWN]] _{\!C}[[POSTSUBSCRIPT]] ^{aj}[[POSTSUPERSCRIPT]] h[[UNKNOWN]] _{a{\bar{a}}}[[POSTSUBSCRIPT]] \bar{W}[[UNKNOWN]] _{\!Di}[[POSTSUBSCRIPT]] ^{\bar{a}}[[POSTSUPERSCRIPT]] +[[ADDOP]] \tfrac{1}{2}[[UNKNOWN]] M[[UNKNOWN]] _{IJ}[[POSTSUBSCRIPT]] F[[UNKNOWN]] _{C[A}[[POSTSUBSCRIPT]] {}^{I}[[FLOATSUPERSCRIPT]] F[[UNKNOWN]] _{B]D}[[POSTSUBSCRIPT]]
	        > {}^{J}[[FLOATSUPERSCRIPT]]
Warning:not_parsed:UNKNOWN.POSTSUBSCRIPT>FLOATSUPERSCRIPT MathParser failed to match rule 'Anything'
	at 0303048.tex; line 1147 col 19 - line 1147 col 29
	In "$\Gamma_{\!A}{}^{a}{}_{b}$"
	Γ[[UNKNOWN]] _{\!A}[[POSTSUBSCRIPT]]
	        > {}^{a}[[FLOATSUPERSCRIPT]] {}_{b}[[FLOATSUBSCRIPT]]
Warning:not_parsed:UNKNOWN.POSTSUBSCRIPT>FLOATSUPERSCRIPT MathParser failed to match rule 'Anything'
	at 0303048.tex; line 1147 col 37 - line 1147 col 47
	In "$\Gamma_{\!A}{}^{i}{}_{j}$"
	Γ[[UNKNOWN]] _{\!A}[[POSTSUBSCRIPT]]
	        > {}^{i}[[FLOATSUPERSCRIPT]] {}_{j}[[FLOATSUBSCRIPT]]
Warning:not_parsed:UNKNOWN.POSTSUBSCRIPT>FLOATSUPERSCRIPT MathParser failed to match rule 'Anything'
	at 0303048.tex; line 1149 col 10 - line 1149 col 20
	In "$F_{AB}{}^{I}$"
	F[[UNKNOWN]] _{AB}[[POSTSUBSCRIPT]]
	        > {}^{I}[[FLOATSUPERSCRIPT]]
Warning:not_parsed:UNKNOWN.POSTSUBSCRIPT>FLOATSUPERSCRIPT MathParser failed to match rule 'Anything'
	at 0303048.tex; line 1151 col 39 - line 1151 col 49
	In "$F_{AB}{}^{I}$"
	F[[UNKNOWN]] _{AB}[[POSTSUBSCRIPT]]
	        > {}^{I}[[FLOATSUPERSCRIPT]]
Warning:not_parsed:UNKNOWN.POSTSUBSCRIPT.POSTSUPERSCRIPT>FLOATSUBSCRIPT MathParser failed to match rule 'Anything'
	at 0303048.tex; line 1217 col 4 - line 1217 col 4
	In "$\displaystyle\mathrm{d}\phi^{\hat{A}}\,{\Omega_{\hat{A}}}^{a}{}_{b}=\frac{%
	\raisebox{-2.0pt}{$3\mathrm{i}$}}{4}\,\mathrm{e}^{-\phi}\begin{pmatrix}%
	\hidden@noalign{}\hfil\textstyle-(\mathrm{d}\sigma+\chi\mathrm{d}\varphi)&0\\[%
	2.0pt]
	\hidden@noalign{}\hfil\textstyle 0&(\mathrm{d}\sigma+\chi\mathrm{d}\varphi)%
	\end{pmatrix}\ ,\@@ENDINLINEMATH"
	d[[UNKNOWN]] ϕ[[UNKNOWN]] ^{\hat{A}}[[POSTSUPERSCRIPT]] Ω[[UNKNOWN]] _{\hat{A}}[[POSTSUBSCRIPT]] ^{a}[[POSTSUPERSCRIPT]]
	        > {}_{b}[[FLOATSUBSCRIPT]] =[[RELOP]] \frac{\raisebox{-2.0pt}{$3\mathrm{i}$}}{4}[[UNKNOWN]] e[[UNKNOWN]] ^{-\phi}[[POSTSUPERSCRIPT]] \begin{pmatrix}\hidden@noalign{}\hfil\textstyle-(\mathrm{d}\sigma+\chi\mathrm{d}\varphi)&0\\[2.0pt]
	\hidden@noalign{}\hfil\textstyle0&(\mathrm{d}\sigma+\chi\mathrm{d}\varphi)\end{pmatrix}[[UNKNOWN]]
Warning:not_parsed:UNKNOWN.POSTSUBSCRIPT.POSTSUPERSCRIPT>FLOATSUBSCRIPT MathParser failed to match rule 'Anything'
	at 0303048.tex; line 1217 col 4 - line 1217 col 33
	In "$\displaystyle\mathrm{d}\phi^{\hat{A}}\,{\Omega_{\hat{A}}}^{a}{}_{b}$"
	d[[UNKNOWN]] ϕ[[UNKNOWN]] ^{\hat{A}}[[POSTSUPERSCRIPT]] Ω[[UNKNOWN]] _{\hat{A}}[[POSTSUBSCRIPT]] ^{a}[[POSTSUPERSCRIPT]]
	        > {}_{b}[[FLOATSUBSCRIPT]]
Warning:not_parsed:UNKNOWN.POSTSUBSCRIPT.POSTSUPERSCRIPT>FLOATSUBSCRIPT MathParser failed to match rule 'Anything'
	at 0303048.tex; line 1220 col 4 - line 1220 col 4
	In "$\displaystyle\mathrm{d}\phi^{\hat{A}}\,{\Omega_{\hat{A}}}^{i}{}_{j}=\frac{%
	\raisebox{-2.0pt}{$\mathrm{i}$}}{4}\,\mathrm{e}^{-\phi}\begin{pmatrix}%
	\hidden@noalign{}\hfil\textstyle(\mathrm{d}\sigma+\chi\mathrm{d}\varphi)&2\,%
	\mathrm{e}^{\phi/2}(\mathrm{d}\varphi+\mathrm{i}\,\mathrm{d}\chi)\\[2.0pt]
	\hidden@noalign{}\hfil\textstyle 2\,\mathrm{e}^{\phi/2}(\mathrm{d}\varphi-%
	\mathrm{i}\,\mathrm{d}\chi)&-(\mathrm{d}\sigma+\chi\mathrm{d}\varphi)\end{%
	pmatrix}\ .\@@ENDINLINEMATH"
	d[[UNKNOWN]] ϕ[[UNKNOWN]] ^{\hat{A}}[[POSTSUPERSCRIPT]] Ω[[UNKNOWN]] _{\hat{A}}[[POSTSUBSCRIPT]] ^{i}[[POSTSUPERSCRIPT]]
	        > {}_{j}[[FLOATSUBSCRIPT]] =[[RELOP]] \frac{\raisebox{-2.0pt}{$\mathrm{i}$}}{4}[[UNKNOWN]] e[[UNKNOWN]] ^{-\phi}[[POSTSUPERSCRIPT]] \begin{pmatrix}\hidden@noalign{}\hfil\textstyle(\mathrm{d}\sigma+\chi\mathrm{d}\varphi)&2\,\mathrm{e}^{\phi/2}(\mathrm{d}\varphi+\mathrm{i}\,\mathrm{d}\chi)\\[2.0pt]
	\hidden@noalign{}\hfil\textstyle2\,\mathrm{e}^{\phi/2}(\mathrm{d}\varphi-\mathrm{i}\,\mathrm{d}\chi)&-(\mathrm{d}\sigma+\chi\mathrm{d}\varphi)\end{pmatrix}[[UNKNOWN]]
Warning:not_parsed:UNKNOWN.POSTSUBSCRIPT.POSTSUPERSCRIPT>FLOATSUBSCRIPT MathParser failed to match rule 'Anything'
	at 0303048.tex; line 1220 col 4 - line 1220 col 33
	In "$\displaystyle\mathrm{d}\phi^{\hat{A}}\,{\Omega_{\hat{A}}}^{i}{}_{j}$"
	d[[UNKNOWN]] ϕ[[UNKNOWN]] ^{\hat{A}}[[POSTSUPERSCRIPT]] Ω[[UNKNOWN]] _{\hat{A}}[[POSTSUBSCRIPT]] ^{i}[[POSTSUPERSCRIPT]]
	        > {}_{j}[[FLOATSUBSCRIPT]]
Warning:not_parsed:UNKNOWN.POSTSUBSCRIPT>FLOATSUPERSCRIPT MathParser failed to match rule 'Anything'
	at 0303048.tex; line 1277 col 0 - line 1281 col 15
	In "\begin{equation}\Gamma_{\!A}{}^{a}{}_{b}=0\ ,\qquad\Gamma_{\!\phi}{}^{i}{}_{j}%
	=0\ ,\qquad\Gamma_{\!\chi}{}^{i}{}_{j}=\frac{\raisebox{-2.0pt}{$1$}}{2}\,%
	\mathrm{e}^{-\phi/2}\begin{pmatrix}0&-1\\[2.0pt]
	1&0\end{pmatrix}\ .\end{equation}"
	Γ[[UNKNOWN]] _{\!A}[[POSTSUBSCRIPT]]
	        > {}^{a}[[FLOATSUPERSCRIPT]] {}_{b}[[FLOATSUBSCRIPT]] =[[RELOP]] 0[[NUMBER]] ,[[PUNCT]] Γ[[UNKNOWN]] _{\!\phi}[[POSTSUBSCRIPT]] {}^{i}[[FLOATSUPERSCRIPT]] {}_{j}[[FLOATSUBSCRIPT]] =[[RELOP]] 0[[NUMBER]] ,[[PUNCT]] Γ[[UNKNOWN]] _{\!\chi}[[POSTSUBSCRIPT]] {}^{i}[[FLOATSUPERSCRIPT]] {}_{j}[[FLOATSUBSCRIPT]] =[[RELOP]] \frac{\raisebox{-2.0pt}{$1$}}{2}[[UNKNOWN]] e[[UNKNOWN]] ^{-\phi/2}[[POSTSUPERSCRIPT]] \begin{pmatrix}0&-1\\[2.0pt]
	1&0\end{pmatrix}[[UNKNOWN]]
Warning:not_parsed:UNKNOWN.POSTSUBSCRIPT.POSTSUPERSCRIPT>FLOATSUBSCRIPT MathParser failed to match rule 'Anything'
	at 0303048.tex; line 1291 col 3 - line 1295 col 13
	In "$\displaystyle{\Omega_{1}}^{i}{}_{j}=\frac{\raisebox{-2.0pt}{$\mathrm{i}$}}{4}%
	\,\mathrm{e}^{-\phi}\begin{pmatrix}\hidden@noalign{}\hfil\textstyle\chi&2\,%
	\mathrm{e}^{\phi/2}\\[2.0pt]
	\hidden@noalign{}\hfil\textstyle 2\,\mathrm{e}^{\phi/2}&-\chi\end{pmatrix}\ ,%
	\qquad{\Omega_{2}}^{i}{}_{j}=\frac{\raisebox{-2.0pt}{$\mathrm{i}$}}{4}\,%
	\mathrm{e}^{-\phi}\begin{pmatrix}\hidden@noalign{}\hfil\textstyle 1&0\\[2.0pt]
	\hidden@noalign{}\hfil\textstyle 0&-1\end{pmatrix}\ ,$"
	Ω[[UNKNOWN]] _{1}[[POSTSUBSCRIPT]] ^{i}[[POSTSUPERSCRIPT]]
	        > {}_{j}[[FLOATSUBSCRIPT]] =[[RELOP]] \frac{\raisebox{-2.0pt}{$\mathrm{i}$}}{4}[[UNKNOWN]] e[[UNKNOWN]] ^{-\phi}[[POSTSUPERSCRIPT]] \begin{pmatrix}\hidden@noalign{}\hfil\textstyle\chi&2\,\mathrm{e}^{\phi/2}\\[2.0pt]
	\hidden@noalign{}\hfil\textstyle2\,\mathrm{e}^{\phi/2}&-\chi\end{pmatrix}[[UNKNOWN]] ,[[PUNCT]] Ω[[UNKNOWN]] _{2}[[POSTSUBSCRIPT]] ^{i}[[POSTSUPERSCRIPT]] {}_{j}[[FLOATSUBSCRIPT]] =[[RELOP]] \frac{\raisebox{-2.0pt}{$\mathrm{i}$}}{4}[[UNKNOWN]] e[[UNKNOWN]] ^{-\phi}[[POSTSUPERSCRIPT]] \begin{pmatrix}\hidden@noalign{}\hfil\textstyle1&0\\[2.0pt]
	\hidden@noalign{}\hfil\textstyle0&-1\end{pmatrix}[[UNKNOWN]]
Warning:not_parsed:UNKNOWN.POSTSUPERSCRIPT>FLOATSUBSCRIPT MathParser failed to match rule 'Anything'
	at 0303048.tex; line 1298 col 8 - line 1300 col 15
	In "$\displaystyle\Gamma^{1\,a}{}_{b}=0\ ,\qquad\Gamma^{2\,a}{}_{b}=-\frac{%
	\raisebox{-2.0pt}{$3\mathrm{i}$}}{4}\,\mathrm{e}^{\phi}\begin{pmatrix}%
	\hidden@noalign{}\hfil\textstyle 1&0\\[2.0pt]
	\hidden@noalign{}\hfil\textstyle 0&-1\end{pmatrix}\ ,$"
	Γ[[UNKNOWN]] ^{1\,a}[[POSTSUPERSCRIPT]]
	        > {}_{b}[[FLOATSUBSCRIPT]] =[[RELOP]] 0[[NUMBER]] ,[[PUNCT]] Γ[[UNKNOWN]] ^{2\,a}[[POSTSUPERSCRIPT]] {}_{b}[[FLOATSUBSCRIPT]] =[[RELOP]] -[[ADDOP]] \frac{\raisebox{-2.0pt}{$3\mathrm{i}$}}{4}[[UNKNOWN]] e[[UNKNOWN]] ^{\phi}[[POSTSUPERSCRIPT]] \begin{pmatrix}\hidden@noalign{}\hfil\textstyle1&0\\[2.0pt]
	\hidden@noalign{}\hfil\textstyle0&-1\end{pmatrix}[[UNKNOWN]]
Warning:not_parsed:UNKNOWN.POSTSUPERSCRIPT>FLOATSUBSCRIPT MathParser failed to match rule 'Anything'
	at 0303048.tex; line 1301 col 8 - line 1305 col 13
	In "$\displaystyle\Gamma^{1\,i}{}_{j}=\frac{\raisebox{-2.0pt}{$\mathrm{i}$}}{2}\,%
	\mathrm{e}^{\phi/2}\begin{pmatrix}\hidden@noalign{}\hfil\textstyle 0&1\\[2.0pt%
	]
	\hidden@noalign{}\hfil\textstyle 1&0\end{pmatrix}\ ,\qquad\Gamma^{2\,i}{}_{j}=%
	-\frac{\raisebox{-2.0pt}{$\mathrm{i}$}}{4}\,\mathrm{e}^{\phi/2}\begin{pmatrix}%
	\hidden@noalign{}\hfil\textstyle-\mathrm{e}^{\phi/2}&2\chi\\[2.0pt]
	\hidden@noalign{}\hfil\textstyle 2\chi&\mathrm{e}^{\phi/2}\end{pmatrix}\ .$"
	Γ[[UNKNOWN]] ^{1\,i}[[POSTSUPERSCRIPT]]
	        > {}_{j}[[FLOATSUBSCRIPT]] =[[RELOP]] \frac{\raisebox{-2.0pt}{$\mathrm{i}$}}{2}[[UNKNOWN]] e[[UNKNOWN]] ^{\phi/2}[[POSTSUPERSCRIPT]] \begin{pmatrix}\hidden@noalign{}\hfil\textstyle0&1\\[2.0pt]
	\hidden@noalign{}\hfil\textstyle1&0\end{pmatrix}[[UNKNOWN]] ,[[PUNCT]] Γ[[UNKNOWN]] ^{2\,i}[[POSTSUPERSCRIPT]] {}_{j}[[FLOATSUBSCRIPT]] =[[RELOP]] -[[ADDOP]] \frac{\raisebox{-2.0pt}{$\mathrm{i}$}}{4}[[UNKNOWN]] e[[UNKNOWN]] ^{\phi/2}[[POSTSUPERSCRIPT]] \begin{pmatrix}\hidden@noalign{}\hfil\textstyle-\mathrm{e}^{\phi/2}&2\chi\\[2.0pt]
	\hidden@noalign{}\hfil\textstyle2\chi&\mathrm{e}^{\phi/2}\end{pmatrix}[[UNKNOWN]]
 17.15 sec)
Math parsing succeeded:
   ltx:XMath: 429/518
   ltx:XMWrap: 51/51
   ltx:XMArg: 4096/4142
Symbols assumed as simple identifiers (with # of occurences):
   'A{italic}' (124), 'B{italic}' (91), 'C{italic}' (10), 'Delta' (3), 'D{caligraphic}' (43), 'D{italic}' (35), 'E{caligraphic}' (29), 'E{italic}' (6), 'F{caligraphic}' (18), 'F{italic}' (46), 'Gamma' (159), 'G{caligraphic}' (38), 'G{italic}' (32), 'H{caligraphic}' (19), 'H{italic}' (47), 'I{italic}' (236), 'J{italic}' (138), 'K{italic}' (17), 'Lambda' (6), 'L{caligraphic}' (17), 'M{italic}' (87), 'N{italic}' (21), 'Omega' (89), 'R{caligraphic}' (28), 'R{italic}' (19), 'Sigma' (7), 'Sp' (12), 'S{italic}' (23), 'U' (2), 'V{italic}' (74), 'W{italic}' (45), 'alpha' (1), 'a{italic}' (291), 'b{italic}' (122), 'chi' (13), 'c{italic}' (45), 'd' (19), 'delta' (90), 'd{italic}' (22), 'e' (32), 'epsilon' (54), 'e{italic}' (25), 'f{italic}' (13), 'gamma' (104), 'g{italic}' (75), 'h{italic}' (111), 'i' (56), 'i{italic}' (244), 'j{italic}' (47), 'kappa' (38), 'k{italic}' (46), 'lambda' (224), 'mu' (132), 'nu' (128), 'n{italic}' (38), 'omega' (2), 'phi' (182), 'psi' (64), 'p{italic}' (5), 'rho' (22), 'sigma' (145), 's{italic}' (5), 'tau' (7), 'theta' (7), 'tr' (5), 't{italic}' (46), 'varepsilon' (22), 'varphi' (8), 'x{italic}' (14)
Set MATHPARSER_SPECULATE to speculate on possible notations.
(Finalizing... 1.83 sec)
Conversion complete 135 warnings (See /home/user/latex-in-arxiv/0303048.latexml.log) (reqd. 40.34s)
