latexml (LaTeXML version 0.8.6) processing 2003/0303110.tex
(Digesting TeX 0303110...
(Loading /usr/share/perl5/LaTeXML/Package/TeX.pool.ltxml...
(Loading /usr/share/perl5/LaTeXML/Package/eTeX.pool.ltxml... 0.01 sec)
(Loading /usr/share/perl5/LaTeXML/Package/pdfTeX.pool.ltxml... 0.01 sec) 0.24 sec)
(Processing content /home/user/latex-in-arxiv/2003/0303110.tex...
(Loading /usr/share/perl5/LaTeXML/Package/LaTeX.pool.ltxml...
(Loading /usr/share/perl5/LaTeXML/Package/textcomp.sty.ltxml...
(Processing definitions /usr/share/texlive/texmf-dist/tex/latex-dev/base/ts1enc.dfu... 0.05 sec) 1.95 sec) 2.31 sec)
(Loading /usr/share/perl5/LaTeXML/Package/revtex4.cls.ltxml...
(Loading /usr/share/perl5/LaTeXML/Package/article.cls.ltxml... 0.02 sec)
(Loading /usr/share/perl5/LaTeXML/Package/revtex4_support.sty.ltxml...
(Loading /usr/share/perl5/LaTeXML/Package/hyperref.sty.ltxml...
(Loading /usr/share/perl5/LaTeXML/Package/keyval.sty.ltxml...
(Processing definitions /usr/share/texlive/texmf-dist/tex/latex-dev/graphics/keyval.sty... 0.03 sec) 0.03 sec)
(Loading /usr/share/perl5/LaTeXML/Package/nameref.sty.ltxml... 0.00 sec)
(Loading /usr/share/perl5/LaTeXML/Package/url.sty.ltxml... 0.00 sec) 0.12 sec)
(Loading /usr/share/perl5/LaTeXML/Package/natbib.sty.ltxml... 0.03 sec)
(Loading /usr/share/perl5/LaTeXML/Package/revsymb.sty.ltxml... 0.01 sec)
(Loading /usr/share/perl5/LaTeXML/Package/longtable.sty.ltxml... 0.00 sec)
(Loading /usr/share/perl5/LaTeXML/Package/dcolumn.sty.ltxml...
(Loading /usr/share/perl5/LaTeXML/Package/array.sty.ltxml... 0.00 sec) 0.01 sec) 0.25 sec) 0.79 sec)
(Loading /usr/share/perl5/LaTeXML/Package/graphicx.sty.ltxml...
(Loading /usr/share/perl5/LaTeXML/Package/graphics.sty.ltxml... 0.01 sec) 0.05 sec)
(Loading /usr/share/perl5/LaTeXML/Package/amsmath.sty.ltxml...
(Loading /usr/share/perl5/LaTeXML/Package/amsbsy.sty.ltxml...
(Loading /usr/share/perl5/LaTeXML/Package/amsgen.sty.ltxml... 0.01 sec) 0.01 sec)
(Loading /usr/share/perl5/LaTeXML/Package/amstext.sty.ltxml... 0.01 sec)
(Loading /usr/share/perl5/LaTeXML/Package/amsopn.sty.ltxml... 0.01 sec) 0.09 sec) 7.65 sec) 7.93 sec)
(Building...
(Loading compiled schema /usr/share/perl5/LaTeXML/resources/RelaxNG/LaTeXML.model... 0.02 sec) 5.28 sec)
(Rewriting... 0.16 sec)
(Math Parsing 200 formulae ......
Warning:not_parsed:ADDOP.ATOM.CLOSE>PUNCT MathParser failed to match rule 'Anything'
	at 0303110.tex; line 150 col 16 - line 154 col 14
	In "\begin{equation}\Theta=\frac{\dot{b}}{b}+\frac{2\dot{a}}{a},\hskip 28.452756pt%
	\sigma=\frac{1}{\sqrt{3}}(\frac{\dot{b}}{b}-\frac{\dot{a}}{a}),\hskip 28.45275%
	6pt^{(3)}R=\frac{2k}{a^{2}}\end{equation}"
	Θ[[UNKNOWN]] =[[RELOP]] \frac{\dot{b}}{b}[[UNKNOWN]] +[[ADDOP]] \frac{2\dot{a}}{a}[[UNKNOWN]] ,[[PUNCT]] σ[[UNKNOWN]] =[[RELOP]] \frac{1}{\sqrt{3}}[[UNKNOWN]] ([[OPEN]] \frac{\dot{b}}{b}[[UNKNOWN]] -[[ADDOP]] \frac{\dot{a}}{a}[[UNKNOWN]] )[[CLOSE]]
	        > ,[[PUNCT]] ^{(3)}[[POSTSUPERSCRIPT]] R[[UNKNOWN]] =[[RELOP]] \frac{2k}{a^{2}}[[UNKNOWN]]
Warning:not_parsed:POSTSUPERSCRIPT.UNKNOWN.ATOM>OPEN MathParser failed to match rule 'Anything'
	at 0303110.tex; line 418 col 16 - line 422 col 14
	In "\begin{equation}S=\int d^{4}x\sqrt{-g}\left[\frac{1}{2\kappa}{\cal R}-\frac{1}%
	{2}(\partial\phi)^{2}-V(\phi))+\beta^{4}(\phi)(\rho_{M}+\rho_{R})\right]\end{equation}"
	S[[UNKNOWN]] =[[RELOP]] ∫[[INTOP]] d[[UNKNOWN]] ^{4}[[POSTSUPERSCRIPT]] x[[UNKNOWN]] \sqrt{-g}[[UNKNOWN]]
	        > \left[[[OPEN]] \frac{1}{2\kappa}[[UNKNOWN]] R[[UNKNOWN]] -[[ADDOP]] \frac{1}{2}[[UNKNOWN]] ([[OPEN]] ∂[[OPERATOR]] ϕ[[UNKNOWN]] )[[CLOSE]] ^{2}[[POSTSUPERSCRIPT]] -[[ADDOP]] V[[UNKNOWN]] ([[OPEN]] ϕ[[UNKNOWN]] )[[CLOSE]] )[[CLOSE]] +[[ADDOP]] β[[UNKNOWN]] ^{4}[[POSTSUPERSCRIPT]] ([[OPEN]] ϕ[[UNKNOWN]] )[[CLOSE]] ([[OPEN]] ρ[[UNKNOWN]] _{M}[[POSTSUBSCRIPT]] +[[ADDOP]] ρ[[UNKNOWN]] _{R}[[POSTSUBSCRIPT]] )[[CLOSE]] \right][[CLOSE]]
 10.55 sec)
Math parsing succeeded:
   ltx:XMath: 198/200
   ltx:XMArg: 724/724
   ltx:XMWrap: 0/2
Symbols assumed as simple identifiers (with # of occurences):
   'G{italic}' (1), 'H{italic}' (29), 'I{italic}' (1), 'L{italic}' (1), 'R{caligraphic}' (2), 'R{italic}' (3), 'S{italic}' (4), 'Theta' (3), 'V{italic}' (6), 'Z{italic}' (79), 'a{italic}' (75), 'beta' (11), 'b{italic}' (4), 'c{italic}' (2), 'delta' (45), 'd{italic}' (66), 'e{italic}' (5), 'f{italic}' (10), 'g{italic}' (4), 'kappa' (8), 'k{italic}' (26), 'mu' (1), 'm{italic}' (2), 'nu' (1), 'n{italic}' (4), 'o{italic}' (2), 'phi' (12), 'pi' (1), 'p{italic}' (4), 'q{italic}' (47), 'rho' (17), 'r{italic}' (3), 'sigma' (2), 's{italic}' (4), 'theta' (5), 't{italic}' (231), 'u{italic}' (6), 'xi' (6), 'x{italic}' (12), 'y{italic}' (10), 'z{italic}' (1)
Set MATHPARSER_SPECULATE to speculate on possible notations.
(Finalizing... 0.95 sec)
Conversion complete 2 warnings (See /home/user/latex-in-arxiv/0303110.latexml.log) (reqd. 25.63s)
