latexml (LaTeXML version 0.8.6) processing 2003/0303264.tex
(Digesting TeX 0303264...
(Loading /usr/share/perl5/LaTeXML/Package/TeX.pool.ltxml...
(Loading /usr/share/perl5/LaTeXML/Package/eTeX.pool.ltxml... 0.00 sec)
(Loading /usr/share/perl5/LaTeXML/Package/pdfTeX.pool.ltxml... 0.01 sec) 0.18 sec)
(Processing content /home/user/latex-in-arxiv/2003/0303264.tex...
(Loading /usr/share/perl5/LaTeXML/Package/LaTeX.pool.ltxml...
(Loading /usr/share/perl5/LaTeXML/Package/textcomp.sty.ltxml...
(Processing definitions /usr/share/texlive/texmf-dist/tex/latex-dev/base/ts1enc.dfu... 0.03 sec) 1.45 sec) 1.65 sec)
(Loading /usr/share/perl5/LaTeXML/Package/article.cls.ltxml... 0.01 sec)
(Loading /usr/share/perl5/LaTeXML/Package/epsfig.sty.ltxml...
(Loading /usr/share/perl5/LaTeXML/Package/graphicx.sty.ltxml...
(Loading /usr/share/perl5/LaTeXML/Package/graphics.sty.ltxml... 0.01 sec) 0.01 sec) 0.03 sec)
(Loading /usr/share/perl5/LaTeXML/Package/amsmath.sty.ltxml...
(Loading /usr/share/perl5/LaTeXML/Package/amsbsy.sty.ltxml...
(Loading /usr/share/perl5/LaTeXML/Package/amsgen.sty.ltxml... 0.00 sec) 0.01 sec)
(Loading /usr/share/perl5/LaTeXML/Package/amstext.sty.ltxml... 0.01 sec)
(Loading /usr/share/perl5/LaTeXML/Package/amsopn.sty.ltxml... 0.01 sec) 0.05 sec)
(Loading /usr/share/perl5/LaTeXML/Package/amssymb.sty.ltxml...
(Loading /usr/share/perl5/LaTeXML/Package/amsfonts.sty.ltxml... 0.00 sec) 0.02 sec)
(Loading /usr/share/perl5/LaTeXML/Package/float.sty.ltxml... 0.00 sec)
(Loading /usr/share/perl5/LaTeXML/Package/a4wide.sty.ltxml... 0.00 sec) 10.44 sec) 10.71 sec)
(Building...
(Loading compiled schema /usr/share/perl5/LaTeXML/resources/RelaxNG/LaTeXML.model... 0.01 sec) 9.68 sec)
(Rewriting... 0.20 sec)
(Math Parsing 420 formulae ......
Warning:not_parsed:POSTSUBSCRIPT.CLOSE.OPFUNCTION>CLOSE MathParser failed to match rule 'Anything'
	at 0303264.tex; line 515 col 0 - line 521 col 14
	In "\begin{equation}P\bigl{[}\{y_{k}\}\bigr{]}\;=\;\delta\Bigl{(}y_{1}+\ldots+y_{N%
	}\Bigr{)}\;\exp\Bigr{\{}-\frac{N}{4}\sum_{k=1}^{N}(y_{k}-y_{k-1})^{2}\Bigr{\}}%
	\;.\end{equation}"
	P[[UNKNOWN]] [[[OPEN]] \{[[OPEN]] y[[UNKNOWN]] _{k}[[POSTSUBSCRIPT]] \}[[CLOSE]] ][[CLOSE]] =[[RELOP]] δ[[UNKNOWN]] ([[OPEN]] y[[UNKNOWN]] _{1}[[POSTSUBSCRIPT]] +[[ADDOP]] \ldots[[ID]] +[[ADDOP]] y[[UNKNOWN]] _{N}[[POSTSUBSCRIPT]] )[[CLOSE]] exp[[OPFUNCTION]]
	        > \{[[CLOSE]] -[[ADDOP]] \frac{N}{4}[[UNKNOWN]] ∑[[SUMOP]] _{k=1}[[POSTSUBSCRIPT]] ^{N}[[POSTSUPERSCRIPT]] ([[OPEN]] y[[UNKNOWN]] _{k}[[POSTSUBSCRIPT]] -[[ADDOP]] y[[UNKNOWN]] _{k-1}[[POSTSUBSCRIPT]] )[[CLOSE]] ^{2}[[POSTSUPERSCRIPT]] \}[[CLOSE]]
Warning:not_parsed:UNKNOWN.POSTSUPERSCRIPT.ID>RELOP MathParser failed to match rule 'Anything'
	at 0303264.tex; line 779 col 4 - line 779 col 4
	In "$\displaystyle\int{\cal D}y\,P\bigl{[}\{y_{k}\}\bigr{]}\dots=\int\prod\limits_%
	{i=1}^{N-1}dy_{i}\,\,e^{\left[-\frac{N}{4}\left(\sum_{i=2}^{N-1}(y_{i}-y_{i-1}%
	)^{2}+(2y_{1}+y_{2}+\dots+y_{N-1})^{2}+(y_{1}+y_{2}+\dots+2y_{N-1})^{2}\right)%
	\right]}\dots=:\int\prod\limits_{i=1}^{N-1}dy_{i}\,\,e^{\left[-\frac{N}{4}Y%
	\right]}\dots,\@@ENDINLINEMATH"
	∫[[INTOP]] D[[UNKNOWN]] y[[UNKNOWN]] P[[UNKNOWN]] [[[OPEN]] \{[[OPEN]] y[[UNKNOWN]] _{k}[[POSTSUBSCRIPT]] \}[[CLOSE]] ][[CLOSE]] …[[ID]] =[[RELOP]] ∫[[INTOP]] ∏[[SUMOP]] _{i=1}[[POSTSUBSCRIPT]] ^{N-1}[[POSTSUPERSCRIPT]] d[[UNKNOWN]] y[[UNKNOWN]] _{i}[[POSTSUBSCRIPT]] e[[UNKNOWN]] ^{\left[-\frac{N}{4}\left(\sum_{i=2}^{N-1}(y_{i}-y_{i-1})^{2}+(2y_{1}+y_{2}+\dots+y_{N-1})^{2}+(y_{1}+y_{2}+\dots+2y_{N-1})^{2}\right)\right]}[[POSTSUPERSCRIPT]] …[[ID]]
	        > =[[RELOP]] :[[METARELOP]] ∫[[INTOP]] ∏[[SUMOP]] _{i=1}[[POSTSUBSCRIPT]] ^{N-1}[[POSTSUPERSCRIPT]] d[[UNKNOWN]] y[[UNKNOWN]] _{i}[[POSTSUBSCRIPT]] e[[UNKNOWN]] ^{\left[-\frac{N}{4}Y\right]}[[POSTSUPERSCRIPT]] …[[ID]]
 13.74 sec)
Math parsing succeeded:
   ltx:XMath: 418/420
   ltx:XMArg: 866/866
Symbols assumed as simple identifiers (with # of occurences):
   'A{italic}' (1), 'B{italic}' (4), 'Delta' (2), 'D{caligraphic}' (10), 'D{italic}' (19), 'E{caligraphic}' (5), 'E{italic}' (7), 'Gamma' (4), 'I{italic}' (6), 'J{italic}' (1), 'Lambda' (4), 'L{caligraphic}' (1), 'L{italic}' (4), 'N{caligraphic}' (1), 'N{italic}' (112), 'Omega' (2), 'O{caligraphic}' (5), 'P{italic}' (13), 'R{blackboard}' (1), 'R{italic}' (19), 'Sigma' (1), 'S{italic}' (17), 'T{italic}' (41), 'V{italic}' (63), 'W{italic}' (12), 'Y{italic}' (5), 'a{italic}' (57), 'b{italic}' (6), 'c{italic}' (3), 'delta' (10), 'd{italic}' (55), 'epsilon' (2), 'e{italic}' (20), 'fixed' (1), 'i{italic}' (69), 'j{italic}' (4), 'k{italic}' (7), 'lambda' (17), 'mu' (2), 'm{italic}' (18), 'nu' (7), 'n{italic}' (27), 'omega' (1), 'phi' (4), 'pi' (14), 'p{italic}' (2), 'sigma' (9), 'tau' (5), 't{italic}' (52), 'varepsilon' (1), 'v{italic}' (48), 'w{italic}' (7), 'x{italic}' (91), 'y{italic}' (138), 'z{italic}' (7)
Set MATHPARSER_SPECULATE to speculate on possible notations.
(Finalizing... 1.19 sec)
Conversion complete 2 warnings (See /home/user/latex-in-arxiv/0303264.latexml.log) (reqd. 36.42s)
