latexml (LaTeXML version 0.8.6) processing 2003/0303208.tex
(Digesting TeX 0303208...
(Loading /usr/share/perl5/LaTeXML/Package/TeX.pool.ltxml...
(Loading /usr/share/perl5/LaTeXML/Package/eTeX.pool.ltxml... 0.00 sec)
(Loading /usr/share/perl5/LaTeXML/Package/pdfTeX.pool.ltxml... 0.01 sec) 0.11 sec)
(Processing content /home/user/latex-in-arxiv/2003/0303208.tex...
(Loading /usr/share/perl5/LaTeXML/Package/LaTeX.pool.ltxml...
(Loading /usr/share/perl5/LaTeXML/Package/textcomp.sty.ltxml...
(Processing definitions /usr/share/texlive/texmf-dist/tex/latex-dev/base/ts1enc.dfu... 0.03 sec) 1.38 sec) 1.60 sec)
Info:unexpected:\documentstyle Entering LaTeX 2.09 Compatibility mode
	at 0303208.tex; line 2 col 0 - line 2 col 41
(Loading /usr/share/perl5/LaTeXML/Package/article.cls.ltxml... 0.01 sec)
(Loading /usr/share/perl5/LaTeXML/Package/revtex.sty.ltxml...
(Loading /usr/share/perl5/LaTeXML/Package/natbib.sty.ltxml... 0.02 sec)
(Loading /usr/share/perl5/LaTeXML/Package/revtex3_support.sty.ltxml...
(Loading /usr/share/perl5/LaTeXML/Package/revtex4_support.sty.ltxml...
(Loading /usr/share/perl5/LaTeXML/Package/hyperref.sty.ltxml...
(Loading /usr/share/perl5/LaTeXML/Package/keyval.sty.ltxml...
(Processing definitions /usr/share/texlive/texmf-dist/tex/latex-dev/graphics/keyval.sty... 0.02 sec) 0.02 sec)
(Loading /usr/share/perl5/LaTeXML/Package/nameref.sty.ltxml... 0.00 sec)
(Loading /usr/share/perl5/LaTeXML/Package/url.sty.ltxml... 0.00 sec) 0.09 sec)
(Loading /usr/share/perl5/LaTeXML/Package/revsymb.sty.ltxml... 0.00 sec)
(Loading /usr/share/perl5/LaTeXML/Package/longtable.sty.ltxml... 0.00 sec)
(Loading /usr/share/perl5/LaTeXML/Package/dcolumn.sty.ltxml...
(Loading /usr/share/perl5/LaTeXML/Package/array.sty.ltxml... 0.00 sec) 0.01 sec) 0.16 sec) 0.17 sec) 0.20 sec)
Info:unexpected:preprint Unexpected option 'preprint' passed to revtex.cls
	at 0303208.tex; line 3 col 0 - line 3 col 1
Info:unexpected:aps Unexpected option 'aps' passed to revtex.cls
	at 0303208.tex; line 3 col 0 - line 3 col 1
(Loading /usr/share/perl5/LaTeXML/Package/epsf.sty.ltxml... 0.01 sec)
Info:note:OmniBus Loading OmniBus class to attempt to cover missing options
	at 0303208.tex; line 3 col 0 - line 3 col 1
(Loading /usr/share/perl5/LaTeXML/Package/OmniBus.cls.ltxml...
(Loading /usr/share/perl5/LaTeXML/Package/inst_support.sty.ltxml... 0.00 sec)
(Loading /usr/share/perl5/LaTeXML/Package/graphicx.sty.ltxml...
(Loading /usr/share/perl5/LaTeXML/Package/graphics.sty.ltxml... 0.01 sec) 0.03 sec)
(Loading /usr/share/perl5/LaTeXML/Package/aas_macros.sty.ltxml... 0.00 sec) 0.08 sec) 8.15 sec) 8.30 sec)
(Building...
(Loading compiled schema /usr/share/perl5/LaTeXML/resources/RelaxNG/LaTeXML.model... 0.01 sec) 7.10 sec)
(Rewriting... 0.20 sec)
(Math Parsing 430 formulae ......
Warning:not_parsed:UNKNOWN.CLOSE.POSTSUPERSCRIPT>OPEN MathParser failed to match rule 'Anything'
	at 0303208.tex; line 591 col 1 - line 591 col 1
	In "$\displaystyle V_{3}={\bf\textstyle{1\over 4}}(2\pi)^{3}(n^{1}n^{2}n^{3}R_{1}^%
	{(1)}R_{1}^{(2)}R_{1}^{(3)}-n^{1}{\hat{m}}^{2}{\hat{m}}^{3}R_{1}^{(1)}R_{2}^{(%
	2)}R_{2}^{(3)}\@@ENDINLINEMATH"
	V[[UNKNOWN]] _{3}[[POSTSUBSCRIPT]] =[[RELOP]] 1\over4[[UNKNOWN]] ([[OPEN]] 2[[NUMBER]] π[[UNKNOWN]] )[[CLOSE]] ^{3}[[POSTSUPERSCRIPT]]
	        > ([[OPEN]] n[[UNKNOWN]] ^{1}[[POSTSUPERSCRIPT]] n[[UNKNOWN]] ^{2}[[POSTSUPERSCRIPT]] n[[UNKNOWN]] ^{3}[[POSTSUPERSCRIPT]] R[[UNKNOWN]] _{1}[[POSTSUBSCRIPT]] ^{(1)}[[POSTSUPERSCRIPT]] R[[UNKNOWN]] _{1}[[POSTSUBSCRIPT]] ^{(2)}[[POSTSUPERSCRIPT]] R[[UNKNOWN]] _{1}[[POSTSUBSCRIPT]] ^{(3)}[[POSTSUPERSCRIPT]] -[[ADDOP]] n[[UNKNOWN]] ^{1}[[POSTSUPERSCRIPT]] \hat{m}[[UNKNOWN]] ^{2}[[POSTSUPERSCRIPT]] \hat{m}[[UNKNOWN]] ^{3}[[POSTSUPERSCRIPT]] R[[UNKNOWN]] _{1}[[POSTSUBSCRIPT]] ^{(1)}[[POSTSUPERSCRIPT]] R[[UNKNOWN]] _{2}[[POSTSUBSCRIPT]] ^{(2)}[[POSTSUPERSCRIPT]] R[[UNKNOWN]] _{2}[[POSTSUBSCRIPT]] ^{(3)}[[POSTSUPERSCRIPT]]
Warning:not_parsed:UNKNOWN.CLOSE.POSTSUPERSCRIPT>OPEN MathParser failed to match rule 'Anything'
	at 0303208.tex; line 591 col 9 - line 592 col 62
	In "$\displaystyle{\bf\textstyle{1\over 4}}(2\pi)^{3}(n^{1}n^{2}n^{3}R_{1}^{(1)}R_%
	{1}^{(2)}R_{1}^{(3)}-n^{1}{\hat{m}}^{2}{\hat{m}}^{3}R_{1}^{(1)}R_{2}^{(2)}R_{2%
	}^{(3)}$"
	1\over4[[UNKNOWN]] ([[OPEN]] 2[[NUMBER]] π[[UNKNOWN]] )[[CLOSE]] ^{3}[[POSTSUPERSCRIPT]]
	        > ([[OPEN]] n[[UNKNOWN]] ^{1}[[POSTSUPERSCRIPT]] n[[UNKNOWN]] ^{2}[[POSTSUPERSCRIPT]] n[[UNKNOWN]] ^{3}[[POSTSUPERSCRIPT]] R[[UNKNOWN]] _{1}[[POSTSUBSCRIPT]] ^{(1)}[[POSTSUPERSCRIPT]] R[[UNKNOWN]] _{1}[[POSTSUBSCRIPT]] ^{(2)}[[POSTSUPERSCRIPT]] R[[UNKNOWN]] _{1}[[POSTSUBSCRIPT]] ^{(3)}[[POSTSUPERSCRIPT]] -[[ADDOP]] n[[UNKNOWN]] ^{1}[[POSTSUPERSCRIPT]] \hat{m}[[UNKNOWN]] ^{2}[[POSTSUPERSCRIPT]] \hat{m}[[UNKNOWN]] ^{3}[[POSTSUPERSCRIPT]] R[[UNKNOWN]] _{1}[[POSTSUBSCRIPT]] ^{(1)}[[POSTSUPERSCRIPT]] R[[UNKNOWN]] _{2}[[POSTSUBSCRIPT]] ^{(2)}[[POSTSUPERSCRIPT]] R[[UNKNOWN]] _{2}[[POSTSUBSCRIPT]] ^{(3)}[[POSTSUPERSCRIPT]]
Warning:not_parsed:UNKNOWN.POSTSUBSCRIPT.POSTSUPERSCRIPT>CLOSE MathParser failed to match rule 'Anything'
	at 0303208.tex; line 593 col 2 - line 593 col 2
	In "$\displaystyle-{\hat{m}}^{1}n^{2}{\hat{m}}^{3}R_{2}^{(1)}R_{1}^{(2)}R_{2}^{(3)%
	}-{\hat{m}}^{1}{\hat{m}}^{2}n^{3}R_{2}^{(1)}R_{2}^{(2)}R_{1}^{(3)}),\@@ENDINLINEMATH"
	-[[ADDOP]] \hat{m}[[UNKNOWN]] ^{1}[[POSTSUPERSCRIPT]] n[[UNKNOWN]] ^{2}[[POSTSUPERSCRIPT]] \hat{m}[[UNKNOWN]] ^{3}[[POSTSUPERSCRIPT]] R[[UNKNOWN]] _{2}[[POSTSUBSCRIPT]] ^{(1)}[[POSTSUPERSCRIPT]] R[[UNKNOWN]] _{1}[[POSTSUBSCRIPT]] ^{(2)}[[POSTSUPERSCRIPT]] R[[UNKNOWN]] _{2}[[POSTSUBSCRIPT]] ^{(3)}[[POSTSUPERSCRIPT]] -[[ADDOP]] \hat{m}[[UNKNOWN]] ^{1}[[POSTSUPERSCRIPT]] \hat{m}[[UNKNOWN]] ^{2}[[POSTSUPERSCRIPT]] n[[UNKNOWN]] ^{3}[[POSTSUPERSCRIPT]] R[[UNKNOWN]] _{2}[[POSTSUBSCRIPT]] ^{(1)}[[POSTSUPERSCRIPT]] R[[UNKNOWN]] _{2}[[POSTSUBSCRIPT]] ^{(2)}[[POSTSUPERSCRIPT]] R[[UNKNOWN]] _{1}[[POSTSUBSCRIPT]] ^{(3)}[[POSTSUPERSCRIPT]]
	        > )[[CLOSE]]
Warning:not_parsed:UNKNOWN.POSTSUBSCRIPT.POSTSUPERSCRIPT>CLOSE MathParser failed to match rule 'Anything'
	at 0303208.tex; line 593 col 5 - line 595 col 14
	In "$\displaystyle{\hat{m}}^{1}n^{2}{\hat{m}}^{3}R_{2}^{(1)}R_{1}^{(2)}R_{2}^{(3)}%
	-{\hat{m}}^{1}{\hat{m}}^{2}n^{3}R_{2}^{(1)}R_{2}^{(2)}R_{1}^{(3)}),$"
	\hat{m}[[UNKNOWN]] ^{1}[[POSTSUPERSCRIPT]] n[[UNKNOWN]] ^{2}[[POSTSUPERSCRIPT]] \hat{m}[[UNKNOWN]] ^{3}[[POSTSUPERSCRIPT]] R[[UNKNOWN]] _{2}[[POSTSUBSCRIPT]] ^{(1)}[[POSTSUPERSCRIPT]] R[[UNKNOWN]] _{1}[[POSTSUBSCRIPT]] ^{(2)}[[POSTSUPERSCRIPT]] R[[UNKNOWN]] _{2}[[POSTSUBSCRIPT]] ^{(3)}[[POSTSUPERSCRIPT]] -[[ADDOP]] \hat{m}[[UNKNOWN]] ^{1}[[POSTSUPERSCRIPT]] \hat{m}[[UNKNOWN]] ^{2}[[POSTSUPERSCRIPT]] n[[UNKNOWN]] ^{3}[[POSTSUPERSCRIPT]] R[[UNKNOWN]] _{2}[[POSTSUBSCRIPT]] ^{(1)}[[POSTSUPERSCRIPT]] R[[UNKNOWN]] _{2}[[POSTSUBSCRIPT]] ^{(2)}[[POSTSUPERSCRIPT]] R[[UNKNOWN]] _{1}[[POSTSUBSCRIPT]] ^{(3)}[[POSTSUPERSCRIPT]]
	        > )[[CLOSE]]
Warning:not_parsed:UNKNOWN.ADDOP.ATOM>CLOSE MathParser failed to match rule 'Anything'
	at 0303208.tex; line 723 col 0 - line 723 col 61
	In "\begin{equation}V=\frac{1}{(S+\overline{S})(U+\overline{U})^{3}}\left\{|(S+%
	\overline{S})\frac{\partial W}{\partial S}-W|^{2}+3|(\frac{U+\overline{U})}{3}%
	\frac{\partial W}{\partial U}-W|^{2}-3|W|^{2}\right\}\,.\end{equation}"
	U[[UNKNOWN]] +[[ADDOP]] \overline{U}[[UNKNOWN]]
	        > )[[CLOSE]]
Warning:not_parsed:UNKNOWN.RELOP.ATOM>OPEN MathParser failed to match rule 'Anything'
	at 0303208.tex; line 721 col 0 - line 725 col 3
	V[[UNKNOWN]] =[[RELOP]] \frac{1}{(S+\overline{S})(U+\overline{U})^{3}}[[UNKNOWN]]
	        > \left\{[[OPEN]] |[[VERTBAR]] ([[OPEN]] S[[UNKNOWN]] +[[ADDOP]] \overline{S}[[UNKNOWN]] )[[CLOSE]] \frac{\partialW}{\partialS}[[UNKNOWN]] -[[ADDOP]] W[[UNKNOWN]] |[[VERTBAR]] ^{2}[[POSTSUPERSCRIPT]] +[[ADDOP]] 3[[NUMBER]] |[[VERTBAR]] ([[OPEN]] \frac{U+\overline{U})}{3}[[UNKNOWN]] \frac{\partialW}{\partialU}[[UNKNOWN]] -[[ADDOP]] W[[UNKNOWN]] |[[VERTBAR]] ^{2}[[POSTSUPERSCRIPT]] -[[ADDOP]] 3[[NUMBER]] |[[VERTBAR]] W[[UNKNOWN]] |[[VERTBAR]] ^{2}[[POSTSUPERSCRIPT]] \right\}[[CLOSE]]
Warning:not_parsed:POSTSUPERSCRIPT.ATOM.POSTSUBSCRIPT>RELOP MathParser failed to match rule 'Anything'
	at 0303208.tex; line 790 col 3 - line 792 col 10
	In "\begin{equation}F_{S}K^{S{\overline{S}}}\overline{F}_{\overline{S}}=(|(S+{%
	\overline{S}})\partial W/\partial S-W|^{2}/[(S+{\overline{S}})(U+{\overline{U}%
	})^{3}]\sim 4.95\ 10^{-7}L^{2}\ ,\end{equation}"
	F[[UNKNOWN]] _{S}[[POSTSUBSCRIPT]] K[[UNKNOWN]] ^{S{\overline{S}}}[[POSTSUPERSCRIPT]] \overline{F}[[UNKNOWN]] _{\overline{S}}[[POSTSUBSCRIPT]]
	        > =[[RELOP]] ([[OPEN]] |[[VERTBAR]] ([[OPEN]] S[[UNKNOWN]] +[[ADDOP]] \overline{S}[[UNKNOWN]] )[[CLOSE]] ∂[[OPERATOR]] W[[UNKNOWN]] /[[MULOP]] ∂[[OPERATOR]] S[[UNKNOWN]] -[[ADDOP]] W[[UNKNOWN]] |[[VERTBAR]] ^{2}[[POSTSUPERSCRIPT]] /[[MULOP]] [[[OPEN]] ([[OPEN]] S[[UNKNOWN]] +[[ADDOP]] \overline{S}[[UNKNOWN]] )[[CLOSE]] ([[OPEN]] U[[UNKNOWN]] +[[ADDOP]] \overline{U}[[UNKNOWN]] )[[CLOSE]] ^{3}[[POSTSUPERSCRIPT]] ][[CLOSE]] ∼[[RELOP]] 4.95 10[[NUMBER]] ^{-7}[[POSTSUPERSCRIPT]] L[[UNKNOWN]] ^{2}[[POSTSUPERSCRIPT]]
 8.86 sec)
Math parsing succeeded:
   ltx:XMArg: 1109/1110
   ltx:XMath: 424/430
Symbols assumed as simple identifiers (with # of occurences):
   'A{italic}' (4), 'B{italic}' (6), 'C{italic}' (5), 'D{italic}' (1), 'F{italic}' (7), 'GeV' (1), 'G{italic}' (6), 'I{italic}' (44), 'K{italic}' (18), 'Lambda' (16), 'L{italic}' (14), 'M{italic}' (60), 'N{caligraphic}' (2), 'N{italic}' (15), 'Omega' (6), 'O{caligraphic}' (1), 'O{italic}' (2), 'Phi' (6), 'Pi' (3), 'P{italic}' (1), 'Q{italic}' (8), 'R{italic}' (118), 'S{italic}' (94), 'T{bold}' (5), 'T{italic}' (14), 'U{caligraphic}' (4), 'U{italic}' (138), 'V{italic}' (22), 'W{caligraphic}' (3), 'W{italic}' (28), 'Y{italic}' (11), 'Z{bold}' (13), 'Z{italic}' (2), 'alpha' (27), 'a{italic}' (32), 'beta' (13), 'b{italic}' (19), 'chi' (25), 'c{italic}' (8), 'd{italic}' (39), 'eta' (2), 'e{italic}' (38), 'f{italic}' (20), 'g{italic}' (21), 'h{italic}' (2), 'int' (1), 'i{italic}' (22), 'j{italic}' (1), 'k{italic}' (1), 'lambda' (8), 'l{italic}' (1), 'mu' (1), 'm{italic}' (57), 'n{italic}' (52), 'omega' (3), 'o{italic}' (3), 'phi' (3), 'pi' (39), 'p{italic}' (30), 'r{italic}' (4), 's{italic}' (6), 'theta' (8), 't{italic}' (19), 'u{italic}' (4), 'x{italic}' (2), 'z{italic}' (16)
Set MATHPARSER_SPECULATE to speculate on possible notations.
(Finalizing... 0.66 sec)
Conversion complete 7 warnings (See /home/user/latex-in-arxiv/0303208.latexml.log) (reqd. 25.69s)
