latexml (LaTeXML version 0.8.6) processing 2003/0303004.tex
(Digesting TeX 0303004...
(Loading /usr/share/perl5/LaTeXML/Package/TeX.pool.ltxml...
(Loading /usr/share/perl5/LaTeXML/Package/eTeX.pool.ltxml... 0.00 sec)
(Loading /usr/share/perl5/LaTeXML/Package/pdfTeX.pool.ltxml... 0.01 sec) 0.11 sec)
(Processing content /home/user/latex-in-arxiv/2003/0303004.tex...
(Loading /usr/share/perl5/LaTeXML/Package/LaTeX.pool.ltxml...
(Loading /usr/share/perl5/LaTeXML/Package/textcomp.sty.ltxml...
(Processing definitions /usr/share/texlive/texmf-dist/tex/latex-dev/base/ts1enc.dfu... 0.02 sec) 0.86 sec) 1.02 sec)
(Loading /usr/share/perl5/LaTeXML/Package/JHEP3.cls.ltxml...
(Loading /usr/share/perl5/LaTeXML/Package/JHEP.cls.ltxml...
(Loading /usr/share/perl5/LaTeXML/Package/article.cls.ltxml... 0.01 sec)
(Loading /usr/share/perl5/LaTeXML/Package/amssymb.sty.ltxml...
(Loading /usr/share/perl5/LaTeXML/Package/amsfonts.sty.ltxml... 0.00 sec) 0.01 sec)
(Loading /usr/share/perl5/LaTeXML/Package/floatflt.sty.ltxml... 0.00 sec) 0.05 sec) 0.05 sec)
(Loading /usr/share/perl5/LaTeXML/Package/epsfig.sty.ltxml...
(Loading /usr/share/perl5/LaTeXML/Package/graphicx.sty.ltxml...
(Loading /usr/share/perl5/LaTeXML/Package/graphics.sty.ltxml... 0.01 sec) 0.01 sec) 0.02 sec)
(Loading /usr/share/perl5/LaTeXML/Package/multicol.sty.ltxml... 0.00 sec) 3.71 sec) 3.82 sec)
(Building...
(Loading compiled schema /usr/share/perl5/LaTeXML/resources/RelaxNG/LaTeXML.model... 0.01 sec)
Warning:unexpected:eqnarray Unrecognized equation patterns (1) in eqnarray
	at 0303004.tex; line 296 col 6 - line 296 col 6
	In Core::Definition::Constructor[\@@eqna... /usr/share/perl5/LaTeXML/Package/LaTeX.pool.ltxml; line 2290
Warning:unexpected:eqnarray Unrecognized equation patterns (1) in eqnarray
	at 0303004.tex; line 311 col 6 - line 311 col 6
	In Core::Definition::Constructor[\@@eqna... /usr/share/perl5/LaTeXML/Package/LaTeX.pool.ltxml; line 2290
Warning:unexpected:eqnarray Unrecognized equation patterns (1) in eqnarray
	at 0303004.tex; line 483 col 6 - line 483 col 6
	In Core::Definition::Constructor[\@@eqna... /usr/share/perl5/LaTeXML/Package/LaTeX.pool.ltxml; line 2290
 4.09 sec)
(Rewriting... 0.22 sec)
(Math Parsing 231 formulae ......
Warning:not_parsed:POSTSUBSCRIPT.ATOM.UNKNOWN>OPEN MathParser failed to match rule 'Anything'
	at 0303004.tex; line 120 col 1 - line 120 col 1
	In "$\displaystyle S[U]=-\sum_{x,\ \mu>\nu}{\frac{\beta}{2{\rm k}N}}{\rm Tr}(U_{%
	\mu}(x)U_{\nu}(x+\mu)U_{\mu}^{\dagger}(x+\nu)U_{\nu}^{\dagger}(x)+{\rm h}.{\rm
	c%
	}.)\ ,\@@ENDINLINEMATH"
	S[[UNKNOWN]] [[[OPEN]] U[[UNKNOWN]] ][[CLOSE]] =[[RELOP]] -[[ADDOP]] ∑[[SUMOP]] _{x,\ \mu>\nu}[[POSTSUBSCRIPT]] \frac{\beta}{2{\rmk}N}[[UNKNOWN]] Tr[[UNKNOWN]]
	        > ([[OPEN]] U[[UNKNOWN]] _{\mu}[[POSTSUBSCRIPT]] ([[OPEN]] x[[UNKNOWN]] )[[CLOSE]] U[[UNKNOWN]] _{\nu}[[POSTSUBSCRIPT]] ([[OPEN]] x[[UNKNOWN]] +[[ADDOP]] μ[[UNKNOWN]] )[[CLOSE]] U[[UNKNOWN]] _{\mu}[[POSTSUBSCRIPT]] ^{\dagger}[[POSTSUPERSCRIPT]] ([[OPEN]] x[[UNKNOWN]] +[[ADDOP]] ν[[UNKNOWN]] )[[CLOSE]] U[[UNKNOWN]] _{\nu}[[POSTSUBSCRIPT]] ^{\dagger}[[POSTSUPERSCRIPT]] ([[OPEN]] x[[UNKNOWN]] )[[CLOSE]] +[[ADDOP]] h[[UNKNOWN]] .[[PERIOD]] c[[UNKNOWN]] .[[PERIOD]] )[[CLOSE]]
Warning:not_parsed:POSTSUBSCRIPT.ATOM.UNKNOWN>OPEN MathParser failed to match rule 'Anything'
	at 0303004.tex; line 120 col 1 - line 125 col 4
	In "$\displaystyle S[U]=-\sum_{x,\ \mu>\nu}\displaystyle{\frac{\beta}{2{\rm k}N}}{%
	\rm Tr}(U_{\mu}(x)U_{\nu}(x+\mu)U_{\mu}^{\dagger}(x+\nu)U_{\nu}^{\dagger}(x)+{%
	\rm h}.{\rm c}.)\ ,$"
	S[[UNKNOWN]] [[[OPEN]] U[[UNKNOWN]] ][[CLOSE]] =[[RELOP]] -[[ADDOP]] ∑[[SUMOP]] _{x,\ \mu>\nu}[[POSTSUBSCRIPT]] \frac{\beta}{2{\rmk}N}[[UNKNOWN]] Tr[[UNKNOWN]]
	        > ([[OPEN]] U[[UNKNOWN]] _{\mu}[[POSTSUBSCRIPT]] ([[OPEN]] x[[UNKNOWN]] )[[CLOSE]] U[[UNKNOWN]] _{\nu}[[POSTSUBSCRIPT]] ([[OPEN]] x[[UNKNOWN]] +[[ADDOP]] μ[[UNKNOWN]] )[[CLOSE]] U[[UNKNOWN]] _{\mu}[[POSTSUBSCRIPT]] ^{\dagger}[[POSTSUPERSCRIPT]] ([[OPEN]] x[[UNKNOWN]] +[[ADDOP]] ν[[UNKNOWN]] )[[CLOSE]] U[[UNKNOWN]] _{\nu}[[POSTSUBSCRIPT]] ^{\dagger}[[POSTSUPERSCRIPT]] ([[OPEN]] x[[UNKNOWN]] )[[CLOSE]] +[[ADDOP]] h[[UNKNOWN]] .[[PERIOD]] c[[UNKNOWN]] .[[PERIOD]] )[[CLOSE]]
Warning:not_parsed:SUMOP.POSTSUBSCRIPT.ATOM>OPEN MathParser failed to match rule 'Anything'
	at 0303004.tex; line 230 col 1 - line 230 col 1
	In "$\displaystyle{\hat{E}}(x,\mu)S[U]=-\sum_{x,\ \mu>\nu}{\frac{\beta}{2N}}(U_{%
	\mu}(x)U_{\nu}(x+\mu)U_{\mu}^{\dagger}(x+\nu)U_{\nu}^{\dagger}(x)-{\rm h}.{\rm
	c%
	}.)\ .\@@ENDINLINEMATH"
	\hat{E}[[UNKNOWN]] ([[OPEN]] x[[UNKNOWN]] ,[[PUNCT]] μ[[UNKNOWN]] )[[CLOSE]] S[[UNKNOWN]] [[[OPEN]] U[[UNKNOWN]] ][[CLOSE]] =[[RELOP]] -[[ADDOP]] ∑[[SUMOP]] _{x,\ \mu>\nu}[[POSTSUBSCRIPT]] \frac{\beta}{2N}[[UNKNOWN]]
	        > ([[OPEN]] U[[UNKNOWN]] _{\mu}[[POSTSUBSCRIPT]] ([[OPEN]] x[[UNKNOWN]] )[[CLOSE]] U[[UNKNOWN]] _{\nu}[[POSTSUBSCRIPT]] ([[OPEN]] x[[UNKNOWN]] +[[ADDOP]] μ[[UNKNOWN]] )[[CLOSE]] U[[UNKNOWN]] _{\mu}[[POSTSUBSCRIPT]] ^{\dagger}[[POSTSUPERSCRIPT]] ([[OPEN]] x[[UNKNOWN]] +[[ADDOP]] ν[[UNKNOWN]] )[[CLOSE]] U[[UNKNOWN]] _{\nu}[[POSTSUBSCRIPT]] ^{\dagger}[[POSTSUPERSCRIPT]] ([[OPEN]] x[[UNKNOWN]] )[[CLOSE]] -[[ADDOP]] h[[UNKNOWN]] .[[PERIOD]] c[[UNKNOWN]] .[[PERIOD]] )[[CLOSE]]
Warning:not_parsed:SUMOP.POSTSUBSCRIPT.ATOM>OPEN MathParser failed to match rule 'Anything'
	at 0303004.tex; line 230 col 1 - line 236 col 4
	In "$\displaystyle{\hat{E}}(x,\mu)S[U]=-\sum_{x,\ \mu>\nu}\displaystyle{\frac{%
	\beta}{2N}}(U_{\mu}(x)U_{\nu}(x+\mu)U_{\mu}^{\dagger}(x+\nu)U_{\nu}^{\dagger}(%
	x)-{\rm h}.{\rm c}.)\ .$"
	\hat{E}[[UNKNOWN]] ([[OPEN]] x[[UNKNOWN]] ,[[PUNCT]] μ[[UNKNOWN]] )[[CLOSE]] S[[UNKNOWN]] [[[OPEN]] U[[UNKNOWN]] ][[CLOSE]] =[[RELOP]] -[[ADDOP]] ∑[[SUMOP]] _{x,\ \mu>\nu}[[POSTSUBSCRIPT]] \frac{\beta}{2N}[[UNKNOWN]]
	        > ([[OPEN]] U[[UNKNOWN]] _{\mu}[[POSTSUBSCRIPT]] ([[OPEN]] x[[UNKNOWN]] )[[CLOSE]] U[[UNKNOWN]] _{\nu}[[POSTSUBSCRIPT]] ([[OPEN]] x[[UNKNOWN]] +[[ADDOP]] μ[[UNKNOWN]] )[[CLOSE]] U[[UNKNOWN]] _{\mu}[[POSTSUBSCRIPT]] ^{\dagger}[[POSTSUPERSCRIPT]] ([[OPEN]] x[[UNKNOWN]] +[[ADDOP]] ν[[UNKNOWN]] )[[CLOSE]] U[[UNKNOWN]] _{\nu}[[POSTSUBSCRIPT]] ^{\dagger}[[POSTSUPERSCRIPT]] ([[OPEN]] x[[UNKNOWN]] )[[CLOSE]] -[[ADDOP]] h[[UNKNOWN]] .[[PERIOD]] c[[UNKNOWN]] .[[PERIOD]] )[[CLOSE]]
Warning:not_parsed:UNKNOWN.POSTSUPERSCRIPT.POSTSUBSCRIPT>PUNCT MathParser failed to match rule 'Anything'
	at 0303004.tex; line 460 col 6 - line 460 col 6
	In "$\displaystyle\delta G^{AB}\equiv{\frac{\partial G^{AB}}{\partial V^{C}_{\mu}}%
	}\delta V^{C}_{\mu}\ ,=G^{AC}{\frac{\partial\delta V^{B}_{\mu}}{\partial V^{C}%
	_{\mu}}}+G^{CB}{\frac{\partial\delta V^{A}_{\mu}}{\partial V^{C}_{\mu}}}\ .\@@ENDINLINEMATH"
	δ[[UNKNOWN]] G[[UNKNOWN]] ^{AB}[[POSTSUPERSCRIPT]] ≡[[RELOP]] \frac{\partialG^{AB}}{\partialV^{C}_{\mu}}[[UNKNOWN]] δ[[UNKNOWN]] V[[UNKNOWN]] ^{C}[[POSTSUPERSCRIPT]] _{\mu}[[POSTSUBSCRIPT]]
	        > ,[[PUNCT]] =[[RELOP]] G[[UNKNOWN]] ^{AC}[[POSTSUPERSCRIPT]] \frac{\partial\deltaV^{B}_{\mu}}{\partialV^{C}_{\mu}}[[UNKNOWN]] +[[ADDOP]] G[[UNKNOWN]] ^{CB}[[POSTSUPERSCRIPT]] \frac{\partial\deltaV^{A}_{\mu}}{\partialV^{C}_{\mu}}[[UNKNOWN]]
Warning:not_parsed:UNKNOWN.POSTSUPERSCRIPT.CLOSE>PUNCT MathParser failed to match rule 'Anything'
	at 0303004.tex; line 484 col 13 - line 484 col 13
	In "$\displaystyle\Delta V^{A}_{\mu}(\tau,x)=-i((\Delta U_{\mu})U_{\mu}^{\dagger})%
	^{B}L_{B}^{\ A}+{i\over 2}\Delta V^{B}_{\mu}\Delta V^{C}_{\mu}((\partial_{B}%
	\partial_{C}U_{\mu})U_{\mu}^{\dagger})^{A^{\prime}}L_{A^{\prime}}^{\ A}+O(%
	\Delta\tau^{3/2})=\Big{(}-i\Delta\tau{\hat{E}}(\tau,x,\mu)S[U]+\Delta W_{\mu}(%
	\tau,x)+i\Delta\tau{\rm k}N{\bf 1}\Big{)}^{B}L_{B}^{\ A}\qquad+i\Delta\tau L_{%
	B^{\prime}}^{\ B}L_{B^{\prime}}^{\ C}\Big{(}(\partial_{B}\partial_{C}U_{\mu})U%
	_{\mu}^{\dagger}\Big{)}^{C^{\prime}}L_{C^{\prime}}^{\ A}+O(\Delta\tau^{3/2})\ %
	,=\Big{(}-i\Delta\tau{\hat{E}}(\tau,x,\mu)S[U]+\Delta W_{\mu}(\tau,x)\Big{)}^{%
	B}L_{B}^{\ A}(\tau,x,\mu)\qquad+\Delta\tau(\partial_{B}L_{C}^{\ A})L_{C}^{\ B}%
	(\tau,x,\mu)+O(\Delta\tau^{3/2})\ .\@@ENDINLINEMATH"
	... ,[[PUNCT]] x[[UNKNOWN]] )[[CLOSE]] +[[ADDOP]] i[[UNKNOWN]] Δ[[UNKNOWN]] τ[[UNKNOWN]] k[[UNKNOWN]] N[[UNKNOWN]] 1[[NUMBER]] )[[CLOSE]] ^{B}[[POSTSUPERSCRIPT]] L[[UNKNOWN]] _{B}[[POSTSUBSCRIPT]] ^{\ A}[[POSTSUPERSCRIPT]] $\displaystyle\DeltaV^{A}_{\mu}(\tau,x)=-i((\DeltaU_{\mu})U_{\mu}^{\dagger})^{B}L_{B}^{\ A}+{i\over2}\DeltaV^{B}_{\mu}\DeltaV^{C}_{\mu}((\partial_{B}\partial_{C}U_{\mu})U_{\mu}^{\dagger})^{A^{\prime}}L_{A^{\prime}}^{\ A}+O(\Delta\tau^{3/2})=\Big{(}-i\Delta\tau{\hat{E}}(\tau,x,\mu)S[U]+\DeltaW_{\mu}(\tau,x)+i\Delta\tau{\rmk}N{\bf1}\Big{)}^{B}L_{B}^{\ A}\qquad+i\Delta\tauL_{B^{\prime}}^{\ B}L_{B^{\prime}}^{\ C}\Big{(}(\partial_{B}\partial_{C}U_{\mu})U_{\mu}^{\dagger}\Big{)}^{C^{\prime}}L_{C^{\prime}}^{\ A}+O(\Delta\tau^{3/2})\ ,=\Big{(}-i\Delta\tau{\hat{E}}(\tau,x,\mu)S[U]+\DeltaW_{\mu}(\tau,x)\Big{)}^{B}L_{B}^{\ A}(\tau,x,\mu)\qquad+\Delta\tau(\partial_{B}L_{C}^{\ A})L_{C}^{\ B}(\tau,x,\mu)+O(\Delta\tau^{3/2})\ .\@@ENDINLINEMATH[[PUNCT]] +[[ADDOP]] i[[UNKNOWN]] Δ[[UNKNOWN]] τ[[UNKNOWN]] L[[UNKNOWN]] _{B^{\prime}}[[POSTSUBSCRIPT]] ^{\ B}[[POSTSUPERSCRIPT]] L[[UNKNOWN]] _{B^{\prime}}[[POSTSUBSCRIPT]] ^{\ C}[[POSTSUPERSCRIPT]] ([[OPEN]] ([[OPEN]] ∂[[OPERATOR]] _{B}[[POSTSUBSCRIPT]] ∂[[OPERATOR]] _{C}[[POSTSUBSCRIPT]] U[[UNKNOWN]] _{\mu}[[POSTSUBSCRIPT]] )[[CLOSE]] U[[UNKNOWN]] _{\mu}[[POSTSUBSCRIPT]] ^{\dagger}[[POSTSUPERSCRIPT]] )[[CLOSE]] ^{C^{\prime}}[[POSTSUPERSCRIPT]] L[[UNKNOWN]] _{C^{\prime}}[[POSTSUBSCRIPT]] ^{\ A}[[POSTSUPERSCRIPT]] +[[ADDOP]] O[[UNKNOWN]] ([[OPEN]] Δ[[UNKNOWN]] τ[[UNKNOWN]] ^{3/2}[[POSTSUPERSCRIPT]] )[[CLOSE]]
	        > ,[[PUNCT]] =[[RELOP]] ([[OPEN]] -[[ADDOP]] i[[UNKNOWN]] Δ[[UNKNOWN]] τ[[UNKNOWN]] \hat{E}[[UNKNOWN]] ([[OPEN]] τ[[UNKNOWN]] ,[[PUNCT]] x[[UNKNOWN]] ,[[PUNCT]] μ[[UNKNOWN]] )[[CLOSE]] S[[UNKNOWN]] [[[OPEN]] U[[UNKNOWN]] ][[CLOSE]] +[[ADDOP]] Δ[[UNKNOWN]] W[[UNKNOWN]] _{\mu}[[POSTSUBSCRIPT]] ([[OPEN]] τ[[UNKNOWN]] ,[[PUNCT]] x[[UNKNOWN]] )[[CLOSE]] )[[CLOSE]] ^{B}[[POSTSUPERSCRIPT]] L[[UNKNOWN]] _{B}[[POSTSUBSCRIPT]] ^{\ A}[[POSTSUPERSCRIPT]] ([[OPEN]] τ[[UNKNOWN]] ,[[PUNCT]] x[[UNKNOWN]] ,[[PUNCT]] μ[[UNKNOWN]] )[[CLOSE]] $\displaystyle\DeltaV^{A}_{\mu}(\tau,x)=-i((\DeltaU_{\mu})U_{\mu}^{\dagger})^{B}L_{B}^{\ A}+{i\over2}\DeltaV^{B}_{\mu}\DeltaV^{C}_{\mu}((\partial_{B}\partial_{C}U_{\mu})U_{\mu}^{\dagger})^{A^{\prime}}L_{A^{\prime}}^{\ A}+O(\Delta\tau^{3/2})=\Big{(}-i\Delta\tau{\hat{E}}(\tau,x,\mu)S[U]+\DeltaW_{\mu}(\tau,x)+i\Delta\tau{\rmk}N{\bf1}\Big{)}^{B}L_{B}^{\ A}\qquad+i\Delta\tauL_{B^{\prime}}^{\ B}L_{B^{\prime}}^{\ C}\Big{(}(\partial_{B}\partial_{C}U_{\mu})U_{\mu}^{\dagger}\Big{)}^{C^{\prime}}L_{C^{\prime}}^{\ A}+O(\Delta\tau^{3/2})\ ,=\Big{(}-i\Delta\tau{\hat{E}}(\tau,x,\mu)S[U]+\DeltaW_{\mu}(\tau,x)\Big{)}^{B}L_{B}^{\ A}(\tau,x,\mu)\qquad+\Delta\tau(\partial_{B}L_{C}^{\ A})L_{C}^{\ B}(\tau,x,\mu)+O(\Delta\tau^{3/2})\ .\@@ENDINLINEMATH[[PUNCT]] +[[ADDOP]] Δ[[UNKNOWN]] τ[[UNKNOWN]] ([[OPEN]] ∂[[OPERATOR]] _{B}[[POSTSUBSCRIPT]] L[[UNKNOWN]] _{C}[[POSTSUBSCRIPT]] ^{\ A}[[POSTSUPERSCRIPT]] )[[CLOSE]] ...
 14.94 sec)
Math parsing succeeded:
   ltx:XMArg: 1073/1073
   ltx:XMath: 225/231
Symbols assumed as simple identifiers (with # of occurences):
   'A{italic}' (29), 'B{italic}' (44), 'C{italic}' (24), 'Delta' (189), 'F{italic}' (24), 'Gamma' (5), 'G{italic}' (31), 'K{italic}' (17), 'Lambda' (14), 'L{italic}' (57), 'N{italic}' (38), 'O{italic}' (15), 'P{italic}' (19), 'S{italic}' (33), 'Tr' (16), 'U{italic}' (217), 'V{italic}' (96), 'W{italic}' (49), 'X{italic}' (1), 'a{italic}' (3), 'beta' (1), 'b{italic}' (2), 'c' (8), 'delta' (68), 'det' (1), 'd{italic}' (14), 'e' (23), 'epsilon' (1), 'exp' (2), 'e{italic}' (2), 'f{italic}' (10), 'g{italic}' (1), 'h' (8), 'i{italic}' (81), 'j{italic}' (33), 'k' (38), 'k{italic}' (25), 'l{italic}' (25), 'mu' (118), 'nu' (30), 'n{italic}' (3), 'o{italic}' (1), 's{italic}' (6), 'tau' (250), 't{italic}' (36), 'x{italic}' (242), 'y{italic}' (27)
Set MATHPARSER_SPECULATE to speculate on possible notations.
(Finalizing... 1.32 sec)
Conversion complete 9 warnings (See /home/user/latex-in-arxiv/0303004.latexml.log) (reqd. 25.26s)
