latexml (LaTeXML version 0.8.6) processing 2003/0303254.tex
(Digesting TeX 0303254...
(Loading /usr/share/perl5/LaTeXML/Package/TeX.pool.ltxml...
(Loading /usr/share/perl5/LaTeXML/Package/eTeX.pool.ltxml... 0.01 sec)
(Loading /usr/share/perl5/LaTeXML/Package/pdfTeX.pool.ltxml... 0.01 sec) 0.18 sec)
(Processing content /home/user/latex-in-arxiv/2003/0303254.tex...
(Loading /usr/share/perl5/LaTeXML/Package/LaTeX.pool.ltxml...
(Loading /usr/share/perl5/LaTeXML/Package/textcomp.sty.ltxml...
(Processing definitions /usr/share/texlive/texmf-dist/tex/latex-dev/base/ts1enc.dfu... 0.04 sec) 1.59 sec) 1.89 sec)
(Loading /usr/share/perl5/LaTeXML/Package/revtex4.cls.ltxml...
(Loading /usr/share/perl5/LaTeXML/Package/article.cls.ltxml... 0.02 sec)
(Loading /usr/share/perl5/LaTeXML/Package/revtex4_support.sty.ltxml...
(Loading /usr/share/perl5/LaTeXML/Package/hyperref.sty.ltxml...
(Loading /usr/share/perl5/LaTeXML/Package/keyval.sty.ltxml...
(Processing definitions /usr/share/texlive/texmf-dist/tex/latex-dev/graphics/keyval.sty... 0.02 sec) 0.02 sec)
(Loading /usr/share/perl5/LaTeXML/Package/nameref.sty.ltxml... 0.00 sec)
(Loading /usr/share/perl5/LaTeXML/Package/url.sty.ltxml... 0.00 sec) 0.11 sec)
(Loading /usr/share/perl5/LaTeXML/Package/natbib.sty.ltxml... 0.03 sec)
(Loading /usr/share/perl5/LaTeXML/Package/revsymb.sty.ltxml... 0.01 sec)
(Loading /usr/share/perl5/LaTeXML/Package/longtable.sty.ltxml... 0.00 sec)
(Loading /usr/share/perl5/LaTeXML/Package/dcolumn.sty.ltxml...
(Loading /usr/share/perl5/LaTeXML/Package/array.sty.ltxml... 0.00 sec) 0.01 sec) 0.23 sec) 0.65 sec)
Warning:missing_file:plain Can't find binding for package plain
	at 0303254.tex; line 5 col 11 - line 5 col 11
	Anticipate undefined macros or environments
	search paths are /home/user/latex-in-arxiv/2003, /home/user/latex-in-arxiv
	In Core::Definition::Constructor[\usepac... /usr/share/perl5/LaTeXML/Package/LaTeX.pool.ltxml; line 806
(Loading /usr/share/perl5/LaTeXML/Package/graphicx.sty.ltxml...
(Loading /usr/share/perl5/LaTeXML/Package/graphics.sty.ltxml... 0.01 sec) 0.04 sec)
(Loading /usr/share/perl5/LaTeXML/Package/bm.sty.ltxml... 0.00 sec)
(Loading /usr/share/perl5/LaTeXML/Package/mathptmx.sty.ltxml... 0.00 sec)
Error:undefined:{plain} The environment {plain} is not defined.
	at 0303254.tex; line 129 col 0 - line 129 col 13
	Next token is T_SPACE[U+000a/LF] ( == T_SPACE[U+000a/LF])
	In Core::Definition::Expandable[\begin {}] /usr/share/perl5/LaTeXML/Package/LaTeX.pool.ltxml; line 180
	 <= Core::Gullet[@0x55809ec872d0] <= Core::Stomach[@0x55809ec86c28] <= Core::Definition::Constructor[\begin{... <= ...
Error:undefined:{plain} The environment {plain} is not defined.
	at 0303254.tex; line 143 col 0 - line 143 col 13
	Next token is T_SPACE[U+000a/LF] ( == T_SPACE[U+000a/LF])
	In Core::Definition::Expandable[\begin {}] /usr/share/perl5/LaTeXML/Package/LaTeX.pool.ltxml; line 180
	 <= Core::Gullet[@0x55809ec872d0] <= Core::Stomach[@0x55809ec86c28] <= Core::Definition::Constructor[\begin{... <= ...
Error:undefined:{plain} The environment {plain} is not defined.
	at 0303254.tex; line 221 col 0 - line 221 col 13
	Next token is T_SPACE[U+000a/LF] ( == T_SPACE[U+000a/LF])
	In Core::Definition::Expandable[\begin {}] /usr/share/perl5/LaTeXML/Package/LaTeX.pool.ltxml; line 180
	 <= Core::Gullet[@0x55809ec872d0] <= Core::Stomach[@0x55809ec86c28] <= Core::Definition::Constructor[\begin{... <= ...
 5.99 sec) 6.20 sec)
(Building...
(Loading compiled schema /usr/share/perl5/LaTeXML/resources/RelaxNG/LaTeXML.model... 0.01 sec) 3.37 sec)
(Rewriting... 0.04 sec)
(Math Parsing 103 formulae ...... 3.29 sec)
Math parsing succeeded:
   ltx:XMath: 103/103
   ltx:XMWrap: 5/5
   ltx:XMArg: 453/453
Symbols assumed as simple identifiers (with # of occurences):
   'C{italic}' (2), 'K{italic}' (18), 'L{italic}' (5), 'M{caligraphic}' (2), 'M{italic}' (9), 'P{italic}' (2), 'Re' (2), 'R{italic}' (1), 'Sigma' (16), 'S{italic}' (4), 'Tr' (5), 'U{italic}' (8), 'alpha' (3), 'a{italic}' (2), 'beta' (2), 'delta' (1), 'eta' (8), 'e{italic}' (1), 'f{italic}' (6), 'gamma' (1), 'g{italic}' (8), 'i{italic}' (4), 'lambda' (11), 'm{italic}' (139), 'phi' (4), 'pi' (27), 'psi' (9), 'r{italic}' (3), 'theta' (3), 'v{italic}' (2)
Set MATHPARSER_SPECULATE to speculate on possible notations.
(Finalizing... 0.43 sec)
Conversion complete 1 warning; 3 errors; 1 undefined macro[{plain}]; 1 missing file[plain.sty] (See /home/user/latex-in-arxiv/0303254.latexml.log) (reqd. 13.69s)
