latexml (LaTeXML version 0.8.6) processing 2003/0303043.tex
(Digesting TeX 0303043...
(Loading /usr/share/perl5/LaTeXML/Package/TeX.pool.ltxml...
(Loading /usr/share/perl5/LaTeXML/Package/eTeX.pool.ltxml... 0.01 sec)
(Loading /usr/share/perl5/LaTeXML/Package/pdfTeX.pool.ltxml... 0.01 sec) 0.18 sec)
(Processing content /home/user/latex-in-arxiv/2003/0303043.tex...
(Loading /usr/share/perl5/LaTeXML/Package/LaTeX.pool.ltxml...
(Loading /usr/share/perl5/LaTeXML/Package/textcomp.sty.ltxml...
(Processing definitions /usr/share/texlive/texmf-dist/tex/latex-dev/base/ts1enc.dfu... 0.02 sec) 1.42 sec) 1.70 sec)
(Loading /usr/share/perl5/LaTeXML/Package/article.cls.ltxml... 0.01 sec)
(Loading /usr/share/perl5/LaTeXML/Package/latexsym.sty.ltxml... 0.00 sec)
(Loading /usr/share/perl5/LaTeXML/Package/graphics.sty.ltxml... 0.01 sec)
Warning:missing_file:graphpap Can't find binding for package graphpap
	at 0303043.tex; line 6 col 11 - line 6 col 11
	Anticipate undefined macros or environments
	search paths are /home/user/latex-in-arxiv/2003, /home/user/latex-in-arxiv
	In Core::Definition::Constructor[\usepac... /usr/share/perl5/LaTeXML/Package/LaTeX.pool.ltxml; line 806
 10.02 sec) 10.22 sec)
(Building...
(Loading compiled schema /usr/share/perl5/LaTeXML/resources/RelaxNG/LaTeXML.model... 0.01 sec)
Info:malformed:id Duplicated attribute xml:id
	at 0303043.tex; line 279 col 25 - line 279 col 25
	Using id='S2.E23a' on <ltx:XMRow _box="Alignment[]" _font="Font[math,medium,italic,10,bla..."/>
	id='S2.E23' already set on <ltx:equation _box="LaTeXML::Core::Alignment=HASH(..." _font="Font[serif,medium,upright,10,b..." xml:id="S2.E23" _ID_counter_m_="3">...
Info:malformed:id Duplicated attribute xml:id
	at 0303043.tex; line 285 col 25 - line 285 col 25
	Using id='S2.E28a' on <ltx:XMRow _box="Alignment[]" _font="Font[math,medium,italic,10,bla..."/>
	id='S2.E28' already set on <ltx:equation _box="LaTeXML::Core::Alignment=HASH(..." _font="Font[serif,medium,upright,10,b..." xml:id="S2.E28" _ID_counter_m_="3">...
Info:malformed:id Duplicated attribute xml:id
	at 0303043.tex; line 297 col 34 - line 297 col 34
	Using id='S2.E32a' on <ltx:XMRow _box="Alignment[]" _font="Font[math,medium,italic,10,bla..."/>
	id='S2.E32' already set on <ltx:equation _box="LaTeXML::Core::Alignment=HASH(..." _font="Font[serif,medium,upright,10,b..." xml:id="S2.E32" _ID_counter_m_="1">...
Warning:unexpected:eqnarray Unrecognized equation patterns (1) in eqnarray
	at 0303043.tex; line 510 col 1 - line 510 col 1
	In Core::Definition::Constructor[\@@eqna... /usr/share/perl5/LaTeXML/Package/LaTeX.pool.ltxml; line 2290
Info:malformed:id Duplicated attribute xml:id
	at 0303043.tex; line 533 col 53 - line 533 col 53
	Using id='S4.E66a' on <ltx:XMRow _box="Alignment[]" _font="Font[math,medium,italic,10,bla..."/>
	id='S4.E66' already set on <ltx:equation _box="LaTeXML::Core::Alignment=HASH(..." _font="Font[serif,medium,upright,10,b..." xml:id="S4.E66" _ID_counter_m_="1">...
Warning:unexpected:eqnarray Unrecognized equation patterns (1) in eqnarray
	at 0303043.tex; line 599 col 1 - line 599 col 1
	In Core::Definition::Constructor[\@@eqna... /usr/share/perl5/LaTeXML/Package/LaTeX.pool.ltxml; line 2290
Warning:unexpected:eqnarray Unrecognized equation patterns (1) in eqnarray
	at 0303043.tex; line 630 col 1 - line 630 col 1
	In Core::Definition::Constructor[\@@eqna... /usr/share/perl5/LaTeXML/Package/LaTeX.pool.ltxml; line 2290
Warning:unexpected:eqnarray Unrecognized equation patterns (1) in eqnarray
	at 0303043.tex; line 644 col 1 - line 644 col 1
	In Core::Definition::Constructor[\@@eqna... /usr/share/perl5/LaTeXML/Package/LaTeX.pool.ltxml; line 2290
Info:malformed:id Duplicated attribute xml:id
	at 0303043.tex; line 772 col 40 - line 772 col 40
	Using id='Sx3.E7a' on <ltx:XMRow _box="Alignment[]" _font="Font[math,medium,italic,10,bla..."/>
	id='Sx3.E7' already set on <ltx:equation _box="LaTeXML::Core::Alignment=HASH(..." _font="Font[serif,medium,upright,10,b..." xml:id="Sx3.E7" _ID_counter_m_="1">...
Info:malformed:id Duplicated attribute xml:id
	at 0303043.tex; line 788 col 58 - line 788 col 58
	Using id='Sx3.E14a' on <ltx:XMRow _box="Alignment[]" _font="Font[math,medium,italic,10,bla..."/>
	id='Sx3.E14' already set on <ltx:equation _box="LaTeXML::Core::Alignment=HASH(..." _font="Font[serif,medium,upright,10,b..." xml:id="Sx3.E14" _ID_counter_m_="3">...
Info:malformed:id Duplicated attribute xml:id
	at 0303043.tex; line 790 col 43 - line 790 col 43
	Using id='Sx3.E19a' on <ltx:XMRow _box="Alignment[]" _font="Font[math,medium,italic,10,bla..."/>
	id='Sx3.E19' already set on <ltx:equation _box="LaTeXML::Core::Alignment=HASH(..." _font="Font[serif,medium,upright,10,b..." xml:id="Sx3.E19" _ID_counter_m_="3">...
Info:malformed:id Duplicated attribute xml:id
	at 0303043.tex; line 798 col 0 - line 798 col 115
	Using id='Sx3.E24a' on <ltx:XMRow _box="Alignment[]" _font="Font[math,medium,italic,10,bla..."/>
	id='Sx3.E24' already set on <ltx:equation _box="LaTeXML::Core::Alignment=HASH(..." _font="Font[serif,medium,upright,10,b..." xml:id="Sx3.E24" _ID_counter_m_="1">...
Info:malformed:id Duplicated attribute xml:id
	at 0303043.tex; line 806 col 43 - line 806 col 43
	Using id='Sx3.E31a' on <ltx:XMRow _box="Alignment[]" _font="Font[math,medium,italic,10,bla..."/>
	id='Sx3.E31' already set on <ltx:equation _box="LaTeXML::Core::Alignment=HASH(..." _font="Font[serif,medium,upright,10,b..." xml:id="Sx3.E31" _ID_counter_m_="1">...
Info:malformed:id Duplicated attribute xml:id
	at 0303043.tex; line 817 col 49 - line 817 col 49
	Using id='Sx3.E38a' on <ltx:XMRow _box="Alignment[]" _font="Font[math,medium,italic,10,bla..."/>
	id='Sx3.E38' already set on <ltx:equation _box="LaTeXML::Core::Alignment=HASH(..." _font="Font[serif,medium,upright,10,b..." xml:id="Sx3.E38" _ID_counter_m_="1">...
Info:malformed:id Duplicated attribute xml:id
	at 0303043.tex; line 824 col 39 - line 824 col 39
	Using id='Sx3.E45a' on <ltx:XMRow _box="Alignment[]" _font="Font[math,medium,italic,10,bla..."/>
	id='Sx3.E45' already set on <ltx:equation _box="LaTeXML::Core::Alignment=HASH(..." _font="Font[serif,medium,upright,10,b..." xml:id="Sx3.E45" _ID_counter_m_="1">...
Info:malformed:id Duplicated attribute xml:id
	at 0303043.tex; line 830 col 39 - line 830 col 39
	Using id='Sx3.E50a' on <ltx:XMRow _box="Alignment[]" _font="Font[math,medium,italic,10,bla..."/>
	id='Sx3.E50' already set on <ltx:equation _box="LaTeXML::Core::Alignment=HASH(..." _font="Font[serif,medium,upright,10,b..." xml:id="Sx3.E50" _ID_counter_m_="1">...
 12.80 sec)
(Rewriting... 0.68 sec)
(Math Parsing 490 formulae ......
Warning:not_parsed:OPEN.UNKNOWN> MathParser failed to match rule 'Subscript'
	at 0303043.tex; line 135 col 37 - line 135 col 37
	In "$\displaystyle H_{\mu\nu\rho}=A_{ij}(X^{+})l_{[\mu}\nabla_{\nu}X_{i}\nabla_{%
	\rho]}X_{j}\@@ENDINLINEMATH"
	[[[OPEN]] μ[[UNKNOWN]]
	        > 
Warning:not_parsed:UNKNOWN>CLOSE MathParser failed to match rule 'Subscript'
	at 0303043.tex; line 135 col 68 - line 135 col 68
	ρ[[UNKNOWN]]
	        > ][[CLOSE]]
Warning:not_parsed:OPEN.UNKNOWN> MathParser failed to match rule 'Subscript'
	at 0303043.tex; line 135 col 37 - line 135 col 37
	In "$\displaystyle H_{\mu\nu\rho}=A_{ij}(X^{+})l_{[\mu}\nabla_{\nu}X_{i}\nabla_{%
	\rho]}X_{j}$"
	[[[OPEN]] μ[[UNKNOWN]]
	        > 
Warning:not_parsed:UNKNOWN>CLOSE MathParser failed to match rule 'Subscript'
	at 0303043.tex; line 135 col 68 - line 135 col 68
	ρ[[UNKNOWN]]
	        > ][[CLOSE]]
Warning:not_parsed:UNKNOWN.UNKNOWN.UNKNOWN>OPEN MathParser failed to match rule 'Anything'
	at 0303043.tex; line 181 col 1 - line 181 col 1
	In "$\displaystyle S=\frac{1}{2\pi}\int d\sigma dt\Biggl{[}2\pi\mathcal{P}_{+}\dot%
	{X}^{-}+2\pi\mathcal{P}_{-}\dot{X}^{+}+2\pi\mathcal{P}_{i}\dot{X}_{i}+\frac{h^%
	{01}}{h^{00}}\left(2\pi\mathcal{P}_{+}X^{-^{\prime}}+2\pi\mathcal{P}_{-}X^{+^{%
	\prime}}+2\pi\mathcal{P}_{i}X_{i}^{{}^{\prime}}\right)-\frac{1}{h^{00}}\left(4%
	\pi^{2}\mathcal{P}_{+}\mathcal{P}_{-}+4\pi^{2}F(\mathcal{P}_{+})^{2}-\pi^{2}(%
	\mathcal{P}_{i})^{2}+X^{+^{\prime}}X^{-^{\prime}}-F(X^{+^{\prime}})^{2}-(X_{i}%
	^{{}^{\prime}})^{2}\right)+\frac{1}{h^{00}}\left(\frac{2\pi}{3}A_{ij}\mathcal{%
	P}_{+}X_{j}X_{i}^{{}^{\prime}}+\frac{2\pi}{6}A_{ij}\mathcal{P}_{i}X_{j}X^{+^{%
	\prime}}+\left(\frac{1}{6}A_{ij}X_{j}X^{+^{\prime}}\right)^{2}\right)\Biggl{]}.\@@ENDINLINEMATH"
	S[[UNKNOWN]] =[[RELOP]] \frac{1}{2\pi}[[UNKNOWN]] ∫[[INTOP]] d[[UNKNOWN]] σ[[UNKNOWN]] d[[UNKNOWN]] t[[UNKNOWN]]
	        > [[[OPEN]] 2[[NUMBER]] π[[UNKNOWN]] P[[UNKNOWN]] _{+}[[POSTSUBSCRIPT]] \dot{X}[[UNKNOWN]] ^{-}[[POSTSUPERSCRIPT]] +[[ADDOP]] 2[[NUMBER]] π[[UNKNOWN]] P[[UNKNOWN]] _{-}[[POSTSUBSCRIPT]] \dot{X}[[UNKNOWN]] ^{+}[[POSTSUPERSCRIPT]] +[[ADDOP]] 2[[NUMBER]] π[[UNKNOWN]] P[[UNKNOWN]] _{i}[[POSTSUBSCRIPT]] \dot{X}[[UNKNOWN]] _{i}[[POSTSUBSCRIPT]] +[[ADDOP]] \frac{h^{01}}{h^{00}}[[UNKNOWN]] \left([[OPEN]] 2[[NUMBER]] π[[UNKNOWN]] P[[UNKNOWN]] _{+}[[POSTSUBSCRIPT]] X[[UNKNOWN]] ^{-^{\prime}}[[POSTSUPERSCRIPT]] +[[ADDOP]] 2[[NUMBER]] π[[UNKNOWN]] P[[UNKNOWN]] _{-}[[POSTSUBSCRIPT]] X[[UNKNOWN]] ^{+^{\prime}}[[POSTSUPERSCRIPT]] +[[ADDOP]] 2[[NUMBER]] π[[UNKNOWN]] P[[UNKNOWN]] _{i}[[POSTSUBSCRIPT]] X[[UNKNOWN]] _{i}[[POSTSUBSCRIPT]] ^{{}^{\prime}}[[POSTSUPERSCRIPT]] \right)[[CLOSE]] -[[ADDOP]] \frac{1}{h^{00}}[[UNKNOWN]] \left([[OPEN]] 4[[NUMBER]] π[[UNKNOWN]] ...
Warning:not_parsed:UNKNOWN.UNKNOWN.UNKNOWN>OPEN MathParser failed to match rule 'Anything'
	at 0303043.tex; line 181 col 11 - line 185 col 1
	In "$\displaystyle\frac{1}{2\pi}\int d\sigma dt\Biggl{[}2\pi\mathcal{P}_{+}\dot{X}%
	^{-}+2\pi\mathcal{P}_{-}\dot{X}^{+}+2\pi\mathcal{P}_{i}\dot{X}_{i}+\frac{h^{01%
	}}{h^{00}}\left(2\pi\mathcal{P}_{+}X^{-^{\prime}}+2\pi\mathcal{P}_{-}X^{+^{%
	\prime}}+2\pi\mathcal{P}_{i}X_{i}^{{}^{\prime}}\right)$"
	\frac{1}{2\pi}[[UNKNOWN]] ∫[[INTOP]] d[[UNKNOWN]] σ[[UNKNOWN]] d[[UNKNOWN]] t[[UNKNOWN]]
	        > [[[OPEN]] 2[[NUMBER]] π[[UNKNOWN]] P[[UNKNOWN]] _{+}[[POSTSUBSCRIPT]] \dot{X}[[UNKNOWN]] ^{-}[[POSTSUPERSCRIPT]] +[[ADDOP]] 2[[NUMBER]] π[[UNKNOWN]] P[[UNKNOWN]] _{-}[[POSTSUBSCRIPT]] \dot{X}[[UNKNOWN]] ^{+}[[POSTSUPERSCRIPT]] +[[ADDOP]] 2[[NUMBER]] π[[UNKNOWN]] P[[UNKNOWN]] _{i}[[POSTSUBSCRIPT]] \dot{X}[[UNKNOWN]] _{i}[[POSTSUBSCRIPT]] +[[ADDOP]] \frac{h^{01}}{h^{00}}[[UNKNOWN]] \left([[OPEN]] 2[[NUMBER]] π[[UNKNOWN]] P[[UNKNOWN]] _{+}[[POSTSUBSCRIPT]] X[[UNKNOWN]] ^{-^{\prime}}[[POSTSUPERSCRIPT]] +[[ADDOP]] 2[[NUMBER]] π[[UNKNOWN]] P[[UNKNOWN]] _{-}[[POSTSUBSCRIPT]] X[[UNKNOWN]] ^{+^{\prime}}[[POSTSUPERSCRIPT]] +[[ADDOP]] 2[[NUMBER]] π[[UNKNOWN]] P[[UNKNOWN]] _{i}[[POSTSUBSCRIPT]] X[[UNKNOWN]] _{i}[[POSTSUBSCRIPT]] ^{{}^{\prime}}[[POSTSUPERSCRIPT]] \right)[[CLOSE]]
Warning:not_parsed:CLOSE.POSTSUPERSCRIPT.CLOSE>OPEN MathParser failed to match rule 'Anything'
	at 0303043.tex; line 187 col 9 - line 190 col 5
	In "$\displaystyle\frac{1}{h^{00}}\left(\frac{2\pi}{3}A_{ij}\mathcal{P}_{+}X_{j}X_%
	{i}^{{}^{\prime}}+\frac{2\pi}{6}A_{ij}\mathcal{P}_{i}X_{j}X^{+^{\prime}}+\left%
	(\frac{1}{6}A_{ij}X_{j}X^{+^{\prime}}\right)^{2}\right)\Biggl{]}.$"
	\frac{1}{h^{00}}[[UNKNOWN]] \left([[OPEN]] \frac{2\pi}{3}[[UNKNOWN]] A[[UNKNOWN]] _{ij}[[POSTSUBSCRIPT]] P[[UNKNOWN]] _{+}[[POSTSUBSCRIPT]] X[[UNKNOWN]] _{j}[[POSTSUBSCRIPT]] X[[UNKNOWN]] _{i}[[POSTSUBSCRIPT]] ^{{}^{\prime}}[[POSTSUPERSCRIPT]] +[[ADDOP]] \frac{2\pi}{6}[[UNKNOWN]] A[[UNKNOWN]] _{ij}[[POSTSUBSCRIPT]] P[[UNKNOWN]] _{i}[[POSTSUBSCRIPT]] X[[UNKNOWN]] _{j}[[POSTSUBSCRIPT]] X[[UNKNOWN]] ^{+^{\prime}}[[POSTSUPERSCRIPT]] +[[ADDOP]] \left([[OPEN]] \frac{1}{6}[[UNKNOWN]] A[[UNKNOWN]] _{ij}[[POSTSUBSCRIPT]] X[[UNKNOWN]] _{j}[[POSTSUBSCRIPT]] X[[UNKNOWN]] ^{+^{\prime}}[[POSTSUPERSCRIPT]] \right)[[CLOSE]] ^{2}[[POSTSUPERSCRIPT]] \right)[[CLOSE]]
	        > ][[OPEN]]
Warning:not_parsed:UNKNOWN.UNKNOWN.UNKNOWN>OPEN MathParser failed to match rule 'Anything'
	at 0303043.tex; line 198 col 1 - line 198 col 1
	In "$\displaystyle S=\frac{1}{2\pi}\int d\sigma dt\Biggl{[}2\pi\mathcal{P}_{+}\dot%
	{X}^{-}+2\pi\mathcal{P}_{-}\dot{X}^{+}+2\pi\mathcal{P}_{i}\dot{X}_{i}+\left(4%
	\pi^{2}\mathcal{P}_{+}\mathcal{P}_{-}+4\pi^{2}F(\mathcal{P}_{+})^{2}-\pi^{2}(%
	\mathcal{P}_{i})^{2}+X^{+^{\prime}}X^{-^{\prime}}-F(X^{+^{\prime}})^{2}-(X_{i}%
	^{{}^{\prime}})^{2}\right)-\left(\frac{2\pi}{3}A_{ij}\mathcal{P}_{+}X_{j}X_{i}%
	^{{}^{\prime}}+\frac{2\pi}{6}A_{ij}\mathcal{P}_{i}X_{j}X^{+^{\prime}}+\left(%
	\frac{1}{6}A_{ij}X_{j}X^{+^{\prime}}\right)^{2}\right)\Biggl{]}.\@@ENDINLINEMATH"
	S[[UNKNOWN]] =[[RELOP]] \frac{1}{2\pi}[[UNKNOWN]] ∫[[INTOP]] d[[UNKNOWN]] σ[[UNKNOWN]] d[[UNKNOWN]] t[[UNKNOWN]]
	        > [[[OPEN]] 2[[NUMBER]] π[[UNKNOWN]] P[[UNKNOWN]] _{+}[[POSTSUBSCRIPT]] \dot{X}[[UNKNOWN]] ^{-}[[POSTSUPERSCRIPT]] +[[ADDOP]] 2[[NUMBER]] π[[UNKNOWN]] P[[UNKNOWN]] _{-}[[POSTSUBSCRIPT]] \dot{X}[[UNKNOWN]] ^{+}[[POSTSUPERSCRIPT]] +[[ADDOP]] 2[[NUMBER]] π[[UNKNOWN]] P[[UNKNOWN]] _{i}[[POSTSUBSCRIPT]] \dot{X}[[UNKNOWN]] _{i}[[POSTSUBSCRIPT]] +[[ADDOP]] \left([[OPEN]] 4[[NUMBER]] π[[UNKNOWN]] ^{2}[[POSTSUPERSCRIPT]] P[[UNKNOWN]] _{+}[[POSTSUBSCRIPT]] P[[UNKNOWN]] _{-}[[POSTSUBSCRIPT]] +[[ADDOP]] 4[[NUMBER]] π[[UNKNOWN]] ^{2}[[POSTSUPERSCRIPT]] F[[UNKNOWN]] ([[OPEN]] P[[UNKNOWN]] _{+}[[POSTSUBSCRIPT]] )[[CLOSE]] ^{2}[[POSTSUPERSCRIPT]] -[[ADDOP]] π[[UNKNOWN]] ^{2}[[POSTSUPERSCRIPT]] ([[OPEN]] P[[UNKNOWN]] _{i}[[POSTSUBSCRIPT]] )[[CLOSE]] ^{2}[[POSTSUPERSCRIPT]] +[[ADDOP]] X[[UNKNOWN]] ^{+^{\prime}}[[POSTSUPERSCRIPT]] ...
Warning:not_parsed:UNKNOWN.UNKNOWN.UNKNOWN>OPEN MathParser failed to match rule 'Anything'
	at 0303043.tex; line 198 col 11 - line 200 col 1
	In "$\displaystyle\frac{1}{2\pi}\int d\sigma dt\Biggl{[}2\pi\mathcal{P}_{+}\dot{X}%
	^{-}+2\pi\mathcal{P}_{-}\dot{X}^{+}+2\pi\mathcal{P}_{i}\dot{X}_{i}$"
	\frac{1}{2\pi}[[UNKNOWN]] ∫[[INTOP]] d[[UNKNOWN]] σ[[UNKNOWN]] d[[UNKNOWN]] t[[UNKNOWN]]
	        > [[[OPEN]] 2[[NUMBER]] π[[UNKNOWN]] P[[UNKNOWN]] _{+}[[POSTSUBSCRIPT]] \dot{X}[[UNKNOWN]] ^{-}[[POSTSUPERSCRIPT]] +[[ADDOP]] 2[[NUMBER]] π[[UNKNOWN]] P[[UNKNOWN]] _{-}[[POSTSUBSCRIPT]] \dot{X}[[UNKNOWN]] ^{+}[[POSTSUPERSCRIPT]] +[[ADDOP]] 2[[NUMBER]] π[[UNKNOWN]] P[[UNKNOWN]] _{i}[[POSTSUBSCRIPT]] \dot{X}[[UNKNOWN]] _{i}[[POSTSUBSCRIPT]]
Warning:not_parsed:CLOSE.POSTSUPERSCRIPT.CLOSE>OPEN MathParser failed to match rule 'Anything'
	at 0303043.tex; line 202 col 10 - line 205 col 5
	In "$\displaystyle\left(\frac{2\pi}{3}A_{ij}\mathcal{P}_{+}X_{j}X_{i}^{{}^{\prime}%
	}+\frac{2\pi}{6}A_{ij}\mathcal{P}_{i}X_{j}X^{+^{\prime}}+\left(\frac{1}{6}A_{%
	ij}X_{j}X^{+^{\prime}}\right)^{2}\right)\Biggl{]}.$"
	\left([[OPEN]] \frac{2\pi}{3}[[UNKNOWN]] A[[UNKNOWN]] _{ij}[[POSTSUBSCRIPT]] P[[UNKNOWN]] _{+}[[POSTSUBSCRIPT]] X[[UNKNOWN]] _{j}[[POSTSUBSCRIPT]] X[[UNKNOWN]] _{i}[[POSTSUBSCRIPT]] ^{{}^{\prime}}[[POSTSUPERSCRIPT]] +[[ADDOP]] \frac{2\pi}{6}[[UNKNOWN]] A[[UNKNOWN]] _{ij}[[POSTSUBSCRIPT]] P[[UNKNOWN]] _{i}[[POSTSUBSCRIPT]] X[[UNKNOWN]] _{j}[[POSTSUBSCRIPT]] X[[UNKNOWN]] ^{+^{\prime}}[[POSTSUPERSCRIPT]] +[[ADDOP]] \left([[OPEN]] \frac{1}{6}[[UNKNOWN]] A[[UNKNOWN]] _{ij}[[POSTSUBSCRIPT]] X[[UNKNOWN]] _{j}[[POSTSUBSCRIPT]] X[[UNKNOWN]] ^{+^{\prime}}[[POSTSUPERSCRIPT]] \right)[[CLOSE]] ^{2}[[POSTSUPERSCRIPT]] \right)[[CLOSE]]
	        > ][[OPEN]]
Warning:not_parsed:INTOP.UNKNOWN.UNKNOWN>OPEN MathParser failed to match rule 'Anything'
	at 0303043.tex; line 227 col 1 - line 227 col 1
	In "$\displaystyle H=\frac{1}{2\pi}\int d\sigma\Biggl{[}2\pi p_{+}\mathcal{P}_{-}+%
	\pi^{2}(\mathcal{P}_{i})^{2}+X_{i}^{2^{\prime}}-p_{+}^{2}\left(W_{1}(X^{2}_{1}%
	-X^{2}_{2})-2W_{2}X_{1}X_{2}-\left(\frac{1}{36}A^{2}+\frac{1}{2}\Phi^{\prime%
	\prime}\right)(X_{1}^{2}+X_{2}^{2})\right)-\frac{p_{+}}{3}A\left({X_{1}}^{%
	\prime}X_{2}-{X_{2}}^{\prime}X_{1}\right)\Biggl{]}.\@@ENDINLINEMATH"
	H[[UNKNOWN]] =[[RELOP]] \frac{1}{2\pi}[[UNKNOWN]] ∫[[INTOP]] d[[UNKNOWN]] σ[[UNKNOWN]]
	        > [[[OPEN]] 2[[NUMBER]] π[[UNKNOWN]] p[[UNKNOWN]] _{+}[[POSTSUBSCRIPT]] P[[UNKNOWN]] _{-}[[POSTSUBSCRIPT]] +[[ADDOP]] π[[UNKNOWN]] ^{2}[[POSTSUPERSCRIPT]] ([[OPEN]] P[[UNKNOWN]] _{i}[[POSTSUBSCRIPT]] )[[CLOSE]] ^{2}[[POSTSUPERSCRIPT]] +[[ADDOP]] X[[UNKNOWN]] _{i}[[POSTSUBSCRIPT]] ^{2^{\prime}}[[POSTSUPERSCRIPT]] -[[ADDOP]] p[[UNKNOWN]] _{+}[[POSTSUBSCRIPT]] ^{2}[[POSTSUPERSCRIPT]] \left([[OPEN]] W[[UNKNOWN]] _{1}[[POSTSUBSCRIPT]] ([[OPEN]] X[[UNKNOWN]] ^{2}[[POSTSUPERSCRIPT]] _{1}[[POSTSUBSCRIPT]] -[[ADDOP]] X[[UNKNOWN]] ^{2}[[POSTSUPERSCRIPT]] _{2}[[POSTSUBSCRIPT]] )[[CLOSE]] -[[ADDOP]] 2[[NUMBER]] W[[UNKNOWN]] _{2}[[POSTSUBSCRIPT]] X[[UNKNOWN]] _{1}[[POSTSUBSCRIPT]] X[[UNKNOWN]] _{2}[[POSTSUBSCRIPT]] -[[ADDOP]] \left([[OPEN]] \frac{1}{36}[[UNKNOWN]] A[[UNKNOWN]] ^{2}[[POSTSUPERSCRIPT]] +[[ADDOP]] \frac{1}{2}[[UNKNOWN]] Φ[[UNKNOWN]] ...
Warning:not_parsed:INTOP.UNKNOWN.UNKNOWN>OPEN MathParser failed to match rule 'Anything'
	at 0303043.tex; line 227 col 11 - line 228 col 1
	In "$\displaystyle\frac{1}{2\pi}\int d\sigma\Biggl{[}2\pi p_{+}\mathcal{P}_{-}+\pi%
	^{2}(\mathcal{P}_{i})^{2}+X_{i}^{2^{\prime}}$"
	\frac{1}{2\pi}[[UNKNOWN]] ∫[[INTOP]] d[[UNKNOWN]] σ[[UNKNOWN]]
	        > [[[OPEN]] 2[[NUMBER]] π[[UNKNOWN]] p[[UNKNOWN]] _{+}[[POSTSUBSCRIPT]] P[[UNKNOWN]] _{-}[[POSTSUBSCRIPT]] +[[ADDOP]] π[[UNKNOWN]] ^{2}[[POSTSUPERSCRIPT]] ([[OPEN]] P[[UNKNOWN]] _{i}[[POSTSUBSCRIPT]] )[[CLOSE]] ^{2}[[POSTSUPERSCRIPT]] +[[ADDOP]] X[[UNKNOWN]] _{i}[[POSTSUBSCRIPT]] ^{2^{\prime}}[[POSTSUPERSCRIPT]]
Warning:not_parsed:UNKNOWN.POSTSUBSCRIPT.CLOSE>OPEN MathParser failed to match rule 'Anything'
	at 0303043.tex; line 230 col 9 - line 232 col 5
	In "$\displaystyle\frac{p_{+}}{3}A\left({X_{1}}^{\prime}X_{2}-{X_{2}}^{\prime}X_{1%
	}\right)\Biggl{]}.$"
	\frac{p_{+}}{3}[[UNKNOWN]] A[[UNKNOWN]] \left([[OPEN]] X[[UNKNOWN]] _{1}[[POSTSUBSCRIPT]] ^{\prime}[[POSTSUPERSCRIPT]] X[[UNKNOWN]] _{2}[[POSTSUBSCRIPT]] -[[ADDOP]] X[[UNKNOWN]] _{2}[[POSTSUBSCRIPT]] ^{\prime}[[POSTSUPERSCRIPT]] X[[UNKNOWN]] _{1}[[POSTSUBSCRIPT]] \right)[[CLOSE]]
	        > ][[OPEN]]
Warning:not_parsed:ATOM.SUMOP.POSTSUBSCRIPT>OPEN MathParser failed to match rule 'Anything'
	at 0303043.tex; line 259 col 1 - line 259 col 1
	In "$\displaystyle H_{osc.}=\frac{1}{2}\sum_{n\in Z-\{0\}}\Biggl{[}|P^{i}_{n}|^{2}%
	+n^{2}|X^{i}_{n}|^{2}-p_{+}^{2}W_{1}(|X^{1}_{n}|^{2}-|X^{2}_{n}|^{2})+p_{+}^{2%
	}W_{2}(X^{1}_{n}X^{2}_{-n}+X^{1}_{-n}X^{2}_{n})+p_{+}^{2}\left(\frac{1}{36}A^{%
	2}+\frac{1}{2}\Phi^{\prime\prime}\right)|X^{i}_{n}|^{2}-in\frac{p_{+}}{3}A(X^{%
	1}_{n}X^{2}_{-n}-X^{1}_{-n}X^{2}_{n})\Biggl{]}.\@@ENDINLINEMATH"
	H[[UNKNOWN]] _{osc.}[[POSTSUBSCRIPT]] =[[RELOP]] \frac{1}{2}[[UNKNOWN]] ∑[[SUMOP]] _{n\inZ-\{0\}}[[POSTSUBSCRIPT]]
	        > [[[OPEN]] |[[VERTBAR]] P[[UNKNOWN]] ^{i}[[POSTSUPERSCRIPT]] _{n}[[POSTSUBSCRIPT]] |[[VERTBAR]] ^{2}[[POSTSUPERSCRIPT]] +[[ADDOP]] n[[UNKNOWN]] ^{2}[[POSTSUPERSCRIPT]] |[[VERTBAR]] X[[UNKNOWN]] ^{i}[[POSTSUPERSCRIPT]] _{n}[[POSTSUBSCRIPT]] |[[VERTBAR]] ^{2}[[POSTSUPERSCRIPT]] -[[ADDOP]] p[[UNKNOWN]] _{+}[[POSTSUBSCRIPT]] ^{2}[[POSTSUPERSCRIPT]] W[[UNKNOWN]] _{1}[[POSTSUBSCRIPT]] ([[OPEN]] |[[VERTBAR]] X[[UNKNOWN]] ^{1}[[POSTSUPERSCRIPT]] _{n}[[POSTSUBSCRIPT]] |[[VERTBAR]] ^{2}[[POSTSUPERSCRIPT]] -[[ADDOP]] |[[VERTBAR]] X[[UNKNOWN]] ^{2}[[POSTSUPERSCRIPT]] _{n}[[POSTSUBSCRIPT]] |[[VERTBAR]] ^{2}[[POSTSUPERSCRIPT]] )[[CLOSE]] +[[ADDOP]] p[[UNKNOWN]] _{+}[[POSTSUBSCRIPT]] ^{2}[[POSTSUPERSCRIPT]] W[[UNKNOWN]] _{2}[[POSTSUBSCRIPT]] ([[OPEN]] X[[UNKNOWN]] ^{1}[[POSTSUPERSCRIPT]] _{n}[[POSTSUBSCRIPT]] X[[UNKNOWN]] ^{2}[[POSTSUPERSCRIPT]] _{-n}[[POSTSUBSCRIPT]] +[[ADDOP]] ...
Warning:not_parsed:ATOM.SUMOP.POSTSUBSCRIPT>OPEN MathParser failed to match rule 'Anything'
	at 0303043.tex; line 259 col 18 - line 261 col 1
	In "$\displaystyle\frac{1}{2}\sum_{n\in Z-\{0\}}\Biggl{[}|P^{i}_{n}|^{2}+n^{2}|X^{%
	i}_{n}|^{2}-p_{+}^{2}W_{1}(|X^{1}_{n}|^{2}-|X^{2}_{n}|^{2})+p_{+}^{2}W_{2}(X^{%
	1}_{n}X^{2}_{-n}+X^{1}_{-n}X^{2}_{n})$"
	\frac{1}{2}[[UNKNOWN]] ∑[[SUMOP]] _{n\inZ-\{0\}}[[POSTSUBSCRIPT]]
	        > [[[OPEN]] |[[VERTBAR]] P[[UNKNOWN]] ^{i}[[POSTSUPERSCRIPT]] _{n}[[POSTSUBSCRIPT]] |[[VERTBAR]] ^{2}[[POSTSUPERSCRIPT]] +[[ADDOP]] n[[UNKNOWN]] ^{2}[[POSTSUPERSCRIPT]] |[[VERTBAR]] X[[UNKNOWN]] ^{i}[[POSTSUPERSCRIPT]] _{n}[[POSTSUBSCRIPT]] |[[VERTBAR]] ^{2}[[POSTSUPERSCRIPT]] -[[ADDOP]] p[[UNKNOWN]] _{+}[[POSTSUBSCRIPT]] ^{2}[[POSTSUPERSCRIPT]] W[[UNKNOWN]] _{1}[[POSTSUBSCRIPT]] ([[OPEN]] |[[VERTBAR]] X[[UNKNOWN]] ^{1}[[POSTSUPERSCRIPT]] _{n}[[POSTSUBSCRIPT]] |[[VERTBAR]] ^{2}[[POSTSUPERSCRIPT]] -[[ADDOP]] |[[VERTBAR]] X[[UNKNOWN]] ^{2}[[POSTSUPERSCRIPT]] _{n}[[POSTSUBSCRIPT]] |[[VERTBAR]] ^{2}[[POSTSUPERSCRIPT]] )[[CLOSE]] +[[ADDOP]] p[[UNKNOWN]] _{+}[[POSTSUBSCRIPT]] ^{2}[[POSTSUPERSCRIPT]] W[[UNKNOWN]] _{2}[[POSTSUBSCRIPT]] ([[OPEN]] X[[UNKNOWN]] ^{1}[[POSTSUPERSCRIPT]] _{n}[[POSTSUBSCRIPT]] X[[UNKNOWN]] ^{2}[[POSTSUPERSCRIPT]] _{-n}[[POSTSUBSCRIPT]] +[[ADDOP]] ...
Warning:not_parsed:POSTSUPERSCRIPT.POSTSUBSCRIPT.CLOSE>OPEN MathParser failed to match rule 'Anything'
	at 0303043.tex; line 261 col 5 - line 264 col 5
	In "$\displaystyle p_{+}^{2}\left(\frac{1}{36}A^{2}+\frac{1}{2}\Phi^{\prime\prime}%
	\right)|X^{i}_{n}|^{2}-in\frac{p_{+}}{3}A(X^{1}_{n}X^{2}_{-n}-X^{1}_{-n}X^{2}_%
	{n})\Biggl{]}.$"
	p[[UNKNOWN]] _{+}[[POSTSUBSCRIPT]] ^{2}[[POSTSUPERSCRIPT]] \left([[OPEN]] \frac{1}{36}[[UNKNOWN]] A[[UNKNOWN]] ^{2}[[POSTSUPERSCRIPT]] +[[ADDOP]] \frac{1}{2}[[UNKNOWN]] Φ[[UNKNOWN]] ^{\prime\prime}[[POSTSUPERSCRIPT]] \right)[[CLOSE]] |[[VERTBAR]] X[[UNKNOWN]] ^{i}[[POSTSUPERSCRIPT]] _{n}[[POSTSUBSCRIPT]] |[[VERTBAR]] ^{2}[[POSTSUPERSCRIPT]] -[[ADDOP]] i[[UNKNOWN]] n[[UNKNOWN]] \frac{p_{+}}{3}[[UNKNOWN]] A[[UNKNOWN]] ([[OPEN]] X[[UNKNOWN]] ^{1}[[POSTSUPERSCRIPT]] _{n}[[POSTSUBSCRIPT]] X[[UNKNOWN]] ^{2}[[POSTSUPERSCRIPT]] _{-n}[[POSTSUBSCRIPT]] -[[ADDOP]] X[[UNKNOWN]] ^{1}[[POSTSUPERSCRIPT]] _{-n}[[POSTSUBSCRIPT]] X[[UNKNOWN]] ^{2}[[POSTSUPERSCRIPT]] _{n}[[POSTSUBSCRIPT]] )[[CLOSE]]
	        > ][[OPEN]]
Warning:not_parsed:ATOM.SUMOP.POSTSUBSCRIPT>OPEN MathParser failed to match rule 'Anything'
	at 0303043.tex; line 281 col 1 - line 281 col 1
	In "$\displaystyle H_{osc.}=\frac{1}{2}\sum_{n\in Z-\{0\}}\Biggl{[}|P^{i}_{n}|^{2}%
	+n^{2}|X^{i}_{n}|^{2}+\left(X^{1\dagger}_{n}\,X^{2\dagger}_{n}\right)\left(%
	\matrix{\hidden@noalign{}\hfil\textstyle\phi_{1}&(\rho+in\lambda)\cr%
	\hidden@noalign{}\hfil\textstyle(\rho-in\lambda)&\phi_{2}}\right)\left(\begin{%
	array}[]{c}\hidden@noalign{}\hfil X^{1}_{n}\\
	\hidden@noalign{}\hfil X^{2}_{n}\end{array}\right)\Biggl{]}.\@@ENDINLINEMATH"
	H[[UNKNOWN]] _{osc.}[[POSTSUBSCRIPT]] =[[RELOP]] \frac{1}{2}[[UNKNOWN]] ∑[[SUMOP]] _{n\inZ-\{0\}}[[POSTSUBSCRIPT]]
	        > [[[OPEN]] |[[VERTBAR]] P[[UNKNOWN]] ^{i}[[POSTSUPERSCRIPT]] _{n}[[POSTSUBSCRIPT]] |[[VERTBAR]] ^{2}[[POSTSUPERSCRIPT]] +[[ADDOP]] n[[UNKNOWN]] ^{2}[[POSTSUPERSCRIPT]] |[[VERTBAR]] X[[UNKNOWN]] ^{i}[[POSTSUPERSCRIPT]] _{n}[[POSTSUBSCRIPT]] |[[VERTBAR]] ^{2}[[POSTSUPERSCRIPT]] +[[ADDOP]] \left([[OPEN]] X[[UNKNOWN]] ^{1\dagger}[[POSTSUPERSCRIPT]] _{n}[[POSTSUBSCRIPT]] X[[UNKNOWN]] ^{2\dagger}[[POSTSUPERSCRIPT]] _{n}[[POSTSUBSCRIPT]] \right)[[CLOSE]] \left([[OPEN]] \matrix{\hidden@noalign{}\hfil\textstyle\phi_{1}&(\rho+in\lambda)\cr\hidden@noalign{}\hfil\textstyle(\rho-in\lambda)&\phi_{2}}[[UNKNOWN]] \right)[[CLOSE]] \left([[OPEN]] Alignment[][[ARRAY]] \right)[[CLOSE]] ][[OPEN]]
Warning:not_parsed:ATOM.SUMOP.POSTSUBSCRIPT>OPEN MathParser failed to match rule 'Anything'
	at 0303043.tex; line 281 col 18 - line 288 col 5
	In "$\displaystyle\frac{1}{2}\sum_{n\in Z-\{0\}}\Biggl{[}|P^{i}_{n}|^{2}+n^{2}|X^{%
	i}_{n}|^{2}+\left(X^{1\dagger}_{n}\,X^{2\dagger}_{n}\right)\left(\matrix{%
	\hidden@noalign{}\hfil\textstyle\phi_{1}&(\rho+in\lambda)\cr\hidden@noalign{}%
	\hfil\textstyle(\rho-in\lambda)&\phi_{2}}\right)\left(\begin{array}[]{c}%
	\hidden@noalign{}\hfil X^{1}_{n}\\
	\hidden@noalign{}\hfil X^{2}_{n}\end{array}\right)\Biggl{]}.$"
	\frac{1}{2}[[UNKNOWN]] ∑[[SUMOP]] _{n\inZ-\{0\}}[[POSTSUBSCRIPT]]
	        > [[[OPEN]] |[[VERTBAR]] P[[UNKNOWN]] ^{i}[[POSTSUPERSCRIPT]] _{n}[[POSTSUBSCRIPT]] |[[VERTBAR]] ^{2}[[POSTSUPERSCRIPT]] +[[ADDOP]] n[[UNKNOWN]] ^{2}[[POSTSUPERSCRIPT]] |[[VERTBAR]] X[[UNKNOWN]] ^{i}[[POSTSUPERSCRIPT]] _{n}[[POSTSUBSCRIPT]] |[[VERTBAR]] ^{2}[[POSTSUPERSCRIPT]] +[[ADDOP]] \left([[OPEN]] X[[UNKNOWN]] ^{1\dagger}[[POSTSUPERSCRIPT]] _{n}[[POSTSUBSCRIPT]] X[[UNKNOWN]] ^{2\dagger}[[POSTSUPERSCRIPT]] _{n}[[POSTSUBSCRIPT]] \right)[[CLOSE]] \left([[OPEN]] \matrix{\hidden@noalign{}\hfil\textstyle\phi_{1}&(\rho+in\lambda)\cr\hidden@noalign{}\hfil\textstyle(\rho-in\lambda)&\phi_{2}}[[UNKNOWN]] \right)[[CLOSE]] \left([[OPEN]] Alignment[][[ARRAY]] \right)[[CLOSE]] ][[OPEN]]
Warning:not_parsed:ATOM.SUMOP.POSTSUBSCRIPT>OPEN MathParser failed to match rule 'Anything'
	at 0303043.tex; line 311 col 1 - line 311 col 1
	In "$\displaystyle H_{osc.}=\frac{1}{2}\sum_{n\in Z-\{0\}}\Biggl{[}|\tilde{P}^{i}_%
	{n}|^{2}+n^{2}|\tilde{X}^{i}_{n}|^{2}+S_{n,+}^{2}|\tilde{X}^{1}_{n}|^{2}+S_{n,%
	-}^{2}|\tilde{X}^{2}_{n}|^{2}\Biggl{]}=\sum_{\stackrel{{\scriptstyle n>0}}{{i=%
	1,2}}}H^{i}_{n}\@@ENDINLINEMATH"
	H[[UNKNOWN]] _{osc.}[[POSTSUBSCRIPT]] =[[RELOP]] \frac{1}{2}[[UNKNOWN]] ∑[[SUMOP]] _{n\inZ-\{0\}}[[POSTSUBSCRIPT]]
	        > [[[OPEN]] |[[VERTBAR]] \tilde{P}[[UNKNOWN]] ^{i}[[POSTSUPERSCRIPT]] _{n}[[POSTSUBSCRIPT]] |[[VERTBAR]] ^{2}[[POSTSUPERSCRIPT]] +[[ADDOP]] n[[UNKNOWN]] ^{2}[[POSTSUPERSCRIPT]] |[[VERTBAR]] \tilde{X}[[UNKNOWN]] ^{i}[[POSTSUPERSCRIPT]] _{n}[[POSTSUBSCRIPT]] |[[VERTBAR]] ^{2}[[POSTSUPERSCRIPT]] +[[ADDOP]] S[[UNKNOWN]] _{n,+}[[POSTSUBSCRIPT]] ^{2}[[POSTSUPERSCRIPT]] |[[VERTBAR]] \tilde{X}[[UNKNOWN]] ^{1}[[POSTSUPERSCRIPT]] _{n}[[POSTSUBSCRIPT]] |[[VERTBAR]] ^{2}[[POSTSUPERSCRIPT]] +[[ADDOP]] S[[UNKNOWN]] _{n,-}[[POSTSUBSCRIPT]] ^{2}[[POSTSUPERSCRIPT]] |[[VERTBAR]] \tilde{X}[[UNKNOWN]] ^{2}[[POSTSUPERSCRIPT]] _{n}[[POSTSUBSCRIPT]] |[[VERTBAR]] ^{2}[[POSTSUPERSCRIPT]] ][[OPEN]] =[[RELOP]] ∑[[SUMOP]] _{\stackrel{{\scriptstylen>0}}{{i=1,2}}}[[POSTSUBSCRIPT]] H[[UNKNOWN]] ^{i}[[POSTSUPERSCRIPT]] _{n}[[POSTSUBSCRIPT]]
Warning:not_parsed:ATOM.SUMOP.POSTSUBSCRIPT>OPEN MathParser failed to match rule 'Anything'
	at 0303043.tex; line 311 col 18 - line 313 col 1
	In "$\displaystyle\frac{1}{2}\sum_{n\in Z-\{0\}}\Biggl{[}|\tilde{P}^{i}_{n}|^{2}+n%
	^{2}|\tilde{X}^{i}_{n}|^{2}+S_{n,+}^{2}|\tilde{X}^{1}_{n}|^{2}+S_{n,-}^{2}|%
	\tilde{X}^{2}_{n}|^{2}\Biggl{]}$"
	\frac{1}{2}[[UNKNOWN]] ∑[[SUMOP]] _{n\inZ-\{0\}}[[POSTSUBSCRIPT]]
	        > [[[OPEN]] |[[VERTBAR]] \tilde{P}[[UNKNOWN]] ^{i}[[POSTSUPERSCRIPT]] _{n}[[POSTSUBSCRIPT]] |[[VERTBAR]] ^{2}[[POSTSUPERSCRIPT]] +[[ADDOP]] n[[UNKNOWN]] ^{2}[[POSTSUPERSCRIPT]] |[[VERTBAR]] \tilde{X}[[UNKNOWN]] ^{i}[[POSTSUPERSCRIPT]] _{n}[[POSTSUBSCRIPT]] |[[VERTBAR]] ^{2}[[POSTSUPERSCRIPT]] +[[ADDOP]] S[[UNKNOWN]] _{n,+}[[POSTSUBSCRIPT]] ^{2}[[POSTSUPERSCRIPT]] |[[VERTBAR]] \tilde{X}[[UNKNOWN]] ^{1}[[POSTSUPERSCRIPT]] _{n}[[POSTSUBSCRIPT]] |[[VERTBAR]] ^{2}[[POSTSUPERSCRIPT]] +[[ADDOP]] S[[UNKNOWN]] _{n,-}[[POSTSUBSCRIPT]] ^{2}[[POSTSUPERSCRIPT]] |[[VERTBAR]] \tilde{X}[[UNKNOWN]] ^{2}[[POSTSUPERSCRIPT]] _{n}[[POSTSUBSCRIPT]] |[[VERTBAR]] ^{2}[[POSTSUPERSCRIPT]] ][[OPEN]]
Warning:not_parsed:INTOP.UNKNOWN.UNKNOWN>OPEN MathParser failed to match rule 'Anything'
	at 0303043.tex; line 440 col 1 - line 440 col 1
	In "$\displaystyle H=2\pi p_{+}p_{-}+\frac{1}{2\pi}\int d\sigma\Biggl{[}2\pi p_{+}%
	\mathcal{P}_{-}+\pi^{2}(\mathcal{P}_{i})^{2}+(D_{\sigma}X_{i})^{2}-p_{+}^{2}%
	\left(W_{1}(X^{2}_{1}-X^{2}_{2})-2W_{2}X_{1}X_{2}-\frac{1}{2}\Phi^{\prime%
	\prime}(X_{1}^{2}+X_{2}^{2})\right)\Biggl{]}\@@ENDINLINEMATH"
	H[[UNKNOWN]] =[[RELOP]] 2[[NUMBER]] π[[UNKNOWN]] p[[UNKNOWN]] _{+}[[POSTSUBSCRIPT]] p[[UNKNOWN]] _{-}[[POSTSUBSCRIPT]] +[[ADDOP]] \frac{1}{2\pi}[[UNKNOWN]] ∫[[INTOP]] d[[UNKNOWN]] σ[[UNKNOWN]]
	        > [[[OPEN]] 2[[NUMBER]] π[[UNKNOWN]] p[[UNKNOWN]] _{+}[[POSTSUBSCRIPT]] P[[UNKNOWN]] _{-}[[POSTSUBSCRIPT]] +[[ADDOP]] π[[UNKNOWN]] ^{2}[[POSTSUPERSCRIPT]] ([[OPEN]] P[[UNKNOWN]] _{i}[[POSTSUBSCRIPT]] )[[CLOSE]] ^{2}[[POSTSUPERSCRIPT]] +[[ADDOP]] ([[OPEN]] D[[UNKNOWN]] _{\sigma}[[POSTSUBSCRIPT]] X[[UNKNOWN]] _{i}[[POSTSUBSCRIPT]] )[[CLOSE]] ^{2}[[POSTSUPERSCRIPT]] -[[ADDOP]] p[[UNKNOWN]] _{+}[[POSTSUBSCRIPT]] ^{2}[[POSTSUPERSCRIPT]] \left([[OPEN]] W[[UNKNOWN]] _{1}[[POSTSUBSCRIPT]] ([[OPEN]] X[[UNKNOWN]] ^{2}[[POSTSUPERSCRIPT]] _{1}[[POSTSUBSCRIPT]] -[[ADDOP]] X[[UNKNOWN]] ^{2}[[POSTSUPERSCRIPT]] _{2}[[POSTSUBSCRIPT]] )[[CLOSE]] -[[ADDOP]] 2[[NUMBER]] W[[UNKNOWN]] _{2}[[POSTSUBSCRIPT]] X[[UNKNOWN]] _{1}[[POSTSUBSCRIPT]] X[[UNKNOWN]] _{2}[[POSTSUBSCRIPT]] -[[ADDOP]] \frac{1}{2}[[UNKNOWN]] Φ[[UNKNOWN]] ^{\prime\prime}[[POSTSUPERSCRIPT]] ...
Warning:not_parsed:INTOP.UNKNOWN.UNKNOWN>OPEN MathParser failed to match rule 'Anything'
	at 0303043.tex; line 440 col 7 - line 442 col 1
	In "$\displaystyle 2\pi p_{+}p_{-}+\frac{1}{2\pi}\int d\sigma\Biggl{[}2\pi p_{+}%
	\mathcal{P}_{-}+\pi^{2}(\mathcal{P}_{i})^{2}+(D_{\sigma}X_{i})^{2}$"
	2[[NUMBER]] π[[UNKNOWN]] p[[UNKNOWN]] _{+}[[POSTSUBSCRIPT]] p[[UNKNOWN]] _{-}[[POSTSUBSCRIPT]] +[[ADDOP]] \frac{1}{2\pi}[[UNKNOWN]] ∫[[INTOP]] d[[UNKNOWN]] σ[[UNKNOWN]]
	        > [[[OPEN]] 2[[NUMBER]] π[[UNKNOWN]] p[[UNKNOWN]] _{+}[[POSTSUBSCRIPT]] P[[UNKNOWN]] _{-}[[POSTSUBSCRIPT]] +[[ADDOP]] π[[UNKNOWN]] ^{2}[[POSTSUPERSCRIPT]] ([[OPEN]] P[[UNKNOWN]] _{i}[[POSTSUBSCRIPT]] )[[CLOSE]] ^{2}[[POSTSUPERSCRIPT]] +[[ADDOP]] ([[OPEN]] D[[UNKNOWN]] _{\sigma}[[POSTSUBSCRIPT]] X[[UNKNOWN]] _{i}[[POSTSUBSCRIPT]] )[[CLOSE]] ^{2}[[POSTSUPERSCRIPT]]
Warning:not_parsed:POSTSUPERSCRIPT.CLOSE.CLOSE>OPEN MathParser failed to match rule 'Anything'
	at 0303043.tex; line 442 col 5 - line 444 col 5
	In "$\displaystyle p_{+}^{2}\left(W_{1}(X^{2}_{1}-X^{2}_{2})-2W_{2}X_{1}X_{2}-%
	\frac{1}{2}\Phi^{\prime\prime}(X_{1}^{2}+X_{2}^{2})\right)\Biggl{]}$"
	p[[UNKNOWN]] _{+}[[POSTSUBSCRIPT]] ^{2}[[POSTSUPERSCRIPT]] \left([[OPEN]] W[[UNKNOWN]] _{1}[[POSTSUBSCRIPT]] ([[OPEN]] X[[UNKNOWN]] ^{2}[[POSTSUPERSCRIPT]] _{1}[[POSTSUBSCRIPT]] -[[ADDOP]] X[[UNKNOWN]] ^{2}[[POSTSUPERSCRIPT]] _{2}[[POSTSUBSCRIPT]] )[[CLOSE]] -[[ADDOP]] 2[[NUMBER]] W[[UNKNOWN]] _{2}[[POSTSUBSCRIPT]] X[[UNKNOWN]] _{1}[[POSTSUBSCRIPT]] X[[UNKNOWN]] _{2}[[POSTSUBSCRIPT]] -[[ADDOP]] \frac{1}{2}[[UNKNOWN]] Φ[[UNKNOWN]] ^{\prime\prime}[[POSTSUPERSCRIPT]] ([[OPEN]] X[[UNKNOWN]] _{1}[[POSTSUBSCRIPT]] ^{2}[[POSTSUPERSCRIPT]] +[[ADDOP]] X[[UNKNOWN]] _{2}[[POSTSUBSCRIPT]] ^{2}[[POSTSUPERSCRIPT]] )[[CLOSE]] \right)[[CLOSE]]
	        > ][[OPEN]]
Warning:not_parsed:UNKNOWN.UNKNOWN.UNKNOWN>OPEN MathParser failed to match rule 'Anything'
	at 0303043.tex; line 540 col 11 - line 542 col 1
	In "$\displaystyle\frac{1}{2\pi}\int d\sigma dt\Biggl{[}-\partial_{t}X^{+}\partial%
	_{t}X^{-}+\partial_{\sigma}X^{+}\partial_{\sigma}X^{-}+(D_{t}X)_{i}(D_{t}X)_{i%
	}-(D_{\sigma}X)_{i}(D_{\sigma}X)_{i}$"
	\frac{1}{2\pi}[[UNKNOWN]] ∫[[INTOP]] d[[UNKNOWN]] σ[[UNKNOWN]] d[[UNKNOWN]] t[[UNKNOWN]]
	        > [[[OPEN]] -[[ADDOP]] ∂[[OPERATOR]] _{t}[[POSTSUBSCRIPT]] X[[UNKNOWN]] ^{+}[[POSTSUPERSCRIPT]] ∂[[OPERATOR]] _{t}[[POSTSUBSCRIPT]] X[[UNKNOWN]] ^{-}[[POSTSUPERSCRIPT]] +[[ADDOP]] ∂[[OPERATOR]] _{\sigma}[[POSTSUBSCRIPT]] X[[UNKNOWN]] ^{+}[[POSTSUPERSCRIPT]] ∂[[OPERATOR]] _{\sigma}[[POSTSUBSCRIPT]] X[[UNKNOWN]] ^{-}[[POSTSUPERSCRIPT]] +[[ADDOP]] ([[OPEN]] D[[UNKNOWN]] _{t}[[POSTSUBSCRIPT]] X[[UNKNOWN]] )[[CLOSE]] _{i}[[POSTSUBSCRIPT]] ([[OPEN]] D[[UNKNOWN]] _{t}[[POSTSUBSCRIPT]] X[[UNKNOWN]] )[[CLOSE]] _{i}[[POSTSUBSCRIPT]] -[[ADDOP]] ([[OPEN]] D[[UNKNOWN]] _{\sigma}[[POSTSUBSCRIPT]] X[[UNKNOWN]] )[[CLOSE]] _{i}[[POSTSUBSCRIPT]] ([[OPEN]] D[[UNKNOWN]] _{\sigma}[[POSTSUBSCRIPT]] X[[UNKNOWN]] )[[CLOSE]] _{i}[[POSTSUBSCRIPT]]
Warning:not_parsed:POSTSUBSCRIPT.UNKNOWN.POSTSUPERSCRIPT>CLOSE MathParser failed to match rule 'Anything'
	at 0303043.tex; line 542 col 10 - line 544 col 5
	In "$\displaystyle\tilde{F}\partial_{t}X^{+}\partial_{t}X^{+}-\tilde{F}\partial_{%
	\sigma}X^{+}\partial_{\sigma}X^{+}\Biggr{]}$"
	\tilde{F}[[UNKNOWN]] ∂[[OPERATOR]] _{t}[[POSTSUBSCRIPT]] X[[UNKNOWN]] ^{+}[[POSTSUPERSCRIPT]] ∂[[OPERATOR]] _{t}[[POSTSUBSCRIPT]] X[[UNKNOWN]] ^{+}[[POSTSUPERSCRIPT]] -[[ADDOP]] \tilde{F}[[UNKNOWN]] ∂[[OPERATOR]] _{\sigma}[[POSTSUBSCRIPT]] X[[UNKNOWN]] ^{+}[[POSTSUPERSCRIPT]] ∂[[OPERATOR]] _{\sigma}[[POSTSUBSCRIPT]] X[[UNKNOWN]] ^{+}[[POSTSUPERSCRIPT]]
	        > ][[CLOSE]]
Warning:not_parsed:UNKNOWN.POSTSUPERSCRIPT.POSTSUBSCRIPT>OPEN MathParser failed to match rule 'Anything'
	at 0303043.tex; line 630 col 4 - line 630 col 4
	In "$\displaystyle<X^{i,j+1}_{\pm n}|\hat{\Pi}^{i}_{n}|X^{i,j}_{\pm n}>=in\int dP^%
	{i,j}_{n}dP^{i,j^{\prime}}_{n}dP^{i,j}_{-n}dP^{i,j^{\prime}}_{-n}\Biggl{[}X^{i%
	,j}_{n}<X^{i,j+1}_{\pm n}|P^{i,j^{\prime}}_{\pm n}><P^{i,j^{\prime}}_{\pm n}|%
	\hat{P}^{i}_{-n}|P^{i,j}_{\pm n}><P^{i,j}_{\pm n}|X^{i,j}_{\pm n}>-X^{i,j}_{-n%
	}<X^{i,j+1}_{\pm n}|P^{i,j^{\prime}}_{\pm n}><P^{i,j^{\prime}}_{\pm n}|\hat{P}%
	^{i}_{n}|P^{i,j}_{\pm n}><P^{i,j}_{\pm n}|X^{i,j}_{\pm n}>\Biggl{]}=\frac{1}{(%
	2\pi)^{2}}\int dP^{i,j}_{n}dP^{i,j}_{-n}e^{iP^{i,j}_{-n}(X^{i,j+1}_{n}-X^{i,j}%
	_{n})}e^{iP^{i,j}_{n}(X^{i,j+1}_{-n}-X^{i,j}_{-n})}\Pi^{i}_{n}(P^{i,j}_{\pm n}%
	,X^{i,j}_{\pm n})\@@ENDINLINEMATH"
	<[[RELOP]] X[[UNKNOWN]] ^{i,j+1}[[POSTSUPERSCRIPT]] _{\pmn}[[POSTSUBSCRIPT]] |[[VERTBAR]] \hat{\Pi}[[UNKNOWN]] ^{i}[[POSTSUPERSCRIPT]] _{n}[[POSTSUBSCRIPT]] |[[VERTBAR]] X[[UNKNOWN]] ^{i,j}[[POSTSUPERSCRIPT]] _{\pmn}[[POSTSUBSCRIPT]] >[[RELOP]] =[[RELOP]] i[[UNKNOWN]] n[[UNKNOWN]] ∫[[INTOP]] d[[UNKNOWN]] P[[UNKNOWN]] ^{i,j}[[POSTSUPERSCRIPT]] _{n}[[POSTSUBSCRIPT]] d[[UNKNOWN]] P[[UNKNOWN]] ^{i,j^{\prime}}[[POSTSUPERSCRIPT]] _{n}[[POSTSUBSCRIPT]] d[[UNKNOWN]] P[[UNKNOWN]] ^{i,j}[[POSTSUPERSCRIPT]] _{-n}[[POSTSUBSCRIPT]] d[[UNKNOWN]] P[[UNKNOWN]] ^{i,j^{\prime}}[[POSTSUPERSCRIPT]] _{-n}[[POSTSUBSCRIPT]]
	        > [[[OPEN]] X[[UNKNOWN]] ^{i,j}[[POSTSUPERSCRIPT]] _{n}[[POSTSUBSCRIPT]] <[[RELOP]] X[[UNKNOWN]] ^{i,j+1}[[POSTSUPERSCRIPT]] _{\pmn}[[POSTSUBSCRIPT]] |[[VERTBAR]] P[[UNKNOWN]] ^{i,j^{\prime}}[[POSTSUPERSCRIPT]] _{\pmn}[[POSTSUBSCRIPT]] >[[RELOP]] <[[RELOP]] P[[UNKNOWN]] ^{i,j^{\prime}}[[POSTSUPERSCRIPT]] _{\pmn}[[POSTSUBSCRIPT]] |[[VERTBAR]] \hat{P}[[UNKNOWN]] ^{i}[[POSTSUPERSCRIPT]] _{-n}[[POSTSUBSCRIPT]] |[[VERTBAR]] P[[UNKNOWN]] ^{i,j}[[POSTSUPERSCRIPT]] _{\pmn}[[POSTSUBSCRIPT]] >[[RELOP]] <[[RELOP]] P[[UNKNOWN]] ^{i,j}[[POSTSUPERSCRIPT]] _{\pmn}[[POSTSUBSCRIPT]] |[[VERTBAR]] X[[UNKNOWN]] ^{i,j}[[POSTSUPERSCRIPT]] _{\pmn}[[POSTSUBSCRIPT]] >[[RELOP]] -[[ADDOP]] X[[UNKNOWN]] ^{i,j}[[POSTSUPERSCRIPT]] _{-n}[[POSTSUBSCRIPT]] <[[RELOP]] X[[UNKNOWN]] ^{i,j+1}[[POSTSUPERSCRIPT]] _{\pmn}[[POSTSUBSCRIPT]] |[[VERTBAR]] P[[UNKNOWN]] ^{i,j^{\prime}}[[POSTSUPERSCRIPT]] _{\pmn}[[POSTSUBSCRIPT]] >[[RELOP]] <[[RELOP]] P[[UNKNOWN]] ^{i,j^{\prime}}[[POSTSUPERSCRIPT]] ...
Warning:not_parsed:>OPEN MathParser failed to match rule 'Anything'
	at 0303043.tex; line 631 col 9 - line 634 col 1
	In "$\displaystyle\Biggl{[}X^{i,j}_{n}<X^{i,j+1}_{\pm n}|P^{i,j^{\prime}}_{\pm n}>%
	<P^{i,j^{\prime}}_{\pm n}|\hat{P}^{i}_{-n}|P^{i,j}_{\pm n}><P^{i,j}_{\pm n}|X^%
	{i,j}_{\pm n}>$"
	> [[[OPEN]] X[[UNKNOWN]] ^{i,j}[[POSTSUPERSCRIPT]] _{n}[[POSTSUBSCRIPT]] <[[RELOP]] X[[UNKNOWN]] ^{i,j+1}[[POSTSUPERSCRIPT]] _{\pmn}[[POSTSUBSCRIPT]] |[[VERTBAR]] P[[UNKNOWN]] ^{i,j^{\prime}}[[POSTSUPERSCRIPT]] _{\pmn}[[POSTSUBSCRIPT]] >[[RELOP]] <[[RELOP]] P[[UNKNOWN]] ^{i,j^{\prime}}[[POSTSUPERSCRIPT]] _{\pmn}[[POSTSUBSCRIPT]] |[[VERTBAR]] \hat{P}[[UNKNOWN]] ^{i}[[POSTSUPERSCRIPT]] _{-n}[[POSTSUBSCRIPT]] |[[VERTBAR]] P[[UNKNOWN]] ^{i,j}[[POSTSUPERSCRIPT]] _{\pmn}[[POSTSUBSCRIPT]] >[[RELOP]] <[[RELOP]] P[[UNKNOWN]] ^{i,j}[[POSTSUPERSCRIPT]] _{\pmn}[[POSTSUBSCRIPT]] |[[VERTBAR]] X[[UNKNOWN]] ^{i,j}[[POSTSUPERSCRIPT]] _{\pmn}[[POSTSUBSCRIPT]] >[[RELOP]]
Warning:not_parsed:UNKNOWN.POSTSUPERSCRIPT.POSTSUBSCRIPT>RELOP MathParser failed to match rule 'Anything'
	at 0303043.tex; line 634 col 5 - line 637 col 1
	In "$\displaystyle X^{i,j}_{-n}<X^{i,j+1}_{\pm n}|P^{i,j^{\prime}}_{\pm n}><P^{i,j%
	^{\prime}}_{\pm n}|\hat{P}^{i}_{n}|P^{i,j}_{\pm n}><P^{i,j}_{\pm n}|X^{i,j}_{%
	\pm n}>\Biggl{]}$"
	X[[UNKNOWN]] ^{i,j}[[POSTSUPERSCRIPT]] _{-n}[[POSTSUBSCRIPT]] <[[RELOP]] X[[UNKNOWN]] ^{i,j+1}[[POSTSUPERSCRIPT]] _{\pmn}[[POSTSUBSCRIPT]] |[[VERTBAR]] P[[UNKNOWN]] ^{i,j^{\prime}}[[POSTSUPERSCRIPT]] _{\pmn}[[POSTSUBSCRIPT]]
	        > >[[RELOP]] <[[RELOP]] P[[UNKNOWN]] ^{i,j^{\prime}}[[POSTSUPERSCRIPT]] _{\pmn}[[POSTSUBSCRIPT]] |[[VERTBAR]] \hat{P}[[UNKNOWN]] ^{i}[[POSTSUPERSCRIPT]] _{n}[[POSTSUBSCRIPT]] |[[VERTBAR]] P[[UNKNOWN]] ^{i,j}[[POSTSUPERSCRIPT]] _{\pmn}[[POSTSUBSCRIPT]] >[[RELOP]] <[[RELOP]] P[[UNKNOWN]] ^{i,j}[[POSTSUPERSCRIPT]] _{\pmn}[[POSTSUBSCRIPT]] |[[VERTBAR]] X[[UNKNOWN]] ^{i,j}[[POSTSUPERSCRIPT]] _{\pmn}[[POSTSUBSCRIPT]] >[[RELOP]] ][[OPEN]]
 41.01 sec)
Math parsing succeeded:
   ltx:XMath: 466/490
   ltx:XMArg: 4620/4624
Symbols assumed as simple identifiers (with # of occurences):
   'A{italic}' (163), 'C{italic}' (26), 'Delta' (18), 'D{italic}' (59), 'F{italic}' (28), 'Gamma' (6), 'G{italic}' (4), 'H{italic}' (52), 'K{italic}' (4), 'L{italic}' (6), 'M{italic}' (6), 'O{italic}' (4), 'Phi' (33), 'Pi' (13), 'P{caligraphic}' (116), 'P{italic}' (182), 'S{italic}' (30), 'Theta' (4), 'T{italic}' (2), 'U{italic}' (1), 'W{italic}' (54), 'X{italic}' (590), 'Z{caligraphic}' (2), 'Z{italic}' (106), 'alpha' (29), 'a{italic}' (94), 'b{italic}' (21), 'c{italic}' (65), 'delta' (42), 'd{italic}' (209), 'epsilon' (6), 'eta' (11), 'e{italic}' (178), 'f{italic}' (14), 'g{italic}' (3), 'h{italic}' (25), 'i{italic}' (485), 'j{italic}' (298), 'lambda' (19), 'l{italic}' (10), 'mu' (8), 'm{italic}' (28), 'nu' (18), 'n{italic}' (505), 'omega' (23), 'o{italic}' (8), 'phi' (36), 'pi' (277), 'p{italic}' (248), 'q{italic}' (4), 'rho' (24), 'r{italic}' (3), 'sigma' (97), 's{italic}' (26), 'tau' (295), 'theta' (5), 't{italic}' (138), 'u{italic}' (4), 'zeta' (4), 'z{italic}' (4)
Set MATHPARSER_SPECULATE to speculate on possible notations.
(Finalizing... 3.36 sec)
Conversion complete 33 warnings; 1 missing file[graphpap.sty] (See /home/user/latex-in-arxiv/0303043.latexml.log) (reqd. 1m 9.81s)
