latexml (LaTeXML version 0.8.6) processing 2003/0303218.tex
(Digesting TeX 0303218...
(Loading /usr/share/perl5/LaTeXML/Package/TeX.pool.ltxml...
(Loading /usr/share/perl5/LaTeXML/Package/eTeX.pool.ltxml... 0.00 sec)
(Loading /usr/share/perl5/LaTeXML/Package/pdfTeX.pool.ltxml... 0.01 sec) 0.12 sec)
(Processing content /home/user/latex-in-arxiv/2003/0303218.tex...
(Loading /usr/share/perl5/LaTeXML/Package/LaTeX.pool.ltxml...
(Loading /usr/share/perl5/LaTeXML/Package/textcomp.sty.ltxml...
(Processing definitions /usr/share/texlive/texmf-dist/tex/latex-dev/base/ts1enc.dfu... 0.03 sec) 0.98 sec) 1.15 sec)
(Loading /usr/share/perl5/LaTeXML/Package/article.cls.ltxml... 0.01 sec)
(Loading /usr/share/perl5/LaTeXML/Package/amsfonts.sty.ltxml... 0.00 sec)
(Loading /usr/share/perl5/LaTeXML/Package/graphicx.sty.ltxml...
(Loading /usr/share/perl5/LaTeXML/Package/graphics.sty.ltxml... 0.01 sec) 0.03 sec)
(Loading /usr/share/perl5/LaTeXML/Package/amsmath.sty.ltxml...
(Loading /usr/share/perl5/LaTeXML/Package/amsbsy.sty.ltxml...
(Loading /usr/share/perl5/LaTeXML/Package/amsgen.sty.ltxml... 0.00 sec) 0.01 sec)
(Loading /usr/share/perl5/LaTeXML/Package/amstext.sty.ltxml... 0.01 sec)
(Loading /usr/share/perl5/LaTeXML/Package/amsopn.sty.ltxml... 0.01 sec) 0.06 sec)
(Loading /usr/share/perl5/LaTeXML/Package/latexsym.sty.ltxml... 0.00 sec)
Info:ignore:\title Ignoring redefinition of \title
	at 0303218.tex; line 8 col 0 - line 8 col 72
Info:ignore:\abstract Ignoring redefinition of \abstract
	at 0303218.tex; line 25 col 0 - line 25 col 1
 9.13 sec) 9.31 sec)
(Building...
(Loading compiled schema /usr/share/perl5/LaTeXML/resources/RelaxNG/LaTeXML.model... 0.01 sec)
Info:malformed:id Duplicated attribute xml:id
	at 0303218.tex; line 157 col 50 - line 157 col 50
	Using id='footnote1a' on <ltx:note _font="Font[serif,medium,upright,10,b..." mark="#" role="footnote"/>
	id='footnote1' already set on <ltx:note _font="Font[serif,medium,upright,10,b..." mark="*" role="footnote" xml:id="footnote1" _box="LaTeXML::Core::Whatsit=HASH(0x...">...
 17.77 sec)
(Rewriting... 0.47 sec)
(Math Parsing 2920 formulae ......
Warning:not_parsed:ATOM>PUNCT MathParser failed to match rule 'Anything'
	at 0303218.tex; line 249 col 0 - line 249 col 74
	In "\begin{equation}\hbox{Lattice polytopes}\quad\to\quad{\hbox{Toric geometry}%
	\quad\atop\hbox{Kac-Moody algebras}}\quad\to\quad\hbox{String theory.}\end{equation}"
	\hbox{Toric geometry}[[UNKNOWN]]
	        > \hbox{Toric geometry}\quad\atop\hbox{Kac-Moody algebras}[[PUNCT]]
 21.91 sec)
Math parsing succeeded:
   ltx:XMath: 2920/2920
   ltx:XMArg: 866/867
Symbols assumed as simple identifiers (with # of occurences):
   'A{italic}' (29), 'B{italic}' (57), 'C{blackboard}' (3), 'C{italic}' (41), 'Delta' (12), 'Diamond' (47), 'D{italic}' (138), 'E{italic}' (112), 'F{italic}' (85), 'G{italic}' (23), 'K{italic}' (10), 'L{italic}' (4), 'M{caligraphic}' (3), 'M{italic}' (17), 'N{italic}' (15), 'O{italic}' (1), 'P{blackboard}' (7), 'P{italic}' (5), 'R{blackboard}' (6), 'S{italic}' (12), 'T{italic}' (1), 'U{italic}' (1), 'V{italic}' (2), 'W{italic}' (9), 'Z{blackboard}' (13), 'a{italic}' (15), 'b{italic}' (32), 'c{italic}' (2), 'i{italic}' (438), 'j{italic}' (6), 'k{italic}' (4), 'lambda' (4), 'l{italic}' (9), 'mu' (1), 'm{italic}' (2), 'nu' (1), 'n{italic}' (14), 'pi' (4), 'p{italic}' (36), 'q{italic}' (2), 'r{italic}' (2), 'u{italic}' (20), 'v{italic}' (60), 'w{italic}' (19), 'x{italic}' (28), 'y{italic}' (23), 'z{italic}' (206)
Set MATHPARSER_SPECULATE to speculate on possible notations.
(Finalizing... 3.00 sec)
Conversion complete 1 warning (See /home/user/latex-in-arxiv/0303218.latexml.log) (reqd. 54.33s)
