latexml (LaTeXML version 0.8.6) processing 2003/0303140.tex
(Digesting TeX 0303140...
(Loading /usr/share/perl5/LaTeXML/Package/TeX.pool.ltxml...
(Loading /usr/share/perl5/LaTeXML/Package/eTeX.pool.ltxml... 0.01 sec)
(Loading /usr/share/perl5/LaTeXML/Package/pdfTeX.pool.ltxml... 0.01 sec) 0.25 sec)
(Processing content /home/user/latex-in-arxiv/2003/0303140.tex...
(Loading /usr/share/perl5/LaTeXML/Package/LaTeX.pool.ltxml...
(Loading /usr/share/perl5/LaTeXML/Package/textcomp.sty.ltxml...
(Processing definitions /usr/share/texlive/texmf-dist/tex/latex-dev/base/ts1enc.dfu... 0.05 sec) 1.91 sec) 2.27 sec)
(Loading /usr/share/perl5/LaTeXML/Package/article.cls.ltxml... 0.02 sec)
(Loading /usr/share/perl5/LaTeXML/Package/cite.sty.ltxml... 0.00 sec)
(Loading /usr/share/perl5/LaTeXML/Package/amssymb.sty.ltxml...
(Loading /usr/share/perl5/LaTeXML/Package/amsfonts.sty.ltxml... 0.00 sec) 0.04 sec)
Info:unexpected:titlepage When using titlepage, Frontmatter will not be well-structured
	at 0303140.tex; line 43 col 0 - line 43 col 17
 8.36 sec) 8.66 sec)
(Building...
(Loading compiled schema /usr/share/perl5/LaTeXML/resources/RelaxNG/LaTeXML.model... 0.01 sec) 8.29 sec)
(Rewriting... 0.23 sec)
(Math Parsing 431 formulae ......
Warning:not_parsed:POSTSUBSCRIPT.RELOP.ATOM>OPEN MathParser failed to match rule 'Anything'
	at 0303140.tex; line 322 col 0 - line 325 col 14
	In "\begin{equation}R_{MN}=\frac{1}{12}\left(F_{MPQR}F_{N}{}^{PQR}-\frac{1}{12}g_{%
	MN}F^{PQRS}F_{PQRS}\right)\end{equation}"
	R[[UNKNOWN]] _{MN}[[POSTSUBSCRIPT]] =[[RELOP]] \frac{1}{12}[[UNKNOWN]]
	        > \left([[OPEN]] F[[UNKNOWN]] _{MPQR}[[POSTSUBSCRIPT]] F[[UNKNOWN]] _{N}[[POSTSUBSCRIPT]] {}^{PQR}[[FLOATSUPERSCRIPT]] -[[ADDOP]] \frac{1}{12}[[UNKNOWN]] g[[UNKNOWN]] _{MN}[[POSTSUBSCRIPT]] F[[UNKNOWN]] ^{PQRS}[[POSTSUPERSCRIPT]] F[[UNKNOWN]] _{PQRS}[[POSTSUBSCRIPT]] \right)[[CLOSE]]
Warning:not_parsed:POSTSUBSCRIPT.ADDOP.ATOM>OPEN MathParser failed to match rule 'Anything'
	at 0303140.tex; line 344 col 0 - line 349 col 14
	In "\begin{equation}{\tilde{D}}_{M}=D_{M}-\frac{1}{288}(\Gamma_{M}{}^{NPQR}-8%
	\delta_{M}^{N}\Gamma^{PQR})F_{NPQR},\end{equation}"
	\tilde{D}[[UNKNOWN]] _{M}[[POSTSUBSCRIPT]] =[[RELOP]] D[[UNKNOWN]] _{M}[[POSTSUBSCRIPT]] -[[ADDOP]] \frac{1}{288}[[UNKNOWN]]
	        > ([[OPEN]] Γ[[UNKNOWN]] _{M}[[POSTSUBSCRIPT]] {}^{NPQR}[[FLOATSUPERSCRIPT]] -[[ADDOP]] 8[[NUMBER]] δ[[UNKNOWN]] _{M}[[POSTSUBSCRIPT]] ^{N}[[POSTSUPERSCRIPT]] Γ[[UNKNOWN]] ^{PQR}[[POSTSUPERSCRIPT]] )[[CLOSE]] F[[UNKNOWN]] _{NPQR}[[POSTSUBSCRIPT]]
Warning:not_parsed:UNKNOWN.POSTSUBSCRIPT>FLOATSUPERSCRIPT MathParser failed to match rule 'Anything'
	at 0303140.tex; line 376 col 8 - line 376 col 21
	In "$R_{MN}{}^{AB}$"
	R[[UNKNOWN]] _{MN}[[POSTSUBSCRIPT]]
	        > {}^{AB}[[FLOATSUPERSCRIPT]]
Warning:not_parsed:ATOM.UNKNOWN.POSTSUPERSCRIPT>OPEN MathParser failed to match rule 'Anything'
	at 0303140.tex; line 516 col 0 - line 520 col 14
	In "\begin{equation}\delta\lambda_{i}=-{\textstyle{\frac{1}{2}}}\gamma^{\mu}[P_{%
	\mu\,ij}\Gamma^{j}-{\textstyle{\frac{1}{36}}}(\Gamma_{i}{}^{jkl}-6\delta_{i}^{%
	j}\Gamma^{kl})\partial_{\mu}\phi_{jkl}]\epsilon.\end{equation}"
	δ[[UNKNOWN]] λ[[UNKNOWN]] _{i}[[POSTSUBSCRIPT]] =[[RELOP]] -[[ADDOP]] \frac{1}{2}[[UNKNOWN]] γ[[UNKNOWN]] ^{\mu}[[POSTSUPERSCRIPT]]
	        > [[[OPEN]] P[[UNKNOWN]] _{\mu\,ij}[[POSTSUBSCRIPT]] Γ[[UNKNOWN]] ^{j}[[POSTSUPERSCRIPT]] -[[ADDOP]] \frac{1}{36}[[UNKNOWN]] ([[OPEN]] Γ[[UNKNOWN]] _{i}[[POSTSUBSCRIPT]] {}^{jkl}[[FLOATSUPERSCRIPT]] -[[ADDOP]] 6[[NUMBER]] δ[[UNKNOWN]] _{i}[[POSTSUBSCRIPT]] ^{j}[[POSTSUPERSCRIPT]] Γ[[UNKNOWN]] ^{kl}[[POSTSUPERSCRIPT]] )[[CLOSE]] ∂[[OPERATOR]] _{\mu}[[POSTSUBSCRIPT]] ϕ[[UNKNOWN]] _{jkl}[[POSTSUBSCRIPT]] ][[CLOSE]] ϵ[[UNKNOWN]]
Warning:not_parsed:UNKNOWN>OPEN MathParser failed to match rule 'Superscript'
	at 0303140.tex; line 530 col 20 - line 530 col 20
	In "$\displaystyle Q^{ab}_{\mu}=e^{i[a}\partial_{\mu}e_{i}{}^{b]},\qquad P_{\mu\,%
	ij}=e_{(i}^{a}\partial_{\mu}e_{j)\,a}.\@@ENDINLINEMATH"
	i[[UNKNOWN]]
	        > [[[OPEN]] a[[UNKNOWN]]
Warning:not_parsed:UNKNOWN>CLOSE MathParser failed to match rule 'Superscript'
	at 0303140.tex; line 530 col 43 - line 530 col 43
	b[[UNKNOWN]]
	        > ][[CLOSE]]
Warning:not_parsed:OPEN.UNKNOWN> MathParser failed to match rule 'Subscript'
	at 0303140.tex; line 531 col 18 - line 531 col 18
	([[OPEN]] i[[UNKNOWN]]
	        > 
Warning:not_parsed:UNKNOWN>CLOSE MathParser failed to match rule 'Subscript'
	at 0303140.tex; line 531 col 42 - line 531 col 42
	j[[UNKNOWN]]
	        > )[[CLOSE]] a[[UNKNOWN]]
Warning:not_parsed:POSTSUBSCRIPT.UNKNOWN.POSTSUBSCRIPT>FLOATSUPERSCRIPT MathParser failed to match rule 'Anything'
	at 0303140.tex; line 530 col 3 - line 530 col 3
	Q[[UNKNOWN]] ^{ab}[[POSTSUPERSCRIPT]] _{\mu}[[POSTSUBSCRIPT]] =[[RELOP]] e[[UNKNOWN]] ^{i[a}[[POSTSUPERSCRIPT]] ∂[[OPERATOR]] _{\mu}[[POSTSUBSCRIPT]] e[[UNKNOWN]] _{i}[[POSTSUBSCRIPT]]
	        > {}^{b]}[[FLOATSUPERSCRIPT]] ,[[PUNCT]] P[[UNKNOWN]] _{\mu\,ij}[[POSTSUBSCRIPT]] =[[RELOP]] e[[UNKNOWN]] _{(i}[[POSTSUBSCRIPT]] ^{a}[[POSTSUPERSCRIPT]] ∂[[OPERATOR]] _{\mu}[[POSTSUBSCRIPT]] e[[UNKNOWN]] _{j)\,a}[[POSTSUBSCRIPT]]
Warning:not_parsed:UNKNOWN>OPEN MathParser failed to match rule 'Superscript'
	at 0303140.tex; line 530 col 20 - line 530 col 20
	In "$\displaystyle Q^{ab}_{\mu}=e^{i[a}\partial_{\mu}e_{i}{}^{b]},\qquad P_{\mu\,%
	ij}=e_{(i}^{a}\partial_{\mu}e_{j)\,a}.$"
	i[[UNKNOWN]]
	        > [[[OPEN]] a[[UNKNOWN]]
Warning:not_parsed:UNKNOWN>CLOSE MathParser failed to match rule 'Superscript'
	at 0303140.tex; line 530 col 43 - line 530 col 43
	b[[UNKNOWN]]
	        > ][[CLOSE]]
Warning:not_parsed:OPEN.UNKNOWN> MathParser failed to match rule 'Subscript'
	at 0303140.tex; line 531 col 18 - line 531 col 18
	([[OPEN]] i[[UNKNOWN]]
	        > 
Warning:not_parsed:UNKNOWN>CLOSE MathParser failed to match rule 'Subscript'
	at 0303140.tex; line 531 col 42 - line 531 col 42
	j[[UNKNOWN]]
	        > )[[CLOSE]] a[[UNKNOWN]]
Warning:not_parsed:POSTSUBSCRIPT.UNKNOWN.POSTSUBSCRIPT>FLOATSUPERSCRIPT MathParser failed to match rule 'Anything'
	at 0303140.tex; line 530 col 3 - line 532 col 14
	Q[[UNKNOWN]] ^{ab}[[POSTSUPERSCRIPT]] _{\mu}[[POSTSUBSCRIPT]] =[[RELOP]] e[[UNKNOWN]] ^{i[a}[[POSTSUPERSCRIPT]] ∂[[OPERATOR]] _{\mu}[[POSTSUBSCRIPT]] e[[UNKNOWN]] _{i}[[POSTSUBSCRIPT]]
	        > {}^{b]}[[FLOATSUPERSCRIPT]] ,[[PUNCT]] P[[UNKNOWN]] _{\mu\,ij}[[POSTSUBSCRIPT]] =[[RELOP]] e[[UNKNOWN]] _{(i}[[POSTSUBSCRIPT]] ^{a}[[POSTSUPERSCRIPT]] ∂[[OPERATOR]] _{\mu}[[POSTSUBSCRIPT]] e[[UNKNOWN]] _{j)\,a}[[POSTSUBSCRIPT]]
Warning:not_parsed:UNKNOWN.POSTSUBSCRIPT>FLOATSUPERSCRIPT MathParser failed to match rule 'Anything'
	at 0303140.tex; line 610 col 10 - line 610 col 19
	In "$g_{\mu}{}^{i}$"
	g[[UNKNOWN]] _{\mu}[[POSTSUBSCRIPT]]
	        > {}^{i}[[FLOATSUPERSCRIPT]]
Warning:not_parsed:POSTSUBSCRIPT.ADDOP.ATOM>OPEN MathParser failed to match rule 'Anything'
	at 0303140.tex; line 619 col 0 - line 624 col 14
	In "\begin{equation}\Omega_{\mu}^{(d=2)}=\omega_{\mu}{}^{\alpha\beta}\gamma_{%
	\alpha\beta}+Q_{\mu}{}^{ab}\Gamma_{ab}+{\textstyle{\frac{1}{9}}}(\delta_{\mu}^%
	{\nu}-{\textstyle{\frac{1}{2}}}\gamma_{\mu}{}^{\nu})e^{ia}e^{jb}e^{kc}\partial%
	_{\nu}\phi_{ijk}\Gamma_{abc},\end{equation}"
	Ω[[UNKNOWN]] _{\mu}[[POSTSUBSCRIPT]] ^{(d=2)}[[POSTSUPERSCRIPT]] =[[RELOP]] ω[[UNKNOWN]] _{\mu}[[POSTSUBSCRIPT]] {}^{\alpha\beta}[[FLOATSUPERSCRIPT]] γ[[UNKNOWN]] _{\alpha\beta}[[POSTSUBSCRIPT]] +[[ADDOP]] Q[[UNKNOWN]] _{\mu}[[POSTSUBSCRIPT]] {}^{ab}[[FLOATSUPERSCRIPT]] Γ[[UNKNOWN]] _{ab}[[POSTSUBSCRIPT]] +[[ADDOP]] \frac{1}{9}[[UNKNOWN]]
	        > ([[OPEN]] δ[[UNKNOWN]] _{\mu}[[POSTSUBSCRIPT]] ^{\nu}[[POSTSUPERSCRIPT]] -[[ADDOP]] \frac{1}{2}[[UNKNOWN]] γ[[UNKNOWN]] _{\mu}[[POSTSUBSCRIPT]] {}^{\nu}[[FLOATSUPERSCRIPT]] )[[CLOSE]] e[[UNKNOWN]] ^{ia}[[POSTSUPERSCRIPT]] e[[UNKNOWN]] ^{jb}[[POSTSUPERSCRIPT]] e[[UNKNOWN]] ^{kc}[[POSTSUPERSCRIPT]] ∂[[OPERATOR]] _{\nu}[[POSTSUBSCRIPT]] ϕ[[UNKNOWN]] _{ijk}[[POSTSUBSCRIPT]] Γ[[UNKNOWN]] _{abc}[[POSTSUBSCRIPT]]
Warning:not_parsed:UNKNOWN.POSTSUBSCRIPT>FLOATSUPERSCRIPT MathParser failed to match rule 'Anything'
	at 0303140.tex; line 634 col 27 - line 634 col 39
	In "$Q_{\mu}{}^{ab}$"
	Q[[UNKNOWN]] _{\mu}[[POSTSUBSCRIPT]]
	        > {}^{ab}[[FLOATSUPERSCRIPT]]
 15.72 sec)
Math parsing succeeded:
   ltx:XMArg: 414/422
   ltx:XMath: 422/431
   ltx:XMWrap: 1/1
Symbols assumed as simple identifiers (with # of occurences):
   'A{italic}' (13), 'B{italic}' (9), 'C{italic}' (4), 'Delta' (7), 'D{italic}' (24), 'E' (4), 'E{italic}' (3), 'F{italic}' (31), 'G' (2), 'Gamma' (74), 'G{caligraphic}' (18), 'G{italic}' (31), 'H{caligraphic}' (5), 'H{italic}' (5), 'ISO' (20), 'M{italic}' (9), 'N{italic}' (12), 'Omega' (12), 'O{italic}' (4), 'Psi' (8), 'P{italic}' (14), 'Q{italic}' (18), 'R' (31), 'R{italic}' (13), 'SO' (107), 'SU' (24), 'Sp' (3), 'Spin' (13), 'S{italic}' (10), 'U' (2), 'USp' (3), 'U{italic}' (2), 'alpha' (6), 'a{italic}' (42), 'beta' (6), 'b{italic}' (26), 'c{italic}' (18), 'delta' (11), 'd{italic}' (94), 'epsilon' (18), 'e{italic}' (70), 'gamma' (13), 'g{italic}' (10), 'i{italic}' (57), 'j{italic}' (22), 'k{italic}' (31), 'lambda' (5), 'l{italic}' (49), 'mu' (7), 'm{italic}' (9), 'nu' (9), 'n{italic}' (31), 'omega' (6), 'o{italic}' (4), 'phi' (7), 'psi' (4), 'p{italic}' (13), 'rho' (7), 'sigma' (5), 's{italic}' (11), 't{italic}' (9), 'u{italic}' (9), 'v{italic}' (4)
Set MATHPARSER_SPECULATE to speculate on possible notations.
(Finalizing... 1.24 sec)
Conversion complete 17 warnings (See /home/user/latex-in-arxiv/0303140.latexml.log) (reqd. 35.11s)
