latexml (LaTeXML version 0.8.6) processing 2003/0303177.tex
(Digesting TeX 0303177...
(Loading /usr/share/perl5/LaTeXML/Package/TeX.pool.ltxml...
(Loading /usr/share/perl5/LaTeXML/Package/eTeX.pool.ltxml... 0.00 sec)
(Loading /usr/share/perl5/LaTeXML/Package/pdfTeX.pool.ltxml... 0.01 sec) 0.11 sec)
(Processing content /home/user/latex-in-arxiv/2003/0303177.tex...
(Loading /usr/share/perl5/LaTeXML/Package/LaTeX.pool.ltxml...
(Loading /usr/share/perl5/LaTeXML/Package/textcomp.sty.ltxml...
(Processing definitions /usr/share/texlive/texmf-dist/tex/latex-dev/base/ts1enc.dfu... 0.02 sec) 0.99 sec) 1.15 sec)
(Loading /usr/share/perl5/LaTeXML/Package/revtex4.cls.ltxml...
(Loading /usr/share/perl5/LaTeXML/Package/article.cls.ltxml... 0.01 sec)
(Loading /usr/share/perl5/LaTeXML/Package/revtex4_support.sty.ltxml...
(Loading /usr/share/perl5/LaTeXML/Package/hyperref.sty.ltxml...
(Loading /usr/share/perl5/LaTeXML/Package/keyval.sty.ltxml...
(Processing definitions /usr/share/texlive/texmf-dist/tex/latex-dev/graphics/keyval.sty... 0.01 sec) 0.01 sec)
(Loading /usr/share/perl5/LaTeXML/Package/nameref.sty.ltxml... 0.00 sec)
(Loading /usr/share/perl5/LaTeXML/Package/url.sty.ltxml... 0.00 sec) 0.05 sec)
(Loading /usr/share/perl5/LaTeXML/Package/natbib.sty.ltxml... 0.01 sec)
(Loading /usr/share/perl5/LaTeXML/Package/revsymb.sty.ltxml... 0.00 sec)
(Loading /usr/share/perl5/LaTeXML/Package/longtable.sty.ltxml... 0.00 sec)
(Loading /usr/share/perl5/LaTeXML/Package/dcolumn.sty.ltxml...
(Loading /usr/share/perl5/LaTeXML/Package/array.sty.ltxml... 0.00 sec) 0.01 sec) 0.10 sec) 0.41 sec)
Warning:missing_file:feynmp Can't find binding for package feynmp
	at 0303177.tex; line 3 col 11 - line 3 col 11
	Anticipate undefined macros or environments
	search paths are /home/user/latex-in-arxiv/2003, /home/user/latex-in-arxiv
	In Core::Definition::Constructor[\usepac... /usr/share/perl5/LaTeXML/Package/LaTeX.pool.ltxml; line 806
Info:dependencies:dependencies Loading dependencies for /usr/share/texmf/tex/latex/feynmf/feynmp.sty: graphics
	at 0303177.tex; line 3 col 11 - line 3 col 11
(Loading /usr/share/perl5/LaTeXML/Package/graphics.sty.ltxml... 0.02 sec)
(Loading /usr/share/perl5/LaTeXML/Package/epsf.sty.ltxml... 0.00 sec)
(Loading /usr/share/perl5/LaTeXML/Package/psfig.sty.ltxml...
(Loading /usr/share/perl5/LaTeXML/Package/epsfig.sty.ltxml...
(Loading /usr/share/perl5/LaTeXML/Package/graphicx.sty.ltxml... 0.01 sec) 0.01 sec) 0.01 sec)
(Loading /usr/share/perl5/LaTeXML/Package/amsmath.sty.ltxml...
(Loading /usr/share/perl5/LaTeXML/Package/amsbsy.sty.ltxml...
(Loading /usr/share/perl5/LaTeXML/Package/amsgen.sty.ltxml... 0.00 sec) 0.01 sec)
(Loading /usr/share/perl5/LaTeXML/Package/amstext.sty.ltxml... 0.00 sec)
(Loading /usr/share/perl5/LaTeXML/Package/amsopn.sty.ltxml... 0.01 sec) 0.04 sec)
Warning:missing_file:supercite Can't find binding for package supercite
	at 0303177.tex; line 6 col 11 - line 6 col 11
	Anticipate undefined macros or environments
	In Core::Definition::Constructor[\usepac... /usr/share/perl5/LaTeXML/Package/LaTeX.pool.ltxml; line 806
Error:undefined:{fmffile} The environment {fmffile} is not defined.
	at 0303177.tex; line 83 col 15 - line 83 col 15
	Next token is T_BEGIN[{] ( == T_BEGIN[{])
	In Core::Definition::Expandable[\begin {}] /usr/share/perl5/LaTeXML/Package/LaTeX.pool.ltxml; line 180
	 <= Core::Gullet[@0x55ace1bfc590] <= Core::Stomach[@0x55ace1bfc4d0] <= ...
Error:undefined:{fmfgraph*} The environment {fmfgraph*} is not defined.
	at 0303177.tex; line 290 col 17 - line 290 col 17
	Next token is T_OTHER[(] ( == T_OTHER[(]) more: 8,3)
\setval\fmfleft{v1}
\fmfright{v2}
\fmf{plain,width=0.2mm}{v2,v1}
\fmfv{decor.size=0, label=${\scs1}$, l.dist=1mm, l.angle=-180}{v1}
\fmfv{decor.size=0, label=${\scs2}$, l.dist=1mm, l.angle=0}{v2}
\end{fmfgraph*} 
	In Core::Definition::Expandable[\begin {}] /usr/share/perl5/LaTeXML/Package/LaTeX.pool.ltxml; line 180
	 <= Core::Gullet[@0x55ace1bfc590] <= Core::Stomach[@0x55ace1bfc4d0] <= Core::Definition::Constructor[\center... <= ...
Error:undefined:\fmfset The token T_CS[\fmfset] is not defined.
	at 0303177.tex; line 290 col 17 - line 290 col 17
	Defining it now as <ltx:ERROR/>
	Next token is T_BEGIN[{] ( == T_BEGIN[{]) more: wiggly_len}{1.5mm}\fmfset{arrow_len}{1.5mm}\fmfset{arrow_ang}{13}\fmfset{dash_len}{1.5mm}\fmfpen{0.125mm}\fmfset{dot_size}{1thick}\fmfleft{v1}
\fmfright{v2}
\fmf{plain,width=0.2mm}{v2,v1}
\fmfv{decor.size=0, label=${\scs1}$, l.dist=1mm, l.angle=-180}{v1}
\fmfv{decor.size=0, label=${\scs2}$, l.dist=1mm, l.angle=0}{v2}
\end{fmfgraph*} 
	In Core::Gullet[@0x55ace1bfc590] /home/user/latex-in-arxiv/2003/0303177.tex; from line 290 col 17 to line 290 col 17
	 <= Core::Stomach[@0x55ace1bfc4d0] <= Core::Definition::Constructor[\center... <= Core::Stomach[@0x55ace1bfc4d0] <= ...
Error:unexpected:_ Script _ can only appear in math mode
	at 0303177.tex; line 290 col 17 - line 290 col 17
	In Core::Definition::Primitive[Subscript] /usr/share/perl5/LaTeXML/Package/TeX.pool.ltxml; line 4061
	 <= Core::Stomach[@0x55ace1bfc4d0] <= Core::Definition::Primitive[Begin] <= Core::Stomach[@0x55ace1bfc4d0] <= ...
Error:unexpected:_ Script _ can only appear in math mode
	at 0303177.tex; line 290 col 17 - line 290 col 17
	In Core::Definition::Primitive[Subscript] /usr/share/perl5/LaTeXML/Package/TeX.pool.ltxml; line 4061
	 <= Core::Stomach[@0x55ace1bfc4d0] <= Core::Definition::Primitive[Begin] <= Core::Stomach[@0x55ace1bfc4d0] <= ...
Error:unexpected:_ Script _ can only appear in math mode
	at 0303177.tex; line 290 col 17 - line 290 col 17
	In Core::Definition::Primitive[Subscript] /usr/share/perl5/LaTeXML/Package/TeX.pool.ltxml; line 4061
	 <= Core::Stomach[@0x55ace1bfc4d0] <= Core::Definition::Primitive[Begin] <= Core::Stomach[@0x55ace1bfc4d0] <= ...
Error:unexpected:_ Script _ can only appear in math mode
	at 0303177.tex; line 290 col 17 - line 290 col 17
	In Core::Definition::Primitive[Subscript] /usr/share/perl5/LaTeXML/Package/TeX.pool.ltxml; line 4061
	 <= Core::Stomach[@0x55ace1bfc4d0] <= Core::Definition::Primitive[Begin] <= Core::Stomach[@0x55ace1bfc4d0] <= ...
Error:undefined:\fmfpen The token T_CS[\fmfpen] is not defined.
	at 0303177.tex; line 290 col 17 - line 290 col 17
	Defining it now as <ltx:ERROR/>
	Next token is T_BEGIN[{] ( == T_BEGIN[{]) more: 0.125mm}\fmfset{dot_size}{1thick}\fmfleft{v1}
\fmfright{v2}
\fmf{plain,width=0.2mm}{v2,v1}
\fmfv{decor.size=0, label=${\scs1}$, l.dist=1mm, l.angle=-180}{v1}
\fmfv{decor.size=0, label=${\scs2}$, l.dist=1mm, l.angle=0}{v2}
\end{fmfgraph*} 
	In Core::Gullet[@0x55ace1bfc590] /home/user/latex-in-arxiv/2003/0303177.tex; from line 290 col 17 to line 290 col 17
	 <= Core::Stomach[@0x55ace1bfc4d0] <= Core::Definition::Constructor[\center... <= Core::Stomach[@0x55ace1bfc4d0] <= ...
Error:unexpected:_ Script _ can only appear in math mode
	at 0303177.tex; line 290 col 17 - line 290 col 17
	In Core::Definition::Primitive[Subscript] /usr/share/perl5/LaTeXML/Package/TeX.pool.ltxml; line 4061
	 <= Core::Stomach[@0x55ace1bfc4d0] <= Core::Definition::Primitive[Begin] <= Core::Stomach[@0x55ace1bfc4d0] <= ...
Error:undefined:\fmfleft The token T_CS[\fmfleft] is not defined.
	at 0303177.tex; line 290 col 17 - line 290 col 17
	Defining it now as <ltx:ERROR/>
	Next token is T_BEGIN[{] ( == T_BEGIN[{]) more: v1}
\fmfright{v2}
\fmf{plain,width=0.2mm}{v2,v1}
\fmfv{decor.size=0, label=${\scs1}$, l.dist=1mm, l.angle=-180}{v1}
\fmfv{decor.size=0, label=${\scs2}$, l.dist=1mm, l.angle=0}{v2}
\end{fmfgraph*} 
	In Core::Gullet[@0x55ace1bfc590] /home/user/latex-in-arxiv/2003/0303177.tex; from line 290 col 17 to line 290 col 17
	 <= Core::Stomach[@0x55ace1bfc4d0] <= Core::Definition::Constructor[\center... <= Core::Stomach[@0x55ace1bfc4d0] <= ...
Error:undefined:\fmfright The token T_CS[\fmfright] is not defined.
	at 0303177.tex; line 290 col 17 - line 290 col 17
	Defining it now as <ltx:ERROR/>
	Next token is T_BEGIN[{] ( == T_BEGIN[{]) more: v2}
\fmf{plain,width=0.2mm}{v2,v1}
\fmfv{decor.size=0, label=${\scs1}$, l.dist=1mm, l.angle=-180}{v1}
\fmfv{decor.size=0, label=${\scs2}$, l.dist=1mm, l.angle=0}{v2}
\end{fmfgraph*} 
	In Core::Gullet[@0x55ace1bfc590] /home/user/latex-in-arxiv/2003/0303177.tex; from line 290 col 17 to line 290 col 17
	 <= Core::Stomach[@0x55ace1bfc4d0] <= Core::Definition::Constructor[\center... <= Core::Stomach[@0x55ace1bfc4d0] <= ...
Error:undefined:\fmf The token T_CS[\fmf] is not defined.
	at 0303177.tex; line 290 col 17 - line 290 col 17
	Defining it now as <ltx:ERROR/>
	Next token is T_BEGIN[{] ( == T_BEGIN[{]) more: plain,width=0.2mm}{v2,v1}
\fmfv{decor.size=0, label=${\scs1}$, l.dist=1mm, l.angle=-180}{v1}
\fmfv{decor.size=0, label=${\scs2}$, l.dist=1mm, l.angle=0}{v2}
\end{fmfgraph*} 
	In Core::Gullet[@0x55ace1bfc590] /home/user/latex-in-arxiv/2003/0303177.tex; from line 290 col 17 to line 290 col 17
	 <= Core::Stomach[@0x55ace1bfc4d0] <= Core::Definition::Constructor[\center... <= Core::Stomach[@0x55ace1bfc4d0] <= ...
Error:undefined:\fmfv The token T_CS[\fmfv] is not defined.
	at 0303177.tex; line 290 col 17 - line 290 col 17
	Defining it now as <ltx:ERROR/>
	Next token is T_BEGIN[{] ( == T_BEGIN[{]) more: decor.size=0, label=${\scs1}$, l.dist=1mm, l.angle=-180}{v1}
\fmfv{decor.size=0, label=${\scs2}$, l.dist=1mm, l.angle=0}{v2}
\end{fmfgraph*} 
	In Core::Gullet[@0x55ace1bfc590] /home/user/latex-in-arxiv/2003/0303177.tex; from line 290 col 17 to line 290 col 17
	 <= Core::Stomach[@0x55ace1bfc4d0] <= Core::Definition::Constructor[\center... <= Core::Stomach[@0x55ace1bfc4d0] <= ...
Error:undefined:{fmfgraph*} The environment {fmfgraph*} is not defined.
	at 0303177.tex; line 315 col 19 - line 315 col 19
	Next token is T_OTHER[(] ( == T_OTHER[(]) more: 4.5,4.5)
\setval\fmfforce{0w,0h}{v1}
\fmfforce{0w,1h}{v2}
\fmfforce{1w,1h}{v3}
\fmfforce{1w,0h}{v4}
\fmfforce{1/2w,1/2h}{v5}
\fmf{plain}{v1,v3}
\fmf{plain}{v2,v4}
\fmfv{decor.size=0, label=${\scs1}$, l.dist=1mm, l.angle=-135}{v1}
\fmfv{decor.size=0, label=${\scs2}$, l.dist=1mm, l.angle=135}{v2}
\fmfv{decor.size=0, label=${\scs3}$, l.dist=1mm, l.angle=45}{v3}
\fmfv{decor.size=0, label=${\scs4}$, l.dist=1mm, l.angle=-45}{v4}
\fmfdot{v5}
\end{fmfgraph*} 
	In Core::Definition::Expandable[\begin {}] /usr/share/perl5/LaTeXML/Package/LaTeX.pool.ltxml; line 180
	 <= Core::Gullet[@0x55ace1bfc590] <= Core::Stomach[@0x55ace1bfc4d0] <= Core::Definition::Constructor[\center... <= ...
Error:unexpected:_ Script _ can only appear in math mode
	at 0303177.tex; line 315 col 19 - line 315 col 19
	In Core::Definition::Primitive[Subscript] /usr/share/perl5/LaTeXML/Package/TeX.pool.ltxml; line 4061
	 <= Core::Stomach[@0x55ace1bfc4d0] <= Core::Definition::Primitive[Begin] <= Core::Stomach[@0x55ace1bfc4d0] <= ...
Error:unexpected:_ Script _ can only appear in math mode
	at 0303177.tex; line 315 col 19 - line 315 col 19
	In Core::Definition::Primitive[Subscript] /usr/share/perl5/LaTeXML/Package/TeX.pool.ltxml; line 4061
	 <= Core::Stomach[@0x55ace1bfc4d0] <= Core::Definition::Primitive[Begin] <= Core::Stomach[@0x55ace1bfc4d0] <= ...
Error:unexpected:_ Script _ can only appear in math mode
	at 0303177.tex; line 315 col 19 - line 315 col 19
	In Core::Definition::Primitive[Subscript] /usr/share/perl5/LaTeXML/Package/TeX.pool.ltxml; line 4061
	 <= Core::Stomach[@0x55ace1bfc4d0] <= Core::Definition::Primitive[Begin] <= Core::Stomach[@0x55ace1bfc4d0] <= ...
Error:unexpected:_ Script _ can only appear in math mode
	at 0303177.tex; line 315 col 19 - line 315 col 19
	In Core::Definition::Primitive[Subscript] /usr/share/perl5/LaTeXML/Package/TeX.pool.ltxml; line 4061
	 <= Core::Stomach[@0x55ace1bfc4d0] <= Core::Definition::Primitive[Begin] <= Core::Stomach[@0x55ace1bfc4d0] <= ...
Error:unexpected:_ Script _ can only appear in math mode
	at 0303177.tex; line 315 col 19 - line 315 col 19
	In Core::Definition::Primitive[Subscript] /usr/share/perl5/LaTeXML/Package/TeX.pool.ltxml; line 4061
	 <= Core::Stomach[@0x55ace1bfc4d0] <= Core::Definition::Primitive[Begin] <= Core::Stomach[@0x55ace1bfc4d0] <= ...
Error:undefined:\fmfforce The token T_CS[\fmfforce] is not defined.
	at 0303177.tex; line 315 col 19 - line 315 col 19
	Defining it now as <ltx:ERROR/>
	Next token is T_BEGIN[{] ( == T_BEGIN[{]) more: 0w,0h}{v1}
\fmfforce{0w,1h}{v2}
\fmfforce{1w,1h}{v3}
\fmfforce{1w,0h}{v4}
\fmfforce{1/2w,1/2h}{v5}
\fmf{plain}{v1,v3}
\fmf{plain}{v2,v4}
\fmfv{decor.size=0, label=${\scs1}$, l.dist=1mm, l.angle=-135}{v1}
\fmfv{decor.size=0, label=${\scs2}$, l.dist=1mm, l.angle=135}{v2}
\fmfv{decor.size=0, label=${\scs3}$, l.dist=1mm, l.angle=45}{v3}
\fmfv{decor.size=0, label=${\scs4}$, l.dist=1mm, l.angle=-45}{v4}
\fmfdot{v5}
\end{fmfgraph*} 
	In Core::Gullet[@0x55ace1bfc590] /home/user/latex-in-arxiv/2003/0303177.tex; from line 315 col 19 to line 315 col 19
	 <= Core::Stomach[@0x55ace1bfc4d0] <= Core::Definition::Constructor[\center... <= Core::Stomach[@0x55ace1bfc4d0] <= ...
Error:undefined:\fmfdot The token T_CS[\fmfdot] is not defined.
	at 0303177.tex; line 315 col 19 - line 315 col 19
	Defining it now as <ltx:ERROR/>
	Next token is T_BEGIN[{] ( == T_BEGIN[{]) more: v5}
\end{fmfgraph*} 
	In Core::Gullet[@0x55ace1bfc590] /home/user/latex-in-arxiv/2003/0303177.tex; from line 315 col 19 to line 315 col 19
	 <= Core::Stomach[@0x55ace1bfc4d0] <= Core::Definition::Constructor[\center... <= Core::Stomach[@0x55ace1bfc4d0] <= ...
Error:undefined:{fmfgraph*} The environment {fmfgraph*} is not defined.
	at 0303177.tex; line 343 col 19 - line 343 col 19
	Next token is T_OTHER[(] ( == T_OTHER[(]) more: 4.5,4.5)
\setval\fmfforce{0w,0h}{v1}
\fmfforce{0w,1h}{v2}
\fmfforce{1w,1h}{v3}
\fmfforce{1w,0h}{v4}
\fmfforce{1/2w,1/2h}{v5}
\fmf{plain}{v1,v3}
\fmf{plain}{v2,v4}
\fmfv{decor.size=0, label=${\scs1}$, l.dist=1mm, l.angle=-135}{v1}
\fmfv{decor.size=0, label=${\scs2}$, l.dist=1mm, l.angle=135}{v2}
\fmfv{decor.size=0, label=${\scs3}$, l.dist=1mm, l.angle=45}{v3}
\fmfv{decor.size=0, label=${\scs4}$, l.dist=1mm, l.angle=-45}{v4}
\fmfdot{v5}
\end{fmfgraph*} 
	In Core::Definition::Expandable[\begin {}] /usr/share/perl5/LaTeXML/Package/LaTeX.pool.ltxml; line 180
	 <= Core::Gullet[@0x55ace1bfc590] <= Core::Stomach[@0x55ace1bfc4d0] <= Core::Definition::Constructor[\center... <= ...
Error:unexpected:_ Script _ can only appear in math mode
	at 0303177.tex; line 343 col 19 - line 343 col 19
	In Core::Definition::Primitive[Subscript] /usr/share/perl5/LaTeXML/Package/TeX.pool.ltxml; line 4061
	 <= Core::Stomach[@0x55ace1bfc4d0] <= Core::Definition::Primitive[Begin] <= Core::Stomach[@0x55ace1bfc4d0] <= ...
Error:unexpected:_ Script _ can only appear in math mode
	at 0303177.tex; line 343 col 19 - line 343 col 19
	In Core::Definition::Primitive[Subscript] /usr/share/perl5/LaTeXML/Package/TeX.pool.ltxml; line 4061
	 <= Core::Stomach[@0x55ace1bfc4d0] <= Core::Definition::Primitive[Begin] <= Core::Stomach[@0x55ace1bfc4d0] <= ...
Error:unexpected:_ Script _ can only appear in math mode
	at 0303177.tex; line 343 col 19 - line 343 col 19
	In Core::Definition::Primitive[Subscript] /usr/share/perl5/LaTeXML/Package/TeX.pool.ltxml; line 4061
	 <= Core::Stomach[@0x55ace1bfc4d0] <= Core::Definition::Primitive[Begin] <= Core::Stomach[@0x55ace1bfc4d0] <= ...
Error:unexpected:_ Script _ can only appear in math mode
	at 0303177.tex; line 343 col 19 - line 343 col 19
	In Core::Definition::Primitive[Subscript] /usr/share/perl5/LaTeXML/Package/TeX.pool.ltxml; line 4061
	 <= Core::Stomach[@0x55ace1bfc4d0] <= Core::Definition::Primitive[Begin] <= Core::Stomach[@0x55ace1bfc4d0] <= ...
Error:unexpected:_ Script _ can only appear in math mode
	at 0303177.tex; line 343 col 19 - line 343 col 19
	In Core::Definition::Primitive[Subscript] /usr/share/perl5/LaTeXML/Package/TeX.pool.ltxml; line 4061
	 <= Core::Stomach[@0x55ace1bfc4d0] <= Core::Definition::Primitive[Begin] <= Core::Stomach[@0x55ace1bfc4d0] <= ...
Error:undefined:{fmfgraph*} The environment {fmfgraph*} is not defined.
	at 0303177.tex; line 355 col 19 - line 355 col 19
	Next token is T_OTHER[(] ( == T_OTHER[(]) more: 6,7.5)
\setval\fmfforce{0w,0h}{v1}
\fmfforce{1w,0h}{v2}
\fmf{plain,width=0.2mm}{v2,v1}
\fmfv{decor,size=0, label=${\scs4}$, l.dist=1mm, l.angle=-180}{v1}
\fmfv{decor,size=0, label=${\scs5}$, l.dist=1mm, l.angle=0}{v2}
\end{fmfgraph*} 
	In Core::Definition::Expandable[\begin {}] /usr/share/perl5/LaTeXML/Package/LaTeX.pool.ltxml; line 180
	 <= Core::Gullet[@0x55ace1bfc590] <= Core::Stomach[@0x55ace1bfc4d0] <= Core::Definition::Constructor[\center... <= ...
Error:unexpected:_ Script _ can only appear in math mode
	at 0303177.tex; line 355 col 19 - line 355 col 19
	In Core::Definition::Primitive[Subscript] /usr/share/perl5/LaTeXML/Package/TeX.pool.ltxml; line 4061
	 <= Core::Stomach[@0x55ace1bfc4d0] <= Core::Definition::Primitive[Begin] <= Core::Stomach[@0x55ace1bfc4d0] <= ...
Error:unexpected:_ Script _ can only appear in math mode
	at 0303177.tex; line 355 col 19 - line 355 col 19
	In Core::Definition::Primitive[Subscript] /usr/share/perl5/LaTeXML/Package/TeX.pool.ltxml; line 4061
	 <= Core::Stomach[@0x55ace1bfc4d0] <= Core::Definition::Primitive[Begin] <= Core::Stomach[@0x55ace1bfc4d0] <= ...
Error:unexpected:_ Script _ can only appear in math mode
	at 0303177.tex; line 355 col 19 - line 355 col 19
	In Core::Definition::Primitive[Subscript] /usr/share/perl5/LaTeXML/Package/TeX.pool.ltxml; line 4061
	 <= Core::Stomach[@0x55ace1bfc4d0] <= Core::Definition::Primitive[Begin] <= Core::Stomach[@0x55ace1bfc4d0] <= ...
Error:unexpected:_ Script _ can only appear in math mode
	at 0303177.tex; line 355 col 19 - line 355 col 19
	In Core::Definition::Primitive[Subscript] /usr/share/perl5/LaTeXML/Package/TeX.pool.ltxml; line 4061
	 <= Core::Stomach[@0x55ace1bfc4d0] <= Core::Definition::Primitive[Begin] <= Core::Stomach[@0x55ace1bfc4d0] <= ...
Error:unexpected:_ Script _ can only appear in math mode
	at 0303177.tex; line 355 col 19 - line 355 col 19
	In Core::Definition::Primitive[Subscript] /usr/share/perl5/LaTeXML/Package/TeX.pool.ltxml; line 4061
	 <= Core::Stomach[@0x55ace1bfc4d0] <= Core::Definition::Primitive[Begin] <= Core::Stomach[@0x55ace1bfc4d0] <= ...
Error:undefined:{fmfgraph*} The environment {fmfgraph*} is not defined.
	at 0303177.tex; line 375 col 19 - line 375 col 19
	Next token is T_OTHER[(] ( == T_OTHER[(]) more: 4.5,4.5)
\setval\fmfforce{0w,0h}{v1}
\fmfforce{0w,1h}{v2}
\fmfforce{1w,1h}{v3}
\fmfforce{8/4.5w,-1/4.5h}{v4}
\fmfforce{1/2w,1/2h}{v5}
\fmf{plain}{v1,v3}
\fmf{plain}{v2,v5}
\fmf{plain,right=0.15}{v5,v4}
\fmfv{decor.size=0, label=${\scs1}$, l.dist=1mm, l.angle=-135}{v1}
\fmfv{decor.size=0, label=${\scs2}$, l.dist=1mm, l.angle=135}{v2}
\fmfv{decor.size=0, label=${\scs3}$, l.dist=1mm, l.angle=45}{v3}
\fmfv{decor.size=0, label=${\scs5}$, l.dist=1mm, l.angle=-20}{v4}
\fmfdot{v5}
\end{fmfgraph*} 
	In Core::Definition::Expandable[\begin {}] /usr/share/perl5/LaTeXML/Package/LaTeX.pool.ltxml; line 180
	 <= Core::Gullet[@0x55ace1bfc590] <= Core::Stomach[@0x55ace1bfc4d0] <= Core::Definition::Constructor[\center... <= ...
Error:unexpected:_ Script _ can only appear in math mode
	at 0303177.tex; line 375 col 19 - line 375 col 19
	In Core::Definition::Primitive[Subscript] /usr/share/perl5/LaTeXML/Package/TeX.pool.ltxml; line 4061
	 <= Core::Stomach[@0x55ace1bfc4d0] <= Core::Definition::Primitive[Begin] <= Core::Stomach[@0x55ace1bfc4d0] <= ...
Error:unexpected:_ Script _ can only appear in math mode
	at 0303177.tex; line 375 col 19 - line 375 col 19
	In Core::Definition::Primitive[Subscript] /usr/share/perl5/LaTeXML/Package/TeX.pool.ltxml; line 4061
	 <= Core::Stomach[@0x55ace1bfc4d0] <= Core::Definition::Primitive[Begin] <= Core::Stomach[@0x55ace1bfc4d0] <= ...
Error:unexpected:_ Script _ can only appear in math mode
	at 0303177.tex; line 375 col 19 - line 375 col 19
	In Core::Definition::Primitive[Subscript] /usr/share/perl5/LaTeXML/Package/TeX.pool.ltxml; line 4061
	 <= Core::Stomach[@0x55ace1bfc4d0] <= Core::Definition::Primitive[Begin] <= Core::Stomach[@0x55ace1bfc4d0] <= ...
Error:unexpected:_ Script _ can only appear in math mode
	at 0303177.tex; line 375 col 19 - line 375 col 19
	In Core::Definition::Primitive[Subscript] /usr/share/perl5/LaTeXML/Package/TeX.pool.ltxml; line 4061
	 <= Core::Stomach[@0x55ace1bfc4d0] <= Core::Definition::Primitive[Begin] <= Core::Stomach[@0x55ace1bfc4d0] <= ...
Error:unexpected:_ Script _ can only appear in math mode
	at 0303177.tex; line 375 col 19 - line 375 col 19
	In Core::Definition::Primitive[Subscript] /usr/share/perl5/LaTeXML/Package/TeX.pool.ltxml; line 4061
	 <= Core::Stomach[@0x55ace1bfc4d0] <= Core::Definition::Primitive[Begin] <= Core::Stomach[@0x55ace1bfc4d0] <= ...
Error:undefined:{fmfgraph*} The environment {fmfgraph*} is not defined.
	at 0303177.tex; line 413 col 17 - line 413 col 17
	Next token is T_OTHER[(] ( == T_OTHER[(]) more: 8,3)
\setval\fmfleft{v1}
\fmfright{v2}
\fmf{plain,width=0.2mm}{v2,v1}
\fmfv{decor.size=0, label=${\scs1}$, l.dist=1mm, l.angle=-180}{v1}
\fmfv{decor.size=0, label=${\scs2}$, l.dist=1mm, l.angle=0}{v2}
\end{fmfgraph*} 
	In Core::Definition::Expandable[\begin {}] /usr/share/perl5/LaTeXML/Package/LaTeX.pool.ltxml; line 180
	 <= Core::Gullet[@0x55ace1bfc590] <= Core::Stomach[@0x55ace1bfc4d0] <= Core::Definition::Constructor[\center... <= ...
Error:unexpected:_ Script _ can only appear in math mode
	at 0303177.tex; line 413 col 17 - line 413 col 17
	In Core::Definition::Primitive[Subscript] /usr/share/perl5/LaTeXML/Package/TeX.pool.ltxml; line 4061
	 <= Core::Stomach[@0x55ace1bfc4d0] <= Core::Definition::Primitive[Begin] <= Core::Stomach[@0x55ace1bfc4d0] <= ...
Error:unexpected:_ Script _ can only appear in math mode
	at 0303177.tex; line 413 col 17 - line 413 col 17
	In Core::Definition::Primitive[Subscript] /usr/share/perl5/LaTeXML/Package/TeX.pool.ltxml; line 4061
	 <= Core::Stomach[@0x55ace1bfc4d0] <= Core::Definition::Primitive[Begin] <= Core::Stomach[@0x55ace1bfc4d0] <= ...
Error:unexpected:_ Script _ can only appear in math mode
	at 0303177.tex; line 413 col 17 - line 413 col 17
	In Core::Definition::Primitive[Subscript] /usr/share/perl5/LaTeXML/Package/TeX.pool.ltxml; line 4061
	 <= Core::Stomach[@0x55ace1bfc4d0] <= Core::Definition::Primitive[Begin] <= Core::Stomach[@0x55ace1bfc4d0] <= ...
Error:unexpected:_ Script _ can only appear in math mode
	at 0303177.tex; line 413 col 17 - line 413 col 17
	In Core::Definition::Primitive[Subscript] /usr/share/perl5/LaTeXML/Package/TeX.pool.ltxml; line 4061
	 <= Core::Stomach[@0x55ace1bfc4d0] <= Core::Definition::Primitive[Begin] <= Core::Stomach[@0x55ace1bfc4d0] <= ...
Error:unexpected:_ Script _ can only appear in math mode
	at 0303177.tex; line 413 col 17 - line 413 col 17
	In Core::Definition::Primitive[Subscript] /usr/share/perl5/LaTeXML/Package/TeX.pool.ltxml; line 4061
	 <= Core::Stomach[@0x55ace1bfc4d0] <= Core::Definition::Primitive[Begin] <= Core::Stomach[@0x55ace1bfc4d0] <= ...
Error:undefined:{fmfgraph*} The environment {fmfgraph*} is not defined.
	at 0303177.tex; line 425 col 16 - line 425 col 16
	Next token is T_OTHER[(] ( == T_OTHER[(]) more: 8,3)
\setval\fmfleft{v1}
\fmfright{v2}
\fmf{plain,width=0.2mm}{v2,v1}
\fmfv{decor.size=0, label=${\scs1}$, l.dist=1mm, l.angle=-180}{v1}
\fmfv{decor.size=0, label=${\scs3}$, l.dist=1mm, l.angle=0}{v2}
\end{fmfgraph*}
	In Core::Definition::Expandable[\begin {}] /usr/share/perl5/LaTeXML/Package/LaTeX.pool.ltxml; line 180
	 <= Core::Gullet[@0x55ace1bfc590] <= Core::Stomach[@0x55ace1bfc4d0] <= Core::Definition::Constructor[\center... <= ...
Error:unexpected:_ Script _ can only appear in math mode
	at 0303177.tex; line 425 col 16 - line 425 col 16
	In Core::Definition::Primitive[Subscript] /usr/share/perl5/LaTeXML/Package/TeX.pool.ltxml; line 4061
	 <= Core::Stomach[@0x55ace1bfc4d0] <= Core::Definition::Primitive[Begin] <= Core::Stomach[@0x55ace1bfc4d0] <= ...
Error:unexpected:_ Script _ can only appear in math mode
	at 0303177.tex; line 425 col 16 - line 425 col 16
	In Core::Definition::Primitive[Subscript] /usr/share/perl5/LaTeXML/Package/TeX.pool.ltxml; line 4061
	 <= Core::Stomach[@0x55ace1bfc4d0] <= Core::Definition::Primitive[Begin] <= Core::Stomach[@0x55ace1bfc4d0] <= ...
Error:unexpected:_ Script _ can only appear in math mode
	at 0303177.tex; line 425 col 16 - line 425 col 16
	In Core::Definition::Primitive[Subscript] /usr/share/perl5/LaTeXML/Package/TeX.pool.ltxml; line 4061
	 <= Core::Stomach[@0x55ace1bfc4d0] <= Core::Definition::Primitive[Begin] <= Core::Stomach[@0x55ace1bfc4d0] <= ...
Error:unexpected:_ Script _ can only appear in math mode
	at 0303177.tex; line 425 col 16 - line 425 col 16
	In Core::Definition::Primitive[Subscript] /usr/share/perl5/LaTeXML/Package/TeX.pool.ltxml; line 4061
	 <= Core::Stomach[@0x55ace1bfc4d0] <= Core::Definition::Primitive[Begin] <= Core::Stomach[@0x55ace1bfc4d0] <= ...
Error:unexpected:_ Script _ can only appear in math mode
	at 0303177.tex; line 425 col 16 - line 425 col 16
	In Core::Definition::Primitive[Subscript] /usr/share/perl5/LaTeXML/Package/TeX.pool.ltxml; line 4061
	 <= Core::Stomach[@0x55ace1bfc4d0] <= Core::Definition::Primitive[Begin] <= Core::Stomach[@0x55ace1bfc4d0] <= ...
Error:undefined:{fmfgraph*} The environment {fmfgraph*} is not defined.
	at 0303177.tex; line 435 col 16 - line 435 col 16
	Next token is T_OTHER[(] ( == T_OTHER[(]) more: 8,3)
\setval\fmfleft{v1}
\fmfright{v2}
\fmf{plain,width=0.2mm}{v2,v1}
\fmfv{decor.size=0, label=${\scs4}$, l.dist=1mm, l.angle=-180}{v1}
\fmfv{decor.size=0, label=${\scs2}$, l.dist=1mm, l.angle=0}{v2}
\end{fmfgraph*}
	In Core::Definition::Expandable[\begin {}] /usr/share/perl5/LaTeXML/Package/LaTeX.pool.ltxml; line 180
	 <= Core::Gullet[@0x55ace1bfc590] <= Core::Stomach[@0x55ace1bfc4d0] <= Core::Definition::Constructor[\center... <= ...
Error:unexpected:_ Script _ can only appear in math mode
	at 0303177.tex; line 435 col 16 - line 435 col 16
	In Core::Definition::Primitive[Subscript] /usr/share/perl5/LaTeXML/Package/TeX.pool.ltxml; line 4061
	 <= Core::Stomach[@0x55ace1bfc4d0] <= Core::Definition::Primitive[Begin] <= Core::Stomach[@0x55ace1bfc4d0] <= ...
Error:unexpected:_ Script _ can only appear in math mode
	at 0303177.tex; line 435 col 16 - line 435 col 16
	In Core::Definition::Primitive[Subscript] /usr/share/perl5/LaTeXML/Package/TeX.pool.ltxml; line 4061
	 <= Core::Stomach[@0x55ace1bfc4d0] <= Core::Definition::Primitive[Begin] <= Core::Stomach[@0x55ace1bfc4d0] <= ...
Error:unexpected:_ Script _ can only appear in math mode
	at 0303177.tex; line 435 col 16 - line 435 col 16
	In Core::Definition::Primitive[Subscript] /usr/share/perl5/LaTeXML/Package/TeX.pool.ltxml; line 4061
	 <= Core::Stomach[@0x55ace1bfc4d0] <= Core::Definition::Primitive[Begin] <= Core::Stomach[@0x55ace1bfc4d0] <= ...
Error:unexpected:_ Script _ can only appear in math mode
	at 0303177.tex; line 435 col 16 - line 435 col 16
	In Core::Definition::Primitive[Subscript] /usr/share/perl5/LaTeXML/Package/TeX.pool.ltxml; line 4061
	 <= Core::Stomach[@0x55ace1bfc4d0] <= Core::Definition::Primitive[Begin] <= Core::Stomach[@0x55ace1bfc4d0] <= ...
Error:unexpected:_ Script _ can only appear in math mode
	at 0303177.tex; line 435 col 16 - line 435 col 16
	In Core::Definition::Primitive[Subscript] /usr/share/perl5/LaTeXML/Package/TeX.pool.ltxml; line 4061
	 <= Core::Stomach[@0x55ace1bfc4d0] <= Core::Definition::Primitive[Begin] <= Core::Stomach[@0x55ace1bfc4d0] <= ...
Error:undefined:{fmfgraph*} The environment {fmfgraph*} is not defined.
	at 0303177.tex; line 445 col 16 - line 445 col 16
	Next token is T_OTHER[(] ( == T_OTHER[(]) more: 8,3)
\setval\fmfleft{v1}
\fmfright{v2}
\fmf{plain,width=0.2mm}{v2,v1}
\fmfv{decor.size=0, label=${\scs1}$, l.dist=1mm, l.angle=-180}{v1}
\fmfv{decor.size=0, label=${\scs4}$, l.dist=1mm, l.angle=0}{v2}
\end{fmfgraph*}
	In Core::Definition::Expandable[\begin {}] /usr/share/perl5/LaTeXML/Package/LaTeX.pool.ltxml; line 180
	 <= Core::Gullet[@0x55ace1bfc590] <= Core::Stomach[@0x55ace1bfc4d0] <= Core::Definition::Constructor[\center... <= ...
Error:unexpected:_ Script _ can only appear in math mode
	at 0303177.tex; line 445 col 16 - line 445 col 16
	In Core::Definition::Primitive[Subscript] /usr/share/perl5/LaTeXML/Package/TeX.pool.ltxml; line 4061
	 <= Core::Stomach[@0x55ace1bfc4d0] <= Core::Definition::Primitive[Begin] <= Core::Stomach[@0x55ace1bfc4d0] <= ...
Error:unexpected:_ Script _ can only appear in math mode
	at 0303177.tex; line 445 col 16 - line 445 col 16
	In Core::Definition::Primitive[Subscript] /usr/share/perl5/LaTeXML/Package/TeX.pool.ltxml; line 4061
	 <= Core::Stomach[@0x55ace1bfc4d0] <= Core::Definition::Primitive[Begin] <= Core::Stomach[@0x55ace1bfc4d0] <= ...
Error:unexpected:_ Script _ can only appear in math mode
	at 0303177.tex; line 445 col 16 - line 445 col 16
	In Core::Definition::Primitive[Subscript] /usr/share/perl5/LaTeXML/Package/TeX.pool.ltxml; line 4061
	 <= Core::Stomach[@0x55ace1bfc4d0] <= Core::Definition::Primitive[Begin] <= Core::Stomach[@0x55ace1bfc4d0] <= ...
Error:unexpected:_ Script _ can only appear in math mode
	at 0303177.tex; line 445 col 16 - line 445 col 16
	In Core::Definition::Primitive[Subscript] /usr/share/perl5/LaTeXML/Package/TeX.pool.ltxml; line 4061
	 <= Core::Stomach[@0x55ace1bfc4d0] <= Core::Definition::Primitive[Begin] <= Core::Stomach[@0x55ace1bfc4d0] <= ...
Error:unexpected:_ Script _ can only appear in math mode
	at 0303177.tex; line 445 col 16 - line 445 col 16
	In Core::Definition::Primitive[Subscript] /usr/share/perl5/LaTeXML/Package/TeX.pool.ltxml; line 4061
	 <= Core::Stomach[@0x55ace1bfc4d0] <= Core::Definition::Primitive[Begin] <= Core::Stomach[@0x55ace1bfc4d0] <= ...
Error:undefined:{fmfgraph*} The environment {fmfgraph*} is not defined.
	at 0303177.tex; line 455 col 16 - line 455 col 16
	Next token is T_OTHER[(] ( == T_OTHER[(]) more: 8,3)
\setval\fmfleft{v1}
\fmfright{v2}
\fmf{plain,width=0.2mm}{v2,v1}
\fmfv{decor.size=0, label=${\scs3}$, l.dist=1mm, l.angle=-180}{v1}
\fmfv{decor.size=0, label=${\scs2}$, l.dist=1mm, l.angle=0}{v2}
\end{fmfgraph*}
	In Core::Definition::Expandable[\begin {}] /usr/share/perl5/LaTeXML/Package/LaTeX.pool.ltxml; line 180
	 <= Core::Gullet[@0x55ace1bfc590] <= Core::Stomach[@0x55ace1bfc4d0] <= Core::Definition::Constructor[\center... <= ...
Error:unexpected:_ Script _ can only appear in math mode
	at 0303177.tex; line 455 col 16 - line 455 col 16
	In Core::Definition::Primitive[Subscript] /usr/share/perl5/LaTeXML/Package/TeX.pool.ltxml; line 4061
	 <= Core::Stomach[@0x55ace1bfc4d0] <= Core::Definition::Primitive[Begin] <= Core::Stomach[@0x55ace1bfc4d0] <= ...
Error:unexpected:_ Script _ can only appear in math mode
	at 0303177.tex; line 455 col 16 - line 455 col 16
	In Core::Definition::Primitive[Subscript] /usr/share/perl5/LaTeXML/Package/TeX.pool.ltxml; line 4061
	 <= Core::Stomach[@0x55ace1bfc4d0] <= Core::Definition::Primitive[Begin] <= Core::Stomach[@0x55ace1bfc4d0] <= ...
Error:unexpected:_ Script _ can only appear in math mode
	at 0303177.tex; line 455 col 16 - line 455 col 16
	In Core::Definition::Primitive[Subscript] /usr/share/perl5/LaTeXML/Package/TeX.pool.ltxml; line 4061
	 <= Core::Stomach[@0x55ace1bfc4d0] <= Core::Definition::Primitive[Begin] <= Core::Stomach[@0x55ace1bfc4d0] <= ...
Error:unexpected:_ Script _ can only appear in math mode
	at 0303177.tex; line 455 col 16 - line 455 col 16
	In Core::Definition::Primitive[Subscript] /usr/share/perl5/LaTeXML/Package/TeX.pool.ltxml; line 4061
	 <= Core::Stomach[@0x55ace1bfc4d0] <= Core::Definition::Primitive[Begin] <= Core::Stomach[@0x55ace1bfc4d0] <= ...
Error:unexpected:_ Script _ can only appear in math mode
	at 0303177.tex; line 455 col 16 - line 455 col 16
	In Core::Definition::Primitive[Subscript] /usr/share/perl5/LaTeXML/Package/TeX.pool.ltxml; line 4061
	 <= Core::Stomach[@0x55ace1bfc4d0] <= Core::Definition::Primitive[Begin] <= Core::Stomach[@0x55ace1bfc4d0] <= ...
Error:undefined:{fmfgraph*} The environment {fmfgraph*} is not defined.
	at 0303177.tex; line 479 col 0 - line 479 col 7
	Next token is T_OTHER[(] ( == T_OTHER[(]) more: 7,3)
\setval\fmfforce{0w,1/2h}{v1}
\fmfforce{1w,1/2h}{v2}
\fmf{plain,width=0.2mm}{v2,v1}
\fmfv{decor,size=0, label=${\scs1}$, l.dist=0.5mm, l.angle=-180}{v1}
\fmfv{decor,size=0, label=${\scs2}$, l.dist=0.5mm, l.angle=0}{v2}
\end{fmfgraph*} 
	In Core::Definition::Expandable[\begin {}] /usr/share/perl5/LaTeXML/Package/LaTeX.pool.ltxml; line 180
	 <= Core::Gullet[@0x55ace1bfc590] <= Core::Stomach[@0x55ace1bfc4d0] <= Core::Definition::Constructor[\center... <= ...
Error:unexpected:_ Script _ can only appear in math mode
	at 0303177.tex; line 479 col 0 - line 479 col 7
	In Core::Definition::Primitive[Subscript] /usr/share/perl5/LaTeXML/Package/TeX.pool.ltxml; line 4061
	 <= Core::Stomach[@0x55ace1bfc4d0] <= Core::Definition::Primitive[Begin] <= Core::Stomach[@0x55ace1bfc4d0] <= ...
Error:unexpected:_ Script _ can only appear in math mode
	at 0303177.tex; line 479 col 0 - line 479 col 7
	In Core::Definition::Primitive[Subscript] /usr/share/perl5/LaTeXML/Package/TeX.pool.ltxml; line 4061
	 <= Core::Stomach[@0x55ace1bfc4d0] <= Core::Definition::Primitive[Begin] <= Core::Stomach[@0x55ace1bfc4d0] <= ...
Error:unexpected:_ Script _ can only appear in math mode
	at 0303177.tex; line 479 col 0 - line 479 col 7
	In Core::Definition::Primitive[Subscript] /usr/share/perl5/LaTeXML/Package/TeX.pool.ltxml; line 4061
	 <= Core::Stomach[@0x55ace1bfc4d0] <= Core::Definition::Primitive[Begin] <= Core::Stomach[@0x55ace1bfc4d0] <= ...
Error:unexpected:_ Script _ can only appear in math mode
	at 0303177.tex; line 479 col 0 - line 479 col 7
	In Core::Definition::Primitive[Subscript] /usr/share/perl5/LaTeXML/Package/TeX.pool.ltxml; line 4061
	 <= Core::Stomach[@0x55ace1bfc4d0] <= Core::Definition::Primitive[Begin] <= Core::Stomach[@0x55ace1bfc4d0] <= ...
Error:unexpected:_ Script _ can only appear in math mode
	at 0303177.tex; line 479 col 0 - line 479 col 7
	In Core::Definition::Primitive[Subscript] /usr/share/perl5/LaTeXML/Package/TeX.pool.ltxml; line 4061
	 <= Core::Stomach[@0x55ace1bfc4d0] <= Core::Definition::Primitive[Begin] <= Core::Stomach[@0x55ace1bfc4d0] <= ...
Error:undefined:{fmfgraph*} The environment {fmfgraph*} is not defined.
	at 0303177.tex; line 479 col 0 - line 479 col 7
	Next token is T_OTHER[(] ( == T_OTHER[(]) more: 7,3)
\fmfpen{0.125mm}
\fmfleft{v1}
\fmfright{v2}
\fmf{plain}{v2,v1}
\fmfv{decor.size=0,label={\footnotesize3},l.dist=0.5mm}{v1}
\fmfv{decor.size=0,label={\footnotesize4},l.dist=0.5mm}{v2}
\end{fmfgraph*}

	In Core::Definition::Expandable[\begin {}] /usr/share/perl5/LaTeXML/Package/LaTeX.pool.ltxml; line 180
	 <= Core::Gullet[@0x55ace1bfc590] <= Core::Stomach[@0x55ace1bfc4d0] <= Core::Definition::Constructor[\center... <= ...
Error:undefined:{fmfgraph*} The environment {fmfgraph*} is not defined.
	at 0303177.tex; line 570 col 16 - line 570 col 16
	Next token is T_OTHER[(] ( == T_OTHER[(]) more: 8,3)
\setval\fmfleft{v1}
\fmfright{v2}
\fmf{double,width=0.2mm}{v2,v1}
\fmfv{decor.size=0, label=${\scs1}$, l.dist=1mm, l.angle=-180}{v1}
\fmfv{decor.size=0, label=${\scs2}$, l.dist=1mm, l.angle=0}{v2}
\end{fmfgraph*}
	In Core::Definition::Expandable[\begin {}] /usr/share/perl5/LaTeXML/Package/LaTeX.pool.ltxml; line 180
	 <= Core::Gullet[@0x55ace1bfc590] <= Core::Stomach[@0x55ace1bfc4d0] <= Core::Definition::Constructor[\center... <= ...
Error:unexpected:_ Script _ can only appear in math mode
	at 0303177.tex; line 570 col 16 - line 570 col 16
	In Core::Definition::Primitive[Subscript] /usr/share/perl5/LaTeXML/Package/TeX.pool.ltxml; line 4061
	 <= Core::Stomach[@0x55ace1bfc4d0] <= Core::Definition::Primitive[Begin] <= Core::Stomach[@0x55ace1bfc4d0] <= ...
Error:unexpected:_ Script _ can only appear in math mode
	at 0303177.tex; line 570 col 16 - line 570 col 16
	In Core::Definition::Primitive[Subscript] /usr/share/perl5/LaTeXML/Package/TeX.pool.ltxml; line 4061
	 <= Core::Stomach[@0x55ace1bfc4d0] <= Core::Definition::Primitive[Begin] <= Core::Stomach[@0x55ace1bfc4d0] <= ...
Error:unexpected:_ Script _ can only appear in math mode
	at 0303177.tex; line 570 col 16 - line 570 col 16
	In Core::Definition::Primitive[Subscript] /usr/share/perl5/LaTeXML/Package/TeX.pool.ltxml; line 4061
	 <= Core::Stomach[@0x55ace1bfc4d0] <= Core::Definition::Primitive[Begin] <= Core::Stomach[@0x55ace1bfc4d0] <= ...
Error:unexpected:_ Script _ can only appear in math mode
	at 0303177.tex; line 570 col 16 - line 570 col 16
	In Core::Definition::Primitive[Subscript] /usr/share/perl5/LaTeXML/Package/TeX.pool.ltxml; line 4061
	 <= Core::Stomach[@0x55ace1bfc4d0] <= Core::Definition::Primitive[Begin] <= Core::Stomach[@0x55ace1bfc4d0] <= ...
Error:unexpected:_ Script _ can only appear in math mode
	at 0303177.tex; line 570 col 16 - line 570 col 16
	In Core::Definition::Primitive[Subscript] /usr/share/perl5/LaTeXML/Package/TeX.pool.ltxml; line 4061
	 <= Core::Stomach[@0x55ace1bfc4d0] <= Core::Definition::Primitive[Begin] <= Core::Stomach[@0x55ace1bfc4d0] <= ...
Error:undefined:{fmfgraph*} The environment {fmfgraph*} is not defined.
	at 0303177.tex; line 602 col 19 - line 602 col 19
	Next token is T_OTHER[(] ( == T_OTHER[(]) more: 9,9)
\setval\fmfforce{0w,0h}{v1}
\fmfforce{0w,1h}{v2}
\fmfforce{1w,1h}{v3}
\fmfforce{1w,0h}{v4}
\fmfforce{3.5/9w,3.5/9h}{v5}
\fmfforce{3.5/9w,5.5/9h}{v6}
\fmfforce{5.5/9w,5.5/9h}{v7}
\fmfforce{5.5/9w,3.5/9h}{v8}
\fmf{plain}{v1,v5}
\fmf{plain}{v2,v6}
\fmf{plain}{v3,v7}
\fmf{plain}{v4,v8}
\fmf{plain,width=0.2mm,left=1}{v5,v7,v5}
\fmfv{decor.size=0, label=${\scs1}$, l.dist=1mm, l.angle=-135}{v1}
\fmfv{decor.size=0, label=${\scs2}$, l.dist=1mm, l.angle=135}{v2}
\fmfv{decor.size=0, label=${\scs3}$, l.dist=1mm, l.angle=45}{v3}
\fmfv{decor.size=0, label=${\scs4}$, l.dist=1mm, l.angle=-45}{v4}
\end{fmfgraph*} 
	In Core::Definition::Expandable[\begin {}] /usr/share/perl5/LaTeXML/Package/LaTeX.pool.ltxml; line 180
	 <= Core::Gullet[@0x55ace1bfc590] <= Core::Stomach[@0x55ace1bfc4d0] <= Core::Definition::Constructor[\center... <= ...
Error:unexpected:_ Script _ can only appear in math mode
	at 0303177.tex; line 602 col 19 - line 602 col 19
	In Core::Definition::Primitive[Subscript] /usr/share/perl5/LaTeXML/Package/TeX.pool.ltxml; line 4061
	 <= Core::Stomach[@0x55ace1bfc4d0] <= Core::Definition::Primitive[Begin] <= Core::Stomach[@0x55ace1bfc4d0] <= ...
Error:unexpected:_ Script _ can only appear in math mode
	at 0303177.tex; line 602 col 19 - line 602 col 19
	In Core::Definition::Primitive[Subscript] /usr/share/perl5/LaTeXML/Package/TeX.pool.ltxml; line 4061
	 <= Core::Stomach[@0x55ace1bfc4d0] <= Core::Definition::Primitive[Begin] <= Core::Stomach[@0x55ace1bfc4d0] <= ...
Error:unexpected:_ Script _ can only appear in math mode
	at 0303177.tex; line 602 col 19 - line 602 col 19
	In Core::Definition::Primitive[Subscript] /usr/share/perl5/LaTeXML/Package/TeX.pool.ltxml; line 4061
	 <= Core::Stomach[@0x55ace1bfc4d0] <= Core::Definition::Primitive[Begin] <= Core::Stomach[@0x55ace1bfc4d0] <= ...
Error:unexpected:_ Script _ can only appear in math mode
	at 0303177.tex; line 602 col 19 - line 602 col 19
	In Core::Definition::Primitive[Subscript] /usr/share/perl5/LaTeXML/Package/TeX.pool.ltxml; line 4061
	 <= Core::Stomach[@0x55ace1bfc4d0] <= Core::Definition::Primitive[Begin] <= Core::Stomach[@0x55ace1bfc4d0] <= ...
Error:unexpected:_ Script _ can only appear in math mode
	at 0303177.tex; line 602 col 19 - line 602 col 19
	In Core::Definition::Primitive[Subscript] /usr/share/perl5/LaTeXML/Package/TeX.pool.ltxml; line 4061
	 <= Core::Stomach[@0x55ace1bfc4d0] <= Core::Definition::Primitive[Begin] <= Core::Stomach[@0x55ace1bfc4d0] <= ...
Error:undefined:{fmfgraph*} The environment {fmfgraph*} is not defined.
	at 0303177.tex; line 621 col 16 - line 621 col 16
	Next token is T_OTHER[(] ( == T_OTHER[(]) more: 7,3)
\setval\fmfleft{v1}
\fmfright{v2}
\fmf{double,width=0.2mm}{v2,v1}
\fmfv{decor.size=0, label=${\scs1}$, l.dist=1mm, l.angle=-180}{v1}
\fmfv{decor.size=0, label=${\scs2}$, l.dist=1mm, l.angle=0}{v2}
\end{fmfgraph*}
	In Core::Definition::Expandable[\begin {}] /usr/share/perl5/LaTeXML/Package/LaTeX.pool.ltxml; line 180
	 <= Core::Gullet[@0x55ace1bfc590] <= Core::Stomach[@0x55ace1bfc4d0] <= Core::Definition::Constructor[\center... <= ...
Error:unexpected:_ Script _ can only appear in math mode
	at 0303177.tex; line 621 col 16 - line 621 col 16
	In Core::Definition::Primitive[Subscript] /usr/share/perl5/LaTeXML/Package/TeX.pool.ltxml; line 4061
	 <= Core::Stomach[@0x55ace1bfc4d0] <= Core::Definition::Primitive[Begin] <= Core::Stomach[@0x55ace1bfc4d0] <= ...
Error:unexpected:_ Script _ can only appear in math mode
	at 0303177.tex; line 621 col 16 - line 621 col 16
	In Core::Definition::Primitive[Subscript] /usr/share/perl5/LaTeXML/Package/TeX.pool.ltxml; line 4061
	 <= Core::Stomach[@0x55ace1bfc4d0] <= Core::Definition::Primitive[Begin] <= Core::Stomach[@0x55ace1bfc4d0] <= ...
Error:unexpected:_ Script _ can only appear in math mode
	at 0303177.tex; line 621 col 16 - line 621 col 16
	In Core::Definition::Primitive[Subscript] /usr/share/perl5/LaTeXML/Package/TeX.pool.ltxml; line 4061
	 <= Core::Stomach[@0x55ace1bfc4d0] <= Core::Definition::Primitive[Begin] <= Core::Stomach[@0x55ace1bfc4d0] <= ...
Error:unexpected:_ Script _ can only appear in math mode
	at 0303177.tex; line 621 col 16 - line 621 col 16
	In Core::Definition::Primitive[Subscript] /usr/share/perl5/LaTeXML/Package/TeX.pool.ltxml; line 4061
	 <= Core::Stomach[@0x55ace1bfc4d0] <= Core::Definition::Primitive[Begin] <= Core::Stomach[@0x55ace1bfc4d0] <= ...
Error:unexpected:_ Script _ can only appear in math mode
	at 0303177.tex; line 621 col 16 - line 621 col 16
	In Core::Definition::Primitive[Subscript] /usr/share/perl5/LaTeXML/Package/TeX.pool.ltxml; line 4061
	 <= Core::Stomach[@0x55ace1bfc4d0] <= Core::Definition::Primitive[Begin] <= Core::Stomach[@0x55ace1bfc4d0] <= ...
Error:undefined:{fmfgraph*} The environment {fmfgraph*} is not defined.
	at 0303177.tex; line 632 col 16 - line 632 col 16
	Next token is T_OTHER[(] ( == T_OTHER[(]) more: 7,3)
\setval\fmfleft{v1}
\fmfright{v2}
\fmf{plain}{v2,v1}
\fmfv{decor.size=0, label=${\scs1}$, l.dist=1mm, l.angle=-180}{v1}
\fmfv{decor.size=0, label=${\scs2}$, l.dist=1mm, l.angle=0}{v2}
\end{fmfgraph*}
	In Core::Definition::Expandable[\begin {}] /usr/share/perl5/LaTeXML/Package/LaTeX.pool.ltxml; line 180
	 <= Core::Gullet[@0x55ace1bfc590] <= Core::Stomach[@0x55ace1bfc4d0] <= Core::Definition::Constructor[\center... <= ...
Error:unexpected:_ Script _ can only appear in math mode
	at 0303177.tex; line 632 col 16 - line 632 col 16
	In Core::Definition::Primitive[Subscript] /usr/share/perl5/LaTeXML/Package/TeX.pool.ltxml; line 4061
	 <= Core::Stomach[@0x55ace1bfc4d0] <= Core::Definition::Primitive[Begin] <= Core::Stomach[@0x55ace1bfc4d0] <= ...
Error:unexpected:_ Script _ can only appear in math mode
	at 0303177.tex; line 632 col 16 - line 632 col 16
	In Core::Definition::Primitive[Subscript] /usr/share/perl5/LaTeXML/Package/TeX.pool.ltxml; line 4061
	 <= Core::Stomach[@0x55ace1bfc4d0] <= Core::Definition::Primitive[Begin] <= Core::Stomach[@0x55ace1bfc4d0] <= ...
Error:unexpected:_ Script _ can only appear in math mode
	at 0303177.tex; line 632 col 16 - line 632 col 16
	In Core::Definition::Primitive[Subscript] /usr/share/perl5/LaTeXML/Package/TeX.pool.ltxml; line 4061
	 <= Core::Stomach[@0x55ace1bfc4d0] <= Core::Definition::Primitive[Begin] <= Core::Stomach[@0x55ace1bfc4d0] <= ...
Error:unexpected:_ Script _ can only appear in math mode
	at 0303177.tex; line 632 col 16 - line 632 col 16
	In Core::Definition::Primitive[Subscript] /usr/share/perl5/LaTeXML/Package/TeX.pool.ltxml; line 4061
	 <= Core::Stomach[@0x55ace1bfc4d0] <= Core::Definition::Primitive[Begin] <= Core::Stomach[@0x55ace1bfc4d0] <= ...
Error:unexpected:_ Script _ can only appear in math mode
	at 0303177.tex; line 632 col 16 - line 632 col 16
	In Core::Definition::Primitive[Subscript] /usr/share/perl5/LaTeXML/Package/TeX.pool.ltxml; line 4061
	 <= Core::Stomach[@0x55ace1bfc4d0] <= Core::Definition::Primitive[Begin] <= Core::Stomach[@0x55ace1bfc4d0] <= ...
Error:undefined:{fmfgraph*} The environment {fmfgraph*} is not defined.
	at 0303177.tex; line 651 col 16 - line 651 col 16
	Next token is T_OTHER[(] ( == T_OTHER[(]) more: 10,5)
\setval\fmfforce{0w,0h}{v1}
\fmfforce{1/2w,0h}{v2}
\fmfforce{1w,0h}{v3}
\fmfforce{1/4w,1/2h}{v4}
\fmfforce{3/4w,1/2h}{v5}
\fmf{plain}{v2,v1}
\fmf{double,width=0.2mm}{v2,v3}
\fmf{plain}{v2,v1}
\fmf{double,width=0.2mm,left=1}{v4,v5,v4}
\fmfv{decor.size=0, label=${\scs1}$, l.dist=1mm, l.angle=-180}{v1}
\fmfv{decor.size=0, label=${\scs2}$, l.dist=1mm, l.angle=0}{v3}
\fmfdot{v2}
\end{fmfgraph*}
	In Core::Definition::Expandable[\begin {}] /usr/share/perl5/LaTeXML/Package/LaTeX.pool.ltxml; line 180
	 <= Core::Gullet[@0x55ace1bfc590] <= Core::Stomach[@0x55ace1bfc4d0] <= Core::Definition::Constructor[\center... <= ...
Fatal:too_many_errors:100 Too many errors (> 100)!
	at 0303177.tex; line 651 col 16 - line 651 col 16
	In Core::Definition::Expandable[\begin {}] /usr/share/perl5/LaTeXML/Package/LaTeX.pool.ltxml; line 180
Conversion failed 2 warnings; 101 errors; 1 fatal error; 10 undefined macros[\fmfleft, \fmfright, \fmfv, {fmffile}, \fmfpen, \fmf, \fmfset, \fmfforce, {fmfgraph*}, \fmfdot]; 2 missing files[supercite.sty, feynmp.sty] (See /home/user/latex-in-arxiv/0303177.latexml.log) (reqd. 3.81s)
