latexml (LaTeXML version 0.8.6) processing 2003/0304104.tex
(Digesting TeX 0304104...
(Loading /usr/share/perl5/LaTeXML/Package/TeX.pool.ltxml...
(Loading /usr/share/perl5/LaTeXML/Package/eTeX.pool.ltxml... 0.01 sec)
(Loading /usr/share/perl5/LaTeXML/Package/pdfTeX.pool.ltxml... 0.01 sec) 0.26 sec)
(Processing content /home/user/latex-in-arxiv/2003/0304104.tex...
(Loading /usr/share/perl5/LaTeXML/Package/LaTeX.pool.ltxml...
(Loading /usr/share/perl5/LaTeXML/Package/textcomp.sty.ltxml...
(Processing definitions /usr/share/texlive/texmf-dist/tex/latex-dev/base/ts1enc.dfu... 0.05 sec) 2.21 sec) 2.57 sec)
Info:unexpected:\documentstyle Entering LaTeX 2.09 Compatibility mode
	at 0304104.tex; line 2 col 0 - line 2 col 27
(Loading /usr/share/perl5/LaTeXML/Package/article.cls.ltxml... 0.02 sec)
(Loading /usr/share/perl5/LaTeXML/Package/a4.sty.ltxml... 0.00 sec) 8.20 sec) 8.48 sec)
(Building...
(Loading compiled schema /usr/share/perl5/LaTeXML/resources/RelaxNG/LaTeXML.model... 0.02 sec) 6.96 sec)
(Rewriting... 0.27 sec)
(Math Parsing 235 formulae ......
Warning:not_parsed:UNKNOWN.POSTSUPERSCRIPT.UNKNOWN>OPEN MathParser failed to match rule 'Anything'
	at 0304104.tex; line 288 col 46 - line 291 col 13
	In "\begin{equation}s\Psi\,=\,\int d^{4}x\,\,\left)b\partial^{\mu}A_{\mu}\,-\,\bar%
	{C}\partial^{\mu}\partial_{\mu}C\,-\,\frac{1}{2}b^{2}\right).\end{equation}"
	s[[UNKNOWN]] Ψ[[UNKNOWN]] =[[RELOP]] ∫[[INTOP]] d[[UNKNOWN]] ^{4}[[POSTSUPERSCRIPT]] x[[UNKNOWN]]
	        > \left)[[OPEN]] b[[UNKNOWN]] ∂[[OPERATOR]] ^{\mu}[[POSTSUPERSCRIPT]] A[[UNKNOWN]] _{\mu}[[POSTSUBSCRIPT]] -[[ADDOP]] \bar{C}[[UNKNOWN]] ∂[[OPERATOR]] ^{\mu}[[POSTSUPERSCRIPT]] ∂[[OPERATOR]] _{\mu}[[POSTSUBSCRIPT]] C[[UNKNOWN]] -[[ADDOP]] \frac{1}{2}[[UNKNOWN]] b[[UNKNOWN]] ^{2}[[POSTSUPERSCRIPT]] \right)[[CLOSE]]
Warning:not_parsed:ATOM.UNKNOWN.POSTSUPERSCRIPT>OPEN MathParser failed to match rule 'Anything'
	at 0304104.tex; line 316 col 9 - line 321 col 1
	In "$\displaystyle\frac{1}{2}A^{\mu}\left\{\left[-\beta\Box-\frac{1}{m^{2}}(p^{2}%
	\Box-\lambda^{2})-\frac{\beta^{2}\Box^{2}}{m^{2}}\right]\theta_{\mu\nu}+\left(%
	\frac{\Box}{\alpha}+\frac{\lambda^{2}}{m^{2}}\right)\omega_{\mu\nu}+\left(-1-%
	\frac{2\beta\Box}{m^{2}}\right)S_{\mu\nu}\right.$"
	\frac{1}{2}[[UNKNOWN]] A[[UNKNOWN]] ^{\mu}[[POSTSUPERSCRIPT]]
	        > \left\{[[OPEN]] \left[[[OPEN]] -[[ADDOP]] β[[UNKNOWN]] □[[UNKNOWN]] -[[ADDOP]] \frac{1}{m^{2}}[[UNKNOWN]] ([[OPEN]] p[[UNKNOWN]] ^{2}[[POSTSUPERSCRIPT]] □[[UNKNOWN]] -[[ADDOP]] λ[[UNKNOWN]] ^{2}[[POSTSUPERSCRIPT]] )[[CLOSE]] -[[ADDOP]] \frac{\beta^{2}\Box^{2}}{m^{2}}[[UNKNOWN]] \right][[CLOSE]] θ[[UNKNOWN]] _{\mu\nu}[[POSTSUBSCRIPT]] +[[ADDOP]] \left([[OPEN]] \frac{\Box}{\alpha}[[UNKNOWN]] +[[ADDOP]] \frac{\lambda^{2}}{m^{2}}[[UNKNOWN]] \right)[[CLOSE]] ω[[UNKNOWN]] _{\mu\nu}[[POSTSUBSCRIPT]] +[[ADDOP]] \left([[OPEN]] -[[ADDOP]] 1[[NUMBER]] -[[ADDOP]] \frac{2\beta\Box}{m^{2}}[[UNKNOWN]] \right)[[CLOSE]] S[[UNKNOWN]] _{\mu\nu}[[POSTSUBSCRIPT]]
Warning:not_parsed:UNKNOWN.POSTSUBSCRIPT.CLOSE>CLOSE MathParser failed to match rule 'Anything'
	at 0304104.tex; line 321 col 9 - line 323 col 3
	In "$\displaystyle\left.\frac{\Box}{m^{2}}\Lambda_{\mu\nu}-\frac{\lambda}{m^{2}}(%
	\Sigma_{\mu\nu}+\Sigma_{\nu\mu})\right\}=\frac{1}{2}A^{\mu}{\cal O}_{\mu\nu}A^%
	{\nu},$"
	\frac{\Box}{m^{2}}[[UNKNOWN]] Λ[[UNKNOWN]] _{\mu\nu}[[POSTSUBSCRIPT]] -[[ADDOP]] \frac{\lambda}{m^{2}}[[UNKNOWN]] ([[OPEN]] Σ[[UNKNOWN]] _{\mu\nu}[[POSTSUBSCRIPT]] +[[ADDOP]] Σ[[UNKNOWN]] _{\nu\mu}[[POSTSUBSCRIPT]] )[[CLOSE]]
	        > \right\}[[CLOSE]] =[[RELOP]] \frac{1}{2}[[UNKNOWN]] A[[UNKNOWN]] ^{\mu}[[POSTSUPERSCRIPT]] O[[UNKNOWN]] _{\mu\nu}[[POSTSUBSCRIPT]] A[[UNKNOWN]] ^{\nu}[[POSTSUPERSCRIPT]]
Warning:not_parsed:ATOM>OPEN MathParser failed to match rule 'Anything'
	at 0304104.tex; line 370 col 38 - line 372 col 1
	In "$\displaystyle\frac{i}{D}\left\{\left[-m^{2}\left(k^{2}(k^{2}-m^{2})-p^{2}k^{2%
	}+(p\cdot k)^{2}\right)\right]\theta_{\mu\nu}\right.$"
	\frac{i}{D}[[UNKNOWN]]
	        > \left\{[[OPEN]] \left[[[OPEN]] -[[ADDOP]] m[[UNKNOWN]] ^{2}[[POSTSUPERSCRIPT]] \left([[OPEN]] k[[UNKNOWN]] ^{2}[[POSTSUPERSCRIPT]] ([[OPEN]] k[[UNKNOWN]] ^{2}[[POSTSUPERSCRIPT]] -[[ADDOP]] m[[UNKNOWN]] ^{2}[[POSTSUPERSCRIPT]] )[[CLOSE]] -[[ADDOP]] p[[UNKNOWN]] ^{2}[[POSTSUPERSCRIPT]] k[[UNKNOWN]] ^{2}[[POSTSUPERSCRIPT]] +[[ADDOP]] ([[OPEN]] p[[UNKNOWN]] ⋅[[MULOP]] k[[UNKNOWN]] )[[CLOSE]] ^{2}[[POSTSUPERSCRIPT]] \right)[[CLOSE]] \right][[CLOSE]] θ[[UNKNOWN]] _{\mu\nu}[[POSTSUBSCRIPT]]
Warning:not_parsed:UNKNOWN.POSTSUBSCRIPT.CLOSE>CLOSE MathParser failed to match rule 'Anything'
	at 0304104.tex; line 374 col 10 - line 376 col 3
	In "$\displaystyle\left.\frac{m^{2}F}{(k^{2}-m^{2})}\Lambda_{\mu\nu}+\frac{m^{2}(p%
	\cdot k)F}{k^{2}(k^{2}-m^{2})}(\Sigma_{\mu\nu}+\Sigma_{\nu\mu})\right\}.$"
	\frac{m^{2}F}{(k^{2}-m^{2})}[[UNKNOWN]] Λ[[UNKNOWN]] _{\mu\nu}[[POSTSUBSCRIPT]] +[[ADDOP]] \frac{m^{2}(p\cdotk)F}{k^{2}(k^{2}-m^{2})}[[UNKNOWN]] ([[OPEN]] Σ[[UNKNOWN]] _{\mu\nu}[[POSTSUBSCRIPT]] +[[ADDOP]] Σ[[UNKNOWN]] _{\nu\mu}[[POSTSUBSCRIPT]] )[[CLOSE]]
	        > \right\}[[CLOSE]]
Warning:not_parsed:ATOM>OPEN MathParser failed to match rule 'Anything'
	at 0304104.tex; line 453 col 42 - line 456 col 1
	In "$\displaystyle\frac{i}{D_{1}}\left\{-(k^{2}-m^{2})\theta_{\mu\nu}-\frac{(p%
	\cdot k)^{2}}{(k^{2}-m^{2})}\omega_{\mu\nu}\right.$"
	\frac{i}{D_{1}}[[UNKNOWN]]
	        > \left\{[[OPEN]] -[[ADDOP]] ([[OPEN]] k[[UNKNOWN]] ^{2}[[POSTSUPERSCRIPT]] -[[ADDOP]] m[[UNKNOWN]] ^{2}[[POSTSUPERSCRIPT]] )[[CLOSE]] θ[[UNKNOWN]] _{\mu\nu}[[POSTSUBSCRIPT]] -[[ADDOP]] \frac{(p\cdotk)^{2}}{(k^{2}-m^{2})}[[UNKNOWN]] ω[[UNKNOWN]] _{\mu\nu}[[POSTSUBSCRIPT]]
Warning:not_parsed:UNKNOWN.POSTSUBSCRIPT.CLOSE>CLOSE MathParser failed to match rule 'Anything'
	at 0304104.tex; line 456 col 8 - line 459 col 14
	In "$\displaystyle\left.-iS_{\mu\nu}-\frac{k^{2}}{(k^{2}-m^{2})}\Lambda_{\mu\nu}+%
	\frac{(p\cdot k)}{(k^{2}-m^{2})}\left(\Sigma_{\mu\nu}+\Sigma_{\nu\mu}\right)%
	\right\}$"
	-[[ADDOP]] i[[UNKNOWN]] S[[UNKNOWN]] _{\mu\nu}[[POSTSUBSCRIPT]] -[[ADDOP]] \frac{k^{2}}{(k^{2}-m^{2})}[[UNKNOWN]] Λ[[UNKNOWN]] _{\mu\nu}[[POSTSUBSCRIPT]] +[[ADDOP]] \frac{(p\cdotk)}{(k^{2}-m^{2})}[[UNKNOWN]] \left([[OPEN]] Σ[[UNKNOWN]] _{\mu\nu}[[POSTSUBSCRIPT]] +[[ADDOP]] Σ[[UNKNOWN]] _{\nu\mu}[[POSTSUBSCRIPT]] \right)[[CLOSE]]
	        > \right\}[[CLOSE]]
Warning:not_parsed:ATOM>OPEN MathParser failed to match rule 'Anything'
	at 0304104.tex; line 462 col 43 - line 465 col 1
	In "$\displaystyle\frac{i}{D_{2}}\left\{-k^{2}\theta_{\mu\nu}-\frac{(p\cdot k)^{2}%
	}{k^{2}}\omega_{\mu\nu}\right.$"
	\frac{i}{D_{2}}[[UNKNOWN]]
	        > \left\{[[OPEN]] -[[ADDOP]] k[[UNKNOWN]] ^{2}[[POSTSUPERSCRIPT]] θ[[UNKNOWN]] _{\mu\nu}[[POSTSUBSCRIPT]] -[[ADDOP]] \frac{(p\cdotk)^{2}}{k^{2}}[[UNKNOWN]] ω[[UNKNOWN]] _{\mu\nu}[[POSTSUBSCRIPT]]
Warning:not_parsed:UNKNOWN.POSTSUBSCRIPT.CLOSE>CLOSE MathParser failed to match rule 'Anything'
	at 0304104.tex; line 465 col 8 - line 468 col 14
	In "$\displaystyle\left.-iS_{\mu\nu}-\Lambda_{\mu\nu}+\frac{(p\cdot k)}{k^{2}}%
	\left(\Sigma_{\mu\nu}+\Sigma_{\nu\mu}\right)\right\},$"
	-[[ADDOP]] i[[UNKNOWN]] S[[UNKNOWN]] _{\mu\nu}[[POSTSUBSCRIPT]] -[[ADDOP]] Λ[[UNKNOWN]] _{\mu\nu}[[POSTSUBSCRIPT]] +[[ADDOP]] \frac{(p\cdotk)}{k^{2}}[[UNKNOWN]] \left([[OPEN]] Σ[[UNKNOWN]] _{\mu\nu}[[POSTSUBSCRIPT]] +[[ADDOP]] Σ[[UNKNOWN]] _{\nu\mu}[[POSTSUBSCRIPT]] \right)[[CLOSE]]
	        > \right\}[[CLOSE]]
 19.53 sec)
Math parsing succeeded:
   ltx:XMArg: 1083/1083
   ltx:XMath: 226/235
Symbols assumed as simple identifiers (with # of occurences):
   'A{italic}' (104), 'Box' (13), 'B{italic}' (14), 'C{italic}' (16), 'D{italic}' (16), 'F{italic}' (48), 'J{italic}' (10), 'Lambda' (23), 'L{italic}' (24), 'O{caligraphic}' (4), 'Psi' (4), 'R{italic}' (2), 'Sigma' (46), 'S{italic}' (24), 'Z{italic}' (2), 'alpha' (40), 'a{italic}' (1), 'beta' (53), 'b{italic}' (11), 'delta' (11), 'd{italic}' (6), 'epsilon' (29), 'eta' (7), 'e{italic}' (2), 'f{italic}' (1), 'g{italic}' (1), 'i{italic}' (12), 'k{italic}' (119), 'lambda' (22), 'mu' (193), 'm{italic}' (128), 'nu' (153), 'omega' (22), 'p{italic}' (69), 'rho' (6), 's{italic}' (7), 'theta' (17), 'v{italic}' (4), 'x{italic}' (6)
Set MATHPARSER_SPECULATE to speculate on possible notations.
(Finalizing... 2.75 sec)
Conversion complete 9 warnings (See /home/user/latex-in-arxiv/0304104.latexml.log) (reqd. 39.66s)
