latexml (LaTeXML version 0.8.6) processing 2003/0304170_cleaned.tex
(Digesting TeX 0304170_cleaned...
(Loading /usr/share/perl5/LaTeXML/Package/TeX.pool.ltxml...
(Loading /usr/share/perl5/LaTeXML/Package/eTeX.pool.ltxml... 0.01 sec)
(Loading /usr/share/perl5/LaTeXML/Package/pdfTeX.pool.ltxml... 0.01 sec) 0.20 sec)
(Processing content /home/user/latex-in-arxiv/2003/0304170_cleaned.tex...
(Loading /usr/share/perl5/LaTeXML/Package/LaTeX.pool.ltxml...
(Loading /usr/share/perl5/LaTeXML/Package/textcomp.sty.ltxml...
(Processing definitions /usr/share/texlive/texmf-dist/tex/latex-dev/base/ts1enc.dfu... 0.04 sec) 1.55 sec) 1.85 sec)
(Loading /usr/share/perl5/LaTeXML/Package/article.cls.ltxml... 0.01 sec)
(Loading /usr/share/perl5/LaTeXML/Package/amsmath.sty.ltxml...
(Loading /usr/share/perl5/LaTeXML/Package/amsbsy.sty.ltxml...
(Loading /usr/share/perl5/LaTeXML/Package/amsgen.sty.ltxml... 0.00 sec) 0.01 sec)
(Loading /usr/share/perl5/LaTeXML/Package/amstext.sty.ltxml... 0.01 sec)
(Loading /usr/share/perl5/LaTeXML/Package/amsopn.sty.ltxml... 0.01 sec) 0.07 sec)
(Loading /usr/share/perl5/LaTeXML/Package/amssymb.sty.ltxml...
(Loading /usr/share/perl5/LaTeXML/Package/amsfonts.sty.ltxml... 0.00 sec) 0.03 sec)
(Loading /usr/share/perl5/LaTeXML/Package/amsthm.sty.ltxml... 0.01 sec)
(Loading /usr/share/perl5/LaTeXML/Package/exscale.sty.ltxml... 0.00 sec)
(Loading /usr/share/perl5/LaTeXML/Package/latexsym.sty.ltxml... 0.00 sec)
(Loading /usr/share/perl5/LaTeXML/Package/epsf.tex.ltxml...
(Loading /usr/share/perl5/LaTeXML/Package/epsf.sty.ltxml... 0.01 sec) 0.01 sec) 7.53 sec) 7.78 sec)
(Building...
(Loading compiled schema /usr/share/perl5/LaTeXML/resources/RelaxNG/LaTeXML.model... 0.01 sec) 8.41 sec)
(Rewriting... 0.28 sec)
(Math Parsing 425 formulae ......
Warning:not_parsed:UNKNOWN.CLOSE.POSTSUBSCRIPT>FLOATSUPERSCRIPT MathParser failed to match rule 'Anything'
	at 0304170_cleaned.tex; line 167 col 16 - line 169 col 14
	In "\begin{equation}(\omega\varepsilon)_{i}{}^{j}=(\omega^{k}\varepsilon_{k})_{i}{%
	}^{j}=\omega^{k}\varepsilon_{ki}{}^{j}~{}~{}\in\mathfrak{s}\mathfrak{o}(3),\end{equation}"
	([[OPEN]] ω[[UNKNOWN]] ε[[UNKNOWN]] )[[CLOSE]] _{i}[[POSTSUBSCRIPT]]
	        > {}^{j}[[FLOATSUPERSCRIPT]] =[[RELOP]] ([[OPEN]] ω[[UNKNOWN]] ^{k}[[POSTSUPERSCRIPT]] ε[[UNKNOWN]] _{k}[[POSTSUBSCRIPT]] )[[CLOSE]] _{i}[[POSTSUBSCRIPT]] {}^{j}[[FLOATSUPERSCRIPT]] =[[RELOP]] ω[[UNKNOWN]] ^{k}[[POSTSUPERSCRIPT]] ε[[UNKNOWN]] _{ki}[[POSTSUBSCRIPT]] {}^{j}[[FLOATSUPERSCRIPT]] ∈[[RELOP]] s[[UNKNOWN]] o[[UNKNOWN]] ([[OPEN]] 3[[NUMBER]] )[[CLOSE]]
Warning:not_parsed:UNKNOWN.CLOSE.POSTSUBSCRIPT>FLOATSUPERSCRIPT MathParser failed to match rule 'Anything'
	at 0304170_cleaned.tex; line 180 col 27 - line 180 col 27
	In "\begin{equation}S_{(+)i}{}^{j}=(e^{(\omega\varepsilon)})_{i}{}^{j}={\sf\,cos\,%
	}\omega\,\delta_{i}^{j}+\frac{(\omega\varepsilon)_{i}{}^{j}}{\omega}{\sf\,sin%
	\,}\omega+\frac{\omega_{i}\omega^{j}}{\omega^{2}}(1-{\sf\,cos\,}\omega)~{}\in{%
	\mathbb{S}}{\mathbb{O}}(3),\end{equation}"
	([[OPEN]] ω[[UNKNOWN]] ε[[UNKNOWN]] )[[CLOSE]] _{i}[[POSTSUBSCRIPT]]
	        > {}^{j}[[FLOATSUPERSCRIPT]]
Warning:not_parsed:UNKNOWN.POSTSUBSCRIPT>FLOATSUPERSCRIPT MathParser failed to match rule 'Anything'
	at 0304170_cleaned.tex; line 178 col 16 - line 182 col 14
	S[[UNKNOWN]] _{(+)i}[[POSTSUBSCRIPT]]
	        > {}^{j}[[FLOATSUPERSCRIPT]] =[[RELOP]] ([[OPEN]] e[[UNKNOWN]] ^{(\omega\varepsilon)}[[POSTSUPERSCRIPT]] )[[CLOSE]] _{i}[[POSTSUBSCRIPT]] {}^{j}[[FLOATSUPERSCRIPT]] =[[RELOP]] cos[[UNKNOWN]] ω[[UNKNOWN]] δ[[UNKNOWN]] _{i}[[POSTSUBSCRIPT]] ^{j}[[POSTSUPERSCRIPT]] +[[ADDOP]] \frac{(\omega\varepsilon)_{i}{}^{j}}{\omega}[[UNKNOWN]] sin[[UNKNOWN]] ω[[UNKNOWN]] +[[ADDOP]] \frac{\omega_{i}\omega^{j}}{\omega^{2}}[[UNKNOWN]] ([[OPEN]] 1[[NUMBER]] -[[ADDOP]] cos[[UNKNOWN]] ω[[UNKNOWN]] )[[CLOSE]] ∈[[RELOP]] S[[UNKNOWN]] O[[UNKNOWN]] ([[OPEN]] 3[[NUMBER]] )[[CLOSE]]
Warning:not_parsed:UNKNOWN.POSTSUBSCRIPT>FLOATSUPERSCRIPT MathParser failed to match rule 'Anything'
	at 0304170_cleaned.tex; line 184 col 48 - line 184 col 60
	In "$S_{(+)i}{}^{j}$"
	S[[UNKNOWN]] _{(+)i}[[POSTSUBSCRIPT]]
	        > {}^{j}[[FLOATSUPERSCRIPT]]
Warning:not_parsed:UNKNOWN.POSTSUBSCRIPT>FLOATSUPERSCRIPT MathParser failed to match rule 'Anything'
	at 0304170_cleaned.tex; line 190 col 0 - line 192 col 15
	In "\begin{equation*}S_{(+)i}{}^{j}\left(\omega^{k}+2\pi\frac{\omega^{k}}{\omega}%
	\right)=S_{(+)i}{}^{j}(\omega^{k}),\end{equation*}"
	S[[UNKNOWN]] _{(+)i}[[POSTSUBSCRIPT]]
	        > {}^{j}[[FLOATSUPERSCRIPT]] \left([[OPEN]] ω[[UNKNOWN]] ^{k}[[POSTSUPERSCRIPT]] +[[ADDOP]] 2[[NUMBER]] π[[UNKNOWN]] \frac{\omega^{k}}{\omega}[[UNKNOWN]] \right)[[CLOSE]] =[[RELOP]] S[[UNKNOWN]] _{(+)i}[[POSTSUBSCRIPT]] {}^{j}[[FLOATSUPERSCRIPT]] ([[OPEN]] ω[[UNKNOWN]] ^{k}[[POSTSUPERSCRIPT]] )[[CLOSE]]
Warning:not_parsed:UNKNOWN.CLOSE.POSTSUBSCRIPT>FLOATSUPERSCRIPT MathParser failed to match rule 'Anything'
	at 0304170_cleaned.tex; line 227 col 57 - line 227 col 57
	In "\begin{equation}S_{(\pm)i}{}^{j}={\sf\,cos\,}\omega\,\delta_{i}^{j}+\frac{(%
	\omega J)_{i}{}^{j}}{\omega}{\sf\,sin\,}\omega+\frac{\omega_{i}\omega^{j}}{%
	\omega^{2}}(\pm 1-{\sf\,cos\,}\omega)~{}\in{\mathbb{O}}(3),\end{equation}"
	([[OPEN]] ω[[UNKNOWN]] J[[UNKNOWN]] )[[CLOSE]] _{i}[[POSTSUBSCRIPT]]
	        > {}^{j}[[FLOATSUPERSCRIPT]]
Warning:not_parsed:UNKNOWN.POSTSUBSCRIPT>FLOATSUPERSCRIPT MathParser failed to match rule 'Anything'
	at 0304170_cleaned.tex; line 226 col 16 - line 229 col 14
	S[[UNKNOWN]] _{(\pm)i}[[POSTSUBSCRIPT]]
	        > {}^{j}[[FLOATSUPERSCRIPT]] =[[RELOP]] cos[[UNKNOWN]] ω[[UNKNOWN]] δ[[UNKNOWN]] _{i}[[POSTSUBSCRIPT]] ^{j}[[POSTSUPERSCRIPT]] +[[ADDOP]] \frac{(\omegaJ)_{i}{}^{j}}{\omega}[[UNKNOWN]] sin[[UNKNOWN]] ω[[UNKNOWN]] +[[ADDOP]] \frac{\omega_{i}\omega^{j}}{\omega^{2}}[[UNKNOWN]] ([[OPEN]] ±[[ADDOP]] 1[[NUMBER]] -[[ADDOP]] cos[[UNKNOWN]] ω[[UNKNOWN]] )[[CLOSE]] ∈[[RELOP]] O[[UNKNOWN]] ([[OPEN]] 3[[NUMBER]] )[[CLOSE]]
Warning:not_parsed:UNKNOWN.CLOSE.POSTSUBSCRIPT>FLOATSUPERSCRIPT MathParser failed to match rule 'Anything'
	at 0304170_cleaned.tex; line 232 col 10 - line 232 col 36
	In "$(\omega\varepsilon)_{i}{}^{j}\in\mathfrak{s}\mathfrak{o}(3)$"
	([[OPEN]] ω[[UNKNOWN]] ε[[UNKNOWN]] )[[CLOSE]] _{i}[[POSTSUBSCRIPT]]
	        > {}^{j}[[FLOATSUPERSCRIPT]] ∈[[RELOP]] s[[UNKNOWN]] o[[UNKNOWN]] ([[OPEN]] 3[[NUMBER]] )[[CLOSE]]
Warning:not_parsed:UNKNOWN.CLOSE.POSTSUBSCRIPT>FLOATSUPERSCRIPT MathParser failed to match rule 'Anything'
	at 0304170_cleaned.tex; line 237 col 27 - line 237 col 27
	In "\begin{equation}S^{-1}_{(\pm)i}{}^{j}(\omega)=S_{(\pm)i}{}^{j}(-\omega)={\sf\,%
	cos\,}\omega\,\delta_{i}^{j}-\frac{(\omega\varepsilon)_{i}{}^{j}}{\omega}{\sf%
	\,sin\,}\omega+\frac{\omega_{i}\omega^{j}}{\omega^{2}}(\pm 1-{\sf\,cos\,}%
	\omega)~{}\in{\mathbb{O}}(3),\end{equation}"
	([[OPEN]] ω[[UNKNOWN]] ε[[UNKNOWN]] )[[CLOSE]] _{i}[[POSTSUBSCRIPT]]
	        > {}^{j}[[FLOATSUPERSCRIPT]]
Warning:not_parsed:UNKNOWN.POSTSUPERSCRIPT.POSTSUBSCRIPT>FLOATSUPERSCRIPT MathParser failed to match rule 'Anything'
	at 0304170_cleaned.tex; line 235 col 16 - line 239 col 14
	S[[UNKNOWN]] ^{-1}[[POSTSUPERSCRIPT]] _{(\pm)i}[[POSTSUBSCRIPT]]
	        > {}^{j}[[FLOATSUPERSCRIPT]] ([[OPEN]] ω[[UNKNOWN]] )[[CLOSE]] =[[RELOP]] S[[UNKNOWN]] _{(\pm)i}[[POSTSUBSCRIPT]] {}^{j}[[FLOATSUPERSCRIPT]] ([[OPEN]] -[[ADDOP]] ω[[UNKNOWN]] )[[CLOSE]] =[[RELOP]] cos[[UNKNOWN]] ω[[UNKNOWN]] δ[[UNKNOWN]] _{i}[[POSTSUBSCRIPT]] ^{j}[[POSTSUPERSCRIPT]] -[[ADDOP]] \frac{(\omega\varepsilon)_{i}{}^{j}}{\omega}[[UNKNOWN]] sin[[UNKNOWN]] ω[[UNKNOWN]] +[[ADDOP]] \frac{\omega_{i}\omega^{j}}{\omega^{2}}[[UNKNOWN]] ([[OPEN]] ±[[ADDOP]] 1[[NUMBER]] -[[ADDOP]] cos[[UNKNOWN]] ω[[UNKNOWN]] )[[CLOSE]] ∈[[RELOP]] O[[UNKNOWN]] ([[OPEN]] 3[[NUMBER]] )[[CLOSE]]
Warning:not_parsed:UNKNOWN.POSTSUBSCRIPT>FLOATSUPERSCRIPT MathParser failed to match rule 'Anything'
	at 0304170_cleaned.tex; line 244 col 28 - line 244 col 42
	In "$S_{(\pm)i}{}^{j}$"
	S[[UNKNOWN]] _{(\pm)i}[[POSTSUBSCRIPT]]
	        > {}^{j}[[FLOATSUPERSCRIPT]]
Warning:not_parsed:UNKNOWN.POSTSUBSCRIPT>FLOATSUPERSCRIPT MathParser failed to match rule 'Anything'
	at 0304170_cleaned.tex; line 259 col 16 - line 261 col 14
	In "\begin{equation}l_{(\pm)\alpha i}{}^{j}=(\partial_{\alpha}S_{(\pm)}^{-1}S_{(%
	\pm)})_{i}{}^{j}.\end{equation}"
	l[[UNKNOWN]] _{(\pm)\alphai}[[POSTSUBSCRIPT]]
	        > {}^{j}[[FLOATSUPERSCRIPT]] =[[RELOP]] ([[OPEN]] ∂[[OPERATOR]] _{\alpha}[[POSTSUBSCRIPT]] S[[UNKNOWN]] _{(\pm)}[[POSTSUBSCRIPT]] ^{-1}[[POSTSUPERSCRIPT]] S[[UNKNOWN]] _{(\pm)}[[POSTSUBSCRIPT]] )[[CLOSE]] _{i}[[POSTSUBSCRIPT]] {}^{j}[[FLOATSUPERSCRIPT]]
Warning:not_parsed:UNKNOWN.CLOSE.POSTSUBSCRIPT>FLOATSUPERSCRIPT MathParser failed to match rule 'Anything'
	at 0304170_cleaned.tex; line 266 col 55 - line 266 col 55
	In "\begin{equation}\begin{split}l_{(\pm)\alpha i}{}^{j}=\mp\frac{(\partial_{%
	\alpha}\omega\varepsilon)_{i}{}^{j}}{\omega}{\sf\,sin\,}\omega-\frac{\partial_%
	{\alpha}\omega(\omega\varepsilon)_{i}{}^{j}}{\omega}\left(1\mp\frac{{\sf\,sin%
	\,}\omega}{\omega}\right)&\\
	\pm\frac{\partial_{\alpha}\omega_{i}\omega^{j}-\omega_{i}\partial_{\alpha}%
	\omega^{j}}{\omega^{2}}(\pm 1-{\sf\,cos\,}\omega)&~{}~{}\in\mathfrak{s}%
	\mathfrak{o}(3).\end{split}\end{equation}"
	([[OPEN]] ∂[[OPERATOR]] _{\alpha}[[POSTSUBSCRIPT]] ω[[UNKNOWN]] ε[[UNKNOWN]] )[[CLOSE]] _{i}[[POSTSUBSCRIPT]]
	        > {}^{j}[[FLOATSUPERSCRIPT]]
Warning:not_parsed:UNKNOWN.CLOSE.POSTSUBSCRIPT>FLOATSUPERSCRIPT MathParser failed to match rule 'Anything'
	at 0304170_cleaned.tex; line 267 col 37 - line 267 col 37
	∂[[OPERATOR]] _{\alpha}[[POSTSUBSCRIPT]] ω[[UNKNOWN]] ([[OPEN]] ω[[UNKNOWN]] ε[[UNKNOWN]] )[[CLOSE]] _{i}[[POSTSUBSCRIPT]]
	        > {}^{j}[[FLOATSUPERSCRIPT]]
Warning:not_parsed:UNKNOWN.POSTSUBSCRIPT>FLOATSUPERSCRIPT MathParser failed to match rule 'Anything'
	at 0304170_cleaned.tex; line 266 col 3 - line 266 col 3
	l[[UNKNOWN]] _{(\pm)\alphai}[[POSTSUBSCRIPT]]
	        > {}^{j}[[FLOATSUPERSCRIPT]] =[[RELOP]] ∓[[ADDOP]] \frac{(\partial_{\alpha}\omega\varepsilon)_{i}{}^{j}}{\omega}[[UNKNOWN]] sin[[UNKNOWN]] ω[[UNKNOWN]] -[[ADDOP]] \frac{\partial_{\alpha}\omega(\omega\varepsilon)_{i}{}^{j}}{\omega}[[UNKNOWN]] \left([[OPEN]] 1[[NUMBER]] ∓[[ADDOP]] \frac{{\sf\,sin\,}\omega}{\omega}[[UNKNOWN]] \right)[[CLOSE]]
Warning:not_parsed:UNKNOWN.POSTSUBSCRIPT>FLOATSUPERSCRIPT MathParser failed to match rule 'Anything'
	at 0304170_cleaned.tex; line 276 col 44 - line 276 col 74
	In "$l_{\alpha i}{}^{j}=l_{(+)\alpha i}{}^{j}$"
	l[[UNKNOWN]] _{\alphai}[[POSTSUBSCRIPT]]
	        > {}^{j}[[FLOATSUPERSCRIPT]] =[[RELOP]] l[[UNKNOWN]] _{(+)\alphai}[[POSTSUBSCRIPT]] {}^{j}[[FLOATSUPERSCRIPT]]
Warning:not_parsed:ADDOP.UNKNOWN>OPEN MathParser failed to match rule 'Anything'
	at 0304170_cleaned.tex; line 312 col 4 - line 312 col 4
	In "\begin{equation}\begin{split}L&=\varrho\left(\frac{1}{2}\partial_{\alpha}%
	\omega^{2}+(1-{\sf\,cos\,}\omega)\frac{(\partial_{\alpha}\omega\partial_{%
	\alpha}\omega)-\partial_{\alpha}\omega^{2}}{\omega^{2}}\right)\\
	&+\kappa\left((1-{\sf\,cos\,}\omega)\frac{(\partial_{\alpha}\omega\partial_{%
	\alpha}\omega)\partial_{\beta}\omega^{2}-(\partial_{\alpha}\omega\partial_{%
	\beta}\omega)\partial_{\alpha}\omega\partial_{\beta}\omega}{\omega^{2}}\right.%
	\\
	&+\left.(1-{\sf\,cos\,}\omega)^{2}\frac{(\partial_{\alpha}\omega\partial_{%
	\alpha}\omega)^{2}-(\partial_{\alpha}\omega\partial_{\beta}\omega)^{2}-2(%
	\partial_{\alpha}\omega\partial_{\alpha}\omega)\partial_{\beta}\omega^{2}+2(%
	\partial_{\alpha}\omega\partial_{\beta}\omega)\partial_{\alpha}\omega\partial_%
	{\beta}\omega}{\omega^{4}}\right),\end{split}\end{equation}"
	+[[ADDOP]] κ[[UNKNOWN]]
	        > \left([[OPEN]] ([[OPEN]] 1[[NUMBER]] -[[ADDOP]] cos[[UNKNOWN]] ω[[UNKNOWN]] )[[CLOSE]] \frac{(\partial_{\alpha}\omega\partial_{\alpha}\omega)\partial_{\beta}\omega^{2}-(\partial_{\alpha}\omega\partial_{\beta}\omega)\partial_{\alpha}\omega\partial_{\beta}\omega}{\omega^{2}}[[UNKNOWN]]
Warning:not_parsed:CLOSE.POSTSUPERSCRIPT.ATOM>CLOSE MathParser failed to match rule 'Anything'
	at 0304170_cleaned.tex; line 315 col 4 - line 315 col 4
	+[[ADDOP]] ([[OPEN]] 1[[NUMBER]] -[[ADDOP]] cos[[UNKNOWN]] ω[[UNKNOWN]] )[[CLOSE]] ^{2}[[POSTSUPERSCRIPT]] \frac{(\partial_{\alpha}\omega\partial_{\alpha}\omega)^{2}-(\partial_{\alpha}\omega\partial_{\beta}\omega)^{2}-2(\partial_{\alpha}\omega\partial_{\alpha}\omega)\partial_{\beta}\omega^{2}+2(\partial_{\alpha}\omega\partial_{\beta}\omega)\partial_{\alpha}\omega\partial_{\beta}\omega}{\omega^{4}}[[UNKNOWN]]
	        > \right)[[CLOSE]]
Warning:not_parsed:ADDOP.UNKNOWN>OPEN MathParser failed to match rule 'Anything'
	at 0304170_cleaned.tex; line 358 col 4 - line 358 col 4
	In "\begin{equation}\begin{split}L&=\varrho\left(\frac{1}{2}\partial_{\alpha}%
	\omega^{2}+(1-{\sf\,cos\,}\omega)(\partial_{\alpha}k\partial_{\alpha}k)\right)%
	\\
	&+\kappa\left(\vphantom{\frac{1}{2}}(1-{\sf\,cos\,}\omega)\left[(\partial_{%
	\alpha}k\partial_{\alpha}k)\partial_{\beta}\omega^{2}-(\partial_{\alpha}k%
	\partial_{\beta}k)\partial_{\alpha}\omega\partial_{\beta}\omega\right]\right.%
	\\
	&\left.\vphantom{\frac{1}{2}}~{}~{}~{}~{}~{}~{}~{}~{}~{}~{}~{}~{}~{}~{}~{}+(1-%
	{\sf\,cos\,}\omega)^{2}\left[(\partial_{\alpha}k\partial_{\alpha}k)^{2}-(%
	\partial_{\alpha}k\partial_{\beta}k)^{2}\right]\right).\end{split}\end{equation}"
	+[[ADDOP]] κ[[UNKNOWN]]
	        > \left([[OPEN]] ([[OPEN]] 1[[NUMBER]] -[[ADDOP]] cos[[UNKNOWN]] ω[[UNKNOWN]] )[[CLOSE]] \left[[[OPEN]] ([[OPEN]] ∂[[OPERATOR]] _{\alpha}[[POSTSUBSCRIPT]] k[[UNKNOWN]] ∂[[OPERATOR]] _{\alpha}[[POSTSUBSCRIPT]] k[[UNKNOWN]] )[[CLOSE]] ∂[[OPERATOR]] _{\beta}[[POSTSUBSCRIPT]] ω[[UNKNOWN]] ^{2}[[POSTSUPERSCRIPT]] -[[ADDOP]] ([[OPEN]] ∂[[OPERATOR]] _{\alpha}[[POSTSUBSCRIPT]] k[[UNKNOWN]] ∂[[OPERATOR]] _{\beta}[[POSTSUBSCRIPT]] k[[UNKNOWN]] )[[CLOSE]] ∂[[OPERATOR]] _{\alpha}[[POSTSUBSCRIPT]] ω[[UNKNOWN]] ∂[[OPERATOR]] _{\beta}[[POSTSUBSCRIPT]] ω[[UNKNOWN]] \right][[CLOSE]]
Warning:not_parsed:CLOSE.POSTSUPERSCRIPT.CLOSE>CLOSE MathParser failed to match rule 'Anything'
	at 0304170_cleaned.tex; line 362 col 9 - line 362 col 9
	+[[ADDOP]] ([[OPEN]] 1[[NUMBER]] -[[ADDOP]] cos[[UNKNOWN]] ω[[UNKNOWN]] )[[CLOSE]] ^{2}[[POSTSUPERSCRIPT]] \left[[[OPEN]] ([[OPEN]] ∂[[OPERATOR]] _{\alpha}[[POSTSUBSCRIPT]] k[[UNKNOWN]] ∂[[OPERATOR]] _{\alpha}[[POSTSUBSCRIPT]] k[[UNKNOWN]] )[[CLOSE]] ^{2}[[POSTSUPERSCRIPT]] -[[ADDOP]] ([[OPEN]] ∂[[OPERATOR]] _{\alpha}[[POSTSUBSCRIPT]] k[[UNKNOWN]] ∂[[OPERATOR]] _{\beta}[[POSTSUBSCRIPT]] k[[UNKNOWN]] )[[CLOSE]] ^{2}[[POSTSUPERSCRIPT]] \right][[CLOSE]]
	        > \right)[[CLOSE]]
Warning:not_parsed:POSTSUBSCRIPT.CLOSE.POSTSUBSCRIPT>FLOATSUPERSCRIPT MathParser failed to match rule 'Anything'
	at 0304170_cleaned.tex; line 383 col 0 - line 385 col 15
	In "\begin{equation*}\omega^{k}\frac{i}{2}(\sigma_{k})_{\textsc{a}}{}^{\textsc{b}}%
	~{}\in\mathfrak{s}\mathfrak{u}(2),~{}~{}~{}~{}{\textsc{a}},{\textsc{b}}=1,2,\end{equation*}"
	ω[[UNKNOWN]] ^{k}[[POSTSUPERSCRIPT]] \frac{i}{2}[[UNKNOWN]] ([[OPEN]] σ[[UNKNOWN]] _{k}[[POSTSUBSCRIPT]] )[[CLOSE]] _{\textsc{a}}[[POSTSUBSCRIPT]]
	        > {}^{\textsc{b}}[[FLOATSUPERSCRIPT]] ∈[[RELOP]] s[[UNKNOWN]] u[[UNKNOWN]] ([[OPEN]] 2[[NUMBER]] )[[CLOSE]] ,[[PUNCT]] \textsc{a}[[UNKNOWN]] ,[[PUNCT]] \textsc{b}[[UNKNOWN]] =[[RELOP]] 1[[NUMBER]] ,[[PUNCT]] 2[[NUMBER]]
Warning:not_parsed:POSTSUPERSCRIPT.UNKNOWN.POSTSUBSCRIPT>FLOATSUPERSCRIPT MathParser failed to match rule 'Anything'
	at 0304170_cleaned.tex; line 392 col 59 - line 392 col 59
	In "\begin{equation}U_{\textsc{a}}{}^{\textsc{b}}=(e^{(i\omega\sigma/2)})_{\textsc%
	{a}}{}^{\textsc{b}}={\sf\,cos\,}\frac{\omega}{2}\delta_{\textsc{a}}^{\textsc{b%
	}}+i\frac{\omega^{k}\sigma_{k{\textsc{a}}}{}^{\textsc{b}}}{\omega}{\sf\,sin\,}%
	\frac{\omega}{2}~{}~{}\in{\mathbb{S}}{\mathbb{U}}(2).\end{equation}"
	ω[[UNKNOWN]] ^{k}[[POSTSUPERSCRIPT]] σ[[UNKNOWN]] _{k{\textsc{a}}}[[POSTSUBSCRIPT]]
	        > {}^{\textsc{b}}[[FLOATSUPERSCRIPT]]
Warning:not_parsed:UNKNOWN.POSTSUBSCRIPT>FLOATSUPERSCRIPT MathParser failed to match rule 'Anything'
	at 0304170_cleaned.tex; line 390 col 16 - line 394 col 14
	U[[UNKNOWN]] _{\textsc{a}}[[POSTSUBSCRIPT]]
	        > {}^{\textsc{b}}[[FLOATSUPERSCRIPT]] =[[RELOP]] ([[OPEN]] e[[UNKNOWN]] ^{(i\omega\sigma/2)}[[POSTSUPERSCRIPT]] )[[CLOSE]] _{\textsc{a}}[[POSTSUBSCRIPT]] {}^{\textsc{b}}[[FLOATSUPERSCRIPT]] =[[RELOP]] cos[[UNKNOWN]] \frac{\omega}{2}[[UNKNOWN]] δ[[UNKNOWN]] _{\textsc{a}}[[POSTSUBSCRIPT]] ^{\textsc{b}}[[POSTSUPERSCRIPT]] +[[ADDOP]] i[[UNKNOWN]] \frac{\omega^{k}\sigma_{k{\textsc{a}}}{}^{\textsc{b}}}{\omega}[[UNKNOWN]] sin[[UNKNOWN]] \frac{\omega}{2}[[UNKNOWN]] ∈[[RELOP]] S[[UNKNOWN]] U[[UNKNOWN]] ([[OPEN]] 2[[NUMBER]] )[[CLOSE]]
Warning:not_parsed:UNKNOWN.POSTSUBSCRIPT>FLOATSUPERSCRIPT MathParser failed to match rule 'Anything'
	at 0304170_cleaned.tex; line 396 col 0 - line 398 col 15
	In "\begin{equation*}U_{\textsc{a}}{}^{\textsc{b}}\left(\omega^{i}+4\pi\frac{%
	\omega^{i}}{\omega}\right)=U_{\textsc{a}}{}^{\textsc{b}}(\omega^{i}).\end{equation*}"
	U[[UNKNOWN]] _{\textsc{a}}[[POSTSUBSCRIPT]]
	        > {}^{\textsc{b}}[[FLOATSUPERSCRIPT]] \left([[OPEN]] ω[[UNKNOWN]] ^{i}[[POSTSUPERSCRIPT]] +[[ADDOP]] 4[[NUMBER]] π[[UNKNOWN]] \frac{\omega^{i}}{\omega}[[UNKNOWN]] \right)[[CLOSE]] =[[RELOP]] U[[UNKNOWN]] _{\textsc{a}}[[POSTSUBSCRIPT]] {}^{\textsc{b}}[[FLOATSUPERSCRIPT]] ([[OPEN]] ω[[UNKNOWN]] ^{i}[[POSTSUPERSCRIPT]] )[[CLOSE]]
Warning:not_parsed:POSTSUBSCRIPT.UNKNOWN.POSTSUBSCRIPT>FLOATSUPERSCRIPT MathParser failed to match rule 'Anything'
	at 0304170_cleaned.tex; line 457 col 16 - line 459 col 14
	In "\begin{equation}n^{i}=n^{j}_{0}S_{j}{}^{i}(\omega),\end{equation}"
	n[[UNKNOWN]] ^{i}[[POSTSUPERSCRIPT]] =[[RELOP]] n[[UNKNOWN]] ^{j}[[POSTSUPERSCRIPT]] _{0}[[POSTSUBSCRIPT]] S[[UNKNOWN]] _{j}[[POSTSUBSCRIPT]]
	        > {}^{i}[[FLOATSUPERSCRIPT]] ([[OPEN]] ω[[UNKNOWN]] )[[CLOSE]]
Warning:not_parsed:POSTSUBSCRIPT.UNKNOWN.POSTSUBSCRIPT>FLOATSUPERSCRIPT MathParser failed to match rule 'Anything'
	at 0304170_cleaned.tex; line 467 col 5 - line 467 col 5
	In "\begin{equation*}\begin{split}L&=m^{2}\,n_{0}^{i}n_{0}^{j}\partial_{\alpha}S_{%
	i}{}^{k}\partial_{\alpha}S_{jk}\\
	&+\frac{1}{e^{2}}\,n_{0}^{i}n_{0}^{j}n_{0}^{k}n_{0}^{l}\left(\partial_{\alpha}%
	S_{i}{}^{m}\partial_{\alpha}S_{jm}\partial_{\beta}S_{k}{}^{n}\partial_{\beta}S%
	_{ln}-\partial_{\alpha}S_{i}{}^{m}\partial_{\beta}S_{jm}\partial_{\beta}S_{k}{%
	}^{n}\partial_{\alpha}S_{ln}\right).\end{split}\end{equation*}"
	=[[RELOP]] m[[UNKNOWN]] ^{2}[[POSTSUPERSCRIPT]] n[[UNKNOWN]] _{0}[[POSTSUBSCRIPT]] ^{i}[[POSTSUPERSCRIPT]] n[[UNKNOWN]] _{0}[[POSTSUBSCRIPT]] ^{j}[[POSTSUPERSCRIPT]] ∂[[OPERATOR]] _{\alpha}[[POSTSUBSCRIPT]] S[[UNKNOWN]] _{i}[[POSTSUBSCRIPT]]
	        > {}^{k}[[FLOATSUPERSCRIPT]] ∂[[OPERATOR]] _{\alpha}[[POSTSUBSCRIPT]] S[[UNKNOWN]] _{jk}[[POSTSUBSCRIPT]]
Warning:not_parsed:UNKNOWN.POSTSUBSCRIPT.POSTSUPERSCRIPT>OPEN MathParser failed to match rule 'Anything'
	at 0304170_cleaned.tex; line 469 col 4 - line 469 col 4
	+[[ADDOP]] \frac{1}{e^{2}}[[UNKNOWN]] n[[UNKNOWN]] _{0}[[POSTSUBSCRIPT]] ^{i}[[POSTSUPERSCRIPT]] n[[UNKNOWN]] _{0}[[POSTSUBSCRIPT]] ^{j}[[POSTSUPERSCRIPT]] n[[UNKNOWN]] _{0}[[POSTSUBSCRIPT]] ^{k}[[POSTSUPERSCRIPT]] n[[UNKNOWN]] _{0}[[POSTSUBSCRIPT]] ^{l}[[POSTSUPERSCRIPT]]
	        > \left([[OPEN]] ∂[[OPERATOR]] _{\alpha}[[POSTSUBSCRIPT]] S[[UNKNOWN]] _{i}[[POSTSUBSCRIPT]] {}^{m}[[FLOATSUPERSCRIPT]] ∂[[OPERATOR]] _{\alpha}[[POSTSUBSCRIPT]] S[[UNKNOWN]] _{jm}[[POSTSUBSCRIPT]] ∂[[OPERATOR]] _{\beta}[[POSTSUBSCRIPT]] S[[UNKNOWN]] _{k}[[POSTSUBSCRIPT]] {}^{n}[[FLOATSUPERSCRIPT]] ∂[[OPERATOR]] _{\beta}[[POSTSUBSCRIPT]] S[[UNKNOWN]] _{ln}[[POSTSUBSCRIPT]] -[[ADDOP]] ∂[[OPERATOR]] _{\alpha}[[POSTSUBSCRIPT]] S[[UNKNOWN]] _{i}[[POSTSUBSCRIPT]] {}^{m}[[FLOATSUPERSCRIPT]] ∂[[OPERATOR]] _{\beta}[[POSTSUBSCRIPT]] S[[UNKNOWN]] _{jm}[[POSTSUBSCRIPT]] ∂[[OPERATOR]] _{\beta}[[POSTSUBSCRIPT]] S[[UNKNOWN]] _{k}[[POSTSUBSCRIPT]] {}^{n}[[FLOATSUPERSCRIPT]] ∂[[OPERATOR]] _{\alpha}[[POSTSUBSCRIPT]] S[[UNKNOWN]] _{ln}[[POSTSUBSCRIPT]] \right)[[CLOSE]]
Warning:not_parsed:ATOM.ATOM>RELOP MathParser failed to match rule 'Anything'
	at 0304170_cleaned.tex; line 524 col 62 - line 524 col 62
	In "$\displaystyle\frac{1}{m^{2}}\frac{\delta S}{\delta\Theta}=~{}~{}~{}~{}-2%
	\square\Theta+2{\sf\,sin\,}\Theta{\sf\,cos\,}\Theta\partial_{\alpha}\Phi^{2}=0,\@@ENDINLINEMATH"
	\frac{1}{m^{2}}[[UNKNOWN]] \frac{\deltaS}{\delta\Theta}[[UNKNOWN]]
	        > =[[RELOP]] $\displaystyle\frac{1}{m^{2}}\frac{\deltaS}{\delta\Theta}=~{}~{}~{}~{}-2\square\Theta+2{\sf\,sin\,}\Theta{\sf\,cos\,}\Theta\partial_{\alpha}\Phi^{2}=0,\@@ENDINLINEMATH[[PUNCT]] -[[ADDOP]] 2[[NUMBER]] □[[UNKNOWN]] Θ[[UNKNOWN]] +[[ADDOP]] 2[[NUMBER]] sin[[UNKNOWN]] Θ[[UNKNOWN]] cos[[UNKNOWN]] Θ[[UNKNOWN]] ∂[[OPERATOR]] _{\alpha}[[POSTSUBSCRIPT]] Φ[[UNKNOWN]] ^{2}[[POSTSUPERSCRIPT]] =[[RELOP]] 0[[NUMBER]]
Warning:not_parsed:ATOM.ATOM>RELOP MathParser failed to match rule 'Anything'
	at 0304170_cleaned.tex; line 527 col 62 - line 527 col 62
	In "$\displaystyle\frac{1}{m^{2}}\frac{\delta S}{\delta\Phi}=~{}~{}~{}~{}-2%
	\partial_{\alpha}(\partial_{\alpha}\Phi{\sf\,sin\,}^{2}\Theta)=0,\@@ENDINLINEMATH"
	\frac{1}{m^{2}}[[UNKNOWN]] \frac{\deltaS}{\delta\Phi}[[UNKNOWN]]
	        > =[[RELOP]] $\displaystyle\frac{1}{m^{2}}\frac{\deltaS}{\delta\Phi}=~{}~{}~{}~{}-2\partial_{\alpha}(\partial_{\alpha}\Phi{\sf\,sin\,}^{2}\Theta)=0,\@@ENDINLINEMATH[[PUNCT]] -[[ADDOP]] 2[[NUMBER]] ∂[[OPERATOR]] _{\alpha}[[POSTSUBSCRIPT]] ([[OPEN]] ∂[[OPERATOR]] _{\alpha}[[POSTSUBSCRIPT]] Φ[[UNKNOWN]] sin[[UNKNOWN]] ^{2}[[POSTSUPERSCRIPT]] Θ[[UNKNOWN]] )[[CLOSE]] =[[RELOP]] 0[[NUMBER]]
Warning:not_parsed:UNKNOWN>RELOP MathParser failed to match rule 'Anything'
	at 0304170_cleaned.tex; line 622 col 0 - line 629 col 15
	In "\begin{equation*}E=\left\{\begin{aligned} 0,&~{}~{}~{}~{}\text{degenerate %
	solutions I},\\
	b^{2}L,&~{}~{}~{}~{}\text{all other solutions}.\end{aligned}\right.\end{equation*}"
	E[[UNKNOWN]]
	        > =[[RELOP]] \left\{[[OPEN]] Alignment[][[UNKNOWN]]
Warning:not_parsed:ATOM.ATOM>RELOP MathParser failed to match rule 'Anything'
	at 0304170_cleaned.tex; line 715 col 62 - line 715 col 62
	In "$\displaystyle\frac{1}{\varrho}\frac{\delta S}{\delta\omega}=~{}~{}~{}~{}-%
	\omega^{\prime\prime}+{\sf\,sin\,}\omega(\theta^{\prime 2}+{\sf\,sin\,}^{2}%
	\theta\varphi^{\prime 2})=0,\@@ENDINLINEMATH"
	\frac{1}{\varrho}[[UNKNOWN]] \frac{\deltaS}{\delta\omega}[[UNKNOWN]]
	        > =[[RELOP]] $\displaystyle\frac{1}{\varrho}\frac{\deltaS}{\delta\omega}=~{}~{}~{}~{}-\omega^{\prime\prime}+{\sf\,sin\,}\omega(\theta^{\prime2}+{\sf\,sin\,}^{2}\theta\varphi^{\prime2})=0,\@@ENDINLINEMATH[[PUNCT]] -[[ADDOP]] ω[[UNKNOWN]] ^{\prime\prime}[[POSTSUPERSCRIPT]] +[[ADDOP]] sin[[UNKNOWN]] ω[[UNKNOWN]] ([[OPEN]] θ[[UNKNOWN]] ^{\prime2}[[POSTSUPERSCRIPT]] +[[ADDOP]] sin[[UNKNOWN]] ^{2}[[POSTSUPERSCRIPT]] θ[[UNKNOWN]] φ[[UNKNOWN]] ^{\prime2}[[POSTSUPERSCRIPT]] )[[CLOSE]] =[[RELOP]] 0[[NUMBER]]
Warning:not_parsed:ATOM.ATOM>RELOP MathParser failed to match rule 'Anything'
	at 0304170_cleaned.tex; line 718 col 62 - line 718 col 62
	In "$\displaystyle\frac{1}{\varrho}\frac{\delta S}{\delta\theta}=~{}~{}~{}~{}-2%
	\left((1-{\sf\,cos\,}\omega)\theta^{\prime}\right)^{\prime}+2(1-{\sf\,cos\,}%
	\omega){\sf\,sin\,}\theta{\sf\,cos\,}\theta\varphi^{\prime 2}=0,\@@ENDINLINEMATH"
	\frac{1}{\varrho}[[UNKNOWN]] \frac{\deltaS}{\delta\theta}[[UNKNOWN]]
	        > =[[RELOP]] $\displaystyle\frac{1}{\varrho}\frac{\deltaS}{\delta\theta}=~{}~{}~{}~{}-2\left((1-{\sf\,cos\,}\omega)\theta^{\prime}\right)^{\prime}+2(1-{\sf\,cos\,}\omega){\sf\,sin\,}\theta{\sf\,cos\,}\theta\varphi^{\prime2}=0,\@@ENDINLINEMATH[[PUNCT]] -[[ADDOP]] 2[[NUMBER]] \left([[OPEN]] ([[OPEN]] 1[[NUMBER]] -[[ADDOP]] cos[[UNKNOWN]] ω[[UNKNOWN]] )[[CLOSE]] θ[[UNKNOWN]] ^{\prime}[[POSTSUPERSCRIPT]] \right)[[CLOSE]] ^{\prime}[[POSTSUPERSCRIPT]] +[[ADDOP]] 2[[NUMBER]] ([[OPEN]] 1[[NUMBER]] -[[ADDOP]] cos[[UNKNOWN]] ω[[UNKNOWN]] )[[CLOSE]] sin[[UNKNOWN]] θ[[UNKNOWN]] cos[[UNKNOWN]] θ[[UNKNOWN]] φ[[UNKNOWN]] ^{\prime2}[[POSTSUPERSCRIPT]] =[[RELOP]] 0[[NUMBER]]
Warning:not_parsed:ATOM.ATOM>RELOP MathParser failed to match rule 'Anything'
	at 0304170_cleaned.tex; line 722 col 62 - line 722 col 62
	In "$\displaystyle\frac{1}{\varrho}\frac{\delta S}{\delta\varphi}=~{}~{}~{}~{}-2%
	\left((1-{\sf\,cos\,}\omega){\sf\,sin\,}^{2}\theta\varphi^{\prime}\right)^{%
	\prime}=0.\@@ENDINLINEMATH"
	\frac{1}{\varrho}[[UNKNOWN]] \frac{\deltaS}{\delta\varphi}[[UNKNOWN]]
	        > =[[RELOP]] $\displaystyle\frac{1}{\varrho}\frac{\deltaS}{\delta\varphi}=~{}~{}~{}~{}-2\left((1-{\sf\,cos\,}\omega){\sf\,sin\,}^{2}\theta\varphi^{\prime}\right)^{\prime}=0.\@@ENDINLINEMATH[[PUNCT]] -[[ADDOP]] 2[[NUMBER]] \left([[OPEN]] ([[OPEN]] 1[[NUMBER]] -[[ADDOP]] cos[[UNKNOWN]] ω[[UNKNOWN]] )[[CLOSE]] sin[[UNKNOWN]] ^{2}[[POSTSUPERSCRIPT]] θ[[UNKNOWN]] φ[[UNKNOWN]] ^{\prime}[[POSTSUPERSCRIPT]] \right)[[CLOSE]] ^{\prime}[[POSTSUPERSCRIPT]] =[[RELOP]] 0[[NUMBER]]
Warning:not_parsed:POSTSUPERSCRIPT.UNKNOWN.POSTSUBSCRIPT>FLOATSUPERSCRIPT MathParser failed to match rule 'Anything'
	at 0304170_cleaned.tex; line 741 col 31 - line 741 col 52
	In "$n^{i}=n_{0}^{j}S_{j}{}^{i}(\omega)$"
	n[[UNKNOWN]] ^{i}[[POSTSUPERSCRIPT]] =[[RELOP]] n[[UNKNOWN]] _{0}[[POSTSUBSCRIPT]] ^{j}[[POSTSUPERSCRIPT]] S[[UNKNOWN]] _{j}[[POSTSUBSCRIPT]]
	        > {}^{i}[[FLOATSUPERSCRIPT]] ([[OPEN]] ω[[UNKNOWN]] )[[CLOSE]]
Warning:not_parsed:UNKNOWN>RELOP MathParser failed to match rule 'Anything'
	at 0304170_cleaned.tex; line 851 col 0 - line 860 col 15
	In "\begin{equation*}E=\left\{\begin{aligned} 0,&~{}~{}~{}~{}\text{degenerate %
	solutions II},\\
	\frac{1}{2}b^{2}L,&~{}~{}~{}~{}\text{degenerate solutions I},\\
	2b^{2}L,&~{}~{}~{}~{}\text{all other solutions}.\end{aligned}\right.\end{equation*}"
	E[[UNKNOWN]]
	        > =[[RELOP]] \left\{[[OPEN]] Alignment[][[UNKNOWN]]
 16.49 sec)
Math parsing succeeded:
   ltx:XMWrap: 5/11
   ltx:XMath: 403/425
   ltx:XMArg: 1072/1085
Symbols assumed as simple identifiers (with # of occurences):
   'A{italic}' (2), 'B{blackboard}' (3), 'B{italic}' (2), 'C{caligraphic}' (5), 'C{italic}' (2), 'D{italic}' (2), 'E{italic}' (11), 'F{italic}' (2), 'G{italic}' (2), 'I{blackboard}' (1), 'J{italic}' (3), 'L{italic}' (15), 'M{blackboard}' (1), 'O{blackboard}' (68), 'Phi' (40), 'P{blackboard}' (14), 'R{blackboard}' (33), 'S{blackboard}' (99), 'S{italic}' (75), 'Theta' (52), 'U{blackboard}' (17), 'U{italic}' (10), 'X{italic}' (6), 'Y{italic}' (6), 'Z{blackboard}' (10), 'Z{italic}' (3), 'alpha' (16), 'arccos{sansserif}' (3), 'arctg{sansserif}' (1), 'a{italic}' (4), 'beta' (11), 'b{italic}' (31), 'cos{sansserif}' (76), 'c{italic}' (28), 'delta' (56), 'd{italic}' (18), 'epsilon' (2), 'eta' (1), 'e{italic}' (8), 'i{italic}' (27), 'j{italic}' (10), 'kappa' (22), 'k{italic}' (177), 'l{italic}' (34), 'm{italic}' (16), 'n{italic}' (74), 'omega' (319), 'o{fraktur}' (8), 'pi' (36), 'sigma' (7), 'sin{sansserif}' (65), 'square' (20), 's{fraktur}' (14), 'tg{sansserif}' (10), 'theta' (35), 'tr{sansserif}' (6), 't{italic}' (1), 'u{fraktur}' (6), 'u{italic}' (8), 'varepsilon' (26), 'varphi' (27), 'varrho' (13), 'x{italic}' (53), 'y{italic}' (2)
Set MATHPARSER_SPECULATE to speculate on possible notations.
(Finalizing... 1.53 sec)
Conversion complete 35 warnings (See /home/user/latex-in-arxiv/0304170_cleaned.latexml.log) (reqd. 35.86s)
