latexml (LaTeXML version 0.8.6) processing 2003/0304018.tex
(Digesting TeX 0304018...
(Loading /usr/share/perl5/LaTeXML/Package/TeX.pool.ltxml...
(Loading /usr/share/perl5/LaTeXML/Package/eTeX.pool.ltxml... 0.01 sec)
(Loading /usr/share/perl5/LaTeXML/Package/pdfTeX.pool.ltxml... 0.01 sec) 0.22 sec)
(Processing content /home/user/latex-in-arxiv/2003/0304018.tex...
(Loading /usr/share/perl5/LaTeXML/Package/epsf.tex.ltxml...
(Loading /usr/share/perl5/LaTeXML/Package/epsf.sty.ltxml... 0.01 sec) 0.02 sec)
(Processing content /usr/share/texlive/texmf-dist/tex/plain/harvmac/harvmac.tex...
 big or little (b/l)? 
(This will be reduced.
 0.18 sec)
Info:unexpected:manfnt Unrecognized font name 'manfnt'
	at 0304018.tex; line 90 col 24 - line 90 col 24
	Font switch macro \manual will have no effect
(1. Introduction)
(2. Branes in 2-dimensional topological field theory)
(3. K-theory and the renormalization group)
(3.1. Breaking conformal invariance on the boundary)
(3.2.  Boundary renormalization group flow )
(3.3. Tachyon condensation from the worldsheet viewpoint)
(3.4. $g$-function for the nonlinear sigma model)
(3.5. The Dirac-Ramond operator and the topology of ${\cal B}$)
(4. $K$-theory from anomalies and instantons)
(4.1.  What subvarieties of $X_9$ can a D-brane wrap? )
(4.2.  Relation to K-theory via the Atiyah-Hirzebruch spectral sequence)
(4.3. Examples: Twisted K-groups of $SU(N)$)
(5. The example of branes in $SU(N)$ WZW models)
(5.1.  WZW Model for $G=SU(N)$)
(5.2. Geometrical interpretation of the symmetry-preserving branes)
(5.3. Using CFT to measure the distance between branes)
(5.4.  Why are the branes stable? )
(5.5. How collections of D0 branes evolve to symmetry-preserving branes)
(5.6.  The $D0$ charge group )
(5.7. Comment on Cosets)
(6. Conclusion)
(Processing content refs.tmp... 0.82 sec) 11.42 sec) 11.78 sec)
(Building...
(Loading compiled schema /usr/share/perl5/LaTeXML/resources/RelaxNG/LaTeXML.model... 0.01 sec) 12.80 sec)
(Rewriting... 0.20 sec)
(Math Parsing 887 formulae ......
Warning:not_parsed:UNKNOWN.POSTSUPERSCRIPT.UNKNOWN>OPEN MathParser failed to match rule 'Anything'
	at 0304018.tex; line 2066 col 0 - line 2066 col 1
	In "$$g={\tenrm rank}(E)\int e^{-\Phi}\sqrt{\det(g+B)}+\int_{X}e^{-\Phi}{{\tenrm Tr%
	}}\bigl{(}F\wedge*F\bigr{)}+\cdots$$"
	g[[UNKNOWN]] =[[RELOP]] rank[[UNKNOWN]] ([[OPEN]] E[[UNKNOWN]] )[[CLOSE]] ∫[[INTOP]] e[[UNKNOWN]] ^{-\Phi}[[POSTSUPERSCRIPT]] \sqrt{\det(g+B)}[[UNKNOWN]] +[[ADDOP]] ∫[[INTOP]] _{X}[[POSTSUBSCRIPT]] e[[UNKNOWN]] ^{-\Phi}[[POSTSUPERSCRIPT]] Tr[[UNKNOWN]]
	        > ([[OPEN]] F[[UNKNOWN]] ∧[[ADDOP]] *[[MULOP]] F[[UNKNOWN]] )[[CLOSE]] +[[ADDOP]] ⋯[[ID]]
Warning:not_parsed:>VERTBAR MathParser failed to match rule 'Anything'
	at 0304018.tex; line 2866 col 0 - line 2866 col 1
	In "$$|B(a)\rangle\rangle\in{\cal H}^{\tenrm closed}.$$"
	> |[[VERTBAR]] B[[UNKNOWN]] ([[OPEN]] a[[UNKNOWN]] )[[CLOSE]] \rangle[[CLOSE]] \rangle[[CLOSE]] ∈[[RELOP]] H[[UNKNOWN]] ^{\tenrmclosed}[[POSTSUPERSCRIPT]]
Warning:not_parsed:>VERTBAR MathParser failed to match rule 'Anything'
	at 0304018.tex; line 2873 col 0 - line 2873 col 1
	In "$$|B(\lambda)\rangle\rangle=\sum_{\lambda^{\prime}\in P^{+}_{k}}{S_{\lambda}^{%
	~{}\lambda^{\prime}}\over\sqrt{S_{0}^{\lambda^{\prime}}}}~{}{\tenbf 1}_{{\cal H%
	}_{\lambda^{\prime}}}\in{\cal H}^{\tenrm closed}$$"
	> |[[VERTBAR]] B[[UNKNOWN]] ([[OPEN]] λ[[UNKNOWN]] )[[CLOSE]] \rangle[[CLOSE]] \rangle[[CLOSE]] =[[RELOP]] ∑[[SUMOP]] _{\lambda^{\prime}\inP^{+}_{k}}[[POSTSUBSCRIPT]] S_{\lambda}^{~{}\lambda^{\prime}}\over\sqrt{S_{0}^{\lambda^{\prime}}}[[UNKNOWN]] 1[[NUMBER]] _{{\calH}_{\lambda^{\prime}}}[[POSTSUBSCRIPT]] ∈[[RELOP]] H[[UNKNOWN]] ^{\tenrmclosed}[[POSTSUPERSCRIPT]]
Warning:not_parsed:>VERTBAR MathParser failed to match rule 'Anything'
	at 0304018.tex; line 2951 col 0 - line 2951 col 1
	In "$$|B(\lambda)\rangle\rangle\to B_{\lambda}+\cdots$$"
	> |[[VERTBAR]] B[[UNKNOWN]] ([[OPEN]] λ[[UNKNOWN]] )[[CLOSE]] \rangle[[CLOSE]] \rangle[[CLOSE]] →[[ARROW]] B[[UNKNOWN]] _{\lambda}[[POSTSUBSCRIPT]] +[[ADDOP]] ⋯[[ID]]
Warning:not_parsed:>VERTBAR MathParser failed to match rule 'Anything'
	at 0304018.tex; line 2955 col 30 - line 2955 col 48
	In "$|B(\lambda)\rangle\rangle$"
	> |[[VERTBAR]] B[[UNKNOWN]] ([[OPEN]] λ[[UNKNOWN]] )[[CLOSE]] \rangle[[CLOSE]] \rangle[[CLOSE]]
Warning:not_parsed:OPEN.UNKNOWN.CLOSE>CLOSE MathParser failed to match rule 'Anything'
	at 0304018.tex; line 3031 col 0 - line 3031 col 1
	In "$$g_{L}g_{R}|B(\lambda)\rangle\rangle.$$"
	g[[UNKNOWN]] _{L}[[POSTSUBSCRIPT]] g[[UNKNOWN]] _{R}[[POSTSUBSCRIPT]] |[[VERTBAR]] B[[UNKNOWN]] ([[OPEN]] λ[[UNKNOWN]] )[[CLOSE]]
	        > \rangle[[CLOSE]] \rangle[[CLOSE]]
Warning:not_parsed:RELOP.UNKNOWN.POSTSUBSCRIPT>MULOP MathParser failed to match rule 'Anything'
	at 0304018.tex; line 3056 col 45 - line 3056 col 80
	In "$a=g_{L}\cdot|B(\lambda=0)\rangle\rangle$"
	a[[UNKNOWN]] =[[RELOP]] g[[UNKNOWN]] _{L}[[POSTSUBSCRIPT]]
	        > ⋅[[MULOP]] |[[VERTBAR]] B[[UNKNOWN]] ([[OPEN]] λ[[UNKNOWN]] =[[RELOP]] 0[[NUMBER]] )[[CLOSE]] \rangle[[CLOSE]] \rangle[[CLOSE]]
Warning:not_parsed:UNKNOWN>RELOP MathParser failed to match rule 'Anything'
	at 0304018.tex; line 3057 col 2 - line 3057 col 25
	In "$b=|B(\lambda)\rangle\rangle$"
	b[[UNKNOWN]]
	        > =[[RELOP]] |[[VERTBAR]] B[[UNKNOWN]] ([[OPEN]] λ[[UNKNOWN]] )[[CLOSE]] \rangle[[CLOSE]] \rangle[[CLOSE]]
Warning:not_parsed:POSTSUBSCRIPT.UNKNOWN.ADDOP>MULOP MathParser failed to match rule 'Anything'
	at 0304018.tex; line 3165 col 0 - line 3165 col 1
	In "$$\int_{S^{2}}F\wedge*F\sim{n^{2}\over R^{2}}$$"
	∫[[INTOP]] _{S^{2}}[[POSTSUBSCRIPT]] F[[UNKNOWN]] ∧[[ADDOP]]
	        > *[[MULOP]] F[[UNKNOWN]] ∼[[RELOP]] n^{2}\overR^{2}[[UNKNOWN]]
Warning:not_parsed:>VERTBAR MathParser failed to match rule 'Anything'
	at 0304018.tex; line 3183 col 7 - line 3183 col 25
	In "$|B(\lambda)\rangle\rangle$"
	> |[[VERTBAR]] B[[UNKNOWN]] ([[OPEN]] λ[[UNKNOWN]] )[[CLOSE]] \rangle[[CLOSE]] \rangle[[CLOSE]]
Warning:not_parsed:>VERTBAR MathParser failed to match rule 'Anything'
	at 0304018.tex; line 3231 col 35 - line 3231 col 53
	In "$|B(\lambda)\rangle\rangle$"
	> |[[VERTBAR]] B[[UNKNOWN]] ([[OPEN]] λ[[UNKNOWN]] )[[CLOSE]] \rangle[[CLOSE]] \rangle[[CLOSE]]
Warning:not_parsed:OPEN.NUMBER.CLOSE>CLOSE MathParser failed to match rule 'Anything'
	at 0304018.tex; line 3246 col 2 - line 3246 col 19
	In "$L|B(0)\rangle\rangle$"
	L[[UNKNOWN]] |[[VERTBAR]] B[[UNKNOWN]] ([[OPEN]] 0[[NUMBER]] )[[CLOSE]]
	        > \rangle[[CLOSE]] \rangle[[CLOSE]]
Warning:not_parsed:OPEN.NUMBER.CLOSE>CLOSE MathParser failed to match rule 'Anything'
	at 0304018.tex; line 3255 col 3 - line 3255 col 20
	In "$L|B(0)\rangle\rangle$"
	L[[UNKNOWN]] |[[VERTBAR]] B[[UNKNOWN]] ([[OPEN]] 0[[NUMBER]] )[[CLOSE]]
	        > \rangle[[CLOSE]] \rangle[[CLOSE]]
Warning:not_parsed:>VERTBAR MathParser failed to match rule 'Anything'
	at 0304018.tex; line 3256 col 15 - line 3256 col 32
	In "$|B(\lambda)\rangle\rangle$"
	> |[[VERTBAR]] B[[UNKNOWN]] ([[OPEN]] λ[[UNKNOWN]] )[[CLOSE]] \rangle[[CLOSE]] \rangle[[CLOSE]]
Warning:not_parsed:OPEN.NUMBER.CLOSE>CLOSE MathParser failed to match rule 'Anything'
	at 0304018.tex; line 3277 col 3 - line 3277 col 20
	In "$L|B(0)\rangle\rangle$"
	L[[UNKNOWN]] |[[VERTBAR]] B[[UNKNOWN]] ([[OPEN]] 0[[NUMBER]] )[[CLOSE]]
	        > \rangle[[CLOSE]] \rangle[[CLOSE]]
Warning:not_parsed:>VERTBAR MathParser failed to match rule 'Anything'
	at 0304018.tex; line 3277 col 30 - line 3277 col 47
	In "$|B(\lambda)\rangle\rangle$"
	> |[[VERTBAR]] B[[UNKNOWN]] ([[OPEN]] λ[[UNKNOWN]] )[[CLOSE]] \rangle[[CLOSE]] \rangle[[CLOSE]]
Warning:not_parsed:INTOP.UNKNOWN.UNKNOWN>OPEN MathParser failed to match rule 'Anything'
	at 0304018.tex; line 3314 col 0 - line 3314 col 1
	In "$$\eqalign{Q&=\oint dz\biggl{(}{1\over k}J_{a}\psi_{a}-{1\over 6k^{2}}f_{abc}%
	\psi_{a}\psi_{b}\psi_{c}\biggr{)}\cr H&={1\over 2k}\oint dz\left(:J_{a}J_{a}:+%
	\partial\psi_{a}\psi_{a}\right)\cr}$$"
	=[[RELOP]] 1\over2k[[UNKNOWN]] ∮[[INTOP]] d[[UNKNOWN]] z[[UNKNOWN]]
	        > \left([[OPEN]] :[[METARELOP]] J[[UNKNOWN]] _{a}[[POSTSUBSCRIPT]] J[[UNKNOWN]] _{a}[[POSTSUBSCRIPT]] :[[METARELOP]] +[[ADDOP]] ∂[[OPERATOR]] ψ[[UNKNOWN]] _{a}[[POSTSUBSCRIPT]] ψ[[UNKNOWN]] _{a}[[POSTSUBSCRIPT]] \right)[[CLOSE]]
Warning:not_parsed:ATOM.SUMOP.POSTSUBSCRIPT>OPEN MathParser failed to match rule 'Anything'
	at 0304018.tex; line 3357 col 0 - line 3357 col 1
	In "$$\eqalign{&H_{u}={1\over 2k}\sum_{n}\left(:(J^{a}_{n}+ukS^{a})(J^{a}_{-n}+ukS%
	^{a}):+n\psi^{a}_{n}\psi^{a}_{-n}\right)\cr&+{1\over 2}u(u-{1\over k})\sum_{n,%
	m}f^{abc}\psi_{n}^{a}\psi_{m}^{b}S^{c}\cr}$$"
	H[[UNKNOWN]] _{u}[[POSTSUBSCRIPT]] =[[RELOP]] 1\over2k[[UNKNOWN]] ∑[[SUMOP]] _{n}[[POSTSUBSCRIPT]]
	        > \left([[OPEN]] :[[METARELOP]] ([[OPEN]] J[[UNKNOWN]] ^{a}[[POSTSUPERSCRIPT]] _{n}[[POSTSUBSCRIPT]] +[[ADDOP]] u[[UNKNOWN]] k[[UNKNOWN]] S[[UNKNOWN]] ^{a}[[POSTSUPERSCRIPT]] )[[CLOSE]] ([[OPEN]] J[[UNKNOWN]] ^{a}[[POSTSUPERSCRIPT]] _{-n}[[POSTSUBSCRIPT]] +[[ADDOP]] u[[UNKNOWN]] k[[UNKNOWN]] S[[UNKNOWN]] ^{a}[[POSTSUPERSCRIPT]] )[[CLOSE]] :[[METARELOP]] +[[ADDOP]] n[[UNKNOWN]] ψ[[UNKNOWN]] ^{a}[[POSTSUPERSCRIPT]] _{n}[[POSTSUBSCRIPT]] ψ[[UNKNOWN]] ^{a}[[POSTSUPERSCRIPT]] _{-n}[[POSTSUBSCRIPT]] \right)[[CLOSE]]
Warning:not_parsed:ATOM.SUMOP.POSTSUBSCRIPT>OPEN MathParser failed to match rule 'Anything'
	at 0304018.tex; line 3366 col 0 - line 3366 col 1
	In "$$H_{*}={1\over 2k}\sum_{n}\left(:{\cal J}^{a}_{n}{\cal J}^{a}_{-n}:+n\psi^{a}%
	_{n}\psi^{a}_{-n}\right)$$"
	H[[UNKNOWN]] _{*}[[POSTSUBSCRIPT]] =[[RELOP]] 1\over2k[[UNKNOWN]] ∑[[SUMOP]] _{n}[[POSTSUBSCRIPT]]
	        > \left([[OPEN]] :[[METARELOP]] J[[UNKNOWN]] ^{a}[[POSTSUPERSCRIPT]] _{n}[[POSTSUBSCRIPT]] J[[UNKNOWN]] ^{a}[[POSTSUPERSCRIPT]] _{-n}[[POSTSUBSCRIPT]] :[[METARELOP]] +[[ADDOP]] n[[UNKNOWN]] ψ[[UNKNOWN]] ^{a}[[POSTSUPERSCRIPT]] _{n}[[POSTSUBSCRIPT]] ψ[[UNKNOWN]] ^{a}[[POSTSUPERSCRIPT]] _{-n}[[POSTSUBSCRIPT]] \right)[[CLOSE]]
Warning:not_parsed:UNKNOWN.POSTSUBSCRIPT.CLOSE>CLOSE MathParser failed to match rule 'Anything'
	at 0304018.tex; line 3392 col 0 - line 3392 col 1
	In "$${{\tenrm Tr}}_{\lambda_{1}}\biggl{(}P\exp\oint u_{*}I\biggr{)}|B(\lambda_{2}%
	)\rangle\rangle=\sum_{\lambda_{3}}N_{\lambda_{1},\lambda_{2}}^{\lambda_{3}}|B(%
	\lambda_{3})\rangle\rangle$$"
	Tr[[UNKNOWN]] _{\lambda_{1}}[[POSTSUBSCRIPT]] ([[OPEN]] P[[UNKNOWN]] exp[[OPFUNCTION]] ∮[[INTOP]] u[[UNKNOWN]] _{*}[[POSTSUBSCRIPT]] I[[UNKNOWN]] )[[CLOSE]] |[[VERTBAR]] B[[UNKNOWN]] ([[OPEN]] λ[[UNKNOWN]] _{2}[[POSTSUBSCRIPT]] )[[CLOSE]]
	        > \rangle[[CLOSE]] \rangle[[CLOSE]] =[[RELOP]] ∑[[SUMOP]] _{\lambda_{3}}[[POSTSUBSCRIPT]] N[[UNKNOWN]] _{\lambda_{1},\lambda_{2}}[[POSTSUBSCRIPT]] ^{\lambda_{3}}[[POSTSUPERSCRIPT]] |[[VERTBAR]] B[[UNKNOWN]] ([[OPEN]] λ[[UNKNOWN]] _{3}[[POSTSUBSCRIPT]] )[[CLOSE]] \rangle[[CLOSE]] \rangle[[CLOSE]]
 18.81 sec)
Math parsing succeeded:
   ltx:XMath: 881/899
   ltx:XMArg: 1099/1101
   ltx:XMWrap: 7/9
Symbols assumed as simple identifiers (with # of occurences):
   'A{caligraphic}' (3), 'A{italic}' (22), 'B{caligraphic}' (4), 'B{italic}' (67), 'C{bold}' (4), 'C{caligraphic}' (3), 'C{italic}' (4), 'Delta' (4), 'D{italic}' (43), 'End' (1), 'E{italic}' (26), 'F{caligraphic}' (3), 'F{italic}' (22), 'G{italic}' (48), 'Hom' (1), 'H{caligraphic}' (61), 'H{italic}' (62), 'IR' (10), 'Im' (2), 'I{italic}' (18), 'J{bold}' (1), 'J{caligraphic}' (7), 'J{italic}' (14), 'Ker' (4), 'K{italic}' (30), 'Lambda' (3), 'L{caligraphic}' (4), 'L{italic}' (30), 'Mor' (1), 'M{italic}' (6), 'N{caligraphic}' (13), 'N{italic}' (46), 'O{caligraphic}' (30), 'O{italic}' (2), 'P' (2), 'Pfaff' (1), 'Phi' (3), 'P{caligraphic}' (2), 'P{italic}' (25), 'Q{italic}' (12), 'R{italic}' (16), 'Sigma' (5), 'Spec' (1), 'Spin' (1), 'S{caligraphic}' (2), 'S{italic}' (97), 'Tr' (17), 'T{italic}' (23), 'U{italic}' (59), 'V{italic}' (2), 'W{caligraphic}' (67), 'W{italic}' (16), 'X{italic}' (35), 'Z{italic}' (23), 'alpha' (8), 'a{italic}' (81), 'beta' (9), 'b{italic}' (44), 'chi' (17), 'c{italic}' (15), 'delta' (5), 'd{italic}' (80), 'ell' (1), 'ev' (2), 'e{italic}' (24), 'f{italic}' (5), 'gcd' (2), 'g{italic}' (58), 'h{italic}' (8), 'in' (1), 'iota' (21), 'i{italic}' (15), 'j{italic}' (10), 'k{italic}' (84), 'lambda' (109), 'mod' (3), 'mu' (21), 'm{italic}' (1), 'nu' (18), 'n{italic}' (15), 'omega' (21), 'o{italic}' (2), 'pi' (37), 'psi' (53), 'q{italic}' (17), 'rank' (2), 'rho' (7), 'r{italic}' (9), 'sigma' (8), 's{italic}' (6), 'tau' (21), 'theta' (3), 't{italic}' (20), 'u{italic}' (22), 'vol' (1), 'w{italic}' (14), 'x{italic}' (45), 'z{italic}' (22)
Set MATHPARSER_SPECULATE to speculate on possible notations.
(Finalizing... 1.76 sec)
Conversion complete 20 warnings (See /home/user/latex-in-arxiv/0304018.latexml.log) (reqd. 46.48s)
