latexml (LaTeXML version 0.8.6) processing 2003/0304065.tex
(Digesting TeX 0304065...
(Loading /usr/share/perl5/LaTeXML/Package/TeX.pool.ltxml...
(Loading /usr/share/perl5/LaTeXML/Package/eTeX.pool.ltxml... 0.01 sec)
(Loading /usr/share/perl5/LaTeXML/Package/pdfTeX.pool.ltxml... 0.01 sec) 0.20 sec)
(Processing content /home/user/latex-in-arxiv/2003/0304065.tex...
(Loading /usr/share/perl5/LaTeXML/Package/LaTeX.pool.ltxml...
(Loading /usr/share/perl5/LaTeXML/Package/textcomp.sty.ltxml...
(Processing definitions /usr/share/texlive/texmf-dist/tex/latex-dev/base/ts1enc.dfu... 0.02 sec) 1.26 sec) 1.55 sec)
(Loading /usr/share/perl5/LaTeXML/Package/article.cls.ltxml... 0.01 sec)
(Loading /usr/share/perl5/LaTeXML/Package/amssymb.sty.ltxml...
(Loading /usr/share/perl5/LaTeXML/Package/amsfonts.sty.ltxml... 0.00 sec) 0.02 sec)
(Loading /usr/share/perl5/LaTeXML/Package/graphicx.sty.ltxml...
(Loading /usr/share/perl5/LaTeXML/Package/graphics.sty.ltxml... 0.01 sec) 0.03 sec)
(Loading /usr/share/perl5/LaTeXML/Package/amsmath.sty.ltxml...
(Loading /usr/share/perl5/LaTeXML/Package/amsbsy.sty.ltxml...
(Loading /usr/share/perl5/LaTeXML/Package/amsgen.sty.ltxml... 0.01 sec) 0.01 sec)
(Loading /usr/share/perl5/LaTeXML/Package/amstext.sty.ltxml... 0.01 sec)
(Loading /usr/share/perl5/LaTeXML/Package/amsopn.sty.ltxml... 0.01 sec) 0.07 sec)
(Loading /usr/share/perl5/LaTeXML/Package/tcilatex.tex.ltxml...
TCILATEX Macros for Scientific Word 2.5 <22 Dec 95>.
NOTICE: This macro file is NOT proprietary and may be freely copied and distributed.
(Loading /usr/share/perl5/LaTeXML/Package/latexsym.sty.ltxml... 0.00 sec) 0.15 sec) 4.86 sec) 5.07 sec)
(Building...
(Loading compiled schema /usr/share/perl5/LaTeXML/resources/RelaxNG/LaTeXML.model... 0.01 sec) 3.32 sec)
(Rewriting... 0.09 sec)
(Math Parsing 163 formulae ......
Warning:not_parsed:POSTSUPERSCRIPT.UNKNOWN.POSTSUPERSCRIPT>CLOSE MathParser failed to match rule 'Anything'
	at 0304065.tex; line 110 col 35 - line 110 col 35
	In "\begin{equation}G^{\mu\nu}_{ab}(k)=\frac{-i\delta^{ab}}{k^{2}}\left\{g^{\mu\nu%
	}-\frac{k^{\mu}n^{\nu}+k^{\nu}n^{\mu})}{k\cdot n}\right\}\,,\end{equation}"
	k[[UNKNOWN]] ^{\mu}[[POSTSUPERSCRIPT]] n[[UNKNOWN]] ^{\nu}[[POSTSUPERSCRIPT]] +[[ADDOP]] k[[UNKNOWN]] ^{\nu}[[POSTSUPERSCRIPT]] n[[UNKNOWN]] ^{\mu}[[POSTSUPERSCRIPT]]
	        > )[[CLOSE]]
Warning:not_parsed:POSTSUPERSCRIPT.UNKNOWN.ADDOP>ADDOP MathParser failed to match rule 'Anything'
	at 0304065.tex; line 289 col 1 - line 289 col 1
	In "$\displaystyle G^{\mu\nu}(k)=g^{\mu\nu}A+k^{\mu}k^{\nu}B+k^{\mu}n^{\nu}C+n^{%
	\mu}k^{\nu}D+k^{\mu}m^{\nu}E++m^{\mu}k^{\nu}F+n^{\mu}n^{\nu}G+m^{\mu}m^{\nu}H+%
	n^{\mu}m^{\nu}I+m^{\mu}n^{\nu}J\@@ENDINLINEMATH"
	G[[UNKNOWN]] ^{\mu\nu}[[POSTSUPERSCRIPT]] ([[OPEN]] k[[UNKNOWN]] )[[CLOSE]] =[[RELOP]] g[[UNKNOWN]] ^{\mu\nu}[[POSTSUPERSCRIPT]] A[[UNKNOWN]] +[[ADDOP]] k[[UNKNOWN]] ^{\mu}[[POSTSUPERSCRIPT]] k[[UNKNOWN]] ^{\nu}[[POSTSUPERSCRIPT]] B[[UNKNOWN]] +[[ADDOP]] k[[UNKNOWN]] ^{\mu}[[POSTSUPERSCRIPT]] n[[UNKNOWN]] ^{\nu}[[POSTSUPERSCRIPT]] C[[UNKNOWN]] +[[ADDOP]] n[[UNKNOWN]] ^{\mu}[[POSTSUPERSCRIPT]] k[[UNKNOWN]] ^{\nu}[[POSTSUPERSCRIPT]] D[[UNKNOWN]] +[[ADDOP]] k[[UNKNOWN]] ^{\mu}[[POSTSUPERSCRIPT]] m[[UNKNOWN]] ^{\nu}[[POSTSUPERSCRIPT]] E[[UNKNOWN]] +[[ADDOP]]
	        > +[[ADDOP]] m[[UNKNOWN]] ^{\mu}[[POSTSUPERSCRIPT]] k[[UNKNOWN]] ^{\nu}[[POSTSUPERSCRIPT]] F[[UNKNOWN]] +[[ADDOP]] n[[UNKNOWN]] ^{\mu}[[POSTSUPERSCRIPT]] n[[UNKNOWN]] ^{\nu}[[POSTSUPERSCRIPT]] G[[UNKNOWN]] +[[ADDOP]] m[[UNKNOWN]] ^{\mu}[[POSTSUPERSCRIPT]] m[[UNKNOWN]] ^{\nu}[[POSTSUPERSCRIPT]] H[[UNKNOWN]] +[[ADDOP]] n[[UNKNOWN]] ^{\mu}[[POSTSUPERSCRIPT]] m[[UNKNOWN]] ^{\nu}[[POSTSUPERSCRIPT]] I[[UNKNOWN]] +[[ADDOP]] m[[UNKNOWN]] ^{\mu}[[POSTSUPERSCRIPT]] n[[UNKNOWN]] ^{\nu}[[POSTSUPERSCRIPT]] J[[UNKNOWN]]
Warning:not_parsed:>FLOATSUPERSCRIPT MathParser failed to match rule 'Superscript'
	at 0304065.tex; line 443 col 43 - line 443 col 43
	In "\begin{equation}\partial^{0}\phi^{{}^{\prime}}=-A^{{}^{\prime}0},\end{equation}"
	> {}^{\prime}[[FLOATSUPERSCRIPT]] 0[[NUMBER]]
Warning:not_parsed:>FLOATSUPERSCRIPT MathParser failed to match rule 'Superscript'
	at 0304065.tex; line 445 col 37 - line 445 col 37
	In "$A^{{}^{\prime\prime}0}=0$"
	> {}^{\prime\prime}[[FLOATSUPERSCRIPT]] 0[[NUMBER]]
Warning:not_parsed:>FLOATSUPERSCRIPT MathParser failed to match rule 'Superscript'
	at 0304065.tex; line 446 col 42 - line 446 col 42
	In "$\partial_{0}A^{{}^{\prime\prime}0}=0$"
	> {}^{\prime\prime}[[FLOATSUPERSCRIPT]] 0[[NUMBER]]
Warning:not_parsed:>FLOATSUPERSCRIPT MathParser failed to match rule 'Superscript'
	at 0304065.tex; line 460 col 46 - line 460 col 46
	In "$\displaystyle\partial^{+}\phi^{{}^{\prime}}=-A^{{}^{\prime}+}.\@@ENDINLINEMATH"
	> {}^{\prime}[[FLOATSUPERSCRIPT]] +[[ADDOP]]
Warning:not_parsed:>FLOATSUPERSCRIPT MathParser failed to match rule 'Superscript'
	at 0304065.tex; line 460 col 46 - line 460 col 46
	In "$\displaystyle-A^{{}^{\prime}+}.$"
	> {}^{\prime}[[FLOATSUPERSCRIPT]] +[[ADDOP]]
Warning:not_parsed:>FLOATSUPERSCRIPT MathParser failed to match rule 'Superscript'
	at 0304065.tex; line 463 col 32 - line 463 col 32
	In "$A^{{}^{\prime\prime}+}=A^{{}^{\prime}+}-A^{{}^{\prime}+}=0$"
	> {}^{\prime\prime}[[FLOATSUPERSCRIPT]] +[[ADDOP]]
Warning:not_parsed:>FLOATSUPERSCRIPT MathParser failed to match rule 'Superscript'
	at 0304065.tex; line 463 col 47 - line 463 col 47
	> {}^{\prime}[[FLOATSUPERSCRIPT]] +[[ADDOP]]
Warning:not_parsed:>FLOATSUPERSCRIPT MathParser failed to match rule 'Superscript'
	at 0304065.tex; line 463 col 62 - line 463 col 62
	> {}^{\prime}[[FLOATSUPERSCRIPT]] +[[ADDOP]]
 4.92 sec)
Math parsing succeeded:
   ltx:XMath: 162/163
   ltx:XMArg: 465/474
Symbols assumed as simple identifiers (with # of occurences):
   'A{italic}' (112), 'Box' (2), 'B{italic}' (7), 'C{italic}' (8), 'D{italic}' (9), 'E{italic}' (5), 'F{italic}' (13), 'G{italic}' (20), 'H{italic}' (4), 'I{italic}' (4), 'J{italic}' (4), 'Lambda' (8), 'L{caligraphic}' (9), 'N{italic}' (1), 'O{italic}' (2), 'alpha' (11), 'a{italic}' (5), 'beta' (13), 'b{italic}' (5), 'delta' (3), 'g{italic}' (10), 'i{italic}' (2), 'k{italic}' (105), 'lambda' (9), 'mu' (32), 'm{italic}' (22), 'nu' (24), 'n{italic}' (95), 'phi' (10), 'square' (3), 'theta' (7), 't{italic}' (1), 'x{italic}' (26)
Set MATHPARSER_SPECULATE to speculate on possible notations.
(Finalizing... 0.48 sec)
Conversion complete 10 warnings (See /home/user/latex-in-arxiv/0304065.latexml.log) (reqd. 14.38s)
