latexmlpost (LaTeXML version 0.8.6) paginating /home/user/latex-in-arxiv/2003/0304227.xml
(post-processing...
(Scan  processing...
Scan: DBStatus: 2442/0 objects
 0.66 sec)
(MakeBibliography  processing...
Error:missing_file:konishi Couldn't find Bibliography 'konishi'
	at Post::MakeBibliography[@0x55e727051438]
	Searchpaths were /home/user/latex-in-arxiv/2003,/home/user/latex-in-arxiv,.
	In Post::MakeBibliography[@0x55e727051438] ->getBibliographies
Info:expected:konishi Couldn't find usable Bibliography for 'konishi'
	at Post::MakeBibliography[@0x55e727051438]
MakeBibliography: using bibliographies konishi]
MakeBibliography: 15 bibentries, 0 cited
Warning:expected:bibkeys Missing bibkeys akemann:1996zr, alvarez-gaume:1985dr, ambjorn:1993gw, cachazo:2002ry, dijkgraaf:2002dh, dijkgraaf:2002xd, dijkgraaf:2002yn, gates:1983nr, klemm:2002pa, konishi:1988mb, magnoli:1990qh, ooguri:2003qp, ooguri:2003tt, wess:1992cp, witten:1994ev
	In Post::MakeBibliography[@0x55e727051438] ->getBibEntries
Scan: DBStatus: 2443/0 objects
 2.12 sec)
(CrossRef  processing...
Warning:expected:ids Missing Entry for citation: Akemann:1996zr,Ooguri:2003qp,Ambjorn:1993gw,Gates:1983nr,Ooguri:2003tt,Magnoli:1990qh,Konishi:1988mb,Dijkgraaf:2002dh,Dijkgraaf:2002yn,Dijkgraaf:2002xd,Witten:1994ev,Cachazo:2002ry,Alvarez-Gaume:1985dr,Wess:1992cp,Klemm:2002pa
	In Post::CrossRef[@0x55e727246770] ->process
Warning:expected:ids Missing File location for ID: S2.E3,S4.E78,S4.E63,S4.E89,S2.E2,S3.E25,S4.E67,A2.E97,S3.E16,S3.Ex13,S4.E33,S4.E70,S3.E18,S4.E34,S3.Ex15,S4.E72,S3.E21,S4.E69,S4.E32,S4.E58,S4.E83,S4.E61,S4.E74,S2.E11,S3.Ex14,S4.E41,S4.E30,S4.E73,S4.E68,A2.E98,S4.E84,A2.E101,S4.E40,S2.E10,S2.E8,S4.E56,S4.E28,S2.E12,S4.E66,S4.E94,S4.E42,S3.E20
	In Post::CrossRef[@0x55e727246770] ->process
Warning:expected:ids Missing Target for Label: LABEL:expweak,LABEL:ring,LABEL:ident1,LABEL:proof3,LABEL:3ptvanish,LABEL:con2,LABEL:ident
	In Post::CrossRef[@0x55e727246770] ->process
 0.39 sec)
(Writer  processing... 0.02 sec) 3.19 sec)
Postprocessing complete 4 warnings; 1 error (See /home/user/latex-in-arxiv/0304227.latexmlpost.log) (reqd. 3.56s)
