latexml (LaTeXML version 0.8.6) processing 2003/0304085.tex
(Digesting TeX 0304085...
(Loading /usr/share/perl5/LaTeXML/Package/TeX.pool.ltxml...
(Loading /usr/share/perl5/LaTeXML/Package/eTeX.pool.ltxml... 0.00 sec)
(Loading /usr/share/perl5/LaTeXML/Package/pdfTeX.pool.ltxml... 0.01 sec) 0.13 sec)
(Processing content /home/user/latex-in-arxiv/2003/0304085.tex...
(Loading /usr/share/perl5/LaTeXML/Package/LaTeX.pool.ltxml...
(Loading /usr/share/perl5/LaTeXML/Package/textcomp.sty.ltxml...
(Processing definitions /usr/share/texlive/texmf-dist/tex/latex-dev/base/ts1enc.dfu... 0.03 sec) 1.40 sec) 1.58 sec)
(Loading /usr/share/perl5/LaTeXML/Package/JHEP3.cls.ltxml...
(Loading /usr/share/perl5/LaTeXML/Package/JHEP.cls.ltxml...
(Loading /usr/share/perl5/LaTeXML/Package/article.cls.ltxml... 0.01 sec)
(Loading /usr/share/perl5/LaTeXML/Package/amssymb.sty.ltxml...
(Loading /usr/share/perl5/LaTeXML/Package/amsfonts.sty.ltxml... 0.00 sec) 0.03 sec)
(Loading /usr/share/perl5/LaTeXML/Package/floatflt.sty.ltxml... 0.01 sec) 0.10 sec) 0.11 sec)
(Loading /usr/share/perl5/LaTeXML/Package/epsfig.sty.ltxml...
(Loading /usr/share/perl5/LaTeXML/Package/graphicx.sty.ltxml...
(Loading /usr/share/perl5/LaTeXML/Package/graphics.sty.ltxml... 0.01 sec) 0.02 sec) 0.05 sec)
(Loading /usr/share/perl5/LaTeXML/Package/multicol.sty.ltxml... 0.00 sec) 7.52 sec) 7.68 sec)
(Building...
(Loading compiled schema /usr/share/perl5/LaTeXML/resources/RelaxNG/LaTeXML.model... 0.01 sec)
Warning:unexpected:eqnarray Unrecognized equation patterns (1) in eqnarray
	at 0304085.tex; line 491 col 1 - line 491 col 1
	In Core::Definition::Constructor[\@@eqna... /usr/share/perl5/LaTeXML/Package/LaTeX.pool.ltxml; line 2290
Warning:unexpected:eqnarray Unrecognized equation patterns (1) in eqnarray
	at 0304085.tex; line 741 col 1 - line 741 col 1
	In Core::Definition::Constructor[\@@eqna... /usr/share/perl5/LaTeXML/Package/LaTeX.pool.ltxml; line 2290
 5.73 sec)
(Rewriting... 0.21 sec)
(Math Parsing 342 formulae ......
Warning:not_parsed:POSTSUPERSCRIPT.UNKNOWN.ATOM>OPEN MathParser failed to match rule 'Anything'
	at 0304085.tex; line 221 col 10 - line 224 col 1
	In "$\displaystyle\kappa\int_{\Sigma}d^{2}\xi{1\over h^{-}-h^{+}}\big{[}G_{\mu\nu}%
	({\dot{x}}^{\mu}+h^{-}x^{\mu\prime})({\dot{x}}^{\nu}+h^{+}x^{\nu\prime})-2(h^{%
	-}-h^{+})B_{\mu\nu}{\dot{x}}^{\mu}x^{\nu\prime}$"
	κ[[UNKNOWN]] ∫[[INTOP]] _{\Sigma}[[POSTSUBSCRIPT]] d[[UNKNOWN]] ^{2}[[POSTSUPERSCRIPT]] ξ[[UNKNOWN]] 1\overh^{-}-h^{+}[[UNKNOWN]]
	        > [[[OPEN]] G[[UNKNOWN]] _{\mu\nu}[[POSTSUBSCRIPT]] ([[OPEN]] \dot{x}[[UNKNOWN]] ^{\mu}[[POSTSUPERSCRIPT]] +[[ADDOP]] h[[UNKNOWN]] ^{-}[[POSTSUPERSCRIPT]] x[[UNKNOWN]] ^{\mu\prime}[[POSTSUPERSCRIPT]] )[[CLOSE]] ([[OPEN]] \dot{x}[[UNKNOWN]] ^{\nu}[[POSTSUPERSCRIPT]] +[[ADDOP]] h[[UNKNOWN]] ^{+}[[POSTSUPERSCRIPT]] x[[UNKNOWN]] ^{\nu\prime}[[POSTSUPERSCRIPT]] )[[CLOSE]] -[[ADDOP]] 2[[NUMBER]] ([[OPEN]] h[[UNKNOWN]] ^{-}[[POSTSUPERSCRIPT]] -[[ADDOP]] h[[UNKNOWN]] ^{+}[[POSTSUPERSCRIPT]] )[[CLOSE]] B[[UNKNOWN]] _{\mu\nu}[[POSTSUBSCRIPT]] \dot{x}[[UNKNOWN]] ^{\mu}[[POSTSUPERSCRIPT]] x[[UNKNOWN]] ^{\nu\prime}[[POSTSUPERSCRIPT]]
Warning:not_parsed:UNKNOWN.POSTSUPERSCRIPT.CLOSE>CLOSE MathParser failed to match rule 'Anything'
	at 0304085.tex; line 224 col 4 - line 226 col 14
	In "$\displaystyle 2({\dot{\Phi}}+h^{-}{\Phi^{\prime}})({\dot{F}}+h^{+}{F^{\prime}%
	}+{h^{+\prime}})+2({\dot{\Phi}}+h^{+}{\Phi^{\prime}})({\dot{F}}+h^{-}{F^{%
	\prime}}+{h^{-\prime}})\big{]}\,.$"
	2[[NUMBER]] ([[OPEN]] \dot{\Phi}[[UNKNOWN]] +[[ADDOP]] h[[UNKNOWN]] ^{-}[[POSTSUPERSCRIPT]] Φ[[UNKNOWN]] ^{\prime}[[POSTSUPERSCRIPT]] )[[CLOSE]] ([[OPEN]] \dot{F}[[UNKNOWN]] +[[ADDOP]] h[[UNKNOWN]] ^{+}[[POSTSUPERSCRIPT]] F[[UNKNOWN]] ^{\prime}[[POSTSUPERSCRIPT]] +[[ADDOP]] h[[UNKNOWN]] ^{+\prime}[[POSTSUPERSCRIPT]] )[[CLOSE]] +[[ADDOP]] 2[[NUMBER]] ([[OPEN]] \dot{\Phi}[[UNKNOWN]] +[[ADDOP]] h[[UNKNOWN]] ^{+}[[POSTSUPERSCRIPT]] Φ[[UNKNOWN]] ^{\prime}[[POSTSUPERSCRIPT]] )[[CLOSE]] ([[OPEN]] \dot{F}[[UNKNOWN]] +[[ADDOP]] h[[UNKNOWN]] ^{-}[[POSTSUPERSCRIPT]] F[[UNKNOWN]] ^{\prime}[[POSTSUPERSCRIPT]] +[[ADDOP]] h[[UNKNOWN]] ^{-\prime}[[POSTSUPERSCRIPT]] )[[CLOSE]]
	        > ][[CLOSE]]
Warning:not_parsed:ATOM>OPEN MathParser failed to match rule 'Anything'
	at 0304085.tex; line 234 col 63 - line 237 col 1
	In "$\displaystyle{\kappa\over h^{-}-h^{+}}\big{\{}G_{\mu\nu}\big{[}2{\dot{x}}^{%
	\nu}+(h^{-}+h^{+})x^{\nu\prime}\big{]}-2(h^{-}-h^{+})B_{\mu\nu}x^{\nu\prime}$"
	\kappa\overh^{-}-h^{+}[[UNKNOWN]]
	        > \{[[OPEN]] G[[UNKNOWN]] _{\mu\nu}[[POSTSUBSCRIPT]] [[[OPEN]] 2[[NUMBER]] \dot{x}[[UNKNOWN]] ^{\nu}[[POSTSUPERSCRIPT]] +[[ADDOP]] ([[OPEN]] h[[UNKNOWN]] ^{-}[[POSTSUPERSCRIPT]] +[[ADDOP]] h[[UNKNOWN]] ^{+}[[POSTSUPERSCRIPT]] )[[CLOSE]] x[[UNKNOWN]] ^{\nu\prime}[[POSTSUPERSCRIPT]] ][[CLOSE]] -[[ADDOP]] 2[[NUMBER]] ([[OPEN]] h[[UNKNOWN]] ^{-}[[POSTSUPERSCRIPT]] -[[ADDOP]] h[[UNKNOWN]] ^{+}[[POSTSUPERSCRIPT]] )[[CLOSE]] B[[UNKNOWN]] _{\mu\nu}[[POSTSUBSCRIPT]] x[[UNKNOWN]] ^{\nu\prime}[[POSTSUPERSCRIPT]]
Warning:not_parsed:OPERATOR.POSTSUBSCRIPT.UNKNOWN>CLOSE MathParser failed to match rule 'Anything'
	at 0304085.tex; line 237 col 3 - line 238 col 3
	In "$\displaystyle+2\big{[}2{\dot{F}}+(h^{-}+h^{+}){F^{\prime}}+{(h^{-}+h^{+})^{%
	\prime}}\big{]}\partial_{\mu}\Phi\big{\}}\,,$"
	+[[ADDOP]] 2[[NUMBER]] [[[OPEN]] 2[[NUMBER]] \dot{F}[[UNKNOWN]] +[[ADDOP]] ([[OPEN]] h[[UNKNOWN]] ^{-}[[POSTSUPERSCRIPT]] +[[ADDOP]] h[[UNKNOWN]] ^{+}[[POSTSUPERSCRIPT]] )[[CLOSE]] F[[UNKNOWN]] ^{\prime}[[POSTSUPERSCRIPT]] +[[ADDOP]] ([[OPEN]] h[[UNKNOWN]] ^{-}[[POSTSUPERSCRIPT]] +[[ADDOP]] h[[UNKNOWN]] ^{+}[[POSTSUPERSCRIPT]] )[[CLOSE]] ^{\prime}[[POSTSUPERSCRIPT]] ][[CLOSE]] ∂[[OPERATOR]] _{\mu}[[POSTSUBSCRIPT]] Φ[[UNKNOWN]]
	        > \}[[CLOSE]]
Warning:not_parsed:UNKNOWN.POSTSUPERSCRIPT>FLOATSUBSCRIPT MathParser failed to match rule 'Anything'
	at 0304085.tex; line 293 col 0 - line 295 col 3
	In "\begin{equation}P^{T}{}_{\mu\nu}=G_{\mu\nu}-{a_{\mu}a_{\nu}\over a^{2}}\,,\end{equation}"
	P[[UNKNOWN]] ^{T}[[POSTSUPERSCRIPT]]
	        > {}_{\mu\nu}[[FLOATSUBSCRIPT]] =[[RELOP]] G[[UNKNOWN]] _{\mu\nu}[[POSTSUBSCRIPT]] -[[ADDOP]] a_{\mu}a_{\nu}\overa^{2}[[UNKNOWN]]
Warning:not_parsed:UNKNOWN.POSTSUPERSCRIPT>FLOATSUBSCRIPT MathParser failed to match rule 'Anything'
	at 0304085.tex; line 303 col 0 - line 305 col 3
	In "\begin{equation}P^{T}{}_{\mu\nu}=G_{\mu\nu}-\varepsilon n_{\mu}n_{\nu}\equiv G%
	_{\mu\nu}^{D-1}\,,\end{equation}"
	P[[UNKNOWN]] ^{T}[[POSTSUPERSCRIPT]]
	        > {}_{\mu\nu}[[FLOATSUBSCRIPT]] =[[RELOP]] G[[UNKNOWN]] _{\mu\nu}[[POSTSUBSCRIPT]] -[[ADDOP]] ε[[UNKNOWN]] n[[UNKNOWN]] _{\mu}[[POSTSUBSCRIPT]] n[[UNKNOWN]] _{\nu}[[POSTSUBSCRIPT]] ≡[[RELOP]] G[[UNKNOWN]] _{\mu\nu}[[POSTSUBSCRIPT]] ^{D-1}[[POSTSUPERSCRIPT]]
Warning:not_parsed:FLOATSUPERSCRIPT.UNKNOWN.POSTSUBSCRIPT>FLOATSUPERSCRIPT MathParser failed to match rule 'Anything'
	at 0304085.tex; line 788 col 0 - line 791 col 3
	In "\begin{equation}{}^{\star}T_{\pm}{}^{\rho}_{\mu\nu}\equiv{}^{\star}\Gamma_{\pm%
	}{}^{\rho}_{\mu\nu}-{}^{\star}\Gamma_{\pm}{}^{\rho}_{\nu\mu}=\pm 2P^{T\rho}{}_%
	{\sigma}B^{\sigma}_{\mu\nu}\,,\end{equation}"
	{}^{\star}[[FLOATSUPERSCRIPT]] T[[UNKNOWN]] _{\pm}[[POSTSUBSCRIPT]]
	        > {}^{\rho}[[FLOATSUPERSCRIPT]] _{\mu\nu}[[POSTSUBSCRIPT]] ≡[[RELOP]] {}^{\star}[[FLOATSUPERSCRIPT]] Γ[[UNKNOWN]] _{\pm}[[POSTSUBSCRIPT]] {}^{\rho}[[FLOATSUPERSCRIPT]] _{\mu\nu}[[POSTSUBSCRIPT]] -[[ADDOP]] {}^{\star}[[FLOATSUPERSCRIPT]] Γ[[UNKNOWN]] _{\pm}[[POSTSUBSCRIPT]] {}^{\rho}[[FLOATSUPERSCRIPT]] _{\nu\mu}[[POSTSUBSCRIPT]] =[[RELOP]] ±[[ADDOP]] 2[[NUMBER]] P[[UNKNOWN]] ^{T\rho}[[POSTSUPERSCRIPT]] {}_{\sigma}[[FLOATSUBSCRIPT]] B[[UNKNOWN]] ^{\sigma}[[POSTSUPERSCRIPT]] _{\mu\nu}[[POSTSUBSCRIPT]]
Warning:not_parsed:UNKNOWN.POSTSUPERSCRIPT>FLOATSUBSCRIPT MathParser failed to match rule 'Anything'
	at 0304085.tex; line 839 col 17 - line 839 col 32
	In "$e^{\pm}{}_{\alpha}$"
	e[[UNKNOWN]] ^{\pm}[[POSTSUPERSCRIPT]]
	        > {}_{\alpha}[[FLOATSUBSCRIPT]]
Warning:not_parsed:RELOP.UNKNOWN.POSTSUBSCRIPT>FLOATSUPERSCRIPT MathParser failed to match rule 'Anything'
	at 0304085.tex; line 841 col 15 - line 841 col 68
	In "$e_{\pm}=e_{\pm}{}^{\alpha}\partial_{\alpha}=\partial_{\pm}$"
	e[[UNKNOWN]] _{\pm}[[POSTSUBSCRIPT]] =[[RELOP]] e[[UNKNOWN]] _{\pm}[[POSTSUBSCRIPT]]
	        > {}^{\alpha}[[FLOATSUPERSCRIPT]] ∂[[OPERATOR]] _{\alpha}[[POSTSUBSCRIPT]] =[[RELOP]] ∂[[OPERATOR]] _{\pm}[[POSTSUBSCRIPT]]
 14.53 sec)
Math parsing succeeded:
   ltx:XMath: 333/342
   ltx:XMWrap: 1/1
   ltx:XMArg: 1419/1419
Symbols assumed as simple identifiers (with # of occurences):
   'B{italic}' (37), 'D{italic}' (36), 'F{italic}' (34), 'Gamma' (31), 'G{italic}' (54), 'H{caligraphic}' (4), 'H{italic}' (10), 'J{italic}' (32), 'Lambda' (4), 'L{caligraphic}' (6), 'M{italic}' (8), 'Phi' (45), 'Pi' (8), 'P{italic}' (13), 'Q{italic}' (1), 'R{italic}' (16), 'Sigma' (1), 'S{italic}' (4), 'T{italic}' (45), 'V{italic}' (31), 'X{italic}' (8), 'alpha' (13), 'a{italic}' (127), 'beta' (12), 'c{italic}' (2), 'delta' (64), 'd{italic}' (22), 'eta' (21), 'e{italic}' (18), 'g{italic}' (13), 'h{italic}' (119), 'i{italic}' (63), 'j{italic}' (47), 'kappa' (45), 'lambda' (5), 'mu' (160), 'nu' (134), 'n{italic}' (9), 'omega' (4), 'o{italic}' (2), 'pi' (21), 'q{italic}' (2), 'rho' (30), 'sigma' (31), 's{italic}' (3), 'tau' (10), 'theta' (1), 't{italic}' (26), 'varepsilon' (7), 'xi' (18), 'x{italic}' (77)
Set MATHPARSER_SPECULATE to speculate on possible notations.
(Finalizing... 1.46 sec)
Conversion complete 11 warnings (See /home/user/latex-in-arxiv/0304085.latexml.log) (reqd. 30.48s)
