latexml (LaTeXML version 0.8.6) processing 2003/0304181.tex
(Digesting TeX 0304181...
(Loading /usr/share/perl5/LaTeXML/Package/TeX.pool.ltxml...
(Loading /usr/share/perl5/LaTeXML/Package/eTeX.pool.ltxml... 0.01 sec)
(Loading /usr/share/perl5/LaTeXML/Package/pdfTeX.pool.ltxml... 0.01 sec) 0.20 sec)
(Processing content /home/user/latex-in-arxiv/2003/0304181.tex...
(Loading /usr/share/perl5/LaTeXML/Package/LaTeX.pool.ltxml...
(Loading /usr/share/perl5/LaTeXML/Package/textcomp.sty.ltxml...
(Processing definitions /usr/share/texlive/texmf-dist/tex/latex-dev/base/ts1enc.dfu... 0.04 sec) 1.59 sec) 1.88 sec)
(Loading /usr/share/perl5/LaTeXML/Package/article.cls.ltxml... 0.01 sec)
(Loading /usr/share/perl5/LaTeXML/Package/graphicx.sty.ltxml...
(Loading /usr/share/perl5/LaTeXML/Package/graphics.sty.ltxml... 0.01 sec) 0.04 sec)
Info:unexpected:titlepage When using titlepage, Frontmatter will not be well-structured
	at 0304181.tex; line 23 col 0 - line 23 col 17
Info:unexpected:utphys Unknown bibstyle 'utphys', it will be ignored
	at 0304181.tex; line 466 col 0 - line 466 col 46
 5.27 sec) 5.49 sec)
(Building...
(Loading compiled schema /usr/share/perl5/LaTeXML/resources/RelaxNG/LaTeXML.model... 0.01 sec) 3.39 sec)
(Rewriting... 0.10 sec)
(Math Parsing 154 formulae ......
Warning:not_parsed:POSTSUBSCRIPT.RELOP.NUMBER>OPEN MathParser failed to match rule 'Anything'
	at 0304181.tex; line 116 col 3 - line 117 col 138
	In "\begin{equation}R_{\mu\nu}=2\left(F_{\mu\alpha}F_{\nu}{}^{\alpha}-{1\over 6}g_%
	{\mu\nu}F^{2}\right),\qquad D_{\mu}F^{\mu\nu}={1\over 2\sqrt{3}}\tilde{%
	\epsilon}^{\alpha\beta\gamma\mu\nu}F_{\alpha\beta}F_{\gamma\mu}\ ,\end{equation}"
	R[[UNKNOWN]] _{\mu\nu}[[POSTSUBSCRIPT]] =[[RELOP]] 2[[NUMBER]]
	        > \left([[OPEN]] F[[UNKNOWN]] _{\mu\alpha}[[POSTSUBSCRIPT]] F[[UNKNOWN]] _{\nu}[[POSTSUBSCRIPT]] {}^{\alpha}[[FLOATSUPERSCRIPT]] -[[ADDOP]] 1\over6[[UNKNOWN]] g[[UNKNOWN]] _{\mu\nu}[[POSTSUBSCRIPT]] F[[UNKNOWN]] ^{2}[[POSTSUPERSCRIPT]] \right)[[CLOSE]] ,[[PUNCT]] D[[UNKNOWN]] _{\mu}[[POSTSUBSCRIPT]] F[[UNKNOWN]] ^{\mu\nu}[[POSTSUPERSCRIPT]] =[[RELOP]] 1\over2\sqrt{3}[[UNKNOWN]] \tilde{\epsilon}[[UNKNOWN]] ^{\alpha\beta\gamma\mu\nu}[[POSTSUPERSCRIPT]] F[[UNKNOWN]] _{\alpha\beta}[[POSTSUBSCRIPT]] F[[UNKNOWN]] _{\gamma\mu}[[POSTSUBSCRIPT]]
Warning:not_parsed:>OPEN MathParser failed to match rule 'Anything'
	at 0304181.tex; line 292 col 46 - line 292 col 46
	In "\begin{equation}\dot{t}={(r^{2}(1-4j^{2}(r^{2}+2m))\over r^{2}-2m+16j^{2}m^{2}%
	},\qquad\dot{\theta}=0,\qquad\dot{\psi}=0,\qquad\dot{\phi}={4jr^{2}\over r^{2}%
	-2m+16j^{2}m^{2}}\ .\end{equation}"
	> ([[OPEN]] r[[UNKNOWN]] ^{2}[[POSTSUPERSCRIPT]] ([[OPEN]] 1[[NUMBER]] -[[ADDOP]] 4[[NUMBER]] j[[UNKNOWN]] ^{2}[[POSTSUPERSCRIPT]] ([[OPEN]] r[[UNKNOWN]] ^{2}[[POSTSUPERSCRIPT]] +[[ADDOP]] 2[[NUMBER]] m[[UNKNOWN]] )[[CLOSE]] )[[CLOSE]]
Warning:not_parsed:POSTSUBSCRIPT.ADDOP.ATOM>OPEN MathParser failed to match rule 'Anything'
	at 0304181.tex; line 348 col 3 - line 348 col 92
	In "\begin{equation}R_{ab}-{1\over 12}\left(F_{acde}F_{b}{}^{cde}-{1\over 12}g_{ab%
	}F^{2}\right)\end{equation}"
	R[[UNKNOWN]] _{ab}[[POSTSUBSCRIPT]] -[[ADDOP]] 1\over12[[UNKNOWN]]
	        > \left([[OPEN]] F[[UNKNOWN]] _{acde}[[POSTSUBSCRIPT]] F[[UNKNOWN]] _{b}[[POSTSUBSCRIPT]] {}^{cde}[[FLOATSUPERSCRIPT]] -[[ADDOP]] 1\over12[[UNKNOWN]] g[[UNKNOWN]] _{ab}[[POSTSUBSCRIPT]] F[[UNKNOWN]] ^{2}[[POSTSUPERSCRIPT]] \right)[[CLOSE]]
 5.46 sec)
Math parsing succeeded:
   ltx:XMArg: 482/483
   ltx:XMath: 152/154
Symbols assumed as simple identifiers (with # of occurences):
   'A{caligraphic}' (4), 'A{italic}' (3), 'B{italic}' (3), 'C{italic}' (1), 'D{italic}' (2), 'E{italic}' (1), 'F{italic}' (18), 'G{italic}' (1), 'H{italic}' (3), 'K{italic}' (2), 'L{italic}' (6), 'M{italic}' (2), 'Omega' (1), 'O{italic}' (1), 'R{italic}' (5), 'S{italic}' (7), 'Theta' (1), 'T{italic}' (2), 'U{italic}' (5), 'Xi' (2), 'alpha' (3), 'a{italic}' (3), 'beta' (2), 'b{italic}' (2), 'c{italic}' (2), 'd{italic}' (75), 'epsilon' (1), 'e{italic}' (4), 'f{italic}' (6), 'gamma' (2), 'g{italic}' (14), 'h{italic}' (6), 'i{italic}' (5), 'j{italic}' (61), 'kappa' (2), 'k{italic}' (6), 'lambda' (6), 'l{italic}' (9), 'mu' (9), 'm{italic}' (63), 'nu' (7), 'phi' (23), 'pi' (2), 'psi' (31), 'r{italic}' (117), 'sigma' (21), 's{italic}' (10), 'theta' (26), 't{italic}' (14), 'xi' (17), 'x{italic}' (16), 'y{italic}' (4)
Set MATHPARSER_SPECULATE to speculate on possible notations.
(Finalizing... 0.56 sec)
Conversion complete 3 warnings (See /home/user/latex-in-arxiv/0304181.latexml.log) (reqd. 15.53s)
