latexml (LaTeXML version 0.8.6) processing 2003/0304002.tex
(Digesting TeX 0304002...
(Loading /usr/share/perl5/LaTeXML/Package/TeX.pool.ltxml...
(Loading /usr/share/perl5/LaTeXML/Package/eTeX.pool.ltxml... 0.00 sec)
(Loading /usr/share/perl5/LaTeXML/Package/pdfTeX.pool.ltxml... 0.01 sec) 0.13 sec)
(Processing content /home/user/latex-in-arxiv/2003/0304002.tex...
(Loading /usr/share/perl5/LaTeXML/Package/LaTeX.pool.ltxml...
(Loading /usr/share/perl5/LaTeXML/Package/textcomp.sty.ltxml...
(Processing definitions /usr/share/texlive/texmf-dist/tex/latex-dev/base/ts1enc.dfu... 0.02 sec) 1.01 sec) 1.19 sec)
 
More on the gauge-fixed D3-brane action with
 
dilaton-axion coupling from N=1 superspace
 
Sergei V. Ketov
Department of Physics, Faculty of Science
Tokyo Metropolitan University, Minamiosawa 1-1
 Hachioji-shi, Tokyo 192-0397, Japan
 
 THIS IS A LATEX FILE: LATEX TWICE, AS USUAL
 
(Loading /usr/share/perl5/LaTeXML/Package/article.cls.ltxml... 0.01 sec)
(Loading /usr/share/perl5/LaTeXML/Package/a4.sty.ltxml... 0.00 sec) 3.17 sec) 3.31 sec)
(Building...
(Loading compiled schema /usr/share/perl5/LaTeXML/resources/RelaxNG/LaTeXML.model... 0.01 sec) 2.39 sec)
(Rewriting... 0.12 sec)
(Math Parsing 197 formulae ......
Warning:not_parsed:UNKNOWN.RELOP.UNKNOWN>OPEN MathParser failed to match rule 'Anything'
	at 0304002.tex; line 590 col 26 - line 590 col 48
	In "$\eta={\rm diag}(+,-,-,-,)$"
	η[[UNKNOWN]] =[[RELOP]] diag[[UNKNOWN]]
	        > ([[OPEN]] +[[ADDOP]] ,[[PUNCT]] -[[ADDOP]] ,[[PUNCT]] -[[ADDOP]] ,[[PUNCT]] -[[ADDOP]] ,[[PUNCT]] )[[CLOSE]]
Warning:not_parsed:UNKNOWN>FLOATSUBSCRIPT MathParser failed to match rule 'Anything'
	at 0304002.tex; line 591 col 2 - line 592 col 45
	In "$$S{\raise-3.0pt\hbox{$\!{}_{\rm BI}$}}={{1}\over{\kappa^{2}}}\int d^{4}x\,%
	\sqrt{-\det(\eta_{mn}+\kappa F_{mn})}~{},$$"
	S[[UNKNOWN]]
	        > \raise-3.0pt\hbox{$\!{}_{\rmBI}$}{}_{\rmBI}[[FLOATSUBSCRIPT]] =[[RELOP]] {1}\over{\kappa^{2}}[[UNKNOWN]] ∫[[INTOP]] d[[UNKNOWN]] ^{4}[[POSTSUPERSCRIPT]] x[[UNKNOWN]] \sqrt{-\det(\eta_{mn}+\kappaF_{mn})}[[UNKNOWN]]
Warning:not_parsed:UNKNOWN>FLOATSUBSCRIPT MathParser failed to match rule 'Anything'
	at 0304002.tex; line 606 col 2 - line 609 col 10
	In "$${\cal L}{\raise-3.0pt\hbox{$\!{}_{\rm BI}$}}(\omega,\bar{\omega})={\cal L}{%
	\raise-3.0pt\hbox{$\!{}_{\rm~{}free}$}}+{\cal L}{\raise-3.0pt\hbox{$\!{}_{\rm~%
	{}int.}$}}\equiv-\,\hbox{\large{${{\textstyle{{1}\over\vphantom{2}\smash{%
	\raise 0.86pt\hbox{$\scriptstyle{{2}}$}}}}}$}}\left(\omega+\bar{\omega}\right)%
	+\kappa^{2}\omega\bar{\omega}{\cal Y}(\omega,\bar{\omega})~{},$$"
	L[[UNKNOWN]]
	        > \raise-3.0pt\hbox{$\!{}_{\rmBI}$}{}_{\rmBI}[[FLOATSUBSCRIPT]] ([[OPEN]] ω[[UNKNOWN]] ,[[PUNCT]] \bar{\omega}[[UNKNOWN]] )[[CLOSE]] =[[RELOP]] L[[UNKNOWN]] \raise-3.0pt\hbox{$\!{}_{\rm~{}free}$}{}_{\rm~{}free}[[FLOATSUBSCRIPT]] +[[ADDOP]] L[[UNKNOWN]] \raise-3.0pt\hbox{$\!{}_{\rm~{}int.}$}{}_{\rm~{}int.}[[FLOATSUBSCRIPT]] ≡[[RELOP]] -[[ADDOP]] {1}\over\vphantom{2}\smash{\raise0.86pt\hbox{$\scriptstyle{{2}}$}}[[UNKNOWN]] \left([[OPEN]] ω[[UNKNOWN]] +[[ADDOP]] \bar{\omega}[[UNKNOWN]] \right)[[CLOSE]] +[[ADDOP]] κ[[UNKNOWN]] ^{2}[[POSTSUPERSCRIPT]] ω[[UNKNOWN]] \bar{\omega}[[UNKNOWN]] Y[[UNKNOWN]] ([[OPEN]] ω[[UNKNOWN]] ,[[PUNCT]] \bar{\omega}[[UNKNOWN]] )[[CLOSE]]
Warning:not_parsed:UNKNOWN>FLOATSUBSCRIPT MathParser failed to match rule 'Anything'
	at 0304002.tex; line 618 col 2 - line 619 col 71
	In "$$S{\raise-3.0pt\hbox{$\!{}_{\rm sBI}$}}={\textstyle{1\over\vphantom{2}\smash{%
	\raise 0.86pt\hbox{$\scriptstyle{4}$}}}}\left(\int d^{4}xd^{2}\theta\,W^{2}+{%
	\rm h.c.}\right)+{\textstyle{\kappa^{2}\over\vphantom{2}\smash{\raise 0.86pt%
	\hbox{$\scriptstyle{8}$}}}}\int d^{4}xd^{4}\theta\,W^{2}\bar{W}^{2}\,{\cal Y}(%
	K,\bar{K})$$"
	S[[UNKNOWN]]
	        > \raise-3.0pt\hbox{$\!{}_{\rmsBI}$}{}_{\rmsBI}[[FLOATSUBSCRIPT]] =[[RELOP]] 1\over\vphantom{2}\smash{\raise0.86pt\hbox{$\scriptstyle{4}$}}[[UNKNOWN]] \left([[OPEN]] ∫[[INTOP]] d[[UNKNOWN]] ^{4}[[POSTSUPERSCRIPT]] x[[UNKNOWN]] d[[UNKNOWN]] ^{2}[[POSTSUPERSCRIPT]] θ[[UNKNOWN]] W[[UNKNOWN]] ^{2}[[POSTSUPERSCRIPT]] +[[ADDOP]] h[[UNKNOWN]] .[[PERIOD]] c[[UNKNOWN]] .[[PERIOD]] \right)[[CLOSE]] +[[ADDOP]] \kappa^{2}\over\vphantom{2}\smash{\raise0.86pt\hbox{$\scriptstyle{8}$}}[[UNKNOWN]] ∫[[INTOP]] d[[UNKNOWN]] ^{4}[[POSTSUPERSCRIPT]] x[[UNKNOWN]] d[[UNKNOWN]] ^{4}[[POSTSUPERSCRIPT]] θ[[UNKNOWN]] W[[UNKNOWN]] ^{2}[[POSTSUPERSCRIPT]] \bar{W}[[UNKNOWN]] ^{2}[[POSTSUPERSCRIPT]] Y[[UNKNOWN]] ([[OPEN]] K[[UNKNOWN]] ,[[PUNCT]] \bar{K}[[UNKNOWN]] )[[CLOSE]]
Warning:not_parsed:ATOM.POSTSUBSCRIPT.UNKNOWN>FLOATSUBSCRIPT MathParser failed to match rule 'Anything'
	at 0304002.tex; line 626 col 2 - line 627 col 60
	In "$$\bar{D}_{\buildrel{}_{\bullet}\over{\alpha}}W{\raise-3.0pt\hbox{$\!{}_{%
	\alpha}$}}=0\quad{\rm and}\quad D^{\alpha}W_{\alpha}=\bar{D}_{\buildrel{}_{%
	\bullet}\over{\alpha}}\bar{W}^{\buildrel{}_{\bullet}\over{\alpha}}~{}.$$"
	\bar{D}[[UNKNOWN]] _{\buildrel{}_{\bullet}\over{\alpha}}[[POSTSUBSCRIPT]] W[[UNKNOWN]]
	        > \raise-3.0pt\hbox{$\!{}_{\alpha}$}{}_{\alpha}[[FLOATSUBSCRIPT]] =[[RELOP]] 0[[NUMBER]] $$\bar{D}_{\buildrel{}_{\bullet}\over{\alpha}}W{\raise-3.0pt\hbox{$\!{}_{\alpha}$}}=0\quad{\rmand}\quadD^{\alpha}W_{\alpha}=\bar{D}_{\buildrel{}_{\bullet}\over{\alpha}}\bar{W}^{\buildrel{}_{\bullet}\over{\alpha}}~{}.$$[[PUNCT]] and[[UNKNOWN]] $$\bar{D}_{\buildrel{}_{\bullet}\over{\alpha}}W{\raise-3.0pt\hbox{$\!{}_{\alpha}$}}=0\quad{\rmand}\quadD^{\alpha}W_{\alpha}=\bar{D}_{\buildrel{}_{\bullet}\over{\alpha}}\bar{W}^{\buildrel{}_{\bullet}\over{\alpha}}~{}.$$[[PUNCT]] D[[UNKNOWN]] ^{\alpha}[[POSTSUPERSCRIPT]] W[[UNKNOWN]] _{\alpha}[[POSTSUBSCRIPT]] =[[RELOP]] \bar{D}[[UNKNOWN]] _{\buildrel{}_{\bullet}\over{\alpha}}[[POSTSUBSCRIPT]] \bar{W}[[UNKNOWN]] ^{\buildrel{}_{\bullet}\over{\alpha}}[[POSTSUPERSCRIPT]]
Warning:not_parsed:ATOM.POSTSUBSCRIPT.UNKNOWN>FLOATSUBSCRIPT MathParser failed to match rule 'Anything'
	at 0304002.tex; line 675 col 2 - line 675 col 76
	In "$$\bar{{\cal D}}_{\buildrel{}_{\bullet}\over{\alpha}}\Psi{\raise-3.0pt\hbox{$%
	\!{}_{\alpha}$}}={\cal D}{\raise-3.0pt\hbox{$\!{}_{\alpha}$}}\bar{\Psi}_{%
	\buildrel{}_{\bullet}\over{\alpha}}=0$$"
	\bar{{\calD}}[[UNKNOWN]] _{\buildrel{}_{\bullet}\over{\alpha}}[[POSTSUBSCRIPT]] Ψ[[UNKNOWN]]
	        > \raise-3.0pt\hbox{$\!{}_{\alpha}$}{}_{\alpha}[[FLOATSUBSCRIPT]] =[[RELOP]] D[[UNKNOWN]] \raise-3.0pt\hbox{$\!{}_{\alpha}$}{}_{\alpha}[[FLOATSUBSCRIPT]] \bar{\Psi}[[UNKNOWN]] _{\buildrel{}_{\bullet}\over{\alpha}}[[POSTSUBSCRIPT]] =[[RELOP]] 0[[NUMBER]]
Warning:not_parsed:POSTSUPERSCRIPT.CLOSE.POSTSUBSCRIPT>FLOATSUPERSCRIPT MathParser failed to match rule 'Anything'
	at 0304002.tex; line 678 col 2 - line 679 col 60
	In "$${\cal D}_{\alpha}=D_{\alpha}+i\kappa^{2}(D_{\alpha}\Psi\sigma^{m}\bar{\Psi}+%
	D_{\alpha}\bar{\Psi}\tilde{\sigma}^{m}\Psi)D_{m}\quad{\rm and}\quad D_{m}=(%
	\omega^{-1})_{m}{}^{n}\partial_{n}~{},$$"
	D[[UNKNOWN]] _{\alpha}[[POSTSUBSCRIPT]] =[[RELOP]] D[[UNKNOWN]] _{\alpha}[[POSTSUBSCRIPT]] +[[ADDOP]] i[[UNKNOWN]] κ[[UNKNOWN]] ^{2}[[POSTSUPERSCRIPT]] ([[OPEN]] D[[UNKNOWN]] _{\alpha}[[POSTSUBSCRIPT]] Ψ[[UNKNOWN]] σ[[UNKNOWN]] ^{m}[[POSTSUPERSCRIPT]] \bar{\Psi}[[UNKNOWN]] +[[ADDOP]] D[[UNKNOWN]] _{\alpha}[[POSTSUBSCRIPT]] \bar{\Psi}[[UNKNOWN]] \tilde{\sigma}[[UNKNOWN]] ^{m}[[POSTSUPERSCRIPT]] Ψ[[UNKNOWN]] )[[CLOSE]] D[[UNKNOWN]] _{m}[[POSTSUBSCRIPT]] $${\calD}_{\alpha}=D_{\alpha}+i\kappa^{2}(D_{\alpha}\Psi\sigma^{m}\bar{\Psi}+D_{\alpha}\bar{\Psi}\tilde{\sigma}^{m}\Psi)D_{m}\quad{\rmand}\quadD_{m}=(\omega^{-1})_{m}{}^{n}\partial_{n}~{},$$[[PUNCT]] and[[UNKNOWN]] $${\calD}_{\alpha}=D_{\alpha}+i\kappa^{2}(D_{\alpha}\Psi\sigma^{m}\bar{\Psi}+D_{\alpha}\bar{\Psi}\tilde{\sigma}^{m}\Psi)D_{m}\quad{\rmand}\quadD_{m}=(\omega^{-1})_{m}{}^{n}\partial_{n}~{},$$[[PUNCT]] D[[UNKNOWN]] _{m}[[POSTSUBSCRIPT]] =[[RELOP]] ([[OPEN]] ω[[UNKNOWN]] ^{-1}[[POSTSUPERSCRIPT]] )[[CLOSE]] _{m}[[POSTSUBSCRIPT]]
	        > {}^{n}[[FLOATSUPERSCRIPT]] ∂[[OPERATOR]] _{n}[[POSTSUBSCRIPT]]
Warning:not_parsed:UNKNOWN.POSTSUBSCRIPT>FLOATSUPERSCRIPT MathParser failed to match rule 'Anything'
	at 0304002.tex; line 680 col 9 - line 681 col 30
	In "$\omega_{m}{}^{n}=\delta_{m}{}^{n}-i\kappa^{2}(\partial_{m}\Psi\sigma^{n}\bar{%
	\Psi}+\partial_{m}\bar{\Psi}\tilde{\sigma}^{n}\Psi)$"
	ω[[UNKNOWN]] _{m}[[POSTSUBSCRIPT]]
	        > {}^{n}[[FLOATSUPERSCRIPT]] =[[RELOP]] δ[[UNKNOWN]] _{m}[[POSTSUBSCRIPT]] {}^{n}[[FLOATSUPERSCRIPT]] -[[ADDOP]] i[[UNKNOWN]] κ[[UNKNOWN]] ^{2}[[POSTSUPERSCRIPT]] ([[OPEN]] ∂[[OPERATOR]] _{m}[[POSTSUBSCRIPT]] Ψ[[UNKNOWN]] σ[[UNKNOWN]] ^{n}[[POSTSUPERSCRIPT]] \bar{\Psi}[[UNKNOWN]] +[[ADDOP]] ∂[[OPERATOR]] _{m}[[POSTSUBSCRIPT]] \bar{\Psi}[[UNKNOWN]] \tilde{\sigma}[[UNKNOWN]] ^{n}[[POSTSUPERSCRIPT]] Ψ[[UNKNOWN]] )[[CLOSE]]
Warning:not_parsed:RELOP.ATOM>OPEN MathParser failed to match rule 'Anything'
	at 0304002.tex; line 723 col 63 - line 723 col 63
	In "$\displaystyle{{}~{}=~{}{\textstyle{1\over\vphantom{2}\smash{\raise 0.86pt%
	\hbox{$\scriptstyle{4}$}}}}\left(\int d^{4}xd^{2}\theta\,\Phi W^{2}+{\rm h.c.}%
	\right)}$"
	=[[RELOP]] 1\over\vphantom{2}\smash{\raise0.86pt\hbox{$\scriptstyle{4}$}}[[UNKNOWN]]
	        > \left([[OPEN]] ∫[[INTOP]] d[[UNKNOWN]] ^{4}[[POSTSUPERSCRIPT]] x[[UNKNOWN]] d[[UNKNOWN]] ^{2}[[POSTSUPERSCRIPT]] θ[[UNKNOWN]] Φ[[UNKNOWN]] W[[UNKNOWN]] ^{2}[[POSTSUPERSCRIPT]] +[[ADDOP]] h[[UNKNOWN]] .[[PERIOD]] c[[UNKNOWN]] .[[PERIOD]] \right)[[CLOSE]]
Warning:not_parsed:FLOATSUPERSCRIPT>OPEN MathParser failed to match rule 'Anything'
	at 0304002.tex; line 760 col 46 - line 760 col 57
	In "${}^{*}(dC)=dB$"
	{}^{*}[[FLOATSUPERSCRIPT]]
	        > ([[OPEN]] d[[UNKNOWN]] C[[UNKNOWN]] )[[CLOSE]] =[[RELOP]] d[[UNKNOWN]] B[[UNKNOWN]]
Warning:not_parsed:ATOM>OPEN MathParser failed to match rule 'Anything'
	at 0304002.tex; line 770 col 2 - line 771 col 56
	In "$${\textstyle{1\over\vphantom{2}\smash{\raise 0.86pt\hbox{$\scriptstyle{4}$}}}%
	}\left(\int d^{4}xd^{2}\theta\,\Phi W^{2}+{\rm h.c.}\right)={\textstyle{1\over%
	\vphantom{2}\smash{\raise 0.86pt\hbox{$\scriptstyle{4}$}}}}\int d^{4}xd^{4}%
	\theta\,(\Phi+\bar{\Phi})\Omega~{},$$"
	1\over\vphantom{2}\smash{\raise0.86pt\hbox{$\scriptstyle{4}$}}[[UNKNOWN]]
	        > \left([[OPEN]] ∫[[INTOP]] d[[UNKNOWN]] ^{4}[[POSTSUPERSCRIPT]] x[[UNKNOWN]] d[[UNKNOWN]] ^{2}[[POSTSUPERSCRIPT]] θ[[UNKNOWN]] Φ[[UNKNOWN]] W[[UNKNOWN]] ^{2}[[POSTSUPERSCRIPT]] +[[ADDOP]] h[[UNKNOWN]] .[[PERIOD]] c[[UNKNOWN]] .[[PERIOD]] \right)[[CLOSE]] =[[RELOP]] 1\over\vphantom{2}\smash{\raise0.86pt\hbox{$\scriptstyle{4}$}}[[UNKNOWN]] ∫[[INTOP]] d[[UNKNOWN]] ^{4}[[POSTSUPERSCRIPT]] x[[UNKNOWN]] d[[UNKNOWN]] ^{4}[[POSTSUPERSCRIPT]] θ[[UNKNOWN]] ([[OPEN]] Φ[[UNKNOWN]] +[[ADDOP]] \bar{\Phi}[[UNKNOWN]] )[[CLOSE]] Ω[[UNKNOWN]]
Warning:not_parsed:UNKNOWN.FLOATSUBSCRIPT.UNKNOWN>FLOATSUBSCRIPT MathParser failed to match rule 'Anything'
	at 0304002.tex; line 853 col 2 - line 854 col 70
	In "$${\cal D}{\raise-3.0pt\hbox{$\!{}_{\alpha}$}}{\cal D}{\raise-3.0pt\hbox{$\!{}%
	_{\beta}$}}{\cal D}{\raise-3.0pt\hbox{$\!{}_{\gamma}$}}=\bar{{\cal D}}_{%
	\buildrel{}_{\bullet}\over{\alpha}}\bar{{\cal D}}_{\buildrel{}_{\bullet}\over{%
	\beta}}\bar{{\cal D}}_{\buildrel{}_{\bullet}\over{\gamma}}=0$$"
	D[[UNKNOWN]] \raise-3.0pt\hbox{$\!{}_{\alpha}$}{}_{\alpha}[[FLOATSUBSCRIPT]] D[[UNKNOWN]] \raise-3.0pt\hbox{$\!{}_{\beta}$}{}_{\beta}[[FLOATSUBSCRIPT]] D[[UNKNOWN]]
	        > \raise-3.0pt\hbox{$\!{}_{\gamma}$}{}_{\gamma}[[FLOATSUBSCRIPT]] =[[RELOP]] \bar{{\calD}}[[UNKNOWN]] _{\buildrel{}_{\bullet}\over{\alpha}}[[POSTSUBSCRIPT]] \bar{{\calD}}[[UNKNOWN]] _{\buildrel{}_{\bullet}\over{\beta}}[[POSTSUBSCRIPT]] \bar{{\calD}}[[UNKNOWN]] _{\buildrel{}_{\bullet}\over{\gamma}}[[POSTSUBSCRIPT]] =[[RELOP]] 0[[NUMBER]]
 3.33 sec)
Math parsing succeeded:
   ltx:XMath: 185/197
   ltx:XMArg: 560/560
   ltx:XMWrap: 17/17
Symbols assumed as simple identifiers (with # of occurences):
   'A{italic}' (5), 'B{italic}' (6), 'C{italic}' (10), 'D{caligraphic}' (13), 'D{italic}' (25), 'E{caligraphic}' (4), 'E{italic}' (2), 'F{italic}' (20), 'G{italic}' (29), 'J{italic}' (2), 'K{italic}' (11), 'Lambda' (3), 'L{caligraphic}' (9), 'L{italic}' (7), 'Omega' (8), 'Phi' (14), 'Psi' (19), 'R{bold}' (3), 'S{italic}' (24), 'Theta' (2), 'U{italic}' (19), 'V{italic}' (6), 'W{italic}' (41), 'X{italic}' (5), 'Y{caligraphic}' (13), 'Z{bold}' (5), 'alpha' (5), 'and' (4), 'beta' (2), 'c' (11), 'delta' (12), 'diag' (3), 'd{italic}' (49), 'eta' (13), 'e{italic}' (3), 'h' (11), 'i{italic}' (14), 'kappa' (21), 'kin' (1), 'lambda' (3), 'm{italic}' (19), 'n{italic}' (21), 'omega' (19), 'phi' (5), 'pi' (14), 'psi' (2), 'p{italic}' (6), 'q{italic}' (6), 'rho' (2), 'sigma' (9), 'theta' (24), 'varepsilon' (3), 'xi' (1), 'x{italic}' (27)
Set MATHPARSER_SPECULATE to speculate on possible notations.
(Finalizing... 0.43 sec)
Conversion complete 12 warnings (See /home/user/latex-in-arxiv/0304002.latexml.log) (reqd. 10.04s)
