latexml (LaTeXML version 0.8.6) processing 2003/0304081.tex
(Digesting TeX 0304081...
(Loading /usr/share/perl5/LaTeXML/Package/TeX.pool.ltxml...
(Loading /usr/share/perl5/LaTeXML/Package/eTeX.pool.ltxml... 0.00 sec)
(Loading /usr/share/perl5/LaTeXML/Package/pdfTeX.pool.ltxml... 0.01 sec) 0.11 sec)
(Processing content /home/user/latex-in-arxiv/2003/0304081.tex...
(Loading /usr/share/perl5/LaTeXML/Package/LaTeX.pool.ltxml...
(Loading /usr/share/perl5/LaTeXML/Package/textcomp.sty.ltxml...
(Processing definitions /usr/share/texlive/texmf-dist/tex/latex-dev/base/ts1enc.dfu... 0.03 sec) 1.30 sec) 1.48 sec)
(Loading /usr/share/perl5/LaTeXML/Package/JHEP3.cls.ltxml...
(Loading /usr/share/perl5/LaTeXML/Package/JHEP.cls.ltxml...
(Loading /usr/share/perl5/LaTeXML/Package/article.cls.ltxml... 0.01 sec)
(Loading /usr/share/perl5/LaTeXML/Package/amssymb.sty.ltxml...
(Loading /usr/share/perl5/LaTeXML/Package/amsfonts.sty.ltxml... 0.00 sec) 0.03 sec)
(Loading /usr/share/perl5/LaTeXML/Package/floatflt.sty.ltxml... 0.01 sec) 0.11 sec) 0.11 sec) 6.38 sec) 6.51 sec)
(Building...
(Loading compiled schema /usr/share/perl5/LaTeXML/resources/RelaxNG/LaTeXML.model... 0.01 sec) 4.72 sec)
(Rewriting... 0.20 sec)
(Math Parsing 207 formulae ......
Warning:not_parsed:ATOM.RELOP.ATOM>RELOP MathParser failed to match rule 'Anything'
	at 0304081.tex; line 143 col 1 - line 143 col 1
	In "$\displaystyle|\phi|^{2}={|\phi_{0}|^{2}\;a^{4}\over(r^{2}-t^{2}+a^{2})^{2}+4a%
	^{2}t^{2}}={|\phi_{0}|^{2}\;a^{4}\over(r^{2}+t^{2}+a^{2})^{2}-4r^{2}t^{2}}\leq%
	\leq{|\phi_{0}|^{2}\;a^{4}\over(r^{2}+t^{2}+a^{2})^{2}-(r^{2}+t^{2})^{2}}={|%
	\phi_{0}|^{2}\;a^{4}\over a^{4}+2a^{2}(r^{2}+t^{2})}\leq|\phi_{0}|^{2}.\@@ENDINLINEMATH"
	|[[VERTBAR]] ϕ[[UNKNOWN]] |[[VERTBAR]] ^{2}[[POSTSUPERSCRIPT]] =[[RELOP]] |\phi_{0}|^{2}\;a^{4}\over(r^{2}-t^{2}+a^{2})^{2}+4a^{2}t^{2}[[UNKNOWN]] =[[RELOP]] |\phi_{0}|^{2}\;a^{4}\over(r^{2}+t^{2}+a^{2})^{2}-4r^{2}t^{2}[[UNKNOWN]]
	        > ≤[[RELOP]] ≤[[RELOP]] |\phi_{0}|^{2}\;a^{4}\over(r^{2}+t^{2}+a^{2})^{2}-(r^{2}+t^{2})^{2}[[UNKNOWN]] =[[RELOP]] |\phi_{0}|^{2}\;a^{4}\overa^{4}+2a^{2}(r^{2}+t^{2})[[UNKNOWN]] ≤[[RELOP]] |[[VERTBAR]] ϕ[[UNKNOWN]] _{0}[[POSTSUBSCRIPT]] |[[VERTBAR]] ^{2}[[POSTSUPERSCRIPT]]
Warning:not_parsed:UNKNOWN.CLOSE.POSTSUPERSCRIPT>PERIOD MathParser failed to match rule 'Anything'
	at 0304081.tex; line 222 col 0 - line 222 col 5
	In "\begin{equation}\rho={2a^{4}|\phi_{0}|^{2}(r^{2}+t^{2}+a^{2})\over(r^{2}-t^{2}%
	+a^{2}+2iat)^{2}(r^{2}-t^{2}+a^{2}-2iat)^{2}.}\end{equation}"
	([[OPEN]] r[[UNKNOWN]] ^{2}[[POSTSUPERSCRIPT]] -[[ADDOP]] t[[UNKNOWN]] ^{2}[[POSTSUPERSCRIPT]] +[[ADDOP]] a[[UNKNOWN]] ^{2}[[POSTSUPERSCRIPT]] +[[ADDOP]] 2[[NUMBER]] i[[UNKNOWN]] a[[UNKNOWN]] t[[UNKNOWN]] )[[CLOSE]] ^{2}[[POSTSUPERSCRIPT]] ([[OPEN]] r[[UNKNOWN]] ^{2}[[POSTSUPERSCRIPT]] -[[ADDOP]] t[[UNKNOWN]] ^{2}[[POSTSUPERSCRIPT]] +[[ADDOP]] a[[UNKNOWN]] ^{2}[[POSTSUPERSCRIPT]] -[[ADDOP]] 2[[NUMBER]] i[[UNKNOWN]] a[[UNKNOWN]] t[[UNKNOWN]] )[[CLOSE]] ^{2}[[POSTSUPERSCRIPT]]
	        > .[[PERIOD]]
Warning:not_parsed:POSTSUPERSCRIPT.UNKNOWN.UNKNOWN>OPEN MathParser failed to match rule 'Anything'
	at 0304081.tex; line 596 col 2 - line 599 col 1
	In "$\displaystyle 4\pi\int_{0}^{\infty}{\mathrm{d}}r\Big{\{}(\partial_{t}^{2}[f(r%
	+t)-f(r-t)])^{2}$"
	4[[NUMBER]] π[[UNKNOWN]] ∫[[INTOP]] _{0}[[POSTSUBSCRIPT]] ^{\infty}[[POSTSUPERSCRIPT]] d[[UNKNOWN]] r[[UNKNOWN]]
	        > \{[[OPEN]] ([[OPEN]] ∂[[OPERATOR]] _{t}[[POSTSUBSCRIPT]] ^{2}[[POSTSUPERSCRIPT]] [[[OPEN]] f[[UNKNOWN]] ([[OPEN]] r[[UNKNOWN]] +[[ADDOP]] t[[UNKNOWN]] )[[CLOSE]] -[[ADDOP]] f[[UNKNOWN]] ([[OPEN]] r[[UNKNOWN]] -[[ADDOP]] t[[UNKNOWN]] )[[CLOSE]] ][[CLOSE]] )[[CLOSE]] ^{2}[[POSTSUPERSCRIPT]]
Warning:not_parsed:CLOSE.CLOSE.CLOSE>CLOSE MathParser failed to match rule 'Anything'
	at 0304081.tex; line 599 col 8 - line 605 col 1
	In "$\displaystyle\qquad\qquad-(\partial_{t}[f(r+t)-f(r-t)])\;(\partial_{t}^{3}[f(%
	r+t)-f(r-t)])\Big{\}}$"
	-[[ADDOP]] ([[OPEN]] ∂[[OPERATOR]] _{t}[[POSTSUBSCRIPT]] [[[OPEN]] f[[UNKNOWN]] ([[OPEN]] r[[UNKNOWN]] +[[ADDOP]] t[[UNKNOWN]] )[[CLOSE]] -[[ADDOP]] f[[UNKNOWN]] ([[OPEN]] r[[UNKNOWN]] -[[ADDOP]] t[[UNKNOWN]] )[[CLOSE]] ][[CLOSE]] )[[CLOSE]] ([[OPEN]] ∂[[OPERATOR]] _{t}[[POSTSUBSCRIPT]] ^{3}[[POSTSUPERSCRIPT]] [[[OPEN]] f[[UNKNOWN]] ([[OPEN]] r[[UNKNOWN]] +[[ADDOP]] t[[UNKNOWN]] )[[CLOSE]] -[[ADDOP]] f[[UNKNOWN]] ([[OPEN]] r[[UNKNOWN]] -[[ADDOP]] t[[UNKNOWN]] )[[CLOSE]] ][[CLOSE]] )[[CLOSE]]
	        > \}[[CLOSE]]
Warning:not_parsed:POSTSUPERSCRIPT.UNKNOWN.UNKNOWN>OPEN MathParser failed to match rule 'Anything'
	at 0304081.tex; line 606 col 2 - line 609 col 1
	In "$\displaystyle 4\pi\int_{0}^{\infty}{\mathrm{d}}r\Big{\{}(\partial_{r}^{2}[f(r%
	+t)-f(r-t)])^{2}$"
	4[[NUMBER]] π[[UNKNOWN]] ∫[[INTOP]] _{0}[[POSTSUBSCRIPT]] ^{\infty}[[POSTSUPERSCRIPT]] d[[UNKNOWN]] r[[UNKNOWN]]
	        > \{[[OPEN]] ([[OPEN]] ∂[[OPERATOR]] _{r}[[POSTSUBSCRIPT]] ^{2}[[POSTSUPERSCRIPT]] [[[OPEN]] f[[UNKNOWN]] ([[OPEN]] r[[UNKNOWN]] +[[ADDOP]] t[[UNKNOWN]] )[[CLOSE]] -[[ADDOP]] f[[UNKNOWN]] ([[OPEN]] r[[UNKNOWN]] -[[ADDOP]] t[[UNKNOWN]] )[[CLOSE]] ][[CLOSE]] )[[CLOSE]] ^{2}[[POSTSUPERSCRIPT]]
Warning:not_parsed:CLOSE.CLOSE.CLOSE>CLOSE MathParser failed to match rule 'Anything'
	at 0304081.tex; line 609 col 8 - line 615 col 1
	In "$\displaystyle\qquad\qquad-(\partial_{r}[f(r+t)+f(r-t)])\;(\partial_{r}^{3}[f(%
	r+t)+f(r-t)])\Big{\}}$"
	-[[ADDOP]] ([[OPEN]] ∂[[OPERATOR]] _{r}[[POSTSUBSCRIPT]] [[[OPEN]] f[[UNKNOWN]] ([[OPEN]] r[[UNKNOWN]] +[[ADDOP]] t[[UNKNOWN]] )[[CLOSE]] +[[ADDOP]] f[[UNKNOWN]] ([[OPEN]] r[[UNKNOWN]] -[[ADDOP]] t[[UNKNOWN]] )[[CLOSE]] ][[CLOSE]] )[[CLOSE]] ([[OPEN]] ∂[[OPERATOR]] _{r}[[POSTSUBSCRIPT]] ^{3}[[POSTSUPERSCRIPT]] [[[OPEN]] f[[UNKNOWN]] ([[OPEN]] r[[UNKNOWN]] +[[ADDOP]] t[[UNKNOWN]] )[[CLOSE]] +[[ADDOP]] f[[UNKNOWN]] ([[OPEN]] r[[UNKNOWN]] -[[ADDOP]] t[[UNKNOWN]] )[[CLOSE]] ][[CLOSE]] )[[CLOSE]]
	        > \}[[CLOSE]]
Warning:not_parsed:POSTSUPERSCRIPT.UNKNOWN.UNKNOWN>OPEN MathParser failed to match rule 'Anything'
	at 0304081.tex; line 616 col 2 - line 619 col 1
	In "$\displaystyle 4\pi\int_{0}^{\infty}{\mathrm{d}}r\Big{\{}(\partial_{r}^{2}[f(r%
	+t)-f(r-t)])^{2}$"
	4[[NUMBER]] π[[UNKNOWN]] ∫[[INTOP]] _{0}[[POSTSUBSCRIPT]] ^{\infty}[[POSTSUPERSCRIPT]] d[[UNKNOWN]] r[[UNKNOWN]]
	        > \{[[OPEN]] ([[OPEN]] ∂[[OPERATOR]] _{r}[[POSTSUBSCRIPT]] ^{2}[[POSTSUPERSCRIPT]] [[[OPEN]] f[[UNKNOWN]] ([[OPEN]] r[[UNKNOWN]] +[[ADDOP]] t[[UNKNOWN]] )[[CLOSE]] -[[ADDOP]] f[[UNKNOWN]] ([[OPEN]] r[[UNKNOWN]] -[[ADDOP]] t[[UNKNOWN]] )[[CLOSE]] ][[CLOSE]] )[[CLOSE]] ^{2}[[POSTSUPERSCRIPT]]
Warning:not_parsed:CLOSE.CLOSE.POSTSUPERSCRIPT>CLOSE MathParser failed to match rule 'Anything'
	at 0304081.tex; line 619 col 8 - line 625 col 1
	In "$\displaystyle\qquad\qquad+(\partial_{r}^{2}[f(r+t)+f(r-t)])^{2}\Big{\}}$"
	+[[ADDOP]] ([[OPEN]] ∂[[OPERATOR]] _{r}[[POSTSUBSCRIPT]] ^{2}[[POSTSUPERSCRIPT]] [[[OPEN]] f[[UNKNOWN]] ([[OPEN]] r[[UNKNOWN]] +[[ADDOP]] t[[UNKNOWN]] )[[CLOSE]] +[[ADDOP]] f[[UNKNOWN]] ([[OPEN]] r[[UNKNOWN]] -[[ADDOP]] t[[UNKNOWN]] )[[CLOSE]] ][[CLOSE]] )[[CLOSE]] ^{2}[[POSTSUPERSCRIPT]]
	        > \}[[CLOSE]]
 23.40 sec)
Math parsing succeeded:
   ltx:XMArg: 1092/1093
   ltx:XMath: 200/207
Symbols assumed as simple identifiers (with # of occurences):
   'A{bold}' (1), 'A{italic}' (4), 'C{italic}' (1), 'Delta' (14), 'E{caligraphic}' (8), 'Gamma' (1), 'Lambda' (1), 'L{caligraphic}' (4), 'P{italic}' (6), 'R{italic}' (4), 'Sigma' (1), 'T{italic}' (7), 'V{italic}' (7), 'X{italic}' (2), 'a{italic}' (100), 'b{italic}' (33), 'd' (69), 'delta' (1), 'eta' (18), 'f{italic}' (57), 'i{italic}' (26), 'j{italic}' (1), 'm{italic}' (6), 'phi' (127), 'pi' (18), 'psi' (65), 'rho' (6), 'r{italic}' (103), 's{italic}' (6), 't{italic}' (122), 'varphi' (1), 'x{italic}' (110), 'y{italic}' (13), 'zeta' (42), 'z{italic}' (19)
Set MATHPARSER_SPECULATE to speculate on possible notations.
(Finalizing... 1.25 sec)
Conversion complete 8 warnings (See /home/user/latex-in-arxiv/0304081.latexml.log) (reqd. 36.87s)
