latexml (LaTeXML version 0.8.6) processing 2003/0304195.tex
(Digesting TeX 0304195...
(Loading /usr/share/perl5/LaTeXML/Package/TeX.pool.ltxml...
(Loading /usr/share/perl5/LaTeXML/Package/eTeX.pool.ltxml... 0.00 sec)
(Loading /usr/share/perl5/LaTeXML/Package/pdfTeX.pool.ltxml... 0.01 sec) 0.18 sec)
(Processing content /home/user/latex-in-arxiv/2003/0304195.tex...
(Loading /usr/share/perl5/LaTeXML/Package/LaTeX.pool.ltxml...
(Loading /usr/share/perl5/LaTeXML/Package/textcomp.sty.ltxml...
(Processing definitions /usr/share/texlive/texmf-dist/tex/latex-dev/base/ts1enc.dfu... 0.03 sec) 1.49 sec) 1.74 sec)
(Loading /usr/share/perl5/LaTeXML/Package/article.cls.ltxml... 0.01 sec)
(Loading /usr/share/perl5/LaTeXML/Package/epsf.sty.ltxml... 0.01 sec)
Info:unexpected:titlepage When using titlepage, Frontmatter will not be well-structured
	at 0304195.tex; line 115 col 0 - line 115 col 17
 15.56 sec) 15.79 sec)
(Building...
(Loading compiled schema /usr/share/perl5/LaTeXML/resources/RelaxNG/LaTeXML.model... 0.01 sec)
Warning:unexpected:eqnarray Unrecognized equation patterns (1) in eqnarray
	at 0304195.tex; line 428 col 2 - line 428 col 2
	In Core::Definition::Constructor[\@@eqna... /usr/share/perl5/LaTeXML/Package/LaTeX.pool.ltxml; line 2290
Info:malformed:id Duplicated attribute xml:id
	at 0304195.tex; line 741 col 47 - line 741 col 47
	Using id='S3.E48a' on <ltx:XMRow _box="Alignment[]" _font="Font[math,medium,italic,10,bla..."/>
	id='S3.E48' already set on <ltx:equation _box="LaTeXML::Core::Alignment=HASH(..." _font="Font[serif,medium,upright,10,b..." xml:id="S3.E48" _ID_counter_m_="3">...
Info:malformed:id Duplicated attribute xml:id
	at 0304195.tex; line 745 col 35 - line 745 col 35
	Using id='S3.E57a' on <ltx:XMRow _box="Alignment[]" _font="Font[math,medium,italic,10,bla..."/>
	id='S3.E57' already set on <ltx:equation _box="LaTeXML::Core::Alignment=HASH(..." _font="Font[serif,medium,upright,10,b..." xml:id="S3.E57" _ID_counter_m_="1">...
Info:malformed:id Duplicated attribute xml:id
	at 0304195.tex; line 926 col 37 - line 926 col 37
	Using id='S3.E80a' on <ltx:XMRow _box="Alignment[]" _font="Font[math,medium,italic,10,bla..."/>
	id='S3.E80' already set on <ltx:equation _box="LaTeXML::Core::Alignment=HASH(..." _font="Font[serif,medium,upright,10,b..." xml:id="S3.E80" _ID_counter_m_="1">...
 20.57 sec)
(Rewriting... 0.96 sec)
(Math Parsing 837 formulae ......
Warning:not_parsed:UNKNOWN.UNKNOWN.POSTSUBSCRIPT>OPEN MathParser failed to match rule 'Anything'
	at 0304195.tex; line 428 col 8 - line 431 col 2
	In "$\displaystyle\int\!\!{\rm d}^{2}\theta_{1}{\rm d}x_{2}\>\left\{D_{1}^{\alpha}%
	\left(\bar{\varphi}^{(2)}(x^{m},x_{2}-i\theta_{1}^{2},-i\theta_{1})\right)D_{1%
	\alpha}\left(\varphi^{(2)}(x^{m},x_{2}+i\theta_{1}^{2},i\theta_{1})\right)%
	\right.$"
	∫[[INTOP]] d[[UNKNOWN]] ^{2}[[POSTSUPERSCRIPT]] θ[[UNKNOWN]] _{1}[[POSTSUBSCRIPT]] d[[UNKNOWN]] x[[UNKNOWN]] _{2}[[POSTSUBSCRIPT]]
	        > \left\{[[OPEN]] D[[UNKNOWN]] _{1}[[POSTSUBSCRIPT]] ^{\alpha}[[POSTSUPERSCRIPT]] \left([[OPEN]] \bar{\varphi}[[UNKNOWN]] ^{(2)}[[POSTSUPERSCRIPT]] ([[OPEN]] x[[UNKNOWN]] ^{m}[[POSTSUPERSCRIPT]] ,[[PUNCT]] x[[UNKNOWN]] _{2}[[POSTSUBSCRIPT]] -[[ADDOP]] i[[UNKNOWN]] θ[[UNKNOWN]] _{1}[[POSTSUBSCRIPT]] ^{2}[[POSTSUPERSCRIPT]] ,[[PUNCT]] -[[ADDOP]] i[[UNKNOWN]] θ[[UNKNOWN]] _{1}[[POSTSUBSCRIPT]] )[[CLOSE]] \right)[[CLOSE]] D[[UNKNOWN]] _{1\alpha}[[POSTSUBSCRIPT]] \left([[OPEN]] φ[[UNKNOWN]] ^{(2)}[[POSTSUPERSCRIPT]] ([[OPEN]] x[[UNKNOWN]] ^{m}[[POSTSUPERSCRIPT]] ,[[PUNCT]] x[[UNKNOWN]] _{2}[[POSTSUBSCRIPT]] +[[ADDOP]] i[[UNKNOWN]] θ[[UNKNOWN]] _{1}[[POSTSUBSCRIPT]] ^{2}[[POSTSUPERSCRIPT]] ,[[PUNCT]] i[[UNKNOWN]] θ[[UNKNOWN]] _{1}[[POSTSUBSCRIPT]] )[[CLOSE]] \right)[[CLOSE]]
Warning:not_parsed:CLOSE.CLOSE.CLOSE>CLOSE MathParser failed to match rule 'Anything'
	at 0304195.tex; line 431 col 11 - line 434 col 5
	In "$\displaystyle\hskip 71.13189pt\left.+{\rm Im}\left(2\bar{\varphi}^{(2)}(x^{m}%
	,x_{2}-i\theta_{1}^{2},-i\theta_{1})\partial_{2}\left(\varphi^{(2)}(x^{m},x_{2%
	}+i\theta_{1}^{2},i\theta_{1})\right)\right)\right\}$"
	+[[ADDOP]] Im[[UNKNOWN]] \left([[OPEN]] 2[[NUMBER]] \bar{\varphi}[[UNKNOWN]] ^{(2)}[[POSTSUPERSCRIPT]] ([[OPEN]] x[[UNKNOWN]] ^{m}[[POSTSUPERSCRIPT]] ,[[PUNCT]] x[[UNKNOWN]] _{2}[[POSTSUBSCRIPT]] -[[ADDOP]] i[[UNKNOWN]] θ[[UNKNOWN]] _{1}[[POSTSUBSCRIPT]] ^{2}[[POSTSUPERSCRIPT]] ,[[PUNCT]] -[[ADDOP]] i[[UNKNOWN]] θ[[UNKNOWN]] _{1}[[POSTSUBSCRIPT]] )[[CLOSE]] ∂[[OPERATOR]] _{2}[[POSTSUBSCRIPT]] \left([[OPEN]] φ[[UNKNOWN]] ^{(2)}[[POSTSUPERSCRIPT]] ([[OPEN]] x[[UNKNOWN]] ^{m}[[POSTSUPERSCRIPT]] ,[[PUNCT]] x[[UNKNOWN]] _{2}[[POSTSUBSCRIPT]] +[[ADDOP]] i[[UNKNOWN]] θ[[UNKNOWN]] _{1}[[POSTSUBSCRIPT]] ^{2}[[POSTSUPERSCRIPT]] ,[[PUNCT]] i[[UNKNOWN]] θ[[UNKNOWN]] _{1}[[POSTSUBSCRIPT]] )[[CLOSE]] \right)[[CLOSE]] \right)[[CLOSE]]
	        > \right\}[[CLOSE]]
Warning:not_parsed:UNKNOWN.PERIOD.UNKNOWN>PERIOD MathParser failed to match rule 'Anything'
	at 0304195.tex; line 1167 col 0 - line 1170 col 3
	In "\begin{equation}{\cal L}=\bar{\Phi}\Phi|_{\theta^{2}\bar{\theta}^{2}}+W(\Phi)|%
	_{\theta^{2}}+{\rm h.c.},\;\;\;W(\Phi)=\frac{\Lambda^{3}}{g^{2}}\sin\left(%
	\frac{g}{\Lambda}\Phi\right),\end{equation}"
	L[[UNKNOWN]] =[[RELOP]] \bar{\Phi}[[UNKNOWN]] Φ[[UNKNOWN]] |[[VERTBAR]] _{\theta^{2}\bar{\theta}^{2}}[[POSTSUBSCRIPT]] +[[ADDOP]] W[[UNKNOWN]] ([[OPEN]] Φ[[UNKNOWN]] )[[CLOSE]] |[[VERTBAR]] _{\theta^{2}}[[POSTSUBSCRIPT]] +[[ADDOP]] h[[UNKNOWN]] .[[PERIOD]] c[[UNKNOWN]]
	        > .[[PERIOD]] ,[[PUNCT]] W[[UNKNOWN]] ([[OPEN]] Φ[[UNKNOWN]] )[[CLOSE]] =[[RELOP]] \frac{\Lambda^{3}}{g^{2}}[[UNKNOWN]] sin[[TRIGFUNCTION]] \left([[OPEN]] \frac{g}{\Lambda}[[UNKNOWN]] Φ[[UNKNOWN]] \right)[[CLOSE]]
Warning:not_parsed:UNKNOWN.POSTSUBSCRIPT.CLOSE>CLOSE MathParser failed to match rule 'Anything'
	at 0304195.tex; line 1313 col 8 - line 1313 col 8
	In "$\displaystyle u_{{\rm I}X(0)}(x_{2}))\!\!\!=\!\!\!C_{X}\left\{{\rm dn}\left(%
	\frac{\Lambda}{k}x_{2},k\right)-k{\rm cn}\left(\frac{\Lambda}{k}x_{2},k\right)%
	\right\}^{\alpha},\@@ENDINLINEMATH"
	u[[UNKNOWN]] _{{\rmI}X(0)}[[POSTSUBSCRIPT]] ([[OPEN]] x[[UNKNOWN]] _{2}[[POSTSUBSCRIPT]] )[[CLOSE]]
	        > )[[CLOSE]] =[[RELOP]] C[[UNKNOWN]] _{X}[[POSTSUBSCRIPT]] \left\{[[OPEN]] dn[[UNKNOWN]] \left([[OPEN]] \frac{\Lambda}{k}[[UNKNOWN]] x[[UNKNOWN]] _{2}[[POSTSUBSCRIPT]] ,[[PUNCT]] k[[UNKNOWN]] \right)[[CLOSE]] -[[ADDOP]] k[[UNKNOWN]] cn[[UNKNOWN]] \left([[OPEN]] \frac{\Lambda}{k}[[UNKNOWN]] x[[UNKNOWN]] _{2}[[POSTSUBSCRIPT]] ,[[PUNCT]] k[[UNKNOWN]] \right)[[CLOSE]] \right\}[[CLOSE]] ^{\alpha}[[POSTSUPERSCRIPT]]
Warning:not_parsed:UNKNOWN.POSTSUBSCRIPT.CLOSE>CLOSE MathParser failed to match rule 'Anything'
	at 0304195.tex; line 1313 col 8 - line 1313 col 18
	In "$\displaystyle u_{{\rm I}X(0)}(x_{2}))\!\!\!$"
	u[[UNKNOWN]] _{{\rmI}X(0)}[[POSTSUBSCRIPT]] ([[OPEN]] x[[UNKNOWN]] _{2}[[POSTSUBSCRIPT]] )[[CLOSE]]
	        > )[[CLOSE]]
Warning:not_parsed:UNKNOWN.POSTSUBSCRIPT.CLOSE>RELOP MathParser failed to match rule 'Anything'
	at 0304195.tex; line 1403 col 0 - line 1410 col 3
	In "\begin{equation}U_{{\rm I}0}(x_{2})\simeq\left\{\parbox{170.716535pt}{%
	\begin{displaymath}\frac{2\Lambda^{2}}{g}\frac{\cosh(\Lambda x_{2})}{\cosh^{2}%
	(\pi R\Lambda/2)}\;\;\;\left(-\frac{\pi R}{2}<x_{2}\leq\frac{\pi R}{2}\right)%
	\end{displaymath}
	\begin{displaymath}\frac{2\Lambda^{2}}{g}\frac{1}{\cosh\left\{\Lambda(x_{2}-%
	\pi R)\right\}}\;\;\;\left(\frac{\pi R}{2}<x_{2}\leq\frac{3\pi R}{2}\right)%
	\end{displaymath}}\right.\end{equation}"
	U[[UNKNOWN]] _{{\rmI}0}[[POSTSUBSCRIPT]] ([[OPEN]] x[[UNKNOWN]] _{2}[[POSTSUBSCRIPT]] )[[CLOSE]]
	        > ≃[[RELOP]] \left\{[[OPEN]] \parbox{170.716535pt}{\begin{displaymath}\frac{2\Lambda^{2}}{g}\frac{\cosh(\Lambdax_{2})}{\cosh^{2}(\piR\Lambda/2)}\;\;\;\left(-\frac{\piR}{2}<x_{2}\leq\frac{\piR}{2}\right)\end{displaymath}
	\begin{displaymath}\frac{2\Lambda^{2}}{g}\frac{1}{\cosh\left\{\Lambda(x_{2}-\piR)\right\}}\;\;\;\left(\frac{\piR}{2}<x_{2}\leq\frac{3\piR}{2}\right)\end{displaymath}}[[UNKNOWN]]
Warning:not_parsed:UNKNOWN.PERIOD.UNKNOWN>PERIOD MathParser failed to match rule 'Anything'
	at 0304195.tex; line 1520 col 2 - line 1520 col 2
	In "$\displaystyle S^{V}_{\rm kin}\!\!\!=\!\!\!\int\!\!{\rm d}^{4}x{\rm d}^{2}%
	\theta\>\frac{1}{4}W^{\alpha}W_{\alpha}+{\rm h.c.}=\!\!\!\int\!\!{\rm d}^{3}x{%
	\rm d}^{2}\theta_{1}\>\frac{1}{2}\left\{(u^{(1)})^{2}-(w^{(1)})^{2}\right\}.\@@ENDINLINEMATH"
	S[[UNKNOWN]] ^{V}[[POSTSUPERSCRIPT]] _{\rmkin}[[POSTSUBSCRIPT]] =[[RELOP]] ∫[[INTOP]] d[[UNKNOWN]] ^{4}[[POSTSUPERSCRIPT]] x[[UNKNOWN]] d[[UNKNOWN]] ^{2}[[POSTSUPERSCRIPT]] θ[[UNKNOWN]] \frac{1}{4}[[UNKNOWN]] W[[UNKNOWN]] ^{\alpha}[[POSTSUPERSCRIPT]] W[[UNKNOWN]] _{\alpha}[[POSTSUBSCRIPT]] +[[ADDOP]] h[[UNKNOWN]] .[[PERIOD]] c[[UNKNOWN]]
	        > .[[PERIOD]] =[[RELOP]] ∫[[INTOP]] d[[UNKNOWN]] ^{3}[[POSTSUPERSCRIPT]] x[[UNKNOWN]] d[[UNKNOWN]] ^{2}[[POSTSUPERSCRIPT]] θ[[UNKNOWN]] _{1}[[POSTSUBSCRIPT]] \frac{1}{2}[[UNKNOWN]] \left\{[[OPEN]] ([[OPEN]] u[[UNKNOWN]] ^{(1)}[[POSTSUPERSCRIPT]] )[[CLOSE]] ^{2}[[POSTSUPERSCRIPT]] -[[ADDOP]] ([[OPEN]] w[[UNKNOWN]] ^{(1)}[[POSTSUPERSCRIPT]] )[[CLOSE]] ^{2}[[POSTSUPERSCRIPT]] \right\}[[CLOSE]]
Warning:not_parsed:UNKNOWN.UNKNOWN.POSTSUBSCRIPT>OPEN MathParser failed to match rule 'Anything'
	at 0304195.tex; line 1580 col 27 - line 1584 col 14
	In "$\displaystyle\int\!\!{\rm d}^{3}x{\rm d}^{2}\theta_{1}{\rm d}x_{2}\>\left\{D_%
	{1}^{\alpha}\bar{\varphi}^{(1)}_{X}D_{1\alpha}\varphi^{(1)}_{X}+2{\rm Im}\left%
	(\bar{\varphi}^{(1)}_{X}\partial_{2}\varphi^{(1)}_{X}\right)+2q{\rm Im}\left(%
	\bar{\varphi}^{(1)}_{X}\rho^{(1)}D_{1}\varphi^{(1)}_{X}\right)\right.$"
	∫[[INTOP]] d[[UNKNOWN]] ^{3}[[POSTSUPERSCRIPT]] x[[UNKNOWN]] d[[UNKNOWN]] ^{2}[[POSTSUPERSCRIPT]] θ[[UNKNOWN]] _{1}[[POSTSUBSCRIPT]] d[[UNKNOWN]] x[[UNKNOWN]] _{2}[[POSTSUBSCRIPT]]
	        > \left\{[[OPEN]] D[[UNKNOWN]] _{1}[[POSTSUBSCRIPT]] ^{\alpha}[[POSTSUPERSCRIPT]] \bar{\varphi}[[UNKNOWN]] ^{(1)}[[POSTSUPERSCRIPT]] _{X}[[POSTSUBSCRIPT]] D[[UNKNOWN]] _{1\alpha}[[POSTSUBSCRIPT]] φ[[UNKNOWN]] ^{(1)}[[POSTSUPERSCRIPT]] _{X}[[POSTSUBSCRIPT]] +[[ADDOP]] 2[[NUMBER]] I[[UNKNOWN]] m[[UNKNOWN]] \left([[OPEN]] \bar{\varphi}[[UNKNOWN]] ^{(1)}[[POSTSUPERSCRIPT]] _{X}[[POSTSUBSCRIPT]] ∂[[OPERATOR]] _{2}[[POSTSUBSCRIPT]] φ[[UNKNOWN]] ^{(1)}[[POSTSUPERSCRIPT]] _{X}[[POSTSUBSCRIPT]] \right)[[CLOSE]] +[[ADDOP]] 2[[NUMBER]] q[[UNKNOWN]] Im[[UNKNOWN]] \left([[OPEN]] \bar{\varphi}[[UNKNOWN]] ^{(1)}[[POSTSUPERSCRIPT]] _{X}[[POSTSUBSCRIPT]] ρ[[UNKNOWN]] ^{(1)}[[POSTSUPERSCRIPT]] D[[UNKNOWN]] _{1}[[POSTSUBSCRIPT]] φ[[UNKNOWN]] ^{(1)}[[POSTSUPERSCRIPT]] _{X}[[POSTSUBSCRIPT]] \right)[[CLOSE]]
Warning:not_parsed:CLOSE.UNKNOWN.POSTSUPERSCRIPT>CLOSE MathParser failed to match rule 'Anything'
	at 0304195.tex; line 1584 col 22 - line 1586 col 4
	In "$\displaystyle\hskip 76.822441pt\left.-\bar{\varphi}^{(1)}(2q\sigma^{(1)}-q^{2%
	}\rho^{(1)2})\varphi^{(1)}\right\}.$"
	-[[ADDOP]] \bar{\varphi}[[UNKNOWN]] ^{(1)}[[POSTSUPERSCRIPT]] ([[OPEN]] 2[[NUMBER]] q[[UNKNOWN]] σ[[UNKNOWN]] ^{(1)}[[POSTSUPERSCRIPT]] -[[ADDOP]] q[[UNKNOWN]] ^{2}[[POSTSUPERSCRIPT]] ρ[[UNKNOWN]] ^{(1)2}[[POSTSUPERSCRIPT]] )[[CLOSE]] φ[[UNKNOWN]] ^{(1)}[[POSTSUPERSCRIPT]]
	        > \right\}[[CLOSE]]
Warning:not_parsed:POSTSUPERSCRIPT.UNKNOWN.POSTSUBSCRIPT>OPEN MathParser failed to match rule 'Anything'
	at 0304195.tex; line 1601 col 30 - line 1605 col 2
	In "$\displaystyle\int\!\!{\rm d}^{2}\theta_{1}\>\left[q_{(0)}{\rm Im}\left({}^{t}%
	\varphi^{(1)}_{X(0)}\rho^{(1)}_{(0)}D_{1}\varphi^{(1)}_{X(0)}\right)+\frac{1}{%
	2}q_{(0)}^{2}{}^{t}\varphi^{(1)}_{X(0)}\rho^{(1)2}_{(0)}\varphi^{(1)}_{X(0)}%
	\right.$"
	∫[[INTOP]] d[[UNKNOWN]] ^{2}[[POSTSUPERSCRIPT]] θ[[UNKNOWN]] _{1}[[POSTSUBSCRIPT]]
	        > \left[[[OPEN]] q[[UNKNOWN]] _{(0)}[[POSTSUBSCRIPT]] Im[[UNKNOWN]] \left([[OPEN]] {}^{t}[[FLOATSUPERSCRIPT]] φ[[UNKNOWN]] ^{(1)}[[POSTSUPERSCRIPT]] _{X(0)}[[POSTSUBSCRIPT]] ρ[[UNKNOWN]] ^{(1)}[[POSTSUPERSCRIPT]] _{(0)}[[POSTSUBSCRIPT]] D[[UNKNOWN]] _{1}[[POSTSUBSCRIPT]] φ[[UNKNOWN]] ^{(1)}[[POSTSUPERSCRIPT]] _{X(0)}[[POSTSUBSCRIPT]] \right)[[CLOSE]] +[[ADDOP]] \frac{1}{2}[[UNKNOWN]] q[[UNKNOWN]] _{(0)}[[POSTSUBSCRIPT]] ^{2}[[POSTSUPERSCRIPT]] {}^{t}[[FLOATSUPERSCRIPT]] φ[[UNKNOWN]] ^{(1)}[[POSTSUPERSCRIPT]] _{X(0)}[[POSTSUBSCRIPT]] ρ[[UNKNOWN]] ^{(1)2}[[POSTSUPERSCRIPT]] _{(0)}[[POSTSUBSCRIPT]] φ[[UNKNOWN]] ^{(1)}[[POSTSUPERSCRIPT]] _{X(0)}[[POSTSUBSCRIPT]]
Warning:not_parsed:UNKNOWN.POSTSUPERSCRIPT.POSTSUBSCRIPT>CLOSE MathParser failed to match rule 'Anything'
	at 0304195.tex; line 1611 col 10 - line 1615 col 2
	In "$\displaystyle\hskip 42.679134pt\left.+\frac{1}{2}\sum_{l,p=1}^{\infty}\sum_{s%
	,t=\pm}\left(q^{2}\right)_{(ls,pt)}{}^{t}\varphi^{(1)}_{X(0)}\rho^{(1)}_{(ls)}%
	\rho^{(1)}_{(pt)}\varphi^{(1)}_{X(0)}\right]$"
	+[[ADDOP]] \frac{1}{2}[[UNKNOWN]] ∑[[SUMOP]] _{l,p=1}[[POSTSUBSCRIPT]] ^{\infty}[[POSTSUPERSCRIPT]] ∑[[SUMOP]] _{s,t=\pm}[[POSTSUBSCRIPT]] \left([[OPEN]] q[[UNKNOWN]] ^{2}[[POSTSUPERSCRIPT]] \right)[[CLOSE]] _{(ls,pt)}[[POSTSUBSCRIPT]] {}^{t}[[FLOATSUPERSCRIPT]] φ[[UNKNOWN]] ^{(1)}[[POSTSUPERSCRIPT]] _{X(0)}[[POSTSUBSCRIPT]] ρ[[UNKNOWN]] ^{(1)}[[POSTSUPERSCRIPT]] _{(ls)}[[POSTSUBSCRIPT]] ρ[[UNKNOWN]] ^{(1)}[[POSTSUPERSCRIPT]] _{(pt)}[[POSTSUBSCRIPT]] φ[[UNKNOWN]] ^{(1)}[[POSTSUPERSCRIPT]] _{X(0)}[[POSTSUBSCRIPT]]
	        > \right][[CLOSE]]
Warning:not_parsed:POSTSUPERSCRIPT.UNKNOWN.POSTSUBSCRIPT>OPEN MathParser failed to match rule 'Anything'
	at 0304195.tex; line 1615 col 4 - line 1619 col 2
	In "$\displaystyle+\int\!\!{\rm d}^{2}\theta_{2}\>\left[q_{(0)}{\rm Im}\left({}^{t%
	}\varphi^{(2)}_{X(0)}\rho^{(2)}_{(0)}D_{2}\varphi^{(2)}_{X(0)}\right)+\frac{1}%
	{2}q_{(0)}^{2}{}^{t}\varphi^{(2)}_{X(0)}\rho^{(2)2}_{(0)}\varphi^{(2)}_{X(0)}%
	\right.$"
	+[[ADDOP]] ∫[[INTOP]] d[[UNKNOWN]] ^{2}[[POSTSUPERSCRIPT]] θ[[UNKNOWN]] _{2}[[POSTSUBSCRIPT]]
	        > \left[[[OPEN]] q[[UNKNOWN]] _{(0)}[[POSTSUBSCRIPT]] Im[[UNKNOWN]] \left([[OPEN]] {}^{t}[[FLOATSUPERSCRIPT]] φ[[UNKNOWN]] ^{(2)}[[POSTSUPERSCRIPT]] _{X(0)}[[POSTSUBSCRIPT]] ρ[[UNKNOWN]] ^{(2)}[[POSTSUPERSCRIPT]] _{(0)}[[POSTSUBSCRIPT]] D[[UNKNOWN]] _{2}[[POSTSUBSCRIPT]] φ[[UNKNOWN]] ^{(2)}[[POSTSUPERSCRIPT]] _{X(0)}[[POSTSUBSCRIPT]] \right)[[CLOSE]] +[[ADDOP]] \frac{1}{2}[[UNKNOWN]] q[[UNKNOWN]] _{(0)}[[POSTSUBSCRIPT]] ^{2}[[POSTSUPERSCRIPT]] {}^{t}[[FLOATSUPERSCRIPT]] φ[[UNKNOWN]] ^{(2)}[[POSTSUPERSCRIPT]] _{X(0)}[[POSTSUBSCRIPT]] ρ[[UNKNOWN]] ^{(2)2}[[POSTSUPERSCRIPT]] _{(0)}[[POSTSUBSCRIPT]] φ[[UNKNOWN]] ^{(2)}[[POSTSUPERSCRIPT]] _{X(0)}[[POSTSUBSCRIPT]]
Warning:not_parsed:UNKNOWN.POSTSUPERSCRIPT.POSTSUBSCRIPT>CLOSE MathParser failed to match rule 'Anything'
	at 0304195.tex; line 1625 col 10 - line 1629 col 2
	In "$\displaystyle\hskip 51.214961pt\left.+\frac{1}{2}\sum_{l,p=1}^{\infty}\sum_{s%
	,t=\pm}\left(q^{2}\right)_{(ls,pt)}{}^{t}\varphi^{(2)}_{X(0)}\rho^{(2)}_{(ls)}%
	\rho^{(2)}_{(pt)}\varphi^{(2)}_{X(0)}\right]$"
	+[[ADDOP]] \frac{1}{2}[[UNKNOWN]] ∑[[SUMOP]] _{l,p=1}[[POSTSUBSCRIPT]] ^{\infty}[[POSTSUPERSCRIPT]] ∑[[SUMOP]] _{s,t=\pm}[[POSTSUBSCRIPT]] \left([[OPEN]] q[[UNKNOWN]] ^{2}[[POSTSUPERSCRIPT]] \right)[[CLOSE]] _{(ls,pt)}[[POSTSUBSCRIPT]] {}^{t}[[FLOATSUPERSCRIPT]] φ[[UNKNOWN]] ^{(2)}[[POSTSUPERSCRIPT]] _{X(0)}[[POSTSUBSCRIPT]] ρ[[UNKNOWN]] ^{(2)}[[POSTSUPERSCRIPT]] _{(ls)}[[POSTSUBSCRIPT]] ρ[[UNKNOWN]] ^{(2)}[[POSTSUPERSCRIPT]] _{(pt)}[[POSTSUBSCRIPT]] φ[[UNKNOWN]] ^{(2)}[[POSTSUPERSCRIPT]] _{X(0)}[[POSTSUBSCRIPT]]
	        > \right][[CLOSE]]
Warning:not_parsed:ADDOP.UNKNOWN.POSTSUBSCRIPT>FLOATSUPERSCRIPT MathParser failed to match rule 'Anything'
	at 0304195.tex; line 1653 col 4 - line 1653 col 4
	In "$\displaystyle{\cal L}^{(3)}_{{\rm SUSY}\begin{picture}(10.0,5.0)\line(4,1){23%
	.0}\end{picture}}\hskip 11.381102pt\!\!\!=\!\!\!-\eta_{X}{}^{t}\!\left(%
	\partial^{m}a^{(1)}_{X(0)}+iq_{(0)}v_{(0)}^{m}a^{(1)}_{X(0)}\right)\left(%
	\partial_{m}a^{(2)}_{X(0)}+iq_{(0)}v_{(0)m}a^{(2)}_{X(0)}\right)+i\eta_{X}q_{(%
	0)}\left(a^{(1)}_{X(0)}\lambda_{1(0)}\psi_{{\rm I}X(0)}+a^{(2)}_{X(0)}\lambda_%
	{2(0)}\psi_{{\rm R}X(0)}\right)-i\eta_{X}q_{(0)}\psi_{{\rm R}X(0)}v_{2(0)}\psi%
	_{{\rm I}X(0)}+\cdots,\@@ENDINLINEMATH"
	L[[UNKNOWN]] ^{(3)}[[POSTSUPERSCRIPT]] _{{\rmSUSY}\begin{picture}(10.0,5.0)\line(4,1){23.0}\end{picture}}[[POSTSUBSCRIPT]] =[[RELOP]] -[[ADDOP]] η[[UNKNOWN]] _{X}[[POSTSUBSCRIPT]]
	        > {}^{t}[[FLOATSUPERSCRIPT]] \left([[OPEN]] ∂[[OPERATOR]] ^{m}[[POSTSUPERSCRIPT]] a[[UNKNOWN]] ^{(1)}[[POSTSUPERSCRIPT]] _{X(0)}[[POSTSUBSCRIPT]] +[[ADDOP]] i[[UNKNOWN]] q[[UNKNOWN]] _{(0)}[[POSTSUBSCRIPT]] v[[UNKNOWN]] _{(0)}[[POSTSUBSCRIPT]] ^{m}[[POSTSUPERSCRIPT]] a[[UNKNOWN]] ^{(1)}[[POSTSUPERSCRIPT]] _{X(0)}[[POSTSUBSCRIPT]] \right)[[CLOSE]] \left([[OPEN]] ∂[[OPERATOR]] _{m}[[POSTSUBSCRIPT]] a[[UNKNOWN]] ^{(2)}[[POSTSUPERSCRIPT]] _{X(0)}[[POSTSUBSCRIPT]] +[[ADDOP]] i[[UNKNOWN]] q[[UNKNOWN]] _{(0)}[[POSTSUBSCRIPT]] v[[UNKNOWN]] _{(0)m}[[POSTSUBSCRIPT]] a[[UNKNOWN]] ^{(2)}[[POSTSUPERSCRIPT]] _{X(0)}[[POSTSUBSCRIPT]] \right)[[CLOSE]] +[[ADDOP]] i[[UNKNOWN]] η[[UNKNOWN]] _{X}[[POSTSUBSCRIPT]] q[[UNKNOWN]] _{(0)}[[POSTSUBSCRIPT]] \left([[OPEN]] a[[UNKNOWN]] ^{(1)}[[POSTSUPERSCRIPT]] _{X(0)}[[POSTSUBSCRIPT]] λ[[UNKNOWN]] _{1(0)}[[POSTSUBSCRIPT]] ψ[[UNKNOWN]] _{{\rmI}X(0)}[[POSTSUBSCRIPT]] +[[ADDOP]] a[[UNKNOWN]] ^{(2)}[[POSTSUPERSCRIPT]] ...
Warning:not_parsed:ADDOP.UNKNOWN.POSTSUBSCRIPT>FLOATSUPERSCRIPT MathParser failed to match rule 'Anything'
	at 0304195.tex; line 1655 col 7 - line 1658 col 2
	In "$\displaystyle-\eta_{X}{}^{t}\!\left(\partial^{m}a^{(1)}_{X(0)}+iq_{(0)}v_{(0)%
	}^{m}a^{(1)}_{X(0)}\right)\left(\partial_{m}a^{(2)}_{X(0)}+iq_{(0)}v_{(0)m}a^{%
	(2)}_{X(0)}\right)$"
	-[[ADDOP]] η[[UNKNOWN]] _{X}[[POSTSUBSCRIPT]]
	        > {}^{t}[[FLOATSUPERSCRIPT]] \left([[OPEN]] ∂[[OPERATOR]] ^{m}[[POSTSUPERSCRIPT]] a[[UNKNOWN]] ^{(1)}[[POSTSUPERSCRIPT]] _{X(0)}[[POSTSUBSCRIPT]] +[[ADDOP]] i[[UNKNOWN]] q[[UNKNOWN]] _{(0)}[[POSTSUBSCRIPT]] v[[UNKNOWN]] _{(0)}[[POSTSUBSCRIPT]] ^{m}[[POSTSUPERSCRIPT]] a[[UNKNOWN]] ^{(1)}[[POSTSUPERSCRIPT]] _{X(0)}[[POSTSUBSCRIPT]] \right)[[CLOSE]] \left([[OPEN]] ∂[[OPERATOR]] _{m}[[POSTSUBSCRIPT]] a[[UNKNOWN]] ^{(2)}[[POSTSUPERSCRIPT]] _{X(0)}[[POSTSUBSCRIPT]] +[[ADDOP]] i[[UNKNOWN]] q[[UNKNOWN]] _{(0)}[[POSTSUBSCRIPT]] v[[UNKNOWN]] _{(0)m}[[POSTSUBSCRIPT]] a[[UNKNOWN]] ^{(2)}[[POSTSUPERSCRIPT]] _{X(0)}[[POSTSUBSCRIPT]] \right)[[CLOSE]]
 43.80 sec)
Math parsing succeeded:
   ltx:XMath: 826/841
   ltx:XMArg: 4936/4936
Symbols assumed as simple identifiers (with # of occurences):
   'A{caligraphic}' (28), 'A{italic}' (262), 'C{italic}' (26), 'Delta' (25), 'D{italic}' (85), 'F{italic}' (8), 'I' (102), 'Im' (34), 'I{italic}' (1), 'K{italic}' (2), 'Lambda' (50), 'L{caligraphic}' (28), 'N{caligraphic}' (4), 'O{italic}' (1), 'Phi' (23), 'Psi' (6), 'P{italic}' (5), 'Q{italic}' (51), 'R' (106), 'RI' (5), 'Re' (10), 'R{italic}' (108), 'SUSY' (5), 'S{italic}' (14), 'U{italic}' (76), 'V{italic}' (43), 'W{italic}' (142), 'X{italic}' (304), 'alpha' (125), 'am' (4), 'a{italic}' (174), 'beta' (44), 'b{italic}' (6), 'c' (7), 'cl' (3), 'cn' (14), 'c{italic}' (5), 'd' (184), 'delta' (37), 'diag' (1), 'dn' (12), 'epsilon' (12), 'eta' (58), 'e{italic}' (88), 'f{italic}' (59), 'gamma' (35), 'g{italic}' (41), 'h' (7), 'i{italic}' (136), 'k{italic}' (79), 'lambda' (56), 'l{italic}' (28), 'm' (7), 'mu' (1), 'm{italic}' (113), 'nu' (1), 'n{italic}' (96), 'pi' (123), 'psi' (68), 'p{italic}' (14), 'q{italic}' (61), 'rho' (71), 'sigma' (41), 's{italic}' (28), 'theta' (337), 't{italic}' (12), 'u{italic}' (190), 'varphi' (181), 'v{italic}' (33), 'w{italic}' (14), 'x{italic}' (632), 'y{italic}' (69)
Set MATHPARSER_SPECULATE to speculate on possible notations.
(Finalizing... 2.98 sec)
Conversion complete 16 warnings (See /home/user/latex-in-arxiv/0304195.latexml.log) (reqd. 1m 25.81s)
