latexml (LaTeXML version 0.8.6) processing 2003/0304134_cleaned.tex
(Digesting TeX 0304134_cleaned...
(Loading /usr/share/perl5/LaTeXML/Package/TeX.pool.ltxml...
(Loading /usr/share/perl5/LaTeXML/Package/eTeX.pool.ltxml... 0.01 sec)
(Loading /usr/share/perl5/LaTeXML/Package/pdfTeX.pool.ltxml... 0.01 sec) 0.21 sec)
(Processing content /home/user/latex-in-arxiv/2003/0304134_cleaned.tex...
(Loading /usr/share/perl5/LaTeXML/Package/LaTeX.pool.ltxml...
(Loading /usr/share/perl5/LaTeXML/Package/textcomp.sty.ltxml...
(Processing definitions /usr/share/texlive/texmf-dist/tex/latex-dev/base/ts1enc.dfu... 0.03 sec) 1.60 sec) 1.92 sec)
(Loading /usr/share/perl5/LaTeXML/Package/revtex4.cls.ltxml...
(Loading /usr/share/perl5/LaTeXML/Package/article.cls.ltxml... 0.01 sec)
(Loading /usr/share/perl5/LaTeXML/Package/revtex4_support.sty.ltxml...
(Loading /usr/share/perl5/LaTeXML/Package/hyperref.sty.ltxml...
(Loading /usr/share/perl5/LaTeXML/Package/keyval.sty.ltxml...
(Processing definitions /usr/share/texlive/texmf-dist/tex/latex-dev/graphics/keyval.sty... 0.02 sec) 0.03 sec)
(Loading /usr/share/perl5/LaTeXML/Package/nameref.sty.ltxml... 0.00 sec)
(Loading /usr/share/perl5/LaTeXML/Package/url.sty.ltxml... 0.00 sec) 0.10 sec)
(Loading /usr/share/perl5/LaTeXML/Package/natbib.sty.ltxml... 0.03 sec)
(Loading /usr/share/perl5/LaTeXML/Package/revsymb.sty.ltxml... 0.00 sec)
(Loading /usr/share/perl5/LaTeXML/Package/longtable.sty.ltxml... 0.00 sec)
(Loading /usr/share/perl5/LaTeXML/Package/dcolumn.sty.ltxml...
(Loading /usr/share/perl5/LaTeXML/Package/array.sty.ltxml... 0.00 sec) 0.01 sec) 0.21 sec)
(Loading /usr/share/perl5/LaTeXML/Package/amsfonts.sty.ltxml... 0.00 sec) 0.68 sec)
(Loading /usr/share/perl5/LaTeXML/Package/ifthen.sty.ltxml...
(Processing definitions /usr/share/texlive/texmf-dist/tex/latex-dev/base/ifthen.sty... 0.03 sec) 0.03 sec)
(Loading /usr/share/perl5/LaTeXML/Package/exscale.sty.ltxml... 0.00 sec)
(Loading /usr/share/perl5/LaTeXML/Package/amsmath.sty.ltxml...
(Loading /usr/share/perl5/LaTeXML/Package/amsbsy.sty.ltxml...
(Loading /usr/share/perl5/LaTeXML/Package/amsgen.sty.ltxml... 0.01 sec) 0.02 sec)
(Loading /usr/share/perl5/LaTeXML/Package/amstext.sty.ltxml... 0.01 sec)
(Loading /usr/share/perl5/LaTeXML/Package/amsopn.sty.ltxml... 0.01 sec) 0.08 sec)
(Loading /usr/share/perl5/LaTeXML/Package/amssymb.sty.ltxml... 0.02 sec)
(Loading /usr/share/perl5/LaTeXML/Package/amscd.sty.ltxml... 0.01 sec)
(Loading /usr/share/perl5/LaTeXML/Package/epsfig.sty.ltxml...
(Loading /usr/share/perl5/LaTeXML/Package/graphicx.sty.ltxml...
(Loading /usr/share/perl5/LaTeXML/Package/graphics.sty.ltxml... 0.01 sec) 0.02 sec) 0.05 sec)
(Loading /usr/share/perl5/LaTeXML/Package/wrapfig.sty.ltxml... 0.00 sec) 19.39 sec) 19.71 sec)
(Building...
(Loading compiled schema /usr/share/perl5/LaTeXML/resources/RelaxNG/LaTeXML.model... 0.01 sec) 28.77 sec)
(Rewriting... 0.76 sec)
(Math Parsing 880 formulae ......
Warning:not_parsed:POSTSUPERSCRIPT.UNKNOWN.POSTSUBSCRIPT>OPEN MathParser failed to match rule 'Anything'
	at 0304134_cleaned.tex; line 343 col 7 - line 343 col 63
	In "$D_{r}=\partial-Z_{3}^{1/2}Z_{g}(A\times\phantom{A})$"
	D[[UNKNOWN]] _{r}[[POSTSUBSCRIPT]] =[[RELOP]] ∂[[OPERATOR]] -[[ADDOP]] Z[[UNKNOWN]] _{3}[[POSTSUBSCRIPT]] ^{1/2}[[POSTSUPERSCRIPT]] Z[[UNKNOWN]] _{g}[[POSTSUBSCRIPT]]
	        > ([[OPEN]] A[[UNKNOWN]] ×[[MULOP]] )[[CLOSE]]
Warning:not_parsed:UNKNOWN.POSTSUBSCRIPT.CLOSE>PUNCT MathParser failed to match rule 'Anything'
	at 0304134_cleaned.tex; line 687 col 1 - line 687 col 1
	In "$\displaystyle[D_{G}^{ab}(x-y)]^{-1}=\tilde{Z}_{3}[D_{G}^{(0)ab}(x-y)]^{-1}-%
	\tilde{Z}_{1}\int d^{4}zd^{4}ud^{4}vd^{4}z_{1}d^{4}z_{2}d^{4}z_{3}\hskip 28.45%
	2756pt\Gamma^{(0)bde}_{\mu}(y,u,v)D_{\mu\nu}^{ef}(v-z_{1})\Gamma_{\nu}^{fha}(z%
	_{1},z_{3},x)D_{G}^{hd}(u-z_{3}).-\tilde{Z}_{4}\int d^{4}ud^{4}v\Gamma_{4gh}^{%
	(0)bdfa}(x,u,v,y)D_{G}^{fd}(v-u)-\tilde{Z}_{4}\frac{1}{2}\int d^{4}zd^{4}ud^{4%
	}vd^{4}u_{1}d^{4}u_{2}d^{4}u_{3}d^{4}u_{4}\Gamma^{(0)bdgf}_{4gh}(y,z,v,u)D_{G}%
	^{fe}(u-u_{4})\hskip 28.452756pt\times D_{G}^{gi}(v-u_{2})\Gamma_{4gh}^{jaei}(%
	u_{3},x,u_{4},u_{2})D_{G}^{jd}(u_{3}-z)-\tilde{Z}_{4}\frac{1}{2}\int d^{4}zd^{%
	4}ud^{4}vd^{4}u_{1}d^{4}u_{2}d^{4}u_{3}d^{4}u_{4}d^{4}u_{5}\hskip 28.452756pt%
	\Gamma^{(0)bdgf}_{4gh}(y,z,v,u)D_{\mu\nu}^{ek}(u_{1}-u_{4})D_{G}^{fl}(u-u_{5})%
	\hskip 28.452756pt\times\Gamma^{kal}_{\nu}(u_{4},x,u_{5})D_{G}^{gi}(v-u_{2})%
	\Gamma^{eij}_{\mu}(u_{1},u_{3},u_{2})D_{G}^{jd}(u_{3}-z).\@@ENDINLINEMATH"
	... \tilde{Z}[[UNKNOWN]] _{4}[[POSTSUBSCRIPT]] \frac{1}{2}[[UNKNOWN]] ∫[[INTOP]] d[[UNKNOWN]] ^{4}[[POSTSUPERSCRIPT]] z[[UNKNOWN]] d[[UNKNOWN]] ^{4}[[POSTSUPERSCRIPT]] u[[UNKNOWN]] d[[UNKNOWN]] ^{4}[[POSTSUPERSCRIPT]] v[[UNKNOWN]] d[[UNKNOWN]] ^{4}[[POSTSUPERSCRIPT]] u[[UNKNOWN]] _{1}[[POSTSUBSCRIPT]] d[[UNKNOWN]] ^{4}[[POSTSUPERSCRIPT]] u[[UNKNOWN]] _{2}[[POSTSUBSCRIPT]] d[[UNKNOWN]] ^{4}[[POSTSUPERSCRIPT]] u[[UNKNOWN]] _{3}[[POSTSUBSCRIPT]] d[[UNKNOWN]] ^{4}[[POSTSUPERSCRIPT]] u[[UNKNOWN]] _{4}[[POSTSUBSCRIPT]] Γ[[UNKNOWN]] ^{(0)bdgf}[[POSTSUPERSCRIPT]] _{4gh}[[POSTSUBSCRIPT]] ([[OPEN]] y[[UNKNOWN]] ,[[PUNCT]] z[[UNKNOWN]] ,[[PUNCT]] v[[UNKNOWN]] ,[[PUNCT]] u[[UNKNOWN]] )[[CLOSE]] D[[UNKNOWN]] _{G}[[POSTSUBSCRIPT]] ^{fe}[[POSTSUPERSCRIPT]] ([[OPEN]] u[[UNKNOWN]] -[[ADDOP]] u[[UNKNOWN]] _{4}[[POSTSUBSCRIPT]] )[[CLOSE]]
	        > $\displaystyle[D_{G}^{ab}(x-y)]^{-1}=\tilde{Z}_{3}[D_{G}^{(0)ab}(x-y)]^{-1}-\tilde{Z}_{1}\intd^{4}zd^{4}ud^{4}vd^{4}z_{1}d^{4}z_{2}d^{4}z_{3}\hskip28.452756pt\Gamma^{(0)bde}_{\mu}(y,u,v)D_{\mu\nu}^{ef}(v-z_{1})\Gamma_{\nu}^{fha}(z_{1},z_{3},x)D_{G}^{hd}(u-z_{3}).-\tilde{Z}_{4}\intd^{4}ud^{4}v\Gamma_{4gh}^{(0)bdfa}(x,u,v,y)D_{G}^{fd}(v-u)-\tilde{Z}_{4}\frac{1}{2}\intd^{4}zd^{4}ud^{4}vd^{4}u_{1}d^{4}u_{2}d^{4}u_{3}d^{4}u_{4}\Gamma^{(0)bdgf}_{4gh}(y,z,v,u)D_{G}^{fe}(u-u_{4})\hskip28.452756pt\timesD_{G}^{gi}(v-u_{2})\Gamma_{4gh}^{jaei}(u_{3},x,u_{4},u_{2})D_{G}^{jd}(u_{3}-z)-\tilde{Z}_{4}\frac{1}{2}\intd^{4}zd^{4}ud^{4}vd^{4}u_{1}d^{4}u_{2}d^{4}u_{3}d^{4}u_{4}d^{4}u_{5}\hskip28.452756pt\Gamma^{(0)bdgf}_{4gh}(y,z,v,u)D_{\mu\nu}^{ek}(u_{1}-u_{4})D_{G}^{fl}(u-u_{5})\hskip28.452756pt\times\Gamma^{kal}_{\nu}(u_{4},x,u_{5})D_{G}^{gi}(v-u_{2})\Gamma^{eij}_{\mu}(u_{1},u_{3},u_{2})D_{G}^{jd}(u_{3}-z).\@@ENDINLINEMATH[[PUNCT]] ×[[MULOP]] D[[UNKNOWN]] _{G}[[POSTSUBSCRIPT]] ^{gi}[[POSTSUPERSCRIPT]] ([[OPEN]] v[[UNKNOWN]] -[[ADDOP]] u[[UNKNOWN]] _{2}[[POSTSUBSCRIPT]] )[[CLOSE]] Γ[[UNKNOWN]] _{4gh}[[POSTSUBSCRIPT]] ^{jaei}[[POSTSUPERSCRIPT]] ([[OPEN]] u[[UNKNOWN]] _{3}[[POSTSUBSCRIPT]] ,[[PUNCT]] x[[UNKNOWN]] ,[[PUNCT]] u[[UNKNOWN]] _{4}[[POSTSUBSCRIPT]] ,[[PUNCT]] u[[UNKNOWN]] _{2}[[POSTSUBSCRIPT]] )[[CLOSE]] D[[UNKNOWN]] _{G}[[POSTSUBSCRIPT]] ^{jd}[[POSTSUPERSCRIPT]] ([[OPEN]] u[[UNKNOWN]] _{3}[[POSTSUBSCRIPT]] -[[ADDOP]] z[[UNKNOWN]] )[[CLOSE]] -[[ADDOP]] \tilde{Z}[[UNKNOWN]] _{4}[[POSTSUBSCRIPT]] \frac{1}{2}[[UNKNOWN]] ∫[[INTOP]] d[[UNKNOWN]] ^{4}[[POSTSUPERSCRIPT]] z[[UNKNOWN]] d[[UNKNOWN]] ^{4}[[POSTSUPERSCRIPT]] u[[UNKNOWN]] d[[UNKNOWN]] ^{4}[[POSTSUPERSCRIPT]] v[[UNKNOWN]] d[[UNKNOWN]] ^{4}[[POSTSUPERSCRIPT]] ...
Warning:not_parsed:UNKNOWN.NUMBER.CLOSE>PUNCT MathParser failed to match rule 'Anything'
	at 0304134_cleaned.tex; line 707 col 1 - line 707 col 1
	In "$\displaystyle[D_{G}(p)]^{-1}=\tilde{Z}_{3}[D_{G}^{(0)}(p)]^{-1}-\tilde{Z}_{1}%
	\frac{g^{2}N_{c}}{(2\pi)^{4}}\int d^{4}q\>\Gamma^{(0)}_{\mu}(p,q)\>D_{\mu\nu}(%
	p-q)\>\Gamma_{\nu}(q,p)D_{G}(q)-\tilde{Z}_{4}\frac{g^{2}N_{c}}{(2\pi)^{4}}\int
	d%
	^{4}q\>\Gamma_{4gh}^{(0)}\>D_{G}(q)+\tilde{Z}_{4}\frac{1}{2}\frac{g^{4}N_{c}^{%
	2}}{(2\pi)^{8}}\int d^{4}q_{1}q_{2}\Gamma^{(0)}_{4gh}\>D_{G}(q_{1})\>D_{G}(p-q%
	_{1}-q_{2})\>\Gamma_{4gh}(p,q_{1},q_{2})\>D_{G}(q_{2})-\tilde{Z}_{4}\frac{1}{4%
	}\frac{g^{4}N_{c}^{2}}{(2\pi)^{8}}\int d^{4}q_{1}q_{2}\>\Gamma^{(0)}_{4gh}\>D_%
	{\mu\nu}(p-q_{1})\>D_{G}(q1)\hskip 28.452756pt\times\Gamma_{\nu}(p,q_{1})\>D_{%
	G}(q_{2})\>\Gamma_{\mu}(-p+q_{1}+q_{2},q_{2})\>D_{G}(p-q_{1}-q_{2}).\@@ENDINLINEMATH"
	... -[[ADDOP]] q[[UNKNOWN]] _{2}[[POSTSUBSCRIPT]] )[[CLOSE]] Γ[[UNKNOWN]] _{4gh}[[POSTSUBSCRIPT]] ([[OPEN]] p[[UNKNOWN]] ,[[PUNCT]] q[[UNKNOWN]] _{1}[[POSTSUBSCRIPT]] ,[[PUNCT]] q[[UNKNOWN]] _{2}[[POSTSUBSCRIPT]] )[[CLOSE]] D[[UNKNOWN]] _{G}[[POSTSUBSCRIPT]] ([[OPEN]] q[[UNKNOWN]] _{2}[[POSTSUBSCRIPT]] )[[CLOSE]] -[[ADDOP]] \tilde{Z}[[UNKNOWN]] _{4}[[POSTSUBSCRIPT]] \frac{1}{4}[[UNKNOWN]] \frac{g^{4}N_{c}^{2}}{(2\pi)^{8}}[[UNKNOWN]] ∫[[INTOP]] d[[UNKNOWN]] ^{4}[[POSTSUPERSCRIPT]] q[[UNKNOWN]] _{1}[[POSTSUBSCRIPT]] q[[UNKNOWN]] _{2}[[POSTSUBSCRIPT]] Γ[[UNKNOWN]] ^{(0)}[[POSTSUPERSCRIPT]] _{4gh}[[POSTSUBSCRIPT]] D[[UNKNOWN]] _{\mu\nu}[[POSTSUBSCRIPT]] ([[OPEN]] p[[UNKNOWN]] -[[ADDOP]] q[[UNKNOWN]] _{1}[[POSTSUBSCRIPT]] )[[CLOSE]] D[[UNKNOWN]] _{G}[[POSTSUBSCRIPT]] ([[OPEN]] q[[UNKNOWN]] 1[[NUMBER]] )[[CLOSE]]
	        > $\displaystyle[D_{G}(p)]^{-1}=\tilde{Z}_{3}[D_{G}^{(0)}(p)]^{-1}-\tilde{Z}_{1}\frac{g^{2}N_{c}}{(2\pi)^{4}}\intd^{4}q\>\Gamma^{(0)}_{\mu}(p,q)\>D_{\mu\nu}(p-q)\>\Gamma_{\nu}(q,p)D_{G}(q)-\tilde{Z}_{4}\frac{g^{2}N_{c}}{(2\pi)^{4}}\intd^{4}q\>\Gamma_{4gh}^{(0)}\>D_{G}(q)+\tilde{Z}_{4}\frac{1}{2}\frac{g^{4}N_{c}^{2}}{(2\pi)^{8}}\intd^{4}q_{1}q_{2}\Gamma^{(0)}_{4gh}\>D_{G}(q_{1})\>D_{G}(p-q_{1}-q_{2})\>\Gamma_{4gh}(p,q_{1},q_{2})\>D_{G}(q_{2})-\tilde{Z}_{4}\frac{1}{4}\frac{g^{4}N_{c}^{2}}{(2\pi)^{8}}\intd^{4}q_{1}q_{2}\>\Gamma^{(0)}_{4gh}\>D_{\mu\nu}(p-q_{1})\>D_{G}(q1)\hskip28.452756pt\times\Gamma_{\nu}(p,q_{1})\>D_{G}(q_{2})\>\Gamma_{\mu}(-p+q_{1}+q_{2},q_{2})\>D_{G}(p-q_{1}-q_{2}).\@@ENDINLINEMATH[[PUNCT]] ×[[MULOP]] Γ[[UNKNOWN]] _{\nu}[[POSTSUBSCRIPT]] ([[OPEN]] p[[UNKNOWN]] ,[[PUNCT]] q[[UNKNOWN]] _{1}[[POSTSUBSCRIPT]] )[[CLOSE]] D[[UNKNOWN]] _{G}[[POSTSUBSCRIPT]] ([[OPEN]] q[[UNKNOWN]] _{2}[[POSTSUBSCRIPT]] )[[CLOSE]] Γ[[UNKNOWN]] _{\mu}[[POSTSUBSCRIPT]] ([[OPEN]] -[[ADDOP]] p[[UNKNOWN]] +[[ADDOP]] q[[UNKNOWN]] _{1}[[POSTSUBSCRIPT]] +[[ADDOP]] q[[UNKNOWN]] _{2}[[POSTSUBSCRIPT]] ,[[PUNCT]] q[[UNKNOWN]] _{2}[[POSTSUBSCRIPT]] )[[CLOSE]] D[[UNKNOWN]] _{G}[[POSTSUBSCRIPT]] ([[OPEN]] p[[UNKNOWN]] -[[ADDOP]] q[[UNKNOWN]] _{1}[[POSTSUBSCRIPT]] -[[ADDOP]] q[[UNKNOWN]] _{2}[[POSTSUBSCRIPT]] )[[CLOSE]]
Warning:not_parsed:UNKNOWN.POSTSUBSCRIPT.CLOSE>PUNCT MathParser failed to match rule 'Anything'
	at 0304134_cleaned.tex; line 738 col 1 - line 738 col 1
	In "$\displaystyle[D(p)]^{-1}_{\mu\nu}=Z_{3}[D^{(0)}(p)]^{-1}_{\mu\nu}+\tilde{Z}_{%
	1}\frac{g^{2}N_{c}}{(2\pi)^{4}}\int d^{4}q\>\Gamma^{(0)}_{\mu}(p,q)\>D_{G}(p-q%
	)\>\Gamma_{\nu}(q,p)D_{G}(q)-Z_{1}\frac{1}{2}\frac{g^{2}N_{c}}{(2\pi)^{4}}\int
	d%
	^{4}q\>\Gamma^{(0)}_{\mu\rho\sigma}(p,q)\>D_{\rho\rho^{\prime}}(p-q)\>\Gamma_{%
	\rho^{\prime}\nu\sigma^{\prime}}(q,p)D_{\sigma\sigma^{\prime}}(q)-Z_{4}\frac{1%
	}{2}\frac{g^{2}N_{c}}{(2\pi)^{4}}\int d^{4}q\>\Gamma^{(0)}_{\mu\nu\rho\sigma}%
	\>D_{\rho\sigma}(q)-Z_{4}\frac{1}{6}\frac{g^{4}N_{c}^{2}}{(2\pi)^{8}}\int d^{4%
	}q_{1}q_{2}\Gamma^{(0)}_{\mu\rho\sigma\lambda}\>D_{\rho\rho^{\prime}}(q_{2})\>%
	D_{\sigma\sigma^{\prime}}(p-q_{2}-q_{1})\>\Gamma_{\rho^{\prime}\nu\lambda^{%
	\prime}\sigma^{\prime}}(p,q_{1},q_{2})\>D_{\lambda\lambda^{\prime}}(q_{1})-Z_{%
	4}\frac{1}{2}\frac{g^{4}N_{c}^{2}}{(2\pi)^{8}}\int d^{4}q_{1}q_{2}\>\Gamma^{(0%
	)}_{\mu\rho\sigma\lambda}\>D_{\rho\rho^{\prime}}(p-q_{1}-q_{2})\>D_{\sigma%
	\sigma^{\prime}}(q_{2})\hskip 28.452756pt\times\Gamma_{\rho^{\prime}\zeta%
	\sigma^{\prime}}(p-q_{1}-q_{2},q_{2})\>D_{\zeta\zeta^{\prime}}(p-q_{1})\>%
	\Gamma_{\zeta^{\prime}\nu\lambda^{\prime}}(p-q_{1},q_{1})\>D_{\lambda\lambda^{%
	\prime}}(q_{1}).\@@ENDINLINEMATH"
	... )[[CLOSE]] Γ[[UNKNOWN]] _{\rho^{\prime}\nu\lambda^{\prime}\sigma^{\prime}}[[POSTSUBSCRIPT]] ([[OPEN]] p[[UNKNOWN]] ,[[PUNCT]] q[[UNKNOWN]] _{1}[[POSTSUBSCRIPT]] ,[[PUNCT]] q[[UNKNOWN]] _{2}[[POSTSUBSCRIPT]] )[[CLOSE]] D[[UNKNOWN]] _{\lambda\lambda^{\prime}}[[POSTSUBSCRIPT]] ([[OPEN]] q[[UNKNOWN]] _{1}[[POSTSUBSCRIPT]] )[[CLOSE]] -[[ADDOP]] Z[[UNKNOWN]] _{4}[[POSTSUBSCRIPT]] \frac{1}{2}[[UNKNOWN]] \frac{g^{4}N_{c}^{2}}{(2\pi)^{8}}[[UNKNOWN]] ∫[[INTOP]] d[[UNKNOWN]] ^{4}[[POSTSUPERSCRIPT]] q[[UNKNOWN]] _{1}[[POSTSUBSCRIPT]] q[[UNKNOWN]] _{2}[[POSTSUBSCRIPT]] Γ[[UNKNOWN]] ^{(0)}[[POSTSUPERSCRIPT]] _{\mu\rho\sigma\lambda}[[POSTSUBSCRIPT]] D[[UNKNOWN]] _{\rho\rho^{\prime}}[[POSTSUBSCRIPT]] ([[OPEN]] p[[UNKNOWN]] -[[ADDOP]] q[[UNKNOWN]] _{1}[[POSTSUBSCRIPT]] -[[ADDOP]] q[[UNKNOWN]] _{2}[[POSTSUBSCRIPT]] )[[CLOSE]] D[[UNKNOWN]] _{\sigma\sigma^{\prime}}[[POSTSUBSCRIPT]] ([[OPEN]] q[[UNKNOWN]] _{2}[[POSTSUBSCRIPT]] )[[CLOSE]]
	        > $\displaystyle[D(p)]^{-1}_{\mu\nu}=Z_{3}[D^{(0)}(p)]^{-1}_{\mu\nu}+\tilde{Z}_{1}\frac{g^{2}N_{c}}{(2\pi)^{4}}\intd^{4}q\>\Gamma^{(0)}_{\mu}(p,q)\>D_{G}(p-q)\>\Gamma_{\nu}(q,p)D_{G}(q)-Z_{1}\frac{1}{2}\frac{g^{2}N_{c}}{(2\pi)^{4}}\intd^{4}q\>\Gamma^{(0)}_{\mu\rho\sigma}(p,q)\>D_{\rho\rho^{\prime}}(p-q)\>\Gamma_{\rho^{\prime}\nu\sigma^{\prime}}(q,p)D_{\sigma\sigma^{\prime}}(q)-Z_{4}\frac{1}{2}\frac{g^{2}N_{c}}{(2\pi)^{4}}\intd^{4}q\>\Gamma^{(0)}_{\mu\nu\rho\sigma}\>D_{\rho\sigma}(q)-Z_{4}\frac{1}{6}\frac{g^{4}N_{c}^{2}}{(2\pi)^{8}}\intd^{4}q_{1}q_{2}\Gamma^{(0)}_{\mu\rho\sigma\lambda}\>D_{\rho\rho^{\prime}}(q_{2})\>D_{\sigma\sigma^{\prime}}(p-q_{2}-q_{1})\>\Gamma_{\rho^{\prime}\nu\lambda^{\prime}\sigma^{\prime}}(p,q_{1},q_{2})\>D_{\lambda\lambda^{\prime}}(q_{1})-Z_{4}\frac{1}{2}\frac{g^{4}N_{c}^{2}}{(2\pi)^{8}}\intd^{4}q_{1}q_{2}\>\Gamma^{(0)}_{\mu\rho\sigma\lambda}\>D_{\rho\rho^{\prime}}(p-q_{1}-q_{2})\>D_{\sigma\sigma^{\prime}}(q_{2})\hskip28.452756pt\times\Gamma_{\rho^{\prime}\zeta\sigma^{\prime}}(p-q_{1}-q_{2},q_{2})\>D_{\zeta\zeta^{\prime}}(p-q_{1})\>\Gamma_{\zeta^{\prime}\nu\lambda^{\prime}}(p-q_{1},q_{1})\>D_{\lambda\lambda^{\prime}}(q_{1}).\@@ENDINLINEMATH[[PUNCT]] ×[[MULOP]] Γ[[UNKNOWN]] _{\rho^{\prime}\zeta\sigma^{\prime}}[[POSTSUBSCRIPT]] ([[OPEN]] p[[UNKNOWN]] -[[ADDOP]] q[[UNKNOWN]] _{1}[[POSTSUBSCRIPT]] -[[ADDOP]] q[[UNKNOWN]] _{2}[[POSTSUBSCRIPT]] ,[[PUNCT]] q[[UNKNOWN]] _{2}[[POSTSUBSCRIPT]] )[[CLOSE]] D[[UNKNOWN]] _{\zeta\zeta^{\prime}}[[POSTSUBSCRIPT]] ([[OPEN]] p[[UNKNOWN]] -[[ADDOP]] q[[UNKNOWN]] _{1}[[POSTSUBSCRIPT]] )[[CLOSE]] Γ[[UNKNOWN]] _{\zeta^{\prime}\nu\lambda^{\prime}}[[POSTSUBSCRIPT]] ([[OPEN]] p[[UNKNOWN]] -[[ADDOP]] q[[UNKNOWN]] _{1}[[POSTSUBSCRIPT]] ,[[PUNCT]] q[[UNKNOWN]] _{1}[[POSTSUBSCRIPT]] )[[CLOSE]] D[[UNKNOWN]] _{\lambda\lambda^{\prime}}[[POSTSUBSCRIPT]] ([[OPEN]] q[[UNKNOWN]] _{1}[[POSTSUBSCRIPT]] )[[CLOSE]]
Warning:not_parsed:UNKNOWN.POSTSUBSCRIPT.UNKNOWN>OPEN MathParser failed to match rule 'Anything'
	at 0304134_cleaned.tex; line 857 col 7 - line 859 col 2
	In "$\displaystyle{Z_{\lambda}\,\lambda}\,\Big{\{}\,\delta^{ab}\delta_{xy}$"
	Z[[UNKNOWN]] _{\lambda}[[POSTSUBSCRIPT]] λ[[UNKNOWN]]
	        > \{[[OPEN]] δ[[UNKNOWN]] ^{ab}[[POSTSUPERSCRIPT]] δ[[UNKNOWN]] _{xy}[[POSTSUBSCRIPT]]
Warning:not_parsed:POSTSUPERSCRIPT.POSTSUBSCRIPT.CLOSE>CLOSE MathParser failed to match rule 'Anything'
	at 0304134_cleaned.tex; line 866 col 8 - line 872 col 14
	In "$\displaystyle\,i\widetilde{Z}_{1}\,\frac{\alpha}{2}(1-\frac{\alpha}{2})\,%
	\langle\,(\partial A\times\bar{c})^{a}_{x}\,c^{b}_{y}\,\rangle\,+\,\frac{Z_{%
	\lambda}\,\lambda}{Z_{3}}\,\widetilde{Z}_{1}^{2}\,\frac{\alpha^{2}}{4}(1-\frac%
	{\alpha}{2})\,\langle\,\big{(}(\bar{c}\times c)\times\bar{c}\big{)}^{a}_{x}\,c%
	^{b}_{y}\,\rangle\,\Big{\}}\;.$"
	i[[UNKNOWN]] \widetilde{Z}[[UNKNOWN]] _{1}[[POSTSUBSCRIPT]] \frac{\alpha}{2}[[UNKNOWN]] ([[OPEN]] 1[[NUMBER]] -[[ADDOP]] \frac{\alpha}{2}[[UNKNOWN]] )[[CLOSE]] \langle[[OPEN]] ([[OPEN]] ∂[[OPERATOR]] A[[UNKNOWN]] ×[[MULOP]] \bar{c}[[UNKNOWN]] )[[CLOSE]] ^{a}[[POSTSUPERSCRIPT]] _{x}[[POSTSUBSCRIPT]] c[[UNKNOWN]] ^{b}[[POSTSUPERSCRIPT]] _{y}[[POSTSUBSCRIPT]] \rangle[[CLOSE]] +[[ADDOP]] \frac{Z_{\lambda}\,\lambda}{Z_{3}}[[UNKNOWN]] \widetilde{Z}[[UNKNOWN]] _{1}[[POSTSUBSCRIPT]] ^{2}[[POSTSUPERSCRIPT]] \frac{\alpha^{2}}{4}[[UNKNOWN]] ([[OPEN]] 1[[NUMBER]] -[[ADDOP]] \frac{\alpha}{2}[[UNKNOWN]] )[[CLOSE]] \langle[[OPEN]] ([[OPEN]] ([[OPEN]] \bar{c}[[UNKNOWN]] ×[[MULOP]] c[[UNKNOWN]] )[[CLOSE]] ×[[MULOP]] \bar{c}[[UNKNOWN]] )[[CLOSE]] ^{a}[[POSTSUPERSCRIPT]] _{x}[[POSTSUBSCRIPT]] c[[UNKNOWN]] ^{b}[[POSTSUPERSCRIPT]] _{y}[[POSTSUBSCRIPT]] \rangle[[CLOSE]]
	        > \}[[CLOSE]]
Warning:not_parsed:POSTSUPERSCRIPT.ATOM.ATOM>MULOP MathParser failed to match rule 'Anything'
	at 0304134_cleaned.tex; line 1085 col 1 - line 1085 col 1
	In "$\displaystyle B^{-1}x^{-\beta}=x^{(\beta+\sigma)}\frac{g^{2}N_{c}\tilde{Z}_{1%
	}AB}{16\pi^{2}}\,\frac{-3}{2\,(\beta+\sigma)\,(-1+\beta+\sigma)}\times\hskip 1%
	42.26378pt\times\frac{\Gamma(2-\beta-\sigma)\,\Gamma(1+\sigma)\,\Gamma(2+\beta%
	)}{\Gamma(3+\beta+\sigma)\,\Gamma(2-\sigma)\,\Gamma(1-\beta)}.\@@ENDINLINEMATH"
	B[[UNKNOWN]] ^{-1}[[POSTSUPERSCRIPT]] x[[UNKNOWN]] ^{-\beta}[[POSTSUPERSCRIPT]] =[[RELOP]] x[[UNKNOWN]] ^{(\beta+\sigma)}[[POSTSUPERSCRIPT]] \frac{g^{2}N_{c}\tilde{Z}_{1}AB}{16\pi^{2}}[[UNKNOWN]] \frac{-3}{2\,(\beta+\sigma)\,(-1+\beta+\sigma)}[[UNKNOWN]]
	        > ×[[MULOP]] $\displaystyleB^{-1}x^{-\beta}=x^{(\beta+\sigma)}\frac{g^{2}N_{c}\tilde{Z}_{1}AB}{16\pi^{2}}\,\frac{-3}{2\,(\beta+\sigma)\,(-1+\beta+\sigma)}\times\hskip142.26378pt\times\frac{\Gamma(2-\beta-\sigma)\,\Gamma(1+\sigma)\,\Gamma(2+\beta)}{\Gamma(3+\beta+\sigma)\,\Gamma(2-\sigma)\,\Gamma(1-\beta)}.\@@ENDINLINEMATH[[PUNCT]] ×[[MULOP]] \frac{\Gamma(2-\beta-\sigma)\,\Gamma(1+\sigma)\,\Gamma(2+\beta)}{\Gamma(3+\beta+\sigma)\,\Gamma(2-\sigma)\,\Gamma(1-\beta)}[[UNKNOWN]]
Warning:not_parsed:POSTSUPERSCRIPT.ATOM.ATOM>MULOP MathParser failed to match rule 'Anything'
	at 0304134_cleaned.tex; line 1085 col 23 - line 1087 col 1
	In "$\displaystyle x^{(\beta+\sigma)}\frac{g^{2}N_{c}\tilde{Z}_{1}AB}{16\pi^{2}}\,%
	\frac{-3}{2\,(\beta+\sigma)\,(-1+\beta+\sigma)}\times$"
	x[[UNKNOWN]] ^{(\beta+\sigma)}[[POSTSUPERSCRIPT]] \frac{g^{2}N_{c}\tilde{Z}_{1}AB}{16\pi^{2}}[[UNKNOWN]] \frac{-3}{2\,(\beta+\sigma)\,(-1+\beta+\sigma)}[[UNKNOWN]]
	        > ×[[MULOP]]
Warning:not_parsed:POSTSUPERSCRIPT.UNKNOWN.POSTSUPERSCRIPT>OPEN MathParser failed to match rule 'Anything'
	at 0304134_cleaned.tex; line 1484 col 35 - line 1487 col 1
	In "$\displaystyle\partial^{2}\langle\bar{c}^{b}(y)c^{c}(z)\rangle+\frac{\alpha}{2%
	}\left(1-\frac{\alpha}{2}\right)\frac{\lambda}{2}g^{2}f^{cde}f^{fge}\left\{%
	\langle\bar{c}^{b}(y)\bar{c}^{d}(z)c^{f}(z)c^{g}(z)\rangle\right.$"
	∂[[OPERATOR]] ^{2}[[POSTSUPERSCRIPT]] \langle[[OPEN]] \bar{c}[[UNKNOWN]] ^{b}[[POSTSUPERSCRIPT]] ([[OPEN]] y[[UNKNOWN]] )[[CLOSE]] c[[UNKNOWN]] ^{c}[[POSTSUPERSCRIPT]] ([[OPEN]] z[[UNKNOWN]] )[[CLOSE]] \rangle[[CLOSE]] +[[ADDOP]] \frac{\alpha}{2}[[UNKNOWN]] \left([[OPEN]] 1[[NUMBER]] -[[ADDOP]] \frac{\alpha}{2}[[UNKNOWN]] \right)[[CLOSE]] \frac{\lambda}{2}[[UNKNOWN]] g[[UNKNOWN]] ^{2}[[POSTSUPERSCRIPT]] f[[UNKNOWN]] ^{cde}[[POSTSUPERSCRIPT]] f[[UNKNOWN]] ^{fge}[[POSTSUPERSCRIPT]]
	        > \left\{[[OPEN]] \langle[[OPEN]] \bar{c}[[UNKNOWN]] ^{b}[[POSTSUPERSCRIPT]] ([[OPEN]] y[[UNKNOWN]] )[[CLOSE]] \bar{c}[[UNKNOWN]] ^{d}[[POSTSUPERSCRIPT]] ([[OPEN]] z[[UNKNOWN]] )[[CLOSE]] c[[UNKNOWN]] ^{f}[[POSTSUPERSCRIPT]] ([[OPEN]] z[[UNKNOWN]] )[[CLOSE]] c[[UNKNOWN]] ^{g}[[POSTSUPERSCRIPT]] ([[OPEN]] z[[UNKNOWN]] )[[CLOSE]] \rangle[[CLOSE]]
Warning:not_parsed:CLOSE.CLOSE.CLOSE>CLOSE MathParser failed to match rule 'Anything'
	at 0304134_cleaned.tex; line 1487 col 8 - line 1489 col 1
	In "$\displaystyle\left.+\left(\langle\bar{c}^{b}(y)c^{g}(z)\rangle\,\langle\bar{c%
	}^{d}(z)c^{f}(z)\rangle-\langle\bar{c}^{b}(y)c^{f}(z)\rangle\,\langle\bar{c}^{%
	d}(z)c^{g}(z)\rangle\right)\right\}$"
	... \langle[[OPEN]] \bar{c}[[UNKNOWN]] ^{b}[[POSTSUPERSCRIPT]] ([[OPEN]] y[[UNKNOWN]] )[[CLOSE]] c[[UNKNOWN]] ^{g}[[POSTSUPERSCRIPT]] ([[OPEN]] z[[UNKNOWN]] )[[CLOSE]] \rangle[[CLOSE]] \langle[[OPEN]] \bar{c}[[UNKNOWN]] ^{d}[[POSTSUPERSCRIPT]] ([[OPEN]] z[[UNKNOWN]] )[[CLOSE]] c[[UNKNOWN]] ^{f}[[POSTSUPERSCRIPT]] ([[OPEN]] z[[UNKNOWN]] )[[CLOSE]] \rangle[[CLOSE]] -[[ADDOP]] \langle[[OPEN]] \bar{c}[[UNKNOWN]] ^{b}[[POSTSUPERSCRIPT]] ([[OPEN]] y[[UNKNOWN]] )[[CLOSE]] c[[UNKNOWN]] ^{f}[[POSTSUPERSCRIPT]] ([[OPEN]] z[[UNKNOWN]] )[[CLOSE]] \rangle[[CLOSE]] \langle[[OPEN]] \bar{c}[[UNKNOWN]] ^{d}[[POSTSUPERSCRIPT]] ([[OPEN]] z[[UNKNOWN]] )[[CLOSE]] c[[UNKNOWN]] ^{g}[[POSTSUPERSCRIPT]] ([[OPEN]] z[[UNKNOWN]] )[[CLOSE]] \rangle[[CLOSE]] \right)[[CLOSE]]
	        > \right\}[[CLOSE]]
Warning:not_parsed:UNKNOWN.ATOM.ATOM>RELOP MathParser failed to match rule 'Anything'
	at 0304134_cleaned.tex; line 1497 col 6 - line 1497 col 6
	In "$\displaystyle\delta(y-x)\delta^{ab}=\frac{\delta\bar{\sigma}^{b}(y)}{\delta%
	\bar{\sigma}^{a}(x)}=\int d^{4}z\frac{\delta\bar{\sigma}^{b}(y)}{\delta\bar{c}%
	^{d}(z)}\frac{\delta\bar{c}^{d}(z)}{\delta\bar{\sigma}^{a}(x)}=\int d^{4}z%
	\frac{\delta^{2}\Gamma}{\delta\bar{c}^{d}(z)\delta c^{b}(y)}\frac{\delta^{2}W}%
	{\delta\bar{\sigma}^{a}(x)\delta\sigma^{d}(z)}=:\int d^{4}z\left[D_{G}^{db}(z-%
	y)\right]^{-1}D_{G}^{ad}(x-z)\@@ENDINLINEMATH"
	δ[[UNKNOWN]] ([[OPEN]] y[[UNKNOWN]] -[[ADDOP]] x[[UNKNOWN]] )[[CLOSE]] δ[[UNKNOWN]] ^{ab}[[POSTSUPERSCRIPT]] =[[RELOP]] \frac{\delta\bar{\sigma}^{b}(y)}{\delta\bar{\sigma}^{a}(x)}[[UNKNOWN]] =[[RELOP]] ∫[[INTOP]] d[[UNKNOWN]] ^{4}[[POSTSUPERSCRIPT]] z[[UNKNOWN]] \frac{\delta\bar{\sigma}^{b}(y)}{\delta\bar{c}^{d}(z)}[[UNKNOWN]] \frac{\delta\bar{c}^{d}(z)}{\delta\bar{\sigma}^{a}(x)}[[UNKNOWN]] =[[RELOP]] ∫[[INTOP]] d[[UNKNOWN]] ^{4}[[POSTSUPERSCRIPT]] z[[UNKNOWN]] \frac{\delta^{2}\Gamma}{\delta\bar{c}^{d}(z)\deltac^{b}(y)}[[UNKNOWN]] \frac{\delta^{2}W}{\delta\bar{\sigma}^{a}(x)\delta\sigma^{d}(z)}[[UNKNOWN]]
	        > =[[RELOP]] :[[METARELOP]] ∫[[INTOP]] d[[UNKNOWN]] ^{4}[[POSTSUPERSCRIPT]] z[[UNKNOWN]] \left[[[OPEN]] D[[UNKNOWN]] _{G}[[POSTSUBSCRIPT]] ^{db}[[POSTSUPERSCRIPT]] ([[OPEN]] z[[UNKNOWN]] -[[ADDOP]] y[[UNKNOWN]] )[[CLOSE]] \right][[CLOSE]] ^{-1}[[POSTSUPERSCRIPT]] D[[UNKNOWN]] _{G}[[POSTSUBSCRIPT]] ^{ad}[[POSTSUPERSCRIPT]] ([[OPEN]] x[[UNKNOWN]] -[[ADDOP]] z[[UNKNOWN]] )[[CLOSE]]
Warning:not_parsed:CLOSE.CLOSE.POSTSUPERSCRIPT>OPEN MathParser failed to match rule 'Anything'
	at 0304134_cleaned.tex; line 1508 col 9 - line 1511 col 1
	In "$\displaystyle\frac{\alpha}{2}\left(1-\frac{\alpha}{2}\right)\frac{\lambda}{2}%
	g^{2}f^{cde}f^{fge}\int d^{4}z\,[D_{G}^{ac}(x-z)]^{-1}\left\{\langle\bar{c}^{b%
	}(y)\bar{c}^{d}(z)c^{f}(z)c^{g}(z)\rangle\right.$"
	\frac{\alpha}{2}[[UNKNOWN]] \left([[OPEN]] 1[[NUMBER]] -[[ADDOP]] \frac{\alpha}{2}[[UNKNOWN]] \right)[[CLOSE]] \frac{\lambda}{2}[[UNKNOWN]] g[[UNKNOWN]] ^{2}[[POSTSUPERSCRIPT]] f[[UNKNOWN]] ^{cde}[[POSTSUPERSCRIPT]] f[[UNKNOWN]] ^{fge}[[POSTSUPERSCRIPT]] ∫[[INTOP]] d[[UNKNOWN]] ^{4}[[POSTSUPERSCRIPT]] z[[UNKNOWN]] [[[OPEN]] D[[UNKNOWN]] _{G}[[POSTSUBSCRIPT]] ^{ac}[[POSTSUPERSCRIPT]] ([[OPEN]] x[[UNKNOWN]] -[[ADDOP]] z[[UNKNOWN]] )[[CLOSE]] ][[CLOSE]] ^{-1}[[POSTSUPERSCRIPT]]
	        > \left\{[[OPEN]] \langle[[OPEN]] \bar{c}[[UNKNOWN]] ^{b}[[POSTSUPERSCRIPT]] ([[OPEN]] y[[UNKNOWN]] )[[CLOSE]] \bar{c}[[UNKNOWN]] ^{d}[[POSTSUPERSCRIPT]] ([[OPEN]] z[[UNKNOWN]] )[[CLOSE]] c[[UNKNOWN]] ^{f}[[POSTSUPERSCRIPT]] ([[OPEN]] z[[UNKNOWN]] )[[CLOSE]] c[[UNKNOWN]] ^{g}[[POSTSUPERSCRIPT]] ([[OPEN]] z[[UNKNOWN]] )[[CLOSE]] \rangle[[CLOSE]]
Warning:not_parsed:UNKNOWN.CLOSE.CLOSE>CLOSE MathParser failed to match rule 'Anything'
	at 0304134_cleaned.tex; line 1511 col 9 - line 1513 col 1
	In "$\displaystyle\hskip 68.286614pt+\,\left.\langle\bar{c}^{b}(y)c^{g}(z)\rangle%
	\,\langle\bar{c}^{d}(z)c^{f}(z)\rangle-\langle\bar{c}^{b}(y)c^{f}(z)\rangle\,%
	\langle\bar{c}^{d}(z)c^{g}(z)\rangle\right\}$"
	+[[ADDOP]] \langle[[OPEN]] \bar{c}[[UNKNOWN]] ^{b}[[POSTSUPERSCRIPT]] ([[OPEN]] y[[UNKNOWN]] )[[CLOSE]] c[[UNKNOWN]] ^{g}[[POSTSUPERSCRIPT]] ([[OPEN]] z[[UNKNOWN]] )[[CLOSE]] \rangle[[CLOSE]] \langle[[OPEN]] \bar{c}[[UNKNOWN]] ^{d}[[POSTSUPERSCRIPT]] ([[OPEN]] z[[UNKNOWN]] )[[CLOSE]] c[[UNKNOWN]] ^{f}[[POSTSUPERSCRIPT]] ([[OPEN]] z[[UNKNOWN]] )[[CLOSE]] \rangle[[CLOSE]] -[[ADDOP]] \langle[[OPEN]] \bar{c}[[UNKNOWN]] ^{b}[[POSTSUPERSCRIPT]] ([[OPEN]] y[[UNKNOWN]] )[[CLOSE]] c[[UNKNOWN]] ^{f}[[POSTSUPERSCRIPT]] ([[OPEN]] z[[UNKNOWN]] )[[CLOSE]] \rangle[[CLOSE]] \langle[[OPEN]] \bar{c}[[UNKNOWN]] ^{d}[[POSTSUPERSCRIPT]] ([[OPEN]] z[[UNKNOWN]] )[[CLOSE]] c[[UNKNOWN]] ^{g}[[POSTSUPERSCRIPT]] ([[OPEN]] z[[UNKNOWN]] )[[CLOSE]] \rangle[[CLOSE]]
	        > \right\}[[CLOSE]]
Warning:not_parsed:UNKNOWN.POSTSUPERSCRIPT.UNKNOWN>RELOP MathParser failed to match rule 'Anything'
	at 0304134_cleaned.tex; line 1528 col 24 - line 1528 col 47
	In "$d^{4}u\,d^{4}v=:d^{4}[uv]$"
	d[[UNKNOWN]] ^{4}[[POSTSUPERSCRIPT]] u[[UNKNOWN]] d[[UNKNOWN]] ^{4}[[POSTSUPERSCRIPT]] v[[UNKNOWN]]
	        > =[[RELOP]] :[[METARELOP]] d[[UNKNOWN]] ^{4}[[POSTSUPERSCRIPT]] [[[OPEN]] u[[UNKNOWN]] v[[UNKNOWN]] ][[CLOSE]]
Warning:not_parsed:POSTSUPERSCRIPT.UNKNOWN.POSTSUPERSCRIPT>MULOP MathParser failed to match rule 'Anything'
	at 0304134_cleaned.tex; line 1556 col 1 - line 1556 col 1
	In "$\displaystyle[D_{G}^{ab}(x-y)]^{-1}=\partial^{2}\delta(x-y)\delta^{ab}-\int d%
	^{4}[uv]\,\Gamma_{4gh}^{(0)bdfa}(x,u,v,y)\,D_{G}^{fd}(v-u)+\frac{\alpha}{2}%
	\left(1-\frac{\alpha}{2}\right)\frac{\lambda}{2}g^{2}f^{cde}f^{fge}\times%
	\hskip 14.226378pt\int d^{4}[zuv]\,\delta(z-u)\,\delta(u-v)\,[D_{G}^{ac}(x-z)]%
	^{-1}\>\langle\bar{c}^{b}(y)\bar{c}^{d}(z)c^{f}(u)c^{g}(v)\rangle-\int d^{4}[%
	zuv]\,\Gamma^{(0)cde}_{\mu}(z,u,v)\,[D_{G}^{ac}(x-z)]^{-1}\,\langle\bar{c}^{b}%
	(y)A^{e}_{\mu}(v)c^{d}(u)\rangle\,.\@@ENDINLINEMATH"
	... δ[[UNKNOWN]] ([[OPEN]] x[[UNKNOWN]] -[[ADDOP]] y[[UNKNOWN]] )[[CLOSE]] δ[[UNKNOWN]] ^{ab}[[POSTSUPERSCRIPT]] -[[ADDOP]] ∫[[INTOP]] d[[UNKNOWN]] ^{4}[[POSTSUPERSCRIPT]] [[[OPEN]] u[[UNKNOWN]] v[[UNKNOWN]] ][[CLOSE]] Γ[[UNKNOWN]] _{4gh}[[POSTSUBSCRIPT]] ^{(0)bdfa}[[POSTSUPERSCRIPT]] ([[OPEN]] x[[UNKNOWN]] ,[[PUNCT]] u[[UNKNOWN]] ,[[PUNCT]] v[[UNKNOWN]] ,[[PUNCT]] y[[UNKNOWN]] )[[CLOSE]] D[[UNKNOWN]] _{G}[[POSTSUBSCRIPT]] ^{fd}[[POSTSUPERSCRIPT]] ([[OPEN]] v[[UNKNOWN]] -[[ADDOP]] u[[UNKNOWN]] )[[CLOSE]] +[[ADDOP]] \frac{\alpha}{2}[[UNKNOWN]] \left([[OPEN]] 1[[NUMBER]] -[[ADDOP]] \frac{\alpha}{2}[[UNKNOWN]] \right)[[CLOSE]] \frac{\lambda}{2}[[UNKNOWN]] g[[UNKNOWN]] ^{2}[[POSTSUPERSCRIPT]] f[[UNKNOWN]] ^{cde}[[POSTSUPERSCRIPT]] f[[UNKNOWN]] ^{fge}[[POSTSUPERSCRIPT]]
	        > ×[[MULOP]] $\displaystyle[D_{G}^{ab}(x-y)]^{-1}=\partial^{2}\delta(x-y)\delta^{ab}-\intd^{4}[uv]\,\Gamma_{4gh}^{(0)bdfa}(x,u,v,y)\,D_{G}^{fd}(v-u)+\frac{\alpha}{2}\left(1-\frac{\alpha}{2}\right)\frac{\lambda}{2}g^{2}f^{cde}f^{fge}\times\hskip14.226378pt\intd^{4}[zuv]\,\delta(z-u)\,\delta(u-v)\,[D_{G}^{ac}(x-z)]^{-1}\>\langle\bar{c}^{b}(y)\bar{c}^{d}(z)c^{f}(u)c^{g}(v)\rangle-\intd^{4}[zuv]\,\Gamma^{(0)cde}_{\mu}(z,u,v)\,[D_{G}^{ac}(x-z)]^{-1}\,\langle\bar{c}^{b}(y)A^{e}_{\mu}(v)c^{d}(u)\rangle\,.\@@ENDINLINEMATH[[PUNCT]] ∫[[INTOP]] d[[UNKNOWN]] ^{4}[[POSTSUPERSCRIPT]] [[[OPEN]] z[[UNKNOWN]] u[[UNKNOWN]] v[[UNKNOWN]] ][[CLOSE]] δ[[UNKNOWN]] ([[OPEN]] z[[UNKNOWN]] -[[ADDOP]] u[[UNKNOWN]] )[[CLOSE]] δ[[UNKNOWN]] ([[OPEN]] u[[UNKNOWN]] -[[ADDOP]] v[[UNKNOWN]] )[[CLOSE]] [[[OPEN]] D[[UNKNOWN]] _{G}[[POSTSUBSCRIPT]] ^{ac}[[POSTSUPERSCRIPT]] ([[OPEN]] x[[UNKNOWN]] -[[ADDOP]] z[[UNKNOWN]] )[[CLOSE]] ][[CLOSE]] ^{-1}[[POSTSUPERSCRIPT]] \langle[[OPEN]] \bar{c}[[UNKNOWN]] ^{b}[[POSTSUPERSCRIPT]] ([[OPEN]] y[[UNKNOWN]] )[[CLOSE]] \bar{c}[[UNKNOWN]] ^{d}[[POSTSUPERSCRIPT]] ([[OPEN]] z[[UNKNOWN]] )[[CLOSE]] c[[UNKNOWN]] ^{f}[[POSTSUPERSCRIPT]] ([[OPEN]] u[[UNKNOWN]] )[[CLOSE]] c[[UNKNOWN]] ^{g}[[POSTSUPERSCRIPT]] ...
Warning:not_parsed:POSTSUPERSCRIPT.UNKNOWN.POSTSUPERSCRIPT>MULOP MathParser failed to match rule 'Anything'
	at 0304134_cleaned.tex; line 1558 col 3 - line 1560 col 1
	In "$\displaystyle+\frac{\alpha}{2}\left(1-\frac{\alpha}{2}\right)\frac{\lambda}{2%
	}g^{2}f^{cde}f^{fge}\times$"
	+[[ADDOP]] \frac{\alpha}{2}[[UNKNOWN]] \left([[OPEN]] 1[[NUMBER]] -[[ADDOP]] \frac{\alpha}{2}[[UNKNOWN]] \right)[[CLOSE]] \frac{\lambda}{2}[[UNKNOWN]] g[[UNKNOWN]] ^{2}[[POSTSUPERSCRIPT]] f[[UNKNOWN]] ^{cde}[[POSTSUPERSCRIPT]] f[[UNKNOWN]] ^{fge}[[POSTSUPERSCRIPT]]
	        > ×[[MULOP]]
Warning:not_parsed:UNKNOWN.POSTSUBSCRIPT.CLOSE>OPEN MathParser failed to match rule 'Anything'
	at 0304134_cleaned.tex; line 1576 col 7 - line 1576 col 7
	In "$\displaystyle\langle\bar{c}^{b}(y)\bar{c}^{d}(z)c^{f}(u)c^{g}(v)\rangle=\int d%
	^{4}[u_{1}u_{2}u_{3}u_{4}u_{5}u_{6}]\,\left\{D_{\mu\nu}^{ek}(u_{1}-u_{4})\,D_{%
	G}^{fl}(u-u_{5})\right.\hskip 28.452756pt\times\,\Gamma^{khl}_{\nu}(u_{4},u_{6%
	},u_{5})\,D_{G}^{hb}(u_{6}-y)\,D_{G}^{gi}(v-u_{2})\hskip 28.452756pt\left.%
	\times\,\Gamma^{eji}_{\mu}(u_{1},u_{3},u_{2})\,D_{G}^{jd}(u_{3}-z)\right\}-%
	\int d^{4}[u_{1}u_{2}u_{3}u_{4}u_{5}]\,\left\{D_{G}^{fe}(u-u_{4})\,D_{G}^{hb}(%
	u_{5}-y)\right.\hskip 28.452756pt\left.\times\,D_{G}^{gi}(v-u_{2})\,\Gamma_{4%
	gh}^{jhei}(u_{3},u_{5},u_{4},u_{2})\,D_{G}^{jd}(u_{3}-z)\right\}\,,\hskip 42.6%
	79134pt\@@ENDINLINEMATH"
	\langle[[OPEN]] \bar{c}[[UNKNOWN]] ^{b}[[POSTSUPERSCRIPT]] ([[OPEN]] y[[UNKNOWN]] )[[CLOSE]] \bar{c}[[UNKNOWN]] ^{d}[[POSTSUPERSCRIPT]] ([[OPEN]] z[[UNKNOWN]] )[[CLOSE]] c[[UNKNOWN]] ^{f}[[POSTSUPERSCRIPT]] ([[OPEN]] u[[UNKNOWN]] )[[CLOSE]] c[[UNKNOWN]] ^{g}[[POSTSUPERSCRIPT]] ([[OPEN]] v[[UNKNOWN]] )[[CLOSE]] \rangle[[CLOSE]] =[[RELOP]] ∫[[INTOP]] d[[UNKNOWN]] ^{4}[[POSTSUPERSCRIPT]] [[[OPEN]] u[[UNKNOWN]] _{1}[[POSTSUBSCRIPT]] u[[UNKNOWN]] _{2}[[POSTSUBSCRIPT]] u[[UNKNOWN]] _{3}[[POSTSUBSCRIPT]] u[[UNKNOWN]] _{4}[[POSTSUBSCRIPT]] u[[UNKNOWN]] _{5}[[POSTSUBSCRIPT]] u[[UNKNOWN]] _{6}[[POSTSUBSCRIPT]] ][[CLOSE]]
	        > \left\{[[OPEN]] D[[UNKNOWN]] _{\mu\nu}[[POSTSUBSCRIPT]] ^{ek}[[POSTSUPERSCRIPT]] ([[OPEN]] u[[UNKNOWN]] _{1}[[POSTSUBSCRIPT]] -[[ADDOP]] u[[UNKNOWN]] _{4}[[POSTSUBSCRIPT]] )[[CLOSE]] D[[UNKNOWN]] _{G}[[POSTSUBSCRIPT]] ^{fl}[[POSTSUPERSCRIPT]] ([[OPEN]] u[[UNKNOWN]] -[[ADDOP]] u[[UNKNOWN]] _{5}[[POSTSUBSCRIPT]] )[[CLOSE]] $\displaystyle\langle\bar{c}^{b}(y)\bar{c}^{d}(z)c^{f}(u)c^{g}(v)\rangle=\intd^{4}[u_{1}u_{2}u_{3}u_{4}u_{5}u_{6}]\,\left\{D_{\mu\nu}^{ek}(u_{1}-u_{4})\,D_{G}^{fl}(u-u_{5})\right.\hskip28.452756pt\times\,\Gamma^{khl}_{\nu}(u_{4},u_{6},u_{5})\,D_{G}^{hb}(u_{6}-y)\,D_{G}^{gi}(v-u_{2})\hskip28.452756pt\left.\times\,\Gamma^{eji}_{\mu}(u_{1},u_{3},u_{2})\,D_{G}^{jd}(u_{3}-z)\right\}-\intd^{4}[u_{1}u_{2}u_{3}u_{4}u_{5}]\,\left\{D_{G}^{fe}(u-u_{4})\,D_{G}^{hb}(u_{5}-y)\right.\hskip28.452756pt\left.\times\,D_{G}^{gi}(v-u_{2})\,\Gamma_{4gh}^{jhei}(u_{3},u_{5},u_{4},u_{2})\,D_{G}^{jd}(u_{3}-z)\right\}\,,\hskip42.679134pt\@@ENDINLINEMATH[[PUNCT]] ×[[MULOP]] Γ[[UNKNOWN]] ^{khl}[[POSTSUPERSCRIPT]] _{\nu}[[POSTSUBSCRIPT]] ([[OPEN]] u[[UNKNOWN]] _{4}[[POSTSUBSCRIPT]] ,[[PUNCT]] u[[UNKNOWN]] _{6}[[POSTSUBSCRIPT]] ,[[PUNCT]] u[[UNKNOWN]] _{5}[[POSTSUBSCRIPT]] )[[CLOSE]] D[[UNKNOWN]] _{G}[[POSTSUBSCRIPT]] ^{hb}[[POSTSUPERSCRIPT]] ([[OPEN]] u[[UNKNOWN]] _{6}[[POSTSUBSCRIPT]] -[[ADDOP]] y[[UNKNOWN]] )[[CLOSE]] D[[UNKNOWN]] _{G}[[POSTSUBSCRIPT]] ^{gi}[[POSTSUPERSCRIPT]] ([[OPEN]] v[[UNKNOWN]] -[[ADDOP]] u[[UNKNOWN]] ...
Warning:not_parsed:UNKNOWN.POSTSUBSCRIPT.CLOSE>OPEN MathParser failed to match rule 'Anything'
	at 0304134_cleaned.tex; line 1577 col 4 - line 1579 col 1
	In "$\displaystyle\int d^{4}[u_{1}u_{2}u_{3}u_{4}u_{5}u_{6}]\,\left\{D_{\mu\nu}^{%
	ek}(u_{1}-u_{4})\,D_{G}^{fl}(u-u_{5})\right.$"
	∫[[INTOP]] d[[UNKNOWN]] ^{4}[[POSTSUPERSCRIPT]] [[[OPEN]] u[[UNKNOWN]] _{1}[[POSTSUBSCRIPT]] u[[UNKNOWN]] _{2}[[POSTSUBSCRIPT]] u[[UNKNOWN]] _{3}[[POSTSUBSCRIPT]] u[[UNKNOWN]] _{4}[[POSTSUBSCRIPT]] u[[UNKNOWN]] _{5}[[POSTSUBSCRIPT]] u[[UNKNOWN]] _{6}[[POSTSUBSCRIPT]] ][[CLOSE]]
	        > \left\{[[OPEN]] D[[UNKNOWN]] _{\mu\nu}[[POSTSUBSCRIPT]] ^{ek}[[POSTSUPERSCRIPT]] ([[OPEN]] u[[UNKNOWN]] _{1}[[POSTSUBSCRIPT]] -[[ADDOP]] u[[UNKNOWN]] _{4}[[POSTSUBSCRIPT]] )[[CLOSE]] D[[UNKNOWN]] _{G}[[POSTSUBSCRIPT]] ^{fl}[[POSTSUPERSCRIPT]] ([[OPEN]] u[[UNKNOWN]] -[[ADDOP]] u[[UNKNOWN]] _{5}[[POSTSUBSCRIPT]] )[[CLOSE]]
Warning:not_parsed:ADDOP.UNKNOWN.CLOSE>CLOSE MathParser failed to match rule 'Anything'
	at 0304134_cleaned.tex; line 1581 col 9 - line 1583 col 1
	In "$\displaystyle\hskip 28.452756pt\left.\times\,\Gamma^{eji}_{\mu}(u_{1},u_{3},u%
	_{2})\,D_{G}^{jd}(u_{3}-z)\right\}$"
	×[[MULOP]] Γ[[UNKNOWN]] ^{eji}[[POSTSUPERSCRIPT]] _{\mu}[[POSTSUBSCRIPT]] ([[OPEN]] u[[UNKNOWN]] _{1}[[POSTSUBSCRIPT]] ,[[PUNCT]] u[[UNKNOWN]] _{3}[[POSTSUBSCRIPT]] ,[[PUNCT]] u[[UNKNOWN]] _{2}[[POSTSUBSCRIPT]] )[[CLOSE]] D[[UNKNOWN]] _{G}[[POSTSUBSCRIPT]] ^{jd}[[POSTSUPERSCRIPT]] ([[OPEN]] u[[UNKNOWN]] _{3}[[POSTSUBSCRIPT]] -[[ADDOP]] z[[UNKNOWN]] )[[CLOSE]]
	        > \right\}[[CLOSE]]
Warning:not_parsed:UNKNOWN.POSTSUBSCRIPT.CLOSE>OPEN MathParser failed to match rule 'Anything'
	at 0304134_cleaned.tex; line 1583 col 8 - line 1585 col 1
	In "$\displaystyle\int d^{4}[u_{1}u_{2}u_{3}u_{4}u_{5}]\,\left\{D_{G}^{fe}(u-u_{4}%
	)\,D_{G}^{hb}(u_{5}-y)\right.$"
	∫[[INTOP]] d[[UNKNOWN]] ^{4}[[POSTSUPERSCRIPT]] [[[OPEN]] u[[UNKNOWN]] _{1}[[POSTSUBSCRIPT]] u[[UNKNOWN]] _{2}[[POSTSUBSCRIPT]] u[[UNKNOWN]] _{3}[[POSTSUBSCRIPT]] u[[UNKNOWN]] _{4}[[POSTSUBSCRIPT]] u[[UNKNOWN]] _{5}[[POSTSUBSCRIPT]] ][[CLOSE]]
	        > \left\{[[OPEN]] D[[UNKNOWN]] _{G}[[POSTSUBSCRIPT]] ^{fe}[[POSTSUPERSCRIPT]] ([[OPEN]] u[[UNKNOWN]] -[[ADDOP]] u[[UNKNOWN]] _{4}[[POSTSUBSCRIPT]] )[[CLOSE]] D[[UNKNOWN]] _{G}[[POSTSUBSCRIPT]] ^{hb}[[POSTSUPERSCRIPT]] ([[OPEN]] u[[UNKNOWN]] _{5}[[POSTSUBSCRIPT]] -[[ADDOP]] y[[UNKNOWN]] )[[CLOSE]]
Warning:not_parsed:ADDOP.UNKNOWN.CLOSE>CLOSE MathParser failed to match rule 'Anything'
	at 0304134_cleaned.tex; line 1585 col 9 - line 1587 col 5
	In "$\displaystyle\hskip 28.452756pt\left.\times\,D_{G}^{gi}(v-u_{2})\,\Gamma_{4gh%
	}^{jhei}(u_{3},u_{5},u_{4},u_{2})\,D_{G}^{jd}(u_{3}-z)\right\}\,,\hskip 42.679%
	134pt$"
	×[[MULOP]] D[[UNKNOWN]] _{G}[[POSTSUBSCRIPT]] ^{gi}[[POSTSUPERSCRIPT]] ([[OPEN]] v[[UNKNOWN]] -[[ADDOP]] u[[UNKNOWN]] _{2}[[POSTSUBSCRIPT]] )[[CLOSE]] Γ[[UNKNOWN]] _{4gh}[[POSTSUBSCRIPT]] ^{jhei}[[POSTSUPERSCRIPT]] ([[OPEN]] u[[UNKNOWN]] _{3}[[POSTSUBSCRIPT]] ,[[PUNCT]] u[[UNKNOWN]] _{5}[[POSTSUBSCRIPT]] ,[[PUNCT]] u[[UNKNOWN]] _{4}[[POSTSUBSCRIPT]] ,[[PUNCT]] u[[UNKNOWN]] _{2}[[POSTSUBSCRIPT]] )[[CLOSE]] D[[UNKNOWN]] _{G}[[POSTSUBSCRIPT]] ^{jd}[[POSTSUPERSCRIPT]] ([[OPEN]] u[[UNKNOWN]] _{3}[[POSTSUBSCRIPT]] -[[ADDOP]] z[[UNKNOWN]] )[[CLOSE]]
	        > \right\}[[CLOSE]]
Warning:not_parsed:UNKNOWN.POSTSUBSCRIPT.CLOSE>PUNCT MathParser failed to match rule 'Anything'
	at 0304134_cleaned.tex; line 1593 col 1 - line 1593 col 1
	In "$\displaystyle[D_{G}^{ab}(x-y)]^{-1}=[D_{G}^{(0)ab}(x-y)]^{-1}-\int d^{4}[uv]%
	\,\Gamma_{4gh}^{(0)bdfa}(x,u,v,y)\,D_{G}^{fd}(v-u)-\frac{1}{2}\int d^{4}[zuvu_%
	{1}u_{2}u_{3}u_{4}u_{5}]\,\Gamma^{(0)bdgf}_{4gh}(y,z,v,u)\,D_{\mu\nu}^{ek}(u_{%
	1}-u_{4})\,D_{G}^{fl}(u-u_{5})\hskip 28.452756pt\times\,\Gamma^{kal}_{\nu}(u_{%
	4},x,u_{5})\,D_{G}^{gi}(v-u_{2})\,\Gamma^{eij}_{\mu}(u_{1},u_{3},u_{2})\,D_{G}%
	^{jd}(u_{3}-z)-\frac{1}{2}\int d^{4}[zuvu_{1}u_{2}u_{3}u_{4}]\Gamma^{(0)bdgf}_%
	{4gh}(y,z,v,u)\,D_{G}^{fe}(u-u_{4})\hskip 28.452756pt\times\,D_{G}^{gi}(v-u_{2%
	})\,\Gamma_{4gh}^{jaei}(u_{3},x,u_{4},u_{2})\,D_{G}^{jd}(u_{3}-z)-\int d^{4}[%
	zuvz_{1}z_{2}z_{3}]\,\Gamma^{(0)bde}_{\mu}(y,u,v)\,D_{\mu\nu}^{ef}(v-z_{1})\,%
	\Gamma_{\nu}^{fha}(z_{1},z_{3},x)D_{G}^{hd}(u-z_{3})\@@ENDINLINEMATH"
	... \frac{1}{2}[[UNKNOWN]] ∫[[INTOP]] d[[UNKNOWN]] ^{4}[[POSTSUPERSCRIPT]] [[[OPEN]] z[[UNKNOWN]] u[[UNKNOWN]] v[[UNKNOWN]] u[[UNKNOWN]] _{1}[[POSTSUBSCRIPT]] u[[UNKNOWN]] _{2}[[POSTSUBSCRIPT]] u[[UNKNOWN]] _{3}[[POSTSUBSCRIPT]] u[[UNKNOWN]] _{4}[[POSTSUBSCRIPT]] u[[UNKNOWN]] _{5}[[POSTSUBSCRIPT]] ][[CLOSE]] Γ[[UNKNOWN]] ^{(0)bdgf}[[POSTSUPERSCRIPT]] _{4gh}[[POSTSUBSCRIPT]] ([[OPEN]] y[[UNKNOWN]] ,[[PUNCT]] z[[UNKNOWN]] ,[[PUNCT]] v[[UNKNOWN]] ,[[PUNCT]] u[[UNKNOWN]] )[[CLOSE]] D[[UNKNOWN]] _{\mu\nu}[[POSTSUBSCRIPT]] ^{ek}[[POSTSUPERSCRIPT]] ([[OPEN]] u[[UNKNOWN]] _{1}[[POSTSUBSCRIPT]] -[[ADDOP]] u[[UNKNOWN]] _{4}[[POSTSUBSCRIPT]] )[[CLOSE]] D[[UNKNOWN]] _{G}[[POSTSUBSCRIPT]] ^{fl}[[POSTSUPERSCRIPT]] ([[OPEN]] u[[UNKNOWN]] -[[ADDOP]] u[[UNKNOWN]] _{5}[[POSTSUBSCRIPT]] )[[CLOSE]]
	        > $\displaystyle[D_{G}^{ab}(x-y)]^{-1}=[D_{G}^{(0)ab}(x-y)]^{-1}-\intd^{4}[uv]\,\Gamma_{4gh}^{(0)bdfa}(x,u,v,y)\,D_{G}^{fd}(v-u)-\frac{1}{2}\intd^{4}[zuvu_{1}u_{2}u_{3}u_{4}u_{5}]\,\Gamma^{(0)bdgf}_{4gh}(y,z,v,u)\,D_{\mu\nu}^{ek}(u_{1}-u_{4})\,D_{G}^{fl}(u-u_{5})\hskip28.452756pt\times\,\Gamma^{kal}_{\nu}(u_{4},x,u_{5})\,D_{G}^{gi}(v-u_{2})\,\Gamma^{eij}_{\mu}(u_{1},u_{3},u_{2})\,D_{G}^{jd}(u_{3}-z)-\frac{1}{2}\intd^{4}[zuvu_{1}u_{2}u_{3}u_{4}]\Gamma^{(0)bdgf}_{4gh}(y,z,v,u)\,D_{G}^{fe}(u-u_{4})\hskip28.452756pt\times\,D_{G}^{gi}(v-u_{2})\,\Gamma_{4gh}^{jaei}(u_{3},x,u_{4},u_{2})\,D_{G}^{jd}(u_{3}-z)-\intd^{4}[zuvz_{1}z_{2}z_{3}]\,\Gamma^{(0)bde}_{\mu}(y,u,v)\,D_{\mu\nu}^{ef}(v-z_{1})\,\Gamma_{\nu}^{fha}(z_{1},z_{3},x)D_{G}^{hd}(u-z_{3})\@@ENDINLINEMATH[[PUNCT]] ×[[MULOP]] Γ[[UNKNOWN]] ^{kal}[[POSTSUPERSCRIPT]] _{\nu}[[POSTSUBSCRIPT]] ([[OPEN]] u[[UNKNOWN]] _{4}[[POSTSUBSCRIPT]] ,[[PUNCT]] x[[UNKNOWN]] ,[[PUNCT]] u[[UNKNOWN]] _{5}[[POSTSUBSCRIPT]] )[[CLOSE]] D[[UNKNOWN]] _{G}[[POSTSUBSCRIPT]] ^{gi}[[POSTSUPERSCRIPT]] ([[OPEN]] v[[UNKNOWN]] -[[ADDOP]] u[[UNKNOWN]] _{2}[[POSTSUBSCRIPT]] )[[CLOSE]] Γ[[UNKNOWN]] ^{eij}[[POSTSUPERSCRIPT]] _{\mu}[[POSTSUBSCRIPT]] ([[OPEN]] u[[UNKNOWN]] _{1}[[POSTSUBSCRIPT]] ,[[PUNCT]] u[[UNKNOWN]] _{3}[[POSTSUBSCRIPT]] ,[[PUNCT]] u[[UNKNOWN]] _{2}[[POSTSUBSCRIPT]] )[[CLOSE]] D[[UNKNOWN]] _{G}[[POSTSUBSCRIPT]] ^{jd}[[POSTSUPERSCRIPT]] ([[OPEN]] u[[UNKNOWN]] _{3}[[POSTSUBSCRIPT]] -[[ADDOP]] z[[UNKNOWN]] )[[CLOSE]] -[[ADDOP]] \frac{1}{2}[[UNKNOWN]] ∫[[INTOP]] d[[UNKNOWN]] ^{4}[[POSTSUPERSCRIPT]] [[[OPEN]] ...
Warning:not_parsed:UNKNOWN.NUMBER.CLOSE>PUNCT MathParser failed to match rule 'Anything'
	at 0304134_cleaned.tex; line 1613 col 1 - line 1613 col 1
	In "$\displaystyle[D_{G}(p)]^{-1}=[D_{G}^{(0)}(p)]^{-1}+\left(-N_{c}\right)\frac{g%
	^{2}}{(2\pi)^{4}}\int d^{4}q\>\Gamma_{4gh}^{(0)}\>D_{G}(q)+\left(\frac{-N_{c}^%
	{2}}{2}\right)\frac{1}{2}\frac{g^{4}}{(2\pi)^{8}}\int d^{4}[q_{1}q_{2}]\>%
	\Gamma^{(0)}_{4gh}\>D_{\mu\nu}(p-q_{1})\>D_{G}(q1)\hskip 28.452756pt\times\,%
	\Gamma_{\nu}(p,q_{1})\>D_{G}(q_{2})\>\Gamma_{\mu}(-p+q_{1}+q_{2},q_{2})\>D_{G}%
	(p-q_{1}-q_{2})-\left(-N_{c}^{2}\right)\frac{1}{2}\frac{g^{4}}{(2\pi)^{8}}\int
	d%
	^{4}[q_{1}q_{2}]\Gamma^{(0)}_{4gh}\>D_{G}(q_{1})\>D_{G}(p-q_{1}-q_{2})\>\Gamma%
	_{4gh}(p,q_{1},q_{2})\>D_{G}(q_{2})+\left(-N_{c}\right)\frac{g^{2}}{(2\pi)^{4}%
	}\int d^{4}q\>\Gamma^{(0)}_{\mu}(p,q)\>D_{\mu\nu}(p-q)\>\Gamma_{\nu}(q,p)D_{G}%
	(q)\@@ENDINLINEMATH"
	... \left([[OPEN]] -[[ADDOP]] N[[UNKNOWN]] _{c}[[POSTSUBSCRIPT]] \right)[[CLOSE]] \frac{g^{2}}{(2\pi)^{4}}[[UNKNOWN]] ∫[[INTOP]] d[[UNKNOWN]] ^{4}[[POSTSUPERSCRIPT]] q[[UNKNOWN]] Γ[[UNKNOWN]] _{4gh}[[POSTSUBSCRIPT]] ^{(0)}[[POSTSUPERSCRIPT]] D[[UNKNOWN]] _{G}[[POSTSUBSCRIPT]] ([[OPEN]] q[[UNKNOWN]] )[[CLOSE]] +[[ADDOP]] \left([[OPEN]] \frac{-N_{c}^{2}}{2}[[UNKNOWN]] \right)[[CLOSE]] \frac{1}{2}[[UNKNOWN]] \frac{g^{4}}{(2\pi)^{8}}[[UNKNOWN]] ∫[[INTOP]] d[[UNKNOWN]] ^{4}[[POSTSUPERSCRIPT]] [[[OPEN]] q[[UNKNOWN]] _{1}[[POSTSUBSCRIPT]] q[[UNKNOWN]] _{2}[[POSTSUBSCRIPT]] ][[CLOSE]] Γ[[UNKNOWN]] ^{(0)}[[POSTSUPERSCRIPT]] _{4gh}[[POSTSUBSCRIPT]] D[[UNKNOWN]] _{\mu\nu}[[POSTSUBSCRIPT]] ([[OPEN]] p[[UNKNOWN]] -[[ADDOP]] q[[UNKNOWN]] _{1}[[POSTSUBSCRIPT]] )[[CLOSE]] D[[UNKNOWN]] _{G}[[POSTSUBSCRIPT]] ([[OPEN]] q[[UNKNOWN]] 1[[NUMBER]] )[[CLOSE]]
	        > $\displaystyle[D_{G}(p)]^{-1}=[D_{G}^{(0)}(p)]^{-1}+\left(-N_{c}\right)\frac{g^{2}}{(2\pi)^{4}}\intd^{4}q\>\Gamma_{4gh}^{(0)}\>D_{G}(q)+\left(\frac{-N_{c}^{2}}{2}\right)\frac{1}{2}\frac{g^{4}}{(2\pi)^{8}}\intd^{4}[q_{1}q_{2}]\>\Gamma^{(0)}_{4gh}\>D_{\mu\nu}(p-q_{1})\>D_{G}(q1)\hskip28.452756pt\times\,\Gamma_{\nu}(p,q_{1})\>D_{G}(q_{2})\>\Gamma_{\mu}(-p+q_{1}+q_{2},q_{2})\>D_{G}(p-q_{1}-q_{2})-\left(-N_{c}^{2}\right)\frac{1}{2}\frac{g^{4}}{(2\pi)^{8}}\intd^{4}[q_{1}q_{2}]\Gamma^{(0)}_{4gh}\>D_{G}(q_{1})\>D_{G}(p-q_{1}-q_{2})\>\Gamma_{4gh}(p,q_{1},q_{2})\>D_{G}(q_{2})+\left(-N_{c}\right)\frac{g^{2}}{(2\pi)^{4}}\intd^{4}q\>\Gamma^{(0)}_{\mu}(p,q)\>D_{\mu\nu}(p-q)\>\Gamma_{\nu}(q,p)D_{G}(q)\@@ENDINLINEMATH[[PUNCT]] ×[[MULOP]] Γ[[UNKNOWN]] _{\nu}[[POSTSUBSCRIPT]] ([[OPEN]] p[[UNKNOWN]] ,[[PUNCT]] q[[UNKNOWN]] _{1}[[POSTSUBSCRIPT]] )[[CLOSE]] D[[UNKNOWN]] _{G}[[POSTSUBSCRIPT]] ([[OPEN]] q[[UNKNOWN]] _{2}[[POSTSUBSCRIPT]] )[[CLOSE]] Γ[[UNKNOWN]] _{\mu}[[POSTSUBSCRIPT]] ([[OPEN]] -[[ADDOP]] p[[UNKNOWN]] +[[ADDOP]] q[[UNKNOWN]] _{1}[[POSTSUBSCRIPT]] +[[ADDOP]] q[[UNKNOWN]] _{2}[[POSTSUBSCRIPT]] ,[[PUNCT]] q[[UNKNOWN]] _{2}[[POSTSUBSCRIPT]] )[[CLOSE]] D[[UNKNOWN]] _{G}[[POSTSUBSCRIPT]] ([[OPEN]] p[[UNKNOWN]] -[[ADDOP]] q[[UNKNOWN]] _{1}[[POSTSUBSCRIPT]] -[[ADDOP]] q[[UNKNOWN]] _{2}[[POSTSUBSCRIPT]] )[[CLOSE]] -[[ADDOP]] \left([[OPEN]] -[[ADDOP]] N[[UNKNOWN]] _{c}[[POSTSUBSCRIPT]] ^{2}[[POSTSUPERSCRIPT]] \right)[[CLOSE]] \frac{1}{2}[[UNKNOWN]] \frac{g^{4}}{(2\pi)^{8}}[[UNKNOWN]] ...
Warning:not_parsed:UNKNOWN.POSTSUPERSCRIPT.UNKNOWN>RELOP MathParser failed to match rule 'Anything'
	at 0304134_cleaned.tex; line 1690 col 25 - line 1690 col 55
	In "$d^{4}x\,d^{4}y\,d^{4}z=:d^{4}[xyz]$"
	d[[UNKNOWN]] ^{4}[[POSTSUPERSCRIPT]] x[[UNKNOWN]] d[[UNKNOWN]] ^{4}[[POSTSUPERSCRIPT]] y[[UNKNOWN]] d[[UNKNOWN]] ^{4}[[POSTSUPERSCRIPT]] z[[UNKNOWN]]
	        > =[[RELOP]] :[[METARELOP]] d[[UNKNOWN]] ^{4}[[POSTSUPERSCRIPT]] [[[OPEN]] x[[UNKNOWN]] y[[UNKNOWN]] z[[UNKNOWN]] ][[CLOSE]]
Warning:not_parsed:CLOSE.ATOM.ATOM>PUNCT MathParser failed to match rule 'Anything'
	at 0304134_cleaned.tex; line 1798 col 7 - line 1798 col 7
	In "$\displaystyle\langle{c}^{a}(x)\bar{c}^{b}(y){c}^{c}(z)\bar{c}^{d}(w)\rangle=%
	\frac{\delta^{4}W}{\delta\sigma^{a}(x)\delta\bar{\sigma}^{b}(y)\delta\sigma^{c%
	}(z)\delta\bar{\sigma}^{d}(w)}=\frac{\delta}{\delta\sigma^{a}(x)}\int d^{4}[u_%
	{1}u_{2}u_{3}]\frac{\delta^{2}W}{\delta\bar{\sigma}^{b}(y)\delta J^{e}_{\mu}(u%
	_{1})}\>\frac{\delta^{2}W}{\delta\sigma^{c}(z)\delta\bar{\sigma}^{f}(u_{2})}%
	\hskip 42.679134pt\times\frac{\delta^{3}\Gamma}{\delta A^{e}_{\mu}(u_{1})%
	\delta{c}^{f}(u_{2})\delta\bar{c}^{g}(u_{3})}\>\frac{\delta^{2}W}{\delta\sigma%
	^{g}(u_{3})\delta\bar{\sigma}^{d}(w)}.\hskip 28.452756pt\@@ENDINLINEMATH"
	\langle[[OPEN]] c[[UNKNOWN]] ^{a}[[POSTSUPERSCRIPT]] ([[OPEN]] x[[UNKNOWN]] )[[CLOSE]] \bar{c}[[UNKNOWN]] ^{b}[[POSTSUPERSCRIPT]] ([[OPEN]] y[[UNKNOWN]] )[[CLOSE]] c[[UNKNOWN]] ^{c}[[POSTSUPERSCRIPT]] ([[OPEN]] z[[UNKNOWN]] )[[CLOSE]] \bar{c}[[UNKNOWN]] ^{d}[[POSTSUPERSCRIPT]] ([[OPEN]] w[[UNKNOWN]] )[[CLOSE]] \rangle[[CLOSE]] =[[RELOP]] \frac{\delta^{4}W}{\delta\sigma^{a}(x)\delta\bar{\sigma}^{b}(y)\delta\sigma^{c}(z)\delta\bar{\sigma}^{d}(w)}[[UNKNOWN]] =[[RELOP]] \frac{\delta}{\delta\sigma^{a}(x)}[[UNKNOWN]] ∫[[INTOP]] d[[UNKNOWN]] ^{4}[[POSTSUPERSCRIPT]] [[[OPEN]] u[[UNKNOWN]] _{1}[[POSTSUBSCRIPT]] u[[UNKNOWN]] _{2}[[POSTSUBSCRIPT]] u[[UNKNOWN]] _{3}[[POSTSUBSCRIPT]] ][[CLOSE]] \frac{\delta^{2}W}{\delta\bar{\sigma}^{b}(y)\deltaJ^{e}_{\mu}(u_{1})}[[UNKNOWN]] \frac{\delta^{2}W}{\delta\sigma^{c}(z)\delta\bar{\sigma}^{f}(u_{2})}[[UNKNOWN]]
	        > $\displaystyle\langle{c}^{a}(x)\bar{c}^{b}(y){c}^{c}(z)\bar{c}^{d}(w)\rangle=\frac{\delta^{4}W}{\delta\sigma^{a}(x)\delta\bar{\sigma}^{b}(y)\delta\sigma^{c}(z)\delta\bar{\sigma}^{d}(w)}=\frac{\delta}{\delta\sigma^{a}(x)}\intd^{4}[u_{1}u_{2}u_{3}]\frac{\delta^{2}W}{\delta\bar{\sigma}^{b}(y)\deltaJ^{e}_{\mu}(u_{1})}\>\frac{\delta^{2}W}{\delta\sigma^{c}(z)\delta\bar{\sigma}^{f}(u_{2})}\hskip42.679134pt\times\frac{\delta^{3}\Gamma}{\deltaA^{e}_{\mu}(u_{1})\delta{c}^{f}(u_{2})\delta\bar{c}^{g}(u_{3})}\>\frac{\delta^{2}W}{\delta\sigma^{g}(u_{3})\delta\bar{\sigma}^{d}(w)}.\hskip28.452756pt\@@ENDINLINEMATH[[PUNCT]] ×[[MULOP]] \frac{\delta^{3}\Gamma}{\deltaA^{e}_{\mu}(u_{1})\delta{c}^{f}(u_{2})\delta\bar{c}^{g}(u_{3})}[[UNKNOWN]] \frac{\delta^{2}W}{\delta\sigma^{g}(u_{3})\delta\bar{\sigma}^{d}(w)}[[UNKNOWN]]
Warning:not_parsed:UNKNOWN.POSTSUBSCRIPT.CLOSE>OPEN MathParser failed to match rule 'Anything'
	at 0304134_cleaned.tex; line 1831 col 7 - line 1831 col 7
	In "$\displaystyle\langle{c}^{a}(x)\bar{c}^{b}(y){c}^{c}(z)\bar{c}^{d}(w)\rangle=%
	\int d^{4}[u_{1}u_{2}u_{3}u_{4}u_{5}u_{6}]\left\{\frac{\delta^{2}W}{\delta J^{%
	e}_{\mu}(u_{1})\delta J^{f}_{\nu}(u_{4})}\>\>\frac{\delta^{2}W}{\delta\sigma^{%
	a}(x)\delta\bar{\sigma}^{g}(u_{5})}\right.\hskip 28.452756pt\times\frac{\delta%
	^{3}\Gamma}{\delta A^{f}_{\nu}(u_{4})\delta{c}^{g}(u_{5})\delta\bar{c}^{h}(u_{%
	6})}\>\>\frac{\delta^{2}W}{\delta\sigma^{h}(u_{6})\delta\bar{\sigma}^{b}(y)}\>%
	\>\frac{\delta^{2}W}{\delta\sigma^{c}(z)\delta\bar{\sigma}^{i}(u_{2})}\hskip 2%
	8.452756pt\left.\times\frac{\delta^{3}\Gamma}{\delta A^{e}_{\mu}(u_{1})\delta{%
	c}^{i}(u_{2})\delta\bar{c}^{j}(u_{3})}\>\>\frac{\delta^{2}W}{\delta\sigma^{j}(%
	u_{3})\delta\bar{\sigma}^{d}(w)}\right\}-\int d^{4}[u_{1}u_{2}u_{3}u_{4}u_{5}]%
	\left\{\frac{\delta^{2}W}{\delta\sigma^{a}(x)\bar{\sigma}^{e}(u_{4})}\>\>\frac%
	{\delta^{2}W}{\delta{\sigma}^{h}(u_{5})\delta\bar{\sigma}^{b}(y)}\right.\hskip
	2%
	8.452756pt\times\frac{\delta^{2}W}{\delta\sigma^{c}(z)\delta\bar{\sigma}^{f}(u%
	_{2})}\>\>\frac{\delta^{4}\Gamma}{\delta\bar{c}^{g}(u_{3})\delta\bar{c}^{h}(u_%
	{5})\delta c^{e}(u_{4})\delta{c}^{f}(u_{2})}\hskip 28.452756pt\times\left.%
	\frac{\delta^{2}W}{\delta\sigma^{g}(u_{3})\delta\bar{\sigma}^{d}(w)}\right\}.\@@ENDINLINEMATH"
	\langle[[OPEN]] c[[UNKNOWN]] ^{a}[[POSTSUPERSCRIPT]] ([[OPEN]] x[[UNKNOWN]] )[[CLOSE]] \bar{c}[[UNKNOWN]] ^{b}[[POSTSUPERSCRIPT]] ([[OPEN]] y[[UNKNOWN]] )[[CLOSE]] c[[UNKNOWN]] ^{c}[[POSTSUPERSCRIPT]] ([[OPEN]] z[[UNKNOWN]] )[[CLOSE]] \bar{c}[[UNKNOWN]] ^{d}[[POSTSUPERSCRIPT]] ([[OPEN]] w[[UNKNOWN]] )[[CLOSE]] \rangle[[CLOSE]] =[[RELOP]] ∫[[INTOP]] d[[UNKNOWN]] ^{4}[[POSTSUPERSCRIPT]] [[[OPEN]] u[[UNKNOWN]] _{1}[[POSTSUBSCRIPT]] u[[UNKNOWN]] _{2}[[POSTSUBSCRIPT]] u[[UNKNOWN]] _{3}[[POSTSUBSCRIPT]] u[[UNKNOWN]] _{4}[[POSTSUBSCRIPT]] u[[UNKNOWN]] _{5}[[POSTSUBSCRIPT]] u[[UNKNOWN]] _{6}[[POSTSUBSCRIPT]] ][[CLOSE]]
	        > \left\{[[OPEN]] \frac{\delta^{2}W}{\deltaJ^{e}_{\mu}(u_{1})\deltaJ^{f}_{\nu}(u_{4})}[[UNKNOWN]] \frac{\delta^{2}W}{\delta\sigma^{a}(x)\delta\bar{\sigma}^{g}(u_{5})}[[UNKNOWN]] $\displaystyle\langle{c}^{a}(x)\bar{c}^{b}(y){c}^{c}(z)\bar{c}^{d}(w)\rangle=\intd^{4}[u_{1}u_{2}u_{3}u_{4}u_{5}u_{6}]\left\{\frac{\delta^{2}W}{\deltaJ^{e}_{\mu}(u_{1})\deltaJ^{f}_{\nu}(u_{4})}\>\>\frac{\delta^{2}W}{\delta\sigma^{a}(x)\delta\bar{\sigma}^{g}(u_{5})}\right.\hskip28.452756pt\times\frac{\delta^{3}\Gamma}{\deltaA^{f}_{\nu}(u_{4})\delta{c}^{g}(u_{5})\delta\bar{c}^{h}(u_{6})}\>\>\frac{\delta^{2}W}{\delta\sigma^{h}(u_{6})\delta\bar{\sigma}^{b}(y)}\>\>\frac{\delta^{2}W}{\delta\sigma^{c}(z)\delta\bar{\sigma}^{i}(u_{2})}\hskip28.452756pt\left.\times\frac{\delta^{3}\Gamma}{\deltaA^{e}_{\mu}(u_{1})\delta{c}^{i}(u_{2})\delta\bar{c}^{j}(u_{3})}\>\>\frac{\delta^{2}W}{\delta\sigma^{j}(u_{3})\delta\bar{\sigma}^{d}(w)}\right\}-\intd^{4}[u_{1}u_{2}u_{3}u_{4}u_{5}]\left\{\frac{\delta^{2}W}{\delta\sigma^{a}(x)\bar{\sigma}^{e}(u_{4})}\>\>\frac{\delta^{2}W}{\delta{\sigma}^{h}(u_{5})\delta\bar{\sigma}^{b}(y)}\right.\hskip28.452756pt\times\frac{\delta^{2}W}{\delta\sigma^{c}(z)\delta\bar{\sigma}^{f}(u_{2})}\>\>\frac{\delta^{4}\Gamma}{\delta\bar{c}^{g}(u_{3})\delta\bar{c}^{h}(u_{5})\deltac^{e}(u_{4})\delta{c}^{f}(u_{2})}\hskip28.452756pt\times\left.\frac{\delta^{2}W}{\delta\sigma^{g}(u_{3})\delta\bar{\sigma}^{d}(w)}\right\}.\@@ENDINLINEMATH[[PUNCT]] ×[[MULOP]] \frac{\delta^{3}\Gamma}{\deltaA^{f}_{\nu}(u_{4})\delta{c}^{g}(u_{5})\delta\bar{c}^{h}(u_{6})}[[UNKNOWN]] \frac{\delta^{2}W}{\delta\sigma^{h}(u_{6})\delta\bar{\sigma}^{b}(y)}[[UNKNOWN]] \frac{\delta^{2}W}{\delta\sigma^{c}(z)\delta\bar{\sigma}^{i}(u_{2})}[[UNKNOWN]] $\displaystyle\langle{c}^{a}(x)\bar{c}^{b}(y){c}^{c}(z)\bar{c}^{d}(w)\rangle=\intd^{4}[u_{1}u_{2}u_{3}u_{4}u_{5}u_{6}]\left\{\frac{\delta^{2}W}{\deltaJ^{e}_{\mu}(u_{1})\deltaJ^{f}_{\nu}(u_{4})}\>\>\frac{\delta^{2}W}{\delta\sigma^{a}(x)\delta\bar{\sigma}^{g}(u_{5})}\right.\hskip28.452756pt\times\frac{\delta^{3}\Gamma}{\deltaA^{f}_{\nu}(u_{4})\delta{c}^{g}(u_{5})\delta\bar{c}^{h}(u_{6})}\>\>\frac{\delta^{2}W}{\delta\sigma^{h}(u_{6})\delta\bar{\sigma}^{b}(y)}\>\>\frac{\delta^{2}W}{\delta\sigma^{c}(z)\delta\bar{\sigma}^{i}(u_{2})}\hskip28.452756pt\left.\times\frac{\delta^{3}\Gamma}{\deltaA^{e}_{\mu}(u_{1})\delta{c}^{i}(u_{2})\delta\bar{c}^{j}(u_{3})}\>\>\frac{\delta^{2}W}{\delta\sigma^{j}(u_{3})\delta\bar{\sigma}^{d}(w)}\right\}-\intd^{4}[u_{1}u_{2}u_{3}u_{4}u_{5}]\left\{\frac{\delta^{2}W}{\delta\sigma^{a}(x)\bar{\sigma}^{e}(u_{4})}\>\>\frac{\delta^{2}W}{\delta{\sigma}^{h}(u_{5})\delta\bar{\sigma}^{b}(y)}\right.\hskip28.452756pt\times\frac{\delta^{2}W}{\delta\sigma^{c}(z)\delta\bar{\sigma}^{f}(u_{2})}\>\>\frac{\delta^{4}\Gamma}{\delta\bar{c}^{g}(u_{3})\delta\bar{c}^{h}(u_{5})\deltac^{e}(u_{4})\delta{c}^{f}(u_{2})}\hskip28.452756pt\times\left.\frac{\delta^{2}W}{\delta\sigma^{g}(u_{3})\delta\bar{\sigma}^{d}(w)}\right\}.\@@ENDINLINEMATH[[PUNCT]] ×[[MULOP]] \frac{\delta^{3}\Gamma}{\deltaA^{e}_{\mu}(u_{1})\delta{c}^{i}(u_{2})\delta\bar{c}^{j}(u_{3})}[[UNKNOWN]] \frac{\delta^{2}W}{\delta\sigma^{j}(u_{3})\delta\bar{\sigma}^{d}(w)}[[UNKNOWN]] \right\}[[CLOSE]] -[[ADDOP]] ∫[[INTOP]] d[[UNKNOWN]] ^{4}[[POSTSUPERSCRIPT]] [[[OPEN]] u[[UNKNOWN]] _{1}[[POSTSUBSCRIPT]] u[[UNKNOWN]] _{2}[[POSTSUBSCRIPT]] u[[UNKNOWN]] _{3}[[POSTSUBSCRIPT]] u[[UNKNOWN]] _{4}[[POSTSUBSCRIPT]] u[[UNKNOWN]] _{5}[[POSTSUBSCRIPT]] ][[CLOSE]] \left\{[[OPEN]] \frac{\delta^{2}W}{\delta\sigma^{a}(x)\bar{\sigma}^{e}(u_{4})}[[UNKNOWN]] \frac{\delta^{2}W}{\delta{\sigma}^{h}(u_{5})\delta\bar{\sigma}^{b}(y)}[[UNKNOWN]] $\displaystyle\langle{c}^{a}(x)\bar{c}^{b}(y){c}^{c}(z)\bar{c}^{d}(w)\rangle=\intd^{4}[u_{1}u_{2}u_{3}u_{4}u_{5}u_{6}]\left\{\frac{\delta^{2}W}{\deltaJ^{e}_{\mu}(u_{1})\deltaJ^{f}_{\nu}(u_{4})}\>\>\frac{\delta^{2}W}{\delta\sigma^{a}(x)\delta\bar{\sigma}^{g}(u_{5})}\right.\hskip28.452756pt\times\frac{\delta^{3}\Gamma}{\deltaA^{f}_{\nu}(u_{4})\delta{c}^{g}(u_{5})\delta\bar{c}^{h}(u_{6})}\>\>\frac{\delta^{2}W}{\delta\sigma^{h}(u_{6})\delta\bar{\sigma}^{b}(y)}\>\>\frac{\delta^{2}W}{\delta\sigma^{c}(z)\delta\bar{\sigma}^{i}(u_{2})}\hskip28.452756pt\left.\times\frac{\delta^{3}\Gamma}{\deltaA^{e}_{\mu}(u_{1})\delta{c}^{i}(u_{2})\delta\bar{c}^{j}(u_{3})}\>\>\frac{\delta^{2}W}{\delta\sigma^{j}(u_{3})\delta\bar{\sigma}^{d}(w)}\right\}-\intd^{4}[u_{1}u_{2}u_{3}u_{4}u_{5}]\left\{\frac{\delta^{2}W}{\delta\sigma^{a}(x)\bar{\sigma}^{e}(u_{4})}\>\>\frac{\delta^{2}W}{\delta{\sigma}^{h}(u_{5})\delta\bar{\sigma}^{b}(y)}\right.\hskip28.452756pt\times\frac{\delta^{2}W}{\delta\sigma^{c}(z)\delta\bar{\sigma}^{f}(u_{2})}\>\>\frac{\delta^{4}\Gamma}{\delta\bar{c}^{g}(u_{3})\delta\bar{c}^{h}(u_{5})\deltac^{e}(u_{4})\delta{c}^{f}(u_{2})}\hskip28.452756pt\times\left.\frac{\delta^{2}W}{\delta\sigma^{g}(u_{3})\delta\bar{\sigma}^{d}(w)}\right\}.\@@ENDINLINEMATH[[PUNCT]] ×[[MULOP]] \frac{\delta^{2}W}{\delta\sigma^{c}(z)\delta\bar{\sigma}^{f}(u_{2})}[[UNKNOWN]] \frac{\delta^{4}\Gamma}{\delta\bar{c}^{g}(u_{3})\delta\bar{c}^{h}(u_{5})\deltac^{e}(u_{4})\delta{c}^{f}(u_{2})}[[UNKNOWN]] $\displaystyle\langle{c}^{a}(x)\bar{c}^{b}(y){c}^{c}(z)\bar{c}^{d}(w)\rangle=\intd^{4}[u_{1}u_{2}u_{3}u_{4}u_{5}u_{6}]\left\{\frac{\delta^{2}W}{\deltaJ^{e}_{\mu}(u_{1})\deltaJ^{f}_{\nu}(u_{4})}\>\>\frac{\delta^{2}W}{\delta\sigma^{a}(x)\delta\bar{\sigma}^{g}(u_{5})}\right.\hskip28.452756pt\times\frac{\delta^{3}\Gamma}{\deltaA^{f}_{\nu}(u_{4})\delta{c}^{g}(u_{5})\delta\bar{c}^{h}(u_{6})}\>\>\frac{\delta^{2}W}{\delta\sigma^{h}(u_{6})\delta\bar{\sigma}^{b}(y)}\>\>\frac{\delta^{2}W}{\delta\sigma^{c}(z)\delta\bar{\sigma}^{i}(u_{2})}\hskip28.452756pt\left.\times\frac{\delta^{3}\Gamma}{\deltaA^{e}_{\mu}(u_{1})\delta{c}^{i}(u_{2})\delta\bar{c}^{j}(u_{3})}\>\>\frac{\delta^{2}W}{\delta\sigma^{j}(u_{3})\delta\bar{\sigma}^{d}(w)}\right\}-\intd^{4}[u_{1}u_{2}u_{3}u_{4}u_{5}]\left\{\frac{\delta^{2}W}{\delta\sigma^{a}(x)\bar{\sigma}^{e}(u_{4})}\>\>\frac{\delta^{2}W}{\delta{\sigma}^{h}(u_{5})\delta\bar{\sigma}^{b}(y)}\right.\hskip28.452756pt\times\frac{\delta^{2}W}{\delta\sigma^{c}(z)\delta\bar{\sigma}^{f}(u_{2})}\>\>\frac{\delta^{4}\Gamma}{\delta\bar{c}^{g}(u_{3})\delta\bar{c}^{h}(u_{5})\deltac^{e}(u_{4})\delta{c}^{f}(u_{2})}\hskip28.452756pt\times\left.\frac{\delta^{2}W}{\delta\sigma^{g}(u_{3})\delta\bar{\sigma}^{d}(w)}\right\}.\@@ENDINLINEMATH[[PUNCT]] ×[[MULOP]] \frac{\delta^{2}W}{\delta\sigma^{g}(u_{3})\delta\bar{\sigma}^{d}(w)}[[UNKNOWN]] \right\}[[CLOSE]]
Warning:not_parsed:UNKNOWN.POSTSUBSCRIPT.CLOSE>OPEN MathParser failed to match rule 'Anything'
	at 0304134_cleaned.tex; line 1832 col 4 - line 1835 col 1
	In "$\displaystyle\int d^{4}[u_{1}u_{2}u_{3}u_{4}u_{5}u_{6}]\left\{\frac{\delta^{2%
	}W}{\delta J^{e}_{\mu}(u_{1})\delta J^{f}_{\nu}(u_{4})}\>\>\frac{\delta^{2}W}{%
	\delta\sigma^{a}(x)\delta\bar{\sigma}^{g}(u_{5})}\right.$"
	∫[[INTOP]] d[[UNKNOWN]] ^{4}[[POSTSUPERSCRIPT]] [[[OPEN]] u[[UNKNOWN]] _{1}[[POSTSUBSCRIPT]] u[[UNKNOWN]] _{2}[[POSTSUBSCRIPT]] u[[UNKNOWN]] _{3}[[POSTSUBSCRIPT]] u[[UNKNOWN]] _{4}[[POSTSUBSCRIPT]] u[[UNKNOWN]] _{5}[[POSTSUBSCRIPT]] u[[UNKNOWN]] _{6}[[POSTSUBSCRIPT]] ][[CLOSE]]
	        > \left\{[[OPEN]] \frac{\delta^{2}W}{\deltaJ^{e}_{\mu}(u_{1})\deltaJ^{f}_{\nu}(u_{4})}[[UNKNOWN]] \frac{\delta^{2}W}{\delta\sigma^{a}(x)\delta\bar{\sigma}^{g}(u_{5})}[[UNKNOWN]]
Warning:not_parsed:MULOP.ATOM.ATOM>CLOSE MathParser failed to match rule 'Anything'
	at 0304134_cleaned.tex; line 1839 col 9 - line 1842 col 1
	In "$\displaystyle\hskip 28.452756pt\left.\times\frac{\delta^{3}\Gamma}{\delta A^{%
	e}_{\mu}(u_{1})\delta{c}^{i}(u_{2})\delta\bar{c}^{j}(u_{3})}\>\>\frac{\delta^{%
	2}W}{\delta\sigma^{j}(u_{3})\delta\bar{\sigma}^{d}(w)}\right\}$"
	×[[MULOP]] \frac{\delta^{3}\Gamma}{\deltaA^{e}_{\mu}(u_{1})\delta{c}^{i}(u_{2})\delta\bar{c}^{j}(u_{3})}[[UNKNOWN]] \frac{\delta^{2}W}{\delta\sigma^{j}(u_{3})\delta\bar{\sigma}^{d}(w)}[[UNKNOWN]]
	        > \right\}[[CLOSE]]
Warning:not_parsed:UNKNOWN.POSTSUBSCRIPT.CLOSE>OPEN MathParser failed to match rule 'Anything'
	at 0304134_cleaned.tex; line 1842 col 8 - line 1845 col 1
	In "$\displaystyle\int d^{4}[u_{1}u_{2}u_{3}u_{4}u_{5}]\left\{\frac{\delta^{2}W}{%
	\delta\sigma^{a}(x)\bar{\sigma}^{e}(u_{4})}\>\>\frac{\delta^{2}W}{\delta{%
	\sigma}^{h}(u_{5})\delta\bar{\sigma}^{b}(y)}\right.$"
	∫[[INTOP]] d[[UNKNOWN]] ^{4}[[POSTSUPERSCRIPT]] [[[OPEN]] u[[UNKNOWN]] _{1}[[POSTSUBSCRIPT]] u[[UNKNOWN]] _{2}[[POSTSUBSCRIPT]] u[[UNKNOWN]] _{3}[[POSTSUBSCRIPT]] u[[UNKNOWN]] _{4}[[POSTSUBSCRIPT]] u[[UNKNOWN]] _{5}[[POSTSUBSCRIPT]] ][[CLOSE]]
	        > \left\{[[OPEN]] \frac{\delta^{2}W}{\delta\sigma^{a}(x)\bar{\sigma}^{e}(u_{4})}[[UNKNOWN]] \frac{\delta^{2}W}{\delta{\sigma}^{h}(u_{5})\delta\bar{\sigma}^{b}(y)}[[UNKNOWN]]
Warning:not_parsed:MULOP.ATOM>CLOSE MathParser failed to match rule 'Anything'
	at 0304134_cleaned.tex; line 1849 col 9 - line 1850 col 5
	In "$\displaystyle\hskip 28.452756pt\times\left.\frac{\delta^{2}W}{\delta\sigma^{g%
	}(u_{3})\delta\bar{\sigma}^{d}(w)}\right\}.$"
	×[[MULOP]] \frac{\delta^{2}W}{\delta\sigma^{g}(u_{3})\delta\bar{\sigma}^{d}(w)}[[UNKNOWN]]
	        > \right\}[[CLOSE]]
Warning:not_parsed:UNKNOWN.POSTSUBSCRIPT.CLOSE>OPEN MathParser failed to match rule 'Anything'
	at 0304134_cleaned.tex; line 1854 col 7 - line 1854 col 7
	In "$\displaystyle\langle\bar{c}^{b}(y)\bar{c}^{d}(w){c}^{a}(x){c}^{c}(z)\rangle=%
	\int d^{4}[u_{1}u_{2}u_{3}u_{4}u_{5}u_{6}]\left\{D_{\mu\nu}^{ef}(u_{1}-u_{4})%
	\,D_{G}^{ag}(x-u_{5})\right.\hskip 28.452756pt\times\Gamma^{fhg}_{\nu}(u_{4},u%
	_{6},u_{5})D_{G}^{hb}(u_{6}-y)\,D_{G}^{ci}(z-u_{2})\hskip 28.452756pt\left.%
	\times\Gamma^{eji}_{\mu}(u_{1},u_{3},u_{2})\,D_{G}^{jd}(u_{3}-w)\right\}+\int d%
	^{4}[u_{1}u_{2}u_{3}u_{4}u_{5}]\left\{D_{G}^{ae}(x-u_{4})\,D_{G}^{hb}(u_{5}-y)%
	\right.\hskip 28.452756pt\left.\times D_{G}^{cf}(z-u_{2})\,\Gamma_{4gh}^{hgef}%
	(u_{5},u_{3},u_{4},u_{2})\,D_{G}^{gd}(u_{3}-w)\right\},\hskip 28.452756pt\@@ENDINLINEMATH"
	\langle[[OPEN]] \bar{c}[[UNKNOWN]] ^{b}[[POSTSUPERSCRIPT]] ([[OPEN]] y[[UNKNOWN]] )[[CLOSE]] \bar{c}[[UNKNOWN]] ^{d}[[POSTSUPERSCRIPT]] ([[OPEN]] w[[UNKNOWN]] )[[CLOSE]] c[[UNKNOWN]] ^{a}[[POSTSUPERSCRIPT]] ([[OPEN]] x[[UNKNOWN]] )[[CLOSE]] c[[UNKNOWN]] ^{c}[[POSTSUPERSCRIPT]] ([[OPEN]] z[[UNKNOWN]] )[[CLOSE]] \rangle[[CLOSE]] =[[RELOP]] ∫[[INTOP]] d[[UNKNOWN]] ^{4}[[POSTSUPERSCRIPT]] [[[OPEN]] u[[UNKNOWN]] _{1}[[POSTSUBSCRIPT]] u[[UNKNOWN]] _{2}[[POSTSUBSCRIPT]] u[[UNKNOWN]] _{3}[[POSTSUBSCRIPT]] u[[UNKNOWN]] _{4}[[POSTSUBSCRIPT]] u[[UNKNOWN]] _{5}[[POSTSUBSCRIPT]] u[[UNKNOWN]] _{6}[[POSTSUBSCRIPT]] ][[CLOSE]]
	        > \left\{[[OPEN]] D[[UNKNOWN]] _{\mu\nu}[[POSTSUBSCRIPT]] ^{ef}[[POSTSUPERSCRIPT]] ([[OPEN]] u[[UNKNOWN]] _{1}[[POSTSUBSCRIPT]] -[[ADDOP]] u[[UNKNOWN]] _{4}[[POSTSUBSCRIPT]] )[[CLOSE]] D[[UNKNOWN]] _{G}[[POSTSUBSCRIPT]] ^{ag}[[POSTSUPERSCRIPT]] ([[OPEN]] x[[UNKNOWN]] -[[ADDOP]] u[[UNKNOWN]] _{5}[[POSTSUBSCRIPT]] )[[CLOSE]] $\displaystyle\langle\bar{c}^{b}(y)\bar{c}^{d}(w){c}^{a}(x){c}^{c}(z)\rangle=\intd^{4}[u_{1}u_{2}u_{3}u_{4}u_{5}u_{6}]\left\{D_{\mu\nu}^{ef}(u_{1}-u_{4})\,D_{G}^{ag}(x-u_{5})\right.\hskip28.452756pt\times\Gamma^{fhg}_{\nu}(u_{4},u_{6},u_{5})D_{G}^{hb}(u_{6}-y)\,D_{G}^{ci}(z-u_{2})\hskip28.452756pt\left.\times\Gamma^{eji}_{\mu}(u_{1},u_{3},u_{2})\,D_{G}^{jd}(u_{3}-w)\right\}+\intd^{4}[u_{1}u_{2}u_{3}u_{4}u_{5}]\left\{D_{G}^{ae}(x-u_{4})\,D_{G}^{hb}(u_{5}-y)\right.\hskip28.452756pt\left.\timesD_{G}^{cf}(z-u_{2})\,\Gamma_{4gh}^{hgef}(u_{5},u_{3},u_{4},u_{2})\,D_{G}^{gd}(u_{3}-w)\right\},\hskip28.452756pt\@@ENDINLINEMATH[[PUNCT]] ×[[MULOP]] Γ[[UNKNOWN]] ^{fhg}[[POSTSUPERSCRIPT]] _{\nu}[[POSTSUBSCRIPT]] ([[OPEN]] u[[UNKNOWN]] _{4}[[POSTSUBSCRIPT]] ,[[PUNCT]] u[[UNKNOWN]] _{6}[[POSTSUBSCRIPT]] ,[[PUNCT]] u[[UNKNOWN]] _{5}[[POSTSUBSCRIPT]] )[[CLOSE]] D[[UNKNOWN]] _{G}[[POSTSUBSCRIPT]] ^{hb}[[POSTSUPERSCRIPT]] ([[OPEN]] u[[UNKNOWN]] _{6}[[POSTSUBSCRIPT]] -[[ADDOP]] y[[UNKNOWN]] )[[CLOSE]] D[[UNKNOWN]] _{G}[[POSTSUBSCRIPT]] ^{ci}[[POSTSUPERSCRIPT]] ([[OPEN]] z[[UNKNOWN]] -[[ADDOP]] u[[UNKNOWN]] ...
Warning:not_parsed:UNKNOWN.POSTSUBSCRIPT.CLOSE>OPEN MathParser failed to match rule 'Anything'
	at 0304134_cleaned.tex; line 1855 col 4 - line 1857 col 1
	In "$\displaystyle\int d^{4}[u_{1}u_{2}u_{3}u_{4}u_{5}u_{6}]\left\{D_{\mu\nu}^{ef}%
	(u_{1}-u_{4})\,D_{G}^{ag}(x-u_{5})\right.$"
	∫[[INTOP]] d[[UNKNOWN]] ^{4}[[POSTSUPERSCRIPT]] [[[OPEN]] u[[UNKNOWN]] _{1}[[POSTSUBSCRIPT]] u[[UNKNOWN]] _{2}[[POSTSUBSCRIPT]] u[[UNKNOWN]] _{3}[[POSTSUBSCRIPT]] u[[UNKNOWN]] _{4}[[POSTSUBSCRIPT]] u[[UNKNOWN]] _{5}[[POSTSUBSCRIPT]] u[[UNKNOWN]] _{6}[[POSTSUBSCRIPT]] ][[CLOSE]]
	        > \left\{[[OPEN]] D[[UNKNOWN]] _{\mu\nu}[[POSTSUBSCRIPT]] ^{ef}[[POSTSUPERSCRIPT]] ([[OPEN]] u[[UNKNOWN]] _{1}[[POSTSUBSCRIPT]] -[[ADDOP]] u[[UNKNOWN]] _{4}[[POSTSUBSCRIPT]] )[[CLOSE]] D[[UNKNOWN]] _{G}[[POSTSUBSCRIPT]] ^{ag}[[POSTSUPERSCRIPT]] ([[OPEN]] x[[UNKNOWN]] -[[ADDOP]] u[[UNKNOWN]] _{5}[[POSTSUBSCRIPT]] )[[CLOSE]]
Warning:not_parsed:ADDOP.UNKNOWN.CLOSE>CLOSE MathParser failed to match rule 'Anything'
	at 0304134_cleaned.tex; line 1858 col 9 - line 1859 col 1
	In "$\displaystyle\hskip 28.452756pt\left.\times\Gamma^{eji}_{\mu}(u_{1},u_{3},u_{%
	2})\,D_{G}^{jd}(u_{3}-w)\right\}$"
	×[[MULOP]] Γ[[UNKNOWN]] ^{eji}[[POSTSUPERSCRIPT]] _{\mu}[[POSTSUBSCRIPT]] ([[OPEN]] u[[UNKNOWN]] _{1}[[POSTSUBSCRIPT]] ,[[PUNCT]] u[[UNKNOWN]] _{3}[[POSTSUBSCRIPT]] ,[[PUNCT]] u[[UNKNOWN]] _{2}[[POSTSUBSCRIPT]] )[[CLOSE]] D[[UNKNOWN]] _{G}[[POSTSUBSCRIPT]] ^{jd}[[POSTSUPERSCRIPT]] ([[OPEN]] u[[UNKNOWN]] _{3}[[POSTSUBSCRIPT]] -[[ADDOP]] w[[UNKNOWN]] )[[CLOSE]]
	        > \right\}[[CLOSE]]
Warning:not_parsed:UNKNOWN.POSTSUBSCRIPT.CLOSE>OPEN MathParser failed to match rule 'Anything'
	at 0304134_cleaned.tex; line 1859 col 8 - line 1861 col 1
	In "$\displaystyle\int d^{4}[u_{1}u_{2}u_{3}u_{4}u_{5}]\left\{D_{G}^{ae}(x-u_{4})%
	\,D_{G}^{hb}(u_{5}-y)\right.$"
	∫[[INTOP]] d[[UNKNOWN]] ^{4}[[POSTSUPERSCRIPT]] [[[OPEN]] u[[UNKNOWN]] _{1}[[POSTSUBSCRIPT]] u[[UNKNOWN]] _{2}[[POSTSUBSCRIPT]] u[[UNKNOWN]] _{3}[[POSTSUBSCRIPT]] u[[UNKNOWN]] _{4}[[POSTSUBSCRIPT]] u[[UNKNOWN]] _{5}[[POSTSUBSCRIPT]] ][[CLOSE]]
	        > \left\{[[OPEN]] D[[UNKNOWN]] _{G}[[POSTSUBSCRIPT]] ^{ae}[[POSTSUPERSCRIPT]] ([[OPEN]] x[[UNKNOWN]] -[[ADDOP]] u[[UNKNOWN]] _{4}[[POSTSUBSCRIPT]] )[[CLOSE]] D[[UNKNOWN]] _{G}[[POSTSUBSCRIPT]] ^{hb}[[POSTSUPERSCRIPT]] ([[OPEN]] u[[UNKNOWN]] _{5}[[POSTSUBSCRIPT]] -[[ADDOP]] y[[UNKNOWN]] )[[CLOSE]]
Warning:not_parsed:ADDOP.UNKNOWN.CLOSE>CLOSE MathParser failed to match rule 'Anything'
	at 0304134_cleaned.tex; line 1861 col 9 - line 1863 col 5
	In "$\displaystyle\hskip 28.452756pt\left.\times D_{G}^{cf}(z-u_{2})\,\Gamma_{4gh}%
	^{hgef}(u_{5},u_{3},u_{4},u_{2})\,D_{G}^{gd}(u_{3}-w)\right\},\hskip 28.452756pt$"
	×[[MULOP]] D[[UNKNOWN]] _{G}[[POSTSUBSCRIPT]] ^{cf}[[POSTSUPERSCRIPT]] ([[OPEN]] z[[UNKNOWN]] -[[ADDOP]] u[[UNKNOWN]] _{2}[[POSTSUBSCRIPT]] )[[CLOSE]] Γ[[UNKNOWN]] _{4gh}[[POSTSUBSCRIPT]] ^{hgef}[[POSTSUPERSCRIPT]] ([[OPEN]] u[[UNKNOWN]] _{5}[[POSTSUBSCRIPT]] ,[[PUNCT]] u[[UNKNOWN]] _{3}[[POSTSUBSCRIPT]] ,[[PUNCT]] u[[UNKNOWN]] _{4}[[POSTSUBSCRIPT]] ,[[PUNCT]] u[[UNKNOWN]] _{2}[[POSTSUBSCRIPT]] )[[CLOSE]] D[[UNKNOWN]] _{G}[[POSTSUBSCRIPT]] ^{gd}[[POSTSUPERSCRIPT]] ([[OPEN]] u[[UNKNOWN]] _{3}[[POSTSUBSCRIPT]] -[[ADDOP]] w[[UNKNOWN]] )[[CLOSE]]
	        > \right\}[[CLOSE]]
Warning:not_parsed:POSTSUPERSCRIPT.UNKNOWN.ATOM>PUNCT MathParser failed to match rule 'Anything'
	at 0304134_cleaned.tex; line 1882 col 1 - line 1882 col 1
	In "$\displaystyle J_{\mu}(a,b,p):=\int d^{4}q\frac{q_{\mu}}{y^{a}z^{b}}\hskip 19.%
	916929pt=J_{1}(a,b,p)\,\,p_{\mu}\,,\@@ENDINLINEMATH"
	J[[UNKNOWN]] _{\mu}[[POSTSUBSCRIPT]] ([[OPEN]] a[[UNKNOWN]] ,[[PUNCT]] b[[UNKNOWN]] ,[[PUNCT]] p[[UNKNOWN]] )[[CLOSE]] :=[[RELOP]] ∫[[INTOP]] d[[UNKNOWN]] ^{4}[[POSTSUPERSCRIPT]] q[[UNKNOWN]] \frac{q_{\mu}}{y^{a}z^{b}}[[UNKNOWN]]
	        > $\displaystyleJ_{\mu}(a,b,p):=\intd^{4}q\frac{q_{\mu}}{y^{a}z^{b}}\hskip19.916929pt=J_{1}(a,b,p)\,\,p_{\mu}\,,\@@ENDINLINEMATH[[PUNCT]] =[[RELOP]] J[[UNKNOWN]] _{1}[[POSTSUBSCRIPT]] ([[OPEN]] a[[UNKNOWN]] ,[[PUNCT]] b[[UNKNOWN]] ,[[PUNCT]] p[[UNKNOWN]] )[[CLOSE]] p[[UNKNOWN]] _{\mu}[[POSTSUBSCRIPT]]
Warning:not_parsed:POSTSUPERSCRIPT.UNKNOWN.ATOM>PUNCT MathParser failed to match rule 'Anything'
	at 0304134_cleaned.tex; line 1882 col 20 - line 1883 col 1
	In "$\displaystyle\int d^{4}q\frac{q_{\mu}}{y^{a}z^{b}}\hskip 19.916929pt=J_{1}(a,%
	b,p)\,\,p_{\mu}\,,$"
	∫[[INTOP]] d[[UNKNOWN]] ^{4}[[POSTSUPERSCRIPT]] q[[UNKNOWN]] \frac{q_{\mu}}{y^{a}z^{b}}[[UNKNOWN]]
	        > $\displaystyle\intd^{4}q\frac{q_{\mu}}{y^{a}z^{b}}\hskip19.916929pt=J_{1}(a,b,p)\,\,p_{\mu}\,,$[[PUNCT]] =[[RELOP]] J[[UNKNOWN]] _{1}[[POSTSUBSCRIPT]] ([[OPEN]] a[[UNKNOWN]] ,[[PUNCT]] b[[UNKNOWN]] ,[[PUNCT]] p[[UNKNOWN]] )[[CLOSE]] p[[UNKNOWN]] _{\mu}[[POSTSUBSCRIPT]]
Warning:not_parsed:POSTSUPERSCRIPT.UNKNOWN.ATOM>PUNCT MathParser failed to match rule 'Anything'
	at 0304134_cleaned.tex; line 1883 col 1 - line 1883 col 1
	In "$\displaystyle K_{\mu\nu}(a,b,p):=\int d^{4}q\frac{q_{\mu}q_{\nu}}{y^{a}z^{b}}%
	\hskip 17.071654pt\,=K_{1}(a,b,p)\,\,p_{\mu}p_{\nu}+K_{2}(a,b,p)\,\,x\,\delta_%
	{\mu\nu}\,,\@@ENDINLINEMATH"
	K[[UNKNOWN]] _{\mu\nu}[[POSTSUBSCRIPT]] ([[OPEN]] a[[UNKNOWN]] ,[[PUNCT]] b[[UNKNOWN]] ,[[PUNCT]] p[[UNKNOWN]] )[[CLOSE]] :=[[RELOP]] ∫[[INTOP]] d[[UNKNOWN]] ^{4}[[POSTSUPERSCRIPT]] q[[UNKNOWN]] \frac{q_{\mu}q_{\nu}}{y^{a}z^{b}}[[UNKNOWN]]
	        > $\displaystyleK_{\mu\nu}(a,b,p):=\intd^{4}q\frac{q_{\mu}q_{\nu}}{y^{a}z^{b}}\hskip17.071654pt\,=K_{1}(a,b,p)\,\,p_{\mu}p_{\nu}+K_{2}(a,b,p)\,\,x\,\delta_{\mu\nu}\,,\@@ENDINLINEMATH[[PUNCT]] =[[RELOP]] K[[UNKNOWN]] _{1}[[POSTSUBSCRIPT]] ([[OPEN]] a[[UNKNOWN]] ,[[PUNCT]] b[[UNKNOWN]] ,[[PUNCT]] p[[UNKNOWN]] )[[CLOSE]] p[[UNKNOWN]] _{\mu}[[POSTSUBSCRIPT]] p[[UNKNOWN]] _{\nu}[[POSTSUBSCRIPT]] +[[ADDOP]] K[[UNKNOWN]] _{2}[[POSTSUBSCRIPT]] ([[OPEN]] a[[UNKNOWN]] ,[[PUNCT]] b[[UNKNOWN]] ,[[PUNCT]] p[[UNKNOWN]] )[[CLOSE]] x[[UNKNOWN]] δ[[UNKNOWN]] _{\mu\nu}[[POSTSUBSCRIPT]]
Warning:not_parsed:POSTSUPERSCRIPT.UNKNOWN.ATOM>PUNCT MathParser failed to match rule 'Anything'
	at 0304134_cleaned.tex; line 1883 col 26 - line 1885 col 1
	In "$\displaystyle\int d^{4}q\frac{q_{\mu}q_{\nu}}{y^{a}z^{b}}\hskip 17.071654pt\,%
	=K_{1}(a,b,p)\,\,p_{\mu}p_{\nu}+K_{2}(a,b,p)\,\,x\,\delta_{\mu\nu}\,,$"
	∫[[INTOP]] d[[UNKNOWN]] ^{4}[[POSTSUPERSCRIPT]] q[[UNKNOWN]] \frac{q_{\mu}q_{\nu}}{y^{a}z^{b}}[[UNKNOWN]]
	        > $\displaystyle\intd^{4}q\frac{q_{\mu}q_{\nu}}{y^{a}z^{b}}\hskip17.071654pt\,=K_{1}(a,b,p)\,\,p_{\mu}p_{\nu}+K_{2}(a,b,p)\,\,x\,\delta_{\mu\nu}\,,$[[PUNCT]] =[[RELOP]] K[[UNKNOWN]] _{1}[[POSTSUBSCRIPT]] ([[OPEN]] a[[UNKNOWN]] ,[[PUNCT]] b[[UNKNOWN]] ,[[PUNCT]] p[[UNKNOWN]] )[[CLOSE]] p[[UNKNOWN]] _{\mu}[[POSTSUBSCRIPT]] p[[UNKNOWN]] _{\nu}[[POSTSUBSCRIPT]] +[[ADDOP]] K[[UNKNOWN]] _{2}[[POSTSUBSCRIPT]] ([[OPEN]] a[[UNKNOWN]] ,[[PUNCT]] b[[UNKNOWN]] ,[[PUNCT]] p[[UNKNOWN]] )[[CLOSE]] x[[UNKNOWN]] δ[[UNKNOWN]] _{\mu\nu}[[POSTSUBSCRIPT]]
Warning:not_parsed:POSTSUPERSCRIPT.UNKNOWN.ATOM>PUNCT MathParser failed to match rule 'Anything'
	at 0304134_cleaned.tex; line 1885 col 1 - line 1885 col 1
	In "$\displaystyle L_{\mu\nu\rho}(a,b,p):=\int d^{4}q\frac{q_{\mu}q_{\nu}q_{\rho}}%
	{y^{a}z^{b}}\hskip 8.535827pt\,=L_{1}(a,b,p)\,\,p_{\mu}p_{\nu}p_{\rho}\hskip 7%
	6.822441pt\,+\,L_{2}(a,b,p)\,\,x\,\left(p_{\mu}\,\delta_{\nu\rho}+p_{\nu}\,%
	\delta_{\rho\mu}+p_{\rho}\,\delta_{\mu\nu}\right)\,,\@@ENDINLINEMATH"
	L[[UNKNOWN]] _{\mu\nu\rho}[[POSTSUBSCRIPT]] ([[OPEN]] a[[UNKNOWN]] ,[[PUNCT]] b[[UNKNOWN]] ,[[PUNCT]] p[[UNKNOWN]] )[[CLOSE]] :=[[RELOP]] ∫[[INTOP]] d[[UNKNOWN]] ^{4}[[POSTSUPERSCRIPT]] q[[UNKNOWN]] \frac{q_{\mu}q_{\nu}q_{\rho}}{y^{a}z^{b}}[[UNKNOWN]]
	        > $\displaystyleL_{\mu\nu\rho}(a,b,p):=\intd^{4}q\frac{q_{\mu}q_{\nu}q_{\rho}}{y^{a}z^{b}}\hskip8.535827pt\,=L_{1}(a,b,p)\,\,p_{\mu}p_{\nu}p_{\rho}\hskip76.822441pt\,+\,L_{2}(a,b,p)\,\,x\,\left(p_{\mu}\,\delta_{\nu\rho}+p_{\nu}\,\delta_{\rho\mu}+p_{\rho}\,\delta_{\mu\nu}\right)\,,\@@ENDINLINEMATH[[PUNCT]] =[[RELOP]] L[[UNKNOWN]] _{1}[[POSTSUBSCRIPT]] ([[OPEN]] a[[UNKNOWN]] ,[[PUNCT]] b[[UNKNOWN]] ,[[PUNCT]] p[[UNKNOWN]] )[[CLOSE]] p[[UNKNOWN]] _{\mu}[[POSTSUBSCRIPT]] p[[UNKNOWN]] _{\nu}[[POSTSUBSCRIPT]] p[[UNKNOWN]] _{\rho}[[POSTSUBSCRIPT]] $\displaystyleL_{\mu\nu\rho}(a,b,p):=\intd^{4}q\frac{q_{\mu}q_{\nu}q_{\rho}}{y^{a}z^{b}}\hskip8.535827pt\,=L_{1}(a,b,p)\,\,p_{\mu}p_{\nu}p_{\rho}\hskip76.822441pt\,+\,L_{2}(a,b,p)\,\,x\,\left(p_{\mu}\,\delta_{\nu\rho}+p_{\nu}\,\delta_{\rho\mu}+p_{\rho}\,\delta_{\mu\nu}\right)\,,\@@ENDINLINEMATH[[PUNCT]] +[[ADDOP]] L[[UNKNOWN]] _{2}[[POSTSUBSCRIPT]] ([[OPEN]] a[[UNKNOWN]] ,[[PUNCT]] b[[UNKNOWN]] ,[[PUNCT]] p[[UNKNOWN]] )[[CLOSE]] x[[UNKNOWN]] \left([[OPEN]] p[[UNKNOWN]] _{\mu}[[POSTSUBSCRIPT]] δ[[UNKNOWN]] _{\nu\rho}[[POSTSUBSCRIPT]] +[[ADDOP]] p[[UNKNOWN]] _{\nu}[[POSTSUBSCRIPT]] δ[[UNKNOWN]] _{\rho\mu}[[POSTSUBSCRIPT]] +[[ADDOP]] p[[UNKNOWN]] _{\rho}[[POSTSUBSCRIPT]] δ[[UNKNOWN]] _{\mu\nu}[[POSTSUBSCRIPT]] \right)[[CLOSE]]
Warning:not_parsed:POSTSUPERSCRIPT.UNKNOWN.ATOM>PUNCT MathParser failed to match rule 'Anything'
	at 0304134_cleaned.tex; line 1885 col 29 - line 1887 col 1
	In "$\displaystyle\int d^{4}q\frac{q_{\mu}q_{\nu}q_{\rho}}{y^{a}z^{b}}\hskip 8.535%
	827pt\,=L_{1}(a,b,p)\,\,p_{\mu}p_{\nu}p_{\rho}$"
	∫[[INTOP]] d[[UNKNOWN]] ^{4}[[POSTSUPERSCRIPT]] q[[UNKNOWN]] \frac{q_{\mu}q_{\nu}q_{\rho}}{y^{a}z^{b}}[[UNKNOWN]]
	        > $\displaystyle\intd^{4}q\frac{q_{\mu}q_{\nu}q_{\rho}}{y^{a}z^{b}}\hskip8.535827pt\,=L_{1}(a,b,p)\,\,p_{\mu}p_{\nu}p_{\rho}$[[PUNCT]] =[[RELOP]] L[[UNKNOWN]] _{1}[[POSTSUBSCRIPT]] ([[OPEN]] a[[UNKNOWN]] ,[[PUNCT]] b[[UNKNOWN]] ,[[PUNCT]] p[[UNKNOWN]] )[[CLOSE]] p[[UNKNOWN]] _{\mu}[[POSTSUBSCRIPT]] p[[UNKNOWN]] _{\nu}[[POSTSUBSCRIPT]] p[[UNKNOWN]] _{\rho}[[POSTSUBSCRIPT]]
Warning:not_parsed:UNKNOWN.CLOSE.UNKNOWN>OPEN MathParser failed to match rule 'Anything'
	at 0304134_cleaned.tex; line 1891 col 9 - line 1893 col 1
	In "$\displaystyle\hskip 79.667717pt+\,M_{2}(a,b,p)\,\,x\,\left(\delta_{\mu\nu}\,p%
	_{\rho}p_{\sigma}+\delta_{\mu\rho}\,p_{\nu}p_{\sigma}+\delta_{\mu\sigma}\,p_{%
	\rho}p_{\mu}+\right.$"
	+[[ADDOP]] M[[UNKNOWN]] _{2}[[POSTSUBSCRIPT]] ([[OPEN]] a[[UNKNOWN]] ,[[PUNCT]] b[[UNKNOWN]] ,[[PUNCT]] p[[UNKNOWN]] )[[CLOSE]] x[[UNKNOWN]]
	        > \left([[OPEN]] δ[[UNKNOWN]] _{\mu\nu}[[POSTSUBSCRIPT]] p[[UNKNOWN]] _{\rho}[[POSTSUBSCRIPT]] p[[UNKNOWN]] _{\sigma}[[POSTSUBSCRIPT]] +[[ADDOP]] δ[[UNKNOWN]] _{\mu\rho}[[POSTSUBSCRIPT]] p[[UNKNOWN]] _{\nu}[[POSTSUBSCRIPT]] p[[UNKNOWN]] _{\sigma}[[POSTSUBSCRIPT]] +[[ADDOP]] δ[[UNKNOWN]] _{\mu\sigma}[[POSTSUBSCRIPT]] p[[UNKNOWN]] _{\rho}[[POSTSUBSCRIPT]] p[[UNKNOWN]] _{\mu}[[POSTSUBSCRIPT]] +[[ADDOP]]
Warning:not_parsed:POSTSUBSCRIPT.UNKNOWN.POSTSUBSCRIPT>CLOSE MathParser failed to match rule 'Anything'
	at 0304134_cleaned.tex; line 1893 col 9 - line 1895 col 1
	In "$\displaystyle\hskip 159.335433pt\left.\,\delta_{\nu\rho}\,p_{\mu}p_{\sigma}+%
	\delta_{\nu\sigma}\,p_{\rho}p_{\mu}+\delta_{\rho\sigma}\,p_{\mu}p_{\nu}\right)$"
	δ[[UNKNOWN]] _{\nu\rho}[[POSTSUBSCRIPT]] p[[UNKNOWN]] _{\mu}[[POSTSUBSCRIPT]] p[[UNKNOWN]] _{\sigma}[[POSTSUBSCRIPT]] +[[ADDOP]] δ[[UNKNOWN]] _{\nu\sigma}[[POSTSUBSCRIPT]] p[[UNKNOWN]] _{\rho}[[POSTSUBSCRIPT]] p[[UNKNOWN]] _{\mu}[[POSTSUBSCRIPT]] +[[ADDOP]] δ[[UNKNOWN]] _{\rho\sigma}[[POSTSUBSCRIPT]] p[[UNKNOWN]] _{\mu}[[POSTSUBSCRIPT]] p[[UNKNOWN]] _{\nu}[[POSTSUBSCRIPT]]
	        > \right)[[CLOSE]]
Warning:not_parsed:POSTSUPERSCRIPT.ATOM.ATOM>MULOP MathParser failed to match rule 'Anything'
	at 0304134_cleaned.tex; line 1979 col 23 - line 1983 col 1
	In "$\displaystyle x^{4\sigma}\,\frac{-27\,g^{4}\,N_{c}^{2}\,Z_{4}\,A^{4}}{4096\,%
	\pi^{4}}\,\frac{\Gamma(-1-4\sigma)\>\Gamma(1/2-\sigma)\>\Gamma(3\sigma)\>%
	\Gamma^{2}(1+\sigma)}{\Gamma(4-3\sigma)\>\Gamma^{2}(2-\sigma)\>\Gamma(3/2-%
	\sigma)\>\Gamma(4+4\sigma)}\times$"
	x[[UNKNOWN]] ^{4\sigma}[[POSTSUPERSCRIPT]] \frac{-27\,g^{4}\,N_{c}^{2}\,Z_{4}\,A^{4}}{4096\,\pi^{4}}[[UNKNOWN]] \frac{\Gamma(-1-4\sigma)\>\Gamma(1/2-\sigma)\>\Gamma(3\sigma)\>\Gamma^{2}(1+\sigma)}{\Gamma(4-3\sigma)\>\Gamma^{2}(2-\sigma)\>\Gamma(3/2-\sigma)\>\Gamma(4+4\sigma)}[[UNKNOWN]]
	        > ×[[MULOP]]
 66.32 sec)
Math parsing succeeded:
   ltx:XMArg: 6619/6619
   ltx:XMath: 836/880
Symbols assumed as simple identifiers (with # of occurences):
   'A{italic}' (212), 'B{italic}' (87), 'C{caligraphic}' (12), 'C{italic}' (8), 'D{caligraphic}' (5), 'D{italic}' (381), 'F{caligraphic}' (6), 'F{italic}' (6), 'Gamma' (395), 'G{caligraphic}' (6), 'G{italic}' (15), 'I{italic}' (2), 'J{italic}' (66), 'K{italic}' (19), 'Lambda' (1), 'L{caligraphic}' (14), 'L{italic}' (117), 'M{italic}' (19), 'N{italic}' (55), 'P{caligraphic}' (4), 'P{italic}' (2), 'Q{italic}' (4), 'S{caligraphic}' (1), 'S{italic}' (29), 'T{italic}' (105), 'U{italic}' (28), 'V{italic}' (33), 'W{italic}' (115), 'Z{caligraphic}' (4), 'Z{italic}' (184), 'alpha' (95), 'a{italic}' (267), 'beta' (57), 'b{italic}' (257), 'chi' (4), 'c{italic}' (473), 'delta' (690), 'd{italic}' (400), 'e{italic}' (139), 'f{italic}' (174), 'gamma' (2), 'g{italic}' (232), 'h{italic}' (78), 'i{italic}' (147), 'j{italic}' (28), 'kappa' (30), 'k{italic}' (65), 'lambda' (99), 'l{italic}' (26), 'mu' (90), 'm{italic}' (27), 'nu' (89), 'n{italic}' (96), 'o{italic}' (6), 'phi' (2), 'pi' (77), 'p{italic}' (328), 'q{italic}' (390), 'rho' (91), 'r{italic}' (12), 'sigma' (237), 's{italic}' (130), 't{italic}' (34), 'u{italic}' (882), 'v{italic}' (148), 'w{italic}' (45), 'x{italic}' (409), 'y{italic}' (346), 'zeta' (63), 'z{italic}' (518)
Set MATHPARSER_SPECULATE to speculate on possible notations.
(Finalizing... 5.86 sec)
Conversion complete 44 warnings (See /home/user/latex-in-arxiv/0304134_cleaned.latexml.log) (reqd. 2m 3.51s)
