latexmlpost (LaTeXML version 0.8.6) paginating /home/user/latex-in-arxiv/2003/0304070.xml
(post-processing...
(Scan  processing...
Scan: DBStatus: 564/0 objects
 0.14 sec)
(MakeBibliography  processing...
Error:missing_file:cone Couldn't find Bibliography 'cone'
	at Post::MakeBibliography[@0x5646a1a2e580]
	Searchpaths were /home/user/latex-in-arxiv/2003,/home/user/latex-in-arxiv,.
	In Post::MakeBibliography[@0x5646a1a2e580] ->getBibliographies
Info:expected:cone Couldn't find usable Bibliography for 'cone'
	at Post::MakeBibliography[@0x5646a1a2e580]
MakeBibliography: using bibliographies cone]
MakeBibliography: 31 bibentries, 0 cited
Warning:expected:bibkeys Missing bibkeys bohm, desmet, emparan_reall1, frolov, garfinkle, ght, gibbons_hartnoll1, gibbons_maeda, gl1, gl2, gl3, gl4, gregory, gubser, gubser_mitra1, gubser_mitra2, harmark_obers, herzog_klebanov, hm1, hm2, kang, kol1, kol2, kol3, korotkin_nicolai, myers, reall, reall2, wiseman1, wiseman2, wiseman3
	In Post::MakeBibliography[@0x5646a1a2e580] ->getBibEntries
Scan: DBStatus: 565/0 objects
 1.71 sec)
(CrossRef  processing...
Warning:expected:ids Missing Entry for citation: Kol3,Reall,GL2,Wiseman3,Gibbons_Hartnoll1,Gubser,Gubser_Mitra1,HM1,Garfinkle,Reall2,GL3,Wiseman1,Wiseman2,Kang,Herzog_Klebanov,deSmet,Gubser_Mitra2,Korotkin_Nicolai,HM2,GL4,Harmark_Obers,Kol2,GHT,Emparan_Reall1,Gibbons_Maeda,Frolov,Gregory,Myers,GL1,Kol1,Bohm
	In Post::CrossRef[@0x5646a1c9bc98] ->process
Warning:expected:ids Missing File location for ID: S3.F3,S2.E2,S3.E4,S3.F5,S3.F6,S3.F2,S3.F4,S3.F1,S3.E6
	In Post::CrossRef[@0x5646a1c9bc98] ->process
 0.09 sec)
(MathML::Presentation  267 to process...
converted 267 Maths
 0.71 sec)
(XSLT[using LaTeXML-html5.xsl]  processing... 0.11 sec)
(Writer  processing... 0.00 sec) 2.78 sec)
Postprocessing complete 3 warnings; 1 error (See /home/user/latex-in-arxiv/0304070.latexmlpost.log) (reqd. 3.04s)
