latexmlpost (LaTeXML version 0.8.6) paginating /home/user/latex-in-arxiv/2003/0304195.xml
(post-processing...
(Scan  processing...
Scan: DBStatus: 4097/0 objects
 1.43 sec)
(MakeBibliography  processing... 0.00 sec)
(CrossRef  processing...
Warning:expected:ids Missing File location for ID: S2.E14,S5.E109,bib.bib21,bib.bib27,S3.E80,S2.E8,bib.bib29,S3.E17,S3.E36,S3.E73,S3.E42,bib.bib10,S3.E22,S5.E113,S3.E43,S4.E92,bib.bib28,S2.E7,S6,S3.SS4,bib.bib3,S3.E20,S3.E38,S4.E93,S2.E9,S3.E40,bib.bib23,S2.E4,bib.bib26,S3.E89,S5.F5,S3.E41,bib.bib2,bib.bib24,S3.E35,bib.bib15,A2.E144,S3.E21,S3.E71,S2.E10,S3.E64,S3.E59,S2.E12,S2.E13,S6.E130,bib.bib8,S5.F2,A2,S3.E74,bib.bib22,S5.F4,S3.E66,S3.E33,bib.bib19,bib.bib6,bib.bib17,bib.bib5,S3.E30,S2.E3,bib.bib11,bib.bib7,S2.E15,bib.bib13,S3.E68,S6.E118,bib.bib4,S3.E58,S6.E127,S4.E96,S5.E104,bib.bib18,A2.E147,S3.E88,S3.E26,bib.bib20,S1.F1,S3.E39,S7,S3,bib.bib25,A2.E148,S3.E65,bib.bib14,S3.E34,S5.F3,S4,bib.bib1,S3.E27,S5,bib.bib16,bib.bib9,A2.E149,S3.E31,bib.bib12,S5.E110,A2.E150,S2.E1,A2.E146,S3.E87
	In Post::CrossRef[@0x558309017578] ->process
Warning:expected:ids Missing Target for Label: LABEL:rhsg_mode_ex
	In Post::CrossRef[@0x558309017578] ->process
 0.77 sec)
(SVG  5 to process...
(Loading compiled schema /usr/share/perl5/LaTeXML/resources/RelaxNG/LaTeXML.model... 0.01 sec) 0.02 sec)
(MathML::Presentation  837 to process...
Warning:unexpected:nested-math We're getting m:math nested within an m:mtext
	In Post::MathML::Presentation[@0x5583091... ->pmml_top
converted 837 Maths
 7.72 sec)
(XSLT[using LaTeXML-html5.xsl]  processing... 1.17 sec)
(Writer  processing... 0.02 sec) 11.19 sec)
Postprocessing complete 3 warnings (See /home/user/latex-in-arxiv/0304195.latexmlpost.log) (reqd. 12.02s)
