latexml (LaTeXML version 0.8.6) processing 2003/0304119.tex
(Digesting TeX 0304119...
(Loading /usr/share/perl5/LaTeXML/Package/TeX.pool.ltxml...
(Loading /usr/share/perl5/LaTeXML/Package/eTeX.pool.ltxml... 0.01 sec)
(Loading /usr/share/perl5/LaTeXML/Package/pdfTeX.pool.ltxml... 0.02 sec) 0.37 sec)
(Processing content /home/user/latex-in-arxiv/2003/0304119.tex...
(Processing content /usr/share/texlive/texmf-dist/tex/plain/harvmac/harvmac.tex...
 big or little (b/l)? 
(This will be reduced.
 0.29 sec)
(Processing content /usr/share/texlive/texmf-dist/tex/generic/dvips/rotate.tex... 0.02 sec)
(Loading /usr/share/perl5/LaTeXML/Package/epsf.tex.ltxml...
(Loading /usr/share/perl5/LaTeXML/Package/epsf.sty.ltxml... 0.01 sec) 0.02 sec)
(Processing content /usr/share/texlive/texmf-dist/tex/generic/xypic/xyv2.tex...
(Processing content /usr/share/texlive/texmf-dist/tex/generic/xypic/xy.tex...
Bootstrap'ing:
catcodes,
docmode,
(Processing content /usr/share/texlive/texmf-dist/tex/generic/xypic/xyrecat.tex... 0.03 sec)
(Processing content /usr/share/texlive/texmf-dist/tex/generic/xypic/xyidioms.tex... 0.05 sec)
 Xy-pic version 3.8.9 <2013/10/06>
 Copyright (c) 1991-2013 by Kristoffer H. Rose <krisrose@tug.org> and others
 Xy-pic is free software: see the User's Guide for details.
Loading kernel:
messages;
fonts;
Info:unexpected:xydash10 Unrecognized font name 'xydash10'
	at xy.tex; line 159 col 16 - line 159 col 16
	Font switch macro \xydashfont will have no effect
Info:unexpected:xyatip10 Unrecognized font name 'xyatip10'
	at xy.tex; line 163 col 19 - line 163 col 19
	Font switch macro \xyatipfont will have no effect
Info:unexpected:xybtip10 Unrecognized font name 'xybtip10'
	at xy.tex; line 164 col 19 - line 164 col 19
	Font switch macro \xybtipfont will have no effect
Info:unexpected:xybsql10 Unrecognized font name 'xybsql10'
	at xy.tex; line 165 col 16 - line 165 col 16
	Font switch macro \xybsqlfont will have no effect
Info:unexpected:xycirc10 Unrecognized font name 'xycirc10'
	at xy.tex; line 169 col 8 - line 169 col 8
	Font switch macro \xycircfont will have no effect
allocations:
state,
direction,
utility macros;
pictures: \xy,
positions,
objects,
decorations;
kernel objects:
directionals,
circles,
text;
options;
algorithms: directions,
edges,
connections;
 Xy-pic loaded
 2.66 sec)
 Xy-pic option: Version 2 Compatibility v.3.8
(Processing content /usr/share/texlive/texmf-dist/tex/generic/xypic/xyframe.tex...
 Xy-pic option: Frame and Bracket extension v.3.14
loaded
 0.54 sec)
(Processing content /usr/share/texlive/texmf-dist/tex/generic/xypic/xymatrix.tex...
 Xy-pic option: Matrix feature v.3.14
loaded
 0.40 sec)
(Processing content /usr/share/texlive/texmf-dist/tex/generic/xypic/xyarrow.tex...
 Xy-pic option: Arrow and Path feature v.3.9
path,
\ar,
loaded
 0.44 sec)
loaded
 4.79 sec)
If you do not have epsf.tex (to include figures),
change the option at the top of the tex file.
(1. Introduction)
(2. A Fairy Tale of an Anomaly)
(3. The Konishi anomaly for other groups )
(4. The effective superpotential)
(4.1. Quartic superpotential)
(4.2. Cubic superpotential)
(5. Conclusions)
(A. Summary of results)
(\hbox {A.}1. $SU(N)$ with adjoint matter and cubic interactions)
(\hbox {A.}2. $Sp(N)$/$SO(N)$ with matter in the antisymmetric/symmetric traceful representation)
(\hbox {A.}3. $Sp(N)$/$SO(N)$ with matter in the antisymmetric/symmetric traceless representation and cubic interactions)
(\hbox {A.}4. $Sp(N)$/$SO(N)$ with matter in the adjoint representation and quartic interactions)
(Processing content refs.tmp... 0.60 sec) 16.04 sec) 16.49 sec)
(Building...
(Loading compiled schema /usr/share/perl5/LaTeXML/resources/RelaxNG/LaTeXML.model... 0.03 sec) 7.00 sec)
(Rewriting... 0.20 sec)
(Math Parsing 390 formulae ......
Warning:not_parsed:UNKNOWN.CLOSE.POSTSUPERSCRIPT>FLOATSUBSCRIPT MathParser failed to match rule 'Anything'
	at 0304119.tex; line 460 col 0 - line 460 col 67
	In "$({\tenrm ad~{}}V~{}\Phi)^{i}{}_{j}=V^{i}{}_{k}\Phi^{k}{}_{j}-\Phi^{i}{}_{k}V^%
	{k}{}_{j}$"
	([[OPEN]] ad[[UNKNOWN]] V[[UNKNOWN]] Φ[[UNKNOWN]] )[[CLOSE]] ^{i}[[POSTSUPERSCRIPT]]
	        > {}_{j}[[FLOATSUBSCRIPT]] =[[RELOP]] V[[UNKNOWN]] ^{i}[[POSTSUPERSCRIPT]] {}_{k}[[FLOATSUBSCRIPT]] Φ[[UNKNOWN]] ^{k}[[POSTSUPERSCRIPT]] {}_{j}[[FLOATSUBSCRIPT]] -[[ADDOP]] Φ[[UNKNOWN]] ^{i}[[POSTSUPERSCRIPT]] {}_{k}[[FLOATSUBSCRIPT]] V[[UNKNOWN]] ^{k}[[POSTSUPERSCRIPT]] {}_{j}[[FLOATSUBSCRIPT]]
 14.88 sec)
Math parsing succeeded:
   ltx:XMArg: 1300/1300
   ltx:XMath: 389/390
Symbols assumed as simple identifiers (with # of occurences):
   'A{italic}' (2), 'C{italic}' (3), 'J{italic}' (5), 'M{italic}' (1), 'N{caligraphic}' (1), 'N{italic}' (136), 'O{caligraphic}' (2), 'O{italic}' (26), 'Phi' (124), 'Q{italic}' (2), 'R{italic}' (22), 'S{italic}' (124), 'Tr' (41), 'T{italic}' (59), 'U{italic}' (17), 'V{italic}' (8), 'W{italic}' (163), 'ad' (4), 'alpha' (2), 'a{italic}' (8), 'beta' (2), 'b{italic}' (6), 'chi' (10), 'c{italic}' (48), 'delta' (11), 'd{italic}' (10), 'epsilon' (61), 'e{italic}' (32), 'f{italic}' (112), 'g{italic}' (82), 'h{italic}' (1), 'i{italic}' (38), 'j{italic}' (33), 'k{italic}' (53), 'l{italic}' (29), 'mu' (8), 'm{italic}' (75), 'n{italic}' (3), 'pi' (15), 'p{italic}' (23), 'y{italic}' (2), 'z{italic}' (308)
Set MATHPARSER_SPECULATE to speculate on possible notations.
(Finalizing... 1.25 sec)
Conversion complete 1 warning (See /home/user/latex-in-arxiv/0304119.latexml.log) (reqd. 40.67s)
