latexml (LaTeXML version 0.8.6) processing 2003/0304154.tex
(Digesting TeX 0304154...
(Loading /usr/share/perl5/LaTeXML/Package/TeX.pool.ltxml...
(Loading /usr/share/perl5/LaTeXML/Package/eTeX.pool.ltxml... 0.01 sec)
(Loading /usr/share/perl5/LaTeXML/Package/pdfTeX.pool.ltxml... 0.01 sec) 0.20 sec)
(Processing content /home/user/latex-in-arxiv/2003/0304154.tex...
(Loading /usr/share/perl5/LaTeXML/Package/LaTeX.pool.ltxml...
(Loading /usr/share/perl5/LaTeXML/Package/textcomp.sty.ltxml...
(Processing definitions /usr/share/texlive/texmf-dist/tex/latex-dev/base/ts1enc.dfu... 0.03 sec) 1.43 sec) 1.72 sec)
(Loading /usr/share/perl5/LaTeXML/Package/article.cls.ltxml... 0.01 sec)
(Loading /usr/share/perl5/LaTeXML/Package/amssymb.sty.ltxml...
(Loading /usr/share/perl5/LaTeXML/Package/amsfonts.sty.ltxml... 0.00 sec) 0.02 sec) 8.31 sec) 8.54 sec)
(Building...
(Loading compiled schema /usr/share/perl5/LaTeXML/resources/RelaxNG/LaTeXML.model... 0.01 sec) 6.56 sec)
(Rewriting... 0.18 sec)
(Math Parsing 412 formulae ......
Warning:not_parsed:UNKNOWN.POSTSUPERSCRIPT.UNKNOWN>OPEN MathParser failed to match rule 'Anything'
	at 0304154.tex; line 205 col 1 - line 205 col 1
	In "$\displaystyle S_{N=2}=\frac{1}{g^{2}}Tr\int d^{4}x(-\frac{1}{4}F_{\mu\nu}F^{%
	\mu\nu}-i\lambda^{i}D\!\!\!\!/\bar{\lambda}_{i}+\phi D_{\mu}D^{\mu}\phi^{{%
	\dagger}}-\frac{i\sqrt{2}}{2}(\lambda_{i}[\lambda^{i},\phi^{{\dagger}}]+\bar{%
	\lambda}^{i}[\bar{\lambda}_{i},\phi])-{{1}\over{2}}[\phi,\phi^{{\dagger}}]^{2}%
	+{{1}\over{2}}\vec{D}.\vec{D})\@@ENDINLINEMATH"
	S[[UNKNOWN]] _{N=2}[[POSTSUBSCRIPT]] =[[RELOP]] \frac{1}{g^{2}}[[UNKNOWN]] T[[UNKNOWN]] r[[UNKNOWN]] ∫[[INTOP]] d[[UNKNOWN]] ^{4}[[POSTSUPERSCRIPT]] x[[UNKNOWN]]
	        > ([[OPEN]] -[[ADDOP]] \frac{1}{4}[[UNKNOWN]] F[[UNKNOWN]] _{\mu\nu}[[POSTSUBSCRIPT]] F[[UNKNOWN]] ^{\mu\nu}[[POSTSUPERSCRIPT]] -[[ADDOP]] i[[UNKNOWN]] λ[[UNKNOWN]] ^{i}[[POSTSUPERSCRIPT]] D[[UNKNOWN]] /[[MULOP]] \bar{\lambda}[[UNKNOWN]] _{i}[[POSTSUBSCRIPT]] +[[ADDOP]] ϕ[[UNKNOWN]] D[[UNKNOWN]] _{\mu}[[POSTSUBSCRIPT]] D[[UNKNOWN]] ^{\mu}[[POSTSUPERSCRIPT]] ϕ[[UNKNOWN]] ^{{\dagger}}[[POSTSUPERSCRIPT]] -[[ADDOP]] \frac{i\sqrt{2}}{2}[[UNKNOWN]] ([[OPEN]] λ[[UNKNOWN]] _{i}[[POSTSUBSCRIPT]] [[[OPEN]] λ[[UNKNOWN]] ^{i}[[POSTSUPERSCRIPT]] ,[[PUNCT]] ϕ[[UNKNOWN]] ^{{\dagger}}[[POSTSUPERSCRIPT]] ][[CLOSE]] +[[ADDOP]] \bar{\lambda}[[UNKNOWN]] ^{i}[[POSTSUPERSCRIPT]] [[[OPEN]] \bar{\lambda}[[UNKNOWN]] _{i}[[POSTSUBSCRIPT]] ,[[PUNCT]] ϕ[[UNKNOWN]] ][[CLOSE]] )[[CLOSE]] -[[ADDOP]] {1}\over{2}[[UNKNOWN]] [[[OPEN]] ϕ[[UNKNOWN]] ,[[PUNCT]] ϕ[[UNKNOWN]] ...
Warning:not_parsed:UNKNOWN.POSTSUPERSCRIPT.UNKNOWN>OPEN MathParser failed to match rule 'Anything'
	at 0304154.tex; line 205 col 17 - line 207 col 1
	In "$\displaystyle\frac{1}{g^{2}}Tr\int d^{4}x(-\frac{1}{4}F_{\mu\nu}F^{\mu\nu}-i%
	\lambda^{i}D\!\!\!\!/\bar{\lambda}_{i}+\phi D_{\mu}D^{\mu}\phi^{{\dagger}}$"
	\frac{1}{g^{2}}[[UNKNOWN]] T[[UNKNOWN]] r[[UNKNOWN]] ∫[[INTOP]] d[[UNKNOWN]] ^{4}[[POSTSUPERSCRIPT]] x[[UNKNOWN]]
	        > ([[OPEN]] -[[ADDOP]] \frac{1}{4}[[UNKNOWN]] F[[UNKNOWN]] _{\mu\nu}[[POSTSUBSCRIPT]] F[[UNKNOWN]] ^{\mu\nu}[[POSTSUPERSCRIPT]] -[[ADDOP]] i[[UNKNOWN]] λ[[UNKNOWN]] ^{i}[[POSTSUPERSCRIPT]] D[[UNKNOWN]] /[[MULOP]] \bar{\lambda}[[UNKNOWN]] _{i}[[POSTSUBSCRIPT]] +[[ADDOP]] ϕ[[UNKNOWN]] D[[UNKNOWN]] _{\mu}[[POSTSUBSCRIPT]] D[[UNKNOWN]] ^{\mu}[[POSTSUPERSCRIPT]] ϕ[[UNKNOWN]] ^{{\dagger}}[[POSTSUPERSCRIPT]]
Warning:not_parsed:ATOM.PERIOD.ATOM>CLOSE MathParser failed to match rule 'Anything'
	at 0304154.tex; line 207 col 3 - line 208 col 4
	In "$\displaystyle-\frac{i\sqrt{2}}{2}(\lambda_{i}[\lambda^{i},\phi^{{\dagger}}]+%
	\bar{\lambda}^{i}[\bar{\lambda}_{i},\phi])-{{1}\over{2}}[\phi,\phi^{{\dagger}}%
	]^{2}+{{1}\over{2}}\vec{D}.\vec{D})$"
	-[[ADDOP]] \frac{i\sqrt{2}}{2}[[UNKNOWN]] ([[OPEN]] λ[[UNKNOWN]] _{i}[[POSTSUBSCRIPT]] [[[OPEN]] λ[[UNKNOWN]] ^{i}[[POSTSUPERSCRIPT]] ,[[PUNCT]] ϕ[[UNKNOWN]] ^{{\dagger}}[[POSTSUPERSCRIPT]] ][[CLOSE]] +[[ADDOP]] \bar{\lambda}[[UNKNOWN]] ^{i}[[POSTSUPERSCRIPT]] [[[OPEN]] \bar{\lambda}[[UNKNOWN]] _{i}[[POSTSUBSCRIPT]] ,[[PUNCT]] ϕ[[UNKNOWN]] ][[CLOSE]] )[[CLOSE]] -[[ADDOP]] {1}\over{2}[[UNKNOWN]] [[[OPEN]] ϕ[[UNKNOWN]] ,[[PUNCT]] ϕ[[UNKNOWN]] ^{{\dagger}}[[POSTSUPERSCRIPT]] ][[CLOSE]] ^{2}[[POSTSUPERSCRIPT]] +[[ADDOP]] {1}\over{2}[[UNKNOWN]] \vec{D}[[UNKNOWN]] .[[PERIOD]] \vec{D}[[UNKNOWN]]
	        > )[[CLOSE]]
Warning:not_parsed:POSTSUPERSCRIPT.UNKNOWN.POSTSUBSCRIPT>PUNCT MathParser failed to match rule 'Anything'
	at 0304154.tex; line 214 col 3 - line 214 col 3
	In "$\displaystyle\lambda^{i}=\mathcal{E}^{ij}\lambda_{j}\quad,\quad\lambda_{i}=%
	\lambda^{j}\mathcal{E}_{ji}\@@ENDINLINEMATH"
	λ[[UNKNOWN]] ^{i}[[POSTSUPERSCRIPT]] =[[RELOP]] E[[UNKNOWN]] ^{ij}[[POSTSUPERSCRIPT]] λ[[UNKNOWN]] _{j}[[POSTSUBSCRIPT]]
	        > $\displaystyle\lambda^{i}=\mathcal{E}^{ij}\lambda_{j}\quad,\quad\lambda_{i}=\lambda^{j}\mathcal{E}_{ji}\@@ENDINLINEMATH[[PUNCT]] ,[[PUNCT]] λ[[UNKNOWN]] _{i}[[POSTSUBSCRIPT]] =[[RELOP]] λ[[UNKNOWN]] ^{j}[[POSTSUPERSCRIPT]] E[[UNKNOWN]] _{ji}[[POSTSUBSCRIPT]]
Warning:not_parsed:POSTSUBSCRIPT.ATOM.POSTSUPERSCRIPT>PUNCT MathParser failed to match rule 'Anything'
	at 0304154.tex; line 216 col 6 - line 216 col 6
	In "$\displaystyle\bar{\lambda}_{i}=\mathcal{E}_{ij}\bar{\lambda}^{j}\quad,\quad%
	\bar{\lambda}^{i}=\bar{\lambda}_{j}\mathcal{E}^{ji}\@@ENDINLINEMATH"
	\bar{\lambda}[[UNKNOWN]] _{i}[[POSTSUBSCRIPT]] =[[RELOP]] E[[UNKNOWN]] _{ij}[[POSTSUBSCRIPT]] \bar{\lambda}[[UNKNOWN]] ^{j}[[POSTSUPERSCRIPT]]
	        > $\displaystyle\bar{\lambda}_{i}=\mathcal{E}_{ij}\bar{\lambda}^{j}\quad,\quad\bar{\lambda}^{i}=\bar{\lambda}_{j}\mathcal{E}^{ji}\@@ENDINLINEMATH[[PUNCT]] ,[[PUNCT]] \bar{\lambda}[[UNKNOWN]] ^{i}[[POSTSUPERSCRIPT]] =[[RELOP]] \bar{\lambda}[[UNKNOWN]] _{j}[[POSTSUBSCRIPT]] E[[UNKNOWN]] ^{ji}[[POSTSUPERSCRIPT]]
Warning:not_parsed:UNKNOWN>MULOP MathParser failed to match rule 'Anything'
	at 0304154.tex; line 244 col 65 - line 244 col 65
	In "$\displaystyle s\vec{D}=i[c,\vec{D}]+i\vec{\tau}_{i}^{j}(\xi_{j}D\!\!\!\!/\bar%
	{\lambda}^{i}-\bar{\xi}^{i}\bar{D\!\!\!\!/}\lambda_{j}\qquad\qquad\qquad\qquad%
	+\sqrt{2}\xi^{i}[\lambda_{j},\phi^{{\dagger}}]-\sqrt{2}\bar{\xi}_{j}[\bar{%
	\lambda}^{i},\phi])-i\eta^{\mu}\partial_{\mu}\vec{D}\@@ENDINLINEMATH"
	D[[UNKNOWN]]
	        > /[[MULOP]]
Warning:not_parsed:UNKNOWN>MULOP MathParser failed to match rule 'Anything'
	at 0304154.tex; line 244 col 65 - line 244 col 65
	In "$\displaystyle i[c,\vec{D}]+i\vec{\tau}_{i}^{j}(\xi_{j}D\!\!\!\!/\bar{\lambda}%
	^{i}-\bar{\xi}^{i}\bar{D\!\!\!\!/}\lambda_{j}$"
	D[[UNKNOWN]]
	        > /[[MULOP]]
Warning:not_parsed:ATOM.POSTSUBSCRIPT.POSTSUPERSCRIPT>OPEN MathParser failed to match rule 'Anything'
	at 0304154.tex; line 244 col 10 - line 245 col 2
	i[[UNKNOWN]] [[[OPEN]] c[[UNKNOWN]] ,[[PUNCT]] \vec{D}[[UNKNOWN]] ][[CLOSE]] +[[ADDOP]] i[[UNKNOWN]] \vec{\tau}[[UNKNOWN]] _{i}[[POSTSUBSCRIPT]] ^{j}[[POSTSUPERSCRIPT]]
	        > ([[OPEN]] ξ[[UNKNOWN]] _{j}[[POSTSUBSCRIPT]] D[[UNKNOWN]] /[[MULOP]] \bar{\lambda}[[UNKNOWN]] ^{i}[[POSTSUPERSCRIPT]] -[[ADDOP]] \bar{\xi}[[UNKNOWN]] ^{i}[[POSTSUPERSCRIPT]] \bar{D\!\!\!\!/}[[UNKNOWN]] λ[[UNKNOWN]] _{j}[[POSTSUBSCRIPT]]
Warning:not_parsed:PUNCT.UNKNOWN.CLOSE>CLOSE MathParser failed to match rule 'Anything'
	at 0304154.tex; line 245 col 10 - line 247 col 4
	In "$\displaystyle\qquad\qquad\qquad\qquad+\sqrt{2}\xi^{i}[\lambda_{j},\phi^{{%
	\dagger}}]-\sqrt{2}\bar{\xi}_{j}[\bar{\lambda}^{i},\phi])-i\eta^{\mu}\partial_%
	{\mu}\vec{D}$"
	+[[ADDOP]] \sqrt{2}[[UNKNOWN]] ξ[[UNKNOWN]] ^{i}[[POSTSUPERSCRIPT]] [[[OPEN]] λ[[UNKNOWN]] _{j}[[POSTSUBSCRIPT]] ,[[PUNCT]] ϕ[[UNKNOWN]] ^{{\dagger}}[[POSTSUPERSCRIPT]] ][[CLOSE]] -[[ADDOP]] \sqrt{2}[[UNKNOWN]] \bar{\xi}[[UNKNOWN]] _{j}[[POSTSUBSCRIPT]] [[[OPEN]] \bar{\lambda}[[UNKNOWN]] ^{i}[[POSTSUPERSCRIPT]] ,[[PUNCT]] ϕ[[UNKNOWN]] ][[CLOSE]]
	        > )[[CLOSE]] -[[ADDOP]] i[[UNKNOWN]] η[[UNKNOWN]] ^{\mu}[[POSTSUPERSCRIPT]] ∂[[OPERATOR]] _{\mu}[[POSTSUBSCRIPT]] \vec{D}[[UNKNOWN]]
Warning:not_parsed:UNKNOWN.POSTSUBSCRIPT.ATOM>PUNCT MathParser failed to match rule 'Anything'
	at 0304154.tex; line 288 col 0 - line 292 col 3
	In "\begin{equation}\mathcal{N}=\bar{\xi}_{i\dot{\alpha}}\frac{\delta}{\delta\bar{%
	\xi}_{i\dot{\alpha}}}+\eta_{\mu}\frac{\delta}{\delta\eta_{\mu}}\quad;\quad s=%
	\sum{s^{(n)}}\quad,\quad[\mathcal{N},s^{(n)}]=ns^{(n)},\end{equation}"
	N[[UNKNOWN]] =[[RELOP]] \bar{\xi}[[UNKNOWN]] _{i\dot{\alpha}}[[POSTSUBSCRIPT]] \frac{\delta}{\delta\bar{\xi}_{i\dot{\alpha}}}[[UNKNOWN]] +[[ADDOP]] η[[UNKNOWN]] _{\mu}[[POSTSUBSCRIPT]] \frac{\delta}{\delta\eta_{\mu}}[[UNKNOWN]]
	        > \begin{equation}\mathcal{N}=\bar{\xi}_{i\dot{\alpha}}\frac{\delta}{\delta\bar{\xi}_{i\dot{\alpha}}}+\eta_{\mu}\frac{\delta}{\delta\eta_{\mu}}\quad;\quads=\sum{s^{(n)}}\quad,\quad[\mathcal{N},s^{(n)}]=ns^{(n)},\end{equation}[[PUNCT]] ;[[PUNCT]] s[[UNKNOWN]] =[[RELOP]] ∑[[SUMOP]] s[[UNKNOWN]] ^{(n)}[[POSTSUPERSCRIPT]] \begin{equation}\mathcal{N}=\bar{\xi}_{i\dot{\alpha}}\frac{\delta}{\delta\bar{\xi}_{i\dot{\alpha}}}+\eta_{\mu}\frac{\delta}{\delta\eta_{\mu}}\quad;\quads=\sum{s^{(n)}}\quad,\quad[\mathcal{N},s^{(n)}]=ns^{(n)},\end{equation}[[PUNCT]] ,[[PUNCT]] [[[OPEN]] N[[UNKNOWN]] ,[[PUNCT]] s[[UNKNOWN]] ^{(n)}[[POSTSUPERSCRIPT]] ][[CLOSE]] =[[RELOP]] n[[UNKNOWN]] s[[UNKNOWN]] ^{(n)}[[POSTSUPERSCRIPT]]
Warning:not_parsed:UNKNOWN.POSTSUPERSCRIPT.UNKNOWN>OPEN MathParser failed to match rule 'Anything'
	at 0304154.tex; line 331 col 0 - line 334 col 3
	In "\begin{equation}\Psi=\frac{1}{\xi_{k}\xi^{k}}Tr\int d^{4}x\{(k_{1}\xi^{i}%
	\lambda_{i}[\phi,\phi^{{\dagger}}]+k_{2}\xi^{i}\vec{\tau}_{i}^{j}\lambda_{j}.%
	\vec{D}+k_{3}\xi^{i}\sigma^{\mu\nu}\lambda_{i}F_{\mu\nu}+k_{4}\phi\xi^{i}D\!\!%
	\!\!/\bar{\lambda}_{i})\}\end{equation}"
	Ψ[[UNKNOWN]] =[[RELOP]] \frac{1}{\xi_{k}\xi^{k}}[[UNKNOWN]] T[[UNKNOWN]] r[[UNKNOWN]] ∫[[INTOP]] d[[UNKNOWN]] ^{4}[[POSTSUPERSCRIPT]] x[[UNKNOWN]]
	        > \{[[OPEN]] ([[OPEN]] k[[UNKNOWN]] _{1}[[POSTSUBSCRIPT]] ξ[[UNKNOWN]] ^{i}[[POSTSUPERSCRIPT]] λ[[UNKNOWN]] _{i}[[POSTSUBSCRIPT]] [[[OPEN]] ϕ[[UNKNOWN]] ,[[PUNCT]] ϕ[[UNKNOWN]] ^{{\dagger}}[[POSTSUPERSCRIPT]] ][[CLOSE]] +[[ADDOP]] k[[UNKNOWN]] _{2}[[POSTSUBSCRIPT]] ξ[[UNKNOWN]] ^{i}[[POSTSUPERSCRIPT]] \vec{\tau}[[UNKNOWN]] _{i}[[POSTSUBSCRIPT]] ^{j}[[POSTSUPERSCRIPT]] λ[[UNKNOWN]] _{j}[[POSTSUBSCRIPT]] .[[PERIOD]] \vec{D}[[UNKNOWN]] +[[ADDOP]] k[[UNKNOWN]] _{3}[[POSTSUBSCRIPT]] ξ[[UNKNOWN]] ^{i}[[POSTSUPERSCRIPT]] σ[[UNKNOWN]] ^{\mu\nu}[[POSTSUPERSCRIPT]] λ[[UNKNOWN]] _{i}[[POSTSUBSCRIPT]] F[[UNKNOWN]] _{\mu\nu}[[POSTSUBSCRIPT]] +[[ADDOP]] k[[UNKNOWN]] _{4}[[POSTSUBSCRIPT]] ϕ[[UNKNOWN]] ξ[[UNKNOWN]] ^{i}[[POSTSUPERSCRIPT]] D[[UNKNOWN]] /[[MULOP]] \bar{\lambda}[[UNKNOWN]] _{i}[[POSTSUBSCRIPT]] )[[CLOSE]] \}[[CLOSE]]
Warning:not_parsed:UNKNOWN.POSTSUPERSCRIPT.UNKNOWN>OPEN MathParser failed to match rule 'Anything'
	at 0304154.tex; line 338 col 3 - line 338 col 3
	In "$\displaystyle\bar{s}\Psi=\bar{s}\frac{1}{\xi_{k}\xi^{k}}Tr\int d^{4}x\{({{1}%
	\over{2}}\xi^{i}\lambda_{i}[\phi,\phi^{{\dagger}}]-{{1}\over{2}}\xi^{i}\vec{%
	\tau}_{i}^{j}\lambda_{j}.\vec{D}\qquad\qquad\qquad\qquad-\frac{i}{2}\xi^{i}%
	\sigma^{\mu\nu}\lambda_{i}F_{\mu\nu}+\frac{\sqrt{2}}{2}\phi\xi^{i}D\!\!\!\!/%
	\bar{\lambda}_{i})\}=Tr\int d^{4}x(-\frac{1}{4}F_{\mu\nu}F^{\mu\nu}-\frac{i}{8%
	}\epsilon^{\mu\nu\lambda\rho}F_{\mu\nu}F_{\lambda\rho}\qquad\qquad\qquad\qquad%
	-i\lambda^{i}D\!\!\!\!/\bar{\lambda}_{i}+\phi D_{\mu}D^{\mu}\phi^{{\dagger}}-%
	\frac{i\sqrt{2}}{2}(\lambda_{i}[\lambda^{i},\phi^{{\dagger}}]+\bar{\lambda}^{i%
	}[\bar{\lambda}_{i},\phi])-{{1}\over{2}}[\phi,\phi^{{\dagger}}]^{2}+{{1}\over{%
	2}}\vec{D}.\vec{D})\@@ENDINLINEMATH"
	\bar{s}[[UNKNOWN]] Ψ[[UNKNOWN]] =[[RELOP]] \bar{s}[[UNKNOWN]] \frac{1}{\xi_{k}\xi^{k}}[[UNKNOWN]] T[[UNKNOWN]] r[[UNKNOWN]] ∫[[INTOP]] d[[UNKNOWN]] ^{4}[[POSTSUPERSCRIPT]] x[[UNKNOWN]]
	        > \{[[OPEN]] ([[OPEN]] {1}\over{2}[[UNKNOWN]] ξ[[UNKNOWN]] ^{i}[[POSTSUPERSCRIPT]] λ[[UNKNOWN]] _{i}[[POSTSUBSCRIPT]] [[[OPEN]] ϕ[[UNKNOWN]] ,[[PUNCT]] ϕ[[UNKNOWN]] ^{{\dagger}}[[POSTSUPERSCRIPT]] ][[CLOSE]] -[[ADDOP]] {1}\over{2}[[UNKNOWN]] ξ[[UNKNOWN]] ^{i}[[POSTSUPERSCRIPT]] \vec{\tau}[[UNKNOWN]] _{i}[[POSTSUBSCRIPT]] ^{j}[[POSTSUPERSCRIPT]] λ[[UNKNOWN]] _{j}[[POSTSUBSCRIPT]] .[[PERIOD]] \vec{D}[[UNKNOWN]] $\displaystyle\bar{s}\Psi=\bar{s}\frac{1}{\xi_{k}\xi^{k}}Tr\intd^{4}x\{({{1}\over{2}}\xi^{i}\lambda_{i}[\phi,\phi^{{\dagger}}]-{{1}\over{2}}\xi^{i}\vec{\tau}_{i}^{j}\lambda_{j}.\vec{D}\qquad\qquad\qquad\qquad-\frac{i}{2}\xi^{i}\sigma^{\mu\nu}\lambda_{i}F_{\mu\nu}+\frac{\sqrt{2}}{2}\phi\xi^{i}D\!\!\!\!/\bar{\lambda}_{i})\}=Tr\intd^{4}x(-\frac{1}{4}F_{\mu\nu}F^{\mu\nu}-\frac{i}{8}\epsilon^{\mu\nu\lambda\rho}F_{\mu\nu}F_{\lambda\rho}\qquad\qquad\qquad\qquad-i\lambda^{i}D\!\!\!\!/\bar{\lambda}_{i}+\phiD_{\mu}D^{\mu}\phi^{{\dagger}}-\frac{i\sqrt{2}}{2}(\lambda_{i}[\lambda^{i},\phi^{{\dagger}}]+\bar{\lambda}^{i}[\bar{\lambda}_{i},\phi])-{{1}\over{2}}[\phi,\phi^{{\dagger}}]^{2}+{{1}\over{2}}\vec{D}.\vec{D})\@@ENDINLINEMATH[[PUNCT]] -[[ADDOP]] \frac{i}{2}[[UNKNOWN]] ξ[[UNKNOWN]] ^{i}[[POSTSUPERSCRIPT]] σ[[UNKNOWN]] ^{\mu\nu}[[POSTSUPERSCRIPT]] λ[[UNKNOWN]] _{i}[[POSTSUBSCRIPT]] F[[UNKNOWN]] _{\mu\nu}[[POSTSUBSCRIPT]] +[[ADDOP]] \frac{\sqrt{2}}{2}[[UNKNOWN]] ϕ[[UNKNOWN]] ξ[[UNKNOWN]] ^{i}[[POSTSUPERSCRIPT]] D[[UNKNOWN]] /[[MULOP]] \bar{\lambda}[[UNKNOWN]] _{i}[[POSTSUBSCRIPT]] )[[CLOSE]] \}[[CLOSE]] =[[RELOP]] T[[UNKNOWN]] r[[UNKNOWN]] ∫[[INTOP]] d[[UNKNOWN]] ...
Warning:not_parsed:UNKNOWN.POSTSUPERSCRIPT.UNKNOWN>OPEN MathParser failed to match rule 'Anything'
	at 0304154.tex; line 338 col 15 - line 340 col 1
	In "$\displaystyle\bar{s}\frac{1}{\xi_{k}\xi^{k}}Tr\int d^{4}x\{({{1}\over{2}}\xi^%
	{i}\lambda_{i}[\phi,\phi^{{\dagger}}]-{{1}\over{2}}\xi^{i}\vec{\tau}_{i}^{j}%
	\lambda_{j}.\vec{D}$"
	\bar{s}[[UNKNOWN]] \frac{1}{\xi_{k}\xi^{k}}[[UNKNOWN]] T[[UNKNOWN]] r[[UNKNOWN]] ∫[[INTOP]] d[[UNKNOWN]] ^{4}[[POSTSUPERSCRIPT]] x[[UNKNOWN]]
	        > \{[[OPEN]] ([[OPEN]] {1}\over{2}[[UNKNOWN]] ξ[[UNKNOWN]] ^{i}[[POSTSUPERSCRIPT]] λ[[UNKNOWN]] _{i}[[POSTSUBSCRIPT]] [[[OPEN]] ϕ[[UNKNOWN]] ,[[PUNCT]] ϕ[[UNKNOWN]] ^{{\dagger}}[[POSTSUPERSCRIPT]] ][[CLOSE]] -[[ADDOP]] {1}\over{2}[[UNKNOWN]] ξ[[UNKNOWN]] ^{i}[[POSTSUPERSCRIPT]] \vec{\tau}[[UNKNOWN]] _{i}[[POSTSUBSCRIPT]] ^{j}[[POSTSUPERSCRIPT]] λ[[UNKNOWN]] _{j}[[POSTSUBSCRIPT]] .[[PERIOD]] \vec{D}[[UNKNOWN]]
Warning:not_parsed:MULOP.ATOM.POSTSUBSCRIPT>CLOSE MathParser failed to match rule 'Anything'
	at 0304154.tex; line 340 col 9 - line 341 col 1
	In "$\displaystyle\qquad\qquad\qquad\qquad-\frac{i}{2}\xi^{i}\sigma^{\mu\nu}%
	\lambda_{i}F_{\mu\nu}+\frac{\sqrt{2}}{2}\phi\xi^{i}D\!\!\!\!/\bar{\lambda}_{i}%
	)\}$"
	-[[ADDOP]] \frac{i}{2}[[UNKNOWN]] ξ[[UNKNOWN]] ^{i}[[POSTSUPERSCRIPT]] σ[[UNKNOWN]] ^{\mu\nu}[[POSTSUPERSCRIPT]] λ[[UNKNOWN]] _{i}[[POSTSUBSCRIPT]] F[[UNKNOWN]] _{\mu\nu}[[POSTSUBSCRIPT]] +[[ADDOP]] \frac{\sqrt{2}}{2}[[UNKNOWN]] ϕ[[UNKNOWN]] ξ[[UNKNOWN]] ^{i}[[POSTSUPERSCRIPT]] D[[UNKNOWN]] /[[MULOP]] \bar{\lambda}[[UNKNOWN]] _{i}[[POSTSUBSCRIPT]]
	        > )[[CLOSE]] \}[[CLOSE]]
Warning:not_parsed:UNKNOWN.POSTSUPERSCRIPT.UNKNOWN>OPEN MathParser failed to match rule 'Anything'
	at 0304154.tex; line 341 col 4 - line 343 col 1
	In "$\displaystyle Tr\int d^{4}x(-\frac{1}{4}F_{\mu\nu}F^{\mu\nu}-\frac{i}{8}%
	\epsilon^{\mu\nu\lambda\rho}F_{\mu\nu}F_{\lambda\rho}$"
	T[[UNKNOWN]] r[[UNKNOWN]] ∫[[INTOP]] d[[UNKNOWN]] ^{4}[[POSTSUPERSCRIPT]] x[[UNKNOWN]]
	        > ([[OPEN]] -[[ADDOP]] \frac{1}{4}[[UNKNOWN]] F[[UNKNOWN]] _{\mu\nu}[[POSTSUBSCRIPT]] F[[UNKNOWN]] ^{\mu\nu}[[POSTSUPERSCRIPT]] -[[ADDOP]] \frac{i}{8}[[UNKNOWN]] ϵ[[UNKNOWN]] ^{\mu\nu\lambda\rho}[[POSTSUPERSCRIPT]] F[[UNKNOWN]] _{\mu\nu}[[POSTSUBSCRIPT]] F[[UNKNOWN]] _{\lambda\rho}[[POSTSUBSCRIPT]]
Warning:not_parsed:ATOM.PERIOD.ATOM>CLOSE MathParser failed to match rule 'Anything'
	at 0304154.tex; line 344 col 3 - line 345 col 4
	In "$\displaystyle-\frac{i\sqrt{2}}{2}(\lambda_{i}[\lambda^{i},\phi^{{\dagger}}]+%
	\bar{\lambda}^{i}[\bar{\lambda}_{i},\phi])-{{1}\over{2}}[\phi,\phi^{{\dagger}}%
	]^{2}+{{1}\over{2}}\vec{D}.\vec{D})$"
	-[[ADDOP]] \frac{i\sqrt{2}}{2}[[UNKNOWN]] ([[OPEN]] λ[[UNKNOWN]] _{i}[[POSTSUBSCRIPT]] [[[OPEN]] λ[[UNKNOWN]] ^{i}[[POSTSUPERSCRIPT]] ,[[PUNCT]] ϕ[[UNKNOWN]] ^{{\dagger}}[[POSTSUPERSCRIPT]] ][[CLOSE]] +[[ADDOP]] \bar{\lambda}[[UNKNOWN]] ^{i}[[POSTSUPERSCRIPT]] [[[OPEN]] \bar{\lambda}[[UNKNOWN]] _{i}[[POSTSUBSCRIPT]] ,[[PUNCT]] ϕ[[UNKNOWN]] ][[CLOSE]] )[[CLOSE]] -[[ADDOP]] {1}\over{2}[[UNKNOWN]] [[[OPEN]] ϕ[[UNKNOWN]] ,[[PUNCT]] ϕ[[UNKNOWN]] ^{{\dagger}}[[POSTSUPERSCRIPT]] ][[CLOSE]] ^{2}[[POSTSUPERSCRIPT]] +[[ADDOP]] {1}\over{2}[[UNKNOWN]] \vec{D}[[UNKNOWN]] .[[PERIOD]] \vec{D}[[UNKNOWN]]
	        > )[[CLOSE]]
Warning:not_parsed:UNKNOWN.CLOSE.CLOSE>PUNCT MathParser failed to match rule 'Anything'
	at 0304154.tex; line 348 col 0 - line 350 col 3
	In "\begin{equation}I_{N=2}=\frac{1}{4\pi}Im[\Upsilon\,(\bar{s}\Psi)]\quad,\quad%
	\Upsilon=\frac{i4\pi}{g^{2}}+\frac{\theta}{2\pi}.\end{equation}"
	I[[UNKNOWN]] _{N=2}[[POSTSUBSCRIPT]] =[[RELOP]] \frac{1}{4\pi}[[UNKNOWN]] I[[UNKNOWN]] m[[UNKNOWN]] [[[OPEN]] Υ[[UNKNOWN]] ([[OPEN]] \bar{s}[[UNKNOWN]] Ψ[[UNKNOWN]] )[[CLOSE]] ][[CLOSE]]
	        > \begin{equation}I_{N=2}=\frac{1}{4\pi}Im[\Upsilon\,(\bar{s}\Psi)]\quad,\quad\Upsilon=\frac{i4\pi}{g^{2}}+\frac{\theta}{2\pi}.\end{equation}[[PUNCT]] ,[[PUNCT]] Υ[[UNKNOWN]] =[[RELOP]] \frac{i4\pi}{g^{2}}[[UNKNOWN]] +[[ADDOP]] \frac{\theta}{2\pi}[[UNKNOWN]]
Warning:not_parsed:UNKNOWN.POSTSUBSCRIPT.POSTSUPERSCRIPT>PUNCT MathParser failed to match rule 'Anything'
	at 0304154.tex; line 370 col 0 - line 373 col 3
	In "\begin{equation}(\lambda_{i}^{\alpha})^{\dagger}=i\epsilon_{\alpha\beta}%
	\mathcal{E}^{ij}\lambda_{j}^{\beta}\quad,\quad(\bar{\lambda}^{i\dot{\alpha}})^%
	{\dagger}=i\epsilon_{\dot{\alpha}\dot{\beta}}\mathcal{E}_{ij}\bar{\lambda}^{j%
	\dot{\beta}}.\end{equation}"
	([[OPEN]] λ[[UNKNOWN]] _{i}[[POSTSUBSCRIPT]] ^{\alpha}[[POSTSUPERSCRIPT]] )[[CLOSE]] ^{\dagger}[[POSTSUPERSCRIPT]] =[[RELOP]] i[[UNKNOWN]] ϵ[[UNKNOWN]] _{\alpha\beta}[[POSTSUBSCRIPT]] E[[UNKNOWN]] ^{ij}[[POSTSUPERSCRIPT]] λ[[UNKNOWN]] _{j}[[POSTSUBSCRIPT]] ^{\beta}[[POSTSUPERSCRIPT]]
	        > \begin{equation}(\lambda_{i}^{\alpha})^{\dagger}=i\epsilon_{\alpha\beta}\mathcal{E}^{ij}\lambda_{j}^{\beta}\quad,\quad(\bar{\lambda}^{i\dot{\alpha}})^{\dagger}=i\epsilon_{\dot{\alpha}\dot{\beta}}\mathcal{E}_{ij}\bar{\lambda}^{j\dot{\beta}}.\end{equation}[[PUNCT]] ,[[PUNCT]] ([[OPEN]] \bar{\lambda}[[UNKNOWN]] ^{i\dot{\alpha}}[[POSTSUPERSCRIPT]] )[[CLOSE]] ^{\dagger}[[POSTSUPERSCRIPT]] =[[RELOP]] i[[UNKNOWN]] ϵ[[UNKNOWN]] _{\dot{\alpha}\dot{\beta}}[[POSTSUBSCRIPT]] E[[UNKNOWN]] _{ij}[[POSTSUBSCRIPT]] \bar{\lambda}[[UNKNOWN]] ^{j\dot{\beta}}[[POSTSUPERSCRIPT]]
Warning:not_parsed:UNKNOWN.POSTSUPERSCRIPT.UNKNOWN>OPEN MathParser failed to match rule 'Anything'
	at 0304154.tex; line 402 col 0 - line 405 col 3
	In "\begin{equation}\Psi_{E}=\frac{1}{\xi_{k}\xi^{k}}Tr\int d^{4}x\{({{1}\over{2}}%
	\xi^{i}\lambda_{i}[M,N]-{{1}\over{2}}\xi^{i}\vec{\tau}_{i}^{j}\lambda_{j}.\vec%
	{D}-\frac{1}{2}\xi^{i}e_{\mu\nu}\lambda_{i}F_{\mu\nu}-\frac{i\sqrt{2}}{2}M\xi^%
	{i}e_{\mu}D_{\mu}\bar{\lambda}_{i})\}.\end{equation}"
	Ψ[[UNKNOWN]] _{E}[[POSTSUBSCRIPT]] =[[RELOP]] \frac{1}{\xi_{k}\xi^{k}}[[UNKNOWN]] T[[UNKNOWN]] r[[UNKNOWN]] ∫[[INTOP]] d[[UNKNOWN]] ^{4}[[POSTSUPERSCRIPT]] x[[UNKNOWN]]
	        > \{[[OPEN]] ([[OPEN]] {1}\over{2}[[UNKNOWN]] ξ[[UNKNOWN]] ^{i}[[POSTSUPERSCRIPT]] λ[[UNKNOWN]] _{i}[[POSTSUBSCRIPT]] [[[OPEN]] M[[UNKNOWN]] ,[[PUNCT]] N[[UNKNOWN]] ][[CLOSE]] -[[ADDOP]] {1}\over{2}[[UNKNOWN]] ξ[[UNKNOWN]] ^{i}[[POSTSUPERSCRIPT]] \vec{\tau}[[UNKNOWN]] _{i}[[POSTSUBSCRIPT]] ^{j}[[POSTSUPERSCRIPT]] λ[[UNKNOWN]] _{j}[[POSTSUBSCRIPT]] .[[PERIOD]] \vec{D}[[UNKNOWN]] -[[ADDOP]] \frac{1}{2}[[UNKNOWN]] ξ[[UNKNOWN]] ^{i}[[POSTSUPERSCRIPT]] e[[UNKNOWN]] _{\mu\nu}[[POSTSUBSCRIPT]] λ[[UNKNOWN]] _{i}[[POSTSUBSCRIPT]] F[[UNKNOWN]] _{\mu\nu}[[POSTSUBSCRIPT]] -[[ADDOP]] \frac{i\sqrt{2}}{2}[[UNKNOWN]] M[[UNKNOWN]] ξ[[UNKNOWN]] ^{i}[[POSTSUPERSCRIPT]] e[[UNKNOWN]] _{\mu}[[POSTSUBSCRIPT]] D[[UNKNOWN]] _{\mu}[[POSTSUBSCRIPT]] \bar{\lambda}[[UNKNOWN]] _{i}[[POSTSUBSCRIPT]] )[[CLOSE]] \}[[CLOSE]]
Warning:not_parsed:UNKNOWN.POSTSUPERSCRIPT.UNKNOWN>OPEN MathParser failed to match rule 'Anything'
	at 0304154.tex; line 410 col 1 - line 410 col 1
	In "$\displaystyle I_{E}=\bar{s}\Psi_{E}=Tr\int d^{4}x(\frac{1}{4}F_{\mu\nu}F_{\mu%
	\nu}+\frac{1}{8}\epsilon_{\mu\nu\lambda\rho}F_{\mu\nu}F_{\lambda\rho}-\lambda^%
	{i}D\!\!\!\!/\bar{\lambda}_{i}+MD_{\mu}D_{\mu}N-\frac{i\sqrt{2}}{2}(\lambda_{i%
	}[\lambda^{i},N]+\bar{\lambda}^{i}[\bar{\lambda}_{i},M])-{{1}\over{2}}[M,N]^{2%
	}+{{1}\over{2}}\vec{D}.\vec{D})\@@ENDINLINEMATH"
	I[[UNKNOWN]] _{E}[[POSTSUBSCRIPT]] =[[RELOP]] \bar{s}[[UNKNOWN]] Ψ[[UNKNOWN]] _{E}[[POSTSUBSCRIPT]] =[[RELOP]] T[[UNKNOWN]] r[[UNKNOWN]] ∫[[INTOP]] d[[UNKNOWN]] ^{4}[[POSTSUPERSCRIPT]] x[[UNKNOWN]]
	        > ([[OPEN]] \frac{1}{4}[[UNKNOWN]] F[[UNKNOWN]] _{\mu\nu}[[POSTSUBSCRIPT]] F[[UNKNOWN]] _{\mu\nu}[[POSTSUBSCRIPT]] +[[ADDOP]] \frac{1}{8}[[UNKNOWN]] ϵ[[UNKNOWN]] _{\mu\nu\lambda\rho}[[POSTSUBSCRIPT]] F[[UNKNOWN]] _{\mu\nu}[[POSTSUBSCRIPT]] F[[UNKNOWN]] _{\lambda\rho}[[POSTSUBSCRIPT]] -[[ADDOP]] λ[[UNKNOWN]] ^{i}[[POSTSUPERSCRIPT]] D[[UNKNOWN]] /[[MULOP]] \bar{\lambda}[[UNKNOWN]] _{i}[[POSTSUBSCRIPT]] +[[ADDOP]] M[[UNKNOWN]] D[[UNKNOWN]] _{\mu}[[POSTSUBSCRIPT]] D[[UNKNOWN]] _{\mu}[[POSTSUBSCRIPT]] N[[UNKNOWN]] -[[ADDOP]] \frac{i\sqrt{2}}{2}[[UNKNOWN]] ([[OPEN]] λ[[UNKNOWN]] _{i}[[POSTSUBSCRIPT]] [[[OPEN]] λ[[UNKNOWN]] ^{i}[[POSTSUPERSCRIPT]] ,[[PUNCT]] N[[UNKNOWN]] ][[CLOSE]] +[[ADDOP]] \bar{\lambda}[[UNKNOWN]] ^{i}[[POSTSUPERSCRIPT]] [[[OPEN]] \bar{\lambda}[[UNKNOWN]] _{i}[[POSTSUBSCRIPT]] ,[[PUNCT]] M[[UNKNOWN]] ][[CLOSE]] )[[CLOSE]] -[[ADDOP]] {1}\over{2}[[UNKNOWN]] ...
Warning:not_parsed:UNKNOWN.POSTSUPERSCRIPT.UNKNOWN>OPEN MathParser failed to match rule 'Anything'
	at 0304154.tex; line 411 col 4 - line 414 col 1
	In "$\displaystyle Tr\int d^{4}x(\frac{1}{4}F_{\mu\nu}F_{\mu\nu}+\frac{1}{8}%
	\epsilon_{\mu\nu\lambda\rho}F_{\mu\nu}F_{\lambda\rho}-\lambda^{i}D\!\!\!\!/%
	\bar{\lambda}_{i}+MD_{\mu}D_{\mu}N$"
	T[[UNKNOWN]] r[[UNKNOWN]] ∫[[INTOP]] d[[UNKNOWN]] ^{4}[[POSTSUPERSCRIPT]] x[[UNKNOWN]]
	        > ([[OPEN]] \frac{1}{4}[[UNKNOWN]] F[[UNKNOWN]] _{\mu\nu}[[POSTSUBSCRIPT]] F[[UNKNOWN]] _{\mu\nu}[[POSTSUBSCRIPT]] +[[ADDOP]] \frac{1}{8}[[UNKNOWN]] ϵ[[UNKNOWN]] _{\mu\nu\lambda\rho}[[POSTSUBSCRIPT]] F[[UNKNOWN]] _{\mu\nu}[[POSTSUBSCRIPT]] F[[UNKNOWN]] _{\lambda\rho}[[POSTSUBSCRIPT]] -[[ADDOP]] λ[[UNKNOWN]] ^{i}[[POSTSUPERSCRIPT]] D[[UNKNOWN]] /[[MULOP]] \bar{\lambda}[[UNKNOWN]] _{i}[[POSTSUBSCRIPT]] +[[ADDOP]] M[[UNKNOWN]] D[[UNKNOWN]] _{\mu}[[POSTSUBSCRIPT]] D[[UNKNOWN]] _{\mu}[[POSTSUBSCRIPT]] N[[UNKNOWN]]
Warning:not_parsed:ATOM.PERIOD.ATOM>CLOSE MathParser failed to match rule 'Anything'
	at 0304154.tex; line 414 col 3 - line 415 col 4
	In "$\displaystyle-\frac{i\sqrt{2}}{2}(\lambda_{i}[\lambda^{i},N]+\bar{\lambda}^{i%
	}[\bar{\lambda}_{i},M])-{{1}\over{2}}[M,N]^{2}+{{1}\over{2}}\vec{D}.\vec{D})$"
	-[[ADDOP]] \frac{i\sqrt{2}}{2}[[UNKNOWN]] ([[OPEN]] λ[[UNKNOWN]] _{i}[[POSTSUBSCRIPT]] [[[OPEN]] λ[[UNKNOWN]] ^{i}[[POSTSUPERSCRIPT]] ,[[PUNCT]] N[[UNKNOWN]] ][[CLOSE]] +[[ADDOP]] \bar{\lambda}[[UNKNOWN]] ^{i}[[POSTSUPERSCRIPT]] [[[OPEN]] \bar{\lambda}[[UNKNOWN]] _{i}[[POSTSUBSCRIPT]] ,[[PUNCT]] M[[UNKNOWN]] ][[CLOSE]] )[[CLOSE]] -[[ADDOP]] {1}\over{2}[[UNKNOWN]] [[[OPEN]] M[[UNKNOWN]] ,[[PUNCT]] N[[UNKNOWN]] ][[CLOSE]] ^{2}[[POSTSUPERSCRIPT]] +[[ADDOP]] {1}\over{2}[[UNKNOWN]] \vec{D}[[UNKNOWN]] .[[PERIOD]] \vec{D}[[UNKNOWN]]
	        > )[[CLOSE]]
Warning:not_parsed:UNKNOWN.POSTSUPERSCRIPT.UNKNOWN>PUNCT MathParser failed to match rule 'Anything'
	at 0304154.tex; line 456 col 0 - line 458 col 3
	In "\begin{equation}\Phi=i\sqrt{2}\xi_{i}\xi^{i}N\quad,\quad\bar{\Phi}=\frac{i}{%
	\sqrt{2}\xi_{i}\xi^{i}}M\end{equation}"
	Φ[[UNKNOWN]] =[[RELOP]] i[[UNKNOWN]] \sqrt{2}[[UNKNOWN]] ξ[[UNKNOWN]] _{i}[[POSTSUBSCRIPT]] ξ[[UNKNOWN]] ^{i}[[POSTSUPERSCRIPT]] N[[UNKNOWN]]
	        > \begin{equation}\Phi=i\sqrt{2}\xi_{i}\xi^{i}N\quad,\quad\bar{\Phi}=\frac{i}{\sqrt{2}\xi_{i}\xi^{i}}M\end{equation}[[PUNCT]] ,[[PUNCT]] \bar{\Phi}[[UNKNOWN]] =[[RELOP]] \frac{i}{\sqrt{2}\xi_{i}\xi^{i}}[[UNKNOWN]] M[[UNKNOWN]]
Warning:not_parsed:POSTSUBSCRIPT.UNKNOWN.POSTSUPERSCRIPT>PUNCT MathParser failed to match rule 'Anything'
	at 0304154.tex; line 459 col 0 - line 461 col 3
	In "\begin{equation}\eta=\frac{1}{\xi_{k}\xi^{k}}\xi_{i}\lambda^{i}\quad,\quad%
	\mathcal{X}_{\mu\nu}=\frac{-2}{\xi_{k}\xi^{k}}\xi^{i}e_{\mu\nu}\lambda_{i}\end{equation}"
	η[[UNKNOWN]] =[[RELOP]] \frac{1}{\xi_{k}\xi^{k}}[[UNKNOWN]] ξ[[UNKNOWN]] _{i}[[POSTSUBSCRIPT]] λ[[UNKNOWN]] ^{i}[[POSTSUPERSCRIPT]]
	        > \begin{equation}\eta=\frac{1}{\xi_{k}\xi^{k}}\xi_{i}\lambda^{i}\quad,\quad\mathcal{X}_{\mu\nu}=\frac{-2}{\xi_{k}\xi^{k}}\xi^{i}e_{\mu\nu}\lambda_{i}\end{equation}[[PUNCT]] ,[[PUNCT]] X[[UNKNOWN]] _{\mu\nu}[[POSTSUBSCRIPT]] =[[RELOP]] \frac{-2}{\xi_{k}\xi^{k}}[[UNKNOWN]] ξ[[UNKNOWN]] ^{i}[[POSTSUPERSCRIPT]] e[[UNKNOWN]] _{\mu\nu}[[POSTSUBSCRIPT]] λ[[UNKNOWN]] _{i}[[POSTSUBSCRIPT]]
Warning:not_parsed:UNKNOWN.POSTSUPERSCRIPT.UNKNOWN>OPEN MathParser failed to match rule 'Anything'
	at 0304154.tex; line 509 col 1 - line 509 col 1
	In "$\displaystyle I_{top}=\bar{s}\Psi_{top}=Tr\int d^{4}x(\frac{1}{8}F_{\mu\nu}^{%
	+}F_{\mu\nu}^{+}+\eta D_{\mu}\psi_{\mu}-\frac{1}{4}\mathcal{X}_{\mu\nu}(D_{\mu%
	}\psi_{\nu}-D_{\nu}\psi_{\mu})^{+}-\bar{\Phi}D^{2}\Phi\@@ENDINLINEMATH"
	I[[UNKNOWN]] _{top}[[POSTSUBSCRIPT]] =[[RELOP]] \bar{s}[[UNKNOWN]] Ψ[[UNKNOWN]] _{top}[[POSTSUBSCRIPT]] =[[RELOP]] T[[UNKNOWN]] r[[UNKNOWN]] ∫[[INTOP]] d[[UNKNOWN]] ^{4}[[POSTSUPERSCRIPT]] x[[UNKNOWN]]
	        > ([[OPEN]] \frac{1}{8}[[UNKNOWN]] F[[UNKNOWN]] _{\mu\nu}[[POSTSUBSCRIPT]] ^{+}[[POSTSUPERSCRIPT]] F[[UNKNOWN]] _{\mu\nu}[[POSTSUBSCRIPT]] ^{+}[[POSTSUPERSCRIPT]] +[[ADDOP]] η[[UNKNOWN]] D[[UNKNOWN]] _{\mu}[[POSTSUBSCRIPT]] ψ[[UNKNOWN]] _{\mu}[[POSTSUBSCRIPT]] -[[ADDOP]] \frac{1}{4}[[UNKNOWN]] X[[UNKNOWN]] _{\mu\nu}[[POSTSUBSCRIPT]] ([[OPEN]] D[[UNKNOWN]] _{\mu}[[POSTSUBSCRIPT]] ψ[[UNKNOWN]] _{\nu}[[POSTSUBSCRIPT]] -[[ADDOP]] D[[UNKNOWN]] _{\nu}[[POSTSUBSCRIPT]] ψ[[UNKNOWN]] _{\mu}[[POSTSUBSCRIPT]] )[[CLOSE]] ^{+}[[POSTSUPERSCRIPT]] -[[ADDOP]] \bar{\Phi}[[UNKNOWN]] D[[UNKNOWN]] ^{2}[[POSTSUPERSCRIPT]] Φ[[UNKNOWN]]
Warning:not_parsed:UNKNOWN.POSTSUPERSCRIPT.UNKNOWN>OPEN MathParser failed to match rule 'Anything'
	at 0304154.tex; line 510 col 4 - line 512 col 2
	In "$\displaystyle Tr\int d^{4}x(\frac{1}{8}F_{\mu\nu}^{+}F_{\mu\nu}^{+}+\eta D_{%
	\mu}\psi_{\mu}-\frac{1}{4}\mathcal{X}_{\mu\nu}(D_{\mu}\psi_{\nu}-D_{\nu}\psi_{%
	\mu})^{+}-\bar{\Phi}D^{2}\Phi$"
	T[[UNKNOWN]] r[[UNKNOWN]] ∫[[INTOP]] d[[UNKNOWN]] ^{4}[[POSTSUPERSCRIPT]] x[[UNKNOWN]]
	        > ([[OPEN]] \frac{1}{8}[[UNKNOWN]] F[[UNKNOWN]] _{\mu\nu}[[POSTSUBSCRIPT]] ^{+}[[POSTSUPERSCRIPT]] F[[UNKNOWN]] _{\mu\nu}[[POSTSUBSCRIPT]] ^{+}[[POSTSUPERSCRIPT]] +[[ADDOP]] η[[UNKNOWN]] D[[UNKNOWN]] _{\mu}[[POSTSUBSCRIPT]] ψ[[UNKNOWN]] _{\mu}[[POSTSUBSCRIPT]] -[[ADDOP]] \frac{1}{4}[[UNKNOWN]] X[[UNKNOWN]] _{\mu\nu}[[POSTSUBSCRIPT]] ([[OPEN]] D[[UNKNOWN]] _{\mu}[[POSTSUBSCRIPT]] ψ[[UNKNOWN]] _{\nu}[[POSTSUBSCRIPT]] -[[ADDOP]] D[[UNKNOWN]] _{\nu}[[POSTSUBSCRIPT]] ψ[[UNKNOWN]] _{\mu}[[POSTSUBSCRIPT]] )[[CLOSE]] ^{+}[[POSTSUPERSCRIPT]] -[[ADDOP]] \bar{\Phi}[[UNKNOWN]] D[[UNKNOWN]] ^{2}[[POSTSUPERSCRIPT]] Φ[[UNKNOWN]]
Warning:not_parsed:POSTSUBSCRIPT.UNKNOWN.POSTSUBSCRIPT>CLOSE MathParser failed to match rule 'Anything'
	at 0304154.tex; line 512 col 3 - line 512 col 3
	In "$\displaystyle-\!{{1}\over{2}}\Phi\{\eta,\eta\}-\frac{1}{8}\Phi\{\mathcal{X}_{%
	\mu\nu},\mathcal{X}_{\mu\nu}\}+\bar{\Phi}\{\psi_{\mu},\psi_{\mu}\}-{{1}\over{2%
	}}[\Phi,\bar{\Phi}]^{2}-\frac{1}{8}B_{\mu\nu}B_{\mu\nu})\@@ENDINLINEMATH"
	-[[ADDOP]] {1}\over{2}[[UNKNOWN]] Φ[[UNKNOWN]] \{[[OPEN]] η[[UNKNOWN]] ,[[PUNCT]] η[[UNKNOWN]] \}[[CLOSE]] -[[ADDOP]] \frac{1}{8}[[UNKNOWN]] Φ[[UNKNOWN]] \{[[OPEN]] X[[UNKNOWN]] _{\mu\nu}[[POSTSUBSCRIPT]] ,[[PUNCT]] X[[UNKNOWN]] _{\mu\nu}[[POSTSUBSCRIPT]] \}[[CLOSE]] +[[ADDOP]] \bar{\Phi}[[UNKNOWN]] \{[[OPEN]] ψ[[UNKNOWN]] _{\mu}[[POSTSUBSCRIPT]] ,[[PUNCT]] ψ[[UNKNOWN]] _{\mu}[[POSTSUBSCRIPT]] \}[[CLOSE]] -[[ADDOP]] {1}\over{2}[[UNKNOWN]] [[[OPEN]] Φ[[UNKNOWN]] ,[[PUNCT]] \bar{\Phi}[[UNKNOWN]] ][[CLOSE]] ^{2}[[POSTSUPERSCRIPT]] -[[ADDOP]] \frac{1}{8}[[UNKNOWN]] B[[UNKNOWN]] _{\mu\nu}[[POSTSUBSCRIPT]] B[[UNKNOWN]] _{\mu\nu}[[POSTSUBSCRIPT]]
	        > )[[CLOSE]]
Warning:not_parsed:POSTSUBSCRIPT.UNKNOWN.POSTSUBSCRIPT>CLOSE MathParser failed to match rule 'Anything'
	at 0304154.tex; line 512 col 6 - line 514 col 4
	In "$\displaystyle\!{{1}\over{2}}\Phi\{\eta,\eta\}-\frac{1}{8}\Phi\{\mathcal{X}_{%
	\mu\nu},\mathcal{X}_{\mu\nu}\}+\bar{\Phi}\{\psi_{\mu},\psi_{\mu}\}-{{1}\over{2%
	}}[\Phi,\bar{\Phi}]^{2}-\frac{1}{8}B_{\mu\nu}B_{\mu\nu})$"
	{1}\over{2}[[UNKNOWN]] Φ[[UNKNOWN]] \{[[OPEN]] η[[UNKNOWN]] ,[[PUNCT]] η[[UNKNOWN]] \}[[CLOSE]] -[[ADDOP]] \frac{1}{8}[[UNKNOWN]] Φ[[UNKNOWN]] \{[[OPEN]] X[[UNKNOWN]] _{\mu\nu}[[POSTSUBSCRIPT]] ,[[PUNCT]] X[[UNKNOWN]] _{\mu\nu}[[POSTSUBSCRIPT]] \}[[CLOSE]] +[[ADDOP]] \bar{\Phi}[[UNKNOWN]] \{[[OPEN]] ψ[[UNKNOWN]] _{\mu}[[POSTSUBSCRIPT]] ,[[PUNCT]] ψ[[UNKNOWN]] _{\mu}[[POSTSUBSCRIPT]] \}[[CLOSE]] -[[ADDOP]] {1}\over{2}[[UNKNOWN]] [[[OPEN]] Φ[[UNKNOWN]] ,[[PUNCT]] \bar{\Phi}[[UNKNOWN]] ][[CLOSE]] ^{2}[[POSTSUPERSCRIPT]] -[[ADDOP]] \frac{1}{8}[[UNKNOWN]] B[[UNKNOWN]] _{\mu\nu}[[POSTSUBSCRIPT]] B[[UNKNOWN]] _{\mu\nu}[[POSTSUBSCRIPT]]
	        > )[[CLOSE]]
Warning:not_parsed:UNKNOWN.POSTSUPERSCRIPT.UNKNOWN>OPEN MathParser failed to match rule 'Anything'
	at 0304154.tex; line 572 col 0 - line 575 col 3
	In "\begin{equation}\Psi_{inst.}=\frac{1}{\xi_{k}\xi^{k}}Tr\int d^{4}x\{-\frac{%
	\alpha}{2}\xi^{i}\vec{\tau}_{i}^{j}\lambda_{j}.\vec{D}-\frac{1}{2}\xi^{i}e_{%
	\mu\nu}\lambda_{i}F_{\mu\nu}^{+}+\frac{i\sqrt{2}}{2}\xi^{i}e_{\mu}\bar{\lambda%
	}_{i}D_{\mu}M)\}.\end{equation}"
	Ψ[[UNKNOWN]] _{inst.}[[POSTSUBSCRIPT]] =[[RELOP]] \frac{1}{\xi_{k}\xi^{k}}[[UNKNOWN]] T[[UNKNOWN]] r[[UNKNOWN]] ∫[[INTOP]] d[[UNKNOWN]] ^{4}[[POSTSUPERSCRIPT]] x[[UNKNOWN]]
	        > \{[[OPEN]] -[[ADDOP]] \frac{\alpha}{2}[[UNKNOWN]] ξ[[UNKNOWN]] ^{i}[[POSTSUPERSCRIPT]] \vec{\tau}[[UNKNOWN]] _{i}[[POSTSUBSCRIPT]] ^{j}[[POSTSUPERSCRIPT]] λ[[UNKNOWN]] _{j}[[POSTSUBSCRIPT]] .[[PERIOD]] \vec{D}[[UNKNOWN]] -[[ADDOP]] \frac{1}{2}[[UNKNOWN]] ξ[[UNKNOWN]] ^{i}[[POSTSUPERSCRIPT]] e[[UNKNOWN]] _{\mu\nu}[[POSTSUBSCRIPT]] λ[[UNKNOWN]] _{i}[[POSTSUBSCRIPT]] F[[UNKNOWN]] _{\mu\nu}[[POSTSUBSCRIPT]] ^{+}[[POSTSUPERSCRIPT]] +[[ADDOP]] \frac{i\sqrt{2}}{2}[[UNKNOWN]] ξ[[UNKNOWN]] ^{i}[[POSTSUPERSCRIPT]] e[[UNKNOWN]] _{\mu}[[POSTSUBSCRIPT]] \bar{\lambda}[[UNKNOWN]] _{i}[[POSTSUBSCRIPT]] D[[UNKNOWN]] _{\mu}[[POSTSUBSCRIPT]] M[[UNKNOWN]] )[[CLOSE]] \}[[CLOSE]]
Warning:not_parsed:UNKNOWN.POSTSUPERSCRIPT.UNKNOWN>OPEN MathParser failed to match rule 'Anything'
	at 0304154.tex; line 580 col 4 - line 581 col 12
	In "$\displaystyle Tr\int d^{4}x(-\frac{\alpha}{8}B_{\mu\nu}B_{\mu\nu}+\frac{1}{4}%
	B_{\mu\nu}F_{\mu\nu}^{+}-\lambda^{i}e_{\mu}D_{\mu}\bar{\lambda}_{i}$"
	T[[UNKNOWN]] r[[UNKNOWN]] ∫[[INTOP]] d[[UNKNOWN]] ^{4}[[POSTSUPERSCRIPT]] x[[UNKNOWN]]
	        > ([[OPEN]] -[[ADDOP]] \frac{\alpha}{8}[[UNKNOWN]] B[[UNKNOWN]] _{\mu\nu}[[POSTSUBSCRIPT]] B[[UNKNOWN]] _{\mu\nu}[[POSTSUBSCRIPT]] +[[ADDOP]] \frac{1}{4}[[UNKNOWN]] B[[UNKNOWN]] _{\mu\nu}[[POSTSUBSCRIPT]] F[[UNKNOWN]] _{\mu\nu}[[POSTSUBSCRIPT]] ^{+}[[POSTSUPERSCRIPT]] -[[ADDOP]] λ[[UNKNOWN]] ^{i}[[POSTSUPERSCRIPT]] e[[UNKNOWN]] _{\mu}[[POSTSUBSCRIPT]] D[[UNKNOWN]] _{\mu}[[POSTSUBSCRIPT]] \bar{\lambda}[[UNKNOWN]] _{i}[[POSTSUBSCRIPT]]
Warning:not_parsed:POSTSUBSCRIPT.CLOSE.CLOSE>CLOSE MathParser failed to match rule 'Anything'
	at 0304154.tex; line 582 col 4 - line 585 col 1
	In "$\displaystyle+\frac{1}{\xi_{k}\xi^{k}}(-\frac{1}{2}\xi^{i}e_{\mu\nu}\lambda_{%
	i}[c,F_{\mu\nu}^{+}]+\frac{i\sqrt{2}}{2}M\{c,\xi^{i}e_{\mu}D_{\mu}\bar{\lambda%
	}_{i}\})\,\,)$"
	+[[ADDOP]] \frac{1}{\xi_{k}\xi^{k}}[[UNKNOWN]] ([[OPEN]] -[[ADDOP]] \frac{1}{2}[[UNKNOWN]] ξ[[UNKNOWN]] ^{i}[[POSTSUPERSCRIPT]] e[[UNKNOWN]] _{\mu\nu}[[POSTSUBSCRIPT]] λ[[UNKNOWN]] _{i}[[POSTSUBSCRIPT]] [[[OPEN]] c[[UNKNOWN]] ,[[PUNCT]] F[[UNKNOWN]] _{\mu\nu}[[POSTSUBSCRIPT]] ^{+}[[POSTSUPERSCRIPT]] ][[CLOSE]] +[[ADDOP]] \frac{i\sqrt{2}}{2}[[UNKNOWN]] M[[UNKNOWN]] \{[[OPEN]] c[[UNKNOWN]] ,[[PUNCT]] ξ[[UNKNOWN]] ^{i}[[POSTSUPERSCRIPT]] e[[UNKNOWN]] _{\mu}[[POSTSUBSCRIPT]] D[[UNKNOWN]] _{\mu}[[POSTSUBSCRIPT]] \bar{\lambda}[[UNKNOWN]] _{i}[[POSTSUBSCRIPT]] \}[[CLOSE]] )[[CLOSE]]
	        > )[[CLOSE]]
Warning:not_parsed:UNKNOWN.POSTSUPERSCRIPT.UNKNOWN>OPEN MathParser failed to match rule 'Anything'
	at 0304154.tex; line 598 col 4 - line 600 col 1
	In "$\displaystyle Tr\int d^{4}x(\frac{1}{8\alpha}F_{\mu\nu}^{+}F_{\mu\nu}^{+}-%
	\lambda^{i}e_{\mu}D_{\mu}\bar{\lambda}_{i}+M(D_{\mu}D_{\mu}N-\frac{i\sqrt{2}}{%
	2}\{\bar{\lambda}^{i},\bar{\lambda}_{i}\})$"
	T[[UNKNOWN]] r[[UNKNOWN]] ∫[[INTOP]] d[[UNKNOWN]] ^{4}[[POSTSUPERSCRIPT]] x[[UNKNOWN]]
	        > ([[OPEN]] \frac{1}{8\alpha}[[UNKNOWN]] F[[UNKNOWN]] _{\mu\nu}[[POSTSUBSCRIPT]] ^{+}[[POSTSUPERSCRIPT]] F[[UNKNOWN]] _{\mu\nu}[[POSTSUBSCRIPT]] ^{+}[[POSTSUPERSCRIPT]] -[[ADDOP]] λ[[UNKNOWN]] ^{i}[[POSTSUPERSCRIPT]] e[[UNKNOWN]] _{\mu}[[POSTSUBSCRIPT]] D[[UNKNOWN]] _{\mu}[[POSTSUBSCRIPT]] \bar{\lambda}[[UNKNOWN]] _{i}[[POSTSUBSCRIPT]] +[[ADDOP]] M[[UNKNOWN]] ([[OPEN]] D[[UNKNOWN]] _{\mu}[[POSTSUBSCRIPT]] D[[UNKNOWN]] _{\mu}[[POSTSUBSCRIPT]] N[[UNKNOWN]] -[[ADDOP]] \frac{i\sqrt{2}}{2}[[UNKNOWN]] \{[[OPEN]] \bar{\lambda}[[UNKNOWN]] ^{i}[[POSTSUPERSCRIPT]] ,[[PUNCT]] \bar{\lambda}[[UNKNOWN]] _{i}[[POSTSUBSCRIPT]] \}[[CLOSE]] )[[CLOSE]]
Warning:not_parsed:POSTSUBSCRIPT.CLOSE.CLOSE>CLOSE MathParser failed to match rule 'Anything'
	at 0304154.tex; line 600 col 4 - line 602 col 1
	In "$\displaystyle+\frac{1}{\xi_{k}\xi^{k}}(-\frac{1}{2}\xi^{i}e_{\mu\nu}\lambda_{%
	i}[c,F_{\mu\nu}^{+}]+\frac{i\sqrt{2}}{2}M\{c,\xi^{i}e_{\mu}D_{\mu}\bar{\lambda%
	}_{i}\})\,\,)$"
	+[[ADDOP]] \frac{1}{\xi_{k}\xi^{k}}[[UNKNOWN]] ([[OPEN]] -[[ADDOP]] \frac{1}{2}[[UNKNOWN]] ξ[[UNKNOWN]] ^{i}[[POSTSUPERSCRIPT]] e[[UNKNOWN]] _{\mu\nu}[[POSTSUBSCRIPT]] λ[[UNKNOWN]] _{i}[[POSTSUBSCRIPT]] [[[OPEN]] c[[UNKNOWN]] ,[[PUNCT]] F[[UNKNOWN]] _{\mu\nu}[[POSTSUBSCRIPT]] ^{+}[[POSTSUPERSCRIPT]] ][[CLOSE]] +[[ADDOP]] \frac{i\sqrt{2}}{2}[[UNKNOWN]] M[[UNKNOWN]] \{[[OPEN]] c[[UNKNOWN]] ,[[PUNCT]] ξ[[UNKNOWN]] ^{i}[[POSTSUPERSCRIPT]] e[[UNKNOWN]] _{\mu}[[POSTSUBSCRIPT]] D[[UNKNOWN]] _{\mu}[[POSTSUBSCRIPT]] \bar{\lambda}[[UNKNOWN]] _{i}[[POSTSUBSCRIPT]] \}[[CLOSE]] )[[CLOSE]]
	        > )[[CLOSE]]
Warning:not_parsed:UNKNOWN.POSTSUPERSCRIPT.UNKNOWN>OPEN MathParser failed to match rule 'Anything'
	at 0304154.tex; line 613 col 4 - line 615 col 1
	In "$\displaystyle Tr\int d^{4}x(\frac{1}{4}B_{\mu\nu}F_{\mu\nu}^{+}-\lambda^{i}e_%
	{\mu}D_{\mu}\bar{\lambda}_{i}+M(D_{\mu}D_{\mu}N-\frac{i\sqrt{2}}{2}\{\bar{%
	\lambda}^{i},\bar{\lambda}_{i}\})$"
	T[[UNKNOWN]] r[[UNKNOWN]] ∫[[INTOP]] d[[UNKNOWN]] ^{4}[[POSTSUPERSCRIPT]] x[[UNKNOWN]]
	        > ([[OPEN]] \frac{1}{4}[[UNKNOWN]] B[[UNKNOWN]] _{\mu\nu}[[POSTSUBSCRIPT]] F[[UNKNOWN]] _{\mu\nu}[[POSTSUBSCRIPT]] ^{+}[[POSTSUPERSCRIPT]] -[[ADDOP]] λ[[UNKNOWN]] ^{i}[[POSTSUPERSCRIPT]] e[[UNKNOWN]] _{\mu}[[POSTSUBSCRIPT]] D[[UNKNOWN]] _{\mu}[[POSTSUBSCRIPT]] \bar{\lambda}[[UNKNOWN]] _{i}[[POSTSUBSCRIPT]] +[[ADDOP]] M[[UNKNOWN]] ([[OPEN]] D[[UNKNOWN]] _{\mu}[[POSTSUBSCRIPT]] D[[UNKNOWN]] _{\mu}[[POSTSUBSCRIPT]] N[[UNKNOWN]] -[[ADDOP]] \frac{i\sqrt{2}}{2}[[UNKNOWN]] \{[[OPEN]] \bar{\lambda}[[UNKNOWN]] ^{i}[[POSTSUPERSCRIPT]] ,[[PUNCT]] \bar{\lambda}[[UNKNOWN]] _{i}[[POSTSUBSCRIPT]] \}[[CLOSE]] )[[CLOSE]]
Warning:not_parsed:POSTSUBSCRIPT.CLOSE.CLOSE>CLOSE MathParser failed to match rule 'Anything'
	at 0304154.tex; line 615 col 4 - line 618 col 1
	In "$\displaystyle+\frac{1}{\xi_{k}\xi^{k}}(-\frac{1}{2}\xi^{i}e_{\mu\nu}\lambda_{%
	i}[c,F_{\mu\nu}^{+}]+\frac{i\sqrt{2}}{2}M\{c,\xi^{i}e_{\mu}D_{\mu}\bar{\lambda%
	}_{i}\})\,\,)$"
	+[[ADDOP]] \frac{1}{\xi_{k}\xi^{k}}[[UNKNOWN]] ([[OPEN]] -[[ADDOP]] \frac{1}{2}[[UNKNOWN]] ξ[[UNKNOWN]] ^{i}[[POSTSUPERSCRIPT]] e[[UNKNOWN]] _{\mu\nu}[[POSTSUBSCRIPT]] λ[[UNKNOWN]] _{i}[[POSTSUBSCRIPT]] [[[OPEN]] c[[UNKNOWN]] ,[[PUNCT]] F[[UNKNOWN]] _{\mu\nu}[[POSTSUBSCRIPT]] ^{+}[[POSTSUPERSCRIPT]] ][[CLOSE]] +[[ADDOP]] \frac{i\sqrt{2}}{2}[[UNKNOWN]] M[[UNKNOWN]] \{[[OPEN]] c[[UNKNOWN]] ,[[PUNCT]] ξ[[UNKNOWN]] ^{i}[[POSTSUPERSCRIPT]] e[[UNKNOWN]] _{\mu}[[POSTSUBSCRIPT]] D[[UNKNOWN]] _{\mu}[[POSTSUBSCRIPT]] \bar{\lambda}[[UNKNOWN]] _{i}[[POSTSUBSCRIPT]] \}[[CLOSE]] )[[CLOSE]]
	        > )[[CLOSE]]
 14.64 sec)
Math parsing succeeded:
   ltx:XMath: 379/412
   ltx:XMArg: 1873/1875
Symbols assumed as simple identifiers (with # of occurences):
   'A{italic}' (25), 'B{caligraphic}' (4), 'B{italic}' (37), 'D{italic}' (142), 'E{caligraphic}' (22), 'F{caligraphic}' (8), 'F{italic}' (108), 'G{italic}' (9), 'I{italic}' (18), 'Lambda' (2), 'M{italic}' (62), 'N{caligraphic}' (4), 'N{italic}' (54), 'Phi' (33), 'Psi' (39), 'P{italic}' (4), 'Q{italic}' (3), 'R{blackboard}' (1), 'S{italic}' (17), 'T{italic}' (48), 'Upsilon' (4), 'U{italic}' (15), 'V{italic}' (1), 'X{caligraphic}' (24), 'alpha' (15), 'beta' (2), 'b{italic}' (3), 'c{italic}' (108), 'delta' (4), 'd{italic}' (57), 'epsilon' (19), 'eta' (49), 'e{italic}' (62), 'g{italic}' (3), 'h{italic}' (5), 'i{italic}' (149), 'j{italic}' (13), 'k{italic}' (8), 'lambda' (168), 'l{italic}' (2), 'mu' (145), 'm{italic}' (4), 'nu' (142), 'n{italic}' (21), 'o{italic}' (9), 'phi' (129), 'pi' (5), 'psi' (33), 'p{italic}' (11), 'rho' (17), 'r{italic}' (50), 'sigma' (20), 's{italic}' (48), 't{italic}' (21), 'varphi' (14), 'v{italic}' (4), 'xi' (224), 'x{italic}' (57)
Set MATHPARSER_SPECULATE to speculate on possible notations.
(Finalizing... 0.86 sec)
Conversion complete 35 warnings (See /home/user/latex-in-arxiv/0304154.latexml.log) (reqd. 31.37s)
