latexmlpost (LaTeXML version 0.8.6) paginating /home/user/latex-in-arxiv/2003/0304138.xml
Error:malformed:document Document fails RelaxNG validation (LaTeXML)
	Validation reports: /home/user/latex-in-arxiv/2003/0304138.xml:0: Relax-NG validity error : Element document has extra content: resource
	(Jing may provide a more precise report; https://relaxng.org/jclark/jing.html)
	In Post::Document[] /home/user/latex-in-arxiv/2003/0304138.xml
(post-processing...
(Scan  processing...
Scan: DBStatus: 2831/0 objects
 0.84 sec)
(MakeBibliography  processing... 0.00 sec)
(CrossRef  processing...
Warning:expected:ids Missing File location for ID: S5.E56,S5.E82,S5.E58,bib.bib18,S5.E59,S5.E69,S2.E18,S2.E32,S3.E42,S2.E19,S5.E55,S4.E48,S2.SS2,S5.E60,bib.bib14,bib.bib9,bib.bib6,S5.F1,bib.bib24,bib.bib20,S5.E54,bib.bib23,bib.bib10,S3.E35,bib.bib13,bib.bib7,bib.bib22,S2.E22,S2.E11,bib.bib11,bib.bib12,bib.bib8,bib.bib21,S3.E39,A1,bib.bib3,S3,bib.bib19,S2.E24,bib.bib4,S2.E33,S3.E46,S5.E57,S2.E21,S3.E45,S4.E47,A2.Ex25,A1.E94,S5.E52,bib.bib15,S3.E44,bib.bib5,S2.E23,S5.E80,S2.E34,bib.bib1,bib.bib2,S2.E25,S3.E37,A2,S5,bib.bib17,bib.bib16,S2.E2
	In Post::CrossRef[@0x564e4224dab0] ->process
Warning:expected:ids Missing Target for Label: LABEL:eq:_most_generalized_currents,LABEL:eq:_transformations:_mm,LABEL:eq:_generalized_anomaly,LABEL:eq:_mm_partition_function,LABEL:eq:_anomaly:_simplified,LABEL:eq:_delta_Phi:so
	In Post::CrossRef[@0x564e4224dab0] ->process
 0.55 sec)
(MathML::Presentation  657 to process...
converted 657 Maths
 4.60 sec)
(XSLT[using LaTeXML-html5.xsl]  processing... 0.77 sec)
(Writer  processing... 0.01 sec) 6.81 sec)
Postprocessing complete 2 warnings; 1 error (See /home/user/latex-in-arxiv/0304138.latexmlpost.log) (reqd. 7.17s)
