latexml (LaTeXML version 0.8.6) processing 2003/0304143.tex
(Digesting TeX 0304143...
(Loading /usr/share/perl5/LaTeXML/Package/TeX.pool.ltxml...
(Loading /usr/share/perl5/LaTeXML/Package/eTeX.pool.ltxml... 0.00 sec)
(Loading /usr/share/perl5/LaTeXML/Package/pdfTeX.pool.ltxml... 0.01 sec) 0.13 sec)
(Processing content /home/user/latex-in-arxiv/2003/0304143.tex...
(Loading /usr/share/perl5/LaTeXML/Package/LaTeX.pool.ltxml...
(Loading /usr/share/perl5/LaTeXML/Package/textcomp.sty.ltxml...
(Processing definitions /usr/share/texlive/texmf-dist/tex/latex-dev/base/ts1enc.dfu... 0.03 sec) 0.96 sec) 1.14 sec)
(Loading /usr/share/perl5/LaTeXML/Package/book.cls.ltxml... 0.01 sec)
(Loading /usr/share/perl5/LaTeXML/Package/epsfig.sty.ltxml...
(Loading /usr/share/perl5/LaTeXML/Package/graphicx.sty.ltxml...
(Loading /usr/share/perl5/LaTeXML/Package/graphics.sty.ltxml... 0.01 sec) 0.01 sec) 0.03 sec)
(Loading /usr/share/perl5/LaTeXML/Package/fancyhdr.sty.ltxml... 0.00 sec)
(Loading /usr/share/perl5/LaTeXML/Package/amsfonts.sty.ltxml... 0.00 sec)
(Loading /usr/share/perl5/LaTeXML/Package/amssymb.sty.ltxml... 0.02 sec)
(Loading /usr/share/perl5/LaTeXML/Package/amsbsy.sty.ltxml...
(Loading /usr/share/perl5/LaTeXML/Package/amsgen.sty.ltxml... 0.00 sec) 0.01 sec)
(Loading /usr/share/perl5/LaTeXML/Package/latexsym.sty.ltxml... 0.00 sec) 16.59 sec) 16.82 sec)
(Building...
(Loading compiled schema /usr/share/perl5/LaTeXML/resources/RelaxNG/LaTeXML.model... 0.01 sec)
Info:malformed:id Duplicated attribute xml:id
	at 0304143.tex; line 1308 col 0 - line 1308 col 8
	Using id='Ch2.E8a' on <ltx:XMRow _box="Alignment[]" _font="Font[math,medium,italic,10,bla..."/>
	id='Ch2.E8' already set on <ltx:equation _box="LaTeXML::Core::Alignment=HASH(..." _font="Font[sansserif,medium,upright,..." xml:id="Ch2.E8" _ID_counter_m_="1">...
Info:malformed:id Duplicated attribute xml:id
	at 0304143.tex; line 3490 col 4 - line 3490 col 4
	Using id='Ch4.E3a' on <ltx:XMRow _box="Alignment[]" _font="Font[math,medium,italic,12,bla..."/>
	id='Ch4.E3' already set on <ltx:equation _box="LaTeXML::Core::Alignment=HASH(..." _font="Font[serif,bold,upright,12,bla..." xml:id="Ch4.E3" _ID_counter_m_="1">...
Info:malformed:id Duplicated attribute xml:id
	at 0304143.tex; line 3553 col 0 - line 3553 col 6
	Using id='Ch4.E9a' on <ltx:XMRow _box="Alignment[]" _font="Font[math,medium,italic,12,bla..."/>
	id='Ch4.E9' already set on <ltx:equation _box="LaTeXML::Core::Alignment=HASH(..." _font="Font[serif,bold,upright,12,bla..." xml:id="Ch4.E9" _ID_counter_m_="1">...
Info:malformed:id Duplicated attribute xml:id
	at 0304143.tex; line 3553 col 0 - line 3553 col 6
	Using id='Ch4.E12a' on <ltx:XMRow _box="Alignment[]" _font="Font[math,medium,italic,12,bla..."/>
	id='Ch4.E12' already set on <ltx:equation _box="LaTeXML::Core::Alignment=HASH(..." _font="Font[serif,bold,upright,12,bla..." xml:id="Ch4.E12" _ID_counter_m_="1">...
 16.77 sec)
(Rewriting... 0.43 sec)
(Math Parsing 1076 formulae ......
Warning:not_parsed:PUNCT.UNKNOWN.POSTSUBSCRIPT>CLOSE MathParser failed to match rule 'Anything'
	at 0304143.tex; line 759 col 2 - line 759 col 2
	In "$\displaystyle\{Q_{\alpha},Q_{\beta}\}=(\Gamma^{m}C^{-1})_{\alpha\beta}P_{m}+(%
	\Gamma^{mn}C^{-1})_{\alpha\beta}Z_{mn}+(\Gamma^{mnpqr}C^{-1})_{\alpha\beta}Z_{%
	mnpqr}+(\Gamma_{11}C^{-1})_{\alpha\beta}Z+(\Gamma^{m}\Gamma_{11}C^{-1})_{%
	\alpha\beta}Z_{m}+(\Gamma^{mnpq}\Gamma_{11}C^{-1})_{\alpha\beta}Z_{mnpq}\@@ENDINLINEMATH"
	{[[UNKNOWN]] Q[[UNKNOWN]] _{\alpha}[[POSTSUBSCRIPT]] ,[[PUNCT]] Q[[UNKNOWN]] _{\beta}[[POSTSUBSCRIPT]]
	        > \}[[CLOSE]] =[[RELOP]] ([[OPEN]] Γ[[UNKNOWN]] ^{m}[[POSTSUPERSCRIPT]] C[[UNKNOWN]] ^{-1}[[POSTSUPERSCRIPT]] )[[CLOSE]] _{\alpha\beta}[[POSTSUBSCRIPT]] P[[UNKNOWN]] _{m}[[POSTSUBSCRIPT]] +[[ADDOP]] ([[OPEN]] Γ[[UNKNOWN]] ^{mn}[[POSTSUPERSCRIPT]] C[[UNKNOWN]] ^{-1}[[POSTSUPERSCRIPT]] )[[CLOSE]] _{\alpha\beta}[[POSTSUBSCRIPT]] Z[[UNKNOWN]] _{mn}[[POSTSUBSCRIPT]] +[[ADDOP]] ([[OPEN]] Γ[[UNKNOWN]] ^{mnpqr}[[POSTSUPERSCRIPT]] C[[UNKNOWN]] ^{-1}[[POSTSUPERSCRIPT]] )[[CLOSE]] _{\alpha\beta}[[POSTSUBSCRIPT]] Z[[UNKNOWN]] _{mnpqr}[[POSTSUBSCRIPT]] +[[ADDOP]] ([[OPEN]] Γ[[UNKNOWN]] _{11}[[POSTSUBSCRIPT]] C[[UNKNOWN]] ^{-1}[[POSTSUPERSCRIPT]] )[[CLOSE]] _{\alpha\beta}[[POSTSUBSCRIPT]] Z[[UNKNOWN]] +[[ADDOP]] ([[OPEN]] Γ[[UNKNOWN]] ^{m}[[POSTSUPERSCRIPT]] Γ[[UNKNOWN]] _{11}[[POSTSUBSCRIPT]] C[[UNKNOWN]] ^{-1}[[POSTSUPERSCRIPT]] )[[CLOSE]] _{\alpha\beta}[[POSTSUBSCRIPT]] Z[[UNKNOWN]] ...
Warning:not_parsed:PUNCT.UNKNOWN.POSTSUBSCRIPT>CLOSE MathParser failed to match rule 'Anything'
	at 0304143.tex; line 759 col 2 - line 759 col 27
	In "$\displaystyle\{Q_{\alpha},Q_{\beta}\}$"
	{[[UNKNOWN]] Q[[UNKNOWN]] _{\alpha}[[POSTSUBSCRIPT]] ,[[PUNCT]] Q[[UNKNOWN]] _{\beta}[[POSTSUBSCRIPT]]
	        > \}[[CLOSE]]
Warning:not_parsed:RELOP.UNKNOWN.POSTSUBSCRIPT>RELOP MathParser failed to match rule 'Anything'
	at 0304143.tex; line 963 col 2 - line 963 col 41
	In "$$d\phi=F_{1}=*F_{p}=*dA_{p-1}$$"
	d[[UNKNOWN]] ϕ[[UNKNOWN]] =[[RELOP]] F[[UNKNOWN]] _{1}[[POSTSUBSCRIPT]]
	        > =[[RELOP]] *[[MULOP]] F[[UNKNOWN]] _{p}[[POSTSUBSCRIPT]] =[[RELOP]] *[[MULOP]] d[[UNKNOWN]] A[[UNKNOWN]] _{p-1}[[POSTSUBSCRIPT]]
Warning:not_parsed:UNKNOWN.POSTSUBSCRIPT.POSTSUPERSCRIPT>OPEN MathParser failed to match rule 'Anything'
	at 0304143.tex; line 1286 col 10 - line 1288 col 1
	In "$\displaystyle H_{1}^{1/3}H_{2}^{1/3}[-H_{1}^{-1}H_{2}^{-1}dX_{0}^{2}$"
	H[[UNKNOWN]] _{1}[[POSTSUBSCRIPT]] ^{1/3}[[POSTSUPERSCRIPT]] H[[UNKNOWN]] _{2}[[POSTSUBSCRIPT]] ^{1/3}[[POSTSUPERSCRIPT]]
	        > [[[OPEN]] -[[ADDOP]] H[[UNKNOWN]] _{1}[[POSTSUBSCRIPT]] ^{-1}[[POSTSUPERSCRIPT]] H[[UNKNOWN]] _{2}[[POSTSUBSCRIPT]] ^{-1}[[POSTSUPERSCRIPT]] d[[UNKNOWN]] X[[UNKNOWN]] _{0}[[POSTSUBSCRIPT]] ^{2}[[POSTSUPERSCRIPT]]
Warning:not_parsed:POSTSUBSCRIPT.POSTSUPERSCRIPT.CLOSE>CLOSE MathParser failed to match rule 'Anything'
	at 0304143.tex; line 1291 col 5 - line 1292 col 4
	In "$\displaystyle(dX_{5}^{2}+dX_{6}^{2}+dX_{7}^{2}+dX_{8}^{2}+dX_{9}^{2}+dX_{10}^%
	{2})]$"
	([[OPEN]] d[[UNKNOWN]] X[[UNKNOWN]] _{5}[[POSTSUBSCRIPT]] ^{2}[[POSTSUPERSCRIPT]] +[[ADDOP]] d[[UNKNOWN]] X[[UNKNOWN]] _{6}[[POSTSUBSCRIPT]] ^{2}[[POSTSUPERSCRIPT]] +[[ADDOP]] d[[UNKNOWN]] X[[UNKNOWN]] _{7}[[POSTSUBSCRIPT]] ^{2}[[POSTSUPERSCRIPT]] +[[ADDOP]] d[[UNKNOWN]] X[[UNKNOWN]] _{8}[[POSTSUBSCRIPT]] ^{2}[[POSTSUPERSCRIPT]] +[[ADDOP]] d[[UNKNOWN]] X[[UNKNOWN]] _{9}[[POSTSUBSCRIPT]] ^{2}[[POSTSUPERSCRIPT]] +[[ADDOP]] d[[UNKNOWN]] X[[UNKNOWN]] _{10}[[POSTSUBSCRIPT]] ^{2}[[POSTSUPERSCRIPT]] )[[CLOSE]]
	        > ][[CLOSE]]
Warning:not_parsed:UNKNOWN.POSTSUBSCRIPT.POSTSUPERSCRIPT>OPEN MathParser failed to match rule 'Anything'
	at 0304143.tex; line 1323 col 10 - line 1325 col 1
	In "$\displaystyle H_{1}^{1/3}H_{2}^{1/3}H_{3}^{1/3}[-H_{1}^{-1}H_{2}^{-1}H_{3}^{-%
	1}dX_{0}^{2}+H_{1}^{-1}(dX_{1}^{2}+dX_{2}^{2})$"
	H[[UNKNOWN]] _{1}[[POSTSUBSCRIPT]] ^{1/3}[[POSTSUPERSCRIPT]] H[[UNKNOWN]] _{2}[[POSTSUBSCRIPT]] ^{1/3}[[POSTSUPERSCRIPT]] H[[UNKNOWN]] _{3}[[POSTSUBSCRIPT]] ^{1/3}[[POSTSUPERSCRIPT]]
	        > [[[OPEN]] -[[ADDOP]] H[[UNKNOWN]] _{1}[[POSTSUBSCRIPT]] ^{-1}[[POSTSUPERSCRIPT]] H[[UNKNOWN]] _{2}[[POSTSUBSCRIPT]] ^{-1}[[POSTSUPERSCRIPT]] H[[UNKNOWN]] _{3}[[POSTSUBSCRIPT]] ^{-1}[[POSTSUPERSCRIPT]] d[[UNKNOWN]] X[[UNKNOWN]] _{0}[[POSTSUBSCRIPT]] ^{2}[[POSTSUPERSCRIPT]] +[[ADDOP]] H[[UNKNOWN]] _{1}[[POSTSUBSCRIPT]] ^{-1}[[POSTSUPERSCRIPT]] ([[OPEN]] d[[UNKNOWN]] X[[UNKNOWN]] _{1}[[POSTSUBSCRIPT]] ^{2}[[POSTSUPERSCRIPT]] +[[ADDOP]] d[[UNKNOWN]] X[[UNKNOWN]] _{2}[[POSTSUBSCRIPT]] ^{2}[[POSTSUPERSCRIPT]] )[[CLOSE]]
Warning:not_parsed:UNKNOWN.POSTSUBSCRIPT.POSTSUPERSCRIPT>CLOSE MathParser failed to match rule 'Anything'
	at 0304143.tex; line 1327 col 5 - line 1328 col 4
	In "$\displaystyle dX_{7}^{2}+dX_{8}^{2}+dX_{9}^{2}+dX_{10}^{2}]$"
	d[[UNKNOWN]] X[[UNKNOWN]] _{7}[[POSTSUBSCRIPT]] ^{2}[[POSTSUPERSCRIPT]] +[[ADDOP]] d[[UNKNOWN]] X[[UNKNOWN]] _{8}[[POSTSUBSCRIPT]] ^{2}[[POSTSUPERSCRIPT]] +[[ADDOP]] d[[UNKNOWN]] X[[UNKNOWN]] _{9}[[POSTSUBSCRIPT]] ^{2}[[POSTSUPERSCRIPT]] +[[ADDOP]] d[[UNKNOWN]] X[[UNKNOWN]] _{10}[[POSTSUBSCRIPT]] ^{2}[[POSTSUPERSCRIPT]]
	        > ][[CLOSE]]
Warning:not_parsed:UNKNOWN.POSTSUBSCRIPT.POSTSUPERSCRIPT>OPEN MathParser failed to match rule 'Anything'
	at 0304143.tex; line 1355 col 10 - line 1358 col 1
	In "$\displaystyle H_{1}^{2/3}H_{2}^{2/3}[H_{1}^{-1}H_{2}^{-1}(-dX_{0}^{2}+dX_{1}^%
	{2}+dX_{2}^{2}+dX_{3}^{2})$"
	H[[UNKNOWN]] _{1}[[POSTSUBSCRIPT]] ^{2/3}[[POSTSUPERSCRIPT]] H[[UNKNOWN]] _{2}[[POSTSUBSCRIPT]] ^{2/3}[[POSTSUPERSCRIPT]]
	        > [[[OPEN]] H[[UNKNOWN]] _{1}[[POSTSUBSCRIPT]] ^{-1}[[POSTSUPERSCRIPT]] H[[UNKNOWN]] _{2}[[POSTSUBSCRIPT]] ^{-1}[[POSTSUPERSCRIPT]] ([[OPEN]] -[[ADDOP]] d[[UNKNOWN]] X[[UNKNOWN]] _{0}[[POSTSUBSCRIPT]] ^{2}[[POSTSUPERSCRIPT]] +[[ADDOP]] d[[UNKNOWN]] X[[UNKNOWN]] _{1}[[POSTSUBSCRIPT]] ^{2}[[POSTSUPERSCRIPT]] +[[ADDOP]] d[[UNKNOWN]] X[[UNKNOWN]] _{2}[[POSTSUBSCRIPT]] ^{2}[[POSTSUPERSCRIPT]] +[[ADDOP]] d[[UNKNOWN]] X[[UNKNOWN]] _{3}[[POSTSUBSCRIPT]] ^{2}[[POSTSUPERSCRIPT]] )[[CLOSE]]
Warning:not_parsed:POSTSUBSCRIPT.POSTSUPERSCRIPT.CLOSE>CLOSE MathParser failed to match rule 'Anything'
	at 0304143.tex; line 1360 col 5 - line 1361 col 4
	In "$\displaystyle(dX_{8}^{2}+dX_{9}^{2}+dX_{10}^{2})]$"
	([[OPEN]] d[[UNKNOWN]] X[[UNKNOWN]] _{8}[[POSTSUBSCRIPT]] ^{2}[[POSTSUPERSCRIPT]] +[[ADDOP]] d[[UNKNOWN]] X[[UNKNOWN]] _{9}[[POSTSUBSCRIPT]] ^{2}[[POSTSUPERSCRIPT]] +[[ADDOP]] d[[UNKNOWN]] X[[UNKNOWN]] _{10}[[POSTSUBSCRIPT]] ^{2}[[POSTSUPERSCRIPT]] )[[CLOSE]]
	        > ][[CLOSE]]
Warning:not_parsed:UNKNOWN.POSTSUBSCRIPT.POSTSUPERSCRIPT>OPEN MathParser failed to match rule 'Anything'
	at 0304143.tex; line 1390 col 10 - line 1392 col 1
	In "$\displaystyle H_{1}^{2/3}H_{2}^{2/3}H_{3}^{2/3}[H_{1}^{-1}H_{2}^{-1}H_{3}^{-1%
	}(-dX_{0}^{2}+dX_{1}^{2})$"
	H[[UNKNOWN]] _{1}[[POSTSUBSCRIPT]] ^{2/3}[[POSTSUPERSCRIPT]] H[[UNKNOWN]] _{2}[[POSTSUBSCRIPT]] ^{2/3}[[POSTSUPERSCRIPT]] H[[UNKNOWN]] _{3}[[POSTSUBSCRIPT]] ^{2/3}[[POSTSUPERSCRIPT]]
	        > [[[OPEN]] H[[UNKNOWN]] _{1}[[POSTSUBSCRIPT]] ^{-1}[[POSTSUPERSCRIPT]] H[[UNKNOWN]] _{2}[[POSTSUBSCRIPT]] ^{-1}[[POSTSUPERSCRIPT]] H[[UNKNOWN]] _{3}[[POSTSUBSCRIPT]] ^{-1}[[POSTSUPERSCRIPT]] ([[OPEN]] -[[ADDOP]] d[[UNKNOWN]] X[[UNKNOWN]] _{0}[[POSTSUBSCRIPT]] ^{2}[[POSTSUPERSCRIPT]] +[[ADDOP]] d[[UNKNOWN]] X[[UNKNOWN]] _{1}[[POSTSUBSCRIPT]] ^{2}[[POSTSUPERSCRIPT]] )[[CLOSE]]
Warning:not_parsed:POSTSUBSCRIPT.POSTSUPERSCRIPT.CLOSE>CLOSE MathParser failed to match rule 'Anything'
	at 0304143.tex; line 1394 col 5 - line 1397 col 4
	In "$\displaystyle H_{2}^{-1}H_{3}^{-1}(dX_{6}^{2}+dX_{7}^{2})+(dX_{8}^{2}+dX_{9}^%
	{2}+dX_{10}^{2})]$"
	H[[UNKNOWN]] _{2}[[POSTSUBSCRIPT]] ^{-1}[[POSTSUPERSCRIPT]] H[[UNKNOWN]] _{3}[[POSTSUBSCRIPT]] ^{-1}[[POSTSUPERSCRIPT]] ([[OPEN]] d[[UNKNOWN]] X[[UNKNOWN]] _{6}[[POSTSUBSCRIPT]] ^{2}[[POSTSUPERSCRIPT]] +[[ADDOP]] d[[UNKNOWN]] X[[UNKNOWN]] _{7}[[POSTSUBSCRIPT]] ^{2}[[POSTSUPERSCRIPT]] )[[CLOSE]] +[[ADDOP]] ([[OPEN]] d[[UNKNOWN]] X[[UNKNOWN]] _{8}[[POSTSUBSCRIPT]] ^{2}[[POSTSUPERSCRIPT]] +[[ADDOP]] d[[UNKNOWN]] X[[UNKNOWN]] _{9}[[POSTSUBSCRIPT]] ^{2}[[POSTSUPERSCRIPT]] +[[ADDOP]] d[[UNKNOWN]] X[[UNKNOWN]] _{10}[[POSTSUBSCRIPT]] ^{2}[[POSTSUPERSCRIPT]] )[[CLOSE]]
	        > ][[CLOSE]]
Warning:not_parsed:UNKNOWN.POSTSUBSCRIPT.PERIOD>PERIOD MathParser failed to match rule 'Subscript'
	at 0304143.tex; line 1929 col 0 - line 1929 col 44
	In "\begin{equation}S=\int{\sqrt{-G}}\{R-\frac{1}{12}F^{2}-\frac{1}{432}\epsilon^{%
	I_{1}....I_{11}}F_{I_{1}...I_{4}}F_{I_{5}....I_{8}}A_{I_{9}..I_{11}}\}\end{equation}"
	I[[UNKNOWN]] _{9}[[POSTSUBSCRIPT]] .[[PERIOD]]
	        > .[[PERIOD]] I[[UNKNOWN]] _{11}[[POSTSUBSCRIPT]]
Warning:not_parsed:UNKNOWN.POSTSUBSCRIPT.POSTSUPERSCRIPT>OPEN MathParser failed to match rule 'Anything'
	at 0304143.tex; line 2647 col 0 - line 2647 col 8
	In "$\displaystyle H_{1}^{2/3}H_{2}^{2/3}H_{3}^{2/3}[H_{1}^{-1}H_{2}^{-1}H_{3}^{-1%
	}(-dX_{0}^{2}+dX_{1}^{2})+H_{1}^{-1}H_{2}^{-1}dud\bar{u}$"
	H[[UNKNOWN]] _{1}[[POSTSUBSCRIPT]] ^{2/3}[[POSTSUPERSCRIPT]] H[[UNKNOWN]] _{2}[[POSTSUBSCRIPT]] ^{2/3}[[POSTSUPERSCRIPT]] H[[UNKNOWN]] _{3}[[POSTSUBSCRIPT]] ^{2/3}[[POSTSUPERSCRIPT]]
	        > [[[OPEN]] H[[UNKNOWN]] _{1}[[POSTSUBSCRIPT]] ^{-1}[[POSTSUPERSCRIPT]] H[[UNKNOWN]] _{2}[[POSTSUBSCRIPT]] ^{-1}[[POSTSUPERSCRIPT]] H[[UNKNOWN]] _{3}[[POSTSUBSCRIPT]] ^{-1}[[POSTSUPERSCRIPT]] ([[OPEN]] -[[ADDOP]] d[[UNKNOWN]] X[[UNKNOWN]] _{0}[[POSTSUBSCRIPT]] ^{2}[[POSTSUPERSCRIPT]] +[[ADDOP]] d[[UNKNOWN]] X[[UNKNOWN]] _{1}[[POSTSUBSCRIPT]] ^{2}[[POSTSUPERSCRIPT]] )[[CLOSE]] +[[ADDOP]] H[[UNKNOWN]] _{1}[[POSTSUBSCRIPT]] ^{-1}[[POSTSUPERSCRIPT]] H[[UNKNOWN]] _{2}[[POSTSUBSCRIPT]] ^{-1}[[POSTSUPERSCRIPT]] d[[UNKNOWN]] u[[UNKNOWN]] d[[UNKNOWN]] \bar{u}[[UNKNOWN]]
Warning:not_parsed:POSTSUBSCRIPT.POSTSUPERSCRIPT.CLOSE>CLOSE MathParser failed to match rule 'Anything'
	at 0304143.tex; line 2647 col 0 - line 2647 col 8
	In "$\displaystyle H_{1}^{-1}H_{3}^{-1}dvd\bar{v}+H_{2}^{-1}H_{3}^{-1}dwd\bar{w}+(%
	dX_{8}^{2}+dX_{9}^{2}+dX_{10}^{2})]$"
	H[[UNKNOWN]] _{1}[[POSTSUBSCRIPT]] ^{-1}[[POSTSUPERSCRIPT]] H[[UNKNOWN]] _{3}[[POSTSUBSCRIPT]] ^{-1}[[POSTSUPERSCRIPT]] d[[UNKNOWN]] v[[UNKNOWN]] d[[UNKNOWN]] \bar{v}[[UNKNOWN]] +[[ADDOP]] H[[UNKNOWN]] _{2}[[POSTSUBSCRIPT]] ^{-1}[[POSTSUPERSCRIPT]] H[[UNKNOWN]] _{3}[[POSTSUBSCRIPT]] ^{-1}[[POSTSUPERSCRIPT]] d[[UNKNOWN]] w[[UNKNOWN]] d[[UNKNOWN]] \bar{w}[[UNKNOWN]] +[[ADDOP]] ([[OPEN]] d[[UNKNOWN]] X[[UNKNOWN]] _{8}[[POSTSUBSCRIPT]] ^{2}[[POSTSUPERSCRIPT]] +[[ADDOP]] d[[UNKNOWN]] X[[UNKNOWN]] _{9}[[POSTSUBSCRIPT]] ^{2}[[POSTSUPERSCRIPT]] +[[ADDOP]] d[[UNKNOWN]] X[[UNKNOWN]] _{10}[[POSTSUBSCRIPT]] ^{2}[[POSTSUPERSCRIPT]] )[[CLOSE]]
	        > ][[CLOSE]]
Warning:not_parsed:OPEN.UNKNOWN> MathParser failed to match rule 'Subscript'
	at 0304143.tex; line 2735 col 34 - line 2735 col 34
	In "\begin{equation}R_{abIJ}\gamma^{ab}\eta=D_{[J},D_{I]}\eta=0\end{equation}"
	[[[OPEN]] J[[UNKNOWN]]
	        > 
Warning:not_parsed:UNKNOWN>CLOSE MathParser failed to match rule 'Subscript'
	at 0304143.tex; line 2735 col 42 - line 2735 col 42
	I[[UNKNOWN]]
	        > ][[CLOSE]]
Warning:not_parsed:UNKNOWN>RELOP MathParser failed to match rule 'Anything'
	at 0304143.tex; line 3000 col 0 - line 3004 col 3
	In "\begin{equation}\Phi\equiv*{\cal P}({\cal A})=\epsilon^{i_{1}\dots i_{p}}%
	\partial_{i_{1}}X^{{I}_{1}}\dots\partial_{i_{p}}X^{I_{p}}{\cal A}_{I_{1}\dots I%
	_{p}}\end{equation}"
	Φ[[UNKNOWN]]
	        > ≡[[RELOP]] *[[MULOP]] P[[UNKNOWN]] ([[OPEN]] A[[UNKNOWN]] )[[CLOSE]] =[[RELOP]] ϵ[[UNKNOWN]] ^{i_{1}\dotsi_{p}}[[POSTSUPERSCRIPT]] ∂[[OPERATOR]] _{i_{1}}[[POSTSUBSCRIPT]] X[[UNKNOWN]] ^{{I}_{1}}[[POSTSUPERSCRIPT]] \dots[[ID]] ∂[[OPERATOR]] _{i_{p}}[[POSTSUBSCRIPT]] X[[UNKNOWN]] ^{I_{p}}[[POSTSUPERSCRIPT]] A[[UNKNOWN]] _{I_{1}\dotsI_{p}}[[POSTSUBSCRIPT]]
Warning:not_parsed:UNKNOWN>RELOP MathParser failed to match rule 'Anything'
	at 0304143.tex; line 3130 col 0 - line 3133 col 3
	In "\begin{equation}\phi\equiv*\;\xi^{\dagger}{\Gamma_{0}}\gamma\xi\end{equation}"
	ϕ[[UNKNOWN]]
	        > ≡[[RELOP]] *[[MULOP]] ξ[[UNKNOWN]] ^{\dagger}[[POSTSUPERSCRIPT]] Γ[[UNKNOWN]] _{0}[[POSTSUBSCRIPT]] γ[[UNKNOWN]] ξ[[UNKNOWN]]
Warning:not_parsed:UNKNOWN.POSTSUPERSCRIPT.UNKNOWN>OPEN MathParser failed to match rule 'Anything'
	at 0304143.tex; line 3149 col 4 - line 3149 col 4
	In "$\displaystyle\bar{\xi}\{\bar{Q},Q\}\xi=\int d^{p}\sigma[\sqrt{-G_{tt}}\sqrt{{%
	\rm det}h}-\bar{\xi}{\Gamma_{0}}\gamma\xi]=\int d^{p}\sigma[{\cal H}-\Phi-*%
	\phi]=H-\int d^{p}\sigma[A+\phi]\@@ENDINLINEMATH"
	\bar{\xi}[[UNKNOWN]] \{[[OPEN]] \bar{Q}[[UNKNOWN]] ,[[PUNCT]] Q[[UNKNOWN]] \}[[CLOSE]] ξ[[UNKNOWN]] =[[RELOP]] ∫[[INTOP]] d[[UNKNOWN]] ^{p}[[POSTSUPERSCRIPT]] σ[[UNKNOWN]] [[[OPEN]] \sqrt{-G_{tt}}[[UNKNOWN]] \sqrt{{\rmdet}h}[[UNKNOWN]] -[[ADDOP]] \bar{\xi}[[UNKNOWN]] Γ[[UNKNOWN]] _{0}[[POSTSUBSCRIPT]] γ[[UNKNOWN]] ξ[[UNKNOWN]] ][[CLOSE]] =[[RELOP]] ∫[[INTOP]] d[[UNKNOWN]] ^{p}[[POSTSUPERSCRIPT]] σ[[UNKNOWN]]
	        > [[[OPEN]] H[[UNKNOWN]] -[[ADDOP]] Φ[[UNKNOWN]] -[[ADDOP]] *[[MULOP]] ϕ[[UNKNOWN]] ][[CLOSE]] =[[RELOP]] H[[UNKNOWN]] -[[ADDOP]] ∫[[INTOP]] d[[UNKNOWN]] ^{p}[[POSTSUPERSCRIPT]] σ[[UNKNOWN]] [[[OPEN]] A[[UNKNOWN]] +[[ADDOP]] ϕ[[UNKNOWN]] ][[CLOSE]]
Warning:not_parsed:UNKNOWN.POSTSUPERSCRIPT.UNKNOWN>OPEN MathParser failed to match rule 'Anything'
	at 0304143.tex; line 3152 col 8 - line 3153 col 1
	In "$\displaystyle\int d^{p}\sigma[{\cal H}-\Phi-*\phi]$"
	∫[[INTOP]] d[[UNKNOWN]] ^{p}[[POSTSUPERSCRIPT]] σ[[UNKNOWN]]
	        > [[[OPEN]] H[[UNKNOWN]] -[[ADDOP]] Φ[[UNKNOWN]] -[[ADDOP]] *[[MULOP]] ϕ[[UNKNOWN]] ][[CLOSE]]
Warning:not_parsed:UNKNOWN.POSTSUBSCRIPT>RELOP MathParser failed to match rule 'Anything'
	at 0304143.tex; line 3323 col 23 - line 3323 col 47
	In "$F_{4}=*dF_{7}=*d\Phi$"
	F[[UNKNOWN]] _{4}[[POSTSUBSCRIPT]]
	        > =[[RELOP]] *[[MULOP]] d[[UNKNOWN]] F[[UNKNOWN]] _{7}[[POSTSUBSCRIPT]] =[[RELOP]] *[[MULOP]] d[[UNKNOWN]] Φ[[UNKNOWN]]
Warning:not_parsed:UNKNOWN.POSTSUBSCRIPT>RELOP MathParser failed to match rule 'Anything'
	at 0304143.tex; line 3349 col 2 - line 3349 col 26
	In "$F_{4}=*dF_{7}=*d\Phi$"
	F[[UNKNOWN]] _{4}[[POSTSUBSCRIPT]]
	        > =[[RELOP]] *[[MULOP]] d[[UNKNOWN]] F[[UNKNOWN]] _{7}[[POSTSUBSCRIPT]] =[[RELOP]] *[[MULOP]] d[[UNKNOWN]] Φ[[UNKNOWN]]
Warning:not_parsed:UNKNOWN.POSTSUBSCRIPT>RELOP MathParser failed to match rule 'Anything'
	at 0304143.tex; line 3375 col 22 - line 3375 col 36
	In "$F_{4}=*d\Phi$"
	F[[UNKNOWN]] _{4}[[POSTSUBSCRIPT]]
	        > =[[RELOP]] *[[MULOP]] d[[UNKNOWN]] Φ[[UNKNOWN]]
Warning:not_parsed:UNKNOWN.ADDOP.ID>PERIOD MathParser failed to match rule 'Anything'
	at 0304143.tex; line 3491 col 7 - line 3491 col 7
	In "$\displaystyle\begin{array}[]{ccc}\hidden@noalign{}\hfil\phi_{2m}&=&(%
	\underbrace{\omega\wedge\omega\wedge.....\omega\wedge\omega})\\
	&&m\end{array}\@@ENDINLINEMATH"
	ω[[UNKNOWN]] ∧[[ADDOP]] ω[[UNKNOWN]] ∧[[ADDOP]] ...[[ID]]
	        > .[[PERIOD]] .[[PERIOD]] ω[[UNKNOWN]] ∧[[ADDOP]] ω[[UNKNOWN]]
Warning:not_parsed:UNKNOWN.ADDOP.ID>PERIOD MathParser failed to match rule 'Anything'
	at 0304143.tex; line 3491 col 7 - line 3491 col 7
	In "$\displaystyle\begin{array}[]{ccc}\hidden@noalign{}\hfil\phi_{2m}&=&(%
	\underbrace{\omega\wedge\omega\wedge.....\omega\wedge\omega})\\
	&&m\end{array}$"
	ω[[UNKNOWN]] ∧[[ADDOP]] ω[[UNKNOWN]] ∧[[ADDOP]] ...[[ID]]
	        > .[[PERIOD]] .[[PERIOD]] ω[[UNKNOWN]] ∧[[ADDOP]] ω[[UNKNOWN]]
Warning:not_parsed:MULOP.UNKNOWN.POSTSUBSCRIPT>RELOP MathParser failed to match rule 'Anything'
	at 0304143.tex; line 3553 col 0 - line 3553 col 6
	In "$\displaystyle{*\omega}_{{\bar{P}}_{2}\dots{\bar{P}}_{n}Q_{2}\dots Q_{n}}=%
	\sqrt{{\rm det}g}\;{\epsilon}^{M_{1}}_{\;\;{\bar{P}}_{2}\dots{\bar{P}}_{n}}{%
	\epsilon}^{\bar{N}_{1}\;\;}_{Q_{2}\dots Q_{n}}\omega_{M_{1}\bar{N}_{1}}=\sqrt{%
	{\rm det}g}\;g^{M_{1}{\bar{S}_{1}}}g^{R_{1}\bar{N_{1}}}\tilde{\epsilon}_{\bar{%
	S_{1}}{\bar{P}}_{2}\dots{\bar{P}}_{n}}\tilde{\epsilon}_{R_{1}Q_{2}\dots Q_{n}}%
	ig_{M_{1}\bar{N}_{1}}=i\sqrt{{\rm det}g}\;g^{R_{1}{\bar{S}_{1}}}\tilde{%
	\epsilon}_{\bar{S_{1}}{\bar{P}}_{2}\dots{\bar{P}}_{n}}\tilde{\epsilon}_{R_{1}Q%
	_{2}\dots Q_{n}}\@@ENDINLINEMATH"
	*[[MULOP]] ω[[UNKNOWN]] _{{\bar{P}}_{2}\dots{\bar{P}}_{n}Q_{2}\dotsQ_{n}}[[POSTSUBSCRIPT]]
	        > =[[RELOP]] \sqrt{{\rmdet}g}[[UNKNOWN]] ϵ[[UNKNOWN]] ^{M_{1}}[[POSTSUPERSCRIPT]] _{\;\;{\bar{P}}_{2}\dots{\bar{P}}_{n}}[[POSTSUBSCRIPT]] ϵ[[UNKNOWN]] ^{\bar{N}_{1}\;\;}[[POSTSUPERSCRIPT]] _{Q_{2}\dotsQ_{n}}[[POSTSUBSCRIPT]] ω[[UNKNOWN]] _{M_{1}\bar{N}_{1}}[[POSTSUBSCRIPT]] =[[RELOP]] \sqrt{{\rmdet}g}[[UNKNOWN]] g[[UNKNOWN]] ^{M_{1}{\bar{S}_{1}}}[[POSTSUPERSCRIPT]] g[[UNKNOWN]] ^{R_{1}\bar{N_{1}}}[[POSTSUPERSCRIPT]] \tilde{\epsilon}[[UNKNOWN]] _{\bar{S_{1}}{\bar{P}}_{2}\dots{\bar{P}}_{n}}[[POSTSUBSCRIPT]] \tilde{\epsilon}[[UNKNOWN]] _{R_{1}Q_{2}\dotsQ_{n}}[[POSTSUBSCRIPT]] i[[UNKNOWN]] g[[UNKNOWN]] _{M_{1}\bar{N}_{1}}[[POSTSUBSCRIPT]] =[[RELOP]] i[[UNKNOWN]] \sqrt{{\rmdet}g}[[UNKNOWN]] g[[UNKNOWN]] ^{R_{1}{\bar{S}_{1}}}[[POSTSUPERSCRIPT]] \tilde{\epsilon}[[UNKNOWN]] _{\bar{S_{1}}{\bar{P}}_{2}\dots{\bar{P}}_{n}}[[POSTSUBSCRIPT]] \tilde{\epsilon}[[UNKNOWN]] _{R_{1}Q_{2}\dotsQ_{n}}[[POSTSUBSCRIPT]]
Warning:not_parsed:UNKNOWN.ADDOP.ID>PERIOD MathParser failed to match rule 'Anything'
	at 0304143.tex; line 3553 col 0 - line 3553 col 6
	In "$\displaystyle\begin{array}[]{ccc}\hidden@noalign{}\hfil i^{(n-2)}*\omega&=&(%
	\underbrace{\omega\wedge\omega\wedge.....\omega\wedge\omega})\\
	&&(n-1)\end{array}\@@ENDINLINEMATH"
	ω[[UNKNOWN]] ∧[[ADDOP]] ω[[UNKNOWN]] ∧[[ADDOP]] ...[[ID]]
	        > .[[PERIOD]] .[[PERIOD]] ω[[UNKNOWN]] ∧[[ADDOP]] ω[[UNKNOWN]]
Warning:not_parsed:UNKNOWN.ADDOP.ID>PERIOD MathParser failed to match rule 'Anything'
	at 0304143.tex; line 3553 col 0 - line 3553 col 6
	In "$\displaystyle\begin{array}[]{ccc}\hidden@noalign{}\hfil i^{(n-2)}*\omega&=&(%
	\underbrace{\omega\wedge\omega\wedge.....\omega\wedge\omega})\\
	&&(n-1)\end{array}$"
	ω[[UNKNOWN]] ∧[[ADDOP]] ω[[UNKNOWN]] ∧[[ADDOP]] ...[[ID]]
	        > .[[PERIOD]] .[[PERIOD]] ω[[UNKNOWN]] ∧[[ADDOP]] ω[[UNKNOWN]]
Warning:not_parsed:UNKNOWN.ADDOP>MULOP MathParser failed to match rule 'Anything'
	at 0304143.tex; line 3553 col 0 - line 3553 col 6
	In "$\displaystyle\begin{array}[]{ccccc}\hidden@noalign{}\hfil\omega\wedge*\omega&%
	=&(\underbrace{\omega\wedge\omega\wedge.....\omega\wedge\omega})&=&{\rm Vol}({%
	\cal M})\\
	&&n&&\end{array}\@@ENDINLINEMATH"
	ω[[UNKNOWN]] ∧[[ADDOP]]
	        > *[[MULOP]] ω[[UNKNOWN]]
Warning:not_parsed:UNKNOWN.ADDOP.ID>PERIOD MathParser failed to match rule 'Anything'
	at 0304143.tex; line 3553 col 0 - line 3553 col 6
	ω[[UNKNOWN]] ∧[[ADDOP]] ω[[UNKNOWN]] ∧[[ADDOP]] ...[[ID]]
	        > .[[PERIOD]] .[[PERIOD]] ω[[UNKNOWN]] ∧[[ADDOP]] ω[[UNKNOWN]]
Warning:not_parsed:UNKNOWN.ADDOP>MULOP MathParser failed to match rule 'Anything'
	at 0304143.tex; line 3553 col 0 - line 3553 col 6
	In "$\displaystyle\begin{array}[]{ccccc}\hidden@noalign{}\hfil\omega\wedge*\omega&%
	=&(\underbrace{\omega\wedge\omega\wedge.....\omega\wedge\omega})&=&{\rm Vol}({%
	\cal M})\\
	&&n&&\end{array}$"
	ω[[UNKNOWN]] ∧[[ADDOP]]
	        > *[[MULOP]] ω[[UNKNOWN]]
Warning:not_parsed:UNKNOWN.ADDOP.ID>PERIOD MathParser failed to match rule 'Anything'
	at 0304143.tex; line 3553 col 0 - line 3553 col 6
	ω[[UNKNOWN]] ∧[[ADDOP]] ω[[UNKNOWN]] ∧[[ADDOP]] ...[[ID]]
	        > .[[PERIOD]] .[[PERIOD]] ω[[UNKNOWN]] ∧[[ADDOP]] ω[[UNKNOWN]]
Warning:not_parsed:OPEN.UNKNOWN> MathParser failed to match rule 'Subscript'
	at 0304143.tex; line 3688 col 13 - line 3688 col 13
	In "\begin{equation}\partial_{[R}(G_{M\bar{P}}G_{N]\bar{Q}})=0\end{equation}"
	[[[OPEN]] R[[UNKNOWN]]
	        > 
Warning:not_parsed:UNKNOWN>CLOSE MathParser failed to match rule 'Subscript'
	at 0304143.tex; line 3688 col 43 - line 3688 col 43
	N[[UNKNOWN]]
	        > ][[CLOSE]] \bar{Q}[[UNKNOWN]]
Warning:not_parsed:OPEN.UNKNOWN> MathParser failed to match rule 'Subscript'
	at 0304143.tex; line 3734 col 13 - line 3734 col 13
	In "\begin{equation}\partial_{[U}(G_{M\bar{Q}}G_{N\bar{R}}G_{P]\bar{S}})=0\end{equation}"
	[[[OPEN]] U[[UNKNOWN]]
	        > 
Warning:not_parsed:UNKNOWN>CLOSE MathParser failed to match rule 'Subscript'
	at 0304143.tex; line 3734 col 57 - line 3734 col 57
	P[[UNKNOWN]]
	        > ][[CLOSE]] \bar{S}[[UNKNOWN]]
Warning:not_parsed:OPEN.UNKNOWN> MathParser failed to match rule 'Subscript'
	at 0304143.tex; line 3776 col 13 - line 3776 col 13
	In "\begin{equation}\partial_{[A}(G_{B\bar{C}}G_{D\bar{E}}G_{F\bar{H}}G_{I]\bar{J}%
	})=0\end{equation}"
	[[[OPEN]] A[[UNKNOWN]]
	        > 
Warning:not_parsed:UNKNOWN>CLOSE MathParser failed to match rule 'Subscript'
	at 0304143.tex; line 3776 col 71 - line 3776 col 71
	I[[UNKNOWN]]
	        > ][[CLOSE]] \bar{J}[[UNKNOWN]]
 38.84 sec)
Math parsing succeeded:
   ltx:XMath: 1055/1076
   ltx:XMArg: 3976/3993
Symbols assumed as simple identifiers (with # of occurences):
   'A{caligraphic}' (20), 'A{italic}' (75), 'B{italic}' (18), 'C{blackboard}' (40), 'C{italic}' (29), 'D{italic}' (8), 'E{caligraphic}' (8), 'F{italic}' (114), 'Gamma' (141), 'G{italic}' (193), 'H{caligraphic}' (7), 'H{italic}' (362), 'I{italic}' (109), 'J{italic}' (23), 'K{italic}' (11), 'Lambda' (1), 'L{caligraphic}' (6), 'L{italic}' (6), 'M{caligraphic}' (18), 'M{italic}' (175), 'N{italic}' (58), 'Phi' (34), 'Psi' (7), 'P{caligraphic}' (11), 'P{italic}' (30), 'Q{italic}' (33), 'R{italic}' (38), 'Sigma' (51), 'S{italic}' (10), 'U{italic}' (23), 'Vol' (4), 'V{italic}' (23), 'X{italic}' (326), 'Z{italic}' (21), 'alpha' (100), 'and' (13), 'a{italic}' (42), 'beta' (75), 'but' (1), 'b{italic}' (21), 'chi' (31), 'c{italic}' (7), 'delta' (21), 'det' (45), 'd{italic}' (395), 'epsilon' (62), 'eta' (66), 'e{italic}' (21), 'for' (9), 'f{italic}' (6), 'gamma' (46), 'g{italic}' (132), 'h{italic}' (48), 'i{italic}' (131), 'j{italic}' (17), 'lambda' (2), 'ln' (4), 'l{italic}' (47), 'mu' (66), 'm{italic}' (54), 'nu' (25), 'n{italic}' (106), 'omega' (175), 'or' (6), 'o{italic}' (5), 'phi' (72), 'psi' (18), 'p{italic}' (53), 'q{italic}' (11), 'rho' (2), 'r{italic}' (16), 'sigma' (23), 's{italic}' (34), 't{italic}' (47), 'u{italic}' (54), 'v{italic}' (29), 'where' (4), 'w{italic}' (23), 'xi' (27), 'x{italic}' (14), 'y{italic}' (17), 'z{italic}' (60), '{' (4)
Set MATHPARSER_SPECULATE to speculate on possible notations.
(Finalizing... 4.73 sec)
Conversion complete 38 warnings (See /home/user/latex-in-arxiv/0304143.latexml.log) (reqd. 1m 19.85s)
