latexml (LaTeXML version 0.8.6) processing 2003/0304129.tex
(Digesting TeX 0304129...
(Loading /usr/share/perl5/LaTeXML/Package/TeX.pool.ltxml...
(Loading /usr/share/perl5/LaTeXML/Package/eTeX.pool.ltxml... 0.01 sec)
(Loading /usr/share/perl5/LaTeXML/Package/pdfTeX.pool.ltxml... 0.01 sec) 0.19 sec)
(Processing content /home/user/latex-in-arxiv/2003/0304129.tex...
(Loading /usr/share/perl5/LaTeXML/Package/LaTeX.pool.ltxml...
(Loading /usr/share/perl5/LaTeXML/Package/textcomp.sty.ltxml...
(Processing definitions /usr/share/texlive/texmf-dist/tex/latex-dev/base/ts1enc.dfu... 0.04 sec) 1.61 sec) 1.90 sec)
(Loading /usr/share/perl5/LaTeXML/Package/article.cls.ltxml... 0.02 sec)
(Loading /usr/share/perl5/LaTeXML/Package/epsfig.sty.ltxml...
(Loading /usr/share/perl5/LaTeXML/Package/graphicx.sty.ltxml...
(Loading /usr/share/perl5/LaTeXML/Package/graphics.sty.ltxml... 0.01 sec) 0.02 sec) 0.05 sec) 8.21 sec) 8.46 sec)
(Building...
(Loading compiled schema /usr/share/perl5/LaTeXML/resources/RelaxNG/LaTeXML.model... 0.01 sec)
Info:malformed:id Duplicated attribute xml:id
	at 0304129.tex; line 53 col 0 - line 53 col 36
	Using id='footnote1a' on <ltx:note _font="Font[serif,medium,upright,10,b..." mark="1" role="footnote"/>
	id='footnote1' already set on <ltx:note _font="Font[serif,medium,upright,10,b..." mark="*" role="footnote" xml:id="footnote1" _box="LaTeXML::Core::Whatsit=HASH(0x...">...
Info:malformed:id Duplicated attribute xml:id
	at 0304129.tex; line 132 col 0 - line 132 col 33
	Using id='footnote2a' on <ltx:note _font="Font[serif,medium,upright,10,b..." mark="2" role="footnote"/>
	id='footnote2' already set on <ltx:note _font="Font[serif,medium,upright,10,b..." mark="†" role="footnote" xml:id="footnote2" _box="LaTeXML::Core::Whatsit=HASH(0x...">...
 7.39 sec)
(Rewriting... 0.21 sec)
(Math Parsing 456 formulae ......
Warning:not_parsed:MULOP.UNKNOWN.POSTSUBSCRIPT>RELOP MathParser failed to match rule 'Anything'
	at 0304129.tex; line 388 col 3 - line 388 col 3
	In "$\displaystyle*F_{5}=F_{5}\ ,\@@ENDINLINEMATH"
	*[[MULOP]] F[[UNKNOWN]] _{5}[[POSTSUBSCRIPT]]
	        > =[[RELOP]] F[[UNKNOWN]] _{5}[[POSTSUBSCRIPT]]
Warning:not_parsed:MULOP.UNKNOWN.POSTSUBSCRIPT>RELOP MathParser failed to match rule 'Anything'
	at 0304129.tex; line 388 col 3 - line 389 col 14
	In "$\displaystyle*F_{5}=F_{5}\ ,$"
	*[[MULOP]] F[[UNKNOWN]] _{5}[[POSTSUBSCRIPT]]
	        > =[[RELOP]] F[[UNKNOWN]] _{5}[[POSTSUBSCRIPT]]
Warning:not_parsed:ADDOP.UNKNOWN.POSTSUBSCRIPT>METARELOP MathParser failed to match rule 'Anything'
	at 0304129.tex; line 761 col 0 - line 764 col 14
	In "\begin{equation}\mu=+\mu_{0}:\quad{g_{YM}^{2}\over 4\pi}=e^{\phi_{0}^{+}},%
	\quad\quad\mu=-\mu_{0}:\quad{g_{YM}^{2}\over 4\pi}=e^{\phi_{0}^{-}}\ .\end{equation}"
	μ[[UNKNOWN]] =[[RELOP]] +[[ADDOP]] μ[[UNKNOWN]] _{0}[[POSTSUBSCRIPT]]
	        > :[[METARELOP]] \begin{equation}\mu=+\mu_{0}:\quad{g_{YM}^{2}\over4\pi}=e^{\phi_{0}^{+}},\quad\quad\mu=-\mu_{0}:\quad{g_{YM}^{2}\over4\pi}=e^{\phi_{0}^{-}}\ .\end{equation}[[PUNCT]] g_{YM}^{2}\over4\pi[[UNKNOWN]] =[[RELOP]] e[[UNKNOWN]] ^{\phi_{0}^{+}}[[POSTSUPERSCRIPT]] ,[[PUNCT]] μ[[UNKNOWN]] =[[RELOP]] -[[ADDOP]] μ[[UNKNOWN]] _{0}[[POSTSUBSCRIPT]] :[[METARELOP]] \begin{equation}\mu=+\mu_{0}:\quad{g_{YM}^{2}\over4\pi}=e^{\phi_{0}^{+}},\quad\quad\mu=-\mu_{0}:\quad{g_{YM}^{2}\over4\pi}=e^{\phi_{0}^{-}}\ .\end{equation}[[PUNCT]] g_{YM}^{2}\over4\pi[[UNKNOWN]] =[[RELOP]] e[[UNKNOWN]] ^{\phi_{0}^{-}}[[POSTSUPERSCRIPT]]
Warning:not_parsed:POSTSUBSCRIPT.CLOSE.POSTSUPERSCRIPT>OPEN MathParser failed to match rule 'Anything'
	at 0304129.tex; line 1026 col 21 - line 1026 col 68
	In "$$F=(\mu\mp\mu_{0})^{\gamma}(1+{h.\,o.\,t.})\,.$$"
	F[[UNKNOWN]] =[[RELOP]] ([[OPEN]] μ[[UNKNOWN]] ∓[[ADDOP]] μ[[UNKNOWN]] _{0}[[POSTSUBSCRIPT]] )[[CLOSE]] ^{\gamma}[[POSTSUPERSCRIPT]]
	        > ([[OPEN]] 1[[NUMBER]] +[[ADDOP]] h[[UNKNOWN]] .[[PERIOD]] o[[UNKNOWN]] .[[PERIOD]] t[[UNKNOWN]] .[[PERIOD]] )[[CLOSE]]
Warning:not_parsed:POSTSUBSCRIPT.CLOSE.POSTSUPERSCRIPT>OPEN MathParser failed to match rule 'Anything'
	at 0304129.tex; line 1028 col 2 - line 1028 col 46
	In "$f\sim(\mu\mp\mu_{0})^{-2}(1+{h.\,o.\,t.})$"
	f[[UNKNOWN]] ∼[[RELOP]] ([[OPEN]] μ[[UNKNOWN]] ∓[[ADDOP]] μ[[UNKNOWN]] _{0}[[POSTSUBSCRIPT]] )[[CLOSE]] ^{-2}[[POSTSUPERSCRIPT]]
	        > ([[OPEN]] 1[[NUMBER]] +[[ADDOP]] h[[UNKNOWN]] .[[PERIOD]] o[[UNKNOWN]] .[[PERIOD]] t[[UNKNOWN]] .[[PERIOD]] )[[CLOSE]]
 12.91 sec)
Math parsing succeeded:
   ltx:XMath: 451/456
   ltx:XMArg: 1031/1031
Symbols assumed as simple identifiers (with # of occurences):
   'A{italic}' (68), 'C{italic}' (2), 'E{italic}' (3), 'F{italic}' (28), 'G{italic}' (6), 'H{italic}' (7), 'I{italic}' (6), 'J{italic}' (3), 'K{italic}' (7), 'Lambda' (1), 'L{italic}' (1), 'M{italic}' (2), 'N{italic}' (5), 'Omega' (5), 'O{caligraphic}' (1), 'O{italic}' (12), 'P{italic}' (1), 'Re' (1), 'R{italic}' (17), 'S{italic}' (114), 'T{italic}' (1), 'V{italic}' (7), 'W{italic}' (8), 'X{italic}' (43), 'Y{italic}' (2), 'Z{italic}' (4), 'alpha' (8), 'a{italic}' (3), 'beta' (7), 'b{italic}' (1), 'c{italic}' (79), 'd{italic}' (188), 'e{italic}' (10), 'f{italic}' (104), 'gamma' (4), 'g{italic}' (11), 'h{italic}' (4), 'i{italic}' (19), 'k{italic}' (10), 'lambda' (10), 'mu' (151), 'm{italic}' (33), 'nu' (5), 'n{italic}' (12), 'omega' (18), 'o{italic}' (7), 'phi' (38), 'pi' (20), 'p{italic}' (3), 'rho' (4), 'r{italic}' (9), 'sigma' (3), 's{italic}' (26), 'tau' (7), 'theta' (14), 'tr' (1), 't{italic}' (22), 'varphi' (11), 'x{italic}' (28), 'y{italic}' (53), 'z{italic}' (20)
Set MATHPARSER_SPECULATE to speculate on possible notations.
(Finalizing... 1.23 sec)
Conversion complete 5 warnings (See /home/user/latex-in-arxiv/0304129.latexml.log) (reqd. 31.07s)
