latexml (LaTeXML version 0.8.6) processing 2003/0304086.tex
(Digesting TeX 0304086...
(Loading /usr/share/perl5/LaTeXML/Package/TeX.pool.ltxml...
(Loading /usr/share/perl5/LaTeXML/Package/eTeX.pool.ltxml... 0.01 sec)
(Loading /usr/share/perl5/LaTeXML/Package/pdfTeX.pool.ltxml... 0.02 sec) 0.37 sec)
(Processing content /home/user/latex-in-arxiv/2003/0304086.tex...
(Loading /usr/share/perl5/LaTeXML/Package/LaTeX.pool.ltxml...
(Loading /usr/share/perl5/LaTeXML/Package/textcomp.sty.ltxml...
(Processing definitions /usr/share/texlive/texmf-dist/tex/latex-dev/base/ts1enc.dfu... 0.05 sec) 1.91 sec) 2.31 sec)
(Loading /usr/share/perl5/LaTeXML/Package/JHEP3.cls.ltxml...
(Loading /usr/share/perl5/LaTeXML/Package/JHEP.cls.ltxml...
(Loading /usr/share/perl5/LaTeXML/Package/article.cls.ltxml... 0.02 sec)
(Loading /usr/share/perl5/LaTeXML/Package/amssymb.sty.ltxml...
(Loading /usr/share/perl5/LaTeXML/Package/amsfonts.sty.ltxml... 0.00 sec) 0.03 sec)
(Loading /usr/share/perl5/LaTeXML/Package/floatflt.sty.ltxml... 0.01 sec) 0.11 sec) 0.12 sec)
(Loading /usr/share/perl5/LaTeXML/Package/epsfig.sty.ltxml...
(Loading /usr/share/perl5/LaTeXML/Package/graphicx.sty.ltxml...
(Loading /usr/share/perl5/LaTeXML/Package/graphics.sty.ltxml... 0.01 sec) 0.02 sec) 0.06 sec)
(Loading /usr/share/perl5/LaTeXML/Package/multicol.sty.ltxml... 0.00 sec) 22.84 sec) 23.32 sec)
(Building...
(Loading compiled schema /usr/share/perl5/LaTeXML/resources/RelaxNG/LaTeXML.model... 0.02 sec) 31.79 sec)
(Rewriting... 1.07 sec)
(Math Parsing 727 formulae ......
Warning:not_parsed:FLOATSUPERSCRIPT.UNKNOWN>ARROW MathParser failed to match rule 'Anything'
	at 0304086.tex; line 344 col 0 - line 346 col 3
	In "\begin{equation}{}^{\circ}Q\kern-12.0pt\nearrow_{\mu\rho\sigma}\equiv{}^{\circ%
	}Q_{\mu\rho\sigma}-G_{\rho\sigma}{}^{\circ}Q_{\mu}=0\,,\end{equation}"
	{}^{\circ}[[FLOATSUPERSCRIPT]] Q[[UNKNOWN]]
	        > ↗[[ARROW]] _{\mu\rho\sigma}[[POSTSUBSCRIPT]] ≡[[RELOP]] {}^{\circ}[[FLOATSUPERSCRIPT]] Q[[UNKNOWN]] _{\mu\rho\sigma}[[POSTSUBSCRIPT]] -[[ADDOP]] G[[UNKNOWN]] _{\rho\sigma}[[POSTSUBSCRIPT]] {}^{\circ}[[FLOATSUPERSCRIPT]] Q[[UNKNOWN]] _{\mu}[[POSTSUBSCRIPT]] =[[RELOP]] 0[[NUMBER]]
Warning:not_parsed:OPEN.UNKNOWN> MathParser failed to match rule 'Subscript'
	at 0304086.tex; line 358 col 31 - line 358 col 31
	In "$\Gamma_{\mu,\rho\sigma}=\frac{1}{2}\partial_{\{\mu}G_{\rho\sigma\}}$"
	\{[[OPEN]] μ[[UNKNOWN]]
	        > 
Warning:not_parsed:UNKNOWN.UNKNOWN>CLOSE MathParser failed to match rule 'Subscript'
	at 0304086.tex; line 358 col 52 - line 358 col 52
	ρ[[UNKNOWN]] σ[[UNKNOWN]]
	        > \}[[CLOSE]]
Warning:not_parsed:>VERTBAR MathParser failed to match rule 'Subscript'
	at 0304086.tex; line 433 col 33 - line 433 col 33
	In "\begin{equation}{}^{\circ}V^{\Sigma}_{\parallel\mu}=V^{\Sigma}_{\mu}+{}^{\circ%
	}\delta V^{\Sigma}_{\mu}\,,\end{equation}"
	> ∥[[VERTBAR]] μ[[UNKNOWN]]
Warning:not_parsed:>VERTBAR MathParser failed to match rule 'Subscript'
	at 0304086.tex; line 445 col 29 - line 445 col 29
	In "\begin{equation}{}^{\circ}v_{\parallel\alpha}^{\Sigma}=\partial_{\alpha}x^{\mu%
	}(\xi+d\xi){}^{\circ}V^{\Sigma}_{\parallel\mu}\,.\end{equation}"
	> ∥[[VERTBAR]] α[[UNKNOWN]]
Warning:not_parsed:>VERTBAR MathParser failed to match rule 'Subscript'
	at 0304086.tex; line 446 col 24 - line 446 col 24
	> ∥[[VERTBAR]] μ[[UNKNOWN]]
Warning:not_parsed:>VERTBAR MathParser failed to match rule 'Subscript'
	at 0304086.tex; line 458 col 0 - line 458 col 16
	In "${}^{\circ}v_{\parallel\alpha}^{\Sigma}\equiv v_{\alpha}+{}^{\circ}\Gamma^{%
	\beta}_{\alpha\gamma}v_{\beta}\,d\xi^{\gamma}\,$"
	> ∥[[VERTBAR]] α[[UNKNOWN]]
Warning:not_parsed:>VERTBAR MathParser failed to match rule 'Subscript'
	at 0304086.tex; line 458 col 0 - line 458 col 16
	In "${}^{\circ}v^{\Sigma}_{\parallel i}\equiv-{}^{\circ}{\bar{b}}_{i\alpha\beta}\,%
	v^{\alpha}d\xi^{\beta}$"
	> ∥[[VERTBAR]] i[[UNKNOWN]]
Warning:not_parsed:>VERTBAR MathParser failed to match rule 'Subscript'
	at 0304086.tex; line 463 col 45 - line 463 col 45
	In "${}^{\circ}v_{\parallel\alpha}^{\Sigma}$"
	> ∥[[VERTBAR]] α[[UNKNOWN]]
Warning:not_parsed:>VERTBAR MathParser failed to match rule 'Subscript'
	at 0304086.tex; line 466 col 29 - line 466 col 29
	In "\begin{equation}{}^{\circ}v_{\parallel\alpha}^{\Sigma}=v_{\alpha}+{}^{\circ}%
	\delta v_{\alpha}\,,\end{equation}"
	> ∥[[VERTBAR]] α[[UNKNOWN]]
Warning:not_parsed:>VERTBAR MathParser failed to match rule 'Subscript'
	at 0304086.tex; line 484 col 4 - line 484 col 4
	In "${}^{\circ}V^{\Sigma}_{\parallel\mu}\,$"
	> ∥[[VERTBAR]] μ[[UNKNOWN]]
Warning:not_parsed:>VERTBAR MathParser failed to match rule 'Subscript'
	at 0304086.tex; line 487 col 0 - line 487 col 54
	In "\begin{equation}n_{i}^{\mu}(\xi+d\xi){}^{\circ}V^{\Sigma}_{\parallel\mu}\equiv%
	{}^{\circ}v^{\Sigma}_{\parallel i}=-{}^{\circ}{\bar{b}}_{i\alpha\beta}v^{%
	\alpha}d\xi^{\beta}\,,\end{equation}"
	> ∥[[VERTBAR]] μ[[UNKNOWN]]
Warning:not_parsed:>VERTBAR MathParser failed to match rule 'Subscript'
	at 0304086.tex; line 488 col 38 - line 488 col 38
	> ∥[[VERTBAR]] i[[UNKNOWN]]
Warning:not_parsed:>VERTBAR MathParser failed to match rule 'Subscript'
	at 0304086.tex; line 502 col 31 - line 502 col 31
	In "\begin{equation}{}^{\circ}V^{\bot}_{\parallel\mu}=V^{\bot}_{\mu}+{}^{\circ}%
	\delta V^{\bot}_{\mu}\,,\qquad{}^{\circ}\delta V^{\bot}_{\mu}={}^{\circ}\Gamma%
	^{\nu}_{\mu\rho}V^{\bot}_{\nu}dx^{\rho}={}^{\circ}\Gamma^{\nu}_{\mu\rho}V^{%
	\bot}_{\nu}\partial_{\alpha}x^{\rho}d\xi^{\alpha}\,.\end{equation}"
	> ∥[[VERTBAR]] μ[[UNKNOWN]]
Warning:not_parsed:>VERTBAR MathParser failed to match rule 'Subscript'
	at 0304086.tex; line 517 col 4 - line 517 col 4
	In "\begin{equation}\partial_{\alpha}x^{\mu}(\xi+d\xi){}^{\circ}V^{\bot}_{%
	\parallel\mu}\equiv{}^{\circ}v^{\bot}_{\parallel\alpha}=v^{i}\,{}^{\circ}b_{i%
	\alpha\beta}d\xi^{\beta}\,.\end{equation}"
	> ∥[[VERTBAR]] μ[[UNKNOWN]]
Warning:not_parsed:>VERTBAR MathParser failed to match rule 'Subscript'
	at 0304086.tex; line 517 col 0 - line 517 col 46
	> ∥[[VERTBAR]] α[[UNKNOWN]]
Warning:not_parsed:>VERTBAR MathParser failed to match rule 'Subscript'
	at 0304086.tex; line 528 col 0 - line 528 col 16
	In "${}^{\circ}v^{\bot}_{\parallel\alpha}\equiv{}^{\circ}b_{i\alpha\beta}\,v^{i}d%
	\xi^{\beta}\,$"
	> ∥[[VERTBAR]] α[[UNKNOWN]]
Warning:not_parsed:>VERTBAR MathParser failed to match rule 'Subscript'
	at 0304086.tex; line 528 col 0 - line 528 col 16
	In "${}^{\circ}v_{\parallel i}^{\bot}\equiv v_{i}+{}^{\circ}\Gamma^{j}_{i\alpha}v_%
	{j}\,d\xi^{\alpha}\,$"
	> ∥[[VERTBAR]] i[[UNKNOWN]]
Warning:not_parsed:UNKNOWN>VERTBAR MathParser failed to match rule 'Subscript'
	at 0304086.tex; line 545 col 52 - line 545 col 52
	In "${}^{\circ}V^{\mu}_{\Sigma\parallel}$"
	Σ[[UNKNOWN]]
	        > ∥[[VERTBAR]]
Warning:not_parsed:ADDOP>VERTBAR MathParser failed to match rule 'Subscript'
	at 0304086.tex; line 547 col 10 - line 547 col 10
	In "${}^{\circ}V^{\mu}_{\bot\parallel}$"
	⊥[[ADDOP]]
	        > ∥[[VERTBAR]]
Warning:not_parsed:UNKNOWN>VERTBAR MathParser failed to match rule 'Subscript'
	at 0304086.tex; line 553 col 59 - line 553 col 59
	In "\begin{equation}v_{\alpha}+{}^{\circ}{\bar{\delta}}v_{\alpha}=\partial_{\alpha%
	}x^{\mu}(\xi+d\xi)G_{\mu\nu}(\xi+d\xi){}^{\circ}V^{\nu}_{\Sigma\parallel}\,,\end{equation}"
	Σ[[UNKNOWN]]
	        > ∥[[VERTBAR]]
Warning:not_parsed:FLOATSUPERSCRIPT>OPERATOR MathParser failed to match rule 'Anything'
	at 0304086.tex; line 587 col 0 - line 592 col 3
	In "\begin{equation}{}^{\circ}\nabla_{\alpha}v_{\beta}=\partial_{\alpha}v_{\beta}-%
	{}^{\circ}\Gamma^{\gamma}_{\beta\alpha}v_{\gamma}\,,\qquad{}^{\circ}{\bar{%
	\nabla}}_{\alpha}v_{\beta}=\partial_{\alpha}v_{\beta}-{}^{\circ}{\bar{\Gamma}}%
	^{\gamma}_{\beta\alpha}v_{\gamma}\,.\end{equation}"
	{}^{\circ}[[FLOATSUPERSCRIPT]]
	        > ∇[[OPERATOR]] _{\alpha}[[POSTSUBSCRIPT]] v[[UNKNOWN]] _{\beta}[[POSTSUBSCRIPT]] =[[RELOP]] ∂[[OPERATOR]] _{\alpha}[[POSTSUBSCRIPT]] v[[UNKNOWN]] _{\beta}[[POSTSUBSCRIPT]] -[[ADDOP]] {}^{\circ}[[FLOATSUPERSCRIPT]] Γ[[UNKNOWN]] ^{\gamma}[[POSTSUPERSCRIPT]] _{\beta\alpha}[[POSTSUBSCRIPT]] v[[UNKNOWN]] _{\gamma}[[POSTSUBSCRIPT]] ,[[PUNCT]] {}^{\circ}[[FLOATSUPERSCRIPT]] \bar{\nabla}[[UNKNOWN]] _{\alpha}[[POSTSUBSCRIPT]] v[[UNKNOWN]] _{\beta}[[POSTSUBSCRIPT]] =[[RELOP]] ∂[[OPERATOR]] _{\alpha}[[POSTSUBSCRIPT]] v[[UNKNOWN]] _{\beta}[[POSTSUBSCRIPT]] -[[ADDOP]] {}^{\circ}[[FLOATSUPERSCRIPT]] \bar{\Gamma}[[UNKNOWN]] ^{\gamma}[[POSTSUPERSCRIPT]] _{\beta\alpha}[[POSTSUBSCRIPT]] v[[UNKNOWN]] _{\gamma}[[POSTSUBSCRIPT]]
Warning:not_parsed:POSTSUBSCRIPT.UNKNOWN.POSTSUBSCRIPT>RELOP MathParser failed to match rule 'Anything'
	at 0304086.tex; line 594 col 0 - line 598 col 3
	In "\begin{equation}{}^{\circ}{\bar{\nabla}}_{\alpha}v_{\beta}={}^{\circ}\nabla_{%
	\alpha}v_{\beta}+{}^{\circ}Q_{\alpha\beta\gamma}v^{\gamma}=G_{\beta\gamma}{}^{%
	\circ}\nabla_{\alpha}v^{\gamma}\,.\end{equation}"
	{}^{\circ}[[FLOATSUPERSCRIPT]] \bar{\nabla}[[UNKNOWN]] _{\alpha}[[POSTSUBSCRIPT]] v[[UNKNOWN]] _{\beta}[[POSTSUBSCRIPT]]
	        > =[[RELOP]] {}^{\circ}[[FLOATSUPERSCRIPT]] ∇[[OPERATOR]] _{\alpha}[[POSTSUBSCRIPT]] v[[UNKNOWN]] _{\beta}[[POSTSUBSCRIPT]] +[[ADDOP]] {}^{\circ}[[FLOATSUPERSCRIPT]] Q[[UNKNOWN]] _{\alpha\beta\gamma}[[POSTSUBSCRIPT]] v[[UNKNOWN]] ^{\gamma}[[POSTSUPERSCRIPT]] =[[RELOP]] G[[UNKNOWN]] _{\beta\gamma}[[POSTSUBSCRIPT]] {}^{\circ}[[FLOATSUPERSCRIPT]] ∇[[OPERATOR]] _{\alpha}[[POSTSUBSCRIPT]] v[[UNKNOWN]] ^{\gamma}[[POSTSUPERSCRIPT]]
Warning:not_parsed:OPEN.UNKNOWN> MathParser failed to match rule 'Superscript'
	at 0304086.tex; line 611 col 68 - line 611 col 68
	In "\begin{equation}{}^{\circ}D_{\beta}\partial_{\alpha}x^{\mu}=D_{\beta}\partial_%
	{\alpha}x^{\mu}+\left({}^{\circ}K^{\mu}{}_{\nu\rho}+\hbox{${1\over 2}$}{}^{%
	\circ}Q^{\{\mu}{}_{\nu\rho\}}\right)\partial_{\alpha}x^{\nu}\partial_{\beta}x^%
	{\rho}\,.\end{equation}"
	\{[[OPEN]] μ[[UNKNOWN]]
	        > 
Warning:not_parsed:UNKNOWN.UNKNOWN>CLOSE MathParser failed to match rule 'Subscript'
	at 0304086.tex; line 612 col 3 - line 612 col 3
	ν[[UNKNOWN]] ρ[[UNKNOWN]]
	        > \}[[CLOSE]]
Warning:not_parsed:UNKNOWN.POSTSUPERSCRIPT.ADDOP>OPEN MathParser failed to match rule 'Anything'
	at 0304086.tex; line 609 col 0 - line 613 col 3
	{}^{\circ}[[FLOATSUPERSCRIPT]] D[[UNKNOWN]] _{\beta}[[POSTSUBSCRIPT]] ∂[[OPERATOR]] _{\alpha}[[POSTSUBSCRIPT]] x[[UNKNOWN]] ^{\mu}[[POSTSUPERSCRIPT]] =[[RELOP]] D[[UNKNOWN]] _{\beta}[[POSTSUBSCRIPT]] ∂[[OPERATOR]] _{\alpha}[[POSTSUBSCRIPT]] x[[UNKNOWN]] ^{\mu}[[POSTSUPERSCRIPT]] +[[ADDOP]]
	        > \left([[OPEN]] {}^{\circ}[[FLOATSUPERSCRIPT]] K[[UNKNOWN]] ^{\mu}[[POSTSUPERSCRIPT]] {}_{\nu\rho}[[FLOATSUBSCRIPT]] +[[ADDOP]] 1\over2[[UNKNOWN]] {}^{\circ}[[FLOATSUPERSCRIPT]] Q[[UNKNOWN]] ^{\{\mu}[[POSTSUPERSCRIPT]] {}_{\nu\rho\}}[[FLOATSUBSCRIPT]] \right)[[CLOSE]] ∂[[OPERATOR]] _{\alpha}[[POSTSUBSCRIPT]] x[[UNKNOWN]] ^{\nu}[[POSTSUPERSCRIPT]] ∂[[OPERATOR]] _{\beta}[[POSTSUBSCRIPT]] x[[UNKNOWN]] ^{\rho}[[POSTSUPERSCRIPT]]
Warning:not_parsed:POSTSUBSCRIPT.UNKNOWN.POSTSUPERSCRIPT>RELOP MathParser failed to match rule 'Anything'
	at 0304086.tex; line 631 col 0 - line 634 col 3
	In "\begin{equation}{}^{\circ}Q_{\alpha\beta\gamma}={}^{\circ}Q_{\mu\rho\sigma}%
	\partial_{\alpha}x^{\mu}\partial_{\beta}x^{\rho}\partial_{\gamma}x^{\sigma}=-{%
	}^{\circ}\nabla_{\alpha}G_{\beta\gamma}\,,\end{equation}"
	{}^{\circ}[[FLOATSUPERSCRIPT]] Q[[UNKNOWN]] _{\alpha\beta\gamma}[[POSTSUBSCRIPT]] =[[RELOP]] {}^{\circ}[[FLOATSUPERSCRIPT]] Q[[UNKNOWN]] _{\mu\rho\sigma}[[POSTSUBSCRIPT]] ∂[[OPERATOR]] _{\alpha}[[POSTSUBSCRIPT]] x[[UNKNOWN]] ^{\mu}[[POSTSUPERSCRIPT]] ∂[[OPERATOR]] _{\beta}[[POSTSUBSCRIPT]] x[[UNKNOWN]] ^{\rho}[[POSTSUPERSCRIPT]] ∂[[OPERATOR]] _{\gamma}[[POSTSUBSCRIPT]] x[[UNKNOWN]] ^{\sigma}[[POSTSUPERSCRIPT]]
	        > =[[RELOP]] -[[ADDOP]] {}^{\circ}[[FLOATSUPERSCRIPT]] ∇[[OPERATOR]] _{\alpha}[[POSTSUBSCRIPT]] G[[UNKNOWN]] _{\beta\gamma}[[POSTSUBSCRIPT]]
Warning:not_parsed:UNKNOWN.POSTSUBSCRIPT.ADDOP>FLOATSUPERSCRIPT MathParser failed to match rule 'Anything'
	at 0304086.tex; line 643 col 0 - line 648 col 3
	In "\begin{equation}{}^{\circ}b_{i\alpha\beta}=b_{i\alpha\beta}+{}^{\circ}\!K_{i%
	\alpha\beta}+\hbox{${1\over 2}$}{}^{\circ}\!Q_{\{i\alpha\beta\}}\equiv b_{i%
	\alpha\beta}+{}^{\circ}\!\stackrel{{\scriptstyle K}}{{b}}_{i\alpha\beta}+\hbox%
	{${1\over 2}$}{}^{\circ}\!\stackrel{{\scriptstyle Q}}{{b}}_{\{i\alpha\beta\}}%
	\,,\end{equation}"
	{}^{\circ}[[FLOATSUPERSCRIPT]] b[[UNKNOWN]] _{i\alpha\beta}[[POSTSUBSCRIPT]] =[[RELOP]] b[[UNKNOWN]] _{i\alpha\beta}[[POSTSUBSCRIPT]] +[[ADDOP]] {}^{\circ}[[FLOATSUPERSCRIPT]] K[[UNKNOWN]] _{i\alpha\beta}[[POSTSUBSCRIPT]] +[[ADDOP]] 1\over2[[UNKNOWN]] {}^{\circ}[[FLOATSUPERSCRIPT]] Q[[UNKNOWN]] _{\{i\alpha\beta\}}[[POSTSUBSCRIPT]] ≡[[RELOP]] b[[UNKNOWN]] _{i\alpha\beta}[[POSTSUBSCRIPT]] +[[ADDOP]]
	        > {}^{\circ}[[FLOATSUPERSCRIPT]] \stackrel{{\scriptstyleK}}{{b}}[[RELOP]] _{i\alpha\beta}[[POSTSUBSCRIPT]] +[[ADDOP]] 1\over2[[UNKNOWN]] {}^{\circ}[[FLOATSUPERSCRIPT]] \stackrel{{\scriptstyleQ}}{{b}}[[RELOP]] _{\{i\alpha\beta\}}[[POSTSUBSCRIPT]]
Warning:not_parsed:FLOATSUPERSCRIPT>RELOP MathParser failed to match rule 'Anything'
	at 0304086.tex; line 653 col 0 - line 657 col 3
	In "\begin{equation}{}^{\circ}\!\stackrel{{\scriptstyle T}}{{b}}_{i\alpha\beta}={}%
	^{\circ}T_{\mu\rho\sigma}n_{i}^{\mu}\partial_{\alpha}x^{\rho}\partial_{\beta}x%
	^{\sigma}\equiv{}^{\circ}T_{i\alpha\beta}\,,\end{equation}"
	{}^{\circ}[[FLOATSUPERSCRIPT]]
	        > \stackrel{{\scriptstyleT}}{{b}}[[RELOP]] _{i\alpha\beta}[[POSTSUBSCRIPT]] =[[RELOP]] {}^{\circ}[[FLOATSUPERSCRIPT]] T[[UNKNOWN]] _{\mu\rho\sigma}[[POSTSUBSCRIPT]] n[[UNKNOWN]] _{i}[[POSTSUBSCRIPT]] ^{\mu}[[POSTSUPERSCRIPT]] ∂[[OPERATOR]] _{\alpha}[[POSTSUBSCRIPT]] x[[UNKNOWN]] ^{\rho}[[POSTSUPERSCRIPT]] ∂[[OPERATOR]] _{\beta}[[POSTSUBSCRIPT]] x[[UNKNOWN]] ^{\sigma}[[POSTSUPERSCRIPT]] ≡[[RELOP]] {}^{\circ}[[FLOATSUPERSCRIPT]] T[[UNKNOWN]] _{i\alpha\beta}[[POSTSUBSCRIPT]]
Warning:not_parsed:FLOATSUPERSCRIPT>RELOP MathParser failed to match rule 'Anything'
	at 0304086.tex; line 658 col 0 - line 662 col 3
	In "\begin{equation}{}^{\circ}\!\stackrel{{\scriptstyle Q}}{{b}}_{i\alpha\beta}={}%
	^{\circ}\!Q_{\mu\rho\sigma}n_{i}^{\mu}\partial_{\alpha}x^{\rho}\partial_{\beta%
	}x^{\sigma}\equiv{}^{\circ}\!Q_{i\alpha\beta}\,,\end{equation}"
	{}^{\circ}[[FLOATSUPERSCRIPT]]
	        > \stackrel{{\scriptstyleQ}}{{b}}[[RELOP]] _{i\alpha\beta}[[POSTSUBSCRIPT]] =[[RELOP]] {}^{\circ}[[FLOATSUPERSCRIPT]] Q[[UNKNOWN]] _{\mu\rho\sigma}[[POSTSUBSCRIPT]] n[[UNKNOWN]] _{i}[[POSTSUBSCRIPT]] ^{\mu}[[POSTSUPERSCRIPT]] ∂[[OPERATOR]] _{\alpha}[[POSTSUBSCRIPT]] x[[UNKNOWN]] ^{\rho}[[POSTSUPERSCRIPT]] ∂[[OPERATOR]] _{\beta}[[POSTSUBSCRIPT]] x[[UNKNOWN]] ^{\sigma}[[POSTSUPERSCRIPT]] ≡[[RELOP]] {}^{\circ}[[FLOATSUPERSCRIPT]] Q[[UNKNOWN]] _{i\alpha\beta}[[POSTSUBSCRIPT]]
Warning:not_parsed:FLOATSUPERSCRIPT.UNKNOWN.POSTSUPERSCRIPT>FLOATSUBSCRIPT MathParser failed to match rule 'Anything'
	at 0304086.tex; line 671 col 0 - line 676 col 3
	In "\begin{equation}{}^{\circ}T^{\mu}{}_{\rho\sigma}\partial_{\alpha}x^{\rho}%
	\partial_{\beta}x^{\sigma}\equiv{}^{\circ}T^{\mu}{}_{\alpha\beta}={}^{\circ}T^%
	{\gamma}{}_{\alpha\beta}\partial_{\gamma}x^{\mu}+{}^{\circ}\!T^{i}_{\alpha%
	\beta}\,n_{i}^{\mu}\,,\end{equation}"
	{}^{\circ}[[FLOATSUPERSCRIPT]] T[[UNKNOWN]] ^{\mu}[[POSTSUPERSCRIPT]]
	        > {}_{\rho\sigma}[[FLOATSUBSCRIPT]] ∂[[OPERATOR]] _{\alpha}[[POSTSUBSCRIPT]] x[[UNKNOWN]] ^{\rho}[[POSTSUPERSCRIPT]] ∂[[OPERATOR]] _{\beta}[[POSTSUBSCRIPT]] x[[UNKNOWN]] ^{\sigma}[[POSTSUPERSCRIPT]] ≡[[RELOP]] {}^{\circ}[[FLOATSUPERSCRIPT]] T[[UNKNOWN]] ^{\mu}[[POSTSUPERSCRIPT]] {}_{\alpha\beta}[[FLOATSUBSCRIPT]] =[[RELOP]] {}^{\circ}[[FLOATSUPERSCRIPT]] T[[UNKNOWN]] ^{\gamma}[[POSTSUPERSCRIPT]] {}_{\alpha\beta}[[FLOATSUBSCRIPT]] ∂[[OPERATOR]] _{\gamma}[[POSTSUBSCRIPT]] x[[UNKNOWN]] ^{\mu}[[POSTSUPERSCRIPT]] +[[ADDOP]] {}^{\circ}[[FLOATSUPERSCRIPT]] T[[UNKNOWN]] ^{i}[[POSTSUPERSCRIPT]] _{\alpha\beta}[[POSTSUBSCRIPT]] n[[UNKNOWN]] _{i}[[POSTSUBSCRIPT]] ^{\mu}[[POSTSUPERSCRIPT]]
Warning:not_parsed:FLOATSUPERSCRIPT.UNKNOWN.POSTSUPERSCRIPT>FLOATSUBSCRIPT MathParser failed to match rule 'Anything'
	at 0304086.tex; line 677 col 0 - line 682 col 3
	In "\begin{equation}{}^{\circ}\!Q^{\mu}{}_{\rho\sigma}\partial_{\alpha}x^{\rho}%
	\partial_{\beta}x^{\sigma}\equiv{}^{\circ}\!Q^{\mu}{}_{\alpha\beta}={}^{\circ}%
	Q^{\gamma}{}_{\alpha\beta}\partial_{\gamma}x^{\mu}+{}^{\circ}\!Q^{i}_{\alpha%
	\beta}\,n_{i}^{\mu}\,.\end{equation}"
	{}^{\circ}[[FLOATSUPERSCRIPT]] Q[[UNKNOWN]] ^{\mu}[[POSTSUPERSCRIPT]]
	        > {}_{\rho\sigma}[[FLOATSUBSCRIPT]] ∂[[OPERATOR]] _{\alpha}[[POSTSUBSCRIPT]] x[[UNKNOWN]] ^{\rho}[[POSTSUPERSCRIPT]] ∂[[OPERATOR]] _{\beta}[[POSTSUBSCRIPT]] x[[UNKNOWN]] ^{\sigma}[[POSTSUPERSCRIPT]] ≡[[RELOP]] {}^{\circ}[[FLOATSUPERSCRIPT]] Q[[UNKNOWN]] ^{\mu}[[POSTSUPERSCRIPT]] {}_{\alpha\beta}[[FLOATSUBSCRIPT]] =[[RELOP]] {}^{\circ}[[FLOATSUPERSCRIPT]] Q[[UNKNOWN]] ^{\gamma}[[POSTSUPERSCRIPT]] {}_{\alpha\beta}[[FLOATSUBSCRIPT]] ∂[[OPERATOR]] _{\gamma}[[POSTSUBSCRIPT]] x[[UNKNOWN]] ^{\mu}[[POSTSUPERSCRIPT]] +[[ADDOP]] {}^{\circ}[[FLOATSUPERSCRIPT]] Q[[UNKNOWN]] ^{i}[[POSTSUPERSCRIPT]] _{\alpha\beta}[[POSTSUBSCRIPT]] n[[UNKNOWN]] _{i}[[POSTSUBSCRIPT]] ^{\mu}[[POSTSUPERSCRIPT]]
Warning:not_parsed:POSTSUBSCRIPT.UNKNOWN.POSTSUPERSCRIPT>RELOP MathParser failed to match rule 'Anything'
	at 0304086.tex; line 714 col 0 - line 719 col 3
	In "\begin{equation}{}^{\circ}D_{\alpha}V^{\mu}={}^{\circ}\nabla_{\alpha}v^{\beta}%
	\,\partial_{\beta}x^{\mu}+n_{i}^{\mu}\,{}^{\circ}b^{i}_{\beta\alpha}v^{\beta}+%
	n_{i}^{\mu}G^{ij}\,{}^{\circ}{\bar{\nabla}}_{\alpha}v_{j}-\partial_{\beta}x^{%
	\mu}v^{i}G^{\beta\gamma}\,{}^{\circ}\!{\bar{b}}_{i\gamma\alpha}\,.\end{equation}"
	{}^{\circ}[[FLOATSUPERSCRIPT]] D[[UNKNOWN]] _{\alpha}[[POSTSUBSCRIPT]] V[[UNKNOWN]] ^{\mu}[[POSTSUPERSCRIPT]]
	        > =[[RELOP]] {}^{\circ}[[FLOATSUPERSCRIPT]] ∇[[OPERATOR]] _{\alpha}[[POSTSUBSCRIPT]] v[[UNKNOWN]] ^{\beta}[[POSTSUPERSCRIPT]] ∂[[OPERATOR]] _{\beta}[[POSTSUBSCRIPT]] x[[UNKNOWN]] ^{\mu}[[POSTSUPERSCRIPT]] +[[ADDOP]] n[[UNKNOWN]] _{i}[[POSTSUBSCRIPT]] ^{\mu}[[POSTSUPERSCRIPT]] {}^{\circ}[[FLOATSUPERSCRIPT]] b[[UNKNOWN]] ^{i}[[POSTSUPERSCRIPT]] _{\beta\alpha}[[POSTSUBSCRIPT]] v[[UNKNOWN]] ^{\beta}[[POSTSUPERSCRIPT]] +[[ADDOP]] n[[UNKNOWN]] _{i}[[POSTSUBSCRIPT]] ^{\mu}[[POSTSUPERSCRIPT]] G[[UNKNOWN]] ^{ij}[[POSTSUPERSCRIPT]] {}^{\circ}[[FLOATSUPERSCRIPT]] \bar{\nabla}[[UNKNOWN]] _{\alpha}[[POSTSUBSCRIPT]] v[[UNKNOWN]] _{j}[[POSTSUBSCRIPT]] -[[ADDOP]] ∂[[OPERATOR]] _{\beta}[[POSTSUBSCRIPT]] x[[UNKNOWN]] ^{\mu}[[POSTSUPERSCRIPT]] v[[UNKNOWN]] ^{i}[[POSTSUPERSCRIPT]] G[[UNKNOWN]] ^{\beta\gamma}[[POSTSUPERSCRIPT]] {}^{\circ}[[FLOATSUPERSCRIPT]] \bar{b}[[UNKNOWN]] _{i\gamma\alpha}[[POSTSUBSCRIPT]]
Warning:not_parsed:RELOP.UNKNOWN.POSTSUBSCRIPT>OPEN MathParser failed to match rule 'Anything'
	at 0304086.tex; line 721 col 0 - line 727 col 3
	In "\begin{equation}{}^{\circ}D_{\alpha}V_{\mu}=G_{\mu\nu}\left[G^{\beta\gamma}%
	\partial_{\beta}x^{\nu}{}^{\circ}\nabla_{\alpha}v_{\gamma}+n_{i}^{\nu}\,{}^{%
	\circ}{\bar{b}}^{i}_{\beta\alpha}v^{\beta}\right]+G_{\mu\nu}\left[G^{ij}n_{i}^%
	{\nu}{}^{\circ}\nabla_{\alpha}v_{j}-G^{\beta\gamma}\partial_{\beta}x^{\nu}v^{i%
	}\,{}^{\circ}b_{i\gamma\alpha}\right]\,.\end{equation}"
	{}^{\circ}[[FLOATSUPERSCRIPT]] D[[UNKNOWN]] _{\alpha}[[POSTSUBSCRIPT]] V[[UNKNOWN]] _{\mu}[[POSTSUBSCRIPT]] =[[RELOP]] G[[UNKNOWN]] _{\mu\nu}[[POSTSUBSCRIPT]]
	        > \left[[[OPEN]] G[[UNKNOWN]] ^{\beta\gamma}[[POSTSUPERSCRIPT]] ∂[[OPERATOR]] _{\beta}[[POSTSUBSCRIPT]] x[[UNKNOWN]] ^{\nu}[[POSTSUPERSCRIPT]] {}^{\circ}[[FLOATSUPERSCRIPT]] ∇[[OPERATOR]] _{\alpha}[[POSTSUBSCRIPT]] v[[UNKNOWN]] _{\gamma}[[POSTSUBSCRIPT]] +[[ADDOP]] n[[UNKNOWN]] _{i}[[POSTSUBSCRIPT]] ^{\nu}[[POSTSUPERSCRIPT]] {}^{\circ}[[FLOATSUPERSCRIPT]] \bar{b}[[UNKNOWN]] ^{i}[[POSTSUPERSCRIPT]] _{\beta\alpha}[[POSTSUBSCRIPT]] v[[UNKNOWN]] ^{\beta}[[POSTSUPERSCRIPT]] \right][[CLOSE]] +[[ADDOP]] G[[UNKNOWN]] _{\mu\nu}[[POSTSUBSCRIPT]] \left[[[OPEN]] G[[UNKNOWN]] ^{ij}[[POSTSUPERSCRIPT]] n[[UNKNOWN]] _{i}[[POSTSUBSCRIPT]] ^{\nu}[[POSTSUPERSCRIPT]] {}^{\circ}[[FLOATSUPERSCRIPT]] ∇[[OPERATOR]] _{\alpha}[[POSTSUBSCRIPT]] v[[UNKNOWN]] _{j}[[POSTSUBSCRIPT]] -[[ADDOP]] G[[UNKNOWN]] ^{\beta\gamma}[[POSTSUPERSCRIPT]] ∂[[OPERATOR]] _{\beta}[[POSTSUBSCRIPT]] x[[UNKNOWN]] ^{\nu}[[POSTSUPERSCRIPT]] v[[UNKNOWN]] ^{i}[[POSTSUPERSCRIPT]] {}^{\circ}[[FLOATSUPERSCRIPT]] b[[UNKNOWN]] _{i\gamma\alpha}[[POSTSUBSCRIPT]] \right][[CLOSE]]
Warning:not_parsed:UNKNOWN.POSTSUPERSCRIPT.POSTSUBSCRIPT>RELOP MathParser failed to match rule 'Anything'
	at 0304086.tex; line 731 col 0 - line 734 col 3
	In "\begin{equation}{}^{\circ}D_{\alpha}V^{\mu}_{\Sigma}={}^{\circ}\nabla_{\alpha}%
	v^{\beta}\,\partial_{\beta}x^{\mu}+n_{i}^{\mu}\,{}^{\circ}b^{i}_{\beta\alpha}v%
	^{\beta}\,,\end{equation}"
	{}^{\circ}[[FLOATSUPERSCRIPT]] D[[UNKNOWN]] _{\alpha}[[POSTSUBSCRIPT]] V[[UNKNOWN]] ^{\mu}[[POSTSUPERSCRIPT]] _{\Sigma}[[POSTSUBSCRIPT]]
	        > =[[RELOP]] {}^{\circ}[[FLOATSUPERSCRIPT]] ∇[[OPERATOR]] _{\alpha}[[POSTSUBSCRIPT]] v[[UNKNOWN]] ^{\beta}[[POSTSUPERSCRIPT]] ∂[[OPERATOR]] _{\beta}[[POSTSUBSCRIPT]] x[[UNKNOWN]] ^{\mu}[[POSTSUPERSCRIPT]] +[[ADDOP]] n[[UNKNOWN]] _{i}[[POSTSUBSCRIPT]] ^{\mu}[[POSTSUPERSCRIPT]] {}^{\circ}[[FLOATSUPERSCRIPT]] b[[UNKNOWN]] ^{i}[[POSTSUPERSCRIPT]] _{\beta\alpha}[[POSTSUBSCRIPT]] v[[UNKNOWN]] ^{\beta}[[POSTSUPERSCRIPT]]
Warning:not_parsed:RELOP.UNKNOWN.POSTSUBSCRIPT>OPEN MathParser failed to match rule 'Anything'
	at 0304086.tex; line 735 col 0 - line 739 col 3
	In "\begin{equation}{}^{\circ}D_{\alpha}V_{\mu}^{\Sigma}=G_{\mu\nu}\left[G^{\beta%
	\gamma}\partial_{\beta}x^{\nu}\,{}^{\circ}\nabla_{\alpha}v_{\gamma}+n_{i}^{\nu%
	}\,{}^{\circ}{\bar{b}}^{i}_{\beta\alpha}v^{\beta}\right]\,.\end{equation}"
	{}^{\circ}[[FLOATSUPERSCRIPT]] D[[UNKNOWN]] _{\alpha}[[POSTSUBSCRIPT]] V[[UNKNOWN]] _{\mu}[[POSTSUBSCRIPT]] ^{\Sigma}[[POSTSUPERSCRIPT]] =[[RELOP]] G[[UNKNOWN]] _{\mu\nu}[[POSTSUBSCRIPT]]
	        > \left[[[OPEN]] G[[UNKNOWN]] ^{\beta\gamma}[[POSTSUPERSCRIPT]] ∂[[OPERATOR]] _{\beta}[[POSTSUBSCRIPT]] x[[UNKNOWN]] ^{\nu}[[POSTSUPERSCRIPT]] {}^{\circ}[[FLOATSUPERSCRIPT]] ∇[[OPERATOR]] _{\alpha}[[POSTSUBSCRIPT]] v[[UNKNOWN]] _{\gamma}[[POSTSUBSCRIPT]] +[[ADDOP]] n[[UNKNOWN]] _{i}[[POSTSUBSCRIPT]] ^{\nu}[[POSTSUPERSCRIPT]] {}^{\circ}[[FLOATSUPERSCRIPT]] \bar{b}[[UNKNOWN]] ^{i}[[POSTSUPERSCRIPT]] _{\beta\alpha}[[POSTSUBSCRIPT]] v[[UNKNOWN]] ^{\beta}[[POSTSUPERSCRIPT]] \right][[CLOSE]]
Warning:not_parsed:POSTSUBSCRIPT.UNKNOWN.POSTSUPERSCRIPT>RELOP MathParser failed to match rule 'Anything'
	at 0304086.tex; line 741 col 0 - line 744 col 3
	In "\begin{equation}({}^{\circ}D_{\alpha}V_{\mu})\partial_{\beta}x^{\mu}={}^{\circ%
	}\nabla_{\alpha}v_{\beta}-v^{i}\,{}^{\circ}b_{i\beta\alpha}\,,\end{equation}"
	([[OPEN]] {}^{\circ}[[FLOATSUPERSCRIPT]] D[[UNKNOWN]] _{\alpha}[[POSTSUBSCRIPT]] V[[UNKNOWN]] _{\mu}[[POSTSUBSCRIPT]] )[[CLOSE]] ∂[[OPERATOR]] _{\beta}[[POSTSUBSCRIPT]] x[[UNKNOWN]] ^{\mu}[[POSTSUPERSCRIPT]]
	        > =[[RELOP]] {}^{\circ}[[FLOATSUPERSCRIPT]] ∇[[OPERATOR]] _{\alpha}[[POSTSUBSCRIPT]] v[[UNKNOWN]] _{\beta}[[POSTSUBSCRIPT]] -[[ADDOP]] v[[UNKNOWN]] ^{i}[[POSTSUPERSCRIPT]] {}^{\circ}[[FLOATSUPERSCRIPT]] b[[UNKNOWN]] _{i\beta\alpha}[[POSTSUBSCRIPT]]
Warning:not_parsed:POSTSUPERSCRIPT.UNKNOWN.ATOM>OPEN MathParser failed to match rule 'Anything'
	at 0304086.tex; line 1010 col 0 - line 1014 col 3
	In "\begin{equation}S=\kappa\int_{\Sigma}d^{2}\xi\sqrt{-g}\left\{\left[{1\over 2}g%
	^{\alpha\beta}G_{\mu\nu}(x)+{\varepsilon^{\alpha\beta}\over\sqrt{-g}}B_{\mu\nu%
	}(x)\right]\partial_{\alpha}x^{\mu}\partial_{\beta}x^{\nu}+\Phi(x)\stackrel{{%
	\scriptstyle\omega}}{{R}}^{(2)}\right\}\,,\end{equation}"
	S[[UNKNOWN]] =[[RELOP]] κ[[UNKNOWN]] ∫[[INTOP]] _{\Sigma}[[POSTSUBSCRIPT]] d[[UNKNOWN]] ^{2}[[POSTSUPERSCRIPT]] ξ[[UNKNOWN]] \sqrt{-g}[[UNKNOWN]]
	        > \left\{[[OPEN]] \left[[[OPEN]] 1\over2[[UNKNOWN]] g[[UNKNOWN]] ^{\alpha\beta}[[POSTSUPERSCRIPT]] G[[UNKNOWN]] _{\mu\nu}[[POSTSUBSCRIPT]] ([[OPEN]] x[[UNKNOWN]] )[[CLOSE]] +[[ADDOP]] \varepsilon^{\alpha\beta}\over\sqrt{-g}[[UNKNOWN]] B[[UNKNOWN]] _{\mu\nu}[[POSTSUBSCRIPT]] ([[OPEN]] x[[UNKNOWN]] )[[CLOSE]] \right][[CLOSE]] ∂[[OPERATOR]] _{\alpha}[[POSTSUBSCRIPT]] x[[UNKNOWN]] ^{\mu}[[POSTSUPERSCRIPT]] ∂[[OPERATOR]] _{\beta}[[POSTSUBSCRIPT]] x[[UNKNOWN]] ^{\nu}[[POSTSUPERSCRIPT]] +[[ADDOP]] Φ[[UNKNOWN]] ([[OPEN]] x[[UNKNOWN]] )[[CLOSE]] \stackrel{{\scriptstyle\omega}}{{R}}[[RELOP]] ^{(2)}[[POSTSUPERSCRIPT]] \right\}[[CLOSE]]
Warning:not_parsed:UNKNOWN.POSTSUPERSCRIPT>FLOATSUBSCRIPT MathParser failed to match rule 'Anything'
	at 0304086.tex; line 1030 col 0 - line 1032 col 3
	In "\begin{equation}P^{T}{}_{\mu\nu}=G_{\mu\nu}-{a_{\mu}a_{\nu}\over a^{2}}=G_{\mu%
	\nu}-\varepsilon n_{\mu}n_{\nu}\equiv G_{\mu\nu}^{D-1}\,,\end{equation}"
	P[[UNKNOWN]] ^{T}[[POSTSUPERSCRIPT]]
	        > {}_{\mu\nu}[[FLOATSUBSCRIPT]] =[[RELOP]] G[[UNKNOWN]] _{\mu\nu}[[POSTSUBSCRIPT]] -[[ADDOP]] a_{\mu}a_{\nu}\overa^{2}[[UNKNOWN]] =[[RELOP]] G[[UNKNOWN]] _{\mu\nu}[[POSTSUBSCRIPT]] -[[ADDOP]] ε[[UNKNOWN]] n[[UNKNOWN]] _{\mu}[[POSTSUBSCRIPT]] n[[UNKNOWN]] _{\nu}[[POSTSUBSCRIPT]] ≡[[RELOP]] G[[UNKNOWN]] _{\mu\nu}[[POSTSUBSCRIPT]] ^{D-1}[[POSTSUPERSCRIPT]]
Warning:not_parsed:UNKNOWN.POSTSUPERSCRIPT.CLOSE>RELOP MathParser failed to match rule 'Anything'
	at 0304086.tex; line 1104 col 0 - line 1107 col 3
	In "\begin{equation}[J^{\mu}]\equiv\stackrel{{\scriptstyle\omega}}{{\nabla}}_{\mp}%
	\partial_{\pm}x^{\mu}+{}^{\star}\Gamma_{\mp\rho\sigma}^{\mu}\partial_{\pm}x^{%
	\rho}\partial_{\mp}x^{\sigma}=0\,,\end{equation}"
	[[[OPEN]] J[[UNKNOWN]] ^{\mu}[[POSTSUPERSCRIPT]] ][[CLOSE]]
	        > ≡[[RELOP]] \stackrel{{\scriptstyle\omega}}{{\nabla}}[[RELOP]] _{\mp}[[POSTSUBSCRIPT]] ∂[[OPERATOR]] _{\pm}[[POSTSUBSCRIPT]] x[[UNKNOWN]] ^{\mu}[[POSTSUPERSCRIPT]] +[[ADDOP]] {}^{\star}[[FLOATSUPERSCRIPT]] Γ[[UNKNOWN]] _{\mp\rho\sigma}[[POSTSUBSCRIPT]] ^{\mu}[[POSTSUPERSCRIPT]] ∂[[OPERATOR]] _{\pm}[[POSTSUBSCRIPT]] x[[UNKNOWN]] ^{\rho}[[POSTSUPERSCRIPT]] ∂[[OPERATOR]] _{\mp}[[POSTSUBSCRIPT]] x[[UNKNOWN]] ^{\sigma}[[POSTSUPERSCRIPT]] =[[RELOP]] 0[[NUMBER]]
Warning:not_parsed:UNKNOWN.POSTSUPERSCRIPT.CLOSE>RELOP MathParser failed to match rule 'Anything'
	at 0304086.tex; line 1111 col 0 - line 1113 col 3
	In "\begin{equation}[i^{F}]\equiv\stackrel{{\scriptstyle\omega}}{{R}}^{(2)}+{2%
	\over a^{2}}(D_{\mp\mu}a_{\nu})\partial_{\pm}x^{\nu}\partial_{\mp}x^{\mu}=0\,,\end{equation}"
	[[[OPEN]] i[[UNKNOWN]] ^{F}[[POSTSUPERSCRIPT]] ][[CLOSE]]
	        > ≡[[RELOP]] \stackrel{{\scriptstyle\omega}}{{R}}[[RELOP]] ^{(2)}[[POSTSUPERSCRIPT]] +[[ADDOP]] 2\overa^{2}[[UNKNOWN]] ([[OPEN]] D[[UNKNOWN]] _{\mp\mu}[[POSTSUBSCRIPT]] a[[UNKNOWN]] _{\nu}[[POSTSUBSCRIPT]] )[[CLOSE]] ∂[[OPERATOR]] _{\pm}[[POSTSUBSCRIPT]] x[[UNKNOWN]] ^{\nu}[[POSTSUPERSCRIPT]] ∂[[OPERATOR]] _{\mp}[[POSTSUBSCRIPT]] x[[UNKNOWN]] ^{\mu}[[POSTSUPERSCRIPT]] =[[RELOP]] 0[[NUMBER]]
Warning:not_parsed:ADDOP.UNKNOWN.POSTSUPERSCRIPT>FLOATSUBSCRIPT MathParser failed to match rule 'Anything'
	at 0304086.tex; line 1133 col 0 - line 1137 col 3
	In "\begin{equation}[x^{\mu}]\equiv g^{\alpha\beta}\stackrel{{\scriptstyle\omega}}%
	{{\nabla}}_{\alpha}\partial_{\beta}x^{\mu}+\Gamma^{(\alpha\beta)\mu}{}_{\rho%
	\sigma}\partial_{\alpha}x^{\rho}\partial_{\beta}x^{\sigma}-a^{\mu}\stackrel{{%
	\scriptstyle\omega}}{{R}}^{(2)}=0\,,\end{equation}"
	[[[OPEN]] x[[UNKNOWN]] ^{\mu}[[POSTSUPERSCRIPT]] ][[CLOSE]] ≡[[RELOP]] g[[UNKNOWN]] ^{\alpha\beta}[[POSTSUPERSCRIPT]] \stackrel{{\scriptstyle\omega}}{{\nabla}}[[RELOP]] _{\alpha}[[POSTSUBSCRIPT]] ∂[[OPERATOR]] _{\beta}[[POSTSUBSCRIPT]] x[[UNKNOWN]] ^{\mu}[[POSTSUPERSCRIPT]] +[[ADDOP]] Γ[[UNKNOWN]] ^{(\alpha\beta)\mu}[[POSTSUPERSCRIPT]]
	        > {}_{\rho\sigma}[[FLOATSUBSCRIPT]] ∂[[OPERATOR]] _{\alpha}[[POSTSUBSCRIPT]] x[[UNKNOWN]] ^{\rho}[[POSTSUPERSCRIPT]] ∂[[OPERATOR]] _{\beta}[[POSTSUBSCRIPT]] x[[UNKNOWN]] ^{\sigma}[[POSTSUPERSCRIPT]] -[[ADDOP]] a[[UNKNOWN]] ^{\mu}[[POSTSUPERSCRIPT]] \stackrel{{\scriptstyle\omega}}{{R}}[[RELOP]] ^{(2)}[[POSTSUPERSCRIPT]] =[[RELOP]] 0[[NUMBER]]
Warning:not_parsed:UNKNOWN.POSTSUPERSCRIPT>FLOATSUBSCRIPT MathParser failed to match rule 'Anything'
	at 0304086.tex; line 1139 col 0 - line 1142 col 3
	In "\begin{equation}\Gamma^{(\alpha\beta)\mu}{}_{\rho\sigma}=g^{\alpha\beta}\,%
	\Gamma^{\mu}_{\rho\sigma}-{\varepsilon^{\alpha\beta}\over\sqrt{-g}}B^{\mu}_{%
	\rho\sigma}\,.\end{equation}"
	Γ[[UNKNOWN]] ^{(\alpha\beta)\mu}[[POSTSUPERSCRIPT]]
	        > {}_{\rho\sigma}[[FLOATSUBSCRIPT]] =[[RELOP]] g[[UNKNOWN]] ^{\alpha\beta}[[POSTSUPERSCRIPT]] Γ[[UNKNOWN]] ^{\mu}[[POSTSUPERSCRIPT]] _{\rho\sigma}[[POSTSUBSCRIPT]] -[[ADDOP]] \varepsilon^{\alpha\beta}\over\sqrt{-g}[[UNKNOWN]] B[[UNKNOWN]] ^{\mu}[[POSTSUPERSCRIPT]] _{\rho\sigma}[[POSTSUBSCRIPT]]
Warning:not_parsed:UNKNOWN.POSTSUPERSCRIPT>FLOATSUBSCRIPT MathParser failed to match rule 'Anything'
	at 0304086.tex; line 1146 col 0 - line 1149 col 3
	In "\begin{equation}\Gamma^{(\mp\pm)\mu}{}_{\rho\sigma}=\Gamma^{\mu}_{\pm\rho%
	\sigma}\,,\qquad\Gamma^{(\pm\pm)\mu}{}_{\rho\sigma}=0\,.\end{equation}"
	Γ[[UNKNOWN]] ^{(\mp\pm)\mu}[[POSTSUPERSCRIPT]]
	        > {}_{\rho\sigma}[[FLOATSUBSCRIPT]] =[[RELOP]] Γ[[UNKNOWN]] ^{\mu}[[POSTSUPERSCRIPT]] _{\pm\rho\sigma}[[POSTSUBSCRIPT]] ,[[PUNCT]] Γ[[UNKNOWN]] ^{(\pm\pm)\mu}[[POSTSUPERSCRIPT]] {}_{\rho\sigma}[[FLOATSUBSCRIPT]] =[[RELOP]] 0[[NUMBER]]
Warning:not_parsed:OPEN.UNKNOWN.CLOSE>RELOP MathParser failed to match rule 'Anything'
	at 0304086.tex; line 1160 col 0 - line 1162 col 3
	In "\begin{equation}[F]\equiv\stackrel{{\scriptstyle\omega}}{{\Delta}}\Phi=0\,,\end{equation}"
	[[[OPEN]] F[[UNKNOWN]] ][[CLOSE]]
	        > ≡[[RELOP]] \stackrel{{\scriptstyle\omega}}{{\Delta}}[[RELOP]] Φ[[UNKNOWN]] =[[RELOP]] 0[[NUMBER]]
Warning:not_parsed:POSTSUPERSCRIPT.POSTSUBSCRIPT.CLOSE>RELOP MathParser failed to match rule 'Anything'
	at 0304086.tex; line 1172 col 0 - line 1175 col 3
	In "\begin{equation}[x^{\mu}_{\pm}]\equiv\stackrel{{\scriptstyle\omega}}{{\nabla}}%
	_{\mp}{\partial}_{\pm}x^{\mu}+\Gamma_{\mp\rho\sigma}^{\mu}{\partial}_{\pm}x^{%
	\rho}{\partial}_{\mp}x^{\sigma}-\hbox{${1\over 2}$}a^{\mu}\stackrel{{%
	\scriptstyle\omega}}{{R}}^{(2)}=0\,,\end{equation}"
	[[[OPEN]] x[[UNKNOWN]] ^{\mu}[[POSTSUPERSCRIPT]] _{\pm}[[POSTSUBSCRIPT]] ][[CLOSE]]
	        > ≡[[RELOP]] \stackrel{{\scriptstyle\omega}}{{\nabla}}[[RELOP]] _{\mp}[[POSTSUBSCRIPT]] ∂[[OPERATOR]] _{\pm}[[POSTSUBSCRIPT]] x[[UNKNOWN]] ^{\mu}[[POSTSUPERSCRIPT]] +[[ADDOP]] Γ[[UNKNOWN]] _{\mp\rho\sigma}[[POSTSUBSCRIPT]] ^{\mu}[[POSTSUPERSCRIPT]] ∂[[OPERATOR]] _{\pm}[[POSTSUBSCRIPT]] x[[UNKNOWN]] ^{\rho}[[POSTSUPERSCRIPT]] ∂[[OPERATOR]] _{\mp}[[POSTSUBSCRIPT]] x[[UNKNOWN]] ^{\sigma}[[POSTSUPERSCRIPT]] -[[ADDOP]] 1\over2[[UNKNOWN]] a[[UNKNOWN]] ^{\mu}[[POSTSUPERSCRIPT]] \stackrel{{\scriptstyle\omega}}{{R}}[[RELOP]] ^{(2)}[[POSTSUPERSCRIPT]] =[[RELOP]] 0[[NUMBER]]
Warning:not_parsed:RELOP.UNKNOWN.POSTSUPERSCRIPT>FLOATSUBSCRIPT MathParser failed to match rule 'Anything'
	at 0304086.tex; line 1180 col 0 - line 1183 col 3
	In "\begin{equation}[i^{F}]=-{1\over a^{2}}\left(a_{\mu}[x^{\mu}]+[F]\right)\,,%
	\qquad 2[J^{\mu}]=P^{T\mu}{}_{\nu}[x^{\nu}]+{a^{\mu}\over a^{2}}[F]\,.\end{equation}"
	[[[OPEN]] i[[UNKNOWN]] ^{F}[[POSTSUPERSCRIPT]] ][[CLOSE]] =[[RELOP]] -[[ADDOP]] 1\overa^{2}[[UNKNOWN]] \left([[OPEN]] a[[UNKNOWN]] _{\mu}[[POSTSUBSCRIPT]] [[[OPEN]] x[[UNKNOWN]] ^{\mu}[[POSTSUPERSCRIPT]] ][[CLOSE]] +[[ADDOP]] [[[OPEN]] F[[UNKNOWN]] ][[CLOSE]] \right)[[CLOSE]] ,[[PUNCT]] 2[[NUMBER]] [[[OPEN]] J[[UNKNOWN]] ^{\mu}[[POSTSUPERSCRIPT]] ][[CLOSE]] =[[RELOP]] P[[UNKNOWN]] ^{T\mu}[[POSTSUPERSCRIPT]]
	        > {}_{\nu}[[FLOATSUBSCRIPT]] [[[OPEN]] x[[UNKNOWN]] ^{\nu}[[POSTSUPERSCRIPT]] ][[CLOSE]] +[[ADDOP]] a^{\mu}\overa^{2}[[UNKNOWN]] [[[OPEN]] F[[UNKNOWN]] ][[CLOSE]]
Warning:not_parsed:FLOATSUPERSCRIPT.UNKNOWN.POSTSUBSCRIPT>FLOATSUPERSCRIPT MathParser failed to match rule 'Anything'
	at 0304086.tex; line 1207 col 0 - line 1210 col 3
	In "\begin{equation}{}^{\star}T_{\pm}{}^{\rho}_{\mu\nu}={}^{\star}\Gamma_{\pm}{}^{%
	\rho}_{\mu\nu}-{}^{\star}\Gamma_{\pm}{}^{\rho}_{\nu\mu}=\pm 2P^{T\rho}{}_{%
	\sigma}B^{\sigma}_{\mu\nu}\,.\end{equation}"
	{}^{\star}[[FLOATSUPERSCRIPT]] T[[UNKNOWN]] _{\pm}[[POSTSUBSCRIPT]]
	        > {}^{\rho}[[FLOATSUPERSCRIPT]] _{\mu\nu}[[POSTSUBSCRIPT]] =[[RELOP]] {}^{\star}[[FLOATSUPERSCRIPT]] Γ[[UNKNOWN]] _{\pm}[[POSTSUBSCRIPT]] {}^{\rho}[[FLOATSUPERSCRIPT]] _{\mu\nu}[[POSTSUBSCRIPT]] -[[ADDOP]] {}^{\star}[[FLOATSUPERSCRIPT]] Γ[[UNKNOWN]] _{\pm}[[POSTSUBSCRIPT]] {}^{\rho}[[FLOATSUPERSCRIPT]] _{\nu\mu}[[POSTSUBSCRIPT]] =[[RELOP]] ±[[ADDOP]] 2[[NUMBER]] P[[UNKNOWN]] ^{T\rho}[[POSTSUPERSCRIPT]] {}_{\sigma}[[FLOATSUBSCRIPT]] B[[UNKNOWN]] ^{\sigma}[[POSTSUPERSCRIPT]] _{\mu\nu}[[POSTSUBSCRIPT]]
Warning:not_parsed:FLOATSUPERSCRIPT.UNKNOWN>ARROW MathParser failed to match rule 'Anything'
	at 0304086.tex; line 1240 col 0 - line 1242 col 3
	In "\begin{equation}{}^{\star}Q\kern-12.0pt\nearrow_{\pm\mu\rho\sigma}={}^{\star}Q%
	_{\pm\mu\rho\sigma}-G_{\rho\sigma}{}^{\star}Q_{\mu}=0\,,\end{equation}"
	{}^{\star}[[FLOATSUPERSCRIPT]] Q[[UNKNOWN]]
	        > ↗[[ARROW]] _{\pm\mu\rho\sigma}[[POSTSUBSCRIPT]] =[[RELOP]] {}^{\star}[[FLOATSUPERSCRIPT]] Q[[UNKNOWN]] _{\pm\mu\rho\sigma}[[POSTSUBSCRIPT]] -[[ADDOP]] G[[UNKNOWN]] _{\rho\sigma}[[POSTSUBSCRIPT]] {}^{\star}[[FLOATSUPERSCRIPT]] Q[[UNKNOWN]] _{\mu}[[POSTSUBSCRIPT]] =[[RELOP]] 0[[NUMBER]]
Warning:not_parsed:POSTSUBSCRIPT.POSTSUPERSCRIPT.CLOSE>RELOP MathParser failed to match rule 'Anything'
	at 0304086.tex; line 1300 col 0 - line 1304 col 3
	In "\begin{equation}[j_{G}^{\mu}]\equiv\,\stackrel{{\scriptstyle\omega}}{{\nabla}}%
	_{\mp}\partial_{\pm}x^{\mu}+\Gamma_{\rho\sigma}^{\mu}\partial_{\pm}x^{\rho}%
	\partial_{\mp}x^{\sigma}=0\,,\qquad[h^{\pm}]\equiv G_{\mu\nu}\partial_{\pm}x^{%
	\mu}\partial_{\pm}x^{\nu}=0\,,\end{equation}"
	[[[OPEN]] j[[UNKNOWN]] _{G}[[POSTSUBSCRIPT]] ^{\mu}[[POSTSUPERSCRIPT]] ][[CLOSE]]
	        > ≡[[RELOP]] \stackrel{{\scriptstyle\omega}}{{\nabla}}[[RELOP]] _{\mp}[[POSTSUBSCRIPT]] ∂[[OPERATOR]] _{\pm}[[POSTSUBSCRIPT]] x[[UNKNOWN]] ^{\mu}[[POSTSUPERSCRIPT]] +[[ADDOP]] Γ[[UNKNOWN]] _{\rho\sigma}[[POSTSUBSCRIPT]] ^{\mu}[[POSTSUPERSCRIPT]] ∂[[OPERATOR]] _{\pm}[[POSTSUBSCRIPT]] x[[UNKNOWN]] ^{\rho}[[POSTSUPERSCRIPT]] ∂[[OPERATOR]] _{\mp}[[POSTSUBSCRIPT]] x[[UNKNOWN]] ^{\sigma}[[POSTSUPERSCRIPT]] =[[RELOP]] 0[[NUMBER]] ,[[PUNCT]] [[[OPEN]] h[[UNKNOWN]] ^{\pm}[[POSTSUPERSCRIPT]] ][[CLOSE]] ≡[[RELOP]] G[[UNKNOWN]] _{\mu\nu}[[POSTSUBSCRIPT]] ∂[[OPERATOR]] _{\pm}[[POSTSUBSCRIPT]] x[[UNKNOWN]] ^{\mu}[[POSTSUPERSCRIPT]] ∂[[OPERATOR]] _{\pm}[[POSTSUBSCRIPT]] x[[UNKNOWN]] ^{\nu}[[POSTSUPERSCRIPT]] =[[RELOP]] 0[[NUMBER]]
Warning:not_parsed:UNKNOWN.POSTSUPERSCRIPT.CLOSE>RELOP MathParser failed to match rule 'Anything'
	at 0304086.tex; line 1378 col 0 - line 1382 col 3
	In "\begin{equation}[j^{\mu}]\equiv\,\stackrel{{\scriptstyle\omega}}{{\nabla}}_{%
	\mp}\partial_{\pm}x^{\mu}+\Gamma_{\mp\rho\sigma}^{\mu}\partial_{\pm}x^{\rho}%
	\partial_{\mp}x^{\sigma}=0\,,\qquad[h^{\pm}]\equiv G_{\mu\nu}\partial_{\pm}x^{%
	\mu}\partial_{\pm}x^{\nu}=0\,.\end{equation}"
	[[[OPEN]] j[[UNKNOWN]] ^{\mu}[[POSTSUPERSCRIPT]] ][[CLOSE]]
	        > ≡[[RELOP]] \stackrel{{\scriptstyle\omega}}{{\nabla}}[[RELOP]] _{\mp}[[POSTSUBSCRIPT]] ∂[[OPERATOR]] _{\pm}[[POSTSUBSCRIPT]] x[[UNKNOWN]] ^{\mu}[[POSTSUPERSCRIPT]] +[[ADDOP]] Γ[[UNKNOWN]] _{\mp\rho\sigma}[[POSTSUBSCRIPT]] ^{\mu}[[POSTSUPERSCRIPT]] ∂[[OPERATOR]] _{\pm}[[POSTSUBSCRIPT]] x[[UNKNOWN]] ^{\rho}[[POSTSUPERSCRIPT]] ∂[[OPERATOR]] _{\mp}[[POSTSUBSCRIPT]] x[[UNKNOWN]] ^{\sigma}[[POSTSUPERSCRIPT]] =[[RELOP]] 0[[NUMBER]] ,[[PUNCT]] [[[OPEN]] h[[UNKNOWN]] ^{\pm}[[POSTSUPERSCRIPT]] ][[CLOSE]] ≡[[RELOP]] G[[UNKNOWN]] _{\mu\nu}[[POSTSUBSCRIPT]] ∂[[OPERATOR]] _{\pm}[[POSTSUBSCRIPT]] x[[UNKNOWN]] ^{\mu}[[POSTSUPERSCRIPT]] ∂[[OPERATOR]] _{\pm}[[POSTSUBSCRIPT]] x[[UNKNOWN]] ^{\nu}[[POSTSUPERSCRIPT]] =[[RELOP]] 0[[NUMBER]]
Warning:not_parsed:UNKNOWN.POSTSUBSCRIPT>FLOATSUPERSCRIPT MathParser failed to match rule 'Anything'
	at 0304086.tex; line 1395 col 0 - line 1398 col 3
	In "\begin{equation}T_{\pm}{}^{\rho}_{\mu\nu}=\Gamma_{\pm}{}^{\rho}_{\mu\nu}-%
	\Gamma_{\pm}{}^{\rho}_{\nu\mu}=\pm 2B^{\rho}_{\mu\nu}\,,\end{equation}"
	T[[UNKNOWN]] _{\pm}[[POSTSUBSCRIPT]]
	        > {}^{\rho}[[FLOATSUPERSCRIPT]] _{\mu\nu}[[POSTSUBSCRIPT]] =[[RELOP]] Γ[[UNKNOWN]] _{\pm}[[POSTSUBSCRIPT]] {}^{\rho}[[FLOATSUPERSCRIPT]] _{\mu\nu}[[POSTSUBSCRIPT]] -[[ADDOP]] Γ[[UNKNOWN]] _{\pm}[[POSTSUBSCRIPT]] {}^{\rho}[[FLOATSUPERSCRIPT]] _{\nu\mu}[[POSTSUBSCRIPT]] =[[RELOP]] ±[[ADDOP]] 2[[NUMBER]] B[[UNKNOWN]] ^{\rho}[[POSTSUPERSCRIPT]] _{\mu\nu}[[POSTSUBSCRIPT]]
Warning:not_parsed:UNKNOWN.POSTSUPERSCRIPT.CLOSE>RELOP MathParser failed to match rule 'Anything'
	at 0304086.tex; line 1463 col 0 - line 1466 col 3
	In "\begin{equation}[J^{\mu}]\equiv\,\stackrel{{\scriptstyle\omega}}{{\nabla}}_{%
	\mp}\partial_{\pm}x^{\mu}+{}^{\star}\Gamma_{\rho\sigma}^{\mu}\partial_{\pm}x^{%
	\rho}\partial_{\mp}x^{\sigma}=0\,,\end{equation}"
	[[[OPEN]] J[[UNKNOWN]] ^{\mu}[[POSTSUPERSCRIPT]] ][[CLOSE]]
	        > ≡[[RELOP]] \stackrel{{\scriptstyle\omega}}{{\nabla}}[[RELOP]] _{\mp}[[POSTSUBSCRIPT]] ∂[[OPERATOR]] _{\pm}[[POSTSUBSCRIPT]] x[[UNKNOWN]] ^{\mu}[[POSTSUPERSCRIPT]] +[[ADDOP]] {}^{\star}[[FLOATSUPERSCRIPT]] Γ[[UNKNOWN]] _{\rho\sigma}[[POSTSUBSCRIPT]] ^{\mu}[[POSTSUPERSCRIPT]] ∂[[OPERATOR]] _{\pm}[[POSTSUBSCRIPT]] x[[UNKNOWN]] ^{\rho}[[POSTSUPERSCRIPT]] ∂[[OPERATOR]] _{\mp}[[POSTSUBSCRIPT]] x[[UNKNOWN]] ^{\sigma}[[POSTSUPERSCRIPT]] =[[RELOP]] 0[[NUMBER]]
Warning:not_parsed:UNKNOWN.POSTSUPERSCRIPT.CLOSE>RELOP MathParser failed to match rule 'Anything'
	at 0304086.tex; line 1470 col 0 - line 1472 col 3
	In "\begin{equation}[i^{F}]\equiv\,\stackrel{{\scriptstyle\omega}}{{R}}^{(2)}+{2%
	\over a^{2}}(D_{\mu}a_{\nu})\partial_{\mp}x^{\mu}\partial_{\pm}x^{\nu}=0\,,\end{equation}"
	[[[OPEN]] i[[UNKNOWN]] ^{F}[[POSTSUPERSCRIPT]] ][[CLOSE]]
	        > ≡[[RELOP]] \stackrel{{\scriptstyle\omega}}{{R}}[[RELOP]] ^{(2)}[[POSTSUPERSCRIPT]] +[[ADDOP]] 2\overa^{2}[[UNKNOWN]] ([[OPEN]] D[[UNKNOWN]] _{\mu}[[POSTSUBSCRIPT]] a[[UNKNOWN]] _{\nu}[[POSTSUBSCRIPT]] )[[CLOSE]] ∂[[OPERATOR]] _{\mp}[[POSTSUBSCRIPT]] x[[UNKNOWN]] ^{\mu}[[POSTSUPERSCRIPT]] ∂[[OPERATOR]] _{\pm}[[POSTSUBSCRIPT]] x[[UNKNOWN]] ^{\nu}[[POSTSUPERSCRIPT]] =[[RELOP]] 0[[NUMBER]]
Warning:not_parsed:UNKNOWN.POSTSUPERSCRIPT.CLOSE>RELOP MathParser failed to match rule 'Anything'
	at 0304086.tex; line 1481 col 0 - line 1483 col 3
	In "\begin{equation}[i^{F}]\equiv\,\stackrel{{\scriptstyle\omega}}{{R}}^{(2)}+{g^{%
	\alpha\beta}\over a^{2}}(D_{\alpha}a_{\mu})\partial_{\beta}x^{\mu}=0\,.\end{equation}"
	[[[OPEN]] i[[UNKNOWN]] ^{F}[[POSTSUPERSCRIPT]] ][[CLOSE]]
	        > ≡[[RELOP]] \stackrel{{\scriptstyle\omega}}{{R}}[[RELOP]] ^{(2)}[[POSTSUPERSCRIPT]] +[[ADDOP]] g^{\alpha\beta}\overa^{2}[[UNKNOWN]] ([[OPEN]] D[[UNKNOWN]] _{\alpha}[[POSTSUBSCRIPT]] a[[UNKNOWN]] _{\mu}[[POSTSUBSCRIPT]] )[[CLOSE]] ∂[[OPERATOR]] _{\beta}[[POSTSUBSCRIPT]] x[[UNKNOWN]] ^{\mu}[[POSTSUPERSCRIPT]] =[[RELOP]] 0[[NUMBER]]
Warning:not_parsed:FLOATSUPERSCRIPT>OPERATOR MathParser failed to match rule 'Anything'
	at 0304086.tex; line 1539 col 0 - line 1542 col 3
	In "\begin{equation}{}^{\star}\nabla_{\alpha}v_{\beta}=\nabla_{\alpha}v_{\beta}-{(%
	av)_{2}\over a_{2}^{2}}(\nabla_{\alpha}a_{\beta}-a^{i}{}^{\star}b_{i\beta%
	\alpha})\,,\end{equation}"
	{}^{\star}[[FLOATSUPERSCRIPT]]
	        > ∇[[OPERATOR]] _{\alpha}[[POSTSUBSCRIPT]] v[[UNKNOWN]] _{\beta}[[POSTSUBSCRIPT]] =[[RELOP]] ∇[[OPERATOR]] _{\alpha}[[POSTSUBSCRIPT]] v[[UNKNOWN]] _{\beta}[[POSTSUBSCRIPT]] -[[ADDOP]] (av)_{2}\overa_{2}^{2}[[UNKNOWN]] ([[OPEN]] ∇[[OPERATOR]] _{\alpha}[[POSTSUBSCRIPT]] a[[UNKNOWN]] _{\beta}[[POSTSUBSCRIPT]] -[[ADDOP]] a[[UNKNOWN]] ^{i}[[POSTSUPERSCRIPT]] {}^{\star}[[FLOATSUPERSCRIPT]] b[[UNKNOWN]] _{i\beta\alpha}[[POSTSUBSCRIPT]] )[[CLOSE]]
Warning:not_parsed:FLOATSUPERSCRIPT>OPERATOR MathParser failed to match rule 'Anything'
	at 0304086.tex; line 1544 col 0 - line 1546 col 3
	In "\begin{equation}{}^{\star}\nabla_{\alpha}a_{\beta}=a^{i}\,{}^{\star}b_{i\beta%
	\alpha}\,.\end{equation}"
	{}^{\star}[[FLOATSUPERSCRIPT]]
	        > ∇[[OPERATOR]] _{\alpha}[[POSTSUBSCRIPT]] a[[UNKNOWN]] _{\beta}[[POSTSUBSCRIPT]] =[[RELOP]] a[[UNKNOWN]] ^{i}[[POSTSUPERSCRIPT]] {}^{\star}[[FLOATSUPERSCRIPT]] b[[UNKNOWN]] _{i\beta\alpha}[[POSTSUBSCRIPT]]
Warning:not_parsed:PUNCT.UNKNOWN.POSTSUPERSCRIPT>OPEN MathParser failed to match rule 'Anything'
	at 0304086.tex; line 1550 col 0 - line 1555 col 3
	In "\begin{equation}g^{\alpha\beta}({}^{\star}\Gamma^{\gamma}_{\alpha\beta}-\omega%
	^{\gamma}_{\alpha\beta})=0\ ,\qquad\Longleftrightarrow\qquad g^{\alpha\beta}(%
	\stackrel{{\scriptstyle\omega}}{{\nabla}}_{\alpha}v_{\beta}-{}^{\star}\nabla_{%
	\alpha}v_{\beta})=0\,,\end{equation}"
	g[[UNKNOWN]] ^{\alpha\beta}[[POSTSUPERSCRIPT]] ([[OPEN]] {}^{\star}[[FLOATSUPERSCRIPT]] Γ[[UNKNOWN]] ^{\gamma}[[POSTSUPERSCRIPT]] _{\alpha\beta}[[POSTSUBSCRIPT]] -[[ADDOP]] ω[[UNKNOWN]] ^{\gamma}[[POSTSUPERSCRIPT]] _{\alpha\beta}[[POSTSUBSCRIPT]] )[[CLOSE]] =[[RELOP]] 0[[NUMBER]] ,[[PUNCT]] ⟺[[METARELOP]] \begin{equation}g^{\alpha\beta}({}^{\star}\Gamma^{\gamma}_{\alpha\beta}-\omega^{\gamma}_{\alpha\beta})=0\ ,\qquad\Longleftrightarrow\qquadg^{\alpha\beta}(\stackrel{{\scriptstyle\omega}}{{\nabla}}_{\alpha}v_{\beta}-{}^{\star}\nabla_{\alpha}v_{\beta})=0\,,\end{equation}[[PUNCT]] g[[UNKNOWN]] ^{\alpha\beta}[[POSTSUPERSCRIPT]]
	        > ([[OPEN]] \stackrel{{\scriptstyle\omega}}{{\nabla}}[[RELOP]] _{\alpha}[[POSTSUBSCRIPT]] v[[UNKNOWN]] _{\beta}[[POSTSUBSCRIPT]] -[[ADDOP]] {}^{\star}[[FLOATSUPERSCRIPT]] ∇[[OPERATOR]] _{\alpha}[[POSTSUBSCRIPT]] v[[UNKNOWN]] _{\beta}[[POSTSUBSCRIPT]] )[[CLOSE]] =[[RELOP]] 0[[NUMBER]]
Warning:not_parsed:UNKNOWN.POSTSUPERSCRIPT>FLOATSUPERSCRIPT MathParser failed to match rule 'Anything'
	at 0304086.tex; line 1559 col 53 - line 1560 col 42
	In "$g^{\alpha\beta}{}^{\star}\nabla_{\alpha}a_{\beta}=0$"
	g[[UNKNOWN]] ^{\alpha\beta}[[POSTSUPERSCRIPT]]
	        > {}^{\star}[[FLOATSUPERSCRIPT]] ∇[[OPERATOR]] _{\alpha}[[POSTSUBSCRIPT]] a[[UNKNOWN]] _{\beta}[[POSTSUBSCRIPT]] =[[RELOP]] 0[[NUMBER]]
Warning:not_parsed:POSTSUBSCRIPT.UNKNOWN.POSTSUBSCRIPT>PERIOD MathParser failed to match rule 'Anything'
	at 0304086.tex; line 1576 col 0 - line 1581 col 3
	In "\begin{equation}{}^{\star}Q_{\alpha\beta\gamma}=({}^{\star}\Gamma-\lambda%
	\omega)_{\beta,\gamma\alpha}+({}^{\star}\Gamma-\lambda\omega)_{\gamma,\beta%
	\alpha}-2\lambda_{\alpha}G_{\beta\gamma}\,.\qquad(\lambda_{\alpha}\equiv\hbox{%
	${1\over 2}$}\partial_{\alpha}\ln\lambda)\,\end{equation}"
	{}^{\star}[[FLOATSUPERSCRIPT]] Q[[UNKNOWN]] _{\alpha\beta\gamma}[[POSTSUBSCRIPT]] =[[RELOP]] ([[OPEN]] {}^{\star}[[FLOATSUPERSCRIPT]] Γ[[UNKNOWN]] -[[ADDOP]] λ[[UNKNOWN]] ω[[UNKNOWN]] )[[CLOSE]] _{\beta,\gamma\alpha}[[POSTSUBSCRIPT]] +[[ADDOP]] ([[OPEN]] {}^{\star}[[FLOATSUPERSCRIPT]] Γ[[UNKNOWN]] -[[ADDOP]] λ[[UNKNOWN]] ω[[UNKNOWN]] )[[CLOSE]] _{\gamma,\beta\alpha}[[POSTSUBSCRIPT]] -[[ADDOP]] 2[[NUMBER]] λ[[UNKNOWN]] _{\alpha}[[POSTSUBSCRIPT]] G[[UNKNOWN]] _{\beta\gamma}[[POSTSUBSCRIPT]]
	        > .[[PERIOD]] \begin{equation}{}^{\star}Q_{\alpha\beta\gamma}=({}^{\star}\Gamma-\lambda\omega)_{\beta,\gamma\alpha}+({}^{\star}\Gamma-\lambda\omega)_{\gamma,\beta\alpha}-2\lambda_{\alpha}G_{\beta\gamma}\,.\qquad(\lambda_{\alpha}\equiv\hbox{${1\over2}$}\partial_{\alpha}\ln\lambda)\,\end{equation}[[PUNCT]] ([[OPEN]] λ[[UNKNOWN]] _{\alpha}[[POSTSUBSCRIPT]] ≡[[RELOP]] 1\over2[[UNKNOWN]] ∂[[OPERATOR]] _{\alpha}[[POSTSUBSCRIPT]] ln[[OPFUNCTION]] λ[[UNKNOWN]] )[[CLOSE]]
Warning:not_parsed:OPEN.UNKNOWN> MathParser failed to match rule 'Superscript'
	at 0304086.tex; line 1613 col 49 - line 1613 col 49
	In "\begin{equation}\omega^{\gamma}_{\alpha\beta}={}^{\star}\Gamma^{\gamma}_{%
	\alpha\beta}-\delta_{\alpha}^{\gamma}\lambda_{\beta}-\delta_{\beta}^{\gamma}%
	\lambda_{\alpha}+G_{\alpha\beta}G^{\gamma\delta}\lambda_{\delta}-\hbox{${1%
	\over 2}$}{}^{\star}Q^{\{\gamma}{}_{\alpha\beta\}}\,.\qquad\left(\lambda_{%
	\alpha}\equiv-\partial_{\alpha}\ln\sqrt{a_{2}^{2}}\right)\end{equation}"
	\{[[OPEN]] γ[[UNKNOWN]]
	        > 
Warning:not_parsed:UNKNOWN.UNKNOWN>CLOSE MathParser failed to match rule 'Subscript'
	at 0304086.tex; line 1614 col 4 - line 1614 col 4
	α[[UNKNOWN]] β[[UNKNOWN]]
	        > \}[[CLOSE]]
Warning:not_parsed:FLOATSUPERSCRIPT.UNKNOWN.POSTSUPERSCRIPT>FLOATSUBSCRIPT MathParser failed to match rule 'Anything'
	at 0304086.tex; line 1610 col 0 - line 1616 col 3
	ω[[UNKNOWN]] ^{\gamma}[[POSTSUPERSCRIPT]] _{\alpha\beta}[[POSTSUBSCRIPT]] =[[RELOP]] {}^{\star}[[FLOATSUPERSCRIPT]] Γ[[UNKNOWN]] ^{\gamma}[[POSTSUPERSCRIPT]] _{\alpha\beta}[[POSTSUBSCRIPT]] -[[ADDOP]] δ[[UNKNOWN]] _{\alpha}[[POSTSUBSCRIPT]] ^{\gamma}[[POSTSUPERSCRIPT]] λ[[UNKNOWN]] _{\beta}[[POSTSUBSCRIPT]] -[[ADDOP]] δ[[UNKNOWN]] _{\beta}[[POSTSUBSCRIPT]] ^{\gamma}[[POSTSUPERSCRIPT]] λ[[UNKNOWN]] _{\alpha}[[POSTSUBSCRIPT]] +[[ADDOP]] G[[UNKNOWN]] _{\alpha\beta}[[POSTSUBSCRIPT]] G[[UNKNOWN]] ^{\gamma\delta}[[POSTSUPERSCRIPT]] λ[[UNKNOWN]] _{\delta}[[POSTSUBSCRIPT]] -[[ADDOP]] 1\over2[[UNKNOWN]] {}^{\star}[[FLOATSUPERSCRIPT]] Q[[UNKNOWN]] ^{\{\gamma}[[POSTSUPERSCRIPT]]
	        > {}_{\alpha\beta\}}[[FLOATSUBSCRIPT]] .[[PERIOD]] \begin{equation}\omega^{\gamma}_{\alpha\beta}={}^{\star}\Gamma^{\gamma}_{\alpha\beta}-\delta_{\alpha}^{\gamma}\lambda_{\beta}-\delta_{\beta}^{\gamma}\lambda_{\alpha}+G_{\alpha\beta}G^{\gamma\delta}\lambda_{\delta}-\hbox{${1\over2}$}{}^{\star}Q^{\{\gamma}{}_{\alpha\beta\}}\,.\qquad\left(\lambda_{\alpha}\equiv-\partial_{\alpha}\ln\sqrt{a_{2}^{2}}\right)\end{equation}[[PUNCT]] \left([[OPEN]] λ[[UNKNOWN]] _{\alpha}[[POSTSUBSCRIPT]] ≡[[RELOP]] -[[ADDOP]] ∂[[OPERATOR]] _{\alpha}[[POSTSUBSCRIPT]] ln[[OPFUNCTION]] \sqrt{a_{2}^{2}}[[UNKNOWN]] \right)[[CLOSE]]
Warning:not_parsed:POSTSUPERSCRIPT.RELOP.ADDOP>ATOM MathParser failed to match rule 'Anything'
	at 0304086.tex; line 1620 col 0 - line 1623 col 3
	In "\begin{equation}\stackrel{{\scriptstyle\omega}}{{R}}^{(2)}=-{G^{\alpha\beta}%
	\over a_{2}^{4}}\nabla_{\alpha}a_{\beta}\,.\end{equation}"
	\stackrel{{\scriptstyle\omega}}{{R}}[[RELOP]] ^{(2)}[[POSTSUPERSCRIPT]] =[[RELOP]] -[[ADDOP]]
	        > G^{\alpha\beta}\overa_{2}^{4}[[UNKNOWN]] ∇[[OPERATOR]] _{\alpha}[[POSTSUBSCRIPT]] a[[UNKNOWN]] _{\beta}[[POSTSUBSCRIPT]]
Warning:not_parsed:ATOM>RELOP MathParser failed to match rule 'Anything'
	at 0304086.tex; line 1626 col 0 - line 1631 col 3
	In "\begin{equation}\sqrt{-g}\stackrel{{\scriptstyle\omega}}{{R}}^{(2)}=\sqrt{-{%
	\hat{g}}}({\hat{R}}+2{\hat{\Delta}}F)\,,\qquad\sqrt{-G_{2}}R^{(2)}=\sqrt{-{%
	\hat{g}}}({\hat{R}}+2{\hat{\Delta}}F_{G})\,,\end{equation}"
	\sqrt{-g}[[UNKNOWN]]
	        > \stackrel{{\scriptstyle\omega}}{{R}}[[RELOP]] ^{(2)}[[POSTSUPERSCRIPT]] =[[RELOP]] \sqrt{-{\hat{g}}}[[UNKNOWN]] ([[OPEN]] \hat{R}[[UNKNOWN]] +[[ADDOP]] 2[[NUMBER]] \hat{\Delta}[[UNKNOWN]] F[[UNKNOWN]] )[[CLOSE]] ,[[PUNCT]] \sqrt{-G_{2}}[[UNKNOWN]] R[[UNKNOWN]] ^{(2)}[[POSTSUPERSCRIPT]] =[[RELOP]] \sqrt{-{\hat{g}}}[[UNKNOWN]] ([[OPEN]] \hat{R}[[UNKNOWN]] +[[ADDOP]] 2[[NUMBER]] \hat{\Delta}[[UNKNOWN]] F[[UNKNOWN]] _{G}[[POSTSUBSCRIPT]] )[[CLOSE]]
Warning:not_parsed:FLOATSUBSCRIPT.UNKNOWN.POSTSUPERSCRIPT>FLOATSUBSCRIPT MathParser failed to match rule 'Anything'
	at 0304086.tex; line 1668 col 0 - line 1673 col 3
	In "\begin{equation}[J^{\mu}]\equiv\,g^{\alpha\beta}\left({}^{\star}D_{\beta}%
	\partial_{\alpha}x^{\mu}-\omega^{\gamma}_{\alpha\beta}\partial_{\gamma}x^{\mu}%
	\right)-{\varepsilon^{\alpha\beta}\over\sqrt{-g}}P^{T\mu}{}_{\nu}B^{\nu}{}_{%
	\alpha\beta}=0\,,\end{equation}"
	[[[OPEN]] J[[UNKNOWN]] ^{\mu}[[POSTSUPERSCRIPT]] ][[CLOSE]] ≡[[RELOP]] g[[UNKNOWN]] ^{\alpha\beta}[[POSTSUPERSCRIPT]] \left([[OPEN]] {}^{\star}[[FLOATSUPERSCRIPT]] D[[UNKNOWN]] _{\beta}[[POSTSUBSCRIPT]] ∂[[OPERATOR]] _{\alpha}[[POSTSUBSCRIPT]] x[[UNKNOWN]] ^{\mu}[[POSTSUPERSCRIPT]] -[[ADDOP]] ω[[UNKNOWN]] ^{\gamma}[[POSTSUPERSCRIPT]] _{\alpha\beta}[[POSTSUBSCRIPT]] ∂[[OPERATOR]] _{\gamma}[[POSTSUBSCRIPT]] x[[UNKNOWN]] ^{\mu}[[POSTSUPERSCRIPT]] \right)[[CLOSE]] -[[ADDOP]] \varepsilon^{\alpha\beta}\over\sqrt{-g}[[UNKNOWN]] P[[UNKNOWN]] ^{T\mu}[[POSTSUPERSCRIPT]] {}_{\nu}[[FLOATSUBSCRIPT]] B[[UNKNOWN]] ^{\nu}[[POSTSUPERSCRIPT]]
	        > {}_{\alpha\beta}[[FLOATSUBSCRIPT]] =[[RELOP]] 0[[NUMBER]]
Warning:not_parsed:UNKNOWN.POSTSUPERSCRIPT.CLOSE>RELOP MathParser failed to match rule 'Anything'
	at 0304086.tex; line 1677 col 0 - line 1680 col 3
	In "\begin{equation}[i^{F}]\equiv\,\stackrel{{\scriptstyle\omega}}{{R}}^{(2)}+{g^{%
	\alpha\beta}\over a^{2}}(D_{\alpha}a_{\mu})\partial_{\beta}x^{\mu}+{%
	\varepsilon^{\alpha\beta}\over\sqrt{-g}\,a^{2}}a_{\mu}B^{\mu}{}_{\alpha\beta}=%
	0\,.\end{equation}"
	[[[OPEN]] i[[UNKNOWN]] ^{F}[[POSTSUPERSCRIPT]] ][[CLOSE]]
	        > ≡[[RELOP]] \stackrel{{\scriptstyle\omega}}{{R}}[[RELOP]] ^{(2)}[[POSTSUPERSCRIPT]] +[[ADDOP]] g^{\alpha\beta}\overa^{2}[[UNKNOWN]] ([[OPEN]] D[[UNKNOWN]] _{\alpha}[[POSTSUBSCRIPT]] a[[UNKNOWN]] _{\mu}[[POSTSUBSCRIPT]] )[[CLOSE]] ∂[[OPERATOR]] _{\beta}[[POSTSUBSCRIPT]] x[[UNKNOWN]] ^{\mu}[[POSTSUPERSCRIPT]] +[[ADDOP]] \varepsilon^{\alpha\beta}\over\sqrt{-g}\,a^{2}[[UNKNOWN]] a[[UNKNOWN]] _{\mu}[[POSTSUBSCRIPT]] B[[UNKNOWN]] ^{\mu}[[POSTSUPERSCRIPT]] {}_{\alpha\beta}[[FLOATSUBSCRIPT]] =[[RELOP]] 0[[NUMBER]]
Warning:not_parsed:FLOATSUPERSCRIPT>FLOATSUBSCRIPT MathParser failed to match rule 'Anything'
	at 0304086.tex; line 1684 col 8 - line 1684 col 23
	In "${}^{\star}{}_{\pm}$"
	{}^{\star}[[FLOATSUPERSCRIPT]]
	        > {}_{\pm}[[FLOATSUBSCRIPT]]
Warning:not_parsed:UNKNOWN.POSTSUPERSCRIPT>FLOATSUBSCRIPT MathParser failed to match rule 'Anything'
	at 0304086.tex; line 1685 col 22 - line 1685 col 49
	In "$B^{T\mu}{}_{\alpha\beta}$"
	B[[UNKNOWN]] ^{T\mu}[[POSTSUPERSCRIPT]]
	        > {}_{\alpha\beta}[[FLOATSUBSCRIPT]]
Warning:not_parsed:ADDOP.UNKNOWN.POSTSUPERSCRIPT>FLOATSUBSCRIPT MathParser failed to match rule 'Anything'
	at 0304086.tex; line 1689 col 0 - line 1694 col 3
	In "\begin{equation}{}^{\star}\Gamma^{\gamma}_{\pm\alpha\beta}={}^{\star}\Gamma^{%
	\gamma}_{\alpha\beta}\pm B^{T\gamma}{}_{\alpha\beta}\,,\qquad{}^{\star}\nabla_%
	{\pm\alpha}v_{\beta}={}^{\star}\nabla_{\alpha}v_{\beta}\mp B^{T\gamma}{}_{%
	\beta\alpha}v_{\gamma}\,,\end{equation}"
	{}^{\star}[[FLOATSUPERSCRIPT]] Γ[[UNKNOWN]] ^{\gamma}[[POSTSUPERSCRIPT]] _{\pm\alpha\beta}[[POSTSUBSCRIPT]] =[[RELOP]] {}^{\star}[[FLOATSUPERSCRIPT]] Γ[[UNKNOWN]] ^{\gamma}[[POSTSUPERSCRIPT]] _{\alpha\beta}[[POSTSUBSCRIPT]] ±[[ADDOP]] B[[UNKNOWN]] ^{T\gamma}[[POSTSUPERSCRIPT]]
	        > {}_{\alpha\beta}[[FLOATSUBSCRIPT]] ,[[PUNCT]] {}^{\star}[[FLOATSUPERSCRIPT]] ∇[[OPERATOR]] _{\pm\alpha}[[POSTSUBSCRIPT]] v[[UNKNOWN]] _{\beta}[[POSTSUBSCRIPT]] =[[RELOP]] {}^{\star}[[FLOATSUPERSCRIPT]] ∇[[OPERATOR]] _{\alpha}[[POSTSUBSCRIPT]] v[[UNKNOWN]] _{\beta}[[POSTSUBSCRIPT]] ∓[[ADDOP]] B[[UNKNOWN]] ^{T\gamma}[[POSTSUPERSCRIPT]] {}_{\beta\alpha}[[FLOATSUBSCRIPT]] v[[UNKNOWN]] _{\gamma}[[POSTSUBSCRIPT]]
Warning:not_parsed:FLOATSUPERSCRIPT>OPERATOR MathParser failed to match rule 'Anything'
	at 0304086.tex; line 1695 col 52 - line 1696 col 8
	In "${}^{\star}\nabla_{\alpha}v_{\beta}$"
	{}^{\star}[[FLOATSUPERSCRIPT]]
	        > ∇[[OPERATOR]] _{\alpha}[[POSTSUBSCRIPT]] v[[UNKNOWN]] _{\beta}[[POSTSUBSCRIPT]]
Warning:not_parsed:UNKNOWN.POSTSUPERSCRIPT>FLOATSUBSCRIPT MathParser failed to match rule 'Anything'
	at 0304086.tex; line 1697 col 22 - line 1697 col 51
	In "$B^{T\gamma}{}_{\beta\alpha}$"
	B[[UNKNOWN]] ^{T\gamma}[[POSTSUPERSCRIPT]]
	        > {}_{\beta\alpha}[[FLOATSUBSCRIPT]]
Warning:not_parsed:ATOM.UNKNOWN.POSTSUPERSCRIPT>FLOATSUBSCRIPT MathParser failed to match rule 'Anything'
	at 0304086.tex; line 1705 col 6 - line 1706 col 25
	In "$B^{L}_{\beta\alpha\gamma}=\partial_{\beta}x^{\nu}{a_{\nu}a_{\mu}\over a^{2}}B%
	^{\mu}{}_{\alpha\gamma}$"
	B[[UNKNOWN]] ^{L}[[POSTSUPERSCRIPT]] _{\beta\alpha\gamma}[[POSTSUBSCRIPT]] =[[RELOP]] ∂[[OPERATOR]] _{\beta}[[POSTSUBSCRIPT]] x[[UNKNOWN]] ^{\nu}[[POSTSUPERSCRIPT]] a_{\nu}a_{\mu}\overa^{2}[[UNKNOWN]] B[[UNKNOWN]] ^{\mu}[[POSTSUPERSCRIPT]]
	        > {}_{\alpha\gamma}[[FLOATSUBSCRIPT]]
Warning:not_parsed:UNKNOWN.POSTSUPERSCRIPT>FLOATSUBSCRIPT MathParser failed to match rule 'Anything'
	at 0304086.tex; line 1707 col 24 - line 1707 col 49
	In "$B^{\mu}{}_{\alpha\gamma}$"
	B[[UNKNOWN]] ^{\mu}[[POSTSUPERSCRIPT]]
	        > {}_{\alpha\gamma}[[FLOATSUBSCRIPT]]
Warning:not_parsed:ATOM.UNKNOWN.POSTSUPERSCRIPT>FLOATSUBSCRIPT MathParser failed to match rule 'Anything'
	at 0304086.tex; line 1710 col 0 - line 1715 col 3
	In "\begin{equation}g^{\alpha\beta}({}^{\star}\Gamma^{\gamma}_{\alpha\beta}-\omega%
	^{\gamma}_{\alpha\beta})={\varepsilon^{\alpha\beta}\over\sqrt{-g}}B^{T\gamma}{%
	}_{\alpha\beta}=\mp 2{\sqrt{-G_{2}}\over\sqrt{-g}}\,\,{}^{\star}T^{\gamma}_{%
	\pm}\ ,\end{equation}"
	g[[UNKNOWN]] ^{\alpha\beta}[[POSTSUPERSCRIPT]] ([[OPEN]] {}^{\star}[[FLOATSUPERSCRIPT]] Γ[[UNKNOWN]] ^{\gamma}[[POSTSUPERSCRIPT]] _{\alpha\beta}[[POSTSUBSCRIPT]] -[[ADDOP]] ω[[UNKNOWN]] ^{\gamma}[[POSTSUPERSCRIPT]] _{\alpha\beta}[[POSTSUBSCRIPT]] )[[CLOSE]] =[[RELOP]] \varepsilon^{\alpha\beta}\over\sqrt{-g}[[UNKNOWN]] B[[UNKNOWN]] ^{T\gamma}[[POSTSUPERSCRIPT]]
	        > {}_{\alpha\beta}[[FLOATSUBSCRIPT]] =[[RELOP]] ∓[[ADDOP]] 2[[NUMBER]] \sqrt{-G_{2}}\over\sqrt{-g}[[UNKNOWN]] {}^{\star}[[FLOATSUPERSCRIPT]] T[[UNKNOWN]] ^{\gamma}[[POSTSUPERSCRIPT]] _{\pm}[[POSTSUBSCRIPT]]
Warning:not_parsed:ATOM.UNKNOWN.POSTSUPERSCRIPT>FLOATSUBSCRIPT MathParser failed to match rule 'Anything'
	at 0304086.tex; line 1716 col 0 - line 1721 col 3
	In "\begin{equation}g^{\alpha\beta}\,{}^{\star}b_{i\alpha\beta}={\varepsilon^{%
	\alpha\beta}\over\sqrt{-g}}B^{T}{}_{i\alpha\beta}\,,\qquad\Longleftrightarrow%
	\qquad\left(g^{\alpha\beta}\pm{\varepsilon^{\alpha\beta}\over\sqrt{-g}}\right)%
	{}^{\star}b_{\pm i\beta\alpha}=0\,.\end{equation}"
	g[[UNKNOWN]] ^{\alpha\beta}[[POSTSUPERSCRIPT]] {}^{\star}[[FLOATSUPERSCRIPT]] b[[UNKNOWN]] _{i\alpha\beta}[[POSTSUBSCRIPT]] =[[RELOP]] \varepsilon^{\alpha\beta}\over\sqrt{-g}[[UNKNOWN]] B[[UNKNOWN]] ^{T}[[POSTSUPERSCRIPT]]
	        > {}_{i\alpha\beta}[[FLOATSUBSCRIPT]] ,[[PUNCT]] ⟺[[METARELOP]] \begin{equation}g^{\alpha\beta}\,{}^{\star}b_{i\alpha\beta}={\varepsilon^{\alpha\beta}\over\sqrt{-g}}B^{T}{}_{i\alpha\beta}\,,\qquad\Longleftrightarrow\qquad\left(g^{\alpha\beta}\pm{\varepsilon^{\alpha\beta}\over\sqrt{-g}}\right){}^{\star}b_{\pmi\beta\alpha}=0\,.\end{equation}[[PUNCT]] \left([[OPEN]] g[[UNKNOWN]] ^{\alpha\beta}[[POSTSUPERSCRIPT]] ±[[ADDOP]] \varepsilon^{\alpha\beta}\over\sqrt{-g}[[UNKNOWN]] \right)[[CLOSE]] {}^{\star}[[FLOATSUPERSCRIPT]] b[[UNKNOWN]] _{\pmi\beta\alpha}[[POSTSUBSCRIPT]] =[[RELOP]] 0[[NUMBER]]
Warning:not_parsed:POSTSUBSCRIPT.RELOP.ATOM>OPEN MathParser failed to match rule 'Anything'
	at 0304086.tex; line 1723 col 0 - line 1728 col 3
	In "\begin{equation}g^{\alpha\beta}\stackrel{{\scriptstyle\omega}}{{\nabla}}_{%
	\alpha}a_{\beta}={\varepsilon^{\alpha\beta}\over\sqrt{-g}}(a^{i}B^{T}{}_{i%
	\alpha\beta}+a^{\gamma}B^{T}{}_{\gamma\alpha\beta})={\varepsilon^{\alpha\beta}%
	\over\sqrt{-g}}\,a^{\mu}B^{T}{}_{\mu\alpha\beta}=0\,.\end{equation}"
	g[[UNKNOWN]] ^{\alpha\beta}[[POSTSUPERSCRIPT]] \stackrel{{\scriptstyle\omega}}{{\nabla}}[[RELOP]] _{\alpha}[[POSTSUBSCRIPT]] a[[UNKNOWN]] _{\beta}[[POSTSUBSCRIPT]] =[[RELOP]] \varepsilon^{\alpha\beta}\over\sqrt{-g}[[UNKNOWN]]
	        > ([[OPEN]] a[[UNKNOWN]] ^{i}[[POSTSUPERSCRIPT]] B[[UNKNOWN]] ^{T}[[POSTSUPERSCRIPT]] {}_{i\alpha\beta}[[FLOATSUBSCRIPT]] +[[ADDOP]] a[[UNKNOWN]] ^{\gamma}[[POSTSUPERSCRIPT]] B[[UNKNOWN]] ^{T}[[POSTSUPERSCRIPT]] {}_{\gamma\alpha\beta}[[FLOATSUBSCRIPT]] )[[CLOSE]] =[[RELOP]] \varepsilon^{\alpha\beta}\over\sqrt{-g}[[UNKNOWN]] a[[UNKNOWN]] ^{\mu}[[POSTSUPERSCRIPT]] B[[UNKNOWN]] ^{T}[[POSTSUPERSCRIPT]] {}_{\mu\alpha\beta}[[FLOATSUBSCRIPT]] =[[RELOP]] 0[[NUMBER]]
Warning:not_parsed:POSTSUPERSCRIPT.RELOP.ADDOP>ATOM MathParser failed to match rule 'Anything'
	at 0304086.tex; line 1767 col 0 - line 1772 col 3
	In "\begin{equation}\stackrel{{\scriptstyle\omega}}{{R}}^{(2)}=-{G^{\alpha\beta}%
	\over a_{2}^{4}}\nabla_{\alpha}a_{\beta}+{\varepsilon^{\alpha\beta}\over\sqrt{%
	-g}}\left({a^{i}\over a_{2}^{2}}B^{T}_{i\alpha\beta}-{a^{\mu}\over a^{2}}B^{T}%
	_{\mu\alpha\beta}\right)\,.\end{equation}"
	\stackrel{{\scriptstyle\omega}}{{R}}[[RELOP]] ^{(2)}[[POSTSUPERSCRIPT]] =[[RELOP]] -[[ADDOP]]
	        > G^{\alpha\beta}\overa_{2}^{4}[[UNKNOWN]] ∇[[OPERATOR]] _{\alpha}[[POSTSUBSCRIPT]] a[[UNKNOWN]] _{\beta}[[POSTSUBSCRIPT]] +[[ADDOP]] \varepsilon^{\alpha\beta}\over\sqrt{-g}[[UNKNOWN]] \left([[OPEN]] a^{i}\overa_{2}^{2}[[UNKNOWN]] B[[UNKNOWN]] ^{T}[[POSTSUPERSCRIPT]] _{i\alpha\beta}[[POSTSUBSCRIPT]] -[[ADDOP]] a^{\mu}\overa^{2}[[UNKNOWN]] B[[UNKNOWN]] ^{T}[[POSTSUPERSCRIPT]] _{\mu\alpha\beta}[[POSTSUBSCRIPT]] \right)[[CLOSE]]
Warning:not_parsed:UNKNOWN.POSTSUPERSCRIPT>FLOATSUBSCRIPT MathParser failed to match rule 'Anything'
	at 0304086.tex; line 1960 col 17 - line 1960 col 32
	In "$e^{\pm}{}_{\alpha}$"
	e[[UNKNOWN]] ^{\pm}[[POSTSUPERSCRIPT]]
	        > {}_{\alpha}[[FLOATSUBSCRIPT]]
Warning:not_parsed:RELOP.UNKNOWN.POSTSUBSCRIPT>FLOATSUPERSCRIPT MathParser failed to match rule 'Anything'
	at 0304086.tex; line 1962 col 16 - line 1962 col 69
	In "$e_{\pm}=e_{\pm}{}^{\alpha}\partial_{\alpha}=\partial_{\pm}$"
	e[[UNKNOWN]] _{\pm}[[POSTSUBSCRIPT]] =[[RELOP]] e[[UNKNOWN]] _{\pm}[[POSTSUBSCRIPT]]
	        > {}^{\alpha}[[FLOATSUPERSCRIPT]] ∂[[OPERATOR]] _{\alpha}[[POSTSUBSCRIPT]] =[[RELOP]] ∂[[OPERATOR]] _{\pm}[[POSTSUBSCRIPT]]
Warning:not_parsed:FLOATSUPERSCRIPT.UNKNOWN.POSTSUBSCRIPT>FLOATSUPERSCRIPT MathParser failed to match rule 'Anything'
	at 0304086.tex; line 1964 col 0 - line 1970 col 3
	In "\begin{equation}\eta^{ab}e_{a}{}^{\alpha}e_{b}{}^{\beta}=e_{+}{}^{\alpha}e_{-}%
	{}^{\beta}+e_{-}{}^{\alpha}e_{+}{}^{\beta}=g^{\alpha\beta}\,,\qquad\varepsilon%
	^{ab}e_{a}{}^{\alpha}e_{b}{}^{\beta}=e_{+}{}^{\alpha}e_{-}{}^{\beta}-e_{-}{}^{%
	\alpha}e_{+}{}^{\beta}={\varepsilon^{\alpha\beta}\over\sqrt{-g}}\,,\end{equation}"
	η[[UNKNOWN]] ^{ab}[[POSTSUPERSCRIPT]] e[[UNKNOWN]] _{a}[[POSTSUBSCRIPT]] {}^{\alpha}[[FLOATSUPERSCRIPT]] e[[UNKNOWN]] _{b}[[POSTSUBSCRIPT]]
	        > {}^{\beta}[[FLOATSUPERSCRIPT]] =[[RELOP]] e[[UNKNOWN]] _{+}[[POSTSUBSCRIPT]] {}^{\alpha}[[FLOATSUPERSCRIPT]] e[[UNKNOWN]] _{-}[[POSTSUBSCRIPT]] {}^{\beta}[[FLOATSUPERSCRIPT]] +[[ADDOP]] e[[UNKNOWN]] _{-}[[POSTSUBSCRIPT]] {}^{\alpha}[[FLOATSUPERSCRIPT]] e[[UNKNOWN]] _{+}[[POSTSUBSCRIPT]] {}^{\beta}[[FLOATSUPERSCRIPT]] =[[RELOP]] g[[UNKNOWN]] ^{\alpha\beta}[[POSTSUPERSCRIPT]] ,[[PUNCT]] ε[[UNKNOWN]] ^{ab}[[POSTSUPERSCRIPT]] e[[UNKNOWN]] _{a}[[POSTSUBSCRIPT]] {}^{\alpha}[[FLOATSUPERSCRIPT]] e[[UNKNOWN]] _{b}[[POSTSUBSCRIPT]] {}^{\beta}[[FLOATSUPERSCRIPT]] =[[RELOP]] e[[UNKNOWN]] _{+}[[POSTSUBSCRIPT]] {}^{\alpha}[[FLOATSUPERSCRIPT]] e[[UNKNOWN]] _{-}[[POSTSUBSCRIPT]] {}^{\beta}[[FLOATSUPERSCRIPT]] -[[ADDOP]] e[[UNKNOWN]] _{-}[[POSTSUBSCRIPT]] {}^{\alpha}[[FLOATSUPERSCRIPT]] e[[UNKNOWN]] _{+}[[POSTSUBSCRIPT]] {}^{\beta}[[FLOATSUPERSCRIPT]] =[[RELOP]] \varepsilon^{\alpha\beta}\over\sqrt{-g}[[UNKNOWN]]
Warning:not_parsed:RELOP.RELOP>UNKNOWN MathParser failed to match rule 'Anything'
	at 0304086.tex; line 1980 col 49 - line 1981 col 22
	In "$\stackrel{{\scriptstyle\omega}}{{\Delta}}=e^{-2F}{\hat{\Delta}}$"
	\stackrel{{\scriptstyle\omega}}{{\Delta}}[[RELOP]] =[[RELOP]]
	        > e[[UNKNOWN]] ^{-2F}[[POSTSUPERSCRIPT]] \hat{\Delta}[[UNKNOWN]]
Warning:not_parsed:ATOM>RELOP MathParser failed to match rule 'Anything'
	at 0304086.tex; line 1983 col 0 - line 1985 col 3
	In "\begin{equation}\sqrt{-g}\stackrel{{\scriptstyle\omega}}{{R}}^{(2)}=\sqrt{-{%
	\hat{g}}}({\hat{R}}^{(2)}+2{\hat{\Delta}}F)\,.\end{equation}"
	\sqrt{-g}[[UNKNOWN]]
	        > \stackrel{{\scriptstyle\omega}}{{R}}[[RELOP]] ^{(2)}[[POSTSUPERSCRIPT]] =[[RELOP]] \sqrt{-{\hat{g}}}[[UNKNOWN]] ([[OPEN]] \hat{R}[[UNKNOWN]] ^{(2)}[[POSTSUPERSCRIPT]] +[[ADDOP]] 2[[NUMBER]] \hat{\Delta}[[UNKNOWN]] F[[UNKNOWN]] )[[CLOSE]]
Warning:not_parsed:FLOATSUBSCRIPT>RELOP MathParser failed to match rule 'Anything'
	at 0304086.tex; line 2083 col 74 - line 2084 col 33
	In "${}_{D}\equiv(M_{D},{}^{\star}\Gamma,G)$"
	{}_{D}[[FLOATSUBSCRIPT]]
	        > ≡[[RELOP]] ([[OPEN]] M[[UNKNOWN]] _{D}[[POSTSUBSCRIPT]] ,[[PUNCT]] {}^{\star}[[FLOATSUPERSCRIPT]] Γ[[UNKNOWN]] ,[[PUNCT]] G[[UNKNOWN]] )[[CLOSE]]
Warning:not_parsed:FLOATSUPERSCRIPT.UNKNOWN.POSTSUBSCRIPT>FLOATSUPERSCRIPT MathParser failed to match rule 'Anything'
	at 0304086.tex; line 2103 col 0 - line 2106 col 3
	In "\begin{equation}{}^{\circ}T^{\rho}_{\mu\nu}\to{}^{\star}T_{\pm}{}^{\rho}_{\mu%
	\nu}=\pm 2P^{T\rho}{}_{\sigma}B^{\sigma}_{\mu\nu}=\pm 2G^{(D-1)\rho}{}_{\sigma%
	}B^{\sigma}_{\mu\nu}\,,\end{equation}"
	{}^{\circ}[[FLOATSUPERSCRIPT]] T[[UNKNOWN]] ^{\rho}[[POSTSUPERSCRIPT]] _{\mu\nu}[[POSTSUBSCRIPT]] →[[ARROW]] {}^{\star}[[FLOATSUPERSCRIPT]] T[[UNKNOWN]] _{\pm}[[POSTSUBSCRIPT]]
	        > {}^{\rho}[[FLOATSUPERSCRIPT]] _{\mu\nu}[[POSTSUBSCRIPT]] =[[RELOP]] ±[[ADDOP]] 2[[NUMBER]] P[[UNKNOWN]] ^{T\rho}[[POSTSUPERSCRIPT]] {}_{\sigma}[[FLOATSUBSCRIPT]] B[[UNKNOWN]] ^{\sigma}[[POSTSUPERSCRIPT]] _{\mu\nu}[[POSTSUBSCRIPT]] =[[RELOP]] ±[[ADDOP]] 2[[NUMBER]] G[[UNKNOWN]] ^{(D-1)\rho}[[POSTSUPERSCRIPT]] {}_{\sigma}[[FLOATSUBSCRIPT]] B[[UNKNOWN]] ^{\sigma}[[POSTSUPERSCRIPT]] _{\mu\nu}[[POSTSUBSCRIPT]]
 33.48 sec)
Math parsing succeeded:
   ltx:XMath: 666/727
   ltx:XMArg: 3732/3756
   ltx:XMWrap: 5/5
Symbols assumed as simple identifiers (with # of occurences):
   'A{italic}' (4), 'B{italic}' (105), 'C{italic}' (1), 'Delta' (4), 'D{italic}' (113), 'E{italic}' (1), 'F{italic}' (28), 'Gamma' (156), 'G{italic}' (245), 'H{caligraphic}' (2), 'H{italic}' (60), 'J{italic}' (25), 'K{italic}' (23), 'Lambda' (13), 'L{caligraphic}' (2), 'M{italic}' (11), 'Omega' (10), 'Phi' (26), 'Pi' (4), 'P{italic}' (23), 'Q{italic}' (83), 'R{italic}' (4), 'Sigma' (7), 'S{italic}' (6), 'T{italic}' (88), 'U{italic}' (8), 'V{italic}' (120), 'X{italic}' (4), 'alpha' (370), 'angle' (1), 'a{italic}' (233), 'beta' (329), 'b{italic}' (103), 'c{italic}' (1), 'delta' (34), 'd{italic}' (96), 'ell' (23), 'eta' (2), 'e{italic}' (53), 'gamma' (75), 'g{italic}' (78), 'h{italic}' (33), 'i{italic}' (146), 'j{italic}' (29), 'kappa' (56), 'k{italic}' (15), 'lambda' (41), 'l{italic}' (16), 'mu' (324), 'nu' (213), 'n{italic}' (55), 'omega' (21), 'o{italic}' (1), 'pi' (3), 'rho' (154), 'r{italic}' (1), 'sigma' (119), 's{italic}' (18), 'tau' (1), 'theta' (1), 't{italic}' (47), 'varepsilon' (39), 'varphi' (7), 'v{italic}' (126), 'xi' (61), 'x{italic}' (279)
Set MATHPARSER_SPECULATE to speculate on possible notations.
(Finalizing... 2.95 sec)
Conversion complete 85 warnings (See /home/user/latex-in-arxiv/0304086.latexml.log) (reqd. 1m 34.52s)
