latexml (LaTeXML version 0.8.6) processing 2003/0304155.tex
(Digesting TeX 0304155...
(Loading /usr/share/perl5/LaTeXML/Package/TeX.pool.ltxml...
(Loading /usr/share/perl5/LaTeXML/Package/eTeX.pool.ltxml... 0.01 sec)
(Loading /usr/share/perl5/LaTeXML/Package/pdfTeX.pool.ltxml... 0.01 sec) 0.22 sec)
(Processing content /home/user/latex-in-arxiv/2003/0304155.tex...
(Loading /usr/share/perl5/LaTeXML/Package/LaTeX.pool.ltxml...
(Loading /usr/share/perl5/LaTeXML/Package/textcomp.sty.ltxml...
(Processing definitions /usr/share/texlive/texmf-dist/tex/latex-dev/base/ts1enc.dfu... 0.05 sec) 1.52 sec) 1.82 sec)
(Loading /usr/share/perl5/LaTeXML/Package/revtex4.cls.ltxml...
(Loading /usr/share/perl5/LaTeXML/Package/article.cls.ltxml... 0.02 sec)
(Loading /usr/share/perl5/LaTeXML/Package/revtex4_support.sty.ltxml...
(Loading /usr/share/perl5/LaTeXML/Package/hyperref.sty.ltxml...
(Loading /usr/share/perl5/LaTeXML/Package/keyval.sty.ltxml...
(Processing definitions /usr/share/texlive/texmf-dist/tex/latex-dev/graphics/keyval.sty... 0.03 sec) 0.03 sec)
(Loading /usr/share/perl5/LaTeXML/Package/nameref.sty.ltxml... 0.00 sec)
(Loading /usr/share/perl5/LaTeXML/Package/url.sty.ltxml... 0.00 sec) 0.11 sec)
(Loading /usr/share/perl5/LaTeXML/Package/natbib.sty.ltxml... 0.03 sec)
(Loading /usr/share/perl5/LaTeXML/Package/revsymb.sty.ltxml... 0.00 sec)
(Loading /usr/share/perl5/LaTeXML/Package/longtable.sty.ltxml... 0.00 sec)
(Loading /usr/share/perl5/LaTeXML/Package/dcolumn.sty.ltxml...
(Loading /usr/share/perl5/LaTeXML/Package/array.sty.ltxml... 0.00 sec) 0.01 sec) 0.23 sec) 0.70 sec)
(Loading /usr/share/perl5/LaTeXML/Package/amssymb.sty.ltxml...
(Loading /usr/share/perl5/LaTeXML/Package/amsfonts.sty.ltxml... 0.01 sec) 0.03 sec)
(Loading /usr/share/perl5/LaTeXML/Package/epsf.sty.ltxml... 0.01 sec)
(Loading /usr/share/perl5/LaTeXML/Package/latexsym.sty.ltxml... 0.00 sec) 5.21 sec) 5.44 sec)
(Building...
(Loading compiled schema /usr/share/perl5/LaTeXML/resources/RelaxNG/LaTeXML.model... 0.01 sec) 2.34 sec)
(Rewriting... 0.06 sec)
(Math Parsing 114 formulae ......
Warning:not_parsed:UNKNOWN.POSTSUPERSCRIPT.UNKNOWN>OPEN MathParser failed to match rule 'Anything'
	at 0304155.tex; line 119 col 16 - line 121 col 14
	In "\begin{equation}E=\frac{1}{2}\int d^{2}x\left(D_{i}\phi.D_{i}\phi+\frac{k^{2}B%
	^{2}}{1-\phi_{3}^{2}}+\frac{1}{k^{2}}\phi_{3}^{2}(1-\phi_{3}^{2})\right),\end{equation}"
	E[[UNKNOWN]] =[[RELOP]] \frac{1}{2}[[UNKNOWN]] ∫[[INTOP]] d[[UNKNOWN]] ^{2}[[POSTSUPERSCRIPT]] x[[UNKNOWN]]
	        > \left([[OPEN]] D[[UNKNOWN]] _{i}[[POSTSUBSCRIPT]] ϕ[[UNKNOWN]] .[[PERIOD]] D[[UNKNOWN]] _{i}[[POSTSUBSCRIPT]] ϕ[[UNKNOWN]] +[[ADDOP]] \frac{k^{2}B^{2}}{1-\phi_{3}^{2}}[[UNKNOWN]] +[[ADDOP]] \frac{1}{k^{2}}[[UNKNOWN]] ϕ[[UNKNOWN]] _{3}[[POSTSUBSCRIPT]] ^{2}[[POSTSUPERSCRIPT]] ([[OPEN]] 1[[NUMBER]] -[[ADDOP]] ϕ[[UNKNOWN]] _{3}[[POSTSUBSCRIPT]] ^{2}[[POSTSUPERSCRIPT]] )[[CLOSE]] \right)[[CLOSE]]
Warning:not_parsed:ATOM.UNKNOWN.POSTSUBSCRIPT>OPEN MathParser failed to match rule 'Anything'
	at 0304155.tex; line 122 col 0 - line 125 col 14
	In "\begin{equation}K_{\mu}=\frac{1}{8\pi}\epsilon_{\mu\nu\lambda}\left[\phi.D^{%
	\nu}\phi\times D^{\lambda}\phi-F^{\nu\lambda}\phi_{3}\right].\end{equation}"
	K[[UNKNOWN]] _{\mu}[[POSTSUBSCRIPT]] =[[RELOP]] \frac{1}{8\pi}[[UNKNOWN]] ϵ[[UNKNOWN]] _{\mu\nu\lambda}[[POSTSUBSCRIPT]]
	        > \left[[[OPEN]] ϕ[[UNKNOWN]] .[[PERIOD]] D[[UNKNOWN]] ^{\nu}[[POSTSUPERSCRIPT]] ϕ[[UNKNOWN]] ×[[MULOP]] D[[UNKNOWN]] ^{\lambda}[[POSTSUPERSCRIPT]] ϕ[[UNKNOWN]] -[[ADDOP]] F[[UNKNOWN]] ^{\nu\lambda}[[POSTSUPERSCRIPT]] ϕ[[UNKNOWN]] _{3}[[POSTSUBSCRIPT]] \right][[CLOSE]]
Warning:not_parsed:RELOP.ADDOP.ATOM>OPEN MathParser failed to match rule 'Anything'
	at 0304155.tex; line 127 col 16 - line 129 col 65
	In "\begin{equation}K_{o}=-\frac{1}{4\pi}\left[A_{2}\phi_{3}\frac{\partial\phi}{%
	\partial x}.\phi+\frac{\partial\phi_{3}}{\partial x}\right]+\frac{1}{4}\phi_{3%
	}\frac{\partial A_{2}}{\partial x},\end{equation}"
	K[[UNKNOWN]] _{o}[[POSTSUBSCRIPT]] =[[RELOP]] -[[ADDOP]] \frac{1}{4\pi}[[UNKNOWN]]
	        > \left[[[OPEN]] A[[UNKNOWN]] _{2}[[POSTSUBSCRIPT]] ϕ[[UNKNOWN]] _{3}[[POSTSUBSCRIPT]] \frac{\partial\phi}{\partialx}[[UNKNOWN]] .[[PERIOD]] ϕ[[UNKNOWN]] +[[ADDOP]] \frac{\partial\phi_{3}}{\partialx}[[UNKNOWN]] \right][[CLOSE]] +[[ADDOP]] \frac{1}{4}[[UNKNOWN]] ϕ[[UNKNOWN]] _{3}[[POSTSUBSCRIPT]] \frac{\partialA_{2}}{\partialx}[[UNKNOWN]]
 2.72 sec)
Math parsing succeeded:
   ltx:XMath: 111/114
   ltx:XMArg: 274/274
Symbols assumed as simple identifiers (with # of occurences):
   'A{bold}' (1), 'A{italic}' (28), 'B{italic}' (7), 'D{italic}' (16), 'E{italic}' (7), 'F{italic}' (6), 'K{italic}' (10), 'L{caligraphic}' (1), 'M{caligraphic}' (1), 'M{italic}' (2), 'Phi' (1), 'Q{italic}' (1), 'S{italic}' (5), 'T{italic}' (4), 'U{italic}' (2), 'Z{italic}' (1), 'alpha' (5), 'and' (10), 'a{italic}' (1), 'b{italic}' (1), 'c{italic}' (1), 'd{italic}' (11), 'epsilon' (6), 'e{italic}' (9), 'f{italic}' (1), 'g{italic}' (2), 'i{italic}' (2), 'j{italic}' (2), 'k{italic}' (31), 'lambda' (3), 'l{italic}' (2), 'mu' (3), 'nu' (4), 'numerical' (1), 'n{bold}' (2), 'n{italic}' (7), 'o{italic}' (1), 'phi' (93), 'pi' (10), 'r{italic}' (2), 't{italic}' (1), 'u{italic}' (6), 'x{bold}' (1), 'x{italic}' (48), 'y{italic}' (3)
Set MATHPARSER_SPECULATE to speculate on possible notations.
(Finalizing... 0.20 sec)
Conversion complete 3 warnings (See /home/user/latex-in-arxiv/0304155.latexml.log) (reqd. 11.17s)
