latexml (LaTeXML version 0.8.6) processing 2003/0304243.tex
(Digesting TeX 0304243...
(Loading /usr/share/perl5/LaTeXML/Package/TeX.pool.ltxml...
(Loading /usr/share/perl5/LaTeXML/Package/eTeX.pool.ltxml... 0.01 sec)
(Loading /usr/share/perl5/LaTeXML/Package/pdfTeX.pool.ltxml... 0.01 sec) 0.20 sec)
(Processing content /home/user/latex-in-arxiv/2003/0304243.tex...
(Loading /usr/share/perl5/LaTeXML/Package/LaTeX.pool.ltxml...
(Loading /usr/share/perl5/LaTeXML/Package/textcomp.sty.ltxml...
(Processing definitions /usr/share/texlive/texmf-dist/tex/latex-dev/base/ts1enc.dfu... 0.04 sec) 1.55 sec) 1.87 sec)
(Loading /usr/share/perl5/LaTeXML/Package/revtex4.cls.ltxml...
(Loading /usr/share/perl5/LaTeXML/Package/article.cls.ltxml... 0.02 sec)
(Loading /usr/share/perl5/LaTeXML/Package/revtex4_support.sty.ltxml...
(Loading /usr/share/perl5/LaTeXML/Package/hyperref.sty.ltxml...
(Loading /usr/share/perl5/LaTeXML/Package/keyval.sty.ltxml...
(Processing definitions /usr/share/texlive/texmf-dist/tex/latex-dev/graphics/keyval.sty... 0.02 sec) 0.02 sec)
(Loading /usr/share/perl5/LaTeXML/Package/nameref.sty.ltxml... 0.00 sec)
(Loading /usr/share/perl5/LaTeXML/Package/url.sty.ltxml... 0.00 sec) 0.11 sec)
(Loading /usr/share/perl5/LaTeXML/Package/natbib.sty.ltxml... 0.02 sec)
(Loading /usr/share/perl5/LaTeXML/Package/revsymb.sty.ltxml... 0.00 sec)
(Loading /usr/share/perl5/LaTeXML/Package/longtable.sty.ltxml... 0.00 sec)
(Loading /usr/share/perl5/LaTeXML/Package/dcolumn.sty.ltxml...
(Loading /usr/share/perl5/LaTeXML/Package/array.sty.ltxml... 0.00 sec) 0.01 sec) 0.21 sec) 0.69 sec)
(Loading /usr/share/perl5/LaTeXML/Package/amsmath.sty.ltxml...
(Loading /usr/share/perl5/LaTeXML/Package/amsbsy.sty.ltxml...
(Loading /usr/share/perl5/LaTeXML/Package/amsgen.sty.ltxml... 0.01 sec) 0.01 sec)
(Loading /usr/share/perl5/LaTeXML/Package/amstext.sty.ltxml... 0.01 sec)
(Loading /usr/share/perl5/LaTeXML/Package/amsopn.sty.ltxml... 0.01 sec) 0.08 sec)
(Loading /usr/share/perl5/LaTeXML/Package/epsfig.sty.ltxml...
(Loading /usr/share/perl5/LaTeXML/Package/graphicx.sty.ltxml...
(Loading /usr/share/perl5/LaTeXML/Package/graphics.sty.ltxml... 0.01 sec) 0.02 sec) 0.05 sec) 8.27 sec) 8.53 sec)
(Building...
(Loading compiled schema /usr/share/perl5/LaTeXML/resources/RelaxNG/LaTeXML.model... 0.02 sec) 6.22 sec)
(Rewriting... 0.14 sec)
(Math Parsing 451 formulae ......
Warning:not_parsed:>OPEN MathParser failed to match rule 'Anything'
	at 0304243.tex; line 338 col 44 - line 338 col 53
	In "$\{\alpha^{0}$"
	> \{[[OPEN]] α[[UNKNOWN]] ^{0}[[POSTSUPERSCRIPT]]
Warning:not_parsed:UNKNOWN.RELOP.UNKNOWN>CLOSE MathParser failed to match rule 'Anything'
	at 0304243.tex; line 339 col 6 - line 339 col 18
	In "$i\not\in J\}$"
	i[[UNKNOWN]] ∈[[RELOP]] J[[UNKNOWN]]
	        > \}[[CLOSE]]
Warning:not_parsed:POSTSUPERSCRIPT.UNKNOWN.POSTSUBSCRIPT>PUNCT MathParser failed to match rule 'Anything'
	at 0304243.tex; line 579 col 1 - line 579 col 1
	In "$\displaystyle N\theta^{x}\cdot a=\sum_{i\in J_{x}-\{0\}}n_{i}^{H_{x}}w_{i}\ %
	\ +\ n_{0}^{H_{x}}w_{0}\ \ \leq\ N\,,\quad\quad w_{i},w_{0}\geq 0\,,\@@ENDINLINEMATH"
	N[[UNKNOWN]] θ[[UNKNOWN]] ^{x}[[POSTSUPERSCRIPT]] ⋅[[MULOP]] a[[UNKNOWN]] =[[RELOP]] ∑[[SUMOP]] _{i\inJ_{x}-\{0\}}[[POSTSUBSCRIPT]] n[[UNKNOWN]] _{i}[[POSTSUBSCRIPT]] ^{H_{x}}[[POSTSUPERSCRIPT]] w[[UNKNOWN]] _{i}[[POSTSUBSCRIPT]] $\displaystyleN\theta^{x}\cdota=\sum_{i\inJ_{x}-\{0\}}n_{i}^{H_{x}}w_{i}\ \ +\ n_{0}^{H_{x}}w_{0}\ \ \leq\ N\,,\quad\quadw_{i},w_{0}\geq0\,,\@@ENDINLINEMATH[[PUNCT]] +[[ADDOP]] n[[UNKNOWN]] _{0}[[POSTSUBSCRIPT]] ^{H_{x}}[[POSTSUPERSCRIPT]] w[[UNKNOWN]] _{0}[[POSTSUBSCRIPT]]
	        > $\displaystyleN\theta^{x}\cdota=\sum_{i\inJ_{x}-\{0\}}n_{i}^{H_{x}}w_{i}\ \ +\ n_{0}^{H_{x}}w_{0}\ \ \leq\ N\,,\quad\quadw_{i},w_{0}\geq0\,,\@@ENDINLINEMATH[[PUNCT]] ≤[[RELOP]] N[[UNKNOWN]] ,[[PUNCT]] w[[UNKNOWN]] _{i}[[POSTSUBSCRIPT]] ,[[PUNCT]] w[[UNKNOWN]] _{0}[[POSTSUBSCRIPT]] ≥[[RELOP]] 0[[NUMBER]]
Warning:not_parsed:POSTSUPERSCRIPT.UNKNOWN.POSTSUBSCRIPT>PUNCT MathParser failed to match rule 'Anything'
	at 0304243.tex; line 579 col 28 - line 582 col 1
	In "$\displaystyle\sum_{i\in J_{x}-\{0\}}n_{i}^{H_{x}}w_{i}\ \ +\ n_{0}^{H_{x}}w_{%
	0}\ \ \leq\ N\,,\quad\quad w_{i},w_{0}\geq 0\,,$"
	∑[[SUMOP]] _{i\inJ_{x}-\{0\}}[[POSTSUBSCRIPT]] n[[UNKNOWN]] _{i}[[POSTSUBSCRIPT]] ^{H_{x}}[[POSTSUPERSCRIPT]] w[[UNKNOWN]] _{i}[[POSTSUBSCRIPT]] $\displaystyle\sum_{i\inJ_{x}-\{0\}}n_{i}^{H_{x}}w_{i}\ \ +\ n_{0}^{H_{x}}w_{0}\ \ \leq\ N\,,\quad\quadw_{i},w_{0}\geq0\,,$[[PUNCT]] +[[ADDOP]] n[[UNKNOWN]] _{0}[[POSTSUBSCRIPT]] ^{H_{x}}[[POSTSUPERSCRIPT]] w[[UNKNOWN]] _{0}[[POSTSUBSCRIPT]]
	        > $\displaystyle\sum_{i\inJ_{x}-\{0\}}n_{i}^{H_{x}}w_{i}\ \ +\ n_{0}^{H_{x}}w_{0}\ \ \leq\ N\,,\quad\quadw_{i},w_{0}\geq0\,,$[[PUNCT]] ≤[[RELOP]] N[[UNKNOWN]] ,[[PUNCT]] w[[UNKNOWN]] _{i}[[POSTSUBSCRIPT]] ,[[PUNCT]] w[[UNKNOWN]] _{0}[[POSTSUBSCRIPT]] ≥[[RELOP]] 0[[NUMBER]]
Warning:not_parsed:PUNCT.ATOM.UNKNOWN>CLOSE MathParser failed to match rule 'Anything'
	at 0304243.tex; line 855 col 0 - line 857 col 2
	In "$$w_{i}\cdot A^{-1}s=0\quad\mbox{(mod }N),$$"
	w[[UNKNOWN]] _{i}[[POSTSUBSCRIPT]] ⋅[[MULOP]] A[[UNKNOWN]] ^{-1}[[POSTSUPERSCRIPT]] s[[UNKNOWN]] =[[RELOP]] 0[[NUMBER]] $$w_{i}\cdotA^{-1}s=0\quad\mbox{(mod }N),$$[[PUNCT]] \mbox{(mod }[[UNKNOWN]] N[[UNKNOWN]]
	        > )[[CLOSE]]
Warning:not_parsed:UNKNOWN.RELOP.UNKNOWN>CLOSE MathParser failed to match rule 'Anything'
	at 0304243.tex; line 859 col 0 - line 861 col 2
	In "$$w_{i}\cdot A^{-1}w_{j}=0\quad\mbox{(mod }N,i\neq j).$$"
	w[[UNKNOWN]] _{i}[[POSTSUBSCRIPT]] ⋅[[MULOP]] A[[UNKNOWN]] ^{-1}[[POSTSUPERSCRIPT]] w[[UNKNOWN]] _{j}[[POSTSUBSCRIPT]] =[[RELOP]] 0[[NUMBER]] $$w_{i}\cdotA^{-1}w_{j}=0\quad\mbox{(mod }N,i\neqj).$$[[PUNCT]] \mbox{(mod }[[UNKNOWN]] N[[UNKNOWN]] ,[[PUNCT]] i[[UNKNOWN]] ≠[[RELOP]] j[[UNKNOWN]]
	        > )[[CLOSE]]
 8.45 sec)
Math parsing succeeded:
   ltx:XMArg: 576/576
   ltx:XMWrap: 0/1
   ltx:XMath: 445/451
Symbols assumed as simple identifiers (with # of occurences):
   'A{italic}' (9), 'E{italic}' (68), 'G{italic}' (1), 'H{italic}' (42), 'I{italic}' (5), 'J{italic}' (23), 'N{italic}' (53), 'O{italic}' (7), 'P{caligraphic}' (1), 'P{italic}' (17), 'Q{italic}' (5), 'R{bold}' (3), 'S{caligraphic}' (1), 'S{italic}' (89), 'T{italic}' (3), 'U{italic}' (88), 'V{italic}' (32), 'Z{italic}' (4), 'alpha' (97), 'a{italic}' (29), 'b{italic}' (7), 'c{italic}' (7), 'delta' (1), 'e{italic}' (8), 'gamma' (13), 'integer' (1), 'i{italic}' (47), 'j{italic}' (8), 'mod' (1), 'm{italic}' (5), 'n{italic}' (43), 'of' (1), 'phi' (5), 'pi' (8), 'rank' (1), 'r{italic}' (1), 'sigma' (3), 's{italic}' (38), 'tau' (2), 'theta' (21), 'v{italic}' (5), 'w{italic}' (80), 'x{italic}' (4), 'z{italic}' (5)
Set MATHPARSER_SPECULATE to speculate on possible notations.
(Finalizing... 0.83 sec)
Conversion complete 6 warnings (See /home/user/latex-in-arxiv/0304243.latexml.log) (reqd. 24.86s)
