latexml (LaTeXML version 0.8.6) processing 2003/0304270.tex
(Digesting TeX 0304270...
(Loading /usr/share/perl5/LaTeXML/Package/TeX.pool.ltxml...
(Loading /usr/share/perl5/LaTeXML/Package/eTeX.pool.ltxml... 0.01 sec)
(Loading /usr/share/perl5/LaTeXML/Package/pdfTeX.pool.ltxml... 0.02 sec) 0.34 sec)
(Processing content /home/user/latex-in-arxiv/2003/0304270.tex...
(Loading /usr/share/perl5/LaTeXML/Package/LaTeX.pool.ltxml...
(Loading /usr/share/perl5/LaTeXML/Package/textcomp.sty.ltxml...
(Processing definitions /usr/share/texlive/texmf-dist/tex/latex-dev/base/ts1enc.dfu... 0.07 sec) 2.26 sec) 2.78 sec)
(Loading /usr/share/perl5/LaTeXML/Package/JHEP3.cls.ltxml...
(Loading /usr/share/perl5/LaTeXML/Package/JHEP.cls.ltxml...
(Loading /usr/share/perl5/LaTeXML/Package/article.cls.ltxml... 0.02 sec)
(Loading /usr/share/perl5/LaTeXML/Package/amssymb.sty.ltxml...
(Loading /usr/share/perl5/LaTeXML/Package/amsfonts.sty.ltxml... 0.00 sec) 0.04 sec)
(Loading /usr/share/perl5/LaTeXML/Package/floatflt.sty.ltxml... 0.02 sec) 0.14 sec) 0.15 sec)
(Loading /usr/share/perl5/LaTeXML/Package/euscript.sty.ltxml... 0.00 sec)
(Loading /usr/share/perl5/LaTeXML/Package/epsfig.sty.ltxml...
(Loading /usr/share/perl5/LaTeXML/Package/graphicx.sty.ltxml...
(Loading /usr/share/perl5/LaTeXML/Package/graphics.sty.ltxml... 0.02 sec) 0.03 sec) 0.07 sec)
(Loading /usr/share/perl5/LaTeXML/Package/bbm.sty.ltxml... 0.00 sec)
(Loading /usr/share/perl5/LaTeXML/Package/amsb.fontmap.ltxml... 0.00 sec) 44.85 sec) 45.31 sec)
(Building...
(Loading compiled schema /usr/share/perl5/LaTeXML/resources/RelaxNG/LaTeXML.model... 0.01 sec)
Info:malformed:id Duplicated attribute xml:id
	at 0304270.tex; line 1133 col 27 - line 1133 col 27
	Using id='S5.E87a' on <ltx:XMRow _box="Alignment[]" _font="Font[math,medium,italic,10,bla..."/>
	id='S5.E87' already set on <ltx:equation _box="LaTeXML::Core::Alignment=HASH(..." _font="Font[serif,medium,upright,10,b..." xml:id="S5.E87" _ID_counter_m_="1">...
Info:malformed:id Duplicated attribute xml:id
	at 0304270.tex; line 1140 col 33 - line 1140 col 33
	Using id='S5.E92a' on <ltx:XMRow _box="Alignment[]" _font="Font[math,medium,italic,10,bla..."/>
	id='S5.E92' already set on <ltx:equation _box="LaTeXML::Core::Alignment=HASH(..." _font="Font[serif,medium,upright,10,b..." xml:id="S5.E92" _ID_counter_m_="1">...
Info:malformed:id Duplicated attribute xml:id
	at 0304270.tex; line 1317 col 30 - line 1317 col 30
	Using id='S5.E109a' on <ltx:XMRow _box="Alignment[]" _font="Font[math,medium,italic,10,bla..."/>
	id='S5.E109' already set on <ltx:equation _box="LaTeXML::Core::Alignment=HASH(..." _font="Font[serif,medium,upright,10,b..." xml:id="S5.E109" _ID_counter_m_="3">...
Info:malformed:id Duplicated attribute xml:id
	at 0304270.tex; line 1319 col 39 - line 1319 col 39
	Using id='S5.E112a' on <ltx:XMRow _box="Alignment[]" _font="Font[math,medium,italic,10,bla..."/>
	id='S5.E112' already set on <ltx:equation _box="LaTeXML::Core::Alignment=HASH(..." _font="Font[serif,medium,upright,10,b..." xml:id="S5.E112" _ID_counter_m_="3">...
Info:malformed:id Duplicated attribute xml:id
	at 0304270.tex; line 1329 col 24 - line 1329 col 24
	Using id='S5.E117a' on <ltx:XMRow _box="Alignment[]" _font="Font[math,medium,italic,10,bla..."/>
	id='S5.E117' already set on <ltx:equation _box="LaTeXML::Core::Alignment=HASH(..." _font="Font[serif,medium,upright,10,b..." xml:id="S5.E117" _ID_counter_m_="3">...
Info:malformed:id Duplicated attribute xml:id
	at 0304270.tex; line 1331 col 29 - line 1331 col 29
	Using id='S5.E120a' on <ltx:XMRow _box="Alignment[]" _font="Font[math,medium,italic,10,bla..."/>
	id='S5.E120' already set on <ltx:equation _box="LaTeXML::Core::Alignment=HASH(..." _font="Font[serif,medium,upright,10,b..." xml:id="S5.E120" _ID_counter_m_="3">...
Info:malformed:id Duplicated attribute xml:id
	at 0304270.tex; line 1340 col 30 - line 1340 col 30
	Using id='S5.E124a' on <ltx:XMRow _box="Alignment[]" _font="Font[math,medium,italic,10,bla..."/>
	id='S5.E124' already set on <ltx:equation _box="LaTeXML::Core::Alignment=HASH(..." _font="Font[serif,medium,upright,10,b..." xml:id="S5.E124" _ID_counter_m_="3">...
Info:malformed:id Duplicated attribute xml:id
	at 0304270.tex; line 1342 col 31 - line 1342 col 31
	Using id='S5.E127a' on <ltx:XMRow _box="Alignment[]" _font="Font[math,medium,italic,10,bla..."/>
	id='S5.E127' already set on <ltx:equation _box="LaTeXML::Core::Alignment=HASH(..." _font="Font[serif,medium,upright,10,b..." xml:id="S5.E127" _ID_counter_m_="3">...
Info:malformed:id Duplicated attribute xml:id
	at 0304270.tex; line 1735 col 52 - line 1735 col 52
	Using id='S7.E151a' on <ltx:XMRow _box="Alignment[]" _font="Font[math,medium,italic,10,bla..."/>
	id='S7.E151' already set on <ltx:equation _box="LaTeXML::Core::Alignment=HASH(..." _font="Font[serif,medium,upright,10,b..." xml:id="S7.E151" _ID_counter_m_="1">...
Info:malformed:id Duplicated attribute xml:id
	at 0304270.tex; line 1775 col 41 - line 1775 col 41
	Using id='S7.E158a' on <ltx:XMRow _box="Alignment[]" _font="Font[math,medium,italic,10,bla..."/>
	id='S7.E158' already set on <ltx:equation _box="LaTeXML::Core::Alignment=HASH(..." _font="Font[serif,medium,upright,10,b..." xml:id="S7.E158" _ID_counter_m_="1">...
Info:malformed:id Duplicated attribute xml:id
	at 0304270.tex; line 1823 col 35 - line 1823 col 35
	Using id='S7.E170a' on <ltx:XMRow _box="Alignment[]" _font="Font[math,medium,italic,10,bla..."/>
	id='S7.E170' already set on <ltx:equation _box="LaTeXML::Core::Alignment=HASH(..." _font="Font[serif,medium,upright,10,b..." xml:id="S7.E170" _ID_counter_m_="1">...
Info:malformed:id Duplicated attribute xml:id
	at 0304270.tex; line 1839 col 26 - line 1839 col 26
	Using id='S7.E175a' on <ltx:XMRow _box="Alignment[]" _font="Font[math,medium,italic,10,bla..."/>
	id='S7.E175' already set on <ltx:XMRow _box="LaTeXML::Core::Alignment=HASH(..." _font="Font[math,medium,italic,10,bla..." xml:id="S7.E175" _ID_counter_="1">...
Info:malformed:id Duplicated attribute xml:id
	at 0304270.tex; line 1839 col 26 - line 1839 col 26
	Using id='S7.E178a' on <ltx:XMRow _box="Alignment[]" _font="Font[math,medium,italic,10,bla..."/>
	id='S7.E178' already set on <ltx:XMRow _box="LaTeXML::Core::Alignment=HASH(..." _font="Font[math,medium,italic,10,bla..." xml:id="S7.E178" _ID_counter_="1">...
Info:malformed:id Duplicated attribute xml:id
	at 0304270.tex; line 1839 col 26 - line 1839 col 26
	Using id='S7.E179a' on <ltx:XMRow _box="Alignment[]" _font="Font[math,medium,italic,10,bla..."/>
	id='S7.E179' already set on <ltx:equation _box="LaTeXML::Core::Alignment=HASH(..." _font="Font[serif,medium,upright,10,b..." xml:id="S7.E179" _ID_counter_m_="1">...
Info:malformed:id Duplicated attribute xml:id
	at 0304270.tex; line 1928 col 35 - line 1928 col 35
	Using id='S8.E189a' on <ltx:XMRow _box="Alignment[]" _font="Font[math,medium,italic,10,bla..."/>
	id='S8.E189' already set on <ltx:equation _box="LaTeXML::Core::Alignment=HASH(..." _font="Font[serif,medium,upright,10,b..." xml:id="S8.E189" _ID_counter_m_="1">...
Info:malformed:id Duplicated attribute xml:id
	at 0304270.tex; line 1934 col 64 - line 1934 col 64
	Using id='S8.E194a' on <ltx:XMRow _box="Alignment[]" _font="Font[math,medium,italic,10,bla..."/>
	id='S8.E194' already set on <ltx:equation _box="LaTeXML::Core::Alignment=HASH(..." _font="Font[serif,medium,upright,10,b..." xml:id="S8.E194" _ID_counter_m_="1">...
Info:malformed:id Duplicated attribute xml:id
	at 0304270.tex; line 1955 col 35 - line 1955 col 35
	Using id='S8.E197a' on <ltx:XMRow _box="Alignment[]" _font="Font[math,medium,italic,10,bla..."/>
	id='S8.E197' already set on <ltx:equation _box="LaTeXML::Core::Alignment=HASH(..." _font="Font[serif,medium,upright,10,b..." xml:id="S8.E197" _ID_counter_m_="1">...
Info:malformed:id Duplicated attribute xml:id
	at 0304270.tex; line 1970 col 41 - line 1970 col 41
	Using id='S8.E200a' on <ltx:XMRow _box="Alignment[]" _font="Font[math,medium,italic,10,bla..."/>
	id='S8.E200' already set on <ltx:equation _box="LaTeXML::Core::Alignment=HASH(..." _font="Font[serif,medium,upright,10,b..." xml:id="S8.E200" _ID_counter_m_="1">...
Info:malformed:id Duplicated attribute xml:id
	at 0304270.tex; line 1977 col 33 - line 1977 col 33
	Using id='S8.E203a' on <ltx:XMRow _box="Alignment[]" _font="Font[math,medium,italic,10,bla..."/>
	id='S8.E203' already set on <ltx:equation _box="LaTeXML::Core::Alignment=HASH(..." _font="Font[serif,medium,upright,10,b..." xml:id="S8.E203" _ID_counter_m_="1">...
Info:malformed:id Duplicated attribute xml:id
	at 0304270.tex; line 2506 col 41 - line 2506 col 41
	Using id='S11.E251a' on <ltx:XMRow _box="Alignment[]" _font="Font[math,medium,italic,10,bla..."/>
	id='S11.E251' already set on <ltx:equation _box="LaTeXML::Core::Alignment=HASH(..." _font="Font[serif,medium,upright,10,b..." xml:id="S11.E251" _ID_counter_m_="1">...
Info:malformed:id Duplicated attribute xml:id
	at 0304270.tex; line 2529 col 53 - line 2529 col 53
	Using id='S11.E257a' on <ltx:XMRow _box="Alignment[]" _font="Font[math,medium,italic,10,bla..."/>
	id='S11.E257' already set on <ltx:equation _box="LaTeXML::Core::Alignment=HASH(..." _font="Font[serif,medium,upright,10,b..." xml:id="S11.E257" _ID_counter_m_="2">...
Info:malformed:id Duplicated attribute xml:id
	at 0304270.tex; line 2538 col 21 - line 2538 col 21
	Using id='S11.E263a' on <ltx:XMRow _box="Alignment[]" _font="Font[math,medium,italic,10,bla..."/>
	id='S11.E263' already set on <ltx:equation _box="LaTeXML::Core::Alignment=HASH(..." _font="Font[serif,medium,upright,10,b..." xml:id="S11.E263" _ID_counter_m_="1">...
Info:malformed:id Duplicated attribute xml:id
	at 0304270.tex; line 2545 col 22 - line 2545 col 22
	Using id='S11.E270a' on <ltx:XMRow _box="Alignment[]" _font="Font[math,medium,italic,10,bla..."/>
	id='S11.E270' already set on <ltx:equation _box="LaTeXML::Core::Alignment=HASH(..." _font="Font[serif,medium,upright,10,b..." xml:id="S11.E270" _ID_counter_m_="1">...
Info:malformed:id Duplicated attribute xml:id
	at 0304270.tex; line 2554 col 21 - line 2554 col 21
	Using id='S11.E273a' on <ltx:XMRow _box="Alignment[]" _font="Font[math,medium,italic,10,bla..."/>
	id='S11.E273' already set on <ltx:equation _box="LaTeXML::Core::Alignment=HASH(..." _font="Font[serif,medium,upright,10,b..." xml:id="S11.E273" _ID_counter_m_="3">...
Info:malformed:id Duplicated attribute xml:id
	at 0304270.tex; line 2565 col 21 - line 2565 col 21
	Using id='S11.E276a' on <ltx:XMRow _box="Alignment[]" _font="Font[math,medium,italic,10,bla..."/>
	id='S11.E276' already set on <ltx:equation _box="LaTeXML::Core::Alignment=HASH(..." _font="Font[serif,medium,upright,10,b..." xml:id="S11.E276" _ID_counter_m_="3">...
Info:malformed:id Duplicated attribute xml:id
	at 0304270.tex; line 2607 col 55 - line 2607 col 55
	Using id='S12.E280a' on <ltx:XMRow _box="Alignment[]" _font="Font[math,medium,italic,10,bla..."/>
	id='S12.E280' already set on <ltx:equation _box="LaTeXML::Core::Alignment=HASH(..." _font="Font[serif,medium,upright,10,b..." xml:id="S12.E280" _ID_counter_m_="1">...
Warning:unexpected:eqnarray Unrecognized equation patterns (1) in eqnarray
	at 0304270.tex; line 2707 col 1 - line 2707 col 1
	In Core::Definition::Constructor[\@@eqna... /usr/share/perl5/LaTeXML/Package/LaTeX.pool.ltxml; line 2290
Warning:unexpected:eqnarray Unrecognized equation patterns (1) in eqnarray
	at 0304270.tex; line 2737 col 1 - line 2737 col 1
	In Core::Definition::Constructor[\@@eqna... /usr/share/perl5/LaTeXML/Package/LaTeX.pool.ltxml; line 2290
Warning:unexpected:eqnarray Unrecognized equation patterns (1) in eqnarray
	at 0304270.tex; line 2775 col 1 - line 2775 col 1
	In Core::Definition::Constructor[\@@eqna... /usr/share/perl5/LaTeXML/Package/LaTeX.pool.ltxml; line 2290
Warning:unexpected:eqnarray Unrecognized equation patterns (1) in eqnarray
	at 0304270.tex; line 2849 col 1 - line 2849 col 1
	In Core::Definition::Constructor[\@@eqna... /usr/share/perl5/LaTeXML/Package/LaTeX.pool.ltxml; line 2290
 23.01 sec)
(Rewriting... 1.00 sec)
(Math Parsing 1396 formulae ......
Warning:not_parsed:POSTSUBSCRIPT.POSTSUPERSCRIPT.UNKNOWN>OPEN MathParser failed to match rule 'Anything'
	at 0304270.tex; line 462 col 14 - line 464 col 8
	In "$\displaystyle\frac{1}{3\sqrt{nm}}\sum_{l=1}^{m}l\Big{[}(-1)^{n}B_{n-l}B_{m-l}%
	+2b_{n-l}b_{m-l}(-1)^{m}$"
	\frac{1}{3\sqrt{nm}}[[UNKNOWN]] ∑[[SUMOP]] _{l=1}[[POSTSUBSCRIPT]] ^{m}[[POSTSUPERSCRIPT]] l[[UNKNOWN]]
	        > [[[OPEN]] ([[OPEN]] -[[ADDOP]] 1[[NUMBER]] )[[CLOSE]] ^{n}[[POSTSUPERSCRIPT]] B[[UNKNOWN]] _{n-l}[[POSTSUBSCRIPT]] B[[UNKNOWN]] _{m-l}[[POSTSUBSCRIPT]] +[[ADDOP]] 2[[NUMBER]] b[[UNKNOWN]] _{n-l}[[POSTSUBSCRIPT]] b[[UNKNOWN]] _{m-l}[[POSTSUBSCRIPT]] ([[OPEN]] -[[ADDOP]] 1[[NUMBER]] )[[CLOSE]] ^{m}[[POSTSUPERSCRIPT]]
Warning:not_parsed:NUMBER.CLOSE.POSTSUPERSCRIPT>CLOSE MathParser failed to match rule 'Anything'
	at 0304270.tex; line 464 col 10 - line 465 col 4
	In "$\displaystyle-(-1)^{n+l}B_{n+l}B_{m-l}-2b_{n+l}b_{m-l}(-1)^{m+l}\Big{]}$"
	-[[ADDOP]] ([[OPEN]] -[[ADDOP]] 1[[NUMBER]] )[[CLOSE]] ^{n+l}[[POSTSUPERSCRIPT]] B[[UNKNOWN]] _{n+l}[[POSTSUBSCRIPT]] B[[UNKNOWN]] _{m-l}[[POSTSUBSCRIPT]] -[[ADDOP]] 2[[NUMBER]] b[[UNKNOWN]] _{n+l}[[POSTSUBSCRIPT]] b[[UNKNOWN]] _{m-l}[[POSTSUBSCRIPT]] ([[OPEN]] -[[ADDOP]] 1[[NUMBER]] )[[CLOSE]] ^{m+l}[[POSTSUPERSCRIPT]]
	        > ][[CLOSE]]
Warning:not_parsed:UNKNOWN.PERIOD.UNKNOWN>PERIOD MathParser failed to match rule 'Anything'
	at 0304270.tex; line 470 col 1 - line 470 col 1
	In "$\displaystyle f^{2}(z)=\sum_{k=0}^{\infty}B_{k}z^{k},\quad\quad{\rm i.e.}%
	\quad\quad B_{k}=\sum_{p=0}^{k}b_{p}b_{k-p}\@@ENDINLINEMATH"
	f[[UNKNOWN]] ^{2}[[POSTSUPERSCRIPT]] ([[OPEN]] z[[UNKNOWN]] )[[CLOSE]] =[[RELOP]] ∑[[SUMOP]] _{k=0}[[POSTSUBSCRIPT]] ^{\infty}[[POSTSUPERSCRIPT]] B[[UNKNOWN]] _{k}[[POSTSUBSCRIPT]] z[[UNKNOWN]] ^{k}[[POSTSUPERSCRIPT]] ,[[PUNCT]] i[[UNKNOWN]] .[[PERIOD]] e[[UNKNOWN]]
	        > .[[PERIOD]] $\displaystylef^{2}(z)=\sum_{k=0}^{\infty}B_{k}z^{k},\quad\quad{\rmi.e.}\quad\quadB_{k}=\sum_{p=0}^{k}b_{p}b_{k-p}\@@ENDINLINEMATH[[PUNCT]] B[[UNKNOWN]] _{k}[[POSTSUBSCRIPT]] =[[RELOP]] ∑[[SUMOP]] _{p=0}[[POSTSUBSCRIPT]] ^{k}[[POSTSUPERSCRIPT]] b[[UNKNOWN]] _{p}[[POSTSUBSCRIPT]] b[[UNKNOWN]] _{k-p}[[POSTSUBSCRIPT]]
Warning:not_parsed:UNKNOWN.PERIOD.UNKNOWN>PERIOD MathParser failed to match rule 'Anything'
	at 0304270.tex; line 470 col 13 - line 472 col 4
	In "$\displaystyle\sum_{k=0}^{\infty}B_{k}z^{k},\quad\quad{\rm i.e.}\quad\quad B_{%
	k}=\sum_{p=0}^{k}b_{p}b_{k-p}$"
	∑[[SUMOP]] _{k=0}[[POSTSUBSCRIPT]] ^{\infty}[[POSTSUPERSCRIPT]] B[[UNKNOWN]] _{k}[[POSTSUBSCRIPT]] z[[UNKNOWN]] ^{k}[[POSTSUPERSCRIPT]] ,[[PUNCT]] i[[UNKNOWN]] .[[PERIOD]] e[[UNKNOWN]]
	        > .[[PERIOD]] $\displaystyle\sum_{k=0}^{\infty}B_{k}z^{k},\quad\quad{\rmi.e.}\quad\quadB_{k}=\sum_{p=0}^{k}b_{p}b_{k-p}$[[PUNCT]] B[[UNKNOWN]] _{k}[[POSTSUBSCRIPT]] =[[RELOP]] ∑[[SUMOP]] _{p=0}[[POSTSUBSCRIPT]] ^{k}[[POSTSUPERSCRIPT]] b[[UNKNOWN]] _{p}[[POSTSUBSCRIPT]] b[[UNKNOWN]] _{k-p}[[POSTSUBSCRIPT]]
Warning:not_parsed:NUMBER.PUNCT>POSTSUBSCRIPT MathParser failed to match rule 'Subscript'
	at 0304270.tex; line 1660 col 56 - line 1660 col 56
	In "$\displaystyle|V_{3}\rangle=|V_{3,\perp}\rangle\,\otimes\,|V_{3,_{\|}}\rangle\@@ENDINLINEMATH"
	3[[NUMBER]] ,[[PUNCT]]
	        > _{\|}[[POSTSUBSCRIPT]]
Warning:not_parsed:NUMBER.PUNCT>POSTSUBSCRIPT MathParser failed to match rule 'Subscript'
	at 0304270.tex; line 1660 col 56 - line 1660 col 56
	In "$\displaystyle|V_{3}\rangle=|V_{3,\perp}\rangle\,\otimes\,|V_{3,_{\|}}\rangle$"
	3[[NUMBER]] ,[[PUNCT]]
	        > _{\|}[[POSTSUBSCRIPT]]
Warning:not_parsed:SUMOP.POSTSUBSCRIPT.POSTSUPERSCRIPT>OPEN MathParser failed to match rule 'Anything'
	at 0304270.tex; line 1669 col 14 - line 1674 col 1
	In "$\displaystyle E^{\prime}_{\perp}=\sum_{r,s=1}^{3}\left(\frac{1}{2}\sum_{m,n%
	\geq 1}G_{\alpha\beta}a_{m}^{(r)\alpha\dagger}V_{mn}^{rs}a_{n}^{(s)\beta%
	\dagger}+\sum_{n\geq 1}G_{\alpha\beta}p_{(r)}^{\alpha}V_{0n}^{rs}a_{n}^{(s)%
	\beta\dagger}\right.$"
	E[[UNKNOWN]] ^{\prime}[[POSTSUPERSCRIPT]] _{\perp}[[POSTSUBSCRIPT]] =[[RELOP]] ∑[[SUMOP]] _{r,s=1}[[POSTSUBSCRIPT]] ^{3}[[POSTSUPERSCRIPT]]
	        > \left([[OPEN]] \frac{1}{2}[[UNKNOWN]] ∑[[SUMOP]] _{m,n\geq1}[[POSTSUBSCRIPT]] G[[UNKNOWN]] _{\alpha\beta}[[POSTSUBSCRIPT]] a[[UNKNOWN]] _{m}[[POSTSUBSCRIPT]] ^{(r)\alpha\dagger}[[POSTSUPERSCRIPT]] V[[UNKNOWN]] _{mn}[[POSTSUBSCRIPT]] ^{rs}[[POSTSUPERSCRIPT]] a[[UNKNOWN]] _{n}[[POSTSUBSCRIPT]] ^{(s)\beta\dagger}[[POSTSUPERSCRIPT]] +[[ADDOP]] ∑[[SUMOP]] _{n\geq1}[[POSTSUBSCRIPT]] G[[UNKNOWN]] _{\alpha\beta}[[POSTSUBSCRIPT]] p[[UNKNOWN]] _{(r)}[[POSTSUBSCRIPT]] ^{\alpha}[[POSTSUPERSCRIPT]] V[[UNKNOWN]] _{0n}[[POSTSUBSCRIPT]] ^{rs}[[POSTSUPERSCRIPT]] a[[UNKNOWN]] _{n}[[POSTSUBSCRIPT]] ^{(s)\beta\dagger}[[POSTSUPERSCRIPT]]
Warning:not_parsed:UNKNOWN.POSTSUBSCRIPT.POSTSUPERSCRIPT>CLOSE MathParser failed to match rule 'Anything'
	at 0304270.tex; line 1674 col 8 - line 1678 col 4
	In "$\displaystyle\left.\quad\quad+\,\frac{1}{2}G_{\alpha\beta}p_{(r)}^{\alpha}V_{%
	00}^{rs}p_{(s)}^{\beta}+\frac{i}{2}\sum_{r<s}p_{\alpha}^{(r)}\theta^{\alpha%
	\beta}p_{\beta}^{(s)}\right)$"
	+[[ADDOP]] \frac{1}{2}[[UNKNOWN]] G[[UNKNOWN]] _{\alpha\beta}[[POSTSUBSCRIPT]] p[[UNKNOWN]] _{(r)}[[POSTSUBSCRIPT]] ^{\alpha}[[POSTSUPERSCRIPT]] V[[UNKNOWN]] _{00}[[POSTSUBSCRIPT]] ^{rs}[[POSTSUPERSCRIPT]] p[[UNKNOWN]] _{(s)}[[POSTSUBSCRIPT]] ^{\beta}[[POSTSUPERSCRIPT]] +[[ADDOP]] \frac{i}{2}[[UNKNOWN]] ∑[[SUMOP]] _{r<s}[[POSTSUBSCRIPT]] p[[UNKNOWN]] _{\alpha}[[POSTSUBSCRIPT]] ^{(r)}[[POSTSUPERSCRIPT]] θ[[UNKNOWN]] ^{\alpha\beta}[[POSTSUPERSCRIPT]] p[[UNKNOWN]] _{\beta}[[POSTSUBSCRIPT]] ^{(s)}[[POSTSUPERSCRIPT]]
	        > \right)[[CLOSE]]
Warning:not_parsed:UNKNOWN.POSTSUPERSCRIPT>FLOATSUBSCRIPT MathParser failed to match rule 'Anything'
	at 0304270.tex; line 1733 col 21 - line 1733 col 30
	In "$\epsilon^{1}{}_{2}=1$"
	ϵ[[UNKNOWN]] ^{1}[[POSTSUPERSCRIPT]]
	        > {}_{2}[[FLOATSUBSCRIPT]] =[[RELOP]] 1[[NUMBER]]
Warning:not_parsed:NUMBER.PUNCT>VERTBAR MathParser failed to match rule 'Subscript'
	at 0304270.tex; line 1790 col 58 - line 1790 col 58
	In "$\displaystyle|V_{3}\rangle^{\prime}=|V_{3,\perp}\rangle^{\prime}\,\otimes\,|V%
	_{3,\|}\rangle\@@ENDINLINEMATH"
	3[[NUMBER]] ,[[PUNCT]]
	        > ∥[[VERTBAR]]
Warning:not_parsed:NUMBER.PUNCT>VERTBAR MathParser failed to match rule 'Subscript'
	at 0304270.tex; line 1790 col 58 - line 1790 col 58
	In "$\displaystyle|V_{3}\rangle^{\prime}=|V_{3,\perp}\rangle^{\prime}\,\otimes\,|V%
	_{3,\|}\rangle$"
	3[[NUMBER]] ,[[PUNCT]]
	        > ∥[[VERTBAR]]
Warning:not_parsed:NUMBER.PUNCT>VERTBAR MathParser failed to match rule 'Subscript'
	at 0304270.tex; line 1793 col 10 - line 1793 col 10
	In "$|V_{3,\|}\rangle$"
	3[[NUMBER]] ,[[PUNCT]]
	        > ∥[[VERTBAR]]
Warning:not_parsed:UNKNOWN.PERIOD.UNKNOWN>PERIOD MathParser failed to match rule 'Anything'
	at 0304270.tex; line 1872 col 1 - line 1872 col 1
	In "$\displaystyle(\mathcal{X}^{rs})^{*}=\tilde{\mathcal{X}}^{rs},\quad{\rm i.e.}%
	\quad(\mathcal{X}^{rs})^{\dagger}=\mathcal{X}^{rs}\@@ENDINLINEMATH"
	([[OPEN]] X[[UNKNOWN]] ^{rs}[[POSTSUPERSCRIPT]] )[[CLOSE]] ^{*}[[POSTSUPERSCRIPT]] =[[RELOP]] \tilde{\mathcal{X}}[[UNKNOWN]] ^{rs}[[POSTSUPERSCRIPT]] ,[[PUNCT]] i[[UNKNOWN]] .[[PERIOD]] e[[UNKNOWN]]
	        > .[[PERIOD]] $\displaystyle(\mathcal{X}^{rs})^{*}=\tilde{\mathcal{X}}^{rs},\quad{\rmi.e.}\quad(\mathcal{X}^{rs})^{\dagger}=\mathcal{X}^{rs}\@@ENDINLINEMATH[[PUNCT]] ([[OPEN]] X[[UNKNOWN]] ^{rs}[[POSTSUPERSCRIPT]] )[[CLOSE]] ^{\dagger}[[POSTSUPERSCRIPT]] =[[RELOP]] X[[UNKNOWN]] ^{rs}[[POSTSUPERSCRIPT]]
Warning:not_parsed:UNKNOWN.PERIOD.UNKNOWN>PERIOD MathParser failed to match rule 'Anything'
	at 0304270.tex; line 1872 col 1 - line 1874 col 4
	In "$\displaystyle(\mathcal{X}^{rs})^{*}=\tilde{\mathcal{X}}^{rs},\quad{\rm i.e.}%
	\quad(\mathcal{X}^{rs})^{\dagger}=\mathcal{X}^{rs}$"
	([[OPEN]] X[[UNKNOWN]] ^{rs}[[POSTSUPERSCRIPT]] )[[CLOSE]] ^{*}[[POSTSUPERSCRIPT]] =[[RELOP]] \tilde{\mathcal{X}}[[UNKNOWN]] ^{rs}[[POSTSUPERSCRIPT]] ,[[PUNCT]] i[[UNKNOWN]] .[[PERIOD]] e[[UNKNOWN]]
	        > .[[PERIOD]] $\displaystyle(\mathcal{X}^{rs})^{*}=\tilde{\mathcal{X}}^{rs},\quad{\rmi.e.}\quad(\mathcal{X}^{rs})^{\dagger}=\mathcal{X}^{rs}$[[PUNCT]] ([[OPEN]] X[[UNKNOWN]] ^{rs}[[POSTSUPERSCRIPT]] )[[CLOSE]] ^{\dagger}[[POSTSUPERSCRIPT]] =[[RELOP]] X[[UNKNOWN]] ^{rs}[[POSTSUPERSCRIPT]]
Warning:not_parsed:UNKNOWN.POSTSUPERSCRIPT>FLOATSUBSCRIPT MathParser failed to match rule 'Anything'
	at 0304270.tex; line 1891 col 22 - line 1891 col 35
	In "$\mathcal{X}^{\alpha}{}_{{\beta}}$"
	X[[UNKNOWN]] ^{\alpha}[[POSTSUPERSCRIPT]]
	        > {}_{{\beta}}[[FLOATSUBSCRIPT]]
Warning:not_parsed:CLOSE.VERTBAR.NUMBER>CLOSE MathParser failed to match rule 'Anything'
	at 0304270.tex; line 2024 col 17 - line 2029 col 1
	In "$\displaystyle\!\left\{{\rm det}(1-X)^{1/2}{\rm det}(1+T)^{1/2}\right\}^{24}{%
	\rm exp}\left(-\frac{1}{2}\eta_{\bar{\mu}\bar{\nu}}\sum_{m,n\geq 1}a_{m}^{\bar%
	{\mu}\dagger}S_{mn}a_{n}^{\bar{\nu}\dagger}\right)|0\rangle\otimes$"
	\left\{[[OPEN]] det[[UNKNOWN]] ([[OPEN]] 1[[NUMBER]] -[[ADDOP]] X[[UNKNOWN]] )[[CLOSE]] ^{1/2}[[POSTSUPERSCRIPT]] det[[UNKNOWN]] ([[OPEN]] 1[[NUMBER]] +[[ADDOP]] T[[UNKNOWN]] )[[CLOSE]] ^{1/2}[[POSTSUPERSCRIPT]] \right\}[[CLOSE]] ^{24}[[POSTSUPERSCRIPT]] exp[[UNKNOWN]] \left([[OPEN]] -[[ADDOP]] \frac{1}{2}[[UNKNOWN]] η[[UNKNOWN]] _{\bar{\mu}\bar{\nu}}[[POSTSUBSCRIPT]] ∑[[SUMOP]] _{m,n\geq1}[[POSTSUBSCRIPT]] a[[UNKNOWN]] _{m}[[POSTSUBSCRIPT]] ^{\bar{\mu}\dagger}[[POSTSUPERSCRIPT]] S[[UNKNOWN]] _{mn}[[POSTSUBSCRIPT]] a[[UNKNOWN]] _{n}[[POSTSUBSCRIPT]] ^{\bar{\nu}\dagger}[[POSTSUPERSCRIPT]] \right)[[CLOSE]] |[[VERTBAR]] 0[[NUMBER]]
	        > \rangle[[CLOSE]] ⊗[[MULOP]]
Warning:not_parsed:SUMOP.POSTSUBSCRIPT.POSTSUPERSCRIPT>OPEN MathParser failed to match rule 'Anything'
	at 0304270.tex; line 2134 col 6 - line 2134 col 6
	In "$\displaystyle\sum_{r,s=1}^{3}\left(\frac{1}{2}\sum_{m,n\geq 1}G_{\alpha\beta}%
	a_{m}^{(r)\alpha\dagger}V_{mn}^{rs}a_{n}^{(s)\beta\dagger}+\sqrt{\alpha^{%
	\prime}}\,\sum_{n\geq 1}G_{\alpha\beta}p_{(r)}^{\alpha}V_{0n}^{rs}a_{n}^{(s)%
	\beta\dagger}\right.\@@ENDINLINEMATH"
	∑[[SUMOP]] _{r,s=1}[[POSTSUBSCRIPT]] ^{3}[[POSTSUPERSCRIPT]]
	        > \left([[OPEN]] \frac{1}{2}[[UNKNOWN]] ∑[[SUMOP]] _{m,n\geq1}[[POSTSUBSCRIPT]] G[[UNKNOWN]] _{\alpha\beta}[[POSTSUBSCRIPT]] a[[UNKNOWN]] _{m}[[POSTSUBSCRIPT]] ^{(r)\alpha\dagger}[[POSTSUPERSCRIPT]] V[[UNKNOWN]] _{mn}[[POSTSUBSCRIPT]] ^{rs}[[POSTSUPERSCRIPT]] a[[UNKNOWN]] _{n}[[POSTSUBSCRIPT]] ^{(s)\beta\dagger}[[POSTSUPERSCRIPT]] +[[ADDOP]] \sqrt{\alpha^{\prime}}[[UNKNOWN]] ∑[[SUMOP]] _{n\geq1}[[POSTSUBSCRIPT]] G[[UNKNOWN]] _{\alpha\beta}[[POSTSUBSCRIPT]] p[[UNKNOWN]] _{(r)}[[POSTSUBSCRIPT]] ^{\alpha}[[POSTSUPERSCRIPT]] V[[UNKNOWN]] _{0n}[[POSTSUBSCRIPT]] ^{rs}[[POSTSUPERSCRIPT]] a[[UNKNOWN]] _{n}[[POSTSUBSCRIPT]] ^{(s)\beta\dagger}[[POSTSUPERSCRIPT]]
Warning:not_parsed:SUMOP.POSTSUBSCRIPT.POSTSUPERSCRIPT>OPEN MathParser failed to match rule 'Anything'
	at 0304270.tex; line 2134 col 6 - line 2140 col 1
	In "$\displaystyle\sum_{r,s=1}^{3}\left(\frac{1}{2}\sum_{m,n\geq 1}G_{\alpha\beta}%
	a_{m}^{(r)\alpha\dagger}V_{mn}^{rs}a_{n}^{(s)\beta\dagger}+\sqrt{\alpha^{%
	\prime}}\,\sum_{n\geq 1}G_{\alpha\beta}p_{(r)}^{\alpha}V_{0n}^{rs}a_{n}^{(s)%
	\beta\dagger}\right.$"
	∑[[SUMOP]] _{r,s=1}[[POSTSUBSCRIPT]] ^{3}[[POSTSUPERSCRIPT]]
	        > \left([[OPEN]] \frac{1}{2}[[UNKNOWN]] ∑[[SUMOP]] _{m,n\geq1}[[POSTSUBSCRIPT]] G[[UNKNOWN]] _{\alpha\beta}[[POSTSUBSCRIPT]] a[[UNKNOWN]] _{m}[[POSTSUBSCRIPT]] ^{(r)\alpha\dagger}[[POSTSUPERSCRIPT]] V[[UNKNOWN]] _{mn}[[POSTSUBSCRIPT]] ^{rs}[[POSTSUPERSCRIPT]] a[[UNKNOWN]] _{n}[[POSTSUBSCRIPT]] ^{(s)\beta\dagger}[[POSTSUPERSCRIPT]] +[[ADDOP]] \sqrt{\alpha^{\prime}}[[UNKNOWN]] ∑[[SUMOP]] _{n\geq1}[[POSTSUBSCRIPT]] G[[UNKNOWN]] _{\alpha\beta}[[POSTSUBSCRIPT]] p[[UNKNOWN]] _{(r)}[[POSTSUBSCRIPT]] ^{\alpha}[[POSTSUPERSCRIPT]] V[[UNKNOWN]] _{0n}[[POSTSUBSCRIPT]] ^{rs}[[POSTSUPERSCRIPT]] a[[UNKNOWN]] _{n}[[POSTSUBSCRIPT]] ^{(s)\beta\dagger}[[POSTSUPERSCRIPT]]
Warning:not_parsed:UNKNOWN.POSTSUBSCRIPT.POSTSUPERSCRIPT>CLOSE MathParser failed to match rule 'Anything'
	at 0304270.tex; line 2140 col 9 - line 2140 col 9
	In "$\displaystyle\left.\quad\quad+\,\alpha^{\prime}\,\frac{1}{2}G_{\alpha\beta}p_%
	{(r)}^{\alpha}V_{00}^{rs}p_{(s)}^{\beta}+\frac{i}{2}\sum_{r<s}p_{\alpha}^{(r)}%
	\theta^{\alpha\beta}p_{\beta}^{(s)}\right)\@@ENDINLINEMATH"
	+[[ADDOP]] α[[UNKNOWN]] ^{\prime}[[POSTSUPERSCRIPT]] \frac{1}{2}[[UNKNOWN]] G[[UNKNOWN]] _{\alpha\beta}[[POSTSUBSCRIPT]] p[[UNKNOWN]] _{(r)}[[POSTSUBSCRIPT]] ^{\alpha}[[POSTSUPERSCRIPT]] V[[UNKNOWN]] _{00}[[POSTSUBSCRIPT]] ^{rs}[[POSTSUPERSCRIPT]] p[[UNKNOWN]] _{(s)}[[POSTSUBSCRIPT]] ^{\beta}[[POSTSUPERSCRIPT]] +[[ADDOP]] \frac{i}{2}[[UNKNOWN]] ∑[[SUMOP]] _{r<s}[[POSTSUBSCRIPT]] p[[UNKNOWN]] _{\alpha}[[POSTSUBSCRIPT]] ^{(r)}[[POSTSUPERSCRIPT]] θ[[UNKNOWN]] ^{\alpha\beta}[[POSTSUPERSCRIPT]] p[[UNKNOWN]] _{\beta}[[POSTSUBSCRIPT]] ^{(s)}[[POSTSUPERSCRIPT]]
	        > \right)[[CLOSE]]
Warning:not_parsed:UNKNOWN.POSTSUBSCRIPT.POSTSUPERSCRIPT>CLOSE MathParser failed to match rule 'Anything'
	at 0304270.tex; line 2140 col 9 - line 2145 col 4
	In "$\displaystyle\left.\quad\quad+\,\alpha^{\prime}\,\frac{1}{2}G_{\alpha\beta}p_%
	{(r)}^{\alpha}V_{00}^{rs}p_{(s)}^{\beta}+\frac{i}{2}\sum_{r<s}p_{\alpha}^{(r)}%
	\theta^{\alpha\beta}p_{\beta}^{(s)}\right)$"
	+[[ADDOP]] α[[UNKNOWN]] ^{\prime}[[POSTSUPERSCRIPT]] \frac{1}{2}[[UNKNOWN]] G[[UNKNOWN]] _{\alpha\beta}[[POSTSUBSCRIPT]] p[[UNKNOWN]] _{(r)}[[POSTSUBSCRIPT]] ^{\alpha}[[POSTSUPERSCRIPT]] V[[UNKNOWN]] _{00}[[POSTSUBSCRIPT]] ^{rs}[[POSTSUPERSCRIPT]] p[[UNKNOWN]] _{(s)}[[POSTSUBSCRIPT]] ^{\beta}[[POSTSUPERSCRIPT]] +[[ADDOP]] \frac{i}{2}[[UNKNOWN]] ∑[[SUMOP]] _{r<s}[[POSTSUBSCRIPT]] p[[UNKNOWN]] _{\alpha}[[POSTSUBSCRIPT]] ^{(r)}[[POSTSUPERSCRIPT]] θ[[UNKNOWN]] ^{\alpha\beta}[[POSTSUPERSCRIPT]] p[[UNKNOWN]] _{\beta}[[POSTSUBSCRIPT]] ^{(s)}[[POSTSUPERSCRIPT]]
	        > \right)[[CLOSE]]
Warning:not_parsed:CLOSE.VERTBAR.NUMBER>CLOSE MathParser failed to match rule 'Anything'
	at 0304270.tex; line 2187 col 25 - line 2192 col 1
	In "$\displaystyle\!\left\{\det(1-X)^{1/2}\det(1+T)^{1/2}\right\}^{26}{\rm exp}%
	\left(-\frac{1}{2}G_{\mu\nu}\sum_{m,n\geq 1}a_{m}^{\mu\dagger}S_{mn}a_{n}^{\nu%
	\dagger}\right)|0\rangle\otimes$"
	\left\{[[OPEN]] det[[LIMITOP]] ([[OPEN]] 1[[NUMBER]] -[[ADDOP]] X[[UNKNOWN]] )[[CLOSE]] ^{1/2}[[POSTSUPERSCRIPT]] det[[LIMITOP]] ([[OPEN]] 1[[NUMBER]] +[[ADDOP]] T[[UNKNOWN]] )[[CLOSE]] ^{1/2}[[POSTSUPERSCRIPT]] \right\}[[CLOSE]] ^{26}[[POSTSUPERSCRIPT]] exp[[UNKNOWN]] \left([[OPEN]] -[[ADDOP]] \frac{1}{2}[[UNKNOWN]] G[[UNKNOWN]] _{\mu\nu}[[POSTSUBSCRIPT]] ∑[[SUMOP]] _{m,n\geq1}[[POSTSUBSCRIPT]] a[[UNKNOWN]] _{m}[[POSTSUBSCRIPT]] ^{\mu\dagger}[[POSTSUPERSCRIPT]] S[[UNKNOWN]] _{mn}[[POSTSUBSCRIPT]] a[[UNKNOWN]] _{n}[[POSTSUBSCRIPT]] ^{\nu\dagger}[[POSTSUPERSCRIPT]] \right)[[CLOSE]] |[[VERTBAR]] 0[[NUMBER]]
	        > \rangle[[CLOSE]] ⊗[[MULOP]]
Warning:not_parsed:UNKNOWN.PERIOD.UNKNOWN>PERIOD MathParser failed to match rule 'Anything'
	at 0304270.tex; line 2310 col 6 - line 2310 col 6
	In "$\displaystyle\rho_{i}^{\dagger}=\rho_{i},\quad{\rm i.e.}\quad\rho_{i}^{*}=%
	\tilde{\rho}_{i},\quad i=1,2\@@ENDINLINEMATH"
	ρ[[UNKNOWN]] _{i}[[POSTSUBSCRIPT]] ^{\dagger}[[POSTSUPERSCRIPT]] =[[RELOP]] ρ[[UNKNOWN]] _{i}[[POSTSUBSCRIPT]] ,[[PUNCT]] i[[UNKNOWN]] .[[PERIOD]] e[[UNKNOWN]]
	        > .[[PERIOD]] $\displaystyle\rho_{i}^{\dagger}=\rho_{i},\quad{\rmi.e.}\quad\rho_{i}^{*}=\tilde{\rho}_{i},\quadi=1,2\@@ENDINLINEMATH[[PUNCT]] ρ[[UNKNOWN]] _{i}[[POSTSUBSCRIPT]] ^{*}[[POSTSUPERSCRIPT]] =[[RELOP]] \tilde{\rho}[[UNKNOWN]] _{i}[[POSTSUBSCRIPT]] ,[[PUNCT]] i[[UNKNOWN]] =[[RELOP]] 1[[NUMBER]] ,[[PUNCT]] 2[[NUMBER]]
Warning:not_parsed:UNKNOWN.PERIOD.UNKNOWN>PERIOD MathParser failed to match rule 'Anything'
	at 0304270.tex; line 2310 col 6 - line 2312 col 1
	In "$\displaystyle\rho_{i}^{\dagger}=\rho_{i},\quad{\rm i.e.}\quad\rho_{i}^{*}=%
	\tilde{\rho}_{i},\quad i=1,2$"
	ρ[[UNKNOWN]] _{i}[[POSTSUBSCRIPT]] ^{\dagger}[[POSTSUPERSCRIPT]] =[[RELOP]] ρ[[UNKNOWN]] _{i}[[POSTSUBSCRIPT]] ,[[PUNCT]] i[[UNKNOWN]] .[[PERIOD]] e[[UNKNOWN]]
	        > .[[PERIOD]] $\displaystyle\rho_{i}^{\dagger}=\rho_{i},\quad{\rmi.e.}\quad\rho_{i}^{*}=\tilde{\rho}_{i},\quadi=1,2$[[PUNCT]] ρ[[UNKNOWN]] _{i}[[POSTSUBSCRIPT]] ^{*}[[POSTSUPERSCRIPT]] =[[RELOP]] \tilde{\rho}[[UNKNOWN]] _{i}[[POSTSUBSCRIPT]] ,[[PUNCT]] i[[UNKNOWN]] =[[RELOP]] 1[[NUMBER]] ,[[PUNCT]] 2[[NUMBER]]
Warning:not_parsed:FLOATSUPERSCRIPT>RELOP MathParser failed to match rule 'Anything'
	at 0304270.tex; line 2314 col 44 - line 2314 col 59
	In "${}^{\dagger}=^{*T}$"
	{}^{\dagger}[[FLOATSUPERSCRIPT]]
	        > =[[RELOP]] ^{*T}[[POSTSUPERSCRIPT]]
Warning:not_parsed:UNKNOWN>RELOP MathParser failed to match rule 'Anything'
	at 0304270.tex; line 2315 col 26 - line 2315 col 48
	In "$\tau=\{\tau_{\alpha}{}^{\beta}\}=$"
	τ[[UNKNOWN]]
	        > =[[RELOP]] \{[[OPEN]] τ[[UNKNOWN]] _{\alpha}[[POSTSUBSCRIPT]] {}^{\beta}[[FLOATSUPERSCRIPT]] \}[[CLOSE]] =[[RELOP]]
Warning:not_parsed:ATOM.ATOM.ATOM>MULOP MathParser failed to match rule 'Anything'
	at 0304270.tex; line 2667 col 4 - line 2667 col 4
	In "$\displaystyle\sum_{k=0}^{\infty}\tilde{U}_{nk}^{(2)}\,\tilde{U}_{km}^{(1)}=%
	\oint\frac{dz}{2\pi i}\frac{1}{z^{n+1}}\oint\frac{d\zeta}{2\pi i}\oint\frac{d%
	\theta}{2\pi i}\oint\frac{dw}{2\pi i}\frac{1}{w^{m+1}}\sum_{k=0}^{\infty}\,%
	\frac{1}{(\zeta\theta)^{k+1}}\,\frac{f(z)}{f(\zeta)}\frac{f(\theta)}{f(w)}%
	\cdot\cdot\left(\frac{1}{1+z\zeta}-\frac{\zeta}{\zeta-z}\right)\left(\frac{1}{%
	1+\theta w}-\frac{w}{w-\theta}\right)\@@ENDINLINEMATH"
	∑[[SUMOP]] _{k=0}[[POSTSUBSCRIPT]] ^{\infty}[[POSTSUPERSCRIPT]] \tilde{U}[[UNKNOWN]] _{nk}[[POSTSUBSCRIPT]] ^{(2)}[[POSTSUPERSCRIPT]] \tilde{U}[[UNKNOWN]] _{km}[[POSTSUBSCRIPT]] ^{(1)}[[POSTSUPERSCRIPT]] =[[RELOP]] ∮[[INTOP]] \frac{dz}{2\pii}[[UNKNOWN]] \frac{1}{z^{n+1}}[[UNKNOWN]] ∮[[INTOP]] \frac{d\zeta}{2\pii}[[UNKNOWN]] ∮[[INTOP]] \frac{d\theta}{2\pii}[[UNKNOWN]] ∮[[INTOP]] \frac{dw}{2\pii}[[UNKNOWN]] \frac{1}{w^{m+1}}[[UNKNOWN]] ∑[[SUMOP]] _{k=0}[[POSTSUBSCRIPT]] ^{\infty}[[POSTSUPERSCRIPT]] \frac{1}{(\zeta\theta)^{k+1}}[[UNKNOWN]] \frac{f(z)}{f(\zeta)}[[UNKNOWN]] \frac{f(\theta)}{f(w)}[[UNKNOWN]]
	        > ⋅[[MULOP]] ⋅[[MULOP]] \left([[OPEN]] \frac{1}{1+z\zeta}[[UNKNOWN]] -[[ADDOP]] \frac{\zeta}{\zeta-z}[[UNKNOWN]] \right)[[CLOSE]] \left([[OPEN]] \frac{1}{1+\thetaw}[[UNKNOWN]] -[[ADDOP]] \frac{w}{w-\theta}[[UNKNOWN]] \right)[[CLOSE]]
Warning:not_parsed:ATOM.ATOM.ATOM>MULOP MathParser failed to match rule 'Anything'
	at 0304270.tex; line 2668 col 6 - line 2673 col 1
	In "$\displaystyle\oint\frac{dz}{2\pi i}\frac{1}{z^{n+1}}\oint\frac{d\zeta}{2\pi i%
	}\oint\frac{d\theta}{2\pi i}\oint\frac{dw}{2\pi i}\frac{1}{w^{m+1}}\sum_{k=0}^%
	{\infty}\,\frac{1}{(\zeta\theta)^{k+1}}\,\frac{f(z)}{f(\zeta)}\frac{f(\theta)}%
	{f(w)}\cdot$"
	∮[[INTOP]] \frac{dz}{2\pii}[[UNKNOWN]] \frac{1}{z^{n+1}}[[UNKNOWN]] ∮[[INTOP]] \frac{d\zeta}{2\pii}[[UNKNOWN]] ∮[[INTOP]] \frac{d\theta}{2\pii}[[UNKNOWN]] ∮[[INTOP]] \frac{dw}{2\pii}[[UNKNOWN]] \frac{1}{w^{m+1}}[[UNKNOWN]] ∑[[SUMOP]] _{k=0}[[POSTSUBSCRIPT]] ^{\infty}[[POSTSUPERSCRIPT]] \frac{1}{(\zeta\theta)^{k+1}}[[UNKNOWN]] \frac{f(z)}{f(\zeta)}[[UNKNOWN]] \frac{f(\theta)}{f(w)}[[UNKNOWN]]
	        > ⋅[[MULOP]]
Warning:not_parsed:INTOP.ATOM.ATOM>OPEN MathParser failed to match rule 'Anything'
	at 0304270.tex; line 2707 col 9 - line 2713 col 1
	In "$\displaystyle\oint\frac{dz}{2\pi i}\frac{1}{z^{n+1}}\oint\frac{d\zeta}{2\pi i%
	}\oint\frac{dw}{2\pi i}\frac{1}{w^{m+1}}\left[\frac{f(z)}{f(\zeta)}\frac{f_{K}%
	(1/\zeta)}{f(w)}\left(\frac{1}{1+z\zeta}-\frac{\zeta}{\zeta-z}\right)\left(%
	\frac{1}{w+\zeta}-\frac{w}{\zeta w-1}\right)\right.$"
	∮[[INTOP]] \frac{dz}{2\pii}[[UNKNOWN]] \frac{1}{z^{n+1}}[[UNKNOWN]] ∮[[INTOP]] \frac{d\zeta}{2\pii}[[UNKNOWN]] ∮[[INTOP]] \frac{dw}{2\pii}[[UNKNOWN]] \frac{1}{w^{m+1}}[[UNKNOWN]]
	        > \left[[[OPEN]] \frac{f(z)}{f(\zeta)}[[UNKNOWN]] \frac{f_{K}(1/\zeta)}{f(w)}[[UNKNOWN]] \left([[OPEN]] \frac{1}{1+z\zeta}[[UNKNOWN]] -[[ADDOP]] \frac{\zeta}{\zeta-z}[[UNKNOWN]] \right)[[CLOSE]] \left([[OPEN]] \frac{1}{w+\zeta}[[UNKNOWN]] -[[ADDOP]] \frac{w}{\zetaw-1}[[UNKNOWN]] \right)[[CLOSE]]
Warning:not_parsed:ADDOP.ATOM.CLOSE>CLOSE MathParser failed to match rule 'Anything'
	at 0304270.tex; line 2713 col 3 - line 2715 col 4
	In "$\displaystyle~{}~{}~{}~{}~{}~{}~{}~{}~{}~{}~{}+\left.\frac{f(z)}{f(\zeta)}%
	\frac{w}{\zeta w-1}\left(\frac{1}{1+z\zeta}-\frac{\zeta}{\zeta-z}\right)\right]$"
	+[[ADDOP]] \frac{f(z)}{f(\zeta)}[[UNKNOWN]] \frac{w}{\zetaw-1}[[UNKNOWN]] \left([[OPEN]] \frac{1}{1+z\zeta}[[UNKNOWN]] -[[ADDOP]] \frac{\zeta}{\zeta-z}[[UNKNOWN]] \right)[[CLOSE]]
	        > \right][[CLOSE]]
Warning:not_parsed:INTOP.ATOM.ATOM>OPEN MathParser failed to match rule 'Anything'
	at 0304270.tex; line 2737 col 9 - line 2741 col 1
	In "$\displaystyle\oint\frac{dz}{2\pi i}\frac{1}{z^{n+1}}\oint\frac{dw}{2\pi i}%
	\frac{1}{w^{m+1}}\left[\frac{f(1/z)}{f(w)}\left(\frac{zw}{zw-1}-\frac{z}{z+w}%
	\right)+\frac{f(z)}{f(1/w)}\left(\frac{1}{1-zw}-\frac{w}{w+z}\right)\right.$"
	∮[[INTOP]] \frac{dz}{2\pii}[[UNKNOWN]] \frac{1}{z^{n+1}}[[UNKNOWN]] ∮[[INTOP]] \frac{dw}{2\pii}[[UNKNOWN]] \frac{1}{w^{m+1}}[[UNKNOWN]]
	        > \left[[[OPEN]] \frac{f(1/z)}{f(w)}[[UNKNOWN]] \left([[OPEN]] \frac{zw}{zw-1}[[UNKNOWN]] -[[ADDOP]] \frac{z}{z+w}[[UNKNOWN]] \right)[[CLOSE]] +[[ADDOP]] \frac{f(z)}{f(1/w)}[[UNKNOWN]] \left([[OPEN]] \frac{1}{1-zw}[[UNKNOWN]] -[[ADDOP]] \frac{w}{w+z}[[UNKNOWN]] \right)[[CLOSE]]
Warning:not_parsed:CLOSE.ADDOP.ATOM>CLOSE MathParser failed to match rule 'Anything'
	at 0304270.tex; line 2741 col 3 - line 2744 col 4
	In "$\displaystyle~{}~{}~{}~{}~{}~{}~{}~{}~{}~{}~{}~{}~{}\left.+\oint_{C_{1/K}}%
	\frac{d\zeta}{2\pi i}(\ldots)+\frac{zw}{1-zw}\right]$"
	+[[ADDOP]] ∮[[INTOP]] _{C_{1/K}}[[POSTSUBSCRIPT]] \frac{d\zeta}{2\pii}[[UNKNOWN]] ([[OPEN]] \ldots[[ID]] )[[CLOSE]] +[[ADDOP]] \frac{zw}{1-zw}[[UNKNOWN]]
	        > \right][[CLOSE]]
Warning:not_parsed:INTOP.ATOM.ATOM>OPEN MathParser failed to match rule 'Anything'
	at 0304270.tex; line 2775 col 9 - line 2779 col 1
	In "$\displaystyle\oint\frac{dz}{2\pi i}\frac{1}{z^{n+1}}\oint\frac{dw}{2\pi i}%
	\frac{1}{w^{m+1}}\left\{\frac{f(1/z)}{f(w)}\left(\frac{w}{z+w}-\frac{1}{1-zw}%
	\right)+\frac{f(z)}{f(1/w)}\left(\frac{1}{1-zw}-\frac{w}{w+z}\right)\right.$"
	∮[[INTOP]] \frac{dz}{2\pii}[[UNKNOWN]] \frac{1}{z^{n+1}}[[UNKNOWN]] ∮[[INTOP]] \frac{dw}{2\pii}[[UNKNOWN]] \frac{1}{w^{m+1}}[[UNKNOWN]]
	        > \left\{[[OPEN]] \frac{f(1/z)}{f(w)}[[UNKNOWN]] \left([[OPEN]] \frac{w}{z+w}[[UNKNOWN]] -[[ADDOP]] \frac{1}{1-zw}[[UNKNOWN]] \right)[[CLOSE]] +[[ADDOP]] \frac{f(z)}{f(1/w)}[[UNKNOWN]] \left([[OPEN]] \frac{1}{1-zw}[[UNKNOWN]] -[[ADDOP]] \frac{w}{w+z}[[UNKNOWN]] \right)[[CLOSE]]
Warning:not_parsed:ADDOP.ATOM>OPEN MathParser failed to match rule 'Anything'
	at 0304270.tex; line 2779 col 4 - line 2782 col 1
	In "$\displaystyle-\frac{1}{2}\left[\frac{f(1/z)}{f(w)}\left(\frac{w}{z+w}-\frac{1%
	}{1-zw}\right)+\frac{f(z)}{f(1/w)}\left(\frac{1}{1-zw}-\frac{w}{w+z}\right)%
	\right.$"
	-[[ADDOP]] \frac{1}{2}[[UNKNOWN]]
	        > \left[[[OPEN]] \frac{f(1/z)}{f(w)}[[UNKNOWN]] \left([[OPEN]] \frac{w}{z+w}[[UNKNOWN]] -[[ADDOP]] \frac{1}{1-zw}[[UNKNOWN]] \right)[[CLOSE]] +[[ADDOP]] \frac{f(z)}{f(1/w)}[[UNKNOWN]] \left([[OPEN]] \frac{1}{1-zw}[[UNKNOWN]] -[[ADDOP]] \frac{w}{w+z}[[UNKNOWN]] \right)[[CLOSE]]
Warning:not_parsed:ADDOP.ATOM.CLOSE>CLOSE MathParser failed to match rule 'Anything'
	at 0304270.tex; line 2782 col 9 - line 2785 col 4
	In "$\displaystyle\left.\left.+\frac{f(1/z)}{f(w)}\left(\frac{w}{z+w}-\frac{1}{1-%
	zw}\right)+\frac{f(z)}{f(1/w)}\left(\frac{1}{1-zw}-\frac{w}{w+z}\right)\right]%
	+\frac{zw}{1-zw}\right\}$"
	+[[ADDOP]] \frac{f(1/z)}{f(w)}[[UNKNOWN]] \left([[OPEN]] \frac{w}{z+w}[[UNKNOWN]] -[[ADDOP]] \frac{1}{1-zw}[[UNKNOWN]] \right)[[CLOSE]] +[[ADDOP]] \frac{f(z)}{f(1/w)}[[UNKNOWN]] \left([[OPEN]] \frac{1}{1-zw}[[UNKNOWN]] -[[ADDOP]] \frac{w}{w+z}[[UNKNOWN]] \right)[[CLOSE]]
	        > \right][[CLOSE]] +[[ADDOP]] \frac{zw}{1-zw}[[UNKNOWN]] \right\}[[CLOSE]]
Warning:not_parsed:ATOM.ATOM.ATOM>MULOP MathParser failed to match rule 'Anything'
	at 0304270.tex; line 2829 col 5 - line 2829 col 5
	In "$\displaystyle\sqrt{\frac{m}{n}}\,\sum_{k=1}^{\infty}U_{nk}U_{km}=\oint\frac{%
	dz}{2\pi i}\frac{1}{z^{n+1}}\oint\frac{d\zeta}{2\pi i}\oint\frac{d\theta}{2\pi
	i%
	}\oint\frac{dw}{2\pi i}\frac{1}{w^{m+1}}\sum_{k=1}^{\infty}\,\frac{1}{(\zeta%
	\theta)^{k+1}}\,\frac{g(z)}{g(\zeta)}\frac{g(\theta)}{g(w)}\cdot\cdot\left(%
	\frac{1}{1+z\zeta}-\frac{\zeta}{\zeta-z}\right)\left(\frac{1}{1+\theta w}-%
	\frac{w}{w-\theta}\right)\@@ENDINLINEMATH"
	\sqrt{\frac{m}{n}}[[UNKNOWN]] ∑[[SUMOP]] _{k=1}[[POSTSUBSCRIPT]] ^{\infty}[[POSTSUPERSCRIPT]] U[[UNKNOWN]] _{nk}[[POSTSUBSCRIPT]] U[[UNKNOWN]] _{km}[[POSTSUBSCRIPT]] =[[RELOP]] ∮[[INTOP]] \frac{dz}{2\pii}[[UNKNOWN]] \frac{1}{z^{n+1}}[[UNKNOWN]] ∮[[INTOP]] \frac{d\zeta}{2\pii}[[UNKNOWN]] ∮[[INTOP]] \frac{d\theta}{2\pii}[[UNKNOWN]] ∮[[INTOP]] \frac{dw}{2\pii}[[UNKNOWN]] \frac{1}{w^{m+1}}[[UNKNOWN]] ∑[[SUMOP]] _{k=1}[[POSTSUBSCRIPT]] ^{\infty}[[POSTSUPERSCRIPT]] \frac{1}{(\zeta\theta)^{k+1}}[[UNKNOWN]] \frac{g(z)}{g(\zeta)}[[UNKNOWN]] \frac{g(\theta)}{g(w)}[[UNKNOWN]]
	        > ⋅[[MULOP]] ⋅[[MULOP]] \left([[OPEN]] \frac{1}{1+z\zeta}[[UNKNOWN]] -[[ADDOP]] \frac{\zeta}{\zeta-z}[[UNKNOWN]] \right)[[CLOSE]] \left([[OPEN]] \frac{1}{1+\thetaw}[[UNKNOWN]] -[[ADDOP]] \frac{w}{w-\theta}[[UNKNOWN]] \right)[[CLOSE]]
Warning:not_parsed:ATOM.ATOM.ATOM>MULOP MathParser failed to match rule 'Anything'
	at 0304270.tex; line 2830 col 6 - line 2835 col 1
	In "$\displaystyle\oint\frac{dz}{2\pi i}\frac{1}{z^{n+1}}\oint\frac{d\zeta}{2\pi i%
	}\oint\frac{d\theta}{2\pi i}\oint\frac{dw}{2\pi i}\frac{1}{w^{m+1}}\sum_{k=1}^%
	{\infty}\,\frac{1}{(\zeta\theta)^{k+1}}\,\frac{g(z)}{g(\zeta)}\frac{g(\theta)}%
	{g(w)}\cdot$"
	∮[[INTOP]] \frac{dz}{2\pii}[[UNKNOWN]] \frac{1}{z^{n+1}}[[UNKNOWN]] ∮[[INTOP]] \frac{d\zeta}{2\pii}[[UNKNOWN]] ∮[[INTOP]] \frac{d\theta}{2\pii}[[UNKNOWN]] ∮[[INTOP]] \frac{dw}{2\pii}[[UNKNOWN]] \frac{1}{w^{m+1}}[[UNKNOWN]] ∑[[SUMOP]] _{k=1}[[POSTSUBSCRIPT]] ^{\infty}[[POSTSUPERSCRIPT]] \frac{1}{(\zeta\theta)^{k+1}}[[UNKNOWN]] \frac{g(z)}{g(\zeta)}[[UNKNOWN]] \frac{g(\theta)}{g(w)}[[UNKNOWN]]
	        > ⋅[[MULOP]]
Warning:not_parsed:INTOP.ATOM.ATOM>OPEN MathParser failed to match rule 'Anything'
	at 0304270.tex; line 2849 col 9 - line 2855 col 1
	In "$\displaystyle\oint\frac{dz}{2\pi i}\frac{1}{z^{n+1}}\oint\frac{d\zeta}{2\pi i%
	}\oint\frac{dw}{2\pi i}\frac{1}{w^{m+1}}\left[\frac{g(z)}{g(\zeta)}\frac{g_{K}%
	(1/\zeta)}{g(w)}\left(\frac{1}{1+z\zeta}-\frac{\zeta}{\zeta-z}\right)\left(%
	\frac{1}{w+\zeta}-\frac{w}{\zeta w-1}\right)\right.$"
	∮[[INTOP]] \frac{dz}{2\pii}[[UNKNOWN]] \frac{1}{z^{n+1}}[[UNKNOWN]] ∮[[INTOP]] \frac{d\zeta}{2\pii}[[UNKNOWN]] ∮[[INTOP]] \frac{dw}{2\pii}[[UNKNOWN]] \frac{1}{w^{m+1}}[[UNKNOWN]]
	        > \left[[[OPEN]] \frac{g(z)}{g(\zeta)}[[UNKNOWN]] \frac{g_{K}(1/\zeta)}{g(w)}[[UNKNOWN]] \left([[OPEN]] \frac{1}{1+z\zeta}[[UNKNOWN]] -[[ADDOP]] \frac{\zeta}{\zeta-z}[[UNKNOWN]] \right)[[CLOSE]] \left([[OPEN]] \frac{1}{w+\zeta}[[UNKNOWN]] -[[ADDOP]] \frac{w}{\zetaw-1}[[UNKNOWN]] \right)[[CLOSE]]
Warning:not_parsed:ATOM.CLOSE.ATOM>CLOSE MathParser failed to match rule 'Anything'
	at 0304270.tex; line 2855 col 3 - line 2859 col 4
	In "$\displaystyle~{}~{}+\left.\frac{f(z)}{f(\zeta)}\frac{w}{\zeta w-1}\left(\frac%
	{1}{1+z\zeta}-\frac{\zeta}{\zeta-z}\right)+\frac{g(z)}{\zeta g(\zeta)g(w)}%
	\left(\frac{1}{1+z\zeta}-\frac{\zeta}{\zeta-z}\right)\frac{1+w^{2}}{w}\right]$"
	+[[ADDOP]] \frac{f(z)}{f(\zeta)}[[UNKNOWN]] \frac{w}{\zetaw-1}[[UNKNOWN]] \left([[OPEN]] \frac{1}{1+z\zeta}[[UNKNOWN]] -[[ADDOP]] \frac{\zeta}{\zeta-z}[[UNKNOWN]] \right)[[CLOSE]] +[[ADDOP]] \frac{g(z)}{\zetag(\zeta)g(w)}[[UNKNOWN]] \left([[OPEN]] \frac{1}{1+z\zeta}[[UNKNOWN]] -[[ADDOP]] \frac{\zeta}{\zeta-z}[[UNKNOWN]] \right)[[CLOSE]] \frac{1+w^{2}}{w}[[UNKNOWN]]
	        > \right][[CLOSE]]
 71.84 sec)
Math parsing succeeded:
   ltx:XMArg: 6010/6015
   ltx:XMath: 1363/1396
Symbols assumed as simple identifiers (with # of occurences):
   'A{caligraphic}' (4), 'A{italic}' (27), 'B{italic}' (70), 'C{italic}' (67), 'DET' (6), 'Det' (30), 'DetG' (2), 'D{italic}' (2), 'E{italic}' (31), 'F{italic}' (19), 'G{italic}' (172), 'I{blackboard}' (75), 'I{bold}' (15), 'I{italic}' (2), 'K{caligraphic}' (4), 'K{italic}' (25), 'Lambda' (64), 'L{caligraphic}' (2), 'L{italic}' (26), 'M{italic}' (65), 'N{caligraphic}' (26), 'N{italic}' (97), 'Omega' (29), 'Phi' (1), 'Psi' (79), 'P{caligraphic}' (2), 'P{italic}' (18), 'Q{caligraphic}' (22), 'Q{italic}' (13), 'R{caligraphic}' (5), 'Sigma' (30), 'S{caligraphic}' (55), 'S{italic}' (47), 'Tr' (4), 'T{caligraphic}' (71), 'T{italic}' (11), 'U{caligraphic}' (4), 'U{italic}' (28), 'V{caligraphic}' (82), 'V{italic}' (104), 'W{italic}' (8), 'Xi' (8), 'X{caligraphic}' (123), 'X{italic}' (29), 'Y{caligraphic}' (73), 'Y{italic}' (88), 'Z{caligraphic}' (5), 'Z{italic}' (2), 'alpha' (318), 'and' (3), 'a{italic}' (391), 'beta' (237), 'b{italic}' (323), 'chi' (24), 'c{fraktur}' (5), 'c{italic}' (99), 'delta' (73), 'det' (20), 'd{italic}' (124), 'e' (20), 'epsilon' (33), 'eta' (55), 'except' (5), 'exp' (23), 'e{fraktur}' (6), 'e{italic}' (67), 'for' (5), 'f{italic}' (220), 'gamma' (4), 'g{italic}' (50), 'h{italic}' (1), 'i' (18), 'i{italic}' (189), 'j{italic}' (32), 'kappa' (35), 'k{italic}' (94), 'lambda' (15), 'ln' (1), 'l{italic}' (70), 'mu' (29), 'm{italic}' (341), 'nu' (14), 'n{italic}' (487), 'or' (1), 'perhaps' (5), 'phi' (27), 'pi' (160), 'psi' (25), 'p{italic}' (112), 'q{italic}' (1), 'rho' (55), 'r{italic}' (202), 's{italic}' (225), 'tau' (43), 'theta' (115), 't{italic}' (17), 'varepsilon' (1), 'varphi' (2), 'v{italic}' (8), 'w{italic}' (330), 'xi' (63), 'x{bold}' (14), 'x{italic}' (115), 'y{italic}' (29), 'zeta' (169), 'z{italic}' (385)
Set MATHPARSER_SPECULATE to speculate on possible notations.
(Finalizing... 6.97 sec)
Conversion complete 42 warnings (See /home/user/latex-in-arxiv/0304270.latexml.log) (reqd. 2m 32.47s)
