latexmlpost (LaTeXML version 0.8.6) paginating /home/user/latex-in-arxiv/2003/0304159.xml
(post-processing...
(Scan  processing...
Scan: DBStatus: 3060/0 objects
 0.65 sec)
(MakeBibliography  processing... 0.00 sec)
(CrossRef  processing...
Warning:expected:ids Missing File location for ID: A3.E84,S2.E17,A3.E83,A2.F8,A3.E89,S1.E1,A3.E86,A3.E88,S2.E5,A3.E85,S2.E9,S3.E57,bib.bib8,S3.E37,S3.E39,S3.E32,A2.E76,S2.E10,S2.E24,S2.E23,bib.bib3,A1.E64,S3.E48,S3.E34,A1.E72,A1.E68,S3.E52,bib.bib1,S2.F1,A2.E79,S2.E26,bib.bib2,S2.F2,S3.E51,S2.E18,A2.F6,A1.E71,S3.F3,A2.Ex34,S3.E40,A1.F4,bib.bib4,S3.E61,S2.E25,A2.F5,bib.bib6,bib.bib5,S2.E8,A2.F7,S2.E19,S3.E45,bib.bib7,S2.E13,S3.E55,S2.E20
	In Post::CrossRef[@0x55c63d2d6e68] ->process
Warning:expected:ids Missing Target for Label: LABEL:nproduct,LABEL:1PImess
	In Post::CrossRef[@0x55c63d2d6e68] ->process
 0.33 sec)
(SVG  2 to process...
(Loading compiled schema /usr/share/perl5/LaTeXML/resources/RelaxNG/LaTeXML.model... 0.01 sec) 0.03 sec)
(MathML::Presentation  766 to process...
converted 766 Maths
 3.16 sec)
(XSLT[using LaTeXML-html5.xsl]  processing... 0.51 sec)
(Writer  processing... 0.01 sec) 4.72 sec)
Postprocessing complete 2 warnings (See /home/user/latex-in-arxiv/0304159.latexmlpost.log) (reqd. 5.17s)
