latexml (LaTeXML version 0.8.6) processing 2003/0304004.tex
(Digesting TeX 0304004...
(Loading /usr/share/perl5/LaTeXML/Package/TeX.pool.ltxml...
(Loading /usr/share/perl5/LaTeXML/Package/eTeX.pool.ltxml... 0.01 sec)
(Loading /usr/share/perl5/LaTeXML/Package/pdfTeX.pool.ltxml... 0.01 sec) 0.22 sec)
(Processing content /home/user/latex-in-arxiv/2003/0304004.tex...
(Loading /usr/share/perl5/LaTeXML/Package/LaTeX.pool.ltxml...
(Loading /usr/share/perl5/LaTeXML/Package/textcomp.sty.ltxml...
(Processing definitions /usr/share/texlive/texmf-dist/tex/latex-dev/base/ts1enc.dfu... 0.04 sec) 1.81 sec) 2.14 sec)
(Loading /usr/share/perl5/LaTeXML/Package/revtex4.cls.ltxml...
(Loading /usr/share/perl5/LaTeXML/Package/article.cls.ltxml... 0.01 sec)
(Loading /usr/share/perl5/LaTeXML/Package/revtex4_support.sty.ltxml...
(Loading /usr/share/perl5/LaTeXML/Package/hyperref.sty.ltxml...
(Loading /usr/share/perl5/LaTeXML/Package/keyval.sty.ltxml...
(Processing definitions /usr/share/texlive/texmf-dist/tex/latex-dev/graphics/keyval.sty... 0.02 sec) 0.02 sec)
(Loading /usr/share/perl5/LaTeXML/Package/nameref.sty.ltxml... 0.00 sec)
(Loading /usr/share/perl5/LaTeXML/Package/url.sty.ltxml... 0.00 sec) 0.11 sec)
(Loading /usr/share/perl5/LaTeXML/Package/natbib.sty.ltxml... 0.03 sec)
(Loading /usr/share/perl5/LaTeXML/Package/revsymb.sty.ltxml... 0.01 sec)
(Loading /usr/share/perl5/LaTeXML/Package/longtable.sty.ltxml... 0.00 sec)
(Loading /usr/share/perl5/LaTeXML/Package/dcolumn.sty.ltxml...
(Loading /usr/share/perl5/LaTeXML/Package/array.sty.ltxml... 0.00 sec) 0.01 sec) 0.22 sec) 0.71 sec)
(Loading /usr/share/perl5/LaTeXML/Package/graphicx.sty.ltxml...
(Loading /usr/share/perl5/LaTeXML/Package/graphics.sty.ltxml... 0.01 sec) 0.04 sec)
Warning:missing_file:pstcol Can't find binding for package pstcol
	at 0304004.tex; line 4 col 4 - line 4 col 4
	Anticipate undefined macros or environments
	search paths are /home/user/latex-in-arxiv/2003, /home/user/latex-in-arxiv
	In Core::Definition::Constructor[\usepac... /usr/share/perl5/LaTeXML/Package/LaTeX.pool.ltxml; line 806
Info:dependencies:dependencies Loading dependencies for /usr/share/texlive/texmf-dist/tex/latex/pstricks/pstcol.sty: pstricks
	at 0304004.tex; line 4 col 4 - line 4 col 4
(Loading /usr/share/perl5/LaTeXML/Package/pstricks.sty.ltxml...
(Loading /usr/share/perl5/LaTeXML/Package/xcolor.sty.ltxml...
(Loading /usr/share/perl5/LaTeXML/Package/color.sty.ltxml... 0.02 sec) 0.10 sec) 0.17 sec) 8.71 sec) 8.97 sec)
(Building...
(Loading compiled schema /usr/share/perl5/LaTeXML/resources/RelaxNG/LaTeXML.model... 0.01 sec)
Info:malformed:id Duplicated attribute xml:id
	at 0304004.tex; line 210 col 1 - line 210 col 1
	Using id='S2.E9a' on <ltx:XMRow _box="Alignment[]" _font="Font[math,medium,italic,10,bla..."/>
	id='S2.E9' already set on <ltx:equation _box="LaTeXML::Core::Alignment=HASH(..." _font="Font[serif,medium,upright,10,b..." xml:id="S2.E9" _ID_counter_m_="1">...
Info:malformed:id Duplicated attribute xml:id
	at 0304004.tex; line 219 col 1 - line 219 col 1
	Using id='S2.E12a' on <ltx:XMRow _box="Alignment[]" _font="Font[math,medium,italic,10,bla..."/>
	id='S2.E12' already set on <ltx:equation _box="LaTeXML::Core::Alignment=HASH(..." _font="Font[serif,medium,upright,10,b..." xml:id="S2.E12" _ID_counter_m_="1">...
Info:malformed:id Duplicated attribute xml:id
	at 0304004.tex; line 269 col 1 - line 269 col 1
	Using id='S2.E22a' on <ltx:XMRow _box="Alignment[]" _font="Font[math,medium,italic,10,bla..."/>
	id='S2.E22' already set on <ltx:equation _box="LaTeXML::Core::Alignment=HASH(..." _font="Font[serif,medium,upright,10,b..." xml:id="S2.E22" _ID_counter_m_="1">...
Info:malformed:id Duplicated attribute xml:id
	at 0304004.tex; line 418 col 4 - line 418 col 4
	Using id='S3.E33a' on <ltx:XMRow _box="Alignment[]" _font="Font[math,medium,italic,10,bla..."/>
	id='S3.E33' already set on <ltx:equation _box="LaTeXML::Core::Alignment=HASH(..." _font="Font[serif,medium,upright,10,b..." xml:id="S3.E33" _ID_counter_m_="1">...
 5.79 sec)
(Rewriting... 0.14 sec)
(Math Parsing 146 formulae ......
Warning:not_parsed:ATOM.UNKNOWN.POSTSUBSCRIPT>PUNCT MathParser failed to match rule 'Anything'
	at 0304004.tex; line 521 col 4 - line 521 col 4
	In "$\displaystyle\Phi_{S}=\sqrt{\frac{d}{2}}\Phi_{E}\quad\Rightarrow\quad\dot{%
	\bar{\Phi}_{S}}=-\frac{d}{1-\gamma\sqrt{\frac{d}{2}}}H_{S}\quad\left(%
	\Rightarrow\frac{\dot{\bar{\Phi}_{S}}}{H_{S}}=const.<0\right)\,.\@@ENDINLINEMATH"
	Φ[[UNKNOWN]] _{S}[[POSTSUBSCRIPT]] =[[RELOP]] \sqrt{\frac{d}{2}}[[UNKNOWN]] Φ[[UNKNOWN]] _{E}[[POSTSUBSCRIPT]] $\displaystyle\Phi_{S}=\sqrt{\frac{d}{2}}\Phi_{E}\quad\Rightarrow\quad\dot{\bar{\Phi}_{S}}=-\frac{d}{1-\gamma\sqrt{\frac{d}{2}}}H_{S}\quad\left(\Rightarrow\frac{\dot{\bar{\Phi}_{S}}}{H_{S}}=const.<0\right)\,.\@@ENDINLINEMATH[[PUNCT]] ⇒[[ARROW]] $\displaystyle\Phi_{S}=\sqrt{\frac{d}{2}}\Phi_{E}\quad\Rightarrow\quad\dot{\bar{\Phi}_{S}}=-\frac{d}{1-\gamma\sqrt{\frac{d}{2}}}H_{S}\quad\left(\Rightarrow\frac{\dot{\bar{\Phi}_{S}}}{H_{S}}=const.<0\right)\,.\@@ENDINLINEMATH[[PUNCT]] \dot{\bar{\Phi}_{S}}[[UNKNOWN]] =[[RELOP]] -[[ADDOP]] \frac{d}{1-\gamma\sqrt{\frac{d}{2}}}[[UNKNOWN]] H[[UNKNOWN]] _{S}[[POSTSUBSCRIPT]]
	        > $\displaystyle\Phi_{S}=\sqrt{\frac{d}{2}}\Phi_{E}\quad\Rightarrow\quad\dot{\bar{\Phi}_{S}}=-\frac{d}{1-\gamma\sqrt{\frac{d}{2}}}H_{S}\quad\left(\Rightarrow\frac{\dot{\bar{\Phi}_{S}}}{H_{S}}=const.<0\right)\,.\@@ENDINLINEMATH[[PUNCT]] \left([[OPEN]] ⇒[[ARROW]] \frac{\dot{\bar{\Phi}_{S}}}{H_{S}}[[UNKNOWN]] =[[RELOP]] c[[UNKNOWN]] o[[UNKNOWN]] n[[UNKNOWN]] s[[UNKNOWN]] t[[UNKNOWN]] .[[PERIOD]] <[[RELOP]] 0[[NUMBER]] \right)[[CLOSE]]
Warning:not_parsed:ATOM.UNKNOWN.POSTSUBSCRIPT>PUNCT MathParser failed to match rule 'Anything'
	at 0304004.tex; line 521 col 4 - line 525 col 4
	In "$\displaystyle\Phi_{S}=\sqrt{\frac{d}{2}}\Phi_{E}\quad\Rightarrow\quad\dot{%
	\bar{\Phi}_{S}}=-\frac{d}{1-\gamma\sqrt{\frac{d}{2}}}H_{S}\quad\left(%
	\Rightarrow\frac{\dot{\bar{\Phi}_{S}}}{H_{S}}=const.<0\right)\,.$"
	Φ[[UNKNOWN]] _{S}[[POSTSUBSCRIPT]] =[[RELOP]] \sqrt{\frac{d}{2}}[[UNKNOWN]] Φ[[UNKNOWN]] _{E}[[POSTSUBSCRIPT]] $\displaystyle\Phi_{S}=\sqrt{\frac{d}{2}}\Phi_{E}\quad\Rightarrow\quad\dot{\bar{\Phi}_{S}}=-\frac{d}{1-\gamma\sqrt{\frac{d}{2}}}H_{S}\quad\left(\Rightarrow\frac{\dot{\bar{\Phi}_{S}}}{H_{S}}=const.<0\right)\,.$[[PUNCT]] ⇒[[ARROW]] $\displaystyle\Phi_{S}=\sqrt{\frac{d}{2}}\Phi_{E}\quad\Rightarrow\quad\dot{\bar{\Phi}_{S}}=-\frac{d}{1-\gamma\sqrt{\frac{d}{2}}}H_{S}\quad\left(\Rightarrow\frac{\dot{\bar{\Phi}_{S}}}{H_{S}}=const.<0\right)\,.$[[PUNCT]] \dot{\bar{\Phi}_{S}}[[UNKNOWN]] =[[RELOP]] -[[ADDOP]] \frac{d}{1-\gamma\sqrt{\frac{d}{2}}}[[UNKNOWN]] H[[UNKNOWN]] _{S}[[POSTSUBSCRIPT]]
	        > $\displaystyle\Phi_{S}=\sqrt{\frac{d}{2}}\Phi_{E}\quad\Rightarrow\quad\dot{\bar{\Phi}_{S}}=-\frac{d}{1-\gamma\sqrt{\frac{d}{2}}}H_{S}\quad\left(\Rightarrow\frac{\dot{\bar{\Phi}_{S}}}{H_{S}}=const.<0\right)\,.$[[PUNCT]] \left([[OPEN]] ⇒[[ARROW]] \frac{\dot{\bar{\Phi}_{S}}}{H_{S}}[[UNKNOWN]] =[[RELOP]] c[[UNKNOWN]] o[[UNKNOWN]] n[[UNKNOWN]] s[[UNKNOWN]] t[[UNKNOWN]] .[[PERIOD]] <[[RELOP]] 0[[NUMBER]] \right)[[CLOSE]]
 8.28 sec)
Math parsing succeeded:
   ltx:XMArg: 671/671
   ltx:XMath: 144/146
Symbols assumed as simple identifiers (with # of occurences):
   'A{italic}' (47), 'B{italic}' (4), 'C{italic}' (10), 'D{italic}' (16), 'E{italic}' (7), 'G{italic}' (7), 'H{italic}' (26), 'K{italic}' (6), 'Lambda' (15), 'L{caligraphic}' (3), 'Phi' (50), 'P{italic}' (2), 'R{caligraphic}' (6), 'R{italic}' (3), 'S{caligraphic}' (2), 'S{italic}' (2), 'T{italic}' (12), 'V{italic}' (13), 'Z{italic}' (1), 'alpha' (6), 'a{italic}' (6), 'beta' (4), 'b{italic}' (6), 'chi' (3), 'c{italic}' (4), 'd' (30), 'delta' (2), 'd{italic}' (77), 'e{italic}' (25), 'gamma' (42), 'g{italic}' (8), 'h{italic}' (24), 'kappa' (22), 'k{italic}' (4), 'lambda' (3), 'l{italic}' (4), 'mu' (58), 'nu' (56), 'n{italic}' (10), 'o{italic}' (4), 'phi' (2), 'pi' (10), 'p{italic}' (4), 'rho' (17), 'r{italic}' (33), 's{italic}' (22), 'tau' (26), 't{italic}' (14), 'u{italic}' (4), 'w{italic}' (19), 'xi' (13), 'x{italic}' (4), 'y{italic}' (2)
Set MATHPARSER_SPECULATE to speculate on possible notations.
(Finalizing... 0.86 sec)
Conversion complete 3 warnings; 1 missing file[pstcol.sty] (See /home/user/latex-in-arxiv/0304004.latexml.log) (reqd. 24.77s)
