latexml (LaTeXML version 0.8.6) processing 2003/0304047.tex
(Digesting TeX 0304047...
(Loading /usr/share/perl5/LaTeXML/Package/TeX.pool.ltxml...
(Loading /usr/share/perl5/LaTeXML/Package/eTeX.pool.ltxml... 0.01 sec)
(Loading /usr/share/perl5/LaTeXML/Package/pdfTeX.pool.ltxml... 0.01 sec) 0.27 sec)
(Processing content /home/user/latex-in-arxiv/2003/0304047.tex...
(Loading /usr/share/perl5/LaTeXML/Package/LaTeX.pool.ltxml...
(Loading /usr/share/perl5/LaTeXML/Package/textcomp.sty.ltxml...
(Processing definitions /usr/share/texlive/texmf-dist/tex/latex-dev/base/ts1enc.dfu... 0.05 sec) 2.21 sec) 2.61 sec)
(Loading /usr/share/perl5/LaTeXML/Package/article.cls.ltxml... 0.02 sec)
(Loading /usr/share/perl5/LaTeXML/Package/graphicx.sty.ltxml...
(Loading /usr/share/perl5/LaTeXML/Package/graphics.sty.ltxml... 0.01 sec) 0.05 sec)
(Loading /usr/share/perl5/LaTeXML/Package/psfrag.sty.ltxml... 0.00 sec)
(Loading /usr/share/perl5/LaTeXML/Package/amssymb.sty.ltxml...
(Loading /usr/share/perl5/LaTeXML/Package/amsfonts.sty.ltxml... 0.00 sec) 0.04 sec)
Info:unexpected:titlepage When using titlepage, Frontmatter will not be well-structured
	at 0304047.tex; line 42 col 0 - line 42 col 17
Fatal:perl:die Perl died
	at 0304047.tex; line 289 col 0 - line 289 col 49
	Illegal division by zero at /usr/share/perl5/LaTeXML/Package/graphics.sty.ltxml line 107, <$IN> line 289.
	In Core::Definition::Constructor[\Gscale... /usr/share/perl5/LaTeXML/Package/graphics.sty.ltxml; line 111
	 <= Core::Stomach[@0x5648974f72c0] <= Core::Definition::Constructor[\begin{... <= Core::Stomach[@0x5648974f72c0] <= Core::Definition::Constructor[\begin{... <= Core::Stomach[@0x5648974f72c0]
Conversion failed 1 fatal error (See /home/user/latex-in-arxiv/0304047.latexml.log) (reqd. 5.63s)
