latexml (LaTeXML version 0.8.6) processing 2003/0304087.tex
(Digesting TeX 0304087...
(Loading /usr/share/perl5/LaTeXML/Package/TeX.pool.ltxml...
(Loading /usr/share/perl5/LaTeXML/Package/eTeX.pool.ltxml... 0.01 sec)
(Loading /usr/share/perl5/LaTeXML/Package/pdfTeX.pool.ltxml... 0.01 sec) 0.20 sec)
(Processing content /home/user/latex-in-arxiv/2003/0304087.tex...
(Loading /usr/share/perl5/LaTeXML/Package/LaTeX.pool.ltxml...
(Loading /usr/share/perl5/LaTeXML/Package/textcomp.sty.ltxml...
(Processing definitions /usr/share/texlive/texmf-dist/tex/latex-dev/base/ts1enc.dfu... 0.03 sec) 1.59 sec) 1.90 sec)
Info:unexpected:\documentstyle Entering LaTeX 2.09 Compatibility mode
	at 0304087.tex; line 3 col 0 - line 3 col 29
(Loading /usr/share/perl5/LaTeXML/Package/article.cls.ltxml... 0.02 sec)
Info:unexpected:titlepage When using titlepage, Frontmatter will not be well-structured
	at 0304087.tex; line 105 col 0 - line 105 col 17
 6.69 sec) 6.92 sec)
(Building...
(Loading compiled schema /usr/share/perl5/LaTeXML/resources/RelaxNG/LaTeXML.model... 0.01 sec)
Info:malformed:id Duplicated attribute xml:id
	at 0304087.tex; line 255 col 0 - line 255 col 13
	Using id='footnote1a' on <ltx:note _font="Font[serif,medium,upright,10,b..." mark="1" role="footnote"/>
	id='footnote1' already set on <ltx:note _font="Font[serif,medium,upright,10,b..." mark="*" role="footnote" xml:id="footnote1" _box="LaTeXML::Core::Whatsit=HASH(0x...">...
Info:malformed:id Duplicated attribute xml:id
	at 0304087.tex; line 571 col 26 - line 571 col 26
	Using id='footnote2a' on <ltx:note _font="Font[serif,medium,upright,10,b..." mark="2" role="footnote"/>
	id='footnote2' already set on <ltx:note _font="Font[serif,medium,upright,10,b..." mark="†" role="footnote" xml:id="footnote2" _box="LaTeXML::Core::Whatsit=HASH(0x...">...
 3.59 sec)
(Rewriting... 0.11 sec)
(Math Parsing 252 formulae ......
Warning:not_parsed:INTOP.UNKNOWN.UNKNOWN>OPEN MathParser failed to match rule 'Anything'
	at 0304087.tex; line 505 col 15 - line 507 col 2
	In "$\displaystyle\frac{1}{2}\int dt\left[\sum_{i}\left({\dot{q}_{i}}{\dot{\bar{q}%
	_{i}}}+\frac{1}{2}{\dot{\chi}_{i}}{\bar{\chi}_{i}}\right)-\sum_{i<j}\left(%
	\frac{g^{2}}{(q_{i}-q_{j})(\bar{q}_{i}-\bar{q}_{j})}-\frac{g(\chi_{i}-\chi_{j}%
	)(\chi_{i}-\chi_{j})}{4(q_{i}-q_{j})^{2}}-\right.\right.$"
	\frac{1}{2}[[UNKNOWN]] ∫[[INTOP]] d[[UNKNOWN]] t[[UNKNOWN]]
	        > \left[[[OPEN]] ∑[[SUMOP]] _{i}[[POSTSUBSCRIPT]] \left([[OPEN]] \dot{q}[[UNKNOWN]] _{i}[[POSTSUBSCRIPT]] \dot{\bar{q}_{i}}[[UNKNOWN]] +[[ADDOP]] \frac{1}{2}[[UNKNOWN]] \dot{\chi}[[UNKNOWN]] _{i}[[POSTSUBSCRIPT]] \bar{\chi}[[UNKNOWN]] _{i}[[POSTSUBSCRIPT]] \right)[[CLOSE]] -[[ADDOP]] ∑[[SUMOP]] _{i<j}[[POSTSUBSCRIPT]] \left([[OPEN]] \frac{g^{2}}{(q_{i}-q_{j})(\bar{q}_{i}-\bar{q}_{j})}[[UNKNOWN]] -[[ADDOP]] \frac{g(\chi_{i}-\chi_{j})(\chi_{i}-\chi_{j})}{4(q_{i}-q_{j})^{2}}[[UNKNOWN]] -[[ADDOP]]
Warning:not_parsed:ATOM>CLOSE MathParser failed to match rule 'Anything'
	at 0304087.tex; line 507 col 10 - line 509 col 4
	In "$\displaystyle\left.\left.\frac{g(\bar{\chi}_{i}-\bar{\chi}_{j})(\bar{\chi}_{i%
	}-\bar{\chi}_{j})}{4(\bar{q}_{i}-\bar{q}_{j})^{2}}\right)\right]\;.$"
	\frac{g(\bar{\chi}_{i}-\bar{\chi}_{j})(\bar{\chi}_{i}-\bar{\chi}_{j})}{4(\bar{q}_{i}-\bar{q}_{j})^{2}}[[UNKNOWN]]
	        > \right)[[CLOSE]] \right][[CLOSE]]
Warning:not_parsed:UNKNOWN.POSTSUPERSCRIPT.UNKNOWN>OPEN MathParser failed to match rule 'Anything'
	at 0304087.tex; line 552 col 5 - line 557 col 1
	In "$\displaystyle-\int dtd^{2}\theta\left[\frac{1}{4}\left(Y_{0}^{2}+4X_{0}\bar{X%
	}_{0}\right)^{\frac{1-2\alpha}{2\alpha}}\left(DY_{0}{\bar{D}}Y_{0}+DX_{0}{\bar%
	{D}}{\bar{X}_{0}}\right)+\right.$"
	-[[ADDOP]] ∫[[INTOP]] d[[UNKNOWN]] t[[UNKNOWN]] d[[UNKNOWN]] ^{2}[[POSTSUPERSCRIPT]] θ[[UNKNOWN]]
	        > \left[[[OPEN]] \frac{1}{4}[[UNKNOWN]] \left([[OPEN]] Y[[UNKNOWN]] _{0}[[POSTSUBSCRIPT]] ^{2}[[POSTSUPERSCRIPT]] +[[ADDOP]] 4[[NUMBER]] X[[UNKNOWN]] _{0}[[POSTSUBSCRIPT]] \bar{X}[[UNKNOWN]] _{0}[[POSTSUBSCRIPT]] \right)[[CLOSE]] ^{\frac{1-2\alpha}{2\alpha}}[[POSTSUPERSCRIPT]] \left([[OPEN]] D[[UNKNOWN]] Y[[UNKNOWN]] _{0}[[POSTSUBSCRIPT]] \bar{D}[[UNKNOWN]] Y[[UNKNOWN]] _{0}[[POSTSUBSCRIPT]] +[[ADDOP]] D[[UNKNOWN]] X[[UNKNOWN]] _{0}[[POSTSUBSCRIPT]] \bar{D}[[UNKNOWN]] \bar{X}[[UNKNOWN]] _{0}[[POSTSUBSCRIPT]] \right)[[CLOSE]] +[[ADDOP]]
Warning:not_parsed:VERTBAR.ATOM.VERTBAR>CLOSE MathParser failed to match rule 'Anything'
	at 0304087.tex; line 557 col 9 - line 560 col 4
	In "$\displaystyle\left.\frac{1}{4}\sum_{i<j}\left(Y_{ij}^{2}+4X_{ij}\bar{X}_{ij}%
	\right)^{\frac{1-2\alpha}{2\alpha}}\left(DY_{ij}{\bar{D}}Y_{ij}+DX_{ij}{\bar{D%
	}}{\bar{X}_{ij}}\right)+g\log\left|\frac{Y_{ij}+\sqrt{Y_{ij}^{2}+4X_{ij}\bar{X%
	}_{ij}}}{2}\right|\right]\;,$"
	\frac{1}{4}[[UNKNOWN]] ∑[[SUMOP]] _{i<j}[[POSTSUBSCRIPT]] \left([[OPEN]] Y[[UNKNOWN]] _{ij}[[POSTSUBSCRIPT]] ^{2}[[POSTSUPERSCRIPT]] +[[ADDOP]] 4[[NUMBER]] X[[UNKNOWN]] _{ij}[[POSTSUBSCRIPT]] \bar{X}[[UNKNOWN]] _{ij}[[POSTSUBSCRIPT]] \right)[[CLOSE]] ^{\frac{1-2\alpha}{2\alpha}}[[POSTSUPERSCRIPT]] \left([[OPEN]] D[[UNKNOWN]] Y[[UNKNOWN]] _{ij}[[POSTSUBSCRIPT]] \bar{D}[[UNKNOWN]] Y[[UNKNOWN]] _{ij}[[POSTSUBSCRIPT]] +[[ADDOP]] D[[UNKNOWN]] X[[UNKNOWN]] _{ij}[[POSTSUBSCRIPT]] \bar{D}[[UNKNOWN]] \bar{X}[[UNKNOWN]] _{ij}[[POSTSUBSCRIPT]] \right)[[CLOSE]] +[[ADDOP]] g[[UNKNOWN]] log[[OPFUNCTION]] \left|[[VERTBAR]] \frac{Y_{ij}+\sqrt{Y_{ij}^{2}+4X_{ij}\bar{X}_{ij}}}{2}[[UNKNOWN]] \right|[[VERTBAR]]
	        > \right][[CLOSE]]
Warning:not_parsed:UNKNOWN.POSTSUPERSCRIPT.UNKNOWN>OPEN MathParser failed to match rule 'Anything'
	at 0304087.tex; line 577 col 6 - line 579 col 1
	In "$\displaystyle-\int dtd^{2}\theta\left[\frac{1}{4}\sum_{i}\left(Dv_{i}{\bar{D}%
	}v_{i}+D\rho_{i}{\bar{D}}{\bar{\rho}_{i}}\right)+\right.$"
	-[[ADDOP]] ∫[[INTOP]] d[[UNKNOWN]] t[[UNKNOWN]] d[[UNKNOWN]] ^{2}[[POSTSUPERSCRIPT]] θ[[UNKNOWN]]
	        > \left[[[OPEN]] \frac{1}{4}[[UNKNOWN]] ∑[[SUMOP]] _{i}[[POSTSUBSCRIPT]] \left([[OPEN]] D[[UNKNOWN]] v[[UNKNOWN]] _{i}[[POSTSUBSCRIPT]] \bar{D}[[UNKNOWN]] v[[UNKNOWN]] _{i}[[POSTSUBSCRIPT]] +[[ADDOP]] D[[UNKNOWN]] ρ[[UNKNOWN]] _{i}[[POSTSUBSCRIPT]] \bar{D}[[UNKNOWN]] \bar{\rho}[[UNKNOWN]] _{i}[[POSTSUBSCRIPT]] \right)[[CLOSE]] +[[ADDOP]]
Warning:not_parsed:VERTBAR.ATOM.VERTBAR>CLOSE MathParser failed to match rule 'Anything'
	at 0304087.tex; line 579 col 4 - line 581 col 41
	In "$\displaystyle g\sum_{i<j}\left.\log\left|\frac{v_{i}-v_{j}+\sqrt{(v_{i}-v_{j}%
	)^{2}+4(\rho_{i}-\rho_{j})(\bar{\rho}_{i}-\bar{\rho}_{j})}}{2}\right|\right]\;.$"
	g[[UNKNOWN]] ∑[[SUMOP]] _{i<j}[[POSTSUBSCRIPT]] log[[OPFUNCTION]] \left|[[VERTBAR]] \frac{v_{i}-v_{j}+\sqrt{(v_{i}-v_{j})^{2}+4(\rho_{i}-\rho_{j})(\bar{\rho}_{i}-\bar{\rho}_{j})}}{2}[[UNKNOWN]] \right|[[VERTBAR]]
	        > \right][[CLOSE]]
Warning:not_parsed:ADDOP.SUMOP.POSTSUBSCRIPT>OPEN MathParser failed to match rule 'Anything'
	at 0304087.tex; line 588 col 10 - line 592 col 1
	In "$\displaystyle\int dt\sum_{i}\left(\frac{1}{2}{\dot{v}_{i}}^{2}+2{\dot{\rho}_{%
	i}}{\dot{\bar{\rho}_{i}}}\right)-\sum_{i<j}\left(\frac{8g^{2}}{v_{ij}^{2}+4%
	\rho_{ij}{\bar{\rho}_{ij}}}+\frac{8ig\left(\rho_{ij}\dot{\bar{\rho}_{ij}}-\dot%
	{\rho}_{ij}\bar{\rho}_{ij}\right)}{\sqrt{v_{ij}^{2}+4\rho_{ij}{\bar{\rho}_{ij}%
	}}\left(v_{ij}+\sqrt{v_{ij}^{2}+4\rho_{ij}{\bar{\rho}_{ij}}}\right)}\right.+$"
	∫[[INTOP]] d[[UNKNOWN]] t[[UNKNOWN]] ∑[[SUMOP]] _{i}[[POSTSUBSCRIPT]] \left([[OPEN]] \frac{1}{2}[[UNKNOWN]] \dot{v}[[UNKNOWN]] _{i}[[POSTSUBSCRIPT]] ^{2}[[POSTSUPERSCRIPT]] +[[ADDOP]] 2[[NUMBER]] \dot{\rho}[[UNKNOWN]] _{i}[[POSTSUBSCRIPT]] \dot{\bar{\rho}_{i}}[[UNKNOWN]] \right)[[CLOSE]] -[[ADDOP]] ∑[[SUMOP]] _{i<j}[[POSTSUBSCRIPT]]
	        > \left([[OPEN]] \frac{8g^{2}}{v_{ij}^{2}+4\rho_{ij}{\bar{\rho}_{ij}}}[[UNKNOWN]] +[[ADDOP]] \frac{8ig\left(\rho_{ij}\dot{\bar{\rho}_{ij}}-\dot{\rho}_{ij}\bar{\rho}_{ij}\right)}{\sqrt{v_{ij}^{2}+4\rho_{ij}{\bar{\rho}_{ij}}}\left(v_{ij}+\sqrt{v_{ij}^{2}+4\rho_{ij}{\bar{\rho}_{ij}}}\right)}[[UNKNOWN]] +[[ADDOP]]
Warning:not_parsed:ATOM.POSTSUBSCRIPT.CLOSE>CLOSE MathParser failed to match rule 'Anything'
	at 0304087.tex; line 592 col 9 - line 594 col 5
	In "$\displaystyle\left.\frac{4g}{(v_{ij}^{2}+4\rho_{ij}{\bar{\rho}_{ij}})^{3/2}}%
	\left(v_{ij}\xi_{ij}{\bar{\xi}_{ij}}-v_{ij}\psi_{ij}{\bar{\psi}_{ij}}+2\rho_{%
	ij}\xi_{ij}{\bar{\psi}_{ij}}+2{\bar{\rho}_{ij}\psi_{ij}{\bar{\xi}_{ij}}}\right%
	)\right)\;,$"
	\frac{4g}{(v_{ij}^{2}+4\rho_{ij}{\bar{\rho}_{ij}})^{3/2}}[[UNKNOWN]] \left([[OPEN]] v[[UNKNOWN]] _{ij}[[POSTSUBSCRIPT]] ξ[[UNKNOWN]] _{ij}[[POSTSUBSCRIPT]] \bar{\xi}[[UNKNOWN]] _{ij}[[POSTSUBSCRIPT]] -[[ADDOP]] v[[UNKNOWN]] _{ij}[[POSTSUBSCRIPT]] ψ[[UNKNOWN]] _{ij}[[POSTSUBSCRIPT]] \bar{\psi}[[UNKNOWN]] _{ij}[[POSTSUBSCRIPT]] +[[ADDOP]] 2[[NUMBER]] ρ[[UNKNOWN]] _{ij}[[POSTSUBSCRIPT]] ξ[[UNKNOWN]] _{ij}[[POSTSUBSCRIPT]] \bar{\psi}[[UNKNOWN]] _{ij}[[POSTSUBSCRIPT]] +[[ADDOP]] 2[[NUMBER]] \bar{\rho}[[UNKNOWN]] _{ij}[[POSTSUBSCRIPT]] ψ[[UNKNOWN]] _{ij}[[POSTSUBSCRIPT]] \bar{\xi}[[UNKNOWN]] _{ij}[[POSTSUBSCRIPT]] \right)[[CLOSE]]
	        > \right)[[CLOSE]]
Warning:not_parsed:UNKNOWN>OPEN MathParser failed to match rule 'Subscript'
	at 0304087.tex; line 629 col 12 - line 629 col 12
	In "\begin{equation}D_{a(\alpha}D^{\alpha}_{b)}u=0\;.\end{equation}"
	a[[UNKNOWN]]
	        > ([[OPEN]] α[[UNKNOWN]]
Warning:not_parsed:UNKNOWN>CLOSE MathParser failed to match rule 'Subscript'
	at 0304087.tex; line 629 col 25 - line 629 col 25
	b[[UNKNOWN]]
	        > )[[CLOSE]]
 12.62 sec)
Math parsing succeeded:
   ltx:XMath: 244/252
   ltx:XMArg: 973/975
Symbols assumed as simple identifiers (with # of occurences):
   'A{italic}' (1), 'D{italic}' (45), 'E{italic}' (17), 'F{italic}' (1), 'N{italic}' (52), 'O{italic}' (2), 'Phi' (1), 'S{italic}' (34), 'U{italic}' (9), 'V{italic}' (31), 'X{italic}' (35), 'Y{italic}' (40), 'alpha' (23), 'a{italic}' (12), 'beta' (8), 'b{italic}' (12), 'chi' (9), 'c{italic}' (5), 'delta' (11), 'd{italic}' (60), 'e{italic}' (5), 'f{italic}' (8), 'g{italic}' (32), 'h{italic}' (1), 'i{italic}' (168), 'j{italic}' (138), 'k{italic}' (1), 'm{italic}' (3), 'n{italic}' (37), 'omega' (2), 'pi' (2), 'psi' (15), 'p{italic}' (8), 'q{italic}' (36), 'rho' (37), 's{italic}' (5), 'tau' (2), 'theta' (61), 't{italic}' (70), 'u{italic}' (9), 'varepsilon' (7), 'v{italic}' (51), 'w{italic}' (1), 'xi' (11), 'x{italic}' (22)
Set MATHPARSER_SPECULATE to speculate on possible notations.
(Finalizing... 1.08 sec)
Conversion complete 10 warnings (See /home/user/latex-in-arxiv/0304087.latexml.log) (reqd. 25.02s)
