latexml (LaTeXML version 0.8.6) processing 2003/0304189.tex
(Digesting TeX 0304189...
(Loading /usr/share/perl5/LaTeXML/Package/TeX.pool.ltxml...
(Loading /usr/share/perl5/LaTeXML/Package/eTeX.pool.ltxml... 0.01 sec)
(Loading /usr/share/perl5/LaTeXML/Package/pdfTeX.pool.ltxml... 0.01 sec) 0.20 sec)
(Processing content /home/user/latex-in-arxiv/2003/0304189.tex...
(Loading /usr/share/perl5/LaTeXML/Package/LaTeX.pool.ltxml...
(Loading /usr/share/perl5/LaTeXML/Package/textcomp.sty.ltxml...
(Processing definitions /usr/share/texlive/texmf-dist/tex/latex-dev/base/ts1enc.dfu... 0.02 sec) 1.26 sec) 1.56 sec)
(Loading /usr/share/perl5/LaTeXML/Package/article.cls.ltxml... 0.01 sec)
(Loading /usr/share/perl5/LaTeXML/Package/psfig.sty.ltxml...
(Loading /usr/share/perl5/LaTeXML/Package/epsfig.sty.ltxml...
(Loading /usr/share/perl5/LaTeXML/Package/graphicx.sty.ltxml...
(Loading /usr/share/perl5/LaTeXML/Package/graphics.sty.ltxml... 0.01 sec) 0.01 sec) 0.03 sec) 0.03 sec)
(Loading /usr/share/perl5/LaTeXML/Package/amsfonts.sty.ltxml... 0.00 sec)
(Loading /usr/share/perl5/LaTeXML/Package/amssymb.sty.ltxml... 0.02 sec) 4.71 sec) 4.96 sec)
(Building...
(Loading compiled schema /usr/share/perl5/LaTeXML/resources/RelaxNG/LaTeXML.model... 0.01 sec) 3.38 sec)
(Rewriting... 0.05 sec)
(Math Parsing 153 formulae ......
Warning:not_parsed:UNKNOWN.POSTSUPERSCRIPT.UNKNOWN>OPEN MathParser failed to match rule 'Anything'
	at 0304189.tex; line 245 col 1 - line 245 col 1
	In "$\displaystyle S=\int d^{4}x\left\{\frac{1}{4}F_{\mu\nu}^{a}F^{a,\mu\nu}+\frac%
	{1}{2}(\partial_{\mu}\phi_{1})^{2}+\frac{1}{2}\left|D_{\mu}^{3}\phi_{2}\right|%
	^{2}-\frac{1}{2}m_{1}^{2}\phi_{1}^{2}\right.\@@ENDINLINEMATH"
	S[[UNKNOWN]] =[[RELOP]] ∫[[INTOP]] d[[UNKNOWN]] ^{4}[[POSTSUPERSCRIPT]] x[[UNKNOWN]]
	        > \left\{[[OPEN]] \frac{1}{4}[[UNKNOWN]] F[[UNKNOWN]] _{\mu\nu}[[POSTSUBSCRIPT]] ^{a}[[POSTSUPERSCRIPT]] F[[UNKNOWN]] ^{a,\mu\nu}[[POSTSUPERSCRIPT]] +[[ADDOP]] \frac{1}{2}[[UNKNOWN]] ([[OPEN]] ∂[[OPERATOR]] _{\mu}[[POSTSUBSCRIPT]] ϕ[[UNKNOWN]] _{1}[[POSTSUBSCRIPT]] )[[CLOSE]] ^{2}[[POSTSUPERSCRIPT]] +[[ADDOP]] \frac{1}{2}[[UNKNOWN]] \left|[[VERTBAR]] D[[UNKNOWN]] _{\mu}[[POSTSUBSCRIPT]] ^{3}[[POSTSUPERSCRIPT]] ϕ[[UNKNOWN]] _{2}[[POSTSUBSCRIPT]] \right|[[VERTBAR]] ^{2}[[POSTSUPERSCRIPT]] -[[ADDOP]] \frac{1}{2}[[UNKNOWN]] m[[UNKNOWN]] _{1}[[POSTSUBSCRIPT]] ^{2}[[POSTSUPERSCRIPT]] ϕ[[UNKNOWN]] _{1}[[POSTSUBSCRIPT]] ^{2}[[POSTSUPERSCRIPT]]
Warning:not_parsed:UNKNOWN.POSTSUPERSCRIPT.UNKNOWN>OPEN MathParser failed to match rule 'Anything'
	at 0304189.tex; line 245 col 1 - line 247 col 44
	In "$\displaystyle S=\int d^{4}x\left\{\frac{1}{4}F_{\mu\nu}^{a}F^{a,\mu\nu}+\frac%
	{1}{2}(\partial_{\mu}\phi_{1})^{2}+\frac{1}{2}\left|D_{\mu}^{3}\phi_{2}\right|%
	^{2}-\frac{1}{2}m_{1}^{2}\phi_{1}^{2}\right.$"
	S[[UNKNOWN]] =[[RELOP]] ∫[[INTOP]] d[[UNKNOWN]] ^{4}[[POSTSUPERSCRIPT]] x[[UNKNOWN]]
	        > \left\{[[OPEN]] \frac{1}{4}[[UNKNOWN]] F[[UNKNOWN]] _{\mu\nu}[[POSTSUBSCRIPT]] ^{a}[[POSTSUPERSCRIPT]] F[[UNKNOWN]] ^{a,\mu\nu}[[POSTSUPERSCRIPT]] +[[ADDOP]] \frac{1}{2}[[UNKNOWN]] ([[OPEN]] ∂[[OPERATOR]] _{\mu}[[POSTSUBSCRIPT]] ϕ[[UNKNOWN]] _{1}[[POSTSUBSCRIPT]] )[[CLOSE]] ^{2}[[POSTSUPERSCRIPT]] +[[ADDOP]] \frac{1}{2}[[UNKNOWN]] \left|[[VERTBAR]] D[[UNKNOWN]] _{\mu}[[POSTSUBSCRIPT]] ^{3}[[POSTSUPERSCRIPT]] ϕ[[UNKNOWN]] _{2}[[POSTSUBSCRIPT]] \right|[[VERTBAR]] ^{2}[[POSTSUPERSCRIPT]] -[[ADDOP]] \frac{1}{2}[[UNKNOWN]] m[[UNKNOWN]] _{1}[[POSTSUBSCRIPT]] ^{2}[[POSTSUPERSCRIPT]] ϕ[[UNKNOWN]] _{1}[[POSTSUBSCRIPT]] ^{2}[[POSTSUPERSCRIPT]]
Warning:not_parsed:CLOSE.ADDOP.ID>CLOSE MathParser failed to match rule 'Anything'
	at 0304189.tex; line 247 col 0 - line 247 col 44
	In "$\displaystyle\left.-\frac{1}{2}m_{2}^{2}|\phi_{2}|^{2}-\frac{1}{2}m_{A}^{2}%
	\left[\left(A_{\mu}^{1}\right)^{2}+\left(A_{\mu}^{2}\right)^{2}\right]+~{}%
	\cdots\right\}\quad,\@@ENDINLINEMATH"
	-[[ADDOP]] \frac{1}{2}[[UNKNOWN]] m[[UNKNOWN]] _{2}[[POSTSUBSCRIPT]] ^{2}[[POSTSUPERSCRIPT]] |[[VERTBAR]] ϕ[[UNKNOWN]] _{2}[[POSTSUBSCRIPT]] |[[VERTBAR]] ^{2}[[POSTSUPERSCRIPT]] -[[ADDOP]] \frac{1}{2}[[UNKNOWN]] m[[UNKNOWN]] _{A}[[POSTSUBSCRIPT]] ^{2}[[POSTSUPERSCRIPT]] \left[[[OPEN]] \left([[OPEN]] A[[UNKNOWN]] _{\mu}[[POSTSUBSCRIPT]] ^{1}[[POSTSUPERSCRIPT]] \right)[[CLOSE]] ^{2}[[POSTSUPERSCRIPT]] +[[ADDOP]] \left([[OPEN]] A[[UNKNOWN]] _{\mu}[[POSTSUBSCRIPT]] ^{2}[[POSTSUPERSCRIPT]] \right)[[CLOSE]] ^{2}[[POSTSUPERSCRIPT]] \right][[CLOSE]] +[[ADDOP]] ⋯[[ID]]
	        > \right\}[[CLOSE]]
Warning:not_parsed:CLOSE.ADDOP.ID>CLOSE MathParser failed to match rule 'Anything'
	at 0304189.tex; line 247 col 0 - line 250 col 14
	In "$\displaystyle\left.-\frac{1}{2}m_{2}^{2}|\phi_{2}|^{2}-\frac{1}{2}m_{A}^{2}%
	\left[\left(A_{\mu}^{1}\right)^{2}+\left(A_{\mu}^{2}\right)^{2}\right]+~{}%
	\cdots\right\}\quad,$"
	-[[ADDOP]] \frac{1}{2}[[UNKNOWN]] m[[UNKNOWN]] _{2}[[POSTSUBSCRIPT]] ^{2}[[POSTSUPERSCRIPT]] |[[VERTBAR]] ϕ[[UNKNOWN]] _{2}[[POSTSUBSCRIPT]] |[[VERTBAR]] ^{2}[[POSTSUPERSCRIPT]] -[[ADDOP]] \frac{1}{2}[[UNKNOWN]] m[[UNKNOWN]] _{A}[[POSTSUBSCRIPT]] ^{2}[[POSTSUPERSCRIPT]] \left[[[OPEN]] \left([[OPEN]] A[[UNKNOWN]] _{\mu}[[POSTSUBSCRIPT]] ^{1}[[POSTSUPERSCRIPT]] \right)[[CLOSE]] ^{2}[[POSTSUPERSCRIPT]] +[[ADDOP]] \left([[OPEN]] A[[UNKNOWN]] _{\mu}[[POSTSUBSCRIPT]] ^{2}[[POSTSUPERSCRIPT]] \right)[[CLOSE]] ^{2}[[POSTSUPERSCRIPT]] \right][[CLOSE]] +[[ADDOP]] ⋯[[ID]]
	        > \right\}[[CLOSE]]
 6.00 sec)
Math parsing succeeded:
   ltx:XMath: 149/153
   ltx:XMArg: 492/492
Symbols assumed as simple identifiers (with # of occurences):
   'A{italic}' (21), 'D{italic}' (13), 'E{italic}' (8), 'F{italic}' (10), 'H{italic}' (1), 'O{italic}' (4), 'Phi' (29), 'Pi' (2), 'R{italic}' (9), 'S{italic}' (8), 'T{italic}' (12), 'U{italic}' (9), 'V{italic}' (4), 'Z{blackboard}' (8), 'a{italic}' (8), 'b{italic}' (1), 'c{italic}' (1), 'delta' (2), 'd{italic}' (9), 'epsilon' (1), 'e{italic}' (11), 'f{italic}' (18), 'gamma' (10), 'i{italic}' (6), 'j{italic}' (1), 'k{italic}' (1), 'lambda' (4), 'l{italic}' (2), 'mu' (11), 'm{italic}' (81), 'nu' (6), 'n{italic}' (1), 'o{italic}' (1), 'phi' (44), 'rho' (13), 'r{italic}' (13), 's{italic}' (1), 'theta' (8), 't{italic}' (1), 'x{italic}' (14), 'y{italic}' (1), 'z{italic}' (16)
Set MATHPARSER_SPECULATE to speculate on possible notations.
(Finalizing... 0.43 sec)
Conversion complete 4 warnings (See /home/user/latex-in-arxiv/0304189.latexml.log) (reqd. 15.24s)
