latexml (LaTeXML version 0.8.6) processing 2003/0304191.tex
(Digesting TeX 0304191...
(Loading /usr/share/perl5/LaTeXML/Package/TeX.pool.ltxml...
(Loading /usr/share/perl5/LaTeXML/Package/eTeX.pool.ltxml... 0.01 sec)
(Loading /usr/share/perl5/LaTeXML/Package/pdfTeX.pool.ltxml... 0.01 sec) 0.20 sec)
(Processing content /home/user/latex-in-arxiv/2003/0304191.tex...
(Loading /usr/share/perl5/LaTeXML/Package/LaTeX.pool.ltxml...
(Loading /usr/share/perl5/LaTeXML/Package/textcomp.sty.ltxml...
(Processing definitions /usr/share/texlive/texmf-dist/tex/latex-dev/base/ts1enc.dfu... 0.04 sec) 1.53 sec) 1.83 sec)
(Loading /usr/share/perl5/LaTeXML/Package/article.cls.ltxml... 0.01 sec)
(Loading /usr/share/perl5/LaTeXML/Package/graphics.sty.ltxml... 0.03 sec)
(Loading /usr/share/perl5/LaTeXML/Package/amssymb.sty.ltxml...
(Loading /usr/share/perl5/LaTeXML/Package/amsfonts.sty.ltxml... 0.00 sec) 0.03 sec)
(Loading /usr/share/perl5/LaTeXML/Package/epsfig.sty.ltxml...
(Loading /usr/share/perl5/LaTeXML/Package/graphicx.sty.ltxml... 0.01 sec) 0.02 sec)
(Loading /usr/share/perl5/LaTeXML/Package/amsmath.sty.ltxml...
(Loading /usr/share/perl5/LaTeXML/Package/amsbsy.sty.ltxml...
(Loading /usr/share/perl5/LaTeXML/Package/amsgen.sty.ltxml... 0.01 sec) 0.01 sec)
(Loading /usr/share/perl5/LaTeXML/Package/amstext.sty.ltxml... 0.01 sec)
(Loading /usr/share/perl5/LaTeXML/Package/amsopn.sty.ltxml... 0.01 sec) 0.08 sec)
(Loading /usr/share/perl5/LaTeXML/Package/euscript.sty.ltxml... 0.00 sec)
(Loading /usr/share/perl5/LaTeXML/Package/array.sty.ltxml... 0.00 sec)
(Loading /usr/share/perl5/LaTeXML/Package/cite.sty.ltxml... 0.00 sec) 5.89 sec) 6.12 sec)
(Building...
(Loading compiled schema /usr/share/perl5/LaTeXML/resources/RelaxNG/LaTeXML.model... 0.02 sec) 4.48 sec)
(Rewriting... 0.15 sec)
(Math Parsing 135 formulae ......
Warning:not_parsed:CLOSE.UNKNOWN.POSTSUPERSCRIPT>MULOP MathParser failed to match rule 'Anything'
	at 0304191.tex; line 518 col 4 - line 518 col 4
	In "$\displaystyle\phi(x^{+},x^{-},x^{i})=\int_{0}^{\infty}\frac{dp^{+}}{\sqrt{2%
	\pi p^{+}}}\sum_{\{n^{i}\}}a\left(p^{+},\{n^{i}\}\right)e^{-i(x^{+}p^{-}+x^{-}%
	p^{+})}\cdot\cdot\prod_{i=1}^{8}H_{n^{i}}\left(\sqrt{\omega}x^{i}\right)\exp%
	\left[-\frac{1}{2}\omega(x^{i})^{2}\right]\sqrt{\frac{\sqrt{\omega/\pi}}{2^{n^%
	{i}}\left(n^{i}\right)!}}\quad+h.c.\@@ENDINLINEMATH"
	ϕ[[UNKNOWN]] ([[OPEN]] x[[UNKNOWN]] ^{+}[[POSTSUPERSCRIPT]] ,[[PUNCT]] x[[UNKNOWN]] ^{-}[[POSTSUPERSCRIPT]] ,[[PUNCT]] x[[UNKNOWN]] ^{i}[[POSTSUPERSCRIPT]] )[[CLOSE]] =[[RELOP]] ∫[[INTOP]] _{0}[[POSTSUBSCRIPT]] ^{\infty}[[POSTSUPERSCRIPT]] \frac{dp^{+}}{\sqrt{2\pip^{+}}}[[UNKNOWN]] ∑[[SUMOP]] _{\{n^{i}\}}[[POSTSUBSCRIPT]] a[[UNKNOWN]] \left([[OPEN]] p[[UNKNOWN]] ^{+}[[POSTSUPERSCRIPT]] ,[[PUNCT]] \{[[OPEN]] n[[UNKNOWN]] ^{i}[[POSTSUPERSCRIPT]] \}[[CLOSE]] \right)[[CLOSE]] e[[UNKNOWN]] ^{-i(x^{+}p^{-}+x^{-}p^{+})}[[POSTSUPERSCRIPT]]
	        > ⋅[[MULOP]] ⋅[[MULOP]] ∏[[SUMOP]] _{i=1}[[POSTSUBSCRIPT]] ^{8}[[POSTSUPERSCRIPT]] H[[UNKNOWN]] _{n^{i}}[[POSTSUBSCRIPT]] \left([[OPEN]] \sqrt{\omega}[[UNKNOWN]] x[[UNKNOWN]] ^{i}[[POSTSUPERSCRIPT]] \right)[[CLOSE]] exp[[OPFUNCTION]] \left[[[OPEN]] -[[ADDOP]] \frac{1}{2}[[UNKNOWN]] ω[[UNKNOWN]] ([[OPEN]] x[[UNKNOWN]] ^{i}[[POSTSUPERSCRIPT]] )[[CLOSE]] ^{2}[[POSTSUPERSCRIPT]] \right][[CLOSE]] \sqrt{\frac{\sqrt{\omega/\pi}}{2^{n^{i}}\left(n^{i}\right)!}}[[UNKNOWN]] $\displaystyle\phi(x^{+},x^{-},x^{i})=\int_{0}^{\infty}\frac{dp^{+}}{\sqrt{2\pip^{+}}}\sum_{\{n^{i}\}}a\left(p^{+},\{n^{i}\}\right)e^{-i(x^{+}p^{-}+x^{-}p^{+})}\cdot\cdot\prod_{i=1}^{8}H_{n^{i}}\left(\sqrt{\omega}x^{i}\right)\exp\left[-\frac{1}{2}\omega(x^{i})^{2}\right]\sqrt{\frac{\sqrt{\omega/\pi}}{2^{n^{i}}\left(n^{i}\right)!}}\quad+h.c.\@@ENDINLINEMATH[[PUNCT]] +[[ADDOP]] h[[UNKNOWN]] .[[PERIOD]] c[[UNKNOWN]]
Warning:not_parsed:CLOSE.UNKNOWN.POSTSUPERSCRIPT>MULOP MathParser failed to match rule 'Anything'
	at 0304191.tex; line 519 col 8 - line 520 col 61
	In "$\displaystyle\int_{0}^{\infty}\frac{dp^{+}}{\sqrt{2\pi p^{+}}}\sum_{\{n^{i}\}%
	}a\left(p^{+},\{n^{i}\}\right)e^{-i(x^{+}p^{-}+x^{-}p^{+})}\cdot$"
	∫[[INTOP]] _{0}[[POSTSUBSCRIPT]] ^{\infty}[[POSTSUPERSCRIPT]] \frac{dp^{+}}{\sqrt{2\pip^{+}}}[[UNKNOWN]] ∑[[SUMOP]] _{\{n^{i}\}}[[POSTSUBSCRIPT]] a[[UNKNOWN]] \left([[OPEN]] p[[UNKNOWN]] ^{+}[[POSTSUPERSCRIPT]] ,[[PUNCT]] \{[[OPEN]] n[[UNKNOWN]] ^{i}[[POSTSUPERSCRIPT]] \}[[CLOSE]] \right)[[CLOSE]] e[[UNKNOWN]] ^{-i(x^{+}p^{-}+x^{-}p^{+})}[[POSTSUPERSCRIPT]]
	        > ⋅[[MULOP]]
Warning:not_parsed:SUMOP.POSTSUBSCRIPT.POSTSUPERSCRIPT>UNKNOWN MathParser failed to match rule 'Anything'
	at 0304191.tex; line 520 col 0 - line 524 col 3
	In "$\displaystyle\cdot\prod_{i=1}^{8}H_{n^{i}}\left(\sqrt{\omega}x^{i}\right)\exp%
	\left[-\frac{1}{2}\omega(x^{i})^{2}\right]\sqrt{\frac{\sqrt{\omega/\pi}}{2^{n^%
	{i}}\left(n^{i}\right)!}}\quad+h.c.$"
	⋅[[MULOP]] ∏[[SUMOP]] _{i=1}[[POSTSUBSCRIPT]] ^{8}[[POSTSUPERSCRIPT]]
	        > H[[UNKNOWN]] _{n^{i}}[[POSTSUBSCRIPT]] \left([[OPEN]] \sqrt{\omega}[[UNKNOWN]] x[[UNKNOWN]] ^{i}[[POSTSUPERSCRIPT]] \right)[[CLOSE]] exp[[OPFUNCTION]] \left[[[OPEN]] -[[ADDOP]] \frac{1}{2}[[UNKNOWN]] ω[[UNKNOWN]] ([[OPEN]] x[[UNKNOWN]] ^{i}[[POSTSUPERSCRIPT]] )[[CLOSE]] ^{2}[[POSTSUPERSCRIPT]] \right][[CLOSE]] \sqrt{\frac{\sqrt{\omega/\pi}}{2^{n^{i}}\left(n^{i}\right)!}}[[UNKNOWN]] $\displaystyle\cdot\prod_{i=1}^{8}H_{n^{i}}\left(\sqrt{\omega}x^{i}\right)\exp\left[-\frac{1}{2}\omega(x^{i})^{2}\right]\sqrt{\frac{\sqrt{\omega/\pi}}{2^{n^{i}}\left(n^{i}\right)!}}\quad+h.c.$[[PUNCT]] +[[ADDOP]] h[[UNKNOWN]] .[[PERIOD]] c[[UNKNOWN]]
Warning:not_parsed:CLOSE.POSTSUPERSCRIPT.CLOSE>CLOSE MathParser failed to match rule 'Superscript'
	at 0304191.tex; line 549 col 29 - line 549 col 29
	In "\begin{equation}I_{1}=\int_{0}^{\infty}\frac{dp^{+}}{2\pi}e^{-i\Delta x^{-}p^{%
	+}-i\Delta x^{+}\frac{m^{2}}{2p^{+}}}\prod_{i=1}^{8}\sum_{n^{i}}e^{-i\mu\Delta
	x%
	^{+}n^{i}}H_{n^{i}}(\sqrt{\omega}x^{i})H_{n^{i}}(\sqrt{\omega}y^{i})e^{-\frac{%
	1}{2}\omega\left((x^{i})^{2}+(y^{i})^{2})\right)}\frac{\sqrt{\omega/\pi}}{2^{n%
	^{i}}\left(n^{i}!\right)}\end{equation}"
	-[[ADDOP]] \frac{1}{2}[[UNKNOWN]] ω[[UNKNOWN]] \left([[OPEN]] ([[OPEN]] x[[UNKNOWN]] ^{i}[[POSTSUPERSCRIPT]] )[[CLOSE]] ^{2}[[POSTSUPERSCRIPT]] +[[ADDOP]] ([[OPEN]] y[[UNKNOWN]] ^{i}[[POSTSUPERSCRIPT]] )[[CLOSE]] ^{2}[[POSTSUPERSCRIPT]] )[[CLOSE]]
	        > \right)[[CLOSE]]
Warning:not_parsed:POSTSUBSCRIPT.POSTSUPERSCRIPT.ATOM>MULOP MathParser failed to match rule 'Anything'
	at 0304191.tex; line 564 col 1 - line 564 col 1
	In "$\displaystyle I_{1}=\int_{0}^{\infty}\frac{dp^{+}}{2\pi}e^{\Delta x^{-}p^{+}-%
	\Delta x^{+}\frac{m^{2}}{2p^{+}}}\prod_{i=1}^{8}\frac{\sqrt{\mu p^{+}/\pi}}{%
	\sqrt{1-e^{-2i\mu\Delta x^{+}}}}\cdot\cdot\exp\left\{\frac{\mu p^{+}}{2\sin%
	\left(\mu\Delta x^{+}\right)}\left[2x^{i}y^{i}-\left({x^{i}}^{2}+{y^{i}}^{2}%
	\right)\cos\left(\mu\Delta x^{+}\right)\right]\right\}.\@@ENDINLINEMATH"
	I[[UNKNOWN]] _{1}[[POSTSUBSCRIPT]] =[[RELOP]] ∫[[INTOP]] _{0}[[POSTSUBSCRIPT]] ^{\infty}[[POSTSUPERSCRIPT]] \frac{dp^{+}}{2\pi}[[UNKNOWN]] e[[UNKNOWN]] ^{\Deltax^{-}p^{+}-\Deltax^{+}\frac{m^{2}}{2p^{+}}}[[POSTSUPERSCRIPT]] ∏[[SUMOP]] _{i=1}[[POSTSUBSCRIPT]] ^{8}[[POSTSUPERSCRIPT]] \frac{\sqrt{\mup^{+}/\pi}}{\sqrt{1-e^{-2i\mu\Deltax^{+}}}}[[UNKNOWN]]
	        > ⋅[[MULOP]] ⋅[[MULOP]] exp[[OPFUNCTION]] \left\{[[OPEN]] \frac{\mup^{+}}{2\sin\left(\mu\Deltax^{+}\right)}[[UNKNOWN]] \left[[[OPEN]] 2[[NUMBER]] x[[UNKNOWN]] ^{i}[[POSTSUPERSCRIPT]] y[[UNKNOWN]] ^{i}[[POSTSUPERSCRIPT]] -[[ADDOP]] \left([[OPEN]] x[[UNKNOWN]] ^{i}[[POSTSUPERSCRIPT]] ^{2}[[POSTSUPERSCRIPT]] +[[ADDOP]] y[[UNKNOWN]] ^{i}[[POSTSUPERSCRIPT]] ^{2}[[POSTSUPERSCRIPT]] \right)[[CLOSE]] cos[[TRIGFUNCTION]] \left([[OPEN]] μ[[UNKNOWN]] Δ[[UNKNOWN]] x[[UNKNOWN]] ^{+}[[POSTSUPERSCRIPT]] \right)[[CLOSE]] \right][[CLOSE]] \right\}[[CLOSE]]
Warning:not_parsed:POSTSUBSCRIPT.POSTSUPERSCRIPT.ATOM>MULOP MathParser failed to match rule 'Anything'
	at 0304191.tex; line 564 col 12 - line 567 col 13
	In "$\displaystyle\int_{0}^{\infty}\frac{dp^{+}}{2\pi}e^{\Delta x^{-}p^{+}-\Delta x%
	^{+}\frac{m^{2}}{2p^{+}}}\prod_{i=1}^{8}\frac{\sqrt{\mu p^{+}/\pi}}{\sqrt{1-e^%
	{-2i\mu\Delta x^{+}}}}\cdot$"
	∫[[INTOP]] _{0}[[POSTSUBSCRIPT]] ^{\infty}[[POSTSUPERSCRIPT]] \frac{dp^{+}}{2\pi}[[UNKNOWN]] e[[UNKNOWN]] ^{\Deltax^{-}p^{+}-\Deltax^{+}\frac{m^{2}}{2p^{+}}}[[POSTSUPERSCRIPT]] ∏[[SUMOP]] _{i=1}[[POSTSUBSCRIPT]] ^{8}[[POSTSUPERSCRIPT]] \frac{\sqrt{\mup^{+}/\pi}}{\sqrt{1-e^{-2i\mu\Deltax^{+}}}}[[UNKNOWN]]
	        > ⋅[[MULOP]]
Warning:not_parsed:POSTSUBSCRIPT.POSTSUPERSCRIPT.ATOM>MULOP MathParser failed to match rule 'Anything'
	at 0304191.tex; line 721 col 1 - line 721 col 1
	In "$\displaystyle I_{1}:=\int_{0}^{\infty}\frac{dp^{+}}{2\pi}e^{-i\Delta x^{-}_{0%
	}p^{+}}\prod_{i}\prod_{l=0}^{\infty}\frac{\sqrt{\omega_{l}/\pi}}{\sqrt{1-e^{-i%
	\frac{2\Delta x^{+}\omega_{l}}{p^{+}}}}}\cdot\cdot\exp\left\{\frac{\omega_{l}}%
	{2i\sin\left(\frac{\Delta x^{+}\omega_{l}}{p^{+}}\right)}\left[2x^{i}_{l}y^{i}%
	_{l}-\left((x^{i}_{l})^{2}+(y^{i}_{l})^{2}\right)\cos\left(\frac{\Delta x^{+}%
	\omega_{l}}{p^{+}}\right)\right]\right\}\@@ENDINLINEMATH"
	I[[UNKNOWN]] _{1}[[POSTSUBSCRIPT]] :=[[RELOP]] ∫[[INTOP]] _{0}[[POSTSUBSCRIPT]] ^{\infty}[[POSTSUPERSCRIPT]] \frac{dp^{+}}{2\pi}[[UNKNOWN]] e[[UNKNOWN]] ^{-i\Deltax^{-}_{0}p^{+}}[[POSTSUPERSCRIPT]] ∏[[SUMOP]] _{i}[[POSTSUBSCRIPT]] ∏[[SUMOP]] _{l=0}[[POSTSUBSCRIPT]] ^{\infty}[[POSTSUPERSCRIPT]] \frac{\sqrt{\omega_{l}/\pi}}{\sqrt{1-e^{-i\frac{2\Deltax^{+}\omega_{l}}{p^{+}}}}}[[UNKNOWN]]
	        > ⋅[[MULOP]] ⋅[[MULOP]] exp[[OPFUNCTION]] \left\{[[OPEN]] \frac{\omega_{l}}{2i\sin\left(\frac{\Deltax^{+}\omega_{l}}{p^{+}}\right)}[[UNKNOWN]] \left[[[OPEN]] 2[[NUMBER]] x[[UNKNOWN]] ^{i}[[POSTSUPERSCRIPT]] _{l}[[POSTSUBSCRIPT]] y[[UNKNOWN]] ^{i}[[POSTSUPERSCRIPT]] _{l}[[POSTSUBSCRIPT]] -[[ADDOP]] \left([[OPEN]] ([[OPEN]] x[[UNKNOWN]] ^{i}[[POSTSUPERSCRIPT]] _{l}[[POSTSUBSCRIPT]] )[[CLOSE]] ^{2}[[POSTSUPERSCRIPT]] +[[ADDOP]] ([[OPEN]] y[[UNKNOWN]] ^{i}[[POSTSUPERSCRIPT]] _{l}[[POSTSUBSCRIPT]] )[[CLOSE]] ^{2}[[POSTSUPERSCRIPT]] \right)[[CLOSE]] cos[[TRIGFUNCTION]] \left([[OPEN]] \frac{\Deltax^{+}\omega_{l}}{p^{+}}[[UNKNOWN]] \right)[[CLOSE]] \right][[CLOSE]] \right\}[[CLOSE]]
Warning:not_parsed:POSTSUBSCRIPT.POSTSUPERSCRIPT.ATOM>MULOP MathParser failed to match rule 'Anything'
	at 0304191.tex; line 721 col 13 - line 725 col 1
	In "$\displaystyle\int_{0}^{\infty}\frac{dp^{+}}{2\pi}e^{-i\Delta x^{-}_{0}p^{+}}%
	\prod_{i}\prod_{l=0}^{\infty}\frac{\sqrt{\omega_{l}/\pi}}{\sqrt{1-e^{-i\frac{2%
	\Delta x^{+}\omega_{l}}{p^{+}}}}}\cdot$"
	∫[[INTOP]] _{0}[[POSTSUBSCRIPT]] ^{\infty}[[POSTSUPERSCRIPT]] \frac{dp^{+}}{2\pi}[[UNKNOWN]] e[[UNKNOWN]] ^{-i\Deltax^{-}_{0}p^{+}}[[POSTSUPERSCRIPT]] ∏[[SUMOP]] _{i}[[POSTSUBSCRIPT]] ∏[[SUMOP]] _{l=0}[[POSTSUBSCRIPT]] ^{\infty}[[POSTSUPERSCRIPT]] \frac{\sqrt{\omega_{l}/\pi}}{\sqrt{1-e^{-i\frac{2\Deltax^{+}\omega_{l}}{p^{+}}}}}[[UNKNOWN]]
	        > ⋅[[MULOP]]
Warning:not_parsed:POSTSUBSCRIPT.POSTSUPERSCRIPT.ATOM>MULOP MathParser failed to match rule 'Anything'
	at 0304191.tex; line 743 col 17 - line 743 col 17
	In "$\displaystyle I_{1}=\int_{0}^{\infty}\frac{dp^{+}}{2\pi}e^{\Delta x^{-}_{0}p^%
	{+}}\prod_{i}\prod_{l=0}^{\infty}\frac{\sqrt{\omega^{\prime}_{l}/\pi}}{\sqrt{1%
	-e^{-\frac{2\Delta x^{+}\omega_{l}^{\prime}}{p^{+}}}}}\cdot\cdot\exp\left\{%
	\frac{\omega_{l}^{\prime}}{2\sinh\left(\frac{\Delta x^{+}\omega_{l}^{\prime}}{%
	p^{+}}\right)}\left[2x^{i}_{l}y^{i}_{l}-\left((x^{i}_{l})^{2}+(y^{i}_{l})^{2}%
	\right)\cosh\left(\frac{\Delta x^{+}\omega_{l}^{\prime}}{p^{+}}\right)\right]%
	\right\},\@@ENDINLINEMATH"
	I[[UNKNOWN]] _{1}[[POSTSUBSCRIPT]] =[[RELOP]] ∫[[INTOP]] _{0}[[POSTSUBSCRIPT]] ^{\infty}[[POSTSUPERSCRIPT]] \frac{dp^{+}}{2\pi}[[UNKNOWN]] e[[UNKNOWN]] ^{\Deltax^{-}_{0}p^{+}}[[POSTSUPERSCRIPT]] ∏[[SUMOP]] _{i}[[POSTSUBSCRIPT]] ∏[[SUMOP]] _{l=0}[[POSTSUBSCRIPT]] ^{\infty}[[POSTSUPERSCRIPT]] \frac{\sqrt{\omega^{\prime}_{l}/\pi}}{\sqrt{1-e^{-\frac{2\Deltax^{+}\omega_{l}^{\prime}}{p^{+}}}}}[[UNKNOWN]]
	        > ⋅[[MULOP]] ⋅[[MULOP]] exp[[OPFUNCTION]] \left\{[[OPEN]] \frac{\omega_{l}^{\prime}}{2\sinh\left(\frac{\Deltax^{+}\omega_{l}^{\prime}}{p^{+}}\right)}[[UNKNOWN]] \left[[[OPEN]] 2[[NUMBER]] x[[UNKNOWN]] ^{i}[[POSTSUPERSCRIPT]] _{l}[[POSTSUBSCRIPT]] y[[UNKNOWN]] ^{i}[[POSTSUPERSCRIPT]] _{l}[[POSTSUBSCRIPT]] -[[ADDOP]] \left([[OPEN]] ([[OPEN]] x[[UNKNOWN]] ^{i}[[POSTSUPERSCRIPT]] _{l}[[POSTSUBSCRIPT]] )[[CLOSE]] ^{2}[[POSTSUPERSCRIPT]] +[[ADDOP]] ([[OPEN]] y[[UNKNOWN]] ^{i}[[POSTSUPERSCRIPT]] _{l}[[POSTSUBSCRIPT]] )[[CLOSE]] ^{2}[[POSTSUPERSCRIPT]] \right)[[CLOSE]] cosh[[TRIGFUNCTION]] \left([[OPEN]] \frac{\Deltax^{+}\omega_{l}^{\prime}}{p^{+}}[[UNKNOWN]] \right)[[CLOSE]] \right][[CLOSE]] \right\}[[CLOSE]]
Warning:not_parsed:POSTSUBSCRIPT.POSTSUPERSCRIPT.ATOM>MULOP MathParser failed to match rule 'Anything'
	at 0304191.tex; line 744 col 4 - line 746 col 7
	In "$\displaystyle\int_{0}^{\infty}\frac{dp^{+}}{2\pi}e^{\Delta x^{-}_{0}p^{+}}%
	\prod_{i}\prod_{l=0}^{\infty}\frac{\sqrt{\omega^{\prime}_{l}/\pi}}{\sqrt{1-e^{%
	-\frac{2\Delta x^{+}\omega_{l}^{\prime}}{p^{+}}}}}\cdot$"
	∫[[INTOP]] _{0}[[POSTSUBSCRIPT]] ^{\infty}[[POSTSUPERSCRIPT]] \frac{dp^{+}}{2\pi}[[UNKNOWN]] e[[UNKNOWN]] ^{\Deltax^{-}_{0}p^{+}}[[POSTSUPERSCRIPT]] ∏[[SUMOP]] _{i}[[POSTSUBSCRIPT]] ∏[[SUMOP]] _{l=0}[[POSTSUBSCRIPT]] ^{\infty}[[POSTSUPERSCRIPT]] \frac{\sqrt{\omega^{\prime}_{l}/\pi}}{\sqrt{1-e^{-\frac{2\Deltax^{+}\omega_{l}^{\prime}}{p^{+}}}}}[[UNKNOWN]]
	        > ⋅[[MULOP]]
 9.21 sec)
Math parsing succeeded:
   ltx:XMArg: 981/982
   ltx:XMath: 130/139
Symbols assumed as simple identifiers (with # of occurences):
   'A{italic}' (3), 'Delta' (78), 'H{italic}' (17), 'I{italic}' (33), 'L{caligraphic}' (1), 'Phi' (13), 'Pi' (2), 'P{italic}' (2), 'Z{italic}' (4), 'alpha' (1), 'a{italic}' (7), 'c{italic}' (5), 'delta' (10), 'd{italic}' (34), 'e{italic}' (33), 'h{italic}' (5), 'i{italic}' (46), 'l{italic}' (23), 'mu' (49), 'm{italic}' (12), 'n{italic}' (31), 'omega' (43), 'phi' (12), 'pi' (32), 'p{italic}' (98), 'q{italic}' (4), 'sigma' (19), 's{italic}' (3), 'tau' (1), 't{italic}' (1), 'varphi' (2), 'x{italic}' (228), 'y{italic}' (59)
Set MATHPARSER_SPECULATE to speculate on possible notations.
(Finalizing... 0.91 sec)
Conversion complete 10 warnings (See /home/user/latex-in-arxiv/0304191.latexml.log) (reqd. 21.54s)
