latexml (LaTeXML version 0.8.6) processing 2003/0304265.tex
(Digesting TeX 0304265...
(Loading /usr/share/perl5/LaTeXML/Package/TeX.pool.ltxml...
(Loading /usr/share/perl5/LaTeXML/Package/eTeX.pool.ltxml... 0.00 sec)
(Loading /usr/share/perl5/LaTeXML/Package/pdfTeX.pool.ltxml... 0.01 sec) 0.13 sec)
(Processing content /home/user/latex-in-arxiv/2003/0304265.tex...
(Loading /usr/share/perl5/LaTeXML/Package/LaTeX.pool.ltxml...
(Loading /usr/share/perl5/LaTeXML/Package/textcomp.sty.ltxml...
(Processing definitions /usr/share/texlive/texmf-dist/tex/latex-dev/base/ts1enc.dfu... 0.04 sec) 1.40 sec) 1.60 sec)
(Loading /usr/share/perl5/LaTeXML/Package/article.cls.ltxml... 0.01 sec) 4.09 sec) 4.25 sec)
(Building...
(Loading compiled schema /usr/share/perl5/LaTeXML/resources/RelaxNG/LaTeXML.model... 0.01 sec) 2.97 sec)
(Rewriting... 0.09 sec)
(Math Parsing 173 formulae ......
Warning:not_parsed:UNKNOWN.POSTSUBSCRIPT.UNKNOWN>RELOP MathParser failed to match rule 'Anything'
	at 0304265.tex; line 58 col 3 - line 58 col 65
	In "\begin{equation}\gamma^{\alpha}\,p_{\alpha}\,\Psi~{}=~{}\mathrel{\mathop{p\!\!%
	\!/}}\,\Psi~{}=~{}0\ ,\end{equation}"
	γ[[UNKNOWN]] ^{\alpha}[[POSTSUPERSCRIPT]] p[[UNKNOWN]] _{\alpha}[[POSTSUBSCRIPT]] Ψ[[UNKNOWN]]
	        > =[[RELOP]] \mathop{p\!\!\!/}[[RELOP]] Ψ[[UNKNOWN]] =[[RELOP]] 0[[NUMBER]]
Warning:not_parsed:PUNCT.UNKNOWN.POSTSUBSCRIPT>CLOSE MathParser failed to match rule 'Anything'
	at 0304265.tex; line 86 col 2 - line 86 col 2
	In "$\displaystyle\{\,F_{n}\,,\,F_{m}\,\}=2\,L_{n+m}\ ,\@@ENDINLINEMATH"
	{[[UNKNOWN]] F[[UNKNOWN]] _{n}[[POSTSUBSCRIPT]] ,[[PUNCT]] F[[UNKNOWN]] _{m}[[POSTSUBSCRIPT]]
	        > \}[[CLOSE]] =[[RELOP]] 2[[NUMBER]] L[[UNKNOWN]] _{n+m}[[POSTSUBSCRIPT]]
Warning:not_parsed:PUNCT.UNKNOWN.POSTSUBSCRIPT>CLOSE MathParser failed to match rule 'Anything'
	at 0304265.tex; line 86 col 2 - line 86 col 26
	In "$\displaystyle\{\,F_{n}\,,\,F_{m}\,\}$"
	{[[UNKNOWN]] F[[UNKNOWN]] _{n}[[POSTSUBSCRIPT]] ,[[PUNCT]] F[[UNKNOWN]] _{m}[[POSTSUBSCRIPT]]
	        > \}[[CLOSE]]
Warning:not_parsed:UNKNOWN.CLOSE.MULOP>CLOSE MathParser failed to match rule 'Superscript'
	at 0304265.tex; line 191 col 78 - line 191 col 78
	In "$\displaystyle T_{ij}=-i\sum_{s=1}^{4}\left\{\left(A^{[s]{\dagger}}_{i}A^{[s]}%
	_{j}-A^{[s]{\dagger}]}_{j}A^{[s]}_{i}\right)+\frac{1}{2}\,B^{[s]{\dagger}}\,%
	\gamma_{ij}B^{[s]}\right\}\ ,\@@ENDINLINEMATH"
	[[[OPEN]] s[[UNKNOWN]] ][[CLOSE]] †[[MULOP]]
	        > ][[CLOSE]]
Warning:not_parsed:UNKNOWN.CLOSE.MULOP>CLOSE MathParser failed to match rule 'Superscript'
	at 0304265.tex; line 191 col 78 - line 191 col 78
	In "$\displaystyle-i\sum_{s=1}^{4}\left\{\left(A^{[s]{\dagger}}_{i}A^{[s]}_{j}-A^{%
	[s]{\dagger}]}_{j}A^{[s]}_{i}\right)+\frac{1}{2}\,B^{[s]{\dagger}}\,\gamma_{ij%
	}B^{[s]}\right\}\ ,$"
	[[[OPEN]] s[[UNKNOWN]] ][[CLOSE]] †[[MULOP]]
	        > ][[CLOSE]]
 5.76 sec)
Math parsing succeeded:
   ltx:XMWrap: 0/4
   ltx:XMArg: 335/337
   ltx:XMath: 170/173
Symbols assumed as simple identifiers (with # of occurences):
   'A{italic}' (26), 'B{italic}' (17), 'Delta' (1), 'D{italic}' (2), 'E{italic}' (1), 'F{italic}' (36), 'Gamma' (8), 'H{italic}' (1), 'I{italic}' (27), 'L{italic}' (11), 'N{italic}' (4), 'O{italic}' (23), 'Phi' (1), 'Psi' (8), 'P{italic}' (5), 'S{italic}' (32), 'Tr' (1), 'T{italic}' (12), 'U{italic}' (5), 'V{italic}' (3), 'a{italic}' (50), 'beta' (1), 'b{italic}' (5), 'c{italic}' (8), 'delta' (4), 'd{italic}' (8), 'e{italic}' (1), 'f{italic}' (2), 'gamma' (9), 'h{italic}' (5), 'i{italic}' (13), 'j{italic}' (10), 'k{italic}' (5), 'lambda' (7), 'mu' (6), 'm{italic}' (10), 'nu' (4), 'n{italic}' (14), 'psi' (2), 'p{italic}' (7), 'q{italic}' (6), 'rho' (3), 'sgn' (2), 'sigma' (5), 's{italic}' (44), 'theta' (9), 'u{italic}' (5), 'y{italic}' (3), 'zeta' (5), '{' (4)
Set MATHPARSER_SPECULATE to speculate on possible notations.
(Finalizing... 0.52 sec)
Conversion complete 5 warnings (See /home/user/latex-in-arxiv/0304265.latexml.log) (reqd. 14.09s)
