latexml (LaTeXML version 0.8.6) processing 2003/0304161.tex
(Digesting TeX 0304161...
(Loading /usr/share/perl5/LaTeXML/Package/TeX.pool.ltxml...
(Loading /usr/share/perl5/LaTeXML/Package/eTeX.pool.ltxml... 0.01 sec)
(Loading /usr/share/perl5/LaTeXML/Package/pdfTeX.pool.ltxml... 0.01 sec) 0.21 sec)
(Processing content /home/user/latex-in-arxiv/2003/0304161.tex...
(Loading /usr/share/perl5/LaTeXML/Package/LaTeX.pool.ltxml...
(Loading /usr/share/perl5/LaTeXML/Package/textcomp.sty.ltxml...
(Processing definitions /usr/share/texlive/texmf-dist/tex/latex-dev/base/ts1enc.dfu... 0.05 sec) 1.62 sec) 1.92 sec)
(Loading /usr/share/perl5/LaTeXML/Package/revtex4.cls.ltxml...
(Loading /usr/share/perl5/LaTeXML/Package/article.cls.ltxml... 0.02 sec)
(Loading /usr/share/perl5/LaTeXML/Package/revtex4_support.sty.ltxml...
(Loading /usr/share/perl5/LaTeXML/Package/hyperref.sty.ltxml...
(Loading /usr/share/perl5/LaTeXML/Package/keyval.sty.ltxml...
(Processing definitions /usr/share/texlive/texmf-dist/tex/latex-dev/graphics/keyval.sty... 0.02 sec) 0.02 sec)
(Loading /usr/share/perl5/LaTeXML/Package/nameref.sty.ltxml... 0.00 sec)
(Loading /usr/share/perl5/LaTeXML/Package/url.sty.ltxml... 0.00 sec) 0.11 sec)
(Loading /usr/share/perl5/LaTeXML/Package/natbib.sty.ltxml... 0.03 sec)
(Loading /usr/share/perl5/LaTeXML/Package/revsymb.sty.ltxml... 0.00 sec)
(Loading /usr/share/perl5/LaTeXML/Package/longtable.sty.ltxml... 0.00 sec)
(Loading /usr/share/perl5/LaTeXML/Package/dcolumn.sty.ltxml...
(Loading /usr/share/perl5/LaTeXML/Package/array.sty.ltxml... 0.00 sec) 0.01 sec) 0.23 sec) 0.65 sec)
(Loading /usr/share/perl5/LaTeXML/Package/epsfig.sty.ltxml...
(Loading /usr/share/perl5/LaTeXML/Package/graphicx.sty.ltxml...
(Loading /usr/share/perl5/LaTeXML/Package/graphics.sty.ltxml... 0.01 sec) 0.02 sec) 0.06 sec)
Inline comments hidden.
 5.13 sec) 5.38 sec)
(Building...
(Loading compiled schema /usr/share/perl5/LaTeXML/resources/RelaxNG/LaTeXML.model... 0.01 sec) 3.90 sec)
(Rewriting... 0.11 sec)
(Math Parsing 254 formulae ......
Warning:uninitialized:value Use of uninitialized value value in string eq
	at at /usr/share/perl5/LaTeXML/MathParser.pm line 1368
 6.59 sec)
Math parsing succeeded:
   ltx:XMArg: 211/211
   ltx:XMath: 258/258
Symbols assumed as simple identifiers (with # of occurences):
   'C{italic}' (1), 'G{italic}' (7), 'H{italic}' (32), 'O{italic}' (20), 'R{italic}' (7), 'S{italic}' (11), 'T{italic}' (16), 'U{italic}' (66), 'Z{italic}' (8), 'alpha' (133), 'diag' (4), 'e{italic}' (2), 'f{italic}' (19), 'h{italic}' (118), 'i{italic}' (3), 'j{italic}' (1), 'phi' (21), 'pi' (77), 'varphi' (54), 'x{italic}' (13)
Set MATHPARSER_SPECULATE to speculate on possible notations.
(Finalizing... 0.59 sec)
Conversion complete 1 warning (See /home/user/latex-in-arxiv/0304161.latexml.log) (reqd. 17.13s)
