latexml (LaTeXML version 0.8.6) processing 2003/0304254.tex
(Digesting TeX 0304254...
(Loading /usr/share/perl5/LaTeXML/Package/TeX.pool.ltxml...
(Loading /usr/share/perl5/LaTeXML/Package/eTeX.pool.ltxml... 0.00 sec)
(Loading /usr/share/perl5/LaTeXML/Package/pdfTeX.pool.ltxml... 0.01 sec) 0.13 sec)
(Processing content /home/user/latex-in-arxiv/2003/0304254.tex...
(Loading /usr/share/perl5/LaTeXML/Package/LaTeX.pool.ltxml...
(Loading /usr/share/perl5/LaTeXML/Package/textcomp.sty.ltxml...
(Processing definitions /usr/share/texlive/texmf-dist/tex/latex-dev/base/ts1enc.dfu... 0.02 sec) 0.97 sec) 1.15 sec)
(Loading /usr/share/perl5/LaTeXML/Package/JHEP3.cls.ltxml...
(Loading /usr/share/perl5/LaTeXML/Package/JHEP.cls.ltxml...
(Loading /usr/share/perl5/LaTeXML/Package/article.cls.ltxml... 0.01 sec)
(Loading /usr/share/perl5/LaTeXML/Package/amssymb.sty.ltxml...
(Loading /usr/share/perl5/LaTeXML/Package/amsfonts.sty.ltxml... 0.00 sec) 0.02 sec)
(Loading /usr/share/perl5/LaTeXML/Package/floatflt.sty.ltxml... 0.01 sec) 0.07 sec) 0.07 sec)
(Loading /usr/share/perl5/LaTeXML/Package/amsmath.sty.ltxml...
(Loading /usr/share/perl5/LaTeXML/Package/amsbsy.sty.ltxml...
(Loading /usr/share/perl5/LaTeXML/Package/amsgen.sty.ltxml... 0.00 sec) 0.01 sec)
(Loading /usr/share/perl5/LaTeXML/Package/amstext.sty.ltxml... 0.00 sec)
(Loading /usr/share/perl5/LaTeXML/Package/amsopn.sty.ltxml... 0.01 sec) 0.04 sec)
(Loading /usr/share/perl5/LaTeXML/Package/amsthm.sty.ltxml... 0.00 sec) 7.01 sec) 7.20 sec)
(Building...
(Loading compiled schema /usr/share/perl5/LaTeXML/resources/RelaxNG/LaTeXML.model... 0.01 sec) 9.10 sec)
(Rewriting... 0.22 sec)
(Math Parsing 568 formulae ......
Warning:not_parsed:UNKNOWN.POSTSUPERSCRIPT.POSTSUBSCRIPT>RELOP MathParser failed to match rule 'Anything'
	at 0304254.tex; line 184 col 6 - line 184 col 6
	In "$\displaystyle L^{\rm m}_{m}=\frac{1}{k-2}\sum_{n}\eta_{ab}\stackrel{{%
	\scriptstyle\scriptscriptstyle\circ}}{{\scriptscriptstyle\circ}}J^{a}_{m-n}J^{%
	b}_{n}\stackrel{{\scriptstyle\scriptscriptstyle\circ}}{{\scriptscriptstyle%
	\circ}}=\frac{1}{k-2}\sum_{n}\stackrel{{\scriptstyle\scriptscriptstyle\circ}}{%
	{\scriptscriptstyle\circ}}\left\{\frac{1}{2}(J^{+}_{m-n}J^{-}_{n}+J^{-}_{m-n}J%
	^{+}_{n})-J^{3}_{m-n}J^{3}_{n}\right\}\stackrel{{\scriptstyle%
	\scriptscriptstyle\circ}}{{\scriptscriptstyle\circ}}\@@ENDINLINEMATH"
	L[[UNKNOWN]] ^{\rmm}[[POSTSUPERSCRIPT]] _{m}[[POSTSUBSCRIPT]] =[[RELOP]] \frac{1}{k-2}[[UNKNOWN]] ∑[[SUMOP]] _{n}[[POSTSUBSCRIPT]] η[[UNKNOWN]] _{ab}[[POSTSUBSCRIPT]] \stackrel{{\scriptstyle\scriptscriptstyle\circ}}{{\scriptscriptstyle\circ}}[[RELOP]] J[[UNKNOWN]] ^{a}[[POSTSUPERSCRIPT]] _{m-n}[[POSTSUBSCRIPT]] J[[UNKNOWN]] ^{b}[[POSTSUPERSCRIPT]] _{n}[[POSTSUBSCRIPT]]
	        > \stackrel{{\scriptstyle\scriptscriptstyle\circ}}{{\scriptscriptstyle\circ}}[[RELOP]] =[[RELOP]] \frac{1}{k-2}[[UNKNOWN]] ∑[[SUMOP]] _{n}[[POSTSUBSCRIPT]] \stackrel{{\scriptstyle\scriptscriptstyle\circ}}{{\scriptscriptstyle\circ}}[[RELOP]] \left\{[[OPEN]] \frac{1}{2}[[UNKNOWN]] ([[OPEN]] J[[UNKNOWN]] ^{+}[[POSTSUPERSCRIPT]] _{m-n}[[POSTSUBSCRIPT]] J[[UNKNOWN]] ^{-}[[POSTSUPERSCRIPT]] _{n}[[POSTSUBSCRIPT]] +[[ADDOP]] J[[UNKNOWN]] ^{-}[[POSTSUPERSCRIPT]] _{m-n}[[POSTSUBSCRIPT]] J[[UNKNOWN]] ^{+}[[POSTSUPERSCRIPT]] _{n}[[POSTSUBSCRIPT]] )[[CLOSE]] -[[ADDOP]] J[[UNKNOWN]] ^{3}[[POSTSUPERSCRIPT]] _{m-n}[[POSTSUBSCRIPT]] J[[UNKNOWN]] ^{3}[[POSTSUPERSCRIPT]] _{n}[[POSTSUBSCRIPT]] \right\}[[CLOSE]] \stackrel{{\scriptstyle\scriptscriptstyle\circ}}{{\scriptscriptstyle\circ}}[[RELOP]]
Warning:not_parsed:ATOM>OPEN MathParser failed to match rule 'Anything'
	at 0304254.tex; line 480 col 0 - line 486 col 14
	In "\begin{equation}\mbox{Fock}(\alpha^{0}_{-m},;k^{0})\cong{\cal V}(1,h^{\rm 0})%
	\quad\mbox{if $h^{\rm 0}=\alpha^{\prime}k^{2}<0$}\end{equation}"
	\mbox{Fock}[[UNKNOWN]]
	        > ([[OPEN]] α[[UNKNOWN]] ^{0}[[POSTSUPERSCRIPT]] _{-m}[[POSTSUBSCRIPT]] ,[[PUNCT]] ;[[PUNCT]] k[[UNKNOWN]] ^{0}[[POSTSUPERSCRIPT]] )[[CLOSE]] ≅[[RELOP]] V[[UNKNOWN]] ([[OPEN]] 1[[NUMBER]] ,[[PUNCT]] h[[UNKNOWN]] ^{\rm0}[[POSTSUPERSCRIPT]] )[[CLOSE]] \begin{equation}\mbox{Fock}(\alpha^{0}_{-m},;k^{0})\cong{\calV}(1,h^{\rm0})\quad\mbox{if $h^{\rm0}=\alpha^{\prime}k^{2}<0$}\end{equation}[[PUNCT]] \mbox{if $h^{\rm0}=\alpha^{\prime}k^{2}<0$}[[UNKNOWN]]
Warning:not_parsed:UNKNOWN.RELOP.NUMBER>CLOSE MathParser failed to match rule 'Anything'
	at 0304254.tex; line 964 col 1 - line 964 col 1
	In "$\displaystyle{\cal H}=\{\phi\in{\cal H}_{\rm total}:b_{0}\phi=0\},\@@ENDINLINEMATH"
	H[[UNKNOWN]] =[[RELOP]] {[[UNKNOWN]] ϕ[[UNKNOWN]] ∈[[RELOP]] H[[UNKNOWN]] _{\rmtotal}[[POSTSUBSCRIPT]] :[[METARELOP]] b[[UNKNOWN]] _{0}[[POSTSUBSCRIPT]] ϕ[[UNKNOWN]] =[[RELOP]] 0[[NUMBER]]
	        > \}[[CLOSE]]
Warning:not_parsed:UNKNOWN.RELOP.NUMBER>CLOSE MathParser failed to match rule 'Anything'
	at 0304254.tex; line 964 col 15 - line 965 col 4
	In "$\displaystyle\{\phi\in{\cal H}_{\rm total}:b_{0}\phi=0\},$"
	{[[UNKNOWN]] ϕ[[UNKNOWN]] ∈[[RELOP]] H[[UNKNOWN]] _{\rmtotal}[[POSTSUBSCRIPT]] :[[METARELOP]] b[[UNKNOWN]] _{0}[[POSTSUBSCRIPT]] ϕ[[UNKNOWN]] =[[RELOP]] 0[[NUMBER]]
	        > \}[[CLOSE]]
Warning:not_parsed:UNKNOWN.RELOP.NUMBER>CLOSE MathParser failed to match rule 'Anything'
	at 0304254.tex; line 965 col 4 - line 965 col 4
	In "$\displaystyle\hat{\cal H}=\{\phi\in{\cal H}_{\rm total}:b_{0}\phi=L_{0}\phi=0%
	\}.\@@ENDINLINEMATH"
	\hat{\calH}[[UNKNOWN]] =[[RELOP]] {[[UNKNOWN]] ϕ[[UNKNOWN]] ∈[[RELOP]] H[[UNKNOWN]] _{\rmtotal}[[POSTSUBSCRIPT]] :[[METARELOP]] b[[UNKNOWN]] _{0}[[POSTSUBSCRIPT]] ϕ[[UNKNOWN]] =[[RELOP]] L[[UNKNOWN]] _{0}[[POSTSUBSCRIPT]] ϕ[[UNKNOWN]] =[[RELOP]] 0[[NUMBER]]
	        > \}[[CLOSE]]
Warning:not_parsed:UNKNOWN.RELOP.NUMBER>CLOSE MathParser failed to match rule 'Anything'
	at 0304254.tex; line 965 col 19 - line 967 col 14
	In "$\displaystyle\{\phi\in{\cal H}_{\rm total}:b_{0}\phi=L_{0}\phi=0\}.$"
	{[[UNKNOWN]] ϕ[[UNKNOWN]] ∈[[RELOP]] H[[UNKNOWN]] _{\rmtotal}[[POSTSUBSCRIPT]] :[[METARELOP]] b[[UNKNOWN]] _{0}[[POSTSUBSCRIPT]] ϕ[[UNKNOWN]] =[[RELOP]] L[[UNKNOWN]] _{0}[[POSTSUBSCRIPT]] ϕ[[UNKNOWN]] =[[RELOP]] 0[[NUMBER]]
	        > \}[[CLOSE]]
 13.10 sec)
Math parsing succeeded:
   ltx:XMath: 566/572
   ltx:XMWrap: 62/62
   ltx:XMArg: 1229/1229
Symbols assumed as simple identifiers (with # of occurences):
   'A{italic}' (31), 'C{caligraphic}' (2), 'C{italic}' (20), 'D{caligraphic}' (5), 'E{caligraphic}' (1), 'FGZ' (2), 'F{caligraphic}' (1), 'H{caligraphic}' (25), 'IR' (24), 'J{italic}' (89), 'K{caligraphic}' (1), 'K{italic}' (27), 'L{italic}' (118), 'M{italic}' (16), 'N{italic}' (4), 'Q{italic}' (12), 'S{italic}' (50), 'U{italic}' (10), 'V{caligraphic}' (11), 'V{italic}' (3), 'X{italic}' (5), 'Z{bold}' (1), 'alpha' (30), 'a{italic}' (8), 'b{italic}' (18), 'chi' (3), 'c{italic}' (58), 'delta' (10), 'd{italic}' (69), 'epsilon' (2), 'eta' (17), 'e{italic}' (2), 'f{italic}' (1), 'h{italic}' (67), 'i{italic}' (5), 'j{italic}' (42), 'k{italic}' (44), 'l{italic}' (4), 'm{italic}' (70), 'n{italic}' (55), 'phi' (26), 'pi' (1), 'psi' (4), 'q{italic}' (53), 's{italic}' (9), 'tau' (12), 'w{italic}' (30), 'z{italic}' (1), '{' (8)
Set MATHPARSER_SPECULATE to speculate on possible notations.
(Finalizing... 1.37 sec)
Conversion complete 6 warnings (See /home/user/latex-in-arxiv/0304254.latexml.log) (reqd. 31.93s)
