latexml (LaTeXML version 0.8.6) processing 2003/0304163.tex
(Digesting TeX 0304163...
(Loading /usr/share/perl5/LaTeXML/Package/TeX.pool.ltxml...
(Loading /usr/share/perl5/LaTeXML/Package/eTeX.pool.ltxml... 0.01 sec)
(Loading /usr/share/perl5/LaTeXML/Package/pdfTeX.pool.ltxml... 0.01 sec) 0.18 sec)
(Processing content /home/user/latex-in-arxiv/2003/0304163.tex...
(Loading /usr/share/perl5/LaTeXML/Package/LaTeX.pool.ltxml...
(Loading /usr/share/perl5/LaTeXML/Package/textcomp.sty.ltxml...
(Processing definitions /usr/share/texlive/texmf-dist/tex/latex-dev/base/ts1enc.dfu... 0.03 sec) 1.46 sec) 1.73 sec)
(Loading /usr/share/perl5/LaTeXML/Package/article.cls.ltxml... 0.01 sec)
(Loading /usr/share/perl5/LaTeXML/Package/epsfig.sty.ltxml...
(Loading /usr/share/perl5/LaTeXML/Package/graphicx.sty.ltxml...
(Loading /usr/share/perl5/LaTeXML/Package/graphics.sty.ltxml... 0.01 sec) 0.02 sec) 0.04 sec)
(Loading /usr/share/perl5/LaTeXML/Package/amsfonts.sty.ltxml... 0.00 sec)
(Loading /usr/share/perl5/LaTeXML/Package/amsmath.sty.ltxml...
(Loading /usr/share/perl5/LaTeXML/Package/amsbsy.sty.ltxml...
(Loading /usr/share/perl5/LaTeXML/Package/amsgen.sty.ltxml... 0.00 sec) 0.01 sec)
(Loading /usr/share/perl5/LaTeXML/Package/amstext.sty.ltxml... 0.01 sec)
(Loading /usr/share/perl5/LaTeXML/Package/amsopn.sty.ltxml... 0.01 sec) 0.06 sec)
(Loading /usr/share/perl5/LaTeXML/Package/amssymb.sty.ltxml... 0.02 sec)
Info:unexpected:titlepage When using titlepage, Frontmatter will not be well-structured
	at 0304163.tex; line 43 col 0 - line 43 col 17
 8.45 sec) 8.67 sec)
(Building...
(Loading compiled schema /usr/share/perl5/LaTeXML/resources/RelaxNG/LaTeXML.model... 0.01 sec) 8.72 sec)
(Rewriting... 0.29 sec)
(Math Parsing 671 formulae ......
Warning:not_parsed:ADDOP.UNKNOWN.POSTSUPERSCRIPT>CLOSE MathParser failed to match rule 'Anything'
	at 0304163.tex; line 274 col 2 - line 274 col 2
	In "$\displaystyle(n^{2}-1)\,t_{n}+\lambda^{1-2n^{2}/3}\biggr{[}2\,t_{0}\,t_{n}+%
	\frac{1}{2}\sum_{k=1}^{n-1}\lambda^{-2k(k-n)/3}\,t_{k}\,t_{n-k}\@@ENDINLINEMATH"
	([[OPEN]] n[[UNKNOWN]] ^{2}[[POSTSUPERSCRIPT]] -[[ADDOP]] 1[[NUMBER]] )[[CLOSE]] t[[UNKNOWN]] _{n}[[POSTSUBSCRIPT]] +[[ADDOP]] λ[[UNKNOWN]] ^{1-2n^{2}/3}[[POSTSUPERSCRIPT]]
	        > [[[CLOSE]] 2[[NUMBER]] t[[UNKNOWN]] _{0}[[POSTSUBSCRIPT]] t[[UNKNOWN]] _{n}[[POSTSUBSCRIPT]] +[[ADDOP]] \frac{1}{2}[[UNKNOWN]] ∑[[SUMOP]] _{k=1}[[POSTSUBSCRIPT]] ^{n-1}[[POSTSUPERSCRIPT]] λ[[UNKNOWN]] ^{-2k(k-n)/3}[[POSTSUPERSCRIPT]] t[[UNKNOWN]] _{k}[[POSTSUBSCRIPT]] t[[UNKNOWN]] _{n-k}[[POSTSUBSCRIPT]]
Warning:not_parsed:ADDOP.UNKNOWN.POSTSUPERSCRIPT>CLOSE MathParser failed to match rule 'Anything'
	at 0304163.tex; line 274 col 2 - line 276 col 6
	In "$\displaystyle(n^{2}-1)\,t_{n}+\lambda^{1-2n^{2}/3}\biggr{[}2\,t_{0}\,t_{n}+%
	\frac{1}{2}\sum_{k=1}^{n-1}\lambda^{-2k(k-n)/3}\,t_{k}\,t_{n-k}$"
	([[OPEN]] n[[UNKNOWN]] ^{2}[[POSTSUPERSCRIPT]] -[[ADDOP]] 1[[NUMBER]] )[[CLOSE]] t[[UNKNOWN]] _{n}[[POSTSUBSCRIPT]] +[[ADDOP]] λ[[UNKNOWN]] ^{1-2n^{2}/3}[[POSTSUPERSCRIPT]]
	        > [[[CLOSE]] 2[[NUMBER]] t[[UNKNOWN]] _{0}[[POSTSUBSCRIPT]] t[[UNKNOWN]] _{n}[[POSTSUBSCRIPT]] +[[ADDOP]] \frac{1}{2}[[UNKNOWN]] ∑[[SUMOP]] _{k=1}[[POSTSUBSCRIPT]] ^{n-1}[[POSTSUPERSCRIPT]] λ[[UNKNOWN]] ^{-2k(k-n)/3}[[POSTSUPERSCRIPT]] t[[UNKNOWN]] _{k}[[POSTSUBSCRIPT]] t[[UNKNOWN]] _{n-k}[[POSTSUBSCRIPT]]
Warning:not_parsed:POSTSUBSCRIPT.UNKNOWN.POSTSUBSCRIPT>CLOSE MathParser failed to match rule 'Anything'
	at 0304163.tex; line 277 col 8 - line 277 col 8
	In "$\displaystyle\hskip 170.716535pt+\sum_{k=1}^{\infty}\lambda^{-2k(k+n)/3}\,t_{%
	k}\,t_{n+k}\biggr{]}=0\quad(n\geq 2),\@@ENDINLINEMATH"
	+[[ADDOP]] ∑[[SUMOP]] _{k=1}[[POSTSUBSCRIPT]] ^{\infty}[[POSTSUPERSCRIPT]] λ[[UNKNOWN]] ^{-2k(k+n)/3}[[POSTSUPERSCRIPT]] t[[UNKNOWN]] _{k}[[POSTSUBSCRIPT]] t[[UNKNOWN]] _{n+k}[[POSTSUBSCRIPT]]
	        > ][[CLOSE]] =[[RELOP]] 0[[NUMBER]] $\displaystyle\hskip170.716535pt+\sum_{k=1}^{\infty}\lambda^{-2k(k+n)/3}\,t_{k}\,t_{n+k}\biggr{]}=0\quad(n\geq2),\@@ENDINLINEMATH[[PUNCT]] ([[OPEN]] n[[UNKNOWN]] ≥[[RELOP]] 2[[NUMBER]] )[[CLOSE]]
Warning:not_parsed:POSTSUBSCRIPT.UNKNOWN.POSTSUBSCRIPT>CLOSE MathParser failed to match rule 'Anything'
	at 0304163.tex; line 277 col 8 - line 281 col 11
	In "$\displaystyle\hskip 170.716535pt+\sum_{k=1}^{\infty}\lambda^{-2k(k+n)/3}\,t_{%
	k}\,t_{n+k}\biggr{]}=0\quad(n\geq 2),$"
	+[[ADDOP]] ∑[[SUMOP]] _{k=1}[[POSTSUBSCRIPT]] ^{\infty}[[POSTSUPERSCRIPT]] λ[[UNKNOWN]] ^{-2k(k+n)/3}[[POSTSUPERSCRIPT]] t[[UNKNOWN]] _{k}[[POSTSUBSCRIPT]] t[[UNKNOWN]] _{n+k}[[POSTSUBSCRIPT]]
	        > ][[CLOSE]] =[[RELOP]] 0[[NUMBER]] $\displaystyle\hskip170.716535pt+\sum_{k=1}^{\infty}\lambda^{-2k(k+n)/3}\,t_{k}\,t_{n+k}\biggr{]}=0\quad(n\geq2),$[[PUNCT]] ([[OPEN]] n[[UNKNOWN]] ≥[[RELOP]] 2[[NUMBER]] )[[CLOSE]]
Warning:not_parsed:SUMOP.POSTSUBSCRIPT.POSTSUPERSCRIPT>CLOSE MathParser failed to match rule 'Anything'
	at 0304163.tex; line 741 col 0 - line 741 col 2
	In "$\displaystyle=\prod_{k=0}^{m-a-1}\biggr{(}\frac{1}{(2^{m+1-k}-2^{m-a-k})^{2}-%
	1}\biggr{)}^{2^{k}}\bigr{(}g_{2^{a+1}-1}\bigr{)}^{2^{m-a}},\@@ENDINLINEMATH"
	=[[RELOP]] ∏[[SUMOP]] _{k=0}[[POSTSUBSCRIPT]] ^{m-a-1}[[POSTSUPERSCRIPT]]
	        > ([[CLOSE]] \frac{1}{(2^{m+1-k}-2^{m-a-k})^{2}-1}[[UNKNOWN]] )[[CLOSE]] ^{2^{k}}[[POSTSUPERSCRIPT]] ([[CLOSE]] g[[UNKNOWN]] _{2^{a+1}-1}[[POSTSUBSCRIPT]] )[[CLOSE]] ^{2^{m-a}}[[POSTSUPERSCRIPT]]
Warning:not_parsed:SUMOP.POSTSUBSCRIPT.POSTSUPERSCRIPT>CLOSE MathParser failed to match rule 'Anything'
	at 0304163.tex; line 741 col 0 - line 746 col 11
	In "$\displaystyle=\prod_{k=0}^{m-a-1}\biggr{(}\frac{1}{(2^{m+1-k}-2^{m-a-k})^{2}-%
	1}\biggr{)}^{2^{k}}\bigr{(}g_{2^{a+1}-1}\bigr{)}^{2^{m-a}},$"
	=[[RELOP]] ∏[[SUMOP]] _{k=0}[[POSTSUBSCRIPT]] ^{m-a-1}[[POSTSUPERSCRIPT]]
	        > ([[CLOSE]] \frac{1}{(2^{m+1-k}-2^{m-a-k})^{2}-1}[[UNKNOWN]] )[[CLOSE]] ^{2^{k}}[[POSTSUPERSCRIPT]] ([[CLOSE]] g[[UNKNOWN]] _{2^{a+1}-1}[[POSTSUBSCRIPT]] )[[CLOSE]] ^{2^{m-a}}[[POSTSUPERSCRIPT]]
Warning:not_parsed:RELOP.ADDOP.ATOM>CLOSE MathParser failed to match rule 'Anything'
	at 0304163.tex; line 869 col 0 - line 874 col 3
	In "\begin{equation}t_{n=2^{m}(2-2^{-a})}=-\frac{32}{\lambda}\biggr{(}-\frac{%
	\lambda^{2}}{2G_{a}}\,t_{1}\biggr{)}^{n}\lambda^{-n^{2}}\left(n^{2}-\frac{1}{7%
	}+{\cal O}(n^{-2})\right).\end{equation}"
	t[[UNKNOWN]] _{n=2^{m}(2-2^{-a})}[[POSTSUBSCRIPT]] =[[RELOP]] -[[ADDOP]] \frac{32}{\lambda}[[UNKNOWN]]
	        > ([[CLOSE]] -[[ADDOP]] \frac{\lambda^{2}}{2G_{a}}[[UNKNOWN]] t[[UNKNOWN]] _{1}[[POSTSUBSCRIPT]] )[[CLOSE]] ^{n}[[POSTSUPERSCRIPT]] λ[[UNKNOWN]] ^{-n^{2}}[[POSTSUPERSCRIPT]] \left([[OPEN]] n[[UNKNOWN]] ^{2}[[POSTSUPERSCRIPT]] -[[ADDOP]] \frac{1}{7}[[UNKNOWN]] +[[ADDOP]] O[[UNKNOWN]] ([[OPEN]] n[[UNKNOWN]] ^{-2}[[POSTSUPERSCRIPT]] )[[CLOSE]] \right)[[CLOSE]]
Warning:not_parsed:POSTSUPERSCRIPT.CLOSE.CLOSE>CLOSE MathParser failed to match rule 'Anything'
	at 0304163.tex; line 894 col 5 - line 894 col 5
	In "$\displaystyle\widehat{t}_{n}=\frac{32}{\lambda}\left(n^{2}-\frac{1}{7}+{\cal O%
	}(n^{-2})\right)\biggr{(}\frac{\overline{G}}{G_{a}}\biggr{)}^{n},\@@ENDINLINEMATH"
	\widehat{t}[[UNKNOWN]] _{n}[[POSTSUBSCRIPT]] =[[RELOP]] \frac{32}{\lambda}[[UNKNOWN]] \left([[OPEN]] n[[UNKNOWN]] ^{2}[[POSTSUPERSCRIPT]] -[[ADDOP]] \frac{1}{7}[[UNKNOWN]] +[[ADDOP]] O[[UNKNOWN]] ([[OPEN]] n[[UNKNOWN]] ^{-2}[[POSTSUPERSCRIPT]] )[[CLOSE]] \right)[[CLOSE]]
	        > ([[CLOSE]] \frac{\overline{G}}{G_{a}}[[UNKNOWN]] )[[CLOSE]] ^{n}[[POSTSUPERSCRIPT]]
Warning:not_parsed:POSTSUPERSCRIPT.CLOSE.CLOSE>CLOSE MathParser failed to match rule 'Anything'
	at 0304163.tex; line 894 col 10 - line 898 col 11
	In "$\displaystyle=\frac{32}{\lambda}\left(n^{2}-\frac{1}{7}+{\cal O}(n^{-2})%
	\right)\biggr{(}\frac{\overline{G}}{G_{a}}\biggr{)}^{n},$"
	=[[RELOP]] \frac{32}{\lambda}[[UNKNOWN]] \left([[OPEN]] n[[UNKNOWN]] ^{2}[[POSTSUPERSCRIPT]] -[[ADDOP]] \frac{1}{7}[[UNKNOWN]] +[[ADDOP]] O[[UNKNOWN]] ([[OPEN]] n[[UNKNOWN]] ^{-2}[[POSTSUPERSCRIPT]] )[[CLOSE]] \right)[[CLOSE]]
	        > ([[CLOSE]] \frac{\overline{G}}{G_{a}}[[UNKNOWN]] )[[CLOSE]] ^{n}[[POSTSUPERSCRIPT]]
Warning:not_parsed:SUMOP.POSTSUBSCRIPT.POSTSUPERSCRIPT>CLOSE MathParser failed to match rule 'Anything'
	at 0304163.tex; line 1074 col 1 - line 1074 col 1
	In "$\displaystyle g_{n=2^{m}(2-2^{-a})}=\prod_{k=0}^{m-a-1}\biggr{(}\frac{1}{(2^{%
	m+1-k}-2^{m-a-k})^{2}-1}\biggr{)}^{2^{k}}\cdot\biggr{(}\prod_{q=0}^{a-1}\frac{%
	\eta}{(2^{a-q+1}-1)^{2}-1}\biggr{)}^{2^{m-a}}\@@ENDINLINEMATH"
	g[[UNKNOWN]] _{n=2^{m}(2-2^{-a})}[[POSTSUBSCRIPT]] =[[RELOP]] ∏[[SUMOP]] _{k=0}[[POSTSUBSCRIPT]] ^{m-a-1}[[POSTSUPERSCRIPT]]
	        > ([[CLOSE]] \frac{1}{(2^{m+1-k}-2^{m-a-k})^{2}-1}[[UNKNOWN]] )[[CLOSE]] ^{2^{k}}[[POSTSUPERSCRIPT]] ⋅[[MULOP]] ([[CLOSE]] ∏[[SUMOP]] _{q=0}[[POSTSUBSCRIPT]] ^{a-1}[[POSTSUPERSCRIPT]] \frac{\eta}{(2^{a-q+1}-1)^{2}-1}[[UNKNOWN]] )[[CLOSE]] ^{2^{m-a}}[[POSTSUPERSCRIPT]]
Warning:not_parsed:SUMOP.POSTSUBSCRIPT.POSTSUPERSCRIPT>CLOSE MathParser failed to match rule 'Anything'
	at 0304163.tex; line 1074 col 0 - line 1078 col 6
	In "$\displaystyle=\prod_{k=0}^{m-a-1}\biggr{(}\frac{1}{(2^{m+1-k}-2^{m-a-k})^{2}-%
	1}\biggr{)}^{2^{k}}\cdot\biggr{(}\prod_{q=0}^{a-1}\frac{\eta}{(2^{a-q+1}-1)^{2%
	}-1}\biggr{)}^{2^{m-a}}$"
	=[[RELOP]] ∏[[SUMOP]] _{k=0}[[POSTSUBSCRIPT]] ^{m-a-1}[[POSTSUPERSCRIPT]]
	        > ([[CLOSE]] \frac{1}{(2^{m+1-k}-2^{m-a-k})^{2}-1}[[UNKNOWN]] )[[CLOSE]] ^{2^{k}}[[POSTSUPERSCRIPT]] ⋅[[MULOP]] ([[CLOSE]] ∏[[SUMOP]] _{q=0}[[POSTSUBSCRIPT]] ^{a-1}[[POSTSUPERSCRIPT]] \frac{\eta}{(2^{a-q+1}-1)^{2}-1}[[UNKNOWN]] )[[CLOSE]] ^{2^{m-a}}[[POSTSUPERSCRIPT]]
Warning:not_parsed:MULOP>CLOSE MathParser failed to match rule 'Anything'
	at 0304163.tex; line 1079 col 8 - line 1079 col 8
	In "$\displaystyle\hskip 56.905512pt\times\biggr{(}\prod_{\ell=0}^{a}\prod_{p=0}^{%
	a-\ell-1}\left[\frac{1}{(2^{a-\ell-p})^{2}-1}\right]^{2^{p}}\biggr{)}^{2^{m-a}%
	}\left(g_{1}\right)^{n},\@@ENDINLINEMATH"
	×[[MULOP]]
	        > ([[CLOSE]] ∏[[SUMOP]] _{\ell=0}[[POSTSUBSCRIPT]] ^{a}[[POSTSUPERSCRIPT]] ∏[[SUMOP]] _{p=0}[[POSTSUBSCRIPT]] ^{a-\ell-1}[[POSTSUPERSCRIPT]] \left[[[OPEN]] \frac{1}{(2^{a-\ell-p})^{2}-1}[[UNKNOWN]] \right][[CLOSE]] ^{2^{p}}[[POSTSUPERSCRIPT]] )[[CLOSE]] ^{2^{m-a}}[[POSTSUPERSCRIPT]] \left([[OPEN]] g[[UNKNOWN]] _{1}[[POSTSUBSCRIPT]] \right)[[CLOSE]] ^{n}[[POSTSUPERSCRIPT]]
Warning:not_parsed:MULOP>CLOSE MathParser failed to match rule 'Anything'
	at 0304163.tex; line 1079 col 8 - line 1085 col 11
	In "$\displaystyle\hskip 56.905512pt\times\biggr{(}\prod_{\ell=0}^{a}\prod_{p=0}^{%
	a-\ell-1}\left[\frac{1}{(2^{a-\ell-p})^{2}-1}\right]^{2^{p}}\biggr{)}^{2^{m-a}%
	}\left(g_{1}\right)^{n},$"
	×[[MULOP]]
	        > ([[CLOSE]] ∏[[SUMOP]] _{\ell=0}[[POSTSUBSCRIPT]] ^{a}[[POSTSUPERSCRIPT]] ∏[[SUMOP]] _{p=0}[[POSTSUBSCRIPT]] ^{a-\ell-1}[[POSTSUPERSCRIPT]] \left[[[OPEN]] \frac{1}{(2^{a-\ell-p})^{2}-1}[[UNKNOWN]] \right][[CLOSE]] ^{2^{p}}[[POSTSUPERSCRIPT]] )[[CLOSE]] ^{2^{m-a}}[[POSTSUPERSCRIPT]] \left([[OPEN]] g[[UNKNOWN]] _{1}[[POSTSUBSCRIPT]] \right)[[CLOSE]] ^{n}[[POSTSUPERSCRIPT]]
Warning:not_parsed:SUMOP.POSTSUBSCRIPT.POSTSUPERSCRIPT>CLOSE MathParser failed to match rule 'Anything'
	at 0304163.tex; line 1089 col 0 - line 1095 col 3
	In "\begin{equation}\prod_{k=0}^{m-a-1}\biggr{(}\frac{1}{(2^{m+1-k}-2^{m-a-k})^{2}%
	-1}\biggr{)}^{2^{k}}=\prod_{k=0}^{m-a-1}\left(n^{2}\,2^{-2k}\right)^{-2^{k}}%
	\prod_{\ell=0}^{m-a-1}\left(1-n^{-2}2^{2\ell}\right)^{-2^{\ell}}.\end{equation}"
	∏[[SUMOP]] _{k=0}[[POSTSUBSCRIPT]] ^{m-a-1}[[POSTSUPERSCRIPT]]
	        > ([[CLOSE]] \frac{1}{(2^{m+1-k}-2^{m-a-k})^{2}-1}[[UNKNOWN]] )[[CLOSE]] ^{2^{k}}[[POSTSUPERSCRIPT]] =[[RELOP]] ∏[[SUMOP]] _{k=0}[[POSTSUBSCRIPT]] ^{m-a-1}[[POSTSUPERSCRIPT]] \left([[OPEN]] n[[UNKNOWN]] ^{2}[[POSTSUPERSCRIPT]]  2[[NUMBER]] ^{-2k}[[POSTSUPERSCRIPT]] \right)[[CLOSE]] ^{-2^{k}}[[POSTSUPERSCRIPT]] ∏[[SUMOP]] _{\ell=0}[[POSTSUBSCRIPT]] ^{m-a-1}[[POSTSUPERSCRIPT]] \left([[OPEN]] 1[[NUMBER]] -[[ADDOP]] n[[UNKNOWN]] ^{-2}[[POSTSUPERSCRIPT]] 2[[NUMBER]] ^{2\ell}[[POSTSUPERSCRIPT]] \right)[[CLOSE]] ^{-2^{\ell}}[[POSTSUPERSCRIPT]]
 11.14 sec)
Math parsing succeeded:
   ltx:XMArg: 1401/1401
   ltx:XMWrap: 0/1
   ltx:XMath: 657/671
Symbols assumed as simple identifiers (with # of occurences):
   'A{italic}' (10), 'Box' (3), 'G{bold italic}' (2), 'G{italic}' (27), 'M{italic}' (2), 'N{italic}' (20), 'O{caligraphic}' (11), 'Phi' (7), 'Q{italic}' (2), 'S{italic}' (11), 'T{italic}' (15), 'X{italic}' (2), 'Y{italic}' (11), 'Z{italic}' (11), 'alpha' (9), 'a{italic}' (98), 'beta' (52), 'b{italic}' (29), 'chi' (6), 'c{italic}' (19), 'd{italic}' (1), 'ell' (28), 'eta' (11), 'e{italic}' (20), 'f{italic}' (2), 'g{bold italic}' (2), 'g{italic}' (58), 'i{italic}' (2), 'k{italic}' (93), 'lambda' (90), 'm{italic}' (54), 'n{bold italic}' (2), 'n{italic}' (213), 'phi' (3), 'p{italic}' (45), 'q{italic}' (10), 't{bold italic}' (8), 't{italic}' (294), 'u{italic}' (4), 'varphi' (5), 'v{italic}' (4), 'w{italic}' (4), 'xi' (29), 'x{bold italic}' (1), 'x{italic}' (88)
Set MATHPARSER_SPECULATE to speculate on possible notations.
(Finalizing... 0.94 sec)
Conversion complete 14 warnings (See /home/user/latex-in-arxiv/0304163.latexml.log) (reqd. 30.47s)
