latexml (LaTeXML version 0.8.6) processing 2003/0304066.tex
(Digesting TeX 0304066...
(Loading /usr/share/perl5/LaTeXML/Package/TeX.pool.ltxml...
(Loading /usr/share/perl5/LaTeXML/Package/eTeX.pool.ltxml... 0.01 sec)
(Loading /usr/share/perl5/LaTeXML/Package/pdfTeX.pool.ltxml... 0.02 sec) 0.38 sec)
(Processing content /home/user/latex-in-arxiv/2003/0304066.tex...
(Loading /usr/share/perl5/LaTeXML/Package/LaTeX.pool.ltxml...
(Loading /usr/share/perl5/LaTeXML/Package/textcomp.sty.ltxml...
(Processing definitions /usr/share/texlive/texmf-dist/tex/latex-dev/base/ts1enc.dfu... 0.06 sec) 2.92 sec) 3.47 sec)
Info:unexpected:\documentstyle Entering LaTeX 2.09 Compatibility mode
	at 0304066.tex; line 126 col 14 - line 126 col 14
(Loading /usr/share/perl5/LaTeXML/Package/article.cls.ltxml... 0.02 sec)
(Loading /usr/share/perl5/LaTeXML/Package/revtex.sty.ltxml...
(Loading /usr/share/perl5/LaTeXML/Package/natbib.sty.ltxml... 0.03 sec)
(Loading /usr/share/perl5/LaTeXML/Package/revtex3_support.sty.ltxml...
(Loading /usr/share/perl5/LaTeXML/Package/revtex4_support.sty.ltxml...
(Loading /usr/share/perl5/LaTeXML/Package/hyperref.sty.ltxml...
(Loading /usr/share/perl5/LaTeXML/Package/keyval.sty.ltxml...
(Processing definitions /usr/share/texlive/texmf-dist/tex/latex-dev/graphics/keyval.sty... 0.02 sec) 0.02 sec)
(Loading /usr/share/perl5/LaTeXML/Package/nameref.sty.ltxml... 0.00 sec)
(Loading /usr/share/perl5/LaTeXML/Package/url.sty.ltxml... 0.00 sec) 0.10 sec)
(Loading /usr/share/perl5/LaTeXML/Package/revsymb.sty.ltxml... 0.00 sec)
(Loading /usr/share/perl5/LaTeXML/Package/longtable.sty.ltxml... 0.00 sec)
(Loading /usr/share/perl5/LaTeXML/Package/dcolumn.sty.ltxml...
(Loading /usr/share/perl5/LaTeXML/Package/array.sty.ltxml... 0.00 sec) 0.01 sec) 0.17 sec) 0.18 sec) 0.22 sec)
Info:unexpected:prl Unexpected option 'prl' passed to revtex.cls
	at 0304066.tex; line 127 col 0 - line 127 col 1
Info:unexpected:aps Unexpected option 'aps' passed to revtex.cls
	at 0304066.tex; line 127 col 0 - line 127 col 1
Info:note:OmniBus Loading OmniBus class to attempt to cover missing options
	at 0304066.tex; line 127 col 0 - line 127 col 1
(Loading /usr/share/perl5/LaTeXML/Package/OmniBus.cls.ltxml...
(Loading /usr/share/perl5/LaTeXML/Package/inst_support.sty.ltxml... 0.00 sec)
(Loading /usr/share/perl5/LaTeXML/Package/epsf.sty.ltxml... 0.01 sec)
(Loading /usr/share/perl5/LaTeXML/Package/graphicx.sty.ltxml...
(Loading /usr/share/perl5/LaTeXML/Package/graphics.sty.ltxml... 0.01 sec) 0.03 sec)
(Loading /usr/share/perl5/LaTeXML/Package/aas_macros.sty.ltxml... 0.00 sec) 0.07 sec) 7.20 sec) 7.61 sec)
(Building...
(Loading compiled schema /usr/share/perl5/LaTeXML/resources/RelaxNG/LaTeXML.model... 0.01 sec) 3.50 sec)
(Rewriting... 0.08 sec)
(Math Parsing 159 formulae ......
Warning:not_parsed:MULOP.INTOP>ATOM MathParser failed to match rule 'Anything'
	at 0304066.tex; line 462 col 13 - line 462 col 13
	In "$\displaystyle\qquad\qquad\times\int{d^{3}q\over(2\pi)^{3}}\;e^{i{\bf q}\cdot{%
	{\bf r}}}\,\,\log\left[1+{{\bf q}^{2}\over m^{2}}\,\zeta(1-\zeta)\right]\@@ENDINLINEMATH"
	×[[MULOP]] ∫[[INTOP]]
	        > d^{3}q\over(2\pi)^{3}[[UNKNOWN]] e[[UNKNOWN]] ^{i{\bfq}\cdot{{\bfr}}}[[POSTSUPERSCRIPT]] log[[OPFUNCTION]] \left[[[OPEN]] 1[[NUMBER]] +[[ADDOP]] {\bfq}^{2}\overm^{2}[[UNKNOWN]] ζ[[UNKNOWN]] ([[OPEN]] 1[[NUMBER]] -[[ADDOP]] ζ[[UNKNOWN]] )[[CLOSE]] \right][[CLOSE]]
Warning:not_parsed:MULOP.INTOP>ATOM MathParser failed to match rule 'Anything'
	at 0304066.tex; line 462 col 13 - line 465 col 5
	In "$\displaystyle\qquad\qquad\times\int{d^{3}q\over(2\pi)^{3}}\;e^{i{\bf q}\cdot{%
	{\bf r}}}\,\,\log\left[1+{{\bf q}^{2}\over m^{2}}\,\zeta(1-\zeta)\right]$"
	×[[MULOP]] ∫[[INTOP]]
	        > d^{3}q\over(2\pi)^{3}[[UNKNOWN]] e[[UNKNOWN]] ^{i{\bfq}\cdot{{\bfr}}}[[POSTSUPERSCRIPT]] log[[OPFUNCTION]] \left[[[OPEN]] 1[[NUMBER]] +[[ADDOP]] {\bfq}^{2}\overm^{2}[[UNKNOWN]] ζ[[UNKNOWN]] ([[OPEN]] 1[[NUMBER]] -[[ADDOP]] ζ[[UNKNOWN]] )[[CLOSE]] \right][[CLOSE]]
Warning:not_parsed:CLOSE.RELOP.UNKNOWN>OPEN MathParser failed to match rule 'Anything'
	at 0304066.tex; line 503 col 8 - line 503 col 8
	In "$\displaystyle\rho(z)=\sigma\left\{(1+N)\,\delta_{+}(z)+{2\,\alpha\over\pi}%
	\int_{0}^{1}d\zeta\,\zeta(1-\zeta)\right.\qquad\left.\times\int{dq_{z}\over 2%
	\pi}\,e^{iq_{z}z}\log\left[1+\zeta(1-\zeta){q_{z}^{2}\over m^{2}}\right]\right\}\@@ENDINLINEMATH"
	ρ[[UNKNOWN]] ([[OPEN]] z[[UNKNOWN]] )[[CLOSE]] =[[RELOP]] σ[[UNKNOWN]]
	        > \left\{[[OPEN]] ([[OPEN]] 1[[NUMBER]] +[[ADDOP]] N[[UNKNOWN]] )[[CLOSE]] δ[[UNKNOWN]] _{+}[[POSTSUBSCRIPT]] ([[OPEN]] z[[UNKNOWN]] )[[CLOSE]] +[[ADDOP]] 2\,\alpha\over\pi[[UNKNOWN]] ∫[[INTOP]] _{0}[[POSTSUBSCRIPT]] ^{1}[[POSTSUPERSCRIPT]] d[[UNKNOWN]] ζ[[UNKNOWN]] ζ[[UNKNOWN]] ([[OPEN]] 1[[NUMBER]] -[[ADDOP]] ζ[[UNKNOWN]] )[[CLOSE]] $\displaystyle\rho(z)=\sigma\left\{(1+N)\,\delta_{+}(z)+{2\,\alpha\over\pi}\int_{0}^{1}d\zeta\,\zeta(1-\zeta)\right.\qquad\left.\times\int{dq_{z}\over2\pi}\,e^{iq_{z}z}\log\left[1+\zeta(1-\zeta){q_{z}^{2}\overm^{2}}\right]\right\}\@@ENDINLINEMATH[[PUNCT]] ×[[MULOP]] ∫[[INTOP]] dq_{z}\over2\pi[[UNKNOWN]] e[[UNKNOWN]] ^{iq_{z}z}[[POSTSUPERSCRIPT]] log[[OPFUNCTION]] \left[[[OPEN]] 1[[NUMBER]] +[[ADDOP]] ζ[[UNKNOWN]] ([[OPEN]] 1[[NUMBER]] -[[ADDOP]] ζ[[UNKNOWN]] )[[CLOSE]] q_{z}^{2}\overm^{2}[[UNKNOWN]] \right][[CLOSE]] \right\}[[CLOSE]]
Warning:not_parsed:UNKNOWN>OPEN MathParser failed to match rule 'Anything'
	at 0304066.tex; line 503 col 22 - line 505 col 39
	In "$\displaystyle\sigma\left\{(1+N)\,\delta_{+}(z)+{2\,\alpha\over\pi}\int_{0}^{1%
	}d\zeta\,\zeta(1-\zeta)\right.$"
	σ[[UNKNOWN]]
	        > \left\{[[OPEN]] ([[OPEN]] 1[[NUMBER]] +[[ADDOP]] N[[UNKNOWN]] )[[CLOSE]] δ[[UNKNOWN]] _{+}[[POSTSUBSCRIPT]] ([[OPEN]] z[[UNKNOWN]] )[[CLOSE]] +[[ADDOP]] 2\,\alpha\over\pi[[UNKNOWN]] ∫[[INTOP]] _{0}[[POSTSUBSCRIPT]] ^{1}[[POSTSUPERSCRIPT]] d[[UNKNOWN]] ζ[[UNKNOWN]] ζ[[UNKNOWN]] ([[OPEN]] 1[[NUMBER]] -[[ADDOP]] ζ[[UNKNOWN]] )[[CLOSE]]
Warning:not_parsed:MULOP.INTOP>ATOM MathParser failed to match rule 'Anything'
	at 0304066.tex; line 506 col 12 - line 508 col 5
	In "$\displaystyle\qquad\left.\times\int{dq_{z}\over 2\pi}\,e^{iq_{z}z}\log\left[1%
	+\zeta(1-\zeta){q_{z}^{2}\over m^{2}}\right]\right\}$"
	×[[MULOP]] ∫[[INTOP]]
	        > dq_{z}\over2\pi[[UNKNOWN]] e[[UNKNOWN]] ^{iq_{z}z}[[POSTSUPERSCRIPT]] log[[OPFUNCTION]] \left[[[OPEN]] 1[[NUMBER]] +[[ADDOP]] ζ[[UNKNOWN]] ([[OPEN]] 1[[NUMBER]] -[[ADDOP]] ζ[[UNKNOWN]] )[[CLOSE]] q_{z}^{2}\overm^{2}[[UNKNOWN]] \right][[CLOSE]] \right\}[[CLOSE]]
Warning:not_parsed:UNKNOWN>OPEN MathParser failed to match rule 'Anything'
	at 0304066.tex; line 508 col 14 - line 508 col 74
	In "$\displaystyle\sigma\left\{(1+N)\,\delta_{+}(z)\phantom{\frac{1}{2}}\right.$"
	σ[[UNKNOWN]]
	        > \left\{[[OPEN]] ([[OPEN]] 1[[NUMBER]] +[[ADDOP]] N[[UNKNOWN]] )[[CLOSE]] δ[[UNKNOWN]] _{+}[[POSTSUBSCRIPT]] ([[OPEN]] z[[UNKNOWN]] )[[CLOSE]]
Warning:not_parsed:ADDOP.ATOM.CLOSE>CLOSE MathParser failed to match rule 'Anything'
	at 0304066.tex; line 509 col 13 - line 512 col 5
	In "$\displaystyle\qquad\left.-{2\,\alpha\over\pi\,|z|}\,\int_{0}^{1}d\zeta\,\zeta%
	(1-\zeta)\,\exp\left[-\,{m|z|\over\sqrt{\zeta(1-\zeta)}}\right]\right\}.$"
	-[[ADDOP]] 2\,\alpha\over\pi\,|z|[[UNKNOWN]] ∫[[INTOP]] _{0}[[POSTSUBSCRIPT]] ^{1}[[POSTSUPERSCRIPT]] d[[UNKNOWN]] ζ[[UNKNOWN]] ζ[[UNKNOWN]] ([[OPEN]] 1[[NUMBER]] -[[ADDOP]] ζ[[UNKNOWN]] )[[CLOSE]] exp[[OPFUNCTION]] \left[[[OPEN]] -[[ADDOP]] m|z|\over\sqrt{\zeta(1-\zeta)}[[UNKNOWN]] \right][[CLOSE]]
	        > \right\}[[CLOSE]]
 8.94 sec)
Math parsing succeeded:
   ltx:XMArg: 440/440
   ltx:XMath: 166/173
Symbols assumed as simple identifiers (with # of occurences):
   'A{italic}' (10), 'B{bold}' (8), 'B{italic}' (2), 'Delta' (4), 'D{italic}' (1), 'E{bold}' (11), 'E{italic}' (11), 'F{italic}' (15), 'H{italic}' (8), 'J{bold}' (1), 'J{italic}' (5), 'L{caligraphic}' (2), 'M{caligraphic}' (10), 'M{italic}' (3), 'N{italic}' (9), 'O{caligraphic}' (3), 'O{italic}' (1), 'Pi' (10), 'Q{italic}' (2), 'S{italic}' (3), 'Tr' (2), 'U{italic}' (3), 'alpha' (29), 'a{bold}' (1), 'a{italic}' (7), 'c{italic}' (18), 'delta' (23), 'd{italic}' (41), 'e' (3), 'ell' (6), 'epsilon' (2), 'eta' (6), 'e{bold}' (8), 'e{italic}' (15), 'gamma' (4), 'h' (1), 'h{italic}' (3), 'i{italic}' (14), 'j{bold}' (1), 'j{italic}' (5), 'k{italic}' (7), 'l' (2), 'lambda' (5), 'l{italic}' (5), 'mu' (19), 'm{italic}' (53), 'nu' (19), 'n{bold}' (4), 'n{italic}' (4), 'pi' (18), 'psi' (2), 'p{bold}' (6), 'p{italic}' (6), 'q{bold}' (9), 'q{italic}' (26), 'rho' (9), 'r{bold}' (14), 'r{italic}' (15), 'sigma' (25), 'varepsilon' (3), 'x{italic}' (7), 'zeta' (82), 'z{italic}' (41)
Set MATHPARSER_SPECULATE to speculate on possible notations.
(Finalizing... 0.91 sec)
Conversion complete 7 warnings (See /home/user/latex-in-arxiv/0304066.latexml.log) (reqd. 21.72s)
