latexml (LaTeXML version 0.8.6) processing 2003/0304048.tex
(Digesting TeX 0304048...
(Loading /usr/share/perl5/LaTeXML/Package/TeX.pool.ltxml...
(Loading /usr/share/perl5/LaTeXML/Package/eTeX.pool.ltxml... 0.01 sec)
(Loading /usr/share/perl5/LaTeXML/Package/pdfTeX.pool.ltxml... 0.02 sec) 0.29 sec)
(Processing content /home/user/latex-in-arxiv/2003/0304048.tex...
(Loading /usr/share/perl5/LaTeXML/Package/LaTeX.pool.ltxml...
(Loading /usr/share/perl5/LaTeXML/Package/textcomp.sty.ltxml...
(Processing definitions /usr/share/texlive/texmf-dist/tex/latex-dev/base/ts1enc.dfu... 0.05 sec) 2.23 sec) 2.65 sec)
(Loading /usr/share/perl5/LaTeXML/Package/article.cls.ltxml... 0.02 sec)
(Loading /usr/share/perl5/LaTeXML/Package/epsfig.sty.ltxml...
(Loading /usr/share/perl5/LaTeXML/Package/graphicx.sty.ltxml...
(Loading /usr/share/perl5/LaTeXML/Package/graphics.sty.ltxml... 0.01 sec) 0.03 sec) 0.06 sec)
Info:unexpected:titlepage When using titlepage, Frontmatter will not be well-structured
	at 0304048.tex; line 21 col 0 - line 21 col 17
 4.99 sec) 5.29 sec)
(Building...
(Loading compiled schema /usr/share/perl5/LaTeXML/resources/RelaxNG/LaTeXML.model... 0.01 sec) 2.50 sec)
(Rewriting... 0.09 sec)
(Math Parsing 133 formulae ......
Warning:not_parsed:SUMOP.POSTSUBSCRIPT.POSTSUPERSCRIPT>OPEN MathParser failed to match rule 'Anything'
	at 0304048.tex; line 122 col 0 - line 126 col 14
	In "\begin{equation}H^{2}=\frac{\kappa^{2}}{3}\sum_{i=1}^{m}[V_{i}(\phi{}_{i})+%
	\frac{1}{2}\dot{\phi}_{i}^{2}]\end{equation}"
	H[[UNKNOWN]] ^{2}[[POSTSUPERSCRIPT]] =[[RELOP]] \frac{\kappa^{2}}{3}[[UNKNOWN]] ∑[[SUMOP]] _{i=1}[[POSTSUBSCRIPT]] ^{m}[[POSTSUPERSCRIPT]]
	        > [[[OPEN]] V[[UNKNOWN]] _{i}[[POSTSUBSCRIPT]] ([[OPEN]] ϕ[[UNKNOWN]] {}_{i}[[FLOATSUBSCRIPT]] )[[CLOSE]] +[[ADDOP]] \frac{1}{2}[[UNKNOWN]] \dot{\phi}[[UNKNOWN]] _{i}[[POSTSUBSCRIPT]] ^{2}[[POSTSUPERSCRIPT]] ][[CLOSE]]
Warning:not_parsed:POSTSUBSCRIPT.RELOP.ATOM>CLOSE MathParser failed to match rule 'Anything'
	at 0304048.tex; line 189 col 2 - line 190 col 10
	In "$x_{1}=y_{1}=0,x_{2}=\frac{\lambda}{\sqrt{6}},y_{2}=\sqrt{\pm(1-\frac{\lambda^%
	{2}}{6})})$"
	x[[UNKNOWN]] _{1}[[POSTSUBSCRIPT]] =[[RELOP]] y[[UNKNOWN]] _{1}[[POSTSUBSCRIPT]] =[[RELOP]] 0[[NUMBER]] ,[[PUNCT]] x[[UNKNOWN]] _{2}[[POSTSUBSCRIPT]] =[[RELOP]] \frac{\lambda}{\sqrt{6}}[[UNKNOWN]] ,[[PUNCT]] y[[UNKNOWN]] _{2}[[POSTSUBSCRIPT]] =[[RELOP]] \sqrt{\pm(1-\frac{\lambda^{2}}{6})}[[UNKNOWN]]
	        > )[[CLOSE]]
 7.02 sec)
Math parsing succeeded:
   ltx:XMath: 131/133
   ltx:XMArg: 339/339
Symbols assumed as simple identifiers (with # of occurences):
   'G{italic}' (1), 'H{italic}' (6), 'N{italic}' (1), 'V{italic}' (20), 'a{italic}' (6), 'b{italic}' (1), 'delta' (32), 'd{italic}' (2), 'i{italic}' (9), 'kappa' (5), 'lambda' (58), 'm{italic}' (6), 'phi' (10), 'pi' (1), 'p{italic}' (2), 't{italic}' (4), 'x{italic}' (58), 'y{italic}' (46)
Set MATHPARSER_SPECULATE to speculate on possible notations.
(Finalizing... 0.61 sec)
Conversion complete 2 warnings (See /home/user/latex-in-arxiv/0304048.latexml.log) (reqd. 16.23s)
