latexml (LaTeXML version 0.8.6) processing 2003/0304077.tex
(Digesting TeX 0304077...
(Loading /usr/share/perl5/LaTeXML/Package/TeX.pool.ltxml...
(Loading /usr/share/perl5/LaTeXML/Package/eTeX.pool.ltxml... 0.01 sec)
(Loading /usr/share/perl5/LaTeXML/Package/pdfTeX.pool.ltxml... 0.01 sec) 0.26 sec)
(Processing content /home/user/latex-in-arxiv/2003/0304077.tex...
(Loading /usr/share/perl5/LaTeXML/Package/LaTeX.pool.ltxml...
(Loading /usr/share/perl5/LaTeXML/Package/textcomp.sty.ltxml...
(Processing definitions /usr/share/texlive/texmf-dist/tex/latex-dev/base/ts1enc.dfu... 0.05 sec) 2.11 sec) 2.45 sec)
(Loading /usr/share/perl5/LaTeXML/Package/article.cls.ltxml... 0.02 sec)
(Loading /usr/share/perl5/LaTeXML/Package/amsmath.sty.ltxml...
(Loading /usr/share/perl5/LaTeXML/Package/amsbsy.sty.ltxml...
(Loading /usr/share/perl5/LaTeXML/Package/amsgen.sty.ltxml... 0.01 sec) 0.01 sec)
(Loading /usr/share/perl5/LaTeXML/Package/amstext.sty.ltxml... 0.01 sec)
(Loading /usr/share/perl5/LaTeXML/Package/amsopn.sty.ltxml... 0.01 sec) 0.08 sec)
(Loading /usr/share/perl5/LaTeXML/Package/amsfonts.sty.ltxml... 0.00 sec)
(Loading /usr/share/perl5/LaTeXML/Package/times.sty.ltxml... 0.00 sec)
(Loading /usr/share/perl5/LaTeXML/Package/epsf.sty.ltxml... 0.01 sec) 8.77 sec) 9.07 sec)
(Building...
(Loading compiled schema /usr/share/perl5/LaTeXML/resources/RelaxNG/LaTeXML.model... 0.02 sec) 13.25 sec)
(Rewriting... 0.59 sec)
(Math Parsing 371 formulae ......
Warning:not_parsed:UNKNOWN>OPEN MathParser failed to match rule 'Anything'
	at 0304077.tex; line 213 col 1 - line 213 col 9
	In "$\displaystyle g(\beta_{1},$"
	g[[UNKNOWN]]
	        > ([[OPEN]] β[[UNKNOWN]] _{1}[[POSTSUBSCRIPT]]
Warning:not_parsed:PUNCT.UNKNOWN.POSTSUBSCRIPT>CLOSE MathParser failed to match rule 'Anything'
	at 0304077.tex; line 213 col 15 - line 214 col 8
	In "$\displaystyle\cdots,\beta_{2n})=$"
	⋯[[ID]] ,[[PUNCT]] β[[UNKNOWN]] _{2n}[[POSTSUBSCRIPT]]
	        > )[[CLOSE]] =[[RELOP]]
Warning:not_parsed:MULOP.SUMOP.POSTSUBSCRIPT>ATOM MathParser failed to match rule 'Anything'
	at 0304077.tex; line 219 col 0 - line 219 col 7
	In "$\displaystyle\times\prod\limits_{i<j}\frac{\sinh(\alpha_{i}-\alpha_{j})}{%
	\alpha_{i}-\alpha_{j}-\pi i}\ e^{\sum\alpha_{i}-\frac{1}{2}\sum\beta_{j}}D(%
	\alpha_{1},\cdots\alpha_{n-1}|\beta_{1},\cdots,\beta_{2n})\@@ENDINLINEMATH"
	×[[MULOP]] ∏[[SUMOP]] _{i<j}[[POSTSUBSCRIPT]]
	        > \frac{\sinh(\alpha_{i}-\alpha_{j})}{\alpha_{i}-\alpha_{j}-\pii}[[UNKNOWN]] e[[UNKNOWN]] ^{\sum\alpha_{i}-\frac{1}{2}\sum\beta_{j}}[[POSTSUPERSCRIPT]] D[[UNKNOWN]] ([[OPEN]] α[[UNKNOWN]] _{1}[[POSTSUBSCRIPT]] ,[[PUNCT]] ⋯[[ID]] α[[UNKNOWN]] _{n-1}[[POSTSUBSCRIPT]] |[[VERTBAR]] β[[UNKNOWN]] _{1}[[POSTSUBSCRIPT]] ,[[PUNCT]] ⋯[[ID]] ,[[PUNCT]] β[[UNKNOWN]] _{2n}[[POSTSUBSCRIPT]] )[[CLOSE]]
Warning:not_parsed:MULOP.SUMOP.POSTSUBSCRIPT>ATOM MathParser failed to match rule 'Anything'
	at 0304077.tex; line 219 col 0 - line 225 col 11
	In "$\displaystyle\times\prod\limits_{i<j}\frac{\sinh(\alpha_{i}-\alpha_{j})}{%
	\alpha_{i}-\alpha_{j}-\pi i}\ e^{\sum\alpha_{i}-\frac{1}{2}\sum\beta_{j}}D(%
	\alpha_{1},\cdots\alpha_{n-1}|\beta_{1},\cdots,\beta_{2n})$"
	×[[MULOP]] ∏[[SUMOP]] _{i<j}[[POSTSUBSCRIPT]]
	        > \frac{\sinh(\alpha_{i}-\alpha_{j})}{\alpha_{i}-\alpha_{j}-\pii}[[UNKNOWN]] e[[UNKNOWN]] ^{\sum\alpha_{i}-\frac{1}{2}\sum\beta_{j}}[[POSTSUPERSCRIPT]] D[[UNKNOWN]] ([[OPEN]] α[[UNKNOWN]] _{1}[[POSTSUBSCRIPT]] ,[[PUNCT]] ⋯[[ID]] α[[UNKNOWN]] _{n-1}[[POSTSUBSCRIPT]] |[[VERTBAR]] β[[UNKNOWN]] _{1}[[POSTSUBSCRIPT]] ,[[PUNCT]] ⋯[[ID]] ,[[PUNCT]] β[[UNKNOWN]] _{2n}[[POSTSUBSCRIPT]] )[[CLOSE]]
Warning:not_parsed:>OPEN MathParser failed to match rule 'Anything'
	at 0304077.tex; line 235 col 3 - line 235 col 25
	In "$\{-\cdots-+\cdots+\}$"
	> \{[[OPEN]] -[[ADDOP]] ⋯[[ID]] -[[ADDOP]] +[[ADDOP]] ⋯[[ID]] +[[ADDOP]] \}[[CLOSE]]
Warning:not_parsed:SUMOP.POSTSUBSCRIPT.POSTSUPERSCRIPT>OPEN MathParser failed to match rule 'Anything'
	at 0304077.tex; line 243 col 7 - line 243 col 7
	In "$\displaystyle\times\sum\limits_{l=1}^{n}\left(2\sum\alpha_{k}+\beta_{l}+\pi i%
	(2l-1)\right)\prod\limits_{j\geq l}\frac{\alpha_{j}-\beta_{j}-\frac{\pi i}{2}}%
	{\alpha_{j}-\beta_{j+1}+\frac{\pi i}{2}}\@@ENDINLINEMATH"
	×[[MULOP]] ∑[[SUMOP]] _{l=1}[[POSTSUBSCRIPT]] ^{n}[[POSTSUPERSCRIPT]]
	        > \left([[OPEN]] 2[[NUMBER]] ∑[[SUMOP]] α[[UNKNOWN]] _{k}[[POSTSUBSCRIPT]] +[[ADDOP]] β[[UNKNOWN]] _{l}[[POSTSUBSCRIPT]] +[[ADDOP]] π[[UNKNOWN]] i[[UNKNOWN]] ([[OPEN]] 2[[NUMBER]] l[[UNKNOWN]] -[[ADDOP]] 1[[NUMBER]] )[[CLOSE]] \right)[[CLOSE]] ∏[[SUMOP]] _{j\geql}[[POSTSUBSCRIPT]] \frac{\alpha_{j}-\beta_{j}-\frac{\pii}{2}}{\alpha_{j}-\beta_{j+1}+\frac{\pii}{2}}[[UNKNOWN]]
Warning:not_parsed:SUMOP.POSTSUBSCRIPT.POSTSUPERSCRIPT>OPEN MathParser failed to match rule 'Anything'
	at 0304077.tex; line 243 col 7 - line 247 col 11
	In "$\displaystyle\times\sum\limits_{l=1}^{n}\left(2\sum\alpha_{k}+\beta_{l}+\pi i%
	(2l-1)\right)\prod\limits_{j\geq l}\frac{\alpha_{j}-\beta_{j}-\frac{\pi i}{2}}%
	{\alpha_{j}-\beta_{j+1}+\frac{\pi i}{2}}$"
	×[[MULOP]] ∑[[SUMOP]] _{l=1}[[POSTSUBSCRIPT]] ^{n}[[POSTSUPERSCRIPT]]
	        > \left([[OPEN]] 2[[NUMBER]] ∑[[SUMOP]] α[[UNKNOWN]] _{k}[[POSTSUBSCRIPT]] +[[ADDOP]] β[[UNKNOWN]] _{l}[[POSTSUBSCRIPT]] +[[ADDOP]] π[[UNKNOWN]] i[[UNKNOWN]] ([[OPEN]] 2[[NUMBER]] l[[UNKNOWN]] -[[ADDOP]] 1[[NUMBER]] )[[CLOSE]] \right)[[CLOSE]] ∏[[SUMOP]] _{j\geql}[[POSTSUBSCRIPT]] \frac{\alpha_{j}-\beta_{j}-\frac{\pii}{2}}{\alpha_{j}-\beta_{j+1}+\frac{\pii}{2}}[[UNKNOWN]]
Warning:not_parsed:POSTSUPERSCRIPT.VERTBAR.POSTSUBSCRIPT>PUNCT MathParser failed to match rule 'Anything'
	at 0304077.tex; line 286 col 0 - line 286 col 7
	In "$\displaystyle\times\text{det}|e^{k_{i}\alpha_{j}}|_{1\leq i,j\leq n-1}\ \ h(%
	\alpha_{1},\cdots\alpha_{n-1}|\beta_{1},\cdots,\beta_{2n})\@@ENDINLINEMATH"
	×[[MULOP]] \text{det}[[UNKNOWN]] |[[VERTBAR]] e[[UNKNOWN]] ^{k_{i}\alpha_{j}}[[POSTSUPERSCRIPT]] |[[VERTBAR]] _{1\leqi,j\leqn-1}[[POSTSUBSCRIPT]]
	        > $\displaystyle\times\text{det}|e^{k_{i}\alpha_{j}}|_{1\leqi,j\leqn-1}\ \ h(\alpha_{1},\cdots\alpha_{n-1}|\beta_{1},\cdots,\beta_{2n})\@@ENDINLINEMATH[[PUNCT]] h[[UNKNOWN]] ([[OPEN]] α[[UNKNOWN]] _{1}[[POSTSUBSCRIPT]] ,[[PUNCT]] ⋯[[ID]] α[[UNKNOWN]] _{n-1}[[POSTSUBSCRIPT]] |[[VERTBAR]] β[[UNKNOWN]] _{1}[[POSTSUBSCRIPT]] ,[[PUNCT]] ⋯[[ID]] ,[[PUNCT]] β[[UNKNOWN]] _{2n}[[POSTSUBSCRIPT]] )[[CLOSE]]
Warning:not_parsed:POSTSUPERSCRIPT.VERTBAR.POSTSUBSCRIPT>PUNCT MathParser failed to match rule 'Anything'
	at 0304077.tex; line 286 col 0 - line 289 col 11
	In "$\displaystyle\times\text{det}|e^{k_{i}\alpha_{j}}|_{1\leq i,j\leq n-1}\ \ h(%
	\alpha_{1},\cdots\alpha_{n-1}|\beta_{1},\cdots,\beta_{2n})$"
	×[[MULOP]] \text{det}[[UNKNOWN]] |[[VERTBAR]] e[[UNKNOWN]] ^{k_{i}\alpha_{j}}[[POSTSUPERSCRIPT]] |[[VERTBAR]] _{1\leqi,j\leqn-1}[[POSTSUBSCRIPT]]
	        > $\displaystyle\times\text{det}|e^{k_{i}\alpha_{j}}|_{1\leqi,j\leqn-1}\ \ h(\alpha_{1},\cdots\alpha_{n-1}|\beta_{1},\cdots,\beta_{2n})$[[PUNCT]] h[[UNKNOWN]] ([[OPEN]] α[[UNKNOWN]] _{1}[[POSTSUBSCRIPT]] ,[[PUNCT]] ⋯[[ID]] α[[UNKNOWN]] _{n-1}[[POSTSUBSCRIPT]] |[[VERTBAR]] β[[UNKNOWN]] _{1}[[POSTSUBSCRIPT]] ,[[PUNCT]] ⋯[[ID]] ,[[PUNCT]] β[[UNKNOWN]] _{2n}[[POSTSUBSCRIPT]] )[[CLOSE]]
Warning:not_parsed:>OPEN MathParser failed to match rule 'Anything'
	at 0304077.tex; line 291 col 7 - line 291 col 28
	In "$\{-\cdots-+\cdots+\}$"
	> \{[[OPEN]] -[[ADDOP]] ⋯[[ID]] -[[ADDOP]] +[[ADDOP]] ⋯[[ID]] +[[ADDOP]] \}[[CLOSE]]
Warning:not_parsed:UNKNOWN>OPEN MathParser failed to match rule 'Anything'
	at 0304077.tex; line 295 col 1 - line 295 col 1
	In "$\displaystyle u(\alpha_{1},\cdots\alpha_{n-1}|\beta_{1},\cdots,\beta_{n}|%
	\beta_{n+1},\cdots,\beta_{2n})\prod_{j=1}^{n}\prod_{j^{\prime}=n+1}^{2n}\frac{%
	1}{\beta_{j}-\beta_{j^{\prime}}+\pi i}\@@ENDINLINEMATH"
	u[[UNKNOWN]]
	        > ([[OPEN]] α[[UNKNOWN]] _{1}[[POSTSUBSCRIPT]] ,[[PUNCT]] ⋯[[ID]] α[[UNKNOWN]] _{n-1}[[POSTSUBSCRIPT]] |[[VERTBAR]] β[[UNKNOWN]] _{1}[[POSTSUBSCRIPT]] ,[[PUNCT]] ⋯[[ID]] ,[[PUNCT]] β[[UNKNOWN]] _{n}[[POSTSUBSCRIPT]] |[[VERTBAR]] β[[UNKNOWN]] _{n+1}[[POSTSUBSCRIPT]] ,[[PUNCT]] ⋯[[ID]] ,[[PUNCT]] β[[UNKNOWN]] _{2n}[[POSTSUBSCRIPT]] )[[CLOSE]] ∏[[SUMOP]] _{j=1}[[POSTSUBSCRIPT]] ^{n}[[POSTSUPERSCRIPT]] ∏[[SUMOP]] _{j^{\prime}=n+1}[[POSTSUBSCRIPT]] ^{2n}[[POSTSUPERSCRIPT]] \frac{1}{\beta_{j}-\beta_{j^{\prime}}+\pii}[[UNKNOWN]]
Warning:not_parsed:UNKNOWN>OPEN MathParser failed to match rule 'Anything'
	at 0304077.tex; line 295 col 1 - line 297 col 29
	In "$\displaystyle u(\alpha_{1},\cdots\alpha_{n-1}|\beta_{1},\cdots,\beta_{n}|%
	\beta_{n+1},\cdots,\beta_{2n})\prod_{j=1}^{n}\prod_{j^{\prime}=n+1}^{2n}\frac{%
	1}{\beta_{j}-\beta_{j^{\prime}}+\pi i}$"
	u[[UNKNOWN]]
	        > ([[OPEN]] α[[UNKNOWN]] _{1}[[POSTSUBSCRIPT]] ,[[PUNCT]] ⋯[[ID]] α[[UNKNOWN]] _{n-1}[[POSTSUBSCRIPT]] |[[VERTBAR]] β[[UNKNOWN]] _{1}[[POSTSUBSCRIPT]] ,[[PUNCT]] ⋯[[ID]] ,[[PUNCT]] β[[UNKNOWN]] _{n}[[POSTSUBSCRIPT]] |[[VERTBAR]] β[[UNKNOWN]] _{n+1}[[POSTSUBSCRIPT]] ,[[PUNCT]] ⋯[[ID]] ,[[PUNCT]] β[[UNKNOWN]] _{2n}[[POSTSUBSCRIPT]] )[[CLOSE]] ∏[[SUMOP]] _{j=1}[[POSTSUBSCRIPT]] ^{n}[[POSTSUPERSCRIPT]] ∏[[SUMOP]] _{j^{\prime}=n+1}[[POSTSUBSCRIPT]] ^{2n}[[POSTSUPERSCRIPT]] \frac{1}{\beta_{j}-\beta_{j^{\prime}}+\pii}[[UNKNOWN]]
Warning:not_parsed:UNKNOWN>OPEN MathParser failed to match rule 'Anything'
	at 0304077.tex; line 301 col 2 - line 301 col 2
	In "$\displaystyle u(\alpha_{1},\cdots\alpha_{n-1}|\beta_{1},\cdots,\beta_{n}|%
	\beta_{n+1},\cdots,\beta_{2n})=\@@ENDINLINEMATH"
	u[[UNKNOWN]]
	        > ([[OPEN]] α[[UNKNOWN]] _{1}[[POSTSUBSCRIPT]] ,[[PUNCT]] ⋯[[ID]] α[[UNKNOWN]] _{n-1}[[POSTSUBSCRIPT]] |[[VERTBAR]] β[[UNKNOWN]] _{1}[[POSTSUBSCRIPT]] ,[[PUNCT]] ⋯[[ID]] ,[[PUNCT]] β[[UNKNOWN]] _{n}[[POSTSUBSCRIPT]] |[[VERTBAR]] β[[UNKNOWN]] _{n+1}[[POSTSUBSCRIPT]] ,[[PUNCT]] ⋯[[ID]] ,[[PUNCT]] β[[UNKNOWN]] _{2n}[[POSTSUBSCRIPT]] )[[CLOSE]] =[[RELOP]]
Warning:not_parsed:UNKNOWN>OPEN MathParser failed to match rule 'Anything'
	at 0304077.tex; line 301 col 2 - line 302 col 7
	In "$\displaystyle u(\alpha_{1},\cdots\alpha_{n-1}|\beta_{1},\cdots,\beta_{n}|%
	\beta_{n+1},\cdots,\beta_{2n})=$"
	u[[UNKNOWN]]
	        > ([[OPEN]] α[[UNKNOWN]] _{1}[[POSTSUBSCRIPT]] ,[[PUNCT]] ⋯[[ID]] α[[UNKNOWN]] _{n-1}[[POSTSUBSCRIPT]] |[[VERTBAR]] β[[UNKNOWN]] _{1}[[POSTSUBSCRIPT]] ,[[PUNCT]] ⋯[[ID]] ,[[PUNCT]] β[[UNKNOWN]] _{n}[[POSTSUBSCRIPT]] |[[VERTBAR]] β[[UNKNOWN]] _{n+1}[[POSTSUBSCRIPT]] ,[[PUNCT]] ⋯[[ID]] ,[[PUNCT]] β[[UNKNOWN]] _{2n}[[POSTSUBSCRIPT]] )[[CLOSE]] =[[RELOP]]
Warning:not_parsed:RELOP.ATOM>OPEN MathParser failed to match rule 'Anything'
	at 0304077.tex; line 302 col 0 - line 302 col 8
	In "$\displaystyle=\text{det}(A_{i}(\alpha_{j}|\beta_{1},\cdots,\beta_{n}|\beta_{n%
	+1},\cdots,\beta_{2n}))|_{i,j=1,\cdots,n-1}\@@ENDINLINEMATH"
	=[[RELOP]] \text{det}[[UNKNOWN]]
	        > ([[OPEN]] A[[UNKNOWN]] _{i}[[POSTSUBSCRIPT]] ([[OPEN]] α[[UNKNOWN]] _{j}[[POSTSUBSCRIPT]] |[[VERTBAR]] β[[UNKNOWN]] _{1}[[POSTSUBSCRIPT]] ,[[PUNCT]] ⋯[[ID]] ,[[PUNCT]] β[[UNKNOWN]] _{n}[[POSTSUBSCRIPT]] |[[VERTBAR]] β[[UNKNOWN]] _{n+1}[[POSTSUBSCRIPT]] ,[[PUNCT]] ⋯[[ID]] ,[[PUNCT]] β[[UNKNOWN]] _{2n}[[POSTSUBSCRIPT]] )[[CLOSE]] )[[CLOSE]] |[[VERTBAR]] _{i,j=1,\cdots,n-1}[[POSTSUBSCRIPT]]
Warning:not_parsed:RELOP.ATOM>OPEN MathParser failed to match rule 'Anything'
	at 0304077.tex; line 302 col 0 - line 305 col 11
	In "$\displaystyle=\text{det}(A_{i}(\alpha_{j}|\beta_{1},\cdots,\beta_{n}|\beta_{n%
	+1},\cdots,\beta_{2n}))|_{i,j=1,\cdots,n-1}$"
	=[[RELOP]] \text{det}[[UNKNOWN]]
	        > ([[OPEN]] A[[UNKNOWN]] _{i}[[POSTSUBSCRIPT]] ([[OPEN]] α[[UNKNOWN]] _{j}[[POSTSUBSCRIPT]] |[[VERTBAR]] β[[UNKNOWN]] _{1}[[POSTSUBSCRIPT]] ,[[PUNCT]] ⋯[[ID]] ,[[PUNCT]] β[[UNKNOWN]] _{n}[[POSTSUBSCRIPT]] |[[VERTBAR]] β[[UNKNOWN]] _{n+1}[[POSTSUBSCRIPT]] ,[[PUNCT]] ⋯[[ID]] ,[[PUNCT]] β[[UNKNOWN]] _{2n}[[POSTSUBSCRIPT]] )[[CLOSE]] )[[CLOSE]] |[[VERTBAR]] _{i,j=1,\cdots,n-1}[[POSTSUBSCRIPT]]
Warning:not_parsed:POSTSUPERSCRIPT.UNKNOWN.POSTSUBSCRIPT>OPEN MathParser failed to match rule 'Anything'
	at 0304077.tex; line 309 col 5 - line 309 col 5
	In "$\displaystyle\sum\limits_{i=1}^{n-1}\gamma^{n-i-1}A_{i}(\alpha|\beta_{1},%
	\cdots,\beta_{n}|\beta_{n+1},\cdots,\beta_{2n})=\@@ENDINLINEMATH"
	∑[[SUMOP]] _{i=1}[[POSTSUBSCRIPT]] ^{n-1}[[POSTSUPERSCRIPT]] γ[[UNKNOWN]] ^{n-i-1}[[POSTSUPERSCRIPT]] A[[UNKNOWN]] _{i}[[POSTSUBSCRIPT]]
	        > ([[OPEN]] α[[UNKNOWN]] |[[VERTBAR]] β[[UNKNOWN]] _{1}[[POSTSUBSCRIPT]] ,[[PUNCT]] ⋯[[ID]] ,[[PUNCT]] β[[UNKNOWN]] _{n}[[POSTSUBSCRIPT]] |[[VERTBAR]] β[[UNKNOWN]] _{n+1}[[POSTSUBSCRIPT]] ,[[PUNCT]] ⋯[[ID]] ,[[PUNCT]] β[[UNKNOWN]] _{2n}[[POSTSUBSCRIPT]] )[[CLOSE]] =[[RELOP]]
Warning:not_parsed:POSTSUPERSCRIPT.UNKNOWN.POSTSUBSCRIPT>OPEN MathParser failed to match rule 'Anything'
	at 0304077.tex; line 309 col 5 - line 311 col 16
	In "$\displaystyle\sum\limits_{i=1}^{n-1}\gamma^{n-i-1}A_{i}(\alpha|\beta_{1},%
	\cdots,\beta_{n}|\beta_{n+1},\cdots,\beta_{2n})=$"
	∑[[SUMOP]] _{i=1}[[POSTSUBSCRIPT]] ^{n-1}[[POSTSUPERSCRIPT]] γ[[UNKNOWN]] ^{n-i-1}[[POSTSUPERSCRIPT]] A[[UNKNOWN]] _{i}[[POSTSUBSCRIPT]]
	        > ([[OPEN]] α[[UNKNOWN]] |[[VERTBAR]] β[[UNKNOWN]] _{1}[[POSTSUBSCRIPT]] ,[[PUNCT]] ⋯[[ID]] ,[[PUNCT]] β[[UNKNOWN]] _{n}[[POSTSUBSCRIPT]] |[[VERTBAR]] β[[UNKNOWN]] _{n+1}[[POSTSUBSCRIPT]] ,[[PUNCT]] ⋯[[ID]] ,[[PUNCT]] β[[UNKNOWN]] _{2n}[[POSTSUBSCRIPT]] )[[CLOSE]] =[[RELOP]]
Warning:not_parsed:SUMOP.POSTSUBSCRIPT.UNKNOWN>OPEN MathParser failed to match rule 'Anything'
	at 0304077.tex; line 331 col 0 - line 331 col 58
	In "$\displaystyle=\sum\limits_{\{1,\cdots,2n\}=\{i_{1},\cdots,i_{n}\}\cup\{j_{1},%
	\cdots,j_{n}\}}u(\alpha_{1},\cdots\alpha_{n-1}|\beta_{i_{1}},\cdots,\beta_{i_{%
	n}}|\beta_{j_{1}},\cdots,\beta_{j_{n}})\@@ENDINLINEMATH"
	=[[RELOP]] ∑[[SUMOP]] _{\{1,\cdots,2n\}=\{i_{1},\cdots,i_{n}\}\cup\{j_{1},\cdots,j_{n}\}}[[POSTSUBSCRIPT]] u[[UNKNOWN]]
	        > ([[OPEN]] α[[UNKNOWN]] _{1}[[POSTSUBSCRIPT]] ,[[PUNCT]] ⋯[[ID]] α[[UNKNOWN]] _{n-1}[[POSTSUBSCRIPT]] |[[VERTBAR]] β[[UNKNOWN]] _{i_{1}}[[POSTSUBSCRIPT]] ,[[PUNCT]] ⋯[[ID]] ,[[PUNCT]] β[[UNKNOWN]] _{i_{n}}[[POSTSUBSCRIPT]] |[[VERTBAR]] β[[UNKNOWN]] _{j_{1}}[[POSTSUBSCRIPT]] ,[[PUNCT]] ⋯[[ID]] ,[[PUNCT]] β[[UNKNOWN]] _{j_{n}}[[POSTSUBSCRIPT]] )[[CLOSE]]
Warning:not_parsed:SUMOP.POSTSUBSCRIPT.UNKNOWN>OPEN MathParser failed to match rule 'Anything'
	at 0304077.tex; line 331 col 0 - line 338 col 7
	In "$\displaystyle=\sum\limits_{\{1,\cdots,2n\}=\{i_{1},\cdots,i_{n}\}\cup\{j_{1},%
	\cdots,j_{n}\}}u(\alpha_{1},\cdots\alpha_{n-1}|\beta_{i_{1}},\cdots,\beta_{i_{%
	n}}|\beta_{j_{1}},\cdots,\beta_{j_{n}})$"
	=[[RELOP]] ∑[[SUMOP]] _{\{1,\cdots,2n\}=\{i_{1},\cdots,i_{n}\}\cup\{j_{1},\cdots,j_{n}\}}[[POSTSUBSCRIPT]] u[[UNKNOWN]]
	        > ([[OPEN]] α[[UNKNOWN]] _{1}[[POSTSUBSCRIPT]] ,[[PUNCT]] ⋯[[ID]] α[[UNKNOWN]] _{n-1}[[POSTSUBSCRIPT]] |[[VERTBAR]] β[[UNKNOWN]] _{i_{1}}[[POSTSUBSCRIPT]] ,[[PUNCT]] ⋯[[ID]] ,[[PUNCT]] β[[UNKNOWN]] _{i_{n}}[[POSTSUBSCRIPT]] |[[VERTBAR]] β[[UNKNOWN]] _{j_{1}}[[POSTSUBSCRIPT]] ,[[PUNCT]] ⋯[[ID]] ,[[PUNCT]] β[[UNKNOWN]] _{j_{n}}[[POSTSUBSCRIPT]] )[[CLOSE]]
Warning:not_parsed:SUMOP.POSTSUBSCRIPT.POSTSUPERSCRIPT>ATOM MathParser failed to match rule 'Anything'
	at 0304077.tex; line 338 col 13 - line 338 col 13
	In "$\displaystyle\times\prod\limits_{p,q=1}^{n}\frac{1}{\beta_{i_{p}}-\beta_{j_{q%
	}}}w_{\epsilon_{1},\cdots,\epsilon_{2n}}(\beta_{1},\cdots\beta_{2n})\@@ENDINLINEMATH"
	×[[MULOP]] ∏[[SUMOP]] _{p,q=1}[[POSTSUBSCRIPT]] ^{n}[[POSTSUPERSCRIPT]]
	        > \frac{1}{\beta_{i_{p}}-\beta_{j_{q}}}[[UNKNOWN]] w[[UNKNOWN]] _{\epsilon_{1},\cdots,\epsilon_{2n}}[[POSTSUBSCRIPT]] ([[OPEN]] β[[UNKNOWN]] _{1}[[POSTSUBSCRIPT]] ,[[PUNCT]] ⋯[[ID]] β[[UNKNOWN]] _{2n}[[POSTSUBSCRIPT]] )[[CLOSE]]
Warning:not_parsed:SUMOP.POSTSUBSCRIPT.POSTSUPERSCRIPT>ATOM MathParser failed to match rule 'Anything'
	at 0304077.tex; line 338 col 13 - line 340 col 11
	In "$\displaystyle\times\prod\limits_{p,q=1}^{n}\frac{1}{\beta_{i_{p}}-\beta_{j_{q%
	}}}w_{\epsilon_{1},\cdots,\epsilon_{2n}}(\beta_{1},\cdots\beta_{2n})$"
	×[[MULOP]] ∏[[SUMOP]] _{p,q=1}[[POSTSUBSCRIPT]] ^{n}[[POSTSUPERSCRIPT]]
	        > \frac{1}{\beta_{i_{p}}-\beta_{j_{q}}}[[UNKNOWN]] w[[UNKNOWN]] _{\epsilon_{1},\cdots,\epsilon_{2n}}[[POSTSUBSCRIPT]] ([[OPEN]] β[[UNKNOWN]] _{1}[[POSTSUBSCRIPT]] ,[[PUNCT]] ⋯[[ID]] β[[UNKNOWN]] _{2n}[[POSTSUBSCRIPT]] )[[CLOSE]]
Warning:not_parsed:RELOP.UNKNOWN.POSTSUBSCRIPT>OPEN MathParser failed to match rule 'Anything'
	at 0304077.tex; line 405 col 2 - line 405 col 2
	In "$\displaystyle s_{k}(\alpha)=A_{k}(\alpha|\beta_{1},\cdots,\beta_{n}|\beta_{n+%
	1},\cdots,\beta_{2n})\@@ENDINLINEMATH"
	s[[UNKNOWN]] _{k}[[POSTSUBSCRIPT]] ([[OPEN]] α[[UNKNOWN]] )[[CLOSE]] =[[RELOP]] A[[UNKNOWN]] _{k}[[POSTSUBSCRIPT]]
	        > ([[OPEN]] α[[UNKNOWN]] |[[VERTBAR]] β[[UNKNOWN]] _{1}[[POSTSUBSCRIPT]] ,[[PUNCT]] ⋯[[ID]] ,[[PUNCT]] β[[UNKNOWN]] _{n}[[POSTSUBSCRIPT]] |[[VERTBAR]] β[[UNKNOWN]] _{n+1}[[POSTSUBSCRIPT]] ,[[PUNCT]] ⋯[[ID]] ,[[PUNCT]] β[[UNKNOWN]] _{2n}[[POSTSUBSCRIPT]] )[[CLOSE]]
Warning:not_parsed:RELOP.UNKNOWN.POSTSUBSCRIPT>OPEN MathParser failed to match rule 'Anything'
	at 0304077.tex; line 405 col 2 - line 405 col 74
	In "$\displaystyle s_{k}(\alpha)=A_{k}(\alpha|\beta_{1},\cdots,\beta_{n}|\beta_{n+%
	1},\cdots,\beta_{2n})$"
	s[[UNKNOWN]] _{k}[[POSTSUBSCRIPT]] ([[OPEN]] α[[UNKNOWN]] )[[CLOSE]] =[[RELOP]] A[[UNKNOWN]] _{k}[[POSTSUBSCRIPT]]
	        > ([[OPEN]] α[[UNKNOWN]] |[[VERTBAR]] β[[UNKNOWN]] _{1}[[POSTSUBSCRIPT]] ,[[PUNCT]] ⋯[[ID]] ,[[PUNCT]] β[[UNKNOWN]] _{n}[[POSTSUBSCRIPT]] |[[VERTBAR]] β[[UNKNOWN]] _{n+1}[[POSTSUBSCRIPT]] ,[[PUNCT]] ⋯[[ID]] ,[[PUNCT]] β[[UNKNOWN]] _{2n}[[POSTSUBSCRIPT]] )[[CLOSE]]
Warning:not_parsed:RELOP.ATOM.POSTSUBSCRIPT>OPEN MathParser failed to match rule 'Anything'
	at 0304077.tex; line 413 col 2 - line 413 col 2
	In "$\displaystyle p\circ q=\text{res}_{\alpha=\infty}\left(p(a)\Phi(\alpha)\Delta%
	^{-1}(q(\alpha)\Phi(\alpha)\right)\@@ENDINLINEMATH"
	p[[UNKNOWN]] ∘[[MULOP]] q[[UNKNOWN]] =[[RELOP]] \text{res}[[UNKNOWN]] _{\alpha=\infty}[[POSTSUBSCRIPT]]
	        > \left([[OPEN]] p[[UNKNOWN]] ([[OPEN]] a[[UNKNOWN]] )[[CLOSE]] Φ[[UNKNOWN]] ([[OPEN]] α[[UNKNOWN]] )[[CLOSE]] Δ[[UNKNOWN]] ^{-1}[[POSTSUPERSCRIPT]] ([[OPEN]] q[[UNKNOWN]] ([[OPEN]] α[[UNKNOWN]] )[[CLOSE]] Φ[[UNKNOWN]] ([[OPEN]] α[[UNKNOWN]] )[[CLOSE]] \right)[[CLOSE]]
Warning:not_parsed:RELOP.ATOM.POSTSUBSCRIPT>OPEN MathParser failed to match rule 'Anything'
	at 0304077.tex; line 413 col 2 - line 414 col 11
	In "$\displaystyle p\circ q=\text{res}_{\alpha=\infty}\left(p(a)\Phi(\alpha)\Delta%
	^{-1}(q(\alpha)\Phi(\alpha)\right)$"
	p[[UNKNOWN]] ∘[[MULOP]] q[[UNKNOWN]] =[[RELOP]] \text{res}[[UNKNOWN]] _{\alpha=\infty}[[POSTSUBSCRIPT]]
	        > \left([[OPEN]] p[[UNKNOWN]] ([[OPEN]] a[[UNKNOWN]] )[[CLOSE]] Φ[[UNKNOWN]] ([[OPEN]] α[[UNKNOWN]] )[[CLOSE]] Δ[[UNKNOWN]] ^{-1}[[POSTSUPERSCRIPT]] ([[OPEN]] q[[UNKNOWN]] ([[OPEN]] α[[UNKNOWN]] )[[CLOSE]] Φ[[UNKNOWN]] ([[OPEN]] α[[UNKNOWN]] )[[CLOSE]] \right)[[CLOSE]]
Warning:not_parsed:UNKNOWN.POSTSUBSCRIPT>OPEN MathParser failed to match rule 'Anything'
	at 0304077.tex; line 466 col 2 - line 466 col 2
	In "$\displaystyle A_{k}(\alpha|\beta_{i_{1}},\cdots,\beta_{i_{n}}|\beta_{j_{1}},%
	\cdots,\beta_{j_{n}})=\@@ENDINLINEMATH"
	A[[UNKNOWN]] _{k}[[POSTSUBSCRIPT]]
	        > ([[OPEN]] α[[UNKNOWN]] |[[VERTBAR]] β[[UNKNOWN]] _{i_{1}}[[POSTSUBSCRIPT]] ,[[PUNCT]] ⋯[[ID]] ,[[PUNCT]] β[[UNKNOWN]] _{i_{n}}[[POSTSUBSCRIPT]] |[[VERTBAR]] β[[UNKNOWN]] _{j_{1}}[[POSTSUBSCRIPT]] ,[[PUNCT]] ⋯[[ID]] ,[[PUNCT]] β[[UNKNOWN]] _{j_{n}}[[POSTSUBSCRIPT]] )[[CLOSE]] =[[RELOP]]
Warning:not_parsed:UNKNOWN.POSTSUBSCRIPT>OPEN MathParser failed to match rule 'Anything'
	at 0304077.tex; line 466 col 2 - line 466 col 72
	In "$\displaystyle A_{k}(\alpha|\beta_{i_{1}},\cdots,\beta_{i_{n}}|\beta_{j_{1}},%
	\cdots,\beta_{j_{n}})=$"
	A[[UNKNOWN]] _{k}[[POSTSUBSCRIPT]]
	        > ([[OPEN]] α[[UNKNOWN]] |[[VERTBAR]] β[[UNKNOWN]] _{i_{1}}[[POSTSUBSCRIPT]] ,[[PUNCT]] ⋯[[ID]] ,[[PUNCT]] β[[UNKNOWN]] _{i_{n}}[[POSTSUBSCRIPT]] |[[VERTBAR]] β[[UNKNOWN]] _{j_{1}}[[POSTSUBSCRIPT]] ,[[PUNCT]] ⋯[[ID]] ,[[PUNCT]] β[[UNKNOWN]] _{j_{n}}[[POSTSUBSCRIPT]] )[[CLOSE]] =[[RELOP]]
Warning:not_parsed:UNKNOWN.POSTSUBSCRIPT>OPEN MathParser failed to match rule 'Anything'
	at 0304077.tex; line 472 col 2 - line 472 col 63
	In "$A_{k}(\alpha|\beta_{i_{1}},\cdots,\beta_{i_{n}}|\beta_{j_{1}},\cdots,\beta_{j%
	_{n}})$"
	A[[UNKNOWN]] _{k}[[POSTSUBSCRIPT]]
	        > ([[OPEN]] α[[UNKNOWN]] |[[VERTBAR]] β[[UNKNOWN]] _{i_{1}}[[POSTSUBSCRIPT]] ,[[PUNCT]] ⋯[[ID]] ,[[PUNCT]] β[[UNKNOWN]] _{i_{n}}[[POSTSUBSCRIPT]] |[[VERTBAR]] β[[UNKNOWN]] _{j_{1}}[[POSTSUBSCRIPT]] ,[[PUNCT]] ⋯[[ID]] ,[[PUNCT]] β[[UNKNOWN]] _{j_{n}}[[POSTSUBSCRIPT]] )[[CLOSE]]
Warning:not_parsed:ATOM>OPEN MathParser failed to match rule 'Anything'
	at 0304077.tex; line 498 col 2 - line 500 col 39
	In "$$\text{det}(A_{k}(\alpha_{l}|\beta_{i_{1}},\cdots,\beta_{i_{n}}|\beta_{j_{1}}%
	,\cdots,\beta_{j_{n}}))|_{1\leq k,l\leq n-1}\in H_{\text{irrep}}$$"
	\text{det}[[UNKNOWN]]
	        > ([[OPEN]] A[[UNKNOWN]] _{k}[[POSTSUBSCRIPT]] ([[OPEN]] α[[UNKNOWN]] _{l}[[POSTSUBSCRIPT]] |[[VERTBAR]] β[[UNKNOWN]] _{i_{1}}[[POSTSUBSCRIPT]] ,[[PUNCT]] ⋯[[ID]] ,[[PUNCT]] β[[UNKNOWN]] _{i_{n}}[[POSTSUBSCRIPT]] |[[VERTBAR]] β[[UNKNOWN]] _{j_{1}}[[POSTSUBSCRIPT]] ,[[PUNCT]] ⋯[[ID]] ,[[PUNCT]] β[[UNKNOWN]] _{j_{n}}[[POSTSUBSCRIPT]] )[[CLOSE]] )[[CLOSE]] |[[VERTBAR]] _{1\leqk,l\leqn-1}[[POSTSUBSCRIPT]] ∈[[RELOP]] H[[UNKNOWN]] _{\text{irrep}}[[POSTSUBSCRIPT]]
Warning:not_parsed:UNKNOWN.POSTSUBSCRIPT.CLOSE>FLOATSUBSCRIPT MathParser failed to match rule 'Anything'
	at 0304077.tex; line 598 col 0 - line 598 col 9
	In "$\displaystyle=w^{{\dagger}}(\beta_{1},\cdots,\beta_{i+1},\beta_{i},\cdots,%
	\beta_{2n}){}_{\epsilon_{1},\cdots,\epsilon_{i+1},\epsilon_{i},\cdots,\epsilon%
	_{2n}},\@@ENDINLINEMATH"
	=[[RELOP]] w[[UNKNOWN]] ^{{\dagger}}[[POSTSUPERSCRIPT]] ([[OPEN]] β[[UNKNOWN]] _{1}[[POSTSUBSCRIPT]] ,[[PUNCT]] ⋯[[ID]] ,[[PUNCT]] β[[UNKNOWN]] _{i+1}[[POSTSUBSCRIPT]] ,[[PUNCT]] β[[UNKNOWN]] _{i}[[POSTSUBSCRIPT]] ,[[PUNCT]] ⋯[[ID]] ,[[PUNCT]] β[[UNKNOWN]] _{2n}[[POSTSUBSCRIPT]] )[[CLOSE]]
	        > {}_{\epsilon_{1},\cdots,\epsilon_{i+1},\epsilon_{i},\cdots,\epsilon_{2n}}[[FLOATSUBSCRIPT]]
Warning:not_parsed:UNKNOWN.POSTSUBSCRIPT.CLOSE>FLOATSUBSCRIPT MathParser failed to match rule 'Anything'
	at 0304077.tex; line 598 col 0 - line 601 col 8
	In "$\displaystyle=w^{{\dagger}}(\beta_{1},\cdots,\beta_{i+1},\beta_{i},\cdots,%
	\beta_{2n}){}_{\epsilon_{1},\cdots,\epsilon_{i+1},\epsilon_{i},\cdots,\epsilon%
	_{2n}},$"
	=[[RELOP]] w[[UNKNOWN]] ^{{\dagger}}[[POSTSUPERSCRIPT]] ([[OPEN]] β[[UNKNOWN]] _{1}[[POSTSUBSCRIPT]] ,[[PUNCT]] ⋯[[ID]] ,[[PUNCT]] β[[UNKNOWN]] _{i+1}[[POSTSUBSCRIPT]] ,[[PUNCT]] β[[UNKNOWN]] _{i}[[POSTSUBSCRIPT]] ,[[PUNCT]] ⋯[[ID]] ,[[PUNCT]] β[[UNKNOWN]] _{2n}[[POSTSUBSCRIPT]] )[[CLOSE]]
	        > {}_{\epsilon_{1},\cdots,\epsilon_{i+1},\epsilon_{i},\cdots,\epsilon_{2n}}[[FLOATSUBSCRIPT]]
Warning:not_parsed:ATOM>OPEN MathParser failed to match rule 'Anything'
	at 0304077.tex; line 643 col 5 - line 643 col 23
	In "$\displaystyle\text{det}(\mathcal{H}$"
	\text{det}[[UNKNOWN]]
	        > ([[OPEN]] H[[UNKNOWN]]
Warning:not_parsed:UNKNOWN.POSTSUBSCRIPT.CLOSE>CLOSE MathParser failed to match rule 'Anything'
	at 0304077.tex; line 643 col 24 - line 644 col 48
	In "$\displaystyle(\beta_{1},\cdots,\beta_{2n})\mathcal{H}^{*}(\beta_{1},\cdots,%
	\beta_{2n}))=$"
	([[OPEN]] β[[UNKNOWN]] _{1}[[POSTSUBSCRIPT]] ,[[PUNCT]] ⋯[[ID]] ,[[PUNCT]] β[[UNKNOWN]] _{2n}[[POSTSUBSCRIPT]] )[[CLOSE]] H[[UNKNOWN]] ^{*}[[POSTSUPERSCRIPT]] ([[OPEN]] β[[UNKNOWN]] _{1}[[POSTSUBSCRIPT]] ,[[PUNCT]] ⋯[[ID]] ,[[PUNCT]] β[[UNKNOWN]] _{2n}[[POSTSUBSCRIPT]] )[[CLOSE]]
	        > )[[CLOSE]] =[[RELOP]]
Warning:not_parsed:UNKNOWN>OPEN MathParser failed to match rule 'Anything'
	at 0304077.tex; line 653 col 2 - line 653 col 2
	In "$\displaystyle u(\alpha_{1},\cdots,\alpha_{n-1}|\beta_{1},\cdots,\beta_{n-1},%
	\beta-\frac{\pi i}{2}|\beta_{n+1},\cdots,\beta_{2n-1},\beta+\frac{\pi i}{2})=\@@ENDINLINEMATH"
	u[[UNKNOWN]]
	        > ([[OPEN]] α[[UNKNOWN]] _{1}[[POSTSUBSCRIPT]] ,[[PUNCT]] ⋯[[ID]] ,[[PUNCT]] α[[UNKNOWN]] _{n-1}[[POSTSUBSCRIPT]] |[[VERTBAR]] β[[UNKNOWN]] _{1}[[POSTSUBSCRIPT]] ,[[PUNCT]] ⋯[[ID]] ,[[PUNCT]] β[[UNKNOWN]] _{n-1}[[POSTSUBSCRIPT]] ,[[PUNCT]] β[[UNKNOWN]] -[[ADDOP]] \frac{\pii}{2}[[UNKNOWN]] |[[VERTBAR]] β[[UNKNOWN]] _{n+1}[[POSTSUBSCRIPT]] ,[[PUNCT]] ⋯[[ID]] ,[[PUNCT]] β[[UNKNOWN]] _{2n-1}[[POSTSUBSCRIPT]] ,[[PUNCT]] β[[UNKNOWN]] +[[ADDOP]] \frac{\pii}{2}[[UNKNOWN]] )[[CLOSE]] =[[RELOP]]
Warning:not_parsed:UNKNOWN>OPEN MathParser failed to match rule 'Anything'
	at 0304077.tex; line 653 col 2 - line 654 col 56
	In "$\displaystyle u(\alpha_{1},\cdots,\alpha_{n-1}|\beta_{1},\cdots,\beta_{n-1},%
	\beta-\frac{\pi i}{2}|\beta_{n+1},\cdots,\beta_{2n-1},\beta+\frac{\pi i}{2})=$"
	u[[UNKNOWN]]
	        > ([[OPEN]] α[[UNKNOWN]] _{1}[[POSTSUBSCRIPT]] ,[[PUNCT]] ⋯[[ID]] ,[[PUNCT]] α[[UNKNOWN]] _{n-1}[[POSTSUBSCRIPT]] |[[VERTBAR]] β[[UNKNOWN]] _{1}[[POSTSUBSCRIPT]] ,[[PUNCT]] ⋯[[ID]] ,[[PUNCT]] β[[UNKNOWN]] _{n-1}[[POSTSUBSCRIPT]] ,[[PUNCT]] β[[UNKNOWN]] -[[ADDOP]] \frac{\pii}{2}[[UNKNOWN]] |[[VERTBAR]] β[[UNKNOWN]] _{n+1}[[POSTSUBSCRIPT]] ,[[PUNCT]] ⋯[[ID]] ,[[PUNCT]] β[[UNKNOWN]] _{2n-1}[[POSTSUBSCRIPT]] ,[[PUNCT]] β[[UNKNOWN]] +[[ADDOP]] \frac{\pii}{2}[[UNKNOWN]] )[[CLOSE]] =[[RELOP]]
Warning:not_parsed:MULOP.UNKNOWN>OPEN MathParser failed to match rule 'Anything'
	at 0304077.tex; line 659 col 0 - line 659 col 13
	In "$\displaystyle\times u(\alpha_{1},\cdots,\widehat{\alpha_{j}},\cdots,\alpha_{n%
	-1}|\beta_{1},\cdots,\beta_{n-1}|\beta_{n+1},\cdots,\beta_{2n-1})\@@ENDINLINEMATH"
	×[[MULOP]] u[[UNKNOWN]]
	        > ([[OPEN]] α[[UNKNOWN]] _{1}[[POSTSUBSCRIPT]] ,[[PUNCT]] ⋯[[ID]] ,[[PUNCT]] \widehat{\alpha_{j}}[[UNKNOWN]] ,[[PUNCT]] ⋯[[ID]] ,[[PUNCT]] α[[UNKNOWN]] _{n-1}[[POSTSUBSCRIPT]] |[[VERTBAR]] β[[UNKNOWN]] _{1}[[POSTSUBSCRIPT]] ,[[PUNCT]] ⋯[[ID]] ,[[PUNCT]] β[[UNKNOWN]] _{n-1}[[POSTSUBSCRIPT]] |[[VERTBAR]] β[[UNKNOWN]] _{n+1}[[POSTSUBSCRIPT]] ,[[PUNCT]] ⋯[[ID]] ,[[PUNCT]] β[[UNKNOWN]] _{2n-1}[[POSTSUBSCRIPT]] )[[CLOSE]]
Warning:not_parsed:MULOP.UNKNOWN>OPEN MathParser failed to match rule 'Anything'
	at 0304077.tex; line 659 col 0 - line 662 col 1
	In "$\displaystyle\times u(\alpha_{1},\cdots,\widehat{\alpha_{j}},\cdots,\alpha_{n%
	-1}|\beta_{1},\cdots,\beta_{n-1}|\beta_{n+1},\cdots,\beta_{2n-1})$"
	×[[MULOP]] u[[UNKNOWN]]
	        > ([[OPEN]] α[[UNKNOWN]] _{1}[[POSTSUBSCRIPT]] ,[[PUNCT]] ⋯[[ID]] ,[[PUNCT]] \widehat{\alpha_{j}}[[UNKNOWN]] ,[[PUNCT]] ⋯[[ID]] ,[[PUNCT]] α[[UNKNOWN]] _{n-1}[[POSTSUBSCRIPT]] |[[VERTBAR]] β[[UNKNOWN]] _{1}[[POSTSUBSCRIPT]] ,[[PUNCT]] ⋯[[ID]] ,[[PUNCT]] β[[UNKNOWN]] _{n-1}[[POSTSUBSCRIPT]] |[[VERTBAR]] β[[UNKNOWN]] _{n+1}[[POSTSUBSCRIPT]] ,[[PUNCT]] ⋯[[ID]] ,[[PUNCT]] β[[UNKNOWN]] _{2n-1}[[POSTSUBSCRIPT]] )[[CLOSE]]
Warning:not_parsed:POSTSUPERSCRIPT.VERTBAR.POSTSUBSCRIPT>PUNCT MathParser failed to match rule 'Anything'
	at 0304077.tex; line 679 col 0 - line 679 col 7
	In "$\displaystyle\times\text{det}|e^{k_{i}\alpha_{j}}|_{1\leq i,j\leq n-1}\ \ %
	\widetilde{h}(\alpha_{1},\cdots\alpha_{n-1}|\beta_{1},\cdots,\beta_{2n})\@@ENDINLINEMATH"
	×[[MULOP]] \text{det}[[UNKNOWN]] |[[VERTBAR]] e[[UNKNOWN]] ^{k_{i}\alpha_{j}}[[POSTSUPERSCRIPT]] |[[VERTBAR]] _{1\leqi,j\leqn-1}[[POSTSUBSCRIPT]]
	        > $\displaystyle\times\text{det}|e^{k_{i}\alpha_{j}}|_{1\leqi,j\leqn-1}\ \ \widetilde{h}(\alpha_{1},\cdots\alpha_{n-1}|\beta_{1},\cdots,\beta_{2n})\@@ENDINLINEMATH[[PUNCT]] \widetilde{h}[[UNKNOWN]] ([[OPEN]] α[[UNKNOWN]] _{1}[[POSTSUBSCRIPT]] ,[[PUNCT]] ⋯[[ID]] α[[UNKNOWN]] _{n-1}[[POSTSUBSCRIPT]] |[[VERTBAR]] β[[UNKNOWN]] _{1}[[POSTSUBSCRIPT]] ,[[PUNCT]] ⋯[[ID]] ,[[PUNCT]] β[[UNKNOWN]] _{2n}[[POSTSUBSCRIPT]] )[[CLOSE]]
Warning:not_parsed:POSTSUPERSCRIPT.VERTBAR.POSTSUBSCRIPT>PUNCT MathParser failed to match rule 'Anything'
	at 0304077.tex; line 679 col 0 - line 683 col 11
	In "$\displaystyle\times\text{det}|e^{k_{i}\alpha_{j}}|_{1\leq i,j\leq n-1}\ \ %
	\widetilde{h}(\alpha_{1},\cdots\alpha_{n-1}|\beta_{1},\cdots,\beta_{2n})$"
	×[[MULOP]] \text{det}[[UNKNOWN]] |[[VERTBAR]] e[[UNKNOWN]] ^{k_{i}\alpha_{j}}[[POSTSUPERSCRIPT]] |[[VERTBAR]] _{1\leqi,j\leqn-1}[[POSTSUBSCRIPT]]
	        > $\displaystyle\times\text{det}|e^{k_{i}\alpha_{j}}|_{1\leqi,j\leqn-1}\ \ \widetilde{h}(\alpha_{1},\cdots\alpha_{n-1}|\beta_{1},\cdots,\beta_{2n})$[[PUNCT]] \widetilde{h}[[UNKNOWN]] ([[OPEN]] α[[UNKNOWN]] _{1}[[POSTSUBSCRIPT]] ,[[PUNCT]] ⋯[[ID]] α[[UNKNOWN]] _{n-1}[[POSTSUBSCRIPT]] |[[VERTBAR]] β[[UNKNOWN]] _{1}[[POSTSUBSCRIPT]] ,[[PUNCT]] ⋯[[ID]] ,[[PUNCT]] β[[UNKNOWN]] _{2n}[[POSTSUBSCRIPT]] )[[CLOSE]]
Warning:not_parsed:SUMOP.POSTSUBSCRIPT.UNKNOWN>OPEN MathParser failed to match rule 'Anything'
	at 0304077.tex; line 716 col 0 - line 716 col 9
	In "$\displaystyle=\sum\limits_{\{1,\cdots,2n\}=\{i_{1},\cdots,i_{n}\}\cup\{j_{1},%
	\cdots,j_{n}\}}v(\alpha_{1},\cdots\alpha_{n-1}|\beta_{i_{1}},\cdots,\beta_{i_{%
	n}}|\beta_{j_{1}},\cdots,\beta_{j_{n}})\@@ENDINLINEMATH"
	=[[RELOP]] ∑[[SUMOP]] _{\{1,\cdots,2n\}=\{i_{1},\cdots,i_{n}\}\cup\{j_{1},\cdots,j_{n}\}}[[POSTSUBSCRIPT]] v[[UNKNOWN]]
	        > ([[OPEN]] α[[UNKNOWN]] _{1}[[POSTSUBSCRIPT]] ,[[PUNCT]] ⋯[[ID]] α[[UNKNOWN]] _{n-1}[[POSTSUBSCRIPT]] |[[VERTBAR]] β[[UNKNOWN]] _{i_{1}}[[POSTSUBSCRIPT]] ,[[PUNCT]] ⋯[[ID]] ,[[PUNCT]] β[[UNKNOWN]] _{i_{n}}[[POSTSUBSCRIPT]] |[[VERTBAR]] β[[UNKNOWN]] _{j_{1}}[[POSTSUBSCRIPT]] ,[[PUNCT]] ⋯[[ID]] ,[[PUNCT]] β[[UNKNOWN]] _{j_{n}}[[POSTSUBSCRIPT]] )[[CLOSE]]
Warning:not_parsed:SUMOP.POSTSUBSCRIPT.UNKNOWN>OPEN MathParser failed to match rule 'Anything'
	at 0304077.tex; line 716 col 0 - line 723 col 7
	In "$\displaystyle=\sum\limits_{\{1,\cdots,2n\}=\{i_{1},\cdots,i_{n}\}\cup\{j_{1},%
	\cdots,j_{n}\}}v(\alpha_{1},\cdots\alpha_{n-1}|\beta_{i_{1}},\cdots,\beta_{i_{%
	n}}|\beta_{j_{1}},\cdots,\beta_{j_{n}})$"
	=[[RELOP]] ∑[[SUMOP]] _{\{1,\cdots,2n\}=\{i_{1},\cdots,i_{n}\}\cup\{j_{1},\cdots,j_{n}\}}[[POSTSUBSCRIPT]] v[[UNKNOWN]]
	        > ([[OPEN]] α[[UNKNOWN]] _{1}[[POSTSUBSCRIPT]] ,[[PUNCT]] ⋯[[ID]] α[[UNKNOWN]] _{n-1}[[POSTSUBSCRIPT]] |[[VERTBAR]] β[[UNKNOWN]] _{i_{1}}[[POSTSUBSCRIPT]] ,[[PUNCT]] ⋯[[ID]] ,[[PUNCT]] β[[UNKNOWN]] _{i_{n}}[[POSTSUBSCRIPT]] |[[VERTBAR]] β[[UNKNOWN]] _{j_{1}}[[POSTSUBSCRIPT]] ,[[PUNCT]] ⋯[[ID]] ,[[PUNCT]] β[[UNKNOWN]] _{j_{n}}[[POSTSUBSCRIPT]] )[[CLOSE]]
Warning:not_parsed:SUMOP.POSTSUBSCRIPT.POSTSUPERSCRIPT>ATOM MathParser failed to match rule 'Anything'
	at 0304077.tex; line 723 col 13 - line 723 col 13
	In "$\displaystyle\times\prod\limits_{p,q=1}^{n}\frac{\beta_{i_{p}}-\beta_{j_{q}}+%
	\pi i}{\beta_{i_{p}}-\beta_{j_{q}}}\ w^{{\dagger}}_{\epsilon_{1},\cdots,%
	\epsilon_{2n}}(\beta_{1},\cdots\beta_{2n})\@@ENDINLINEMATH"
	×[[MULOP]] ∏[[SUMOP]] _{p,q=1}[[POSTSUBSCRIPT]] ^{n}[[POSTSUPERSCRIPT]]
	        > \frac{\beta_{i_{p}}-\beta_{j_{q}}+\pii}{\beta_{i_{p}}-\beta_{j_{q}}}[[UNKNOWN]] w[[UNKNOWN]] ^{{\dagger}}[[POSTSUPERSCRIPT]] _{\epsilon_{1},\cdots,\epsilon_{2n}}[[POSTSUBSCRIPT]] ([[OPEN]] β[[UNKNOWN]] _{1}[[POSTSUBSCRIPT]] ,[[PUNCT]] ⋯[[ID]] β[[UNKNOWN]] _{2n}[[POSTSUBSCRIPT]] )[[CLOSE]]
Warning:not_parsed:SUMOP.POSTSUBSCRIPT.POSTSUPERSCRIPT>ATOM MathParser failed to match rule 'Anything'
	at 0304077.tex; line 723 col 13 - line 726 col 11
	In "$\displaystyle\times\prod\limits_{p,q=1}^{n}\frac{\beta_{i_{p}}-\beta_{j_{q}}+%
	\pi i}{\beta_{i_{p}}-\beta_{j_{q}}}\ w^{{\dagger}}_{\epsilon_{1},\cdots,%
	\epsilon_{2n}}(\beta_{1},\cdots\beta_{2n})$"
	×[[MULOP]] ∏[[SUMOP]] _{p,q=1}[[POSTSUBSCRIPT]] ^{n}[[POSTSUPERSCRIPT]]
	        > \frac{\beta_{i_{p}}-\beta_{j_{q}}+\pii}{\beta_{i_{p}}-\beta_{j_{q}}}[[UNKNOWN]] w[[UNKNOWN]] ^{{\dagger}}[[POSTSUPERSCRIPT]] _{\epsilon_{1},\cdots,\epsilon_{2n}}[[POSTSUBSCRIPT]] ([[OPEN]] β[[UNKNOWN]] _{1}[[POSTSUBSCRIPT]] ,[[PUNCT]] ⋯[[ID]] β[[UNKNOWN]] _{2n}[[POSTSUBSCRIPT]] )[[CLOSE]]
Warning:not_parsed:POSTSUBSCRIPT.POSTSUPERSCRIPT.UNKNOWN>OPEN MathParser failed to match rule 'Anything'
	at 0304077.tex; line 732 col 5 - line 732 col 5
	In "$\displaystyle\sum\limits_{p=1}^{n+1}v(\alpha_{1},\cdots,\alpha_{n-1}|\beta_{i%
	_{1}},\cdots,\beta_{i_{n-1}},\beta_{j_{p}}|\beta_{j_{1}},\cdots,\widehat{\beta%
	_{j_{p}}},\cdots,\beta_{j_{n+1}})\@@ENDINLINEMATH"
	∑[[SUMOP]] _{p=1}[[POSTSUBSCRIPT]] ^{n+1}[[POSTSUPERSCRIPT]] v[[UNKNOWN]]
	        > ([[OPEN]] α[[UNKNOWN]] _{1}[[POSTSUBSCRIPT]] ,[[PUNCT]] ⋯[[ID]] ,[[PUNCT]] α[[UNKNOWN]] _{n-1}[[POSTSUBSCRIPT]] |[[VERTBAR]] β[[UNKNOWN]] _{i_{1}}[[POSTSUBSCRIPT]] ,[[PUNCT]] ⋯[[ID]] ,[[PUNCT]] β[[UNKNOWN]] _{i_{n-1}}[[POSTSUBSCRIPT]] ,[[PUNCT]] β[[UNKNOWN]] _{j_{p}}[[POSTSUBSCRIPT]] |[[VERTBAR]] β[[UNKNOWN]] _{j_{1}}[[POSTSUBSCRIPT]] ,[[PUNCT]] ⋯[[ID]] ,[[PUNCT]] \widehat{\beta_{j_{p}}}[[UNKNOWN]] ,[[PUNCT]] ⋯[[ID]] ,[[PUNCT]] β[[UNKNOWN]] _{j_{n+1}}[[POSTSUBSCRIPT]] )[[CLOSE]]
Warning:not_parsed:POSTSUBSCRIPT.POSTSUPERSCRIPT.UNKNOWN>OPEN MathParser failed to match rule 'Anything'
	at 0304077.tex; line 732 col 5 - line 735 col 7
	In "$\displaystyle\sum\limits_{p=1}^{n+1}v(\alpha_{1},\cdots,\alpha_{n-1}|\beta_{i%
	_{1}},\cdots,\beta_{i_{n-1}},\beta_{j_{p}}|\beta_{j_{1}},\cdots,\widehat{\beta%
	_{j_{p}}},\cdots,\beta_{j_{n+1}})$"
	∑[[SUMOP]] _{p=1}[[POSTSUBSCRIPT]] ^{n+1}[[POSTSUPERSCRIPT]] v[[UNKNOWN]]
	        > ([[OPEN]] α[[UNKNOWN]] _{1}[[POSTSUBSCRIPT]] ,[[PUNCT]] ⋯[[ID]] ,[[PUNCT]] α[[UNKNOWN]] _{n-1}[[POSTSUBSCRIPT]] |[[VERTBAR]] β[[UNKNOWN]] _{i_{1}}[[POSTSUBSCRIPT]] ,[[PUNCT]] ⋯[[ID]] ,[[PUNCT]] β[[UNKNOWN]] _{i_{n-1}}[[POSTSUBSCRIPT]] ,[[PUNCT]] β[[UNKNOWN]] _{j_{p}}[[POSTSUBSCRIPT]] |[[VERTBAR]] β[[UNKNOWN]] _{j_{1}}[[POSTSUBSCRIPT]] ,[[PUNCT]] ⋯[[ID]] ,[[PUNCT]] \widehat{\beta_{j_{p}}}[[UNKNOWN]] ,[[PUNCT]] ⋯[[ID]] ,[[PUNCT]] β[[UNKNOWN]] _{j_{n+1}}[[POSTSUBSCRIPT]] )[[CLOSE]]
Warning:not_parsed:MULOP.SUMOP.POSTSUBSCRIPT>ATOM MathParser failed to match rule 'Anything'
	at 0304077.tex; line 735 col 13 - line 735 col 13
	In "$\displaystyle\times\prod\limits_{q\neq p}\frac{\beta_{j_{p}}-\beta_{j_{q}}-%
	\pi i}{\beta_{j_{p}}-\beta_{j_{q}}}=0\@@ENDINLINEMATH"
	×[[MULOP]] ∏[[SUMOP]] _{q\neqp}[[POSTSUBSCRIPT]]
	        > \frac{\beta_{j_{p}}-\beta_{j_{q}}-\pii}{\beta_{j_{p}}-\beta_{j_{q}}}[[UNKNOWN]] =[[RELOP]] 0[[NUMBER]]
Warning:not_parsed:MULOP.SUMOP.POSTSUBSCRIPT>ATOM MathParser failed to match rule 'Anything'
	at 0304077.tex; line 735 col 13 - line 738 col 11
	In "$\displaystyle\times\prod\limits_{q\neq p}\frac{\beta_{j_{p}}-\beta_{j_{q}}-%
	\pi i}{\beta_{j_{p}}-\beta_{j_{q}}}=0$"
	×[[MULOP]] ∏[[SUMOP]] _{q\neqp}[[POSTSUBSCRIPT]]
	        > \frac{\beta_{j_{p}}-\beta_{j_{q}}-\pii}{\beta_{j_{p}}-\beta_{j_{q}}}[[UNKNOWN]] =[[RELOP]] 0[[NUMBER]]
Warning:not_parsed:SUMOP.POSTSUBSCRIPT.UNKNOWN>OPEN MathParser failed to match rule 'Anything'
	at 0304077.tex; line 742 col 5 - line 742 col 5
	In "$\displaystyle\sum\limits_{\{1,\cdots,2n\}=\{i_{1},\cdots,i_{n}\}\cup\{j_{1},%
	\cdots,j_{n}\}}v(\alpha_{1},\cdots,\alpha_{n-1}|\beta_{j_{1}},\cdots,\beta_{j_%
	{n}}|\beta_{i_{1}},\cdots,\beta_{i_{n}})\@@ENDINLINEMATH"
	∑[[SUMOP]] _{\{1,\cdots,2n\}=\{i_{1},\cdots,i_{n}\}\cup\{j_{1},\cdots,j_{n}\}}[[POSTSUBSCRIPT]] v[[UNKNOWN]]
	        > ([[OPEN]] α[[UNKNOWN]] _{1}[[POSTSUBSCRIPT]] ,[[PUNCT]] ⋯[[ID]] ,[[PUNCT]] α[[UNKNOWN]] _{n-1}[[POSTSUBSCRIPT]] |[[VERTBAR]] β[[UNKNOWN]] _{j_{1}}[[POSTSUBSCRIPT]] ,[[PUNCT]] ⋯[[ID]] ,[[PUNCT]] β[[UNKNOWN]] _{j_{n}}[[POSTSUBSCRIPT]] |[[VERTBAR]] β[[UNKNOWN]] _{i_{1}}[[POSTSUBSCRIPT]] ,[[PUNCT]] ⋯[[ID]] ,[[PUNCT]] β[[UNKNOWN]] _{i_{n}}[[POSTSUBSCRIPT]] )[[CLOSE]]
Warning:not_parsed:SUMOP.POSTSUBSCRIPT.UNKNOWN>OPEN MathParser failed to match rule 'Anything'
	at 0304077.tex; line 742 col 5 - line 746 col 7
	In "$\displaystyle\sum\limits_{\{1,\cdots,2n\}=\{i_{1},\cdots,i_{n}\}\cup\{j_{1},%
	\cdots,j_{n}\}}v(\alpha_{1},\cdots,\alpha_{n-1}|\beta_{j_{1}},\cdots,\beta_{j_%
	{n}}|\beta_{i_{1}},\cdots,\beta_{i_{n}})$"
	∑[[SUMOP]] _{\{1,\cdots,2n\}=\{i_{1},\cdots,i_{n}\}\cup\{j_{1},\cdots,j_{n}\}}[[POSTSUBSCRIPT]] v[[UNKNOWN]]
	        > ([[OPEN]] α[[UNKNOWN]] _{1}[[POSTSUBSCRIPT]] ,[[PUNCT]] ⋯[[ID]] ,[[PUNCT]] α[[UNKNOWN]] _{n-1}[[POSTSUBSCRIPT]] |[[VERTBAR]] β[[UNKNOWN]] _{j_{1}}[[POSTSUBSCRIPT]] ,[[PUNCT]] ⋯[[ID]] ,[[PUNCT]] β[[UNKNOWN]] _{j_{n}}[[POSTSUBSCRIPT]] |[[VERTBAR]] β[[UNKNOWN]] _{i_{1}}[[POSTSUBSCRIPT]] ,[[PUNCT]] ⋯[[ID]] ,[[PUNCT]] β[[UNKNOWN]] _{i_{n}}[[POSTSUBSCRIPT]] )[[CLOSE]]
Warning:not_parsed:MULOP.UNKNOWN>OPEN MathParser failed to match rule 'Anything'
	at 0304077.tex; line 748 col 6 - line 748 col 6
	In "$\displaystyle\times u(\alpha_{1}^{\prime},\cdots,\alpha_{n-1}^{\prime}|\beta_%
	{i_{1}},\cdots,\beta_{i_{n}}|\beta_{j_{1}},\cdots,\beta_{j_{n}})\prod\limits_{%
	p,q=1}^{n}\frac{1}{\beta_{i_{p}}-\beta_{j_{q}}}=\@@ENDINLINEMATH"
	×[[MULOP]] u[[UNKNOWN]]
	        > ([[OPEN]] α[[UNKNOWN]] _{1}[[POSTSUBSCRIPT]] ^{\prime}[[POSTSUPERSCRIPT]] ,[[PUNCT]] ⋯[[ID]] ,[[PUNCT]] α[[UNKNOWN]] _{n-1}[[POSTSUBSCRIPT]] ^{\prime}[[POSTSUPERSCRIPT]] |[[VERTBAR]] β[[UNKNOWN]] _{i_{1}}[[POSTSUBSCRIPT]] ,[[PUNCT]] ⋯[[ID]] ,[[PUNCT]] β[[UNKNOWN]] _{i_{n}}[[POSTSUBSCRIPT]] |[[VERTBAR]] β[[UNKNOWN]] _{j_{1}}[[POSTSUBSCRIPT]] ,[[PUNCT]] ⋯[[ID]] ,[[PUNCT]] β[[UNKNOWN]] _{j_{n}}[[POSTSUBSCRIPT]] )[[CLOSE]] ∏[[SUMOP]] _{p,q=1}[[POSTSUBSCRIPT]] ^{n}[[POSTSUPERSCRIPT]] \frac{1}{\beta_{i_{p}}-\beta_{j_{q}}}[[UNKNOWN]] =[[RELOP]]
Warning:not_parsed:MULOP.UNKNOWN>OPEN MathParser failed to match rule 'Anything'
	at 0304077.tex; line 748 col 6 - line 751 col 55
	In "$\displaystyle\times u(\alpha_{1}^{\prime},\cdots,\alpha_{n-1}^{\prime}|\beta_%
	{i_{1}},\cdots,\beta_{i_{n}}|\beta_{j_{1}},\cdots,\beta_{j_{n}})\prod\limits_{%
	p,q=1}^{n}\frac{1}{\beta_{i_{p}}-\beta_{j_{q}}}=$"
	×[[MULOP]] u[[UNKNOWN]]
	        > ([[OPEN]] α[[UNKNOWN]] _{1}[[POSTSUBSCRIPT]] ^{\prime}[[POSTSUPERSCRIPT]] ,[[PUNCT]] ⋯[[ID]] ,[[PUNCT]] α[[UNKNOWN]] _{n-1}[[POSTSUBSCRIPT]] ^{\prime}[[POSTSUPERSCRIPT]] |[[VERTBAR]] β[[UNKNOWN]] _{i_{1}}[[POSTSUBSCRIPT]] ,[[PUNCT]] ⋯[[ID]] ,[[PUNCT]] β[[UNKNOWN]] _{i_{n}}[[POSTSUBSCRIPT]] |[[VERTBAR]] β[[UNKNOWN]] _{j_{1}}[[POSTSUBSCRIPT]] ,[[PUNCT]] ⋯[[ID]] ,[[PUNCT]] β[[UNKNOWN]] _{j_{n}}[[POSTSUBSCRIPT]] )[[CLOSE]] ∏[[SUMOP]] _{p,q=1}[[POSTSUBSCRIPT]] ^{n}[[POSTSUPERSCRIPT]] \frac{1}{\beta_{i_{p}}-\beta_{j_{q}}}[[UNKNOWN]] =[[RELOP]]
Warning:not_parsed:UNKNOWN>OPEN MathParser failed to match rule 'Anything'
	at 0304077.tex; line 780 col 2 - line 781 col 57
	In "$v(\alpha_{1},\cdots\alpha_{n-1}|\beta_{i_{1}},\cdots,\beta_{i_{n}}|\beta_{j_{%
	1}},\cdots,\beta_{j_{n}})$"
	v[[UNKNOWN]]
	        > ([[OPEN]] α[[UNKNOWN]] _{1}[[POSTSUBSCRIPT]] ,[[PUNCT]] ⋯[[ID]] α[[UNKNOWN]] _{n-1}[[POSTSUBSCRIPT]] |[[VERTBAR]] β[[UNKNOWN]] _{i_{1}}[[POSTSUBSCRIPT]] ,[[PUNCT]] ⋯[[ID]] ,[[PUNCT]] β[[UNKNOWN]] _{i_{n}}[[POSTSUBSCRIPT]] |[[VERTBAR]] β[[UNKNOWN]] _{j_{1}}[[POSTSUBSCRIPT]] ,[[PUNCT]] ⋯[[ID]] ,[[PUNCT]] β[[UNKNOWN]] _{j_{n}}[[POSTSUBSCRIPT]] )[[CLOSE]]
 90.35 sec)
Math parsing succeeded:
   ltx:XMArg: 2000/2000
   ltx:XMWrap: 18/18
   ltx:XMath: 318/371
Symbols assumed as simple identifiers (with # of occurences):
   'A{italic}' (31), 'B{italic}' (2), 'C{blackboard}' (19), 'C{italic}' (6), 'Delta' (5), 'D{italic}' (11), 'F{caligraphic}' (3), 'Gamma' (10), 'G{caligraphic}' (1), 'H{caligraphic}' (19), 'H{italic}' (4), 'I{italic}' (1), 'J{italic}' (3), 'Phi' (15), 'P{caligraphic}' (5), 'P{italic}' (42), 'Q{italic}' (6), 'R{italic}' (11), 'S{italic}' (46), 'Theta' (4), 'U{italic}' (1), 'X{italic}' (4), 'Z{blackboard}' (2), 'alpha' (383), 'a{italic}' (33), 'beta' (710), 'b{italic}' (15), 'c{italic}' (24), 'delta' (10), 'd{italic}' (31), 'epsilon' (58), 'eta' (17), 'e{italic}' (53), 'f{italic}' (18), 'gamma' (20), 'g{italic}' (16), 'h{italic}' (8), 'i{italic}' (247), 'j{italic}' (177), 'k{italic}' (87), 'l{italic}' (26), 'n{italic}' (349), 'omega' (5), 'o{italic}' (2), 'pi' (113), 'p{italic}' (42), 'q{italic}' (18), 'rho' (2), 'r{italic}' (2), 'sigma' (11), 's{italic}' (51), 'theta' (2), 't{italic}' (2), 'u{italic}' (37), 'varphi' (12), 'v{italic}' (21), 'w{italic}' (29), 'xi' (17), 'x{italic}' (2), 'zeta' (17), 'z{italic}' (12)
Set MATHPARSER_SPECULATE to speculate on possible notations.
(Finalizing... 4.26 sec)
Conversion complete 53 warnings (See /home/user/latex-in-arxiv/0304077.latexml.log) (reqd. 2m 0.76s)
