latexml (LaTeXML version 0.8.6) processing 2003/0304212.tex
(Digesting TeX 0304212...
(Loading /usr/share/perl5/LaTeXML/Package/TeX.pool.ltxml...
(Loading /usr/share/perl5/LaTeXML/Package/eTeX.pool.ltxml... 0.00 sec)
(Loading /usr/share/perl5/LaTeXML/Package/pdfTeX.pool.ltxml... 0.01 sec) 0.12 sec)
(Processing content /home/user/latex-in-arxiv/2003/0304212.tex...
(Loading /usr/share/perl5/LaTeXML/Package/LaTeX.pool.ltxml...
(Loading /usr/share/perl5/LaTeXML/Package/textcomp.sty.ltxml...
(Processing definitions /usr/share/texlive/texmf-dist/tex/latex-dev/base/ts1enc.dfu... 0.02 sec) 0.97 sec) 1.15 sec)
(Loading /usr/share/perl5/LaTeXML/Package/article.cls.ltxml... 0.01 sec)
(Loading /usr/share/perl5/LaTeXML/Package/epsfig.sty.ltxml...
(Loading /usr/share/perl5/LaTeXML/Package/graphicx.sty.ltxml...
(Loading /usr/share/perl5/LaTeXML/Package/graphics.sty.ltxml... 0.01 sec) 0.01 sec) 0.03 sec) 4.29 sec) 4.46 sec)
(Building...
(Loading compiled schema /usr/share/perl5/LaTeXML/resources/RelaxNG/LaTeXML.model... 0.01 sec) 3.83 sec)
(Rewriting... 0.13 sec)
(Math Parsing 355 formulae ......
Warning:not_parsed:UNKNOWN.POSTSUPERSCRIPT.UNKNOWN>OPEN MathParser failed to match rule 'Anything'
	at 0304212.tex; line 500 col 1 - line 500 col 1
	In "$\displaystyle S_{\rm cl}={1\over 2\pi}\int d^{2}z(\partial Z^{i}\bar{\partial%
	}\bar{Z}^{i}+\bar{\partial}Z^{i}\partial\bar{Z}^{i})-{B_{i,i+1}\over 2\pi}\int
	d%
	^{2}z(\partial Z^{i}\bar{\partial}\bar{Z}^{i}-\bar{\partial}Z^{i}\partial\bar{%
	Z}^{i})+{1\over 2\pi}\int d^{2}z\biggl{[}{\cal A}_{iI}(\partial Z^{i}\bar{%
	\partial}Z^{I}-\bar{\partial}Z^{i}\partial Z^{I})+{\cal A}_{iI}^{\prime}(%
	\partial Z^{i}\bar{\partial}\bar{Z}^{I}-\bar{\partial}Z^{i}\partial\bar{Z}^{I}%
	)-{\rm h.c.}\biggr{]}\;,\@@ENDINLINEMATH"
	S[[UNKNOWN]] _{\rmcl}[[POSTSUBSCRIPT]] =[[RELOP]] 1\over2\pi[[UNKNOWN]] ∫[[INTOP]] d[[UNKNOWN]] ^{2}[[POSTSUPERSCRIPT]] z[[UNKNOWN]] ([[OPEN]] ∂[[OPERATOR]] Z[[UNKNOWN]] ^{i}[[POSTSUPERSCRIPT]] \bar{\partial}[[UNKNOWN]] \bar{Z}[[UNKNOWN]] ^{i}[[POSTSUPERSCRIPT]] +[[ADDOP]] \bar{\partial}[[UNKNOWN]] Z[[UNKNOWN]] ^{i}[[POSTSUPERSCRIPT]] ∂[[OPERATOR]] \bar{Z}[[UNKNOWN]] ^{i}[[POSTSUPERSCRIPT]] )[[CLOSE]] -[[ADDOP]] B_{i,i+1}\over2\pi[[UNKNOWN]] ∫[[INTOP]] d[[UNKNOWN]] ^{2}[[POSTSUPERSCRIPT]] z[[UNKNOWN]] ([[OPEN]] ∂[[OPERATOR]] Z[[UNKNOWN]] ^{i}[[POSTSUPERSCRIPT]] \bar{\partial}[[UNKNOWN]] \bar{Z}[[UNKNOWN]] ^{i}[[POSTSUPERSCRIPT]] -[[ADDOP]] \bar{\partial}[[UNKNOWN]] Z[[UNKNOWN]] ^{i}[[POSTSUPERSCRIPT]] ∂[[OPERATOR]] \bar{Z}[[UNKNOWN]] ^{i}[[POSTSUPERSCRIPT]] )[[CLOSE]] +[[ADDOP]] 1\over2\pi[[UNKNOWN]] ∫[[INTOP]] d[[UNKNOWN]] ^{2}[[POSTSUPERSCRIPT]] z[[UNKNOWN]]
	        > [[[OPEN]] A[[UNKNOWN]] _{iI}[[POSTSUBSCRIPT]] ([[OPEN]] ∂[[OPERATOR]] Z[[UNKNOWN]] ^{i}[[POSTSUPERSCRIPT]] \bar{\partial}[[UNKNOWN]] Z[[UNKNOWN]] ^{I}[[POSTSUPERSCRIPT]] -[[ADDOP]] \bar{\partial}[[UNKNOWN]] Z[[UNKNOWN]] ^{i}[[POSTSUPERSCRIPT]] ∂[[OPERATOR]] Z[[UNKNOWN]] ^{I}[[POSTSUPERSCRIPT]] )[[CLOSE]] +[[ADDOP]] A[[UNKNOWN]] _{iI}[[POSTSUBSCRIPT]] ^{\prime}[[POSTSUPERSCRIPT]] ([[OPEN]] ∂[[OPERATOR]] Z[[UNKNOWN]] ^{i}[[POSTSUPERSCRIPT]] \bar{\partial}[[UNKNOWN]] \bar{Z}[[UNKNOWN]] ^{I}[[POSTSUPERSCRIPT]] -[[ADDOP]] \bar{\partial}[[UNKNOWN]] Z[[UNKNOWN]] ^{i}[[POSTSUPERSCRIPT]] ∂[[OPERATOR]] \bar{Z}[[UNKNOWN]] ^{I}[[POSTSUPERSCRIPT]] )[[CLOSE]] -[[ADDOP]] h[[UNKNOWN]] .[[PERIOD]] c[[UNKNOWN]] .[[PERIOD]] ][[CLOSE]]
Warning:not_parsed:UNKNOWN.POSTSUPERSCRIPT.UNKNOWN>OPEN MathParser failed to match rule 'Anything'
	at 0304212.tex; line 505 col 5 - line 511 col 14
	In "$\displaystyle{1\over 2\pi}\int d^{2}z\biggl{[}{\cal A}_{iI}(\partial Z^{i}%
	\bar{\partial}Z^{I}-\bar{\partial}Z^{i}\partial Z^{I})+{\cal A}_{iI}^{\prime}(%
	\partial Z^{i}\bar{\partial}\bar{Z}^{I}-\bar{\partial}Z^{i}\partial\bar{Z}^{I}%
	)-{\rm h.c.}\biggr{]}\;,$"
	1\over2\pi[[UNKNOWN]] ∫[[INTOP]] d[[UNKNOWN]] ^{2}[[POSTSUPERSCRIPT]] z[[UNKNOWN]]
	        > [[[OPEN]] A[[UNKNOWN]] _{iI}[[POSTSUBSCRIPT]] ([[OPEN]] ∂[[OPERATOR]] Z[[UNKNOWN]] ^{i}[[POSTSUPERSCRIPT]] \bar{\partial}[[UNKNOWN]] Z[[UNKNOWN]] ^{I}[[POSTSUPERSCRIPT]] -[[ADDOP]] \bar{\partial}[[UNKNOWN]] Z[[UNKNOWN]] ^{i}[[POSTSUPERSCRIPT]] ∂[[OPERATOR]] Z[[UNKNOWN]] ^{I}[[POSTSUPERSCRIPT]] )[[CLOSE]] +[[ADDOP]] A[[UNKNOWN]] _{iI}[[POSTSUBSCRIPT]] ^{\prime}[[POSTSUPERSCRIPT]] ([[OPEN]] ∂[[OPERATOR]] Z[[UNKNOWN]] ^{i}[[POSTSUPERSCRIPT]] \bar{\partial}[[UNKNOWN]] \bar{Z}[[UNKNOWN]] ^{I}[[POSTSUPERSCRIPT]] -[[ADDOP]] \bar{\partial}[[UNKNOWN]] Z[[UNKNOWN]] ^{i}[[POSTSUPERSCRIPT]] ∂[[OPERATOR]] \bar{Z}[[UNKNOWN]] ^{I}[[POSTSUPERSCRIPT]] )[[CLOSE]] -[[ADDOP]] h[[UNKNOWN]] .[[PERIOD]] c[[UNKNOWN]] .[[PERIOD]] ][[CLOSE]]
Warning:not_parsed:NUMBER.PUNCT.NUMBER>PUNCT MathParser failed to match rule 'Anything'
	at 0304212.tex; line 513 col 2 - line 513 col 39
	In "$Z^{I}=X^{I}+iX^{I+1}\;\;,I=1,3,..,15\;$"
	Z[[UNKNOWN]] ^{I}[[POSTSUPERSCRIPT]] =[[RELOP]] X[[UNKNOWN]] ^{I}[[POSTSUPERSCRIPT]] +[[ADDOP]] i[[UNKNOWN]] X[[UNKNOWN]] ^{I+1}[[POSTSUPERSCRIPT]] ,[[PUNCT]] I[[UNKNOWN]] =[[RELOP]] 1[[NUMBER]] ,[[PUNCT]] 3[[NUMBER]]
	        > ,[[PUNCT]] .[[PERIOD]] .[[PERIOD]] ,[[PUNCT]] 15[[NUMBER]]
Warning:not_parsed:POSTSUBSCRIPT.RELOP.UNKNOWN>MULOP MathParser failed to match rule 'Anything'
	at 0304212.tex; line 580 col 3 - line 580 col 3
	In "$\displaystyle Y_{\alpha\beta\gamma}={\rm const}\times\@@ENDINLINEMATH"
	Y[[UNKNOWN]] _{\alpha\beta\gamma}[[POSTSUBSCRIPT]] =[[RELOP]] const[[UNKNOWN]]
	        > ×[[MULOP]]
Warning:not_parsed:POSTSUBSCRIPT.RELOP.UNKNOWN>MULOP MathParser failed to match rule 'Anything'
	at 0304212.tex; line 580 col 3 - line 581 col 1
	In "$\displaystyle Y_{\alpha\beta\gamma}={\rm const}\times$"
	Y[[UNKNOWN]] _{\alpha\beta\gamma}[[POSTSUBSCRIPT]] =[[RELOP]] const[[UNKNOWN]]
	        > ×[[MULOP]]
 7.55 sec)
Math parsing succeeded:
   ltx:XMath: 350/355
   ltx:XMArg: 839/839
Symbols assumed as simple identifiers (with # of occurences):
   'A{caligraphic}' (14), 'A{italic}' (35), 'B{italic}' (23), 'Delta' (5), 'D{italic}' (1), 'E{italic}' (19), 'F{italic}' (3), 'G{italic}' (7), 'H{italic}' (4), 'Im' (2), 'I{italic}' (33), 'Lambda' (7), 'L{caligraphic}' (1), 'N{italic}' (48), 'O{italic}' (7), 'Q{italic}' (2), 'Re' (2), 'R{italic}' (2), 'S{italic}' (29), 'Theta' (2), 'T{italic}' (15), 'U{italic}' (20), 'X{italic}' (44), 'Y{italic}' (13), 'Z{bold}' (2), 'Z{italic}' (74), 'alpha' (12), 'a{italic}' (63), 'b' (5), 'beta' (12), 'b{italic}' (10), 'c' (4), 'const' (7), 'c{italic}' (7), 'det' (6), 'd{italic}' (40), 'ell' (10), 'epsilon' (5), 'eta' (1), 'e{italic}' (77), 'f{italic}' (8), 'gamma' (5), 'g{italic}' (13), 'h' (4), 'i{italic}' (117), 'j{italic}' (23), 'k{italic}' (30), 'l{italic}' (34), 'mod' (1), 'mu' (2), 'm{italic}' (18), 'nu' (2), 'n{italic}' (40), 'o{italic}' (7), 'phi' (2), 'pi' (27), 'p{italic}' (7), 'q{italic}' (3), 'r{italic}' (11), 'sigma' (3), 's{italic}' (4), 'tau' (3), 'theta' (66), 't{italic}' (5), 'u{italic}' (2), 'vs' (2), 'v{italic}' (17), 'y{italic}' (3), 'z{italic}' (43)
Set MATHPARSER_SPECULATE to speculate on possible notations.
(Finalizing... 0.67 sec)
Conversion complete 5 warnings (See /home/user/latex-in-arxiv/0304212.latexml.log) (reqd. 17.13s)
