latexml (LaTeXML version 0.8.6) processing 2003/0304179.tex
(Digesting TeX 0304179...
(Loading /usr/share/perl5/LaTeXML/Package/TeX.pool.ltxml...
(Loading /usr/share/perl5/LaTeXML/Package/eTeX.pool.ltxml... 0.00 sec)
(Loading /usr/share/perl5/LaTeXML/Package/pdfTeX.pool.ltxml... 0.01 sec) 0.13 sec)
(Processing content /home/user/latex-in-arxiv/2003/0304179.tex...
(Loading /usr/share/perl5/LaTeXML/Package/LaTeX.pool.ltxml...
(Loading /usr/share/perl5/LaTeXML/Package/textcomp.sty.ltxml...
(Processing definitions /usr/share/texlive/texmf-dist/tex/latex-dev/base/ts1enc.dfu... 0.04 sec) 1.46 sec) 1.64 sec)
(Loading /usr/share/perl5/LaTeXML/Package/article.cls.ltxml... 0.02 sec)
(Loading /usr/share/perl5/LaTeXML/Package/amssymb.sty.ltxml...
(Loading /usr/share/perl5/LaTeXML/Package/amsfonts.sty.ltxml... 0.00 sec) 0.03 sec) 8.63 sec) 8.83 sec)
(Building...
(Loading compiled schema /usr/share/perl5/LaTeXML/resources/RelaxNG/LaTeXML.model... 0.01 sec) 10.17 sec)
(Rewriting... 0.21 sec)
(Math Parsing 838 formulae ......
Warning:not_parsed:>VERTBAR MathParser failed to match rule 'Anything'
	at 0304179.tex; line 332 col 57 - line 332 col 60
	In "$|g.$"
	> |[[VERTBAR]] g[[UNKNOWN]]
Warning:not_parsed:>VERTBAR MathParser failed to match rule 'Anything'
	at 0304179.tex; line 334 col 17 - line 334 col 21
	In "$|g,h$"
	> |[[VERTBAR]] g[[UNKNOWN]] ,[[PUNCT]] h[[UNKNOWN]]
Warning:not_parsed:>VERTBAR MathParser failed to match rule 'Anything'
	at 0304179.tex; line 336 col 19 - line 336 col 21
	In "$|P$"
	> |[[VERTBAR]] P[[UNKNOWN]]
Warning:not_parsed:>VERTBAR MathParser failed to match rule 'Anything'
	at 0304179.tex; line 338 col 19 - line 338 col 21
	In "$|g$"
	> |[[VERTBAR]] g[[UNKNOWN]]
Warning:not_parsed:>VERTBAR MathParser failed to match rule 'Anything'
	at 0304179.tex; line 340 col 43 - line 340 col 45
	In "$|h$"
	> |[[VERTBAR]] h[[UNKNOWN]]
Warning:not_parsed:>VERTBAR MathParser failed to match rule 'Anything'
	at 0304179.tex; line 468 col 19 - line 468 col 21
	In "$|c$"
	> |[[VERTBAR]] c[[UNKNOWN]]
Warning:not_parsed:UNKNOWN.UNKNOWN.CLOSE>RELOP MathParser failed to match rule 'Anything'
	at 0304179.tex; line 472 col 2 - line 472 col 26
	In "$G(ab)=\{c:c\parallel a,b$"
	G[[UNKNOWN]] ([[OPEN]] a[[UNKNOWN]] b[[UNKNOWN]] )[[CLOSE]]
	        > =[[RELOP]] \{[[OPEN]] c[[UNKNOWN]] :[[METARELOP]] c[[UNKNOWN]] ∥[[VERTBAR]] a[[UNKNOWN]] ,[[PUNCT]] b[[UNKNOWN]]
Warning:not_parsed:UNKNOWN.VERTBAR.UNKNOWN>CLOSE MathParser failed to match rule 'Anything'
	at 0304179.tex; line 472 col 36 - line 472 col 51
	In "$a\parallel b\},$"
	a[[UNKNOWN]] ∥[[VERTBAR]] b[[UNKNOWN]]
	        > \}[[CLOSE]]
Warning:not_parsed:>VERTBAR MathParser failed to match rule 'Anything'
	at 0304179.tex; line 484 col 46 - line 484 col 48
	In "$|P$"
	> |[[VERTBAR]] P[[UNKNOWN]]
Warning:not_parsed:OPEN.UNKNOWN.CLOSE>RELOP MathParser failed to match rule 'Anything'
	at 0304179.tex; line 530 col 2 - line 530 col 40
	In "$g(a)=\{G(P),G(x),G(bc)_{\infty}:x,P|a$"
	g[[UNKNOWN]] ([[OPEN]] a[[UNKNOWN]] )[[CLOSE]]
	        > =[[RELOP]] \{[[OPEN]] G[[UNKNOWN]] ([[OPEN]] P[[UNKNOWN]] )[[CLOSE]] ,[[PUNCT]] G[[UNKNOWN]] ([[OPEN]] x[[UNKNOWN]] )[[CLOSE]] ,[[PUNCT]] G[[UNKNOWN]] ([[OPEN]] b[[UNKNOWN]] c[[UNKNOWN]] )[[CLOSE]] _{\infty}[[POSTSUBSCRIPT]] :[[METARELOP]] x[[UNKNOWN]] ,[[PUNCT]] P[[UNKNOWN]] |[[VERTBAR]] a[[UNKNOWN]]
Warning:not_parsed:UNKNOWN.VERTBAR.UNKNOWN>CLOSE MathParser failed to match rule 'Anything'
	at 0304179.tex; line 531 col 8 - line 531 col 23
	In "$b\parallel c\}.$"
	b[[UNKNOWN]] ∥[[VERTBAR]] c[[UNKNOWN]]
	        > \}[[CLOSE]]
Warning:not_parsed:OPEN.UNKNOWN.CLOSE>RELOP MathParser failed to match rule 'Anything'
	at 0304179.tex; line 541 col 2 - line 541 col 42
	In "$g(c)=\{G(P),G(x),G(ab)_{\infty}:x,P\ |c$"
	g[[UNKNOWN]] ([[OPEN]] c[[UNKNOWN]] )[[CLOSE]]
	        > =[[RELOP]] \{[[OPEN]] G[[UNKNOWN]] ([[OPEN]] P[[UNKNOWN]] )[[CLOSE]] ,[[PUNCT]] G[[UNKNOWN]] ([[OPEN]] x[[UNKNOWN]] )[[CLOSE]] ,[[PUNCT]] G[[UNKNOWN]] ([[OPEN]] a[[UNKNOWN]] b[[UNKNOWN]] )[[CLOSE]] _{\infty}[[POSTSUBSCRIPT]] :[[METARELOP]] x[[UNKNOWN]] ,[[PUNCT]] P[[UNKNOWN]] |[[VERTBAR]] c[[UNKNOWN]]
Warning:not_parsed:UNKNOWN.VERTBAR.UNKNOWN>CLOSE MathParser failed to match rule 'Anything'
	at 0304179.tex; line 542 col 22 - line 542 col 36
	In "$a\parallel b\}$"
	a[[UNKNOWN]] ∥[[VERTBAR]] b[[UNKNOWN]]
	        > \}[[CLOSE]]
Warning:not_parsed:>VERTBAR MathParser failed to match rule 'Anything'
	at 0304179.tex; line 546 col 12 - line 546 col 14
	In "$|P$"
	> |[[VERTBAR]] P[[UNKNOWN]]
Warning:not_parsed:POSTSUBSCRIPT.CLOSE.ADDOP>OPEN MathParser failed to match rule 'Anything'
	at 0304179.tex; line 554 col 2 - line 554 col 65
	In "$g(ab)_{\infty}=\{G(ab)_{\infty}\}\cup\{G(x):x\in\mathcal{G}$"
	g[[UNKNOWN]] ([[OPEN]] a[[UNKNOWN]] b[[UNKNOWN]] )[[CLOSE]] _{\infty}[[POSTSUBSCRIPT]] =[[RELOP]] \{[[OPEN]] G[[UNKNOWN]] ([[OPEN]] a[[UNKNOWN]] b[[UNKNOWN]] )[[CLOSE]] _{\infty}[[POSTSUBSCRIPT]] \}[[CLOSE]] ∪[[ADDOP]]
	        > \{[[OPEN]] G[[UNKNOWN]] ([[OPEN]] x[[UNKNOWN]] )[[CLOSE]] :[[METARELOP]] x[[UNKNOWN]] ∈[[RELOP]] G[[UNKNOWN]]
Warning:not_parsed:UNKNOWN.RELOP.UNKNOWN>CLOSE MathParser failed to match rule 'Anything'
	at 0304179.tex; line 555 col 1 - line 555 col 21
	In "$abx\in\mathcal{G}\}$"
	a[[UNKNOWN]] b[[UNKNOWN]] x[[UNKNOWN]] ∈[[RELOP]] G[[UNKNOWN]]
	        > \}[[CLOSE]]
Warning:not_parsed:>VERTBAR MathParser failed to match rule 'Anything'
	at 0304179.tex; line 562 col 40 - line 562 col 42
	In "$|c$"
	> |[[VERTBAR]] c[[UNKNOWN]]
Warning:not_parsed:OPEN.UNKNOWN.CLOSE>RELOP MathParser failed to match rule 'Anything'
	at 0304179.tex; line 587 col 2 - line 587 col 40
	In "$g(c)=\{G(P),G(x),G(ab)_{\infty}:x,P|c$"
	g[[UNKNOWN]] ([[OPEN]] c[[UNKNOWN]] )[[CLOSE]]
	        > =[[RELOP]] \{[[OPEN]] G[[UNKNOWN]] ([[OPEN]] P[[UNKNOWN]] )[[CLOSE]] ,[[PUNCT]] G[[UNKNOWN]] ([[OPEN]] x[[UNKNOWN]] )[[CLOSE]] ,[[PUNCT]] G[[UNKNOWN]] ([[OPEN]] a[[UNKNOWN]] b[[UNKNOWN]] )[[CLOSE]] _{\infty}[[POSTSUBSCRIPT]] :[[METARELOP]] x[[UNKNOWN]] ,[[PUNCT]] P[[UNKNOWN]] |[[VERTBAR]] c[[UNKNOWN]]
Warning:not_parsed:UNKNOWN.VERTBAR.UNKNOWN>CLOSE MathParser failed to match rule 'Anything'
	at 0304179.tex; line 588 col 8 - line 588 col 22
	In "$a\parallel b\}$"
	a[[UNKNOWN]] ∥[[VERTBAR]] b[[UNKNOWN]]
	        > \}[[CLOSE]]
Warning:not_parsed:UNKNOWN.CLOSE.POSTSUBSCRIPT>RELOP MathParser failed to match rule 'Anything'
	at 0304179.tex; line 590 col 2 - line 590 col 55
	In "$G(ef)_{\infty}=\{x\in\mathcal{G}:xef\in\mathcal{G}$"
	G[[UNKNOWN]] ([[OPEN]] e[[UNKNOWN]] f[[UNKNOWN]] )[[CLOSE]] _{\infty}[[POSTSUBSCRIPT]]
	        > =[[RELOP]] \{[[OPEN]] x[[UNKNOWN]] ∈[[RELOP]] G[[UNKNOWN]] :[[METARELOP]] x[[UNKNOWN]] e[[UNKNOWN]] f[[UNKNOWN]] ∈[[RELOP]] G[[UNKNOWN]]
Warning:not_parsed:UNKNOWN.VERTBAR.UNKNOWN>CLOSE MathParser failed to match rule 'Anything'
	at 0304179.tex; line 591 col 2 - line 591 col 17
	In "$e\parallel f\}.$"
	e[[UNKNOWN]] ∥[[VERTBAR]] f[[UNKNOWN]]
	        > \}[[CLOSE]]
Warning:not_parsed:POSTSUBSCRIPT.CLOSE.ADDOP>OPEN MathParser failed to match rule 'Anything'
	at 0304179.tex; line 605 col 20 - line 606 col 12
	In "$g(ab)_{\infty}=\{G(ab)_{\infty}\}\cup\{G(x):abx\in\mathcal{G}$"
	g[[UNKNOWN]] ([[OPEN]] a[[UNKNOWN]] b[[UNKNOWN]] )[[CLOSE]] _{\infty}[[POSTSUBSCRIPT]] =[[RELOP]] \{[[OPEN]] G[[UNKNOWN]] ([[OPEN]] a[[UNKNOWN]] b[[UNKNOWN]] )[[CLOSE]] _{\infty}[[POSTSUBSCRIPT]] \}[[CLOSE]] ∪[[ADDOP]]
	        > \{[[OPEN]] G[[UNKNOWN]] ([[OPEN]] x[[UNKNOWN]] )[[CLOSE]] :[[METARELOP]] a[[UNKNOWN]] b[[UNKNOWN]] x[[UNKNOWN]] ∈[[RELOP]] G[[UNKNOWN]]
Warning:not_parsed:UNKNOWN.VERTBAR.UNKNOWN>CLOSE MathParser failed to match rule 'Anything'
	at 0304179.tex; line 606 col 21 - line 606 col 35
	In "$a\parallel b\}$"
	a[[UNKNOWN]] ∥[[VERTBAR]] b[[UNKNOWN]]
	        > \}[[CLOSE]]
Warning:not_parsed:OPEN.UNKNOWN.CLOSE>RELOP MathParser failed to match rule 'Anything'
	at 0304179.tex; line 610 col 5 - line 610 col 50
	In "$\Phi(G(d))=g(d)=\{G(A),G(x),G(ef)_{\infty}:A,x|d$"
	Φ[[UNKNOWN]] ([[OPEN]] G[[UNKNOWN]] ([[OPEN]] d[[UNKNOWN]] )[[CLOSE]] )[[CLOSE]] =[[RELOP]] g[[UNKNOWN]] ([[OPEN]] d[[UNKNOWN]] )[[CLOSE]]
	        > =[[RELOP]] \{[[OPEN]] G[[UNKNOWN]] ([[OPEN]] A[[UNKNOWN]] )[[CLOSE]] ,[[PUNCT]] G[[UNKNOWN]] ([[OPEN]] x[[UNKNOWN]] )[[CLOSE]] ,[[PUNCT]] G[[UNKNOWN]] ([[OPEN]] e[[UNKNOWN]] f[[UNKNOWN]] )[[CLOSE]] _{\infty}[[POSTSUBSCRIPT]] :[[METARELOP]] A[[UNKNOWN]] ,[[PUNCT]] x[[UNKNOWN]] |[[VERTBAR]] d[[UNKNOWN]]
Warning:not_parsed:UNKNOWN.VERTBAR.UNKNOWN>CLOSE MathParser failed to match rule 'Anything'
	at 0304179.tex; line 611 col 8 - line 611 col 23
	In "$e\parallel f\}.$"
	e[[UNKNOWN]] ∥[[VERTBAR]] f[[UNKNOWN]]
	        > \}[[CLOSE]]
Warning:not_parsed:>VERTBAR MathParser failed to match rule 'Anything'
	at 0304179.tex; line 725 col 63 - line 725 col 65
	In "$|"$"
	> |[[VERTBAR]] "[[UNKNOWN]]
Warning:not_parsed:OPEN.UNKNOWN.CLOSE>RELOP MathParser failed to match rule 'Anything'
	at 0304179.tex; line 732 col 28 - line 732 col 64
	In "$g(b)=\{G(A),G(x),G(cd)_{\infty}:x,A$"
	g[[UNKNOWN]] ([[OPEN]] b[[UNKNOWN]] )[[CLOSE]]
	        > =[[RELOP]] \{[[OPEN]] G[[UNKNOWN]] ([[OPEN]] A[[UNKNOWN]] )[[CLOSE]] ,[[PUNCT]] G[[UNKNOWN]] ([[OPEN]] x[[UNKNOWN]] )[[CLOSE]] ,[[PUNCT]] G[[UNKNOWN]] ([[OPEN]] c[[UNKNOWN]] d[[UNKNOWN]] )[[CLOSE]] _{\infty}[[POSTSUBSCRIPT]] :[[METARELOP]] x[[UNKNOWN]] ,[[PUNCT]] A[[UNKNOWN]]
Warning:not_parsed:>VERTBAR MathParser failed to match rule 'Anything'
	at 0304179.tex; line 732 col 67 - line 732 col 69
	In "$|b$"
	> |[[VERTBAR]] b[[UNKNOWN]]
Warning:not_parsed:UNKNOWN.CLOSE.POSTSUBSCRIPT>CLOSE MathParser failed to match rule 'Anything'
	at 0304179.tex; line 733 col 35 - line 733 col 52
	In "$G(cd)_{\infty}\}$"
	G[[UNKNOWN]] ([[OPEN]] c[[UNKNOWN]] d[[UNKNOWN]] )[[CLOSE]] _{\infty}[[POSTSUBSCRIPT]]
	        > \}[[CLOSE]]
Warning:not_parsed:>VERTBAR MathParser failed to match rule 'Anything'
	at 0304179.tex; line 734 col 70 - line 734 col 72
	In "$|b$"
	> |[[VERTBAR]] b[[UNKNOWN]]
Warning:not_parsed:UNKNOWN.CLOSE.POSTSUBSCRIPT>RELOP MathParser failed to match rule 'Anything'
	at 0304179.tex; line 739 col 22 - line 739 col 67
	In "$G(cd)_{\infty}=\{f\mid fcd\in\mathcal{G},$"
	G[[UNKNOWN]] ([[OPEN]] c[[UNKNOWN]] d[[UNKNOWN]] )[[CLOSE]] _{\infty}[[POSTSUBSCRIPT]]
	        > =[[RELOP]] \{[[OPEN]] f[[UNKNOWN]] ∣[[VERTBAR]] f[[UNKNOWN]] c[[UNKNOWN]] d[[UNKNOWN]] ∈[[RELOP]] G[[UNKNOWN]]
Warning:not_parsed:>VERTBAR MathParser failed to match rule 'Anything'
	at 0304179.tex; line 753 col 30 - line 753 col 32
	In "$|d$"
	> |[[VERTBAR]] d[[UNKNOWN]]
Warning:not_parsed:>VERTBAR MathParser failed to match rule 'Anything'
	at 0304179.tex; line 754 col 56 - line 754 col 64
	In "$|d^{b}=d$"
	> |[[VERTBAR]] d[[UNKNOWN]] ^{b}[[POSTSUPERSCRIPT]] =[[RELOP]] d[[UNKNOWN]]
Warning:not_parsed:FLOATSUBSCRIPT>OPEN MathParser failed to match rule 'Anything'
	at 0304179.tex; line 854 col 6 - line 854 col 23
	In "${}_{3}(\mathcal{K})$"
	{}_{3}[[FLOATSUBSCRIPT]]
	        > ([[OPEN]] K[[UNKNOWN]] )[[CLOSE]]
Warning:not_parsed:FLOATSUBSCRIPT>OPEN MathParser failed to match rule 'Anything'
	at 0304179.tex; line 857 col 12 - line 857 col 34
	In "${}_{3}(\mathcal{K})-\Pi$"
	{}_{3}[[FLOATSUBSCRIPT]]
	        > ([[OPEN]] K[[UNKNOWN]] )[[CLOSE]] -[[ADDOP]] Π[[UNKNOWN]]
Warning:not_parsed:RELOP.UNKNOWN.POSTSUBSCRIPT>FLOATSUPERSCRIPT MathParser failed to match rule 'Anything'
	at 0304179.tex; line 1079 col 0 - line 1081 col 14
	In "\begin{equation}{\cal R}_{\tau_{i}(i)}=J_{i}{\cal R}_{i}J_{i}={\cal R}_{i}{}^{%
	\prime}\quad,\end{equation}"
	R[[UNKNOWN]] _{\tau_{i}(i)}[[POSTSUBSCRIPT]] =[[RELOP]] J[[UNKNOWN]] _{i}[[POSTSUBSCRIPT]] R[[UNKNOWN]] _{i}[[POSTSUBSCRIPT]] J[[UNKNOWN]] _{i}[[POSTSUBSCRIPT]] =[[RELOP]] R[[UNKNOWN]] _{i}[[POSTSUBSCRIPT]]
	        > {}^{\prime}[[FLOATSUPERSCRIPT]]
Warning:not_parsed:RELOP.UNKNOWN.POSTSUBSCRIPT>FLOATSUPERSCRIPT MathParser failed to match rule 'Anything'
	at 0304179.tex; line 1115 col 57 - line 1115 col 69
	In "$W_{1}=W_{2}{}^{\prime}$"
	W[[UNKNOWN]] _{1}[[POSTSUBSCRIPT]] =[[RELOP]] W[[UNKNOWN]] _{2}[[POSTSUBSCRIPT]]
	        > {}^{\prime}[[FLOATSUPERSCRIPT]]
Warning:not_parsed:RELOP.UNKNOWN.POSTSUBSCRIPT>FLOATSUPERSCRIPT MathParser failed to match rule 'Anything'
	at 0304179.tex; line 1117 col 24 - line 1117 col 36
	In "$W_{1}=W_{2}{}^{\prime}$"
	W[[UNKNOWN]] _{1}[[POSTSUBSCRIPT]] =[[RELOP]] W[[UNKNOWN]] _{2}[[POSTSUBSCRIPT]]
	        > {}^{\prime}[[FLOATSUPERSCRIPT]]
Warning:not_parsed:PUNCT.UNKNOWN.POSTSUBSCRIPT>FLOATSUPERSCRIPT MathParser failed to match rule 'Anything'
	at 0304179.tex; line 1128 col 7 - line 1128 col 17
	In "$W_{i},W_{i}{}^{\prime}$"
	W[[UNKNOWN]] _{i}[[POSTSUBSCRIPT]] ,[[PUNCT]] W[[UNKNOWN]] _{i}[[POSTSUBSCRIPT]]
	        > {}^{\prime}[[FLOATSUPERSCRIPT]]
Warning:not_parsed:POSTSUBSCRIPT.UNKNOWN.POSTSUBSCRIPT>FLOATSUPERSCRIPT MathParser failed to match rule 'Anything'
	at 0304179.tex; line 1139 col 0 - line 1141 col 14
	In "\begin{equation}{\cal R}_{i}=g_{i}{\cal R}_{i_{0}}g_{i}{}^{-1}={\cal R}_{\tau_%
	{g_{i}}(i_{0})}\quad.\end{equation}"
	R[[UNKNOWN]] _{i}[[POSTSUBSCRIPT]] =[[RELOP]] g[[UNKNOWN]] _{i}[[POSTSUBSCRIPT]] R[[UNKNOWN]] _{i_{0}}[[POSTSUBSCRIPT]] g[[UNKNOWN]] _{i}[[POSTSUBSCRIPT]]
	        > {}^{-1}[[FLOATSUPERSCRIPT]] =[[RELOP]] R[[UNKNOWN]] _{\tau_{g_{i}}(i_{0})}[[POSTSUBSCRIPT]]
Warning:not_parsed:POSTSUBSCRIPT.UNKNOWN.POSTSUBSCRIPT>FLOATSUPERSCRIPT MathParser failed to match rule 'Anything'
	at 0304179.tex; line 1182 col 2 - line 1182 col 30
	In "$g_{i}J_{i_{0}}g_{i}{}^{-1}=J_{i}$"
	g[[UNKNOWN]] _{i}[[POSTSUBSCRIPT]] J[[UNKNOWN]] _{i_{0}}[[POSTSUBSCRIPT]] g[[UNKNOWN]] _{i}[[POSTSUBSCRIPT]]
	        > {}^{-1}[[FLOATSUPERSCRIPT]] =[[RELOP]] J[[UNKNOWN]] _{i}[[POSTSUBSCRIPT]]
Warning:not_parsed:RELOP.UNKNOWN.POSTSUBSCRIPT>FLOATSUPERSCRIPT MathParser failed to match rule 'Anything'
	at 0304179.tex; line 1184 col 2 - line 1185 col 51
	In "$${\cal R}(\chi(i))^{\prime}={\cal R}_{i}{}^{\prime}=J_{i}{\cal R}_{i}J_{i}=J_%
	{i}{\cal R}(\chi(i))J_{i}={\cal R}(J_{i}\chi(i))={\cal R}(\chi(i)^{\prime})%
	\quad.$$"
	R[[UNKNOWN]] ([[OPEN]] χ[[UNKNOWN]] ([[OPEN]] i[[UNKNOWN]] )[[CLOSE]] )[[CLOSE]] ^{\prime}[[POSTSUPERSCRIPT]] =[[RELOP]] R[[UNKNOWN]] _{i}[[POSTSUBSCRIPT]]
	        > {}^{\prime}[[FLOATSUPERSCRIPT]] =[[RELOP]] J[[UNKNOWN]] _{i}[[POSTSUBSCRIPT]] R[[UNKNOWN]] _{i}[[POSTSUBSCRIPT]] J[[UNKNOWN]] _{i}[[POSTSUBSCRIPT]] =[[RELOP]] J[[UNKNOWN]] _{i}[[POSTSUBSCRIPT]] R[[UNKNOWN]] ([[OPEN]] χ[[UNKNOWN]] ([[OPEN]] i[[UNKNOWN]] )[[CLOSE]] )[[CLOSE]] J[[UNKNOWN]] _{i}[[POSTSUBSCRIPT]] =[[RELOP]] R[[UNKNOWN]] ([[OPEN]] J[[UNKNOWN]] _{i}[[POSTSUBSCRIPT]] χ[[UNKNOWN]] ([[OPEN]] i[[UNKNOWN]] )[[CLOSE]] )[[CLOSE]] =[[RELOP]] R[[UNKNOWN]] ([[OPEN]] χ[[UNKNOWN]] ([[OPEN]] i[[UNKNOWN]] )[[CLOSE]] ^{\prime}[[POSTSUPERSCRIPT]] )[[CLOSE]]
Warning:not_parsed:UNKNOWN.POSTSUBSCRIPT>FLOATSUPERSCRIPT MathParser failed to match rule 'Anything'
	at 0304179.tex; line 1260 col 7 - line 1260 col 17
	In "$\Delta_{j}{}^{it}$"
	Δ[[UNKNOWN]] _{j}[[POSTSUBSCRIPT]]
	        > {}^{it}[[FLOATSUPERSCRIPT]]
Warning:not_parsed:UNKNOWN.POSTSUBSCRIPT>FLOATSUPERSCRIPT MathParser failed to match rule 'Anything'
	at 0304179.tex; line 1265 col 34 - line 1265 col 52
	In "$\Delta_{\chi(j)}{}^{it}$"
	Δ[[UNKNOWN]] _{\chi(j)}[[POSTSUBSCRIPT]]
	        > {}^{it}[[FLOATSUPERSCRIPT]]
 17.41 sec)
Math parsing succeeded:
   ltx:XMArg: 547/547
   ltx:XMath: 794/838
Symbols assumed as simple identifiers (with # of occurences):
   '"' (2), 'A{caligraphic}' (39), 'A{italic}' (57), 'B{italic}' (13), 'C{italic}' (15), 'Delta' (8), 'D{italic}' (1), 'E{italic}' (17), 'G{caligraphic}' (46), 'G{fraktur}' (12), 'G{italic}' (176), 'H{caligraphic}' (3), 'H{italic}' (1), 'I{italic}' (77), 'J{caligraphic}' (11), 'J{italic}' (72), 'K{caligraphic}' (6), 'Omega' (5), 'O{caligraphic}' (6), 'Phi' (36), 'Pi' (3), 'Psi' (15), 'P{caligraphic}' (18), 'P{italic}' (68), 'Q{italic}' (11), 'R{caligraphic}' (72), 'R{italic}' (2), 'S{caligraphic}' (2), 'S{italic}' (1), 'T{caligraphic}' (2), 'U{italic}' (5), 'V{italic}' (3), 'W{caligraphic}' (6), 'W{italic}' (38), 'Y{italic}' (2), 'ad' (9), 'alpha' (13), 'a{italic}' (109), 'b{italic}' (145), 'chi' (55), 'c{italic}' (93), 'd{italic}' (79), 'eta' (6), 'e{italic}' (29), 'f{italic}' (33), 'gamma' (3), 'g{italic}' (184), 'h{italic}' (20), 'i{italic}' (131), 'j{italic}' (23), 'lambda' (16), 'l{italic}' (12), 'm{italic}' (5), 'n{italic}' (6), 'omega' (4), 'pi' (2), 'psi' (3), 'p{italic}' (7), 'q{italic}' (3), 'r{italic}' (5), 'sigma' (4), 's{italic}' (5), 'tau' (19), 't{italic}' (5), 'u{italic}' (6), 'varphi' (3), 'xi' (9), 'x{caligraphic}' (1), 'x{italic}' (88)
Set MATHPARSER_SPECULATE to speculate on possible notations.
(Finalizing... 1.42 sec)
Conversion complete 44 warnings (See /home/user/latex-in-arxiv/0304179.latexml.log) (reqd. 38.86s)
