latexmlpost (LaTeXML version 0.8.6) paginating /home/user/latex-in-arxiv/2003/0304256.xml
(post-processing...
(Scan  processing...
Scan: DBStatus: 831/0 objects
 0.24 sec)
(MakeBibliography  processing... 0.00 sec)
(CrossRef  processing...
Warning:expected:ids Missing File location for ID: bib.bib5,bib.bib24,S3.E16,bib.bib41,bib.bib15,bib.bib4,bib.bib20,bib.bib38,bib.bib45,bib.bib11,bib.bib1,bib.bib22,bib.bib16,bib.bib32,S3.E15,bib.bib9,bib.bib43,S4.E27,bib.bib17,bib.bib28,bib.bib30,bib.bib34,S2.E6,bib.bib19,bib.bib13,bib.bib7,bib.bib14,bib.bib42,bib.bib33,bib.bib39,bib.bib6,bib.bib10,bib.bib25,bib.bib40,bib.bib2,bib.bib21,bib.bib37,bib.bib44,bib.bib36,bib.bib12,bib.bib27,bib.bib31,S4.E23,bib.bib8,bib.bib3,bib.bib35,bib.bib18,bib.bib29,bib.bib23
	In Post::CrossRef[@0x55c0a7cf1ce0] ->process
Warning:expected:ids Missing Target for Label: LABEL:rhoeff,LABEL:E:Beom,LABEL:E:Bbeom1b,LABEL:E:Baction
	In Post::CrossRef[@0x55c0a7cf1ce0] ->process
 0.14 sec)
(MathML::Presentation  369 to process...
Warning:unexpected:nested-math We're getting m:math nested within an m:mtext
	In Post::MathML::Presentation[@0x55c0a7f... ->pmml_top
Warning:unexpected:nested-math We're getting m:math nested within an m:mtext
	In Post::MathML::Presentation[@0x55c0a7f... ->pmml_top
Warning:unexpected:nested-math We're getting m:math nested within an m:mtext
	In Post::MathML::Presentation[@0x55c0a7f... ->pmml_top
converted 369 Maths
 1.36 sec)
(XSLT[using LaTeXML-html5.xsl]  processing... 0.26 sec)
(Writer  processing... 0.00 sec) 2.01 sec)
Postprocessing complete 5 warnings (See /home/user/latex-in-arxiv/0304256.latexmlpost.log) (reqd. 2.32s)
