latexml (LaTeXML version 0.8.6) processing 2003/0304075.tex
(Digesting TeX 0304075...
(Loading /usr/share/perl5/LaTeXML/Package/TeX.pool.ltxml...
(Loading /usr/share/perl5/LaTeXML/Package/eTeX.pool.ltxml... 0.01 sec)
(Loading /usr/share/perl5/LaTeXML/Package/pdfTeX.pool.ltxml... 0.01 sec) 0.21 sec)
(Processing content /home/user/latex-in-arxiv/2003/0304075.tex...
(Loading /usr/share/perl5/LaTeXML/Package/LaTeX.pool.ltxml...
(Loading /usr/share/perl5/LaTeXML/Package/textcomp.sty.ltxml...
(Processing definitions /usr/share/texlive/texmf-dist/tex/latex-dev/base/ts1enc.dfu... 0.04 sec) 1.43 sec) 1.71 sec)
(Loading /usr/share/perl5/LaTeXML/Package/article.cls.ltxml... 0.01 sec)
(Loading /usr/share/perl5/LaTeXML/Package/amssymb.sty.ltxml...
(Loading /usr/share/perl5/LaTeXML/Package/amsfonts.sty.ltxml... 0.00 sec) 0.03 sec)
(Loading /usr/share/perl5/LaTeXML/Package/amscd.sty.ltxml...
(Loading /usr/share/perl5/LaTeXML/Package/amsgen.sty.ltxml... 0.00 sec) 0.01 sec)
Error:undefined:\lx@ams@matrix@ The token T_CS[\lx@ams@matrix@] is not defined.
	at 0304075.tex; line 511 col 0 - line 511 col 12
	Defining it now as <ltx:ERROR/>
	Next token is T_BEGIN[{] ( == T_BEGIN[{]) more: name=CD,datameaning=commutative-diagram}\@start@alignment
	In Core::Gullet[@0x562fd4c80420] /home/user/latex-in-arxiv/2003/0304075.tex; from line 511 col 0 to line 511 col 12
	 <= Core::Stomach[@0x562fd4c80360] <= Core::Definition::Constructor[\begin{... <= Core::Stomach[@0x562fd4c80360] <= ...
 7.31 sec) 7.55 sec)
(Building...
(Loading compiled schema /usr/share/perl5/LaTeXML/resources/RelaxNG/LaTeXML.model... 0.01 sec) 6.97 sec)
(Rewriting... 0.26 sec)
(Math Parsing 399 formulae ......
Warning:not_parsed:CLOSE.RELOP.NUMBER>CLOSE MathParser failed to match rule 'Anything'
	at 0304075.tex; line 356 col 5 - line 356 col 5
	In "$\displaystyle\mathcal{X}_{\mathrm{S}}^{2k-1}(\mathcal{M}^{2n},\omega):=\{\,%
	\mathbf{X}\in{\mathcal{X}}({\cal M}^{2n})\,|\,\mathcal{L}_{\mathbf{X}}(\omega^%
	{k})=0\,\},\@@ENDINLINEMATH"
	X[[UNKNOWN]] _{\mathrm{S}}[[POSTSUBSCRIPT]] ^{2k-1}[[POSTSUPERSCRIPT]] ([[OPEN]] M[[UNKNOWN]] ^{2n}[[POSTSUPERSCRIPT]] ,[[PUNCT]] ω[[UNKNOWN]] )[[CLOSE]] :=[[RELOP]] {[[UNKNOWN]] X[[UNKNOWN]] ∈[[RELOP]] X[[UNKNOWN]] ([[OPEN]] M[[UNKNOWN]] ^{2n}[[POSTSUPERSCRIPT]] )[[CLOSE]] |[[VERTBAR]] L[[UNKNOWN]] _{\mathbf{X}}[[POSTSUBSCRIPT]] ([[OPEN]] ω[[UNKNOWN]] ^{k}[[POSTSUPERSCRIPT]] )[[CLOSE]] =[[RELOP]] 0[[NUMBER]]
	        > \}[[CLOSE]]
Warning:not_parsed:CLOSE.RELOP.NUMBER>CLOSE MathParser failed to match rule 'Anything'
	at 0304075.tex; line 357 col 9 - line 359 col 5
	In "$\displaystyle\{\,\mathbf{X}\in{\mathcal{X}}({\cal M}^{2n})\,|\,\mathcal{L}_{%
	\mathbf{X}}(\omega^{k})=0\,\},$"
	{[[UNKNOWN]] X[[UNKNOWN]] ∈[[RELOP]] X[[UNKNOWN]] ([[OPEN]] M[[UNKNOWN]] ^{2n}[[POSTSUPERSCRIPT]] )[[CLOSE]] |[[VERTBAR]] L[[UNKNOWN]] _{\mathbf{X}}[[POSTSUBSCRIPT]] ([[OPEN]] ω[[UNKNOWN]] ^{k}[[POSTSUPERSCRIPT]] )[[CLOSE]] =[[RELOP]] 0[[NUMBER]]
	        > \}[[CLOSE]]
Warning:not_parsed:POSTSUPERSCRIPT.CLOSE.ATOM>CLOSE MathParser failed to match rule 'Anything'
	at 0304075.tex; line 359 col 5 - line 359 col 5
	In "$\displaystyle\mathcal{X}_{\mathrm{H}}^{2k-1}(\mathcal{M}^{2n},\omega):=\{\,%
	\mathbf{X}\in{\cal X}({\cal M}^{2n})\,|\,-i_{\mathbf{X}}(\omega^{k})\textrm{ %
	is exact}\}.\@@ENDINLINEMATH"
	X[[UNKNOWN]] _{\mathrm{H}}[[POSTSUBSCRIPT]] ^{2k-1}[[POSTSUPERSCRIPT]] ([[OPEN]] M[[UNKNOWN]] ^{2n}[[POSTSUPERSCRIPT]] ,[[PUNCT]] ω[[UNKNOWN]] )[[CLOSE]] :=[[RELOP]] {[[UNKNOWN]] X[[UNKNOWN]] ∈[[RELOP]] X[[UNKNOWN]] ([[OPEN]] M[[UNKNOWN]] ^{2n}[[POSTSUPERSCRIPT]] )[[CLOSE]] |[[VERTBAR]] -[[ADDOP]] i[[UNKNOWN]] _{\mathbf{X}}[[POSTSUBSCRIPT]] ([[OPEN]] ω[[UNKNOWN]] ^{k}[[POSTSUPERSCRIPT]] )[[CLOSE]] \textrm{ is exact}[[UNKNOWN]]
	        > \}[[CLOSE]]
Warning:not_parsed:POSTSUPERSCRIPT.CLOSE.ATOM>CLOSE MathParser failed to match rule 'Anything'
	at 0304075.tex; line 360 col 9 - line 362 col 15
	In "$\displaystyle\{\,\mathbf{X}\in{\cal X}({\cal M}^{2n})\,|\,-i_{\mathbf{X}}(%
	\omega^{k})\textrm{ is exact}\}.$"
	{[[UNKNOWN]] X[[UNKNOWN]] ∈[[RELOP]] X[[UNKNOWN]] ([[OPEN]] M[[UNKNOWN]] ^{2n}[[POSTSUPERSCRIPT]] )[[CLOSE]] |[[VERTBAR]] -[[ADDOP]] i[[UNKNOWN]] _{\mathbf{X}}[[POSTSUBSCRIPT]] ([[OPEN]] ω[[UNKNOWN]] ^{k}[[POSTSUPERSCRIPT]] )[[CLOSE]] \textrm{ is exact}[[UNKNOWN]]
	        > \}[[CLOSE]]
Warning:not_parsed:ADDOP.UNKNOWN.ATOM>RELOP MathParser failed to match rule 'Anything'
	at 0304075.tex; line 895 col 10 - line 895 col 57
	In "$\mathrm{div}X=-\delta\tilde{X}=*\ \mathrm{d}*\tilde{X}$"
	div[[UNKNOWN]] X[[UNKNOWN]] =[[RELOP]] -[[ADDOP]] δ[[UNKNOWN]] \tilde{X}[[UNKNOWN]]
	        > =[[RELOP]] *[[MULOP]] d[[UNKNOWN]] *[[MULOP]] \tilde{X}[[UNKNOWN]]
Warning:not_parsed:UNKNOWN.UNKNOWN>RELOP MathParser failed to match rule 'Anything'
	at 0304075.tex; line 900 col 39 - line 901 col 2
	In "$\mathrm{div}X=*\ \mathrm{d}*\tilde{X}=0$"
	div[[UNKNOWN]] X[[UNKNOWN]]
	        > =[[RELOP]] *[[MULOP]] d[[UNKNOWN]] *[[MULOP]] \tilde{X}[[UNKNOWN]] =[[RELOP]] 0[[NUMBER]]
Warning:not_parsed:MULOP.ATOM>RELOP MathParser failed to match rule 'Anything'
	at 0304075.tex; line 903 col 17 - line 903 col 41
	In "$*\tilde{X}=\mathrm{d}*\alpha$"
	*[[MULOP]] \tilde{X}[[UNKNOWN]]
	        > =[[RELOP]] d[[UNKNOWN]] *[[MULOP]] α[[UNKNOWN]]
 16.94 sec)
Math parsing succeeded:
   ltx:XMath: 392/399
   ltx:XMWrap: 2/2
   ltx:XMArg: 1215/1215
Symbols assumed as simple identifiers (with # of occurences):
   'A{italic}' (49), 'B{italic}' (3), 'C{italic}' (1), 'D{italic}' (5), 'E{italic}' (6), 'H{italic}' (49), 'I{italic}' (2), 'Lambda' (4), 'L{caligraphic}' (20), 'M{caligraphic}' (133), 'M{italic}' (4), 'N{italic}' (2), 'Omega' (15), 'P{italic}' (24), 'Q{italic}' (22), 'R{blackboard}' (16), 'S{italic}' (6), 'T{italic}' (7), 'U{italic}' (1), 'X{bold}' (42), 'X{caligraphic}' (63), 'X{italic}' (11), 'Z{italic}' (2), 'alpha' (55), 'a{italic}' (26), 'c{italic}' (1), 'd' (139), 'delta' (20), 'div' (5), 'd{italic}' (2), 'e{italic}' (3), 'f{italic}' (29), 'g{italic}' (2), 'id' (1), 'iota' (16), 'i{italic}' (103), 'j{italic}' (79), 'k{italic}' (81), 'l{italic}' (2), 'mu' (1), 'm{italic}' (13), 'nu' (12), 'n{italic}' (221), 'omega' (182), 'o{italic}' (1), 'phi' (2), 'pi' (2), 'p{italic}' (108), 'q{italic}' (119), 'r{italic}' (1), 's{italic}' (4), 'tau' (7), 'theta' (5), 'tr' (11), 't{italic}' (10), 'u{italic}' (1), 'v{italic}' (1), 'x{italic}' (13), '{' (8)
Set MATHPARSER_SPECULATE to speculate on possible notations.
(Finalizing... 1.45 sec)
Conversion complete 7 warnings; 1 error; 1 undefined macro[\lx@ams@matrix@] (See /home/user/latex-in-arxiv/0304075.latexml.log) (reqd. 34.06s)
