latexml (LaTeXML version 0.8.6) processing 2003/0304152.tex
(Digesting TeX 0304152...
(Loading /usr/share/perl5/LaTeXML/Package/TeX.pool.ltxml...
(Loading /usr/share/perl5/LaTeXML/Package/eTeX.pool.ltxml... 0.01 sec)
(Loading /usr/share/perl5/LaTeXML/Package/pdfTeX.pool.ltxml... 0.01 sec) 0.20 sec)
(Processing content /home/user/latex-in-arxiv/2003/0304152.tex...
(Loading /usr/share/perl5/LaTeXML/Package/LaTeX.pool.ltxml...
(Loading /usr/share/perl5/LaTeXML/Package/textcomp.sty.ltxml...
(Processing definitions /usr/share/texlive/texmf-dist/tex/latex-dev/base/ts1enc.dfu... 0.06 sec) 1.56 sec) 1.84 sec)
Info:unexpected:\documentstyle Entering LaTeX 2.09 Compatibility mode
	at 0304152.tex; line 11 col 0 - line 11 col 29
(Loading /usr/share/perl5/LaTeXML/Package/article.cls.ltxml... 0.02 sec) 4.47 sec) 4.69 sec)
(Building...
(Loading compiled schema /usr/share/perl5/LaTeXML/resources/RelaxNG/LaTeXML.model... 0.01 sec) 3.12 sec)
(Rewriting... 0.09 sec)
(Math Parsing 226 formulae ...... 5.02 sec)
Math parsing succeeded:
   ltx:XMArg: 277/277
   ltx:XMath: 226/226
Symbols assumed as simple identifiers (with # of occurences):
   'A{italic}' (8), 'B{italic}' (3), 'C{caligraphic}' (3), 'C{italic}' (1), 'Delta' (1), 'D{italic}' (16), 'E{italic}' (8), 'F{italic}' (15), 'Gamma' (4), 'H{italic}' (2), 'J{bold}' (4), 'J{italic}' (1), 'M{italic}' (1), 'N{caligraphic}' (7), 'N{italic}' (57), 'R{bold}' (2), 'R{italic}' (1), 'SW' (2), 'S{italic}' (26), 'T{italic}' (8), 'X{italic}' (6), 'Z{bold}' (1), 'a{italic}' (14), 'b{italic}' (4), 'c{italic}' (14), 'delta' (3), 'd{italic}' (11), 'e{italic}' (19), 'i{italic}' (3), 'j{italic}' (1), 'ln' (9), 'l{italic}' (4), 'n{bold}' (9), 'n{italic}' (11), 'omega' (8), 'o{italic}' (10), 'pi' (6), 'p{bold}' (6), 'p{italic}' (94), 'rho' (30), 'r{italic}' (9), 's{italic}' (6), 't{italic}' (15), 'u{italic}' (2), 'zeta' (2), 'z{italic}' (36)
Set MATHPARSER_SPECULATE to speculate on possible notations.
(Finalizing... 0.45 sec)
Conversion complete No obvious problems (reqd. 13.88s)
