latexml (LaTeXML version 0.8.6) processing 2003/0304168.tex
(Digesting TeX 0304168...
(Loading /usr/share/perl5/LaTeXML/Package/TeX.pool.ltxml...
(Loading /usr/share/perl5/LaTeXML/Package/eTeX.pool.ltxml... 0.01 sec)
(Loading /usr/share/perl5/LaTeXML/Package/pdfTeX.pool.ltxml... 0.01 sec) 0.20 sec)
(Processing content /home/user/latex-in-arxiv/2003/0304168.tex...
(Loading /usr/share/perl5/LaTeXML/Package/LaTeX.pool.ltxml...
(Loading /usr/share/perl5/LaTeXML/Package/textcomp.sty.ltxml...
(Processing definitions /usr/share/texlive/texmf-dist/tex/latex-dev/base/ts1enc.dfu... 0.02 sec) 0.94 sec) 1.23 sec)
(Loading /usr/share/perl5/LaTeXML/Package/article.cls.ltxml... 0.01 sec)
(Loading /usr/share/perl5/LaTeXML/Package/epsf.sty.ltxml... 0.01 sec) 3.97 sec) 4.20 sec)
(Building...
(Loading compiled schema /usr/share/perl5/LaTeXML/resources/RelaxNG/LaTeXML.model... 0.01 sec)
Warning:unexpected:eqnarray Unrecognized equation patterns (1) in eqnarray
	at 0304168.tex; line 360 col 1 - line 360 col 1
	In Core::Definition::Constructor[\@@eqna... /usr/share/perl5/LaTeXML/Package/LaTeX.pool.ltxml; line 2290
 2.94 sec)
(Rewriting... 0.08 sec)
(Math Parsing 225 formulae ......
Warning:not_parsed:POSTSUPERSCRIPT.UNKNOWN.ATOM>OPEN MathParser failed to match rule 'Anything'
	at 0304168.tex; line 283 col 11 - line 285 col 1
	In "$\displaystyle\frac{M_{\rm s}^{D-2}}{2}\int d^{D}\!x\sqrt{-g}\,\Big{\{}\,R\,-%
	\,\xi(\nabla\Phi)^{2}$"
	\frac{M_{\rms}^{D-2}}{2}[[UNKNOWN]] ∫[[INTOP]] d[[UNKNOWN]] ^{D}[[POSTSUPERSCRIPT]] x[[UNKNOWN]] \sqrt{-g}[[UNKNOWN]]
	        > \{[[OPEN]] R[[UNKNOWN]] -[[ADDOP]] ξ[[UNKNOWN]] ([[OPEN]] ∇[[OPERATOR]] Φ[[UNKNOWN]] )[[CLOSE]] ^{2}[[POSTSUPERSCRIPT]]
Warning:not_parsed:ADDOP.ID.CLOSE>CLOSE MathParser failed to match rule 'Anything'
	at 0304168.tex; line 285 col 6 - line 288 col 4
	In "$\displaystyle\zeta_{0}\alpha^{\prime}e^{-\xi\Phi}\,\Big{[}\mathcal{L}_{2}\,+%
	\,\xi^{2}\frac{D-4}{D-2}(\nabla\Phi)^{4}\Big{]}\,-\Lambda e^{\xi\Phi}+{%
	\mathcal{O}}(a^{\prime 2}R^{4}+\cdots\,)\,\Big{\}}\,,$"
	ζ[[UNKNOWN]] _{0}[[POSTSUBSCRIPT]] α[[UNKNOWN]] ^{\prime}[[POSTSUPERSCRIPT]] e[[UNKNOWN]] ^{-\xi\Phi}[[POSTSUPERSCRIPT]] [[[OPEN]] L[[UNKNOWN]] _{2}[[POSTSUBSCRIPT]] +[[ADDOP]] ξ[[UNKNOWN]] ^{2}[[POSTSUPERSCRIPT]] \frac{D-4}{D-2}[[UNKNOWN]] ([[OPEN]] ∇[[OPERATOR]] Φ[[UNKNOWN]] )[[CLOSE]] ^{4}[[POSTSUPERSCRIPT]] ][[CLOSE]] -[[ADDOP]] Λ[[UNKNOWN]] e[[UNKNOWN]] ^{\xi\Phi}[[POSTSUPERSCRIPT]] +[[ADDOP]] O[[UNKNOWN]] ([[OPEN]] a[[UNKNOWN]] ^{\prime2}[[POSTSUPERSCRIPT]] R[[UNKNOWN]] ^{4}[[POSTSUPERSCRIPT]] +[[ADDOP]] ⋯[[ID]] )[[CLOSE]]
	        > \}[[CLOSE]]
Warning:not_parsed:>PUNCT MathParser failed to match rule 'Subscript'
	at 0304168.tex; line 360 col 11 - line 360 col 11
	In "$\displaystyle 4(R_{;\beta}\,D(\Phi)_{;\alpha}\,+R_{;\alpha}\,D(\Phi)_{;\beta}%
	+D(\Phi)_{;\gamma}\,(12\,R_{\alpha\beta;}{}{}^{\gamma}-6(R_{\alpha}{}^{\gamma}%
	{}_{;\beta}+R_{\beta}{}^{\gamma}{}_{;\alpha})-R_{;}{}^{\gamma}\,g_{\alpha\beta%
	}))+2(2R\,D(\Phi)_{;ab}+2(-5\,R_{;\alpha\beta}\,+\,+6(R_{\alpha\beta;\gamma}{}%
	^{\gamma}\,+\,R_{\alpha\beta;}{}^{\gamma}{}_{\gamma}))\,D(\Phi)-3(R\,-\,2\Phi_%
	{;\gamma}\Phi_{;}{}^{\gamma})g_{\alpha\beta}+6(R_{\alpha\beta}\,+\,2D(\Phi)_{;%
	}{}^{\gamma\lambda}R_{\gamma\beta\lambda\alpha}\,+\,2D(\Phi)_{;\gamma\lambda}R%
	_{\alpha}{}^{\lambda}{}_{\beta}{}^{\gamma}))+D(\Phi)(-4(RR_{\alpha\beta}+12R_{%
	\gamma\beta}R_{\alpha}{}^{\gamma}-12R_{\gamma\lambda}R_{\alpha}{}^{\gamma}{}_{%
	\beta}{}^{\lambda}+6R_{\gamma\lambda\rho\alpha}R_{\beta}{}^{\rho\gamma\lambda}%
	)+g_{\alpha\beta}(R^{2}-4R_{;\gamma}{}^{\gamma}-6R_{\gamma\lambda\rho\sigma}R^%
	{\gamma\lambda\rho\sigma}))+6g_{\alpha\beta}V(\Phi)\,=\,4RD(\Phi)_{;}{}^{%
	\gamma}{}_{\gamma}\,g_{\alpha\beta}\,+\,4D(\Phi)_{;}{}^{\gamma}\,(6(R_{\gamma%
	\alpha;\beta}\,+\,R_{\gamma\beta;\alpha}-2R_{\alpha\beta;\gamma})\,+\,R_{;%
	\gamma}g_{\alpha\beta})\,,\@@ENDINLINEMATH"
	> ;[[PUNCT]] β[[UNKNOWN]]
Warning:not_parsed:>PUNCT MathParser failed to match rule 'Subscript'
	at 0304168.tex; line 360 col 25 - line 360 col 25
	> ;[[PUNCT]] α[[UNKNOWN]]
Warning:not_parsed:>PUNCT MathParser failed to match rule 'Subscript'
	at 0304168.tex; line 361 col 9 - line 361 col 9
	> ;[[PUNCT]] α[[UNKNOWN]]
Warning:not_parsed:>PUNCT MathParser failed to match rule 'Subscript'
	at 0304168.tex; line 361 col 23 - line 361 col 23
	> ;[[PUNCT]] β[[UNKNOWN]]
Warning:not_parsed:>PUNCT MathParser failed to match rule 'Subscript'
	at 0304168.tex; line 361 col 37 - line 361 col 37
	> ;[[PUNCT]] γ[[UNKNOWN]]
Warning:not_parsed:>PUNCT MathParser failed to match rule 'Subscript'
	at 0304168.tex; line 361 col 85 - line 361 col 85
	> ;[[PUNCT]] β[[UNKNOWN]]
Warning:not_parsed:>PUNCT MathParser failed to match rule 'Subscript'
	at 0304168.tex; line 361 col 105 - line 361 col 105
	> ;[[PUNCT]] α[[UNKNOWN]]
Warning:not_parsed:>PUNCT MathParser failed to match rule 'Subscript'
	at 0304168.tex; line 362 col 23 - line 362 col 23
	> ;[[PUNCT]] a[[UNKNOWN]] b[[UNKNOWN]]
Warning:not_parsed:>PUNCT MathParser failed to match rule 'Subscript'
	at 0304168.tex; line 362 col 42 - line 362 col 42
	> ;[[PUNCT]] α[[UNKNOWN]] β[[UNKNOWN]]
Warning:not_parsed:>PUNCT MathParser failed to match rule 'Subscript'
	at 0304168.tex; line 362 col 125 - line 362 col 125
	> ;[[PUNCT]] γ[[UNKNOWN]]
Warning:not_parsed:>PUNCT MathParser failed to match rule 'Subscript'
	at 0304168.tex; line 363 col 72 - line 363 col 72
	> ;[[PUNCT]] γ[[UNKNOWN]] λ[[UNKNOWN]]
Warning:not_parsed:>PUNCT MathParser failed to match rule 'Subscript'
	at 0304168.tex; line 364 col 120 - line 364 col 120
	> ;[[PUNCT]] γ[[UNKNOWN]]
Warning:not_parsed:>PUNCT MathParser failed to match rule 'Subscript'
	at 0304168.tex; line 365 col 165 - line 365 col 165
	> ;[[PUNCT]] γ[[UNKNOWN]]
Warning:not_parsed:NUMBER>OPEN MathParser failed to match rule 'Anything'
	at 0304168.tex; line 360 col 3 - line 360 col 3
	4[[NUMBER]]
	        > ([[OPEN]] R[[UNKNOWN]] _{;\beta}[[POSTSUBSCRIPT]] D[[UNKNOWN]] ([[OPEN]] Φ[[UNKNOWN]] )[[CLOSE]] _{;\alpha}[[POSTSUBSCRIPT]] +[[ADDOP]] R[[UNKNOWN]] _{;\alpha}[[POSTSUBSCRIPT]] D[[UNKNOWN]] ([[OPEN]] Φ[[UNKNOWN]] )[[CLOSE]] _{;\beta}[[POSTSUBSCRIPT]] +[[ADDOP]] D[[UNKNOWN]] ([[OPEN]] Φ[[UNKNOWN]] )[[CLOSE]] _{;\gamma}[[POSTSUBSCRIPT]] ([[OPEN]] 12[[NUMBER]] R[[UNKNOWN]] _{\alpha\beta;}[[POSTSUBSCRIPT]] {}^{\gamma}[[FLOATSUPERSCRIPT]] -[[ADDOP]] 6[[NUMBER]] ([[OPEN]] R[[UNKNOWN]] _{\alpha}[[POSTSUBSCRIPT]] {}^{\gamma}[[FLOATSUPERSCRIPT]] {}_{;\beta}[[FLOATSUBSCRIPT]] +[[ADDOP]] R[[UNKNOWN]] _{\beta}[[POSTSUBSCRIPT]] {}^{\gamma}[[FLOATSUPERSCRIPT]] {}_{;\alpha}[[FLOATSUBSCRIPT]] )[[CLOSE]] -[[ADDOP]] R[[UNKNOWN]] _{;}[[POSTSUBSCRIPT]] {}^{\gamma}[[FLOATSUPERSCRIPT]] g[[UNKNOWN]] _{\alpha\beta}[[POSTSUBSCRIPT]] )[[CLOSE]] )[[CLOSE]] +[[ADDOP]] 2[[NUMBER]] ([[OPEN]] ...
Warning:not_parsed:>PUNCT MathParser failed to match rule 'Subscript'
	at 0304168.tex; line 360 col 11 - line 360 col 11
	In "$\displaystyle 4(R_{;\beta}\,D(\Phi)_{;\alpha}\,+R_{;\alpha}\,D(\Phi)_{;\beta}%
	+D(\Phi)_{;\gamma}\,(12\,R_{\alpha\beta;}{}{}^{\gamma}-6(R_{\alpha}{}^{\gamma}%
	{}_{;\beta}+R_{\beta}{}^{\gamma}{}_{;\alpha})-R_{;}{}^{\gamma}\,g_{\alpha\beta%
	}))$"
	> ;[[PUNCT]] β[[UNKNOWN]]
Warning:not_parsed:>PUNCT MathParser failed to match rule 'Subscript'
	at 0304168.tex; line 360 col 25 - line 360 col 25
	> ;[[PUNCT]] α[[UNKNOWN]]
Warning:not_parsed:>PUNCT MathParser failed to match rule 'Subscript'
	at 0304168.tex; line 361 col 9 - line 361 col 9
	> ;[[PUNCT]] α[[UNKNOWN]]
Warning:not_parsed:>PUNCT MathParser failed to match rule 'Subscript'
	at 0304168.tex; line 361 col 23 - line 361 col 23
	> ;[[PUNCT]] β[[UNKNOWN]]
Warning:not_parsed:>PUNCT MathParser failed to match rule 'Subscript'
	at 0304168.tex; line 361 col 37 - line 361 col 37
	> ;[[PUNCT]] γ[[UNKNOWN]]
Warning:not_parsed:>PUNCT MathParser failed to match rule 'Subscript'
	at 0304168.tex; line 361 col 85 - line 361 col 85
	> ;[[PUNCT]] β[[UNKNOWN]]
Warning:not_parsed:>PUNCT MathParser failed to match rule 'Subscript'
	at 0304168.tex; line 361 col 105 - line 361 col 105
	> ;[[PUNCT]] α[[UNKNOWN]]
Warning:not_parsed:NUMBER>OPEN MathParser failed to match rule 'Anything'
	at 0304168.tex; line 360 col 3 - line 362 col 1
	4[[NUMBER]]
	        > ([[OPEN]] R[[UNKNOWN]] _{;\beta}[[POSTSUBSCRIPT]] D[[UNKNOWN]] ([[OPEN]] Φ[[UNKNOWN]] )[[CLOSE]] _{;\alpha}[[POSTSUBSCRIPT]] +[[ADDOP]] R[[UNKNOWN]] _{;\alpha}[[POSTSUBSCRIPT]] D[[UNKNOWN]] ([[OPEN]] Φ[[UNKNOWN]] )[[CLOSE]] _{;\beta}[[POSTSUBSCRIPT]] +[[ADDOP]] D[[UNKNOWN]] ([[OPEN]] Φ[[UNKNOWN]] )[[CLOSE]] _{;\gamma}[[POSTSUBSCRIPT]] ([[OPEN]] 12[[NUMBER]] R[[UNKNOWN]] _{\alpha\beta;}[[POSTSUBSCRIPT]] {}^{\gamma}[[FLOATSUPERSCRIPT]] -[[ADDOP]] 6[[NUMBER]] ([[OPEN]] R[[UNKNOWN]] _{\alpha}[[POSTSUBSCRIPT]] {}^{\gamma}[[FLOATSUPERSCRIPT]] {}_{;\beta}[[FLOATSUBSCRIPT]] +[[ADDOP]] R[[UNKNOWN]] _{\beta}[[POSTSUBSCRIPT]] {}^{\gamma}[[FLOATSUPERSCRIPT]] {}_{;\alpha}[[FLOATSUBSCRIPT]] )[[CLOSE]] -[[ADDOP]] R[[UNKNOWN]] _{;}[[POSTSUBSCRIPT]] {}^{\gamma}[[FLOATSUPERSCRIPT]] g[[UNKNOWN]] _{\alpha\beta}[[POSTSUBSCRIPT]] )[[CLOSE]] )[[CLOSE]]
Warning:not_parsed:>PUNCT MathParser failed to match rule 'Subscript'
	at 0304168.tex; line 362 col 23 - line 362 col 23
	In "$\displaystyle 2(2R\,D(\Phi)_{;ab}+2(-5\,R_{;\alpha\beta}\,+\,+6(R_{\alpha%
	\beta;\gamma}{}^{\gamma}\,+\,R_{\alpha\beta;}{}^{\gamma}{}_{\gamma}))\,D(\Phi)%
	-3(R\,-\,2\Phi_{;\gamma}\Phi_{;}{}^{\gamma})g_{\alpha\beta}$"
	> ;[[PUNCT]] a[[UNKNOWN]] b[[UNKNOWN]]
Warning:not_parsed:>PUNCT MathParser failed to match rule 'Subscript'
	at 0304168.tex; line 362 col 42 - line 362 col 42
	> ;[[PUNCT]] α[[UNKNOWN]] β[[UNKNOWN]]
Warning:not_parsed:>PUNCT MathParser failed to match rule 'Subscript'
	at 0304168.tex; line 362 col 125 - line 362 col 125
	> ;[[PUNCT]] γ[[UNKNOWN]]
Warning:not_parsed:NUMBER>OPEN MathParser failed to match rule 'Anything'
	at 0304168.tex; line 362 col 5 - line 363 col 1
	2[[NUMBER]]
	        > ([[OPEN]] 2[[NUMBER]] R[[UNKNOWN]] D[[UNKNOWN]] ([[OPEN]] Φ[[UNKNOWN]] )[[CLOSE]] _{;ab}[[POSTSUBSCRIPT]] +[[ADDOP]] 2[[NUMBER]] ([[OPEN]] -[[ADDOP]] 5[[NUMBER]] R[[UNKNOWN]] _{;\alpha\beta}[[POSTSUBSCRIPT]] +[[ADDOP]] +[[ADDOP]] 6[[NUMBER]] ([[OPEN]] R[[UNKNOWN]] _{\alpha\beta;\gamma}[[POSTSUBSCRIPT]] {}^{\gamma}[[FLOATSUPERSCRIPT]] +[[ADDOP]] R[[UNKNOWN]] _{\alpha\beta;}[[POSTSUBSCRIPT]] {}^{\gamma}[[FLOATSUPERSCRIPT]] {}_{\gamma}[[FLOATSUBSCRIPT]] )[[CLOSE]] )[[CLOSE]] D[[UNKNOWN]] ([[OPEN]] Φ[[UNKNOWN]] )[[CLOSE]] -[[ADDOP]] 3[[NUMBER]] ([[OPEN]] R[[UNKNOWN]] -[[ADDOP]]  2[[NUMBER]] Φ[[UNKNOWN]] _{;\gamma}[[POSTSUBSCRIPT]] Φ[[UNKNOWN]] _{;}[[POSTSUBSCRIPT]] {}^{\gamma}[[FLOATSUPERSCRIPT]] )[[CLOSE]] g[[UNKNOWN]] _{\alpha\beta}[[POSTSUBSCRIPT]]
Warning:not_parsed:>PUNCT MathParser failed to match rule 'Subscript'
	at 0304168.tex; line 363 col 72 - line 363 col 72
	In "$\displaystyle 6(R_{\alpha\beta}\,+\,2D(\Phi)_{;}{}^{\gamma\lambda}R_{\gamma%
	\beta\lambda\alpha}\,+\,2D(\Phi)_{;\gamma\lambda}R_{\alpha}{}^{\lambda}{}_{%
	\beta}{}^{\gamma}))+D(\Phi)(-4(RR_{\alpha\beta}$"
	> ;[[PUNCT]] γ[[UNKNOWN]] λ[[UNKNOWN]]
Warning:not_parsed:NUMBER>OPEN MathParser failed to match rule 'Anything'
	at 0304168.tex; line 363 col 5 - line 364 col 1
	6[[NUMBER]]
	        > ([[OPEN]] R[[UNKNOWN]] _{\alpha\beta}[[POSTSUBSCRIPT]] +[[ADDOP]]  2[[NUMBER]] D[[UNKNOWN]] ([[OPEN]] Φ[[UNKNOWN]] )[[CLOSE]] _{;}[[POSTSUBSCRIPT]] {}^{\gamma\lambda}[[FLOATSUPERSCRIPT]] R[[UNKNOWN]] _{\gamma\beta\lambda\alpha}[[POSTSUBSCRIPT]] +[[ADDOP]]  2[[NUMBER]] D[[UNKNOWN]] ([[OPEN]] Φ[[UNKNOWN]] )[[CLOSE]] _{;\gamma\lambda}[[POSTSUBSCRIPT]] R[[UNKNOWN]] _{\alpha}[[POSTSUBSCRIPT]] {}^{\lambda}[[FLOATSUPERSCRIPT]] {}_{\beta}[[FLOATSUBSCRIPT]] {}^{\gamma}[[FLOATSUPERSCRIPT]] )[[CLOSE]] )[[CLOSE]] +[[ADDOP]] D[[UNKNOWN]] ([[OPEN]] Φ[[UNKNOWN]] )[[CLOSE]] ([[OPEN]] -[[ADDOP]] 4[[NUMBER]] ([[OPEN]] R[[UNKNOWN]] R[[UNKNOWN]] _{\alpha\beta}[[POSTSUBSCRIPT]]
Warning:not_parsed:>PUNCT MathParser failed to match rule 'Subscript'
	at 0304168.tex; line 364 col 120 - line 364 col 120
	In "$\displaystyle 12R_{\gamma\beta}R_{\alpha}{}^{\gamma}-12R_{\gamma\lambda}R_{%
	\alpha}{}^{\gamma}{}_{\beta}{}^{\lambda}+6R_{\gamma\lambda\rho\alpha}R_{\beta}%
	{}^{\rho\gamma\lambda})+g_{\alpha\beta}(R^{2}-4R_{;\gamma}{}^{\gamma}-6R_{%
	\gamma\lambda\rho\sigma}R^{\gamma\lambda\rho\sigma}))$"
	> ;[[PUNCT]] γ[[UNKNOWN]]
Warning:not_parsed:POSTSUBSCRIPT.UNKNOWN.POSTSUBSCRIPT>FLOATSUPERSCRIPT MathParser failed to match rule 'Anything'
	at 0304168.tex; line 364 col 5 - line 365 col 1
	12[[NUMBER]] R[[UNKNOWN]] _{\gamma\beta}[[POSTSUBSCRIPT]] R[[UNKNOWN]] _{\alpha}[[POSTSUBSCRIPT]]
	        > {}^{\gamma}[[FLOATSUPERSCRIPT]] -[[ADDOP]] 12[[NUMBER]] R[[UNKNOWN]] _{\gamma\lambda}[[POSTSUBSCRIPT]] R[[UNKNOWN]] _{\alpha}[[POSTSUBSCRIPT]] {}^{\gamma}[[FLOATSUPERSCRIPT]] {}_{\beta}[[FLOATSUBSCRIPT]] {}^{\lambda}[[FLOATSUPERSCRIPT]] +[[ADDOP]] 6[[NUMBER]] R[[UNKNOWN]] _{\gamma\lambda\rho\alpha}[[POSTSUBSCRIPT]] R[[UNKNOWN]] _{\beta}[[POSTSUBSCRIPT]] {}^{\rho\gamma\lambda}[[FLOATSUPERSCRIPT]] )[[CLOSE]] +[[ADDOP]] g[[UNKNOWN]] _{\alpha\beta}[[POSTSUBSCRIPT]] ([[OPEN]] R[[UNKNOWN]] ^{2}[[POSTSUPERSCRIPT]] -[[ADDOP]] 4[[NUMBER]] R[[UNKNOWN]] _{;\gamma}[[POSTSUBSCRIPT]] {}^{\gamma}[[FLOATSUPERSCRIPT]] -[[ADDOP]] 6[[NUMBER]] R[[UNKNOWN]] _{\gamma\lambda\rho\sigma}[[POSTSUBSCRIPT]] R[[UNKNOWN]] ^{\gamma\lambda\rho\sigma}[[POSTSUPERSCRIPT]] )[[CLOSE]] )[[CLOSE]]
Warning:not_parsed:>PUNCT MathParser failed to match rule 'Subscript'
	at 0304168.tex; line 365 col 165 - line 365 col 165
	In "$\displaystyle 6g_{\alpha\beta}V(\Phi)\,=\,4RD(\Phi)_{;}{}^{\gamma}{}_{\gamma}%
	\,g_{\alpha\beta}\,+\,4D(\Phi)_{;}{}^{\gamma}\,(6(R_{\gamma\alpha;\beta}\,+\,R%
	_{\gamma\beta;\alpha}-2R_{\alpha\beta;\gamma})\,+\,R_{;\gamma}g_{\alpha\beta})%
	\,,$"
	> ;[[PUNCT]] γ[[UNKNOWN]]
Warning:not_parsed:UNKNOWN.CLOSE.POSTSUBSCRIPT>FLOATSUPERSCRIPT MathParser failed to match rule 'Anything'
	at 0304168.tex; line 365 col 5 - line 368 col 14
	6[[NUMBER]] g[[UNKNOWN]] _{\alpha\beta}[[POSTSUBSCRIPT]] V[[UNKNOWN]] ([[OPEN]] Φ[[UNKNOWN]] )[[CLOSE]] =[[RELOP]]  4[[NUMBER]] R[[UNKNOWN]] D[[UNKNOWN]] ([[OPEN]] Φ[[UNKNOWN]] )[[CLOSE]] _{;}[[POSTSUBSCRIPT]] {}^{\gamma}[[FLOATSUPERSCRIPT]] {}_{\gamma}[[FLOATSUBSCRIPT]] g[[UNKNOWN]] _{\alpha\beta}[[POSTSUBSCRIPT]] +[[ADDOP]]  4[[NUMBER]] D[[UNKNOWN]] ([[OPEN]] Φ[[UNKNOWN]] )[[CLOSE]] _{;}[[POSTSUBSCRIPT]]
	        > {}^{\gamma}[[FLOATSUPERSCRIPT]] ([[OPEN]] 6[[NUMBER]] ([[OPEN]] R[[UNKNOWN]] _{\gamma\alpha;\beta}[[POSTSUBSCRIPT]] +[[ADDOP]] R[[UNKNOWN]] _{\gamma\beta;\alpha}[[POSTSUBSCRIPT]] -[[ADDOP]] 2[[NUMBER]] R[[UNKNOWN]] _{\alpha\beta;\gamma}[[POSTSUBSCRIPT]] )[[CLOSE]] +[[ADDOP]] R[[UNKNOWN]] _{;\gamma}[[POSTSUBSCRIPT]] g[[UNKNOWN]] _{\alpha\beta}[[POSTSUBSCRIPT]] )[[CLOSE]]
Warning:not_parsed:NUMBER.UNKNOWN.POSTSUPERSCRIPT>OPEN MathParser failed to match rule 'Anything'
	at 0304168.tex; line 391 col 5 - line 392 col 1
	In "$\displaystyle 2a^{2}(\,3\lambda\ddot{a}^{2}\,+\,\dot{a}^{2}(\,e^{2\Phi}\,-\,8%
	\lambda\dot{\Phi}^{2}\,+\,4\lambda\ddot{\Phi}\,)$"
	2[[NUMBER]] a[[UNKNOWN]] ^{2}[[POSTSUPERSCRIPT]]
	        > ([[OPEN]]  3[[NUMBER]] λ[[UNKNOWN]] \ddot{a}[[UNKNOWN]] ^{2}[[POSTSUPERSCRIPT]] +[[ADDOP]] \dot{a}[[UNKNOWN]] ^{2}[[POSTSUPERSCRIPT]] ([[OPEN]] e[[UNKNOWN]] ^{2\Phi}[[POSTSUPERSCRIPT]] -[[ADDOP]]  8[[NUMBER]] λ[[UNKNOWN]] \dot{\Phi}[[UNKNOWN]] ^{2}[[POSTSUPERSCRIPT]] +[[ADDOP]]  4[[NUMBER]] λ[[UNKNOWN]] \ddot{\Phi}[[UNKNOWN]] )[[CLOSE]]
Warning:not_parsed:ATOM.UNKNOWN.ATOM>CLOSE MathParser failed to match rule 'Anything'
	at 0304168.tex; line 392 col 5 - line 394 col 1
	In "$\displaystyle 4\lambda\dot{a}\,\,\ddot{}\!a\dot{}\,)+4a^{3}(\ddot{a}(e^{2\Phi%
	}+4\lambda\dot{\Phi}^{2}-2\lambda\ddot{\Phi})+\lambda(-4\dot{\Phi}\,\,\ddot{}%
	\!a\dot{}\,+\,\ddot{}\!a\ddot{}\,))$"
	4[[NUMBER]] λ[[UNKNOWN]] \dot{a}[[UNKNOWN]] \ddot{}[[UNKNOWN]] a[[UNKNOWN]] \dot{}[[UNKNOWN]]
	        > )[[CLOSE]] +[[ADDOP]] 4[[NUMBER]] a[[UNKNOWN]] ^{3}[[POSTSUPERSCRIPT]] ([[OPEN]] \ddot{a}[[UNKNOWN]] ([[OPEN]] e[[UNKNOWN]] ^{2\Phi}[[POSTSUPERSCRIPT]] +[[ADDOP]] 4[[NUMBER]] λ[[UNKNOWN]] \dot{\Phi}[[UNKNOWN]] ^{2}[[POSTSUPERSCRIPT]] -[[ADDOP]] 2[[NUMBER]] λ[[UNKNOWN]] \ddot{\Phi}[[UNKNOWN]] )[[CLOSE]] +[[ADDOP]] λ[[UNKNOWN]] ([[OPEN]] -[[ADDOP]] 4[[NUMBER]] \dot{\Phi}[[UNKNOWN]] \ddot{}[[UNKNOWN]] a[[UNKNOWN]] \dot{}[[UNKNOWN]] +[[ADDOP]] \ddot{}[[UNKNOWN]] a[[UNKNOWN]] \ddot{}[[UNKNOWN]] )[[CLOSE]] )[[CLOSE]]
 8.05 sec)
Math parsing succeeded:
   ltx:XMArg: 617/643
   ltx:XMath: 215/225
Symbols assumed as simple identifiers (with # of occurences):
   'A{italic}' (1), 'B{italic}' (1), 'C{italic}' (1), 'D{italic}' (58), 'E{italic}' (3), 'F{italic}' (3), 'G{italic}' (4), 'H{italic}' (48), 'Lambda' (5), 'L{caligraphic}' (21), 'M{italic}' (6), 'N{italic}' (2), 'O{caligraphic}' (5), 'Phi' (142), 'R{bold}' (2), 'R{italic}' (166), 'S{bold}' (2), 'S{italic}' (4), 'V{italic}' (26), 'alpha' (76), 'a{italic}' (59), 'beta' (58), 'b{italic}' (7), 'c{italic}' (13), 'delta' (10), 'd{italic}' (23), 'ell' (1), 'epsilon' (6), 'eta' (1), 'e{italic}' (52), 'gamma' (48), 'g{italic}' (40), 'i{italic}' (1), 'kappa' (2), 'k{italic}' (2), 'lambda' (88), 'mu' (24), 'm{italic}' (4), 'nu' (24), 'n{italic}' (8), 'o{italic}' (1), 'p{italic}' (2), 'rho' (8), 'r{italic}' (4), 'sigma' (22), 's{italic}' (2), 'theta' (2), 't{italic}' (53), 'varphi' (1), 'xi' (14), 'x{italic}' (7), 'zeta' (6)
Set MATHPARSER_SPECULATE to speculate on possible notations.
(Finalizing... 0.48 sec)
Conversion complete 37 warnings (See /home/user/latex-in-arxiv/0304168.latexml.log) (reqd. 16.15s)
