latexml (LaTeXML version 0.8.6) processing 2003/0304106.tex
(Digesting TeX 0304106...
(Loading /usr/share/perl5/LaTeXML/Package/TeX.pool.ltxml...
(Loading /usr/share/perl5/LaTeXML/Package/eTeX.pool.ltxml... 0.01 sec)
(Loading /usr/share/perl5/LaTeXML/Package/pdfTeX.pool.ltxml... 0.01 sec) 0.18 sec)
(Processing content /home/user/latex-in-arxiv/2003/0304106.tex...
(Loading /usr/share/perl5/LaTeXML/Package/LaTeX.pool.ltxml...
(Loading /usr/share/perl5/LaTeXML/Package/textcomp.sty.ltxml...
(Processing definitions /usr/share/texlive/texmf-dist/tex/latex-dev/base/ts1enc.dfu... 0.03 sec) 1.35 sec) 1.60 sec)
(Loading /usr/share/perl5/LaTeXML/Package/article.cls.ltxml... 0.01 sec) 7.34 sec) 7.57 sec)
(Building...
(Loading compiled schema /usr/share/perl5/LaTeXML/resources/RelaxNG/LaTeXML.model... 0.01 sec) 6.37 sec)
(Rewriting... 0.12 sec)
(Math Parsing 255 formulae ...... 17.77 sec)
Math parsing succeeded:
   ltx:XMath: 255/255
   ltx:XMArg: 738/738
Symbols assumed as simple identifiers (with # of occurences):
   'A{italic}' (45), 'B{italic}' (2), 'C{italic}' (14), 'Delta' (1), 'D{italic}' (44), 'E{italic}' (13), 'F{italic}' (8), 'G{italic}' (4), 'H{caligraphic}' (2), 'H{italic}' (9), 'J{italic}' (3), 'K{italic}' (11), 'L{caligraphic}' (1), 'L{italic}' (15), 'M{italic}' (20), 'N{italic}' (1), 'Pi' (3), 'Psi' (6), 'P{italic}' (22), 'Q{italic}' (18), 'R{italic}' (1), 'S{italic}' (4), 'T{italic}' (7), 'U{italic}' (2), 'V{italic}' (5), 'X{italic}' (2), 'Z{italic}' (2), 'alpha' (6), 'a{italic}' (8), 'b{italic}' (14), 'c{italic}' (14), 'delta' (8), 'd{italic}' (16), 'eff' (1), 'ell' (3), 'epsilon' (10), 'eta' (3), 'e{italic}' (10), 'f{italic}' (7), 'gamma' (11), 'g{italic}' (13), 'h{italic}' (2), 'i' (1), 'i{italic}' (42), 'j{italic}' (19), 'k{italic}' (137), 'lambda' (20), 'l{italic}' (2), 'mu' (54), 'm{italic}' (8), 'nu' (41), 'n{italic}' (73), 'omega' (8), 'phi' (12), 'pi' (10), 'psi' (13), 'p{italic}' (7), 'q{italic}' (17), 'rho' (4), 'tau' (6), 't{italic}' (7), 'varphi' (5), 'v{italic}' (5), 'x{italic}' (56), 'y{italic}' (4), 'z{italic}' (3)
Set MATHPARSER_SPECULATE to speculate on possible notations.
(Finalizing... 2.36 sec)
Conversion complete No obvious problems (reqd. 35.69s)
