latexml (LaTeXML version 0.8.6) processing 2003/0304245_cleaned.tex
(Digesting TeX 0304245_cleaned...
(Loading /usr/share/perl5/LaTeXML/Package/TeX.pool.ltxml...
(Loading /usr/share/perl5/LaTeXML/Package/eTeX.pool.ltxml... 0.01 sec)
(Loading /usr/share/perl5/LaTeXML/Package/pdfTeX.pool.ltxml... 0.01 sec) 0.14 sec)
(Processing content /home/user/latex-in-arxiv/2003/0304245_cleaned.tex...
Error:undefined:\section The token T_CS[\section] is not defined.
	at 0304245_cleaned.tex; line 4 col 8 - line 4 col 8
	Defining it now as <ltx:ERROR/>
	Next token is T_BEGIN[{] ( == T_BEGIN[{])
	In Core::Gullet[@0x558cd0f69320] /home/user/latex-in-arxiv/2003/0304245_cleaned.tex; from line 4 col 9 to line 4 col 9
	 <= Core::Stomach[@0x558cd0f68678] <= ...
Error:undefined:\label The token T_CS[\label] is not defined.
	at 0304245_cleaned.tex; line 4 col 15 - line 4 col 15
	Defining it now as <ltx:ERROR/>
	Next token is T_BEGIN[{] ( == T_BEGIN[{])
	In Core::Gullet[@0x558cd0f69320] /home/user/latex-in-arxiv/2003/0304245_cleaned.tex; from line 4 col 16 to line 4 col 16
	 <= Core::Stomach[@0x558cd0f68678] <= Core::Definition::Primitive[Begin] <= Core::Stomach[@0x558cd0f68678] <= ...
Error:undefined:\cite The token T_CS[\cite] is not defined.
	at 0304245_cleaned.tex; line 10 col 68 - line 10 col 68
	Defining it now as <ltx:ERROR/>
	Next token is T_BEGIN[{] ( == T_BEGIN[{])
	In Core::Gullet[@0x558cd0f69320] /home/user/latex-in-arxiv/2003/0304245_cleaned.tex; from line 10 col 69 to line 10 col 69
	 <= Core::Stomach[@0x558cd0f68678] <= ...
Error:undefined:\ref The token T_CS[\ref] is not defined.
	at 0304245_cleaned.tex; line 82 col 16 - line 82 col 16
	Defining it now as <ltx:ERROR/>
	Next token is T_BEGIN[{] ( == T_BEGIN[{])
	In Core::Gullet[@0x558cd0f69320] /home/user/latex-in-arxiv/2003/0304245_cleaned.tex; from line 82 col 17 to line 82 col 17
	 <= Core::Stomach[@0x558cd0f68678] <= ...
Error:undefined:\subsection The token T_CS[\subsection] is not defined.
	at 0304245_cleaned.tex; line 176 col 11 - line 176 col 11
	Defining it now as <ltx:ERROR/>
	Next token is T_BEGIN[{] ( == T_BEGIN[{])
	In Core::Gullet[@0x558cd0f69320] /home/user/latex-in-arxiv/2003/0304245_cleaned.tex; from line 176 col 12 to line 176 col 12
	 <= Core::Stomach[@0x558cd0f68678] <= ...
Error:undefined:\frac The token T_CS[\frac] is not defined.
	at 0304245_cleaned.tex; line 184 col 56 - line 184 col 56
	Defining it now as <ltx:ERROR/>
	Next token is T_OTHER[1] ( == T_OTHER[1])
	In Core::Gullet[@0x558cd0f69320] /home/user/latex-in-arxiv/2003/0304245_cleaned.tex; from line 184 col 58 to line 184 col 58
	 <= Core::Stomach[@0x558cd0f68678] <= Core::Definition::Constructor[\@@BEGI... <= Core::Stomach[@0x558cd0f68678] <= ...
Error:undefined:\be The token T_CS[\be] is not defined.
	at 0304245_cleaned.tex; line 191 col 4 - line 191 col 4
	Defining it now as <ltx:ERROR/>
	Next token is T_CS[\partial] ( == Core::Definition::Primitive[\partial])
	In Core::Gullet[@0x558cd0f69320] /home/user/latex-in-arxiv/2003/0304245_cleaned.tex; from line 191 col 13 to line 191 col 13
	 <= Core::Stomach[@0x558cd0f68678] <= ...
Error:unexpected:^ Script ^ can only appear in math mode
	at 0304245_cleaned.tex; line 191 col 17 - line 191 col 17
	In Core::Definition::Primitive[Superscript] /usr/share/perl5/LaTeXML/Package/TeX.pool.ltxml; line 4060
	 <= Core::Stomach[@0x558cd0f68678] <= ...
Error:unexpected:^ Script ^ can only appear in math mode
	at 0304245_cleaned.tex; line 191 col 21 - line 191 col 21
	In Core::Definition::Primitive[Superscript] /usr/share/perl5/LaTeXML/Package/TeX.pool.ltxml; line 4060
	 <= Core::Stomach[@0x558cd0f68678] <= ...
Error:unexpected:_ Script _ can only appear in math mode
	at 0304245_cleaned.tex; line 191 col 23 - line 191 col 23
	In Core::Definition::Primitive[Subscript] /usr/share/perl5/LaTeXML/Package/TeX.pool.ltxml; line 4061
	 <= Core::Stomach[@0x558cd0f68678] <= ...
Error:unexpected:^ Script ^ can only appear in math mode
	at 0304245_cleaned.tex; line 191 col 39 - line 191 col 39
	In Core::Definition::Primitive[Superscript] /usr/share/perl5/LaTeXML/Package/TeX.pool.ltxml; line 4060
	 <= Core::Stomach[@0x558cd0f68678] <= ...
Error:unexpected:_ Script _ can only appear in math mode
	at 0304245_cleaned.tex; line 191 col 45 - line 191 col 45
	In Core::Definition::Primitive[Subscript] /usr/share/perl5/LaTeXML/Package/TeX.pool.ltxml; line 4061
	 <= Core::Stomach[@0x558cd0f68678] <= ...
Error:undefined:\ee The token T_CS[\ee] is not defined.
	at 0304245_cleaned.tex; line 191 col 0 - line 191 col 67
	Defining it now as <ltx:ERROR/>
	Next token is T_LETTER[w] ( == T_LETTER[w])
	In Core::Gullet[@0x558cd0f69320] /home/user/latex-in-arxiv/2003/0304245_cleaned.tex; from line 192 col 2 to line 192 col 2
	 <= Core::Stomach[@0x558cd0f68678] <= ...
Error:unexpected:^ Script ^ can only appear in math mode
	at 0304245_cleaned.tex; line 193 col 8 - line 193 col 8
	In Core::Definition::Primitive[Superscript] /usr/share/perl5/LaTeXML/Package/TeX.pool.ltxml; line 4060
	 <= Core::Stomach[@0x558cd0f68678] <= ...
Error:unexpected:_ Script _ can only appear in math mode
	at 0304245_cleaned.tex; line 193 col 10 - line 193 col 10
	In Core::Definition::Primitive[Subscript] /usr/share/perl5/LaTeXML/Package/TeX.pool.ltxml; line 4061
	 <= Core::Stomach[@0x558cd0f68678] <= ...
Error:unexpected:_ Script _ can only appear in math mode
	at 0304245_cleaned.tex; line 193 col 0 - line 193 col 30
	In Core::Definition::Primitive[Subscript] /usr/share/perl5/LaTeXML/Package/TeX.pool.ltxml; line 4061
	 <= Core::Stomach[@0x558cd0f68678] <= ...
Error:unexpected:_ Script _ can only appear in math mode
	at 0304245_cleaned.tex; line 194 col 5 - line 194 col 5
	In Core::Definition::Primitive[Subscript] /usr/share/perl5/LaTeXML/Package/TeX.pool.ltxml; line 4061
	 <= Core::Stomach[@0x558cd0f68678] <= ...
Error:unexpected:_ Script _ can only appear in math mode
	at 0304245_cleaned.tex; line 194 col 19 - line 194 col 19
	In Core::Definition::Primitive[Subscript] /usr/share/perl5/LaTeXML/Package/TeX.pool.ltxml; line 4061
	 <= Core::Stomach[@0x558cd0f68678] <= ...
Error:unexpected:_ Script _ can only appear in math mode
	at 0304245_cleaned.tex; line 194 col 25 - line 194 col 25
	In Core::Definition::Primitive[Subscript] /usr/share/perl5/LaTeXML/Package/TeX.pool.ltxml; line 4061
	 <= Core::Stomach[@0x558cd0f68678] <= ...
Error:undefined:\eq The token T_CS[\eq] is not defined.
	at 0304245_cleaned.tex; line 195 col 65 - line 195 col 65
	Defining it now as <ltx:ERROR/>
	Next token is T_BEGIN[{] ( == T_BEGIN[{])
	In Core::Gullet[@0x558cd0f69320] /home/user/latex-in-arxiv/2003/0304245_cleaned.tex; from line 195 col 66 to line 195 col 66
	 <= Core::Stomach[@0x558cd0f68678] <= ...
Error:unexpected:^ Script ^ can only appear in math mode
	at 0304245_cleaned.tex; line 198 col 0 - line 198 col 76
	In Core::Definition::Primitive[Superscript] /usr/share/perl5/LaTeXML/Package/TeX.pool.ltxml; line 4060
	 <= Core::Stomach[@0x558cd0f68678] <= ...
Error:unexpected:_ Script _ can only appear in math mode
	at 0304245_cleaned.tex; line 199 col 5 - line 199 col 5
	In Core::Definition::Primitive[Subscript] /usr/share/perl5/LaTeXML/Package/TeX.pool.ltxml; line 4061
	 <= Core::Stomach[@0x558cd0f68678] <= ...
Error:unexpected:_ Script _ can only appear in math mode
	at 0304245_cleaned.tex; line 208 col 11 - line 208 col 11
	In Core::Definition::Primitive[Subscript] /usr/share/perl5/LaTeXML/Package/TeX.pool.ltxml; line 4061
	 <= Core::Stomach[@0x558cd0f68678] <= ...
Error:unexpected:^ Script ^ can only appear in math mode
	at 0304245_cleaned.tex; line 208 col 20 - line 208 col 20
	In Core::Definition::Primitive[Superscript] /usr/share/perl5/LaTeXML/Package/TeX.pool.ltxml; line 4060
	 <= Core::Stomach[@0x558cd0f68678] <= ...
Error:unexpected:^ Script ^ can only appear in math mode
	at 0304245_cleaned.tex; line 208 col 33 - line 208 col 33
	In Core::Definition::Primitive[Superscript] /usr/share/perl5/LaTeXML/Package/TeX.pool.ltxml; line 4060
	 <= Core::Stomach[@0x558cd0f68678] <= ...
Error:unexpected:^ Script ^ can only appear in math mode
	at 0304245_cleaned.tex; line 208 col 46 - line 208 col 46
	In Core::Definition::Primitive[Superscript] /usr/share/perl5/LaTeXML/Package/TeX.pool.ltxml; line 4060
	 <= Core::Stomach[@0x558cd0f68678] <= ...
Error:unexpected:_ Script _ can only appear in math mode
	at 0304245_cleaned.tex; line 208 col 52 - line 208 col 52
	In Core::Definition::Primitive[Subscript] /usr/share/perl5/LaTeXML/Package/TeX.pool.ltxml; line 4061
	 <= Core::Stomach[@0x558cd0f68678] <= ...
Error:unexpected:^ Script ^ can only appear in math mode
	at 0304245_cleaned.tex; line 208 col 60 - line 208 col 60
	In Core::Definition::Primitive[Superscript] /usr/share/perl5/LaTeXML/Package/TeX.pool.ltxml; line 4060
	 <= Core::Stomach[@0x558cd0f68678] <= ...
Error:unexpected:^ Script ^ can only appear in math mode
	at 0304245_cleaned.tex; line 208 col 66 - line 208 col 66
	In Core::Definition::Primitive[Superscript] /usr/share/perl5/LaTeXML/Package/TeX.pool.ltxml; line 4060
	 <= Core::Stomach[@0x558cd0f68678] <= ...
Error:unexpected:_ Script _ can only appear in math mode
	at 0304245_cleaned.tex; line 218 col 63 - line 218 col 63
	In Core::Definition::Primitive[Subscript] /usr/share/perl5/LaTeXML/Package/TeX.pool.ltxml; line 4061
	 <= Core::Stomach[@0x558cd0f68678] <= Core::Definition::Constructor[\@hidde... <= Core::Stomach[@0x558cd0f68678] <= ...
Error:unexpected:_ Script _ can only appear in math mode
	at 0304245_cleaned.tex; line 218 col 74 - line 218 col 74
	In Core::Definition::Primitive[Subscript] /usr/share/perl5/LaTeXML/Package/TeX.pool.ltxml; line 4061
	 <= Core::Stomach[@0x558cd0f68678] <= Core::Definition::Constructor[\@hidde... <= Core::Stomach[@0x558cd0f68678] <= ...
Error:unexpected:_ Script _ can only appear in math mode
	at 0304245_cleaned.tex; line 219 col 21 - line 219 col 21
	In Core::Definition::Primitive[Subscript] /usr/share/perl5/LaTeXML/Package/TeX.pool.ltxml; line 4061
	 <= Core::Stomach[@0x558cd0f68678] <= Core::Definition::Constructor[\@hidde... <= Core::Stomach[@0x558cd0f68678] <= ...
Error:unexpected:^ Script ^ can only appear in math mode
	at 0304245_cleaned.tex; line 219 col 29 - line 219 col 29
	In Core::Definition::Primitive[Superscript] /usr/share/perl5/LaTeXML/Package/TeX.pool.ltxml; line 4060
	 <= Core::Stomach[@0x558cd0f68678] <= Core::Definition::Constructor[\@hidde... <= Core::Stomach[@0x558cd0f68678] <= ...
Error:unexpected:^ Script ^ can only appear in math mode
	at 0304245_cleaned.tex; line 219 col 45 - line 219 col 45
	In Core::Definition::Primitive[Superscript] /usr/share/perl5/LaTeXML/Package/TeX.pool.ltxml; line 4060
	 <= Core::Stomach[@0x558cd0f68678] <= Core::Definition::Constructor[\@hidde... <= Core::Stomach[@0x558cd0f68678] <= ...
Error:unexpected:_ Script _ can only appear in math mode
	at 0304245_cleaned.tex; line 219 col 50 - line 219 col 50
	In Core::Definition::Primitive[Subscript] /usr/share/perl5/LaTeXML/Package/TeX.pool.ltxml; line 4061
	 <= Core::Stomach[@0x558cd0f68678] <= Core::Definition::Constructor[\@hidde... <= Core::Stomach[@0x558cd0f68678] <= ...
Error:unexpected:_ Script _ can only appear in math mode
	at 0304245_cleaned.tex; line 221 col 16 - line 221 col 16
	In Core::Definition::Primitive[Subscript] /usr/share/perl5/LaTeXML/Package/TeX.pool.ltxml; line 4061
	 <= Core::Stomach[@0x558cd0f68678] <= Core::Definition::Constructor[\@hidde... <= Core::Stomach[@0x558cd0f68678] <= ...
Error:unexpected:^ Script ^ can only appear in math mode
	at 0304245_cleaned.tex; line 221 col 31 - line 221 col 31
	In Core::Definition::Primitive[Superscript] /usr/share/perl5/LaTeXML/Package/TeX.pool.ltxml; line 4060
	 <= Core::Stomach[@0x558cd0f68678] <= Core::Definition::Constructor[\@hidde... <= Core::Stomach[@0x558cd0f68678] <= ...
Error:unexpected:_ Script _ can only appear in math mode
	at 0304245_cleaned.tex; line 221 col 36 - line 221 col 36
	In Core::Definition::Primitive[Subscript] /usr/share/perl5/LaTeXML/Package/TeX.pool.ltxml; line 4061
	 <= Core::Stomach[@0x558cd0f68678] <= Core::Definition::Constructor[\@hidde... <= Core::Stomach[@0x558cd0f68678] <= ...
Error:unexpected:_ Script _ can only appear in math mode
	at 0304245_cleaned.tex; line 221 col 64 - line 221 col 64
	In Core::Definition::Primitive[Subscript] /usr/share/perl5/LaTeXML/Package/TeX.pool.ltxml; line 4061
	 <= Core::Stomach[@0x558cd0f68678] <= Core::Definition::Constructor[\@hidde... <= Core::Stomach[@0x558cd0f68678] <= ...
Error:unexpected:^ Script ^ can only appear in math mode
	at 0304245_cleaned.tex; line 222 col 13 - line 222 col 13
	In Core::Definition::Primitive[Superscript] /usr/share/perl5/LaTeXML/Package/TeX.pool.ltxml; line 4060
	 <= Core::Stomach[@0x558cd0f68678] <= Core::Definition::Primitive[Begin] <= Core::Stomach[@0x558cd0f68678] <= ...
Error:unexpected:_ Script _ can only appear in math mode
	at 0304245_cleaned.tex; line 222 col 27 - line 222 col 27
	In Core::Definition::Primitive[Subscript] /usr/share/perl5/LaTeXML/Package/TeX.pool.ltxml; line 4061
	 <= Core::Stomach[@0x558cd0f68678] <= Core::Definition::Constructor[\@hidde... <= Core::Stomach[@0x558cd0f68678] <= ...
Error:unexpected:_ Script _ can only appear in math mode
	at 0304245_cleaned.tex; line 222 col 39 - line 222 col 39
	In Core::Definition::Primitive[Subscript] /usr/share/perl5/LaTeXML/Package/TeX.pool.ltxml; line 4061
	 <= Core::Stomach[@0x558cd0f68678] <= Core::Definition::Constructor[\@hidde... <= Core::Stomach[@0x558cd0f68678] <= ...
Error:unexpected:_ Script _ can only appear in math mode
	at 0304245_cleaned.tex; line 222 col 56 - line 222 col 56
	In Core::Definition::Primitive[Subscript] /usr/share/perl5/LaTeXML/Package/TeX.pool.ltxml; line 4061
	 <= Core::Stomach[@0x558cd0f68678] <= ...
Error:unexpected:^ Script ^ can only appear in math mode
	at 0304245_cleaned.tex; line 225 col 26 - line 225 col 26
	In Core::Definition::Primitive[Superscript] /usr/share/perl5/LaTeXML/Package/TeX.pool.ltxml; line 4060
	 <= Core::Stomach[@0x558cd0f68678] <= Core::Definition::Constructor[\@hidde... <= Core::Stomach[@0x558cd0f68678] <= ...
Error:unexpected:^ Script ^ can only appear in math mode
	at 0304245_cleaned.tex; line 225 col 31 - line 225 col 31
	In Core::Definition::Primitive[Superscript] /usr/share/perl5/LaTeXML/Package/TeX.pool.ltxml; line 4060
	 <= Core::Stomach[@0x558cd0f68678] <= Core::Definition::Constructor[\@hidde... <= Core::Stomach[@0x558cd0f68678] <= ...
Error:unexpected:_ Script _ can only appear in math mode
	at 0304245_cleaned.tex; line 225 col 47 - line 225 col 47
	In Core::Definition::Primitive[Subscript] /usr/share/perl5/LaTeXML/Package/TeX.pool.ltxml; line 4061
	 <= Core::Stomach[@0x558cd0f68678] <= ...
Error:unexpected:^ Script ^ can only appear in math mode
	at 0304245_cleaned.tex; line 266 col 20 - line 266 col 20
	In Core::Definition::Primitive[Superscript] /usr/share/perl5/LaTeXML/Package/TeX.pool.ltxml; line 4060
	 <= Core::Stomach[@0x558cd0f68678] <= Core::Definition::Constructor[\@hidde... <= Core::Stomach[@0x558cd0f68678] <= ...
Error:unexpected:^ Script ^ can only appear in math mode
	at 0304245_cleaned.tex; line 266 col 25 - line 266 col 25
	In Core::Definition::Primitive[Superscript] /usr/share/perl5/LaTeXML/Package/TeX.pool.ltxml; line 4060
	 <= Core::Stomach[@0x558cd0f68678] <= Core::Definition::Constructor[\@hidde... <= Core::Stomach[@0x558cd0f68678] <= ...
Error:unexpected:_ Script _ can only appear in math mode
	at 0304245_cleaned.tex; line 266 col 38 - line 266 col 38
	In Core::Definition::Primitive[Subscript] /usr/share/perl5/LaTeXML/Package/TeX.pool.ltxml; line 4061
	 <= Core::Stomach[@0x558cd0f68678] <= ...
Error:unexpected:_ Script _ can only appear in math mode
	at 0304245_cleaned.tex; line 267 col 0 - line 267 col 79
	In Core::Definition::Primitive[Subscript] /usr/share/perl5/LaTeXML/Package/TeX.pool.ltxml; line 4061
	 <= Core::Stomach[@0x558cd0f68678] <= ...
Error:unexpected:_ Script _ can only appear in math mode
	at 0304245_cleaned.tex; line 268 col 5 - line 268 col 5
	In Core::Definition::Primitive[Subscript] /usr/share/perl5/LaTeXML/Package/TeX.pool.ltxml; line 4061
	 <= Core::Stomach[@0x558cd0f68678] <= ...
Error:unexpected:^ Script ^ can only appear in math mode
	at 0304245_cleaned.tex; line 268 col 13 - line 268 col 13
	In Core::Definition::Primitive[Superscript] /usr/share/perl5/LaTeXML/Package/TeX.pool.ltxml; line 4060
	 <= Core::Stomach[@0x558cd0f68678] <= ...
Error:unexpected:^ Script ^ can only appear in math mode
	at 0304245_cleaned.tex; line 268 col 26 - line 268 col 26
	In Core::Definition::Primitive[Superscript] /usr/share/perl5/LaTeXML/Package/TeX.pool.ltxml; line 4060
	 <= Core::Stomach[@0x558cd0f68678] <= ...
Error:unexpected:^ Script ^ can only appear in math mode
	at 0304245_cleaned.tex; line 268 col 32 - line 268 col 32
	In Core::Definition::Primitive[Superscript] /usr/share/perl5/LaTeXML/Package/TeX.pool.ltxml; line 4060
	 <= Core::Stomach[@0x558cd0f68678] <= ...
Error:unexpected:^ Script ^ can only appear in math mode
	at 0304245_cleaned.tex; line 268 col 37 - line 268 col 37
	In Core::Definition::Primitive[Superscript] /usr/share/perl5/LaTeXML/Package/TeX.pool.ltxml; line 4060
	 <= Core::Stomach[@0x558cd0f68678] <= ...
Error:unexpected:_ Script _ can only appear in math mode
	at 0304245_cleaned.tex; line 268 col 43 - line 268 col 43
	In Core::Definition::Primitive[Subscript] /usr/share/perl5/LaTeXML/Package/TeX.pool.ltxml; line 4061
	 <= Core::Stomach[@0x558cd0f68678] <= ...
Error:unexpected:^ Script ^ can only appear in math mode
	at 0304245_cleaned.tex; line 268 col 51 - line 268 col 51
	In Core::Definition::Primitive[Superscript] /usr/share/perl5/LaTeXML/Package/TeX.pool.ltxml; line 4060
	 <= Core::Stomach[@0x558cd0f68678] <= ...
Error:unexpected:^ Script ^ can only appear in math mode
	at 0304245_cleaned.tex; line 268 col 57 - line 268 col 57
	In Core::Definition::Primitive[Superscript] /usr/share/perl5/LaTeXML/Package/TeX.pool.ltxml; line 4060
	 <= Core::Stomach[@0x558cd0f68678] <= ...
Warning:uninitialized:value Use of uninitialized value value in string eq
	at at /usr/share/perl5/LaTeXML/Package/TeX.pool.ltxml line 5544, <$IN> line 282
	In Core::Definition::Primitive[\sum] /usr/share/perl5/LaTeXML/Package/TeX.pool.ltxml; line 5546
Warning:uninitialized:value Use of uninitialized value value in string eq
	at at /usr/share/perl5/LaTeXML/Package/TeX.pool.ltxml line 5541, <$IN> line 282
	In Core::Definition::Primitive[\sum] /usr/share/perl5/LaTeXML/Package/TeX.pool.ltxml; line 5546
Error:unexpected:_ Script _ can only appear in math mode
	at 0304245_cleaned.tex; line 282 col 23 - line 282 col 23
	In Core::Definition::Primitive[Subscript] /usr/share/perl5/LaTeXML/Package/TeX.pool.ltxml; line 4061
	 <= Core::Stomach[@0x558cd0f68678] <= ...
Error:unexpected:_ Script _ can only appear in math mode
	at 0304245_cleaned.tex; line 283 col 16 - line 283 col 16
	In Core::Definition::Primitive[Subscript] /usr/share/perl5/LaTeXML/Package/TeX.pool.ltxml; line 4061
	 <= Core::Stomach[@0x558cd0f68678] <= Core::Definition::Constructor[\@hidde... <= Core::Stomach[@0x558cd0f68678] <= ...
Error:unexpected:_ Script _ can only appear in math mode
	at 0304245_cleaned.tex; line 283 col 22 - line 283 col 22
	In Core::Definition::Primitive[Subscript] /usr/share/perl5/LaTeXML/Package/TeX.pool.ltxml; line 4061
	 <= Core::Stomach[@0x558cd0f68678] <= Core::Definition::Constructor[\@hidde... <= Core::Stomach[@0x558cd0f68678] <= ...
Error:unexpected:^ Script ^ can only appear in math mode
	at 0304245_cleaned.tex; line 283 col 30 - line 283 col 30
	In Core::Definition::Primitive[Superscript] /usr/share/perl5/LaTeXML/Package/TeX.pool.ltxml; line 4060
	 <= Core::Stomach[@0x558cd0f68678] <= Core::Definition::Constructor[\@hidde... <= Core::Stomach[@0x558cd0f68678] <= ...
Error:unexpected:_ Script _ can only appear in math mode
	at 0304245_cleaned.tex; line 283 col 60 - line 283 col 60
	In Core::Definition::Primitive[Subscript] /usr/share/perl5/LaTeXML/Package/TeX.pool.ltxml; line 4061
	 <= Core::Stomach[@0x558cd0f68678] <= Core::Definition::Constructor[\@hidde... <= Core::Stomach[@0x558cd0f68678] <= ...
Error:unexpected:^ Script ^ can only appear in math mode
	at 0304245_cleaned.tex; line 283 col 66 - line 283 col 66
	In Core::Definition::Primitive[Superscript] /usr/share/perl5/LaTeXML/Package/TeX.pool.ltxml; line 4060
	 <= Core::Stomach[@0x558cd0f68678] <= Core::Definition::Constructor[\@hidde... <= Core::Stomach[@0x558cd0f68678] <= ...
Error:unexpected:^ Script ^ can only appear in math mode
	at 0304245_cleaned.tex; line 283 col 0 - line 283 col 79
	In Core::Definition::Primitive[Superscript] /usr/share/perl5/LaTeXML/Package/TeX.pool.ltxml; line 4060
	 <= Core::Stomach[@0x558cd0f68678] <= ...
Error:unexpected:_ Script _ can only appear in math mode
	at 0304245_cleaned.tex; line 284 col 5 - line 284 col 5
	In Core::Definition::Primitive[Subscript] /usr/share/perl5/LaTeXML/Package/TeX.pool.ltxml; line 4061
	 <= Core::Stomach[@0x558cd0f68678] <= ...
Error:unexpected:^ Script ^ can only appear in math mode
	at 0304245_cleaned.tex; line 284 col 13 - line 284 col 13
	In Core::Definition::Primitive[Superscript] /usr/share/perl5/LaTeXML/Package/TeX.pool.ltxml; line 4060
	 <= Core::Stomach[@0x558cd0f68678] <= ...
Error:unexpected:^ Script ^ can only appear in math mode
	at 0304245_cleaned.tex; line 284 col 19 - line 284 col 19
	In Core::Definition::Primitive[Superscript] /usr/share/perl5/LaTeXML/Package/TeX.pool.ltxml; line 4060
	 <= Core::Stomach[@0x558cd0f68678] <= ...
Error:unexpected:^ Script ^ can only appear in math mode
	at 0304245_cleaned.tex; line 307 col 15 - line 307 col 15
	In Core::Definition::Primitive[Superscript] /usr/share/perl5/LaTeXML/Package/TeX.pool.ltxml; line 4060
	 <= Core::Stomach[@0x558cd0f68678] <= ...
Error:unexpected:_ Script _ can only appear in math mode
	at 0304245_cleaned.tex; line 307 col 21 - line 307 col 21
	In Core::Definition::Primitive[Subscript] /usr/share/perl5/LaTeXML/Package/TeX.pool.ltxml; line 4061
	 <= Core::Stomach[@0x558cd0f68678] <= ...
Error:unexpected:^ Script ^ can only appear in math mode
	at 0304245_cleaned.tex; line 307 col 24 - line 307 col 24
	In Core::Definition::Primitive[Superscript] /usr/share/perl5/LaTeXML/Package/TeX.pool.ltxml; line 4060
	 <= Core::Stomach[@0x558cd0f68678] <= ...
Warning:unexpected:— Missing delimiter; '.' inserted
	at 0304245_cleaned.tex; line 307 col 34 - line 307 col 34
	In Core::Definition::Constructor[\left T... /usr/share/perl5/LaTeXML/Package/TeX.pool.ltxml; line 6106
Warning:unexpected:¿ Missing delimiter; '.' inserted)
	at 0304245_cleaned.tex; line 307 col 51 - line 307 col 51
	In Core::Definition::Constructor[\right ... /usr/share/perl5/LaTeXML/Package/TeX.pool.ltxml; line 6127
Error:undefined:\ba The token T_CS[\ba] is not defined.
	at 0304245_cleaned.tex; line 320 col 10 - line 320 col 10
	Defining it now as <ltx:ERROR/>
	Next token is T_ALIGN[&] ( == T_ALIGN[&])
	In Core::Gullet[@0x558cd0f69320] /home/user/latex-in-arxiv/2003/0304245_cleaned.tex; from line 320 col 12 to line 320 col 12
	 <= Core::Stomach[@0x558cd0f68678] <= ...
Error:misdefined:& The token T_ALIGN[&] should never reach Stomach!
	at 0304245_cleaned.tex; line 320 col 12 - line 320 col 12
	In Core::Stomach[@0x558cd0f68678] /home/user/latex-in-arxiv/2003/0304245_cleaned.tex; from line 320 col 12 to line 320 col 12
Error:unexpected:_ Script _ can only appear in math mode
	at 0304245_cleaned.tex; line 320 col 25 - line 320 col 25
	In Core::Definition::Primitive[Subscript] /usr/share/perl5/LaTeXML/Package/TeX.pool.ltxml; line 4061
	 <= Core::Stomach[@0x558cd0f68678] <= Core::Definition::Constructor[\@hidde... <= Core::Stomach[@0x558cd0f68678] <= ...
Error:unexpected:_ Script _ can only appear in math mode
	at 0304245_cleaned.tex; line 320 col 36 - line 320 col 36
	In Core::Definition::Primitive[Subscript] /usr/share/perl5/LaTeXML/Package/TeX.pool.ltxml; line 4061
	 <= Core::Stomach[@0x558cd0f68678] <= Core::Definition::Constructor[\@hidde... <= Core::Stomach[@0x558cd0f68678] <= ...
Error:undefined:\nn The token T_CS[\nn] is not defined.
	at 0304245_cleaned.tex; line 320 col 55 - line 320 col 55
	Defining it now as <ltx:ERROR/>
	Next token is T_CS[\\] ( == undef)
	In Core::Gullet[@0x558cd0f69320] /home/user/latex-in-arxiv/2003/0304245_cleaned.tex; from line 320 col 58 to line 320 col 58
	 <= Core::Stomach[@0x558cd0f68678] <= ...
Error:undefined:\\ The token T_CS[\\] is not defined.
	at 0304245_cleaned.tex; line 320 col 58 - line 320 col 58
	Defining it now as <ltx:ERROR/>
	Next token is T_SPACE[ ] ( == T_SPACE[ ])
	In Core::Gullet[@0x558cd0f69320] /home/user/latex-in-arxiv/2003/0304245_cleaned.tex; from line 320 col 59 to line 320 col 59
	 <= Core::Stomach[@0x558cd0f68678] <= ...
Error:unexpected:_ Script _ can only appear in math mode
	at 0304245_cleaned.tex; line 320 col 73 - line 320 col 73
	In Core::Definition::Primitive[Subscript] /usr/share/perl5/LaTeXML/Package/TeX.pool.ltxml; line 4061
	 <= Core::Stomach[@0x558cd0f68678] <= Core::Definition::Constructor[\@hidde... <= Core::Stomach[@0x558cd0f68678] <= ...
Error:unexpected:^ Script ^ can only appear in math mode
	at 0304245_cleaned.tex; line 321 col 9 - line 321 col 9
	In Core::Definition::Primitive[Superscript] /usr/share/perl5/LaTeXML/Package/TeX.pool.ltxml; line 4060
	 <= Core::Stomach[@0x558cd0f68678] <= Core::Definition::Constructor[\@hidde... <= Core::Stomach[@0x558cd0f68678] <= ...
Error:unexpected:_ Script _ can only appear in math mode
	at 0304245_cleaned.tex; line 321 col 13 - line 321 col 13
	In Core::Definition::Primitive[Subscript] /usr/share/perl5/LaTeXML/Package/TeX.pool.ltxml; line 4061
	 <= Core::Stomach[@0x558cd0f68678] <= Core::Definition::Constructor[\@hidde... <= Core::Stomach[@0x558cd0f68678] <= ...
Error:unexpected:_ Script _ can only appear in math mode
	at 0304245_cleaned.tex; line 321 col 33 - line 321 col 33
	In Core::Definition::Primitive[Subscript] /usr/share/perl5/LaTeXML/Package/TeX.pool.ltxml; line 4061
	 <= Core::Stomach[@0x558cd0f68678] <= ...
Error:unexpected:_ Script _ can only appear in math mode
	at 0304245_cleaned.tex; line 321 col 49 - line 321 col 49
	In Core::Definition::Primitive[Subscript] /usr/share/perl5/LaTeXML/Package/TeX.pool.ltxml; line 4061
	 <= Core::Stomach[@0x558cd0f68678] <= ...
Error:undefined:\ea The token T_CS[\ea] is not defined.
	at 0304245_cleaned.tex; line 321 col 70 - line 321 col 70
	Defining it now as <ltx:ERROR/>
	Next token is T_LETTER[e] ( == T_LETTER[e])
	In Core::Gullet[@0x558cd0f69320] /home/user/latex-in-arxiv/2003/0304245_cleaned.tex; from line 321 col 72 to line 321 col 72
	 <= Core::Stomach[@0x558cd0f68678] <= ...
Error:unexpected:^ Script ^ can only appear in math mode
	at 0304245_cleaned.tex; line 324 col 62 - line 324 col 62
	In Core::Definition::Primitive[Superscript] /usr/share/perl5/LaTeXML/Package/TeX.pool.ltxml; line 4060
	 <= Core::Stomach[@0x558cd0f68678] <= Core::Definition::Constructor[\@hidde... <= Core::Stomach[@0x558cd0f68678] <= ...
Error:unexpected:_ Script _ can only appear in math mode
	at 0304245_cleaned.tex; line 324 col 68 - line 324 col 68
	In Core::Definition::Primitive[Subscript] /usr/share/perl5/LaTeXML/Package/TeX.pool.ltxml; line 4061
	 <= Core::Stomach[@0x558cd0f68678] <= Core::Definition::Constructor[\@hidde... <= Core::Stomach[@0x558cd0f68678] <= ...
Error:unexpected:^ Script ^ can only appear in math mode
	at 0304245_cleaned.tex; line 325 col 12 - line 325 col 12
	In Core::Definition::Primitive[Superscript] /usr/share/perl5/LaTeXML/Package/TeX.pool.ltxml; line 4060
	 <= Core::Stomach[@0x558cd0f68678] <= Core::Definition::Constructor[\@hidde... <= Core::Stomach[@0x558cd0f68678] <= ...
Error:unexpected:^ Script ^ can only appear in math mode
	at 0304245_cleaned.tex; line 325 col 22 - line 325 col 22
	In Core::Definition::Primitive[Superscript] /usr/share/perl5/LaTeXML/Package/TeX.pool.ltxml; line 4060
	 <= Core::Stomach[@0x558cd0f68678] <= Core::Definition::Constructor[\@hidde... <= Core::Stomach[@0x558cd0f68678] <= ...
Error:unexpected:_ Script _ can only appear in math mode
	at 0304245_cleaned.tex; line 325 col 26 - line 325 col 26
	In Core::Definition::Primitive[Subscript] /usr/share/perl5/LaTeXML/Package/TeX.pool.ltxml; line 4061
	 <= Core::Stomach[@0x558cd0f68678] <= Core::Definition::Constructor[\@hidde... <= Core::Stomach[@0x558cd0f68678] <= ...
Error:unexpected:^ Script ^ can only appear in math mode
	at 0304245_cleaned.tex; line 325 col 53 - line 325 col 53
	In Core::Definition::Primitive[Superscript] /usr/share/perl5/LaTeXML/Package/TeX.pool.ltxml; line 4060
	 <= Core::Stomach[@0x558cd0f68678] <= ...
Error:unexpected:_ Script _ can only appear in math mode
	at 0304245_cleaned.tex; line 325 col 62 - line 325 col 62
	In Core::Definition::Primitive[Subscript] /usr/share/perl5/LaTeXML/Package/TeX.pool.ltxml; line 4061
	 <= Core::Stomach[@0x558cd0f68678] <= ...
Error:unexpected:^ Script ^ can only appear in math mode
	at 0304245_cleaned.tex; line 342 col 0 - line 342 col 26
	In Core::Definition::Primitive[Superscript] /usr/share/perl5/LaTeXML/Package/TeX.pool.ltxml; line 4060
	 <= Core::Stomach[@0x558cd0f68678] <= Core::Definition::Constructor[\@hidde... <= Core::Stomach[@0x558cd0f68678] <= ...
Error:unexpected:^ Script ^ can only appear in math mode
	at 0304245_cleaned.tex; line 343 col 6 - line 343 col 6
	In Core::Definition::Primitive[Superscript] /usr/share/perl5/LaTeXML/Package/TeX.pool.ltxml; line 4060
	 <= Core::Stomach[@0x558cd0f68678] <= Core::Definition::Constructor[\@hidde... <= Core::Stomach[@0x558cd0f68678] <= ...
Error:unexpected:^ Script ^ can only appear in math mode
	at 0304245_cleaned.tex; line 346 col 22 - line 346 col 22
	In Core::Definition::Primitive[Superscript] /usr/share/perl5/LaTeXML/Package/TeX.pool.ltxml; line 4060
	 <= Core::Stomach[@0x558cd0f68678] <= Core::Definition::Constructor[\@hidde... <= Core::Stomach[@0x558cd0f68678] <= ...
Error:unexpected:_ Script _ can only appear in math mode
	at 0304245_cleaned.tex; line 346 col 44 - line 346 col 44
	In Core::Definition::Primitive[Subscript] /usr/share/perl5/LaTeXML/Package/TeX.pool.ltxml; line 4061
	 <= Core::Stomach[@0x558cd0f68678] <= ...
Warning:unexpected:— Missing delimiter; '.' inserted
	at 0304245_cleaned.tex; line 349 col 10 - line 349 col 10
	In Core::Definition::Constructor[\left T... /usr/share/perl5/LaTeXML/Package/TeX.pool.ltxml; line 6106
Warning:unexpected:¿ Missing delimiter; '.' inserted)
	at 0304245_cleaned.tex; line 349 col 27 - line 349 col 27
	In Core::Definition::Constructor[\right ... /usr/share/perl5/LaTeXML/Package/TeX.pool.ltxml; line 6127
Error:unexpected:^ Script ^ can only appear in math mode
	at 0304245_cleaned.tex; line 349 col 53 - line 349 col 53
	In Core::Definition::Primitive[Superscript] /usr/share/perl5/LaTeXML/Package/TeX.pool.ltxml; line 4060
	 <= Core::Stomach[@0x558cd0f68678] <= Core::Definition::Constructor[\@hidde... <= Core::Stomach[@0x558cd0f68678] <= ...
Error:unexpected:_ Script _ can only appear in math mode
	at 0304245_cleaned.tex; line 349 col 59 - line 349 col 59
	In Core::Definition::Primitive[Subscript] /usr/share/perl5/LaTeXML/Package/TeX.pool.ltxml; line 4061
	 <= Core::Stomach[@0x558cd0f68678] <= Core::Definition::Constructor[\@hidde... <= Core::Stomach[@0x558cd0f68678] <= ...
Error:unexpected:^ Script ^ can only appear in math mode
	at 0304245_cleaned.tex; line 350 col 13 - line 350 col 13
	In Core::Definition::Primitive[Superscript] /usr/share/perl5/LaTeXML/Package/TeX.pool.ltxml; line 4060
	 <= Core::Stomach[@0x558cd0f68678] <= ...
Warning:unexpected:— Missing delimiter; '.' inserted
	at 0304245_cleaned.tex; line 350 col 24 - line 350 col 24
	In Core::Definition::Constructor[\left T... /usr/share/perl5/LaTeXML/Package/TeX.pool.ltxml; line 6106
Warning:unexpected:¿ Missing delimiter; '.' inserted)
	at 0304245_cleaned.tex; line 350 col 41 - line 350 col 41
	In Core::Definition::Constructor[\right ... /usr/share/perl5/LaTeXML/Package/TeX.pool.ltxml; line 6127
Error:unexpected:_ Script _ can only appear in math mode
	at 0304245_cleaned.tex; line 358 col 5 - line 358 col 5
	In Core::Definition::Primitive[Subscript] /usr/share/perl5/LaTeXML/Package/TeX.pool.ltxml; line 4061
	 <= Core::Stomach[@0x558cd0f68678] <= ...
Error:unexpected:_ Script _ can only appear in math mode
	at 0304245_cleaned.tex; line 358 col 34 - line 358 col 34
	In Core::Definition::Primitive[Subscript] /usr/share/perl5/LaTeXML/Package/TeX.pool.ltxml; line 4061
	 <= Core::Stomach[@0x558cd0f68678] <= ...
Error:unexpected:_ Script _ can only appear in math mode
	at 0304245_cleaned.tex; line 358 col 40 - line 358 col 40
	In Core::Definition::Primitive[Subscript] /usr/share/perl5/LaTeXML/Package/TeX.pool.ltxml; line 4061
	 <= Core::Stomach[@0x558cd0f68678] <= ...
Error:unexpected:^ Script ^ can only appear in math mode
	at 0304245_cleaned.tex; line 358 col 48 - line 358 col 48
	In Core::Definition::Primitive[Superscript] /usr/share/perl5/LaTeXML/Package/TeX.pool.ltxml; line 4060
	 <= Core::Stomach[@0x558cd0f68678] <= ...
Fatal:too_many_errors:100 Too many errors (> 100)!
	at 0304245_cleaned.tex; line 358 col 48 - line 358 col 48
	In Core::Definition::Primitive[Superscript] /usr/share/perl5/LaTeXML/Package/TeX.pool.ltxml; line 4060
Conversion failed 8 warnings; 101 errors; 1 fatal error; 13 undefined macros[\ba, \ea, \frac, \nn, \section, \\, \eq, \subsection, \cite, \label, \be, \ref, \ee] (See /home/user/latex-in-arxiv/0304245_cleaned.latexml.log) (reqd. 0.95s)
