latexmlpost (LaTeXML version 0.8.6) paginating /home/user/latex-in-arxiv/2003/0304003.xml
Error:malformed:document Document fails RelaxNG validation (LaTeXML)
	Validation reports: /home/user/latex-in-arxiv/2003/0304003.xml:0: Relax-NG validity error : Element document has extra content: resource
	(Jing may provide a more precise report; https://relaxng.org/jclark/jing.html)
	In Post::Document[] /home/user/latex-in-arxiv/2003/0304003.xml
(post-processing...
(Scan  processing...
Scan: DBStatus: 1449/0 objects
 0.46 sec)
(MakeBibliography  processing... 0.00 sec)
(CrossRef  processing...
Warning:expected:ids Missing File location for ID: bib.bib5,S10.E9,bib.bib12,S4.E10,bib.bib3,S10.E5,bib.bib13,S5.E10,S3.E4,S6,S8.E8,S4.E2,S5.E16,S4.E8,S7.E9,S5.E8,bib.bib6,S2.E8,S7,bib.bib4,S7.E1,S10.E7,bib.bib10,S4.E4,S8.E4,S6.E5,S6.E7,S4.E3,S5.E3,S8,S5.E11,S8.E6,S6.E8,bib.bib11,S4.E6,S10.E1,S5.E6,S8.E11,S6.SS3,bib.bib9,S2.E7,S3.E5,S5.F1,S10.E2,S8.E1,S4.E5,S4.E7,S6.SS2,bib.bib7,bib.bib14,S5.E7,S2.E1,bib.bib1,S2,S6.SS1,S10,bib.bib2,S3.E3,bib.bib8,S4.E9
	In Post::CrossRef[@0x55d2cc83b890] ->process
 0.30 sec)
(MathML::Presentation  516 to process...
converted 516 Maths
 2.83 sec)
(XSLT[using LaTeXML-html5.xsl]  processing... 0.52 sec)
(Writer  processing... 0.01 sec) 4.12 sec)
Postprocessing complete 1 warning; 1 error (See /home/user/latex-in-arxiv/0304003.latexmlpost.log) (reqd. 4.46s)
