latexml (LaTeXML version 0.8.6) processing 2003/0304049.tex
(Digesting TeX 0304049...
(Loading /usr/share/perl5/LaTeXML/Package/TeX.pool.ltxml...
(Loading /usr/share/perl5/LaTeXML/Package/eTeX.pool.ltxml... 0.00 sec)
(Loading /usr/share/perl5/LaTeXML/Package/pdfTeX.pool.ltxml... 0.01 sec) 0.17 sec)
(Processing content /home/user/latex-in-arxiv/2003/0304049.tex...
(Loading /usr/share/perl5/LaTeXML/Package/LaTeX.pool.ltxml...
(Loading /usr/share/perl5/LaTeXML/Package/textcomp.sty.ltxml...
(Processing definitions /usr/share/texlive/texmf-dist/tex/latex-dev/base/ts1enc.dfu... 0.05 sec) 2.12 sec) 2.37 sec)
Info:unexpected:\documentstyle Entering LaTeX 2.09 Compatibility mode
	at 0304049.tex; line 1 col 0 - line 1 col 29
(Loading /usr/share/perl5/LaTeXML/Package/article.cls.ltxml... 0.02 sec) 14.25 sec) 14.52 sec)
(Building...
(Loading compiled schema /usr/share/perl5/LaTeXML/resources/RelaxNG/LaTeXML.model... 0.04 sec) 17.66 sec)
(Rewriting... 0.52 sec)
(Math Parsing 482 formulae ......
Warning:not_parsed:UNKNOWN.POSTSUPERSCRIPT>FLOATSUBSCRIPT MathParser failed to match rule 'Anything'
	at 0304049.tex; line 234 col 8 - line 234 col 47
	In "$\varphi^{b}{}_{b}{}^{c}{}_{ca_{5}\ldots a_{s}}=0$"
	φ[[UNKNOWN]] ^{b}[[POSTSUPERSCRIPT]]
	        > {}_{b}[[FLOATSUBSCRIPT]] {}^{c}[[FLOATSUPERSCRIPT]] {}_{ca_{5}\ldotsa_{s}}[[FLOATSUBSCRIPT]] =[[RELOP]] 0[[NUMBER]]
Warning:not_parsed:OPEN.UNKNOWN.POSTSUBSCRIPT> MathParser failed to match rule 'Subscript'
	at 0304049.tex; line 237 col 0 - line 237 col 46
	In "\begin{equation}\delta\varphi_{a_{1}\ldots a_{s}}=\partial_{\{a_{1}}%
	\varepsilon_{a_{2}\ldots a_{s}\}}\,,\end{equation}"
	\{[[OPEN]] a[[UNKNOWN]] _{1}[[POSTSUBSCRIPT]]
	        > 
Warning:not_parsed:ID.UNKNOWN.POSTSUBSCRIPT>CLOSE MathParser failed to match rule 'Subscript'
	at 0304049.tex; line 238 col 31 - line 238 col 31
	a[[UNKNOWN]] _{2}[[POSTSUBSCRIPT]] \ldots[[ID]] a[[UNKNOWN]] _{s}[[POSTSUBSCRIPT]]
	        > \}[[CLOSE]]
Warning:not_parsed:UNKNOWN.POSTSUPERSCRIPT>FLOATSUBSCRIPT MathParser failed to match rule 'Anything'
	at 0304049.tex; line 242 col 0 - line 245 col 1
	In "$\varepsilon^{b}{}_{ba_{3}\ldots a_{s-1}}=0\,.$"
	ε[[UNKNOWN]] ^{b}[[POSTSUPERSCRIPT]]
	        > {}_{ba_{3}\ldotsa_{s-1}}[[FLOATSUBSCRIPT]] =[[RELOP]] 0[[NUMBER]]
Warning:not_parsed:UNKNOWN.POSTSUBSCRIPT>FLOATSUPERSCRIPT MathParser failed to match rule 'Anything'
	at 0304049.tex; line 252 col 0 - line 255 col 3
	In "\begin{equation}e_{b}{}^{ba_{3}\ldots a_{s-1}}=0\,.\end{equation}"
	e[[UNKNOWN]] _{b}[[POSTSUBSCRIPT]]
	        > {}^{ba_{3}\ldotsa_{s-1}}[[FLOATSUPERSCRIPT]] =[[RELOP]] 0[[NUMBER]]
Warning:not_parsed:POSTSUPERSCRIPT.UNKNOWN.POSTSUBSCRIPT>FLOATSUPERSCRIPT MathParser failed to match rule 'Anything'
	at 0304049.tex; line 292 col 2 - line 292 col 55
	In "$dx^{\underline{n}}\omega_{\underline{n}}{}^{a_{1}\ldots a_{s-1},b_{1}\ldots b%
	_{t}}$"
	d[[UNKNOWN]] x[[UNKNOWN]] ^{\underline{n}}[[POSTSUPERSCRIPT]] ω[[UNKNOWN]] _{\underline{n}}[[POSTSUBSCRIPT]]
	        > {}^{a_{1}\ldotsa_{s-1},b_{1}\ldotsb_{t}}[[FLOATSUPERSCRIPT]]
Warning:not_parsed:POSTSUPERSCRIPT.UNKNOWN.POSTSUBSCRIPT>FLOATSUPERSCRIPT MathParser failed to match rule 'Anything'
	at 0304049.tex; line 328 col 2 - line 328 col 56
	In "$dx^{\underline{n}}\omega_{\underline{n}}{}^{a_{1}\ldots a_{s-1},b_{1}\ldots b%
	_{t}}$"
	d[[UNKNOWN]] x[[UNKNOWN]] ^{\underline{n}}[[POSTSUPERSCRIPT]] ω[[UNKNOWN]] _{\underline{n}}[[POSTSUBSCRIPT]]
	        > {}^{a_{1}\ldotsa_{s-1},b_{1}\ldotsb_{t}}[[FLOATSUPERSCRIPT]]
Warning:not_parsed:UNKNOWN.POSTSUBSCRIPT>FLOATSUPERSCRIPT MathParser failed to match rule 'Anything'
	at 0304049.tex; line 331 col 0 - line 334 col 1
	In "$\omega_{\underline{n}}{}^{\{a_{1}\ldots a_{s-1},a_{s}\}b_{2}\ldots b_{t}}=0$"
	ω[[UNKNOWN]] _{\underline{n}}[[POSTSUBSCRIPT]]
	        > {}^{\{a_{1}\ldotsa_{s-1},a_{s}\}b_{2}\ldotsb_{t}}[[FLOATSUPERSCRIPT]] =[[RELOP]] 0[[NUMBER]]
Warning:not_parsed:>PUNCT MathParser failed to match rule 'Superscript'
	at 0304049.tex; line 336 col 56 - line 336 col 56
	In "$\omega_{\underline{n}}{}^{a_{1}\ldots a_{s-3}c}{}_{c}{}^{,b_{1}\ldots b_{t}}=%
	0\,.$"
	> ,[[PUNCT]] b[[UNKNOWN]] _{1}[[POSTSUBSCRIPT]] \ldots[[ID]] b[[UNKNOWN]] _{t}[[POSTSUBSCRIPT]]
Warning:not_parsed:UNKNOWN.POSTSUBSCRIPT>FLOATSUPERSCRIPT MathParser failed to match rule 'Anything'
	at 0304049.tex; line 335 col 0 - line 337 col 1
	ω[[UNKNOWN]] _{\underline{n}}[[POSTSUBSCRIPT]]
	        > {}^{a_{1}\ldotsa_{s-3}c}[[FLOATSUPERSCRIPT]] {}_{c}[[FLOATSUBSCRIPT]] {}^{,b_{1}\ldotsb_{t}}[[FLOATSUPERSCRIPT]] =[[RELOP]] 0[[NUMBER]]
Warning:not_parsed:UNKNOWN>FLOATSUPERSCRIPT MathParser failed to match rule 'Anything'
	at 0304049.tex; line 356 col 2 - line 356 col 45
	In "$\omega{}^{a_{1}\ldots a_{s-1},b_{1}\ldots b_{t}}$"
	ω[[UNKNOWN]]
	        > {}^{a_{1}\ldotsa_{s-1},b_{1}\ldotsb_{t}}[[FLOATSUPERSCRIPT]]
Warning:not_parsed:UNKNOWN>FLOATSUPERSCRIPT MathParser failed to match rule 'Anything'
	at 0304049.tex; line 359 col 14 - line 359 col 61
	In "$\omega{}^{A_{1}\ldots A_{s-1},B_{1}\ldots B_{s-1}}$"
	ω[[UNKNOWN]]
	        > {}^{A_{1}\ldotsA_{s-1},B_{1}\ldotsB_{s-1}}[[FLOATSUPERSCRIPT]]
Warning:not_parsed:PUNCT.UNKNOWN.POSTSUPERSCRIPT>FLOATSUBSCRIPT MathParser failed to match rule 'Anything'
	at 0304049.tex; line 363 col 0 - line 367 col 3
	In "\begin{equation}\omega^{\{A_{1}\ldots A_{s-1},A_{s}\}B_{2}\ldots B_{s-1}}=0\,,%
	\qquad\omega^{A_{1}\ldots A_{s-3}C}{}_{C,}{}^{B_{1}\ldots B_{s-1}}=0\,.\end{equation}"
	ω[[UNKNOWN]] ^{\{A_{1}\ldotsA_{s-1},A_{s}\}B_{2}\ldotsB_{s-1}}[[POSTSUPERSCRIPT]] =[[RELOP]] 0[[NUMBER]] ,[[PUNCT]] ω[[UNKNOWN]] ^{A_{1}\ldotsA_{s-3}C}[[POSTSUPERSCRIPT]]
	        > {}_{C,}[[FLOATSUBSCRIPT]] {}^{B_{1}\ldotsB_{s-1}}[[FLOATSUPERSCRIPT]] =[[RELOP]] 0[[NUMBER]]
Warning:not_parsed:UNKNOWN.POSTSUBSCRIPT.POSTSUPERSCRIPT>FLOATSUBSCRIPT MathParser failed to match rule 'Anything'
	at 0304049.tex; line 422 col 0 - line 425 col 3
	In "\begin{equation}r^{AB}=d\omega_{0}^{AB}+\omega_{0}^{A}{}_{C}\wedge\omega_{0}^{%
	CB}=0\,,\end{equation}"
	r[[UNKNOWN]] ^{AB}[[POSTSUPERSCRIPT]] =[[RELOP]] d[[UNKNOWN]] ω[[UNKNOWN]] _{0}[[POSTSUBSCRIPT]] ^{AB}[[POSTSUPERSCRIPT]] +[[ADDOP]] ω[[UNKNOWN]] _{0}[[POSTSUBSCRIPT]] ^{A}[[POSTSUPERSCRIPT]]
	        > {}_{C}[[FLOATSUBSCRIPT]] ∧[[ADDOP]] ω[[UNKNOWN]] _{0}[[POSTSUBSCRIPT]] ^{CB}[[POSTSUPERSCRIPT]] =[[RELOP]] 0[[NUMBER]]
Warning:not_parsed:UNKNOWN>FLOATSUPERSCRIPT MathParser failed to match rule 'Anything'
	at 0304049.tex; line 431 col 2 - line 431 col 45
	In "$\omega{}^{a_{1}\ldots a_{s-1},b_{1}\ldots b_{t}}$"
	ω[[UNKNOWN]]
	        > {}^{a_{1}\ldotsa_{s-1},b_{1}\ldotsb_{t}}[[FLOATSUPERSCRIPT]]
Warning:not_parsed:UNKNOWN>FLOATSUPERSCRIPT MathParser failed to match rule 'Anything'
	at 0304049.tex; line 434 col 2 - line 434 col 49
	In "$\omega{}^{A_{1}\ldots A_{s-1},B_{1}\ldots B_{s-1}}$"
	ω[[UNKNOWN]]
	        > {}^{A_{1}\ldotsA_{s-1},B_{1}\ldotsB_{s-1}}[[FLOATSUPERSCRIPT]]
Warning:not_parsed:OPEN.UNKNOWN.POSTSUBSCRIPT> MathParser failed to match rule 'Superscript'
	at 0304049.tex; line 446 col 13 - line 446 col 13
	In "$\displaystyle R_{1}^{A_{1}\ldots A_{s-1},B_{1}\ldots B_{s-1}}=D_{0}(\omega_{1%
	}^{A_{1}\ldots A_{s-1},B_{1}\ldots B_{s-1}})=d\omega_{1}^{A_{1}\ldots A_{s-1},%
	B_{1}\ldots B_{s-1}}\!\!\!\!\!\!\!\!\!\!\!\!\!\!\!\!\!\!\!\!\!\!\!\!\!\!\!\!\!%
	\!\!\!\!\!\!\!\!\!\!\!\!\!\!\!\!\!\!\!\!\!\!\!\!\!\!\!\!\!\!\!\!\!\!+(s-1)\Big%
	{(}\omega_{0}^{\{A_{1}}{}_{C}\wedge\omega_{1}^{CA_{2}\ldots A_{s-1}\},B_{1}%
	\ldots B_{s-1}}+\omega_{0}^{\{B_{1}}{}_{C}\wedge\omega_{1}^{A_{1}\ldots A_{s-1%
	},CB_{2}\ldots B_{s-1}\}}\Big{)}\,.\@@ENDINLINEMATH"
	\{[[OPEN]] A[[UNKNOWN]] _{1}[[POSTSUBSCRIPT]]
	        > 
Warning:not_parsed:ID.UNKNOWN.POSTSUBSCRIPT>CLOSE MathParser failed to match rule 'Superscript'
	at 0304049.tex; line 447 col 0 - line 447 col 50
	C[[UNKNOWN]] A[[UNKNOWN]] _{2}[[POSTSUBSCRIPT]] \ldots[[ID]] A[[UNKNOWN]] _{s-1}[[POSTSUBSCRIPT]]
	        > \}[[CLOSE]] ,[[PUNCT]] B[[UNKNOWN]] _{1}[[POSTSUBSCRIPT]] \ldots[[ID]] B[[UNKNOWN]] _{s-1}[[POSTSUBSCRIPT]]
Warning:not_parsed:OPEN.UNKNOWN.POSTSUBSCRIPT> MathParser failed to match rule 'Superscript'
	at 0304049.tex; line 448 col 14 - line 448 col 14
	\{[[OPEN]] B[[UNKNOWN]] _{1}[[POSTSUBSCRIPT]]
	        > 
Warning:not_parsed:ID.UNKNOWN.POSTSUBSCRIPT>CLOSE MathParser failed to match rule 'Superscript'
	at 0304049.tex; line 449 col 51 - line 449 col 51
	A[[UNKNOWN]] _{1}[[POSTSUBSCRIPT]] \ldots[[ID]] A[[UNKNOWN]] _{s-1}[[POSTSUBSCRIPT]] ,[[PUNCT]] C[[UNKNOWN]] B[[UNKNOWN]] _{2}[[POSTSUBSCRIPT]] \ldots[[ID]] B[[UNKNOWN]] _{s-1}[[POSTSUBSCRIPT]]
	        > \}[[CLOSE]]
Warning:not_parsed:ADDOP.NUMBER.CLOSE>OPEN MathParser failed to match rule 'Anything'
	at 0304049.tex; line 442 col 1 - line 442 col 1
	R[[UNKNOWN]] _{1}[[POSTSUBSCRIPT]] ^{A_{1}\ldotsA_{s-1},B_{1}\ldotsB_{s-1}}[[POSTSUPERSCRIPT]] =[[RELOP]] D[[UNKNOWN]] _{0}[[POSTSUBSCRIPT]] ([[OPEN]] ω[[UNKNOWN]] _{1}[[POSTSUBSCRIPT]] ^{A_{1}\ldotsA_{s-1},B_{1}\ldotsB_{s-1}}[[POSTSUPERSCRIPT]] )[[CLOSE]] =[[RELOP]] d[[UNKNOWN]] ω[[UNKNOWN]] _{1}[[POSTSUBSCRIPT]] ^{A_{1}\ldotsA_{s-1},B_{1}\ldotsB_{s-1}}[[POSTSUPERSCRIPT]] +[[ADDOP]] ([[OPEN]] s[[UNKNOWN]] -[[ADDOP]] 1[[NUMBER]] )[[CLOSE]]
	        > ([[OPEN]] ω[[UNKNOWN]] _{0}[[POSTSUBSCRIPT]] ^{\{A_{1}}[[POSTSUPERSCRIPT]] {}_{C}[[FLOATSUBSCRIPT]] ∧[[ADDOP]] ω[[UNKNOWN]] _{1}[[POSTSUBSCRIPT]] ^{CA_{2}\ldotsA_{s-1}\},B_{1}\ldotsB_{s-1}}[[POSTSUPERSCRIPT]] +[[ADDOP]] ω[[UNKNOWN]] _{0}[[POSTSUBSCRIPT]] ^{\{B_{1}}[[POSTSUPERSCRIPT]] {}_{C}[[FLOATSUBSCRIPT]] ∧[[ADDOP]] ω[[UNKNOWN]] _{1}[[POSTSUBSCRIPT]] ^{A_{1}\ldotsA_{s-1},CB_{2}\ldotsB_{s-1}\}}[[POSTSUPERSCRIPT]] )[[CLOSE]]
Warning:not_parsed:OPEN.UNKNOWN.POSTSUBSCRIPT> MathParser failed to match rule 'Superscript'
	at 0304049.tex; line 446 col 13 - line 446 col 13
	In "$\displaystyle\!\!\!\!\!\!\!\!\!\!\!\!\!\!\!\!\!\!\!\!\!\!\!\!\!\!\!\!\!\!\!\!%
	\!\!\!\!\!\!\!\!\!\!\!\!\!\!\!\!\!\!\!\!\!\!\!\!\!\!\!\!\!\!\!+(s-1)\Big{(}%
	\omega_{0}^{\{A_{1}}{}_{C}\wedge\omega_{1}^{CA_{2}\ldots A_{s-1}\},B_{1}\ldots
	B%
	_{s-1}}+\omega_{0}^{\{B_{1}}{}_{C}\wedge\omega_{1}^{A_{1}\ldots A_{s-1},CB_{2}%
	\ldots B_{s-1}\}}\Big{)}\,.$"
	\{[[OPEN]] A[[UNKNOWN]] _{1}[[POSTSUBSCRIPT]]
	        > 
Warning:not_parsed:ID.UNKNOWN.POSTSUBSCRIPT>CLOSE MathParser failed to match rule 'Superscript'
	at 0304049.tex; line 447 col 0 - line 447 col 50
	C[[UNKNOWN]] A[[UNKNOWN]] _{2}[[POSTSUBSCRIPT]] \ldots[[ID]] A[[UNKNOWN]] _{s-1}[[POSTSUBSCRIPT]]
	        > \}[[CLOSE]] ,[[PUNCT]] B[[UNKNOWN]] _{1}[[POSTSUBSCRIPT]] \ldots[[ID]] B[[UNKNOWN]] _{s-1}[[POSTSUBSCRIPT]]
Warning:not_parsed:OPEN.UNKNOWN.POSTSUBSCRIPT> MathParser failed to match rule 'Superscript'
	at 0304049.tex; line 448 col 14 - line 448 col 14
	\{[[OPEN]] B[[UNKNOWN]] _{1}[[POSTSUBSCRIPT]]
	        > 
Warning:not_parsed:ID.UNKNOWN.POSTSUBSCRIPT>CLOSE MathParser failed to match rule 'Superscript'
	at 0304049.tex; line 449 col 51 - line 449 col 51
	A[[UNKNOWN]] _{1}[[POSTSUBSCRIPT]] \ldots[[ID]] A[[UNKNOWN]] _{s-1}[[POSTSUBSCRIPT]] ,[[PUNCT]] C[[UNKNOWN]] B[[UNKNOWN]] _{2}[[POSTSUBSCRIPT]] \ldots[[ID]] B[[UNKNOWN]] _{s-1}[[POSTSUBSCRIPT]]
	        > \}[[CLOSE]]
Warning:not_parsed:ADDOP.NUMBER.CLOSE>OPEN MathParser failed to match rule 'Anything'
	at 0304049.tex; line 445 col 8 - line 450 col 4
	+[[ADDOP]] ([[OPEN]] s[[UNKNOWN]] -[[ADDOP]] 1[[NUMBER]] )[[CLOSE]]
	        > ([[OPEN]] ω[[UNKNOWN]] _{0}[[POSTSUBSCRIPT]] ^{\{A_{1}}[[POSTSUPERSCRIPT]] {}_{C}[[FLOATSUBSCRIPT]] ∧[[ADDOP]] ω[[UNKNOWN]] _{1}[[POSTSUBSCRIPT]] ^{CA_{2}\ldotsA_{s-1}\},B_{1}\ldotsB_{s-1}}[[POSTSUPERSCRIPT]] +[[ADDOP]] ω[[UNKNOWN]] _{0}[[POSTSUBSCRIPT]] ^{\{B_{1}}[[POSTSUPERSCRIPT]] {}_{C}[[FLOATSUBSCRIPT]] ∧[[ADDOP]] ω[[UNKNOWN]] _{1}[[POSTSUBSCRIPT]] ^{A_{1}\ldotsA_{s-1},CB_{2}\ldotsB_{s-1}\}}[[POSTSUPERSCRIPT]] )[[CLOSE]]
Warning:not_parsed:UNKNOWN.UNKNOWN>FLOATSUPERSCRIPT MathParser failed to match rule 'Anything'
	at 0304049.tex; line 452 col 0 - line 456 col 3
	In "\begin{equation}\delta\omega{}^{A_{1}\ldots A_{s-1},B_{1}\ldots B_{s-1}}(x)=D_%
	{0}\varepsilon{}^{A_{1}\ldots A_{s-1},B_{1}\ldots B_{s-1}}(x)\end{equation}"
	δ[[UNKNOWN]] ω[[UNKNOWN]]
	        > {}^{A_{1}\ldotsA_{s-1},B_{1}\ldotsB_{s-1}}[[FLOATSUPERSCRIPT]] ([[OPEN]] x[[UNKNOWN]] )[[CLOSE]] =[[RELOP]] D[[UNKNOWN]] _{0}[[POSTSUBSCRIPT]] ε[[UNKNOWN]] {}^{A_{1}\ldotsA_{s-1},B_{1}\ldotsB_{s-1}}[[FLOATSUPERSCRIPT]] ([[OPEN]] x[[UNKNOWN]] )[[CLOSE]]
Warning:not_parsed:UNKNOWN.POSTSUBSCRIPT.POSTSUPERSCRIPT>FLOATSUBSCRIPT MathParser failed to match rule 'Anything'
	at 0304049.tex; line 462 col 1 - line 462 col 1
	In "$\displaystyle S^{s}_{2}=\frac{1}{2}\sum_{p=0}^{s-2}a(s,p)\epsilon_{A_{1}%
	\ldots A_{d+1}}\int_{M^{d}}E_{0}^{A_{5}}\wedge\ldots\wedge E_{0}^{A_{d}}V^{A_{%
	d+1}}V_{C_{1}}\ldots V_{C_{2(s-2-p)}}\!\!\!\!\!\!\!\!\!\!\!\!\!\!\!\!\!\!\!\!%
	\!\wedge R_{1}^{A_{1}B_{1}\ldots B_{s-2}}{}_{,}{}^{A_{2}C_{1}\ldots C_{s-2-p}D%
	_{1}\ldots D_{p}}\wedge R_{1}^{A_{3}}{}_{B_{1}\ldots B_{s-2},}{}^{A_{4}C_{s-1-%
	p}\ldots C_{2(s-2-p)}}{}_{D_{1}\ldots D_{p}}\,,\@@ENDINLINEMATH"
	S[[UNKNOWN]] ^{s}[[POSTSUPERSCRIPT]] _{2}[[POSTSUBSCRIPT]] =[[RELOP]] \frac{1}{2}[[UNKNOWN]] ∑[[SUMOP]] _{p=0}[[POSTSUBSCRIPT]] ^{s-2}[[POSTSUPERSCRIPT]] a[[UNKNOWN]] ([[OPEN]] s[[UNKNOWN]] ,[[PUNCT]] p[[UNKNOWN]] )[[CLOSE]] ϵ[[UNKNOWN]] _{A_{1}\ldotsA_{d+1}}[[POSTSUBSCRIPT]] ∫[[INTOP]] _{M^{d}}[[POSTSUBSCRIPT]] E[[UNKNOWN]] _{0}[[POSTSUBSCRIPT]] ^{A_{5}}[[POSTSUPERSCRIPT]] ∧[[ADDOP]] \ldots[[ID]] ∧[[ADDOP]] E[[UNKNOWN]] _{0}[[POSTSUBSCRIPT]] ^{A_{d}}[[POSTSUPERSCRIPT]] V[[UNKNOWN]] ^{A_{d+1}}[[POSTSUPERSCRIPT]] V[[UNKNOWN]] _{C_{1}}[[POSTSUBSCRIPT]] \ldots[[ID]] V[[UNKNOWN]] _{C_{2(s-2-p)}}[[POSTSUBSCRIPT]] ∧[[ADDOP]] R[[UNKNOWN]] _{1}[[POSTSUBSCRIPT]] ^{A_{1}B_{1}\ldotsB_{s-2}}[[POSTSUPERSCRIPT]]
	        > {}_{,}[[FLOATSUBSCRIPT]] {}^{A_{2}C_{1}\ldotsC_{s-2-p}D_{1}\ldotsD_{p}}[[FLOATSUPERSCRIPT]] ∧[[ADDOP]] R[[UNKNOWN]] _{1}[[POSTSUBSCRIPT]] ^{A_{3}}[[POSTSUPERSCRIPT]] {}_{B_{1}\ldotsB_{s-2},}[[FLOATSUBSCRIPT]] {}^{A_{4}C_{s-1-p}\ldotsC_{2(s-2-p)}}[[FLOATSUPERSCRIPT]] {}_{D_{1}\ldotsD_{p}}[[FLOATSUBSCRIPT]]
Warning:not_parsed:UNKNOWN.POSTSUBSCRIPT.POSTSUPERSCRIPT>FLOATSUBSCRIPT MathParser failed to match rule 'Anything'
	at 0304049.tex; line 466 col 7 - line 470 col 4
	In "$\displaystyle\!\!\!\!\!\!\!\!\!\!\!\!\!\!\!\!\!\!\!\!\!\wedge R_{1}^{A_{1}B_{%
	1}\ldots B_{s-2}}{}_{,}{}^{A_{2}C_{1}\ldots C_{s-2-p}D_{1}\ldots D_{p}}\wedge R%
	_{1}^{A_{3}}{}_{B_{1}\ldots B_{s-2},}{}^{A_{4}C_{s-1-p}\ldots C_{2(s-2-p)}}{}_%
	{D_{1}\ldots D_{p}}\,,$"
	∧[[ADDOP]] R[[UNKNOWN]] _{1}[[POSTSUBSCRIPT]] ^{A_{1}B_{1}\ldotsB_{s-2}}[[POSTSUPERSCRIPT]]
	        > {}_{,}[[FLOATSUBSCRIPT]] {}^{A_{2}C_{1}\ldotsC_{s-2-p}D_{1}\ldotsD_{p}}[[FLOATSUPERSCRIPT]] ∧[[ADDOP]] R[[UNKNOWN]] _{1}[[POSTSUBSCRIPT]] ^{A_{3}}[[POSTSUPERSCRIPT]] {}_{B_{1}\ldotsB_{s-2},}[[FLOATSUBSCRIPT]] {}^{A_{4}C_{s-1-p}\ldotsC_{2(s-2-p)}}[[FLOATSUPERSCRIPT]] {}_{D_{1}\ldotsD_{p}}[[FLOATSUBSCRIPT]]
Warning:not_parsed:UNKNOWN>FLOATSUPERSCRIPT MathParser failed to match rule 'Anything'
	at 0304049.tex; line 485 col 2 - line 485 col 27
	In "$e{}^{a_{1}\ldots a_{s-1}}$"
	e[[UNKNOWN]]
	        > {}^{a_{1}\ldotsa_{s-1}}[[FLOATSUPERSCRIPT]]
Warning:not_parsed:UNKNOWN>FLOATSUPERSCRIPT MathParser failed to match rule 'Anything'
	at 0304049.tex; line 486 col 20 - line 486 col 48
	In "$\omega{}^{a_{1}\ldots a_{s-1},b}$"
	ω[[UNKNOWN]]
	        > {}^{a_{1}\ldotsa_{s-1},b}[[FLOATSUPERSCRIPT]]
Warning:not_parsed:UNKNOWN>FLOATSUPERSCRIPT MathParser failed to match rule 'Anything'
	at 0304049.tex; line 487 col 40 - line 487 col 65
	In "$e{}^{a_{1}\ldots a_{s-1}}$"
	e[[UNKNOWN]]
	        > {}^{a_{1}\ldotsa_{s-1}}[[FLOATSUPERSCRIPT]]
Warning:not_parsed:>PUNCT MathParser failed to match rule 'Subscript'
	at 0304049.tex; line 493 col 49 - line 493 col 49
	In "\begin{equation}0=T_{1}{}_{A_{1}\ldots A_{s-1}}\equiv R_{1\,A_{1}\ldots A_{s-1%
	}}{}_{,B_{1}\ldots B_{s-1}}V^{B_{1}}\ldots V^{B_{s-1}}\,.\end{equation}"
	> ,[[PUNCT]] B[[UNKNOWN]] _{1}[[POSTSUBSCRIPT]] \ldots[[ID]] B[[UNKNOWN]] _{s-1}[[POSTSUBSCRIPT]]
Warning:not_parsed:RELOP.UNKNOWN.POSTSUBSCRIPT>FLOATSUBSCRIPT MathParser failed to match rule 'Anything'
	at 0304049.tex; line 490 col 0 - line 495 col 3
	0[[NUMBER]] =[[RELOP]] T[[UNKNOWN]] _{1}[[POSTSUBSCRIPT]]
	        > {}_{A_{1}\ldotsA_{s-1}}[[FLOATSUBSCRIPT]] ≡[[RELOP]] R[[UNKNOWN]] _{1\,A_{1}\ldotsA_{s-1}}[[POSTSUBSCRIPT]] {}_{,B_{1}\ldotsB_{s-1}}[[FLOATSUBSCRIPT]] V[[UNKNOWN]] ^{B_{1}}[[POSTSUPERSCRIPT]] \ldots[[ID]] V[[UNKNOWN]] ^{B_{s-1}}[[POSTSUPERSCRIPT]]
Warning:not_parsed:UNKNOWN>FLOATSUPERSCRIPT MathParser failed to match rule 'Anything'
	at 0304049.tex; line 497 col 4 - line 497 col 32
	In "$\omega{}^{a_{1}\ldots a_{s-1},b}$"
	ω[[UNKNOWN]]
	        > {}^{a_{1}\ldotsa_{s-1},b}[[FLOATSUPERSCRIPT]]
Warning:not_parsed:UNKNOWN.POSTSUBSCRIPT>FLOATSUPERSCRIPT MathParser failed to match rule 'Anything'
	at 0304049.tex; line 500 col 5 - line 500 col 34
	In "$e_{\underline{n}}{}^{a_{1}\ldots a_{s-1}}$"
	e[[UNKNOWN]] _{\underline{n}}[[POSTSUBSCRIPT]]
	        > {}^{a_{1}\ldotsa_{s-1}}[[FLOATSUPERSCRIPT]]
Warning:not_parsed:UNKNOWN.POSTSUBSCRIPT>FLOATSUPERSCRIPT MathParser failed to match rule 'Anything'
	at 0304049.tex; line 510 col 9 - line 510 col 38
	In "$e_{\underline{n}}{}^{a_{1}\ldots a_{s-1}}$"
	e[[UNKNOWN]] _{\underline{n}}[[POSTSUBSCRIPT]]
	        > {}^{a_{1}\ldotsa_{s-1}}[[FLOATSUPERSCRIPT]]
Warning:not_parsed:UNKNOWN>FLOATSUPERSCRIPT MathParser failed to match rule 'Anything'
	at 0304049.tex; line 513 col 2 - line 513 col 45
	In "$\omega{}^{a_{1}\ldots a_{s-1},b_{1}\ldots b_{t}}$"
	ω[[UNKNOWN]]
	        > {}^{a_{1}\ldotsa_{s-1},b_{1}\ldotsb_{t}}[[FLOATSUPERSCRIPT]]
Warning:not_parsed:UNKNOWN>FLOATSUPERSCRIPT MathParser failed to match rule 'Anything'
	at 0304049.tex; line 517 col 13 - line 517 col 56
	In "$\omega{}^{a_{1}\ldots a_{s-1},b_{1}\ldots b_{t}}$"
	ω[[UNKNOWN]]
	        > {}^{a_{1}\ldotsa_{s-1},b_{1}\ldotsb_{t}}[[FLOATSUPERSCRIPT]]
Warning:not_parsed:POSTSUPERSCRIPT.UNKNOWN.POSTSUBSCRIPT>FLOATSUPERSCRIPT MathParser failed to match rule 'Anything'
	at 0304049.tex; line 647 col 0 - line 650 col 1
	In "$[t_{ij}\,,g^{kl}]_{*}=\delta_{i}^{k}g_{j}{}^{l}+\delta_{j}^{k}g_{i}{}^{l}+%
	\delta_{i}^{l}g_{j}{}^{k}+\delta_{j}^{l}g_{i}{}^{k}$"
	[[[OPEN]] t[[UNKNOWN]] _{ij}[[POSTSUBSCRIPT]] ,[[PUNCT]] g[[UNKNOWN]] ^{kl}[[POSTSUPERSCRIPT]] ][[CLOSE]] _{*}[[POSTSUBSCRIPT]] =[[RELOP]] δ[[UNKNOWN]] _{i}[[POSTSUBSCRIPT]] ^{k}[[POSTSUPERSCRIPT]] g[[UNKNOWN]] _{j}[[POSTSUBSCRIPT]]
	        > {}^{l}[[FLOATSUPERSCRIPT]] +[[ADDOP]] δ[[UNKNOWN]] _{j}[[POSTSUBSCRIPT]] ^{k}[[POSTSUPERSCRIPT]] g[[UNKNOWN]] _{i}[[POSTSUBSCRIPT]] {}^{l}[[FLOATSUPERSCRIPT]] +[[ADDOP]] δ[[UNKNOWN]] _{i}[[POSTSUBSCRIPT]] ^{l}[[POSTSUPERSCRIPT]] g[[UNKNOWN]] _{j}[[POSTSUBSCRIPT]] {}^{k}[[FLOATSUPERSCRIPT]] +[[ADDOP]] δ[[UNKNOWN]] _{j}[[POSTSUBSCRIPT]] ^{l}[[POSTSUPERSCRIPT]] g[[UNKNOWN]] _{i}[[POSTSUBSCRIPT]] {}^{k}[[FLOATSUPERSCRIPT]]
Warning:not_parsed:UNKNOWN.POSTSUPERSCRIPT.POSTSUBSCRIPT>MULOP MathParser failed to match rule 'Anything'
	at 0304049.tex; line 987 col 0 - line 994 col 3
	In "\begin{equation}Y^{A}_{i}*=Y^{A}_{i}+\frac{1}{2}\left(\frac{\partial}{\partial
	Y%
	_{A}^{i}}-\frac{\partial}{\partial Z_{A}^{i}}\right)\,,\qquad Z^{A}_{i}*=Z^{A}%
	_{i}+\frac{1}{2}\left(\frac{\partial}{\partial Y_{A}^{i}}-\frac{\partial}{%
	\partial Z_{A}^{i}}\right)\,,\end{equation}"
	Y[[UNKNOWN]] ^{A}[[POSTSUPERSCRIPT]] _{i}[[POSTSUBSCRIPT]]
	        > *[[MULOP]] =[[RELOP]] Y[[UNKNOWN]] ^{A}[[POSTSUPERSCRIPT]] _{i}[[POSTSUBSCRIPT]] +[[ADDOP]] \frac{1}{2}[[UNKNOWN]] \left([[OPEN]] \frac{\partial}{\partialY_{A}^{i}}[[UNKNOWN]] -[[ADDOP]] \frac{\partial}{\partialZ_{A}^{i}}[[UNKNOWN]] \right)[[CLOSE]] ,[[PUNCT]] Z[[UNKNOWN]] ^{A}[[POSTSUPERSCRIPT]] _{i}[[POSTSUBSCRIPT]] *[[MULOP]] =[[RELOP]] Z[[UNKNOWN]] ^{A}[[POSTSUPERSCRIPT]] _{i}[[POSTSUBSCRIPT]] +[[ADDOP]] \frac{1}{2}[[UNKNOWN]] \left([[OPEN]] \frac{\partial}{\partialY_{A}^{i}}[[UNKNOWN]] -[[ADDOP]] \frac{\partial}{\partialZ_{A}^{i}}[[UNKNOWN]] \right)[[CLOSE]]
Warning:not_parsed:UNKNOWN.POSTSUPERSCRIPT.POSTSUBSCRIPT>RELOP MathParser failed to match rule 'Anything'
	at 0304049.tex; line 995 col 0 - line 1000 col 3
	In "\begin{equation}*Y^{A}_{i}=Y^{A}_{i}-\frac{1}{2}\left(\frac{\partial}{\partial
	Y%
	_{A}^{i}}+\frac{\partial}{\partial Z_{A}^{i}}\right)\,,\qquad*Z^{A}_{i}=Z^{A}_%
	{i}+\frac{1}{2}\left(\frac{\partial}{\partial Y_{A}^{i}}+\frac{\partial}{%
	\partial Z_{A}^{i}}\right)\,.\end{equation}"
	*[[MULOP]] Y[[UNKNOWN]] ^{A}[[POSTSUPERSCRIPT]] _{i}[[POSTSUBSCRIPT]]
	        > =[[RELOP]] Y[[UNKNOWN]] ^{A}[[POSTSUPERSCRIPT]] _{i}[[POSTSUBSCRIPT]] -[[ADDOP]] \frac{1}{2}[[UNKNOWN]] \left([[OPEN]] \frac{\partial}{\partialY_{A}^{i}}[[UNKNOWN]] +[[ADDOP]] \frac{\partial}{\partialZ_{A}^{i}}[[UNKNOWN]] \right)[[CLOSE]] ,[[PUNCT]] *[[MULOP]] Z[[UNKNOWN]] ^{A}[[POSTSUPERSCRIPT]] _{i}[[POSTSUBSCRIPT]] =[[RELOP]] Z[[UNKNOWN]] ^{A}[[POSTSUPERSCRIPT]] _{i}[[POSTSUBSCRIPT]] +[[ADDOP]] \frac{1}{2}[[UNKNOWN]] \left([[OPEN]] \frac{\partial}{\partialY_{A}^{i}}[[UNKNOWN]] +[[ADDOP]] \frac{\partial}{\partialZ_{A}^{i}}[[UNKNOWN]] \right)[[CLOSE]]
Warning:not_parsed:ARROW.UNKNOWN.POSTSUBSCRIPT>FLOATSUPERSCRIPT MathParser failed to match rule 'Anything'
	at 0304049.tex; line 1355 col 2 - line 1355 col 19
	In "$W\to W_{\alpha}{}^{\beta}$"
	W[[UNKNOWN]] →[[ARROW]] W[[UNKNOWN]] _{\alpha}[[POSTSUBSCRIPT]]
	        > {}^{\beta}[[FLOATSUPERSCRIPT]]
Warning:not_parsed:ARROW.UNKNOWN.POSTSUBSCRIPT>FLOATSUPERSCRIPT MathParser failed to match rule 'Anything'
	at 0304049.tex; line 1355 col 23 - line 1355 col 39
	In "$S\to S_{\alpha}{}^{\beta}$"
	S[[UNKNOWN]] →[[ARROW]] S[[UNKNOWN]] _{\alpha}[[POSTSUBSCRIPT]]
	        > {}^{\beta}[[FLOATSUPERSCRIPT]]
Warning:not_parsed:ARROW.UNKNOWN.POSTSUBSCRIPT>FLOATSUPERSCRIPT MathParser failed to match rule 'Anything'
	at 0304049.tex; line 1355 col 46 - line 1355 col 62
	In "$B\to B_{\alpha}{}^{\beta}$"
	B[[UNKNOWN]] →[[ARROW]] B[[UNKNOWN]] _{\alpha}[[POSTSUBSCRIPT]]
	        > {}^{\beta}[[FLOATSUPERSCRIPT]]
Warning:not_parsed:UNKNOWN.POSTSUBSCRIPT>FLOATSUPERSCRIPT MathParser failed to match rule 'Anything'
	at 0304049.tex; line 1368 col 32 - line 1368 col 50
	In "$W_{\alpha}{}^{\beta}(Z,Y|x)$"
	W[[UNKNOWN]] _{\alpha}[[POSTSUBSCRIPT]]
	        > {}^{\beta}[[FLOATSUPERSCRIPT]] ([[OPEN]] Z[[UNKNOWN]] ,[[PUNCT]] Y[[UNKNOWN]] |[[VERTBAR]] x[[UNKNOWN]] )[[CLOSE]]
Warning:not_parsed:UNKNOWN.POSTSUBSCRIPT>FLOATSUPERSCRIPT MathParser failed to match rule 'Anything'
	at 0304049.tex; line 1376 col 0 - line 1381 col 3
	In "\begin{equation}W_{\alpha}{}^{\beta}(Z,Y|x)=-\rho^{\beta\gamma}\rho_{\delta%
	\alpha}W_{\gamma}{}^{\delta}(-iZ,iY|x)\,,\quad S_{\alpha}{}^{\beta}(Z,Y|x)=-%
	\rho^{\beta\gamma}\rho_{\delta\alpha}S_{\gamma}{}^{\delta}(-iZ,iY|x)\,,\end{equation}"
	W[[UNKNOWN]] _{\alpha}[[POSTSUBSCRIPT]]
	        > {}^{\beta}[[FLOATSUPERSCRIPT]] ([[OPEN]] Z[[UNKNOWN]] ,[[PUNCT]] Y[[UNKNOWN]] |[[VERTBAR]] x[[UNKNOWN]] )[[CLOSE]] =[[RELOP]] -[[ADDOP]] ρ[[UNKNOWN]] ^{\beta\gamma}[[POSTSUPERSCRIPT]] ρ[[UNKNOWN]] _{\delta\alpha}[[POSTSUBSCRIPT]] W[[UNKNOWN]] _{\gamma}[[POSTSUBSCRIPT]] {}^{\delta}[[FLOATSUPERSCRIPT]] ([[OPEN]] -[[ADDOP]] i[[UNKNOWN]] Z[[UNKNOWN]] ,[[PUNCT]] i[[UNKNOWN]] Y[[UNKNOWN]] |[[VERTBAR]] x[[UNKNOWN]] )[[CLOSE]] ,[[PUNCT]] S[[UNKNOWN]] _{\alpha}[[POSTSUBSCRIPT]] {}^{\beta}[[FLOATSUPERSCRIPT]] ([[OPEN]] Z[[UNKNOWN]] ,[[PUNCT]] Y[[UNKNOWN]] |[[VERTBAR]] x[[UNKNOWN]] )[[CLOSE]] =[[RELOP]] -[[ADDOP]] ρ[[UNKNOWN]] ^{\beta\gamma}[[POSTSUPERSCRIPT]] ρ[[UNKNOWN]] _{\delta\alpha}[[POSTSUBSCRIPT]] S[[UNKNOWN]] _{\gamma}[[POSTSUBSCRIPT]] {}^{\delta}[[FLOATSUPERSCRIPT]] ([[OPEN]] -[[ADDOP]] i[[UNKNOWN]] Z[[UNKNOWN]] ...
Warning:not_parsed:UNKNOWN.POSTSUBSCRIPT>FLOATSUPERSCRIPT MathParser failed to match rule 'Anything'
	at 0304049.tex; line 1382 col 0 - line 1385 col 3
	In "\begin{equation}B_{\alpha}{}^{\beta}(Z,Y|x)=-\rho^{\beta\gamma}\rho_{\delta%
	\alpha}\tilde{B}_{\gamma}{}^{\delta}(-iZ,iY|x)\,,\end{equation}"
	B[[UNKNOWN]] _{\alpha}[[POSTSUBSCRIPT]]
	        > {}^{\beta}[[FLOATSUPERSCRIPT]] ([[OPEN]] Z[[UNKNOWN]] ,[[PUNCT]] Y[[UNKNOWN]] |[[VERTBAR]] x[[UNKNOWN]] )[[CLOSE]] =[[RELOP]] -[[ADDOP]] ρ[[UNKNOWN]] ^{\beta\gamma}[[POSTSUPERSCRIPT]] ρ[[UNKNOWN]] _{\delta\alpha}[[POSTSUBSCRIPT]] \tilde{B}[[UNKNOWN]] _{\gamma}[[POSTSUBSCRIPT]] {}^{\delta}[[FLOATSUPERSCRIPT]] ([[OPEN]] -[[ADDOP]] i[[UNKNOWN]] Z[[UNKNOWN]] ,[[PUNCT]] i[[UNKNOWN]] Y[[UNKNOWN]] |[[VERTBAR]] x[[UNKNOWN]] )[[CLOSE]]
 20.96 sec)
Math parsing succeeded:
   ltx:XMArg: 1426/1438
   ltx:XMath: 446/482
Symbols assumed as simple identifiers (with # of occurences):
   'A{italic}' (180), 'B{italic}' (163), 'C{bold}' (1), 'C{italic}' (50), 'D{italic}' (26), 'E{italic}' (27), 'F{italic}' (3), 'H{italic}' (1), 'I{italic}' (6), 'K{caligraphic}' (17), 'Lambda' (12), 'L{italic}' (5), 'M{italic}' (2), 'N{italic}' (7), 'O{italic}' (3), 'P{italic}' (3), 'R{italic}' (19), 'S{italic}' (109), 'T{caligraphic}' (3), 'T{italic}' (13), 'U{italic}' (4), 'V{italic}' (74), 'W{caligraphic}' (16), 'W{italic}' (40), 'Y{italic}' (166), 'Z{italic}' (97), 'alpha' (6), 'a{italic}' (100), 'beta' (6), 'b{italic}' (34), 'chi' (3), 'c{italic}' (6), 'delta' (20), 'd{italic}' (138), 'epsilon' (3), 'eta' (9), 'e{italic}' (21), 'f{italic}' (38), 'gamma' (3), 'g{italic}' (38), 'h{italic}' (16), 'i{italic}' (97), 'j{italic}' (59), 'kappa' (1), 'k{italic}' (1), 'l{italic}' (6), 'm{italic}' (24), 'n{italic}' (37), 'omega' (107), 'o{italic}' (23), 'phi' (1), 'pi' (2), 'p{italic}' (70), 'q{italic}' (4), 'rho' (15), 'r{italic}' (9), 's{italic}' (156), 'tau' (9), 't{italic}' (66), 'u{italic}' (6), 'varepsilon' (45), 'varphi' (10), 'w{italic}' (4), 'x{italic}' (71), 'y{italic}' (7), 'z{italic}' (34)
Set MATHPARSER_SPECULATE to speculate on possible notations.
(Finalizing... 1.34 sec)
Conversion complete 48 warnings (See /home/user/latex-in-arxiv/0304049.latexml.log) (reqd. 56.13s)
