latexmlpost (LaTeXML version 0.8.6) paginating /home/user/latex-in-arxiv/2003/0304124.xml
Error:malformed:document Document fails RelaxNG validation (LaTeXML)
	Validation reports: /home/user/latex-in-arxiv/2003/0304124.xml:0: Relax-NG validity error : Element document has extra content: resource
	(Jing may provide a more precise report; https://relaxng.org/jclark/jing.html)
	In Post::Document[] /home/user/latex-in-arxiv/2003/0304124.xml
(post-processing...
(Scan  processing...
Scan: DBStatus: 401/0 objects
 0.06 sec)
(MakeBibliography  processing... 0.00 sec)
(CrossRef  processing...
Warning:expected:ids Missing File location for ID: S0.F1,bib.bib14,bib.bib7,bib.bib9,S0.E16,S0.E1,bib.bib8,bib.bib5,bib.bib6,bib.bib2,S0.E4,bib.bib12,bib.bib4,S0.E21,bib.bib11,bib.bib1,bib.bib10,bib.bib13,bib.bib3
	In Post::CrossRef[@0x557148eec638] ->process
 0.03 sec)
(MathML::Presentation  148 to process...
converted 148 Maths
 0.29 sec)
(XSLT[using LaTeXML-html5.xsl]  processing... 0.04 sec)
(Writer  processing... 0.00 sec) 0.44 sec)
Postprocessing complete 1 warning; 1 error (See /home/user/latex-in-arxiv/0304124.latexmlpost.log) (reqd. 0.61s)
