latexml (LaTeXML version 0.8.6) processing 2003/0304058.tex
(Digesting TeX 0304058...
(Loading /usr/share/perl5/LaTeXML/Package/TeX.pool.ltxml...
(Loading /usr/share/perl5/LaTeXML/Package/eTeX.pool.ltxml... 0.01 sec)
(Loading /usr/share/perl5/LaTeXML/Package/pdfTeX.pool.ltxml... 0.01 sec) 0.28 sec)
(Processing content /home/user/latex-in-arxiv/2003/0304058.tex...
(Loading /usr/share/perl5/LaTeXML/Package/LaTeX.pool.ltxml...
(Loading /usr/share/perl5/LaTeXML/Package/textcomp.sty.ltxml...
(Processing definitions /usr/share/texlive/texmf-dist/tex/latex-dev/base/ts1enc.dfu... 0.05 sec) 2.16 sec) 2.54 sec)
Info:unexpected:\documentstyle Entering LaTeX 2.09 Compatibility mode
	at 0304058.tex; line 2 col 0 - line 2 col 45
(Loading /usr/share/perl5/LaTeXML/Package/article.cls.ltxml... 0.02 sec)
(Loading /usr/share/perl5/LaTeXML/Package/revtex.sty.ltxml...
(Loading /usr/share/perl5/LaTeXML/Package/natbib.sty.ltxml... 0.04 sec)
(Loading /usr/share/perl5/LaTeXML/Package/revtex3_support.sty.ltxml...
(Loading /usr/share/perl5/LaTeXML/Package/revtex4_support.sty.ltxml...
(Loading /usr/share/perl5/LaTeXML/Package/hyperref.sty.ltxml...
(Loading /usr/share/perl5/LaTeXML/Package/keyval.sty.ltxml...
(Processing definitions /usr/share/texlive/texmf-dist/tex/latex-dev/graphics/keyval.sty... 0.03 sec) 0.03 sec)
(Loading /usr/share/perl5/LaTeXML/Package/nameref.sty.ltxml... 0.00 sec)
(Loading /usr/share/perl5/LaTeXML/Package/url.sty.ltxml... 0.00 sec) 0.14 sec)
(Loading /usr/share/perl5/LaTeXML/Package/revsymb.sty.ltxml... 0.01 sec)
(Loading /usr/share/perl5/LaTeXML/Package/longtable.sty.ltxml... 0.01 sec)
(Loading /usr/share/perl5/LaTeXML/Package/dcolumn.sty.ltxml...
(Loading /usr/share/perl5/LaTeXML/Package/array.sty.ltxml... 0.00 sec) 0.01 sec) 0.24 sec) 0.26 sec) 0.31 sec)
Info:unexpected:aps Unexpected option 'aps' passed to revtex.cls
	at 0304058.tex; line 3 col 0 - line 3 col 1
Info:unexpected:pra Unexpected option 'pra' passed to revtex.cls
	at 0304058.tex; line 3 col 0 - line 3 col 1
Info:unexpected:floats Unexpected option 'floats' passed to revtex.cls
	at 0304058.tex; line 3 col 0 - line 3 col 1
(Loading /usr/share/perl5/LaTeXML/Package/epsfig.sty.ltxml...
(Loading /usr/share/perl5/LaTeXML/Package/graphicx.sty.ltxml...
(Loading /usr/share/perl5/LaTeXML/Package/graphics.sty.ltxml... 0.02 sec) 0.03 sec) 0.07 sec)
Info:note:OmniBus Loading OmniBus class to attempt to cover missing options
	at 0304058.tex; line 3 col 0 - line 3 col 1
(Loading /usr/share/perl5/LaTeXML/Package/OmniBus.cls.ltxml...
(Loading /usr/share/perl5/LaTeXML/Package/inst_support.sty.ltxml... 0.01 sec)
(Loading /usr/share/perl5/LaTeXML/Package/epsf.sty.ltxml... 0.01 sec)
(Loading /usr/share/perl5/LaTeXML/Package/aas_macros.sty.ltxml... 0.01 sec) 0.08 sec) 8.67 sec) 8.99 sec)
(Building...
(Loading compiled schema /usr/share/perl5/LaTeXML/resources/RelaxNG/LaTeXML.model... 0.02 sec) 5.24 sec)
(Rewriting... 0.12 sec)
(Math Parsing 189 formulae ......
Warning:not_parsed:OPERATOR.POSTSUBSCRIPT.UNKNOWN>CLOSE MathParser failed to match rule 'Anything'
	at 0304058.tex; line 280 col 0 - line 284 col 14
	In "\begin{equation}{\cal L}_{int}=(D^{\mu}\phi)^{\dagger}(D_{\mu}\phi)+V(\phi)=(%
	\partial^{\mu}\Phi)^{\dagger}\partial_{\mu}\Phi)+V(\phi),\end{equation}"
	L[[UNKNOWN]] _{int}[[POSTSUBSCRIPT]] =[[RELOP]] ([[OPEN]] D[[UNKNOWN]] ^{\mu}[[POSTSUPERSCRIPT]] ϕ[[UNKNOWN]] )[[CLOSE]] ^{\dagger}[[POSTSUPERSCRIPT]] ([[OPEN]] D[[UNKNOWN]] _{\mu}[[POSTSUBSCRIPT]] ϕ[[UNKNOWN]] )[[CLOSE]] +[[ADDOP]] V[[UNKNOWN]] ([[OPEN]] ϕ[[UNKNOWN]] )[[CLOSE]] =[[RELOP]] ([[OPEN]] ∂[[OPERATOR]] ^{\mu}[[POSTSUPERSCRIPT]] Φ[[UNKNOWN]] )[[CLOSE]] ^{\dagger}[[POSTSUPERSCRIPT]] ∂[[OPERATOR]] _{\mu}[[POSTSUBSCRIPT]] Φ[[UNKNOWN]]
	        > )[[CLOSE]] +[[ADDOP]] V[[UNKNOWN]] ([[OPEN]] ϕ[[UNKNOWN]] )[[CLOSE]]
Warning:not_parsed:RELOP.OPERATOR.POSTSUPERSCRIPT>OPEN MathParser failed to match rule 'Anything'
	at 0304058.tex; line 492 col 1 - line 492 col 1
	In "$\displaystyle J_{\mu\nu}^{1}=\partial^{\alpha}(|\varphi|^{2}H_{\alpha\mu\nu}.\@@ENDINLINEMATH"
	J[[UNKNOWN]] _{\mu\nu}[[POSTSUBSCRIPT]] ^{1}[[POSTSUPERSCRIPT]] =[[RELOP]] ∂[[OPERATOR]] ^{\alpha}[[POSTSUPERSCRIPT]]
	        > ([[OPEN]] |[[VERTBAR]] φ[[UNKNOWN]] |[[VERTBAR]] ^{2}[[POSTSUPERSCRIPT]] H[[UNKNOWN]] _{\alpha\mu\nu}[[POSTSUBSCRIPT]]
Warning:not_parsed:OPERATOR.POSTSUPERSCRIPT>OPEN MathParser failed to match rule 'Anything'
	at 0304058.tex; line 492 col 26 - line 493 col 14
	In "$\displaystyle\partial^{\alpha}(|\varphi|^{2}H_{\alpha\mu\nu}.$"
	∂[[OPERATOR]] ^{\alpha}[[POSTSUPERSCRIPT]]
	        > ([[OPEN]] |[[VERTBAR]] φ[[UNKNOWN]] |[[VERTBAR]] ^{2}[[POSTSUPERSCRIPT]] H[[UNKNOWN]] _{\alpha\mu\nu}[[POSTSUBSCRIPT]]
 7.71 sec)
Math parsing succeeded:
   ltx:XMath: 186/189
   ltx:XMArg: 392/392
Symbols assumed as simple identifiers (with # of occurences):
   'A{italic}' (5), 'Box' (1), 'C{italic}' (1), 'D{italic}' (15), 'F{italic}' (2), 'H{italic}' (28), 'J{italic}' (31), 'Lambda' (6), 'L{caligraphic}' (8), 'L{italic}' (1), 'N{italic}' (2), 'Phi' (6), 'S{italic}' (1), 'T{italic}' (5), 'V{italic}' (7), 'X{italic}' (48), 'alpha' (27), 'a{italic}' (3), 'beta' (13), 'b{italic}' (3), 'c{italic}' (2), 'delta' (5), 'epsilon' (10), 'eta' (5), 'e{italic}' (7), 'gamma' (7), 'i{italic}' (24), 'k{italic}' (22), 'lambda' (6), 'mu' (99), 'm{italic}' (3), 'nu' (91), 'n{italic}' (3), 'phi' (67), 'rho' (19), 'sigma' (20), 'theta' (51), 't{italic}' (2), 'varphi' (26), 'x{italic}' (12)
Set MATHPARSER_SPECULATE to speculate on possible notations.
(Finalizing... 1.00 sec)
Conversion complete 3 warnings (See /home/user/latex-in-arxiv/0304058.latexml.log) (reqd. 23.95s)
