latexml (LaTeXML version 0.8.6) processing 2003/0304117.tex
(Digesting TeX 0304117...
(Loading /usr/share/perl5/LaTeXML/Package/TeX.pool.ltxml...
(Loading /usr/share/perl5/LaTeXML/Package/eTeX.pool.ltxml... 0.01 sec)
(Loading /usr/share/perl5/LaTeXML/Package/pdfTeX.pool.ltxml... 0.01 sec) 0.19 sec)
(Processing content /home/user/latex-in-arxiv/2003/0304117.tex...
(Loading /usr/share/perl5/LaTeXML/Package/LaTeX.pool.ltxml...
(Loading /usr/share/perl5/LaTeXML/Package/textcomp.sty.ltxml...
(Processing definitions /usr/share/texlive/texmf-dist/tex/latex-dev/base/ts1enc.dfu... 0.06 sec) 2.16 sec) 2.43 sec)
(Loading /usr/share/perl5/LaTeXML/Package/article.cls.ltxml... 0.02 sec)
(Loading /usr/share/perl5/LaTeXML/Package/amsmath.sty.ltxml...
(Loading /usr/share/perl5/LaTeXML/Package/amsbsy.sty.ltxml...
(Loading /usr/share/perl5/LaTeXML/Package/amsgen.sty.ltxml... 0.01 sec) 0.02 sec)
(Loading /usr/share/perl5/LaTeXML/Package/amstext.sty.ltxml... 0.01 sec)
(Loading /usr/share/perl5/LaTeXML/Package/amsopn.sty.ltxml... 0.01 sec) 0.09 sec)
(Loading /usr/share/perl5/LaTeXML/Package/amssymb.sty.ltxml...
(Loading /usr/share/perl5/LaTeXML/Package/amsfonts.sty.ltxml... 0.00 sec) 0.04 sec)
(Loading /usr/share/perl5/LaTeXML/Package/epsfig.sty.ltxml...
(Loading /usr/share/perl5/LaTeXML/Package/graphicx.sty.ltxml...
(Loading /usr/share/perl5/LaTeXML/Package/graphics.sty.ltxml... 0.01 sec) 0.03 sec) 0.07 sec)
Info:unexpected:titlepage When using titlepage, Frontmatter will not be well-structured
	at 0304117.tex; line 313 col 0 - line 313 col 17
Error:expected:Match:\stepcounter Missing argument Match:\stepcounter for Core::Definition::Expandable[\@eqnnum Match:\stepcounter{}]
	at 0304117.tex; line 1581 col 5 - line 1581 col 5
	Ended at 0304117.tex; line 1581 col 5 - line 1581 col 5
	Next token is T_END[}] ( == T_END[}])
	In Core::Definition::Expandable[\@eqnnum... /home/user/latex-in-arxiv/2003/0304117.tex; from line 1579 col 0 to line 1579 col 19
	 <= Core::Gullet[@0x564d0c5a9428] <= Core::Stomach[@0x564d0c5a9590] <= Core::Definition::Primitive[Begin] <= ...
Error:unexpected:\lx@tag@intags Attempt to end mode text
	at 0304117.tex; line 1581 col 5 - line 1581 col 5
	current frame is boxing group due to T_BEGIN[{] 0304117.tex; line 1581 col 5 - line 1581 col 5
	In Core::Stomach[@0x564d0c5a9590] /home/user/latex-in-arxiv/2003/0304117.tex; from line 1581 col 5 to line 1581 col 5
	 <= Core::Definition::Constructor[\lx@tag... <= Core::Stomach[@0x564d0c5a9590] <= Core::Gullet[@0x564d0c5a9428] <= ...
Error:expected:Match:\stepcounter Missing argument Match:\stepcounter for Core::Definition::Expandable[\@eqnnum Match:\stepcounter{}]
	at 0304117.tex; line 1584 col 5 - line 1584 col 5
	Ended at 0304117.tex; line 1584 col 5 - line 1584 col 5
	Next token is T_END[}] ( == T_END[}])
	In Core::Definition::Expandable[\@eqnnum... /home/user/latex-in-arxiv/2003/0304117.tex; from line 1579 col 0 to line 1579 col 19
	 <= Core::Gullet[@0x564d0c5a9428] <= Core::Stomach[@0x564d0c5a9590] <= Core::Definition::Primitive[Begin] <= ...
Error:unexpected:\lx@tag@intags Attempt to end mode text
	at 0304117.tex; line 1584 col 5 - line 1584 col 5
	current frame is boxing group due to T_BEGIN[{] 0304117.tex; line 1584 col 5 - line 1584 col 5
	In Core::Stomach[@0x564d0c5a9590] /home/user/latex-in-arxiv/2003/0304117.tex; from line 1584 col 5 to line 1584 col 5
	 <= Core::Definition::Constructor[\lx@tag... <= Core::Stomach[@0x564d0c5a9590] <= Core::Gullet[@0x564d0c5a9428] <= ...
Error:expected:Match:\stepcounter Missing argument Match:\stepcounter for Core::Definition::Expandable[\@eqnnum Match:\stepcounter{}]
	at 0304117.tex; line 1584 col 5 - line 1584 col 5
	Ended at 0304117.tex; line 1584 col 5 - line 1584 col 5
	Next token is T_END[}] ( == T_END[}])
	In Core::Definition::Expandable[\@eqnnum... /home/user/latex-in-arxiv/2003/0304117.tex; from line 1579 col 0 to line 1579 col 19
	 <= Core::Gullet[@0x564d0c5a9428] <= Core::Stomach[@0x564d0c5a9590] <= Core::Definition::Primitive[Begin] <= ...
Error:unexpected:\lx@tag@intags Attempt to end mode text
	at 0304117.tex; line 1584 col 5 - line 1584 col 5
	current frame is boxing group due to T_BEGIN[{] 0304117.tex; line 1584 col 5 - line 1584 col 5
	In Core::Stomach[@0x564d0c5a9590] /home/user/latex-in-arxiv/2003/0304117.tex; from line 1584 col 5 to line 1584 col 5
	 <= Core::Definition::Constructor[\lx@tag... <= Core::Stomach[@0x564d0c5a9590] <= Core::Gullet[@0x564d0c5a9428] <= ...
Error:expected:Match:\stepcounter Missing argument Match:\stepcounter for Core::Definition::Expandable[\@eqnnum Match:\stepcounter{}]
	at 0304117.tex; line 1587 col 0 - line 1587 col 7
	Ended at 0304117.tex; line 1587 col 0 - line 1587 col 7
	Next token is T_END[}] ( == T_END[}])
	In Core::Definition::Expandable[\@eqnnum... /home/user/latex-in-arxiv/2003/0304117.tex; from line 1579 col 0 to line 1579 col 19
	 <= Core::Gullet[@0x564d0c5a9428] <= Core::Stomach[@0x564d0c5a9590] <= Core::Definition::Primitive[Begin] <= ...
Error:unexpected:\lx@tag@intags Attempt to end mode text
	at 0304117.tex; line 1587 col 0 - line 1587 col 7
	current frame is boxing group due to T_BEGIN[{] 0304117.tex; line 1587 col 0 - line 1587 col 7
	In Core::Stomach[@0x564d0c5a9590] /home/user/latex-in-arxiv/2003/0304117.tex; from line 1587 col 0 to line 1587 col 7
	 <= Core::Definition::Constructor[\lx@tag... <= Core::Stomach[@0x564d0c5a9590] <= Core::Gullet[@0x564d0c5a9428] <= ...
Error:expected:Match:\stepcounter Missing argument Match:\stepcounter for Core::Definition::Expandable[\@eqnnum Match:\stepcounter{}]
	at 0304117.tex; line 1588 col 1 - line 1588 col 1
	Ended at 0304117.tex; line 1588 col 1 - line 1588 col 1
	Next token is T_END[}] ( == T_END[}])
	In Core::Definition::Expandable[\@eqnnum... /home/user/latex-in-arxiv/2003/0304117.tex; from line 1579 col 0 to line 1579 col 19
	 <= Core::Gullet[@0x564d0c5a9428] <= Core::Stomach[@0x564d0c5a9590] <= Core::Definition::Primitive[Begin] <= ...
Error:unexpected:\lx@tag@intags Attempt to end mode text
	at 0304117.tex; line 1588 col 1 - line 1588 col 1
	current frame is boxing group due to T_BEGIN[{] 0304117.tex; line 1588 col 1 - line 1588 col 1
	In Core::Stomach[@0x564d0c5a9590] /home/user/latex-in-arxiv/2003/0304117.tex; from line 1588 col 1 to line 1588 col 1
	 <= Core::Definition::Constructor[\lx@tag... <= Core::Stomach[@0x564d0c5a9590] <= Core::Gullet[@0x564d0c5a9428] <= ...
Error:expected:Match:\stepcounter Missing argument Match:\stepcounter for Core::Definition::Expandable[\@eqnnum Match:\stepcounter{}]
	at 0304117.tex; line 1593 col 1 - line 1593 col 1
	Ended at 0304117.tex; line 1593 col 1 - line 1593 col 1
	Next token is T_END[}] ( == T_END[}])
	In Core::Definition::Expandable[\@eqnnum... /home/user/latex-in-arxiv/2003/0304117.tex; from line 1579 col 0 to line 1579 col 19
	 <= Core::Gullet[@0x564d0c5a9428] <= Core::Stomach[@0x564d0c5a9590] <= Core::Definition::Primitive[Begin] <= ...
Error:unexpected:\lx@tag@intags Attempt to end mode text
	at 0304117.tex; line 1593 col 1 - line 1593 col 1
	current frame is boxing group due to T_BEGIN[{] 0304117.tex; line 1593 col 1 - line 1593 col 1
	In Core::Stomach[@0x564d0c5a9590] /home/user/latex-in-arxiv/2003/0304117.tex; from line 1593 col 1 to line 1593 col 1
	 <= Core::Definition::Constructor[\lx@tag... <= Core::Stomach[@0x564d0c5a9590] <= Core::Gullet[@0x564d0c5a9428] <= ...
Error:expected:Match:\stepcounter Missing argument Match:\stepcounter for Core::Definition::Expandable[\@eqnnum Match:\stepcounter{}]
	at 0304117.tex; line 1597 col 0 - line 1597 col 17
	Ended at 0304117.tex; line 1597 col 0 - line 1597 col 17
	Next token is T_END[}] ( == T_END[}])
	In Core::Definition::Expandable[\@eqnnum... /home/user/latex-in-arxiv/2003/0304117.tex; from line 1579 col 0 to line 1579 col 19
	 <= Core::Gullet[@0x564d0c5a9428] <= Core::Stomach[@0x564d0c5a9590] <= Core::Definition::Primitive[Begin] <= ...
Error:unexpected:\lx@tag@intags Attempt to end mode text
	at 0304117.tex; line 1597 col 0 - line 1597 col 17
	current frame is boxing group due to T_BEGIN[{] 0304117.tex; line 1597 col 0 - line 1597 col 17
	In Core::Stomach[@0x564d0c5a9590] /home/user/latex-in-arxiv/2003/0304117.tex; from line 1597 col 0 to line 1597 col 17
	 <= Core::Definition::Constructor[\lx@tag... <= Core::Stomach[@0x564d0c5a9590] <= Core::Gullet[@0x564d0c5a9428] <= ...
Error:unexpected:\endgroup Attempt to close non-boxing group
	at 0304117.tex; line 1597 col 0 - line 1597 col 17
	current frame is boxing group due to T_BEGIN[{] 0304117.tex; line 1593 col 1 - line 1593 col 1
	In Core::Stomach[@0x564d0c5a9590] /home/user/latex-in-arxiv/2003/0304117.tex; from line 1597 col 0 to line 1597 col 17
	 <= Core::Definition::Primitive[\endgroup] <= Core::Stomach[@0x564d0c5a9590] <= Core::Definition::Constructor[\@@eqna... <= ...
Error:expected:Match:\stepcounter Missing argument Match:\stepcounter for Core::Definition::Expandable[\@eqnnum Match:\stepcounter{}]
	at 0304117.tex; line 1611 col 1 - line 1611 col 1
	Ended at 0304117.tex; line 1611 col 1 - line 1611 col 1
	Next token is T_END[}] ( == T_END[}])
	In Core::Definition::Expandable[\@eqnnum... /home/user/latex-in-arxiv/2003/0304117.tex; from line 1610 col 0 to line 1610 col 19
	 <= Core::Gullet[@0x564d0c5a9428] <= Core::Stomach[@0x564d0c5a9590] <= Core::Definition::Primitive[Begin] <= ...
Error:unexpected:\lx@tag@intags Attempt to end mode text
	at 0304117.tex; line 1611 col 1 - line 1611 col 1
	current frame is boxing group due to T_BEGIN[{] 0304117.tex; line 1611 col 1 - line 1611 col 1
	In Core::Stomach[@0x564d0c5a9590] /home/user/latex-in-arxiv/2003/0304117.tex; from line 1611 col 1 to line 1611 col 1
	 <= Core::Definition::Constructor[\lx@tag... <= Core::Stomach[@0x564d0c5a9590] <= Core::Gullet[@0x564d0c5a9428] <= ...
Error:expected:Match:\stepcounter Missing argument Match:\stepcounter for Core::Definition::Expandable[\@eqnnum Match:\stepcounter{}]
	at 0304117.tex; line 1615 col 5 - line 1615 col 5
	Ended at 0304117.tex; line 1615 col 5 - line 1615 col 5
	Next token is T_END[}] ( == T_END[}])
	In Core::Definition::Expandable[\@eqnnum... /home/user/latex-in-arxiv/2003/0304117.tex; from line 1610 col 0 to line 1610 col 19
	 <= Core::Gullet[@0x564d0c5a9428] <= Core::Stomach[@0x564d0c5a9590] <= Core::Definition::Primitive[Begin] <= ...
Error:unexpected:\lx@tag@intags Attempt to end mode text
	at 0304117.tex; line 1615 col 5 - line 1615 col 5
	current frame is boxing group due to T_BEGIN[{] 0304117.tex; line 1615 col 5 - line 1615 col 5
	In Core::Stomach[@0x564d0c5a9590] /home/user/latex-in-arxiv/2003/0304117.tex; from line 1615 col 5 to line 1615 col 5
	 <= Core::Definition::Constructor[\lx@tag... <= Core::Stomach[@0x564d0c5a9590] <= Core::Gullet[@0x564d0c5a9428] <= ...
Error:expected:Match:\stepcounter Missing argument Match:\stepcounter for Core::Definition::Expandable[\@eqnnum Match:\stepcounter{}]
	at 0304117.tex; line 1615 col 5 - line 1615 col 5
	Ended at 0304117.tex; line 1615 col 5 - line 1615 col 5
	Next token is T_END[}] ( == T_END[}])
	In Core::Definition::Expandable[\@eqnnum... /home/user/latex-in-arxiv/2003/0304117.tex; from line 1610 col 0 to line 1610 col 19
	 <= Core::Gullet[@0x564d0c5a9428] <= Core::Stomach[@0x564d0c5a9590] <= Core::Definition::Primitive[Begin] <= ...
Error:unexpected:\lx@tag@intags Attempt to end mode text
	at 0304117.tex; line 1615 col 5 - line 1615 col 5
	current frame is boxing group due to T_BEGIN[{] 0304117.tex; line 1615 col 5 - line 1615 col 5
	In Core::Stomach[@0x564d0c5a9590] /home/user/latex-in-arxiv/2003/0304117.tex; from line 1615 col 5 to line 1615 col 5
	 <= Core::Definition::Constructor[\lx@tag... <= Core::Stomach[@0x564d0c5a9590] <= Core::Gullet[@0x564d0c5a9428] <= ...
Fatal:interrupt:interrupted LaTeXML was interrupted
	at 0304117.tex; line 1619 col 0 - line 1619 col 14
	INT
	In Core::Definition::Conditional[\ifnum ... /usr/share/perl5/LaTeXML/Package/TeX.pool.ltxml; line 747
	 <= Core::Gullet[@0x564d0c5a9428] <= Core::Stomach[@0x564d0c5a9590] <= Core::Definition::Constructor[\@@BEGI... <= Core::Stomach[@0x564d0c5a9590] <= Core::Definition::Primitive[\@dollar@... <= Core::Stomach[@0x564d0c5a9590] <= Core::Definition::Constructor[\@start... <= Core::Stomach[@0x564d0c5a9590] <= Core::Definition::Constructor[\@@eqna... <= Core::Stomach[@0x564d0c5a9590] <= Core::Definition::Constructor[\@@eqna... <= Core::Stomach[@0x564d0c5a9590]
Conversion failed 21 errors; 1 fatal error (See /home/user/latex-in-arxiv/0304117.latexml.log) (reqd. 27m 51.64s)
