latexml (LaTeXML version 0.8.6) processing 2003/0304255.tex
(Digesting TeX 0304255...
(Loading /usr/share/perl5/LaTeXML/Package/TeX.pool.ltxml...
(Loading /usr/share/perl5/LaTeXML/Package/eTeX.pool.ltxml... 0.00 sec)
(Loading /usr/share/perl5/LaTeXML/Package/pdfTeX.pool.ltxml... 0.01 sec) 0.16 sec)
(Processing content /home/user/latex-in-arxiv/2003/0304255.tex...
(Processing content /usr/share/texlive/texmf-dist/tex/plain/harvmac/harvmac.tex...
 big or little (b/l)? 
(This will be reduced.
 0.12 sec)
(1. Introduction)
(2. Two-spin solution in flat space and its $AdS_5$ or $S^5$ generalizations )
(2.1. \fam \bffam \tenbf Flat case)
(2.2. \fam \bffam \tenbf $AdS_5$ case )
(2.3. \fam \bffam \tenbf $S^5$ case )
(3. Two-spin solution in $AdS_5$ in global coordinates and stability )
(3.1. \fam \bffam \tenbf Solution)
(3.2. \fam \bffam \tenbf Fluctuations, stability and 1-loop correction )
(4. Multi-spin string solutions in $AdS_5\times S^5$)
(4.1. \fam \bffam \tenbf Circular string rotating in $S^5$)
(4.2. \fam \bffam \tenbf Circular string rotating in both $AdS_5$ and $S^5$)
(4.3. \fam \bffam \tenbf Fluctuations and stability of $S^5$ solution with $J=0, \  J'\not =0$)
(5. Towards testing AdS/CFT duality in non-supersymmetric multi-spin sectors)
(5.1. \fam \bffam \tenbf $AdS_5$ rotation case)
(5.2. \fam \bffam \tenbf $S^5$ rotation case)
(6. Concluding remarks )
(A. Stability analysis )
(\hbox {A.}1. \fam \bffam \tenbf Stability of the two-spin $AdS_5$ solution)
(\hbox {A.}2. \fam \bffam \tenbf Stability of the two-spin $S^5$ solution)
(B. Quadratic fermionic part of the superstring action)
(\hbox {B.}1. \fam \bffam \tenbf $AdS_5$ case)
(\hbox {B.}2. \fam \bffam \tenbf $S^5$ case)
(C.  Bosonic fluctuation action in conformal gauge )
(D. Dynkin labels and Young tableau labels of $SU(4)$ irreps )
(Processing content refs.tmp... 0.27 sec) 8.23 sec) 8.50 sec)
(Building...
(Loading compiled schema /usr/share/perl5/LaTeXML/resources/RelaxNG/LaTeXML.model... 0.01 sec) 19.30 sec)
(Rewriting... 0.89 sec)
(Math Parsing 1271 formulae ......
Warning:not_parsed:RELOP.ATOM.ATOM>PUNCT MathParser failed to match rule 'Anything'
	at 0304255.tex; line 1058 col 0 - line 1058 col 49
	In "$$J^{\prime}={1\over 4}{\sqrt{\lambda}}\ \kappa^{2}\ \leq\ {1\over 2}{\sqrt{%
	\lambda}}\ \ ,\ \ \ \ \ \ E=\sqrt{4{\sqrt{\lambda}}\ J^{\prime}}\ \leq\ \sqrt{%
	2\lambda}\ .$$"
	J[[UNKNOWN]] ^{\prime}[[POSTSUPERSCRIPT]] =[[RELOP]] 1\over4[[UNKNOWN]] \sqrt{\lambda}[[UNKNOWN]] κ[[UNKNOWN]] ^{2}[[POSTSUPERSCRIPT]] ≤[[RELOP]] 1\over2[[UNKNOWN]] \sqrt{\lambda}[[UNKNOWN]]
	        > $$J^{\prime}={1\over4}{\sqrt{\lambda}}\ \kappa^{2}\ \leq\ {1\over2}{\sqrt{\lambda}}\ \ ,\ \ \ \ \ \ E=\sqrt{4{\sqrt{\lambda}}\ J^{\prime}}\ \leq\ \sqrt{2\lambda}\ .$$[[PUNCT]] ,[[PUNCT]] E[[UNKNOWN]] =[[RELOP]] \sqrt{4{\sqrt{\lambda}}\ J^{\prime}}[[UNKNOWN]] ≤[[RELOP]] \sqrt{2\lambda}[[UNKNOWN]]
Warning:not_parsed:POSTSUPERSCRIPT.UNKNOWN.POSTSUPERSCRIPT>PUNCT MathParser failed to match rule 'Anything'
	at 0304255.tex; line 1120 col 0 - line 1120 col 39
	In "$$I=-{{\sqrt{\lambda}}\ \over 4\pi}\int d^{2}\xi\ G^{(AdS_{5})}_{mn}(x)%
	\partial_{a}x^{m}\partial^{a}x^{n}\ \ ,\ \ \ \ \ \ \ \ {\sqrt{\lambda}}\ %
	\equiv{R^{2}\over{\alpha^{\prime}}}$$"
	I[[UNKNOWN]] =[[RELOP]] -[[ADDOP]] {\sqrt{\lambda}}\ \over4\pi[[UNKNOWN]] ∫[[INTOP]] d[[UNKNOWN]] ^{2}[[POSTSUPERSCRIPT]] ξ[[UNKNOWN]] G[[UNKNOWN]] ^{(AdS_{5})}[[POSTSUPERSCRIPT]] _{mn}[[POSTSUBSCRIPT]] ([[OPEN]] x[[UNKNOWN]] )[[CLOSE]] ∂[[OPERATOR]] _{a}[[POSTSUBSCRIPT]] x[[UNKNOWN]] ^{m}[[POSTSUPERSCRIPT]] ∂[[OPERATOR]] ^{a}[[POSTSUPERSCRIPT]] x[[UNKNOWN]] ^{n}[[POSTSUPERSCRIPT]]
	        > $$I=-{{\sqrt{\lambda}}\ \over4\pi}\intd^{2}\xi\ G^{(AdS_{5})}_{mn}(x)\partial_{a}x^{m}\partial^{a}x^{n}\ \ ,\ \ \ \ \ \ \ \ {\sqrt{\lambda}}\ \equiv{R^{2}\over{\alpha^{\prime}}}$$[[PUNCT]] ,[[PUNCT]] \sqrt{\lambda}[[UNKNOWN]] ≡[[RELOP]] R^{2}\over{\alpha^{\prime}}[[UNKNOWN]]
Warning:not_parsed:UNKNOWN.PERIOD.UNKNOWN>PERIOD MathParser failed to match rule 'Anything'
	at 0304255.tex; line 1241 col 0 - line 1241 col 51
	In "$$n=1\ ,\ \ \ \ \ \ \ {\tenrm i.e.}\ \ \ \ \ \kappa=\sqrt{2}\sinh\rho_{0}\ ,\ %
	\ \ \ \omega^{2}=\kappa^{2}+1\ .$$"
	n[[UNKNOWN]] =[[RELOP]] 1[[NUMBER]] ,[[PUNCT]] i[[UNKNOWN]] .[[PERIOD]] e[[UNKNOWN]]
	        > .[[PERIOD]] $$n=1\ ,\ \ \ \ \ \ \ {\tenrmi.e.}\ \ \ \ \ \kappa=\sqrt{2}\sinh\rho_{0}\ ,\ \ \ \ \omega^{2}=\kappa^{2}+1\ .$$[[PUNCT]] κ[[UNKNOWN]] =[[RELOP]] \sqrt{2}[[UNKNOWN]] sinh[[TRIGFUNCTION]] ρ[[UNKNOWN]] _{0}[[POSTSUBSCRIPT]] ,[[PUNCT]] ω[[UNKNOWN]] ^{2}[[POSTSUPERSCRIPT]] =[[RELOP]] κ[[UNKNOWN]] ^{2}[[POSTSUPERSCRIPT]] +[[ADDOP]] 1[[NUMBER]]
Warning:not_parsed:UNKNOWN.PERIOD.UNKNOWN>PERIOD MathParser failed to match rule 'Anything'
	at 0304255.tex; line 1616 col 0 - line 1616 col 44
	In "$$E^{2}=(2J^{\prime})^{2}+\lambda\ ,\ \ \ \ \ {\tenrm i.e.}\ \ \ \ \ \ \ \ E%
	\approx 2J^{\prime}+{\lambda\over 4J^{\prime}}\ .$$"
	E[[UNKNOWN]] ^{2}[[POSTSUPERSCRIPT]] =[[RELOP]] ([[OPEN]] 2[[NUMBER]] J[[UNKNOWN]] ^{\prime}[[POSTSUPERSCRIPT]] )[[CLOSE]] ^{2}[[POSTSUPERSCRIPT]] +[[ADDOP]] λ[[UNKNOWN]] ,[[PUNCT]] i[[UNKNOWN]] .[[PERIOD]] e[[UNKNOWN]]
	        > .[[PERIOD]] $$E^{2}=(2J^{\prime})^{2}+\lambda\ ,\ \ \ \ \ {\tenrmi.e.}\ \ \ \ \ \ \ \ E\approx2J^{\prime}+{\lambda\over4J^{\prime}}\ .$$[[PUNCT]] E[[UNKNOWN]] ≈[[RELOP]] 2[[NUMBER]] J[[UNKNOWN]] ^{\prime}[[POSTSUPERSCRIPT]] +[[ADDOP]] \lambda\over4J^{\prime}[[UNKNOWN]]
Warning:not_parsed:POSTSUBSCRIPT.RELOP.ATOM>CLOSE MathParser failed to match rule 'Anything'
	at 0304255.tex; line 1637 col 18 - line 1637 col 35
	In "$\gamma_{0}={\pi\over 2})$"
	γ[[UNKNOWN]] _{0}[[POSTSUBSCRIPT]] =[[RELOP]] \pi\over2[[UNKNOWN]]
	        > )[[CLOSE]]
Warning:not_parsed:UNKNOWN.PERIOD.UNKNOWN>PERIOD MathParser failed to match rule 'Anything'
	at 0304255.tex; line 1799 col 0 - line 1799 col 36
	In "$$\kappa^{2}={\tenrm w}^{2}+1\geq 2\ ,\ \ \ \ {\cal J}^{\prime}={1\over 2}{%
	\tenrm w}\ ,\ \ \ \ {\cal E}=\kappa\ ,\ \ \ \ {\tenrm i.e.}\ \ \ \ \ {\cal E}=%
	\sqrt{(2{\cal J}^{\prime})^{2}+1}\ .$$"
	κ[[UNKNOWN]] ^{2}[[POSTSUPERSCRIPT]] =[[RELOP]] w[[UNKNOWN]] ^{2}[[POSTSUPERSCRIPT]] +[[ADDOP]] 1[[NUMBER]] ≥[[RELOP]] 2[[NUMBER]] ,[[PUNCT]] J[[UNKNOWN]] ^{\prime}[[POSTSUPERSCRIPT]] =[[RELOP]] 1\over2[[UNKNOWN]] w[[UNKNOWN]] ,[[PUNCT]] E[[UNKNOWN]] =[[RELOP]] κ[[UNKNOWN]] ,[[PUNCT]] i[[UNKNOWN]] .[[PERIOD]] e[[UNKNOWN]]
	        > .[[PERIOD]] $$\kappa^{2}={\tenrmw}^{2}+1\geq2\ ,\ \ \ \ {\calJ}^{\prime}={1\over2}{\tenrmw}\ ,\ \ \ \ {\calE}=\kappa\ ,\ \ \ \ {\tenrmi.e.}\ \ \ \ \ {\calE}=\sqrt{(2{\calJ}^{\prime})^{2}+1}\ .$$[[PUNCT]] E[[UNKNOWN]] =[[RELOP]] \sqrt{(2{\calJ}^{\prime})^{2}+1}[[UNKNOWN]]
Warning:not_parsed:OPEN.UNKNOWN.POSTSUBSCRIPT> MathParser failed to match rule 'Subscript'
	at 0304255.tex; line 1990 col 54 - line 1990 col 54
	In "$O_{\{\mu_{1}...\mu_{S}\}}={\tenrm tr}\left(\Phi_{M}D_{\{\mu_{1}}...D_{\mu_{S}%
	\}}\Phi_{M}\right)$"
	\{[[OPEN]] μ[[UNKNOWN]] _{1}[[POSTSUBSCRIPT]]
	        > 
Warning:not_parsed:UNKNOWN.POSTSUBSCRIPT>CLOSE MathParser failed to match rule 'Subscript'
	at 0304255.tex; line 1991 col 0 - line 1991 col 10
	μ[[UNKNOWN]] _{S}[[POSTSUBSCRIPT]]
	        > \}[[CLOSE]]
Warning:not_parsed:POSTSUBSCRIPT.RELOP.UNKNOWN>OPEN MathParser failed to match rule 'Anything'
	at 0304255.tex; line 2142 col 0 - line 2142 col 57
	In "$${\cal O}_{M_{1}....M_{j}}={\tenrm tr}(\Phi_{M_{1}}....\Phi_{M_{j}})$$"
	O[[UNKNOWN]] _{M_{1}....M_{j}}[[POSTSUBSCRIPT]] =[[RELOP]] tr[[UNKNOWN]]
	        > ([[OPEN]] Φ[[UNKNOWN]] _{M_{1}}[[POSTSUBSCRIPT]] ...[[ID]] .[[PERIOD]] Φ[[UNKNOWN]] _{M_{j}}[[POSTSUBSCRIPT]] )[[CLOSE]]
Warning:not_parsed:OPEN.UNKNOWN> MathParser failed to match rule 'Subscript'
	at 0304255.tex; line 2564 col 0 - line 2564 col 18
	In "$$\varrho_{0}=\kappa\cosh\rho_{0}\ \Gamma_{0}+\omega\sinh\rho_{0}\tilde{\Gamma%
	}_{4}\ ,\ \ \ \ \ \ \varrho_{1}=\sinh\rho_{0}\ \Gamma_{2}\ ,\ \ \ \ \ \ \ \ %
	\varrho_{(a}\varrho_{b)}=\sinh^{2}\rho_{0}\ \eta_{ab}\ ,$$"
	([[OPEN]] a[[UNKNOWN]]
	        > 
Warning:not_parsed:UNKNOWN>CLOSE MathParser failed to match rule 'Subscript'
	at 0304255.tex; line 2564 col 0 - line 2564 col 18
	b[[UNKNOWN]]
	        > )[[CLOSE]]
Warning:not_parsed:OPEN.UNKNOWN> MathParser failed to match rule 'Subscript'
	at 0304255.tex; line 2600 col 39 - line 2600 col 39
	In "$\varrho_{a}=\sinh\rho_{0}\ \tau_{a},\ \ \tau_{a}=(\Gamma_{0},\Gamma_{2}),\ %
	\tau_{(a}\tau_{b)}=\eta_{ab}$"
	([[OPEN]] a[[UNKNOWN]]
	        > 
Warning:not_parsed:UNKNOWN>CLOSE MathParser failed to match rule 'Subscript'
	at 0304255.tex; line 2600 col 48 - line 2600 col 48
	b[[UNKNOWN]]
	        > )[[CLOSE]]
Warning:not_parsed:OPEN.UNKNOWN> MathParser failed to match rule 'Subscript'
	at 0304255.tex; line 2658 col 0 - line 2658 col 18
	In "$$\varrho_{0}=\kappa\Gamma_{0}+\nu\cos\gamma_{0}\ \Gamma_{6}+{\tenrm w}\sin%
	\gamma_{0}\ \tilde{\Gamma}_{8}\ ,\ \ \ \ \ \ \varrho_{1}=\sin\gamma_{0}\ %
	\Gamma_{7}\ ,\ \ \ \ \ \ \ \ \varrho_{(a}\varrho_{b)}=\sin^{2}\gamma_{0}\ \eta%
	_{ab}\ ,$$"
	([[OPEN]] a[[UNKNOWN]]
	        > 
Warning:not_parsed:UNKNOWN>CLOSE MathParser failed to match rule 'Subscript'
	at 0304255.tex; line 2658 col 0 - line 2658 col 18
	b[[UNKNOWN]]
	        > )[[CLOSE]]
Warning:not_parsed:POSTSUBSCRIPT.RELOP.ATOM>METARELOP MathParser failed to match rule 'Anything'
	at 0304255.tex; line 2727 col 0 - line 2727 col 45
	In "$$\gamma_{0}={\pi\over 2}\ :\ \ \ \ M=im_{{}_{F}}\Gamma_{07}\Gamma_{12348}\ ,%
	\ \ \ \ \ \ \ m_{{}_{F}}=\sinh\beta=\sqrt{\kappa^{2}-1}\ .$$"
	γ[[UNKNOWN]] _{0}[[POSTSUBSCRIPT]] =[[RELOP]] \pi\over2[[UNKNOWN]]
	        > :[[METARELOP]] $$\gamma_{0}={\pi\over2}\ :\ \ \ \ M=im_{{}_{F}}\Gamma_{07}\Gamma_{12348}\ ,\ \ \ \ \ \ \ m_{{}_{F}}=\sinh\beta=\sqrt{\kappa^{2}-1}\ .$$[[PUNCT]] M[[UNKNOWN]] =[[RELOP]] i[[UNKNOWN]] m[[UNKNOWN]] _{{}_{F}}[[POSTSUBSCRIPT]] Γ[[UNKNOWN]] _{07}[[POSTSUBSCRIPT]] Γ[[UNKNOWN]] _{12348}[[POSTSUBSCRIPT]] ,[[PUNCT]] m[[UNKNOWN]] _{{}_{F}}[[POSTSUBSCRIPT]] =[[RELOP]] sinh[[TRIGFUNCTION]] β[[UNKNOWN]] =[[RELOP]] \sqrt{\kappa^{2}-1}[[UNKNOWN]]
 52.39 sec)
Math parsing succeeded:
   ltx:XMath: 1263/1271
   ltx:XMArg: 3113/3121
Symbols assumed as simple identifiers (with # of occurences):
   'A{italic}' (141), 'B{italic}' (26), 'C{italic}' (33), 'D' (7), 'Delta' (11), 'D{italic}' (61), 'E{caligraphic}' (16), 'E{italic}' (55), 'F{italic}' (2), 'Gamma' (66), 'G{italic}' (8), 'I{italic}' (11), 'J{caligraphic}' (45), 'J{italic}' (312), 'K{italic}' (6), 'Lambda' (7), 'L{italic}' (15), 'M{italic}' (32), 'N{italic}' (6), 'Omega' (4), 'O{caligraphic}' (2), 'O{italic}' (49), 'Phi' (59), 'Psi' (7), 'P{italic}' (11), 'R{italic}' (19), 'S{caligraphic}' (26), 'S{italic}' (395), 'T{italic}' (1), 'U{italic}' (12), 'V{caligraphic}' (13), 'V{italic}' (2), 'W{italic}' (6), 'X{italic}' (96), 'Y{italic}' (14), 'Z{italic}' (8), 'alpha' (84), 'any' (1), 'a{italic}' (52), 'beta' (83), 'b{italic}' (38), 'const' (9), 'c{italic}' (9), 'delta' (8), 'd{italic}' (178), 'e' (19), 'epsilon' (4), 'eta' (36), 'e{italic}' (47), 'for' (1), 'f{italic}' (29), 'gamma' (91), 'g{italic}' (13), 'h{italic}' (6), 'i' (10), 'i{italic}' (74), 'j{italic}' (39), 'kappa' (197), 'k{italic}' (18), 'lambda' (63), 'mu' (44), 'm{italic}' (26), 'nu' (65), 'n{italic}' (104), 'omega' (78), 'o{italic}' (13), 'phi' (12), 'pi' (28), 'psi' (17), 'p{italic}' (2), 'q{italic}' (2), 'rho' (116), 'r{italic}' (10), 'sigma' (99), 's{italic}' (33), 'tau' (102), 'theta' (35), 'tr' (20), 't{italic}' (19), 'u{italic}' (6), 'varphi' (44), 'varrho' (21), 'w' (31), 'xi' (5), 'x{italic}' (19), 'y{italic}' (6), 'zeta' (8), 'z{italic}' (26)
Set MATHPARSER_SPECULATE to speculate on possible notations.
(Finalizing... 5.12 sec)
Conversion complete 16 warnings (See /home/user/latex-in-arxiv/0304255.latexml.log) (reqd. 1m 28.95s)
