latexml (LaTeXML version 0.8.6) processing 2003/0304257.tex
(Digesting TeX 0304257...
(Loading /usr/share/perl5/LaTeXML/Package/TeX.pool.ltxml...
(Loading /usr/share/perl5/LaTeXML/Package/eTeX.pool.ltxml... 0.00 sec)
(Loading /usr/share/perl5/LaTeXML/Package/pdfTeX.pool.ltxml... 0.01 sec) 0.16 sec)
(Processing content /home/user/latex-in-arxiv/2003/0304257.tex...
(Loading /usr/share/perl5/LaTeXML/Package/LaTeX.pool.ltxml...
(Loading /usr/share/perl5/LaTeXML/Package/textcomp.sty.ltxml...
(Processing definitions /usr/share/texlive/texmf-dist/tex/latex-dev/base/ts1enc.dfu... 0.03 sec) 1.18 sec) 1.41 sec)
(Loading /usr/share/perl5/LaTeXML/Package/article.cls.ltxml... 0.01 sec)
(Loading /usr/share/perl5/LaTeXML/Package/amsmath.sty.ltxml...
(Loading /usr/share/perl5/LaTeXML/Package/amsbsy.sty.ltxml...
(Loading /usr/share/perl5/LaTeXML/Package/amsgen.sty.ltxml... 0.01 sec) 0.01 sec)
(Loading /usr/share/perl5/LaTeXML/Package/amstext.sty.ltxml... 0.00 sec)
(Loading /usr/share/perl5/LaTeXML/Package/amsopn.sty.ltxml... 0.01 sec) 0.06 sec)
(Loading /usr/share/perl5/LaTeXML/Package/amssymb.sty.ltxml...
(Loading /usr/share/perl5/LaTeXML/Package/amsfonts.sty.ltxml... 0.00 sec) 0.03 sec) 6.57 sec) 6.79 sec)
(Building...
(Loading compiled schema /usr/share/perl5/LaTeXML/resources/RelaxNG/LaTeXML.model... 0.02 sec) 5.95 sec)
(Rewriting... 0.21 sec)
(Math Parsing 377 formulae ......
Warning:not_parsed:RELOP.ATOM.ATOM>FLOATSUPERSCRIPT MathParser failed to match rule 'Anything'
	at 0304257.tex; line 245 col 0 - line 248 col 2
	In "$$L_{0}=\frac{1}{2}\dot{x}{}^{2}-\frac{i}{2}\dot{\psi}_{a}\psi_{a}.$$"
	L[[UNKNOWN]] _{0}[[POSTSUBSCRIPT]] =[[RELOP]] \frac{1}{2}[[UNKNOWN]] \dot{x}[[UNKNOWN]]
	        > {}^{2}[[FLOATSUPERSCRIPT]] -[[ADDOP]] \frac{i}{2}[[UNKNOWN]] \dot{\psi}[[UNKNOWN]] _{a}[[POSTSUBSCRIPT]] ψ[[UNKNOWN]] _{a}[[POSTSUBSCRIPT]]
Warning:not_parsed:UNKNOWN.POSTSUPERSCRIPT.POSTSUBSCRIPT>CLOSE MathParser failed to match rule 'Anything'
	at 0304257.tex; line 547 col 2 - line 547 col 2
	In "$\displaystyle\{S^{+}_{n,m},S^{-}_{n,l}\}=-i(2H_{n})^{n-m}(2K_{n})^{l}(\alpha-%
	2iD)^{m-l}-i\Sigma(2H_{n})^{n-m-1}(2K_{n})^{l-1}\times(\alpha-2iD_{n})^{m-l}%
	\left(n(m-l)(\alpha-2iD_{n})+4\alpha l(n-m)\right),\quad m\geq l.\@@ENDINLINEMATH"
	{[[UNKNOWN]] S[[UNKNOWN]] ^{+}[[POSTSUPERSCRIPT]] _{n,m}[[POSTSUBSCRIPT]] ,[[PUNCT]] S[[UNKNOWN]] ^{-}[[POSTSUPERSCRIPT]] _{n,l}[[POSTSUBSCRIPT]]
	        > \}[[CLOSE]] =[[RELOP]] -[[ADDOP]] i[[UNKNOWN]] ([[OPEN]] 2[[NUMBER]] H[[UNKNOWN]] _{n}[[POSTSUBSCRIPT]] )[[CLOSE]] ^{n-m}[[POSTSUPERSCRIPT]] ([[OPEN]] 2[[NUMBER]] K[[UNKNOWN]] _{n}[[POSTSUBSCRIPT]] )[[CLOSE]] ^{l}[[POSTSUPERSCRIPT]] ([[OPEN]] α[[UNKNOWN]] -[[ADDOP]] 2[[NUMBER]] i[[UNKNOWN]] D[[UNKNOWN]] )[[CLOSE]] ^{m-l}[[POSTSUPERSCRIPT]] -[[ADDOP]] i[[UNKNOWN]] Σ[[UNKNOWN]] ([[OPEN]] 2[[NUMBER]] H[[UNKNOWN]] _{n}[[POSTSUBSCRIPT]] )[[CLOSE]] ^{n-m-1}[[POSTSUPERSCRIPT]] ([[OPEN]] 2[[NUMBER]] K[[UNKNOWN]] _{n}[[POSTSUBSCRIPT]] )[[CLOSE]] ^{l-1}[[POSTSUPERSCRIPT]] ×[[MULOP]] ([[OPEN]] α[[UNKNOWN]] -[[ADDOP]] 2[[NUMBER]] i[[UNKNOWN]] D[[UNKNOWN]] _{n}[[POSTSUBSCRIPT]] )[[CLOSE]] ^{m-l}[[POSTSUPERSCRIPT]] \left([[OPEN]] n[[UNKNOWN]] ...
Warning:not_parsed:UNKNOWN.POSTSUPERSCRIPT.POSTSUBSCRIPT>CLOSE MathParser failed to match rule 'Anything'
	at 0304257.tex; line 547 col 2 - line 548 col 1
	In "$\displaystyle\{S^{+}_{n,m},S^{-}_{n,l}\}=$"
	{[[UNKNOWN]] S[[UNKNOWN]] ^{+}[[POSTSUPERSCRIPT]] _{n,m}[[POSTSUBSCRIPT]] ,[[PUNCT]] S[[UNKNOWN]] ^{-}[[POSTSUPERSCRIPT]] _{n,l}[[POSTSUBSCRIPT]]
	        > \}[[CLOSE]] =[[RELOP]]
Warning:not_parsed:POSTSUBSCRIPT.CLOSE.POSTSUPERSCRIPT>MULOP MathParser failed to match rule 'Anything'
	at 0304257.tex; line 548 col 3 - line 551 col 1
	In "$\displaystyle-i(2H_{n})^{n-m}(2K_{n})^{l}(\alpha-2iD)^{m-l}-i\Sigma(2H_{n})^{%
	n-m-1}(2K_{n})^{l-1}\times$"
	-[[ADDOP]] i[[UNKNOWN]] ([[OPEN]] 2[[NUMBER]] H[[UNKNOWN]] _{n}[[POSTSUBSCRIPT]] )[[CLOSE]] ^{n-m}[[POSTSUPERSCRIPT]] ([[OPEN]] 2[[NUMBER]] K[[UNKNOWN]] _{n}[[POSTSUBSCRIPT]] )[[CLOSE]] ^{l}[[POSTSUPERSCRIPT]] ([[OPEN]] α[[UNKNOWN]] -[[ADDOP]] 2[[NUMBER]] i[[UNKNOWN]] D[[UNKNOWN]] )[[CLOSE]] ^{m-l}[[POSTSUPERSCRIPT]] -[[ADDOP]] i[[UNKNOWN]] Σ[[UNKNOWN]] ([[OPEN]] 2[[NUMBER]] H[[UNKNOWN]] _{n}[[POSTSUBSCRIPT]] )[[CLOSE]] ^{n-m-1}[[POSTSUPERSCRIPT]] ([[OPEN]] 2[[NUMBER]] K[[UNKNOWN]] _{n}[[POSTSUBSCRIPT]] )[[CLOSE]] ^{l-1}[[POSTSUPERSCRIPT]]
	        > ×[[MULOP]]
Warning:not_parsed:UNKNOWN.POSTSUPERSCRIPT.POSTSUBSCRIPT>CLOSE MathParser failed to match rule 'Anything'
	at 0304257.tex; line 584 col 3 - line 584 col 3
	In "$\displaystyle\{S^{+}_{n,m},S^{-}_{n,0}\}=-i(2H_{n})^{n-m}(\alpha-2iD_{n})^{m-%
	1}\left((\alpha-2iD_{n})+nm\Sigma\right),\@@ENDINLINEMATH"
	{[[UNKNOWN]] S[[UNKNOWN]] ^{+}[[POSTSUPERSCRIPT]] _{n,m}[[POSTSUBSCRIPT]] ,[[PUNCT]] S[[UNKNOWN]] ^{-}[[POSTSUPERSCRIPT]] _{n,0}[[POSTSUBSCRIPT]]
	        > \}[[CLOSE]] =[[RELOP]] -[[ADDOP]] i[[UNKNOWN]] ([[OPEN]] 2[[NUMBER]] H[[UNKNOWN]] _{n}[[POSTSUBSCRIPT]] )[[CLOSE]] ^{n-m}[[POSTSUPERSCRIPT]] ([[OPEN]] α[[UNKNOWN]] -[[ADDOP]] 2[[NUMBER]] i[[UNKNOWN]] D[[UNKNOWN]] _{n}[[POSTSUBSCRIPT]] )[[CLOSE]] ^{m-1}[[POSTSUPERSCRIPT]] \left([[OPEN]] ([[OPEN]] α[[UNKNOWN]] -[[ADDOP]] 2[[NUMBER]] i[[UNKNOWN]] D[[UNKNOWN]] _{n}[[POSTSUBSCRIPT]] )[[CLOSE]] +[[ADDOP]] n[[UNKNOWN]] m[[UNKNOWN]] Σ[[UNKNOWN]] \right)[[CLOSE]]
Warning:not_parsed:UNKNOWN.POSTSUPERSCRIPT.POSTSUBSCRIPT>CLOSE MathParser failed to match rule 'Anything'
	at 0304257.tex; line 584 col 3 - line 587 col 18
	In "$\displaystyle\{S^{+}_{n,m},S^{-}_{n,0}\}=-i(2H_{n})^{n-m}(\alpha-2iD_{n})^{m-%
	1}\left((\alpha-2iD_{n})+nm\Sigma\right),$"
	{[[UNKNOWN]] S[[UNKNOWN]] ^{+}[[POSTSUPERSCRIPT]] _{n,m}[[POSTSUBSCRIPT]] ,[[PUNCT]] S[[UNKNOWN]] ^{-}[[POSTSUPERSCRIPT]] _{n,0}[[POSTSUBSCRIPT]]
	        > \}[[CLOSE]] =[[RELOP]] -[[ADDOP]] i[[UNKNOWN]] ([[OPEN]] 2[[NUMBER]] H[[UNKNOWN]] _{n}[[POSTSUBSCRIPT]] )[[CLOSE]] ^{n-m}[[POSTSUPERSCRIPT]] ([[OPEN]] α[[UNKNOWN]] -[[ADDOP]] 2[[NUMBER]] i[[UNKNOWN]] D[[UNKNOWN]] _{n}[[POSTSUBSCRIPT]] )[[CLOSE]] ^{m-1}[[POSTSUPERSCRIPT]] \left([[OPEN]] ([[OPEN]] α[[UNKNOWN]] -[[ADDOP]] 2[[NUMBER]] i[[UNKNOWN]] D[[UNKNOWN]] _{n}[[POSTSUBSCRIPT]] )[[CLOSE]] +[[ADDOP]] n[[UNKNOWN]] m[[UNKNOWN]] Σ[[UNKNOWN]] \right)[[CLOSE]]
Warning:not_parsed:UNKNOWN.POSTSUPERSCRIPT.POSTSUBSCRIPT>CLOSE MathParser failed to match rule 'Anything'
	at 0304257.tex; line 589 col 2 - line 589 col 2
	In "$\displaystyle\{S^{+}_{n,n},S^{-}_{n,l}\}=-i(2K_{n})^{l}(\alpha-2iD_{n})^{n-l-%
	1}\left((\alpha-2iD_{n})+n(n-l)\Sigma\right).\@@ENDINLINEMATH"
	{[[UNKNOWN]] S[[UNKNOWN]] ^{+}[[POSTSUPERSCRIPT]] _{n,n}[[POSTSUBSCRIPT]] ,[[PUNCT]] S[[UNKNOWN]] ^{-}[[POSTSUPERSCRIPT]] _{n,l}[[POSTSUBSCRIPT]]
	        > \}[[CLOSE]] =[[RELOP]] -[[ADDOP]] i[[UNKNOWN]] ([[OPEN]] 2[[NUMBER]] K[[UNKNOWN]] _{n}[[POSTSUBSCRIPT]] )[[CLOSE]] ^{l}[[POSTSUPERSCRIPT]] ([[OPEN]] α[[UNKNOWN]] -[[ADDOP]] 2[[NUMBER]] i[[UNKNOWN]] D[[UNKNOWN]] _{n}[[POSTSUBSCRIPT]] )[[CLOSE]] ^{n-l-1}[[POSTSUPERSCRIPT]] \left([[OPEN]] ([[OPEN]] α[[UNKNOWN]] -[[ADDOP]] 2[[NUMBER]] i[[UNKNOWN]] D[[UNKNOWN]] _{n}[[POSTSUBSCRIPT]] )[[CLOSE]] +[[ADDOP]] n[[UNKNOWN]] ([[OPEN]] n[[UNKNOWN]] -[[ADDOP]] l[[UNKNOWN]] )[[CLOSE]] Σ[[UNKNOWN]] \right)[[CLOSE]]
Warning:not_parsed:UNKNOWN.POSTSUPERSCRIPT.POSTSUBSCRIPT>CLOSE MathParser failed to match rule 'Anything'
	at 0304257.tex; line 589 col 2 - line 592 col 1
	In "$\displaystyle\{S^{+}_{n,n},S^{-}_{n,l}\}=-i(2K_{n})^{l}(\alpha-2iD_{n})^{n-l-%
	1}\left((\alpha-2iD_{n})+n(n-l)\Sigma\right).$"
	{[[UNKNOWN]] S[[UNKNOWN]] ^{+}[[POSTSUPERSCRIPT]] _{n,n}[[POSTSUBSCRIPT]] ,[[PUNCT]] S[[UNKNOWN]] ^{-}[[POSTSUPERSCRIPT]] _{n,l}[[POSTSUBSCRIPT]]
	        > \}[[CLOSE]] =[[RELOP]] -[[ADDOP]] i[[UNKNOWN]] ([[OPEN]] 2[[NUMBER]] K[[UNKNOWN]] _{n}[[POSTSUBSCRIPT]] )[[CLOSE]] ^{l}[[POSTSUPERSCRIPT]] ([[OPEN]] α[[UNKNOWN]] -[[ADDOP]] 2[[NUMBER]] i[[UNKNOWN]] D[[UNKNOWN]] _{n}[[POSTSUBSCRIPT]] )[[CLOSE]] ^{n-l-1}[[POSTSUPERSCRIPT]] \left([[OPEN]] ([[OPEN]] α[[UNKNOWN]] -[[ADDOP]] 2[[NUMBER]] i[[UNKNOWN]] D[[UNKNOWN]] _{n}[[POSTSUBSCRIPT]] )[[CLOSE]] +[[ADDOP]] n[[UNKNOWN]] ([[OPEN]] n[[UNKNOWN]] -[[ADDOP]] l[[UNKNOWN]] )[[CLOSE]] Σ[[UNKNOWN]] \right)[[CLOSE]]
Warning:not_parsed:UNKNOWN.PERIOD.UNKNOWN>PERIOD MathParser failed to match rule 'Anything'
	at 0304257.tex; line 942 col 0 - line 947 col 14
	In "\begin{equation}l.h.s.=(-1)^{n}{\cal P}_{\alpha,n}{\cal P}_{-\alpha+n-1,n}\Pi_%
	{+}+(-1)^{n}{\cal P}_{-\alpha+n-1,n}{\cal P}_{\alpha,n}\Pi_{-},\end{equation}"
	l[[UNKNOWN]] .[[PERIOD]] h[[UNKNOWN]] .[[PERIOD]] s[[UNKNOWN]]
	        > .[[PERIOD]] =[[RELOP]] ([[OPEN]] -[[ADDOP]] 1[[NUMBER]] )[[CLOSE]] ^{n}[[POSTSUPERSCRIPT]] P[[UNKNOWN]] _{\alpha,n}[[POSTSUBSCRIPT]] P[[UNKNOWN]] _{-\alpha+n-1,n}[[POSTSUBSCRIPT]] Π[[UNKNOWN]] _{+}[[POSTSUBSCRIPT]] +[[ADDOP]] ([[OPEN]] -[[ADDOP]] 1[[NUMBER]] )[[CLOSE]] ^{n}[[POSTSUPERSCRIPT]] P[[UNKNOWN]] _{-\alpha+n-1,n}[[POSTSUBSCRIPT]] P[[UNKNOWN]] _{\alpha,n}[[POSTSUBSCRIPT]] Π[[UNKNOWN]] _{-}[[POSTSUBSCRIPT]]
Warning:not_parsed:UNKNOWN.PERIOD.UNKNOWN>PERIOD MathParser failed to match rule 'Anything'
	at 0304257.tex; line 958 col 0 - line 961 col 2
	In "$$l.h.s.=(-{\cal D}_{-(\alpha-n)}{\cal D}_{\alpha-n})^{n}\Pi_{+}+(-{\cal D}_{-%
	\alpha}{\cal D}_{\alpha})^{n}\Pi_{-}.$$"
	l[[UNKNOWN]] .[[PERIOD]] h[[UNKNOWN]] .[[PERIOD]] s[[UNKNOWN]]
	        > .[[PERIOD]] =[[RELOP]] ([[OPEN]] -[[ADDOP]] D[[UNKNOWN]] _{-(\alpha-n)}[[POSTSUBSCRIPT]] D[[UNKNOWN]] _{\alpha-n}[[POSTSUBSCRIPT]] )[[CLOSE]] ^{n}[[POSTSUPERSCRIPT]] Π[[UNKNOWN]] _{+}[[POSTSUBSCRIPT]] +[[ADDOP]] ([[OPEN]] -[[ADDOP]] D[[UNKNOWN]] _{-\alpha}[[POSTSUBSCRIPT]] D[[UNKNOWN]] _{\alpha}[[POSTSUBSCRIPT]] )[[CLOSE]] ^{n}[[POSTSUPERSCRIPT]] Π[[UNKNOWN]] _{-}[[POSTSUBSCRIPT]]
 13.07 sec)
Math parsing succeeded:
   ltx:XMath: 367/377
   ltx:XMArg: 1181/1181
Symbols assumed as simple identifiers (with # of occurences):
   'A{caligraphic}' (1), 'A{italic}' (5), 'B{italic}' (2), 'Delta' (2), 'D{caligraphic}' (122), 'D{italic}' (66), 'H{italic}' (96), 'I{italic}' (5), 'K{italic}' (56), 'L{italic}' (2), 'N{blackboard}' (7), 'N{italic}' (1), 'Pi' (28), 'P{caligraphic}' (16), 'Q{italic}' (15), 'R{caligraphic}' (2), 'Sigma' (33), 'S{italic}' (165), 'U{italic}' (3), 'X{italic}' (4), 'Z{blackboard}' (1), 'alpha' (132), 'a{italic}' (17), 'b{italic}' (17), 'delta' (4), 'd{italic}' (21), 'epsilon' (5), 'gamma' (3), 'h{italic}' (6), 'i{italic}' (93), 'j{italic}' (3), 'k{italic}' (6), 'l{italic}' (112), 'm{italic}' (34), 'n{italic}' (320), 'o{italic}' (23), 'psi' (61), 'p{italic}' (50), 'sigma' (9), 's{italic}' (30), 't{italic}' (36), 'u{italic}' (11), 'x{italic}' (48), 'z{italic}' (9), '{' (12)
Set MATHPARSER_SPECULATE to speculate on possible notations.
(Finalizing... 1.20 sec)
Conversion complete 10 warnings (See /home/user/latex-in-arxiv/0304257.latexml.log) (reqd. 28.06s)
