latexml (LaTeXML version 0.8.6) processing 2003/0304060.tex
(Digesting TeX 0304060...
(Loading /usr/share/perl5/LaTeXML/Package/TeX.pool.ltxml...
(Loading /usr/share/perl5/LaTeXML/Package/eTeX.pool.ltxml... 0.01 sec)
(Loading /usr/share/perl5/LaTeXML/Package/pdfTeX.pool.ltxml... 0.01 sec) 0.19 sec)
(Processing content /home/user/latex-in-arxiv/2003/0304060.tex...
(Loading /usr/share/perl5/LaTeXML/Package/LaTeX.pool.ltxml...
(Loading /usr/share/perl5/LaTeXML/Package/textcomp.sty.ltxml...
(Processing definitions /usr/share/texlive/texmf-dist/tex/latex-dev/base/ts1enc.dfu... 0.04 sec) 1.60 sec) 1.89 sec)
(Loading /usr/share/perl5/LaTeXML/Package/article.cls.ltxml... 0.02 sec)
(Loading /usr/share/perl5/LaTeXML/Package/cite.sty.ltxml... 0.00 sec)
Info:unexpected:titlepage When using titlepage, Frontmatter will not be well-structured
	at 0304060.tex; line 37 col 0 - line 37 col 17
Error:undefined:{centering} The environment {centering} is not defined.
	at 0304060.tex; line 41 col 0 - line 41 col 17
	Next token is T_SPACE[U+000a/LF] ( == T_SPACE[U+000a/LF])
	In Core::Definition::Expandable[\begin {}] /usr/share/perl5/LaTeXML/Package/LaTeX.pool.ltxml; line 180
	 <= Core::Gullet[@0x560214a35e48] <= Core::Stomach[@0x560214a367a8] <= Core::Definition::Constructor[\begin{... <= ...
 5.59 sec) 5.81 sec)
(Building...
(Loading compiled schema /usr/share/perl5/LaTeXML/resources/RelaxNG/LaTeXML.model... 0.02 sec) 2.77 sec)
(Rewriting... 0.06 sec)
(Math Parsing 117 formulae ...... 2.92 sec)
Math parsing succeeded:
   ltx:XMath: 117/117
   ltx:XMArg: 316/316
Symbols assumed as simple identifiers (with # of occurences):
   'A{caligraphic}' (4), 'A{italic}' (3), 'B{italic}' (2), 'C{italic}' (6), 'E{italic}' (29), 'F{italic}' (6), 'G{italic}' (2), 'H{italic}' (2), 'J{italic}' (21), 'Lambda' (3), 'M{italic}' (11), 'Omega' (3), 'Phi' (1), 'Q{italic}' (1), 'R{italic}' (11), 'S{italic}' (21), 'T{italic}' (11), 'V{italic}' (5), 'a{italic}' (6), 'b{italic}' (9), 'd{italic}' (24), 'g{italic}' (4), 'h{italic}' (4), 'l{italic}' (23), 'n{italic}' (4), 'pi' (20), 'p{italic}' (2), 'r{italic}' (49), 's{italic}' (3), 'theta' (2), 't{italic}' (5), 'x{italic}' (1)
Set MATHPARSER_SPECULATE to speculate on possible notations.
(Finalizing... 0.30 sec)
Conversion complete 1 error; 1 undefined macro[{centering}] (See /home/user/latex-in-arxiv/0304060.latexml.log) (reqd. 12.28s)
