latexml (LaTeXML version 0.8.6) processing 2003/0304233.tex
(Digesting TeX 0304233...
(Loading /usr/share/perl5/LaTeXML/Package/TeX.pool.ltxml...
(Loading /usr/share/perl5/LaTeXML/Package/eTeX.pool.ltxml... 0.00 sec)
(Loading /usr/share/perl5/LaTeXML/Package/pdfTeX.pool.ltxml... 0.01 sec) 0.12 sec)
(Processing content /home/user/latex-in-arxiv/2003/0304233.tex...
(Loading /usr/share/perl5/LaTeXML/Package/LaTeX.pool.ltxml...
(Loading /usr/share/perl5/LaTeXML/Package/textcomp.sty.ltxml...
(Processing definitions /usr/share/texlive/texmf-dist/tex/latex-dev/base/ts1enc.dfu... 0.03 sec) 0.96 sec) 1.14 sec)
(Loading /usr/share/perl5/LaTeXML/Package/article.cls.ltxml... 0.01 sec)
(Loading /usr/share/perl5/LaTeXML/Package/graphicx.sty.ltxml...
(Loading /usr/share/perl5/LaTeXML/Package/graphics.sty.ltxml... 0.01 sec) 0.03 sec)
(Loading /usr/share/perl5/LaTeXML/Package/latexsym.sty.ltxml... 0.00 sec)
(Loading /usr/share/perl5/LaTeXML/Package/amsfonts.sty.ltxml... 0.00 sec)
Info:unexpected:titlepage When using titlepage, Frontmatter will not be well-structured
	at 0304233.tex; line 75 col 0 - line 75 col 17
Error:undefined:{centering} The environment {centering} is not defined.
	at 0304233.tex; line 84 col 0 - line 84 col 17
	Next token is T_SPACE[U+000a/LF] ( == T_SPACE[U+000a/LF])
	In Core::Definition::Expandable[\begin {}] /usr/share/perl5/LaTeXML/Package/LaTeX.pool.ltxml; line 180
	 <= Core::Gullet[@0x555b7cc18240] <= Core::Stomach[@0x555b7cc18a20] <= Core::Definition::Constructor[\begin{... <= ...
 4.58 sec) 4.75 sec)
(Building...
(Loading compiled schema /usr/share/perl5/LaTeXML/resources/RelaxNG/LaTeXML.model... 0.01 sec) 4.27 sec)
(Rewriting... 0.09 sec)
(Math Parsing 540 formulae ......
Warning:not_parsed:UNKNOWN.POSTSUPERSCRIPT.ATOM>OPEN MathParser failed to match rule 'Anything'
	at 0304233.tex; line 337 col 3 - line 337 col 3
	In "$\displaystyle S^{\phi^{\alpha},\chi^{A}}=-\int g^{\mu\nu}\sqrt{-g}\big{(}\sum%
	_{\alpha}\partial_{\mu}\phi^{\alpha}\partial_{\nu}\phi^{\alpha}\@@ENDINLINEMATH"
	S[[UNKNOWN]] ^{\phi^{\alpha},\chi^{A}}[[POSTSUPERSCRIPT]] =[[RELOP]] -[[ADDOP]] ∫[[INTOP]] g[[UNKNOWN]] ^{\mu\nu}[[POSTSUPERSCRIPT]] \sqrt{-g}[[UNKNOWN]]
	        > ([[OPEN]] ∑[[SUMOP]] _{\alpha}[[POSTSUBSCRIPT]] ∂[[OPERATOR]] _{\mu}[[POSTSUBSCRIPT]] ϕ[[UNKNOWN]] ^{\alpha}[[POSTSUPERSCRIPT]] ∂[[OPERATOR]] _{\nu}[[POSTSUBSCRIPT]] ϕ[[UNKNOWN]] ^{\alpha}[[POSTSUPERSCRIPT]]
Warning:not_parsed:UNKNOWN.POSTSUPERSCRIPT.ATOM>OPEN MathParser failed to match rule 'Anything'
	at 0304233.tex; line 337 col 3 - line 341 col 1
	In "$\displaystyle S^{\phi^{\alpha},\chi^{A}}=-\int g^{\mu\nu}\sqrt{-g}\big{(}\sum%
	_{\alpha}\partial_{\mu}\phi^{\alpha}\partial_{\nu}\phi^{\alpha}$"
	S[[UNKNOWN]] ^{\phi^{\alpha},\chi^{A}}[[POSTSUPERSCRIPT]] =[[RELOP]] -[[ADDOP]] ∫[[INTOP]] g[[UNKNOWN]] ^{\mu\nu}[[POSTSUPERSCRIPT]] \sqrt{-g}[[UNKNOWN]]
	        > ([[OPEN]] ∑[[SUMOP]] _{\alpha}[[POSTSUBSCRIPT]] ∂[[OPERATOR]] _{\mu}[[POSTSUBSCRIPT]] ϕ[[UNKNOWN]] ^{\alpha}[[POSTSUPERSCRIPT]] ∂[[OPERATOR]] _{\nu}[[POSTSUBSCRIPT]] ϕ[[UNKNOWN]] ^{\alpha}[[POSTSUPERSCRIPT]]
Warning:not_parsed:ADDOP.ID.CLOSE>CLOSE MathParser failed to match rule 'Anything'
	at 0304233.tex; line 341 col 10 - line 341 col 10
	In "$\displaystyle\hskip 56.905512pt+\frac{1}{2}\sum_{A}e^{2\lambda^{A}(\phi)}(%
	\partial_{\mu}\chi^{A}+\cdots)(\partial_{\nu}\chi^{A}+\cdots)\big{)}d^{3}x\@@ENDINLINEMATH"
	+[[ADDOP]] \frac{1}{2}[[UNKNOWN]] ∑[[SUMOP]] _{A}[[POSTSUBSCRIPT]] e[[UNKNOWN]] ^{2\lambda^{A}(\phi)}[[POSTSUPERSCRIPT]] ([[OPEN]] ∂[[OPERATOR]] _{\mu}[[POSTSUBSCRIPT]] χ[[UNKNOWN]] ^{A}[[POSTSUPERSCRIPT]] +[[ADDOP]] ⋯[[ID]] )[[CLOSE]] ([[OPEN]] ∂[[OPERATOR]] _{\nu}[[POSTSUBSCRIPT]] χ[[UNKNOWN]] ^{A}[[POSTSUPERSCRIPT]] +[[ADDOP]] ⋯[[ID]] )[[CLOSE]]
	        > )[[CLOSE]] d[[UNKNOWN]] ^{3}[[POSTSUPERSCRIPT]] x[[UNKNOWN]]
Warning:not_parsed:ADDOP.ID.CLOSE>CLOSE MathParser failed to match rule 'Anything'
	at 0304233.tex; line 341 col 10 - line 345 col 14
	In "$\displaystyle\hskip 56.905512pt+\frac{1}{2}\sum_{A}e^{2\lambda^{A}(\phi)}(%
	\partial_{\mu}\chi^{A}+\cdots)(\partial_{\nu}\chi^{A}+\cdots)\big{)}d^{3}x$"
	+[[ADDOP]] \frac{1}{2}[[UNKNOWN]] ∑[[SUMOP]] _{A}[[POSTSUBSCRIPT]] e[[UNKNOWN]] ^{2\lambda^{A}(\phi)}[[POSTSUPERSCRIPT]] ([[OPEN]] ∂[[OPERATOR]] _{\mu}[[POSTSUBSCRIPT]] χ[[UNKNOWN]] ^{A}[[POSTSUPERSCRIPT]] +[[ADDOP]] ⋯[[ID]] )[[CLOSE]] ([[OPEN]] ∂[[OPERATOR]] _{\nu}[[POSTSUBSCRIPT]] χ[[UNKNOWN]] ^{A}[[POSTSUPERSCRIPT]] +[[ADDOP]] ⋯[[ID]] )[[CLOSE]]
	        > )[[CLOSE]] d[[UNKNOWN]] ^{3}[[POSTSUPERSCRIPT]] x[[UNKNOWN]]
 7.17 sec)
Math parsing succeeded:
   ltx:XMArg: 702/702
   ltx:XMath: 536/540
Symbols assumed as simple identifiers (with # of occurences):
   'A{caligraphic}' (1), 'A{italic}' (60), 'B{italic}' (24), 'C{italic}' (19), 'D{italic}' (57), 'E{caligraphic}' (1), 'E{italic}' (32), 'F{caligraphic}' (8), 'F{italic}' (9), 'Gamma' (1), 'G{caligraphic}' (14), 'G{italic}' (9), 'H{italic}' (4), 'L{caligraphic}' (12), 'L{italic}' (1), 'M{italic}' (3), 'N{italic}' (38), 'O{italic}' (1), 'R{italic}' (4), 'S{italic}' (13), 'U{caligraphic}' (11), 'U{italic}' (4), 'V{italic}' (2), 'W{italic}' (8), 'alpha' (59), 'a{italic}' (4), 'beta' (60), 'b{italic}' (31), 'chi' (14), 'c{italic}' (28), 'delta' (1), 'd{italic}' (23), 'ell' (1), 'e{italic}' (13), 'f{italic}' (10), 'g{italic}' (12), 'i{italic}' (27), 'j{italic}' (8), 'k{italic}' (24), 'lambda' (12), 'l{italic}' (2), 'mu' (2), 'nu' (2), 'n{italic}' (3), 'o{italic}' (12), 'phi' (37), 'r{italic}' (28), 'sigma' (12), 's{italic}' (18), 'theta' (23), 'u{italic}' (15), 'v{italic}' (7), 'w{italic}' (12), 'x{italic}' (5)
Set MATHPARSER_SPECULATE to speculate on possible notations.
(Finalizing... 0.54 sec)
Conversion complete 4 warnings; 1 error; 1 undefined macro[{centering}] (See /home/user/latex-in-arxiv/0304233.latexml.log) (reqd. 17.30s)
