latexmlpost (LaTeXML version 0.8.6) paginating /home/user/latex-in-arxiv/2003/0304035.xml
Error:malformed:document Document fails RelaxNG validation (LaTeXML)
	Validation reports: /home/user/latex-in-arxiv/2003/0304035.xml:0: Relax-NG validity error : Element document has extra content: resource
	(Jing may provide a more precise report; https://relaxng.org/jclark/jing.html)
	In Post::Document[] /home/user/latex-in-arxiv/2003/0304035.xml
(post-processing...
(Scan  processing...
Scan: DBStatus: 3058/0 objects
 0.60 sec)
(MakeBibliography  processing... 0.00 sec)
(CrossRef  processing...
Warning:expected:ids Missing File location for ID: bib.bib31,S3.E4,A1.E14,bib.bib32,bib.bib2,bib.bib30,S3.E23,bib.bib15,bib.bib20,S2.E18,S3.E19,bib.bib22,bib.bib3,S3.E46,bib.bib21,bib.bib13,S3.E41,bib.bib28,bib.bib4,A1.E7,S3.E6,S3.E7,bib.bib19,bib.bib17,S2.E1,bib.bib34,bib.bib24,S3.E20,S3.E66,bib.bib9,bib.bib16,bib.bib8,bib.bib26,S3.E36,S4.E8,bib.bib6,bib.bib14,S3.E47,S3.E18,S4.E1,bib.bib29,bib.bib7,S3.E22,S3.E2,bib.bib36,bib.bib18,A1.E9,S3.E32,S3.E3,S3.E38,bib.bib11,bib.bib23,S3.E44,A1.E12,S3.E53,S4.E3,S3.E40,S2.E7,bib.bib12,bib.bib10,bib.bib35,bib.bib25,bib.bib5,S3.E16,bib.bib1,S2.E13,bib.bib33
	In Post::CrossRef[@0x5653d779e6e0] ->process
Warning:expected:ids Missing Target for Label: LABEL:1.9,LABEL:f3.7a,LABEL:1.3,LABEL:1.8,LABEL:1.5
	In Post::CrossRef[@0x5653d779e6e0] ->process
 0.35 sec)
(MathML::Presentation  607 to process...
converted 607 Maths
 3.10 sec)
(XSLT[using LaTeXML-html5.xsl]  processing... 0.54 sec)
(Writer  processing... 0.01 sec) 4.64 sec)
Postprocessing complete 2 warnings; 1 error (See /home/user/latex-in-arxiv/0304035.latexmlpost.log) (reqd. 4.98s)
