latexmlpost (LaTeXML version 0.8.6) paginating /home/user/latex-in-arxiv/2003/0304020.xml
Error:malformed:document Document fails RelaxNG validation (LaTeXML)
	Validation reports: /home/user/latex-in-arxiv/2003/0304020.xml:0: Relax-NG validity error : Element document has extra content: resource
	(Jing may provide a more precise report; https://relaxng.org/jclark/jing.html)
	In Post::Document[] /home/user/latex-in-arxiv/2003/0304020.xml
(post-processing...
(Scan  processing...
Scan: DBStatus: 2779/0 objects
 0.83 sec)
(MakeBibliography  processing... 0.00 sec)
(CrossRef  processing...
Warning:expected:ids Missing File location for ID: S3.E7,S5.E1,bib.bib11,bib.bib13,S2.E1,bib.bib19,S1.E2,S2.E3,S3.Ex14,Sx2.E22,S5.E18,S3.E4,S3.E2,S2.E5,S2,S3.E12,bib.bib7,S2.E6,Sx2.E25,Sx2.E23,bib.bib21,S5.E13,Sx2.E13,bib.bib3,bib.bib23,S2.E8,S3.Ex12,S4.E2,S5,S4.E4,Sx2.E9,Sx2.E21,bib.bib25,S2.E11,bib.bib27,S3.E5,bib.bib20,S1.E1,bib.bib5,S2.E4,S2.E2,S3.E6,bib.bib16,bib.bib2,S3.E13,bib.bib12,S4.E6,bib.bib8,bib.bib28,bib.bib14,S5.E4,S5.E2,S4.E5,S2.E9,S5.E16,Sx2.E1,S2.E7,bib.bib18,S2.E10,bib.bib24,bib.bib4,S5.E14,Sx2.E27,S4.E3,S4.E1,bib.bib1,S3.E21,bib.bib26,bib.bib22,S2.E14,S3.E3,S5.E15,bib.bib10,bib.bib9,bib.bib17,bib.bib6,bib.bib15
	In Post::CrossRef[@0x560350c07fb8] ->process
Warning:expected:ids Missing Target for Label: LABEL:Ups10,LABEL:con03,LABEL:cart2,LABEL:con2,LABEL:qeqdet3,LABEL:Ups00,LABEL:firsttab,LABEL:genr,LABEL:H1,LABEL:set2,LABEL:Ups0,LABEL:con5,LABEL:cart3,LABEL:Lam,LABEL:Ups11
	In Post::CrossRef[@0x560350c07fb8] ->process
 0.58 sec)
(SVG  22 to process...
(Loading compiled schema /usr/share/perl5/LaTeXML/resources/RelaxNG/LaTeXML.model... 0.01 sec) 0.06 sec)
(MathML::Presentation  1043 to process...
converted 1043 Maths
 5.19 sec)
(XSLT[using LaTeXML-html5.xsl]  processing... 0.79 sec)
(Writer  processing... 0.01 sec) 7.51 sec)
Postprocessing complete 2 warnings; 1 error (See /home/user/latex-in-arxiv/0304020.latexmlpost.log) (reqd. 7.90s)
