latexml (LaTeXML version 0.8.6) processing 2003/0304084.tex
(Digesting TeX 0304084...
(Loading /usr/share/perl5/LaTeXML/Package/TeX.pool.ltxml...
(Loading /usr/share/perl5/LaTeXML/Package/eTeX.pool.ltxml... 0.02 sec)
(Loading /usr/share/perl5/LaTeXML/Package/pdfTeX.pool.ltxml... 0.03 sec) 0.63 sec)
(Processing content /home/user/latex-in-arxiv/2003/0304084.tex...
(Loading /usr/share/perl5/LaTeXML/Package/LaTeX.pool.ltxml...
(Loading /usr/share/perl5/LaTeXML/Package/textcomp.sty.ltxml...
(Processing definitions /usr/share/texlive/texmf-dist/tex/latex-dev/base/ts1enc.dfu... 0.12 sec) 5.05 sec) 5.97 sec)
Info:unexpected:\documentstyle Entering LaTeX 2.09 Compatibility mode
	at 0304084.tex; line 2 col 0 - line 2 col 35
(Loading /usr/share/perl5/LaTeXML/Package/article.cls.ltxml... 0.05 sec)
(Loading /usr/share/perl5/LaTeXML/Package/psfig.sty.ltxml...
(Loading /usr/share/perl5/LaTeXML/Package/epsfig.sty.ltxml...
(Loading /usr/share/perl5/LaTeXML/Package/graphicx.sty.ltxml...
(Loading /usr/share/perl5/LaTeXML/Package/graphics.sty.ltxml... 0.03 sec) 0.06 sec) 0.14 sec) 0.16 sec) 14.24 sec) 14.90 sec)
(Building...
(Loading compiled schema /usr/share/perl5/LaTeXML/resources/RelaxNG/LaTeXML.model... 0.02 sec)
Info:malformed:id Duplicated attribute xml:id
	at 0304084.tex; line 174 col 0 - line 174 col 44
	Using id='S0.E7a' on <ltx:XMRow _box="Alignment[]" _font="Font[math,medium,italic,10,bla..."/>
	id='S0.E7' already set on <ltx:equation _box="LaTeXML::Core::Alignment=HASH(..." _font="Font[serif,medium,upright,10,b..." xml:id="S0.E7" _ID_counter_m_="3">...
 8.07 sec)
(Rewriting... 0.23 sec)
(Math Parsing 252 formulae ...... 8.20 sec)
Math parsing succeeded:
   ltx:XMWrap: 0/2
   ltx:XMArg: 563/563
   ltx:XMath: 270/270
Symbols assumed as simple identifiers (with # of occurences):
   'A{italic}' (6), 'B{italic}' (8), 'C{italic}' (6), 'D{italic}' (1), 'F{italic}' (2), 'Sigma' (8), 'S{italic}' (10), 'Z{italic}' (1), 'alpha' (64), 'a{italic}' (5), 'beta' (2), 'b{italic}' (6), 'chi' (29), 'c{italic}' (45), 'd{italic}' (31), 'epsilon' (3), 'eta' (7), 'e{italic}' (11), 'f{italic}' (17), 'g{italic}' (17), 'm{italic}' (39), 'n{italic}' (200), 'phi' (2), 'p{italic}' (3), 'sigma' (24), 's{italic}' (6), 't{italic}' (183), 'x{italic}' (4)
Set MATHPARSER_SPECULATE to speculate on possible notations.
(Finalizing... 0.66 sec)
Conversion complete No obvious problems (reqd. 32.86s)
