latexml (LaTeXML version 0.8.6) processing 2003/0304067.tex
(Digesting TeX 0304067...
(Loading /usr/share/perl5/LaTeXML/Package/TeX.pool.ltxml...
(Loading /usr/share/perl5/LaTeXML/Package/eTeX.pool.ltxml... 0.01 sec)
(Loading /usr/share/perl5/LaTeXML/Package/pdfTeX.pool.ltxml... 0.02 sec) 0.28 sec)
(Processing content /home/user/latex-in-arxiv/2003/0304067.tex...
(Loading /usr/share/perl5/LaTeXML/Package/LaTeX.pool.ltxml...
(Loading /usr/share/perl5/LaTeXML/Package/textcomp.sty.ltxml...
(Processing definitions /usr/share/texlive/texmf-dist/tex/latex-dev/base/ts1enc.dfu... 0.05 sec) 2.15 sec) 2.55 sec)
(Loading /usr/share/perl5/LaTeXML/Package/article.cls.ltxml... 0.02 sec) 7.63 sec) 7.94 sec)
(Building...
(Loading compiled schema /usr/share/perl5/LaTeXML/resources/RelaxNG/LaTeXML.model... 0.02 sec) 6.34 sec)
(Rewriting... 0.15 sec)
(Math Parsing 190 formulae ......
Warning:not_parsed:UNKNOWN.POSTSUBSCRIPT>FLOATSUPERSCRIPT MathParser failed to match rule 'Anything'
	at 0304067.tex; line 48 col 18 - line 48 col 27
	In "$e_{\mu}{}^{a}$"
	e[[UNKNOWN]] _{\mu}[[POSTSUBSCRIPT]]
	        > {}^{a}[[FLOATSUPERSCRIPT]]
Warning:not_parsed:UNKNOWN.POSTSUBSCRIPT>FLOATSUPERSCRIPT MathParser failed to match rule 'Anything'
	at 0304067.tex; line 49 col 7 - line 49 col 21
	In "$\omega_{\mu}{}^{[ab]}$"
	ω[[UNKNOWN]] _{\mu}[[POSTSUBSCRIPT]]
	        > {}^{[ab]}[[FLOATSUPERSCRIPT]]
Warning:not_parsed:UNKNOWN.POSTSUBSCRIPT>FLOATSUPERSCRIPT MathParser failed to match rule 'Anything'
	at 0304067.tex; line 50 col 43 - line 50 col 59
	In "$T_{[\mu\nu]}{}^{a}$"
	T[[UNKNOWN]] _{[\mu\nu]}[[POSTSUBSCRIPT]]
	        > {}^{a}[[FLOATSUPERSCRIPT]]
Warning:not_parsed:UNKNOWN.POSTSUBSCRIPT>FLOATSUPERSCRIPT MathParser failed to match rule 'Anything'
	at 0304067.tex; line 51 col 2 - line 51 col 23
	In "$R_{[\mu\nu]}{}^{[ab]}$"
	R[[UNKNOWN]] _{[\mu\nu]}[[POSTSUBSCRIPT]]
	        > {}^{[ab]}[[FLOATSUPERSCRIPT]]
Warning:not_parsed:RELOP.UNKNOWN.POSTSUBSCRIPT>FLOATSUPERSCRIPT MathParser failed to match rule 'Anything'
	at 0304067.tex; line 74 col 54 - line 74 col 69
	In "$h=h_{\mu}{}^{\mu}$"
	h[[UNKNOWN]] =[[RELOP]] h[[UNKNOWN]] _{\mu}[[POSTSUBSCRIPT]]
	        > {}^{\mu}[[FLOATSUPERSCRIPT]]
Warning:not_parsed:RELOP.UNKNOWN.POSTSUBSCRIPT>FLOATSUPERSCRIPT MathParser failed to match rule 'Anything'
	at 0304067.tex; line 101 col 8 - line 101 col 32
	In "$T_{\mu}=T_{\mu\nu}{}^{\nu}$"
	T[[UNKNOWN]] _{\mu}[[POSTSUBSCRIPT]] =[[RELOP]] T[[UNKNOWN]] _{\mu\nu}[[POSTSUBSCRIPT]]
	        > {}^{\nu}[[FLOATSUPERSCRIPT]]
Warning:not_parsed:POSTSUBSCRIPT.UNKNOWN.ADDOP>ADDOP MathParser failed to match rule 'Anything'
	at 0304067.tex; line 107 col 1 - line 107 col 1
	In "$\displaystyle{\cal L}=\frac{1+2a_{1}}{4}\partial^{\mu}h^{\nu\alpha}\partial_{%
	\mu}h_{\nu\alpha}-\frac{1+2a_{1}-2a_{2}}{4}(\partial f)^{\mu}(\partial f)_{\mu%
	}-a_{2}(\partial f)^{\mu}\partial_{\mu}f+\frac{a_{2}}{2}\partial^{\mu}f%
	\partial_{\mu}f++\frac{1-2a_{1}}{4}\partial^{\mu}B^{\nu\alpha}\partial_{\mu}B_%
	{\nu\alpha}-\frac{1-6a_{1}-2a_{2}}{4}(\partial B)^{\mu}(\partial B)_{\mu}--%
	\frac{1+2a_{1}+2a_{2}}{2}(\partial f)^{\mu}(\partial B)_{\mu}\@@ENDINLINEMATH"
	L[[UNKNOWN]] =[[RELOP]] \frac{1+2a_{1}}{4}[[UNKNOWN]] ∂[[OPERATOR]] ^{\mu}[[POSTSUPERSCRIPT]] h[[UNKNOWN]] ^{\nu\alpha}[[POSTSUPERSCRIPT]] ∂[[OPERATOR]] _{\mu}[[POSTSUBSCRIPT]] h[[UNKNOWN]] _{\nu\alpha}[[POSTSUBSCRIPT]] -[[ADDOP]] \frac{1+2a_{1}-2a_{2}}{4}[[UNKNOWN]] ([[OPEN]] ∂[[OPERATOR]] f[[UNKNOWN]] )[[CLOSE]] ^{\mu}[[POSTSUPERSCRIPT]] ([[OPEN]] ∂[[OPERATOR]] f[[UNKNOWN]] )[[CLOSE]] _{\mu}[[POSTSUBSCRIPT]] -[[ADDOP]] a[[UNKNOWN]] _{2}[[POSTSUBSCRIPT]] ([[OPEN]] ∂[[OPERATOR]] f[[UNKNOWN]] )[[CLOSE]] ^{\mu}[[POSTSUPERSCRIPT]] ∂[[OPERATOR]] _{\mu}[[POSTSUBSCRIPT]] f[[UNKNOWN]] +[[ADDOP]] \frac{a_{2}}{2}[[UNKNOWN]] ∂[[OPERATOR]] ^{\mu}[[POSTSUPERSCRIPT]] f[[UNKNOWN]] ∂[[OPERATOR]] _{\mu}[[POSTSUBSCRIPT]] f[[UNKNOWN]] +[[ADDOP]]
	        > +[[ADDOP]] \frac{1-2a_{1}}{4}[[UNKNOWN]] ∂[[OPERATOR]] ^{\mu}[[POSTSUPERSCRIPT]] B[[UNKNOWN]] ^{\nu\alpha}[[POSTSUPERSCRIPT]] ∂[[OPERATOR]] _{\mu}[[POSTSUBSCRIPT]] B[[UNKNOWN]] _{\nu\alpha}[[POSTSUBSCRIPT]] -[[ADDOP]] \frac{1-6a_{1}-2a_{2}}{4}[[UNKNOWN]] ([[OPEN]] ∂[[OPERATOR]] B[[UNKNOWN]] )[[CLOSE]] ^{\mu}[[POSTSUPERSCRIPT]] ([[OPEN]] ∂[[OPERATOR]] B[[UNKNOWN]] )[[CLOSE]] _{\mu}[[POSTSUBSCRIPT]] -[[ADDOP]] -[[ADDOP]] \frac{1+2a_{1}+2a_{2}}{2}[[UNKNOWN]] ([[OPEN]] ∂[[OPERATOR]] f[[UNKNOWN]] )[[CLOSE]] ^{\mu}[[POSTSUPERSCRIPT]] ([[OPEN]] ∂[[OPERATOR]] B[[UNKNOWN]] )[[CLOSE]] _{\mu}[[POSTSUBSCRIPT]]
Warning:not_parsed:POSTSUBSCRIPT.RELOP.ATOM>OPEN MathParser failed to match rule 'Anything'
	at 0304067.tex; line 177 col 0 - line 182 col 14
	In "\begin{equation}{\cal L}_{I}=\frac{1}{2}\left\{\phantom{|}{}^{\mu\nu}_{ab}%
	\right\}\omega_{\mu}{}^{ac}\omega_{\nu}{}^{bc}-\frac{1}{2}\left\{\phantom{|}{}%
	^{\mu\nu\alpha}_{abc}\right\}\omega_{\mu}{}^{ab}\partial_{\nu}h_{\alpha}{}^{c}\end{equation}"
	L[[UNKNOWN]] _{I}[[POSTSUBSCRIPT]] =[[RELOP]] \frac{1}{2}[[UNKNOWN]]
	        > \left\{[[OPEN]] {}^{\mu\nu}[[FLOATSUPERSCRIPT]] _{ab}[[POSTSUBSCRIPT]] \right\}[[CLOSE]] ω[[UNKNOWN]] _{\mu}[[POSTSUBSCRIPT]] {}^{ac}[[FLOATSUPERSCRIPT]] ω[[UNKNOWN]] _{\nu}[[POSTSUBSCRIPT]] {}^{bc}[[FLOATSUPERSCRIPT]] -[[ADDOP]] \frac{1}{2}[[UNKNOWN]] \left\{[[OPEN]] {}^{\mu\nu\alpha}[[FLOATSUPERSCRIPT]] _{abc}[[POSTSUBSCRIPT]] \right\}[[CLOSE]] ω[[UNKNOWN]] _{\mu}[[POSTSUBSCRIPT]] {}^{ab}[[FLOATSUPERSCRIPT]] ∂[[OPERATOR]] _{\nu}[[POSTSUBSCRIPT]] h[[UNKNOWN]] _{\alpha}[[POSTSUBSCRIPT]] {}^{c}[[FLOATSUPERSCRIPT]]
Warning:not_parsed:>OPEN MathParser failed to match rule 'Anything'
	at 0304067.tex; line 184 col 0 - line 187 col 2
	In "$$\left\{\phantom{|}{}^{\mu\nu}_{ab}\right\}=\delta_{a}{}^{\mu}\delta_{b}{}^{%
	\nu}-\delta_{a}{}^{\nu}\delta_{b}{}^{\mu}$$"
	> \left\{[[OPEN]] {}^{\mu\nu}[[FLOATSUPERSCRIPT]] _{ab}[[POSTSUBSCRIPT]] \right\}[[CLOSE]] =[[RELOP]] δ[[UNKNOWN]] _{a}[[POSTSUBSCRIPT]] {}^{\mu}[[FLOATSUPERSCRIPT]] δ[[UNKNOWN]] _{b}[[POSTSUBSCRIPT]] {}^{\nu}[[FLOATSUPERSCRIPT]] -[[ADDOP]] δ[[UNKNOWN]] _{a}[[POSTSUBSCRIPT]] {}^{\nu}[[FLOATSUPERSCRIPT]] δ[[UNKNOWN]] _{b}[[POSTSUBSCRIPT]] {}^{\mu}[[FLOATSUPERSCRIPT]]
Warning:not_parsed:UNKNOWN.POSTSUBSCRIPT>FLOATSUPERSCRIPT MathParser failed to match rule 'Anything'
	at 0304067.tex; line 199 col 0 - line 202 col 14
	In "\begin{equation}f_{\mu}{}^{a}=\frac{1}{2}\varepsilon^{abc}\omega_{\mu,bc},%
	\qquad\eta^{a}=\frac{1}{2}\varepsilon^{abc}\eta_{c}\end{equation}"
	f[[UNKNOWN]] _{\mu}[[POSTSUBSCRIPT]]
	        > {}^{a}[[FLOATSUPERSCRIPT]] =[[RELOP]] \frac{1}{2}[[UNKNOWN]] ε[[UNKNOWN]] ^{abc}[[POSTSUPERSCRIPT]] ω[[UNKNOWN]] _{\mu,bc}[[POSTSUBSCRIPT]] ,[[PUNCT]] η[[UNKNOWN]] ^{a}[[POSTSUPERSCRIPT]] =[[RELOP]] \frac{1}{2}[[UNKNOWN]] ε[[UNKNOWN]] ^{abc}[[POSTSUPERSCRIPT]] η[[UNKNOWN]] _{c}[[POSTSUBSCRIPT]]
Warning:not_parsed:RELOP.ADDOP.ATOM>OPEN MathParser failed to match rule 'Anything'
	at 0304067.tex; line 204 col 0 - line 208 col 14
	In "\begin{equation}{\cal L}=-\frac{1}{2}\left\{\phantom{|}{}^{\mu\nu}_{ab}\right%
	\}f_{\mu}{}^{a}f_{\nu}{}^{b}+\varepsilon^{\mu\nu\alpha}f_{\mu}{}^{a}\partial_{%
	\nu}h_{\alpha}{}^{a}\end{equation}"
	L[[UNKNOWN]] =[[RELOP]] -[[ADDOP]] \frac{1}{2}[[UNKNOWN]]
	        > \left\{[[OPEN]] {}^{\mu\nu}[[FLOATSUPERSCRIPT]] _{ab}[[POSTSUBSCRIPT]] \right\}[[CLOSE]] f[[UNKNOWN]] _{\mu}[[POSTSUBSCRIPT]] {}^{a}[[FLOATSUPERSCRIPT]] f[[UNKNOWN]] _{\nu}[[POSTSUBSCRIPT]] {}^{b}[[FLOATSUPERSCRIPT]] +[[ADDOP]] ε[[UNKNOWN]] ^{\mu\nu\alpha}[[POSTSUPERSCRIPT]] f[[UNKNOWN]] _{\mu}[[POSTSUBSCRIPT]] {}^{a}[[FLOATSUPERSCRIPT]] ∂[[OPERATOR]] _{\nu}[[POSTSUBSCRIPT]] h[[UNKNOWN]] _{\alpha}[[POSTSUBSCRIPT]] {}^{a}[[FLOATSUPERSCRIPT]]
Warning:not_parsed:UNKNOWN.UNKNOWN.POSTSUBSCRIPT>FLOATSUPERSCRIPT MathParser failed to match rule 'Anything'
	at 0304067.tex; line 210 col 0 - line 213 col 2
	In "$$\delta f_{\mu}{}^{a}=\partial_{\mu}\eta^{a}\qquad\delta h_{\mu a}=-%
	\varepsilon_{\mu ab}\eta^{b}$$"
	δ[[UNKNOWN]] f[[UNKNOWN]] _{\mu}[[POSTSUBSCRIPT]]
	        > {}^{a}[[FLOATSUPERSCRIPT]] =[[RELOP]] ∂[[OPERATOR]] _{\mu}[[POSTSUBSCRIPT]] η[[UNKNOWN]] ^{a}[[POSTSUPERSCRIPT]] $$\deltaf_{\mu}{}^{a}=\partial_{\mu}\eta^{a}\qquad\deltah_{\mua}=-\varepsilon_{\muab}\eta^{b}$$[[PUNCT]] δ[[UNKNOWN]] h[[UNKNOWN]] _{\mua}[[POSTSUBSCRIPT]] =[[RELOP]] -[[ADDOP]] ε[[UNKNOWN]] _{\muab}[[POSTSUBSCRIPT]] η[[UNKNOWN]] ^{b}[[POSTSUPERSCRIPT]]
Warning:not_parsed:FLOATSUPERSCRIPT.UNKNOWN.POSTSUBSCRIPT>FLOATSUPERSCRIPT MathParser failed to match rule 'Anything'
	at 0304067.tex; line 216 col 0 - line 220 col 14
	In "\begin{equation}{\cal L}_{int}=\frac{\kappa}{6}\varepsilon^{\mu\nu\alpha}%
	\varepsilon_{abc}f_{\mu}{}^{a}f_{\nu}{}^{b}f_{\alpha}{}^{c}\qquad\delta_{1}h_{%
	\alpha b}=\kappa\varepsilon_{abc}f_{\alpha}{}^{a}\eta^{c}\end{equation}"
	L[[UNKNOWN]] _{int}[[POSTSUBSCRIPT]] =[[RELOP]] \frac{\kappa}{6}[[UNKNOWN]] ε[[UNKNOWN]] ^{\mu\nu\alpha}[[POSTSUPERSCRIPT]] ε[[UNKNOWN]] _{abc}[[POSTSUBSCRIPT]] f[[UNKNOWN]] _{\mu}[[POSTSUBSCRIPT]] {}^{a}[[FLOATSUPERSCRIPT]] f[[UNKNOWN]] _{\nu}[[POSTSUBSCRIPT]] {}^{b}[[FLOATSUPERSCRIPT]] f[[UNKNOWN]] _{\alpha}[[POSTSUBSCRIPT]]
	        > {}^{c}[[FLOATSUPERSCRIPT]] \begin{equation}{\calL}_{int}=\frac{\kappa}{6}\varepsilon^{\mu\nu\alpha}\varepsilon_{abc}f_{\mu}{}^{a}f_{\nu}{}^{b}f_{\alpha}{}^{c}\qquad\delta_{1}h_{\alphab}=\kappa\varepsilon_{abc}f_{\alpha}{}^{a}\eta^{c}\end{equation}[[PUNCT]] δ[[UNKNOWN]] _{1}[[POSTSUBSCRIPT]] h[[UNKNOWN]] _{\alphab}[[POSTSUBSCRIPT]] =[[RELOP]] κ[[UNKNOWN]] ε[[UNKNOWN]] _{abc}[[POSTSUBSCRIPT]] f[[UNKNOWN]] _{\alpha}[[POSTSUBSCRIPT]] {}^{a}[[FLOATSUPERSCRIPT]] η[[UNKNOWN]] ^{c}[[POSTSUPERSCRIPT]]
Warning:not_parsed:OPEN.UNKNOWN> MathParser failed to match rule 'Subscript'
	at 0304067.tex; line 254 col 40 - line 254 col 40
	In "$$T_{\mu\nu\alpha,\beta}=\partial_{[\mu}\Phi_{\nu\alpha],\beta}$$"
	[[[OPEN]] μ[[UNKNOWN]]
	        > 
Warning:not_parsed:UNKNOWN.UNKNOWN>CLOSE MathParser failed to match rule 'Subscript'
	at 0304067.tex; line 254 col 0 - line 254 col 64
	ν[[UNKNOWN]] α[[UNKNOWN]]
	        > ][[CLOSE]] ,[[PUNCT]] β[[UNKNOWN]]
Warning:not_parsed:ATOM.POSTSUBSCRIPT.ADDOP>ADDOP MathParser failed to match rule 'Anything'
	at 0304067.tex; line 272 col 1 - line 272 col 1
	In "$\displaystyle{\cal L}=-\frac{2-a_{1}}{4}\partial^{\mu}\hat{\Phi}^{\alpha\beta%
	,\nu}\partial_{\mu}\hat{\Phi}_{\alpha\beta,\nu}+\frac{a_{2}}{4}\partial_{\mu}%
	\hat{\Phi}^{\alpha\beta,\mu}\partial_{\nu}\hat{\Phi}_{\alpha\beta,\nu}+\frac{2%
	-a_{1}}{2}\partial_{\mu}\hat{\Phi}^{\mu\alpha,\beta}\partial^{\nu}\hat{\Phi}_{%
	\nu\alpha,\beta}++a_{2}\partial_{\mu}\hat{\Phi}^{\alpha\beta,\mu}\partial_{%
	\alpha}\hat{\Phi}_{\beta}+\frac{a_{2}}{2}\partial^{\alpha}\hat{\Phi}^{\beta}%
	\partial_{\alpha}\hat{\Phi}_{\beta}-\frac{a_{2}}{2}(\partial\hat{\Phi})(%
	\partial\hat{\Phi})--\frac{1+a_{1}}{2}\partial^{\mu}C^{\nu\alpha\beta}\partial%
	_{\mu}C_{\nu\alpha\beta}+\frac{4+7a_{1}+a_{2}}{4}(\partial C)_{\alpha\beta}{}^%
	{2}++\frac{a_{1}+a_{2}-2}{2}\partial^{\mu}\hat{\Phi}^{\alpha\beta,\mu}(%
	\partial C)_{\alpha\beta}\@@ENDINLINEMATH"
	L[[UNKNOWN]] =[[RELOP]] -[[ADDOP]] \frac{2-a_{1}}{4}[[UNKNOWN]] ∂[[OPERATOR]] ^{\mu}[[POSTSUPERSCRIPT]] \hat{\Phi}[[UNKNOWN]] ^{\alpha\beta,\nu}[[POSTSUPERSCRIPT]] ∂[[OPERATOR]] _{\mu}[[POSTSUBSCRIPT]] \hat{\Phi}[[UNKNOWN]] _{\alpha\beta,\nu}[[POSTSUBSCRIPT]] +[[ADDOP]] \frac{a_{2}}{4}[[UNKNOWN]] ∂[[OPERATOR]] _{\mu}[[POSTSUBSCRIPT]] \hat{\Phi}[[UNKNOWN]] ^{\alpha\beta,\mu}[[POSTSUPERSCRIPT]] ∂[[OPERATOR]] _{\nu}[[POSTSUBSCRIPT]] \hat{\Phi}[[UNKNOWN]] _{\alpha\beta,\nu}[[POSTSUBSCRIPT]] +[[ADDOP]] \frac{2-a_{1}}{2}[[UNKNOWN]] ∂[[OPERATOR]] _{\mu}[[POSTSUBSCRIPT]] \hat{\Phi}[[UNKNOWN]] ^{\mu\alpha,\beta}[[POSTSUPERSCRIPT]] ∂[[OPERATOR]] ^{\nu}[[POSTSUPERSCRIPT]] \hat{\Phi}[[UNKNOWN]] _{\nu\alpha,\beta}[[POSTSUBSCRIPT]] +[[ADDOP]]
	        > +[[ADDOP]] a[[UNKNOWN]] _{2}[[POSTSUBSCRIPT]] ∂[[OPERATOR]] _{\mu}[[POSTSUBSCRIPT]] \hat{\Phi}[[UNKNOWN]] ^{\alpha\beta,\mu}[[POSTSUPERSCRIPT]] ∂[[OPERATOR]] _{\alpha}[[POSTSUBSCRIPT]] \hat{\Phi}[[UNKNOWN]] _{\beta}[[POSTSUBSCRIPT]] +[[ADDOP]] \frac{a_{2}}{2}[[UNKNOWN]] ∂[[OPERATOR]] ^{\alpha}[[POSTSUPERSCRIPT]] \hat{\Phi}[[UNKNOWN]] ^{\beta}[[POSTSUPERSCRIPT]] ∂[[OPERATOR]] _{\alpha}[[POSTSUBSCRIPT]] \hat{\Phi}[[UNKNOWN]] _{\beta}[[POSTSUBSCRIPT]] -[[ADDOP]] \frac{a_{2}}{2}[[UNKNOWN]] ([[OPEN]] ∂[[OPERATOR]] \hat{\Phi}[[UNKNOWN]] )[[CLOSE]] ([[OPEN]] ∂[[OPERATOR]] \hat{\Phi}[[UNKNOWN]] )[[CLOSE]] -[[ADDOP]] -[[ADDOP]] \frac{1+a_{1}}{2}[[UNKNOWN]] ∂[[OPERATOR]] ^{\mu}[[POSTSUPERSCRIPT]] C[[UNKNOWN]] ^{\nu\alpha\beta}[[POSTSUPERSCRIPT]] ∂[[OPERATOR]] _{\mu}[[POSTSUBSCRIPT]] C[[UNKNOWN]] _{\nu\alpha\beta}[[POSTSUBSCRIPT]] +[[ADDOP]] \frac{4+7a_{1}+a_{2}}{4}[[UNKNOWN]] ([[OPEN]] ∂[[OPERATOR]] C[[UNKNOWN]] )[[CLOSE]] _{\alpha\beta}[[POSTSUBSCRIPT]] {}^{2}[[FLOATSUPERSCRIPT]] +[[ADDOP]] ...
Warning:not_parsed:UNKNOWN.CLOSE.POSTSUBSCRIPT>FLOATSUPERSCRIPT MathParser failed to match rule 'Anything'
	at 0304067.tex; line 282 col 5 - line 285 col 2
	In "$\displaystyle-\frac{1+a_{1}}{2}\partial^{\mu}C^{\nu\alpha\beta}\partial_{\mu}%
	C_{\nu\alpha\beta}+\frac{4+7a_{1}+a_{2}}{4}(\partial C)_{\alpha\beta}{}^{2}+$"
	-[[ADDOP]] \frac{1+a_{1}}{2}[[UNKNOWN]] ∂[[OPERATOR]] ^{\mu}[[POSTSUPERSCRIPT]] C[[UNKNOWN]] ^{\nu\alpha\beta}[[POSTSUPERSCRIPT]] ∂[[OPERATOR]] _{\mu}[[POSTSUBSCRIPT]] C[[UNKNOWN]] _{\nu\alpha\beta}[[POSTSUBSCRIPT]] +[[ADDOP]] \frac{4+7a_{1}+a_{2}}{4}[[UNKNOWN]] ([[OPEN]] ∂[[OPERATOR]] C[[UNKNOWN]] )[[CLOSE]] _{\alpha\beta}[[POSTSUBSCRIPT]]
	        > {}^{2}[[FLOATSUPERSCRIPT]] +[[ADDOP]]
Warning:not_parsed:UNKNOWN.UNKNOWN.POSTSUBSCRIPT>FLOATSUPERSCRIPT MathParser failed to match rule 'Anything'
	at 0304067.tex; line 323 col 0 - line 327 col 14
	In "\begin{equation}\delta\Omega_{\mu}{}^{\nu\alpha\beta}=\partial_{\mu}\eta^{\nu%
	\alpha\beta}\qquad\delta\Phi_{\mu\nu,\alpha}=\eta_{\mu\nu\alpha}\end{equation}"
	δ[[UNKNOWN]] Ω[[UNKNOWN]] _{\mu}[[POSTSUBSCRIPT]]
	        > {}^{\nu\alpha\beta}[[FLOATSUPERSCRIPT]] =[[RELOP]] ∂[[OPERATOR]] _{\mu}[[POSTSUBSCRIPT]] η[[UNKNOWN]] ^{\nu\alpha\beta}[[POSTSUPERSCRIPT]] \begin{equation}\delta\Omega_{\mu}{}^{\nu\alpha\beta}=\partial_{\mu}\eta^{\nu\alpha\beta}\qquad\delta\Phi_{\mu\nu,\alpha}=\eta_{\mu\nu\alpha}\end{equation}[[PUNCT]] δ[[UNKNOWN]] Φ[[UNKNOWN]] _{\mu\nu,\alpha}[[POSTSUBSCRIPT]] =[[RELOP]] η[[UNKNOWN]] _{\mu\nu\alpha}[[POSTSUBSCRIPT]]
Warning:not_parsed:RELOP.ADDOP.ATOM>OPEN MathParser failed to match rule 'Anything'
	at 0304067.tex; line 341 col 0 - line 347 col 14
	In "\begin{equation}{\cal L}=-\frac{1}{4}\left\{\phantom{|}{}^{\mu\nu\alpha\beta}_%
	{abcd}\right\}[3\Omega_{\mu}{}^{aef}\Omega_{\nu}{}^{bef}\delta_{\alpha}{}^{c}%
	\delta_{\beta}{}^{d}-\frac{1}{3}\Omega_{\mu}{}^{abc}T_{\nu\alpha\beta}{}^{d}]\end{equation}"
	L[[UNKNOWN]] =[[RELOP]] -[[ADDOP]] \frac{1}{4}[[UNKNOWN]]
	        > \left\{[[OPEN]] {}^{\mu\nu\alpha\beta}[[FLOATSUPERSCRIPT]] _{abcd}[[POSTSUBSCRIPT]] \right\}[[CLOSE]] [[[OPEN]] 3[[NUMBER]] Ω[[UNKNOWN]] _{\mu}[[POSTSUBSCRIPT]] {}^{aef}[[FLOATSUPERSCRIPT]] Ω[[UNKNOWN]] _{\nu}[[POSTSUBSCRIPT]] {}^{bef}[[FLOATSUPERSCRIPT]] δ[[UNKNOWN]] _{\alpha}[[POSTSUBSCRIPT]] {}^{c}[[FLOATSUPERSCRIPT]] δ[[UNKNOWN]] _{\beta}[[POSTSUBSCRIPT]] {}^{d}[[FLOATSUPERSCRIPT]] -[[ADDOP]] \frac{1}{3}[[UNKNOWN]] Ω[[UNKNOWN]] _{\mu}[[POSTSUBSCRIPT]] {}^{abc}[[FLOATSUPERSCRIPT]] T[[UNKNOWN]] _{\nu\alpha\beta}[[POSTSUBSCRIPT]] {}^{d}[[FLOATSUPERSCRIPT]] ][[CLOSE]]
Warning:not_parsed:UNKNOWN.POSTSUBSCRIPT>FLOATSUPERSCRIPT MathParser failed to match rule 'Anything'
	at 0304067.tex; line 353 col 0 - line 356 col 2
	In "$$f_{\mu}{}^{a}=\frac{1}{6}\varepsilon^{abcd}\Omega_{\mu}{}^{bcd},\qquad\eta^{%
	a}=\frac{1}{6}\varepsilon^{abcd}\eta_{bcd}$$"
	f[[UNKNOWN]] _{\mu}[[POSTSUBSCRIPT]]
	        > {}^{a}[[FLOATSUPERSCRIPT]] =[[RELOP]] \frac{1}{6}[[UNKNOWN]] ε[[UNKNOWN]] ^{abcd}[[POSTSUPERSCRIPT]] Ω[[UNKNOWN]] _{\mu}[[POSTSUBSCRIPT]] {}^{bcd}[[FLOATSUPERSCRIPT]] ,[[PUNCT]] η[[UNKNOWN]] ^{a}[[POSTSUPERSCRIPT]] =[[RELOP]] \frac{1}{6}[[UNKNOWN]] ε[[UNKNOWN]] ^{abcd}[[POSTSUPERSCRIPT]] η[[UNKNOWN]] _{bcd}[[POSTSUBSCRIPT]]
Warning:not_parsed:ATOM.UNKNOWN.POSTSUPERSCRIPT>OPEN MathParser failed to match rule 'Anything'
	at 0304067.tex; line 359 col 0 - line 363 col 14
	In "\begin{equation}{\cal L}=-\frac{1}{2}\varepsilon^{\mu\nu\alpha\beta}[3%
	\varepsilon_{abcd}f_{\mu}{}^{a}f_{\nu}{}^{b}\delta_{\alpha}{}^{c}\delta_{\beta%
	}{}^{d}-f_{\mu}{}^{a}T_{\nu\alpha\beta}{}^{a}]\end{equation}"
	L[[UNKNOWN]] =[[RELOP]] -[[ADDOP]] \frac{1}{2}[[UNKNOWN]] ε[[UNKNOWN]] ^{\mu\nu\alpha\beta}[[POSTSUPERSCRIPT]]
	        > [[[OPEN]] 3[[NUMBER]] ε[[UNKNOWN]] _{abcd}[[POSTSUBSCRIPT]] f[[UNKNOWN]] _{\mu}[[POSTSUBSCRIPT]] {}^{a}[[FLOATSUPERSCRIPT]] f[[UNKNOWN]] _{\nu}[[POSTSUBSCRIPT]] {}^{b}[[FLOATSUPERSCRIPT]] δ[[UNKNOWN]] _{\alpha}[[POSTSUBSCRIPT]] {}^{c}[[FLOATSUPERSCRIPT]] δ[[UNKNOWN]] _{\beta}[[POSTSUBSCRIPT]] {}^{d}[[FLOATSUPERSCRIPT]] -[[ADDOP]] f[[UNKNOWN]] _{\mu}[[POSTSUBSCRIPT]] {}^{a}[[FLOATSUPERSCRIPT]] T[[UNKNOWN]] _{\nu\alpha\beta}[[POSTSUBSCRIPT]] {}^{a}[[FLOATSUPERSCRIPT]] ][[CLOSE]]
Warning:not_parsed:UNKNOWN.UNKNOWN.POSTSUBSCRIPT>FLOATSUPERSCRIPT MathParser failed to match rule 'Anything'
	at 0304067.tex; line 365 col 0 - line 368 col 2
	In "$$\delta f_{\mu}{}^{a}=\partial_{\mu}\eta^{a}\qquad\delta\Phi_{\mu\nu,c}=%
	\varepsilon_{\mu\nu cd}\eta^{d}$$"
	δ[[UNKNOWN]] f[[UNKNOWN]] _{\mu}[[POSTSUBSCRIPT]]
	        > {}^{a}[[FLOATSUPERSCRIPT]] =[[RELOP]] ∂[[OPERATOR]] _{\mu}[[POSTSUBSCRIPT]] η[[UNKNOWN]] ^{a}[[POSTSUPERSCRIPT]] $$\deltaf_{\mu}{}^{a}=\partial_{\mu}\eta^{a}\qquad\delta\Phi_{\mu\nu,c}=\varepsilon_{\mu\nucd}\eta^{d}$$[[PUNCT]] δ[[UNKNOWN]] Φ[[UNKNOWN]] _{\mu\nu,c}[[POSTSUBSCRIPT]] =[[RELOP]] ε[[UNKNOWN]] _{\mu\nucd}[[POSTSUBSCRIPT]] η[[UNKNOWN]] ^{d}[[POSTSUPERSCRIPT]]
Warning:not_parsed:OPEN.UNKNOWN> MathParser failed to match rule 'Subscript'
	at 0304067.tex; line 375 col 62 - line 375 col 62
	In "\begin{equation}{\cal L}_{1}=\frac{\kappa}{4}\varepsilon^{\mu\nu\alpha\beta}%
	\varepsilon_{abcd}f_{\mu}{}^{a}f_{\nu}{}^{b}f_{\alpha}{}^{c}\delta_{\beta}{}^{%
	d}\qquad\delta_{1}\Phi_{\mu\nu,c}=\frac{\kappa}{2}f_{[\alpha}{}^{a}\delta_{%
	\beta]}{}^{b}\varepsilon_{abcd}\eta^{d}\end{equation}"
	[[[OPEN]] α[[UNKNOWN]]
	        > 
Warning:not_parsed:UNKNOWN>CLOSE MathParser failed to match rule 'Subscript'
	at 0304067.tex; line 376 col 15 - line 376 col 15
	β[[UNKNOWN]]
	        > ][[CLOSE]]
Warning:not_parsed:FLOATSUPERSCRIPT.UNKNOWN.POSTSUBSCRIPT>FLOATSUPERSCRIPT MathParser failed to match rule 'Anything'
	at 0304067.tex; line 372 col 0 - line 377 col 14
	L[[UNKNOWN]] _{1}[[POSTSUBSCRIPT]] =[[RELOP]] \frac{\kappa}{4}[[UNKNOWN]] ε[[UNKNOWN]] ^{\mu\nu\alpha\beta}[[POSTSUPERSCRIPT]] ε[[UNKNOWN]] _{abcd}[[POSTSUBSCRIPT]] f[[UNKNOWN]] _{\mu}[[POSTSUBSCRIPT]] {}^{a}[[FLOATSUPERSCRIPT]] f[[UNKNOWN]] _{\nu}[[POSTSUBSCRIPT]] {}^{b}[[FLOATSUPERSCRIPT]] f[[UNKNOWN]] _{\alpha}[[POSTSUBSCRIPT]] {}^{c}[[FLOATSUPERSCRIPT]] δ[[UNKNOWN]] _{\beta}[[POSTSUBSCRIPT]]
	        > {}^{d}[[FLOATSUPERSCRIPT]] \begin{equation}{\calL}_{1}=\frac{\kappa}{4}\varepsilon^{\mu\nu\alpha\beta}\varepsilon_{abcd}f_{\mu}{}^{a}f_{\nu}{}^{b}f_{\alpha}{}^{c}\delta_{\beta}{}^{d}\qquad\delta_{1}\Phi_{\mu\nu,c}=\frac{\kappa}{2}f_{[\alpha}{}^{a}\delta_{\beta]}{}^{b}\varepsilon_{abcd}\eta^{d}\end{equation}[[PUNCT]] δ[[UNKNOWN]] _{1}[[POSTSUBSCRIPT]] Φ[[UNKNOWN]] _{\mu\nu,c}[[POSTSUBSCRIPT]] =[[RELOP]] \frac{\kappa}{2}[[UNKNOWN]] f[[UNKNOWN]] _{[\alpha}[[POSTSUBSCRIPT]] {}^{a}[[FLOATSUPERSCRIPT]] δ[[UNKNOWN]] _{\beta]}[[POSTSUBSCRIPT]] {}^{b}[[FLOATSUPERSCRIPT]] ε[[UNKNOWN]] _{abcd}[[POSTSUBSCRIPT]] η[[UNKNOWN]] ^{d}[[POSTSUPERSCRIPT]]
Warning:not_parsed:OPEN.UNKNOWN> MathParser failed to match rule 'Subscript'
	at 0304067.tex; line 380 col 0 - line 380 col 62
	In "$$[\delta_{1},\delta_{2}]\Phi_{\alpha\beta,c}=\partial_{[\alpha}z_{\beta]c},%
	\qquad z_{\beta c}=\frac{\kappa}{2}\varepsilon_{a\beta cd}\eta_{1}{}^{a}\eta_{%
	2}{}^{d}$$"
	[[[OPEN]] α[[UNKNOWN]]
	        > 
Warning:not_parsed:UNKNOWN>CLOSE MathParser failed to match rule 'Subscript'
	at 0304067.tex; line 381 col 11 - line 381 col 11
	β[[UNKNOWN]]
	        > ][[CLOSE]] c[[UNKNOWN]]
Warning:not_parsed:FLOATSUPERSCRIPT.UNKNOWN.POSTSUBSCRIPT>FLOATSUPERSCRIPT MathParser failed to match rule 'Anything'
	at 0304067.tex; line 379 col 0 - line 383 col 2
	[[[OPEN]] δ[[UNKNOWN]] _{1}[[POSTSUBSCRIPT]] ,[[PUNCT]] δ[[UNKNOWN]] _{2}[[POSTSUBSCRIPT]] ][[CLOSE]] Φ[[UNKNOWN]] _{\alpha\beta,c}[[POSTSUBSCRIPT]] =[[RELOP]] ∂[[OPERATOR]] _{[\alpha}[[POSTSUBSCRIPT]] z[[UNKNOWN]] _{\beta]c}[[POSTSUBSCRIPT]] ,[[PUNCT]] z[[UNKNOWN]] _{\betac}[[POSTSUBSCRIPT]] =[[RELOP]] \frac{\kappa}{2}[[UNKNOWN]] ε[[UNKNOWN]] _{a\betacd}[[POSTSUBSCRIPT]] η[[UNKNOWN]] _{1}[[POSTSUBSCRIPT]] {}^{a}[[FLOATSUPERSCRIPT]] η[[UNKNOWN]] _{2}[[POSTSUBSCRIPT]]
	        > {}^{d}[[FLOATSUPERSCRIPT]]
Warning:not_parsed:FLOATSUPERSCRIPT.UNKNOWN.POSTSUBSCRIPT>FLOATSUPERSCRIPT MathParser failed to match rule 'Anything'
	at 0304067.tex; line 390 col 0 - line 395 col 14
	In "\begin{equation}\Delta{\cal L}=-\frac{\kappa_{2}}{8}\varepsilon^{\mu\nu\alpha%
	\beta}\varepsilon_{abcd}f_{\mu}{}^{a}f_{\nu}{}^{b}f_{\alpha}{}^{c}f_{\beta}{}^%
	{d}\qquad\delta\Phi_{\alpha\beta,c}=\kappa_{2}f_{\alpha}{}^{a}f_{\beta}{}^{b}%
	\varepsilon_{abcd}\eta^{d}\end{equation}"
	Δ[[UNKNOWN]] L[[UNKNOWN]] =[[RELOP]] -[[ADDOP]] \frac{\kappa_{2}}{8}[[UNKNOWN]] ε[[UNKNOWN]] ^{\mu\nu\alpha\beta}[[POSTSUPERSCRIPT]] ε[[UNKNOWN]] _{abcd}[[POSTSUBSCRIPT]] f[[UNKNOWN]] _{\mu}[[POSTSUBSCRIPT]] {}^{a}[[FLOATSUPERSCRIPT]] f[[UNKNOWN]] _{\nu}[[POSTSUBSCRIPT]] {}^{b}[[FLOATSUPERSCRIPT]] f[[UNKNOWN]] _{\alpha}[[POSTSUBSCRIPT]] {}^{c}[[FLOATSUPERSCRIPT]] f[[UNKNOWN]] _{\beta}[[POSTSUBSCRIPT]]
	        > {}^{d}[[FLOATSUPERSCRIPT]] \begin{equation}\Delta{\calL}=-\frac{\kappa_{2}}{8}\varepsilon^{\mu\nu\alpha\beta}\varepsilon_{abcd}f_{\mu}{}^{a}f_{\nu}{}^{b}f_{\alpha}{}^{c}f_{\beta}{}^{d}\qquad\delta\Phi_{\alpha\beta,c}=\kappa_{2}f_{\alpha}{}^{a}f_{\beta}{}^{b}\varepsilon_{abcd}\eta^{d}\end{equation}[[PUNCT]] δ[[UNKNOWN]] Φ[[UNKNOWN]] _{\alpha\beta,c}[[POSTSUBSCRIPT]] =[[RELOP]] κ[[UNKNOWN]] _{2}[[POSTSUBSCRIPT]] f[[UNKNOWN]] _{\alpha}[[POSTSUBSCRIPT]] {}^{a}[[FLOATSUPERSCRIPT]] f[[UNKNOWN]] _{\beta}[[POSTSUBSCRIPT]] {}^{b}[[FLOATSUPERSCRIPT]] ε[[UNKNOWN]] _{abcd}[[POSTSUBSCRIPT]] η[[UNKNOWN]] ^{d}[[POSTSUPERSCRIPT]]
Warning:not_parsed:OPEN.UNKNOWN> MathParser failed to match rule 'Subscript'
	at 0304067.tex; line 400 col 18 - line 400 col 18
	In "\begin{equation}[\delta_{1},\delta_{2}]\Phi_{\alpha\beta,c}=\kappa_{2}\partial%
	_{[\alpha}\tilde{z}_{\beta]c}-\kappa_{2}\partial_{[\alpha}f_{\beta]}{}^{a}%
	\varepsilon_{abcd}\eta_{1}{}^{a}\eta_{2}{}^{d}\end{equation}"
	[[[OPEN]] α[[UNKNOWN]]
	        > 
Warning:not_parsed:UNKNOWN>CLOSE MathParser failed to match rule 'Subscript'
	at 0304067.tex; line 400 col 38 - line 400 col 38
	β[[UNKNOWN]]
	        > ][[CLOSE]] c[[UNKNOWN]]
Warning:not_parsed:OPEN.UNKNOWN> MathParser failed to match rule 'Subscript'
	at 0304067.tex; line 400 col 0 - line 400 col 68
	[[[OPEN]] α[[UNKNOWN]]
	        > 
Warning:not_parsed:UNKNOWN>CLOSE MathParser failed to match rule 'Subscript'
	at 0304067.tex; line 401 col 10 - line 401 col 10
	β[[UNKNOWN]]
	        > ][[CLOSE]]
Warning:not_parsed:FLOATSUPERSCRIPT.UNKNOWN.POSTSUBSCRIPT>FLOATSUPERSCRIPT MathParser failed to match rule 'Anything'
	at 0304067.tex; line 398 col 0 - line 402 col 14
	[[[OPEN]] δ[[UNKNOWN]] _{1}[[POSTSUBSCRIPT]] ,[[PUNCT]] δ[[UNKNOWN]] _{2}[[POSTSUBSCRIPT]] ][[CLOSE]] Φ[[UNKNOWN]] _{\alpha\beta,c}[[POSTSUBSCRIPT]] =[[RELOP]] κ[[UNKNOWN]] _{2}[[POSTSUBSCRIPT]] ∂[[OPERATOR]] _{[\alpha}[[POSTSUBSCRIPT]] \tilde{z}[[UNKNOWN]] _{\beta]c}[[POSTSUBSCRIPT]] -[[ADDOP]] κ[[UNKNOWN]] _{2}[[POSTSUBSCRIPT]] ∂[[OPERATOR]] _{[\alpha}[[POSTSUBSCRIPT]] f[[UNKNOWN]] _{\beta]}[[POSTSUBSCRIPT]] {}^{a}[[FLOATSUPERSCRIPT]] ε[[UNKNOWN]] _{abcd}[[POSTSUBSCRIPT]] η[[UNKNOWN]] _{1}[[POSTSUBSCRIPT]] {}^{a}[[FLOATSUPERSCRIPT]] η[[UNKNOWN]] _{2}[[POSTSUBSCRIPT]]
	        > {}^{d}[[FLOATSUPERSCRIPT]]
Warning:not_parsed:FLOATSUPERSCRIPT.UNKNOWN.POSTSUBSCRIPT>FLOATSUPERSCRIPT MathParser failed to match rule 'Anything'
	at 0304067.tex; line 403 col 13 - line 404 col 22
	In "$\tilde{z}_{\beta c}=f_{\beta}{}^{b}\varepsilon_{abcd}\eta_{1}{}^{a}\eta_{2}{}%
	^{d}$"
	\tilde{z}[[UNKNOWN]] _{\betac}[[POSTSUBSCRIPT]] =[[RELOP]] f[[UNKNOWN]] _{\beta}[[POSTSUBSCRIPT]] {}^{b}[[FLOATSUPERSCRIPT]] ε[[UNKNOWN]] _{abcd}[[POSTSUBSCRIPT]] η[[UNKNOWN]] _{1}[[POSTSUBSCRIPT]] {}^{a}[[FLOATSUPERSCRIPT]] η[[UNKNOWN]] _{2}[[POSTSUBSCRIPT]]
	        > {}^{d}[[FLOATSUPERSCRIPT]]
Warning:not_parsed:RELOP.UNKNOWN.POSTSUPERSCRIPT>OPEN MathParser failed to match rule 'Anything'
	at 0304067.tex; line 409 col 0 - line 413 col 14
	In "\begin{equation}{\cal L}=\varepsilon^{\mu\nu\alpha\beta}[\frac{1}{32}%
	\varepsilon_{abcd}E_{\mu}{}^{a}E_{\nu}{}^{b}E_{\alpha}{}^{c}E_{\beta}{}^{d}-E_%
	{\mu}{}^{a}T_{\nu\alpha\beta}{}^{a}]\end{equation}"
	L[[UNKNOWN]] =[[RELOP]] ε[[UNKNOWN]] ^{\mu\nu\alpha\beta}[[POSTSUPERSCRIPT]]
	        > [[[OPEN]] \frac{1}{32}[[UNKNOWN]] ε[[UNKNOWN]] _{abcd}[[POSTSUBSCRIPT]] E[[UNKNOWN]] _{\mu}[[POSTSUBSCRIPT]] {}^{a}[[FLOATSUPERSCRIPT]] E[[UNKNOWN]] _{\nu}[[POSTSUBSCRIPT]] {}^{b}[[FLOATSUPERSCRIPT]] E[[UNKNOWN]] _{\alpha}[[POSTSUBSCRIPT]] {}^{c}[[FLOATSUPERSCRIPT]] E[[UNKNOWN]] _{\beta}[[POSTSUBSCRIPT]] {}^{d}[[FLOATSUPERSCRIPT]] -[[ADDOP]] E[[UNKNOWN]] _{\mu}[[POSTSUBSCRIPT]] {}^{a}[[FLOATSUPERSCRIPT]] T[[UNKNOWN]] _{\nu\alpha\beta}[[POSTSUBSCRIPT]] {}^{a}[[FLOATSUPERSCRIPT]] ][[CLOSE]]
Warning:not_parsed:UNKNOWN.POSTSUBSCRIPT>FLOATSUPERSCRIPT MathParser failed to match rule 'Anything'
	at 0304067.tex; line 414 col 8 - line 414 col 53
	In "$E_{\mu}{}^{a}=\delta_{\mu}{}^{a}+\kappa f_{\mu}{}^{a}$"
	E[[UNKNOWN]] _{\mu}[[POSTSUBSCRIPT]]
	        > {}^{a}[[FLOATSUPERSCRIPT]] =[[RELOP]] δ[[UNKNOWN]] _{\mu}[[POSTSUBSCRIPT]] {}^{a}[[FLOATSUPERSCRIPT]] +[[ADDOP]] κ[[UNKNOWN]] f[[UNKNOWN]] _{\mu}[[POSTSUBSCRIPT]] {}^{a}[[FLOATSUPERSCRIPT]]
Warning:not_parsed:OPEN.UNKNOWN> MathParser failed to match rule 'Subscript'
	at 0304067.tex; line 418 col 41 - line 418 col 41
	In "\begin{equation}\delta E_{\mu}{}^{a}=\partial_{\mu}\eta^{a},\qquad\delta\Phi_{%
	\alpha\beta,c}=\partial_{[\alpha}z_{\beta]c}+\frac{1}{2}E_{\alpha}{}^{a}E_{%
	\beta}{}^{b}\varepsilon_{abcd}\eta^{d}\end{equation}"
	[[[OPEN]] α[[UNKNOWN]]
	        > 
Warning:not_parsed:UNKNOWN>CLOSE MathParser failed to match rule 'Subscript'
	at 0304067.tex; line 418 col 53 - line 418 col 53
	β[[UNKNOWN]]
	        > ][[CLOSE]] c[[UNKNOWN]]
Warning:not_parsed:UNKNOWN.UNKNOWN.POSTSUBSCRIPT>FLOATSUPERSCRIPT MathParser failed to match rule 'Anything'
	at 0304067.tex; line 416 col 0 - line 420 col 14
	δ[[UNKNOWN]] E[[UNKNOWN]] _{\mu}[[POSTSUBSCRIPT]]
	        > {}^{a}[[FLOATSUPERSCRIPT]] =[[RELOP]] ∂[[OPERATOR]] _{\mu}[[POSTSUBSCRIPT]] η[[UNKNOWN]] ^{a}[[POSTSUPERSCRIPT]] ,[[PUNCT]] δ[[UNKNOWN]] Φ[[UNKNOWN]] _{\alpha\beta,c}[[POSTSUBSCRIPT]] =[[RELOP]] ∂[[OPERATOR]] _{[\alpha}[[POSTSUBSCRIPT]] z[[UNKNOWN]] _{\beta]c}[[POSTSUBSCRIPT]] +[[ADDOP]] \frac{1}{2}[[UNKNOWN]] E[[UNKNOWN]] _{\alpha}[[POSTSUBSCRIPT]] {}^{a}[[FLOATSUPERSCRIPT]] E[[UNKNOWN]] _{\beta}[[POSTSUBSCRIPT]] {}^{b}[[FLOATSUPERSCRIPT]] ε[[UNKNOWN]] _{abcd}[[POSTSUBSCRIPT]] η[[UNKNOWN]] ^{d}[[POSTSUPERSCRIPT]]
Warning:not_parsed:OPEN.UNKNOWN> MathParser failed to match rule 'Subscript'
	at 0304067.tex; line 424 col 18 - line 424 col 18
	In "\begin{equation}[\delta_{1},\delta_{2}]\Phi_{\alpha\beta,c}=\frac{1}{2}%
	\partial_{[\alpha}\tilde{z}_{\beta]c}-\frac{1}{2}\partial_{[\alpha}E_{\beta]}{%
	}^{b}\varepsilon_{abcd}\eta_{1}{}^{a}\eta_{2}{}^{d}\end{equation}"
	[[[OPEN]] α[[UNKNOWN]]
	        > 
Warning:not_parsed:UNKNOWN>CLOSE MathParser failed to match rule 'Subscript'
	at 0304067.tex; line 424 col 38 - line 424 col 38
	β[[UNKNOWN]]
	        > ][[CLOSE]] c[[UNKNOWN]]
Warning:not_parsed:OPEN.UNKNOWN> MathParser failed to match rule 'Subscript'
	at 0304067.tex; line 425 col 18 - line 425 col 18
	[[[OPEN]] α[[UNKNOWN]]
	        > 
Warning:not_parsed:UNKNOWN>CLOSE MathParser failed to match rule 'Subscript'
	at 0304067.tex; line 425 col 29 - line 425 col 29
	β[[UNKNOWN]]
	        > ][[CLOSE]]
Warning:not_parsed:FLOATSUPERSCRIPT.UNKNOWN.POSTSUBSCRIPT>FLOATSUPERSCRIPT MathParser failed to match rule 'Anything'
	at 0304067.tex; line 422 col 0 - line 427 col 14
	[[[OPEN]] δ[[UNKNOWN]] _{1}[[POSTSUBSCRIPT]] ,[[PUNCT]] δ[[UNKNOWN]] _{2}[[POSTSUBSCRIPT]] ][[CLOSE]] Φ[[UNKNOWN]] _{\alpha\beta,c}[[POSTSUBSCRIPT]] =[[RELOP]] \frac{1}{2}[[UNKNOWN]] ∂[[OPERATOR]] _{[\alpha}[[POSTSUBSCRIPT]] \tilde{z}[[UNKNOWN]] _{\beta]c}[[POSTSUBSCRIPT]] -[[ADDOP]] \frac{1}{2}[[UNKNOWN]] ∂[[OPERATOR]] _{[\alpha}[[POSTSUBSCRIPT]] E[[UNKNOWN]] _{\beta]}[[POSTSUBSCRIPT]] {}^{b}[[FLOATSUPERSCRIPT]] ε[[UNKNOWN]] _{abcd}[[POSTSUBSCRIPT]] η[[UNKNOWN]] _{1}[[POSTSUBSCRIPT]] {}^{a}[[FLOATSUPERSCRIPT]] η[[UNKNOWN]] _{2}[[POSTSUBSCRIPT]]
	        > {}^{d}[[FLOATSUPERSCRIPT]]
Warning:not_parsed:FLOATSUPERSCRIPT.UNKNOWN.POSTSUBSCRIPT>FLOATSUPERSCRIPT MathParser failed to match rule 'Anything'
	at 0304067.tex; line 428 col 11 - line 429 col 22
	In "$\tilde{z}_{\beta c}=E_{\beta}{}^{b}\varepsilon_{abcd}\eta_{1}{}^{a}\eta_{2}{}%
	^{d}$"
	\tilde{z}[[UNKNOWN]] _{\betac}[[POSTSUBSCRIPT]] =[[RELOP]] E[[UNKNOWN]] _{\beta}[[POSTSUBSCRIPT]] {}^{b}[[FLOATSUPERSCRIPT]] ε[[UNKNOWN]] _{abcd}[[POSTSUBSCRIPT]] η[[UNKNOWN]] _{1}[[POSTSUBSCRIPT]] {}^{a}[[FLOATSUPERSCRIPT]] η[[UNKNOWN]] _{2}[[POSTSUBSCRIPT]]
	        > {}^{d}[[FLOATSUPERSCRIPT]]
Warning:not_parsed:OPEN.UNKNOWN> MathParser failed to match rule 'Subscript'
	at 0304067.tex; line 445 col 0 - line 445 col 47
	In "\begin{equation}\delta T_{\mu\nu\alpha,\beta}=\partial_{[\mu}\chi_{\nu\alpha],%
	\beta}\end{equation}"
	[[[OPEN]] μ[[UNKNOWN]]
	        > 
Warning:not_parsed:UNKNOWN.UNKNOWN>CLOSE MathParser failed to match rule 'Subscript'
	at 0304067.tex; line 446 col 0 - line 446 col 23
	ν[[UNKNOWN]] α[[UNKNOWN]]
	        > ][[CLOSE]] ,[[PUNCT]] β[[UNKNOWN]]
Warning:not_parsed:OPEN.UNKNOWN> MathParser failed to match rule 'Subscript'
	at 0304067.tex; line 451 col 44 - line 451 col 44
	In "$$E_{\mu\nu\alpha\beta,\rho}=\partial_{[\mu}T_{\nu\alpha\beta],\rho}$$"
	[[[OPEN]] μ[[UNKNOWN]]
	        > 
Warning:not_parsed:UNKNOWN.UNKNOWN.UNKNOWN>CLOSE MathParser failed to match rule 'Subscript'
	at 0304067.tex; line 451 col 0 - line 451 col 69
	ν[[UNKNOWN]] α[[UNKNOWN]] β[[UNKNOWN]]
	        > ][[CLOSE]] ,[[PUNCT]] ρ[[UNKNOWN]]
Warning:not_parsed:UNKNOWN.UNKNOWN.POSTSUBSCRIPT>FLOATSUPERSCRIPT MathParser failed to match rule 'Anything'
	at 0304067.tex; line 479 col 0 - line 483 col 2
	In "$$\delta\Omega_{\rho}{}^{\mu\nu\alpha\beta}=\partial_{\rho}\eta^{\mu\nu\alpha%
	\beta},\qquad\delta T_{\mu\nu\alpha,\beta}=\eta_{\mu\nu\alpha\beta}$$"
	δ[[UNKNOWN]] Ω[[UNKNOWN]] _{\rho}[[POSTSUBSCRIPT]]
	        > {}^{\mu\nu\alpha\beta}[[FLOATSUPERSCRIPT]] =[[RELOP]] ∂[[OPERATOR]] _{\rho}[[POSTSUBSCRIPT]] η[[UNKNOWN]] ^{\mu\nu\alpha\beta}[[POSTSUPERSCRIPT]] ,[[PUNCT]] δ[[UNKNOWN]] T[[UNKNOWN]] _{\mu\nu\alpha,\beta}[[POSTSUBSCRIPT]] =[[RELOP]] η[[UNKNOWN]] _{\mu\nu\alpha\beta}[[POSTSUBSCRIPT]]
Warning:not_parsed:POSTSUBSCRIPT.RELOP.ATOM>OPEN MathParser failed to match rule 'Anything'
	at 0304067.tex; line 496 col 0 - line 501 col 14
	In "\begin{equation}{\cal L}_{I}=\frac{2}{9}\left[\left\{\phantom{|}{}^{\mu\nu}_{%
	ab}\right\}\Omega_{\mu}{}^{acde}\Omega_{\nu}{}^{bcde}-\frac{1}{48}\left\{%
	\phantom{|}{}^{\mu\nu\alpha\beta\gamma}_{abcde}\right\}\Omega_{\mu}{}^{abcd}E_%
	{\nu\alpha\beta\gamma}{}^{e}\right]\end{equation}"
	L[[UNKNOWN]] _{I}[[POSTSUBSCRIPT]] =[[RELOP]] \frac{2}{9}[[UNKNOWN]]
	        > \left[[[OPEN]] \left\{[[OPEN]] {}^{\mu\nu}[[FLOATSUPERSCRIPT]] _{ab}[[POSTSUBSCRIPT]] \right\}[[CLOSE]] Ω[[UNKNOWN]] _{\mu}[[POSTSUBSCRIPT]] {}^{acde}[[FLOATSUPERSCRIPT]] Ω[[UNKNOWN]] _{\nu}[[POSTSUBSCRIPT]] {}^{bcde}[[FLOATSUPERSCRIPT]] -[[ADDOP]] \frac{1}{48}[[UNKNOWN]] \left\{[[OPEN]] {}^{\mu\nu\alpha\beta\gamma}[[FLOATSUPERSCRIPT]] _{abcde}[[POSTSUBSCRIPT]] \right\}[[CLOSE]] Ω[[UNKNOWN]] _{\mu}[[POSTSUBSCRIPT]] {}^{abcd}[[FLOATSUPERSCRIPT]] E[[UNKNOWN]] _{\nu\alpha\beta\gamma}[[POSTSUBSCRIPT]] {}^{e}[[FLOATSUPERSCRIPT]] \right][[CLOSE]]
Warning:not_parsed:UNKNOWN.POSTSUBSCRIPT>FLOATSUPERSCRIPT MathParser failed to match rule 'Anything'
	at 0304067.tex; line 506 col 0 - line 509 col 14
	In "\begin{equation}f_{\mu}{}^{a}=\frac{1}{24}\varepsilon^{abcde}\Omega_{\mu}{}^{%
	bcde},\qquad\eta^{a}=\frac{1}{24}\varepsilon^{abcde}\eta_{bcde}\end{equation}"
	f[[UNKNOWN]] _{\mu}[[POSTSUBSCRIPT]]
	        > {}^{a}[[FLOATSUPERSCRIPT]] =[[RELOP]] \frac{1}{24}[[UNKNOWN]] ε[[UNKNOWN]] ^{abcde}[[POSTSUPERSCRIPT]] Ω[[UNKNOWN]] _{\mu}[[POSTSUBSCRIPT]] {}^{bcde}[[FLOATSUPERSCRIPT]] ,[[PUNCT]] η[[UNKNOWN]] ^{a}[[POSTSUPERSCRIPT]] =[[RELOP]] \frac{1}{24}[[UNKNOWN]] ε[[UNKNOWN]] ^{abcde}[[POSTSUPERSCRIPT]] η[[UNKNOWN]] _{bcde}[[POSTSUBSCRIPT]]
Warning:not_parsed:UNKNOWN.RELOP.ATOM>OPEN MathParser failed to match rule 'Anything'
	at 0304067.tex; line 511 col 0 - line 516 col 14
	In "\begin{equation}{\cal L}=\frac{4}{3}\left\{\phantom{|}{}^{\mu\nu}_{ab}\right\}%
	f_{\mu}{}^{a}f_{\nu}{}^{b}-\frac{1}{9}\varepsilon^{\mu\nu\alpha\beta\gamma}f_{%
	\mu}{}^{a}E_{\nu\alpha\beta\gamma}{}^{a}\end{equation}"
	L[[UNKNOWN]] =[[RELOP]] \frac{4}{3}[[UNKNOWN]]
	        > \left\{[[OPEN]] {}^{\mu\nu}[[FLOATSUPERSCRIPT]] _{ab}[[POSTSUBSCRIPT]] \right\}[[CLOSE]] f[[UNKNOWN]] _{\mu}[[POSTSUBSCRIPT]] {}^{a}[[FLOATSUPERSCRIPT]] f[[UNKNOWN]] _{\nu}[[POSTSUBSCRIPT]] {}^{b}[[FLOATSUPERSCRIPT]] -[[ADDOP]] \frac{1}{9}[[UNKNOWN]] ε[[UNKNOWN]] ^{\mu\nu\alpha\beta\gamma}[[POSTSUPERSCRIPT]] f[[UNKNOWN]] _{\mu}[[POSTSUBSCRIPT]] {}^{a}[[FLOATSUPERSCRIPT]] E[[UNKNOWN]] _{\nu\alpha\beta\gamma}[[POSTSUBSCRIPT]] {}^{a}[[FLOATSUPERSCRIPT]]
Warning:not_parsed:UNKNOWN.UNKNOWN.POSTSUBSCRIPT>FLOATSUPERSCRIPT MathParser failed to match rule 'Anything'
	at 0304067.tex; line 518 col 0 - line 521 col 2
	In "$$\delta f_{\mu}{}^{a}=\partial_{\mu}\eta^{a},\qquad\delta T_{\mu\nu\alpha,a}=%
	\varepsilon_{\mu\nu\alpha ab}\eta^{b}$$"
	δ[[UNKNOWN]] f[[UNKNOWN]] _{\mu}[[POSTSUBSCRIPT]]
	        > {}^{a}[[FLOATSUPERSCRIPT]] =[[RELOP]] ∂[[OPERATOR]] _{\mu}[[POSTSUBSCRIPT]] η[[UNKNOWN]] ^{a}[[POSTSUPERSCRIPT]] ,[[PUNCT]] δ[[UNKNOWN]] T[[UNKNOWN]] _{\mu\nu\alpha,a}[[POSTSUBSCRIPT]] =[[RELOP]] ε[[UNKNOWN]] _{\mu\nu\alphaab}[[POSTSUBSCRIPT]] η[[UNKNOWN]] ^{b}[[POSTSUPERSCRIPT]]
Warning:not_parsed:UNKNOWN.UNKNOWN.UNKNOWN>OPEN MathParser failed to match rule 'Subscript'
	at 0304067.tex; line 528 col 29 - line 528 col 29
	In "\begin{equation}{\cal L}_{1}=\kappa\left\{\phantom{|}{}^{\mu\nu\alpha}_{abc}%
	\right\}f_{\mu}{}^{a}f_{\nu}{}^{b}f_{\alpha}{}^{c},\qquad\delta_{1}T_{\alpha%
	\beta\gamma,a}=\kappa\varepsilon_{abc[\alpha\beta}f_{\gamma]}{}^{b}\eta^{c}\end{equation}"
	a[[UNKNOWN]] b[[UNKNOWN]] c[[UNKNOWN]]
	        > [[[OPEN]] α[[UNKNOWN]] β[[UNKNOWN]]
Warning:not_parsed:UNKNOWN>CLOSE MathParser failed to match rule 'Subscript'
	at 0304067.tex; line 528 col 41 - line 528 col 41
	γ[[UNKNOWN]]
	        > ][[CLOSE]]
Warning:not_parsed:POSTSUBSCRIPT.RELOP.UNKNOWN>OPEN MathParser failed to match rule 'Anything'
	at 0304067.tex; line 524 col 0 - line 529 col 14
	L[[UNKNOWN]] _{1}[[POSTSUBSCRIPT]] =[[RELOP]] κ[[UNKNOWN]]
	        > \left\{[[OPEN]] {}^{\mu\nu\alpha}[[FLOATSUPERSCRIPT]] _{abc}[[POSTSUBSCRIPT]] \right\}[[CLOSE]] f[[UNKNOWN]] _{\mu}[[POSTSUBSCRIPT]] {}^{a}[[FLOATSUPERSCRIPT]] f[[UNKNOWN]] _{\nu}[[POSTSUBSCRIPT]] {}^{b}[[FLOATSUPERSCRIPT]] f[[UNKNOWN]] _{\alpha}[[POSTSUBSCRIPT]] {}^{c}[[FLOATSUPERSCRIPT]] ,[[PUNCT]] δ[[UNKNOWN]] _{1}[[POSTSUBSCRIPT]] T[[UNKNOWN]] _{\alpha\beta\gamma,a}[[POSTSUBSCRIPT]] =[[RELOP]] κ[[UNKNOWN]] ε[[UNKNOWN]] _{abc[\alpha\beta}[[POSTSUBSCRIPT]] f[[UNKNOWN]] _{\gamma]}[[POSTSUBSCRIPT]] {}^{b}[[FLOATSUPERSCRIPT]] η[[UNKNOWN]] ^{c}[[POSTSUPERSCRIPT]]
Warning:not_parsed:OPEN.UNKNOWN> MathParser failed to match rule 'Subscript'
	at 0304067.tex; line 549 col 0 - line 549 col 50
	In "$$T_{[\mu\nu\alpha],[\beta\gamma]}=\partial_{[\mu}R_{\nu\alpha],\beta\gamma}$$"
	[[[OPEN]] μ[[UNKNOWN]]
	        > 
Warning:not_parsed:UNKNOWN.UNKNOWN>CLOSE MathParser failed to match rule 'Subscript'
	at 0304067.tex; line 550 col 0 - line 550 col 26
	ν[[UNKNOWN]] α[[UNKNOWN]]
	        > ][[CLOSE]] ,[[PUNCT]] β[[UNKNOWN]] γ[[UNKNOWN]]
Warning:not_parsed:UNKNOWN.POSTSUBSCRIPT.ADDOP>ADDOP MathParser failed to match rule 'Anything'
	at 0304067.tex; line 562 col 1 - line 562 col 1
	In "$\displaystyle{\cal L}=\frac{1}{6}T^{\mu\nu\alpha,\beta\gamma}T_{\mu\nu\alpha,%
	\beta\gamma}+\frac{1}{2}T^{\mu\nu\alpha,\beta\gamma}T_{\mu\nu\beta,\alpha%
	\gamma}+\frac{1}{2}T^{\mu\nu\alpha,\beta\gamma}T_{\mu\beta\gamma,\nu\alpha}--%
	\frac{3}{2}T^{\mu\nu,\alpha}T_{\mu\nu,\alpha}-3T^{\mu\nu,\alpha}T_{\mu\alpha,%
	\nu}+\frac{3}{2}T^{\mu}T_{\mu}\@@ENDINLINEMATH"
	L[[UNKNOWN]] =[[RELOP]] \frac{1}{6}[[UNKNOWN]] T[[UNKNOWN]] ^{\mu\nu\alpha,\beta\gamma}[[POSTSUPERSCRIPT]] T[[UNKNOWN]] _{\mu\nu\alpha,\beta\gamma}[[POSTSUBSCRIPT]] +[[ADDOP]] \frac{1}{2}[[UNKNOWN]] T[[UNKNOWN]] ^{\mu\nu\alpha,\beta\gamma}[[POSTSUPERSCRIPT]] T[[UNKNOWN]] _{\mu\nu\beta,\alpha\gamma}[[POSTSUBSCRIPT]] +[[ADDOP]] \frac{1}{2}[[UNKNOWN]] T[[UNKNOWN]] ^{\mu\nu\alpha,\beta\gamma}[[POSTSUPERSCRIPT]] T[[UNKNOWN]] _{\mu\beta\gamma,\nu\alpha}[[POSTSUBSCRIPT]] -[[ADDOP]]
	        > -[[ADDOP]] \frac{3}{2}[[UNKNOWN]] T[[UNKNOWN]] ^{\mu\nu,\alpha}[[POSTSUPERSCRIPT]] T[[UNKNOWN]] _{\mu\nu,\alpha}[[POSTSUBSCRIPT]] -[[ADDOP]] 3[[NUMBER]] T[[UNKNOWN]] ^{\mu\nu,\alpha}[[POSTSUPERSCRIPT]] T[[UNKNOWN]] _{\mu\alpha,\nu}[[POSTSUBSCRIPT]] +[[ADDOP]] \frac{3}{2}[[UNKNOWN]] T[[UNKNOWN]] ^{\mu}[[POSTSUPERSCRIPT]] T[[UNKNOWN]] _{\mu}[[POSTSUBSCRIPT]]
Warning:not_parsed:UNKNOWN.POSTSUBSCRIPT.ADDOP>ADDOP MathParser failed to match rule 'Anything'
	at 0304067.tex; line 578 col 1 - line 578 col 1
	In "$\displaystyle{\cal L}=-\frac{3}{2}\Omega^{\mu\nu,\alpha\beta\gamma}\Omega_{%
	\alpha\beta,\mu\nu\gamma}+6\Omega^{\mu,\nu\alpha}\Omega_{\nu,\mu\alpha}-\frac{%
	3}{2}\Omega^{\mu}\Omega_{\mu}++\Omega^{\mu\nu,\alpha\beta\gamma}T_{\alpha\beta%
	\gamma,\mu\nu}+6\Omega^{\mu,\nu\alpha}T_{\nu\alpha,\mu}+3\Omega^{\mu}T_{\mu}\@@ENDINLINEMATH"
	L[[UNKNOWN]] =[[RELOP]] -[[ADDOP]] \frac{3}{2}[[UNKNOWN]] Ω[[UNKNOWN]] ^{\mu\nu,\alpha\beta\gamma}[[POSTSUPERSCRIPT]] Ω[[UNKNOWN]] _{\alpha\beta,\mu\nu\gamma}[[POSTSUBSCRIPT]] +[[ADDOP]] 6[[NUMBER]] Ω[[UNKNOWN]] ^{\mu,\nu\alpha}[[POSTSUPERSCRIPT]] Ω[[UNKNOWN]] _{\nu,\mu\alpha}[[POSTSUBSCRIPT]] -[[ADDOP]] \frac{3}{2}[[UNKNOWN]] Ω[[UNKNOWN]] ^{\mu}[[POSTSUPERSCRIPT]] Ω[[UNKNOWN]] _{\mu}[[POSTSUBSCRIPT]] +[[ADDOP]]
	        > +[[ADDOP]] Ω[[UNKNOWN]] ^{\mu\nu,\alpha\beta\gamma}[[POSTSUPERSCRIPT]] T[[UNKNOWN]] _{\alpha\beta\gamma,\mu\nu}[[POSTSUBSCRIPT]] +[[ADDOP]] 6[[NUMBER]] Ω[[UNKNOWN]] ^{\mu,\nu\alpha}[[POSTSUPERSCRIPT]] T[[UNKNOWN]] _{\nu\alpha,\mu}[[POSTSUBSCRIPT]] +[[ADDOP]] 3[[NUMBER]] Ω[[UNKNOWN]] ^{\mu}[[POSTSUPERSCRIPT]] T[[UNKNOWN]] _{\mu}[[POSTSUBSCRIPT]]
Warning:not_parsed:RELOP.ADDOP.ATOM>OPEN MathParser failed to match rule 'Anything'
	at 0304067.tex; line 608 col 0 - line 614 col 14
	In "\begin{equation}{\cal L}=-\frac{3}{8}\left\{\phantom{|}{}^{\mu\nu\alpha\beta}_%
	{abcd}\right\}\Omega_{\mu\nu}{}^{abe}\Omega_{\alpha\beta}{}^{cde}+\frac{1}{12}%
	\left\{\phantom{|}{}^{\mu\nu\alpha\beta\gamma}_{abcde}\right\}\Omega_{\mu\nu}{%
	}^{abc}T_{\alpha\beta\gamma}{}^{de}\end{equation}"
	L[[UNKNOWN]] =[[RELOP]] -[[ADDOP]] \frac{3}{8}[[UNKNOWN]]
	        > \left\{[[OPEN]] {}^{\mu\nu\alpha\beta}[[FLOATSUPERSCRIPT]] _{abcd}[[POSTSUBSCRIPT]] \right\}[[CLOSE]] Ω[[UNKNOWN]] _{\mu\nu}[[POSTSUBSCRIPT]] {}^{abe}[[FLOATSUPERSCRIPT]] Ω[[UNKNOWN]] _{\alpha\beta}[[POSTSUBSCRIPT]] {}^{cde}[[FLOATSUPERSCRIPT]] +[[ADDOP]] \frac{1}{12}[[UNKNOWN]] \left\{[[OPEN]] {}^{\mu\nu\alpha\beta\gamma}[[FLOATSUPERSCRIPT]] _{abcde}[[POSTSUBSCRIPT]] \right\}[[CLOSE]] Ω[[UNKNOWN]] _{\mu\nu}[[POSTSUBSCRIPT]] {}^{abc}[[FLOATSUPERSCRIPT]] T[[UNKNOWN]] _{\alpha\beta\gamma}[[POSTSUBSCRIPT]] {}^{de}[[FLOATSUPERSCRIPT]]
 13.37 sec)
Math parsing succeeded:
   ltx:XMArg: 1037/1061
   ltx:XMath: 151/190
Symbols assumed as simple identifiers (with # of occurences):
   'B{italic}' (28), 'C{italic}' (20), 'Delta' (2), 'E{italic}' (39), 'L{caligraphic}' (43), 'Omega' (75), 'Phi' (31), 'R{italic}' (16), 'T{italic}' (122), 'alpha' (294), 'a{italic}' (108), 'beta' (202), 'b{italic}' (51), 'chi' (8), 'c{italic}' (61), 'delta' (88), 'd{italic}' (39), 'eta' (83), 'e{italic}' (16), 'f{italic}' (119), 'gamma' (45), 'h{italic}' (50), 'i{italic}' (1), 'kappa' (17), 'mu' (259), 'm{italic}' (1), 'nu' (270), 'n{italic}' (1), 'omega' (20), 'rho' (15), 't{italic}' (1), 'varepsilon' (64), 'xi' (5), 'x{italic}' (3), 'y{italic}' (4), 'z{italic}' (12)
Set MATHPARSER_SPECULATE to speculate on possible notations.
(Finalizing... 1.81 sec)
Conversion complete 63 warnings (See /home/user/latex-in-arxiv/0304067.latexml.log) (reqd. 30.67s)
