latexml (LaTeXML version 0.8.6) processing 2003/0304174.tex
(Digesting TeX 0304174...
(Loading /usr/share/perl5/LaTeXML/Package/TeX.pool.ltxml...
(Loading /usr/share/perl5/LaTeXML/Package/eTeX.pool.ltxml... 0.01 sec)
(Loading /usr/share/perl5/LaTeXML/Package/pdfTeX.pool.ltxml... 0.01 sec) 0.20 sec)
(Processing content /home/user/latex-in-arxiv/2003/0304174.tex...
(Loading /usr/share/perl5/LaTeXML/Package/LaTeX.pool.ltxml...
(Loading /usr/share/perl5/LaTeXML/Package/textcomp.sty.ltxml...
(Processing definitions /usr/share/texlive/texmf-dist/tex/latex-dev/base/ts1enc.dfu... 0.04 sec) 1.62 sec) 1.91 sec)
(Loading /usr/share/perl5/LaTeXML/Package/article.cls.ltxml... 0.01 sec)
(Loading /usr/share/perl5/LaTeXML/Package/amssymb.sty.ltxml...
(Loading /usr/share/perl5/LaTeXML/Package/amsfonts.sty.ltxml... 0.00 sec) 0.03 sec)
(Loading /usr/share/perl5/LaTeXML/Package/amsmath.sty.ltxml...
(Loading /usr/share/perl5/LaTeXML/Package/amsbsy.sty.ltxml...
(Loading /usr/share/perl5/LaTeXML/Package/amsgen.sty.ltxml... 0.00 sec) 0.01 sec)
(Loading /usr/share/perl5/LaTeXML/Package/amstext.sty.ltxml... 0.01 sec)
(Loading /usr/share/perl5/LaTeXML/Package/amsopn.sty.ltxml... 0.01 sec) 0.07 sec) 5.61 sec) 5.84 sec)
(Building...
(Loading compiled schema /usr/share/perl5/LaTeXML/resources/RelaxNG/LaTeXML.model... 0.01 sec) 8.10 sec)
(Rewriting... 0.34 sec)
(Math Parsing 388 formulae ......
Warning:not_parsed:RELOP.UNKNOWN.POSTSUPERSCRIPT>FLOATSUPERSCRIPT MathParser failed to match rule 'Anything'
	at 0304174.tex; line 180 col 53 - line 180 col 63
	In "$p^{0}=p^{\prime}{}^{0}$"
	p[[UNKNOWN]] ^{0}[[POSTSUPERSCRIPT]] =[[RELOP]] p[[UNKNOWN]] ^{\prime}[[POSTSUPERSCRIPT]]
	        > {}^{0}[[FLOATSUPERSCRIPT]]
Warning:not_parsed:ADDOP.UNKNOWN.POSTSUBSCRIPT>CLOSE MathParser failed to match rule 'Anything'
	at 0304174.tex; line 239 col 13 - line 239 col 51
	In "$\pi^{0}(-)>m_{\perp},\pi^{0}(+)<-m_{\perp})$"
	π[[UNKNOWN]] ^{0}[[POSTSUPERSCRIPT]] ([[OPEN]] -[[ADDOP]] )[[CLOSE]] >[[RELOP]] m[[UNKNOWN]] _{\perp}[[POSTSUBSCRIPT]] ,[[PUNCT]] π[[UNKNOWN]] ^{0}[[POSTSUPERSCRIPT]] ([[OPEN]] +[[ADDOP]] )[[CLOSE]] <[[RELOP]] -[[ADDOP]] m[[UNKNOWN]] _{\perp}[[POSTSUBSCRIPT]]
	        > )[[CLOSE]]
Warning:not_parsed:UNKNOWN.POSTSUPERSCRIPT.POSTSUBSCRIPT>FLOATSUPERSCRIPT MathParser failed to match rule 'Anything'
	at 0304174.tex; line 258 col 1 - line 258 col 1
	In "$${}^{-}\psi_{n}\equiv{}^{-}\psi_{n\>out}={\cal N}_{n}{}_{+}f_{n},\qquad{}^{+}%
	\psi_{n}\equiv{}^{+}\psi_{n\>out}={\cal N}_{n}\frac{c^{\prime}_{2n}{}^{*}}{c^{%
	\prime}_{2n}{}}{}^{+}f_{n},$$"
	c[[UNKNOWN]] ^{\prime}[[POSTSUPERSCRIPT]] _{2n}[[POSTSUBSCRIPT]]
	        > {}^{*}[[FLOATSUPERSCRIPT]]
Warning:not_parsed:UNKNOWN.POSTSUPERSCRIPT>FLOATSUPERSCRIPT MathParser failed to match rule 'Anything'
	at 0304174.tex; line 287 col 66 - line 287 col 66
	In "$$|c_{1n}|^{2}+|c_{2n}|^{2}=1,\qquad c_{1n}=-\frac{c^{\prime}_{1n}}{c^{\prime}%
	{}^{*}_{2n}},\qquad c_{2n}=\frac{1}{c^{\prime}_{2n}}.$$"
	c[[UNKNOWN]] ^{\prime}[[POSTSUPERSCRIPT]]
	        > {}^{*}[[FLOATSUPERSCRIPT]] _{2n}[[POSTSUBSCRIPT]]
Warning:not_parsed:UNKNOWN.POSTSUPERSCRIPT>FLOATSUPERSCRIPT MathParser failed to match rule 'Anything'
	at 0304174.tex; line 320 col 46 - line 320 col 46
	In "$${}^{+}\psi_{n}(x_{3}|+)=\frac{c^{\prime}{}^{*}_{1n}}{c^{\prime}_{1n}}N_{n}{}%
	_{+}f_{n},\quad{}^{+}\psi_{n}(x_{3}|-)=N_{n}{}^{-}f_{n},$$"
	c[[UNKNOWN]] ^{\prime}[[POSTSUPERSCRIPT]]
	        > {}^{*}[[FLOATSUPERSCRIPT]] _{1n}[[POSTSUBSCRIPT]]
Warning:not_parsed:UNKNOWN.POSTSUPERSCRIPT>FLOATSUPERSCRIPT MathParser failed to match rule 'Anything'
	at 0304174.tex; line 346 col 26 - line 346 col 26
	In "$$e_{1n}=\frac{1}{c^{\prime}{}^{*}_{1n}},\quad e_{2n}=-\frac{c^{\prime}_{2n}}{%
	c^{\prime}_{1n,}},\quad|e_{1n}|^{2}+|e_{2n}|^{2}=1.$$"
	c[[UNKNOWN]] ^{\prime}[[POSTSUPERSCRIPT]]
	        > {}^{*}[[FLOATSUPERSCRIPT]] _{1n}[[POSTSUBSCRIPT]]
Warning:not_parsed:UNKNOWN.POSTSUBSCRIPT.POSTSUPERSCRIPT>FLOATSUPERSCRIPT MathParser failed to match rule 'Anything'
	at 0304174.tex; line 443 col 0 - line 446 col 4
	In "$$<0_{n\;out}|a_{n\;out}a^{{\dagger}}_{n\;in}|0_{n\;in}>=c_{1n}^{*}{}^{-1}<0_{%
	n\;out}|0_{n\;in}>=1.$$"
	<[[RELOP]] 0[[NUMBER]] _{n\;out}[[POSTSUBSCRIPT]] |[[VERTBAR]] a[[UNKNOWN]] _{n\;out}[[POSTSUBSCRIPT]] a[[UNKNOWN]] ^{{\dagger}}[[POSTSUPERSCRIPT]] _{n\;in}[[POSTSUBSCRIPT]] |[[VERTBAR]] 0[[NUMBER]] _{n\;in}[[POSTSUBSCRIPT]] >[[RELOP]] =[[RELOP]] c[[UNKNOWN]] _{1n}[[POSTSUBSCRIPT]] ^{*}[[POSTSUPERSCRIPT]]
	        > {}^{-1}[[FLOATSUPERSCRIPT]] <[[RELOP]] 0[[NUMBER]] _{n\;out}[[POSTSUBSCRIPT]] |[[VERTBAR]] 0[[NUMBER]] _{n\;in}[[POSTSUBSCRIPT]] >[[RELOP]] =[[RELOP]] 1[[NUMBER]]
Warning:not_parsed:UNKNOWN>OPEN MathParser failed to match rule 'Anything'
	at 0304174.tex; line 549 col 0 - line 552 col 2
	In "$$i(p^{\prime}{}^{0}-p^{0})j^{0}(f_{n^{\prime}},f_{n})=-\frac{\partial}{%
	\partial x_{3}}j_{3}(f_{n^{\prime}},f_{n}).$$"
	i[[UNKNOWN]]
	        > ([[OPEN]] p[[UNKNOWN]] ^{\prime}[[POSTSUPERSCRIPT]] {}^{0}[[FLOATSUPERSCRIPT]] -[[ADDOP]] p[[UNKNOWN]] ^{0}[[POSTSUPERSCRIPT]] )[[CLOSE]] j[[UNKNOWN]] ^{0}[[POSTSUPERSCRIPT]] ([[OPEN]] f[[UNKNOWN]] _{n^{\prime}}[[POSTSUBSCRIPT]] ,[[PUNCT]] f[[UNKNOWN]] _{n}[[POSTSUBSCRIPT]] )[[CLOSE]] =[[RELOP]] -[[ADDOP]] \frac{\partial}{\partialx_{3}}[[UNKNOWN]] j[[UNKNOWN]] _{3}[[POSTSUBSCRIPT]] ([[OPEN]] f[[UNKNOWN]] _{n^{\prime}}[[POSTSUBSCRIPT]] ,[[PUNCT]] f[[UNKNOWN]] _{n}[[POSTSUBSCRIPT]] )[[CLOSE]]
Warning:not_parsed:UNKNOWN.POSTSUPERSCRIPT>FLOATSUPERSCRIPT MathParser failed to match rule 'Anything'
	at 0304174.tex; line 556 col 19 - line 556 col 19
	In "$$\int_{-L_{d}}^{L_{u}}dx_{3}j^{0}(f_{n^{\prime}},f_{n})=\frac{i}{p^{\prime}{}%
	^{0}-p^{0}}[j_{3}(f_{n^{\prime}},f_{n}|L_{u})-j_{3}(f_{n^{\prime}},f_{n}|-L_{d%
	})].$$"
	p[[UNKNOWN]] ^{\prime}[[POSTSUPERSCRIPT]]
	        > {}^{0}[[FLOATSUPERSCRIPT]] -[[ADDOP]] p[[UNKNOWN]] ^{0}[[POSTSUPERSCRIPT]]
Warning:not_parsed:ADDOP.UNKNOWN.POSTSUPERSCRIPT>FLOATSUBSCRIPT MathParser failed to match rule 'Anything'
	at 0304174.tex; line 573 col 0 - line 576 col 2
	In "$$\pi_{3}^{2}-\pi^{\prime}{}_{3}^{2}=(\pi^{0})^{2}-(\pi^{\prime}{}^{0})^{2}=(%
	\pi^{0}+\pi^{\prime}{}^{0})(p^{0}-p^{\prime}{}^{0}),$$"
	π[[UNKNOWN]] _{3}[[POSTSUBSCRIPT]] ^{2}[[POSTSUPERSCRIPT]] -[[ADDOP]] π[[UNKNOWN]] ^{\prime}[[POSTSUPERSCRIPT]]
	        > {}_{3}[[FLOATSUBSCRIPT]] ^{2}[[POSTSUPERSCRIPT]] =[[RELOP]] ([[OPEN]] π[[UNKNOWN]] ^{0}[[POSTSUPERSCRIPT]] )[[CLOSE]] ^{2}[[POSTSUPERSCRIPT]] -[[ADDOP]] ([[OPEN]] π[[UNKNOWN]] ^{\prime}[[POSTSUPERSCRIPT]] {}^{0}[[FLOATSUPERSCRIPT]] )[[CLOSE]] ^{2}[[POSTSUPERSCRIPT]] =[[RELOP]] ([[OPEN]] π[[UNKNOWN]] ^{0}[[POSTSUPERSCRIPT]] +[[ADDOP]] π[[UNKNOWN]] ^{\prime}[[POSTSUPERSCRIPT]] {}^{0}[[FLOATSUPERSCRIPT]] )[[CLOSE]] ([[OPEN]] p[[UNKNOWN]] ^{0}[[POSTSUPERSCRIPT]] -[[ADDOP]] p[[UNKNOWN]] ^{\prime}[[POSTSUPERSCRIPT]] {}^{0}[[FLOATSUPERSCRIPT]] )[[CLOSE]]
Warning:not_parsed:UNKNOWN.UNKNOWN.POSTSUBSCRIPT>OPEN MathParser failed to match rule 'Superscript'
	at 0304174.tex; line 597 col 0 - line 597 col 34
	In "$$-|c^{\prime}_{1n}|^{2}e^{-iA_{u}(p^{0}-p^{\prime}{}^{0})}+|c^{\prime}_{2n}|^%
	{2}e^{iA_{u}(p^{0}-p^{\prime}{}^{0})},\quad A_{u}=\frac{-\pi^{0}(+)-\pi^{%
	\prime 0}(+)}{\pi_{3}(+)+\pi^{\prime}_{3}(+)}L_{u}.$$"
	-[[ADDOP]] i[[UNKNOWN]] A[[UNKNOWN]] _{u}[[POSTSUBSCRIPT]]
	        > ([[OPEN]] p[[UNKNOWN]] ^{0}[[POSTSUPERSCRIPT]] -[[ADDOP]] p[[UNKNOWN]] ^{\prime}[[POSTSUPERSCRIPT]] {}^{0}[[FLOATSUPERSCRIPT]] )[[CLOSE]]
Warning:not_parsed:UNKNOWN.UNKNOWN.POSTSUBSCRIPT>OPEN MathParser failed to match rule 'Superscript'
	at 0304174.tex; line 598 col 33 - line 598 col 33
	i[[UNKNOWN]] A[[UNKNOWN]] _{u}[[POSTSUBSCRIPT]]
	        > ([[OPEN]] p[[UNKNOWN]] ^{0}[[POSTSUPERSCRIPT]] -[[ADDOP]] p[[UNKNOWN]] ^{\prime}[[POSTSUPERSCRIPT]] {}^{0}[[FLOATSUPERSCRIPT]] )[[CLOSE]]
Warning:not_parsed:VERTBAR.POSTSUPERSCRIPT.UNKNOWN>OPEN MathParser failed to match rule 'Anything'
	at 0304174.tex; line 604 col 0 - line 607 col 3
	In "$$\int_{-\infty}^{\infty}dx_{3}j^{0}({}_{+}f_{n^{\prime}},{}_{+}f_{n^{\prime}}%
	)=2\pi|c_{2n}^{\prime}|^{2}\delta(p^{0}-p^{\prime}{}^{0})$$"
	∫[[INTOP]] _{-\infty}[[POSTSUBSCRIPT]] ^{\infty}[[POSTSUPERSCRIPT]] d[[UNKNOWN]] x[[UNKNOWN]] _{3}[[POSTSUBSCRIPT]] j[[UNKNOWN]] ^{0}[[POSTSUPERSCRIPT]] ([[OPEN]] {}_{+}[[FLOATSUBSCRIPT]] f[[UNKNOWN]] _{n^{\prime}}[[POSTSUBSCRIPT]] ,[[PUNCT]] {}_{+}[[FLOATSUBSCRIPT]] f[[UNKNOWN]] _{n^{\prime}}[[POSTSUBSCRIPT]] )[[CLOSE]] =[[RELOP]] 2[[NUMBER]] π[[UNKNOWN]] |[[VERTBAR]] c[[UNKNOWN]] _{2n}[[POSTSUBSCRIPT]] ^{\prime}[[POSTSUPERSCRIPT]] |[[VERTBAR]] ^{2}[[POSTSUPERSCRIPT]] δ[[UNKNOWN]]
	        > ([[OPEN]] p[[UNKNOWN]] ^{0}[[POSTSUPERSCRIPT]] -[[ADDOP]] p[[UNKNOWN]] ^{\prime}[[POSTSUPERSCRIPT]] {}^{0}[[FLOATSUPERSCRIPT]] )[[CLOSE]]
Warning:not_parsed:NUMBER.UNKNOWN.UNKNOWN>OPEN MathParser failed to match rule 'Anything'
	at 0304174.tex; line 610 col 11 - line 610 col 33
	In "$2\pi\delta(p^{0}-p^{\prime}{}^{0})$"
	2[[NUMBER]] π[[UNKNOWN]] δ[[UNKNOWN]]
	        > ([[OPEN]] p[[UNKNOWN]] ^{0}[[POSTSUPERSCRIPT]] -[[ADDOP]] p[[UNKNOWN]] ^{\prime}[[POSTSUPERSCRIPT]] {}^{0}[[FLOATSUPERSCRIPT]] )[[CLOSE]]
Warning:not_parsed:UNKNOWN.UNKNOWN.POSTSUBSCRIPT>OPEN MathParser failed to match rule 'Superscript'
	at 0304174.tex; line 617 col 0 - line 617 col 64
	In "$$j_{3}({}_{+}f_{n^{\prime}},{}_{+}f_{n}|L_{u})\to|c^{\prime}_{1n}|^{2}e^{-iA_%
	{u}(p^{0}-p^{\prime}{}^{0})}-|c^{\prime}_{2n}|^{2}e^{iA_{u}(p^{0}-p^{\prime}{}%
	^{0})}.$$"
	-[[ADDOP]] i[[UNKNOWN]] A[[UNKNOWN]] _{u}[[POSTSUBSCRIPT]]
	        > ([[OPEN]] p[[UNKNOWN]] ^{0}[[POSTSUPERSCRIPT]] -[[ADDOP]] p[[UNKNOWN]] ^{\prime}[[POSTSUPERSCRIPT]] {}^{0}[[FLOATSUPERSCRIPT]] )[[CLOSE]]
Warning:not_parsed:UNKNOWN.UNKNOWN.POSTSUBSCRIPT>OPEN MathParser failed to match rule 'Superscript'
	at 0304174.tex; line 618 col 33 - line 618 col 33
	i[[UNKNOWN]] A[[UNKNOWN]] _{u}[[POSTSUBSCRIPT]]
	        > ([[OPEN]] p[[UNKNOWN]] ^{0}[[POSTSUPERSCRIPT]] -[[ADDOP]] p[[UNKNOWN]] ^{\prime}[[POSTSUPERSCRIPT]] {}^{0}[[FLOATSUPERSCRIPT]] )[[CLOSE]]
Warning:not_parsed:UNKNOWN.UNKNOWN.POSTSUBSCRIPT>OPEN MathParser failed to match rule 'Superscript'
	at 0304174.tex; line 644 col 29 - line 644 col 29
	In "$$j_{3}({}^{+}f_{n^{\prime}},{}_{+}f_{n}|-L_{d})\to-c_{1n}^{\prime}e^{i[\pi_{3%
	}(-)-\pi_{3}^{\prime}(-)](-L_{d})}=-c_{1n}^{\prime}e^{-iA_{d}(p^{0}-p^{\prime}%
	{}^{0})}.$$"
	-[[ADDOP]] i[[UNKNOWN]] A[[UNKNOWN]] _{d}[[POSTSUBSCRIPT]]
	        > ([[OPEN]] p[[UNKNOWN]] ^{0}[[POSTSUPERSCRIPT]] -[[ADDOP]] p[[UNKNOWN]] ^{\prime}[[POSTSUPERSCRIPT]] {}^{0}[[FLOATSUPERSCRIPT]] )[[CLOSE]]
Warning:not_parsed:UNKNOWN.UNKNOWN.POSTSUBSCRIPT>OPEN MathParser failed to match rule 'Superscript'
	at 0304174.tex; line 649 col 29 - line 649 col 29
	In "$$j_{3}({}^{+}f_{n^{\prime}},{}_{+}f_{n}|L_{u})\to-c_{1n}^{\prime}e^{-iA_{u}(p%
	^{0}-p^{\prime}{}^{0})}.$$"
	-[[ADDOP]] i[[UNKNOWN]] A[[UNKNOWN]] _{u}[[POSTSUBSCRIPT]]
	        > ([[OPEN]] p[[UNKNOWN]] ^{0}[[POSTSUPERSCRIPT]] -[[ADDOP]] p[[UNKNOWN]] ^{\prime}[[POSTSUPERSCRIPT]] {}^{0}[[FLOATSUPERSCRIPT]] )[[CLOSE]]
Warning:not_parsed:PUNCT.UNKNOWN.POSTSUPERSCRIPT>FLOATSUBSCRIPT MathParser failed to match rule 'Anything'
	at 0304174.tex; line 791 col 0 - line 794 col 2
	In "$$c^{\prime}_{1n}(\mu,\nu,\lambda)=c^{\prime}_{1n}(\nu,\mu,\lambda),\quad c^{%
	\prime}{}_{2n}(\mu,\nu,\lambda)=c^{\prime}{}^{*}_{2n}(\nu,\mu,\lambda).$$"
	c[[UNKNOWN]] ^{\prime}[[POSTSUPERSCRIPT]] _{1n}[[POSTSUBSCRIPT]] ([[OPEN]] μ[[UNKNOWN]] ,[[PUNCT]] ν[[UNKNOWN]] ,[[PUNCT]] λ[[UNKNOWN]] )[[CLOSE]] =[[RELOP]] c[[UNKNOWN]] ^{\prime}[[POSTSUPERSCRIPT]] _{1n}[[POSTSUBSCRIPT]] ([[OPEN]] ν[[UNKNOWN]] ,[[PUNCT]] μ[[UNKNOWN]] ,[[PUNCT]] λ[[UNKNOWN]] )[[CLOSE]] ,[[PUNCT]] c[[UNKNOWN]] ^{\prime}[[POSTSUPERSCRIPT]]
	        > {}_{2n}[[FLOATSUBSCRIPT]] ([[OPEN]] μ[[UNKNOWN]] ,[[PUNCT]] ν[[UNKNOWN]] ,[[PUNCT]] λ[[UNKNOWN]] )[[CLOSE]] =[[RELOP]] c[[UNKNOWN]] ^{\prime}[[POSTSUPERSCRIPT]] {}^{*}[[FLOATSUPERSCRIPT]] _{2n}[[POSTSUBSCRIPT]] ([[OPEN]] ν[[UNKNOWN]] ,[[PUNCT]] μ[[UNKNOWN]] ,[[PUNCT]] λ[[UNKNOWN]] )[[CLOSE]]
Warning:not_parsed:UNKNOWN.POSTSUPERSCRIPT>FLOATSUPERSCRIPT MathParser failed to match rule 'Anything'
	at 0304174.tex; line 846 col 36 - line 846 col 36
	In "$$c_{1n}=-\frac{c^{\prime}_{1n}}{c^{\prime}{}^{*}_{2n}}=\left(\frac{(2ea)^{2}-%
	[\pi_{3}(-)+\pi_{3}(+)]^{2}}{(2ea)^{2}-[\pi_{3}(-)-\pi_{3}(+)]^{2}}\right)^{1/%
	2}.$$"
	c[[UNKNOWN]] ^{\prime}[[POSTSUPERSCRIPT]]
	        > {}^{*}[[FLOATSUPERSCRIPT]] _{2n}[[POSTSUBSCRIPT]]
 22.73 sec)
Math parsing succeeded:
   ltx:XMath: 380/388
   ltx:XMArg: 1718/1730
   ltx:XMWrap: 4/4
Symbols assumed as simple identifiers (with # of occurences):
   'A{italic}' (42), 'B{italic}' (6), 'E{italic}' (4), 'F{italic}' (9), 'Gamma' (24), 'L{italic}' (24), 'N{caligraphic}' (6), 'N{italic}' (4), 'Pi' (2), 'Psi' (1), 'Q{italic}' (28), 'S{italic}' (4), 'alpha' (3), 'a{italic}' (107), 'beta' (2), 'b{italic}' (28), 'c{italic}' (153), 'delta' (11), 'diag' (1), 'd{italic}' (5), 'eta' (1), 'e{italic}' (97), 'f{italic}' (120), 'gamma' (2), 'i{italic}' (192), 'j{italic}' (34), 'k{italic}' (15), 'lambda' (78), 'mu' (50), 'm{italic}' (22), 'nu' (50), 'n{italic}' (444), 'o{italic}' (60), 'phi' (8), 'pi' (174), 'psi' (73), 'p{italic}' (85), 'r{italic}' (23), 'sigma' (1), 't{italic}' (61), 'u{italic}' (74), 'varepsilon' (12), 'varphi' (7), 'x{italic}' (104), 'z{italic}' (7)
Set MATHPARSER_SPECULATE to speculate on possible notations.
(Finalizing... 1.29 sec)
Conversion complete 20 warnings (See /home/user/latex-in-arxiv/0304174.latexml.log) (reqd. 39.13s)
