latexml (LaTeXML version 0.8.6) processing 2003/0304211.tex
(Digesting TeX 0304211...
(Loading /usr/share/perl5/LaTeXML/Package/TeX.pool.ltxml...
(Loading /usr/share/perl5/LaTeXML/Package/eTeX.pool.ltxml... 0.00 sec)
(Loading /usr/share/perl5/LaTeXML/Package/pdfTeX.pool.ltxml... 0.01 sec) 0.12 sec)
(Processing content /home/user/latex-in-arxiv/2003/0304211.tex...
(Loading /usr/share/perl5/LaTeXML/Package/LaTeX.pool.ltxml...
(Loading /usr/share/perl5/LaTeXML/Package/textcomp.sty.ltxml...
(Processing definitions /usr/share/texlive/texmf-dist/tex/latex-dev/base/ts1enc.dfu... 0.02 sec) 0.94 sec) 1.10 sec)
(Loading /usr/share/perl5/LaTeXML/Package/JHEP3.cls.ltxml...
(Loading /usr/share/perl5/LaTeXML/Package/JHEP.cls.ltxml...
(Loading /usr/share/perl5/LaTeXML/Package/article.cls.ltxml... 0.01 sec)
(Loading /usr/share/perl5/LaTeXML/Package/amssymb.sty.ltxml...
(Loading /usr/share/perl5/LaTeXML/Package/amsfonts.sty.ltxml... 0.00 sec) 0.02 sec)
(Loading /usr/share/perl5/LaTeXML/Package/floatflt.sty.ltxml... 0.01 sec) 0.06 sec) 0.06 sec)
(Loading /usr/share/perl5/LaTeXML/Package/epsf.tex.ltxml...
(Loading /usr/share/perl5/LaTeXML/Package/epsf.sty.ltxml... 0.00 sec) 0.01 sec)
(Loading /usr/share/perl5/LaTeXML/Package/epsfig.sty.ltxml...
(Loading /usr/share/perl5/LaTeXML/Package/graphicx.sty.ltxml...
(Loading /usr/share/perl5/LaTeXML/Package/graphics.sty.ltxml... 0.01 sec) 0.01 sec) 0.03 sec)
Warning:unexpected:\end{document} Attempt to end document with open groups, environments or conditionals
	at 0304211.tex; line 1529 col 0 - line 1529 col 14
	Group opened by { 0304211.tex; line 303 col 13 - line 303 col 13
	In Core::Definition::Constructor[\end{do... /usr/share/perl5/LaTeXML/Package/LaTeX.pool.ltxml; line 395
 7.14 sec) 7.34 sec)
(Building...
(Loading compiled schema /usr/share/perl5/LaTeXML/resources/RelaxNG/LaTeXML.model... 0.01 sec) 9.23 sec)
(Rewriting... 0.20 sec)
(Math Parsing 448 formulae ......
Warning:not_parsed:UNKNOWN>RELOP MathParser failed to match rule 'Anything'
	at 0304211.tex; line 489 col 11 - line 489 col 32
	In "$\phi\in{[}0,2\pi{[}$"
	ϕ[[UNKNOWN]]
	        > ∈[[RELOP]] [[[OPEN]] 0[[NUMBER]] ,[[PUNCT]] 2[[NUMBER]] π[[UNKNOWN]] [[[OPEN]]
Warning:not_parsed:UNKNOWN.POSTSUBSCRIPT.CLOSE>POSTSUBSCRIPT MathParser failed to match rule 'Anything'
	at 0304211.tex; line 974 col 6 - line 974 col 6
	In "$\displaystyle\omega_{\mu ab}=(e_{a})^{\nu}{\nabla}_{\mu}(e_{b})_{\nu}\@@ENDINLINEMATH"
	ω[[UNKNOWN]] _{\muab}[[POSTSUBSCRIPT]] =[[RELOP]] ([[OPEN]] e[[UNKNOWN]] _{a}[[POSTSUBSCRIPT]] )[[CLOSE]] ^{\nu}[[POSTSUPERSCRIPT]] ∇[[OPERATOR]] _{\mu}[[POSTSUBSCRIPT]] ([[OPEN]] e[[UNKNOWN]] _{b}[[POSTSUBSCRIPT]] )[[CLOSE]]
	        > _{\nu}[[POSTSUBSCRIPT]]
Warning:not_parsed:UNKNOWN.POSTSUBSCRIPT.CLOSE>POSTSUBSCRIPT MathParser failed to match rule 'Anything'
	at 0304211.tex; line 974 col 23 - line 975 col 7
	In "$\displaystyle(e_{a})^{\nu}{\nabla}_{\mu}(e_{b})_{\nu}$"
	([[OPEN]] e[[UNKNOWN]] _{a}[[POSTSUBSCRIPT]] )[[CLOSE]] ^{\nu}[[POSTSUPERSCRIPT]] ∇[[OPERATOR]] _{\mu}[[POSTSUBSCRIPT]] ([[OPEN]] e[[UNKNOWN]] _{b}[[POSTSUBSCRIPT]] )[[CLOSE]]
	        > _{\nu}[[POSTSUBSCRIPT]]
Warning:not_parsed:UNKNOWN>RELOP MathParser failed to match rule 'Anything'
	at 0304211.tex; line 1006 col 15 - line 1006 col 37
	In "$\phi\in{[}0,2\pi{[}$"
	ϕ[[UNKNOWN]]
	        > ∈[[RELOP]] [[[OPEN]] 0[[NUMBER]] ,[[PUNCT]] 2[[NUMBER]] π[[UNKNOWN]] [[[OPEN]]
Warning:not_parsed:UNKNOWN>RELOP MathParser failed to match rule 'Anything'
	at 0304211.tex; line 1007 col 10 - line 1007 col 37
	In "$\psi\in{[}-2\pi,2\pi{[}$"
	ψ[[UNKNOWN]]
	        > ∈[[RELOP]] [[[OPEN]] -[[ADDOP]] 2[[NUMBER]] π[[UNKNOWN]] ,[[PUNCT]] 2[[NUMBER]] π[[UNKNOWN]] [[[OPEN]]
Warning:not_parsed:OPEN.UNKNOWN.CLOSE>RELOP MathParser failed to match rule 'Anything'
	at 0304211.tex; line 1033 col 5 - line 1033 col 41
	In "$\phi(t)\in{]}-\infty,+\infty{[}$"
	ϕ[[UNKNOWN]] ([[OPEN]] t[[UNKNOWN]] )[[CLOSE]]
	        > ∈[[RELOP]] ][[CLOSE]] -[[ADDOP]] ∞[[ID]] ,[[PUNCT]] +[[ADDOP]] ∞[[ID]] [[[OPEN]]
Warning:not_parsed:>OPEN MathParser failed to match rule 'Anything'
	at 0304211.tex; line 1045 col 19 - line 1045 col 30
	In "${[}0,1{[}$"
	> [[[OPEN]] 0[[NUMBER]] ,[[PUNCT]] 1[[NUMBER]] [[[OPEN]]
 12.65 sec)
Math parsing succeeded:
   ltx:XMArg: 928/928
   ltx:XMath: 441/448
Symbols assumed as simple identifiers (with # of occurences):
   'A{italic}' (60), 'C{italic}' (14), 'Delta' (2), 'D{italic}' (17), 'F{italic}' (2), 'G{italic}' (7), 'J{italic}' (32), 'Lambda' (1), 'L{italic}' (66), 'M{italic}' (45), 'N{italic}' (4), 'Omega' (2), 'O{italic}' (4), 'Pi' (1), 'P{italic}' (2), 'R{italic}' (62), 'S{italic}' (110), 'T{italic}' (85), 'U{italic}' (46), 'Z{italic}' (2), 'alpha' (17), 'a{italic}' (42), 'b{italic}' (34), 'chi' (13), 'c{italic}' (32), 'delta' (7), 'd{italic}' (77), 'epsilon' (16), 'eta' (19), 'e{italic}' (53), 'f{italic}' (19), 'g{italic}' (10), 'h{italic}' (2), 'i{italic}' (44), 'j{italic}' (4), 'k{italic}' (33), 'lambda' (12), 'l{italic}' (38), 'mu' (2), 'm{italic}' (43), 'n{italic}' (19), 'omega' (30), 'o{italic}' (2), 'phi' (34), 'pi' (40), 'psi' (4), 'p{italic}' (8), 'q{italic}' (13), 'rho' (1), 'r{italic}' (80), 'sigma' (13), 's{italic}' (22), 'tau' (13), 'theta' (20), 't{italic}' (31), 'u{italic}' (2), 'w{italic}' (28), 'x{italic}' (10), 'y{italic}' (4)
Set MATHPARSER_SPECULATE to speculate on possible notations.
(Finalizing... 1.26 sec)
Conversion complete 8 warnings (See /home/user/latex-in-arxiv/0304211.latexml.log) (reqd. 31.63s)
