latexml (LaTeXML version 0.8.6) processing 2003/0304259.tex
(Digesting TeX 0304259...
(Loading /usr/share/perl5/LaTeXML/Package/TeX.pool.ltxml...
(Loading /usr/share/perl5/LaTeXML/Package/eTeX.pool.ltxml... 0.00 sec)
(Loading /usr/share/perl5/LaTeXML/Package/pdfTeX.pool.ltxml... 0.01 sec) 0.13 sec)
(Processing content /home/user/latex-in-arxiv/2003/0304259.tex...
(Loading /usr/share/perl5/LaTeXML/Package/LaTeX.pool.ltxml...
(Loading /usr/share/perl5/LaTeXML/Package/textcomp.sty.ltxml...
(Processing definitions /usr/share/texlive/texmf-dist/tex/latex-dev/base/ts1enc.dfu... 0.02 sec) 1.05 sec) 1.24 sec)
(Loading /usr/share/perl5/LaTeXML/Package/JHEP.cls.ltxml...
(Loading /usr/share/perl5/LaTeXML/Package/article.cls.ltxml... 0.01 sec)
(Loading /usr/share/perl5/LaTeXML/Package/amssymb.sty.ltxml...
(Loading /usr/share/perl5/LaTeXML/Package/amsfonts.sty.ltxml... 0.00 sec) 0.02 sec)
(Loading /usr/share/perl5/LaTeXML/Package/floatflt.sty.ltxml... 0.01 sec) 0.06 sec)
(Loading /usr/share/perl5/LaTeXML/Package/epsfig.sty.ltxml...
(Loading /usr/share/perl5/LaTeXML/Package/graphicx.sty.ltxml...
(Loading /usr/share/perl5/LaTeXML/Package/graphics.sty.ltxml... 0.01 sec) 0.01 sec) 0.03 sec)
(Loading /usr/share/perl5/LaTeXML/Package/amsmath.sty.ltxml...
(Loading /usr/share/perl5/LaTeXML/Package/amsbsy.sty.ltxml...
(Loading /usr/share/perl5/LaTeXML/Package/amsgen.sty.ltxml... 0.00 sec) 0.01 sec)
(Loading /usr/share/perl5/LaTeXML/Package/amstext.sty.ltxml... 0.00 sec)
(Loading /usr/share/perl5/LaTeXML/Package/amsopn.sty.ltxml... 0.01 sec) 0.05 sec) 13.66 sec) 13.93 sec)
(Building...
(Loading compiled schema /usr/share/perl5/LaTeXML/resources/RelaxNG/LaTeXML.model... 0.01 sec)
Info:malformed:id Duplicated attribute xml:id
	at 0304259.tex; line 1428 col 32 - line 1428 col 32
	Using id='S4.E69a' on <ltx:XMRow _box="Alignment[]" _font="Font[math,medium,italic,10,bla..."/>
	id='S4.E69' already set on <ltx:equation _box="LaTeXML::Core::Alignment=HASH(..." _font="Font[serif,medium,upright,10,b..." xml:id="S4.E69" _ID_counter_m_="3">...
Info:malformed:id Duplicated attribute xml:id
	at 0304259.tex; line 1429 col 36 - line 1429 col 36
	Using id='S4.E72a' on <ltx:XMRow _box="Alignment[]" _font="Font[math,medium,italic,10,bla..."/>
	id='S4.E72' already set on <ltx:equation _box="LaTeXML::Core::Alignment=HASH(..." _font="Font[serif,medium,upright,10,b..." xml:id="S4.E72" _ID_counter_m_="3">...
Info:malformed:id Duplicated attribute xml:id
	at 0304259.tex; line 1435 col 30 - line 1435 col 30
	Using id='S4.E77a' on <ltx:XMRow _box="Alignment[]" _font="Font[math,medium,italic,10,bla..."/>
	id='S4.E77' already set on <ltx:equation _box="LaTeXML::Core::Alignment=HASH(..." _font="Font[serif,medium,upright,10,b..." xml:id="S4.E77" _ID_counter_m_="3">...
Info:malformed:id Duplicated attribute xml:id
	at 0304259.tex; line 1452 col 63 - line 1452 col 63
	Using id='S4.E83a' on <ltx:XMRow _box="Alignment[]" _font="Font[math,medium,italic,10,bla..."/>
	id='S4.E83' already set on <ltx:equation _box="LaTeXML::Core::Alignment=HASH(..." _font="Font[serif,medium,upright,10,b..." xml:id="S4.E83" _ID_counter_m_="3">...
Info:malformed:id Duplicated attribute xml:id
	at 0304259.tex; line 1459 col 52 - line 1459 col 52
	Using id='S4.E88a' on <ltx:XMRow _box="Alignment[]" _font="Font[math,medium,italic,10,bla..."/>
	id='S4.E88' already set on <ltx:equation _box="LaTeXML::Core::Alignment=HASH(..." _font="Font[serif,medium,upright,10,b..." xml:id="S4.E88" _ID_counter_m_="3">...
Info:malformed:id Duplicated attribute xml:id
	at 0304259.tex; line 1468 col 14 - line 1468 col 14
	Using id='S4.E93a' on <ltx:XMRow _box="Alignment[]" _font="Font[math,medium,italic,10,bla..."/>
	id='S4.E93' already set on <ltx:equation _box="LaTeXML::Core::Alignment=HASH(..." _font="Font[serif,medium,upright,10,b..." xml:id="S4.E93" _ID_counter_m_="3" labels="LABEL:eq:mattermatrix">...
Info:malformed:id Duplicated attribute xml:id
	at 0304259.tex; line 1483 col 37 - line 1483 col 37
	Using id='S4.Ex13a' on <ltx:XMRow _box="Alignment[]" _font="Font[math,medium,italic,10,bla..."/>
	id='S4.Ex13' already set on <ltx:equation _box="LaTeXML::Core::Alignment=HASH(..." _font="Font[serif,medium,upright,10,b..." xml:id="S4.Ex13" _ID_counter_m_="3">...
Info:malformed:id Duplicated attribute xml:id
	at 0304259.tex; line 1488 col 53 - line 1488 col 53
	Using id='S4.E98a' on <ltx:XMRow _box="Alignment[]" _font="Font[math,medium,italic,10,bla..."/>
	id='S4.E98' already set on <ltx:equation _box="LaTeXML::Core::Alignment=HASH(..." _font="Font[serif,medium,upright,10,b..." xml:id="S4.E98" _ID_counter_m_="3">...
Info:malformed:id Duplicated attribute xml:id
	at 0304259.tex; line 1492 col 29 - line 1492 col 29
	Using id='S4.E103a' on <ltx:XMRow _box="Alignment[]" _font="Font[math,medium,italic,10,bla..."/>
	id='S4.E103' already set on <ltx:equation _box="LaTeXML::Core::Alignment=HASH(..." _font="Font[serif,medium,upright,10,b..." xml:id="S4.E103" _ID_counter_m_="3">...
 23.79 sec)
(Rewriting... 0.66 sec)
(Math Parsing 1044 formulae ......
Warning:not_parsed:RELOP.ADDOP.ATOM>OPEN MathParser failed to match rule 'Anything'
	at 0304259.tex; line 857 col 6 - line 857 col 6
	In "\begin{multline}\rho(z)=-\frac{i}{2}\Bigl{(}2\tan^{-1}(\frac{1+z}{\sqrt{W^{2}(%
	z-1)^{2}-4z}})-W\log(z)\\
	+W\log(-2z+(1+z)W\sqrt{W^{2}(z-1)^{2}-4z}+W^{2}(1+z^{2}))\Bigl{)}+g(W),\end{%
	multline}\rho(z)=-\frac{i}{2}\Bigl{(}2\tan^{-1}(\frac{1+z}{\sqrt{W^{2}(z-1)^{2%
	}-4z}})-W\log(z)\\
	+W\log(-2z+(1+z)W\sqrt{W^{2}(z-1)^{2}-4z}+W^{2}(1+z^{2}))\Bigl{)}+g(W),"
	ρ[[UNKNOWN]] ([[OPEN]] z[[UNKNOWN]] )[[CLOSE]] =[[RELOP]] -[[ADDOP]] \frac{i}{2}[[UNKNOWN]]
	        > ([[OPEN]] 2[[NUMBER]] tan[[TRIGFUNCTION]] ^{-1}[[POSTSUPERSCRIPT]] ([[OPEN]] \frac{1+z}{\sqrt{W^{2}(z-1)^{2}-4z}}[[UNKNOWN]] )[[CLOSE]] -[[ADDOP]] W[[UNKNOWN]] log[[OPFUNCTION]] ([[OPEN]] z[[UNKNOWN]] )[[CLOSE]]
Warning:not_parsed:POSTSUPERSCRIPT.CLOSE.CLOSE>OPEN MathParser failed to match rule 'Anything'
	at 0304259.tex; line 860 col 3 - line 860 col 3
	+[[ADDOP]] W[[UNKNOWN]] log[[OPFUNCTION]] ([[OPEN]] -[[ADDOP]] 2[[NUMBER]] z[[UNKNOWN]] +[[ADDOP]] ([[OPEN]] 1[[NUMBER]] +[[ADDOP]] z[[UNKNOWN]] )[[CLOSE]] W[[UNKNOWN]] \sqrt{W^{2}(z-1)^{2}-4z}[[UNKNOWN]] +[[ADDOP]] W[[UNKNOWN]] ^{2}[[POSTSUPERSCRIPT]] ([[OPEN]] 1[[NUMBER]] +[[ADDOP]] z[[UNKNOWN]] ^{2}[[POSTSUPERSCRIPT]] )[[CLOSE]] )[[CLOSE]]
	        > )[[OPEN]] +[[ADDOP]] g[[UNKNOWN]] ([[OPEN]] W[[UNKNOWN]] )[[CLOSE]]
Warning:not_parsed:CLOSE.RELOP.ATOM>OPEN MathParser failed to match rule 'Anything'
	at 0304259.tex; line 865 col 0 - line 868 col 14
	In "\begin{equation}g(W)=\frac{i}{2}\Bigl{(}\pi+2\cot^{-1}(W)+i\log\Bigl{(}\frac{W%
	+i}{W-i}\Bigl{)}+W\log(2+2W^{2})\Bigl{)}.\end{equation}"
	g[[UNKNOWN]] ([[OPEN]] W[[UNKNOWN]] )[[CLOSE]] =[[RELOP]] \frac{i}{2}[[UNKNOWN]]
	        > ([[OPEN]] π[[UNKNOWN]] +[[ADDOP]] 2[[NUMBER]] cot[[TRIGFUNCTION]] ^{-1}[[POSTSUPERSCRIPT]] ([[OPEN]] W[[UNKNOWN]] )[[CLOSE]] +[[ADDOP]] i[[UNKNOWN]] log[[OPFUNCTION]] ([[OPEN]] \frac{W+i}{W-i}[[UNKNOWN]] )[[OPEN]] +[[ADDOP]] W[[UNKNOWN]] log[[OPFUNCTION]] ([[OPEN]] 2[[NUMBER]] +[[ADDOP]] 2[[NUMBER]] W[[UNKNOWN]] ^{2}[[POSTSUPERSCRIPT]] )[[CLOSE]] )[[OPEN]]
Warning:not_parsed:RELOP.UNKNOWN.POSTSUPERSCRIPT>OPEN MathParser failed to match rule 'Anything'
	at 0304259.tex; line 877 col 0 - line 883 col 14
	In "\begin{equation}w(z)=e^{\pi/W+i\log\left(\frac{W+i}{W-i}\right)/W}\Biggl{[}-%
	\frac{1+W^{2}}{W^{2}}z+2\frac{1+W^{2}}{W^{4}}z^{2}+\frac{2W^{4}+W^{2}-1}{W^{6}%
	}z^{3}+\mathcal{O}(z^{4})\Biggl{]}.\end{equation}"
	w[[UNKNOWN]] ([[OPEN]] z[[UNKNOWN]] )[[CLOSE]] =[[RELOP]] e[[UNKNOWN]] ^{\pi/W+i\log\left(\frac{W+i}{W-i}\right)/W}[[POSTSUPERSCRIPT]]
	        > [[[OPEN]] -[[ADDOP]] \frac{1+W^{2}}{W^{2}}[[UNKNOWN]] z[[UNKNOWN]] +[[ADDOP]] 2[[NUMBER]] \frac{1+W^{2}}{W^{4}}[[UNKNOWN]] z[[UNKNOWN]] ^{2}[[POSTSUPERSCRIPT]] +[[ADDOP]] \frac{2W^{4}+W^{2}-1}{W^{6}}[[UNKNOWN]] z[[UNKNOWN]] ^{3}[[POSTSUPERSCRIPT]] +[[ADDOP]] O[[UNKNOWN]] ([[OPEN]] z[[UNKNOWN]] ^{4}[[POSTSUPERSCRIPT]] )[[CLOSE]] ][[OPEN]]
Warning:not_parsed:>VERTBAR MathParser failed to match rule 'Anything'
	at 0304259.tex; line 1311 col 0 - line 1316 col 14
	In "\begin{equation}|{\mathcal{T}}\rangle=-g\int_{0}^{\infty}dT\,\left.{}_{1,2}%
	\langle\tilde{V}_{2}|b_{0}^{2}\;e^{-\frac{1}{2}T(L_{0}^{(1)}+L_{0}^{(2)})}|V_{%
	3}\rangle_{1,2,3}\right..\end{equation}"
	> |[[VERTBAR]] T[[UNKNOWN]] \rangle[[CLOSE]] =[[RELOP]] -[[ADDOP]] g[[UNKNOWN]] ∫[[INTOP]] _{0}[[POSTSUBSCRIPT]] ^{\infty}[[POSTSUPERSCRIPT]] d[[UNKNOWN]] T[[UNKNOWN]] {}_{1,2}[[FLOATSUBSCRIPT]] \langle[[OPEN]] \tilde{V}[[UNKNOWN]] _{2}[[POSTSUBSCRIPT]] |[[VERTBAR]] b[[UNKNOWN]] _{0}[[POSTSUBSCRIPT]] ^{2}[[POSTSUPERSCRIPT]] e[[UNKNOWN]] ^{-\frac{1}{2}T(L_{0}^{(1)}+L_{0}^{(2)})}[[POSTSUPERSCRIPT]] |[[VERTBAR]] V[[UNKNOWN]] _{3}[[POSTSUBSCRIPT]] \rangle[[CLOSE]] _{1,2,3}[[POSTSUBSCRIPT]]
Warning:not_parsed:ATOM.PUNCT.NUMBER>CLOSE MathParser failed to match rule 'Anything'
	at 0304259.tex; line 1378 col 0 - line 1378 col 75
	In "$\displaystyle e^{-TL^{(k)}_{0}}\exp\left(-\frac{1}{2}a^{i{\dagger}}_{n}V^{ij}%
	_{mn}a^{j{\dagger}}_{m}\right)c_{0}^{1}|\hat{0};0\rangle_{1}\;c_{0}^{2}|\hat{0%
	};0\rangle_{2}\;c_{0}^{3}|\hat{0};0\rangle_{3}\hskip 72.27pt=e^{T}\exp\left(-%
	\frac{1}{2}a^{i{\dagger}}_{n}V^{ij}_{mn}a^{j{\dagger}}_{m}e^{-T(n\delta_{ik}+m%
	\delta_{jk})}\right)c_{0}^{1}|\hat{0};0\rangle_{1}\;c_{0}^{2}|\hat{0};0\rangle%
	_{2}\;c_{0}^{3}|\hat{0};0\rangle_{3},\@@ENDINLINEMATH"
	e[[UNKNOWN]] ^{-TL^{(k)}_{0}}[[POSTSUPERSCRIPT]] exp[[OPFUNCTION]] \left([[OPEN]] -[[ADDOP]] \frac{1}{2}[[UNKNOWN]] a[[UNKNOWN]] ^{i{\dagger}}[[POSTSUPERSCRIPT]] _{n}[[POSTSUBSCRIPT]] V[[UNKNOWN]] ^{ij}[[POSTSUPERSCRIPT]] _{mn}[[POSTSUBSCRIPT]] a[[UNKNOWN]] ^{j{\dagger}}[[POSTSUPERSCRIPT]] _{m}[[POSTSUBSCRIPT]] \right)[[CLOSE]] c[[UNKNOWN]] _{0}[[POSTSUBSCRIPT]] ^{1}[[POSTSUPERSCRIPT]] |[[VERTBAR]] \hat{0}[[UNKNOWN]] ;[[PUNCT]] 0[[NUMBER]]
	        > \rangle[[CLOSE]] _{1}[[POSTSUBSCRIPT]] c[[UNKNOWN]] _{0}[[POSTSUBSCRIPT]] ^{2}[[POSTSUPERSCRIPT]] |[[VERTBAR]] \hat{0}[[UNKNOWN]] ;[[PUNCT]] 0[[NUMBER]] \rangle[[CLOSE]] _{2}[[POSTSUBSCRIPT]] c[[UNKNOWN]] _{0}[[POSTSUBSCRIPT]] ^{3}[[POSTSUPERSCRIPT]] |[[VERTBAR]] \hat{0}[[UNKNOWN]] ;[[PUNCT]] 0[[NUMBER]] \rangle[[CLOSE]] _{3}[[POSTSUBSCRIPT]] $\displaystylee^{-TL^{(k)}_{0}}\exp\left(-\frac{1}{2}a^{i{\dagger}}_{n}V^{ij}_{mn}a^{j{\dagger}}_{m}\right)c_{0}^{1}|\hat{0};0\rangle_{1}\;c_{0}^{2}|\hat{0};0\rangle_{2}\;c_{0}^{3}|\hat{0};0\rangle_{3}\hskip72.27pt=e^{T}\exp\left(-\frac{1}{2}a^{i{\dagger}}_{n}V^{ij}_{mn}a^{j{\dagger}}_{m}e^{-T(n\delta_{ik}+m\delta_{jk})}\right)c_{0}^{1}|\hat{0};0\rangle_{1}\;c_{0}^{2}|\hat{0};0\rangle_{2}\;c_{0}^{3}|\hat{0};0\rangle_{3},\@@ENDINLINEMATH[[PUNCT]] =[[RELOP]] e[[UNKNOWN]] ^{T}[[POSTSUPERSCRIPT]] exp[[OPFUNCTION]] \left([[OPEN]] -[[ADDOP]] \frac{1}{2}[[UNKNOWN]] a[[UNKNOWN]] ^{i{\dagger}}[[POSTSUPERSCRIPT]] _{n}[[POSTSUBSCRIPT]] V[[UNKNOWN]] ^{ij}[[POSTSUPERSCRIPT]] _{mn}[[POSTSUBSCRIPT]] a[[UNKNOWN]] ^{j{\dagger}}[[POSTSUPERSCRIPT]] _{m}[[POSTSUBSCRIPT]] e[[UNKNOWN]] ^{-T(n\delta_{ik}+m\delta_{jk})}[[POSTSUPERSCRIPT]] \right)[[CLOSE]] c[[UNKNOWN]] _{0}[[POSTSUBSCRIPT]] ^{1}[[POSTSUPERSCRIPT]] |[[VERTBAR]] \hat{0}[[UNKNOWN]] ;[[PUNCT]] 0[[NUMBER]] \rangle[[CLOSE]] _{1}[[POSTSUBSCRIPT]] c[[UNKNOWN]] _{0}[[POSTSUBSCRIPT]] ...
Warning:not_parsed:UNKNOWN.UNKNOWN.POSTSUPERSCRIPT>FLOATSUBSCRIPT MathParser failed to match rule 'Anything'
	at 0304259.tex; line 1419 col 0 - line 1425 col 3
	In "\begin{equation}\int d^{26}q\,e^{-T(q^{2}-1)-q^{2}V^{11}_{00}}\left.{}_{1,2}%
	\langle 0|e^{-\frac{1}{2}aSa}e^{-\frac{1}{2}a^{{\dagger}}\widetilde{V}a^{{%
	\dagger}}-\mu a^{{\dagger}}-\frac{1}{2}a^{3{\dagger}}V^{11}a^{3{\dagger}}}|0%
	\rangle_{1,2,3}\right.,\end{equation}"
	∫[[INTOP]] d[[UNKNOWN]] ^{26}[[POSTSUPERSCRIPT]] q[[UNKNOWN]] e[[UNKNOWN]] ^{-T(q^{2}-1)-q^{2}V^{11}_{00}}[[POSTSUPERSCRIPT]]
	        > {}_{1,2}[[FLOATSUBSCRIPT]] \langle[[OPEN]] 0[[NUMBER]] |[[VERTBAR]] e[[UNKNOWN]] ^{-\frac{1}{2}aSa}[[POSTSUPERSCRIPT]] e[[UNKNOWN]] ^{-\frac{1}{2}a^{{\dagger}}\widetilde{V}a^{{\dagger}}-\mua^{{\dagger}}-\frac{1}{2}a^{3{\dagger}}V^{11}a^{3{\dagger}}}[[POSTSUPERSCRIPT]] |[[VERTBAR]] 0[[NUMBER]] \rangle[[CLOSE]] _{1,2,3}[[POSTSUBSCRIPT]]
Warning:not_parsed:FLOATSUBSCRIPT>OPEN MathParser failed to match rule 'Anything'
	at 0304259.tex; line 1475 col 0 - line 1480 col 3
	In "\begin{equation}\left.{}_{1,2}\langle 0|e^{cSb}e^{-c^{{\dagger}}\widetilde{X}b%
	^{{\dagger}}-\lambda_{c}b^{{\dagger}}-c^{{\dagger}}\lambda_{b}-c^{3{\dagger}}X%
	^{11}b^{3{\dagger}}}|0\rangle_{1,2,3}\right.,\end{equation}"
	{}_{1,2}[[FLOATSUBSCRIPT]]
	        > \langle[[OPEN]] 0[[NUMBER]] |[[VERTBAR]] e[[UNKNOWN]] ^{cSb}[[POSTSUPERSCRIPT]] e[[UNKNOWN]] ^{-c^{{\dagger}}\widetilde{X}b^{{\dagger}}-\lambda_{c}b^{{\dagger}}-c^{{\dagger}}\lambda_{b}-c^{3{\dagger}}X^{11}b^{3{\dagger}}}[[POSTSUPERSCRIPT]] |[[VERTBAR]] 0[[NUMBER]] \rangle[[CLOSE]] _{1,2,3}[[POSTSUBSCRIPT]]
Warning:not_parsed:>VERTBAR MathParser failed to match rule 'Anything'
	at 0304259.tex; line 2426 col 3 - line 2426 col 3
	In "\begin{multline}|\Phi\rangle=\Bigl{(}A(p)c_{1}\tilde{c}_{1}-\alpha_{-1}^{\mu}%
	\tilde{\alpha}_{-1}^{\nu}h_{\mu\nu}(p)c_{1}\tilde{c}_{1}\\
	+(c_{1}c_{-1}-\tilde{c}_{1}\tilde{c}_{-1})(\Phi(p)-h^{\mu}_{\mu}(p)/2)+(c_{0}+%
	\tilde{c}_{0})(c_{1}\alpha_{-1}^{\mu}-\tilde{c}_{1}\tilde{\alpha}_{-1}^{\mu})i%
	\zeta_{\mu}(p)\Bigr{)}|0\rangle.\end{multline}|\Phi\rangle=\Bigl{(}A(p)c_{1}%
	\tilde{c}_{1}-\alpha_{-1}^{\mu}\tilde{\alpha}_{-1}^{\nu}h_{\mu\nu}(p)c_{1}%
	\tilde{c}_{1}\\
	+(c_{1}c_{-1}-\tilde{c}_{1}\tilde{c}_{-1})(\Phi(p)-h^{\mu}_{\mu}(p)/2)+(c_{0}+%
	\tilde{c}_{0})(c_{1}\alpha_{-1}^{\mu}-\tilde{c}_{1}\tilde{\alpha}_{-1}^{\mu})i%
	\zeta_{\mu}(p)\Bigr{)}|0\rangle."
	> |[[VERTBAR]] Φ[[UNKNOWN]] \rangle[[CLOSE]] =[[RELOP]] ([[OPEN]] A[[UNKNOWN]] ([[OPEN]] p[[UNKNOWN]] )[[CLOSE]] c[[UNKNOWN]] _{1}[[POSTSUBSCRIPT]] \tilde{c}[[UNKNOWN]] _{1}[[POSTSUBSCRIPT]] -[[ADDOP]] α[[UNKNOWN]] _{-1}[[POSTSUBSCRIPT]] ^{\mu}[[POSTSUPERSCRIPT]] \tilde{\alpha}[[UNKNOWN]] _{-1}[[POSTSUBSCRIPT]] ^{\nu}[[POSTSUPERSCRIPT]] h[[UNKNOWN]] _{\mu\nu}[[POSTSUBSCRIPT]] ([[OPEN]] p[[UNKNOWN]] )[[CLOSE]] c[[UNKNOWN]] _{1}[[POSTSUBSCRIPT]] \tilde{c}[[UNKNOWN]] _{1}[[POSTSUBSCRIPT]]
Warning:not_parsed:OPEN.UNKNOWN.CLOSE>CLOSE MathParser failed to match rule 'Anything'
	at 0304259.tex; line 2429 col 6 - line 2429 col 6
	... c[[UNKNOWN]] _{-1}[[POSTSUBSCRIPT]] -[[ADDOP]] \tilde{c}[[UNKNOWN]] _{1}[[POSTSUBSCRIPT]] \tilde{c}[[UNKNOWN]] _{-1}[[POSTSUBSCRIPT]] )[[CLOSE]] ([[OPEN]] Φ[[UNKNOWN]] ([[OPEN]] p[[UNKNOWN]] )[[CLOSE]] -[[ADDOP]] h[[UNKNOWN]] ^{\mu}[[POSTSUPERSCRIPT]] _{\mu}[[POSTSUBSCRIPT]] ([[OPEN]] p[[UNKNOWN]] )[[CLOSE]] /[[MULOP]] 2[[NUMBER]] )[[CLOSE]] +[[ADDOP]] ([[OPEN]] c[[UNKNOWN]] _{0}[[POSTSUBSCRIPT]] +[[ADDOP]] \tilde{c}[[UNKNOWN]] _{0}[[POSTSUBSCRIPT]] )[[CLOSE]] ([[OPEN]] c[[UNKNOWN]] _{1}[[POSTSUBSCRIPT]] α[[UNKNOWN]] _{-1}[[POSTSUBSCRIPT]] ^{\mu}[[POSTSUPERSCRIPT]] -[[ADDOP]] \tilde{c}[[UNKNOWN]] _{1}[[POSTSUBSCRIPT]] \tilde{\alpha}[[UNKNOWN]] _{-1}[[POSTSUBSCRIPT]] ^{\mu}[[POSTSUPERSCRIPT]] )[[CLOSE]] i[[UNKNOWN]] ζ[[UNKNOWN]] _{\mu}[[POSTSUBSCRIPT]] ([[OPEN]] p[[UNKNOWN]] )[[CLOSE]]
	        > )[[CLOSE]] |[[VERTBAR]] 0[[NUMBER]] \rangle[[CLOSE]]
 45.67 sec)
Math parsing succeeded:
   ltx:XMWrap: 2/3
   ltx:XMath: 1038/1044
   ltx:XMArg: 2987/2991
Symbols assumed as simple identifiers (with # of occurences):
   'A{italic}' (25), 'B{caligraphic}' (50), 'B{italic}' (12), 'C{italic}' (65), 'F{italic}' (1), 'G{italic}' (4), 'H{italic}' (5), 'J{italic}' (11), 'Lambda' (3), 'L{italic}' (57), 'M{italic}' (37), 'N{italic}' (1), 'O{caligraphic}' (26), 'Phi' (77), 'Psi' (64), 'Q{italic}' (81), 'R{bold}' (3), 'R{italic}' (47), 'S{italic}' (71), 'T{caligraphic}' (70), 'T{italic}' (431), 'U{italic}' (17), 'V{italic}' (64), 'W{italic}' (131), 'X{italic}' (34), 'alpha' (26), 'a{italic}' (67), 'beta' (19), 'b{italic}' (72), 'c{italic}' (217), 'delta' (30), 'd{italic}' (107), 'e' (1), 'eta' (4), 'e{italic}' (100), 'f{italic}' (15), 'gamma' (13), 'g{italic}' (19), 'h{italic}' (61), 'i{italic}' (104), 'j{italic}' (35), 'k{italic}' (54), 'lambda' (11), 'mu' (23), 'm{italic}' (127), 'nu' (18), 'n{italic}' (135), 'phi' (17), 'pi' (69), 'psi' (3), 'p{italic}' (116), 'q{italic}' (59), 'rho' (53), 'r{italic}' (15), 'sigma' (1), 'subleading' (1), 's{italic}' (42), 'tau' (3), 'terms' (1), 't{italic}' (1), 'u{italic}' (60), 'vartheta' (6), 'v{italic}' (24), 'w{italic}' (31), 'x{italic}' (29), 'y{italic}' (3), 'zeta' (19), 'z{italic}' (130)
Set MATHPARSER_SPECULATE to speculate on possible notations.
(Finalizing... 2.28 sec)
Conversion complete 10 warnings (See /home/user/latex-in-arxiv/0304259.latexml.log) (reqd. 1m 28.10s)
