latexml (LaTeXML version 0.8.6) processing 2003/0304051.tex
(Digesting TeX 0304051...
(Loading /usr/share/perl5/LaTeXML/Package/TeX.pool.ltxml...
(Loading /usr/share/perl5/LaTeXML/Package/eTeX.pool.ltxml... 0.01 sec)
(Loading /usr/share/perl5/LaTeXML/Package/pdfTeX.pool.ltxml... 0.02 sec) 0.30 sec)
(Processing content /home/user/latex-in-arxiv/2003/0304051.tex...
(Loading /usr/share/perl5/LaTeXML/Package/LaTeX.pool.ltxml...
(Loading /usr/share/perl5/LaTeXML/Package/textcomp.sty.ltxml...
(Processing definitions /usr/share/texlive/texmf-dist/tex/latex-dev/base/ts1enc.dfu... 0.05 sec) 2.32 sec) 2.76 sec)
(Loading /usr/share/perl5/LaTeXML/Package/article.cls.ltxml... 0.02 sec)
(Loading /usr/share/perl5/LaTeXML/Package/graphicx.sty.ltxml...
(Loading /usr/share/perl5/LaTeXML/Package/graphics.sty.ltxml... 0.01 sec) 0.05 sec)
Info:unexpected:titlepage When using titlepage, Frontmatter will not be well-structured
	at 0304051.tex; line 40 col 0 - line 40 col 17
 15.19 sec) 15.56 sec)
(Building...
(Loading compiled schema /usr/share/perl5/LaTeXML/resources/RelaxNG/LaTeXML.model... 0.02 sec) 15.44 sec)
(Rewriting... 0.49 sec)
(Math Parsing 465 formulae ......
Warning:not_parsed:FLOATSUPERSCRIPT>RELOP MathParser failed to match rule 'Anything'
	at 0304051.tex; line 282 col 8 - line 282 col 14
	In "${}^{\prime}=d/dy$"
	{}^{\prime}[[FLOATSUPERSCRIPT]]
	        > =[[RELOP]] d[[UNKNOWN]] /[[MULOP]] d[[UNKNOWN]] y[[UNKNOWN]]
Warning:not_parsed:FLOATSUPERSCRIPT>RELOP MathParser failed to match rule 'Anything'
	at 0304051.tex; line 643 col 8 - line 643 col 18
	In "${}^{\prime}=d{}/dy$"
	{}^{\prime}[[FLOATSUPERSCRIPT]]
	        > =[[RELOP]] d[[UNKNOWN]] /[[MULOP]] d[[UNKNOWN]] y[[UNKNOWN]]
Warning:not_parsed:UNKNOWN.POSTSUPERSCRIPT.UNKNOWN>OPEN MathParser failed to match rule 'Anything'
	at 0304051.tex; line 1101 col 11 - line 1101 col 11
	In "$\displaystyle\delta S_{\rm M}=-\int d^{5}x\left\{-4\partial_{P}(\sqrt{-g}g^{%
	MP}g^{NQ}\left[(\partial_{M}f)(\partial_{N}\omega)-(\partial_{N}f)(\partial_{M%
	}\omega)\right])\tilde{A}_{Q}\right.\@@ENDINLINEMATH"
	δ[[UNKNOWN]] S[[UNKNOWN]] _{\rmM}[[POSTSUBSCRIPT]] =[[RELOP]] -[[ADDOP]] ∫[[INTOP]] d[[UNKNOWN]] ^{5}[[POSTSUPERSCRIPT]] x[[UNKNOWN]]
	        > \left\{[[OPEN]] -[[ADDOP]] 4[[NUMBER]] ∂[[OPERATOR]] _{P}[[POSTSUBSCRIPT]] ([[OPEN]] \sqrt{-g}[[UNKNOWN]] g[[UNKNOWN]] ^{MP}[[POSTSUPERSCRIPT]] g[[UNKNOWN]] ^{NQ}[[POSTSUPERSCRIPT]] \left[[[OPEN]] ([[OPEN]] ∂[[OPERATOR]] _{M}[[POSTSUBSCRIPT]] f[[UNKNOWN]] )[[CLOSE]] ([[OPEN]] ∂[[OPERATOR]] _{N}[[POSTSUBSCRIPT]] ω[[UNKNOWN]] )[[CLOSE]] -[[ADDOP]] ([[OPEN]] ∂[[OPERATOR]] _{N}[[POSTSUBSCRIPT]] f[[UNKNOWN]] )[[CLOSE]] ([[OPEN]] ∂[[OPERATOR]] _{M}[[POSTSUBSCRIPT]] ω[[UNKNOWN]] )[[CLOSE]] \right][[CLOSE]] )[[CLOSE]] \tilde{A}[[UNKNOWN]] _{Q}[[POSTSUBSCRIPT]]
Warning:not_parsed:UNKNOWN.POSTSUPERSCRIPT.UNKNOWN>OPEN MathParser failed to match rule 'Anything'
	at 0304051.tex; line 1101 col 11 - line 1107 col 23
	In "$\displaystyle\delta S_{\rm M}=-\int d^{5}x\left\{-4\partial_{P}(\sqrt{-g}g^{%
	MP}g^{NQ}\left[(\partial_{M}f)(\partial_{N}\omega)-(\partial_{N}f)(\partial_{M%
	}\omega)\right])\tilde{A}_{Q}\right.$"
	δ[[UNKNOWN]] S[[UNKNOWN]] _{\rmM}[[POSTSUBSCRIPT]] =[[RELOP]] -[[ADDOP]] ∫[[INTOP]] d[[UNKNOWN]] ^{5}[[POSTSUPERSCRIPT]] x[[UNKNOWN]]
	        > \left\{[[OPEN]] -[[ADDOP]] 4[[NUMBER]] ∂[[OPERATOR]] _{P}[[POSTSUBSCRIPT]] ([[OPEN]] \sqrt{-g}[[UNKNOWN]] g[[UNKNOWN]] ^{MP}[[POSTSUPERSCRIPT]] g[[UNKNOWN]] ^{NQ}[[POSTSUPERSCRIPT]] \left[[[OPEN]] ([[OPEN]] ∂[[OPERATOR]] _{M}[[POSTSUBSCRIPT]] f[[UNKNOWN]] )[[CLOSE]] ([[OPEN]] ∂[[OPERATOR]] _{N}[[POSTSUBSCRIPT]] ω[[UNKNOWN]] )[[CLOSE]] -[[ADDOP]] ([[OPEN]] ∂[[OPERATOR]] _{N}[[POSTSUBSCRIPT]] f[[UNKNOWN]] )[[CLOSE]] ([[OPEN]] ∂[[OPERATOR]] _{M}[[POSTSUBSCRIPT]] ω[[UNKNOWN]] )[[CLOSE]] \right][[CLOSE]] )[[CLOSE]] \tilde{A}[[UNKNOWN]] _{Q}[[POSTSUBSCRIPT]]
Warning:not_parsed:CLOSE.ATOM.POSTSUPERSCRIPT>CLOSE MathParser failed to match rule 'Anything'
	at 0304051.tex; line 1107 col 0 - line 1107 col 24
	In "$\displaystyle\left.+2\sqrt{-g}M^{2}f(\partial_{M}\omega)\tilde{A}^{M}\right\}%
	\ .\@@ENDINLINEMATH"
	+[[ADDOP]] 2[[NUMBER]] \sqrt{-g}[[UNKNOWN]] M[[UNKNOWN]] ^{2}[[POSTSUPERSCRIPT]] f[[UNKNOWN]] ([[OPEN]] ∂[[OPERATOR]] _{M}[[POSTSUBSCRIPT]] ω[[UNKNOWN]] )[[CLOSE]] \tilde{A}[[UNKNOWN]] ^{M}[[POSTSUPERSCRIPT]]
	        > \right\}[[CLOSE]]
Warning:not_parsed:CLOSE.ATOM.POSTSUPERSCRIPT>CLOSE MathParser failed to match rule 'Anything'
	at 0304051.tex; line 1107 col 0 - line 1111 col 14
	In "$\displaystyle\left.+2\sqrt{-g}M^{2}f(\partial_{M}\omega)\tilde{A}^{M}\right\}%
	\ .$"
	+[[ADDOP]] 2[[NUMBER]] \sqrt{-g}[[UNKNOWN]] M[[UNKNOWN]] ^{2}[[POSTSUPERSCRIPT]] f[[UNKNOWN]] ([[OPEN]] ∂[[OPERATOR]] _{M}[[POSTSUBSCRIPT]] ω[[UNKNOWN]] )[[CLOSE]] \tilde{A}[[UNKNOWN]] ^{M}[[POSTSUPERSCRIPT]]
	        > \right\}[[CLOSE]]
 27.57 sec)
Math parsing succeeded:
   ltx:XMath: 459/465
   ltx:XMArg: 1432/1432
Symbols assumed as simple identifiers (with # of occurences):
   'A{italic}' (89), 'C{italic}' (2), 'D{italic}' (1), 'F{italic}' (26), 'G{italic}' (2), 'H{italic}' (4), 'Lambda' (16), 'M{italic}' (58), 'N{italic}' (27), 'Phi' (6), 'P{italic}' (19), 'Q{italic}' (7), 'R{italic}' (3), 'S{italic}' (23), 'T{italic}' (1), 'U{italic}' (16), 'V{italic}' (55), 'X{italic}' (5), 'alpha' (30), 'a{italic}' (25), 'b{italic}' (22), 'chi' (7), 'cosh' (1), 'c{italic}' (23), 'delta' (36), 'd{italic}' (86), 'epsilon' (8), 'e{italic}' (38), 'f{italic}' (18), 'gamma' (39), 'g{italic}' (57), 'h{italic}' (5), 'i{italic}' (12), 'j{italic}' (12), 'kappa' (43), 'k{italic}' (13), 'lambda' (24), 'mu' (53), 'm{italic}' (46), 'nu' (10), 'n{italic}' (10), 'omega' (13), 'phi' (94), 'sinh' (1), 's{italic}' (5), 'tau' (25), 'theta' (2), 't{italic}' (17), 'u{italic}' (37), 'varphi' (4), 'xi' (39), 'x{italic}' (56), 'y{italic}' (90), 'zeta' (23), 'z{italic}' (97)
Set MATHPARSER_SPECULATE to speculate on possible notations.
(Finalizing... 2.31 sec)
Conversion complete 6 warnings (See /home/user/latex-in-arxiv/0304051.latexml.log) (reqd. 1m 3.02s)
