latexml (LaTeXML version 0.8.6) processing 2003/0304215.tex
(Digesting TeX 0304215...
(Loading /usr/share/perl5/LaTeXML/Package/TeX.pool.ltxml...
(Loading /usr/share/perl5/LaTeXML/Package/eTeX.pool.ltxml... 0.00 sec)
(Loading /usr/share/perl5/LaTeXML/Package/pdfTeX.pool.ltxml... 0.01 sec) 0.17 sec)
(Processing content /home/user/latex-in-arxiv/2003/0304215.tex...
(Loading /usr/share/perl5/LaTeXML/Package/LaTeX.pool.ltxml...
(Loading /usr/share/perl5/LaTeXML/Package/textcomp.sty.ltxml...
(Processing definitions /usr/share/texlive/texmf-dist/tex/latex-dev/base/ts1enc.dfu... 0.02 sec) 1.41 sec) 1.66 sec)
(Loading /usr/share/perl5/LaTeXML/Package/article.cls.ltxml... 0.01 sec)
Info:ignore:\section Ignoring redefinition of \section
	at 0304215.tex; line 15 col 0 - line 15 col 58
 4.54 sec) 4.72 sec)
(Building...
(Loading compiled schema /usr/share/perl5/LaTeXML/resources/RelaxNG/LaTeXML.model... 0.01 sec) 2.61 sec)
(Rewriting... 0.08 sec)
(Math Parsing 144 formulae ......
Warning:not_parsed:UNKNOWN.CLOSE.ADDOP>OPEN MathParser failed to match rule 'Anything'
	at 0304215.tex; line 381 col 0 - line 385 col 14
	In "\begin{equation}\delta^{0}\psi(x,t)=ih(x)\psi(x,t)-f_{i}(x,t){\partial}_{i}%
	\psi(x,t)+\big{[}k(t)-g(t){\partial}_{t})\big{]}\psi(x,t)\end{equation}"
	δ[[UNKNOWN]] ^{0}[[POSTSUPERSCRIPT]] ψ[[UNKNOWN]] ([[OPEN]] x[[UNKNOWN]] ,[[PUNCT]] t[[UNKNOWN]] )[[CLOSE]] =[[RELOP]] i[[UNKNOWN]] h[[UNKNOWN]] ([[OPEN]] x[[UNKNOWN]] )[[CLOSE]] ψ[[UNKNOWN]] ([[OPEN]] x[[UNKNOWN]] ,[[PUNCT]] t[[UNKNOWN]] )[[CLOSE]] -[[ADDOP]] f[[UNKNOWN]] _{i}[[POSTSUBSCRIPT]] ([[OPEN]] x[[UNKNOWN]] ,[[PUNCT]] t[[UNKNOWN]] )[[CLOSE]] ∂[[OPERATOR]] _{i}[[POSTSUBSCRIPT]] ψ[[UNKNOWN]] ([[OPEN]] x[[UNKNOWN]] ,[[PUNCT]] t[[UNKNOWN]] )[[CLOSE]] +[[ADDOP]]
	        > [[[OPEN]] k[[UNKNOWN]] ([[OPEN]] t[[UNKNOWN]] )[[CLOSE]] -[[ADDOP]] g[[UNKNOWN]] ([[OPEN]] t[[UNKNOWN]] )[[CLOSE]] ∂[[OPERATOR]] _{t}[[POSTSUBSCRIPT]] )[[CLOSE]] ][[CLOSE]] ψ[[UNKNOWN]] ([[OPEN]] x[[UNKNOWN]] ,[[PUNCT]] t[[UNKNOWN]] )[[CLOSE]]
 3.82 sec)
Math parsing succeeded:
   ltx:XMath: 143/144
   ltx:XMArg: 653/653
Symbols assumed as simple identifiers (with # of occurences):
   'Delta' (11), 'D{caligraphic}' (7), 'F{caligraphic}' (3), 'F{italic}' (1), 'G{caligraphic}' (12), 'G{italic}' (2), 'H{caligraphic}' (13), 'J{caligraphic}' (4), 'K{caligraphic}' (6), 'K{italic}' (2), 'L{caligraphic}' (21), 'M{italic}' (2), 'O{italic}' (2), 'P{caligraphic}' (5), 'S{italic}' (4), 'U{italic}' (5), 'V{italic}' (21), 'a{italic}' (5), 'delta' (59), 'd{italic}' (25), 'epsilon' (16), 'f{italic}' (25), 'g{italic}' (19), 'h{italic}' (4), 'i{italic}' (35), 'j{italic}' (11), 'kappa' (8), 'k{italic}' (7), 'lambda' (9), 'l{italic}' (3), 'n{italic}' (1), 'psi' (96), 'rho' (83), 'r{italic}' (3), 'theta' (18), 't{italic}' (75), 'x{italic}' (37)
Set MATHPARSER_SPECULATE to speculate on possible notations.
(Finalizing... 0.40 sec)
Conversion complete 1 warning (See /home/user/latex-in-arxiv/0304215.latexml.log) (reqd. 12.00s)
