latexml (LaTeXML version 0.8.6) processing 2003/0304149.tex
(Digesting TeX 0304149...
(Loading /usr/share/perl5/LaTeXML/Package/TeX.pool.ltxml...
(Loading /usr/share/perl5/LaTeXML/Package/eTeX.pool.ltxml... 0.01 sec)
(Loading /usr/share/perl5/LaTeXML/Package/pdfTeX.pool.ltxml... 0.01 sec) 0.22 sec)
(Processing content /home/user/latex-in-arxiv/2003/0304149.tex...
(Loading /usr/share/perl5/LaTeXML/Package/LaTeX.pool.ltxml...
(Loading /usr/share/perl5/LaTeXML/Package/textcomp.sty.ltxml...
(Processing definitions /usr/share/texlive/texmf-dist/tex/latex-dev/base/ts1enc.dfu... 0.04 sec) 1.61 sec) 1.90 sec)
Info:unexpected:\documentstyle Entering LaTeX 2.09 Compatibility mode
	at 0304149.tex; line 1 col 0 - line 1 col 29
(Loading /usr/share/perl5/LaTeXML/Package/article.cls.ltxml... 0.01 sec)
Info:unexpected:titlepage When using titlepage, Frontmatter will not be well-structured
	at 0304149.tex; line 20 col 0 - line 20 col 17
 7.18 sec) 7.42 sec)
(Building...
(Loading compiled schema /usr/share/perl5/LaTeXML/resources/RelaxNG/LaTeXML.model... 0.01 sec)
Warning:unexpected:eqnarray Unrecognized equation patterns (1) in eqnarray
	at 0304149.tex; line 223 col 1 - line 223 col 1
	In Core::Definition::Constructor[\@@eqna... /usr/share/perl5/LaTeXML/Package/LaTeX.pool.ltxml; line 2290
Warning:unexpected:eqnarray Unrecognized equation patterns (1) in eqnarray
	at 0304149.tex; line 255 col 1 - line 255 col 1
	In Core::Definition::Constructor[\@@eqna... /usr/share/perl5/LaTeXML/Package/LaTeX.pool.ltxml; line 2290
Warning:unexpected:eqnarray Unrecognized equation patterns (1) in eqnarray
	at 0304149.tex; line 274 col 1 - line 274 col 1
	In Core::Definition::Constructor[\@@eqna... /usr/share/perl5/LaTeXML/Package/LaTeX.pool.ltxml; line 2290
Warning:unexpected:eqnarray Unrecognized equation patterns (1) in eqnarray
	at 0304149.tex; line 282 col 1 - line 282 col 1
	In Core::Definition::Constructor[\@@eqna... /usr/share/perl5/LaTeXML/Package/LaTeX.pool.ltxml; line 2290
Warning:unexpected:eqnarray Unrecognized equation patterns (1) in eqnarray
	at 0304149.tex; line 303 col 1 - line 303 col 1
	In Core::Definition::Constructor[\@@eqna... /usr/share/perl5/LaTeXML/Package/LaTeX.pool.ltxml; line 2290
Warning:unexpected:eqnarray Unrecognized equation patterns (1) in eqnarray
	at 0304149.tex; line 331 col 1 - line 331 col 1
	In Core::Definition::Constructor[\@@eqna... /usr/share/perl5/LaTeXML/Package/LaTeX.pool.ltxml; line 2290
Warning:unexpected:eqnarray Unrecognized equation patterns (1) in eqnarray
	at 0304149.tex; line 346 col 1 - line 346 col 1
	In Core::Definition::Constructor[\@@eqna... /usr/share/perl5/LaTeXML/Package/LaTeX.pool.ltxml; line 2290
Warning:unexpected:eqnarray Unrecognized equation patterns (1) in eqnarray
	at 0304149.tex; line 466 col 1 - line 466 col 1
	In Core::Definition::Constructor[\@@eqna... /usr/share/perl5/LaTeXML/Package/LaTeX.pool.ltxml; line 2290
Warning:unexpected:eqnarray Unrecognized equation patterns (1) in eqnarray
	at 0304149.tex; line 482 col 1 - line 482 col 1
	In Core::Definition::Constructor[\@@eqna... /usr/share/perl5/LaTeXML/Package/LaTeX.pool.ltxml; line 2290
 6.87 sec)
(Rewriting... 0.30 sec)
(Math Parsing 282 formulae ......
Warning:not_parsed:UNKNOWN.PUNCT.UNKNOWN>CLOSE MathParser failed to match rule 'Anything'
	at 0304149.tex; line 165 col 6 - line 165 col 6
	In "$\displaystyle\{A,B,C\}_{lmn}\equiv(ABC+BCA+CAB+BAC+ACB+CBA)_{lmn}.\@@ENDINLINEMATH"
	{[[UNKNOWN]] A[[UNKNOWN]] ,[[PUNCT]] B[[UNKNOWN]] ,[[PUNCT]] C[[UNKNOWN]]
	        > \}[[CLOSE]] _{lmn}[[POSTSUBSCRIPT]] ≡[[RELOP]] ([[OPEN]] A[[UNKNOWN]] B[[UNKNOWN]] C[[UNKNOWN]] +[[ADDOP]] B[[UNKNOWN]] C[[UNKNOWN]] A[[UNKNOWN]] +[[ADDOP]] C[[UNKNOWN]] A[[UNKNOWN]] B[[UNKNOWN]] +[[ADDOP]] B[[UNKNOWN]] A[[UNKNOWN]] C[[UNKNOWN]] +[[ADDOP]] A[[UNKNOWN]] C[[UNKNOWN]] B[[UNKNOWN]] +[[ADDOP]] C[[UNKNOWN]] B[[UNKNOWN]] A[[UNKNOWN]] )[[CLOSE]] _{lmn}[[POSTSUBSCRIPT]]
Warning:not_parsed:UNKNOWN.PUNCT.UNKNOWN>CLOSE MathParser failed to match rule 'Anything'
	at 0304149.tex; line 165 col 6 - line 168 col 14
	In "$\displaystyle\{A,B,C\}_{lmn}\equiv(ABC+BCA+CAB+BAC+ACB+CBA)_{lmn}.$"
	{[[UNKNOWN]] A[[UNKNOWN]] ,[[PUNCT]] B[[UNKNOWN]] ,[[PUNCT]] C[[UNKNOWN]]
	        > \}[[CLOSE]] _{lmn}[[POSTSUBSCRIPT]] ≡[[RELOP]] ([[OPEN]] A[[UNKNOWN]] B[[UNKNOWN]] C[[UNKNOWN]] +[[ADDOP]] B[[UNKNOWN]] C[[UNKNOWN]] A[[UNKNOWN]] +[[ADDOP]] C[[UNKNOWN]] A[[UNKNOWN]] B[[UNKNOWN]] +[[ADDOP]] B[[UNKNOWN]] A[[UNKNOWN]] C[[UNKNOWN]] +[[ADDOP]] A[[UNKNOWN]] C[[UNKNOWN]] B[[UNKNOWN]] +[[ADDOP]] C[[UNKNOWN]] B[[UNKNOWN]] A[[UNKNOWN]] )[[CLOSE]] _{lmn}[[POSTSUBSCRIPT]]
Warning:not_parsed:POSTSUBSCRIPT.RELOP.ATOM>OPEN MathParser failed to match rule 'Anything'
	at 0304149.tex; line 303 col 5 - line 303 col 5
	In "$\displaystyle(G^{1})_{lmn}=\frac{\hbar_{C}}{8^{1/4}}\Bigl{(}(\delta_{lm-1}+%
	\delta_{lm+1}\Bigr{.}+\delta_{lm-N+1}+\delta_{lm+N-1})~{}~{}~{}~{}~{}~{}~{}~{}%
	~{}~{}~{}~{}~{}~{}~{}~{}~{}~{}~{}~{}~{}~{}~{}~{}~{}~{}~{}~{}~{}~{}~{}~{}~{}~{}%
	~{}~{}~{}~{}~{}~{}\cdot(1-\delta_{lN+1})(1-\delta_{mN+1})\delta_{nN+1}~{}~{}~{%
	}~{}~{}~{}~{}~{}~{}+(\delta_{mn-1}+\delta_{mn+1}+\delta_{mn-N+1}+\delta_{mn+N-%
	1})(1-\delta_{mN+1})(1-\delta_{nN+1})\delta_{lN+1}~{}~{}~{}~{}~{}~{}~{}~{}~{}+%
	(\delta_{nl-1}+\delta_{nl+1}\Bigl{.}+\delta_{nl-N+1}+\delta_{nl+N-1})(1-\delta%
	_{nN+1})(1-\delta_{lN+1})\delta_{mN+1}\Bigr{)},(G^{2})_{lmn}=\frac{\hbar_{C}}{%
	8^{1/4}i}\Bigl{(}(\delta_{lm-1}-\delta_{lm+1}\Bigr{.}+\delta_{lm-N+1}-\delta_{%
	lm+N-1})~{}~{}~{}~{}~{}~{}~{}~{}~{}~{}~{}~{}~{}~{}~{}~{}~{}~{}~{}~{}~{}~{}~{}~%
	{}~{}~{}~{}~{}~{}~{}~{}~{}~{}~{}~{}~{}~{}~{}~{}~{}\cdot(1-\delta_{lN+1})(1-%
	\delta_{mN+1})\delta_{nN+1}~{}~{}~{}~{}~{}~{}~{}~{}~{}+(\delta_{mn-1}-\delta_{%
	mn+1}+\delta_{mn-N+1}-\delta_{mn+N-1})(1-\delta_{mN+1})(1-\delta_{nN+1})\delta%
	_{lN+1}~{}~{}~{}~{}~{}~{}~{}~{}~{}+(\delta_{nl-1}-\delta_{nl+1}\Bigl{.}+\delta%
	_{nl-N+1}-\delta_{nl+N-1})(1-\delta_{nN+1})(1-\delta_{lN+1})\delta_{mN+1}\Bigr%
	{)},(G^{3})_{lmn}=\frac{\hbar_{C}}{2^{1/4}}\Bigl{(}\delta_{lm}g^{3}_{mn}+%
	\delta_{mn}g^{3}_{nl}+\delta_{nl}g^{3}_{lm}\Bigr{)},(G^{4})_{lmn}=\frac{\hbar_%
	{C}}{8^{1/4}}\Bigl{(}\delta_{lm}g^{4}_{mn}+\delta_{mn}g^{4}_{nl}+\delta_{nl}g^%
	{4}_{lm}\Bigr{)},\@@ENDINLINEMATH"
	([[OPEN]] G[[UNKNOWN]] ^{1}[[POSTSUPERSCRIPT]] )[[CLOSE]] _{lmn}[[POSTSUBSCRIPT]] =[[RELOP]] \frac{\hbar_{C}}{8^{1/4}}[[UNKNOWN]]
	        > ([[OPEN]] ([[OPEN]] δ[[UNKNOWN]] _{lm-1}[[POSTSUBSCRIPT]] +[[ADDOP]] δ[[UNKNOWN]] _{lm+1}[[POSTSUBSCRIPT]] .[[PERIOD]] +[[ADDOP]] δ[[UNKNOWN]] _{lm-N+1}[[POSTSUBSCRIPT]] +[[ADDOP]] δ[[UNKNOWN]] _{lm+N-1}[[POSTSUBSCRIPT]] )[[CLOSE]] $\displaystyle(G^{1})_{lmn}=\frac{\hbar_{C}}{8^{1/4}}\Bigl{(}(\delta_{lm-1}+\delta_{lm+1}\Bigr{.}+\delta_{lm-N+1}+\delta_{lm+N-1})~{}~{}~{}~{}~{}~{}~{}~{}~{}~{}~{}~{}~{}~{}~{}~{}~{}~{}~{}~{}~{}~{}~{}~{}~{}~{}~{}~{}~{}~{}~{}~{}~{}~{}~{}~{}~{}~{}~{}~{}\cdot(1-\delta_{lN+1})(1-\delta_{mN+1})\delta_{nN+1}~{}~{}~{}~{}~{}~{}~{}~{}~{}+(\delta_{mn-1}+\delta_{mn+1}+\delta_{mn-N+1}+\delta_{mn+N-1})(1-\delta_{mN+1})(1-\delta_{nN+1})\delta_{lN+1}~{}~{}~{}~{}~{}~{}~{}~{}~{}+(\delta_{nl-1}+\delta_{nl+1}\Bigl{.}+\delta_{nl-N+1}+\delta_{nl+N-1})(1-\delta_{nN+1})(1-\delta_{lN+1})\delta_{mN+1}\Bigr{)},(G^{2})_{lmn}=\frac{\hbar_{C}}{8^{1/4}i}\Bigl{(}(\delta_{lm-1}-\delta_{lm+1}\Bigr{.}+\delta_{lm-N+1}-\delta_{lm+N-1})~{}~{}~{}~{}~{}~{}~{}~{}~{}~{}~{}~{}~{}~{}~{}~{}~{}~{}~{}~{}~{}~{}~{}~{}~{}~{}~{}~{}~{}~{}~{}~{}~{}~{}~{}~{}~{}~{}~{}~{}\cdot(1-\delta_{lN+1})(1-\delta_{mN+1})\delta_{nN+1}~{}~{}~{}~{}~{}~{}~{}~{}~{}+(\delta_{mn-1}-\delta_{mn+1}+\delta_{mn-N+1}-\delta_{mn+N-1})(1-\delta_{mN+1})(1-\delta_{nN+1})\delta_{lN+1}~{}~{}~{}~{}~{}~{}~{}~{}~{}+(\delta_{nl-1}-\delta_{nl+1}\Bigl{.}+\delta_{nl-N+1}-\delta_{nl+N-1})(1-\delta_{nN+1})(1-\delta_{lN+1})\delta_{mN+1}\Bigr{)},(G^{3})_{lmn}=\frac{\hbar_{C}}{2^{1/4}}\Bigl{(}\delta_{lm}g^{3}_{mn}+\delta_{mn}g^{3}_{nl}+\delta_{nl}g^{3}_{lm}\Bigr{)},(G^{4})_{lmn}=\frac{\hbar_{C}}{8^{1/4}}\Bigl{(}\delta_{lm}g^{4}_{mn}+\delta_{mn}g^{4}_{nl}+\delta_{nl}g^{4}_{lm}\Bigr{)},\@@ENDINLINEMATH[[PUNCT]] ⋅[[MULOP]] ([[OPEN]] 1[[NUMBER]] -[[ADDOP]] δ[[UNKNOWN]] _{lN+1}[[POSTSUBSCRIPT]] )[[CLOSE]] ([[OPEN]] 1[[NUMBER]] -[[ADDOP]] δ[[UNKNOWN]] _{mN+1}[[POSTSUBSCRIPT]] )[[CLOSE]] δ[[UNKNOWN]] _{nN+1}[[POSTSUBSCRIPT]] $\displaystyle(G^{1})_{lmn}=\frac{\hbar_{C}}{8^{1/4}}\Bigl{(}(\delta_{lm-1}+\delta_{lm+1}\Bigr{.}+\delta_{lm-N+1}+\delta_{lm+N-1})~{}~{}~{}~{}~{}~{}~{}~{}~{}~{}~{}~{}~{}~{}~{}~{}~{}~{}~{}~{}~{}~{}~{}~{}~{}~{}~{}~{}~{}~{}~{}~{}~{}~{}~{}~{}~{}~{}~{}~{}\cdot(1-\delta_{lN+1})(1-\delta_{mN+1})\delta_{nN+1}~{}~{}~{}~{}~{}~{}~{}~{}~{}+(\delta_{mn-1}+\delta_{mn+1}+\delta_{mn-N+1}+\delta_{mn+N-1})(1-\delta_{mN+1})(1-\delta_{nN+1})\delta_{lN+1}~{}~{}~{}~{}~{}~{}~{}~{}~{}+(\delta_{nl-1}+\delta_{nl+1}\Bigl{.}+\delta_{nl-N+1}+\delta_{nl+N-1})(1-\delta_{nN+1})(1-\delta_{lN+1})\delta_{mN+1}\Bigr{)},(G^{2})_{lmn}=\frac{\hbar_{C}}{8^{1/4}i}\Bigl{(}(\delta_{lm-1}-\delta_{lm+1}\Bigr{.}+\delta_{lm-N+1}-\delta_{lm+N-1})~{}~{}~{}~{}~{}~{}~{}~{}~{}~{}~{}~{}~{}~{}~{}~{}~{}~{}~{}~{}~{}~{}~{}~{}~{}~{}~{}~{}~{}~{}~{}~{}~{}~{}~{}~{}~{}~{}~{}~{}\cdot(1-\delta_{lN+1})(1-\delta_{mN+1})\delta_{nN+1}~{}~{}~{}~{}~{}~{}~{}~{}~{}+(\delta_{mn-1}-\delta_{mn+1}+\delta_{mn-N+1}-\delta_{mn+N-1})(1-\delta_{mN+1})(1-\delta_{nN+1})\delta_{lN+1}~{}~{}~{}~{}~{}~{}~{}~{}~{}+(\delta_{nl-1}-\delta_{nl+1}\Bigl{.}+\delta_{nl-N+1}-\delta_{nl+N-1})(1-\delta_{nN+1})(1-\delta_{lN+1})\delta_{mN+1}\Bigr{)},(G^{3})_{lmn}=\frac{\hbar_{C}}{2^{1/4}}\Bigl{(}\delta_{lm}g^{3}_{mn}+\delta_{mn}g^{3}_{nl}+\delta_{nl}g^{3}_{lm}\Bigr{)},(G^{4})_{lmn}=\frac{\hbar_{C}}{8^{1/4}}\Bigl{(}\delta_{lm}g^{4}_{mn}+\delta_{mn}g^{4}_{nl}+\delta_{nl}g^{4}_{lm}\Bigr{)},\@@ENDINLINEMATH[[PUNCT]] +[[ADDOP]] ([[OPEN]] δ[[UNKNOWN]] _{mn-1}[[POSTSUBSCRIPT]] +[[ADDOP]] δ[[UNKNOWN]] _{mn+1}[[POSTSUBSCRIPT]] +[[ADDOP]] δ[[UNKNOWN]] _{mn-N+1}[[POSTSUBSCRIPT]] +[[ADDOP]] δ[[UNKNOWN]] _{mn+N-1}[[POSTSUBSCRIPT]] )[[CLOSE]] ([[OPEN]] 1[[NUMBER]] -[[ADDOP]] δ[[UNKNOWN]] _{mN+1}[[POSTSUBSCRIPT]] ...
Warning:not_parsed:POSTSUBSCRIPT.RELOP.ATOM>OPEN MathParser failed to match rule 'Anything'
	at 0304149.tex; line 303 col 5 - line 305 col 1
	In "$\displaystyle(G^{1})_{lmn}=\frac{\hbar_{C}}{8^{1/4}}\Bigl{(}(\delta_{lm-1}+%
	\delta_{lm+1}\Bigr{.}+\delta_{lm-N+1}+\delta_{lm+N-1})$"
	([[OPEN]] G[[UNKNOWN]] ^{1}[[POSTSUPERSCRIPT]] )[[CLOSE]] _{lmn}[[POSTSUBSCRIPT]] =[[RELOP]] \frac{\hbar_{C}}{8^{1/4}}[[UNKNOWN]]
	        > ([[OPEN]] ([[OPEN]] δ[[UNKNOWN]] _{lm-1}[[POSTSUBSCRIPT]] +[[ADDOP]] δ[[UNKNOWN]] _{lm+1}[[POSTSUBSCRIPT]] .[[PERIOD]] +[[ADDOP]] δ[[UNKNOWN]] _{lm-N+1}[[POSTSUBSCRIPT]] +[[ADDOP]] δ[[UNKNOWN]] _{lm+N-1}[[POSTSUBSCRIPT]] )[[CLOSE]]
Warning:not_parsed:ADDOP>OPEN MathParser failed to match rule 'Anything'
	at 0304149.tex; line 308 col 5 - line 310 col 1
	In "$\displaystyle~{}~{}~{}~{}~{}~{}~{}~{}~{}+(\delta_{nl-1}+\delta_{nl+1}\Bigl{.}%
	+\delta_{nl-N+1}+\delta_{nl+N-1})(1-\delta_{nN+1})(1-\delta_{lN+1})\delta_{mN+%
	1}\Bigr{)},$"
	+[[ADDOP]]
	        > ([[OPEN]] δ[[UNKNOWN]] _{nl-1}[[POSTSUBSCRIPT]] +[[ADDOP]] δ[[UNKNOWN]] _{nl+1}[[POSTSUBSCRIPT]] .[[PERIOD]] +[[ADDOP]] δ[[UNKNOWN]] _{nl-N+1}[[POSTSUBSCRIPT]] +[[ADDOP]] δ[[UNKNOWN]] _{nl+N-1}[[POSTSUBSCRIPT]] )[[CLOSE]] ([[OPEN]] 1[[NUMBER]] -[[ADDOP]] δ[[UNKNOWN]] _{nN+1}[[POSTSUBSCRIPT]] )[[CLOSE]] ([[OPEN]] 1[[NUMBER]] -[[ADDOP]] δ[[UNKNOWN]] _{lN+1}[[POSTSUBSCRIPT]] )[[CLOSE]] δ[[UNKNOWN]] _{mN+1}[[POSTSUBSCRIPT]] )[[CLOSE]]
Warning:not_parsed:POSTSUBSCRIPT.RELOP.ATOM>OPEN MathParser failed to match rule 'Anything'
	at 0304149.tex; line 310 col 5 - line 312 col 1
	In "$\displaystyle(G^{2})_{lmn}=\frac{\hbar_{C}}{8^{1/4}i}\Bigl{(}(\delta_{lm-1}-%
	\delta_{lm+1}\Bigr{.}+\delta_{lm-N+1}-\delta_{lm+N-1})$"
	([[OPEN]] G[[UNKNOWN]] ^{2}[[POSTSUPERSCRIPT]] )[[CLOSE]] _{lmn}[[POSTSUBSCRIPT]] =[[RELOP]] \frac{\hbar_{C}}{8^{1/4}i}[[UNKNOWN]]
	        > ([[OPEN]] ([[OPEN]] δ[[UNKNOWN]] _{lm-1}[[POSTSUBSCRIPT]] -[[ADDOP]] δ[[UNKNOWN]] _{lm+1}[[POSTSUBSCRIPT]] .[[PERIOD]] +[[ADDOP]] δ[[UNKNOWN]] _{lm-N+1}[[POSTSUBSCRIPT]] -[[ADDOP]] δ[[UNKNOWN]] _{lm+N-1}[[POSTSUBSCRIPT]] )[[CLOSE]]
Warning:not_parsed:ADDOP>OPEN MathParser failed to match rule 'Anything'
	at 0304149.tex; line 315 col 5 - line 317 col 1
	In "$\displaystyle~{}~{}~{}~{}~{}~{}~{}~{}~{}+(\delta_{nl-1}-\delta_{nl+1}\Bigl{.}%
	+\delta_{nl-N+1}-\delta_{nl+N-1})(1-\delta_{nN+1})(1-\delta_{lN+1})\delta_{mN+%
	1}\Bigr{)},$"
	+[[ADDOP]]
	        > ([[OPEN]] δ[[UNKNOWN]] _{nl-1}[[POSTSUBSCRIPT]] -[[ADDOP]] δ[[UNKNOWN]] _{nl+1}[[POSTSUBSCRIPT]] .[[PERIOD]] +[[ADDOP]] δ[[UNKNOWN]] _{nl-N+1}[[POSTSUBSCRIPT]] -[[ADDOP]] δ[[UNKNOWN]] _{nl+N-1}[[POSTSUBSCRIPT]] )[[CLOSE]] ([[OPEN]] 1[[NUMBER]] -[[ADDOP]] δ[[UNKNOWN]] _{nN+1}[[POSTSUBSCRIPT]] )[[CLOSE]] ([[OPEN]] 1[[NUMBER]] -[[ADDOP]] δ[[UNKNOWN]] _{lN+1}[[POSTSUBSCRIPT]] )[[CLOSE]] δ[[UNKNOWN]] _{mN+1}[[POSTSUBSCRIPT]] )[[CLOSE]]
Warning:not_parsed:UNKNOWN.POSTSUBSCRIPT.CLOSE>PUNCT MathParser failed to match rule 'Anything'
	at 0304149.tex; line 331 col 5 - line 331 col 5
	In "$\displaystyle g^{4}_{mn}\equiv\epsilon_{m}(\delta_{mn-1}-\delta_{mn+1}+\delta%
	_{mn-N+1}-\delta_{mn+N-1})~{}~{}~{}~{}~{}~{}~{}~{}~{}~{}~{}~{}~{}~{}~{}~{}~{}~%
	{}~{}~{}\cdot(1-\delta_{mN+1})(1-\delta_{nN+1}),\@@ENDINLINEMATH"
	g[[UNKNOWN]] ^{4}[[POSTSUPERSCRIPT]] _{mn}[[POSTSUBSCRIPT]] ≡[[RELOP]] ϵ[[UNKNOWN]] _{m}[[POSTSUBSCRIPT]] ([[OPEN]] δ[[UNKNOWN]] _{mn-1}[[POSTSUBSCRIPT]] -[[ADDOP]] δ[[UNKNOWN]] _{mn+1}[[POSTSUBSCRIPT]] +[[ADDOP]] δ[[UNKNOWN]] _{mn-N+1}[[POSTSUBSCRIPT]] -[[ADDOP]] δ[[UNKNOWN]] _{mn+N-1}[[POSTSUBSCRIPT]] )[[CLOSE]]
	        > $\displaystyleg^{4}_{mn}\equiv\epsilon_{m}(\delta_{mn-1}-\delta_{mn+1}+\delta_{mn-N+1}-\delta_{mn+N-1})~{}~{}~{}~{}~{}~{}~{}~{}~{}~{}~{}~{}~{}~{}~{}~{}~{}~{}~{}~{}\cdot(1-\delta_{mN+1})(1-\delta_{nN+1}),\@@ENDINLINEMATH[[PUNCT]] ⋅[[MULOP]] ([[OPEN]] 1[[NUMBER]] -[[ADDOP]] δ[[UNKNOWN]] _{mN+1}[[POSTSUBSCRIPT]] )[[CLOSE]] ([[OPEN]] 1[[NUMBER]] -[[ADDOP]] δ[[UNKNOWN]] _{nN+1}[[POSTSUBSCRIPT]] )[[CLOSE]]
Warning:not_parsed:POSTSUPERSCRIPT.CLOSE.POSTSUBSCRIPT>PUNCT MathParser failed to match rule 'Anything'
	at 0304149.tex; line 346 col 5 - line 346 col 5
	In "$\displaystyle[M^{a},M^{b},M^{c}]_{mn}\equiv(M^{a}M^{b}M^{c}+M^{b}M^{c}M^{a}+M%
	^{c}M^{a}M^{b}~{}~{}~{}~{}~{}~{}~{}~{}~{}~{}~{}~{}~{}~{}~{}~{}~{}~{}~{}~{}~{}~%
	{}~{}~{}~{}~{}~{}-M^{b}M^{a}M^{c}-M^{a}M^{c}M^{b}-M^{c}M^{b}M^{a})_{mn}~{}~{}~%
	{}~{}~{}~{}~{}~{}~{}~{}~{}~{}~{}~{}~{}~{}~{}~{}~{}~{}~{}=([M^{a},M^{b}]M^{c})_%
	{mn}+([M^{b},M^{c}]M^{a})_{mn}~{}~{}~{}~{}~{}~{}~{}~{}~{}~{}~{}~{}~{}~{}~{}~{}%
	~{}~{}~{}~{}~{}~{}~{}~{}~{}~{}~{}~{}~{}~{}~{}~{}~{}~{}~{}~{}~{}~{}~{}~{}~{}~{}%
	~{}~{}+([M^{c},M^{a}]M^{b})_{mn}\@@ENDINLINEMATH"
	... M[[UNKNOWN]] ^{c}[[POSTSUPERSCRIPT]] ][[CLOSE]] _{mn}[[POSTSUBSCRIPT]] ≡[[RELOP]] ([[OPEN]] M[[UNKNOWN]] ^{a}[[POSTSUPERSCRIPT]] M[[UNKNOWN]] ^{b}[[POSTSUPERSCRIPT]] M[[UNKNOWN]] ^{c}[[POSTSUPERSCRIPT]] +[[ADDOP]] M[[UNKNOWN]] ^{b}[[POSTSUPERSCRIPT]] M[[UNKNOWN]] ^{c}[[POSTSUPERSCRIPT]] M[[UNKNOWN]] ^{a}[[POSTSUPERSCRIPT]] +[[ADDOP]] M[[UNKNOWN]] ^{c}[[POSTSUPERSCRIPT]] M[[UNKNOWN]] ^{a}[[POSTSUPERSCRIPT]] M[[UNKNOWN]] ^{b}[[POSTSUPERSCRIPT]] $\displaystyle[M^{a},M^{b},M^{c}]_{mn}\equiv(M^{a}M^{b}M^{c}+M^{b}M^{c}M^{a}+M^{c}M^{a}M^{b}~{}~{}~{}~{}~{}~{}~{}~{}~{}~{}~{}~{}~{}~{}~{}~{}~{}~{}~{}~{}~{}~{}~{}~{}~{}~{}~{}-M^{b}M^{a}M^{c}-M^{a}M^{c}M^{b}-M^{c}M^{b}M^{a})_{mn}~{}~{}~{}~{}~{}~{}~{}~{}~{}~{}~{}~{}~{}~{}~{}~{}~{}~{}~{}~{}~{}=([M^{a},M^{b}]M^{c})_{mn}+([M^{b},M^{c}]M^{a})_{mn}~{}~{}~{}~{}~{}~{}~{}~{}~{}~{}~{}~{}~{}~{}~{}~{}~{}~{}~{}~{}~{}~{}~{}~{}~{}~{}~{}~{}~{}~{}~{}~{}~{}~{}~{}~{}~{}~{}~{}~{}~{}~{}~{}~{}+([M^{c},M^{a}]M^{b})_{mn}\@@ENDINLINEMATH[[PUNCT]] -[[ADDOP]] M[[UNKNOWN]] ^{b}[[POSTSUPERSCRIPT]] M[[UNKNOWN]] ^{a}[[POSTSUPERSCRIPT]] M[[UNKNOWN]] ^{c}[[POSTSUPERSCRIPT]] -[[ADDOP]] M[[UNKNOWN]] ^{a}[[POSTSUPERSCRIPT]] M[[UNKNOWN]] ^{c}[[POSTSUPERSCRIPT]] M[[UNKNOWN]] ^{b}[[POSTSUPERSCRIPT]] -[[ADDOP]] M[[UNKNOWN]] ^{c}[[POSTSUPERSCRIPT]] M[[UNKNOWN]] ^{b}[[POSTSUPERSCRIPT]] M[[UNKNOWN]] ^{a}[[POSTSUPERSCRIPT]] )[[CLOSE]] _{mn}[[POSTSUBSCRIPT]]
	        > $\displaystyle[M^{a},M^{b},M^{c}]_{mn}\equiv(M^{a}M^{b}M^{c}+M^{b}M^{c}M^{a}+M^{c}M^{a}M^{b}~{}~{}~{}~{}~{}~{}~{}~{}~{}~{}~{}~{}~{}~{}~{}~{}~{}~{}~{}~{}~{}~{}~{}~{}~{}~{}~{}-M^{b}M^{a}M^{c}-M^{a}M^{c}M^{b}-M^{c}M^{b}M^{a})_{mn}~{}~{}~{}~{}~{}~{}~{}~{}~{}~{}~{}~{}~{}~{}~{}~{}~{}~{}~{}~{}~{}=([M^{a},M^{b}]M^{c})_{mn}+([M^{b},M^{c}]M^{a})_{mn}~{}~{}~{}~{}~{}~{}~{}~{}~{}~{}~{}~{}~{}~{}~{}~{}~{}~{}~{}~{}~{}~{}~{}~{}~{}~{}~{}~{}~{}~{}~{}~{}~{}~{}~{}~{}~{}~{}~{}~{}~{}~{}~{}~{}+([M^{c},M^{a}]M^{b})_{mn}\@@ENDINLINEMATH[[PUNCT]] =[[RELOP]] ([[OPEN]] [[[OPEN]] M[[UNKNOWN]] ^{a}[[POSTSUPERSCRIPT]] ,[[PUNCT]] M[[UNKNOWN]] ^{b}[[POSTSUPERSCRIPT]] ][[CLOSE]] M[[UNKNOWN]] ^{c}[[POSTSUPERSCRIPT]] )[[CLOSE]] _{mn}[[POSTSUBSCRIPT]] +[[ADDOP]] ([[OPEN]] [[[OPEN]] M[[UNKNOWN]] ^{b}[[POSTSUPERSCRIPT]] ,[[PUNCT]] M[[UNKNOWN]] ^{c}[[POSTSUPERSCRIPT]] ][[CLOSE]] M[[UNKNOWN]] ^{a}[[POSTSUPERSCRIPT]] )[[CLOSE]] _{mn}[[POSTSUBSCRIPT]] $\displaystyle[M^{a},M^{b},M^{c}]_{mn}\equiv(M^{a}M^{b}M^{c}+M^{b}M^{c}M^{a}+M^{c}M^{a}M^{b}~{}~{}~{}~{}~{}~{}~{}~{}~{}~{}~{}~{}~{}~{}~{}~{}~{}~{}~{}~{}~{}~{}~{}~{}~{}~{}~{}-M^{b}M^{a}M^{c}-M^{a}M^{c}M^{b}-M^{c}M^{b}M^{a})_{mn}~{}~{}~{}~{}~{}~{}~{}~{}~{}~{}~{}~{}~{}~{}~{}~{}~{}~{}~{}~{}~{}=([M^{a},M^{b}]M^{c})_{mn}+([M^{b},M^{c}]M^{a})_{mn}~{}~{}~{}~{}~{}~{}~{}~{}~{}~{}~{}~{}~{}~{}~{}~{}~{}~{}~{}~{}~{}~{}~{}~{}~{}~{}~{}~{}~{}~{}~{}~{}~{}~{}~{}~{}~{}~{}~{}~{}~{}~{}~{}~{}+([M^{c},M^{a}]M^{b})_{mn}\@@ENDINLINEMATH[[PUNCT]] +[[ADDOP]] ([[OPEN]] [[[OPEN]] M[[UNKNOWN]] ^{c}[[POSTSUPERSCRIPT]] ,[[PUNCT]] M[[UNKNOWN]] ^{a}[[POSTSUPERSCRIPT]] ][[CLOSE]] M[[UNKNOWN]] ^{b}[[POSTSUPERSCRIPT]] )[[CLOSE]] _{mn}[[POSTSUBSCRIPT]]
Warning:not_parsed:POSTSUPERSCRIPT.CLOSE.POSTSUBSCRIPT>RELOP MathParser failed to match rule 'Anything'
	at 0304149.tex; line 346 col 5 - line 347 col 1
	In "$\displaystyle[M^{a},M^{b},M^{c}]_{mn}\equiv(M^{a}M^{b}M^{c}+M^{b}M^{c}M^{a}+M%
	^{c}M^{a}M^{b}$"
	[[[OPEN]] M[[UNKNOWN]] ^{a}[[POSTSUPERSCRIPT]] ,[[PUNCT]] M[[UNKNOWN]] ^{b}[[POSTSUPERSCRIPT]] ,[[PUNCT]] M[[UNKNOWN]] ^{c}[[POSTSUPERSCRIPT]] ][[CLOSE]] _{mn}[[POSTSUBSCRIPT]]
	        > ≡[[RELOP]] ([[OPEN]] M[[UNKNOWN]] ^{a}[[POSTSUPERSCRIPT]] M[[UNKNOWN]] ^{b}[[POSTSUPERSCRIPT]] M[[UNKNOWN]] ^{c}[[POSTSUPERSCRIPT]] +[[ADDOP]] M[[UNKNOWN]] ^{b}[[POSTSUPERSCRIPT]] M[[UNKNOWN]] ^{c}[[POSTSUPERSCRIPT]] M[[UNKNOWN]] ^{a}[[POSTSUPERSCRIPT]] +[[ADDOP]] M[[UNKNOWN]] ^{c}[[POSTSUPERSCRIPT]] M[[UNKNOWN]] ^{a}[[POSTSUPERSCRIPT]] M[[UNKNOWN]] ^{b}[[POSTSUPERSCRIPT]]
Warning:not_parsed:POSTSUPERSCRIPT.UNKNOWN.POSTSUPERSCRIPT>CLOSE MathParser failed to match rule 'Anything'
	at 0304149.tex; line 347 col 5 - line 348 col 1
	In "$\displaystyle~{}~{}~{}~{}~{}~{}~{}~{}~{}~{}~{}~{}~{}~{}~{}~{}~{}~{}~{}~{}~{}~%
	{}~{}~{}~{}~{}~{}-M^{b}M^{a}M^{c}-M^{a}M^{c}M^{b}-M^{c}M^{b}M^{a})_{mn}$"
	-[[ADDOP]] M[[UNKNOWN]] ^{b}[[POSTSUPERSCRIPT]] M[[UNKNOWN]] ^{a}[[POSTSUPERSCRIPT]] M[[UNKNOWN]] ^{c}[[POSTSUPERSCRIPT]] -[[ADDOP]] M[[UNKNOWN]] ^{a}[[POSTSUPERSCRIPT]] M[[UNKNOWN]] ^{c}[[POSTSUPERSCRIPT]] M[[UNKNOWN]] ^{b}[[POSTSUPERSCRIPT]] -[[ADDOP]] M[[UNKNOWN]] ^{c}[[POSTSUPERSCRIPT]] M[[UNKNOWN]] ^{b}[[POSTSUPERSCRIPT]] M[[UNKNOWN]] ^{a}[[POSTSUPERSCRIPT]]
	        > )[[CLOSE]] _{mn}[[POSTSUBSCRIPT]]
Warning:not_parsed:POSTSUBSCRIPT.UNKNOWN.POSTSUBSCRIPT>PUNCT MathParser failed to match rule 'Anything'
	at 0304149.tex; line 466 col 11 - line 466 col 11
	In "$\displaystyle\langle ABC\rangle_{c}=\sum_{l,m,n}|a_{l}a_{m}a_{n}|e^{i(\theta_%
	{lm}+\theta_{mn}+\theta_{nl})}\sum_{k}A_{lmk}B_{lkn}C_{kmn}~{}~{}~{}~{}~{}~{}~%
	{}~{}~{}~{}\equiv\sum_{l,m,n}\sum_{k}{\cal{A}}^{(k)}_{lm}{\cal{B}}^{(k)}_{nl}{%
	\cal{C}}^{(k)}_{mn}=\sum_{k}Tr({\cal{A}}^{(k)}{\cal{C}}^{(k)}{\cal{B}}^{(k)}),\@@ENDINLINEMATH"
	\langle[[OPEN]] A[[UNKNOWN]] B[[UNKNOWN]] C[[UNKNOWN]] \rangle[[CLOSE]] _{c}[[POSTSUBSCRIPT]] =[[RELOP]] ∑[[SUMOP]] _{l,m,n}[[POSTSUBSCRIPT]] |[[VERTBAR]] a[[UNKNOWN]] _{l}[[POSTSUBSCRIPT]] a[[UNKNOWN]] _{m}[[POSTSUBSCRIPT]] a[[UNKNOWN]] _{n}[[POSTSUBSCRIPT]] |[[VERTBAR]] e[[UNKNOWN]] ^{i(\theta_{lm}+\theta_{mn}+\theta_{nl})}[[POSTSUPERSCRIPT]] ∑[[SUMOP]] _{k}[[POSTSUBSCRIPT]] A[[UNKNOWN]] _{lmk}[[POSTSUBSCRIPT]] B[[UNKNOWN]] _{lkn}[[POSTSUBSCRIPT]] C[[UNKNOWN]] _{kmn}[[POSTSUBSCRIPT]]
	        > $\displaystyle\langleABC\rangle_{c}=\sum_{l,m,n}|a_{l}a_{m}a_{n}|e^{i(\theta_{lm}+\theta_{mn}+\theta_{nl})}\sum_{k}A_{lmk}B_{lkn}C_{kmn}~{}~{}~{}~{}~{}~{}~{}~{}~{}~{}\equiv\sum_{l,m,n}\sum_{k}{\cal{A}}^{(k)}_{lm}{\cal{B}}^{(k)}_{nl}{\cal{C}}^{(k)}_{mn}=\sum_{k}Tr({\cal{A}}^{(k)}{\cal{C}}^{(k)}{\cal{B}}^{(k)}),\@@ENDINLINEMATH[[PUNCT]] ≡[[RELOP]] ∑[[SUMOP]] _{l,m,n}[[POSTSUBSCRIPT]] ∑[[SUMOP]] _{k}[[POSTSUBSCRIPT]] A[[UNKNOWN]] ^{(k)}[[POSTSUPERSCRIPT]] _{lm}[[POSTSUBSCRIPT]] B[[UNKNOWN]] ^{(k)}[[POSTSUPERSCRIPT]] _{nl}[[POSTSUBSCRIPT]] C[[UNKNOWN]] ^{(k)}[[POSTSUPERSCRIPT]] _{mn}[[POSTSUBSCRIPT]] =[[RELOP]] ∑[[SUMOP]] _{k}[[POSTSUBSCRIPT]] T[[UNKNOWN]] r[[UNKNOWN]] ([[OPEN]] A[[UNKNOWN]] ^{(k)}[[POSTSUPERSCRIPT]] C[[UNKNOWN]] ^{(k)}[[POSTSUPERSCRIPT]] B[[UNKNOWN]] ^{(k)}[[POSTSUPERSCRIPT]] )[[CLOSE]]
 20.99 sec)
Math parsing succeeded:
   ltx:XMath: 270/282
   ltx:XMArg: 1259/1259
Symbols assumed as simple identifiers (with # of occurences):
   'A{caligraphic}' (21), 'A{italic}' (166), 'B{caligraphic}' (10), 'B{italic}' (113), 'C{caligraphic}' (10), 'C{italic}' (81), 'Delta' (7), 'D{italic}' (7), 'E{italic}' (3), 'G{italic}' (66), 'J{italic}' (53), 'K{italic}' (24), 'M{italic}' (136), 'N{italic}' (92), 'S{italic}' (10), 'T{italic}' (5), 'X{italic}' (29), 'a{italic}' (72), 'beta' (3), 'b{italic}' (14), 'c{italic}' (16), 'delta' (276), 'd{italic}' (15), 'epsilon' (9), 'e{italic}' (11), 'g{italic}' (25), 'i{italic}' (50), 'j{italic}' (16), 'k{italic}' (73), 'l{italic}' (283), 'mu' (5), 'm{italic}' (385), 'nu' (4), 'n{italic}' (329), 'phi' (8), 'psi' (6), 'p{italic}' (3), 'rho' (4), 'r{italic}' (12), 'sigma' (7), 'su{italic}' (1), 'theta' (26), 't{italic}' (2), 'varepsilon' (30), 'xi' (8), 'x{italic}' (12), 'zeta' (8), '{' (4)
Set MATHPARSER_SPECULATE to speculate on possible notations.
(Finalizing... 1.75 sec)
Conversion complete 21 warnings (See /home/user/latex-in-arxiv/0304149.latexml.log) (reqd. 38.36s)
