latexml (LaTeXML version 0.8.6) processing 2003/0304036.tex
(Digesting TeX 0304036...
(Loading /usr/share/perl5/LaTeXML/Package/TeX.pool.ltxml...
(Loading /usr/share/perl5/LaTeXML/Package/eTeX.pool.ltxml... 0.00 sec)
(Loading /usr/share/perl5/LaTeXML/Package/pdfTeX.pool.ltxml... 0.01 sec) 0.12 sec)
(Processing content /home/user/latex-in-arxiv/2003/0304036.tex...
(Loading /usr/share/perl5/LaTeXML/Package/LaTeX.pool.ltxml...
(Loading /usr/share/perl5/LaTeXML/Package/textcomp.sty.ltxml...
(Processing definitions /usr/share/texlive/texmf-dist/tex/latex-dev/base/ts1enc.dfu... 0.03 sec) 0.94 sec) 1.14 sec)
(Loading /usr/share/perl5/LaTeXML/Package/revtex4.cls.ltxml...
(Loading /usr/share/perl5/LaTeXML/Package/article.cls.ltxml... 0.01 sec)
(Loading /usr/share/perl5/LaTeXML/Package/revtex4_support.sty.ltxml...
(Loading /usr/share/perl5/LaTeXML/Package/hyperref.sty.ltxml...
(Loading /usr/share/perl5/LaTeXML/Package/keyval.sty.ltxml...
(Processing definitions /usr/share/texlive/texmf-dist/tex/latex-dev/graphics/keyval.sty... 0.01 sec) 0.01 sec)
(Loading /usr/share/perl5/LaTeXML/Package/nameref.sty.ltxml... 0.00 sec)
(Loading /usr/share/perl5/LaTeXML/Package/url.sty.ltxml... 0.00 sec) 0.07 sec)
(Loading /usr/share/perl5/LaTeXML/Package/natbib.sty.ltxml... 0.02 sec)
(Loading /usr/share/perl5/LaTeXML/Package/revsymb.sty.ltxml... 0.00 sec)
(Loading /usr/share/perl5/LaTeXML/Package/longtable.sty.ltxml... 0.00 sec)
(Loading /usr/share/perl5/LaTeXML/Package/dcolumn.sty.ltxml...
(Loading /usr/share/perl5/LaTeXML/Package/array.sty.ltxml... 0.00 sec) 0.01 sec) 0.15 sec)
(Loading /usr/share/perl5/LaTeXML/Package/amssymb.sty.ltxml...
(Loading /usr/share/perl5/LaTeXML/Package/amsfonts.sty.ltxml... 0.00 sec) 0.02 sec)
(Loading /usr/share/perl5/LaTeXML/Package/amsmath.sty.ltxml...
(Loading /usr/share/perl5/LaTeXML/Package/amsbsy.sty.ltxml...
(Loading /usr/share/perl5/LaTeXML/Package/amsgen.sty.ltxml... 0.00 sec) 0.01 sec)
(Loading /usr/share/perl5/LaTeXML/Package/amstext.sty.ltxml... 0.00 sec)
(Loading /usr/share/perl5/LaTeXML/Package/amsopn.sty.ltxml... 0.01 sec) 0.05 sec) 0.61 sec)
(Loading /usr/share/perl5/LaTeXML/Package/graphicx.sty.ltxml...
(Loading /usr/share/perl5/LaTeXML/Package/graphics.sty.ltxml... 0.01 sec) 0.04 sec)
(Loading /usr/share/perl5/LaTeXML/Package/bm.sty.ltxml... 0.00 sec) 3.90 sec) 4.05 sec)
(Building...
(Loading compiled schema /usr/share/perl5/LaTeXML/resources/RelaxNG/LaTeXML.model... 0.01 sec) 3.18 sec)
(Rewriting... 0.12 sec)
(Math Parsing 316 formulae ......
Warning:not_parsed:OPEN.NUMBER> MathParser failed to match rule 'Superscript'
	at 0304036.tex; line 363 col 108 - line 363 col 108
	In "${\hat{B}}=\varepsilon^{A_{1}\cdots A_{N_{c}}}Q^{[1}_{A_{1}}\cdots Q^{N_{c}]}_%
	{A_{N_{c}}}$"
	[[[OPEN]] 1[[NUMBER]]
	        > 
Warning:not_parsed:UNKNOWN.POSTSUBSCRIPT>CLOSE MathParser failed to match rule 'Superscript'
	at 0304036.tex; line 363 col 129 - line 363 col 129
	N[[UNKNOWN]] _{c}[[POSTSUBSCRIPT]]
	        > ][[CLOSE]]
Warning:not_parsed:OPEN.NUMBER> MathParser failed to match rule 'Superscript'
	at 0304036.tex; line 383 col 235 - line 383 col 235
	In "${\hat{B}}^{\prime A}=\varepsilon^{AA_{1}\cdots A_{N_{c}-1}}Q^{[1}_{A_{1}}%
	\cdots Q^{N_{c}-1]}_{A_{N_{c}-1}}$"
	[[[OPEN]] 1[[NUMBER]]
	        > 
Warning:not_parsed:POSTSUBSCRIPT.ADDOP.NUMBER>CLOSE MathParser failed to match rule 'Superscript'
	at 0304036.tex; line 383 col 258 - line 383 col 258
	N[[UNKNOWN]] _{c}[[POSTSUBSCRIPT]] -[[ADDOP]] 1[[NUMBER]]
	        > ][[CLOSE]]
Warning:not_parsed:OPEN.NUMBER.ID> MathParser failed to match rule 'Superscript'
	at 0304036.tex; line 432 col 240 - line 432 col 240
	In "${\hat{B}}^{\prime A}=\varepsilon^{AA_{1}\cdots A_{N_{c}-1}}Q^{[1\cdots}_{1%
	\cdots}Q^{N_{c}-1]}_{N_{c}-1}$"
	[[[OPEN]] 1[[NUMBER]] ⋯[[ID]]
	        > 
Warning:not_parsed:POSTSUBSCRIPT.ADDOP.NUMBER>CLOSE MathParser failed to match rule 'Superscript'
	at 0304036.tex; line 432 col 260 - line 432 col 260
	N[[UNKNOWN]] _{c}[[POSTSUBSCRIPT]] -[[ADDOP]] 1[[NUMBER]]
	        > ][[CLOSE]]
Warning:not_parsed:OPEN.NUMBER.ID> MathParser failed to match rule 'Superscript'
	at 0304036.tex; line 432 col 370 - line 432 col 370
	In "${\hat{B}}=\varepsilon^{A_{1}\cdots A_{N_{c}}}Q^{[1\cdots}_{1\cdots}Q^{N_{c}]}%
	_{N_{c}}$"
	[[[OPEN]] 1[[NUMBER]] ⋯[[ID]]
	        > 
Warning:not_parsed:UNKNOWN.POSTSUBSCRIPT>CLOSE MathParser failed to match rule 'Superscript'
	at 0304036.tex; line 432 col 388 - line 432 col 388
	N[[UNKNOWN]] _{c}[[POSTSUBSCRIPT]]
	        > ][[CLOSE]]
 7.78 sec)
Math parsing succeeded:
   ltx:XMath: 316/316
   ltx:XMArg: 506/514
Symbols assumed as simple identifiers (with # of occurences):
   'A{italic}' (43), 'B{caligraphic}' (3), 'B{italic}' (15), 'F{italic}' (3), 'G{italic}' (1), 'Lambda' (19), 'L{caligraphic}' (1), 'N{bold}' (2), 'N{italic}' (264), 'O{italic}' (50), 'Pi' (2), 'Q{italic}' (23), 'Sigma' (4), 'S{italic}' (81), 'T{italic}' (32), 'U{italic}' (37), 'W{italic}' (29), 'Z{italic}' (12), 'a{italic}' (1), 'c{italic}' (2), 'delta' (5), 'eff' (3), 'epsilon' (1), 'f{italic}' (9), 'g{italic}' (2), 'i{italic}' (27), 'j{italic}' (11), 'lambda' (5), 'l{italic}' (2), 'mu' (6), 'm{italic}' (5), 'nu' (5), 'n{italic}' (1), 'o{italic}' (3), 'phi' (4), 'pi' (11), 'psi' (2), 'rho' (6), 'sigma' (2), 'varepsilon' (6)
Set MATHPARSER_SPECULATE to speculate on possible notations.
(Finalizing... 0.66 sec)
Conversion complete 8 warnings (See /home/user/latex-in-arxiv/0304036.latexml.log) (reqd. 16.37s)
