latexml (LaTeXML version 0.8.6) processing 2003/0304172.tex
(Digesting TeX 0304172...
(Loading /usr/share/perl5/LaTeXML/Package/TeX.pool.ltxml...
(Loading /usr/share/perl5/LaTeXML/Package/eTeX.pool.ltxml... 0.01 sec)
(Loading /usr/share/perl5/LaTeXML/Package/pdfTeX.pool.ltxml... 0.01 sec) 0.19 sec)
(Processing content /home/user/latex-in-arxiv/2003/0304172.tex...
(Loading /usr/share/perl5/LaTeXML/Package/LaTeX.pool.ltxml...
(Loading /usr/share/perl5/LaTeXML/Package/textcomp.sty.ltxml...
(Processing definitions /usr/share/texlive/texmf-dist/tex/latex-dev/base/ts1enc.dfu... 0.04 sec) 1.49 sec) 1.78 sec)
(Loading /usr/share/perl5/LaTeXML/Package/article.cls.ltxml... 0.02 sec)
(Loading /usr/share/perl5/LaTeXML/Package/graphicx.sty.ltxml...
(Loading /usr/share/perl5/LaTeXML/Package/graphics.sty.ltxml... 0.01 sec) 0.03 sec)
(Loading /usr/share/perl5/LaTeXML/Package/amssymb.sty.ltxml...
(Loading /usr/share/perl5/LaTeXML/Package/amsfonts.sty.ltxml... 0.00 sec) 0.03 sec)
(Loading /usr/share/perl5/LaTeXML/Package/bm.sty.ltxml... 0.00 sec)
Info:unexpected:titlepage When using titlepage, Frontmatter will not be well-structured
	at 0304172.tex; line 42 col 0 - line 42 col 17
 9.38 sec) 9.62 sec)
(Building...
(Loading compiled schema /usr/share/perl5/LaTeXML/resources/RelaxNG/LaTeXML.model... 0.01 sec)
Info:malformed:id Duplicated attribute xml:id
	at 0304172.tex; line 273 col 1 - line 273 col 1
	Using id='S2.E16a' on <ltx:XMRow _box="Alignment[]" _font="Font[math,medium,italic,10,bla..."/>
	id='S2.E16' already set on <ltx:equation _box="LaTeXML::Core::Alignment=HASH(..." _font="Font[serif,medium,upright,10,b..." xml:id="S2.E16" _ID_counter_m_="1">...
Info:malformed:id Duplicated attribute xml:id
	at 0304172.tex; line 281 col 5 - line 281 col 5
	Using id='S2.E20a' on <ltx:XMRow _box="Alignment[]" _font="Font[math,medium,italic,10,bla..."/>
	id='S2.E20' already set on <ltx:equation _box="LaTeXML::Core::Alignment=HASH(..." _font="Font[serif,medium,upright,10,b..." xml:id="S2.E20" _ID_counter_m_="1">...
Info:malformed:id Duplicated attribute xml:id
	at 0304172.tex; line 308 col 1 - line 308 col 1
	Using id='S2.E25a' on <ltx:XMRow _box="Alignment[]" _font="Font[math,medium,italic,10,bla..."/>
	id='S2.E25' already set on <ltx:equation _box="LaTeXML::Core::Alignment=HASH(..." _font="Font[serif,medium,upright,10,b..." xml:id="S2.E25" _ID_counter_m_="1">...
 8.34 sec)
(Rewriting... 0.28 sec)
(Math Parsing 414 formulae ......
Warning:not_parsed:CLOSE.CLOSE.POSTSUPERSCRIPT>OPEN MathParser failed to match rule 'Anything'
	at 0304172.tex; line 242 col 12 - line 245 col 1
	In "$\displaystyle[\cosh\tilde{c}(t-t_{2})]^{2\frac{q+1}{\Delta}}\Bigg{[}e^{2c_{0}%
	t+2c_{0}^{\prime}}\left\{-e^{2ng(t)}dt^{2}+e^{2g(t)}d\Sigma_{n,\sigma}^{2}%
	\right\}$"
	[[[OPEN]] cosh[[TRIGFUNCTION]] \tilde{c}[[UNKNOWN]] ([[OPEN]] t[[UNKNOWN]] -[[ADDOP]] t[[UNKNOWN]] _{2}[[POSTSUBSCRIPT]] )[[CLOSE]] ][[CLOSE]] ^{2\frac{q+1}{\Delta}}[[POSTSUPERSCRIPT]]
	        > [[[OPEN]] e[[UNKNOWN]] ^{2c_{0}t+2c_{0}^{\prime}}[[POSTSUPERSCRIPT]] \left\{[[OPEN]] -[[ADDOP]] e[[UNKNOWN]] ^{2ng(t)}[[POSTSUPERSCRIPT]] d[[UNKNOWN]] t[[UNKNOWN]] ^{2}[[POSTSUPERSCRIPT]] +[[ADDOP]] e[[UNKNOWN]] ^{2g(t)}[[POSTSUPERSCRIPT]] d[[UNKNOWN]] Σ[[UNKNOWN]] _{n,\sigma}[[POSTSUBSCRIPT]] ^{2}[[POSTSUPERSCRIPT]] \right\}[[CLOSE]]
Warning:not_parsed:POSTSUPERSCRIPT.CLOSE.POSTSUPERSCRIPT>CLOSE MathParser failed to match rule 'Anything'
	at 0304172.tex; line 245 col 10 - line 247 col 1
	In "$\displaystyle\hskip 56.905512pt+\;\sum_{\alpha=1}^{p}[\cosh\tilde{c}(t-t_{2})%
	]^{-2\frac{\gamma^{(\alpha)}}{\Delta}}e^{2\tilde{c}_{\alpha}t+2c_{\alpha}^{%
	\prime}}(dx^{\alpha})^{2}\Bigg{]},$"
	+[[ADDOP]] ∑[[SUMOP]] _{\alpha=1}[[POSTSUBSCRIPT]] ^{p}[[POSTSUPERSCRIPT]] [[[OPEN]] cosh[[TRIGFUNCTION]] \tilde{c}[[UNKNOWN]] ([[OPEN]] t[[UNKNOWN]] -[[ADDOP]] t[[UNKNOWN]] _{2}[[POSTSUBSCRIPT]] )[[CLOSE]] ][[CLOSE]] ^{-2\frac{\gamma^{(\alpha)}}{\Delta}}[[POSTSUPERSCRIPT]] e[[UNKNOWN]] ^{2\tilde{c}_{\alpha}t+2c_{\alpha}^{\prime}}[[POSTSUPERSCRIPT]] ([[OPEN]] d[[UNKNOWN]] x[[UNKNOWN]] ^{\alpha}[[POSTSUPERSCRIPT]] )[[CLOSE]] ^{2}[[POSTSUPERSCRIPT]]
	        > ][[CLOSE]]
Warning:not_parsed:CLOSE.CLOSE.POSTSUPERSCRIPT>OPEN MathParser failed to match rule 'Anything'
	at 0304172.tex; line 473 col 12 - line 475 col 1
	In "$\displaystyle[\cosh 3c(t-t_{2})]^{2/(n-1)}\Bigg{[}-e^{2ng(t)-6c^{\prime}/(n-1%
	)}dt^{2}+e^{2g(t)-6c^{\prime}/(n-1)}d\Sigma_{n,\sigma}^{2}$"
	[[[OPEN]] cosh[[TRIGFUNCTION]] 3[[NUMBER]] c[[UNKNOWN]] ([[OPEN]] t[[UNKNOWN]] -[[ADDOP]] t[[UNKNOWN]] _{2}[[POSTSUBSCRIPT]] )[[CLOSE]] ][[CLOSE]] ^{2/(n-1)}[[POSTSUPERSCRIPT]]
	        > [[[OPEN]] -[[ADDOP]] e[[UNKNOWN]] ^{2ng(t)-6c^{\prime}/(n-1)}[[POSTSUPERSCRIPT]] d[[UNKNOWN]] t[[UNKNOWN]] ^{2}[[POSTSUPERSCRIPT]] +[[ADDOP]] e[[UNKNOWN]] ^{2g(t)-6c^{\prime}/(n-1)}[[POSTSUPERSCRIPT]] d[[UNKNOWN]] Σ[[UNKNOWN]] _{n,\sigma}[[POSTSUBSCRIPT]] ^{2}[[POSTSUPERSCRIPT]]
Warning:not_parsed:UNKNOWN.UNKNOWN.POSTSUPERSCRIPT>CLOSE MathParser failed to match rule 'Anything'
	at 0304172.tex; line 475 col 10 - line 476 col 4
	In "$\displaystyle\hskip 56.905512pt+\;[\cosh 3c(t-t_{2})]^{-2(n+2)/3(n-1)2c_{%
	\alpha}^{\prime}}d{\bf x}^{2}\Bigg{]}.$"
	+[[ADDOP]] [[[OPEN]] cosh[[TRIGFUNCTION]] 3[[NUMBER]] c[[UNKNOWN]] ([[OPEN]] t[[UNKNOWN]] -[[ADDOP]] t[[UNKNOWN]] _{2}[[POSTSUBSCRIPT]] )[[CLOSE]] ][[CLOSE]] ^{-2(n+2)/3(n-1)2c_{\alpha}^{\prime}}[[POSTSUPERSCRIPT]] d[[UNKNOWN]] x[[UNKNOWN]] ^{2}[[POSTSUPERSCRIPT]]
	        > ][[CLOSE]]
Warning:not_parsed:CLOSE.CLOSE.POSTSUPERSCRIPT>OPEN MathParser failed to match rule 'Anything'
	at 0304172.tex; line 801 col 17 - line 804 col 1
	In "$\displaystyle e^{2\phi/3}[\cosh 3c(t-t_{2})]^{1/3}\Bigg{[}e^{-(c+2c_{4})t/5-2%
	(3c^{\prime}+c_{4}^{\prime})/5}\left\{-e^{12g(t)}dt^{2}+e^{2g(t)}d\Sigma_{6,%
	\sigma}^{2}\right\}$"
	e[[UNKNOWN]] ^{2\phi/3}[[POSTSUPERSCRIPT]] [[[OPEN]] cosh[[TRIGFUNCTION]] 3[[NUMBER]] c[[UNKNOWN]] ([[OPEN]] t[[UNKNOWN]] -[[ADDOP]] t[[UNKNOWN]] _{2}[[POSTSUBSCRIPT]] )[[CLOSE]] ][[CLOSE]] ^{1/3}[[POSTSUPERSCRIPT]]
	        > [[[OPEN]] e[[UNKNOWN]] ^{-(c+2c_{4})t/5-2(3c^{\prime}+c_{4}^{\prime})/5}[[POSTSUPERSCRIPT]] \left\{[[OPEN]] -[[ADDOP]] e[[UNKNOWN]] ^{12g(t)}[[POSTSUPERSCRIPT]] d[[UNKNOWN]] t[[UNKNOWN]] ^{2}[[POSTSUPERSCRIPT]] +[[ADDOP]] e[[UNKNOWN]] ^{2g(t)}[[POSTSUPERSCRIPT]] d[[UNKNOWN]] Σ[[UNKNOWN]] _{6,\sigma}[[POSTSUBSCRIPT]] ^{2}[[POSTSUPERSCRIPT]] \right\}[[CLOSE]]
Warning:not_parsed:UNKNOWN.UNKNOWN.POSTSUPERSCRIPT>CLOSE MathParser failed to match rule 'Anything'
	at 0304172.tex; line 804 col 10 - line 805 col 4
	In "$\displaystyle\hskip 56.905512pt+\;[\cosh 3c(t-t_{2})]^{-1}e^{2c^{\prime}}d{%
	\bf x}^{2}\Bigg{]}.$"
	+[[ADDOP]] [[[OPEN]] cosh[[TRIGFUNCTION]] 3[[NUMBER]] c[[UNKNOWN]] ([[OPEN]] t[[UNKNOWN]] -[[ADDOP]] t[[UNKNOWN]] _{2}[[POSTSUBSCRIPT]] )[[CLOSE]] ][[CLOSE]] ^{-1}[[POSTSUPERSCRIPT]] e[[UNKNOWN]] ^{2c^{\prime}}[[POSTSUPERSCRIPT]] d[[UNKNOWN]] x[[UNKNOWN]] ^{2}[[POSTSUPERSCRIPT]]
	        > ][[CLOSE]]
Warning:not_parsed:CLOSE.CLOSE.POSTSUPERSCRIPT>OPEN MathParser failed to match rule 'Anything'
	at 0304172.tex; line 808 col 17 - line 811 col 1
	In "$\displaystyle[\cosh 3c(t-t_{2})]^{3/8}\Bigg{[}e^{-3(c+2c_{4})t/40-3(8c^{%
	\prime}+c_{4}^{\prime})/20}\left\{-e^{12g(t)}dt^{2}+e^{2g(t)}d\Sigma_{6,\sigma%
	}^{2}\right\}$"
	[[[OPEN]] cosh[[TRIGFUNCTION]] 3[[NUMBER]] c[[UNKNOWN]] ([[OPEN]] t[[UNKNOWN]] -[[ADDOP]] t[[UNKNOWN]] _{2}[[POSTSUBSCRIPT]] )[[CLOSE]] ][[CLOSE]] ^{3/8}[[POSTSUPERSCRIPT]]
	        > [[[OPEN]] e[[UNKNOWN]] ^{-3(c+2c_{4})t/40-3(8c^{\prime}+c_{4}^{\prime})/20}[[POSTSUPERSCRIPT]] \left\{[[OPEN]] -[[ADDOP]] e[[UNKNOWN]] ^{12g(t)}[[POSTSUPERSCRIPT]] d[[UNKNOWN]] t[[UNKNOWN]] ^{2}[[POSTSUPERSCRIPT]] +[[ADDOP]] e[[UNKNOWN]] ^{2g(t)}[[POSTSUPERSCRIPT]] d[[UNKNOWN]] Σ[[UNKNOWN]] _{6,\sigma}[[POSTSUBSCRIPT]] ^{2}[[POSTSUPERSCRIPT]] \right\}[[CLOSE]]
Warning:not_parsed:UNKNOWN.UNKNOWN.POSTSUPERSCRIPT>CLOSE MathParser failed to match rule 'Anything'
	at 0304172.tex; line 811 col 10 - line 813 col 4
	In "$\displaystyle\hskip 56.905512pt+\;[\cosh 3c(t-t_{2})]^{-1}e^{(c+2c_{4})t/8+(8%
	c^{\prime}+c_{4}^{\prime})/4}d{\bf x}^{2}\Bigg{]}.$"
	+[[ADDOP]] [[[OPEN]] cosh[[TRIGFUNCTION]] 3[[NUMBER]] c[[UNKNOWN]] ([[OPEN]] t[[UNKNOWN]] -[[ADDOP]] t[[UNKNOWN]] _{2}[[POSTSUBSCRIPT]] )[[CLOSE]] ][[CLOSE]] ^{-1}[[POSTSUPERSCRIPT]] e[[UNKNOWN]] ^{(c+2c_{4})t/8+(8c^{\prime}+c_{4}^{\prime})/4}[[POSTSUPERSCRIPT]] d[[UNKNOWN]] x[[UNKNOWN]] ^{2}[[POSTSUPERSCRIPT]]
	        > ][[CLOSE]]
 18.35 sec)
Math parsing succeeded:
   ltx:XMArg: 1275/1275
   ltx:XMath: 406/414
Symbols assumed as simple identifiers (with # of occurences):
   'A{italic}' (15), 'Delta' (7), 'E{italic}' (4), 'F{italic}' (9), 'G{italic}' (2), 'I{italic}' (2), 'O{caligraphic}' (1), 'R{italic}' (2), 'Sigma' (21), 'S{italic}' (43), 'T{italic}' (33), 'alpha' (91), 'a{italic}' (37), 'belonging' (2), 'beta' (35), 'brane' (2), 'b{italic}' (1), 'c{italic}' (248), 'delta' (27), 'd{italic}' (112), 'epsilon' (19), 'eta' (6), 'e{italic}' (78), 'for' (2), 'gamma' (7), 'g{italic}' (34), 'n{italic}' (177), 'phi' (18), 'pi' (2), 'p{italic}' (9), 'q{italic}' (42), 'sigma' (33), 's{italic}' (25), 'to' (2), 't{italic}' (419), 'x{bold}' (14), 'x{italic}' (18), 'y{italic}' (2)
Set MATHPARSER_SPECULATE to speculate on possible notations.
(Finalizing... 1.17 sec)
Conversion complete 8 warnings (See /home/user/latex-in-arxiv/0304172.latexml.log) (reqd. 38.51s)
