latexml (LaTeXML version 0.8.6) processing 2003/0304230.tex
(Digesting TeX 0304230...
(Loading /usr/share/perl5/LaTeXML/Package/TeX.pool.ltxml...
(Loading /usr/share/perl5/LaTeXML/Package/eTeX.pool.ltxml... 0.01 sec)
(Loading /usr/share/perl5/LaTeXML/Package/pdfTeX.pool.ltxml... 0.01 sec) 0.20 sec)
(Processing content /home/user/latex-in-arxiv/2003/0304230.tex...
(Loading /usr/share/perl5/LaTeXML/Package/LaTeX.pool.ltxml...
(Loading /usr/share/perl5/LaTeXML/Package/textcomp.sty.ltxml...
(Processing definitions /usr/share/texlive/texmf-dist/tex/latex-dev/base/ts1enc.dfu... 0.04 sec) 1.42 sec) 1.71 sec)
(Loading /usr/share/perl5/LaTeXML/Package/JHEP3.cls.ltxml...
(Loading /usr/share/perl5/LaTeXML/Package/JHEP.cls.ltxml...
(Loading /usr/share/perl5/LaTeXML/Package/article.cls.ltxml... 0.02 sec)
(Loading /usr/share/perl5/LaTeXML/Package/amssymb.sty.ltxml...
(Loading /usr/share/perl5/LaTeXML/Package/amsfonts.sty.ltxml... 0.00 sec) 0.03 sec)
(Loading /usr/share/perl5/LaTeXML/Package/floatflt.sty.ltxml... 0.01 sec) 0.11 sec) 0.12 sec) 12.72 sec) 13.00 sec)
(Building...
(Loading compiled schema /usr/share/perl5/LaTeXML/resources/RelaxNG/LaTeXML.model... 0.02 sec) 9.87 sec)
(Rewriting... 0.25 sec)
(Math Parsing 647 formulae ......
Warning:not_parsed:UNKNOWN.POSTSUBSCRIPT.POSTSUPERSCRIPT>RELOP MathParser failed to match rule 'Anything'
	at 0304230.tex; line 362 col 2 - line 362 col 69
	In "$${\cal D}_{\mathit{j}}^{+}=\left\{|j;m\rangle:m=j,j+1,j+2,\cdots\right\}$$"
	D[[UNKNOWN]] _{\mathit{j}}[[POSTSUBSCRIPT]] ^{+}[[POSTSUPERSCRIPT]]
	        > =[[RELOP]] \left\{[[OPEN]] |[[VERTBAR]] j[[UNKNOWN]] ;[[PUNCT]] m[[UNKNOWN]] \rangle[[CLOSE]] :[[METARELOP]] m[[UNKNOWN]] =[[RELOP]] j[[UNKNOWN]] ,[[PUNCT]] j[[UNKNOWN]] +[[ADDOP]] 1[[NUMBER]] ,[[PUNCT]] j[[UNKNOWN]] +[[ADDOP]] 2[[NUMBER]] ,[[PUNCT]] ⋯[[ID]] \right\}[[CLOSE]]
Warning:not_parsed:UNKNOWN.POSTSUBSCRIPT.POSTSUPERSCRIPT>RELOP MathParser failed to match rule 'Anything'
	at 0304230.tex; line 367 col 2 - line 367 col 72
	In "$${\cal D}_{\mathit{j}}^{-}=\left\{|j;m\rangle:m=-j,-j-1,-j-2,\cdots\right\}$$"
	D[[UNKNOWN]] _{\mathit{j}}[[POSTSUBSCRIPT]] ^{-}[[POSTSUPERSCRIPT]]
	        > =[[RELOP]] \left\{[[OPEN]] |[[VERTBAR]] j[[UNKNOWN]] ;[[PUNCT]] m[[UNKNOWN]] \rangle[[CLOSE]] :[[METARELOP]] m[[UNKNOWN]] =[[RELOP]] -[[ADDOP]] j[[UNKNOWN]] ,[[PUNCT]] -[[ADDOP]] j[[UNKNOWN]] -[[ADDOP]] 1[[NUMBER]] ,[[PUNCT]] -[[ADDOP]] j[[UNKNOWN]] -[[ADDOP]] 2[[NUMBER]] ,[[PUNCT]] ⋯[[ID]] \right\}[[CLOSE]]
Warning:not_parsed:UNKNOWN.POSTSUBSCRIPT>RELOP MathParser failed to match rule 'Anything'
	at 0304230.tex; line 372 col 2 - line 372 col 106
	In "$${\cal C}_{\mathit{j,\alpha}}=\left\{|j,\alpha;m\rangle:m=\alpha,\alpha\pm 1,%
	\alpha\pm 2,\cdots\right\}$$"
	C[[UNKNOWN]] _{\mathit{j,\alpha}}[[POSTSUBSCRIPT]]
	        > =[[RELOP]] \left\{[[OPEN]] |[[VERTBAR]] j[[UNKNOWN]] ,[[PUNCT]] α[[UNKNOWN]] ;[[PUNCT]] m[[UNKNOWN]] \rangle[[CLOSE]] :[[METARELOP]] m[[UNKNOWN]] =[[RELOP]] α[[UNKNOWN]] ,[[PUNCT]] α[[UNKNOWN]] ±[[ADDOP]] 1[[NUMBER]] ,[[PUNCT]] α[[UNKNOWN]] ±[[ADDOP]] 2[[NUMBER]] ,[[PUNCT]] ⋯[[ID]] \right\}[[CLOSE]]
Warning:not_parsed:UNKNOWN.POSTSUPERSCRIPT.POSTSUBSCRIPT>CLOSE MathParser failed to match rule 'Anything'
	at 0304230.tex; line 638 col 0 - line 638 col 2
	In "$\displaystyle{\{\psi^{3}_{n},\psi^{3}_{m}\}}$"
	{[[UNKNOWN]] ψ[[UNKNOWN]] ^{3}[[POSTSUPERSCRIPT]] _{n}[[POSTSUBSCRIPT]] ,[[PUNCT]] ψ[[UNKNOWN]] ^{3}[[POSTSUPERSCRIPT]] _{m}[[POSTSUBSCRIPT]]
	        > \}[[CLOSE]]
Warning:not_parsed:UNKNOWN.POSTSUPERSCRIPT.POSTSUBSCRIPT>CLOSE MathParser failed to match rule 'Anything'
	at 0304230.tex; line 638 col 0 - line 638 col 2
	In "$\displaystyle{\{\psi^{+}_{n},\psi^{-}_{m}\}}$"
	{[[UNKNOWN]] ψ[[UNKNOWN]] ^{+}[[POSTSUPERSCRIPT]] _{n}[[POSTSUBSCRIPT]] ,[[PUNCT]] ψ[[UNKNOWN]] ^{-}[[POSTSUPERSCRIPT]] _{m}[[POSTSUBSCRIPT]]
	        > \}[[CLOSE]]
Warning:not_parsed:>OPEN MathParser failed to match rule 'Anything'
	at 0304230.tex; line 732 col 33 - line 732 col 38
	In "$\langle,\rangle$"
	> \langle[[OPEN]] ,[[PUNCT]] \rangle[[CLOSE]]
Warning:not_parsed:>OPEN MathParser failed to match rule 'Anything'
	at 0304230.tex; line 746 col 96 - line 746 col 101
	In "$\langle,\rangle$"
	> \langle[[OPEN]] ,[[PUNCT]] \rangle[[CLOSE]]
Warning:not_parsed:>OPEN MathParser failed to match rule 'Anything'
	at 0304230.tex; line 757 col 70 - line 757 col 75
	In "$\langle,\rangle_{{\cal C}}$"
	> \langle[[OPEN]] ,[[PUNCT]] \rangle[[CLOSE]] _{{\calC}}[[POSTSUBSCRIPT]]
Warning:not_parsed:>OPEN MathParser failed to match rule 'Anything'
	at 0304230.tex; line 773 col 75 - line 773 col 80
	In "$\langle,\rangle_{{\cal C}}$"
	> \langle[[OPEN]] ,[[PUNCT]] \rangle[[CLOSE]] _{{\calC}}[[POSTSUBSCRIPT]]
Warning:not_parsed:>OPEN MathParser failed to match rule 'Anything'
	at 0304230.tex; line 812 col 25 - line 812 col 30
	In "$\langle,\rangle$"
	> \langle[[OPEN]] ,[[PUNCT]] \rangle[[CLOSE]]
Warning:not_parsed:>OPEN MathParser failed to match rule 'Anything'
	at 0304230.tex; line 818 col 31 - line 818 col 36
	In "$\langle,\rangle$"
	> \langle[[OPEN]] ,[[PUNCT]] \rangle[[CLOSE]]
Warning:not_parsed:>OPEN MathParser failed to match rule 'Anything'
	at 0304230.tex; line 1162 col 0 - line 1162 col 2
	In "$\displaystyle{\langle\uparrow|c_{0}|\uparrow\rangle}$"
	> \langle[[OPEN]] ↑[[ARROW]] |[[VERTBAR]] c[[UNKNOWN]] _{0}[[POSTSUBSCRIPT]] |[[VERTBAR]] ↑[[ARROW]] \rangle[[CLOSE]]
Warning:not_parsed:RELOP>OPEN MathParser failed to match rule 'Anything'
	at 0304230.tex; line 1162 col 0 - line 1162 col 2
	In "$\displaystyle{{}=\langle\uparrow|c_{0}|\uparrow\rangle=1\,,}$"
	=[[RELOP]]
	        > \langle[[OPEN]] ↑[[ARROW]] |[[VERTBAR]] c[[UNKNOWN]] _{0}[[POSTSUBSCRIPT]] |[[VERTBAR]] ↑[[ARROW]] \rangle[[CLOSE]] =[[RELOP]] 1[[NUMBER]]
Warning:not_parsed:>OPEN MathParser failed to match rule 'Anything'
	at 0304230.tex; line 1162 col 0 - line 1162 col 2
	In "$\displaystyle{\langle\uparrow|c_{0}|\downarrow\rangle}$"
	> \langle[[OPEN]] ↑[[ARROW]] |[[VERTBAR]] c[[UNKNOWN]] _{0}[[POSTSUBSCRIPT]] |[[VERTBAR]] ↓[[ARROW]] \rangle[[CLOSE]]
Warning:not_parsed:RELOP.ATOM>MULOP MathParser failed to match rule 'Anything'
	at 0304230.tex; line 1318 col 0 - line 1318 col 2
	In "$\displaystyle{{}={1\over\prod^{\infty}_{n=1}(1-q^{n})^{2}}\,\,\,\times}$"
	=[[RELOP]] 1\over\prod^{\infty}_{n=1}(1-q^{n})^{2}[[UNKNOWN]]
	        > ×[[MULOP]]
Warning:not_parsed:>OPEN MathParser failed to match rule 'Anything'
	at 0304230.tex; line 1318 col 0 - line 1318 col 2
	In "$\displaystyle{\left[\sum^{\infty}_{n=0}\sum_{k=1}^{\infty}\right.z^{n}(-1)^{k%
	-1}}$"
	> \left[[[OPEN]] ∑[[SUMOP]] ^{\infty}[[POSTSUPERSCRIPT]] _{n=0}[[POSTSUBSCRIPT]] ∑[[SUMOP]] _{k=1}[[POSTSUBSCRIPT]] ^{\infty}[[POSTSUPERSCRIPT]] z[[UNKNOWN]] ^{n}[[POSTSUPERSCRIPT]] ([[OPEN]] -[[ADDOP]] 1[[NUMBER]] )[[CLOSE]] ^{k-1}[[POSTSUPERSCRIPT]]
Warning:not_parsed:POSTSUPERSCRIPT.UNKNOWN.POSTSUPERSCRIPT>CLOSE MathParser failed to match rule 'Anything'
	at 0304230.tex; line 1318 col 0 - line 1318 col 2
	In "$\displaystyle{{}q^{\frac{1}{2}(k-2n)(k-1)}\left.+\sum_{n=-\infty}^{-1}\sum_{k%
	=1+2n}^{\infty}\!\!\!\!z^{n}(-1)^{k-1}q^{\frac{1}{2}(k-2n)(k-1)}\right]\,,}$"
	q[[UNKNOWN]] ^{\frac{1}{2}(k-2n)(k-1)}[[POSTSUPERSCRIPT]] +[[ADDOP]] ∑[[SUMOP]] _{n=-\infty}[[POSTSUBSCRIPT]] ^{-1}[[POSTSUPERSCRIPT]] ∑[[SUMOP]] _{k=1+2n}[[POSTSUBSCRIPT]] ^{\infty}[[POSTSUPERSCRIPT]] z[[UNKNOWN]] ^{n}[[POSTSUPERSCRIPT]] ([[OPEN]] -[[ADDOP]] 1[[NUMBER]] )[[CLOSE]] ^{k-1}[[POSTSUPERSCRIPT]] q[[UNKNOWN]] ^{\frac{1}{2}(k-2n)(k-1)}[[POSTSUPERSCRIPT]]
	        > \right][[CLOSE]]
 27.30 sec)
Math parsing succeeded:
   ltx:XMArg: 1629/1629
   ltx:XMath: 630/647
Symbols assumed as simple identifiers (with # of occurences):
   'A{italic}' (24), 'C{caligraphic}' (60), 'C{italic}' (2), 'Delta' (1), 'D{caligraphic}' (42), 'E{blackboard}' (19), 'F{caligraphic}' (61), 'F{italic}' (2), 'G{italic}' (17), 'H{caligraphic}' (22), 'H{italic}' (3), 'J{italic}' (83), 'L{caligraphic}' (1), 'L{italic}' (89), 'M{caligraphic}' (3), 'M{italic}' (1), 'N{caligraphic}' (14), 'N{italic}' (47), 'Phi' (2), 'Psi' (3), 'Q{italic}' (58), 'R{blackboard}' (44), 'R{italic}' (1), 'S{blackboard}' (26), 'S{italic}' (74), 'Theta' (6), 'T{italic}' (21), 'U{caligraphic}' (9), 'U{italic}' (27), 'X{italic}' (10), 'Z{blackboard}' (19), 'alpha' (49), 'a{italic}' (5), 'beta' (42), 'b{italic}' (52), 'chi' (8), 'c{italic}' (60), 'delta' (11), 'd{italic}' (29), 'eta' (7), 'e{italic}' (3), 'f{italic}' (5), 'gamma' (37), 'g{italic}' (29), 'h{italic}' (3), 'i{italic}' (10), 'j{italic}' (126), 'kw{italic}' (4), 'k{italic}' (100), 'lambda' (10), 'm{italic}' (44), 'n{italic}' (174), 'o{italic}' (1), 'psi' (56), 'q{italic}' (231), 'r{italic}' (32), 's{italic}' (25), 'theta' (1), 't{italic}' (3), 'w{italic}' (69), 'xi' (11), 'zeta' (5), 'z{italic}' (164), '{' (4)
Set MATHPARSER_SPECULATE to speculate on possible notations.
(Finalizing... 2.25 sec)
Conversion complete 17 warnings (See /home/user/latex-in-arxiv/0304230.latexml.log) (reqd. 53.90s)
