latexmlpost (LaTeXML version 0.8.6) paginating /home/user/latex-in-arxiv/2003/0304258.xml
Error:malformed:document Document fails RelaxNG validation (LaTeXML)
	Validation reports: /home/user/latex-in-arxiv/2003/0304258.xml:0: Relax-NG validity error : Element document has extra content: resource
	(Jing may provide a more precise report; https://relaxng.org/jclark/jing.html)
	In Post::Document[] /home/user/latex-in-arxiv/2003/0304258.xml
(post-processing...
(Scan  processing...
Scan: DBStatus: 1276/0 objects
 0.22 sec)
(MakeBibliography  processing... 0.00 sec)
(CrossRef  processing...
Warning:expected:ids Missing File location for ID: bib.bib20,S3.E18,S4.T8,bib.bib35,bib.bib32,S3.E19,S4.T7,bib.bib8,bib.bib16,S3.T3,S3.T4,bib.bib21,S3.E16,bib.bib29,bib.bib36,bib.bib38,bib.bib30,bib.bib2,bib.bib37,S3.T5,bib.bib34,S3.T2,bib.bib31,S3.T6,bib.bib33,bib.bib1,S3.E17,bib.bib39,S3.E21,S2.T1
	In Post::CrossRef[@0x5621bdfec088] ->process
 0.15 sec)
(MathML::Presentation  482 to process...
converted 482 Maths
 1.17 sec)
(XSLT[using LaTeXML-html5.xsl]  processing... 0.20 sec)
(Writer  processing... 0.00 sec) 1.76 sec)
Postprocessing complete 1 warning; 1 error (See /home/user/latex-in-arxiv/0304258.latexmlpost.log) (reqd. 1.93s)
